<?xml version="1.0" encoding="UTF-8"?>
<!-- Generated by org.testng.reporters.JUnitReportReporter -->
<testsuite hostname="BALT-CHN-00" failures="0" tests="12" name="testcases.SQLToRAW.ColumnCheck" time="21.983" errors="0" timestamp="2021-12-07T09:07:49 IST" skipped="0">
  <testcase classname="testcases.SQLToRAW.ColumnCheck" name="validateColumnName" time="1.109"/>
  <system-out>
    <![CDATA[Executing SQL query :: use St_Backup_Eanes SELECT COLUMN_NAME FROM INFORMATION_SCHEMA.COLUMNS where TABLE_CATALOG='St_Backup_Eanes' and TABLE_NAME ='ACTIVITY' order by COLUMN_NAME
SQL Column count in Table :: 8
SQL Column Name from Table ::[ACTIVE, CREATEDBY.ID, CREATEDON, ID, IMPORTID, NAME, OPERATION, VERSION]
Executing Snowflake query :: SELECT COLUMN_NAME FROM INFORMATION_SCHEMA.COLUMNS where TABLE_SCHEMA='ST_EANESHEATING_MATILLION' and TABLE_NAME ='ACTIVITY' order by COLUMN_NAME
SnowFlake Column count in Table :: 8
SnowFlake Column Name from Table :: [ACTIVE, CREATEDBY.ID, CREATEDON, ID, IMPORTID, NAME, OPERATION, VERSION]
List matched]]>
  </system-out>
  <testcase classname="testcases.SQLToRAW.ColumnCheck" name="validateColumnName" time="1.095"/>
  <system-out>
    <![CDATA[Executing SQL query :: use St_Backup_Maitz SELECT COLUMN_NAME FROM INFORMATION_SCHEMA.COLUMNS where TABLE_CATALOG='St_Backup_Maitz' and TABLE_NAME ='ADPWORKSTATE' order by COLUMN_NAME
SQL Column count in Table :: 7
SQL Column Name from Table ::[ACTIVE, CODE, CREATEDBY.ID, CREATEDON, ID, IMPORTID, NAME]
Executing Snowflake query :: SELECT COLUMN_NAME FROM INFORMATION_SCHEMA.COLUMNS where TABLE_SCHEMA='ST_MAITZ_MATILLION' and TABLE_NAME ='ADPWORKSTATE' order by COLUMN_NAME
SnowFlake Column count in Table :: 7
SnowFlake Column Name from Table :: [ACTIVE, CODE, CREATEDBY.ID, CREATEDON, ID, IMPORTID, NAME]
List matched]]>
  </system-out>
  <testcase classname="testcases.SQLToRAW.ColumnCheck" name="validateColumnName" time="1.526"/>
  <system-out>
    <![CDATA[Executing SQL query :: use St_Backup_FourServicePros SELECT COLUMN_NAME FROM INFORMATION_SCHEMA.COLUMNS where TABLE_CATALOG='St_Backup_FourServicePros' and TABLE_NAME ='ACHTOKENGENERATIONACCOUNT' order by COLUMN_NAME
SQL Column count in Table :: 15
SQL Column Name from Table ::[ACTIVE, BANKACCOUNTHOLDERNAME, CREATEDBY.ID, CREATEDON, ENCRYPTEDSENSITIVEDATA, EXTERNALCUSTOMERID, FILENAME, ID, IMPORTID, INTERNALCUSTOMERID, LASTFOURBANKACCOUNTNUMBER, LASTFOURROUTINGNUMBER, MERCHANTID, PAYMENTTYPEID, PROCESSORID]
Executing Snowflake query :: SELECT COLUMN_NAME FROM INFORMATION_SCHEMA.COLUMNS where TABLE_SCHEMA='ST_FOURPROS_MATILLION' and TABLE_NAME ='ACHTOKENGENERATIONACCOUNT' order by COLUMN_NAME
SnowFlake Column count in Table :: 15
SnowFlake Column Name from Table :: [ACTIVE, BANKACCOUNTHOLDERNAME, CREATEDBY.ID, CREATEDON, ENCRYPTEDSENSITIVEDATA, EXTERNALCUSTOMERID, FILENAME, ID, IMPORTID, INTERNALCUSTOMERID, LASTFOURBANKACCOUNTNUMBER, LASTFOURROUTINGNUMBER, MERCHANTID, PAYMENTTYPEID, PROCESSORID]
List matched]]>
  </system-out>
  <testcase classname="testcases.SQLToRAW.ColumnCheck" name="validateColumnName" time="2.868"/>
  <system-out>
    <![CDATA[Executing SQL query :: use St_Backup_Fenwick SELECT COLUMN_NAME FROM INFORMATION_SCHEMA.COLUMNS where TABLE_CATALOG='St_Backup_Fenwick' and TABLE_NAME ='ACCOUNTINGTRANSACTION' order by COLUMN_NAME
SQL Column count in Table :: 12
SQL Column Name from Table ::[AMOUNT, CREATEDON, DATE, DESCRIPTION, DETAILSURL, EXTERNALID, ID, INVOICE.ID, ISROLLEDBACK, PAYMENT.ID, QUANTITY, TAG]
Executing Snowflake query :: SELECT COLUMN_NAME FROM INFORMATION_SCHEMA.COLUMNS where TABLE_SCHEMA='ST_BILLFENWICK_MATILLION' and TABLE_NAME='ACCOUNTINGTRANSACTION' order by COLUMN_NAME
SnowFlake Column count in Table :: 12
SnowFlake Column Name from Table :: [AMOUNT, CREATEDON, DATE, DESCRIPTION, DETAILSURL, EXTERNALID, ID, INVOICE.ID, ISROLLEDBACK, PAYMENT.ID, QUANTITY, TAG]
List matched]]>
  </system-out>
  <testcase classname="testcases.SQLToRAW.ColumnCheck" name="validateColumnName" time="1.539"/>
  <system-out>
    <![CDATA[Executing SQL query :: use St_Backup_HARP SELECT COLUMN_NAME FROM INFORMATION_SCHEMA.COLUMNS where TABLE_CATALOG='St_Backup_HARP' and TABLE_NAME ='ADDONBILLABLERATE' order by COLUMN_NAME
SQL Column count in Table :: 5
SQL Column Name from Table ::[FROM, HISTORYRECORD.ID, ID, RATE, TO]
Executing Snowflake query :: SELECT COLUMN_NAME FROM INFORMATION_SCHEMA.COLUMNS where TABLE_SCHEMA='ST_HARP_MATILLION' and TABLE_NAME ='ADDONBILLABLERATE' order by COLUMN_NAME
SnowFlake Column count in Table :: 5
SnowFlake Column Name from Table :: [FROM, HISTORYRECORD.ID, ID, RATE, TO]
List matched]]>
  </system-out>
  <testcase classname="testcases.SQLToRAW.ColumnCheck" name="validateColumnName" time="1.330"/>
  <system-out>
    <![CDATA[Executing SQL query :: use St_Backup_GoldMedal SELECT COLUMN_NAME FROM INFORMATION_SCHEMA.COLUMNS where TABLE_CATALOG='St_Backup_GoldMedal' and TABLE_NAME ='ACTIVITYSEARCHTERM' order by COLUMN_NAME
SQL Column count in Table :: 4
SQL Column Name from Table ::[ACTIVITY.ID, CREATEDON, ID, SEARCHTERM]
Executing Snowflake query :: SELECT COLUMN_NAME FROM INFORMATION_SCHEMA.COLUMNS where TABLE_SCHEMA='ST_GOLDMEDAL_MATILLION' and TABLE_NAME ='ACTIVITYSEARCHTERM' order by COLUMN_NAME
SnowFlake Column count in Table :: 4
SnowFlake Column Name from Table :: [ACTIVITY.ID, CREATEDON, ID, SEARCHTERM]
List matched]]>
  </system-out>
  <testcase classname="testcases.SQLToRAW.ColumnCheck" name="validateColumnName" time="1.095"/>
  <system-out>
    <![CDATA[Executing SQL query :: use St_Backup_Hutchinson SELECT COLUMN_NAME FROM INFORMATION_SCHEMA.COLUMNS where TABLE_CATALOG='St_Backup_Hutchinson' and TABLE_NAME ='ALERT-INVENTORYLOCATIONS-IINVENTORYLOCATION' order by COLUMN_NAME
SQL Column count in Table :: 2
SQL Column Name from Table ::[ALERT, IINVENTORYLOCATION]
Executing Snowflake query :: SELECT COLUMN_NAME FROM INFORMATION_SCHEMA.COLUMNS where TABLE_SCHEMA='ST_HUTCHINSON_MATILLION' and TABLE_NAME ='ALERT-INVENTORYLOCATIONS-IINVENTORYLOCATION' order by COLUMN_NAME
SnowFlake Column count in Table :: 2
SnowFlake Column Name from Table :: [ALERT, IINVENTORYLOCATION]
List matched]]>
  </system-out>
  <testcase classname="testcases.SQLToRAW.ColumnCheck" name="validateColumnName" time="1.232"/>
  <system-out>
    <![CDATA[Executing SQL query :: use St_Backup_Henderson SELECT COLUMN_NAME FROM INFORMATION_SCHEMA.COLUMNS where TABLE_CATALOG='St_Backup_Henderson' and TABLE_NAME ='ALERT' order by COLUMN_NAME
SQL Column count in Table :: 23
SQL Column Name from Table ::[ACTIVE, AUTORESPONDERFREQUENCY, BUSINESSUNIT.ID, CAMPAIGN.ID, CREATEDBY.ID, CREATEDON, DELIVERYMETHOD, FORM.ID, ID, IMPORTID, JOBTYPE.ID, PAYMENTTYPE.ID, PRIORITY, PURCHASEORDERSTATUSES, SENDTOBULKBOOKINGREQUESTCREATOR, SENDTOESTIMATECREATOR, SENDTOJOBTECHNICIANS, SERVICE.ID, SERVICEREFERENCE.SKUID, SERVICEREFERENCE.SKUTYPE, TEAMS, TRIGGERBEFORE, TYPE]
Executing Snowflake query :: SELECT COLUMN_NAME FROM INFORMATION_SCHEMA.COLUMNS where TABLE_SCHEMA='ST_HENDERSON_MATILLION' and TABLE_NAME ='ALERT' order by COLUMN_NAME
SnowFlake Column count in Table :: 23
SnowFlake Column Name from Table :: [ACTIVE, AUTORESPONDERFREQUENCY, BUSINESSUNIT.ID, CAMPAIGN.ID, CREATEDBY.ID, CREATEDON, DELIVERYMETHOD, FORM.ID, ID, IMPORTID, JOBTYPE.ID, PAYMENTTYPE.ID, PRIORITY, PURCHASEORDERSTATUSES, SENDTOBULKBOOKINGREQUESTCREATOR, SENDTOESTIMATECREATOR, SENDTOJOBTECHNICIANS, SERVICE.ID, SERVICEREFERENCE.SKUID, SERVICEREFERENCE.SKUTYPE, TEAMS, TRIGGERBEFORE, TYPE]
List matched]]>
  </system-out>
  <testcase classname="testcases.SQLToRAW.ColumnCheck" name="validateColumnName" time="1.457"/>
  <system-out>
    <![CDATA[Executing SQL query :: use St_Backup_Snell SELECT COLUMN_NAME FROM INFORMATION_SCHEMA.COLUMNS where TABLE_CATALOG='St_Backup_Snell' and TABLE_NAME ='ADPWORKSTATE-CITIES-ADPWORKCITY' order by COLUMN_NAME
SQL Column count in Table :: 2
SQL Column Name from Table ::[ADPWORKCITY, ADPWORKSTATE]
Executing Snowflake query :: SELECT COLUMN_NAME FROM INFORMATION_SCHEMA.COLUMNS where TABLE_SCHEMA='ST_SNELLHEATINGAIR_MATILLION' and TABLE_NAME ='ADPWORKSTATE-CITIES-ADPWORKCITY' order by COLUMN_NAME
SnowFlake Column count in Table :: 2
SnowFlake Column Name from Table :: [ADPWORKCITY, ADPWORKSTATE]
List matched]]>
  </system-out>
  <testcase classname="testcases.SQLToRAW.ColumnCheck" name="validateColumnName" time="6.452"/>
  <system-out>
    <![CDATA[Executing SQL query :: use St_Backup_Casteel SELECT COLUMN_NAME FROM INFORMATION_SCHEMA.COLUMNS where TABLE_CATALOG='St_Backup_Casteel' and TABLE_NAME ='ACQUISITIONPFLORDER' order by COLUMN_NAME
SQL Column count in Table :: 7
SQL Column Name from Table ::[CREATEDON, DESIGN.ID, ID, MODIFIEDON, ORDERID, PROPERTYID, STATUS]
Executing Snowflake query :: SELECT COLUMN_NAME FROM INFORMATION_SCHEMA.COLUMNS where TABLE_SCHEMA='ST_CASTEEL_MATILLION' and TABLE_NAME ='ACQUISITIONPFLORDER' order by COLUMN_NAME
SnowFlake Column count in Table :: 7
SnowFlake Column Name from Table :: [CREATEDON, DESIGN.ID, ID, MODIFIEDON, ORDERID, PROPERTYID, STATUS]
List matched]]>
  </system-out>
  <testcase classname="testcases.SQLToRAW.ColumnCheck" name="validateColumnName" time="1.024"/>
  <system-out>
    <![CDATA[Executing SQL query :: use St_Backup_Horizon SELECT COLUMN_NAME FROM INFORMATION_SCHEMA.COLUMNS where TABLE_CATALOG='St_Backup_Horizon' and TABLE_NAME='ACHTOKENGENERATIONPROCESSINGRESULT' order by COLUMN_NAME
SQL Column count in Table :: 11
SQL Column Name from Table ::[ACCOUNT.ID, ACTIVE, CREATEDBY.ID, CREATEDON, CUSTOMERIMPORTREFERENCE, ID, IMPORTID, MESSAGE, RETRYLEFT, STATUS, TOKEN]
Executing Snowflake query :: SELECT COLUMN_NAME FROM INFORMATION_SCHEMA.COLUMNS where TABLE_SCHEMA='ST_HORIZONSERVICES_MATILLION' and TABLE_NAME ='ACHTOKENGENERATIONPROCESSINGRESULT' order by COLUMN_NAME
SnowFlake Column count in Table :: 11
SnowFlake Column Name from Table :: [ACCOUNT.ID, ACTIVE, CREATEDBY.ID, CREATEDON, CUSTOMERIMPORTREFERENCE, ID, IMPORTID, MESSAGE, RETRYLEFT, STATUS, TOKEN]
List matched]]>
  </system-out>
  <testcase classname="testcases.SQLToRAW.ColumnCheck" name="validateColumnName" time="1.256"/>
  <system-out>
    <![CDATA[Executing SQL query :: use St_Backup_HDAir SELECT COLUMN_NAME FROM INFORMATION_SCHEMA.COLUMNS where TABLE_CATALOG='St_Backup_HDAir' and TABLE_NAME ='ADPWORKCITY' order by COLUMN_NAME
SQL Column count in Table :: 8
SQL Column Name from Table ::[ACTIVE, CODE, CREATEDBY.ID, CREATEDON, ID, IMPORTID, NAME, STATE.ID]
Executing Snowflake query :: SELECT COLUMN_NAME FROM INFORMATION_SCHEMA.COLUMNS where TABLE_SCHEMA='ST_HDAIR_MATILLION' and TABLE_NAME ='ADPWORKCITY' order by COLUMN_NAME
SnowFlake Column count in Table :: 8
SnowFlake Column Name from Table :: [ACTIVE, CODE, CREATEDBY.ID, CREATEDON, ID, IMPORTID, NAME, STATE.ID]
List matched]]>
  </system-out>
</testsuite> <!-- testcases.SQLToRAW.ColumnCheck -->
