<?xml version="1.0" encoding="UTF-8"?>
<!-- Generated by org.testng.reporters.JUnitReportReporter -->
<testsuite hostname="BALT-CHN-00" failures="70" tests="70" name="testcases.RAW_DATAMART_CURATED.SnowFlake_ColumnValidation_Master" time="171.756" errors="0" timestamp="2021-12-09T11:50:32 IST" skipped="0">
  <testcase classname="testcases.RAW_DATAMART_CURATED.SnowFlake_ColumnValidation_Master" name="Testcase_ColumnValidation" time="2.763">
    <failure message="The following asserts failed:
	null" type="java.lang.AssertionError">
      <![CDATA[java.lang.AssertionError: The following asserts failed:
null
at org.testng.asserts.SoftAssert.assertAll(SoftAssert.java:47)
at org.testng.asserts.SoftAssert.assertAll(SoftAssert.java:31)
at testcases.RAW_DATAMART_CURATED.SnowFlake_ColumnValidation_Master.BKP_Tables_ColumnName_validation(SnowFlake_ColumnValidation_Master.java:231)
at testcases.RAW_DATAMART_CURATED.SnowFlake_ColumnValidation_Master.Testcase_ColumnValidation(SnowFlake_ColumnValidation_Master.java:240)
at java.base/jdk.internal.reflect.NativeMethodAccessorImpl.invoke0(Native Method)
at java.base/jdk.internal.reflect.NativeMethodAccessorImpl.invoke(NativeMethodAccessorImpl.java:77)
at java.base/jdk.internal.reflect.DelegatingMethodAccessorImpl.invoke(DelegatingMethodAccessorImpl.java:43)
at java.base/java.lang.reflect.Method.invoke(Method.java:568)
at org.testng.internal.MethodInvocationHelper.invokeMethod(MethodInvocationHelper.java:133)
at org.testng.internal.TestInvoker.invokeMethod(TestInvoker.java:598)
at org.testng.internal.TestInvoker.invokeTestMethod(TestInvoker.java:173)
at org.testng.internal.MethodRunner.runInSequence(MethodRunner.java:46)
at org.testng.internal.TestInvoker$MethodInvocationAgent.invoke(TestInvoker.java:824)
at org.testng.internal.TestInvoker.invokeTestMethods(TestInvoker.java:146)
at org.testng.internal.TestMethodWorker.invokeTestMethods(TestMethodWorker.java:146)
at org.testng.internal.TestMethodWorker.run(TestMethodWorker.java:128)
at java.base/java.util.ArrayList.forEach(ArrayList.java:1511)
at org.testng.TestRunner.privateRun(TestRunner.java:794)
at org.testng.TestRunner.run(TestRunner.java:596)
at org.testng.SuiteRunner.runTest(SuiteRunner.java:377)
at org.testng.SuiteRunner.runSequentially(SuiteRunner.java:371)
at org.testng.SuiteRunner.privateRun(SuiteRunner.java:332)
at org.testng.SuiteRunner.run(SuiteRunner.java:276)
at org.testng.SuiteRunnerWorker.runSuite(SuiteRunnerWorker.java:53)
at org.testng.SuiteRunnerWorker.run(SuiteRunnerWorker.java:96)
at org.testng.TestNG.runSuitesSequentially(TestNG.java:1212)
at org.testng.TestNG.runSuitesLocally(TestNG.java:1134)
at org.testng.TestNG.runSuites(TestNG.java:1063)
at org.testng.TestNG.run(TestNG.java:1031)
at org.testng.remote.AbstractRemoteTestNG.run(AbstractRemoteTestNG.java:115)
at org.testng.remote.RemoteTestNG.initAndRun(RemoteTestNG.java:251)
at org.testng.remote.RemoteTestNG.main(RemoteTestNG.java:77)
]]>
    </failure>
  </testcase> <!-- Testcase_ColumnValidation -->
  <system-out>
    <![CDATA[Executing Snowflake query :: SELECT COLUMN_NAME FROM DEV_ENT_RAW.INFORMATION_SCHEMA.COLUMNS WHERE TABLE_NAME='TECHNICIANPAYROLL'and TABLE_SCHEMA='ST_EANESHEATING_MATILLION'
Executing Snowflake query :: SELECT COLUMN_NAME FROM CURATED_DATAMART.INFORMATION_SCHEMA.COLUMNS WHERE TABLE_NAME='STR_TECHNICIANPAYROLL'and TABLE_SCHEMA='ST_BKP_EANESHEATING'
Executing Snowflake query :: SELECT COLUMN_NAME FROM DEV_ENT_CURATED.INFORMATION_SCHEMA.COLUMNS WHERE TABLE_NAME='DIM_TECHNICIANPAYROLL'and TABLE_SCHEMA='MASTER_DIMENSIONS'
Column names for RAW Table --> TECHNICIANPAYROLL :: []
Column names for DataMart Table --> STR_TECHNICIANPAYROLL :: [ACTIVE, ACTIVE_FLAG, BUSINESSUNITPAYROLLIDLETIMESTANDARDPAYCODE_ORIGINALCODE, LASTTIMEGROSSPAYITEMSGENERATED, PAYROLLPERCENTAGEFEEMINIMUM, PAYROLLREPORTVERSION, PAYROLLREVIEWSTATE_DISPUTEREASON, PAYROLLUSENSVASSOLDBYBASE, BUSINESSUNITPAYROLLIDLETIMEOVERTIMEPAYCODE_CODE, HASCALCULATEDGROSSPAYITEMS, PAYROLLFLATFEE, PAYROLLREVIEWSTATE_STATUS, RECORD_UPDATE_DATE, ISQUEUEDFORFORCEDTIMESHEETRECALC, PAYROLLREVIEWSTATE_MANAGERSTATUS, TO, PAYROLLREVIEWSTATE_MANAGERUPDATEDON, ADDONCREWSPLITCOMMISSIONRATE, ATLASBUTLERTECHNICIANROLE, BUSINESSUNITPAYROLLIDLETIMEOVERTIMEPAYCODE_ORIGINALCODE, BUSINESSUNITWEIGHTEDOVERTIMEPAYCODENEW_ORIGINALCODE, MANAGERNAME, PAYROLLFLATFEEMINIMUM, TECHNICIANPAYROLLSTARTPERIOD, USEPAYROLLDATE, SUPPORTSPERSISTEDINVOICES, BUSINESSUNITPAYROLLIDLETIMESTANDARDPAYCODE_CODE, ADDONMULTITECHCOMMISSIONRATE, BUSINESSUNITPAYROLLIDLETIMEDOUBLEOVERTIMEPAYCODE_ORIGINALCODE, CREATEDBY_ID, FROM, PAYROLLREVIEWSTATE_AUTHORIZATIONSIGNATURE, TIMEZONE, TURNOVERBONUS, BUSINESSUNITPAYROLLIDLETIMEOVERTIMEPAYCODE_NAME, PREVENTNJAOVERLAPPING, SCHEDULEDMULTITECHCOMMISSIONRATE, TURNOVERMINIMUMTHRESHOLD, BUSINESSUNITWEIGHTEDOVERTIMEPAYCODE, ENABLETECHNICIANCLOCKINANDCLOCKOUT, INCLUDESELLERFEEANDTECHSPECIFICBONUS, CREATEDON, DISABLEDOUBLEOVERTIME, LINEITEMSONPURCHASEORDERS, MASTER_ID, PAYROLLEXPENSEDEDUCTIONTRIGGER, PAYROLLID, PAYROLLPERIOD_ID, SELLERFEE, TECHNICIANSOLDBYRATE, HASCALCULATEDSALARYGROSSPAYITEMS, ID, ISQUEUEDFORFORCEDCOMMISSIONRECALC, PAYROLLMARGINALRANGEBONUSES, SCHEDULEDSOLOCOMMISSIONRATE, SEARSPAYROLLROLE, TECHNICIANFIRSTDRIVERULE, TECHNICIANNAME, TECHNICIANOVERTIMEMODE, TECHNICIANPAYROLLSTATUS, TECHNICIANTYPE, TECHNICIAN_ID, UPDATEERRORLOGID, LASTTIMESALARYGROSSPAYITEMSGENERATED, PAYROLLSHOWMATERIALSINCOST, PAYROLLUSECOMMISSIONBASETODETECTRANGEBONUS, TECHNICIANDEDUCTCOMMUTETIMEFROMFIRSTDRIVE, DEFAULTPAYROLLADJUSTMENTRATE, BUSINESSUNITNAME, BUSINESSUNITPAYROLLIDLETIMEOTPAYCODE, OVERTIMEPROFILE_ID, TECHNICIANINVOICINGHOURLYRATE, TECHNICIANPAYTYPE, USECUSTOMIDLETIMERULES, ISQUEUEDFORFORCEDSALARYRECALC, TECHNICIANCOMMISSIONRATE, ADDONSOLOCOMMISSIONRATE, BUSINESSUNITPAYROLLIDLETIMEDOUBLEOVERTIMEPAYCODE_CODE, BUSINESSUNITWEIGHTEDOVERTIMEPAYCODENEW_CODE, BUSINESSUNIT_ID, PAYFORIDLETIMEOVERONEHOUR, ROUNDSOLDHOURSTOTWODECIMALPLACES, IMPORTID, PAYROLLTYPE, RECORD_CREATE_DATE, MANAGER_ID, BUSINESSUNITPAYROLLIDLETIMESTPAYCODE, BUSINESSUNITWEIGHTEDOVERTIMEPAYCODENEW_NAME, TECHNICIANCOMMUTETIME, TECHNICIANHOURLYRATE, BURDENRATE, LASTTIMETIMESHEETSGROSSPAYITEMSGENERATED, PAYROLLCOSTMARKUP, SHOWPAYROLLPERSISTENCEFIELDSANDREPORTS, TENANT_TYPE, BUSINESSUNITPAYROLLIDLETIMEDOUBLEOVERTIMEPAYCODE_NAME, BUSINESSUNITPAYROLLIDLETIMESTANDARDPAYCODE_NAME, DEDUCTCOSTSFROMSOLDBYCREDIT, LASTTIMEUPDATED, PAYROLLPERCENTAGEFEE, PAYROLLREVIEWSTATE_TECHNICIANUPDATEDON, HASCALCULATEDTIMESHEETGROSSPAYITEMS, PAYFORIDLETIMEUPTO, SCHEDULEDCREWSPLITCOMMISSIONRATE, WILLIAMSPAYROLLIGNORESINVOICEBALANCETOPAYTGLANDSOLDBY]
Column names for Curated Table --> DIM_TECHNICIANPAYROLL :: [ADDONMULTITECHCOMMISSIONRATE, BURDENRATE, BUSINESSUNITPAYROLLIDLETIMEDOUBLEOVERTIMEPAYCODE_ORIGINALCODE, BUSINESSUNITPAYROLLIDLETIMESTANDARDPAYCODE_CODE, DISABLEDOUBLEOVERTIME, ENABLETECHNICIANCLOCKINANDCLOCKOUT, ID, PAYROLLFLATFEE, TECHNICIANNAME, LINEITEMSONPURCHASEORDERS, SHOWPAYROLLPERSISTENCEFIELDSANDREPORTS, UPDATEERRORLOGID, DEFAULTPAYROLLADJUSTMENTRATE, TECHNICIAN_ID, ADDONSOLOCOMMISSIONRATE, ISQUEUEDFORFORCEDSALARYRECALC, TURNOVERBONUS, BUSINESSUNITPAYROLLIDLETIMEOVERTIMEPAYCODE_NAME, HASCALCULATEDTIMESHEETGROSSPAYITEMS, OVERTIMEPROFILE_ID, TECHNICIANPAYROLLSTARTPERIOD, WILLIAMSPAYROLLIGNORESINVOICEBALANCETOPAYTGLANDSOLDBY, TURNOVERMINIMUMTHRESHOLD, USEPAYROLLDATE, MANAGERNAME, PAYROLLCOSTMARKUP, SEARSPAYROLLROLE, TECHNICIANPAYTYPE, HASCALCULATEDSALARYGROSSPAYITEMS, PAYROLLREVIEWSTATE_MANAGERUPDATEDON, PAYROLLTYPE, SCHEDULEDCREWSPLITCOMMISSIONRATE, TENANT_TYPE, SUPPORTSPERSISTEDINVOICES, ADDONCREWSPLITCOMMISSIONRATE, BUSINESSUNITPAYROLLIDLETIMEDOUBLEOVERTIMEPAYCODE_NAME, BUSINESSUNITPAYROLLIDLETIMEOVERTIMEPAYCODE_CODE, BUSINESSUNITPAYROLLIDLETIMESTPAYCODE, BUSINESSUNITWEIGHTEDOVERTIMEPAYCODENEW_CODE, LASTTIMETIMESHEETSGROSSPAYITEMSGENERATED, PAYROLLFLATFEEMINIMUM, TECHNICIANSOLDBYRATE, BUSINESSUNITWEIGHTEDOVERTIMEPAYCODENEW_NAME, RECORD_CREATE_DATE, TIMEZONE, PAYROLLREVIEWSTATE_DISPUTEREASON, TO, LASTTIMESALARYGROSSPAYITEMSGENERATED, ACTIVE, BUSINESSUNITPAYROLLIDLETIMESTANDARDPAYCODE_NAME, BUSINESSUNITPAYROLLIDLETIMESTANDARDPAYCODE_ORIGINALCODE, CREATEDON, LASTTIMEGROSSPAYITEMSGENERATED, PAYROLLPERCENTAGEFEE, SCHEDULEDMULTITECHCOMMISSIONRATE, BUSINESSUNITNAME, PAYFORIDLETIMEUPTO, PAYROLLREVIEWSTATE_STATUS, PAYROLLREVIEWSTATE_TECHNICIANUPDATEDON, SELLERFEE, TECHNICIANINVOICINGHOURLYRATE, TECHNICIANPAYROLLSTATUS, TECHNICIANTYPE, BUSINESSUNITPAYROLLIDLETIMEDOUBLEOVERTIMEPAYCODE_CODE, HASCALCULATEDGROSSPAYITEMS, PAYFORIDLETIMEOVERONEHOUR, PAYROLLUSECOMMISSIONBASETODETECTRANGEBONUS, RECORD_UPDATE_DATE, PAYROLLREVIEWSTATE_AUTHORIZATIONSIGNATURE, TECHNICIANFIRSTDRIVERULE, BUSINESSUNITPAYROLLIDLETIMEOVERTIMEPAYCODE_ORIGINALCODE, BUSINESSUNITPAYROLLIDLETIMEOTPAYCODE, CREATEDBY_ID, ISQUEUEDFORFORCEDCOMMISSIONRECALC, PREVENTNJAOVERLAPPING, ROUNDSOLDHOURSTOTWODECIMALPLACES, FROM, TECHNICIANCOMMISSIONRATE, TECHNICIANDEDUCTCOMMUTETIMEFROMFIRSTDRIVE, USECUSTOMIDLETIMERULES, PAYROLLMARGINALRANGEBONUSES, IMPORTID, PAYROLLREVIEWSTATE_MANAGERSTATUS, ATLASBUTLERTECHNICIANROLE, BUSINESSUNITWEIGHTEDOVERTIMEPAYCODENEW_ORIGINALCODE, BUSINESSUNIT_ID, DEDUCTCOSTSFROMSOLDBYCREDIT, ISQUEUEDFORFORCEDTIMESHEETRECALC, MANAGER_ID, PAYROLLREPORTVERSION, PAYROLLSHOWMATERIALSINCOST, PAYROLLUSENSVASSOLDBYBASE, SCHEDULEDSOLOCOMMISSIONRATE, INCLUDESELLERFEEANDTECHSPECIFICBONUS, LASTTIMEUPDATED, PAYROLLID, PAYROLLPERCENTAGEFEEMINIMUM, TECHNICIANCOMMUTETIME, TECHNICIANHOURLYRATE, TECHNICIANOVERTIMEMODE, BUSINESSUNITWEIGHTEDOVERTIMEPAYCODE, PAYROLLEXPENSEDEDUCTIONTRIGGER, PAYROLLPERIOD_ID]
Datamart tables contains additional column name like [ACTIVE_FLAG, RECORD_CREATE_DATE, RECORD_UPDATE_DATE, RECORD_UPDATE_DATE, MASTER_ID, TENANT_TYPE]
Curated tables not contains additional column name like [RECORD_CREATE_DATE, RECORD_UPDATE_DATE, RECORD_UPDATED_BY, TENANT_TYPE]]]>
  </system-out>
  <testcase classname="testcases.RAW_DATAMART_CURATED.SnowFlake_ColumnValidation_Master" name="Testcase_ColumnValidation" time="2.249">
    <failure message="The following asserts failed:
	null" type="java.lang.AssertionError">
      <![CDATA[java.lang.AssertionError: The following asserts failed:
null
at org.testng.asserts.SoftAssert.assertAll(SoftAssert.java:47)
at org.testng.asserts.SoftAssert.assertAll(SoftAssert.java:31)
at testcases.RAW_DATAMART_CURATED.SnowFlake_ColumnValidation_Master.BKP_Tables_ColumnName_validation(SnowFlake_ColumnValidation_Master.java:231)
at testcases.RAW_DATAMART_CURATED.SnowFlake_ColumnValidation_Master.Testcase_ColumnValidation(SnowFlake_ColumnValidation_Master.java:240)
at jdk.internal.reflect.GeneratedMethodAccessor12.invoke(Unknown Source)
at java.base/jdk.internal.reflect.DelegatingMethodAccessorImpl.invoke(DelegatingMethodAccessorImpl.java:43)
at java.base/java.lang.reflect.Method.invoke(Method.java:568)
at org.testng.internal.MethodInvocationHelper.invokeMethod(MethodInvocationHelper.java:133)
at org.testng.internal.TestInvoker.invokeMethod(TestInvoker.java:598)
at org.testng.internal.TestInvoker.invokeTestMethod(TestInvoker.java:173)
at org.testng.internal.MethodRunner.runInSequence(MethodRunner.java:46)
at org.testng.internal.TestInvoker$MethodInvocationAgent.invoke(TestInvoker.java:824)
at org.testng.internal.TestInvoker.invokeTestMethods(TestInvoker.java:146)
at org.testng.internal.TestMethodWorker.invokeTestMethods(TestMethodWorker.java:146)
at org.testng.internal.TestMethodWorker.run(TestMethodWorker.java:128)
at java.base/java.util.ArrayList.forEach(ArrayList.java:1511)
at org.testng.TestRunner.privateRun(TestRunner.java:794)
at org.testng.TestRunner.run(TestRunner.java:596)
at org.testng.SuiteRunner.runTest(SuiteRunner.java:377)
at org.testng.SuiteRunner.runSequentially(SuiteRunner.java:371)
at org.testng.SuiteRunner.privateRun(SuiteRunner.java:332)
at org.testng.SuiteRunner.run(SuiteRunner.java:276)
at org.testng.SuiteRunnerWorker.runSuite(SuiteRunnerWorker.java:53)
at org.testng.SuiteRunnerWorker.run(SuiteRunnerWorker.java:96)
at org.testng.TestNG.runSuitesSequentially(TestNG.java:1212)
at org.testng.TestNG.runSuitesLocally(TestNG.java:1134)
at org.testng.TestNG.runSuites(TestNG.java:1063)
at org.testng.TestNG.run(TestNG.java:1031)
at org.testng.remote.AbstractRemoteTestNG.run(AbstractRemoteTestNG.java:115)
at org.testng.remote.RemoteTestNG.initAndRun(RemoteTestNG.java:251)
at org.testng.remote.RemoteTestNG.main(RemoteTestNG.java:77)
]]>
    </failure>
  </testcase> <!-- Testcase_ColumnValidation -->
  <system-out>
    <![CDATA[Executing Snowflake query :: SELECT COLUMN_NAME FROM DEV_ENT_RAW.INFORMATION_SCHEMA.COLUMNS WHERE TABLE_NAME='TECHNICIANPAYROLLADJUSTMENT'and TABLE_SCHEMA='ST_HUTCHINSON_MATILLION'
Executing Snowflake query :: SELECT COLUMN_NAME FROM CURATED_DATAMART.INFORMATION_SCHEMA.COLUMNS WHERE TABLE_NAME='STR_TECHNICIANPAYROLLADJUSTMENT'and TABLE_SCHEMA='ST_BKP_HUTCHINSON'
Executing Snowflake query :: SELECT COLUMN_NAME FROM DEV_ENT_CURATED.INFORMATION_SCHEMA.COLUMNS WHERE TABLE_NAME='DIM_TECHNICIANPAYROLLADJUSTMENT'and TABLE_SCHEMA='MASTER_DIMENSIONS'
Column names for RAW Table --> TECHNICIANPAYROLLADJUSTMENT :: [ACTIVE, CODE_NAME, CUSTOMERNAME, PAYROLLADJUSTMENT_ID, PERSISTENCETYPE, CODE_ORIGINALCODE, CODE_PAYROLLCODE, PAYROLLCODE_NAME, TAXZONE_ID, AMOUNT, BUSINESSUNIT_ID, BUSINESSUNITNAME, ZONE_ID, JOBLOCATIONNAME, TECHNICIAN_ID, TYPE, JOBLOCATION_ID, PAYROLLCODE_ORIGINALCODE, QUANTITY, TAXZONENAME, ZONENAME, ISPREVAILINGWAGEJOB, POSTEDON, HOURS, CUSTOMER_ID, INVOICENUMBER, JOBLOCATIONZIP, PAYROLL_ID, JOBNUMBER, CREATEDBY_ID, CREATEDON, JOB_ID, MEMO, RATE, PROJECT_ID, INVOICE_ID, PAYROLLCODE_CODE, JOBLOCATIONADDRESS, PROJECTNUMBER, ID, IMPORTID, ISOTCHARGE, REPLACESBONUSAMOUNT]
Column names for DataMart Table --> STR_TECHNICIANPAYROLLADJUSTMENT :: [INVOICENUMBER, CUSTOMERNAME, ID, ISPREVAILINGWAGEJOB, PAYROLL_ID, POSTEDON, PAYROLLCODE_CODE, QUANTITY, PROJECTNUMBER, RECORD_CREATE_DATE, MEMO, PAYROLLCODE_NAME, PERSISTENCETYPE, RATE, TECHNICIAN_ID, TYPE, BUSINESSUNITNAME, JOBLOCATIONNAME, PAYROLLCODE_ORIGINALCODE, JOBLOCATIONZIP, ZONENAME, TAXZONENAME, ACTIVE, ACTIVE_FLAG, HOURS, BUSINESSUNIT_ID, CODE_PAYROLLCODE, CREATEDON, IMPORTID, INVOICE_ID, ISOTCHARGE, JOBLOCATIONADDRESS, TENANT_TYPE, JOBLOCATION_ID, PAYROLLADJUSTMENT_ID, PROJECT_ID, ZONE_ID, CREATEDBY_ID, CUSTOMER_ID, MASTER_ID, AMOUNT, CODE_NAME, CODE_ORIGINALCODE, TAXZONE_ID, JOB_ID, RECORD_UPDATE_DATE, REPLACESBONUSAMOUNT, JOBNUMBER]
Column names for Curated Table --> DIM_TECHNICIANPAYROLLADJUSTMENT :: [BUSINESSUNIT_ID, CREATEDON, CUSTOMER_ID, ISOTCHARGE, ISPREVAILINGWAGEJOB, JOBLOCATION_ID, TYPE, PAYROLLCODE_CODE, BUSINESSUNITNAME, INVOICENUMBER, PROJECTNUMBER, TECHNICIAN_ID, PAYROLLCODE_ORIGINALCODE, AMOUNT, HOURS, JOBNUMBER, QUANTITY, TENANT_TYPE, INVOICE_ID, JOBLOCATIONZIP, JOB_ID, JOBLOCATIONNAME, PERSISTENCETYPE, CODE_ORIGINALCODE, PAYROLL_ID, CODE_NAME, ZONE_ID, RECORD_UPDATE_DATE, CODE_PAYROLLCODE, CREATEDBY_ID, POSTEDON, PAYROLLADJUSTMENT_ID, ID, PROJECT_ID, TAXZONE_ID, ACTIVE, CUSTOMERNAME, PAYROLLCODE_NAME, RECORD_CREATE_DATE, REPLACESBONUSAMOUNT, TAXZONENAME, IMPORTID, JOBLOCATIONADDRESS, MEMO, RATE, ZONENAME]
Column Name found in Datamart and Curated Table :: ACTIVE
Column Name found in Datamart and Curated Table :: CODE_NAME
Column Name found in Datamart and Curated Table :: CUSTOMERNAME
Column Name found in Datamart and Curated Table :: PAYROLLADJUSTMENT_ID
Column Name found in Datamart and Curated Table :: PERSISTENCETYPE
Column Name found in Datamart and Curated Table :: CODE_ORIGINALCODE
Column Name found in Datamart and Curated Table :: CODE_PAYROLLCODE
Column Name found in Datamart and Curated Table :: PAYROLLCODE_NAME
Column Name found in Datamart and Curated Table :: TAXZONE_ID
Column Name found in Datamart and Curated Table :: AMOUNT
Column Name found in Datamart and Curated Table :: BUSINESSUNIT_ID
Column Name found in Datamart and Curated Table :: BUSINESSUNITNAME
Column Name found in Datamart and Curated Table :: ZONE_ID
Column Name found in Datamart and Curated Table :: JOBLOCATIONNAME
Column Name found in Datamart and Curated Table :: TECHNICIAN_ID
Column Name found in Datamart and Curated Table :: TYPE
Column Name found in Datamart and Curated Table :: JOBLOCATION_ID
Column Name found in Datamart and Curated Table :: PAYROLLCODE_ORIGINALCODE
Column Name found in Datamart and Curated Table :: QUANTITY
Column Name found in Datamart and Curated Table :: TAXZONENAME
Column Name found in Datamart and Curated Table :: ZONENAME
Column Name found in Datamart and Curated Table :: ISPREVAILINGWAGEJOB
Column Name found in Datamart and Curated Table :: POSTEDON
Column Name found in Datamart and Curated Table :: HOURS
Column Name found in Datamart and Curated Table :: CUSTOMER_ID
Column Name found in Datamart and Curated Table :: INVOICENUMBER
Column Name found in Datamart and Curated Table :: JOBLOCATIONZIP
Column Name found in Datamart and Curated Table :: PAYROLL_ID
Column Name found in Datamart and Curated Table :: JOBNUMBER
Column Name found in Datamart and Curated Table :: CREATEDBY_ID
Column Name found in Datamart and Curated Table :: CREATEDON
Column Name found in Datamart and Curated Table :: JOB_ID
Column Name found in Datamart and Curated Table :: MEMO
Column Name found in Datamart and Curated Table :: RATE
Column Name found in Datamart and Curated Table :: PROJECT_ID
Column Name found in Datamart and Curated Table :: INVOICE_ID
Column Name found in Datamart and Curated Table :: PAYROLLCODE_CODE
Column Name found in Datamart and Curated Table :: JOBLOCATIONADDRESS
Column Name found in Datamart and Curated Table :: PROJECTNUMBER
Column Name found in Datamart and Curated Table :: ID
Column Name found in Datamart and Curated Table :: IMPORTID
Column Name found in Datamart and Curated Table :: ISOTCHARGE
Column Name found in Datamart and Curated Table :: REPLACESBONUSAMOUNT
Datamart tables contains additional column name like [ACTIVE_FLAG, RECORD_CREATE_DATE, RECORD_UPDATE_DATE, RECORD_UPDATE_DATE, MASTER_ID, TENANT_TYPE]
Curated tables not contains additional column name like [RECORD_CREATE_DATE, RECORD_UPDATE_DATE, RECORD_UPDATED_BY, TENANT_TYPE]]]>
  </system-out>
  <testcase classname="testcases.RAW_DATAMART_CURATED.SnowFlake_ColumnValidation_Master" name="Testcase_ColumnValidation" time="2.352">
    <failure message="The following asserts failed:
	null" type="java.lang.AssertionError">
      <![CDATA[java.lang.AssertionError: The following asserts failed:
null
at org.testng.asserts.SoftAssert.assertAll(SoftAssert.java:47)
at org.testng.asserts.SoftAssert.assertAll(SoftAssert.java:31)
at testcases.RAW_DATAMART_CURATED.SnowFlake_ColumnValidation_Master.API_Tables_ColumnName_validation(SnowFlake_ColumnValidation_Master.java:130)
at testcases.RAW_DATAMART_CURATED.SnowFlake_ColumnValidation_Master.Testcase_ColumnValidation(SnowFlake_ColumnValidation_Master.java:243)
at jdk.internal.reflect.GeneratedMethodAccessor12.invoke(Unknown Source)
at java.base/jdk.internal.reflect.DelegatingMethodAccessorImpl.invoke(DelegatingMethodAccessorImpl.java:43)
at java.base/java.lang.reflect.Method.invoke(Method.java:568)
at org.testng.internal.MethodInvocationHelper.invokeMethod(MethodInvocationHelper.java:133)
at org.testng.internal.TestInvoker.invokeMethod(TestInvoker.java:598)
at org.testng.internal.TestInvoker.invokeTestMethod(TestInvoker.java:173)
at org.testng.internal.MethodRunner.runInSequence(MethodRunner.java:46)
at org.testng.internal.TestInvoker$MethodInvocationAgent.invoke(TestInvoker.java:824)
at org.testng.internal.TestInvoker.invokeTestMethods(TestInvoker.java:146)
at org.testng.internal.TestMethodWorker.invokeTestMethods(TestMethodWorker.java:146)
at org.testng.internal.TestMethodWorker.run(TestMethodWorker.java:128)
at java.base/java.util.ArrayList.forEach(ArrayList.java:1511)
at org.testng.TestRunner.privateRun(TestRunner.java:794)
at org.testng.TestRunner.run(TestRunner.java:596)
at org.testng.SuiteRunner.runTest(SuiteRunner.java:377)
at org.testng.SuiteRunner.runSequentially(SuiteRunner.java:371)
at org.testng.SuiteRunner.privateRun(SuiteRunner.java:332)
at org.testng.SuiteRunner.run(SuiteRunner.java:276)
at org.testng.SuiteRunnerWorker.runSuite(SuiteRunnerWorker.java:53)
at org.testng.SuiteRunnerWorker.run(SuiteRunnerWorker.java:96)
at org.testng.TestNG.runSuitesSequentially(TestNG.java:1212)
at org.testng.TestNG.runSuitesLocally(TestNG.java:1134)
at org.testng.TestNG.runSuites(TestNG.java:1063)
at org.testng.TestNG.run(TestNG.java:1031)
at org.testng.remote.AbstractRemoteTestNG.run(AbstractRemoteTestNG.java:115)
at org.testng.remote.RemoteTestNG.initAndRun(RemoteTestNG.java:251)
at org.testng.remote.RemoteTestNG.main(RemoteTestNG.java:77)
]]>
    </failure>
  </testcase> <!-- Testcase_ColumnValidation -->
  <system-out>
    <![CDATA[Executing Snowflake query :: SELECT COLUMN_NAME FROM DEV_ENT_RAW.INFORMATION_SCHEMA.COLUMNS WHERE TABLE_NAME='ST_API_TECHNICIAN'and TABLE_SCHEMA='API_MAT'
Executing Snowflake query :: SELECT COLUMN_NAME FROM CURATED_DATAMART.INFORMATION_SCHEMA.COLUMNS WHERE TABLE_NAME='STR_API_TECHNICIAN'and TABLE_SCHEMA='ST_API_SNELLHEATINGAIR'
Executing Snowflake query :: SELECT COLUMN_NAME FROM DEV_ENT_CURATED.INFORMATION_SCHEMA.COLUMNS WHERE TABLE_NAME='DIM_TECHNICIAN'and TABLE_SCHEMA='MASTER_DIMENSIONS'
Column names for RAW Table --> ST_API_TECHNICIAN :: [ADDONCREWSPLITCOMMISSIONRATE, ATLASBUTLERTECHNICIANROLE, FIRSTDRIVERULE, HOME_ISMANUALCOORDINATES, NAVISIONEMPLOYEEID, PAYROLLID, PAYROLLPOSTINGGROUP_ID, SALESFACTOR, SALESFORCECONTACTID, PAYROLLREPORTVERSION, STANDARDWORKTYPECODE_ID, MUHULINK, COMMISSIONRATE, HOME_ISMILITARY, LICENSE, GOALIMAGE, IMPORTID, MOBILEPHONECONFIRMED, PAYTYPE, MANAGER_ID, SHIFTSTART, NAME, ADDONSOLOCOMMISSIONRATE, BIO, BUSINESSUNIT_ID, HOME_CITY, ID, ISMANAGEDTECH, PROJECTLABELS, SCHEDULEDSOLOCOMMISSIONRATE, BIRTHDATE, HOME_COUNTRY, PHOTO, TURNOVERBONUS, USER_ID, WILLIAMSTECHNICIANROLE, ZONE_ID, OVERTIMEPROFILE_ID, CREATEDON, TODAYREVENUE_TECHNICIAN, ACTIVE, DEFAULTPAYROLLADJUSTMENTRATE, ISAUTODISPATCHED, LASTNAME, ISEXTERNAL, SHIFTEND, SCHEDULEDCREWSPLITCOMMISSIONRATE, DAILYGOAL, APPOINTMENT_ID, BURDENRATE, HOME_ZIP, PAYROLLSTARTPERIOD, STATUSUPDATEDON, OVERTIMEWORKTYPECODE_ID, PAYROLLPROFILE_ID, PAYROLLROLE, PAYROLLSTARTDATE, SOLDBYRATE, ISEXCLUDEDFROMPAYROLL, COORDINATESUPDATEDON, EMAIL, EMAILCONFIRMED, HOME_LATITUDE, OVERTIMEPAYROLLCONTROLCODE_ID, PAYPERIOD, STANDARDPAYROLLCONTROLCODE_ID, CHECKEDIN, DEFAULTLABORTYPE_ID, JOBFILTER, PAYFREQUENCY_ID, MOBILEPHONE, OUTBOUNDCALLERID, SCHEDULEDMULTITECHCOMMISSIONRATE, STARTDATE, CURRENTVALUE, DEDUCTCOMMUTETIMEFROMFIRSTDRIVE, FIRSTNAME, MEALTIME, MEMO, PHONECONFIRMED, SHOWJOBAPPOINTMENTRESCHEDULEALERT, DISPATCHNOTIFICATIONS, JOB_ID, LATITUDE, MIDDLENAME, ROUTESTATISTICS_TECHNICIAN, CREATEDBY_ID, PHONE, QBREPID, SMARTDISPATCHSETTINGS_TECHNICIAN, STATUS, UNION, HOME_UNIT, HOURLYRATE, INVENTORYWAREHOUSENAME, INVOICINGHOURLYRATE, TYPE, ADDONMULTITECHCOMMISSIONRATE, COLOR, HOME_STATE, MODIFIEDON, OVERALLSALESFACTOR_TECHNICIAN, POSITION, TEAM, COMMUTETIME, HOME_LONGITUDE, HOME_STREET, LOCATION_TECHNICIAN, OVERTIMEMODE, PROJECTEDVALUE, LONGITUDE, TRUCK_ID, TENANT_TYPE]
Column names for DataMart Table --> STR_API_TECHNICIAN :: [APPOINTMENT_ID, COMMUTETIME, PAYFREQUENCY_ID, PAYROLLSTARTDATE, UNION, DAILYGOAL, DEFAULTPAYROLLADJUSTMENTRATE, MEALTIME, PAYROLLSTARTPERIOD, SALESFACTOR, PAYROLLROLE, TODAYREVENUE_TECHNICIAN, CHECKEDIN, DEFAULTLABORTYPE_ID, EMAILCONFIRMED, HOME_STATE, JOB_ID, MANAGER_ID, MOBILEPHONECONFIRMED, PAYROLLREPORTVERSION, POSITION, SHOWJOBAPPOINTMENTRESCHEDULEALERT, NAME, QBREPID, RECORD_UPDATE_DATE, STARTDATE, USER_ID, STANDARDPAYROLLCONTROLCODE_ID, SCHEDULEDSOLOCOMMISSIONRATE, ADDONSOLOCOMMISSIONRATE, BIRTHDATE, COORDINATESUPDATEDON, IMPORTID, GOALIMAGE, HOME_COUNTRY, INVOICINGHOURLYRATE, LONGITUDE, MODIFIEDON, PAYROLLID, PAYROLLPOSTINGGROUP_ID, PAYROLLPROFILE_ID, ROUTESTATISTICS_TECHNICIAN, OVERTIMEMODE, SALESFORCECONTACTID, BURDENRATE, FIRSTNAME, JOBFILTER, MUHULINK, OVERALLSALESFACTOR_TECHNICIAN, PROJECTEDVALUE, PAYPERIOD, PAYTYPE, SMARTDISPATCHSETTINGS_TECHNICIAN, SOLDBYRATE, SHIFTEND, TENANT_TYPE, ZONE_ID, ACTIVE, ATLASBUTLERTECHNICIANROLE, BIO, BUSINESSUNIT_ID, COMMISSIONRATE, CURRENTVALUE, MEMO, MIDDLENAME, FIRSTDRIVERULE, HOME_UNIT, MOBILEPHONE, SCHEDULEDMULTITECHCOMMISSIONRATE, TURNOVERBONUS, SHIFTSTART, LASTNAME, OUTBOUNDCALLERID, ADDONCREWSPLITCOMMISSIONRATE, CREATEDBY_ID, CREATEDON, DISPATCHNOTIFICATIONS, HOME_LATITUDE, INVENTORYWAREHOUSENAME, ISAUTODISPATCHED, ISEXTERNAL, ISMANAGEDTECH, LOCATION_TECHNICIAN, OVERTIMEPAYROLLCONTROLCODE_ID, OVERTIMEWORKTYPECODE_ID, PHONECONFIRMED, STATUSUPDATEDON, STATUS, TRUCK_ID, TYPE, NAVISIONEMPLOYEEID, SCHEDULEDCREWSPLITCOMMISSIONRATE, TEAM, OVERTIMEPROFILE_ID, HOME_ZIP, HOME_CITY, HOME_ISMILITARY, HOME_STREET, MASTER_ID, HOME_LONGITUDE, STANDARDWORKTYPECODE_ID, WILLIAMSTECHNICIANROLE, PHONE, PROJECTLABELS, ACTIVE_FLAG, ADDONMULTITECHCOMMISSIONRATE, COLOR, DEDUCTCOMMUTETIMEFROMFIRSTDRIVE, FLEET_ID, HOME_ISMANUALCOORDINATES, ID, EMAIL, HOURLYRATE, LICENSE, RECORD_CREATE_DATE, PHOTO, LATITUDE]
Column names for Curated Table --> DIM_TECHNICIAN :: [ADDONCREWSPLITCOMMISSIONRATE, COMMUTETIME, DEFAULTLABORTYPE_ID, EMAILCONFIRMED, FIRSTNAME, FLEET_ID, HOME_COUNTRY, HOME_UNIT, MOBILEPHONE, PHONECONFIRMED, ISEXCLUDEDFROMPAYROLL, OVERALLSALESFACTOR_TECHNICIAN, TURNOVERBONUS, PAYPERIOD, PAYROLLROLE, PAYROLLSTARTDATE, BIRTHDATE, HOME_ISMANUALCOORDINATES, HOME_ISMILITARY, INVENTORYWAREHOUSENAME, JOBFILTER, MEMO, PAYFREQUENCY_ID, POSITION, ID, ISAUTODISPATCHED, LICENSE, TEAM, SCHEDULEDCREWSPLITCOMMISSIONRATE, SALESFACTOR, ADDONSOLOCOMMISSIONRATE, CURRENTVALUE, DAILYGOAL, DEDUCTCOMMUTETIMEFROMFIRSTDRIVE, MANAGER_ID, OVERTIMEPROFILE_ID, SHIFTSTART, SHOWJOBAPPOINTMENTRESCHEDULEALERT, SMARTDISPATCHSETTINGS_TECHNICIAN, GOALIMAGE, MODIFIEDON, PAYROLLID, PAYROLLREPORTVERSION, RECORD_CREATE_DATE, TODAYREVENUE_TECHNICIAN, TYPE, PROJECTLABELS, SCHEDULEDSOLOCOMMISSIONRATE, LONGITUDE, ADDONMULTITECHCOMMISSIONRATE, APPOINTMENT_ID, CHECKEDIN, COLOR, CREATEDON, DISPATCHNOTIFICATIONS, IMPORTID, LASTNAME, MOBILEPHONECONFIRMED, STATUSUPDATEDON, ZONE_ID, HOME_STATE, NAME, NAVISIONEMPLOYEEID, PAYROLLPOSTINGGROUP_ID, PHOTO, MEALTIME, PROJECTEDVALUE, STANDARDPAYROLLCONTROLCODE_ID, OVERTIMEMODE, BURDENRATE, FIRSTDRIVERULE, JOB_ID, PAYROLLPROFILE_ID, QBREPID, ROUTESTATISTICS_TECHNICIAN, STARTDATE, TRUCK_ID, USER_ID, STANDARDWORKTYPECODE_ID, MIDDLENAME, COMMISSIONRATE, CREATEDBY_ID, HOME_LONGITUDE, HOME_ZIP, HOURLYRATE, LATITUDE, SCHEDULEDMULTITECHCOMMISSIONRATE, BUSINESSUNIT_ID, OUTBOUNDCALLERID, RECORD_UPDATED_BY, STATUS, MUHULINK, OVERTIMEPAYROLLCONTROLCODE_ID, UNION, PAYTYPE, INVOICINGHOURLYRATE, RECORD_UPDATE_DATE, COORDINATESUPDATEDON, LOCATION_TECHNICIAN, EMAIL, HOME_CITY, ISEXTERNAL, OVERTIMEWORKTYPECODE_ID, PAYROLLSTARTPERIOD, SHIFTEND, WILLIAMSTECHNICIANROLE, TENANT_TYPE, ACTIVE, ATLASBUTLERTECHNICIANROLE, BIO, DEFAULTPAYROLLADJUSTMENTRATE, HOME_LATITUDE, HOME_STREET, ISMANAGEDTECH, PHONE, SALESFORCECONTACTID, SOLDBYRATE]
Column Name found in Datamart and Curated Table :: ADDONCREWSPLITCOMMISSIONRATE
Column Name found in Datamart and Curated Table :: ATLASBUTLERTECHNICIANROLE
Column Name found in Datamart and Curated Table :: FIRSTDRIVERULE
Column Name found in Datamart and Curated Table :: HOME_ISMANUALCOORDINATES
Column Name found in Datamart and Curated Table :: NAVISIONEMPLOYEEID
Column Name found in Datamart and Curated Table :: PAYROLLID
Column Name found in Datamart and Curated Table :: PAYROLLPOSTINGGROUP_ID
Column Name found in Datamart and Curated Table :: SALESFACTOR
Column Name found in Datamart and Curated Table :: SALESFORCECONTACTID
Column Name found in Datamart and Curated Table :: PAYROLLREPORTVERSION
Column Name found in Datamart and Curated Table :: STANDARDWORKTYPECODE_ID
Column Name found in Datamart and Curated Table :: MUHULINK
Column Name found in Datamart and Curated Table :: COMMISSIONRATE
Column Name found in Datamart and Curated Table :: HOME_ISMILITARY
Column Name found in Datamart and Curated Table :: LICENSE
Column Name found in Datamart and Curated Table :: GOALIMAGE
Column Name found in Datamart and Curated Table :: IMPORTID
Column Name found in Datamart and Curated Table :: MOBILEPHONECONFIRMED
Column Name found in Datamart and Curated Table :: PAYTYPE
Column Name found in Datamart and Curated Table :: MANAGER_ID
Column Name found in Datamart and Curated Table :: SHIFTSTART
Column Name found in Datamart and Curated Table :: NAME
Column Name found in Datamart and Curated Table :: ADDONSOLOCOMMISSIONRATE
Column Name found in Datamart and Curated Table :: BIO
Column Name found in Datamart and Curated Table :: BUSINESSUNIT_ID
Column Name found in Datamart and Curated Table :: HOME_CITY
Column Name found in Datamart and Curated Table :: ID
Column Name found in Datamart and Curated Table :: ISMANAGEDTECH
Column Name found in Datamart and Curated Table :: PROJECTLABELS
Column Name found in Datamart and Curated Table :: SCHEDULEDSOLOCOMMISSIONRATE
Column Name found in Datamart and Curated Table :: BIRTHDATE
Column Name found in Datamart and Curated Table :: HOME_COUNTRY
Column Name found in Datamart and Curated Table :: PHOTO
Column Name found in Datamart and Curated Table :: TURNOVERBONUS
Column Name found in Datamart and Curated Table :: USER_ID
Column Name found in Datamart and Curated Table :: WILLIAMSTECHNICIANROLE
Column Name found in Datamart and Curated Table :: ZONE_ID
Column Name found in Datamart and Curated Table :: OVERTIMEPROFILE_ID
Column Name found in Datamart and Curated Table :: CREATEDON
Column Name found in Datamart and Curated Table :: TODAYREVENUE_TECHNICIAN
Column Name found in Datamart and Curated Table :: ACTIVE
Column Name found in Datamart and Curated Table :: DEFAULTPAYROLLADJUSTMENTRATE
Column Name found in Datamart and Curated Table :: ISAUTODISPATCHED
Column Name found in Datamart and Curated Table :: LASTNAME
Column Name found in Datamart and Curated Table :: ISEXTERNAL
Column Name found in Datamart and Curated Table :: SHIFTEND
Column Name found in Datamart and Curated Table :: SCHEDULEDCREWSPLITCOMMISSIONRATE
Column Name found in Datamart and Curated Table :: DAILYGOAL
Column Name found in Datamart and Curated Table :: APPOINTMENT_ID
Column Name found in Datamart and Curated Table :: BURDENRATE
Column Name found in Datamart and Curated Table :: HOME_ZIP
Column Name found in Datamart and Curated Table :: PAYROLLSTARTPERIOD
Column Name found in Datamart and Curated Table :: STATUSUPDATEDON
Column Name found in Datamart and Curated Table :: OVERTIMEWORKTYPECODE_ID
Column Name found in Datamart and Curated Table :: PAYROLLPROFILE_ID
Column Name found in Datamart and Curated Table :: PAYROLLROLE
Column Name found in Datamart and Curated Table :: PAYROLLSTARTDATE
Column Name found in Datamart and Curated Table :: SOLDBYRATE
Column Name not found in Datamart and Curated Table :: ISEXCLUDEDFROMPAYROLL
Column Name found in Datamart and Curated Table :: COORDINATESUPDATEDON
Column Name found in Datamart and Curated Table :: EMAIL
Column Name found in Datamart and Curated Table :: EMAILCONFIRMED
Column Name found in Datamart and Curated Table :: HOME_LATITUDE
Column Name found in Datamart and Curated Table :: OVERTIMEPAYROLLCONTROLCODE_ID
Column Name found in Datamart and Curated Table :: PAYPERIOD
Column Name found in Datamart and Curated Table :: STANDARDPAYROLLCONTROLCODE_ID
Column Name found in Datamart and Curated Table :: CHECKEDIN
Column Name found in Datamart and Curated Table :: DEFAULTLABORTYPE_ID
Column Name found in Datamart and Curated Table :: JOBFILTER
Column Name found in Datamart and Curated Table :: PAYFREQUENCY_ID
Column Name found in Datamart and Curated Table :: MOBILEPHONE
Column Name found in Datamart and Curated Table :: OUTBOUNDCALLERID
Column Name found in Datamart and Curated Table :: SCHEDULEDMULTITECHCOMMISSIONRATE
Column Name found in Datamart and Curated Table :: STARTDATE
Column Name found in Datamart and Curated Table :: CURRENTVALUE
Column Name found in Datamart and Curated Table :: DEDUCTCOMMUTETIMEFROMFIRSTDRIVE
Column Name found in Datamart and Curated Table :: FIRSTNAME
Column Name found in Datamart and Curated Table :: MEALTIME
Column Name found in Datamart and Curated Table :: MEMO
Column Name found in Datamart and Curated Table :: PHONECONFIRMED
Column Name found in Datamart and Curated Table :: SHOWJOBAPPOINTMENTRESCHEDULEALERT
Column Name found in Datamart and Curated Table :: DISPATCHNOTIFICATIONS
Column Name found in Datamart and Curated Table :: JOB_ID
Column Name found in Datamart and Curated Table :: LATITUDE
Column Name found in Datamart and Curated Table :: MIDDLENAME
Column Name found in Datamart and Curated Table :: ROUTESTATISTICS_TECHNICIAN
Column Name found in Datamart and Curated Table :: CREATEDBY_ID
Column Name found in Datamart and Curated Table :: PHONE
Column Name found in Datamart and Curated Table :: QBREPID
Column Name found in Datamart and Curated Table :: SMARTDISPATCHSETTINGS_TECHNICIAN
Column Name found in Datamart and Curated Table :: STATUS
Column Name found in Datamart and Curated Table :: UNION
Column Name found in Datamart and Curated Table :: HOME_UNIT
Column Name found in Datamart and Curated Table :: HOURLYRATE
Column Name found in Datamart and Curated Table :: INVENTORYWAREHOUSENAME
Column Name found in Datamart and Curated Table :: INVOICINGHOURLYRATE
Column Name found in Datamart and Curated Table :: TYPE
Column Name found in Datamart and Curated Table :: ADDONMULTITECHCOMMISSIONRATE
Column Name found in Datamart and Curated Table :: COLOR
Column Name found in Datamart and Curated Table :: HOME_STATE
Column Name found in Datamart and Curated Table :: MODIFIEDON
Column Name found in Datamart and Curated Table :: OVERALLSALESFACTOR_TECHNICIAN
Column Name found in Datamart and Curated Table :: POSITION
Column Name found in Datamart and Curated Table :: TEAM
Column Name found in Datamart and Curated Table :: COMMUTETIME
Column Name found in Datamart and Curated Table :: HOME_LONGITUDE
Column Name found in Datamart and Curated Table :: HOME_STREET
Column Name found in Datamart and Curated Table :: LOCATION_TECHNICIAN
Column Name found in Datamart and Curated Table :: OVERTIMEMODE
Column Name found in Datamart and Curated Table :: PROJECTEDVALUE
Column Name found in Datamart and Curated Table :: LONGITUDE
Column Name found in Datamart and Curated Table :: TRUCK_ID
Column Name found in Datamart and Curated Table :: TENANT_TYPE
Datamart tables contains additional column name like [ACTIVE_FLAG, RECORD_CREATE_DATE, RECORD_UPDATE_DATE, MASTER_ID]
Curated tables contains additional column name like [RECORD_CREATE_DATE, RECORD_UPDATE_DATE, RECORD_UPDATED_BY]]]>
  </system-out>
  <testcase classname="testcases.RAW_DATAMART_CURATED.SnowFlake_ColumnValidation_Master" name="Testcase_ColumnValidation" time="2.357">
    <failure message="The following asserts failed:
	null" type="java.lang.AssertionError">
      <![CDATA[java.lang.AssertionError: The following asserts failed:
null
at org.testng.asserts.SoftAssert.assertAll(SoftAssert.java:47)
at org.testng.asserts.SoftAssert.assertAll(SoftAssert.java:31)
at testcases.RAW_DATAMART_CURATED.SnowFlake_ColumnValidation_Master.BKP_Tables_ColumnName_validation(SnowFlake_ColumnValidation_Master.java:231)
at testcases.RAW_DATAMART_CURATED.SnowFlake_ColumnValidation_Master.Testcase_ColumnValidation(SnowFlake_ColumnValidation_Master.java:240)
at java.base/jdk.internal.reflect.NativeMethodAccessorImpl.invoke0(Native Method)
at java.base/jdk.internal.reflect.NativeMethodAccessorImpl.invoke(NativeMethodAccessorImpl.java:77)
at java.base/jdk.internal.reflect.DelegatingMethodAccessorImpl.invoke(DelegatingMethodAccessorImpl.java:43)
at java.base/java.lang.reflect.Method.invoke(Method.java:568)
at org.testng.internal.MethodInvocationHelper.invokeMethod(MethodInvocationHelper.java:133)
at org.testng.internal.TestInvoker.invokeMethod(TestInvoker.java:598)
at org.testng.internal.TestInvoker.invokeTestMethod(TestInvoker.java:173)
at org.testng.internal.MethodRunner.runInSequence(MethodRunner.java:46)
at org.testng.internal.TestInvoker$MethodInvocationAgent.invoke(TestInvoker.java:824)
at org.testng.internal.TestInvoker.invokeTestMethods(TestInvoker.java:146)
at org.testng.internal.TestMethodWorker.invokeTestMethods(TestMethodWorker.java:146)
at org.testng.internal.TestMethodWorker.run(TestMethodWorker.java:128)
at java.base/java.util.ArrayList.forEach(ArrayList.java:1511)
at org.testng.TestRunner.privateRun(TestRunner.java:794)
at org.testng.TestRunner.run(TestRunner.java:596)
at org.testng.SuiteRunner.runTest(SuiteRunner.java:377)
at org.testng.SuiteRunner.runSequentially(SuiteRunner.java:371)
at org.testng.SuiteRunner.privateRun(SuiteRunner.java:332)
at org.testng.SuiteRunner.run(SuiteRunner.java:276)
at org.testng.SuiteRunnerWorker.runSuite(SuiteRunnerWorker.java:53)
at org.testng.SuiteRunnerWorker.run(SuiteRunnerWorker.java:96)
at org.testng.TestNG.runSuitesSequentially(TestNG.java:1212)
at org.testng.TestNG.runSuitesLocally(TestNG.java:1134)
at org.testng.TestNG.runSuites(TestNG.java:1063)
at org.testng.TestNG.run(TestNG.java:1031)
at org.testng.remote.AbstractRemoteTestNG.run(AbstractRemoteTestNG.java:115)
at org.testng.remote.RemoteTestNG.initAndRun(RemoteTestNG.java:251)
at org.testng.remote.RemoteTestNG.main(RemoteTestNG.java:77)
]]>
    </failure>
  </testcase> <!-- Testcase_ColumnValidation -->
  <system-out>
    <![CDATA[Executing Snowflake query :: SELECT COLUMN_NAME FROM DEV_ENT_RAW.INFORMATION_SCHEMA.COLUMNS WHERE TABLE_NAME='TECHNICIANATTACHEDPROPERTY'and TABLE_SCHEMA='ST_CASTEEL_MATILLION'
Executing Snowflake query :: SELECT COLUMN_NAME FROM CURATED_DATAMART.INFORMATION_SCHEMA.COLUMNS WHERE TABLE_NAME='STR_TECHNICIANATTACHEDPROPERTY'and TABLE_SCHEMA='ST_BKP_CASTEEL'
Executing Snowflake query :: SELECT COLUMN_NAME FROM DEV_ENT_CURATED.INFORMATION_SCHEMA.COLUMNS WHERE TABLE_NAME='DIM_TECHNICIANATTACHEDPROPERTY'and TABLE_SCHEMA='MASTER_DIMENSIONS'
Column names for RAW Table --> TECHNICIANATTACHEDPROPERTY :: [NAME, OWNER_ID, VALUE]
Column names for DataMart Table --> STR_TECHNICIANATTACHEDPROPERTY :: [MASTER_ID, NAME, ACTIVE_FLAG, RECORD_CREATE_DATE, RECORD_UPDATE_DATE, TENANT_TYPE, VALUE, OWNER_ID]
Column names for Curated Table --> DIM_TECHNICIANATTACHEDPROPERTY :: [OWNER_ID, RECORD_CREATE_DATE, NAME, RECORD_UPDATE_DATE, TENANT_TYPE, VALUE]
Column Name found in Datamart and Curated Table :: NAME
Column Name found in Datamart and Curated Table :: OWNER_ID
Column Name found in Datamart and Curated Table :: VALUE
Datamart tables contains additional column name like [ACTIVE_FLAG, RECORD_CREATE_DATE, RECORD_UPDATE_DATE, RECORD_UPDATE_DATE, MASTER_ID, TENANT_TYPE]
Curated tables not contains additional column name like [RECORD_CREATE_DATE, RECORD_UPDATE_DATE, RECORD_UPDATED_BY, TENANT_TYPE]]]>
  </system-out>
  <testcase classname="testcases.RAW_DATAMART_CURATED.SnowFlake_ColumnValidation_Master" name="Testcase_ColumnValidation" time="2.737">
    <failure message="The following asserts failed:
	null" type="java.lang.AssertionError">
      <![CDATA[java.lang.AssertionError: The following asserts failed:
null
at org.testng.asserts.SoftAssert.assertAll(SoftAssert.java:47)
at org.testng.asserts.SoftAssert.assertAll(SoftAssert.java:31)
at testcases.RAW_DATAMART_CURATED.SnowFlake_ColumnValidation_Master.BKP_Tables_ColumnName_validation(SnowFlake_ColumnValidation_Master.java:231)
at testcases.RAW_DATAMART_CURATED.SnowFlake_ColumnValidation_Master.Testcase_ColumnValidation(SnowFlake_ColumnValidation_Master.java:240)
at jdk.internal.reflect.GeneratedMethodAccessor12.invoke(Unknown Source)
at java.base/jdk.internal.reflect.DelegatingMethodAccessorImpl.invoke(DelegatingMethodAccessorImpl.java:43)
at java.base/java.lang.reflect.Method.invoke(Method.java:568)
at org.testng.internal.MethodInvocationHelper.invokeMethod(MethodInvocationHelper.java:133)
at org.testng.internal.TestInvoker.invokeMethod(TestInvoker.java:598)
at org.testng.internal.TestInvoker.invokeTestMethod(TestInvoker.java:173)
at org.testng.internal.MethodRunner.runInSequence(MethodRunner.java:46)
at org.testng.internal.TestInvoker$MethodInvocationAgent.invoke(TestInvoker.java:824)
at org.testng.internal.TestInvoker.invokeTestMethods(TestInvoker.java:146)
at org.testng.internal.TestMethodWorker.invokeTestMethods(TestMethodWorker.java:146)
at org.testng.internal.TestMethodWorker.run(TestMethodWorker.java:128)
at java.base/java.util.ArrayList.forEach(ArrayList.java:1511)
at org.testng.TestRunner.privateRun(TestRunner.java:794)
at org.testng.TestRunner.run(TestRunner.java:596)
at org.testng.SuiteRunner.runTest(SuiteRunner.java:377)
at org.testng.SuiteRunner.runSequentially(SuiteRunner.java:371)
at org.testng.SuiteRunner.privateRun(SuiteRunner.java:332)
at org.testng.SuiteRunner.run(SuiteRunner.java:276)
at org.testng.SuiteRunnerWorker.runSuite(SuiteRunnerWorker.java:53)
at org.testng.SuiteRunnerWorker.run(SuiteRunnerWorker.java:96)
at org.testng.TestNG.runSuitesSequentially(TestNG.java:1212)
at org.testng.TestNG.runSuitesLocally(TestNG.java:1134)
at org.testng.TestNG.runSuites(TestNG.java:1063)
at org.testng.TestNG.run(TestNG.java:1031)
at org.testng.remote.AbstractRemoteTestNG.run(AbstractRemoteTestNG.java:115)
at org.testng.remote.RemoteTestNG.initAndRun(RemoteTestNG.java:251)
at org.testng.remote.RemoteTestNG.main(RemoteTestNG.java:77)
]]>
    </failure>
  </testcase> <!-- Testcase_ColumnValidation -->
  <system-out>
    <![CDATA[Executing Snowflake query :: SELECT COLUMN_NAME FROM DEV_ENT_RAW.INFORMATION_SCHEMA.COLUMNS WHERE TABLE_NAME='PROJECT'and TABLE_SCHEMA='ST_BILLFENWICK_MATILLION'
Executing Snowflake query :: SELECT COLUMN_NAME FROM CURATED_DATAMART.INFORMATION_SCHEMA.COLUMNS WHERE TABLE_NAME='STR_PROJECT'and TABLE_SCHEMA='ST_BKP_BILLFENWICK'
Executing Snowflake query :: SELECT COLUMN_NAME FROM DEV_ENT_CURATED.INFORMATION_SCHEMA.COLUMNS WHERE TABLE_NAME='DIM_PROJECT'and TABLE_SCHEMA='MASTER_DIMENSIONS'
Column names for RAW Table --> PROJECT :: [AUTHORIZATIONSIGNATURE, ISPREVAILINGWAGE, PAYMENTTERM_ID, ACKNOWLEDGEMENTSIGNATURE, COMPLETIONPERCENT, CONTRACTESTIMATE_ID, NAME, ACTIVE, CUSTOMER_ID, IMPORTID, MODIFIEDON, REVENUERECOGNITIONMETHOD, TECHNICIANSIGNATURE, COMPLETEDON, CREATEDBY_ID, ID, STARTEDON, COMPLETEDONACTUAL, CONTRACTFOR, COSTTOCOMPLETE, CREATEDON, ISRETAINAGEENABLED, NUMBER, PROJECTSETTINGSTYPE, RETAINAGEPERCENT, LOCATION_ID, CONTRACTSTARTDATE, AREITEMSREORDERED, SUMMARY]
Column names for DataMart Table --> STR_PROJECT :: [AUTHORIZATIONSIGNATURE, CUSTOMER_ID, ISPREVAILINGWAGE, CONTRACTESTIMATE_ID, CREATEDON, NUMBER, ID, CONTRACTSTARTDATE, COMPLETIONPERCENT, RETAINAGEPERCENT, IMPORTID, MASTER_ID, MODIFIEDON, RECORD_CREATE_DATE, ACKNOWLEDGEMENTSIGNATURE, COMPLETEDON, COMPLETEDONACTUAL, CONTRACTFOR, ISRETAINAGEENABLED, STARTEDON, TENANT_TYPE, AREITEMSREORDERED, CREATEDBY_ID, MD5_VALUE, REVENUERECOGNITIONMETHOD, PAYMENTTERM_ID, PROJECTSETTINGSTYPE, TECHNICIANSIGNATURE, ACTIVE, ACTIVE_FLAG, LOCATION_ID, NAME, RECORD_UPDATE_DATE, SUMMARY]
Column names for Curated Table --> DIM_PROJECT :: [RECORD_UPDATE_DATE, ACTIVE, AUTHORIZATIONSIGNATURE, COMPLETEDON, RETAINAGEPERCENT, IMPORTID, CONTRACTFOR, CONTRACTSTARTDATE, ID, ISRETAINAGEENABLED, RECORD_CREATE_DATE, RECORD_UPDATED_BY, TENANT_TYPE, PROJECTSETTINGSTYPE, TECHNICIANSIGNATURE, ISPREVAILINGWAGE, MD5_VALUE, NAME, PAYMENTTERM_ID, COMPLETEDONACTUAL, CUSTOMER_ID, NUMBER, AREITEMSREORDERED, CREATEDON, LOCATION_ID, MODIFIEDON, STARTEDON, ACKNOWLEDGEMENTSIGNATURE, COMPLETIONPERCENT, CONTRACTESTIMATE_ID, SUMMARY, CREATEDBY_ID, REVENUERECOGNITIONMETHOD]
Column Name found in Datamart and Curated Table :: AUTHORIZATIONSIGNATURE
Column Name found in Datamart and Curated Table :: ISPREVAILINGWAGE
Column Name found in Datamart and Curated Table :: PAYMENTTERM_ID
Column Name found in Datamart and Curated Table :: ACKNOWLEDGEMENTSIGNATURE
Column Name found in Datamart and Curated Table :: COMPLETIONPERCENT
Column Name found in Datamart and Curated Table :: CONTRACTESTIMATE_ID
Column Name found in Datamart and Curated Table :: NAME
Column Name found in Datamart and Curated Table :: ACTIVE
Column Name found in Datamart and Curated Table :: CUSTOMER_ID
Column Name found in Datamart and Curated Table :: IMPORTID
Column Name found in Datamart and Curated Table :: MODIFIEDON
Column Name found in Datamart and Curated Table :: REVENUERECOGNITIONMETHOD
Column Name found in Datamart and Curated Table :: TECHNICIANSIGNATURE
Column Name found in Datamart and Curated Table :: COMPLETEDON
Column Name found in Datamart and Curated Table :: CREATEDBY_ID
Column Name found in Datamart and Curated Table :: ID
Column Name found in Datamart and Curated Table :: STARTEDON
Column Name found in Datamart and Curated Table :: COMPLETEDONACTUAL
Column Name found in Datamart and Curated Table :: CONTRACTFOR
Column Name not found in Datamart and Curated Table :: COSTTOCOMPLETE
Column Name found in Datamart and Curated Table :: CREATEDON
Column Name found in Datamart and Curated Table :: ISRETAINAGEENABLED
Column Name found in Datamart and Curated Table :: NUMBER
Column Name found in Datamart and Curated Table :: PROJECTSETTINGSTYPE
Column Name found in Datamart and Curated Table :: RETAINAGEPERCENT
Column Name found in Datamart and Curated Table :: LOCATION_ID
Column Name found in Datamart and Curated Table :: CONTRACTSTARTDATE
Column Name found in Datamart and Curated Table :: AREITEMSREORDERED
Column Name found in Datamart and Curated Table :: SUMMARY
Datamart tables contains additional column name like [ACTIVE_FLAG, RECORD_CREATE_DATE, RECORD_UPDATE_DATE, RECORD_UPDATE_DATE, MASTER_ID, TENANT_TYPE]
Curated tables contains additional column name like [RECORD_CREATE_DATE, RECORD_UPDATE_DATE, RECORD_UPDATED_BY, TENANT_TYPE]]]>
  </system-out>
  <testcase classname="testcases.RAW_DATAMART_CURATED.SnowFlake_ColumnValidation_Master" name="Testcase_ColumnValidation" time="2.355">
    <failure message="The following asserts failed:
	null,
	null" type="java.lang.AssertionError">
      <![CDATA[java.lang.AssertionError: The following asserts failed:
null,
null
at org.testng.asserts.SoftAssert.assertAll(SoftAssert.java:47)
at org.testng.asserts.SoftAssert.assertAll(SoftAssert.java:31)
at testcases.RAW_DATAMART_CURATED.SnowFlake_ColumnValidation_Master.API_Tables_ColumnName_validation(SnowFlake_ColumnValidation_Master.java:130)
at testcases.RAW_DATAMART_CURATED.SnowFlake_ColumnValidation_Master.Testcase_ColumnValidation(SnowFlake_ColumnValidation_Master.java:243)
at jdk.internal.reflect.GeneratedMethodAccessor12.invoke(Unknown Source)
at java.base/jdk.internal.reflect.DelegatingMethodAccessorImpl.invoke(DelegatingMethodAccessorImpl.java:43)
at java.base/java.lang.reflect.Method.invoke(Method.java:568)
at org.testng.internal.MethodInvocationHelper.invokeMethod(MethodInvocationHelper.java:133)
at org.testng.internal.TestInvoker.invokeMethod(TestInvoker.java:598)
at org.testng.internal.TestInvoker.invokeTestMethod(TestInvoker.java:173)
at org.testng.internal.MethodRunner.runInSequence(MethodRunner.java:46)
at org.testng.internal.TestInvoker$MethodInvocationAgent.invoke(TestInvoker.java:824)
at org.testng.internal.TestInvoker.invokeTestMethods(TestInvoker.java:146)
at org.testng.internal.TestMethodWorker.invokeTestMethods(TestMethodWorker.java:146)
at org.testng.internal.TestMethodWorker.run(TestMethodWorker.java:128)
at java.base/java.util.ArrayList.forEach(ArrayList.java:1511)
at org.testng.TestRunner.privateRun(TestRunner.java:794)
at org.testng.TestRunner.run(TestRunner.java:596)
at org.testng.SuiteRunner.runTest(SuiteRunner.java:377)
at org.testng.SuiteRunner.runSequentially(SuiteRunner.java:371)
at org.testng.SuiteRunner.privateRun(SuiteRunner.java:332)
at org.testng.SuiteRunner.run(SuiteRunner.java:276)
at org.testng.SuiteRunnerWorker.runSuite(SuiteRunnerWorker.java:53)
at org.testng.SuiteRunnerWorker.run(SuiteRunnerWorker.java:96)
at org.testng.TestNG.runSuitesSequentially(TestNG.java:1212)
at org.testng.TestNG.runSuitesLocally(TestNG.java:1134)
at org.testng.TestNG.runSuites(TestNG.java:1063)
at org.testng.TestNG.run(TestNG.java:1031)
at org.testng.remote.AbstractRemoteTestNG.run(AbstractRemoteTestNG.java:115)
at org.testng.remote.RemoteTestNG.initAndRun(RemoteTestNG.java:251)
at org.testng.remote.RemoteTestNG.main(RemoteTestNG.java:77)
]]>
    </failure>
  </testcase> <!-- Testcase_ColumnValidation -->
  <system-out>
    <![CDATA[Executing Snowflake query :: SELECT COLUMN_NAME FROM DEV_ENT_RAW.INFORMATION_SCHEMA.COLUMNS WHERE TABLE_NAME='ST_API_PROJECT'and TABLE_SCHEMA='API_MAT'
Executing Snowflake query :: SELECT COLUMN_NAME FROM CURATED_DATAMART.INFORMATION_SCHEMA.COLUMNS WHERE TABLE_NAME='STR_API_PROJECT'and TABLE_SCHEMA='ST_API_HARP'
Executing Snowflake query :: SELECT COLUMN_NAME FROM DEV_ENT_CURATED.INFORMATION_SCHEMA.COLUMNS WHERE TABLE_NAME='DIM_PROJECT'and TABLE_SCHEMA='MASTER_DIMENSIONS'
Column names for RAW Table --> ST_API_PROJECT :: [ACTIVE, AREITEMSREORDERED, CUSTOMER_ID, NAME, NUMBER, PROJECTSETTINGSTYPE, TECHNICIANSIGNATURE, SUMMARY, MODIFIEDON, ACKNOWLEDGEMENTSIGNATURE, COMPLETEDON, COMPLETIONPERCENT, COSTTOCOMPLETE, CREATEDBY_ID, CREATEDON, IMPORTID, COMPLETEDONACTUAL, ID, CONTRACTESTIMATE_ID, AUTHORIZATIONSIGNATURE, CONTRACTSTARTDATE, STARTEDON, CONTRACTFOR, ISRETAINAGEENABLED, ISPREVAILINGWAGE, LOCATION_ID, PAYMENTTERM_ID, RETAINAGEPERCENT, REVENUERECOGNITIONMETHOD, TENANT_TYPE]
Column names for DataMart Table --> STR_API_PROJECT :: [NUMBER, RECORD_CREATE_DATE, ACTIVE, CONTRACTFOR, MODIFIEDON, PROJECTSETTINGSTYPE, AUTHORIZATIONSIGNATURE, STARTEDON, TENANT_TYPE, ACKNOWLEDGEMENTSIGNATURE, COMPLETEDONACTUAL, ID, NAME, SUMMARY, MASTER_ID, ISRETAINAGEENABLED, ACTIVE_FLAG, COMPLETIONPERCENT, RECORD_UPDATE_DATE, CREATEDON, CONTRACTESTIMATE_ID, MD5_VALUE, CUSTOMER_ID, AREITEMSREORDERED, COMPLETEDON, CONTRACTSTARTDATE, CREATEDBY_ID, PAYMENTTERM_ID, ISPREVAILINGWAGE, IMPORTID, LOCATION_ID, TECHNICIANSIGNATURE, RETAINAGEPERCENT]
Column names for Curated Table --> DIM_PROJECT :: [RECORD_UPDATE_DATE, ACTIVE, AUTHORIZATIONSIGNATURE, COMPLETEDON, RETAINAGEPERCENT, IMPORTID, CONTRACTFOR, CONTRACTSTARTDATE, ID, ISRETAINAGEENABLED, RECORD_CREATE_DATE, RECORD_UPDATED_BY, TENANT_TYPE, PROJECTSETTINGSTYPE, TECHNICIANSIGNATURE, ISPREVAILINGWAGE, MD5_VALUE, NAME, PAYMENTTERM_ID, COMPLETEDONACTUAL, CUSTOMER_ID, NUMBER, AREITEMSREORDERED, CREATEDON, LOCATION_ID, MODIFIEDON, STARTEDON, ACKNOWLEDGEMENTSIGNATURE, COMPLETIONPERCENT, CONTRACTESTIMATE_ID, SUMMARY, CREATEDBY_ID, REVENUERECOGNITIONMETHOD]
Column Name found in Datamart and Curated Table :: ACTIVE
Column Name found in Datamart and Curated Table :: AREITEMSREORDERED
Column Name found in Datamart and Curated Table :: CUSTOMER_ID
Column Name found in Datamart and Curated Table :: NAME
Column Name found in Datamart and Curated Table :: NUMBER
Column Name found in Datamart and Curated Table :: PROJECTSETTINGSTYPE
Column Name found in Datamart and Curated Table :: TECHNICIANSIGNATURE
Column Name found in Datamart and Curated Table :: SUMMARY
Column Name found in Datamart and Curated Table :: MODIFIEDON
Column Name found in Datamart and Curated Table :: ACKNOWLEDGEMENTSIGNATURE
Column Name found in Datamart and Curated Table :: COMPLETEDON
Column Name found in Datamart and Curated Table :: COMPLETIONPERCENT
Column Name not found in Datamart and Curated Table :: COSTTOCOMPLETE
Column Name found in Datamart and Curated Table :: CREATEDBY_ID
Column Name found in Datamart and Curated Table :: CREATEDON
Column Name found in Datamart and Curated Table :: IMPORTID
Column Name found in Datamart and Curated Table :: COMPLETEDONACTUAL
Column Name found in Datamart and Curated Table :: ID
Column Name found in Datamart and Curated Table :: CONTRACTESTIMATE_ID
Column Name found in Datamart and Curated Table :: AUTHORIZATIONSIGNATURE
Column Name found in Datamart and Curated Table :: CONTRACTSTARTDATE
Column Name found in Datamart and Curated Table :: STARTEDON
Column Name found in Datamart and Curated Table :: CONTRACTFOR
Column Name found in Datamart and Curated Table :: ISRETAINAGEENABLED
Column Name found in Datamart and Curated Table :: ISPREVAILINGWAGE
Column Name found in Datamart and Curated Table :: LOCATION_ID
Column Name found in Datamart and Curated Table :: PAYMENTTERM_ID
Column Name found in Datamart and Curated Table :: RETAINAGEPERCENT
Column Name not found in Datamart and Curated Table :: REVENUERECOGNITIONMETHOD
Column Name found in Datamart and Curated Table :: TENANT_TYPE
Datamart tables contains additional column name like [ACTIVE_FLAG, RECORD_CREATE_DATE, RECORD_UPDATE_DATE, MASTER_ID]
Curated tables contains additional column name like [RECORD_CREATE_DATE, RECORD_UPDATE_DATE, RECORD_UPDATED_BY]]]>
  </system-out>
  <testcase classname="testcases.RAW_DATAMART_CURATED.SnowFlake_ColumnValidation_Master" name="Testcase_ColumnValidation" time="2.546">
    <failure message="The following asserts failed:
	null" type="java.lang.AssertionError">
      <![CDATA[java.lang.AssertionError: The following asserts failed:
null
at org.testng.asserts.SoftAssert.assertAll(SoftAssert.java:47)
at org.testng.asserts.SoftAssert.assertAll(SoftAssert.java:31)
at testcases.RAW_DATAMART_CURATED.SnowFlake_ColumnValidation_Master.BKP_Tables_ColumnName_validation(SnowFlake_ColumnValidation_Master.java:231)
at testcases.RAW_DATAMART_CURATED.SnowFlake_ColumnValidation_Master.Testcase_ColumnValidation(SnowFlake_ColumnValidation_Master.java:240)
at jdk.internal.reflect.GeneratedMethodAccessor12.invoke(Unknown Source)
at java.base/jdk.internal.reflect.DelegatingMethodAccessorImpl.invoke(DelegatingMethodAccessorImpl.java:43)
at java.base/java.lang.reflect.Method.invoke(Method.java:568)
at org.testng.internal.MethodInvocationHelper.invokeMethod(MethodInvocationHelper.java:133)
at org.testng.internal.TestInvoker.invokeMethod(TestInvoker.java:598)
at org.testng.internal.TestInvoker.invokeTestMethod(TestInvoker.java:173)
at org.testng.internal.MethodRunner.runInSequence(MethodRunner.java:46)
at org.testng.internal.TestInvoker$MethodInvocationAgent.invoke(TestInvoker.java:824)
at org.testng.internal.TestInvoker.invokeTestMethods(TestInvoker.java:146)
at org.testng.internal.TestMethodWorker.invokeTestMethods(TestMethodWorker.java:146)
at org.testng.internal.TestMethodWorker.run(TestMethodWorker.java:128)
at java.base/java.util.ArrayList.forEach(ArrayList.java:1511)
at org.testng.TestRunner.privateRun(TestRunner.java:794)
at org.testng.TestRunner.run(TestRunner.java:596)
at org.testng.SuiteRunner.runTest(SuiteRunner.java:377)
at org.testng.SuiteRunner.runSequentially(SuiteRunner.java:371)
at org.testng.SuiteRunner.privateRun(SuiteRunner.java:332)
at org.testng.SuiteRunner.run(SuiteRunner.java:276)
at org.testng.SuiteRunnerWorker.runSuite(SuiteRunnerWorker.java:53)
at org.testng.SuiteRunnerWorker.run(SuiteRunnerWorker.java:96)
at org.testng.TestNG.runSuitesSequentially(TestNG.java:1212)
at org.testng.TestNG.runSuitesLocally(TestNG.java:1134)
at org.testng.TestNG.runSuites(TestNG.java:1063)
at org.testng.TestNG.run(TestNG.java:1031)
at org.testng.remote.AbstractRemoteTestNG.run(AbstractRemoteTestNG.java:115)
at org.testng.remote.RemoteTestNG.initAndRun(RemoteTestNG.java:251)
at org.testng.remote.RemoteTestNG.main(RemoteTestNG.java:77)
]]>
    </failure>
  </testcase> <!-- Testcase_ColumnValidation -->
  <system-out>
    <![CDATA[Executing Snowflake query :: SELECT COLUMN_NAME FROM DEV_ENT_RAW.INFORMATION_SCHEMA.COLUMNS WHERE TABLE_NAME='TECHNICIANPAYROLLADJUSTMENT'and TABLE_SCHEMA='ST_HENDERSON_MATILLION'
Executing Snowflake query :: SELECT COLUMN_NAME FROM CURATED_DATAMART.INFORMATION_SCHEMA.COLUMNS WHERE TABLE_NAME='STR_TECHNICIANPAYROLLADJUSTMENT'and TABLE_SCHEMA='ST_BKP_HENDERSON'
Executing Snowflake query :: SELECT COLUMN_NAME FROM DEV_ENT_CURATED.INFORMATION_SCHEMA.COLUMNS WHERE TABLE_NAME='DIM_TECHNICIANPAYROLLADJUSTMENT'and TABLE_SCHEMA='MASTER_DIMENSIONS'
Column names for RAW Table --> TECHNICIANPAYROLLADJUSTMENT :: [CREATEDON, ID, JOBNUMBER, RATE, INVOICE_ID, CUSTOMERNAME, INVOICENUMBER, BUSINESSUNIT_ID, ISPREVAILINGWAGEJOB, JOBLOCATIONADDRESS, PERSISTENCETYPE, PAYROLLCODE_ORIGINALCODE, PROJECT_ID, REPLACESBONUSAMOUNT, AMOUNT, PAYROLLCODE_NAME, ACTIVE, BUSINESSUNITNAME, CODE_NAME, CODE_PAYROLLCODE, PAYROLLADJUSTMENT_ID, CUSTOMER_ID, HOURS, JOB_ID, POSTEDON, JOBLOCATIONNAME, CODE_ORIGINALCODE, CREATEDBY_ID, IMPORTID, ISOTCHARGE, JOBLOCATIONZIP, PAYROLLCODE_CODE, TYPE, ZONENAME, MEMO, TECHNICIAN_ID, PAYROLL_ID, PROJECTNUMBER, QUANTITY, JOBLOCATION_ID, TAXZONENAME, TAXZONE_ID, ZONE_ID]
Column names for DataMart Table --> STR_TECHNICIANPAYROLLADJUSTMENT :: [BUSINESSUNIT_ID, CREATEDON, IMPORTID, INVOICENUMBER, PAYROLL_ID, RECORD_CREATE_DATE, ISOTCHARGE, PROJECT_ID, MASTER_ID, TYPE, CODE_ORIGINALCODE, CUSTOMERNAME, CUSTOMER_ID, PAYROLLCODE_NAME, PAYROLLCODE_ORIGINALCODE, PERSISTENCETYPE, INVOICE_ID, CODE_PAYROLLCODE, ISPREVAILINGWAGEJOB, JOBLOCATIONZIP, QUANTITY, ACTIVE_FLAG, AMOUNT, CODE_NAME, JOBNUMBER, PROJECTNUMBER, RATE, TECHNICIAN_ID, ACTIVE, JOBLOCATIONADDRESS, MEMO, PAYROLLADJUSTMENT_ID, TAXZONE_ID, HOURS, TAXZONENAME, ZONENAME, ZONE_ID, JOBLOCATIONNAME, BUSINESSUNITNAME, POSTEDON, REPLACESBONUSAMOUNT, CREATEDBY_ID, ID, PAYROLLCODE_CODE, JOBLOCATION_ID, JOB_ID, RECORD_UPDATE_DATE, TENANT_TYPE]
Column names for Curated Table --> DIM_TECHNICIANPAYROLLADJUSTMENT :: [BUSINESSUNIT_ID, CREATEDON, CUSTOMER_ID, ISOTCHARGE, ISPREVAILINGWAGEJOB, JOBLOCATION_ID, TYPE, PAYROLLCODE_CODE, BUSINESSUNITNAME, INVOICENUMBER, PROJECTNUMBER, TECHNICIAN_ID, PAYROLLCODE_ORIGINALCODE, AMOUNT, HOURS, JOBNUMBER, QUANTITY, TENANT_TYPE, INVOICE_ID, JOBLOCATIONZIP, JOB_ID, JOBLOCATIONNAME, PERSISTENCETYPE, CODE_ORIGINALCODE, PAYROLL_ID, CODE_NAME, ZONE_ID, RECORD_UPDATE_DATE, CODE_PAYROLLCODE, CREATEDBY_ID, POSTEDON, PAYROLLADJUSTMENT_ID, ID, PROJECT_ID, TAXZONE_ID, ACTIVE, CUSTOMERNAME, PAYROLLCODE_NAME, RECORD_CREATE_DATE, REPLACESBONUSAMOUNT, TAXZONENAME, IMPORTID, JOBLOCATIONADDRESS, MEMO, RATE, ZONENAME]
Column Name found in Datamart and Curated Table :: CREATEDON
Column Name found in Datamart and Curated Table :: ID
Column Name found in Datamart and Curated Table :: JOBNUMBER
Column Name found in Datamart and Curated Table :: RATE
Column Name found in Datamart and Curated Table :: INVOICE_ID
Column Name found in Datamart and Curated Table :: CUSTOMERNAME
Column Name found in Datamart and Curated Table :: INVOICENUMBER
Column Name found in Datamart and Curated Table :: BUSINESSUNIT_ID
Column Name found in Datamart and Curated Table :: ISPREVAILINGWAGEJOB
Column Name found in Datamart and Curated Table :: JOBLOCATIONADDRESS
Column Name found in Datamart and Curated Table :: PERSISTENCETYPE
Column Name found in Datamart and Curated Table :: PAYROLLCODE_ORIGINALCODE
Column Name found in Datamart and Curated Table :: PROJECT_ID
Column Name found in Datamart and Curated Table :: REPLACESBONUSAMOUNT
Column Name found in Datamart and Curated Table :: AMOUNT
Column Name found in Datamart and Curated Table :: PAYROLLCODE_NAME
Column Name found in Datamart and Curated Table :: ACTIVE
Column Name found in Datamart and Curated Table :: BUSINESSUNITNAME
Column Name found in Datamart and Curated Table :: CODE_NAME
Column Name found in Datamart and Curated Table :: CODE_PAYROLLCODE
Column Name found in Datamart and Curated Table :: PAYROLLADJUSTMENT_ID
Column Name found in Datamart and Curated Table :: CUSTOMER_ID
Column Name found in Datamart and Curated Table :: HOURS
Column Name found in Datamart and Curated Table :: JOB_ID
Column Name found in Datamart and Curated Table :: POSTEDON
Column Name found in Datamart and Curated Table :: JOBLOCATIONNAME
Column Name found in Datamart and Curated Table :: CODE_ORIGINALCODE
Column Name found in Datamart and Curated Table :: CREATEDBY_ID
Column Name found in Datamart and Curated Table :: IMPORTID
Column Name found in Datamart and Curated Table :: ISOTCHARGE
Column Name found in Datamart and Curated Table :: JOBLOCATIONZIP
Column Name found in Datamart and Curated Table :: PAYROLLCODE_CODE
Column Name found in Datamart and Curated Table :: TYPE
Column Name found in Datamart and Curated Table :: ZONENAME
Column Name found in Datamart and Curated Table :: MEMO
Column Name found in Datamart and Curated Table :: TECHNICIAN_ID
Column Name found in Datamart and Curated Table :: PAYROLL_ID
Column Name found in Datamart and Curated Table :: PROJECTNUMBER
Column Name found in Datamart and Curated Table :: QUANTITY
Column Name found in Datamart and Curated Table :: JOBLOCATION_ID
Column Name found in Datamart and Curated Table :: TAXZONENAME
Column Name found in Datamart and Curated Table :: TAXZONE_ID
Column Name found in Datamart and Curated Table :: ZONE_ID
Datamart tables contains additional column name like [ACTIVE_FLAG, RECORD_CREATE_DATE, RECORD_UPDATE_DATE, RECORD_UPDATE_DATE, MASTER_ID, TENANT_TYPE]
Curated tables not contains additional column name like [RECORD_CREATE_DATE, RECORD_UPDATE_DATE, RECORD_UPDATED_BY, TENANT_TYPE]]]>
  </system-out>
  <testcase classname="testcases.RAW_DATAMART_CURATED.SnowFlake_ColumnValidation_Master" name="Testcase_ColumnValidation" time="2.180">
    <failure message="The following asserts failed:
	null" type="java.lang.AssertionError">
      <![CDATA[java.lang.AssertionError: The following asserts failed:
null
at org.testng.asserts.SoftAssert.assertAll(SoftAssert.java:47)
at org.testng.asserts.SoftAssert.assertAll(SoftAssert.java:31)
at testcases.RAW_DATAMART_CURATED.SnowFlake_ColumnValidation_Master.BKP_Tables_ColumnName_validation(SnowFlake_ColumnValidation_Master.java:231)
at testcases.RAW_DATAMART_CURATED.SnowFlake_ColumnValidation_Master.Testcase_ColumnValidation(SnowFlake_ColumnValidation_Master.java:240)
at java.base/jdk.internal.reflect.NativeMethodAccessorImpl.invoke0(Native Method)
at java.base/jdk.internal.reflect.NativeMethodAccessorImpl.invoke(NativeMethodAccessorImpl.java:77)
at java.base/jdk.internal.reflect.DelegatingMethodAccessorImpl.invoke(DelegatingMethodAccessorImpl.java:43)
at java.base/java.lang.reflect.Method.invoke(Method.java:568)
at org.testng.internal.MethodInvocationHelper.invokeMethod(MethodInvocationHelper.java:133)
at org.testng.internal.TestInvoker.invokeMethod(TestInvoker.java:598)
at org.testng.internal.TestInvoker.invokeTestMethod(TestInvoker.java:173)
at org.testng.internal.MethodRunner.runInSequence(MethodRunner.java:46)
at org.testng.internal.TestInvoker$MethodInvocationAgent.invoke(TestInvoker.java:824)
at org.testng.internal.TestInvoker.invokeTestMethods(TestInvoker.java:146)
at org.testng.internal.TestMethodWorker.invokeTestMethods(TestMethodWorker.java:146)
at org.testng.internal.TestMethodWorker.run(TestMethodWorker.java:128)
at java.base/java.util.ArrayList.forEach(ArrayList.java:1511)
at org.testng.TestRunner.privateRun(TestRunner.java:794)
at org.testng.TestRunner.run(TestRunner.java:596)
at org.testng.SuiteRunner.runTest(SuiteRunner.java:377)
at org.testng.SuiteRunner.runSequentially(SuiteRunner.java:371)
at org.testng.SuiteRunner.privateRun(SuiteRunner.java:332)
at org.testng.SuiteRunner.run(SuiteRunner.java:276)
at org.testng.SuiteRunnerWorker.runSuite(SuiteRunnerWorker.java:53)
at org.testng.SuiteRunnerWorker.run(SuiteRunnerWorker.java:96)
at org.testng.TestNG.runSuitesSequentially(TestNG.java:1212)
at org.testng.TestNG.runSuitesLocally(TestNG.java:1134)
at org.testng.TestNG.runSuites(TestNG.java:1063)
at org.testng.TestNG.run(TestNG.java:1031)
at org.testng.remote.AbstractRemoteTestNG.run(AbstractRemoteTestNG.java:115)
at org.testng.remote.RemoteTestNG.initAndRun(RemoteTestNG.java:251)
at org.testng.remote.RemoteTestNG.main(RemoteTestNG.java:77)
]]>
    </failure>
  </testcase> <!-- Testcase_ColumnValidation -->
  <system-out>
    <![CDATA[Executing Snowflake query :: SELECT COLUMN_NAME FROM DEV_ENT_RAW.INFORMATION_SCHEMA.COLUMNS WHERE TABLE_NAME='TECHNICIANATTACHEDPROPERTY'and TABLE_SCHEMA='ST_FOURPROS_MATILLION'
Executing Snowflake query :: SELECT COLUMN_NAME FROM CURATED_DATAMART.INFORMATION_SCHEMA.COLUMNS WHERE TABLE_NAME='STR_TECHNICIANATTACHEDPROPERTY'and TABLE_SCHEMA='ST_BKP_FOURPROS'
Executing Snowflake query :: SELECT COLUMN_NAME FROM DEV_ENT_CURATED.INFORMATION_SCHEMA.COLUMNS WHERE TABLE_NAME='DIM_TECHNICIANATTACHEDPROPERTY'and TABLE_SCHEMA='MASTER_DIMENSIONS'
Column names for RAW Table --> TECHNICIANATTACHEDPROPERTY :: [VALUE, NAME, OWNER_ID]
Column names for DataMart Table --> STR_TECHNICIANATTACHEDPROPERTY :: [TENANT_TYPE, MASTER_ID, RECORD_UPDATE_DATE, OWNER_ID, ACTIVE_FLAG, VALUE, RECORD_CREATE_DATE, NAME]
Column names for Curated Table --> DIM_TECHNICIANATTACHEDPROPERTY :: [OWNER_ID, RECORD_CREATE_DATE, NAME, RECORD_UPDATE_DATE, TENANT_TYPE, VALUE]
Column Name found in Datamart and Curated Table :: VALUE
Column Name found in Datamart and Curated Table :: NAME
Column Name found in Datamart and Curated Table :: OWNER_ID
Datamart tables contains additional column name like [ACTIVE_FLAG, RECORD_CREATE_DATE, RECORD_UPDATE_DATE, RECORD_UPDATE_DATE, MASTER_ID, TENANT_TYPE]
Curated tables not contains additional column name like [RECORD_CREATE_DATE, RECORD_UPDATE_DATE, RECORD_UPDATED_BY, TENANT_TYPE]]]>
  </system-out>
  <testcase classname="testcases.RAW_DATAMART_CURATED.SnowFlake_ColumnValidation_Master" name="Testcase_ColumnValidation" time="3.429">
    <failure message="The following asserts failed:
	null" type="java.lang.AssertionError">
      <![CDATA[java.lang.AssertionError: The following asserts failed:
null
at org.testng.asserts.SoftAssert.assertAll(SoftAssert.java:47)
at org.testng.asserts.SoftAssert.assertAll(SoftAssert.java:31)
at testcases.RAW_DATAMART_CURATED.SnowFlake_ColumnValidation_Master.BKP_Tables_ColumnName_validation(SnowFlake_ColumnValidation_Master.java:231)
at testcases.RAW_DATAMART_CURATED.SnowFlake_ColumnValidation_Master.Testcase_ColumnValidation(SnowFlake_ColumnValidation_Master.java:240)
at java.base/jdk.internal.reflect.NativeMethodAccessorImpl.invoke0(Native Method)
at java.base/jdk.internal.reflect.NativeMethodAccessorImpl.invoke(NativeMethodAccessorImpl.java:77)
at java.base/jdk.internal.reflect.DelegatingMethodAccessorImpl.invoke(DelegatingMethodAccessorImpl.java:43)
at java.base/java.lang.reflect.Method.invoke(Method.java:568)
at org.testng.internal.MethodInvocationHelper.invokeMethod(MethodInvocationHelper.java:133)
at org.testng.internal.TestInvoker.invokeMethod(TestInvoker.java:598)
at org.testng.internal.TestInvoker.invokeTestMethod(TestInvoker.java:173)
at org.testng.internal.MethodRunner.runInSequence(MethodRunner.java:46)
at org.testng.internal.TestInvoker$MethodInvocationAgent.invoke(TestInvoker.java:824)
at org.testng.internal.TestInvoker.invokeTestMethods(TestInvoker.java:146)
at org.testng.internal.TestMethodWorker.invokeTestMethods(TestMethodWorker.java:146)
at org.testng.internal.TestMethodWorker.run(TestMethodWorker.java:128)
at java.base/java.util.ArrayList.forEach(ArrayList.java:1511)
at org.testng.TestRunner.privateRun(TestRunner.java:794)
at org.testng.TestRunner.run(TestRunner.java:596)
at org.testng.SuiteRunner.runTest(SuiteRunner.java:377)
at org.testng.SuiteRunner.runSequentially(SuiteRunner.java:371)
at org.testng.SuiteRunner.privateRun(SuiteRunner.java:332)
at org.testng.SuiteRunner.run(SuiteRunner.java:276)
at org.testng.SuiteRunnerWorker.runSuite(SuiteRunnerWorker.java:53)
at org.testng.SuiteRunnerWorker.run(SuiteRunnerWorker.java:96)
at org.testng.TestNG.runSuitesSequentially(TestNG.java:1212)
at org.testng.TestNG.runSuitesLocally(TestNG.java:1134)
at org.testng.TestNG.runSuites(TestNG.java:1063)
at org.testng.TestNG.run(TestNG.java:1031)
at org.testng.remote.AbstractRemoteTestNG.run(AbstractRemoteTestNG.java:115)
at org.testng.remote.RemoteTestNG.initAndRun(RemoteTestNG.java:251)
at org.testng.remote.RemoteTestNG.main(RemoteTestNG.java:77)
]]>
    </failure>
  </testcase> <!-- Testcase_ColumnValidation -->
  <system-out>
    <![CDATA[Executing Snowflake query :: SELECT COLUMN_NAME FROM DEV_ENT_RAW.INFORMATION_SCHEMA.COLUMNS WHERE TABLE_NAME='TECHNICIANPAYROLL'and TABLE_SCHEMA='ST_BILLFENWICK_MATILLION'
Executing Snowflake query :: SELECT COLUMN_NAME FROM CURATED_DATAMART.INFORMATION_SCHEMA.COLUMNS WHERE TABLE_NAME='STR_TECHNICIANPAYROLL'and TABLE_SCHEMA='ST_BKP_BILLFENWICK'
Executing Snowflake query :: SELECT COLUMN_NAME FROM DEV_ENT_CURATED.INFORMATION_SCHEMA.COLUMNS WHERE TABLE_NAME='DIM_TECHNICIANPAYROLL'and TABLE_SCHEMA='MASTER_DIMENSIONS'
Column names for RAW Table --> TECHNICIANPAYROLL :: [ATLASBUTLERTECHNICIANROLE, DEFAULTPAYROLLADJUSTMENTRATE, ISQUEUEDFORFORCEDSALARYRECALC, LASTTIMESALARYGROSSPAYITEMSGENERATED, PAYROLLID, PAYROLLREPORTVERSION, SCHEDULEDCREWSPLITCOMMISSIONRATE, SEARSPAYROLLROLE, TECHNICIANPAYTYPE, TO, PAYROLLFLATFEE, ACTIVE, BUSINESSUNITPAYROLLIDLETIMEDOUBLEOVERTIMEPAYCODE_NAME, BUSINESSUNITWEIGHTEDOVERTIMEPAYCODENEW_ORIGINALCODE, CREATEDBY_ID, ID, IMPORTID, LASTTIMEUPDATED, BUSINESSUNITPAYROLLIDLETIMESTANDARDPAYCODE_ORIGINALCODE, PAYROLLCOSTMARKUP, TECHNICIANCOMMUTETIME, TECHNICIANSOLDBYRATE, TURNOVERMINIMUMTHRESHOLD, TECHNICIANDEDUCTCOMMUTETIMEFROMFIRSTDRIVE, SUPPORTSPERSISTEDINVOICES, BUSINESSUNITPAYROLLIDLETIMEDOUBLEOVERTIMEPAYCODE_CODE, BUSINESSUNITPAYROLLIDLETIMEOVERTIMEPAYCODE_NAME, BUSINESSUNITPAYROLLIDLETIMESTANDARDPAYCODE_NAME, HASCALCULATEDSALARYGROSSPAYITEMS, HASCALCULATEDTIMESHEETGROSSPAYITEMS, LASTTIMEGROSSPAYITEMSGENERATED, PAYROLLFLATFEEMINIMUM, PAYROLLMARGINALRANGEBONUSES, TECHNICIAN_ID, PAYROLLPERCENTAGEFEEMINIMUM, PAYROLLREVIEWSTATE_MANAGERSTATUS, ADDONCREWSPLITCOMMISSIONRATE, BUSINESSUNITPAYROLLIDLETIMESTANDARDPAYCODE_CODE, DEDUCTCOSTSFROMSOLDBYCREDIT, LASTTIMETIMESHEETSGROSSPAYITEMSGENERATED, OVERTIMEPROFILE_ID, PAYFORIDLETIMEOVERONEHOUR, PAYROLLTYPE, PREVENTNJAOVERLAPPING, USEPAYROLLDATE, BUSINESSUNITPAYROLLIDLETIMESTPAYCODE, MANAGERNAME, TIMEZONE, BUSINESSUNITNAME, TECHNICIANINVOICINGHOURLYRATE, PAYROLLREVIEWSTATE_MANAGERUPDATEDON, ENABLETECHNICIANCLOCKINANDCLOCKOUT, HASCALCULATEDGROSSPAYITEMS, LINEITEMSONPURCHASEORDERS, PAYROLLREVIEWSTATE_DISPUTEREASON, PAYROLLUSENSVASSOLDBYBASE, ROUNDSOLDHOURSTOTWODECIMALPLACES, SCHEDULEDSOLOCOMMISSIONRATE, TECHNICIANFIRSTDRIVERULE, WILLIAMSPAYROLLIGNORESINVOICEBALANCETOPAYTGLANDSOLDBY, BUSINESSUNITPAYROLLIDLETIMEOTPAYCODE, INCLUDESELLERFEEANDTECHSPECIFICBONUS, SCHEDULEDMULTITECHCOMMISSIONRATE, DISABLEDOUBLEOVERTIME, PAYFORIDLETIMEUPTO, PAYROLLPERCENTAGEFEE, PAYROLLREVIEWSTATE_STATUS, TECHNICIANTYPE, PAYROLLPERIOD_ID, SELLERFEE, MANAGER_ID, TECHNICIANHOURLYRATE, USECUSTOMIDLETIMERULES, ADDONMULTITECHCOMMISSIONRATE, ADDONSOLOCOMMISSIONRATE, BURDENRATE, BUSINESSUNITPAYROLLIDLETIMEDOUBLEOVERTIMEPAYCODE_ORIGINALCODE, BUSINESSUNITPAYROLLIDLETIMEOVERTIMEPAYCODE_CODE, SHOWPAYROLLPERSISTENCEFIELDSANDREPORTS, TECHNICIANPAYROLLSTATUS, BUSINESSUNITWEIGHTEDOVERTIMEPAYCODENEW_CODE, PAYROLLSHOWMATERIALSINCOST, PAYROLLUSECOMMISSIONBASETODETECTRANGEBONUS, TECHNICIANNAME, TECHNICIANOVERTIMEMODE, TURNOVERBONUS, BUSINESSUNITWEIGHTEDOVERTIMEPAYCODENEW_NAME, BUSINESSUNIT_ID, BUSINESSUNITPAYROLLIDLETIMEOVERTIMEPAYCODE_ORIGINALCODE, BUSINESSUNITWEIGHTEDOVERTIMEPAYCODE, ISQUEUEDFORFORCEDCOMMISSIONRECALC, ISQUEUEDFORFORCEDTIMESHEETRECALC, PAYROLLREVIEWSTATE_AUTHORIZATIONSIGNATURE, UPDATEERRORLOGID, CREATEDON, PAYROLLEXPENSEDEDUCTIONTRIGGER, TECHNICIANCOMMISSIONRATE, TECHNICIANPAYROLLSTARTPERIOD, PAYROLLREVIEWSTATE_TECHNICIANUPDATEDON, FROM]
Column names for DataMart Table --> STR_TECHNICIANPAYROLL :: [ADDONCREWSPLITCOMMISSIONRATE, ADDONSOLOCOMMISSIONRATE, DEFAULTPAYROLLADJUSTMENTRATE, MANAGERNAME, TECHNICIANPAYROLLSTATUS, ATLASBUTLERTECHNICIANROLE, CREATEDBY_ID, ISQUEUEDFORFORCEDCOMMISSIONRECALC, PAYROLLREVIEWSTATE_TECHNICIANUPDATEDON, SUPPORTSPERSISTEDINVOICES, TECHNICIANINVOICINGHOURLYRATE, BUSINESSUNITPAYROLLIDLETIMEDOUBLEOVERTIMEPAYCODE_NAME, PAYFORIDLETIMEUPTO, TECHNICIANNAME, PAYROLLTYPE, ROUNDSOLDHOURSTOTWODECIMALPLACES, TURNOVERMINIMUMTHRESHOLD, PAYROLLREVIEWSTATE_MANAGERSTATUS, RECORD_UPDATE_DATE, PAYROLLFLATFEEMINIMUM, BUSINESSUNITPAYROLLIDLETIMEOTPAYCODE, BUSINESSUNITPAYROLLIDLETIMEOVERTIMEPAYCODE_NAME, ENABLETECHNICIANCLOCKINANDCLOCKOUT, INCLUDESELLERFEEANDTECHSPECIFICBONUS, LASTTIMESALARYGROSSPAYITEMSGENERATED, PAYROLLFLATFEE, TECHNICIANPAYROLLSTARTPERIOD, TURNOVERBONUS, USEPAYROLLDATE, DISABLEDOUBLEOVERTIME, TO, USECUSTOMIDLETIMERULES, SCHEDULEDCREWSPLITCOMMISSIONRATE, TECHNICIANCOMMUTETIME, SCHEDULEDMULTITECHCOMMISSIONRATE, BURDENRATE, BUSINESSUNITPAYROLLIDLETIMEOVERTIMEPAYCODE_ORIGINALCODE, BUSINESSUNITPAYROLLIDLETIMESTANDARDPAYCODE_CODE, BUSINESSUNITPAYROLLIDLETIMESTPAYCODE, FROM, HASCALCULATEDTIMESHEETGROSSPAYITEMS, TECHNICIANPAYTYPE, UPDATEERRORLOGID, SCHEDULEDSOLOCOMMISSIONRATE, SELLERFEE, PAYROLLREVIEWSTATE_DISPUTEREASON, ISQUEUEDFORFORCEDSALARYRECALC, PAYROLLPERCENTAGEFEE, TECHNICIANTYPE, BUSINESSUNITPAYROLLIDLETIMESTANDARDPAYCODE_NAME, BUSINESSUNITWEIGHTEDOVERTIMEPAYCODENEW_CODE, HASCALCULATEDGROSSPAYITEMS, ISQUEUEDFORFORCEDTIMESHEETRECALC, LASTTIMETIMESHEETSGROSSPAYITEMSGENERATED, LASTTIMEUPDATED, PAYROLLREVIEWSTATE_MANAGERUPDATEDON, PREVENTNJAOVERLAPPING, OVERTIMEPROFILE_ID, PAYROLLPERCENTAGEFEEMINIMUM, TECHNICIAN_ID, TENANT_TYPE, BUSINESSUNITWEIGHTEDOVERTIMEPAYCODENEW_ORIGINALCODE, BUSINESSUNIT_ID, LINEITEMSONPURCHASEORDERS, PAYROLLMARGINALRANGEBONUSES, PAYROLLID, ADDONMULTITECHCOMMISSIONRATE, BUSINESSUNITPAYROLLIDLETIMEDOUBLEOVERTIMEPAYCODE_CODE, BUSINESSUNITPAYROLLIDLETIMEOVERTIMEPAYCODE_CODE, DEDUCTCOSTSFROMSOLDBYCREDIT, MANAGER_ID, BUSINESSUNITPAYROLLIDLETIMEDOUBLEOVERTIMEPAYCODE_ORIGINALCODE, PAYROLLCOSTMARKUP, PAYROLLREPORTVERSION, PAYROLLUSECOMMISSIONBASETODETECTRANGEBONUS, PAYROLLUSENSVASSOLDBYBASE, SEARSPAYROLLROLE, TECHNICIANDEDUCTCOMMUTETIMEFROMFIRSTDRIVE, TECHNICIANOVERTIMEMODE, TECHNICIANSOLDBYRATE, WILLIAMSPAYROLLIGNORESINVOICEBALANCETOPAYTGLANDSOLDBY, HASCALCULATEDSALARYGROSSPAYITEMS, BUSINESSUNITNAME, CREATEDON, ACTIVE, BUSINESSUNITWEIGHTEDOVERTIMEPAYCODENEW_NAME, ID, MASTER_ID, PAYROLLREVIEWSTATE_STATUS, TECHNICIANCOMMISSIONRATE, TECHNICIANHOURLYRATE, BUSINESSUNITPAYROLLIDLETIMESTANDARDPAYCODE_ORIGINALCODE, PAYFORIDLETIMEOVERONEHOUR, PAYROLLSHOWMATERIALSINCOST, ACTIVE_FLAG, RECORD_CREATE_DATE, TIMEZONE, BUSINESSUNITWEIGHTEDOVERTIMEPAYCODE, LASTTIMEGROSSPAYITEMSGENERATED, PAYROLLEXPENSEDEDUCTIONTRIGGER, SHOWPAYROLLPERSISTENCEFIELDSANDREPORTS, PAYROLLPERIOD_ID, PAYROLLREVIEWSTATE_AUTHORIZATIONSIGNATURE, TECHNICIANFIRSTDRIVERULE, IMPORTID]
Column names for Curated Table --> DIM_TECHNICIANPAYROLL :: [ADDONMULTITECHCOMMISSIONRATE, BURDENRATE, BUSINESSUNITPAYROLLIDLETIMEDOUBLEOVERTIMEPAYCODE_ORIGINALCODE, BUSINESSUNITPAYROLLIDLETIMESTANDARDPAYCODE_CODE, DISABLEDOUBLEOVERTIME, ENABLETECHNICIANCLOCKINANDCLOCKOUT, ID, PAYROLLFLATFEE, TECHNICIANNAME, LINEITEMSONPURCHASEORDERS, SHOWPAYROLLPERSISTENCEFIELDSANDREPORTS, UPDATEERRORLOGID, DEFAULTPAYROLLADJUSTMENTRATE, TECHNICIAN_ID, ADDONSOLOCOMMISSIONRATE, ISQUEUEDFORFORCEDSALARYRECALC, TURNOVERBONUS, BUSINESSUNITPAYROLLIDLETIMEOVERTIMEPAYCODE_NAME, HASCALCULATEDTIMESHEETGROSSPAYITEMS, OVERTIMEPROFILE_ID, TECHNICIANPAYROLLSTARTPERIOD, WILLIAMSPAYROLLIGNORESINVOICEBALANCETOPAYTGLANDSOLDBY, TURNOVERMINIMUMTHRESHOLD, USEPAYROLLDATE, MANAGERNAME, PAYROLLCOSTMARKUP, SEARSPAYROLLROLE, TECHNICIANPAYTYPE, HASCALCULATEDSALARYGROSSPAYITEMS, PAYROLLREVIEWSTATE_MANAGERUPDATEDON, PAYROLLTYPE, SCHEDULEDCREWSPLITCOMMISSIONRATE, TENANT_TYPE, SUPPORTSPERSISTEDINVOICES, ADDONCREWSPLITCOMMISSIONRATE, BUSINESSUNITPAYROLLIDLETIMEDOUBLEOVERTIMEPAYCODE_NAME, BUSINESSUNITPAYROLLIDLETIMEOVERTIMEPAYCODE_CODE, BUSINESSUNITPAYROLLIDLETIMESTPAYCODE, BUSINESSUNITWEIGHTEDOVERTIMEPAYCODENEW_CODE, LASTTIMETIMESHEETSGROSSPAYITEMSGENERATED, PAYROLLFLATFEEMINIMUM, TECHNICIANSOLDBYRATE, BUSINESSUNITWEIGHTEDOVERTIMEPAYCODENEW_NAME, RECORD_CREATE_DATE, TIMEZONE, PAYROLLREVIEWSTATE_DISPUTEREASON, TO, LASTTIMESALARYGROSSPAYITEMSGENERATED, ACTIVE, BUSINESSUNITPAYROLLIDLETIMESTANDARDPAYCODE_NAME, BUSINESSUNITPAYROLLIDLETIMESTANDARDPAYCODE_ORIGINALCODE, CREATEDON, LASTTIMEGROSSPAYITEMSGENERATED, PAYROLLPERCENTAGEFEE, SCHEDULEDMULTITECHCOMMISSIONRATE, BUSINESSUNITNAME, PAYFORIDLETIMEUPTO, PAYROLLREVIEWSTATE_STATUS, PAYROLLREVIEWSTATE_TECHNICIANUPDATEDON, SELLERFEE, TECHNICIANINVOICINGHOURLYRATE, TECHNICIANPAYROLLSTATUS, TECHNICIANTYPE, BUSINESSUNITPAYROLLIDLETIMEDOUBLEOVERTIMEPAYCODE_CODE, HASCALCULATEDGROSSPAYITEMS, PAYFORIDLETIMEOVERONEHOUR, PAYROLLUSECOMMISSIONBASETODETECTRANGEBONUS, RECORD_UPDATE_DATE, PAYROLLREVIEWSTATE_AUTHORIZATIONSIGNATURE, TECHNICIANFIRSTDRIVERULE, BUSINESSUNITPAYROLLIDLETIMEOVERTIMEPAYCODE_ORIGINALCODE, BUSINESSUNITPAYROLLIDLETIMEOTPAYCODE, CREATEDBY_ID, ISQUEUEDFORFORCEDCOMMISSIONRECALC, PREVENTNJAOVERLAPPING, ROUNDSOLDHOURSTOTWODECIMALPLACES, FROM, TECHNICIANCOMMISSIONRATE, TECHNICIANDEDUCTCOMMUTETIMEFROMFIRSTDRIVE, USECUSTOMIDLETIMERULES, PAYROLLMARGINALRANGEBONUSES, IMPORTID, PAYROLLREVIEWSTATE_MANAGERSTATUS, ATLASBUTLERTECHNICIANROLE, BUSINESSUNITWEIGHTEDOVERTIMEPAYCODENEW_ORIGINALCODE, BUSINESSUNIT_ID, DEDUCTCOSTSFROMSOLDBYCREDIT, ISQUEUEDFORFORCEDTIMESHEETRECALC, MANAGER_ID, PAYROLLREPORTVERSION, PAYROLLSHOWMATERIALSINCOST, PAYROLLUSENSVASSOLDBYBASE, SCHEDULEDSOLOCOMMISSIONRATE, INCLUDESELLERFEEANDTECHSPECIFICBONUS, LASTTIMEUPDATED, PAYROLLID, PAYROLLPERCENTAGEFEEMINIMUM, TECHNICIANCOMMUTETIME, TECHNICIANHOURLYRATE, TECHNICIANOVERTIMEMODE, BUSINESSUNITWEIGHTEDOVERTIMEPAYCODE, PAYROLLEXPENSEDEDUCTIONTRIGGER, PAYROLLPERIOD_ID]
Column Name found in Datamart and Curated Table :: ATLASBUTLERTECHNICIANROLE
Column Name found in Datamart and Curated Table :: DEFAULTPAYROLLADJUSTMENTRATE
Column Name found in Datamart and Curated Table :: ISQUEUEDFORFORCEDSALARYRECALC
Column Name found in Datamart and Curated Table :: LASTTIMESALARYGROSSPAYITEMSGENERATED
Column Name found in Datamart and Curated Table :: PAYROLLID
Column Name found in Datamart and Curated Table :: PAYROLLREPORTVERSION
Column Name found in Datamart and Curated Table :: SCHEDULEDCREWSPLITCOMMISSIONRATE
Column Name found in Datamart and Curated Table :: SEARSPAYROLLROLE
Column Name found in Datamart and Curated Table :: TECHNICIANPAYTYPE
Column Name found in Datamart and Curated Table :: TO
Column Name found in Datamart and Curated Table :: PAYROLLFLATFEE
Column Name found in Datamart and Curated Table :: ACTIVE
Column Name found in Datamart and Curated Table :: BUSINESSUNITPAYROLLIDLETIMEDOUBLEOVERTIMEPAYCODE_NAME
Column Name found in Datamart and Curated Table :: BUSINESSUNITWEIGHTEDOVERTIMEPAYCODENEW_ORIGINALCODE
Column Name found in Datamart and Curated Table :: CREATEDBY_ID
Column Name found in Datamart and Curated Table :: ID
Column Name found in Datamart and Curated Table :: IMPORTID
Column Name found in Datamart and Curated Table :: LASTTIMEUPDATED
Column Name found in Datamart and Curated Table :: BUSINESSUNITPAYROLLIDLETIMESTANDARDPAYCODE_ORIGINALCODE
Column Name found in Datamart and Curated Table :: PAYROLLCOSTMARKUP
Column Name found in Datamart and Curated Table :: TECHNICIANCOMMUTETIME
Column Name found in Datamart and Curated Table :: TECHNICIANSOLDBYRATE
Column Name found in Datamart and Curated Table :: TURNOVERMINIMUMTHRESHOLD
Column Name found in Datamart and Curated Table :: TECHNICIANDEDUCTCOMMUTETIMEFROMFIRSTDRIVE
Column Name found in Datamart and Curated Table :: SUPPORTSPERSISTEDINVOICES
Column Name found in Datamart and Curated Table :: BUSINESSUNITPAYROLLIDLETIMEDOUBLEOVERTIMEPAYCODE_CODE
Column Name found in Datamart and Curated Table :: BUSINESSUNITPAYROLLIDLETIMEOVERTIMEPAYCODE_NAME
Column Name found in Datamart and Curated Table :: BUSINESSUNITPAYROLLIDLETIMESTANDARDPAYCODE_NAME
Column Name found in Datamart and Curated Table :: HASCALCULATEDSALARYGROSSPAYITEMS
Column Name found in Datamart and Curated Table :: HASCALCULATEDTIMESHEETGROSSPAYITEMS
Column Name found in Datamart and Curated Table :: LASTTIMEGROSSPAYITEMSGENERATED
Column Name found in Datamart and Curated Table :: PAYROLLFLATFEEMINIMUM
Column Name found in Datamart and Curated Table :: PAYROLLMARGINALRANGEBONUSES
Column Name found in Datamart and Curated Table :: TECHNICIAN_ID
Column Name found in Datamart and Curated Table :: PAYROLLPERCENTAGEFEEMINIMUM
Column Name found in Datamart and Curated Table :: PAYROLLREVIEWSTATE_MANAGERSTATUS
Column Name found in Datamart and Curated Table :: ADDONCREWSPLITCOMMISSIONRATE
Column Name found in Datamart and Curated Table :: BUSINESSUNITPAYROLLIDLETIMESTANDARDPAYCODE_CODE
Column Name found in Datamart and Curated Table :: DEDUCTCOSTSFROMSOLDBYCREDIT
Column Name found in Datamart and Curated Table :: LASTTIMETIMESHEETSGROSSPAYITEMSGENERATED
Column Name found in Datamart and Curated Table :: OVERTIMEPROFILE_ID
Column Name found in Datamart and Curated Table :: PAYFORIDLETIMEOVERONEHOUR
Column Name found in Datamart and Curated Table :: PAYROLLTYPE
Column Name found in Datamart and Curated Table :: PREVENTNJAOVERLAPPING
Column Name found in Datamart and Curated Table :: USEPAYROLLDATE
Column Name found in Datamart and Curated Table :: BUSINESSUNITPAYROLLIDLETIMESTPAYCODE
Column Name found in Datamart and Curated Table :: MANAGERNAME
Column Name found in Datamart and Curated Table :: TIMEZONE
Column Name found in Datamart and Curated Table :: BUSINESSUNITNAME
Column Name found in Datamart and Curated Table :: TECHNICIANINVOICINGHOURLYRATE
Column Name found in Datamart and Curated Table :: PAYROLLREVIEWSTATE_MANAGERUPDATEDON
Column Name found in Datamart and Curated Table :: ENABLETECHNICIANCLOCKINANDCLOCKOUT
Column Name found in Datamart and Curated Table :: HASCALCULATEDGROSSPAYITEMS
Column Name found in Datamart and Curated Table :: LINEITEMSONPURCHASEORDERS
Column Name found in Datamart and Curated Table :: PAYROLLREVIEWSTATE_DISPUTEREASON
Column Name found in Datamart and Curated Table :: PAYROLLUSENSVASSOLDBYBASE
Column Name found in Datamart and Curated Table :: ROUNDSOLDHOURSTOTWODECIMALPLACES
Column Name found in Datamart and Curated Table :: SCHEDULEDSOLOCOMMISSIONRATE
Column Name found in Datamart and Curated Table :: TECHNICIANFIRSTDRIVERULE
Column Name found in Datamart and Curated Table :: WILLIAMSPAYROLLIGNORESINVOICEBALANCETOPAYTGLANDSOLDBY
Column Name found in Datamart and Curated Table :: BUSINESSUNITPAYROLLIDLETIMEOTPAYCODE
Column Name found in Datamart and Curated Table :: INCLUDESELLERFEEANDTECHSPECIFICBONUS
Column Name found in Datamart and Curated Table :: SCHEDULEDMULTITECHCOMMISSIONRATE
Column Name found in Datamart and Curated Table :: DISABLEDOUBLEOVERTIME
Column Name found in Datamart and Curated Table :: PAYFORIDLETIMEUPTO
Column Name found in Datamart and Curated Table :: PAYROLLPERCENTAGEFEE
Column Name found in Datamart and Curated Table :: PAYROLLREVIEWSTATE_STATUS
Column Name found in Datamart and Curated Table :: TECHNICIANTYPE
Column Name found in Datamart and Curated Table :: PAYROLLPERIOD_ID
Column Name found in Datamart and Curated Table :: SELLERFEE
Column Name found in Datamart and Curated Table :: MANAGER_ID
Column Name found in Datamart and Curated Table :: TECHNICIANHOURLYRATE
Column Name found in Datamart and Curated Table :: USECUSTOMIDLETIMERULES
Column Name found in Datamart and Curated Table :: ADDONMULTITECHCOMMISSIONRATE
Column Name found in Datamart and Curated Table :: ADDONSOLOCOMMISSIONRATE
Column Name found in Datamart and Curated Table :: BURDENRATE
Column Name found in Datamart and Curated Table :: BUSINESSUNITPAYROLLIDLETIMEDOUBLEOVERTIMEPAYCODE_ORIGINALCODE
Column Name found in Datamart and Curated Table :: BUSINESSUNITPAYROLLIDLETIMEOVERTIMEPAYCODE_CODE
Column Name found in Datamart and Curated Table :: SHOWPAYROLLPERSISTENCEFIELDSANDREPORTS
Column Name found in Datamart and Curated Table :: TECHNICIANPAYROLLSTATUS
Column Name found in Datamart and Curated Table :: BUSINESSUNITWEIGHTEDOVERTIMEPAYCODENEW_CODE
Column Name found in Datamart and Curated Table :: PAYROLLSHOWMATERIALSINCOST
Column Name found in Datamart and Curated Table :: PAYROLLUSECOMMISSIONBASETODETECTRANGEBONUS
Column Name found in Datamart and Curated Table :: TECHNICIANNAME
Column Name found in Datamart and Curated Table :: TECHNICIANOVERTIMEMODE
Column Name found in Datamart and Curated Table :: TURNOVERBONUS
Column Name found in Datamart and Curated Table :: BUSINESSUNITWEIGHTEDOVERTIMEPAYCODENEW_NAME
Column Name found in Datamart and Curated Table :: BUSINESSUNIT_ID
Column Name found in Datamart and Curated Table :: BUSINESSUNITPAYROLLIDLETIMEOVERTIMEPAYCODE_ORIGINALCODE
Column Name found in Datamart and Curated Table :: BUSINESSUNITWEIGHTEDOVERTIMEPAYCODE
Column Name found in Datamart and Curated Table :: ISQUEUEDFORFORCEDCOMMISSIONRECALC
Column Name found in Datamart and Curated Table :: ISQUEUEDFORFORCEDTIMESHEETRECALC
Column Name found in Datamart and Curated Table :: PAYROLLREVIEWSTATE_AUTHORIZATIONSIGNATURE
Column Name found in Datamart and Curated Table :: UPDATEERRORLOGID
Column Name found in Datamart and Curated Table :: CREATEDON
Column Name found in Datamart and Curated Table :: PAYROLLEXPENSEDEDUCTIONTRIGGER
Column Name found in Datamart and Curated Table :: TECHNICIANCOMMISSIONRATE
Column Name found in Datamart and Curated Table :: TECHNICIANPAYROLLSTARTPERIOD
Column Name found in Datamart and Curated Table :: PAYROLLREVIEWSTATE_TECHNICIANUPDATEDON
Column Name found in Datamart and Curated Table :: FROM
Datamart tables contains additional column name like [ACTIVE_FLAG, RECORD_CREATE_DATE, RECORD_UPDATE_DATE, RECORD_UPDATE_DATE, MASTER_ID, TENANT_TYPE]
Curated tables not contains additional column name like [RECORD_CREATE_DATE, RECORD_UPDATE_DATE, RECORD_UPDATED_BY, TENANT_TYPE]]]>
  </system-out>
  <testcase classname="testcases.RAW_DATAMART_CURATED.SnowFlake_ColumnValidation_Master" name="Testcase_ColumnValidation" time="3.029">
    <failure message="The following asserts failed:
	null" type="java.lang.AssertionError">
      <![CDATA[java.lang.AssertionError: The following asserts failed:
null
at org.testng.asserts.SoftAssert.assertAll(SoftAssert.java:47)
at org.testng.asserts.SoftAssert.assertAll(SoftAssert.java:31)
at testcases.RAW_DATAMART_CURATED.SnowFlake_ColumnValidation_Master.API_Tables_ColumnName_validation(SnowFlake_ColumnValidation_Master.java:130)
at testcases.RAW_DATAMART_CURATED.SnowFlake_ColumnValidation_Master.Testcase_ColumnValidation(SnowFlake_ColumnValidation_Master.java:243)
at jdk.internal.reflect.GeneratedMethodAccessor12.invoke(Unknown Source)
at java.base/jdk.internal.reflect.DelegatingMethodAccessorImpl.invoke(DelegatingMethodAccessorImpl.java:43)
at java.base/java.lang.reflect.Method.invoke(Method.java:568)
at org.testng.internal.MethodInvocationHelper.invokeMethod(MethodInvocationHelper.java:133)
at org.testng.internal.TestInvoker.invokeMethod(TestInvoker.java:598)
at org.testng.internal.TestInvoker.invokeTestMethod(TestInvoker.java:173)
at org.testng.internal.MethodRunner.runInSequence(MethodRunner.java:46)
at org.testng.internal.TestInvoker$MethodInvocationAgent.invoke(TestInvoker.java:824)
at org.testng.internal.TestInvoker.invokeTestMethods(TestInvoker.java:146)
at org.testng.internal.TestMethodWorker.invokeTestMethods(TestMethodWorker.java:146)
at org.testng.internal.TestMethodWorker.run(TestMethodWorker.java:128)
at java.base/java.util.ArrayList.forEach(ArrayList.java:1511)
at org.testng.TestRunner.privateRun(TestRunner.java:794)
at org.testng.TestRunner.run(TestRunner.java:596)
at org.testng.SuiteRunner.runTest(SuiteRunner.java:377)
at org.testng.SuiteRunner.runSequentially(SuiteRunner.java:371)
at org.testng.SuiteRunner.privateRun(SuiteRunner.java:332)
at org.testng.SuiteRunner.run(SuiteRunner.java:276)
at org.testng.SuiteRunnerWorker.runSuite(SuiteRunnerWorker.java:53)
at org.testng.SuiteRunnerWorker.run(SuiteRunnerWorker.java:96)
at org.testng.TestNG.runSuitesSequentially(TestNG.java:1212)
at org.testng.TestNG.runSuitesLocally(TestNG.java:1134)
at org.testng.TestNG.runSuites(TestNG.java:1063)
at org.testng.TestNG.run(TestNG.java:1031)
at org.testng.remote.AbstractRemoteTestNG.run(AbstractRemoteTestNG.java:115)
at org.testng.remote.RemoteTestNG.initAndRun(RemoteTestNG.java:251)
at org.testng.remote.RemoteTestNG.main(RemoteTestNG.java:77)
]]>
    </failure>
  </testcase> <!-- Testcase_ColumnValidation -->
  <system-out>
    <![CDATA[Executing Snowflake query :: SELECT COLUMN_NAME FROM DEV_ENT_RAW.INFORMATION_SCHEMA.COLUMNS WHERE TABLE_NAME='ST_API_TECHNICIAN'and TABLE_SCHEMA='API_MAT'
Executing Snowflake query :: SELECT COLUMN_NAME FROM CURATED_DATAMART.INFORMATION_SCHEMA.COLUMNS WHERE TABLE_NAME='STR_API_TECHNICIAN'and TABLE_SCHEMA='ST_API_HUTCHINSON'
Executing Snowflake query :: SELECT COLUMN_NAME FROM DEV_ENT_CURATED.INFORMATION_SCHEMA.COLUMNS WHERE TABLE_NAME='DIM_TECHNICIAN'and TABLE_SCHEMA='MASTER_DIMENSIONS'
Column names for RAW Table --> ST_API_TECHNICIAN :: [ADDONCREWSPLITCOMMISSIONRATE, ATLASBUTLERTECHNICIANROLE, FIRSTDRIVERULE, HOME_ISMANUALCOORDINATES, NAVISIONEMPLOYEEID, PAYROLLID, PAYROLLPOSTINGGROUP_ID, SALESFACTOR, SALESFORCECONTACTID, PAYROLLREPORTVERSION, STANDARDWORKTYPECODE_ID, MUHULINK, COMMISSIONRATE, HOME_ISMILITARY, LICENSE, GOALIMAGE, IMPORTID, MOBILEPHONECONFIRMED, PAYTYPE, MANAGER_ID, SHIFTSTART, NAME, ADDONSOLOCOMMISSIONRATE, BIO, BUSINESSUNIT_ID, HOME_CITY, ID, ISMANAGEDTECH, PROJECTLABELS, SCHEDULEDSOLOCOMMISSIONRATE, BIRTHDATE, HOME_COUNTRY, PHOTO, TURNOVERBONUS, USER_ID, WILLIAMSTECHNICIANROLE, ZONE_ID, OVERTIMEPROFILE_ID, CREATEDON, TODAYREVENUE_TECHNICIAN, ACTIVE, DEFAULTPAYROLLADJUSTMENTRATE, ISAUTODISPATCHED, LASTNAME, ISEXTERNAL, SHIFTEND, SCHEDULEDCREWSPLITCOMMISSIONRATE, DAILYGOAL, APPOINTMENT_ID, BURDENRATE, HOME_ZIP, PAYROLLSTARTPERIOD, STATUSUPDATEDON, OVERTIMEWORKTYPECODE_ID, PAYROLLPROFILE_ID, PAYROLLROLE, PAYROLLSTARTDATE, SOLDBYRATE, ISEXCLUDEDFROMPAYROLL, COORDINATESUPDATEDON, EMAIL, EMAILCONFIRMED, HOME_LATITUDE, OVERTIMEPAYROLLCONTROLCODE_ID, PAYPERIOD, STANDARDPAYROLLCONTROLCODE_ID, CHECKEDIN, DEFAULTLABORTYPE_ID, JOBFILTER, PAYFREQUENCY_ID, MOBILEPHONE, OUTBOUNDCALLERID, SCHEDULEDMULTITECHCOMMISSIONRATE, STARTDATE, CURRENTVALUE, DEDUCTCOMMUTETIMEFROMFIRSTDRIVE, FIRSTNAME, MEALTIME, MEMO, PHONECONFIRMED, SHOWJOBAPPOINTMENTRESCHEDULEALERT, DISPATCHNOTIFICATIONS, JOB_ID, LATITUDE, MIDDLENAME, ROUTESTATISTICS_TECHNICIAN, CREATEDBY_ID, PHONE, QBREPID, SMARTDISPATCHSETTINGS_TECHNICIAN, STATUS, UNION, HOME_UNIT, HOURLYRATE, INVENTORYWAREHOUSENAME, INVOICINGHOURLYRATE, TYPE, ADDONMULTITECHCOMMISSIONRATE, COLOR, HOME_STATE, MODIFIEDON, OVERALLSALESFACTOR_TECHNICIAN, POSITION, TEAM, COMMUTETIME, HOME_LONGITUDE, HOME_STREET, LOCATION_TECHNICIAN, OVERTIMEMODE, PROJECTEDVALUE, LONGITUDE, TRUCK_ID, TENANT_TYPE]
Column names for DataMart Table --> STR_API_TECHNICIAN :: [ADDONCREWSPLITCOMMISSIONRATE, BUSINESSUNIT_ID, FLEET_ID, ISAUTODISPATCHED, ISMANAGEDTECH, MOBILEPHONECONFIRMED, BURDENRATE, FIRSTNAME, HOME_ISMANUALCOORDINATES, HOME_ISMILITARY, SCHEDULEDMULTITECHCOMMISSIONRATE, STATUS, TURNOVERBONUS, ZONE_ID, PHOTO, COMMUTETIME, DISPATCHNOTIFICATIONS, EMAILCONFIRMED, HOME_LONGITUDE, PHONECONFIRMED, QBREPID, RECORD_UPDATE_DATE, LICENSE, LONGITUDE, MOBILEPHONE, OVERTIMEMODE, UNION, MUHULINK, COORDINATESUPDATEDON, HOME_STATE, NAVISIONEMPLOYEEID, ID, NAME, OVERTIMEPAYROLLCONTROLCODE_ID, SALESFACTOR, STARTDATE, SHIFTEND, WILLIAMSTECHNICIANROLE, INVENTORYWAREHOUSENAME, RECORD_CREATE_DATE, ACTIVE, ACTIVE_FLAG, BIO, BIRTHDATE, DEFAULTLABORTYPE_ID, HOME_CITY, HOURLYRATE, INVOICINGHOURLYRATE, OVERALLSALESFACTOR_TECHNICIAN, PAYROLLID, DEDUCTCOMMUTETIMEFROMFIRSTDRIVE, HOME_COUNTRY, JOB_ID, PAYROLLSTARTDATE, PROJECTEDVALUE, SHIFTSTART, STATUSUPDATEDON, PAYROLLPROFILE_ID, TODAYREVENUE_TECHNICIAN, CHECKEDIN, COMMISSIONRATE, DAILYGOAL, HOME_UNIT, HOME_ZIP, PROJECTLABELS, SALESFORCECONTACTID, SCHEDULEDSOLOCOMMISSIONRATE, TRUCK_ID, SMARTDISPATCHSETTINGS_TECHNICIAN, SOLDBYRATE, STANDARDWORKTYPECODE_ID, PAYROLLSTARTPERIOD, ADDONMULTITECHCOMMISSIONRATE, COLOR, CREATEDON, DEFAULTPAYROLLADJUSTMENTRATE, EMAIL, MANAGER_ID, ROUTESTATISTICS_TECHNICIAN, STANDARDPAYROLLCONTROLCODE_ID, CURRENTVALUE, ISEXTERNAL, LASTNAME, LOCATION_TECHNICIAN, PAYFREQUENCY_ID, TYPE, MEMO, MODIFIEDON, SHOWJOBAPPOINTMENTRESCHEDULEALERT, HOME_LATITUDE, POSITION, SCHEDULEDCREWSPLITCOMMISSIONRATE, GOALIMAGE, LATITUDE, PAYTYPE, PHONE, FIRSTDRIVERULE, HOME_STREET, IMPORTID, JOBFILTER, PAYROLLPOSTINGGROUP_ID, TEAM, USER_ID, PAYROLLREPORTVERSION, ADDONSOLOCOMMISSIONRATE, APPOINTMENT_ID, ATLASBUTLERTECHNICIANROLE, CREATEDBY_ID, MEALTIME, OVERTIMEWORKTYPECODE_ID, PAYPERIOD, MASTER_ID, MIDDLENAME, OUTBOUNDCALLERID, OVERTIMEPROFILE_ID, PAYROLLROLE, TENANT_TYPE]
Column names for Curated Table --> DIM_TECHNICIAN :: [ADDONCREWSPLITCOMMISSIONRATE, COMMUTETIME, DEFAULTLABORTYPE_ID, EMAILCONFIRMED, FIRSTNAME, FLEET_ID, HOME_COUNTRY, HOME_UNIT, MOBILEPHONE, PHONECONFIRMED, ISEXCLUDEDFROMPAYROLL, OVERALLSALESFACTOR_TECHNICIAN, TURNOVERBONUS, PAYPERIOD, PAYROLLROLE, PAYROLLSTARTDATE, BIRTHDATE, HOME_ISMANUALCOORDINATES, HOME_ISMILITARY, INVENTORYWAREHOUSENAME, JOBFILTER, MEMO, PAYFREQUENCY_ID, POSITION, ID, ISAUTODISPATCHED, LICENSE, TEAM, SCHEDULEDCREWSPLITCOMMISSIONRATE, SALESFACTOR, ADDONSOLOCOMMISSIONRATE, CURRENTVALUE, DAILYGOAL, DEDUCTCOMMUTETIMEFROMFIRSTDRIVE, MANAGER_ID, OVERTIMEPROFILE_ID, SHIFTSTART, SHOWJOBAPPOINTMENTRESCHEDULEALERT, SMARTDISPATCHSETTINGS_TECHNICIAN, GOALIMAGE, MODIFIEDON, PAYROLLID, PAYROLLREPORTVERSION, RECORD_CREATE_DATE, TODAYREVENUE_TECHNICIAN, TYPE, PROJECTLABELS, SCHEDULEDSOLOCOMMISSIONRATE, LONGITUDE, ADDONMULTITECHCOMMISSIONRATE, APPOINTMENT_ID, CHECKEDIN, COLOR, CREATEDON, DISPATCHNOTIFICATIONS, IMPORTID, LASTNAME, MOBILEPHONECONFIRMED, STATUSUPDATEDON, ZONE_ID, HOME_STATE, NAME, NAVISIONEMPLOYEEID, PAYROLLPOSTINGGROUP_ID, PHOTO, MEALTIME, PROJECTEDVALUE, STANDARDPAYROLLCONTROLCODE_ID, OVERTIMEMODE, BURDENRATE, FIRSTDRIVERULE, JOB_ID, PAYROLLPROFILE_ID, QBREPID, ROUTESTATISTICS_TECHNICIAN, STARTDATE, TRUCK_ID, USER_ID, STANDARDWORKTYPECODE_ID, MIDDLENAME, COMMISSIONRATE, CREATEDBY_ID, HOME_LONGITUDE, HOME_ZIP, HOURLYRATE, LATITUDE, SCHEDULEDMULTITECHCOMMISSIONRATE, BUSINESSUNIT_ID, OUTBOUNDCALLERID, RECORD_UPDATED_BY, STATUS, MUHULINK, OVERTIMEPAYROLLCONTROLCODE_ID, UNION, PAYTYPE, INVOICINGHOURLYRATE, RECORD_UPDATE_DATE, COORDINATESUPDATEDON, LOCATION_TECHNICIAN, EMAIL, HOME_CITY, ISEXTERNAL, OVERTIMEWORKTYPECODE_ID, PAYROLLSTARTPERIOD, SHIFTEND, WILLIAMSTECHNICIANROLE, TENANT_TYPE, ACTIVE, ATLASBUTLERTECHNICIANROLE, BIO, DEFAULTPAYROLLADJUSTMENTRATE, HOME_LATITUDE, HOME_STREET, ISMANAGEDTECH, PHONE, SALESFORCECONTACTID, SOLDBYRATE]
Column Name found in Datamart and Curated Table :: ADDONCREWSPLITCOMMISSIONRATE
Column Name found in Datamart and Curated Table :: ATLASBUTLERTECHNICIANROLE
Column Name found in Datamart and Curated Table :: FIRSTDRIVERULE
Column Name found in Datamart and Curated Table :: HOME_ISMANUALCOORDINATES
Column Name found in Datamart and Curated Table :: NAVISIONEMPLOYEEID
Column Name found in Datamart and Curated Table :: PAYROLLID
Column Name found in Datamart and Curated Table :: PAYROLLPOSTINGGROUP_ID
Column Name found in Datamart and Curated Table :: SALESFACTOR
Column Name found in Datamart and Curated Table :: SALESFORCECONTACTID
Column Name found in Datamart and Curated Table :: PAYROLLREPORTVERSION
Column Name found in Datamart and Curated Table :: STANDARDWORKTYPECODE_ID
Column Name found in Datamart and Curated Table :: MUHULINK
Column Name found in Datamart and Curated Table :: COMMISSIONRATE
Column Name found in Datamart and Curated Table :: HOME_ISMILITARY
Column Name found in Datamart and Curated Table :: LICENSE
Column Name found in Datamart and Curated Table :: GOALIMAGE
Column Name found in Datamart and Curated Table :: IMPORTID
Column Name found in Datamart and Curated Table :: MOBILEPHONECONFIRMED
Column Name found in Datamart and Curated Table :: PAYTYPE
Column Name found in Datamart and Curated Table :: MANAGER_ID
Column Name found in Datamart and Curated Table :: SHIFTSTART
Column Name found in Datamart and Curated Table :: NAME
Column Name found in Datamart and Curated Table :: ADDONSOLOCOMMISSIONRATE
Column Name found in Datamart and Curated Table :: BIO
Column Name found in Datamart and Curated Table :: BUSINESSUNIT_ID
Column Name found in Datamart and Curated Table :: HOME_CITY
Column Name found in Datamart and Curated Table :: ID
Column Name found in Datamart and Curated Table :: ISMANAGEDTECH
Column Name found in Datamart and Curated Table :: PROJECTLABELS
Column Name found in Datamart and Curated Table :: SCHEDULEDSOLOCOMMISSIONRATE
Column Name found in Datamart and Curated Table :: BIRTHDATE
Column Name found in Datamart and Curated Table :: HOME_COUNTRY
Column Name found in Datamart and Curated Table :: PHOTO
Column Name found in Datamart and Curated Table :: TURNOVERBONUS
Column Name found in Datamart and Curated Table :: USER_ID
Column Name found in Datamart and Curated Table :: WILLIAMSTECHNICIANROLE
Column Name found in Datamart and Curated Table :: ZONE_ID
Column Name found in Datamart and Curated Table :: OVERTIMEPROFILE_ID
Column Name found in Datamart and Curated Table :: CREATEDON
Column Name found in Datamart and Curated Table :: TODAYREVENUE_TECHNICIAN
Column Name found in Datamart and Curated Table :: ACTIVE
Column Name found in Datamart and Curated Table :: DEFAULTPAYROLLADJUSTMENTRATE
Column Name found in Datamart and Curated Table :: ISAUTODISPATCHED
Column Name found in Datamart and Curated Table :: LASTNAME
Column Name found in Datamart and Curated Table :: ISEXTERNAL
Column Name found in Datamart and Curated Table :: SHIFTEND
Column Name found in Datamart and Curated Table :: SCHEDULEDCREWSPLITCOMMISSIONRATE
Column Name found in Datamart and Curated Table :: DAILYGOAL
Column Name found in Datamart and Curated Table :: APPOINTMENT_ID
Column Name found in Datamart and Curated Table :: BURDENRATE
Column Name found in Datamart and Curated Table :: HOME_ZIP
Column Name found in Datamart and Curated Table :: PAYROLLSTARTPERIOD
Column Name found in Datamart and Curated Table :: STATUSUPDATEDON
Column Name found in Datamart and Curated Table :: OVERTIMEWORKTYPECODE_ID
Column Name found in Datamart and Curated Table :: PAYROLLPROFILE_ID
Column Name found in Datamart and Curated Table :: PAYROLLROLE
Column Name found in Datamart and Curated Table :: PAYROLLSTARTDATE
Column Name found in Datamart and Curated Table :: SOLDBYRATE
Column Name not found in Datamart and Curated Table :: ISEXCLUDEDFROMPAYROLL
Column Name found in Datamart and Curated Table :: COORDINATESUPDATEDON
Column Name found in Datamart and Curated Table :: EMAIL
Column Name found in Datamart and Curated Table :: EMAILCONFIRMED
Column Name found in Datamart and Curated Table :: HOME_LATITUDE
Column Name found in Datamart and Curated Table :: OVERTIMEPAYROLLCONTROLCODE_ID
Column Name found in Datamart and Curated Table :: PAYPERIOD
Column Name found in Datamart and Curated Table :: STANDARDPAYROLLCONTROLCODE_ID
Column Name found in Datamart and Curated Table :: CHECKEDIN
Column Name found in Datamart and Curated Table :: DEFAULTLABORTYPE_ID
Column Name found in Datamart and Curated Table :: JOBFILTER
Column Name found in Datamart and Curated Table :: PAYFREQUENCY_ID
Column Name found in Datamart and Curated Table :: MOBILEPHONE
Column Name found in Datamart and Curated Table :: OUTBOUNDCALLERID
Column Name found in Datamart and Curated Table :: SCHEDULEDMULTITECHCOMMISSIONRATE
Column Name found in Datamart and Curated Table :: STARTDATE
Column Name found in Datamart and Curated Table :: CURRENTVALUE
Column Name found in Datamart and Curated Table :: DEDUCTCOMMUTETIMEFROMFIRSTDRIVE
Column Name found in Datamart and Curated Table :: FIRSTNAME
Column Name found in Datamart and Curated Table :: MEALTIME
Column Name found in Datamart and Curated Table :: MEMO
Column Name found in Datamart and Curated Table :: PHONECONFIRMED
Column Name found in Datamart and Curated Table :: SHOWJOBAPPOINTMENTRESCHEDULEALERT
Column Name found in Datamart and Curated Table :: DISPATCHNOTIFICATIONS
Column Name found in Datamart and Curated Table :: JOB_ID
Column Name found in Datamart and Curated Table :: LATITUDE
Column Name found in Datamart and Curated Table :: MIDDLENAME
Column Name found in Datamart and Curated Table :: ROUTESTATISTICS_TECHNICIAN
Column Name found in Datamart and Curated Table :: CREATEDBY_ID
Column Name found in Datamart and Curated Table :: PHONE
Column Name found in Datamart and Curated Table :: QBREPID
Column Name found in Datamart and Curated Table :: SMARTDISPATCHSETTINGS_TECHNICIAN
Column Name found in Datamart and Curated Table :: STATUS
Column Name found in Datamart and Curated Table :: UNION
Column Name found in Datamart and Curated Table :: HOME_UNIT
Column Name found in Datamart and Curated Table :: HOURLYRATE
Column Name found in Datamart and Curated Table :: INVENTORYWAREHOUSENAME
Column Name found in Datamart and Curated Table :: INVOICINGHOURLYRATE
Column Name found in Datamart and Curated Table :: TYPE
Column Name found in Datamart and Curated Table :: ADDONMULTITECHCOMMISSIONRATE
Column Name found in Datamart and Curated Table :: COLOR
Column Name found in Datamart and Curated Table :: HOME_STATE
Column Name found in Datamart and Curated Table :: MODIFIEDON
Column Name found in Datamart and Curated Table :: OVERALLSALESFACTOR_TECHNICIAN
Column Name found in Datamart and Curated Table :: POSITION
Column Name found in Datamart and Curated Table :: TEAM
Column Name found in Datamart and Curated Table :: COMMUTETIME
Column Name found in Datamart and Curated Table :: HOME_LONGITUDE
Column Name found in Datamart and Curated Table :: HOME_STREET
Column Name found in Datamart and Curated Table :: LOCATION_TECHNICIAN
Column Name found in Datamart and Curated Table :: OVERTIMEMODE
Column Name found in Datamart and Curated Table :: PROJECTEDVALUE
Column Name found in Datamart and Curated Table :: LONGITUDE
Column Name found in Datamart and Curated Table :: TRUCK_ID
Column Name found in Datamart and Curated Table :: TENANT_TYPE
Datamart tables contains additional column name like [ACTIVE_FLAG, RECORD_CREATE_DATE, RECORD_UPDATE_DATE, MASTER_ID]
Curated tables contains additional column name like [RECORD_CREATE_DATE, RECORD_UPDATE_DATE, RECORD_UPDATED_BY]]]>
  </system-out>
  <testcase classname="testcases.RAW_DATAMART_CURATED.SnowFlake_ColumnValidation_Master" name="Testcase_ColumnValidation" time="2.319">
    <failure message="The following asserts failed:
	null" type="java.lang.AssertionError">
      <![CDATA[java.lang.AssertionError: The following asserts failed:
null
at org.testng.asserts.SoftAssert.assertAll(SoftAssert.java:47)
at org.testng.asserts.SoftAssert.assertAll(SoftAssert.java:31)
at testcases.RAW_DATAMART_CURATED.SnowFlake_ColumnValidation_Master.BKP_Tables_ColumnName_validation(SnowFlake_ColumnValidation_Master.java:231)
at testcases.RAW_DATAMART_CURATED.SnowFlake_ColumnValidation_Master.Testcase_ColumnValidation(SnowFlake_ColumnValidation_Master.java:240)
at java.base/jdk.internal.reflect.NativeMethodAccessorImpl.invoke0(Native Method)
at java.base/jdk.internal.reflect.NativeMethodAccessorImpl.invoke(NativeMethodAccessorImpl.java:77)
at java.base/jdk.internal.reflect.DelegatingMethodAccessorImpl.invoke(DelegatingMethodAccessorImpl.java:43)
at java.base/java.lang.reflect.Method.invoke(Method.java:568)
at org.testng.internal.MethodInvocationHelper.invokeMethod(MethodInvocationHelper.java:133)
at org.testng.internal.TestInvoker.invokeMethod(TestInvoker.java:598)
at org.testng.internal.TestInvoker.invokeTestMethod(TestInvoker.java:173)
at org.testng.internal.MethodRunner.runInSequence(MethodRunner.java:46)
at org.testng.internal.TestInvoker$MethodInvocationAgent.invoke(TestInvoker.java:824)
at org.testng.internal.TestInvoker.invokeTestMethods(TestInvoker.java:146)
at org.testng.internal.TestMethodWorker.invokeTestMethods(TestMethodWorker.java:146)
at org.testng.internal.TestMethodWorker.run(TestMethodWorker.java:128)
at java.base/java.util.ArrayList.forEach(ArrayList.java:1511)
at org.testng.TestRunner.privateRun(TestRunner.java:794)
at org.testng.TestRunner.run(TestRunner.java:596)
at org.testng.SuiteRunner.runTest(SuiteRunner.java:377)
at org.testng.SuiteRunner.runSequentially(SuiteRunner.java:371)
at org.testng.SuiteRunner.privateRun(SuiteRunner.java:332)
at org.testng.SuiteRunner.run(SuiteRunner.java:276)
at org.testng.SuiteRunnerWorker.runSuite(SuiteRunnerWorker.java:53)
at org.testng.SuiteRunnerWorker.run(SuiteRunnerWorker.java:96)
at org.testng.TestNG.runSuitesSequentially(TestNG.java:1212)
at org.testng.TestNG.runSuitesLocally(TestNG.java:1134)
at org.testng.TestNG.runSuites(TestNG.java:1063)
at org.testng.TestNG.run(TestNG.java:1031)
at org.testng.remote.AbstractRemoteTestNG.run(AbstractRemoteTestNG.java:115)
at org.testng.remote.RemoteTestNG.initAndRun(RemoteTestNG.java:251)
at org.testng.remote.RemoteTestNG.main(RemoteTestNG.java:77)
]]>
    </failure>
  </testcase> <!-- Testcase_ColumnValidation -->
  <system-out>
    <![CDATA[Executing Snowflake query :: SELECT COLUMN_NAME FROM DEV_ENT_RAW.INFORMATION_SCHEMA.COLUMNS WHERE TABLE_NAME='TECHNICIANPAYROLL'and TABLE_SCHEMA='ST_GOLDMEDAL_MATILLION'
Executing Snowflake query :: SELECT COLUMN_NAME FROM CURATED_DATAMART.INFORMATION_SCHEMA.COLUMNS WHERE TABLE_NAME='STR_TECHNICIANPAYROLL'and TABLE_SCHEMA='ST_BKP_GOLDMEDAL'
Executing Snowflake query :: SELECT COLUMN_NAME FROM DEV_ENT_CURATED.INFORMATION_SCHEMA.COLUMNS WHERE TABLE_NAME='DIM_TECHNICIANPAYROLL'and TABLE_SCHEMA='MASTER_DIMENSIONS'
Column names for RAW Table --> TECHNICIANPAYROLL :: [BUSINESSUNITPAYROLLIDLETIMEOVERTIMEPAYCODE_CODE, BUSINESSUNITWEIGHTEDOVERTIMEPAYCODENEW_ORIGINALCODE, HASCALCULATEDGROSSPAYITEMS, LASTTIMEUPDATED, SCHEDULEDCREWSPLITCOMMISSIONRATE, TECHNICIAN_ID, BUSINESSUNITPAYROLLIDLETIMEDOUBLEOVERTIMEPAYCODE_CODE, MANAGERNAME, PAYFORIDLETIMEUPTO, ADDONCREWSPLITCOMMISSIONRATE, CREATEDBY_ID, ENABLETECHNICIANCLOCKINANDCLOCKOUT, HASCALCULATEDTIMESHEETGROSSPAYITEMS, ID, ISQUEUEDFORFORCEDCOMMISSIONRECALC, ISQUEUEDFORFORCEDTIMESHEETRECALC, TECHNICIANCOMMISSIONRATE, TURNOVERMINIMUMTHRESHOLD, PAYROLLREPORTVERSION, SCHEDULEDMULTITECHCOMMISSIONRATE, SCHEDULEDSOLOCOMMISSIONRATE, TECHNICIANPAYROLLSTARTPERIOD, TECHNICIANSOLDBYRATE, TIMEZONE, TECHNICIANTYPE, PAYROLLREVIEWSTATE_MANAGERSTATUS, SUPPORTSPERSISTEDINVOICES, ADDONSOLOCOMMISSIONRATE, BUSINESSUNITNAME, BUSINESSUNITPAYROLLIDLETIMESTANDARDPAYCODE_NAME, DISABLEDOUBLEOVERTIME, LASTTIMESALARYGROSSPAYITEMSGENERATED, PAYROLLPERIOD_ID, PREVENTNJAOVERLAPPING, ROUNDSOLDHOURSTOTWODECIMALPLACES, TECHNICIANPAYROLLSTATUS, PAYROLLREVIEWSTATE_MANAGERUPDATEDON, PAYROLLID, BUSINESSUNITPAYROLLIDLETIMEOTPAYCODE, BUSINESSUNITPAYROLLIDLETIMESTANDARDPAYCODE_ORIGINALCODE, BUSINESSUNITPAYROLLIDLETIMESTPAYCODE, PAYROLLSHOWMATERIALSINCOST, BUSINESSUNITPAYROLLIDLETIMEDOUBLEOVERTIMEPAYCODE_NAME, BUSINESSUNITPAYROLLIDLETIMEOVERTIMEPAYCODE_ORIGINALCODE, PAYROLLREVIEWSTATE_DISPUTEREASON, PAYROLLREVIEWSTATE_TECHNICIANUPDATEDON, TECHNICIANHOURLYRATE, USEPAYROLLDATE, LASTTIMETIMESHEETSGROSSPAYITEMSGENERATED, TECHNICIANINVOICINGHOURLYRATE, BUSINESSUNITWEIGHTEDOVERTIMEPAYCODE, IMPORTID, ISQUEUEDFORFORCEDSALARYRECALC, OVERTIMEPROFILE_ID, PAYROLLFLATFEEMINIMUM, PAYROLLMARGINALRANGEBONUSES, TECHNICIANCOMMUTETIME, WILLIAMSPAYROLLIGNORESINVOICEBALANCETOPAYTGLANDSOLDBY, ADDONMULTITECHCOMMISSIONRATE, BUSINESSUNIT_ID, BUSINESSUNITWEIGHTEDOVERTIMEPAYCODENEW_NAME, DEDUCTCOSTSFROMSOLDBYCREDIT, DEFAULTPAYROLLADJUSTMENTRATE, MANAGER_ID, SHOWPAYROLLPERSISTENCEFIELDSANDREPORTS, TECHNICIANDEDUCTCOMMUTETIMEFROMFIRSTDRIVE, BUSINESSUNITWEIGHTEDOVERTIMEPAYCODENEW_CODE, PAYROLLPERCENTAGEFEE, TECHNICIANNAME, TECHNICIANPAYTYPE, TURNOVERBONUS, PAYROLLPERCENTAGEFEEMINIMUM, PAYROLLCOSTMARKUP, BURDENRATE, BUSINESSUNITPAYROLLIDLETIMEOVERTIMEPAYCODE_NAME, LINEITEMSONPURCHASEORDERS, PAYROLLTYPE, FROM, INCLUDESELLERFEEANDTECHSPECIFICBONUS, LASTTIMEGROSSPAYITEMSGENERATED, USECUSTOMIDLETIMERULES, SEARSPAYROLLROLE, TECHNICIANOVERTIMEMODE, TECHNICIANFIRSTDRIVERULE, PAYROLLREVIEWSTATE_AUTHORIZATIONSIGNATURE, ACTIVE, ATLASBUTLERTECHNICIANROLE, BUSINESSUNITPAYROLLIDLETIMESTANDARDPAYCODE_CODE, CREATEDON, HASCALCULATEDSALARYGROSSPAYITEMS, PAYROLLFLATFEE, PAYROLLREVIEWSTATE_STATUS, PAYROLLUSECOMMISSIONBASETODETECTRANGEBONUS, TO, PAYFORIDLETIMEOVERONEHOUR, PAYROLLEXPENSEDEDUCTIONTRIGGER, SELLERFEE, PAYROLLUSENSVASSOLDBYBASE, UPDATEERRORLOGID, BUSINESSUNITPAYROLLIDLETIMEDOUBLEOVERTIMEPAYCODE_ORIGINALCODE]
Column names for DataMart Table --> STR_TECHNICIANPAYROLL :: [ADDONCREWSPLITCOMMISSIONRATE, DEDUCTCOSTSFROMSOLDBYCREDIT, ID, OVERTIMEPROFILE_ID, PREVENTNJAOVERLAPPING, SELLERFEE, SUPPORTSPERSISTEDINVOICES, MANAGERNAME, TECHNICIANNAME, PAYFORIDLETIMEOVERONEHOUR, BURDENRATE, BUSINESSUNITPAYROLLIDLETIMESTANDARDPAYCODE_CODE, FROM, HASCALCULATEDTIMESHEETGROSSPAYITEMS, PAYROLLCOSTMARKUP, HASCALCULATEDGROSSPAYITEMS, SEARSPAYROLLROLE, TECHNICIANTYPE, PAYROLLSHOWMATERIALSINCOST, TECHNICIANOVERTIMEMODE, WILLIAMSPAYROLLIGNORESINVOICEBALANCETOPAYTGLANDSOLDBY, USECUSTOMIDLETIMERULES, BUSINESSUNITNAME, BUSINESSUNITPAYROLLIDLETIMEOVERTIMEPAYCODE_NAME, BUSINESSUNIT_ID, LASTTIMETIMESHEETSGROSSPAYITEMSGENERATED, LINEITEMSONPURCHASEORDERS, PAYROLLREPORTVERSION, TECHNICIANINVOICINGHOURLYRATE, PAYROLLREVIEWSTATE_TECHNICIANUPDATEDON, RECORD_UPDATE_DATE, SCHEDULEDSOLOCOMMISSIONRATE, SCHEDULEDCREWSPLITCOMMISSIONRATE, BUSINESSUNITWEIGHTEDOVERTIMEPAYCODENEW_CODE, ACTIVE_FLAG, BUSINESSUNITPAYROLLIDLETIMESTANDARDPAYCODE_NAME, BUSINESSUNITPAYROLLIDLETIMESTANDARDPAYCODE_ORIGINALCODE, TENANT_TYPE, ISQUEUEDFORFORCEDCOMMISSIONRECALC, PAYROLLFLATFEE, PAYROLLREVIEWSTATE_AUTHORIZATIONSIGNATURE, PAYROLLTYPE, TECHNICIANCOMMUTETIME, TECHNICIANPAYROLLSTARTPERIOD, TECHNICIANPAYTYPE, TECHNICIANSOLDBYRATE, BUSINESSUNITWEIGHTEDOVERTIMEPAYCODENEW_NAME, PAYROLLFLATFEEMINIMUM, ACTIVE, ADDONMULTITECHCOMMISSIONRATE, BUSINESSUNITPAYROLLIDLETIMEOVERTIMEPAYCODE_ORIGINALCODE, DISABLEDOUBLEOVERTIME, HASCALCULATEDSALARYGROSSPAYITEMS, LASTTIMEGROSSPAYITEMSGENERATED, PAYROLLREVIEWSTATE_MANAGERUPDATEDON, TECHNICIANDEDUCTCOMMUTETIMEFROMFIRSTDRIVE, BUSINESSUNITPAYROLLIDLETIMESTPAYCODE, IMPORTID, TURNOVERBONUS, TURNOVERMINIMUMTHRESHOLD, TECHNICIANHOURLYRATE, PAYROLLUSENSVASSOLDBYBASE, MASTER_ID, PAYROLLREVIEWSTATE_STATUS, PAYROLLREVIEWSTATE_MANAGERSTATUS, BUSINESSUNITPAYROLLIDLETIMEDOUBLEOVERTIMEPAYCODE_ORIGINALCODE, CREATEDBY_ID, LASTTIMESALARYGROSSPAYITEMSGENERATED, PAYFORIDLETIMEUPTO, PAYROLLPERIOD_ID, SHOWPAYROLLPERSISTENCEFIELDSANDREPORTS, DEFAULTPAYROLLADJUSTMENTRATE, ISQUEUEDFORFORCEDSALARYRECALC, TO, RECORD_CREATE_DATE, ADDONSOLOCOMMISSIONRATE, BUSINESSUNITPAYROLLIDLETIMEDOUBLEOVERTIMEPAYCODE_NAME, BUSINESSUNITPAYROLLIDLETIMEOVERTIMEPAYCODE_CODE, BUSINESSUNITWEIGHTEDOVERTIMEPAYCODE, ENABLETECHNICIANCLOCKINANDCLOCKOUT, PAYROLLID, PAYROLLPERCENTAGEFEEMINIMUM, TECHNICIAN_ID, UPDATEERRORLOGID, MANAGER_ID, TECHNICIANCOMMISSIONRATE, BUSINESSUNITPAYROLLIDLETIMEDOUBLEOVERTIMEPAYCODE_CODE, BUSINESSUNITPAYROLLIDLETIMEOTPAYCODE, BUSINESSUNITWEIGHTEDOVERTIMEPAYCODENEW_ORIGINALCODE, ROUNDSOLDHOURSTOTWODECIMALPLACES, TECHNICIANFIRSTDRIVERULE, TECHNICIANPAYROLLSTATUS, ATLASBUTLERTECHNICIANROLE, CREATEDON, ISQUEUEDFORFORCEDTIMESHEETRECALC, PAYROLLMARGINALRANGEBONUSES, TIMEZONE, USEPAYROLLDATE, LASTTIMEUPDATED, PAYROLLPERCENTAGEFEE, PAYROLLREVIEWSTATE_DISPUTEREASON, PAYROLLEXPENSEDEDUCTIONTRIGGER, INCLUDESELLERFEEANDTECHSPECIFICBONUS, PAYROLLUSECOMMISSIONBASETODETECTRANGEBONUS, SCHEDULEDMULTITECHCOMMISSIONRATE]
Column names for Curated Table --> DIM_TECHNICIANPAYROLL :: [ADDONMULTITECHCOMMISSIONRATE, BURDENRATE, BUSINESSUNITPAYROLLIDLETIMEDOUBLEOVERTIMEPAYCODE_ORIGINALCODE, BUSINESSUNITPAYROLLIDLETIMESTANDARDPAYCODE_CODE, DISABLEDOUBLEOVERTIME, ENABLETECHNICIANCLOCKINANDCLOCKOUT, ID, PAYROLLFLATFEE, TECHNICIANNAME, LINEITEMSONPURCHASEORDERS, SHOWPAYROLLPERSISTENCEFIELDSANDREPORTS, UPDATEERRORLOGID, DEFAULTPAYROLLADJUSTMENTRATE, TECHNICIAN_ID, ADDONSOLOCOMMISSIONRATE, ISQUEUEDFORFORCEDSALARYRECALC, TURNOVERBONUS, BUSINESSUNITPAYROLLIDLETIMEOVERTIMEPAYCODE_NAME, HASCALCULATEDTIMESHEETGROSSPAYITEMS, OVERTIMEPROFILE_ID, TECHNICIANPAYROLLSTARTPERIOD, WILLIAMSPAYROLLIGNORESINVOICEBALANCETOPAYTGLANDSOLDBY, TURNOVERMINIMUMTHRESHOLD, USEPAYROLLDATE, MANAGERNAME, PAYROLLCOSTMARKUP, SEARSPAYROLLROLE, TECHNICIANPAYTYPE, HASCALCULATEDSALARYGROSSPAYITEMS, PAYROLLREVIEWSTATE_MANAGERUPDATEDON, PAYROLLTYPE, SCHEDULEDCREWSPLITCOMMISSIONRATE, TENANT_TYPE, SUPPORTSPERSISTEDINVOICES, ADDONCREWSPLITCOMMISSIONRATE, BUSINESSUNITPAYROLLIDLETIMEDOUBLEOVERTIMEPAYCODE_NAME, BUSINESSUNITPAYROLLIDLETIMEOVERTIMEPAYCODE_CODE, BUSINESSUNITPAYROLLIDLETIMESTPAYCODE, BUSINESSUNITWEIGHTEDOVERTIMEPAYCODENEW_CODE, LASTTIMETIMESHEETSGROSSPAYITEMSGENERATED, PAYROLLFLATFEEMINIMUM, TECHNICIANSOLDBYRATE, BUSINESSUNITWEIGHTEDOVERTIMEPAYCODENEW_NAME, RECORD_CREATE_DATE, TIMEZONE, PAYROLLREVIEWSTATE_DISPUTEREASON, TO, LASTTIMESALARYGROSSPAYITEMSGENERATED, ACTIVE, BUSINESSUNITPAYROLLIDLETIMESTANDARDPAYCODE_NAME, BUSINESSUNITPAYROLLIDLETIMESTANDARDPAYCODE_ORIGINALCODE, CREATEDON, LASTTIMEGROSSPAYITEMSGENERATED, PAYROLLPERCENTAGEFEE, SCHEDULEDMULTITECHCOMMISSIONRATE, BUSINESSUNITNAME, PAYFORIDLETIMEUPTO, PAYROLLREVIEWSTATE_STATUS, PAYROLLREVIEWSTATE_TECHNICIANUPDATEDON, SELLERFEE, TECHNICIANINVOICINGHOURLYRATE, TECHNICIANPAYROLLSTATUS, TECHNICIANTYPE, BUSINESSUNITPAYROLLIDLETIMEDOUBLEOVERTIMEPAYCODE_CODE, HASCALCULATEDGROSSPAYITEMS, PAYFORIDLETIMEOVERONEHOUR, PAYROLLUSECOMMISSIONBASETODETECTRANGEBONUS, RECORD_UPDATE_DATE, PAYROLLREVIEWSTATE_AUTHORIZATIONSIGNATURE, TECHNICIANFIRSTDRIVERULE, BUSINESSUNITPAYROLLIDLETIMEOVERTIMEPAYCODE_ORIGINALCODE, BUSINESSUNITPAYROLLIDLETIMEOTPAYCODE, CREATEDBY_ID, ISQUEUEDFORFORCEDCOMMISSIONRECALC, PREVENTNJAOVERLAPPING, ROUNDSOLDHOURSTOTWODECIMALPLACES, FROM, TECHNICIANCOMMISSIONRATE, TECHNICIANDEDUCTCOMMUTETIMEFROMFIRSTDRIVE, USECUSTOMIDLETIMERULES, PAYROLLMARGINALRANGEBONUSES, IMPORTID, PAYROLLREVIEWSTATE_MANAGERSTATUS, ATLASBUTLERTECHNICIANROLE, BUSINESSUNITWEIGHTEDOVERTIMEPAYCODENEW_ORIGINALCODE, BUSINESSUNIT_ID, DEDUCTCOSTSFROMSOLDBYCREDIT, ISQUEUEDFORFORCEDTIMESHEETRECALC, MANAGER_ID, PAYROLLREPORTVERSION, PAYROLLSHOWMATERIALSINCOST, PAYROLLUSENSVASSOLDBYBASE, SCHEDULEDSOLOCOMMISSIONRATE, INCLUDESELLERFEEANDTECHSPECIFICBONUS, LASTTIMEUPDATED, PAYROLLID, PAYROLLPERCENTAGEFEEMINIMUM, TECHNICIANCOMMUTETIME, TECHNICIANHOURLYRATE, TECHNICIANOVERTIMEMODE, BUSINESSUNITWEIGHTEDOVERTIMEPAYCODE, PAYROLLEXPENSEDEDUCTIONTRIGGER, PAYROLLPERIOD_ID]
Column Name found in Datamart and Curated Table :: BUSINESSUNITPAYROLLIDLETIMEOVERTIMEPAYCODE_CODE
Column Name found in Datamart and Curated Table :: BUSINESSUNITWEIGHTEDOVERTIMEPAYCODENEW_ORIGINALCODE
Column Name found in Datamart and Curated Table :: HASCALCULATEDGROSSPAYITEMS
Column Name found in Datamart and Curated Table :: LASTTIMEUPDATED
Column Name found in Datamart and Curated Table :: SCHEDULEDCREWSPLITCOMMISSIONRATE
Column Name found in Datamart and Curated Table :: TECHNICIAN_ID
Column Name found in Datamart and Curated Table :: BUSINESSUNITPAYROLLIDLETIMEDOUBLEOVERTIMEPAYCODE_CODE
Column Name found in Datamart and Curated Table :: MANAGERNAME
Column Name found in Datamart and Curated Table :: PAYFORIDLETIMEUPTO
Column Name found in Datamart and Curated Table :: ADDONCREWSPLITCOMMISSIONRATE
Column Name found in Datamart and Curated Table :: CREATEDBY_ID
Column Name found in Datamart and Curated Table :: ENABLETECHNICIANCLOCKINANDCLOCKOUT
Column Name found in Datamart and Curated Table :: HASCALCULATEDTIMESHEETGROSSPAYITEMS
Column Name found in Datamart and Curated Table :: ID
Column Name found in Datamart and Curated Table :: ISQUEUEDFORFORCEDCOMMISSIONRECALC
Column Name found in Datamart and Curated Table :: ISQUEUEDFORFORCEDTIMESHEETRECALC
Column Name found in Datamart and Curated Table :: TECHNICIANCOMMISSIONRATE
Column Name found in Datamart and Curated Table :: TURNOVERMINIMUMTHRESHOLD
Column Name found in Datamart and Curated Table :: PAYROLLREPORTVERSION
Column Name found in Datamart and Curated Table :: SCHEDULEDMULTITECHCOMMISSIONRATE
Column Name found in Datamart and Curated Table :: SCHEDULEDSOLOCOMMISSIONRATE
Column Name found in Datamart and Curated Table :: TECHNICIANPAYROLLSTARTPERIOD
Column Name found in Datamart and Curated Table :: TECHNICIANSOLDBYRATE
Column Name found in Datamart and Curated Table :: TIMEZONE
Column Name found in Datamart and Curated Table :: TECHNICIANTYPE
Column Name found in Datamart and Curated Table :: PAYROLLREVIEWSTATE_MANAGERSTATUS
Column Name found in Datamart and Curated Table :: SUPPORTSPERSISTEDINVOICES
Column Name found in Datamart and Curated Table :: ADDONSOLOCOMMISSIONRATE
Column Name found in Datamart and Curated Table :: BUSINESSUNITNAME
Column Name found in Datamart and Curated Table :: BUSINESSUNITPAYROLLIDLETIMESTANDARDPAYCODE_NAME
Column Name found in Datamart and Curated Table :: DISABLEDOUBLEOVERTIME
Column Name found in Datamart and Curated Table :: LASTTIMESALARYGROSSPAYITEMSGENERATED
Column Name found in Datamart and Curated Table :: PAYROLLPERIOD_ID
Column Name found in Datamart and Curated Table :: PREVENTNJAOVERLAPPING
Column Name found in Datamart and Curated Table :: ROUNDSOLDHOURSTOTWODECIMALPLACES
Column Name found in Datamart and Curated Table :: TECHNICIANPAYROLLSTATUS
Column Name found in Datamart and Curated Table :: PAYROLLREVIEWSTATE_MANAGERUPDATEDON
Column Name found in Datamart and Curated Table :: PAYROLLID
Column Name found in Datamart and Curated Table :: BUSINESSUNITPAYROLLIDLETIMEOTPAYCODE
Column Name found in Datamart and Curated Table :: BUSINESSUNITPAYROLLIDLETIMESTANDARDPAYCODE_ORIGINALCODE
Column Name found in Datamart and Curated Table :: BUSINESSUNITPAYROLLIDLETIMESTPAYCODE
Column Name found in Datamart and Curated Table :: PAYROLLSHOWMATERIALSINCOST
Column Name found in Datamart and Curated Table :: BUSINESSUNITPAYROLLIDLETIMEDOUBLEOVERTIMEPAYCODE_NAME
Column Name found in Datamart and Curated Table :: BUSINESSUNITPAYROLLIDLETIMEOVERTIMEPAYCODE_ORIGINALCODE
Column Name found in Datamart and Curated Table :: PAYROLLREVIEWSTATE_DISPUTEREASON
Column Name found in Datamart and Curated Table :: PAYROLLREVIEWSTATE_TECHNICIANUPDATEDON
Column Name found in Datamart and Curated Table :: TECHNICIANHOURLYRATE
Column Name found in Datamart and Curated Table :: USEPAYROLLDATE
Column Name found in Datamart and Curated Table :: LASTTIMETIMESHEETSGROSSPAYITEMSGENERATED
Column Name found in Datamart and Curated Table :: TECHNICIANINVOICINGHOURLYRATE
Column Name found in Datamart and Curated Table :: BUSINESSUNITWEIGHTEDOVERTIMEPAYCODE
Column Name found in Datamart and Curated Table :: IMPORTID
Column Name found in Datamart and Curated Table :: ISQUEUEDFORFORCEDSALARYRECALC
Column Name found in Datamart and Curated Table :: OVERTIMEPROFILE_ID
Column Name found in Datamart and Curated Table :: PAYROLLFLATFEEMINIMUM
Column Name found in Datamart and Curated Table :: PAYROLLMARGINALRANGEBONUSES
Column Name found in Datamart and Curated Table :: TECHNICIANCOMMUTETIME
Column Name found in Datamart and Curated Table :: WILLIAMSPAYROLLIGNORESINVOICEBALANCETOPAYTGLANDSOLDBY
Column Name found in Datamart and Curated Table :: ADDONMULTITECHCOMMISSIONRATE
Column Name found in Datamart and Curated Table :: BUSINESSUNIT_ID
Column Name found in Datamart and Curated Table :: BUSINESSUNITWEIGHTEDOVERTIMEPAYCODENEW_NAME
Column Name found in Datamart and Curated Table :: DEDUCTCOSTSFROMSOLDBYCREDIT
Column Name found in Datamart and Curated Table :: DEFAULTPAYROLLADJUSTMENTRATE
Column Name found in Datamart and Curated Table :: MANAGER_ID
Column Name found in Datamart and Curated Table :: SHOWPAYROLLPERSISTENCEFIELDSANDREPORTS
Column Name found in Datamart and Curated Table :: TECHNICIANDEDUCTCOMMUTETIMEFROMFIRSTDRIVE
Column Name found in Datamart and Curated Table :: BUSINESSUNITWEIGHTEDOVERTIMEPAYCODENEW_CODE
Column Name found in Datamart and Curated Table :: PAYROLLPERCENTAGEFEE
Column Name found in Datamart and Curated Table :: TECHNICIANNAME
Column Name found in Datamart and Curated Table :: TECHNICIANPAYTYPE
Column Name found in Datamart and Curated Table :: TURNOVERBONUS
Column Name found in Datamart and Curated Table :: PAYROLLPERCENTAGEFEEMINIMUM
Column Name found in Datamart and Curated Table :: PAYROLLCOSTMARKUP
Column Name found in Datamart and Curated Table :: BURDENRATE
Column Name found in Datamart and Curated Table :: BUSINESSUNITPAYROLLIDLETIMEOVERTIMEPAYCODE_NAME
Column Name found in Datamart and Curated Table :: LINEITEMSONPURCHASEORDERS
Column Name found in Datamart and Curated Table :: PAYROLLTYPE
Column Name found in Datamart and Curated Table :: FROM
Column Name found in Datamart and Curated Table :: INCLUDESELLERFEEANDTECHSPECIFICBONUS
Column Name found in Datamart and Curated Table :: LASTTIMEGROSSPAYITEMSGENERATED
Column Name found in Datamart and Curated Table :: USECUSTOMIDLETIMERULES
Column Name found in Datamart and Curated Table :: SEARSPAYROLLROLE
Column Name found in Datamart and Curated Table :: TECHNICIANOVERTIMEMODE
Column Name found in Datamart and Curated Table :: TECHNICIANFIRSTDRIVERULE
Column Name found in Datamart and Curated Table :: PAYROLLREVIEWSTATE_AUTHORIZATIONSIGNATURE
Column Name found in Datamart and Curated Table :: ACTIVE
Column Name found in Datamart and Curated Table :: ATLASBUTLERTECHNICIANROLE
Column Name found in Datamart and Curated Table :: BUSINESSUNITPAYROLLIDLETIMESTANDARDPAYCODE_CODE
Column Name found in Datamart and Curated Table :: CREATEDON
Column Name found in Datamart and Curated Table :: HASCALCULATEDSALARYGROSSPAYITEMS
Column Name found in Datamart and Curated Table :: PAYROLLFLATFEE
Column Name found in Datamart and Curated Table :: PAYROLLREVIEWSTATE_STATUS
Column Name found in Datamart and Curated Table :: PAYROLLUSECOMMISSIONBASETODETECTRANGEBONUS
Column Name found in Datamart and Curated Table :: TO
Column Name found in Datamart and Curated Table :: PAYFORIDLETIMEOVERONEHOUR
Column Name found in Datamart and Curated Table :: PAYROLLEXPENSEDEDUCTIONTRIGGER
Column Name found in Datamart and Curated Table :: SELLERFEE
Column Name found in Datamart and Curated Table :: PAYROLLUSENSVASSOLDBYBASE
Column Name found in Datamart and Curated Table :: UPDATEERRORLOGID
Column Name found in Datamart and Curated Table :: BUSINESSUNITPAYROLLIDLETIMEDOUBLEOVERTIMEPAYCODE_ORIGINALCODE
Datamart tables contains additional column name like [ACTIVE_FLAG, RECORD_CREATE_DATE, RECORD_UPDATE_DATE, RECORD_UPDATE_DATE, MASTER_ID, TENANT_TYPE]
Curated tables not contains additional column name like [RECORD_CREATE_DATE, RECORD_UPDATE_DATE, RECORD_UPDATED_BY, TENANT_TYPE]]]>
  </system-out>
  <testcase classname="testcases.RAW_DATAMART_CURATED.SnowFlake_ColumnValidation_Master" name="Testcase_ColumnValidation" time="2.349">
    <failure message="The following asserts failed:
	null" type="java.lang.AssertionError">
      <![CDATA[java.lang.AssertionError: The following asserts failed:
null
at org.testng.asserts.SoftAssert.assertAll(SoftAssert.java:47)
at org.testng.asserts.SoftAssert.assertAll(SoftAssert.java:31)
at testcases.RAW_DATAMART_CURATED.SnowFlake_ColumnValidation_Master.BKP_Tables_ColumnName_validation(SnowFlake_ColumnValidation_Master.java:231)
at testcases.RAW_DATAMART_CURATED.SnowFlake_ColumnValidation_Master.Testcase_ColumnValidation(SnowFlake_ColumnValidation_Master.java:240)
at jdk.internal.reflect.GeneratedMethodAccessor12.invoke(Unknown Source)
at java.base/jdk.internal.reflect.DelegatingMethodAccessorImpl.invoke(DelegatingMethodAccessorImpl.java:43)
at java.base/java.lang.reflect.Method.invoke(Method.java:568)
at org.testng.internal.MethodInvocationHelper.invokeMethod(MethodInvocationHelper.java:133)
at org.testng.internal.TestInvoker.invokeMethod(TestInvoker.java:598)
at org.testng.internal.TestInvoker.invokeTestMethod(TestInvoker.java:173)
at org.testng.internal.MethodRunner.runInSequence(MethodRunner.java:46)
at org.testng.internal.TestInvoker$MethodInvocationAgent.invoke(TestInvoker.java:824)
at org.testng.internal.TestInvoker.invokeTestMethods(TestInvoker.java:146)
at org.testng.internal.TestMethodWorker.invokeTestMethods(TestMethodWorker.java:146)
at org.testng.internal.TestMethodWorker.run(TestMethodWorker.java:128)
at java.base/java.util.ArrayList.forEach(ArrayList.java:1511)
at org.testng.TestRunner.privateRun(TestRunner.java:794)
at org.testng.TestRunner.run(TestRunner.java:596)
at org.testng.SuiteRunner.runTest(SuiteRunner.java:377)
at org.testng.SuiteRunner.runSequentially(SuiteRunner.java:371)
at org.testng.SuiteRunner.privateRun(SuiteRunner.java:332)
at org.testng.SuiteRunner.run(SuiteRunner.java:276)
at org.testng.SuiteRunnerWorker.runSuite(SuiteRunnerWorker.java:53)
at org.testng.SuiteRunnerWorker.run(SuiteRunnerWorker.java:96)
at org.testng.TestNG.runSuitesSequentially(TestNG.java:1212)
at org.testng.TestNG.runSuitesLocally(TestNG.java:1134)
at org.testng.TestNG.runSuites(TestNG.java:1063)
at org.testng.TestNG.run(TestNG.java:1031)
at org.testng.remote.AbstractRemoteTestNG.run(AbstractRemoteTestNG.java:115)
at org.testng.remote.RemoteTestNG.initAndRun(RemoteTestNG.java:251)
at org.testng.remote.RemoteTestNG.main(RemoteTestNG.java:77)
]]>
    </failure>
  </testcase> <!-- Testcase_ColumnValidation -->
  <system-out>
    <![CDATA[Executing Snowflake query :: SELECT COLUMN_NAME FROM DEV_ENT_RAW.INFORMATION_SCHEMA.COLUMNS WHERE TABLE_NAME='TECHNICIANPAYROLLADJUSTMENT'and TABLE_SCHEMA='ST_HARP_MATILLION'
Executing Snowflake query :: SELECT COLUMN_NAME FROM CURATED_DATAMART.INFORMATION_SCHEMA.COLUMNS WHERE TABLE_NAME='STR_TECHNICIANPAYROLLADJUSTMENT'and TABLE_SCHEMA='ST_BKP_HARP'
Executing Snowflake query :: SELECT COLUMN_NAME FROM DEV_ENT_CURATED.INFORMATION_SCHEMA.COLUMNS WHERE TABLE_NAME='DIM_TECHNICIANPAYROLLADJUSTMENT'and TABLE_SCHEMA='MASTER_DIMENSIONS'
Column names for RAW Table --> TECHNICIANPAYROLLADJUSTMENT :: [BUSINESSUNIT_ID, TECHNICIAN_ID, JOBNUMBER, TAXZONE_ID, CODE_PAYROLLCODE, HOURS, ID, ISPREVAILINGWAGEJOB, PAYROLLCODE_ORIGINALCODE, PROJECT_ID, IMPORTID, JOBLOCATION_ID, ZONENAME, PERSISTENCETYPE, ZONE_ID, PAYROLLCODE_CODE, CUSTOMER_ID, INVOICE_ID, PROJECTNUMBER, RATE, JOBLOCATIONZIP, TYPE, CODE_NAME, JOBLOCATIONADDRESS, QUANTITY, INVOICENUMBER, ACTIVE, JOB_ID, PAYROLL_ID, REPLACESBONUSAMOUNT, TAXZONENAME, PAYROLLCODE_NAME, BUSINESSUNITNAME, CREATEDON, ISOTCHARGE, PAYROLLADJUSTMENT_ID, AMOUNT, CODE_ORIGINALCODE, CREATEDBY_ID, JOBLOCATIONNAME, MEMO, CUSTOMERNAME, POSTEDON]
Column names for DataMart Table --> STR_TECHNICIANPAYROLLADJUSTMENT :: [CODE_NAME, CREATEDBY_ID, MEMO, PAYROLLCODE_ORIGINALCODE, TAXZONENAME, PROJECT_ID, BUSINESSUNITNAME, HOURS, ID, ISOTCHARGE, PAYROLLCODE_NAME, TAXZONE_ID, JOBLOCATIONNAME, RECORD_CREATE_DATE, TYPE, PAYROLLADJUSTMENT_ID, PROJECTNUMBER, CODE_ORIGINALCODE, RATE, IMPORTID, INVOICENUMBER, INVOICE_ID, JOBLOCATIONADDRESS, JOBNUMBER, ZONENAME, PAYROLLCODE_CODE, PERSISTENCETYPE, ACTIVE, ACTIVE_FLAG, ISPREVAILINGWAGEJOB, PAYROLL_ID, RECORD_UPDATE_DATE, ZONE_ID, TENANT_TYPE, BUSINESSUNIT_ID, CREATEDON, CUSTOMER_ID, JOBLOCATION_ID, MASTER_ID, REPLACESBONUSAMOUNT, POSTEDON, TECHNICIAN_ID, CUSTOMERNAME, QUANTITY, AMOUNT, CODE_PAYROLLCODE, JOBLOCATIONZIP, JOB_ID]
Column names for Curated Table --> DIM_TECHNICIANPAYROLLADJUSTMENT :: [BUSINESSUNIT_ID, CREATEDON, CUSTOMER_ID, ISOTCHARGE, ISPREVAILINGWAGEJOB, JOBLOCATION_ID, TYPE, PAYROLLCODE_CODE, BUSINESSUNITNAME, INVOICENUMBER, PROJECTNUMBER, TECHNICIAN_ID, PAYROLLCODE_ORIGINALCODE, AMOUNT, HOURS, JOBNUMBER, QUANTITY, TENANT_TYPE, INVOICE_ID, JOBLOCATIONZIP, JOB_ID, JOBLOCATIONNAME, PERSISTENCETYPE, CODE_ORIGINALCODE, PAYROLL_ID, CODE_NAME, ZONE_ID, RECORD_UPDATE_DATE, CODE_PAYROLLCODE, CREATEDBY_ID, POSTEDON, PAYROLLADJUSTMENT_ID, ID, PROJECT_ID, TAXZONE_ID, ACTIVE, CUSTOMERNAME, PAYROLLCODE_NAME, RECORD_CREATE_DATE, REPLACESBONUSAMOUNT, TAXZONENAME, IMPORTID, JOBLOCATIONADDRESS, MEMO, RATE, ZONENAME]
Column Name found in Datamart and Curated Table :: BUSINESSUNIT_ID
Column Name found in Datamart and Curated Table :: TECHNICIAN_ID
Column Name found in Datamart and Curated Table :: JOBNUMBER
Column Name found in Datamart and Curated Table :: TAXZONE_ID
Column Name found in Datamart and Curated Table :: CODE_PAYROLLCODE
Column Name found in Datamart and Curated Table :: HOURS
Column Name found in Datamart and Curated Table :: ID
Column Name found in Datamart and Curated Table :: ISPREVAILINGWAGEJOB
Column Name found in Datamart and Curated Table :: PAYROLLCODE_ORIGINALCODE
Column Name found in Datamart and Curated Table :: PROJECT_ID
Column Name found in Datamart and Curated Table :: IMPORTID
Column Name found in Datamart and Curated Table :: JOBLOCATION_ID
Column Name found in Datamart and Curated Table :: ZONENAME
Column Name found in Datamart and Curated Table :: PERSISTENCETYPE
Column Name found in Datamart and Curated Table :: ZONE_ID
Column Name found in Datamart and Curated Table :: PAYROLLCODE_CODE
Column Name found in Datamart and Curated Table :: CUSTOMER_ID
Column Name found in Datamart and Curated Table :: INVOICE_ID
Column Name found in Datamart and Curated Table :: PROJECTNUMBER
Column Name found in Datamart and Curated Table :: RATE
Column Name found in Datamart and Curated Table :: JOBLOCATIONZIP
Column Name found in Datamart and Curated Table :: TYPE
Column Name found in Datamart and Curated Table :: CODE_NAME
Column Name found in Datamart and Curated Table :: JOBLOCATIONADDRESS
Column Name found in Datamart and Curated Table :: QUANTITY
Column Name found in Datamart and Curated Table :: INVOICENUMBER
Column Name found in Datamart and Curated Table :: ACTIVE
Column Name found in Datamart and Curated Table :: JOB_ID
Column Name found in Datamart and Curated Table :: PAYROLL_ID
Column Name found in Datamart and Curated Table :: REPLACESBONUSAMOUNT
Column Name found in Datamart and Curated Table :: TAXZONENAME
Column Name found in Datamart and Curated Table :: PAYROLLCODE_NAME
Column Name found in Datamart and Curated Table :: BUSINESSUNITNAME
Column Name found in Datamart and Curated Table :: CREATEDON
Column Name found in Datamart and Curated Table :: ISOTCHARGE
Column Name found in Datamart and Curated Table :: PAYROLLADJUSTMENT_ID
Column Name found in Datamart and Curated Table :: AMOUNT
Column Name found in Datamart and Curated Table :: CODE_ORIGINALCODE
Column Name found in Datamart and Curated Table :: CREATEDBY_ID
Column Name found in Datamart and Curated Table :: JOBLOCATIONNAME
Column Name found in Datamart and Curated Table :: MEMO
Column Name found in Datamart and Curated Table :: CUSTOMERNAME
Column Name found in Datamart and Curated Table :: POSTEDON
Datamart tables contains additional column name like [ACTIVE_FLAG, RECORD_CREATE_DATE, RECORD_UPDATE_DATE, RECORD_UPDATE_DATE, MASTER_ID, TENANT_TYPE]
Curated tables not contains additional column name like [RECORD_CREATE_DATE, RECORD_UPDATE_DATE, RECORD_UPDATED_BY, TENANT_TYPE]]]>
  </system-out>
  <testcase classname="testcases.RAW_DATAMART_CURATED.SnowFlake_ColumnValidation_Master" name="Testcase_ColumnValidation" time="2.236">
    <failure message="The following asserts failed:
	null" type="java.lang.AssertionError">
      <![CDATA[java.lang.AssertionError: The following asserts failed:
null
at org.testng.asserts.SoftAssert.assertAll(SoftAssert.java:47)
at org.testng.asserts.SoftAssert.assertAll(SoftAssert.java:31)
at testcases.RAW_DATAMART_CURATED.SnowFlake_ColumnValidation_Master.BKP_Tables_ColumnName_validation(SnowFlake_ColumnValidation_Master.java:231)
at testcases.RAW_DATAMART_CURATED.SnowFlake_ColumnValidation_Master.Testcase_ColumnValidation(SnowFlake_ColumnValidation_Master.java:240)
at jdk.internal.reflect.GeneratedMethodAccessor12.invoke(Unknown Source)
at java.base/jdk.internal.reflect.DelegatingMethodAccessorImpl.invoke(DelegatingMethodAccessorImpl.java:43)
at java.base/java.lang.reflect.Method.invoke(Method.java:568)
at org.testng.internal.MethodInvocationHelper.invokeMethod(MethodInvocationHelper.java:133)
at org.testng.internal.TestInvoker.invokeMethod(TestInvoker.java:598)
at org.testng.internal.TestInvoker.invokeTestMethod(TestInvoker.java:173)
at org.testng.internal.MethodRunner.runInSequence(MethodRunner.java:46)
at org.testng.internal.TestInvoker$MethodInvocationAgent.invoke(TestInvoker.java:824)
at org.testng.internal.TestInvoker.invokeTestMethods(TestInvoker.java:146)
at org.testng.internal.TestMethodWorker.invokeTestMethods(TestMethodWorker.java:146)
at org.testng.internal.TestMethodWorker.run(TestMethodWorker.java:128)
at java.base/java.util.ArrayList.forEach(ArrayList.java:1511)
at org.testng.TestRunner.privateRun(TestRunner.java:794)
at org.testng.TestRunner.run(TestRunner.java:596)
at org.testng.SuiteRunner.runTest(SuiteRunner.java:377)
at org.testng.SuiteRunner.runSequentially(SuiteRunner.java:371)
at org.testng.SuiteRunner.privateRun(SuiteRunner.java:332)
at org.testng.SuiteRunner.run(SuiteRunner.java:276)
at org.testng.SuiteRunnerWorker.runSuite(SuiteRunnerWorker.java:53)
at org.testng.SuiteRunnerWorker.run(SuiteRunnerWorker.java:96)
at org.testng.TestNG.runSuitesSequentially(TestNG.java:1212)
at org.testng.TestNG.runSuitesLocally(TestNG.java:1134)
at org.testng.TestNG.runSuites(TestNG.java:1063)
at org.testng.TestNG.run(TestNG.java:1031)
at org.testng.remote.AbstractRemoteTestNG.run(AbstractRemoteTestNG.java:115)
at org.testng.remote.RemoteTestNG.initAndRun(RemoteTestNG.java:251)
at org.testng.remote.RemoteTestNG.main(RemoteTestNG.java:77)
]]>
    </failure>
  </testcase> <!-- Testcase_ColumnValidation -->
  <system-out>
    <![CDATA[Executing Snowflake query :: SELECT COLUMN_NAME FROM DEV_ENT_RAW.INFORMATION_SCHEMA.COLUMNS WHERE TABLE_NAME='TECHNICIANPAYROLL'and TABLE_SCHEMA='ST_HENDERSON_MATILLION'
Executing Snowflake query :: SELECT COLUMN_NAME FROM CURATED_DATAMART.INFORMATION_SCHEMA.COLUMNS WHERE TABLE_NAME='STR_TECHNICIANPAYROLL'and TABLE_SCHEMA='ST_BKP_HENDERSON'
Executing Snowflake query :: SELECT COLUMN_NAME FROM DEV_ENT_CURATED.INFORMATION_SCHEMA.COLUMNS WHERE TABLE_NAME='DIM_TECHNICIANPAYROLL'and TABLE_SCHEMA='MASTER_DIMENSIONS'
Column names for RAW Table --> TECHNICIANPAYROLL :: [BUSINESSUNITPAYROLLIDLETIMEOTPAYCODE, CREATEDON, HASCALCULATEDGROSSPAYITEMS, ID, PAYROLLREVIEWSTATE_MANAGERSTATUS, TECHNICIAN_ID, CREATEDBY_ID, LINEITEMSONPURCHASEORDERS, SEARSPAYROLLROLE, TECHNICIANOVERTIMEMODE, TECHNICIANTYPE, TECHNICIANPAYTYPE, BUSINESSUNITWEIGHTEDOVERTIMEPAYCODENEW_CODE, BUSINESSUNITPAYROLLIDLETIMESTPAYCODE, BUSINESSUNITWEIGHTEDOVERTIMEPAYCODENEW_NAME, DEDUCTCOSTSFROMSOLDBYCREDIT, INCLUDESELLERFEEANDTECHSPECIFICBONUS, PAYROLLREVIEWSTATE_DISPUTEREASON, BUSINESSUNITPAYROLLIDLETIMESTANDARDPAYCODE_ORIGINALCODE, PAYROLLCOSTMARKUP, SHOWPAYROLLPERSISTENCEFIELDSANDREPORTS, TECHNICIANINVOICINGHOURLYRATE, TO, PAYROLLID, TECHNICIANNAME, TIMEZONE, TECHNICIANPAYROLLSTATUS, ADDONCREWSPLITCOMMISSIONRATE, ADDONMULTITECHCOMMISSIONRATE, ATLASBUTLERTECHNICIANROLE, BUSINESSUNITPAYROLLIDLETIMEDOUBLEOVERTIMEPAYCODE_ORIGINALCODE, BUSINESSUNITPAYROLLIDLETIMEOVERTIMEPAYCODE_CODE, DISABLEDOUBLEOVERTIME, ENABLETECHNICIANCLOCKINANDCLOCKOUT, FROM, PAYROLLREVIEWSTATE_STATUS, PAYROLLUSENSVASSOLDBYBASE, BUSINESSUNITPAYROLLIDLETIMESTANDARDPAYCODE_CODE, LASTTIMEUPDATED, PAYROLLREVIEWSTATE_AUTHORIZATIONSIGNATURE, TECHNICIANCOMMISSIONRATE, PAYFORIDLETIMEUPTO, PAYROLLREPORTVERSION, TECHNICIANPAYROLLSTARTPERIOD, TURNOVERMINIMUMTHRESHOLD, BURDENRATE, ISQUEUEDFORFORCEDTIMESHEETRECALC, TURNOVERBONUS, BUSINESSUNITPAYROLLIDLETIMEDOUBLEOVERTIMEPAYCODE_CODE, BUSINESSUNITWEIGHTEDOVERTIMEPAYCODENEW_ORIGINALCODE, DEFAULTPAYROLLADJUSTMENTRATE, HASCALCULATEDSALARYGROSSPAYITEMS, ISQUEUEDFORFORCEDSALARYRECALC, PAYROLLREVIEWSTATE_MANAGERUPDATEDON, PAYROLLUSECOMMISSIONBASETODETECTRANGEBONUS, SCHEDULEDSOLOCOMMISSIONRATE, SELLERFEE, TECHNICIANDEDUCTCOMMUTETIMEFROMFIRSTDRIVE, PAYFORIDLETIMEOVERONEHOUR, PAYROLLPERIOD_ID, TECHNICIANCOMMUTETIME, BUSINESSUNITPAYROLLIDLETIMESTANDARDPAYCODE_NAME, BUSINESSUNITWEIGHTEDOVERTIMEPAYCODE, IMPORTID, LASTTIMESALARYGROSSPAYITEMSGENERATED, OVERTIMEPROFILE_ID, TECHNICIANSOLDBYRATE, PAYROLLSHOWMATERIALSINCOST, USECUSTOMIDLETIMERULES, WILLIAMSPAYROLLIGNORESINVOICEBALANCETOPAYTGLANDSOLDBY, SCHEDULEDMULTITECHCOMMISSIONRATE, USEPAYROLLDATE, ACTIVE, ADDONSOLOCOMMISSIONRATE, BUSINESSUNITNAME, LASTTIMEGROSSPAYITEMSGENERATED, SCHEDULEDCREWSPLITCOMMISSIONRATE, SUPPORTSPERSISTEDINVOICES, MANAGER_ID, TECHNICIANHOURLYRATE, UPDATEERRORLOGID, BUSINESSUNIT_ID, BUSINESSUNITPAYROLLIDLETIMEOVERTIMEPAYCODE_NAME, PAYROLLEXPENSEDEDUCTIONTRIGGER, PAYROLLFLATFEEMINIMUM, PAYROLLREVIEWSTATE_TECHNICIANUPDATEDON, PAYROLLTYPE, ISQUEUEDFORFORCEDCOMMISSIONRECALC, PAYROLLFLATFEE, PAYROLLMARGINALRANGEBONUSES, LASTTIMETIMESHEETSGROSSPAYITEMSGENERATED, TECHNICIANFIRSTDRIVERULE, BUSINESSUNITPAYROLLIDLETIMEDOUBLEOVERTIMEPAYCODE_NAME, BUSINESSUNITPAYROLLIDLETIMEOVERTIMEPAYCODE_ORIGINALCODE, MANAGERNAME, PAYROLLPERCENTAGEFEE, PAYROLLPERCENTAGEFEEMINIMUM, PREVENTNJAOVERLAPPING, ROUNDSOLDHOURSTOTWODECIMALPLACES, HASCALCULATEDTIMESHEETGROSSPAYITEMS]
Column names for DataMart Table --> STR_TECHNICIANPAYROLL :: [ACTIVE_FLAG, BUSINESSUNITPAYROLLIDLETIMEOVERTIMEPAYCODE_NAME, ISQUEUEDFORFORCEDCOMMISSIONRECALC, ISQUEUEDFORFORCEDSALARYRECALC, PAYROLLFLATFEEMINIMUM, FROM, LASTTIMESALARYGROSSPAYITEMSGENERATED, PAYROLLID, PAYROLLPERCENTAGEFEEMINIMUM, PAYROLLREVIEWSTATE_TECHNICIANUPDATEDON, TECHNICIANCOMMISSIONRATE, TECHNICIANTYPE, TECHNICIAN_ID, TURNOVERMINIMUMTHRESHOLD, TECHNICIANDEDUCTCOMMUTETIMEFROMFIRSTDRIVE, BUSINESSUNITNAME, MANAGERNAME, OVERTIMEPROFILE_ID, PAYROLLMARGINALRANGEBONUSES, UPDATEERRORLOGID, PAYROLLREVIEWSTATE_MANAGERUPDATEDON, ROUNDSOLDHOURSTOTWODECIMALPLACES, SHOWPAYROLLPERSISTENCEFIELDSANDREPORTS, TURNOVERBONUS, BUSINESSUNITPAYROLLIDLETIMEDOUBLEOVERTIMEPAYCODE_NAME, LASTTIMETIMESHEETSGROSSPAYITEMSGENERATED, WILLIAMSPAYROLLIGNORESINVOICEBALANCETOPAYTGLANDSOLDBY, BUSINESSUNITPAYROLLIDLETIMESTPAYCODE, LINEITEMSONPURCHASEORDERS, PAYFORIDLETIMEOVERONEHOUR, PAYROLLFLATFEE, SCHEDULEDSOLOCOMMISSIONRATE, TECHNICIANCOMMUTETIME, TECHNICIANPAYROLLSTATUS, SELLERFEE, DISABLEDOUBLEOVERTIME, ACTIVE, BUSINESSUNITPAYROLLIDLETIMEOVERTIMEPAYCODE_ORIGINALCODE, BUSINESSUNITWEIGHTEDOVERTIMEPAYCODE, ID, RECORD_CREATE_DATE, TECHNICIANINVOICINGHOURLYRATE, PAYFORIDLETIMEUPTO, SUPPORTSPERSISTEDINVOICES, LASTTIMEUPDATED, PAYROLLSHOWMATERIALSINCOST, BUSINESSUNITWEIGHTEDOVERTIMEPAYCODENEW_NAME, BUSINESSUNIT_ID, CREATEDON, PAYROLLCOSTMARKUP, PAYROLLREVIEWSTATE_STATUS, TECHNICIANNAME, TECHNICIANPAYTYPE, PAYROLLREPORTVERSION, TECHNICIANFIRSTDRIVERULE, PAYROLLTYPE, ADDONMULTITECHCOMMISSIONRATE, ADDONSOLOCOMMISSIONRATE, ATLASBUTLERTECHNICIANROLE, BURDENRATE, CREATEDBY_ID, MANAGER_ID, PAYROLLPERIOD_ID, PAYROLLREVIEWSTATE_AUTHORIZATIONSIGNATURE, PAYROLLREVIEWSTATE_MANAGERSTATUS, TECHNICIANSOLDBYRATE, TENANT_TYPE, USEPAYROLLDATE, RECORD_UPDATE_DATE, PAYROLLEXPENSEDEDUCTIONTRIGGER, TECHNICIANOVERTIMEMODE, PAYROLLPERCENTAGEFEE, ADDONCREWSPLITCOMMISSIONRATE, BUSINESSUNITPAYROLLIDLETIMEOTPAYCODE, BUSINESSUNITPAYROLLIDLETIMESTANDARDPAYCODE_CODE, HASCALCULATEDTIMESHEETGROSSPAYITEMS, IMPORTID, INCLUDESELLERFEEANDTECHSPECIFICBONUS, LASTTIMEGROSSPAYITEMSGENERATED, PAYROLLUSENSVASSOLDBYBASE, BUSINESSUNITPAYROLLIDLETIMEDOUBLEOVERTIMEPAYCODE_ORIGINALCODE, PAYROLLUSECOMMISSIONBASETODETECTRANGEBONUS, USECUSTOMIDLETIMERULES, BUSINESSUNITPAYROLLIDLETIMESTANDARDPAYCODE_NAME, PREVENTNJAOVERLAPPING, TIMEZONE, SCHEDULEDMULTITECHCOMMISSIONRATE, BUSINESSUNITPAYROLLIDLETIMEDOUBLEOVERTIMEPAYCODE_CODE, BUSINESSUNITPAYROLLIDLETIMEOVERTIMEPAYCODE_CODE, BUSINESSUNITPAYROLLIDLETIMESTANDARDPAYCODE_ORIGINALCODE, BUSINESSUNITWEIGHTEDOVERTIMEPAYCODENEW_CODE, BUSINESSUNITWEIGHTEDOVERTIMEPAYCODENEW_ORIGINALCODE, DEDUCTCOSTSFROMSOLDBYCREDIT, DEFAULTPAYROLLADJUSTMENTRATE, HASCALCULATEDGROSSPAYITEMS, HASCALCULATEDSALARYGROSSPAYITEMS, ISQUEUEDFORFORCEDTIMESHEETRECALC, PAYROLLREVIEWSTATE_DISPUTEREASON, SCHEDULEDCREWSPLITCOMMISSIONRATE, ENABLETECHNICIANCLOCKINANDCLOCKOUT, SEARSPAYROLLROLE, TECHNICIANHOURLYRATE, TECHNICIANPAYROLLSTARTPERIOD, TO, MASTER_ID]
Column names for Curated Table --> DIM_TECHNICIANPAYROLL :: [ADDONMULTITECHCOMMISSIONRATE, BURDENRATE, BUSINESSUNITPAYROLLIDLETIMEDOUBLEOVERTIMEPAYCODE_ORIGINALCODE, BUSINESSUNITPAYROLLIDLETIMESTANDARDPAYCODE_CODE, DISABLEDOUBLEOVERTIME, ENABLETECHNICIANCLOCKINANDCLOCKOUT, ID, PAYROLLFLATFEE, TECHNICIANNAME, LINEITEMSONPURCHASEORDERS, SHOWPAYROLLPERSISTENCEFIELDSANDREPORTS, UPDATEERRORLOGID, DEFAULTPAYROLLADJUSTMENTRATE, TECHNICIAN_ID, ADDONSOLOCOMMISSIONRATE, ISQUEUEDFORFORCEDSALARYRECALC, TURNOVERBONUS, BUSINESSUNITPAYROLLIDLETIMEOVERTIMEPAYCODE_NAME, HASCALCULATEDTIMESHEETGROSSPAYITEMS, OVERTIMEPROFILE_ID, TECHNICIANPAYROLLSTARTPERIOD, WILLIAMSPAYROLLIGNORESINVOICEBALANCETOPAYTGLANDSOLDBY, TURNOVERMINIMUMTHRESHOLD, USEPAYROLLDATE, MANAGERNAME, PAYROLLCOSTMARKUP, SEARSPAYROLLROLE, TECHNICIANPAYTYPE, HASCALCULATEDSALARYGROSSPAYITEMS, PAYROLLREVIEWSTATE_MANAGERUPDATEDON, PAYROLLTYPE, SCHEDULEDCREWSPLITCOMMISSIONRATE, TENANT_TYPE, SUPPORTSPERSISTEDINVOICES, ADDONCREWSPLITCOMMISSIONRATE, BUSINESSUNITPAYROLLIDLETIMEDOUBLEOVERTIMEPAYCODE_NAME, BUSINESSUNITPAYROLLIDLETIMEOVERTIMEPAYCODE_CODE, BUSINESSUNITPAYROLLIDLETIMESTPAYCODE, BUSINESSUNITWEIGHTEDOVERTIMEPAYCODENEW_CODE, LASTTIMETIMESHEETSGROSSPAYITEMSGENERATED, PAYROLLFLATFEEMINIMUM, TECHNICIANSOLDBYRATE, BUSINESSUNITWEIGHTEDOVERTIMEPAYCODENEW_NAME, RECORD_CREATE_DATE, TIMEZONE, PAYROLLREVIEWSTATE_DISPUTEREASON, TO, LASTTIMESALARYGROSSPAYITEMSGENERATED, ACTIVE, BUSINESSUNITPAYROLLIDLETIMESTANDARDPAYCODE_NAME, BUSINESSUNITPAYROLLIDLETIMESTANDARDPAYCODE_ORIGINALCODE, CREATEDON, LASTTIMEGROSSPAYITEMSGENERATED, PAYROLLPERCENTAGEFEE, SCHEDULEDMULTITECHCOMMISSIONRATE, BUSINESSUNITNAME, PAYFORIDLETIMEUPTO, PAYROLLREVIEWSTATE_STATUS, PAYROLLREVIEWSTATE_TECHNICIANUPDATEDON, SELLERFEE, TECHNICIANINVOICINGHOURLYRATE, TECHNICIANPAYROLLSTATUS, TECHNICIANTYPE, BUSINESSUNITPAYROLLIDLETIMEDOUBLEOVERTIMEPAYCODE_CODE, HASCALCULATEDGROSSPAYITEMS, PAYFORIDLETIMEOVERONEHOUR, PAYROLLUSECOMMISSIONBASETODETECTRANGEBONUS, RECORD_UPDATE_DATE, PAYROLLREVIEWSTATE_AUTHORIZATIONSIGNATURE, TECHNICIANFIRSTDRIVERULE, BUSINESSUNITPAYROLLIDLETIMEOVERTIMEPAYCODE_ORIGINALCODE, BUSINESSUNITPAYROLLIDLETIMEOTPAYCODE, CREATEDBY_ID, ISQUEUEDFORFORCEDCOMMISSIONRECALC, PREVENTNJAOVERLAPPING, ROUNDSOLDHOURSTOTWODECIMALPLACES, FROM, TECHNICIANCOMMISSIONRATE, TECHNICIANDEDUCTCOMMUTETIMEFROMFIRSTDRIVE, USECUSTOMIDLETIMERULES, PAYROLLMARGINALRANGEBONUSES, IMPORTID, PAYROLLREVIEWSTATE_MANAGERSTATUS, ATLASBUTLERTECHNICIANROLE, BUSINESSUNITWEIGHTEDOVERTIMEPAYCODENEW_ORIGINALCODE, BUSINESSUNIT_ID, DEDUCTCOSTSFROMSOLDBYCREDIT, ISQUEUEDFORFORCEDTIMESHEETRECALC, MANAGER_ID, PAYROLLREPORTVERSION, PAYROLLSHOWMATERIALSINCOST, PAYROLLUSENSVASSOLDBYBASE, SCHEDULEDSOLOCOMMISSIONRATE, INCLUDESELLERFEEANDTECHSPECIFICBONUS, LASTTIMEUPDATED, PAYROLLID, PAYROLLPERCENTAGEFEEMINIMUM, TECHNICIANCOMMUTETIME, TECHNICIANHOURLYRATE, TECHNICIANOVERTIMEMODE, BUSINESSUNITWEIGHTEDOVERTIMEPAYCODE, PAYROLLEXPENSEDEDUCTIONTRIGGER, PAYROLLPERIOD_ID]
Column Name found in Datamart and Curated Table :: BUSINESSUNITPAYROLLIDLETIMEOTPAYCODE
Column Name found in Datamart and Curated Table :: CREATEDON
Column Name found in Datamart and Curated Table :: HASCALCULATEDGROSSPAYITEMS
Column Name found in Datamart and Curated Table :: ID
Column Name found in Datamart and Curated Table :: PAYROLLREVIEWSTATE_MANAGERSTATUS
Column Name found in Datamart and Curated Table :: TECHNICIAN_ID
Column Name found in Datamart and Curated Table :: CREATEDBY_ID
Column Name found in Datamart and Curated Table :: LINEITEMSONPURCHASEORDERS
Column Name found in Datamart and Curated Table :: SEARSPAYROLLROLE
Column Name found in Datamart and Curated Table :: TECHNICIANOVERTIMEMODE
Column Name found in Datamart and Curated Table :: TECHNICIANTYPE
Column Name found in Datamart and Curated Table :: TECHNICIANPAYTYPE
Column Name found in Datamart and Curated Table :: BUSINESSUNITWEIGHTEDOVERTIMEPAYCODENEW_CODE
Column Name found in Datamart and Curated Table :: BUSINESSUNITPAYROLLIDLETIMESTPAYCODE
Column Name found in Datamart and Curated Table :: BUSINESSUNITWEIGHTEDOVERTIMEPAYCODENEW_NAME
Column Name found in Datamart and Curated Table :: DEDUCTCOSTSFROMSOLDBYCREDIT
Column Name found in Datamart and Curated Table :: INCLUDESELLERFEEANDTECHSPECIFICBONUS
Column Name found in Datamart and Curated Table :: PAYROLLREVIEWSTATE_DISPUTEREASON
Column Name found in Datamart and Curated Table :: BUSINESSUNITPAYROLLIDLETIMESTANDARDPAYCODE_ORIGINALCODE
Column Name found in Datamart and Curated Table :: PAYROLLCOSTMARKUP
Column Name found in Datamart and Curated Table :: SHOWPAYROLLPERSISTENCEFIELDSANDREPORTS
Column Name found in Datamart and Curated Table :: TECHNICIANINVOICINGHOURLYRATE
Column Name found in Datamart and Curated Table :: TO
Column Name found in Datamart and Curated Table :: PAYROLLID
Column Name found in Datamart and Curated Table :: TECHNICIANNAME
Column Name found in Datamart and Curated Table :: TIMEZONE
Column Name found in Datamart and Curated Table :: TECHNICIANPAYROLLSTATUS
Column Name found in Datamart and Curated Table :: ADDONCREWSPLITCOMMISSIONRATE
Column Name found in Datamart and Curated Table :: ADDONMULTITECHCOMMISSIONRATE
Column Name found in Datamart and Curated Table :: ATLASBUTLERTECHNICIANROLE
Column Name found in Datamart and Curated Table :: BUSINESSUNITPAYROLLIDLETIMEDOUBLEOVERTIMEPAYCODE_ORIGINALCODE
Column Name found in Datamart and Curated Table :: BUSINESSUNITPAYROLLIDLETIMEOVERTIMEPAYCODE_CODE
Column Name found in Datamart and Curated Table :: DISABLEDOUBLEOVERTIME
Column Name found in Datamart and Curated Table :: ENABLETECHNICIANCLOCKINANDCLOCKOUT
Column Name found in Datamart and Curated Table :: FROM
Column Name found in Datamart and Curated Table :: PAYROLLREVIEWSTATE_STATUS
Column Name found in Datamart and Curated Table :: PAYROLLUSENSVASSOLDBYBASE
Column Name found in Datamart and Curated Table :: BUSINESSUNITPAYROLLIDLETIMESTANDARDPAYCODE_CODE
Column Name found in Datamart and Curated Table :: LASTTIMEUPDATED
Column Name found in Datamart and Curated Table :: PAYROLLREVIEWSTATE_AUTHORIZATIONSIGNATURE
Column Name found in Datamart and Curated Table :: TECHNICIANCOMMISSIONRATE
Column Name found in Datamart and Curated Table :: PAYFORIDLETIMEUPTO
Column Name found in Datamart and Curated Table :: PAYROLLREPORTVERSION
Column Name found in Datamart and Curated Table :: TECHNICIANPAYROLLSTARTPERIOD
Column Name found in Datamart and Curated Table :: TURNOVERMINIMUMTHRESHOLD
Column Name found in Datamart and Curated Table :: BURDENRATE
Column Name found in Datamart and Curated Table :: ISQUEUEDFORFORCEDTIMESHEETRECALC
Column Name found in Datamart and Curated Table :: TURNOVERBONUS
Column Name found in Datamart and Curated Table :: BUSINESSUNITPAYROLLIDLETIMEDOUBLEOVERTIMEPAYCODE_CODE
Column Name found in Datamart and Curated Table :: BUSINESSUNITWEIGHTEDOVERTIMEPAYCODENEW_ORIGINALCODE
Column Name found in Datamart and Curated Table :: DEFAULTPAYROLLADJUSTMENTRATE
Column Name found in Datamart and Curated Table :: HASCALCULATEDSALARYGROSSPAYITEMS
Column Name found in Datamart and Curated Table :: ISQUEUEDFORFORCEDSALARYRECALC
Column Name found in Datamart and Curated Table :: PAYROLLREVIEWSTATE_MANAGERUPDATEDON
Column Name found in Datamart and Curated Table :: PAYROLLUSECOMMISSIONBASETODETECTRANGEBONUS
Column Name found in Datamart and Curated Table :: SCHEDULEDSOLOCOMMISSIONRATE
Column Name found in Datamart and Curated Table :: SELLERFEE
Column Name found in Datamart and Curated Table :: TECHNICIANDEDUCTCOMMUTETIMEFROMFIRSTDRIVE
Column Name found in Datamart and Curated Table :: PAYFORIDLETIMEOVERONEHOUR
Column Name found in Datamart and Curated Table :: PAYROLLPERIOD_ID
Column Name found in Datamart and Curated Table :: TECHNICIANCOMMUTETIME
Column Name found in Datamart and Curated Table :: BUSINESSUNITPAYROLLIDLETIMESTANDARDPAYCODE_NAME
Column Name found in Datamart and Curated Table :: BUSINESSUNITWEIGHTEDOVERTIMEPAYCODE
Column Name found in Datamart and Curated Table :: IMPORTID
Column Name found in Datamart and Curated Table :: LASTTIMESALARYGROSSPAYITEMSGENERATED
Column Name found in Datamart and Curated Table :: OVERTIMEPROFILE_ID
Column Name found in Datamart and Curated Table :: TECHNICIANSOLDBYRATE
Column Name found in Datamart and Curated Table :: PAYROLLSHOWMATERIALSINCOST
Column Name found in Datamart and Curated Table :: USECUSTOMIDLETIMERULES
Column Name found in Datamart and Curated Table :: WILLIAMSPAYROLLIGNORESINVOICEBALANCETOPAYTGLANDSOLDBY
Column Name found in Datamart and Curated Table :: SCHEDULEDMULTITECHCOMMISSIONRATE
Column Name found in Datamart and Curated Table :: USEPAYROLLDATE
Column Name found in Datamart and Curated Table :: ACTIVE
Column Name found in Datamart and Curated Table :: ADDONSOLOCOMMISSIONRATE
Column Name found in Datamart and Curated Table :: BUSINESSUNITNAME
Column Name found in Datamart and Curated Table :: LASTTIMEGROSSPAYITEMSGENERATED
Column Name found in Datamart and Curated Table :: SCHEDULEDCREWSPLITCOMMISSIONRATE
Column Name found in Datamart and Curated Table :: SUPPORTSPERSISTEDINVOICES
Column Name found in Datamart and Curated Table :: MANAGER_ID
Column Name found in Datamart and Curated Table :: TECHNICIANHOURLYRATE
Column Name found in Datamart and Curated Table :: UPDATEERRORLOGID
Column Name found in Datamart and Curated Table :: BUSINESSUNIT_ID
Column Name found in Datamart and Curated Table :: BUSINESSUNITPAYROLLIDLETIMEOVERTIMEPAYCODE_NAME
Column Name found in Datamart and Curated Table :: PAYROLLEXPENSEDEDUCTIONTRIGGER
Column Name found in Datamart and Curated Table :: PAYROLLFLATFEEMINIMUM
Column Name found in Datamart and Curated Table :: PAYROLLREVIEWSTATE_TECHNICIANUPDATEDON
Column Name found in Datamart and Curated Table :: PAYROLLTYPE
Column Name found in Datamart and Curated Table :: ISQUEUEDFORFORCEDCOMMISSIONRECALC
Column Name found in Datamart and Curated Table :: PAYROLLFLATFEE
Column Name found in Datamart and Curated Table :: PAYROLLMARGINALRANGEBONUSES
Column Name found in Datamart and Curated Table :: LASTTIMETIMESHEETSGROSSPAYITEMSGENERATED
Column Name found in Datamart and Curated Table :: TECHNICIANFIRSTDRIVERULE
Column Name found in Datamart and Curated Table :: BUSINESSUNITPAYROLLIDLETIMEDOUBLEOVERTIMEPAYCODE_NAME
Column Name found in Datamart and Curated Table :: BUSINESSUNITPAYROLLIDLETIMEOVERTIMEPAYCODE_ORIGINALCODE
Column Name found in Datamart and Curated Table :: MANAGERNAME
Column Name found in Datamart and Curated Table :: PAYROLLPERCENTAGEFEE
Column Name found in Datamart and Curated Table :: PAYROLLPERCENTAGEFEEMINIMUM
Column Name found in Datamart and Curated Table :: PREVENTNJAOVERLAPPING
Column Name found in Datamart and Curated Table :: ROUNDSOLDHOURSTOTWODECIMALPLACES
Column Name found in Datamart and Curated Table :: HASCALCULATEDTIMESHEETGROSSPAYITEMS
Datamart tables contains additional column name like [ACTIVE_FLAG, RECORD_CREATE_DATE, RECORD_UPDATE_DATE, RECORD_UPDATE_DATE, MASTER_ID, TENANT_TYPE]
Curated tables not contains additional column name like [RECORD_CREATE_DATE, RECORD_UPDATE_DATE, RECORD_UPDATED_BY, TENANT_TYPE]]]>
  </system-out>
  <testcase classname="testcases.RAW_DATAMART_CURATED.SnowFlake_ColumnValidation_Master" name="Testcase_ColumnValidation" time="2.744">
    <failure message="The following asserts failed:
	null" type="java.lang.AssertionError">
      <![CDATA[java.lang.AssertionError: The following asserts failed:
null
at org.testng.asserts.SoftAssert.assertAll(SoftAssert.java:47)
at org.testng.asserts.SoftAssert.assertAll(SoftAssert.java:31)
at testcases.RAW_DATAMART_CURATED.SnowFlake_ColumnValidation_Master.BKP_Tables_ColumnName_validation(SnowFlake_ColumnValidation_Master.java:231)
at testcases.RAW_DATAMART_CURATED.SnowFlake_ColumnValidation_Master.Testcase_ColumnValidation(SnowFlake_ColumnValidation_Master.java:240)
at java.base/jdk.internal.reflect.NativeMethodAccessorImpl.invoke0(Native Method)
at java.base/jdk.internal.reflect.NativeMethodAccessorImpl.invoke(NativeMethodAccessorImpl.java:77)
at java.base/jdk.internal.reflect.DelegatingMethodAccessorImpl.invoke(DelegatingMethodAccessorImpl.java:43)
at java.base/java.lang.reflect.Method.invoke(Method.java:568)
at org.testng.internal.MethodInvocationHelper.invokeMethod(MethodInvocationHelper.java:133)
at org.testng.internal.TestInvoker.invokeMethod(TestInvoker.java:598)
at org.testng.internal.TestInvoker.invokeTestMethod(TestInvoker.java:173)
at org.testng.internal.MethodRunner.runInSequence(MethodRunner.java:46)
at org.testng.internal.TestInvoker$MethodInvocationAgent.invoke(TestInvoker.java:824)
at org.testng.internal.TestInvoker.invokeTestMethods(TestInvoker.java:146)
at org.testng.internal.TestMethodWorker.invokeTestMethods(TestMethodWorker.java:146)
at org.testng.internal.TestMethodWorker.run(TestMethodWorker.java:128)
at java.base/java.util.ArrayList.forEach(ArrayList.java:1511)
at org.testng.TestRunner.privateRun(TestRunner.java:794)
at org.testng.TestRunner.run(TestRunner.java:596)
at org.testng.SuiteRunner.runTest(SuiteRunner.java:377)
at org.testng.SuiteRunner.runSequentially(SuiteRunner.java:371)
at org.testng.SuiteRunner.privateRun(SuiteRunner.java:332)
at org.testng.SuiteRunner.run(SuiteRunner.java:276)
at org.testng.SuiteRunnerWorker.runSuite(SuiteRunnerWorker.java:53)
at org.testng.SuiteRunnerWorker.run(SuiteRunnerWorker.java:96)
at org.testng.TestNG.runSuitesSequentially(TestNG.java:1212)
at org.testng.TestNG.runSuitesLocally(TestNG.java:1134)
at org.testng.TestNG.runSuites(TestNG.java:1063)
at org.testng.TestNG.run(TestNG.java:1031)
at org.testng.remote.AbstractRemoteTestNG.run(AbstractRemoteTestNG.java:115)
at org.testng.remote.RemoteTestNG.initAndRun(RemoteTestNG.java:251)
at org.testng.remote.RemoteTestNG.main(RemoteTestNG.java:77)
]]>
    </failure>
  </testcase> <!-- Testcase_ColumnValidation -->
  <system-out>
    <![CDATA[Executing Snowflake query :: SELECT COLUMN_NAME FROM DEV_ENT_RAW.INFORMATION_SCHEMA.COLUMNS WHERE TABLE_NAME='TECHNICIANATTACHEDPROPERTY'and TABLE_SCHEMA='ST_BILLFENWICK_MATILLION'
Executing Snowflake query :: SELECT COLUMN_NAME FROM CURATED_DATAMART.INFORMATION_SCHEMA.COLUMNS WHERE TABLE_NAME='STR_TECHNICIANATTACHEDPROPERTY'and TABLE_SCHEMA='ST_BKP_BILLFENWICK'
Executing Snowflake query :: SELECT COLUMN_NAME FROM DEV_ENT_CURATED.INFORMATION_SCHEMA.COLUMNS WHERE TABLE_NAME='DIM_TECHNICIANATTACHEDPROPERTY'and TABLE_SCHEMA='MASTER_DIMENSIONS'
Column names for RAW Table --> TECHNICIANATTACHEDPROPERTY :: [VALUE, NAME, OWNER_ID]
Column names for DataMart Table --> STR_TECHNICIANATTACHEDPROPERTY :: [NAME, OWNER_ID, TENANT_TYPE, RECORD_CREATE_DATE, ACTIVE_FLAG, MASTER_ID, VALUE, RECORD_UPDATE_DATE]
Column names for Curated Table --> DIM_TECHNICIANATTACHEDPROPERTY :: [OWNER_ID, RECORD_CREATE_DATE, NAME, RECORD_UPDATE_DATE, TENANT_TYPE, VALUE]
Column Name found in Datamart and Curated Table :: VALUE
Column Name found in Datamart and Curated Table :: NAME
Column Name found in Datamart and Curated Table :: OWNER_ID
Datamart tables contains additional column name like [ACTIVE_FLAG, RECORD_CREATE_DATE, RECORD_UPDATE_DATE, RECORD_UPDATE_DATE, MASTER_ID, TENANT_TYPE]
Curated tables not contains additional column name like [RECORD_CREATE_DATE, RECORD_UPDATE_DATE, RECORD_UPDATED_BY, TENANT_TYPE]]]>
  </system-out>
  <testcase classname="testcases.RAW_DATAMART_CURATED.SnowFlake_ColumnValidation_Master" name="Testcase_ColumnValidation" time="2.177">
    <failure message="The following asserts failed:
	null" type="java.lang.AssertionError">
      <![CDATA[java.lang.AssertionError: The following asserts failed:
null
at org.testng.asserts.SoftAssert.assertAll(SoftAssert.java:47)
at org.testng.asserts.SoftAssert.assertAll(SoftAssert.java:31)
at testcases.RAW_DATAMART_CURATED.SnowFlake_ColumnValidation_Master.BKP_Tables_ColumnName_validation(SnowFlake_ColumnValidation_Master.java:231)
at testcases.RAW_DATAMART_CURATED.SnowFlake_ColumnValidation_Master.Testcase_ColumnValidation(SnowFlake_ColumnValidation_Master.java:240)
at jdk.internal.reflect.GeneratedMethodAccessor12.invoke(Unknown Source)
at java.base/jdk.internal.reflect.DelegatingMethodAccessorImpl.invoke(DelegatingMethodAccessorImpl.java:43)
at java.base/java.lang.reflect.Method.invoke(Method.java:568)
at org.testng.internal.MethodInvocationHelper.invokeMethod(MethodInvocationHelper.java:133)
at org.testng.internal.TestInvoker.invokeMethod(TestInvoker.java:598)
at org.testng.internal.TestInvoker.invokeTestMethod(TestInvoker.java:173)
at org.testng.internal.MethodRunner.runInSequence(MethodRunner.java:46)
at org.testng.internal.TestInvoker$MethodInvocationAgent.invoke(TestInvoker.java:824)
at org.testng.internal.TestInvoker.invokeTestMethods(TestInvoker.java:146)
at org.testng.internal.TestMethodWorker.invokeTestMethods(TestMethodWorker.java:146)
at org.testng.internal.TestMethodWorker.run(TestMethodWorker.java:128)
at java.base/java.util.ArrayList.forEach(ArrayList.java:1511)
at org.testng.TestRunner.privateRun(TestRunner.java:794)
at org.testng.TestRunner.run(TestRunner.java:596)
at org.testng.SuiteRunner.runTest(SuiteRunner.java:377)
at org.testng.SuiteRunner.runSequentially(SuiteRunner.java:371)
at org.testng.SuiteRunner.privateRun(SuiteRunner.java:332)
at org.testng.SuiteRunner.run(SuiteRunner.java:276)
at org.testng.SuiteRunnerWorker.runSuite(SuiteRunnerWorker.java:53)
at org.testng.SuiteRunnerWorker.run(SuiteRunnerWorker.java:96)
at org.testng.TestNG.runSuitesSequentially(TestNG.java:1212)
at org.testng.TestNG.runSuitesLocally(TestNG.java:1134)
at org.testng.TestNG.runSuites(TestNG.java:1063)
at org.testng.TestNG.run(TestNG.java:1031)
at org.testng.remote.AbstractRemoteTestNG.run(AbstractRemoteTestNG.java:115)
at org.testng.remote.RemoteTestNG.initAndRun(RemoteTestNG.java:251)
at org.testng.remote.RemoteTestNG.main(RemoteTestNG.java:77)
]]>
    </failure>
  </testcase> <!-- Testcase_ColumnValidation -->
  <system-out>
    <![CDATA[Executing Snowflake query :: SELECT COLUMN_NAME FROM DEV_ENT_RAW.INFORMATION_SCHEMA.COLUMNS WHERE TABLE_NAME='TECHNICIANATTACHEDPROPERTY'and TABLE_SCHEMA='ST_HDAIR_MATILLION'
Executing Snowflake query :: SELECT COLUMN_NAME FROM CURATED_DATAMART.INFORMATION_SCHEMA.COLUMNS WHERE TABLE_NAME='STR_TECHNICIANATTACHEDPROPERTY'and TABLE_SCHEMA='ST_BKP_HDAIR'
Executing Snowflake query :: SELECT COLUMN_NAME FROM DEV_ENT_CURATED.INFORMATION_SCHEMA.COLUMNS WHERE TABLE_NAME='DIM_TECHNICIANATTACHEDPROPERTY'and TABLE_SCHEMA='MASTER_DIMENSIONS'
Column names for RAW Table --> TECHNICIANATTACHEDPROPERTY :: []
Column names for DataMart Table --> STR_TECHNICIANATTACHEDPROPERTY :: [RECORD_UPDATE_DATE, MASTER_ID, RECORD_CREATE_DATE, VALUE, OWNER_ID, ACTIVE_FLAG, NAME, TENANT_TYPE]
Column names for Curated Table --> DIM_TECHNICIANATTACHEDPROPERTY :: [OWNER_ID, RECORD_CREATE_DATE, NAME, RECORD_UPDATE_DATE, TENANT_TYPE, VALUE]
Datamart tables contains additional column name like [ACTIVE_FLAG, RECORD_CREATE_DATE, RECORD_UPDATE_DATE, RECORD_UPDATE_DATE, MASTER_ID, TENANT_TYPE]
Curated tables not contains additional column name like [RECORD_CREATE_DATE, RECORD_UPDATE_DATE, RECORD_UPDATED_BY, TENANT_TYPE]]]>
  </system-out>
  <testcase classname="testcases.RAW_DATAMART_CURATED.SnowFlake_ColumnValidation_Master" name="Testcase_ColumnValidation" time="2.558">
    <failure message="The following asserts failed:
	null,
	null" type="java.lang.AssertionError">
      <![CDATA[java.lang.AssertionError: The following asserts failed:
null,
null
at org.testng.asserts.SoftAssert.assertAll(SoftAssert.java:47)
at org.testng.asserts.SoftAssert.assertAll(SoftAssert.java:31)
at testcases.RAW_DATAMART_CURATED.SnowFlake_ColumnValidation_Master.API_Tables_ColumnName_validation(SnowFlake_ColumnValidation_Master.java:130)
at testcases.RAW_DATAMART_CURATED.SnowFlake_ColumnValidation_Master.Testcase_ColumnValidation(SnowFlake_ColumnValidation_Master.java:243)
at jdk.internal.reflect.GeneratedMethodAccessor12.invoke(Unknown Source)
at java.base/jdk.internal.reflect.DelegatingMethodAccessorImpl.invoke(DelegatingMethodAccessorImpl.java:43)
at java.base/java.lang.reflect.Method.invoke(Method.java:568)
at org.testng.internal.MethodInvocationHelper.invokeMethod(MethodInvocationHelper.java:133)
at org.testng.internal.TestInvoker.invokeMethod(TestInvoker.java:598)
at org.testng.internal.TestInvoker.invokeTestMethod(TestInvoker.java:173)
at org.testng.internal.MethodRunner.runInSequence(MethodRunner.java:46)
at org.testng.internal.TestInvoker$MethodInvocationAgent.invoke(TestInvoker.java:824)
at org.testng.internal.TestInvoker.invokeTestMethods(TestInvoker.java:146)
at org.testng.internal.TestMethodWorker.invokeTestMethods(TestMethodWorker.java:146)
at org.testng.internal.TestMethodWorker.run(TestMethodWorker.java:128)
at java.base/java.util.ArrayList.forEach(ArrayList.java:1511)
at org.testng.TestRunner.privateRun(TestRunner.java:794)
at org.testng.TestRunner.run(TestRunner.java:596)
at org.testng.SuiteRunner.runTest(SuiteRunner.java:377)
at org.testng.SuiteRunner.runSequentially(SuiteRunner.java:371)
at org.testng.SuiteRunner.privateRun(SuiteRunner.java:332)
at org.testng.SuiteRunner.run(SuiteRunner.java:276)
at org.testng.SuiteRunnerWorker.runSuite(SuiteRunnerWorker.java:53)
at org.testng.SuiteRunnerWorker.run(SuiteRunnerWorker.java:96)
at org.testng.TestNG.runSuitesSequentially(TestNG.java:1212)
at org.testng.TestNG.runSuitesLocally(TestNG.java:1134)
at org.testng.TestNG.runSuites(TestNG.java:1063)
at org.testng.TestNG.run(TestNG.java:1031)
at org.testng.remote.AbstractRemoteTestNG.run(AbstractRemoteTestNG.java:115)
at org.testng.remote.RemoteTestNG.initAndRun(RemoteTestNG.java:251)
at org.testng.remote.RemoteTestNG.main(RemoteTestNG.java:77)
]]>
    </failure>
  </testcase> <!-- Testcase_ColumnValidation -->
  <system-out>
    <![CDATA[Executing Snowflake query :: SELECT COLUMN_NAME FROM DEV_ENT_RAW.INFORMATION_SCHEMA.COLUMNS WHERE TABLE_NAME='ST_API_PROJECT'and TABLE_SCHEMA='API_MAT'
Executing Snowflake query :: SELECT COLUMN_NAME FROM CURATED_DATAMART.INFORMATION_SCHEMA.COLUMNS WHERE TABLE_NAME='STR_API_PROJECT'and TABLE_SCHEMA='ST_API_HORIZONSERVICES'
Executing Snowflake query :: SELECT COLUMN_NAME FROM DEV_ENT_CURATED.INFORMATION_SCHEMA.COLUMNS WHERE TABLE_NAME='DIM_PROJECT'and TABLE_SCHEMA='MASTER_DIMENSIONS'
Column names for RAW Table --> ST_API_PROJECT :: [ACTIVE, AREITEMSREORDERED, CUSTOMER_ID, NAME, NUMBER, PROJECTSETTINGSTYPE, TECHNICIANSIGNATURE, SUMMARY, MODIFIEDON, ACKNOWLEDGEMENTSIGNATURE, COMPLETEDON, COMPLETIONPERCENT, COSTTOCOMPLETE, CREATEDBY_ID, CREATEDON, IMPORTID, COMPLETEDONACTUAL, ID, CONTRACTESTIMATE_ID, AUTHORIZATIONSIGNATURE, CONTRACTSTARTDATE, STARTEDON, CONTRACTFOR, ISRETAINAGEENABLED, ISPREVAILINGWAGE, LOCATION_ID, PAYMENTTERM_ID, RETAINAGEPERCENT, REVENUERECOGNITIONMETHOD, TENANT_TYPE]
Column names for DataMart Table --> STR_API_PROJECT :: [ACKNOWLEDGEMENTSIGNATURE, ISPREVAILINGWAGE, NAME, COMPLETEDONACTUAL, RECORD_UPDATE_DATE, ACTIVE, AUTHORIZATIONSIGNATURE, SUMMARY, RETAINAGEPERCENT, COMPLETEDON, CREATEDON, MODIFIEDON, RECORD_CREATE_DATE, CONTRACTESTIMATE_ID, AREITEMSREORDERED, IMPORTID, TECHNICIANSIGNATURE, ACTIVE_FLAG, COMPLETIONPERCENT, CREATEDBY_ID, ID, LOCATION_ID, NUMBER, STARTEDON, TENANT_TYPE, MASTER_ID, MD5_VALUE, PROJECTSETTINGSTYPE, CONTRACTSTARTDATE, CUSTOMER_ID, ISRETAINAGEENABLED, PAYMENTTERM_ID, CONTRACTFOR]
Column names for Curated Table --> DIM_PROJECT :: [RECORD_UPDATE_DATE, ACTIVE, AUTHORIZATIONSIGNATURE, COMPLETEDON, RETAINAGEPERCENT, IMPORTID, CONTRACTFOR, CONTRACTSTARTDATE, ID, ISRETAINAGEENABLED, RECORD_CREATE_DATE, RECORD_UPDATED_BY, TENANT_TYPE, PROJECTSETTINGSTYPE, TECHNICIANSIGNATURE, ISPREVAILINGWAGE, MD5_VALUE, NAME, PAYMENTTERM_ID, COMPLETEDONACTUAL, CUSTOMER_ID, NUMBER, AREITEMSREORDERED, CREATEDON, LOCATION_ID, MODIFIEDON, STARTEDON, ACKNOWLEDGEMENTSIGNATURE, COMPLETIONPERCENT, CONTRACTESTIMATE_ID, SUMMARY, CREATEDBY_ID, REVENUERECOGNITIONMETHOD]
Column Name found in Datamart and Curated Table :: ACTIVE
Column Name found in Datamart and Curated Table :: AREITEMSREORDERED
Column Name found in Datamart and Curated Table :: CUSTOMER_ID
Column Name found in Datamart and Curated Table :: NAME
Column Name found in Datamart and Curated Table :: NUMBER
Column Name found in Datamart and Curated Table :: PROJECTSETTINGSTYPE
Column Name found in Datamart and Curated Table :: TECHNICIANSIGNATURE
Column Name found in Datamart and Curated Table :: SUMMARY
Column Name found in Datamart and Curated Table :: MODIFIEDON
Column Name found in Datamart and Curated Table :: ACKNOWLEDGEMENTSIGNATURE
Column Name found in Datamart and Curated Table :: COMPLETEDON
Column Name found in Datamart and Curated Table :: COMPLETIONPERCENT
Column Name not found in Datamart and Curated Table :: COSTTOCOMPLETE
Column Name found in Datamart and Curated Table :: CREATEDBY_ID
Column Name found in Datamart and Curated Table :: CREATEDON
Column Name found in Datamart and Curated Table :: IMPORTID
Column Name found in Datamart and Curated Table :: COMPLETEDONACTUAL
Column Name found in Datamart and Curated Table :: ID
Column Name found in Datamart and Curated Table :: CONTRACTESTIMATE_ID
Column Name found in Datamart and Curated Table :: AUTHORIZATIONSIGNATURE
Column Name found in Datamart and Curated Table :: CONTRACTSTARTDATE
Column Name found in Datamart and Curated Table :: STARTEDON
Column Name found in Datamart and Curated Table :: CONTRACTFOR
Column Name found in Datamart and Curated Table :: ISRETAINAGEENABLED
Column Name found in Datamart and Curated Table :: ISPREVAILINGWAGE
Column Name found in Datamart and Curated Table :: LOCATION_ID
Column Name found in Datamart and Curated Table :: PAYMENTTERM_ID
Column Name found in Datamart and Curated Table :: RETAINAGEPERCENT
Column Name not found in Datamart and Curated Table :: REVENUERECOGNITIONMETHOD
Column Name found in Datamart and Curated Table :: TENANT_TYPE
Datamart tables contains additional column name like [ACTIVE_FLAG, RECORD_CREATE_DATE, RECORD_UPDATE_DATE, MASTER_ID]
Curated tables contains additional column name like [RECORD_CREATE_DATE, RECORD_UPDATE_DATE, RECORD_UPDATED_BY]]]>
  </system-out>
  <testcase classname="testcases.RAW_DATAMART_CURATED.SnowFlake_ColumnValidation_Master" name="Testcase_ColumnValidation" time="2.372">
    <failure message="The following asserts failed:
	null" type="java.lang.AssertionError">
      <![CDATA[java.lang.AssertionError: The following asserts failed:
null
at org.testng.asserts.SoftAssert.assertAll(SoftAssert.java:47)
at org.testng.asserts.SoftAssert.assertAll(SoftAssert.java:31)
at testcases.RAW_DATAMART_CURATED.SnowFlake_ColumnValidation_Master.BKP_Tables_ColumnName_validation(SnowFlake_ColumnValidation_Master.java:231)
at testcases.RAW_DATAMART_CURATED.SnowFlake_ColumnValidation_Master.Testcase_ColumnValidation(SnowFlake_ColumnValidation_Master.java:240)
at java.base/jdk.internal.reflect.NativeMethodAccessorImpl.invoke0(Native Method)
at java.base/jdk.internal.reflect.NativeMethodAccessorImpl.invoke(NativeMethodAccessorImpl.java:77)
at java.base/jdk.internal.reflect.DelegatingMethodAccessorImpl.invoke(DelegatingMethodAccessorImpl.java:43)
at java.base/java.lang.reflect.Method.invoke(Method.java:568)
at org.testng.internal.MethodInvocationHelper.invokeMethod(MethodInvocationHelper.java:133)
at org.testng.internal.TestInvoker.invokeMethod(TestInvoker.java:598)
at org.testng.internal.TestInvoker.invokeTestMethod(TestInvoker.java:173)
at org.testng.internal.MethodRunner.runInSequence(MethodRunner.java:46)
at org.testng.internal.TestInvoker$MethodInvocationAgent.invoke(TestInvoker.java:824)
at org.testng.internal.TestInvoker.invokeTestMethods(TestInvoker.java:146)
at org.testng.internal.TestMethodWorker.invokeTestMethods(TestMethodWorker.java:146)
at org.testng.internal.TestMethodWorker.run(TestMethodWorker.java:128)
at java.base/java.util.ArrayList.forEach(ArrayList.java:1511)
at org.testng.TestRunner.privateRun(TestRunner.java:794)
at org.testng.TestRunner.run(TestRunner.java:596)
at org.testng.SuiteRunner.runTest(SuiteRunner.java:377)
at org.testng.SuiteRunner.runSequentially(SuiteRunner.java:371)
at org.testng.SuiteRunner.privateRun(SuiteRunner.java:332)
at org.testng.SuiteRunner.run(SuiteRunner.java:276)
at org.testng.SuiteRunnerWorker.runSuite(SuiteRunnerWorker.java:53)
at org.testng.SuiteRunnerWorker.run(SuiteRunnerWorker.java:96)
at org.testng.TestNG.runSuitesSequentially(TestNG.java:1212)
at org.testng.TestNG.runSuitesLocally(TestNG.java:1134)
at org.testng.TestNG.runSuites(TestNG.java:1063)
at org.testng.TestNG.run(TestNG.java:1031)
at org.testng.remote.AbstractRemoteTestNG.run(AbstractRemoteTestNG.java:115)
at org.testng.remote.RemoteTestNG.initAndRun(RemoteTestNG.java:251)
at org.testng.remote.RemoteTestNG.main(RemoteTestNG.java:77)
]]>
    </failure>
  </testcase> <!-- Testcase_ColumnValidation -->
  <system-out>
    <![CDATA[Executing Snowflake query :: SELECT COLUMN_NAME FROM DEV_ENT_RAW.INFORMATION_SCHEMA.COLUMNS WHERE TABLE_NAME='TECHNICIANPAYROLL'and TABLE_SCHEMA='ST_FOURPROS_MATILLION'
Executing Snowflake query :: SELECT COLUMN_NAME FROM CURATED_DATAMART.INFORMATION_SCHEMA.COLUMNS WHERE TABLE_NAME='STR_TECHNICIANPAYROLL'and TABLE_SCHEMA='ST_BKP_FOURPROS'
Executing Snowflake query :: SELECT COLUMN_NAME FROM DEV_ENT_CURATED.INFORMATION_SCHEMA.COLUMNS WHERE TABLE_NAME='DIM_TECHNICIANPAYROLL'and TABLE_SCHEMA='MASTER_DIMENSIONS'
Column names for RAW Table --> TECHNICIANPAYROLL :: [LASTTIMEUPDATED, PAYFORIDLETIMEUPTO, PAYROLLFLATFEEMINIMUM, PAYROLLPERCENTAGEFEEMINIMUM, SCHEDULEDSOLOCOMMISSIONRATE, LASTTIMESALARYGROSSPAYITEMSGENERATED, PAYROLLSHOWMATERIALSINCOST, PAYROLLUSECOMMISSIONBASETODETECTRANGEBONUS, TECHNICIANFIRSTDRIVERULE, TECHNICIANPAYTYPE, TECHNICIANSOLDBYRATE, TURNOVERMINIMUMTHRESHOLD, BUSINESSUNITWEIGHTEDOVERTIMEPAYCODENEW_NAME, ATLASBUTLERTECHNICIANROLE, BURDENRATE, BUSINESSUNITPAYROLLIDLETIMEOTPAYCODE, BUSINESSUNITPAYROLLIDLETIMEOVERTIMEPAYCODE_ORIGINALCODE, INCLUDESELLERFEEANDTECHSPECIFICBONUS, PAYROLLTYPE, HASCALCULATEDGROSSPAYITEMS, HASCALCULATEDSALARYGROSSPAYITEMS, LASTTIMETIMESHEETSGROSSPAYITEMSGENERATED, PAYROLLUSENSVASSOLDBYBASE, WILLIAMSPAYROLLIGNORESINVOICEBALANCETOPAYTGLANDSOLDBY, PAYROLLEXPENSEDEDUCTIONTRIGGER, TECHNICIANHOURLYRATE, TECHNICIANTYPE, USECUSTOMIDLETIMERULES, SEARSPAYROLLROLE, SUPPORTSPERSISTEDINVOICES, TECHNICIANNAME, BUSINESSUNITPAYROLLIDLETIMESTPAYCODE, TECHNICIANCOMMISSIONRATE, ENABLETECHNICIANCLOCKINANDCLOCKOUT, ACTIVE, BUSINESSUNITPAYROLLIDLETIMEDOUBLEOVERTIMEPAYCODE_CODE, BUSINESSUNITPAYROLLIDLETIMEOVERTIMEPAYCODE_NAME, BUSINESSUNITPAYROLLIDLETIMESTANDARDPAYCODE_CODE, BUSINESSUNITWEIGHTEDOVERTIMEPAYCODE, BUSINESSUNITWEIGHTEDOVERTIMEPAYCODENEW_ORIGINALCODE, CREATEDBY_ID, CREATEDON, FROM, PAYROLLCOSTMARKUP, ID, SHOWPAYROLLPERSISTENCEFIELDSANDREPORTS, UPDATEERRORLOGID, IMPORTID, TECHNICIANDEDUCTCOMMUTETIMEFROMFIRSTDRIVE, PAYROLLID, BUSINESSUNITPAYROLLIDLETIMEOVERTIMEPAYCODE_CODE, PAYROLLFLATFEE, PAYROLLREPORTVERSION, PAYROLLREVIEWSTATE_AUTHORIZATIONSIGNATURE, TURNOVERBONUS, DEDUCTCOSTSFROMSOLDBYCREDIT, PAYFORIDLETIMEOVERONEHOUR, PAYROLLPERCENTAGEFEE, ADDONCREWSPLITCOMMISSIONRATE, ADDONMULTITECHCOMMISSIONRATE, BUSINESSUNITPAYROLLIDLETIMEDOUBLEOVERTIMEPAYCODE_NAME, BUSINESSUNITPAYROLLIDLETIMEDOUBLEOVERTIMEPAYCODE_ORIGINALCODE, PAYROLLPERIOD_ID, PAYROLLREVIEWSTATE_MANAGERSTATUS, TECHNICIANPAYROLLSTARTPERIOD, MANAGER_ID, PAYROLLMARGINALRANGEBONUSES, PAYROLLREVIEWSTATE_MANAGERUPDATEDON, TECHNICIAN_ID, TECHNICIANOVERTIMEMODE, TECHNICIANPAYROLLSTATUS, TECHNICIANINVOICINGHOURLYRATE, ADDONSOLOCOMMISSIONRATE, BUSINESSUNITPAYROLLIDLETIMESTANDARDPAYCODE_NAME, BUSINESSUNITPAYROLLIDLETIMESTANDARDPAYCODE_ORIGINALCODE, ISQUEUEDFORFORCEDSALARYRECALC, LASTTIMEGROSSPAYITEMSGENERATED, MANAGERNAME, PREVENTNJAOVERLAPPING, SCHEDULEDMULTITECHCOMMISSIONRATE, LINEITEMSONPURCHASEORDERS, PAYROLLREVIEWSTATE_STATUS, TECHNICIANCOMMUTETIME, TIMEZONE, TO, PAYROLLREVIEWSTATE_TECHNICIANUPDATEDON, SELLERFEE, ROUNDSOLDHOURSTOTWODECIMALPLACES, BUSINESSUNIT_ID, BUSINESSUNITNAME, BUSINESSUNITWEIGHTEDOVERTIMEPAYCODENEW_CODE, DISABLEDOUBLEOVERTIME, HASCALCULATEDTIMESHEETGROSSPAYITEMS, ISQUEUEDFORFORCEDCOMMISSIONRECALC, ISQUEUEDFORFORCEDTIMESHEETRECALC, OVERTIMEPROFILE_ID, PAYROLLREVIEWSTATE_DISPUTEREASON, DEFAULTPAYROLLADJUSTMENTRATE, SCHEDULEDCREWSPLITCOMMISSIONRATE, USEPAYROLLDATE]
Column names for DataMart Table --> STR_TECHNICIANPAYROLL :: [BUSINESSUNITNAME, BUSINESSUNITPAYROLLIDLETIMEOVERTIMEPAYCODE_NAME, BUSINESSUNITPAYROLLIDLETIMEOVERTIMEPAYCODE_ORIGINALCODE, BUSINESSUNITWEIGHTEDOVERTIMEPAYCODENEW_CODE, BUSINESSUNITPAYROLLIDLETIMEDOUBLEOVERTIMEPAYCODE_ORIGINALCODE, BUSINESSUNIT_ID, CREATEDBY_ID, ISQUEUEDFORFORCEDTIMESHEETRECALC, TECHNICIANHOURLYRATE, HASCALCULATEDGROSSPAYITEMS, SCHEDULEDSOLOCOMMISSIONRATE, BUSINESSUNITPAYROLLIDLETIMESTANDARDPAYCODE_ORIGINALCODE, PAYROLLSHOWMATERIALSINCOST, USEPAYROLLDATE, BUSINESSUNITPAYROLLIDLETIMESTPAYCODE, BUSINESSUNITWEIGHTEDOVERTIMEPAYCODENEW_ORIGINALCODE, HASCALCULATEDSALARYGROSSPAYITEMS, LASTTIMETIMESHEETSGROSSPAYITEMSGENERATED, TIMEZONE, PAYROLLPERIOD_ID, ROUNDSOLDHOURSTOTWODECIMALPLACES, TECHNICIANPAYROLLSTARTPERIOD, SUPPORTSPERSISTEDINVOICES, PAYROLLREVIEWSTATE_STATUS, WILLIAMSPAYROLLIGNORESINVOICEBALANCETOPAYTGLANDSOLDBY, SEARSPAYROLLROLE, FROM, ISQUEUEDFORFORCEDSALARYRECALC, PAYROLLID, PAYROLLFLATFEEMINIMUM, SELLERFEE, TECHNICIANNAME, TECHNICIAN_ID, HASCALCULATEDTIMESHEETGROSSPAYITEMS, TURNOVERMINIMUMTHRESHOLD, PAYROLLPERCENTAGEFEEMINIMUM, PAYROLLTYPE, ADDONMULTITECHCOMMISSIONRATE, ADDONSOLOCOMMISSIONRATE, BUSINESSUNITPAYROLLIDLETIMEDOUBLEOVERTIMEPAYCODE_NAME, BUSINESSUNITPAYROLLIDLETIMESTANDARDPAYCODE_CODE, ISQUEUEDFORFORCEDCOMMISSIONRECALC, PAYROLLEXPENSEDEDUCTIONTRIGGER, SCHEDULEDCREWSPLITCOMMISSIONRATE, TECHNICIANFIRSTDRIVERULE, PAYROLLREVIEWSTATE_DISPUTEREASON, PAYROLLREVIEWSTATE_MANAGERSTATUS, RECORD_CREATE_DATE, TECHNICIANOVERTIMEMODE, UPDATEERRORLOGID, PREVENTNJAOVERLAPPING, PAYROLLPERCENTAGEFEE, TECHNICIANSOLDBYRATE, USECUSTOMIDLETIMERULES, ADDONCREWSPLITCOMMISSIONRATE, BURDENRATE, BUSINESSUNITPAYROLLIDLETIMEDOUBLEOVERTIMEPAYCODE_CODE, DISABLEDOUBLEOVERTIME, ENABLETECHNICIANCLOCKINANDCLOCKOUT, LASTTIMEGROSSPAYITEMSGENERATED, MASTER_ID, OVERTIMEPROFILE_ID, PAYROLLCOSTMARKUP, BUSINESSUNITPAYROLLIDLETIMEOVERTIMEPAYCODE_CODE, INCLUDESELLERFEEANDTECHSPECIFICBONUS, LASTTIMEUPDATED, RECORD_UPDATE_DATE, SHOWPAYROLLPERSISTENCEFIELDSANDREPORTS, TECHNICIANCOMMISSIONRATE, TO, LASTTIMESALARYGROSSPAYITEMSGENERATED, DEFAULTPAYROLLADJUSTMENTRATE, TURNOVERBONUS, MANAGERNAME, PAYROLLREVIEWSTATE_TECHNICIANUPDATEDON, PAYROLLUSECOMMISSIONBASETODETECTRANGEBONUS, TECHNICIANCOMMUTETIME, PAYROLLREVIEWSTATE_AUTHORIZATIONSIGNATURE, ACTIVE_FLAG, DEDUCTCOSTSFROMSOLDBYCREDIT, ID, IMPORTID, PAYROLLFLATFEE, PAYROLLMARGINALRANGEBONUSES, PAYROLLUSENSVASSOLDBYBASE, BUSINESSUNITPAYROLLIDLETIMESTANDARDPAYCODE_NAME, BUSINESSUNITWEIGHTEDOVERTIMEPAYCODE, CREATEDON, TECHNICIANPAYROLLSTATUS, TECHNICIANPAYTYPE, BUSINESSUNITWEIGHTEDOVERTIMEPAYCODENEW_NAME, LINEITEMSONPURCHASEORDERS, ACTIVE, ATLASBUTLERTECHNICIANROLE, SCHEDULEDMULTITECHCOMMISSIONRATE, TECHNICIANTYPE, BUSINESSUNITPAYROLLIDLETIMEOTPAYCODE, MANAGER_ID, PAYFORIDLETIMEOVERONEHOUR, PAYROLLREVIEWSTATE_MANAGERUPDATEDON, PAYFORIDLETIMEUPTO, TECHNICIANINVOICINGHOURLYRATE, TENANT_TYPE, PAYROLLREPORTVERSION, TECHNICIANDEDUCTCOMMUTETIMEFROMFIRSTDRIVE]
Column names for Curated Table --> DIM_TECHNICIANPAYROLL :: [ADDONMULTITECHCOMMISSIONRATE, BURDENRATE, BUSINESSUNITPAYROLLIDLETIMEDOUBLEOVERTIMEPAYCODE_ORIGINALCODE, BUSINESSUNITPAYROLLIDLETIMESTANDARDPAYCODE_CODE, DISABLEDOUBLEOVERTIME, ENABLETECHNICIANCLOCKINANDCLOCKOUT, ID, PAYROLLFLATFEE, TECHNICIANNAME, LINEITEMSONPURCHASEORDERS, SHOWPAYROLLPERSISTENCEFIELDSANDREPORTS, UPDATEERRORLOGID, DEFAULTPAYROLLADJUSTMENTRATE, TECHNICIAN_ID, ADDONSOLOCOMMISSIONRATE, ISQUEUEDFORFORCEDSALARYRECALC, TURNOVERBONUS, BUSINESSUNITPAYROLLIDLETIMEOVERTIMEPAYCODE_NAME, HASCALCULATEDTIMESHEETGROSSPAYITEMS, OVERTIMEPROFILE_ID, TECHNICIANPAYROLLSTARTPERIOD, WILLIAMSPAYROLLIGNORESINVOICEBALANCETOPAYTGLANDSOLDBY, TURNOVERMINIMUMTHRESHOLD, USEPAYROLLDATE, MANAGERNAME, PAYROLLCOSTMARKUP, SEARSPAYROLLROLE, TECHNICIANPAYTYPE, HASCALCULATEDSALARYGROSSPAYITEMS, PAYROLLREVIEWSTATE_MANAGERUPDATEDON, PAYROLLTYPE, SCHEDULEDCREWSPLITCOMMISSIONRATE, TENANT_TYPE, SUPPORTSPERSISTEDINVOICES, ADDONCREWSPLITCOMMISSIONRATE, BUSINESSUNITPAYROLLIDLETIMEDOUBLEOVERTIMEPAYCODE_NAME, BUSINESSUNITPAYROLLIDLETIMEOVERTIMEPAYCODE_CODE, BUSINESSUNITPAYROLLIDLETIMESTPAYCODE, BUSINESSUNITWEIGHTEDOVERTIMEPAYCODENEW_CODE, LASTTIMETIMESHEETSGROSSPAYITEMSGENERATED, PAYROLLFLATFEEMINIMUM, TECHNICIANSOLDBYRATE, BUSINESSUNITWEIGHTEDOVERTIMEPAYCODENEW_NAME, RECORD_CREATE_DATE, TIMEZONE, PAYROLLREVIEWSTATE_DISPUTEREASON, TO, LASTTIMESALARYGROSSPAYITEMSGENERATED, ACTIVE, BUSINESSUNITPAYROLLIDLETIMESTANDARDPAYCODE_NAME, BUSINESSUNITPAYROLLIDLETIMESTANDARDPAYCODE_ORIGINALCODE, CREATEDON, LASTTIMEGROSSPAYITEMSGENERATED, PAYROLLPERCENTAGEFEE, SCHEDULEDMULTITECHCOMMISSIONRATE, BUSINESSUNITNAME, PAYFORIDLETIMEUPTO, PAYROLLREVIEWSTATE_STATUS, PAYROLLREVIEWSTATE_TECHNICIANUPDATEDON, SELLERFEE, TECHNICIANINVOICINGHOURLYRATE, TECHNICIANPAYROLLSTATUS, TECHNICIANTYPE, BUSINESSUNITPAYROLLIDLETIMEDOUBLEOVERTIMEPAYCODE_CODE, HASCALCULATEDGROSSPAYITEMS, PAYFORIDLETIMEOVERONEHOUR, PAYROLLUSECOMMISSIONBASETODETECTRANGEBONUS, RECORD_UPDATE_DATE, PAYROLLREVIEWSTATE_AUTHORIZATIONSIGNATURE, TECHNICIANFIRSTDRIVERULE, BUSINESSUNITPAYROLLIDLETIMEOVERTIMEPAYCODE_ORIGINALCODE, BUSINESSUNITPAYROLLIDLETIMEOTPAYCODE, CREATEDBY_ID, ISQUEUEDFORFORCEDCOMMISSIONRECALC, PREVENTNJAOVERLAPPING, ROUNDSOLDHOURSTOTWODECIMALPLACES, FROM, TECHNICIANCOMMISSIONRATE, TECHNICIANDEDUCTCOMMUTETIMEFROMFIRSTDRIVE, USECUSTOMIDLETIMERULES, PAYROLLMARGINALRANGEBONUSES, IMPORTID, PAYROLLREVIEWSTATE_MANAGERSTATUS, ATLASBUTLERTECHNICIANROLE, BUSINESSUNITWEIGHTEDOVERTIMEPAYCODENEW_ORIGINALCODE, BUSINESSUNIT_ID, DEDUCTCOSTSFROMSOLDBYCREDIT, ISQUEUEDFORFORCEDTIMESHEETRECALC, MANAGER_ID, PAYROLLREPORTVERSION, PAYROLLSHOWMATERIALSINCOST, PAYROLLUSENSVASSOLDBYBASE, SCHEDULEDSOLOCOMMISSIONRATE, INCLUDESELLERFEEANDTECHSPECIFICBONUS, LASTTIMEUPDATED, PAYROLLID, PAYROLLPERCENTAGEFEEMINIMUM, TECHNICIANCOMMUTETIME, TECHNICIANHOURLYRATE, TECHNICIANOVERTIMEMODE, BUSINESSUNITWEIGHTEDOVERTIMEPAYCODE, PAYROLLEXPENSEDEDUCTIONTRIGGER, PAYROLLPERIOD_ID]
Column Name found in Datamart and Curated Table :: LASTTIMEUPDATED
Column Name found in Datamart and Curated Table :: PAYFORIDLETIMEUPTO
Column Name found in Datamart and Curated Table :: PAYROLLFLATFEEMINIMUM
Column Name found in Datamart and Curated Table :: PAYROLLPERCENTAGEFEEMINIMUM
Column Name found in Datamart and Curated Table :: SCHEDULEDSOLOCOMMISSIONRATE
Column Name found in Datamart and Curated Table :: LASTTIMESALARYGROSSPAYITEMSGENERATED
Column Name found in Datamart and Curated Table :: PAYROLLSHOWMATERIALSINCOST
Column Name found in Datamart and Curated Table :: PAYROLLUSECOMMISSIONBASETODETECTRANGEBONUS
Column Name found in Datamart and Curated Table :: TECHNICIANFIRSTDRIVERULE
Column Name found in Datamart and Curated Table :: TECHNICIANPAYTYPE
Column Name found in Datamart and Curated Table :: TECHNICIANSOLDBYRATE
Column Name found in Datamart and Curated Table :: TURNOVERMINIMUMTHRESHOLD
Column Name found in Datamart and Curated Table :: BUSINESSUNITWEIGHTEDOVERTIMEPAYCODENEW_NAME
Column Name found in Datamart and Curated Table :: ATLASBUTLERTECHNICIANROLE
Column Name found in Datamart and Curated Table :: BURDENRATE
Column Name found in Datamart and Curated Table :: BUSINESSUNITPAYROLLIDLETIMEOTPAYCODE
Column Name found in Datamart and Curated Table :: BUSINESSUNITPAYROLLIDLETIMEOVERTIMEPAYCODE_ORIGINALCODE
Column Name found in Datamart and Curated Table :: INCLUDESELLERFEEANDTECHSPECIFICBONUS
Column Name found in Datamart and Curated Table :: PAYROLLTYPE
Column Name found in Datamart and Curated Table :: HASCALCULATEDGROSSPAYITEMS
Column Name found in Datamart and Curated Table :: HASCALCULATEDSALARYGROSSPAYITEMS
Column Name found in Datamart and Curated Table :: LASTTIMETIMESHEETSGROSSPAYITEMSGENERATED
Column Name found in Datamart and Curated Table :: PAYROLLUSENSVASSOLDBYBASE
Column Name found in Datamart and Curated Table :: WILLIAMSPAYROLLIGNORESINVOICEBALANCETOPAYTGLANDSOLDBY
Column Name found in Datamart and Curated Table :: PAYROLLEXPENSEDEDUCTIONTRIGGER
Column Name found in Datamart and Curated Table :: TECHNICIANHOURLYRATE
Column Name found in Datamart and Curated Table :: TECHNICIANTYPE
Column Name found in Datamart and Curated Table :: USECUSTOMIDLETIMERULES
Column Name found in Datamart and Curated Table :: SEARSPAYROLLROLE
Column Name found in Datamart and Curated Table :: SUPPORTSPERSISTEDINVOICES
Column Name found in Datamart and Curated Table :: TECHNICIANNAME
Column Name found in Datamart and Curated Table :: BUSINESSUNITPAYROLLIDLETIMESTPAYCODE
Column Name found in Datamart and Curated Table :: TECHNICIANCOMMISSIONRATE
Column Name found in Datamart and Curated Table :: ENABLETECHNICIANCLOCKINANDCLOCKOUT
Column Name found in Datamart and Curated Table :: ACTIVE
Column Name found in Datamart and Curated Table :: BUSINESSUNITPAYROLLIDLETIMEDOUBLEOVERTIMEPAYCODE_CODE
Column Name found in Datamart and Curated Table :: BUSINESSUNITPAYROLLIDLETIMEOVERTIMEPAYCODE_NAME
Column Name found in Datamart and Curated Table :: BUSINESSUNITPAYROLLIDLETIMESTANDARDPAYCODE_CODE
Column Name found in Datamart and Curated Table :: BUSINESSUNITWEIGHTEDOVERTIMEPAYCODE
Column Name found in Datamart and Curated Table :: BUSINESSUNITWEIGHTEDOVERTIMEPAYCODENEW_ORIGINALCODE
Column Name found in Datamart and Curated Table :: CREATEDBY_ID
Column Name found in Datamart and Curated Table :: CREATEDON
Column Name found in Datamart and Curated Table :: FROM
Column Name found in Datamart and Curated Table :: PAYROLLCOSTMARKUP
Column Name found in Datamart and Curated Table :: ID
Column Name found in Datamart and Curated Table :: SHOWPAYROLLPERSISTENCEFIELDSANDREPORTS
Column Name found in Datamart and Curated Table :: UPDATEERRORLOGID
Column Name found in Datamart and Curated Table :: IMPORTID
Column Name found in Datamart and Curated Table :: TECHNICIANDEDUCTCOMMUTETIMEFROMFIRSTDRIVE
Column Name found in Datamart and Curated Table :: PAYROLLID
Column Name found in Datamart and Curated Table :: BUSINESSUNITPAYROLLIDLETIMEOVERTIMEPAYCODE_CODE
Column Name found in Datamart and Curated Table :: PAYROLLFLATFEE
Column Name found in Datamart and Curated Table :: PAYROLLREPORTVERSION
Column Name found in Datamart and Curated Table :: PAYROLLREVIEWSTATE_AUTHORIZATIONSIGNATURE
Column Name found in Datamart and Curated Table :: TURNOVERBONUS
Column Name found in Datamart and Curated Table :: DEDUCTCOSTSFROMSOLDBYCREDIT
Column Name found in Datamart and Curated Table :: PAYFORIDLETIMEOVERONEHOUR
Column Name found in Datamart and Curated Table :: PAYROLLPERCENTAGEFEE
Column Name found in Datamart and Curated Table :: ADDONCREWSPLITCOMMISSIONRATE
Column Name found in Datamart and Curated Table :: ADDONMULTITECHCOMMISSIONRATE
Column Name found in Datamart and Curated Table :: BUSINESSUNITPAYROLLIDLETIMEDOUBLEOVERTIMEPAYCODE_NAME
Column Name found in Datamart and Curated Table :: BUSINESSUNITPAYROLLIDLETIMEDOUBLEOVERTIMEPAYCODE_ORIGINALCODE
Column Name found in Datamart and Curated Table :: PAYROLLPERIOD_ID
Column Name found in Datamart and Curated Table :: PAYROLLREVIEWSTATE_MANAGERSTATUS
Column Name found in Datamart and Curated Table :: TECHNICIANPAYROLLSTARTPERIOD
Column Name found in Datamart and Curated Table :: MANAGER_ID
Column Name found in Datamart and Curated Table :: PAYROLLMARGINALRANGEBONUSES
Column Name found in Datamart and Curated Table :: PAYROLLREVIEWSTATE_MANAGERUPDATEDON
Column Name found in Datamart and Curated Table :: TECHNICIAN_ID
Column Name found in Datamart and Curated Table :: TECHNICIANOVERTIMEMODE
Column Name found in Datamart and Curated Table :: TECHNICIANPAYROLLSTATUS
Column Name found in Datamart and Curated Table :: TECHNICIANINVOICINGHOURLYRATE
Column Name found in Datamart and Curated Table :: ADDONSOLOCOMMISSIONRATE
Column Name found in Datamart and Curated Table :: BUSINESSUNITPAYROLLIDLETIMESTANDARDPAYCODE_NAME
Column Name found in Datamart and Curated Table :: BUSINESSUNITPAYROLLIDLETIMESTANDARDPAYCODE_ORIGINALCODE
Column Name found in Datamart and Curated Table :: ISQUEUEDFORFORCEDSALARYRECALC
Column Name found in Datamart and Curated Table :: LASTTIMEGROSSPAYITEMSGENERATED
Column Name found in Datamart and Curated Table :: MANAGERNAME
Column Name found in Datamart and Curated Table :: PREVENTNJAOVERLAPPING
Column Name found in Datamart and Curated Table :: SCHEDULEDMULTITECHCOMMISSIONRATE
Column Name found in Datamart and Curated Table :: LINEITEMSONPURCHASEORDERS
Column Name found in Datamart and Curated Table :: PAYROLLREVIEWSTATE_STATUS
Column Name found in Datamart and Curated Table :: TECHNICIANCOMMUTETIME
Column Name found in Datamart and Curated Table :: TIMEZONE
Column Name found in Datamart and Curated Table :: TO
Column Name found in Datamart and Curated Table :: PAYROLLREVIEWSTATE_TECHNICIANUPDATEDON
Column Name found in Datamart and Curated Table :: SELLERFEE
Column Name found in Datamart and Curated Table :: ROUNDSOLDHOURSTOTWODECIMALPLACES
Column Name found in Datamart and Curated Table :: BUSINESSUNIT_ID
Column Name found in Datamart and Curated Table :: BUSINESSUNITNAME
Column Name found in Datamart and Curated Table :: BUSINESSUNITWEIGHTEDOVERTIMEPAYCODENEW_CODE
Column Name found in Datamart and Curated Table :: DISABLEDOUBLEOVERTIME
Column Name found in Datamart and Curated Table :: HASCALCULATEDTIMESHEETGROSSPAYITEMS
Column Name found in Datamart and Curated Table :: ISQUEUEDFORFORCEDCOMMISSIONRECALC
Column Name found in Datamart and Curated Table :: ISQUEUEDFORFORCEDTIMESHEETRECALC
Column Name found in Datamart and Curated Table :: OVERTIMEPROFILE_ID
Column Name found in Datamart and Curated Table :: PAYROLLREVIEWSTATE_DISPUTEREASON
Column Name found in Datamart and Curated Table :: DEFAULTPAYROLLADJUSTMENTRATE
Column Name found in Datamart and Curated Table :: SCHEDULEDCREWSPLITCOMMISSIONRATE
Column Name found in Datamart and Curated Table :: USEPAYROLLDATE
Datamart tables contains additional column name like [ACTIVE_FLAG, RECORD_CREATE_DATE, RECORD_UPDATE_DATE, RECORD_UPDATE_DATE, MASTER_ID, TENANT_TYPE]
Curated tables not contains additional column name like [RECORD_CREATE_DATE, RECORD_UPDATE_DATE, RECORD_UPDATED_BY, TENANT_TYPE]]]>
  </system-out>
  <testcase classname="testcases.RAW_DATAMART_CURATED.SnowFlake_ColumnValidation_Master" name="Testcase_ColumnValidation" time="2.568">
    <failure message="The following asserts failed:
	null" type="java.lang.AssertionError">
      <![CDATA[java.lang.AssertionError: The following asserts failed:
null
at org.testng.asserts.SoftAssert.assertAll(SoftAssert.java:47)
at org.testng.asserts.SoftAssert.assertAll(SoftAssert.java:31)
at testcases.RAW_DATAMART_CURATED.SnowFlake_ColumnValidation_Master.BKP_Tables_ColumnName_validation(SnowFlake_ColumnValidation_Master.java:231)
at testcases.RAW_DATAMART_CURATED.SnowFlake_ColumnValidation_Master.Testcase_ColumnValidation(SnowFlake_ColumnValidation_Master.java:240)
at jdk.internal.reflect.GeneratedMethodAccessor12.invoke(Unknown Source)
at java.base/jdk.internal.reflect.DelegatingMethodAccessorImpl.invoke(DelegatingMethodAccessorImpl.java:43)
at java.base/java.lang.reflect.Method.invoke(Method.java:568)
at org.testng.internal.MethodInvocationHelper.invokeMethod(MethodInvocationHelper.java:133)
at org.testng.internal.TestInvoker.invokeMethod(TestInvoker.java:598)
at org.testng.internal.TestInvoker.invokeTestMethod(TestInvoker.java:173)
at org.testng.internal.MethodRunner.runInSequence(MethodRunner.java:46)
at org.testng.internal.TestInvoker$MethodInvocationAgent.invoke(TestInvoker.java:824)
at org.testng.internal.TestInvoker.invokeTestMethods(TestInvoker.java:146)
at org.testng.internal.TestMethodWorker.invokeTestMethods(TestMethodWorker.java:146)
at org.testng.internal.TestMethodWorker.run(TestMethodWorker.java:128)
at java.base/java.util.ArrayList.forEach(ArrayList.java:1511)
at org.testng.TestRunner.privateRun(TestRunner.java:794)
at org.testng.TestRunner.run(TestRunner.java:596)
at org.testng.SuiteRunner.runTest(SuiteRunner.java:377)
at org.testng.SuiteRunner.runSequentially(SuiteRunner.java:371)
at org.testng.SuiteRunner.privateRun(SuiteRunner.java:332)
at org.testng.SuiteRunner.run(SuiteRunner.java:276)
at org.testng.SuiteRunnerWorker.runSuite(SuiteRunnerWorker.java:53)
at org.testng.SuiteRunnerWorker.run(SuiteRunnerWorker.java:96)
at org.testng.TestNG.runSuitesSequentially(TestNG.java:1212)
at org.testng.TestNG.runSuitesLocally(TestNG.java:1134)
at org.testng.TestNG.runSuites(TestNG.java:1063)
at org.testng.TestNG.run(TestNG.java:1031)
at org.testng.remote.AbstractRemoteTestNG.run(AbstractRemoteTestNG.java:115)
at org.testng.remote.RemoteTestNG.initAndRun(RemoteTestNG.java:251)
at org.testng.remote.RemoteTestNG.main(RemoteTestNG.java:77)
]]>
    </failure>
  </testcase> <!-- Testcase_ColumnValidation -->
  <system-out>
    <![CDATA[Executing Snowflake query :: SELECT COLUMN_NAME FROM DEV_ENT_RAW.INFORMATION_SCHEMA.COLUMNS WHERE TABLE_NAME='TECHNICIANPAYROLLADJUSTMENT'and TABLE_SCHEMA='ST_SNELLHEATINGAIR_MATILLION'
Executing Snowflake query :: SELECT COLUMN_NAME FROM CURATED_DATAMART.INFORMATION_SCHEMA.COLUMNS WHERE TABLE_NAME='STR_TECHNICIANPAYROLLADJUSTMENT'and TABLE_SCHEMA='ST_BKP_SNELLHEATINGAIR'
Executing Snowflake query :: SELECT COLUMN_NAME FROM DEV_ENT_CURATED.INFORMATION_SCHEMA.COLUMNS WHERE TABLE_NAME='DIM_TECHNICIANPAYROLLADJUSTMENT'and TABLE_SCHEMA='MASTER_DIMENSIONS'
Column names for RAW Table --> TECHNICIANPAYROLLADJUSTMENT :: [BUSINESSUNIT_ID, JOBNUMBER, PAYROLLADJUSTMENT_ID, TAXZONE_ID, PAYROLLCODE_CODE, TAXZONENAME, PERSISTENCETYPE, CREATEDBY_ID, IMPORTID, JOBLOCATION_ID, ACTIVE, CODE_ORIGINALCODE, PAYROLL_ID, RATE, ISPREVAILINGWAGEJOB, CODE_NAME, CREATEDON, ID, JOB_ID, POSTEDON, JOBLOCATIONADDRESS, PAYROLLCODE_NAME, INVOICENUMBER, QUANTITY, BUSINESSUNITNAME, CUSTOMERNAME, ISOTCHARGE, PAYROLLCODE_ORIGINALCODE, JOBLOCATIONNAME, REPLACESBONUSAMOUNT, CODE_PAYROLLCODE, CUSTOMER_ID, JOBLOCATIONZIP, MEMO, PROJECT_ID, TECHNICIAN_ID, HOURS, ZONE_ID, AMOUNT, INVOICE_ID, ZONENAME, TYPE, PROJECTNUMBER]
Column names for DataMart Table --> STR_TECHNICIANPAYROLLADJUSTMENT :: [CODE_NAME, HOURS, JOBLOCATIONNAME, PAYROLLADJUSTMENT_ID, PAYROLL_ID, POSTEDON, AMOUNT, CODE_ORIGINALCODE, IMPORTID, TYPE, CREATEDON, RATE, TENANT_TYPE, CUSTOMER_ID, ZONE_ID, JOBLOCATION_ID, MASTER_ID, PROJECTNUMBER, RECORD_CREATE_DATE, RECORD_UPDATE_DATE, JOBLOCATIONZIP, PERSISTENCETYPE, CODE_PAYROLLCODE, INVOICENUMBER, PAYROLLCODE_CODE, PAYROLLCODE_ORIGINALCODE, ISOTCHARGE, JOBLOCATIONADDRESS, REPLACESBONUSAMOUNT, BUSINESSUNITNAME, JOB_ID, TAXZONENAME, ZONENAME, INVOICE_ID, QUANTITY, PROJECT_ID, ID, ACTIVE, ACTIVE_FLAG, CUSTOMERNAME, ISPREVAILINGWAGEJOB, JOBNUMBER, BUSINESSUNIT_ID, CREATEDBY_ID, MEMO, PAYROLLCODE_NAME, TAXZONE_ID, TECHNICIAN_ID]
Column names for Curated Table --> DIM_TECHNICIANPAYROLLADJUSTMENT :: [BUSINESSUNIT_ID, CREATEDON, CUSTOMER_ID, ISOTCHARGE, ISPREVAILINGWAGEJOB, JOBLOCATION_ID, TYPE, PAYROLLCODE_CODE, BUSINESSUNITNAME, INVOICENUMBER, PROJECTNUMBER, TECHNICIAN_ID, PAYROLLCODE_ORIGINALCODE, AMOUNT, HOURS, JOBNUMBER, QUANTITY, TENANT_TYPE, INVOICE_ID, JOBLOCATIONZIP, JOB_ID, JOBLOCATIONNAME, PERSISTENCETYPE, CODE_ORIGINALCODE, PAYROLL_ID, CODE_NAME, ZONE_ID, RECORD_UPDATE_DATE, CODE_PAYROLLCODE, CREATEDBY_ID, POSTEDON, PAYROLLADJUSTMENT_ID, ID, PROJECT_ID, TAXZONE_ID, ACTIVE, CUSTOMERNAME, PAYROLLCODE_NAME, RECORD_CREATE_DATE, REPLACESBONUSAMOUNT, TAXZONENAME, IMPORTID, JOBLOCATIONADDRESS, MEMO, RATE, ZONENAME]
Column Name found in Datamart and Curated Table :: BUSINESSUNIT_ID
Column Name found in Datamart and Curated Table :: JOBNUMBER
Column Name found in Datamart and Curated Table :: PAYROLLADJUSTMENT_ID
Column Name found in Datamart and Curated Table :: TAXZONE_ID
Column Name found in Datamart and Curated Table :: PAYROLLCODE_CODE
Column Name found in Datamart and Curated Table :: TAXZONENAME
Column Name found in Datamart and Curated Table :: PERSISTENCETYPE
Column Name found in Datamart and Curated Table :: CREATEDBY_ID
Column Name found in Datamart and Curated Table :: IMPORTID
Column Name found in Datamart and Curated Table :: JOBLOCATION_ID
Column Name found in Datamart and Curated Table :: ACTIVE
Column Name found in Datamart and Curated Table :: CODE_ORIGINALCODE
Column Name found in Datamart and Curated Table :: PAYROLL_ID
Column Name found in Datamart and Curated Table :: RATE
Column Name found in Datamart and Curated Table :: ISPREVAILINGWAGEJOB
Column Name found in Datamart and Curated Table :: CODE_NAME
Column Name found in Datamart and Curated Table :: CREATEDON
Column Name found in Datamart and Curated Table :: ID
Column Name found in Datamart and Curated Table :: JOB_ID
Column Name found in Datamart and Curated Table :: POSTEDON
Column Name found in Datamart and Curated Table :: JOBLOCATIONADDRESS
Column Name found in Datamart and Curated Table :: PAYROLLCODE_NAME
Column Name found in Datamart and Curated Table :: INVOICENUMBER
Column Name found in Datamart and Curated Table :: QUANTITY
Column Name found in Datamart and Curated Table :: BUSINESSUNITNAME
Column Name found in Datamart and Curated Table :: CUSTOMERNAME
Column Name found in Datamart and Curated Table :: ISOTCHARGE
Column Name found in Datamart and Curated Table :: PAYROLLCODE_ORIGINALCODE
Column Name found in Datamart and Curated Table :: JOBLOCATIONNAME
Column Name found in Datamart and Curated Table :: REPLACESBONUSAMOUNT
Column Name found in Datamart and Curated Table :: CODE_PAYROLLCODE
Column Name found in Datamart and Curated Table :: CUSTOMER_ID
Column Name found in Datamart and Curated Table :: JOBLOCATIONZIP
Column Name found in Datamart and Curated Table :: MEMO
Column Name found in Datamart and Curated Table :: PROJECT_ID
Column Name found in Datamart and Curated Table :: TECHNICIAN_ID
Column Name found in Datamart and Curated Table :: HOURS
Column Name found in Datamart and Curated Table :: ZONE_ID
Column Name found in Datamart and Curated Table :: AMOUNT
Column Name found in Datamart and Curated Table :: INVOICE_ID
Column Name found in Datamart and Curated Table :: ZONENAME
Column Name found in Datamart and Curated Table :: TYPE
Column Name found in Datamart and Curated Table :: PROJECTNUMBER
Datamart tables contains additional column name like [ACTIVE_FLAG, RECORD_CREATE_DATE, RECORD_UPDATE_DATE, RECORD_UPDATE_DATE, MASTER_ID, TENANT_TYPE]
Curated tables not contains additional column name like [RECORD_CREATE_DATE, RECORD_UPDATE_DATE, RECORD_UPDATED_BY, TENANT_TYPE]]]>
  </system-out>
  <testcase classname="testcases.RAW_DATAMART_CURATED.SnowFlake_ColumnValidation_Master" name="Testcase_ColumnValidation" time="2.251">
    <failure message="The following asserts failed:
	null" type="java.lang.AssertionError">
      <![CDATA[java.lang.AssertionError: The following asserts failed:
null
at org.testng.asserts.SoftAssert.assertAll(SoftAssert.java:47)
at org.testng.asserts.SoftAssert.assertAll(SoftAssert.java:31)
at testcases.RAW_DATAMART_CURATED.SnowFlake_ColumnValidation_Master.API_Tables_ColumnName_validation(SnowFlake_ColumnValidation_Master.java:130)
at testcases.RAW_DATAMART_CURATED.SnowFlake_ColumnValidation_Master.Testcase_ColumnValidation(SnowFlake_ColumnValidation_Master.java:243)
at jdk.internal.reflect.GeneratedMethodAccessor12.invoke(Unknown Source)
at java.base/jdk.internal.reflect.DelegatingMethodAccessorImpl.invoke(DelegatingMethodAccessorImpl.java:43)
at java.base/java.lang.reflect.Method.invoke(Method.java:568)
at org.testng.internal.MethodInvocationHelper.invokeMethod(MethodInvocationHelper.java:133)
at org.testng.internal.TestInvoker.invokeMethod(TestInvoker.java:598)
at org.testng.internal.TestInvoker.invokeTestMethod(TestInvoker.java:173)
at org.testng.internal.MethodRunner.runInSequence(MethodRunner.java:46)
at org.testng.internal.TestInvoker$MethodInvocationAgent.invoke(TestInvoker.java:824)
at org.testng.internal.TestInvoker.invokeTestMethods(TestInvoker.java:146)
at org.testng.internal.TestMethodWorker.invokeTestMethods(TestMethodWorker.java:146)
at org.testng.internal.TestMethodWorker.run(TestMethodWorker.java:128)
at java.base/java.util.ArrayList.forEach(ArrayList.java:1511)
at org.testng.TestRunner.privateRun(TestRunner.java:794)
at org.testng.TestRunner.run(TestRunner.java:596)
at org.testng.SuiteRunner.runTest(SuiteRunner.java:377)
at org.testng.SuiteRunner.runSequentially(SuiteRunner.java:371)
at org.testng.SuiteRunner.privateRun(SuiteRunner.java:332)
at org.testng.SuiteRunner.run(SuiteRunner.java:276)
at org.testng.SuiteRunnerWorker.runSuite(SuiteRunnerWorker.java:53)
at org.testng.SuiteRunnerWorker.run(SuiteRunnerWorker.java:96)
at org.testng.TestNG.runSuitesSequentially(TestNG.java:1212)
at org.testng.TestNG.runSuitesLocally(TestNG.java:1134)
at org.testng.TestNG.runSuites(TestNG.java:1063)
at org.testng.TestNG.run(TestNG.java:1031)
at org.testng.remote.AbstractRemoteTestNG.run(AbstractRemoteTestNG.java:115)
at org.testng.remote.RemoteTestNG.initAndRun(RemoteTestNG.java:251)
at org.testng.remote.RemoteTestNG.main(RemoteTestNG.java:77)
]]>
    </failure>
  </testcase> <!-- Testcase_ColumnValidation -->
  <system-out>
    <![CDATA[Executing Snowflake query :: SELECT COLUMN_NAME FROM DEV_ENT_RAW.INFORMATION_SCHEMA.COLUMNS WHERE TABLE_NAME='ST_API_TECHNICIAN'and TABLE_SCHEMA='API_MAT'
Executing Snowflake query :: SELECT COLUMN_NAME FROM CURATED_DATAMART.INFORMATION_SCHEMA.COLUMNS WHERE TABLE_NAME='STR_API_TECHNICIAN'and TABLE_SCHEMA='ST_API_CASTEEL'
Executing Snowflake query :: SELECT COLUMN_NAME FROM DEV_ENT_CURATED.INFORMATION_SCHEMA.COLUMNS WHERE TABLE_NAME='DIM_TECHNICIAN'and TABLE_SCHEMA='MASTER_DIMENSIONS'
Column names for RAW Table --> ST_API_TECHNICIAN :: [ADDONCREWSPLITCOMMISSIONRATE, ATLASBUTLERTECHNICIANROLE, FIRSTDRIVERULE, HOME_ISMANUALCOORDINATES, NAVISIONEMPLOYEEID, PAYROLLID, PAYROLLPOSTINGGROUP_ID, SALESFACTOR, SALESFORCECONTACTID, PAYROLLREPORTVERSION, STANDARDWORKTYPECODE_ID, MUHULINK, COMMISSIONRATE, HOME_ISMILITARY, LICENSE, GOALIMAGE, IMPORTID, MOBILEPHONECONFIRMED, PAYTYPE, MANAGER_ID, SHIFTSTART, NAME, ADDONSOLOCOMMISSIONRATE, BIO, BUSINESSUNIT_ID, HOME_CITY, ID, ISMANAGEDTECH, PROJECTLABELS, SCHEDULEDSOLOCOMMISSIONRATE, BIRTHDATE, HOME_COUNTRY, PHOTO, TURNOVERBONUS, USER_ID, WILLIAMSTECHNICIANROLE, ZONE_ID, OVERTIMEPROFILE_ID, CREATEDON, TODAYREVENUE_TECHNICIAN, ACTIVE, DEFAULTPAYROLLADJUSTMENTRATE, ISAUTODISPATCHED, LASTNAME, ISEXTERNAL, SHIFTEND, SCHEDULEDCREWSPLITCOMMISSIONRATE, DAILYGOAL, APPOINTMENT_ID, BURDENRATE, HOME_ZIP, PAYROLLSTARTPERIOD, STATUSUPDATEDON, OVERTIMEWORKTYPECODE_ID, PAYROLLPROFILE_ID, PAYROLLROLE, PAYROLLSTARTDATE, SOLDBYRATE, ISEXCLUDEDFROMPAYROLL, COORDINATESUPDATEDON, EMAIL, EMAILCONFIRMED, HOME_LATITUDE, OVERTIMEPAYROLLCONTROLCODE_ID, PAYPERIOD, STANDARDPAYROLLCONTROLCODE_ID, CHECKEDIN, DEFAULTLABORTYPE_ID, JOBFILTER, PAYFREQUENCY_ID, MOBILEPHONE, OUTBOUNDCALLERID, SCHEDULEDMULTITECHCOMMISSIONRATE, STARTDATE, CURRENTVALUE, DEDUCTCOMMUTETIMEFROMFIRSTDRIVE, FIRSTNAME, MEALTIME, MEMO, PHONECONFIRMED, SHOWJOBAPPOINTMENTRESCHEDULEALERT, DISPATCHNOTIFICATIONS, JOB_ID, LATITUDE, MIDDLENAME, ROUTESTATISTICS_TECHNICIAN, CREATEDBY_ID, PHONE, QBREPID, SMARTDISPATCHSETTINGS_TECHNICIAN, STATUS, UNION, HOME_UNIT, HOURLYRATE, INVENTORYWAREHOUSENAME, INVOICINGHOURLYRATE, TYPE, ADDONMULTITECHCOMMISSIONRATE, COLOR, HOME_STATE, MODIFIEDON, OVERALLSALESFACTOR_TECHNICIAN, POSITION, TEAM, COMMUTETIME, HOME_LONGITUDE, HOME_STREET, LOCATION_TECHNICIAN, OVERTIMEMODE, PROJECTEDVALUE, LONGITUDE, TRUCK_ID, TENANT_TYPE]
Column names for DataMart Table --> STR_API_TECHNICIAN :: [ACTIVE_FLAG, ISEXTERNAL, MOBILEPHONECONFIRMED, SCHEDULEDMULTITECHCOMMISSIONRATE, MASTER_ID, NAVISIONEMPLOYEEID, PAYROLLREPORTVERSION, SALESFORCECONTACTID, STATUS, TYPE, PHOTO, SHIFTSTART, OVERTIMEPROFILE_ID, PAYROLLSTARTDATE, ATLASBUTLERTECHNICIANROLE, BIO, DEDUCTCOMMUTETIMEFROMFIRSTDRIVE, HOME_CITY, HOME_ISMANUALCOORDINATES, HOURLYRATE, MANAGER_ID, NAME, RECORD_UPDATE_DATE, ROUTESTATISTICS_TECHNICIAN, MEMO, APPOINTMENT_ID, BIRTHDATE, HOME_STATE, ISAUTODISPATCHED, ISMANAGEDTECH, JOBFILTER, TODAYREVENUE_TECHNICIAN, EMAIL, LONGITUDE, OVERALLSALESFACTOR_TECHNICIAN, POSITION, TEAM, HOME_ZIP, PAYPERIOD, PHONECONFIRMED, SHOWJOBAPPOINTMENTRESCHEDULEALERT, TENANT_TYPE, ADDONCREWSPLITCOMMISSIONRATE, BUSINESSUNIT_ID, COMMUTETIME, COORDINATESUPDATEDON, EMAILCONFIRMED, HOME_COUNTRY, HOME_LATITUDE, HOME_LONGITUDE, LASTNAME, SALESFACTOR, TRUCK_ID, FIRSTNAME, IMPORTID, PAYROLLROLE, LICENSE, PAYFREQUENCY_ID, PAYROLLSTARTPERIOD, STATUSUPDATEDON, UNION, STARTDATE, INVOICINGHOURLYRATE, DEFAULTLABORTYPE_ID, PROJECTLABELS, LATITUDE, RECORD_CREATE_DATE, PAYROLLPROFILE_ID, COMMISSIONRATE, CREATEDON, DAILYGOAL, DEFAULTPAYROLLADJUSTMENTRATE, HOME_STREET, INVENTORYWAREHOUSENAME, MEALTIME, CURRENTVALUE, DISPATCHNOTIFICATIONS, PAYROLLID, PROJECTEDVALUE, QBREPID, SCHEDULEDSOLOCOMMISSIONRATE, MIDDLENAME, TURNOVERBONUS, ADDONSOLOCOMMISSIONRATE, HOME_ISMILITARY, OUTBOUNDCALLERID, OVERTIMEMODE, OVERTIMEPAYROLLCONTROLCODE_ID, OVERTIMEWORKTYPECODE_ID, SOLDBYRATE, USER_ID, SMARTDISPATCHSETTINGS_TECHNICIAN, ACTIVE, COLOR, STANDARDPAYROLLCONTROLCODE_ID, FLEET_ID, HOME_UNIT, JOB_ID, MODIFIEDON, MUHULINK, PHONE, STANDARDWORKTYPECODE_ID, WILLIAMSTECHNICIANROLE, ADDONMULTITECHCOMMISSIONRATE, BURDENRATE, CHECKEDIN, FIRSTDRIVERULE, ID, LOCATION_TECHNICIAN, MOBILEPHONE, PAYTYPE, SCHEDULEDCREWSPLITCOMMISSIONRATE, SHIFTEND, GOALIMAGE, PAYROLLPOSTINGGROUP_ID, ZONE_ID, CREATEDBY_ID]
Column names for Curated Table --> DIM_TECHNICIAN :: [ADDONCREWSPLITCOMMISSIONRATE, COMMUTETIME, DEFAULTLABORTYPE_ID, EMAILCONFIRMED, FIRSTNAME, FLEET_ID, HOME_COUNTRY, HOME_UNIT, MOBILEPHONE, PHONECONFIRMED, ISEXCLUDEDFROMPAYROLL, OVERALLSALESFACTOR_TECHNICIAN, TURNOVERBONUS, PAYPERIOD, PAYROLLROLE, PAYROLLSTARTDATE, BIRTHDATE, HOME_ISMANUALCOORDINATES, HOME_ISMILITARY, INVENTORYWAREHOUSENAME, JOBFILTER, MEMO, PAYFREQUENCY_ID, POSITION, ID, ISAUTODISPATCHED, LICENSE, TEAM, SCHEDULEDCREWSPLITCOMMISSIONRATE, SALESFACTOR, ADDONSOLOCOMMISSIONRATE, CURRENTVALUE, DAILYGOAL, DEDUCTCOMMUTETIMEFROMFIRSTDRIVE, MANAGER_ID, OVERTIMEPROFILE_ID, SHIFTSTART, SHOWJOBAPPOINTMENTRESCHEDULEALERT, SMARTDISPATCHSETTINGS_TECHNICIAN, GOALIMAGE, MODIFIEDON, PAYROLLID, PAYROLLREPORTVERSION, RECORD_CREATE_DATE, TODAYREVENUE_TECHNICIAN, TYPE, PROJECTLABELS, SCHEDULEDSOLOCOMMISSIONRATE, LONGITUDE, ADDONMULTITECHCOMMISSIONRATE, APPOINTMENT_ID, CHECKEDIN, COLOR, CREATEDON, DISPATCHNOTIFICATIONS, IMPORTID, LASTNAME, MOBILEPHONECONFIRMED, STATUSUPDATEDON, ZONE_ID, HOME_STATE, NAME, NAVISIONEMPLOYEEID, PAYROLLPOSTINGGROUP_ID, PHOTO, MEALTIME, PROJECTEDVALUE, STANDARDPAYROLLCONTROLCODE_ID, OVERTIMEMODE, BURDENRATE, FIRSTDRIVERULE, JOB_ID, PAYROLLPROFILE_ID, QBREPID, ROUTESTATISTICS_TECHNICIAN, STARTDATE, TRUCK_ID, USER_ID, STANDARDWORKTYPECODE_ID, MIDDLENAME, COMMISSIONRATE, CREATEDBY_ID, HOME_LONGITUDE, HOME_ZIP, HOURLYRATE, LATITUDE, SCHEDULEDMULTITECHCOMMISSIONRATE, BUSINESSUNIT_ID, OUTBOUNDCALLERID, RECORD_UPDATED_BY, STATUS, MUHULINK, OVERTIMEPAYROLLCONTROLCODE_ID, UNION, PAYTYPE, INVOICINGHOURLYRATE, RECORD_UPDATE_DATE, COORDINATESUPDATEDON, LOCATION_TECHNICIAN, EMAIL, HOME_CITY, ISEXTERNAL, OVERTIMEWORKTYPECODE_ID, PAYROLLSTARTPERIOD, SHIFTEND, WILLIAMSTECHNICIANROLE, TENANT_TYPE, ACTIVE, ATLASBUTLERTECHNICIANROLE, BIO, DEFAULTPAYROLLADJUSTMENTRATE, HOME_LATITUDE, HOME_STREET, ISMANAGEDTECH, PHONE, SALESFORCECONTACTID, SOLDBYRATE]
Column Name found in Datamart and Curated Table :: ADDONCREWSPLITCOMMISSIONRATE
Column Name found in Datamart and Curated Table :: ATLASBUTLERTECHNICIANROLE
Column Name found in Datamart and Curated Table :: FIRSTDRIVERULE
Column Name found in Datamart and Curated Table :: HOME_ISMANUALCOORDINATES
Column Name found in Datamart and Curated Table :: NAVISIONEMPLOYEEID
Column Name found in Datamart and Curated Table :: PAYROLLID
Column Name found in Datamart and Curated Table :: PAYROLLPOSTINGGROUP_ID
Column Name found in Datamart and Curated Table :: SALESFACTOR
Column Name found in Datamart and Curated Table :: SALESFORCECONTACTID
Column Name found in Datamart and Curated Table :: PAYROLLREPORTVERSION
Column Name found in Datamart and Curated Table :: STANDARDWORKTYPECODE_ID
Column Name found in Datamart and Curated Table :: MUHULINK
Column Name found in Datamart and Curated Table :: COMMISSIONRATE
Column Name found in Datamart and Curated Table :: HOME_ISMILITARY
Column Name found in Datamart and Curated Table :: LICENSE
Column Name found in Datamart and Curated Table :: GOALIMAGE
Column Name found in Datamart and Curated Table :: IMPORTID
Column Name found in Datamart and Curated Table :: MOBILEPHONECONFIRMED
Column Name found in Datamart and Curated Table :: PAYTYPE
Column Name found in Datamart and Curated Table :: MANAGER_ID
Column Name found in Datamart and Curated Table :: SHIFTSTART
Column Name found in Datamart and Curated Table :: NAME
Column Name found in Datamart and Curated Table :: ADDONSOLOCOMMISSIONRATE
Column Name found in Datamart and Curated Table :: BIO
Column Name found in Datamart and Curated Table :: BUSINESSUNIT_ID
Column Name found in Datamart and Curated Table :: HOME_CITY
Column Name found in Datamart and Curated Table :: ID
Column Name found in Datamart and Curated Table :: ISMANAGEDTECH
Column Name found in Datamart and Curated Table :: PROJECTLABELS
Column Name found in Datamart and Curated Table :: SCHEDULEDSOLOCOMMISSIONRATE
Column Name found in Datamart and Curated Table :: BIRTHDATE
Column Name found in Datamart and Curated Table :: HOME_COUNTRY
Column Name found in Datamart and Curated Table :: PHOTO
Column Name found in Datamart and Curated Table :: TURNOVERBONUS
Column Name found in Datamart and Curated Table :: USER_ID
Column Name found in Datamart and Curated Table :: WILLIAMSTECHNICIANROLE
Column Name found in Datamart and Curated Table :: ZONE_ID
Column Name found in Datamart and Curated Table :: OVERTIMEPROFILE_ID
Column Name found in Datamart and Curated Table :: CREATEDON
Column Name found in Datamart and Curated Table :: TODAYREVENUE_TECHNICIAN
Column Name found in Datamart and Curated Table :: ACTIVE
Column Name found in Datamart and Curated Table :: DEFAULTPAYROLLADJUSTMENTRATE
Column Name found in Datamart and Curated Table :: ISAUTODISPATCHED
Column Name found in Datamart and Curated Table :: LASTNAME
Column Name found in Datamart and Curated Table :: ISEXTERNAL
Column Name found in Datamart and Curated Table :: SHIFTEND
Column Name found in Datamart and Curated Table :: SCHEDULEDCREWSPLITCOMMISSIONRATE
Column Name found in Datamart and Curated Table :: DAILYGOAL
Column Name found in Datamart and Curated Table :: APPOINTMENT_ID
Column Name found in Datamart and Curated Table :: BURDENRATE
Column Name found in Datamart and Curated Table :: HOME_ZIP
Column Name found in Datamart and Curated Table :: PAYROLLSTARTPERIOD
Column Name found in Datamart and Curated Table :: STATUSUPDATEDON
Column Name found in Datamart and Curated Table :: OVERTIMEWORKTYPECODE_ID
Column Name found in Datamart and Curated Table :: PAYROLLPROFILE_ID
Column Name found in Datamart and Curated Table :: PAYROLLROLE
Column Name found in Datamart and Curated Table :: PAYROLLSTARTDATE
Column Name found in Datamart and Curated Table :: SOLDBYRATE
Column Name not found in Datamart and Curated Table :: ISEXCLUDEDFROMPAYROLL
Column Name found in Datamart and Curated Table :: COORDINATESUPDATEDON
Column Name found in Datamart and Curated Table :: EMAIL
Column Name found in Datamart and Curated Table :: EMAILCONFIRMED
Column Name found in Datamart and Curated Table :: HOME_LATITUDE
Column Name found in Datamart and Curated Table :: OVERTIMEPAYROLLCONTROLCODE_ID
Column Name found in Datamart and Curated Table :: PAYPERIOD
Column Name found in Datamart and Curated Table :: STANDARDPAYROLLCONTROLCODE_ID
Column Name found in Datamart and Curated Table :: CHECKEDIN
Column Name found in Datamart and Curated Table :: DEFAULTLABORTYPE_ID
Column Name found in Datamart and Curated Table :: JOBFILTER
Column Name found in Datamart and Curated Table :: PAYFREQUENCY_ID
Column Name found in Datamart and Curated Table :: MOBILEPHONE
Column Name found in Datamart and Curated Table :: OUTBOUNDCALLERID
Column Name found in Datamart and Curated Table :: SCHEDULEDMULTITECHCOMMISSIONRATE
Column Name found in Datamart and Curated Table :: STARTDATE
Column Name found in Datamart and Curated Table :: CURRENTVALUE
Column Name found in Datamart and Curated Table :: DEDUCTCOMMUTETIMEFROMFIRSTDRIVE
Column Name found in Datamart and Curated Table :: FIRSTNAME
Column Name found in Datamart and Curated Table :: MEALTIME
Column Name found in Datamart and Curated Table :: MEMO
Column Name found in Datamart and Curated Table :: PHONECONFIRMED
Column Name found in Datamart and Curated Table :: SHOWJOBAPPOINTMENTRESCHEDULEALERT
Column Name found in Datamart and Curated Table :: DISPATCHNOTIFICATIONS
Column Name found in Datamart and Curated Table :: JOB_ID
Column Name found in Datamart and Curated Table :: LATITUDE
Column Name found in Datamart and Curated Table :: MIDDLENAME
Column Name found in Datamart and Curated Table :: ROUTESTATISTICS_TECHNICIAN
Column Name found in Datamart and Curated Table :: CREATEDBY_ID
Column Name found in Datamart and Curated Table :: PHONE
Column Name found in Datamart and Curated Table :: QBREPID
Column Name found in Datamart and Curated Table :: SMARTDISPATCHSETTINGS_TECHNICIAN
Column Name found in Datamart and Curated Table :: STATUS
Column Name found in Datamart and Curated Table :: UNION
Column Name found in Datamart and Curated Table :: HOME_UNIT
Column Name found in Datamart and Curated Table :: HOURLYRATE
Column Name found in Datamart and Curated Table :: INVENTORYWAREHOUSENAME
Column Name found in Datamart and Curated Table :: INVOICINGHOURLYRATE
Column Name found in Datamart and Curated Table :: TYPE
Column Name found in Datamart and Curated Table :: ADDONMULTITECHCOMMISSIONRATE
Column Name found in Datamart and Curated Table :: COLOR
Column Name found in Datamart and Curated Table :: HOME_STATE
Column Name found in Datamart and Curated Table :: MODIFIEDON
Column Name found in Datamart and Curated Table :: OVERALLSALESFACTOR_TECHNICIAN
Column Name found in Datamart and Curated Table :: POSITION
Column Name found in Datamart and Curated Table :: TEAM
Column Name found in Datamart and Curated Table :: COMMUTETIME
Column Name found in Datamart and Curated Table :: HOME_LONGITUDE
Column Name found in Datamart and Curated Table :: HOME_STREET
Column Name found in Datamart and Curated Table :: LOCATION_TECHNICIAN
Column Name found in Datamart and Curated Table :: OVERTIMEMODE
Column Name found in Datamart and Curated Table :: PROJECTEDVALUE
Column Name found in Datamart and Curated Table :: LONGITUDE
Column Name found in Datamart and Curated Table :: TRUCK_ID
Column Name found in Datamart and Curated Table :: TENANT_TYPE
Datamart tables contains additional column name like [ACTIVE_FLAG, RECORD_CREATE_DATE, RECORD_UPDATE_DATE, MASTER_ID]
Curated tables contains additional column name like [RECORD_CREATE_DATE, RECORD_UPDATE_DATE, RECORD_UPDATED_BY]]]>
  </system-out>
  <testcase classname="testcases.RAW_DATAMART_CURATED.SnowFlake_ColumnValidation_Master" name="Testcase_ColumnValidation" time="2.212">
    <failure message="The following asserts failed:
	null" type="java.lang.AssertionError">
      <![CDATA[java.lang.AssertionError: The following asserts failed:
null
at org.testng.asserts.SoftAssert.assertAll(SoftAssert.java:47)
at org.testng.asserts.SoftAssert.assertAll(SoftAssert.java:31)
at testcases.RAW_DATAMART_CURATED.SnowFlake_ColumnValidation_Master.BKP_Tables_ColumnName_validation(SnowFlake_ColumnValidation_Master.java:231)
at testcases.RAW_DATAMART_CURATED.SnowFlake_ColumnValidation_Master.Testcase_ColumnValidation(SnowFlake_ColumnValidation_Master.java:240)
at java.base/jdk.internal.reflect.NativeMethodAccessorImpl.invoke0(Native Method)
at java.base/jdk.internal.reflect.NativeMethodAccessorImpl.invoke(NativeMethodAccessorImpl.java:77)
at java.base/jdk.internal.reflect.DelegatingMethodAccessorImpl.invoke(DelegatingMethodAccessorImpl.java:43)
at java.base/java.lang.reflect.Method.invoke(Method.java:568)
at org.testng.internal.MethodInvocationHelper.invokeMethod(MethodInvocationHelper.java:133)
at org.testng.internal.TestInvoker.invokeMethod(TestInvoker.java:598)
at org.testng.internal.TestInvoker.invokeTestMethod(TestInvoker.java:173)
at org.testng.internal.MethodRunner.runInSequence(MethodRunner.java:46)
at org.testng.internal.TestInvoker$MethodInvocationAgent.invoke(TestInvoker.java:824)
at org.testng.internal.TestInvoker.invokeTestMethods(TestInvoker.java:146)
at org.testng.internal.TestMethodWorker.invokeTestMethods(TestMethodWorker.java:146)
at org.testng.internal.TestMethodWorker.run(TestMethodWorker.java:128)
at java.base/java.util.ArrayList.forEach(ArrayList.java:1511)
at org.testng.TestRunner.privateRun(TestRunner.java:794)
at org.testng.TestRunner.run(TestRunner.java:596)
at org.testng.SuiteRunner.runTest(SuiteRunner.java:377)
at org.testng.SuiteRunner.runSequentially(SuiteRunner.java:371)
at org.testng.SuiteRunner.privateRun(SuiteRunner.java:332)
at org.testng.SuiteRunner.run(SuiteRunner.java:276)
at org.testng.SuiteRunnerWorker.runSuite(SuiteRunnerWorker.java:53)
at org.testng.SuiteRunnerWorker.run(SuiteRunnerWorker.java:96)
at org.testng.TestNG.runSuitesSequentially(TestNG.java:1212)
at org.testng.TestNG.runSuitesLocally(TestNG.java:1134)
at org.testng.TestNG.runSuites(TestNG.java:1063)
at org.testng.TestNG.run(TestNG.java:1031)
at org.testng.remote.AbstractRemoteTestNG.run(AbstractRemoteTestNG.java:115)
at org.testng.remote.RemoteTestNG.initAndRun(RemoteTestNG.java:251)
at org.testng.remote.RemoteTestNG.main(RemoteTestNG.java:77)
]]>
    </failure>
  </testcase> <!-- Testcase_ColumnValidation -->
  <system-out>
    <![CDATA[Executing Snowflake query :: SELECT COLUMN_NAME FROM DEV_ENT_RAW.INFORMATION_SCHEMA.COLUMNS WHERE TABLE_NAME='TECHNICIANPAYROLLADJUSTMENT'and TABLE_SCHEMA='ST_FOURPROS_MATILLION'
Executing Snowflake query :: SELECT COLUMN_NAME FROM CURATED_DATAMART.INFORMATION_SCHEMA.COLUMNS WHERE TABLE_NAME='STR_TECHNICIANPAYROLLADJUSTMENT'and TABLE_SCHEMA='ST_BKP_FOURPROS'
Executing Snowflake query :: SELECT COLUMN_NAME FROM DEV_ENT_CURATED.INFORMATION_SCHEMA.COLUMNS WHERE TABLE_NAME='DIM_TECHNICIANPAYROLLADJUSTMENT'and TABLE_SCHEMA='MASTER_DIMENSIONS'
Column names for RAW Table --> TECHNICIANPAYROLLADJUSTMENT :: [ISOTCHARGE, JOBLOCATIONZIP, PAYROLL_ID, CREATEDBY_ID, CODE_NAME, CUSTOMER_ID, INVOICE_ID, JOBLOCATIONNAME, RATE, PAYROLLADJUSTMENT_ID, CREATEDON, JOBNUMBER, PERSISTENCETYPE, PAYROLLCODE_ORIGINALCODE, BUSINESSUNIT_ID, BUSINESSUNITNAME, CODE_ORIGINALCODE, CODE_PAYROLLCODE, TYPE, ZONENAME, HOURS, JOBLOCATIONADDRESS, PROJECTNUMBER, TAXZONENAME, TECHNICIAN_ID, ID, INVOICENUMBER, MEMO, JOB_ID, ZONE_ID, PROJECT_ID, ACTIVE, PAYROLLCODE_CODE, CUSTOMERNAME, TAXZONE_ID, QUANTITY, AMOUNT, IMPORTID, JOBLOCATION_ID, PAYROLLCODE_NAME, ISPREVAILINGWAGEJOB, POSTEDON, REPLACESBONUSAMOUNT]
Column names for DataMart Table --> STR_TECHNICIANPAYROLLADJUSTMENT :: [CODE_PAYROLLCODE, CREATEDBY_ID, CUSTOMERNAME, CUSTOMER_ID, PAYROLLCODE_CODE, PAYROLLCODE_NAME, RECORD_UPDATE_DATE, POSTEDON, REPLACESBONUSAMOUNT, JOB_ID, TECHNICIAN_ID, BUSINESSUNITNAME, BUSINESSUNIT_ID, ISPREVAILINGWAGEJOB, JOBLOCATIONADDRESS, JOBLOCATION_ID, JOBNUMBER, PROJECTNUMBER, RATE, PAYROLLCODE_ORIGINALCODE, TAXZONENAME, ACTIVE, CODE_ORIGINALCODE, MASTER_ID, PAYROLLADJUSTMENT_ID, TAXZONE_ID, JOBLOCATIONZIP, MEMO, QUANTITY, HOURS, IMPORTID, RECORD_CREATE_DATE, TENANT_TYPE, INVOICENUMBER, ZONE_ID, ZONENAME, TYPE, AMOUNT, CREATEDON, INVOICE_ID, PROJECT_ID, JOBLOCATIONNAME, ACTIVE_FLAG, CODE_NAME, ID, ISOTCHARGE, PAYROLL_ID, PERSISTENCETYPE]
Column names for Curated Table --> DIM_TECHNICIANPAYROLLADJUSTMENT :: [BUSINESSUNIT_ID, CREATEDON, CUSTOMER_ID, ISOTCHARGE, ISPREVAILINGWAGEJOB, JOBLOCATION_ID, TYPE, PAYROLLCODE_CODE, BUSINESSUNITNAME, INVOICENUMBER, PROJECTNUMBER, TECHNICIAN_ID, PAYROLLCODE_ORIGINALCODE, AMOUNT, HOURS, JOBNUMBER, QUANTITY, TENANT_TYPE, INVOICE_ID, JOBLOCATIONZIP, JOB_ID, JOBLOCATIONNAME, PERSISTENCETYPE, CODE_ORIGINALCODE, PAYROLL_ID, CODE_NAME, ZONE_ID, RECORD_UPDATE_DATE, CODE_PAYROLLCODE, CREATEDBY_ID, POSTEDON, PAYROLLADJUSTMENT_ID, ID, PROJECT_ID, TAXZONE_ID, ACTIVE, CUSTOMERNAME, PAYROLLCODE_NAME, RECORD_CREATE_DATE, REPLACESBONUSAMOUNT, TAXZONENAME, IMPORTID, JOBLOCATIONADDRESS, MEMO, RATE, ZONENAME]
Column Name found in Datamart and Curated Table :: ISOTCHARGE
Column Name found in Datamart and Curated Table :: JOBLOCATIONZIP
Column Name found in Datamart and Curated Table :: PAYROLL_ID
Column Name found in Datamart and Curated Table :: CREATEDBY_ID
Column Name found in Datamart and Curated Table :: CODE_NAME
Column Name found in Datamart and Curated Table :: CUSTOMER_ID
Column Name found in Datamart and Curated Table :: INVOICE_ID
Column Name found in Datamart and Curated Table :: JOBLOCATIONNAME
Column Name found in Datamart and Curated Table :: RATE
Column Name found in Datamart and Curated Table :: PAYROLLADJUSTMENT_ID
Column Name found in Datamart and Curated Table :: CREATEDON
Column Name found in Datamart and Curated Table :: JOBNUMBER
Column Name found in Datamart and Curated Table :: PERSISTENCETYPE
Column Name found in Datamart and Curated Table :: PAYROLLCODE_ORIGINALCODE
Column Name found in Datamart and Curated Table :: BUSINESSUNIT_ID
Column Name found in Datamart and Curated Table :: BUSINESSUNITNAME
Column Name found in Datamart and Curated Table :: CODE_ORIGINALCODE
Column Name found in Datamart and Curated Table :: CODE_PAYROLLCODE
Column Name found in Datamart and Curated Table :: TYPE
Column Name found in Datamart and Curated Table :: ZONENAME
Column Name found in Datamart and Curated Table :: HOURS
Column Name found in Datamart and Curated Table :: JOBLOCATIONADDRESS
Column Name found in Datamart and Curated Table :: PROJECTNUMBER
Column Name found in Datamart and Curated Table :: TAXZONENAME
Column Name found in Datamart and Curated Table :: TECHNICIAN_ID
Column Name found in Datamart and Curated Table :: ID
Column Name found in Datamart and Curated Table :: INVOICENUMBER
Column Name found in Datamart and Curated Table :: MEMO
Column Name found in Datamart and Curated Table :: JOB_ID
Column Name found in Datamart and Curated Table :: ZONE_ID
Column Name found in Datamart and Curated Table :: PROJECT_ID
Column Name found in Datamart and Curated Table :: ACTIVE
Column Name found in Datamart and Curated Table :: PAYROLLCODE_CODE
Column Name found in Datamart and Curated Table :: CUSTOMERNAME
Column Name found in Datamart and Curated Table :: TAXZONE_ID
Column Name found in Datamart and Curated Table :: QUANTITY
Column Name found in Datamart and Curated Table :: AMOUNT
Column Name found in Datamart and Curated Table :: IMPORTID
Column Name found in Datamart and Curated Table :: JOBLOCATION_ID
Column Name found in Datamart and Curated Table :: PAYROLLCODE_NAME
Column Name found in Datamart and Curated Table :: ISPREVAILINGWAGEJOB
Column Name found in Datamart and Curated Table :: POSTEDON
Column Name found in Datamart and Curated Table :: REPLACESBONUSAMOUNT
Datamart tables contains additional column name like [ACTIVE_FLAG, RECORD_CREATE_DATE, RECORD_UPDATE_DATE, RECORD_UPDATE_DATE, MASTER_ID, TENANT_TYPE]
Curated tables not contains additional column name like [RECORD_CREATE_DATE, RECORD_UPDATE_DATE, RECORD_UPDATED_BY, TENANT_TYPE]]]>
  </system-out>
  <testcase classname="testcases.RAW_DATAMART_CURATED.SnowFlake_ColumnValidation_Master" name="Testcase_ColumnValidation" time="2.129">
    <failure message="The following asserts failed:
	null" type="java.lang.AssertionError">
      <![CDATA[java.lang.AssertionError: The following asserts failed:
null
at org.testng.asserts.SoftAssert.assertAll(SoftAssert.java:47)
at org.testng.asserts.SoftAssert.assertAll(SoftAssert.java:31)
at testcases.RAW_DATAMART_CURATED.SnowFlake_ColumnValidation_Master.API_Tables_ColumnName_validation(SnowFlake_ColumnValidation_Master.java:130)
at testcases.RAW_DATAMART_CURATED.SnowFlake_ColumnValidation_Master.Testcase_ColumnValidation(SnowFlake_ColumnValidation_Master.java:243)
at jdk.internal.reflect.GeneratedMethodAccessor12.invoke(Unknown Source)
at java.base/jdk.internal.reflect.DelegatingMethodAccessorImpl.invoke(DelegatingMethodAccessorImpl.java:43)
at java.base/java.lang.reflect.Method.invoke(Method.java:568)
at org.testng.internal.MethodInvocationHelper.invokeMethod(MethodInvocationHelper.java:133)
at org.testng.internal.TestInvoker.invokeMethod(TestInvoker.java:598)
at org.testng.internal.TestInvoker.invokeTestMethod(TestInvoker.java:173)
at org.testng.internal.MethodRunner.runInSequence(MethodRunner.java:46)
at org.testng.internal.TestInvoker$MethodInvocationAgent.invoke(TestInvoker.java:824)
at org.testng.internal.TestInvoker.invokeTestMethods(TestInvoker.java:146)
at org.testng.internal.TestMethodWorker.invokeTestMethods(TestMethodWorker.java:146)
at org.testng.internal.TestMethodWorker.run(TestMethodWorker.java:128)
at java.base/java.util.ArrayList.forEach(ArrayList.java:1511)
at org.testng.TestRunner.privateRun(TestRunner.java:794)
at org.testng.TestRunner.run(TestRunner.java:596)
at org.testng.SuiteRunner.runTest(SuiteRunner.java:377)
at org.testng.SuiteRunner.runSequentially(SuiteRunner.java:371)
at org.testng.SuiteRunner.privateRun(SuiteRunner.java:332)
at org.testng.SuiteRunner.run(SuiteRunner.java:276)
at org.testng.SuiteRunnerWorker.runSuite(SuiteRunnerWorker.java:53)
at org.testng.SuiteRunnerWorker.run(SuiteRunnerWorker.java:96)
at org.testng.TestNG.runSuitesSequentially(TestNG.java:1212)
at org.testng.TestNG.runSuitesLocally(TestNG.java:1134)
at org.testng.TestNG.runSuites(TestNG.java:1063)
at org.testng.TestNG.run(TestNG.java:1031)
at org.testng.remote.AbstractRemoteTestNG.run(AbstractRemoteTestNG.java:115)
at org.testng.remote.RemoteTestNG.initAndRun(RemoteTestNG.java:251)
at org.testng.remote.RemoteTestNG.main(RemoteTestNG.java:77)
]]>
    </failure>
  </testcase> <!-- Testcase_ColumnValidation -->
  <system-out>
    <![CDATA[Executing Snowflake query :: SELECT COLUMN_NAME FROM DEV_ENT_RAW.INFORMATION_SCHEMA.COLUMNS WHERE TABLE_NAME='ST_API_TECHNICIAN'and TABLE_SCHEMA='API_MAT'
Executing Snowflake query :: SELECT COLUMN_NAME FROM CURATED_DATAMART.INFORMATION_SCHEMA.COLUMNS WHERE TABLE_NAME='STR_API_TECHNICIAN'and TABLE_SCHEMA='ST_API_EANESHEATING'
Executing Snowflake query :: SELECT COLUMN_NAME FROM DEV_ENT_CURATED.INFORMATION_SCHEMA.COLUMNS WHERE TABLE_NAME='DIM_TECHNICIAN'and TABLE_SCHEMA='MASTER_DIMENSIONS'
Column names for RAW Table --> ST_API_TECHNICIAN :: [ADDONCREWSPLITCOMMISSIONRATE, ATLASBUTLERTECHNICIANROLE, FIRSTDRIVERULE, HOME_ISMANUALCOORDINATES, NAVISIONEMPLOYEEID, PAYROLLID, PAYROLLPOSTINGGROUP_ID, SALESFACTOR, SALESFORCECONTACTID, PAYROLLREPORTVERSION, STANDARDWORKTYPECODE_ID, MUHULINK, COMMISSIONRATE, HOME_ISMILITARY, LICENSE, GOALIMAGE, IMPORTID, MOBILEPHONECONFIRMED, PAYTYPE, MANAGER_ID, SHIFTSTART, NAME, ADDONSOLOCOMMISSIONRATE, BIO, BUSINESSUNIT_ID, HOME_CITY, ID, ISMANAGEDTECH, PROJECTLABELS, SCHEDULEDSOLOCOMMISSIONRATE, BIRTHDATE, HOME_COUNTRY, PHOTO, TURNOVERBONUS, USER_ID, WILLIAMSTECHNICIANROLE, ZONE_ID, OVERTIMEPROFILE_ID, CREATEDON, TODAYREVENUE_TECHNICIAN, ACTIVE, DEFAULTPAYROLLADJUSTMENTRATE, ISAUTODISPATCHED, LASTNAME, ISEXTERNAL, SHIFTEND, SCHEDULEDCREWSPLITCOMMISSIONRATE, DAILYGOAL, APPOINTMENT_ID, BURDENRATE, HOME_ZIP, PAYROLLSTARTPERIOD, STATUSUPDATEDON, OVERTIMEWORKTYPECODE_ID, PAYROLLPROFILE_ID, PAYROLLROLE, PAYROLLSTARTDATE, SOLDBYRATE, ISEXCLUDEDFROMPAYROLL, COORDINATESUPDATEDON, EMAIL, EMAILCONFIRMED, HOME_LATITUDE, OVERTIMEPAYROLLCONTROLCODE_ID, PAYPERIOD, STANDARDPAYROLLCONTROLCODE_ID, CHECKEDIN, DEFAULTLABORTYPE_ID, JOBFILTER, PAYFREQUENCY_ID, MOBILEPHONE, OUTBOUNDCALLERID, SCHEDULEDMULTITECHCOMMISSIONRATE, STARTDATE, CURRENTVALUE, DEDUCTCOMMUTETIMEFROMFIRSTDRIVE, FIRSTNAME, MEALTIME, MEMO, PHONECONFIRMED, SHOWJOBAPPOINTMENTRESCHEDULEALERT, DISPATCHNOTIFICATIONS, JOB_ID, LATITUDE, MIDDLENAME, ROUTESTATISTICS_TECHNICIAN, CREATEDBY_ID, PHONE, QBREPID, SMARTDISPATCHSETTINGS_TECHNICIAN, STATUS, UNION, HOME_UNIT, HOURLYRATE, INVENTORYWAREHOUSENAME, INVOICINGHOURLYRATE, TYPE, ADDONMULTITECHCOMMISSIONRATE, COLOR, HOME_STATE, MODIFIEDON, OVERALLSALESFACTOR_TECHNICIAN, POSITION, TEAM, COMMUTETIME, HOME_LONGITUDE, HOME_STREET, LOCATION_TECHNICIAN, OVERTIMEMODE, PROJECTEDVALUE, LONGITUDE, TRUCK_ID, TENANT_TYPE]
Column names for DataMart Table --> STR_API_TECHNICIAN :: [ACTIVE, BIRTHDATE, FIRSTNAME, ID, LASTNAME, LONGITUDE, PHONECONFIRMED, JOB_ID, MUHULINK, NAME, SCHEDULEDSOLOCOMMISSIONRATE, SHIFTSTART, ACTIVE_FLAG, BIO, DEFAULTLABORTYPE_ID, FIRSTDRIVERULE, HOME_ISMANUALCOORDINATES, MEMO, PAYROLLPOSTINGGROUP_ID, PROJECTLABELS, QBREPID, COORDINATESUPDATEDON, JOBFILTER, OVERALLSALESFACTOR_TECHNICIAN, OVERTIMEMODE, PHONE, SHIFTEND, TURNOVERBONUS, ADDONCREWSPLITCOMMISSIONRATE, BURDENRATE, CREATEDBY_ID, DEDUCTCOMMUTETIMEFROMFIRSTDRIVE, HOME_CITY, LICENSE, HOME_STATE, HOME_UNIT, PAYROLLSTARTPERIOD, SCHEDULEDCREWSPLITCOMMISSIONRATE, TRUCK_ID, UNION, USER_ID, INVENTORYWAREHOUSENAME, PAYFREQUENCY_ID, PAYROLLROLE, PHOTO, STARTDATE, ATLASBUTLERTECHNICIANROLE, CURRENTVALUE, GOALIMAGE, HOME_COUNTRY, HOME_STREET, HOME_ZIP, OVERTIMEPAYROLLCONTROLCODE_ID, COLOR, NAVISIONEMPLOYEEID, PAYROLLSTARTDATE, ISEXTERNAL, CREATEDON, DAILYGOAL, DISPATCHNOTIFICATIONS, HOME_LATITUDE, INVOICINGHOURLYRATE, ISAUTODISPATCHED, ISMANAGEDTECH, MOBILEPHONECONFIRMED, POSITION, MIDDLENAME, OUTBOUNDCALLERID, OVERTIMEWORKTYPECODE_ID, PAYPERIOD, SALESFORCECONTACTID, SHOWJOBAPPOINTMENTRESCHEDULEALERT, STATUSUPDATEDON, ZONE_ID, PAYROLLREPORTVERSION, TYPE, TODAYREVENUE_TECHNICIAN, ADDONSOLOCOMMISSIONRATE, APPOINTMENT_ID, COMMUTETIME, EMAIL, PAYTYPE, PROJECTEDVALUE, HOME_LONGITUDE, MASTER_ID, RECORD_UPDATE_DATE, SALESFACTOR, STATUS, OVERTIMEPROFILE_ID, ADDONMULTITECHCOMMISSIONRATE, COMMISSIONRATE, SOLDBYRATE, IMPORTID, LOCATION_TECHNICIAN, ROUTESTATISTICS_TECHNICIAN, WILLIAMSTECHNICIANROLE, HOME_ISMILITARY, BUSINESSUNIT_ID, CHECKEDIN, DEFAULTPAYROLLADJUSTMENTRATE, LATITUDE, STANDARDPAYROLLCONTROLCODE_ID, EMAILCONFIRMED, FLEET_ID, HOURLYRATE, MANAGER_ID, MEALTIME, PAYROLLPROFILE_ID, RECORD_CREATE_DATE, SCHEDULEDMULTITECHCOMMISSIONRATE, STANDARDWORKTYPECODE_ID, MODIFIEDON, PAYROLLID, SMARTDISPATCHSETTINGS_TECHNICIAN, MOBILEPHONE, TENANT_TYPE, TEAM]
Column names for Curated Table --> DIM_TECHNICIAN :: [ADDONCREWSPLITCOMMISSIONRATE, COMMUTETIME, DEFAULTLABORTYPE_ID, EMAILCONFIRMED, FIRSTNAME, FLEET_ID, HOME_COUNTRY, HOME_UNIT, MOBILEPHONE, PHONECONFIRMED, ISEXCLUDEDFROMPAYROLL, OVERALLSALESFACTOR_TECHNICIAN, TURNOVERBONUS, PAYPERIOD, PAYROLLROLE, PAYROLLSTARTDATE, BIRTHDATE, HOME_ISMANUALCOORDINATES, HOME_ISMILITARY, INVENTORYWAREHOUSENAME, JOBFILTER, MEMO, PAYFREQUENCY_ID, POSITION, ID, ISAUTODISPATCHED, LICENSE, TEAM, SCHEDULEDCREWSPLITCOMMISSIONRATE, SALESFACTOR, ADDONSOLOCOMMISSIONRATE, CURRENTVALUE, DAILYGOAL, DEDUCTCOMMUTETIMEFROMFIRSTDRIVE, MANAGER_ID, OVERTIMEPROFILE_ID, SHIFTSTART, SHOWJOBAPPOINTMENTRESCHEDULEALERT, SMARTDISPATCHSETTINGS_TECHNICIAN, GOALIMAGE, MODIFIEDON, PAYROLLID, PAYROLLREPORTVERSION, RECORD_CREATE_DATE, TODAYREVENUE_TECHNICIAN, TYPE, PROJECTLABELS, SCHEDULEDSOLOCOMMISSIONRATE, LONGITUDE, ADDONMULTITECHCOMMISSIONRATE, APPOINTMENT_ID, CHECKEDIN, COLOR, CREATEDON, DISPATCHNOTIFICATIONS, IMPORTID, LASTNAME, MOBILEPHONECONFIRMED, STATUSUPDATEDON, ZONE_ID, HOME_STATE, NAME, NAVISIONEMPLOYEEID, PAYROLLPOSTINGGROUP_ID, PHOTO, MEALTIME, PROJECTEDVALUE, STANDARDPAYROLLCONTROLCODE_ID, OVERTIMEMODE, BURDENRATE, FIRSTDRIVERULE, JOB_ID, PAYROLLPROFILE_ID, QBREPID, ROUTESTATISTICS_TECHNICIAN, STARTDATE, TRUCK_ID, USER_ID, STANDARDWORKTYPECODE_ID, MIDDLENAME, COMMISSIONRATE, CREATEDBY_ID, HOME_LONGITUDE, HOME_ZIP, HOURLYRATE, LATITUDE, SCHEDULEDMULTITECHCOMMISSIONRATE, BUSINESSUNIT_ID, OUTBOUNDCALLERID, RECORD_UPDATED_BY, STATUS, MUHULINK, OVERTIMEPAYROLLCONTROLCODE_ID, UNION, PAYTYPE, INVOICINGHOURLYRATE, RECORD_UPDATE_DATE, COORDINATESUPDATEDON, LOCATION_TECHNICIAN, EMAIL, HOME_CITY, ISEXTERNAL, OVERTIMEWORKTYPECODE_ID, PAYROLLSTARTPERIOD, SHIFTEND, WILLIAMSTECHNICIANROLE, TENANT_TYPE, ACTIVE, ATLASBUTLERTECHNICIANROLE, BIO, DEFAULTPAYROLLADJUSTMENTRATE, HOME_LATITUDE, HOME_STREET, ISMANAGEDTECH, PHONE, SALESFORCECONTACTID, SOLDBYRATE]
Column Name found in Datamart and Curated Table :: ADDONCREWSPLITCOMMISSIONRATE
Column Name found in Datamart and Curated Table :: ATLASBUTLERTECHNICIANROLE
Column Name found in Datamart and Curated Table :: FIRSTDRIVERULE
Column Name found in Datamart and Curated Table :: HOME_ISMANUALCOORDINATES
Column Name found in Datamart and Curated Table :: NAVISIONEMPLOYEEID
Column Name found in Datamart and Curated Table :: PAYROLLID
Column Name found in Datamart and Curated Table :: PAYROLLPOSTINGGROUP_ID
Column Name found in Datamart and Curated Table :: SALESFACTOR
Column Name found in Datamart and Curated Table :: SALESFORCECONTACTID
Column Name found in Datamart and Curated Table :: PAYROLLREPORTVERSION
Column Name found in Datamart and Curated Table :: STANDARDWORKTYPECODE_ID
Column Name found in Datamart and Curated Table :: MUHULINK
Column Name found in Datamart and Curated Table :: COMMISSIONRATE
Column Name found in Datamart and Curated Table :: HOME_ISMILITARY
Column Name found in Datamart and Curated Table :: LICENSE
Column Name found in Datamart and Curated Table :: GOALIMAGE
Column Name found in Datamart and Curated Table :: IMPORTID
Column Name found in Datamart and Curated Table :: MOBILEPHONECONFIRMED
Column Name found in Datamart and Curated Table :: PAYTYPE
Column Name found in Datamart and Curated Table :: MANAGER_ID
Column Name found in Datamart and Curated Table :: SHIFTSTART
Column Name found in Datamart and Curated Table :: NAME
Column Name found in Datamart and Curated Table :: ADDONSOLOCOMMISSIONRATE
Column Name found in Datamart and Curated Table :: BIO
Column Name found in Datamart and Curated Table :: BUSINESSUNIT_ID
Column Name found in Datamart and Curated Table :: HOME_CITY
Column Name found in Datamart and Curated Table :: ID
Column Name found in Datamart and Curated Table :: ISMANAGEDTECH
Column Name found in Datamart and Curated Table :: PROJECTLABELS
Column Name found in Datamart and Curated Table :: SCHEDULEDSOLOCOMMISSIONRATE
Column Name found in Datamart and Curated Table :: BIRTHDATE
Column Name found in Datamart and Curated Table :: HOME_COUNTRY
Column Name found in Datamart and Curated Table :: PHOTO
Column Name found in Datamart and Curated Table :: TURNOVERBONUS
Column Name found in Datamart and Curated Table :: USER_ID
Column Name found in Datamart and Curated Table :: WILLIAMSTECHNICIANROLE
Column Name found in Datamart and Curated Table :: ZONE_ID
Column Name found in Datamart and Curated Table :: OVERTIMEPROFILE_ID
Column Name found in Datamart and Curated Table :: CREATEDON
Column Name found in Datamart and Curated Table :: TODAYREVENUE_TECHNICIAN
Column Name found in Datamart and Curated Table :: ACTIVE
Column Name found in Datamart and Curated Table :: DEFAULTPAYROLLADJUSTMENTRATE
Column Name found in Datamart and Curated Table :: ISAUTODISPATCHED
Column Name found in Datamart and Curated Table :: LASTNAME
Column Name found in Datamart and Curated Table :: ISEXTERNAL
Column Name found in Datamart and Curated Table :: SHIFTEND
Column Name found in Datamart and Curated Table :: SCHEDULEDCREWSPLITCOMMISSIONRATE
Column Name found in Datamart and Curated Table :: DAILYGOAL
Column Name found in Datamart and Curated Table :: APPOINTMENT_ID
Column Name found in Datamart and Curated Table :: BURDENRATE
Column Name found in Datamart and Curated Table :: HOME_ZIP
Column Name found in Datamart and Curated Table :: PAYROLLSTARTPERIOD
Column Name found in Datamart and Curated Table :: STATUSUPDATEDON
Column Name found in Datamart and Curated Table :: OVERTIMEWORKTYPECODE_ID
Column Name found in Datamart and Curated Table :: PAYROLLPROFILE_ID
Column Name found in Datamart and Curated Table :: PAYROLLROLE
Column Name found in Datamart and Curated Table :: PAYROLLSTARTDATE
Column Name found in Datamart and Curated Table :: SOLDBYRATE
Column Name not found in Datamart and Curated Table :: ISEXCLUDEDFROMPAYROLL
Column Name found in Datamart and Curated Table :: COORDINATESUPDATEDON
Column Name found in Datamart and Curated Table :: EMAIL
Column Name found in Datamart and Curated Table :: EMAILCONFIRMED
Column Name found in Datamart and Curated Table :: HOME_LATITUDE
Column Name found in Datamart and Curated Table :: OVERTIMEPAYROLLCONTROLCODE_ID
Column Name found in Datamart and Curated Table :: PAYPERIOD
Column Name found in Datamart and Curated Table :: STANDARDPAYROLLCONTROLCODE_ID
Column Name found in Datamart and Curated Table :: CHECKEDIN
Column Name found in Datamart and Curated Table :: DEFAULTLABORTYPE_ID
Column Name found in Datamart and Curated Table :: JOBFILTER
Column Name found in Datamart and Curated Table :: PAYFREQUENCY_ID
Column Name found in Datamart and Curated Table :: MOBILEPHONE
Column Name found in Datamart and Curated Table :: OUTBOUNDCALLERID
Column Name found in Datamart and Curated Table :: SCHEDULEDMULTITECHCOMMISSIONRATE
Column Name found in Datamart and Curated Table :: STARTDATE
Column Name found in Datamart and Curated Table :: CURRENTVALUE
Column Name found in Datamart and Curated Table :: DEDUCTCOMMUTETIMEFROMFIRSTDRIVE
Column Name found in Datamart and Curated Table :: FIRSTNAME
Column Name found in Datamart and Curated Table :: MEALTIME
Column Name found in Datamart and Curated Table :: MEMO
Column Name found in Datamart and Curated Table :: PHONECONFIRMED
Column Name found in Datamart and Curated Table :: SHOWJOBAPPOINTMENTRESCHEDULEALERT
Column Name found in Datamart and Curated Table :: DISPATCHNOTIFICATIONS
Column Name found in Datamart and Curated Table :: JOB_ID
Column Name found in Datamart and Curated Table :: LATITUDE
Column Name found in Datamart and Curated Table :: MIDDLENAME
Column Name found in Datamart and Curated Table :: ROUTESTATISTICS_TECHNICIAN
Column Name found in Datamart and Curated Table :: CREATEDBY_ID
Column Name found in Datamart and Curated Table :: PHONE
Column Name found in Datamart and Curated Table :: QBREPID
Column Name found in Datamart and Curated Table :: SMARTDISPATCHSETTINGS_TECHNICIAN
Column Name found in Datamart and Curated Table :: STATUS
Column Name found in Datamart and Curated Table :: UNION
Column Name found in Datamart and Curated Table :: HOME_UNIT
Column Name found in Datamart and Curated Table :: HOURLYRATE
Column Name found in Datamart and Curated Table :: INVENTORYWAREHOUSENAME
Column Name found in Datamart and Curated Table :: INVOICINGHOURLYRATE
Column Name found in Datamart and Curated Table :: TYPE
Column Name found in Datamart and Curated Table :: ADDONMULTITECHCOMMISSIONRATE
Column Name found in Datamart and Curated Table :: COLOR
Column Name found in Datamart and Curated Table :: HOME_STATE
Column Name found in Datamart and Curated Table :: MODIFIEDON
Column Name found in Datamart and Curated Table :: OVERALLSALESFACTOR_TECHNICIAN
Column Name found in Datamart and Curated Table :: POSITION
Column Name found in Datamart and Curated Table :: TEAM
Column Name found in Datamart and Curated Table :: COMMUTETIME
Column Name found in Datamart and Curated Table :: HOME_LONGITUDE
Column Name found in Datamart and Curated Table :: HOME_STREET
Column Name found in Datamart and Curated Table :: LOCATION_TECHNICIAN
Column Name found in Datamart and Curated Table :: OVERTIMEMODE
Column Name found in Datamart and Curated Table :: PROJECTEDVALUE
Column Name found in Datamart and Curated Table :: LONGITUDE
Column Name found in Datamart and Curated Table :: TRUCK_ID
Column Name found in Datamart and Curated Table :: TENANT_TYPE
Datamart tables contains additional column name like [ACTIVE_FLAG, RECORD_CREATE_DATE, RECORD_UPDATE_DATE, MASTER_ID]
Curated tables contains additional column name like [RECORD_CREATE_DATE, RECORD_UPDATE_DATE, RECORD_UPDATED_BY]]]>
  </system-out>
  <testcase classname="testcases.RAW_DATAMART_CURATED.SnowFlake_ColumnValidation_Master" name="Testcase_ColumnValidation" time="2.252">
    <failure message="The following asserts failed:
	null" type="java.lang.AssertionError">
      <![CDATA[java.lang.AssertionError: The following asserts failed:
null
at org.testng.asserts.SoftAssert.assertAll(SoftAssert.java:47)
at org.testng.asserts.SoftAssert.assertAll(SoftAssert.java:31)
at testcases.RAW_DATAMART_CURATED.SnowFlake_ColumnValidation_Master.BKP_Tables_ColumnName_validation(SnowFlake_ColumnValidation_Master.java:231)
at testcases.RAW_DATAMART_CURATED.SnowFlake_ColumnValidation_Master.Testcase_ColumnValidation(SnowFlake_ColumnValidation_Master.java:240)
at jdk.internal.reflect.GeneratedMethodAccessor12.invoke(Unknown Source)
at java.base/jdk.internal.reflect.DelegatingMethodAccessorImpl.invoke(DelegatingMethodAccessorImpl.java:43)
at java.base/java.lang.reflect.Method.invoke(Method.java:568)
at org.testng.internal.MethodInvocationHelper.invokeMethod(MethodInvocationHelper.java:133)
at org.testng.internal.TestInvoker.invokeMethod(TestInvoker.java:598)
at org.testng.internal.TestInvoker.invokeTestMethod(TestInvoker.java:173)
at org.testng.internal.MethodRunner.runInSequence(MethodRunner.java:46)
at org.testng.internal.TestInvoker$MethodInvocationAgent.invoke(TestInvoker.java:824)
at org.testng.internal.TestInvoker.invokeTestMethods(TestInvoker.java:146)
at org.testng.internal.TestMethodWorker.invokeTestMethods(TestMethodWorker.java:146)
at org.testng.internal.TestMethodWorker.run(TestMethodWorker.java:128)
at java.base/java.util.ArrayList.forEach(ArrayList.java:1511)
at org.testng.TestRunner.privateRun(TestRunner.java:794)
at org.testng.TestRunner.run(TestRunner.java:596)
at org.testng.SuiteRunner.runTest(SuiteRunner.java:377)
at org.testng.SuiteRunner.runSequentially(SuiteRunner.java:371)
at org.testng.SuiteRunner.privateRun(SuiteRunner.java:332)
at org.testng.SuiteRunner.run(SuiteRunner.java:276)
at org.testng.SuiteRunnerWorker.runSuite(SuiteRunnerWorker.java:53)
at org.testng.SuiteRunnerWorker.run(SuiteRunnerWorker.java:96)
at org.testng.TestNG.runSuitesSequentially(TestNG.java:1212)
at org.testng.TestNG.runSuitesLocally(TestNG.java:1134)
at org.testng.TestNG.runSuites(TestNG.java:1063)
at org.testng.TestNG.run(TestNG.java:1031)
at org.testng.remote.AbstractRemoteTestNG.run(AbstractRemoteTestNG.java:115)
at org.testng.remote.RemoteTestNG.initAndRun(RemoteTestNG.java:251)
at org.testng.remote.RemoteTestNG.main(RemoteTestNG.java:77)
]]>
    </failure>
  </testcase> <!-- Testcase_ColumnValidation -->
  <system-out>
    <![CDATA[Executing Snowflake query :: SELECT COLUMN_NAME FROM DEV_ENT_RAW.INFORMATION_SCHEMA.COLUMNS WHERE TABLE_NAME='TECHNICIANATTACHEDPROPERTY'and TABLE_SCHEMA='ST_HUTCHINSON_MATILLION'
Executing Snowflake query :: SELECT COLUMN_NAME FROM CURATED_DATAMART.INFORMATION_SCHEMA.COLUMNS WHERE TABLE_NAME='STR_TECHNICIANATTACHEDPROPERTY'and TABLE_SCHEMA='ST_BKP_HUTCHINSON'
Executing Snowflake query :: SELECT COLUMN_NAME FROM DEV_ENT_CURATED.INFORMATION_SCHEMA.COLUMNS WHERE TABLE_NAME='DIM_TECHNICIANATTACHEDPROPERTY'and TABLE_SCHEMA='MASTER_DIMENSIONS'
Column names for RAW Table --> TECHNICIANATTACHEDPROPERTY :: [NAME, OWNER_ID, VALUE]
Column names for DataMart Table --> STR_TECHNICIANATTACHEDPROPERTY :: [TENANT_TYPE, VALUE, RECORD_UPDATE_DATE, ACTIVE_FLAG, MASTER_ID, NAME, RECORD_CREATE_DATE, OWNER_ID]
Column names for Curated Table --> DIM_TECHNICIANATTACHEDPROPERTY :: [OWNER_ID, RECORD_CREATE_DATE, NAME, RECORD_UPDATE_DATE, TENANT_TYPE, VALUE]
Column Name found in Datamart and Curated Table :: NAME
Column Name found in Datamart and Curated Table :: OWNER_ID
Column Name found in Datamart and Curated Table :: VALUE
Datamart tables contains additional column name like [ACTIVE_FLAG, RECORD_CREATE_DATE, RECORD_UPDATE_DATE, RECORD_UPDATE_DATE, MASTER_ID, TENANT_TYPE]
Curated tables not contains additional column name like [RECORD_CREATE_DATE, RECORD_UPDATE_DATE, RECORD_UPDATED_BY, TENANT_TYPE]]]>
  </system-out>
  <testcase classname="testcases.RAW_DATAMART_CURATED.SnowFlake_ColumnValidation_Master" name="Testcase_ColumnValidation" time="2.078">
    <failure message="The following asserts failed:
	null" type="java.lang.AssertionError">
      <![CDATA[java.lang.AssertionError: The following asserts failed:
null
at org.testng.asserts.SoftAssert.assertAll(SoftAssert.java:47)
at org.testng.asserts.SoftAssert.assertAll(SoftAssert.java:31)
at testcases.RAW_DATAMART_CURATED.SnowFlake_ColumnValidation_Master.BKP_Tables_ColumnName_validation(SnowFlake_ColumnValidation_Master.java:231)
at testcases.RAW_DATAMART_CURATED.SnowFlake_ColumnValidation_Master.Testcase_ColumnValidation(SnowFlake_ColumnValidation_Master.java:240)
at jdk.internal.reflect.GeneratedMethodAccessor12.invoke(Unknown Source)
at java.base/jdk.internal.reflect.DelegatingMethodAccessorImpl.invoke(DelegatingMethodAccessorImpl.java:43)
at java.base/java.lang.reflect.Method.invoke(Method.java:568)
at org.testng.internal.MethodInvocationHelper.invokeMethod(MethodInvocationHelper.java:133)
at org.testng.internal.TestInvoker.invokeMethod(TestInvoker.java:598)
at org.testng.internal.TestInvoker.invokeTestMethod(TestInvoker.java:173)
at org.testng.internal.MethodRunner.runInSequence(MethodRunner.java:46)
at org.testng.internal.TestInvoker$MethodInvocationAgent.invoke(TestInvoker.java:824)
at org.testng.internal.TestInvoker.invokeTestMethods(TestInvoker.java:146)
at org.testng.internal.TestMethodWorker.invokeTestMethods(TestMethodWorker.java:146)
at org.testng.internal.TestMethodWorker.run(TestMethodWorker.java:128)
at java.base/java.util.ArrayList.forEach(ArrayList.java:1511)
at org.testng.TestRunner.privateRun(TestRunner.java:794)
at org.testng.TestRunner.run(TestRunner.java:596)
at org.testng.SuiteRunner.runTest(SuiteRunner.java:377)
at org.testng.SuiteRunner.runSequentially(SuiteRunner.java:371)
at org.testng.SuiteRunner.privateRun(SuiteRunner.java:332)
at org.testng.SuiteRunner.run(SuiteRunner.java:276)
at org.testng.SuiteRunnerWorker.runSuite(SuiteRunnerWorker.java:53)
at org.testng.SuiteRunnerWorker.run(SuiteRunnerWorker.java:96)
at org.testng.TestNG.runSuitesSequentially(TestNG.java:1212)
at org.testng.TestNG.runSuitesLocally(TestNG.java:1134)
at org.testng.TestNG.runSuites(TestNG.java:1063)
at org.testng.TestNG.run(TestNG.java:1031)
at org.testng.remote.AbstractRemoteTestNG.run(AbstractRemoteTestNG.java:115)
at org.testng.remote.RemoteTestNG.initAndRun(RemoteTestNG.java:251)
at org.testng.remote.RemoteTestNG.main(RemoteTestNG.java:77)
]]>
    </failure>
  </testcase> <!-- Testcase_ColumnValidation -->
  <system-out>
    <![CDATA[Executing Snowflake query :: SELECT COLUMN_NAME FROM DEV_ENT_RAW.INFORMATION_SCHEMA.COLUMNS WHERE TABLE_NAME='TECHNICIANATTACHEDPROPERTY'and TABLE_SCHEMA='ST_SNELLHEATINGAIR_MATILLION'
Executing Snowflake query :: SELECT COLUMN_NAME FROM CURATED_DATAMART.INFORMATION_SCHEMA.COLUMNS WHERE TABLE_NAME='STR_TECHNICIANATTACHEDPROPERTY'and TABLE_SCHEMA='ST_BKP_SNELLHEATINGAIR'
Executing Snowflake query :: SELECT COLUMN_NAME FROM DEV_ENT_CURATED.INFORMATION_SCHEMA.COLUMNS WHERE TABLE_NAME='DIM_TECHNICIANATTACHEDPROPERTY'and TABLE_SCHEMA='MASTER_DIMENSIONS'
Column names for RAW Table --> TECHNICIANATTACHEDPROPERTY :: [VALUE, NAME, OWNER_ID]
Column names for DataMart Table --> STR_TECHNICIANATTACHEDPROPERTY :: [TENANT_TYPE, MASTER_ID, ACTIVE_FLAG, NAME, RECORD_UPDATE_DATE, RECORD_CREATE_DATE, VALUE, OWNER_ID]
Column names for Curated Table --> DIM_TECHNICIANATTACHEDPROPERTY :: [OWNER_ID, RECORD_CREATE_DATE, NAME, RECORD_UPDATE_DATE, TENANT_TYPE, VALUE]
Column Name found in Datamart and Curated Table :: VALUE
Column Name found in Datamart and Curated Table :: NAME
Column Name found in Datamart and Curated Table :: OWNER_ID
Datamart tables contains additional column name like [ACTIVE_FLAG, RECORD_CREATE_DATE, RECORD_UPDATE_DATE, RECORD_UPDATE_DATE, MASTER_ID, TENANT_TYPE]
Curated tables not contains additional column name like [RECORD_CREATE_DATE, RECORD_UPDATE_DATE, RECORD_UPDATED_BY, TENANT_TYPE]]]>
  </system-out>
  <testcase classname="testcases.RAW_DATAMART_CURATED.SnowFlake_ColumnValidation_Master" name="Testcase_ColumnValidation" time="2.445">
    <failure message="The following asserts failed:
	null" type="java.lang.AssertionError">
      <![CDATA[java.lang.AssertionError: The following asserts failed:
null
at org.testng.asserts.SoftAssert.assertAll(SoftAssert.java:47)
at org.testng.asserts.SoftAssert.assertAll(SoftAssert.java:31)
at testcases.RAW_DATAMART_CURATED.SnowFlake_ColumnValidation_Master.BKP_Tables_ColumnName_validation(SnowFlake_ColumnValidation_Master.java:231)
at testcases.RAW_DATAMART_CURATED.SnowFlake_ColumnValidation_Master.Testcase_ColumnValidation(SnowFlake_ColumnValidation_Master.java:240)
at jdk.internal.reflect.GeneratedMethodAccessor12.invoke(Unknown Source)
at java.base/jdk.internal.reflect.DelegatingMethodAccessorImpl.invoke(DelegatingMethodAccessorImpl.java:43)
at java.base/java.lang.reflect.Method.invoke(Method.java:568)
at org.testng.internal.MethodInvocationHelper.invokeMethod(MethodInvocationHelper.java:133)
at org.testng.internal.TestInvoker.invokeMethod(TestInvoker.java:598)
at org.testng.internal.TestInvoker.invokeTestMethod(TestInvoker.java:173)
at org.testng.internal.MethodRunner.runInSequence(MethodRunner.java:46)
at org.testng.internal.TestInvoker$MethodInvocationAgent.invoke(TestInvoker.java:824)
at org.testng.internal.TestInvoker.invokeTestMethods(TestInvoker.java:146)
at org.testng.internal.TestMethodWorker.invokeTestMethods(TestMethodWorker.java:146)
at org.testng.internal.TestMethodWorker.run(TestMethodWorker.java:128)
at java.base/java.util.ArrayList.forEach(ArrayList.java:1511)
at org.testng.TestRunner.privateRun(TestRunner.java:794)
at org.testng.TestRunner.run(TestRunner.java:596)
at org.testng.SuiteRunner.runTest(SuiteRunner.java:377)
at org.testng.SuiteRunner.runSequentially(SuiteRunner.java:371)
at org.testng.SuiteRunner.privateRun(SuiteRunner.java:332)
at org.testng.SuiteRunner.run(SuiteRunner.java:276)
at org.testng.SuiteRunnerWorker.runSuite(SuiteRunnerWorker.java:53)
at org.testng.SuiteRunnerWorker.run(SuiteRunnerWorker.java:96)
at org.testng.TestNG.runSuitesSequentially(TestNG.java:1212)
at org.testng.TestNG.runSuitesLocally(TestNG.java:1134)
at org.testng.TestNG.runSuites(TestNG.java:1063)
at org.testng.TestNG.run(TestNG.java:1031)
at org.testng.remote.AbstractRemoteTestNG.run(AbstractRemoteTestNG.java:115)
at org.testng.remote.RemoteTestNG.initAndRun(RemoteTestNG.java:251)
at org.testng.remote.RemoteTestNG.main(RemoteTestNG.java:77)
]]>
    </failure>
  </testcase> <!-- Testcase_ColumnValidation -->
  <system-out>
    <![CDATA[Executing Snowflake query :: SELECT COLUMN_NAME FROM DEV_ENT_RAW.INFORMATION_SCHEMA.COLUMNS WHERE TABLE_NAME='PROJECT'and TABLE_SCHEMA='ST_CASTEEL_MATILLION'
Executing Snowflake query :: SELECT COLUMN_NAME FROM CURATED_DATAMART.INFORMATION_SCHEMA.COLUMNS WHERE TABLE_NAME='STR_PROJECT'and TABLE_SCHEMA='ST_BKP_CASTEEL'
Executing Snowflake query :: SELECT COLUMN_NAME FROM DEV_ENT_CURATED.INFORMATION_SCHEMA.COLUMNS WHERE TABLE_NAME='DIM_PROJECT'and TABLE_SCHEMA='MASTER_DIMENSIONS'
Column names for RAW Table --> PROJECT :: [AUTHORIZATIONSIGNATURE, MODIFIEDON, REVENUERECOGNITIONMETHOD, COMPLETEDON, COMPLETIONPERCENT, ID, ACTIVE, SUMMARY, CUSTOMER_ID, ACKNOWLEDGEMENTSIGNATURE, COMPLETEDONACTUAL, CONTRACTSTARTDATE, COSTTOCOMPLETE, ISRETAINAGEENABLED, PAYMENTTERM_ID, NAME, NUMBER, RETAINAGEPERCENT, PROJECTSETTINGSTYPE, AREITEMSREORDERED, CONTRACTESTIMATE_ID, CREATEDBY_ID, LOCATION_ID, IMPORTID, CREATEDON, CONTRACTFOR, ISPREVAILINGWAGE, STARTEDON, TECHNICIANSIGNATURE]
Column names for DataMart Table --> STR_PROJECT :: [CONTRACTFOR, ACTIVE, AREITEMSREORDERED, CONTRACTESTIMATE_ID, PROJECTSETTINGSTYPE, ID, STARTEDON, MODIFIEDON, RECORD_CREATE_DATE, TENANT_TYPE, TECHNICIANSIGNATURE, ACKNOWLEDGEMENTSIGNATURE, CREATEDBY_ID, CUSTOMER_ID, IMPORTID, COMPLETIONPERCENT, NAME, AUTHORIZATIONSIGNATURE, COMPLETEDONACTUAL, CREATEDON, ISRETAINAGEENABLED, NUMBER, SUMMARY, MASTER_ID, MD5_VALUE, ACTIVE_FLAG, RETAINAGEPERCENT, CONTRACTSTARTDATE, ISPREVAILINGWAGE, RECORD_UPDATE_DATE, REVENUERECOGNITIONMETHOD, PAYMENTTERM_ID, COMPLETEDON, LOCATION_ID]
Column names for Curated Table --> DIM_PROJECT :: [RECORD_UPDATE_DATE, ACTIVE, AUTHORIZATIONSIGNATURE, COMPLETEDON, RETAINAGEPERCENT, IMPORTID, CONTRACTFOR, CONTRACTSTARTDATE, ID, ISRETAINAGEENABLED, RECORD_CREATE_DATE, RECORD_UPDATED_BY, TENANT_TYPE, PROJECTSETTINGSTYPE, TECHNICIANSIGNATURE, ISPREVAILINGWAGE, MD5_VALUE, NAME, PAYMENTTERM_ID, COMPLETEDONACTUAL, CUSTOMER_ID, NUMBER, AREITEMSREORDERED, CREATEDON, LOCATION_ID, MODIFIEDON, STARTEDON, ACKNOWLEDGEMENTSIGNATURE, COMPLETIONPERCENT, CONTRACTESTIMATE_ID, SUMMARY, CREATEDBY_ID, REVENUERECOGNITIONMETHOD]
Column Name found in Datamart and Curated Table :: AUTHORIZATIONSIGNATURE
Column Name found in Datamart and Curated Table :: MODIFIEDON
Column Name found in Datamart and Curated Table :: REVENUERECOGNITIONMETHOD
Column Name found in Datamart and Curated Table :: COMPLETEDON
Column Name found in Datamart and Curated Table :: COMPLETIONPERCENT
Column Name found in Datamart and Curated Table :: ID
Column Name found in Datamart and Curated Table :: ACTIVE
Column Name found in Datamart and Curated Table :: SUMMARY
Column Name found in Datamart and Curated Table :: CUSTOMER_ID
Column Name found in Datamart and Curated Table :: ACKNOWLEDGEMENTSIGNATURE
Column Name found in Datamart and Curated Table :: COMPLETEDONACTUAL
Column Name found in Datamart and Curated Table :: CONTRACTSTARTDATE
Column Name not found in Datamart and Curated Table :: COSTTOCOMPLETE
Column Name found in Datamart and Curated Table :: ISRETAINAGEENABLED
Column Name found in Datamart and Curated Table :: PAYMENTTERM_ID
Column Name found in Datamart and Curated Table :: NAME
Column Name found in Datamart and Curated Table :: NUMBER
Column Name found in Datamart and Curated Table :: RETAINAGEPERCENT
Column Name found in Datamart and Curated Table :: PROJECTSETTINGSTYPE
Column Name found in Datamart and Curated Table :: AREITEMSREORDERED
Column Name found in Datamart and Curated Table :: CONTRACTESTIMATE_ID
Column Name found in Datamart and Curated Table :: CREATEDBY_ID
Column Name found in Datamart and Curated Table :: LOCATION_ID
Column Name found in Datamart and Curated Table :: IMPORTID
Column Name found in Datamart and Curated Table :: CREATEDON
Column Name found in Datamart and Curated Table :: CONTRACTFOR
Column Name found in Datamart and Curated Table :: ISPREVAILINGWAGE
Column Name found in Datamart and Curated Table :: STARTEDON
Column Name found in Datamart and Curated Table :: TECHNICIANSIGNATURE
Datamart tables contains additional column name like [ACTIVE_FLAG, RECORD_CREATE_DATE, RECORD_UPDATE_DATE, RECORD_UPDATE_DATE, MASTER_ID, TENANT_TYPE]
Curated tables contains additional column name like [RECORD_CREATE_DATE, RECORD_UPDATE_DATE, RECORD_UPDATED_BY, TENANT_TYPE]]]>
  </system-out>
  <testcase classname="testcases.RAW_DATAMART_CURATED.SnowFlake_ColumnValidation_Master" name="Testcase_ColumnValidation" time="2.144">
    <failure message="The following asserts failed:
	null" type="java.lang.AssertionError">
      <![CDATA[java.lang.AssertionError: The following asserts failed:
null
at org.testng.asserts.SoftAssert.assertAll(SoftAssert.java:47)
at org.testng.asserts.SoftAssert.assertAll(SoftAssert.java:31)
at testcases.RAW_DATAMART_CURATED.SnowFlake_ColumnValidation_Master.BKP_Tables_ColumnName_validation(SnowFlake_ColumnValidation_Master.java:231)
at testcases.RAW_DATAMART_CURATED.SnowFlake_ColumnValidation_Master.Testcase_ColumnValidation(SnowFlake_ColumnValidation_Master.java:240)
at jdk.internal.reflect.GeneratedMethodAccessor12.invoke(Unknown Source)
at java.base/jdk.internal.reflect.DelegatingMethodAccessorImpl.invoke(DelegatingMethodAccessorImpl.java:43)
at java.base/java.lang.reflect.Method.invoke(Method.java:568)
at org.testng.internal.MethodInvocationHelper.invokeMethod(MethodInvocationHelper.java:133)
at org.testng.internal.TestInvoker.invokeMethod(TestInvoker.java:598)
at org.testng.internal.TestInvoker.invokeTestMethod(TestInvoker.java:173)
at org.testng.internal.MethodRunner.runInSequence(MethodRunner.java:46)
at org.testng.internal.TestInvoker$MethodInvocationAgent.invoke(TestInvoker.java:824)
at org.testng.internal.TestInvoker.invokeTestMethods(TestInvoker.java:146)
at org.testng.internal.TestMethodWorker.invokeTestMethods(TestMethodWorker.java:146)
at org.testng.internal.TestMethodWorker.run(TestMethodWorker.java:128)
at java.base/java.util.ArrayList.forEach(ArrayList.java:1511)
at org.testng.TestRunner.privateRun(TestRunner.java:794)
at org.testng.TestRunner.run(TestRunner.java:596)
at org.testng.SuiteRunner.runTest(SuiteRunner.java:377)
at org.testng.SuiteRunner.runSequentially(SuiteRunner.java:371)
at org.testng.SuiteRunner.privateRun(SuiteRunner.java:332)
at org.testng.SuiteRunner.run(SuiteRunner.java:276)
at org.testng.SuiteRunnerWorker.runSuite(SuiteRunnerWorker.java:53)
at org.testng.SuiteRunnerWorker.run(SuiteRunnerWorker.java:96)
at org.testng.TestNG.runSuitesSequentially(TestNG.java:1212)
at org.testng.TestNG.runSuitesLocally(TestNG.java:1134)
at org.testng.TestNG.runSuites(TestNG.java:1063)
at org.testng.TestNG.run(TestNG.java:1031)
at org.testng.remote.AbstractRemoteTestNG.run(AbstractRemoteTestNG.java:115)
at org.testng.remote.RemoteTestNG.initAndRun(RemoteTestNG.java:251)
at org.testng.remote.RemoteTestNG.main(RemoteTestNG.java:77)
]]>
    </failure>
  </testcase> <!-- Testcase_ColumnValidation -->
  <system-out>
    <![CDATA[Executing Snowflake query :: SELECT COLUMN_NAME FROM DEV_ENT_RAW.INFORMATION_SCHEMA.COLUMNS WHERE TABLE_NAME='TECHNICIANPAYROLLADJUSTMENT'and TABLE_SCHEMA='ST_HDAIR_MATILLION'
Executing Snowflake query :: SELECT COLUMN_NAME FROM CURATED_DATAMART.INFORMATION_SCHEMA.COLUMNS WHERE TABLE_NAME='STR_TECHNICIANPAYROLLADJUSTMENT'and TABLE_SCHEMA='ST_BKP_HDAIR'
Executing Snowflake query :: SELECT COLUMN_NAME FROM DEV_ENT_CURATED.INFORMATION_SCHEMA.COLUMNS WHERE TABLE_NAME='DIM_TECHNICIANPAYROLLADJUSTMENT'and TABLE_SCHEMA='MASTER_DIMENSIONS'
Column names for RAW Table --> TECHNICIANPAYROLLADJUSTMENT :: []
Column names for DataMart Table --> STR_TECHNICIANPAYROLLADJUSTMENT :: [ACTIVE, BUSINESSUNIT_ID, CUSTOMER_ID, RECORD_CREATE_DATE, PAYROLL_ID, CODE_NAME, INVOICE_ID, JOBNUMBER, JOBLOCATION_ID, ACTIVE_FLAG, CODE_PAYROLLCODE, JOBLOCATIONNAME, POSTEDON, AMOUNT, ID, JOBLOCATIONZIP, PROJECT_ID, PAYROLLCODE_CODE, PROJECTNUMBER, BUSINESSUNITNAME, CREATEDBY_ID, CREATEDON, INVOICENUMBER, JOBLOCATIONADDRESS, MASTER_ID, RECORD_UPDATE_DATE, TAXZONE_ID, TENANT_TYPE, CODE_ORIGINALCODE, CUSTOMERNAME, IMPORTID, PERSISTENCETYPE, HOURS, RATE, TAXZONENAME, TECHNICIAN_ID, PAYROLLCODE_NAME, TYPE, ISPREVAILINGWAGEJOB, JOB_ID, MEMO, PAYROLLADJUSTMENT_ID, QUANTITY, ZONENAME, PAYROLLCODE_ORIGINALCODE, ZONE_ID, REPLACESBONUSAMOUNT, ISOTCHARGE]
Column names for Curated Table --> DIM_TECHNICIANPAYROLLADJUSTMENT :: [BUSINESSUNIT_ID, CREATEDON, CUSTOMER_ID, ISOTCHARGE, ISPREVAILINGWAGEJOB, JOBLOCATION_ID, TYPE, PAYROLLCODE_CODE, BUSINESSUNITNAME, INVOICENUMBER, PROJECTNUMBER, TECHNICIAN_ID, PAYROLLCODE_ORIGINALCODE, AMOUNT, HOURS, JOBNUMBER, QUANTITY, TENANT_TYPE, INVOICE_ID, JOBLOCATIONZIP, JOB_ID, JOBLOCATIONNAME, PERSISTENCETYPE, CODE_ORIGINALCODE, PAYROLL_ID, CODE_NAME, ZONE_ID, RECORD_UPDATE_DATE, CODE_PAYROLLCODE, CREATEDBY_ID, POSTEDON, PAYROLLADJUSTMENT_ID, ID, PROJECT_ID, TAXZONE_ID, ACTIVE, CUSTOMERNAME, PAYROLLCODE_NAME, RECORD_CREATE_DATE, REPLACESBONUSAMOUNT, TAXZONENAME, IMPORTID, JOBLOCATIONADDRESS, MEMO, RATE, ZONENAME]
Datamart tables contains additional column name like [ACTIVE_FLAG, RECORD_CREATE_DATE, RECORD_UPDATE_DATE, RECORD_UPDATE_DATE, MASTER_ID, TENANT_TYPE]
Curated tables not contains additional column name like [RECORD_CREATE_DATE, RECORD_UPDATE_DATE, RECORD_UPDATED_BY, TENANT_TYPE]]]>
  </system-out>
  <testcase classname="testcases.RAW_DATAMART_CURATED.SnowFlake_ColumnValidation_Master" name="Testcase_ColumnValidation" time="2.253">
    <failure message="The following asserts failed:
	null,
	null" type="java.lang.AssertionError">
      <![CDATA[java.lang.AssertionError: The following asserts failed:
null,
null
at org.testng.asserts.SoftAssert.assertAll(SoftAssert.java:47)
at org.testng.asserts.SoftAssert.assertAll(SoftAssert.java:31)
at testcases.RAW_DATAMART_CURATED.SnowFlake_ColumnValidation_Master.API_Tables_ColumnName_validation(SnowFlake_ColumnValidation_Master.java:130)
at testcases.RAW_DATAMART_CURATED.SnowFlake_ColumnValidation_Master.Testcase_ColumnValidation(SnowFlake_ColumnValidation_Master.java:243)
at jdk.internal.reflect.GeneratedMethodAccessor12.invoke(Unknown Source)
at java.base/jdk.internal.reflect.DelegatingMethodAccessorImpl.invoke(DelegatingMethodAccessorImpl.java:43)
at java.base/java.lang.reflect.Method.invoke(Method.java:568)
at org.testng.internal.MethodInvocationHelper.invokeMethod(MethodInvocationHelper.java:133)
at org.testng.internal.TestInvoker.invokeMethod(TestInvoker.java:598)
at org.testng.internal.TestInvoker.invokeTestMethod(TestInvoker.java:173)
at org.testng.internal.MethodRunner.runInSequence(MethodRunner.java:46)
at org.testng.internal.TestInvoker$MethodInvocationAgent.invoke(TestInvoker.java:824)
at org.testng.internal.TestInvoker.invokeTestMethods(TestInvoker.java:146)
at org.testng.internal.TestMethodWorker.invokeTestMethods(TestMethodWorker.java:146)
at org.testng.internal.TestMethodWorker.run(TestMethodWorker.java:128)
at java.base/java.util.ArrayList.forEach(ArrayList.java:1511)
at org.testng.TestRunner.privateRun(TestRunner.java:794)
at org.testng.TestRunner.run(TestRunner.java:596)
at org.testng.SuiteRunner.runTest(SuiteRunner.java:377)
at org.testng.SuiteRunner.runSequentially(SuiteRunner.java:371)
at org.testng.SuiteRunner.privateRun(SuiteRunner.java:332)
at org.testng.SuiteRunner.run(SuiteRunner.java:276)
at org.testng.SuiteRunnerWorker.runSuite(SuiteRunnerWorker.java:53)
at org.testng.SuiteRunnerWorker.run(SuiteRunnerWorker.java:96)
at org.testng.TestNG.runSuitesSequentially(TestNG.java:1212)
at org.testng.TestNG.runSuitesLocally(TestNG.java:1134)
at org.testng.TestNG.runSuites(TestNG.java:1063)
at org.testng.TestNG.run(TestNG.java:1031)
at org.testng.remote.AbstractRemoteTestNG.run(AbstractRemoteTestNG.java:115)
at org.testng.remote.RemoteTestNG.initAndRun(RemoteTestNG.java:251)
at org.testng.remote.RemoteTestNG.main(RemoteTestNG.java:77)
]]>
    </failure>
  </testcase> <!-- Testcase_ColumnValidation -->
  <system-out>
    <![CDATA[Executing Snowflake query :: SELECT COLUMN_NAME FROM DEV_ENT_RAW.INFORMATION_SCHEMA.COLUMNS WHERE TABLE_NAME='ST_API_PROJECT'and TABLE_SCHEMA='API_MAT'
Executing Snowflake query :: SELECT COLUMN_NAME FROM CURATED_DATAMART.INFORMATION_SCHEMA.COLUMNS WHERE TABLE_NAME='STR_API_PROJECT'and TABLE_SCHEMA='ST_API_BILLFENWICK'
Executing Snowflake query :: SELECT COLUMN_NAME FROM DEV_ENT_CURATED.INFORMATION_SCHEMA.COLUMNS WHERE TABLE_NAME='DIM_PROJECT'and TABLE_SCHEMA='MASTER_DIMENSIONS'
Column names for RAW Table --> ST_API_PROJECT :: [ACTIVE, AREITEMSREORDERED, CUSTOMER_ID, NAME, NUMBER, PROJECTSETTINGSTYPE, TECHNICIANSIGNATURE, SUMMARY, MODIFIEDON, ACKNOWLEDGEMENTSIGNATURE, COMPLETEDON, COMPLETIONPERCENT, COSTTOCOMPLETE, CREATEDBY_ID, CREATEDON, IMPORTID, COMPLETEDONACTUAL, ID, CONTRACTESTIMATE_ID, AUTHORIZATIONSIGNATURE, CONTRACTSTARTDATE, STARTEDON, CONTRACTFOR, ISRETAINAGEENABLED, ISPREVAILINGWAGE, LOCATION_ID, PAYMENTTERM_ID, RETAINAGEPERCENT, REVENUERECOGNITIONMETHOD, TENANT_TYPE]
Column names for DataMart Table --> STR_API_PROJECT :: [AUTHORIZATIONSIGNATURE, ID, NUMBER, CONTRACTSTARTDATE, COMPLETEDON, CONTRACTFOR, CREATEDON, STARTEDON, COMPLETEDONACTUAL, LOCATION_ID, RECORD_UPDATE_DATE, ISRETAINAGEENABLED, TECHNICIANSIGNATURE, IMPORTID, RETAINAGEPERCENT, ACKNOWLEDGEMENTSIGNATURE, ACTIVE_FLAG, MODIFIEDON, PROJECTSETTINGSTYPE, SUMMARY, TENANT_TYPE, ACTIVE, AREITEMSREORDERED, CONTRACTESTIMATE_ID, CREATEDBY_ID, CUSTOMER_ID, ISPREVAILINGWAGE, MASTER_ID, MD5_VALUE, NAME, COMPLETIONPERCENT, RECORD_CREATE_DATE, PAYMENTTERM_ID]
Column names for Curated Table --> DIM_PROJECT :: [RECORD_UPDATE_DATE, ACTIVE, AUTHORIZATIONSIGNATURE, COMPLETEDON, RETAINAGEPERCENT, IMPORTID, CONTRACTFOR, CONTRACTSTARTDATE, ID, ISRETAINAGEENABLED, RECORD_CREATE_DATE, RECORD_UPDATED_BY, TENANT_TYPE, PROJECTSETTINGSTYPE, TECHNICIANSIGNATURE, ISPREVAILINGWAGE, MD5_VALUE, NAME, PAYMENTTERM_ID, COMPLETEDONACTUAL, CUSTOMER_ID, NUMBER, AREITEMSREORDERED, CREATEDON, LOCATION_ID, MODIFIEDON, STARTEDON, ACKNOWLEDGEMENTSIGNATURE, COMPLETIONPERCENT, CONTRACTESTIMATE_ID, SUMMARY, CREATEDBY_ID, REVENUERECOGNITIONMETHOD]
Column Name found in Datamart and Curated Table :: ACTIVE
Column Name found in Datamart and Curated Table :: AREITEMSREORDERED
Column Name found in Datamart and Curated Table :: CUSTOMER_ID
Column Name found in Datamart and Curated Table :: NAME
Column Name found in Datamart and Curated Table :: NUMBER
Column Name found in Datamart and Curated Table :: PROJECTSETTINGSTYPE
Column Name found in Datamart and Curated Table :: TECHNICIANSIGNATURE
Column Name found in Datamart and Curated Table :: SUMMARY
Column Name found in Datamart and Curated Table :: MODIFIEDON
Column Name found in Datamart and Curated Table :: ACKNOWLEDGEMENTSIGNATURE
Column Name found in Datamart and Curated Table :: COMPLETEDON
Column Name found in Datamart and Curated Table :: COMPLETIONPERCENT
Column Name not found in Datamart and Curated Table :: COSTTOCOMPLETE
Column Name found in Datamart and Curated Table :: CREATEDBY_ID
Column Name found in Datamart and Curated Table :: CREATEDON
Column Name found in Datamart and Curated Table :: IMPORTID
Column Name found in Datamart and Curated Table :: COMPLETEDONACTUAL
Column Name found in Datamart and Curated Table :: ID
Column Name found in Datamart and Curated Table :: CONTRACTESTIMATE_ID
Column Name found in Datamart and Curated Table :: AUTHORIZATIONSIGNATURE
Column Name found in Datamart and Curated Table :: CONTRACTSTARTDATE
Column Name found in Datamart and Curated Table :: STARTEDON
Column Name found in Datamart and Curated Table :: CONTRACTFOR
Column Name found in Datamart and Curated Table :: ISRETAINAGEENABLED
Column Name found in Datamart and Curated Table :: ISPREVAILINGWAGE
Column Name found in Datamart and Curated Table :: LOCATION_ID
Column Name found in Datamart and Curated Table :: PAYMENTTERM_ID
Column Name found in Datamart and Curated Table :: RETAINAGEPERCENT
Column Name not found in Datamart and Curated Table :: REVENUERECOGNITIONMETHOD
Column Name found in Datamart and Curated Table :: TENANT_TYPE
Datamart tables contains additional column name like [ACTIVE_FLAG, RECORD_CREATE_DATE, RECORD_UPDATE_DATE, MASTER_ID]
Curated tables contains additional column name like [RECORD_CREATE_DATE, RECORD_UPDATE_DATE, RECORD_UPDATED_BY]]]>
  </system-out>
  <testcase classname="testcases.RAW_DATAMART_CURATED.SnowFlake_ColumnValidation_Master" name="Testcase_ColumnValidation" time="4.298">
    <failure message="The following asserts failed:
	null" type="java.lang.AssertionError">
      <![CDATA[java.lang.AssertionError: The following asserts failed:
null
at org.testng.asserts.SoftAssert.assertAll(SoftAssert.java:47)
at org.testng.asserts.SoftAssert.assertAll(SoftAssert.java:31)
at testcases.RAW_DATAMART_CURATED.SnowFlake_ColumnValidation_Master.BKP_Tables_ColumnName_validation(SnowFlake_ColumnValidation_Master.java:231)
at testcases.RAW_DATAMART_CURATED.SnowFlake_ColumnValidation_Master.Testcase_ColumnValidation(SnowFlake_ColumnValidation_Master.java:240)
at jdk.internal.reflect.GeneratedMethodAccessor12.invoke(Unknown Source)
at java.base/jdk.internal.reflect.DelegatingMethodAccessorImpl.invoke(DelegatingMethodAccessorImpl.java:43)
at java.base/java.lang.reflect.Method.invoke(Method.java:568)
at org.testng.internal.MethodInvocationHelper.invokeMethod(MethodInvocationHelper.java:133)
at org.testng.internal.TestInvoker.invokeMethod(TestInvoker.java:598)
at org.testng.internal.TestInvoker.invokeTestMethod(TestInvoker.java:173)
at org.testng.internal.MethodRunner.runInSequence(MethodRunner.java:46)
at org.testng.internal.TestInvoker$MethodInvocationAgent.invoke(TestInvoker.java:824)
at org.testng.internal.TestInvoker.invokeTestMethods(TestInvoker.java:146)
at org.testng.internal.TestMethodWorker.invokeTestMethods(TestMethodWorker.java:146)
at org.testng.internal.TestMethodWorker.run(TestMethodWorker.java:128)
at java.base/java.util.ArrayList.forEach(ArrayList.java:1511)
at org.testng.TestRunner.privateRun(TestRunner.java:794)
at org.testng.TestRunner.run(TestRunner.java:596)
at org.testng.SuiteRunner.runTest(SuiteRunner.java:377)
at org.testng.SuiteRunner.runSequentially(SuiteRunner.java:371)
at org.testng.SuiteRunner.privateRun(SuiteRunner.java:332)
at org.testng.SuiteRunner.run(SuiteRunner.java:276)
at org.testng.SuiteRunnerWorker.runSuite(SuiteRunnerWorker.java:53)
at org.testng.SuiteRunnerWorker.run(SuiteRunnerWorker.java:96)
at org.testng.TestNG.runSuitesSequentially(TestNG.java:1212)
at org.testng.TestNG.runSuitesLocally(TestNG.java:1134)
at org.testng.TestNG.runSuites(TestNG.java:1063)
at org.testng.TestNG.run(TestNG.java:1031)
at org.testng.remote.AbstractRemoteTestNG.run(AbstractRemoteTestNG.java:115)
at org.testng.remote.RemoteTestNG.initAndRun(RemoteTestNG.java:251)
at org.testng.remote.RemoteTestNG.main(RemoteTestNG.java:77)
]]>
    </failure>
  </testcase> <!-- Testcase_ColumnValidation -->
  <system-out>
    <![CDATA[Executing Snowflake query :: SELECT COLUMN_NAME FROM DEV_ENT_RAW.INFORMATION_SCHEMA.COLUMNS WHERE TABLE_NAME='TECHNICIANATTACHEDPROPERTY'and TABLE_SCHEMA='ST_HORIZONSERVICES_MATILLION'
Executing Snowflake query :: SELECT COLUMN_NAME FROM CURATED_DATAMART.INFORMATION_SCHEMA.COLUMNS WHERE TABLE_NAME='STR_TECHNICIANATTACHEDPROPERTY'and TABLE_SCHEMA='ST_BKP_HORIZONSERVICES'
Executing Snowflake query :: SELECT COLUMN_NAME FROM DEV_ENT_CURATED.INFORMATION_SCHEMA.COLUMNS WHERE TABLE_NAME='DIM_TECHNICIANATTACHEDPROPERTY'and TABLE_SCHEMA='MASTER_DIMENSIONS'
Column names for RAW Table --> TECHNICIANATTACHEDPROPERTY :: [NAME, VALUE, OWNER_ID]
Column names for DataMart Table --> STR_TECHNICIANATTACHEDPROPERTY :: [OWNER_ID, RECORD_CREATE_DATE, VALUE, MASTER_ID, NAME, ACTIVE_FLAG, RECORD_UPDATE_DATE, TENANT_TYPE]
Column names for Curated Table --> DIM_TECHNICIANATTACHEDPROPERTY :: [OWNER_ID, RECORD_CREATE_DATE, NAME, RECORD_UPDATE_DATE, TENANT_TYPE, VALUE]
Column Name found in Datamart and Curated Table :: NAME
Column Name found in Datamart and Curated Table :: VALUE
Column Name found in Datamart and Curated Table :: OWNER_ID
Datamart tables contains additional column name like [ACTIVE_FLAG, RECORD_CREATE_DATE, RECORD_UPDATE_DATE, RECORD_UPDATE_DATE, MASTER_ID, TENANT_TYPE]
Curated tables not contains additional column name like [RECORD_CREATE_DATE, RECORD_UPDATE_DATE, RECORD_UPDATED_BY, TENANT_TYPE]]]>
  </system-out>
  <testcase classname="testcases.RAW_DATAMART_CURATED.SnowFlake_ColumnValidation_Master" name="Testcase_ColumnValidation" time="3.187">
    <failure message="The following asserts failed:
	null" type="java.lang.AssertionError">
      <![CDATA[java.lang.AssertionError: The following asserts failed:
null
at org.testng.asserts.SoftAssert.assertAll(SoftAssert.java:47)
at org.testng.asserts.SoftAssert.assertAll(SoftAssert.java:31)
at testcases.RAW_DATAMART_CURATED.SnowFlake_ColumnValidation_Master.BKP_Tables_ColumnName_validation(SnowFlake_ColumnValidation_Master.java:231)
at testcases.RAW_DATAMART_CURATED.SnowFlake_ColumnValidation_Master.Testcase_ColumnValidation(SnowFlake_ColumnValidation_Master.java:240)
at java.base/jdk.internal.reflect.NativeMethodAccessorImpl.invoke0(Native Method)
at java.base/jdk.internal.reflect.NativeMethodAccessorImpl.invoke(NativeMethodAccessorImpl.java:77)
at java.base/jdk.internal.reflect.DelegatingMethodAccessorImpl.invoke(DelegatingMethodAccessorImpl.java:43)
at java.base/java.lang.reflect.Method.invoke(Method.java:568)
at org.testng.internal.MethodInvocationHelper.invokeMethod(MethodInvocationHelper.java:133)
at org.testng.internal.TestInvoker.invokeMethod(TestInvoker.java:598)
at org.testng.internal.TestInvoker.invokeTestMethod(TestInvoker.java:173)
at org.testng.internal.MethodRunner.runInSequence(MethodRunner.java:46)
at org.testng.internal.TestInvoker$MethodInvocationAgent.invoke(TestInvoker.java:824)
at org.testng.internal.TestInvoker.invokeTestMethods(TestInvoker.java:146)
at org.testng.internal.TestMethodWorker.invokeTestMethods(TestMethodWorker.java:146)
at org.testng.internal.TestMethodWorker.run(TestMethodWorker.java:128)
at java.base/java.util.ArrayList.forEach(ArrayList.java:1511)
at org.testng.TestRunner.privateRun(TestRunner.java:794)
at org.testng.TestRunner.run(TestRunner.java:596)
at org.testng.SuiteRunner.runTest(SuiteRunner.java:377)
at org.testng.SuiteRunner.runSequentially(SuiteRunner.java:371)
at org.testng.SuiteRunner.privateRun(SuiteRunner.java:332)
at org.testng.SuiteRunner.run(SuiteRunner.java:276)
at org.testng.SuiteRunnerWorker.runSuite(SuiteRunnerWorker.java:53)
at org.testng.SuiteRunnerWorker.run(SuiteRunnerWorker.java:96)
at org.testng.TestNG.runSuitesSequentially(TestNG.java:1212)
at org.testng.TestNG.runSuitesLocally(TestNG.java:1134)
at org.testng.TestNG.runSuites(TestNG.java:1063)
at org.testng.TestNG.run(TestNG.java:1031)
at org.testng.remote.AbstractRemoteTestNG.run(AbstractRemoteTestNG.java:115)
at org.testng.remote.RemoteTestNG.initAndRun(RemoteTestNG.java:251)
at org.testng.remote.RemoteTestNG.main(RemoteTestNG.java:77)
]]>
    </failure>
  </testcase> <!-- Testcase_ColumnValidation -->
  <system-out>
    <![CDATA[Executing Snowflake query :: SELECT COLUMN_NAME FROM DEV_ENT_RAW.INFORMATION_SCHEMA.COLUMNS WHERE TABLE_NAME='TECHNICIANPAYROLLADJUSTMENT'and TABLE_SCHEMA='ST_BILLFENWICK_MATILLION'
Executing Snowflake query :: SELECT COLUMN_NAME FROM CURATED_DATAMART.INFORMATION_SCHEMA.COLUMNS WHERE TABLE_NAME='STR_TECHNICIANPAYROLLADJUSTMENT'and TABLE_SCHEMA='ST_BKP_BILLFENWICK'
Executing Snowflake query :: SELECT COLUMN_NAME FROM DEV_ENT_CURATED.INFORMATION_SCHEMA.COLUMNS WHERE TABLE_NAME='DIM_TECHNICIANPAYROLLADJUSTMENT'and TABLE_SCHEMA='MASTER_DIMENSIONS'
Column names for RAW Table --> TECHNICIANPAYROLLADJUSTMENT :: [BUSINESSUNIT_ID, CREATEDON, CUSTOMERNAME, JOBLOCATIONADDRESS, CODE_PAYROLLCODE, JOBLOCATIONNAME, PAYROLL_ID, PAYROLLCODE_CODE, PERSISTENCETYPE, PROJECT_ID, RATE, TYPE, INVOICE_ID, CUSTOMER_ID, ID, IMPORTID, ISOTCHARGE, JOBLOCATION_ID, MEMO, PAYROLLCODE_NAME, PAYROLLCODE_ORIGINALCODE, POSTEDON, TAXZONE_ID, CREATEDBY_ID, PAYROLLADJUSTMENT_ID, ZONENAME, PROJECTNUMBER, ISPREVAILINGWAGEJOB, ACTIVE, AMOUNT, CODE_ORIGINALCODE, BUSINESSUNITNAME, CODE_NAME, JOB_ID, JOBLOCATIONZIP, JOBNUMBER, QUANTITY, ZONE_ID, REPLACESBONUSAMOUNT, HOURS, INVOICENUMBER, TAXZONENAME, TECHNICIAN_ID]
Column names for DataMart Table --> STR_TECHNICIANPAYROLLADJUSTMENT :: [CODE_NAME, CUSTOMER_ID, IMPORTID, CODE_ORIGINALCODE, CODE_PAYROLLCODE, REPLACESBONUSAMOUNT, ACTIVE, JOB_ID, PAYROLLCODE_ORIGINALCODE, PERSISTENCETYPE, PROJECTNUMBER, CREATEDON, INVOICENUMBER, PAYROLLCODE_NAME, RECORD_CREATE_DATE, ACTIVE_FLAG, BUSINESSUNITNAME, HOURS, ISOTCHARGE, TECHNICIAN_ID, RECORD_UPDATE_DATE, BUSINESSUNIT_ID, CREATEDBY_ID, CUSTOMERNAME, INVOICE_ID, MASTER_ID, PAYROLLADJUSTMENT_ID, PAYROLLCODE_CODE, ID, JOBLOCATION_ID, POSTEDON, TAXZONE_ID, AMOUNT, JOBLOCATIONADDRESS, JOBLOCATIONZIP, TENANT_TYPE, TAXZONENAME, TYPE, ISPREVAILINGWAGEJOB, JOBNUMBER, MEMO, PROJECT_ID, JOBLOCATIONNAME, PAYROLL_ID, ZONE_ID, RATE, ZONENAME, QUANTITY]
Column names for Curated Table --> DIM_TECHNICIANPAYROLLADJUSTMENT :: [BUSINESSUNIT_ID, CREATEDON, CUSTOMER_ID, ISOTCHARGE, ISPREVAILINGWAGEJOB, JOBLOCATION_ID, TYPE, PAYROLLCODE_CODE, BUSINESSUNITNAME, INVOICENUMBER, PROJECTNUMBER, TECHNICIAN_ID, PAYROLLCODE_ORIGINALCODE, AMOUNT, HOURS, JOBNUMBER, QUANTITY, TENANT_TYPE, INVOICE_ID, JOBLOCATIONZIP, JOB_ID, JOBLOCATIONNAME, PERSISTENCETYPE, CODE_ORIGINALCODE, PAYROLL_ID, CODE_NAME, ZONE_ID, RECORD_UPDATE_DATE, CODE_PAYROLLCODE, CREATEDBY_ID, POSTEDON, PAYROLLADJUSTMENT_ID, ID, PROJECT_ID, TAXZONE_ID, ACTIVE, CUSTOMERNAME, PAYROLLCODE_NAME, RECORD_CREATE_DATE, REPLACESBONUSAMOUNT, TAXZONENAME, IMPORTID, JOBLOCATIONADDRESS, MEMO, RATE, ZONENAME]
Column Name found in Datamart and Curated Table :: BUSINESSUNIT_ID
Column Name found in Datamart and Curated Table :: CREATEDON
Column Name found in Datamart and Curated Table :: CUSTOMERNAME
Column Name found in Datamart and Curated Table :: JOBLOCATIONADDRESS
Column Name found in Datamart and Curated Table :: CODE_PAYROLLCODE
Column Name found in Datamart and Curated Table :: JOBLOCATIONNAME
Column Name found in Datamart and Curated Table :: PAYROLL_ID
Column Name found in Datamart and Curated Table :: PAYROLLCODE_CODE
Column Name found in Datamart and Curated Table :: PERSISTENCETYPE
Column Name found in Datamart and Curated Table :: PROJECT_ID
Column Name found in Datamart and Curated Table :: RATE
Column Name found in Datamart and Curated Table :: TYPE
Column Name found in Datamart and Curated Table :: INVOICE_ID
Column Name found in Datamart and Curated Table :: CUSTOMER_ID
Column Name found in Datamart and Curated Table :: ID
Column Name found in Datamart and Curated Table :: IMPORTID
Column Name found in Datamart and Curated Table :: ISOTCHARGE
Column Name found in Datamart and Curated Table :: JOBLOCATION_ID
Column Name found in Datamart and Curated Table :: MEMO
Column Name found in Datamart and Curated Table :: PAYROLLCODE_NAME
Column Name found in Datamart and Curated Table :: PAYROLLCODE_ORIGINALCODE
Column Name found in Datamart and Curated Table :: POSTEDON
Column Name found in Datamart and Curated Table :: TAXZONE_ID
Column Name found in Datamart and Curated Table :: CREATEDBY_ID
Column Name found in Datamart and Curated Table :: PAYROLLADJUSTMENT_ID
Column Name found in Datamart and Curated Table :: ZONENAME
Column Name found in Datamart and Curated Table :: PROJECTNUMBER
Column Name found in Datamart and Curated Table :: ISPREVAILINGWAGEJOB
Column Name found in Datamart and Curated Table :: ACTIVE
Column Name found in Datamart and Curated Table :: AMOUNT
Column Name found in Datamart and Curated Table :: CODE_ORIGINALCODE
Column Name found in Datamart and Curated Table :: BUSINESSUNITNAME
Column Name found in Datamart and Curated Table :: CODE_NAME
Column Name found in Datamart and Curated Table :: JOB_ID
Column Name found in Datamart and Curated Table :: JOBLOCATIONZIP
Column Name found in Datamart and Curated Table :: JOBNUMBER
Column Name found in Datamart and Curated Table :: QUANTITY
Column Name found in Datamart and Curated Table :: ZONE_ID
Column Name found in Datamart and Curated Table :: REPLACESBONUSAMOUNT
Column Name found in Datamart and Curated Table :: HOURS
Column Name found in Datamart and Curated Table :: INVOICENUMBER
Column Name found in Datamart and Curated Table :: TAXZONENAME
Column Name found in Datamart and Curated Table :: TECHNICIAN_ID
Datamart tables contains additional column name like [ACTIVE_FLAG, RECORD_CREATE_DATE, RECORD_UPDATE_DATE, RECORD_UPDATE_DATE, MASTER_ID, TENANT_TYPE]
Curated tables not contains additional column name like [RECORD_CREATE_DATE, RECORD_UPDATE_DATE, RECORD_UPDATED_BY, TENANT_TYPE]]]>
  </system-out>
  <testcase classname="testcases.RAW_DATAMART_CURATED.SnowFlake_ColumnValidation_Master" name="Testcase_ColumnValidation" time="2.241">
    <failure message="The following asserts failed:
	null" type="java.lang.AssertionError">
      <![CDATA[java.lang.AssertionError: The following asserts failed:
null
at org.testng.asserts.SoftAssert.assertAll(SoftAssert.java:47)
at org.testng.asserts.SoftAssert.assertAll(SoftAssert.java:31)
at testcases.RAW_DATAMART_CURATED.SnowFlake_ColumnValidation_Master.BKP_Tables_ColumnName_validation(SnowFlake_ColumnValidation_Master.java:231)
at testcases.RAW_DATAMART_CURATED.SnowFlake_ColumnValidation_Master.Testcase_ColumnValidation(SnowFlake_ColumnValidation_Master.java:240)
at jdk.internal.reflect.GeneratedMethodAccessor12.invoke(Unknown Source)
at java.base/jdk.internal.reflect.DelegatingMethodAccessorImpl.invoke(DelegatingMethodAccessorImpl.java:43)
at java.base/java.lang.reflect.Method.invoke(Method.java:568)
at org.testng.internal.MethodInvocationHelper.invokeMethod(MethodInvocationHelper.java:133)
at org.testng.internal.TestInvoker.invokeMethod(TestInvoker.java:598)
at org.testng.internal.TestInvoker.invokeTestMethod(TestInvoker.java:173)
at org.testng.internal.MethodRunner.runInSequence(MethodRunner.java:46)
at org.testng.internal.TestInvoker$MethodInvocationAgent.invoke(TestInvoker.java:824)
at org.testng.internal.TestInvoker.invokeTestMethods(TestInvoker.java:146)
at org.testng.internal.TestMethodWorker.invokeTestMethods(TestMethodWorker.java:146)
at org.testng.internal.TestMethodWorker.run(TestMethodWorker.java:128)
at java.base/java.util.ArrayList.forEach(ArrayList.java:1511)
at org.testng.TestRunner.privateRun(TestRunner.java:794)
at org.testng.TestRunner.run(TestRunner.java:596)
at org.testng.SuiteRunner.runTest(SuiteRunner.java:377)
at org.testng.SuiteRunner.runSequentially(SuiteRunner.java:371)
at org.testng.SuiteRunner.privateRun(SuiteRunner.java:332)
at org.testng.SuiteRunner.run(SuiteRunner.java:276)
at org.testng.SuiteRunnerWorker.runSuite(SuiteRunnerWorker.java:53)
at org.testng.SuiteRunnerWorker.run(SuiteRunnerWorker.java:96)
at org.testng.TestNG.runSuitesSequentially(TestNG.java:1212)
at org.testng.TestNG.runSuitesLocally(TestNG.java:1134)
at org.testng.TestNG.runSuites(TestNG.java:1063)
at org.testng.TestNG.run(TestNG.java:1031)
at org.testng.remote.AbstractRemoteTestNG.run(AbstractRemoteTestNG.java:115)
at org.testng.remote.RemoteTestNG.initAndRun(RemoteTestNG.java:251)
at org.testng.remote.RemoteTestNG.main(RemoteTestNG.java:77)
]]>
    </failure>
  </testcase> <!-- Testcase_ColumnValidation -->
  <system-out>
    <![CDATA[Executing Snowflake query :: SELECT COLUMN_NAME FROM DEV_ENT_RAW.INFORMATION_SCHEMA.COLUMNS WHERE TABLE_NAME='TECHNICIANPAYROLL'and TABLE_SCHEMA='ST_HDAIR_MATILLION'
Executing Snowflake query :: SELECT COLUMN_NAME FROM CURATED_DATAMART.INFORMATION_SCHEMA.COLUMNS WHERE TABLE_NAME='STR_TECHNICIANPAYROLL'and TABLE_SCHEMA='ST_BKP_HDAIR'
Executing Snowflake query :: SELECT COLUMN_NAME FROM DEV_ENT_CURATED.INFORMATION_SCHEMA.COLUMNS WHERE TABLE_NAME='DIM_TECHNICIANPAYROLL'and TABLE_SCHEMA='MASTER_DIMENSIONS'
Column names for RAW Table --> TECHNICIANPAYROLL :: []
Column names for DataMart Table --> STR_TECHNICIANPAYROLL :: [LASTTIMETIMESHEETSGROSSPAYITEMSGENERATED, SCHEDULEDCREWSPLITCOMMISSIONRATE, BUSINESSUNITPAYROLLIDLETIMEOVERTIMEPAYCODE_CODE, PAYROLLREVIEWSTATE_MANAGERUPDATEDON, TECHNICIANCOMMISSIONRATE, USECUSTOMIDLETIMERULES, TECHNICIANPAYROLLSTARTPERIOD, ACTIVE, ADDONCREWSPLITCOMMISSIONRATE, ADDONMULTITECHCOMMISSIONRATE, ADDONSOLOCOMMISSIONRATE, ATLASBUTLERTECHNICIANROLE, BUSINESSUNITPAYROLLIDLETIMEOTPAYCODE, BUSINESSUNITPAYROLLIDLETIMESTANDARDPAYCODE_NAME, BUSINESSUNITPAYROLLIDLETIMESTPAYCODE, PAYROLLREVIEWSTATE_TECHNICIANUPDATEDON, RECORD_UPDATE_DATE, FROM, HASCALCULATEDGROSSPAYITEMS, ISQUEUEDFORFORCEDCOMMISSIONRECALC, PAYROLLUSECOMMISSIONBASETODETECTRANGEBONUS, PAYROLLUSENSVASSOLDBYBASE, SCHEDULEDSOLOCOMMISSIONRATE, TECHNICIANPAYTYPE, TECHNICIANSOLDBYRATE, TECHNICIANOVERTIMEMODE, TURNOVERMINIMUMTHRESHOLD, DEDUCTCOSTSFROMSOLDBYCREDIT, TECHNICIAN_ID, ROUNDSOLDHOURSTOTWODECIMALPLACES, SHOWPAYROLLPERSISTENCEFIELDSANDREPORTS, SUPPORTSPERSISTEDINVOICES, UPDATEERRORLOGID, PAYFORIDLETIMEUPTO, BUSINESSUNITPAYROLLIDLETIMEDOUBLEOVERTIMEPAYCODE_CODE, BUSINESSUNITPAYROLLIDLETIMEOVERTIMEPAYCODE_ORIGINALCODE, BUSINESSUNITPAYROLLIDLETIMESTANDARDPAYCODE_CODE, BUSINESSUNITWEIGHTEDOVERTIMEPAYCODE, BUSINESSUNITWEIGHTEDOVERTIMEPAYCODENEW_CODE, BUSINESSUNITWEIGHTEDOVERTIMEPAYCODENEW_NAME, LASTTIMESALARYGROSSPAYITEMSGENERATED, TECHNICIANNAME, BUSINESSUNITWEIGHTEDOVERTIMEPAYCODENEW_ORIGINALCODE, BUSINESSUNIT_ID, HASCALCULATEDTIMESHEETGROSSPAYITEMS, LINEITEMSONPURCHASEORDERS, PAYROLLFLATFEEMINIMUM, PAYROLLREVIEWSTATE_DISPUTEREASON, TO, TECHNICIANFIRSTDRIVERULE, PAYROLLSHOWMATERIALSINCOST, TECHNICIANINVOICINGHOURLYRATE, ISQUEUEDFORFORCEDTIMESHEETRECALC, BURDENRATE, LASTTIMEUPDATED, MASTER_ID, PAYROLLREVIEWSTATE_MANAGERSTATUS, RECORD_CREATE_DATE, SELLERFEE, TECHNICIANTYPE, MANAGERNAME, PAYROLLID, PAYROLLPERCENTAGEFEE, SEARSPAYROLLROLE, TECHNICIANCOMMUTETIME, WILLIAMSPAYROLLIGNORESINVOICEBALANCETOPAYTGLANDSOLDBY, ACTIVE_FLAG, CREATEDON, DEFAULTPAYROLLADJUSTMENTRATE, DISABLEDOUBLEOVERTIME, ISQUEUEDFORFORCEDSALARYRECALC, PAYROLLEXPENSEDEDUCTIONTRIGGER, PAYFORIDLETIMEOVERONEHOUR, USEPAYROLLDATE, PAYROLLCOSTMARKUP, PAYROLLPERIOD_ID, PAYROLLREVIEWSTATE_AUTHORIZATIONSIGNATURE, CREATEDBY_ID, BUSINESSUNITPAYROLLIDLETIMEDOUBLEOVERTIMEPAYCODE_NAME, BUSINESSUNITPAYROLLIDLETIMEOVERTIMEPAYCODE_NAME, BUSINESSUNITPAYROLLIDLETIMESTANDARDPAYCODE_ORIGINALCODE, PAYROLLTYPE, LASTTIMEGROSSPAYITEMSGENERATED, PAYROLLPERCENTAGEFEEMINIMUM, TECHNICIANHOURLYRATE, TURNOVERBONUS, PAYROLLMARGINALRANGEBONUSES, ENABLETECHNICIANCLOCKINANDCLOCKOUT, ID, INCLUDESELLERFEEANDTECHSPECIFICBONUS, MANAGER_ID, PAYROLLFLATFEE, PAYROLLREPORTVERSION, HASCALCULATEDSALARYGROSSPAYITEMS, TECHNICIANDEDUCTCOMMUTETIMEFROMFIRSTDRIVE, TECHNICIANPAYROLLSTATUS, TENANT_TYPE, IMPORTID, PAYROLLREVIEWSTATE_STATUS, BUSINESSUNITNAME, BUSINESSUNITPAYROLLIDLETIMEDOUBLEOVERTIMEPAYCODE_ORIGINALCODE, SCHEDULEDMULTITECHCOMMISSIONRATE, TIMEZONE, PREVENTNJAOVERLAPPING, OVERTIMEPROFILE_ID]
Column names for Curated Table --> DIM_TECHNICIANPAYROLL :: [ADDONMULTITECHCOMMISSIONRATE, BURDENRATE, BUSINESSUNITPAYROLLIDLETIMEDOUBLEOVERTIMEPAYCODE_ORIGINALCODE, BUSINESSUNITPAYROLLIDLETIMESTANDARDPAYCODE_CODE, DISABLEDOUBLEOVERTIME, ENABLETECHNICIANCLOCKINANDCLOCKOUT, ID, PAYROLLFLATFEE, TECHNICIANNAME, LINEITEMSONPURCHASEORDERS, SHOWPAYROLLPERSISTENCEFIELDSANDREPORTS, UPDATEERRORLOGID, DEFAULTPAYROLLADJUSTMENTRATE, TECHNICIAN_ID, ADDONSOLOCOMMISSIONRATE, ISQUEUEDFORFORCEDSALARYRECALC, TURNOVERBONUS, BUSINESSUNITPAYROLLIDLETIMEOVERTIMEPAYCODE_NAME, HASCALCULATEDTIMESHEETGROSSPAYITEMS, OVERTIMEPROFILE_ID, TECHNICIANPAYROLLSTARTPERIOD, WILLIAMSPAYROLLIGNORESINVOICEBALANCETOPAYTGLANDSOLDBY, TURNOVERMINIMUMTHRESHOLD, USEPAYROLLDATE, MANAGERNAME, PAYROLLCOSTMARKUP, SEARSPAYROLLROLE, TECHNICIANPAYTYPE, HASCALCULATEDSALARYGROSSPAYITEMS, PAYROLLREVIEWSTATE_MANAGERUPDATEDON, PAYROLLTYPE, SCHEDULEDCREWSPLITCOMMISSIONRATE, TENANT_TYPE, SUPPORTSPERSISTEDINVOICES, ADDONCREWSPLITCOMMISSIONRATE, BUSINESSUNITPAYROLLIDLETIMEDOUBLEOVERTIMEPAYCODE_NAME, BUSINESSUNITPAYROLLIDLETIMEOVERTIMEPAYCODE_CODE, BUSINESSUNITPAYROLLIDLETIMESTPAYCODE, BUSINESSUNITWEIGHTEDOVERTIMEPAYCODENEW_CODE, LASTTIMETIMESHEETSGROSSPAYITEMSGENERATED, PAYROLLFLATFEEMINIMUM, TECHNICIANSOLDBYRATE, BUSINESSUNITWEIGHTEDOVERTIMEPAYCODENEW_NAME, RECORD_CREATE_DATE, TIMEZONE, PAYROLLREVIEWSTATE_DISPUTEREASON, TO, LASTTIMESALARYGROSSPAYITEMSGENERATED, ACTIVE, BUSINESSUNITPAYROLLIDLETIMESTANDARDPAYCODE_NAME, BUSINESSUNITPAYROLLIDLETIMESTANDARDPAYCODE_ORIGINALCODE, CREATEDON, LASTTIMEGROSSPAYITEMSGENERATED, PAYROLLPERCENTAGEFEE, SCHEDULEDMULTITECHCOMMISSIONRATE, BUSINESSUNITNAME, PAYFORIDLETIMEUPTO, PAYROLLREVIEWSTATE_STATUS, PAYROLLREVIEWSTATE_TECHNICIANUPDATEDON, SELLERFEE, TECHNICIANINVOICINGHOURLYRATE, TECHNICIANPAYROLLSTATUS, TECHNICIANTYPE, BUSINESSUNITPAYROLLIDLETIMEDOUBLEOVERTIMEPAYCODE_CODE, HASCALCULATEDGROSSPAYITEMS, PAYFORIDLETIMEOVERONEHOUR, PAYROLLUSECOMMISSIONBASETODETECTRANGEBONUS, RECORD_UPDATE_DATE, PAYROLLREVIEWSTATE_AUTHORIZATIONSIGNATURE, TECHNICIANFIRSTDRIVERULE, BUSINESSUNITPAYROLLIDLETIMEOVERTIMEPAYCODE_ORIGINALCODE, BUSINESSUNITPAYROLLIDLETIMEOTPAYCODE, CREATEDBY_ID, ISQUEUEDFORFORCEDCOMMISSIONRECALC, PREVENTNJAOVERLAPPING, ROUNDSOLDHOURSTOTWODECIMALPLACES, FROM, TECHNICIANCOMMISSIONRATE, TECHNICIANDEDUCTCOMMUTETIMEFROMFIRSTDRIVE, USECUSTOMIDLETIMERULES, PAYROLLMARGINALRANGEBONUSES, IMPORTID, PAYROLLREVIEWSTATE_MANAGERSTATUS, ATLASBUTLERTECHNICIANROLE, BUSINESSUNITWEIGHTEDOVERTIMEPAYCODENEW_ORIGINALCODE, BUSINESSUNIT_ID, DEDUCTCOSTSFROMSOLDBYCREDIT, ISQUEUEDFORFORCEDTIMESHEETRECALC, MANAGER_ID, PAYROLLREPORTVERSION, PAYROLLSHOWMATERIALSINCOST, PAYROLLUSENSVASSOLDBYBASE, SCHEDULEDSOLOCOMMISSIONRATE, INCLUDESELLERFEEANDTECHSPECIFICBONUS, LASTTIMEUPDATED, PAYROLLID, PAYROLLPERCENTAGEFEEMINIMUM, TECHNICIANCOMMUTETIME, TECHNICIANHOURLYRATE, TECHNICIANOVERTIMEMODE, BUSINESSUNITWEIGHTEDOVERTIMEPAYCODE, PAYROLLEXPENSEDEDUCTIONTRIGGER, PAYROLLPERIOD_ID]
Datamart tables contains additional column name like [ACTIVE_FLAG, RECORD_CREATE_DATE, RECORD_UPDATE_DATE, RECORD_UPDATE_DATE, MASTER_ID, TENANT_TYPE]
Curated tables not contains additional column name like [RECORD_CREATE_DATE, RECORD_UPDATE_DATE, RECORD_UPDATED_BY, TENANT_TYPE]]]>
  </system-out>
  <testcase classname="testcases.RAW_DATAMART_CURATED.SnowFlake_ColumnValidation_Master" name="Testcase_ColumnValidation" time="2.352">
    <failure message="The following asserts failed:
	null" type="java.lang.AssertionError">
      <![CDATA[java.lang.AssertionError: The following asserts failed:
null
at org.testng.asserts.SoftAssert.assertAll(SoftAssert.java:47)
at org.testng.asserts.SoftAssert.assertAll(SoftAssert.java:31)
at testcases.RAW_DATAMART_CURATED.SnowFlake_ColumnValidation_Master.BKP_Tables_ColumnName_validation(SnowFlake_ColumnValidation_Master.java:231)
at testcases.RAW_DATAMART_CURATED.SnowFlake_ColumnValidation_Master.Testcase_ColumnValidation(SnowFlake_ColumnValidation_Master.java:240)
at jdk.internal.reflect.GeneratedMethodAccessor12.invoke(Unknown Source)
at java.base/jdk.internal.reflect.DelegatingMethodAccessorImpl.invoke(DelegatingMethodAccessorImpl.java:43)
at java.base/java.lang.reflect.Method.invoke(Method.java:568)
at org.testng.internal.MethodInvocationHelper.invokeMethod(MethodInvocationHelper.java:133)
at org.testng.internal.TestInvoker.invokeMethod(TestInvoker.java:598)
at org.testng.internal.TestInvoker.invokeTestMethod(TestInvoker.java:173)
at org.testng.internal.MethodRunner.runInSequence(MethodRunner.java:46)
at org.testng.internal.TestInvoker$MethodInvocationAgent.invoke(TestInvoker.java:824)
at org.testng.internal.TestInvoker.invokeTestMethods(TestInvoker.java:146)
at org.testng.internal.TestMethodWorker.invokeTestMethods(TestMethodWorker.java:146)
at org.testng.internal.TestMethodWorker.run(TestMethodWorker.java:128)
at java.base/java.util.ArrayList.forEach(ArrayList.java:1511)
at org.testng.TestRunner.privateRun(TestRunner.java:794)
at org.testng.TestRunner.run(TestRunner.java:596)
at org.testng.SuiteRunner.runTest(SuiteRunner.java:377)
at org.testng.SuiteRunner.runSequentially(SuiteRunner.java:371)
at org.testng.SuiteRunner.privateRun(SuiteRunner.java:332)
at org.testng.SuiteRunner.run(SuiteRunner.java:276)
at org.testng.SuiteRunnerWorker.runSuite(SuiteRunnerWorker.java:53)
at org.testng.SuiteRunnerWorker.run(SuiteRunnerWorker.java:96)
at org.testng.TestNG.runSuitesSequentially(TestNG.java:1212)
at org.testng.TestNG.runSuitesLocally(TestNG.java:1134)
at org.testng.TestNG.runSuites(TestNG.java:1063)
at org.testng.TestNG.run(TestNG.java:1031)
at org.testng.remote.AbstractRemoteTestNG.run(AbstractRemoteTestNG.java:115)
at org.testng.remote.RemoteTestNG.initAndRun(RemoteTestNG.java:251)
at org.testng.remote.RemoteTestNG.main(RemoteTestNG.java:77)
]]>
    </failure>
  </testcase> <!-- Testcase_ColumnValidation -->
  <system-out>
    <![CDATA[Executing Snowflake query :: SELECT COLUMN_NAME FROM DEV_ENT_RAW.INFORMATION_SCHEMA.COLUMNS WHERE TABLE_NAME='TECHNICIANATTACHEDPROPERTY'and TABLE_SCHEMA='ST_HENDERSON_MATILLION'
Executing Snowflake query :: SELECT COLUMN_NAME FROM CURATED_DATAMART.INFORMATION_SCHEMA.COLUMNS WHERE TABLE_NAME='STR_TECHNICIANATTACHEDPROPERTY'and TABLE_SCHEMA='ST_BKP_HENDERSON'
Executing Snowflake query :: SELECT COLUMN_NAME FROM DEV_ENT_CURATED.INFORMATION_SCHEMA.COLUMNS WHERE TABLE_NAME='DIM_TECHNICIANATTACHEDPROPERTY'and TABLE_SCHEMA='MASTER_DIMENSIONS'
Column names for RAW Table --> TECHNICIANATTACHEDPROPERTY :: [OWNER_ID, VALUE, NAME]
Column names for DataMart Table --> STR_TECHNICIANATTACHEDPROPERTY :: [TENANT_TYPE, ACTIVE_FLAG, MASTER_ID, RECORD_UPDATE_DATE, RECORD_CREATE_DATE, OWNER_ID, VALUE, NAME]
Column names for Curated Table --> DIM_TECHNICIANATTACHEDPROPERTY :: [OWNER_ID, RECORD_CREATE_DATE, NAME, RECORD_UPDATE_DATE, TENANT_TYPE, VALUE]
Column Name found in Datamart and Curated Table :: OWNER_ID
Column Name found in Datamart and Curated Table :: VALUE
Column Name found in Datamart and Curated Table :: NAME
Datamart tables contains additional column name like [ACTIVE_FLAG, RECORD_CREATE_DATE, RECORD_UPDATE_DATE, RECORD_UPDATE_DATE, MASTER_ID, TENANT_TYPE]
Curated tables not contains additional column name like [RECORD_CREATE_DATE, RECORD_UPDATE_DATE, RECORD_UPDATED_BY, TENANT_TYPE]]]>
  </system-out>
  <testcase classname="testcases.RAW_DATAMART_CURATED.SnowFlake_ColumnValidation_Master" name="Testcase_ColumnValidation" time="2.860">
    <failure message="The following asserts failed:
	null" type="java.lang.AssertionError">
      <![CDATA[java.lang.AssertionError: The following asserts failed:
null
at org.testng.asserts.SoftAssert.assertAll(SoftAssert.java:47)
at org.testng.asserts.SoftAssert.assertAll(SoftAssert.java:31)
at testcases.RAW_DATAMART_CURATED.SnowFlake_ColumnValidation_Master.BKP_Tables_ColumnName_validation(SnowFlake_ColumnValidation_Master.java:231)
at testcases.RAW_DATAMART_CURATED.SnowFlake_ColumnValidation_Master.Testcase_ColumnValidation(SnowFlake_ColumnValidation_Master.java:240)
at java.base/jdk.internal.reflect.NativeMethodAccessorImpl.invoke0(Native Method)
at java.base/jdk.internal.reflect.NativeMethodAccessorImpl.invoke(NativeMethodAccessorImpl.java:77)
at java.base/jdk.internal.reflect.DelegatingMethodAccessorImpl.invoke(DelegatingMethodAccessorImpl.java:43)
at java.base/java.lang.reflect.Method.invoke(Method.java:568)
at org.testng.internal.MethodInvocationHelper.invokeMethod(MethodInvocationHelper.java:133)
at org.testng.internal.TestInvoker.invokeMethod(TestInvoker.java:598)
at org.testng.internal.TestInvoker.invokeTestMethod(TestInvoker.java:173)
at org.testng.internal.MethodRunner.runInSequence(MethodRunner.java:46)
at org.testng.internal.TestInvoker$MethodInvocationAgent.invoke(TestInvoker.java:824)
at org.testng.internal.TestInvoker.invokeTestMethods(TestInvoker.java:146)
at org.testng.internal.TestMethodWorker.invokeTestMethods(TestMethodWorker.java:146)
at org.testng.internal.TestMethodWorker.run(TestMethodWorker.java:128)
at java.base/java.util.ArrayList.forEach(ArrayList.java:1511)
at org.testng.TestRunner.privateRun(TestRunner.java:794)
at org.testng.TestRunner.run(TestRunner.java:596)
at org.testng.SuiteRunner.runTest(SuiteRunner.java:377)
at org.testng.SuiteRunner.runSequentially(SuiteRunner.java:371)
at org.testng.SuiteRunner.privateRun(SuiteRunner.java:332)
at org.testng.SuiteRunner.run(SuiteRunner.java:276)
at org.testng.SuiteRunnerWorker.runSuite(SuiteRunnerWorker.java:53)
at org.testng.SuiteRunnerWorker.run(SuiteRunnerWorker.java:96)
at org.testng.TestNG.runSuitesSequentially(TestNG.java:1212)
at org.testng.TestNG.runSuitesLocally(TestNG.java:1134)
at org.testng.TestNG.runSuites(TestNG.java:1063)
at org.testng.TestNG.run(TestNG.java:1031)
at org.testng.remote.AbstractRemoteTestNG.run(AbstractRemoteTestNG.java:115)
at org.testng.remote.RemoteTestNG.initAndRun(RemoteTestNG.java:251)
at org.testng.remote.RemoteTestNG.main(RemoteTestNG.java:77)
]]>
    </failure>
  </testcase> <!-- Testcase_ColumnValidation -->
  <system-out>
    <![CDATA[Executing Snowflake query :: SELECT COLUMN_NAME FROM DEV_ENT_RAW.INFORMATION_SCHEMA.COLUMNS WHERE TABLE_NAME='TECHNICIANPAYROLLADJUSTMENT'and TABLE_SCHEMA='ST_EANESHEATING_MATILLION'
Executing Snowflake query :: SELECT COLUMN_NAME FROM CURATED_DATAMART.INFORMATION_SCHEMA.COLUMNS WHERE TABLE_NAME='STR_TECHNICIANPAYROLLADJUSTMENT'and TABLE_SCHEMA='ST_BKP_EANESHEATING'
Executing Snowflake query :: SELECT COLUMN_NAME FROM DEV_ENT_CURATED.INFORMATION_SCHEMA.COLUMNS WHERE TABLE_NAME='DIM_TECHNICIANPAYROLLADJUSTMENT'and TABLE_SCHEMA='MASTER_DIMENSIONS'
Column names for RAW Table --> TECHNICIANPAYROLLADJUSTMENT :: []
Column names for DataMart Table --> STR_TECHNICIANPAYROLLADJUSTMENT :: [CODE_ORIGINALCODE, PERSISTENCETYPE, CUSTOMER_ID, IMPORTID, ZONENAME, PAYROLL_ID, CREATEDBY_ID, INVOICENUMBER, MASTER_ID, JOBLOCATIONNAME, REPLACESBONUSAMOUNT, INVOICE_ID, ISPREVAILINGWAGEJOB, PAYROLLCODE_NAME, PROJECT_ID, TAXZONE_ID, ISOTCHARGE, TENANT_TYPE, ACTIVE, ID, TYPE, MEMO, TAXZONENAME, ACTIVE_FLAG, BUSINESSUNIT_ID, CODE_NAME, HOURS, JOB_ID, JOBLOCATIONADDRESS, PAYROLLCODE_CODE, BUSINESSUNITNAME, CODE_PAYROLLCODE, QUANTITY, PAYROLLCODE_ORIGINALCODE, ZONE_ID, PAYROLLADJUSTMENT_ID, CUSTOMERNAME, PROJECTNUMBER, RECORD_UPDATE_DATE, AMOUNT, CREATEDON, JOBLOCATION_ID, POSTEDON, RATE, RECORD_CREATE_DATE, JOBNUMBER, TECHNICIAN_ID, JOBLOCATIONZIP]
Column names for Curated Table --> DIM_TECHNICIANPAYROLLADJUSTMENT :: [BUSINESSUNIT_ID, CREATEDON, CUSTOMER_ID, ISOTCHARGE, ISPREVAILINGWAGEJOB, JOBLOCATION_ID, TYPE, PAYROLLCODE_CODE, BUSINESSUNITNAME, INVOICENUMBER, PROJECTNUMBER, TECHNICIAN_ID, PAYROLLCODE_ORIGINALCODE, AMOUNT, HOURS, JOBNUMBER, QUANTITY, TENANT_TYPE, INVOICE_ID, JOBLOCATIONZIP, JOB_ID, JOBLOCATIONNAME, PERSISTENCETYPE, CODE_ORIGINALCODE, PAYROLL_ID, CODE_NAME, ZONE_ID, RECORD_UPDATE_DATE, CODE_PAYROLLCODE, CREATEDBY_ID, POSTEDON, PAYROLLADJUSTMENT_ID, ID, PROJECT_ID, TAXZONE_ID, ACTIVE, CUSTOMERNAME, PAYROLLCODE_NAME, RECORD_CREATE_DATE, REPLACESBONUSAMOUNT, TAXZONENAME, IMPORTID, JOBLOCATIONADDRESS, MEMO, RATE, ZONENAME]
Datamart tables contains additional column name like [ACTIVE_FLAG, RECORD_CREATE_DATE, RECORD_UPDATE_DATE, RECORD_UPDATE_DATE, MASTER_ID, TENANT_TYPE]
Curated tables not contains additional column name like [RECORD_CREATE_DATE, RECORD_UPDATE_DATE, RECORD_UPDATED_BY, TENANT_TYPE]]]>
  </system-out>
  <testcase classname="testcases.RAW_DATAMART_CURATED.SnowFlake_ColumnValidation_Master" name="Testcase_ColumnValidation" time="2.343">
    <failure message="The following asserts failed:
	null" type="java.lang.AssertionError">
      <![CDATA[java.lang.AssertionError: The following asserts failed:
null
at org.testng.asserts.SoftAssert.assertAll(SoftAssert.java:47)
at org.testng.asserts.SoftAssert.assertAll(SoftAssert.java:31)
at testcases.RAW_DATAMART_CURATED.SnowFlake_ColumnValidation_Master.BKP_Tables_ColumnName_validation(SnowFlake_ColumnValidation_Master.java:231)
at testcases.RAW_DATAMART_CURATED.SnowFlake_ColumnValidation_Master.Testcase_ColumnValidation(SnowFlake_ColumnValidation_Master.java:240)
at jdk.internal.reflect.GeneratedMethodAccessor12.invoke(Unknown Source)
at java.base/jdk.internal.reflect.DelegatingMethodAccessorImpl.invoke(DelegatingMethodAccessorImpl.java:43)
at java.base/java.lang.reflect.Method.invoke(Method.java:568)
at org.testng.internal.MethodInvocationHelper.invokeMethod(MethodInvocationHelper.java:133)
at org.testng.internal.TestInvoker.invokeMethod(TestInvoker.java:598)
at org.testng.internal.TestInvoker.invokeTestMethod(TestInvoker.java:173)
at org.testng.internal.MethodRunner.runInSequence(MethodRunner.java:46)
at org.testng.internal.TestInvoker$MethodInvocationAgent.invoke(TestInvoker.java:824)
at org.testng.internal.TestInvoker.invokeTestMethods(TestInvoker.java:146)
at org.testng.internal.TestMethodWorker.invokeTestMethods(TestMethodWorker.java:146)
at org.testng.internal.TestMethodWorker.run(TestMethodWorker.java:128)
at java.base/java.util.ArrayList.forEach(ArrayList.java:1511)
at org.testng.TestRunner.privateRun(TestRunner.java:794)
at org.testng.TestRunner.run(TestRunner.java:596)
at org.testng.SuiteRunner.runTest(SuiteRunner.java:377)
at org.testng.SuiteRunner.runSequentially(SuiteRunner.java:371)
at org.testng.SuiteRunner.privateRun(SuiteRunner.java:332)
at org.testng.SuiteRunner.run(SuiteRunner.java:276)
at org.testng.SuiteRunnerWorker.runSuite(SuiteRunnerWorker.java:53)
at org.testng.SuiteRunnerWorker.run(SuiteRunnerWorker.java:96)
at org.testng.TestNG.runSuitesSequentially(TestNG.java:1212)
at org.testng.TestNG.runSuitesLocally(TestNG.java:1134)
at org.testng.TestNG.runSuites(TestNG.java:1063)
at org.testng.TestNG.run(TestNG.java:1031)
at org.testng.remote.AbstractRemoteTestNG.run(AbstractRemoteTestNG.java:115)
at org.testng.remote.RemoteTestNG.initAndRun(RemoteTestNG.java:251)
at org.testng.remote.RemoteTestNG.main(RemoteTestNG.java:77)
]]>
    </failure>
  </testcase> <!-- Testcase_ColumnValidation -->
  <system-out>
    <![CDATA[Executing Snowflake query :: SELECT COLUMN_NAME FROM DEV_ENT_RAW.INFORMATION_SCHEMA.COLUMNS WHERE TABLE_NAME='PROJECT'and TABLE_SCHEMA='ST_HUTCHINSON_MATILLION'
Executing Snowflake query :: SELECT COLUMN_NAME FROM CURATED_DATAMART.INFORMATION_SCHEMA.COLUMNS WHERE TABLE_NAME='STR_PROJECT'and TABLE_SCHEMA='ST_BKP_HUTCHINSON'
Executing Snowflake query :: SELECT COLUMN_NAME FROM DEV_ENT_CURATED.INFORMATION_SCHEMA.COLUMNS WHERE TABLE_NAME='DIM_PROJECT'and TABLE_SCHEMA='MASTER_DIMENSIONS'
Column names for RAW Table --> PROJECT :: [AUTHORIZATIONSIGNATURE, COMPLETEDONACTUAL, STARTEDON, COMPLETEDON, MODIFIEDON, NAME, NUMBER, RETAINAGEPERCENT, REVENUERECOGNITIONMETHOD, AREITEMSREORDERED, COSTTOCOMPLETE, CONTRACTFOR, CONTRACTSTARTDATE, ID, ISRETAINAGEENABLED, TECHNICIANSIGNATURE, ACKNOWLEDGEMENTSIGNATURE, CREATEDBY_ID, CUSTOMER_ID, IMPORTID, ACTIVE, CONTRACTESTIMATE_ID, LOCATION_ID, ISPREVAILINGWAGE, PROJECTSETTINGSTYPE, COMPLETIONPERCENT, CREATEDON, PAYMENTTERM_ID, SUMMARY]
Column names for DataMart Table --> STR_PROJECT :: [STARTEDON, IMPORTID, RECORD_UPDATE_DATE, REVENUERECOGNITIONMETHOD, COMPLETEDONACTUAL, MD5_VALUE, PROJECTSETTINGSTYPE, CREATEDON, CONTRACTSTARTDATE, NAME, COMPLETIONPERCENT, AREITEMSREORDERED, MASTER_ID, SUMMARY, COMPLETEDON, ACTIVE, CUSTOMER_ID, PAYMENTTERM_ID, MODIFIEDON, CREATEDBY_ID, AUTHORIZATIONSIGNATURE, ISPREVAILINGWAGE, LOCATION_ID, RECORD_CREATE_DATE, RETAINAGEPERCENT, TENANT_TYPE, TECHNICIANSIGNATURE, ACKNOWLEDGEMENTSIGNATURE, ACTIVE_FLAG, CONTRACTESTIMATE_ID, CONTRACTFOR, ID, ISRETAINAGEENABLED, NUMBER]
Column names for Curated Table --> DIM_PROJECT :: [RECORD_UPDATE_DATE, ACTIVE, AUTHORIZATIONSIGNATURE, COMPLETEDON, RETAINAGEPERCENT, IMPORTID, CONTRACTFOR, CONTRACTSTARTDATE, ID, ISRETAINAGEENABLED, RECORD_CREATE_DATE, RECORD_UPDATED_BY, TENANT_TYPE, PROJECTSETTINGSTYPE, TECHNICIANSIGNATURE, ISPREVAILINGWAGE, MD5_VALUE, NAME, PAYMENTTERM_ID, COMPLETEDONACTUAL, CUSTOMER_ID, NUMBER, AREITEMSREORDERED, CREATEDON, LOCATION_ID, MODIFIEDON, STARTEDON, ACKNOWLEDGEMENTSIGNATURE, COMPLETIONPERCENT, CONTRACTESTIMATE_ID, SUMMARY, CREATEDBY_ID, REVENUERECOGNITIONMETHOD]
Column Name found in Datamart and Curated Table :: AUTHORIZATIONSIGNATURE
Column Name found in Datamart and Curated Table :: COMPLETEDONACTUAL
Column Name found in Datamart and Curated Table :: STARTEDON
Column Name found in Datamart and Curated Table :: COMPLETEDON
Column Name found in Datamart and Curated Table :: MODIFIEDON
Column Name found in Datamart and Curated Table :: NAME
Column Name found in Datamart and Curated Table :: NUMBER
Column Name found in Datamart and Curated Table :: RETAINAGEPERCENT
Column Name found in Datamart and Curated Table :: REVENUERECOGNITIONMETHOD
Column Name found in Datamart and Curated Table :: AREITEMSREORDERED
Column Name not found in Datamart and Curated Table :: COSTTOCOMPLETE
Column Name found in Datamart and Curated Table :: CONTRACTFOR
Column Name found in Datamart and Curated Table :: CONTRACTSTARTDATE
Column Name found in Datamart and Curated Table :: ID
Column Name found in Datamart and Curated Table :: ISRETAINAGEENABLED
Column Name found in Datamart and Curated Table :: TECHNICIANSIGNATURE
Column Name found in Datamart and Curated Table :: ACKNOWLEDGEMENTSIGNATURE
Column Name found in Datamart and Curated Table :: CREATEDBY_ID
Column Name found in Datamart and Curated Table :: CUSTOMER_ID
Column Name found in Datamart and Curated Table :: IMPORTID
Column Name found in Datamart and Curated Table :: ACTIVE
Column Name found in Datamart and Curated Table :: CONTRACTESTIMATE_ID
Column Name found in Datamart and Curated Table :: LOCATION_ID
Column Name found in Datamart and Curated Table :: ISPREVAILINGWAGE
Column Name found in Datamart and Curated Table :: PROJECTSETTINGSTYPE
Column Name found in Datamart and Curated Table :: COMPLETIONPERCENT
Column Name found in Datamart and Curated Table :: CREATEDON
Column Name found in Datamart and Curated Table :: PAYMENTTERM_ID
Column Name found in Datamart and Curated Table :: SUMMARY
Datamart tables contains additional column name like [ACTIVE_FLAG, RECORD_CREATE_DATE, RECORD_UPDATE_DATE, RECORD_UPDATE_DATE, MASTER_ID, TENANT_TYPE]
Curated tables contains additional column name like [RECORD_CREATE_DATE, RECORD_UPDATE_DATE, RECORD_UPDATED_BY, TENANT_TYPE]]]>
  </system-out>
  <testcase classname="testcases.RAW_DATAMART_CURATED.SnowFlake_ColumnValidation_Master" name="Testcase_ColumnValidation" time="2.471">
    <failure message="The following asserts failed:
	null" type="java.lang.AssertionError">
      <![CDATA[java.lang.AssertionError: The following asserts failed:
null
at org.testng.asserts.SoftAssert.assertAll(SoftAssert.java:47)
at org.testng.asserts.SoftAssert.assertAll(SoftAssert.java:31)
at testcases.RAW_DATAMART_CURATED.SnowFlake_ColumnValidation_Master.BKP_Tables_ColumnName_validation(SnowFlake_ColumnValidation_Master.java:231)
at testcases.RAW_DATAMART_CURATED.SnowFlake_ColumnValidation_Master.Testcase_ColumnValidation(SnowFlake_ColumnValidation_Master.java:240)
at jdk.internal.reflect.GeneratedMethodAccessor12.invoke(Unknown Source)
at java.base/jdk.internal.reflect.DelegatingMethodAccessorImpl.invoke(DelegatingMethodAccessorImpl.java:43)
at java.base/java.lang.reflect.Method.invoke(Method.java:568)
at org.testng.internal.MethodInvocationHelper.invokeMethod(MethodInvocationHelper.java:133)
at org.testng.internal.TestInvoker.invokeMethod(TestInvoker.java:598)
at org.testng.internal.TestInvoker.invokeTestMethod(TestInvoker.java:173)
at org.testng.internal.MethodRunner.runInSequence(MethodRunner.java:46)
at org.testng.internal.TestInvoker$MethodInvocationAgent.invoke(TestInvoker.java:824)
at org.testng.internal.TestInvoker.invokeTestMethods(TestInvoker.java:146)
at org.testng.internal.TestMethodWorker.invokeTestMethods(TestMethodWorker.java:146)
at org.testng.internal.TestMethodWorker.run(TestMethodWorker.java:128)
at java.base/java.util.ArrayList.forEach(ArrayList.java:1511)
at org.testng.TestRunner.privateRun(TestRunner.java:794)
at org.testng.TestRunner.run(TestRunner.java:596)
at org.testng.SuiteRunner.runTest(SuiteRunner.java:377)
at org.testng.SuiteRunner.runSequentially(SuiteRunner.java:371)
at org.testng.SuiteRunner.privateRun(SuiteRunner.java:332)
at org.testng.SuiteRunner.run(SuiteRunner.java:276)
at org.testng.SuiteRunnerWorker.runSuite(SuiteRunnerWorker.java:53)
at org.testng.SuiteRunnerWorker.run(SuiteRunnerWorker.java:96)
at org.testng.TestNG.runSuitesSequentially(TestNG.java:1212)
at org.testng.TestNG.runSuitesLocally(TestNG.java:1134)
at org.testng.TestNG.runSuites(TestNG.java:1063)
at org.testng.TestNG.run(TestNG.java:1031)
at org.testng.remote.AbstractRemoteTestNG.run(AbstractRemoteTestNG.java:115)
at org.testng.remote.RemoteTestNG.initAndRun(RemoteTestNG.java:251)
at org.testng.remote.RemoteTestNG.main(RemoteTestNG.java:77)
]]>
    </failure>
  </testcase> <!-- Testcase_ColumnValidation -->
  <system-out>
    <![CDATA[Executing Snowflake query :: SELECT COLUMN_NAME FROM DEV_ENT_RAW.INFORMATION_SCHEMA.COLUMNS WHERE TABLE_NAME='PROJECT'and TABLE_SCHEMA='ST_GOLDMEDAL_MATILLION'
Executing Snowflake query :: SELECT COLUMN_NAME FROM CURATED_DATAMART.INFORMATION_SCHEMA.COLUMNS WHERE TABLE_NAME='STR_PROJECT'and TABLE_SCHEMA='ST_BKP_GOLDMEDAL'
Executing Snowflake query :: SELECT COLUMN_NAME FROM DEV_ENT_CURATED.INFORMATION_SCHEMA.COLUMNS WHERE TABLE_NAME='DIM_PROJECT'and TABLE_SCHEMA='MASTER_DIMENSIONS'
Column names for RAW Table --> PROJECT :: [AREITEMSREORDERED, AUTHORIZATIONSIGNATURE, ID, COSTTOCOMPLETE, CONTRACTESTIMATE_ID, ISRETAINAGEENABLED, CREATEDBY_ID, CUSTOMER_ID, REVENUERECOGNITIONMETHOD, ACKNOWLEDGEMENTSIGNATURE, COMPLETEDONACTUAL, CREATEDON, RETAINAGEPERCENT, MODIFIEDON, NUMBER, TECHNICIANSIGNATURE, COMPLETIONPERCENT, IMPORTID, PAYMENTTERM_ID, PROJECTSETTINGSTYPE, ACTIVE, CONTRACTSTARTDATE, SUMMARY, ISPREVAILINGWAGE, LOCATION_ID, COMPLETEDON, CONTRACTFOR, NAME, STARTEDON]
Column names for DataMart Table --> STR_PROJECT :: [ACKNOWLEDGEMENTSIGNATURE, AUTHORIZATIONSIGNATURE, CONTRACTESTIMATE_ID, MODIFIEDON, TECHNICIANSIGNATURE, MD5_VALUE, ACTIVE, AREITEMSREORDERED, COMPLETEDON, ACTIVE_FLAG, ISRETAINAGEENABLED, MASTER_ID, PROJECTSETTINGSTYPE, RECORD_CREATE_DATE, RETAINAGEPERCENT, REVENUERECOGNITIONMETHOD, COMPLETEDONACTUAL, CREATEDBY_ID, SUMMARY, CREATEDON, ID, LOCATION_ID, IMPORTID, PAYMENTTERM_ID, TENANT_TYPE, ISPREVAILINGWAGE, RECORD_UPDATE_DATE, COMPLETIONPERCENT, CONTRACTFOR, CONTRACTSTARTDATE, CUSTOMER_ID, NAME, NUMBER, STARTEDON]
Column names for Curated Table --> DIM_PROJECT :: [RECORD_UPDATE_DATE, ACTIVE, AUTHORIZATIONSIGNATURE, COMPLETEDON, RETAINAGEPERCENT, IMPORTID, CONTRACTFOR, CONTRACTSTARTDATE, ID, ISRETAINAGEENABLED, RECORD_CREATE_DATE, RECORD_UPDATED_BY, TENANT_TYPE, PROJECTSETTINGSTYPE, TECHNICIANSIGNATURE, ISPREVAILINGWAGE, MD5_VALUE, NAME, PAYMENTTERM_ID, COMPLETEDONACTUAL, CUSTOMER_ID, NUMBER, AREITEMSREORDERED, CREATEDON, LOCATION_ID, MODIFIEDON, STARTEDON, ACKNOWLEDGEMENTSIGNATURE, COMPLETIONPERCENT, CONTRACTESTIMATE_ID, SUMMARY, CREATEDBY_ID, REVENUERECOGNITIONMETHOD]
Column Name found in Datamart and Curated Table :: AREITEMSREORDERED
Column Name found in Datamart and Curated Table :: AUTHORIZATIONSIGNATURE
Column Name found in Datamart and Curated Table :: ID
Column Name not found in Datamart and Curated Table :: COSTTOCOMPLETE
Column Name found in Datamart and Curated Table :: CONTRACTESTIMATE_ID
Column Name found in Datamart and Curated Table :: ISRETAINAGEENABLED
Column Name found in Datamart and Curated Table :: CREATEDBY_ID
Column Name found in Datamart and Curated Table :: CUSTOMER_ID
Column Name found in Datamart and Curated Table :: REVENUERECOGNITIONMETHOD
Column Name found in Datamart and Curated Table :: ACKNOWLEDGEMENTSIGNATURE
Column Name found in Datamart and Curated Table :: COMPLETEDONACTUAL
Column Name found in Datamart and Curated Table :: CREATEDON
Column Name found in Datamart and Curated Table :: RETAINAGEPERCENT
Column Name found in Datamart and Curated Table :: MODIFIEDON
Column Name found in Datamart and Curated Table :: NUMBER
Column Name found in Datamart and Curated Table :: TECHNICIANSIGNATURE
Column Name found in Datamart and Curated Table :: COMPLETIONPERCENT
Column Name found in Datamart and Curated Table :: IMPORTID
Column Name found in Datamart and Curated Table :: PAYMENTTERM_ID
Column Name found in Datamart and Curated Table :: PROJECTSETTINGSTYPE
Column Name found in Datamart and Curated Table :: ACTIVE
Column Name found in Datamart and Curated Table :: CONTRACTSTARTDATE
Column Name found in Datamart and Curated Table :: SUMMARY
Column Name found in Datamart and Curated Table :: ISPREVAILINGWAGE
Column Name found in Datamart and Curated Table :: LOCATION_ID
Column Name found in Datamart and Curated Table :: COMPLETEDON
Column Name found in Datamart and Curated Table :: CONTRACTFOR
Column Name found in Datamart and Curated Table :: NAME
Column Name found in Datamart and Curated Table :: STARTEDON
Datamart tables contains additional column name like [ACTIVE_FLAG, RECORD_CREATE_DATE, RECORD_UPDATE_DATE, RECORD_UPDATE_DATE, MASTER_ID, TENANT_TYPE]
Curated tables contains additional column name like [RECORD_CREATE_DATE, RECORD_UPDATE_DATE, RECORD_UPDATED_BY, TENANT_TYPE]]]>
  </system-out>
  <testcase classname="testcases.RAW_DATAMART_CURATED.SnowFlake_ColumnValidation_Master" name="Testcase_ColumnValidation" time="2.453">
    <failure message="The following asserts failed:
	null" type="java.lang.AssertionError">
      <![CDATA[java.lang.AssertionError: The following asserts failed:
null
at org.testng.asserts.SoftAssert.assertAll(SoftAssert.java:47)
at org.testng.asserts.SoftAssert.assertAll(SoftAssert.java:31)
at testcases.RAW_DATAMART_CURATED.SnowFlake_ColumnValidation_Master.API_Tables_ColumnName_validation(SnowFlake_ColumnValidation_Master.java:130)
at testcases.RAW_DATAMART_CURATED.SnowFlake_ColumnValidation_Master.Testcase_ColumnValidation(SnowFlake_ColumnValidation_Master.java:243)
at jdk.internal.reflect.GeneratedMethodAccessor12.invoke(Unknown Source)
at java.base/jdk.internal.reflect.DelegatingMethodAccessorImpl.invoke(DelegatingMethodAccessorImpl.java:43)
at java.base/java.lang.reflect.Method.invoke(Method.java:568)
at org.testng.internal.MethodInvocationHelper.invokeMethod(MethodInvocationHelper.java:133)
at org.testng.internal.TestInvoker.invokeMethod(TestInvoker.java:598)
at org.testng.internal.TestInvoker.invokeTestMethod(TestInvoker.java:173)
at org.testng.internal.MethodRunner.runInSequence(MethodRunner.java:46)
at org.testng.internal.TestInvoker$MethodInvocationAgent.invoke(TestInvoker.java:824)
at org.testng.internal.TestInvoker.invokeTestMethods(TestInvoker.java:146)
at org.testng.internal.TestMethodWorker.invokeTestMethods(TestMethodWorker.java:146)
at org.testng.internal.TestMethodWorker.run(TestMethodWorker.java:128)
at java.base/java.util.ArrayList.forEach(ArrayList.java:1511)
at org.testng.TestRunner.privateRun(TestRunner.java:794)
at org.testng.TestRunner.run(TestRunner.java:596)
at org.testng.SuiteRunner.runTest(SuiteRunner.java:377)
at org.testng.SuiteRunner.runSequentially(SuiteRunner.java:371)
at org.testng.SuiteRunner.privateRun(SuiteRunner.java:332)
at org.testng.SuiteRunner.run(SuiteRunner.java:276)
at org.testng.SuiteRunnerWorker.runSuite(SuiteRunnerWorker.java:53)
at org.testng.SuiteRunnerWorker.run(SuiteRunnerWorker.java:96)
at org.testng.TestNG.runSuitesSequentially(TestNG.java:1212)
at org.testng.TestNG.runSuitesLocally(TestNG.java:1134)
at org.testng.TestNG.runSuites(TestNG.java:1063)
at org.testng.TestNG.run(TestNG.java:1031)
at org.testng.remote.AbstractRemoteTestNG.run(AbstractRemoteTestNG.java:115)
at org.testng.remote.RemoteTestNG.initAndRun(RemoteTestNG.java:251)
at org.testng.remote.RemoteTestNG.main(RemoteTestNG.java:77)
]]>
    </failure>
  </testcase> <!-- Testcase_ColumnValidation -->
  <system-out>
    <![CDATA[Executing Snowflake query :: SELECT COLUMN_NAME FROM DEV_ENT_RAW.INFORMATION_SCHEMA.COLUMNS WHERE TABLE_NAME='ST_API_TECHNICIAN'and TABLE_SCHEMA='API_MAT'
Executing Snowflake query :: SELECT COLUMN_NAME FROM CURATED_DATAMART.INFORMATION_SCHEMA.COLUMNS WHERE TABLE_NAME='STR_API_TECHNICIAN'and TABLE_SCHEMA='ST_API_HARP'
Executing Snowflake query :: SELECT COLUMN_NAME FROM DEV_ENT_CURATED.INFORMATION_SCHEMA.COLUMNS WHERE TABLE_NAME='DIM_TECHNICIAN'and TABLE_SCHEMA='MASTER_DIMENSIONS'
Column names for RAW Table --> ST_API_TECHNICIAN :: [ADDONCREWSPLITCOMMISSIONRATE, ATLASBUTLERTECHNICIANROLE, FIRSTDRIVERULE, HOME_ISMANUALCOORDINATES, NAVISIONEMPLOYEEID, PAYROLLID, PAYROLLPOSTINGGROUP_ID, SALESFACTOR, SALESFORCECONTACTID, PAYROLLREPORTVERSION, STANDARDWORKTYPECODE_ID, MUHULINK, COMMISSIONRATE, HOME_ISMILITARY, LICENSE, GOALIMAGE, IMPORTID, MOBILEPHONECONFIRMED, PAYTYPE, MANAGER_ID, SHIFTSTART, NAME, ADDONSOLOCOMMISSIONRATE, BIO, BUSINESSUNIT_ID, HOME_CITY, ID, ISMANAGEDTECH, PROJECTLABELS, SCHEDULEDSOLOCOMMISSIONRATE, BIRTHDATE, HOME_COUNTRY, PHOTO, TURNOVERBONUS, USER_ID, WILLIAMSTECHNICIANROLE, ZONE_ID, OVERTIMEPROFILE_ID, CREATEDON, TODAYREVENUE_TECHNICIAN, ACTIVE, DEFAULTPAYROLLADJUSTMENTRATE, ISAUTODISPATCHED, LASTNAME, ISEXTERNAL, SHIFTEND, SCHEDULEDCREWSPLITCOMMISSIONRATE, DAILYGOAL, APPOINTMENT_ID, BURDENRATE, HOME_ZIP, PAYROLLSTARTPERIOD, STATUSUPDATEDON, OVERTIMEWORKTYPECODE_ID, PAYROLLPROFILE_ID, PAYROLLROLE, PAYROLLSTARTDATE, SOLDBYRATE, ISEXCLUDEDFROMPAYROLL, COORDINATESUPDATEDON, EMAIL, EMAILCONFIRMED, HOME_LATITUDE, OVERTIMEPAYROLLCONTROLCODE_ID, PAYPERIOD, STANDARDPAYROLLCONTROLCODE_ID, CHECKEDIN, DEFAULTLABORTYPE_ID, JOBFILTER, PAYFREQUENCY_ID, MOBILEPHONE, OUTBOUNDCALLERID, SCHEDULEDMULTITECHCOMMISSIONRATE, STARTDATE, CURRENTVALUE, DEDUCTCOMMUTETIMEFROMFIRSTDRIVE, FIRSTNAME, MEALTIME, MEMO, PHONECONFIRMED, SHOWJOBAPPOINTMENTRESCHEDULEALERT, DISPATCHNOTIFICATIONS, JOB_ID, LATITUDE, MIDDLENAME, ROUTESTATISTICS_TECHNICIAN, CREATEDBY_ID, PHONE, QBREPID, SMARTDISPATCHSETTINGS_TECHNICIAN, STATUS, UNION, HOME_UNIT, HOURLYRATE, INVENTORYWAREHOUSENAME, INVOICINGHOURLYRATE, TYPE, ADDONMULTITECHCOMMISSIONRATE, COLOR, HOME_STATE, MODIFIEDON, OVERALLSALESFACTOR_TECHNICIAN, POSITION, TEAM, COMMUTETIME, HOME_LONGITUDE, HOME_STREET, LOCATION_TECHNICIAN, OVERTIMEMODE, PROJECTEDVALUE, LONGITUDE, TRUCK_ID, TENANT_TYPE]
Column names for DataMart Table --> STR_API_TECHNICIAN :: [COMMUTETIME, CURRENTVALUE, FLEET_ID, MODIFIEDON, COORDINATESUPDATEDON, LONGITUDE, QBREPID, STANDARDWORKTYPECODE_ID, OVERTIMEPAYROLLCONTROLCODE_ID, ROUTESTATISTICS_TECHNICIAN, TODAYREVENUE_TECHNICIAN, TURNOVERBONUS, DAILYGOAL, DEFAULTPAYROLLADJUSTMENTRATE, EMAIL, FIRSTDRIVERULE, HOME_LATITUDE, ID, IMPORTID, JOBFILTER, SCHEDULEDMULTITECHCOMMISSIONRATE, SHIFTSTART, DEFAULTLABORTYPE_ID, NAME, PAYPERIOD, PAYROLLID, STATUSUPDATEDON, RECORD_UPDATE_DATE, ZONE_ID, ISAUTODISPATCHED, INVENTORYWAREHOUSENAME, PAYROLLSTARTPERIOD, ATLASBUTLERTECHNICIANROLE, BUSINESSUNIT_ID, CREATEDBY_ID, DEDUCTCOMMUTETIMEFROMFIRSTDRIVE, HOME_COUNTRY, INVOICINGHOURLYRATE, MASTER_ID, PAYROLLROLE, ISMANAGEDTECH, LOCATION_TECHNICIAN, MEALTIME, PHOTO, SALESFACTOR, SMARTDISPATCHSETTINGS_TECHNICIAN, UNION, STARTDATE, ACTIVE_FLAG, ADDONCREWSPLITCOMMISSIONRATE, ADDONSOLOCOMMISSIONRATE, HOME_CITY, LASTNAME, SCHEDULEDSOLOCOMMISSIONRATE, EMAILCONFIRMED, LICENSE, OUTBOUNDCALLERID, SHIFTEND, TEAM, MIDDLENAME, MOBILEPHONECONFIRMED, PAYTYPE, USER_ID, ACTIVE, HOME_UNIT, NAVISIONEMPLOYEEID, STANDARDPAYROLLCONTROLCODE_ID, COMMISSIONRATE, MEMO, PAYROLLPROFILE_ID, POSITION, SHOWJOBAPPOINTMENTRESCHEDULEALERT, STATUS, TRUCK_ID, TYPE, MUHULINK, RECORD_CREATE_DATE, PAYROLLREPORTVERSION, ADDONMULTITECHCOMMISSIONRATE, CREATEDON, HOME_ISMILITARY, OVERTIMEWORKTYPECODE_ID, PAYROLLSTARTDATE, DISPATCHNOTIFICATIONS, GOALIMAGE, ISEXTERNAL, WILLIAMSTECHNICIANROLE, SOLDBYRATE, JOB_ID, BIO, BIRTHDATE, BURDENRATE, COLOR, HOME_ZIP, MANAGER_ID, HOME_ISMANUALCOORDINATES, OVERTIMEPROFILE_ID, SALESFORCECONTACTID, TENANT_TYPE, LATITUDE, APPOINTMENT_ID, CHECKEDIN, FIRSTNAME, HOME_STATE, HOURLYRATE, MOBILEPHONE, HOME_LONGITUDE, HOME_STREET, OVERTIMEMODE, PROJECTEDVALUE, OVERALLSALESFACTOR_TECHNICIAN, PAYROLLPOSTINGGROUP_ID, PHONE, PHONECONFIRMED, SCHEDULEDCREWSPLITCOMMISSIONRATE, PAYFREQUENCY_ID, PROJECTLABELS]
Column names for Curated Table --> DIM_TECHNICIAN :: [ADDONCREWSPLITCOMMISSIONRATE, COMMUTETIME, DEFAULTLABORTYPE_ID, EMAILCONFIRMED, FIRSTNAME, FLEET_ID, HOME_COUNTRY, HOME_UNIT, MOBILEPHONE, PHONECONFIRMED, ISEXCLUDEDFROMPAYROLL, OVERALLSALESFACTOR_TECHNICIAN, TURNOVERBONUS, PAYPERIOD, PAYROLLROLE, PAYROLLSTARTDATE, BIRTHDATE, HOME_ISMANUALCOORDINATES, HOME_ISMILITARY, INVENTORYWAREHOUSENAME, JOBFILTER, MEMO, PAYFREQUENCY_ID, POSITION, ID, ISAUTODISPATCHED, LICENSE, TEAM, SCHEDULEDCREWSPLITCOMMISSIONRATE, SALESFACTOR, ADDONSOLOCOMMISSIONRATE, CURRENTVALUE, DAILYGOAL, DEDUCTCOMMUTETIMEFROMFIRSTDRIVE, MANAGER_ID, OVERTIMEPROFILE_ID, SHIFTSTART, SHOWJOBAPPOINTMENTRESCHEDULEALERT, SMARTDISPATCHSETTINGS_TECHNICIAN, GOALIMAGE, MODIFIEDON, PAYROLLID, PAYROLLREPORTVERSION, RECORD_CREATE_DATE, TODAYREVENUE_TECHNICIAN, TYPE, PROJECTLABELS, SCHEDULEDSOLOCOMMISSIONRATE, LONGITUDE, ADDONMULTITECHCOMMISSIONRATE, APPOINTMENT_ID, CHECKEDIN, COLOR, CREATEDON, DISPATCHNOTIFICATIONS, IMPORTID, LASTNAME, MOBILEPHONECONFIRMED, STATUSUPDATEDON, ZONE_ID, HOME_STATE, NAME, NAVISIONEMPLOYEEID, PAYROLLPOSTINGGROUP_ID, PHOTO, MEALTIME, PROJECTEDVALUE, STANDARDPAYROLLCONTROLCODE_ID, OVERTIMEMODE, BURDENRATE, FIRSTDRIVERULE, JOB_ID, PAYROLLPROFILE_ID, QBREPID, ROUTESTATISTICS_TECHNICIAN, STARTDATE, TRUCK_ID, USER_ID, STANDARDWORKTYPECODE_ID, MIDDLENAME, COMMISSIONRATE, CREATEDBY_ID, HOME_LONGITUDE, HOME_ZIP, HOURLYRATE, LATITUDE, SCHEDULEDMULTITECHCOMMISSIONRATE, BUSINESSUNIT_ID, OUTBOUNDCALLERID, RECORD_UPDATED_BY, STATUS, MUHULINK, OVERTIMEPAYROLLCONTROLCODE_ID, UNION, PAYTYPE, INVOICINGHOURLYRATE, RECORD_UPDATE_DATE, COORDINATESUPDATEDON, LOCATION_TECHNICIAN, EMAIL, HOME_CITY, ISEXTERNAL, OVERTIMEWORKTYPECODE_ID, PAYROLLSTARTPERIOD, SHIFTEND, WILLIAMSTECHNICIANROLE, TENANT_TYPE, ACTIVE, ATLASBUTLERTECHNICIANROLE, BIO, DEFAULTPAYROLLADJUSTMENTRATE, HOME_LATITUDE, HOME_STREET, ISMANAGEDTECH, PHONE, SALESFORCECONTACTID, SOLDBYRATE]
Column Name found in Datamart and Curated Table :: ADDONCREWSPLITCOMMISSIONRATE
Column Name found in Datamart and Curated Table :: ATLASBUTLERTECHNICIANROLE
Column Name found in Datamart and Curated Table :: FIRSTDRIVERULE
Column Name found in Datamart and Curated Table :: HOME_ISMANUALCOORDINATES
Column Name found in Datamart and Curated Table :: NAVISIONEMPLOYEEID
Column Name found in Datamart and Curated Table :: PAYROLLID
Column Name found in Datamart and Curated Table :: PAYROLLPOSTINGGROUP_ID
Column Name found in Datamart and Curated Table :: SALESFACTOR
Column Name found in Datamart and Curated Table :: SALESFORCECONTACTID
Column Name found in Datamart and Curated Table :: PAYROLLREPORTVERSION
Column Name found in Datamart and Curated Table :: STANDARDWORKTYPECODE_ID
Column Name found in Datamart and Curated Table :: MUHULINK
Column Name found in Datamart and Curated Table :: COMMISSIONRATE
Column Name found in Datamart and Curated Table :: HOME_ISMILITARY
Column Name found in Datamart and Curated Table :: LICENSE
Column Name found in Datamart and Curated Table :: GOALIMAGE
Column Name found in Datamart and Curated Table :: IMPORTID
Column Name found in Datamart and Curated Table :: MOBILEPHONECONFIRMED
Column Name found in Datamart and Curated Table :: PAYTYPE
Column Name found in Datamart and Curated Table :: MANAGER_ID
Column Name found in Datamart and Curated Table :: SHIFTSTART
Column Name found in Datamart and Curated Table :: NAME
Column Name found in Datamart and Curated Table :: ADDONSOLOCOMMISSIONRATE
Column Name found in Datamart and Curated Table :: BIO
Column Name found in Datamart and Curated Table :: BUSINESSUNIT_ID
Column Name found in Datamart and Curated Table :: HOME_CITY
Column Name found in Datamart and Curated Table :: ID
Column Name found in Datamart and Curated Table :: ISMANAGEDTECH
Column Name found in Datamart and Curated Table :: PROJECTLABELS
Column Name found in Datamart and Curated Table :: SCHEDULEDSOLOCOMMISSIONRATE
Column Name found in Datamart and Curated Table :: BIRTHDATE
Column Name found in Datamart and Curated Table :: HOME_COUNTRY
Column Name found in Datamart and Curated Table :: PHOTO
Column Name found in Datamart and Curated Table :: TURNOVERBONUS
Column Name found in Datamart and Curated Table :: USER_ID
Column Name found in Datamart and Curated Table :: WILLIAMSTECHNICIANROLE
Column Name found in Datamart and Curated Table :: ZONE_ID
Column Name found in Datamart and Curated Table :: OVERTIMEPROFILE_ID
Column Name found in Datamart and Curated Table :: CREATEDON
Column Name found in Datamart and Curated Table :: TODAYREVENUE_TECHNICIAN
Column Name found in Datamart and Curated Table :: ACTIVE
Column Name found in Datamart and Curated Table :: DEFAULTPAYROLLADJUSTMENTRATE
Column Name found in Datamart and Curated Table :: ISAUTODISPATCHED
Column Name found in Datamart and Curated Table :: LASTNAME
Column Name found in Datamart and Curated Table :: ISEXTERNAL
Column Name found in Datamart and Curated Table :: SHIFTEND
Column Name found in Datamart and Curated Table :: SCHEDULEDCREWSPLITCOMMISSIONRATE
Column Name found in Datamart and Curated Table :: DAILYGOAL
Column Name found in Datamart and Curated Table :: APPOINTMENT_ID
Column Name found in Datamart and Curated Table :: BURDENRATE
Column Name found in Datamart and Curated Table :: HOME_ZIP
Column Name found in Datamart and Curated Table :: PAYROLLSTARTPERIOD
Column Name found in Datamart and Curated Table :: STATUSUPDATEDON
Column Name found in Datamart and Curated Table :: OVERTIMEWORKTYPECODE_ID
Column Name found in Datamart and Curated Table :: PAYROLLPROFILE_ID
Column Name found in Datamart and Curated Table :: PAYROLLROLE
Column Name found in Datamart and Curated Table :: PAYROLLSTARTDATE
Column Name found in Datamart and Curated Table :: SOLDBYRATE
Column Name not found in Datamart and Curated Table :: ISEXCLUDEDFROMPAYROLL
Column Name found in Datamart and Curated Table :: COORDINATESUPDATEDON
Column Name found in Datamart and Curated Table :: EMAIL
Column Name found in Datamart and Curated Table :: EMAILCONFIRMED
Column Name found in Datamart and Curated Table :: HOME_LATITUDE
Column Name found in Datamart and Curated Table :: OVERTIMEPAYROLLCONTROLCODE_ID
Column Name found in Datamart and Curated Table :: PAYPERIOD
Column Name found in Datamart and Curated Table :: STANDARDPAYROLLCONTROLCODE_ID
Column Name found in Datamart and Curated Table :: CHECKEDIN
Column Name found in Datamart and Curated Table :: DEFAULTLABORTYPE_ID
Column Name found in Datamart and Curated Table :: JOBFILTER
Column Name found in Datamart and Curated Table :: PAYFREQUENCY_ID
Column Name found in Datamart and Curated Table :: MOBILEPHONE
Column Name found in Datamart and Curated Table :: OUTBOUNDCALLERID
Column Name found in Datamart and Curated Table :: SCHEDULEDMULTITECHCOMMISSIONRATE
Column Name found in Datamart and Curated Table :: STARTDATE
Column Name found in Datamart and Curated Table :: CURRENTVALUE
Column Name found in Datamart and Curated Table :: DEDUCTCOMMUTETIMEFROMFIRSTDRIVE
Column Name found in Datamart and Curated Table :: FIRSTNAME
Column Name found in Datamart and Curated Table :: MEALTIME
Column Name found in Datamart and Curated Table :: MEMO
Column Name found in Datamart and Curated Table :: PHONECONFIRMED
Column Name found in Datamart and Curated Table :: SHOWJOBAPPOINTMENTRESCHEDULEALERT
Column Name found in Datamart and Curated Table :: DISPATCHNOTIFICATIONS
Column Name found in Datamart and Curated Table :: JOB_ID
Column Name found in Datamart and Curated Table :: LATITUDE
Column Name found in Datamart and Curated Table :: MIDDLENAME
Column Name found in Datamart and Curated Table :: ROUTESTATISTICS_TECHNICIAN
Column Name found in Datamart and Curated Table :: CREATEDBY_ID
Column Name found in Datamart and Curated Table :: PHONE
Column Name found in Datamart and Curated Table :: QBREPID
Column Name found in Datamart and Curated Table :: SMARTDISPATCHSETTINGS_TECHNICIAN
Column Name found in Datamart and Curated Table :: STATUS
Column Name found in Datamart and Curated Table :: UNION
Column Name found in Datamart and Curated Table :: HOME_UNIT
Column Name found in Datamart and Curated Table :: HOURLYRATE
Column Name found in Datamart and Curated Table :: INVENTORYWAREHOUSENAME
Column Name found in Datamart and Curated Table :: INVOICINGHOURLYRATE
Column Name found in Datamart and Curated Table :: TYPE
Column Name found in Datamart and Curated Table :: ADDONMULTITECHCOMMISSIONRATE
Column Name found in Datamart and Curated Table :: COLOR
Column Name found in Datamart and Curated Table :: HOME_STATE
Column Name found in Datamart and Curated Table :: MODIFIEDON
Column Name found in Datamart and Curated Table :: OVERALLSALESFACTOR_TECHNICIAN
Column Name found in Datamart and Curated Table :: POSITION
Column Name found in Datamart and Curated Table :: TEAM
Column Name found in Datamart and Curated Table :: COMMUTETIME
Column Name found in Datamart and Curated Table :: HOME_LONGITUDE
Column Name found in Datamart and Curated Table :: HOME_STREET
Column Name found in Datamart and Curated Table :: LOCATION_TECHNICIAN
Column Name found in Datamart and Curated Table :: OVERTIMEMODE
Column Name found in Datamart and Curated Table :: PROJECTEDVALUE
Column Name found in Datamart and Curated Table :: LONGITUDE
Column Name found in Datamart and Curated Table :: TRUCK_ID
Column Name found in Datamart and Curated Table :: TENANT_TYPE
Datamart tables contains additional column name like [ACTIVE_FLAG, RECORD_CREATE_DATE, RECORD_UPDATE_DATE, MASTER_ID]
Curated tables contains additional column name like [RECORD_CREATE_DATE, RECORD_UPDATE_DATE, RECORD_UPDATED_BY]]]>
  </system-out>
  <testcase classname="testcases.RAW_DATAMART_CURATED.SnowFlake_ColumnValidation_Master" name="Testcase_ColumnValidation" time="2.353">
    <failure message="The following asserts failed:
	null" type="java.lang.AssertionError">
      <![CDATA[java.lang.AssertionError: The following asserts failed:
null
at org.testng.asserts.SoftAssert.assertAll(SoftAssert.java:47)
at org.testng.asserts.SoftAssert.assertAll(SoftAssert.java:31)
at testcases.RAW_DATAMART_CURATED.SnowFlake_ColumnValidation_Master.BKP_Tables_ColumnName_validation(SnowFlake_ColumnValidation_Master.java:231)
at testcases.RAW_DATAMART_CURATED.SnowFlake_ColumnValidation_Master.Testcase_ColumnValidation(SnowFlake_ColumnValidation_Master.java:240)
at jdk.internal.reflect.GeneratedMethodAccessor12.invoke(Unknown Source)
at java.base/jdk.internal.reflect.DelegatingMethodAccessorImpl.invoke(DelegatingMethodAccessorImpl.java:43)
at java.base/java.lang.reflect.Method.invoke(Method.java:568)
at org.testng.internal.MethodInvocationHelper.invokeMethod(MethodInvocationHelper.java:133)
at org.testng.internal.TestInvoker.invokeMethod(TestInvoker.java:598)
at org.testng.internal.TestInvoker.invokeTestMethod(TestInvoker.java:173)
at org.testng.internal.MethodRunner.runInSequence(MethodRunner.java:46)
at org.testng.internal.TestInvoker$MethodInvocationAgent.invoke(TestInvoker.java:824)
at org.testng.internal.TestInvoker.invokeTestMethods(TestInvoker.java:146)
at org.testng.internal.TestMethodWorker.invokeTestMethods(TestMethodWorker.java:146)
at org.testng.internal.TestMethodWorker.run(TestMethodWorker.java:128)
at java.base/java.util.ArrayList.forEach(ArrayList.java:1511)
at org.testng.TestRunner.privateRun(TestRunner.java:794)
at org.testng.TestRunner.run(TestRunner.java:596)
at org.testng.SuiteRunner.runTest(SuiteRunner.java:377)
at org.testng.SuiteRunner.runSequentially(SuiteRunner.java:371)
at org.testng.SuiteRunner.privateRun(SuiteRunner.java:332)
at org.testng.SuiteRunner.run(SuiteRunner.java:276)
at org.testng.SuiteRunnerWorker.runSuite(SuiteRunnerWorker.java:53)
at org.testng.SuiteRunnerWorker.run(SuiteRunnerWorker.java:96)
at org.testng.TestNG.runSuitesSequentially(TestNG.java:1212)
at org.testng.TestNG.runSuitesLocally(TestNG.java:1134)
at org.testng.TestNG.runSuites(TestNG.java:1063)
at org.testng.TestNG.run(TestNG.java:1031)
at org.testng.remote.AbstractRemoteTestNG.run(AbstractRemoteTestNG.java:115)
at org.testng.remote.RemoteTestNG.initAndRun(RemoteTestNG.java:251)
at org.testng.remote.RemoteTestNG.main(RemoteTestNG.java:77)
]]>
    </failure>
  </testcase> <!-- Testcase_ColumnValidation -->
  <system-out>
    <![CDATA[Executing Snowflake query :: SELECT COLUMN_NAME FROM DEV_ENT_RAW.INFORMATION_SCHEMA.COLUMNS WHERE TABLE_NAME='PROJECT'and TABLE_SCHEMA='ST_HENDERSON_MATILLION'
Executing Snowflake query :: SELECT COLUMN_NAME FROM CURATED_DATAMART.INFORMATION_SCHEMA.COLUMNS WHERE TABLE_NAME='STR_PROJECT'and TABLE_SCHEMA='ST_BKP_HENDERSON'
Executing Snowflake query :: SELECT COLUMN_NAME FROM DEV_ENT_CURATED.INFORMATION_SCHEMA.COLUMNS WHERE TABLE_NAME='DIM_PROJECT'and TABLE_SCHEMA='MASTER_DIMENSIONS'
Column names for RAW Table --> PROJECT :: [COMPLETEDONACTUAL, COMPLETIONPERCENT, CREATEDBY_ID, CREATEDON, CONTRACTSTARTDATE, CUSTOMER_ID, ID, IMPORTID, ISRETAINAGEENABLED, PAYMENTTERM_ID, CONTRACTESTIMATE_ID, CONTRACTFOR, STARTEDON, ACKNOWLEDGEMENTSIGNATURE, AUTHORIZATIONSIGNATURE, COMPLETEDON, COSTTOCOMPLETE, ISPREVAILINGWAGE, RETAINAGEPERCENT, NAME, REVENUERECOGNITIONMETHOD, ACTIVE, AREITEMSREORDERED, MODIFIEDON, SUMMARY, TECHNICIANSIGNATURE, LOCATION_ID, PROJECTSETTINGSTYPE, NUMBER]
Column names for DataMart Table --> STR_PROJECT :: [AUTHORIZATIONSIGNATURE, COMPLETEDON, IMPORTID, MASTER_ID, PAYMENTTERM_ID, COMPLETIONPERCENT, LOCATION_ID, RECORD_UPDATE_DATE, MODIFIEDON, ACKNOWLEDGEMENTSIGNATURE, ID, NUMBER, ISPREVAILINGWAGE, NAME, PROJECTSETTINGSTYPE, MD5_VALUE, CONTRACTESTIMATE_ID, CREATEDON, ISRETAINAGEENABLED, TENANT_TYPE, ACTIVE, CONTRACTFOR, RECORD_CREATE_DATE, TECHNICIANSIGNATURE, COMPLETEDONACTUAL, CREATEDBY_ID, CUSTOMER_ID, RETAINAGEPERCENT, REVENUERECOGNITIONMETHOD, SUMMARY, ACTIVE_FLAG, AREITEMSREORDERED, CONTRACTSTARTDATE, STARTEDON]
Column names for Curated Table --> DIM_PROJECT :: [RECORD_UPDATE_DATE, ACTIVE, AUTHORIZATIONSIGNATURE, COMPLETEDON, RETAINAGEPERCENT, IMPORTID, CONTRACTFOR, CONTRACTSTARTDATE, ID, ISRETAINAGEENABLED, RECORD_CREATE_DATE, RECORD_UPDATED_BY, TENANT_TYPE, PROJECTSETTINGSTYPE, TECHNICIANSIGNATURE, ISPREVAILINGWAGE, MD5_VALUE, NAME, PAYMENTTERM_ID, COMPLETEDONACTUAL, CUSTOMER_ID, NUMBER, AREITEMSREORDERED, CREATEDON, LOCATION_ID, MODIFIEDON, STARTEDON, ACKNOWLEDGEMENTSIGNATURE, COMPLETIONPERCENT, CONTRACTESTIMATE_ID, SUMMARY, CREATEDBY_ID, REVENUERECOGNITIONMETHOD]
Column Name found in Datamart and Curated Table :: COMPLETEDONACTUAL
Column Name found in Datamart and Curated Table :: COMPLETIONPERCENT
Column Name found in Datamart and Curated Table :: CREATEDBY_ID
Column Name found in Datamart and Curated Table :: CREATEDON
Column Name found in Datamart and Curated Table :: CONTRACTSTARTDATE
Column Name found in Datamart and Curated Table :: CUSTOMER_ID
Column Name found in Datamart and Curated Table :: ID
Column Name found in Datamart and Curated Table :: IMPORTID
Column Name found in Datamart and Curated Table :: ISRETAINAGEENABLED
Column Name found in Datamart and Curated Table :: PAYMENTTERM_ID
Column Name found in Datamart and Curated Table :: CONTRACTESTIMATE_ID
Column Name found in Datamart and Curated Table :: CONTRACTFOR
Column Name found in Datamart and Curated Table :: STARTEDON
Column Name found in Datamart and Curated Table :: ACKNOWLEDGEMENTSIGNATURE
Column Name found in Datamart and Curated Table :: AUTHORIZATIONSIGNATURE
Column Name found in Datamart and Curated Table :: COMPLETEDON
Column Name not found in Datamart and Curated Table :: COSTTOCOMPLETE
Column Name found in Datamart and Curated Table :: ISPREVAILINGWAGE
Column Name found in Datamart and Curated Table :: RETAINAGEPERCENT
Column Name found in Datamart and Curated Table :: NAME
Column Name found in Datamart and Curated Table :: REVENUERECOGNITIONMETHOD
Column Name found in Datamart and Curated Table :: ACTIVE
Column Name found in Datamart and Curated Table :: AREITEMSREORDERED
Column Name found in Datamart and Curated Table :: MODIFIEDON
Column Name found in Datamart and Curated Table :: SUMMARY
Column Name found in Datamart and Curated Table :: TECHNICIANSIGNATURE
Column Name found in Datamart and Curated Table :: LOCATION_ID
Column Name found in Datamart and Curated Table :: PROJECTSETTINGSTYPE
Column Name found in Datamart and Curated Table :: NUMBER
Datamart tables contains additional column name like [ACTIVE_FLAG, RECORD_CREATE_DATE, RECORD_UPDATE_DATE, RECORD_UPDATE_DATE, MASTER_ID, TENANT_TYPE]
Curated tables contains additional column name like [RECORD_CREATE_DATE, RECORD_UPDATE_DATE, RECORD_UPDATED_BY, TENANT_TYPE]]]>
  </system-out>
  <testcase classname="testcases.RAW_DATAMART_CURATED.SnowFlake_ColumnValidation_Master" name="Testcase_ColumnValidation" time="2.231">
    <failure message="The following asserts failed:
	null" type="java.lang.AssertionError">
      <![CDATA[java.lang.AssertionError: The following asserts failed:
null
at org.testng.asserts.SoftAssert.assertAll(SoftAssert.java:47)
at org.testng.asserts.SoftAssert.assertAll(SoftAssert.java:31)
at testcases.RAW_DATAMART_CURATED.SnowFlake_ColumnValidation_Master.BKP_Tables_ColumnName_validation(SnowFlake_ColumnValidation_Master.java:231)
at testcases.RAW_DATAMART_CURATED.SnowFlake_ColumnValidation_Master.Testcase_ColumnValidation(SnowFlake_ColumnValidation_Master.java:240)
at jdk.internal.reflect.GeneratedMethodAccessor12.invoke(Unknown Source)
at java.base/jdk.internal.reflect.DelegatingMethodAccessorImpl.invoke(DelegatingMethodAccessorImpl.java:43)
at java.base/java.lang.reflect.Method.invoke(Method.java:568)
at org.testng.internal.MethodInvocationHelper.invokeMethod(MethodInvocationHelper.java:133)
at org.testng.internal.TestInvoker.invokeMethod(TestInvoker.java:598)
at org.testng.internal.TestInvoker.invokeTestMethod(TestInvoker.java:173)
at org.testng.internal.MethodRunner.runInSequence(MethodRunner.java:46)
at org.testng.internal.TestInvoker$MethodInvocationAgent.invoke(TestInvoker.java:824)
at org.testng.internal.TestInvoker.invokeTestMethods(TestInvoker.java:146)
at org.testng.internal.TestMethodWorker.invokeTestMethods(TestMethodWorker.java:146)
at org.testng.internal.TestMethodWorker.run(TestMethodWorker.java:128)
at java.base/java.util.ArrayList.forEach(ArrayList.java:1511)
at org.testng.TestRunner.privateRun(TestRunner.java:794)
at org.testng.TestRunner.run(TestRunner.java:596)
at org.testng.SuiteRunner.runTest(SuiteRunner.java:377)
at org.testng.SuiteRunner.runSequentially(SuiteRunner.java:371)
at org.testng.SuiteRunner.privateRun(SuiteRunner.java:332)
at org.testng.SuiteRunner.run(SuiteRunner.java:276)
at org.testng.SuiteRunnerWorker.runSuite(SuiteRunnerWorker.java:53)
at org.testng.SuiteRunnerWorker.run(SuiteRunnerWorker.java:96)
at org.testng.TestNG.runSuitesSequentially(TestNG.java:1212)
at org.testng.TestNG.runSuitesLocally(TestNG.java:1134)
at org.testng.TestNG.runSuites(TestNG.java:1063)
at org.testng.TestNG.run(TestNG.java:1031)
at org.testng.remote.AbstractRemoteTestNG.run(AbstractRemoteTestNG.java:115)
at org.testng.remote.RemoteTestNG.initAndRun(RemoteTestNG.java:251)
at org.testng.remote.RemoteTestNG.main(RemoteTestNG.java:77)
]]>
    </failure>
  </testcase> <!-- Testcase_ColumnValidation -->
  <system-out>
    <![CDATA[Executing Snowflake query :: SELECT COLUMN_NAME FROM DEV_ENT_RAW.INFORMATION_SCHEMA.COLUMNS WHERE TABLE_NAME='PROJECT'and TABLE_SCHEMA='ST_HARP_MATILLION'
Executing Snowflake query :: SELECT COLUMN_NAME FROM CURATED_DATAMART.INFORMATION_SCHEMA.COLUMNS WHERE TABLE_NAME='STR_PROJECT'and TABLE_SCHEMA='ST_BKP_HARP'
Executing Snowflake query :: SELECT COLUMN_NAME FROM DEV_ENT_CURATED.INFORMATION_SCHEMA.COLUMNS WHERE TABLE_NAME='DIM_PROJECT'and TABLE_SCHEMA='MASTER_DIMENSIONS'
Column names for RAW Table --> PROJECT :: [CUSTOMER_ID, ISPREVAILINGWAGE, TECHNICIANSIGNATURE, COMPLETEDONACTUAL, CONTRACTESTIMATE_ID, PROJECTSETTINGSTYPE, CONTRACTSTARTDATE, AUTHORIZATIONSIGNATURE, LOCATION_ID, RETAINAGEPERCENT, NUMBER, PAYMENTTERM_ID, REVENUERECOGNITIONMETHOD, CONTRACTFOR, CREATEDBY_ID, NAME, STARTEDON, ACKNOWLEDGEMENTSIGNATURE, COMPLETEDON, SUMMARY, AREITEMSREORDERED, IMPORTID, ISRETAINAGEENABLED, ACTIVE, COSTTOCOMPLETE, CREATEDON, MODIFIEDON, ID, COMPLETIONPERCENT]
Column names for DataMart Table --> STR_PROJECT :: [COMPLETEDONACTUAL, IMPORTID, CREATEDBY_ID, ISPREVAILINGWAGE, ACKNOWLEDGEMENTSIGNATURE, AREITEMSREORDERED, RECORD_UPDATE_DATE, TENANT_TYPE, NAME, ACTIVE, CREATEDON, MODIFIEDON, MASTER_ID, ACTIVE_FLAG, AUTHORIZATIONSIGNATURE, COMPLETEDON, LOCATION_ID, RECORD_CREATE_DATE, REVENUERECOGNITIONMETHOD, CONTRACTSTARTDATE, NUMBER, STARTEDON, PROJECTSETTINGSTYPE, RETAINAGEPERCENT, CONTRACTESTIMATE_ID, ISRETAINAGEENABLED, MD5_VALUE, TECHNICIANSIGNATURE, ID, COMPLETIONPERCENT, CONTRACTFOR, CUSTOMER_ID, PAYMENTTERM_ID, SUMMARY]
Column names for Curated Table --> DIM_PROJECT :: [RECORD_UPDATE_DATE, ACTIVE, AUTHORIZATIONSIGNATURE, COMPLETEDON, RETAINAGEPERCENT, IMPORTID, CONTRACTFOR, CONTRACTSTARTDATE, ID, ISRETAINAGEENABLED, RECORD_CREATE_DATE, RECORD_UPDATED_BY, TENANT_TYPE, PROJECTSETTINGSTYPE, TECHNICIANSIGNATURE, ISPREVAILINGWAGE, MD5_VALUE, NAME, PAYMENTTERM_ID, COMPLETEDONACTUAL, CUSTOMER_ID, NUMBER, AREITEMSREORDERED, CREATEDON, LOCATION_ID, MODIFIEDON, STARTEDON, ACKNOWLEDGEMENTSIGNATURE, COMPLETIONPERCENT, CONTRACTESTIMATE_ID, SUMMARY, CREATEDBY_ID, REVENUERECOGNITIONMETHOD]
Column Name found in Datamart and Curated Table :: CUSTOMER_ID
Column Name found in Datamart and Curated Table :: ISPREVAILINGWAGE
Column Name found in Datamart and Curated Table :: TECHNICIANSIGNATURE
Column Name found in Datamart and Curated Table :: COMPLETEDONACTUAL
Column Name found in Datamart and Curated Table :: CONTRACTESTIMATE_ID
Column Name found in Datamart and Curated Table :: PROJECTSETTINGSTYPE
Column Name found in Datamart and Curated Table :: CONTRACTSTARTDATE
Column Name found in Datamart and Curated Table :: AUTHORIZATIONSIGNATURE
Column Name found in Datamart and Curated Table :: LOCATION_ID
Column Name found in Datamart and Curated Table :: RETAINAGEPERCENT
Column Name found in Datamart and Curated Table :: NUMBER
Column Name found in Datamart and Curated Table :: PAYMENTTERM_ID
Column Name found in Datamart and Curated Table :: REVENUERECOGNITIONMETHOD
Column Name found in Datamart and Curated Table :: CONTRACTFOR
Column Name found in Datamart and Curated Table :: CREATEDBY_ID
Column Name found in Datamart and Curated Table :: NAME
Column Name found in Datamart and Curated Table :: STARTEDON
Column Name found in Datamart and Curated Table :: ACKNOWLEDGEMENTSIGNATURE
Column Name found in Datamart and Curated Table :: COMPLETEDON
Column Name found in Datamart and Curated Table :: SUMMARY
Column Name found in Datamart and Curated Table :: AREITEMSREORDERED
Column Name found in Datamart and Curated Table :: IMPORTID
Column Name found in Datamart and Curated Table :: ISRETAINAGEENABLED
Column Name found in Datamart and Curated Table :: ACTIVE
Column Name not found in Datamart and Curated Table :: COSTTOCOMPLETE
Column Name found in Datamart and Curated Table :: CREATEDON
Column Name found in Datamart and Curated Table :: MODIFIEDON
Column Name found in Datamart and Curated Table :: ID
Column Name found in Datamart and Curated Table :: COMPLETIONPERCENT
Datamart tables contains additional column name like [ACTIVE_FLAG, RECORD_CREATE_DATE, RECORD_UPDATE_DATE, RECORD_UPDATE_DATE, MASTER_ID, TENANT_TYPE]
Curated tables contains additional column name like [RECORD_CREATE_DATE, RECORD_UPDATE_DATE, RECORD_UPDATED_BY, TENANT_TYPE]]]>
  </system-out>
  <testcase classname="testcases.RAW_DATAMART_CURATED.SnowFlake_ColumnValidation_Master" name="Testcase_ColumnValidation" time="2.454">
    <failure message="The following asserts failed:
	null" type="java.lang.AssertionError">
      <![CDATA[java.lang.AssertionError: The following asserts failed:
null
at org.testng.asserts.SoftAssert.assertAll(SoftAssert.java:47)
at org.testng.asserts.SoftAssert.assertAll(SoftAssert.java:31)
at testcases.RAW_DATAMART_CURATED.SnowFlake_ColumnValidation_Master.API_Tables_ColumnName_validation(SnowFlake_ColumnValidation_Master.java:130)
at testcases.RAW_DATAMART_CURATED.SnowFlake_ColumnValidation_Master.Testcase_ColumnValidation(SnowFlake_ColumnValidation_Master.java:243)
at jdk.internal.reflect.GeneratedMethodAccessor12.invoke(Unknown Source)
at java.base/jdk.internal.reflect.DelegatingMethodAccessorImpl.invoke(DelegatingMethodAccessorImpl.java:43)
at java.base/java.lang.reflect.Method.invoke(Method.java:568)
at org.testng.internal.MethodInvocationHelper.invokeMethod(MethodInvocationHelper.java:133)
at org.testng.internal.TestInvoker.invokeMethod(TestInvoker.java:598)
at org.testng.internal.TestInvoker.invokeTestMethod(TestInvoker.java:173)
at org.testng.internal.MethodRunner.runInSequence(MethodRunner.java:46)
at org.testng.internal.TestInvoker$MethodInvocationAgent.invoke(TestInvoker.java:824)
at org.testng.internal.TestInvoker.invokeTestMethods(TestInvoker.java:146)
at org.testng.internal.TestMethodWorker.invokeTestMethods(TestMethodWorker.java:146)
at org.testng.internal.TestMethodWorker.run(TestMethodWorker.java:128)
at java.base/java.util.ArrayList.forEach(ArrayList.java:1511)
at org.testng.TestRunner.privateRun(TestRunner.java:794)
at org.testng.TestRunner.run(TestRunner.java:596)
at org.testng.SuiteRunner.runTest(SuiteRunner.java:377)
at org.testng.SuiteRunner.runSequentially(SuiteRunner.java:371)
at org.testng.SuiteRunner.privateRun(SuiteRunner.java:332)
at org.testng.SuiteRunner.run(SuiteRunner.java:276)
at org.testng.SuiteRunnerWorker.runSuite(SuiteRunnerWorker.java:53)
at org.testng.SuiteRunnerWorker.run(SuiteRunnerWorker.java:96)
at org.testng.TestNG.runSuitesSequentially(TestNG.java:1212)
at org.testng.TestNG.runSuitesLocally(TestNG.java:1134)
at org.testng.TestNG.runSuites(TestNG.java:1063)
at org.testng.TestNG.run(TestNG.java:1031)
at org.testng.remote.AbstractRemoteTestNG.run(AbstractRemoteTestNG.java:115)
at org.testng.remote.RemoteTestNG.initAndRun(RemoteTestNG.java:251)
at org.testng.remote.RemoteTestNG.main(RemoteTestNG.java:77)
]]>
    </failure>
  </testcase> <!-- Testcase_ColumnValidation -->
  <system-out>
    <![CDATA[Executing Snowflake query :: SELECT COLUMN_NAME FROM DEV_ENT_RAW.INFORMATION_SCHEMA.COLUMNS WHERE TABLE_NAME='ST_API_TECHNICIAN'and TABLE_SCHEMA='API_MAT'
Executing Snowflake query :: SELECT COLUMN_NAME FROM CURATED_DATAMART.INFORMATION_SCHEMA.COLUMNS WHERE TABLE_NAME='STR_API_TECHNICIAN'and TABLE_SCHEMA='ST_API_BILLFENWICK'
Executing Snowflake query :: SELECT COLUMN_NAME FROM DEV_ENT_CURATED.INFORMATION_SCHEMA.COLUMNS WHERE TABLE_NAME='DIM_TECHNICIAN'and TABLE_SCHEMA='MASTER_DIMENSIONS'
Column names for RAW Table --> ST_API_TECHNICIAN :: [ADDONCREWSPLITCOMMISSIONRATE, ATLASBUTLERTECHNICIANROLE, FIRSTDRIVERULE, HOME_ISMANUALCOORDINATES, NAVISIONEMPLOYEEID, PAYROLLID, PAYROLLPOSTINGGROUP_ID, SALESFACTOR, SALESFORCECONTACTID, PAYROLLREPORTVERSION, STANDARDWORKTYPECODE_ID, MUHULINK, COMMISSIONRATE, HOME_ISMILITARY, LICENSE, GOALIMAGE, IMPORTID, MOBILEPHONECONFIRMED, PAYTYPE, MANAGER_ID, SHIFTSTART, NAME, ADDONSOLOCOMMISSIONRATE, BIO, BUSINESSUNIT_ID, HOME_CITY, ID, ISMANAGEDTECH, PROJECTLABELS, SCHEDULEDSOLOCOMMISSIONRATE, BIRTHDATE, HOME_COUNTRY, PHOTO, TURNOVERBONUS, USER_ID, WILLIAMSTECHNICIANROLE, ZONE_ID, OVERTIMEPROFILE_ID, CREATEDON, TODAYREVENUE_TECHNICIAN, ACTIVE, DEFAULTPAYROLLADJUSTMENTRATE, ISAUTODISPATCHED, LASTNAME, ISEXTERNAL, SHIFTEND, SCHEDULEDCREWSPLITCOMMISSIONRATE, DAILYGOAL, APPOINTMENT_ID, BURDENRATE, HOME_ZIP, PAYROLLSTARTPERIOD, STATUSUPDATEDON, OVERTIMEWORKTYPECODE_ID, PAYROLLPROFILE_ID, PAYROLLROLE, PAYROLLSTARTDATE, SOLDBYRATE, ISEXCLUDEDFROMPAYROLL, COORDINATESUPDATEDON, EMAIL, EMAILCONFIRMED, HOME_LATITUDE, OVERTIMEPAYROLLCONTROLCODE_ID, PAYPERIOD, STANDARDPAYROLLCONTROLCODE_ID, CHECKEDIN, DEFAULTLABORTYPE_ID, JOBFILTER, PAYFREQUENCY_ID, MOBILEPHONE, OUTBOUNDCALLERID, SCHEDULEDMULTITECHCOMMISSIONRATE, STARTDATE, CURRENTVALUE, DEDUCTCOMMUTETIMEFROMFIRSTDRIVE, FIRSTNAME, MEALTIME, MEMO, PHONECONFIRMED, SHOWJOBAPPOINTMENTRESCHEDULEALERT, DISPATCHNOTIFICATIONS, JOB_ID, LATITUDE, MIDDLENAME, ROUTESTATISTICS_TECHNICIAN, CREATEDBY_ID, PHONE, QBREPID, SMARTDISPATCHSETTINGS_TECHNICIAN, STATUS, UNION, HOME_UNIT, HOURLYRATE, INVENTORYWAREHOUSENAME, INVOICINGHOURLYRATE, TYPE, ADDONMULTITECHCOMMISSIONRATE, COLOR, HOME_STATE, MODIFIEDON, OVERALLSALESFACTOR_TECHNICIAN, POSITION, TEAM, COMMUTETIME, HOME_LONGITUDE, HOME_STREET, LOCATION_TECHNICIAN, OVERTIMEMODE, PROJECTEDVALUE, LONGITUDE, TRUCK_ID, TENANT_TYPE]
Column names for DataMart Table --> STR_API_TECHNICIAN :: [ACTIVE_FLAG, FIRSTNAME, HOME_COUNTRY, HOME_ISMANUALCOORDINATES, ID, OVERTIMEMODE, PROJECTLABELS, SHOWJOBAPPOINTMENTRESCHEDULEALERT, COORDINATESUPDATEDON, HOME_UNIT, JOBFILTER, SALESFORCECONTACTID, TURNOVERBONUS, BUSINESSUNIT_ID, COMMISSIONRATE, HOME_CITY, ISEXTERNAL, QBREPID, HOME_STREET, RECORD_UPDATE_DATE, ROUTESTATISTICS_TECHNICIAN, STATUS, POSITION, RECORD_CREATE_DATE, IMPORTID, HOME_LATITUDE, OUTBOUNDCALLERID, TENANT_TYPE, DAILYGOAL, DEDUCTCOMMUTETIMEFROMFIRSTDRIVE, OVERTIMEPAYROLLCONTROLCODE_ID, OVERTIMEPROFILE_ID, PAYPERIOD, HOME_ISMILITARY, ISMANAGEDTECH, JOB_ID, PHONE, SCHEDULEDSOLOCOMMISSIONRATE, TODAYREVENUE_TECHNICIAN, OVERTIMEWORKTYPECODE_ID, SALESFACTOR, PAYROLLSTARTDATE, ATLASBUTLERTECHNICIANROLE, EMAIL, FLEET_ID, PHOTO, TEAM, LATITUDE, STANDARDWORKTYPECODE_ID, UNION, WILLIAMSTECHNICIANROLE, ADDONMULTITECHCOMMISSIONRATE, BURDENRATE, COLOR, CREATEDON, EMAILCONFIRMED, LOCATION_TECHNICIAN, MANAGER_ID, OVERALLSALESFACTOR_TECHNICIAN, SHIFTEND, HOME_LONGITUDE, HOME_ZIP, MODIFIEDON, MUHULINK, PAYROLLROLE, HOURLYRATE, LICENSE, LASTNAME, MEALTIME, PAYROLLID, SHIFTSTART, INVOICINGHOURLYRATE, MEMO, NAME, GOALIMAGE, ISAUTODISPATCHED, NAVISIONEMPLOYEEID, PAYFREQUENCY_ID, PAYROLLREPORTVERSION, PAYTYPE, SCHEDULEDCREWSPLITCOMMISSIONRATE, ZONE_ID, PHONECONFIRMED, SCHEDULEDMULTITECHCOMMISSIONRATE, STANDARDPAYROLLCONTROLCODE_ID, STARTDATE, ACTIVE, ADDONCREWSPLITCOMMISSIONRATE, ADDONSOLOCOMMISSIONRATE, BIRTHDATE, MOBILEPHONECONFIRMED, PAYROLLPOSTINGGROUP_ID, USER_ID, MOBILEPHONE, STATUSUPDATEDON, TRUCK_ID, TYPE, SMARTDISPATCHSETTINGS_TECHNICIAN, PAYROLLPROFILE_ID, APPOINTMENT_ID, BIO, CHECKEDIN, DEFAULTLABORTYPE_ID, DEFAULTPAYROLLADJUSTMENTRATE, DISPATCHNOTIFICATIONS, FIRSTDRIVERULE, HOME_STATE, LONGITUDE, COMMUTETIME, CURRENTVALUE, INVENTORYWAREHOUSENAME, MIDDLENAME, MASTER_ID, PAYROLLSTARTPERIOD, SOLDBYRATE, CREATEDBY_ID, PROJECTEDVALUE]
Column names for Curated Table --> DIM_TECHNICIAN :: [ADDONCREWSPLITCOMMISSIONRATE, COMMUTETIME, DEFAULTLABORTYPE_ID, EMAILCONFIRMED, FIRSTNAME, FLEET_ID, HOME_COUNTRY, HOME_UNIT, MOBILEPHONE, PHONECONFIRMED, ISEXCLUDEDFROMPAYROLL, OVERALLSALESFACTOR_TECHNICIAN, TURNOVERBONUS, PAYPERIOD, PAYROLLROLE, PAYROLLSTARTDATE, BIRTHDATE, HOME_ISMANUALCOORDINATES, HOME_ISMILITARY, INVENTORYWAREHOUSENAME, JOBFILTER, MEMO, PAYFREQUENCY_ID, POSITION, ID, ISAUTODISPATCHED, LICENSE, TEAM, SCHEDULEDCREWSPLITCOMMISSIONRATE, SALESFACTOR, ADDONSOLOCOMMISSIONRATE, CURRENTVALUE, DAILYGOAL, DEDUCTCOMMUTETIMEFROMFIRSTDRIVE, MANAGER_ID, OVERTIMEPROFILE_ID, SHIFTSTART, SHOWJOBAPPOINTMENTRESCHEDULEALERT, SMARTDISPATCHSETTINGS_TECHNICIAN, GOALIMAGE, MODIFIEDON, PAYROLLID, PAYROLLREPORTVERSION, RECORD_CREATE_DATE, TODAYREVENUE_TECHNICIAN, TYPE, PROJECTLABELS, SCHEDULEDSOLOCOMMISSIONRATE, LONGITUDE, ADDONMULTITECHCOMMISSIONRATE, APPOINTMENT_ID, CHECKEDIN, COLOR, CREATEDON, DISPATCHNOTIFICATIONS, IMPORTID, LASTNAME, MOBILEPHONECONFIRMED, STATUSUPDATEDON, ZONE_ID, HOME_STATE, NAME, NAVISIONEMPLOYEEID, PAYROLLPOSTINGGROUP_ID, PHOTO, MEALTIME, PROJECTEDVALUE, STANDARDPAYROLLCONTROLCODE_ID, OVERTIMEMODE, BURDENRATE, FIRSTDRIVERULE, JOB_ID, PAYROLLPROFILE_ID, QBREPID, ROUTESTATISTICS_TECHNICIAN, STARTDATE, TRUCK_ID, USER_ID, STANDARDWORKTYPECODE_ID, MIDDLENAME, COMMISSIONRATE, CREATEDBY_ID, HOME_LONGITUDE, HOME_ZIP, HOURLYRATE, LATITUDE, SCHEDULEDMULTITECHCOMMISSIONRATE, BUSINESSUNIT_ID, OUTBOUNDCALLERID, RECORD_UPDATED_BY, STATUS, MUHULINK, OVERTIMEPAYROLLCONTROLCODE_ID, UNION, PAYTYPE, INVOICINGHOURLYRATE, RECORD_UPDATE_DATE, COORDINATESUPDATEDON, LOCATION_TECHNICIAN, EMAIL, HOME_CITY, ISEXTERNAL, OVERTIMEWORKTYPECODE_ID, PAYROLLSTARTPERIOD, SHIFTEND, WILLIAMSTECHNICIANROLE, TENANT_TYPE, ACTIVE, ATLASBUTLERTECHNICIANROLE, BIO, DEFAULTPAYROLLADJUSTMENTRATE, HOME_LATITUDE, HOME_STREET, ISMANAGEDTECH, PHONE, SALESFORCECONTACTID, SOLDBYRATE]
Column Name found in Datamart and Curated Table :: ADDONCREWSPLITCOMMISSIONRATE
Column Name found in Datamart and Curated Table :: ATLASBUTLERTECHNICIANROLE
Column Name found in Datamart and Curated Table :: FIRSTDRIVERULE
Column Name found in Datamart and Curated Table :: HOME_ISMANUALCOORDINATES
Column Name found in Datamart and Curated Table :: NAVISIONEMPLOYEEID
Column Name found in Datamart and Curated Table :: PAYROLLID
Column Name found in Datamart and Curated Table :: PAYROLLPOSTINGGROUP_ID
Column Name found in Datamart and Curated Table :: SALESFACTOR
Column Name found in Datamart and Curated Table :: SALESFORCECONTACTID
Column Name found in Datamart and Curated Table :: PAYROLLREPORTVERSION
Column Name found in Datamart and Curated Table :: STANDARDWORKTYPECODE_ID
Column Name found in Datamart and Curated Table :: MUHULINK
Column Name found in Datamart and Curated Table :: COMMISSIONRATE
Column Name found in Datamart and Curated Table :: HOME_ISMILITARY
Column Name found in Datamart and Curated Table :: LICENSE
Column Name found in Datamart and Curated Table :: GOALIMAGE
Column Name found in Datamart and Curated Table :: IMPORTID
Column Name found in Datamart and Curated Table :: MOBILEPHONECONFIRMED
Column Name found in Datamart and Curated Table :: PAYTYPE
Column Name found in Datamart and Curated Table :: MANAGER_ID
Column Name found in Datamart and Curated Table :: SHIFTSTART
Column Name found in Datamart and Curated Table :: NAME
Column Name found in Datamart and Curated Table :: ADDONSOLOCOMMISSIONRATE
Column Name found in Datamart and Curated Table :: BIO
Column Name found in Datamart and Curated Table :: BUSINESSUNIT_ID
Column Name found in Datamart and Curated Table :: HOME_CITY
Column Name found in Datamart and Curated Table :: ID
Column Name found in Datamart and Curated Table :: ISMANAGEDTECH
Column Name found in Datamart and Curated Table :: PROJECTLABELS
Column Name found in Datamart and Curated Table :: SCHEDULEDSOLOCOMMISSIONRATE
Column Name found in Datamart and Curated Table :: BIRTHDATE
Column Name found in Datamart and Curated Table :: HOME_COUNTRY
Column Name found in Datamart and Curated Table :: PHOTO
Column Name found in Datamart and Curated Table :: TURNOVERBONUS
Column Name found in Datamart and Curated Table :: USER_ID
Column Name found in Datamart and Curated Table :: WILLIAMSTECHNICIANROLE
Column Name found in Datamart and Curated Table :: ZONE_ID
Column Name found in Datamart and Curated Table :: OVERTIMEPROFILE_ID
Column Name found in Datamart and Curated Table :: CREATEDON
Column Name found in Datamart and Curated Table :: TODAYREVENUE_TECHNICIAN
Column Name found in Datamart and Curated Table :: ACTIVE
Column Name found in Datamart and Curated Table :: DEFAULTPAYROLLADJUSTMENTRATE
Column Name found in Datamart and Curated Table :: ISAUTODISPATCHED
Column Name found in Datamart and Curated Table :: LASTNAME
Column Name found in Datamart and Curated Table :: ISEXTERNAL
Column Name found in Datamart and Curated Table :: SHIFTEND
Column Name found in Datamart and Curated Table :: SCHEDULEDCREWSPLITCOMMISSIONRATE
Column Name found in Datamart and Curated Table :: DAILYGOAL
Column Name found in Datamart and Curated Table :: APPOINTMENT_ID
Column Name found in Datamart and Curated Table :: BURDENRATE
Column Name found in Datamart and Curated Table :: HOME_ZIP
Column Name found in Datamart and Curated Table :: PAYROLLSTARTPERIOD
Column Name found in Datamart and Curated Table :: STATUSUPDATEDON
Column Name found in Datamart and Curated Table :: OVERTIMEWORKTYPECODE_ID
Column Name found in Datamart and Curated Table :: PAYROLLPROFILE_ID
Column Name found in Datamart and Curated Table :: PAYROLLROLE
Column Name found in Datamart and Curated Table :: PAYROLLSTARTDATE
Column Name found in Datamart and Curated Table :: SOLDBYRATE
Column Name not found in Datamart and Curated Table :: ISEXCLUDEDFROMPAYROLL
Column Name found in Datamart and Curated Table :: COORDINATESUPDATEDON
Column Name found in Datamart and Curated Table :: EMAIL
Column Name found in Datamart and Curated Table :: EMAILCONFIRMED
Column Name found in Datamart and Curated Table :: HOME_LATITUDE
Column Name found in Datamart and Curated Table :: OVERTIMEPAYROLLCONTROLCODE_ID
Column Name found in Datamart and Curated Table :: PAYPERIOD
Column Name found in Datamart and Curated Table :: STANDARDPAYROLLCONTROLCODE_ID
Column Name found in Datamart and Curated Table :: CHECKEDIN
Column Name found in Datamart and Curated Table :: DEFAULTLABORTYPE_ID
Column Name found in Datamart and Curated Table :: JOBFILTER
Column Name found in Datamart and Curated Table :: PAYFREQUENCY_ID
Column Name found in Datamart and Curated Table :: MOBILEPHONE
Column Name found in Datamart and Curated Table :: OUTBOUNDCALLERID
Column Name found in Datamart and Curated Table :: SCHEDULEDMULTITECHCOMMISSIONRATE
Column Name found in Datamart and Curated Table :: STARTDATE
Column Name found in Datamart and Curated Table :: CURRENTVALUE
Column Name found in Datamart and Curated Table :: DEDUCTCOMMUTETIMEFROMFIRSTDRIVE
Column Name found in Datamart and Curated Table :: FIRSTNAME
Column Name found in Datamart and Curated Table :: MEALTIME
Column Name found in Datamart and Curated Table :: MEMO
Column Name found in Datamart and Curated Table :: PHONECONFIRMED
Column Name found in Datamart and Curated Table :: SHOWJOBAPPOINTMENTRESCHEDULEALERT
Column Name found in Datamart and Curated Table :: DISPATCHNOTIFICATIONS
Column Name found in Datamart and Curated Table :: JOB_ID
Column Name found in Datamart and Curated Table :: LATITUDE
Column Name found in Datamart and Curated Table :: MIDDLENAME
Column Name found in Datamart and Curated Table :: ROUTESTATISTICS_TECHNICIAN
Column Name found in Datamart and Curated Table :: CREATEDBY_ID
Column Name found in Datamart and Curated Table :: PHONE
Column Name found in Datamart and Curated Table :: QBREPID
Column Name found in Datamart and Curated Table :: SMARTDISPATCHSETTINGS_TECHNICIAN
Column Name found in Datamart and Curated Table :: STATUS
Column Name found in Datamart and Curated Table :: UNION
Column Name found in Datamart and Curated Table :: HOME_UNIT
Column Name found in Datamart and Curated Table :: HOURLYRATE
Column Name found in Datamart and Curated Table :: INVENTORYWAREHOUSENAME
Column Name found in Datamart and Curated Table :: INVOICINGHOURLYRATE
Column Name found in Datamart and Curated Table :: TYPE
Column Name found in Datamart and Curated Table :: ADDONMULTITECHCOMMISSIONRATE
Column Name found in Datamart and Curated Table :: COLOR
Column Name found in Datamart and Curated Table :: HOME_STATE
Column Name found in Datamart and Curated Table :: MODIFIEDON
Column Name found in Datamart and Curated Table :: OVERALLSALESFACTOR_TECHNICIAN
Column Name found in Datamart and Curated Table :: POSITION
Column Name found in Datamart and Curated Table :: TEAM
Column Name found in Datamart and Curated Table :: COMMUTETIME
Column Name found in Datamart and Curated Table :: HOME_LONGITUDE
Column Name found in Datamart and Curated Table :: HOME_STREET
Column Name found in Datamart and Curated Table :: LOCATION_TECHNICIAN
Column Name found in Datamart and Curated Table :: OVERTIMEMODE
Column Name found in Datamart and Curated Table :: PROJECTEDVALUE
Column Name found in Datamart and Curated Table :: LONGITUDE
Column Name found in Datamart and Curated Table :: TRUCK_ID
Column Name found in Datamart and Curated Table :: TENANT_TYPE
Datamart tables contains additional column name like [ACTIVE_FLAG, RECORD_CREATE_DATE, RECORD_UPDATE_DATE, MASTER_ID]
Curated tables contains additional column name like [RECORD_CREATE_DATE, RECORD_UPDATE_DATE, RECORD_UPDATED_BY]]]>
  </system-out>
  <testcase classname="testcases.RAW_DATAMART_CURATED.SnowFlake_ColumnValidation_Master" name="Testcase_ColumnValidation" time="2.200">
    <failure message="The following asserts failed:
	null" type="java.lang.AssertionError">
      <![CDATA[java.lang.AssertionError: The following asserts failed:
null
at org.testng.asserts.SoftAssert.assertAll(SoftAssert.java:47)
at org.testng.asserts.SoftAssert.assertAll(SoftAssert.java:31)
at testcases.RAW_DATAMART_CURATED.SnowFlake_ColumnValidation_Master.API_Tables_ColumnName_validation(SnowFlake_ColumnValidation_Master.java:130)
at testcases.RAW_DATAMART_CURATED.SnowFlake_ColumnValidation_Master.Testcase_ColumnValidation(SnowFlake_ColumnValidation_Master.java:243)
at jdk.internal.reflect.GeneratedMethodAccessor12.invoke(Unknown Source)
at java.base/jdk.internal.reflect.DelegatingMethodAccessorImpl.invoke(DelegatingMethodAccessorImpl.java:43)
at java.base/java.lang.reflect.Method.invoke(Method.java:568)
at org.testng.internal.MethodInvocationHelper.invokeMethod(MethodInvocationHelper.java:133)
at org.testng.internal.TestInvoker.invokeMethod(TestInvoker.java:598)
at org.testng.internal.TestInvoker.invokeTestMethod(TestInvoker.java:173)
at org.testng.internal.MethodRunner.runInSequence(MethodRunner.java:46)
at org.testng.internal.TestInvoker$MethodInvocationAgent.invoke(TestInvoker.java:824)
at org.testng.internal.TestInvoker.invokeTestMethods(TestInvoker.java:146)
at org.testng.internal.TestMethodWorker.invokeTestMethods(TestMethodWorker.java:146)
at org.testng.internal.TestMethodWorker.run(TestMethodWorker.java:128)
at java.base/java.util.ArrayList.forEach(ArrayList.java:1511)
at org.testng.TestRunner.privateRun(TestRunner.java:794)
at org.testng.TestRunner.run(TestRunner.java:596)
at org.testng.SuiteRunner.runTest(SuiteRunner.java:377)
at org.testng.SuiteRunner.runSequentially(SuiteRunner.java:371)
at org.testng.SuiteRunner.privateRun(SuiteRunner.java:332)
at org.testng.SuiteRunner.run(SuiteRunner.java:276)
at org.testng.SuiteRunnerWorker.runSuite(SuiteRunnerWorker.java:53)
at org.testng.SuiteRunnerWorker.run(SuiteRunnerWorker.java:96)
at org.testng.TestNG.runSuitesSequentially(TestNG.java:1212)
at org.testng.TestNG.runSuitesLocally(TestNG.java:1134)
at org.testng.TestNG.runSuites(TestNG.java:1063)
at org.testng.TestNG.run(TestNG.java:1031)
at org.testng.remote.AbstractRemoteTestNG.run(AbstractRemoteTestNG.java:115)
at org.testng.remote.RemoteTestNG.initAndRun(RemoteTestNG.java:251)
at org.testng.remote.RemoteTestNG.main(RemoteTestNG.java:77)
]]>
    </failure>
  </testcase> <!-- Testcase_ColumnValidation -->
  <system-out>
    <![CDATA[Executing Snowflake query :: SELECT COLUMN_NAME FROM DEV_ENT_RAW.INFORMATION_SCHEMA.COLUMNS WHERE TABLE_NAME='ST_API_TECHNICIAN'and TABLE_SCHEMA='API_MAT'
Executing Snowflake query :: SELECT COLUMN_NAME FROM CURATED_DATAMART.INFORMATION_SCHEMA.COLUMNS WHERE TABLE_NAME='STR_API_TECHNICIAN'and TABLE_SCHEMA='ST_API_FOURPROS'
Executing Snowflake query :: SELECT COLUMN_NAME FROM DEV_ENT_CURATED.INFORMATION_SCHEMA.COLUMNS WHERE TABLE_NAME='DIM_TECHNICIAN'and TABLE_SCHEMA='MASTER_DIMENSIONS'
Column names for RAW Table --> ST_API_TECHNICIAN :: [ADDONCREWSPLITCOMMISSIONRATE, ATLASBUTLERTECHNICIANROLE, FIRSTDRIVERULE, HOME_ISMANUALCOORDINATES, NAVISIONEMPLOYEEID, PAYROLLID, PAYROLLPOSTINGGROUP_ID, SALESFACTOR, SALESFORCECONTACTID, PAYROLLREPORTVERSION, STANDARDWORKTYPECODE_ID, MUHULINK, COMMISSIONRATE, HOME_ISMILITARY, LICENSE, GOALIMAGE, IMPORTID, MOBILEPHONECONFIRMED, PAYTYPE, MANAGER_ID, SHIFTSTART, NAME, ADDONSOLOCOMMISSIONRATE, BIO, BUSINESSUNIT_ID, HOME_CITY, ID, ISMANAGEDTECH, PROJECTLABELS, SCHEDULEDSOLOCOMMISSIONRATE, BIRTHDATE, HOME_COUNTRY, PHOTO, TURNOVERBONUS, USER_ID, WILLIAMSTECHNICIANROLE, ZONE_ID, OVERTIMEPROFILE_ID, CREATEDON, TODAYREVENUE_TECHNICIAN, ACTIVE, DEFAULTPAYROLLADJUSTMENTRATE, ISAUTODISPATCHED, LASTNAME, ISEXTERNAL, SHIFTEND, SCHEDULEDCREWSPLITCOMMISSIONRATE, DAILYGOAL, APPOINTMENT_ID, BURDENRATE, HOME_ZIP, PAYROLLSTARTPERIOD, STATUSUPDATEDON, OVERTIMEWORKTYPECODE_ID, PAYROLLPROFILE_ID, PAYROLLROLE, PAYROLLSTARTDATE, SOLDBYRATE, ISEXCLUDEDFROMPAYROLL, COORDINATESUPDATEDON, EMAIL, EMAILCONFIRMED, HOME_LATITUDE, OVERTIMEPAYROLLCONTROLCODE_ID, PAYPERIOD, STANDARDPAYROLLCONTROLCODE_ID, CHECKEDIN, DEFAULTLABORTYPE_ID, JOBFILTER, PAYFREQUENCY_ID, MOBILEPHONE, OUTBOUNDCALLERID, SCHEDULEDMULTITECHCOMMISSIONRATE, STARTDATE, CURRENTVALUE, DEDUCTCOMMUTETIMEFROMFIRSTDRIVE, FIRSTNAME, MEALTIME, MEMO, PHONECONFIRMED, SHOWJOBAPPOINTMENTRESCHEDULEALERT, DISPATCHNOTIFICATIONS, JOB_ID, LATITUDE, MIDDLENAME, ROUTESTATISTICS_TECHNICIAN, CREATEDBY_ID, PHONE, QBREPID, SMARTDISPATCHSETTINGS_TECHNICIAN, STATUS, UNION, HOME_UNIT, HOURLYRATE, INVENTORYWAREHOUSENAME, INVOICINGHOURLYRATE, TYPE, ADDONMULTITECHCOMMISSIONRATE, COLOR, HOME_STATE, MODIFIEDON, OVERALLSALESFACTOR_TECHNICIAN, POSITION, TEAM, COMMUTETIME, HOME_LONGITUDE, HOME_STREET, LOCATION_TECHNICIAN, OVERTIMEMODE, PROJECTEDVALUE, LONGITUDE, TRUCK_ID, TENANT_TYPE]
Column names for DataMart Table --> STR_API_TECHNICIAN :: [ACTIVE_FLAG, BIRTHDATE, DISPATCHNOTIFICATIONS, GOALIMAGE, HOME_STATE, MOBILEPHONECONFIRMED, COLOR, HOME_COUNTRY, ISMANAGEDTECH, OVERTIMEPROFILE_ID, PAYROLLROLE, QBREPID, SCHEDULEDCREWSPLITCOMMISSIONRATE, SCHEDULEDMULTITECHCOMMISSIONRATE, SHIFTEND, PAYROLLID, RECORD_UPDATE_DATE, SHIFTSTART, PHONE, SHOWJOBAPPOINTMENTRESCHEDULEALERT, PAYPERIOD, TENANT_TYPE, BUSINESSUNIT_ID, CHECKEDIN, DEFAULTPAYROLLADJUSTMENTRATE, HOME_LATITUDE, IMPORTID, MIDDLENAME, PAYROLLREPORTVERSION, STARTDATE, TEAM, BIO, DAILYGOAL, ID, PAYROLLSTARTPERIOD, PHOTO, PROJECTEDVALUE, TRUCK_ID, SALESFORCECONTACTID, STANDARDPAYROLLCONTROLCODE_ID, ZONE_ID, CREATEDBY_ID, COMMISSIONRATE, COORDINATESUPDATEDON, DEDUCTCOMMUTETIMEFROMFIRSTDRIVE, DEFAULTLABORTYPE_ID, HOME_LONGITUDE, LICENSE, OVERTIMEPAYROLLCONTROLCODE_ID, PAYROLLPROFILE_ID, PAYFREQUENCY_ID, PAYROLLPOSTINGGROUP_ID, PAYROLLSTARTDATE, UNION, MOBILEPHONE, OUTBOUNDCALLERID, RECORD_CREATE_DATE, INVENTORYWAREHOUSENAME, INVOICINGHOURLYRATE, MEALTIME, HOME_ISMILITARY, ISAUTODISPATCHED, STATUSUPDATEDON, WILLIAMSTECHNICIANROLE, OVERALLSALESFACTOR_TECHNICIAN, SCHEDULEDSOLOCOMMISSIONRATE, ADDONSOLOCOMMISSIONRATE, COMMUTETIME, HOME_STREET, HOME_UNIT, BURDENRATE, CURRENTVALUE, HOURLYRATE, MEMO, NAVISIONEMPLOYEEID, PAYTYPE, SALESFACTOR, TURNOVERBONUS, ATLASBUTLERTECHNICIANROLE, EMAIL, EMAILCONFIRMED, FIRSTDRIVERULE, LASTNAME, MANAGER_ID, PROJECTLABELS, STATUS, ISEXTERNAL, LATITUDE, MODIFIEDON, NAME, USER_ID, STANDARDWORKTYPECODE_ID, TODAYREVENUE_TECHNICIAN, POSITION, ACTIVE, ADDONCREWSPLITCOMMISSIONRATE, ADDONMULTITECHCOMMISSIONRATE, APPOINTMENT_ID, HOME_CITY, TYPE, FIRSTNAME, HOME_ISMANUALCOORDINATES, JOBFILTER, MUHULINK, OVERTIMEWORKTYPECODE_ID, PHONECONFIRMED, LOCATION_TECHNICIAN, JOB_ID, SOLDBYRATE, SMARTDISPATCHSETTINGS_TECHNICIAN, CREATEDON, FLEET_ID, HOME_ZIP, LONGITUDE, MASTER_ID, ROUTESTATISTICS_TECHNICIAN, OVERTIMEMODE]
Column names for Curated Table --> DIM_TECHNICIAN :: [ADDONCREWSPLITCOMMISSIONRATE, COMMUTETIME, DEFAULTLABORTYPE_ID, EMAILCONFIRMED, FIRSTNAME, FLEET_ID, HOME_COUNTRY, HOME_UNIT, MOBILEPHONE, PHONECONFIRMED, ISEXCLUDEDFROMPAYROLL, OVERALLSALESFACTOR_TECHNICIAN, TURNOVERBONUS, PAYPERIOD, PAYROLLROLE, PAYROLLSTARTDATE, BIRTHDATE, HOME_ISMANUALCOORDINATES, HOME_ISMILITARY, INVENTORYWAREHOUSENAME, JOBFILTER, MEMO, PAYFREQUENCY_ID, POSITION, ID, ISAUTODISPATCHED, LICENSE, TEAM, SCHEDULEDCREWSPLITCOMMISSIONRATE, SALESFACTOR, ADDONSOLOCOMMISSIONRATE, CURRENTVALUE, DAILYGOAL, DEDUCTCOMMUTETIMEFROMFIRSTDRIVE, MANAGER_ID, OVERTIMEPROFILE_ID, SHIFTSTART, SHOWJOBAPPOINTMENTRESCHEDULEALERT, SMARTDISPATCHSETTINGS_TECHNICIAN, GOALIMAGE, MODIFIEDON, PAYROLLID, PAYROLLREPORTVERSION, RECORD_CREATE_DATE, TODAYREVENUE_TECHNICIAN, TYPE, PROJECTLABELS, SCHEDULEDSOLOCOMMISSIONRATE, LONGITUDE, ADDONMULTITECHCOMMISSIONRATE, APPOINTMENT_ID, CHECKEDIN, COLOR, CREATEDON, DISPATCHNOTIFICATIONS, IMPORTID, LASTNAME, MOBILEPHONECONFIRMED, STATUSUPDATEDON, ZONE_ID, HOME_STATE, NAME, NAVISIONEMPLOYEEID, PAYROLLPOSTINGGROUP_ID, PHOTO, MEALTIME, PROJECTEDVALUE, STANDARDPAYROLLCONTROLCODE_ID, OVERTIMEMODE, BURDENRATE, FIRSTDRIVERULE, JOB_ID, PAYROLLPROFILE_ID, QBREPID, ROUTESTATISTICS_TECHNICIAN, STARTDATE, TRUCK_ID, USER_ID, STANDARDWORKTYPECODE_ID, MIDDLENAME, COMMISSIONRATE, CREATEDBY_ID, HOME_LONGITUDE, HOME_ZIP, HOURLYRATE, LATITUDE, SCHEDULEDMULTITECHCOMMISSIONRATE, BUSINESSUNIT_ID, OUTBOUNDCALLERID, RECORD_UPDATED_BY, STATUS, MUHULINK, OVERTIMEPAYROLLCONTROLCODE_ID, UNION, PAYTYPE, INVOICINGHOURLYRATE, RECORD_UPDATE_DATE, COORDINATESUPDATEDON, LOCATION_TECHNICIAN, EMAIL, HOME_CITY, ISEXTERNAL, OVERTIMEWORKTYPECODE_ID, PAYROLLSTARTPERIOD, SHIFTEND, WILLIAMSTECHNICIANROLE, TENANT_TYPE, ACTIVE, ATLASBUTLERTECHNICIANROLE, BIO, DEFAULTPAYROLLADJUSTMENTRATE, HOME_LATITUDE, HOME_STREET, ISMANAGEDTECH, PHONE, SALESFORCECONTACTID, SOLDBYRATE]
Column Name found in Datamart and Curated Table :: ADDONCREWSPLITCOMMISSIONRATE
Column Name found in Datamart and Curated Table :: ATLASBUTLERTECHNICIANROLE
Column Name found in Datamart and Curated Table :: FIRSTDRIVERULE
Column Name found in Datamart and Curated Table :: HOME_ISMANUALCOORDINATES
Column Name found in Datamart and Curated Table :: NAVISIONEMPLOYEEID
Column Name found in Datamart and Curated Table :: PAYROLLID
Column Name found in Datamart and Curated Table :: PAYROLLPOSTINGGROUP_ID
Column Name found in Datamart and Curated Table :: SALESFACTOR
Column Name found in Datamart and Curated Table :: SALESFORCECONTACTID
Column Name found in Datamart and Curated Table :: PAYROLLREPORTVERSION
Column Name found in Datamart and Curated Table :: STANDARDWORKTYPECODE_ID
Column Name found in Datamart and Curated Table :: MUHULINK
Column Name found in Datamart and Curated Table :: COMMISSIONRATE
Column Name found in Datamart and Curated Table :: HOME_ISMILITARY
Column Name found in Datamart and Curated Table :: LICENSE
Column Name found in Datamart and Curated Table :: GOALIMAGE
Column Name found in Datamart and Curated Table :: IMPORTID
Column Name found in Datamart and Curated Table :: MOBILEPHONECONFIRMED
Column Name found in Datamart and Curated Table :: PAYTYPE
Column Name found in Datamart and Curated Table :: MANAGER_ID
Column Name found in Datamart and Curated Table :: SHIFTSTART
Column Name found in Datamart and Curated Table :: NAME
Column Name found in Datamart and Curated Table :: ADDONSOLOCOMMISSIONRATE
Column Name found in Datamart and Curated Table :: BIO
Column Name found in Datamart and Curated Table :: BUSINESSUNIT_ID
Column Name found in Datamart and Curated Table :: HOME_CITY
Column Name found in Datamart and Curated Table :: ID
Column Name found in Datamart and Curated Table :: ISMANAGEDTECH
Column Name found in Datamart and Curated Table :: PROJECTLABELS
Column Name found in Datamart and Curated Table :: SCHEDULEDSOLOCOMMISSIONRATE
Column Name found in Datamart and Curated Table :: BIRTHDATE
Column Name found in Datamart and Curated Table :: HOME_COUNTRY
Column Name found in Datamart and Curated Table :: PHOTO
Column Name found in Datamart and Curated Table :: TURNOVERBONUS
Column Name found in Datamart and Curated Table :: USER_ID
Column Name found in Datamart and Curated Table :: WILLIAMSTECHNICIANROLE
Column Name found in Datamart and Curated Table :: ZONE_ID
Column Name found in Datamart and Curated Table :: OVERTIMEPROFILE_ID
Column Name found in Datamart and Curated Table :: CREATEDON
Column Name found in Datamart and Curated Table :: TODAYREVENUE_TECHNICIAN
Column Name found in Datamart and Curated Table :: ACTIVE
Column Name found in Datamart and Curated Table :: DEFAULTPAYROLLADJUSTMENTRATE
Column Name found in Datamart and Curated Table :: ISAUTODISPATCHED
Column Name found in Datamart and Curated Table :: LASTNAME
Column Name found in Datamart and Curated Table :: ISEXTERNAL
Column Name found in Datamart and Curated Table :: SHIFTEND
Column Name found in Datamart and Curated Table :: SCHEDULEDCREWSPLITCOMMISSIONRATE
Column Name found in Datamart and Curated Table :: DAILYGOAL
Column Name found in Datamart and Curated Table :: APPOINTMENT_ID
Column Name found in Datamart and Curated Table :: BURDENRATE
Column Name found in Datamart and Curated Table :: HOME_ZIP
Column Name found in Datamart and Curated Table :: PAYROLLSTARTPERIOD
Column Name found in Datamart and Curated Table :: STATUSUPDATEDON
Column Name found in Datamart and Curated Table :: OVERTIMEWORKTYPECODE_ID
Column Name found in Datamart and Curated Table :: PAYROLLPROFILE_ID
Column Name found in Datamart and Curated Table :: PAYROLLROLE
Column Name found in Datamart and Curated Table :: PAYROLLSTARTDATE
Column Name found in Datamart and Curated Table :: SOLDBYRATE
Column Name not found in Datamart and Curated Table :: ISEXCLUDEDFROMPAYROLL
Column Name found in Datamart and Curated Table :: COORDINATESUPDATEDON
Column Name found in Datamart and Curated Table :: EMAIL
Column Name found in Datamart and Curated Table :: EMAILCONFIRMED
Column Name found in Datamart and Curated Table :: HOME_LATITUDE
Column Name found in Datamart and Curated Table :: OVERTIMEPAYROLLCONTROLCODE_ID
Column Name found in Datamart and Curated Table :: PAYPERIOD
Column Name found in Datamart and Curated Table :: STANDARDPAYROLLCONTROLCODE_ID
Column Name found in Datamart and Curated Table :: CHECKEDIN
Column Name found in Datamart and Curated Table :: DEFAULTLABORTYPE_ID
Column Name found in Datamart and Curated Table :: JOBFILTER
Column Name found in Datamart and Curated Table :: PAYFREQUENCY_ID
Column Name found in Datamart and Curated Table :: MOBILEPHONE
Column Name found in Datamart and Curated Table :: OUTBOUNDCALLERID
Column Name found in Datamart and Curated Table :: SCHEDULEDMULTITECHCOMMISSIONRATE
Column Name found in Datamart and Curated Table :: STARTDATE
Column Name found in Datamart and Curated Table :: CURRENTVALUE
Column Name found in Datamart and Curated Table :: DEDUCTCOMMUTETIMEFROMFIRSTDRIVE
Column Name found in Datamart and Curated Table :: FIRSTNAME
Column Name found in Datamart and Curated Table :: MEALTIME
Column Name found in Datamart and Curated Table :: MEMO
Column Name found in Datamart and Curated Table :: PHONECONFIRMED
Column Name found in Datamart and Curated Table :: SHOWJOBAPPOINTMENTRESCHEDULEALERT
Column Name found in Datamart and Curated Table :: DISPATCHNOTIFICATIONS
Column Name found in Datamart and Curated Table :: JOB_ID
Column Name found in Datamart and Curated Table :: LATITUDE
Column Name found in Datamart and Curated Table :: MIDDLENAME
Column Name found in Datamart and Curated Table :: ROUTESTATISTICS_TECHNICIAN
Column Name found in Datamart and Curated Table :: CREATEDBY_ID
Column Name found in Datamart and Curated Table :: PHONE
Column Name found in Datamart and Curated Table :: QBREPID
Column Name found in Datamart and Curated Table :: SMARTDISPATCHSETTINGS_TECHNICIAN
Column Name found in Datamart and Curated Table :: STATUS
Column Name found in Datamart and Curated Table :: UNION
Column Name found in Datamart and Curated Table :: HOME_UNIT
Column Name found in Datamart and Curated Table :: HOURLYRATE
Column Name found in Datamart and Curated Table :: INVENTORYWAREHOUSENAME
Column Name found in Datamart and Curated Table :: INVOICINGHOURLYRATE
Column Name found in Datamart and Curated Table :: TYPE
Column Name found in Datamart and Curated Table :: ADDONMULTITECHCOMMISSIONRATE
Column Name found in Datamart and Curated Table :: COLOR
Column Name found in Datamart and Curated Table :: HOME_STATE
Column Name found in Datamart and Curated Table :: MODIFIEDON
Column Name found in Datamart and Curated Table :: OVERALLSALESFACTOR_TECHNICIAN
Column Name found in Datamart and Curated Table :: POSITION
Column Name found in Datamart and Curated Table :: TEAM
Column Name found in Datamart and Curated Table :: COMMUTETIME
Column Name found in Datamart and Curated Table :: HOME_LONGITUDE
Column Name found in Datamart and Curated Table :: HOME_STREET
Column Name found in Datamart and Curated Table :: LOCATION_TECHNICIAN
Column Name found in Datamart and Curated Table :: OVERTIMEMODE
Column Name found in Datamart and Curated Table :: PROJECTEDVALUE
Column Name found in Datamart and Curated Table :: LONGITUDE
Column Name found in Datamart and Curated Table :: TRUCK_ID
Column Name found in Datamart and Curated Table :: TENANT_TYPE
Datamart tables contains additional column name like [ACTIVE_FLAG, RECORD_CREATE_DATE, RECORD_UPDATE_DATE, MASTER_ID]
Curated tables contains additional column name like [RECORD_CREATE_DATE, RECORD_UPDATE_DATE, RECORD_UPDATED_BY]]]>
  </system-out>
  <testcase classname="testcases.RAW_DATAMART_CURATED.SnowFlake_ColumnValidation_Master" name="Testcase_ColumnValidation" time="2.253">
    <failure message="The following asserts failed:
	null" type="java.lang.AssertionError">
      <![CDATA[java.lang.AssertionError: The following asserts failed:
null
at org.testng.asserts.SoftAssert.assertAll(SoftAssert.java:47)
at org.testng.asserts.SoftAssert.assertAll(SoftAssert.java:31)
at testcases.RAW_DATAMART_CURATED.SnowFlake_ColumnValidation_Master.API_Tables_ColumnName_validation(SnowFlake_ColumnValidation_Master.java:130)
at testcases.RAW_DATAMART_CURATED.SnowFlake_ColumnValidation_Master.Testcase_ColumnValidation(SnowFlake_ColumnValidation_Master.java:243)
at jdk.internal.reflect.GeneratedMethodAccessor12.invoke(Unknown Source)
at java.base/jdk.internal.reflect.DelegatingMethodAccessorImpl.invoke(DelegatingMethodAccessorImpl.java:43)
at java.base/java.lang.reflect.Method.invoke(Method.java:568)
at org.testng.internal.MethodInvocationHelper.invokeMethod(MethodInvocationHelper.java:133)
at org.testng.internal.TestInvoker.invokeMethod(TestInvoker.java:598)
at org.testng.internal.TestInvoker.invokeTestMethod(TestInvoker.java:173)
at org.testng.internal.MethodRunner.runInSequence(MethodRunner.java:46)
at org.testng.internal.TestInvoker$MethodInvocationAgent.invoke(TestInvoker.java:824)
at org.testng.internal.TestInvoker.invokeTestMethods(TestInvoker.java:146)
at org.testng.internal.TestMethodWorker.invokeTestMethods(TestMethodWorker.java:146)
at org.testng.internal.TestMethodWorker.run(TestMethodWorker.java:128)
at java.base/java.util.ArrayList.forEach(ArrayList.java:1511)
at org.testng.TestRunner.privateRun(TestRunner.java:794)
at org.testng.TestRunner.run(TestRunner.java:596)
at org.testng.SuiteRunner.runTest(SuiteRunner.java:377)
at org.testng.SuiteRunner.runSequentially(SuiteRunner.java:371)
at org.testng.SuiteRunner.privateRun(SuiteRunner.java:332)
at org.testng.SuiteRunner.run(SuiteRunner.java:276)
at org.testng.SuiteRunnerWorker.runSuite(SuiteRunnerWorker.java:53)
at org.testng.SuiteRunnerWorker.run(SuiteRunnerWorker.java:96)
at org.testng.TestNG.runSuitesSequentially(TestNG.java:1212)
at org.testng.TestNG.runSuitesLocally(TestNG.java:1134)
at org.testng.TestNG.runSuites(TestNG.java:1063)
at org.testng.TestNG.run(TestNG.java:1031)
at org.testng.remote.AbstractRemoteTestNG.run(AbstractRemoteTestNG.java:115)
at org.testng.remote.RemoteTestNG.initAndRun(RemoteTestNG.java:251)
at org.testng.remote.RemoteTestNG.main(RemoteTestNG.java:77)
]]>
    </failure>
  </testcase> <!-- Testcase_ColumnValidation -->
  <system-out>
    <![CDATA[Executing Snowflake query :: SELECT COLUMN_NAME FROM DEV_ENT_RAW.INFORMATION_SCHEMA.COLUMNS WHERE TABLE_NAME='ST_API_TECHNICIAN'and TABLE_SCHEMA='API_MAT'
Executing Snowflake query :: SELECT COLUMN_NAME FROM CURATED_DATAMART.INFORMATION_SCHEMA.COLUMNS WHERE TABLE_NAME='STR_API_TECHNICIAN'and TABLE_SCHEMA='ST_API_HENDERSON'
Executing Snowflake query :: SELECT COLUMN_NAME FROM DEV_ENT_CURATED.INFORMATION_SCHEMA.COLUMNS WHERE TABLE_NAME='DIM_TECHNICIAN'and TABLE_SCHEMA='MASTER_DIMENSIONS'
Column names for RAW Table --> ST_API_TECHNICIAN :: [ADDONCREWSPLITCOMMISSIONRATE, ATLASBUTLERTECHNICIANROLE, FIRSTDRIVERULE, HOME_ISMANUALCOORDINATES, NAVISIONEMPLOYEEID, PAYROLLID, PAYROLLPOSTINGGROUP_ID, SALESFACTOR, SALESFORCECONTACTID, PAYROLLREPORTVERSION, STANDARDWORKTYPECODE_ID, MUHULINK, COMMISSIONRATE, HOME_ISMILITARY, LICENSE, GOALIMAGE, IMPORTID, MOBILEPHONECONFIRMED, PAYTYPE, MANAGER_ID, SHIFTSTART, NAME, ADDONSOLOCOMMISSIONRATE, BIO, BUSINESSUNIT_ID, HOME_CITY, ID, ISMANAGEDTECH, PROJECTLABELS, SCHEDULEDSOLOCOMMISSIONRATE, BIRTHDATE, HOME_COUNTRY, PHOTO, TURNOVERBONUS, USER_ID, WILLIAMSTECHNICIANROLE, ZONE_ID, OVERTIMEPROFILE_ID, CREATEDON, TODAYREVENUE_TECHNICIAN, ACTIVE, DEFAULTPAYROLLADJUSTMENTRATE, ISAUTODISPATCHED, LASTNAME, ISEXTERNAL, SHIFTEND, SCHEDULEDCREWSPLITCOMMISSIONRATE, DAILYGOAL, APPOINTMENT_ID, BURDENRATE, HOME_ZIP, PAYROLLSTARTPERIOD, STATUSUPDATEDON, OVERTIMEWORKTYPECODE_ID, PAYROLLPROFILE_ID, PAYROLLROLE, PAYROLLSTARTDATE, SOLDBYRATE, ISEXCLUDEDFROMPAYROLL, COORDINATESUPDATEDON, EMAIL, EMAILCONFIRMED, HOME_LATITUDE, OVERTIMEPAYROLLCONTROLCODE_ID, PAYPERIOD, STANDARDPAYROLLCONTROLCODE_ID, CHECKEDIN, DEFAULTLABORTYPE_ID, JOBFILTER, PAYFREQUENCY_ID, MOBILEPHONE, OUTBOUNDCALLERID, SCHEDULEDMULTITECHCOMMISSIONRATE, STARTDATE, CURRENTVALUE, DEDUCTCOMMUTETIMEFROMFIRSTDRIVE, FIRSTNAME, MEALTIME, MEMO, PHONECONFIRMED, SHOWJOBAPPOINTMENTRESCHEDULEALERT, DISPATCHNOTIFICATIONS, JOB_ID, LATITUDE, MIDDLENAME, ROUTESTATISTICS_TECHNICIAN, CREATEDBY_ID, PHONE, QBREPID, SMARTDISPATCHSETTINGS_TECHNICIAN, STATUS, UNION, HOME_UNIT, HOURLYRATE, INVENTORYWAREHOUSENAME, INVOICINGHOURLYRATE, TYPE, ADDONMULTITECHCOMMISSIONRATE, COLOR, HOME_STATE, MODIFIEDON, OVERALLSALESFACTOR_TECHNICIAN, POSITION, TEAM, COMMUTETIME, HOME_LONGITUDE, HOME_STREET, LOCATION_TECHNICIAN, OVERTIMEMODE, PROJECTEDVALUE, LONGITUDE, TRUCK_ID, TENANT_TYPE]
Column names for DataMart Table --> STR_API_TECHNICIAN :: [ADDONCREWSPLITCOMMISSIONRATE, DAILYGOAL, HOME_CITY, INVENTORYWAREHOUSENAME, LONGITUDE, PHONE, USER_ID, FIRSTNAME, HOME_STATE, HOME_ZIP, PAYROLLREPORTVERSION, PAYTYPE, PROJECTLABELS, SALESFACTOR, STANDARDPAYROLLCONTROLCODE_ID, PAYROLLROLE, WILLIAMSTECHNICIANROLE, SHIFTSTART, ACTIVE_FLAG, CHECKEDIN, COORDINATESUPDATEDON, HOME_ISMANUALCOORDINATES, JOB_ID, MEALTIME, RECORD_UPDATE_DATE, ROUTESTATISTICS_TECHNICIAN, FLEET_ID, GOALIMAGE, HOME_UNIT, MIDDLENAME, PAYROLLPROFILE_ID, SALESFORCECONTACTID, BUSINESSUNIT_ID, HOME_ISMILITARY, OVERALLSALESFACTOR_TECHNICIAN, SHOWJOBAPPOINTMENTRESCHEDULEALERT, SMARTDISPATCHSETTINGS_TECHNICIAN, TODAYREVENUE_TECHNICIAN, SHIFTEND, STANDARDWORKTYPECODE_ID, LASTNAME, STATUSUPDATEDON, TYPE, CURRENTVALUE, ADDONMULTITECHCOMMISSIONRATE, DISPATCHNOTIFICATIONS, EMAILCONFIRMED, HOME_STREET, MANAGER_ID, NAME, OVERTIMEWORKTYPECODE_ID, COLOR, NAVISIONEMPLOYEEID, MOBILEPHONE, ID, ISAUTODISPATCHED, TRUCK_ID, HOURLYRATE, LATITUDE, MUHULINK, SCHEDULEDCREWSPLITCOMMISSIONRATE, SOLDBYRATE, BURDENRATE, DEDUCTCOMMUTETIMEFROMFIRSTDRIVE, FIRSTDRIVERULE, HOME_LATITUDE, OVERTIMEPROFILE_ID, TENANT_TYPE, LICENSE, MASTER_ID, PAYFREQUENCY_ID, PAYROLLID, PROJECTEDVALUE, OVERTIMEMODE, ADDONSOLOCOMMISSIONRATE, APPOINTMENT_ID, ATLASBUTLERTECHNICIANROLE, BIO, COMMUTETIME, CREATEDON, DEFAULTPAYROLLADJUSTMENTRATE, ISMANAGEDTECH, MEMO, MODIFIEDON, PHOTO, DEFAULTLABORTYPE_ID, JOBFILTER, PAYROLLSTARTPERIOD, QBREPID, ZONE_ID, SCHEDULEDSOLOCOMMISSIONRATE, UNION, ACTIVE, BIRTHDATE, COMMISSIONRATE, CREATEDBY_ID, EMAIL, HOME_COUNTRY, HOME_LONGITUDE, IMPORTID, LOCATION_TECHNICIAN, MOBILEPHONECONFIRMED, PAYROLLPOSTINGGROUP_ID, POSITION, OUTBOUNDCALLERID, PAYPERIOD, PAYROLLSTARTDATE, PHONECONFIRMED, RECORD_CREATE_DATE, SCHEDULEDMULTITECHCOMMISSIONRATE, TEAM, TURNOVERBONUS, ISEXTERNAL, OVERTIMEPAYROLLCONTROLCODE_ID, STATUS, STARTDATE, INVOICINGHOURLYRATE]
Column names for Curated Table --> DIM_TECHNICIAN :: [ADDONCREWSPLITCOMMISSIONRATE, COMMUTETIME, DEFAULTLABORTYPE_ID, EMAILCONFIRMED, FIRSTNAME, FLEET_ID, HOME_COUNTRY, HOME_UNIT, MOBILEPHONE, PHONECONFIRMED, ISEXCLUDEDFROMPAYROLL, OVERALLSALESFACTOR_TECHNICIAN, TURNOVERBONUS, PAYPERIOD, PAYROLLROLE, PAYROLLSTARTDATE, BIRTHDATE, HOME_ISMANUALCOORDINATES, HOME_ISMILITARY, INVENTORYWAREHOUSENAME, JOBFILTER, MEMO, PAYFREQUENCY_ID, POSITION, ID, ISAUTODISPATCHED, LICENSE, TEAM, SCHEDULEDCREWSPLITCOMMISSIONRATE, SALESFACTOR, ADDONSOLOCOMMISSIONRATE, CURRENTVALUE, DAILYGOAL, DEDUCTCOMMUTETIMEFROMFIRSTDRIVE, MANAGER_ID, OVERTIMEPROFILE_ID, SHIFTSTART, SHOWJOBAPPOINTMENTRESCHEDULEALERT, SMARTDISPATCHSETTINGS_TECHNICIAN, GOALIMAGE, MODIFIEDON, PAYROLLID, PAYROLLREPORTVERSION, RECORD_CREATE_DATE, TODAYREVENUE_TECHNICIAN, TYPE, PROJECTLABELS, SCHEDULEDSOLOCOMMISSIONRATE, LONGITUDE, ADDONMULTITECHCOMMISSIONRATE, APPOINTMENT_ID, CHECKEDIN, COLOR, CREATEDON, DISPATCHNOTIFICATIONS, IMPORTID, LASTNAME, MOBILEPHONECONFIRMED, STATUSUPDATEDON, ZONE_ID, HOME_STATE, NAME, NAVISIONEMPLOYEEID, PAYROLLPOSTINGGROUP_ID, PHOTO, MEALTIME, PROJECTEDVALUE, STANDARDPAYROLLCONTROLCODE_ID, OVERTIMEMODE, BURDENRATE, FIRSTDRIVERULE, JOB_ID, PAYROLLPROFILE_ID, QBREPID, ROUTESTATISTICS_TECHNICIAN, STARTDATE, TRUCK_ID, USER_ID, STANDARDWORKTYPECODE_ID, MIDDLENAME, COMMISSIONRATE, CREATEDBY_ID, HOME_LONGITUDE, HOME_ZIP, HOURLYRATE, LATITUDE, SCHEDULEDMULTITECHCOMMISSIONRATE, BUSINESSUNIT_ID, OUTBOUNDCALLERID, RECORD_UPDATED_BY, STATUS, MUHULINK, OVERTIMEPAYROLLCONTROLCODE_ID, UNION, PAYTYPE, INVOICINGHOURLYRATE, RECORD_UPDATE_DATE, COORDINATESUPDATEDON, LOCATION_TECHNICIAN, EMAIL, HOME_CITY, ISEXTERNAL, OVERTIMEWORKTYPECODE_ID, PAYROLLSTARTPERIOD, SHIFTEND, WILLIAMSTECHNICIANROLE, TENANT_TYPE, ACTIVE, ATLASBUTLERTECHNICIANROLE, BIO, DEFAULTPAYROLLADJUSTMENTRATE, HOME_LATITUDE, HOME_STREET, ISMANAGEDTECH, PHONE, SALESFORCECONTACTID, SOLDBYRATE]
Column Name found in Datamart and Curated Table :: ADDONCREWSPLITCOMMISSIONRATE
Column Name found in Datamart and Curated Table :: ATLASBUTLERTECHNICIANROLE
Column Name found in Datamart and Curated Table :: FIRSTDRIVERULE
Column Name found in Datamart and Curated Table :: HOME_ISMANUALCOORDINATES
Column Name found in Datamart and Curated Table :: NAVISIONEMPLOYEEID
Column Name found in Datamart and Curated Table :: PAYROLLID
Column Name found in Datamart and Curated Table :: PAYROLLPOSTINGGROUP_ID
Column Name found in Datamart and Curated Table :: SALESFACTOR
Column Name found in Datamart and Curated Table :: SALESFORCECONTACTID
Column Name found in Datamart and Curated Table :: PAYROLLREPORTVERSION
Column Name found in Datamart and Curated Table :: STANDARDWORKTYPECODE_ID
Column Name found in Datamart and Curated Table :: MUHULINK
Column Name found in Datamart and Curated Table :: COMMISSIONRATE
Column Name found in Datamart and Curated Table :: HOME_ISMILITARY
Column Name found in Datamart and Curated Table :: LICENSE
Column Name found in Datamart and Curated Table :: GOALIMAGE
Column Name found in Datamart and Curated Table :: IMPORTID
Column Name found in Datamart and Curated Table :: MOBILEPHONECONFIRMED
Column Name found in Datamart and Curated Table :: PAYTYPE
Column Name found in Datamart and Curated Table :: MANAGER_ID
Column Name found in Datamart and Curated Table :: SHIFTSTART
Column Name found in Datamart and Curated Table :: NAME
Column Name found in Datamart and Curated Table :: ADDONSOLOCOMMISSIONRATE
Column Name found in Datamart and Curated Table :: BIO
Column Name found in Datamart and Curated Table :: BUSINESSUNIT_ID
Column Name found in Datamart and Curated Table :: HOME_CITY
Column Name found in Datamart and Curated Table :: ID
Column Name found in Datamart and Curated Table :: ISMANAGEDTECH
Column Name found in Datamart and Curated Table :: PROJECTLABELS
Column Name found in Datamart and Curated Table :: SCHEDULEDSOLOCOMMISSIONRATE
Column Name found in Datamart and Curated Table :: BIRTHDATE
Column Name found in Datamart and Curated Table :: HOME_COUNTRY
Column Name found in Datamart and Curated Table :: PHOTO
Column Name found in Datamart and Curated Table :: TURNOVERBONUS
Column Name found in Datamart and Curated Table :: USER_ID
Column Name found in Datamart and Curated Table :: WILLIAMSTECHNICIANROLE
Column Name found in Datamart and Curated Table :: ZONE_ID
Column Name found in Datamart and Curated Table :: OVERTIMEPROFILE_ID
Column Name found in Datamart and Curated Table :: CREATEDON
Column Name found in Datamart and Curated Table :: TODAYREVENUE_TECHNICIAN
Column Name found in Datamart and Curated Table :: ACTIVE
Column Name found in Datamart and Curated Table :: DEFAULTPAYROLLADJUSTMENTRATE
Column Name found in Datamart and Curated Table :: ISAUTODISPATCHED
Column Name found in Datamart and Curated Table :: LASTNAME
Column Name found in Datamart and Curated Table :: ISEXTERNAL
Column Name found in Datamart and Curated Table :: SHIFTEND
Column Name found in Datamart and Curated Table :: SCHEDULEDCREWSPLITCOMMISSIONRATE
Column Name found in Datamart and Curated Table :: DAILYGOAL
Column Name found in Datamart and Curated Table :: APPOINTMENT_ID
Column Name found in Datamart and Curated Table :: BURDENRATE
Column Name found in Datamart and Curated Table :: HOME_ZIP
Column Name found in Datamart and Curated Table :: PAYROLLSTARTPERIOD
Column Name found in Datamart and Curated Table :: STATUSUPDATEDON
Column Name found in Datamart and Curated Table :: OVERTIMEWORKTYPECODE_ID
Column Name found in Datamart and Curated Table :: PAYROLLPROFILE_ID
Column Name found in Datamart and Curated Table :: PAYROLLROLE
Column Name found in Datamart and Curated Table :: PAYROLLSTARTDATE
Column Name found in Datamart and Curated Table :: SOLDBYRATE
Column Name not found in Datamart and Curated Table :: ISEXCLUDEDFROMPAYROLL
Column Name found in Datamart and Curated Table :: COORDINATESUPDATEDON
Column Name found in Datamart and Curated Table :: EMAIL
Column Name found in Datamart and Curated Table :: EMAILCONFIRMED
Column Name found in Datamart and Curated Table :: HOME_LATITUDE
Column Name found in Datamart and Curated Table :: OVERTIMEPAYROLLCONTROLCODE_ID
Column Name found in Datamart and Curated Table :: PAYPERIOD
Column Name found in Datamart and Curated Table :: STANDARDPAYROLLCONTROLCODE_ID
Column Name found in Datamart and Curated Table :: CHECKEDIN
Column Name found in Datamart and Curated Table :: DEFAULTLABORTYPE_ID
Column Name found in Datamart and Curated Table :: JOBFILTER
Column Name found in Datamart and Curated Table :: PAYFREQUENCY_ID
Column Name found in Datamart and Curated Table :: MOBILEPHONE
Column Name found in Datamart and Curated Table :: OUTBOUNDCALLERID
Column Name found in Datamart and Curated Table :: SCHEDULEDMULTITECHCOMMISSIONRATE
Column Name found in Datamart and Curated Table :: STARTDATE
Column Name found in Datamart and Curated Table :: CURRENTVALUE
Column Name found in Datamart and Curated Table :: DEDUCTCOMMUTETIMEFROMFIRSTDRIVE
Column Name found in Datamart and Curated Table :: FIRSTNAME
Column Name found in Datamart and Curated Table :: MEALTIME
Column Name found in Datamart and Curated Table :: MEMO
Column Name found in Datamart and Curated Table :: PHONECONFIRMED
Column Name found in Datamart and Curated Table :: SHOWJOBAPPOINTMENTRESCHEDULEALERT
Column Name found in Datamart and Curated Table :: DISPATCHNOTIFICATIONS
Column Name found in Datamart and Curated Table :: JOB_ID
Column Name found in Datamart and Curated Table :: LATITUDE
Column Name found in Datamart and Curated Table :: MIDDLENAME
Column Name found in Datamart and Curated Table :: ROUTESTATISTICS_TECHNICIAN
Column Name found in Datamart and Curated Table :: CREATEDBY_ID
Column Name found in Datamart and Curated Table :: PHONE
Column Name found in Datamart and Curated Table :: QBREPID
Column Name found in Datamart and Curated Table :: SMARTDISPATCHSETTINGS_TECHNICIAN
Column Name found in Datamart and Curated Table :: STATUS
Column Name found in Datamart and Curated Table :: UNION
Column Name found in Datamart and Curated Table :: HOME_UNIT
Column Name found in Datamart and Curated Table :: HOURLYRATE
Column Name found in Datamart and Curated Table :: INVENTORYWAREHOUSENAME
Column Name found in Datamart and Curated Table :: INVOICINGHOURLYRATE
Column Name found in Datamart and Curated Table :: TYPE
Column Name found in Datamart and Curated Table :: ADDONMULTITECHCOMMISSIONRATE
Column Name found in Datamart and Curated Table :: COLOR
Column Name found in Datamart and Curated Table :: HOME_STATE
Column Name found in Datamart and Curated Table :: MODIFIEDON
Column Name found in Datamart and Curated Table :: OVERALLSALESFACTOR_TECHNICIAN
Column Name found in Datamart and Curated Table :: POSITION
Column Name found in Datamart and Curated Table :: TEAM
Column Name found in Datamart and Curated Table :: COMMUTETIME
Column Name found in Datamart and Curated Table :: HOME_LONGITUDE
Column Name found in Datamart and Curated Table :: HOME_STREET
Column Name found in Datamart and Curated Table :: LOCATION_TECHNICIAN
Column Name found in Datamart and Curated Table :: OVERTIMEMODE
Column Name found in Datamart and Curated Table :: PROJECTEDVALUE
Column Name found in Datamart and Curated Table :: LONGITUDE
Column Name found in Datamart and Curated Table :: TRUCK_ID
Column Name found in Datamart and Curated Table :: TENANT_TYPE
Datamart tables contains additional column name like [ACTIVE_FLAG, RECORD_CREATE_DATE, RECORD_UPDATE_DATE, MASTER_ID]
Curated tables contains additional column name like [RECORD_CREATE_DATE, RECORD_UPDATE_DATE, RECORD_UPDATED_BY]]]>
  </system-out>
  <testcase classname="testcases.RAW_DATAMART_CURATED.SnowFlake_ColumnValidation_Master" name="Testcase_ColumnValidation" time="2.256">
    <failure message="The following asserts failed:
	null" type="java.lang.AssertionError">
      <![CDATA[java.lang.AssertionError: The following asserts failed:
null
at org.testng.asserts.SoftAssert.assertAll(SoftAssert.java:47)
at org.testng.asserts.SoftAssert.assertAll(SoftAssert.java:31)
at testcases.RAW_DATAMART_CURATED.SnowFlake_ColumnValidation_Master.BKP_Tables_ColumnName_validation(SnowFlake_ColumnValidation_Master.java:231)
at testcases.RAW_DATAMART_CURATED.SnowFlake_ColumnValidation_Master.Testcase_ColumnValidation(SnowFlake_ColumnValidation_Master.java:240)
at jdk.internal.reflect.GeneratedMethodAccessor12.invoke(Unknown Source)
at java.base/jdk.internal.reflect.DelegatingMethodAccessorImpl.invoke(DelegatingMethodAccessorImpl.java:43)
at java.base/java.lang.reflect.Method.invoke(Method.java:568)
at org.testng.internal.MethodInvocationHelper.invokeMethod(MethodInvocationHelper.java:133)
at org.testng.internal.TestInvoker.invokeMethod(TestInvoker.java:598)
at org.testng.internal.TestInvoker.invokeTestMethod(TestInvoker.java:173)
at org.testng.internal.MethodRunner.runInSequence(MethodRunner.java:46)
at org.testng.internal.TestInvoker$MethodInvocationAgent.invoke(TestInvoker.java:824)
at org.testng.internal.TestInvoker.invokeTestMethods(TestInvoker.java:146)
at org.testng.internal.TestMethodWorker.invokeTestMethods(TestMethodWorker.java:146)
at org.testng.internal.TestMethodWorker.run(TestMethodWorker.java:128)
at java.base/java.util.ArrayList.forEach(ArrayList.java:1511)
at org.testng.TestRunner.privateRun(TestRunner.java:794)
at org.testng.TestRunner.run(TestRunner.java:596)
at org.testng.SuiteRunner.runTest(SuiteRunner.java:377)
at org.testng.SuiteRunner.runSequentially(SuiteRunner.java:371)
at org.testng.SuiteRunner.privateRun(SuiteRunner.java:332)
at org.testng.SuiteRunner.run(SuiteRunner.java:276)
at org.testng.SuiteRunnerWorker.runSuite(SuiteRunnerWorker.java:53)
at org.testng.SuiteRunnerWorker.run(SuiteRunnerWorker.java:96)
at org.testng.TestNG.runSuitesSequentially(TestNG.java:1212)
at org.testng.TestNG.runSuitesLocally(TestNG.java:1134)
at org.testng.TestNG.runSuites(TestNG.java:1063)
at org.testng.TestNG.run(TestNG.java:1031)
at org.testng.remote.AbstractRemoteTestNG.run(AbstractRemoteTestNG.java:115)
at org.testng.remote.RemoteTestNG.initAndRun(RemoteTestNG.java:251)
at org.testng.remote.RemoteTestNG.main(RemoteTestNG.java:77)
]]>
    </failure>
  </testcase> <!-- Testcase_ColumnValidation -->
  <system-out>
    <![CDATA[Executing Snowflake query :: SELECT COLUMN_NAME FROM DEV_ENT_RAW.INFORMATION_SCHEMA.COLUMNS WHERE TABLE_NAME='TECHNICIANPAYROLL'and TABLE_SCHEMA='ST_HUTCHINSON_MATILLION'
Executing Snowflake query :: SELECT COLUMN_NAME FROM CURATED_DATAMART.INFORMATION_SCHEMA.COLUMNS WHERE TABLE_NAME='STR_TECHNICIANPAYROLL'and TABLE_SCHEMA='ST_BKP_HUTCHINSON'
Executing Snowflake query :: SELECT COLUMN_NAME FROM DEV_ENT_CURATED.INFORMATION_SCHEMA.COLUMNS WHERE TABLE_NAME='DIM_TECHNICIANPAYROLL'and TABLE_SCHEMA='MASTER_DIMENSIONS'
Column names for RAW Table --> TECHNICIANPAYROLL :: [ACTIVE, BUSINESSUNITNAME, ENABLETECHNICIANCLOCKINANDCLOCKOUT, MANAGER_ID, PAYFORIDLETIMEOVERONEHOUR, SELLERFEE, MANAGERNAME, PAYROLLPERCENTAGEFEEMINIMUM, PAYROLLREVIEWSTATE_MANAGERUPDATEDON, USECUSTOMIDLETIMERULES, PAYROLLFLATFEE, ADDONMULTITECHCOMMISSIONRATE, ATLASBUTLERTECHNICIANROLE, BUSINESSUNITPAYROLLIDLETIMEDOUBLEOVERTIMEPAYCODE_CODE, BUSINESSUNITPAYROLLIDLETIMEOTPAYCODE, TECHNICIANFIRSTDRIVERULE, BUSINESSUNITPAYROLLIDLETIMEOVERTIMEPAYCODE_NAME, DEFAULTPAYROLLADJUSTMENTRATE, ID, WILLIAMSPAYROLLIGNORESINVOICEBALANCETOPAYTGLANDSOLDBY, BUSINESSUNITPAYROLLIDLETIMESTANDARDPAYCODE_NAME, PREVENTNJAOVERLAPPING, BUSINESSUNITPAYROLLIDLETIMEDOUBLEOVERTIMEPAYCODE_NAME, DEDUCTCOSTSFROMSOLDBYCREDIT, FROM, HASCALCULATEDGROSSPAYITEMS, ISQUEUEDFORFORCEDTIMESHEETRECALC, PAYFORIDLETIMEUPTO, PAYROLLPERIOD_ID, USEPAYROLLDATE, BUSINESSUNITWEIGHTEDOVERTIMEPAYCODENEW_NAME, ADDONCREWSPLITCOMMISSIONRATE, ADDONSOLOCOMMISSIONRATE, BUSINESSUNITPAYROLLIDLETIMEDOUBLEOVERTIMEPAYCODE_ORIGINALCODE, BUSINESSUNITWEIGHTEDOVERTIMEPAYCODE, INCLUDESELLERFEEANDTECHSPECIFICBONUS, ISQUEUEDFORFORCEDSALARYRECALC, OVERTIMEPROFILE_ID, PAYROLLREVIEWSTATE_MANAGERSTATUS, SCHEDULEDCREWSPLITCOMMISSIONRATE, TECHNICIANNAME, LASTTIMESALARYGROSSPAYITEMSGENERATED, TECHNICIANPAYROLLSTARTPERIOD, TECHNICIANSOLDBYRATE, PAYROLLREVIEWSTATE_DISPUTEREASON, PAYROLLREVIEWSTATE_AUTHORIZATIONSIGNATURE, TECHNICIAN_ID, BUSINESSUNITPAYROLLIDLETIMEOVERTIMEPAYCODE_ORIGINALCODE, BUSINESSUNITPAYROLLIDLETIMESTANDARDPAYCODE_ORIGINALCODE, LASTTIMETIMESHEETSGROSSPAYITEMSGENERATED, PAYROLLFLATFEEMINIMUM, PAYROLLPERCENTAGEFEE, PAYROLLCOSTMARKUP, PAYROLLSHOWMATERIALSINCOST, SCHEDULEDSOLOCOMMISSIONRATE, TECHNICIANTYPE, ISQUEUEDFORFORCEDCOMMISSIONRECALC, ROUNDSOLDHOURSTOTWODECIMALPLACES, BUSINESSUNITPAYROLLIDLETIMESTPAYCODE, BUSINESSUNITWEIGHTEDOVERTIMEPAYCODENEW_CODE, CREATEDBY_ID, PAYROLLMARGINALRANGEBONUSES, SCHEDULEDMULTITECHCOMMISSIONRATE, TECHNICIANDEDUCTCOMMUTETIMEFROMFIRSTDRIVE, TO, PAYROLLEXPENSEDEDUCTIONTRIGGER, TECHNICIANHOURLYRATE, TECHNICIANPAYROLLSTATUS, TIMEZONE, TURNOVERBONUS, DISABLEDOUBLEOVERTIME, TECHNICIANOVERTIMEMODE, PAYROLLREPORTVERSION, TECHNICIANPAYTYPE, LASTTIMEGROSSPAYITEMSGENERATED, BUSINESSUNIT_ID, CREATEDON, BUSINESSUNITPAYROLLIDLETIMESTANDARDPAYCODE_CODE, BUSINESSUNITWEIGHTEDOVERTIMEPAYCODENEW_ORIGINALCODE, HASCALCULATEDSALARYGROSSPAYITEMS, PAYROLLID, PAYROLLREVIEWSTATE_STATUS, PAYROLLREVIEWSTATE_TECHNICIANUPDATEDON, SEARSPAYROLLROLE, SUPPORTSPERSISTEDINVOICES, TECHNICIANCOMMISSIONRATE, LINEITEMSONPURCHASEORDERS, TECHNICIANCOMMUTETIME, PAYROLLUSECOMMISSIONBASETODETECTRANGEBONUS, BURDENRATE, BUSINESSUNITPAYROLLIDLETIMEOVERTIMEPAYCODE_CODE, IMPORTID, LASTTIMEUPDATED, TECHNICIANINVOICINGHOURLYRATE, UPDATEERRORLOGID, HASCALCULATEDTIMESHEETGROSSPAYITEMS, PAYROLLUSENSVASSOLDBYBASE, PAYROLLTYPE, TURNOVERMINIMUMTHRESHOLD, SHOWPAYROLLPERSISTENCEFIELDSANDREPORTS]
Column names for DataMart Table --> STR_TECHNICIANPAYROLL :: [BUSINESSUNITNAME, BUSINESSUNITPAYROLLIDLETIMEDOUBLEOVERTIMEPAYCODE_ORIGINALCODE, BUSINESSUNITPAYROLLIDLETIMEOVERTIMEPAYCODE_NAME, INCLUDESELLERFEEANDTECHSPECIFICBONUS, ISQUEUEDFORFORCEDTIMESHEETRECALC, PAYROLLREPORTVERSION, TECHNICIANPAYROLLSTATUS, CREATEDON, MANAGERNAME, MASTER_ID, PAYROLLFLATFEE, TURNOVERBONUS, BUSINESSUNITPAYROLLIDLETIMESTPAYCODE, BUSINESSUNIT_ID, HASCALCULATEDGROSSPAYITEMS, OVERTIMEPROFILE_ID, PAYROLLMARGINALRANGEBONUSES, IMPORTID, PAYROLLUSECOMMISSIONBASETODETECTRANGEBONUS, SHOWPAYROLLPERSISTENCEFIELDSANDREPORTS, TECHNICIAN_ID, PAYROLLID, PAYROLLREVIEWSTATE_TECHNICIANUPDATEDON, TECHNICIANOVERTIMEMODE, TECHNICIANTYPE, ACTIVE, ADDONCREWSPLITCOMMISSIONRATE, ADDONSOLOCOMMISSIONRATE, ATLASBUTLERTECHNICIANROLE, BUSINESSUNITWEIGHTEDOVERTIMEPAYCODENEW_CODE, HASCALCULATEDSALARYGROSSPAYITEMS, ID, LASTTIMEGROSSPAYITEMSGENERATED, MANAGER_ID, RECORD_UPDATE_DATE, SUPPORTSPERSISTEDINVOICES, PAYROLLREVIEWSTATE_STATUS, UPDATEERRORLOGID, ACTIVE_FLAG, BURDENRATE, BUSINESSUNITPAYROLLIDLETIMEOVERTIMEPAYCODE_CODE, PAYROLLEXPENSEDEDUCTIONTRIGGER, BUSINESSUNITWEIGHTEDOVERTIMEPAYCODENEW_NAME, LINEITEMSONPURCHASEORDERS, PREVENTNJAOVERLAPPING, RECORD_CREATE_DATE, TECHNICIANNAME, TECHNICIANPAYTYPE, SCHEDULEDCREWSPLITCOMMISSIONRATE, TO, USECUSTOMIDLETIMERULES, SEARSPAYROLLROLE, BUSINESSUNITPAYROLLIDLETIMEOTPAYCODE, LASTTIMESALARYGROSSPAYITEMSGENERATED, PAYROLLREVIEWSTATE_AUTHORIZATIONSIGNATURE, PAYROLLREVIEWSTATE_MANAGERSTATUS, SCHEDULEDMULTITECHCOMMISSIONRATE, TECHNICIANCOMMUTETIME, TECHNICIANFIRSTDRIVERULE, TECHNICIANSOLDBYRATE, WILLIAMSPAYROLLIGNORESINVOICEBALANCETOPAYTGLANDSOLDBY, SCHEDULEDSOLOCOMMISSIONRATE, TECHNICIANCOMMISSIONRATE, ADDONMULTITECHCOMMISSIONRATE, BUSINESSUNITPAYROLLIDLETIMEDOUBLEOVERTIMEPAYCODE_CODE, BUSINESSUNITPAYROLLIDLETIMEDOUBLEOVERTIMEPAYCODE_NAME, BUSINESSUNITPAYROLLIDLETIMEOVERTIMEPAYCODE_ORIGINALCODE, BUSINESSUNITPAYROLLIDLETIMESTANDARDPAYCODE_NAME, BUSINESSUNITWEIGHTEDOVERTIMEPAYCODENEW_ORIGINALCODE, DISABLEDOUBLEOVERTIME, LASTTIMETIMESHEETSGROSSPAYITEMSGENERATED, PAYFORIDLETIMEUPTO, PAYROLLPERCENTAGEFEE, PAYROLLPERCENTAGEFEEMINIMUM, PAYROLLPERIOD_ID, DEDUCTCOSTSFROMSOLDBYCREDIT, PAYROLLFLATFEEMINIMUM, TIMEZONE, BUSINESSUNITPAYROLLIDLETIMESTANDARDPAYCODE_ORIGINALCODE, BUSINESSUNITWEIGHTEDOVERTIMEPAYCODE, ISQUEUEDFORFORCEDSALARYRECALC, ROUNDSOLDHOURSTOTWODECIMALPLACES, TECHNICIANPAYROLLSTARTPERIOD, TURNOVERMINIMUMTHRESHOLD, HASCALCULATEDTIMESHEETGROSSPAYITEMS, PAYROLLCOSTMARKUP, PAYROLLTYPE, SELLERFEE, TECHNICIANHOURLYRATE, USEPAYROLLDATE, TENANT_TYPE, BUSINESSUNITPAYROLLIDLETIMESTANDARDPAYCODE_CODE, CREATEDBY_ID, FROM, ISQUEUEDFORFORCEDCOMMISSIONRECALC, LASTTIMEUPDATED, PAYROLLREVIEWSTATE_DISPUTEREASON, PAYROLLSHOWMATERIALSINCOST, TECHNICIANINVOICINGHOURLYRATE, DEFAULTPAYROLLADJUSTMENTRATE, PAYFORIDLETIMEOVERONEHOUR, PAYROLLREVIEWSTATE_MANAGERUPDATEDON, TECHNICIANDEDUCTCOMMUTETIMEFROMFIRSTDRIVE, ENABLETECHNICIANCLOCKINANDCLOCKOUT, PAYROLLUSENSVASSOLDBYBASE]
Column names for Curated Table --> DIM_TECHNICIANPAYROLL :: [ADDONMULTITECHCOMMISSIONRATE, BURDENRATE, BUSINESSUNITPAYROLLIDLETIMEDOUBLEOVERTIMEPAYCODE_ORIGINALCODE, BUSINESSUNITPAYROLLIDLETIMESTANDARDPAYCODE_CODE, DISABLEDOUBLEOVERTIME, ENABLETECHNICIANCLOCKINANDCLOCKOUT, ID, PAYROLLFLATFEE, TECHNICIANNAME, LINEITEMSONPURCHASEORDERS, SHOWPAYROLLPERSISTENCEFIELDSANDREPORTS, UPDATEERRORLOGID, DEFAULTPAYROLLADJUSTMENTRATE, TECHNICIAN_ID, ADDONSOLOCOMMISSIONRATE, ISQUEUEDFORFORCEDSALARYRECALC, TURNOVERBONUS, BUSINESSUNITPAYROLLIDLETIMEOVERTIMEPAYCODE_NAME, HASCALCULATEDTIMESHEETGROSSPAYITEMS, OVERTIMEPROFILE_ID, TECHNICIANPAYROLLSTARTPERIOD, WILLIAMSPAYROLLIGNORESINVOICEBALANCETOPAYTGLANDSOLDBY, TURNOVERMINIMUMTHRESHOLD, USEPAYROLLDATE, MANAGERNAME, PAYROLLCOSTMARKUP, SEARSPAYROLLROLE, TECHNICIANPAYTYPE, HASCALCULATEDSALARYGROSSPAYITEMS, PAYROLLREVIEWSTATE_MANAGERUPDATEDON, PAYROLLTYPE, SCHEDULEDCREWSPLITCOMMISSIONRATE, TENANT_TYPE, SUPPORTSPERSISTEDINVOICES, ADDONCREWSPLITCOMMISSIONRATE, BUSINESSUNITPAYROLLIDLETIMEDOUBLEOVERTIMEPAYCODE_NAME, BUSINESSUNITPAYROLLIDLETIMEOVERTIMEPAYCODE_CODE, BUSINESSUNITPAYROLLIDLETIMESTPAYCODE, BUSINESSUNITWEIGHTEDOVERTIMEPAYCODENEW_CODE, LASTTIMETIMESHEETSGROSSPAYITEMSGENERATED, PAYROLLFLATFEEMINIMUM, TECHNICIANSOLDBYRATE, BUSINESSUNITWEIGHTEDOVERTIMEPAYCODENEW_NAME, RECORD_CREATE_DATE, TIMEZONE, PAYROLLREVIEWSTATE_DISPUTEREASON, TO, LASTTIMESALARYGROSSPAYITEMSGENERATED, ACTIVE, BUSINESSUNITPAYROLLIDLETIMESTANDARDPAYCODE_NAME, BUSINESSUNITPAYROLLIDLETIMESTANDARDPAYCODE_ORIGINALCODE, CREATEDON, LASTTIMEGROSSPAYITEMSGENERATED, PAYROLLPERCENTAGEFEE, SCHEDULEDMULTITECHCOMMISSIONRATE, BUSINESSUNITNAME, PAYFORIDLETIMEUPTO, PAYROLLREVIEWSTATE_STATUS, PAYROLLREVIEWSTATE_TECHNICIANUPDATEDON, SELLERFEE, TECHNICIANINVOICINGHOURLYRATE, TECHNICIANPAYROLLSTATUS, TECHNICIANTYPE, BUSINESSUNITPAYROLLIDLETIMEDOUBLEOVERTIMEPAYCODE_CODE, HASCALCULATEDGROSSPAYITEMS, PAYFORIDLETIMEOVERONEHOUR, PAYROLLUSECOMMISSIONBASETODETECTRANGEBONUS, RECORD_UPDATE_DATE, PAYROLLREVIEWSTATE_AUTHORIZATIONSIGNATURE, TECHNICIANFIRSTDRIVERULE, BUSINESSUNITPAYROLLIDLETIMEOVERTIMEPAYCODE_ORIGINALCODE, BUSINESSUNITPAYROLLIDLETIMEOTPAYCODE, CREATEDBY_ID, ISQUEUEDFORFORCEDCOMMISSIONRECALC, PREVENTNJAOVERLAPPING, ROUNDSOLDHOURSTOTWODECIMALPLACES, FROM, TECHNICIANCOMMISSIONRATE, TECHNICIANDEDUCTCOMMUTETIMEFROMFIRSTDRIVE, USECUSTOMIDLETIMERULES, PAYROLLMARGINALRANGEBONUSES, IMPORTID, PAYROLLREVIEWSTATE_MANAGERSTATUS, ATLASBUTLERTECHNICIANROLE, BUSINESSUNITWEIGHTEDOVERTIMEPAYCODENEW_ORIGINALCODE, BUSINESSUNIT_ID, DEDUCTCOSTSFROMSOLDBYCREDIT, ISQUEUEDFORFORCEDTIMESHEETRECALC, MANAGER_ID, PAYROLLREPORTVERSION, PAYROLLSHOWMATERIALSINCOST, PAYROLLUSENSVASSOLDBYBASE, SCHEDULEDSOLOCOMMISSIONRATE, INCLUDESELLERFEEANDTECHSPECIFICBONUS, LASTTIMEUPDATED, PAYROLLID, PAYROLLPERCENTAGEFEEMINIMUM, TECHNICIANCOMMUTETIME, TECHNICIANHOURLYRATE, TECHNICIANOVERTIMEMODE, BUSINESSUNITWEIGHTEDOVERTIMEPAYCODE, PAYROLLEXPENSEDEDUCTIONTRIGGER, PAYROLLPERIOD_ID]
Column Name found in Datamart and Curated Table :: ACTIVE
Column Name found in Datamart and Curated Table :: BUSINESSUNITNAME
Column Name found in Datamart and Curated Table :: ENABLETECHNICIANCLOCKINANDCLOCKOUT
Column Name found in Datamart and Curated Table :: MANAGER_ID
Column Name found in Datamart and Curated Table :: PAYFORIDLETIMEOVERONEHOUR
Column Name found in Datamart and Curated Table :: SELLERFEE
Column Name found in Datamart and Curated Table :: MANAGERNAME
Column Name found in Datamart and Curated Table :: PAYROLLPERCENTAGEFEEMINIMUM
Column Name found in Datamart and Curated Table :: PAYROLLREVIEWSTATE_MANAGERUPDATEDON
Column Name found in Datamart and Curated Table :: USECUSTOMIDLETIMERULES
Column Name found in Datamart and Curated Table :: PAYROLLFLATFEE
Column Name found in Datamart and Curated Table :: ADDONMULTITECHCOMMISSIONRATE
Column Name found in Datamart and Curated Table :: ATLASBUTLERTECHNICIANROLE
Column Name found in Datamart and Curated Table :: BUSINESSUNITPAYROLLIDLETIMEDOUBLEOVERTIMEPAYCODE_CODE
Column Name found in Datamart and Curated Table :: BUSINESSUNITPAYROLLIDLETIMEOTPAYCODE
Column Name found in Datamart and Curated Table :: TECHNICIANFIRSTDRIVERULE
Column Name found in Datamart and Curated Table :: BUSINESSUNITPAYROLLIDLETIMEOVERTIMEPAYCODE_NAME
Column Name found in Datamart and Curated Table :: DEFAULTPAYROLLADJUSTMENTRATE
Column Name found in Datamart and Curated Table :: ID
Column Name found in Datamart and Curated Table :: WILLIAMSPAYROLLIGNORESINVOICEBALANCETOPAYTGLANDSOLDBY
Column Name found in Datamart and Curated Table :: BUSINESSUNITPAYROLLIDLETIMESTANDARDPAYCODE_NAME
Column Name found in Datamart and Curated Table :: PREVENTNJAOVERLAPPING
Column Name found in Datamart and Curated Table :: BUSINESSUNITPAYROLLIDLETIMEDOUBLEOVERTIMEPAYCODE_NAME
Column Name found in Datamart and Curated Table :: DEDUCTCOSTSFROMSOLDBYCREDIT
Column Name found in Datamart and Curated Table :: FROM
Column Name found in Datamart and Curated Table :: HASCALCULATEDGROSSPAYITEMS
Column Name found in Datamart and Curated Table :: ISQUEUEDFORFORCEDTIMESHEETRECALC
Column Name found in Datamart and Curated Table :: PAYFORIDLETIMEUPTO
Column Name found in Datamart and Curated Table :: PAYROLLPERIOD_ID
Column Name found in Datamart and Curated Table :: USEPAYROLLDATE
Column Name found in Datamart and Curated Table :: BUSINESSUNITWEIGHTEDOVERTIMEPAYCODENEW_NAME
Column Name found in Datamart and Curated Table :: ADDONCREWSPLITCOMMISSIONRATE
Column Name found in Datamart and Curated Table :: ADDONSOLOCOMMISSIONRATE
Column Name found in Datamart and Curated Table :: BUSINESSUNITPAYROLLIDLETIMEDOUBLEOVERTIMEPAYCODE_ORIGINALCODE
Column Name found in Datamart and Curated Table :: BUSINESSUNITWEIGHTEDOVERTIMEPAYCODE
Column Name found in Datamart and Curated Table :: INCLUDESELLERFEEANDTECHSPECIFICBONUS
Column Name found in Datamart and Curated Table :: ISQUEUEDFORFORCEDSALARYRECALC
Column Name found in Datamart and Curated Table :: OVERTIMEPROFILE_ID
Column Name found in Datamart and Curated Table :: PAYROLLREVIEWSTATE_MANAGERSTATUS
Column Name found in Datamart and Curated Table :: SCHEDULEDCREWSPLITCOMMISSIONRATE
Column Name found in Datamart and Curated Table :: TECHNICIANNAME
Column Name found in Datamart and Curated Table :: LASTTIMESALARYGROSSPAYITEMSGENERATED
Column Name found in Datamart and Curated Table :: TECHNICIANPAYROLLSTARTPERIOD
Column Name found in Datamart and Curated Table :: TECHNICIANSOLDBYRATE
Column Name found in Datamart and Curated Table :: PAYROLLREVIEWSTATE_DISPUTEREASON
Column Name found in Datamart and Curated Table :: PAYROLLREVIEWSTATE_AUTHORIZATIONSIGNATURE
Column Name found in Datamart and Curated Table :: TECHNICIAN_ID
Column Name found in Datamart and Curated Table :: BUSINESSUNITPAYROLLIDLETIMEOVERTIMEPAYCODE_ORIGINALCODE
Column Name found in Datamart and Curated Table :: BUSINESSUNITPAYROLLIDLETIMESTANDARDPAYCODE_ORIGINALCODE
Column Name found in Datamart and Curated Table :: LASTTIMETIMESHEETSGROSSPAYITEMSGENERATED
Column Name found in Datamart and Curated Table :: PAYROLLFLATFEEMINIMUM
Column Name found in Datamart and Curated Table :: PAYROLLPERCENTAGEFEE
Column Name found in Datamart and Curated Table :: PAYROLLCOSTMARKUP
Column Name found in Datamart and Curated Table :: PAYROLLSHOWMATERIALSINCOST
Column Name found in Datamart and Curated Table :: SCHEDULEDSOLOCOMMISSIONRATE
Column Name found in Datamart and Curated Table :: TECHNICIANTYPE
Column Name found in Datamart and Curated Table :: ISQUEUEDFORFORCEDCOMMISSIONRECALC
Column Name found in Datamart and Curated Table :: ROUNDSOLDHOURSTOTWODECIMALPLACES
Column Name found in Datamart and Curated Table :: BUSINESSUNITPAYROLLIDLETIMESTPAYCODE
Column Name found in Datamart and Curated Table :: BUSINESSUNITWEIGHTEDOVERTIMEPAYCODENEW_CODE
Column Name found in Datamart and Curated Table :: CREATEDBY_ID
Column Name found in Datamart and Curated Table :: PAYROLLMARGINALRANGEBONUSES
Column Name found in Datamart and Curated Table :: SCHEDULEDMULTITECHCOMMISSIONRATE
Column Name found in Datamart and Curated Table :: TECHNICIANDEDUCTCOMMUTETIMEFROMFIRSTDRIVE
Column Name found in Datamart and Curated Table :: TO
Column Name found in Datamart and Curated Table :: PAYROLLEXPENSEDEDUCTIONTRIGGER
Column Name found in Datamart and Curated Table :: TECHNICIANHOURLYRATE
Column Name found in Datamart and Curated Table :: TECHNICIANPAYROLLSTATUS
Column Name found in Datamart and Curated Table :: TIMEZONE
Column Name found in Datamart and Curated Table :: TURNOVERBONUS
Column Name found in Datamart and Curated Table :: DISABLEDOUBLEOVERTIME
Column Name found in Datamart and Curated Table :: TECHNICIANOVERTIMEMODE
Column Name found in Datamart and Curated Table :: PAYROLLREPORTVERSION
Column Name found in Datamart and Curated Table :: TECHNICIANPAYTYPE
Column Name found in Datamart and Curated Table :: LASTTIMEGROSSPAYITEMSGENERATED
Column Name found in Datamart and Curated Table :: BUSINESSUNIT_ID
Column Name found in Datamart and Curated Table :: CREATEDON
Column Name found in Datamart and Curated Table :: BUSINESSUNITPAYROLLIDLETIMESTANDARDPAYCODE_CODE
Column Name found in Datamart and Curated Table :: BUSINESSUNITWEIGHTEDOVERTIMEPAYCODENEW_ORIGINALCODE
Column Name found in Datamart and Curated Table :: HASCALCULATEDSALARYGROSSPAYITEMS
Column Name found in Datamart and Curated Table :: PAYROLLID
Column Name found in Datamart and Curated Table :: PAYROLLREVIEWSTATE_STATUS
Column Name found in Datamart and Curated Table :: PAYROLLREVIEWSTATE_TECHNICIANUPDATEDON
Column Name found in Datamart and Curated Table :: SEARSPAYROLLROLE
Column Name found in Datamart and Curated Table :: SUPPORTSPERSISTEDINVOICES
Column Name found in Datamart and Curated Table :: TECHNICIANCOMMISSIONRATE
Column Name found in Datamart and Curated Table :: LINEITEMSONPURCHASEORDERS
Column Name found in Datamart and Curated Table :: TECHNICIANCOMMUTETIME
Column Name found in Datamart and Curated Table :: PAYROLLUSECOMMISSIONBASETODETECTRANGEBONUS
Column Name found in Datamart and Curated Table :: BURDENRATE
Column Name found in Datamart and Curated Table :: BUSINESSUNITPAYROLLIDLETIMEOVERTIMEPAYCODE_CODE
Column Name found in Datamart and Curated Table :: IMPORTID
Column Name found in Datamart and Curated Table :: LASTTIMEUPDATED
Column Name found in Datamart and Curated Table :: TECHNICIANINVOICINGHOURLYRATE
Column Name found in Datamart and Curated Table :: UPDATEERRORLOGID
Column Name found in Datamart and Curated Table :: HASCALCULATEDTIMESHEETGROSSPAYITEMS
Column Name found in Datamart and Curated Table :: PAYROLLUSENSVASSOLDBYBASE
Column Name found in Datamart and Curated Table :: PAYROLLTYPE
Column Name found in Datamart and Curated Table :: TURNOVERMINIMUMTHRESHOLD
Column Name found in Datamart and Curated Table :: SHOWPAYROLLPERSISTENCEFIELDSANDREPORTS
Datamart tables contains additional column name like [ACTIVE_FLAG, RECORD_CREATE_DATE, RECORD_UPDATE_DATE, RECORD_UPDATE_DATE, MASTER_ID, TENANT_TYPE]
Curated tables not contains additional column name like [RECORD_CREATE_DATE, RECORD_UPDATE_DATE, RECORD_UPDATED_BY, TENANT_TYPE]]]>
  </system-out>
  <testcase classname="testcases.RAW_DATAMART_CURATED.SnowFlake_ColumnValidation_Master" name="Testcase_ColumnValidation" time="2.440">
    <failure message="The following asserts failed:
	null" type="java.lang.AssertionError">
      <![CDATA[java.lang.AssertionError: The following asserts failed:
null
at org.testng.asserts.SoftAssert.assertAll(SoftAssert.java:47)
at org.testng.asserts.SoftAssert.assertAll(SoftAssert.java:31)
at testcases.RAW_DATAMART_CURATED.SnowFlake_ColumnValidation_Master.BKP_Tables_ColumnName_validation(SnowFlake_ColumnValidation_Master.java:231)
at testcases.RAW_DATAMART_CURATED.SnowFlake_ColumnValidation_Master.Testcase_ColumnValidation(SnowFlake_ColumnValidation_Master.java:240)
at jdk.internal.reflect.GeneratedMethodAccessor12.invoke(Unknown Source)
at java.base/jdk.internal.reflect.DelegatingMethodAccessorImpl.invoke(DelegatingMethodAccessorImpl.java:43)
at java.base/java.lang.reflect.Method.invoke(Method.java:568)
at org.testng.internal.MethodInvocationHelper.invokeMethod(MethodInvocationHelper.java:133)
at org.testng.internal.TestInvoker.invokeMethod(TestInvoker.java:598)
at org.testng.internal.TestInvoker.invokeTestMethod(TestInvoker.java:173)
at org.testng.internal.MethodRunner.runInSequence(MethodRunner.java:46)
at org.testng.internal.TestInvoker$MethodInvocationAgent.invoke(TestInvoker.java:824)
at org.testng.internal.TestInvoker.invokeTestMethods(TestInvoker.java:146)
at org.testng.internal.TestMethodWorker.invokeTestMethods(TestMethodWorker.java:146)
at org.testng.internal.TestMethodWorker.run(TestMethodWorker.java:128)
at java.base/java.util.ArrayList.forEach(ArrayList.java:1511)
at org.testng.TestRunner.privateRun(TestRunner.java:794)
at org.testng.TestRunner.run(TestRunner.java:596)
at org.testng.SuiteRunner.runTest(SuiteRunner.java:377)
at org.testng.SuiteRunner.runSequentially(SuiteRunner.java:371)
at org.testng.SuiteRunner.privateRun(SuiteRunner.java:332)
at org.testng.SuiteRunner.run(SuiteRunner.java:276)
at org.testng.SuiteRunnerWorker.runSuite(SuiteRunnerWorker.java:53)
at org.testng.SuiteRunnerWorker.run(SuiteRunnerWorker.java:96)
at org.testng.TestNG.runSuitesSequentially(TestNG.java:1212)
at org.testng.TestNG.runSuitesLocally(TestNG.java:1134)
at org.testng.TestNG.runSuites(TestNG.java:1063)
at org.testng.TestNG.run(TestNG.java:1031)
at org.testng.remote.AbstractRemoteTestNG.run(AbstractRemoteTestNG.java:115)
at org.testng.remote.RemoteTestNG.initAndRun(RemoteTestNG.java:251)
at org.testng.remote.RemoteTestNG.main(RemoteTestNG.java:77)
]]>
    </failure>
  </testcase> <!-- Testcase_ColumnValidation -->
  <system-out>
    <![CDATA[Executing Snowflake query :: SELECT COLUMN_NAME FROM DEV_ENT_RAW.INFORMATION_SCHEMA.COLUMNS WHERE TABLE_NAME='TECHNICIANPAYROLLADJUSTMENT'and TABLE_SCHEMA='ST_MAITZ_MATILLION'
Executing Snowflake query :: SELECT COLUMN_NAME FROM CURATED_DATAMART.INFORMATION_SCHEMA.COLUMNS WHERE TABLE_NAME='STR_TECHNICIANPAYROLLADJUSTMENT'and TABLE_SCHEMA='ST_BKP_MAITZ'
Executing Snowflake query :: SELECT COLUMN_NAME FROM DEV_ENT_CURATED.INFORMATION_SCHEMA.COLUMNS WHERE TABLE_NAME='DIM_TECHNICIANPAYROLLADJUSTMENT'and TABLE_SCHEMA='MASTER_DIMENSIONS'
Column names for RAW Table --> TECHNICIANPAYROLLADJUSTMENT :: [AMOUNT, INVOICE_ID, JOBLOCATIONNAME, PAYROLL_ID, TECHNICIAN_ID, PROJECTNUMBER, ACTIVE, CODE_NAME, JOBLOCATIONADDRESS, MEMO, TYPE, ZONE_ID, IMPORTID, BUSINESSUNIT_ID, CUSTOMER_ID, ID, PAYROLLCODE_CODE, TAXZONE_ID, TAXZONENAME, JOBLOCATION_ID, JOBLOCATIONZIP, PAYROLLCODE_NAME, PAYROLLADJUSTMENT_ID, QUANTITY, CODE_PAYROLLCODE, HOURS, JOB_ID, RATE, REPLACESBONUSAMOUNT, CUSTOMERNAME, POSTEDON, CREATEDON, INVOICENUMBER, ISOTCHARGE, PROJECT_ID, CREATEDBY_ID, PAYROLLCODE_ORIGINALCODE, BUSINESSUNITNAME, ZONENAME, JOBNUMBER, CODE_ORIGINALCODE, ISPREVAILINGWAGEJOB, PERSISTENCETYPE]
Column names for DataMart Table --> STR_TECHNICIANPAYROLLADJUSTMENT :: [CODE_ORIGINALCODE, ID, JOBLOCATIONADDRESS, JOBLOCATIONZIP, PROJECT_ID, HOURS, ZONENAME, CUSTOMER_ID, INVOICENUMBER, INVOICE_ID, MASTER_ID, JOBLOCATIONNAME, PAYROLLADJUSTMENT_ID, ACTIVE, CODE_NAME, PAYROLL_ID, TAXZONE_ID, AMOUNT, BUSINESSUNIT_ID, JOBNUMBER, PROJECTNUMBER, RECORD_UPDATE_DATE, ACTIVE_FLAG, CREATEDON, CUSTOMERNAME, JOBLOCATION_ID, MEMO, PAYROLLCODE_NAME, PAYROLLCODE_ORIGINALCODE, BUSINESSUNITNAME, TECHNICIAN_ID, POSTEDON, QUANTITY, RATE, TAXZONENAME, TENANT_TYPE, ZONE_ID, CODE_PAYROLLCODE, IMPORTID, ISOTCHARGE, JOB_ID, PERSISTENCETYPE, RECORD_CREATE_DATE, REPLACESBONUSAMOUNT, CREATEDBY_ID, PAYROLLCODE_CODE, TYPE, ISPREVAILINGWAGEJOB]
Column names for Curated Table --> DIM_TECHNICIANPAYROLLADJUSTMENT :: [BUSINESSUNIT_ID, CREATEDON, CUSTOMER_ID, ISOTCHARGE, ISPREVAILINGWAGEJOB, JOBLOCATION_ID, TYPE, PAYROLLCODE_CODE, BUSINESSUNITNAME, INVOICENUMBER, PROJECTNUMBER, TECHNICIAN_ID, PAYROLLCODE_ORIGINALCODE, AMOUNT, HOURS, JOBNUMBER, QUANTITY, TENANT_TYPE, INVOICE_ID, JOBLOCATIONZIP, JOB_ID, JOBLOCATIONNAME, PERSISTENCETYPE, CODE_ORIGINALCODE, PAYROLL_ID, CODE_NAME, ZONE_ID, RECORD_UPDATE_DATE, CODE_PAYROLLCODE, CREATEDBY_ID, POSTEDON, PAYROLLADJUSTMENT_ID, ID, PROJECT_ID, TAXZONE_ID, ACTIVE, CUSTOMERNAME, PAYROLLCODE_NAME, RECORD_CREATE_DATE, REPLACESBONUSAMOUNT, TAXZONENAME, IMPORTID, JOBLOCATIONADDRESS, MEMO, RATE, ZONENAME]
Column Name found in Datamart and Curated Table :: AMOUNT
Column Name found in Datamart and Curated Table :: INVOICE_ID
Column Name found in Datamart and Curated Table :: JOBLOCATIONNAME
Column Name found in Datamart and Curated Table :: PAYROLL_ID
Column Name found in Datamart and Curated Table :: TECHNICIAN_ID
Column Name found in Datamart and Curated Table :: PROJECTNUMBER
Column Name found in Datamart and Curated Table :: ACTIVE
Column Name found in Datamart and Curated Table :: CODE_NAME
Column Name found in Datamart and Curated Table :: JOBLOCATIONADDRESS
Column Name found in Datamart and Curated Table :: MEMO
Column Name found in Datamart and Curated Table :: TYPE
Column Name found in Datamart and Curated Table :: ZONE_ID
Column Name found in Datamart and Curated Table :: IMPORTID
Column Name found in Datamart and Curated Table :: BUSINESSUNIT_ID
Column Name found in Datamart and Curated Table :: CUSTOMER_ID
Column Name found in Datamart and Curated Table :: ID
Column Name found in Datamart and Curated Table :: PAYROLLCODE_CODE
Column Name found in Datamart and Curated Table :: TAXZONE_ID
Column Name found in Datamart and Curated Table :: TAXZONENAME
Column Name found in Datamart and Curated Table :: JOBLOCATION_ID
Column Name found in Datamart and Curated Table :: JOBLOCATIONZIP
Column Name found in Datamart and Curated Table :: PAYROLLCODE_NAME
Column Name found in Datamart and Curated Table :: PAYROLLADJUSTMENT_ID
Column Name found in Datamart and Curated Table :: QUANTITY
Column Name found in Datamart and Curated Table :: CODE_PAYROLLCODE
Column Name found in Datamart and Curated Table :: HOURS
Column Name found in Datamart and Curated Table :: JOB_ID
Column Name found in Datamart and Curated Table :: RATE
Column Name found in Datamart and Curated Table :: REPLACESBONUSAMOUNT
Column Name found in Datamart and Curated Table :: CUSTOMERNAME
Column Name found in Datamart and Curated Table :: POSTEDON
Column Name found in Datamart and Curated Table :: CREATEDON
Column Name found in Datamart and Curated Table :: INVOICENUMBER
Column Name found in Datamart and Curated Table :: ISOTCHARGE
Column Name found in Datamart and Curated Table :: PROJECT_ID
Column Name found in Datamart and Curated Table :: CREATEDBY_ID
Column Name found in Datamart and Curated Table :: PAYROLLCODE_ORIGINALCODE
Column Name found in Datamart and Curated Table :: BUSINESSUNITNAME
Column Name found in Datamart and Curated Table :: ZONENAME
Column Name found in Datamart and Curated Table :: JOBNUMBER
Column Name found in Datamart and Curated Table :: CODE_ORIGINALCODE
Column Name found in Datamart and Curated Table :: ISPREVAILINGWAGEJOB
Column Name found in Datamart and Curated Table :: PERSISTENCETYPE
Datamart tables contains additional column name like [ACTIVE_FLAG, RECORD_CREATE_DATE, RECORD_UPDATE_DATE, RECORD_UPDATE_DATE, MASTER_ID, TENANT_TYPE]
Curated tables not contains additional column name like [RECORD_CREATE_DATE, RECORD_UPDATE_DATE, RECORD_UPDATED_BY, TENANT_TYPE]]]>
  </system-out>
  <testcase classname="testcases.RAW_DATAMART_CURATED.SnowFlake_ColumnValidation_Master" name="Testcase_ColumnValidation" time="2.965">
    <failure message="The following asserts failed:
	null,
	null" type="java.lang.AssertionError">
      <![CDATA[java.lang.AssertionError: The following asserts failed:
null,
null
at org.testng.asserts.SoftAssert.assertAll(SoftAssert.java:47)
at org.testng.asserts.SoftAssert.assertAll(SoftAssert.java:31)
at testcases.RAW_DATAMART_CURATED.SnowFlake_ColumnValidation_Master.API_Tables_ColumnName_validation(SnowFlake_ColumnValidation_Master.java:130)
at testcases.RAW_DATAMART_CURATED.SnowFlake_ColumnValidation_Master.Testcase_ColumnValidation(SnowFlake_ColumnValidation_Master.java:243)
at jdk.internal.reflect.GeneratedMethodAccessor12.invoke(Unknown Source)
at java.base/jdk.internal.reflect.DelegatingMethodAccessorImpl.invoke(DelegatingMethodAccessorImpl.java:43)
at java.base/java.lang.reflect.Method.invoke(Method.java:568)
at org.testng.internal.MethodInvocationHelper.invokeMethod(MethodInvocationHelper.java:133)
at org.testng.internal.TestInvoker.invokeMethod(TestInvoker.java:598)
at org.testng.internal.TestInvoker.invokeTestMethod(TestInvoker.java:173)
at org.testng.internal.MethodRunner.runInSequence(MethodRunner.java:46)
at org.testng.internal.TestInvoker$MethodInvocationAgent.invoke(TestInvoker.java:824)
at org.testng.internal.TestInvoker.invokeTestMethods(TestInvoker.java:146)
at org.testng.internal.TestMethodWorker.invokeTestMethods(TestMethodWorker.java:146)
at org.testng.internal.TestMethodWorker.run(TestMethodWorker.java:128)
at java.base/java.util.ArrayList.forEach(ArrayList.java:1511)
at org.testng.TestRunner.privateRun(TestRunner.java:794)
at org.testng.TestRunner.run(TestRunner.java:596)
at org.testng.SuiteRunner.runTest(SuiteRunner.java:377)
at org.testng.SuiteRunner.runSequentially(SuiteRunner.java:371)
at org.testng.SuiteRunner.privateRun(SuiteRunner.java:332)
at org.testng.SuiteRunner.run(SuiteRunner.java:276)
at org.testng.SuiteRunnerWorker.runSuite(SuiteRunnerWorker.java:53)
at org.testng.SuiteRunnerWorker.run(SuiteRunnerWorker.java:96)
at org.testng.TestNG.runSuitesSequentially(TestNG.java:1212)
at org.testng.TestNG.runSuitesLocally(TestNG.java:1134)
at org.testng.TestNG.runSuites(TestNG.java:1063)
at org.testng.TestNG.run(TestNG.java:1031)
at org.testng.remote.AbstractRemoteTestNG.run(AbstractRemoteTestNG.java:115)
at org.testng.remote.RemoteTestNG.initAndRun(RemoteTestNG.java:251)
at org.testng.remote.RemoteTestNG.main(RemoteTestNG.java:77)
]]>
    </failure>
  </testcase> <!-- Testcase_ColumnValidation -->
  <system-out>
    <![CDATA[Executing Snowflake query :: SELECT COLUMN_NAME FROM DEV_ENT_RAW.INFORMATION_SCHEMA.COLUMNS WHERE TABLE_NAME='ST_API_PROJECT'and TABLE_SCHEMA='API_MAT'
Executing Snowflake query :: SELECT COLUMN_NAME FROM CURATED_DATAMART.INFORMATION_SCHEMA.COLUMNS WHERE TABLE_NAME='STR_API_PROJECT'and TABLE_SCHEMA='ST_API_HDAIR'
Executing Snowflake query :: SELECT COLUMN_NAME FROM DEV_ENT_CURATED.INFORMATION_SCHEMA.COLUMNS WHERE TABLE_NAME='DIM_PROJECT'and TABLE_SCHEMA='MASTER_DIMENSIONS'
Column names for RAW Table --> ST_API_PROJECT :: [ACTIVE, AREITEMSREORDERED, CUSTOMER_ID, NAME, NUMBER, PROJECTSETTINGSTYPE, TECHNICIANSIGNATURE, SUMMARY, MODIFIEDON, ACKNOWLEDGEMENTSIGNATURE, COMPLETEDON, COMPLETIONPERCENT, COSTTOCOMPLETE, CREATEDBY_ID, CREATEDON, IMPORTID, COMPLETEDONACTUAL, ID, CONTRACTESTIMATE_ID, AUTHORIZATIONSIGNATURE, CONTRACTSTARTDATE, STARTEDON, CONTRACTFOR, ISRETAINAGEENABLED, ISPREVAILINGWAGE, LOCATION_ID, PAYMENTTERM_ID, RETAINAGEPERCENT, REVENUERECOGNITIONMETHOD, TENANT_TYPE]
Column names for DataMart Table --> STR_API_PROJECT :: [COMPLETEDONACTUAL, CONTRACTESTIMATE_ID, MD5_VALUE, TECHNICIANSIGNATURE, ACKNOWLEDGEMENTSIGNATURE, ACTIVE, ISPREVAILINGWAGE, SUMMARY, CREATEDBY_ID, CUSTOMER_ID, PAYMENTTERM_ID, RECORD_UPDATE_DATE, COMPLETEDON, CONTRACTSTARTDATE, CREATEDON, MODIFIEDON, IMPORTID, ID, STARTEDON, COMPLETIONPERCENT, AUTHORIZATIONSIGNATURE, ISRETAINAGEENABLED, MASTER_ID, NAME, ACTIVE_FLAG, RECORD_CREATE_DATE, NUMBER, RETAINAGEPERCENT, AREITEMSREORDERED, CONTRACTFOR, LOCATION_ID, PROJECTSETTINGSTYPE, TENANT_TYPE]
Column names for Curated Table --> DIM_PROJECT :: [RECORD_UPDATE_DATE, ACTIVE, AUTHORIZATIONSIGNATURE, COMPLETEDON, RETAINAGEPERCENT, IMPORTID, CONTRACTFOR, CONTRACTSTARTDATE, ID, ISRETAINAGEENABLED, RECORD_CREATE_DATE, RECORD_UPDATED_BY, TENANT_TYPE, PROJECTSETTINGSTYPE, TECHNICIANSIGNATURE, ISPREVAILINGWAGE, MD5_VALUE, NAME, PAYMENTTERM_ID, COMPLETEDONACTUAL, CUSTOMER_ID, NUMBER, AREITEMSREORDERED, CREATEDON, LOCATION_ID, MODIFIEDON, STARTEDON, ACKNOWLEDGEMENTSIGNATURE, COMPLETIONPERCENT, CONTRACTESTIMATE_ID, SUMMARY, CREATEDBY_ID, REVENUERECOGNITIONMETHOD]
Column Name found in Datamart and Curated Table :: ACTIVE
Column Name found in Datamart and Curated Table :: AREITEMSREORDERED
Column Name found in Datamart and Curated Table :: CUSTOMER_ID
Column Name found in Datamart and Curated Table :: NAME
Column Name found in Datamart and Curated Table :: NUMBER
Column Name found in Datamart and Curated Table :: PROJECTSETTINGSTYPE
Column Name found in Datamart and Curated Table :: TECHNICIANSIGNATURE
Column Name found in Datamart and Curated Table :: SUMMARY
Column Name found in Datamart and Curated Table :: MODIFIEDON
Column Name found in Datamart and Curated Table :: ACKNOWLEDGEMENTSIGNATURE
Column Name found in Datamart and Curated Table :: COMPLETEDON
Column Name found in Datamart and Curated Table :: COMPLETIONPERCENT
Column Name not found in Datamart and Curated Table :: COSTTOCOMPLETE
Column Name found in Datamart and Curated Table :: CREATEDBY_ID
Column Name found in Datamart and Curated Table :: CREATEDON
Column Name found in Datamart and Curated Table :: IMPORTID
Column Name found in Datamart and Curated Table :: COMPLETEDONACTUAL
Column Name found in Datamart and Curated Table :: ID
Column Name found in Datamart and Curated Table :: CONTRACTESTIMATE_ID
Column Name found in Datamart and Curated Table :: AUTHORIZATIONSIGNATURE
Column Name found in Datamart and Curated Table :: CONTRACTSTARTDATE
Column Name found in Datamart and Curated Table :: STARTEDON
Column Name found in Datamart and Curated Table :: CONTRACTFOR
Column Name found in Datamart and Curated Table :: ISRETAINAGEENABLED
Column Name found in Datamart and Curated Table :: ISPREVAILINGWAGE
Column Name found in Datamart and Curated Table :: LOCATION_ID
Column Name found in Datamart and Curated Table :: PAYMENTTERM_ID
Column Name found in Datamart and Curated Table :: RETAINAGEPERCENT
Column Name not found in Datamart and Curated Table :: REVENUERECOGNITIONMETHOD
Column Name found in Datamart and Curated Table :: TENANT_TYPE
Datamart tables contains additional column name like [ACTIVE_FLAG, RECORD_CREATE_DATE, RECORD_UPDATE_DATE, MASTER_ID]
Curated tables contains additional column name like [RECORD_CREATE_DATE, RECORD_UPDATE_DATE, RECORD_UPDATED_BY]]]>
  </system-out>
  <testcase classname="testcases.RAW_DATAMART_CURATED.SnowFlake_ColumnValidation_Master" name="Testcase_ColumnValidation" time="2.201">
    <failure message="The following asserts failed:
	null,
	null" type="java.lang.AssertionError">
      <![CDATA[java.lang.AssertionError: The following asserts failed:
null,
null
at org.testng.asserts.SoftAssert.assertAll(SoftAssert.java:47)
at org.testng.asserts.SoftAssert.assertAll(SoftAssert.java:31)
at testcases.RAW_DATAMART_CURATED.SnowFlake_ColumnValidation_Master.API_Tables_ColumnName_validation(SnowFlake_ColumnValidation_Master.java:130)
at testcases.RAW_DATAMART_CURATED.SnowFlake_ColumnValidation_Master.Testcase_ColumnValidation(SnowFlake_ColumnValidation_Master.java:243)
at jdk.internal.reflect.GeneratedMethodAccessor12.invoke(Unknown Source)
at java.base/jdk.internal.reflect.DelegatingMethodAccessorImpl.invoke(DelegatingMethodAccessorImpl.java:43)
at java.base/java.lang.reflect.Method.invoke(Method.java:568)
at org.testng.internal.MethodInvocationHelper.invokeMethod(MethodInvocationHelper.java:133)
at org.testng.internal.TestInvoker.invokeMethod(TestInvoker.java:598)
at org.testng.internal.TestInvoker.invokeTestMethod(TestInvoker.java:173)
at org.testng.internal.MethodRunner.runInSequence(MethodRunner.java:46)
at org.testng.internal.TestInvoker$MethodInvocationAgent.invoke(TestInvoker.java:824)
at org.testng.internal.TestInvoker.invokeTestMethods(TestInvoker.java:146)
at org.testng.internal.TestMethodWorker.invokeTestMethods(TestMethodWorker.java:146)
at org.testng.internal.TestMethodWorker.run(TestMethodWorker.java:128)
at java.base/java.util.ArrayList.forEach(ArrayList.java:1511)
at org.testng.TestRunner.privateRun(TestRunner.java:794)
at org.testng.TestRunner.run(TestRunner.java:596)
at org.testng.SuiteRunner.runTest(SuiteRunner.java:377)
at org.testng.SuiteRunner.runSequentially(SuiteRunner.java:371)
at org.testng.SuiteRunner.privateRun(SuiteRunner.java:332)
at org.testng.SuiteRunner.run(SuiteRunner.java:276)
at org.testng.SuiteRunnerWorker.runSuite(SuiteRunnerWorker.java:53)
at org.testng.SuiteRunnerWorker.run(SuiteRunnerWorker.java:96)
at org.testng.TestNG.runSuitesSequentially(TestNG.java:1212)
at org.testng.TestNG.runSuitesLocally(TestNG.java:1134)
at org.testng.TestNG.runSuites(TestNG.java:1063)
at org.testng.TestNG.run(TestNG.java:1031)
at org.testng.remote.AbstractRemoteTestNG.run(AbstractRemoteTestNG.java:115)
at org.testng.remote.RemoteTestNG.initAndRun(RemoteTestNG.java:251)
at org.testng.remote.RemoteTestNG.main(RemoteTestNG.java:77)
]]>
    </failure>
  </testcase> <!-- Testcase_ColumnValidation -->
  <system-out>
    <![CDATA[Executing Snowflake query :: SELECT COLUMN_NAME FROM DEV_ENT_RAW.INFORMATION_SCHEMA.COLUMNS WHERE TABLE_NAME='ST_API_PROJECT'and TABLE_SCHEMA='API_MAT'
Executing Snowflake query :: SELECT COLUMN_NAME FROM CURATED_DATAMART.INFORMATION_SCHEMA.COLUMNS WHERE TABLE_NAME='STR_API_PROJECT'and TABLE_SCHEMA='ST_API_GOLDMEDAL'
Executing Snowflake query :: SELECT COLUMN_NAME FROM DEV_ENT_CURATED.INFORMATION_SCHEMA.COLUMNS WHERE TABLE_NAME='DIM_PROJECT'and TABLE_SCHEMA='MASTER_DIMENSIONS'
Column names for RAW Table --> ST_API_PROJECT :: [ACTIVE, AREITEMSREORDERED, CUSTOMER_ID, NAME, NUMBER, PROJECTSETTINGSTYPE, TECHNICIANSIGNATURE, SUMMARY, MODIFIEDON, ACKNOWLEDGEMENTSIGNATURE, COMPLETEDON, COMPLETIONPERCENT, COSTTOCOMPLETE, CREATEDBY_ID, CREATEDON, IMPORTID, COMPLETEDONACTUAL, ID, CONTRACTESTIMATE_ID, AUTHORIZATIONSIGNATURE, CONTRACTSTARTDATE, STARTEDON, CONTRACTFOR, ISRETAINAGEENABLED, ISPREVAILINGWAGE, LOCATION_ID, PAYMENTTERM_ID, RETAINAGEPERCENT, REVENUERECOGNITIONMETHOD, TENANT_TYPE]
Column names for DataMart Table --> STR_API_PROJECT :: [COMPLETEDON, COMPLETEDONACTUAL, TECHNICIANSIGNATURE, TENANT_TYPE, ISPREVAILINGWAGE, ISRETAINAGEENABLED, ACKNOWLEDGEMENTSIGNATURE, CONTRACTFOR, CONTRACTSTARTDATE, RECORD_CREATE_DATE, MD5_VALUE, NUMBER, PAYMENTTERM_ID, PROJECTSETTINGSTYPE, RECORD_UPDATE_DATE, CONTRACTESTIMATE_ID, NAME, AUTHORIZATIONSIGNATURE, SUMMARY, ACTIVE_FLAG, CUSTOMER_ID, IMPORTID, AREITEMSREORDERED, CREATEDBY_ID, COMPLETIONPERCENT, LOCATION_ID, MODIFIEDON, STARTEDON, RETAINAGEPERCENT, ACTIVE, CREATEDON, ID, MASTER_ID]
Column names for Curated Table --> DIM_PROJECT :: [RECORD_UPDATE_DATE, ACTIVE, AUTHORIZATIONSIGNATURE, COMPLETEDON, RETAINAGEPERCENT, IMPORTID, CONTRACTFOR, CONTRACTSTARTDATE, ID, ISRETAINAGEENABLED, RECORD_CREATE_DATE, RECORD_UPDATED_BY, TENANT_TYPE, PROJECTSETTINGSTYPE, TECHNICIANSIGNATURE, ISPREVAILINGWAGE, MD5_VALUE, NAME, PAYMENTTERM_ID, COMPLETEDONACTUAL, CUSTOMER_ID, NUMBER, AREITEMSREORDERED, CREATEDON, LOCATION_ID, MODIFIEDON, STARTEDON, ACKNOWLEDGEMENTSIGNATURE, COMPLETIONPERCENT, CONTRACTESTIMATE_ID, SUMMARY, CREATEDBY_ID, REVENUERECOGNITIONMETHOD]
Column Name found in Datamart and Curated Table :: ACTIVE
Column Name found in Datamart and Curated Table :: AREITEMSREORDERED
Column Name found in Datamart and Curated Table :: CUSTOMER_ID
Column Name found in Datamart and Curated Table :: NAME
Column Name found in Datamart and Curated Table :: NUMBER
Column Name found in Datamart and Curated Table :: PROJECTSETTINGSTYPE
Column Name found in Datamart and Curated Table :: TECHNICIANSIGNATURE
Column Name found in Datamart and Curated Table :: SUMMARY
Column Name found in Datamart and Curated Table :: MODIFIEDON
Column Name found in Datamart and Curated Table :: ACKNOWLEDGEMENTSIGNATURE
Column Name found in Datamart and Curated Table :: COMPLETEDON
Column Name found in Datamart and Curated Table :: COMPLETIONPERCENT
Column Name not found in Datamart and Curated Table :: COSTTOCOMPLETE
Column Name found in Datamart and Curated Table :: CREATEDBY_ID
Column Name found in Datamart and Curated Table :: CREATEDON
Column Name found in Datamart and Curated Table :: IMPORTID
Column Name found in Datamart and Curated Table :: COMPLETEDONACTUAL
Column Name found in Datamart and Curated Table :: ID
Column Name found in Datamart and Curated Table :: CONTRACTESTIMATE_ID
Column Name found in Datamart and Curated Table :: AUTHORIZATIONSIGNATURE
Column Name found in Datamart and Curated Table :: CONTRACTSTARTDATE
Column Name found in Datamart and Curated Table :: STARTEDON
Column Name found in Datamart and Curated Table :: CONTRACTFOR
Column Name found in Datamart and Curated Table :: ISRETAINAGEENABLED
Column Name found in Datamart and Curated Table :: ISPREVAILINGWAGE
Column Name found in Datamart and Curated Table :: LOCATION_ID
Column Name found in Datamart and Curated Table :: PAYMENTTERM_ID
Column Name found in Datamart and Curated Table :: RETAINAGEPERCENT
Column Name not found in Datamart and Curated Table :: REVENUERECOGNITIONMETHOD
Column Name found in Datamart and Curated Table :: TENANT_TYPE
Datamart tables contains additional column name like [ACTIVE_FLAG, RECORD_CREATE_DATE, RECORD_UPDATE_DATE, MASTER_ID]
Curated tables contains additional column name like [RECORD_CREATE_DATE, RECORD_UPDATE_DATE, RECORD_UPDATED_BY]]]>
  </system-out>
  <testcase classname="testcases.RAW_DATAMART_CURATED.SnowFlake_ColumnValidation_Master" name="Testcase_ColumnValidation" time="2.549">
    <failure message="The following asserts failed:
	null" type="java.lang.AssertionError">
      <![CDATA[java.lang.AssertionError: The following asserts failed:
null
at org.testng.asserts.SoftAssert.assertAll(SoftAssert.java:47)
at org.testng.asserts.SoftAssert.assertAll(SoftAssert.java:31)
at testcases.RAW_DATAMART_CURATED.SnowFlake_ColumnValidation_Master.BKP_Tables_ColumnName_validation(SnowFlake_ColumnValidation_Master.java:231)
at testcases.RAW_DATAMART_CURATED.SnowFlake_ColumnValidation_Master.Testcase_ColumnValidation(SnowFlake_ColumnValidation_Master.java:240)
at jdk.internal.reflect.GeneratedMethodAccessor12.invoke(Unknown Source)
at java.base/jdk.internal.reflect.DelegatingMethodAccessorImpl.invoke(DelegatingMethodAccessorImpl.java:43)
at java.base/java.lang.reflect.Method.invoke(Method.java:568)
at org.testng.internal.MethodInvocationHelper.invokeMethod(MethodInvocationHelper.java:133)
at org.testng.internal.TestInvoker.invokeMethod(TestInvoker.java:598)
at org.testng.internal.TestInvoker.invokeTestMethod(TestInvoker.java:173)
at org.testng.internal.MethodRunner.runInSequence(MethodRunner.java:46)
at org.testng.internal.TestInvoker$MethodInvocationAgent.invoke(TestInvoker.java:824)
at org.testng.internal.TestInvoker.invokeTestMethods(TestInvoker.java:146)
at org.testng.internal.TestMethodWorker.invokeTestMethods(TestMethodWorker.java:146)
at org.testng.internal.TestMethodWorker.run(TestMethodWorker.java:128)
at java.base/java.util.ArrayList.forEach(ArrayList.java:1511)
at org.testng.TestRunner.privateRun(TestRunner.java:794)
at org.testng.TestRunner.run(TestRunner.java:596)
at org.testng.SuiteRunner.runTest(SuiteRunner.java:377)
at org.testng.SuiteRunner.runSequentially(SuiteRunner.java:371)
at org.testng.SuiteRunner.privateRun(SuiteRunner.java:332)
at org.testng.SuiteRunner.run(SuiteRunner.java:276)
at org.testng.SuiteRunnerWorker.runSuite(SuiteRunnerWorker.java:53)
at org.testng.SuiteRunnerWorker.run(SuiteRunnerWorker.java:96)
at org.testng.TestNG.runSuitesSequentially(TestNG.java:1212)
at org.testng.TestNG.runSuitesLocally(TestNG.java:1134)
at org.testng.TestNG.runSuites(TestNG.java:1063)
at org.testng.TestNG.run(TestNG.java:1031)
at org.testng.remote.AbstractRemoteTestNG.run(AbstractRemoteTestNG.java:115)
at org.testng.remote.RemoteTestNG.initAndRun(RemoteTestNG.java:251)
at org.testng.remote.RemoteTestNG.main(RemoteTestNG.java:77)
]]>
    </failure>
  </testcase> <!-- Testcase_ColumnValidation -->
  <system-out>
    <![CDATA[Executing Snowflake query :: SELECT COLUMN_NAME FROM DEV_ENT_RAW.INFORMATION_SCHEMA.COLUMNS WHERE TABLE_NAME='TECHNICIANPAYROLLADJUSTMENT'and TABLE_SCHEMA='ST_HORIZONSERVICES_MATILLION'
Executing Snowflake query :: SELECT COLUMN_NAME FROM CURATED_DATAMART.INFORMATION_SCHEMA.COLUMNS WHERE TABLE_NAME='STR_TECHNICIANPAYROLLADJUSTMENT'and TABLE_SCHEMA='ST_BKP_HORIZONSERVICES'
Executing Snowflake query :: SELECT COLUMN_NAME FROM DEV_ENT_CURATED.INFORMATION_SCHEMA.COLUMNS WHERE TABLE_NAME='DIM_TECHNICIANPAYROLLADJUSTMENT'and TABLE_SCHEMA='MASTER_DIMENSIONS'
Column names for RAW Table --> TECHNICIANPAYROLLADJUSTMENT :: [HOURS, ID, ISOTCHARGE, ISPREVAILINGWAGEJOB, PAYROLLCODE_ORIGINALCODE, RATE, AMOUNT, CREATEDON, CUSTOMERNAME, IMPORTID, PAYROLLADJUSTMENT_ID, TYPE, CODE_NAME, CODE_PAYROLLCODE, JOBLOCATION_ID, PAYROLLCODE_NAME, PERSISTENCETYPE, ZONENAME, QUANTITY, ZONE_ID, JOBNUMBER, JOBLOCATIONNAME, JOBLOCATIONZIP, REPLACESBONUSAMOUNT, TAXZONENAME, PAYROLLCODE_CODE, JOB_ID, MEMO, PAYROLL_ID, POSTEDON, PROJECTNUMBER, BUSINESSUNITNAME, INVOICE_ID, INVOICENUMBER, JOBLOCATIONADDRESS, PROJECT_ID, ACTIVE, BUSINESSUNIT_ID, CODE_ORIGINALCODE, CREATEDBY_ID, CUSTOMER_ID, TECHNICIAN_ID, TAXZONE_ID]
Column names for DataMart Table --> STR_TECHNICIANPAYROLLADJUSTMENT :: [MEMO, PAYROLLCODE_ORIGINALCODE, REPLACESBONUSAMOUNT, INVOICE_ID, PROJECT_ID, QUANTITY, BUSINESSUNIT_ID, CUSTOMER_ID, JOBLOCATIONZIP, TECHNICIAN_ID, PAYROLLCODE_CODE, TAXZONENAME, ZONE_ID, AMOUNT, JOB_ID, RECORD_UPDATE_DATE, TENANT_TYPE, TYPE, CODE_ORIGINALCODE, JOBLOCATION_ID, PERSISTENCETYPE, POSTEDON, JOBNUMBER, BUSINESSUNITNAME, CODE_NAME, ACTIVE_FLAG, CODE_PAYROLLCODE, CREATEDON, JOBLOCATIONADDRESS, ISOTCHARGE, CUSTOMERNAME, CREATEDBY_ID, ID, INVOICENUMBER, JOBLOCATIONNAME, RATE, TAXZONE_ID, MASTER_ID, RECORD_CREATE_DATE, ZONENAME, ACTIVE, HOURS, IMPORTID, ISPREVAILINGWAGEJOB, PAYROLLADJUSTMENT_ID, PAYROLL_ID, PROJECTNUMBER, PAYROLLCODE_NAME]
Column names for Curated Table --> DIM_TECHNICIANPAYROLLADJUSTMENT :: [BUSINESSUNIT_ID, CREATEDON, CUSTOMER_ID, ISOTCHARGE, ISPREVAILINGWAGEJOB, JOBLOCATION_ID, TYPE, PAYROLLCODE_CODE, BUSINESSUNITNAME, INVOICENUMBER, PROJECTNUMBER, TECHNICIAN_ID, PAYROLLCODE_ORIGINALCODE, AMOUNT, HOURS, JOBNUMBER, QUANTITY, TENANT_TYPE, INVOICE_ID, JOBLOCATIONZIP, JOB_ID, JOBLOCATIONNAME, PERSISTENCETYPE, CODE_ORIGINALCODE, PAYROLL_ID, CODE_NAME, ZONE_ID, RECORD_UPDATE_DATE, CODE_PAYROLLCODE, CREATEDBY_ID, POSTEDON, PAYROLLADJUSTMENT_ID, ID, PROJECT_ID, TAXZONE_ID, ACTIVE, CUSTOMERNAME, PAYROLLCODE_NAME, RECORD_CREATE_DATE, REPLACESBONUSAMOUNT, TAXZONENAME, IMPORTID, JOBLOCATIONADDRESS, MEMO, RATE, ZONENAME]
Column Name found in Datamart and Curated Table :: HOURS
Column Name found in Datamart and Curated Table :: ID
Column Name found in Datamart and Curated Table :: ISOTCHARGE
Column Name found in Datamart and Curated Table :: ISPREVAILINGWAGEJOB
Column Name found in Datamart and Curated Table :: PAYROLLCODE_ORIGINALCODE
Column Name found in Datamart and Curated Table :: RATE
Column Name found in Datamart and Curated Table :: AMOUNT
Column Name found in Datamart and Curated Table :: CREATEDON
Column Name found in Datamart and Curated Table :: CUSTOMERNAME
Column Name found in Datamart and Curated Table :: IMPORTID
Column Name found in Datamart and Curated Table :: PAYROLLADJUSTMENT_ID
Column Name found in Datamart and Curated Table :: TYPE
Column Name found in Datamart and Curated Table :: CODE_NAME
Column Name found in Datamart and Curated Table :: CODE_PAYROLLCODE
Column Name found in Datamart and Curated Table :: JOBLOCATION_ID
Column Name found in Datamart and Curated Table :: PAYROLLCODE_NAME
Column Name found in Datamart and Curated Table :: PERSISTENCETYPE
Column Name found in Datamart and Curated Table :: ZONENAME
Column Name found in Datamart and Curated Table :: QUANTITY
Column Name found in Datamart and Curated Table :: ZONE_ID
Column Name found in Datamart and Curated Table :: JOBNUMBER
Column Name found in Datamart and Curated Table :: JOBLOCATIONNAME
Column Name found in Datamart and Curated Table :: JOBLOCATIONZIP
Column Name found in Datamart and Curated Table :: REPLACESBONUSAMOUNT
Column Name found in Datamart and Curated Table :: TAXZONENAME
Column Name found in Datamart and Curated Table :: PAYROLLCODE_CODE
Column Name found in Datamart and Curated Table :: JOB_ID
Column Name found in Datamart and Curated Table :: MEMO
Column Name found in Datamart and Curated Table :: PAYROLL_ID
Column Name found in Datamart and Curated Table :: POSTEDON
Column Name found in Datamart and Curated Table :: PROJECTNUMBER
Column Name found in Datamart and Curated Table :: BUSINESSUNITNAME
Column Name found in Datamart and Curated Table :: INVOICE_ID
Column Name found in Datamart and Curated Table :: INVOICENUMBER
Column Name found in Datamart and Curated Table :: JOBLOCATIONADDRESS
Column Name found in Datamart and Curated Table :: PROJECT_ID
Column Name found in Datamart and Curated Table :: ACTIVE
Column Name found in Datamart and Curated Table :: BUSINESSUNIT_ID
Column Name found in Datamart and Curated Table :: CODE_ORIGINALCODE
Column Name found in Datamart and Curated Table :: CREATEDBY_ID
Column Name found in Datamart and Curated Table :: CUSTOMER_ID
Column Name found in Datamart and Curated Table :: TECHNICIAN_ID
Column Name found in Datamart and Curated Table :: TAXZONE_ID
Datamart tables contains additional column name like [ACTIVE_FLAG, RECORD_CREATE_DATE, RECORD_UPDATE_DATE, RECORD_UPDATE_DATE, MASTER_ID, TENANT_TYPE]
Curated tables not contains additional column name like [RECORD_CREATE_DATE, RECORD_UPDATE_DATE, RECORD_UPDATED_BY, TENANT_TYPE]]]>
  </system-out>
  <testcase classname="testcases.RAW_DATAMART_CURATED.SnowFlake_ColumnValidation_Master" name="Testcase_ColumnValidation" time="2.685">
    <failure message="The following asserts failed:
	null" type="java.lang.AssertionError">
      <![CDATA[java.lang.AssertionError: The following asserts failed:
null
at org.testng.asserts.SoftAssert.assertAll(SoftAssert.java:47)
at org.testng.asserts.SoftAssert.assertAll(SoftAssert.java:31)
at testcases.RAW_DATAMART_CURATED.SnowFlake_ColumnValidation_Master.BKP_Tables_ColumnName_validation(SnowFlake_ColumnValidation_Master.java:231)
at testcases.RAW_DATAMART_CURATED.SnowFlake_ColumnValidation_Master.Testcase_ColumnValidation(SnowFlake_ColumnValidation_Master.java:240)
at java.base/jdk.internal.reflect.NativeMethodAccessorImpl.invoke0(Native Method)
at java.base/jdk.internal.reflect.NativeMethodAccessorImpl.invoke(NativeMethodAccessorImpl.java:77)
at java.base/jdk.internal.reflect.DelegatingMethodAccessorImpl.invoke(DelegatingMethodAccessorImpl.java:43)
at java.base/java.lang.reflect.Method.invoke(Method.java:568)
at org.testng.internal.MethodInvocationHelper.invokeMethod(MethodInvocationHelper.java:133)
at org.testng.internal.TestInvoker.invokeMethod(TestInvoker.java:598)
at org.testng.internal.TestInvoker.invokeTestMethod(TestInvoker.java:173)
at org.testng.internal.MethodRunner.runInSequence(MethodRunner.java:46)
at org.testng.internal.TestInvoker$MethodInvocationAgent.invoke(TestInvoker.java:824)
at org.testng.internal.TestInvoker.invokeTestMethods(TestInvoker.java:146)
at org.testng.internal.TestMethodWorker.invokeTestMethods(TestMethodWorker.java:146)
at org.testng.internal.TestMethodWorker.run(TestMethodWorker.java:128)
at java.base/java.util.ArrayList.forEach(ArrayList.java:1511)
at org.testng.TestRunner.privateRun(TestRunner.java:794)
at org.testng.TestRunner.run(TestRunner.java:596)
at org.testng.SuiteRunner.runTest(SuiteRunner.java:377)
at org.testng.SuiteRunner.runSequentially(SuiteRunner.java:371)
at org.testng.SuiteRunner.privateRun(SuiteRunner.java:332)
at org.testng.SuiteRunner.run(SuiteRunner.java:276)
at org.testng.SuiteRunnerWorker.runSuite(SuiteRunnerWorker.java:53)
at org.testng.SuiteRunnerWorker.run(SuiteRunnerWorker.java:96)
at org.testng.TestNG.runSuitesSequentially(TestNG.java:1212)
at org.testng.TestNG.runSuitesLocally(TestNG.java:1134)
at org.testng.TestNG.runSuites(TestNG.java:1063)
at org.testng.TestNG.run(TestNG.java:1031)
at org.testng.remote.AbstractRemoteTestNG.run(AbstractRemoteTestNG.java:115)
at org.testng.remote.RemoteTestNG.initAndRun(RemoteTestNG.java:251)
at org.testng.remote.RemoteTestNG.main(RemoteTestNG.java:77)
]]>
    </failure>
  </testcase> <!-- Testcase_ColumnValidation -->
  <system-out>
    <![CDATA[Executing Snowflake query :: SELECT COLUMN_NAME FROM DEV_ENT_RAW.INFORMATION_SCHEMA.COLUMNS WHERE TABLE_NAME='TECHNICIANATTACHEDPROPERTY'and TABLE_SCHEMA='ST_EANESHEATING_MATILLION'
Executing Snowflake query :: SELECT COLUMN_NAME FROM CURATED_DATAMART.INFORMATION_SCHEMA.COLUMNS WHERE TABLE_NAME='STR_TECHNICIANATTACHEDPROPERTY'and TABLE_SCHEMA='ST_BKP_EANESHEATING'
Executing Snowflake query :: SELECT COLUMN_NAME FROM DEV_ENT_CURATED.INFORMATION_SCHEMA.COLUMNS WHERE TABLE_NAME='DIM_TECHNICIANATTACHEDPROPERTY'and TABLE_SCHEMA='MASTER_DIMENSIONS'
Column names for RAW Table --> TECHNICIANATTACHEDPROPERTY :: []
Column names for DataMart Table --> STR_TECHNICIANATTACHEDPROPERTY :: [NAME, ACTIVE_FLAG, TENANT_TYPE, VALUE, MASTER_ID, RECORD_CREATE_DATE, OWNER_ID, RECORD_UPDATE_DATE]
Column names for Curated Table --> DIM_TECHNICIANATTACHEDPROPERTY :: [OWNER_ID, RECORD_CREATE_DATE, NAME, RECORD_UPDATE_DATE, TENANT_TYPE, VALUE]
Datamart tables contains additional column name like [ACTIVE_FLAG, RECORD_CREATE_DATE, RECORD_UPDATE_DATE, RECORD_UPDATE_DATE, MASTER_ID, TENANT_TYPE]
Curated tables not contains additional column name like [RECORD_CREATE_DATE, RECORD_UPDATE_DATE, RECORD_UPDATED_BY, TENANT_TYPE]]]>
  </system-out>
  <testcase classname="testcases.RAW_DATAMART_CURATED.SnowFlake_ColumnValidation_Master" name="Testcase_ColumnValidation" time="2.459">
    <failure message="The following asserts failed:
	null" type="java.lang.AssertionError">
      <![CDATA[java.lang.AssertionError: The following asserts failed:
null
at org.testng.asserts.SoftAssert.assertAll(SoftAssert.java:47)
at org.testng.asserts.SoftAssert.assertAll(SoftAssert.java:31)
at testcases.RAW_DATAMART_CURATED.SnowFlake_ColumnValidation_Master.BKP_Tables_ColumnName_validation(SnowFlake_ColumnValidation_Master.java:231)
at testcases.RAW_DATAMART_CURATED.SnowFlake_ColumnValidation_Master.Testcase_ColumnValidation(SnowFlake_ColumnValidation_Master.java:240)
at java.base/jdk.internal.reflect.NativeMethodAccessorImpl.invoke0(Native Method)
at java.base/jdk.internal.reflect.NativeMethodAccessorImpl.invoke(NativeMethodAccessorImpl.java:77)
at java.base/jdk.internal.reflect.DelegatingMethodAccessorImpl.invoke(DelegatingMethodAccessorImpl.java:43)
at java.base/java.lang.reflect.Method.invoke(Method.java:568)
at org.testng.internal.MethodInvocationHelper.invokeMethod(MethodInvocationHelper.java:133)
at org.testng.internal.TestInvoker.invokeMethod(TestInvoker.java:598)
at org.testng.internal.TestInvoker.invokeTestMethod(TestInvoker.java:173)
at org.testng.internal.MethodRunner.runInSequence(MethodRunner.java:46)
at org.testng.internal.TestInvoker$MethodInvocationAgent.invoke(TestInvoker.java:824)
at org.testng.internal.TestInvoker.invokeTestMethods(TestInvoker.java:146)
at org.testng.internal.TestMethodWorker.invokeTestMethods(TestMethodWorker.java:146)
at org.testng.internal.TestMethodWorker.run(TestMethodWorker.java:128)
at java.base/java.util.ArrayList.forEach(ArrayList.java:1511)
at org.testng.TestRunner.privateRun(TestRunner.java:794)
at org.testng.TestRunner.run(TestRunner.java:596)
at org.testng.SuiteRunner.runTest(SuiteRunner.java:377)
at org.testng.SuiteRunner.runSequentially(SuiteRunner.java:371)
at org.testng.SuiteRunner.privateRun(SuiteRunner.java:332)
at org.testng.SuiteRunner.run(SuiteRunner.java:276)
at org.testng.SuiteRunnerWorker.runSuite(SuiteRunnerWorker.java:53)
at org.testng.SuiteRunnerWorker.run(SuiteRunnerWorker.java:96)
at org.testng.TestNG.runSuitesSequentially(TestNG.java:1212)
at org.testng.TestNG.runSuitesLocally(TestNG.java:1134)
at org.testng.TestNG.runSuites(TestNG.java:1063)
at org.testng.TestNG.run(TestNG.java:1031)
at org.testng.remote.AbstractRemoteTestNG.run(AbstractRemoteTestNG.java:115)
at org.testng.remote.RemoteTestNG.initAndRun(RemoteTestNG.java:251)
at org.testng.remote.RemoteTestNG.main(RemoteTestNG.java:77)
]]>
    </failure>
  </testcase> <!-- Testcase_ColumnValidation -->
  <system-out>
    <![CDATA[Executing Snowflake query :: SELECT COLUMN_NAME FROM DEV_ENT_RAW.INFORMATION_SCHEMA.COLUMNS WHERE TABLE_NAME='TECHNICIANPAYROLL'and TABLE_SCHEMA='ST_HARP_MATILLION'
Executing Snowflake query :: SELECT COLUMN_NAME FROM CURATED_DATAMART.INFORMATION_SCHEMA.COLUMNS WHERE TABLE_NAME='STR_TECHNICIANPAYROLL'and TABLE_SCHEMA='ST_BKP_HARP'
Executing Snowflake query :: SELECT COLUMN_NAME FROM DEV_ENT_CURATED.INFORMATION_SCHEMA.COLUMNS WHERE TABLE_NAME='DIM_TECHNICIANPAYROLL'and TABLE_SCHEMA='MASTER_DIMENSIONS'
Column names for RAW Table --> TECHNICIANPAYROLL :: [BURDENRATE, BUSINESSUNITPAYROLLIDLETIMESTANDARDPAYCODE_CODE, BUSINESSUNITWEIGHTEDOVERTIMEPAYCODENEW_ORIGINALCODE, FROM, MANAGER_ID, TECHNICIANPAYTYPE, TO, LASTTIMETIMESHEETSGROSSPAYITEMSGENERATED, MANAGERNAME, PAYROLLSHOWMATERIALSINCOST, SUPPORTSPERSISTEDINVOICES, TECHNICIANOVERTIMEMODE, OVERTIMEPROFILE_ID, PAYROLLREVIEWSTATE_TECHNICIANUPDATEDON, TECHNICIANDEDUCTCOMMUTETIMEFROMFIRSTDRIVE, BUSINESSUNITPAYROLLIDLETIMEOTPAYCODE, BUSINESSUNITPAYROLLIDLETIMESTANDARDPAYCODE_NAME, BUSINESSUNITWEIGHTEDOVERTIMEPAYCODENEW_CODE, ISQUEUEDFORFORCEDTIMESHEETRECALC, LINEITEMSONPURCHASEORDERS, PAYROLLPERIOD_ID, TECHNICIANCOMMISSIONRATE, PAYROLLREVIEWSTATE_DISPUTEREASON, SCHEDULEDMULTITECHCOMMISSIONRATE, SCHEDULEDSOLOCOMMISSIONRATE, WILLIAMSPAYROLLIGNORESINVOICEBALANCETOPAYTGLANDSOLDBY, BUSINESSUNITNAME, BUSINESSUNITPAYROLLIDLETIMEDOUBLEOVERTIMEPAYCODE_ORIGINALCODE, BUSINESSUNITPAYROLLIDLETIMESTANDARDPAYCODE_ORIGINALCODE, BUSINESSUNITPAYROLLIDLETIMESTPAYCODE, ENABLETECHNICIANCLOCKINANDCLOCKOUT, PAYROLLPERCENTAGEFEE, PAYROLLREVIEWSTATE_STATUS, BUSINESSUNITPAYROLLIDLETIMEOVERTIMEPAYCODE_CODE, BUSINESSUNITPAYROLLIDLETIMEOVERTIMEPAYCODE_ORIGINALCODE, CREATEDBY_ID, ISQUEUEDFORFORCEDCOMMISSIONRECALC, PAYROLLREVIEWSTATE_AUTHORIZATIONSIGNATURE, TECHNICIANNAME, UPDATEERRORLOGID, PAYROLLREPORTVERSION, SEARSPAYROLLROLE, TECHNICIANPAYROLLSTARTPERIOD, TECHNICIANPAYROLLSTATUS, PAYROLLFLATFEE, BUSINESSUNIT_ID, BUSINESSUNITPAYROLLIDLETIMEDOUBLEOVERTIMEPAYCODE_NAME, DEDUCTCOSTSFROMSOLDBYCREDIT, DEFAULTPAYROLLADJUSTMENTRATE, PAYROLLFLATFEEMINIMUM, PAYROLLID, TECHNICIAN_ID, TECHNICIANHOURLYRATE, SHOWPAYROLLPERSISTENCEFIELDSANDREPORTS, TECHNICIANSOLDBYRATE, ACTIVE, BUSINESSUNITPAYROLLIDLETIMEOVERTIMEPAYCODE_NAME, DISABLEDOUBLEOVERTIME, INCLUDESELLERFEEANDTECHSPECIFICBONUS, BUSINESSUNITWEIGHTEDOVERTIMEPAYCODENEW_NAME, ID, LASTTIMEUPDATED, PAYROLLMARGINALRANGEBONUSES, PAYROLLUSECOMMISSIONBASETODETECTRANGEBONUS, SCHEDULEDCREWSPLITCOMMISSIONRATE, TECHNICIANCOMMUTETIME, IMPORTID, BUSINESSUNITWEIGHTEDOVERTIMEPAYCODE, CREATEDON, HASCALCULATEDTIMESHEETGROSSPAYITEMS, LASTTIMESALARYGROSSPAYITEMSGENERATED, ROUNDSOLDHOURSTOTWODECIMALPLACES, TECHNICIANFIRSTDRIVERULE, HASCALCULATEDSALARYGROSSPAYITEMS, PREVENTNJAOVERLAPPING, TECHNICIANTYPE, TURNOVERBONUS, USEPAYROLLDATE, ADDONMULTITECHCOMMISSIONRATE, ATLASBUTLERTECHNICIANROLE, HASCALCULATEDGROSSPAYITEMS, PAYROLLEXPENSEDEDUCTIONTRIGGER, PAYROLLTYPE, PAYROLLPERCENTAGEFEEMINIMUM, PAYROLLUSENSVASSOLDBYBASE, BUSINESSUNITPAYROLLIDLETIMEDOUBLEOVERTIMEPAYCODE_CODE, ADDONCREWSPLITCOMMISSIONRATE, ADDONSOLOCOMMISSIONRATE, PAYFORIDLETIMEOVERONEHOUR, PAYROLLREVIEWSTATE_MANAGERSTATUS, TECHNICIANINVOICINGHOURLYRATE, USECUSTOMIDLETIMERULES, ISQUEUEDFORFORCEDSALARYRECALC, LASTTIMEGROSSPAYITEMSGENERATED, PAYFORIDLETIMEUPTO, PAYROLLCOSTMARKUP, PAYROLLREVIEWSTATE_MANAGERUPDATEDON, SELLERFEE, TURNOVERMINIMUMTHRESHOLD, TIMEZONE]
Column names for DataMart Table --> STR_TECHNICIANPAYROLL :: [DEDUCTCOSTSFROMSOLDBYCREDIT, FROM, LASTTIMEGROSSPAYITEMSGENERATED, PAYROLLREVIEWSTATE_AUTHORIZATIONSIGNATURE, PAYROLLREVIEWSTATE_MANAGERSTATUS, PAYROLLREVIEWSTATE_DISPUTEREASON, SCHEDULEDSOLOCOMMISSIONRATE, TECHNICIANDEDUCTCOMMUTETIMEFROMFIRSTDRIVE, WILLIAMSPAYROLLIGNORESINVOICEBALANCETOPAYTGLANDSOLDBY, ACTIVE_FLAG, ADDONSOLOCOMMISSIONRATE, BUSINESSUNITPAYROLLIDLETIMESTANDARDPAYCODE_CODE, BUSINESSUNITWEIGHTEDOVERTIMEPAYCODENEW_CODE, DEFAULTPAYROLLADJUSTMENTRATE, HASCALCULATEDGROSSPAYITEMS, PAYROLLFLATFEEMINIMUM, PAYROLLREVIEWSTATE_STATUS, TURNOVERBONUS, HASCALCULATEDSALARYGROSSPAYITEMS, PAYROLLMARGINALRANGEBONUSES, SCHEDULEDCREWSPLITCOMMISSIONRATE, SELLERFEE, UPDATEERRORLOGID, PAYFORIDLETIMEOVERONEHOUR, PAYROLLEXPENSEDEDUCTIONTRIGGER, TECHNICIANINVOICINGHOURLYRATE, TURNOVERMINIMUMTHRESHOLD, PAYROLLREVIEWSTATE_TECHNICIANUPDATEDON, PAYROLLUSECOMMISSIONBASETODETECTRANGEBONUS, LINEITEMSONPURCHASEORDERS, MANAGER_ID, ACTIVE, BURDENRATE, IMPORTID, ISQUEUEDFORFORCEDTIMESHEETRECALC, PAYROLLPERCENTAGEFEE, PAYROLLREVIEWSTATE_MANAGERUPDATEDON, PAYROLLSHOWMATERIALSINCOST, BUSINESSUNITPAYROLLIDLETIMEOVERTIMEPAYCODE_CODE, BUSINESSUNITWEIGHTEDOVERTIMEPAYCODENEW_NAME, LASTTIMEUPDATED, TECHNICIANTYPE, MASTER_ID, SHOWPAYROLLPERSISTENCEFIELDSANDREPORTS, BUSINESSUNITPAYROLLIDLETIMEOVERTIMEPAYCODE_NAME, BUSINESSUNITPAYROLLIDLETIMEOVERTIMEPAYCODE_ORIGINALCODE, BUSINESSUNIT_ID, PAYFORIDLETIMEUPTO, PAYROLLID, TECHNICIANHOURLYRATE, TECHNICIANOVERTIMEMODE, CREATEDON, TECHNICIANFIRSTDRIVERULE, PAYROLLTYPE, SCHEDULEDMULTITECHCOMMISSIONRATE, BUSINESSUNITPAYROLLIDLETIMEDOUBLEOVERTIMEPAYCODE_NAME, PAYROLLFLATFEE, PAYROLLPERCENTAGEFEEMINIMUM, PAYROLLREPORTVERSION, OVERTIMEPROFILE_ID, RECORD_CREATE_DATE, ROUNDSOLDHOURSTOTWODECIMALPLACES, TECHNICIAN_ID, TIMEZONE, ADDONCREWSPLITCOMMISSIONRATE, ADDONMULTITECHCOMMISSIONRATE, BUSINESSUNITPAYROLLIDLETIMEDOUBLEOVERTIMEPAYCODE_CODE, BUSINESSUNITPAYROLLIDLETIMEDOUBLEOVERTIMEPAYCODE_ORIGINALCODE, BUSINESSUNITWEIGHTEDOVERTIMEPAYCODENEW_ORIGINALCODE, ISQUEUEDFORFORCEDSALARYRECALC, PAYROLLPERIOD_ID, RECORD_UPDATE_DATE, TECHNICIANCOMMISSIONRATE, SUPPORTSPERSISTEDINVOICES, USEPAYROLLDATE, TO, TECHNICIANPAYROLLSTATUS, ATLASBUTLERTECHNICIANROLE, BUSINESSUNITPAYROLLIDLETIMEOTPAYCODE, BUSINESSUNITPAYROLLIDLETIMESTANDARDPAYCODE_ORIGINALCODE, BUSINESSUNITPAYROLLIDLETIMESTPAYCODE, ENABLETECHNICIANCLOCKINANDCLOCKOUT, LASTTIMETIMESHEETSGROSSPAYITEMSGENERATED, CREATEDBY_ID, ISQUEUEDFORFORCEDCOMMISSIONRECALC, SEARSPAYROLLROLE, TECHNICIANCOMMUTETIME, TECHNICIANNAME, TECHNICIANPAYTYPE, ID, USECUSTOMIDLETIMERULES, BUSINESSUNITNAME, BUSINESSUNITPAYROLLIDLETIMESTANDARDPAYCODE_NAME, BUSINESSUNITWEIGHTEDOVERTIMEPAYCODE, MANAGERNAME, PAYROLLUSENSVASSOLDBYBASE, PREVENTNJAOVERLAPPING, DISABLEDOUBLEOVERTIME, HASCALCULATEDTIMESHEETGROSSPAYITEMS, INCLUDESELLERFEEANDTECHSPECIFICBONUS, LASTTIMESALARYGROSSPAYITEMSGENERATED, TECHNICIANPAYROLLSTARTPERIOD, TECHNICIANSOLDBYRATE, PAYROLLCOSTMARKUP, TENANT_TYPE]
Column names for Curated Table --> DIM_TECHNICIANPAYROLL :: [ADDONMULTITECHCOMMISSIONRATE, BURDENRATE, BUSINESSUNITPAYROLLIDLETIMEDOUBLEOVERTIMEPAYCODE_ORIGINALCODE, BUSINESSUNITPAYROLLIDLETIMESTANDARDPAYCODE_CODE, DISABLEDOUBLEOVERTIME, ENABLETECHNICIANCLOCKINANDCLOCKOUT, ID, PAYROLLFLATFEE, TECHNICIANNAME, LINEITEMSONPURCHASEORDERS, SHOWPAYROLLPERSISTENCEFIELDSANDREPORTS, UPDATEERRORLOGID, DEFAULTPAYROLLADJUSTMENTRATE, TECHNICIAN_ID, ADDONSOLOCOMMISSIONRATE, ISQUEUEDFORFORCEDSALARYRECALC, TURNOVERBONUS, BUSINESSUNITPAYROLLIDLETIMEOVERTIMEPAYCODE_NAME, HASCALCULATEDTIMESHEETGROSSPAYITEMS, OVERTIMEPROFILE_ID, TECHNICIANPAYROLLSTARTPERIOD, WILLIAMSPAYROLLIGNORESINVOICEBALANCETOPAYTGLANDSOLDBY, TURNOVERMINIMUMTHRESHOLD, USEPAYROLLDATE, MANAGERNAME, PAYROLLCOSTMARKUP, SEARSPAYROLLROLE, TECHNICIANPAYTYPE, HASCALCULATEDSALARYGROSSPAYITEMS, PAYROLLREVIEWSTATE_MANAGERUPDATEDON, PAYROLLTYPE, SCHEDULEDCREWSPLITCOMMISSIONRATE, TENANT_TYPE, SUPPORTSPERSISTEDINVOICES, ADDONCREWSPLITCOMMISSIONRATE, BUSINESSUNITPAYROLLIDLETIMEDOUBLEOVERTIMEPAYCODE_NAME, BUSINESSUNITPAYROLLIDLETIMEOVERTIMEPAYCODE_CODE, BUSINESSUNITPAYROLLIDLETIMESTPAYCODE, BUSINESSUNITWEIGHTEDOVERTIMEPAYCODENEW_CODE, LASTTIMETIMESHEETSGROSSPAYITEMSGENERATED, PAYROLLFLATFEEMINIMUM, TECHNICIANSOLDBYRATE, BUSINESSUNITWEIGHTEDOVERTIMEPAYCODENEW_NAME, RECORD_CREATE_DATE, TIMEZONE, PAYROLLREVIEWSTATE_DISPUTEREASON, TO, LASTTIMESALARYGROSSPAYITEMSGENERATED, ACTIVE, BUSINESSUNITPAYROLLIDLETIMESTANDARDPAYCODE_NAME, BUSINESSUNITPAYROLLIDLETIMESTANDARDPAYCODE_ORIGINALCODE, CREATEDON, LASTTIMEGROSSPAYITEMSGENERATED, PAYROLLPERCENTAGEFEE, SCHEDULEDMULTITECHCOMMISSIONRATE, BUSINESSUNITNAME, PAYFORIDLETIMEUPTO, PAYROLLREVIEWSTATE_STATUS, PAYROLLREVIEWSTATE_TECHNICIANUPDATEDON, SELLERFEE, TECHNICIANINVOICINGHOURLYRATE, TECHNICIANPAYROLLSTATUS, TECHNICIANTYPE, BUSINESSUNITPAYROLLIDLETIMEDOUBLEOVERTIMEPAYCODE_CODE, HASCALCULATEDGROSSPAYITEMS, PAYFORIDLETIMEOVERONEHOUR, PAYROLLUSECOMMISSIONBASETODETECTRANGEBONUS, RECORD_UPDATE_DATE, PAYROLLREVIEWSTATE_AUTHORIZATIONSIGNATURE, TECHNICIANFIRSTDRIVERULE, BUSINESSUNITPAYROLLIDLETIMEOVERTIMEPAYCODE_ORIGINALCODE, BUSINESSUNITPAYROLLIDLETIMEOTPAYCODE, CREATEDBY_ID, ISQUEUEDFORFORCEDCOMMISSIONRECALC, PREVENTNJAOVERLAPPING, ROUNDSOLDHOURSTOTWODECIMALPLACES, FROM, TECHNICIANCOMMISSIONRATE, TECHNICIANDEDUCTCOMMUTETIMEFROMFIRSTDRIVE, USECUSTOMIDLETIMERULES, PAYROLLMARGINALRANGEBONUSES, IMPORTID, PAYROLLREVIEWSTATE_MANAGERSTATUS, ATLASBUTLERTECHNICIANROLE, BUSINESSUNITWEIGHTEDOVERTIMEPAYCODENEW_ORIGINALCODE, BUSINESSUNIT_ID, DEDUCTCOSTSFROMSOLDBYCREDIT, ISQUEUEDFORFORCEDTIMESHEETRECALC, MANAGER_ID, PAYROLLREPORTVERSION, PAYROLLSHOWMATERIALSINCOST, PAYROLLUSENSVASSOLDBYBASE, SCHEDULEDSOLOCOMMISSIONRATE, INCLUDESELLERFEEANDTECHSPECIFICBONUS, LASTTIMEUPDATED, PAYROLLID, PAYROLLPERCENTAGEFEEMINIMUM, TECHNICIANCOMMUTETIME, TECHNICIANHOURLYRATE, TECHNICIANOVERTIMEMODE, BUSINESSUNITWEIGHTEDOVERTIMEPAYCODE, PAYROLLEXPENSEDEDUCTIONTRIGGER, PAYROLLPERIOD_ID]
Column Name found in Datamart and Curated Table :: BURDENRATE
Column Name found in Datamart and Curated Table :: BUSINESSUNITPAYROLLIDLETIMESTANDARDPAYCODE_CODE
Column Name found in Datamart and Curated Table :: BUSINESSUNITWEIGHTEDOVERTIMEPAYCODENEW_ORIGINALCODE
Column Name found in Datamart and Curated Table :: FROM
Column Name found in Datamart and Curated Table :: MANAGER_ID
Column Name found in Datamart and Curated Table :: TECHNICIANPAYTYPE
Column Name found in Datamart and Curated Table :: TO
Column Name found in Datamart and Curated Table :: LASTTIMETIMESHEETSGROSSPAYITEMSGENERATED
Column Name found in Datamart and Curated Table :: MANAGERNAME
Column Name found in Datamart and Curated Table :: PAYROLLSHOWMATERIALSINCOST
Column Name found in Datamart and Curated Table :: SUPPORTSPERSISTEDINVOICES
Column Name found in Datamart and Curated Table :: TECHNICIANOVERTIMEMODE
Column Name found in Datamart and Curated Table :: OVERTIMEPROFILE_ID
Column Name found in Datamart and Curated Table :: PAYROLLREVIEWSTATE_TECHNICIANUPDATEDON
Column Name found in Datamart and Curated Table :: TECHNICIANDEDUCTCOMMUTETIMEFROMFIRSTDRIVE
Column Name found in Datamart and Curated Table :: BUSINESSUNITPAYROLLIDLETIMEOTPAYCODE
Column Name found in Datamart and Curated Table :: BUSINESSUNITPAYROLLIDLETIMESTANDARDPAYCODE_NAME
Column Name found in Datamart and Curated Table :: BUSINESSUNITWEIGHTEDOVERTIMEPAYCODENEW_CODE
Column Name found in Datamart and Curated Table :: ISQUEUEDFORFORCEDTIMESHEETRECALC
Column Name found in Datamart and Curated Table :: LINEITEMSONPURCHASEORDERS
Column Name found in Datamart and Curated Table :: PAYROLLPERIOD_ID
Column Name found in Datamart and Curated Table :: TECHNICIANCOMMISSIONRATE
Column Name found in Datamart and Curated Table :: PAYROLLREVIEWSTATE_DISPUTEREASON
Column Name found in Datamart and Curated Table :: SCHEDULEDMULTITECHCOMMISSIONRATE
Column Name found in Datamart and Curated Table :: SCHEDULEDSOLOCOMMISSIONRATE
Column Name found in Datamart and Curated Table :: WILLIAMSPAYROLLIGNORESINVOICEBALANCETOPAYTGLANDSOLDBY
Column Name found in Datamart and Curated Table :: BUSINESSUNITNAME
Column Name found in Datamart and Curated Table :: BUSINESSUNITPAYROLLIDLETIMEDOUBLEOVERTIMEPAYCODE_ORIGINALCODE
Column Name found in Datamart and Curated Table :: BUSINESSUNITPAYROLLIDLETIMESTANDARDPAYCODE_ORIGINALCODE
Column Name found in Datamart and Curated Table :: BUSINESSUNITPAYROLLIDLETIMESTPAYCODE
Column Name found in Datamart and Curated Table :: ENABLETECHNICIANCLOCKINANDCLOCKOUT
Column Name found in Datamart and Curated Table :: PAYROLLPERCENTAGEFEE
Column Name found in Datamart and Curated Table :: PAYROLLREVIEWSTATE_STATUS
Column Name found in Datamart and Curated Table :: BUSINESSUNITPAYROLLIDLETIMEOVERTIMEPAYCODE_CODE
Column Name found in Datamart and Curated Table :: BUSINESSUNITPAYROLLIDLETIMEOVERTIMEPAYCODE_ORIGINALCODE
Column Name found in Datamart and Curated Table :: CREATEDBY_ID
Column Name found in Datamart and Curated Table :: ISQUEUEDFORFORCEDCOMMISSIONRECALC
Column Name found in Datamart and Curated Table :: PAYROLLREVIEWSTATE_AUTHORIZATIONSIGNATURE
Column Name found in Datamart and Curated Table :: TECHNICIANNAME
Column Name found in Datamart and Curated Table :: UPDATEERRORLOGID
Column Name found in Datamart and Curated Table :: PAYROLLREPORTVERSION
Column Name found in Datamart and Curated Table :: SEARSPAYROLLROLE
Column Name found in Datamart and Curated Table :: TECHNICIANPAYROLLSTARTPERIOD
Column Name found in Datamart and Curated Table :: TECHNICIANPAYROLLSTATUS
Column Name found in Datamart and Curated Table :: PAYROLLFLATFEE
Column Name found in Datamart and Curated Table :: BUSINESSUNIT_ID
Column Name found in Datamart and Curated Table :: BUSINESSUNITPAYROLLIDLETIMEDOUBLEOVERTIMEPAYCODE_NAME
Column Name found in Datamart and Curated Table :: DEDUCTCOSTSFROMSOLDBYCREDIT
Column Name found in Datamart and Curated Table :: DEFAULTPAYROLLADJUSTMENTRATE
Column Name found in Datamart and Curated Table :: PAYROLLFLATFEEMINIMUM
Column Name found in Datamart and Curated Table :: PAYROLLID
Column Name found in Datamart and Curated Table :: TECHNICIAN_ID
Column Name found in Datamart and Curated Table :: TECHNICIANHOURLYRATE
Column Name found in Datamart and Curated Table :: SHOWPAYROLLPERSISTENCEFIELDSANDREPORTS
Column Name found in Datamart and Curated Table :: TECHNICIANSOLDBYRATE
Column Name found in Datamart and Curated Table :: ACTIVE
Column Name found in Datamart and Curated Table :: BUSINESSUNITPAYROLLIDLETIMEOVERTIMEPAYCODE_NAME
Column Name found in Datamart and Curated Table :: DISABLEDOUBLEOVERTIME
Column Name found in Datamart and Curated Table :: INCLUDESELLERFEEANDTECHSPECIFICBONUS
Column Name found in Datamart and Curated Table :: BUSINESSUNITWEIGHTEDOVERTIMEPAYCODENEW_NAME
Column Name found in Datamart and Curated Table :: ID
Column Name found in Datamart and Curated Table :: LASTTIMEUPDATED
Column Name found in Datamart and Curated Table :: PAYROLLMARGINALRANGEBONUSES
Column Name found in Datamart and Curated Table :: PAYROLLUSECOMMISSIONBASETODETECTRANGEBONUS
Column Name found in Datamart and Curated Table :: SCHEDULEDCREWSPLITCOMMISSIONRATE
Column Name found in Datamart and Curated Table :: TECHNICIANCOMMUTETIME
Column Name found in Datamart and Curated Table :: IMPORTID
Column Name found in Datamart and Curated Table :: BUSINESSUNITWEIGHTEDOVERTIMEPAYCODE
Column Name found in Datamart and Curated Table :: CREATEDON
Column Name found in Datamart and Curated Table :: HASCALCULATEDTIMESHEETGROSSPAYITEMS
Column Name found in Datamart and Curated Table :: LASTTIMESALARYGROSSPAYITEMSGENERATED
Column Name found in Datamart and Curated Table :: ROUNDSOLDHOURSTOTWODECIMALPLACES
Column Name found in Datamart and Curated Table :: TECHNICIANFIRSTDRIVERULE
Column Name found in Datamart and Curated Table :: HASCALCULATEDSALARYGROSSPAYITEMS
Column Name found in Datamart and Curated Table :: PREVENTNJAOVERLAPPING
Column Name found in Datamart and Curated Table :: TECHNICIANTYPE
Column Name found in Datamart and Curated Table :: TURNOVERBONUS
Column Name found in Datamart and Curated Table :: USEPAYROLLDATE
Column Name found in Datamart and Curated Table :: ADDONMULTITECHCOMMISSIONRATE
Column Name found in Datamart and Curated Table :: ATLASBUTLERTECHNICIANROLE
Column Name found in Datamart and Curated Table :: HASCALCULATEDGROSSPAYITEMS
Column Name found in Datamart and Curated Table :: PAYROLLEXPENSEDEDUCTIONTRIGGER
Column Name found in Datamart and Curated Table :: PAYROLLTYPE
Column Name found in Datamart and Curated Table :: PAYROLLPERCENTAGEFEEMINIMUM
Column Name found in Datamart and Curated Table :: PAYROLLUSENSVASSOLDBYBASE
Column Name found in Datamart and Curated Table :: BUSINESSUNITPAYROLLIDLETIMEDOUBLEOVERTIMEPAYCODE_CODE
Column Name found in Datamart and Curated Table :: ADDONCREWSPLITCOMMISSIONRATE
Column Name found in Datamart and Curated Table :: ADDONSOLOCOMMISSIONRATE
Column Name found in Datamart and Curated Table :: PAYFORIDLETIMEOVERONEHOUR
Column Name found in Datamart and Curated Table :: PAYROLLREVIEWSTATE_MANAGERSTATUS
Column Name found in Datamart and Curated Table :: TECHNICIANINVOICINGHOURLYRATE
Column Name found in Datamart and Curated Table :: USECUSTOMIDLETIMERULES
Column Name found in Datamart and Curated Table :: ISQUEUEDFORFORCEDSALARYRECALC
Column Name found in Datamart and Curated Table :: LASTTIMEGROSSPAYITEMSGENERATED
Column Name found in Datamart and Curated Table :: PAYFORIDLETIMEUPTO
Column Name found in Datamart and Curated Table :: PAYROLLCOSTMARKUP
Column Name found in Datamart and Curated Table :: PAYROLLREVIEWSTATE_MANAGERUPDATEDON
Column Name found in Datamart and Curated Table :: SELLERFEE
Column Name found in Datamart and Curated Table :: TURNOVERMINIMUMTHRESHOLD
Column Name found in Datamart and Curated Table :: TIMEZONE
Datamart tables contains additional column name like [ACTIVE_FLAG, RECORD_CREATE_DATE, RECORD_UPDATE_DATE, RECORD_UPDATE_DATE, MASTER_ID, TENANT_TYPE]
Curated tables not contains additional column name like [RECORD_CREATE_DATE, RECORD_UPDATE_DATE, RECORD_UPDATED_BY, TENANT_TYPE]]]>
  </system-out>
  <testcase classname="testcases.RAW_DATAMART_CURATED.SnowFlake_ColumnValidation_Master" name="Testcase_ColumnValidation" time="2.559">
    <failure message="The following asserts failed:
	null,
	null" type="java.lang.AssertionError">
      <![CDATA[java.lang.AssertionError: The following asserts failed:
null,
null
at org.testng.asserts.SoftAssert.assertAll(SoftAssert.java:47)
at org.testng.asserts.SoftAssert.assertAll(SoftAssert.java:31)
at testcases.RAW_DATAMART_CURATED.SnowFlake_ColumnValidation_Master.API_Tables_ColumnName_validation(SnowFlake_ColumnValidation_Master.java:130)
at testcases.RAW_DATAMART_CURATED.SnowFlake_ColumnValidation_Master.Testcase_ColumnValidation(SnowFlake_ColumnValidation_Master.java:243)
at jdk.internal.reflect.GeneratedMethodAccessor12.invoke(Unknown Source)
at java.base/jdk.internal.reflect.DelegatingMethodAccessorImpl.invoke(DelegatingMethodAccessorImpl.java:43)
at java.base/java.lang.reflect.Method.invoke(Method.java:568)
at org.testng.internal.MethodInvocationHelper.invokeMethod(MethodInvocationHelper.java:133)
at org.testng.internal.TestInvoker.invokeMethod(TestInvoker.java:598)
at org.testng.internal.TestInvoker.invokeTestMethod(TestInvoker.java:173)
at org.testng.internal.MethodRunner.runInSequence(MethodRunner.java:46)
at org.testng.internal.TestInvoker$MethodInvocationAgent.invoke(TestInvoker.java:824)
at org.testng.internal.TestInvoker.invokeTestMethods(TestInvoker.java:146)
at org.testng.internal.TestMethodWorker.invokeTestMethods(TestMethodWorker.java:146)
at org.testng.internal.TestMethodWorker.run(TestMethodWorker.java:128)
at java.base/java.util.ArrayList.forEach(ArrayList.java:1511)
at org.testng.TestRunner.privateRun(TestRunner.java:794)
at org.testng.TestRunner.run(TestRunner.java:596)
at org.testng.SuiteRunner.runTest(SuiteRunner.java:377)
at org.testng.SuiteRunner.runSequentially(SuiteRunner.java:371)
at org.testng.SuiteRunner.privateRun(SuiteRunner.java:332)
at org.testng.SuiteRunner.run(SuiteRunner.java:276)
at org.testng.SuiteRunnerWorker.runSuite(SuiteRunnerWorker.java:53)
at org.testng.SuiteRunnerWorker.run(SuiteRunnerWorker.java:96)
at org.testng.TestNG.runSuitesSequentially(TestNG.java:1212)
at org.testng.TestNG.runSuitesLocally(TestNG.java:1134)
at org.testng.TestNG.runSuites(TestNG.java:1063)
at org.testng.TestNG.run(TestNG.java:1031)
at org.testng.remote.AbstractRemoteTestNG.run(AbstractRemoteTestNG.java:115)
at org.testng.remote.RemoteTestNG.initAndRun(RemoteTestNG.java:251)
at org.testng.remote.RemoteTestNG.main(RemoteTestNG.java:77)
]]>
    </failure>
  </testcase> <!-- Testcase_ColumnValidation -->
  <system-out>
    <![CDATA[Executing Snowflake query :: SELECT COLUMN_NAME FROM DEV_ENT_RAW.INFORMATION_SCHEMA.COLUMNS WHERE TABLE_NAME='ST_API_PROJECT'and TABLE_SCHEMA='API_MAT'
Executing Snowflake query :: SELECT COLUMN_NAME FROM CURATED_DATAMART.INFORMATION_SCHEMA.COLUMNS WHERE TABLE_NAME='STR_API_PROJECT'and TABLE_SCHEMA='ST_API_MAITZ'
Executing Snowflake query :: SELECT COLUMN_NAME FROM DEV_ENT_CURATED.INFORMATION_SCHEMA.COLUMNS WHERE TABLE_NAME='DIM_PROJECT'and TABLE_SCHEMA='MASTER_DIMENSIONS'
Column names for RAW Table --> ST_API_PROJECT :: [ACTIVE, AREITEMSREORDERED, CUSTOMER_ID, NAME, NUMBER, PROJECTSETTINGSTYPE, TECHNICIANSIGNATURE, SUMMARY, MODIFIEDON, ACKNOWLEDGEMENTSIGNATURE, COMPLETEDON, COMPLETIONPERCENT, COSTTOCOMPLETE, CREATEDBY_ID, CREATEDON, IMPORTID, COMPLETEDONACTUAL, ID, CONTRACTESTIMATE_ID, AUTHORIZATIONSIGNATURE, CONTRACTSTARTDATE, STARTEDON, CONTRACTFOR, ISRETAINAGEENABLED, ISPREVAILINGWAGE, LOCATION_ID, PAYMENTTERM_ID, RETAINAGEPERCENT, REVENUERECOGNITIONMETHOD, TENANT_TYPE]
Column names for DataMart Table --> STR_API_PROJECT :: [AUTHORIZATIONSIGNATURE, CONTRACTFOR, CUSTOMER_ID, NAME, RECORD_CREATE_DATE, ISRETAINAGEENABLED, ACTIVE, AREITEMSREORDERED, COMPLETIONPERCENT, CONTRACTSTARTDATE, IMPORTID, MASTER_ID, PROJECTSETTINGSTYPE, COMPLETEDON, CREATEDBY_ID, PAYMENTTERM_ID, RECORD_UPDATE_DATE, ISPREVAILINGWAGE, LOCATION_ID, NUMBER, TENANT_TYPE, ACTIVE_FLAG, ID, MD5_VALUE, MODIFIEDON, STARTEDON, CONTRACTESTIMATE_ID, SUMMARY, TECHNICIANSIGNATURE, ACKNOWLEDGEMENTSIGNATURE, COMPLETEDONACTUAL, CREATEDON, RETAINAGEPERCENT]
Column names for Curated Table --> DIM_PROJECT :: [RECORD_UPDATE_DATE, ACTIVE, AUTHORIZATIONSIGNATURE, COMPLETEDON, RETAINAGEPERCENT, IMPORTID, CONTRACTFOR, CONTRACTSTARTDATE, ID, ISRETAINAGEENABLED, RECORD_CREATE_DATE, RECORD_UPDATED_BY, TENANT_TYPE, PROJECTSETTINGSTYPE, TECHNICIANSIGNATURE, ISPREVAILINGWAGE, MD5_VALUE, NAME, PAYMENTTERM_ID, COMPLETEDONACTUAL, CUSTOMER_ID, NUMBER, AREITEMSREORDERED, CREATEDON, LOCATION_ID, MODIFIEDON, STARTEDON, ACKNOWLEDGEMENTSIGNATURE, COMPLETIONPERCENT, CONTRACTESTIMATE_ID, SUMMARY, CREATEDBY_ID, REVENUERECOGNITIONMETHOD]
Column Name found in Datamart and Curated Table :: ACTIVE
Column Name found in Datamart and Curated Table :: AREITEMSREORDERED
Column Name found in Datamart and Curated Table :: CUSTOMER_ID
Column Name found in Datamart and Curated Table :: NAME
Column Name found in Datamart and Curated Table :: NUMBER
Column Name found in Datamart and Curated Table :: PROJECTSETTINGSTYPE
Column Name found in Datamart and Curated Table :: TECHNICIANSIGNATURE
Column Name found in Datamart and Curated Table :: SUMMARY
Column Name found in Datamart and Curated Table :: MODIFIEDON
Column Name found in Datamart and Curated Table :: ACKNOWLEDGEMENTSIGNATURE
Column Name found in Datamart and Curated Table :: COMPLETEDON
Column Name found in Datamart and Curated Table :: COMPLETIONPERCENT
Column Name not found in Datamart and Curated Table :: COSTTOCOMPLETE
Column Name found in Datamart and Curated Table :: CREATEDBY_ID
Column Name found in Datamart and Curated Table :: CREATEDON
Column Name found in Datamart and Curated Table :: IMPORTID
Column Name found in Datamart and Curated Table :: COMPLETEDONACTUAL
Column Name found in Datamart and Curated Table :: ID
Column Name found in Datamart and Curated Table :: CONTRACTESTIMATE_ID
Column Name found in Datamart and Curated Table :: AUTHORIZATIONSIGNATURE
Column Name found in Datamart and Curated Table :: CONTRACTSTARTDATE
Column Name found in Datamart and Curated Table :: STARTEDON
Column Name found in Datamart and Curated Table :: CONTRACTFOR
Column Name found in Datamart and Curated Table :: ISRETAINAGEENABLED
Column Name found in Datamart and Curated Table :: ISPREVAILINGWAGE
Column Name found in Datamart and Curated Table :: LOCATION_ID
Column Name found in Datamart and Curated Table :: PAYMENTTERM_ID
Column Name found in Datamart and Curated Table :: RETAINAGEPERCENT
Column Name not found in Datamart and Curated Table :: REVENUERECOGNITIONMETHOD
Column Name found in Datamart and Curated Table :: TENANT_TYPE
Datamart tables contains additional column name like [ACTIVE_FLAG, RECORD_CREATE_DATE, RECORD_UPDATE_DATE, MASTER_ID]
Curated tables contains additional column name like [RECORD_CREATE_DATE, RECORD_UPDATE_DATE, RECORD_UPDATED_BY]]]>
  </system-out>
  <testcase classname="testcases.RAW_DATAMART_CURATED.SnowFlake_ColumnValidation_Master" name="Testcase_ColumnValidation" time="2.243">
    <failure message="The following asserts failed:
	null" type="java.lang.AssertionError">
      <![CDATA[java.lang.AssertionError: The following asserts failed:
null
at org.testng.asserts.SoftAssert.assertAll(SoftAssert.java:47)
at org.testng.asserts.SoftAssert.assertAll(SoftAssert.java:31)
at testcases.RAW_DATAMART_CURATED.SnowFlake_ColumnValidation_Master.BKP_Tables_ColumnName_validation(SnowFlake_ColumnValidation_Master.java:231)
at testcases.RAW_DATAMART_CURATED.SnowFlake_ColumnValidation_Master.Testcase_ColumnValidation(SnowFlake_ColumnValidation_Master.java:240)
at java.base/jdk.internal.reflect.NativeMethodAccessorImpl.invoke0(Native Method)
at java.base/jdk.internal.reflect.NativeMethodAccessorImpl.invoke(NativeMethodAccessorImpl.java:77)
at java.base/jdk.internal.reflect.DelegatingMethodAccessorImpl.invoke(DelegatingMethodAccessorImpl.java:43)
at java.base/java.lang.reflect.Method.invoke(Method.java:568)
at org.testng.internal.MethodInvocationHelper.invokeMethod(MethodInvocationHelper.java:133)
at org.testng.internal.TestInvoker.invokeMethod(TestInvoker.java:598)
at org.testng.internal.TestInvoker.invokeTestMethod(TestInvoker.java:173)
at org.testng.internal.MethodRunner.runInSequence(MethodRunner.java:46)
at org.testng.internal.TestInvoker$MethodInvocationAgent.invoke(TestInvoker.java:824)
at org.testng.internal.TestInvoker.invokeTestMethods(TestInvoker.java:146)
at org.testng.internal.TestMethodWorker.invokeTestMethods(TestMethodWorker.java:146)
at org.testng.internal.TestMethodWorker.run(TestMethodWorker.java:128)
at java.base/java.util.ArrayList.forEach(ArrayList.java:1511)
at org.testng.TestRunner.privateRun(TestRunner.java:794)
at org.testng.TestRunner.run(TestRunner.java:596)
at org.testng.SuiteRunner.runTest(SuiteRunner.java:377)
at org.testng.SuiteRunner.runSequentially(SuiteRunner.java:371)
at org.testng.SuiteRunner.privateRun(SuiteRunner.java:332)
at org.testng.SuiteRunner.run(SuiteRunner.java:276)
at org.testng.SuiteRunnerWorker.runSuite(SuiteRunnerWorker.java:53)
at org.testng.SuiteRunnerWorker.run(SuiteRunnerWorker.java:96)
at org.testng.TestNG.runSuitesSequentially(TestNG.java:1212)
at org.testng.TestNG.runSuitesLocally(TestNG.java:1134)
at org.testng.TestNG.runSuites(TestNG.java:1063)
at org.testng.TestNG.run(TestNG.java:1031)
at org.testng.remote.AbstractRemoteTestNG.run(AbstractRemoteTestNG.java:115)
at org.testng.remote.RemoteTestNG.initAndRun(RemoteTestNG.java:251)
at org.testng.remote.RemoteTestNG.main(RemoteTestNG.java:77)
]]>
    </failure>
  </testcase> <!-- Testcase_ColumnValidation -->
  <system-out>
    <![CDATA[Executing Snowflake query :: SELECT COLUMN_NAME FROM DEV_ENT_RAW.INFORMATION_SCHEMA.COLUMNS WHERE TABLE_NAME='TECHNICIANPAYROLL'and TABLE_SCHEMA='ST_CASTEEL_MATILLION'
Executing Snowflake query :: SELECT COLUMN_NAME FROM CURATED_DATAMART.INFORMATION_SCHEMA.COLUMNS WHERE TABLE_NAME='STR_TECHNICIANPAYROLL'and TABLE_SCHEMA='ST_BKP_CASTEEL'
Executing Snowflake query :: SELECT COLUMN_NAME FROM DEV_ENT_CURATED.INFORMATION_SCHEMA.COLUMNS WHERE TABLE_NAME='DIM_TECHNICIANPAYROLL'and TABLE_SCHEMA='MASTER_DIMENSIONS'
Column names for RAW Table --> TECHNICIANPAYROLL :: [ACTIVE, BUSINESSUNITPAYROLLIDLETIMEDOUBLEOVERTIMEPAYCODE_ORIGINALCODE, HASCALCULATEDTIMESHEETGROSSPAYITEMS, IMPORTID, PAYROLLTYPE, TECHNICIAN_ID, PAYROLLREVIEWSTATE_STATUS, SHOWPAYROLLPERSISTENCEFIELDSANDREPORTS, TECHNICIANHOURLYRATE, PAYROLLPERCENTAGEFEEMINIMUM, WILLIAMSPAYROLLIGNORESINVOICEBALANCETOPAYTGLANDSOLDBY, ADDONMULTITECHCOMMISSIONRATE, BUSINESSUNITWEIGHTEDOVERTIMEPAYCODE, OVERTIMEPROFILE_ID, PAYROLLPERCENTAGEFEE, PAYROLLPERIOD_ID, TECHNICIANINVOICINGHOURLYRATE, TECHNICIANPAYROLLSTARTPERIOD, BUSINESSUNITNAME, BUSINESSUNITPAYROLLIDLETIMEDOUBLEOVERTIMEPAYCODE_NAME, PAYROLLFLATFEEMINIMUM, PAYROLLREPORTVERSION, PAYROLLREVIEWSTATE_MANAGERSTATUS, USECUSTOMIDLETIMERULES, USEPAYROLLDATE, TIMEZONE, TECHNICIANSOLDBYRATE, SCHEDULEDSOLOCOMMISSIONRATE, BUSINESSUNITPAYROLLIDLETIMEOVERTIMEPAYCODE_CODE, BUSINESSUNITWEIGHTEDOVERTIMEPAYCODENEW_ORIGINALCODE, INCLUDESELLERFEEANDTECHSPECIFICBONUS, MANAGER_ID, PAYROLLREVIEWSTATE_DISPUTEREASON, TECHNICIANTYPE, BUSINESSUNIT_ID, FROM, ISQUEUEDFORFORCEDCOMMISSIONRECALC, ISQUEUEDFORFORCEDSALARYRECALC, PAYROLLCOSTMARKUP, PAYROLLUSECOMMISSIONBASETODETECTRANGEBONUS, PREVENTNJAOVERLAPPING, DEDUCTCOSTSFROMSOLDBYCREDIT, ISQUEUEDFORFORCEDTIMESHEETRECALC, CREATEDON, DISABLEDOUBLEOVERTIME, HASCALCULATEDGROSSPAYITEMS, LASTTIMESALARYGROSSPAYITEMSGENERATED, PAYFORIDLETIMEOVERONEHOUR, TO, LASTTIMETIMESHEETSGROSSPAYITEMSGENERATED, PAYROLLMARGINALRANGEBONUSES, TECHNICIANDEDUCTCOMMUTETIMEFROMFIRSTDRIVE, TECHNICIANOVERTIMEMODE, SCHEDULEDMULTITECHCOMMISSIONRATE, BUSINESSUNITPAYROLLIDLETIMEOTPAYCODE, ENABLETECHNICIANCLOCKINANDCLOCKOUT, ATLASBUTLERTECHNICIANROLE, BURDENRATE, BUSINESSUNITPAYROLLIDLETIMEDOUBLEOVERTIMEPAYCODE_CODE, BUSINESSUNITWEIGHTEDOVERTIMEPAYCODENEW_NAME, CREATEDBY_ID, SEARSPAYROLLROLE, BUSINESSUNITPAYROLLIDLETIMESTANDARDPAYCODE_CODE, HASCALCULATEDSALARYGROSSPAYITEMS, LASTTIMEGROSSPAYITEMSGENERATED, LASTTIMEUPDATED, TURNOVERMINIMUMTHRESHOLD, PAYROLLID, TECHNICIANFIRSTDRIVERULE, UPDATEERRORLOGID, SELLERFEE, PAYROLLREVIEWSTATE_TECHNICIANUPDATEDON, BUSINESSUNITPAYROLLIDLETIMEOVERTIMEPAYCODE_ORIGINALCODE, BUSINESSUNITWEIGHTEDOVERTIMEPAYCODENEW_CODE, LINEITEMSONPURCHASEORDERS, PAYROLLEXPENSEDEDUCTIONTRIGGER, PAYROLLREVIEWSTATE_MANAGERUPDATEDON, PAYROLLUSENSVASSOLDBYBASE, ROUNDSOLDHOURSTOTWODECIMALPLACES, TECHNICIANNAME, PAYFORIDLETIMEUPTO, PAYROLLREVIEWSTATE_AUTHORIZATIONSIGNATURE, TECHNICIANCOMMUTETIME, ID, PAYROLLSHOWMATERIALSINCOST, MANAGERNAME, DEFAULTPAYROLLADJUSTMENTRATE, TECHNICIANCOMMISSIONRATE, TECHNICIANPAYROLLSTATUS, SCHEDULEDCREWSPLITCOMMISSIONRATE, TECHNICIANPAYTYPE, TURNOVERBONUS, ADDONCREWSPLITCOMMISSIONRATE, ADDONSOLOCOMMISSIONRATE, BUSINESSUNITPAYROLLIDLETIMEOVERTIMEPAYCODE_NAME, BUSINESSUNITPAYROLLIDLETIMESTANDARDPAYCODE_NAME, BUSINESSUNITPAYROLLIDLETIMESTANDARDPAYCODE_ORIGINALCODE, PAYROLLFLATFEE, BUSINESSUNITPAYROLLIDLETIMESTPAYCODE, SUPPORTSPERSISTEDINVOICES]
Column names for DataMart Table --> STR_TECHNICIANPAYROLL :: [BUSINESSUNITPAYROLLIDLETIMEOVERTIMEPAYCODE_CODE, PAYROLLEXPENSEDEDUCTIONTRIGGER, PAYROLLREVIEWSTATE_AUTHORIZATIONSIGNATURE, SCHEDULEDMULTITECHCOMMISSIONRATE, SELLERFEE, HASCALCULATEDTIMESHEETGROSSPAYITEMS, LASTTIMEGROSSPAYITEMSGENERATED, TECHNICIANPAYROLLSTARTPERIOD, USEPAYROLLDATE, ACTIVE_FLAG, BURDENRATE, ID, INCLUDESELLERFEEANDTECHSPECIFICBONUS, LASTTIMETIMESHEETSGROSSPAYITEMSGENERATED, PAYROLLREVIEWSTATE_MANAGERUPDATEDON, PAYFORIDLETIMEOVERONEHOUR, PAYROLLCOSTMARKUP, PAYROLLREPORTVERSION, SCHEDULEDCREWSPLITCOMMISSIONRATE, SHOWPAYROLLPERSISTENCEFIELDSANDREPORTS, PAYROLLREVIEWSTATE_TECHNICIANUPDATEDON, PREVENTNJAOVERLAPPING, TENANT_TYPE, TECHNICIANHOURLYRATE, TECHNICIANTYPE, BUSINESSUNITPAYROLLIDLETIMEOVERTIMEPAYCODE_NAME, BUSINESSUNITPAYROLLIDLETIMESTANDARDPAYCODE_CODE, CREATEDBY_ID, CREATEDON, PAYROLLTYPE, PAYROLLUSENSVASSOLDBYBASE, ADDONSOLOCOMMISSIONRATE, BUSINESSUNITWEIGHTEDOVERTIMEPAYCODENEW_CODE, PAYFORIDLETIMEUPTO, PAYROLLPERIOD_ID, PAYROLLREVIEWSTATE_STATUS, PAYROLLFLATFEEMINIMUM, BUSINESSUNITNAME, BUSINESSUNITPAYROLLIDLETIMEDOUBLEOVERTIMEPAYCODE_NAME, BUSINESSUNITWEIGHTEDOVERTIMEPAYCODENEW_NAME, FROM, LASTTIMEUPDATED, TECHNICIANNAME, DEDUCTCOSTSFROMSOLDBYCREDIT, DEFAULTPAYROLLADJUSTMENTRATE, ENABLETECHNICIANCLOCKINANDCLOCKOUT, LINEITEMSONPURCHASEORDERS, PAYROLLPERCENTAGEFEEMINIMUM, TECHNICIANCOMMUTETIME, TECHNICIANSOLDBYRATE, UPDATEERRORLOGID, ATLASBUTLERTECHNICIANROLE, BUSINESSUNITPAYROLLIDLETIMESTANDARDPAYCODE_NAME, ISQUEUEDFORFORCEDCOMMISSIONRECALC, TECHNICIANDEDUCTCOMMUTETIMEFROMFIRSTDRIVE, PAYROLLMARGINALRANGEBONUSES, WILLIAMSPAYROLLIGNORESINVOICEBALANCETOPAYTGLANDSOLDBY, ACTIVE, ADDONCREWSPLITCOMMISSIONRATE, ADDONMULTITECHCOMMISSIONRATE, BUSINESSUNITWEIGHTEDOVERTIMEPAYCODE, BUSINESSUNIT_ID, DISABLEDOUBLEOVERTIME, HASCALCULATEDSALARYGROSSPAYITEMS, LASTTIMESALARYGROSSPAYITEMSGENERATED, MANAGER_ID, MASTER_ID, OVERTIMEPROFILE_ID, PAYROLLREVIEWSTATE_MANAGERSTATUS, SEARSPAYROLLROLE, ISQUEUEDFORFORCEDTIMESHEETRECALC, PAYROLLFLATFEE, PAYROLLPERCENTAGEFEE, SCHEDULEDSOLOCOMMISSIONRATE, TO, TECHNICIANPAYROLLSTATUS, TECHNICIANINVOICINGHOURLYRATE, BUSINESSUNITPAYROLLIDLETIMEDOUBLEOVERTIMEPAYCODE_CODE, BUSINESSUNITWEIGHTEDOVERTIMEPAYCODENEW_ORIGINALCODE, TECHNICIANCOMMISSIONRATE, TECHNICIANOVERTIMEMODE, TECHNICIANPAYTYPE, PAYROLLID, PAYROLLREVIEWSTATE_DISPUTEREASON, RECORD_CREATE_DATE, RECORD_UPDATE_DATE, ROUNDSOLDHOURSTOTWODECIMALPLACES, TURNOVERMINIMUMTHRESHOLD, PAYROLLUSECOMMISSIONBASETODETECTRANGEBONUS, BUSINESSUNITPAYROLLIDLETIMEDOUBLEOVERTIMEPAYCODE_ORIGINALCODE, BUSINESSUNITPAYROLLIDLETIMEOTPAYCODE, BUSINESSUNITPAYROLLIDLETIMEOVERTIMEPAYCODE_ORIGINALCODE, BUSINESSUNITPAYROLLIDLETIMESTANDARDPAYCODE_ORIGINALCODE, BUSINESSUNITPAYROLLIDLETIMESTPAYCODE, HASCALCULATEDGROSSPAYITEMS, IMPORTID, ISQUEUEDFORFORCEDSALARYRECALC, SUPPORTSPERSISTEDINVOICES, TECHNICIANFIRSTDRIVERULE, TECHNICIAN_ID, TIMEZONE, MANAGERNAME, USECUSTOMIDLETIMERULES, PAYROLLSHOWMATERIALSINCOST, TURNOVERBONUS]
Column names for Curated Table --> DIM_TECHNICIANPAYROLL :: [ADDONMULTITECHCOMMISSIONRATE, BURDENRATE, BUSINESSUNITPAYROLLIDLETIMEDOUBLEOVERTIMEPAYCODE_ORIGINALCODE, BUSINESSUNITPAYROLLIDLETIMESTANDARDPAYCODE_CODE, DISABLEDOUBLEOVERTIME, ENABLETECHNICIANCLOCKINANDCLOCKOUT, ID, PAYROLLFLATFEE, TECHNICIANNAME, LINEITEMSONPURCHASEORDERS, SHOWPAYROLLPERSISTENCEFIELDSANDREPORTS, UPDATEERRORLOGID, DEFAULTPAYROLLADJUSTMENTRATE, TECHNICIAN_ID, ADDONSOLOCOMMISSIONRATE, ISQUEUEDFORFORCEDSALARYRECALC, TURNOVERBONUS, BUSINESSUNITPAYROLLIDLETIMEOVERTIMEPAYCODE_NAME, HASCALCULATEDTIMESHEETGROSSPAYITEMS, OVERTIMEPROFILE_ID, TECHNICIANPAYROLLSTARTPERIOD, WILLIAMSPAYROLLIGNORESINVOICEBALANCETOPAYTGLANDSOLDBY, TURNOVERMINIMUMTHRESHOLD, USEPAYROLLDATE, MANAGERNAME, PAYROLLCOSTMARKUP, SEARSPAYROLLROLE, TECHNICIANPAYTYPE, HASCALCULATEDSALARYGROSSPAYITEMS, PAYROLLREVIEWSTATE_MANAGERUPDATEDON, PAYROLLTYPE, SCHEDULEDCREWSPLITCOMMISSIONRATE, TENANT_TYPE, SUPPORTSPERSISTEDINVOICES, ADDONCREWSPLITCOMMISSIONRATE, BUSINESSUNITPAYROLLIDLETIMEDOUBLEOVERTIMEPAYCODE_NAME, BUSINESSUNITPAYROLLIDLETIMEOVERTIMEPAYCODE_CODE, BUSINESSUNITPAYROLLIDLETIMESTPAYCODE, BUSINESSUNITWEIGHTEDOVERTIMEPAYCODENEW_CODE, LASTTIMETIMESHEETSGROSSPAYITEMSGENERATED, PAYROLLFLATFEEMINIMUM, TECHNICIANSOLDBYRATE, BUSINESSUNITWEIGHTEDOVERTIMEPAYCODENEW_NAME, RECORD_CREATE_DATE, TIMEZONE, PAYROLLREVIEWSTATE_DISPUTEREASON, TO, LASTTIMESALARYGROSSPAYITEMSGENERATED, ACTIVE, BUSINESSUNITPAYROLLIDLETIMESTANDARDPAYCODE_NAME, BUSINESSUNITPAYROLLIDLETIMESTANDARDPAYCODE_ORIGINALCODE, CREATEDON, LASTTIMEGROSSPAYITEMSGENERATED, PAYROLLPERCENTAGEFEE, SCHEDULEDMULTITECHCOMMISSIONRATE, BUSINESSUNITNAME, PAYFORIDLETIMEUPTO, PAYROLLREVIEWSTATE_STATUS, PAYROLLREVIEWSTATE_TECHNICIANUPDATEDON, SELLERFEE, TECHNICIANINVOICINGHOURLYRATE, TECHNICIANPAYROLLSTATUS, TECHNICIANTYPE, BUSINESSUNITPAYROLLIDLETIMEDOUBLEOVERTIMEPAYCODE_CODE, HASCALCULATEDGROSSPAYITEMS, PAYFORIDLETIMEOVERONEHOUR, PAYROLLUSECOMMISSIONBASETODETECTRANGEBONUS, RECORD_UPDATE_DATE, PAYROLLREVIEWSTATE_AUTHORIZATIONSIGNATURE, TECHNICIANFIRSTDRIVERULE, BUSINESSUNITPAYROLLIDLETIMEOVERTIMEPAYCODE_ORIGINALCODE, BUSINESSUNITPAYROLLIDLETIMEOTPAYCODE, CREATEDBY_ID, ISQUEUEDFORFORCEDCOMMISSIONRECALC, PREVENTNJAOVERLAPPING, ROUNDSOLDHOURSTOTWODECIMALPLACES, FROM, TECHNICIANCOMMISSIONRATE, TECHNICIANDEDUCTCOMMUTETIMEFROMFIRSTDRIVE, USECUSTOMIDLETIMERULES, PAYROLLMARGINALRANGEBONUSES, IMPORTID, PAYROLLREVIEWSTATE_MANAGERSTATUS, ATLASBUTLERTECHNICIANROLE, BUSINESSUNITWEIGHTEDOVERTIMEPAYCODENEW_ORIGINALCODE, BUSINESSUNIT_ID, DEDUCTCOSTSFROMSOLDBYCREDIT, ISQUEUEDFORFORCEDTIMESHEETRECALC, MANAGER_ID, PAYROLLREPORTVERSION, PAYROLLSHOWMATERIALSINCOST, PAYROLLUSENSVASSOLDBYBASE, SCHEDULEDSOLOCOMMISSIONRATE, INCLUDESELLERFEEANDTECHSPECIFICBONUS, LASTTIMEUPDATED, PAYROLLID, PAYROLLPERCENTAGEFEEMINIMUM, TECHNICIANCOMMUTETIME, TECHNICIANHOURLYRATE, TECHNICIANOVERTIMEMODE, BUSINESSUNITWEIGHTEDOVERTIMEPAYCODE, PAYROLLEXPENSEDEDUCTIONTRIGGER, PAYROLLPERIOD_ID]
Column Name found in Datamart and Curated Table :: ACTIVE
Column Name found in Datamart and Curated Table :: BUSINESSUNITPAYROLLIDLETIMEDOUBLEOVERTIMEPAYCODE_ORIGINALCODE
Column Name found in Datamart and Curated Table :: HASCALCULATEDTIMESHEETGROSSPAYITEMS
Column Name found in Datamart and Curated Table :: IMPORTID
Column Name found in Datamart and Curated Table :: PAYROLLTYPE
Column Name found in Datamart and Curated Table :: TECHNICIAN_ID
Column Name found in Datamart and Curated Table :: PAYROLLREVIEWSTATE_STATUS
Column Name found in Datamart and Curated Table :: SHOWPAYROLLPERSISTENCEFIELDSANDREPORTS
Column Name found in Datamart and Curated Table :: TECHNICIANHOURLYRATE
Column Name found in Datamart and Curated Table :: PAYROLLPERCENTAGEFEEMINIMUM
Column Name found in Datamart and Curated Table :: WILLIAMSPAYROLLIGNORESINVOICEBALANCETOPAYTGLANDSOLDBY
Column Name found in Datamart and Curated Table :: ADDONMULTITECHCOMMISSIONRATE
Column Name found in Datamart and Curated Table :: BUSINESSUNITWEIGHTEDOVERTIMEPAYCODE
Column Name found in Datamart and Curated Table :: OVERTIMEPROFILE_ID
Column Name found in Datamart and Curated Table :: PAYROLLPERCENTAGEFEE
Column Name found in Datamart and Curated Table :: PAYROLLPERIOD_ID
Column Name found in Datamart and Curated Table :: TECHNICIANINVOICINGHOURLYRATE
Column Name found in Datamart and Curated Table :: TECHNICIANPAYROLLSTARTPERIOD
Column Name found in Datamart and Curated Table :: BUSINESSUNITNAME
Column Name found in Datamart and Curated Table :: BUSINESSUNITPAYROLLIDLETIMEDOUBLEOVERTIMEPAYCODE_NAME
Column Name found in Datamart and Curated Table :: PAYROLLFLATFEEMINIMUM
Column Name found in Datamart and Curated Table :: PAYROLLREPORTVERSION
Column Name found in Datamart and Curated Table :: PAYROLLREVIEWSTATE_MANAGERSTATUS
Column Name found in Datamart and Curated Table :: USECUSTOMIDLETIMERULES
Column Name found in Datamart and Curated Table :: USEPAYROLLDATE
Column Name found in Datamart and Curated Table :: TIMEZONE
Column Name found in Datamart and Curated Table :: TECHNICIANSOLDBYRATE
Column Name found in Datamart and Curated Table :: SCHEDULEDSOLOCOMMISSIONRATE
Column Name found in Datamart and Curated Table :: BUSINESSUNITPAYROLLIDLETIMEOVERTIMEPAYCODE_CODE
Column Name found in Datamart and Curated Table :: BUSINESSUNITWEIGHTEDOVERTIMEPAYCODENEW_ORIGINALCODE
Column Name found in Datamart and Curated Table :: INCLUDESELLERFEEANDTECHSPECIFICBONUS
Column Name found in Datamart and Curated Table :: MANAGER_ID
Column Name found in Datamart and Curated Table :: PAYROLLREVIEWSTATE_DISPUTEREASON
Column Name found in Datamart and Curated Table :: TECHNICIANTYPE
Column Name found in Datamart and Curated Table :: BUSINESSUNIT_ID
Column Name found in Datamart and Curated Table :: FROM
Column Name found in Datamart and Curated Table :: ISQUEUEDFORFORCEDCOMMISSIONRECALC
Column Name found in Datamart and Curated Table :: ISQUEUEDFORFORCEDSALARYRECALC
Column Name found in Datamart and Curated Table :: PAYROLLCOSTMARKUP
Column Name found in Datamart and Curated Table :: PAYROLLUSECOMMISSIONBASETODETECTRANGEBONUS
Column Name found in Datamart and Curated Table :: PREVENTNJAOVERLAPPING
Column Name found in Datamart and Curated Table :: DEDUCTCOSTSFROMSOLDBYCREDIT
Column Name found in Datamart and Curated Table :: ISQUEUEDFORFORCEDTIMESHEETRECALC
Column Name found in Datamart and Curated Table :: CREATEDON
Column Name found in Datamart and Curated Table :: DISABLEDOUBLEOVERTIME
Column Name found in Datamart and Curated Table :: HASCALCULATEDGROSSPAYITEMS
Column Name found in Datamart and Curated Table :: LASTTIMESALARYGROSSPAYITEMSGENERATED
Column Name found in Datamart and Curated Table :: PAYFORIDLETIMEOVERONEHOUR
Column Name found in Datamart and Curated Table :: TO
Column Name found in Datamart and Curated Table :: LASTTIMETIMESHEETSGROSSPAYITEMSGENERATED
Column Name found in Datamart and Curated Table :: PAYROLLMARGINALRANGEBONUSES
Column Name found in Datamart and Curated Table :: TECHNICIANDEDUCTCOMMUTETIMEFROMFIRSTDRIVE
Column Name found in Datamart and Curated Table :: TECHNICIANOVERTIMEMODE
Column Name found in Datamart and Curated Table :: SCHEDULEDMULTITECHCOMMISSIONRATE
Column Name found in Datamart and Curated Table :: BUSINESSUNITPAYROLLIDLETIMEOTPAYCODE
Column Name found in Datamart and Curated Table :: ENABLETECHNICIANCLOCKINANDCLOCKOUT
Column Name found in Datamart and Curated Table :: ATLASBUTLERTECHNICIANROLE
Column Name found in Datamart and Curated Table :: BURDENRATE
Column Name found in Datamart and Curated Table :: BUSINESSUNITPAYROLLIDLETIMEDOUBLEOVERTIMEPAYCODE_CODE
Column Name found in Datamart and Curated Table :: BUSINESSUNITWEIGHTEDOVERTIMEPAYCODENEW_NAME
Column Name found in Datamart and Curated Table :: CREATEDBY_ID
Column Name found in Datamart and Curated Table :: SEARSPAYROLLROLE
Column Name found in Datamart and Curated Table :: BUSINESSUNITPAYROLLIDLETIMESTANDARDPAYCODE_CODE
Column Name found in Datamart and Curated Table :: HASCALCULATEDSALARYGROSSPAYITEMS
Column Name found in Datamart and Curated Table :: LASTTIMEGROSSPAYITEMSGENERATED
Column Name found in Datamart and Curated Table :: LASTTIMEUPDATED
Column Name found in Datamart and Curated Table :: TURNOVERMINIMUMTHRESHOLD
Column Name found in Datamart and Curated Table :: PAYROLLID
Column Name found in Datamart and Curated Table :: TECHNICIANFIRSTDRIVERULE
Column Name found in Datamart and Curated Table :: UPDATEERRORLOGID
Column Name found in Datamart and Curated Table :: SELLERFEE
Column Name found in Datamart and Curated Table :: PAYROLLREVIEWSTATE_TECHNICIANUPDATEDON
Column Name found in Datamart and Curated Table :: BUSINESSUNITPAYROLLIDLETIMEOVERTIMEPAYCODE_ORIGINALCODE
Column Name found in Datamart and Curated Table :: BUSINESSUNITWEIGHTEDOVERTIMEPAYCODENEW_CODE
Column Name found in Datamart and Curated Table :: LINEITEMSONPURCHASEORDERS
Column Name found in Datamart and Curated Table :: PAYROLLEXPENSEDEDUCTIONTRIGGER
Column Name found in Datamart and Curated Table :: PAYROLLREVIEWSTATE_MANAGERUPDATEDON
Column Name found in Datamart and Curated Table :: PAYROLLUSENSVASSOLDBYBASE
Column Name found in Datamart and Curated Table :: ROUNDSOLDHOURSTOTWODECIMALPLACES
Column Name found in Datamart and Curated Table :: TECHNICIANNAME
Column Name found in Datamart and Curated Table :: PAYFORIDLETIMEUPTO
Column Name found in Datamart and Curated Table :: PAYROLLREVIEWSTATE_AUTHORIZATIONSIGNATURE
Column Name found in Datamart and Curated Table :: TECHNICIANCOMMUTETIME
Column Name found in Datamart and Curated Table :: ID
Column Name found in Datamart and Curated Table :: PAYROLLSHOWMATERIALSINCOST
Column Name found in Datamart and Curated Table :: MANAGERNAME
Column Name found in Datamart and Curated Table :: DEFAULTPAYROLLADJUSTMENTRATE
Column Name found in Datamart and Curated Table :: TECHNICIANCOMMISSIONRATE
Column Name found in Datamart and Curated Table :: TECHNICIANPAYROLLSTATUS
Column Name found in Datamart and Curated Table :: SCHEDULEDCREWSPLITCOMMISSIONRATE
Column Name found in Datamart and Curated Table :: TECHNICIANPAYTYPE
Column Name found in Datamart and Curated Table :: TURNOVERBONUS
Column Name found in Datamart and Curated Table :: ADDONCREWSPLITCOMMISSIONRATE
Column Name found in Datamart and Curated Table :: ADDONSOLOCOMMISSIONRATE
Column Name found in Datamart and Curated Table :: BUSINESSUNITPAYROLLIDLETIMEOVERTIMEPAYCODE_NAME
Column Name found in Datamart and Curated Table :: BUSINESSUNITPAYROLLIDLETIMESTANDARDPAYCODE_NAME
Column Name found in Datamart and Curated Table :: BUSINESSUNITPAYROLLIDLETIMESTANDARDPAYCODE_ORIGINALCODE
Column Name found in Datamart and Curated Table :: PAYROLLFLATFEE
Column Name found in Datamart and Curated Table :: BUSINESSUNITPAYROLLIDLETIMESTPAYCODE
Column Name found in Datamart and Curated Table :: SUPPORTSPERSISTEDINVOICES
Datamart tables contains additional column name like [ACTIVE_FLAG, RECORD_CREATE_DATE, RECORD_UPDATE_DATE, RECORD_UPDATE_DATE, MASTER_ID, TENANT_TYPE]
Curated tables not contains additional column name like [RECORD_CREATE_DATE, RECORD_UPDATE_DATE, RECORD_UPDATED_BY, TENANT_TYPE]]]>
  </system-out>
  <testcase classname="testcases.RAW_DATAMART_CURATED.SnowFlake_ColumnValidation_Master" name="Testcase_ColumnValidation" time="2.291">
    <failure message="The following asserts failed:
	null" type="java.lang.AssertionError">
      <![CDATA[java.lang.AssertionError: The following asserts failed:
null
at org.testng.asserts.SoftAssert.assertAll(SoftAssert.java:47)
at org.testng.asserts.SoftAssert.assertAll(SoftAssert.java:31)
at testcases.RAW_DATAMART_CURATED.SnowFlake_ColumnValidation_Master.BKP_Tables_ColumnName_validation(SnowFlake_ColumnValidation_Master.java:231)
at testcases.RAW_DATAMART_CURATED.SnowFlake_ColumnValidation_Master.Testcase_ColumnValidation(SnowFlake_ColumnValidation_Master.java:240)
at jdk.internal.reflect.GeneratedMethodAccessor12.invoke(Unknown Source)
at java.base/jdk.internal.reflect.DelegatingMethodAccessorImpl.invoke(DelegatingMethodAccessorImpl.java:43)
at java.base/java.lang.reflect.Method.invoke(Method.java:568)
at org.testng.internal.MethodInvocationHelper.invokeMethod(MethodInvocationHelper.java:133)
at org.testng.internal.TestInvoker.invokeMethod(TestInvoker.java:598)
at org.testng.internal.TestInvoker.invokeTestMethod(TestInvoker.java:173)
at org.testng.internal.MethodRunner.runInSequence(MethodRunner.java:46)
at org.testng.internal.TestInvoker$MethodInvocationAgent.invoke(TestInvoker.java:824)
at org.testng.internal.TestInvoker.invokeTestMethods(TestInvoker.java:146)
at org.testng.internal.TestMethodWorker.invokeTestMethods(TestMethodWorker.java:146)
at org.testng.internal.TestMethodWorker.run(TestMethodWorker.java:128)
at java.base/java.util.ArrayList.forEach(ArrayList.java:1511)
at org.testng.TestRunner.privateRun(TestRunner.java:794)
at org.testng.TestRunner.run(TestRunner.java:596)
at org.testng.SuiteRunner.runTest(SuiteRunner.java:377)
at org.testng.SuiteRunner.runSequentially(SuiteRunner.java:371)
at org.testng.SuiteRunner.privateRun(SuiteRunner.java:332)
at org.testng.SuiteRunner.run(SuiteRunner.java:276)
at org.testng.SuiteRunnerWorker.runSuite(SuiteRunnerWorker.java:53)
at org.testng.SuiteRunnerWorker.run(SuiteRunnerWorker.java:96)
at org.testng.TestNG.runSuitesSequentially(TestNG.java:1212)
at org.testng.TestNG.runSuitesLocally(TestNG.java:1134)
at org.testng.TestNG.runSuites(TestNG.java:1063)
at org.testng.TestNG.run(TestNG.java:1031)
at org.testng.remote.AbstractRemoteTestNG.run(AbstractRemoteTestNG.java:115)
at org.testng.remote.RemoteTestNG.initAndRun(RemoteTestNG.java:251)
at org.testng.remote.RemoteTestNG.main(RemoteTestNG.java:77)
]]>
    </failure>
  </testcase> <!-- Testcase_ColumnValidation -->
  <system-out>
    <![CDATA[Executing Snowflake query :: SELECT COLUMN_NAME FROM DEV_ENT_RAW.INFORMATION_SCHEMA.COLUMNS WHERE TABLE_NAME='PROJECT'and TABLE_SCHEMA='ST_MAITZ_MATILLION'
Executing Snowflake query :: SELECT COLUMN_NAME FROM CURATED_DATAMART.INFORMATION_SCHEMA.COLUMNS WHERE TABLE_NAME='STR_PROJECT'and TABLE_SCHEMA='ST_BKP_MAITZ'
Executing Snowflake query :: SELECT COLUMN_NAME FROM DEV_ENT_CURATED.INFORMATION_SCHEMA.COLUMNS WHERE TABLE_NAME='DIM_PROJECT'and TABLE_SCHEMA='MASTER_DIMENSIONS'
Column names for RAW Table --> PROJECT :: [COMPLETIONPERCENT, ID, LOCATION_ID, TECHNICIANSIGNATURE, PAYMENTTERM_ID, CONTRACTESTIMATE_ID, NUMBER, COMPLETEDONACTUAL, CONTRACTSTARTDATE, CREATEDON, COSTTOCOMPLETE, NAME, ISRETAINAGEENABLED, ACKNOWLEDGEMENTSIGNATURE, ACTIVE, AREITEMSREORDERED, CONTRACTFOR, PROJECTSETTINGSTYPE, SUMMARY, AUTHORIZATIONSIGNATURE, CREATEDBY_ID, IMPORTID, RETAINAGEPERCENT, REVENUERECOGNITIONMETHOD, STARTEDON, COMPLETEDON, CUSTOMER_ID, ISPREVAILINGWAGE, MODIFIEDON]
Column names for DataMart Table --> STR_PROJECT :: [ACTIVE_FLAG, COMPLETEDON, RECORD_CREATE_DATE, CONTRACTESTIMATE_ID, ID, SUMMARY, PROJECTSETTINGSTYPE, REVENUERECOGNITIONMETHOD, RECORD_UPDATE_DATE, CONTRACTFOR, ISPREVAILINGWAGE, ISRETAINAGEENABLED, NUMBER, IMPORTID, LOCATION_ID, MASTER_ID, MD5_VALUE, NAME, ACKNOWLEDGEMENTSIGNATURE, CREATEDON, PAYMENTTERM_ID, RETAINAGEPERCENT, ACTIVE, COMPLETEDONACTUAL, CUSTOMER_ID, COMPLETIONPERCENT, TENANT_TYPE, AUTHORIZATIONSIGNATURE, STARTEDON, AREITEMSREORDERED, CONTRACTSTARTDATE, CREATEDBY_ID, MODIFIEDON, TECHNICIANSIGNATURE]
Column names for Curated Table --> DIM_PROJECT :: [RECORD_UPDATE_DATE, ACTIVE, AUTHORIZATIONSIGNATURE, COMPLETEDON, RETAINAGEPERCENT, IMPORTID, CONTRACTFOR, CONTRACTSTARTDATE, ID, ISRETAINAGEENABLED, RECORD_CREATE_DATE, RECORD_UPDATED_BY, TENANT_TYPE, PROJECTSETTINGSTYPE, TECHNICIANSIGNATURE, ISPREVAILINGWAGE, MD5_VALUE, NAME, PAYMENTTERM_ID, COMPLETEDONACTUAL, CUSTOMER_ID, NUMBER, AREITEMSREORDERED, CREATEDON, LOCATION_ID, MODIFIEDON, STARTEDON, ACKNOWLEDGEMENTSIGNATURE, COMPLETIONPERCENT, CONTRACTESTIMATE_ID, SUMMARY, CREATEDBY_ID, REVENUERECOGNITIONMETHOD]
Column Name found in Datamart and Curated Table :: COMPLETIONPERCENT
Column Name found in Datamart and Curated Table :: ID
Column Name found in Datamart and Curated Table :: LOCATION_ID
Column Name found in Datamart and Curated Table :: TECHNICIANSIGNATURE
Column Name found in Datamart and Curated Table :: PAYMENTTERM_ID
Column Name found in Datamart and Curated Table :: CONTRACTESTIMATE_ID
Column Name found in Datamart and Curated Table :: NUMBER
Column Name found in Datamart and Curated Table :: COMPLETEDONACTUAL
Column Name found in Datamart and Curated Table :: CONTRACTSTARTDATE
Column Name found in Datamart and Curated Table :: CREATEDON
Column Name not found in Datamart and Curated Table :: COSTTOCOMPLETE
Column Name found in Datamart and Curated Table :: NAME
Column Name found in Datamart and Curated Table :: ISRETAINAGEENABLED
Column Name found in Datamart and Curated Table :: ACKNOWLEDGEMENTSIGNATURE
Column Name found in Datamart and Curated Table :: ACTIVE
Column Name found in Datamart and Curated Table :: AREITEMSREORDERED
Column Name found in Datamart and Curated Table :: CONTRACTFOR
Column Name found in Datamart and Curated Table :: PROJECTSETTINGSTYPE
Column Name found in Datamart and Curated Table :: SUMMARY
Column Name found in Datamart and Curated Table :: AUTHORIZATIONSIGNATURE
Column Name found in Datamart and Curated Table :: CREATEDBY_ID
Column Name found in Datamart and Curated Table :: IMPORTID
Column Name found in Datamart and Curated Table :: RETAINAGEPERCENT
Column Name found in Datamart and Curated Table :: REVENUERECOGNITIONMETHOD
Column Name found in Datamart and Curated Table :: STARTEDON
Column Name found in Datamart and Curated Table :: COMPLETEDON
Column Name found in Datamart and Curated Table :: CUSTOMER_ID
Column Name found in Datamart and Curated Table :: ISPREVAILINGWAGE
Column Name found in Datamart and Curated Table :: MODIFIEDON
Datamart tables contains additional column name like [ACTIVE_FLAG, RECORD_CREATE_DATE, RECORD_UPDATE_DATE, RECORD_UPDATE_DATE, MASTER_ID, TENANT_TYPE]
Curated tables contains additional column name like [RECORD_CREATE_DATE, RECORD_UPDATE_DATE, RECORD_UPDATED_BY, TENANT_TYPE]]]>
  </system-out>
  <testcase classname="testcases.RAW_DATAMART_CURATED.SnowFlake_ColumnValidation_Master" name="Testcase_ColumnValidation" time="2.049">
    <failure message="The following asserts failed:
	null,
	null" type="java.lang.AssertionError">
      <![CDATA[java.lang.AssertionError: The following asserts failed:
null,
null
at org.testng.asserts.SoftAssert.assertAll(SoftAssert.java:47)
at org.testng.asserts.SoftAssert.assertAll(SoftAssert.java:31)
at testcases.RAW_DATAMART_CURATED.SnowFlake_ColumnValidation_Master.API_Tables_ColumnName_validation(SnowFlake_ColumnValidation_Master.java:130)
at testcases.RAW_DATAMART_CURATED.SnowFlake_ColumnValidation_Master.Testcase_ColumnValidation(SnowFlake_ColumnValidation_Master.java:243)
at jdk.internal.reflect.GeneratedMethodAccessor12.invoke(Unknown Source)
at java.base/jdk.internal.reflect.DelegatingMethodAccessorImpl.invoke(DelegatingMethodAccessorImpl.java:43)
at java.base/java.lang.reflect.Method.invoke(Method.java:568)
at org.testng.internal.MethodInvocationHelper.invokeMethod(MethodInvocationHelper.java:133)
at org.testng.internal.TestInvoker.invokeMethod(TestInvoker.java:598)
at org.testng.internal.TestInvoker.invokeTestMethod(TestInvoker.java:173)
at org.testng.internal.MethodRunner.runInSequence(MethodRunner.java:46)
at org.testng.internal.TestInvoker$MethodInvocationAgent.invoke(TestInvoker.java:824)
at org.testng.internal.TestInvoker.invokeTestMethods(TestInvoker.java:146)
at org.testng.internal.TestMethodWorker.invokeTestMethods(TestMethodWorker.java:146)
at org.testng.internal.TestMethodWorker.run(TestMethodWorker.java:128)
at java.base/java.util.ArrayList.forEach(ArrayList.java:1511)
at org.testng.TestRunner.privateRun(TestRunner.java:794)
at org.testng.TestRunner.run(TestRunner.java:596)
at org.testng.SuiteRunner.runTest(SuiteRunner.java:377)
at org.testng.SuiteRunner.runSequentially(SuiteRunner.java:371)
at org.testng.SuiteRunner.privateRun(SuiteRunner.java:332)
at org.testng.SuiteRunner.run(SuiteRunner.java:276)
at org.testng.SuiteRunnerWorker.runSuite(SuiteRunnerWorker.java:53)
at org.testng.SuiteRunnerWorker.run(SuiteRunnerWorker.java:96)
at org.testng.TestNG.runSuitesSequentially(TestNG.java:1212)
at org.testng.TestNG.runSuitesLocally(TestNG.java:1134)
at org.testng.TestNG.runSuites(TestNG.java:1063)
at org.testng.TestNG.run(TestNG.java:1031)
at org.testng.remote.AbstractRemoteTestNG.run(AbstractRemoteTestNG.java:115)
at org.testng.remote.RemoteTestNG.initAndRun(RemoteTestNG.java:251)
at org.testng.remote.RemoteTestNG.main(RemoteTestNG.java:77)
]]>
    </failure>
  </testcase> <!-- Testcase_ColumnValidation -->
  <system-out>
    <![CDATA[Executing Snowflake query :: SELECT COLUMN_NAME FROM DEV_ENT_RAW.INFORMATION_SCHEMA.COLUMNS WHERE TABLE_NAME='ST_API_PROJECT'and TABLE_SCHEMA='API_MAT'
Executing Snowflake query :: SELECT COLUMN_NAME FROM CURATED_DATAMART.INFORMATION_SCHEMA.COLUMNS WHERE TABLE_NAME='STR_API_PROJECT'and TABLE_SCHEMA='ST_API_CASTEEL'
Executing Snowflake query :: SELECT COLUMN_NAME FROM DEV_ENT_CURATED.INFORMATION_SCHEMA.COLUMNS WHERE TABLE_NAME='DIM_PROJECT'and TABLE_SCHEMA='MASTER_DIMENSIONS'
Column names for RAW Table --> ST_API_PROJECT :: [ACTIVE, AREITEMSREORDERED, CUSTOMER_ID, NAME, NUMBER, PROJECTSETTINGSTYPE, TECHNICIANSIGNATURE, SUMMARY, MODIFIEDON, ACKNOWLEDGEMENTSIGNATURE, COMPLETEDON, COMPLETIONPERCENT, COSTTOCOMPLETE, CREATEDBY_ID, CREATEDON, IMPORTID, COMPLETEDONACTUAL, ID, CONTRACTESTIMATE_ID, AUTHORIZATIONSIGNATURE, CONTRACTSTARTDATE, STARTEDON, CONTRACTFOR, ISRETAINAGEENABLED, ISPREVAILINGWAGE, LOCATION_ID, PAYMENTTERM_ID, RETAINAGEPERCENT, REVENUERECOGNITIONMETHOD, TENANT_TYPE]
Column names for DataMart Table --> STR_API_PROJECT :: [MD5_VALUE, PAYMENTTERM_ID, RECORD_UPDATE_DATE, NUMBER, CREATEDON, ISRETAINAGEENABLED, RECORD_CREATE_DATE, TENANT_TYPE, COMPLETEDONACTUAL, SUMMARY, ID, MODIFIEDON, STARTEDON, COMPLETIONPERCENT, NAME, CREATEDBY_ID, AREITEMSREORDERED, AUTHORIZATIONSIGNATURE, IMPORTID, ACTIVE, CONTRACTESTIMATE_ID, CONTRACTSTARTDATE, LOCATION_ID, ACKNOWLEDGEMENTSIGNATURE, COMPLETEDON, CUSTOMER_ID, ISPREVAILINGWAGE, ACTIVE_FLAG, MASTER_ID, PROJECTSETTINGSTYPE, RETAINAGEPERCENT, CONTRACTFOR, TECHNICIANSIGNATURE]
Column names for Curated Table --> DIM_PROJECT :: [RECORD_UPDATE_DATE, ACTIVE, AUTHORIZATIONSIGNATURE, COMPLETEDON, RETAINAGEPERCENT, IMPORTID, CONTRACTFOR, CONTRACTSTARTDATE, ID, ISRETAINAGEENABLED, RECORD_CREATE_DATE, RECORD_UPDATED_BY, TENANT_TYPE, PROJECTSETTINGSTYPE, TECHNICIANSIGNATURE, ISPREVAILINGWAGE, MD5_VALUE, NAME, PAYMENTTERM_ID, COMPLETEDONACTUAL, CUSTOMER_ID, NUMBER, AREITEMSREORDERED, CREATEDON, LOCATION_ID, MODIFIEDON, STARTEDON, ACKNOWLEDGEMENTSIGNATURE, COMPLETIONPERCENT, CONTRACTESTIMATE_ID, SUMMARY, CREATEDBY_ID, REVENUERECOGNITIONMETHOD]
Column Name found in Datamart and Curated Table :: ACTIVE
Column Name found in Datamart and Curated Table :: AREITEMSREORDERED
Column Name found in Datamart and Curated Table :: CUSTOMER_ID
Column Name found in Datamart and Curated Table :: NAME
Column Name found in Datamart and Curated Table :: NUMBER
Column Name found in Datamart and Curated Table :: PROJECTSETTINGSTYPE
Column Name found in Datamart and Curated Table :: TECHNICIANSIGNATURE
Column Name found in Datamart and Curated Table :: SUMMARY
Column Name found in Datamart and Curated Table :: MODIFIEDON
Column Name found in Datamart and Curated Table :: ACKNOWLEDGEMENTSIGNATURE
Column Name found in Datamart and Curated Table :: COMPLETEDON
Column Name found in Datamart and Curated Table :: COMPLETIONPERCENT
Column Name not found in Datamart and Curated Table :: COSTTOCOMPLETE
Column Name found in Datamart and Curated Table :: CREATEDBY_ID
Column Name found in Datamart and Curated Table :: CREATEDON
Column Name found in Datamart and Curated Table :: IMPORTID
Column Name found in Datamart and Curated Table :: COMPLETEDONACTUAL
Column Name found in Datamart and Curated Table :: ID
Column Name found in Datamart and Curated Table :: CONTRACTESTIMATE_ID
Column Name found in Datamart and Curated Table :: AUTHORIZATIONSIGNATURE
Column Name found in Datamart and Curated Table :: CONTRACTSTARTDATE
Column Name found in Datamart and Curated Table :: STARTEDON
Column Name found in Datamart and Curated Table :: CONTRACTFOR
Column Name found in Datamart and Curated Table :: ISRETAINAGEENABLED
Column Name found in Datamart and Curated Table :: ISPREVAILINGWAGE
Column Name found in Datamart and Curated Table :: LOCATION_ID
Column Name found in Datamart and Curated Table :: PAYMENTTERM_ID
Column Name found in Datamart and Curated Table :: RETAINAGEPERCENT
Column Name not found in Datamart and Curated Table :: REVENUERECOGNITIONMETHOD
Column Name found in Datamart and Curated Table :: TENANT_TYPE
Datamart tables contains additional column name like [ACTIVE_FLAG, RECORD_CREATE_DATE, RECORD_UPDATE_DATE, MASTER_ID]
Curated tables contains additional column name like [RECORD_CREATE_DATE, RECORD_UPDATE_DATE, RECORD_UPDATED_BY]]]>
  </system-out>
  <testcase classname="testcases.RAW_DATAMART_CURATED.SnowFlake_ColumnValidation_Master" name="Testcase_ColumnValidation" time="2.160">
    <failure message="The following asserts failed:
	null" type="java.lang.AssertionError">
      <![CDATA[java.lang.AssertionError: The following asserts failed:
null
at org.testng.asserts.SoftAssert.assertAll(SoftAssert.java:47)
at org.testng.asserts.SoftAssert.assertAll(SoftAssert.java:31)
at testcases.RAW_DATAMART_CURATED.SnowFlake_ColumnValidation_Master.API_Tables_ColumnName_validation(SnowFlake_ColumnValidation_Master.java:130)
at testcases.RAW_DATAMART_CURATED.SnowFlake_ColumnValidation_Master.Testcase_ColumnValidation(SnowFlake_ColumnValidation_Master.java:243)
at jdk.internal.reflect.GeneratedMethodAccessor12.invoke(Unknown Source)
at java.base/jdk.internal.reflect.DelegatingMethodAccessorImpl.invoke(DelegatingMethodAccessorImpl.java:43)
at java.base/java.lang.reflect.Method.invoke(Method.java:568)
at org.testng.internal.MethodInvocationHelper.invokeMethod(MethodInvocationHelper.java:133)
at org.testng.internal.TestInvoker.invokeMethod(TestInvoker.java:598)
at org.testng.internal.TestInvoker.invokeTestMethod(TestInvoker.java:173)
at org.testng.internal.MethodRunner.runInSequence(MethodRunner.java:46)
at org.testng.internal.TestInvoker$MethodInvocationAgent.invoke(TestInvoker.java:824)
at org.testng.internal.TestInvoker.invokeTestMethods(TestInvoker.java:146)
at org.testng.internal.TestMethodWorker.invokeTestMethods(TestMethodWorker.java:146)
at org.testng.internal.TestMethodWorker.run(TestMethodWorker.java:128)
at java.base/java.util.ArrayList.forEach(ArrayList.java:1511)
at org.testng.TestRunner.privateRun(TestRunner.java:794)
at org.testng.TestRunner.run(TestRunner.java:596)
at org.testng.SuiteRunner.runTest(SuiteRunner.java:377)
at org.testng.SuiteRunner.runSequentially(SuiteRunner.java:371)
at org.testng.SuiteRunner.privateRun(SuiteRunner.java:332)
at org.testng.SuiteRunner.run(SuiteRunner.java:276)
at org.testng.SuiteRunnerWorker.runSuite(SuiteRunnerWorker.java:53)
at org.testng.SuiteRunnerWorker.run(SuiteRunnerWorker.java:96)
at org.testng.TestNG.runSuitesSequentially(TestNG.java:1212)
at org.testng.TestNG.runSuitesLocally(TestNG.java:1134)
at org.testng.TestNG.runSuites(TestNG.java:1063)
at org.testng.TestNG.run(TestNG.java:1031)
at org.testng.remote.AbstractRemoteTestNG.run(AbstractRemoteTestNG.java:115)
at org.testng.remote.RemoteTestNG.initAndRun(RemoteTestNG.java:251)
at org.testng.remote.RemoteTestNG.main(RemoteTestNG.java:77)
]]>
    </failure>
  </testcase> <!-- Testcase_ColumnValidation -->
  <system-out>
    <![CDATA[Executing Snowflake query :: SELECT COLUMN_NAME FROM DEV_ENT_RAW.INFORMATION_SCHEMA.COLUMNS WHERE TABLE_NAME='ST_API_TECHNICIAN'and TABLE_SCHEMA='API_MAT'
Executing Snowflake query :: SELECT COLUMN_NAME FROM CURATED_DATAMART.INFORMATION_SCHEMA.COLUMNS WHERE TABLE_NAME='STR_API_TECHNICIAN'and TABLE_SCHEMA='ST_API_HDAIR'
Executing Snowflake query :: SELECT COLUMN_NAME FROM DEV_ENT_CURATED.INFORMATION_SCHEMA.COLUMNS WHERE TABLE_NAME='DIM_TECHNICIAN'and TABLE_SCHEMA='MASTER_DIMENSIONS'
Column names for RAW Table --> ST_API_TECHNICIAN :: [ADDONCREWSPLITCOMMISSIONRATE, ATLASBUTLERTECHNICIANROLE, FIRSTDRIVERULE, HOME_ISMANUALCOORDINATES, NAVISIONEMPLOYEEID, PAYROLLID, PAYROLLPOSTINGGROUP_ID, SALESFACTOR, SALESFORCECONTACTID, PAYROLLREPORTVERSION, STANDARDWORKTYPECODE_ID, MUHULINK, COMMISSIONRATE, HOME_ISMILITARY, LICENSE, GOALIMAGE, IMPORTID, MOBILEPHONECONFIRMED, PAYTYPE, MANAGER_ID, SHIFTSTART, NAME, ADDONSOLOCOMMISSIONRATE, BIO, BUSINESSUNIT_ID, HOME_CITY, ID, ISMANAGEDTECH, PROJECTLABELS, SCHEDULEDSOLOCOMMISSIONRATE, BIRTHDATE, HOME_COUNTRY, PHOTO, TURNOVERBONUS, USER_ID, WILLIAMSTECHNICIANROLE, ZONE_ID, OVERTIMEPROFILE_ID, CREATEDON, TODAYREVENUE_TECHNICIAN, ACTIVE, DEFAULTPAYROLLADJUSTMENTRATE, ISAUTODISPATCHED, LASTNAME, ISEXTERNAL, SHIFTEND, SCHEDULEDCREWSPLITCOMMISSIONRATE, DAILYGOAL, APPOINTMENT_ID, BURDENRATE, HOME_ZIP, PAYROLLSTARTPERIOD, STATUSUPDATEDON, OVERTIMEWORKTYPECODE_ID, PAYROLLPROFILE_ID, PAYROLLROLE, PAYROLLSTARTDATE, SOLDBYRATE, ISEXCLUDEDFROMPAYROLL, COORDINATESUPDATEDON, EMAIL, EMAILCONFIRMED, HOME_LATITUDE, OVERTIMEPAYROLLCONTROLCODE_ID, PAYPERIOD, STANDARDPAYROLLCONTROLCODE_ID, CHECKEDIN, DEFAULTLABORTYPE_ID, JOBFILTER, PAYFREQUENCY_ID, MOBILEPHONE, OUTBOUNDCALLERID, SCHEDULEDMULTITECHCOMMISSIONRATE, STARTDATE, CURRENTVALUE, DEDUCTCOMMUTETIMEFROMFIRSTDRIVE, FIRSTNAME, MEALTIME, MEMO, PHONECONFIRMED, SHOWJOBAPPOINTMENTRESCHEDULEALERT, DISPATCHNOTIFICATIONS, JOB_ID, LATITUDE, MIDDLENAME, ROUTESTATISTICS_TECHNICIAN, CREATEDBY_ID, PHONE, QBREPID, SMARTDISPATCHSETTINGS_TECHNICIAN, STATUS, UNION, HOME_UNIT, HOURLYRATE, INVENTORYWAREHOUSENAME, INVOICINGHOURLYRATE, TYPE, ADDONMULTITECHCOMMISSIONRATE, COLOR, HOME_STATE, MODIFIEDON, OVERALLSALESFACTOR_TECHNICIAN, POSITION, TEAM, COMMUTETIME, HOME_LONGITUDE, HOME_STREET, LOCATION_TECHNICIAN, OVERTIMEMODE, PROJECTEDVALUE, LONGITUDE, TRUCK_ID, TENANT_TYPE]
Column names for DataMart Table --> STR_API_TECHNICIAN :: [BIRTHDATE, CHECKEDIN, DEFAULTPAYROLLADJUSTMENTRATE, HOME_ISMANUALCOORDINATES, LICENSE, OVERTIMEPAYROLLCONTROLCODE_ID, STANDARDWORKTYPECODE_ID, MIDDLENAME, QBREPID, TODAYREVENUE_TECHNICIAN, ADDONMULTITECHCOMMISSIONRATE, ADDONSOLOCOMMISSIONRATE, EMAIL, LOCATION_TECHNICIAN, PAYFREQUENCY_ID, SHIFTSTART, HOME_COUNTRY, LASTNAME, WILLIAMSTECHNICIANROLE, MASTER_ID, ZONE_ID, MOBILEPHONE, CREATEDON, PROJECTLABELS, CREATEDBY_ID, FLEET_ID, HOME_CITY, HOME_ISMILITARY, HOME_LONGITUDE, NAVISIONEMPLOYEEID, SCHEDULEDMULTITECHCOMMISSIONRATE, SOLDBYRATE, USER_ID, MOBILEPHONECONFIRMED, PHONE, STATUS, HOURLYRATE, ATLASBUTLERTECHNICIANROLE, BURDENRATE, COORDINATESUPDATEDON, MEALTIME, OVERTIMEPROFILE_ID, ISEXTERNAL, MANAGER_ID, OUTBOUNDCALLERID, PAYROLLPROFILE_ID, PAYTYPE, IMPORTID, LONGITUDE, JOB_ID, ACTIVE_FLAG, APPOINTMENT_ID, BIO, COLOR, GOALIMAGE, HOME_STATE, LATITUDE, SALESFACTOR, NAME, ACTIVE, COMMUTETIME, DAILYGOAL, INVOICINGHOURLYRATE, OVERTIMEMODE, DEFAULTLABORTYPE_ID, EMAILCONFIRMED, HOME_ZIP, MUHULINK, PAYROLLSTARTDATE, POSITION, ROUTESTATISTICS_TECHNICIAN, SMARTDISPATCHSETTINGS_TECHNICIAN, TURNOVERBONUS, RECORD_CREATE_DATE, UNION, PAYROLLPOSTINGGROUP_ID, ADDONCREWSPLITCOMMISSIONRATE, BUSINESSUNIT_ID, COMMISSIONRATE, DEDUCTCOMMUTETIMEFROMFIRSTDRIVE, DISPATCHNOTIFICATIONS, FIRSTDRIVERULE, HOME_UNIT, SALESFORCECONTACTID, HOME_STREET, JOBFILTER, OVERALLSALESFACTOR_TECHNICIAN, PAYROLLID, PHONECONFIRMED, RECORD_UPDATE_DATE, TEAM, MEMO, MODIFIEDON, PAYPERIOD, SCHEDULEDCREWSPLITCOMMISSIONRATE, PROJECTEDVALUE, TRUCK_ID, PHOTO, SCHEDULEDSOLOCOMMISSIONRATE, TYPE, CURRENTVALUE, FIRSTNAME, HOME_LATITUDE, INVENTORYWAREHOUSENAME, ISMANAGEDTECH, OVERTIMEWORKTYPECODE_ID, PAYROLLREPORTVERSION, PAYROLLROLE, PAYROLLSTARTPERIOD, SHOWJOBAPPOINTMENTRESCHEDULEALERT, ID, STARTDATE, STATUSUPDATEDON, ISAUTODISPATCHED, TENANT_TYPE, SHIFTEND, STANDARDPAYROLLCONTROLCODE_ID]
Column names for Curated Table --> DIM_TECHNICIAN :: [ADDONCREWSPLITCOMMISSIONRATE, COMMUTETIME, DEFAULTLABORTYPE_ID, EMAILCONFIRMED, FIRSTNAME, FLEET_ID, HOME_COUNTRY, HOME_UNIT, MOBILEPHONE, PHONECONFIRMED, ISEXCLUDEDFROMPAYROLL, OVERALLSALESFACTOR_TECHNICIAN, TURNOVERBONUS, PAYPERIOD, PAYROLLROLE, PAYROLLSTARTDATE, BIRTHDATE, HOME_ISMANUALCOORDINATES, HOME_ISMILITARY, INVENTORYWAREHOUSENAME, JOBFILTER, MEMO, PAYFREQUENCY_ID, POSITION, ID, ISAUTODISPATCHED, LICENSE, TEAM, SCHEDULEDCREWSPLITCOMMISSIONRATE, SALESFACTOR, ADDONSOLOCOMMISSIONRATE, CURRENTVALUE, DAILYGOAL, DEDUCTCOMMUTETIMEFROMFIRSTDRIVE, MANAGER_ID, OVERTIMEPROFILE_ID, SHIFTSTART, SHOWJOBAPPOINTMENTRESCHEDULEALERT, SMARTDISPATCHSETTINGS_TECHNICIAN, GOALIMAGE, MODIFIEDON, PAYROLLID, PAYROLLREPORTVERSION, RECORD_CREATE_DATE, TODAYREVENUE_TECHNICIAN, TYPE, PROJECTLABELS, SCHEDULEDSOLOCOMMISSIONRATE, LONGITUDE, ADDONMULTITECHCOMMISSIONRATE, APPOINTMENT_ID, CHECKEDIN, COLOR, CREATEDON, DISPATCHNOTIFICATIONS, IMPORTID, LASTNAME, MOBILEPHONECONFIRMED, STATUSUPDATEDON, ZONE_ID, HOME_STATE, NAME, NAVISIONEMPLOYEEID, PAYROLLPOSTINGGROUP_ID, PHOTO, MEALTIME, PROJECTEDVALUE, STANDARDPAYROLLCONTROLCODE_ID, OVERTIMEMODE, BURDENRATE, FIRSTDRIVERULE, JOB_ID, PAYROLLPROFILE_ID, QBREPID, ROUTESTATISTICS_TECHNICIAN, STARTDATE, TRUCK_ID, USER_ID, STANDARDWORKTYPECODE_ID, MIDDLENAME, COMMISSIONRATE, CREATEDBY_ID, HOME_LONGITUDE, HOME_ZIP, HOURLYRATE, LATITUDE, SCHEDULEDMULTITECHCOMMISSIONRATE, BUSINESSUNIT_ID, OUTBOUNDCALLERID, RECORD_UPDATED_BY, STATUS, MUHULINK, OVERTIMEPAYROLLCONTROLCODE_ID, UNION, PAYTYPE, INVOICINGHOURLYRATE, RECORD_UPDATE_DATE, COORDINATESUPDATEDON, LOCATION_TECHNICIAN, EMAIL, HOME_CITY, ISEXTERNAL, OVERTIMEWORKTYPECODE_ID, PAYROLLSTARTPERIOD, SHIFTEND, WILLIAMSTECHNICIANROLE, TENANT_TYPE, ACTIVE, ATLASBUTLERTECHNICIANROLE, BIO, DEFAULTPAYROLLADJUSTMENTRATE, HOME_LATITUDE, HOME_STREET, ISMANAGEDTECH, PHONE, SALESFORCECONTACTID, SOLDBYRATE]
Column Name found in Datamart and Curated Table :: ADDONCREWSPLITCOMMISSIONRATE
Column Name found in Datamart and Curated Table :: ATLASBUTLERTECHNICIANROLE
Column Name found in Datamart and Curated Table :: FIRSTDRIVERULE
Column Name found in Datamart and Curated Table :: HOME_ISMANUALCOORDINATES
Column Name found in Datamart and Curated Table :: NAVISIONEMPLOYEEID
Column Name found in Datamart and Curated Table :: PAYROLLID
Column Name found in Datamart and Curated Table :: PAYROLLPOSTINGGROUP_ID
Column Name found in Datamart and Curated Table :: SALESFACTOR
Column Name found in Datamart and Curated Table :: SALESFORCECONTACTID
Column Name found in Datamart and Curated Table :: PAYROLLREPORTVERSION
Column Name found in Datamart and Curated Table :: STANDARDWORKTYPECODE_ID
Column Name found in Datamart and Curated Table :: MUHULINK
Column Name found in Datamart and Curated Table :: COMMISSIONRATE
Column Name found in Datamart and Curated Table :: HOME_ISMILITARY
Column Name found in Datamart and Curated Table :: LICENSE
Column Name found in Datamart and Curated Table :: GOALIMAGE
Column Name found in Datamart and Curated Table :: IMPORTID
Column Name found in Datamart and Curated Table :: MOBILEPHONECONFIRMED
Column Name found in Datamart and Curated Table :: PAYTYPE
Column Name found in Datamart and Curated Table :: MANAGER_ID
Column Name found in Datamart and Curated Table :: SHIFTSTART
Column Name found in Datamart and Curated Table :: NAME
Column Name found in Datamart and Curated Table :: ADDONSOLOCOMMISSIONRATE
Column Name found in Datamart and Curated Table :: BIO
Column Name found in Datamart and Curated Table :: BUSINESSUNIT_ID
Column Name found in Datamart and Curated Table :: HOME_CITY
Column Name found in Datamart and Curated Table :: ID
Column Name found in Datamart and Curated Table :: ISMANAGEDTECH
Column Name found in Datamart and Curated Table :: PROJECTLABELS
Column Name found in Datamart and Curated Table :: SCHEDULEDSOLOCOMMISSIONRATE
Column Name found in Datamart and Curated Table :: BIRTHDATE
Column Name found in Datamart and Curated Table :: HOME_COUNTRY
Column Name found in Datamart and Curated Table :: PHOTO
Column Name found in Datamart and Curated Table :: TURNOVERBONUS
Column Name found in Datamart and Curated Table :: USER_ID
Column Name found in Datamart and Curated Table :: WILLIAMSTECHNICIANROLE
Column Name found in Datamart and Curated Table :: ZONE_ID
Column Name found in Datamart and Curated Table :: OVERTIMEPROFILE_ID
Column Name found in Datamart and Curated Table :: CREATEDON
Column Name found in Datamart and Curated Table :: TODAYREVENUE_TECHNICIAN
Column Name found in Datamart and Curated Table :: ACTIVE
Column Name found in Datamart and Curated Table :: DEFAULTPAYROLLADJUSTMENTRATE
Column Name found in Datamart and Curated Table :: ISAUTODISPATCHED
Column Name found in Datamart and Curated Table :: LASTNAME
Column Name found in Datamart and Curated Table :: ISEXTERNAL
Column Name found in Datamart and Curated Table :: SHIFTEND
Column Name found in Datamart and Curated Table :: SCHEDULEDCREWSPLITCOMMISSIONRATE
Column Name found in Datamart and Curated Table :: DAILYGOAL
Column Name found in Datamart and Curated Table :: APPOINTMENT_ID
Column Name found in Datamart and Curated Table :: BURDENRATE
Column Name found in Datamart and Curated Table :: HOME_ZIP
Column Name found in Datamart and Curated Table :: PAYROLLSTARTPERIOD
Column Name found in Datamart and Curated Table :: STATUSUPDATEDON
Column Name found in Datamart and Curated Table :: OVERTIMEWORKTYPECODE_ID
Column Name found in Datamart and Curated Table :: PAYROLLPROFILE_ID
Column Name found in Datamart and Curated Table :: PAYROLLROLE
Column Name found in Datamart and Curated Table :: PAYROLLSTARTDATE
Column Name found in Datamart and Curated Table :: SOLDBYRATE
Column Name not found in Datamart and Curated Table :: ISEXCLUDEDFROMPAYROLL
Column Name found in Datamart and Curated Table :: COORDINATESUPDATEDON
Column Name found in Datamart and Curated Table :: EMAIL
Column Name found in Datamart and Curated Table :: EMAILCONFIRMED
Column Name found in Datamart and Curated Table :: HOME_LATITUDE
Column Name found in Datamart and Curated Table :: OVERTIMEPAYROLLCONTROLCODE_ID
Column Name found in Datamart and Curated Table :: PAYPERIOD
Column Name found in Datamart and Curated Table :: STANDARDPAYROLLCONTROLCODE_ID
Column Name found in Datamart and Curated Table :: CHECKEDIN
Column Name found in Datamart and Curated Table :: DEFAULTLABORTYPE_ID
Column Name found in Datamart and Curated Table :: JOBFILTER
Column Name found in Datamart and Curated Table :: PAYFREQUENCY_ID
Column Name found in Datamart and Curated Table :: MOBILEPHONE
Column Name found in Datamart and Curated Table :: OUTBOUNDCALLERID
Column Name found in Datamart and Curated Table :: SCHEDULEDMULTITECHCOMMISSIONRATE
Column Name found in Datamart and Curated Table :: STARTDATE
Column Name found in Datamart and Curated Table :: CURRENTVALUE
Column Name found in Datamart and Curated Table :: DEDUCTCOMMUTETIMEFROMFIRSTDRIVE
Column Name found in Datamart and Curated Table :: FIRSTNAME
Column Name found in Datamart and Curated Table :: MEALTIME
Column Name found in Datamart and Curated Table :: MEMO
Column Name found in Datamart and Curated Table :: PHONECONFIRMED
Column Name found in Datamart and Curated Table :: SHOWJOBAPPOINTMENTRESCHEDULEALERT
Column Name found in Datamart and Curated Table :: DISPATCHNOTIFICATIONS
Column Name found in Datamart and Curated Table :: JOB_ID
Column Name found in Datamart and Curated Table :: LATITUDE
Column Name found in Datamart and Curated Table :: MIDDLENAME
Column Name found in Datamart and Curated Table :: ROUTESTATISTICS_TECHNICIAN
Column Name found in Datamart and Curated Table :: CREATEDBY_ID
Column Name found in Datamart and Curated Table :: PHONE
Column Name found in Datamart and Curated Table :: QBREPID
Column Name found in Datamart and Curated Table :: SMARTDISPATCHSETTINGS_TECHNICIAN
Column Name found in Datamart and Curated Table :: STATUS
Column Name found in Datamart and Curated Table :: UNION
Column Name found in Datamart and Curated Table :: HOME_UNIT
Column Name found in Datamart and Curated Table :: HOURLYRATE
Column Name found in Datamart and Curated Table :: INVENTORYWAREHOUSENAME
Column Name found in Datamart and Curated Table :: INVOICINGHOURLYRATE
Column Name found in Datamart and Curated Table :: TYPE
Column Name found in Datamart and Curated Table :: ADDONMULTITECHCOMMISSIONRATE
Column Name found in Datamart and Curated Table :: COLOR
Column Name found in Datamart and Curated Table :: HOME_STATE
Column Name found in Datamart and Curated Table :: MODIFIEDON
Column Name found in Datamart and Curated Table :: OVERALLSALESFACTOR_TECHNICIAN
Column Name found in Datamart and Curated Table :: POSITION
Column Name found in Datamart and Curated Table :: TEAM
Column Name found in Datamart and Curated Table :: COMMUTETIME
Column Name found in Datamart and Curated Table :: HOME_LONGITUDE
Column Name found in Datamart and Curated Table :: HOME_STREET
Column Name found in Datamart and Curated Table :: LOCATION_TECHNICIAN
Column Name found in Datamart and Curated Table :: OVERTIMEMODE
Column Name found in Datamart and Curated Table :: PROJECTEDVALUE
Column Name found in Datamart and Curated Table :: LONGITUDE
Column Name found in Datamart and Curated Table :: TRUCK_ID
Column Name found in Datamart and Curated Table :: TENANT_TYPE
Datamart tables contains additional column name like [ACTIVE_FLAG, RECORD_CREATE_DATE, RECORD_UPDATE_DATE, MASTER_ID]
Curated tables contains additional column name like [RECORD_CREATE_DATE, RECORD_UPDATE_DATE, RECORD_UPDATED_BY]]]>
  </system-out>
  <testcase classname="testcases.RAW_DATAMART_CURATED.SnowFlake_ColumnValidation_Master" name="Testcase_ColumnValidation" time="2.353">
    <failure message="The following asserts failed:
	null,
	null" type="java.lang.AssertionError">
      <![CDATA[java.lang.AssertionError: The following asserts failed:
null,
null
at org.testng.asserts.SoftAssert.assertAll(SoftAssert.java:47)
at org.testng.asserts.SoftAssert.assertAll(SoftAssert.java:31)
at testcases.RAW_DATAMART_CURATED.SnowFlake_ColumnValidation_Master.API_Tables_ColumnName_validation(SnowFlake_ColumnValidation_Master.java:130)
at testcases.RAW_DATAMART_CURATED.SnowFlake_ColumnValidation_Master.Testcase_ColumnValidation(SnowFlake_ColumnValidation_Master.java:243)
at jdk.internal.reflect.GeneratedMethodAccessor12.invoke(Unknown Source)
at java.base/jdk.internal.reflect.DelegatingMethodAccessorImpl.invoke(DelegatingMethodAccessorImpl.java:43)
at java.base/java.lang.reflect.Method.invoke(Method.java:568)
at org.testng.internal.MethodInvocationHelper.invokeMethod(MethodInvocationHelper.java:133)
at org.testng.internal.TestInvoker.invokeMethod(TestInvoker.java:598)
at org.testng.internal.TestInvoker.invokeTestMethod(TestInvoker.java:173)
at org.testng.internal.MethodRunner.runInSequence(MethodRunner.java:46)
at org.testng.internal.TestInvoker$MethodInvocationAgent.invoke(TestInvoker.java:824)
at org.testng.internal.TestInvoker.invokeTestMethods(TestInvoker.java:146)
at org.testng.internal.TestMethodWorker.invokeTestMethods(TestMethodWorker.java:146)
at org.testng.internal.TestMethodWorker.run(TestMethodWorker.java:128)
at java.base/java.util.ArrayList.forEach(ArrayList.java:1511)
at org.testng.TestRunner.privateRun(TestRunner.java:794)
at org.testng.TestRunner.run(TestRunner.java:596)
at org.testng.SuiteRunner.runTest(SuiteRunner.java:377)
at org.testng.SuiteRunner.runSequentially(SuiteRunner.java:371)
at org.testng.SuiteRunner.privateRun(SuiteRunner.java:332)
at org.testng.SuiteRunner.run(SuiteRunner.java:276)
at org.testng.SuiteRunnerWorker.runSuite(SuiteRunnerWorker.java:53)
at org.testng.SuiteRunnerWorker.run(SuiteRunnerWorker.java:96)
at org.testng.TestNG.runSuitesSequentially(TestNG.java:1212)
at org.testng.TestNG.runSuitesLocally(TestNG.java:1134)
at org.testng.TestNG.runSuites(TestNG.java:1063)
at org.testng.TestNG.run(TestNG.java:1031)
at org.testng.remote.AbstractRemoteTestNG.run(AbstractRemoteTestNG.java:115)
at org.testng.remote.RemoteTestNG.initAndRun(RemoteTestNG.java:251)
at org.testng.remote.RemoteTestNG.main(RemoteTestNG.java:77)
]]>
    </failure>
  </testcase> <!-- Testcase_ColumnValidation -->
  <system-out>
    <![CDATA[Executing Snowflake query :: SELECT COLUMN_NAME FROM DEV_ENT_RAW.INFORMATION_SCHEMA.COLUMNS WHERE TABLE_NAME='ST_API_PROJECT'and TABLE_SCHEMA='API_MAT'
Executing Snowflake query :: SELECT COLUMN_NAME FROM CURATED_DATAMART.INFORMATION_SCHEMA.COLUMNS WHERE TABLE_NAME='STR_API_PROJECT'and TABLE_SCHEMA='ST_API_HUTCHINSON'
Executing Snowflake query :: SELECT COLUMN_NAME FROM DEV_ENT_CURATED.INFORMATION_SCHEMA.COLUMNS WHERE TABLE_NAME='DIM_PROJECT'and TABLE_SCHEMA='MASTER_DIMENSIONS'
Column names for RAW Table --> ST_API_PROJECT :: [ACTIVE, AREITEMSREORDERED, CUSTOMER_ID, NAME, NUMBER, PROJECTSETTINGSTYPE, TECHNICIANSIGNATURE, SUMMARY, MODIFIEDON, ACKNOWLEDGEMENTSIGNATURE, COMPLETEDON, COMPLETIONPERCENT, COSTTOCOMPLETE, CREATEDBY_ID, CREATEDON, IMPORTID, COMPLETEDONACTUAL, ID, CONTRACTESTIMATE_ID, AUTHORIZATIONSIGNATURE, CONTRACTSTARTDATE, STARTEDON, CONTRACTFOR, ISRETAINAGEENABLED, ISPREVAILINGWAGE, LOCATION_ID, PAYMENTTERM_ID, RETAINAGEPERCENT, REVENUERECOGNITIONMETHOD, TENANT_TYPE]
Column names for DataMart Table --> STR_API_PROJECT :: [CONTRACTFOR, CREATEDON, NUMBER, COMPLETEDONACTUAL, CREATEDBY_ID, COMPLETIONPERCENT, CONTRACTSTARTDATE, ISPREVAILINGWAGE, PAYMENTTERM_ID, RECORD_UPDATE_DATE, RETAINAGEPERCENT, STARTEDON, ACKNOWLEDGEMENTSIGNATURE, PROJECTSETTINGSTYPE, TECHNICIANSIGNATURE, AUTHORIZATIONSIGNATURE, ISRETAINAGEENABLED, NAME, ACTIVE_FLAG, AREITEMSREORDERED, IMPORTID, MASTER_ID, TENANT_TYPE, ID, ACTIVE, COMPLETEDON, CONTRACTESTIMATE_ID, LOCATION_ID, MD5_VALUE, MODIFIEDON, RECORD_CREATE_DATE, SUMMARY, CUSTOMER_ID]
Column names for Curated Table --> DIM_PROJECT :: [RECORD_UPDATE_DATE, ACTIVE, AUTHORIZATIONSIGNATURE, COMPLETEDON, RETAINAGEPERCENT, IMPORTID, CONTRACTFOR, CONTRACTSTARTDATE, ID, ISRETAINAGEENABLED, RECORD_CREATE_DATE, RECORD_UPDATED_BY, TENANT_TYPE, PROJECTSETTINGSTYPE, TECHNICIANSIGNATURE, ISPREVAILINGWAGE, MD5_VALUE, NAME, PAYMENTTERM_ID, COMPLETEDONACTUAL, CUSTOMER_ID, NUMBER, AREITEMSREORDERED, CREATEDON, LOCATION_ID, MODIFIEDON, STARTEDON, ACKNOWLEDGEMENTSIGNATURE, COMPLETIONPERCENT, CONTRACTESTIMATE_ID, SUMMARY, CREATEDBY_ID, REVENUERECOGNITIONMETHOD]
Column Name found in Datamart and Curated Table :: ACTIVE
Column Name found in Datamart and Curated Table :: AREITEMSREORDERED
Column Name found in Datamart and Curated Table :: CUSTOMER_ID
Column Name found in Datamart and Curated Table :: NAME
Column Name found in Datamart and Curated Table :: NUMBER
Column Name found in Datamart and Curated Table :: PROJECTSETTINGSTYPE
Column Name found in Datamart and Curated Table :: TECHNICIANSIGNATURE
Column Name found in Datamart and Curated Table :: SUMMARY
Column Name found in Datamart and Curated Table :: MODIFIEDON
Column Name found in Datamart and Curated Table :: ACKNOWLEDGEMENTSIGNATURE
Column Name found in Datamart and Curated Table :: COMPLETEDON
Column Name found in Datamart and Curated Table :: COMPLETIONPERCENT
Column Name not found in Datamart and Curated Table :: COSTTOCOMPLETE
Column Name found in Datamart and Curated Table :: CREATEDBY_ID
Column Name found in Datamart and Curated Table :: CREATEDON
Column Name found in Datamart and Curated Table :: IMPORTID
Column Name found in Datamart and Curated Table :: COMPLETEDONACTUAL
Column Name found in Datamart and Curated Table :: ID
Column Name found in Datamart and Curated Table :: CONTRACTESTIMATE_ID
Column Name found in Datamart and Curated Table :: AUTHORIZATIONSIGNATURE
Column Name found in Datamart and Curated Table :: CONTRACTSTARTDATE
Column Name found in Datamart and Curated Table :: STARTEDON
Column Name found in Datamart and Curated Table :: CONTRACTFOR
Column Name found in Datamart and Curated Table :: ISRETAINAGEENABLED
Column Name found in Datamart and Curated Table :: ISPREVAILINGWAGE
Column Name found in Datamart and Curated Table :: LOCATION_ID
Column Name found in Datamart and Curated Table :: PAYMENTTERM_ID
Column Name found in Datamart and Curated Table :: RETAINAGEPERCENT
Column Name not found in Datamart and Curated Table :: REVENUERECOGNITIONMETHOD
Column Name found in Datamart and Curated Table :: TENANT_TYPE
Datamart tables contains additional column name like [ACTIVE_FLAG, RECORD_CREATE_DATE, RECORD_UPDATE_DATE, MASTER_ID]
Curated tables contains additional column name like [RECORD_CREATE_DATE, RECORD_UPDATE_DATE, RECORD_UPDATED_BY]]]>
  </system-out>
  <testcase classname="testcases.RAW_DATAMART_CURATED.SnowFlake_ColumnValidation_Master" name="Testcase_ColumnValidation" time="2.562">
    <failure message="The following asserts failed:
	null" type="java.lang.AssertionError">
      <![CDATA[java.lang.AssertionError: The following asserts failed:
null
at org.testng.asserts.SoftAssert.assertAll(SoftAssert.java:47)
at org.testng.asserts.SoftAssert.assertAll(SoftAssert.java:31)
at testcases.RAW_DATAMART_CURATED.SnowFlake_ColumnValidation_Master.API_Tables_ColumnName_validation(SnowFlake_ColumnValidation_Master.java:130)
at testcases.RAW_DATAMART_CURATED.SnowFlake_ColumnValidation_Master.Testcase_ColumnValidation(SnowFlake_ColumnValidation_Master.java:243)
at jdk.internal.reflect.GeneratedMethodAccessor12.invoke(Unknown Source)
at java.base/jdk.internal.reflect.DelegatingMethodAccessorImpl.invoke(DelegatingMethodAccessorImpl.java:43)
at java.base/java.lang.reflect.Method.invoke(Method.java:568)
at org.testng.internal.MethodInvocationHelper.invokeMethod(MethodInvocationHelper.java:133)
at org.testng.internal.TestInvoker.invokeMethod(TestInvoker.java:598)
at org.testng.internal.TestInvoker.invokeTestMethod(TestInvoker.java:173)
at org.testng.internal.MethodRunner.runInSequence(MethodRunner.java:46)
at org.testng.internal.TestInvoker$MethodInvocationAgent.invoke(TestInvoker.java:824)
at org.testng.internal.TestInvoker.invokeTestMethods(TestInvoker.java:146)
at org.testng.internal.TestMethodWorker.invokeTestMethods(TestMethodWorker.java:146)
at org.testng.internal.TestMethodWorker.run(TestMethodWorker.java:128)
at java.base/java.util.ArrayList.forEach(ArrayList.java:1511)
at org.testng.TestRunner.privateRun(TestRunner.java:794)
at org.testng.TestRunner.run(TestRunner.java:596)
at org.testng.SuiteRunner.runTest(SuiteRunner.java:377)
at org.testng.SuiteRunner.runSequentially(SuiteRunner.java:371)
at org.testng.SuiteRunner.privateRun(SuiteRunner.java:332)
at org.testng.SuiteRunner.run(SuiteRunner.java:276)
at org.testng.SuiteRunnerWorker.runSuite(SuiteRunnerWorker.java:53)
at org.testng.SuiteRunnerWorker.run(SuiteRunnerWorker.java:96)
at org.testng.TestNG.runSuitesSequentially(TestNG.java:1212)
at org.testng.TestNG.runSuitesLocally(TestNG.java:1134)
at org.testng.TestNG.runSuites(TestNG.java:1063)
at org.testng.TestNG.run(TestNG.java:1031)
at org.testng.remote.AbstractRemoteTestNG.run(AbstractRemoteTestNG.java:115)
at org.testng.remote.RemoteTestNG.initAndRun(RemoteTestNG.java:251)
at org.testng.remote.RemoteTestNG.main(RemoteTestNG.java:77)
]]>
    </failure>
  </testcase> <!-- Testcase_ColumnValidation -->
  <system-out>
    <![CDATA[Executing Snowflake query :: SELECT COLUMN_NAME FROM DEV_ENT_RAW.INFORMATION_SCHEMA.COLUMNS WHERE TABLE_NAME='ST_API_TECHNICIAN'and TABLE_SCHEMA='API_MAT'
Executing Snowflake query :: SELECT COLUMN_NAME FROM CURATED_DATAMART.INFORMATION_SCHEMA.COLUMNS WHERE TABLE_NAME='STR_API_TECHNICIAN'and TABLE_SCHEMA='ST_API_HORIZONSERVICES'
Executing Snowflake query :: SELECT COLUMN_NAME FROM DEV_ENT_CURATED.INFORMATION_SCHEMA.COLUMNS WHERE TABLE_NAME='DIM_TECHNICIAN'and TABLE_SCHEMA='MASTER_DIMENSIONS'
Column names for RAW Table --> ST_API_TECHNICIAN :: [ADDONCREWSPLITCOMMISSIONRATE, ATLASBUTLERTECHNICIANROLE, FIRSTDRIVERULE, HOME_ISMANUALCOORDINATES, NAVISIONEMPLOYEEID, PAYROLLID, PAYROLLPOSTINGGROUP_ID, SALESFACTOR, SALESFORCECONTACTID, PAYROLLREPORTVERSION, STANDARDWORKTYPECODE_ID, MUHULINK, COMMISSIONRATE, HOME_ISMILITARY, LICENSE, GOALIMAGE, IMPORTID, MOBILEPHONECONFIRMED, PAYTYPE, MANAGER_ID, SHIFTSTART, NAME, ADDONSOLOCOMMISSIONRATE, BIO, BUSINESSUNIT_ID, HOME_CITY, ID, ISMANAGEDTECH, PROJECTLABELS, SCHEDULEDSOLOCOMMISSIONRATE, BIRTHDATE, HOME_COUNTRY, PHOTO, TURNOVERBONUS, USER_ID, WILLIAMSTECHNICIANROLE, ZONE_ID, OVERTIMEPROFILE_ID, CREATEDON, TODAYREVENUE_TECHNICIAN, ACTIVE, DEFAULTPAYROLLADJUSTMENTRATE, ISAUTODISPATCHED, LASTNAME, ISEXTERNAL, SHIFTEND, SCHEDULEDCREWSPLITCOMMISSIONRATE, DAILYGOAL, APPOINTMENT_ID, BURDENRATE, HOME_ZIP, PAYROLLSTARTPERIOD, STATUSUPDATEDON, OVERTIMEWORKTYPECODE_ID, PAYROLLPROFILE_ID, PAYROLLROLE, PAYROLLSTARTDATE, SOLDBYRATE, ISEXCLUDEDFROMPAYROLL, COORDINATESUPDATEDON, EMAIL, EMAILCONFIRMED, HOME_LATITUDE, OVERTIMEPAYROLLCONTROLCODE_ID, PAYPERIOD, STANDARDPAYROLLCONTROLCODE_ID, CHECKEDIN, DEFAULTLABORTYPE_ID, JOBFILTER, PAYFREQUENCY_ID, MOBILEPHONE, OUTBOUNDCALLERID, SCHEDULEDMULTITECHCOMMISSIONRATE, STARTDATE, CURRENTVALUE, DEDUCTCOMMUTETIMEFROMFIRSTDRIVE, FIRSTNAME, MEALTIME, MEMO, PHONECONFIRMED, SHOWJOBAPPOINTMENTRESCHEDULEALERT, DISPATCHNOTIFICATIONS, JOB_ID, LATITUDE, MIDDLENAME, ROUTESTATISTICS_TECHNICIAN, CREATEDBY_ID, PHONE, QBREPID, SMARTDISPATCHSETTINGS_TECHNICIAN, STATUS, UNION, HOME_UNIT, HOURLYRATE, INVENTORYWAREHOUSENAME, INVOICINGHOURLYRATE, TYPE, ADDONMULTITECHCOMMISSIONRATE, COLOR, HOME_STATE, MODIFIEDON, OVERALLSALESFACTOR_TECHNICIAN, POSITION, TEAM, COMMUTETIME, HOME_LONGITUDE, HOME_STREET, LOCATION_TECHNICIAN, OVERTIMEMODE, PROJECTEDVALUE, LONGITUDE, TRUCK_ID, TENANT_TYPE]
Column names for DataMart Table --> STR_API_TECHNICIAN :: [ACTIVE, CREATEDBY_ID, HOME_LATITUDE, COLOR, COMMUTETIME, EMAIL, FLEET_ID, LATITUDE, UNION, USER_ID, GOALIMAGE, STATUSUPDATEDON, SCHEDULEDSOLOCOMMISSIONRATE, TENANT_TYPE, MODIFIEDON, STARTDATE, BURDENRATE, BUSINESSUNIT_ID, LOCATION_TECHNICIAN, RECORD_CREATE_DATE, HOME_UNIT, ID, PHONECONFIRMED, SHIFTEND, WILLIAMSTECHNICIANROLE, PAYTYPE, ADDONCREWSPLITCOMMISSIONRATE, DEDUCTCOMMUTETIMEFROMFIRSTDRIVE, DEFAULTPAYROLLADJUSTMENTRATE, FIRSTNAME, LICENSE, SALESFACTOR, ZONE_ID, CURRENTVALUE, DAILYGOAL, FIRSTDRIVERULE, ISMANAGEDTECH, PAYROLLPOSTINGGROUP_ID, POSITION, MOBILEPHONE, PAYROLLPROFILE_ID, SALESFORCECONTACTID, STANDARDWORKTYPECODE_ID, STATUS, HOME_ISMILITARY, APPOINTMENT_ID, BIO, EMAILCONFIRMED, HOME_CITY, HOME_ISMANUALCOORDINATES, HOURLYRATE, ISAUTODISPATCHED, MANAGER_ID, OVERTIMEMODE, OVERTIMEPAYROLLCONTROLCODE_ID, PAYROLLID, HOME_ZIP, LASTNAME, MIDDLENAME, MOBILEPHONECONFIRMED, OVERALLSALESFACTOR_TECHNICIAN, PROJECTEDVALUE, SCHEDULEDMULTITECHCOMMISSIONRATE, SHOWJOBAPPOINTMENTRESCHEDULEALERT, SMARTDISPATCHSETTINGS_TECHNICIAN, TODAYREVENUE_TECHNICIAN, PAYFREQUENCY_ID, LONGITUDE, SHIFTSTART, TYPE, ACTIVE_FLAG, ADDONMULTITECHCOMMISSIONRATE, COMMISSIONRATE, CREATEDON, JOBFILTER, SCHEDULEDCREWSPLITCOMMISSIONRATE, INVOICINGHOURLYRATE, QBREPID, STANDARDPAYROLLCONTROLCODE_ID, TRUCK_ID, HOME_LONGITUDE, OVERTIMEPROFILE_ID, DISPATCHNOTIFICATIONS, JOB_ID, DEFAULTLABORTYPE_ID, HOME_STREET, ISEXTERNAL, PROJECTLABELS, HOME_COUNTRY, MASTER_ID, MEALTIME, MEMO, PAYROLLREPORTVERSION, PAYROLLSTARTDATE, PAYROLLSTARTPERIOD, PHOTO, SOLDBYRATE, NAVISIONEMPLOYEEID, ADDONSOLOCOMMISSIONRATE, BIRTHDATE, INVENTORYWAREHOUSENAME, MUHULINK, OUTBOUNDCALLERID, PAYROLLROLE, IMPORTID, TURNOVERBONUS, ROUTESTATISTICS_TECHNICIAN, ATLASBUTLERTECHNICIANROLE, CHECKEDIN, COORDINATESUPDATEDON, NAME, TEAM, HOME_STATE, OVERTIMEWORKTYPECODE_ID, PAYPERIOD, RECORD_UPDATE_DATE, PHONE]
Column names for Curated Table --> DIM_TECHNICIAN :: [ADDONCREWSPLITCOMMISSIONRATE, COMMUTETIME, DEFAULTLABORTYPE_ID, EMAILCONFIRMED, FIRSTNAME, FLEET_ID, HOME_COUNTRY, HOME_UNIT, MOBILEPHONE, PHONECONFIRMED, ISEXCLUDEDFROMPAYROLL, OVERALLSALESFACTOR_TECHNICIAN, TURNOVERBONUS, PAYPERIOD, PAYROLLROLE, PAYROLLSTARTDATE, BIRTHDATE, HOME_ISMANUALCOORDINATES, HOME_ISMILITARY, INVENTORYWAREHOUSENAME, JOBFILTER, MEMO, PAYFREQUENCY_ID, POSITION, ID, ISAUTODISPATCHED, LICENSE, TEAM, SCHEDULEDCREWSPLITCOMMISSIONRATE, SALESFACTOR, ADDONSOLOCOMMISSIONRATE, CURRENTVALUE, DAILYGOAL, DEDUCTCOMMUTETIMEFROMFIRSTDRIVE, MANAGER_ID, OVERTIMEPROFILE_ID, SHIFTSTART, SHOWJOBAPPOINTMENTRESCHEDULEALERT, SMARTDISPATCHSETTINGS_TECHNICIAN, GOALIMAGE, MODIFIEDON, PAYROLLID, PAYROLLREPORTVERSION, RECORD_CREATE_DATE, TODAYREVENUE_TECHNICIAN, TYPE, PROJECTLABELS, SCHEDULEDSOLOCOMMISSIONRATE, LONGITUDE, ADDONMULTITECHCOMMISSIONRATE, APPOINTMENT_ID, CHECKEDIN, COLOR, CREATEDON, DISPATCHNOTIFICATIONS, IMPORTID, LASTNAME, MOBILEPHONECONFIRMED, STATUSUPDATEDON, ZONE_ID, HOME_STATE, NAME, NAVISIONEMPLOYEEID, PAYROLLPOSTINGGROUP_ID, PHOTO, MEALTIME, PROJECTEDVALUE, STANDARDPAYROLLCONTROLCODE_ID, OVERTIMEMODE, BURDENRATE, FIRSTDRIVERULE, JOB_ID, PAYROLLPROFILE_ID, QBREPID, ROUTESTATISTICS_TECHNICIAN, STARTDATE, TRUCK_ID, USER_ID, STANDARDWORKTYPECODE_ID, MIDDLENAME, COMMISSIONRATE, CREATEDBY_ID, HOME_LONGITUDE, HOME_ZIP, HOURLYRATE, LATITUDE, SCHEDULEDMULTITECHCOMMISSIONRATE, BUSINESSUNIT_ID, OUTBOUNDCALLERID, RECORD_UPDATED_BY, STATUS, MUHULINK, OVERTIMEPAYROLLCONTROLCODE_ID, UNION, PAYTYPE, INVOICINGHOURLYRATE, RECORD_UPDATE_DATE, COORDINATESUPDATEDON, LOCATION_TECHNICIAN, EMAIL, HOME_CITY, ISEXTERNAL, OVERTIMEWORKTYPECODE_ID, PAYROLLSTARTPERIOD, SHIFTEND, WILLIAMSTECHNICIANROLE, TENANT_TYPE, ACTIVE, ATLASBUTLERTECHNICIANROLE, BIO, DEFAULTPAYROLLADJUSTMENTRATE, HOME_LATITUDE, HOME_STREET, ISMANAGEDTECH, PHONE, SALESFORCECONTACTID, SOLDBYRATE]
Column Name found in Datamart and Curated Table :: ADDONCREWSPLITCOMMISSIONRATE
Column Name found in Datamart and Curated Table :: ATLASBUTLERTECHNICIANROLE
Column Name found in Datamart and Curated Table :: FIRSTDRIVERULE
Column Name found in Datamart and Curated Table :: HOME_ISMANUALCOORDINATES
Column Name found in Datamart and Curated Table :: NAVISIONEMPLOYEEID
Column Name found in Datamart and Curated Table :: PAYROLLID
Column Name found in Datamart and Curated Table :: PAYROLLPOSTINGGROUP_ID
Column Name found in Datamart and Curated Table :: SALESFACTOR
Column Name found in Datamart and Curated Table :: SALESFORCECONTACTID
Column Name found in Datamart and Curated Table :: PAYROLLREPORTVERSION
Column Name found in Datamart and Curated Table :: STANDARDWORKTYPECODE_ID
Column Name found in Datamart and Curated Table :: MUHULINK
Column Name found in Datamart and Curated Table :: COMMISSIONRATE
Column Name found in Datamart and Curated Table :: HOME_ISMILITARY
Column Name found in Datamart and Curated Table :: LICENSE
Column Name found in Datamart and Curated Table :: GOALIMAGE
Column Name found in Datamart and Curated Table :: IMPORTID
Column Name found in Datamart and Curated Table :: MOBILEPHONECONFIRMED
Column Name found in Datamart and Curated Table :: PAYTYPE
Column Name found in Datamart and Curated Table :: MANAGER_ID
Column Name found in Datamart and Curated Table :: SHIFTSTART
Column Name found in Datamart and Curated Table :: NAME
Column Name found in Datamart and Curated Table :: ADDONSOLOCOMMISSIONRATE
Column Name found in Datamart and Curated Table :: BIO
Column Name found in Datamart and Curated Table :: BUSINESSUNIT_ID
Column Name found in Datamart and Curated Table :: HOME_CITY
Column Name found in Datamart and Curated Table :: ID
Column Name found in Datamart and Curated Table :: ISMANAGEDTECH
Column Name found in Datamart and Curated Table :: PROJECTLABELS
Column Name found in Datamart and Curated Table :: SCHEDULEDSOLOCOMMISSIONRATE
Column Name found in Datamart and Curated Table :: BIRTHDATE
Column Name found in Datamart and Curated Table :: HOME_COUNTRY
Column Name found in Datamart and Curated Table :: PHOTO
Column Name found in Datamart and Curated Table :: TURNOVERBONUS
Column Name found in Datamart and Curated Table :: USER_ID
Column Name found in Datamart and Curated Table :: WILLIAMSTECHNICIANROLE
Column Name found in Datamart and Curated Table :: ZONE_ID
Column Name found in Datamart and Curated Table :: OVERTIMEPROFILE_ID
Column Name found in Datamart and Curated Table :: CREATEDON
Column Name found in Datamart and Curated Table :: TODAYREVENUE_TECHNICIAN
Column Name found in Datamart and Curated Table :: ACTIVE
Column Name found in Datamart and Curated Table :: DEFAULTPAYROLLADJUSTMENTRATE
Column Name found in Datamart and Curated Table :: ISAUTODISPATCHED
Column Name found in Datamart and Curated Table :: LASTNAME
Column Name found in Datamart and Curated Table :: ISEXTERNAL
Column Name found in Datamart and Curated Table :: SHIFTEND
Column Name found in Datamart and Curated Table :: SCHEDULEDCREWSPLITCOMMISSIONRATE
Column Name found in Datamart and Curated Table :: DAILYGOAL
Column Name found in Datamart and Curated Table :: APPOINTMENT_ID
Column Name found in Datamart and Curated Table :: BURDENRATE
Column Name found in Datamart and Curated Table :: HOME_ZIP
Column Name found in Datamart and Curated Table :: PAYROLLSTARTPERIOD
Column Name found in Datamart and Curated Table :: STATUSUPDATEDON
Column Name found in Datamart and Curated Table :: OVERTIMEWORKTYPECODE_ID
Column Name found in Datamart and Curated Table :: PAYROLLPROFILE_ID
Column Name found in Datamart and Curated Table :: PAYROLLROLE
Column Name found in Datamart and Curated Table :: PAYROLLSTARTDATE
Column Name found in Datamart and Curated Table :: SOLDBYRATE
Column Name not found in Datamart and Curated Table :: ISEXCLUDEDFROMPAYROLL
Column Name found in Datamart and Curated Table :: COORDINATESUPDATEDON
Column Name found in Datamart and Curated Table :: EMAIL
Column Name found in Datamart and Curated Table :: EMAILCONFIRMED
Column Name found in Datamart and Curated Table :: HOME_LATITUDE
Column Name found in Datamart and Curated Table :: OVERTIMEPAYROLLCONTROLCODE_ID
Column Name found in Datamart and Curated Table :: PAYPERIOD
Column Name found in Datamart and Curated Table :: STANDARDPAYROLLCONTROLCODE_ID
Column Name found in Datamart and Curated Table :: CHECKEDIN
Column Name found in Datamart and Curated Table :: DEFAULTLABORTYPE_ID
Column Name found in Datamart and Curated Table :: JOBFILTER
Column Name found in Datamart and Curated Table :: PAYFREQUENCY_ID
Column Name found in Datamart and Curated Table :: MOBILEPHONE
Column Name found in Datamart and Curated Table :: OUTBOUNDCALLERID
Column Name found in Datamart and Curated Table :: SCHEDULEDMULTITECHCOMMISSIONRATE
Column Name found in Datamart and Curated Table :: STARTDATE
Column Name found in Datamart and Curated Table :: CURRENTVALUE
Column Name found in Datamart and Curated Table :: DEDUCTCOMMUTETIMEFROMFIRSTDRIVE
Column Name found in Datamart and Curated Table :: FIRSTNAME
Column Name found in Datamart and Curated Table :: MEALTIME
Column Name found in Datamart and Curated Table :: MEMO
Column Name found in Datamart and Curated Table :: PHONECONFIRMED
Column Name found in Datamart and Curated Table :: SHOWJOBAPPOINTMENTRESCHEDULEALERT
Column Name found in Datamart and Curated Table :: DISPATCHNOTIFICATIONS
Column Name found in Datamart and Curated Table :: JOB_ID
Column Name found in Datamart and Curated Table :: LATITUDE
Column Name found in Datamart and Curated Table :: MIDDLENAME
Column Name found in Datamart and Curated Table :: ROUTESTATISTICS_TECHNICIAN
Column Name found in Datamart and Curated Table :: CREATEDBY_ID
Column Name found in Datamart and Curated Table :: PHONE
Column Name found in Datamart and Curated Table :: QBREPID
Column Name found in Datamart and Curated Table :: SMARTDISPATCHSETTINGS_TECHNICIAN
Column Name found in Datamart and Curated Table :: STATUS
Column Name found in Datamart and Curated Table :: UNION
Column Name found in Datamart and Curated Table :: HOME_UNIT
Column Name found in Datamart and Curated Table :: HOURLYRATE
Column Name found in Datamart and Curated Table :: INVENTORYWAREHOUSENAME
Column Name found in Datamart and Curated Table :: INVOICINGHOURLYRATE
Column Name found in Datamart and Curated Table :: TYPE
Column Name found in Datamart and Curated Table :: ADDONMULTITECHCOMMISSIONRATE
Column Name found in Datamart and Curated Table :: COLOR
Column Name found in Datamart and Curated Table :: HOME_STATE
Column Name found in Datamart and Curated Table :: MODIFIEDON
Column Name found in Datamart and Curated Table :: OVERALLSALESFACTOR_TECHNICIAN
Column Name found in Datamart and Curated Table :: POSITION
Column Name found in Datamart and Curated Table :: TEAM
Column Name found in Datamart and Curated Table :: COMMUTETIME
Column Name found in Datamart and Curated Table :: HOME_LONGITUDE
Column Name found in Datamart and Curated Table :: HOME_STREET
Column Name found in Datamart and Curated Table :: LOCATION_TECHNICIAN
Column Name found in Datamart and Curated Table :: OVERTIMEMODE
Column Name found in Datamart and Curated Table :: PROJECTEDVALUE
Column Name found in Datamart and Curated Table :: LONGITUDE
Column Name found in Datamart and Curated Table :: TRUCK_ID
Column Name found in Datamart and Curated Table :: TENANT_TYPE
Datamart tables contains additional column name like [ACTIVE_FLAG, RECORD_CREATE_DATE, RECORD_UPDATE_DATE, MASTER_ID]
Curated tables contains additional column name like [RECORD_CREATE_DATE, RECORD_UPDATE_DATE, RECORD_UPDATED_BY]]]>
  </system-out>
  <testcase classname="testcases.RAW_DATAMART_CURATED.SnowFlake_ColumnValidation_Master" name="Testcase_ColumnValidation" time="2.247">
    <failure message="The following asserts failed:
	null,
	null" type="java.lang.AssertionError">
      <![CDATA[java.lang.AssertionError: The following asserts failed:
null,
null
at org.testng.asserts.SoftAssert.assertAll(SoftAssert.java:47)
at org.testng.asserts.SoftAssert.assertAll(SoftAssert.java:31)
at testcases.RAW_DATAMART_CURATED.SnowFlake_ColumnValidation_Master.API_Tables_ColumnName_validation(SnowFlake_ColumnValidation_Master.java:130)
at testcases.RAW_DATAMART_CURATED.SnowFlake_ColumnValidation_Master.Testcase_ColumnValidation(SnowFlake_ColumnValidation_Master.java:243)
at jdk.internal.reflect.GeneratedMethodAccessor12.invoke(Unknown Source)
at java.base/jdk.internal.reflect.DelegatingMethodAccessorImpl.invoke(DelegatingMethodAccessorImpl.java:43)
at java.base/java.lang.reflect.Method.invoke(Method.java:568)
at org.testng.internal.MethodInvocationHelper.invokeMethod(MethodInvocationHelper.java:133)
at org.testng.internal.TestInvoker.invokeMethod(TestInvoker.java:598)
at org.testng.internal.TestInvoker.invokeTestMethod(TestInvoker.java:173)
at org.testng.internal.MethodRunner.runInSequence(MethodRunner.java:46)
at org.testng.internal.TestInvoker$MethodInvocationAgent.invoke(TestInvoker.java:824)
at org.testng.internal.TestInvoker.invokeTestMethods(TestInvoker.java:146)
at org.testng.internal.TestMethodWorker.invokeTestMethods(TestMethodWorker.java:146)
at org.testng.internal.TestMethodWorker.run(TestMethodWorker.java:128)
at java.base/java.util.ArrayList.forEach(ArrayList.java:1511)
at org.testng.TestRunner.privateRun(TestRunner.java:794)
at org.testng.TestRunner.run(TestRunner.java:596)
at org.testng.SuiteRunner.runTest(SuiteRunner.java:377)
at org.testng.SuiteRunner.runSequentially(SuiteRunner.java:371)
at org.testng.SuiteRunner.privateRun(SuiteRunner.java:332)
at org.testng.SuiteRunner.run(SuiteRunner.java:276)
at org.testng.SuiteRunnerWorker.runSuite(SuiteRunnerWorker.java:53)
at org.testng.SuiteRunnerWorker.run(SuiteRunnerWorker.java:96)
at org.testng.TestNG.runSuitesSequentially(TestNG.java:1212)
at org.testng.TestNG.runSuitesLocally(TestNG.java:1134)
at org.testng.TestNG.runSuites(TestNG.java:1063)
at org.testng.TestNG.run(TestNG.java:1031)
at org.testng.remote.AbstractRemoteTestNG.run(AbstractRemoteTestNG.java:115)
at org.testng.remote.RemoteTestNG.initAndRun(RemoteTestNG.java:251)
at org.testng.remote.RemoteTestNG.main(RemoteTestNG.java:77)
]]>
    </failure>
  </testcase> <!-- Testcase_ColumnValidation -->
  <system-out>
    <![CDATA[Executing Snowflake query :: SELECT COLUMN_NAME FROM DEV_ENT_RAW.INFORMATION_SCHEMA.COLUMNS WHERE TABLE_NAME='ST_API_PROJECT'and TABLE_SCHEMA='API_MAT'
Executing Snowflake query :: SELECT COLUMN_NAME FROM CURATED_DATAMART.INFORMATION_SCHEMA.COLUMNS WHERE TABLE_NAME='STR_API_PROJECT'and TABLE_SCHEMA='ST_API_HENDERSON'
Executing Snowflake query :: SELECT COLUMN_NAME FROM DEV_ENT_CURATED.INFORMATION_SCHEMA.COLUMNS WHERE TABLE_NAME='DIM_PROJECT'and TABLE_SCHEMA='MASTER_DIMENSIONS'
Column names for RAW Table --> ST_API_PROJECT :: [ACTIVE, AREITEMSREORDERED, CUSTOMER_ID, NAME, NUMBER, PROJECTSETTINGSTYPE, TECHNICIANSIGNATURE, SUMMARY, MODIFIEDON, ACKNOWLEDGEMENTSIGNATURE, COMPLETEDON, COMPLETIONPERCENT, COSTTOCOMPLETE, CREATEDBY_ID, CREATEDON, IMPORTID, COMPLETEDONACTUAL, ID, CONTRACTESTIMATE_ID, AUTHORIZATIONSIGNATURE, CONTRACTSTARTDATE, STARTEDON, CONTRACTFOR, ISRETAINAGEENABLED, ISPREVAILINGWAGE, LOCATION_ID, PAYMENTTERM_ID, RETAINAGEPERCENT, REVENUERECOGNITIONMETHOD, TENANT_TYPE]
Column names for DataMart Table --> STR_API_PROJECT :: [AREITEMSREORDERED, COMPLETIONPERCENT, CONTRACTFOR, CONTRACTSTARTDATE, RECORD_UPDATE_DATE, NAME, CREATEDBY_ID, NUMBER, COMPLETEDONACTUAL, IMPORTID, MD5_VALUE, PROJECTSETTINGSTYPE, ISRETAINAGEENABLED, MODIFIEDON, ACKNOWLEDGEMENTSIGNATURE, AUTHORIZATIONSIGNATURE, TENANT_TYPE, ACTIVE, ACTIVE_FLAG, CREATEDON, RETAINAGEPERCENT, LOCATION_ID, STARTEDON, SUMMARY, CUSTOMER_ID, MASTER_ID, PAYMENTTERM_ID, COMPLETEDON, ISPREVAILINGWAGE, RECORD_CREATE_DATE, TECHNICIANSIGNATURE, CONTRACTESTIMATE_ID, ID]
Column names for Curated Table --> DIM_PROJECT :: [RECORD_UPDATE_DATE, ACTIVE, AUTHORIZATIONSIGNATURE, COMPLETEDON, RETAINAGEPERCENT, IMPORTID, CONTRACTFOR, CONTRACTSTARTDATE, ID, ISRETAINAGEENABLED, RECORD_CREATE_DATE, RECORD_UPDATED_BY, TENANT_TYPE, PROJECTSETTINGSTYPE, TECHNICIANSIGNATURE, ISPREVAILINGWAGE, MD5_VALUE, NAME, PAYMENTTERM_ID, COMPLETEDONACTUAL, CUSTOMER_ID, NUMBER, AREITEMSREORDERED, CREATEDON, LOCATION_ID, MODIFIEDON, STARTEDON, ACKNOWLEDGEMENTSIGNATURE, COMPLETIONPERCENT, CONTRACTESTIMATE_ID, SUMMARY, CREATEDBY_ID, REVENUERECOGNITIONMETHOD]
Column Name found in Datamart and Curated Table :: ACTIVE
Column Name found in Datamart and Curated Table :: AREITEMSREORDERED
Column Name found in Datamart and Curated Table :: CUSTOMER_ID
Column Name found in Datamart and Curated Table :: NAME
Column Name found in Datamart and Curated Table :: NUMBER
Column Name found in Datamart and Curated Table :: PROJECTSETTINGSTYPE
Column Name found in Datamart and Curated Table :: TECHNICIANSIGNATURE
Column Name found in Datamart and Curated Table :: SUMMARY
Column Name found in Datamart and Curated Table :: MODIFIEDON
Column Name found in Datamart and Curated Table :: ACKNOWLEDGEMENTSIGNATURE
Column Name found in Datamart and Curated Table :: COMPLETEDON
Column Name found in Datamart and Curated Table :: COMPLETIONPERCENT
Column Name not found in Datamart and Curated Table :: COSTTOCOMPLETE
Column Name found in Datamart and Curated Table :: CREATEDBY_ID
Column Name found in Datamart and Curated Table :: CREATEDON
Column Name found in Datamart and Curated Table :: IMPORTID
Column Name found in Datamart and Curated Table :: COMPLETEDONACTUAL
Column Name found in Datamart and Curated Table :: ID
Column Name found in Datamart and Curated Table :: CONTRACTESTIMATE_ID
Column Name found in Datamart and Curated Table :: AUTHORIZATIONSIGNATURE
Column Name found in Datamart and Curated Table :: CONTRACTSTARTDATE
Column Name found in Datamart and Curated Table :: STARTEDON
Column Name found in Datamart and Curated Table :: CONTRACTFOR
Column Name found in Datamart and Curated Table :: ISRETAINAGEENABLED
Column Name found in Datamart and Curated Table :: ISPREVAILINGWAGE
Column Name found in Datamart and Curated Table :: LOCATION_ID
Column Name found in Datamart and Curated Table :: PAYMENTTERM_ID
Column Name found in Datamart and Curated Table :: RETAINAGEPERCENT
Column Name not found in Datamart and Curated Table :: REVENUERECOGNITIONMETHOD
Column Name found in Datamart and Curated Table :: TENANT_TYPE
Datamart tables contains additional column name like [ACTIVE_FLAG, RECORD_CREATE_DATE, RECORD_UPDATE_DATE, MASTER_ID]
Curated tables contains additional column name like [RECORD_CREATE_DATE, RECORD_UPDATE_DATE, RECORD_UPDATED_BY]]]>
  </system-out>
  <testcase classname="testcases.RAW_DATAMART_CURATED.SnowFlake_ColumnValidation_Master" name="Testcase_ColumnValidation" time="2.550">
    <failure message="The following asserts failed:
	null" type="java.lang.AssertionError">
      <![CDATA[java.lang.AssertionError: The following asserts failed:
null
at org.testng.asserts.SoftAssert.assertAll(SoftAssert.java:47)
at org.testng.asserts.SoftAssert.assertAll(SoftAssert.java:31)
at testcases.RAW_DATAMART_CURATED.SnowFlake_ColumnValidation_Master.BKP_Tables_ColumnName_validation(SnowFlake_ColumnValidation_Master.java:231)
at testcases.RAW_DATAMART_CURATED.SnowFlake_ColumnValidation_Master.Testcase_ColumnValidation(SnowFlake_ColumnValidation_Master.java:240)
at java.base/jdk.internal.reflect.NativeMethodAccessorImpl.invoke0(Native Method)
at java.base/jdk.internal.reflect.NativeMethodAccessorImpl.invoke(NativeMethodAccessorImpl.java:77)
at java.base/jdk.internal.reflect.DelegatingMethodAccessorImpl.invoke(DelegatingMethodAccessorImpl.java:43)
at java.base/java.lang.reflect.Method.invoke(Method.java:568)
at org.testng.internal.MethodInvocationHelper.invokeMethod(MethodInvocationHelper.java:133)
at org.testng.internal.TestInvoker.invokeMethod(TestInvoker.java:598)
at org.testng.internal.TestInvoker.invokeTestMethod(TestInvoker.java:173)
at org.testng.internal.MethodRunner.runInSequence(MethodRunner.java:46)
at org.testng.internal.TestInvoker$MethodInvocationAgent.invoke(TestInvoker.java:824)
at org.testng.internal.TestInvoker.invokeTestMethods(TestInvoker.java:146)
at org.testng.internal.TestMethodWorker.invokeTestMethods(TestMethodWorker.java:146)
at org.testng.internal.TestMethodWorker.run(TestMethodWorker.java:128)
at java.base/java.util.ArrayList.forEach(ArrayList.java:1511)
at org.testng.TestRunner.privateRun(TestRunner.java:794)
at org.testng.TestRunner.run(TestRunner.java:596)
at org.testng.SuiteRunner.runTest(SuiteRunner.java:377)
at org.testng.SuiteRunner.runSequentially(SuiteRunner.java:371)
at org.testng.SuiteRunner.privateRun(SuiteRunner.java:332)
at org.testng.SuiteRunner.run(SuiteRunner.java:276)
at org.testng.SuiteRunnerWorker.runSuite(SuiteRunnerWorker.java:53)
at org.testng.SuiteRunnerWorker.run(SuiteRunnerWorker.java:96)
at org.testng.TestNG.runSuitesSequentially(TestNG.java:1212)
at org.testng.TestNG.runSuitesLocally(TestNG.java:1134)
at org.testng.TestNG.runSuites(TestNG.java:1063)
at org.testng.TestNG.run(TestNG.java:1031)
at org.testng.remote.AbstractRemoteTestNG.run(AbstractRemoteTestNG.java:115)
at org.testng.remote.RemoteTestNG.initAndRun(RemoteTestNG.java:251)
at org.testng.remote.RemoteTestNG.main(RemoteTestNG.java:77)
]]>
    </failure>
  </testcase> <!-- Testcase_ColumnValidation -->
  <system-out>
    <![CDATA[Executing Snowflake query :: SELECT COLUMN_NAME FROM DEV_ENT_RAW.INFORMATION_SCHEMA.COLUMNS WHERE TABLE_NAME='TECHNICIANPAYROLLADJUSTMENT'and TABLE_SCHEMA='ST_CASTEEL_MATILLION'
Executing Snowflake query :: SELECT COLUMN_NAME FROM CURATED_DATAMART.INFORMATION_SCHEMA.COLUMNS WHERE TABLE_NAME='STR_TECHNICIANPAYROLLADJUSTMENT'and TABLE_SCHEMA='ST_BKP_CASTEEL'
Executing Snowflake query :: SELECT COLUMN_NAME FROM DEV_ENT_CURATED.INFORMATION_SCHEMA.COLUMNS WHERE TABLE_NAME='DIM_TECHNICIANPAYROLLADJUSTMENT'and TABLE_SCHEMA='MASTER_DIMENSIONS'
Column names for RAW Table --> TECHNICIANPAYROLLADJUSTMENT :: [AMOUNT, CODE_PAYROLLCODE, HOURS, ID, JOBLOCATION_ID, JOBLOCATIONZIP, MEMO, PAYROLLADJUSTMENT_ID, PROJECTNUMBER, ZONE_ID, PERSISTENCETYPE, INVOICENUMBER, CUSTOMER_ID, INVOICE_ID, JOB_ID, JOBNUMBER, BUSINESSUNITNAME, IMPORTID, POSTEDON, CREATEDBY_ID, CREATEDON, CUSTOMERNAME, ISOTCHARGE, PAYROLL_ID, QUANTITY, TYPE, ZONENAME, TAXZONE_ID, BUSINESSUNIT_ID, JOBLOCATIONADDRESS, JOBLOCATIONNAME, ACTIVE, PAYROLLCODE_CODE, RATE, TECHNICIAN_ID, REPLACESBONUSAMOUNT, CODE_ORIGINALCODE, PAYROLLCODE_NAME, PAYROLLCODE_ORIGINALCODE, PROJECT_ID, TAXZONENAME, CODE_NAME, ISPREVAILINGWAGEJOB]
Column names for DataMart Table --> STR_TECHNICIANPAYROLLADJUSTMENT :: [CODE_ORIGINALCODE, JOBLOCATIONADDRESS, TENANT_TYPE, CREATEDON, PERSISTENCETYPE, POSTEDON, ZONE_ID, BUSINESSUNITNAME, INVOICE_ID, JOBLOCATIONNAME, PAYROLLCODE_CODE, PROJECTNUMBER, RECORD_CREATE_DATE, TAXZONE_ID, ID, CODE_NAME, CREATEDBY_ID, PAYROLLCODE_NAME, RECORD_UPDATE_DATE, TYPE, CUSTOMERNAME, ISPREVAILINGWAGEJOB, CODE_PAYROLLCODE, IMPORTID, JOB_ID, MEMO, PAYROLLCODE_ORIGINALCODE, REPLACESBONUSAMOUNT, PROJECT_ID, JOBNUMBER, ACTIVE, ACTIVE_FLAG, BUSINESSUNIT_ID, HOURS, RATE, TAXZONENAME, PAYROLL_ID, CUSTOMER_ID, INVOICENUMBER, ISOTCHARGE, JOBLOCATION_ID, QUANTITY, TECHNICIAN_ID, ZONENAME, PAYROLLADJUSTMENT_ID, AMOUNT, JOBLOCATIONZIP, MASTER_ID]
Column names for Curated Table --> DIM_TECHNICIANPAYROLLADJUSTMENT :: [BUSINESSUNIT_ID, CREATEDON, CUSTOMER_ID, ISOTCHARGE, ISPREVAILINGWAGEJOB, JOBLOCATION_ID, TYPE, PAYROLLCODE_CODE, BUSINESSUNITNAME, INVOICENUMBER, PROJECTNUMBER, TECHNICIAN_ID, PAYROLLCODE_ORIGINALCODE, AMOUNT, HOURS, JOBNUMBER, QUANTITY, TENANT_TYPE, INVOICE_ID, JOBLOCATIONZIP, JOB_ID, JOBLOCATIONNAME, PERSISTENCETYPE, CODE_ORIGINALCODE, PAYROLL_ID, CODE_NAME, ZONE_ID, RECORD_UPDATE_DATE, CODE_PAYROLLCODE, CREATEDBY_ID, POSTEDON, PAYROLLADJUSTMENT_ID, ID, PROJECT_ID, TAXZONE_ID, ACTIVE, CUSTOMERNAME, PAYROLLCODE_NAME, RECORD_CREATE_DATE, REPLACESBONUSAMOUNT, TAXZONENAME, IMPORTID, JOBLOCATIONADDRESS, MEMO, RATE, ZONENAME]
Column Name found in Datamart and Curated Table :: AMOUNT
Column Name found in Datamart and Curated Table :: CODE_PAYROLLCODE
Column Name found in Datamart and Curated Table :: HOURS
Column Name found in Datamart and Curated Table :: ID
Column Name found in Datamart and Curated Table :: JOBLOCATION_ID
Column Name found in Datamart and Curated Table :: JOBLOCATIONZIP
Column Name found in Datamart and Curated Table :: MEMO
Column Name found in Datamart and Curated Table :: PAYROLLADJUSTMENT_ID
Column Name found in Datamart and Curated Table :: PROJECTNUMBER
Column Name found in Datamart and Curated Table :: ZONE_ID
Column Name found in Datamart and Curated Table :: PERSISTENCETYPE
Column Name found in Datamart and Curated Table :: INVOICENUMBER
Column Name found in Datamart and Curated Table :: CUSTOMER_ID
Column Name found in Datamart and Curated Table :: INVOICE_ID
Column Name found in Datamart and Curated Table :: JOB_ID
Column Name found in Datamart and Curated Table :: JOBNUMBER
Column Name found in Datamart and Curated Table :: BUSINESSUNITNAME
Column Name found in Datamart and Curated Table :: IMPORTID
Column Name found in Datamart and Curated Table :: POSTEDON
Column Name found in Datamart and Curated Table :: CREATEDBY_ID
Column Name found in Datamart and Curated Table :: CREATEDON
Column Name found in Datamart and Curated Table :: CUSTOMERNAME
Column Name found in Datamart and Curated Table :: ISOTCHARGE
Column Name found in Datamart and Curated Table :: PAYROLL_ID
Column Name found in Datamart and Curated Table :: QUANTITY
Column Name found in Datamart and Curated Table :: TYPE
Column Name found in Datamart and Curated Table :: ZONENAME
Column Name found in Datamart and Curated Table :: TAXZONE_ID
Column Name found in Datamart and Curated Table :: BUSINESSUNIT_ID
Column Name found in Datamart and Curated Table :: JOBLOCATIONADDRESS
Column Name found in Datamart and Curated Table :: JOBLOCATIONNAME
Column Name found in Datamart and Curated Table :: ACTIVE
Column Name found in Datamart and Curated Table :: PAYROLLCODE_CODE
Column Name found in Datamart and Curated Table :: RATE
Column Name found in Datamart and Curated Table :: TECHNICIAN_ID
Column Name found in Datamart and Curated Table :: REPLACESBONUSAMOUNT
Column Name found in Datamart and Curated Table :: CODE_ORIGINALCODE
Column Name found in Datamart and Curated Table :: PAYROLLCODE_NAME
Column Name found in Datamart and Curated Table :: PAYROLLCODE_ORIGINALCODE
Column Name found in Datamart and Curated Table :: PROJECT_ID
Column Name found in Datamart and Curated Table :: TAXZONENAME
Column Name found in Datamart and Curated Table :: CODE_NAME
Column Name found in Datamart and Curated Table :: ISPREVAILINGWAGEJOB
Datamart tables contains additional column name like [ACTIVE_FLAG, RECORD_CREATE_DATE, RECORD_UPDATE_DATE, RECORD_UPDATE_DATE, MASTER_ID, TENANT_TYPE]
Curated tables not contains additional column name like [RECORD_CREATE_DATE, RECORD_UPDATE_DATE, RECORD_UPDATED_BY, TENANT_TYPE]]]>
  </system-out>
  <testcase classname="testcases.RAW_DATAMART_CURATED.SnowFlake_ColumnValidation_Master" name="Testcase_ColumnValidation" time="2.353">
    <failure message="The following asserts failed:
	null" type="java.lang.AssertionError">
      <![CDATA[java.lang.AssertionError: The following asserts failed:
null
at org.testng.asserts.SoftAssert.assertAll(SoftAssert.java:47)
at org.testng.asserts.SoftAssert.assertAll(SoftAssert.java:31)
at testcases.RAW_DATAMART_CURATED.SnowFlake_ColumnValidation_Master.BKP_Tables_ColumnName_validation(SnowFlake_ColumnValidation_Master.java:231)
at testcases.RAW_DATAMART_CURATED.SnowFlake_ColumnValidation_Master.Testcase_ColumnValidation(SnowFlake_ColumnValidation_Master.java:240)
at jdk.internal.reflect.GeneratedMethodAccessor12.invoke(Unknown Source)
at java.base/jdk.internal.reflect.DelegatingMethodAccessorImpl.invoke(DelegatingMethodAccessorImpl.java:43)
at java.base/java.lang.reflect.Method.invoke(Method.java:568)
at org.testng.internal.MethodInvocationHelper.invokeMethod(MethodInvocationHelper.java:133)
at org.testng.internal.TestInvoker.invokeMethod(TestInvoker.java:598)
at org.testng.internal.TestInvoker.invokeTestMethod(TestInvoker.java:173)
at org.testng.internal.MethodRunner.runInSequence(MethodRunner.java:46)
at org.testng.internal.TestInvoker$MethodInvocationAgent.invoke(TestInvoker.java:824)
at org.testng.internal.TestInvoker.invokeTestMethods(TestInvoker.java:146)
at org.testng.internal.TestMethodWorker.invokeTestMethods(TestMethodWorker.java:146)
at org.testng.internal.TestMethodWorker.run(TestMethodWorker.java:128)
at java.base/java.util.ArrayList.forEach(ArrayList.java:1511)
at org.testng.TestRunner.privateRun(TestRunner.java:794)
at org.testng.TestRunner.run(TestRunner.java:596)
at org.testng.SuiteRunner.runTest(SuiteRunner.java:377)
at org.testng.SuiteRunner.runSequentially(SuiteRunner.java:371)
at org.testng.SuiteRunner.privateRun(SuiteRunner.java:332)
at org.testng.SuiteRunner.run(SuiteRunner.java:276)
at org.testng.SuiteRunnerWorker.runSuite(SuiteRunnerWorker.java:53)
at org.testng.SuiteRunnerWorker.run(SuiteRunnerWorker.java:96)
at org.testng.TestNG.runSuitesSequentially(TestNG.java:1212)
at org.testng.TestNG.runSuitesLocally(TestNG.java:1134)
at org.testng.TestNG.runSuites(TestNG.java:1063)
at org.testng.TestNG.run(TestNG.java:1031)
at org.testng.remote.AbstractRemoteTestNG.run(AbstractRemoteTestNG.java:115)
at org.testng.remote.RemoteTestNG.initAndRun(RemoteTestNG.java:251)
at org.testng.remote.RemoteTestNG.main(RemoteTestNG.java:77)
]]>
    </failure>
  </testcase> <!-- Testcase_ColumnValidation -->
  <system-out>
    <![CDATA[Executing Snowflake query :: SELECT COLUMN_NAME FROM DEV_ENT_RAW.INFORMATION_SCHEMA.COLUMNS WHERE TABLE_NAME='TECHNICIANATTACHEDPROPERTY'and TABLE_SCHEMA='ST_MAITZ_MATILLION'
Executing Snowflake query :: SELECT COLUMN_NAME FROM CURATED_DATAMART.INFORMATION_SCHEMA.COLUMNS WHERE TABLE_NAME='STR_TECHNICIANATTACHEDPROPERTY'and TABLE_SCHEMA='ST_BKP_MAITZ'
Executing Snowflake query :: SELECT COLUMN_NAME FROM DEV_ENT_CURATED.INFORMATION_SCHEMA.COLUMNS WHERE TABLE_NAME='DIM_TECHNICIANATTACHEDPROPERTY'and TABLE_SCHEMA='MASTER_DIMENSIONS'
Column names for RAW Table --> TECHNICIANATTACHEDPROPERTY :: [OWNER_ID, NAME, VALUE]
Column names for DataMart Table --> STR_TECHNICIANATTACHEDPROPERTY :: [ACTIVE_FLAG, NAME, RECORD_CREATE_DATE, TENANT_TYPE, MASTER_ID, OWNER_ID, VALUE, RECORD_UPDATE_DATE]
Column names for Curated Table --> DIM_TECHNICIANATTACHEDPROPERTY :: [OWNER_ID, RECORD_CREATE_DATE, NAME, RECORD_UPDATE_DATE, TENANT_TYPE, VALUE]
Column Name found in Datamart and Curated Table :: OWNER_ID
Column Name found in Datamart and Curated Table :: NAME
Column Name found in Datamart and Curated Table :: VALUE
Datamart tables contains additional column name like [ACTIVE_FLAG, RECORD_CREATE_DATE, RECORD_UPDATE_DATE, RECORD_UPDATE_DATE, MASTER_ID, TENANT_TYPE]
Curated tables not contains additional column name like [RECORD_CREATE_DATE, RECORD_UPDATE_DATE, RECORD_UPDATED_BY, TENANT_TYPE]]]>
  </system-out>
  <testcase classname="testcases.RAW_DATAMART_CURATED.SnowFlake_ColumnValidation_Master" name="Testcase_ColumnValidation" time="2.498">
    <failure message="The following asserts failed:
	null,
	null" type="java.lang.AssertionError">
      <![CDATA[java.lang.AssertionError: The following asserts failed:
null,
null
at org.testng.asserts.SoftAssert.assertAll(SoftAssert.java:47)
at org.testng.asserts.SoftAssert.assertAll(SoftAssert.java:31)
at testcases.RAW_DATAMART_CURATED.SnowFlake_ColumnValidation_Master.API_Tables_ColumnName_validation(SnowFlake_ColumnValidation_Master.java:130)
at testcases.RAW_DATAMART_CURATED.SnowFlake_ColumnValidation_Master.Testcase_ColumnValidation(SnowFlake_ColumnValidation_Master.java:243)
at jdk.internal.reflect.GeneratedMethodAccessor12.invoke(Unknown Source)
at java.base/jdk.internal.reflect.DelegatingMethodAccessorImpl.invoke(DelegatingMethodAccessorImpl.java:43)
at java.base/java.lang.reflect.Method.invoke(Method.java:568)
at org.testng.internal.MethodInvocationHelper.invokeMethod(MethodInvocationHelper.java:133)
at org.testng.internal.TestInvoker.invokeMethod(TestInvoker.java:598)
at org.testng.internal.TestInvoker.invokeTestMethod(TestInvoker.java:173)
at org.testng.internal.MethodRunner.runInSequence(MethodRunner.java:46)
at org.testng.internal.TestInvoker$MethodInvocationAgent.invoke(TestInvoker.java:824)
at org.testng.internal.TestInvoker.invokeTestMethods(TestInvoker.java:146)
at org.testng.internal.TestMethodWorker.invokeTestMethods(TestMethodWorker.java:146)
at org.testng.internal.TestMethodWorker.run(TestMethodWorker.java:128)
at java.base/java.util.ArrayList.forEach(ArrayList.java:1511)
at org.testng.TestRunner.privateRun(TestRunner.java:794)
at org.testng.TestRunner.run(TestRunner.java:596)
at org.testng.SuiteRunner.runTest(SuiteRunner.java:377)
at org.testng.SuiteRunner.runSequentially(SuiteRunner.java:371)
at org.testng.SuiteRunner.privateRun(SuiteRunner.java:332)
at org.testng.SuiteRunner.run(SuiteRunner.java:276)
at org.testng.SuiteRunnerWorker.runSuite(SuiteRunnerWorker.java:53)
at org.testng.SuiteRunnerWorker.run(SuiteRunnerWorker.java:96)
at org.testng.TestNG.runSuitesSequentially(TestNG.java:1212)
at org.testng.TestNG.runSuitesLocally(TestNG.java:1134)
at org.testng.TestNG.runSuites(TestNG.java:1063)
at org.testng.TestNG.run(TestNG.java:1031)
at org.testng.remote.AbstractRemoteTestNG.run(AbstractRemoteTestNG.java:115)
at org.testng.remote.RemoteTestNG.initAndRun(RemoteTestNG.java:251)
at org.testng.remote.RemoteTestNG.main(RemoteTestNG.java:77)
]]>
    </failure>
  </testcase> <!-- Testcase_ColumnValidation -->
  <system-out>
    <![CDATA[Executing Snowflake query :: SELECT COLUMN_NAME FROM DEV_ENT_RAW.INFORMATION_SCHEMA.COLUMNS WHERE TABLE_NAME='ST_API_PROJECT'and TABLE_SCHEMA='API_MAT'
Executing Snowflake query :: SELECT COLUMN_NAME FROM CURATED_DATAMART.INFORMATION_SCHEMA.COLUMNS WHERE TABLE_NAME='STR_API_PROJECT'and TABLE_SCHEMA='ST_API_SNELLHEATINGAIR'
Executing Snowflake query :: SELECT COLUMN_NAME FROM DEV_ENT_CURATED.INFORMATION_SCHEMA.COLUMNS WHERE TABLE_NAME='DIM_PROJECT'and TABLE_SCHEMA='MASTER_DIMENSIONS'
Column names for RAW Table --> ST_API_PROJECT :: [ACTIVE, AREITEMSREORDERED, CUSTOMER_ID, NAME, NUMBER, PROJECTSETTINGSTYPE, TECHNICIANSIGNATURE, SUMMARY, MODIFIEDON, ACKNOWLEDGEMENTSIGNATURE, COMPLETEDON, COMPLETIONPERCENT, COSTTOCOMPLETE, CREATEDBY_ID, CREATEDON, IMPORTID, COMPLETEDONACTUAL, ID, CONTRACTESTIMATE_ID, AUTHORIZATIONSIGNATURE, CONTRACTSTARTDATE, STARTEDON, CONTRACTFOR, ISRETAINAGEENABLED, ISPREVAILINGWAGE, LOCATION_ID, PAYMENTTERM_ID, RETAINAGEPERCENT, REVENUERECOGNITIONMETHOD, TENANT_TYPE]
Column names for DataMart Table --> STR_API_PROJECT :: [ACTIVE, CONTRACTESTIMATE_ID, TENANT_TYPE, CUSTOMER_ID, SUMMARY, ISPREVAILINGWAGE, PROJECTSETTINGSTYPE, CONTRACTFOR, CONTRACTSTARTDATE, TECHNICIANSIGNATURE, MODIFIEDON, NUMBER, RETAINAGEPERCENT, MASTER_ID, COMPLETEDON, ISRETAINAGEENABLED, LOCATION_ID, STARTEDON, CREATEDON, COMPLETEDONACTUAL, ID, ACTIVE_FLAG, NAME, ACKNOWLEDGEMENTSIGNATURE, AREITEMSREORDERED, CREATEDBY_ID, MD5_VALUE, PAYMENTTERM_ID, RECORD_UPDATE_DATE, IMPORTID, RECORD_CREATE_DATE, AUTHORIZATIONSIGNATURE, COMPLETIONPERCENT]
Column names for Curated Table --> DIM_PROJECT :: [RECORD_UPDATE_DATE, ACTIVE, AUTHORIZATIONSIGNATURE, COMPLETEDON, RETAINAGEPERCENT, IMPORTID, CONTRACTFOR, CONTRACTSTARTDATE, ID, ISRETAINAGEENABLED, RECORD_CREATE_DATE, RECORD_UPDATED_BY, TENANT_TYPE, PROJECTSETTINGSTYPE, TECHNICIANSIGNATURE, ISPREVAILINGWAGE, MD5_VALUE, NAME, PAYMENTTERM_ID, COMPLETEDONACTUAL, CUSTOMER_ID, NUMBER, AREITEMSREORDERED, CREATEDON, LOCATION_ID, MODIFIEDON, STARTEDON, ACKNOWLEDGEMENTSIGNATURE, COMPLETIONPERCENT, CONTRACTESTIMATE_ID, SUMMARY, CREATEDBY_ID, REVENUERECOGNITIONMETHOD]
Column Name found in Datamart and Curated Table :: ACTIVE
Column Name found in Datamart and Curated Table :: AREITEMSREORDERED
Column Name found in Datamart and Curated Table :: CUSTOMER_ID
Column Name found in Datamart and Curated Table :: NAME
Column Name found in Datamart and Curated Table :: NUMBER
Column Name found in Datamart and Curated Table :: PROJECTSETTINGSTYPE
Column Name found in Datamart and Curated Table :: TECHNICIANSIGNATURE
Column Name found in Datamart and Curated Table :: SUMMARY
Column Name found in Datamart and Curated Table :: MODIFIEDON
Column Name found in Datamart and Curated Table :: ACKNOWLEDGEMENTSIGNATURE
Column Name found in Datamart and Curated Table :: COMPLETEDON
Column Name found in Datamart and Curated Table :: COMPLETIONPERCENT
Column Name not found in Datamart and Curated Table :: COSTTOCOMPLETE
Column Name found in Datamart and Curated Table :: CREATEDBY_ID
Column Name found in Datamart and Curated Table :: CREATEDON
Column Name found in Datamart and Curated Table :: IMPORTID
Column Name found in Datamart and Curated Table :: COMPLETEDONACTUAL
Column Name found in Datamart and Curated Table :: ID
Column Name found in Datamart and Curated Table :: CONTRACTESTIMATE_ID
Column Name found in Datamart and Curated Table :: AUTHORIZATIONSIGNATURE
Column Name found in Datamart and Curated Table :: CONTRACTSTARTDATE
Column Name found in Datamart and Curated Table :: STARTEDON
Column Name found in Datamart and Curated Table :: CONTRACTFOR
Column Name found in Datamart and Curated Table :: ISRETAINAGEENABLED
Column Name found in Datamart and Curated Table :: ISPREVAILINGWAGE
Column Name found in Datamart and Curated Table :: LOCATION_ID
Column Name found in Datamart and Curated Table :: PAYMENTTERM_ID
Column Name found in Datamart and Curated Table :: RETAINAGEPERCENT
Column Name not found in Datamart and Curated Table :: REVENUERECOGNITIONMETHOD
Column Name found in Datamart and Curated Table :: TENANT_TYPE
Datamart tables contains additional column name like [ACTIVE_FLAG, RECORD_CREATE_DATE, RECORD_UPDATE_DATE, MASTER_ID]
Curated tables contains additional column name like [RECORD_CREATE_DATE, RECORD_UPDATE_DATE, RECORD_UPDATED_BY]]]>
  </system-out>
  <testcase classname="testcases.RAW_DATAMART_CURATED.SnowFlake_ColumnValidation_Master" name="Testcase_ColumnValidation" time="2.558">
    <failure message="The following asserts failed:
	null" type="java.lang.AssertionError">
      <![CDATA[java.lang.AssertionError: The following asserts failed:
null
at org.testng.asserts.SoftAssert.assertAll(SoftAssert.java:47)
at org.testng.asserts.SoftAssert.assertAll(SoftAssert.java:31)
at testcases.RAW_DATAMART_CURATED.SnowFlake_ColumnValidation_Master.API_Tables_ColumnName_validation(SnowFlake_ColumnValidation_Master.java:130)
at testcases.RAW_DATAMART_CURATED.SnowFlake_ColumnValidation_Master.Testcase_ColumnValidation(SnowFlake_ColumnValidation_Master.java:243)
at jdk.internal.reflect.GeneratedMethodAccessor12.invoke(Unknown Source)
at java.base/jdk.internal.reflect.DelegatingMethodAccessorImpl.invoke(DelegatingMethodAccessorImpl.java:43)
at java.base/java.lang.reflect.Method.invoke(Method.java:568)
at org.testng.internal.MethodInvocationHelper.invokeMethod(MethodInvocationHelper.java:133)
at org.testng.internal.TestInvoker.invokeMethod(TestInvoker.java:598)
at org.testng.internal.TestInvoker.invokeTestMethod(TestInvoker.java:173)
at org.testng.internal.MethodRunner.runInSequence(MethodRunner.java:46)
at org.testng.internal.TestInvoker$MethodInvocationAgent.invoke(TestInvoker.java:824)
at org.testng.internal.TestInvoker.invokeTestMethods(TestInvoker.java:146)
at org.testng.internal.TestMethodWorker.invokeTestMethods(TestMethodWorker.java:146)
at org.testng.internal.TestMethodWorker.run(TestMethodWorker.java:128)
at java.base/java.util.ArrayList.forEach(ArrayList.java:1511)
at org.testng.TestRunner.privateRun(TestRunner.java:794)
at org.testng.TestRunner.run(TestRunner.java:596)
at org.testng.SuiteRunner.runTest(SuiteRunner.java:377)
at org.testng.SuiteRunner.runSequentially(SuiteRunner.java:371)
at org.testng.SuiteRunner.privateRun(SuiteRunner.java:332)
at org.testng.SuiteRunner.run(SuiteRunner.java:276)
at org.testng.SuiteRunnerWorker.runSuite(SuiteRunnerWorker.java:53)
at org.testng.SuiteRunnerWorker.run(SuiteRunnerWorker.java:96)
at org.testng.TestNG.runSuitesSequentially(TestNG.java:1212)
at org.testng.TestNG.runSuitesLocally(TestNG.java:1134)
at org.testng.TestNG.runSuites(TestNG.java:1063)
at org.testng.TestNG.run(TestNG.java:1031)
at org.testng.remote.AbstractRemoteTestNG.run(AbstractRemoteTestNG.java:115)
at org.testng.remote.RemoteTestNG.initAndRun(RemoteTestNG.java:251)
at org.testng.remote.RemoteTestNG.main(RemoteTestNG.java:77)
]]>
    </failure>
  </testcase> <!-- Testcase_ColumnValidation -->
  <system-out>
    <![CDATA[Executing Snowflake query :: SELECT COLUMN_NAME FROM DEV_ENT_RAW.INFORMATION_SCHEMA.COLUMNS WHERE TABLE_NAME='ST_API_TECHNICIAN'and TABLE_SCHEMA='API_MAT'
Executing Snowflake query :: SELECT COLUMN_NAME FROM CURATED_DATAMART.INFORMATION_SCHEMA.COLUMNS WHERE TABLE_NAME='STR_API_TECHNICIAN'and TABLE_SCHEMA='ST_API_MAITZ'
Executing Snowflake query :: SELECT COLUMN_NAME FROM DEV_ENT_CURATED.INFORMATION_SCHEMA.COLUMNS WHERE TABLE_NAME='DIM_TECHNICIAN'and TABLE_SCHEMA='MASTER_DIMENSIONS'
Column names for RAW Table --> ST_API_TECHNICIAN :: [ADDONCREWSPLITCOMMISSIONRATE, ATLASBUTLERTECHNICIANROLE, FIRSTDRIVERULE, HOME_ISMANUALCOORDINATES, NAVISIONEMPLOYEEID, PAYROLLID, PAYROLLPOSTINGGROUP_ID, SALESFACTOR, SALESFORCECONTACTID, PAYROLLREPORTVERSION, STANDARDWORKTYPECODE_ID, MUHULINK, COMMISSIONRATE, HOME_ISMILITARY, LICENSE, GOALIMAGE, IMPORTID, MOBILEPHONECONFIRMED, PAYTYPE, MANAGER_ID, SHIFTSTART, NAME, ADDONSOLOCOMMISSIONRATE, BIO, BUSINESSUNIT_ID, HOME_CITY, ID, ISMANAGEDTECH, PROJECTLABELS, SCHEDULEDSOLOCOMMISSIONRATE, BIRTHDATE, HOME_COUNTRY, PHOTO, TURNOVERBONUS, USER_ID, WILLIAMSTECHNICIANROLE, ZONE_ID, OVERTIMEPROFILE_ID, CREATEDON, TODAYREVENUE_TECHNICIAN, ACTIVE, DEFAULTPAYROLLADJUSTMENTRATE, ISAUTODISPATCHED, LASTNAME, ISEXTERNAL, SHIFTEND, SCHEDULEDCREWSPLITCOMMISSIONRATE, DAILYGOAL, APPOINTMENT_ID, BURDENRATE, HOME_ZIP, PAYROLLSTARTPERIOD, STATUSUPDATEDON, OVERTIMEWORKTYPECODE_ID, PAYROLLPROFILE_ID, PAYROLLROLE, PAYROLLSTARTDATE, SOLDBYRATE, ISEXCLUDEDFROMPAYROLL, COORDINATESUPDATEDON, EMAIL, EMAILCONFIRMED, HOME_LATITUDE, OVERTIMEPAYROLLCONTROLCODE_ID, PAYPERIOD, STANDARDPAYROLLCONTROLCODE_ID, CHECKEDIN, DEFAULTLABORTYPE_ID, JOBFILTER, PAYFREQUENCY_ID, MOBILEPHONE, OUTBOUNDCALLERID, SCHEDULEDMULTITECHCOMMISSIONRATE, STARTDATE, CURRENTVALUE, DEDUCTCOMMUTETIMEFROMFIRSTDRIVE, FIRSTNAME, MEALTIME, MEMO, PHONECONFIRMED, SHOWJOBAPPOINTMENTRESCHEDULEALERT, DISPATCHNOTIFICATIONS, JOB_ID, LATITUDE, MIDDLENAME, ROUTESTATISTICS_TECHNICIAN, CREATEDBY_ID, PHONE, QBREPID, SMARTDISPATCHSETTINGS_TECHNICIAN, STATUS, UNION, HOME_UNIT, HOURLYRATE, INVENTORYWAREHOUSENAME, INVOICINGHOURLYRATE, TYPE, ADDONMULTITECHCOMMISSIONRATE, COLOR, HOME_STATE, MODIFIEDON, OVERALLSALESFACTOR_TECHNICIAN, POSITION, TEAM, COMMUTETIME, HOME_LONGITUDE, HOME_STREET, LOCATION_TECHNICIAN, OVERTIMEMODE, PROJECTEDVALUE, LONGITUDE, TRUCK_ID, TENANT_TYPE]
Column names for DataMart Table --> STR_API_TECHNICIAN :: [BUSINESSUNIT_ID, HOME_STREET, PHONECONFIRMED, COMMISSIONRATE, MANAGER_ID, PAYROLLSTARTPERIOD, PROJECTLABELS, QBREPID, ISMANAGEDTECH, PHONE, ADDONCREWSPLITCOMMISSIONRATE, BIRTHDATE, EMAILCONFIRMED, IMPORTID, NAME, SOLDBYRATE, DEDUCTCOMMUTETIMEFROMFIRSTDRIVE, HOME_ISMANUALCOORDINATES, PAYTYPE, SHIFTEND, PAYROLLREPORTVERSION, TRUCK_ID, WILLIAMSTECHNICIANROLE, ADDONSOLOCOMMISSIONRATE, GOALIMAGE, HOME_COUNTRY, HOME_ISMILITARY, INVENTORYWAREHOUSENAME, STANDARDPAYROLLCONTROLCODE_ID, CREATEDON, JOB_ID, MASTER_ID, MODIFIEDON, SHOWJOBAPPOINTMENTRESCHEDULEALERT, PAYROLLPROFILE_ID, TENANT_TYPE, ZONE_ID, TURNOVERBONUS, APPOINTMENT_ID, CREATEDBY_ID, DEFAULTPAYROLLADJUSTMENTRATE, LATITUDE, MIDDLENAME, NAVISIONEMPLOYEEID, PAYROLLPOSTINGGROUP_ID, SCHEDULEDMULTITECHCOMMISSIONRATE, STANDARDWORKTYPECODE_ID, USER_ID, HOME_UNIT, INVOICINGHOURLYRATE, LICENSE, OVERTIMEPAYROLLCONTROLCODE_ID, TYPE, SCHEDULEDSOLOCOMMISSIONRATE, SHIFTSTART, ATLASBUTLERTECHNICIANROLE, CHECKEDIN, COLOR, CURRENTVALUE, FIRSTDRIVERULE, FLEET_ID, HOME_LONGITUDE, TODAYREVENUE_TECHNICIAN, DAILYGOAL, OVERALLSALESFACTOR_TECHNICIAN, OVERTIMEMODE, PAYPERIOD, PAYROLLROLE, PAYROLLSTARTDATE, SMARTDISPATCHSETTINGS_TECHNICIAN, MEMO, MOBILEPHONE, ACTIVE, ADDONMULTITECHCOMMISSIONRATE, COMMUTETIME, ROUTESTATISTICS_TECHNICIAN, HOME_CITY, HOME_ZIP, MEALTIME, RECORD_CREATE_DATE, RECORD_UPDATE_DATE, OUTBOUNDCALLERID, SCHEDULEDCREWSPLITCOMMISSIONRATE, UNION, DISPATCHNOTIFICATIONS, FIRSTNAME, ID, OVERTIMEWORKTYPECODE_ID, PAYFREQUENCY_ID, PHOTO, POSITION, HOME_STATE, MOBILEPHONECONFIRMED, SALESFACTOR, ISAUTODISPATCHED, LASTNAME, JOBFILTER, ACTIVE_FLAG, BIO, BURDENRATE, COORDINATESUPDATEDON, DEFAULTLABORTYPE_ID, ISEXTERNAL, LOCATION_TECHNICIAN, STATUSUPDATEDON, EMAIL, HOME_LATITUDE, HOURLYRATE, LONGITUDE, MUHULINK, STARTDATE, SALESFORCECONTACTID, STATUS, PROJECTEDVALUE, TEAM, OVERTIMEPROFILE_ID, PAYROLLID]
Column names for Curated Table --> DIM_TECHNICIAN :: [ADDONCREWSPLITCOMMISSIONRATE, COMMUTETIME, DEFAULTLABORTYPE_ID, EMAILCONFIRMED, FIRSTNAME, FLEET_ID, HOME_COUNTRY, HOME_UNIT, MOBILEPHONE, PHONECONFIRMED, ISEXCLUDEDFROMPAYROLL, OVERALLSALESFACTOR_TECHNICIAN, TURNOVERBONUS, PAYPERIOD, PAYROLLROLE, PAYROLLSTARTDATE, BIRTHDATE, HOME_ISMANUALCOORDINATES, HOME_ISMILITARY, INVENTORYWAREHOUSENAME, JOBFILTER, MEMO, PAYFREQUENCY_ID, POSITION, ID, ISAUTODISPATCHED, LICENSE, TEAM, SCHEDULEDCREWSPLITCOMMISSIONRATE, SALESFACTOR, ADDONSOLOCOMMISSIONRATE, CURRENTVALUE, DAILYGOAL, DEDUCTCOMMUTETIMEFROMFIRSTDRIVE, MANAGER_ID, OVERTIMEPROFILE_ID, SHIFTSTART, SHOWJOBAPPOINTMENTRESCHEDULEALERT, SMARTDISPATCHSETTINGS_TECHNICIAN, GOALIMAGE, MODIFIEDON, PAYROLLID, PAYROLLREPORTVERSION, RECORD_CREATE_DATE, TODAYREVENUE_TECHNICIAN, TYPE, PROJECTLABELS, SCHEDULEDSOLOCOMMISSIONRATE, LONGITUDE, ADDONMULTITECHCOMMISSIONRATE, APPOINTMENT_ID, CHECKEDIN, COLOR, CREATEDON, DISPATCHNOTIFICATIONS, IMPORTID, LASTNAME, MOBILEPHONECONFIRMED, STATUSUPDATEDON, ZONE_ID, HOME_STATE, NAME, NAVISIONEMPLOYEEID, PAYROLLPOSTINGGROUP_ID, PHOTO, MEALTIME, PROJECTEDVALUE, STANDARDPAYROLLCONTROLCODE_ID, OVERTIMEMODE, BURDENRATE, FIRSTDRIVERULE, JOB_ID, PAYROLLPROFILE_ID, QBREPID, ROUTESTATISTICS_TECHNICIAN, STARTDATE, TRUCK_ID, USER_ID, STANDARDWORKTYPECODE_ID, MIDDLENAME, COMMISSIONRATE, CREATEDBY_ID, HOME_LONGITUDE, HOME_ZIP, HOURLYRATE, LATITUDE, SCHEDULEDMULTITECHCOMMISSIONRATE, BUSINESSUNIT_ID, OUTBOUNDCALLERID, RECORD_UPDATED_BY, STATUS, MUHULINK, OVERTIMEPAYROLLCONTROLCODE_ID, UNION, PAYTYPE, INVOICINGHOURLYRATE, RECORD_UPDATE_DATE, COORDINATESUPDATEDON, LOCATION_TECHNICIAN, EMAIL, HOME_CITY, ISEXTERNAL, OVERTIMEWORKTYPECODE_ID, PAYROLLSTARTPERIOD, SHIFTEND, WILLIAMSTECHNICIANROLE, TENANT_TYPE, ACTIVE, ATLASBUTLERTECHNICIANROLE, BIO, DEFAULTPAYROLLADJUSTMENTRATE, HOME_LATITUDE, HOME_STREET, ISMANAGEDTECH, PHONE, SALESFORCECONTACTID, SOLDBYRATE]
Column Name found in Datamart and Curated Table :: ADDONCREWSPLITCOMMISSIONRATE
Column Name found in Datamart and Curated Table :: ATLASBUTLERTECHNICIANROLE
Column Name found in Datamart and Curated Table :: FIRSTDRIVERULE
Column Name found in Datamart and Curated Table :: HOME_ISMANUALCOORDINATES
Column Name found in Datamart and Curated Table :: NAVISIONEMPLOYEEID
Column Name found in Datamart and Curated Table :: PAYROLLID
Column Name found in Datamart and Curated Table :: PAYROLLPOSTINGGROUP_ID
Column Name found in Datamart and Curated Table :: SALESFACTOR
Column Name found in Datamart and Curated Table :: SALESFORCECONTACTID
Column Name found in Datamart and Curated Table :: PAYROLLREPORTVERSION
Column Name found in Datamart and Curated Table :: STANDARDWORKTYPECODE_ID
Column Name found in Datamart and Curated Table :: MUHULINK
Column Name found in Datamart and Curated Table :: COMMISSIONRATE
Column Name found in Datamart and Curated Table :: HOME_ISMILITARY
Column Name found in Datamart and Curated Table :: LICENSE
Column Name found in Datamart and Curated Table :: GOALIMAGE
Column Name found in Datamart and Curated Table :: IMPORTID
Column Name found in Datamart and Curated Table :: MOBILEPHONECONFIRMED
Column Name found in Datamart and Curated Table :: PAYTYPE
Column Name found in Datamart and Curated Table :: MANAGER_ID
Column Name found in Datamart and Curated Table :: SHIFTSTART
Column Name found in Datamart and Curated Table :: NAME
Column Name found in Datamart and Curated Table :: ADDONSOLOCOMMISSIONRATE
Column Name found in Datamart and Curated Table :: BIO
Column Name found in Datamart and Curated Table :: BUSINESSUNIT_ID
Column Name found in Datamart and Curated Table :: HOME_CITY
Column Name found in Datamart and Curated Table :: ID
Column Name found in Datamart and Curated Table :: ISMANAGEDTECH
Column Name found in Datamart and Curated Table :: PROJECTLABELS
Column Name found in Datamart and Curated Table :: SCHEDULEDSOLOCOMMISSIONRATE
Column Name found in Datamart and Curated Table :: BIRTHDATE
Column Name found in Datamart and Curated Table :: HOME_COUNTRY
Column Name found in Datamart and Curated Table :: PHOTO
Column Name found in Datamart and Curated Table :: TURNOVERBONUS
Column Name found in Datamart and Curated Table :: USER_ID
Column Name found in Datamart and Curated Table :: WILLIAMSTECHNICIANROLE
Column Name found in Datamart and Curated Table :: ZONE_ID
Column Name found in Datamart and Curated Table :: OVERTIMEPROFILE_ID
Column Name found in Datamart and Curated Table :: CREATEDON
Column Name found in Datamart and Curated Table :: TODAYREVENUE_TECHNICIAN
Column Name found in Datamart and Curated Table :: ACTIVE
Column Name found in Datamart and Curated Table :: DEFAULTPAYROLLADJUSTMENTRATE
Column Name found in Datamart and Curated Table :: ISAUTODISPATCHED
Column Name found in Datamart and Curated Table :: LASTNAME
Column Name found in Datamart and Curated Table :: ISEXTERNAL
Column Name found in Datamart and Curated Table :: SHIFTEND
Column Name found in Datamart and Curated Table :: SCHEDULEDCREWSPLITCOMMISSIONRATE
Column Name found in Datamart and Curated Table :: DAILYGOAL
Column Name found in Datamart and Curated Table :: APPOINTMENT_ID
Column Name found in Datamart and Curated Table :: BURDENRATE
Column Name found in Datamart and Curated Table :: HOME_ZIP
Column Name found in Datamart and Curated Table :: PAYROLLSTARTPERIOD
Column Name found in Datamart and Curated Table :: STATUSUPDATEDON
Column Name found in Datamart and Curated Table :: OVERTIMEWORKTYPECODE_ID
Column Name found in Datamart and Curated Table :: PAYROLLPROFILE_ID
Column Name found in Datamart and Curated Table :: PAYROLLROLE
Column Name found in Datamart and Curated Table :: PAYROLLSTARTDATE
Column Name found in Datamart and Curated Table :: SOLDBYRATE
Column Name not found in Datamart and Curated Table :: ISEXCLUDEDFROMPAYROLL
Column Name found in Datamart and Curated Table :: COORDINATESUPDATEDON
Column Name found in Datamart and Curated Table :: EMAIL
Column Name found in Datamart and Curated Table :: EMAILCONFIRMED
Column Name found in Datamart and Curated Table :: HOME_LATITUDE
Column Name found in Datamart and Curated Table :: OVERTIMEPAYROLLCONTROLCODE_ID
Column Name found in Datamart and Curated Table :: PAYPERIOD
Column Name found in Datamart and Curated Table :: STANDARDPAYROLLCONTROLCODE_ID
Column Name found in Datamart and Curated Table :: CHECKEDIN
Column Name found in Datamart and Curated Table :: DEFAULTLABORTYPE_ID
Column Name found in Datamart and Curated Table :: JOBFILTER
Column Name found in Datamart and Curated Table :: PAYFREQUENCY_ID
Column Name found in Datamart and Curated Table :: MOBILEPHONE
Column Name found in Datamart and Curated Table :: OUTBOUNDCALLERID
Column Name found in Datamart and Curated Table :: SCHEDULEDMULTITECHCOMMISSIONRATE
Column Name found in Datamart and Curated Table :: STARTDATE
Column Name found in Datamart and Curated Table :: CURRENTVALUE
Column Name found in Datamart and Curated Table :: DEDUCTCOMMUTETIMEFROMFIRSTDRIVE
Column Name found in Datamart and Curated Table :: FIRSTNAME
Column Name found in Datamart and Curated Table :: MEALTIME
Column Name found in Datamart and Curated Table :: MEMO
Column Name found in Datamart and Curated Table :: PHONECONFIRMED
Column Name found in Datamart and Curated Table :: SHOWJOBAPPOINTMENTRESCHEDULEALERT
Column Name found in Datamart and Curated Table :: DISPATCHNOTIFICATIONS
Column Name found in Datamart and Curated Table :: JOB_ID
Column Name found in Datamart and Curated Table :: LATITUDE
Column Name found in Datamart and Curated Table :: MIDDLENAME
Column Name found in Datamart and Curated Table :: ROUTESTATISTICS_TECHNICIAN
Column Name found in Datamart and Curated Table :: CREATEDBY_ID
Column Name found in Datamart and Curated Table :: PHONE
Column Name found in Datamart and Curated Table :: QBREPID
Column Name found in Datamart and Curated Table :: SMARTDISPATCHSETTINGS_TECHNICIAN
Column Name found in Datamart and Curated Table :: STATUS
Column Name found in Datamart and Curated Table :: UNION
Column Name found in Datamart and Curated Table :: HOME_UNIT
Column Name found in Datamart and Curated Table :: HOURLYRATE
Column Name found in Datamart and Curated Table :: INVENTORYWAREHOUSENAME
Column Name found in Datamart and Curated Table :: INVOICINGHOURLYRATE
Column Name found in Datamart and Curated Table :: TYPE
Column Name found in Datamart and Curated Table :: ADDONMULTITECHCOMMISSIONRATE
Column Name found in Datamart and Curated Table :: COLOR
Column Name found in Datamart and Curated Table :: HOME_STATE
Column Name found in Datamart and Curated Table :: MODIFIEDON
Column Name found in Datamart and Curated Table :: OVERALLSALESFACTOR_TECHNICIAN
Column Name found in Datamart and Curated Table :: POSITION
Column Name found in Datamart and Curated Table :: TEAM
Column Name found in Datamart and Curated Table :: COMMUTETIME
Column Name found in Datamart and Curated Table :: HOME_LONGITUDE
Column Name found in Datamart and Curated Table :: HOME_STREET
Column Name found in Datamart and Curated Table :: LOCATION_TECHNICIAN
Column Name found in Datamart and Curated Table :: OVERTIMEMODE
Column Name found in Datamart and Curated Table :: PROJECTEDVALUE
Column Name found in Datamart and Curated Table :: LONGITUDE
Column Name found in Datamart and Curated Table :: TRUCK_ID
Column Name found in Datamart and Curated Table :: TENANT_TYPE
Datamart tables contains additional column name like [ACTIVE_FLAG, RECORD_CREATE_DATE, RECORD_UPDATE_DATE, MASTER_ID]
Curated tables contains additional column name like [RECORD_CREATE_DATE, RECORD_UPDATE_DATE, RECORD_UPDATED_BY]]]>
  </system-out>
  <testcase classname="testcases.RAW_DATAMART_CURATED.SnowFlake_ColumnValidation_Master" name="Testcase_ColumnValidation" time="2.302">
    <failure message="The following asserts failed:
	null" type="java.lang.AssertionError">
      <![CDATA[java.lang.AssertionError: The following asserts failed:
null
at org.testng.asserts.SoftAssert.assertAll(SoftAssert.java:47)
at org.testng.asserts.SoftAssert.assertAll(SoftAssert.java:31)
at testcases.RAW_DATAMART_CURATED.SnowFlake_ColumnValidation_Master.BKP_Tables_ColumnName_validation(SnowFlake_ColumnValidation_Master.java:231)
at testcases.RAW_DATAMART_CURATED.SnowFlake_ColumnValidation_Master.Testcase_ColumnValidation(SnowFlake_ColumnValidation_Master.java:240)
at jdk.internal.reflect.GeneratedMethodAccessor12.invoke(Unknown Source)
at java.base/jdk.internal.reflect.DelegatingMethodAccessorImpl.invoke(DelegatingMethodAccessorImpl.java:43)
at java.base/java.lang.reflect.Method.invoke(Method.java:568)
at org.testng.internal.MethodInvocationHelper.invokeMethod(MethodInvocationHelper.java:133)
at org.testng.internal.TestInvoker.invokeMethod(TestInvoker.java:598)
at org.testng.internal.TestInvoker.invokeTestMethod(TestInvoker.java:173)
at org.testng.internal.MethodRunner.runInSequence(MethodRunner.java:46)
at org.testng.internal.TestInvoker$MethodInvocationAgent.invoke(TestInvoker.java:824)
at org.testng.internal.TestInvoker.invokeTestMethods(TestInvoker.java:146)
at org.testng.internal.TestMethodWorker.invokeTestMethods(TestMethodWorker.java:146)
at org.testng.internal.TestMethodWorker.run(TestMethodWorker.java:128)
at java.base/java.util.ArrayList.forEach(ArrayList.java:1511)
at org.testng.TestRunner.privateRun(TestRunner.java:794)
at org.testng.TestRunner.run(TestRunner.java:596)
at org.testng.SuiteRunner.runTest(SuiteRunner.java:377)
at org.testng.SuiteRunner.runSequentially(SuiteRunner.java:371)
at org.testng.SuiteRunner.privateRun(SuiteRunner.java:332)
at org.testng.SuiteRunner.run(SuiteRunner.java:276)
at org.testng.SuiteRunnerWorker.runSuite(SuiteRunnerWorker.java:53)
at org.testng.SuiteRunnerWorker.run(SuiteRunnerWorker.java:96)
at org.testng.TestNG.runSuitesSequentially(TestNG.java:1212)
at org.testng.TestNG.runSuitesLocally(TestNG.java:1134)
at org.testng.TestNG.runSuites(TestNG.java:1063)
at org.testng.TestNG.run(TestNG.java:1031)
at org.testng.remote.AbstractRemoteTestNG.run(AbstractRemoteTestNG.java:115)
at org.testng.remote.RemoteTestNG.initAndRun(RemoteTestNG.java:251)
at org.testng.remote.RemoteTestNG.main(RemoteTestNG.java:77)
]]>
    </failure>
  </testcase> <!-- Testcase_ColumnValidation -->
  <system-out>
    <![CDATA[Executing Snowflake query :: SELECT COLUMN_NAME FROM DEV_ENT_RAW.INFORMATION_SCHEMA.COLUMNS WHERE TABLE_NAME='PROJECT'and TABLE_SCHEMA='ST_SNELLHEATINGAIR_MATILLION'
Executing Snowflake query :: SELECT COLUMN_NAME FROM CURATED_DATAMART.INFORMATION_SCHEMA.COLUMNS WHERE TABLE_NAME='STR_PROJECT'and TABLE_SCHEMA='ST_BKP_SNELLHEATINGAIR'
Executing Snowflake query :: SELECT COLUMN_NAME FROM DEV_ENT_CURATED.INFORMATION_SCHEMA.COLUMNS WHERE TABLE_NAME='DIM_PROJECT'and TABLE_SCHEMA='MASTER_DIMENSIONS'
Column names for RAW Table --> PROJECT :: [AREITEMSREORDERED, LOCATION_ID, COMPLETIONPERCENT, ID, PAYMENTTERM_ID, ACTIVE, AUTHORIZATIONSIGNATURE, CUSTOMER_ID, NUMBER, PROJECTSETTINGSTYPE, MODIFIEDON, COMPLETEDONACTUAL, CONTRACTFOR, ISRETAINAGEENABLED, RETAINAGEPERCENT, TECHNICIANSIGNATURE, ACKNOWLEDGEMENTSIGNATURE, CONTRACTSTARTDATE, NAME, COMPLETEDON, CONTRACTESTIMATE_ID, ISPREVAILINGWAGE, REVENUERECOGNITIONMETHOD, STARTEDON, SUMMARY, COSTTOCOMPLETE, CREATEDBY_ID, IMPORTID, CREATEDON]
Column names for DataMart Table --> STR_PROJECT :: [ACTIVE_FLAG, COMPLETEDONACTUAL, CREATEDBY_ID, CREATEDON, RECORD_CREATE_DATE, ISPREVAILINGWAGE, PAYMENTTERM_ID, PROJECTSETTINGSTYPE, RETAINAGEPERCENT, CONTRACTSTARTDATE, MODIFIEDON, ACKNOWLEDGEMENTSIGNATURE, ACTIVE, COMPLETIONPERCENT, CONTRACTESTIMATE_ID, TECHNICIANSIGNATURE, RECORD_UPDATE_DATE, ISRETAINAGEENABLED, AREITEMSREORDERED, IMPORTID, MASTER_ID, MD5_VALUE, COMPLETEDON, REVENUERECOGNITIONMETHOD, LOCATION_ID, NUMBER, TENANT_TYPE, ID, STARTEDON, AUTHORIZATIONSIGNATURE, CONTRACTFOR, CUSTOMER_ID, NAME, SUMMARY]
Column names for Curated Table --> DIM_PROJECT :: [RECORD_UPDATE_DATE, ACTIVE, AUTHORIZATIONSIGNATURE, COMPLETEDON, RETAINAGEPERCENT, IMPORTID, CONTRACTFOR, CONTRACTSTARTDATE, ID, ISRETAINAGEENABLED, RECORD_CREATE_DATE, RECORD_UPDATED_BY, TENANT_TYPE, PROJECTSETTINGSTYPE, TECHNICIANSIGNATURE, ISPREVAILINGWAGE, MD5_VALUE, NAME, PAYMENTTERM_ID, COMPLETEDONACTUAL, CUSTOMER_ID, NUMBER, AREITEMSREORDERED, CREATEDON, LOCATION_ID, MODIFIEDON, STARTEDON, ACKNOWLEDGEMENTSIGNATURE, COMPLETIONPERCENT, CONTRACTESTIMATE_ID, SUMMARY, CREATEDBY_ID, REVENUERECOGNITIONMETHOD]
Column Name found in Datamart and Curated Table :: AREITEMSREORDERED
Column Name found in Datamart and Curated Table :: LOCATION_ID
Column Name found in Datamart and Curated Table :: COMPLETIONPERCENT
Column Name found in Datamart and Curated Table :: ID
Column Name found in Datamart and Curated Table :: PAYMENTTERM_ID
Column Name found in Datamart and Curated Table :: ACTIVE
Column Name found in Datamart and Curated Table :: AUTHORIZATIONSIGNATURE
Column Name found in Datamart and Curated Table :: CUSTOMER_ID
Column Name found in Datamart and Curated Table :: NUMBER
Column Name found in Datamart and Curated Table :: PROJECTSETTINGSTYPE
Column Name found in Datamart and Curated Table :: MODIFIEDON
Column Name found in Datamart and Curated Table :: COMPLETEDONACTUAL
Column Name found in Datamart and Curated Table :: CONTRACTFOR
Column Name found in Datamart and Curated Table :: ISRETAINAGEENABLED
Column Name found in Datamart and Curated Table :: RETAINAGEPERCENT
Column Name found in Datamart and Curated Table :: TECHNICIANSIGNATURE
Column Name found in Datamart and Curated Table :: ACKNOWLEDGEMENTSIGNATURE
Column Name found in Datamart and Curated Table :: CONTRACTSTARTDATE
Column Name found in Datamart and Curated Table :: NAME
Column Name found in Datamart and Curated Table :: COMPLETEDON
Column Name found in Datamart and Curated Table :: CONTRACTESTIMATE_ID
Column Name found in Datamart and Curated Table :: ISPREVAILINGWAGE
Column Name found in Datamart and Curated Table :: REVENUERECOGNITIONMETHOD
Column Name found in Datamart and Curated Table :: STARTEDON
Column Name found in Datamart and Curated Table :: SUMMARY
Column Name not found in Datamart and Curated Table :: COSTTOCOMPLETE
Column Name found in Datamart and Curated Table :: CREATEDBY_ID
Column Name found in Datamart and Curated Table :: IMPORTID
Column Name found in Datamart and Curated Table :: CREATEDON
Datamart tables contains additional column name like [ACTIVE_FLAG, RECORD_CREATE_DATE, RECORD_UPDATE_DATE, RECORD_UPDATE_DATE, MASTER_ID, TENANT_TYPE]
Curated tables contains additional column name like [RECORD_CREATE_DATE, RECORD_UPDATE_DATE, RECORD_UPDATED_BY, TENANT_TYPE]]]>
  </system-out>
  <testcase classname="testcases.RAW_DATAMART_CURATED.SnowFlake_ColumnValidation_Master" name="Testcase_ColumnValidation" time="3.092">
    <failure message="The following asserts failed:
	null" type="java.lang.AssertionError">
      <![CDATA[java.lang.AssertionError: The following asserts failed:
null
at org.testng.asserts.SoftAssert.assertAll(SoftAssert.java:47)
at org.testng.asserts.SoftAssert.assertAll(SoftAssert.java:31)
at testcases.RAW_DATAMART_CURATED.SnowFlake_ColumnValidation_Master.BKP_Tables_ColumnName_validation(SnowFlake_ColumnValidation_Master.java:231)
at testcases.RAW_DATAMART_CURATED.SnowFlake_ColumnValidation_Master.Testcase_ColumnValidation(SnowFlake_ColumnValidation_Master.java:240)
at jdk.internal.reflect.GeneratedMethodAccessor12.invoke(Unknown Source)
at java.base/jdk.internal.reflect.DelegatingMethodAccessorImpl.invoke(DelegatingMethodAccessorImpl.java:43)
at java.base/java.lang.reflect.Method.invoke(Method.java:568)
at org.testng.internal.MethodInvocationHelper.invokeMethod(MethodInvocationHelper.java:133)
at org.testng.internal.TestInvoker.invokeMethod(TestInvoker.java:598)
at org.testng.internal.TestInvoker.invokeTestMethod(TestInvoker.java:173)
at org.testng.internal.MethodRunner.runInSequence(MethodRunner.java:46)
at org.testng.internal.TestInvoker$MethodInvocationAgent.invoke(TestInvoker.java:824)
at org.testng.internal.TestInvoker.invokeTestMethods(TestInvoker.java:146)
at org.testng.internal.TestMethodWorker.invokeTestMethods(TestMethodWorker.java:146)
at org.testng.internal.TestMethodWorker.run(TestMethodWorker.java:128)
at java.base/java.util.ArrayList.forEach(ArrayList.java:1511)
at org.testng.TestRunner.privateRun(TestRunner.java:794)
at org.testng.TestRunner.run(TestRunner.java:596)
at org.testng.SuiteRunner.runTest(SuiteRunner.java:377)
at org.testng.SuiteRunner.runSequentially(SuiteRunner.java:371)
at org.testng.SuiteRunner.privateRun(SuiteRunner.java:332)
at org.testng.SuiteRunner.run(SuiteRunner.java:276)
at org.testng.SuiteRunnerWorker.runSuite(SuiteRunnerWorker.java:53)
at org.testng.SuiteRunnerWorker.run(SuiteRunnerWorker.java:96)
at org.testng.TestNG.runSuitesSequentially(TestNG.java:1212)
at org.testng.TestNG.runSuitesLocally(TestNG.java:1134)
at org.testng.TestNG.runSuites(TestNG.java:1063)
at org.testng.TestNG.run(TestNG.java:1031)
at org.testng.remote.AbstractRemoteTestNG.run(AbstractRemoteTestNG.java:115)
at org.testng.remote.RemoteTestNG.initAndRun(RemoteTestNG.java:251)
at org.testng.remote.RemoteTestNG.main(RemoteTestNG.java:77)
]]>
    </failure>
  </testcase> <!-- Testcase_ColumnValidation -->
  <system-out>
    <![CDATA[Executing Snowflake query :: SELECT COLUMN_NAME FROM DEV_ENT_RAW.INFORMATION_SCHEMA.COLUMNS WHERE TABLE_NAME='TECHNICIANPAYROLL'and TABLE_SCHEMA='ST_MAITZ_MATILLION'
Executing Snowflake query :: SELECT COLUMN_NAME FROM CURATED_DATAMART.INFORMATION_SCHEMA.COLUMNS WHERE TABLE_NAME='STR_TECHNICIANPAYROLL'and TABLE_SCHEMA='ST_BKP_MAITZ'
Executing Snowflake query :: SELECT COLUMN_NAME FROM DEV_ENT_CURATED.INFORMATION_SCHEMA.COLUMNS WHERE TABLE_NAME='DIM_TECHNICIANPAYROLL'and TABLE_SCHEMA='MASTER_DIMENSIONS'
Column names for RAW Table --> TECHNICIANPAYROLL :: [BURDENRATE, BUSINESSUNITPAYROLLIDLETIMEDOUBLEOVERTIMEPAYCODE_ORIGINALCODE, BUSINESSUNITPAYROLLIDLETIMEOVERTIMEPAYCODE_CODE, BUSINESSUNITPAYROLLIDLETIMESTANDARDPAYCODE_ORIGINALCODE, CREATEDBY_ID, IMPORTID, PAYROLLFLATFEE, PAYROLLUSENSVASSOLDBYBASE, LASTTIMESALARYGROSSPAYITEMSGENERATED, PAYROLLEXPENSEDEDUCTIONTRIGGER, PAYROLLPERCENTAGEFEEMINIMUM, PAYROLLREVIEWSTATE_MANAGERSTATUS, TECHNICIANDEDUCTCOMMUTETIMEFROMFIRSTDRIVE, TECHNICIANPAYROLLSTARTPERIOD, SCHEDULEDCREWSPLITCOMMISSIONRATE, TURNOVERBONUS, PAYROLLUSECOMMISSIONBASETODETECTRANGEBONUS, PAYROLLPERIOD_ID, ADDONSOLOCOMMISSIONRATE, HASCALCULATEDTIMESHEETGROSSPAYITEMS, MANAGERNAME, PAYFORIDLETIMEUPTO, PAYROLLCOSTMARKUP, TURNOVERMINIMUMTHRESHOLD, LASTTIMEUPDATED, PAYROLLREVIEWSTATE_MANAGERUPDATEDON, TO, BUSINESSUNITNAME, BUSINESSUNITPAYROLLIDLETIMEDOUBLEOVERTIMEPAYCODE_NAME, BUSINESSUNITPAYROLLIDLETIMESTPAYCODE, HASCALCULATEDSALARYGROSSPAYITEMS, ID, PAYROLLPERCENTAGEFEE, PAYROLLREVIEWSTATE_TECHNICIANUPDATEDON, SEARSPAYROLLROLE, TECHNICIANCOMMUTETIME, BUSINESSUNITPAYROLLIDLETIMEOVERTIMEPAYCODE_NAME, PAYROLLREVIEWSTATE_STATUS, TECHNICIANCOMMISSIONRATE, TECHNICIANSOLDBYRATE, ADDONMULTITECHCOMMISSIONRATE, BUSINESSUNITPAYROLLIDLETIMESTANDARDPAYCODE_CODE, ENABLETECHNICIANCLOCKINANDCLOCKOUT, ISQUEUEDFORFORCEDTIMESHEETRECALC, DEDUCTCOSTSFROMSOLDBYCREDIT, MANAGER_ID, PAYFORIDLETIMEOVERONEHOUR, SHOWPAYROLLPERSISTENCEFIELDSANDREPORTS, TECHNICIANFIRSTDRIVERULE, TECHNICIANPAYROLLSTATUS, UPDATEERRORLOGID, TECHNICIAN_ID, TECHNICIANTYPE, BUSINESSUNITPAYROLLIDLETIMEOTPAYCODE, BUSINESSUNITWEIGHTEDOVERTIMEPAYCODENEW_NAME, PAYROLLREVIEWSTATE_AUTHORIZATIONSIGNATURE, USECUSTOMIDLETIMERULES, BUSINESSUNITWEIGHTEDOVERTIMEPAYCODENEW_ORIGINALCODE, PAYROLLMARGINALRANGEBONUSES, PAYROLLREPORTVERSION, PAYROLLSHOWMATERIALSINCOST, TIMEZONE, TECHNICIANNAME, ACTIVE, BUSINESSUNITPAYROLLIDLETIMEOVERTIMEPAYCODE_ORIGINALCODE, DEFAULTPAYROLLADJUSTMENTRATE, DISABLEDOUBLEOVERTIME, SCHEDULEDMULTITECHCOMMISSIONRATE, TECHNICIANPAYTYPE, PREVENTNJAOVERLAPPING, WILLIAMSPAYROLLIGNORESINVOICEBALANCETOPAYTGLANDSOLDBY, LINEITEMSONPURCHASEORDERS, SCHEDULEDSOLOCOMMISSIONRATE, SELLERFEE, BUSINESSUNITPAYROLLIDLETIMESTANDARDPAYCODE_NAME, CREATEDON, HASCALCULATEDGROSSPAYITEMS, OVERTIMEPROFILE_ID, TECHNICIANINVOICINGHOURLYRATE, ISQUEUEDFORFORCEDCOMMISSIONRECALC, LASTTIMEGROSSPAYITEMSGENERATED, LASTTIMETIMESHEETSGROSSPAYITEMSGENERATED, PAYROLLFLATFEEMINIMUM, USEPAYROLLDATE, FROM, ADDONCREWSPLITCOMMISSIONRATE, BUSINESSUNIT_ID, BUSINESSUNITPAYROLLIDLETIMEDOUBLEOVERTIMEPAYCODE_CODE, BUSINESSUNITWEIGHTEDOVERTIMEPAYCODE, BUSINESSUNITWEIGHTEDOVERTIMEPAYCODENEW_CODE, INCLUDESELLERFEEANDTECHSPECIFICBONUS, ISQUEUEDFORFORCEDSALARYRECALC, PAYROLLREVIEWSTATE_DISPUTEREASON, ROUNDSOLDHOURSTOTWODECIMALPLACES, ATLASBUTLERTECHNICIANROLE, PAYROLLID, PAYROLLTYPE, SUPPORTSPERSISTEDINVOICES, TECHNICIANOVERTIMEMODE, TECHNICIANHOURLYRATE]
Column names for DataMart Table --> STR_TECHNICIANPAYROLL :: [BUSINESSUNITNAME, BUSINESSUNITPAYROLLIDLETIMESTANDARDPAYCODE_ORIGINALCODE, BUSINESSUNITWEIGHTEDOVERTIMEPAYCODE, PAYROLLREVIEWSTATE_AUTHORIZATIONSIGNATURE, LASTTIMEUPDATED, LINEITEMSONPURCHASEORDERS, SHOWPAYROLLPERSISTENCEFIELDSANDREPORTS, TECHNICIANSOLDBYRATE, TECHNICIANTYPE, PAYROLLFLATFEEMINIMUM, TECHNICIANHOURLYRATE, BUSINESSUNITWEIGHTEDOVERTIMEPAYCODENEW_ORIGINALCODE, PAYROLLREVIEWSTATE_MANAGERSTATUS, PAYFORIDLETIMEUPTO, PAYROLLID, BUSINESSUNITPAYROLLIDLETIMEOVERTIMEPAYCODE_ORIGINALCODE, BUSINESSUNIT_ID, CREATEDBY_ID, IMPORTID, SCHEDULEDCREWSPLITCOMMISSIONRATE, SCHEDULEDMULTITECHCOMMISSIONRATE, SUPPORTSPERSISTEDINVOICES, PAYFORIDLETIMEOVERONEHOUR, TECHNICIANCOMMISSIONRATE, ACTIVE, BUSINESSUNITPAYROLLIDLETIMESTANDARDPAYCODE_NAME, LASTTIMETIMESHEETSGROSSPAYITEMSGENERATED, MANAGER_ID, PAYROLLPERIOD_ID, RECORD_UPDATE_DATE, BUSINESSUNITWEIGHTEDOVERTIMEPAYCODENEW_NAME, SCHEDULEDSOLOCOMMISSIONRATE, TECHNICIANINVOICINGHOURLYRATE, TO, ISQUEUEDFORFORCEDTIMESHEETRECALC, ADDONMULTITECHCOMMISSIONRATE, ADDONSOLOCOMMISSIONRATE, BUSINESSUNITPAYROLLIDLETIMEDOUBLEOVERTIMEPAYCODE_CODE, BUSINESSUNITPAYROLLIDLETIMESTPAYCODE, CREATEDON, PAYROLLPERCENTAGEFEEMINIMUM, TURNOVERMINIMUMTHRESHOLD, OVERTIMEPROFILE_ID, PAYROLLREPORTVERSION, PAYROLLREVIEWSTATE_MANAGERUPDATEDON, PAYROLLUSENSVASSOLDBYBASE, TECHNICIANNAME, USECUSTOMIDLETIMERULES, PAYROLLREVIEWSTATE_DISPUTEREASON, ENABLETECHNICIANCLOCKINANDCLOCKOUT, ATLASBUTLERTECHNICIANROLE, BURDENRATE, DEFAULTPAYROLLADJUSTMENTRATE, FROM, LASTTIMESALARYGROSSPAYITEMSGENERATED, PAYROLLREVIEWSTATE_TECHNICIANUPDATEDON, TECHNICIANPAYROLLSTATUS, HASCALCULATEDGROSSPAYITEMS, TECHNICIANPAYROLLSTARTPERIOD, TIMEZONE, PAYROLLSHOWMATERIALSINCOST, PAYROLLTYPE, TECHNICIANPAYTYPE, SELLERFEE, UPDATEERRORLOGID, BUSINESSUNITPAYROLLIDLETIMEOVERTIMEPAYCODE_CODE, BUSINESSUNITPAYROLLIDLETIMESTANDARDPAYCODE_CODE, PREVENTNJAOVERLAPPING, TENANT_TYPE, PAYROLLMARGINALRANGEBONUSES, TECHNICIANFIRSTDRIVERULE, ACTIVE_FLAG, ADDONCREWSPLITCOMMISSIONRATE, BUSINESSUNITPAYROLLIDLETIMEDOUBLEOVERTIMEPAYCODE_ORIGINALCODE, DEDUCTCOSTSFROMSOLDBYCREDIT, MANAGERNAME, ROUNDSOLDHOURSTOTWODECIMALPLACES, TECHNICIANCOMMUTETIME, TECHNICIAN_ID, BUSINESSUNITPAYROLLIDLETIMEDOUBLEOVERTIMEPAYCODE_NAME, DISABLEDOUBLEOVERTIME, RECORD_CREATE_DATE, TURNOVERBONUS, USEPAYROLLDATE, INCLUDESELLERFEEANDTECHSPECIFICBONUS, SEARSPAYROLLROLE, BUSINESSUNITPAYROLLIDLETIMEOTPAYCODE, BUSINESSUNITPAYROLLIDLETIMEOVERTIMEPAYCODE_NAME, BUSINESSUNITWEIGHTEDOVERTIMEPAYCODENEW_CODE, HASCALCULATEDSALARYGROSSPAYITEMS, HASCALCULATEDTIMESHEETGROSSPAYITEMS, ISQUEUEDFORFORCEDCOMMISSIONRECALC, ISQUEUEDFORFORCEDSALARYRECALC, PAYROLLEXPENSEDEDUCTIONTRIGGER, PAYROLLFLATFEE, PAYROLLUSECOMMISSIONBASETODETECTRANGEBONUS, TECHNICIANDEDUCTCOMMUTETIMEFROMFIRSTDRIVE, TECHNICIANOVERTIMEMODE, ID, LASTTIMEGROSSPAYITEMSGENERATED, PAYROLLPERCENTAGEFEE, PAYROLLCOSTMARKUP, PAYROLLREVIEWSTATE_STATUS, MASTER_ID, WILLIAMSPAYROLLIGNORESINVOICEBALANCETOPAYTGLANDSOLDBY]
Column names for Curated Table --> DIM_TECHNICIANPAYROLL :: [ADDONMULTITECHCOMMISSIONRATE, BURDENRATE, BUSINESSUNITPAYROLLIDLETIMEDOUBLEOVERTIMEPAYCODE_ORIGINALCODE, BUSINESSUNITPAYROLLIDLETIMESTANDARDPAYCODE_CODE, DISABLEDOUBLEOVERTIME, ENABLETECHNICIANCLOCKINANDCLOCKOUT, ID, PAYROLLFLATFEE, TECHNICIANNAME, LINEITEMSONPURCHASEORDERS, SHOWPAYROLLPERSISTENCEFIELDSANDREPORTS, UPDATEERRORLOGID, DEFAULTPAYROLLADJUSTMENTRATE, TECHNICIAN_ID, ADDONSOLOCOMMISSIONRATE, ISQUEUEDFORFORCEDSALARYRECALC, TURNOVERBONUS, BUSINESSUNITPAYROLLIDLETIMEOVERTIMEPAYCODE_NAME, HASCALCULATEDTIMESHEETGROSSPAYITEMS, OVERTIMEPROFILE_ID, TECHNICIANPAYROLLSTARTPERIOD, WILLIAMSPAYROLLIGNORESINVOICEBALANCETOPAYTGLANDSOLDBY, TURNOVERMINIMUMTHRESHOLD, USEPAYROLLDATE, MANAGERNAME, PAYROLLCOSTMARKUP, SEARSPAYROLLROLE, TECHNICIANPAYTYPE, HASCALCULATEDSALARYGROSSPAYITEMS, PAYROLLREVIEWSTATE_MANAGERUPDATEDON, PAYROLLTYPE, SCHEDULEDCREWSPLITCOMMISSIONRATE, TENANT_TYPE, SUPPORTSPERSISTEDINVOICES, ADDONCREWSPLITCOMMISSIONRATE, BUSINESSUNITPAYROLLIDLETIMEDOUBLEOVERTIMEPAYCODE_NAME, BUSINESSUNITPAYROLLIDLETIMEOVERTIMEPAYCODE_CODE, BUSINESSUNITPAYROLLIDLETIMESTPAYCODE, BUSINESSUNITWEIGHTEDOVERTIMEPAYCODENEW_CODE, LASTTIMETIMESHEETSGROSSPAYITEMSGENERATED, PAYROLLFLATFEEMINIMUM, TECHNICIANSOLDBYRATE, BUSINESSUNITWEIGHTEDOVERTIMEPAYCODENEW_NAME, RECORD_CREATE_DATE, TIMEZONE, PAYROLLREVIEWSTATE_DISPUTEREASON, TO, LASTTIMESALARYGROSSPAYITEMSGENERATED, ACTIVE, BUSINESSUNITPAYROLLIDLETIMESTANDARDPAYCODE_NAME, BUSINESSUNITPAYROLLIDLETIMESTANDARDPAYCODE_ORIGINALCODE, CREATEDON, LASTTIMEGROSSPAYITEMSGENERATED, PAYROLLPERCENTAGEFEE, SCHEDULEDMULTITECHCOMMISSIONRATE, BUSINESSUNITNAME, PAYFORIDLETIMEUPTO, PAYROLLREVIEWSTATE_STATUS, PAYROLLREVIEWSTATE_TECHNICIANUPDATEDON, SELLERFEE, TECHNICIANINVOICINGHOURLYRATE, TECHNICIANPAYROLLSTATUS, TECHNICIANTYPE, BUSINESSUNITPAYROLLIDLETIMEDOUBLEOVERTIMEPAYCODE_CODE, HASCALCULATEDGROSSPAYITEMS, PAYFORIDLETIMEOVERONEHOUR, PAYROLLUSECOMMISSIONBASETODETECTRANGEBONUS, RECORD_UPDATE_DATE, PAYROLLREVIEWSTATE_AUTHORIZATIONSIGNATURE, TECHNICIANFIRSTDRIVERULE, BUSINESSUNITPAYROLLIDLETIMEOVERTIMEPAYCODE_ORIGINALCODE, BUSINESSUNITPAYROLLIDLETIMEOTPAYCODE, CREATEDBY_ID, ISQUEUEDFORFORCEDCOMMISSIONRECALC, PREVENTNJAOVERLAPPING, ROUNDSOLDHOURSTOTWODECIMALPLACES, FROM, TECHNICIANCOMMISSIONRATE, TECHNICIANDEDUCTCOMMUTETIMEFROMFIRSTDRIVE, USECUSTOMIDLETIMERULES, PAYROLLMARGINALRANGEBONUSES, IMPORTID, PAYROLLREVIEWSTATE_MANAGERSTATUS, ATLASBUTLERTECHNICIANROLE, BUSINESSUNITWEIGHTEDOVERTIMEPAYCODENEW_ORIGINALCODE, BUSINESSUNIT_ID, DEDUCTCOSTSFROMSOLDBYCREDIT, ISQUEUEDFORFORCEDTIMESHEETRECALC, MANAGER_ID, PAYROLLREPORTVERSION, PAYROLLSHOWMATERIALSINCOST, PAYROLLUSENSVASSOLDBYBASE, SCHEDULEDSOLOCOMMISSIONRATE, INCLUDESELLERFEEANDTECHSPECIFICBONUS, LASTTIMEUPDATED, PAYROLLID, PAYROLLPERCENTAGEFEEMINIMUM, TECHNICIANCOMMUTETIME, TECHNICIANHOURLYRATE, TECHNICIANOVERTIMEMODE, BUSINESSUNITWEIGHTEDOVERTIMEPAYCODE, PAYROLLEXPENSEDEDUCTIONTRIGGER, PAYROLLPERIOD_ID]
Column Name found in Datamart and Curated Table :: BURDENRATE
Column Name found in Datamart and Curated Table :: BUSINESSUNITPAYROLLIDLETIMEDOUBLEOVERTIMEPAYCODE_ORIGINALCODE
Column Name found in Datamart and Curated Table :: BUSINESSUNITPAYROLLIDLETIMEOVERTIMEPAYCODE_CODE
Column Name found in Datamart and Curated Table :: BUSINESSUNITPAYROLLIDLETIMESTANDARDPAYCODE_ORIGINALCODE
Column Name found in Datamart and Curated Table :: CREATEDBY_ID
Column Name found in Datamart and Curated Table :: IMPORTID
Column Name found in Datamart and Curated Table :: PAYROLLFLATFEE
Column Name found in Datamart and Curated Table :: PAYROLLUSENSVASSOLDBYBASE
Column Name found in Datamart and Curated Table :: LASTTIMESALARYGROSSPAYITEMSGENERATED
Column Name found in Datamart and Curated Table :: PAYROLLEXPENSEDEDUCTIONTRIGGER
Column Name found in Datamart and Curated Table :: PAYROLLPERCENTAGEFEEMINIMUM
Column Name found in Datamart and Curated Table :: PAYROLLREVIEWSTATE_MANAGERSTATUS
Column Name found in Datamart and Curated Table :: TECHNICIANDEDUCTCOMMUTETIMEFROMFIRSTDRIVE
Column Name found in Datamart and Curated Table :: TECHNICIANPAYROLLSTARTPERIOD
Column Name found in Datamart and Curated Table :: SCHEDULEDCREWSPLITCOMMISSIONRATE
Column Name found in Datamart and Curated Table :: TURNOVERBONUS
Column Name found in Datamart and Curated Table :: PAYROLLUSECOMMISSIONBASETODETECTRANGEBONUS
Column Name found in Datamart and Curated Table :: PAYROLLPERIOD_ID
Column Name found in Datamart and Curated Table :: ADDONSOLOCOMMISSIONRATE
Column Name found in Datamart and Curated Table :: HASCALCULATEDTIMESHEETGROSSPAYITEMS
Column Name found in Datamart and Curated Table :: MANAGERNAME
Column Name found in Datamart and Curated Table :: PAYFORIDLETIMEUPTO
Column Name found in Datamart and Curated Table :: PAYROLLCOSTMARKUP
Column Name found in Datamart and Curated Table :: TURNOVERMINIMUMTHRESHOLD
Column Name found in Datamart and Curated Table :: LASTTIMEUPDATED
Column Name found in Datamart and Curated Table :: PAYROLLREVIEWSTATE_MANAGERUPDATEDON
Column Name found in Datamart and Curated Table :: TO
Column Name found in Datamart and Curated Table :: BUSINESSUNITNAME
Column Name found in Datamart and Curated Table :: BUSINESSUNITPAYROLLIDLETIMEDOUBLEOVERTIMEPAYCODE_NAME
Column Name found in Datamart and Curated Table :: BUSINESSUNITPAYROLLIDLETIMESTPAYCODE
Column Name found in Datamart and Curated Table :: HASCALCULATEDSALARYGROSSPAYITEMS
Column Name found in Datamart and Curated Table :: ID
Column Name found in Datamart and Curated Table :: PAYROLLPERCENTAGEFEE
Column Name found in Datamart and Curated Table :: PAYROLLREVIEWSTATE_TECHNICIANUPDATEDON
Column Name found in Datamart and Curated Table :: SEARSPAYROLLROLE
Column Name found in Datamart and Curated Table :: TECHNICIANCOMMUTETIME
Column Name found in Datamart and Curated Table :: BUSINESSUNITPAYROLLIDLETIMEOVERTIMEPAYCODE_NAME
Column Name found in Datamart and Curated Table :: PAYROLLREVIEWSTATE_STATUS
Column Name found in Datamart and Curated Table :: TECHNICIANCOMMISSIONRATE
Column Name found in Datamart and Curated Table :: TECHNICIANSOLDBYRATE
Column Name found in Datamart and Curated Table :: ADDONMULTITECHCOMMISSIONRATE
Column Name found in Datamart and Curated Table :: BUSINESSUNITPAYROLLIDLETIMESTANDARDPAYCODE_CODE
Column Name found in Datamart and Curated Table :: ENABLETECHNICIANCLOCKINANDCLOCKOUT
Column Name found in Datamart and Curated Table :: ISQUEUEDFORFORCEDTIMESHEETRECALC
Column Name found in Datamart and Curated Table :: DEDUCTCOSTSFROMSOLDBYCREDIT
Column Name found in Datamart and Curated Table :: MANAGER_ID
Column Name found in Datamart and Curated Table :: PAYFORIDLETIMEOVERONEHOUR
Column Name found in Datamart and Curated Table :: SHOWPAYROLLPERSISTENCEFIELDSANDREPORTS
Column Name found in Datamart and Curated Table :: TECHNICIANFIRSTDRIVERULE
Column Name found in Datamart and Curated Table :: TECHNICIANPAYROLLSTATUS
Column Name found in Datamart and Curated Table :: UPDATEERRORLOGID
Column Name found in Datamart and Curated Table :: TECHNICIAN_ID
Column Name found in Datamart and Curated Table :: TECHNICIANTYPE
Column Name found in Datamart and Curated Table :: BUSINESSUNITPAYROLLIDLETIMEOTPAYCODE
Column Name found in Datamart and Curated Table :: BUSINESSUNITWEIGHTEDOVERTIMEPAYCODENEW_NAME
Column Name found in Datamart and Curated Table :: PAYROLLREVIEWSTATE_AUTHORIZATIONSIGNATURE
Column Name found in Datamart and Curated Table :: USECUSTOMIDLETIMERULES
Column Name found in Datamart and Curated Table :: BUSINESSUNITWEIGHTEDOVERTIMEPAYCODENEW_ORIGINALCODE
Column Name found in Datamart and Curated Table :: PAYROLLMARGINALRANGEBONUSES
Column Name found in Datamart and Curated Table :: PAYROLLREPORTVERSION
Column Name found in Datamart and Curated Table :: PAYROLLSHOWMATERIALSINCOST
Column Name found in Datamart and Curated Table :: TIMEZONE
Column Name found in Datamart and Curated Table :: TECHNICIANNAME
Column Name found in Datamart and Curated Table :: ACTIVE
Column Name found in Datamart and Curated Table :: BUSINESSUNITPAYROLLIDLETIMEOVERTIMEPAYCODE_ORIGINALCODE
Column Name found in Datamart and Curated Table :: DEFAULTPAYROLLADJUSTMENTRATE
Column Name found in Datamart and Curated Table :: DISABLEDOUBLEOVERTIME
Column Name found in Datamart and Curated Table :: SCHEDULEDMULTITECHCOMMISSIONRATE
Column Name found in Datamart and Curated Table :: TECHNICIANPAYTYPE
Column Name found in Datamart and Curated Table :: PREVENTNJAOVERLAPPING
Column Name found in Datamart and Curated Table :: WILLIAMSPAYROLLIGNORESINVOICEBALANCETOPAYTGLANDSOLDBY
Column Name found in Datamart and Curated Table :: LINEITEMSONPURCHASEORDERS
Column Name found in Datamart and Curated Table :: SCHEDULEDSOLOCOMMISSIONRATE
Column Name found in Datamart and Curated Table :: SELLERFEE
Column Name found in Datamart and Curated Table :: BUSINESSUNITPAYROLLIDLETIMESTANDARDPAYCODE_NAME
Column Name found in Datamart and Curated Table :: CREATEDON
Column Name found in Datamart and Curated Table :: HASCALCULATEDGROSSPAYITEMS
Column Name found in Datamart and Curated Table :: OVERTIMEPROFILE_ID
Column Name found in Datamart and Curated Table :: TECHNICIANINVOICINGHOURLYRATE
Column Name found in Datamart and Curated Table :: ISQUEUEDFORFORCEDCOMMISSIONRECALC
Column Name found in Datamart and Curated Table :: LASTTIMEGROSSPAYITEMSGENERATED
Column Name found in Datamart and Curated Table :: LASTTIMETIMESHEETSGROSSPAYITEMSGENERATED
Column Name found in Datamart and Curated Table :: PAYROLLFLATFEEMINIMUM
Column Name found in Datamart and Curated Table :: USEPAYROLLDATE
Column Name found in Datamart and Curated Table :: FROM
Column Name found in Datamart and Curated Table :: ADDONCREWSPLITCOMMISSIONRATE
Column Name found in Datamart and Curated Table :: BUSINESSUNIT_ID
Column Name found in Datamart and Curated Table :: BUSINESSUNITPAYROLLIDLETIMEDOUBLEOVERTIMEPAYCODE_CODE
Column Name found in Datamart and Curated Table :: BUSINESSUNITWEIGHTEDOVERTIMEPAYCODE
Column Name found in Datamart and Curated Table :: BUSINESSUNITWEIGHTEDOVERTIMEPAYCODENEW_CODE
Column Name found in Datamart and Curated Table :: INCLUDESELLERFEEANDTECHSPECIFICBONUS
Column Name found in Datamart and Curated Table :: ISQUEUEDFORFORCEDSALARYRECALC
Column Name found in Datamart and Curated Table :: PAYROLLREVIEWSTATE_DISPUTEREASON
Column Name found in Datamart and Curated Table :: ROUNDSOLDHOURSTOTWODECIMALPLACES
Column Name found in Datamart and Curated Table :: ATLASBUTLERTECHNICIANROLE
Column Name found in Datamart and Curated Table :: PAYROLLID
Column Name found in Datamart and Curated Table :: PAYROLLTYPE
Column Name found in Datamart and Curated Table :: SUPPORTSPERSISTEDINVOICES
Column Name found in Datamart and Curated Table :: TECHNICIANOVERTIMEMODE
Column Name found in Datamart and Curated Table :: TECHNICIANHOURLYRATE
Datamart tables contains additional column name like [ACTIVE_FLAG, RECORD_CREATE_DATE, RECORD_UPDATE_DATE, RECORD_UPDATE_DATE, MASTER_ID, TENANT_TYPE]
Curated tables not contains additional column name like [RECORD_CREATE_DATE, RECORD_UPDATE_DATE, RECORD_UPDATED_BY, TENANT_TYPE]]]>
  </system-out>
  <testcase classname="testcases.RAW_DATAMART_CURATED.SnowFlake_ColumnValidation_Master" name="Testcase_ColumnValidation" time="2.748">
    <failure message="The following asserts failed:
	null,
	null" type="java.lang.AssertionError">
      <![CDATA[java.lang.AssertionError: The following asserts failed:
null,
null
at org.testng.asserts.SoftAssert.assertAll(SoftAssert.java:47)
at org.testng.asserts.SoftAssert.assertAll(SoftAssert.java:31)
at testcases.RAW_DATAMART_CURATED.SnowFlake_ColumnValidation_Master.API_Tables_ColumnName_validation(SnowFlake_ColumnValidation_Master.java:130)
at testcases.RAW_DATAMART_CURATED.SnowFlake_ColumnValidation_Master.Testcase_ColumnValidation(SnowFlake_ColumnValidation_Master.java:243)
at jdk.internal.reflect.GeneratedMethodAccessor12.invoke(Unknown Source)
at java.base/jdk.internal.reflect.DelegatingMethodAccessorImpl.invoke(DelegatingMethodAccessorImpl.java:43)
at java.base/java.lang.reflect.Method.invoke(Method.java:568)
at org.testng.internal.MethodInvocationHelper.invokeMethod(MethodInvocationHelper.java:133)
at org.testng.internal.TestInvoker.invokeMethod(TestInvoker.java:598)
at org.testng.internal.TestInvoker.invokeTestMethod(TestInvoker.java:173)
at org.testng.internal.MethodRunner.runInSequence(MethodRunner.java:46)
at org.testng.internal.TestInvoker$MethodInvocationAgent.invoke(TestInvoker.java:824)
at org.testng.internal.TestInvoker.invokeTestMethods(TestInvoker.java:146)
at org.testng.internal.TestMethodWorker.invokeTestMethods(TestMethodWorker.java:146)
at org.testng.internal.TestMethodWorker.run(TestMethodWorker.java:128)
at java.base/java.util.ArrayList.forEach(ArrayList.java:1511)
at org.testng.TestRunner.privateRun(TestRunner.java:794)
at org.testng.TestRunner.run(TestRunner.java:596)
at org.testng.SuiteRunner.runTest(SuiteRunner.java:377)
at org.testng.SuiteRunner.runSequentially(SuiteRunner.java:371)
at org.testng.SuiteRunner.privateRun(SuiteRunner.java:332)
at org.testng.SuiteRunner.run(SuiteRunner.java:276)
at org.testng.SuiteRunnerWorker.runSuite(SuiteRunnerWorker.java:53)
at org.testng.SuiteRunnerWorker.run(SuiteRunnerWorker.java:96)
at org.testng.TestNG.runSuitesSequentially(TestNG.java:1212)
at org.testng.TestNG.runSuitesLocally(TestNG.java:1134)
at org.testng.TestNG.runSuites(TestNG.java:1063)
at org.testng.TestNG.run(TestNG.java:1031)
at org.testng.remote.AbstractRemoteTestNG.run(AbstractRemoteTestNG.java:115)
at org.testng.remote.RemoteTestNG.initAndRun(RemoteTestNG.java:251)
at org.testng.remote.RemoteTestNG.main(RemoteTestNG.java:77)
]]>
    </failure>
  </testcase> <!-- Testcase_ColumnValidation -->
  <system-out>
    <![CDATA[Executing Snowflake query :: SELECT COLUMN_NAME FROM DEV_ENT_RAW.INFORMATION_SCHEMA.COLUMNS WHERE TABLE_NAME='ST_API_PROJECT'and TABLE_SCHEMA='API_MAT'
Executing Snowflake query :: SELECT COLUMN_NAME FROM CURATED_DATAMART.INFORMATION_SCHEMA.COLUMNS WHERE TABLE_NAME='STR_API_PROJECT'and TABLE_SCHEMA='ST_API_FOURPROS'
Executing Snowflake query :: SELECT COLUMN_NAME FROM DEV_ENT_CURATED.INFORMATION_SCHEMA.COLUMNS WHERE TABLE_NAME='DIM_PROJECT'and TABLE_SCHEMA='MASTER_DIMENSIONS'
Column names for RAW Table --> ST_API_PROJECT :: [ACTIVE, AREITEMSREORDERED, CUSTOMER_ID, NAME, NUMBER, PROJECTSETTINGSTYPE, TECHNICIANSIGNATURE, SUMMARY, MODIFIEDON, ACKNOWLEDGEMENTSIGNATURE, COMPLETEDON, COMPLETIONPERCENT, COSTTOCOMPLETE, CREATEDBY_ID, CREATEDON, IMPORTID, COMPLETEDONACTUAL, ID, CONTRACTESTIMATE_ID, AUTHORIZATIONSIGNATURE, CONTRACTSTARTDATE, STARTEDON, CONTRACTFOR, ISRETAINAGEENABLED, ISPREVAILINGWAGE, LOCATION_ID, PAYMENTTERM_ID, RETAINAGEPERCENT, REVENUERECOGNITIONMETHOD, TENANT_TYPE]
Column names for DataMart Table --> STR_API_PROJECT :: [RECORD_UPDATE_DATE, RETAINAGEPERCENT, AREITEMSREORDERED, AUTHORIZATIONSIGNATURE, IMPORTID, NUMBER, CREATEDBY_ID, CUSTOMER_ID, ISPREVAILINGWAGE, LOCATION_ID, TENANT_TYPE, MD5_VALUE, ACTIVE, STARTEDON, COMPLETEDON, COMPLETEDONACTUAL, ACTIVE_FLAG, SUMMARY, ACKNOWLEDGEMENTSIGNATURE, CONTRACTFOR, CONTRACTSTARTDATE, ISRETAINAGEENABLED, MASTER_ID, MODIFIEDON, NAME, RECORD_CREATE_DATE, CONTRACTESTIMATE_ID, COMPLETIONPERCENT, CREATEDON, ID, PAYMENTTERM_ID, PROJECTSETTINGSTYPE, TECHNICIANSIGNATURE]
Column names for Curated Table --> DIM_PROJECT :: [RECORD_UPDATE_DATE, ACTIVE, AUTHORIZATIONSIGNATURE, COMPLETEDON, RETAINAGEPERCENT, IMPORTID, CONTRACTFOR, CONTRACTSTARTDATE, ID, ISRETAINAGEENABLED, RECORD_CREATE_DATE, RECORD_UPDATED_BY, TENANT_TYPE, PROJECTSETTINGSTYPE, TECHNICIANSIGNATURE, ISPREVAILINGWAGE, MD5_VALUE, NAME, PAYMENTTERM_ID, COMPLETEDONACTUAL, CUSTOMER_ID, NUMBER, AREITEMSREORDERED, CREATEDON, LOCATION_ID, MODIFIEDON, STARTEDON, ACKNOWLEDGEMENTSIGNATURE, COMPLETIONPERCENT, CONTRACTESTIMATE_ID, SUMMARY, CREATEDBY_ID, REVENUERECOGNITIONMETHOD]
Column Name found in Datamart and Curated Table :: ACTIVE
Column Name found in Datamart and Curated Table :: AREITEMSREORDERED
Column Name found in Datamart and Curated Table :: CUSTOMER_ID
Column Name found in Datamart and Curated Table :: NAME
Column Name found in Datamart and Curated Table :: NUMBER
Column Name found in Datamart and Curated Table :: PROJECTSETTINGSTYPE
Column Name found in Datamart and Curated Table :: TECHNICIANSIGNATURE
Column Name found in Datamart and Curated Table :: SUMMARY
Column Name found in Datamart and Curated Table :: MODIFIEDON
Column Name found in Datamart and Curated Table :: ACKNOWLEDGEMENTSIGNATURE
Column Name found in Datamart and Curated Table :: COMPLETEDON
Column Name found in Datamart and Curated Table :: COMPLETIONPERCENT
Column Name not found in Datamart and Curated Table :: COSTTOCOMPLETE
Column Name found in Datamart and Curated Table :: CREATEDBY_ID
Column Name found in Datamart and Curated Table :: CREATEDON
Column Name found in Datamart and Curated Table :: IMPORTID
Column Name found in Datamart and Curated Table :: COMPLETEDONACTUAL
Column Name found in Datamart and Curated Table :: ID
Column Name found in Datamart and Curated Table :: CONTRACTESTIMATE_ID
Column Name found in Datamart and Curated Table :: AUTHORIZATIONSIGNATURE
Column Name found in Datamart and Curated Table :: CONTRACTSTARTDATE
Column Name found in Datamart and Curated Table :: STARTEDON
Column Name found in Datamart and Curated Table :: CONTRACTFOR
Column Name found in Datamart and Curated Table :: ISRETAINAGEENABLED
Column Name found in Datamart and Curated Table :: ISPREVAILINGWAGE
Column Name found in Datamart and Curated Table :: LOCATION_ID
Column Name found in Datamart and Curated Table :: PAYMENTTERM_ID
Column Name found in Datamart and Curated Table :: RETAINAGEPERCENT
Column Name not found in Datamart and Curated Table :: REVENUERECOGNITIONMETHOD
Column Name found in Datamart and Curated Table :: TENANT_TYPE
Datamart tables contains additional column name like [ACTIVE_FLAG, RECORD_CREATE_DATE, RECORD_UPDATE_DATE, MASTER_ID]
Curated tables contains additional column name like [RECORD_CREATE_DATE, RECORD_UPDATE_DATE, RECORD_UPDATED_BY]]]>
  </system-out>
  <testcase classname="testcases.RAW_DATAMART_CURATED.SnowFlake_ColumnValidation_Master" name="Testcase_ColumnValidation" time="2.151">
    <failure message="The following asserts failed:
	null" type="java.lang.AssertionError">
      <![CDATA[java.lang.AssertionError: The following asserts failed:
null
at org.testng.asserts.SoftAssert.assertAll(SoftAssert.java:47)
at org.testng.asserts.SoftAssert.assertAll(SoftAssert.java:31)
at testcases.RAW_DATAMART_CURATED.SnowFlake_ColumnValidation_Master.BKP_Tables_ColumnName_validation(SnowFlake_ColumnValidation_Master.java:231)
at testcases.RAW_DATAMART_CURATED.SnowFlake_ColumnValidation_Master.Testcase_ColumnValidation(SnowFlake_ColumnValidation_Master.java:240)
at jdk.internal.reflect.GeneratedMethodAccessor12.invoke(Unknown Source)
at java.base/jdk.internal.reflect.DelegatingMethodAccessorImpl.invoke(DelegatingMethodAccessorImpl.java:43)
at java.base/java.lang.reflect.Method.invoke(Method.java:568)
at org.testng.internal.MethodInvocationHelper.invokeMethod(MethodInvocationHelper.java:133)
at org.testng.internal.TestInvoker.invokeMethod(TestInvoker.java:598)
at org.testng.internal.TestInvoker.invokeTestMethod(TestInvoker.java:173)
at org.testng.internal.MethodRunner.runInSequence(MethodRunner.java:46)
at org.testng.internal.TestInvoker$MethodInvocationAgent.invoke(TestInvoker.java:824)
at org.testng.internal.TestInvoker.invokeTestMethods(TestInvoker.java:146)
at org.testng.internal.TestMethodWorker.invokeTestMethods(TestMethodWorker.java:146)
at org.testng.internal.TestMethodWorker.run(TestMethodWorker.java:128)
at java.base/java.util.ArrayList.forEach(ArrayList.java:1511)
at org.testng.TestRunner.privateRun(TestRunner.java:794)
at org.testng.TestRunner.run(TestRunner.java:596)
at org.testng.SuiteRunner.runTest(SuiteRunner.java:377)
at org.testng.SuiteRunner.runSequentially(SuiteRunner.java:371)
at org.testng.SuiteRunner.privateRun(SuiteRunner.java:332)
at org.testng.SuiteRunner.run(SuiteRunner.java:276)
at org.testng.SuiteRunnerWorker.runSuite(SuiteRunnerWorker.java:53)
at org.testng.SuiteRunnerWorker.run(SuiteRunnerWorker.java:96)
at org.testng.TestNG.runSuitesSequentially(TestNG.java:1212)
at org.testng.TestNG.runSuitesLocally(TestNG.java:1134)
at org.testng.TestNG.runSuites(TestNG.java:1063)
at org.testng.TestNG.run(TestNG.java:1031)
at org.testng.remote.AbstractRemoteTestNG.run(AbstractRemoteTestNG.java:115)
at org.testng.remote.RemoteTestNG.initAndRun(RemoteTestNG.java:251)
at org.testng.remote.RemoteTestNG.main(RemoteTestNG.java:77)
]]>
    </failure>
  </testcase> <!-- Testcase_ColumnValidation -->
  <system-out>
    <![CDATA[Executing Snowflake query :: SELECT COLUMN_NAME FROM DEV_ENT_RAW.INFORMATION_SCHEMA.COLUMNS WHERE TABLE_NAME='TECHNICIANPAYROLL'and TABLE_SCHEMA='ST_SNELLHEATINGAIR_MATILLION'
Executing Snowflake query :: SELECT COLUMN_NAME FROM CURATED_DATAMART.INFORMATION_SCHEMA.COLUMNS WHERE TABLE_NAME='STR_TECHNICIANPAYROLL'and TABLE_SCHEMA='ST_BKP_SNELLHEATINGAIR'
Executing Snowflake query :: SELECT COLUMN_NAME FROM DEV_ENT_CURATED.INFORMATION_SCHEMA.COLUMNS WHERE TABLE_NAME='DIM_TECHNICIANPAYROLL'and TABLE_SCHEMA='MASTER_DIMENSIONS'
Column names for RAW Table --> TECHNICIANPAYROLL :: [ADDONCREWSPLITCOMMISSIONRATE, BUSINESSUNITNAME, BUSINESSUNITWEIGHTEDOVERTIMEPAYCODENEW_ORIGINALCODE, DEFAULTPAYROLLADJUSTMENTRATE, DISABLEDOUBLEOVERTIME, LINEITEMSONPURCHASEORDERS, SELLERFEE, SHOWPAYROLLPERSISTENCEFIELDSANDREPORTS, TECHNICIAN_ID, TECHNICIANDEDUCTCOMMUTETIMEFROMFIRSTDRIVE, DEDUCTCOSTSFROMSOLDBYCREDIT, LASTTIMEGROSSPAYITEMSGENERATED, PAYROLLFLATFEE, SCHEDULEDSOLOCOMMISSIONRATE, WILLIAMSPAYROLLIGNORESINVOICEBALANCETOPAYTGLANDSOLDBY, PAYROLLMARGINALRANGEBONUSES, PAYROLLREVIEWSTATE_MANAGERUPDATEDON, TECHNICIANOVERTIMEMODE, TURNOVERMINIMUMTHRESHOLD, PAYROLLSHOWMATERIALSINCOST, PAYROLLREVIEWSTATE_STATUS, ACTIVE, BUSINESSUNITPAYROLLIDLETIMESTANDARDPAYCODE_NAME, ISQUEUEDFORFORCEDSALARYRECALC, LASTTIMEUPDATED, PAYROLLPERCENTAGEFEE, SEARSPAYROLLROLE, TECHNICIANNAME, TIMEZONE, TO, BUSINESSUNITPAYROLLIDLETIMEDOUBLEOVERTIMEPAYCODE_ORIGINALCODE, BUSINESSUNITPAYROLLIDLETIMEOTPAYCODE, BUSINESSUNITPAYROLLIDLETIMESTANDARDPAYCODE_ORIGINALCODE, CREATEDBY_ID, PAYFORIDLETIMEUPTO, PAYROLLREVIEWSTATE_AUTHORIZATIONSIGNATURE, HASCALCULATEDSALARYGROSSPAYITEMS, PREVENTNJAOVERLAPPING, TECHNICIANFIRSTDRIVERULE, BUSINESSUNITPAYROLLIDLETIMEOVERTIMEPAYCODE_ORIGINALCODE, PAYROLLTYPE, TECHNICIANSOLDBYRATE, ADDONSOLOCOMMISSIONRATE, BUSINESSUNITWEIGHTEDOVERTIMEPAYCODE, HASCALCULATEDTIMESHEETGROSSPAYITEMS, ISQUEUEDFORFORCEDCOMMISSIONRECALC, TECHNICIANPAYROLLSTARTPERIOD, UPDATEERRORLOGID, FROM, PAYFORIDLETIMEOVERONEHOUR, TECHNICIANHOURLYRATE, SUPPORTSPERSISTEDINVOICES, CREATEDON, PAYROLLEXPENSEDEDUCTIONTRIGGER, HASCALCULATEDGROSSPAYITEMS, IMPORTID, USECUSTOMIDLETIMERULES, BUSINESSUNITPAYROLLIDLETIMEDOUBLEOVERTIMEPAYCODE_CODE, BUSINESSUNITPAYROLLIDLETIMEOVERTIMEPAYCODE_NAME, PAYROLLREVIEWSTATE_MANAGERSTATUS, PAYROLLREVIEWSTATE_TECHNICIANUPDATEDON, TECHNICIANPAYROLLSTATUS, USEPAYROLLDATE, PAYROLLPERCENTAGEFEEMINIMUM, BURDENRATE, BUSINESSUNIT_ID, BUSINESSUNITPAYROLLIDLETIMEOVERTIMEPAYCODE_CODE, BUSINESSUNITWEIGHTEDOVERTIMEPAYCODENEW_CODE, BUSINESSUNITWEIGHTEDOVERTIMEPAYCODENEW_NAME, INCLUDESELLERFEEANDTECHSPECIFICBONUS, ISQUEUEDFORFORCEDTIMESHEETRECALC, MANAGERNAME, PAYROLLFLATFEEMINIMUM, TECHNICIANCOMMISSIONRATE, LASTTIMETIMESHEETSGROSSPAYITEMSGENERATED, PAYROLLUSENSVASSOLDBYBASE, BUSINESSUNITPAYROLLIDLETIMESTPAYCODE, TECHNICIANINVOICINGHOURLYRATE, ATLASBUTLERTECHNICIANROLE, BUSINESSUNITPAYROLLIDLETIMESTANDARDPAYCODE_CODE, OVERTIMEPROFILE_ID, PAYROLLCOSTMARKUP, TECHNICIANCOMMUTETIME, TECHNICIANTYPE, TURNOVERBONUS, ROUNDSOLDHOURSTOTWODECIMALPLACES, PAYROLLREVIEWSTATE_DISPUTEREASON, ADDONMULTITECHCOMMISSIONRATE, BUSINESSUNITPAYROLLIDLETIMEDOUBLEOVERTIMEPAYCODE_NAME, ENABLETECHNICIANCLOCKINANDCLOCKOUT, ID, LASTTIMESALARYGROSSPAYITEMSGENERATED, MANAGER_ID, PAYROLLPERIOD_ID, PAYROLLID, PAYROLLREPORTVERSION, PAYROLLUSECOMMISSIONBASETODETECTRANGEBONUS, SCHEDULEDMULTITECHCOMMISSIONRATE, SCHEDULEDCREWSPLITCOMMISSIONRATE, TECHNICIANPAYTYPE]
Column names for DataMart Table --> STR_TECHNICIANPAYROLL :: [ADDONSOLOCOMMISSIONRATE, BUSINESSUNITPAYROLLIDLETIMESTANDARDPAYCODE_CODE, LASTTIMETIMESHEETSGROSSPAYITEMSGENERATED, PAYROLLREPORTVERSION, TECHNICIANDEDUCTCOMMUTETIMEFROMFIRSTDRIVE, TECHNICIANNAME, PAYROLLREVIEWSTATE_DISPUTEREASON, PAYROLLREVIEWSTATE_TECHNICIANUPDATEDON, SCHEDULEDSOLOCOMMISSIONRATE, ROUNDSOLDHOURSTOTWODECIMALPLACES, BUSINESSUNITPAYROLLIDLETIMESTPAYCODE, ADDONMULTITECHCOMMISSIONRATE, ATLASBUTLERTECHNICIANROLE, BUSINESSUNITPAYROLLIDLETIMEDOUBLEOVERTIMEPAYCODE_NAME, BUSINESSUNITPAYROLLIDLETIMEOTPAYCODE, HASCALCULATEDSALARYGROSSPAYITEMS, TECHNICIANFIRSTDRIVERULE, TECHNICIAN_ID, UPDATEERRORLOGID, BUSINESSUNITPAYROLLIDLETIMEOVERTIMEPAYCODE_NAME, HASCALCULATEDGROSSPAYITEMS, PAYROLLREVIEWSTATE_STATUS, PAYROLLTYPE, SEARSPAYROLLROLE, TECHNICIANCOMMUTETIME, TECHNICIANINVOICINGHOURLYRATE, IMPORTID, TECHNICIANTYPE, ACTIVE_FLAG, BURDENRATE, BUSINESSUNITPAYROLLIDLETIMEOVERTIMEPAYCODE_CODE, DEFAULTPAYROLLADJUSTMENTRATE, PAYROLLPERCENTAGEFEE, TECHNICIANPAYTYPE, ID, MANAGERNAME, RECORD_CREATE_DATE, SHOWPAYROLLPERSISTENCEFIELDSANDREPORTS, TO, TURNOVERMINIMUMTHRESHOLD, LASTTIMEUPDATED, BUSINESSUNITWEIGHTEDOVERTIMEPAYCODENEW_NAME, BUSINESSUNITPAYROLLIDLETIMEDOUBLEOVERTIMEPAYCODE_ORIGINALCODE, BUSINESSUNITPAYROLLIDLETIMESTANDARDPAYCODE_NAME, BUSINESSUNITWEIGHTEDOVERTIMEPAYCODENEW_ORIGINALCODE, CREATEDBY_ID, ISQUEUEDFORFORCEDSALARYRECALC, PAYROLLREVIEWSTATE_AUTHORIZATIONSIGNATURE, SELLERFEE, TURNOVERBONUS, PAYROLLFLATFEE, PAYROLLFLATFEEMINIMUM, PAYROLLMARGINALRANGEBONUSES, PAYROLLEXPENSEDEDUCTIONTRIGGER, PAYROLLPERCENTAGEFEEMINIMUM, SCHEDULEDMULTITECHCOMMISSIONRATE, TECHNICIANHOURLYRATE, TECHNICIANOVERTIMEMODE, PAYFORIDLETIMEOVERONEHOUR, PAYROLLREVIEWSTATE_MANAGERSTATUS, BUSINESSUNIT_ID, ENABLETECHNICIANCLOCKINANDCLOCKOUT, PAYROLLUSENSVASSOLDBYBASE, DEDUCTCOSTSFROMSOLDBYCREDIT, FROM, ISQUEUEDFORFORCEDTIMESHEETRECALC, LASTTIMESALARYGROSSPAYITEMSGENERATED, PREVENTNJAOVERLAPPING, PAYROLLUSECOMMISSIONBASETODETECTRANGEBONUS, TECHNICIANPAYROLLSTATUS, TECHNICIANSOLDBYRATE, ACTIVE, BUSINESSUNITPAYROLLIDLETIMEOVERTIMEPAYCODE_ORIGINALCODE, LASTTIMEGROSSPAYITEMSGENERATED, PAYROLLCOSTMARKUP, PAYROLLID, BUSINESSUNITPAYROLLIDLETIMESTANDARDPAYCODE_ORIGINALCODE, RECORD_UPDATE_DATE, TENANT_TYPE, TIMEZONE, USEPAYROLLDATE, PAYROLLREVIEWSTATE_MANAGERUPDATEDON, WILLIAMSPAYROLLIGNORESINVOICEBALANCETOPAYTGLANDSOLDBY, BUSINESSUNITNAME, BUSINESSUNITWEIGHTEDOVERTIMEPAYCODE, CREATEDON, DISABLEDOUBLEOVERTIME, INCLUDESELLERFEEANDTECHSPECIFICBONUS, PAYROLLPERIOD_ID, LINEITEMSONPURCHASEORDERS, PAYFORIDLETIMEUPTO, USECUSTOMIDLETIMERULES, TECHNICIANCOMMISSIONRATE, TECHNICIANPAYROLLSTARTPERIOD, SUPPORTSPERSISTEDINVOICES, ADDONCREWSPLITCOMMISSIONRATE, BUSINESSUNITWEIGHTEDOVERTIMEPAYCODENEW_CODE, HASCALCULATEDTIMESHEETGROSSPAYITEMS, ISQUEUEDFORFORCEDCOMMISSIONRECALC, MANAGER_ID, SCHEDULEDCREWSPLITCOMMISSIONRATE, OVERTIMEPROFILE_ID, PAYROLLSHOWMATERIALSINCOST, BUSINESSUNITPAYROLLIDLETIMEDOUBLEOVERTIMEPAYCODE_CODE, MASTER_ID]
Column names for Curated Table --> DIM_TECHNICIANPAYROLL :: [ADDONMULTITECHCOMMISSIONRATE, BURDENRATE, BUSINESSUNITPAYROLLIDLETIMEDOUBLEOVERTIMEPAYCODE_ORIGINALCODE, BUSINESSUNITPAYROLLIDLETIMESTANDARDPAYCODE_CODE, DISABLEDOUBLEOVERTIME, ENABLETECHNICIANCLOCKINANDCLOCKOUT, ID, PAYROLLFLATFEE, TECHNICIANNAME, LINEITEMSONPURCHASEORDERS, SHOWPAYROLLPERSISTENCEFIELDSANDREPORTS, UPDATEERRORLOGID, DEFAULTPAYROLLADJUSTMENTRATE, TECHNICIAN_ID, ADDONSOLOCOMMISSIONRATE, ISQUEUEDFORFORCEDSALARYRECALC, TURNOVERBONUS, BUSINESSUNITPAYROLLIDLETIMEOVERTIMEPAYCODE_NAME, HASCALCULATEDTIMESHEETGROSSPAYITEMS, OVERTIMEPROFILE_ID, TECHNICIANPAYROLLSTARTPERIOD, WILLIAMSPAYROLLIGNORESINVOICEBALANCETOPAYTGLANDSOLDBY, TURNOVERMINIMUMTHRESHOLD, USEPAYROLLDATE, MANAGERNAME, PAYROLLCOSTMARKUP, SEARSPAYROLLROLE, TECHNICIANPAYTYPE, HASCALCULATEDSALARYGROSSPAYITEMS, PAYROLLREVIEWSTATE_MANAGERUPDATEDON, PAYROLLTYPE, SCHEDULEDCREWSPLITCOMMISSIONRATE, TENANT_TYPE, SUPPORTSPERSISTEDINVOICES, ADDONCREWSPLITCOMMISSIONRATE, BUSINESSUNITPAYROLLIDLETIMEDOUBLEOVERTIMEPAYCODE_NAME, BUSINESSUNITPAYROLLIDLETIMEOVERTIMEPAYCODE_CODE, BUSINESSUNITPAYROLLIDLETIMESTPAYCODE, BUSINESSUNITWEIGHTEDOVERTIMEPAYCODENEW_CODE, LASTTIMETIMESHEETSGROSSPAYITEMSGENERATED, PAYROLLFLATFEEMINIMUM, TECHNICIANSOLDBYRATE, BUSINESSUNITWEIGHTEDOVERTIMEPAYCODENEW_NAME, RECORD_CREATE_DATE, TIMEZONE, PAYROLLREVIEWSTATE_DISPUTEREASON, TO, LASTTIMESALARYGROSSPAYITEMSGENERATED, ACTIVE, BUSINESSUNITPAYROLLIDLETIMESTANDARDPAYCODE_NAME, BUSINESSUNITPAYROLLIDLETIMESTANDARDPAYCODE_ORIGINALCODE, CREATEDON, LASTTIMEGROSSPAYITEMSGENERATED, PAYROLLPERCENTAGEFEE, SCHEDULEDMULTITECHCOMMISSIONRATE, BUSINESSUNITNAME, PAYFORIDLETIMEUPTO, PAYROLLREVIEWSTATE_STATUS, PAYROLLREVIEWSTATE_TECHNICIANUPDATEDON, SELLERFEE, TECHNICIANINVOICINGHOURLYRATE, TECHNICIANPAYROLLSTATUS, TECHNICIANTYPE, BUSINESSUNITPAYROLLIDLETIMEDOUBLEOVERTIMEPAYCODE_CODE, HASCALCULATEDGROSSPAYITEMS, PAYFORIDLETIMEOVERONEHOUR, PAYROLLUSECOMMISSIONBASETODETECTRANGEBONUS, RECORD_UPDATE_DATE, PAYROLLREVIEWSTATE_AUTHORIZATIONSIGNATURE, TECHNICIANFIRSTDRIVERULE, BUSINESSUNITPAYROLLIDLETIMEOVERTIMEPAYCODE_ORIGINALCODE, BUSINESSUNITPAYROLLIDLETIMEOTPAYCODE, CREATEDBY_ID, ISQUEUEDFORFORCEDCOMMISSIONRECALC, PREVENTNJAOVERLAPPING, ROUNDSOLDHOURSTOTWODECIMALPLACES, FROM, TECHNICIANCOMMISSIONRATE, TECHNICIANDEDUCTCOMMUTETIMEFROMFIRSTDRIVE, USECUSTOMIDLETIMERULES, PAYROLLMARGINALRANGEBONUSES, IMPORTID, PAYROLLREVIEWSTATE_MANAGERSTATUS, ATLASBUTLERTECHNICIANROLE, BUSINESSUNITWEIGHTEDOVERTIMEPAYCODENEW_ORIGINALCODE, BUSINESSUNIT_ID, DEDUCTCOSTSFROMSOLDBYCREDIT, ISQUEUEDFORFORCEDTIMESHEETRECALC, MANAGER_ID, PAYROLLREPORTVERSION, PAYROLLSHOWMATERIALSINCOST, PAYROLLUSENSVASSOLDBYBASE, SCHEDULEDSOLOCOMMISSIONRATE, INCLUDESELLERFEEANDTECHSPECIFICBONUS, LASTTIMEUPDATED, PAYROLLID, PAYROLLPERCENTAGEFEEMINIMUM, TECHNICIANCOMMUTETIME, TECHNICIANHOURLYRATE, TECHNICIANOVERTIMEMODE, BUSINESSUNITWEIGHTEDOVERTIMEPAYCODE, PAYROLLEXPENSEDEDUCTIONTRIGGER, PAYROLLPERIOD_ID]
Column Name found in Datamart and Curated Table :: ADDONCREWSPLITCOMMISSIONRATE
Column Name found in Datamart and Curated Table :: BUSINESSUNITNAME
Column Name found in Datamart and Curated Table :: BUSINESSUNITWEIGHTEDOVERTIMEPAYCODENEW_ORIGINALCODE
Column Name found in Datamart and Curated Table :: DEFAULTPAYROLLADJUSTMENTRATE
Column Name found in Datamart and Curated Table :: DISABLEDOUBLEOVERTIME
Column Name found in Datamart and Curated Table :: LINEITEMSONPURCHASEORDERS
Column Name found in Datamart and Curated Table :: SELLERFEE
Column Name found in Datamart and Curated Table :: SHOWPAYROLLPERSISTENCEFIELDSANDREPORTS
Column Name found in Datamart and Curated Table :: TECHNICIAN_ID
Column Name found in Datamart and Curated Table :: TECHNICIANDEDUCTCOMMUTETIMEFROMFIRSTDRIVE
Column Name found in Datamart and Curated Table :: DEDUCTCOSTSFROMSOLDBYCREDIT
Column Name found in Datamart and Curated Table :: LASTTIMEGROSSPAYITEMSGENERATED
Column Name found in Datamart and Curated Table :: PAYROLLFLATFEE
Column Name found in Datamart and Curated Table :: SCHEDULEDSOLOCOMMISSIONRATE
Column Name found in Datamart and Curated Table :: WILLIAMSPAYROLLIGNORESINVOICEBALANCETOPAYTGLANDSOLDBY
Column Name found in Datamart and Curated Table :: PAYROLLMARGINALRANGEBONUSES
Column Name found in Datamart and Curated Table :: PAYROLLREVIEWSTATE_MANAGERUPDATEDON
Column Name found in Datamart and Curated Table :: TECHNICIANOVERTIMEMODE
Column Name found in Datamart and Curated Table :: TURNOVERMINIMUMTHRESHOLD
Column Name found in Datamart and Curated Table :: PAYROLLSHOWMATERIALSINCOST
Column Name found in Datamart and Curated Table :: PAYROLLREVIEWSTATE_STATUS
Column Name found in Datamart and Curated Table :: ACTIVE
Column Name found in Datamart and Curated Table :: BUSINESSUNITPAYROLLIDLETIMESTANDARDPAYCODE_NAME
Column Name found in Datamart and Curated Table :: ISQUEUEDFORFORCEDSALARYRECALC
Column Name found in Datamart and Curated Table :: LASTTIMEUPDATED
Column Name found in Datamart and Curated Table :: PAYROLLPERCENTAGEFEE
Column Name found in Datamart and Curated Table :: SEARSPAYROLLROLE
Column Name found in Datamart and Curated Table :: TECHNICIANNAME
Column Name found in Datamart and Curated Table :: TIMEZONE
Column Name found in Datamart and Curated Table :: TO
Column Name found in Datamart and Curated Table :: BUSINESSUNITPAYROLLIDLETIMEDOUBLEOVERTIMEPAYCODE_ORIGINALCODE
Column Name found in Datamart and Curated Table :: BUSINESSUNITPAYROLLIDLETIMEOTPAYCODE
Column Name found in Datamart and Curated Table :: BUSINESSUNITPAYROLLIDLETIMESTANDARDPAYCODE_ORIGINALCODE
Column Name found in Datamart and Curated Table :: CREATEDBY_ID
Column Name found in Datamart and Curated Table :: PAYFORIDLETIMEUPTO
Column Name found in Datamart and Curated Table :: PAYROLLREVIEWSTATE_AUTHORIZATIONSIGNATURE
Column Name found in Datamart and Curated Table :: HASCALCULATEDSALARYGROSSPAYITEMS
Column Name found in Datamart and Curated Table :: PREVENTNJAOVERLAPPING
Column Name found in Datamart and Curated Table :: TECHNICIANFIRSTDRIVERULE
Column Name found in Datamart and Curated Table :: BUSINESSUNITPAYROLLIDLETIMEOVERTIMEPAYCODE_ORIGINALCODE
Column Name found in Datamart and Curated Table :: PAYROLLTYPE
Column Name found in Datamart and Curated Table :: TECHNICIANSOLDBYRATE
Column Name found in Datamart and Curated Table :: ADDONSOLOCOMMISSIONRATE
Column Name found in Datamart and Curated Table :: BUSINESSUNITWEIGHTEDOVERTIMEPAYCODE
Column Name found in Datamart and Curated Table :: HASCALCULATEDTIMESHEETGROSSPAYITEMS
Column Name found in Datamart and Curated Table :: ISQUEUEDFORFORCEDCOMMISSIONRECALC
Column Name found in Datamart and Curated Table :: TECHNICIANPAYROLLSTARTPERIOD
Column Name found in Datamart and Curated Table :: UPDATEERRORLOGID
Column Name found in Datamart and Curated Table :: FROM
Column Name found in Datamart and Curated Table :: PAYFORIDLETIMEOVERONEHOUR
Column Name found in Datamart and Curated Table :: TECHNICIANHOURLYRATE
Column Name found in Datamart and Curated Table :: SUPPORTSPERSISTEDINVOICES
Column Name found in Datamart and Curated Table :: CREATEDON
Column Name found in Datamart and Curated Table :: PAYROLLEXPENSEDEDUCTIONTRIGGER
Column Name found in Datamart and Curated Table :: HASCALCULATEDGROSSPAYITEMS
Column Name found in Datamart and Curated Table :: IMPORTID
Column Name found in Datamart and Curated Table :: USECUSTOMIDLETIMERULES
Column Name found in Datamart and Curated Table :: BUSINESSUNITPAYROLLIDLETIMEDOUBLEOVERTIMEPAYCODE_CODE
Column Name found in Datamart and Curated Table :: BUSINESSUNITPAYROLLIDLETIMEOVERTIMEPAYCODE_NAME
Column Name found in Datamart and Curated Table :: PAYROLLREVIEWSTATE_MANAGERSTATUS
Column Name found in Datamart and Curated Table :: PAYROLLREVIEWSTATE_TECHNICIANUPDATEDON
Column Name found in Datamart and Curated Table :: TECHNICIANPAYROLLSTATUS
Column Name found in Datamart and Curated Table :: USEPAYROLLDATE
Column Name found in Datamart and Curated Table :: PAYROLLPERCENTAGEFEEMINIMUM
Column Name found in Datamart and Curated Table :: BURDENRATE
Column Name found in Datamart and Curated Table :: BUSINESSUNIT_ID
Column Name found in Datamart and Curated Table :: BUSINESSUNITPAYROLLIDLETIMEOVERTIMEPAYCODE_CODE
Column Name found in Datamart and Curated Table :: BUSINESSUNITWEIGHTEDOVERTIMEPAYCODENEW_CODE
Column Name found in Datamart and Curated Table :: BUSINESSUNITWEIGHTEDOVERTIMEPAYCODENEW_NAME
Column Name found in Datamart and Curated Table :: INCLUDESELLERFEEANDTECHSPECIFICBONUS
Column Name found in Datamart and Curated Table :: ISQUEUEDFORFORCEDTIMESHEETRECALC
Column Name found in Datamart and Curated Table :: MANAGERNAME
Column Name found in Datamart and Curated Table :: PAYROLLFLATFEEMINIMUM
Column Name found in Datamart and Curated Table :: TECHNICIANCOMMISSIONRATE
Column Name found in Datamart and Curated Table :: LASTTIMETIMESHEETSGROSSPAYITEMSGENERATED
Column Name found in Datamart and Curated Table :: PAYROLLUSENSVASSOLDBYBASE
Column Name found in Datamart and Curated Table :: BUSINESSUNITPAYROLLIDLETIMESTPAYCODE
Column Name found in Datamart and Curated Table :: TECHNICIANINVOICINGHOURLYRATE
Column Name found in Datamart and Curated Table :: ATLASBUTLERTECHNICIANROLE
Column Name found in Datamart and Curated Table :: BUSINESSUNITPAYROLLIDLETIMESTANDARDPAYCODE_CODE
Column Name found in Datamart and Curated Table :: OVERTIMEPROFILE_ID
Column Name found in Datamart and Curated Table :: PAYROLLCOSTMARKUP
Column Name found in Datamart and Curated Table :: TECHNICIANCOMMUTETIME
Column Name found in Datamart and Curated Table :: TECHNICIANTYPE
Column Name found in Datamart and Curated Table :: TURNOVERBONUS
Column Name found in Datamart and Curated Table :: ROUNDSOLDHOURSTOTWODECIMALPLACES
Column Name found in Datamart and Curated Table :: PAYROLLREVIEWSTATE_DISPUTEREASON
Column Name found in Datamart and Curated Table :: ADDONMULTITECHCOMMISSIONRATE
Column Name found in Datamart and Curated Table :: BUSINESSUNITPAYROLLIDLETIMEDOUBLEOVERTIMEPAYCODE_NAME
Column Name found in Datamart and Curated Table :: ENABLETECHNICIANCLOCKINANDCLOCKOUT
Column Name found in Datamart and Curated Table :: ID
Column Name found in Datamart and Curated Table :: LASTTIMESALARYGROSSPAYITEMSGENERATED
Column Name found in Datamart and Curated Table :: MANAGER_ID
Column Name found in Datamart and Curated Table :: PAYROLLPERIOD_ID
Column Name found in Datamart and Curated Table :: PAYROLLID
Column Name found in Datamart and Curated Table :: PAYROLLREPORTVERSION
Column Name found in Datamart and Curated Table :: PAYROLLUSECOMMISSIONBASETODETECTRANGEBONUS
Column Name found in Datamart and Curated Table :: SCHEDULEDMULTITECHCOMMISSIONRATE
Column Name found in Datamart and Curated Table :: SCHEDULEDCREWSPLITCOMMISSIONRATE
Column Name found in Datamart and Curated Table :: TECHNICIANPAYTYPE
Datamart tables contains additional column name like [ACTIVE_FLAG, RECORD_CREATE_DATE, RECORD_UPDATE_DATE, RECORD_UPDATE_DATE, MASTER_ID, TENANT_TYPE]
Curated tables not contains additional column name like [RECORD_CREATE_DATE, RECORD_UPDATE_DATE, RECORD_UPDATED_BY, TENANT_TYPE]]]>
  </system-out>
  <testcase classname="testcases.RAW_DATAMART_CURATED.SnowFlake_ColumnValidation_Master" name="Testcase_ColumnValidation" time="2.470">
    <failure message="The following asserts failed:
	null" type="java.lang.AssertionError">
      <![CDATA[java.lang.AssertionError: The following asserts failed:
null
at org.testng.asserts.SoftAssert.assertAll(SoftAssert.java:47)
at org.testng.asserts.SoftAssert.assertAll(SoftAssert.java:31)
at testcases.RAW_DATAMART_CURATED.SnowFlake_ColumnValidation_Master.BKP_Tables_ColumnName_validation(SnowFlake_ColumnValidation_Master.java:231)
at testcases.RAW_DATAMART_CURATED.SnowFlake_ColumnValidation_Master.Testcase_ColumnValidation(SnowFlake_ColumnValidation_Master.java:240)
at jdk.internal.reflect.GeneratedMethodAccessor12.invoke(Unknown Source)
at java.base/jdk.internal.reflect.DelegatingMethodAccessorImpl.invoke(DelegatingMethodAccessorImpl.java:43)
at java.base/java.lang.reflect.Method.invoke(Method.java:568)
at org.testng.internal.MethodInvocationHelper.invokeMethod(MethodInvocationHelper.java:133)
at org.testng.internal.TestInvoker.invokeMethod(TestInvoker.java:598)
at org.testng.internal.TestInvoker.invokeTestMethod(TestInvoker.java:173)
at org.testng.internal.MethodRunner.runInSequence(MethodRunner.java:46)
at org.testng.internal.TestInvoker$MethodInvocationAgent.invoke(TestInvoker.java:824)
at org.testng.internal.TestInvoker.invokeTestMethods(TestInvoker.java:146)
at org.testng.internal.TestMethodWorker.invokeTestMethods(TestMethodWorker.java:146)
at org.testng.internal.TestMethodWorker.run(TestMethodWorker.java:128)
at java.base/java.util.ArrayList.forEach(ArrayList.java:1511)
at org.testng.TestRunner.privateRun(TestRunner.java:794)
at org.testng.TestRunner.run(TestRunner.java:596)
at org.testng.SuiteRunner.runTest(SuiteRunner.java:377)
at org.testng.SuiteRunner.runSequentially(SuiteRunner.java:371)
at org.testng.SuiteRunner.privateRun(SuiteRunner.java:332)
at org.testng.SuiteRunner.run(SuiteRunner.java:276)
at org.testng.SuiteRunnerWorker.runSuite(SuiteRunnerWorker.java:53)
at org.testng.SuiteRunnerWorker.run(SuiteRunnerWorker.java:96)
at org.testng.TestNG.runSuitesSequentially(TestNG.java:1212)
at org.testng.TestNG.runSuitesLocally(TestNG.java:1134)
at org.testng.TestNG.runSuites(TestNG.java:1063)
at org.testng.TestNG.run(TestNG.java:1031)
at org.testng.remote.AbstractRemoteTestNG.run(AbstractRemoteTestNG.java:115)
at org.testng.remote.RemoteTestNG.initAndRun(RemoteTestNG.java:251)
at org.testng.remote.RemoteTestNG.main(RemoteTestNG.java:77)
]]>
    </failure>
  </testcase> <!-- Testcase_ColumnValidation -->
  <system-out>
    <![CDATA[Executing Snowflake query :: SELECT COLUMN_NAME FROM DEV_ENT_RAW.INFORMATION_SCHEMA.COLUMNS WHERE TABLE_NAME='TECHNICIANPAYROLL'and TABLE_SCHEMA='ST_HORIZONSERVICES_MATILLION'
Executing Snowflake query :: SELECT COLUMN_NAME FROM CURATED_DATAMART.INFORMATION_SCHEMA.COLUMNS WHERE TABLE_NAME='STR_TECHNICIANPAYROLL'and TABLE_SCHEMA='ST_BKP_HORIZONSERVICES'
Executing Snowflake query :: SELECT COLUMN_NAME FROM DEV_ENT_CURATED.INFORMATION_SCHEMA.COLUMNS WHERE TABLE_NAME='DIM_TECHNICIANPAYROLL'and TABLE_SCHEMA='MASTER_DIMENSIONS'
Column names for RAW Table --> TECHNICIANPAYROLL :: [BUSINESSUNITWEIGHTEDOVERTIMEPAYCODENEW_NAME, HASCALCULATEDTIMESHEETGROSSPAYITEMS, LINEITEMSONPURCHASEORDERS, PAYROLLCOSTMARKUP, LASTTIMEUPDATED, PAYROLLREVIEWSTATE_STATUS, TECHNICIANSOLDBYRATE, TURNOVERMINIMUMTHRESHOLD, WILLIAMSPAYROLLIGNORESINVOICEBALANCETOPAYTGLANDSOLDBY, SCHEDULEDSOLOCOMMISSIONRATE, USEPAYROLLDATE, DEDUCTCOSTSFROMSOLDBYCREDIT, PAYROLLPERIOD_ID, ADDONSOLOCOMMISSIONRATE, BUSINESSUNITPAYROLLIDLETIMEOTPAYCODE, BUSINESSUNITWEIGHTEDOVERTIMEPAYCODENEW_CODE, ISQUEUEDFORFORCEDSALARYRECALC, PAYROLLREPORTVERSION, SCHEDULEDMULTITECHCOMMISSIONRATE, TECHNICIANPAYROLLSTARTPERIOD, ADDONMULTITECHCOMMISSIONRATE, BUSINESSUNIT_ID, BUSINESSUNITPAYROLLIDLETIMESTPAYCODE, BUSINESSUNITWEIGHTEDOVERTIMEPAYCODENEW_ORIGINALCODE, FROM, INCLUDESELLERFEEANDTECHSPECIFICBONUS, PAYROLLREVIEWSTATE_AUTHORIZATIONSIGNATURE, PREVENTNJAOVERLAPPING, SHOWPAYROLLPERSISTENCEFIELDSANDREPORTS, TECHNICIAN_ID, TECHNICIANDEDUCTCOMMUTETIMEFROMFIRSTDRIVE, TECHNICIANFIRSTDRIVERULE, PAYFORIDLETIMEOVERONEHOUR, PAYROLLTYPE, TECHNICIANHOURLYRATE, TECHNICIANOVERTIMEMODE, TECHNICIANPAYROLLSTATUS, BUSINESSUNITPAYROLLIDLETIMEOVERTIMEPAYCODE_NAME, SCHEDULEDCREWSPLITCOMMISSIONRATE, SELLERFEE, TIMEZONE, BUSINESSUNITPAYROLLIDLETIMESTANDARDPAYCODE_NAME, DEFAULTPAYROLLADJUSTMENTRATE, DISABLEDOUBLEOVERTIME, ACTIVE, ADDONCREWSPLITCOMMISSIONRATE, BUSINESSUNITPAYROLLIDLETIMEOVERTIMEPAYCODE_CODE, CREATEDBY_ID, SEARSPAYROLLROLE, TURNOVERBONUS, BUSINESSUNITWEIGHTEDOVERTIMEPAYCODE, HASCALCULATEDGROSSPAYITEMS, TECHNICIANCOMMUTETIME, PAYROLLPERCENTAGEFEEMINIMUM, BUSINESSUNITPAYROLLIDLETIMEDOUBLEOVERTIMEPAYCODE_NAME, BUSINESSUNITPAYROLLIDLETIMEOVERTIMEPAYCODE_ORIGINALCODE, BUSINESSUNITPAYROLLIDLETIMESTANDARDPAYCODE_CODE, ISQUEUEDFORFORCEDCOMMISSIONRECALC, PAYFORIDLETIMEUPTO, PAYROLLID, PAYROLLREVIEWSTATE_MANAGERUPDATEDON, TECHNICIANNAME, TECHNICIANPAYTYPE, PAYROLLREVIEWSTATE_DISPUTEREASON, UPDATEERRORLOGID, HASCALCULATEDSALARYGROSSPAYITEMS, BUSINESSUNITNAME, ISQUEUEDFORFORCEDTIMESHEETRECALC, LASTTIMEGROSSPAYITEMSGENERATED, PAYROLLUSECOMMISSIONBASETODETECTRANGEBONUS, BUSINESSUNITPAYROLLIDLETIMEDOUBLEOVERTIMEPAYCODE_ORIGINALCODE, OVERTIMEPROFILE_ID, PAYROLLEXPENSEDEDUCTIONTRIGGER, PAYROLLFLATFEE, PAYROLLPERCENTAGEFEE, TO, TECHNICIANTYPE, ATLASBUTLERTECHNICIANROLE, ID, LASTTIMETIMESHEETSGROSSPAYITEMSGENERATED, MANAGER_ID, PAYROLLREVIEWSTATE_MANAGERSTATUS, CREATEDON, IMPORTID, LASTTIMESALARYGROSSPAYITEMSGENERATED, MANAGERNAME, PAYROLLREVIEWSTATE_TECHNICIANUPDATEDON, USECUSTOMIDLETIMERULES, PAYROLLUSENSVASSOLDBYBASE, TECHNICIANCOMMISSIONRATE, ROUNDSOLDHOURSTOTWODECIMALPLACES, PAYROLLFLATFEEMINIMUM, TECHNICIANINVOICINGHOURLYRATE, BURDENRATE, ENABLETECHNICIANCLOCKINANDCLOCKOUT, PAYROLLMARGINALRANGEBONUSES, PAYROLLSHOWMATERIALSINCOST, BUSINESSUNITPAYROLLIDLETIMEDOUBLEOVERTIMEPAYCODE_CODE, BUSINESSUNITPAYROLLIDLETIMESTANDARDPAYCODE_ORIGINALCODE, SUPPORTSPERSISTEDINVOICES]
Column names for DataMart Table --> STR_TECHNICIANPAYROLL :: [BUSINESSUNITPAYROLLIDLETIMEDOUBLEOVERTIMEPAYCODE_ORIGINALCODE, BUSINESSUNITPAYROLLIDLETIMESTANDARDPAYCODE_CODE, BUSINESSUNITWEIGHTEDOVERTIMEPAYCODE, PAYROLLFLATFEEMINIMUM, TECHNICIANCOMMUTETIME, TECHNICIANCOMMISSIONRATE, TURNOVERBONUS, WILLIAMSPAYROLLIGNORESINVOICEBALANCETOPAYTGLANDSOLDBY, BURDENRATE, BUSINESSUNITPAYROLLIDLETIMESTANDARDPAYCODE_NAME, BUSINESSUNITWEIGHTEDOVERTIMEPAYCODENEW_NAME, DEDUCTCOSTSFROMSOLDBYCREDIT, LASTTIMETIMESHEETSGROSSPAYITEMSGENERATED, PAYROLLEXPENSEDEDUCTIONTRIGGER, PAYROLLREVIEWSTATE_MANAGERSTATUS, PAYROLLREVIEWSTATE_TECHNICIANUPDATEDON, SCHEDULEDMULTITECHCOMMISSIONRATE, BUSINESSUNITNAME, DEFAULTPAYROLLADJUSTMENTRATE, LASTTIMEUPDATED, PAYROLLUSENSVASSOLDBYBASE, TENANT_TYPE, TECHNICIANFIRSTDRIVERULE, SCHEDULEDSOLOCOMMISSIONRATE, PAYROLLSHOWMATERIALSINCOST, TIMEZONE, ACTIVE_FLAG, ADDONCREWSPLITCOMMISSIONRATE, ADDONMULTITECHCOMMISSIONRATE, BUSINESSUNITPAYROLLIDLETIMEOTPAYCODE, IMPORTID, PAYROLLCOSTMARKUP, TECHNICIANPAYROLLSTARTPERIOD, TECHNICIANOVERTIMEMODE, TECHNICIANPAYROLLSTATUS, PAYROLLID, BUSINESSUNITPAYROLLIDLETIMESTANDARDPAYCODE_ORIGINALCODE, FROM, SCHEDULEDCREWSPLITCOMMISSIONRATE, SEARSPAYROLLROLE, SELLERFEE, USECUSTOMIDLETIMERULES, MANAGER_ID, PAYROLLPERCENTAGEFEE, RECORD_CREATE_DATE, SHOWPAYROLLPERSISTENCEFIELDSANDREPORTS, TECHNICIANPAYTYPE, USEPAYROLLDATE, HASCALCULATEDGROSSPAYITEMS, TECHNICIANDEDUCTCOMMUTETIMEFROMFIRSTDRIVE, BUSINESSUNITWEIGHTEDOVERTIMEPAYCODENEW_CODE, TECHNICIANTYPE, TECHNICIANNAME, RECORD_UPDATE_DATE, BUSINESSUNITPAYROLLIDLETIMEDOUBLEOVERTIMEPAYCODE_CODE, BUSINESSUNITPAYROLLIDLETIMEOVERTIMEPAYCODE_CODE, CREATEDBY_ID, DISABLEDOUBLEOVERTIME, ENABLETECHNICIANCLOCKINANDCLOCKOUT, LINEITEMSONPURCHASEORDERS, MANAGERNAME, MASTER_ID, CREATEDON, ISQUEUEDFORFORCEDTIMESHEETRECALC, LASTTIMEGROSSPAYITEMSGENERATED, ROUNDSOLDHOURSTOTWODECIMALPLACES, SUPPORTSPERSISTEDINVOICES, TECHNICIANINVOICINGHOURLYRATE, PAYROLLPERCENTAGEFEEMINIMUM, LASTTIMESALARYGROSSPAYITEMSGENERATED, HASCALCULATEDSALARYGROSSPAYITEMS, ACTIVE, ISQUEUEDFORFORCEDCOMMISSIONRECALC, ISQUEUEDFORFORCEDSALARYRECALC, PAYROLLFLATFEE, PAYROLLREVIEWSTATE_AUTHORIZATIONSIGNATURE, TURNOVERMINIMUMTHRESHOLD, UPDATEERRORLOGID, PAYROLLTYPE, TECHNICIANHOURLYRATE, PAYROLLREVIEWSTATE_STATUS, TO, PAYROLLPERIOD_ID, ATLASBUTLERTECHNICIANROLE, BUSINESSUNITPAYROLLIDLETIMEOVERTIMEPAYCODE_ORIGINALCODE, BUSINESSUNITPAYROLLIDLETIMESTPAYCODE, BUSINESSUNIT_ID, HASCALCULATEDTIMESHEETGROSSPAYITEMS, ID, BUSINESSUNITPAYROLLIDLETIMEOVERTIMEPAYCODE_NAME, INCLUDESELLERFEEANDTECHSPECIFICBONUS, PAYROLLUSECOMMISSIONBASETODETECTRANGEBONUS, PAYROLLREPORTVERSION, OVERTIMEPROFILE_ID, ADDONSOLOCOMMISSIONRATE, BUSINESSUNITPAYROLLIDLETIMEDOUBLEOVERTIMEPAYCODE_NAME, PAYROLLREVIEWSTATE_DISPUTEREASON, PAYROLLREVIEWSTATE_MANAGERUPDATEDON, BUSINESSUNITWEIGHTEDOVERTIMEPAYCODENEW_ORIGINALCODE, PAYFORIDLETIMEOVERONEHOUR, PAYFORIDLETIMEUPTO, PAYROLLMARGINALRANGEBONUSES, TECHNICIAN_ID, PREVENTNJAOVERLAPPING, TECHNICIANSOLDBYRATE]
Column names for Curated Table --> DIM_TECHNICIANPAYROLL :: [ADDONMULTITECHCOMMISSIONRATE, BURDENRATE, BUSINESSUNITPAYROLLIDLETIMEDOUBLEOVERTIMEPAYCODE_ORIGINALCODE, BUSINESSUNITPAYROLLIDLETIMESTANDARDPAYCODE_CODE, DISABLEDOUBLEOVERTIME, ENABLETECHNICIANCLOCKINANDCLOCKOUT, ID, PAYROLLFLATFEE, TECHNICIANNAME, LINEITEMSONPURCHASEORDERS, SHOWPAYROLLPERSISTENCEFIELDSANDREPORTS, UPDATEERRORLOGID, DEFAULTPAYROLLADJUSTMENTRATE, TECHNICIAN_ID, ADDONSOLOCOMMISSIONRATE, ISQUEUEDFORFORCEDSALARYRECALC, TURNOVERBONUS, BUSINESSUNITPAYROLLIDLETIMEOVERTIMEPAYCODE_NAME, HASCALCULATEDTIMESHEETGROSSPAYITEMS, OVERTIMEPROFILE_ID, TECHNICIANPAYROLLSTARTPERIOD, WILLIAMSPAYROLLIGNORESINVOICEBALANCETOPAYTGLANDSOLDBY, TURNOVERMINIMUMTHRESHOLD, USEPAYROLLDATE, MANAGERNAME, PAYROLLCOSTMARKUP, SEARSPAYROLLROLE, TECHNICIANPAYTYPE, HASCALCULATEDSALARYGROSSPAYITEMS, PAYROLLREVIEWSTATE_MANAGERUPDATEDON, PAYROLLTYPE, SCHEDULEDCREWSPLITCOMMISSIONRATE, TENANT_TYPE, SUPPORTSPERSISTEDINVOICES, ADDONCREWSPLITCOMMISSIONRATE, BUSINESSUNITPAYROLLIDLETIMEDOUBLEOVERTIMEPAYCODE_NAME, BUSINESSUNITPAYROLLIDLETIMEOVERTIMEPAYCODE_CODE, BUSINESSUNITPAYROLLIDLETIMESTPAYCODE, BUSINESSUNITWEIGHTEDOVERTIMEPAYCODENEW_CODE, LASTTIMETIMESHEETSGROSSPAYITEMSGENERATED, PAYROLLFLATFEEMINIMUM, TECHNICIANSOLDBYRATE, BUSINESSUNITWEIGHTEDOVERTIMEPAYCODENEW_NAME, RECORD_CREATE_DATE, TIMEZONE, PAYROLLREVIEWSTATE_DISPUTEREASON, TO, LASTTIMESALARYGROSSPAYITEMSGENERATED, ACTIVE, BUSINESSUNITPAYROLLIDLETIMESTANDARDPAYCODE_NAME, BUSINESSUNITPAYROLLIDLETIMESTANDARDPAYCODE_ORIGINALCODE, CREATEDON, LASTTIMEGROSSPAYITEMSGENERATED, PAYROLLPERCENTAGEFEE, SCHEDULEDMULTITECHCOMMISSIONRATE, BUSINESSUNITNAME, PAYFORIDLETIMEUPTO, PAYROLLREVIEWSTATE_STATUS, PAYROLLREVIEWSTATE_TECHNICIANUPDATEDON, SELLERFEE, TECHNICIANINVOICINGHOURLYRATE, TECHNICIANPAYROLLSTATUS, TECHNICIANTYPE, BUSINESSUNITPAYROLLIDLETIMEDOUBLEOVERTIMEPAYCODE_CODE, HASCALCULATEDGROSSPAYITEMS, PAYFORIDLETIMEOVERONEHOUR, PAYROLLUSECOMMISSIONBASETODETECTRANGEBONUS, RECORD_UPDATE_DATE, PAYROLLREVIEWSTATE_AUTHORIZATIONSIGNATURE, TECHNICIANFIRSTDRIVERULE, BUSINESSUNITPAYROLLIDLETIMEOVERTIMEPAYCODE_ORIGINALCODE, BUSINESSUNITPAYROLLIDLETIMEOTPAYCODE, CREATEDBY_ID, ISQUEUEDFORFORCEDCOMMISSIONRECALC, PREVENTNJAOVERLAPPING, ROUNDSOLDHOURSTOTWODECIMALPLACES, FROM, TECHNICIANCOMMISSIONRATE, TECHNICIANDEDUCTCOMMUTETIMEFROMFIRSTDRIVE, USECUSTOMIDLETIMERULES, PAYROLLMARGINALRANGEBONUSES, IMPORTID, PAYROLLREVIEWSTATE_MANAGERSTATUS, ATLASBUTLERTECHNICIANROLE, BUSINESSUNITWEIGHTEDOVERTIMEPAYCODENEW_ORIGINALCODE, BUSINESSUNIT_ID, DEDUCTCOSTSFROMSOLDBYCREDIT, ISQUEUEDFORFORCEDTIMESHEETRECALC, MANAGER_ID, PAYROLLREPORTVERSION, PAYROLLSHOWMATERIALSINCOST, PAYROLLUSENSVASSOLDBYBASE, SCHEDULEDSOLOCOMMISSIONRATE, INCLUDESELLERFEEANDTECHSPECIFICBONUS, LASTTIMEUPDATED, PAYROLLID, PAYROLLPERCENTAGEFEEMINIMUM, TECHNICIANCOMMUTETIME, TECHNICIANHOURLYRATE, TECHNICIANOVERTIMEMODE, BUSINESSUNITWEIGHTEDOVERTIMEPAYCODE, PAYROLLEXPENSEDEDUCTIONTRIGGER, PAYROLLPERIOD_ID]
Column Name found in Datamart and Curated Table :: BUSINESSUNITWEIGHTEDOVERTIMEPAYCODENEW_NAME
Column Name found in Datamart and Curated Table :: HASCALCULATEDTIMESHEETGROSSPAYITEMS
Column Name found in Datamart and Curated Table :: LINEITEMSONPURCHASEORDERS
Column Name found in Datamart and Curated Table :: PAYROLLCOSTMARKUP
Column Name found in Datamart and Curated Table :: LASTTIMEUPDATED
Column Name found in Datamart and Curated Table :: PAYROLLREVIEWSTATE_STATUS
Column Name found in Datamart and Curated Table :: TECHNICIANSOLDBYRATE
Column Name found in Datamart and Curated Table :: TURNOVERMINIMUMTHRESHOLD
Column Name found in Datamart and Curated Table :: WILLIAMSPAYROLLIGNORESINVOICEBALANCETOPAYTGLANDSOLDBY
Column Name found in Datamart and Curated Table :: SCHEDULEDSOLOCOMMISSIONRATE
Column Name found in Datamart and Curated Table :: USEPAYROLLDATE
Column Name found in Datamart and Curated Table :: DEDUCTCOSTSFROMSOLDBYCREDIT
Column Name found in Datamart and Curated Table :: PAYROLLPERIOD_ID
Column Name found in Datamart and Curated Table :: ADDONSOLOCOMMISSIONRATE
Column Name found in Datamart and Curated Table :: BUSINESSUNITPAYROLLIDLETIMEOTPAYCODE
Column Name found in Datamart and Curated Table :: BUSINESSUNITWEIGHTEDOVERTIMEPAYCODENEW_CODE
Column Name found in Datamart and Curated Table :: ISQUEUEDFORFORCEDSALARYRECALC
Column Name found in Datamart and Curated Table :: PAYROLLREPORTVERSION
Column Name found in Datamart and Curated Table :: SCHEDULEDMULTITECHCOMMISSIONRATE
Column Name found in Datamart and Curated Table :: TECHNICIANPAYROLLSTARTPERIOD
Column Name found in Datamart and Curated Table :: ADDONMULTITECHCOMMISSIONRATE
Column Name found in Datamart and Curated Table :: BUSINESSUNIT_ID
Column Name found in Datamart and Curated Table :: BUSINESSUNITPAYROLLIDLETIMESTPAYCODE
Column Name found in Datamart and Curated Table :: BUSINESSUNITWEIGHTEDOVERTIMEPAYCODENEW_ORIGINALCODE
Column Name found in Datamart and Curated Table :: FROM
Column Name found in Datamart and Curated Table :: INCLUDESELLERFEEANDTECHSPECIFICBONUS
Column Name found in Datamart and Curated Table :: PAYROLLREVIEWSTATE_AUTHORIZATIONSIGNATURE
Column Name found in Datamart and Curated Table :: PREVENTNJAOVERLAPPING
Column Name found in Datamart and Curated Table :: SHOWPAYROLLPERSISTENCEFIELDSANDREPORTS
Column Name found in Datamart and Curated Table :: TECHNICIAN_ID
Column Name found in Datamart and Curated Table :: TECHNICIANDEDUCTCOMMUTETIMEFROMFIRSTDRIVE
Column Name found in Datamart and Curated Table :: TECHNICIANFIRSTDRIVERULE
Column Name found in Datamart and Curated Table :: PAYFORIDLETIMEOVERONEHOUR
Column Name found in Datamart and Curated Table :: PAYROLLTYPE
Column Name found in Datamart and Curated Table :: TECHNICIANHOURLYRATE
Column Name found in Datamart and Curated Table :: TECHNICIANOVERTIMEMODE
Column Name found in Datamart and Curated Table :: TECHNICIANPAYROLLSTATUS
Column Name found in Datamart and Curated Table :: BUSINESSUNITPAYROLLIDLETIMEOVERTIMEPAYCODE_NAME
Column Name found in Datamart and Curated Table :: SCHEDULEDCREWSPLITCOMMISSIONRATE
Column Name found in Datamart and Curated Table :: SELLERFEE
Column Name found in Datamart and Curated Table :: TIMEZONE
Column Name found in Datamart and Curated Table :: BUSINESSUNITPAYROLLIDLETIMESTANDARDPAYCODE_NAME
Column Name found in Datamart and Curated Table :: DEFAULTPAYROLLADJUSTMENTRATE
Column Name found in Datamart and Curated Table :: DISABLEDOUBLEOVERTIME
Column Name found in Datamart and Curated Table :: ACTIVE
Column Name found in Datamart and Curated Table :: ADDONCREWSPLITCOMMISSIONRATE
Column Name found in Datamart and Curated Table :: BUSINESSUNITPAYROLLIDLETIMEOVERTIMEPAYCODE_CODE
Column Name found in Datamart and Curated Table :: CREATEDBY_ID
Column Name found in Datamart and Curated Table :: SEARSPAYROLLROLE
Column Name found in Datamart and Curated Table :: TURNOVERBONUS
Column Name found in Datamart and Curated Table :: BUSINESSUNITWEIGHTEDOVERTIMEPAYCODE
Column Name found in Datamart and Curated Table :: HASCALCULATEDGROSSPAYITEMS
Column Name found in Datamart and Curated Table :: TECHNICIANCOMMUTETIME
Column Name found in Datamart and Curated Table :: PAYROLLPERCENTAGEFEEMINIMUM
Column Name found in Datamart and Curated Table :: BUSINESSUNITPAYROLLIDLETIMEDOUBLEOVERTIMEPAYCODE_NAME
Column Name found in Datamart and Curated Table :: BUSINESSUNITPAYROLLIDLETIMEOVERTIMEPAYCODE_ORIGINALCODE
Column Name found in Datamart and Curated Table :: BUSINESSUNITPAYROLLIDLETIMESTANDARDPAYCODE_CODE
Column Name found in Datamart and Curated Table :: ISQUEUEDFORFORCEDCOMMISSIONRECALC
Column Name found in Datamart and Curated Table :: PAYFORIDLETIMEUPTO
Column Name found in Datamart and Curated Table :: PAYROLLID
Column Name found in Datamart and Curated Table :: PAYROLLREVIEWSTATE_MANAGERUPDATEDON
Column Name found in Datamart and Curated Table :: TECHNICIANNAME
Column Name found in Datamart and Curated Table :: TECHNICIANPAYTYPE
Column Name found in Datamart and Curated Table :: PAYROLLREVIEWSTATE_DISPUTEREASON
Column Name found in Datamart and Curated Table :: UPDATEERRORLOGID
Column Name found in Datamart and Curated Table :: HASCALCULATEDSALARYGROSSPAYITEMS
Column Name found in Datamart and Curated Table :: BUSINESSUNITNAME
Column Name found in Datamart and Curated Table :: ISQUEUEDFORFORCEDTIMESHEETRECALC
Column Name found in Datamart and Curated Table :: LASTTIMEGROSSPAYITEMSGENERATED
Column Name found in Datamart and Curated Table :: PAYROLLUSECOMMISSIONBASETODETECTRANGEBONUS
Column Name found in Datamart and Curated Table :: BUSINESSUNITPAYROLLIDLETIMEDOUBLEOVERTIMEPAYCODE_ORIGINALCODE
Column Name found in Datamart and Curated Table :: OVERTIMEPROFILE_ID
Column Name found in Datamart and Curated Table :: PAYROLLEXPENSEDEDUCTIONTRIGGER
Column Name found in Datamart and Curated Table :: PAYROLLFLATFEE
Column Name found in Datamart and Curated Table :: PAYROLLPERCENTAGEFEE
Column Name found in Datamart and Curated Table :: TO
Column Name found in Datamart and Curated Table :: TECHNICIANTYPE
Column Name found in Datamart and Curated Table :: ATLASBUTLERTECHNICIANROLE
Column Name found in Datamart and Curated Table :: ID
Column Name found in Datamart and Curated Table :: LASTTIMETIMESHEETSGROSSPAYITEMSGENERATED
Column Name found in Datamart and Curated Table :: MANAGER_ID
Column Name found in Datamart and Curated Table :: PAYROLLREVIEWSTATE_MANAGERSTATUS
Column Name found in Datamart and Curated Table :: CREATEDON
Column Name found in Datamart and Curated Table :: IMPORTID
Column Name found in Datamart and Curated Table :: LASTTIMESALARYGROSSPAYITEMSGENERATED
Column Name found in Datamart and Curated Table :: MANAGERNAME
Column Name found in Datamart and Curated Table :: PAYROLLREVIEWSTATE_TECHNICIANUPDATEDON
Column Name found in Datamart and Curated Table :: USECUSTOMIDLETIMERULES
Column Name found in Datamart and Curated Table :: PAYROLLUSENSVASSOLDBYBASE
Column Name found in Datamart and Curated Table :: TECHNICIANCOMMISSIONRATE
Column Name found in Datamart and Curated Table :: ROUNDSOLDHOURSTOTWODECIMALPLACES
Column Name found in Datamart and Curated Table :: PAYROLLFLATFEEMINIMUM
Column Name found in Datamart and Curated Table :: TECHNICIANINVOICINGHOURLYRATE
Column Name found in Datamart and Curated Table :: BURDENRATE
Column Name found in Datamart and Curated Table :: ENABLETECHNICIANCLOCKINANDCLOCKOUT
Column Name found in Datamart and Curated Table :: PAYROLLMARGINALRANGEBONUSES
Column Name found in Datamart and Curated Table :: PAYROLLSHOWMATERIALSINCOST
Column Name found in Datamart and Curated Table :: BUSINESSUNITPAYROLLIDLETIMEDOUBLEOVERTIMEPAYCODE_CODE
Column Name found in Datamart and Curated Table :: BUSINESSUNITPAYROLLIDLETIMESTANDARDPAYCODE_ORIGINALCODE
Column Name found in Datamart and Curated Table :: SUPPORTSPERSISTEDINVOICES
Datamart tables contains additional column name like [ACTIVE_FLAG, RECORD_CREATE_DATE, RECORD_UPDATE_DATE, RECORD_UPDATE_DATE, MASTER_ID, TENANT_TYPE]
Curated tables not contains additional column name like [RECORD_CREATE_DATE, RECORD_UPDATE_DATE, RECORD_UPDATED_BY, TENANT_TYPE]]]>
  </system-out>
  <testcase classname="testcases.RAW_DATAMART_CURATED.SnowFlake_ColumnValidation_Master" name="Testcase_ColumnValidation" time="2.251">
    <failure message="The following asserts failed:
	null" type="java.lang.AssertionError">
      <![CDATA[java.lang.AssertionError: The following asserts failed:
null
at org.testng.asserts.SoftAssert.assertAll(SoftAssert.java:47)
at org.testng.asserts.SoftAssert.assertAll(SoftAssert.java:31)
at testcases.RAW_DATAMART_CURATED.SnowFlake_ColumnValidation_Master.BKP_Tables_ColumnName_validation(SnowFlake_ColumnValidation_Master.java:231)
at testcases.RAW_DATAMART_CURATED.SnowFlake_ColumnValidation_Master.Testcase_ColumnValidation(SnowFlake_ColumnValidation_Master.java:240)
at jdk.internal.reflect.GeneratedMethodAccessor12.invoke(Unknown Source)
at java.base/jdk.internal.reflect.DelegatingMethodAccessorImpl.invoke(DelegatingMethodAccessorImpl.java:43)
at java.base/java.lang.reflect.Method.invoke(Method.java:568)
at org.testng.internal.MethodInvocationHelper.invokeMethod(MethodInvocationHelper.java:133)
at org.testng.internal.TestInvoker.invokeMethod(TestInvoker.java:598)
at org.testng.internal.TestInvoker.invokeTestMethod(TestInvoker.java:173)
at org.testng.internal.MethodRunner.runInSequence(MethodRunner.java:46)
at org.testng.internal.TestInvoker$MethodInvocationAgent.invoke(TestInvoker.java:824)
at org.testng.internal.TestInvoker.invokeTestMethods(TestInvoker.java:146)
at org.testng.internal.TestMethodWorker.invokeTestMethods(TestMethodWorker.java:146)
at org.testng.internal.TestMethodWorker.run(TestMethodWorker.java:128)
at java.base/java.util.ArrayList.forEach(ArrayList.java:1511)
at org.testng.TestRunner.privateRun(TestRunner.java:794)
at org.testng.TestRunner.run(TestRunner.java:596)
at org.testng.SuiteRunner.runTest(SuiteRunner.java:377)
at org.testng.SuiteRunner.runSequentially(SuiteRunner.java:371)
at org.testng.SuiteRunner.privateRun(SuiteRunner.java:332)
at org.testng.SuiteRunner.run(SuiteRunner.java:276)
at org.testng.SuiteRunnerWorker.runSuite(SuiteRunnerWorker.java:53)
at org.testng.SuiteRunnerWorker.run(SuiteRunnerWorker.java:96)
at org.testng.TestNG.runSuitesSequentially(TestNG.java:1212)
at org.testng.TestNG.runSuitesLocally(TestNG.java:1134)
at org.testng.TestNG.runSuites(TestNG.java:1063)
at org.testng.TestNG.run(TestNG.java:1031)
at org.testng.remote.AbstractRemoteTestNG.run(AbstractRemoteTestNG.java:115)
at org.testng.remote.RemoteTestNG.initAndRun(RemoteTestNG.java:251)
at org.testng.remote.RemoteTestNG.main(RemoteTestNG.java:77)
]]>
    </failure>
  </testcase> <!-- Testcase_ColumnValidation -->
  <system-out>
    <![CDATA[Executing Snowflake query :: SELECT COLUMN_NAME FROM DEV_ENT_RAW.INFORMATION_SCHEMA.COLUMNS WHERE TABLE_NAME='PROJECT'and TABLE_SCHEMA='ST_FOURPROS_MATILLION'
Executing Snowflake query :: SELECT COLUMN_NAME FROM CURATED_DATAMART.INFORMATION_SCHEMA.COLUMNS WHERE TABLE_NAME='STR_PROJECT'and TABLE_SCHEMA='ST_BKP_FOURPROS'
Executing Snowflake query :: SELECT COLUMN_NAME FROM DEV_ENT_CURATED.INFORMATION_SCHEMA.COLUMNS WHERE TABLE_NAME='DIM_PROJECT'and TABLE_SCHEMA='MASTER_DIMENSIONS'
Column names for RAW Table --> PROJECT :: [AREITEMSREORDERED, CREATEDBY_ID, ISPREVAILINGWAGE, STARTEDON, RETAINAGEPERCENT, PAYMENTTERM_ID, TECHNICIANSIGNATURE, COMPLETEDONACTUAL, CUSTOMER_ID, AUTHORIZATIONSIGNATURE, COSTTOCOMPLETE, NUMBER, COMPLETIONPERCENT, CONTRACTSTARTDATE, ID, CREATEDON, ISRETAINAGEENABLED, PROJECTSETTINGSTYPE, ACKNOWLEDGEMENTSIGNATURE, COMPLETEDON, CONTRACTESTIMATE_ID, LOCATION_ID, MODIFIEDON, CONTRACTFOR, IMPORTID, REVENUERECOGNITIONMETHOD, NAME, ACTIVE, SUMMARY]
Column names for DataMart Table --> STR_PROJECT :: [CONTRACTFOR, IMPORTID, TENANT_TYPE, CUSTOMER_ID, ID, ACKNOWLEDGEMENTSIGNATURE, AUTHORIZATIONSIGNATURE, COMPLETEDON, CONTRACTESTIMATE_ID, CREATEDON, AREITEMSREORDERED, CREATEDBY_ID, ACTIVE_FLAG, RETAINAGEPERCENT, RECORD_CREATE_DATE, TECHNICIANSIGNATURE, STARTEDON, COMPLETEDONACTUAL, COMPLETIONPERCENT, CONTRACTSTARTDATE, LOCATION_ID, PAYMENTTERM_ID, MASTER_ID, MD5_VALUE, ISPREVAILINGWAGE, ISRETAINAGEENABLED, REVENUERECOGNITIONMETHOD, SUMMARY, ACTIVE, MODIFIEDON, NAME, NUMBER, RECORD_UPDATE_DATE, PROJECTSETTINGSTYPE]
Column names for Curated Table --> DIM_PROJECT :: [RECORD_UPDATE_DATE, ACTIVE, AUTHORIZATIONSIGNATURE, COMPLETEDON, RETAINAGEPERCENT, IMPORTID, CONTRACTFOR, CONTRACTSTARTDATE, ID, ISRETAINAGEENABLED, RECORD_CREATE_DATE, RECORD_UPDATED_BY, TENANT_TYPE, PROJECTSETTINGSTYPE, TECHNICIANSIGNATURE, ISPREVAILINGWAGE, MD5_VALUE, NAME, PAYMENTTERM_ID, COMPLETEDONACTUAL, CUSTOMER_ID, NUMBER, AREITEMSREORDERED, CREATEDON, LOCATION_ID, MODIFIEDON, STARTEDON, ACKNOWLEDGEMENTSIGNATURE, COMPLETIONPERCENT, CONTRACTESTIMATE_ID, SUMMARY, CREATEDBY_ID, REVENUERECOGNITIONMETHOD]
Column Name found in Datamart and Curated Table :: AREITEMSREORDERED
Column Name found in Datamart and Curated Table :: CREATEDBY_ID
Column Name found in Datamart and Curated Table :: ISPREVAILINGWAGE
Column Name found in Datamart and Curated Table :: STARTEDON
Column Name found in Datamart and Curated Table :: RETAINAGEPERCENT
Column Name found in Datamart and Curated Table :: PAYMENTTERM_ID
Column Name found in Datamart and Curated Table :: TECHNICIANSIGNATURE
Column Name found in Datamart and Curated Table :: COMPLETEDONACTUAL
Column Name found in Datamart and Curated Table :: CUSTOMER_ID
Column Name found in Datamart and Curated Table :: AUTHORIZATIONSIGNATURE
Column Name not found in Datamart and Curated Table :: COSTTOCOMPLETE
Column Name found in Datamart and Curated Table :: NUMBER
Column Name found in Datamart and Curated Table :: COMPLETIONPERCENT
Column Name found in Datamart and Curated Table :: CONTRACTSTARTDATE
Column Name found in Datamart and Curated Table :: ID
Column Name found in Datamart and Curated Table :: CREATEDON
Column Name found in Datamart and Curated Table :: ISRETAINAGEENABLED
Column Name found in Datamart and Curated Table :: PROJECTSETTINGSTYPE
Column Name found in Datamart and Curated Table :: ACKNOWLEDGEMENTSIGNATURE
Column Name found in Datamart and Curated Table :: COMPLETEDON
Column Name found in Datamart and Curated Table :: CONTRACTESTIMATE_ID
Column Name found in Datamart and Curated Table :: LOCATION_ID
Column Name found in Datamart and Curated Table :: MODIFIEDON
Column Name found in Datamart and Curated Table :: CONTRACTFOR
Column Name found in Datamart and Curated Table :: IMPORTID
Column Name found in Datamart and Curated Table :: REVENUERECOGNITIONMETHOD
Column Name found in Datamart and Curated Table :: NAME
Column Name found in Datamart and Curated Table :: ACTIVE
Column Name found in Datamart and Curated Table :: SUMMARY
Datamart tables contains additional column name like [ACTIVE_FLAG, RECORD_CREATE_DATE, RECORD_UPDATE_DATE, RECORD_UPDATE_DATE, MASTER_ID, TENANT_TYPE]
Curated tables contains additional column name like [RECORD_CREATE_DATE, RECORD_UPDATE_DATE, RECORD_UPDATED_BY, TENANT_TYPE]]]>
  </system-out>
  <testcase classname="testcases.RAW_DATAMART_CURATED.SnowFlake_ColumnValidation_Master" name="Testcase_ColumnValidation" time="1.968">
    <failure message="The following asserts failed:
	null" type="java.lang.AssertionError">
      <![CDATA[java.lang.AssertionError: The following asserts failed:
null
at org.testng.asserts.SoftAssert.assertAll(SoftAssert.java:47)
at org.testng.asserts.SoftAssert.assertAll(SoftAssert.java:31)
at testcases.RAW_DATAMART_CURATED.SnowFlake_ColumnValidation_Master.BKP_Tables_ColumnName_validation(SnowFlake_ColumnValidation_Master.java:231)
at testcases.RAW_DATAMART_CURATED.SnowFlake_ColumnValidation_Master.Testcase_ColumnValidation(SnowFlake_ColumnValidation_Master.java:240)
at jdk.internal.reflect.GeneratedMethodAccessor12.invoke(Unknown Source)
at java.base/jdk.internal.reflect.DelegatingMethodAccessorImpl.invoke(DelegatingMethodAccessorImpl.java:43)
at java.base/java.lang.reflect.Method.invoke(Method.java:568)
at org.testng.internal.MethodInvocationHelper.invokeMethod(MethodInvocationHelper.java:133)
at org.testng.internal.TestInvoker.invokeMethod(TestInvoker.java:598)
at org.testng.internal.TestInvoker.invokeTestMethod(TestInvoker.java:173)
at org.testng.internal.MethodRunner.runInSequence(MethodRunner.java:46)
at org.testng.internal.TestInvoker$MethodInvocationAgent.invoke(TestInvoker.java:824)
at org.testng.internal.TestInvoker.invokeTestMethods(TestInvoker.java:146)
at org.testng.internal.TestMethodWorker.invokeTestMethods(TestMethodWorker.java:146)
at org.testng.internal.TestMethodWorker.run(TestMethodWorker.java:128)
at java.base/java.util.ArrayList.forEach(ArrayList.java:1511)
at org.testng.TestRunner.privateRun(TestRunner.java:794)
at org.testng.TestRunner.run(TestRunner.java:596)
at org.testng.SuiteRunner.runTest(SuiteRunner.java:377)
at org.testng.SuiteRunner.runSequentially(SuiteRunner.java:371)
at org.testng.SuiteRunner.privateRun(SuiteRunner.java:332)
at org.testng.SuiteRunner.run(SuiteRunner.java:276)
at org.testng.SuiteRunnerWorker.runSuite(SuiteRunnerWorker.java:53)
at org.testng.SuiteRunnerWorker.run(SuiteRunnerWorker.java:96)
at org.testng.TestNG.runSuitesSequentially(TestNG.java:1212)
at org.testng.TestNG.runSuitesLocally(TestNG.java:1134)
at org.testng.TestNG.runSuites(TestNG.java:1063)
at org.testng.TestNG.run(TestNG.java:1031)
at org.testng.remote.AbstractRemoteTestNG.run(AbstractRemoteTestNG.java:115)
at org.testng.remote.RemoteTestNG.initAndRun(RemoteTestNG.java:251)
at org.testng.remote.RemoteTestNG.main(RemoteTestNG.java:77)
]]>
    </failure>
  </testcase> <!-- Testcase_ColumnValidation -->
  <system-out>
    <![CDATA[Executing Snowflake query :: SELECT COLUMN_NAME FROM DEV_ENT_RAW.INFORMATION_SCHEMA.COLUMNS WHERE TABLE_NAME='PROJECT'and TABLE_SCHEMA='ST_HORIZONSERVICES_MATILLION'
Executing Snowflake query :: SELECT COLUMN_NAME FROM CURATED_DATAMART.INFORMATION_SCHEMA.COLUMNS WHERE TABLE_NAME='STR_PROJECT'and TABLE_SCHEMA='ST_BKP_HORIZONSERVICES'
Executing Snowflake query :: SELECT COLUMN_NAME FROM DEV_ENT_CURATED.INFORMATION_SCHEMA.COLUMNS WHERE TABLE_NAME='DIM_PROJECT'and TABLE_SCHEMA='MASTER_DIMENSIONS'
Column names for RAW Table --> PROJECT :: [COMPLETIONPERCENT, CREATEDBY_ID, PROJECTSETTINGSTYPE, ACTIVE, ACKNOWLEDGEMENTSIGNATURE, AREITEMSREORDERED, AUTHORIZATIONSIGNATURE, CONTRACTFOR, CONTRACTSTARTDATE, ISPREVAILINGWAGE, MODIFIEDON, NAME, PAYMENTTERM_ID, STARTEDON, ISRETAINAGEENABLED, CREATEDON, RETAINAGEPERCENT, SUMMARY, COMPLETEDONACTUAL, COSTTOCOMPLETE, ID, NUMBER, TECHNICIANSIGNATURE, IMPORTID, LOCATION_ID, COMPLETEDON, CONTRACTESTIMATE_ID, CUSTOMER_ID, REVENUERECOGNITIONMETHOD]
Column names for DataMart Table --> STR_PROJECT :: [ACTIVE_FLAG, COMPLETEDON, LOCATION_ID, IMPORTID, AUTHORIZATIONSIGNATURE, ID, NAME, TENANT_TYPE, MASTER_ID, ACKNOWLEDGEMENTSIGNATURE, AREITEMSREORDERED, ISRETAINAGEENABLED, RECORD_CREATE_DATE, CONTRACTSTARTDATE, CONTRACTFOR, CUSTOMER_ID, MODIFIEDON, COMPLETIONPERCENT, CREATEDBY_ID, NUMBER, SUMMARY, COMPLETEDONACTUAL, CONTRACTESTIMATE_ID, ISPREVAILINGWAGE, MD5_VALUE, PAYMENTTERM_ID, RETAINAGEPERCENT, TECHNICIANSIGNATURE, ACTIVE, PROJECTSETTINGSTYPE, RECORD_UPDATE_DATE, STARTEDON, CREATEDON, REVENUERECOGNITIONMETHOD]
Column names for Curated Table --> DIM_PROJECT :: [RECORD_UPDATE_DATE, ACTIVE, AUTHORIZATIONSIGNATURE, COMPLETEDON, RETAINAGEPERCENT, IMPORTID, CONTRACTFOR, CONTRACTSTARTDATE, ID, ISRETAINAGEENABLED, RECORD_CREATE_DATE, RECORD_UPDATED_BY, TENANT_TYPE, PROJECTSETTINGSTYPE, TECHNICIANSIGNATURE, ISPREVAILINGWAGE, MD5_VALUE, NAME, PAYMENTTERM_ID, COMPLETEDONACTUAL, CUSTOMER_ID, NUMBER, AREITEMSREORDERED, CREATEDON, LOCATION_ID, MODIFIEDON, STARTEDON, ACKNOWLEDGEMENTSIGNATURE, COMPLETIONPERCENT, CONTRACTESTIMATE_ID, SUMMARY, CREATEDBY_ID, REVENUERECOGNITIONMETHOD]
Column Name found in Datamart and Curated Table :: COMPLETIONPERCENT
Column Name found in Datamart and Curated Table :: CREATEDBY_ID
Column Name found in Datamart and Curated Table :: PROJECTSETTINGSTYPE
Column Name found in Datamart and Curated Table :: ACTIVE
Column Name found in Datamart and Curated Table :: ACKNOWLEDGEMENTSIGNATURE
Column Name found in Datamart and Curated Table :: AREITEMSREORDERED
Column Name found in Datamart and Curated Table :: AUTHORIZATIONSIGNATURE
Column Name found in Datamart and Curated Table :: CONTRACTFOR
Column Name found in Datamart and Curated Table :: CONTRACTSTARTDATE
Column Name found in Datamart and Curated Table :: ISPREVAILINGWAGE
Column Name found in Datamart and Curated Table :: MODIFIEDON
Column Name found in Datamart and Curated Table :: NAME
Column Name found in Datamart and Curated Table :: PAYMENTTERM_ID
Column Name found in Datamart and Curated Table :: STARTEDON
Column Name found in Datamart and Curated Table :: ISRETAINAGEENABLED
Column Name found in Datamart and Curated Table :: CREATEDON
Column Name found in Datamart and Curated Table :: RETAINAGEPERCENT
Column Name found in Datamart and Curated Table :: SUMMARY
Column Name found in Datamart and Curated Table :: COMPLETEDONACTUAL
Column Name not found in Datamart and Curated Table :: COSTTOCOMPLETE
Column Name found in Datamart and Curated Table :: ID
Column Name found in Datamart and Curated Table :: NUMBER
Column Name found in Datamart and Curated Table :: TECHNICIANSIGNATURE
Column Name found in Datamart and Curated Table :: IMPORTID
Column Name found in Datamart and Curated Table :: LOCATION_ID
Column Name found in Datamart and Curated Table :: COMPLETEDON
Column Name found in Datamart and Curated Table :: CONTRACTESTIMATE_ID
Column Name found in Datamart and Curated Table :: CUSTOMER_ID
Column Name found in Datamart and Curated Table :: REVENUERECOGNITIONMETHOD
Datamart tables contains additional column name like [ACTIVE_FLAG, RECORD_CREATE_DATE, RECORD_UPDATE_DATE, RECORD_UPDATE_DATE, MASTER_ID, TENANT_TYPE]
Curated tables contains additional column name like [RECORD_CREATE_DATE, RECORD_UPDATE_DATE, RECORD_UPDATED_BY, TENANT_TYPE]]]>
  </system-out>
  <testcase classname="testcases.RAW_DATAMART_CURATED.SnowFlake_ColumnValidation_Master" name="Testcase_ColumnValidation" time="2.142">
    <failure message="The following asserts failed:
	null" type="java.lang.AssertionError">
      <![CDATA[java.lang.AssertionError: The following asserts failed:
null
at org.testng.asserts.SoftAssert.assertAll(SoftAssert.java:47)
at org.testng.asserts.SoftAssert.assertAll(SoftAssert.java:31)
at testcases.RAW_DATAMART_CURATED.SnowFlake_ColumnValidation_Master.BKP_Tables_ColumnName_validation(SnowFlake_ColumnValidation_Master.java:231)
at testcases.RAW_DATAMART_CURATED.SnowFlake_ColumnValidation_Master.Testcase_ColumnValidation(SnowFlake_ColumnValidation_Master.java:240)
at java.base/jdk.internal.reflect.NativeMethodAccessorImpl.invoke0(Native Method)
at java.base/jdk.internal.reflect.NativeMethodAccessorImpl.invoke(NativeMethodAccessorImpl.java:77)
at java.base/jdk.internal.reflect.DelegatingMethodAccessorImpl.invoke(DelegatingMethodAccessorImpl.java:43)
at java.base/java.lang.reflect.Method.invoke(Method.java:568)
at org.testng.internal.MethodInvocationHelper.invokeMethod(MethodInvocationHelper.java:133)
at org.testng.internal.TestInvoker.invokeMethod(TestInvoker.java:598)
at org.testng.internal.TestInvoker.invokeTestMethod(TestInvoker.java:173)
at org.testng.internal.MethodRunner.runInSequence(MethodRunner.java:46)
at org.testng.internal.TestInvoker$MethodInvocationAgent.invoke(TestInvoker.java:824)
at org.testng.internal.TestInvoker.invokeTestMethods(TestInvoker.java:146)
at org.testng.internal.TestMethodWorker.invokeTestMethods(TestMethodWorker.java:146)
at org.testng.internal.TestMethodWorker.run(TestMethodWorker.java:128)
at java.base/java.util.ArrayList.forEach(ArrayList.java:1511)
at org.testng.TestRunner.privateRun(TestRunner.java:794)
at org.testng.TestRunner.run(TestRunner.java:596)
at org.testng.SuiteRunner.runTest(SuiteRunner.java:377)
at org.testng.SuiteRunner.runSequentially(SuiteRunner.java:371)
at org.testng.SuiteRunner.privateRun(SuiteRunner.java:332)
at org.testng.SuiteRunner.run(SuiteRunner.java:276)
at org.testng.SuiteRunnerWorker.runSuite(SuiteRunnerWorker.java:53)
at org.testng.SuiteRunnerWorker.run(SuiteRunnerWorker.java:96)
at org.testng.TestNG.runSuitesSequentially(TestNG.java:1212)
at org.testng.TestNG.runSuitesLocally(TestNG.java:1134)
at org.testng.TestNG.runSuites(TestNG.java:1063)
at org.testng.TestNG.run(TestNG.java:1031)
at org.testng.remote.AbstractRemoteTestNG.run(AbstractRemoteTestNG.java:115)
at org.testng.remote.RemoteTestNG.initAndRun(RemoteTestNG.java:251)
at org.testng.remote.RemoteTestNG.main(RemoteTestNG.java:77)
]]>
    </failure>
  </testcase> <!-- Testcase_ColumnValidation -->
  <system-out>
    <![CDATA[Executing Snowflake query :: SELECT COLUMN_NAME FROM DEV_ENT_RAW.INFORMATION_SCHEMA.COLUMNS WHERE TABLE_NAME='TECHNICIANATTACHEDPROPERTY'and TABLE_SCHEMA='ST_GOLDMEDAL_MATILLION'
Executing Snowflake query :: SELECT COLUMN_NAME FROM CURATED_DATAMART.INFORMATION_SCHEMA.COLUMNS WHERE TABLE_NAME='STR_TECHNICIANATTACHEDPROPERTY'and TABLE_SCHEMA='ST_BKP_GOLDMEDAL'
Executing Snowflake query :: SELECT COLUMN_NAME FROM DEV_ENT_CURATED.INFORMATION_SCHEMA.COLUMNS WHERE TABLE_NAME='DIM_TECHNICIANATTACHEDPROPERTY'and TABLE_SCHEMA='MASTER_DIMENSIONS'
Column names for RAW Table --> TECHNICIANATTACHEDPROPERTY :: [NAME, VALUE, OWNER_ID]
Column names for DataMart Table --> STR_TECHNICIANATTACHEDPROPERTY :: [RECORD_CREATE_DATE, TENANT_TYPE, NAME, VALUE, ACTIVE_FLAG, MASTER_ID, OWNER_ID, RECORD_UPDATE_DATE]
Column names for Curated Table --> DIM_TECHNICIANATTACHEDPROPERTY :: [OWNER_ID, RECORD_CREATE_DATE, NAME, RECORD_UPDATE_DATE, TENANT_TYPE, VALUE]
Column Name found in Datamart and Curated Table :: NAME
Column Name found in Datamart and Curated Table :: VALUE
Column Name found in Datamart and Curated Table :: OWNER_ID
Datamart tables contains additional column name like [ACTIVE_FLAG, RECORD_CREATE_DATE, RECORD_UPDATE_DATE, RECORD_UPDATE_DATE, MASTER_ID, TENANT_TYPE]
Curated tables not contains additional column name like [RECORD_CREATE_DATE, RECORD_UPDATE_DATE, RECORD_UPDATED_BY, TENANT_TYPE]]]>
  </system-out>
  <testcase classname="testcases.RAW_DATAMART_CURATED.SnowFlake_ColumnValidation_Master" name="Testcase_ColumnValidation" time="2.560">
    <failure message="The following asserts failed:
	null" type="java.lang.AssertionError">
      <![CDATA[java.lang.AssertionError: The following asserts failed:
null
at org.testng.asserts.SoftAssert.assertAll(SoftAssert.java:47)
at org.testng.asserts.SoftAssert.assertAll(SoftAssert.java:31)
at testcases.RAW_DATAMART_CURATED.SnowFlake_ColumnValidation_Master.API_Tables_ColumnName_validation(SnowFlake_ColumnValidation_Master.java:130)
at testcases.RAW_DATAMART_CURATED.SnowFlake_ColumnValidation_Master.Testcase_ColumnValidation(SnowFlake_ColumnValidation_Master.java:243)
at jdk.internal.reflect.GeneratedMethodAccessor12.invoke(Unknown Source)
at java.base/jdk.internal.reflect.DelegatingMethodAccessorImpl.invoke(DelegatingMethodAccessorImpl.java:43)
at java.base/java.lang.reflect.Method.invoke(Method.java:568)
at org.testng.internal.MethodInvocationHelper.invokeMethod(MethodInvocationHelper.java:133)
at org.testng.internal.TestInvoker.invokeMethod(TestInvoker.java:598)
at org.testng.internal.TestInvoker.invokeTestMethod(TestInvoker.java:173)
at org.testng.internal.MethodRunner.runInSequence(MethodRunner.java:46)
at org.testng.internal.TestInvoker$MethodInvocationAgent.invoke(TestInvoker.java:824)
at org.testng.internal.TestInvoker.invokeTestMethods(TestInvoker.java:146)
at org.testng.internal.TestMethodWorker.invokeTestMethods(TestMethodWorker.java:146)
at org.testng.internal.TestMethodWorker.run(TestMethodWorker.java:128)
at java.base/java.util.ArrayList.forEach(ArrayList.java:1511)
at org.testng.TestRunner.privateRun(TestRunner.java:794)
at org.testng.TestRunner.run(TestRunner.java:596)
at org.testng.SuiteRunner.runTest(SuiteRunner.java:377)
at org.testng.SuiteRunner.runSequentially(SuiteRunner.java:371)
at org.testng.SuiteRunner.privateRun(SuiteRunner.java:332)
at org.testng.SuiteRunner.run(SuiteRunner.java:276)
at org.testng.SuiteRunnerWorker.runSuite(SuiteRunnerWorker.java:53)
at org.testng.SuiteRunnerWorker.run(SuiteRunnerWorker.java:96)
at org.testng.TestNG.runSuitesSequentially(TestNG.java:1212)
at org.testng.TestNG.runSuitesLocally(TestNG.java:1134)
at org.testng.TestNG.runSuites(TestNG.java:1063)
at org.testng.TestNG.run(TestNG.java:1031)
at org.testng.remote.AbstractRemoteTestNG.run(AbstractRemoteTestNG.java:115)
at org.testng.remote.RemoteTestNG.initAndRun(RemoteTestNG.java:251)
at org.testng.remote.RemoteTestNG.main(RemoteTestNG.java:77)
]]>
    </failure>
  </testcase> <!-- Testcase_ColumnValidation -->
  <system-out>
    <![CDATA[Executing Snowflake query :: SELECT COLUMN_NAME FROM DEV_ENT_RAW.INFORMATION_SCHEMA.COLUMNS WHERE TABLE_NAME='ST_API_TECHNICIAN'and TABLE_SCHEMA='API_MAT'
Executing Snowflake query :: SELECT COLUMN_NAME FROM CURATED_DATAMART.INFORMATION_SCHEMA.COLUMNS WHERE TABLE_NAME='STR_API_TECHNICIAN'and TABLE_SCHEMA='ST_API_GOLDMEDAL'
Executing Snowflake query :: SELECT COLUMN_NAME FROM DEV_ENT_CURATED.INFORMATION_SCHEMA.COLUMNS WHERE TABLE_NAME='DIM_TECHNICIAN'and TABLE_SCHEMA='MASTER_DIMENSIONS'
Column names for RAW Table --> ST_API_TECHNICIAN :: [ADDONCREWSPLITCOMMISSIONRATE, ATLASBUTLERTECHNICIANROLE, FIRSTDRIVERULE, HOME_ISMANUALCOORDINATES, NAVISIONEMPLOYEEID, PAYROLLID, PAYROLLPOSTINGGROUP_ID, SALESFACTOR, SALESFORCECONTACTID, PAYROLLREPORTVERSION, STANDARDWORKTYPECODE_ID, MUHULINK, COMMISSIONRATE, HOME_ISMILITARY, LICENSE, GOALIMAGE, IMPORTID, MOBILEPHONECONFIRMED, PAYTYPE, MANAGER_ID, SHIFTSTART, NAME, ADDONSOLOCOMMISSIONRATE, BIO, BUSINESSUNIT_ID, HOME_CITY, ID, ISMANAGEDTECH, PROJECTLABELS, SCHEDULEDSOLOCOMMISSIONRATE, BIRTHDATE, HOME_COUNTRY, PHOTO, TURNOVERBONUS, USER_ID, WILLIAMSTECHNICIANROLE, ZONE_ID, OVERTIMEPROFILE_ID, CREATEDON, TODAYREVENUE_TECHNICIAN, ACTIVE, DEFAULTPAYROLLADJUSTMENTRATE, ISAUTODISPATCHED, LASTNAME, ISEXTERNAL, SHIFTEND, SCHEDULEDCREWSPLITCOMMISSIONRATE, DAILYGOAL, APPOINTMENT_ID, BURDENRATE, HOME_ZIP, PAYROLLSTARTPERIOD, STATUSUPDATEDON, OVERTIMEWORKTYPECODE_ID, PAYROLLPROFILE_ID, PAYROLLROLE, PAYROLLSTARTDATE, SOLDBYRATE, ISEXCLUDEDFROMPAYROLL, COORDINATESUPDATEDON, EMAIL, EMAILCONFIRMED, HOME_LATITUDE, OVERTIMEPAYROLLCONTROLCODE_ID, PAYPERIOD, STANDARDPAYROLLCONTROLCODE_ID, CHECKEDIN, DEFAULTLABORTYPE_ID, JOBFILTER, PAYFREQUENCY_ID, MOBILEPHONE, OUTBOUNDCALLERID, SCHEDULEDMULTITECHCOMMISSIONRATE, STARTDATE, CURRENTVALUE, DEDUCTCOMMUTETIMEFROMFIRSTDRIVE, FIRSTNAME, MEALTIME, MEMO, PHONECONFIRMED, SHOWJOBAPPOINTMENTRESCHEDULEALERT, DISPATCHNOTIFICATIONS, JOB_ID, LATITUDE, MIDDLENAME, ROUTESTATISTICS_TECHNICIAN, CREATEDBY_ID, PHONE, QBREPID, SMARTDISPATCHSETTINGS_TECHNICIAN, STATUS, UNION, HOME_UNIT, HOURLYRATE, INVENTORYWAREHOUSENAME, INVOICINGHOURLYRATE, TYPE, ADDONMULTITECHCOMMISSIONRATE, COLOR, HOME_STATE, MODIFIEDON, OVERALLSALESFACTOR_TECHNICIAN, POSITION, TEAM, COMMUTETIME, HOME_LONGITUDE, HOME_STREET, LOCATION_TECHNICIAN, OVERTIMEMODE, PROJECTEDVALUE, LONGITUDE, TRUCK_ID, TENANT_TYPE]
Column names for DataMart Table --> STR_API_TECHNICIAN :: [HOME_LATITUDE, HOME_LONGITUDE, HOME_STREET, ID, JOBFILTER, MEMO, RECORD_UPDATE_DATE, TEAM, HOME_ZIP, PAYROLLSTARTPERIOD, SOLDBYRATE, BIO, BIRTHDATE, CREATEDBY_ID, DEFAULTPAYROLLADJUSTMENTRATE, EMAIL, OVERTIMEWORKTYPECODE_ID, IMPORTID, OVERTIMEMODE, PHONECONFIRMED, SHIFTEND, STATUSUPDATEDON, OVERTIMEPROFILE_ID, WILLIAMSTECHNICIANROLE, QBREPID, SHOWJOBAPPOINTMENTRESCHEDULEALERT, ADDONMULTITECHCOMMISSIONRATE, APPOINTMENT_ID, ATLASBUTLERTECHNICIANROLE, COMMISSIONRATE, CURRENTVALUE, EMAILCONFIRMED, INVOICINGHOURLYRATE, PAYPERIOD, PROJECTLABELS, GOALIMAGE, LOCATION_TECHNICIAN, OUTBOUNDCALLERID, PAYROLLID, PAYROLLREPORTVERSION, PAYROLLROLE, SALESFACTOR, USER_ID, ZONE_ID, MEALTIME, MOBILEPHONE, ACTIVE_FLAG, ADDONCREWSPLITCOMMISSIONRATE, COLOR, CREATEDON, DEFAULTLABORTYPE_ID, FIRSTDRIVERULE, HOME_CITY, HOME_ISMANUALCOORDINATES, HOME_STATE, MIDDLENAME, NAVISIONEMPLOYEEID, TENANT_TYPE, TURNOVERBONUS, MODIFIEDON, ISAUTODISPATCHED, PAYTYPE, ADDONSOLOCOMMISSIONRATE, CHECKEDIN, COMMUTETIME, FLEET_ID, ISEXTERNAL, LASTNAME, LICENSE, PAYROLLPOSTINGGROUP_ID, STANDARDPAYROLLCONTROLCODE_ID, HOME_COUNTRY, ISMANAGEDTECH, LONGITUDE, TRUCK_ID, JOB_ID, MUHULINK, SCHEDULEDCREWSPLITCOMMISSIONRATE, SCHEDULEDMULTITECHCOMMISSIONRATE, STARTDATE, MOBILEPHONECONFIRMED, BUSINESSUNIT_ID, COORDINATESUPDATEDON, DEDUCTCOMMUTETIMEFROMFIRSTDRIVE, DISPATCHNOTIFICATIONS, HOME_ISMILITARY, INVENTORYWAREHOUSENAME, OVERTIMEPAYROLLCONTROLCODE_ID, TODAYREVENUE_TECHNICIAN, POSITION, ROUTESTATISTICS_TECHNICIAN, UNION, NAME, FIRSTNAME, PAYFREQUENCY_ID, RECORD_CREATE_DATE, ACTIVE, DAILYGOAL, HOME_UNIT, HOURLYRATE, SALESFORCECONTACTID, SCHEDULEDSOLOCOMMISSIONRATE, OVERALLSALESFACTOR_TECHNICIAN, PAYROLLSTARTDATE, PHOTO, PROJECTEDVALUE, STANDARDWORKTYPECODE_ID, BURDENRATE, MANAGER_ID, PAYROLLPROFILE_ID, SMARTDISPATCHSETTINGS_TECHNICIAN, LATITUDE, MASTER_ID, PHONE, STATUS, TYPE, SHIFTSTART]
Column names for Curated Table --> DIM_TECHNICIAN :: [ADDONCREWSPLITCOMMISSIONRATE, COMMUTETIME, DEFAULTLABORTYPE_ID, EMAILCONFIRMED, FIRSTNAME, FLEET_ID, HOME_COUNTRY, HOME_UNIT, MOBILEPHONE, PHONECONFIRMED, ISEXCLUDEDFROMPAYROLL, OVERALLSALESFACTOR_TECHNICIAN, TURNOVERBONUS, PAYPERIOD, PAYROLLROLE, PAYROLLSTARTDATE, BIRTHDATE, HOME_ISMANUALCOORDINATES, HOME_ISMILITARY, INVENTORYWAREHOUSENAME, JOBFILTER, MEMO, PAYFREQUENCY_ID, POSITION, ID, ISAUTODISPATCHED, LICENSE, TEAM, SCHEDULEDCREWSPLITCOMMISSIONRATE, SALESFACTOR, ADDONSOLOCOMMISSIONRATE, CURRENTVALUE, DAILYGOAL, DEDUCTCOMMUTETIMEFROMFIRSTDRIVE, MANAGER_ID, OVERTIMEPROFILE_ID, SHIFTSTART, SHOWJOBAPPOINTMENTRESCHEDULEALERT, SMARTDISPATCHSETTINGS_TECHNICIAN, GOALIMAGE, MODIFIEDON, PAYROLLID, PAYROLLREPORTVERSION, RECORD_CREATE_DATE, TODAYREVENUE_TECHNICIAN, TYPE, PROJECTLABELS, SCHEDULEDSOLOCOMMISSIONRATE, LONGITUDE, ADDONMULTITECHCOMMISSIONRATE, APPOINTMENT_ID, CHECKEDIN, COLOR, CREATEDON, DISPATCHNOTIFICATIONS, IMPORTID, LASTNAME, MOBILEPHONECONFIRMED, STATUSUPDATEDON, ZONE_ID, HOME_STATE, NAME, NAVISIONEMPLOYEEID, PAYROLLPOSTINGGROUP_ID, PHOTO, MEALTIME, PROJECTEDVALUE, STANDARDPAYROLLCONTROLCODE_ID, OVERTIMEMODE, BURDENRATE, FIRSTDRIVERULE, JOB_ID, PAYROLLPROFILE_ID, QBREPID, ROUTESTATISTICS_TECHNICIAN, STARTDATE, TRUCK_ID, USER_ID, STANDARDWORKTYPECODE_ID, MIDDLENAME, COMMISSIONRATE, CREATEDBY_ID, HOME_LONGITUDE, HOME_ZIP, HOURLYRATE, LATITUDE, SCHEDULEDMULTITECHCOMMISSIONRATE, BUSINESSUNIT_ID, OUTBOUNDCALLERID, RECORD_UPDATED_BY, STATUS, MUHULINK, OVERTIMEPAYROLLCONTROLCODE_ID, UNION, PAYTYPE, INVOICINGHOURLYRATE, RECORD_UPDATE_DATE, COORDINATESUPDATEDON, LOCATION_TECHNICIAN, EMAIL, HOME_CITY, ISEXTERNAL, OVERTIMEWORKTYPECODE_ID, PAYROLLSTARTPERIOD, SHIFTEND, WILLIAMSTECHNICIANROLE, TENANT_TYPE, ACTIVE, ATLASBUTLERTECHNICIANROLE, BIO, DEFAULTPAYROLLADJUSTMENTRATE, HOME_LATITUDE, HOME_STREET, ISMANAGEDTECH, PHONE, SALESFORCECONTACTID, SOLDBYRATE]
Column Name found in Datamart and Curated Table :: ADDONCREWSPLITCOMMISSIONRATE
Column Name found in Datamart and Curated Table :: ATLASBUTLERTECHNICIANROLE
Column Name found in Datamart and Curated Table :: FIRSTDRIVERULE
Column Name found in Datamart and Curated Table :: HOME_ISMANUALCOORDINATES
Column Name found in Datamart and Curated Table :: NAVISIONEMPLOYEEID
Column Name found in Datamart and Curated Table :: PAYROLLID
Column Name found in Datamart and Curated Table :: PAYROLLPOSTINGGROUP_ID
Column Name found in Datamart and Curated Table :: SALESFACTOR
Column Name found in Datamart and Curated Table :: SALESFORCECONTACTID
Column Name found in Datamart and Curated Table :: PAYROLLREPORTVERSION
Column Name found in Datamart and Curated Table :: STANDARDWORKTYPECODE_ID
Column Name found in Datamart and Curated Table :: MUHULINK
Column Name found in Datamart and Curated Table :: COMMISSIONRATE
Column Name found in Datamart and Curated Table :: HOME_ISMILITARY
Column Name found in Datamart and Curated Table :: LICENSE
Column Name found in Datamart and Curated Table :: GOALIMAGE
Column Name found in Datamart and Curated Table :: IMPORTID
Column Name found in Datamart and Curated Table :: MOBILEPHONECONFIRMED
Column Name found in Datamart and Curated Table :: PAYTYPE
Column Name found in Datamart and Curated Table :: MANAGER_ID
Column Name found in Datamart and Curated Table :: SHIFTSTART
Column Name found in Datamart and Curated Table :: NAME
Column Name found in Datamart and Curated Table :: ADDONSOLOCOMMISSIONRATE
Column Name found in Datamart and Curated Table :: BIO
Column Name found in Datamart and Curated Table :: BUSINESSUNIT_ID
Column Name found in Datamart and Curated Table :: HOME_CITY
Column Name found in Datamart and Curated Table :: ID
Column Name found in Datamart and Curated Table :: ISMANAGEDTECH
Column Name found in Datamart and Curated Table :: PROJECTLABELS
Column Name found in Datamart and Curated Table :: SCHEDULEDSOLOCOMMISSIONRATE
Column Name found in Datamart and Curated Table :: BIRTHDATE
Column Name found in Datamart and Curated Table :: HOME_COUNTRY
Column Name found in Datamart and Curated Table :: PHOTO
Column Name found in Datamart and Curated Table :: TURNOVERBONUS
Column Name found in Datamart and Curated Table :: USER_ID
Column Name found in Datamart and Curated Table :: WILLIAMSTECHNICIANROLE
Column Name found in Datamart and Curated Table :: ZONE_ID
Column Name found in Datamart and Curated Table :: OVERTIMEPROFILE_ID
Column Name found in Datamart and Curated Table :: CREATEDON
Column Name found in Datamart and Curated Table :: TODAYREVENUE_TECHNICIAN
Column Name found in Datamart and Curated Table :: ACTIVE
Column Name found in Datamart and Curated Table :: DEFAULTPAYROLLADJUSTMENTRATE
Column Name found in Datamart and Curated Table :: ISAUTODISPATCHED
Column Name found in Datamart and Curated Table :: LASTNAME
Column Name found in Datamart and Curated Table :: ISEXTERNAL
Column Name found in Datamart and Curated Table :: SHIFTEND
Column Name found in Datamart and Curated Table :: SCHEDULEDCREWSPLITCOMMISSIONRATE
Column Name found in Datamart and Curated Table :: DAILYGOAL
Column Name found in Datamart and Curated Table :: APPOINTMENT_ID
Column Name found in Datamart and Curated Table :: BURDENRATE
Column Name found in Datamart and Curated Table :: HOME_ZIP
Column Name found in Datamart and Curated Table :: PAYROLLSTARTPERIOD
Column Name found in Datamart and Curated Table :: STATUSUPDATEDON
Column Name found in Datamart and Curated Table :: OVERTIMEWORKTYPECODE_ID
Column Name found in Datamart and Curated Table :: PAYROLLPROFILE_ID
Column Name found in Datamart and Curated Table :: PAYROLLROLE
Column Name found in Datamart and Curated Table :: PAYROLLSTARTDATE
Column Name found in Datamart and Curated Table :: SOLDBYRATE
Column Name not found in Datamart and Curated Table :: ISEXCLUDEDFROMPAYROLL
Column Name found in Datamart and Curated Table :: COORDINATESUPDATEDON
Column Name found in Datamart and Curated Table :: EMAIL
Column Name found in Datamart and Curated Table :: EMAILCONFIRMED
Column Name found in Datamart and Curated Table :: HOME_LATITUDE
Column Name found in Datamart and Curated Table :: OVERTIMEPAYROLLCONTROLCODE_ID
Column Name found in Datamart and Curated Table :: PAYPERIOD
Column Name found in Datamart and Curated Table :: STANDARDPAYROLLCONTROLCODE_ID
Column Name found in Datamart and Curated Table :: CHECKEDIN
Column Name found in Datamart and Curated Table :: DEFAULTLABORTYPE_ID
Column Name found in Datamart and Curated Table :: JOBFILTER
Column Name found in Datamart and Curated Table :: PAYFREQUENCY_ID
Column Name found in Datamart and Curated Table :: MOBILEPHONE
Column Name found in Datamart and Curated Table :: OUTBOUNDCALLERID
Column Name found in Datamart and Curated Table :: SCHEDULEDMULTITECHCOMMISSIONRATE
Column Name found in Datamart and Curated Table :: STARTDATE
Column Name found in Datamart and Curated Table :: CURRENTVALUE
Column Name found in Datamart and Curated Table :: DEDUCTCOMMUTETIMEFROMFIRSTDRIVE
Column Name found in Datamart and Curated Table :: FIRSTNAME
Column Name found in Datamart and Curated Table :: MEALTIME
Column Name found in Datamart and Curated Table :: MEMO
Column Name found in Datamart and Curated Table :: PHONECONFIRMED
Column Name found in Datamart and Curated Table :: SHOWJOBAPPOINTMENTRESCHEDULEALERT
Column Name found in Datamart and Curated Table :: DISPATCHNOTIFICATIONS
Column Name found in Datamart and Curated Table :: JOB_ID
Column Name found in Datamart and Curated Table :: LATITUDE
Column Name found in Datamart and Curated Table :: MIDDLENAME
Column Name found in Datamart and Curated Table :: ROUTESTATISTICS_TECHNICIAN
Column Name found in Datamart and Curated Table :: CREATEDBY_ID
Column Name found in Datamart and Curated Table :: PHONE
Column Name found in Datamart and Curated Table :: QBREPID
Column Name found in Datamart and Curated Table :: SMARTDISPATCHSETTINGS_TECHNICIAN
Column Name found in Datamart and Curated Table :: STATUS
Column Name found in Datamart and Curated Table :: UNION
Column Name found in Datamart and Curated Table :: HOME_UNIT
Column Name found in Datamart and Curated Table :: HOURLYRATE
Column Name found in Datamart and Curated Table :: INVENTORYWAREHOUSENAME
Column Name found in Datamart and Curated Table :: INVOICINGHOURLYRATE
Column Name found in Datamart and Curated Table :: TYPE
Column Name found in Datamart and Curated Table :: ADDONMULTITECHCOMMISSIONRATE
Column Name found in Datamart and Curated Table :: COLOR
Column Name found in Datamart and Curated Table :: HOME_STATE
Column Name found in Datamart and Curated Table :: MODIFIEDON
Column Name found in Datamart and Curated Table :: OVERALLSALESFACTOR_TECHNICIAN
Column Name found in Datamart and Curated Table :: POSITION
Column Name found in Datamart and Curated Table :: TEAM
Column Name found in Datamart and Curated Table :: COMMUTETIME
Column Name found in Datamart and Curated Table :: HOME_LONGITUDE
Column Name found in Datamart and Curated Table :: HOME_STREET
Column Name found in Datamart and Curated Table :: LOCATION_TECHNICIAN
Column Name found in Datamart and Curated Table :: OVERTIMEMODE
Column Name found in Datamart and Curated Table :: PROJECTEDVALUE
Column Name found in Datamart and Curated Table :: LONGITUDE
Column Name found in Datamart and Curated Table :: TRUCK_ID
Column Name found in Datamart and Curated Table :: TENANT_TYPE
Datamart tables contains additional column name like [ACTIVE_FLAG, RECORD_CREATE_DATE, RECORD_UPDATE_DATE, MASTER_ID]
Curated tables contains additional column name like [RECORD_CREATE_DATE, RECORD_UPDATE_DATE, RECORD_UPDATED_BY]]]>
  </system-out>
  <testcase classname="testcases.RAW_DATAMART_CURATED.SnowFlake_ColumnValidation_Master" name="Testcase_ColumnValidation" time="2.149">
    <failure message="The following asserts failed:
	null" type="java.lang.AssertionError">
      <![CDATA[java.lang.AssertionError: The following asserts failed:
null
at org.testng.asserts.SoftAssert.assertAll(SoftAssert.java:47)
at org.testng.asserts.SoftAssert.assertAll(SoftAssert.java:31)
at testcases.RAW_DATAMART_CURATED.SnowFlake_ColumnValidation_Master.BKP_Tables_ColumnName_validation(SnowFlake_ColumnValidation_Master.java:231)
at testcases.RAW_DATAMART_CURATED.SnowFlake_ColumnValidation_Master.Testcase_ColumnValidation(SnowFlake_ColumnValidation_Master.java:240)
at java.base/jdk.internal.reflect.NativeMethodAccessorImpl.invoke0(Native Method)
at java.base/jdk.internal.reflect.NativeMethodAccessorImpl.invoke(NativeMethodAccessorImpl.java:77)
at java.base/jdk.internal.reflect.DelegatingMethodAccessorImpl.invoke(DelegatingMethodAccessorImpl.java:43)
at java.base/java.lang.reflect.Method.invoke(Method.java:568)
at org.testng.internal.MethodInvocationHelper.invokeMethod(MethodInvocationHelper.java:133)
at org.testng.internal.TestInvoker.invokeMethod(TestInvoker.java:598)
at org.testng.internal.TestInvoker.invokeTestMethod(TestInvoker.java:173)
at org.testng.internal.MethodRunner.runInSequence(MethodRunner.java:46)
at org.testng.internal.TestInvoker$MethodInvocationAgent.invoke(TestInvoker.java:824)
at org.testng.internal.TestInvoker.invokeTestMethods(TestInvoker.java:146)
at org.testng.internal.TestMethodWorker.invokeTestMethods(TestMethodWorker.java:146)
at org.testng.internal.TestMethodWorker.run(TestMethodWorker.java:128)
at java.base/java.util.ArrayList.forEach(ArrayList.java:1511)
at org.testng.TestRunner.privateRun(TestRunner.java:794)
at org.testng.TestRunner.run(TestRunner.java:596)
at org.testng.SuiteRunner.runTest(SuiteRunner.java:377)
at org.testng.SuiteRunner.runSequentially(SuiteRunner.java:371)
at org.testng.SuiteRunner.privateRun(SuiteRunner.java:332)
at org.testng.SuiteRunner.run(SuiteRunner.java:276)
at org.testng.SuiteRunnerWorker.runSuite(SuiteRunnerWorker.java:53)
at org.testng.SuiteRunnerWorker.run(SuiteRunnerWorker.java:96)
at org.testng.TestNG.runSuitesSequentially(TestNG.java:1212)
at org.testng.TestNG.runSuitesLocally(TestNG.java:1134)
at org.testng.TestNG.runSuites(TestNG.java:1063)
at org.testng.TestNG.run(TestNG.java:1031)
at org.testng.remote.AbstractRemoteTestNG.run(AbstractRemoteTestNG.java:115)
at org.testng.remote.RemoteTestNG.initAndRun(RemoteTestNG.java:251)
at org.testng.remote.RemoteTestNG.main(RemoteTestNG.java:77)
]]>
    </failure>
  </testcase> <!-- Testcase_ColumnValidation -->
  <system-out>
    <![CDATA[Executing Snowflake query :: SELECT COLUMN_NAME FROM DEV_ENT_RAW.INFORMATION_SCHEMA.COLUMNS WHERE TABLE_NAME='TECHNICIANPAYROLLADJUSTMENT'and TABLE_SCHEMA='ST_GOLDMEDAL_MATILLION'
Executing Snowflake query :: SELECT COLUMN_NAME FROM CURATED_DATAMART.INFORMATION_SCHEMA.COLUMNS WHERE TABLE_NAME='STR_TECHNICIANPAYROLLADJUSTMENT'and TABLE_SCHEMA='ST_BKP_GOLDMEDAL'
Executing Snowflake query :: SELECT COLUMN_NAME FROM DEV_ENT_CURATED.INFORMATION_SCHEMA.COLUMNS WHERE TABLE_NAME='DIM_TECHNICIANPAYROLLADJUSTMENT'and TABLE_SCHEMA='MASTER_DIMENSIONS'
Column names for RAW Table --> TECHNICIANPAYROLLADJUSTMENT :: [BUSINESSUNITNAME, CODE_NAME, CODE_PAYROLLCODE, CREATEDON, TAXZONE_ID, TYPE, REPLACESBONUSAMOUNT, AMOUNT, CUSTOMER_ID, CUSTOMERNAME, TECHNICIAN_ID, ISOTCHARGE, PAYROLLCODE_NAME, ID, ISPREVAILINGWAGEJOB, PAYROLLADJUSTMENT_ID, PAYROLLCODE_ORIGINALCODE, ZONENAME, ACTIVE, BUSINESSUNIT_ID, JOB_ID, JOBNUMBER, PAYROLLCODE_CODE, POSTEDON, CODE_ORIGINALCODE, PERSISTENCETYPE, HOURS, INVOICENUMBER, JOBLOCATIONNAME, PAYROLL_ID, JOBLOCATION_ID, PROJECTNUMBER, MEMO, TAXZONENAME, CREATEDBY_ID, IMPORTID, JOBLOCATIONADDRESS, PROJECT_ID, RATE, ZONE_ID, JOBLOCATIONZIP, QUANTITY, INVOICE_ID]
Column names for DataMart Table --> STR_TECHNICIANPAYROLLADJUSTMENT :: [AMOUNT, ISOTCHARGE, JOBLOCATIONNAME, PERSISTENCETYPE, PROJECTNUMBER, ZONENAME, ZONE_ID, CUSTOMER_ID, INVOICE_ID, JOBNUMBER, ACTIVE_FLAG, CODE_ORIGINALCODE, ISPREVAILINGWAGEJOB, JOBLOCATIONADDRESS, PROJECT_ID, CREATEDBY_ID, CUSTOMERNAME, INVOICENUMBER, JOB_ID, MEMO, TAXZONENAME, TECHNICIAN_ID, ACTIVE, CODE_PAYROLLCODE, CREATEDON, IMPORTID, PAYROLLADJUSTMENT_ID, PAYROLLCODE_CODE, BUSINESSUNIT_ID, JOBLOCATIONZIP, MASTER_ID, PAYROLLCODE_ORIGINALCODE, POSTEDON, RATE, RECORD_CREATE_DATE, TENANT_TYPE, BUSINESSUNITNAME, ID, JOBLOCATION_ID, PAYROLLCODE_NAME, CODE_NAME, HOURS, RECORD_UPDATE_DATE, TYPE, QUANTITY, REPLACESBONUSAMOUNT, PAYROLL_ID, TAXZONE_ID]
Column names for Curated Table --> DIM_TECHNICIANPAYROLLADJUSTMENT :: [BUSINESSUNIT_ID, CREATEDON, CUSTOMER_ID, ISOTCHARGE, ISPREVAILINGWAGEJOB, JOBLOCATION_ID, TYPE, PAYROLLCODE_CODE, BUSINESSUNITNAME, INVOICENUMBER, PROJECTNUMBER, TECHNICIAN_ID, PAYROLLCODE_ORIGINALCODE, AMOUNT, HOURS, JOBNUMBER, QUANTITY, TENANT_TYPE, INVOICE_ID, JOBLOCATIONZIP, JOB_ID, JOBLOCATIONNAME, PERSISTENCETYPE, CODE_ORIGINALCODE, PAYROLL_ID, CODE_NAME, ZONE_ID, RECORD_UPDATE_DATE, CODE_PAYROLLCODE, CREATEDBY_ID, POSTEDON, PAYROLLADJUSTMENT_ID, ID, PROJECT_ID, TAXZONE_ID, ACTIVE, CUSTOMERNAME, PAYROLLCODE_NAME, RECORD_CREATE_DATE, REPLACESBONUSAMOUNT, TAXZONENAME, IMPORTID, JOBLOCATIONADDRESS, MEMO, RATE, ZONENAME]
Column Name found in Datamart and Curated Table :: BUSINESSUNITNAME
Column Name found in Datamart and Curated Table :: CODE_NAME
Column Name found in Datamart and Curated Table :: CODE_PAYROLLCODE
Column Name found in Datamart and Curated Table :: CREATEDON
Column Name found in Datamart and Curated Table :: TAXZONE_ID
Column Name found in Datamart and Curated Table :: TYPE
Column Name found in Datamart and Curated Table :: REPLACESBONUSAMOUNT
Column Name found in Datamart and Curated Table :: AMOUNT
Column Name found in Datamart and Curated Table :: CUSTOMER_ID
Column Name found in Datamart and Curated Table :: CUSTOMERNAME
Column Name found in Datamart and Curated Table :: TECHNICIAN_ID
Column Name found in Datamart and Curated Table :: ISOTCHARGE
Column Name found in Datamart and Curated Table :: PAYROLLCODE_NAME
Column Name found in Datamart and Curated Table :: ID
Column Name found in Datamart and Curated Table :: ISPREVAILINGWAGEJOB
Column Name found in Datamart and Curated Table :: PAYROLLADJUSTMENT_ID
Column Name found in Datamart and Curated Table :: PAYROLLCODE_ORIGINALCODE
Column Name found in Datamart and Curated Table :: ZONENAME
Column Name found in Datamart and Curated Table :: ACTIVE
Column Name found in Datamart and Curated Table :: BUSINESSUNIT_ID
Column Name found in Datamart and Curated Table :: JOB_ID
Column Name found in Datamart and Curated Table :: JOBNUMBER
Column Name found in Datamart and Curated Table :: PAYROLLCODE_CODE
Column Name found in Datamart and Curated Table :: POSTEDON
Column Name found in Datamart and Curated Table :: CODE_ORIGINALCODE
Column Name found in Datamart and Curated Table :: PERSISTENCETYPE
Column Name found in Datamart and Curated Table :: HOURS
Column Name found in Datamart and Curated Table :: INVOICENUMBER
Column Name found in Datamart and Curated Table :: JOBLOCATIONNAME
Column Name found in Datamart and Curated Table :: PAYROLL_ID
Column Name found in Datamart and Curated Table :: JOBLOCATION_ID
Column Name found in Datamart and Curated Table :: PROJECTNUMBER
Column Name found in Datamart and Curated Table :: MEMO
Column Name found in Datamart and Curated Table :: TAXZONENAME
Column Name found in Datamart and Curated Table :: CREATEDBY_ID
Column Name found in Datamart and Curated Table :: IMPORTID
Column Name found in Datamart and Curated Table :: JOBLOCATIONADDRESS
Column Name found in Datamart and Curated Table :: PROJECT_ID
Column Name found in Datamart and Curated Table :: RATE
Column Name found in Datamart and Curated Table :: ZONE_ID
Column Name found in Datamart and Curated Table :: JOBLOCATIONZIP
Column Name found in Datamart and Curated Table :: QUANTITY
Column Name found in Datamart and Curated Table :: INVOICE_ID
Datamart tables contains additional column name like [ACTIVE_FLAG, RECORD_CREATE_DATE, RECORD_UPDATE_DATE, RECORD_UPDATE_DATE, MASTER_ID, TENANT_TYPE]
Curated tables not contains additional column name like [RECORD_CREATE_DATE, RECORD_UPDATE_DATE, RECORD_UPDATED_BY, TENANT_TYPE]]]>
  </system-out>
  <testcase classname="testcases.RAW_DATAMART_CURATED.SnowFlake_ColumnValidation_Master" name="Testcase_ColumnValidation" time="2.593">
    <failure message="The following asserts failed:
	null,
	null" type="java.lang.AssertionError">
      <![CDATA[java.lang.AssertionError: The following asserts failed:
null,
null
at org.testng.asserts.SoftAssert.assertAll(SoftAssert.java:47)
at org.testng.asserts.SoftAssert.assertAll(SoftAssert.java:31)
at testcases.RAW_DATAMART_CURATED.SnowFlake_ColumnValidation_Master.API_Tables_ColumnName_validation(SnowFlake_ColumnValidation_Master.java:130)
at testcases.RAW_DATAMART_CURATED.SnowFlake_ColumnValidation_Master.Testcase_ColumnValidation(SnowFlake_ColumnValidation_Master.java:243)
at jdk.internal.reflect.GeneratedMethodAccessor12.invoke(Unknown Source)
at java.base/jdk.internal.reflect.DelegatingMethodAccessorImpl.invoke(DelegatingMethodAccessorImpl.java:43)
at java.base/java.lang.reflect.Method.invoke(Method.java:568)
at org.testng.internal.MethodInvocationHelper.invokeMethod(MethodInvocationHelper.java:133)
at org.testng.internal.TestInvoker.invokeMethod(TestInvoker.java:598)
at org.testng.internal.TestInvoker.invokeTestMethod(TestInvoker.java:173)
at org.testng.internal.MethodRunner.runInSequence(MethodRunner.java:46)
at org.testng.internal.TestInvoker$MethodInvocationAgent.invoke(TestInvoker.java:824)
at org.testng.internal.TestInvoker.invokeTestMethods(TestInvoker.java:146)
at org.testng.internal.TestMethodWorker.invokeTestMethods(TestMethodWorker.java:146)
at org.testng.internal.TestMethodWorker.run(TestMethodWorker.java:128)
at java.base/java.util.ArrayList.forEach(ArrayList.java:1511)
at org.testng.TestRunner.privateRun(TestRunner.java:794)
at org.testng.TestRunner.run(TestRunner.java:596)
at org.testng.SuiteRunner.runTest(SuiteRunner.java:377)
at org.testng.SuiteRunner.runSequentially(SuiteRunner.java:371)
at org.testng.SuiteRunner.privateRun(SuiteRunner.java:332)
at org.testng.SuiteRunner.run(SuiteRunner.java:276)
at org.testng.SuiteRunnerWorker.runSuite(SuiteRunnerWorker.java:53)
at org.testng.SuiteRunnerWorker.run(SuiteRunnerWorker.java:96)
at org.testng.TestNG.runSuitesSequentially(TestNG.java:1212)
at org.testng.TestNG.runSuitesLocally(TestNG.java:1134)
at org.testng.TestNG.runSuites(TestNG.java:1063)
at org.testng.TestNG.run(TestNG.java:1031)
at org.testng.remote.AbstractRemoteTestNG.run(AbstractRemoteTestNG.java:115)
at org.testng.remote.RemoteTestNG.initAndRun(RemoteTestNG.java:251)
at org.testng.remote.RemoteTestNG.main(RemoteTestNG.java:77)
]]>
    </failure>
  </testcase> <!-- Testcase_ColumnValidation -->
  <system-out>
    <![CDATA[Executing Snowflake query :: SELECT COLUMN_NAME FROM DEV_ENT_RAW.INFORMATION_SCHEMA.COLUMNS WHERE TABLE_NAME='ST_API_PROJECT'and TABLE_SCHEMA='API_MAT'
Executing Snowflake query :: SELECT COLUMN_NAME FROM CURATED_DATAMART.INFORMATION_SCHEMA.COLUMNS WHERE TABLE_NAME='STR_API_PROJECT'and TABLE_SCHEMA='ST_API_EANESHEATING'
Executing Snowflake query :: SELECT COLUMN_NAME FROM DEV_ENT_CURATED.INFORMATION_SCHEMA.COLUMNS WHERE TABLE_NAME='DIM_PROJECT'and TABLE_SCHEMA='MASTER_DIMENSIONS'
Column names for RAW Table --> ST_API_PROJECT :: [ACTIVE, AREITEMSREORDERED, CUSTOMER_ID, NAME, NUMBER, PROJECTSETTINGSTYPE, TECHNICIANSIGNATURE, SUMMARY, MODIFIEDON, ACKNOWLEDGEMENTSIGNATURE, COMPLETEDON, COMPLETIONPERCENT, COSTTOCOMPLETE, CREATEDBY_ID, CREATEDON, IMPORTID, COMPLETEDONACTUAL, ID, CONTRACTESTIMATE_ID, AUTHORIZATIONSIGNATURE, CONTRACTSTARTDATE, STARTEDON, CONTRACTFOR, ISRETAINAGEENABLED, ISPREVAILINGWAGE, LOCATION_ID, PAYMENTTERM_ID, RETAINAGEPERCENT, REVENUERECOGNITIONMETHOD, TENANT_TYPE]
Column names for DataMart Table --> STR_API_PROJECT :: [ACTIVE_FLAG, ID, MASTER_ID, MD5_VALUE, STARTEDON, AREITEMSREORDERED, AUTHORIZATIONSIGNATURE, CREATEDBY_ID, PAYMENTTERM_ID, PROJECTSETTINGSTYPE, SUMMARY, COMPLETEDONACTUAL, CUSTOMER_ID, MODIFIEDON, NAME, TENANT_TYPE, CREATEDON, LOCATION_ID, ISRETAINAGEENABLED, ACKNOWLEDGEMENTSIGNATURE, CONTRACTFOR, ACTIVE, CONTRACTESTIMATE_ID, CONTRACTSTARTDATE, RETAINAGEPERCENT, RECORD_CREATE_DATE, NUMBER, TECHNICIANSIGNATURE, COMPLETEDON, COMPLETIONPERCENT, IMPORTID, RECORD_UPDATE_DATE, ISPREVAILINGWAGE]
Column names for Curated Table --> DIM_PROJECT :: [RECORD_UPDATE_DATE, ACTIVE, AUTHORIZATIONSIGNATURE, COMPLETEDON, RETAINAGEPERCENT, IMPORTID, CONTRACTFOR, CONTRACTSTARTDATE, ID, ISRETAINAGEENABLED, RECORD_CREATE_DATE, RECORD_UPDATED_BY, TENANT_TYPE, PROJECTSETTINGSTYPE, TECHNICIANSIGNATURE, ISPREVAILINGWAGE, MD5_VALUE, NAME, PAYMENTTERM_ID, COMPLETEDONACTUAL, CUSTOMER_ID, NUMBER, AREITEMSREORDERED, CREATEDON, LOCATION_ID, MODIFIEDON, STARTEDON, ACKNOWLEDGEMENTSIGNATURE, COMPLETIONPERCENT, CONTRACTESTIMATE_ID, SUMMARY, CREATEDBY_ID, REVENUERECOGNITIONMETHOD]
Column Name found in Datamart and Curated Table :: ACTIVE
Column Name found in Datamart and Curated Table :: AREITEMSREORDERED
Column Name found in Datamart and Curated Table :: CUSTOMER_ID
Column Name found in Datamart and Curated Table :: NAME
Column Name found in Datamart and Curated Table :: NUMBER
Column Name found in Datamart and Curated Table :: PROJECTSETTINGSTYPE
Column Name found in Datamart and Curated Table :: TECHNICIANSIGNATURE
Column Name found in Datamart and Curated Table :: SUMMARY
Column Name found in Datamart and Curated Table :: MODIFIEDON
Column Name found in Datamart and Curated Table :: ACKNOWLEDGEMENTSIGNATURE
Column Name found in Datamart and Curated Table :: COMPLETEDON
Column Name found in Datamart and Curated Table :: COMPLETIONPERCENT
Column Name not found in Datamart and Curated Table :: COSTTOCOMPLETE
Column Name found in Datamart and Curated Table :: CREATEDBY_ID
Column Name found in Datamart and Curated Table :: CREATEDON
Column Name found in Datamart and Curated Table :: IMPORTID
Column Name found in Datamart and Curated Table :: COMPLETEDONACTUAL
Column Name found in Datamart and Curated Table :: ID
Column Name found in Datamart and Curated Table :: CONTRACTESTIMATE_ID
Column Name found in Datamart and Curated Table :: AUTHORIZATIONSIGNATURE
Column Name found in Datamart and Curated Table :: CONTRACTSTARTDATE
Column Name found in Datamart and Curated Table :: STARTEDON
Column Name found in Datamart and Curated Table :: CONTRACTFOR
Column Name found in Datamart and Curated Table :: ISRETAINAGEENABLED
Column Name found in Datamart and Curated Table :: ISPREVAILINGWAGE
Column Name found in Datamart and Curated Table :: LOCATION_ID
Column Name found in Datamart and Curated Table :: PAYMENTTERM_ID
Column Name found in Datamart and Curated Table :: RETAINAGEPERCENT
Column Name not found in Datamart and Curated Table :: REVENUERECOGNITIONMETHOD
Column Name found in Datamart and Curated Table :: TENANT_TYPE
Datamart tables contains additional column name like [ACTIVE_FLAG, RECORD_CREATE_DATE, RECORD_UPDATE_DATE, MASTER_ID]
Curated tables contains additional column name like [RECORD_CREATE_DATE, RECORD_UPDATE_DATE, RECORD_UPDATED_BY]]]>
  </system-out>
  <testcase classname="testcases.RAW_DATAMART_CURATED.SnowFlake_ColumnValidation_Master" name="Testcase_ColumnValidation" time="2.572">
    <failure message="The following asserts failed:
	null" type="java.lang.AssertionError">
      <![CDATA[java.lang.AssertionError: The following asserts failed:
null
at org.testng.asserts.SoftAssert.assertAll(SoftAssert.java:47)
at org.testng.asserts.SoftAssert.assertAll(SoftAssert.java:31)
at testcases.RAW_DATAMART_CURATED.SnowFlake_ColumnValidation_Master.BKP_Tables_ColumnName_validation(SnowFlake_ColumnValidation_Master.java:231)
at testcases.RAW_DATAMART_CURATED.SnowFlake_ColumnValidation_Master.Testcase_ColumnValidation(SnowFlake_ColumnValidation_Master.java:240)
at jdk.internal.reflect.GeneratedMethodAccessor12.invoke(Unknown Source)
at java.base/jdk.internal.reflect.DelegatingMethodAccessorImpl.invoke(DelegatingMethodAccessorImpl.java:43)
at java.base/java.lang.reflect.Method.invoke(Method.java:568)
at org.testng.internal.MethodInvocationHelper.invokeMethod(MethodInvocationHelper.java:133)
at org.testng.internal.TestInvoker.invokeMethod(TestInvoker.java:598)
at org.testng.internal.TestInvoker.invokeTestMethod(TestInvoker.java:173)
at org.testng.internal.MethodRunner.runInSequence(MethodRunner.java:46)
at org.testng.internal.TestInvoker$MethodInvocationAgent.invoke(TestInvoker.java:824)
at org.testng.internal.TestInvoker.invokeTestMethods(TestInvoker.java:146)
at org.testng.internal.TestMethodWorker.invokeTestMethods(TestMethodWorker.java:146)
at org.testng.internal.TestMethodWorker.run(TestMethodWorker.java:128)
at java.base/java.util.ArrayList.forEach(ArrayList.java:1511)
at org.testng.TestRunner.privateRun(TestRunner.java:794)
at org.testng.TestRunner.run(TestRunner.java:596)
at org.testng.SuiteRunner.runTest(SuiteRunner.java:377)
at org.testng.SuiteRunner.runSequentially(SuiteRunner.java:371)
at org.testng.SuiteRunner.privateRun(SuiteRunner.java:332)
at org.testng.SuiteRunner.run(SuiteRunner.java:276)
at org.testng.SuiteRunnerWorker.runSuite(SuiteRunnerWorker.java:53)
at org.testng.SuiteRunnerWorker.run(SuiteRunnerWorker.java:96)
at org.testng.TestNG.runSuitesSequentially(TestNG.java:1212)
at org.testng.TestNG.runSuitesLocally(TestNG.java:1134)
at org.testng.TestNG.runSuites(TestNG.java:1063)
at org.testng.TestNG.run(TestNG.java:1031)
at org.testng.remote.AbstractRemoteTestNG.run(AbstractRemoteTestNG.java:115)
at org.testng.remote.RemoteTestNG.initAndRun(RemoteTestNG.java:251)
at org.testng.remote.RemoteTestNG.main(RemoteTestNG.java:77)
]]>
    </failure>
  </testcase> <!-- Testcase_ColumnValidation -->
  <system-out>
    <![CDATA[Executing Snowflake query :: SELECT COLUMN_NAME FROM DEV_ENT_RAW.INFORMATION_SCHEMA.COLUMNS WHERE TABLE_NAME='TECHNICIANATTACHEDPROPERTY'and TABLE_SCHEMA='ST_HARP_MATILLION'
Executing Snowflake query :: SELECT COLUMN_NAME FROM CURATED_DATAMART.INFORMATION_SCHEMA.COLUMNS WHERE TABLE_NAME='STR_TECHNICIANATTACHEDPROPERTY'and TABLE_SCHEMA='ST_BKP_HARP'
Executing Snowflake query :: SELECT COLUMN_NAME FROM DEV_ENT_CURATED.INFORMATION_SCHEMA.COLUMNS WHERE TABLE_NAME='DIM_TECHNICIANATTACHEDPROPERTY'and TABLE_SCHEMA='MASTER_DIMENSIONS'
Column names for RAW Table --> TECHNICIANATTACHEDPROPERTY :: [NAME, VALUE, OWNER_ID]
Column names for DataMart Table --> STR_TECHNICIANATTACHEDPROPERTY :: [ACTIVE_FLAG, RECORD_UPDATE_DATE, OWNER_ID, RECORD_CREATE_DATE, TENANT_TYPE, VALUE, MASTER_ID, NAME]
Column names for Curated Table --> DIM_TECHNICIANATTACHEDPROPERTY :: [OWNER_ID, RECORD_CREATE_DATE, NAME, RECORD_UPDATE_DATE, TENANT_TYPE, VALUE]
Column Name found in Datamart and Curated Table :: NAME
Column Name found in Datamart and Curated Table :: VALUE
Column Name found in Datamart and Curated Table :: OWNER_ID
Datamart tables contains additional column name like [ACTIVE_FLAG, RECORD_CREATE_DATE, RECORD_UPDATE_DATE, RECORD_UPDATE_DATE, MASTER_ID, TENANT_TYPE]
Curated tables not contains additional column name like [RECORD_CREATE_DATE, RECORD_UPDATE_DATE, RECORD_UPDATED_BY, TENANT_TYPE]]]>
  </system-out>
</testsuite> <!-- testcases.RAW_DATAMART_CURATED.SnowFlake_ColumnValidation_Master -->
