<?xml version="1.0" encoding="UTF-8"?>
<!-- Generated by org.testng.reporters.JUnitReportReporter -->
<testsuite hostname="BALT-CHN-00" failures="0" tests="1" name="testcases.DataValidation" time="0.833" errors="0" timestamp="2021-11-09T19:06:57 IST" skipped="0">
  <testcase classname="testcases.DataValidation" name="test" time="0.833"/>
  <system-out>
    <![CDATA[Executing SQL query :: use St_Backup_FourServicePros SELECT A.Name AS Src_Table , SUM(B.rows) AS Src_RowCount FROM sys.objects A INNER JOIN sys.partitions B ON A.object_id = B.object_id WHERE A.type = 'U' and (SCHEMA_NAME(A.schema_id)) = 'fourservicepros' GROUP BY A.schema_id, A.Name ORDER BY A.Name
Getting size
value is AccountingTransaction
value is AchTokenGenerationAccount
value is AchTokenGenerationProcessingResult
value is AcquisitionPflOrder
value is Activity
value is ActivitySearchTerm
value is AddOnBillableRate
value is AdpWorkCity
value is AdpWorkState
value is AdpWorkState-Cities-AdpWorkCity
value is Alert
value is Alert-InventoryLocations-IInventoryLocation
value is Alert-PurchaseOrderTypes-PurchaseOrderType
value is Alert-Recipients-IEmployee
value is AlertSmsedLog
value is Alert-Tags-TagType
value is Alert-Vendors-Vendor
value is AnalyticsMetricCounter
value is AnalyticsScore
value is ApplicationForPayment
value is ApplicationForPaymentEmailedLog
value is ApplicationForPaymentItem
value is ApplicationForPaymentItemTaxRate
value is AppliedPriceModifier
value is Appointment
value is AppointmentConfirmationEmailedLog
value is AppointmentDefinition
value is AppointmentDefinition-Technicians-Technician
value is AppointmentRescheduledReasonSurvey
value is ArrivalWindow
value is ArrivalWindow-BusinessUnits-BusinessUnit
value is ArrivalWindowOverride
value is ArrivalWindowRestriction
value is Audience
value is AudienceFilterGroup
value is AutoBatchingJob
value is AutoBatchingTransaction
value is AutoBatchingUsage
value is AutoDismissedUpdateInfo
value is AutoDispatchPrediction
value is AvalaraAccount
value is AvalaraAccount-BusinessUnits-BusinessUnit
value is AvalaraInvoice
value is AzureActiveDirectoryUser
value is BankAccount
value is Batch
value is BatchAttachedProperty
value is BathroomPlumbingCheckup
value is BillingChangeEvent
value is BillingConfigurationLog
value is BillingCycle
value is BillingEvent
value is BillingInvoice
value is BillingInvoiceItem
value is BillingInvoiceTax
value is BillingPayment
value is BillingPaymentSplit
value is BillingPeriod
value is BillingSubscription
value is BillingUsage
value is Bin
value is BinSku
value is BioEmailedLog
value is BioMmsedLog
value is Booking
value is BookingConfirmationEmailedLog
value is BookingNotificationEmailedLog
value is BookingTargetForArrivalWindow
value is BulkBookingRequest
value is BulkBookingRequestItem
value is BulkBookingRequest-Technicians-Technician
value is BusinessHours
value is BusinessUnit
value is BusinessUnitAttachedProperty
value is BusinessUnitForecastDemand
value is BusinessUnitGroup
value is BusinessUnitGroup-BusinessUnits-BusinessUnit
value is BusinessUnitGroup-Zones-Zone
value is BusinessUnit-JobTypes-JobType
value is BusinessUnit-PrevailingWageCodes-PrevailingWageCode
value is BypassedCapacityPlanningWarningLog
value is BypassedIdealBookingPerncentageWarningLog
value is Call
value is CallAbandonedLog
value is Call-DialpadGroupUsers-User
value is CallLeg
value is CallLegBillingStatus
value is CallNotBookedLog
value is CallReason
value is CallRecordingPauseTimestamp
value is CallsBudget
value is CallScriptAnswerRecord
value is CallScriptLibraryRecord
value is CallScriptOpenLibraryRecord
value is CallScriptTriggerEvent
value is CallScriptVersionLayer
value is Campaign
value is CampaignAttachedProperty
value is CampaignCategory
value is CampaignCost
value is Campaign-Costs-CampaignCost
value is CampaignEmailedLog
value is CampaignProcessingLog
value is CampaignSchedule
value is CancelJobReason
value is CapacityEventLog
value is CapacitySlot
value is Category
value is CategoryAddOnLink
value is Category-AddOns-Service
value is CategoryAttachedProperty
value is CategoryBusinessUnitLink
value is Category-BusinessUnits-BusinessUnit
value is CategoryLink
value is CategoryPricebookModifier
value is ChatThread
value is ClickTracking
value is ClientActionRecord
value is CommissionBonus
value is Contact
value is ContentPortalPost
value is ContentPortalPost-Audience-Technician
value is ContentPortalPost-BusinessUnits-BusinessUnit
value is ContractProfitabilityEstimate
value is CounterSalesLocation
value is CounterSalesLocation-PricebookCategories-Category
value is CounterSalesLocation-Users-User
value is CreateMembershipWorkflowAction
value is CreditCard
value is CreditCardUpdateLog
value is CustomDashboard
value is CustomDashboardSection
value is CustomData
value is Customer
value is CustomerAttachedProperty
value is CustomerAttachment
value is CustomerFullTextData
value is CustomerMembership
value is CustomerPortalUser
value is CustomerStatementEmailedLog
value is CustomerStatementMailedLog
value is CustomerStatistics
value is CustomField
value is CustomFieldType
value is CustomKey
value is CustomPayrollFieldDefinition
value is CustomPayrollFieldHistory
value is CustomReport
value is CustomReportBookmark
value is CustomReportRecommendation
value is CustomReportShare
value is DashboardFilter
value is DashboardFilterBinding
value is DashboardModule
value is DashboardRow
value is DashboardRowGroup
value is DeferredRevenueEventInvoiceItem
value is DialpadCallMeta
value is DirectMailCampaign
value is DirectMailDesign
value is DismissedPmAppointment
value is DismissedUpdate
value is DismissReminderLog
value is Division
value is ElavonTransactionInfo
value is EmailCampaign
value is EmailDeliveryStatus
value is EmailExportStatus
value is EmailRecipient
value is EmailSequenceItem
value is EmailSequenceItem-Recipients-Recipient
value is EmailServiceEmailedLog
value is EmailSuppression
value is EmailTemplate
value is EmailTemplateCopy
value is EmailValidation
value is Employee
value is Employee-BusinessUnits-BusinessUnit
value is EmployeeGrossPayItem
value is EmployeePayroll
value is EmployeePayrollAdjustment
value is EmployeePayrollClockInOutShift
value is EmployeePayrollPayrollAdjustment
value is EmployeePayrollTimesheet
value is EmployeePayrollTimesheetCode
value is EmployeeSubtask
value is EmployeeSubtaskAssignLog
value is EmployeeSubtaskComment
value is EmployeeSubtaskStatusChangedLog
value is EmployeeTask
value is EmployeeTaskAssignLog
value is EmployeeTaskComment
value is EmployeeTask-InvolvedEmployees-IEmployee
value is EmployeeTaskResolution
value is EmployeeTaskResolution-ExcludedTaskTypes-EmployeeTaskType
value is EmployeeTaskSource
value is EmployeeTaskStatusChangedLog
value is EmployeeTaskType
value is EmployeeTimesheet
value is EmployeeTodo
value is EmployeeTodoAssignLog
value is EmployeeTodoComment
value is Equipment
value is EquipmentAddOn
value is EquipmentAttachedProperty
value is EquipmentMaterial
value is EquipmentType
value is EquipmentType-BusinessUnits-BusinessUnit
value is EquipmentUpgradeLink
value is Equipment-Upgrades-Equipment
value is EquipmentVendor
value is EquipmentVendorSubaccount
value is Estimate
value is EstimateAttachedProperty
value is EstimateAttachment
value is EstimateBundle
value is EstimateBundle-Estimates-Estimate
value is EstimateEmailedLog
value is EstimateEquipment
value is EstimateEventLog
value is EstimateItem
value is EstimateProfitNote
value is Estimate-ServiceTitan.Model.IEstimate.Taxes-EstimateTax
value is EstimateTax
value is EstimateTemplate
value is EstimateTemplateAssignment
value is EstimateTemplateItem
value is EstimateTemplateItemCustomField
value is ExternalEmployee
value is ExternalLink
value is Feedback
value is Financing
value is Financing-EstimateItems-EstimateItem
value is FinancingOffer
value is FinancingRule
value is FinancingRule-Drivers-IFinancingRuleDriver
value is FinancingTier
value is FinancingTier-Plans-GreenskyPlan
value is FollowUpAction
value is FollowUpActionBase
value is FollowUpDateChangedLog
value is Form
value is Form-BusinessUnits-BusinessUnit
value is FormDuplicatedLog
value is FormEmailedLog
value is FormFieldValue
value is Form-GeneratedTagTypes-TagType
value is FormItemMeta
value is FormItemMetaImage
value is FormRenamedLog
value is FormSignatureRequest
value is FormSubmittedLog
value is FormSubmitting
value is FormSubmittingDeletedLog
value is FormSubmittingLinkLog
value is FormSubmittingOwner
value is FormSubmitting-Owners-FormSubmittingOwner
value is FormSubmittingUnlinkLog
value is FormSyncTarget
value is FormTrigger
value is FormUnit
value is G12Job
value is GeneralLedgerAccount
value is GeneralLedgerAccountType
value is GlassDoctorVendorFieldValue
value is GlsAvailability
value is GlsBookingLead
value is GlsCidCategory
value is GlsJobTypeMapping
value is GlsJobTypeMapping-BusinessUnitGroups-BusinessUnitGroup
value is GlsJobTypeMapping-BusinessUnits-BusinessUnit
value is GlsJobTypeMapping-JobTypes-JobType
value is GlsMerchant
value is GlsMerchant-BusinessUnitGroups-BusinessUnitGroup
value is GlsMerchant-BusinessUnits-BusinessUnit
value is GlsMerchantCid
value is GlsPulledCidCategory
value is GlsPulledMerchant
value is GlsPulledMerchantCid
value is GoogleHomeServicesLead
value is GpsEvent
value is GpsProvider
value is GpsTimesheet
value is GpsUnit
value is GreenSky
value is GreenskyPlan
value is GrossPayItem
value is HoldJobReason
value is Holiday
value is HomeAdvisorBookingLead
value is HomeAdvisorLead
value is HubSpotProperty
value is HubSpotPropertyType
value is HvacLoadCalculation
value is IdealBookingPercentageAssignment
value is IdealBookingTimeFrame
value is IdealBookingTimeFrame-BusinessUnitGroups-BusinessUnitGroup
value is IEstimate-ProfitNotes-EstimateProfitNote
value is IEstimate-Taxes-EstimateTax
value is InstalledEquipment
value is InstalledEquipment-RecurringEvents-LocationRecurringServiceEvent
value is InstalledEquipment-RecurringServices-LocationRecurringService
value is InsuranceClaim
value is InsuranceProvider
value is IntegratedPaymentsReportUsage
value is IntegratedRefunds
value is InventoryAdjustment
value is InventoryAdjustmentItem
value is InventoryBalance
value is InventoryBatch
value is InventoryBill
value is InventoryBillAttachment
value is InventoryBillExpenseItem
value is InventoryBillItem
value is InventoryBill-Statements-VendorStatement
value is InventoryBillSubtotalItem
value is InventoryConfigurationLog
value is InventoryReturn
value is InventoryReturnItem
value is InventoryReturn-Statements-VendorStatement
value is InventorySerialNumber
value is InventoryShipment
value is InventoryShipmentAttachment
value is InventoryShipmentItem
value is InventorySku
value is InventoryTemplate
value is InventoryTemplateItem
value is InventoryTracking
value is InventoryTransfer
value is InventoryTransferItem
value is Invoice
value is InvoiceAssignment
value is InvoiceAttachedProperty
value is InvoiceEmailedLog
value is InvoiceItem
value is InvoiceItemTemplate
value is InvoiceSignatureRequest
value is InvoiceTax
value is InvoiceTemplate
value is InvoiceType
value is InvoicingFullTextData
value is IPrincipal-Roles-IRole
value is ISkuWithAttachments-Attachments-SkuAttachment
value is Job
value is JobAlert
value is JobAppointment
value is JobAppointmentAddedToJobLog
value is JobAppointmentAssignment
value is JobAppointment-Assignments-JobAppointmentAssignment
value is JobAppointmentDeletedLog
value is JobAppointmentEventLog
value is JobAppointmentHoldLog
value is JobAppointmentRemoveHoldLog
value is JobAppointmentSmartDispatchData
value is JobAssignment
value is JobAssignmentAttachedProperty
value is JobAssignmentTrace
value is JobAttachment
value is JobAutoConfirmationLog
value is JobBookedLog
value is JobBookingConfirmationEmailedLog
value is JobBookingConfirmationSmsedLog
value is JobCanceledLog
value is JobCancellationRemovedLog
value is JobCompletedLog
value is JobCompletionSurvey
value is JobConfirmationUpdateLog
value is JobCostingEmailedLog
value is JobDetailsEmailedLog
value is JobDistributionSettings
value is JobEventLog
value is JobHoldLog
value is JobHoldLog-Appointments-JobAppointment
value is JobInvoiceSignaturesRequiredLog
value is JobLinkSentToCustomerLog
value is JobLog
value is JobNotificationsChangedLog
value is JobOpportunityHolder
value is JobReminderNotificationLog
value is JobRemoveHoldLog
value is JobRemoveHoldLog-Appointments-JobAppointment
value is JobRescheduledLog
value is Job-Skills-Skill
value is JobSmartDispatchData
value is JobTimesheet
value is JobType
value is JobTypeAttachedProperty
value is JobTypeBudget
value is JobTypeGroup
value is JobTypeGroup-JobTypes-JobType
value is JobTypeSalesFactor
value is JobType-Skills-Skill
value is JobTypeSku
value is JobUnsoldLog
value is JobWrapUpLog
value is KitchenPlumbingCheckup
value is Kpi
value is KpiAvailability
value is KpiBudget
value is KpiCustomerDatasetValue
value is Labor
value is LaborType
value is LaundryPlumbingCheckup
value is Lead
value is LeadOperation
value is LegacyReportBookmark
value is LinkMapping
value is LoanApplication
value is Location
value is LocationAttachedProperty
value is LocationAttachment
value is LocationLaborType
value is LocationOpportunityHolder
value is LocationRecurringService
value is LocationRecurringServiceEvent
value is LocationRecurringServiceEventDeferredRevenueAddonItem
value is LocationRecurringService-PreferredTechnicians-Technician
value is LoyaltyProgram
value is LoyaltyProgramBusinessUnitOption
value is LoyaltyProgramBusinessUnitOption-Exceptions-BusinessUnit
value is LoyaltyProgramChangePointsLog
value is LoyaltyProgramDeductionRule
value is LoyaltyProgramDiscountWorkflowAction
value is LoyaltyProgram-ExemptedCustomers-Customer
value is LoyaltyProgram-ExemptedLocations-Location
value is LoyaltyProgramMembershipOption
value is LoyaltyProgramMembershipOption-Exceptions-MembershipType
value is LoyaltyProgram-WorkingPrepaidMemberships-WorkingPrepaidMembership
value is ManualCall
value is ManualGrossPayItem
value is MarkupPricing
value is MarkupRule
value is MarkupRule-BusinessUnits-BusinessUnit
value is Material
value is MaterialAttachedProperty
value is Material-Categories-Category
value is MaterialsMarkup
value is MaterialVendor
value is MaterialVendorSubaccount
value is MealAppointment
value is MeasureSheet
value is MeasureSheetEntity
value is MembershipBillingResult
value is MembershipBillingRule
value is MembershipBillingRule-MembershipTypes-MembershipType
value is MembershipBillingRun
value is MembershipDiscountItem
value is MembershipDurationBilling
value is MembershipInvoice
value is MembershipRecurringServiceItem
value is MembershipStatusChangedLog
value is MembershipType
value is MergeLogItem
value is MessageOptInOut
value is MobileIdLogItem
value is ModifyMembershipWorkflowAction
value is ModularDashboard
value is ModuleFieldBinding
value is MonthlyTechnicianGoal
value is MultiEntity
value is NavisionCode
value is NewReportGridWalkthroughStatus
value is NonJobEstimateEmailedLog
value is NonJobInvoiceEmailedLog
value is Note
value is NoTechnicianDispatchedAlertLog
value is OAuth2Credentials
value is OnboardingLogItem
value is OnlineEstimateAcceptedEmailedLog
value is OnlinePaymentProcessor
value is Opportunity
value is OpportunityAttachment
value is OpportunityCustomStatus
value is OpportunityEventLog
value is OpportunityFollowUp
value is OutboxMessage
value is OutsidePlumbingCheckup
value is OvertimeProfile
value is OvertimeProfileRule
value is PartnerIntegrationAccount
value is PartnerIntegrationAccountDeleteRegistrationLog
value is PartnerIntegrationAccountRegistrationLog
value is PartUpgradeStatus
value is Payment
value is PaymentAttachedProperty
value is PaymentAuthorization
value is PaymentMovedLog
value is PaymentProcessingResult
value is PaymentRefund
value is PaymentRefundItem
value is PaymentSplit
value is PaymentTerm
value is PaymentTermDiscount
value is PaymentTermPenalty
value is PaymentType
value is PayrollActivityCode
value is PayrollActivityCodePayrollRule
value is PayrollAdjustment
value is PayrollAdjustmentCode
value is PayrollAuditLog
value is PayrollFrequency
value is PayrollPeriod
value is PayrollPeriodGenerateTask
value is PayrollProcessorEntity
value is PayrollProcessorEntitySettings
value is PayrollProfile
value is PayrollProfileRule
value is PayrollRuleDynamicValue
value is PayrollRulePayItem
value is PayrollRulePayItem-Operands-PayrollRuleDynamicValue
value is PayrollRuleRestriction
value is PayrollRuleRestriction-Operands-PayrollRuleDynamicValue
value is PflOrder
value is PhoneCaptureLink
value is PlumbingCheckup
value is PointOfSalePayment
value is PowerDialerCampaign
value is PowerDialerCampaignCall
value is PrevailingWageCode
value is PricebookHistory
value is PricebookHistory-AddOnBillableRates-AddOnBillableRate
value is PricebookHistory-Categories-Category
value is PricebookHistory-PrimaryBillableRates-PrimaryBillableRate
value is PricebookProvider
value is PricebookProvider-Contacts-Contact
value is PriceModifier
value is PriceModifierAttachedProperty
value is PrimaryBillableRate
value is Project
value is ProjectAttachedProperty
value is ProjectAttachment
value is ProjectCategory
value is ProjectEventLog
value is ProjectExpenseType
value is ProjectInvoiceEmailedLog
value is ProjectLabel
value is ProjectOpportunity
value is ProjectOpportunityHolder
value is ProjectSignatureRequest
value is ProposalTemplate
value is ProposalTemplate-BusinessUnits-BusinessUnit
value is ProposalType
value is ProposalTypeOption
value is PublicResource
value is PurchaseOrder
value is PurchaseOrderAttachedProperty
value is PurchaseOrderAttachment
value is PurchaseOrderEmailedLog
value is PurchaseOrderEmailedLog-PurchaseOrders-PurchaseOrder
value is PurchaseOrderEventLog
value is PurchaseOrderItem
value is PurchaseOrderItemsMarkup
value is PurchaseOrdersMarkup
value is PurchaseOrderType
value is QueryLogItem
value is Quickbooks
value is RateSheet
value is RateSheetAssignment
value is RateSheet-BusinessUnits-BusinessUnit
value is RateSheetEstimateItem
value is RateSheetInvoiceItem
value is RateSheetStats
value is Recipient
value is RecurringServiceType
value is RefundMethodConfiguration
value is RefundReason
value is RemittanceVendor
value is RenewMembershipWorkflowAction
value is ReplenishmentRequest
value is ReportingAnalyticsLog
value is ReportingSettings
value is ReportRunHistory
value is Requisition
value is RequisitionItem
value is RequisitionRelease
value is RescheduledReasonSurvey
value is RescheduledReasonSurveyIndividualSettings
value is RoleDashboardShare
value is RoleReportingPermissions
value is RoleReportingSettings
value is RoleStub
value is RoyaltyRate
value is ScheduledCustomReport
value is ScheduledCustomReport-BusinessUnits-BusinessUnit
value is ScheduledCustomReport-ExcludedRecipients-IEmployee
value is ScheduledCustomReport-Recipients-IEmployee
value is ScheduledEmailNotification
value is ScheduledPayrollReport
value is ScheduledPayrollReport-Recipients-IEmployee
value is ScheduledReport
value is ScheduledReportMigration
value is ScheduledReport-Recipients-IEmployee
value is ScheduledSmsNotification
value is SecondChanceLead
value is SecondChanceLeadCall
value is Sender
value is SerializedTrackingLog
value is Service
value is ServiceAddOnLink
value is Service-AddOns-Service
value is ServiceAttachedProperty
value is Service-Categories-Category
value is ServiceDemandReportConfiguration
value is ServiceEquipment
value is ServiceFinancePlan
value is ServiceFinanceProduct
value is Service-GeneratedTagTypes-TagType
value is ServiceMaterial
value is ServiceUpgradeLink
value is Service-Upgrades-Service
value is SetFollowUpDateLog
value is Shift
value is ShiftEventLog
value is SignatureSettings
value is SimpleJobLogBase
value is SipCall
value is Skill
value is Skill-JobTypes-JobType
value is SkuAsset
value is SkuAttachedProperty
value is SkuAttachment
value is SkuProjectLabel
value is SkuSerializeIdentification
value is SmartDispatchExecutionInfo
value is Sms
value is SmsCampaign
value is SmsCampaignSendTask
value is SmsSequenceItem
value is SpecialDayWeight
value is StandardJobType
value is StoredPayment
value is StoredPaymentChargeRequest
value is StoredPaymentChargeRequest-Invoices-Invoice
value is SubjectPreviewSuggestion
value is SupplierFieldChange
value is SupplierLinkChange
value is SupplierSettings
value is SurveyCompletedLog
value is SurveyEmailedLog
value is SurveySmsedLog
value is Symbol
value is SyncAction
value is SyncActionAttachedProperty
value is SyncPair
value is SyncPairState
value is SyncPeer
value is SyncPeerAttachedProperty
value is SyncPeerGeneralLedgerAccount
value is SyncPeerTaxZone
value is SyncQueue
value is SyncQueueItem
value is SyncSession
value is SyncSupplierPOChangeLog
value is Tag
value is TagType
value is Tax
value is TaxZone
value is TaxZoneRegion
value is TaxZoneTaxRate
value is Technician
value is TechnicianArrivedLog
value is TechnicianAssessment
value is TechnicianAssignedLog
value is TechnicianAttachedProperty
value is TechnicianAvailability
value is TechnicianBudget
value is Technician-Categories-Category
value is TechnicianDispatchCanceledLog
value is TechnicianDispatchedLog
value is TechnicianDoneLog
value is TechnicianDriveTimeToHome
value is TechnicianInvoiceGrossPay
value is TechnicianLocation
value is TechnicianNextJobAlertLog
value is TechnicianPayroll
value is TechnicianPayrollAdjustment
value is TechnicianPayroll-Adjustments-TechnicianPayrollAdjustment
value is TechnicianPayrollAppointment
value is TechnicianPayroll-Appointments-TechnicianPayrollAppointment
value is TechnicianPayrollClockInOutShift
value is TechnicianPayroll-ClockInOutShifts-TechnicianPayrollClockInOutShift
value is TechnicianPayrollCommissionBonus
value is TechnicianPayroll-CommissionBonuses-TechnicianPayrollCommissionBonus
value is TechnicianPayroll-EstimateAssignmentInvoices-TechnicianPayrollInvoice
value is TechnicianPayroll-GeneratedByInvoices-TechnicianPayrollInvoice
value is TechnicianPayrollInvoice
value is TechnicianPayrollInvoice-Assignments-TechnicianPayrollJobAssignment
value is TechnicianPayrollInvoiceEstimate
value is TechnicianPayrollInvoiceEstimateItem
value is TechnicianPayrollInvoice-JobEstimates-TechnicianPayrollInvoiceEstimate
value is TechnicianPayrollInvoice-PaymentSplits-TechnicianPayrollPaymentSplit
value is TechnicianPayrollInvoicePayrollActivityCodePayrollRule
value is TechnicianPayroll-Invoices-TechnicianPayrollInvoice
value is TechnicianPayrollInvoice-Timesheets-TechnicianPayrollTimesheet
value is TechnicianPayroll-JobActivities-TechnicianPayrollJobActivity
value is TechnicianPayrollJobActivity
value is TechnicianPayrollJobAssignment
value is TechnicianPayrollMembership
value is TechnicianPayroll-NonJobActivities-TechnicianPayrollNonJobActivity
value is TechnicianPayrollNonJobActivity
value is TechnicianPayrollPaymentSplit
value is TechnicianPayroll-PersistedInvoices-TechnicianPayrollInvoice
value is TechnicianPayrollPurchaseOrder
value is TechnicianPayrollPurchaseOrderItem
value is TechnicianPayroll-PurchaseOrders-TechnicianPayrollPurchaseOrder
value is TechnicianPayroll-SoldByInvoices-TechnicianPayrollInvoice
value is TechnicianPayroll-SoldByMemeberships-TechnicianPayrollMembership
value is TechnicianPayrollTimesheet
value is TechnicianPayrollTimesheetCode
value is TechnicianPayroll-TimesheetCodes-TechnicianPayrollTimesheetCode
value is TechnicianRequestedAdditionalAppointmentLog
value is TechnicianRouteStatistics
value is TechnicianSalesFactor
value is Technician-Skills-Skill
value is TechnicianSmartDispatchSettings
value is TechnicianStatusChange
value is TechnicianTodayRevenue
value is TechnicianUnassignedLog
value is TechnicianVacationPeriod
value is Technician-Zones-Zone
value is TemplateOpportunity
value is TemplateOpportunity-BusinessUnits-BusinessUnit
value is TenantConfigurationChangeLog
value is ThumbnailReference
value is Timesheet
value is TimesheetCode
value is TimesheetCodeAttachedProperty
value is Trade
value is TransferType
value is TransfirstSettlementInfo
value is TransfirstTransactionInfo
value is TransmissionCodeLog
value is Truck
value is UnitOfMeasure
value is UnsoldJobReason
value is UnsubscribeGroup
value is UnsubscribeGroup-Contacts-Contact
value is UntrackedSerialNumber
value is UsedMaterial
value is User
value is UserActivityLog
value is UserConfiguration
value is UserDashboardShare
value is UserMessage
value is UserNotification
value is UserReportPermissions
value is UserRole
value is UserTerm
value is Vendor
value is VendorAttachedProperty
value is VendorContact
value is VendorCredit
value is VendorCreditExpenseItem
value is VendorCreditItem
value is VendorCreditSplit
value is VendorCredit-Statements-VendorStatement
value is VendorCreditSubtotalItem
value is VendorPayment
value is VendorPaymentAttachedProperty
value is VendorPaymentSplit
value is VendorStatement
value is VisitActionRequest
value is VisitAssistantFormEventLog
value is VisitAssistantJobEventLog
value is VisitAssistantProjectEventLog
value is VisitDriveTime
value is VoidedInvoice
value is Warehouse
value is WaterHeaterPlumbingCheckup
value is Webhook
value is WorkingDayWeight
value is WorkingPrepaidMembership
value is WorkOrderEmailedLog
value is YelpAccount
value is YelpAccount-Zones-Zone
value is YelpOpportunity
value is YelpTrade
value is YelpTrade-BusinessUnits-BusinessUnit
value is Zone
value is Zone-BusinessUnits-BusinessUnit]]>
  </system-out>
</testsuite> <!-- testcases.DataValidation -->
