<?xml version="1.0" encoding="UTF-8"?>
<!-- Generated by org.testng.reporters.JUnitReportReporter -->
<testsuite hostname="BALT-CHN-00" failures="48" tests="492" name="testcases.RAW_DATAMART_CURATED.SnowFlake_ColumnValidation_BKPTables" time="1408.416" errors="0" timestamp="2021-12-06T19:53:49 IST" skipped="0">
  <testcase classname="testcases.RAW_DATAMART_CURATED.SnowFlake_ColumnValidation_BKPTables" name="validateColumnName_BKP" time="2.503"/>
  <system-out>
    <![CDATA[Executing Snowflake query :: SELECT COLUMN_NAME FROM DEV_ENT_RAW.INFORMATION_SCHEMA.COLUMNS WHERE TABLE_NAME='MATERIALVENDORSUBACCOUNT'and TABLE_SCHEMA='ST_MAITZ_MATILLION'
Executing Snowflake query :: SELECT COLUMN_NAME FROM CURATED_DATAMART.INFORMATION_SCHEMA.COLUMNS WHERE TABLE_NAME='STR_MATERIALVENDORSUBACCOUNT'and TABLE_SCHEMA='ST_BKP_MAITZ'
Executing Snowflake query :: SELECT COLUMN_NAME FROM DEV_ENT_CURATED.INFORMATION_SCHEMA.COLUMNS WHERE TABLE_NAME='DIM_MATERIALVENDORSUBACCOUNT'and TABLE_SCHEMA='MASTER_DIMENSIONS'
Column names for RAW Table --> MATERIALVENDORSUBACCOUNT :: [ACCOUNTNAME, COST, IMPORTID, MATERIALVENDOR_ID, ACTIVE, CREATEDBY_ID, ID, CREATEDON]
Column names for DataMart Table --> STR_MATERIALVENDORSUBACCOUNT :: [IMPORTID, MATERIALVENDOR_ID, ACTIVE, ACTIVE_FLAG, TENANT_TYPE, RECORD_UPDATE_DATE, ACCOUNTNAME, CREATEDON, CREATEDBY_ID, MASTER_ID, RECORD_CREATE_DATE, COST, ID]
Column names for Curated Table --> DIM_MATERIALVENDORSUBACCOUNT :: [RECORD_CREATE_DATE, IMPORTID, ACTIVE, CREATEDBY_ID, CREATEDON, ID, RECORD_UPDATE_DATE, TENANT_TYPE, RECORD_UPDATED_BY, ACCOUNTNAME, MATERIALVENDOR_ID, COST]
Column Name found in Datamart and Curated Table :: ACCOUNTNAME
Column Name found in Datamart and Curated Table :: COST
Column Name found in Datamart and Curated Table :: IMPORTID
Column Name found in Datamart and Curated Table :: MATERIALVENDOR_ID
Column Name found in Datamart and Curated Table :: ACTIVE
Column Name found in Datamart and Curated Table :: CREATEDBY_ID
Column Name found in Datamart and Curated Table :: ID
Column Name found in Datamart and Curated Table :: CREATEDON
Datamart tables contains additional column name like [ACTIVE_FLAG, RECORD_CREATE_DATE, RECORD_UPDATE_DATE, RECORD_UPDATE_DATE, MASTER_ID, TENANT_TYPE]
Curated tables contains additional column name like [RECORD_CREATE_DATE, RECORD_UPDATE_DATE, RECORD_UPDATED_BY, TENANT_TYPE]]]>
  </system-out>
  <testcase classname="testcases.RAW_DATAMART_CURATED.SnowFlake_ColumnValidation_BKPTables" name="validateColumnName_BKP" time="2.515"/>
  <system-out>
    <![CDATA[Executing Snowflake query :: SELECT COLUMN_NAME FROM DEV_ENT_RAW.INFORMATION_SCHEMA.COLUMNS WHERE TABLE_NAME='TAG'and TABLE_SCHEMA='ST_HENDERSON_MATILLION'
Executing Snowflake query :: SELECT COLUMN_NAME FROM CURATED_DATAMART.INFORMATION_SCHEMA.COLUMNS WHERE TABLE_NAME='STR_TAG'and TABLE_SCHEMA='ST_BKP_HENDERSON'
Executing Snowflake query :: SELECT COLUMN_NAME FROM DEV_ENT_CURATED.INFORMATION_SCHEMA.COLUMNS WHERE TABLE_NAME='DIM_TAG'and TABLE_SCHEMA='MASTER_DIMENSIONS'
Column names for RAW Table --> TAG :: [ACTIVE, GENERATEDFOREXTERNAL, IMPORTID, TYPE_ID, ID, MODIFIEDON, GENERATEDFOR_ID, REMOVEDBY_ID, REMOVEDON, CREATEDBY_ID, OWNER_ID, CREATEDON, MEMO]
Column names for DataMart Table --> STR_TAG :: [MASTER_ID, OWNER_ID, ACTIVE_FLAG, GENERATEDFOR_ID, TENANT_TYPE, TYPE_ID, ACTIVE, CREATEDON, GENERATEDFOREXTERNAL, IMPORTID, REMOVEDON, SOURCE_PKEY_SPK, ID, REMOVEDBY_ID, CREATEDBY_ID, MEMO, MODIFIEDON, RECORD_UPDATE_DATE, RECORD_CREATE_DATE]
Column names for Curated Table --> DIM_TAG :: [ACTIVE_FLAG, RECORD_CREATE_DATE, CREATEDON, RECORD_UPDATE_DATE, SOURCE_PKEY_SPK, GENERATEDFOR_ID, GENERATEDFOREXTERNAL, TYPE_ID, ACTIVE, CREATEDBY_ID, ID, MODIFIEDON, OWNER_ID, REMOVEDBY_ID, REMOVEDON, MEMO, RECORD_UPDATED_BY, IMPORTID, TENANT_TYPE]
Column Name found in Datamart and Curated Table :: ACTIVE
Column Name found in Datamart and Curated Table :: GENERATEDFOREXTERNAL
Column Name found in Datamart and Curated Table :: IMPORTID
Column Name found in Datamart and Curated Table :: TYPE_ID
Column Name found in Datamart and Curated Table :: ID
Column Name found in Datamart and Curated Table :: MODIFIEDON
Column Name found in Datamart and Curated Table :: GENERATEDFOR_ID
Column Name found in Datamart and Curated Table :: REMOVEDBY_ID
Column Name found in Datamart and Curated Table :: REMOVEDON
Column Name found in Datamart and Curated Table :: CREATEDBY_ID
Column Name found in Datamart and Curated Table :: OWNER_ID
Column Name found in Datamart and Curated Table :: CREATEDON
Column Name found in Datamart and Curated Table :: MEMO
Datamart tables contains additional column name like [ACTIVE_FLAG, RECORD_CREATE_DATE, RECORD_UPDATE_DATE, RECORD_UPDATE_DATE, MASTER_ID, TENANT_TYPE]
Curated tables contains additional column name like [RECORD_CREATE_DATE, RECORD_UPDATE_DATE, RECORD_UPDATED_BY, TENANT_TYPE]]]>
  </system-out>
  <testcase classname="testcases.RAW_DATAMART_CURATED.SnowFlake_ColumnValidation_BKPTables" name="validateColumnName_BKP" time="2.763"/>
  <system-out>
    <![CDATA[Executing Snowflake query :: SELECT COLUMN_NAME FROM DEV_ENT_RAW.INFORMATION_SCHEMA.COLUMNS WHERE TABLE_NAME='ZONE'and TABLE_SCHEMA='ST_HDAIR_MATILLION'
Executing Snowflake query :: SELECT COLUMN_NAME FROM CURATED_DATAMART.INFORMATION_SCHEMA.COLUMNS WHERE TABLE_NAME='STR_ZONE'and TABLE_SCHEMA='ST_BKP_HDAIR'
Executing Snowflake query :: SELECT COLUMN_NAME FROM DEV_ENT_CURATED.INFORMATION_SCHEMA.COLUMNS WHERE TABLE_NAME='DIM_ZONE'and TABLE_SCHEMA='MASTER_DIMENSIONS'
Column names for RAW Table --> ZONE :: [COLOR, CREATEDBY_ID, SERVICEDAYS, NAME, ID, CITIES, MODIFIEDON, ACTIVE, CREATEDON, LOCNNUMBERS, MAXDRIVETIMEADJUSTMENT, ZIPS, IMPORTID, SERVICEDAYSENABLED, TERRITORYNUMBERS]
Column names for DataMart Table --> STR_ZONE :: [CREATEDBY_ID, LOCNNUMBERS, COLOR, ID, MODIFIEDON, RECORD_CREATE_DATE, SERVICEDAYSENABLED, ZIPS, RECORD_UPDATE_DATE, CITIES, ACTIVE, CREATEDON, IMPORTID, MASTER_ID, MAXDRIVETIMEADJUSTMENT, TENANT_TYPE, TERRITORYNUMBERS, NAME, ACTIVE_FLAG, SERVICEDAYS]
Column names for Curated Table --> DIM_ZONE :: [CREATEDON, ID, ZIPS, CITIES, IMPORTID, LOCNNUMBERS, MODIFIEDON, NAME, SERVICEDAYS, TENANT_TYPE, MAXDRIVETIMEADJUSTMENT, TERRITORYNUMBERS, RECORD_CREATE_DATE, ACTIVE, CREATEDBY_ID, SERVICEDAYSENABLED, RECORD_UPDATE_DATE, COLOR, RECORD_UPDATED_BY]
Column Name found in Datamart and Curated Table :: COLOR
Column Name found in Datamart and Curated Table :: CREATEDBY_ID
Column Name found in Datamart and Curated Table :: SERVICEDAYS
Column Name found in Datamart and Curated Table :: NAME
Column Name found in Datamart and Curated Table :: ID
Column Name found in Datamart and Curated Table :: CITIES
Column Name found in Datamart and Curated Table :: MODIFIEDON
Column Name found in Datamart and Curated Table :: ACTIVE
Column Name found in Datamart and Curated Table :: CREATEDON
Column Name found in Datamart and Curated Table :: LOCNNUMBERS
Column Name found in Datamart and Curated Table :: MAXDRIVETIMEADJUSTMENT
Column Name found in Datamart and Curated Table :: ZIPS
Column Name found in Datamart and Curated Table :: IMPORTID
Column Name found in Datamart and Curated Table :: SERVICEDAYSENABLED
Column Name found in Datamart and Curated Table :: TERRITORYNUMBERS
Datamart tables contains additional column name like [ACTIVE_FLAG, RECORD_CREATE_DATE, RECORD_UPDATE_DATE, RECORD_UPDATE_DATE, MASTER_ID, TENANT_TYPE]
Curated tables contains additional column name like [RECORD_CREATE_DATE, RECORD_UPDATE_DATE, RECORD_UPDATED_BY, TENANT_TYPE]]]>
  </system-out>
  <testcase classname="testcases.RAW_DATAMART_CURATED.SnowFlake_ColumnValidation_BKPTables" name="validateColumnName_BKP" time="2.256"/>
  <system-out>
    <![CDATA[Executing Snowflake query :: SELECT COLUMN_NAME FROM DEV_ENT_RAW.INFORMATION_SCHEMA.COLUMNS WHERE TABLE_NAME='CALLREASON'and TABLE_SCHEMA='ST_HUTCHINSON_MATILLION'
Executing Snowflake query :: SELECT COLUMN_NAME FROM CURATED_DATAMART.INFORMATION_SCHEMA.COLUMNS WHERE TABLE_NAME='STR_CALLREASON'and TABLE_SCHEMA='ST_BKP_HUTCHINSON'
Executing Snowflake query :: SELECT COLUMN_NAME FROM DEV_ENT_CURATED.INFORMATION_SCHEMA.COLUMNS WHERE TABLE_NAME='DIM_CALLREASON'and TABLE_SCHEMA='MASTER_DIMENSIONS'
Column names for RAW Table --> CALLREASON :: [NAME, CREATEDBY_ID, ID, IMPORTID, CREATEDON, MODIFIEDON, ACTIVE, LEAD]
Column names for DataMart Table --> STR_CALLREASON :: [RECORD_UPDATE_DATE, CREATEDON, RECORD_CREATE_DATE, MODIFIEDON, ACTIVE_FLAG, NAME, CREATEDBY_ID, ID, IMPORTID, LEAD, ACTIVE, MASTER_ID, TENANT_TYPE]
Column names for Curated Table --> DIM_CALLREASON :: [CREATEDBY_ID, RECORD_CREATE_DATE, MODIFIEDON, LEAD, RECORD_UPDATED_BY, ACTIVE, ID, CREATEDON, IMPORTID, NAME, TENANT_TYPE, RECORD_UPDATE_DATE]
Column Name found in Datamart and Curated Table :: NAME
Column Name found in Datamart and Curated Table :: CREATEDBY_ID
Column Name found in Datamart and Curated Table :: ID
Column Name found in Datamart and Curated Table :: IMPORTID
Column Name found in Datamart and Curated Table :: CREATEDON
Column Name found in Datamart and Curated Table :: MODIFIEDON
Column Name found in Datamart and Curated Table :: ACTIVE
Column Name found in Datamart and Curated Table :: LEAD
Datamart tables contains additional column name like [ACTIVE_FLAG, RECORD_CREATE_DATE, RECORD_UPDATE_DATE, RECORD_UPDATE_DATE, MASTER_ID, TENANT_TYPE]
Curated tables contains additional column name like [RECORD_CREATE_DATE, RECORD_UPDATE_DATE, RECORD_UPDATED_BY, TENANT_TYPE]]]>
  </system-out>
  <testcase classname="testcases.RAW_DATAMART_CURATED.SnowFlake_ColumnValidation_BKPTables" name="validateColumnName_BKP" time="2.356"/>
  <system-out>
    <![CDATA[Executing Snowflake query :: SELECT COLUMN_NAME FROM DEV_ENT_RAW.INFORMATION_SCHEMA.COLUMNS WHERE TABLE_NAME='CALLREASON'and TABLE_SCHEMA='ST_MAITZ_MATILLION'
Executing Snowflake query :: SELECT COLUMN_NAME FROM CURATED_DATAMART.INFORMATION_SCHEMA.COLUMNS WHERE TABLE_NAME='STR_CALLREASON'and TABLE_SCHEMA='ST_BKP_MAITZ'
Executing Snowflake query :: SELECT COLUMN_NAME FROM DEV_ENT_CURATED.INFORMATION_SCHEMA.COLUMNS WHERE TABLE_NAME='DIM_CALLREASON'and TABLE_SCHEMA='MASTER_DIMENSIONS'
Column names for RAW Table --> CALLREASON :: [CREATEDBY_ID, CREATEDON, LEAD, ID, MODIFIEDON, NAME, ACTIVE, IMPORTID]
Column names for DataMart Table --> STR_CALLREASON :: [ACTIVE_FLAG, CREATEDON, LEAD, MODIFIEDON, TENANT_TYPE, CREATEDBY_ID, ID, IMPORTID, MASTER_ID, RECORD_CREATE_DATE, RECORD_UPDATE_DATE, ACTIVE, NAME]
Column names for Curated Table --> DIM_CALLREASON :: [CREATEDBY_ID, RECORD_CREATE_DATE, MODIFIEDON, LEAD, RECORD_UPDATED_BY, ACTIVE, ID, CREATEDON, IMPORTID, NAME, TENANT_TYPE, RECORD_UPDATE_DATE]
Column Name found in Datamart and Curated Table :: CREATEDBY_ID
Column Name found in Datamart and Curated Table :: CREATEDON
Column Name found in Datamart and Curated Table :: LEAD
Column Name found in Datamart and Curated Table :: ID
Column Name found in Datamart and Curated Table :: MODIFIEDON
Column Name found in Datamart and Curated Table :: NAME
Column Name found in Datamart and Curated Table :: ACTIVE
Column Name found in Datamart and Curated Table :: IMPORTID
Datamart tables contains additional column name like [ACTIVE_FLAG, RECORD_CREATE_DATE, RECORD_UPDATE_DATE, RECORD_UPDATE_DATE, MASTER_ID, TENANT_TYPE]
Curated tables contains additional column name like [RECORD_CREATE_DATE, RECORD_UPDATE_DATE, RECORD_UPDATED_BY, TENANT_TYPE]]]>
  </system-out>
  <testcase classname="testcases.RAW_DATAMART_CURATED.SnowFlake_ColumnValidation_BKPTables" name="validateColumnName_BKP" time="2.238"/>
  <system-out>
    <![CDATA[Executing Snowflake query :: SELECT COLUMN_NAME FROM DEV_ENT_RAW.INFORMATION_SCHEMA.COLUMNS WHERE TABLE_NAME='BUSINESSUNIT'and TABLE_SCHEMA='ST_HDAIR_MATILLION'
Executing Snowflake query :: SELECT COLUMN_NAME FROM CURATED_DATAMART.INFORMATION_SCHEMA.COLUMNS WHERE TABLE_NAME='STR_BUSINESSUNIT'and TABLE_SCHEMA='ST_BKP_HDAIR'
Executing Snowflake query :: SELECT COLUMN_NAME FROM DEV_ENT_CURATED.INFORMATION_SCHEMA.COLUMNS WHERE TABLE_NAME='DIM_BUSINESSUNIT'and TABLE_SCHEMA='MASTER_DIMENSIONS'
Column names for RAW Table --> BUSINESSUNIT :: [ADDRESS_LATITUDE, BCCEMAIL, ENABLEWORKORDERSEQUIPMENTFORMATTING, HVACDASHBOARDSECTIONS, PAYROLLTURNOVERBONUSPAYCODENEW, BANKACCOUNTPROCESSOR_ID, FRANCHISEEINFO_CONTRACT, PAYROLLIDLETIMEDOUBLEOVERTIMEPAYCODE_ID, PAYROLLTASKBONUSPAYCODE, NAME, PAYMENTOPTIONS, PAYROLLTYPE, ACKNOWLEDGEMENTAGREEMENT_FILENAME, ADDRESS_CITY, AUTHORIZATIONAGREEMENT_ORIGINALFILENAME, CORPORATECONTRACTNUMBER, FINANCEITAUTHTOKEN, NOCHARGERESIDENTIAL, ADDRESS_ISMANUALCOORDINATES, CREATEDBY_ID, DEFAULTTAXRATE, PAYROLLFLATFEE, PAYROLLJOBHOURSOTPAYCODE, PHONENUMBER, QUICKBOOKSOAUTHSETTINGS, THREEDAYCANCELATIONPARAGRAPH, TURNOVERMINIMUMTHRESHOLD, WARRANTYRATE, WORLDPAYSUBID, JOBBOOKEDALERTRECIPIENTS, TURNSCONTRACTORID, DIVISIONNAME, CREDITCARDPROCESSORLOGIN, ENABLEWORKORDERS, ESTIMATEAUTHORIZATIONPARAGRAPH, FINANCEITPARTNERID, FRANCHISEEINFO_NAME, ID, INSURANCECOMPANYNAME, LOGO, MATERIALSKUREFERENCE_SKUTYPE, MATERIALSKUREFERENCE_SKUID, NAVISIONSTANDARDTIMEEARNINGCODE, NOCHARGE, PAYROLLIDLETIMEOVERTIMEPAYCODE_ID, PAYROLLPERCENTAGEFEE, PAYROLLWEIGHTEDOTPAYCODE, PAYROLLPERCENTAGEFEEMINIMUM, PAYROLLWEIGHTEDOVERTIMEPAYCODE_ID, SERVICEFINANCEDEALERID, ADDRESS_ZIP, AUTHORIZATIONAGREEMENT_FILENAME, COMMISSIONCALCULATION, CONSTRUCTION, DATA, MEALAPPOINTMENT_ID, OFFERCOMMERCIALGENERALLIABILITY, PAYMENTPROCESSOR, PAYROLLIDLETIMESTANDARDPAYCODE_ID, PAYROLLINVOICEBONUSPAYCODE_ID, POSTDATE, QUICKBOOKSCLASS, GREENSKYMERCHANTID, ACTIVE, ADDRESS_STATE, INSURANCECOMPANYPHONE, OFFICIALNAME, PAYROLLIDLETIMEOTPAYCODE, PAYROLLTASKBONUSPAYCODENEW, CREDITCARDPROCESSORKEY, DIVISION_ID, MINIMUMROYALTYFEE, PAYROLLJOBHOURSSTANDARDPAYCODE_ID, PAYROLLTURNOVERBONUSPAYCODE, SELLERFEE, TRADE_ID, OFFERWORKERSCOMPENSATION, PAYROLLCOSTMARKUP, ADDRESS_STREET, CALIFORNIACOMPLIANTCONTRACTDOCUMENTS, FRANCHISEEINFO_TRUCKSOPERATING, INTEGRATEDREFUNDS_ID, INVOICEHEADER, NAVISIONOVERTIMEEARNINGCODE, PAYROLLSOLDBYPAYCODE, FRANCHISEEINFO_PIVOTALNUMBER, GOAL, LICENSENUMBER, SERVICEFINANCEDEALERNAME, IMPORTID, OVERTIMEMODE, PAYROLLIDLETIMESTPAYCODE, NOCHARGECOMMERCIAL, ADDRESS_COUNTRY, ADDRESS_LONGITUDE, CURRENCY, EMAIL, FRANCHISEEINFO_COMMENTS, FINANCEITACCOUNTEMAIL, HIDEPRICES, NAVISIONGLCODE, PAYROLLJOBHOURSOVERTIMEPAYCODE_ID, PAYROLLJOBHOURSSTPAYCODE, TGLBONUS, WORLDPAYACCOUNTID, WORLDPAYMERCHANTPIN, INTACCTENTITY_ID, PAYROLLJOBHOURSDOUBLEOVERTIMEPAYCODE_ID, ACKNOWLEDGEMENTAGREEMENT_ORIGINALFILENAME, ACKNOWLEDGEMENTPARAGRAPH, ACTIVATIONLOCKED, ADDRESS_ISMILITARY, CREATEDON, CREDITCARDPROCESSOR_ID, EXTERNALID, FRANCHISEEINFO_GST, MATERIALSKU_ID, MODIFIEDON, PAYROLLEXPENSEDEDUCTIONTRIGGER, QUICKBOOKSROOTSALESACCOUNT, ADDRESS_UNIT, AUTHORIZATIONPARAGRAPH, PAYROLLFLATFEEMINIMUM, PAYROLLSOLDBYPAYCODENEW, INVOICEMESSAGE]
Column names for DataMart Table --> STR_BUSINESSUNIT :: [ACTIVATIONLOCKED, ADDRESS_ZIP, AUTHORIZATIONPARAGRAPH, AUTHORIZATIONAGREEMENT_ORIGINALFILENAME, GREENSKYMERCHANTID, PAYROLLIDLETIMESTPAYCODE, PAYROLLPERCENTAGEFEE, QUICKBOOKSCLASS, INTACCTENTITY_ID, NOCHARGECOMMERCIAL, OFFICIALNAME, PAYROLLTURNOVERBONUSPAYCODENEW, PAYROLLTASKBONUSPAYCODENEW, ACKNOWLEDGEMENTPARAGRAPH, ADDRESS_COUNTRY, CREDITCARDPROCESSORKEY, DATA, EXTERNALID, MATERIALSKU_ID, NAME, TURNSCONTRACTORID, INSURANCECOMPANYPHONE, MODIFIEDON, PAYROLLJOBHOURSSTANDARDPAYCODE_ID, POSTDATE, PAYROLLFLATFEE, TRADE_ID, WORLDPAYACCOUNTID, INVOICEHEADER, WARRANTYRATE, ADDRESS_ISMILITARY, ADDRESS_LATITUDE, BCCEMAIL, CALIFORNIACOMPLIANTCONTRACTDOCUMENTS, CREDITCARDPROCESSORLOGIN, ENABLEWORKORDERSEQUIPMENTFORMATTING, FINANCEITAUTHTOKEN, LOGO, PAYROLLJOBHOURSDOUBLEOVERTIMEPAYCODE_ID, THREEDAYCANCELATIONPARAGRAPH, EMAIL, FINANCEITACCOUNTEMAIL, FINANCEITPARTNERID, HIDEPRICES, NAVISIONOVERTIMEEARNINGCODE, OFFERCOMMERCIALGENERALLIABILITY, PAYROLLIDLETIMEOTPAYCODE, PAYROLLJOBHOURSOTPAYCODE, PAYROLLSOLDBYPAYCODENEW, RECORD_CREATE_DATE, PAYROLLIDLETIMESTANDARDPAYCODE_ID, RECORD_UPDATE_DATE, PAYROLLTASKBONUSPAYCODE, ACKNOWLEDGEMENTAGREEMENT_ORIGINALFILENAME, ADDRESS_LONGITUDE, CONSTRUCTION, CREATEDON, DIVISION_ID, MINIMUMROYALTYFEE, PAYROLLIDLETIMEOVERTIMEPAYCODE_ID, PAYROLLINVOICEBONUSPAYCODE_ID, DEFAULTTAXRATE, IMPORTID, INSURANCECOMPANYNAME, PAYMENTPROCESSOR, PAYROLLSOLDBYPAYCODE, PAYROLLWEIGHTEDOTPAYCODE, TURNOVERMINIMUMTHRESHOLD, WORLDPAYMERCHANTPIN, PAYROLLJOBHOURSOVERTIMEPAYCODE_ID, BANKACCOUNTPROCESSOR_ID, PAYROLLWEIGHTEDOVERTIMEPAYCODE_ID, ACKNOWLEDGEMENTAGREEMENT_FILENAME, ACTIVE, ADDRESS_ISMANUALCOORDINATES, ADDRESS_STREET, AUTHORIZATIONAGREEMENT_FILENAME, CREDITCARDPROCESSOR_ID, LICENSENUMBER, OVERTIMEMODE, PAYROLLCOSTMARKUP, PHONENUMBER, FRANCHISEEINFO_TRUCKSOPERATING, PAYROLLTURNOVERBONUSPAYCODE, COMMISSIONCALCULATION, MEALAPPOINTMENT_ID, ADDRESS_CITY, ADDRESS_STATE, ESTIMATEAUTHORIZATIONPARAGRAPH, HVACDASHBOARDSECTIONS, JOBBOOKEDALERTRECIPIENTS, FRANCHISEEINFO_GST, FRANCHISEEINFO_PIVOTALNUMBER, GOAL, INVOICEMESSAGE, NAVISIONGLCODE, TENANT_TYPE, WORLDPAYSUBID, OFFERWORKERSCOMPENSATION, PAYROLLPERCENTAGEFEEMINIMUM, QUICKBOOKSROOTSALESACCOUNT, ACTIVE_FLAG, ENABLEWORKORDERS, INTEGRATEDREFUNDS_ID, MATERIALSKUREFERENCE_SKUTYPE, SERVICEFINANCEDEALERID, FRANCHISEEINFO_COMMENTS, PAYROLLEXPENSEDEDUCTIONTRIGGER, PAYROLLFLATFEEMINIMUM, NOCHARGE, PAYMENTOPTIONS, TGLBONUS, ADDRESS_UNIT, CORPORATECONTRACTNUMBER, CURRENCY, DIVISIONNAME, FRANCHISEEINFO_NAME, MATERIALSKUREFERENCE_SKUID, NAVISIONSTANDARDTIMEEARNINGCODE, SELLERFEE, CREATEDBY_ID, FRANCHISEEINFO_CONTRACT, ID, MASTER_ID, NOCHARGERESIDENTIAL, PAYROLLIDLETIMEDOUBLEOVERTIMEPAYCODE_ID, PAYROLLJOBHOURSSTPAYCODE, PAYROLLTYPE, QUICKBOOKSOAUTHSETTINGS, SERVICEFINANCEDEALERNAME]
Column names for Curated Table --> DIM_BUSINESSUNIT :: [ADDRESS_COUNTRY, ADDRESS_STREET, BANKACCOUNTPROCESSOR_ID, MEALAPPOINTMENT_ID, CREATEDBY_ID, DIVISION_ID, OFFERCOMMERCIALGENERALLIABILITY, PAYMENTPROCESSOR, PAYROLLJOBHOURSSTANDARDPAYCODE_ID, PAYROLLSOLDBYPAYCODE, TGLBONUS, NAME, PAYROLLCOSTMARKUP, PAYROLLJOBHOURSDOUBLEOVERTIMEPAYCODE_ID, LICENSENUMBER, LOGO, OVERTIMEMODE, ACKNOWLEDGEMENTAGREEMENT_ORIGINALFILENAME, AUTHORIZATIONPARAGRAPH, FINANCEITPARTNERID, WARRANTYRATE, FINANCEITACCOUNTEMAIL, PAYROLLTYPE, QUICKBOOKSCLASS, QUICKBOOKSOAUTHSETTINGS, GREENSKYMERCHANTID, CREDITCARDPROCESSORKEY, CREDITCARDPROCESSORLOGIN, CREDITCARDPROCESSOR_ID, DEFAULTTAXRATE, FRANCHISEEINFO_COMMENTS, HVACDASHBOARDSECTIONS, MODIFIEDON, WORLDPAYACCOUNTID, PAYROLLIDLETIMEDOUBLEOVERTIMEPAYCODE_ID, TENANT_TYPE, FRANCHISEEINFO_GST, RECORD_CREATE_DATE, NOCHARGE, PAYMENTOPTIONS, PAYROLLPERCENTAGEFEE, PAYROLLSOLDBYPAYCODENEW, ADDRESS_LONGITUDE, ADDRESS_ZIP, CREATEDON, INTEGRATEDREFUNDS_ID, JOBBOOKEDALERTRECIPIENTS, NAVISIONOVERTIMEEARNINGCODE, PAYROLLINVOICEBONUSPAYCODE_ID, ACTIVE, ADDRESS_STATE, AUTHORIZATIONAGREEMENT_ORIGINALFILENAME, ENABLEWORKORDERS, MATERIALSKU_ID, NAVISIONSTANDARDTIMEEARNINGCODE, PAYROLLJOBHOURSSTPAYCODE, POSTDATE, ADDRESS_ISMILITARY, ADDRESS_LATITUDE, ADDRESS_UNIT, CALIFORNIACOMPLIANTCONTRACTDOCUMENTS, ENABLEWORKORDERSEQUIPMENTFORMATTING, HIDEPRICES, INVOICEHEADER, COMMISSIONCALCULATION, EMAIL, FRANCHISEEINFO_TRUCKSOPERATING, PAYROLLIDLETIMESTANDARDPAYCODE_ID, PAYROLLIDLETIMESTPAYCODE, TRADE_ID, AUTHORIZATIONAGREEMENT_FILENAME, SERVICEFINANCEDEALERID, WORLDPAYMERCHANTPIN, BCCEMAIL, OFFERWORKERSCOMPENSATION, NAVISIONGLCODE, WORLDPAYSUBID, ACKNOWLEDGEMENTAGREEMENT_FILENAME, ACTIVATIONLOCKED, DIVISIONNAME, FINANCEITAUTHTOKEN, FRANCHISEEINFO_PIVOTALNUMBER, INSURANCECOMPANYNAME, PAYROLLWEIGHTEDOVERTIMEPAYCODE_ID, TURNSCONTRACTORID, FRANCHISEEINFO_NAME, MINIMUMROYALTYFEE, PAYROLLEXPENSEDEDUCTIONTRIGGER, PAYROLLPERCENTAGEFEEMINIMUM, RECORD_UPDATED_BY, SERVICEFINANCEDEALERNAME, ESTIMATEAUTHORIZATIONPARAGRAPH, TURNOVERMINIMUMTHRESHOLD, PAYROLLIDLETIMEOVERTIMEPAYCODE_ID, RECORD_UPDATE_DATE, ACKNOWLEDGEMENTPARAGRAPH, ADDRESS_ISMANUALCOORDINATES, INVOICEMESSAGE, MATERIALSKUREFERENCE_SKUID, MATERIALSKUREFERENCE_SKUTYPE, PAYROLLIDLETIMEOTPAYCODE, PAYROLLJOBHOURSOTPAYCODE, PAYROLLJOBHOURSOVERTIMEPAYCODE_ID, CONSTRUCTION, CORPORATECONTRACTNUMBER, DATA, NOCHARGECOMMERCIAL, NOCHARGERESIDENTIAL, PAYROLLTASKBONUSPAYCODE, PAYROLLTASKBONUSPAYCODENEW, QUICKBOOKSROOTSALESACCOUNT, ID, PAYROLLTURNOVERBONUSPAYCODENEW, ADDRESS_CITY, CURRENCY, GOAL, IMPORTID, INSURANCECOMPANYPHONE, PAYROLLTURNOVERBONUSPAYCODE, OFFICIALNAME, PAYROLLFLATFEE, PHONENUMBER, SELLERFEE, THREEDAYCANCELATIONPARAGRAPH, FRANCHISEEINFO_CONTRACT, PAYROLLFLATFEEMINIMUM, PAYROLLWEIGHTEDOTPAYCODE, INTACCTENTITY_ID, EXTERNALID]
Column Name found in Datamart and Curated Table :: ADDRESS_LATITUDE
Column Name found in Datamart and Curated Table :: BCCEMAIL
Column Name found in Datamart and Curated Table :: ENABLEWORKORDERSEQUIPMENTFORMATTING
Column Name found in Datamart and Curated Table :: HVACDASHBOARDSECTIONS
Column Name found in Datamart and Curated Table :: PAYROLLTURNOVERBONUSPAYCODENEW
Column Name found in Datamart and Curated Table :: BANKACCOUNTPROCESSOR_ID
Column Name found in Datamart and Curated Table :: FRANCHISEEINFO_CONTRACT
Column Name found in Datamart and Curated Table :: PAYROLLIDLETIMEDOUBLEOVERTIMEPAYCODE_ID
Column Name found in Datamart and Curated Table :: PAYROLLTASKBONUSPAYCODE
Column Name found in Datamart and Curated Table :: NAME
Column Name found in Datamart and Curated Table :: PAYMENTOPTIONS
Column Name found in Datamart and Curated Table :: PAYROLLTYPE
Column Name found in Datamart and Curated Table :: ACKNOWLEDGEMENTAGREEMENT_FILENAME
Column Name found in Datamart and Curated Table :: ADDRESS_CITY
Column Name found in Datamart and Curated Table :: AUTHORIZATIONAGREEMENT_ORIGINALFILENAME
Column Name found in Datamart and Curated Table :: CORPORATECONTRACTNUMBER
Column Name found in Datamart and Curated Table :: FINANCEITAUTHTOKEN
Column Name found in Datamart and Curated Table :: NOCHARGERESIDENTIAL
Column Name found in Datamart and Curated Table :: ADDRESS_ISMANUALCOORDINATES
Column Name found in Datamart and Curated Table :: CREATEDBY_ID
Column Name found in Datamart and Curated Table :: DEFAULTTAXRATE
Column Name found in Datamart and Curated Table :: PAYROLLFLATFEE
Column Name found in Datamart and Curated Table :: PAYROLLJOBHOURSOTPAYCODE
Column Name found in Datamart and Curated Table :: PHONENUMBER
Column Name found in Datamart and Curated Table :: QUICKBOOKSOAUTHSETTINGS
Column Name found in Datamart and Curated Table :: THREEDAYCANCELATIONPARAGRAPH
Column Name found in Datamart and Curated Table :: TURNOVERMINIMUMTHRESHOLD
Column Name found in Datamart and Curated Table :: WARRANTYRATE
Column Name found in Datamart and Curated Table :: WORLDPAYSUBID
Column Name found in Datamart and Curated Table :: JOBBOOKEDALERTRECIPIENTS
Column Name found in Datamart and Curated Table :: TURNSCONTRACTORID
Column Name found in Datamart and Curated Table :: DIVISIONNAME
Column Name found in Datamart and Curated Table :: CREDITCARDPROCESSORLOGIN
Column Name found in Datamart and Curated Table :: ENABLEWORKORDERS
Column Name found in Datamart and Curated Table :: ESTIMATEAUTHORIZATIONPARAGRAPH
Column Name found in Datamart and Curated Table :: FINANCEITPARTNERID
Column Name found in Datamart and Curated Table :: FRANCHISEEINFO_NAME
Column Name found in Datamart and Curated Table :: ID
Column Name found in Datamart and Curated Table :: INSURANCECOMPANYNAME
Column Name found in Datamart and Curated Table :: LOGO
Column Name found in Datamart and Curated Table :: MATERIALSKUREFERENCE_SKUTYPE
Column Name found in Datamart and Curated Table :: MATERIALSKUREFERENCE_SKUID
Column Name found in Datamart and Curated Table :: NAVISIONSTANDARDTIMEEARNINGCODE
Column Name found in Datamart and Curated Table :: NOCHARGE
Column Name found in Datamart and Curated Table :: PAYROLLIDLETIMEOVERTIMEPAYCODE_ID
Column Name found in Datamart and Curated Table :: PAYROLLPERCENTAGEFEE
Column Name found in Datamart and Curated Table :: PAYROLLWEIGHTEDOTPAYCODE
Column Name found in Datamart and Curated Table :: PAYROLLPERCENTAGEFEEMINIMUM
Column Name found in Datamart and Curated Table :: PAYROLLWEIGHTEDOVERTIMEPAYCODE_ID
Column Name found in Datamart and Curated Table :: SERVICEFINANCEDEALERID
Column Name found in Datamart and Curated Table :: ADDRESS_ZIP
Column Name found in Datamart and Curated Table :: AUTHORIZATIONAGREEMENT_FILENAME
Column Name found in Datamart and Curated Table :: COMMISSIONCALCULATION
Column Name found in Datamart and Curated Table :: CONSTRUCTION
Column Name found in Datamart and Curated Table :: DATA
Column Name found in Datamart and Curated Table :: MEALAPPOINTMENT_ID
Column Name found in Datamart and Curated Table :: OFFERCOMMERCIALGENERALLIABILITY
Column Name found in Datamart and Curated Table :: PAYMENTPROCESSOR
Column Name found in Datamart and Curated Table :: PAYROLLIDLETIMESTANDARDPAYCODE_ID
Column Name found in Datamart and Curated Table :: PAYROLLINVOICEBONUSPAYCODE_ID
Column Name found in Datamart and Curated Table :: POSTDATE
Column Name found in Datamart and Curated Table :: QUICKBOOKSCLASS
Column Name found in Datamart and Curated Table :: GREENSKYMERCHANTID
Column Name found in Datamart and Curated Table :: ACTIVE
Column Name found in Datamart and Curated Table :: ADDRESS_STATE
Column Name found in Datamart and Curated Table :: INSURANCECOMPANYPHONE
Column Name found in Datamart and Curated Table :: OFFICIALNAME
Column Name found in Datamart and Curated Table :: PAYROLLIDLETIMEOTPAYCODE
Column Name found in Datamart and Curated Table :: PAYROLLTASKBONUSPAYCODENEW
Column Name found in Datamart and Curated Table :: CREDITCARDPROCESSORKEY
Column Name found in Datamart and Curated Table :: DIVISION_ID
Column Name found in Datamart and Curated Table :: MINIMUMROYALTYFEE
Column Name found in Datamart and Curated Table :: PAYROLLJOBHOURSSTANDARDPAYCODE_ID
Column Name found in Datamart and Curated Table :: PAYROLLTURNOVERBONUSPAYCODE
Column Name found in Datamart and Curated Table :: SELLERFEE
Column Name found in Datamart and Curated Table :: TRADE_ID
Column Name found in Datamart and Curated Table :: OFFERWORKERSCOMPENSATION
Column Name found in Datamart and Curated Table :: PAYROLLCOSTMARKUP
Column Name found in Datamart and Curated Table :: ADDRESS_STREET
Column Name found in Datamart and Curated Table :: CALIFORNIACOMPLIANTCONTRACTDOCUMENTS
Column Name found in Datamart and Curated Table :: FRANCHISEEINFO_TRUCKSOPERATING
Column Name found in Datamart and Curated Table :: INTEGRATEDREFUNDS_ID
Column Name found in Datamart and Curated Table :: INVOICEHEADER
Column Name found in Datamart and Curated Table :: NAVISIONOVERTIMEEARNINGCODE
Column Name found in Datamart and Curated Table :: PAYROLLSOLDBYPAYCODE
Column Name found in Datamart and Curated Table :: FRANCHISEEINFO_PIVOTALNUMBER
Column Name found in Datamart and Curated Table :: GOAL
Column Name found in Datamart and Curated Table :: LICENSENUMBER
Column Name found in Datamart and Curated Table :: SERVICEFINANCEDEALERNAME
Column Name found in Datamart and Curated Table :: IMPORTID
Column Name found in Datamart and Curated Table :: OVERTIMEMODE
Column Name found in Datamart and Curated Table :: PAYROLLIDLETIMESTPAYCODE
Column Name found in Datamart and Curated Table :: NOCHARGECOMMERCIAL
Column Name found in Datamart and Curated Table :: ADDRESS_COUNTRY
Column Name found in Datamart and Curated Table :: ADDRESS_LONGITUDE
Column Name found in Datamart and Curated Table :: CURRENCY
Column Name found in Datamart and Curated Table :: EMAIL
Column Name found in Datamart and Curated Table :: FRANCHISEEINFO_COMMENTS
Column Name found in Datamart and Curated Table :: FINANCEITACCOUNTEMAIL
Column Name found in Datamart and Curated Table :: HIDEPRICES
Column Name found in Datamart and Curated Table :: NAVISIONGLCODE
Column Name found in Datamart and Curated Table :: PAYROLLJOBHOURSOVERTIMEPAYCODE_ID
Column Name found in Datamart and Curated Table :: PAYROLLJOBHOURSSTPAYCODE
Column Name found in Datamart and Curated Table :: TGLBONUS
Column Name found in Datamart and Curated Table :: WORLDPAYACCOUNTID
Column Name found in Datamart and Curated Table :: WORLDPAYMERCHANTPIN
Column Name found in Datamart and Curated Table :: INTACCTENTITY_ID
Column Name found in Datamart and Curated Table :: PAYROLLJOBHOURSDOUBLEOVERTIMEPAYCODE_ID
Column Name found in Datamart and Curated Table :: ACKNOWLEDGEMENTAGREEMENT_ORIGINALFILENAME
Column Name found in Datamart and Curated Table :: ACKNOWLEDGEMENTPARAGRAPH
Column Name found in Datamart and Curated Table :: ACTIVATIONLOCKED
Column Name found in Datamart and Curated Table :: ADDRESS_ISMILITARY
Column Name found in Datamart and Curated Table :: CREATEDON
Column Name found in Datamart and Curated Table :: CREDITCARDPROCESSOR_ID
Column Name found in Datamart and Curated Table :: EXTERNALID
Column Name found in Datamart and Curated Table :: FRANCHISEEINFO_GST
Column Name found in Datamart and Curated Table :: MATERIALSKU_ID
Column Name found in Datamart and Curated Table :: MODIFIEDON
Column Name found in Datamart and Curated Table :: PAYROLLEXPENSEDEDUCTIONTRIGGER
Column Name found in Datamart and Curated Table :: QUICKBOOKSROOTSALESACCOUNT
Column Name found in Datamart and Curated Table :: ADDRESS_UNIT
Column Name found in Datamart and Curated Table :: AUTHORIZATIONPARAGRAPH
Column Name found in Datamart and Curated Table :: PAYROLLFLATFEEMINIMUM
Column Name found in Datamart and Curated Table :: PAYROLLSOLDBYPAYCODENEW
Column Name found in Datamart and Curated Table :: INVOICEMESSAGE
Datamart tables contains additional column name like [ACTIVE_FLAG, RECORD_CREATE_DATE, RECORD_UPDATE_DATE, RECORD_UPDATE_DATE, MASTER_ID, TENANT_TYPE]
Curated tables contains additional column name like [RECORD_CREATE_DATE, RECORD_UPDATE_DATE, RECORD_UPDATED_BY, TENANT_TYPE]]]>
  </system-out>
  <testcase classname="testcases.RAW_DATAMART_CURATED.SnowFlake_ColumnValidation_BKPTables" name="validateColumnName_BKP" time="2.658"/>
  <system-out>
    <![CDATA[Executing Snowflake query :: SELECT COLUMN_NAME FROM DEV_ENT_RAW.INFORMATION_SCHEMA.COLUMNS WHERE TABLE_NAME='LOCATION'and TABLE_SCHEMA='ST_HENDERSON_MATILLION'
Executing Snowflake query :: SELECT COLUMN_NAME FROM CURATED_DATAMART.INFORMATION_SCHEMA.COLUMNS WHERE TABLE_NAME='STR_LOCATION'and TABLE_SCHEMA='ST_BKP_HENDERSON'
Executing Snowflake query :: SELECT COLUMN_NAME FROM DEV_ENT_CURATED.INFORMATION_SCHEMA.COLUMNS WHERE TABLE_NAME='DIM_LOCATION'and TABLE_SCHEMA='MASTER_DIMENSIONS'
Column names for RAW Table --> LOCATION :: [AUTOLATITUDE, ESTIMATEDTAX, ADDRESS_STREET, NOCHARGE, RECURRINGSERVICE_TO, TAXEXEMPT, ADDRESS_ISMANUALCOORDINATES, ADDRESS_UNIT, NAME, RECURRINGSERVICE_CANCELLATIONDATE, RECURRINGSERVICE_MEMO, ZONE_ID, RECURRINGSERVICE_RECURRENCEINTERVAL, ACTIVE, ADDRESS_CITY, TAXABLE, RECURRINGSERVICE_ACTIVATEDFROM, ADDRESS_STATE, ADDRESS_ISMILITARY, ID, ISPREVAILINGWAGE, AUTOLONGITUDE, CREATEDBY_ID, DONOTSENDTECHNICIAN_ID, IMPORTID, MODIFIEDON, RECURRINGSERVICE_ACTIVATEDBY, TAXZONE_ID, ADDRESS_LATITUDE, ADDRESS_LONGITUDE, RECURRINGSERVICE_FROM, RECURRINGSERVICE_TYPE, SUMMARY, PREFERREDTECHNICIAN_ID, ADDRESS_COUNTRY, ADDRESS_ZIP, AVALARAENTITYCODE, CREATEDON, CUSTOMER_ID]
Column names for DataMart Table --> STR_LOCATION :: [ACTIVE_FLAG, ADDRESS_COUNTRY, ADDRESS_ZIP, PREFERREDTECHNICIAN_ID, ADDRESS_ISMANUALCOORDINATES, MASTER_ID, RECORD_UPDATE_DATE, TENANT_TYPE, RECURRINGSERVICE_FROM, ACTIVE, ADDRESS_LATITUDE, ADDRESS_UNIT, CREATEDBY_ID, DONOTSENDTECHNICIAN_ID, RECURRINGSERVICE_RECURRENCEINTERVAL, RECURRINGSERVICE_TYPE, TAXZONE_ID, ADDRESS_ISMILITARY, ADDRESS_LONGITUDE, AUTOLONGITUDE, CUSTOMER_ID, RECORD_CREATE_DATE, RECURRINGSERVICE_MEMO, RECURRINGSERVICE_ACTIVATEDBY, RECURRINGSERVICE_ACTIVATEDFROM, ADDRESS_STREET, AVALARAENTITYCODE, IMPORTID, ISPREVAILINGWAGE, SUMMARY, ZONE_ID, ESTIMATEDTAX, NOCHARGE, RECURRINGSERVICE_CANCELLATIONDATE, ADDRESS_CITY, CREATEDON, ID, NAME, RECURRINGSERVICE_TO, TAXABLE, ADDRESS_STATE, TAXEXEMPT, AUTOLATITUDE, MODIFIEDON]
Column names for Curated Table --> DIM_LOCATION :: [ADDRESS_UNIT, AUTOLONGITUDE, RECURRINGSERVICE_ACTIVATEDFROM, RECURRINGSERVICE_TO, TAXABLE, ADDRESS_CITY, ADDRESS_LATITUDE, IMPORTID, NAME, RECURRINGSERVICE_MEMO, ADDRESS_LONGITUDE, ADDRESS_STATE, ADDRESS_STREET, DONOTSENDTECHNICIAN_ID, MODIFIEDON, TAXZONE_ID, ADDRESS_ISMANUALCOORDINATES, ESTIMATEDTAX, ISPREVAILINGWAGE, RECURRINGSERVICE_ACTIVATEDBY, AUTOLATITUDE, RECORD_UPDATED_BY, RECORD_UPDATE_DATE, SUMMARY, CUSTOMER_ID, ZONE_ID, TENANT_TYPE, ADDRESS_COUNTRY, ADDRESS_ZIP, NOCHARGE, RECURRINGSERVICE_FROM, RECURRINGSERVICE_RECURRENCEINTERVAL, CREATEDON, RECORD_CREATE_DATE, AVALARAENTITYCODE, RECURRINGSERVICE_CANCELLATIONDATE, RECURRINGSERVICE_TYPE, PREFERREDTECHNICIAN_ID, ACTIVE, ADDRESS_ISMILITARY, CREATEDBY_ID, ID, TAXEXEMPT]
Column Name found in Datamart and Curated Table :: AUTOLATITUDE
Column Name found in Datamart and Curated Table :: ESTIMATEDTAX
Column Name found in Datamart and Curated Table :: ADDRESS_STREET
Column Name found in Datamart and Curated Table :: NOCHARGE
Column Name found in Datamart and Curated Table :: RECURRINGSERVICE_TO
Column Name found in Datamart and Curated Table :: TAXEXEMPT
Column Name found in Datamart and Curated Table :: ADDRESS_ISMANUALCOORDINATES
Column Name found in Datamart and Curated Table :: ADDRESS_UNIT
Column Name found in Datamart and Curated Table :: NAME
Column Name found in Datamart and Curated Table :: RECURRINGSERVICE_CANCELLATIONDATE
Column Name found in Datamart and Curated Table :: RECURRINGSERVICE_MEMO
Column Name found in Datamart and Curated Table :: ZONE_ID
Column Name found in Datamart and Curated Table :: RECURRINGSERVICE_RECURRENCEINTERVAL
Column Name found in Datamart and Curated Table :: ACTIVE
Column Name found in Datamart and Curated Table :: ADDRESS_CITY
Column Name found in Datamart and Curated Table :: TAXABLE
Column Name found in Datamart and Curated Table :: RECURRINGSERVICE_ACTIVATEDFROM
Column Name found in Datamart and Curated Table :: ADDRESS_STATE
Column Name found in Datamart and Curated Table :: ADDRESS_ISMILITARY
Column Name found in Datamart and Curated Table :: ID
Column Name found in Datamart and Curated Table :: ISPREVAILINGWAGE
Column Name found in Datamart and Curated Table :: AUTOLONGITUDE
Column Name found in Datamart and Curated Table :: CREATEDBY_ID
Column Name found in Datamart and Curated Table :: DONOTSENDTECHNICIAN_ID
Column Name found in Datamart and Curated Table :: IMPORTID
Column Name found in Datamart and Curated Table :: MODIFIEDON
Column Name found in Datamart and Curated Table :: RECURRINGSERVICE_ACTIVATEDBY
Column Name found in Datamart and Curated Table :: TAXZONE_ID
Column Name found in Datamart and Curated Table :: ADDRESS_LATITUDE
Column Name found in Datamart and Curated Table :: ADDRESS_LONGITUDE
Column Name found in Datamart and Curated Table :: RECURRINGSERVICE_FROM
Column Name found in Datamart and Curated Table :: RECURRINGSERVICE_TYPE
Column Name found in Datamart and Curated Table :: SUMMARY
Column Name found in Datamart and Curated Table :: PREFERREDTECHNICIAN_ID
Column Name found in Datamart and Curated Table :: ADDRESS_COUNTRY
Column Name found in Datamart and Curated Table :: ADDRESS_ZIP
Column Name found in Datamart and Curated Table :: AVALARAENTITYCODE
Column Name found in Datamart and Curated Table :: CREATEDON
Column Name found in Datamart and Curated Table :: CUSTOMER_ID
Datamart tables contains additional column name like [ACTIVE_FLAG, RECORD_CREATE_DATE, RECORD_UPDATE_DATE, RECORD_UPDATE_DATE, MASTER_ID, TENANT_TYPE]
Curated tables contains additional column name like [RECORD_CREATE_DATE, RECORD_UPDATE_DATE, RECORD_UPDATED_BY, TENANT_TYPE]]]>
  </system-out>
  <testcase classname="testcases.RAW_DATAMART_CURATED.SnowFlake_ColumnValidation_BKPTables" name="validateColumnName_BKP" time="2.425"/>
  <system-out>
    <![CDATA[Executing Snowflake query :: SELECT COLUMN_NAME FROM DEV_ENT_RAW.INFORMATION_SCHEMA.COLUMNS WHERE TABLE_NAME='JOBCOMPLETIONSURVEY'and TABLE_SCHEMA='ST_HORIZONSERVICES_MATILLION'
Executing Snowflake query :: SELECT COLUMN_NAME FROM CURATED_DATAMART.INFORMATION_SCHEMA.COLUMNS WHERE TABLE_NAME='STR_JOBCOMPLETIONSURVEY'and TABLE_SCHEMA='ST_BKP_HORIZONSERVICES'
Executing Snowflake query :: SELECT COLUMN_NAME FROM DEV_ENT_CURATED.INFORMATION_SCHEMA.COLUMNS WHERE TABLE_NAME='DIM_JOBCOMPLETIONSURVEY'and TABLE_SCHEMA='MASTER_DIMENSIONS'
Column names for RAW Table --> JOBCOMPLETIONSURVEY :: [ISPLANNINGTOUSEAGAIN, RATING, SENTON, ID, RECOMMENDATIONS, STATUS, SURVEYTYPE, TOKEN, COMPLETEDON, ISROUTINECOMPLETED, JOBID, JOBCOMPLETEDON, MEMO, MODIFIEDON, SUBMITCOUNT]
Column names for DataMart Table --> STR_JOBCOMPLETIONSURVEY :: [RECORD_CREATE_DATE, ISPLANNINGTOUSEAGAIN, RECORD_UPDATE_DATE, SUBMITCOUNT, TOKEN, ACTIVE_FLAG, ISROUTINECOMPLETED, MASTER_ID, RATING, SURVEYTYPE, JOBCOMPLETEDON, ID, JOBID, STATUS, RECOMMENDATIONS, SENTON, TENANT_TYPE, COMPLETEDON, MODIFIEDON, MEMO]
Column names for Curated Table --> DIM_JOBCOMPLETIONSURVEY :: [ID, JOBCOMPLETEDON, SUBMITCOUNT, ISROUTINECOMPLETED, MEMO, RECORD_UPDATED_BY, STATUS, JOBID, RECORD_UPDATE_DATE, TENANT_TYPE, MODIFIEDON, SURVEYTYPE, COMPLETEDON, ISPLANNINGTOUSEAGAIN, RATING, SENTON, RECOMMENDATIONS, RECORD_CREATE_DATE, TOKEN]
Column Name found in Datamart and Curated Table :: ISPLANNINGTOUSEAGAIN
Column Name found in Datamart and Curated Table :: RATING
Column Name found in Datamart and Curated Table :: SENTON
Column Name found in Datamart and Curated Table :: ID
Column Name found in Datamart and Curated Table :: RECOMMENDATIONS
Column Name found in Datamart and Curated Table :: STATUS
Column Name found in Datamart and Curated Table :: SURVEYTYPE
Column Name found in Datamart and Curated Table :: TOKEN
Column Name found in Datamart and Curated Table :: COMPLETEDON
Column Name found in Datamart and Curated Table :: ISROUTINECOMPLETED
Column Name found in Datamart and Curated Table :: JOBID
Column Name found in Datamart and Curated Table :: JOBCOMPLETEDON
Column Name found in Datamart and Curated Table :: MEMO
Column Name found in Datamart and Curated Table :: MODIFIEDON
Column Name found in Datamart and Curated Table :: SUBMITCOUNT
Datamart tables contains additional column name like [ACTIVE_FLAG, RECORD_CREATE_DATE, RECORD_UPDATE_DATE, RECORD_UPDATE_DATE, MASTER_ID, TENANT_TYPE]
Curated tables contains additional column name like [RECORD_CREATE_DATE, RECORD_UPDATE_DATE, RECORD_UPDATED_BY, TENANT_TYPE]]]>
  </system-out>
  <testcase classname="testcases.RAW_DATAMART_CURATED.SnowFlake_ColumnValidation_BKPTables" name="validateColumnName_BKP" time="2.246"/>
  <system-out>
    <![CDATA[Executing Snowflake query :: SELECT COLUMN_NAME FROM DEV_ENT_RAW.INFORMATION_SCHEMA.COLUMNS WHERE TABLE_NAME='VENDOR'and TABLE_SCHEMA='ST_EANESHEATING_MATILLION'
Executing Snowflake query :: SELECT COLUMN_NAME FROM CURATED_DATAMART.INFORMATION_SCHEMA.COLUMNS WHERE TABLE_NAME='STR_VENDOR'and TABLE_SCHEMA='ST_BKP_EANESHEATING'
Executing Snowflake query :: SELECT COLUMN_NAME FROM DEV_ENT_CURATED.INFORMATION_SCHEMA.COLUMNS WHERE TABLE_NAME='DIM_VENDOR'and TABLE_SCHEMA='MASTER_DIMENSIONS'
Column names for RAW Table --> VENDOR :: [LASTNAME, PHONE, VENDORADDRESS_CITY, DELIVERYOPTION, EMAIL, ISTRUCKREPLENISHMENT, VENDORQUICKBOOKSITEM, FAX, ID, TAXRATE, VENDORADDRESS_UNIT, IMPORTID, MEMO, VENDORADDRESS_ISMILITARY, VENDORADDRESS_LATITUDE, ACTIVE, ADDRESS, CREATEDBY_ID, FIRSTNAME, MODIFIEDON, VENDORADDRESS_ZIP, REMITTANCEVENDOR_ID, VENDORADDRESS_STREET, PAYMENTTERM_ID, VENDORADDRESS_LONGITUDE, EXTERNALID, VENDORADDRESS_ISMANUALCOORDINATES, CREATEDON, RESTRICTEDMOBILECREATION, VENDORADDRESS_STATE, NAME, VENDORADDRESS_COUNTRY]
Column names for DataMart Table --> STR_VENDOR :: [RECORD_UPDATE_DATE, REMITTANCEVENDOR_ID, TAXRATE, ACTIVE_FLAG, CREATEDON, VENDORADDRESS_UNIT, VENDORQUICKBOOKSITEM, NAME, VENDORADDRESS_ZIP, VENDORADDRESS_COUNTRY, IMPORTID, VENDORADDRESS_CITY, ACTIVE, ADDRESS, EXTERNALID, ID, MEMO, TENANT_TYPE, RECORD_CREATE_DATE, VENDORADDRESS_ISMANUALCOORDINATES, FAX, LASTNAME, CREATEDBY_ID, FIRSTNAME, ISTRUCKREPLENISHMENT, PAYMENTTERM_ID, PHONE, VENDORADDRESS_LATITUDE, VENDORADDRESS_STREET, EMAIL, VENDORADDRESS_ISMILITARY, DELIVERYOPTION, MODIFIEDON, VENDORADDRESS_STATE, MASTER_ID, RESTRICTEDMOBILECREATION, VENDORADDRESS_LONGITUDE]
Column names for Curated Table --> DIM_VENDOR :: [DELIVERYOPTION, EXTERNALID, VENDORADDRESS_LATITUDE, VENDORADDRESS_ISMILITARY, VENDORADDRESS_STREET, EMAIL, ID, MEMO, PHONE, TAXRATE, VENDORADDRESS_ZIP, VENDORADDRESS_CITY, ACTIVE, ADDRESS, FAX, ISTRUCKREPLENISHMENT, VENDORADDRESS_STATE, REMITTANCEVENDOR_ID, FIRSTNAME, NAME, VENDORADDRESS_COUNTRY, LASTNAME, RECORD_UPDATE_DATE, VENDORADDRESS_UNIT, MODIFIEDON, CREATEDBY_ID, RECORD_CREATE_DATE, TENANT_TYPE, VENDORADDRESS_LONGITUDE, CREATEDON, IMPORTID, VENDORADDRESS_ISMANUALCOORDINATES, RESTRICTEDMOBILECREATION, PAYMENTTERM_ID, RECORD_UPDATED_BY, VENDORQUICKBOOKSITEM]
Column Name found in Datamart and Curated Table :: LASTNAME
Column Name found in Datamart and Curated Table :: PHONE
Column Name found in Datamart and Curated Table :: VENDORADDRESS_CITY
Column Name found in Datamart and Curated Table :: DELIVERYOPTION
Column Name found in Datamart and Curated Table :: EMAIL
Column Name found in Datamart and Curated Table :: ISTRUCKREPLENISHMENT
Column Name found in Datamart and Curated Table :: VENDORQUICKBOOKSITEM
Column Name found in Datamart and Curated Table :: FAX
Column Name found in Datamart and Curated Table :: ID
Column Name found in Datamart and Curated Table :: TAXRATE
Column Name found in Datamart and Curated Table :: VENDORADDRESS_UNIT
Column Name found in Datamart and Curated Table :: IMPORTID
Column Name found in Datamart and Curated Table :: MEMO
Column Name found in Datamart and Curated Table :: VENDORADDRESS_ISMILITARY
Column Name found in Datamart and Curated Table :: VENDORADDRESS_LATITUDE
Column Name found in Datamart and Curated Table :: ACTIVE
Column Name found in Datamart and Curated Table :: ADDRESS
Column Name found in Datamart and Curated Table :: CREATEDBY_ID
Column Name found in Datamart and Curated Table :: FIRSTNAME
Column Name found in Datamart and Curated Table :: MODIFIEDON
Column Name found in Datamart and Curated Table :: VENDORADDRESS_ZIP
Column Name found in Datamart and Curated Table :: REMITTANCEVENDOR_ID
Column Name found in Datamart and Curated Table :: VENDORADDRESS_STREET
Column Name found in Datamart and Curated Table :: PAYMENTTERM_ID
Column Name found in Datamart and Curated Table :: VENDORADDRESS_LONGITUDE
Column Name found in Datamart and Curated Table :: EXTERNALID
Column Name found in Datamart and Curated Table :: VENDORADDRESS_ISMANUALCOORDINATES
Column Name found in Datamart and Curated Table :: CREATEDON
Column Name found in Datamart and Curated Table :: RESTRICTEDMOBILECREATION
Column Name found in Datamart and Curated Table :: VENDORADDRESS_STATE
Column Name found in Datamart and Curated Table :: NAME
Column Name found in Datamart and Curated Table :: VENDORADDRESS_COUNTRY
Datamart tables contains additional column name like [ACTIVE_FLAG, RECORD_CREATE_DATE, RECORD_UPDATE_DATE, RECORD_UPDATE_DATE, MASTER_ID, TENANT_TYPE]
Curated tables contains additional column name like [RECORD_CREATE_DATE, RECORD_UPDATE_DATE, RECORD_UPDATED_BY, TENANT_TYPE]]]>
  </system-out>
  <testcase classname="testcases.RAW_DATAMART_CURATED.SnowFlake_ColumnValidation_BKPTables" name="validateColumnName_BKP" time="3.701"/>
  <system-out>
    <![CDATA[Executing Snowflake query :: SELECT COLUMN_NAME FROM DEV_ENT_RAW.INFORMATION_SCHEMA.COLUMNS WHERE TABLE_NAME='TECHNICIANSHIFT'and TABLE_SCHEMA='ST_SNELLHEATINGAIR_MATILLION'
Executing Snowflake query :: SELECT COLUMN_NAME FROM CURATED_DATAMART.INFORMATION_SCHEMA.COLUMNS WHERE TABLE_NAME='STR_TECHNICIANSHIFT'and TABLE_SCHEMA='ST_BKP_SNELLHEATINGAIR'
Executing Snowflake query :: SELECT COLUMN_NAME FROM DEV_ENT_CURATED.INFORMATION_SCHEMA.COLUMNS WHERE TABLE_NAME='DIM_TECHNICIANSHIFT'and TABLE_SCHEMA='MASTER_DIMENSIONS'
Column names for RAW Table --> TECHNICIANSHIFT :: []
Column names for DataMart Table --> STR_TECHNICIANSHIFT :: [MASTER_ID, NOTE, RECORD_UPDATE_DATE, TENANT_TYPE, TIMESHEET_ID, RECORD_CREATE_DATE, ACTIVE_FLAG, BATCH, ID, CREATEDBY_ID, SHIFTTYPE, STARTTIME, STARTDATE, TECHNICIAN_ID, START, TIMESHEETCODE_ID, ACTIVE, CREATEDON, IMPORTID, TITLE, END, ENDTIME, ENDDATE]
Column names for Curated Table --> DIM_TECHNICIANSHIFT :: [CREATEDON, TENANT_TYPE, TITLE, ACTIVE, NOTE, RECORD_CREATE_DATE, END, ID, RECORD_UPDATED_BY, TIMESHEETCODE_ID, IMPORTID, RECORD_UPDATE_DATE, STARTTIME, TECHNICIAN_ID, TIMESHEET_ID, CREATEDBY_ID, ENDDATE, START, SHIFTTYPE, BATCH, ENDTIME, STARTDATE]
Datamart tables contains additional column name like [ACTIVE_FLAG, RECORD_CREATE_DATE, RECORD_UPDATE_DATE, RECORD_UPDATE_DATE, MASTER_ID, TENANT_TYPE]
Curated tables contains additional column name like [RECORD_CREATE_DATE, RECORD_UPDATE_DATE, RECORD_UPDATED_BY, TENANT_TYPE]]]>
  </system-out>
  <testcase classname="testcases.RAW_DATAMART_CURATED.SnowFlake_ColumnValidation_BKPTables" name="validateColumnName_BKP" time="2.220"/>
  <system-out>
    <![CDATA[Executing Snowflake query :: SELECT COLUMN_NAME FROM DEV_ENT_RAW.INFORMATION_SCHEMA.COLUMNS WHERE TABLE_NAME='MATERIALVENDORSUBACCOUNT'and TABLE_SCHEMA='ST_HUTCHINSON_MATILLION'
Executing Snowflake query :: SELECT COLUMN_NAME FROM CURATED_DATAMART.INFORMATION_SCHEMA.COLUMNS WHERE TABLE_NAME='STR_MATERIALVENDORSUBACCOUNT'and TABLE_SCHEMA='ST_BKP_HUTCHINSON'
Executing Snowflake query :: SELECT COLUMN_NAME FROM DEV_ENT_CURATED.INFORMATION_SCHEMA.COLUMNS WHERE TABLE_NAME='DIM_MATERIALVENDORSUBACCOUNT'and TABLE_SCHEMA='MASTER_DIMENSIONS'
Column names for RAW Table --> MATERIALVENDORSUBACCOUNT :: [ACTIVE, IMPORTID, ACCOUNTNAME, ID, CREATEDON, MATERIALVENDOR_ID, CREATEDBY_ID, COST]
Column names for DataMart Table --> STR_MATERIALVENDORSUBACCOUNT :: [ACTIVE, MATERIALVENDOR_ID, IMPORTID, COST, CREATEDBY_ID, ID, RECORD_UPDATE_DATE, ACCOUNTNAME, CREATEDON, MASTER_ID, RECORD_CREATE_DATE, ACTIVE_FLAG, TENANT_TYPE]
Column names for Curated Table --> DIM_MATERIALVENDORSUBACCOUNT :: [RECORD_CREATE_DATE, IMPORTID, ACTIVE, CREATEDBY_ID, CREATEDON, ID, RECORD_UPDATE_DATE, TENANT_TYPE, RECORD_UPDATED_BY, ACCOUNTNAME, MATERIALVENDOR_ID, COST]
Column Name found in Datamart and Curated Table :: ACTIVE
Column Name found in Datamart and Curated Table :: IMPORTID
Column Name found in Datamart and Curated Table :: ACCOUNTNAME
Column Name found in Datamart and Curated Table :: ID
Column Name found in Datamart and Curated Table :: CREATEDON
Column Name found in Datamart and Curated Table :: MATERIALVENDOR_ID
Column Name found in Datamart and Curated Table :: CREATEDBY_ID
Column Name found in Datamart and Curated Table :: COST
Datamart tables contains additional column name like [ACTIVE_FLAG, RECORD_CREATE_DATE, RECORD_UPDATE_DATE, RECORD_UPDATE_DATE, MASTER_ID, TENANT_TYPE]
Curated tables contains additional column name like [RECORD_CREATE_DATE, RECORD_UPDATE_DATE, RECORD_UPDATED_BY, TENANT_TYPE]]]>
  </system-out>
  <testcase classname="testcases.RAW_DATAMART_CURATED.SnowFlake_ColumnValidation_BKPTables" name="validateColumnName_BKP" time="2.261"/>
  <system-out>
    <![CDATA[Executing Snowflake query :: SELECT COLUMN_NAME FROM DEV_ENT_RAW.INFORMATION_SCHEMA.COLUMNS WHERE TABLE_NAME='INVOICE'and TABLE_SCHEMA='ST_EANESHEATING_MATILLION'
Executing Snowflake query :: SELECT COLUMN_NAME FROM CURATED_DATAMART.INFORMATION_SCHEMA.COLUMNS WHERE TABLE_NAME='STR_INVOICE'and TABLE_SCHEMA='ST_BKP_EANESHEATING'
Executing Snowflake query :: SELECT COLUMN_NAME FROM DEV_ENT_CURATED.INFORMATION_SCHEMA.COLUMNS WHERE TABLE_NAME='FACT_INVOICE'and TABLE_SCHEMA='MASTER_DIMENSIONS'
Column names for RAW Table --> INVOICE :: [MATERIALSKU_ID, COMMISSIONELIGIBILITYDATE, MATERIALSKUREFERENCE_SKUID, SUBTOTAL, ACTIVE, BATCH_ID, CUSTOMER_ID, MEMBERSHIP_ID, AUTHORIZATIONSIGNATURE, SUMMARY, LABORTAX, ACKNOWLEDGEMENTSIGNATURE, AUTHORIZEDAMOUNT, EXPORTID, MATERIALTAX, PAYMENTDUEDATE, ROYALTY_DATE, INCLUDEINTECHNICIANREPORTS, BALANCE, BILLINGDATE, EXCLUDEFROMPAYROLL, JOB_ID, MATERIALSKUREFERENCE_SKUTYPE, PAYMENTTERM_ID, DISCOUNTTOTAL, FEETOTAL, PROJECTLABELS, ROYALTY_STATUS, TAXZONE_ID, PROJECT_ID, COUNTERSALESLOCATION_ID, ROYALTY_SENTON, SIGNATURE, TOTAL, ID, PAIDON, TECHNICIANACKNOWLEDGEMENTSIGNATURE, TYPE_ID, TAX, CREATEDON, NEWCONSTRUCTION, STATUS, BUSINESSUNIT_ID, NUMBER, CREATEDBY_ID, EXTERNALID, FEETAX, LOCATION_ID, CONFIGURATION, ADJUSTMENTTO_ID, INVOICEDON, MODIFIEDON, NUMERICNUMBER, PAYROLLDATE, IMPORTID, NETAMOUNT, ROYALTY_MEMO]
Column names for DataMart Table --> STR_INVOICE :: [ACTIVE_FLAG, AUTHORIZATIONSIGNATURE, AUTHORIZEDAMOUNT, BALANCE, JOB_ID, SUMMARY, BILLINGDATE, COUNTERSALESLOCATION_ID, INVOICEDON, LOCATION_ID, PROJECTLABELS, TECHNICIANACKNOWLEDGEMENTSIGNATURE, MEMBERSHIP_ID, ROYALTY_SENTON, ACTIVE, BATCH_ID, CREATEDBY_ID, FEETAX, IMPORTID, PAYMENTTERM_ID, RECORD_UPDATE_DATE, SIGNATURE, ADJUSTMENTTO_ID, BUSINESSUNIT_ID, CUSTOMER_ID, FEETOTAL, INCLUDEINTECHNICIANREPORTS, LABORTAX, MATERIALSKUREFERENCE_SKUID, NUMBER, ROYALTY_STATUS, TENANT_TYPE, EXPORTID, CONFIGURATION, CREATEDON, MASTER_ID, MATERIALSKUREFERENCE_SKUTYPE, NETAMOUNT, NEWCONSTRUCTION, PAIDON, RECORD_CREATE_DATE, TYPE_ID, PROJECT_ID, ACKNOWLEDGEMENTSIGNATURE, MATERIALSKU_ID, TAX, ID, MODIFIEDON, ROYALTY_MEMO, SUBTOTAL, COMMISSIONELIGIBILITYDATE, NUMERICNUMBER, TOTAL, ROYALTY_DATE, DISCOUNTTOTAL, EXCLUDEFROMPAYROLL, PAYMENTDUEDATE, EXTERNALID, MATERIALTAX, PAYROLLDATE, STATUS, TAXZONE_ID]
Column names for Curated Table --> FACT_INVOICE :: [CONFIGURATION, EXPORTID, EXTERNALID, MATERIALSKUREFERENCE_SKUTYPE, RECORD_UPDATED_BY, ROYALTY_DATE, FEETAX, TAX, TOTAL, BALANCE, BUSINESSUNIT_ID, CREATEDON, PAYMENTDUEDATE, PROJECT_ID, NETAMOUNT, NUMERICNUMBER, ROYALTY_SENTON, NUMBER, DISCOUNTTOTAL, EXCLUDEFROMPAYROLL, INCLUDEINTECHNICIANREPORTS, MODIFIEDON, STATUS, TENANT_TYPE, NEWCONSTRUCTION, ACKNOWLEDGEMENTSIGNATURE, ADJUSTMENTTO_ID, CREATEDBY_ID, CUSTOMER_ID, FEETOTAL, INVOICEDON, PAIDON, TYPE_ID, JOB_ID, LABORTAX, LOCATION_ID, ROYALTY_STATUS, SUMMARY, PROJECTLABELS, MATERIALSKUREFERENCE_SKUID, MATERIALSKU_ID, MEMBERSHIP_ID, COMMISSIONELIGIBILITYDATE, RECORD_CREATE_DATE, RECORD_UPDATE_DATE, SIGNATURE, AUTHORIZATIONSIGNATURE, BILLINGDATE, IMPORTID, TECHNICIANACKNOWLEDGEMENTSIGNATURE, AUTHORIZEDAMOUNT, ID, PAYROLLDATE, ACTIVE, COUNTERSALESLOCATION_ID, PAYMENTTERM_ID, SUBTOTAL, BATCH_ID, MATERIALTAX, ROYALTY_MEMO, TAXZONE_ID]
Column Name found in Datamart and Curated Table :: MATERIALSKU_ID
Column Name found in Datamart and Curated Table :: COMMISSIONELIGIBILITYDATE
Column Name found in Datamart and Curated Table :: MATERIALSKUREFERENCE_SKUID
Column Name found in Datamart and Curated Table :: SUBTOTAL
Column Name found in Datamart and Curated Table :: ACTIVE
Column Name found in Datamart and Curated Table :: BATCH_ID
Column Name found in Datamart and Curated Table :: CUSTOMER_ID
Column Name found in Datamart and Curated Table :: MEMBERSHIP_ID
Column Name found in Datamart and Curated Table :: AUTHORIZATIONSIGNATURE
Column Name found in Datamart and Curated Table :: SUMMARY
Column Name found in Datamart and Curated Table :: LABORTAX
Column Name found in Datamart and Curated Table :: ACKNOWLEDGEMENTSIGNATURE
Column Name found in Datamart and Curated Table :: AUTHORIZEDAMOUNT
Column Name found in Datamart and Curated Table :: EXPORTID
Column Name found in Datamart and Curated Table :: MATERIALTAX
Column Name found in Datamart and Curated Table :: PAYMENTDUEDATE
Column Name found in Datamart and Curated Table :: ROYALTY_DATE
Column Name found in Datamart and Curated Table :: INCLUDEINTECHNICIANREPORTS
Column Name found in Datamart and Curated Table :: BALANCE
Column Name found in Datamart and Curated Table :: BILLINGDATE
Column Name found in Datamart and Curated Table :: EXCLUDEFROMPAYROLL
Column Name found in Datamart and Curated Table :: JOB_ID
Column Name found in Datamart and Curated Table :: MATERIALSKUREFERENCE_SKUTYPE
Column Name found in Datamart and Curated Table :: PAYMENTTERM_ID
Column Name found in Datamart and Curated Table :: DISCOUNTTOTAL
Column Name found in Datamart and Curated Table :: FEETOTAL
Column Name found in Datamart and Curated Table :: PROJECTLABELS
Column Name found in Datamart and Curated Table :: ROYALTY_STATUS
Column Name found in Datamart and Curated Table :: TAXZONE_ID
Column Name found in Datamart and Curated Table :: PROJECT_ID
Column Name found in Datamart and Curated Table :: COUNTERSALESLOCATION_ID
Column Name found in Datamart and Curated Table :: ROYALTY_SENTON
Column Name found in Datamart and Curated Table :: SIGNATURE
Column Name found in Datamart and Curated Table :: TOTAL
Column Name found in Datamart and Curated Table :: ID
Column Name found in Datamart and Curated Table :: PAIDON
Column Name found in Datamart and Curated Table :: TECHNICIANACKNOWLEDGEMENTSIGNATURE
Column Name found in Datamart and Curated Table :: TYPE_ID
Column Name found in Datamart and Curated Table :: TAX
Column Name found in Datamart and Curated Table :: CREATEDON
Column Name found in Datamart and Curated Table :: NEWCONSTRUCTION
Column Name found in Datamart and Curated Table :: STATUS
Column Name found in Datamart and Curated Table :: BUSINESSUNIT_ID
Column Name found in Datamart and Curated Table :: NUMBER
Column Name found in Datamart and Curated Table :: CREATEDBY_ID
Column Name found in Datamart and Curated Table :: EXTERNALID
Column Name found in Datamart and Curated Table :: FEETAX
Column Name found in Datamart and Curated Table :: LOCATION_ID
Column Name found in Datamart and Curated Table :: CONFIGURATION
Column Name found in Datamart and Curated Table :: ADJUSTMENTTO_ID
Column Name found in Datamart and Curated Table :: INVOICEDON
Column Name found in Datamart and Curated Table :: MODIFIEDON
Column Name found in Datamart and Curated Table :: NUMERICNUMBER
Column Name found in Datamart and Curated Table :: PAYROLLDATE
Column Name found in Datamart and Curated Table :: IMPORTID
Column Name found in Datamart and Curated Table :: NETAMOUNT
Column Name found in Datamart and Curated Table :: ROYALTY_MEMO
Datamart tables contains additional column name like [ACTIVE_FLAG, RECORD_CREATE_DATE, RECORD_UPDATE_DATE, RECORD_UPDATE_DATE, MASTER_ID, TENANT_TYPE]
Curated tables contains additional column name like [RECORD_CREATE_DATE, RECORD_UPDATE_DATE, RECORD_UPDATED_BY, TENANT_TYPE]]]>
  </system-out>
  <testcase classname="testcases.RAW_DATAMART_CURATED.SnowFlake_ColumnValidation_BKPTables" name="validateColumnName_BKP" time="2.170"/>
  <system-out>
    <![CDATA[Executing Snowflake query :: SELECT COLUMN_NAME FROM DEV_ENT_RAW.INFORMATION_SCHEMA.COLUMNS WHERE TABLE_NAME='PURCHASEORDERITEM'and TABLE_SCHEMA='ST_HDAIR_MATILLION'
Executing Snowflake query :: SELECT COLUMN_NAME FROM CURATED_DATAMART.INFORMATION_SCHEMA.COLUMNS WHERE TABLE_NAME='STR_PURCHASEORDERITEM'and TABLE_SCHEMA='ST_BKP_HDAIR'
Executing Snowflake query :: SELECT COLUMN_NAME FROM DEV_ENT_CURATED.INFORMATION_SCHEMA.COLUMNS WHERE TABLE_NAME='DIM_PURCHASEORDERITEM'and TABLE_SCHEMA='MASTER_DIMENSIONS'
Column names for RAW Table --> PURCHASEORDERITEM :: [CHARGEABLEITEM_ID, EQUIPMENTVENDOR_ID, MATERIAL_ID, QUANTITY, ROLLOVERQUANTITY, TECHNICIANSPLIT3, REQUISITIONITEM_ID, ACTIVE, TECHNICIANSPLIT2, UNITOFMEASURE_ID, BUSINESSUNIT_ID, CREATEDON, EQUIPMENT_ID, ISINVENTORY, MATERIALVENDOR_ID, SKUREFERENCE_SKUTYPE, TECHNICIANFORBASERATE1_ID, STATUS, TECHNICIANSPLIT1, DESCRIPTION, TECHNICIANFORBASERATE2_ID, ID, SKU_ID, VENDORPARTNUMBER, INVENTORYLOCATION_ID, PROJECTLABELS, SERIALNUMBER, USEDMATERIAL_ID, ROLLEDOVERFROMITEM_ID, SKUVENDOR_ID, COST, IMPORTID, MARKUP, PURCHASEORDER_ID, SKUREFERENCE_SKUID, TECHNICIANFORBASERATE3_ID, CREATEDBY_ID, MODIFIEDON]
Column names for DataMart Table --> STR_PURCHASEORDERITEM :: [ID, ISINVENTORY, REQUISITIONITEM_ID, ACTIVE_FLAG, RECORD_UPDATE_DATE, EQUIPMENTVENDOR_ID, IMPORTID, SKU_ID, DESCRIPTION, ROLLEDOVERFROMITEM_ID, STATUS, MASTER_ID, MODIFIEDON, PROJECTLABELS, RECORD_CREATE_DATE, QUANTITY, BUSINESSUNIT_ID, CHARGEABLEITEM_ID, COST, CREATEDON, MARKUP, SKUREFERENCE_SKUTYPE, TECHNICIANFORBASERATE3_ID, TECHNICIANSPLIT3, UNITOFMEASURE_ID, EQUIPMENT_ID, INVENTORYLOCATION_ID, MATERIAL_ID, SKUREFERENCE_SKUID, SKUVENDOR_ID, TECHNICIANSPLIT1, VENDORPARTNUMBER, SERIALNUMBER, TECHNICIANFORBASERATE1_ID, CREATEDBY_ID, USEDMATERIAL_ID, MATERIALVENDOR_ID, ROLLOVERQUANTITY, ACTIVE, PURCHASEORDER_ID, TECHNICIANSPLIT2, TENANT_TYPE, TECHNICIANFORBASERATE2_ID]
Column names for Curated Table --> DIM_PURCHASEORDERITEM :: [CREATEDBY_ID, DESCRIPTION, EQUIPMENTVENDOR_ID, EQUIPMENT_ID, MATERIALVENDOR_ID, RECORD_UPDATE_DATE, TECHNICIANFORBASERATE1_ID, MODIFIEDON, UNITOFMEASURE_ID, USEDMATERIAL_ID, TECHNICIANSPLIT2, CHARGEABLEITEM_ID, COST, QUANTITY, TECHNICIANFORBASERATE3_ID, INVENTORYLOCATION_ID, IMPORTID, REQUISITIONITEM_ID, TENANT_TYPE, VENDORPARTNUMBER, SKU_ID, CREATEDON, ID, SKUREFERENCE_SKUTYPE, MARKUP, PROJECTLABELS, PURCHASEORDER_ID, SERIALNUMBER, SKUVENDOR_ID, TECHNICIANSPLIT3, ROLLOVERQUANTITY, STATUS, BUSINESSUNIT_ID, ISINVENTORY, RECORD_CREATE_DATE, ROLLEDOVERFROMITEM_ID, TECHNICIANSPLIT1, SKUREFERENCE_SKUID, ACTIVE, MATERIAL_ID, RECORD_UPDATED_BY, TECHNICIANFORBASERATE2_ID]
Column Name found in Datamart and Curated Table :: CHARGEABLEITEM_ID
Column Name found in Datamart and Curated Table :: EQUIPMENTVENDOR_ID
Column Name found in Datamart and Curated Table :: MATERIAL_ID
Column Name found in Datamart and Curated Table :: QUANTITY
Column Name found in Datamart and Curated Table :: ROLLOVERQUANTITY
Column Name found in Datamart and Curated Table :: TECHNICIANSPLIT3
Column Name found in Datamart and Curated Table :: REQUISITIONITEM_ID
Column Name found in Datamart and Curated Table :: ACTIVE
Column Name found in Datamart and Curated Table :: TECHNICIANSPLIT2
Column Name found in Datamart and Curated Table :: UNITOFMEASURE_ID
Column Name found in Datamart and Curated Table :: BUSINESSUNIT_ID
Column Name found in Datamart and Curated Table :: CREATEDON
Column Name found in Datamart and Curated Table :: EQUIPMENT_ID
Column Name found in Datamart and Curated Table :: ISINVENTORY
Column Name found in Datamart and Curated Table :: MATERIALVENDOR_ID
Column Name found in Datamart and Curated Table :: SKUREFERENCE_SKUTYPE
Column Name found in Datamart and Curated Table :: TECHNICIANFORBASERATE1_ID
Column Name found in Datamart and Curated Table :: STATUS
Column Name found in Datamart and Curated Table :: TECHNICIANSPLIT1
Column Name found in Datamart and Curated Table :: DESCRIPTION
Column Name found in Datamart and Curated Table :: TECHNICIANFORBASERATE2_ID
Column Name found in Datamart and Curated Table :: ID
Column Name found in Datamart and Curated Table :: SKU_ID
Column Name found in Datamart and Curated Table :: VENDORPARTNUMBER
Column Name found in Datamart and Curated Table :: INVENTORYLOCATION_ID
Column Name found in Datamart and Curated Table :: PROJECTLABELS
Column Name found in Datamart and Curated Table :: SERIALNUMBER
Column Name found in Datamart and Curated Table :: USEDMATERIAL_ID
Column Name found in Datamart and Curated Table :: ROLLEDOVERFROMITEM_ID
Column Name found in Datamart and Curated Table :: SKUVENDOR_ID
Column Name found in Datamart and Curated Table :: COST
Column Name found in Datamart and Curated Table :: IMPORTID
Column Name found in Datamart and Curated Table :: MARKUP
Column Name found in Datamart and Curated Table :: PURCHASEORDER_ID
Column Name found in Datamart and Curated Table :: SKUREFERENCE_SKUID
Column Name found in Datamart and Curated Table :: TECHNICIANFORBASERATE3_ID
Column Name found in Datamart and Curated Table :: CREATEDBY_ID
Column Name found in Datamart and Curated Table :: MODIFIEDON
Datamart tables contains additional column name like [ACTIVE_FLAG, RECORD_CREATE_DATE, RECORD_UPDATE_DATE, RECORD_UPDATE_DATE, MASTER_ID, TENANT_TYPE]
Curated tables contains additional column name like [RECORD_CREATE_DATE, RECORD_UPDATE_DATE, RECORD_UPDATED_BY, TENANT_TYPE]]]>
  </system-out>
  <testcase classname="testcases.RAW_DATAMART_CURATED.SnowFlake_ColumnValidation_BKPTables" name="validateColumnName_BKP" time="3.231"/>
  <system-out>
    <![CDATA[Executing Snowflake query :: SELECT COLUMN_NAME FROM DEV_ENT_RAW.INFORMATION_SCHEMA.COLUMNS WHERE TABLE_NAME='MATERIALVENDORSUBACCOUNT'and TABLE_SCHEMA='ST_HARP_MATILLION'
Executing Snowflake query :: SELECT COLUMN_NAME FROM CURATED_DATAMART.INFORMATION_SCHEMA.COLUMNS WHERE TABLE_NAME='STR_MATERIALVENDORSUBACCOUNT'and TABLE_SCHEMA='ST_BKP_HARP'
Executing Snowflake query :: SELECT COLUMN_NAME FROM DEV_ENT_CURATED.INFORMATION_SCHEMA.COLUMNS WHERE TABLE_NAME='DIM_MATERIALVENDORSUBACCOUNT'and TABLE_SCHEMA='MASTER_DIMENSIONS'
Column names for RAW Table --> MATERIALVENDORSUBACCOUNT :: [ID, ACCOUNTNAME, ACTIVE, MATERIALVENDOR_ID, COST, CREATEDBY_ID, IMPORTID, CREATEDON]
Column names for DataMart Table --> STR_MATERIALVENDORSUBACCOUNT :: [ACTIVE, ID, MASTER_ID, IMPORTID, RECORD_UPDATE_DATE, ACCOUNTNAME, TENANT_TYPE, CREATEDBY_ID, ACTIVE_FLAG, COST, CREATEDON, MATERIALVENDOR_ID, RECORD_CREATE_DATE]
Column names for Curated Table --> DIM_MATERIALVENDORSUBACCOUNT :: [RECORD_CREATE_DATE, IMPORTID, ACTIVE, CREATEDBY_ID, CREATEDON, ID, RECORD_UPDATE_DATE, TENANT_TYPE, RECORD_UPDATED_BY, ACCOUNTNAME, MATERIALVENDOR_ID, COST]
Column Name found in Datamart and Curated Table :: ID
Column Name found in Datamart and Curated Table :: ACCOUNTNAME
Column Name found in Datamart and Curated Table :: ACTIVE
Column Name found in Datamart and Curated Table :: MATERIALVENDOR_ID
Column Name found in Datamart and Curated Table :: COST
Column Name found in Datamart and Curated Table :: CREATEDBY_ID
Column Name found in Datamart and Curated Table :: IMPORTID
Column Name found in Datamart and Curated Table :: CREATEDON
Datamart tables contains additional column name like [ACTIVE_FLAG, RECORD_CREATE_DATE, RECORD_UPDATE_DATE, RECORD_UPDATE_DATE, MASTER_ID, TENANT_TYPE]
Curated tables contains additional column name like [RECORD_CREATE_DATE, RECORD_UPDATE_DATE, RECORD_UPDATED_BY, TENANT_TYPE]]]>
  </system-out>
  <testcase classname="testcases.RAW_DATAMART_CURATED.SnowFlake_ColumnValidation_BKPTables" name="validateColumnName_BKP" time="2.389"/>
  <system-out>
    <![CDATA[Executing Snowflake query :: SELECT COLUMN_NAME FROM DEV_ENT_RAW.INFORMATION_SCHEMA.COLUMNS WHERE TABLE_NAME='TAG'and TABLE_SCHEMA='ST_HDAIR_MATILLION'
Executing Snowflake query :: SELECT COLUMN_NAME FROM CURATED_DATAMART.INFORMATION_SCHEMA.COLUMNS WHERE TABLE_NAME='STR_TAG'and TABLE_SCHEMA='ST_BKP_HDAIR'
Executing Snowflake query :: SELECT COLUMN_NAME FROM DEV_ENT_CURATED.INFORMATION_SCHEMA.COLUMNS WHERE TABLE_NAME='DIM_TAG'and TABLE_SCHEMA='MASTER_DIMENSIONS'
Column names for RAW Table --> TAG :: [CREATEDBY_ID, REMOVEDBY_ID, TYPE_ID, MODIFIEDON, CREATEDON, ID, OWNER_ID, REMOVEDON, IMPORTID, MEMO, GENERATEDFOR_ID, GENERATEDFOREXTERNAL, ACTIVE]
Column names for DataMart Table --> STR_TAG :: [MODIFIEDON, SOURCE_PKEY_SPK, REMOVEDBY_ID, RECORD_CREATE_DATE, ID, GENERATEDFOREXTERNAL, CREATEDBY_ID, TENANT_TYPE, RECORD_UPDATE_DATE, ACTIVE, IMPORTID, MEMO, CREATEDON, GENERATEDFOR_ID, MASTER_ID, ACTIVE_FLAG, REMOVEDON, TYPE_ID, OWNER_ID]
Column names for Curated Table --> DIM_TAG :: [ACTIVE_FLAG, RECORD_CREATE_DATE, CREATEDON, RECORD_UPDATE_DATE, SOURCE_PKEY_SPK, GENERATEDFOR_ID, GENERATEDFOREXTERNAL, TYPE_ID, ACTIVE, CREATEDBY_ID, ID, MODIFIEDON, OWNER_ID, REMOVEDBY_ID, REMOVEDON, MEMO, RECORD_UPDATED_BY, IMPORTID, TENANT_TYPE]
Column Name found in Datamart and Curated Table :: CREATEDBY_ID
Column Name found in Datamart and Curated Table :: REMOVEDBY_ID
Column Name found in Datamart and Curated Table :: TYPE_ID
Column Name found in Datamart and Curated Table :: MODIFIEDON
Column Name found in Datamart and Curated Table :: CREATEDON
Column Name found in Datamart and Curated Table :: ID
Column Name found in Datamart and Curated Table :: OWNER_ID
Column Name found in Datamart and Curated Table :: REMOVEDON
Column Name found in Datamart and Curated Table :: IMPORTID
Column Name found in Datamart and Curated Table :: MEMO
Column Name found in Datamart and Curated Table :: GENERATEDFOR_ID
Column Name found in Datamart and Curated Table :: GENERATEDFOREXTERNAL
Column Name found in Datamart and Curated Table :: ACTIVE
Datamart tables contains additional column name like [ACTIVE_FLAG, RECORD_CREATE_DATE, RECORD_UPDATE_DATE, RECORD_UPDATE_DATE, MASTER_ID, TENANT_TYPE]
Curated tables contains additional column name like [RECORD_CREATE_DATE, RECORD_UPDATE_DATE, RECORD_UPDATED_BY, TENANT_TYPE]]]>
  </system-out>
  <testcase classname="testcases.RAW_DATAMART_CURATED.SnowFlake_ColumnValidation_BKPTables" name="validateColumnName_BKP" time="3.027"/>
  <system-out>
    <![CDATA[Executing Snowflake query :: SELECT COLUMN_NAME FROM DEV_ENT_RAW.INFORMATION_SCHEMA.COLUMNS WHERE TABLE_NAME='CUSTOMERMEMBERSHIP'and TABLE_SCHEMA='ST_MAITZ_MATILLION'
Executing Snowflake query :: SELECT COLUMN_NAME FROM CURATED_DATAMART.INFORMATION_SCHEMA.COLUMNS WHERE TABLE_NAME='STR_CUSTOMERMEMBERSHIP'and TABLE_SCHEMA='ST_BKP_MAITZ'
Executing Snowflake query :: SELECT COLUMN_NAME FROM DEV_ENT_CURATED.INFORMATION_SCHEMA.COLUMNS WHERE TABLE_NAME='DIM_CUSTOMERMEMBERSHIP'and TABLE_SCHEMA='MASTER_DIMENSIONS'
Column names for RAW Table --> CUSTOMERMEMBERSHIP :: [BILLINGEMAIL_ID, BILLINGTEMPLATE_ID, DURATION, EXPIREDAT, PREVIOUSRECURRINGLOCATION_ID, RENEWALMEMBERSHIPTASK_ID, TYPE_ID, ACTIVATEDBY_ID, ACTIVATEDFROM_ID, LOCATION_ID, STATUS, BILLINGFREQUENCY, CREATEDON, MEMO, RECURRINGLOCATION_ID, FOLLOWUPCUSTOMSTATUS_ID, CANCELATIONBALANCEINVOICE_ID, CANCELATIONBUYOUTINVOICE_ID, CANCELLATIONDATE, MODIFIEDON, NEXTSCHEDULEDBILLDATE, RENEWALBILLINGFREQUENCY, RENEWALMEMBERSHIPTASKREFERENCE_SKUTYPE, CUSTOMER_ID, IMPORTID, INITIALDEFERREDREVENUE, CREATEDBY_ID, ID, PAYMENTMETHOD_ID, BILLINGPREFERENCE, FOLLOWUPON, PAYMENTTYPE_ID, SOLDBY_ID, ACTIVE, BILLINGCOVERAGEPERIOD, BUSINESSUNIT_ID, CANCELATIONINVOICE_ID, CUSTOMERPO, FOLLOWUPSTATUS, INVOICETEMPLATE_ID, RENEWALMEMBERSHIPTASKREFERENCE_SKUID, FROM, RENEWEDBY_ID, FIRSTSCHEDULEDBILLDATE, TO, RENEWALDURATION]
Column names for DataMart Table --> STR_CUSTOMERMEMBERSHIP :: [ACTIVE_FLAG, BILLINGEMAIL_ID, CANCELLATIONDATE, EXPIREDAT, FOLLOWUPON, CUSTOMER_ID, INITIALDEFERREDREVENUE, RECURRINGLOCATION_ID, MODIFIEDON, BILLINGPREFERENCE, CREATEDBY_ID, CREATEDON, FOLLOWUPCUSTOMSTATUS_ID, INVOICETEMPLATE_ID, MASTER_ID, FROM, MEMO, TO, RENEWALMEMBERSHIPTASKREFERENCE_SKUID, CANCELATIONBALANCEINVOICE_ID, BILLINGFREQUENCY, BILLINGTEMPLATE_ID, CANCELATIONINVOICE_ID, FOLLOWUPSTATUS, NEXTSCHEDULEDBILLDATE, PREVIOUSRECURRINGLOCATION_ID, RECORD_CREATE_DATE, STATUS, DURATION, ID, TENANT_TYPE, BILLINGCOVERAGEPERIOD, IMPORTID, PAYMENTTYPE_ID, PAYMENTMETHOD_ID, ACTIVE, CANCELATIONBUYOUTINVOICE_ID, CUSTOMERPO, RENEWALMEMBERSHIPTASKREFERENCE_SKUTYPE, LOCATION_ID, RECORD_UPDATE_DATE, RENEWEDBY_ID, FIRSTSCHEDULEDBILLDATE, RENEWALDURATION, ACTIVATEDBY_ID, ACTIVATEDFROM_ID, BUSINESSUNIT_ID, TYPE_ID, RENEWALBILLINGFREQUENCY, RENEWALMEMBERSHIPTASK_ID, SOLDBY_ID]
Column names for Curated Table --> DIM_CUSTOMERMEMBERSHIP :: [BILLINGFREQUENCY, CREATEDBY_ID, MODIFIEDON, PAYMENTTYPE_ID, RECURRINGLOCATION_ID, ACTIVE, BILLINGEMAIL_ID, FIRSTSCHEDULEDBILLDATE, RENEWALMEMBERSHIPTASKREFERENCE_SKUTYPE, TENANT_TYPE, ACTIVATEDBY_ID, BUSINESSUNIT_ID, CREATEDON, ID, INITIALDEFERREDREVENUE, CUSTOMERPO, FOLLOWUPSTATUS, RENEWALDURATION, RECORD_UPDATED_BY, BILLINGTEMPLATE_ID, FOLLOWUPCUSTOMSTATUS_ID, PAYMENTMETHOD_ID, RECORD_UPDATE_DATE, SOLDBY_ID, TYPE_ID, RENEWALMEMBERSHIPTASK_ID, BILLINGPREFERENCE, EXPIREDAT, NEXTSCHEDULEDBILLDATE, ACTIVATEDFROM_ID, CANCELATIONBALANCEINVOICE_ID, FROM, RECORD_CREATE_DATE, RENEWALMEMBERSHIPTASKREFERENCE_SKUID, TO, FOLLOWUPON, BILLINGCOVERAGEPERIOD, CUSTOMER_ID, DURATION, IMPORTID, RENEWALBILLINGFREQUENCY, STATUS, MEMO, CANCELATIONINVOICE_ID, CANCELLATIONDATE, PREVIOUSRECURRINGLOCATION_ID, CANCELATIONBUYOUTINVOICE_ID, INVOICETEMPLATE_ID, LOCATION_ID, RENEWEDBY_ID]
Column Name found in Datamart and Curated Table :: BILLINGEMAIL_ID
Column Name found in Datamart and Curated Table :: BILLINGTEMPLATE_ID
Column Name found in Datamart and Curated Table :: DURATION
Column Name found in Datamart and Curated Table :: EXPIREDAT
Column Name found in Datamart and Curated Table :: PREVIOUSRECURRINGLOCATION_ID
Column Name found in Datamart and Curated Table :: RENEWALMEMBERSHIPTASK_ID
Column Name found in Datamart and Curated Table :: TYPE_ID
Column Name found in Datamart and Curated Table :: ACTIVATEDBY_ID
Column Name found in Datamart and Curated Table :: ACTIVATEDFROM_ID
Column Name found in Datamart and Curated Table :: LOCATION_ID
Column Name found in Datamart and Curated Table :: STATUS
Column Name found in Datamart and Curated Table :: BILLINGFREQUENCY
Column Name found in Datamart and Curated Table :: CREATEDON
Column Name found in Datamart and Curated Table :: MEMO
Column Name found in Datamart and Curated Table :: RECURRINGLOCATION_ID
Column Name found in Datamart and Curated Table :: FOLLOWUPCUSTOMSTATUS_ID
Column Name found in Datamart and Curated Table :: CANCELATIONBALANCEINVOICE_ID
Column Name found in Datamart and Curated Table :: CANCELATIONBUYOUTINVOICE_ID
Column Name found in Datamart and Curated Table :: CANCELLATIONDATE
Column Name found in Datamart and Curated Table :: MODIFIEDON
Column Name found in Datamart and Curated Table :: NEXTSCHEDULEDBILLDATE
Column Name found in Datamart and Curated Table :: RENEWALBILLINGFREQUENCY
Column Name found in Datamart and Curated Table :: RENEWALMEMBERSHIPTASKREFERENCE_SKUTYPE
Column Name found in Datamart and Curated Table :: CUSTOMER_ID
Column Name found in Datamart and Curated Table :: IMPORTID
Column Name found in Datamart and Curated Table :: INITIALDEFERREDREVENUE
Column Name found in Datamart and Curated Table :: CREATEDBY_ID
Column Name found in Datamart and Curated Table :: ID
Column Name found in Datamart and Curated Table :: PAYMENTMETHOD_ID
Column Name found in Datamart and Curated Table :: BILLINGPREFERENCE
Column Name found in Datamart and Curated Table :: FOLLOWUPON
Column Name found in Datamart and Curated Table :: PAYMENTTYPE_ID
Column Name found in Datamart and Curated Table :: SOLDBY_ID
Column Name found in Datamart and Curated Table :: ACTIVE
Column Name found in Datamart and Curated Table :: BILLINGCOVERAGEPERIOD
Column Name found in Datamart and Curated Table :: BUSINESSUNIT_ID
Column Name found in Datamart and Curated Table :: CANCELATIONINVOICE_ID
Column Name found in Datamart and Curated Table :: CUSTOMERPO
Column Name found in Datamart and Curated Table :: FOLLOWUPSTATUS
Column Name found in Datamart and Curated Table :: INVOICETEMPLATE_ID
Column Name found in Datamart and Curated Table :: RENEWALMEMBERSHIPTASKREFERENCE_SKUID
Column Name found in Datamart and Curated Table :: FROM
Column Name found in Datamart and Curated Table :: RENEWEDBY_ID
Column Name found in Datamart and Curated Table :: FIRSTSCHEDULEDBILLDATE
Column Name found in Datamart and Curated Table :: TO
Column Name found in Datamart and Curated Table :: RENEWALDURATION
Datamart tables contains additional column name like [ACTIVE_FLAG, RECORD_CREATE_DATE, RECORD_UPDATE_DATE, RECORD_UPDATE_DATE, MASTER_ID, TENANT_TYPE]
Curated tables contains additional column name like [RECORD_CREATE_DATE, RECORD_UPDATE_DATE, RECORD_UPDATED_BY, TENANT_TYPE]]]>
  </system-out>
  <testcase classname="testcases.RAW_DATAMART_CURATED.SnowFlake_ColumnValidation_BKPTables" name="validateColumnName_BKP" time="2.353"/>
  <system-out>
    <![CDATA[Executing Snowflake query :: SELECT COLUMN_NAME FROM DEV_ENT_RAW.INFORMATION_SCHEMA.COLUMNS WHERE TABLE_NAME='JOBCOMPLETIONSURVEY'and TABLE_SCHEMA='ST_CASTEEL_MATILLION'
Executing Snowflake query :: SELECT COLUMN_NAME FROM CURATED_DATAMART.INFORMATION_SCHEMA.COLUMNS WHERE TABLE_NAME='STR_JOBCOMPLETIONSURVEY'and TABLE_SCHEMA='ST_BKP_CASTEEL'
Executing Snowflake query :: SELECT COLUMN_NAME FROM DEV_ENT_CURATED.INFORMATION_SCHEMA.COLUMNS WHERE TABLE_NAME='DIM_JOBCOMPLETIONSURVEY'and TABLE_SCHEMA='MASTER_DIMENSIONS'
Column names for RAW Table --> JOBCOMPLETIONSURVEY :: [ISPLANNINGTOUSEAGAIN, ISROUTINECOMPLETED, RECOMMENDATIONS, STATUS, JOBCOMPLETEDON, SURVEYTYPE, JOBID, SENTON, COMPLETEDON, ID, RATING, TOKEN, MEMO, MODIFIEDON, SUBMITCOUNT]
Column names for DataMart Table --> STR_JOBCOMPLETIONSURVEY :: [COMPLETEDON, ISROUTINECOMPLETED, JOBCOMPLETEDON, RECORD_UPDATE_DATE, MODIFIEDON, ACTIVE_FLAG, RECOMMENDATIONS, ID, JOBID, RATING, STATUS, SUBMITCOUNT, MASTER_ID, TOKEN, MEMO, TENANT_TYPE, SURVEYTYPE, ISPLANNINGTOUSEAGAIN, SENTON, RECORD_CREATE_DATE]
Column names for Curated Table --> DIM_JOBCOMPLETIONSURVEY :: [ID, JOBCOMPLETEDON, SUBMITCOUNT, ISROUTINECOMPLETED, MEMO, RECORD_UPDATED_BY, STATUS, JOBID, RECORD_UPDATE_DATE, TENANT_TYPE, MODIFIEDON, SURVEYTYPE, COMPLETEDON, ISPLANNINGTOUSEAGAIN, RATING, SENTON, RECOMMENDATIONS, RECORD_CREATE_DATE, TOKEN]
Column Name found in Datamart and Curated Table :: ISPLANNINGTOUSEAGAIN
Column Name found in Datamart and Curated Table :: ISROUTINECOMPLETED
Column Name found in Datamart and Curated Table :: RECOMMENDATIONS
Column Name found in Datamart and Curated Table :: STATUS
Column Name found in Datamart and Curated Table :: JOBCOMPLETEDON
Column Name found in Datamart and Curated Table :: SURVEYTYPE
Column Name found in Datamart and Curated Table :: JOBID
Column Name found in Datamart and Curated Table :: SENTON
Column Name found in Datamart and Curated Table :: COMPLETEDON
Column Name found in Datamart and Curated Table :: ID
Column Name found in Datamart and Curated Table :: RATING
Column Name found in Datamart and Curated Table :: TOKEN
Column Name found in Datamart and Curated Table :: MEMO
Column Name found in Datamart and Curated Table :: MODIFIEDON
Column Name found in Datamart and Curated Table :: SUBMITCOUNT
Datamart tables contains additional column name like [ACTIVE_FLAG, RECORD_CREATE_DATE, RECORD_UPDATE_DATE, RECORD_UPDATE_DATE, MASTER_ID, TENANT_TYPE]
Curated tables contains additional column name like [RECORD_CREATE_DATE, RECORD_UPDATE_DATE, RECORD_UPDATED_BY, TENANT_TYPE]]]>
  </system-out>
  <testcase classname="testcases.RAW_DATAMART_CURATED.SnowFlake_ColumnValidation_BKPTables" name="validateColumnName_BKP" time="2.752"/>
  <system-out>
    <![CDATA[Executing Snowflake query :: SELECT COLUMN_NAME FROM DEV_ENT_RAW.INFORMATION_SCHEMA.COLUMNS WHERE TABLE_NAME='CUSTOMER'and TABLE_SCHEMA='ST_HORIZONSERVICES_MATILLION'
Executing Snowflake query :: SELECT COLUMN_NAME FROM CURATED_DATAMART.INFORMATION_SCHEMA.COLUMNS WHERE TABLE_NAME='STR_CUSTOMER'and TABLE_SCHEMA='ST_BKP_HORIZONSERVICES'
Executing Snowflake query :: SELECT COLUMN_NAME FROM DEV_ENT_CURATED.INFORMATION_SCHEMA.COLUMNS WHERE TABLE_NAME='DIM_CUSTOMER'and TABLE_SCHEMA='MASTER_DIMENSIONS'
Column names for RAW Table --> CUSTOMER :: [ADDRESS_ISMILITARY, BALANCE, CREATEDBY_ID, DONOTSENDPROMOTIONALEMAILS, NAME, TAXEXEMPT, CREATEDON, MEMBERSHIP_TO, MODIFIEDON, TYPE, ADDRESS_CITY, ADDRESS_STATE, HEADER, IMPORTID, SHOWMEMBERSAVINGS, ADDRESS_ZIP, DONOTSERVICE, STATISTICS_ID, ADDRESS_ISMANUALCOORDINATES, ADDRESS_LATITUDE, ADDRESS_STREET, AR, DONOTMAIL, EXTERNALID, MEMBERSHIP_CANCELLATIONDATE, NOCHARGE, MEMBERSHIP_ACTIVATEDBY, DONOTCHARGEINTERESTFEE, PAYMENTTERM_ID, MEMBERSHIP_FROM, ACTIVE, ADDRESS_COUNTRY, ADDRESS_LONGITUDE, ADDRESS_UNIT, AVALARAENTITYCODE, EXCLUDEFROMBULKPRINTING, ID, MEMBERSHIP_ACTIVATEDFROM]
Column names for DataMart Table --> STR_CUSTOMER :: [ID, MEMBERSHIP_CANCELLATIONDATE, ADDRESS_CITY, CREATEDBY_ID, DONOTSERVICE, MEMBERSHIP_TO, ADDRESS_COUNTRY, ADDRESS_LONGITUDE, ADDRESS_STREET, DONOTCHARGEINTERESTFEE, DONOTSENDPROMOTIONALEMAILS, CREATEDON, ADDRESS_LATITUDE, HEADER, MEMBERSHIP_FROM, TENANT_TYPE, NAME, ADDRESS_STATE, ADDRESS_ZIP, EXCLUDEFROMBULKPRINTING, MODIFIEDON, SHOWMEMBERSAVINGS, ACTIVE_FLAG, ADDRESS_UNIT, BALANCE, RECORD_CREATE_DATE, RECORD_UPDATE_DATE, MASTER_ID, ACTIVE, ADDRESS_ISMILITARY, NOCHARGE, PAYMENTTERM_ID, STATISTICS_ID, MEMBERSHIP_ACTIVATEDBY, MEMBERSHIP_ACTIVATEDFROM, ADDRESS_ISMANUALCOORDINATES, AVALARAENTITYCODE, DONOTMAIL, EXTERNALID, IMPORTID, TAXEXEMPT, TYPE, AR]
Column names for Curated Table --> DIM_CUSTOMER :: [ADDRESS_UNIT, PAYMENTTERM_ID, BALANCE, IMPORTID, ACTIVE, ADDRESS_COUNTRY, ADDRESS_ISMANUALCOORDINATES, ADDRESS_STATE, ADDRESS_ZIP, AR, NAME, MEMBERSHIP_TO, ADDRESS_CITY, ADDRESS_STREET, DONOTSERVICE, MEMBERSHIP_CANCELLATIONDATE, NOCHARGE, HEADER, CREATEDBY_ID, EXTERNALID, MODIFIEDON, DONOTCHARGEINTERESTFEE, MEMBERSHIP_ACTIVATEDBY, RECORD_UPDATE_DATE, RECORD_UPDATED_BY, STATISTICS_ID, CREATEDON, DONOTMAIL, ID, TAXEXEMPT, RECORD_CREATE_DATE, ADDRESS_LATITUDE, ADDRESS_LONGITUDE, AVALARAENTITYCODE, DONOTSENDPROMOTIONALEMAILS, MEMBERSHIP_FROM, TENANT_TYPE, TYPE, ADDRESS_ISMILITARY, MEMBERSHIP_ACTIVATEDFROM, SHOWMEMBERSAVINGS, EXCLUDEFROMBULKPRINTING]
Column Name found in Datamart and Curated Table :: ADDRESS_ISMILITARY
Column Name found in Datamart and Curated Table :: BALANCE
Column Name found in Datamart and Curated Table :: CREATEDBY_ID
Column Name found in Datamart and Curated Table :: DONOTSENDPROMOTIONALEMAILS
Column Name found in Datamart and Curated Table :: NAME
Column Name found in Datamart and Curated Table :: TAXEXEMPT
Column Name found in Datamart and Curated Table :: CREATEDON
Column Name found in Datamart and Curated Table :: MEMBERSHIP_TO
Column Name found in Datamart and Curated Table :: MODIFIEDON
Column Name found in Datamart and Curated Table :: TYPE
Column Name found in Datamart and Curated Table :: ADDRESS_CITY
Column Name found in Datamart and Curated Table :: ADDRESS_STATE
Column Name found in Datamart and Curated Table :: HEADER
Column Name found in Datamart and Curated Table :: IMPORTID
Column Name found in Datamart and Curated Table :: SHOWMEMBERSAVINGS
Column Name found in Datamart and Curated Table :: ADDRESS_ZIP
Column Name found in Datamart and Curated Table :: DONOTSERVICE
Column Name found in Datamart and Curated Table :: STATISTICS_ID
Column Name found in Datamart and Curated Table :: ADDRESS_ISMANUALCOORDINATES
Column Name found in Datamart and Curated Table :: ADDRESS_LATITUDE
Column Name found in Datamart and Curated Table :: ADDRESS_STREET
Column Name found in Datamart and Curated Table :: AR
Column Name found in Datamart and Curated Table :: DONOTMAIL
Column Name found in Datamart and Curated Table :: EXTERNALID
Column Name found in Datamart and Curated Table :: MEMBERSHIP_CANCELLATIONDATE
Column Name found in Datamart and Curated Table :: NOCHARGE
Column Name found in Datamart and Curated Table :: MEMBERSHIP_ACTIVATEDBY
Column Name found in Datamart and Curated Table :: DONOTCHARGEINTERESTFEE
Column Name found in Datamart and Curated Table :: PAYMENTTERM_ID
Column Name found in Datamart and Curated Table :: MEMBERSHIP_FROM
Column Name found in Datamart and Curated Table :: ACTIVE
Column Name found in Datamart and Curated Table :: ADDRESS_COUNTRY
Column Name found in Datamart and Curated Table :: ADDRESS_LONGITUDE
Column Name found in Datamart and Curated Table :: ADDRESS_UNIT
Column Name found in Datamart and Curated Table :: AVALARAENTITYCODE
Column Name found in Datamart and Curated Table :: EXCLUDEFROMBULKPRINTING
Column Name found in Datamart and Curated Table :: ID
Column Name found in Datamart and Curated Table :: MEMBERSHIP_ACTIVATEDFROM
Datamart tables contains additional column name like [ACTIVE_FLAG, RECORD_CREATE_DATE, RECORD_UPDATE_DATE, RECORD_UPDATE_DATE, MASTER_ID, TENANT_TYPE]
Curated tables contains additional column name like [RECORD_CREATE_DATE, RECORD_UPDATE_DATE, RECORD_UPDATED_BY, TENANT_TYPE]]]>
  </system-out>
  <testcase classname="testcases.RAW_DATAMART_CURATED.SnowFlake_ColumnValidation_BKPTables" name="validateColumnName_BKP" time="4.596"/>
  <system-out>
    <![CDATA[Executing Snowflake query :: SELECT COLUMN_NAME FROM DEV_ENT_RAW.INFORMATION_SCHEMA.COLUMNS WHERE TABLE_NAME='TAGTYPE'and TABLE_SCHEMA='ST_HARP_MATILLION'
Executing Snowflake query :: SELECT COLUMN_NAME FROM CURATED_DATAMART.INFORMATION_SCHEMA.COLUMNS WHERE TABLE_NAME='STR_TAGTYPE'and TABLE_SCHEMA='ST_BKP_HARP'
Executing Snowflake query :: SELECT COLUMN_NAME FROM DEV_ENT_CURATED.INFORMATION_SCHEMA.COLUMNS WHERE TABLE_NAME='DIM_TAGTYPE'and TABLE_SCHEMA='MASTER_DIMENSIONS'
Column names for RAW Table --> TAGTYPE :: [IMPORTID, NAME, PROJECTEDVALUEADJUSTMENT, COLOR, ISCONVERSIONOPPORTUNITY, MODIFIEDON, CREATEDON, ISALWAYSVISIBLE, CODE, CREATEDBY_ID, FONTCOLOR, IMPORTANCE, ISVISIBLEONDISPATCHBOARD, ACTIVE, ID]
Column names for DataMart Table --> STR_TAGTYPE :: [CODE, CREATEDBY_ID, MASTER_ID, NAME, RECORD_CREATE_DATE, FONTCOLOR, ID, TENANT_TYPE, ACTIVE, ISALWAYSVISIBLE, COLOR, CREATEDON, IMPORTANCE, MODIFIEDON, RECORD_UPDATE_DATE, IMPORTID, ACTIVE_FLAG, ISCONVERSIONOPPORTUNITY, ISVISIBLEONDISPATCHBOARD, PROJECTEDVALUEADJUSTMENT]
Column names for Curated Table --> DIM_TAGTYPE :: [ACTIVE, CODE, FONTCOLOR, IMPORTANCE, TENANT_TYPE, NAME, CREATEDBY_ID, ID, MODIFIEDON, RECORD_UPDATED_BY, COLOR, CREATEDON, RECORD_UPDATE_DATE, ISCONVERSIONOPPORTUNITY, PROJECTEDVALUEADJUSTMENT, RECORD_CREATE_DATE, ISALWAYSVISIBLE, IMPORTID, ISVISIBLEONDISPATCHBOARD]
Column Name found in Datamart and Curated Table :: IMPORTID
Column Name found in Datamart and Curated Table :: NAME
Column Name found in Datamart and Curated Table :: PROJECTEDVALUEADJUSTMENT
Column Name found in Datamart and Curated Table :: COLOR
Column Name found in Datamart and Curated Table :: ISCONVERSIONOPPORTUNITY
Column Name found in Datamart and Curated Table :: MODIFIEDON
Column Name found in Datamart and Curated Table :: CREATEDON
Column Name found in Datamart and Curated Table :: ISALWAYSVISIBLE
Column Name found in Datamart and Curated Table :: CODE
Column Name found in Datamart and Curated Table :: CREATEDBY_ID
Column Name found in Datamart and Curated Table :: FONTCOLOR
Column Name found in Datamart and Curated Table :: IMPORTANCE
Column Name found in Datamart and Curated Table :: ISVISIBLEONDISPATCHBOARD
Column Name found in Datamart and Curated Table :: ACTIVE
Column Name found in Datamart and Curated Table :: ID
Datamart tables contains additional column name like [ACTIVE_FLAG, RECORD_CREATE_DATE, RECORD_UPDATE_DATE, RECORD_UPDATE_DATE, MASTER_ID, TENANT_TYPE]
Curated tables contains additional column name like [RECORD_CREATE_DATE, RECORD_UPDATE_DATE, RECORD_UPDATED_BY, TENANT_TYPE]]]>
  </system-out>
  <testcase classname="testcases.RAW_DATAMART_CURATED.SnowFlake_ColumnValidation_BKPTables" name="validateColumnName_BKP" time="2.653"/>
  <system-out>
    <![CDATA[Executing Snowflake query :: SELECT COLUMN_NAME FROM DEV_ENT_RAW.INFORMATION_SCHEMA.COLUMNS WHERE TABLE_NAME='MATERIALVENDOR'and TABLE_SCHEMA='ST_GOLDMEDAL_MATILLION'
Executing Snowflake query :: SELECT COLUMN_NAME FROM CURATED_DATAMART.INFORMATION_SCHEMA.COLUMNS WHERE TABLE_NAME='STR_MATERIALVENDOR'and TABLE_SCHEMA='ST_BKP_GOLDMEDAL'
Executing Snowflake query :: SELECT COLUMN_NAME FROM DEV_ENT_CURATED.INFORMATION_SCHEMA.COLUMNS WHERE TABLE_NAME='DIM_MATERIALVENDOR'and TABLE_SCHEMA='MASTER_DIMENSIONS'
Column names for RAW Table --> MATERIALVENDOR :: [ISPRIMARY, MEMO, VENDOR_ID, CREATEDON, PRIMARYSUBACCOUNT_ID, PARTNUMBER, CREATEDBY_ID, ID, IMPORTID, MATERIAL_ID, ACTIVE, COST]
Column names for DataMart Table --> STR_MATERIALVENDOR :: [CREATEDBY_ID, TENANT_TYPE, MEMO, ACTIVE, CREATEDON, MATERIAL_ID, PRIMARYSUBACCOUNT_ID, RECORD_CREATE_DATE, MASTER_ID, VENDOR_ID, ACTIVE_FLAG, COST, IMPORTID, PARTNUMBER, ID, ISPRIMARY, RECORD_UPDATE_DATE]
Column names for Curated Table --> DIM_MATERIALVENDOR :: [ID, MATERIAL_ID, ACTIVE, COST, CREATEDBY_ID, IMPORTID, ISPRIMARY, PRIMARYSUBACCOUNT_ID, RECORD_UPDATE_DATE, TENANT_TYPE, MEMO, RECORD_UPDATED_BY, VENDOR_ID, CREATEDON, PARTNUMBER, RECORD_CREATE_DATE]
Column Name found in Datamart and Curated Table :: ISPRIMARY
Column Name found in Datamart and Curated Table :: MEMO
Column Name found in Datamart and Curated Table :: VENDOR_ID
Column Name found in Datamart and Curated Table :: CREATEDON
Column Name found in Datamart and Curated Table :: PRIMARYSUBACCOUNT_ID
Column Name found in Datamart and Curated Table :: PARTNUMBER
Column Name found in Datamart and Curated Table :: CREATEDBY_ID
Column Name found in Datamart and Curated Table :: ID
Column Name found in Datamart and Curated Table :: IMPORTID
Column Name found in Datamart and Curated Table :: MATERIAL_ID
Column Name found in Datamart and Curated Table :: ACTIVE
Column Name found in Datamart and Curated Table :: COST
Datamart tables contains additional column name like [ACTIVE_FLAG, RECORD_CREATE_DATE, RECORD_UPDATE_DATE, RECORD_UPDATE_DATE, MASTER_ID, TENANT_TYPE]
Curated tables contains additional column name like [RECORD_CREATE_DATE, RECORD_UPDATE_DATE, RECORD_UPDATED_BY, TENANT_TYPE]]]>
  </system-out>
  <testcase classname="testcases.RAW_DATAMART_CURATED.SnowFlake_ColumnValidation_BKPTables" name="validateColumnName_BKP" time="2.241"/>
  <system-out>
    <![CDATA[Executing Snowflake query :: SELECT COLUMN_NAME FROM DEV_ENT_RAW.INFORMATION_SCHEMA.COLUMNS WHERE TABLE_NAME='CANCELJOBREASON'and TABLE_SCHEMA='ST_FOURPROS_MATILLION'
Executing Snowflake query :: SELECT COLUMN_NAME FROM CURATED_DATAMART.INFORMATION_SCHEMA.COLUMNS WHERE TABLE_NAME='STR_CANCELJOBREASON'and TABLE_SCHEMA='ST_BKP_FOURPROS'
Executing Snowflake query :: SELECT COLUMN_NAME FROM DEV_ENT_CURATED.INFORMATION_SCHEMA.COLUMNS WHERE TABLE_NAME='DIM_CANCELJOBREASON'and TABLE_SCHEMA='MASTER_DIMENSIONS'
Column names for RAW Table --> CANCELJOBREASON :: [CREATEDBY_ID, CREATEDON, MODIFIEDON, IMPORTID, NAME, ACTIVE, ID]
Column names for DataMart Table --> STR_CANCELJOBREASON :: [CREATEDON, IMPORTID, MASTER_ID, NAME, ACTIVE, MODIFIEDON, ACTIVE_FLAG, ID, RECORD_CREATE_DATE, TENANT_TYPE, CREATEDBY_ID, RECORD_UPDATE_DATE]
Column names for Curated Table --> DIM_CANCELJOBREASON :: [ID, IMPORTID, TENANT_TYPE, MODIFIEDON, CREATEDON, RECORD_UPDATED_BY, RECORD_UPDATE_DATE, RECORD_CREATE_DATE, ACTIVE, CREATEDBY_ID, NAME]
Column Name found in Datamart and Curated Table :: CREATEDBY_ID
Column Name found in Datamart and Curated Table :: CREATEDON
Column Name found in Datamart and Curated Table :: MODIFIEDON
Column Name found in Datamart and Curated Table :: IMPORTID
Column Name found in Datamart and Curated Table :: NAME
Column Name found in Datamart and Curated Table :: ACTIVE
Column Name found in Datamart and Curated Table :: ID
Datamart tables contains additional column name like [ACTIVE_FLAG, RECORD_CREATE_DATE, RECORD_UPDATE_DATE, RECORD_UPDATE_DATE, MASTER_ID, TENANT_TYPE]
Curated tables contains additional column name like [RECORD_CREATE_DATE, RECORD_UPDATE_DATE, RECORD_UPDATED_BY, TENANT_TYPE]]]>
  </system-out>
  <testcase classname="testcases.RAW_DATAMART_CURATED.SnowFlake_ColumnValidation_BKPTables" name="validateColumnName_BKP" time="3.487"/>
  <system-out>
    <![CDATA[Executing Snowflake query :: SELECT COLUMN_NAME FROM DEV_ENT_RAW.INFORMATION_SCHEMA.COLUMNS WHERE TABLE_NAME='JOB'and TABLE_SCHEMA='ST_EANESHEATING_MATILLION'
Executing Snowflake query :: SELECT COLUMN_NAME FROM CURATED_DATAMART.INFORMATION_SCHEMA.COLUMNS WHERE TABLE_NAME='STR_JOB'and TABLE_SCHEMA='ST_BKP_EANESHEATING'
Executing Snowflake query :: SELECT COLUMN_NAME FROM DEV_ENT_CURATED.INFORMATION_SCHEMA.COLUMNS WHERE TABLE_NAME='DIM_JOB'and TABLE_SCHEMA='MASTER_DIMENSIONS'
Column names for RAW Table --> JOB :: [APPROXIMATEENDDATE, DRIVINGCOST, INVOICE_ID, PROJECT_ID, LATEPENALTY, CALLSCRIPTANSWERRECORD_ID, COMPLETEDON, COMPLETIONSURVEYID, TYPE_ID, CREATEDFROMESTIMATE_ID, CUSTOMERPO, PLANSTART, FIRSTAPPOINTMENT_ID, CREATEDBY_ID, DURATION, GENERATEDBY_ID, ISAUTODISPATCHED, LASTCHANGEDBYSMARTDISPATCH, LEAD_ID, PROJECTEDVALUE, MODIFIEDON, PREDICTEDSALES, ID, LEADGENERATED_ID, LOCATION_ID, MEMBERSHIP_ID, MONTHNUMBER, START, OPPORTUNITYDATE, PREVAILINGWAGEJOBNUMBER, SECONDARYJOBNUMBER, STATUS, APPROXIMATESTARTDATE, CREATEDON, CUSTOMER_ID, NOCHARGE, NUMBER, SMARTDISPATCHDATA_JOB, TOTAL, NOTIFICATIONSENABLED, PMDATE, ACTIVE, DRIVETIME, MANAGEEMPLOYEEEMAIL, SUMMARY, END, RECALLFOR_ID, WARRANTYFOR_ID, CAMPAIGN_ID, ISCONFIRMED, ISPREVAILINGWAGE, ISTECHNICIANSPECIFIC, UNION, PLANEND, MANAGEFOLLOWUPEMAIL, PREVAILINGWAGECODE_ID, ALLOTTEDTIME, BUSINESSUNIT_ID, CREATEDFROMESTIMATESTATUSWHENBOOKING, EXTERNALID, GENERATEDFROM_ID, IMPORTID, NOCHARGESOURCE, REASSIGNMENTPENALTY, SOLDBY_ID, ESTIMATEDCOST, PRIORITY, OPPORTUNITY_ID, LASTAPPOINTMENT_ID, PREDICTEDTOTAL]
Column names for DataMart Table --> STR_JOB :: [ACTIVE, APPROXIMATESTARTDATE, COMPLETEDON, CREATEDBY_ID, ID, MASTER_ID, NUMBER, UNION, NOCHARGESOURCE, BUSINESSUNIT_ID, DURATION, INVOICE_ID, MANAGEFOLLOWUPEMAIL, STATUS, COMPLETIONSURVEYID, END, PMDATE, MEMBERSHIP_ID, TOTAL, APPROXIMATEENDDATE, CALLSCRIPTANSWERRECORD_ID, CREATEDFROMESTIMATE_ID, LEADGENERATED_ID, MONTHNUMBER, PRIORITY, DRIVETIME, GENERATEDBY_ID, PLANEND, PROJECT_ID, TENANT_TYPE, GENERATEDFROM_ID, SMARTDISPATCHDATA_JOB, FIRSTAPPOINTMENT_ID, ISTECHNICIANSPECIFIC, LASTAPPOINTMENT_ID, LASTCHANGEDBYSMARTDISPATCH, MODIFIEDON, OPPORTUNITY_ID, LATEPENALTY, REASSIGNMENTPENALTY, CAMPAIGN_ID, CUSTOMER_ID, ISAUTODISPATCHED, PREDICTEDSALES, SECONDARYJOBNUMBER, WARRANTYFOR_ID, ESTIMATEDCOST, RECORD_UPDATE_DATE, ISPREVAILINGWAGE, PREVAILINGWAGECODE_ID, ACTIVE_FLAG, LEAD_ID, NOCHARGE, PREVAILINGWAGEJOBNUMBER, RECORD_CREATE_DATE, OPPORTUNITYDATE, DRIVINGCOST, NOTIFICATIONSENABLED, LOCATION_ID, PREDICTEDTOTAL, PROJECTEDVALUE, SUMMARY, TYPE_ID, ALLOTTEDTIME, CREATEDFROMESTIMATESTATUSWHENBOOKING, CUSTOMERPO, ISCONFIRMED, START, CREATEDON, EXTERNALID, IMPORTID, MANAGEEMPLOYEEEMAIL, RECALLFOR_ID, SOLDBY_ID, PLANSTART]
Column names for Curated Table --> DIM_JOB :: [LASTCHANGEDBYSMARTDISPATCH, PROJECTEDVALUE, TYPE_ID, EXTERNALID, NOCHARGESOURCE, PMDATE, RECALLFOR_ID, START, ACTIVE, ISAUTODISPATCHED, MONTHNUMBER, PRIORITY, CREATEDON, OPPORTUNITYDATE, PREVAILINGWAGEJOBNUMBER, RECORD_CREATE_DATE, CREATEDBY_ID, LASTAPPOINTMENT_ID, MANAGEEMPLOYEEEMAIL, TOTAL, APPROXIMATESTARTDATE, GENERATEDBY_ID, MANAGEFOLLOWUPEMAIL, RECORD_UPDATED_BY, WARRANTYFOR_ID, UNION, CREATEDFROMESTIMATE_ID, REASSIGNMENTPENALTY, PREDICTEDSALES, LATEPENALTY, DURATION, DRIVETIME, STATUS, SUMMARY, IMPORTID, NOTIFICATIONSENABLED, RECORD_UPDATE_DATE, ALLOTTEDTIME, COMPLETEDON, CUSTOMERPO, GENERATEDFROM_ID, ISTECHNICIANSPECIFIC, LOCATION_ID, PLANEND, MODIFIEDON, PREVAILINGWAGECODE_ID, SECONDARYJOBNUMBER, END, OPPORTUNITY_ID, APPROXIMATEENDDATE, BUSINESSUNIT_ID, CALLSCRIPTANSWERRECORD_ID, CUSTOMER_ID, DRIVINGCOST, ESTIMATEDCOST, FIRSTAPPOINTMENT_ID, PROJECT_ID, SOLDBY_ID, NOCHARGE, ISCONFIRMED, LEADGENERATED_ID, CAMPAIGN_ID, COMPLETIONSURVEYID, CREATEDFROMESTIMATESTATUSWHENBOOKING, ID, INVOICE_ID, ISPREVAILINGWAGE, LEAD_ID, MEMBERSHIP_ID, PLANSTART, SMARTDISPATCHDATA_JOB, TENANT_TYPE, PREDICTEDTOTAL, NUMBER]
Column Name found in Datamart and Curated Table :: APPROXIMATEENDDATE
Column Name found in Datamart and Curated Table :: DRIVINGCOST
Column Name found in Datamart and Curated Table :: INVOICE_ID
Column Name found in Datamart and Curated Table :: PROJECT_ID
Column Name found in Datamart and Curated Table :: LATEPENALTY
Column Name found in Datamart and Curated Table :: CALLSCRIPTANSWERRECORD_ID
Column Name found in Datamart and Curated Table :: COMPLETEDON
Column Name found in Datamart and Curated Table :: COMPLETIONSURVEYID
Column Name found in Datamart and Curated Table :: TYPE_ID
Column Name found in Datamart and Curated Table :: CREATEDFROMESTIMATE_ID
Column Name found in Datamart and Curated Table :: CUSTOMERPO
Column Name found in Datamart and Curated Table :: PLANSTART
Column Name found in Datamart and Curated Table :: FIRSTAPPOINTMENT_ID
Column Name found in Datamart and Curated Table :: CREATEDBY_ID
Column Name found in Datamart and Curated Table :: DURATION
Column Name found in Datamart and Curated Table :: GENERATEDBY_ID
Column Name found in Datamart and Curated Table :: ISAUTODISPATCHED
Column Name found in Datamart and Curated Table :: LASTCHANGEDBYSMARTDISPATCH
Column Name found in Datamart and Curated Table :: LEAD_ID
Column Name found in Datamart and Curated Table :: PROJECTEDVALUE
Column Name found in Datamart and Curated Table :: MODIFIEDON
Column Name found in Datamart and Curated Table :: PREDICTEDSALES
Column Name found in Datamart and Curated Table :: ID
Column Name found in Datamart and Curated Table :: LEADGENERATED_ID
Column Name found in Datamart and Curated Table :: LOCATION_ID
Column Name found in Datamart and Curated Table :: MEMBERSHIP_ID
Column Name found in Datamart and Curated Table :: MONTHNUMBER
Column Name found in Datamart and Curated Table :: START
Column Name found in Datamart and Curated Table :: OPPORTUNITYDATE
Column Name found in Datamart and Curated Table :: PREVAILINGWAGEJOBNUMBER
Column Name found in Datamart and Curated Table :: SECONDARYJOBNUMBER
Column Name found in Datamart and Curated Table :: STATUS
Column Name found in Datamart and Curated Table :: APPROXIMATESTARTDATE
Column Name found in Datamart and Curated Table :: CREATEDON
Column Name found in Datamart and Curated Table :: CUSTOMER_ID
Column Name found in Datamart and Curated Table :: NOCHARGE
Column Name found in Datamart and Curated Table :: NUMBER
Column Name found in Datamart and Curated Table :: SMARTDISPATCHDATA_JOB
Column Name found in Datamart and Curated Table :: TOTAL
Column Name found in Datamart and Curated Table :: NOTIFICATIONSENABLED
Column Name found in Datamart and Curated Table :: PMDATE
Column Name found in Datamart and Curated Table :: ACTIVE
Column Name found in Datamart and Curated Table :: DRIVETIME
Column Name found in Datamart and Curated Table :: MANAGEEMPLOYEEEMAIL
Column Name found in Datamart and Curated Table :: SUMMARY
Column Name found in Datamart and Curated Table :: END
Column Name found in Datamart and Curated Table :: RECALLFOR_ID
Column Name found in Datamart and Curated Table :: WARRANTYFOR_ID
Column Name found in Datamart and Curated Table :: CAMPAIGN_ID
Column Name found in Datamart and Curated Table :: ISCONFIRMED
Column Name found in Datamart and Curated Table :: ISPREVAILINGWAGE
Column Name found in Datamart and Curated Table :: ISTECHNICIANSPECIFIC
Column Name found in Datamart and Curated Table :: UNION
Column Name found in Datamart and Curated Table :: PLANEND
Column Name found in Datamart and Curated Table :: MANAGEFOLLOWUPEMAIL
Column Name found in Datamart and Curated Table :: PREVAILINGWAGECODE_ID
Column Name found in Datamart and Curated Table :: ALLOTTEDTIME
Column Name found in Datamart and Curated Table :: BUSINESSUNIT_ID
Column Name found in Datamart and Curated Table :: CREATEDFROMESTIMATESTATUSWHENBOOKING
Column Name found in Datamart and Curated Table :: EXTERNALID
Column Name found in Datamart and Curated Table :: GENERATEDFROM_ID
Column Name found in Datamart and Curated Table :: IMPORTID
Column Name found in Datamart and Curated Table :: NOCHARGESOURCE
Column Name found in Datamart and Curated Table :: REASSIGNMENTPENALTY
Column Name found in Datamart and Curated Table :: SOLDBY_ID
Column Name found in Datamart and Curated Table :: ESTIMATEDCOST
Column Name found in Datamart and Curated Table :: PRIORITY
Column Name found in Datamart and Curated Table :: OPPORTUNITY_ID
Column Name found in Datamart and Curated Table :: LASTAPPOINTMENT_ID
Column Name found in Datamart and Curated Table :: PREDICTEDTOTAL
Datamart tables contains additional column name like [ACTIVE_FLAG, RECORD_CREATE_DATE, RECORD_UPDATE_DATE, RECORD_UPDATE_DATE, MASTER_ID, TENANT_TYPE]
Curated tables contains additional column name like [RECORD_CREATE_DATE, RECORD_UPDATE_DATE, RECORD_UPDATED_BY, TENANT_TYPE]]]>
  </system-out>
  <testcase classname="testcases.RAW_DATAMART_CURATED.SnowFlake_ColumnValidation_BKPTables" name="validateColumnName_BKP" time="2.120"/>
  <system-out>
    <![CDATA[Executing Snowflake query :: SELECT COLUMN_NAME FROM DEV_ENT_RAW.INFORMATION_SCHEMA.COLUMNS WHERE TABLE_NAME='CALLREASON'and TABLE_SCHEMA='ST_HENDERSON_MATILLION'
Executing Snowflake query :: SELECT COLUMN_NAME FROM CURATED_DATAMART.INFORMATION_SCHEMA.COLUMNS WHERE TABLE_NAME='STR_CALLREASON'and TABLE_SCHEMA='ST_BKP_HENDERSON'
Executing Snowflake query :: SELECT COLUMN_NAME FROM DEV_ENT_CURATED.INFORMATION_SCHEMA.COLUMNS WHERE TABLE_NAME='DIM_CALLREASON'and TABLE_SCHEMA='MASTER_DIMENSIONS'
Column names for RAW Table --> CALLREASON :: [LEAD, MODIFIEDON, ACTIVE, ID, NAME, CREATEDON, CREATEDBY_ID, IMPORTID]
Column names for DataMart Table --> STR_CALLREASON :: [LEAD, ACTIVE_FLAG, MASTER_ID, RECORD_UPDATE_DATE, NAME, CREATEDBY_ID, ACTIVE, MODIFIEDON, TENANT_TYPE, ID, IMPORTID, RECORD_CREATE_DATE, CREATEDON]
Column names for Curated Table --> DIM_CALLREASON :: [CREATEDBY_ID, RECORD_CREATE_DATE, MODIFIEDON, LEAD, RECORD_UPDATED_BY, ACTIVE, ID, CREATEDON, IMPORTID, NAME, TENANT_TYPE, RECORD_UPDATE_DATE]
Column Name found in Datamart and Curated Table :: LEAD
Column Name found in Datamart and Curated Table :: MODIFIEDON
Column Name found in Datamart and Curated Table :: ACTIVE
Column Name found in Datamart and Curated Table :: ID
Column Name found in Datamart and Curated Table :: NAME
Column Name found in Datamart and Curated Table :: CREATEDON
Column Name found in Datamart and Curated Table :: CREATEDBY_ID
Column Name found in Datamart and Curated Table :: IMPORTID
Datamart tables contains additional column name like [ACTIVE_FLAG, RECORD_CREATE_DATE, RECORD_UPDATE_DATE, RECORD_UPDATE_DATE, MASTER_ID, TENANT_TYPE]
Curated tables contains additional column name like [RECORD_CREATE_DATE, RECORD_UPDATE_DATE, RECORD_UPDATED_BY, TENANT_TYPE]]]>
  </system-out>
  <testcase classname="testcases.RAW_DATAMART_CURATED.SnowFlake_ColumnValidation_BKPTables" name="validateColumnName_BKP" time="2.144"/>
  <system-out>
    <![CDATA[Executing Snowflake query :: SELECT COLUMN_NAME FROM DEV_ENT_RAW.INFORMATION_SCHEMA.COLUMNS WHERE TABLE_NAME='INVOICEITEM'and TABLE_SCHEMA='ST_HENDERSON_MATILLION'
Executing Snowflake query :: SELECT COLUMN_NAME FROM CURATED_DATAMART.INFORMATION_SCHEMA.COLUMNS WHERE TABLE_NAME='STR_INVOICEITEM'and TABLE_SCHEMA='ST_BKP_HENDERSON'
Executing Snowflake query :: SELECT COLUMN_NAME FROM DEV_ENT_CURATED.INFORMATION_SCHEMA.COLUMNS WHERE TABLE_NAME='DIM_INVOICEITEM'and TABLE_SCHEMA='MASTER_DIMENSIONS'
Column names for RAW Table --> INVOICEITEM :: [ADDONFLATAMOUNT, ESTIMATEITEM_ID, MODIFIEDON, NOTAX, ID, PAYSSOLDBYRATE, PROCUREDFROMESTIMATEITEM_ID, TECHNICIANFORBASERATE2_ID, PROJECTORDER, TECHNICIANSPLIT3, BASERATE2, CHARGEABLE, EQUIPMENT_ID, SCHEDULEDFLATAMOUNT, SKUREFERENCE_SKUID, TAXABLE, ISUNITPRICEMANUALLYSET, MEMBERPRICE, SKU_ID, INVENTORYBATCH_ID, BUSINESSUNIT_ID, COSTOFSALEACCOUNT_ID, CROSSSALEGROUP, DATECREATED, DEDUCTASJOBCOST, DISPLAYINAMOUNT, ORDER, PROCUREMENTSOURCE_REQUISITIONITEMID, TECHNICIANFORBASERATE1_ID, COMMISSIONBONUS, CREATEDON, EXPORTID, TECHNICIANFORBASERATE3_ID, MARKUP, ACTIVE, BASERATE3, BONUS, INVENTORYSTATUS, USEDMATERIAL_ID, MEMBERSHIPWORKFLOWACTION, PROCUREMENTSOURCE_PURCHASEORDERITEMID, INVENTORYWAREHOUSENAME, INVENTORYLOCATION_ID, PROCUREMENTSOURCE_SOURCETYPE, INVOICE_ID, PROCUREMENTSOURCE_ESTIMATEITEMID, AUTOGLASSITEM_ID, CREATEDBY_ID, DESCRIPTION, ITEMGROUPROOT_ID, PAYTECHSPECIFICBONUS, PRICEMODIFIER_ID, QUANTITY, SOLDHOURS, TECHNICIANACKNOWLEDGEMENTSIGNATURE, ISOTTASK, SOURCETYPE, TECHNICIANSPLIT2, TOTALCOST, GENERALLEDGERACCOUNT_ID, ACCOUNT, COST, SKUREFERENCE_SKUTYPE, TECHNICIAN_ID, ISADDON, PROCUREDFROM_ID, TECHNICIANSPLIT1, UNITPRICE, WORKFLOWACTION_ID, ITEMGROUPNAME, SKUNAME, ALLOWDISCOUNTS, BASERATE1, HOURS, IMPORTID, ISINVENTORY, PAYSCOMMISSION, PROJECTLABELS, SIGNATURE, LASTUNITPRICESETBYEMPLOYEE, PARENTITEM_ID, PAYSFLATAMOUNT, STANDARDPRICE, TOTAL, SOLDBY_ID, SOLDBYCOMMISSION]
Column names for DataMart Table --> STR_INVOICEITEM :: [BASERATE2, BASERATE3, DESCRIPTION, ISUNITPRICEMANUALLYSET, PROCUREMENTSOURCE_REQUISITIONITEMID, TECHNICIANFORBASERATE2_ID, MEMBERPRICE, PROCUREDFROMESTIMATEITEM_ID, PROCUREDFROM_ID, SKUNAME, TOTAL, PROJECTORDER, STANDARDPRICE, ACTIVE_FLAG, ADDONFLATAMOUNT, BASERATE1, CREATEDBY_ID, CREATEDON, MODIFIEDON, SKUREFERENCE_SKUTYPE, TECHNICIANACKNOWLEDGEMENTSIGNATURE, ESTIMATEITEM_ID, PAYSFLATAMOUNT, PROJECTLABELS, SCHEDULEDFLATAMOUNT, SOLDBY_ID, UNITPRICE, SKU_ID, ALLOWDISCOUNTS, CHARGEABLE, ITEMGROUPROOT_ID, PROCUREMENTSOURCE_PURCHASEORDERITEMID, RECORD_UPDATE_DATE, DEDUCTASJOBCOST, EXPORTID, INVENTORYSTATUS, PARENTITEM_ID, PROCUREMENTSOURCE_SOURCETYPE, QUANTITY, INVENTORYLOCATION_ID, IMPORTID, SIGNATURE, BONUS, PROCUREMENTSOURCE_ESTIMATEITEMID, SOURCETYPE, TECHNICIANSPLIT1, TOTALCOST, ACCOUNT, AUTOGLASSITEM_ID, BUSINESSUNIT_ID, DISPLAYINAMOUNT, ID, INVENTORYWAREHOUSENAME, NOTAX, PRICEMODIFIER_ID, RECORD_CREATE_DATE, TAXABLE, PAYSCOMMISSION, TECHNICIANSPLIT2, TECHNICIANSPLIT3, USEDMATERIAL_ID, ACTIVE, CROSSSALEGROUP, EQUIPMENT_ID, MARKUP, MEMBERSHIPWORKFLOWACTION, PAYSSOLDBYRATE, SKUREFERENCE_SKUID, TENANT_TYPE, GENERALLEDGERACCOUNT_ID, INVOICE_ID, PAYTECHSPECIFICBONUS, ITEMGROUPNAME, COST, ISADDON, LASTUNITPRICESETBYEMPLOYEE, MASTER_ID, COSTOFSALEACCOUNT_ID, SOLDHOURS, TECHNICIANFORBASERATE1_ID, TECHNICIANFORBASERATE3_ID, HOURS, SOLDBYCOMMISSION, COMMISSIONBONUS, INVENTORYBATCH_ID, ISOTTASK, TECHNICIAN_ID, DATECREATED, ORDER, WORKFLOWACTION_ID, ISINVENTORY]
Column names for Curated Table --> DIM_INVOICEITEM :: [BASERATE2, COST, CROSSSALEGROUP, ISOTTASK, MEMBERPRICE, ORDER, QUANTITY, TOTALCOST, ISUNITPRICEMANUALLYSET, PARENTITEM_ID, PAYSSOLDBYRATE, PAYSCOMMISSION, GENERALLEDGERACCOUNT_ID, BASERATE1, INVENTORYBATCH_ID, INVOICE_ID, SKUREFERENCE_SKUID, BASERATE3, EXPORTID, ISINVENTORY, SKU_ID, INVENTORYSTATUS, SOLDHOURS, TECHNICIAN_ID, TECHNICIANFORBASERATE2_ID, ACCOUNT, ALLOWDISCOUNTS, COMMISSIONBONUS, CREATEDON, IMPORTID, ISADDON, PROCUREMENTSOURCE_SOURCETYPE, NOTAX, PROJECTLABELS, SOLDBY_ID, TECHNICIANFORBASERATE1_ID, TECHNICIANSPLIT1, PAYSFLATAMOUNT, UNITPRICE, BONUS, COSTOFSALEACCOUNT_ID, CREATEDBY_ID, DISPLAYINAMOUNT, PAYTECHSPECIFICBONUS, PRICEMODIFIER_ID, TECHNICIANACKNOWLEDGEMENTSIGNATURE, TECHNICIANSPLIT3, PROCUREMENTSOURCE_PURCHASEORDERITEMID, PROCUREMENTSOURCE_REQUISITIONITEMID, PROJECTORDER, DATECREATED, TECHNICIANFORBASERATE3_ID, ACTIVE, ADDONFLATAMOUNT, BUSINESSUNIT_ID, CHARGEABLE, EQUIPMENT_ID, INVENTORYLOCATION_ID, INVENTORYWAREHOUSENAME, ITEMGROUPNAME, ITEMGROUPROOT_ID, RECORD_UPDATE_DATE, MODIFIEDON, PROCUREDFROM_ID, SCHEDULEDFLATAMOUNT, PROCUREMENTSOURCE_ESTIMATEITEMID, TAXABLE, PROCUREDFROMESTIMATEITEM_ID, AUTOGLASSITEM_ID, HOURS, LASTUNITPRICESETBYEMPLOYEE, MARKUP, USEDMATERIAL_ID, MEMBERSHIPWORKFLOWACTION, SKUREFERENCE_SKUTYPE, SOLDBYCOMMISSION, SOURCETYPE, RECORD_UPDATED_BY, WORKFLOWACTION_ID, DEDUCTASJOBCOST, DESCRIPTION, ESTIMATEITEM_ID, STANDARDPRICE, TECHNICIANSPLIT2, TOTAL, ID, RECORD_CREATE_DATE, SIGNATURE, SKUNAME, TENANT_TYPE]
Column Name found in Datamart and Curated Table :: ADDONFLATAMOUNT
Column Name found in Datamart and Curated Table :: ESTIMATEITEM_ID
Column Name found in Datamart and Curated Table :: MODIFIEDON
Column Name found in Datamart and Curated Table :: NOTAX
Column Name found in Datamart and Curated Table :: ID
Column Name found in Datamart and Curated Table :: PAYSSOLDBYRATE
Column Name found in Datamart and Curated Table :: PROCUREDFROMESTIMATEITEM_ID
Column Name found in Datamart and Curated Table :: TECHNICIANFORBASERATE2_ID
Column Name found in Datamart and Curated Table :: PROJECTORDER
Column Name found in Datamart and Curated Table :: TECHNICIANSPLIT3
Column Name found in Datamart and Curated Table :: BASERATE2
Column Name found in Datamart and Curated Table :: CHARGEABLE
Column Name found in Datamart and Curated Table :: EQUIPMENT_ID
Column Name found in Datamart and Curated Table :: SCHEDULEDFLATAMOUNT
Column Name found in Datamart and Curated Table :: SKUREFERENCE_SKUID
Column Name found in Datamart and Curated Table :: TAXABLE
Column Name found in Datamart and Curated Table :: ISUNITPRICEMANUALLYSET
Column Name found in Datamart and Curated Table :: MEMBERPRICE
Column Name found in Datamart and Curated Table :: SKU_ID
Column Name found in Datamart and Curated Table :: INVENTORYBATCH_ID
Column Name found in Datamart and Curated Table :: BUSINESSUNIT_ID
Column Name found in Datamart and Curated Table :: COSTOFSALEACCOUNT_ID
Column Name found in Datamart and Curated Table :: CROSSSALEGROUP
Column Name found in Datamart and Curated Table :: DATECREATED
Column Name found in Datamart and Curated Table :: DEDUCTASJOBCOST
Column Name found in Datamart and Curated Table :: DISPLAYINAMOUNT
Column Name found in Datamart and Curated Table :: ORDER
Column Name found in Datamart and Curated Table :: PROCUREMENTSOURCE_REQUISITIONITEMID
Column Name found in Datamart and Curated Table :: TECHNICIANFORBASERATE1_ID
Column Name found in Datamart and Curated Table :: COMMISSIONBONUS
Column Name found in Datamart and Curated Table :: CREATEDON
Column Name found in Datamart and Curated Table :: EXPORTID
Column Name found in Datamart and Curated Table :: TECHNICIANFORBASERATE3_ID
Column Name found in Datamart and Curated Table :: MARKUP
Column Name found in Datamart and Curated Table :: ACTIVE
Column Name found in Datamart and Curated Table :: BASERATE3
Column Name found in Datamart and Curated Table :: BONUS
Column Name found in Datamart and Curated Table :: INVENTORYSTATUS
Column Name found in Datamart and Curated Table :: USEDMATERIAL_ID
Column Name found in Datamart and Curated Table :: MEMBERSHIPWORKFLOWACTION
Column Name found in Datamart and Curated Table :: PROCUREMENTSOURCE_PURCHASEORDERITEMID
Column Name found in Datamart and Curated Table :: INVENTORYWAREHOUSENAME
Column Name found in Datamart and Curated Table :: INVENTORYLOCATION_ID
Column Name found in Datamart and Curated Table :: PROCUREMENTSOURCE_SOURCETYPE
Column Name found in Datamart and Curated Table :: INVOICE_ID
Column Name found in Datamart and Curated Table :: PROCUREMENTSOURCE_ESTIMATEITEMID
Column Name found in Datamart and Curated Table :: AUTOGLASSITEM_ID
Column Name found in Datamart and Curated Table :: CREATEDBY_ID
Column Name found in Datamart and Curated Table :: DESCRIPTION
Column Name found in Datamart and Curated Table :: ITEMGROUPROOT_ID
Column Name found in Datamart and Curated Table :: PAYTECHSPECIFICBONUS
Column Name found in Datamart and Curated Table :: PRICEMODIFIER_ID
Column Name found in Datamart and Curated Table :: QUANTITY
Column Name found in Datamart and Curated Table :: SOLDHOURS
Column Name found in Datamart and Curated Table :: TECHNICIANACKNOWLEDGEMENTSIGNATURE
Column Name found in Datamart and Curated Table :: ISOTTASK
Column Name found in Datamart and Curated Table :: SOURCETYPE
Column Name found in Datamart and Curated Table :: TECHNICIANSPLIT2
Column Name found in Datamart and Curated Table :: TOTALCOST
Column Name found in Datamart and Curated Table :: GENERALLEDGERACCOUNT_ID
Column Name found in Datamart and Curated Table :: ACCOUNT
Column Name found in Datamart and Curated Table :: COST
Column Name found in Datamart and Curated Table :: SKUREFERENCE_SKUTYPE
Column Name found in Datamart and Curated Table :: TECHNICIAN_ID
Column Name found in Datamart and Curated Table :: ISADDON
Column Name found in Datamart and Curated Table :: PROCUREDFROM_ID
Column Name found in Datamart and Curated Table :: TECHNICIANSPLIT1
Column Name found in Datamart and Curated Table :: UNITPRICE
Column Name found in Datamart and Curated Table :: WORKFLOWACTION_ID
Column Name found in Datamart and Curated Table :: ITEMGROUPNAME
Column Name found in Datamart and Curated Table :: SKUNAME
Column Name found in Datamart and Curated Table :: ALLOWDISCOUNTS
Column Name found in Datamart and Curated Table :: BASERATE1
Column Name found in Datamart and Curated Table :: HOURS
Column Name found in Datamart and Curated Table :: IMPORTID
Column Name found in Datamart and Curated Table :: ISINVENTORY
Column Name found in Datamart and Curated Table :: PAYSCOMMISSION
Column Name found in Datamart and Curated Table :: PROJECTLABELS
Column Name found in Datamart and Curated Table :: SIGNATURE
Column Name found in Datamart and Curated Table :: LASTUNITPRICESETBYEMPLOYEE
Column Name found in Datamart and Curated Table :: PARENTITEM_ID
Column Name found in Datamart and Curated Table :: PAYSFLATAMOUNT
Column Name found in Datamart and Curated Table :: STANDARDPRICE
Column Name found in Datamart and Curated Table :: TOTAL
Column Name found in Datamart and Curated Table :: SOLDBY_ID
Column Name found in Datamart and Curated Table :: SOLDBYCOMMISSION
Datamart tables contains additional column name like [ACTIVE_FLAG, RECORD_CREATE_DATE, RECORD_UPDATE_DATE, RECORD_UPDATE_DATE, MASTER_ID, TENANT_TYPE]
Curated tables contains additional column name like [RECORD_CREATE_DATE, RECORD_UPDATE_DATE, RECORD_UPDATED_BY, TENANT_TYPE]]]>
  </system-out>
  <testcase classname="testcases.RAW_DATAMART_CURATED.SnowFlake_ColumnValidation_BKPTables" name="validateColumnName_BKP" time="2.361"/>
  <system-out>
    <![CDATA[Executing Snowflake query :: SELECT COLUMN_NAME FROM DEV_ENT_RAW.INFORMATION_SCHEMA.COLUMNS WHERE TABLE_NAME='CAMPAIGN'and TABLE_SCHEMA='ST_GOLDMEDAL_MATILLION'
Executing Snowflake query :: SELECT COLUMN_NAME FROM CURATED_DATAMART.INFORMATION_SCHEMA.COLUMNS WHERE TABLE_NAME='STR_CAMPAIGN'and TABLE_SCHEMA='ST_BKP_GOLDMEDAL'
Executing Snowflake query :: SELECT COLUMN_NAME FROM DEV_ENT_CURATED.INFORMATION_SCHEMA.COLUMNS WHERE TABLE_NAME='DIM_CAMPAIGN'and TABLE_SCHEMA='MASTER_DIMENSIONS'
Column names for RAW Table --> CAMPAIGN :: [BUSINESSUNIT_ID, CATEGORY_ID, COST, IMAGE, DNIS, NAME, MODIFIEDBY_ID, CREATEDON, ACTIVE, CREATEDBY_ID, IMPORTID, MODIFIEDON, ID]
Column names for DataMart Table --> STR_CAMPAIGN :: [ACTIVE_FLAG, CATEGORY_ID, CREATEDBY_ID, COST, NAME, RECORD_UPDATE_DATE, TENANT_TYPE, RECORD_CREATE_DATE, ACTIVE, IMPORTID, IMAGE, BUSINESSUNIT_ID, CREATEDON, ID, MODIFIEDBY_ID, DNIS, MASTER_ID, MODIFIEDON]
Column names for Curated Table --> DIM_CAMPAIGN :: [IMAGE, MODIFIEDBY_ID, CATEGORY_ID, NAME, RECORD_CREATE_DATE, ACTIVE, COST, CREATEDBY_ID, IMPORTID, CREATEDON, BUSINESSUNIT_ID, ID, RECORD_UPDATED_BY, MODIFIEDON, DNIS, RECORD_UPDATE_DATE, TENANT_TYPE]
Column Name found in Datamart and Curated Table :: BUSINESSUNIT_ID
Column Name found in Datamart and Curated Table :: CATEGORY_ID
Column Name found in Datamart and Curated Table :: COST
Column Name found in Datamart and Curated Table :: IMAGE
Column Name found in Datamart and Curated Table :: DNIS
Column Name found in Datamart and Curated Table :: NAME
Column Name found in Datamart and Curated Table :: MODIFIEDBY_ID
Column Name found in Datamart and Curated Table :: CREATEDON
Column Name found in Datamart and Curated Table :: ACTIVE
Column Name found in Datamart and Curated Table :: CREATEDBY_ID
Column Name found in Datamart and Curated Table :: IMPORTID
Column Name found in Datamart and Curated Table :: MODIFIEDON
Column Name found in Datamart and Curated Table :: ID
Datamart tables contains additional column name like [ACTIVE_FLAG, RECORD_CREATE_DATE, RECORD_UPDATE_DATE, RECORD_UPDATE_DATE, MASTER_ID, TENANT_TYPE]
Curated tables contains additional column name like [RECORD_CREATE_DATE, RECORD_UPDATE_DATE, RECORD_UPDATED_BY, TENANT_TYPE]]]>
  </system-out>
  <testcase classname="testcases.RAW_DATAMART_CURATED.SnowFlake_ColumnValidation_BKPTables" name="validateColumnName_BKP" time="3.006"/>
  <system-out>
    <![CDATA[Executing Snowflake query :: SELECT COLUMN_NAME FROM DEV_ENT_RAW.INFORMATION_SCHEMA.COLUMNS WHERE TABLE_NAME='PAYMENTSPLIT'and TABLE_SCHEMA='ST_FOURPROS_MATILLION'
Executing Snowflake query :: SELECT COLUMN_NAME FROM CURATED_DATAMART.INFORMATION_SCHEMA.COLUMNS WHERE TABLE_NAME='STR_PAYMENTSPLIT'and TABLE_SCHEMA='ST_BKP_FOURPROS'
Executing Snowflake query :: SELECT COLUMN_NAME FROM DEV_ENT_CURATED.INFORMATION_SCHEMA.COLUMNS WHERE TABLE_NAME='DIM_PAYMENTSPLIT'and TABLE_SCHEMA='MASTER_DIMENSIONS'
Column names for RAW Table --> PAYMENTSPLIT :: [ID, ACTIVE, CREATEDBY_ID, CREATEDON, IMPORTID, INVOICE_ID, PAYSELLERCOMMISSION, PAYMENT_ID, MODIFIEDON, AMOUNT]
Column names for DataMart Table --> STR_PAYMENTSPLIT :: [AMOUNT, MODIFIEDON, CREATEDON, MASTER_ID, PAYSELLERCOMMISSION, CREATEDBY_ID, RECORD_UPDATE_DATE, ID, RECORD_CREATE_DATE, ACTIVE_FLAG, TENANT_TYPE, ACTIVE, PAYMENT_ID, IMPORTID, INVOICE_ID]
Column names for Curated Table --> DIM_PAYMENTSPLIT :: [IMPORTID, PAYSELLERCOMMISSION, CREATEDON, PAYMENT_ID, TENANT_TYPE, MODIFIEDON, AMOUNT, CREATEDBY_ID, INVOICE_ID, ID, RECORD_UPDATED_BY, RECORD_UPDATE_DATE, ACTIVE, RECORD_CREATE_DATE]
Column Name found in Datamart and Curated Table :: ID
Column Name found in Datamart and Curated Table :: ACTIVE
Column Name found in Datamart and Curated Table :: CREATEDBY_ID
Column Name found in Datamart and Curated Table :: CREATEDON
Column Name found in Datamart and Curated Table :: IMPORTID
Column Name found in Datamart and Curated Table :: INVOICE_ID
Column Name found in Datamart and Curated Table :: PAYSELLERCOMMISSION
Column Name found in Datamart and Curated Table :: PAYMENT_ID
Column Name found in Datamart and Curated Table :: MODIFIEDON
Column Name found in Datamart and Curated Table :: AMOUNT
Datamart tables contains additional column name like [ACTIVE_FLAG, RECORD_CREATE_DATE, RECORD_UPDATE_DATE, RECORD_UPDATE_DATE, MASTER_ID, TENANT_TYPE]
Curated tables contains additional column name like [RECORD_CREATE_DATE, RECORD_UPDATE_DATE, RECORD_UPDATED_BY, TENANT_TYPE]]]>
  </system-out>
  <testcase classname="testcases.RAW_DATAMART_CURATED.SnowFlake_ColumnValidation_BKPTables" name="validateColumnName_BKP" time="2.340"/>
  <system-out>
    <![CDATA[Executing Snowflake query :: SELECT COLUMN_NAME FROM DEV_ENT_RAW.INFORMATION_SCHEMA.COLUMNS WHERE TABLE_NAME='CAMPAIGN'and TABLE_SCHEMA='ST_FOURPROS_MATILLION'
Executing Snowflake query :: SELECT COLUMN_NAME FROM CURATED_DATAMART.INFORMATION_SCHEMA.COLUMNS WHERE TABLE_NAME='STR_CAMPAIGN'and TABLE_SCHEMA='ST_BKP_FOURPROS'
Executing Snowflake query :: SELECT COLUMN_NAME FROM DEV_ENT_CURATED.INFORMATION_SCHEMA.COLUMNS WHERE TABLE_NAME='DIM_CAMPAIGN'and TABLE_SCHEMA='MASTER_DIMENSIONS'
Column names for RAW Table --> CAMPAIGN :: [IMPORTID, MODIFIEDON, NAME, BUSINESSUNIT_ID, CATEGORY_ID, IMAGE, ACTIVE, DNIS, MODIFIEDBY_ID, COST, CREATEDBY_ID, CREATEDON, ID]
Column names for DataMart Table --> STR_CAMPAIGN :: [ACTIVE_FLAG, BUSINESSUNIT_ID, COST, ID, IMPORTID, RECORD_UPDATE_DATE, ACTIVE, DNIS, CREATEDON, RECORD_CREATE_DATE, MASTER_ID, MODIFIEDBY_ID, NAME, CREATEDBY_ID, CATEGORY_ID, IMAGE, TENANT_TYPE, MODIFIEDON]
Column names for Curated Table --> DIM_CAMPAIGN :: [IMAGE, MODIFIEDBY_ID, CATEGORY_ID, NAME, RECORD_CREATE_DATE, ACTIVE, COST, CREATEDBY_ID, IMPORTID, CREATEDON, BUSINESSUNIT_ID, ID, RECORD_UPDATED_BY, MODIFIEDON, DNIS, RECORD_UPDATE_DATE, TENANT_TYPE]
Column Name found in Datamart and Curated Table :: IMPORTID
Column Name found in Datamart and Curated Table :: MODIFIEDON
Column Name found in Datamart and Curated Table :: NAME
Column Name found in Datamart and Curated Table :: BUSINESSUNIT_ID
Column Name found in Datamart and Curated Table :: CATEGORY_ID
Column Name found in Datamart and Curated Table :: IMAGE
Column Name found in Datamart and Curated Table :: ACTIVE
Column Name found in Datamart and Curated Table :: DNIS
Column Name found in Datamart and Curated Table :: MODIFIEDBY_ID
Column Name found in Datamart and Curated Table :: COST
Column Name found in Datamart and Curated Table :: CREATEDBY_ID
Column Name found in Datamart and Curated Table :: CREATEDON
Column Name found in Datamart and Curated Table :: ID
Datamart tables contains additional column name like [ACTIVE_FLAG, RECORD_CREATE_DATE, RECORD_UPDATE_DATE, RECORD_UPDATE_DATE, MASTER_ID, TENANT_TYPE]
Curated tables contains additional column name like [RECORD_CREATE_DATE, RECORD_UPDATE_DATE, RECORD_UPDATED_BY, TENANT_TYPE]]]>
  </system-out>
  <testcase classname="testcases.RAW_DATAMART_CURATED.SnowFlake_ColumnValidation_BKPTables" name="validateColumnName_BKP" time="3.990"/>
  <system-out>
    <![CDATA[Executing Snowflake query :: SELECT COLUMN_NAME FROM DEV_ENT_RAW.INFORMATION_SCHEMA.COLUMNS WHERE TABLE_NAME='HOLDJOBREASON'and TABLE_SCHEMA='ST_EANESHEATING_MATILLION'
Executing Snowflake query :: SELECT COLUMN_NAME FROM CURATED_DATAMART.INFORMATION_SCHEMA.COLUMNS WHERE TABLE_NAME='STR_HOLDJOBREASON'and TABLE_SCHEMA='ST_BKP_EANESHEATING'
Executing Snowflake query :: SELECT COLUMN_NAME FROM DEV_ENT_CURATED.INFORMATION_SCHEMA.COLUMNS WHERE TABLE_NAME='DIM_HOLDJOBREASON'and TABLE_SCHEMA='MASTER_DIMENSIONS'
Column names for RAW Table --> HOLDJOBREASON :: [MODIFIEDON, ACTIVE, ID, NAME, CREATEDON, IMPORTID, CREATEDBY_ID]
Column names for DataMart Table --> STR_HOLDJOBREASON :: [ACTIVE_FLAG, TENANT_TYPE, RECORD_UPDATE_DATE, CREATEDON, ID, IMPORTID, MODIFIEDON, RECORD_CREATE_DATE, ACTIVE, CREATEDBY_ID, MASTER_ID, NAME]
Column names for Curated Table --> DIM_HOLDJOBREASON :: [ACTIVE, ID, NAME, RECORD_UPDATED_BY, CREATEDON, MODIFIEDON, RECORD_CREATE_DATE, RECORD_UPDATE_DATE, TENANT_TYPE, IMPORTID, CREATEDBY_ID]
Column Name found in Datamart and Curated Table :: MODIFIEDON
Column Name found in Datamart and Curated Table :: ACTIVE
Column Name found in Datamart and Curated Table :: ID
Column Name found in Datamart and Curated Table :: NAME
Column Name found in Datamart and Curated Table :: CREATEDON
Column Name found in Datamart and Curated Table :: IMPORTID
Column Name found in Datamart and Curated Table :: CREATEDBY_ID
Datamart tables contains additional column name like [ACTIVE_FLAG, RECORD_CREATE_DATE, RECORD_UPDATE_DATE, RECORD_UPDATE_DATE, MASTER_ID, TENANT_TYPE]
Curated tables contains additional column name like [RECORD_CREATE_DATE, RECORD_UPDATE_DATE, RECORD_UPDATED_BY, TENANT_TYPE]]]>
  </system-out>
  <testcase classname="testcases.RAW_DATAMART_CURATED.SnowFlake_ColumnValidation_BKPTables" name="validateColumnName_BKP" time="2.562"/>
  <system-out>
    <![CDATA[Executing Snowflake query :: SELECT COLUMN_NAME FROM DEV_ENT_RAW.INFORMATION_SCHEMA.COLUMNS WHERE TABLE_NAME='VENDOR'and TABLE_SCHEMA='ST_HDAIR_MATILLION'
Executing Snowflake query :: SELECT COLUMN_NAME FROM CURATED_DATAMART.INFORMATION_SCHEMA.COLUMNS WHERE TABLE_NAME='STR_VENDOR'and TABLE_SCHEMA='ST_BKP_HDAIR'
Executing Snowflake query :: SELECT COLUMN_NAME FROM DEV_ENT_CURATED.INFORMATION_SCHEMA.COLUMNS WHERE TABLE_NAME='DIM_VENDOR'and TABLE_SCHEMA='MASTER_DIMENSIONS'
Column names for RAW Table --> VENDOR :: [CREATEDBY_ID, VENDORADDRESS_LONGITUDE, ADDRESS, EXTERNALID, MODIFIEDON, VENDORADDRESS_STATE, ACTIVE, CREATEDON, ID, PHONE, REMITTANCEVENDOR_ID, RESTRICTEDMOBILECREATION, VENDORADDRESS_ZIP, EMAIL, FAX, TAXRATE, VENDORADDRESS_LATITUDE, DELIVERYOPTION, LASTNAME, ISTRUCKREPLENISHMENT, VENDORADDRESS_ISMILITARY, FIRSTNAME, MEMO, NAME, VENDORADDRESS_CITY, VENDORADDRESS_ISMANUALCOORDINATES, IMPORTID, PAYMENTTERM_ID, VENDORADDRESS_COUNTRY, VENDORADDRESS_STREET, VENDORADDRESS_UNIT, VENDORQUICKBOOKSITEM]
Column names for DataMart Table --> STR_VENDOR :: [ACTIVE, EXTERNALID, ID, ISTRUCKREPLENISHMENT, RECORD_CREATE_DATE, VENDORADDRESS_LATITUDE, VENDORADDRESS_COUNTRY, VENDORADDRESS_ISMILITARY, CREATEDBY_ID, CREATEDON, FIRSTNAME, NAME, PHONE, EMAIL, FAX, TAXRATE, VENDORADDRESS_STREET, MODIFIEDON, RESTRICTEDMOBILECREATION, VENDORADDRESS_LONGITUDE, VENDORQUICKBOOKSITEM, VENDORADDRESS_UNIT, ACTIVE_FLAG, ADDRESS, MEMO, RECORD_UPDATE_DATE, VENDORADDRESS_CITY, VENDORADDRESS_ZIP, REMITTANCEVENDOR_ID, VENDORADDRESS_ISMANUALCOORDINATES, IMPORTID, MASTER_ID, DELIVERYOPTION, LASTNAME, TENANT_TYPE, VENDORADDRESS_STATE, PAYMENTTERM_ID]
Column names for Curated Table --> DIM_VENDOR :: [DELIVERYOPTION, EXTERNALID, VENDORADDRESS_LATITUDE, VENDORADDRESS_ISMILITARY, VENDORADDRESS_STREET, EMAIL, ID, MEMO, PHONE, TAXRATE, VENDORADDRESS_ZIP, VENDORADDRESS_CITY, ACTIVE, ADDRESS, FAX, ISTRUCKREPLENISHMENT, VENDORADDRESS_STATE, REMITTANCEVENDOR_ID, FIRSTNAME, NAME, VENDORADDRESS_COUNTRY, LASTNAME, RECORD_UPDATE_DATE, VENDORADDRESS_UNIT, MODIFIEDON, CREATEDBY_ID, RECORD_CREATE_DATE, TENANT_TYPE, VENDORADDRESS_LONGITUDE, CREATEDON, IMPORTID, VENDORADDRESS_ISMANUALCOORDINATES, RESTRICTEDMOBILECREATION, PAYMENTTERM_ID, RECORD_UPDATED_BY, VENDORQUICKBOOKSITEM]
Column Name found in Datamart and Curated Table :: CREATEDBY_ID
Column Name found in Datamart and Curated Table :: VENDORADDRESS_LONGITUDE
Column Name found in Datamart and Curated Table :: ADDRESS
Column Name found in Datamart and Curated Table :: EXTERNALID
Column Name found in Datamart and Curated Table :: MODIFIEDON
Column Name found in Datamart and Curated Table :: VENDORADDRESS_STATE
Column Name found in Datamart and Curated Table :: ACTIVE
Column Name found in Datamart and Curated Table :: CREATEDON
Column Name found in Datamart and Curated Table :: ID
Column Name found in Datamart and Curated Table :: PHONE
Column Name found in Datamart and Curated Table :: REMITTANCEVENDOR_ID
Column Name found in Datamart and Curated Table :: RESTRICTEDMOBILECREATION
Column Name found in Datamart and Curated Table :: VENDORADDRESS_ZIP
Column Name found in Datamart and Curated Table :: EMAIL
Column Name found in Datamart and Curated Table :: FAX
Column Name found in Datamart and Curated Table :: TAXRATE
Column Name found in Datamart and Curated Table :: VENDORADDRESS_LATITUDE
Column Name found in Datamart and Curated Table :: DELIVERYOPTION
Column Name found in Datamart and Curated Table :: LASTNAME
Column Name found in Datamart and Curated Table :: ISTRUCKREPLENISHMENT
Column Name found in Datamart and Curated Table :: VENDORADDRESS_ISMILITARY
Column Name found in Datamart and Curated Table :: FIRSTNAME
Column Name found in Datamart and Curated Table :: MEMO
Column Name found in Datamart and Curated Table :: NAME
Column Name found in Datamart and Curated Table :: VENDORADDRESS_CITY
Column Name found in Datamart and Curated Table :: VENDORADDRESS_ISMANUALCOORDINATES
Column Name found in Datamart and Curated Table :: IMPORTID
Column Name found in Datamart and Curated Table :: PAYMENTTERM_ID
Column Name found in Datamart and Curated Table :: VENDORADDRESS_COUNTRY
Column Name found in Datamart and Curated Table :: VENDORADDRESS_STREET
Column Name found in Datamart and Curated Table :: VENDORADDRESS_UNIT
Column Name found in Datamart and Curated Table :: VENDORQUICKBOOKSITEM
Datamart tables contains additional column name like [ACTIVE_FLAG, RECORD_CREATE_DATE, RECORD_UPDATE_DATE, RECORD_UPDATE_DATE, MASTER_ID, TENANT_TYPE]
Curated tables contains additional column name like [RECORD_CREATE_DATE, RECORD_UPDATE_DATE, RECORD_UPDATED_BY, TENANT_TYPE]]]>
  </system-out>
  <testcase classname="testcases.RAW_DATAMART_CURATED.SnowFlake_ColumnValidation_BKPTables" name="validateColumnName_BKP" time="3.168"/>
  <system-out>
    <![CDATA[Executing Snowflake query :: SELECT COLUMN_NAME FROM DEV_ENT_RAW.INFORMATION_SCHEMA.COLUMNS WHERE TABLE_NAME='CUSTOMER'and TABLE_SCHEMA='ST_EANESHEATING_MATILLION'
Executing Snowflake query :: SELECT COLUMN_NAME FROM CURATED_DATAMART.INFORMATION_SCHEMA.COLUMNS WHERE TABLE_NAME='STR_CUSTOMER'and TABLE_SCHEMA='ST_BKP_EANESHEATING'
Executing Snowflake query :: SELECT COLUMN_NAME FROM DEV_ENT_CURATED.INFORMATION_SCHEMA.COLUMNS WHERE TABLE_NAME='DIM_CUSTOMER'and TABLE_SCHEMA='MASTER_DIMENSIONS'
Column names for RAW Table --> CUSTOMER :: [ADDRESS_CITY, ADDRESS_COUNTRY, ADDRESS_LATITUDE, DONOTSENDPROMOTIONALEMAILS, TAXEXEMPT, TYPE, MEMBERSHIP_FROM, NAME, ADDRESS_STATE, IMPORTID, MEMBERSHIP_CANCELLATIONDATE, ACTIVE, ADDRESS_ISMILITARY, DONOTSERVICE, NOCHARGE, ADDRESS_ISMANUALCOORDINATES, ADDRESS_ZIP, AR, MEMBERSHIP_ACTIVATEDBY, MEMBERSHIP_TO, SHOWMEMBERSAVINGS, HEADER, DONOTCHARGEINTERESTFEE, BALANCE, CREATEDBY_ID, DONOTMAIL, STATISTICS_ID, ID, AVALARAENTITYCODE, EXTERNALID, MEMBERSHIP_ACTIVATEDFROM, ADDRESS_LONGITUDE, ADDRESS_STREET, ADDRESS_UNIT, MODIFIEDON, PAYMENTTERM_ID, CREATEDON, EXCLUDEFROMBULKPRINTING]
Column names for DataMart Table --> STR_CUSTOMER :: [EXCLUDEFROMBULKPRINTING, MEMBERSHIP_CANCELLATIONDATE, ADDRESS_COUNTRY, ADDRESS_ISMANUALCOORDINATES, ADDRESS_STATE, AR, BALANCE, HEADER, DONOTMAIL, MEMBERSHIP_TO, ACTIVE_FLAG, AVALARAENTITYCODE, CREATEDBY_ID, MEMBERSHIP_FROM, ADDRESS_ZIP, ADDRESS_UNIT, STATISTICS_ID, ADDRESS_CITY, DONOTSERVICE, TENANT_TYPE, DONOTCHARGEINTERESTFEE, DONOTSENDPROMOTIONALEMAILS, IMPORTID, MASTER_ID, NAME, RECORD_CREATE_DATE, EXTERNALID, SHOWMEMBERSAVINGS, TAXEXEMPT, MODIFIEDON, PAYMENTTERM_ID, ADDRESS_LATITUDE, ADDRESS_LONGITUDE, ID, MEMBERSHIP_ACTIVATEDBY, TYPE, CREATEDON, NOCHARGE, MEMBERSHIP_ACTIVATEDFROM, ADDRESS_ISMILITARY, ACTIVE, ADDRESS_STREET, RECORD_UPDATE_DATE]
Column names for Curated Table --> DIM_CUSTOMER :: [ADDRESS_UNIT, PAYMENTTERM_ID, BALANCE, IMPORTID, ACTIVE, ADDRESS_COUNTRY, ADDRESS_ISMANUALCOORDINATES, ADDRESS_STATE, ADDRESS_ZIP, AR, NAME, MEMBERSHIP_TO, ADDRESS_CITY, ADDRESS_STREET, DONOTSERVICE, MEMBERSHIP_CANCELLATIONDATE, NOCHARGE, HEADER, CREATEDBY_ID, EXTERNALID, MODIFIEDON, DONOTCHARGEINTERESTFEE, MEMBERSHIP_ACTIVATEDBY, RECORD_UPDATE_DATE, RECORD_UPDATED_BY, STATISTICS_ID, CREATEDON, DONOTMAIL, ID, TAXEXEMPT, RECORD_CREATE_DATE, ADDRESS_LATITUDE, ADDRESS_LONGITUDE, AVALARAENTITYCODE, DONOTSENDPROMOTIONALEMAILS, MEMBERSHIP_FROM, TENANT_TYPE, TYPE, ADDRESS_ISMILITARY, MEMBERSHIP_ACTIVATEDFROM, SHOWMEMBERSAVINGS, EXCLUDEFROMBULKPRINTING]
Column Name found in Datamart and Curated Table :: ADDRESS_CITY
Column Name found in Datamart and Curated Table :: ADDRESS_COUNTRY
Column Name found in Datamart and Curated Table :: ADDRESS_LATITUDE
Column Name found in Datamart and Curated Table :: DONOTSENDPROMOTIONALEMAILS
Column Name found in Datamart and Curated Table :: TAXEXEMPT
Column Name found in Datamart and Curated Table :: TYPE
Column Name found in Datamart and Curated Table :: MEMBERSHIP_FROM
Column Name found in Datamart and Curated Table :: NAME
Column Name found in Datamart and Curated Table :: ADDRESS_STATE
Column Name found in Datamart and Curated Table :: IMPORTID
Column Name found in Datamart and Curated Table :: MEMBERSHIP_CANCELLATIONDATE
Column Name found in Datamart and Curated Table :: ACTIVE
Column Name found in Datamart and Curated Table :: ADDRESS_ISMILITARY
Column Name found in Datamart and Curated Table :: DONOTSERVICE
Column Name found in Datamart and Curated Table :: NOCHARGE
Column Name found in Datamart and Curated Table :: ADDRESS_ISMANUALCOORDINATES
Column Name found in Datamart and Curated Table :: ADDRESS_ZIP
Column Name found in Datamart and Curated Table :: AR
Column Name found in Datamart and Curated Table :: MEMBERSHIP_ACTIVATEDBY
Column Name found in Datamart and Curated Table :: MEMBERSHIP_TO
Column Name found in Datamart and Curated Table :: SHOWMEMBERSAVINGS
Column Name found in Datamart and Curated Table :: HEADER
Column Name found in Datamart and Curated Table :: DONOTCHARGEINTERESTFEE
Column Name found in Datamart and Curated Table :: BALANCE
Column Name found in Datamart and Curated Table :: CREATEDBY_ID
Column Name found in Datamart and Curated Table :: DONOTMAIL
Column Name found in Datamart and Curated Table :: STATISTICS_ID
Column Name found in Datamart and Curated Table :: ID
Column Name found in Datamart and Curated Table :: AVALARAENTITYCODE
Column Name found in Datamart and Curated Table :: EXTERNALID
Column Name found in Datamart and Curated Table :: MEMBERSHIP_ACTIVATEDFROM
Column Name found in Datamart and Curated Table :: ADDRESS_LONGITUDE
Column Name found in Datamart and Curated Table :: ADDRESS_STREET
Column Name found in Datamart and Curated Table :: ADDRESS_UNIT
Column Name found in Datamart and Curated Table :: MODIFIEDON
Column Name found in Datamart and Curated Table :: PAYMENTTERM_ID
Column Name found in Datamart and Curated Table :: CREATEDON
Column Name found in Datamart and Curated Table :: EXCLUDEFROMBULKPRINTING
Datamart tables contains additional column name like [ACTIVE_FLAG, RECORD_CREATE_DATE, RECORD_UPDATE_DATE, RECORD_UPDATE_DATE, MASTER_ID, TENANT_TYPE]
Curated tables contains additional column name like [RECORD_CREATE_DATE, RECORD_UPDATE_DATE, RECORD_UPDATED_BY, TENANT_TYPE]]]>
  </system-out>
  <testcase classname="testcases.RAW_DATAMART_CURATED.SnowFlake_ColumnValidation_BKPTables" name="validateColumnName_BKP" time="2.692"/>
  <system-out>
    <![CDATA[Executing Snowflake query :: SELECT COLUMN_NAME FROM DEV_ENT_RAW.INFORMATION_SCHEMA.COLUMNS WHERE TABLE_NAME='CUSTOMERMEMBERSHIP'and TABLE_SCHEMA='ST_FOURPROS_MATILLION'
Executing Snowflake query :: SELECT COLUMN_NAME FROM CURATED_DATAMART.INFORMATION_SCHEMA.COLUMNS WHERE TABLE_NAME='STR_CUSTOMERMEMBERSHIP'and TABLE_SCHEMA='ST_BKP_FOURPROS'
Executing Snowflake query :: SELECT COLUMN_NAME FROM DEV_ENT_CURATED.INFORMATION_SCHEMA.COLUMNS WHERE TABLE_NAME='DIM_CUSTOMERMEMBERSHIP'and TABLE_SCHEMA='MASTER_DIMENSIONS'
Column names for RAW Table --> CUSTOMERMEMBERSHIP :: [FOLLOWUPON, IMPORTID, INITIALDEFERREDREVENUE, PAYMENTMETHOD_ID, ID, TYPE_ID, INVOICETEMPLATE_ID, RENEWALMEMBERSHIPTASKREFERENCE_SKUTYPE, FOLLOWUPCUSTOMSTATUS_ID, RECURRINGLOCATION_ID, RENEWEDBY_ID, TO, CANCELATIONBALANCEINVOICE_ID, CREATEDON, CUSTOMER_ID, FIRSTSCHEDULEDBILLDATE, SOLDBY_ID, STATUS, LOCATION_ID, NEXTSCHEDULEDBILLDATE, FOLLOWUPSTATUS, MEMO, BILLINGCOVERAGEPERIOD, BILLINGFREQUENCY, RENEWALBILLINGFREQUENCY, ACTIVE, CANCELATIONBUYOUTINVOICE_ID, CANCELATIONINVOICE_ID, PAYMENTTYPE_ID, RENEWALMEMBERSHIPTASK_ID, BILLINGPREFERENCE, ACTIVATEDBY_ID, BUSINESSUNIT_ID, CANCELLATIONDATE, MODIFIEDON, FROM, ACTIVATEDFROM_ID, BILLINGEMAIL_ID, CREATEDBY_ID, DURATION, BILLINGTEMPLATE_ID, EXPIREDAT, PREVIOUSRECURRINGLOCATION_ID, RENEWALMEMBERSHIPTASKREFERENCE_SKUID, CUSTOMERPO, RENEWALDURATION]
Column names for DataMart Table --> STR_CUSTOMERMEMBERSHIP :: [BILLINGCOVERAGEPERIOD, CANCELATIONINVOICE_ID, STATUS, LOCATION_ID, RENEWALBILLINGFREQUENCY, BILLINGEMAIL_ID, BUSINESSUNIT_ID, CREATEDON, EXPIREDAT, FOLLOWUPON, IMPORTID, RENEWALMEMBERSHIPTASK_ID, FROM, TENANT_TYPE, PAYMENTMETHOD_ID, SOLDBY_ID, FOLLOWUPCUSTOMSTATUS_ID, PAYMENTTYPE_ID, RECORD_UPDATE_DATE, ACTIVATEDBY_ID, BILLINGTEMPLATE_ID, CUSTOMER_ID, ID, MEMO, RENEWEDBY_ID, MODIFIEDON, INITIALDEFERREDREVENUE, ACTIVE, ACTIVE_FLAG, PREVIOUSRECURRINGLOCATION_ID, BILLINGPREFERENCE, CANCELATIONBALANCEINVOICE_ID, INVOICETEMPLATE_ID, NEXTSCHEDULEDBILLDATE, CUSTOMERPO, RENEWALMEMBERSHIPTASKREFERENCE_SKUID, CANCELLATIONDATE, DURATION, FIRSTSCHEDULEDBILLDATE, RECORD_CREATE_DATE, RENEWALDURATION, FOLLOWUPSTATUS, TYPE_ID, ACTIVATEDFROM_ID, BILLINGFREQUENCY, CANCELATIONBUYOUTINVOICE_ID, CREATEDBY_ID, RECURRINGLOCATION_ID, RENEWALMEMBERSHIPTASKREFERENCE_SKUTYPE, TO, MASTER_ID]
Column names for Curated Table --> DIM_CUSTOMERMEMBERSHIP :: [BILLINGFREQUENCY, CREATEDBY_ID, MODIFIEDON, PAYMENTTYPE_ID, RECURRINGLOCATION_ID, ACTIVE, BILLINGEMAIL_ID, FIRSTSCHEDULEDBILLDATE, RENEWALMEMBERSHIPTASKREFERENCE_SKUTYPE, TENANT_TYPE, ACTIVATEDBY_ID, BUSINESSUNIT_ID, CREATEDON, ID, INITIALDEFERREDREVENUE, CUSTOMERPO, FOLLOWUPSTATUS, RENEWALDURATION, RECORD_UPDATED_BY, BILLINGTEMPLATE_ID, FOLLOWUPCUSTOMSTATUS_ID, PAYMENTMETHOD_ID, RECORD_UPDATE_DATE, SOLDBY_ID, TYPE_ID, RENEWALMEMBERSHIPTASK_ID, BILLINGPREFERENCE, EXPIREDAT, NEXTSCHEDULEDBILLDATE, ACTIVATEDFROM_ID, CANCELATIONBALANCEINVOICE_ID, FROM, RECORD_CREATE_DATE, RENEWALMEMBERSHIPTASKREFERENCE_SKUID, TO, FOLLOWUPON, BILLINGCOVERAGEPERIOD, CUSTOMER_ID, DURATION, IMPORTID, RENEWALBILLINGFREQUENCY, STATUS, MEMO, CANCELATIONINVOICE_ID, CANCELLATIONDATE, PREVIOUSRECURRINGLOCATION_ID, CANCELATIONBUYOUTINVOICE_ID, INVOICETEMPLATE_ID, LOCATION_ID, RENEWEDBY_ID]
Column Name found in Datamart and Curated Table :: FOLLOWUPON
Column Name found in Datamart and Curated Table :: IMPORTID
Column Name found in Datamart and Curated Table :: INITIALDEFERREDREVENUE
Column Name found in Datamart and Curated Table :: PAYMENTMETHOD_ID
Column Name found in Datamart and Curated Table :: ID
Column Name found in Datamart and Curated Table :: TYPE_ID
Column Name found in Datamart and Curated Table :: INVOICETEMPLATE_ID
Column Name found in Datamart and Curated Table :: RENEWALMEMBERSHIPTASKREFERENCE_SKUTYPE
Column Name found in Datamart and Curated Table :: FOLLOWUPCUSTOMSTATUS_ID
Column Name found in Datamart and Curated Table :: RECURRINGLOCATION_ID
Column Name found in Datamart and Curated Table :: RENEWEDBY_ID
Column Name found in Datamart and Curated Table :: TO
Column Name found in Datamart and Curated Table :: CANCELATIONBALANCEINVOICE_ID
Column Name found in Datamart and Curated Table :: CREATEDON
Column Name found in Datamart and Curated Table :: CUSTOMER_ID
Column Name found in Datamart and Curated Table :: FIRSTSCHEDULEDBILLDATE
Column Name found in Datamart and Curated Table :: SOLDBY_ID
Column Name found in Datamart and Curated Table :: STATUS
Column Name found in Datamart and Curated Table :: LOCATION_ID
Column Name found in Datamart and Curated Table :: NEXTSCHEDULEDBILLDATE
Column Name found in Datamart and Curated Table :: FOLLOWUPSTATUS
Column Name found in Datamart and Curated Table :: MEMO
Column Name found in Datamart and Curated Table :: BILLINGCOVERAGEPERIOD
Column Name found in Datamart and Curated Table :: BILLINGFREQUENCY
Column Name found in Datamart and Curated Table :: RENEWALBILLINGFREQUENCY
Column Name found in Datamart and Curated Table :: ACTIVE
Column Name found in Datamart and Curated Table :: CANCELATIONBUYOUTINVOICE_ID
Column Name found in Datamart and Curated Table :: CANCELATIONINVOICE_ID
Column Name found in Datamart and Curated Table :: PAYMENTTYPE_ID
Column Name found in Datamart and Curated Table :: RENEWALMEMBERSHIPTASK_ID
Column Name found in Datamart and Curated Table :: BILLINGPREFERENCE
Column Name found in Datamart and Curated Table :: ACTIVATEDBY_ID
Column Name found in Datamart and Curated Table :: BUSINESSUNIT_ID
Column Name found in Datamart and Curated Table :: CANCELLATIONDATE
Column Name found in Datamart and Curated Table :: MODIFIEDON
Column Name found in Datamart and Curated Table :: FROM
Column Name found in Datamart and Curated Table :: ACTIVATEDFROM_ID
Column Name found in Datamart and Curated Table :: BILLINGEMAIL_ID
Column Name found in Datamart and Curated Table :: CREATEDBY_ID
Column Name found in Datamart and Curated Table :: DURATION
Column Name found in Datamart and Curated Table :: BILLINGTEMPLATE_ID
Column Name found in Datamart and Curated Table :: EXPIREDAT
Column Name found in Datamart and Curated Table :: PREVIOUSRECURRINGLOCATION_ID
Column Name found in Datamart and Curated Table :: RENEWALMEMBERSHIPTASKREFERENCE_SKUID
Column Name found in Datamart and Curated Table :: CUSTOMERPO
Column Name found in Datamart and Curated Table :: RENEWALDURATION
Datamart tables contains additional column name like [ACTIVE_FLAG, RECORD_CREATE_DATE, RECORD_UPDATE_DATE, RECORD_UPDATE_DATE, MASTER_ID, TENANT_TYPE]
Curated tables contains additional column name like [RECORD_CREATE_DATE, RECORD_UPDATE_DATE, RECORD_UPDATED_BY, TENANT_TYPE]]]>
  </system-out>
  <testcase classname="testcases.RAW_DATAMART_CURATED.SnowFlake_ColumnValidation_BKPTables" name="validateColumnName_BKP" time="2.555"/>
  <system-out>
    <![CDATA[Executing Snowflake query :: SELECT COLUMN_NAME FROM DEV_ENT_RAW.INFORMATION_SCHEMA.COLUMNS WHERE TABLE_NAME='MATERIAL'and TABLE_SCHEMA='ST_MAITZ_MATILLION'
Executing Snowflake query :: SELECT COLUMN_NAME FROM CURATED_DATAMART.INFORMATION_SCHEMA.COLUMNS WHERE TABLE_NAME='STR_MATERIAL'and TABLE_SCHEMA='ST_BKP_MAITZ'
Executing Snowflake query :: SELECT COLUMN_NAME FROM DEV_ENT_CURATED.INFORMATION_SCHEMA.COLUMNS WHERE TABLE_NAME='DIM_MATERIAL'and TABLE_SCHEMA='MASTER_DIMENSIONS'
Column names for RAW Table --> MATERIAL :: [ACTIVE, ADDONFLATAMOUNT, ARCHIVED, NAME, ORIGINAL_ID, PAYSSOLDBYRATE, PAYSCOMMISSION, ASSETACCOUNT_ID, CREATEDBY_ID, DEDUCTASJOBCOST, PRICE, SOURCE, PROVIDER_ID, PURCHASEORDERLIMITS_FLATAMOUNT, INVENTORYENABLEDON, BONUS, DISPLAYNAME, PAYTECHSPECIFICBONUS, TAXABLE, AUTOGLASSTYPE, CREATEDON, GENERALLEDGERACCOUNT_ID, IMPORTID, AVALARACOMMERCIALTAXCODE, EXCLUDEFROMPRICEBOOKWIZARD, NOTAX, PAYSFLATAMOUNT, USEFIXEDMATERIALPRICE, COSTOFSALEACCOUNT_ID, COMMISSIONBONUS, COST, LOYALTYPROGRAMELIGIBLE, MEMBERPRICE, HOURS, INVENTORYENABLEDBY_ID, MODIFIEDON, SERIALIZEDON, SYNCDATE, AVALARARESIDENTIALTAXCODE, DESCRIPTION, SUPPLIERIMAGES, SOURCEVERSION, UNITOFMEASURE, EXTERNALID, SCHEDULEDFLATAMOUNT, BUSINESSUNIT_ID, CATEGORY_ID, CROSSSALEGROUP, ID, IMAGES, ISSERIALIZED, PRIMARYVENDOR_ID, ADDONMEMBERPRICE, DISPLAYINAMOUNT, ACCOUNT, ADDONPRICE, ISINVENTORY, SOLDBYCOMMISSION, COPIEDFROM_ID, PURCHASEORDERLIMITS_REVENUEPERCENT]
Column names for DataMart Table --> STR_MATERIAL :: [ARCHIVED, COPIEDFROM_ID, COST, DISPLAYINAMOUNT, LOYALTYPROGRAMELIGIBLE, MASTER_ID, CATEGORY_ID, DEDUCTASJOBCOST, SOURCE, AUTOGLASSTYPE, AVALARACOMMERCIALTAXCODE, NAME, SCHEDULEDFLATAMOUNT, SUPPLIERIMAGES, TAXABLE, UNITOFMEASURE, IMAGES, INVENTORYENABLEDON, PROVIDER_ID, SERIALIZEDON, ACTIVE_FLAG, INVENTORYENABLEDBY_ID, SOLDBYCOMMISSION, ADDONMEMBERPRICE, AVALARARESIDENTIALTAXCODE, COSTOFSALEACCOUNT_ID, DISPLAYNAME, BUSINESSUNIT_ID, COMMISSIONBONUS, PAYSSOLDBYRATE, PRICE, BONUS, EXTERNALID, ACCOUNT, CROSSSALEGROUP, DESCRIPTION, EXCLUDEFROMPRICEBOOKWIZARD, HOURS, TENANT_TYPE, PAYSFLATAMOUNT, RECORD_CREATE_DATE, IMPORTID, ASSETACCOUNT_ID, ISSERIALIZED, MEMBERPRICE, PURCHASEORDERLIMITS_FLATAMOUNT, GENERALLEDGERACCOUNT_ID, PRIMARYVENDOR_ID, ACTIVE, ADDONFLATAMOUNT, ID, MODIFIEDON, RECORD_UPDATE_DATE, ORIGINAL_ID, SOURCEVERSION, SYNCDATE, ISINVENTORY, ADDONPRICE, CREATEDBY_ID, CREATEDON, NOTAX, PAYSCOMMISSION, PAYTECHSPECIFICBONUS, PURCHASEORDERLIMITS_REVENUEPERCENT, USEFIXEDMATERIALPRICE]
Column names for Curated Table --> DIM_MATERIAL :: [BUSINESSUNIT_ID, DEDUCTASJOBCOST, HOURS, MEMBERPRICE, MODIFIEDON, SCHEDULEDFLATAMOUNT, ARCHIVED, BONUS, COST, EXCLUDEFROMPRICEBOOKWIZARD, INVENTORYENABLEDON, SOURCE, ID, RECORD_UPDATED_BY, RECORD_UPDATE_DATE, ADDONPRICE, ASSETACCOUNT_ID, AVALARARESIDENTIALTAXCODE, DESCRIPTION, IMPORTID, ISSERIALIZED, PAYSSOLDBYRATE, ISINVENTORY, NOTAX, CREATEDBY_ID, PRIMARYVENDOR_ID, SERIALIZEDON, GENERALLEDGERACCOUNT_ID, RECORD_CREATE_DATE, CROSSSALEGROUP, SOLDBYCOMMISSION, ACTIVE, CATEGORY_ID, EXTERNALID, NAME, USEFIXEDMATERIALPRICE, INVENTORYENABLEDBY_ID, PAYTECHSPECIFICBONUS, PROVIDER_ID, PURCHASEORDERLIMITS_REVENUEPERCENT, SUPPLIERIMAGES, ACCOUNT, ADDONFLATAMOUNT, COMMISSIONBONUS, CREATEDON, PAYSCOMMISSION, DISPLAYINAMOUNT, SOURCEVERSION, COSTOFSALEACCOUNT_ID, DISPLAYNAME, IMAGES, ORIGINAL_ID, TAXABLE, COPIEDFROM_ID, UNITOFMEASURE, ADDONMEMBERPRICE, AUTOGLASSTYPE, AVALARACOMMERCIALTAXCODE, LOYALTYPROGRAMELIGIBLE, PRICE, PURCHASEORDERLIMITS_FLATAMOUNT, SYNCDATE, TENANT_TYPE, PAYSFLATAMOUNT]
Column Name found in Datamart and Curated Table :: ACTIVE
Column Name found in Datamart and Curated Table :: ADDONFLATAMOUNT
Column Name found in Datamart and Curated Table :: ARCHIVED
Column Name found in Datamart and Curated Table :: NAME
Column Name found in Datamart and Curated Table :: ORIGINAL_ID
Column Name found in Datamart and Curated Table :: PAYSSOLDBYRATE
Column Name found in Datamart and Curated Table :: PAYSCOMMISSION
Column Name found in Datamart and Curated Table :: ASSETACCOUNT_ID
Column Name found in Datamart and Curated Table :: CREATEDBY_ID
Column Name found in Datamart and Curated Table :: DEDUCTASJOBCOST
Column Name found in Datamart and Curated Table :: PRICE
Column Name found in Datamart and Curated Table :: SOURCE
Column Name found in Datamart and Curated Table :: PROVIDER_ID
Column Name found in Datamart and Curated Table :: PURCHASEORDERLIMITS_FLATAMOUNT
Column Name found in Datamart and Curated Table :: INVENTORYENABLEDON
Column Name found in Datamart and Curated Table :: BONUS
Column Name found in Datamart and Curated Table :: DISPLAYNAME
Column Name found in Datamart and Curated Table :: PAYTECHSPECIFICBONUS
Column Name found in Datamart and Curated Table :: TAXABLE
Column Name found in Datamart and Curated Table :: AUTOGLASSTYPE
Column Name found in Datamart and Curated Table :: CREATEDON
Column Name found in Datamart and Curated Table :: GENERALLEDGERACCOUNT_ID
Column Name found in Datamart and Curated Table :: IMPORTID
Column Name found in Datamart and Curated Table :: AVALARACOMMERCIALTAXCODE
Column Name found in Datamart and Curated Table :: EXCLUDEFROMPRICEBOOKWIZARD
Column Name found in Datamart and Curated Table :: NOTAX
Column Name found in Datamart and Curated Table :: PAYSFLATAMOUNT
Column Name found in Datamart and Curated Table :: USEFIXEDMATERIALPRICE
Column Name found in Datamart and Curated Table :: COSTOFSALEACCOUNT_ID
Column Name found in Datamart and Curated Table :: COMMISSIONBONUS
Column Name found in Datamart and Curated Table :: COST
Column Name found in Datamart and Curated Table :: LOYALTYPROGRAMELIGIBLE
Column Name found in Datamart and Curated Table :: MEMBERPRICE
Column Name found in Datamart and Curated Table :: HOURS
Column Name found in Datamart and Curated Table :: INVENTORYENABLEDBY_ID
Column Name found in Datamart and Curated Table :: MODIFIEDON
Column Name found in Datamart and Curated Table :: SERIALIZEDON
Column Name found in Datamart and Curated Table :: SYNCDATE
Column Name found in Datamart and Curated Table :: AVALARARESIDENTIALTAXCODE
Column Name found in Datamart and Curated Table :: DESCRIPTION
Column Name found in Datamart and Curated Table :: SUPPLIERIMAGES
Column Name found in Datamart and Curated Table :: SOURCEVERSION
Column Name found in Datamart and Curated Table :: UNITOFMEASURE
Column Name found in Datamart and Curated Table :: EXTERNALID
Column Name found in Datamart and Curated Table :: SCHEDULEDFLATAMOUNT
Column Name found in Datamart and Curated Table :: BUSINESSUNIT_ID
Column Name found in Datamart and Curated Table :: CATEGORY_ID
Column Name found in Datamart and Curated Table :: CROSSSALEGROUP
Column Name found in Datamart and Curated Table :: ID
Column Name found in Datamart and Curated Table :: IMAGES
Column Name found in Datamart and Curated Table :: ISSERIALIZED
Column Name found in Datamart and Curated Table :: PRIMARYVENDOR_ID
Column Name found in Datamart and Curated Table :: ADDONMEMBERPRICE
Column Name found in Datamart and Curated Table :: DISPLAYINAMOUNT
Column Name found in Datamart and Curated Table :: ACCOUNT
Column Name found in Datamart and Curated Table :: ADDONPRICE
Column Name found in Datamart and Curated Table :: ISINVENTORY
Column Name found in Datamart and Curated Table :: SOLDBYCOMMISSION
Column Name found in Datamart and Curated Table :: COPIEDFROM_ID
Column Name found in Datamart and Curated Table :: PURCHASEORDERLIMITS_REVENUEPERCENT
Datamart tables contains additional column name like [ACTIVE_FLAG, RECORD_CREATE_DATE, RECORD_UPDATE_DATE, RECORD_UPDATE_DATE, MASTER_ID, TENANT_TYPE]
Curated tables contains additional column name like [RECORD_CREATE_DATE, RECORD_UPDATE_DATE, RECORD_UPDATED_BY, TENANT_TYPE]]]>
  </system-out>
  <testcase classname="testcases.RAW_DATAMART_CURATED.SnowFlake_ColumnValidation_BKPTables" name="validateColumnName_BKP" time="2.215"/>
  <system-out>
    <![CDATA[Executing Snowflake query :: SELECT COLUMN_NAME FROM DEV_ENT_RAW.INFORMATION_SCHEMA.COLUMNS WHERE TABLE_NAME='CANCELJOBREASON'and TABLE_SCHEMA='ST_GOLDMEDAL_MATILLION'
Executing Snowflake query :: SELECT COLUMN_NAME FROM CURATED_DATAMART.INFORMATION_SCHEMA.COLUMNS WHERE TABLE_NAME='STR_CANCELJOBREASON'and TABLE_SCHEMA='ST_BKP_GOLDMEDAL'
Executing Snowflake query :: SELECT COLUMN_NAME FROM DEV_ENT_CURATED.INFORMATION_SCHEMA.COLUMNS WHERE TABLE_NAME='DIM_CANCELJOBREASON'and TABLE_SCHEMA='MASTER_DIMENSIONS'
Column names for RAW Table --> CANCELJOBREASON :: [CREATEDBY_ID, CREATEDON, IMPORTID, NAME, ID, MODIFIEDON, ACTIVE]
Column names for DataMart Table --> STR_CANCELJOBREASON :: [ACTIVE, ACTIVE_FLAG, TENANT_TYPE, IMPORTID, MODIFIEDON, MASTER_ID, NAME, ID, CREATEDBY_ID, CREATEDON, RECORD_CREATE_DATE, RECORD_UPDATE_DATE]
Column names for Curated Table --> DIM_CANCELJOBREASON :: [ID, IMPORTID, TENANT_TYPE, MODIFIEDON, CREATEDON, RECORD_UPDATED_BY, RECORD_UPDATE_DATE, RECORD_CREATE_DATE, ACTIVE, CREATEDBY_ID, NAME]
Column Name found in Datamart and Curated Table :: CREATEDBY_ID
Column Name found in Datamart and Curated Table :: CREATEDON
Column Name found in Datamart and Curated Table :: IMPORTID
Column Name found in Datamart and Curated Table :: NAME
Column Name found in Datamart and Curated Table :: ID
Column Name found in Datamart and Curated Table :: MODIFIEDON
Column Name found in Datamart and Curated Table :: ACTIVE
Datamart tables contains additional column name like [ACTIVE_FLAG, RECORD_CREATE_DATE, RECORD_UPDATE_DATE, RECORD_UPDATE_DATE, MASTER_ID, TENANT_TYPE]
Curated tables contains additional column name like [RECORD_CREATE_DATE, RECORD_UPDATE_DATE, RECORD_UPDATED_BY, TENANT_TYPE]]]>
  </system-out>
  <testcase classname="testcases.RAW_DATAMART_CURATED.SnowFlake_ColumnValidation_BKPTables" name="validateColumnName_BKP" time="2.475"/>
  <system-out>
    <![CDATA[Executing Snowflake query :: SELECT COLUMN_NAME FROM DEV_ENT_RAW.INFORMATION_SCHEMA.COLUMNS WHERE TABLE_NAME='CAMPAIGN'and TABLE_SCHEMA='ST_EANESHEATING_MATILLION'
Executing Snowflake query :: SELECT COLUMN_NAME FROM CURATED_DATAMART.INFORMATION_SCHEMA.COLUMNS WHERE TABLE_NAME='STR_CAMPAIGN'and TABLE_SCHEMA='ST_BKP_EANESHEATING'
Executing Snowflake query :: SELECT COLUMN_NAME FROM DEV_ENT_CURATED.INFORMATION_SCHEMA.COLUMNS WHERE TABLE_NAME='DIM_CAMPAIGN'and TABLE_SCHEMA='MASTER_DIMENSIONS'
Column names for RAW Table --> CAMPAIGN :: [CREATEDBY_ID, DNIS, IMPORTID, NAME, ACTIVE, CATEGORY_ID, BUSINESSUNIT_ID, COST, ID, MODIFIEDON, MODIFIEDBY_ID, CREATEDON, IMAGE]
Column names for DataMart Table --> STR_CAMPAIGN :: [ACTIVE, CREATEDBY_ID, IMAGE, MASTER_ID, CREATEDON, MODIFIEDBY_ID, RECORD_UPDATE_DATE, TENANT_TYPE, CATEGORY_ID, COST, BUSINESSUNIT_ID, ACTIVE_FLAG, DNIS, ID, NAME, IMPORTID, MODIFIEDON, RECORD_CREATE_DATE]
Column names for Curated Table --> DIM_CAMPAIGN :: [IMAGE, MODIFIEDBY_ID, CATEGORY_ID, NAME, RECORD_CREATE_DATE, ACTIVE, COST, CREATEDBY_ID, IMPORTID, CREATEDON, BUSINESSUNIT_ID, ID, RECORD_UPDATED_BY, MODIFIEDON, DNIS, RECORD_UPDATE_DATE, TENANT_TYPE]
Column Name found in Datamart and Curated Table :: CREATEDBY_ID
Column Name found in Datamart and Curated Table :: DNIS
Column Name found in Datamart and Curated Table :: IMPORTID
Column Name found in Datamart and Curated Table :: NAME
Column Name found in Datamart and Curated Table :: ACTIVE
Column Name found in Datamart and Curated Table :: CATEGORY_ID
Column Name found in Datamart and Curated Table :: BUSINESSUNIT_ID
Column Name found in Datamart and Curated Table :: COST
Column Name found in Datamart and Curated Table :: ID
Column Name found in Datamart and Curated Table :: MODIFIEDON
Column Name found in Datamart and Curated Table :: MODIFIEDBY_ID
Column Name found in Datamart and Curated Table :: CREATEDON
Column Name found in Datamart and Curated Table :: IMAGE
Datamart tables contains additional column name like [ACTIVE_FLAG, RECORD_CREATE_DATE, RECORD_UPDATE_DATE, RECORD_UPDATE_DATE, MASTER_ID, TENANT_TYPE]
Curated tables contains additional column name like [RECORD_CREATE_DATE, RECORD_UPDATE_DATE, RECORD_UPDATED_BY, TENANT_TYPE]]]>
  </system-out>
  <testcase classname="testcases.RAW_DATAMART_CURATED.SnowFlake_ColumnValidation_BKPTables" name="validateColumnName_BKP" time="2.348"/>
  <system-out>
    <![CDATA[Executing Snowflake query :: SELECT COLUMN_NAME FROM DEV_ENT_RAW.INFORMATION_SCHEMA.COLUMNS WHERE TABLE_NAME='MATERIAL'and TABLE_SCHEMA='ST_HORIZONSERVICES_MATILLION'
Executing Snowflake query :: SELECT COLUMN_NAME FROM CURATED_DATAMART.INFORMATION_SCHEMA.COLUMNS WHERE TABLE_NAME='STR_MATERIAL'and TABLE_SCHEMA='ST_BKP_HORIZONSERVICES'
Executing Snowflake query :: SELECT COLUMN_NAME FROM DEV_ENT_CURATED.INFORMATION_SCHEMA.COLUMNS WHERE TABLE_NAME='DIM_MATERIAL'and TABLE_SCHEMA='MASTER_DIMENSIONS'
Column names for RAW Table --> MATERIAL :: [HOURS, IMAGES, PURCHASEORDERLIMITS_REVENUEPERCENT, DISPLAYINAMOUNT, PROVIDER_ID, SOURCE, PAYSCOMMISSION, AUTOGLASSTYPE, DISPLAYNAME, PRIMARYVENDOR_ID, CROSSSALEGROUP, EXCLUDEFROMPRICEBOOKWIZARD, INVENTORYENABLEDON, SUPPLIERIMAGES, USEFIXEDMATERIALPRICE, ADDONMEMBERPRICE, CREATEDON, GENERALLEDGERACCOUNT_ID, MODIFIEDON, NOTAX, AVALARACOMMERCIALTAXCODE, ORIGINAL_ID, MEMBERPRICE, AVALARARESIDENTIALTAXCODE, BONUS, BUSINESSUNIT_ID, COSTOFSALEACCOUNT_ID, CREATEDBY_ID, EXTERNALID, ASSETACCOUNT_ID, ISINVENTORY, INVENTORYENABLEDBY_ID, SOURCEVERSION, ACCOUNT, ADDONFLATAMOUNT, ARCHIVED, COPIEDFROM_ID, DEDUCTASJOBCOST, COST, ISSERIALIZED, PURCHASEORDERLIMITS_FLATAMOUNT, ADDONPRICE, CATEGORY_ID, COMMISSIONBONUS, DESCRIPTION, NAME, PRICE, SCHEDULEDFLATAMOUNT, SERIALIZEDON, SOLDBYCOMMISSION, SYNCDATE, PAYSSOLDBYRATE, ACTIVE, IMPORTID, LOYALTYPROGRAMELIGIBLE, PAYSFLATAMOUNT, PAYTECHSPECIFICBONUS, UNITOFMEASURE, ID, TAXABLE]
Column names for DataMart Table --> STR_MATERIAL :: [PAYSCOMMISSION, PAYSFLATAMOUNT, SERIALIZEDON, SUPPLIERIMAGES, ADDONPRICE, MEMBERPRICE, NOTAX, ACTIVE, ADDONFLATAMOUNT, COST, ORIGINAL_ID, PRICE, PROVIDER_ID, INVENTORYENABLEDON, SYNCDATE, USEFIXEDMATERIALPRICE, COSTOFSALEACCOUNT_ID, CROSSSALEGROUP, DEDUCTASJOBCOST, COMMISSIONBONUS, SCHEDULEDFLATAMOUNT, PURCHASEORDERLIMITS_REVENUEPERCENT, ID, ADDONMEMBERPRICE, SOURCEVERSION, AVALARARESIDENTIALTAXCODE, DISPLAYINAMOUNT, ISINVENTORY, LOYALTYPROGRAMELIGIBLE, SOLDBYCOMMISSION, TAXABLE, DISPLAYNAME, ACTIVE_FLAG, AUTOGLASSTYPE, HOURS, NAME, PURCHASEORDERLIMITS_FLATAMOUNT, RECORD_UPDATE_DATE, UNITOFMEASURE, BUSINESSUNIT_ID, CREATEDON, MASTER_ID, PAYTECHSPECIFICBONUS, TENANT_TYPE, ACCOUNT, ARCHIVED, ASSETACCOUNT_ID, BONUS, CATEGORY_ID, COPIEDFROM_ID, CREATEDBY_ID, IMPORTID, MODIFIEDON, PRIMARYVENDOR_ID, DESCRIPTION, EXCLUDEFROMPRICEBOOKWIZARD, IMAGES, INVENTORYENABLEDBY_ID, AVALARACOMMERCIALTAXCODE, EXTERNALID, SOURCE, GENERALLEDGERACCOUNT_ID, RECORD_CREATE_DATE, PAYSSOLDBYRATE, ISSERIALIZED]
Column names for Curated Table --> DIM_MATERIAL :: [BUSINESSUNIT_ID, DEDUCTASJOBCOST, HOURS, MEMBERPRICE, MODIFIEDON, SCHEDULEDFLATAMOUNT, ARCHIVED, BONUS, COST, EXCLUDEFROMPRICEBOOKWIZARD, INVENTORYENABLEDON, SOURCE, ID, RECORD_UPDATED_BY, RECORD_UPDATE_DATE, ADDONPRICE, ASSETACCOUNT_ID, AVALARARESIDENTIALTAXCODE, DESCRIPTION, IMPORTID, ISSERIALIZED, PAYSSOLDBYRATE, ISINVENTORY, NOTAX, CREATEDBY_ID, PRIMARYVENDOR_ID, SERIALIZEDON, GENERALLEDGERACCOUNT_ID, RECORD_CREATE_DATE, CROSSSALEGROUP, SOLDBYCOMMISSION, ACTIVE, CATEGORY_ID, EXTERNALID, NAME, USEFIXEDMATERIALPRICE, INVENTORYENABLEDBY_ID, PAYTECHSPECIFICBONUS, PROVIDER_ID, PURCHASEORDERLIMITS_REVENUEPERCENT, SUPPLIERIMAGES, ACCOUNT, ADDONFLATAMOUNT, COMMISSIONBONUS, CREATEDON, PAYSCOMMISSION, DISPLAYINAMOUNT, SOURCEVERSION, COSTOFSALEACCOUNT_ID, DISPLAYNAME, IMAGES, ORIGINAL_ID, TAXABLE, COPIEDFROM_ID, UNITOFMEASURE, ADDONMEMBERPRICE, AUTOGLASSTYPE, AVALARACOMMERCIALTAXCODE, LOYALTYPROGRAMELIGIBLE, PRICE, PURCHASEORDERLIMITS_FLATAMOUNT, SYNCDATE, TENANT_TYPE, PAYSFLATAMOUNT]
Column Name found in Datamart and Curated Table :: HOURS
Column Name found in Datamart and Curated Table :: IMAGES
Column Name found in Datamart and Curated Table :: PURCHASEORDERLIMITS_REVENUEPERCENT
Column Name found in Datamart and Curated Table :: DISPLAYINAMOUNT
Column Name found in Datamart and Curated Table :: PROVIDER_ID
Column Name found in Datamart and Curated Table :: SOURCE
Column Name found in Datamart and Curated Table :: PAYSCOMMISSION
Column Name found in Datamart and Curated Table :: AUTOGLASSTYPE
Column Name found in Datamart and Curated Table :: DISPLAYNAME
Column Name found in Datamart and Curated Table :: PRIMARYVENDOR_ID
Column Name found in Datamart and Curated Table :: CROSSSALEGROUP
Column Name found in Datamart and Curated Table :: EXCLUDEFROMPRICEBOOKWIZARD
Column Name found in Datamart and Curated Table :: INVENTORYENABLEDON
Column Name found in Datamart and Curated Table :: SUPPLIERIMAGES
Column Name found in Datamart and Curated Table :: USEFIXEDMATERIALPRICE
Column Name found in Datamart and Curated Table :: ADDONMEMBERPRICE
Column Name found in Datamart and Curated Table :: CREATEDON
Column Name found in Datamart and Curated Table :: GENERALLEDGERACCOUNT_ID
Column Name found in Datamart and Curated Table :: MODIFIEDON
Column Name found in Datamart and Curated Table :: NOTAX
Column Name found in Datamart and Curated Table :: AVALARACOMMERCIALTAXCODE
Column Name found in Datamart and Curated Table :: ORIGINAL_ID
Column Name found in Datamart and Curated Table :: MEMBERPRICE
Column Name found in Datamart and Curated Table :: AVALARARESIDENTIALTAXCODE
Column Name found in Datamart and Curated Table :: BONUS
Column Name found in Datamart and Curated Table :: BUSINESSUNIT_ID
Column Name found in Datamart and Curated Table :: COSTOFSALEACCOUNT_ID
Column Name found in Datamart and Curated Table :: CREATEDBY_ID
Column Name found in Datamart and Curated Table :: EXTERNALID
Column Name found in Datamart and Curated Table :: ASSETACCOUNT_ID
Column Name found in Datamart and Curated Table :: ISINVENTORY
Column Name found in Datamart and Curated Table :: INVENTORYENABLEDBY_ID
Column Name found in Datamart and Curated Table :: SOURCEVERSION
Column Name found in Datamart and Curated Table :: ACCOUNT
Column Name found in Datamart and Curated Table :: ADDONFLATAMOUNT
Column Name found in Datamart and Curated Table :: ARCHIVED
Column Name found in Datamart and Curated Table :: COPIEDFROM_ID
Column Name found in Datamart and Curated Table :: DEDUCTASJOBCOST
Column Name found in Datamart and Curated Table :: COST
Column Name found in Datamart and Curated Table :: ISSERIALIZED
Column Name found in Datamart and Curated Table :: PURCHASEORDERLIMITS_FLATAMOUNT
Column Name found in Datamart and Curated Table :: ADDONPRICE
Column Name found in Datamart and Curated Table :: CATEGORY_ID
Column Name found in Datamart and Curated Table :: COMMISSIONBONUS
Column Name found in Datamart and Curated Table :: DESCRIPTION
Column Name found in Datamart and Curated Table :: NAME
Column Name found in Datamart and Curated Table :: PRICE
Column Name found in Datamart and Curated Table :: SCHEDULEDFLATAMOUNT
Column Name found in Datamart and Curated Table :: SERIALIZEDON
Column Name found in Datamart and Curated Table :: SOLDBYCOMMISSION
Column Name found in Datamart and Curated Table :: SYNCDATE
Column Name found in Datamart and Curated Table :: PAYSSOLDBYRATE
Column Name found in Datamart and Curated Table :: ACTIVE
Column Name found in Datamart and Curated Table :: IMPORTID
Column Name found in Datamart and Curated Table :: LOYALTYPROGRAMELIGIBLE
Column Name found in Datamart and Curated Table :: PAYSFLATAMOUNT
Column Name found in Datamart and Curated Table :: PAYTECHSPECIFICBONUS
Column Name found in Datamart and Curated Table :: UNITOFMEASURE
Column Name found in Datamart and Curated Table :: ID
Column Name found in Datamart and Curated Table :: TAXABLE
Datamart tables contains additional column name like [ACTIVE_FLAG, RECORD_CREATE_DATE, RECORD_UPDATE_DATE, RECORD_UPDATE_DATE, MASTER_ID, TENANT_TYPE]
Curated tables contains additional column name like [RECORD_CREATE_DATE, RECORD_UPDATE_DATE, RECORD_UPDATED_BY, TENANT_TYPE]]]>
  </system-out>
  <testcase classname="testcases.RAW_DATAMART_CURATED.SnowFlake_ColumnValidation_BKPTables" name="validateColumnName_BKP" time="5.884"/>
  <system-out>
    <![CDATA[Executing Snowflake query :: SELECT COLUMN_NAME FROM DEV_ENT_RAW.INFORMATION_SCHEMA.COLUMNS WHERE TABLE_NAME='PAYMENTSPLIT'and TABLE_SCHEMA='ST_BILLFENWICK_MATILLION'
Executing Snowflake query :: SELECT COLUMN_NAME FROM CURATED_DATAMART.INFORMATION_SCHEMA.COLUMNS WHERE TABLE_NAME='STR_PAYMENTSPLIT'and TABLE_SCHEMA='ST_BKP_BILLFENWICK'
Executing Snowflake query :: SELECT COLUMN_NAME FROM DEV_ENT_CURATED.INFORMATION_SCHEMA.COLUMNS WHERE TABLE_NAME='DIM_PAYMENTSPLIT'and TABLE_SCHEMA='MASTER_DIMENSIONS'
Column names for RAW Table --> PAYMENTSPLIT :: [ID, MODIFIEDON, PAYMENT_ID, AMOUNT, INVOICE_ID, CREATEDON, IMPORTID, CREATEDBY_ID, PAYSELLERCOMMISSION, ACTIVE]
Column names for DataMart Table --> STR_PAYMENTSPLIT :: [CREATEDBY_ID, PAYSELLERCOMMISSION, AMOUNT, IMPORTID, MASTER_ID, ACTIVE, ACTIVE_FLAG, MODIFIEDON, TENANT_TYPE, ID, INVOICE_ID, RECORD_UPDATE_DATE, CREATEDON, PAYMENT_ID, RECORD_CREATE_DATE]
Column names for Curated Table --> DIM_PAYMENTSPLIT :: [IMPORTID, PAYSELLERCOMMISSION, CREATEDON, PAYMENT_ID, TENANT_TYPE, MODIFIEDON, AMOUNT, CREATEDBY_ID, INVOICE_ID, ID, RECORD_UPDATED_BY, RECORD_UPDATE_DATE, ACTIVE, RECORD_CREATE_DATE]
Column Name found in Datamart and Curated Table :: ID
Column Name found in Datamart and Curated Table :: MODIFIEDON
Column Name found in Datamart and Curated Table :: PAYMENT_ID
Column Name found in Datamart and Curated Table :: AMOUNT
Column Name found in Datamart and Curated Table :: INVOICE_ID
Column Name found in Datamart and Curated Table :: CREATEDON
Column Name found in Datamart and Curated Table :: IMPORTID
Column Name found in Datamart and Curated Table :: CREATEDBY_ID
Column Name found in Datamart and Curated Table :: PAYSELLERCOMMISSION
Column Name found in Datamart and Curated Table :: ACTIVE
Datamart tables contains additional column name like [ACTIVE_FLAG, RECORD_CREATE_DATE, RECORD_UPDATE_DATE, RECORD_UPDATE_DATE, MASTER_ID, TENANT_TYPE]
Curated tables contains additional column name like [RECORD_CREATE_DATE, RECORD_UPDATE_DATE, RECORD_UPDATED_BY, TENANT_TYPE]]]>
  </system-out>
  <testcase classname="testcases.RAW_DATAMART_CURATED.SnowFlake_ColumnValidation_BKPTables" name="validateColumnName_BKP" time="2.265"/>
  <system-out>
    <![CDATA[Executing Snowflake query :: SELECT COLUMN_NAME FROM DEV_ENT_RAW.INFORMATION_SCHEMA.COLUMNS WHERE TABLE_NAME='TAG'and TABLE_SCHEMA='ST_HARP_MATILLION'
Executing Snowflake query :: SELECT COLUMN_NAME FROM CURATED_DATAMART.INFORMATION_SCHEMA.COLUMNS WHERE TABLE_NAME='STR_TAG'and TABLE_SCHEMA='ST_BKP_HARP'
Executing Snowflake query :: SELECT COLUMN_NAME FROM DEV_ENT_CURATED.INFORMATION_SCHEMA.COLUMNS WHERE TABLE_NAME='DIM_TAG'and TABLE_SCHEMA='MASTER_DIMENSIONS'
Column names for RAW Table --> TAG :: [REMOVEDON, TYPE_ID, CREATEDON, MEMO, GENERATEDFOREXTERNAL, ACTIVE, OWNER_ID, ID, MODIFIEDON, CREATEDBY_ID, GENERATEDFOR_ID, IMPORTID, REMOVEDBY_ID]
Column names for DataMart Table --> STR_TAG :: [MASTER_ID, MODIFIEDON, CREATEDBY_ID, MEMO, RECORD_CREATE_DATE, TENANT_TYPE, ACTIVE_FLAG, GENERATEDFOR_ID, OWNER_ID, CREATEDON, RECORD_UPDATE_DATE, REMOVEDBY_ID, REMOVEDON, TYPE_ID, SOURCE_PKEY_SPK, ACTIVE, GENERATEDFOREXTERNAL, ID, IMPORTID]
Column names for Curated Table --> DIM_TAG :: [ACTIVE_FLAG, RECORD_CREATE_DATE, CREATEDON, RECORD_UPDATE_DATE, SOURCE_PKEY_SPK, GENERATEDFOR_ID, GENERATEDFOREXTERNAL, TYPE_ID, ACTIVE, CREATEDBY_ID, ID, MODIFIEDON, OWNER_ID, REMOVEDBY_ID, REMOVEDON, MEMO, RECORD_UPDATED_BY, IMPORTID, TENANT_TYPE]
Column Name found in Datamart and Curated Table :: REMOVEDON
Column Name found in Datamart and Curated Table :: TYPE_ID
Column Name found in Datamart and Curated Table :: CREATEDON
Column Name found in Datamart and Curated Table :: MEMO
Column Name found in Datamart and Curated Table :: GENERATEDFOREXTERNAL
Column Name found in Datamart and Curated Table :: ACTIVE
Column Name found in Datamart and Curated Table :: OWNER_ID
Column Name found in Datamart and Curated Table :: ID
Column Name found in Datamart and Curated Table :: MODIFIEDON
Column Name found in Datamart and Curated Table :: CREATEDBY_ID
Column Name found in Datamart and Curated Table :: GENERATEDFOR_ID
Column Name found in Datamart and Curated Table :: IMPORTID
Column Name found in Datamart and Curated Table :: REMOVEDBY_ID
Datamart tables contains additional column name like [ACTIVE_FLAG, RECORD_CREATE_DATE, RECORD_UPDATE_DATE, RECORD_UPDATE_DATE, MASTER_ID, TENANT_TYPE]
Curated tables contains additional column name like [RECORD_CREATE_DATE, RECORD_UPDATE_DATE, RECORD_UPDATED_BY, TENANT_TYPE]]]>
  </system-out>
  <testcase classname="testcases.RAW_DATAMART_CURATED.SnowFlake_ColumnValidation_BKPTables" name="validateColumnName_BKP" time="4.198"/>
  <system-out>
    <![CDATA[Executing Snowflake query :: SELECT COLUMN_NAME FROM DEV_ENT_RAW.INFORMATION_SCHEMA.COLUMNS WHERE TABLE_NAME='PURCHASEORDERITEM'and TABLE_SCHEMA='ST_BILLFENWICK_MATILLION'
Executing Snowflake query :: SELECT COLUMN_NAME FROM CURATED_DATAMART.INFORMATION_SCHEMA.COLUMNS WHERE TABLE_NAME='STR_PURCHASEORDERITEM'and TABLE_SCHEMA='ST_BKP_BILLFENWICK'
Executing Snowflake query :: SELECT COLUMN_NAME FROM DEV_ENT_CURATED.INFORMATION_SCHEMA.COLUMNS WHERE TABLE_NAME='DIM_PURCHASEORDERITEM'and TABLE_SCHEMA='MASTER_DIMENSIONS'
Column names for RAW Table --> PURCHASEORDERITEM :: [MODIFIEDON, PROJECTLABELS, SKUVENDOR_ID, TECHNICIANFORBASERATE2_ID, USEDMATERIAL_ID, CREATEDBY_ID, TECHNICIANFORBASERATE3_ID, ACTIVE, MATERIALVENDOR_ID, TECHNICIANSPLIT3, ISINVENTORY, MARKUP, TECHNICIANSPLIT1, DESCRIPTION, VENDORPARTNUMBER, MATERIAL_ID, QUANTITY, INVENTORYLOCATION_ID, SKUREFERENCE_SKUID, STATUS, UNITOFMEASURE_ID, BUSINESSUNIT_ID, IMPORTID, PURCHASEORDER_ID, SERIALNUMBER, TECHNICIANSPLIT2, SKUREFERENCE_SKUTYPE, CHARGEABLEITEM_ID, ID, REQUISITIONITEM_ID, COST, CREATEDON, EQUIPMENT_ID, EQUIPMENTVENDOR_ID, ROLLEDOVERFROMITEM_ID, SKU_ID, TECHNICIANFORBASERATE1_ID, ROLLOVERQUANTITY]
Column names for DataMart Table --> STR_PURCHASEORDERITEM :: [ACTIVE, ROLLOVERQUANTITY, MATERIALVENDOR_ID, RECORD_UPDATE_DATE, TECHNICIANSPLIT2, ACTIVE_FLAG, COST, PURCHASEORDER_ID, TECHNICIANSPLIT3, EQUIPMENT_ID, TECHNICIANSPLIT1, PROJECTLABELS, CHARGEABLEITEM_ID, CREATEDON, EQUIPMENTVENDOR_ID, MARKUP, MODIFIEDON, ROLLEDOVERFROMITEM_ID, MATERIAL_ID, UNITOFMEASURE_ID, DESCRIPTION, INVENTORYLOCATION_ID, TECHNICIANFORBASERATE3_ID, SKUVENDOR_ID, BUSINESSUNIT_ID, IMPORTID, QUANTITY, CREATEDBY_ID, ID, MASTER_ID, RECORD_CREATE_DATE, SKUREFERENCE_SKUID, SKUREFERENCE_SKUTYPE, TENANT_TYPE, USEDMATERIAL_ID, ISINVENTORY, REQUISITIONITEM_ID, SERIALNUMBER, STATUS, TECHNICIANFORBASERATE2_ID, VENDORPARTNUMBER, SKU_ID, TECHNICIANFORBASERATE1_ID]
Column names for Curated Table --> DIM_PURCHASEORDERITEM :: [CREATEDBY_ID, DESCRIPTION, EQUIPMENTVENDOR_ID, EQUIPMENT_ID, MATERIALVENDOR_ID, RECORD_UPDATE_DATE, TECHNICIANFORBASERATE1_ID, MODIFIEDON, UNITOFMEASURE_ID, USEDMATERIAL_ID, TECHNICIANSPLIT2, CHARGEABLEITEM_ID, COST, QUANTITY, TECHNICIANFORBASERATE3_ID, INVENTORYLOCATION_ID, IMPORTID, REQUISITIONITEM_ID, TENANT_TYPE, VENDORPARTNUMBER, SKU_ID, CREATEDON, ID, SKUREFERENCE_SKUTYPE, MARKUP, PROJECTLABELS, PURCHASEORDER_ID, SERIALNUMBER, SKUVENDOR_ID, TECHNICIANSPLIT3, ROLLOVERQUANTITY, STATUS, BUSINESSUNIT_ID, ISINVENTORY, RECORD_CREATE_DATE, ROLLEDOVERFROMITEM_ID, TECHNICIANSPLIT1, SKUREFERENCE_SKUID, ACTIVE, MATERIAL_ID, RECORD_UPDATED_BY, TECHNICIANFORBASERATE2_ID]
Column Name found in Datamart and Curated Table :: MODIFIEDON
Column Name found in Datamart and Curated Table :: PROJECTLABELS
Column Name found in Datamart and Curated Table :: SKUVENDOR_ID
Column Name found in Datamart and Curated Table :: TECHNICIANFORBASERATE2_ID
Column Name found in Datamart and Curated Table :: USEDMATERIAL_ID
Column Name found in Datamart and Curated Table :: CREATEDBY_ID
Column Name found in Datamart and Curated Table :: TECHNICIANFORBASERATE3_ID
Column Name found in Datamart and Curated Table :: ACTIVE
Column Name found in Datamart and Curated Table :: MATERIALVENDOR_ID
Column Name found in Datamart and Curated Table :: TECHNICIANSPLIT3
Column Name found in Datamart and Curated Table :: ISINVENTORY
Column Name found in Datamart and Curated Table :: MARKUP
Column Name found in Datamart and Curated Table :: TECHNICIANSPLIT1
Column Name found in Datamart and Curated Table :: DESCRIPTION
Column Name found in Datamart and Curated Table :: VENDORPARTNUMBER
Column Name found in Datamart and Curated Table :: MATERIAL_ID
Column Name found in Datamart and Curated Table :: QUANTITY
Column Name found in Datamart and Curated Table :: INVENTORYLOCATION_ID
Column Name found in Datamart and Curated Table :: SKUREFERENCE_SKUID
Column Name found in Datamart and Curated Table :: STATUS
Column Name found in Datamart and Curated Table :: UNITOFMEASURE_ID
Column Name found in Datamart and Curated Table :: BUSINESSUNIT_ID
Column Name found in Datamart and Curated Table :: IMPORTID
Column Name found in Datamart and Curated Table :: PURCHASEORDER_ID
Column Name found in Datamart and Curated Table :: SERIALNUMBER
Column Name found in Datamart and Curated Table :: TECHNICIANSPLIT2
Column Name found in Datamart and Curated Table :: SKUREFERENCE_SKUTYPE
Column Name found in Datamart and Curated Table :: CHARGEABLEITEM_ID
Column Name found in Datamart and Curated Table :: ID
Column Name found in Datamart and Curated Table :: REQUISITIONITEM_ID
Column Name found in Datamart and Curated Table :: COST
Column Name found in Datamart and Curated Table :: CREATEDON
Column Name found in Datamart and Curated Table :: EQUIPMENT_ID
Column Name found in Datamart and Curated Table :: EQUIPMENTVENDOR_ID
Column Name found in Datamart and Curated Table :: ROLLEDOVERFROMITEM_ID
Column Name found in Datamart and Curated Table :: SKU_ID
Column Name found in Datamart and Curated Table :: TECHNICIANFORBASERATE1_ID
Column Name found in Datamart and Curated Table :: ROLLOVERQUANTITY
Datamart tables contains additional column name like [ACTIVE_FLAG, RECORD_CREATE_DATE, RECORD_UPDATE_DATE, RECORD_UPDATE_DATE, MASTER_ID, TENANT_TYPE]
Curated tables contains additional column name like [RECORD_CREATE_DATE, RECORD_UPDATE_DATE, RECORD_UPDATED_BY, TENANT_TYPE]]]>
  </system-out>
  <testcase classname="testcases.RAW_DATAMART_CURATED.SnowFlake_ColumnValidation_BKPTables" name="validateColumnName_BKP" time="2.365"/>
  <system-out>
    <![CDATA[Executing Snowflake query :: SELECT COLUMN_NAME FROM DEV_ENT_RAW.INFORMATION_SCHEMA.COLUMNS WHERE TABLE_NAME='MATERIALVENDORSUBACCOUNT'and TABLE_SCHEMA='ST_GOLDMEDAL_MATILLION'
Executing Snowflake query :: SELECT COLUMN_NAME FROM CURATED_DATAMART.INFORMATION_SCHEMA.COLUMNS WHERE TABLE_NAME='STR_MATERIALVENDORSUBACCOUNT'and TABLE_SCHEMA='ST_BKP_GOLDMEDAL'
Executing Snowflake query :: SELECT COLUMN_NAME FROM DEV_ENT_CURATED.INFORMATION_SCHEMA.COLUMNS WHERE TABLE_NAME='DIM_MATERIALVENDORSUBACCOUNT'and TABLE_SCHEMA='MASTER_DIMENSIONS'
Column names for RAW Table --> MATERIALVENDORSUBACCOUNT :: [CREATEDON, ACCOUNTNAME, ID, MATERIALVENDOR_ID, COST, IMPORTID, CREATEDBY_ID, ACTIVE]
Column names for DataMart Table --> STR_MATERIALVENDORSUBACCOUNT :: [RECORD_UPDATE_DATE, ACTIVE_FLAG, COST, CREATEDBY_ID, ACTIVE, CREATEDON, IMPORTID, RECORD_CREATE_DATE, ACCOUNTNAME, TENANT_TYPE, ID, MASTER_ID, MATERIALVENDOR_ID]
Column names for Curated Table --> DIM_MATERIALVENDORSUBACCOUNT :: [RECORD_CREATE_DATE, IMPORTID, ACTIVE, CREATEDBY_ID, CREATEDON, ID, RECORD_UPDATE_DATE, TENANT_TYPE, RECORD_UPDATED_BY, ACCOUNTNAME, MATERIALVENDOR_ID, COST]
Column Name found in Datamart and Curated Table :: CREATEDON
Column Name found in Datamart and Curated Table :: ACCOUNTNAME
Column Name found in Datamart and Curated Table :: ID
Column Name found in Datamart and Curated Table :: MATERIALVENDOR_ID
Column Name found in Datamart and Curated Table :: COST
Column Name found in Datamart and Curated Table :: IMPORTID
Column Name found in Datamart and Curated Table :: CREATEDBY_ID
Column Name found in Datamart and Curated Table :: ACTIVE
Datamart tables contains additional column name like [ACTIVE_FLAG, RECORD_CREATE_DATE, RECORD_UPDATE_DATE, RECORD_UPDATE_DATE, MASTER_ID, TENANT_TYPE]
Curated tables contains additional column name like [RECORD_CREATE_DATE, RECORD_UPDATE_DATE, RECORD_UPDATED_BY, TENANT_TYPE]]]>
  </system-out>
  <testcase classname="testcases.RAW_DATAMART_CURATED.SnowFlake_ColumnValidation_BKPTables" name="validateColumnName_BKP" time="2.972"/>
  <system-out>
    <![CDATA[Executing Snowflake query :: SELECT COLUMN_NAME FROM DEV_ENT_RAW.INFORMATION_SCHEMA.COLUMNS WHERE TABLE_NAME='ESTIMATEITEM'and TABLE_SCHEMA='ST_MAITZ_MATILLION'
Executing Snowflake query :: SELECT COLUMN_NAME FROM CURATED_DATAMART.INFORMATION_SCHEMA.COLUMNS WHERE TABLE_NAME='STR_ESTIMATEITEM'and TABLE_SCHEMA='ST_BKP_MAITZ'
Executing Snowflake query :: SELECT COLUMN_NAME FROM DEV_ENT_CURATED.INFORMATION_SCHEMA.COLUMNS WHERE TABLE_NAME='DIM_ESTIMATEITEM'and TABLE_SCHEMA='MASTER_DIMENSIONS'
Column names for RAW Table --> ESTIMATEITEM :: [AUTOGLASSITEM_ID, COSTOFSALEACCOUNT_ID, ITEMGROUPROOT_ID, MODIFIEDON, SKUREFERENCE_SKUID, SOLDBY_ID, STANDARDPRICE, TAXABLE, ACCOUNT, INSTALLEDEQUIPMENT_ID, MARKUP, PAYSFLATAMOUNT, GENERALLEDGERACCOUNT_ID, LASTUNITPRICESETBYEMPLOYEE, ACTIVE, DESCRIPTION, ESTIMATE_ID, CREATEDBY_ID, ORDER, TOTALCOST, CHARGEABLE, SCHEDULEDFLATAMOUNT, SKU_ID, RENEWABLEMEMBERSHIP_ID, ADDONFLATAMOUNT, CREATEDFROM_ID, MEMBERSHIPDURATION, PARENTITEM_ID, ISHIDDENFROMCUSTOMER, ALLOWDISCOUNTS, ISNOTGOINGTOBEDONE, MEMBERSHIPBILLINGFREQUENCY, PAYSSOLDBYRATE, PROJECTLABELS, SKUREFERENCE_SKUTYPE, ID, MEMBERPRICE, PRICEMODIFIER_ID, PROJECTORDER, QUANTITY, COST, CREATEDON, IMPORTID, ISADDON, ITEMGROUPNAME, TOTAL, UNITPRICE, INVOICEITEM_ID, DEMANDSTATUS, EQUIPMENT_ID]
Column names for DataMart Table --> STR_ESTIMATEITEM :: [CHARGEABLE, EQUIPMENT_ID, GENERALLEDGERACCOUNT_ID, ISHIDDENFROMCUSTOMER, ISNOTGOINGTOBEDONE, ADDONFLATAMOUNT, ALLOWDISCOUNTS, AUTOGLASSITEM_ID, COST, INSTALLEDEQUIPMENT_ID, LASTUNITPRICESETBYEMPLOYEE, RENEWABLEMEMBERSHIP_ID, SKUREFERENCE_SKUID, TAXABLE, MEMBERSHIPDURATION, SOLDBY_ID, ACTIVE, ACTIVE_FLAG, CREATEDFROM_ID, PROJECTLABELS, PROJECTORDER, SCHEDULEDFLATAMOUNT, ITEMGROUPROOT_ID, PRICEMODIFIER_ID, QUANTITY, MASTER_ID, MARKUP, PAYSSOLDBYRATE, IMPORTID, ORDER, PAYSFLATAMOUNT, RECORD_UPDATE_DATE, TENANT_TYPE, ITEMGROUPNAME, MEMBERPRICE, SKUREFERENCE_SKUTYPE, STANDARDPRICE, CREATEDON, DESCRIPTION, INVOICEITEM_ID, DEMANDSTATUS, ACCOUNT, CREATEDBY_ID, ISADDON, MEMBERSHIPBILLINGFREQUENCY, MODIFIEDON, PARENTITEM_ID, SKU_ID, TOTAL, ESTIMATE_ID, ID, UNITPRICE, COSTOFSALEACCOUNT_ID, RECORD_CREATE_DATE, TOTALCOST]
Column names for Curated Table --> DIM_ESTIMATEITEM :: [CREATEDON, DEMANDSTATUS, MEMBERPRICE, MEMBERSHIPBILLINGFREQUENCY, MEMBERSHIPDURATION, SKUREFERENCE_SKUTYPE, ADDONFLATAMOUNT, AUTOGLASSITEM_ID, COST, ID, PAYSSOLDBYRATE, STANDARDPRICE, TENANT_TYPE, TOTAL, RECORD_CREATE_DATE, ITEMGROUPROOT_ID, PARENTITEM_ID, ORDER, PROJECTLABELS, SOLDBY_ID, PROJECTORDER, ACTIVE, ALLOWDISCOUNTS, CREATEDFROM_ID, DESCRIPTION, ESTIMATE_ID, MARKUP, ISADDON, CREATEDBY_ID, GENERALLEDGERACCOUNT_ID, INVOICEITEM_ID, PRICEMODIFIER_ID, RECORD_UPDATED_BY, SKUREFERENCE_SKUID, QUANTITY, CHARGEABLE, ISHIDDENFROMCUSTOMER, SKU_ID, COSTOFSALEACCOUNT_ID, ISNOTGOINGTOBEDONE, TOTALCOST, INSTALLEDEQUIPMENT_ID, ITEMGROUPNAME, PAYSFLATAMOUNT, TAXABLE, SCHEDULEDFLATAMOUNT, ACCOUNT, EQUIPMENT_ID, LASTUNITPRICESETBYEMPLOYEE, RENEWABLEMEMBERSHIP_ID, IMPORTID, RECORD_UPDATE_DATE, UNITPRICE, MODIFIEDON]
Column Name found in Datamart and Curated Table :: AUTOGLASSITEM_ID
Column Name found in Datamart and Curated Table :: COSTOFSALEACCOUNT_ID
Column Name found in Datamart and Curated Table :: ITEMGROUPROOT_ID
Column Name found in Datamart and Curated Table :: MODIFIEDON
Column Name found in Datamart and Curated Table :: SKUREFERENCE_SKUID
Column Name found in Datamart and Curated Table :: SOLDBY_ID
Column Name found in Datamart and Curated Table :: STANDARDPRICE
Column Name found in Datamart and Curated Table :: TAXABLE
Column Name found in Datamart and Curated Table :: ACCOUNT
Column Name found in Datamart and Curated Table :: INSTALLEDEQUIPMENT_ID
Column Name found in Datamart and Curated Table :: MARKUP
Column Name found in Datamart and Curated Table :: PAYSFLATAMOUNT
Column Name found in Datamart and Curated Table :: GENERALLEDGERACCOUNT_ID
Column Name found in Datamart and Curated Table :: LASTUNITPRICESETBYEMPLOYEE
Column Name found in Datamart and Curated Table :: ACTIVE
Column Name found in Datamart and Curated Table :: DESCRIPTION
Column Name found in Datamart and Curated Table :: ESTIMATE_ID
Column Name found in Datamart and Curated Table :: CREATEDBY_ID
Column Name found in Datamart and Curated Table :: ORDER
Column Name found in Datamart and Curated Table :: TOTALCOST
Column Name found in Datamart and Curated Table :: CHARGEABLE
Column Name found in Datamart and Curated Table :: SCHEDULEDFLATAMOUNT
Column Name found in Datamart and Curated Table :: SKU_ID
Column Name found in Datamart and Curated Table :: RENEWABLEMEMBERSHIP_ID
Column Name found in Datamart and Curated Table :: ADDONFLATAMOUNT
Column Name found in Datamart and Curated Table :: CREATEDFROM_ID
Column Name found in Datamart and Curated Table :: MEMBERSHIPDURATION
Column Name found in Datamart and Curated Table :: PARENTITEM_ID
Column Name found in Datamart and Curated Table :: ISHIDDENFROMCUSTOMER
Column Name found in Datamart and Curated Table :: ALLOWDISCOUNTS
Column Name found in Datamart and Curated Table :: ISNOTGOINGTOBEDONE
Column Name found in Datamart and Curated Table :: MEMBERSHIPBILLINGFREQUENCY
Column Name found in Datamart and Curated Table :: PAYSSOLDBYRATE
Column Name found in Datamart and Curated Table :: PROJECTLABELS
Column Name found in Datamart and Curated Table :: SKUREFERENCE_SKUTYPE
Column Name found in Datamart and Curated Table :: ID
Column Name found in Datamart and Curated Table :: MEMBERPRICE
Column Name found in Datamart and Curated Table :: PRICEMODIFIER_ID
Column Name found in Datamart and Curated Table :: PROJECTORDER
Column Name found in Datamart and Curated Table :: QUANTITY
Column Name found in Datamart and Curated Table :: COST
Column Name found in Datamart and Curated Table :: CREATEDON
Column Name found in Datamart and Curated Table :: IMPORTID
Column Name found in Datamart and Curated Table :: ISADDON
Column Name found in Datamart and Curated Table :: ITEMGROUPNAME
Column Name found in Datamart and Curated Table :: TOTAL
Column Name found in Datamart and Curated Table :: UNITPRICE
Column Name found in Datamart and Curated Table :: INVOICEITEM_ID
Column Name found in Datamart and Curated Table :: DEMANDSTATUS
Column Name found in Datamart and Curated Table :: EQUIPMENT_ID
Datamart tables contains additional column name like [ACTIVE_FLAG, RECORD_CREATE_DATE, RECORD_UPDATE_DATE, RECORD_UPDATE_DATE, MASTER_ID, TENANT_TYPE]
Curated tables contains additional column name like [RECORD_CREATE_DATE, RECORD_UPDATE_DATE, RECORD_UPDATED_BY, TENANT_TYPE]]]>
  </system-out>
  <testcase classname="testcases.RAW_DATAMART_CURATED.SnowFlake_ColumnValidation_BKPTables" name="validateColumnName_BKP" time="2.660"/>
  <system-out>
    <![CDATA[Executing Snowflake query :: SELECT COLUMN_NAME FROM DEV_ENT_RAW.INFORMATION_SCHEMA.COLUMNS WHERE TABLE_NAME='INVOICE'and TABLE_SCHEMA='ST_HENDERSON_MATILLION'
Executing Snowflake query :: SELECT COLUMN_NAME FROM CURATED_DATAMART.INFORMATION_SCHEMA.COLUMNS WHERE TABLE_NAME='STR_INVOICE'and TABLE_SCHEMA='ST_BKP_HENDERSON'
Executing Snowflake query :: SELECT COLUMN_NAME FROM DEV_ENT_CURATED.INFORMATION_SCHEMA.COLUMNS WHERE TABLE_NAME='FACT_INVOICE'and TABLE_SCHEMA='MASTER_DIMENSIONS'
Column names for RAW Table --> INVOICE :: [BALANCE, DISCOUNTTOTAL, EXTERNALID, INVOICEDON, LOCATION_ID, MODIFIEDON, PROJECT_ID, TAX, BUSINESSUNIT_ID, NEWCONSTRUCTION, JOB_ID, SUBTOTAL, CONFIGURATION, COUNTERSALESLOCATION_ID, INCLUDEINTECHNICIANREPORTS, MATERIALSKUREFERENCE_SKUTYPE, ROYALTY_DATE, TOTAL, BILLINGDATE, EXPORTID, NUMBER, PAYMENTDUEDATE, TAXZONE_ID, IMPORTID, PROJECTLABELS, TYPE_ID, ACTIVE, AUTHORIZATIONSIGNATURE, CREATEDBY_ID, LABORTAX, PAIDON, PAYROLLDATE, NETAMOUNT, TECHNICIANACKNOWLEDGEMENTSIGNATURE, MATERIALSKU_ID, ACKNOWLEDGEMENTSIGNATURE, ADJUSTMENTTO_ID, BATCH_ID, COMMISSIONELIGIBILITYDATE, ID, SUMMARY, NUMERICNUMBER, ROYALTY_SENTON, STATUS, AUTHORIZEDAMOUNT, CUSTOMER_ID, EXCLUDEFROMPAYROLL, FEETOTAL, MATERIALSKUREFERENCE_SKUID, CREATEDON, PAYMENTTERM_ID, ROYALTY_MEMO, ROYALTY_STATUS, FEETAX, MATERIALTAX, SIGNATURE, MEMBERSHIP_ID]
Column names for DataMart Table --> STR_INVOICE :: [ACTIVE, MATERIALSKUREFERENCE_SKUTYPE, NETAMOUNT, ROYALTY_STATUS, TOTAL, BUSINESSUNIT_ID, MASTER_ID, MATERIALTAX, TYPE_ID, NEWCONSTRUCTION, RECORD_CREATE_DATE, DISCOUNTTOTAL, PAYMENTTERM_ID, RECORD_UPDATE_DATE, SIGNATURE, SUMMARY, BALANCE, ACTIVE_FLAG, FEETOTAL, JOB_ID, NUMBER, MEMBERSHIP_ID, PROJECTLABELS, TENANT_TYPE, LOCATION_ID, ACKNOWLEDGEMENTSIGNATURE, ADJUSTMENTTO_ID, CREATEDBY_ID, CUSTOMER_ID, EXPORTID, MATERIALSKU_ID, MODIFIEDON, ROYALTY_MEMO, INCLUDEINTECHNICIANREPORTS, NUMERICNUMBER, MATERIALSKUREFERENCE_SKUID, TECHNICIANACKNOWLEDGEMENTSIGNATURE, CONFIGURATION, EXTERNALID, IMPORTID, PAYROLLDATE, PAIDON, FEETAX, ID, INVOICEDON, TAXZONE_ID, ROYALTY_SENTON, TAX, AUTHORIZATIONSIGNATURE, AUTHORIZEDAMOUNT, BATCH_ID, BILLINGDATE, COMMISSIONELIGIBILITYDATE, SUBTOTAL, COUNTERSALESLOCATION_ID, LABORTAX, STATUS, CREATEDON, EXCLUDEFROMPAYROLL, PROJECT_ID, ROYALTY_DATE, PAYMENTDUEDATE]
Column names for Curated Table --> FACT_INVOICE :: [CONFIGURATION, EXPORTID, EXTERNALID, MATERIALSKUREFERENCE_SKUTYPE, RECORD_UPDATED_BY, ROYALTY_DATE, FEETAX, TAX, TOTAL, BALANCE, BUSINESSUNIT_ID, CREATEDON, PAYMENTDUEDATE, PROJECT_ID, NETAMOUNT, NUMERICNUMBER, ROYALTY_SENTON, NUMBER, DISCOUNTTOTAL, EXCLUDEFROMPAYROLL, INCLUDEINTECHNICIANREPORTS, MODIFIEDON, STATUS, TENANT_TYPE, NEWCONSTRUCTION, ACKNOWLEDGEMENTSIGNATURE, ADJUSTMENTTO_ID, CREATEDBY_ID, CUSTOMER_ID, FEETOTAL, INVOICEDON, PAIDON, TYPE_ID, JOB_ID, LABORTAX, LOCATION_ID, ROYALTY_STATUS, SUMMARY, PROJECTLABELS, MATERIALSKUREFERENCE_SKUID, MATERIALSKU_ID, MEMBERSHIP_ID, COMMISSIONELIGIBILITYDATE, RECORD_CREATE_DATE, RECORD_UPDATE_DATE, SIGNATURE, AUTHORIZATIONSIGNATURE, BILLINGDATE, IMPORTID, TECHNICIANACKNOWLEDGEMENTSIGNATURE, AUTHORIZEDAMOUNT, ID, PAYROLLDATE, ACTIVE, COUNTERSALESLOCATION_ID, PAYMENTTERM_ID, SUBTOTAL, BATCH_ID, MATERIALTAX, ROYALTY_MEMO, TAXZONE_ID]
Column Name found in Datamart and Curated Table :: BALANCE
Column Name found in Datamart and Curated Table :: DISCOUNTTOTAL
Column Name found in Datamart and Curated Table :: EXTERNALID
Column Name found in Datamart and Curated Table :: INVOICEDON
Column Name found in Datamart and Curated Table :: LOCATION_ID
Column Name found in Datamart and Curated Table :: MODIFIEDON
Column Name found in Datamart and Curated Table :: PROJECT_ID
Column Name found in Datamart and Curated Table :: TAX
Column Name found in Datamart and Curated Table :: BUSINESSUNIT_ID
Column Name found in Datamart and Curated Table :: NEWCONSTRUCTION
Column Name found in Datamart and Curated Table :: JOB_ID
Column Name found in Datamart and Curated Table :: SUBTOTAL
Column Name found in Datamart and Curated Table :: CONFIGURATION
Column Name found in Datamart and Curated Table :: COUNTERSALESLOCATION_ID
Column Name found in Datamart and Curated Table :: INCLUDEINTECHNICIANREPORTS
Column Name found in Datamart and Curated Table :: MATERIALSKUREFERENCE_SKUTYPE
Column Name found in Datamart and Curated Table :: ROYALTY_DATE
Column Name found in Datamart and Curated Table :: TOTAL
Column Name found in Datamart and Curated Table :: BILLINGDATE
Column Name found in Datamart and Curated Table :: EXPORTID
Column Name found in Datamart and Curated Table :: NUMBER
Column Name found in Datamart and Curated Table :: PAYMENTDUEDATE
Column Name found in Datamart and Curated Table :: TAXZONE_ID
Column Name found in Datamart and Curated Table :: IMPORTID
Column Name found in Datamart and Curated Table :: PROJECTLABELS
Column Name found in Datamart and Curated Table :: TYPE_ID
Column Name found in Datamart and Curated Table :: ACTIVE
Column Name found in Datamart and Curated Table :: AUTHORIZATIONSIGNATURE
Column Name found in Datamart and Curated Table :: CREATEDBY_ID
Column Name found in Datamart and Curated Table :: LABORTAX
Column Name found in Datamart and Curated Table :: PAIDON
Column Name found in Datamart and Curated Table :: PAYROLLDATE
Column Name found in Datamart and Curated Table :: NETAMOUNT
Column Name found in Datamart and Curated Table :: TECHNICIANACKNOWLEDGEMENTSIGNATURE
Column Name found in Datamart and Curated Table :: MATERIALSKU_ID
Column Name found in Datamart and Curated Table :: ACKNOWLEDGEMENTSIGNATURE
Column Name found in Datamart and Curated Table :: ADJUSTMENTTO_ID
Column Name found in Datamart and Curated Table :: BATCH_ID
Column Name found in Datamart and Curated Table :: COMMISSIONELIGIBILITYDATE
Column Name found in Datamart and Curated Table :: ID
Column Name found in Datamart and Curated Table :: SUMMARY
Column Name found in Datamart and Curated Table :: NUMERICNUMBER
Column Name found in Datamart and Curated Table :: ROYALTY_SENTON
Column Name found in Datamart and Curated Table :: STATUS
Column Name found in Datamart and Curated Table :: AUTHORIZEDAMOUNT
Column Name found in Datamart and Curated Table :: CUSTOMER_ID
Column Name found in Datamart and Curated Table :: EXCLUDEFROMPAYROLL
Column Name found in Datamart and Curated Table :: FEETOTAL
Column Name found in Datamart and Curated Table :: MATERIALSKUREFERENCE_SKUID
Column Name found in Datamart and Curated Table :: CREATEDON
Column Name found in Datamart and Curated Table :: PAYMENTTERM_ID
Column Name found in Datamart and Curated Table :: ROYALTY_MEMO
Column Name found in Datamart and Curated Table :: ROYALTY_STATUS
Column Name found in Datamart and Curated Table :: FEETAX
Column Name found in Datamart and Curated Table :: MATERIALTAX
Column Name found in Datamart and Curated Table :: SIGNATURE
Column Name found in Datamart and Curated Table :: MEMBERSHIP_ID
Datamart tables contains additional column name like [ACTIVE_FLAG, RECORD_CREATE_DATE, RECORD_UPDATE_DATE, RECORD_UPDATE_DATE, MASTER_ID, TENANT_TYPE]
Curated tables contains additional column name like [RECORD_CREATE_DATE, RECORD_UPDATE_DATE, RECORD_UPDATED_BY, TENANT_TYPE]]]>
  </system-out>
  <testcase classname="testcases.RAW_DATAMART_CURATED.SnowFlake_ColumnValidation_BKPTables" name="validateColumnName_BKP" time="2.467"/>
  <system-out>
    <![CDATA[Executing Snowflake query :: SELECT COLUMN_NAME FROM DEV_ENT_RAW.INFORMATION_SCHEMA.COLUMNS WHERE TABLE_NAME='PAYMENT'and TABLE_SCHEMA='ST_HDAIR_MATILLION'
Executing Snowflake query :: SELECT COLUMN_NAME FROM CURATED_DATAMART.INFORMATION_SCHEMA.COLUMNS WHERE TABLE_NAME='STR_PAYMENT'and TABLE_SCHEMA='ST_BKP_HDAIR'
Executing Snowflake query :: SELECT COLUMN_NAME FROM DEV_ENT_CURATED.INFORMATION_SCHEMA.COLUMNS WHERE TABLE_NAME='DIM_PAYMENT'and TABLE_SCHEMA='MASTER_DIMENSIONS'
Column names for RAW Table --> PAYMENT :: [IMPORTID, MODIFIEDON, PAIDON, INVOICE_ID, ACTIVE, CREDITAVAILABLE, DEFERREDINTEREST, CREATEDBY_ID, PAYMENTDATE, AUTHORIZATIONSIGNATURE, ESTIMATE_ID, AGREEMENTLANGUAGE, BUSINESSUNIT_ID, CUSTOMER_ID, EXTERNALID, PROJECT_ID, CHECKNUMBER, EXPORTID, NUMBER, SETTLEMENTDATE, SOURCE, AMOUNT, BATCH_ID, MEMO, METHOD, TRANSACTIONSTATUS, UNAPPLIEDAMOUNT, APPLIEDON, FINANCINGOPERATOR, REFUNDEDAMOUNT, STOREDPAYMENT_ID, ID, CREATEDON, STATUS, TYPE_ID, SETTLEMENTSTATUS, TRANSACTION]
Column names for DataMart Table --> STR_PAYMENT :: [CREATEDBY_ID, CREATEDON, DEFERREDINTEREST, TENANT_TYPE, ACTIVE_FLAG, BATCH_ID, CHECKNUMBER, CREDITAVAILABLE, CUSTOMER_ID, TRANSACTION, AGREEMENTLANGUAGE, ESTIMATE_ID, EXPORTID, ID, APPLIEDON, MEMO, FINANCINGOPERATOR, BUSINESSUNIT_ID, MASTER_ID, MODIFIEDON, PROJECT_ID, SETTLEMENTSTATUS, STATUS, TYPE_ID, AUTHORIZATIONSIGNATURE, RECORD_UPDATE_DATE, SOURCE, UNAPPLIEDAMOUNT, PAIDON, ACTIVE, IMPORTID, INVOICE_ID, NUMBER, REFUNDEDAMOUNT, STOREDPAYMENT_ID, TRANSACTIONSTATUS, AMOUNT, EXTERNALID, METHOD, PAYMENTDATE, RECORD_CREATE_DATE, SETTLEMENTDATE]
Column names for Curated Table --> DIM_PAYMENT :: [DEFERREDINTEREST, PAIDON, SOURCE, TENANT_TYPE, PAYMENTDATE, TYPE_ID, ACTIVE, INVOICE_ID, ESTIMATE_ID, UNAPPLIEDAMOUNT, STATUS, CREATEDBY_ID, CUSTOMER_ID, EXPORTID, IMPORTID, TRANSACTION, MEMO, RECORD_UPDATE_DATE, TRANSACTIONSTATUS, AMOUNT, AUTHORIZATIONSIGNATURE, CHECKNUMBER, MODIFIEDON, EXTERNALID, PROJECT_ID, APPLIEDON, BATCH_ID, CREATEDON, FINANCINGOPERATOR, ID, RECORD_UPDATED_BY, REFUNDEDAMOUNT, SETTLEMENTSTATUS, BUSINESSUNIT_ID, METHOD, AGREEMENTLANGUAGE, CREDITAVAILABLE, NUMBER, RECORD_CREATE_DATE, SETTLEMENTDATE, STOREDPAYMENT_ID]
Column Name found in Datamart and Curated Table :: IMPORTID
Column Name found in Datamart and Curated Table :: MODIFIEDON
Column Name found in Datamart and Curated Table :: PAIDON
Column Name found in Datamart and Curated Table :: INVOICE_ID
Column Name found in Datamart and Curated Table :: ACTIVE
Column Name found in Datamart and Curated Table :: CREDITAVAILABLE
Column Name found in Datamart and Curated Table :: DEFERREDINTEREST
Column Name found in Datamart and Curated Table :: CREATEDBY_ID
Column Name found in Datamart and Curated Table :: PAYMENTDATE
Column Name found in Datamart and Curated Table :: AUTHORIZATIONSIGNATURE
Column Name found in Datamart and Curated Table :: ESTIMATE_ID
Column Name found in Datamart and Curated Table :: AGREEMENTLANGUAGE
Column Name found in Datamart and Curated Table :: BUSINESSUNIT_ID
Column Name found in Datamart and Curated Table :: CUSTOMER_ID
Column Name found in Datamart and Curated Table :: EXTERNALID
Column Name found in Datamart and Curated Table :: PROJECT_ID
Column Name found in Datamart and Curated Table :: CHECKNUMBER
Column Name found in Datamart and Curated Table :: EXPORTID
Column Name found in Datamart and Curated Table :: NUMBER
Column Name found in Datamart and Curated Table :: SETTLEMENTDATE
Column Name found in Datamart and Curated Table :: SOURCE
Column Name found in Datamart and Curated Table :: AMOUNT
Column Name found in Datamart and Curated Table :: BATCH_ID
Column Name found in Datamart and Curated Table :: MEMO
Column Name found in Datamart and Curated Table :: METHOD
Column Name found in Datamart and Curated Table :: TRANSACTIONSTATUS
Column Name found in Datamart and Curated Table :: UNAPPLIEDAMOUNT
Column Name found in Datamart and Curated Table :: APPLIEDON
Column Name found in Datamart and Curated Table :: FINANCINGOPERATOR
Column Name found in Datamart and Curated Table :: REFUNDEDAMOUNT
Column Name found in Datamart and Curated Table :: STOREDPAYMENT_ID
Column Name found in Datamart and Curated Table :: ID
Column Name found in Datamart and Curated Table :: CREATEDON
Column Name found in Datamart and Curated Table :: STATUS
Column Name found in Datamart and Curated Table :: TYPE_ID
Column Name found in Datamart and Curated Table :: SETTLEMENTSTATUS
Column Name found in Datamart and Curated Table :: TRANSACTION
Datamart tables contains additional column name like [ACTIVE_FLAG, RECORD_CREATE_DATE, RECORD_UPDATE_DATE, RECORD_UPDATE_DATE, MASTER_ID, TENANT_TYPE]
Curated tables contains additional column name like [RECORD_CREATE_DATE, RECORD_UPDATE_DATE, RECORD_UPDATED_BY, TENANT_TYPE]]]>
  </system-out>
  <testcase classname="testcases.RAW_DATAMART_CURATED.SnowFlake_ColumnValidation_BKPTables" name="validateColumnName_BKP" time="2.449"/>
  <system-out>
    <![CDATA[Executing Snowflake query :: SELECT COLUMN_NAME FROM DEV_ENT_RAW.INFORMATION_SCHEMA.COLUMNS WHERE TABLE_NAME='ZONE'and TABLE_SCHEMA='ST_FOURPROS_MATILLION'
Executing Snowflake query :: SELECT COLUMN_NAME FROM CURATED_DATAMART.INFORMATION_SCHEMA.COLUMNS WHERE TABLE_NAME='STR_ZONE'and TABLE_SCHEMA='ST_BKP_FOURPROS'
Executing Snowflake query :: SELECT COLUMN_NAME FROM DEV_ENT_CURATED.INFORMATION_SCHEMA.COLUMNS WHERE TABLE_NAME='DIM_ZONE'and TABLE_SCHEMA='MASTER_DIMENSIONS'
Column names for RAW Table --> ZONE :: [LOCNNUMBERS, MODIFIEDON, SERVICEDAYSENABLED, IMPORTID, ZIPS, NAME, SERVICEDAYS, COLOR, MAXDRIVETIMEADJUSTMENT, CITIES, CREATEDBY_ID, CREATEDON, TERRITORYNUMBERS, ACTIVE, ID]
Column names for DataMart Table --> STR_ZONE :: [ACTIVE_FLAG, SERVICEDAYSENABLED, MASTER_ID, ACTIVE, MAXDRIVETIMEADJUSTMENT, TENANT_TYPE, SERVICEDAYS, COLOR, LOCNNUMBERS, RECORD_UPDATE_DATE, CREATEDON, TERRITORYNUMBERS, ZIPS, IMPORTID, NAME, CREATEDBY_ID, CITIES, ID, MODIFIEDON, RECORD_CREATE_DATE]
Column names for Curated Table --> DIM_ZONE :: [CREATEDON, ID, ZIPS, CITIES, IMPORTID, LOCNNUMBERS, MODIFIEDON, NAME, SERVICEDAYS, TENANT_TYPE, MAXDRIVETIMEADJUSTMENT, TERRITORYNUMBERS, RECORD_CREATE_DATE, ACTIVE, CREATEDBY_ID, SERVICEDAYSENABLED, RECORD_UPDATE_DATE, COLOR, RECORD_UPDATED_BY]
Column Name found in Datamart and Curated Table :: LOCNNUMBERS
Column Name found in Datamart and Curated Table :: MODIFIEDON
Column Name found in Datamart and Curated Table :: SERVICEDAYSENABLED
Column Name found in Datamart and Curated Table :: IMPORTID
Column Name found in Datamart and Curated Table :: ZIPS
Column Name found in Datamart and Curated Table :: NAME
Column Name found in Datamart and Curated Table :: SERVICEDAYS
Column Name found in Datamart and Curated Table :: COLOR
Column Name found in Datamart and Curated Table :: MAXDRIVETIMEADJUSTMENT
Column Name found in Datamart and Curated Table :: CITIES
Column Name found in Datamart and Curated Table :: CREATEDBY_ID
Column Name found in Datamart and Curated Table :: CREATEDON
Column Name found in Datamart and Curated Table :: TERRITORYNUMBERS
Column Name found in Datamart and Curated Table :: ACTIVE
Column Name found in Datamart and Curated Table :: ID
Datamart tables contains additional column name like [ACTIVE_FLAG, RECORD_CREATE_DATE, RECORD_UPDATE_DATE, RECORD_UPDATE_DATE, MASTER_ID, TENANT_TYPE]
Curated tables contains additional column name like [RECORD_CREATE_DATE, RECORD_UPDATE_DATE, RECORD_UPDATED_BY, TENANT_TYPE]]]>
  </system-out>
  <testcase classname="testcases.RAW_DATAMART_CURATED.SnowFlake_ColumnValidation_BKPTables" name="validateColumnName_BKP" time="6.235"/>
  <system-out>
    <![CDATA[Executing Snowflake query :: SELECT COLUMN_NAME FROM DEV_ENT_RAW.INFORMATION_SCHEMA.COLUMNS WHERE TABLE_NAME='VENDOR'and TABLE_SCHEMA='ST_BILLFENWICK_MATILLION'
Executing Snowflake query :: SELECT COLUMN_NAME FROM CURATED_DATAMART.INFORMATION_SCHEMA.COLUMNS WHERE TABLE_NAME='STR_VENDOR'and TABLE_SCHEMA='ST_BKP_BILLFENWICK'
Executing Snowflake query :: SELECT COLUMN_NAME FROM DEV_ENT_CURATED.INFORMATION_SCHEMA.COLUMNS WHERE TABLE_NAME='DIM_VENDOR'and TABLE_SCHEMA='MASTER_DIMENSIONS'
Column names for RAW Table --> VENDOR :: [ACTIVE, ADDRESS, VENDORADDRESS_ISMANUALCOORDINATES, VENDORADDRESS_STATE, VENDORADDRESS_UNIT, CREATEDBY_ID, ISTRUCKREPLENISHMENT, VENDORADDRESS_ISMILITARY, VENDORADDRESS_LONGITUDE, VENDORADDRESS_ZIP, CREATEDON, VENDORADDRESS_COUNTRY, RESTRICTEDMOBILECREATION, PAYMENTTERM_ID, VENDORADDRESS_STREET, TAXRATE, VENDORADDRESS_CITY, REMITTANCEVENDOR_ID, FIRSTNAME, MODIFIEDON, NAME, EXTERNALID, FAX, MEMO, PHONE, EMAIL, ID, IMPORTID, LASTNAME, VENDORADDRESS_LATITUDE, VENDORQUICKBOOKSITEM, DELIVERYOPTION]
Column names for DataMart Table --> STR_VENDOR :: [EXTERNALID, MASTER_ID, MEMO, NAME, ACTIVE, MODIFIEDON, REMITTANCEVENDOR_ID, VENDORQUICKBOOKSITEM, VENDORADDRESS_ISMANUALCOORDINATES, VENDORADDRESS_LATITUDE, CREATEDBY_ID, RECORD_UPDATE_DATE, PHONE, FIRSTNAME, RESTRICTEDMOBILECREATION, TAXRATE, VENDORADDRESS_ZIP, EMAIL, LASTNAME, PAYMENTTERM_ID, TENANT_TYPE, VENDORADDRESS_COUNTRY, VENDORADDRESS_STREET, RECORD_CREATE_DATE, VENDORADDRESS_STATE, FAX, VENDORADDRESS_CITY, VENDORADDRESS_ISMILITARY, VENDORADDRESS_LONGITUDE, ADDRESS, DELIVERYOPTION, ID, IMPORTID, ISTRUCKREPLENISHMENT, VENDORADDRESS_UNIT, ACTIVE_FLAG, CREATEDON]
Column names for Curated Table --> DIM_VENDOR :: [DELIVERYOPTION, EXTERNALID, VENDORADDRESS_LATITUDE, VENDORADDRESS_ISMILITARY, VENDORADDRESS_STREET, EMAIL, ID, MEMO, PHONE, TAXRATE, VENDORADDRESS_ZIP, VENDORADDRESS_CITY, ACTIVE, ADDRESS, FAX, ISTRUCKREPLENISHMENT, VENDORADDRESS_STATE, REMITTANCEVENDOR_ID, FIRSTNAME, NAME, VENDORADDRESS_COUNTRY, LASTNAME, RECORD_UPDATE_DATE, VENDORADDRESS_UNIT, MODIFIEDON, CREATEDBY_ID, RECORD_CREATE_DATE, TENANT_TYPE, VENDORADDRESS_LONGITUDE, CREATEDON, IMPORTID, VENDORADDRESS_ISMANUALCOORDINATES, RESTRICTEDMOBILECREATION, PAYMENTTERM_ID, RECORD_UPDATED_BY, VENDORQUICKBOOKSITEM]
Column Name found in Datamart and Curated Table :: ACTIVE
Column Name found in Datamart and Curated Table :: ADDRESS
Column Name found in Datamart and Curated Table :: VENDORADDRESS_ISMANUALCOORDINATES
Column Name found in Datamart and Curated Table :: VENDORADDRESS_STATE
Column Name found in Datamart and Curated Table :: VENDORADDRESS_UNIT
Column Name found in Datamart and Curated Table :: CREATEDBY_ID
Column Name found in Datamart and Curated Table :: ISTRUCKREPLENISHMENT
Column Name found in Datamart and Curated Table :: VENDORADDRESS_ISMILITARY
Column Name found in Datamart and Curated Table :: VENDORADDRESS_LONGITUDE
Column Name found in Datamart and Curated Table :: VENDORADDRESS_ZIP
Column Name found in Datamart and Curated Table :: CREATEDON
Column Name found in Datamart and Curated Table :: VENDORADDRESS_COUNTRY
Column Name found in Datamart and Curated Table :: RESTRICTEDMOBILECREATION
Column Name found in Datamart and Curated Table :: PAYMENTTERM_ID
Column Name found in Datamart and Curated Table :: VENDORADDRESS_STREET
Column Name found in Datamart and Curated Table :: TAXRATE
Column Name found in Datamart and Curated Table :: VENDORADDRESS_CITY
Column Name found in Datamart and Curated Table :: REMITTANCEVENDOR_ID
Column Name found in Datamart and Curated Table :: FIRSTNAME
Column Name found in Datamart and Curated Table :: MODIFIEDON
Column Name found in Datamart and Curated Table :: NAME
Column Name found in Datamart and Curated Table :: EXTERNALID
Column Name found in Datamart and Curated Table :: FAX
Column Name found in Datamart and Curated Table :: MEMO
Column Name found in Datamart and Curated Table :: PHONE
Column Name found in Datamart and Curated Table :: EMAIL
Column Name found in Datamart and Curated Table :: ID
Column Name found in Datamart and Curated Table :: IMPORTID
Column Name found in Datamart and Curated Table :: LASTNAME
Column Name found in Datamart and Curated Table :: VENDORADDRESS_LATITUDE
Column Name found in Datamart and Curated Table :: VENDORQUICKBOOKSITEM
Column Name found in Datamart and Curated Table :: DELIVERYOPTION
Datamart tables contains additional column name like [ACTIVE_FLAG, RECORD_CREATE_DATE, RECORD_UPDATE_DATE, RECORD_UPDATE_DATE, MASTER_ID, TENANT_TYPE]
Curated tables contains additional column name like [RECORD_CREATE_DATE, RECORD_UPDATE_DATE, RECORD_UPDATED_BY, TENANT_TYPE]]]>
  </system-out>
  <testcase classname="testcases.RAW_DATAMART_CURATED.SnowFlake_ColumnValidation_BKPTables" name="validateColumnName_BKP" time="2.241"/>
  <system-out>
    <![CDATA[Executing Snowflake query :: SELECT COLUMN_NAME FROM DEV_ENT_RAW.INFORMATION_SCHEMA.COLUMNS WHERE TABLE_NAME='PURCHASEORDER'and TABLE_SCHEMA='ST_MAITZ_MATILLION'
Executing Snowflake query :: SELECT COLUMN_NAME FROM CURATED_DATAMART.INFORMATION_SCHEMA.COLUMNS WHERE TABLE_NAME='STR_PURCHASEORDER'and TABLE_SCHEMA='ST_BKP_MAITZ'
Executing Snowflake query :: SELECT COLUMN_NAME FROM DEV_ENT_CURATED.INFORMATION_SCHEMA.COLUMNS WHERE TABLE_NAME='DIM_PURCHASEORDER'and TABLE_SCHEMA='MASTER_DIMENSIONS'
Column names for RAW Table --> PURCHASEORDER :: [AMOUNT, DATE, PROJECT_ID, ROLLEDOVERFROMPURCHASEORDER_ID, SHIPPING, SHIPTO_ZIP, TAXSCHEMA, INVOICE_ID, BUSINESSUNIT_ID, CREATEDON, GROUPINGOPTION, MODIFIEDON, SHIPTO_STREET, TAX, TYPE_ID, VENDORINVOICENUMBER, POVENDOR_ID, BATCH_ID, CANCELEDREASON, EXPORTID, ID, NOCHARGE, SENTON, SHIPTO_STATE, TAXRATE, JOB_ID, TRUCK_ID, ACTIVE, CREATEDBY_ID, MARKUP, REQUIREDON, SHIPTO_CITY, INVENTORYLOCATION_ID, VENDOR, EXTERNALID, PROJECTLABELS, SHIPTO_LONGITUDE, SHIPTO_UNIT, SHIPTODESCRIPTION, NUMBER, REQUISITION_ID, CANCELEDBY_ID, CANCELEDON, ERRORMESSAGE, IMPORTID, RECEIVEDON, SHIPTO_ISMILITARY, SENDSTATUS, SHIPTO_LATITUDE, SUMMARY, STATUS, SHIPTO_ISMANUALCOORDINATES, TECHNICIAN_ID, ISTIMEANDMATERIAL, SHIPTO_COUNTRY, SENDINGMETHOD]
Column names for DataMart Table --> STR_PURCHASEORDER :: [BATCH_ID, EXTERNALID, MASTER_ID, PROJECT_ID, STATUS, CREATEDBY_ID, PROJECTLABELS, TAXRATE, VENDORINVOICENUMBER, REQUISITION_ID, IMPORTID, SHIPTODESCRIPTION, TYPE_ID, CANCELEDBY_ID, CANCELEDON, CANCELEDREASON, SHIPTO_LONGITUDE, SHIPTO_UNIT, SHIPTO_LATITUDE, TAX, JOB_ID, TAXSCHEMA, BUSINESSUNIT_ID, ID, NOCHARGE, SENTON, SHIPTO_ISMILITARY, TRUCK_ID, INVOICE_ID, ISTIMEANDMATERIAL, SENDINGMETHOD, SHIPTO_COUNTRY, TENANT_TYPE, SHIPTO_ISMANUALCOORDINATES, DATE, EXPORTID, INVENTORYLOCATION_ID, NUMBER, RECORD_CREATE_DATE, REQUIREDON, SENDSTATUS, AMOUNT, ERRORMESSAGE, MARKUP, TECHNICIAN_ID, VENDOR, SUMMARY, MODIFIEDON, ACTIVE, CREATEDON, ROLLEDOVERFROMPURCHASEORDER_ID, SHIPPING, RECORD_UPDATE_DATE, SHIPTO_ZIP, ACTIVE_FLAG, GROUPINGOPTION, RECEIVEDON, SHIPTO_STREET, POVENDOR_ID, SHIPTO_CITY, SHIPTO_STATE]
Column names for Curated Table --> DIM_PURCHASEORDER :: [ACTIVE, CANCELEDBY_ID, CANCELEDON, RECORD_CREATE_DATE, TRUCK_ID, ROLLEDOVERFROMPURCHASEORDER_ID, SHIPTO_LONGITUDE, TAXSCHEMA, BUSINESSUNIT_ID, POVENDOR_ID, SHIPTO_ISMANUALCOORDINATES, SHIPTO_ISMILITARY, CREATEDON, RECORD_UPDATE_DATE, NUMBER, AMOUNT, DATE, ERRORMESSAGE, EXPORTID, GROUPINGOPTION, INVOICE_ID, MODIFIEDON, PROJECT_ID, SHIPTO_COUNTRY, STATUS, RECORD_UPDATED_BY, TECHNICIAN_ID, SHIPTO_STATE, MARKUP, REQUISITION_ID, SENDSTATUS, SHIPTO_LATITUDE, SHIPTO_STREET, INVENTORYLOCATION_ID, TYPE_ID, BATCH_ID, CREATEDBY_ID, SENTON, PROJECTLABELS, SENDINGMETHOD, SHIPTO_CITY, TAXRATE, EXTERNALID, ID, TAX, VENDOR, IMPORTID, NOCHARGE, SHIPTO_ZIP, SUMMARY, TENANT_TYPE, SHIPPING, CANCELEDREASON, ISTIMEANDMATERIAL, JOB_ID, RECEIVEDON, SHIPTODESCRIPTION, SHIPTO_UNIT, VENDORINVOICENUMBER, REQUIREDON]
Column Name found in Datamart and Curated Table :: AMOUNT
Column Name found in Datamart and Curated Table :: DATE
Column Name found in Datamart and Curated Table :: PROJECT_ID
Column Name found in Datamart and Curated Table :: ROLLEDOVERFROMPURCHASEORDER_ID
Column Name found in Datamart and Curated Table :: SHIPPING
Column Name found in Datamart and Curated Table :: SHIPTO_ZIP
Column Name found in Datamart and Curated Table :: TAXSCHEMA
Column Name found in Datamart and Curated Table :: INVOICE_ID
Column Name found in Datamart and Curated Table :: BUSINESSUNIT_ID
Column Name found in Datamart and Curated Table :: CREATEDON
Column Name found in Datamart and Curated Table :: GROUPINGOPTION
Column Name found in Datamart and Curated Table :: MODIFIEDON
Column Name found in Datamart and Curated Table :: SHIPTO_STREET
Column Name found in Datamart and Curated Table :: TAX
Column Name found in Datamart and Curated Table :: TYPE_ID
Column Name found in Datamart and Curated Table :: VENDORINVOICENUMBER
Column Name found in Datamart and Curated Table :: POVENDOR_ID
Column Name found in Datamart and Curated Table :: BATCH_ID
Column Name found in Datamart and Curated Table :: CANCELEDREASON
Column Name found in Datamart and Curated Table :: EXPORTID
Column Name found in Datamart and Curated Table :: ID
Column Name found in Datamart and Curated Table :: NOCHARGE
Column Name found in Datamart and Curated Table :: SENTON
Column Name found in Datamart and Curated Table :: SHIPTO_STATE
Column Name found in Datamart and Curated Table :: TAXRATE
Column Name found in Datamart and Curated Table :: JOB_ID
Column Name found in Datamart and Curated Table :: TRUCK_ID
Column Name found in Datamart and Curated Table :: ACTIVE
Column Name found in Datamart and Curated Table :: CREATEDBY_ID
Column Name found in Datamart and Curated Table :: MARKUP
Column Name found in Datamart and Curated Table :: REQUIREDON
Column Name found in Datamart and Curated Table :: SHIPTO_CITY
Column Name found in Datamart and Curated Table :: INVENTORYLOCATION_ID
Column Name found in Datamart and Curated Table :: VENDOR
Column Name found in Datamart and Curated Table :: EXTERNALID
Column Name found in Datamart and Curated Table :: PROJECTLABELS
Column Name found in Datamart and Curated Table :: SHIPTO_LONGITUDE
Column Name found in Datamart and Curated Table :: SHIPTO_UNIT
Column Name found in Datamart and Curated Table :: SHIPTODESCRIPTION
Column Name found in Datamart and Curated Table :: NUMBER
Column Name found in Datamart and Curated Table :: REQUISITION_ID
Column Name found in Datamart and Curated Table :: CANCELEDBY_ID
Column Name found in Datamart and Curated Table :: CANCELEDON
Column Name found in Datamart and Curated Table :: ERRORMESSAGE
Column Name found in Datamart and Curated Table :: IMPORTID
Column Name found in Datamart and Curated Table :: RECEIVEDON
Column Name found in Datamart and Curated Table :: SHIPTO_ISMILITARY
Column Name found in Datamart and Curated Table :: SENDSTATUS
Column Name found in Datamart and Curated Table :: SHIPTO_LATITUDE
Column Name found in Datamart and Curated Table :: SUMMARY
Column Name found in Datamart and Curated Table :: STATUS
Column Name found in Datamart and Curated Table :: SHIPTO_ISMANUALCOORDINATES
Column Name found in Datamart and Curated Table :: TECHNICIAN_ID
Column Name found in Datamart and Curated Table :: ISTIMEANDMATERIAL
Column Name found in Datamart and Curated Table :: SHIPTO_COUNTRY
Column Name found in Datamart and Curated Table :: SENDINGMETHOD
Datamart tables contains additional column name like [ACTIVE_FLAG, RECORD_CREATE_DATE, RECORD_UPDATE_DATE, RECORD_UPDATE_DATE, MASTER_ID, TENANT_TYPE]
Curated tables contains additional column name like [RECORD_CREATE_DATE, RECORD_UPDATE_DATE, RECORD_UPDATED_BY, TENANT_TYPE]]]>
  </system-out>
  <testcase classname="testcases.RAW_DATAMART_CURATED.SnowFlake_ColumnValidation_BKPTables" name="validateColumnName_BKP" time="2.430"/>
  <system-out>
    <![CDATA[Executing Snowflake query :: SELECT COLUMN_NAME FROM DEV_ENT_RAW.INFORMATION_SCHEMA.COLUMNS WHERE TABLE_NAME='INVOICE'and TABLE_SCHEMA='ST_MAITZ_MATILLION'
Executing Snowflake query :: SELECT COLUMN_NAME FROM CURATED_DATAMART.INFORMATION_SCHEMA.COLUMNS WHERE TABLE_NAME='STR_INVOICE'and TABLE_SCHEMA='ST_BKP_MAITZ'
Executing Snowflake query :: SELECT COLUMN_NAME FROM DEV_ENT_CURATED.INFORMATION_SCHEMA.COLUMNS WHERE TABLE_NAME='FACT_INVOICE'and TABLE_SCHEMA='MASTER_DIMENSIONS'
Column names for RAW Table --> INVOICE :: [COUNTERSALESLOCATION_ID, CREATEDBY_ID, PROJECT_ID, SUBTOTAL, TOTAL, ACKNOWLEDGEMENTSIGNATURE, ACTIVE, CONFIGURATION, INCLUDEINTECHNICIANREPORTS, NEWCONSTRUCTION, LOCATION_ID, PAYMENTDUEDATE, PAYMENTTERM_ID, NETAMOUNT, NUMBER, IMPORTID, TAXZONE_ID, ROYALTY_MEMO, MODIFIEDON, EXPORTID, EXTERNALID, AUTHORIZEDAMOUNT, BATCH_ID, COMMISSIONELIGIBILITYDATE, CREATEDON, MATERIALSKUREFERENCE_SKUTYPE, MATERIALTAX, ROYALTY_SENTON, ADJUSTMENTTO_ID, AUTHORIZATIONSIGNATURE, BILLINGDATE, CUSTOMER_ID, FEETAX, JOB_ID, LABORTAX, SUMMARY, TAX, TECHNICIANACKNOWLEDGEMENTSIGNATURE, DISCOUNTTOTAL, BALANCE, PAIDON, PROJECTLABELS, ROYALTY_DATE, STATUS, FEETOTAL, ROYALTY_STATUS, SIGNATURE, ID, INVOICEDON, MEMBERSHIP_ID, TYPE_ID, BUSINESSUNIT_ID, PAYROLLDATE, EXCLUDEFROMPAYROLL, NUMERICNUMBER, MATERIALSKU_ID, MATERIALSKUREFERENCE_SKUID]
Column names for DataMart Table --> STR_INVOICE :: [BALANCE, EXTERNALID, NETAMOUNT, ROYALTY_DATE, CREATEDBY_ID, ROYALTY_SENTON, SUMMARY, ADJUSTMENTTO_ID, AUTHORIZATIONSIGNATURE, FEETAX, FEETOTAL, MASTER_ID, SIGNATURE, BATCH_ID, COMMISSIONELIGIBILITYDATE, COUNTERSALESLOCATION_ID, MATERIALSKU_ID, MODIFIEDON, PAIDON, NUMBER, STATUS, TAXZONE_ID, TENANT_TYPE, ACTIVE_FLAG, CUSTOMER_ID, JOB_ID, PAYMENTDUEDATE, TAX, LOCATION_ID, RECORD_CREATE_DATE, BILLINGDATE, DISCOUNTTOTAL, INVOICEDON, LABORTAX, MATERIALSKUREFERENCE_SKUTYPE, PAYROLLDATE, ROYALTY_STATUS, ID, EXCLUDEFROMPAYROLL, INCLUDEINTECHNICIANREPORTS, SUBTOTAL, TECHNICIANACKNOWLEDGEMENTSIGNATURE, MATERIALTAX, TOTAL, ACKNOWLEDGEMENTSIGNATURE, AUTHORIZEDAMOUNT, BUSINESSUNIT_ID, PAYMENTTERM_ID, PROJECTLABELS, RECORD_UPDATE_DATE, ROYALTY_MEMO, EXPORTID, PROJECT_ID, TYPE_ID, IMPORTID, MEMBERSHIP_ID, ACTIVE, CONFIGURATION, NUMERICNUMBER, CREATEDON, MATERIALSKUREFERENCE_SKUID, NEWCONSTRUCTION]
Column names for Curated Table --> FACT_INVOICE :: [CONFIGURATION, EXPORTID, EXTERNALID, MATERIALSKUREFERENCE_SKUTYPE, RECORD_UPDATED_BY, ROYALTY_DATE, FEETAX, TAX, TOTAL, BALANCE, BUSINESSUNIT_ID, CREATEDON, PAYMENTDUEDATE, PROJECT_ID, NETAMOUNT, NUMERICNUMBER, ROYALTY_SENTON, NUMBER, DISCOUNTTOTAL, EXCLUDEFROMPAYROLL, INCLUDEINTECHNICIANREPORTS, MODIFIEDON, STATUS, TENANT_TYPE, NEWCONSTRUCTION, ACKNOWLEDGEMENTSIGNATURE, ADJUSTMENTTO_ID, CREATEDBY_ID, CUSTOMER_ID, FEETOTAL, INVOICEDON, PAIDON, TYPE_ID, JOB_ID, LABORTAX, LOCATION_ID, ROYALTY_STATUS, SUMMARY, PROJECTLABELS, MATERIALSKUREFERENCE_SKUID, MATERIALSKU_ID, MEMBERSHIP_ID, COMMISSIONELIGIBILITYDATE, RECORD_CREATE_DATE, RECORD_UPDATE_DATE, SIGNATURE, AUTHORIZATIONSIGNATURE, BILLINGDATE, IMPORTID, TECHNICIANACKNOWLEDGEMENTSIGNATURE, AUTHORIZEDAMOUNT, ID, PAYROLLDATE, ACTIVE, COUNTERSALESLOCATION_ID, PAYMENTTERM_ID, SUBTOTAL, BATCH_ID, MATERIALTAX, ROYALTY_MEMO, TAXZONE_ID]
Column Name found in Datamart and Curated Table :: COUNTERSALESLOCATION_ID
Column Name found in Datamart and Curated Table :: CREATEDBY_ID
Column Name found in Datamart and Curated Table :: PROJECT_ID
Column Name found in Datamart and Curated Table :: SUBTOTAL
Column Name found in Datamart and Curated Table :: TOTAL
Column Name found in Datamart and Curated Table :: ACKNOWLEDGEMENTSIGNATURE
Column Name found in Datamart and Curated Table :: ACTIVE
Column Name found in Datamart and Curated Table :: CONFIGURATION
Column Name found in Datamart and Curated Table :: INCLUDEINTECHNICIANREPORTS
Column Name found in Datamart and Curated Table :: NEWCONSTRUCTION
Column Name found in Datamart and Curated Table :: LOCATION_ID
Column Name found in Datamart and Curated Table :: PAYMENTDUEDATE
Column Name found in Datamart and Curated Table :: PAYMENTTERM_ID
Column Name found in Datamart and Curated Table :: NETAMOUNT
Column Name found in Datamart and Curated Table :: NUMBER
Column Name found in Datamart and Curated Table :: IMPORTID
Column Name found in Datamart and Curated Table :: TAXZONE_ID
Column Name found in Datamart and Curated Table :: ROYALTY_MEMO
Column Name found in Datamart and Curated Table :: MODIFIEDON
Column Name found in Datamart and Curated Table :: EXPORTID
Column Name found in Datamart and Curated Table :: EXTERNALID
Column Name found in Datamart and Curated Table :: AUTHORIZEDAMOUNT
Column Name found in Datamart and Curated Table :: BATCH_ID
Column Name found in Datamart and Curated Table :: COMMISSIONELIGIBILITYDATE
Column Name found in Datamart and Curated Table :: CREATEDON
Column Name found in Datamart and Curated Table :: MATERIALSKUREFERENCE_SKUTYPE
Column Name found in Datamart and Curated Table :: MATERIALTAX
Column Name found in Datamart and Curated Table :: ROYALTY_SENTON
Column Name found in Datamart and Curated Table :: ADJUSTMENTTO_ID
Column Name found in Datamart and Curated Table :: AUTHORIZATIONSIGNATURE
Column Name found in Datamart and Curated Table :: BILLINGDATE
Column Name found in Datamart and Curated Table :: CUSTOMER_ID
Column Name found in Datamart and Curated Table :: FEETAX
Column Name found in Datamart and Curated Table :: JOB_ID
Column Name found in Datamart and Curated Table :: LABORTAX
Column Name found in Datamart and Curated Table :: SUMMARY
Column Name found in Datamart and Curated Table :: TAX
Column Name found in Datamart and Curated Table :: TECHNICIANACKNOWLEDGEMENTSIGNATURE
Column Name found in Datamart and Curated Table :: DISCOUNTTOTAL
Column Name found in Datamart and Curated Table :: BALANCE
Column Name found in Datamart and Curated Table :: PAIDON
Column Name found in Datamart and Curated Table :: PROJECTLABELS
Column Name found in Datamart and Curated Table :: ROYALTY_DATE
Column Name found in Datamart and Curated Table :: STATUS
Column Name found in Datamart and Curated Table :: FEETOTAL
Column Name found in Datamart and Curated Table :: ROYALTY_STATUS
Column Name found in Datamart and Curated Table :: SIGNATURE
Column Name found in Datamart and Curated Table :: ID
Column Name found in Datamart and Curated Table :: INVOICEDON
Column Name found in Datamart and Curated Table :: MEMBERSHIP_ID
Column Name found in Datamart and Curated Table :: TYPE_ID
Column Name found in Datamart and Curated Table :: BUSINESSUNIT_ID
Column Name found in Datamart and Curated Table :: PAYROLLDATE
Column Name found in Datamart and Curated Table :: EXCLUDEFROMPAYROLL
Column Name found in Datamart and Curated Table :: NUMERICNUMBER
Column Name found in Datamart and Curated Table :: MATERIALSKU_ID
Column Name found in Datamart and Curated Table :: MATERIALSKUREFERENCE_SKUID
Datamart tables contains additional column name like [ACTIVE_FLAG, RECORD_CREATE_DATE, RECORD_UPDATE_DATE, RECORD_UPDATE_DATE, MASTER_ID, TENANT_TYPE]
Curated tables contains additional column name like [RECORD_CREATE_DATE, RECORD_UPDATE_DATE, RECORD_UPDATED_BY, TENANT_TYPE]]]>
  </system-out>
  <testcase classname="testcases.RAW_DATAMART_CURATED.SnowFlake_ColumnValidation_BKPTables" name="validateColumnName_BKP" time="2.658"/>
  <system-out>
    <![CDATA[Executing Snowflake query :: SELECT COLUMN_NAME FROM DEV_ENT_RAW.INFORMATION_SCHEMA.COLUMNS WHERE TABLE_NAME='PURCHASEORDERITEM'and TABLE_SCHEMA='ST_HUTCHINSON_MATILLION'
Executing Snowflake query :: SELECT COLUMN_NAME FROM CURATED_DATAMART.INFORMATION_SCHEMA.COLUMNS WHERE TABLE_NAME='STR_PURCHASEORDERITEM'and TABLE_SCHEMA='ST_BKP_HUTCHINSON'
Executing Snowflake query :: SELECT COLUMN_NAME FROM DEV_ENT_CURATED.INFORMATION_SCHEMA.COLUMNS WHERE TABLE_NAME='DIM_PURCHASEORDERITEM'and TABLE_SCHEMA='MASTER_DIMENSIONS'
Column names for RAW Table --> PURCHASEORDERITEM :: [CHARGEABLEITEM_ID, ROLLEDOVERFROMITEM_ID, SKUREFERENCE_SKUID, TECHNICIANSPLIT1, MATERIALVENDOR_ID, TECHNICIANFORBASERATE2_ID, BUSINESSUNIT_ID, EQUIPMENT_ID, MATERIAL_ID, PROJECTLABELS, USEDMATERIAL_ID, COST, CREATEDBY_ID, CREATEDON, INVENTORYLOCATION_ID, ROLLOVERQUANTITY, STATUS, SKUREFERENCE_SKUTYPE, MODIFIEDON, DESCRIPTION, REQUISITIONITEM_ID, TECHNICIANFORBASERATE1_ID, ISINVENTORY, TECHNICIANSPLIT2, ID, SERIALNUMBER, TECHNICIANFORBASERATE3_ID, UNITOFMEASURE_ID, VENDORPARTNUMBER, MARKUP, ACTIVE, IMPORTID, SKUVENDOR_ID, PURCHASEORDER_ID, EQUIPMENTVENDOR_ID, QUANTITY, SKU_ID, TECHNICIANSPLIT3]
Column names for DataMart Table --> STR_PURCHASEORDERITEM :: [CREATEDON, TECHNICIANFORBASERATE2_ID, TECHNICIANFORBASERATE3_ID, IMPORTID, TECHNICIANSPLIT1, REQUISITIONITEM_ID, TECHNICIANSPLIT2, CREATEDBY_ID, EQUIPMENTVENDOR_ID, RECORD_UPDATE_DATE, SKUREFERENCE_SKUTYPE, ROLLEDOVERFROMITEM_ID, STATUS, TENANT_TYPE, CHARGEABLEITEM_ID, DESCRIPTION, ISINVENTORY, MARKUP, RECORD_CREATE_DATE, SKUVENDOR_ID, MATERIALVENDOR_ID, MODIFIEDON, TECHNICIANFORBASERATE1_ID, EQUIPMENT_ID, USEDMATERIAL_ID, ROLLOVERQUANTITY, ACTIVE_FLAG, BUSINESSUNIT_ID, COST, SKUREFERENCE_SKUID, VENDORPARTNUMBER, PROJECTLABELS, PURCHASEORDER_ID, TECHNICIANSPLIT3, INVENTORYLOCATION_ID, ACTIVE, ID, MASTER_ID, MATERIAL_ID, SERIALNUMBER, UNITOFMEASURE_ID, QUANTITY, SKU_ID]
Column names for Curated Table --> DIM_PURCHASEORDERITEM :: [CREATEDBY_ID, DESCRIPTION, EQUIPMENTVENDOR_ID, EQUIPMENT_ID, MATERIALVENDOR_ID, RECORD_UPDATE_DATE, TECHNICIANFORBASERATE1_ID, MODIFIEDON, UNITOFMEASURE_ID, USEDMATERIAL_ID, TECHNICIANSPLIT2, CHARGEABLEITEM_ID, COST, QUANTITY, TECHNICIANFORBASERATE3_ID, INVENTORYLOCATION_ID, IMPORTID, REQUISITIONITEM_ID, TENANT_TYPE, VENDORPARTNUMBER, SKU_ID, CREATEDON, ID, SKUREFERENCE_SKUTYPE, MARKUP, PROJECTLABELS, PURCHASEORDER_ID, SERIALNUMBER, SKUVENDOR_ID, TECHNICIANSPLIT3, ROLLOVERQUANTITY, STATUS, BUSINESSUNIT_ID, ISINVENTORY, RECORD_CREATE_DATE, ROLLEDOVERFROMITEM_ID, TECHNICIANSPLIT1, SKUREFERENCE_SKUID, ACTIVE, MATERIAL_ID, RECORD_UPDATED_BY, TECHNICIANFORBASERATE2_ID]
Column Name found in Datamart and Curated Table :: CHARGEABLEITEM_ID
Column Name found in Datamart and Curated Table :: ROLLEDOVERFROMITEM_ID
Column Name found in Datamart and Curated Table :: SKUREFERENCE_SKUID
Column Name found in Datamart and Curated Table :: TECHNICIANSPLIT1
Column Name found in Datamart and Curated Table :: MATERIALVENDOR_ID
Column Name found in Datamart and Curated Table :: TECHNICIANFORBASERATE2_ID
Column Name found in Datamart and Curated Table :: BUSINESSUNIT_ID
Column Name found in Datamart and Curated Table :: EQUIPMENT_ID
Column Name found in Datamart and Curated Table :: MATERIAL_ID
Column Name found in Datamart and Curated Table :: PROJECTLABELS
Column Name found in Datamart and Curated Table :: USEDMATERIAL_ID
Column Name found in Datamart and Curated Table :: COST
Column Name found in Datamart and Curated Table :: CREATEDBY_ID
Column Name found in Datamart and Curated Table :: CREATEDON
Column Name found in Datamart and Curated Table :: INVENTORYLOCATION_ID
Column Name found in Datamart and Curated Table :: ROLLOVERQUANTITY
Column Name found in Datamart and Curated Table :: STATUS
Column Name found in Datamart and Curated Table :: SKUREFERENCE_SKUTYPE
Column Name found in Datamart and Curated Table :: MODIFIEDON
Column Name found in Datamart and Curated Table :: DESCRIPTION
Column Name found in Datamart and Curated Table :: REQUISITIONITEM_ID
Column Name found in Datamart and Curated Table :: TECHNICIANFORBASERATE1_ID
Column Name found in Datamart and Curated Table :: ISINVENTORY
Column Name found in Datamart and Curated Table :: TECHNICIANSPLIT2
Column Name found in Datamart and Curated Table :: ID
Column Name found in Datamart and Curated Table :: SERIALNUMBER
Column Name found in Datamart and Curated Table :: TECHNICIANFORBASERATE3_ID
Column Name found in Datamart and Curated Table :: UNITOFMEASURE_ID
Column Name found in Datamart and Curated Table :: VENDORPARTNUMBER
Column Name found in Datamart and Curated Table :: MARKUP
Column Name found in Datamart and Curated Table :: ACTIVE
Column Name found in Datamart and Curated Table :: IMPORTID
Column Name found in Datamart and Curated Table :: SKUVENDOR_ID
Column Name found in Datamart and Curated Table :: PURCHASEORDER_ID
Column Name found in Datamart and Curated Table :: EQUIPMENTVENDOR_ID
Column Name found in Datamart and Curated Table :: QUANTITY
Column Name found in Datamart and Curated Table :: SKU_ID
Column Name found in Datamart and Curated Table :: TECHNICIANSPLIT3
Datamart tables contains additional column name like [ACTIVE_FLAG, RECORD_CREATE_DATE, RECORD_UPDATE_DATE, RECORD_UPDATE_DATE, MASTER_ID, TENANT_TYPE]
Curated tables contains additional column name like [RECORD_CREATE_DATE, RECORD_UPDATE_DATE, RECORD_UPDATED_BY, TENANT_TYPE]]]>
  </system-out>
  <testcase classname="testcases.RAW_DATAMART_CURATED.SnowFlake_ColumnValidation_BKPTables" name="validateColumnName_BKP" time="5.031">
    <failure message="The following asserts failed:
	null" type="java.lang.AssertionError">
      <![CDATA[java.lang.AssertionError: The following asserts failed:
null
at org.testng.asserts.SoftAssert.assertAll(SoftAssert.java:47)
at org.testng.asserts.SoftAssert.assertAll(SoftAssert.java:31)
at testcases.RAW_DATAMART_CURATED.SnowFlake_ColumnValidation_BKPTables.validateColumnName_BKP(SnowFlake_ColumnValidation_BKPTables.java:120)
at jdk.internal.reflect.GeneratedMethodAccessor38.invoke(Unknown Source)
at java.base/jdk.internal.reflect.DelegatingMethodAccessorImpl.invoke(DelegatingMethodAccessorImpl.java:43)
at java.base/java.lang.reflect.Method.invoke(Method.java:568)
at org.testng.internal.MethodInvocationHelper.invokeMethod(MethodInvocationHelper.java:133)
at org.testng.internal.TestInvoker.invokeMethod(TestInvoker.java:598)
at org.testng.internal.TestInvoker.invokeTestMethod(TestInvoker.java:173)
at org.testng.internal.MethodRunner.runInSequence(MethodRunner.java:46)
at org.testng.internal.TestInvoker$MethodInvocationAgent.invoke(TestInvoker.java:824)
at org.testng.internal.TestInvoker.invokeTestMethods(TestInvoker.java:146)
at org.testng.internal.TestMethodWorker.invokeTestMethods(TestMethodWorker.java:146)
at org.testng.internal.TestMethodWorker.run(TestMethodWorker.java:128)
at java.base/java.util.ArrayList.forEach(ArrayList.java:1511)
at org.testng.TestRunner.privateRun(TestRunner.java:794)
at org.testng.TestRunner.run(TestRunner.java:596)
at org.testng.SuiteRunner.runTest(SuiteRunner.java:377)
at org.testng.SuiteRunner.runSequentially(SuiteRunner.java:371)
at org.testng.SuiteRunner.privateRun(SuiteRunner.java:332)
at org.testng.SuiteRunner.run(SuiteRunner.java:276)
at org.testng.SuiteRunnerWorker.runSuite(SuiteRunnerWorker.java:53)
at org.testng.SuiteRunnerWorker.run(SuiteRunnerWorker.java:96)
at org.testng.TestNG.runSuitesSequentially(TestNG.java:1212)
at org.testng.TestNG.runSuitesLocally(TestNG.java:1134)
at org.testng.TestNG.runSuites(TestNG.java:1063)
at org.testng.TestNG.run(TestNG.java:1031)
at org.testng.remote.AbstractRemoteTestNG.run(AbstractRemoteTestNG.java:115)
at org.testng.remote.RemoteTestNG.initAndRun(RemoteTestNG.java:251)
at org.testng.remote.RemoteTestNG.main(RemoteTestNG.java:77)
]]>
    </failure>
  </testcase> <!-- validateColumnName_BKP -->
  <system-out>
    <![CDATA[Executing Snowflake query :: SELECT COLUMN_NAME FROM DEV_ENT_RAW.INFORMATION_SCHEMA.COLUMNS WHERE TABLE_NAME='TECHNICIAN'and TABLE_SCHEMA='ST_MAITZ_MATILLION'
Executing Snowflake query :: SELECT COLUMN_NAME FROM CURATED_DATAMART.INFORMATION_SCHEMA.COLUMNS WHERE TABLE_NAME='STR_TECHNICIAN'and TABLE_SCHEMA='ST_BKP_MAITZ'
Executing Snowflake query :: SELECT COLUMN_NAME FROM DEV_ENT_CURATED.INFORMATION_SCHEMA.COLUMNS WHERE TABLE_NAME='DIM_TECHNICIAN'and TABLE_SCHEMA='MASTER_DIMENSIONS'
Column names for RAW Table --> TECHNICIAN :: [ACTIVE, PAYPERIOD, JOBFILTER, PAYROLLPOSTINGGROUP_ID, PAYROLLPROFILE_ID, ROUTESTATISTICS_TECHNICIAN, WILLIAMSTECHNICIANROLE, MEALTIME, POSITION, STARTDATE, CREATEDBY_ID, DEFAULTPAYROLLADJUSTMENTRATE, IMPORTID, LASTNAME, MUHULINK, OVERTIMEPAYROLLCONTROLCODE_ID, EMAIL, INVENTORYWAREHOUSENAME, JOB_ID, LICENSE, MOBILEPHONECONFIRMED, SCHEDULEDCREWSPLITCOMMISSIONRATE, SCHEDULEDMULTITECHCOMMISSIONRATE, SHOWJOBAPPOINTMENTRESCHEDULEALERT, COMMISSIONRATE, ISEXCLUDEDFROMPAYROLL, PAYFREQUENCY_ID, BUSINESSUNIT_ID, COMMUTETIME, DAILYGOAL, HOME_ISMILITARY, INVOICINGHOURLYRATE, PAYROLLREPORTVERSION, PAYROLLID, PHONECONFIRMED, SCHEDULEDSOLOCOMMISSIONRATE, TODAYREVENUE_TECHNICIAN, TURNOVERBONUS, UNION, ISAUTODISPATCHED, HOME_ZIP, ATLASBUTLERTECHNICIANROLE, CREATEDON, DEFAULTLABORTYPE_ID, FIRSTDRIVERULE, HOURLYRATE, MIDDLENAME, SALESFORCECONTACTID, PROJECTEDVALUE, TRUCK_ID, SOLDBYRATE, HOME_UNIT, OVERTIMEWORKTYPECODE_ID, ADDONCREWSPLITCOMMISSIONRATE, APPOINTMENT_ID, BURDENRATE, CURRENTVALUE, EMAILCONFIRMED, OUTBOUNDCALLERID, SMARTDISPATCHSETTINGS_TECHNICIAN, COLOR, HOME_STREET, LOCATION_TECHNICIAN, ZONE_ID, NAVISIONEMPLOYEEID, STANDARDPAYROLLCONTROLCODE_ID, OVERALLSALESFACTOR_TECHNICIAN, ADDONMULTITECHCOMMISSIONRATE, BIO, CHECKEDIN, COORDINATESUPDATEDON, HOME_COUNTRY, ISEXTERNAL, MOBILEPHONE, PAYROLLROLE, PAYTYPE, PROJECTLABELS, MEMO, NAME, QBREPID, TYPE, PHOTO, SHIFTSTART, MANAGER_ID, TEAM, FIRSTNAME, HOME_CITY, HOME_LATITUDE, ID, STANDARDWORKTYPECODE_ID, DISPATCHNOTIFICATIONS, HOME_STATE, LATITUDE, MODIFIEDON, PHONE, PAYROLLSTARTPERIOD, SALESFACTOR, BIRTHDATE, DEDUCTCOMMUTETIMEFROMFIRSTDRIVE, GOALIMAGE, HOME_ISMANUALCOORDINATES, HOME_LONGITUDE, OVERTIMEPROFILE_ID, ADDONSOLOCOMMISSIONRATE, ISMANAGEDTECH, OVERTIMEMODE, PAYROLLSTARTDATE, SHIFTEND, STATUS, LONGITUDE, STATUSUPDATEDON, USER_ID]
Column names for DataMart Table --> STR_TECHNICIAN :: [ADDONSOLOCOMMISSIONRATE, FIRSTNAME, IMPORTID, BIO, DISPATCHNOTIFICATIONS, HOME_ISMANUALCOORDINATES, HOME_STATE, HOME_UNIT, ISEXTERNAL, PAYFREQUENCY_ID, PAYROLLSTARTDATE, PHONE, TEAM, TENANT_TYPE, TURNOVERBONUS, PAYROLLPOSTINGGROUP_ID, OVERTIMEPAYROLLCONTROLCODE_ID, PAYROLLROLE, PROJECTLABELS, STANDARDWORKTYPECODE_ID, PHONECONFIRMED, PROJECTEDVALUE, QBREPID, FLEET_ID, ISAUTODISPATCHED, JOB_ID, OVERTIMEMODE, RECORD_CREATE_DATE, MEALTIME, PAYROLLPROFILE_ID, SHIFTSTART, SHOWJOBAPPOINTMENTRESCHEDULEALERT, SOLDBYRATE, ACTIVE, CURRENTVALUE, EMAIL, MANAGER_ID, PAYPERIOD, PAYROLLREPORTVERSION, DAILYGOAL, HOURLYRATE, MOBILEPHONECONFIRMED, SCHEDULEDCREWSPLITCOMMISSIONRATE, PHOTO, OUTBOUNDCALLERID, MODIFIEDON, SALESFORCECONTACTID, ADDONCREWSPLITCOMMISSIONRATE, BURDENRATE, HOME_ZIP, STATUSUPDATEDON, COMMISSIONRATE, DEFAULTLABORTYPE_ID, HOME_LONGITUDE, INVENTORYWAREHOUSENAME, JOBFILTER, MOBILEPHONE, SCHEDULEDMULTITECHCOMMISSIONRATE, SMARTDISPATCHSETTINGS_TECHNICIAN, APPOINTMENT_ID, ATLASBUTLERTECHNICIANROLE, COORDINATESUPDATEDON, EMAILCONFIRMED, FIRSTDRIVERULE, HOME_ISMILITARY, MUHULINK, POSITION, ADDONMULTITECHCOMMISSIONRATE, INVOICINGHOURLYRATE, PAYTYPE, SHIFTEND, TYPE, WILLIAMSTECHNICIANROLE, DEDUCTCOMMUTETIMEFROMFIRSTDRIVE, STARTDATE, STATUS, TRUCK_ID, BUSINESSUNIT_ID, CREATEDBY_ID, CREATEDON, GOALIMAGE, HOME_LATITUDE, NAME, OVERALLSALESFACTOR_TECHNICIAN, PAYROLLSTARTPERIOD, HOME_STREET, ID, LOCATION_TECHNICIAN, PAYROLLID, RECORD_UPDATE_DATE, ROUTESTATISTICS_TECHNICIAN, SCHEDULEDSOLOCOMMISSIONRATE, STANDARDPAYROLLCONTROLCODE_ID, LONGITUDE, ACTIVE_FLAG, BIRTHDATE, COLOR, COMMUTETIME, HOME_CITY, MASTER_ID, ISMANAGEDTECH, LASTNAME, SALESFACTOR, CHECKEDIN, DEFAULTPAYROLLADJUSTMENTRATE, HOME_COUNTRY, MEMO, NAVISIONEMPLOYEEID, OVERTIMEPROFILE_ID, USER_ID, LICENSE, MIDDLENAME, OVERTIMEWORKTYPECODE_ID, LATITUDE, TODAYREVENUE_TECHNICIAN, UNION, ZONE_ID]
Column names for Curated Table --> DIM_TECHNICIAN :: [ADDONCREWSPLITCOMMISSIONRATE, COMMUTETIME, DEFAULTLABORTYPE_ID, EMAILCONFIRMED, FIRSTNAME, FLEET_ID, HOME_COUNTRY, HOME_UNIT, MOBILEPHONE, PHONECONFIRMED, OVERALLSALESFACTOR_TECHNICIAN, PAYROLLSTARTDATE, TURNOVERBONUS, PAYPERIOD, PAYROLLROLE, BIRTHDATE, HOME_ISMANUALCOORDINATES, HOME_ISMILITARY, INVENTORYWAREHOUSENAME, JOBFILTER, MEMO, PAYFREQUENCY_ID, POSITION, ID, ISAUTODISPATCHED, LICENSE, TEAM, SCHEDULEDCREWSPLITCOMMISSIONRATE, SALESFACTOR, ADDONSOLOCOMMISSIONRATE, CURRENTVALUE, DAILYGOAL, DEDUCTCOMMUTETIMEFROMFIRSTDRIVE, MANAGER_ID, OVERTIMEPROFILE_ID, SHIFTSTART, SHOWJOBAPPOINTMENTRESCHEDULEALERT, SMARTDISPATCHSETTINGS_TECHNICIAN, GOALIMAGE, MODIFIEDON, PAYROLLID, PAYROLLREPORTVERSION, RECORD_CREATE_DATE, TODAYREVENUE_TECHNICIAN, TYPE, PROJECTLABELS, SCHEDULEDSOLOCOMMISSIONRATE, LONGITUDE, ADDONMULTITECHCOMMISSIONRATE, APPOINTMENT_ID, CHECKEDIN, COLOR, CREATEDON, DISPATCHNOTIFICATIONS, IMPORTID, LASTNAME, MOBILEPHONECONFIRMED, STATUSUPDATEDON, ZONE_ID, HOME_STATE, MEALTIME, NAME, NAVISIONEMPLOYEEID, PAYROLLPOSTINGGROUP_ID, PHOTO, PROJECTEDVALUE, STANDARDPAYROLLCONTROLCODE_ID, OVERTIMEMODE, BURDENRATE, FIRSTDRIVERULE, JOB_ID, PAYROLLPROFILE_ID, QBREPID, ROUTESTATISTICS_TECHNICIAN, STARTDATE, TRUCK_ID, USER_ID, STANDARDWORKTYPECODE_ID, MIDDLENAME, COMMISSIONRATE, CREATEDBY_ID, HOME_LONGITUDE, HOME_ZIP, HOURLYRATE, LATITUDE, SCHEDULEDMULTITECHCOMMISSIONRATE, BUSINESSUNIT_ID, OUTBOUNDCALLERID, RECORD_UPDATED_BY, STATUS, MUHULINK, OVERTIMEPAYROLLCONTROLCODE_ID, UNION, PAYTYPE, INVOICINGHOURLYRATE, RECORD_UPDATE_DATE, COORDINATESUPDATEDON, LOCATION_TECHNICIAN, EMAIL, HOME_CITY, ISEXTERNAL, OVERTIMEWORKTYPECODE_ID, PAYROLLSTARTPERIOD, SHIFTEND, WILLIAMSTECHNICIANROLE, TENANT_TYPE, ACTIVE, ATLASBUTLERTECHNICIANROLE, BIO, DEFAULTPAYROLLADJUSTMENTRATE, HOME_LATITUDE, HOME_STREET, ISMANAGEDTECH, PHONE, SALESFORCECONTACTID, SOLDBYRATE]
Column Name found in Datamart and Curated Table :: ACTIVE
Column Name found in Datamart and Curated Table :: PAYPERIOD
Column Name found in Datamart and Curated Table :: JOBFILTER
Column Name found in Datamart and Curated Table :: PAYROLLPOSTINGGROUP_ID
Column Name found in Datamart and Curated Table :: PAYROLLPROFILE_ID
Column Name found in Datamart and Curated Table :: ROUTESTATISTICS_TECHNICIAN
Column Name found in Datamart and Curated Table :: WILLIAMSTECHNICIANROLE
Column Name found in Datamart and Curated Table :: MEALTIME
Column Name found in Datamart and Curated Table :: POSITION
Column Name found in Datamart and Curated Table :: STARTDATE
Column Name found in Datamart and Curated Table :: CREATEDBY_ID
Column Name found in Datamart and Curated Table :: DEFAULTPAYROLLADJUSTMENTRATE
Column Name found in Datamart and Curated Table :: IMPORTID
Column Name found in Datamart and Curated Table :: LASTNAME
Column Name found in Datamart and Curated Table :: MUHULINK
Column Name found in Datamart and Curated Table :: OVERTIMEPAYROLLCONTROLCODE_ID
Column Name found in Datamart and Curated Table :: EMAIL
Column Name found in Datamart and Curated Table :: INVENTORYWAREHOUSENAME
Column Name found in Datamart and Curated Table :: JOB_ID
Column Name found in Datamart and Curated Table :: LICENSE
Column Name found in Datamart and Curated Table :: MOBILEPHONECONFIRMED
Column Name found in Datamart and Curated Table :: SCHEDULEDCREWSPLITCOMMISSIONRATE
Column Name found in Datamart and Curated Table :: SCHEDULEDMULTITECHCOMMISSIONRATE
Column Name found in Datamart and Curated Table :: SHOWJOBAPPOINTMENTRESCHEDULEALERT
Column Name found in Datamart and Curated Table :: COMMISSIONRATE
Column Name not found in Datamart and Curated Table :: ISEXCLUDEDFROMPAYROLL
Column Name found in Datamart and Curated Table :: PAYFREQUENCY_ID
Column Name found in Datamart and Curated Table :: BUSINESSUNIT_ID
Column Name found in Datamart and Curated Table :: COMMUTETIME
Column Name found in Datamart and Curated Table :: DAILYGOAL
Column Name found in Datamart and Curated Table :: HOME_ISMILITARY
Column Name found in Datamart and Curated Table :: INVOICINGHOURLYRATE
Column Name found in Datamart and Curated Table :: PAYROLLREPORTVERSION
Column Name found in Datamart and Curated Table :: PAYROLLID
Column Name found in Datamart and Curated Table :: PHONECONFIRMED
Column Name found in Datamart and Curated Table :: SCHEDULEDSOLOCOMMISSIONRATE
Column Name found in Datamart and Curated Table :: TODAYREVENUE_TECHNICIAN
Column Name found in Datamart and Curated Table :: TURNOVERBONUS
Column Name found in Datamart and Curated Table :: UNION
Column Name found in Datamart and Curated Table :: ISAUTODISPATCHED
Column Name found in Datamart and Curated Table :: HOME_ZIP
Column Name found in Datamart and Curated Table :: ATLASBUTLERTECHNICIANROLE
Column Name found in Datamart and Curated Table :: CREATEDON
Column Name found in Datamart and Curated Table :: DEFAULTLABORTYPE_ID
Column Name found in Datamart and Curated Table :: FIRSTDRIVERULE
Column Name found in Datamart and Curated Table :: HOURLYRATE
Column Name found in Datamart and Curated Table :: MIDDLENAME
Column Name found in Datamart and Curated Table :: SALESFORCECONTACTID
Column Name found in Datamart and Curated Table :: PROJECTEDVALUE
Column Name found in Datamart and Curated Table :: TRUCK_ID
Column Name found in Datamart and Curated Table :: SOLDBYRATE
Column Name found in Datamart and Curated Table :: HOME_UNIT
Column Name found in Datamart and Curated Table :: OVERTIMEWORKTYPECODE_ID
Column Name found in Datamart and Curated Table :: ADDONCREWSPLITCOMMISSIONRATE
Column Name found in Datamart and Curated Table :: APPOINTMENT_ID
Column Name found in Datamart and Curated Table :: BURDENRATE
Column Name found in Datamart and Curated Table :: CURRENTVALUE
Column Name found in Datamart and Curated Table :: EMAILCONFIRMED
Column Name found in Datamart and Curated Table :: OUTBOUNDCALLERID
Column Name found in Datamart and Curated Table :: SMARTDISPATCHSETTINGS_TECHNICIAN
Column Name found in Datamart and Curated Table :: COLOR
Column Name found in Datamart and Curated Table :: HOME_STREET
Column Name found in Datamart and Curated Table :: LOCATION_TECHNICIAN
Column Name found in Datamart and Curated Table :: ZONE_ID
Column Name found in Datamart and Curated Table :: NAVISIONEMPLOYEEID
Column Name found in Datamart and Curated Table :: STANDARDPAYROLLCONTROLCODE_ID
Column Name found in Datamart and Curated Table :: OVERALLSALESFACTOR_TECHNICIAN
Column Name found in Datamart and Curated Table :: ADDONMULTITECHCOMMISSIONRATE
Column Name found in Datamart and Curated Table :: BIO
Column Name found in Datamart and Curated Table :: CHECKEDIN
Column Name found in Datamart and Curated Table :: COORDINATESUPDATEDON
Column Name found in Datamart and Curated Table :: HOME_COUNTRY
Column Name found in Datamart and Curated Table :: ISEXTERNAL
Column Name found in Datamart and Curated Table :: MOBILEPHONE
Column Name found in Datamart and Curated Table :: PAYROLLROLE
Column Name found in Datamart and Curated Table :: PAYTYPE
Column Name found in Datamart and Curated Table :: PROJECTLABELS
Column Name found in Datamart and Curated Table :: MEMO
Column Name found in Datamart and Curated Table :: NAME
Column Name found in Datamart and Curated Table :: QBREPID
Column Name found in Datamart and Curated Table :: TYPE
Column Name found in Datamart and Curated Table :: PHOTO
Column Name found in Datamart and Curated Table :: SHIFTSTART
Column Name found in Datamart and Curated Table :: MANAGER_ID
Column Name found in Datamart and Curated Table :: TEAM
Column Name found in Datamart and Curated Table :: FIRSTNAME
Column Name found in Datamart and Curated Table :: HOME_CITY
Column Name found in Datamart and Curated Table :: HOME_LATITUDE
Column Name found in Datamart and Curated Table :: ID
Column Name found in Datamart and Curated Table :: STANDARDWORKTYPECODE_ID
Column Name found in Datamart and Curated Table :: DISPATCHNOTIFICATIONS
Column Name found in Datamart and Curated Table :: HOME_STATE
Column Name found in Datamart and Curated Table :: LATITUDE
Column Name found in Datamart and Curated Table :: MODIFIEDON
Column Name found in Datamart and Curated Table :: PHONE
Column Name found in Datamart and Curated Table :: PAYROLLSTARTPERIOD
Column Name found in Datamart and Curated Table :: SALESFACTOR
Column Name found in Datamart and Curated Table :: BIRTHDATE
Column Name found in Datamart and Curated Table :: DEDUCTCOMMUTETIMEFROMFIRSTDRIVE
Column Name found in Datamart and Curated Table :: GOALIMAGE
Column Name found in Datamart and Curated Table :: HOME_ISMANUALCOORDINATES
Column Name found in Datamart and Curated Table :: HOME_LONGITUDE
Column Name found in Datamart and Curated Table :: OVERTIMEPROFILE_ID
Column Name found in Datamart and Curated Table :: ADDONSOLOCOMMISSIONRATE
Column Name found in Datamart and Curated Table :: ISMANAGEDTECH
Column Name found in Datamart and Curated Table :: OVERTIMEMODE
Column Name found in Datamart and Curated Table :: PAYROLLSTARTDATE
Column Name found in Datamart and Curated Table :: SHIFTEND
Column Name found in Datamart and Curated Table :: STATUS
Column Name found in Datamart and Curated Table :: LONGITUDE
Column Name found in Datamart and Curated Table :: STATUSUPDATEDON
Column Name found in Datamart and Curated Table :: USER_ID
Datamart tables contains additional column name like [ACTIVE_FLAG, RECORD_CREATE_DATE, RECORD_UPDATE_DATE, RECORD_UPDATE_DATE, MASTER_ID, TENANT_TYPE]
Curated tables contains additional column name like [RECORD_CREATE_DATE, RECORD_UPDATE_DATE, RECORD_UPDATED_BY, TENANT_TYPE]]]>
  </system-out>
  <testcase classname="testcases.RAW_DATAMART_CURATED.SnowFlake_ColumnValidation_BKPTables" name="validateColumnName_BKP" time="2.493"/>
  <system-out>
    <![CDATA[Executing Snowflake query :: SELECT COLUMN_NAME FROM DEV_ENT_RAW.INFORMATION_SCHEMA.COLUMNS WHERE TABLE_NAME='PAYMENTSPLIT'and TABLE_SCHEMA='ST_HDAIR_MATILLION'
Executing Snowflake query :: SELECT COLUMN_NAME FROM CURATED_DATAMART.INFORMATION_SCHEMA.COLUMNS WHERE TABLE_NAME='STR_PAYMENTSPLIT'and TABLE_SCHEMA='ST_BKP_HDAIR'
Executing Snowflake query :: SELECT COLUMN_NAME FROM DEV_ENT_CURATED.INFORMATION_SCHEMA.COLUMNS WHERE TABLE_NAME='DIM_PAYMENTSPLIT'and TABLE_SCHEMA='MASTER_DIMENSIONS'
Column names for RAW Table --> PAYMENTSPLIT :: [INVOICE_ID, PAYMENT_ID, PAYSELLERCOMMISSION, ACTIVE, CREATEDBY_ID, ID, CREATEDON, MODIFIEDON, AMOUNT, IMPORTID]
Column names for DataMart Table --> STR_PAYMENTSPLIT :: [CREATEDON, PAYMENT_ID, AMOUNT, IMPORTID, INVOICE_ID, TENANT_TYPE, ACTIVE, ACTIVE_FLAG, MODIFIEDON, RECORD_CREATE_DATE, RECORD_UPDATE_DATE, ID, MASTER_ID, PAYSELLERCOMMISSION, CREATEDBY_ID]
Column names for Curated Table --> DIM_PAYMENTSPLIT :: [IMPORTID, PAYSELLERCOMMISSION, CREATEDON, PAYMENT_ID, TENANT_TYPE, MODIFIEDON, AMOUNT, CREATEDBY_ID, INVOICE_ID, ID, RECORD_UPDATED_BY, RECORD_UPDATE_DATE, ACTIVE, RECORD_CREATE_DATE]
Column Name found in Datamart and Curated Table :: INVOICE_ID
Column Name found in Datamart and Curated Table :: PAYMENT_ID
Column Name found in Datamart and Curated Table :: PAYSELLERCOMMISSION
Column Name found in Datamart and Curated Table :: ACTIVE
Column Name found in Datamart and Curated Table :: CREATEDBY_ID
Column Name found in Datamart and Curated Table :: ID
Column Name found in Datamart and Curated Table :: CREATEDON
Column Name found in Datamart and Curated Table :: MODIFIEDON
Column Name found in Datamart and Curated Table :: AMOUNT
Column Name found in Datamart and Curated Table :: IMPORTID
Datamart tables contains additional column name like [ACTIVE_FLAG, RECORD_CREATE_DATE, RECORD_UPDATE_DATE, RECORD_UPDATE_DATE, MASTER_ID, TENANT_TYPE]
Curated tables contains additional column name like [RECORD_CREATE_DATE, RECORD_UPDATE_DATE, RECORD_UPDATED_BY, TENANT_TYPE]]]>
  </system-out>
  <testcase classname="testcases.RAW_DATAMART_CURATED.SnowFlake_ColumnValidation_BKPTables" name="validateColumnName_BKP" time="2.034"/>
  <system-out>
    <![CDATA[Executing Snowflake query :: SELECT COLUMN_NAME FROM DEV_ENT_RAW.INFORMATION_SCHEMA.COLUMNS WHERE TABLE_NAME='LOCATION'and TABLE_SCHEMA='ST_HARP_MATILLION'
Executing Snowflake query :: SELECT COLUMN_NAME FROM CURATED_DATAMART.INFORMATION_SCHEMA.COLUMNS WHERE TABLE_NAME='STR_LOCATION'and TABLE_SCHEMA='ST_BKP_HARP'
Executing Snowflake query :: SELECT COLUMN_NAME FROM DEV_ENT_CURATED.INFORMATION_SCHEMA.COLUMNS WHERE TABLE_NAME='DIM_LOCATION'and TABLE_SCHEMA='MASTER_DIMENSIONS'
Column names for RAW Table --> LOCATION :: [ACTIVE, ADDRESS_COUNTRY, ADDRESS_ZIP, ID, MODIFIEDON, ADDRESS_STREET, CREATEDBY_ID, ESTIMATEDTAX, RECURRINGSERVICE_TO, RECURRINGSERVICE_TYPE, ZONE_ID, ISPREVAILINGWAGE, NAME, RECURRINGSERVICE_CANCELLATIONDATE, ADDRESS_ISMILITARY, ADDRESS_STATE, TAXABLE, ADDRESS_CITY, AUTOLONGITUDE, NOCHARGE, SUMMARY, TAXEXEMPT, PREFERREDTECHNICIAN_ID, ADDRESS_ISMANUALCOORDINATES, ADDRESS_LONGITUDE, RECURRINGSERVICE_ACTIVATEDBY, ADDRESS_LATITUDE, RECURRINGSERVICE_RECURRENCEINTERVAL, IMPORTID, CREATEDON, RECURRINGSERVICE_FROM, TAXZONE_ID, ADDRESS_UNIT, DONOTSENDTECHNICIAN_ID, RECURRINGSERVICE_ACTIVATEDFROM, AUTOLATITUDE, AVALARAENTITYCODE, CUSTOMER_ID, RECURRINGSERVICE_MEMO]
Column names for DataMart Table --> STR_LOCATION :: [ACTIVE, AUTOLATITUDE, MODIFIEDON, RECURRINGSERVICE_TYPE, NAME, ADDRESS_ISMANUALCOORDINATES, ADDRESS_ISMILITARY, ADDRESS_LONGITUDE, CREATEDON, CUSTOMER_ID, TAXEXEMPT, ESTIMATEDTAX, NOCHARGE, RECURRINGSERVICE_ACTIVATEDBY, ADDRESS_COUNTRY, ADDRESS_STREET, ADDRESS_ZIP, RECURRINGSERVICE_CANCELLATIONDATE, AVALARAENTITYCODE, ZONE_ID, ADDRESS_CITY, ADDRESS_LATITUDE, CREATEDBY_ID, DONOTSENDTECHNICIAN_ID, ADDRESS_STATE, ADDRESS_UNIT, RECURRINGSERVICE_ACTIVATEDFROM, RECURRINGSERVICE_FROM, PREFERREDTECHNICIAN_ID, RECORD_UPDATE_DATE, ID, IMPORTID, MASTER_ID, RECURRINGSERVICE_TO, SUMMARY, TENANT_TYPE, AUTOLONGITUDE, RECORD_CREATE_DATE, RECURRINGSERVICE_RECURRENCEINTERVAL, ACTIVE_FLAG, ISPREVAILINGWAGE, RECURRINGSERVICE_MEMO, TAXABLE, TAXZONE_ID]
Column names for Curated Table --> DIM_LOCATION :: [ADDRESS_UNIT, AUTOLONGITUDE, RECURRINGSERVICE_ACTIVATEDFROM, RECURRINGSERVICE_TO, TAXABLE, ADDRESS_CITY, ADDRESS_LATITUDE, IMPORTID, NAME, RECURRINGSERVICE_MEMO, ADDRESS_LONGITUDE, ADDRESS_STATE, ADDRESS_STREET, DONOTSENDTECHNICIAN_ID, MODIFIEDON, TAXZONE_ID, ADDRESS_ISMANUALCOORDINATES, ESTIMATEDTAX, ISPREVAILINGWAGE, RECURRINGSERVICE_ACTIVATEDBY, AUTOLATITUDE, RECORD_UPDATED_BY, RECORD_UPDATE_DATE, SUMMARY, CUSTOMER_ID, ZONE_ID, TENANT_TYPE, ADDRESS_COUNTRY, ADDRESS_ZIP, NOCHARGE, RECURRINGSERVICE_FROM, RECURRINGSERVICE_RECURRENCEINTERVAL, CREATEDON, RECORD_CREATE_DATE, AVALARAENTITYCODE, RECURRINGSERVICE_CANCELLATIONDATE, RECURRINGSERVICE_TYPE, PREFERREDTECHNICIAN_ID, ACTIVE, ADDRESS_ISMILITARY, CREATEDBY_ID, ID, TAXEXEMPT]
Column Name found in Datamart and Curated Table :: ACTIVE
Column Name found in Datamart and Curated Table :: ADDRESS_COUNTRY
Column Name found in Datamart and Curated Table :: ADDRESS_ZIP
Column Name found in Datamart and Curated Table :: ID
Column Name found in Datamart and Curated Table :: MODIFIEDON
Column Name found in Datamart and Curated Table :: ADDRESS_STREET
Column Name found in Datamart and Curated Table :: CREATEDBY_ID
Column Name found in Datamart and Curated Table :: ESTIMATEDTAX
Column Name found in Datamart and Curated Table :: RECURRINGSERVICE_TO
Column Name found in Datamart and Curated Table :: RECURRINGSERVICE_TYPE
Column Name found in Datamart and Curated Table :: ZONE_ID
Column Name found in Datamart and Curated Table :: ISPREVAILINGWAGE
Column Name found in Datamart and Curated Table :: NAME
Column Name found in Datamart and Curated Table :: RECURRINGSERVICE_CANCELLATIONDATE
Column Name found in Datamart and Curated Table :: ADDRESS_ISMILITARY
Column Name found in Datamart and Curated Table :: ADDRESS_STATE
Column Name found in Datamart and Curated Table :: TAXABLE
Column Name found in Datamart and Curated Table :: ADDRESS_CITY
Column Name found in Datamart and Curated Table :: AUTOLONGITUDE
Column Name found in Datamart and Curated Table :: NOCHARGE
Column Name found in Datamart and Curated Table :: SUMMARY
Column Name found in Datamart and Curated Table :: TAXEXEMPT
Column Name found in Datamart and Curated Table :: PREFERREDTECHNICIAN_ID
Column Name found in Datamart and Curated Table :: ADDRESS_ISMANUALCOORDINATES
Column Name found in Datamart and Curated Table :: ADDRESS_LONGITUDE
Column Name found in Datamart and Curated Table :: RECURRINGSERVICE_ACTIVATEDBY
Column Name found in Datamart and Curated Table :: ADDRESS_LATITUDE
Column Name found in Datamart and Curated Table :: RECURRINGSERVICE_RECURRENCEINTERVAL
Column Name found in Datamart and Curated Table :: IMPORTID
Column Name found in Datamart and Curated Table :: CREATEDON
Column Name found in Datamart and Curated Table :: RECURRINGSERVICE_FROM
Column Name found in Datamart and Curated Table :: TAXZONE_ID
Column Name found in Datamart and Curated Table :: ADDRESS_UNIT
Column Name found in Datamart and Curated Table :: DONOTSENDTECHNICIAN_ID
Column Name found in Datamart and Curated Table :: RECURRINGSERVICE_ACTIVATEDFROM
Column Name found in Datamart and Curated Table :: AUTOLATITUDE
Column Name found in Datamart and Curated Table :: AVALARAENTITYCODE
Column Name found in Datamart and Curated Table :: CUSTOMER_ID
Column Name found in Datamart and Curated Table :: RECURRINGSERVICE_MEMO
Datamart tables contains additional column name like [ACTIVE_FLAG, RECORD_CREATE_DATE, RECORD_UPDATE_DATE, RECORD_UPDATE_DATE, MASTER_ID, TENANT_TYPE]
Curated tables contains additional column name like [RECORD_CREATE_DATE, RECORD_UPDATE_DATE, RECORD_UPDATED_BY, TENANT_TYPE]]]>
  </system-out>
  <testcase classname="testcases.RAW_DATAMART_CURATED.SnowFlake_ColumnValidation_BKPTables" name="validateColumnName_BKP" time="2.453"/>
  <system-out>
    <![CDATA[Executing Snowflake query :: SELECT COLUMN_NAME FROM DEV_ENT_RAW.INFORMATION_SCHEMA.COLUMNS WHERE TABLE_NAME='ESTIMATEITEM'and TABLE_SCHEMA='ST_CASTEEL_MATILLION'
Executing Snowflake query :: SELECT COLUMN_NAME FROM CURATED_DATAMART.INFORMATION_SCHEMA.COLUMNS WHERE TABLE_NAME='STR_ESTIMATEITEM'and TABLE_SCHEMA='ST_BKP_CASTEEL'
Executing Snowflake query :: SELECT COLUMN_NAME FROM DEV_ENT_CURATED.INFORMATION_SCHEMA.COLUMNS WHERE TABLE_NAME='DIM_ESTIMATEITEM'and TABLE_SCHEMA='MASTER_DIMENSIONS'
Column names for RAW Table --> ESTIMATEITEM :: [AUTOGLASSITEM_ID, CHARGEABLE, COST, GENERALLEDGERACCOUNT_ID, MODIFIEDON, PROJECTORDER, INVOICEITEM_ID, ITEMGROUPNAME, ADDONFLATAMOUNT, MEMBERPRICE, SOLDBY_ID, SKUREFERENCE_SKUID, TOTALCOST, CREATEDON, EQUIPMENT_ID, ITEMGROUPROOT_ID, UNITPRICE, PAYSFLATAMOUNT, CREATEDBY_ID, DEMANDSTATUS, ESTIMATE_ID, ID, ORDER, TOTAL, LASTUNITPRICESETBYEMPLOYEE, RENEWABLEMEMBERSHIP_ID, TAXABLE, INSTALLEDEQUIPMENT_ID, PRICEMODIFIER_ID, SKU_ID, PAYSSOLDBYRATE, ACCOUNT, ACTIVE, COSTOFSALEACCOUNT_ID, CREATEDFROM_ID, DESCRIPTION, ISNOTGOINGTOBEDONE, MARKUP, MEMBERSHIPBILLINGFREQUENCY, MEMBERSHIPDURATION, PARENTITEM_ID, PROJECTLABELS, SCHEDULEDFLATAMOUNT, SKUREFERENCE_SKUTYPE, ALLOWDISCOUNTS, STANDARDPRICE, IMPORTID, QUANTITY, ISADDON, ISHIDDENFROMCUSTOMER]
Column names for DataMart Table --> STR_ESTIMATEITEM :: [ACTIVE_FLAG, CREATEDBY_ID, IMPORTID, MARKUP, MASTER_ID, PAYSFLATAMOUNT, RENEWABLEMEMBERSHIP_ID, MEMBERSHIPDURATION, INSTALLEDEQUIPMENT_ID, PARENTITEM_ID, MEMBERPRICE, PROJECTLABELS, RECORD_UPDATE_DATE, MODIFIEDON, TAXABLE, ITEMGROUPROOT_ID, UNITPRICE, ESTIMATE_ID, ID, SKUREFERENCE_SKUID, SKU_ID, TOTAL, ADDONFLATAMOUNT, CREATEDFROM_ID, ITEMGROUPNAME, ALLOWDISCOUNTS, AUTOGLASSITEM_ID, CHARGEABLE, COST, CREATEDON, DESCRIPTION, EQUIPMENT_ID, GENERALLEDGERACCOUNT_ID, ISNOTGOINGTOBEDONE, SKUREFERENCE_SKUTYPE, ISHIDDENFROMCUSTOMER, MEMBERSHIPBILLINGFREQUENCY, PAYSSOLDBYRATE, PROJECTORDER, RECORD_CREATE_DATE, TENANT_TYPE, SOLDBY_ID, ACTIVE, STANDARDPRICE, ORDER, TOTALCOST, ACCOUNT, COSTOFSALEACCOUNT_ID, LASTUNITPRICESETBYEMPLOYEE, PRICEMODIFIER_ID, DEMANDSTATUS, INVOICEITEM_ID, ISADDON, QUANTITY, SCHEDULEDFLATAMOUNT]
Column names for Curated Table --> DIM_ESTIMATEITEM :: [CREATEDON, DEMANDSTATUS, MEMBERPRICE, MEMBERSHIPBILLINGFREQUENCY, MEMBERSHIPDURATION, SKUREFERENCE_SKUTYPE, ADDONFLATAMOUNT, AUTOGLASSITEM_ID, COST, ID, PAYSSOLDBYRATE, STANDARDPRICE, TENANT_TYPE, TOTAL, RECORD_CREATE_DATE, ITEMGROUPROOT_ID, PARENTITEM_ID, ORDER, PROJECTLABELS, SOLDBY_ID, PROJECTORDER, ACTIVE, ALLOWDISCOUNTS, CREATEDFROM_ID, DESCRIPTION, ESTIMATE_ID, MARKUP, ISADDON, CREATEDBY_ID, GENERALLEDGERACCOUNT_ID, INVOICEITEM_ID, PRICEMODIFIER_ID, RECORD_UPDATED_BY, SKUREFERENCE_SKUID, QUANTITY, CHARGEABLE, ISHIDDENFROMCUSTOMER, SKU_ID, COSTOFSALEACCOUNT_ID, ISNOTGOINGTOBEDONE, TOTALCOST, INSTALLEDEQUIPMENT_ID, ITEMGROUPNAME, PAYSFLATAMOUNT, TAXABLE, SCHEDULEDFLATAMOUNT, ACCOUNT, EQUIPMENT_ID, LASTUNITPRICESETBYEMPLOYEE, RENEWABLEMEMBERSHIP_ID, IMPORTID, RECORD_UPDATE_DATE, UNITPRICE, MODIFIEDON]
Column Name found in Datamart and Curated Table :: AUTOGLASSITEM_ID
Column Name found in Datamart and Curated Table :: CHARGEABLE
Column Name found in Datamart and Curated Table :: COST
Column Name found in Datamart and Curated Table :: GENERALLEDGERACCOUNT_ID
Column Name found in Datamart and Curated Table :: MODIFIEDON
Column Name found in Datamart and Curated Table :: PROJECTORDER
Column Name found in Datamart and Curated Table :: INVOICEITEM_ID
Column Name found in Datamart and Curated Table :: ITEMGROUPNAME
Column Name found in Datamart and Curated Table :: ADDONFLATAMOUNT
Column Name found in Datamart and Curated Table :: MEMBERPRICE
Column Name found in Datamart and Curated Table :: SOLDBY_ID
Column Name found in Datamart and Curated Table :: SKUREFERENCE_SKUID
Column Name found in Datamart and Curated Table :: TOTALCOST
Column Name found in Datamart and Curated Table :: CREATEDON
Column Name found in Datamart and Curated Table :: EQUIPMENT_ID
Column Name found in Datamart and Curated Table :: ITEMGROUPROOT_ID
Column Name found in Datamart and Curated Table :: UNITPRICE
Column Name found in Datamart and Curated Table :: PAYSFLATAMOUNT
Column Name found in Datamart and Curated Table :: CREATEDBY_ID
Column Name found in Datamart and Curated Table :: DEMANDSTATUS
Column Name found in Datamart and Curated Table :: ESTIMATE_ID
Column Name found in Datamart and Curated Table :: ID
Column Name found in Datamart and Curated Table :: ORDER
Column Name found in Datamart and Curated Table :: TOTAL
Column Name found in Datamart and Curated Table :: LASTUNITPRICESETBYEMPLOYEE
Column Name found in Datamart and Curated Table :: RENEWABLEMEMBERSHIP_ID
Column Name found in Datamart and Curated Table :: TAXABLE
Column Name found in Datamart and Curated Table :: INSTALLEDEQUIPMENT_ID
Column Name found in Datamart and Curated Table :: PRICEMODIFIER_ID
Column Name found in Datamart and Curated Table :: SKU_ID
Column Name found in Datamart and Curated Table :: PAYSSOLDBYRATE
Column Name found in Datamart and Curated Table :: ACCOUNT
Column Name found in Datamart and Curated Table :: ACTIVE
Column Name found in Datamart and Curated Table :: COSTOFSALEACCOUNT_ID
Column Name found in Datamart and Curated Table :: CREATEDFROM_ID
Column Name found in Datamart and Curated Table :: DESCRIPTION
Column Name found in Datamart and Curated Table :: ISNOTGOINGTOBEDONE
Column Name found in Datamart and Curated Table :: MARKUP
Column Name found in Datamart and Curated Table :: MEMBERSHIPBILLINGFREQUENCY
Column Name found in Datamart and Curated Table :: MEMBERSHIPDURATION
Column Name found in Datamart and Curated Table :: PARENTITEM_ID
Column Name found in Datamart and Curated Table :: PROJECTLABELS
Column Name found in Datamart and Curated Table :: SCHEDULEDFLATAMOUNT
Column Name found in Datamart and Curated Table :: SKUREFERENCE_SKUTYPE
Column Name found in Datamart and Curated Table :: ALLOWDISCOUNTS
Column Name found in Datamart and Curated Table :: STANDARDPRICE
Column Name found in Datamart and Curated Table :: IMPORTID
Column Name found in Datamart and Curated Table :: QUANTITY
Column Name found in Datamart and Curated Table :: ISADDON
Column Name found in Datamart and Curated Table :: ISHIDDENFROMCUSTOMER
Datamart tables contains additional column name like [ACTIVE_FLAG, RECORD_CREATE_DATE, RECORD_UPDATE_DATE, RECORD_UPDATE_DATE, MASTER_ID, TENANT_TYPE]
Curated tables contains additional column name like [RECORD_CREATE_DATE, RECORD_UPDATE_DATE, RECORD_UPDATED_BY, TENANT_TYPE]]]>
  </system-out>
  <testcase classname="testcases.RAW_DATAMART_CURATED.SnowFlake_ColumnValidation_BKPTables" name="validateColumnName_BKP" time="3.179"/>
  <system-out>
    <![CDATA[Executing Snowflake query :: SELECT COLUMN_NAME FROM DEV_ENT_RAW.INFORMATION_SCHEMA.COLUMNS WHERE TABLE_NAME='ESTIMATE'and TABLE_SCHEMA='ST_HENDERSON_MATILLION'
Executing Snowflake query :: SELECT COLUMN_NAME FROM CURATED_DATAMART.INFORMATION_SCHEMA.COLUMNS WHERE TABLE_NAME='STR_ESTIMATE'and TABLE_SCHEMA='ST_BKP_HENDERSON'
Executing Snowflake query :: SELECT COLUMN_NAME FROM DEV_ENT_CURATED.INFORMATION_SCHEMA.COLUMNS WHERE TABLE_NAME='DIM_ESTIMATE'and TABLE_SCHEMA='MASTER_DIMENSIONS'
Column names for RAW Table --> ESTIMATE :: [LABORTAX, PROJECTLABELS, AUTHORIZATIONSIGNATURE, CREATEDBY_ID, MATERIALTAX, NAME, PROPOSALTAGCOLOR, PROPOSALTAGNAME, SOLDBY_ID, TOTALCOST, MODIFIEDON, CLAIM_ID, LOCATION_ID, MATERIALSKU_ID, SOLDINVOICE_ID, SUMMARY, ORDER, TECHNICIANSIGNATURE, SOLDBYEMPLOYEE_ID, BUSINESSUNIT_ID, FEETOTAL, MATERIALSKUREFERENCE_SKUID, MATERIALSKUREFERENCE_SKUTYPE, CREATEDON, PROCUREMENTTYPE, PROJECTOPPORTUNITY_ID, TOTAL, ACTIVE, ISCHANGEORDER, JOB_ID, RENEWABLEMEMBERSHIP_ID, TECHNICIANPICKEDSOLDTYPE, ID, AUTHORIZEDON, OPPORTUNITY_ID, STATUS, IMPORTID, SOLDON, SOLDTYPE, DISCOUNTTOTAL, ISRECOMMENDED, TAX]
Column names for DataMart Table --> STR_ESTIMATE :: [JOB_ID, RENEWABLEMEMBERSHIP_ID, MODIFIEDON, SOLDINVOICE_ID, TECHNICIANPICKEDSOLDTYPE, ACTIVE_FLAG, LABORTAX, LOCATION_ID, MATERIALSKUREFERENCE_SKUID, MATERIALTAX, PROCUREMENTTYPE, PROJECTOPPORTUNITY_ID, SOLDBY_ID, TAX, DISCOUNTTOTAL, IMPORTID, MASTER_ID, TECHNICIANSIGNATURE, CREATEDON, MATERIALSKU_ID, RECORD_CREATE_DATE, TOTAL, PROJECTLABELS, SOLDBYEMPLOYEE_ID, TOTALCOST, BUSINESSUNIT_ID, CREATEDBY_ID, FEETOTAL, RECORD_UPDATE_DATE, ISCHANGEORDER, AUTHORIZEDON, ID, MATERIALSKUREFERENCE_SKUTYPE, SOLDTYPE, PROPOSALTAGCOLOR, PROPOSALTAGNAME, SUMMARY, NAME, ACTIVE, AUTHORIZATIONSIGNATURE, CLAIM_ID, OPPORTUNITY_ID, ORDER, SOLDON, STATUS, ISRECOMMENDED, TENANT_TYPE]
Column names for Curated Table --> DIM_ESTIMATE :: [CREATEDON, DISCOUNTTOTAL, LOCATION_ID, OPPORTUNITY_ID, PROPOSALTAGCOLOR, PROPOSALTAGNAME, SOLDINVOICE_ID, TENANT_TYPE, RECORD_UPDATED_BY, TOTALCOST, ISCHANGEORDER, NAME, BUSINESSUNIT_ID, FEETOTAL, MATERIALSKUREFERENCE_SKUTYPE, ISRECOMMENDED, ORDER, STATUS, TOTAL, SOLDTYPE, AUTHORIZEDON, CREATEDBY_ID, LABORTAX, PROCUREMENTTYPE, SOLDBYEMPLOYEE_ID, SOLDBY_ID, IMPORTID, MATERIALSKU_ID, TAX, TECHNICIANPICKEDSOLDTYPE, RENEWABLEMEMBERSHIP_ID, TECHNICIANSIGNATURE, MODIFIEDON, CLAIM_ID, ID, MATERIALSKUREFERENCE_SKUID, SOLDON, PROJECTLABELS, JOB_ID, ACTIVE, AUTHORIZATIONSIGNATURE, MATERIALTAX, PROJECTOPPORTUNITY_ID, RECORD_CREATE_DATE, SUMMARY, RECORD_UPDATE_DATE]
Column Name found in Datamart and Curated Table :: LABORTAX
Column Name found in Datamart and Curated Table :: PROJECTLABELS
Column Name found in Datamart and Curated Table :: AUTHORIZATIONSIGNATURE
Column Name found in Datamart and Curated Table :: CREATEDBY_ID
Column Name found in Datamart and Curated Table :: MATERIALTAX
Column Name found in Datamart and Curated Table :: NAME
Column Name found in Datamart and Curated Table :: PROPOSALTAGCOLOR
Column Name found in Datamart and Curated Table :: PROPOSALTAGNAME
Column Name found in Datamart and Curated Table :: SOLDBY_ID
Column Name found in Datamart and Curated Table :: TOTALCOST
Column Name found in Datamart and Curated Table :: MODIFIEDON
Column Name found in Datamart and Curated Table :: CLAIM_ID
Column Name found in Datamart and Curated Table :: LOCATION_ID
Column Name found in Datamart and Curated Table :: MATERIALSKU_ID
Column Name found in Datamart and Curated Table :: SOLDINVOICE_ID
Column Name found in Datamart and Curated Table :: SUMMARY
Column Name found in Datamart and Curated Table :: ORDER
Column Name found in Datamart and Curated Table :: TECHNICIANSIGNATURE
Column Name found in Datamart and Curated Table :: SOLDBYEMPLOYEE_ID
Column Name found in Datamart and Curated Table :: BUSINESSUNIT_ID
Column Name found in Datamart and Curated Table :: FEETOTAL
Column Name found in Datamart and Curated Table :: MATERIALSKUREFERENCE_SKUID
Column Name found in Datamart and Curated Table :: MATERIALSKUREFERENCE_SKUTYPE
Column Name found in Datamart and Curated Table :: CREATEDON
Column Name found in Datamart and Curated Table :: PROCUREMENTTYPE
Column Name found in Datamart and Curated Table :: PROJECTOPPORTUNITY_ID
Column Name found in Datamart and Curated Table :: TOTAL
Column Name found in Datamart and Curated Table :: ACTIVE
Column Name found in Datamart and Curated Table :: ISCHANGEORDER
Column Name found in Datamart and Curated Table :: JOB_ID
Column Name found in Datamart and Curated Table :: RENEWABLEMEMBERSHIP_ID
Column Name found in Datamart and Curated Table :: TECHNICIANPICKEDSOLDTYPE
Column Name found in Datamart and Curated Table :: ID
Column Name found in Datamart and Curated Table :: AUTHORIZEDON
Column Name found in Datamart and Curated Table :: OPPORTUNITY_ID
Column Name found in Datamart and Curated Table :: STATUS
Column Name found in Datamart and Curated Table :: IMPORTID
Column Name found in Datamart and Curated Table :: SOLDON
Column Name found in Datamart and Curated Table :: SOLDTYPE
Column Name found in Datamart and Curated Table :: DISCOUNTTOTAL
Column Name found in Datamart and Curated Table :: ISRECOMMENDED
Column Name found in Datamart and Curated Table :: TAX
Datamart tables contains additional column name like [ACTIVE_FLAG, RECORD_CREATE_DATE, RECORD_UPDATE_DATE, RECORD_UPDATE_DATE, MASTER_ID, TENANT_TYPE]
Curated tables contains additional column name like [RECORD_CREATE_DATE, RECORD_UPDATE_DATE, RECORD_UPDATED_BY, TENANT_TYPE]]]>
  </system-out>
  <testcase classname="testcases.RAW_DATAMART_CURATED.SnowFlake_ColumnValidation_BKPTables" name="validateColumnName_BKP" time="4.205"/>
  <system-out>
    <![CDATA[Executing Snowflake query :: SELECT COLUMN_NAME FROM DEV_ENT_RAW.INFORMATION_SCHEMA.COLUMNS WHERE TABLE_NAME='CAMPAIGN'and TABLE_SCHEMA='ST_HARP_MATILLION'
Executing Snowflake query :: SELECT COLUMN_NAME FROM CURATED_DATAMART.INFORMATION_SCHEMA.COLUMNS WHERE TABLE_NAME='STR_CAMPAIGN'and TABLE_SCHEMA='ST_BKP_HARP'
Executing Snowflake query :: SELECT COLUMN_NAME FROM DEV_ENT_CURATED.INFORMATION_SCHEMA.COLUMNS WHERE TABLE_NAME='DIM_CAMPAIGN'and TABLE_SCHEMA='MASTER_DIMENSIONS'
Column names for RAW Table --> CAMPAIGN :: [DNIS, COST, ID, CREATEDON, IMPORTID, ACTIVE, CREATEDBY_ID, MODIFIEDON, MODIFIEDBY_ID, BUSINESSUNIT_ID, IMAGE, NAME, CATEGORY_ID]
Column names for DataMart Table --> STR_CAMPAIGN :: [RECORD_UPDATE_DATE, ACTIVE, DNIS, NAME, MODIFIEDBY_ID, BUSINESSUNIT_ID, CREATEDON, RECORD_CREATE_DATE, ID, MASTER_ID, ACTIVE_FLAG, TENANT_TYPE, IMPORTID, MODIFIEDON, CATEGORY_ID, CREATEDBY_ID, IMAGE, COST]
Column names for Curated Table --> DIM_CAMPAIGN :: [IMAGE, MODIFIEDBY_ID, CATEGORY_ID, NAME, RECORD_CREATE_DATE, ACTIVE, COST, CREATEDBY_ID, IMPORTID, CREATEDON, BUSINESSUNIT_ID, ID, RECORD_UPDATED_BY, MODIFIEDON, DNIS, RECORD_UPDATE_DATE, TENANT_TYPE]
Column Name found in Datamart and Curated Table :: DNIS
Column Name found in Datamart and Curated Table :: COST
Column Name found in Datamart and Curated Table :: ID
Column Name found in Datamart and Curated Table :: CREATEDON
Column Name found in Datamart and Curated Table :: IMPORTID
Column Name found in Datamart and Curated Table :: ACTIVE
Column Name found in Datamart and Curated Table :: CREATEDBY_ID
Column Name found in Datamart and Curated Table :: MODIFIEDON
Column Name found in Datamart and Curated Table :: MODIFIEDBY_ID
Column Name found in Datamart and Curated Table :: BUSINESSUNIT_ID
Column Name found in Datamart and Curated Table :: IMAGE
Column Name found in Datamart and Curated Table :: NAME
Column Name found in Datamart and Curated Table :: CATEGORY_ID
Datamart tables contains additional column name like [ACTIVE_FLAG, RECORD_CREATE_DATE, RECORD_UPDATE_DATE, RECORD_UPDATE_DATE, MASTER_ID, TENANT_TYPE]
Curated tables contains additional column name like [RECORD_CREATE_DATE, RECORD_UPDATE_DATE, RECORD_UPDATED_BY, TENANT_TYPE]]]>
  </system-out>
  <testcase classname="testcases.RAW_DATAMART_CURATED.SnowFlake_ColumnValidation_BKPTables" name="validateColumnName_BKP" time="2.362"/>
  <system-out>
    <![CDATA[Executing Snowflake query :: SELECT COLUMN_NAME FROM DEV_ENT_RAW.INFORMATION_SCHEMA.COLUMNS WHERE TABLE_NAME='PAYMENTSPLIT'and TABLE_SCHEMA='ST_MAITZ_MATILLION'
Executing Snowflake query :: SELECT COLUMN_NAME FROM CURATED_DATAMART.INFORMATION_SCHEMA.COLUMNS WHERE TABLE_NAME='STR_PAYMENTSPLIT'and TABLE_SCHEMA='ST_BKP_MAITZ'
Executing Snowflake query :: SELECT COLUMN_NAME FROM DEV_ENT_CURATED.INFORMATION_SCHEMA.COLUMNS WHERE TABLE_NAME='DIM_PAYMENTSPLIT'and TABLE_SCHEMA='MASTER_DIMENSIONS'
Column names for RAW Table --> PAYMENTSPLIT :: [PAYMENT_ID, AMOUNT, CREATEDON, IMPORTID, ID, MODIFIEDON, PAYSELLERCOMMISSION, CREATEDBY_ID, ACTIVE, INVOICE_ID]
Column names for DataMart Table --> STR_PAYMENTSPLIT :: [RECORD_UPDATE_DATE, ACTIVE_FLAG, TENANT_TYPE, ID, IMPORTID, MASTER_ID, MODIFIEDON, PAYSELLERCOMMISSION, AMOUNT, CREATEDON, ACTIVE, CREATEDBY_ID, INVOICE_ID, PAYMENT_ID, RECORD_CREATE_DATE]
Column names for Curated Table --> DIM_PAYMENTSPLIT :: [IMPORTID, PAYSELLERCOMMISSION, CREATEDON, PAYMENT_ID, TENANT_TYPE, MODIFIEDON, AMOUNT, CREATEDBY_ID, INVOICE_ID, ID, RECORD_UPDATED_BY, RECORD_UPDATE_DATE, ACTIVE, RECORD_CREATE_DATE]
Column Name found in Datamart and Curated Table :: PAYMENT_ID
Column Name found in Datamart and Curated Table :: AMOUNT
Column Name found in Datamart and Curated Table :: CREATEDON
Column Name found in Datamart and Curated Table :: IMPORTID
Column Name found in Datamart and Curated Table :: ID
Column Name found in Datamart and Curated Table :: MODIFIEDON
Column Name found in Datamart and Curated Table :: PAYSELLERCOMMISSION
Column Name found in Datamart and Curated Table :: CREATEDBY_ID
Column Name found in Datamart and Curated Table :: ACTIVE
Column Name found in Datamart and Curated Table :: INVOICE_ID
Datamart tables contains additional column name like [ACTIVE_FLAG, RECORD_CREATE_DATE, RECORD_UPDATE_DATE, RECORD_UPDATE_DATE, MASTER_ID, TENANT_TYPE]
Curated tables contains additional column name like [RECORD_CREATE_DATE, RECORD_UPDATE_DATE, RECORD_UPDATED_BY, TENANT_TYPE]]]>
  </system-out>
  <testcase classname="testcases.RAW_DATAMART_CURATED.SnowFlake_ColumnValidation_BKPTables" name="validateColumnName_BKP" time="3.181"/>
  <system-out>
    <![CDATA[Executing Snowflake query :: SELECT COLUMN_NAME FROM DEV_ENT_RAW.INFORMATION_SCHEMA.COLUMNS WHERE TABLE_NAME='MATERIALVENDOR'and TABLE_SCHEMA='ST_HORIZONSERVICES_MATILLION'
Executing Snowflake query :: SELECT COLUMN_NAME FROM CURATED_DATAMART.INFORMATION_SCHEMA.COLUMNS WHERE TABLE_NAME='STR_MATERIALVENDOR'and TABLE_SCHEMA='ST_BKP_HORIZONSERVICES'
Executing Snowflake query :: SELECT COLUMN_NAME FROM DEV_ENT_CURATED.INFORMATION_SCHEMA.COLUMNS WHERE TABLE_NAME='DIM_MATERIALVENDOR'and TABLE_SCHEMA='MASTER_DIMENSIONS'
Column names for RAW Table --> MATERIALVENDOR :: [IMPORTID, VENDOR_ID, CREATEDBY_ID, ID, PARTNUMBER, COST, ISPRIMARY, CREATEDON, ACTIVE, MEMO, PRIMARYSUBACCOUNT_ID, MATERIAL_ID]
Column names for DataMart Table --> STR_MATERIALVENDOR :: [MEMO, ACTIVE, ACTIVE_FLAG, CREATEDBY_ID, MATERIAL_ID, CREATEDON, PARTNUMBER, VENDOR_ID, RECORD_CREATE_DATE, ISPRIMARY, TENANT_TYPE, ID, RECORD_UPDATE_DATE, IMPORTID, PRIMARYSUBACCOUNT_ID, COST, MASTER_ID]
Column names for Curated Table --> DIM_MATERIALVENDOR :: [ID, MATERIAL_ID, ACTIVE, COST, CREATEDBY_ID, IMPORTID, ISPRIMARY, PRIMARYSUBACCOUNT_ID, RECORD_UPDATE_DATE, TENANT_TYPE, MEMO, RECORD_UPDATED_BY, VENDOR_ID, CREATEDON, PARTNUMBER, RECORD_CREATE_DATE]
Column Name found in Datamart and Curated Table :: IMPORTID
Column Name found in Datamart and Curated Table :: VENDOR_ID
Column Name found in Datamart and Curated Table :: CREATEDBY_ID
Column Name found in Datamart and Curated Table :: ID
Column Name found in Datamart and Curated Table :: PARTNUMBER
Column Name found in Datamart and Curated Table :: COST
Column Name found in Datamart and Curated Table :: ISPRIMARY
Column Name found in Datamart and Curated Table :: CREATEDON
Column Name found in Datamart and Curated Table :: ACTIVE
Column Name found in Datamart and Curated Table :: MEMO
Column Name found in Datamart and Curated Table :: PRIMARYSUBACCOUNT_ID
Column Name found in Datamart and Curated Table :: MATERIAL_ID
Datamart tables contains additional column name like [ACTIVE_FLAG, RECORD_CREATE_DATE, RECORD_UPDATE_DATE, RECORD_UPDATE_DATE, MASTER_ID, TENANT_TYPE]
Curated tables contains additional column name like [RECORD_CREATE_DATE, RECORD_UPDATE_DATE, RECORD_UPDATED_BY, TENANT_TYPE]]]>
  </system-out>
  <testcase classname="testcases.RAW_DATAMART_CURATED.SnowFlake_ColumnValidation_BKPTables" name="validateColumnName_BKP" time="2.252"/>
  <system-out>
    <![CDATA[Executing Snowflake query :: SELECT COLUMN_NAME FROM DEV_ENT_RAW.INFORMATION_SCHEMA.COLUMNS WHERE TABLE_NAME='JOB'and TABLE_SCHEMA='ST_GOLDMEDAL_MATILLION'
Executing Snowflake query :: SELECT COLUMN_NAME FROM CURATED_DATAMART.INFORMATION_SCHEMA.COLUMNS WHERE TABLE_NAME='STR_JOB'and TABLE_SCHEMA='ST_BKP_GOLDMEDAL'
Executing Snowflake query :: SELECT COLUMN_NAME FROM DEV_ENT_CURATED.INFORMATION_SCHEMA.COLUMNS WHERE TABLE_NAME='DIM_JOB'and TABLE_SCHEMA='MASTER_DIMENSIONS'
Column names for RAW Table --> JOB :: [ALLOTTEDTIME, CALLSCRIPTANSWERRECORD_ID, COMPLETEDON, OPPORTUNITYDATE, START, TYPE_ID, UNION, WARRANTYFOR_ID, PLANSTART, PREDICTEDSALES, PRIORITY, ACTIVE, BUSINESSUNIT_ID, CREATEDFROMESTIMATE_ID, CREATEDFROMESTIMATESTATUSWHENBOOKING, ESTIMATEDCOST, GENERATEDFROM_ID, LATEPENALTY, EXTERNALID, LOCATION_ID, SOLDBY_ID, DRIVINGCOST, ISAUTODISPATCHED, ISTECHNICIANSPECIFIC, PROJECTEDVALUE, STATUS, CAMPAIGN_ID, CREATEDBY_ID, GENERATEDBY_ID, ISCONFIRMED, ISPREVAILINGWAGE, MANAGEEMPLOYEEEMAIL, PREDICTEDTOTAL, PROJECT_ID, TOTAL, MEMBERSHIP_ID, SUMMARY, LASTCHANGEDBYSMARTDISPATCH, LEADGENERATED_ID, NOTIFICATIONSENABLED, CUSTOMERPO, ID, DRIVETIME, INVOICE_ID, MANAGEFOLLOWUPEMAIL, END, APPROXIMATESTARTDATE, COMPLETIONSURVEYID, PREVAILINGWAGECODE_ID, REASSIGNMENTPENALTY, RECALLFOR_ID, SECONDARYJOBNUMBER, CUSTOMER_ID, DURATION, IMPORTID, LASTAPPOINTMENT_ID, MONTHNUMBER, SMARTDISPATCHDATA_JOB, NOCHARGE, PREVAILINGWAGEJOBNUMBER, OPPORTUNITY_ID, CREATEDON, APPROXIMATEENDDATE, FIRSTAPPOINTMENT_ID, MODIFIEDON, NOCHARGESOURCE, NUMBER, PMDATE, PLANEND, LEAD_ID]
Column names for DataMart Table --> STR_JOB :: [APPROXIMATESTARTDATE, CUSTOMER_ID, ISCONFIRMED, OPPORTUNITY_ID, PREVAILINGWAGECODE_ID, RECORD_CREATE_DATE, GENERATEDBY_ID, NUMBER, PROJECTEDVALUE, INVOICE_ID, ESTIMATEDCOST, MASTER_ID, PRIORITY, RECORD_UPDATE_DATE, CAMPAIGN_ID, COMPLETEDON, ISAUTODISPATCHED, LOCATION_ID, MANAGEEMPLOYEEEMAIL, STATUS, MONTHNUMBER, EXTERNALID, CUSTOMERPO, DRIVETIME, MEMBERSHIP_ID, PMDATE, SMARTDISPATCHDATA_JOB, SOLDBY_ID, PLANEND, SECONDARYJOBNUMBER, CALLSCRIPTANSWERRECORD_ID, FIRSTAPPOINTMENT_ID, ID, TENANT_TYPE, ACTIVE, ALLOTTEDTIME, APPROXIMATEENDDATE, BUSINESSUNIT_ID, NOCHARGE, PLANSTART, PREDICTEDSALES, REASSIGNMENTPENALTY, UNION, MODIFIEDON, PROJECT_ID, TOTAL, WARRANTYFOR_ID, COMPLETIONSURVEYID, CREATEDFROMESTIMATESTATUSWHENBOOKING, CREATEDFROMESTIMATE_ID, IMPORTID, ISTECHNICIANSPECIFIC, LASTCHANGEDBYSMARTDISPATCH, START, LEADGENERATED_ID, LEAD_ID, RECALLFOR_ID, TYPE_ID, ACTIVE_FLAG, CREATEDBY_ID, DURATION, END, GENERATEDFROM_ID, LASTAPPOINTMENT_ID, NOTIFICATIONSENABLED, SUMMARY, LATEPENALTY, OPPORTUNITYDATE, PREDICTEDTOTAL, CREATEDON, DRIVINGCOST, ISPREVAILINGWAGE, NOCHARGESOURCE, PREVAILINGWAGEJOBNUMBER, MANAGEFOLLOWUPEMAIL]
Column names for Curated Table --> DIM_JOB :: [LASTCHANGEDBYSMARTDISPATCH, PROJECTEDVALUE, TYPE_ID, EXTERNALID, NOCHARGESOURCE, PMDATE, RECALLFOR_ID, START, ACTIVE, ISAUTODISPATCHED, MONTHNUMBER, PRIORITY, CREATEDON, OPPORTUNITYDATE, PREVAILINGWAGEJOBNUMBER, RECORD_CREATE_DATE, CREATEDBY_ID, LASTAPPOINTMENT_ID, MANAGEEMPLOYEEEMAIL, TOTAL, APPROXIMATESTARTDATE, GENERATEDBY_ID, MANAGEFOLLOWUPEMAIL, RECORD_UPDATED_BY, WARRANTYFOR_ID, UNION, CREATEDFROMESTIMATE_ID, REASSIGNMENTPENALTY, PREDICTEDSALES, LATEPENALTY, DURATION, DRIVETIME, STATUS, SUMMARY, IMPORTID, NOTIFICATIONSENABLED, RECORD_UPDATE_DATE, ALLOTTEDTIME, COMPLETEDON, CUSTOMERPO, GENERATEDFROM_ID, ISTECHNICIANSPECIFIC, LOCATION_ID, PLANEND, MODIFIEDON, PREVAILINGWAGECODE_ID, SECONDARYJOBNUMBER, END, OPPORTUNITY_ID, APPROXIMATEENDDATE, BUSINESSUNIT_ID, CALLSCRIPTANSWERRECORD_ID, CUSTOMER_ID, DRIVINGCOST, ESTIMATEDCOST, FIRSTAPPOINTMENT_ID, PROJECT_ID, SOLDBY_ID, NOCHARGE, ISCONFIRMED, LEADGENERATED_ID, CAMPAIGN_ID, COMPLETIONSURVEYID, CREATEDFROMESTIMATESTATUSWHENBOOKING, ID, INVOICE_ID, ISPREVAILINGWAGE, LEAD_ID, MEMBERSHIP_ID, PLANSTART, SMARTDISPATCHDATA_JOB, TENANT_TYPE, PREDICTEDTOTAL, NUMBER]
Column Name found in Datamart and Curated Table :: ALLOTTEDTIME
Column Name found in Datamart and Curated Table :: CALLSCRIPTANSWERRECORD_ID
Column Name found in Datamart and Curated Table :: COMPLETEDON
Column Name found in Datamart and Curated Table :: OPPORTUNITYDATE
Column Name found in Datamart and Curated Table :: START
Column Name found in Datamart and Curated Table :: TYPE_ID
Column Name found in Datamart and Curated Table :: UNION
Column Name found in Datamart and Curated Table :: WARRANTYFOR_ID
Column Name found in Datamart and Curated Table :: PLANSTART
Column Name found in Datamart and Curated Table :: PREDICTEDSALES
Column Name found in Datamart and Curated Table :: PRIORITY
Column Name found in Datamart and Curated Table :: ACTIVE
Column Name found in Datamart and Curated Table :: BUSINESSUNIT_ID
Column Name found in Datamart and Curated Table :: CREATEDFROMESTIMATE_ID
Column Name found in Datamart and Curated Table :: CREATEDFROMESTIMATESTATUSWHENBOOKING
Column Name found in Datamart and Curated Table :: ESTIMATEDCOST
Column Name found in Datamart and Curated Table :: GENERATEDFROM_ID
Column Name found in Datamart and Curated Table :: LATEPENALTY
Column Name found in Datamart and Curated Table :: EXTERNALID
Column Name found in Datamart and Curated Table :: LOCATION_ID
Column Name found in Datamart and Curated Table :: SOLDBY_ID
Column Name found in Datamart and Curated Table :: DRIVINGCOST
Column Name found in Datamart and Curated Table :: ISAUTODISPATCHED
Column Name found in Datamart and Curated Table :: ISTECHNICIANSPECIFIC
Column Name found in Datamart and Curated Table :: PROJECTEDVALUE
Column Name found in Datamart and Curated Table :: STATUS
Column Name found in Datamart and Curated Table :: CAMPAIGN_ID
Column Name found in Datamart and Curated Table :: CREATEDBY_ID
Column Name found in Datamart and Curated Table :: GENERATEDBY_ID
Column Name found in Datamart and Curated Table :: ISCONFIRMED
Column Name found in Datamart and Curated Table :: ISPREVAILINGWAGE
Column Name found in Datamart and Curated Table :: MANAGEEMPLOYEEEMAIL
Column Name found in Datamart and Curated Table :: PREDICTEDTOTAL
Column Name found in Datamart and Curated Table :: PROJECT_ID
Column Name found in Datamart and Curated Table :: TOTAL
Column Name found in Datamart and Curated Table :: MEMBERSHIP_ID
Column Name found in Datamart and Curated Table :: SUMMARY
Column Name found in Datamart and Curated Table :: LASTCHANGEDBYSMARTDISPATCH
Column Name found in Datamart and Curated Table :: LEADGENERATED_ID
Column Name found in Datamart and Curated Table :: NOTIFICATIONSENABLED
Column Name found in Datamart and Curated Table :: CUSTOMERPO
Column Name found in Datamart and Curated Table :: ID
Column Name found in Datamart and Curated Table :: DRIVETIME
Column Name found in Datamart and Curated Table :: INVOICE_ID
Column Name found in Datamart and Curated Table :: MANAGEFOLLOWUPEMAIL
Column Name found in Datamart and Curated Table :: END
Column Name found in Datamart and Curated Table :: APPROXIMATESTARTDATE
Column Name found in Datamart and Curated Table :: COMPLETIONSURVEYID
Column Name found in Datamart and Curated Table :: PREVAILINGWAGECODE_ID
Column Name found in Datamart and Curated Table :: REASSIGNMENTPENALTY
Column Name found in Datamart and Curated Table :: RECALLFOR_ID
Column Name found in Datamart and Curated Table :: SECONDARYJOBNUMBER
Column Name found in Datamart and Curated Table :: CUSTOMER_ID
Column Name found in Datamart and Curated Table :: DURATION
Column Name found in Datamart and Curated Table :: IMPORTID
Column Name found in Datamart and Curated Table :: LASTAPPOINTMENT_ID
Column Name found in Datamart and Curated Table :: MONTHNUMBER
Column Name found in Datamart and Curated Table :: SMARTDISPATCHDATA_JOB
Column Name found in Datamart and Curated Table :: NOCHARGE
Column Name found in Datamart and Curated Table :: PREVAILINGWAGEJOBNUMBER
Column Name found in Datamart and Curated Table :: OPPORTUNITY_ID
Column Name found in Datamart and Curated Table :: CREATEDON
Column Name found in Datamart and Curated Table :: APPROXIMATEENDDATE
Column Name found in Datamart and Curated Table :: FIRSTAPPOINTMENT_ID
Column Name found in Datamart and Curated Table :: MODIFIEDON
Column Name found in Datamart and Curated Table :: NOCHARGESOURCE
Column Name found in Datamart and Curated Table :: NUMBER
Column Name found in Datamart and Curated Table :: PMDATE
Column Name found in Datamart and Curated Table :: PLANEND
Column Name found in Datamart and Curated Table :: LEAD_ID
Datamart tables contains additional column name like [ACTIVE_FLAG, RECORD_CREATE_DATE, RECORD_UPDATE_DATE, RECORD_UPDATE_DATE, MASTER_ID, TENANT_TYPE]
Curated tables contains additional column name like [RECORD_CREATE_DATE, RECORD_UPDATE_DATE, RECORD_UPDATED_BY, TENANT_TYPE]]]>
  </system-out>
  <testcase classname="testcases.RAW_DATAMART_CURATED.SnowFlake_ColumnValidation_BKPTables" name="validateColumnName_BKP" time="2.261"/>
  <system-out>
    <![CDATA[Executing Snowflake query :: SELECT COLUMN_NAME FROM DEV_ENT_RAW.INFORMATION_SCHEMA.COLUMNS WHERE TABLE_NAME='HOLDJOBREASON'and TABLE_SCHEMA='ST_FOURPROS_MATILLION'
Executing Snowflake query :: SELECT COLUMN_NAME FROM CURATED_DATAMART.INFORMATION_SCHEMA.COLUMNS WHERE TABLE_NAME='STR_HOLDJOBREASON'and TABLE_SCHEMA='ST_BKP_FOURPROS'
Executing Snowflake query :: SELECT COLUMN_NAME FROM DEV_ENT_CURATED.INFORMATION_SCHEMA.COLUMNS WHERE TABLE_NAME='DIM_HOLDJOBREASON'and TABLE_SCHEMA='MASTER_DIMENSIONS'
Column names for RAW Table --> HOLDJOBREASON :: [CREATEDON, IMPORTID, NAME, ID, ACTIVE, CREATEDBY_ID, MODIFIEDON]
Column names for DataMart Table --> STR_HOLDJOBREASON :: [CREATEDON, RECORD_UPDATE_DATE, ID, MODIFIEDON, ACTIVE, ACTIVE_FLAG, CREATEDBY_ID, IMPORTID, RECORD_CREATE_DATE, MASTER_ID, NAME, TENANT_TYPE]
Column names for Curated Table --> DIM_HOLDJOBREASON :: [ACTIVE, ID, NAME, RECORD_UPDATED_BY, CREATEDON, MODIFIEDON, RECORD_CREATE_DATE, RECORD_UPDATE_DATE, TENANT_TYPE, IMPORTID, CREATEDBY_ID]
Column Name found in Datamart and Curated Table :: CREATEDON
Column Name found in Datamart and Curated Table :: IMPORTID
Column Name found in Datamart and Curated Table :: NAME
Column Name found in Datamart and Curated Table :: ID
Column Name found in Datamart and Curated Table :: ACTIVE
Column Name found in Datamart and Curated Table :: CREATEDBY_ID
Column Name found in Datamart and Curated Table :: MODIFIEDON
Datamart tables contains additional column name like [ACTIVE_FLAG, RECORD_CREATE_DATE, RECORD_UPDATE_DATE, RECORD_UPDATE_DATE, MASTER_ID, TENANT_TYPE]
Curated tables contains additional column name like [RECORD_CREATE_DATE, RECORD_UPDATE_DATE, RECORD_UPDATED_BY, TENANT_TYPE]]]>
  </system-out>
  <testcase classname="testcases.RAW_DATAMART_CURATED.SnowFlake_ColumnValidation_BKPTables" name="validateColumnName_BKP" time="2.281">
    <failure message="The following asserts failed:
	null,
	null" type="java.lang.AssertionError">
      <![CDATA[java.lang.AssertionError: The following asserts failed:
null,
null
at org.testng.asserts.SoftAssert.assertAll(SoftAssert.java:47)
at org.testng.asserts.SoftAssert.assertAll(SoftAssert.java:31)
at testcases.RAW_DATAMART_CURATED.SnowFlake_ColumnValidation_BKPTables.validateColumnName_BKP(SnowFlake_ColumnValidation_BKPTables.java:120)
at jdk.internal.reflect.GeneratedMethodAccessor38.invoke(Unknown Source)
at java.base/jdk.internal.reflect.DelegatingMethodAccessorImpl.invoke(DelegatingMethodAccessorImpl.java:43)
at java.base/java.lang.reflect.Method.invoke(Method.java:568)
at org.testng.internal.MethodInvocationHelper.invokeMethod(MethodInvocationHelper.java:133)
at org.testng.internal.TestInvoker.invokeMethod(TestInvoker.java:598)
at org.testng.internal.TestInvoker.invokeTestMethod(TestInvoker.java:173)
at org.testng.internal.MethodRunner.runInSequence(MethodRunner.java:46)
at org.testng.internal.TestInvoker$MethodInvocationAgent.invoke(TestInvoker.java:824)
at org.testng.internal.TestInvoker.invokeTestMethods(TestInvoker.java:146)
at org.testng.internal.TestMethodWorker.invokeTestMethods(TestMethodWorker.java:146)
at org.testng.internal.TestMethodWorker.run(TestMethodWorker.java:128)
at java.base/java.util.ArrayList.forEach(ArrayList.java:1511)
at org.testng.TestRunner.privateRun(TestRunner.java:794)
at org.testng.TestRunner.run(TestRunner.java:596)
at org.testng.SuiteRunner.runTest(SuiteRunner.java:377)
at org.testng.SuiteRunner.runSequentially(SuiteRunner.java:371)
at org.testng.SuiteRunner.privateRun(SuiteRunner.java:332)
at org.testng.SuiteRunner.run(SuiteRunner.java:276)
at org.testng.SuiteRunnerWorker.runSuite(SuiteRunnerWorker.java:53)
at org.testng.SuiteRunnerWorker.run(SuiteRunnerWorker.java:96)
at org.testng.TestNG.runSuitesSequentially(TestNG.java:1212)
at org.testng.TestNG.runSuitesLocally(TestNG.java:1134)
at org.testng.TestNG.runSuites(TestNG.java:1063)
at org.testng.TestNG.run(TestNG.java:1031)
at org.testng.remote.AbstractRemoteTestNG.run(AbstractRemoteTestNG.java:115)
at org.testng.remote.RemoteTestNG.initAndRun(RemoteTestNG.java:251)
at org.testng.remote.RemoteTestNG.main(RemoteTestNG.java:77)
]]>
    </failure>
  </testcase> <!-- validateColumnName_BKP -->
  <system-out>
    <![CDATA[Executing Snowflake query :: SELECT COLUMN_NAME FROM DEV_ENT_RAW.INFORMATION_SCHEMA.COLUMNS WHERE TABLE_NAME='PROJECT'and TABLE_SCHEMA='ST_HENDERSON_MATILLION'
Executing Snowflake query :: SELECT COLUMN_NAME FROM CURATED_DATAMART.INFORMATION_SCHEMA.COLUMNS WHERE TABLE_NAME='STR_PROJECT'and TABLE_SCHEMA='ST_BKP_HENDERSON'
Executing Snowflake query :: SELECT COLUMN_NAME FROM DEV_ENT_CURATED.INFORMATION_SCHEMA.COLUMNS WHERE TABLE_NAME='DIM_PROJECT'and TABLE_SCHEMA='MASTER_DIMENSIONS'
Column names for RAW Table --> PROJECT :: [COMPLETEDON, PAYMENTTERM_ID, ACTIVE, AREITEMSREORDERED, COMPLETEDONACTUAL, COMPLETIONPERCENT, CONTRACTESTIMATE_ID, CONTRACTSTARTDATE, RETAINAGEPERCENT, MODIFIEDON, ACKNOWLEDGEMENTSIGNATURE, CREATEDBY_ID, ID, NAME, PROJECTSETTINGSTYPE, ISPREVAILINGWAGE, NUMBER, CUSTOMER_ID, ISRETAINAGEENABLED, LOCATION_ID, IMPORTID, TECHNICIANSIGNATURE, COSTTOCOMPLETE, CREATEDON, REVENUERECOGNITIONMETHOD, SUMMARY, CONTRACTFOR, AUTHORIZATIONSIGNATURE, STARTEDON]
Column names for DataMart Table --> STR_PROJECT :: [AUTHORIZATIONSIGNATURE, COMPLETEDON, IMPORTID, MASTER_ID, PAYMENTTERM_ID, COMPLETIONPERCENT, LOCATION_ID, RECORD_UPDATE_DATE, MODIFIEDON, ACKNOWLEDGEMENTSIGNATURE, ID, NUMBER, ISPREVAILINGWAGE, NAME, PROJECTSETTINGSTYPE, MD5_VALUE, CONTRACTESTIMATE_ID, CREATEDON, ISRETAINAGEENABLED, TENANT_TYPE, ACTIVE, CONTRACTFOR, RECORD_CREATE_DATE, TECHNICIANSIGNATURE, COMPLETEDONACTUAL, CREATEDBY_ID, CUSTOMER_ID, RETAINAGEPERCENT, SUMMARY, ACTIVE_FLAG, AREITEMSREORDERED, CONTRACTSTARTDATE, STARTEDON]
Column names for Curated Table --> DIM_PROJECT :: [RECORD_UPDATE_DATE, ACTIVE, AUTHORIZATIONSIGNATURE, COMPLETEDON, RETAINAGEPERCENT, IMPORTID, CONTRACTFOR, CONTRACTSTARTDATE, ID, ISRETAINAGEENABLED, RECORD_CREATE_DATE, RECORD_UPDATED_BY, TENANT_TYPE, PROJECTSETTINGSTYPE, TECHNICIANSIGNATURE, ISPREVAILINGWAGE, MD5_VALUE, NAME, PAYMENTTERM_ID, COMPLETEDONACTUAL, CUSTOMER_ID, NUMBER, AREITEMSREORDERED, CREATEDON, LOCATION_ID, MODIFIEDON, STARTEDON, ACKNOWLEDGEMENTSIGNATURE, COMPLETIONPERCENT, CONTRACTESTIMATE_ID, SUMMARY, CREATEDBY_ID]
Column Name found in Datamart and Curated Table :: COMPLETEDON
Column Name found in Datamart and Curated Table :: PAYMENTTERM_ID
Column Name found in Datamart and Curated Table :: ACTIVE
Column Name found in Datamart and Curated Table :: AREITEMSREORDERED
Column Name found in Datamart and Curated Table :: COMPLETEDONACTUAL
Column Name found in Datamart and Curated Table :: COMPLETIONPERCENT
Column Name found in Datamart and Curated Table :: CONTRACTESTIMATE_ID
Column Name found in Datamart and Curated Table :: CONTRACTSTARTDATE
Column Name found in Datamart and Curated Table :: RETAINAGEPERCENT
Column Name found in Datamart and Curated Table :: MODIFIEDON
Column Name found in Datamart and Curated Table :: ACKNOWLEDGEMENTSIGNATURE
Column Name found in Datamart and Curated Table :: CREATEDBY_ID
Column Name found in Datamart and Curated Table :: ID
Column Name found in Datamart and Curated Table :: NAME
Column Name found in Datamart and Curated Table :: PROJECTSETTINGSTYPE
Column Name found in Datamart and Curated Table :: ISPREVAILINGWAGE
Column Name found in Datamart and Curated Table :: NUMBER
Column Name found in Datamart and Curated Table :: CUSTOMER_ID
Column Name found in Datamart and Curated Table :: ISRETAINAGEENABLED
Column Name found in Datamart and Curated Table :: LOCATION_ID
Column Name found in Datamart and Curated Table :: IMPORTID
Column Name found in Datamart and Curated Table :: TECHNICIANSIGNATURE
Column Name not found in Datamart and Curated Table :: COSTTOCOMPLETE
Column Name found in Datamart and Curated Table :: CREATEDON
Column Name not found in Datamart and Curated Table :: REVENUERECOGNITIONMETHOD
Column Name found in Datamart and Curated Table :: SUMMARY
Column Name found in Datamart and Curated Table :: CONTRACTFOR
Column Name found in Datamart and Curated Table :: AUTHORIZATIONSIGNATURE
Column Name found in Datamart and Curated Table :: STARTEDON
Datamart tables contains additional column name like [ACTIVE_FLAG, RECORD_CREATE_DATE, RECORD_UPDATE_DATE, RECORD_UPDATE_DATE, MASTER_ID, TENANT_TYPE]
Curated tables contains additional column name like [RECORD_CREATE_DATE, RECORD_UPDATE_DATE, RECORD_UPDATED_BY, TENANT_TYPE]]]>
  </system-out>
  <testcase classname="testcases.RAW_DATAMART_CURATED.SnowFlake_ColumnValidation_BKPTables" name="validateColumnName_BKP" time="4.811"/>
  <system-out>
    <![CDATA[Executing Snowflake query :: SELECT COLUMN_NAME FROM DEV_ENT_RAW.INFORMATION_SCHEMA.COLUMNS WHERE TABLE_NAME='TIMESHEETCODE'and TABLE_SCHEMA='ST_BILLFENWICK_MATILLION'
Executing Snowflake query :: SELECT COLUMN_NAME FROM CURATED_DATAMART.INFORMATION_SCHEMA.COLUMNS WHERE TABLE_NAME='STR_TIMESHEETCODE'and TABLE_SCHEMA='ST_BKP_BILLFENWICK'
Executing Snowflake query :: SELECT COLUMN_NAME FROM DEV_ENT_CURATED.INFORMATION_SCHEMA.COLUMNS WHERE TABLE_NAME='DIM_TIMESHEETCODE'and TABLE_SCHEMA='MASTER_DIMENSIONS'
Column names for RAW Table --> TIMESHEETCODE :: [ADDRESS_CITY, SENDALERTSONMOBILE, CREATEDON, ACTIVE, CUSTOMHOURLYRATE, STANDARDPAYCODE_ID, ADDRESS_STATE, ADDRESS_STREET, COUNTONJOBCOUNTER, CREATEDBY_ID, OTPAYCODE, ADDRESS_LONGITUDE, TYPE, GEOFENCECLOCKINMODE, ADDRESS_COUNTRY, ADDRESS_ISMANUALCOORDINATES, ADDRESS_ISMILITARY, DEDUCTCOMMUTETIME, STPAYCODE, OVERTIMEPAYCODE_ID, VISIBILITY, ADDRESS_UNIT, EXCLUDEABSENTEVENT, ID, IMPORTID, OVERTIMEPAYROLLCONTROLCODE_ID, ROUTEAROUNDNJA, APPLICABLEEMPLOYEETYPE, HOURLYRATE, STANDARDPAYROLLCONTROLCODE_ID, DESCRIPTION, PAYROLLPOSTINGGROUP_ID, ISAUTOCLOCKINENABLED, RATEMULTIPLIER, ADDRESS_LATITUDE, ADDRESS_ZIP, BUSINESSUNIT_ID, CODE, DOUBLEOVERTIMEPAYCODE_ID, ENABLESIMPLECLOCKINOUT, ISDEFAULTSHOPTIME, EVENTNAME]
Column names for DataMart Table --> STR_TIMESHEETCODE :: [ACTIVE_FLAG, ADDRESS_COUNTRY, ADDRESS_UNIT, RECORD_CREATE_DATE, STANDARDPAYROLLCONTROLCODE_ID, CODE, ACTIVE, ADDRESS_ISMANUALCOORDINATES, ADDRESS_LATITUDE, ID, MASTER_ID, DESCRIPTION, ROUTEAROUNDNJA, HOURLYRATE, TYPE, ADDRESS_ZIP, DEDUCTCOMMUTETIME, GEOFENCECLOCKINMODE, RATEMULTIPLIER, RECORD_UPDATE_DATE, SENDALERTSONMOBILE, DOUBLEOVERTIMEPAYCODE_ID, STPAYCODE, ADDRESS_CITY, EVENTNAME, EXCLUDEABSENTEVENT, ISAUTOCLOCKINENABLED, ADDRESS_ISMILITARY, ADDRESS_STATE, CREATEDBY_ID, CREATEDON, ISDEFAULTSHOPTIME, OTPAYCODE, OVERTIMEPAYCODE_ID, TENANT_TYPE, BUSINESSUNIT_ID, ADDRESS_STREET, ENABLESIMPLECLOCKINOUT, IMPORTID, PAYROLLPOSTINGGROUP_ID, ADDRESS_LONGITUDE, APPLICABLEEMPLOYEETYPE, COUNTONJOBCOUNTER, CUSTOMHOURLYRATE, OVERTIMEPAYROLLCONTROLCODE_ID, STANDARDPAYCODE_ID, VISIBILITY]
Column names for Curated Table --> DIM_TIMESHEETCODE :: [ADDRESS_STREET, ADDRESS_ZIP, CUSTOMHOURLYRATE, DOUBLEOVERTIMEPAYCODE_ID, ENABLESIMPLECLOCKINOUT, DESCRIPTION, ADDRESS_ISMANUALCOORDINATES, ADDRESS_LONGITUDE, IMPORTID, CREATEDON, DEDUCTCOMMUTETIME, ID, ADDRESS_LATITUDE, CREATEDBY_ID, GEOFENCECLOCKINMODE, ROUTEAROUNDNJA, HOURLYRATE, RECORD_UPDATED_BY, RECORD_UPDATE_DATE, ADDRESS_UNIT, CODE, STANDARDPAYCODE_ID, OTPAYCODE, STPAYCODE, APPLICABLEEMPLOYEETYPE, OVERTIMEPAYCODE_ID, RATEMULTIPLIER, STANDARDPAYROLLCONTROLCODE_ID, EXCLUDEABSENTEVENT, PAYROLLPOSTINGGROUP_ID, TYPE, VISIBILITY, OVERTIMEPAYROLLCONTROLCODE_ID, ADDRESS_ISMILITARY, ADDRESS_STATE, ISDEFAULTSHOPTIME, ACTIVE, ADDRESS_CITY, BUSINESSUNIT_ID, COUNTONJOBCOUNTER, EVENTNAME, SENDALERTSONMOBILE, ADDRESS_COUNTRY, ISAUTOCLOCKINENABLED, TENANT_TYPE, RECORD_CREATE_DATE]
Column Name found in Datamart and Curated Table :: ADDRESS_CITY
Column Name found in Datamart and Curated Table :: SENDALERTSONMOBILE
Column Name found in Datamart and Curated Table :: CREATEDON
Column Name found in Datamart and Curated Table :: ACTIVE
Column Name found in Datamart and Curated Table :: CUSTOMHOURLYRATE
Column Name found in Datamart and Curated Table :: STANDARDPAYCODE_ID
Column Name found in Datamart and Curated Table :: ADDRESS_STATE
Column Name found in Datamart and Curated Table :: ADDRESS_STREET
Column Name found in Datamart and Curated Table :: COUNTONJOBCOUNTER
Column Name found in Datamart and Curated Table :: CREATEDBY_ID
Column Name found in Datamart and Curated Table :: OTPAYCODE
Column Name found in Datamart and Curated Table :: ADDRESS_LONGITUDE
Column Name found in Datamart and Curated Table :: TYPE
Column Name found in Datamart and Curated Table :: GEOFENCECLOCKINMODE
Column Name found in Datamart and Curated Table :: ADDRESS_COUNTRY
Column Name found in Datamart and Curated Table :: ADDRESS_ISMANUALCOORDINATES
Column Name found in Datamart and Curated Table :: ADDRESS_ISMILITARY
Column Name found in Datamart and Curated Table :: DEDUCTCOMMUTETIME
Column Name found in Datamart and Curated Table :: STPAYCODE
Column Name found in Datamart and Curated Table :: OVERTIMEPAYCODE_ID
Column Name found in Datamart and Curated Table :: VISIBILITY
Column Name found in Datamart and Curated Table :: ADDRESS_UNIT
Column Name found in Datamart and Curated Table :: EXCLUDEABSENTEVENT
Column Name found in Datamart and Curated Table :: ID
Column Name found in Datamart and Curated Table :: IMPORTID
Column Name found in Datamart and Curated Table :: OVERTIMEPAYROLLCONTROLCODE_ID
Column Name found in Datamart and Curated Table :: ROUTEAROUNDNJA
Column Name found in Datamart and Curated Table :: APPLICABLEEMPLOYEETYPE
Column Name found in Datamart and Curated Table :: HOURLYRATE
Column Name found in Datamart and Curated Table :: STANDARDPAYROLLCONTROLCODE_ID
Column Name found in Datamart and Curated Table :: DESCRIPTION
Column Name found in Datamart and Curated Table :: PAYROLLPOSTINGGROUP_ID
Column Name found in Datamart and Curated Table :: ISAUTOCLOCKINENABLED
Column Name found in Datamart and Curated Table :: RATEMULTIPLIER
Column Name found in Datamart and Curated Table :: ADDRESS_LATITUDE
Column Name found in Datamart and Curated Table :: ADDRESS_ZIP
Column Name found in Datamart and Curated Table :: BUSINESSUNIT_ID
Column Name found in Datamart and Curated Table :: CODE
Column Name found in Datamart and Curated Table :: DOUBLEOVERTIMEPAYCODE_ID
Column Name found in Datamart and Curated Table :: ENABLESIMPLECLOCKINOUT
Column Name found in Datamart and Curated Table :: ISDEFAULTSHOPTIME
Column Name found in Datamart and Curated Table :: EVENTNAME
Datamart tables contains additional column name like [ACTIVE_FLAG, RECORD_CREATE_DATE, RECORD_UPDATE_DATE, RECORD_UPDATE_DATE, MASTER_ID, TENANT_TYPE]
Curated tables contains additional column name like [RECORD_CREATE_DATE, RECORD_UPDATE_DATE, RECORD_UPDATED_BY, TENANT_TYPE]]]>
  </system-out>
  <testcase classname="testcases.RAW_DATAMART_CURATED.SnowFlake_ColumnValidation_BKPTables" name="validateColumnName_BKP" time="3.790"/>
  <system-out>
    <![CDATA[Executing Snowflake query :: SELECT COLUMN_NAME FROM DEV_ENT_RAW.INFORMATION_SCHEMA.COLUMNS WHERE TABLE_NAME='EQUIPMENT'and TABLE_SCHEMA='ST_BILLFENWICK_MATILLION'
Executing Snowflake query :: SELECT COLUMN_NAME FROM CURATED_DATAMART.INFORMATION_SCHEMA.COLUMNS WHERE TABLE_NAME='STR_EQUIPMENT'and TABLE_SCHEMA='ST_BKP_BILLFENWICK'
Executing Snowflake query :: SELECT COLUMN_NAME FROM DEV_ENT_CURATED.INFORMATION_SCHEMA.COLUMNS WHERE TABLE_NAME='DIM_EQUIPMENT'and TABLE_SCHEMA='MASTER_DIMENSIONS'
Column names for RAW Table --> EQUIPMENT :: [AVALARARESIDENTIALTAXCODE, COSTOFSALEACCOUNT_ID, GENERALLEDGERACCOUNT_ID, IMPORTID, ISINVENTORY, PAYSCOMMISSION, PROVIDER_ID, EXTERNALID, ISSERIALIZED, SCHEDULEDFLATAMOUNT, SOURCEVERSION, ARCHIVED, DISPLAYINAMOUNT, ORIGINAL_ID, NAME, ACTIVE, COMMISSIONBONUS, PAYSFLATAMOUNT, SYNCDATE, ACCOUNT, ADDONPRICE, DESCRIPTION, LOYALTYPROGRAMELIGIBLE, ALLOWDISCOUNTS, SERVICEPROVIDERWARRANTY_DESCRIPTION, PAYTECHSPECIFICBONUS, EXCLUDEFROMPRICEBOOKWIZARD, ID, IMAGES, PAYSSOLDBYRATE, SERIALIZEDON, CREATEDBY_ID, INVENTORYENABLEDON, PRIMARYVENDOR_ID, ADDONMEMBERPRICE, BUSINESSUNIT_ID, CATEGORY_ID, COST, AVALARACOMMERCIALTAXCODE, CROSSSALEGROUP, MANUFACTURERWARRANTY_DESCRIPTION, SOURCE, TAXABLE, TYPE_ID, MODEL, ADDONFLATAMOUNT, CREATEDON, MANUFACTURERWARRANTY_DURATION, PRICE, UNITOFMEASURE, WARRANTYRESERVE, HOURS, SUPPLIERIMAGES, SERVICEPROVIDERWARRANTY_DURATION, COPIEDFROM_ID, MANUFACTURER, MEMBERPRICE, MODIFIEDON, ASSETACCOUNT_ID, BRAND, DISPLAYNAME, INVENTORYENABLEDBY_ID, BONUS]
Column names for DataMart Table --> STR_EQUIPMENT :: [COMMISSIONBONUS, RECORD_CREATE_DATE, ADDONMEMBERPRICE, AVALARARESIDENTIALTAXCODE, INVENTORYENABLEDBY_ID, INVENTORYENABLEDON, PAYTECHSPECIFICBONUS, SOURCEVERSION, COSTOFSALEACCOUNT_ID, NAME, UNITOFMEASURE, WARRANTYRESERVE, ADDONFLATAMOUNT, CREATEDBY_ID, CROSSSALEGROUP, DISPLAYNAME, ORIGINAL_ID, PAYSCOMMISSION, COPIEDFROM_ID, PAYSSOLDBYRATE, SOURCE, SERVICEPROVIDERWARRANTY_DESCRIPTION, IMPORTID, SYNCDATE, SERIALIZEDON, ALLOWDISCOUNTS, HOURS, IMAGES, ISSERIALIZED, MANUFACTURERWARRANTY_DESCRIPTION, MODIFIEDON, PAYSFLATAMOUNT, ASSETACCOUNT_ID, TENANT_TYPE, MANUFACTURER, SERVICEPROVIDERWARRANTY_DURATION, COST, DISPLAYINAMOUNT, EXTERNALID, ISINVENTORY, LOYALTYPROGRAMELIGIBLE, MODEL, PROVIDER_ID, SUPPLIERIMAGES, CREATEDON, MEMBERPRICE, RECORD_UPDATE_DATE, TAXABLE, TYPE_ID, ACCOUNT, ARCHIVED, AVALARACOMMERCIALTAXCODE, CATEGORY_ID, MANUFACTURERWARRANTY_DURATION, SCHEDULEDFLATAMOUNT, GENERALLEDGERACCOUNT_ID, PRICE, PRIMARYVENDOR_ID, BUSINESSUNIT_ID, ACTIVE, ACTIVE_FLAG, ADDONPRICE, BONUS, BRAND, EXCLUDEFROMPRICEBOOKWIZARD, MASTER_ID, ID, DESCRIPTION]
Column names for Curated Table --> DIM_EQUIPMENT :: [ASSETACCOUNT_ID, COMMISSIONBONUS, COSTOFSALEACCOUNT_ID, MODEL, SCHEDULEDFLATAMOUNT, COPIEDFROM_ID, ISSERIALIZED, PAYSFLATAMOUNT, PAYTECHSPECIFICBONUS, RECORD_CREATE_DATE, SERVICEPROVIDERWARRANTY_DURATION, ID, AVALARACOMMERCIALTAXCODE, BONUS, HOURS, LOYALTYPROGRAMELIGIBLE, SOURCE, SERIALIZEDON, ADDONPRICE, EXCLUDEFROMPRICEBOOKWIZARD, PAYSCOMMISSION, ISINVENTORY, MODIFIEDON, ACTIVE, ADDONMEMBERPRICE, CREATEDON, EXTERNALID, PRIMARYVENDOR_ID, BUSINESSUNIT_ID, NAME, PAYSSOLDBYRATE, SYNCDATE, AVALARARESIDENTIALTAXCODE, BRAND, CREATEDBY_ID, DISPLAYINAMOUNT, MANUFACTURERWARRANTY_DESCRIPTION, TENANT_TYPE, MANUFACTURER, PROVIDER_ID, SOURCEVERSION, RECORD_UPDATED_BY, ACCOUNT, ADDONFLATAMOUNT, COST, DISPLAYNAME, INVENTORYENABLEDBY_ID, TAXABLE, ARCHIVED, RECORD_UPDATE_DATE, DESCRIPTION, CATEGORY_ID, ALLOWDISCOUNTS, GENERALLEDGERACCOUNT_ID, INVENTORYENABLEDON, PRICE, TYPE_ID, SUPPLIERIMAGES, UNITOFMEASURE, CROSSSALEGROUP, IMAGES, IMPORTID, ORIGINAL_ID, SERVICEPROVIDERWARRANTY_DESCRIPTION, MEMBERPRICE, WARRANTYRESERVE, MANUFACTURERWARRANTY_DURATION]
Column Name found in Datamart and Curated Table :: AVALARARESIDENTIALTAXCODE
Column Name found in Datamart and Curated Table :: COSTOFSALEACCOUNT_ID
Column Name found in Datamart and Curated Table :: GENERALLEDGERACCOUNT_ID
Column Name found in Datamart and Curated Table :: IMPORTID
Column Name found in Datamart and Curated Table :: ISINVENTORY
Column Name found in Datamart and Curated Table :: PAYSCOMMISSION
Column Name found in Datamart and Curated Table :: PROVIDER_ID
Column Name found in Datamart and Curated Table :: EXTERNALID
Column Name found in Datamart and Curated Table :: ISSERIALIZED
Column Name found in Datamart and Curated Table :: SCHEDULEDFLATAMOUNT
Column Name found in Datamart and Curated Table :: SOURCEVERSION
Column Name found in Datamart and Curated Table :: ARCHIVED
Column Name found in Datamart and Curated Table :: DISPLAYINAMOUNT
Column Name found in Datamart and Curated Table :: ORIGINAL_ID
Column Name found in Datamart and Curated Table :: NAME
Column Name found in Datamart and Curated Table :: ACTIVE
Column Name found in Datamart and Curated Table :: COMMISSIONBONUS
Column Name found in Datamart and Curated Table :: PAYSFLATAMOUNT
Column Name found in Datamart and Curated Table :: SYNCDATE
Column Name found in Datamart and Curated Table :: ACCOUNT
Column Name found in Datamart and Curated Table :: ADDONPRICE
Column Name found in Datamart and Curated Table :: DESCRIPTION
Column Name found in Datamart and Curated Table :: LOYALTYPROGRAMELIGIBLE
Column Name found in Datamart and Curated Table :: ALLOWDISCOUNTS
Column Name found in Datamart and Curated Table :: SERVICEPROVIDERWARRANTY_DESCRIPTION
Column Name found in Datamart and Curated Table :: PAYTECHSPECIFICBONUS
Column Name found in Datamart and Curated Table :: EXCLUDEFROMPRICEBOOKWIZARD
Column Name found in Datamart and Curated Table :: ID
Column Name found in Datamart and Curated Table :: IMAGES
Column Name found in Datamart and Curated Table :: PAYSSOLDBYRATE
Column Name found in Datamart and Curated Table :: SERIALIZEDON
Column Name found in Datamart and Curated Table :: CREATEDBY_ID
Column Name found in Datamart and Curated Table :: INVENTORYENABLEDON
Column Name found in Datamart and Curated Table :: PRIMARYVENDOR_ID
Column Name found in Datamart and Curated Table :: ADDONMEMBERPRICE
Column Name found in Datamart and Curated Table :: BUSINESSUNIT_ID
Column Name found in Datamart and Curated Table :: CATEGORY_ID
Column Name found in Datamart and Curated Table :: COST
Column Name found in Datamart and Curated Table :: AVALARACOMMERCIALTAXCODE
Column Name found in Datamart and Curated Table :: CROSSSALEGROUP
Column Name found in Datamart and Curated Table :: MANUFACTURERWARRANTY_DESCRIPTION
Column Name found in Datamart and Curated Table :: SOURCE
Column Name found in Datamart and Curated Table :: TAXABLE
Column Name found in Datamart and Curated Table :: TYPE_ID
Column Name found in Datamart and Curated Table :: MODEL
Column Name found in Datamart and Curated Table :: ADDONFLATAMOUNT
Column Name found in Datamart and Curated Table :: CREATEDON
Column Name found in Datamart and Curated Table :: MANUFACTURERWARRANTY_DURATION
Column Name found in Datamart and Curated Table :: PRICE
Column Name found in Datamart and Curated Table :: UNITOFMEASURE
Column Name found in Datamart and Curated Table :: WARRANTYRESERVE
Column Name found in Datamart and Curated Table :: HOURS
Column Name found in Datamart and Curated Table :: SUPPLIERIMAGES
Column Name found in Datamart and Curated Table :: SERVICEPROVIDERWARRANTY_DURATION
Column Name found in Datamart and Curated Table :: COPIEDFROM_ID
Column Name found in Datamart and Curated Table :: MANUFACTURER
Column Name found in Datamart and Curated Table :: MEMBERPRICE
Column Name found in Datamart and Curated Table :: MODIFIEDON
Column Name found in Datamart and Curated Table :: ASSETACCOUNT_ID
Column Name found in Datamart and Curated Table :: BRAND
Column Name found in Datamart and Curated Table :: DISPLAYNAME
Column Name found in Datamart and Curated Table :: INVENTORYENABLEDBY_ID
Column Name found in Datamart and Curated Table :: BONUS
Datamart tables contains additional column name like [ACTIVE_FLAG, RECORD_CREATE_DATE, RECORD_UPDATE_DATE, RECORD_UPDATE_DATE, MASTER_ID, TENANT_TYPE]
Curated tables contains additional column name like [RECORD_CREATE_DATE, RECORD_UPDATE_DATE, RECORD_UPDATED_BY, TENANT_TYPE]]]>
  </system-out>
  <testcase classname="testcases.RAW_DATAMART_CURATED.SnowFlake_ColumnValidation_BKPTables" name="validateColumnName_BKP" time="2.290"/>
  <system-out>
    <![CDATA[Executing Snowflake query :: SELECT COLUMN_NAME FROM DEV_ENT_RAW.INFORMATION_SCHEMA.COLUMNS WHERE TABLE_NAME='PURCHASEORDER'and TABLE_SCHEMA='ST_FOURPROS_MATILLION'
Executing Snowflake query :: SELECT COLUMN_NAME FROM CURATED_DATAMART.INFORMATION_SCHEMA.COLUMNS WHERE TABLE_NAME='STR_PURCHASEORDER'and TABLE_SCHEMA='ST_BKP_FOURPROS'
Executing Snowflake query :: SELECT COLUMN_NAME FROM DEV_ENT_CURATED.INFORMATION_SCHEMA.COLUMNS WHERE TABLE_NAME='DIM_PURCHASEORDER'and TABLE_SCHEMA='MASTER_DIMENSIONS'
Column names for RAW Table --> PURCHASEORDER :: [CREATEDON, EXTERNALID, PROJECT_ID, SHIPTO_COUNTRY, SHIPTO_STREET, SHIPTO_UNIT, SHIPTO_ZIP, CANCELEDREASON, RECEIVEDON, SHIPTO_ISMILITARY, BATCH_ID, MARKUP, NOCHARGE, REQUISITION_ID, TAXRATE, ROLLEDOVERFROMPURCHASEORDER_ID, SHIPTO_STATE, SHIPTO_CITY, AMOUNT, BUSINESSUNIT_ID, CANCELEDON, DATE, SUMMARY, VENDOR, NUMBER, SHIPTO_LATITUDE, SHIPTODESCRIPTION, ACTIVE, CANCELEDBY_ID, CREATEDBY_ID, GROUPINGOPTION, ID, SHIPTO_ISMANUALCOORDINATES, IMPORTID, ISTIMEANDMATERIAL, SENDINGMETHOD, TAXSCHEMA, ERRORMESSAGE, TAX, EXPORTID, INVOICE_ID, PROJECTLABELS, SENDSTATUS, SHIPPING, TYPE_ID, JOB_ID, VENDORINVOICENUMBER, INVENTORYLOCATION_ID, TECHNICIAN_ID, TRUCK_ID, MODIFIEDON, POVENDOR_ID, REQUIREDON, SENTON, SHIPTO_LONGITUDE, STATUS]
Column names for DataMart Table --> STR_PURCHASEORDER :: [ACTIVE, BUSINESSUNIT_ID, CREATEDON, SENDSTATUS, TAXRATE, ERRORMESSAGE, EXPORTID, MARKUP, MASTER_ID, RECORD_CREATE_DATE, SHIPTO_COUNTRY, TAX, GROUPINGOPTION, RECORD_UPDATE_DATE, SENTON, SHIPTO_ISMILITARY, SHIPTO_LATITUDE, TENANT_TYPE, NOCHARGE, REQUISITION_ID, ACTIVE_FLAG, CANCELEDON, MODIFIEDON, SUMMARY, CANCELEDBY_ID, SHIPTO_LONGITUDE, SHIPTO_UNIT, BATCH_ID, EXTERNALID, ID, IMPORTID, INVENTORYLOCATION_ID, PROJECT_ID, SHIPTO_CITY, TRUCK_ID, VENDORINVOICENUMBER, SENDINGMETHOD, SHIPTO_ZIP, TAXSCHEMA, TYPE_ID, CANCELEDREASON, CREATEDBY_ID, NUMBER, REQUIREDON, SHIPTO_ISMANUALCOORDINATES, POVENDOR_ID, RECEIVEDON, STATUS, DATE, ISTIMEANDMATERIAL, SHIPPING, SHIPTODESCRIPTION, PROJECTLABELS, SHIPTO_STREET, AMOUNT, JOB_ID, ROLLEDOVERFROMPURCHASEORDER_ID, VENDOR, INVOICE_ID, TECHNICIAN_ID, SHIPTO_STATE]
Column names for Curated Table --> DIM_PURCHASEORDER :: [ACTIVE, CANCELEDBY_ID, CANCELEDON, RECORD_CREATE_DATE, TRUCK_ID, ROLLEDOVERFROMPURCHASEORDER_ID, SHIPTO_LONGITUDE, TAXSCHEMA, BUSINESSUNIT_ID, POVENDOR_ID, SHIPTO_ISMANUALCOORDINATES, SHIPTO_ISMILITARY, CREATEDON, RECORD_UPDATE_DATE, NUMBER, AMOUNT, DATE, ERRORMESSAGE, EXPORTID, GROUPINGOPTION, INVOICE_ID, MODIFIEDON, PROJECT_ID, SHIPTO_COUNTRY, STATUS, RECORD_UPDATED_BY, TECHNICIAN_ID, SHIPTO_STATE, MARKUP, REQUISITION_ID, SENDSTATUS, SHIPTO_LATITUDE, SHIPTO_STREET, INVENTORYLOCATION_ID, TYPE_ID, BATCH_ID, CREATEDBY_ID, SENTON, PROJECTLABELS, SENDINGMETHOD, SHIPTO_CITY, TAXRATE, EXTERNALID, ID, TAX, VENDOR, IMPORTID, NOCHARGE, SHIPTO_ZIP, SUMMARY, TENANT_TYPE, SHIPPING, CANCELEDREASON, ISTIMEANDMATERIAL, JOB_ID, RECEIVEDON, SHIPTODESCRIPTION, SHIPTO_UNIT, VENDORINVOICENUMBER, REQUIREDON]
Column Name found in Datamart and Curated Table :: CREATEDON
Column Name found in Datamart and Curated Table :: EXTERNALID
Column Name found in Datamart and Curated Table :: PROJECT_ID
Column Name found in Datamart and Curated Table :: SHIPTO_COUNTRY
Column Name found in Datamart and Curated Table :: SHIPTO_STREET
Column Name found in Datamart and Curated Table :: SHIPTO_UNIT
Column Name found in Datamart and Curated Table :: SHIPTO_ZIP
Column Name found in Datamart and Curated Table :: CANCELEDREASON
Column Name found in Datamart and Curated Table :: RECEIVEDON
Column Name found in Datamart and Curated Table :: SHIPTO_ISMILITARY
Column Name found in Datamart and Curated Table :: BATCH_ID
Column Name found in Datamart and Curated Table :: MARKUP
Column Name found in Datamart and Curated Table :: NOCHARGE
Column Name found in Datamart and Curated Table :: REQUISITION_ID
Column Name found in Datamart and Curated Table :: TAXRATE
Column Name found in Datamart and Curated Table :: ROLLEDOVERFROMPURCHASEORDER_ID
Column Name found in Datamart and Curated Table :: SHIPTO_STATE
Column Name found in Datamart and Curated Table :: SHIPTO_CITY
Column Name found in Datamart and Curated Table :: AMOUNT
Column Name found in Datamart and Curated Table :: BUSINESSUNIT_ID
Column Name found in Datamart and Curated Table :: CANCELEDON
Column Name found in Datamart and Curated Table :: DATE
Column Name found in Datamart and Curated Table :: SUMMARY
Column Name found in Datamart and Curated Table :: VENDOR
Column Name found in Datamart and Curated Table :: NUMBER
Column Name found in Datamart and Curated Table :: SHIPTO_LATITUDE
Column Name found in Datamart and Curated Table :: SHIPTODESCRIPTION
Column Name found in Datamart and Curated Table :: ACTIVE
Column Name found in Datamart and Curated Table :: CANCELEDBY_ID
Column Name found in Datamart and Curated Table :: CREATEDBY_ID
Column Name found in Datamart and Curated Table :: GROUPINGOPTION
Column Name found in Datamart and Curated Table :: ID
Column Name found in Datamart and Curated Table :: SHIPTO_ISMANUALCOORDINATES
Column Name found in Datamart and Curated Table :: IMPORTID
Column Name found in Datamart and Curated Table :: ISTIMEANDMATERIAL
Column Name found in Datamart and Curated Table :: SENDINGMETHOD
Column Name found in Datamart and Curated Table :: TAXSCHEMA
Column Name found in Datamart and Curated Table :: ERRORMESSAGE
Column Name found in Datamart and Curated Table :: TAX
Column Name found in Datamart and Curated Table :: EXPORTID
Column Name found in Datamart and Curated Table :: INVOICE_ID
Column Name found in Datamart and Curated Table :: PROJECTLABELS
Column Name found in Datamart and Curated Table :: SENDSTATUS
Column Name found in Datamart and Curated Table :: SHIPPING
Column Name found in Datamart and Curated Table :: TYPE_ID
Column Name found in Datamart and Curated Table :: JOB_ID
Column Name found in Datamart and Curated Table :: VENDORINVOICENUMBER
Column Name found in Datamart and Curated Table :: INVENTORYLOCATION_ID
Column Name found in Datamart and Curated Table :: TECHNICIAN_ID
Column Name found in Datamart and Curated Table :: TRUCK_ID
Column Name found in Datamart and Curated Table :: MODIFIEDON
Column Name found in Datamart and Curated Table :: POVENDOR_ID
Column Name found in Datamart and Curated Table :: REQUIREDON
Column Name found in Datamart and Curated Table :: SENTON
Column Name found in Datamart and Curated Table :: SHIPTO_LONGITUDE
Column Name found in Datamart and Curated Table :: STATUS
Datamart tables contains additional column name like [ACTIVE_FLAG, RECORD_CREATE_DATE, RECORD_UPDATE_DATE, RECORD_UPDATE_DATE, MASTER_ID, TENANT_TYPE]
Curated tables contains additional column name like [RECORD_CREATE_DATE, RECORD_UPDATE_DATE, RECORD_UPDATED_BY, TENANT_TYPE]]]>
  </system-out>
  <testcase classname="testcases.RAW_DATAMART_CURATED.SnowFlake_ColumnValidation_BKPTables" name="validateColumnName_BKP" time="5.424"/>
  <system-out>
    <![CDATA[Executing Snowflake query :: SELECT COLUMN_NAME FROM DEV_ENT_RAW.INFORMATION_SCHEMA.COLUMNS WHERE TABLE_NAME='CANCELJOBREASON'and TABLE_SCHEMA='ST_BILLFENWICK_MATILLION'
Executing Snowflake query :: SELECT COLUMN_NAME FROM CURATED_DATAMART.INFORMATION_SCHEMA.COLUMNS WHERE TABLE_NAME='STR_CANCELJOBREASON'and TABLE_SCHEMA='ST_BKP_BILLFENWICK'
Executing Snowflake query :: SELECT COLUMN_NAME FROM DEV_ENT_CURATED.INFORMATION_SCHEMA.COLUMNS WHERE TABLE_NAME='DIM_CANCELJOBREASON'and TABLE_SCHEMA='MASTER_DIMENSIONS'
Column names for RAW Table --> CANCELJOBREASON :: [CREATEDBY_ID, MODIFIEDON, ID, ACTIVE, IMPORTID, NAME, CREATEDON]
Column names for DataMart Table --> STR_CANCELJOBREASON :: [TENANT_TYPE, ACTIVE_FLAG, RECORD_UPDATE_DATE, IMPORTID, CREATEDBY_ID, CREATEDON, MASTER_ID, NAME, ACTIVE, ID, MODIFIEDON, RECORD_CREATE_DATE]
Column names for Curated Table --> DIM_CANCELJOBREASON :: [ID, IMPORTID, TENANT_TYPE, MODIFIEDON, CREATEDON, RECORD_UPDATED_BY, RECORD_UPDATE_DATE, RECORD_CREATE_DATE, ACTIVE, CREATEDBY_ID, NAME]
Column Name found in Datamart and Curated Table :: CREATEDBY_ID
Column Name found in Datamart and Curated Table :: MODIFIEDON
Column Name found in Datamart and Curated Table :: ID
Column Name found in Datamart and Curated Table :: ACTIVE
Column Name found in Datamart and Curated Table :: IMPORTID
Column Name found in Datamart and Curated Table :: NAME
Column Name found in Datamart and Curated Table :: CREATEDON
Datamart tables contains additional column name like [ACTIVE_FLAG, RECORD_CREATE_DATE, RECORD_UPDATE_DATE, RECORD_UPDATE_DATE, MASTER_ID, TENANT_TYPE]
Curated tables contains additional column name like [RECORD_CREATE_DATE, RECORD_UPDATE_DATE, RECORD_UPDATED_BY, TENANT_TYPE]]]>
  </system-out>
  <testcase classname="testcases.RAW_DATAMART_CURATED.SnowFlake_ColumnValidation_BKPTables" name="validateColumnName_BKP" time="2.309">
    <failure message="The following asserts failed:
	null" type="java.lang.AssertionError">
      <![CDATA[java.lang.AssertionError: The following asserts failed:
null
at org.testng.asserts.SoftAssert.assertAll(SoftAssert.java:47)
at org.testng.asserts.SoftAssert.assertAll(SoftAssert.java:31)
at testcases.RAW_DATAMART_CURATED.SnowFlake_ColumnValidation_BKPTables.validateColumnName_BKP(SnowFlake_ColumnValidation_BKPTables.java:120)
at jdk.internal.reflect.GeneratedMethodAccessor38.invoke(Unknown Source)
at java.base/jdk.internal.reflect.DelegatingMethodAccessorImpl.invoke(DelegatingMethodAccessorImpl.java:43)
at java.base/java.lang.reflect.Method.invoke(Method.java:568)
at org.testng.internal.MethodInvocationHelper.invokeMethod(MethodInvocationHelper.java:133)
at org.testng.internal.TestInvoker.invokeMethod(TestInvoker.java:598)
at org.testng.internal.TestInvoker.invokeTestMethod(TestInvoker.java:173)
at org.testng.internal.MethodRunner.runInSequence(MethodRunner.java:46)
at org.testng.internal.TestInvoker$MethodInvocationAgent.invoke(TestInvoker.java:824)
at org.testng.internal.TestInvoker.invokeTestMethods(TestInvoker.java:146)
at org.testng.internal.TestMethodWorker.invokeTestMethods(TestMethodWorker.java:146)
at org.testng.internal.TestMethodWorker.run(TestMethodWorker.java:128)
at java.base/java.util.ArrayList.forEach(ArrayList.java:1511)
at org.testng.TestRunner.privateRun(TestRunner.java:794)
at org.testng.TestRunner.run(TestRunner.java:596)
at org.testng.SuiteRunner.runTest(SuiteRunner.java:377)
at org.testng.SuiteRunner.runSequentially(SuiteRunner.java:371)
at org.testng.SuiteRunner.privateRun(SuiteRunner.java:332)
at org.testng.SuiteRunner.run(SuiteRunner.java:276)
at org.testng.SuiteRunnerWorker.runSuite(SuiteRunnerWorker.java:53)
at org.testng.SuiteRunnerWorker.run(SuiteRunnerWorker.java:96)
at org.testng.TestNG.runSuitesSequentially(TestNG.java:1212)
at org.testng.TestNG.runSuitesLocally(TestNG.java:1134)
at org.testng.TestNG.runSuites(TestNG.java:1063)
at org.testng.TestNG.run(TestNG.java:1031)
at org.testng.remote.AbstractRemoteTestNG.run(AbstractRemoteTestNG.java:115)
at org.testng.remote.RemoteTestNG.initAndRun(RemoteTestNG.java:251)
at org.testng.remote.RemoteTestNG.main(RemoteTestNG.java:77)
]]>
    </failure>
  </testcase> <!-- validateColumnName_BKP -->
  <system-out>
    <![CDATA[Executing Snowflake query :: SELECT COLUMN_NAME FROM DEV_ENT_RAW.INFORMATION_SCHEMA.COLUMNS WHERE TABLE_NAME='JOBAPPOINTMENT'and TABLE_SCHEMA='ST_GOLDMEDAL_MATILLION'
Executing Snowflake query :: SELECT COLUMN_NAME FROM CURATED_DATAMART.INFORMATION_SCHEMA.COLUMNS WHERE TABLE_NAME='STR_JOBAPPOINTMENT'and TABLE_SCHEMA='ST_BKP_GOLDMEDAL'
Executing Snowflake query :: SELECT COLUMN_NAME FROM DEV_ENT_CURATED.INFORMATION_SCHEMA.COLUMNS WHERE TABLE_NAME='DIM_JOBAPPOINTMENT'and TABLE_SCHEMA='MASTER_DIMENSIONS'
Column names for RAW Table --> JOBAPPOINTMENT :: [ACTIVE, CREATEDON, SMARTDISPATCHDATA_JOBAPPOINTMENT, MODIFIEDON, CREATEDBY_ID, ISCONFIRMED, SPECIALINSTRUCTIONS, ISUNUSED, MONTHNUMBER, PLANSTART, START, JOB_ID, STATUS, IMPORTID, NUMBER, PLANEND, END, ID]
Column names for DataMart Table --> STR_JOBAPPOINTMENT :: [CREATEDON, ISCONFIRMED, RECORD_UPDATE_DATE, MASTER_ID, SMARTDISPATCHDATA_JOBAPPOINTMENT, START, STATUS, PLANEND, PLANSTART, ACTIVE_FLAG, ISUNUSED, MODIFIEDON, ID, JOB_ID, ACTIVE, NUMBER, RECORD_CREATE_DATE, CREATEDBY_ID, END, IMPORTID, MONTHNUMBER, TENANT_TYPE]
Column names for Curated Table --> DIM_JOBAPPOINTMENT :: [END, SMARTDISPATCHDATA_JOBAPPOINTMENT, ACTIVE, CREATEDBY_ID, IMPORTID, ISUNUSED, START, ID, JOB_ID, MONTHNUMBER, PLANEND, RECORD_UPDATE_DATE, CREATEDON, RECORD_CREATE_DATE, TENANT_TYPE, PLANSTART, ISCONFIRMED, NUMBER, STATUS, MODIFIEDON, RECORD_UPDATED_BY]
Column Name found in Datamart and Curated Table :: ACTIVE
Column Name found in Datamart and Curated Table :: CREATEDON
Column Name found in Datamart and Curated Table :: SMARTDISPATCHDATA_JOBAPPOINTMENT
Column Name found in Datamart and Curated Table :: MODIFIEDON
Column Name found in Datamart and Curated Table :: CREATEDBY_ID
Column Name found in Datamart and Curated Table :: ISCONFIRMED
Column Name not found in Datamart and Curated Table :: SPECIALINSTRUCTIONS
Column Name found in Datamart and Curated Table :: ISUNUSED
Column Name found in Datamart and Curated Table :: MONTHNUMBER
Column Name found in Datamart and Curated Table :: PLANSTART
Column Name found in Datamart and Curated Table :: START
Column Name found in Datamart and Curated Table :: JOB_ID
Column Name found in Datamart and Curated Table :: STATUS
Column Name found in Datamart and Curated Table :: IMPORTID
Column Name found in Datamart and Curated Table :: NUMBER
Column Name found in Datamart and Curated Table :: PLANEND
Column Name found in Datamart and Curated Table :: END
Column Name found in Datamart and Curated Table :: ID
Datamart tables contains additional column name like [ACTIVE_FLAG, RECORD_CREATE_DATE, RECORD_UPDATE_DATE, RECORD_UPDATE_DATE, MASTER_ID, TENANT_TYPE]
Curated tables contains additional column name like [RECORD_CREATE_DATE, RECORD_UPDATE_DATE, RECORD_UPDATED_BY, TENANT_TYPE]]]>
  </system-out>
  <testcase classname="testcases.RAW_DATAMART_CURATED.SnowFlake_ColumnValidation_BKPTables" name="validateColumnName_BKP" time="2.254"/>
  <system-out>
    <![CDATA[Executing Snowflake query :: SELECT COLUMN_NAME FROM DEV_ENT_RAW.INFORMATION_SCHEMA.COLUMNS WHERE TABLE_NAME='CATEGORY'and TABLE_SCHEMA='ST_HORIZONSERVICES_MATILLION'
Executing Snowflake query :: SELECT COLUMN_NAME FROM CURATED_DATAMART.INFORMATION_SCHEMA.COLUMNS WHERE TABLE_NAME='STR_CATEGORY'and TABLE_SCHEMA='ST_BKP_HORIZONSERVICES'
Executing Snowflake query :: SELECT COLUMN_NAME FROM DEV_ENT_CURATED.INFORMATION_SCHEMA.COLUMNS WHERE TABLE_NAME='DIM_CATEGORY'and TABLE_SCHEMA='MASTER_DIMENSIONS'
Column names for RAW Table --> CATEGORY :: [ACTIVE, AVALARACOMMERCIALTAXCODE, PARENT_ID, SOURCE, AVALARARESIDENTIALTAXCODE, BUSINESSUNIT_ID, HIDEINMOBILE, CREATEDON, POSITION, CREATEDBY_ID, EXTERNALID, CATEGORYTYPE, ID, DESCRIPTION, SUPPLIERIMAGES, IMAGE, IMPORTID, NAME, SKUIMAGES, SOURCEVERSION]
Column names for DataMart Table --> STR_CATEGORY :: [ACTIVE, AVALARACOMMERCIALTAXCODE, HIDEINMOBILE, SKUIMAGES, SOURCEVERSION, IMAGE, SOURCE, DESCRIPTION, ID, PARENT_ID, CREATEDBY_ID, CREATEDON, NAME, ACTIVE_FLAG, AVALARARESIDENTIALTAXCODE, RECORD_UPDATE_DATE, EXTERNALID, IMPORTID, SUPPLIERIMAGES, CATEGORYTYPE, MASTER_ID, POSITION, BUSINESSUNIT_ID, TENANT_TYPE, RECORD_CREATE_DATE]
Column names for Curated Table --> DIM_CATEGORY :: [AVALARARESIDENTIALTAXCODE, POSITION, SOURCEVERSION, IMAGE, ACTIVE, IMPORTID, NAME, SKUIMAGES, CREATEDBY_ID, PARENT_ID, SOURCE, DESCRIPTION, EXTERNALID, SUPPLIERIMAGES, AVALARACOMMERCIALTAXCODE, BUSINESSUNIT_ID, CATEGORYTYPE, ID, RECORD_UPDATE_DATE, TENANT_TYPE, RECORD_UPDATED_BY, CREATEDON, HIDEINMOBILE, RECORD_CREATE_DATE]
Column Name found in Datamart and Curated Table :: ACTIVE
Column Name found in Datamart and Curated Table :: AVALARACOMMERCIALTAXCODE
Column Name found in Datamart and Curated Table :: PARENT_ID
Column Name found in Datamart and Curated Table :: SOURCE
Column Name found in Datamart and Curated Table :: AVALARARESIDENTIALTAXCODE
Column Name found in Datamart and Curated Table :: BUSINESSUNIT_ID
Column Name found in Datamart and Curated Table :: HIDEINMOBILE
Column Name found in Datamart and Curated Table :: CREATEDON
Column Name found in Datamart and Curated Table :: POSITION
Column Name found in Datamart and Curated Table :: CREATEDBY_ID
Column Name found in Datamart and Curated Table :: EXTERNALID
Column Name found in Datamart and Curated Table :: CATEGORYTYPE
Column Name found in Datamart and Curated Table :: ID
Column Name found in Datamart and Curated Table :: DESCRIPTION
Column Name found in Datamart and Curated Table :: SUPPLIERIMAGES
Column Name found in Datamart and Curated Table :: IMAGE
Column Name found in Datamart and Curated Table :: IMPORTID
Column Name found in Datamart and Curated Table :: NAME
Column Name found in Datamart and Curated Table :: SKUIMAGES
Column Name found in Datamart and Curated Table :: SOURCEVERSION
Datamart tables contains additional column name like [ACTIVE_FLAG, RECORD_CREATE_DATE, RECORD_UPDATE_DATE, RECORD_UPDATE_DATE, MASTER_ID, TENANT_TYPE]
Curated tables contains additional column name like [RECORD_CREATE_DATE, RECORD_UPDATE_DATE, RECORD_UPDATED_BY, TENANT_TYPE]]]>
  </system-out>
  <testcase classname="testcases.RAW_DATAMART_CURATED.SnowFlake_ColumnValidation_BKPTables" name="validateColumnName_BKP" time="2.618"/>
  <system-out>
    <![CDATA[Executing Snowflake query :: SELECT COLUMN_NAME FROM DEV_ENT_RAW.INFORMATION_SCHEMA.COLUMNS WHERE TABLE_NAME='VENDOR'and TABLE_SCHEMA='ST_SNELLHEATINGAIR_MATILLION'
Executing Snowflake query :: SELECT COLUMN_NAME FROM CURATED_DATAMART.INFORMATION_SCHEMA.COLUMNS WHERE TABLE_NAME='STR_VENDOR'and TABLE_SCHEMA='ST_BKP_SNELLHEATINGAIR'
Executing Snowflake query :: SELECT COLUMN_NAME FROM DEV_ENT_CURATED.INFORMATION_SCHEMA.COLUMNS WHERE TABLE_NAME='DIM_VENDOR'and TABLE_SCHEMA='MASTER_DIMENSIONS'
Column names for RAW Table --> VENDOR :: [VENDORADDRESS_COUNTRY, VENDORADDRESS_LONGITUDE, VENDORADDRESS_STREET, RESTRICTEDMOBILECREATION, DELIVERYOPTION, MODIFIEDON, ID, VENDORADDRESS_ZIP, ISTRUCKREPLENISHMENT, EXTERNALID, FIRSTNAME, IMPORTID, PAYMENTTERM_ID, VENDORADDRESS_LATITUDE, LASTNAME, MEMO, VENDORADDRESS_CITY, FAX, PHONE, VENDORADDRESS_ISMILITARY, ACTIVE, ADDRESS, CREATEDON, TAXRATE, VENDORADDRESS_ISMANUALCOORDINATES, VENDORQUICKBOOKSITEM, NAME, VENDORADDRESS_STATE, VENDORADDRESS_UNIT, EMAIL, CREATEDBY_ID, REMITTANCEVENDOR_ID]
Column names for DataMart Table --> STR_VENDOR :: [DELIVERYOPTION, FIRSTNAME, NAME, LASTNAME, VENDORADDRESS_LATITUDE, RECORD_CREATE_DATE, RESTRICTEDMOBILECREATION, TENANT_TYPE, VENDORADDRESS_UNIT, VENDORQUICKBOOKSITEM, MEMO, PAYMENTTERM_ID, VENDORADDRESS_COUNTRY, RECORD_UPDATE_DATE, VENDORADDRESS_CITY, CREATEDON, EMAIL, TAXRATE, VENDORADDRESS_ISMANUALCOORDINATES, VENDORADDRESS_STATE, ACTIVE, ADDRESS, ACTIVE_FLAG, FAX, ID, ISTRUCKREPLENISHMENT, REMITTANCEVENDOR_ID, VENDORADDRESS_LONGITUDE, MODIFIEDON, IMPORTID, VENDORADDRESS_STREET, CREATEDBY_ID, EXTERNALID, MASTER_ID, VENDORADDRESS_ISMILITARY, VENDORADDRESS_ZIP, PHONE]
Column names for Curated Table --> DIM_VENDOR :: [DELIVERYOPTION, EXTERNALID, VENDORADDRESS_LATITUDE, VENDORADDRESS_ISMILITARY, VENDORADDRESS_STREET, EMAIL, ID, MEMO, PHONE, TAXRATE, VENDORADDRESS_ZIP, VENDORADDRESS_CITY, ACTIVE, ADDRESS, FAX, ISTRUCKREPLENISHMENT, VENDORADDRESS_STATE, REMITTANCEVENDOR_ID, FIRSTNAME, NAME, VENDORADDRESS_COUNTRY, LASTNAME, RECORD_UPDATE_DATE, VENDORADDRESS_UNIT, MODIFIEDON, CREATEDBY_ID, RECORD_CREATE_DATE, TENANT_TYPE, VENDORADDRESS_LONGITUDE, CREATEDON, IMPORTID, VENDORADDRESS_ISMANUALCOORDINATES, RESTRICTEDMOBILECREATION, PAYMENTTERM_ID, RECORD_UPDATED_BY, VENDORQUICKBOOKSITEM]
Column Name found in Datamart and Curated Table :: VENDORADDRESS_COUNTRY
Column Name found in Datamart and Curated Table :: VENDORADDRESS_LONGITUDE
Column Name found in Datamart and Curated Table :: VENDORADDRESS_STREET
Column Name found in Datamart and Curated Table :: RESTRICTEDMOBILECREATION
Column Name found in Datamart and Curated Table :: DELIVERYOPTION
Column Name found in Datamart and Curated Table :: MODIFIEDON
Column Name found in Datamart and Curated Table :: ID
Column Name found in Datamart and Curated Table :: VENDORADDRESS_ZIP
Column Name found in Datamart and Curated Table :: ISTRUCKREPLENISHMENT
Column Name found in Datamart and Curated Table :: EXTERNALID
Column Name found in Datamart and Curated Table :: FIRSTNAME
Column Name found in Datamart and Curated Table :: IMPORTID
Column Name found in Datamart and Curated Table :: PAYMENTTERM_ID
Column Name found in Datamart and Curated Table :: VENDORADDRESS_LATITUDE
Column Name found in Datamart and Curated Table :: LASTNAME
Column Name found in Datamart and Curated Table :: MEMO
Column Name found in Datamart and Curated Table :: VENDORADDRESS_CITY
Column Name found in Datamart and Curated Table :: FAX
Column Name found in Datamart and Curated Table :: PHONE
Column Name found in Datamart and Curated Table :: VENDORADDRESS_ISMILITARY
Column Name found in Datamart and Curated Table :: ACTIVE
Column Name found in Datamart and Curated Table :: ADDRESS
Column Name found in Datamart and Curated Table :: CREATEDON
Column Name found in Datamart and Curated Table :: TAXRATE
Column Name found in Datamart and Curated Table :: VENDORADDRESS_ISMANUALCOORDINATES
Column Name found in Datamart and Curated Table :: VENDORQUICKBOOKSITEM
Column Name found in Datamart and Curated Table :: NAME
Column Name found in Datamart and Curated Table :: VENDORADDRESS_STATE
Column Name found in Datamart and Curated Table :: VENDORADDRESS_UNIT
Column Name found in Datamart and Curated Table :: EMAIL
Column Name found in Datamart and Curated Table :: CREATEDBY_ID
Column Name found in Datamart and Curated Table :: REMITTANCEVENDOR_ID
Datamart tables contains additional column name like [ACTIVE_FLAG, RECORD_CREATE_DATE, RECORD_UPDATE_DATE, RECORD_UPDATE_DATE, MASTER_ID, TENANT_TYPE]
Curated tables contains additional column name like [RECORD_CREATE_DATE, RECORD_UPDATE_DATE, RECORD_UPDATED_BY, TENANT_TYPE]]]>
  </system-out>
  <testcase classname="testcases.RAW_DATAMART_CURATED.SnowFlake_ColumnValidation_BKPTables" name="validateColumnName_BKP" time="2.802"/>
  <system-out>
    <![CDATA[Executing Snowflake query :: SELECT COLUMN_NAME FROM DEV_ENT_RAW.INFORMATION_SCHEMA.COLUMNS WHERE TABLE_NAME='PURCHASEORDER'and TABLE_SCHEMA='ST_HORIZONSERVICES_MATILLION'
Executing Snowflake query :: SELECT COLUMN_NAME FROM CURATED_DATAMART.INFORMATION_SCHEMA.COLUMNS WHERE TABLE_NAME='STR_PURCHASEORDER'and TABLE_SCHEMA='ST_BKP_HORIZONSERVICES'
Executing Snowflake query :: SELECT COLUMN_NAME FROM DEV_ENT_CURATED.INFORMATION_SCHEMA.COLUMNS WHERE TABLE_NAME='DIM_PURCHASEORDER'and TABLE_SCHEMA='MASTER_DIMENSIONS'
Column names for RAW Table --> PURCHASEORDER :: [JOB_ID, RECEIVEDON, SHIPTO_STATE, SHIPTO_ZIP, SUMMARY, TRUCK_ID, AMOUNT, CANCELEDBY_ID, ID, SHIPTO_CITY, SHIPTO_COUNTRY, REQUIREDON, ROLLEDOVERFROMPURCHASEORDER_ID, CREATEDON, ACTIVE, ERRORMESSAGE, IMPORTID, PROJECTLABELS, SHIPTO_LATITUDE, TAXSCHEMA, TECHNICIAN_ID, SENTON, CANCELEDON, SHIPTO_STREET, MARKUP, NUMBER, SHIPTO_ISMILITARY, NOCHARGE, PROJECT_ID, SENDSTATUS, SHIPTO_ISMANUALCOORDINATES, STATUS, TAX, VENDORINVOICENUMBER, CREATEDBY_ID, MODIFIEDON, REQUISITION_ID, GROUPINGOPTION, EXTERNALID, BATCH_ID, BUSINESSUNIT_ID, CANCELEDREASON, DATE, INVENTORYLOCATION_ID, INVOICE_ID, TAXRATE, TYPE_ID, EXPORTID, SHIPTODESCRIPTION, VENDOR, SENDINGMETHOD, SHIPPING, SHIPTO_UNIT, ISTIMEANDMATERIAL, SHIPTO_LONGITUDE, POVENDOR_ID]
Column names for DataMart Table --> STR_PURCHASEORDER :: [BATCH_ID, GROUPINGOPTION, REQUISITION_ID, ROLLEDOVERFROMPURCHASEORDER_ID, SENDINGMETHOD, TAXSCHEMA, SUMMARY, VENDOR, ACTIVE_FLAG, AMOUNT, RECEIVEDON, SHIPTO_LATITUDE, SHIPTO_ISMANUALCOORDINATES, ACTIVE, BUSINESSUNIT_ID, CANCELEDBY_ID, ERRORMESSAGE, EXTERNALID, SENTON, SHIPTODESCRIPTION, EXPORTID, NUMBER, PROJECTLABELS, RECORD_UPDATE_DATE, SHIPTO_STATE, TRUCK_ID, TYPE_ID, STATUS, REQUIREDON, CANCELEDREASON, CREATEDBY_ID, MASTER_ID, TENANT_TYPE, SHIPTO_ISMILITARY, CANCELEDON, INVENTORYLOCATION_ID, SHIPTO_CITY, JOB_ID, POVENDOR_ID, TECHNICIAN_ID, ID, IMPORTID, NOCHARGE, SENDSTATUS, SHIPTO_LONGITUDE, SHIPTO_UNIT, ISTIMEANDMATERIAL, DATE, PROJECT_ID, SHIPTO_COUNTRY, SHIPPING, SHIPTO_STREET, TAX, TAXRATE, VENDORINVOICENUMBER, CREATEDON, INVOICE_ID, MARKUP, MODIFIEDON, RECORD_CREATE_DATE, SHIPTO_ZIP]
Column names for Curated Table --> DIM_PURCHASEORDER :: [ACTIVE, CANCELEDBY_ID, CANCELEDON, RECORD_CREATE_DATE, TRUCK_ID, ROLLEDOVERFROMPURCHASEORDER_ID, SHIPTO_LONGITUDE, TAXSCHEMA, BUSINESSUNIT_ID, POVENDOR_ID, SHIPTO_ISMANUALCOORDINATES, SHIPTO_ISMILITARY, CREATEDON, RECORD_UPDATE_DATE, NUMBER, AMOUNT, DATE, ERRORMESSAGE, EXPORTID, GROUPINGOPTION, INVOICE_ID, MODIFIEDON, PROJECT_ID, SHIPTO_COUNTRY, STATUS, RECORD_UPDATED_BY, TECHNICIAN_ID, SHIPTO_STATE, MARKUP, REQUISITION_ID, SENDSTATUS, SHIPTO_LATITUDE, SHIPTO_STREET, INVENTORYLOCATION_ID, TYPE_ID, BATCH_ID, CREATEDBY_ID, SENTON, PROJECTLABELS, SENDINGMETHOD, SHIPTO_CITY, TAXRATE, EXTERNALID, ID, TAX, VENDOR, IMPORTID, NOCHARGE, SHIPTO_ZIP, SUMMARY, TENANT_TYPE, SHIPPING, CANCELEDREASON, ISTIMEANDMATERIAL, JOB_ID, RECEIVEDON, SHIPTODESCRIPTION, SHIPTO_UNIT, VENDORINVOICENUMBER, REQUIREDON]
Column Name found in Datamart and Curated Table :: JOB_ID
Column Name found in Datamart and Curated Table :: RECEIVEDON
Column Name found in Datamart and Curated Table :: SHIPTO_STATE
Column Name found in Datamart and Curated Table :: SHIPTO_ZIP
Column Name found in Datamart and Curated Table :: SUMMARY
Column Name found in Datamart and Curated Table :: TRUCK_ID
Column Name found in Datamart and Curated Table :: AMOUNT
Column Name found in Datamart and Curated Table :: CANCELEDBY_ID
Column Name found in Datamart and Curated Table :: ID
Column Name found in Datamart and Curated Table :: SHIPTO_CITY
Column Name found in Datamart and Curated Table :: SHIPTO_COUNTRY
Column Name found in Datamart and Curated Table :: REQUIREDON
Column Name found in Datamart and Curated Table :: ROLLEDOVERFROMPURCHASEORDER_ID
Column Name found in Datamart and Curated Table :: CREATEDON
Column Name found in Datamart and Curated Table :: ACTIVE
Column Name found in Datamart and Curated Table :: ERRORMESSAGE
Column Name found in Datamart and Curated Table :: IMPORTID
Column Name found in Datamart and Curated Table :: PROJECTLABELS
Column Name found in Datamart and Curated Table :: SHIPTO_LATITUDE
Column Name found in Datamart and Curated Table :: TAXSCHEMA
Column Name found in Datamart and Curated Table :: TECHNICIAN_ID
Column Name found in Datamart and Curated Table :: SENTON
Column Name found in Datamart and Curated Table :: CANCELEDON
Column Name found in Datamart and Curated Table :: SHIPTO_STREET
Column Name found in Datamart and Curated Table :: MARKUP
Column Name found in Datamart and Curated Table :: NUMBER
Column Name found in Datamart and Curated Table :: SHIPTO_ISMILITARY
Column Name found in Datamart and Curated Table :: NOCHARGE
Column Name found in Datamart and Curated Table :: PROJECT_ID
Column Name found in Datamart and Curated Table :: SENDSTATUS
Column Name found in Datamart and Curated Table :: SHIPTO_ISMANUALCOORDINATES
Column Name found in Datamart and Curated Table :: STATUS
Column Name found in Datamart and Curated Table :: TAX
Column Name found in Datamart and Curated Table :: VENDORINVOICENUMBER
Column Name found in Datamart and Curated Table :: CREATEDBY_ID
Column Name found in Datamart and Curated Table :: MODIFIEDON
Column Name found in Datamart and Curated Table :: REQUISITION_ID
Column Name found in Datamart and Curated Table :: GROUPINGOPTION
Column Name found in Datamart and Curated Table :: EXTERNALID
Column Name found in Datamart and Curated Table :: BATCH_ID
Column Name found in Datamart and Curated Table :: BUSINESSUNIT_ID
Column Name found in Datamart and Curated Table :: CANCELEDREASON
Column Name found in Datamart and Curated Table :: DATE
Column Name found in Datamart and Curated Table :: INVENTORYLOCATION_ID
Column Name found in Datamart and Curated Table :: INVOICE_ID
Column Name found in Datamart and Curated Table :: TAXRATE
Column Name found in Datamart and Curated Table :: TYPE_ID
Column Name found in Datamart and Curated Table :: EXPORTID
Column Name found in Datamart and Curated Table :: SHIPTODESCRIPTION
Column Name found in Datamart and Curated Table :: VENDOR
Column Name found in Datamart and Curated Table :: SENDINGMETHOD
Column Name found in Datamart and Curated Table :: SHIPPING
Column Name found in Datamart and Curated Table :: SHIPTO_UNIT
Column Name found in Datamart and Curated Table :: ISTIMEANDMATERIAL
Column Name found in Datamart and Curated Table :: SHIPTO_LONGITUDE
Column Name found in Datamart and Curated Table :: POVENDOR_ID
Datamart tables contains additional column name like [ACTIVE_FLAG, RECORD_CREATE_DATE, RECORD_UPDATE_DATE, RECORD_UPDATE_DATE, MASTER_ID, TENANT_TYPE]
Curated tables contains additional column name like [RECORD_CREATE_DATE, RECORD_UPDATE_DATE, RECORD_UPDATED_BY, TENANT_TYPE]]]>
  </system-out>
  <testcase classname="testcases.RAW_DATAMART_CURATED.SnowFlake_ColumnValidation_BKPTables" name="validateColumnName_BKP" time="2.657"/>
  <system-out>
    <![CDATA[Executing Snowflake query :: SELECT COLUMN_NAME FROM DEV_ENT_RAW.INFORMATION_SCHEMA.COLUMNS WHERE TABLE_NAME='ESTIMATE'and TABLE_SCHEMA='ST_SNELLHEATINGAIR_MATILLION'
Executing Snowflake query :: SELECT COLUMN_NAME FROM CURATED_DATAMART.INFORMATION_SCHEMA.COLUMNS WHERE TABLE_NAME='STR_ESTIMATE'and TABLE_SCHEMA='ST_BKP_SNELLHEATINGAIR'
Executing Snowflake query :: SELECT COLUMN_NAME FROM DEV_ENT_CURATED.INFORMATION_SCHEMA.COLUMNS WHERE TABLE_NAME='DIM_ESTIMATE'and TABLE_SCHEMA='MASTER_DIMENSIONS'
Column names for RAW Table --> ESTIMATE :: [DISCOUNTTOTAL, ID, ISRECOMMENDED, MATERIALTAX, MODIFIEDON, PROPOSALTAGNAME, MATERIALSKUREFERENCE_SKUTYPE, PROCUREMENTTYPE, TECHNICIANSIGNATURE, ORDER, TOTAL, RENEWABLEMEMBERSHIP_ID, SOLDINVOICE_ID, TAX, TECHNICIANPICKEDSOLDTYPE, MATERIALSKU_ID, TOTALCOST, NAME, CREATEDBY_ID, ISCHANGEORDER, PROJECTLABELS, PROJECTOPPORTUNITY_ID, SOLDBYEMPLOYEE_ID, LOCATION_ID, MATERIALSKUREFERENCE_SKUID, CREATEDON, LABORTAX, PROPOSALTAGCOLOR, SUMMARY, OPPORTUNITY_ID, SOLDON, SOLDTYPE, STATUS, AUTHORIZATIONSIGNATURE, BUSINESSUNIT_ID, CLAIM_ID, JOB_ID, FEETOTAL, IMPORTID, SOLDBY_ID, ACTIVE, AUTHORIZEDON]
Column names for DataMart Table --> STR_ESTIMATE :: [FEETOTAL, JOB_ID, CLAIM_ID, MATERIALSKU_ID, MATERIALTAX, TAX, ACTIVE, NAME, RECORD_UPDATE_DATE, ISCHANGEORDER, SOLDBY_ID, STATUS, TOTALCOST, ID, ORDER, AUTHORIZEDON, CREATEDBY_ID, LOCATION_ID, MATERIALSKUREFERENCE_SKUTYPE, OPPORTUNITY_ID, PROCUREMENTTYPE, SOLDINVOICE_ID, TENANT_TYPE, PROPOSALTAGNAME, ACTIVE_FLAG, AUTHORIZATIONSIGNATURE, IMPORTID, MASTER_ID, MODIFIEDON, RECORD_CREATE_DATE, SOLDTYPE, TECHNICIANSIGNATURE, LABORTAX, SOLDBYEMPLOYEE_ID, PROJECTOPPORTUNITY_ID, RENEWABLEMEMBERSHIP_ID, PROJECTLABELS, TECHNICIANPICKEDSOLDTYPE, PROPOSALTAGCOLOR, ISRECOMMENDED, SUMMARY, TOTAL, BUSINESSUNIT_ID, CREATEDON, DISCOUNTTOTAL, MATERIALSKUREFERENCE_SKUID, SOLDON]
Column names for Curated Table --> DIM_ESTIMATE :: [CREATEDON, DISCOUNTTOTAL, LOCATION_ID, OPPORTUNITY_ID, PROPOSALTAGCOLOR, PROPOSALTAGNAME, SOLDINVOICE_ID, TENANT_TYPE, RECORD_UPDATED_BY, TOTALCOST, ISCHANGEORDER, NAME, BUSINESSUNIT_ID, FEETOTAL, MATERIALSKUREFERENCE_SKUTYPE, ISRECOMMENDED, ORDER, STATUS, TOTAL, SOLDTYPE, AUTHORIZEDON, CREATEDBY_ID, LABORTAX, PROCUREMENTTYPE, SOLDBYEMPLOYEE_ID, SOLDBY_ID, IMPORTID, MATERIALSKU_ID, TAX, TECHNICIANPICKEDSOLDTYPE, RENEWABLEMEMBERSHIP_ID, TECHNICIANSIGNATURE, MODIFIEDON, CLAIM_ID, ID, MATERIALSKUREFERENCE_SKUID, SOLDON, PROJECTLABELS, JOB_ID, ACTIVE, AUTHORIZATIONSIGNATURE, MATERIALTAX, PROJECTOPPORTUNITY_ID, RECORD_CREATE_DATE, SUMMARY, RECORD_UPDATE_DATE]
Column Name found in Datamart and Curated Table :: DISCOUNTTOTAL
Column Name found in Datamart and Curated Table :: ID
Column Name found in Datamart and Curated Table :: ISRECOMMENDED
Column Name found in Datamart and Curated Table :: MATERIALTAX
Column Name found in Datamart and Curated Table :: MODIFIEDON
Column Name found in Datamart and Curated Table :: PROPOSALTAGNAME
Column Name found in Datamart and Curated Table :: MATERIALSKUREFERENCE_SKUTYPE
Column Name found in Datamart and Curated Table :: PROCUREMENTTYPE
Column Name found in Datamart and Curated Table :: TECHNICIANSIGNATURE
Column Name found in Datamart and Curated Table :: ORDER
Column Name found in Datamart and Curated Table :: TOTAL
Column Name found in Datamart and Curated Table :: RENEWABLEMEMBERSHIP_ID
Column Name found in Datamart and Curated Table :: SOLDINVOICE_ID
Column Name found in Datamart and Curated Table :: TAX
Column Name found in Datamart and Curated Table :: TECHNICIANPICKEDSOLDTYPE
Column Name found in Datamart and Curated Table :: MATERIALSKU_ID
Column Name found in Datamart and Curated Table :: TOTALCOST
Column Name found in Datamart and Curated Table :: NAME
Column Name found in Datamart and Curated Table :: CREATEDBY_ID
Column Name found in Datamart and Curated Table :: ISCHANGEORDER
Column Name found in Datamart and Curated Table :: PROJECTLABELS
Column Name found in Datamart and Curated Table :: PROJECTOPPORTUNITY_ID
Column Name found in Datamart and Curated Table :: SOLDBYEMPLOYEE_ID
Column Name found in Datamart and Curated Table :: LOCATION_ID
Column Name found in Datamart and Curated Table :: MATERIALSKUREFERENCE_SKUID
Column Name found in Datamart and Curated Table :: CREATEDON
Column Name found in Datamart and Curated Table :: LABORTAX
Column Name found in Datamart and Curated Table :: PROPOSALTAGCOLOR
Column Name found in Datamart and Curated Table :: SUMMARY
Column Name found in Datamart and Curated Table :: OPPORTUNITY_ID
Column Name found in Datamart and Curated Table :: SOLDON
Column Name found in Datamart and Curated Table :: SOLDTYPE
Column Name found in Datamart and Curated Table :: STATUS
Column Name found in Datamart and Curated Table :: AUTHORIZATIONSIGNATURE
Column Name found in Datamart and Curated Table :: BUSINESSUNIT_ID
Column Name found in Datamart and Curated Table :: CLAIM_ID
Column Name found in Datamart and Curated Table :: JOB_ID
Column Name found in Datamart and Curated Table :: FEETOTAL
Column Name found in Datamart and Curated Table :: IMPORTID
Column Name found in Datamart and Curated Table :: SOLDBY_ID
Column Name found in Datamart and Curated Table :: ACTIVE
Column Name found in Datamart and Curated Table :: AUTHORIZEDON
Datamart tables contains additional column name like [ACTIVE_FLAG, RECORD_CREATE_DATE, RECORD_UPDATE_DATE, RECORD_UPDATE_DATE, MASTER_ID, TENANT_TYPE]
Curated tables contains additional column name like [RECORD_CREATE_DATE, RECORD_UPDATE_DATE, RECORD_UPDATED_BY, TENANT_TYPE]]]>
  </system-out>
  <testcase classname="testcases.RAW_DATAMART_CURATED.SnowFlake_ColumnValidation_BKPTables" name="validateColumnName_BKP" time="2.360"/>
  <system-out>
    <![CDATA[Executing Snowflake query :: SELECT COLUMN_NAME FROM DEV_ENT_RAW.INFORMATION_SCHEMA.COLUMNS WHERE TABLE_NAME='MATERIALVENDORSUBACCOUNT'and TABLE_SCHEMA='ST_FOURPROS_MATILLION'
Executing Snowflake query :: SELECT COLUMN_NAME FROM CURATED_DATAMART.INFORMATION_SCHEMA.COLUMNS WHERE TABLE_NAME='STR_MATERIALVENDORSUBACCOUNT'and TABLE_SCHEMA='ST_BKP_FOURPROS'
Executing Snowflake query :: SELECT COLUMN_NAME FROM DEV_ENT_CURATED.INFORMATION_SCHEMA.COLUMNS WHERE TABLE_NAME='DIM_MATERIALVENDORSUBACCOUNT'and TABLE_SCHEMA='MASTER_DIMENSIONS'
Column names for RAW Table --> MATERIALVENDORSUBACCOUNT :: [IMPORTID, CREATEDBY_ID, CREATEDON, COST, ACCOUNTNAME, ACTIVE, MATERIALVENDOR_ID, ID]
Column names for DataMart Table --> STR_MATERIALVENDORSUBACCOUNT :: [COST, CREATEDBY_ID, IMPORTID, ACTIVE_FLAG, RECORD_UPDATE_DATE, ID, ACTIVE, MASTER_ID, CREATEDON, RECORD_CREATE_DATE, TENANT_TYPE, ACCOUNTNAME, MATERIALVENDOR_ID]
Column names for Curated Table --> DIM_MATERIALVENDORSUBACCOUNT :: [RECORD_CREATE_DATE, IMPORTID, ACTIVE, CREATEDBY_ID, CREATEDON, ID, RECORD_UPDATE_DATE, TENANT_TYPE, RECORD_UPDATED_BY, ACCOUNTNAME, MATERIALVENDOR_ID, COST]
Column Name found in Datamart and Curated Table :: IMPORTID
Column Name found in Datamart and Curated Table :: CREATEDBY_ID
Column Name found in Datamart and Curated Table :: CREATEDON
Column Name found in Datamart and Curated Table :: COST
Column Name found in Datamart and Curated Table :: ACCOUNTNAME
Column Name found in Datamart and Curated Table :: ACTIVE
Column Name found in Datamart and Curated Table :: MATERIALVENDOR_ID
Column Name found in Datamart and Curated Table :: ID
Datamart tables contains additional column name like [ACTIVE_FLAG, RECORD_CREATE_DATE, RECORD_UPDATE_DATE, RECORD_UPDATE_DATE, MASTER_ID, TENANT_TYPE]
Curated tables contains additional column name like [RECORD_CREATE_DATE, RECORD_UPDATE_DATE, RECORD_UPDATED_BY, TENANT_TYPE]]]>
  </system-out>
  <testcase classname="testcases.RAW_DATAMART_CURATED.SnowFlake_ColumnValidation_BKPTables" name="validateColumnName_BKP" time="1.960"/>
  <system-out>
    <![CDATA[Executing Snowflake query :: SELECT COLUMN_NAME FROM DEV_ENT_RAW.INFORMATION_SCHEMA.COLUMNS WHERE TABLE_NAME='PAYMENTSPLIT'and TABLE_SCHEMA='ST_EANESHEATING_MATILLION'
Executing Snowflake query :: SELECT COLUMN_NAME FROM CURATED_DATAMART.INFORMATION_SCHEMA.COLUMNS WHERE TABLE_NAME='STR_PAYMENTSPLIT'and TABLE_SCHEMA='ST_BKP_EANESHEATING'
Executing Snowflake query :: SELECT COLUMN_NAME FROM DEV_ENT_CURATED.INFORMATION_SCHEMA.COLUMNS WHERE TABLE_NAME='DIM_PAYMENTSPLIT'and TABLE_SCHEMA='MASTER_DIMENSIONS'
Column names for RAW Table --> PAYMENTSPLIT :: [CREATEDON, ID, MODIFIEDON, PAYMENT_ID, AMOUNT, CREATEDBY_ID, ACTIVE, IMPORTID, INVOICE_ID, PAYSELLERCOMMISSION]
Column names for DataMart Table --> STR_PAYMENTSPLIT :: [AMOUNT, PAYMENT_ID, RECORD_UPDATE_DATE, TENANT_TYPE, INVOICE_ID, RECORD_CREATE_DATE, CREATEDON, IMPORTID, MODIFIEDON, PAYSELLERCOMMISSION, ACTIVE_FLAG, CREATEDBY_ID, ID, MASTER_ID, ACTIVE]
Column names for Curated Table --> DIM_PAYMENTSPLIT :: [IMPORTID, PAYSELLERCOMMISSION, CREATEDON, PAYMENT_ID, TENANT_TYPE, MODIFIEDON, AMOUNT, CREATEDBY_ID, INVOICE_ID, ID, RECORD_UPDATED_BY, RECORD_UPDATE_DATE, ACTIVE, RECORD_CREATE_DATE]
Column Name found in Datamart and Curated Table :: CREATEDON
Column Name found in Datamart and Curated Table :: ID
Column Name found in Datamart and Curated Table :: MODIFIEDON
Column Name found in Datamart and Curated Table :: PAYMENT_ID
Column Name found in Datamart and Curated Table :: AMOUNT
Column Name found in Datamart and Curated Table :: CREATEDBY_ID
Column Name found in Datamart and Curated Table :: ACTIVE
Column Name found in Datamart and Curated Table :: IMPORTID
Column Name found in Datamart and Curated Table :: INVOICE_ID
Column Name found in Datamart and Curated Table :: PAYSELLERCOMMISSION
Datamart tables contains additional column name like [ACTIVE_FLAG, RECORD_CREATE_DATE, RECORD_UPDATE_DATE, RECORD_UPDATE_DATE, MASTER_ID, TENANT_TYPE]
Curated tables contains additional column name like [RECORD_CREATE_DATE, RECORD_UPDATE_DATE, RECORD_UPDATED_BY, TENANT_TYPE]]]>
  </system-out>
  <testcase classname="testcases.RAW_DATAMART_CURATED.SnowFlake_ColumnValidation_BKPTables" name="validateColumnName_BKP" time="2.451"/>
  <system-out>
    <![CDATA[Executing Snowflake query :: SELECT COLUMN_NAME FROM DEV_ENT_RAW.INFORMATION_SCHEMA.COLUMNS WHERE TABLE_NAME='JOBASSIGNMENT'and TABLE_SCHEMA='ST_SNELLHEATINGAIR_MATILLION'
Executing Snowflake query :: SELECT COLUMN_NAME FROM CURATED_DATAMART.INFORMATION_SCHEMA.COLUMNS WHERE TABLE_NAME='STR_JOBASSIGNMENT'and TABLE_SCHEMA='ST_BKP_SNELLHEATINGAIR'
Executing Snowflake query :: SELECT COLUMN_NAME FROM DEV_ENT_CURATED.INFORMATION_SCHEMA.COLUMNS WHERE TABLE_NAME='DIM_JOBASSIGNMENT'and TABLE_SCHEMA='MASTER_DIMENSIONS'
Column names for RAW Table --> JOBASSIGNMENT :: [CREATEDBY_ID, JOB_ID, TECHNICIANROLE_ID, ID, SPLIT, COMMISSIONRATE, IMPORTID, TECHNICIAN_ID, ISPAUSED, PAYROLLROLE, JOHNMOOREPAYROLLROLE, STATUS, ACTIVE, CREATEDON, GROSSPAY, MODIFIEDON, DRIVETIME_ID, PROJECTLABELS, PAYTYPE]
Column names for DataMart Table --> STR_JOBASSIGNMENT :: [DRIVETIME_ID, JOHNMOOREPAYROLLROLE, SOURCE_PKEY_SPK, TECHNICIANROLE_ID, PAYROLLROLE, ACTIVE, CREATEDON, PROJECTLABELS, TECHNICIAN_ID, PAYTYPE, MASTER_ID, CREATEDBY_ID, GROSSPAY, JOB_ID, RECORD_UPDATE_DATE, ID, IMPORTID, MODIFIEDON, TENANT_TYPE, ACTIVE_FLAG, COMMISSIONRATE, ISPAUSED, RECORD_CREATE_DATE, SPLIT, STATUS]
Column names for Curated Table --> DIM_JOBASSIGNMENT :: [STATUS, COMMISSIONRATE, SPLIT, TECHNICIANROLE_ID, DRIVETIME_ID, GROSSPAY, RECORD_CREATE_DATE, JOHNMOOREPAYROLLROLE, MODIFIEDON, CREATEDBY_ID, ISPAUSED, SOURCE_PKEY_SPK, ID, PROJECTLABELS, RECORD_UPDATED_BY, PAYROLLROLE, JOB_ID, RECORD_UPDATE_DATE, TENANT_TYPE, IMPORTID, TECHNICIAN_ID, PAYTYPE, ACTIVE, CREATEDON]
Column Name found in Datamart and Curated Table :: CREATEDBY_ID
Column Name found in Datamart and Curated Table :: JOB_ID
Column Name found in Datamart and Curated Table :: TECHNICIANROLE_ID
Column Name found in Datamart and Curated Table :: ID
Column Name found in Datamart and Curated Table :: SPLIT
Column Name found in Datamart and Curated Table :: COMMISSIONRATE
Column Name found in Datamart and Curated Table :: IMPORTID
Column Name found in Datamart and Curated Table :: TECHNICIAN_ID
Column Name found in Datamart and Curated Table :: ISPAUSED
Column Name found in Datamart and Curated Table :: PAYROLLROLE
Column Name found in Datamart and Curated Table :: JOHNMOOREPAYROLLROLE
Column Name found in Datamart and Curated Table :: STATUS
Column Name found in Datamart and Curated Table :: ACTIVE
Column Name found in Datamart and Curated Table :: CREATEDON
Column Name found in Datamart and Curated Table :: GROSSPAY
Column Name found in Datamart and Curated Table :: MODIFIEDON
Column Name found in Datamart and Curated Table :: DRIVETIME_ID
Column Name found in Datamart and Curated Table :: PROJECTLABELS
Column Name found in Datamart and Curated Table :: PAYTYPE
Datamart tables contains additional column name like [ACTIVE_FLAG, RECORD_CREATE_DATE, RECORD_UPDATE_DATE, RECORD_UPDATE_DATE, MASTER_ID, TENANT_TYPE]
Curated tables contains additional column name like [RECORD_CREATE_DATE, RECORD_UPDATE_DATE, RECORD_UPDATED_BY, TENANT_TYPE]]]>
  </system-out>
  <testcase classname="testcases.RAW_DATAMART_CURATED.SnowFlake_ColumnValidation_BKPTables" name="validateColumnName_BKP" time="3.889"/>
  <system-out>
    <![CDATA[Executing Snowflake query :: SELECT COLUMN_NAME FROM DEV_ENT_RAW.INFORMATION_SCHEMA.COLUMNS WHERE TABLE_NAME='CALL'and TABLE_SCHEMA='ST_EANESHEATING_MATILLION'
Executing Snowflake query :: SELECT COLUMN_NAME FROM CURATED_DATAMART.INFORMATION_SCHEMA.COLUMNS WHERE TABLE_NAME='STR_CALL'and TABLE_SCHEMA='ST_BKP_EANESHEATING'
Executing Snowflake query :: SELECT COLUMN_NAME FROM DEV_ENT_CURATED.INFORMATION_SCHEMA.COLUMNS WHERE TABLE_NAME='DIM_CALL'and TABLE_SCHEMA='MASTER_DIMENSIONS'
Column names for RAW Table --> CALL :: [ACTIVE, DURATION, LOCATION_ID, RECORDINGPATH, STATUS, TYPE, SID, REVIEWINGBY_ID, CUSTOMER_ID, ESTIMATE_ID, LEAD_ID, WONTREVIEW, CREATEDON, JOB_ID, REASON_ID, VOICEMAILPATH, FOLLOWUP_ID, FROM, TO, AGENT_ID, DIRECTION, ID, MODIFIEDON, RECORDINGURL, EXCUSEMEMO, IMPORTID, RECORDINGID, TAG, CREATEDBY_ID, CALLSERVICE, CAMPAIGN_ID, CONVERSIONSCORE, REVIEWEDBY_ID]
Column names for DataMart Table --> STR_CALL :: [CALLSERVICE, LOCATION_ID, RECORDINGURL, STATUS, WONTREVIEW, FOLLOWUP_ID, CAMPAIGN_ID, FROM, JOB_ID, VOICEMAILPATH, RECORD_UPDATE_DATE, TENANT_TYPE, CONVERSIONSCORE, CUSTOMER_ID, ID, REVIEWINGBY_ID, MODIFIEDON, TYPE, ACTIVE_FLAG, RECORDINGID, REVIEWEDBY_ID, AGENT_ID, REASON_ID, TO, TAG, CREATEDBY_ID, CREATEDON, DURATION, IMPORTID, MASTER_ID, SID, LEAD_ID, DIRECTION, EXCUSEMEMO, ACTIVE, ESTIMATE_ID, RECORD_CREATE_DATE, RECORDINGPATH]
Column names for Curated Table --> DIM_CALL :: [ESTIMATE_ID, REASON_ID, WONTREVIEW, AGENT_ID, DIRECTION, FOLLOWUP_ID, LOCATION_ID, RECORDINGID, TAG, TYPE, CUSTOMER_ID, LEAD_ID, RECORDINGPATH, VOICEMAILPATH, STATUS, CONVERSIONSCORE, FROM, CREATEDBY_ID, DURATION, TENANT_TYPE, ACTIVE, CALLSERVICE, CAMPAIGN_ID, ID, RECORDINGURL, RECORD_UPDATE_DATE, RECORD_CREATE_DATE, JOB_ID, REVIEWEDBY_ID, TO, RECORD_UPDATED_BY, REVIEWINGBY_ID, SID, CREATEDON, EXCUSEMEMO, IMPORTID, MODIFIEDON]
Column Name found in Datamart and Curated Table :: ACTIVE
Column Name found in Datamart and Curated Table :: DURATION
Column Name found in Datamart and Curated Table :: LOCATION_ID
Column Name found in Datamart and Curated Table :: RECORDINGPATH
Column Name found in Datamart and Curated Table :: STATUS
Column Name found in Datamart and Curated Table :: TYPE
Column Name found in Datamart and Curated Table :: SID
Column Name found in Datamart and Curated Table :: REVIEWINGBY_ID
Column Name found in Datamart and Curated Table :: CUSTOMER_ID
Column Name found in Datamart and Curated Table :: ESTIMATE_ID
Column Name found in Datamart and Curated Table :: LEAD_ID
Column Name found in Datamart and Curated Table :: WONTREVIEW
Column Name found in Datamart and Curated Table :: CREATEDON
Column Name found in Datamart and Curated Table :: JOB_ID
Column Name found in Datamart and Curated Table :: REASON_ID
Column Name found in Datamart and Curated Table :: VOICEMAILPATH
Column Name found in Datamart and Curated Table :: FOLLOWUP_ID
Column Name found in Datamart and Curated Table :: FROM
Column Name found in Datamart and Curated Table :: TO
Column Name found in Datamart and Curated Table :: AGENT_ID
Column Name found in Datamart and Curated Table :: DIRECTION
Column Name found in Datamart and Curated Table :: ID
Column Name found in Datamart and Curated Table :: MODIFIEDON
Column Name found in Datamart and Curated Table :: RECORDINGURL
Column Name found in Datamart and Curated Table :: EXCUSEMEMO
Column Name found in Datamart and Curated Table :: IMPORTID
Column Name found in Datamart and Curated Table :: RECORDINGID
Column Name found in Datamart and Curated Table :: TAG
Column Name found in Datamart and Curated Table :: CREATEDBY_ID
Column Name found in Datamart and Curated Table :: CALLSERVICE
Column Name found in Datamart and Curated Table :: CAMPAIGN_ID
Column Name found in Datamart and Curated Table :: CONVERSIONSCORE
Column Name found in Datamart and Curated Table :: REVIEWEDBY_ID
Datamart tables contains additional column name like [ACTIVE_FLAG, RECORD_CREATE_DATE, RECORD_UPDATE_DATE, RECORD_UPDATE_DATE, MASTER_ID, TENANT_TYPE]
Curated tables contains additional column name like [RECORD_CREATE_DATE, RECORD_UPDATE_DATE, RECORD_UPDATED_BY, TENANT_TYPE]]]>
  </system-out>
  <testcase classname="testcases.RAW_DATAMART_CURATED.SnowFlake_ColumnValidation_BKPTables" name="validateColumnName_BKP" time="2.608"/>
  <system-out>
    <![CDATA[Executing Snowflake query :: SELECT COLUMN_NAME FROM DEV_ENT_RAW.INFORMATION_SCHEMA.COLUMNS WHERE TABLE_NAME='JOBASSIGNMENT'and TABLE_SCHEMA='ST_HARP_MATILLION'
Executing Snowflake query :: SELECT COLUMN_NAME FROM CURATED_DATAMART.INFORMATION_SCHEMA.COLUMNS WHERE TABLE_NAME='STR_JOBASSIGNMENT'and TABLE_SCHEMA='ST_BKP_HARP'
Executing Snowflake query :: SELECT COLUMN_NAME FROM DEV_ENT_CURATED.INFORMATION_SCHEMA.COLUMNS WHERE TABLE_NAME='DIM_JOBASSIGNMENT'and TABLE_SCHEMA='MASTER_DIMENSIONS'
Column names for RAW Table --> JOBASSIGNMENT :: [IMPORTID, TECHNICIAN_ID, STATUS, PAYTYPE, COMMISSIONRATE, PROJECTLABELS, TECHNICIANROLE_ID, DRIVETIME_ID, ID, JOHNMOOREPAYROLLROLE, CREATEDBY_ID, JOB_ID, ACTIVE, CREATEDON, GROSSPAY, MODIFIEDON, ISPAUSED, PAYROLLROLE, SPLIT]
Column names for DataMart Table --> STR_JOBASSIGNMENT :: [ID, MODIFIEDON, PAYROLLROLE, PAYTYPE, CREATEDBY_ID, IMPORTID, PROJECTLABELS, STATUS, TENANT_TYPE, DRIVETIME_ID, JOHNMOOREPAYROLLROLE, MASTER_ID, ACTIVE_FLAG, CREATEDON, JOB_ID, RECORD_CREATE_DATE, RECORD_UPDATE_DATE, SPLIT, ISPAUSED, SOURCE_PKEY_SPK, TECHNICIANROLE_ID, ACTIVE, COMMISSIONRATE, GROSSPAY, TECHNICIAN_ID]
Column names for Curated Table --> DIM_JOBASSIGNMENT :: [STATUS, COMMISSIONRATE, SPLIT, TECHNICIANROLE_ID, DRIVETIME_ID, GROSSPAY, RECORD_CREATE_DATE, JOHNMOOREPAYROLLROLE, MODIFIEDON, CREATEDBY_ID, ISPAUSED, SOURCE_PKEY_SPK, ID, PROJECTLABELS, RECORD_UPDATED_BY, PAYROLLROLE, JOB_ID, RECORD_UPDATE_DATE, TENANT_TYPE, IMPORTID, TECHNICIAN_ID, PAYTYPE, ACTIVE, CREATEDON]
Column Name found in Datamart and Curated Table :: IMPORTID
Column Name found in Datamart and Curated Table :: TECHNICIAN_ID
Column Name found in Datamart and Curated Table :: STATUS
Column Name found in Datamart and Curated Table :: PAYTYPE
Column Name found in Datamart and Curated Table :: COMMISSIONRATE
Column Name found in Datamart and Curated Table :: PROJECTLABELS
Column Name found in Datamart and Curated Table :: TECHNICIANROLE_ID
Column Name found in Datamart and Curated Table :: DRIVETIME_ID
Column Name found in Datamart and Curated Table :: ID
Column Name found in Datamart and Curated Table :: JOHNMOOREPAYROLLROLE
Column Name found in Datamart and Curated Table :: CREATEDBY_ID
Column Name found in Datamart and Curated Table :: JOB_ID
Column Name found in Datamart and Curated Table :: ACTIVE
Column Name found in Datamart and Curated Table :: CREATEDON
Column Name found in Datamart and Curated Table :: GROSSPAY
Column Name found in Datamart and Curated Table :: MODIFIEDON
Column Name found in Datamart and Curated Table :: ISPAUSED
Column Name found in Datamart and Curated Table :: PAYROLLROLE
Column Name found in Datamart and Curated Table :: SPLIT
Datamart tables contains additional column name like [ACTIVE_FLAG, RECORD_CREATE_DATE, RECORD_UPDATE_DATE, RECORD_UPDATE_DATE, MASTER_ID, TENANT_TYPE]
Curated tables contains additional column name like [RECORD_CREATE_DATE, RECORD_UPDATE_DATE, RECORD_UPDATED_BY, TENANT_TYPE]]]>
  </system-out>
  <testcase classname="testcases.RAW_DATAMART_CURATED.SnowFlake_ColumnValidation_BKPTables" name="validateColumnName_BKP" time="2.450"/>
  <system-out>
    <![CDATA[Executing Snowflake query :: SELECT COLUMN_NAME FROM DEV_ENT_RAW.INFORMATION_SCHEMA.COLUMNS WHERE TABLE_NAME='CAMPAIGN'and TABLE_SCHEMA='ST_HUTCHINSON_MATILLION'
Executing Snowflake query :: SELECT COLUMN_NAME FROM CURATED_DATAMART.INFORMATION_SCHEMA.COLUMNS WHERE TABLE_NAME='STR_CAMPAIGN'and TABLE_SCHEMA='ST_BKP_HUTCHINSON'
Executing Snowflake query :: SELECT COLUMN_NAME FROM DEV_ENT_CURATED.INFORMATION_SCHEMA.COLUMNS WHERE TABLE_NAME='DIM_CAMPAIGN'and TABLE_SCHEMA='MASTER_DIMENSIONS'
Column names for RAW Table --> CAMPAIGN :: [ID, CATEGORY_ID, NAME, DNIS, CREATEDBY_ID, ACTIVE, MODIFIEDBY_ID, CREATEDON, IMAGE, IMPORTID, BUSINESSUNIT_ID, COST, MODIFIEDON]
Column names for DataMart Table --> STR_CAMPAIGN :: [RECORD_UPDATE_DATE, RECORD_CREATE_DATE, ACTIVE_FLAG, CREATEDBY_ID, BUSINESSUNIT_ID, CREATEDON, ID, MODIFIEDON, NAME, COST, IMAGE, IMPORTID, ACTIVE, CATEGORY_ID, MASTER_ID, DNIS, TENANT_TYPE, MODIFIEDBY_ID]
Column names for Curated Table --> DIM_CAMPAIGN :: [IMAGE, MODIFIEDBY_ID, CATEGORY_ID, NAME, RECORD_CREATE_DATE, ACTIVE, COST, CREATEDBY_ID, IMPORTID, CREATEDON, BUSINESSUNIT_ID, ID, RECORD_UPDATED_BY, MODIFIEDON, DNIS, RECORD_UPDATE_DATE, TENANT_TYPE]
Column Name found in Datamart and Curated Table :: ID
Column Name found in Datamart and Curated Table :: CATEGORY_ID
Column Name found in Datamart and Curated Table :: NAME
Column Name found in Datamart and Curated Table :: DNIS
Column Name found in Datamart and Curated Table :: CREATEDBY_ID
Column Name found in Datamart and Curated Table :: ACTIVE
Column Name found in Datamart and Curated Table :: MODIFIEDBY_ID
Column Name found in Datamart and Curated Table :: CREATEDON
Column Name found in Datamart and Curated Table :: IMAGE
Column Name found in Datamart and Curated Table :: IMPORTID
Column Name found in Datamart and Curated Table :: BUSINESSUNIT_ID
Column Name found in Datamart and Curated Table :: COST
Column Name found in Datamart and Curated Table :: MODIFIEDON
Datamart tables contains additional column name like [ACTIVE_FLAG, RECORD_CREATE_DATE, RECORD_UPDATE_DATE, RECORD_UPDATE_DATE, MASTER_ID, TENANT_TYPE]
Curated tables contains additional column name like [RECORD_CREATE_DATE, RECORD_UPDATE_DATE, RECORD_UPDATED_BY, TENANT_TYPE]]]>
  </system-out>
  <testcase classname="testcases.RAW_DATAMART_CURATED.SnowFlake_ColumnValidation_BKPTables" name="validateColumnName_BKP" time="2.551"/>
  <system-out>
    <![CDATA[Executing Snowflake query :: SELECT COLUMN_NAME FROM DEV_ENT_RAW.INFORMATION_SCHEMA.COLUMNS WHERE TABLE_NAME='VENDOR'and TABLE_SCHEMA='ST_CASTEEL_MATILLION'
Executing Snowflake query :: SELECT COLUMN_NAME FROM CURATED_DATAMART.INFORMATION_SCHEMA.COLUMNS WHERE TABLE_NAME='STR_VENDOR'and TABLE_SCHEMA='ST_BKP_CASTEEL'
Executing Snowflake query :: SELECT COLUMN_NAME FROM DEV_ENT_CURATED.INFORMATION_SCHEMA.COLUMNS WHERE TABLE_NAME='DIM_VENDOR'and TABLE_SCHEMA='MASTER_DIMENSIONS'
Column names for RAW Table --> VENDOR :: [ACTIVE, EXTERNALID, VENDORADDRESS_CITY, IMPORTID, VENDORADDRESS_LONGITUDE, ID, MODIFIEDON, VENDORADDRESS_STATE, VENDORADDRESS_STREET, MEMO, CREATEDON, FAX, TAXRATE, DELIVERYOPTION, LASTNAME, PAYMENTTERM_ID, VENDORADDRESS_UNIT, VENDORADDRESS_ISMILITARY, CREATEDBY_ID, FIRSTNAME, NAME, RESTRICTEDMOBILECREATION, VENDORADDRESS_LATITUDE, VENDORQUICKBOOKSITEM, VENDORADDRESS_ISMANUALCOORDINATES, REMITTANCEVENDOR_ID, VENDORADDRESS_ZIP, ADDRESS, ISTRUCKREPLENISHMENT, PHONE, VENDORADDRESS_COUNTRY, EMAIL]
Column names for DataMart Table --> STR_VENDOR :: [DELIVERYOPTION, NAME, REMITTANCEVENDOR_ID, VENDORADDRESS_LATITUDE, VENDORADDRESS_ISMANUALCOORDINATES, TAXRATE, MASTER_ID, VENDORADDRESS_COUNTRY, PHONE, ID, MEMO, ACTIVE, CREATEDON, LASTNAME, RECORD_CREATE_DATE, RESTRICTEDMOBILECREATION, VENDORQUICKBOOKSITEM, PAYMENTTERM_ID, TENANT_TYPE, VENDORADDRESS_ISMILITARY, VENDORADDRESS_ZIP, FAX, IMPORTID, RECORD_UPDATE_DATE, VENDORADDRESS_LONGITUDE, VENDORADDRESS_UNIT, VENDORADDRESS_STATE, MODIFIEDON, VENDORADDRESS_CITY, EXTERNALID, ACTIVE_FLAG, ADDRESS, CREATEDBY_ID, EMAIL, FIRSTNAME, VENDORADDRESS_STREET, ISTRUCKREPLENISHMENT]
Column names for Curated Table --> DIM_VENDOR :: [DELIVERYOPTION, EXTERNALID, VENDORADDRESS_LATITUDE, VENDORADDRESS_ISMILITARY, VENDORADDRESS_STREET, EMAIL, ID, MEMO, PHONE, TAXRATE, VENDORADDRESS_ZIP, VENDORADDRESS_CITY, ACTIVE, ADDRESS, FAX, ISTRUCKREPLENISHMENT, VENDORADDRESS_STATE, REMITTANCEVENDOR_ID, FIRSTNAME, NAME, VENDORADDRESS_COUNTRY, LASTNAME, RECORD_UPDATE_DATE, VENDORADDRESS_UNIT, MODIFIEDON, CREATEDBY_ID, RECORD_CREATE_DATE, TENANT_TYPE, VENDORADDRESS_LONGITUDE, CREATEDON, IMPORTID, VENDORADDRESS_ISMANUALCOORDINATES, RESTRICTEDMOBILECREATION, PAYMENTTERM_ID, RECORD_UPDATED_BY, VENDORQUICKBOOKSITEM]
Column Name found in Datamart and Curated Table :: ACTIVE
Column Name found in Datamart and Curated Table :: EXTERNALID
Column Name found in Datamart and Curated Table :: VENDORADDRESS_CITY
Column Name found in Datamart and Curated Table :: IMPORTID
Column Name found in Datamart and Curated Table :: VENDORADDRESS_LONGITUDE
Column Name found in Datamart and Curated Table :: ID
Column Name found in Datamart and Curated Table :: MODIFIEDON
Column Name found in Datamart and Curated Table :: VENDORADDRESS_STATE
Column Name found in Datamart and Curated Table :: VENDORADDRESS_STREET
Column Name found in Datamart and Curated Table :: MEMO
Column Name found in Datamart and Curated Table :: CREATEDON
Column Name found in Datamart and Curated Table :: FAX
Column Name found in Datamart and Curated Table :: TAXRATE
Column Name found in Datamart and Curated Table :: DELIVERYOPTION
Column Name found in Datamart and Curated Table :: LASTNAME
Column Name found in Datamart and Curated Table :: PAYMENTTERM_ID
Column Name found in Datamart and Curated Table :: VENDORADDRESS_UNIT
Column Name found in Datamart and Curated Table :: VENDORADDRESS_ISMILITARY
Column Name found in Datamart and Curated Table :: CREATEDBY_ID
Column Name found in Datamart and Curated Table :: FIRSTNAME
Column Name found in Datamart and Curated Table :: NAME
Column Name found in Datamart and Curated Table :: RESTRICTEDMOBILECREATION
Column Name found in Datamart and Curated Table :: VENDORADDRESS_LATITUDE
Column Name found in Datamart and Curated Table :: VENDORQUICKBOOKSITEM
Column Name found in Datamart and Curated Table :: VENDORADDRESS_ISMANUALCOORDINATES
Column Name found in Datamart and Curated Table :: REMITTANCEVENDOR_ID
Column Name found in Datamart and Curated Table :: VENDORADDRESS_ZIP
Column Name found in Datamart and Curated Table :: ADDRESS
Column Name found in Datamart and Curated Table :: ISTRUCKREPLENISHMENT
Column Name found in Datamart and Curated Table :: PHONE
Column Name found in Datamart and Curated Table :: VENDORADDRESS_COUNTRY
Column Name found in Datamart and Curated Table :: EMAIL
Datamart tables contains additional column name like [ACTIVE_FLAG, RECORD_CREATE_DATE, RECORD_UPDATE_DATE, RECORD_UPDATE_DATE, MASTER_ID, TENANT_TYPE]
Curated tables contains additional column name like [RECORD_CREATE_DATE, RECORD_UPDATE_DATE, RECORD_UPDATED_BY, TENANT_TYPE]]]>
  </system-out>
  <testcase classname="testcases.RAW_DATAMART_CURATED.SnowFlake_ColumnValidation_BKPTables" name="validateColumnName_BKP" time="4.411"/>
  <system-out>
    <![CDATA[Executing Snowflake query :: SELECT COLUMN_NAME FROM DEV_ENT_RAW.INFORMATION_SCHEMA.COLUMNS WHERE TABLE_NAME='TIMESHEETCODE'and TABLE_SCHEMA='ST_CASTEEL_MATILLION'
Executing Snowflake query :: SELECT COLUMN_NAME FROM CURATED_DATAMART.INFORMATION_SCHEMA.COLUMNS WHERE TABLE_NAME='STR_TIMESHEETCODE'and TABLE_SCHEMA='ST_BKP_CASTEEL'
Executing Snowflake query :: SELECT COLUMN_NAME FROM DEV_ENT_CURATED.INFORMATION_SCHEMA.COLUMNS WHERE TABLE_NAME='DIM_TIMESHEETCODE'and TABLE_SCHEMA='MASTER_DIMENSIONS'
Column names for RAW Table --> TIMESHEETCODE :: [ADDRESS_LONGITUDE, CREATEDBY_ID, EVENTNAME, PAYROLLPOSTINGGROUP_ID, ROUTEAROUNDNJA, VISIBILITY, TYPE, OVERTIMEPAYROLLCONTROLCODE_ID, ADDRESS_STREET, ADDRESS_UNIT, APPLICABLEEMPLOYEETYPE, ENABLESIMPLECLOCKINOUT, EXCLUDEABSENTEVENT, IMPORTID, OVERTIMEPAYCODE_ID, STPAYCODE, CREATEDON, GEOFENCECLOCKINMODE, ID, ADDRESS_CITY, ADDRESS_COUNTRY, ADDRESS_ISMANUALCOORDINATES, BUSINESSUNIT_ID, COUNTONJOBCOUNTER, DESCRIPTION, ISAUTOCLOCKINENABLED, SENDALERTSONMOBILE, HOURLYRATE, OTPAYCODE, RATEMULTIPLIER, ADDRESS_STATE, ADDRESS_ISMILITARY, ADDRESS_LATITUDE, DOUBLEOVERTIMEPAYCODE_ID, STANDARDPAYROLLCONTROLCODE_ID, ISDEFAULTSHOPTIME, ACTIVE, ADDRESS_ZIP, CUSTOMHOURLYRATE, DEDUCTCOMMUTETIME, STANDARDPAYCODE_ID, CODE]
Column names for DataMart Table --> STR_TIMESHEETCODE :: [ADDRESS_ISMILITARY, ADDRESS_STREET, CODE, OVERTIMEPAYCODE_ID, PAYROLLPOSTINGGROUP_ID, DEDUCTCOMMUTETIME, ENABLESIMPLECLOCKINOUT, ACTIVE_FLAG, COUNTONJOBCOUNTER, CREATEDON, DESCRIPTION, MASTER_ID, IMPORTID, CREATEDBY_ID, DOUBLEOVERTIMEPAYCODE_ID, EVENTNAME, ID, ADDRESS_COUNTRY, ADDRESS_LATITUDE, BUSINESSUNIT_ID, OTPAYCODE, TENANT_TYPE, ISDEFAULTSHOPTIME, RATEMULTIPLIER, HOURLYRATE, ADDRESS_ISMANUALCOORDINATES, CUSTOMHOURLYRATE, STPAYCODE, ROUTEAROUNDNJA, ADDRESS_STATE, ADDRESS_ZIP, VISIBILITY, ADDRESS_LONGITUDE, ADDRESS_CITY, ADDRESS_UNIT, OVERTIMEPAYROLLCONTROLCODE_ID, RECORD_CREATE_DATE, RECORD_UPDATE_DATE, SENDALERTSONMOBILE, STANDARDPAYCODE_ID, APPLICABLEEMPLOYEETYPE, ACTIVE, STANDARDPAYROLLCONTROLCODE_ID, TYPE, EXCLUDEABSENTEVENT, GEOFENCECLOCKINMODE, ISAUTOCLOCKINENABLED]
Column names for Curated Table --> DIM_TIMESHEETCODE :: [ADDRESS_STREET, ADDRESS_ZIP, CUSTOMHOURLYRATE, DOUBLEOVERTIMEPAYCODE_ID, ENABLESIMPLECLOCKINOUT, DESCRIPTION, ADDRESS_ISMANUALCOORDINATES, ADDRESS_LONGITUDE, IMPORTID, CREATEDON, DEDUCTCOMMUTETIME, ID, ADDRESS_LATITUDE, CREATEDBY_ID, GEOFENCECLOCKINMODE, ROUTEAROUNDNJA, HOURLYRATE, RECORD_UPDATED_BY, RECORD_UPDATE_DATE, ADDRESS_UNIT, CODE, STANDARDPAYCODE_ID, OTPAYCODE, STPAYCODE, APPLICABLEEMPLOYEETYPE, OVERTIMEPAYCODE_ID, RATEMULTIPLIER, STANDARDPAYROLLCONTROLCODE_ID, EXCLUDEABSENTEVENT, PAYROLLPOSTINGGROUP_ID, TYPE, VISIBILITY, OVERTIMEPAYROLLCONTROLCODE_ID, ADDRESS_ISMILITARY, ADDRESS_STATE, ISDEFAULTSHOPTIME, ACTIVE, ADDRESS_CITY, BUSINESSUNIT_ID, COUNTONJOBCOUNTER, EVENTNAME, SENDALERTSONMOBILE, ADDRESS_COUNTRY, ISAUTOCLOCKINENABLED, TENANT_TYPE, RECORD_CREATE_DATE]
Column Name found in Datamart and Curated Table :: ADDRESS_LONGITUDE
Column Name found in Datamart and Curated Table :: CREATEDBY_ID
Column Name found in Datamart and Curated Table :: EVENTNAME
Column Name found in Datamart and Curated Table :: PAYROLLPOSTINGGROUP_ID
Column Name found in Datamart and Curated Table :: ROUTEAROUNDNJA
Column Name found in Datamart and Curated Table :: VISIBILITY
Column Name found in Datamart and Curated Table :: TYPE
Column Name found in Datamart and Curated Table :: OVERTIMEPAYROLLCONTROLCODE_ID
Column Name found in Datamart and Curated Table :: ADDRESS_STREET
Column Name found in Datamart and Curated Table :: ADDRESS_UNIT
Column Name found in Datamart and Curated Table :: APPLICABLEEMPLOYEETYPE
Column Name found in Datamart and Curated Table :: ENABLESIMPLECLOCKINOUT
Column Name found in Datamart and Curated Table :: EXCLUDEABSENTEVENT
Column Name found in Datamart and Curated Table :: IMPORTID
Column Name found in Datamart and Curated Table :: OVERTIMEPAYCODE_ID
Column Name found in Datamart and Curated Table :: STPAYCODE
Column Name found in Datamart and Curated Table :: CREATEDON
Column Name found in Datamart and Curated Table :: GEOFENCECLOCKINMODE
Column Name found in Datamart and Curated Table :: ID
Column Name found in Datamart and Curated Table :: ADDRESS_CITY
Column Name found in Datamart and Curated Table :: ADDRESS_COUNTRY
Column Name found in Datamart and Curated Table :: ADDRESS_ISMANUALCOORDINATES
Column Name found in Datamart and Curated Table :: BUSINESSUNIT_ID
Column Name found in Datamart and Curated Table :: COUNTONJOBCOUNTER
Column Name found in Datamart and Curated Table :: DESCRIPTION
Column Name found in Datamart and Curated Table :: ISAUTOCLOCKINENABLED
Column Name found in Datamart and Curated Table :: SENDALERTSONMOBILE
Column Name found in Datamart and Curated Table :: HOURLYRATE
Column Name found in Datamart and Curated Table :: OTPAYCODE
Column Name found in Datamart and Curated Table :: RATEMULTIPLIER
Column Name found in Datamart and Curated Table :: ADDRESS_STATE
Column Name found in Datamart and Curated Table :: ADDRESS_ISMILITARY
Column Name found in Datamart and Curated Table :: ADDRESS_LATITUDE
Column Name found in Datamart and Curated Table :: DOUBLEOVERTIMEPAYCODE_ID
Column Name found in Datamart and Curated Table :: STANDARDPAYROLLCONTROLCODE_ID
Column Name found in Datamart and Curated Table :: ISDEFAULTSHOPTIME
Column Name found in Datamart and Curated Table :: ACTIVE
Column Name found in Datamart and Curated Table :: ADDRESS_ZIP
Column Name found in Datamart and Curated Table :: CUSTOMHOURLYRATE
Column Name found in Datamart and Curated Table :: DEDUCTCOMMUTETIME
Column Name found in Datamart and Curated Table :: STANDARDPAYCODE_ID
Column Name found in Datamart and Curated Table :: CODE
Datamart tables contains additional column name like [ACTIVE_FLAG, RECORD_CREATE_DATE, RECORD_UPDATE_DATE, RECORD_UPDATE_DATE, MASTER_ID, TENANT_TYPE]
Curated tables contains additional column name like [RECORD_CREATE_DATE, RECORD_UPDATE_DATE, RECORD_UPDATED_BY, TENANT_TYPE]]]>
  </system-out>
  <testcase classname="testcases.RAW_DATAMART_CURATED.SnowFlake_ColumnValidation_BKPTables" name="validateColumnName_BKP" time="2.258"/>
  <system-out>
    <![CDATA[Executing Snowflake query :: SELECT COLUMN_NAME FROM DEV_ENT_RAW.INFORMATION_SCHEMA.COLUMNS WHERE TABLE_NAME='HOLDJOBREASON'and TABLE_SCHEMA='ST_HDAIR_MATILLION'
Executing Snowflake query :: SELECT COLUMN_NAME FROM CURATED_DATAMART.INFORMATION_SCHEMA.COLUMNS WHERE TABLE_NAME='STR_HOLDJOBREASON'and TABLE_SCHEMA='ST_BKP_HDAIR'
Executing Snowflake query :: SELECT COLUMN_NAME FROM DEV_ENT_CURATED.INFORMATION_SCHEMA.COLUMNS WHERE TABLE_NAME='DIM_HOLDJOBREASON'and TABLE_SCHEMA='MASTER_DIMENSIONS'
Column names for RAW Table --> HOLDJOBREASON :: [NAME, CREATEDBY_ID, MODIFIEDON, ACTIVE, CREATEDON, ID, IMPORTID]
Column names for DataMart Table --> STR_HOLDJOBREASON :: [ACTIVE, RECORD_CREATE_DATE, CREATEDON, ID, ACTIVE_FLAG, MODIFIEDON, NAME, IMPORTID, TENANT_TYPE, CREATEDBY_ID, MASTER_ID, RECORD_UPDATE_DATE]
Column names for Curated Table --> DIM_HOLDJOBREASON :: [ACTIVE, ID, NAME, RECORD_UPDATED_BY, CREATEDON, MODIFIEDON, RECORD_CREATE_DATE, RECORD_UPDATE_DATE, TENANT_TYPE, IMPORTID, CREATEDBY_ID]
Column Name found in Datamart and Curated Table :: NAME
Column Name found in Datamart and Curated Table :: CREATEDBY_ID
Column Name found in Datamart and Curated Table :: MODIFIEDON
Column Name found in Datamart and Curated Table :: ACTIVE
Column Name found in Datamart and Curated Table :: CREATEDON
Column Name found in Datamart and Curated Table :: ID
Column Name found in Datamart and Curated Table :: IMPORTID
Datamart tables contains additional column name like [ACTIVE_FLAG, RECORD_CREATE_DATE, RECORD_UPDATE_DATE, RECORD_UPDATE_DATE, MASTER_ID, TENANT_TYPE]
Curated tables contains additional column name like [RECORD_CREATE_DATE, RECORD_UPDATE_DATE, RECORD_UPDATED_BY, TENANT_TYPE]]]>
  </system-out>
  <testcase classname="testcases.RAW_DATAMART_CURATED.SnowFlake_ColumnValidation_BKPTables" name="validateColumnName_BKP" time="3.591"/>
  <system-out>
    <![CDATA[Executing Snowflake query :: SELECT COLUMN_NAME FROM DEV_ENT_RAW.INFORMATION_SCHEMA.COLUMNS WHERE TABLE_NAME='TAGTYPE'and TABLE_SCHEMA='ST_MAITZ_MATILLION'
Executing Snowflake query :: SELECT COLUMN_NAME FROM CURATED_DATAMART.INFORMATION_SCHEMA.COLUMNS WHERE TABLE_NAME='STR_TAGTYPE'and TABLE_SCHEMA='ST_BKP_MAITZ'
Executing Snowflake query :: SELECT COLUMN_NAME FROM DEV_ENT_CURATED.INFORMATION_SCHEMA.COLUMNS WHERE TABLE_NAME='DIM_TAGTYPE'and TABLE_SCHEMA='MASTER_DIMENSIONS'
Column names for RAW Table --> TAGTYPE :: [ACTIVE, ISCONVERSIONOPPORTUNITY, MODIFIEDON, CODE, CREATEDBY_ID, CREATEDON, ID, IMPORTID, IMPORTANCE, FONTCOLOR, ISALWAYSVISIBLE, ISVISIBLEONDISPATCHBOARD, COLOR, NAME, PROJECTEDVALUEADJUSTMENT]
Column names for DataMart Table --> STR_TAGTYPE :: [ACTIVE_FLAG, PROJECTEDVALUEADJUSTMENT, CREATEDBY_ID, ID, ISALWAYSVISIBLE, MODIFIEDON, TENANT_TYPE, CODE, IMPORTID, ISCONVERSIONOPPORTUNITY, ISVISIBLEONDISPATCHBOARD, COLOR, FONTCOLOR, MASTER_ID, RECORD_UPDATE_DATE, NAME, ACTIVE, CREATEDON, IMPORTANCE, RECORD_CREATE_DATE]
Column names for Curated Table --> DIM_TAGTYPE :: [ACTIVE, CODE, FONTCOLOR, IMPORTANCE, TENANT_TYPE, NAME, CREATEDBY_ID, ID, MODIFIEDON, RECORD_UPDATED_BY, COLOR, CREATEDON, RECORD_UPDATE_DATE, ISCONVERSIONOPPORTUNITY, PROJECTEDVALUEADJUSTMENT, RECORD_CREATE_DATE, ISALWAYSVISIBLE, IMPORTID, ISVISIBLEONDISPATCHBOARD]
Column Name found in Datamart and Curated Table :: ACTIVE
Column Name found in Datamart and Curated Table :: ISCONVERSIONOPPORTUNITY
Column Name found in Datamart and Curated Table :: MODIFIEDON
Column Name found in Datamart and Curated Table :: CODE
Column Name found in Datamart and Curated Table :: CREATEDBY_ID
Column Name found in Datamart and Curated Table :: CREATEDON
Column Name found in Datamart and Curated Table :: ID
Column Name found in Datamart and Curated Table :: IMPORTID
Column Name found in Datamart and Curated Table :: IMPORTANCE
Column Name found in Datamart and Curated Table :: FONTCOLOR
Column Name found in Datamart and Curated Table :: ISALWAYSVISIBLE
Column Name found in Datamart and Curated Table :: ISVISIBLEONDISPATCHBOARD
Column Name found in Datamart and Curated Table :: COLOR
Column Name found in Datamart and Curated Table :: NAME
Column Name found in Datamart and Curated Table :: PROJECTEDVALUEADJUSTMENT
Datamart tables contains additional column name like [ACTIVE_FLAG, RECORD_CREATE_DATE, RECORD_UPDATE_DATE, RECORD_UPDATE_DATE, MASTER_ID, TENANT_TYPE]
Curated tables contains additional column name like [RECORD_CREATE_DATE, RECORD_UPDATE_DATE, RECORD_UPDATED_BY, TENANT_TYPE]]]>
  </system-out>
  <testcase classname="testcases.RAW_DATAMART_CURATED.SnowFlake_ColumnValidation_BKPTables" name="validateColumnName_BKP" time="2.450"/>
  <system-out>
    <![CDATA[Executing Snowflake query :: SELECT COLUMN_NAME FROM DEV_ENT_RAW.INFORMATION_SCHEMA.COLUMNS WHERE TABLE_NAME='MATERIALVENDOR'and TABLE_SCHEMA='ST_HDAIR_MATILLION'
Executing Snowflake query :: SELECT COLUMN_NAME FROM CURATED_DATAMART.INFORMATION_SCHEMA.COLUMNS WHERE TABLE_NAME='STR_MATERIALVENDOR'and TABLE_SCHEMA='ST_BKP_HDAIR'
Executing Snowflake query :: SELECT COLUMN_NAME FROM DEV_ENT_CURATED.INFORMATION_SCHEMA.COLUMNS WHERE TABLE_NAME='DIM_MATERIALVENDOR'and TABLE_SCHEMA='MASTER_DIMENSIONS'
Column names for RAW Table --> MATERIALVENDOR :: [IMPORTID, VENDOR_ID, COST, CREATEDON, PRIMARYSUBACCOUNT_ID, ID, MEMO, PARTNUMBER, ACTIVE, ISPRIMARY, CREATEDBY_ID, MATERIAL_ID]
Column names for DataMart Table --> STR_MATERIALVENDOR :: [MASTER_ID, RECORD_CREATE_DATE, COST, PARTNUMBER, CREATEDBY_ID, ID, PRIMARYSUBACCOUNT_ID, TENANT_TYPE, ACTIVE, RECORD_UPDATE_DATE, ACTIVE_FLAG, ISPRIMARY, IMPORTID, VENDOR_ID, CREATEDON, MATERIAL_ID, MEMO]
Column names for Curated Table --> DIM_MATERIALVENDOR :: [ID, MATERIAL_ID, ACTIVE, COST, CREATEDBY_ID, IMPORTID, ISPRIMARY, PRIMARYSUBACCOUNT_ID, RECORD_UPDATE_DATE, TENANT_TYPE, MEMO, RECORD_UPDATED_BY, VENDOR_ID, CREATEDON, PARTNUMBER, RECORD_CREATE_DATE]
Column Name found in Datamart and Curated Table :: IMPORTID
Column Name found in Datamart and Curated Table :: VENDOR_ID
Column Name found in Datamart and Curated Table :: COST
Column Name found in Datamart and Curated Table :: CREATEDON
Column Name found in Datamart and Curated Table :: PRIMARYSUBACCOUNT_ID
Column Name found in Datamart and Curated Table :: ID
Column Name found in Datamart and Curated Table :: MEMO
Column Name found in Datamart and Curated Table :: PARTNUMBER
Column Name found in Datamart and Curated Table :: ACTIVE
Column Name found in Datamart and Curated Table :: ISPRIMARY
Column Name found in Datamart and Curated Table :: CREATEDBY_ID
Column Name found in Datamart and Curated Table :: MATERIAL_ID
Datamart tables contains additional column name like [ACTIVE_FLAG, RECORD_CREATE_DATE, RECORD_UPDATE_DATE, RECORD_UPDATE_DATE, MASTER_ID, TENANT_TYPE]
Curated tables contains additional column name like [RECORD_CREATE_DATE, RECORD_UPDATE_DATE, RECORD_UPDATED_BY, TENANT_TYPE]]]>
  </system-out>
  <testcase classname="testcases.RAW_DATAMART_CURATED.SnowFlake_ColumnValidation_BKPTables" name="validateColumnName_BKP" time="3.071"/>
  <system-out>
    <![CDATA[Executing Snowflake query :: SELECT COLUMN_NAME FROM DEV_ENT_RAW.INFORMATION_SCHEMA.COLUMNS WHERE TABLE_NAME='TAG'and TABLE_SCHEMA='ST_BILLFENWICK_MATILLION'
Executing Snowflake query :: SELECT COLUMN_NAME FROM CURATED_DATAMART.INFORMATION_SCHEMA.COLUMNS WHERE TABLE_NAME='STR_TAG'and TABLE_SCHEMA='ST_BKP_BILLFENWICK'
Executing Snowflake query :: SELECT COLUMN_NAME FROM DEV_ENT_CURATED.INFORMATION_SCHEMA.COLUMNS WHERE TABLE_NAME='DIM_TAG'and TABLE_SCHEMA='MASTER_DIMENSIONS'
Column names for RAW Table --> TAG :: [ID, REMOVEDON, ACTIVE, TYPE_ID, CREATEDBY_ID, OWNER_ID, GENERATEDFOR_ID, IMPORTID, CREATEDON, GENERATEDFOREXTERNAL, MODIFIEDON, REMOVEDBY_ID, MEMO]
Column names for DataMart Table --> STR_TAG :: [RECORD_CREATE_DATE, ACTIVE, CREATEDBY_ID, REMOVEDBY_ID, CREATEDON, ID, ACTIVE_FLAG, MODIFIEDON, GENERATEDFOR_ID, MASTER_ID, IMPORTID, MEMO, SOURCE_PKEY_SPK, GENERATEDFOREXTERNAL, OWNER_ID, REMOVEDON, RECORD_UPDATE_DATE, TENANT_TYPE, TYPE_ID]
Column names for Curated Table --> DIM_TAG :: [ACTIVE_FLAG, RECORD_CREATE_DATE, CREATEDON, RECORD_UPDATE_DATE, SOURCE_PKEY_SPK, GENERATEDFOR_ID, GENERATEDFOREXTERNAL, TYPE_ID, ACTIVE, CREATEDBY_ID, ID, MODIFIEDON, OWNER_ID, REMOVEDBY_ID, REMOVEDON, MEMO, RECORD_UPDATED_BY, IMPORTID, TENANT_TYPE]
Column Name found in Datamart and Curated Table :: ID
Column Name found in Datamart and Curated Table :: REMOVEDON
Column Name found in Datamart and Curated Table :: ACTIVE
Column Name found in Datamart and Curated Table :: TYPE_ID
Column Name found in Datamart and Curated Table :: CREATEDBY_ID
Column Name found in Datamart and Curated Table :: OWNER_ID
Column Name found in Datamart and Curated Table :: GENERATEDFOR_ID
Column Name found in Datamart and Curated Table :: IMPORTID
Column Name found in Datamart and Curated Table :: CREATEDON
Column Name found in Datamart and Curated Table :: GENERATEDFOREXTERNAL
Column Name found in Datamart and Curated Table :: MODIFIEDON
Column Name found in Datamart and Curated Table :: REMOVEDBY_ID
Column Name found in Datamart and Curated Table :: MEMO
Datamart tables contains additional column name like [ACTIVE_FLAG, RECORD_CREATE_DATE, RECORD_UPDATE_DATE, RECORD_UPDATE_DATE, MASTER_ID, TENANT_TYPE]
Curated tables contains additional column name like [RECORD_CREATE_DATE, RECORD_UPDATE_DATE, RECORD_UPDATED_BY, TENANT_TYPE]]]>
  </system-out>
  <testcase classname="testcases.RAW_DATAMART_CURATED.SnowFlake_ColumnValidation_BKPTables" name="validateColumnName_BKP" time="2.641"/>
  <system-out>
    <![CDATA[Executing Snowflake query :: SELECT COLUMN_NAME FROM DEV_ENT_RAW.INFORMATION_SCHEMA.COLUMNS WHERE TABLE_NAME='PAYMENT'and TABLE_SCHEMA='ST_CASTEEL_MATILLION'
Executing Snowflake query :: SELECT COLUMN_NAME FROM CURATED_DATAMART.INFORMATION_SCHEMA.COLUMNS WHERE TABLE_NAME='STR_PAYMENT'and TABLE_SCHEMA='ST_BKP_CASTEEL'
Executing Snowflake query :: SELECT COLUMN_NAME FROM DEV_ENT_CURATED.INFORMATION_SCHEMA.COLUMNS WHERE TABLE_NAME='DIM_PAYMENT'and TABLE_SCHEMA='MASTER_DIMENSIONS'
Column names for RAW Table --> PAYMENT :: [BUSINESSUNIT_ID, TRANSACTION, AUTHORIZATIONSIGNATURE, METHOD, PROJECT_ID, BATCH_ID, CUSTOMER_ID, INVOICE_ID, MEMO, NUMBER, SETTLEMENTSTATUS, STATUS, CREATEDON, TRANSACTIONSTATUS, TYPE_ID, CREATEDBY_ID, ESTIMATE_ID, IMPORTID, MODIFIEDON, ACTIVE, AGREEMENTLANGUAGE, ID, PAYMENTDATE, SETTLEMENTDATE, CREDITAVAILABLE, PAIDON, FINANCINGOPERATOR, AMOUNT, APPLIEDON, CHECKNUMBER, UNAPPLIEDAMOUNT, STOREDPAYMENT_ID, DEFERREDINTEREST, EXPORTID, EXTERNALID, SOURCE, REFUNDEDAMOUNT]
Column names for DataMart Table --> STR_PAYMENT :: [CREATEDON, METHOD, NUMBER, REFUNDEDAMOUNT, PROJECT_ID, ACTIVE_FLAG, DEFERREDINTEREST, TENANT_TYPE, MEMO, CREDITAVAILABLE, MODIFIEDON, SOURCE, TRANSACTION, TYPE_ID, CHECKNUMBER, EXTERNALID, MASTER_ID, APPLIEDON, BUSINESSUNIT_ID, CREATEDBY_ID, ID, PAIDON, IMPORTID, AGREEMENTLANGUAGE, AMOUNT, AUTHORIZATIONSIGNATURE, CUSTOMER_ID, EXPORTID, FINANCINGOPERATOR, RECORD_CREATE_DATE, UNAPPLIEDAMOUNT, BATCH_ID, TRANSACTIONSTATUS, ESTIMATE_ID, ACTIVE, PAYMENTDATE, RECORD_UPDATE_DATE, SETTLEMENTDATE, SETTLEMENTSTATUS, STATUS, INVOICE_ID, STOREDPAYMENT_ID]
Column names for Curated Table --> DIM_PAYMENT :: [DEFERREDINTEREST, PAIDON, SOURCE, TENANT_TYPE, PAYMENTDATE, TYPE_ID, ACTIVE, INVOICE_ID, ESTIMATE_ID, UNAPPLIEDAMOUNT, STATUS, CREATEDBY_ID, CUSTOMER_ID, EXPORTID, IMPORTID, TRANSACTION, MEMO, RECORD_UPDATE_DATE, TRANSACTIONSTATUS, AMOUNT, AUTHORIZATIONSIGNATURE, CHECKNUMBER, MODIFIEDON, EXTERNALID, PROJECT_ID, APPLIEDON, BATCH_ID, CREATEDON, FINANCINGOPERATOR, ID, RECORD_UPDATED_BY, REFUNDEDAMOUNT, SETTLEMENTSTATUS, BUSINESSUNIT_ID, METHOD, AGREEMENTLANGUAGE, CREDITAVAILABLE, NUMBER, RECORD_CREATE_DATE, SETTLEMENTDATE, STOREDPAYMENT_ID]
Column Name found in Datamart and Curated Table :: BUSINESSUNIT_ID
Column Name found in Datamart and Curated Table :: TRANSACTION
Column Name found in Datamart and Curated Table :: AUTHORIZATIONSIGNATURE
Column Name found in Datamart and Curated Table :: METHOD
Column Name found in Datamart and Curated Table :: PROJECT_ID
Column Name found in Datamart and Curated Table :: BATCH_ID
Column Name found in Datamart and Curated Table :: CUSTOMER_ID
Column Name found in Datamart and Curated Table :: INVOICE_ID
Column Name found in Datamart and Curated Table :: MEMO
Column Name found in Datamart and Curated Table :: NUMBER
Column Name found in Datamart and Curated Table :: SETTLEMENTSTATUS
Column Name found in Datamart and Curated Table :: STATUS
Column Name found in Datamart and Curated Table :: CREATEDON
Column Name found in Datamart and Curated Table :: TRANSACTIONSTATUS
Column Name found in Datamart and Curated Table :: TYPE_ID
Column Name found in Datamart and Curated Table :: CREATEDBY_ID
Column Name found in Datamart and Curated Table :: ESTIMATE_ID
Column Name found in Datamart and Curated Table :: IMPORTID
Column Name found in Datamart and Curated Table :: MODIFIEDON
Column Name found in Datamart and Curated Table :: ACTIVE
Column Name found in Datamart and Curated Table :: AGREEMENTLANGUAGE
Column Name found in Datamart and Curated Table :: ID
Column Name found in Datamart and Curated Table :: PAYMENTDATE
Column Name found in Datamart and Curated Table :: SETTLEMENTDATE
Column Name found in Datamart and Curated Table :: CREDITAVAILABLE
Column Name found in Datamart and Curated Table :: PAIDON
Column Name found in Datamart and Curated Table :: FINANCINGOPERATOR
Column Name found in Datamart and Curated Table :: AMOUNT
Column Name found in Datamart and Curated Table :: APPLIEDON
Column Name found in Datamart and Curated Table :: CHECKNUMBER
Column Name found in Datamart and Curated Table :: UNAPPLIEDAMOUNT
Column Name found in Datamart and Curated Table :: STOREDPAYMENT_ID
Column Name found in Datamart and Curated Table :: DEFERREDINTEREST
Column Name found in Datamart and Curated Table :: EXPORTID
Column Name found in Datamart and Curated Table :: EXTERNALID
Column Name found in Datamart and Curated Table :: SOURCE
Column Name found in Datamart and Curated Table :: REFUNDEDAMOUNT
Datamart tables contains additional column name like [ACTIVE_FLAG, RECORD_CREATE_DATE, RECORD_UPDATE_DATE, RECORD_UPDATE_DATE, MASTER_ID, TENANT_TYPE]
Curated tables contains additional column name like [RECORD_CREATE_DATE, RECORD_UPDATE_DATE, RECORD_UPDATED_BY, TENANT_TYPE]]]>
  </system-out>
  <testcase classname="testcases.RAW_DATAMART_CURATED.SnowFlake_ColumnValidation_BKPTables" name="validateColumnName_BKP" time="2.828">
    <failure message="The following asserts failed:
	null,
	null" type="java.lang.AssertionError">
      <![CDATA[java.lang.AssertionError: The following asserts failed:
null,
null
at org.testng.asserts.SoftAssert.assertAll(SoftAssert.java:47)
at org.testng.asserts.SoftAssert.assertAll(SoftAssert.java:31)
at testcases.RAW_DATAMART_CURATED.SnowFlake_ColumnValidation_BKPTables.validateColumnName_BKP(SnowFlake_ColumnValidation_BKPTables.java:120)
at jdk.internal.reflect.GeneratedMethodAccessor38.invoke(Unknown Source)
at java.base/jdk.internal.reflect.DelegatingMethodAccessorImpl.invoke(DelegatingMethodAccessorImpl.java:43)
at java.base/java.lang.reflect.Method.invoke(Method.java:568)
at org.testng.internal.MethodInvocationHelper.invokeMethod(MethodInvocationHelper.java:133)
at org.testng.internal.TestInvoker.invokeMethod(TestInvoker.java:598)
at org.testng.internal.TestInvoker.invokeTestMethod(TestInvoker.java:173)
at org.testng.internal.MethodRunner.runInSequence(MethodRunner.java:46)
at org.testng.internal.TestInvoker$MethodInvocationAgent.invoke(TestInvoker.java:824)
at org.testng.internal.TestInvoker.invokeTestMethods(TestInvoker.java:146)
at org.testng.internal.TestMethodWorker.invokeTestMethods(TestMethodWorker.java:146)
at org.testng.internal.TestMethodWorker.run(TestMethodWorker.java:128)
at java.base/java.util.ArrayList.forEach(ArrayList.java:1511)
at org.testng.TestRunner.privateRun(TestRunner.java:794)
at org.testng.TestRunner.run(TestRunner.java:596)
at org.testng.SuiteRunner.runTest(SuiteRunner.java:377)
at org.testng.SuiteRunner.runSequentially(SuiteRunner.java:371)
at org.testng.SuiteRunner.privateRun(SuiteRunner.java:332)
at org.testng.SuiteRunner.run(SuiteRunner.java:276)
at org.testng.SuiteRunnerWorker.runSuite(SuiteRunnerWorker.java:53)
at org.testng.SuiteRunnerWorker.run(SuiteRunnerWorker.java:96)
at org.testng.TestNG.runSuitesSequentially(TestNG.java:1212)
at org.testng.TestNG.runSuitesLocally(TestNG.java:1134)
at org.testng.TestNG.runSuites(TestNG.java:1063)
at org.testng.TestNG.run(TestNG.java:1031)
at org.testng.remote.AbstractRemoteTestNG.run(AbstractRemoteTestNG.java:115)
at org.testng.remote.RemoteTestNG.initAndRun(RemoteTestNG.java:251)
at org.testng.remote.RemoteTestNG.main(RemoteTestNG.java:77)
]]>
    </failure>
  </testcase> <!-- validateColumnName_BKP -->
  <system-out>
    <![CDATA[Executing Snowflake query :: SELECT COLUMN_NAME FROM DEV_ENT_RAW.INFORMATION_SCHEMA.COLUMNS WHERE TABLE_NAME='PROJECT'and TABLE_SCHEMA='ST_HARP_MATILLION'
Executing Snowflake query :: SELECT COLUMN_NAME FROM CURATED_DATAMART.INFORMATION_SCHEMA.COLUMNS WHERE TABLE_NAME='STR_PROJECT'and TABLE_SCHEMA='ST_BKP_HARP'
Executing Snowflake query :: SELECT COLUMN_NAME FROM DEV_ENT_CURATED.INFORMATION_SCHEMA.COLUMNS WHERE TABLE_NAME='DIM_PROJECT'and TABLE_SCHEMA='MASTER_DIMENSIONS'
Column names for RAW Table --> PROJECT :: [COMPLETEDON, COSTTOCOMPLETE, ID, STARTEDON, ACTIVE, ISRETAINAGEENABLED, LOCATION_ID, RETAINAGEPERCENT, AUTHORIZATIONSIGNATURE, CONTRACTFOR, CREATEDBY_ID, NAME, TECHNICIANSIGNATURE, CREATEDON, SUMMARY, COMPLETIONPERCENT, CUSTOMER_ID, REVENUERECOGNITIONMETHOD, COMPLETEDONACTUAL, AREITEMSREORDERED, CONTRACTSTARTDATE, ISPREVAILINGWAGE, NUMBER, IMPORTID, PROJECTSETTINGSTYPE, CONTRACTESTIMATE_ID, MODIFIEDON, PAYMENTTERM_ID, ACKNOWLEDGEMENTSIGNATURE]
Column names for DataMart Table --> STR_PROJECT :: [COMPLETEDONACTUAL, IMPORTID, CREATEDBY_ID, ISPREVAILINGWAGE, ACKNOWLEDGEMENTSIGNATURE, AREITEMSREORDERED, RECORD_UPDATE_DATE, TENANT_TYPE, NAME, ACTIVE, CREATEDON, MODIFIEDON, MASTER_ID, ACTIVE_FLAG, AUTHORIZATIONSIGNATURE, COMPLETEDON, LOCATION_ID, RECORD_CREATE_DATE, CONTRACTSTARTDATE, NUMBER, STARTEDON, PROJECTSETTINGSTYPE, RETAINAGEPERCENT, CONTRACTESTIMATE_ID, ISRETAINAGEENABLED, MD5_VALUE, TECHNICIANSIGNATURE, ID, COMPLETIONPERCENT, CONTRACTFOR, CUSTOMER_ID, PAYMENTTERM_ID, SUMMARY]
Column names for Curated Table --> DIM_PROJECT :: [RECORD_UPDATE_DATE, ACTIVE, AUTHORIZATIONSIGNATURE, COMPLETEDON, RETAINAGEPERCENT, IMPORTID, CONTRACTFOR, CONTRACTSTARTDATE, ID, ISRETAINAGEENABLED, RECORD_CREATE_DATE, RECORD_UPDATED_BY, TENANT_TYPE, PROJECTSETTINGSTYPE, TECHNICIANSIGNATURE, ISPREVAILINGWAGE, MD5_VALUE, NAME, PAYMENTTERM_ID, COMPLETEDONACTUAL, CUSTOMER_ID, NUMBER, AREITEMSREORDERED, CREATEDON, LOCATION_ID, MODIFIEDON, STARTEDON, ACKNOWLEDGEMENTSIGNATURE, COMPLETIONPERCENT, CONTRACTESTIMATE_ID, SUMMARY, CREATEDBY_ID]
Column Name found in Datamart and Curated Table :: COMPLETEDON
Column Name not found in Datamart and Curated Table :: COSTTOCOMPLETE
Column Name found in Datamart and Curated Table :: ID
Column Name found in Datamart and Curated Table :: STARTEDON
Column Name found in Datamart and Curated Table :: ACTIVE
Column Name found in Datamart and Curated Table :: ISRETAINAGEENABLED
Column Name found in Datamart and Curated Table :: LOCATION_ID
Column Name found in Datamart and Curated Table :: RETAINAGEPERCENT
Column Name found in Datamart and Curated Table :: AUTHORIZATIONSIGNATURE
Column Name found in Datamart and Curated Table :: CONTRACTFOR
Column Name found in Datamart and Curated Table :: CREATEDBY_ID
Column Name found in Datamart and Curated Table :: NAME
Column Name found in Datamart and Curated Table :: TECHNICIANSIGNATURE
Column Name found in Datamart and Curated Table :: CREATEDON
Column Name found in Datamart and Curated Table :: SUMMARY
Column Name found in Datamart and Curated Table :: COMPLETIONPERCENT
Column Name found in Datamart and Curated Table :: CUSTOMER_ID
Column Name not found in Datamart and Curated Table :: REVENUERECOGNITIONMETHOD
Column Name found in Datamart and Curated Table :: COMPLETEDONACTUAL
Column Name found in Datamart and Curated Table :: AREITEMSREORDERED
Column Name found in Datamart and Curated Table :: CONTRACTSTARTDATE
Column Name found in Datamart and Curated Table :: ISPREVAILINGWAGE
Column Name found in Datamart and Curated Table :: NUMBER
Column Name found in Datamart and Curated Table :: IMPORTID
Column Name found in Datamart and Curated Table :: PROJECTSETTINGSTYPE
Column Name found in Datamart and Curated Table :: CONTRACTESTIMATE_ID
Column Name found in Datamart and Curated Table :: MODIFIEDON
Column Name found in Datamart and Curated Table :: PAYMENTTERM_ID
Column Name found in Datamart and Curated Table :: ACKNOWLEDGEMENTSIGNATURE
Datamart tables contains additional column name like [ACTIVE_FLAG, RECORD_CREATE_DATE, RECORD_UPDATE_DATE, RECORD_UPDATE_DATE, MASTER_ID, TENANT_TYPE]
Curated tables contains additional column name like [RECORD_CREATE_DATE, RECORD_UPDATE_DATE, RECORD_UPDATED_BY, TENANT_TYPE]]]>
  </system-out>
  <testcase classname="testcases.RAW_DATAMART_CURATED.SnowFlake_ColumnValidation_BKPTables" name="validateColumnName_BKP" time="2.246"/>
  <system-out>
    <![CDATA[Executing Snowflake query :: SELECT COLUMN_NAME FROM DEV_ENT_RAW.INFORMATION_SCHEMA.COLUMNS WHERE TABLE_NAME='MATERIALVENDORSUBACCOUNT'and TABLE_SCHEMA='ST_SNELLHEATINGAIR_MATILLION'
Executing Snowflake query :: SELECT COLUMN_NAME FROM CURATED_DATAMART.INFORMATION_SCHEMA.COLUMNS WHERE TABLE_NAME='STR_MATERIALVENDORSUBACCOUNT'and TABLE_SCHEMA='ST_BKP_SNELLHEATINGAIR'
Executing Snowflake query :: SELECT COLUMN_NAME FROM DEV_ENT_CURATED.INFORMATION_SCHEMA.COLUMNS WHERE TABLE_NAME='DIM_MATERIALVENDORSUBACCOUNT'and TABLE_SCHEMA='MASTER_DIMENSIONS'
Column names for RAW Table --> MATERIALVENDORSUBACCOUNT :: [COST, MATERIALVENDOR_ID, ID, ACTIVE, CREATEDBY_ID, ACCOUNTNAME, CREATEDON, IMPORTID]
Column names for DataMart Table --> STR_MATERIALVENDORSUBACCOUNT :: [ACCOUNTNAME, ACTIVE, MATERIALVENDOR_ID, CREATEDBY_ID, MASTER_ID, ACTIVE_FLAG, COST, TENANT_TYPE, ID, RECORD_UPDATE_DATE, CREATEDON, IMPORTID, RECORD_CREATE_DATE]
Column names for Curated Table --> DIM_MATERIALVENDORSUBACCOUNT :: [RECORD_CREATE_DATE, IMPORTID, ACTIVE, CREATEDBY_ID, CREATEDON, ID, RECORD_UPDATE_DATE, TENANT_TYPE, RECORD_UPDATED_BY, ACCOUNTNAME, MATERIALVENDOR_ID, COST]
Column Name found in Datamart and Curated Table :: COST
Column Name found in Datamart and Curated Table :: MATERIALVENDOR_ID
Column Name found in Datamart and Curated Table :: ID
Column Name found in Datamart and Curated Table :: ACTIVE
Column Name found in Datamart and Curated Table :: CREATEDBY_ID
Column Name found in Datamart and Curated Table :: ACCOUNTNAME
Column Name found in Datamart and Curated Table :: CREATEDON
Column Name found in Datamart and Curated Table :: IMPORTID
Datamart tables contains additional column name like [ACTIVE_FLAG, RECORD_CREATE_DATE, RECORD_UPDATE_DATE, RECORD_UPDATE_DATE, MASTER_ID, TENANT_TYPE]
Curated tables contains additional column name like [RECORD_CREATE_DATE, RECORD_UPDATE_DATE, RECORD_UPDATED_BY, TENANT_TYPE]]]>
  </system-out>
  <testcase classname="testcases.RAW_DATAMART_CURATED.SnowFlake_ColumnValidation_BKPTables" name="validateColumnName_BKP" time="2.782"/>
  <system-out>
    <![CDATA[Executing Snowflake query :: SELECT COLUMN_NAME FROM DEV_ENT_RAW.INFORMATION_SCHEMA.COLUMNS WHERE TABLE_NAME='SKUASSET'and TABLE_SCHEMA='ST_GOLDMEDAL_MATILLION'
Executing Snowflake query :: SELECT COLUMN_NAME FROM CURATED_DATAMART.INFORMATION_SCHEMA.COLUMNS WHERE TABLE_NAME='STR_SKUASSET'and TABLE_SCHEMA='ST_BKP_GOLDMEDAL'
Executing Snowflake query :: SELECT COLUMN_NAME FROM DEV_ENT_CURATED.INFORMATION_SCHEMA.COLUMNS WHERE TABLE_NAME='DIM_SKUASSET'and TABLE_SCHEMA='MASTER_DIMENSIONS'
Column names for RAW Table --> SKUASSET :: [CREATEDON, ISEXTERNAL, ID, EXTERNALURL, METADATA, URL, CREATEDBY_ID, ALIAS, IMPORTID, ORIGINALNAME, OWNER_ID, ACTIVE, TYPE]
Column names for DataMart Table --> STR_SKUASSET :: [CREATEDBY_ID, ORIGINALNAME, RECORD_UPDATE_DATE, ACTIVE_FLAG, TENANT_TYPE, ACTIVE, ID, METADATA, TYPE, URL, IMPORTID, OWNER_ID, MASTER_ID, CREATEDON, ISEXTERNAL, ALIAS, EXTERNALURL, RECORD_CREATE_DATE]
Column names for Curated Table --> DIM_SKUASSET :: [EXTERNALURL, ORIGINALNAME, TENANT_TYPE, RECORD_UPDATE_DATE, ID, ISEXTERNAL, RECORD_CREATE_DATE, ALIAS, CREATEDON, RECORD_UPDATED_BY, TYPE, ACTIVE, CREATEDBY_ID, OWNER_ID, METADATA, URL, IMPORTID]
Column Name found in Datamart and Curated Table :: CREATEDON
Column Name found in Datamart and Curated Table :: ISEXTERNAL
Column Name found in Datamart and Curated Table :: ID
Column Name found in Datamart and Curated Table :: EXTERNALURL
Column Name found in Datamart and Curated Table :: METADATA
Column Name found in Datamart and Curated Table :: URL
Column Name found in Datamart and Curated Table :: CREATEDBY_ID
Column Name found in Datamart and Curated Table :: ALIAS
Column Name found in Datamart and Curated Table :: IMPORTID
Column Name found in Datamart and Curated Table :: ORIGINALNAME
Column Name found in Datamart and Curated Table :: OWNER_ID
Column Name found in Datamart and Curated Table :: ACTIVE
Column Name found in Datamart and Curated Table :: TYPE
Datamart tables contains additional column name like [ACTIVE_FLAG, RECORD_CREATE_DATE, RECORD_UPDATE_DATE, RECORD_UPDATE_DATE, MASTER_ID, TENANT_TYPE]
Curated tables contains additional column name like [RECORD_CREATE_DATE, RECORD_UPDATE_DATE, RECORD_UPDATED_BY, TENANT_TYPE]]]>
  </system-out>
  <testcase classname="testcases.RAW_DATAMART_CURATED.SnowFlake_ColumnValidation_BKPTables" name="validateColumnName_BKP" time="6.140"/>
  <system-out>
    <![CDATA[Executing Snowflake query :: SELECT COLUMN_NAME FROM DEV_ENT_RAW.INFORMATION_SCHEMA.COLUMNS WHERE TABLE_NAME='LOCATION'and TABLE_SCHEMA='ST_SNELLHEATINGAIR_MATILLION'
Executing Snowflake query :: SELECT COLUMN_NAME FROM CURATED_DATAMART.INFORMATION_SCHEMA.COLUMNS WHERE TABLE_NAME='STR_LOCATION'and TABLE_SCHEMA='ST_BKP_SNELLHEATINGAIR'
Executing Snowflake query :: SELECT COLUMN_NAME FROM DEV_ENT_CURATED.INFORMATION_SCHEMA.COLUMNS WHERE TABLE_NAME='DIM_LOCATION'and TABLE_SCHEMA='MASTER_DIMENSIONS'
Column names for RAW Table --> LOCATION :: [ACTIVE, ADDRESS_COUNTRY, DONOTSENDTECHNICIAN_ID, TAXABLE, ADDRESS_ISMANUALCOORDINATES, NAME, SUMMARY, TAXZONE_ID, ADDRESS_STATE, CREATEDBY_ID, CUSTOMER_ID, PREFERREDTECHNICIAN_ID, RECURRINGSERVICE_MEMO, ESTIMATEDTAX, RECURRINGSERVICE_TO, AUTOLONGITUDE, RECURRINGSERVICE_FROM, RECURRINGSERVICE_RECURRENCEINTERVAL, RECURRINGSERVICE_TYPE, ADDRESS_UNIT, AVALARAENTITYCODE, ISPREVAILINGWAGE, RECURRINGSERVICE_ACTIVATEDBY, RECURRINGSERVICE_CANCELLATIONDATE, ADDRESS_CITY, ADDRESS_LATITUDE, ADDRESS_STREET, MODIFIEDON, NOCHARGE, TAXEXEMPT, ADDRESS_ISMILITARY, ADDRESS_LONGITUDE, AUTOLATITUDE, ID, ZONE_ID, ADDRESS_ZIP, IMPORTID, RECURRINGSERVICE_ACTIVATEDFROM, CREATEDON]
Column names for DataMart Table --> STR_LOCATION :: [CUSTOMER_ID, RECURRINGSERVICE_CANCELLATIONDATE, TAXABLE, AUTOLATITUDE, ZONE_ID, AVALARAENTITYCODE, ID, MASTER_ID, TAXZONE_ID, RECURRINGSERVICE_TYPE, ACTIVE_FLAG, ADDRESS_LONGITUDE, ADDRESS_STATE, ADDRESS_ZIP, MODIFIEDON, RECORD_CREATE_DATE, RECURRINGSERVICE_ACTIVATEDBY, AUTOLONGITUDE, ADDRESS_ISMANUALCOORDINATES, PREFERREDTECHNICIAN_ID, RECURRINGSERVICE_FROM, RECURRINGSERVICE_ACTIVATEDFROM, ADDRESS_LATITUDE, ADDRESS_STREET, ADDRESS_UNIT, CREATEDBY_ID, RECURRINGSERVICE_MEMO, RECURRINGSERVICE_TO, RECORD_UPDATE_DATE, TAXEXEMPT, ADDRESS_ISMILITARY, NOCHARGE, RECURRINGSERVICE_RECURRENCEINTERVAL, ADDRESS_CITY, ESTIMATEDTAX, NAME, ISPREVAILINGWAGE, TENANT_TYPE, ACTIVE, ADDRESS_COUNTRY, CREATEDON, IMPORTID, SUMMARY, DONOTSENDTECHNICIAN_ID]
Column names for Curated Table --> DIM_LOCATION :: [ADDRESS_UNIT, AUTOLONGITUDE, RECURRINGSERVICE_ACTIVATEDFROM, RECURRINGSERVICE_TO, TAXABLE, ADDRESS_CITY, ADDRESS_LATITUDE, IMPORTID, NAME, RECURRINGSERVICE_MEMO, ADDRESS_LONGITUDE, ADDRESS_STATE, ADDRESS_STREET, DONOTSENDTECHNICIAN_ID, MODIFIEDON, TAXZONE_ID, ADDRESS_ISMANUALCOORDINATES, ESTIMATEDTAX, ISPREVAILINGWAGE, RECURRINGSERVICE_ACTIVATEDBY, AUTOLATITUDE, RECORD_UPDATED_BY, RECORD_UPDATE_DATE, SUMMARY, CUSTOMER_ID, ZONE_ID, TENANT_TYPE, ADDRESS_COUNTRY, ADDRESS_ZIP, NOCHARGE, RECURRINGSERVICE_FROM, RECURRINGSERVICE_RECURRENCEINTERVAL, CREATEDON, RECORD_CREATE_DATE, AVALARAENTITYCODE, RECURRINGSERVICE_CANCELLATIONDATE, RECURRINGSERVICE_TYPE, PREFERREDTECHNICIAN_ID, ACTIVE, ADDRESS_ISMILITARY, CREATEDBY_ID, ID, TAXEXEMPT]
Column Name found in Datamart and Curated Table :: ACTIVE
Column Name found in Datamart and Curated Table :: ADDRESS_COUNTRY
Column Name found in Datamart and Curated Table :: DONOTSENDTECHNICIAN_ID
Column Name found in Datamart and Curated Table :: TAXABLE
Column Name found in Datamart and Curated Table :: ADDRESS_ISMANUALCOORDINATES
Column Name found in Datamart and Curated Table :: NAME
Column Name found in Datamart and Curated Table :: SUMMARY
Column Name found in Datamart and Curated Table :: TAXZONE_ID
Column Name found in Datamart and Curated Table :: ADDRESS_STATE
Column Name found in Datamart and Curated Table :: CREATEDBY_ID
Column Name found in Datamart and Curated Table :: CUSTOMER_ID
Column Name found in Datamart and Curated Table :: PREFERREDTECHNICIAN_ID
Column Name found in Datamart and Curated Table :: RECURRINGSERVICE_MEMO
Column Name found in Datamart and Curated Table :: ESTIMATEDTAX
Column Name found in Datamart and Curated Table :: RECURRINGSERVICE_TO
Column Name found in Datamart and Curated Table :: AUTOLONGITUDE
Column Name found in Datamart and Curated Table :: RECURRINGSERVICE_FROM
Column Name found in Datamart and Curated Table :: RECURRINGSERVICE_RECURRENCEINTERVAL
Column Name found in Datamart and Curated Table :: RECURRINGSERVICE_TYPE
Column Name found in Datamart and Curated Table :: ADDRESS_UNIT
Column Name found in Datamart and Curated Table :: AVALARAENTITYCODE
Column Name found in Datamart and Curated Table :: ISPREVAILINGWAGE
Column Name found in Datamart and Curated Table :: RECURRINGSERVICE_ACTIVATEDBY
Column Name found in Datamart and Curated Table :: RECURRINGSERVICE_CANCELLATIONDATE
Column Name found in Datamart and Curated Table :: ADDRESS_CITY
Column Name found in Datamart and Curated Table :: ADDRESS_LATITUDE
Column Name found in Datamart and Curated Table :: ADDRESS_STREET
Column Name found in Datamart and Curated Table :: MODIFIEDON
Column Name found in Datamart and Curated Table :: NOCHARGE
Column Name found in Datamart and Curated Table :: TAXEXEMPT
Column Name found in Datamart and Curated Table :: ADDRESS_ISMILITARY
Column Name found in Datamart and Curated Table :: ADDRESS_LONGITUDE
Column Name found in Datamart and Curated Table :: AUTOLATITUDE
Column Name found in Datamart and Curated Table :: ID
Column Name found in Datamart and Curated Table :: ZONE_ID
Column Name found in Datamart and Curated Table :: ADDRESS_ZIP
Column Name found in Datamart and Curated Table :: IMPORTID
Column Name found in Datamart and Curated Table :: RECURRINGSERVICE_ACTIVATEDFROM
Column Name found in Datamart and Curated Table :: CREATEDON
Datamart tables contains additional column name like [ACTIVE_FLAG, RECORD_CREATE_DATE, RECORD_UPDATE_DATE, RECORD_UPDATE_DATE, MASTER_ID, TENANT_TYPE]
Curated tables contains additional column name like [RECORD_CREATE_DATE, RECORD_UPDATE_DATE, RECORD_UPDATED_BY, TENANT_TYPE]]]>
  </system-out>
  <testcase classname="testcases.RAW_DATAMART_CURATED.SnowFlake_ColumnValidation_BKPTables" name="validateColumnName_BKP" time="2.042"/>
  <system-out>
    <![CDATA[Executing Snowflake query :: SELECT COLUMN_NAME FROM DEV_ENT_RAW.INFORMATION_SCHEMA.COLUMNS WHERE TABLE_NAME='PAYMENTSPLIT'and TABLE_SCHEMA='ST_CASTEEL_MATILLION'
Executing Snowflake query :: SELECT COLUMN_NAME FROM CURATED_DATAMART.INFORMATION_SCHEMA.COLUMNS WHERE TABLE_NAME='STR_PAYMENTSPLIT'and TABLE_SCHEMA='ST_BKP_CASTEEL'
Executing Snowflake query :: SELECT COLUMN_NAME FROM DEV_ENT_CURATED.INFORMATION_SCHEMA.COLUMNS WHERE TABLE_NAME='DIM_PAYMENTSPLIT'and TABLE_SCHEMA='MASTER_DIMENSIONS'
Column names for RAW Table --> PAYMENTSPLIT :: [CREATEDBY_ID, AMOUNT, INVOICE_ID, PAYMENT_ID, CREATEDON, PAYSELLERCOMMISSION, ACTIVE, IMPORTID, MODIFIEDON, ID]
Column names for DataMart Table --> STR_PAYMENTSPLIT :: [ACTIVE_FLAG, MODIFIEDON, AMOUNT, MASTER_ID, PAYMENT_ID, ACTIVE, CREATEDBY_ID, IMPORTID, RECORD_CREATE_DATE, TENANT_TYPE, RECORD_UPDATE_DATE, ID, INVOICE_ID, CREATEDON, PAYSELLERCOMMISSION]
Column names for Curated Table --> DIM_PAYMENTSPLIT :: [IMPORTID, PAYSELLERCOMMISSION, CREATEDON, PAYMENT_ID, TENANT_TYPE, MODIFIEDON, AMOUNT, CREATEDBY_ID, INVOICE_ID, ID, RECORD_UPDATED_BY, RECORD_UPDATE_DATE, ACTIVE, RECORD_CREATE_DATE]
Column Name found in Datamart and Curated Table :: CREATEDBY_ID
Column Name found in Datamart and Curated Table :: AMOUNT
Column Name found in Datamart and Curated Table :: INVOICE_ID
Column Name found in Datamart and Curated Table :: PAYMENT_ID
Column Name found in Datamart and Curated Table :: CREATEDON
Column Name found in Datamart and Curated Table :: PAYSELLERCOMMISSION
Column Name found in Datamart and Curated Table :: ACTIVE
Column Name found in Datamart and Curated Table :: IMPORTID
Column Name found in Datamart and Curated Table :: MODIFIEDON
Column Name found in Datamart and Curated Table :: ID
Datamart tables contains additional column name like [ACTIVE_FLAG, RECORD_CREATE_DATE, RECORD_UPDATE_DATE, RECORD_UPDATE_DATE, MASTER_ID, TENANT_TYPE]
Curated tables contains additional column name like [RECORD_CREATE_DATE, RECORD_UPDATE_DATE, RECORD_UPDATED_BY, TENANT_TYPE]]]>
  </system-out>
  <testcase classname="testcases.RAW_DATAMART_CURATED.SnowFlake_ColumnValidation_BKPTables" name="validateColumnName_BKP" time="2.784"/>
  <system-out>
    <![CDATA[Executing Snowflake query :: SELECT COLUMN_NAME FROM DEV_ENT_RAW.INFORMATION_SCHEMA.COLUMNS WHERE TABLE_NAME='HOLDJOBREASON'and TABLE_SCHEMA='ST_CASTEEL_MATILLION'
Executing Snowflake query :: SELECT COLUMN_NAME FROM CURATED_DATAMART.INFORMATION_SCHEMA.COLUMNS WHERE TABLE_NAME='STR_HOLDJOBREASON'and TABLE_SCHEMA='ST_BKP_CASTEEL'
Executing Snowflake query :: SELECT COLUMN_NAME FROM DEV_ENT_CURATED.INFORMATION_SCHEMA.COLUMNS WHERE TABLE_NAME='DIM_HOLDJOBREASON'and TABLE_SCHEMA='MASTER_DIMENSIONS'
Column names for RAW Table --> HOLDJOBREASON :: [CREATEDON, IMPORTID, ACTIVE, MODIFIEDON, ID, NAME, CREATEDBY_ID]
Column names for DataMart Table --> STR_HOLDJOBREASON :: [CREATEDON, ID, MODIFIEDON, CREATEDBY_ID, NAME, IMPORTID, RECORD_UPDATE_DATE, ACTIVE, ACTIVE_FLAG, RECORD_CREATE_DATE, TENANT_TYPE, MASTER_ID]
Column names for Curated Table --> DIM_HOLDJOBREASON :: [ACTIVE, ID, NAME, RECORD_UPDATED_BY, CREATEDON, MODIFIEDON, RECORD_CREATE_DATE, RECORD_UPDATE_DATE, TENANT_TYPE, IMPORTID, CREATEDBY_ID]
Column Name found in Datamart and Curated Table :: CREATEDON
Column Name found in Datamart and Curated Table :: IMPORTID
Column Name found in Datamart and Curated Table :: ACTIVE
Column Name found in Datamart and Curated Table :: MODIFIEDON
Column Name found in Datamart and Curated Table :: ID
Column Name found in Datamart and Curated Table :: NAME
Column Name found in Datamart and Curated Table :: CREATEDBY_ID
Datamart tables contains additional column name like [ACTIVE_FLAG, RECORD_CREATE_DATE, RECORD_UPDATE_DATE, RECORD_UPDATE_DATE, MASTER_ID, TENANT_TYPE]
Curated tables contains additional column name like [RECORD_CREATE_DATE, RECORD_UPDATE_DATE, RECORD_UPDATED_BY, TENANT_TYPE]]]>
  </system-out>
  <testcase classname="testcases.RAW_DATAMART_CURATED.SnowFlake_ColumnValidation_BKPTables" name="validateColumnName_BKP" time="3.071"/>
  <system-out>
    <![CDATA[Executing Snowflake query :: SELECT COLUMN_NAME FROM DEV_ENT_RAW.INFORMATION_SCHEMA.COLUMNS WHERE TABLE_NAME='LOCATION'and TABLE_SCHEMA='ST_EANESHEATING_MATILLION'
Executing Snowflake query :: SELECT COLUMN_NAME FROM CURATED_DATAMART.INFORMATION_SCHEMA.COLUMNS WHERE TABLE_NAME='STR_LOCATION'and TABLE_SCHEMA='ST_BKP_EANESHEATING'
Executing Snowflake query :: SELECT COLUMN_NAME FROM DEV_ENT_CURATED.INFORMATION_SCHEMA.COLUMNS WHERE TABLE_NAME='DIM_LOCATION'and TABLE_SCHEMA='MASTER_DIMENSIONS'
Column names for RAW Table --> LOCATION :: [AUTOLATITUDE, PREFERREDTECHNICIAN_ID, TAXEXEMPT, RECURRINGSERVICE_FROM, ADDRESS_CITY, ADDRESS_UNIT, AUTOLONGITUDE, ISPREVAILINGWAGE, NAME, RECURRINGSERVICE_CANCELLATIONDATE, ZONE_ID, ADDRESS_COUNTRY, CUSTOMER_ID, TAXABLE, ADDRESS_ZIP, ID, RECURRINGSERVICE_ACTIVATEDBY, RECURRINGSERVICE_TO, ADDRESS_LONGITUDE, ADDRESS_STATE, ADDRESS_STREET, CREATEDBY_ID, DONOTSENDTECHNICIAN_ID, ACTIVE, ADDRESS_ISMANUALCOORDINATES, ADDRESS_LATITUDE, AVALARAENTITYCODE, RECURRINGSERVICE_TYPE, TAXZONE_ID, CREATEDON, MODIFIEDON, RECURRINGSERVICE_ACTIVATEDFROM, RECURRINGSERVICE_MEMO, RECURRINGSERVICE_RECURRENCEINTERVAL, ADDRESS_ISMILITARY, ESTIMATEDTAX, IMPORTID, NOCHARGE, SUMMARY]
Column names for DataMart Table --> STR_LOCATION :: [IMPORTID, MASTER_ID, RECURRINGSERVICE_ACTIVATEDBY, ADDRESS_STATE, RECURRINGSERVICE_TO, TAXEXEMPT, ADDRESS_UNIT, DONOTSENDTECHNICIAN_ID, RECURRINGSERVICE_ACTIVATEDFROM, TAXZONE_ID, RECURRINGSERVICE_CANCELLATIONDATE, TAXABLE, RECURRINGSERVICE_TYPE, ADDRESS_ISMILITARY, ADDRESS_LATITUDE, ADDRESS_ZIP, NAME, RECURRINGSERVICE_MEMO, ADDRESS_ISMANUALCOORDINATES, CREATEDBY_ID, ADDRESS_COUNTRY, CREATEDON, RECURRINGSERVICE_FROM, ZONE_ID, ACTIVE, AUTOLATITUDE, CUSTOMER_ID, ID, RECORD_CREATE_DATE, SUMMARY, ADDRESS_LONGITUDE, ADDRESS_STREET, ISPREVAILINGWAGE, RECORD_UPDATE_DATE, AUTOLONGITUDE, AVALARAENTITYCODE, MODIFIEDON, NOCHARGE, ESTIMATEDTAX, PREFERREDTECHNICIAN_ID, TENANT_TYPE, ACTIVE_FLAG, ADDRESS_CITY, RECURRINGSERVICE_RECURRENCEINTERVAL]
Column names for Curated Table --> DIM_LOCATION :: [ADDRESS_UNIT, AUTOLONGITUDE, RECURRINGSERVICE_ACTIVATEDFROM, RECURRINGSERVICE_TO, TAXABLE, ADDRESS_CITY, ADDRESS_LATITUDE, IMPORTID, NAME, RECURRINGSERVICE_MEMO, ADDRESS_LONGITUDE, ADDRESS_STATE, ADDRESS_STREET, DONOTSENDTECHNICIAN_ID, MODIFIEDON, TAXZONE_ID, ADDRESS_ISMANUALCOORDINATES, ESTIMATEDTAX, ISPREVAILINGWAGE, RECURRINGSERVICE_ACTIVATEDBY, AUTOLATITUDE, RECORD_UPDATED_BY, RECORD_UPDATE_DATE, SUMMARY, CUSTOMER_ID, ZONE_ID, TENANT_TYPE, ADDRESS_COUNTRY, ADDRESS_ZIP, NOCHARGE, RECURRINGSERVICE_FROM, RECURRINGSERVICE_RECURRENCEINTERVAL, CREATEDON, RECORD_CREATE_DATE, AVALARAENTITYCODE, RECURRINGSERVICE_CANCELLATIONDATE, RECURRINGSERVICE_TYPE, PREFERREDTECHNICIAN_ID, ACTIVE, ADDRESS_ISMILITARY, CREATEDBY_ID, ID, TAXEXEMPT]
Column Name found in Datamart and Curated Table :: AUTOLATITUDE
Column Name found in Datamart and Curated Table :: PREFERREDTECHNICIAN_ID
Column Name found in Datamart and Curated Table :: TAXEXEMPT
Column Name found in Datamart and Curated Table :: RECURRINGSERVICE_FROM
Column Name found in Datamart and Curated Table :: ADDRESS_CITY
Column Name found in Datamart and Curated Table :: ADDRESS_UNIT
Column Name found in Datamart and Curated Table :: AUTOLONGITUDE
Column Name found in Datamart and Curated Table :: ISPREVAILINGWAGE
Column Name found in Datamart and Curated Table :: NAME
Column Name found in Datamart and Curated Table :: RECURRINGSERVICE_CANCELLATIONDATE
Column Name found in Datamart and Curated Table :: ZONE_ID
Column Name found in Datamart and Curated Table :: ADDRESS_COUNTRY
Column Name found in Datamart and Curated Table :: CUSTOMER_ID
Column Name found in Datamart and Curated Table :: TAXABLE
Column Name found in Datamart and Curated Table :: ADDRESS_ZIP
Column Name found in Datamart and Curated Table :: ID
Column Name found in Datamart and Curated Table :: RECURRINGSERVICE_ACTIVATEDBY
Column Name found in Datamart and Curated Table :: RECURRINGSERVICE_TO
Column Name found in Datamart and Curated Table :: ADDRESS_LONGITUDE
Column Name found in Datamart and Curated Table :: ADDRESS_STATE
Column Name found in Datamart and Curated Table :: ADDRESS_STREET
Column Name found in Datamart and Curated Table :: CREATEDBY_ID
Column Name found in Datamart and Curated Table :: DONOTSENDTECHNICIAN_ID
Column Name found in Datamart and Curated Table :: ACTIVE
Column Name found in Datamart and Curated Table :: ADDRESS_ISMANUALCOORDINATES
Column Name found in Datamart and Curated Table :: ADDRESS_LATITUDE
Column Name found in Datamart and Curated Table :: AVALARAENTITYCODE
Column Name found in Datamart and Curated Table :: RECURRINGSERVICE_TYPE
Column Name found in Datamart and Curated Table :: TAXZONE_ID
Column Name found in Datamart and Curated Table :: CREATEDON
Column Name found in Datamart and Curated Table :: MODIFIEDON
Column Name found in Datamart and Curated Table :: RECURRINGSERVICE_ACTIVATEDFROM
Column Name found in Datamart and Curated Table :: RECURRINGSERVICE_MEMO
Column Name found in Datamart and Curated Table :: RECURRINGSERVICE_RECURRENCEINTERVAL
Column Name found in Datamart and Curated Table :: ADDRESS_ISMILITARY
Column Name found in Datamart and Curated Table :: ESTIMATEDTAX
Column Name found in Datamart and Curated Table :: IMPORTID
Column Name found in Datamart and Curated Table :: NOCHARGE
Column Name found in Datamart and Curated Table :: SUMMARY
Datamart tables contains additional column name like [ACTIVE_FLAG, RECORD_CREATE_DATE, RECORD_UPDATE_DATE, RECORD_UPDATE_DATE, MASTER_ID, TENANT_TYPE]
Curated tables contains additional column name like [RECORD_CREATE_DATE, RECORD_UPDATE_DATE, RECORD_UPDATED_BY, TENANT_TYPE]]]>
  </system-out>
  <testcase classname="testcases.RAW_DATAMART_CURATED.SnowFlake_ColumnValidation_BKPTables" name="validateColumnName_BKP" time="2.375"/>
  <system-out>
    <![CDATA[Executing Snowflake query :: SELECT COLUMN_NAME FROM DEV_ENT_RAW.INFORMATION_SCHEMA.COLUMNS WHERE TABLE_NAME='VENDOR'and TABLE_SCHEMA='ST_FOURPROS_MATILLION'
Executing Snowflake query :: SELECT COLUMN_NAME FROM CURATED_DATAMART.INFORMATION_SCHEMA.COLUMNS WHERE TABLE_NAME='STR_VENDOR'and TABLE_SCHEMA='ST_BKP_FOURPROS'
Executing Snowflake query :: SELECT COLUMN_NAME FROM DEV_ENT_CURATED.INFORMATION_SCHEMA.COLUMNS WHERE TABLE_NAME='DIM_VENDOR'and TABLE_SCHEMA='MASTER_DIMENSIONS'
Column names for RAW Table --> VENDOR :: [ADDRESS, VENDORADDRESS_LATITUDE, VENDORQUICKBOOKSITEM, FAX, ISTRUCKREPLENISHMENT, MEMO, RESTRICTEDMOBILECREATION, VENDORADDRESS_ISMANUALCOORDINATES, VENDORADDRESS_LONGITUDE, ACTIVE, DELIVERYOPTION, LASTNAME, PAYMENTTERM_ID, CREATEDBY_ID, FIRSTNAME, NAME, VENDORADDRESS_ISMILITARY, VENDORADDRESS_STREET, VENDORADDRESS_ZIP, ID, MODIFIEDON, EMAIL, IMPORTID, PHONE, EXTERNALID, REMITTANCEVENDOR_ID, VENDORADDRESS_COUNTRY, VENDORADDRESS_STATE, VENDORADDRESS_UNIT, TAXRATE, VENDORADDRESS_CITY, CREATEDON]
Column names for DataMart Table --> STR_VENDOR :: [ID, MODIFIEDON, RECORD_UPDATE_DATE, TAXRATE, ACTIVE, CREATEDON, DELIVERYOPTION, MASTER_ID, RECORD_CREATE_DATE, REMITTANCEVENDOR_ID, VENDORADDRESS_ISMANUALCOORDINATES, VENDORADDRESS_LATITUDE, FIRSTNAME, PAYMENTTERM_ID, VENDORADDRESS_COUNTRY, VENDORADDRESS_LONGITUDE, VENDORQUICKBOOKSITEM, FAX, RESTRICTEDMOBILECREATION, VENDORADDRESS_CITY, VENDORADDRESS_STATE, EMAIL, TENANT_TYPE, ACTIVE_FLAG, ADDRESS, ISTRUCKREPLENISHMENT, PHONE, VENDORADDRESS_STREET, CREATEDBY_ID, IMPORTID, NAME, VENDORADDRESS_ISMILITARY, VENDORADDRESS_ZIP, EXTERNALID, MEMO, LASTNAME, VENDORADDRESS_UNIT]
Column names for Curated Table --> DIM_VENDOR :: [DELIVERYOPTION, EXTERNALID, VENDORADDRESS_LATITUDE, VENDORADDRESS_ISMILITARY, VENDORADDRESS_STREET, EMAIL, ID, MEMO, PHONE, TAXRATE, VENDORADDRESS_ZIP, VENDORADDRESS_CITY, ACTIVE, ADDRESS, FAX, ISTRUCKREPLENISHMENT, VENDORADDRESS_STATE, REMITTANCEVENDOR_ID, FIRSTNAME, NAME, VENDORADDRESS_COUNTRY, LASTNAME, RECORD_UPDATE_DATE, VENDORADDRESS_UNIT, MODIFIEDON, CREATEDBY_ID, RECORD_CREATE_DATE, TENANT_TYPE, VENDORADDRESS_LONGITUDE, CREATEDON, IMPORTID, VENDORADDRESS_ISMANUALCOORDINATES, RESTRICTEDMOBILECREATION, PAYMENTTERM_ID, RECORD_UPDATED_BY, VENDORQUICKBOOKSITEM]
Column Name found in Datamart and Curated Table :: ADDRESS
Column Name found in Datamart and Curated Table :: VENDORADDRESS_LATITUDE
Column Name found in Datamart and Curated Table :: VENDORQUICKBOOKSITEM
Column Name found in Datamart and Curated Table :: FAX
Column Name found in Datamart and Curated Table :: ISTRUCKREPLENISHMENT
Column Name found in Datamart and Curated Table :: MEMO
Column Name found in Datamart and Curated Table :: RESTRICTEDMOBILECREATION
Column Name found in Datamart and Curated Table :: VENDORADDRESS_ISMANUALCOORDINATES
Column Name found in Datamart and Curated Table :: VENDORADDRESS_LONGITUDE
Column Name found in Datamart and Curated Table :: ACTIVE
Column Name found in Datamart and Curated Table :: DELIVERYOPTION
Column Name found in Datamart and Curated Table :: LASTNAME
Column Name found in Datamart and Curated Table :: PAYMENTTERM_ID
Column Name found in Datamart and Curated Table :: CREATEDBY_ID
Column Name found in Datamart and Curated Table :: FIRSTNAME
Column Name found in Datamart and Curated Table :: NAME
Column Name found in Datamart and Curated Table :: VENDORADDRESS_ISMILITARY
Column Name found in Datamart and Curated Table :: VENDORADDRESS_STREET
Column Name found in Datamart and Curated Table :: VENDORADDRESS_ZIP
Column Name found in Datamart and Curated Table :: ID
Column Name found in Datamart and Curated Table :: MODIFIEDON
Column Name found in Datamart and Curated Table :: EMAIL
Column Name found in Datamart and Curated Table :: IMPORTID
Column Name found in Datamart and Curated Table :: PHONE
Column Name found in Datamart and Curated Table :: EXTERNALID
Column Name found in Datamart and Curated Table :: REMITTANCEVENDOR_ID
Column Name found in Datamart and Curated Table :: VENDORADDRESS_COUNTRY
Column Name found in Datamart and Curated Table :: VENDORADDRESS_STATE
Column Name found in Datamart and Curated Table :: VENDORADDRESS_UNIT
Column Name found in Datamart and Curated Table :: TAXRATE
Column Name found in Datamart and Curated Table :: VENDORADDRESS_CITY
Column Name found in Datamart and Curated Table :: CREATEDON
Datamart tables contains additional column name like [ACTIVE_FLAG, RECORD_CREATE_DATE, RECORD_UPDATE_DATE, RECORD_UPDATE_DATE, MASTER_ID, TENANT_TYPE]
Curated tables contains additional column name like [RECORD_CREATE_DATE, RECORD_UPDATE_DATE, RECORD_UPDATED_BY, TENANT_TYPE]]]>
  </system-out>
  <testcase classname="testcases.RAW_DATAMART_CURATED.SnowFlake_ColumnValidation_BKPTables" name="validateColumnName_BKP" time="2.515"/>
  <system-out>
    <![CDATA[Executing Snowflake query :: SELECT COLUMN_NAME FROM DEV_ENT_RAW.INFORMATION_SCHEMA.COLUMNS WHERE TABLE_NAME='CALL'and TABLE_SCHEMA='ST_FOURPROS_MATILLION'
Executing Snowflake query :: SELECT COLUMN_NAME FROM CURATED_DATAMART.INFORMATION_SCHEMA.COLUMNS WHERE TABLE_NAME='STR_CALL'and TABLE_SCHEMA='ST_BKP_FOURPROS'
Executing Snowflake query :: SELECT COLUMN_NAME FROM DEV_ENT_CURATED.INFORMATION_SCHEMA.COLUMNS WHERE TABLE_NAME='DIM_CALL'and TABLE_SCHEMA='MASTER_DIMENSIONS'
Column names for RAW Table --> CALL :: [CREATEDBY_ID, DURATION, ESTIMATE_ID, VOICEMAILPATH, FROM, REASON_ID, RECORDINGPATH, TAG, REVIEWINGBY_ID, STATUS, ACTIVE, CUSTOMER_ID, IMPORTID, CONVERSIONSCORE, AGENT_ID, CREATEDON, EXCUSEMEMO, RECORDINGURL, TYPE, FOLLOWUP_ID, MODIFIEDON, CAMPAIGN_ID, DIRECTION, TO, WONTREVIEW, CALLSERVICE, ID, JOB_ID, RECORDINGID, LEAD_ID, LOCATION_ID, SID, REVIEWEDBY_ID]
Column names for DataMart Table --> STR_CALL :: [CAMPAIGN_ID, DURATION, IMPORTID, MASTER_ID, RECORD_UPDATE_DATE, REVIEWINGBY_ID, ESTIMATE_ID, ID, RECORDINGID, VOICEMAILPATH, ACTIVE_FLAG, CREATEDON, EXCUSEMEMO, TYPE, CUSTOMER_ID, MODIFIEDON, TO, FOLLOWUP_ID, RECORDINGURL, TENANT_TYPE, SID, AGENT_ID, CREATEDBY_ID, TAG, CONVERSIONSCORE, REASON_ID, ACTIVE, FROM, JOB_ID, RECORD_CREATE_DATE, CALLSERVICE, LEAD_ID, REVIEWEDBY_ID, DIRECTION, LOCATION_ID, RECORDINGPATH, WONTREVIEW, STATUS]
Column names for Curated Table --> DIM_CALL :: [ESTIMATE_ID, REASON_ID, WONTREVIEW, AGENT_ID, DIRECTION, FOLLOWUP_ID, LOCATION_ID, RECORDINGID, TAG, TYPE, CUSTOMER_ID, LEAD_ID, RECORDINGPATH, VOICEMAILPATH, STATUS, CONVERSIONSCORE, FROM, CREATEDBY_ID, DURATION, TENANT_TYPE, ACTIVE, CALLSERVICE, CAMPAIGN_ID, ID, RECORDINGURL, RECORD_UPDATE_DATE, RECORD_CREATE_DATE, JOB_ID, REVIEWEDBY_ID, TO, RECORD_UPDATED_BY, REVIEWINGBY_ID, SID, CREATEDON, EXCUSEMEMO, IMPORTID, MODIFIEDON]
Column Name found in Datamart and Curated Table :: CREATEDBY_ID
Column Name found in Datamart and Curated Table :: DURATION
Column Name found in Datamart and Curated Table :: ESTIMATE_ID
Column Name found in Datamart and Curated Table :: VOICEMAILPATH
Column Name found in Datamart and Curated Table :: FROM
Column Name found in Datamart and Curated Table :: REASON_ID
Column Name found in Datamart and Curated Table :: RECORDINGPATH
Column Name found in Datamart and Curated Table :: TAG
Column Name found in Datamart and Curated Table :: REVIEWINGBY_ID
Column Name found in Datamart and Curated Table :: STATUS
Column Name found in Datamart and Curated Table :: ACTIVE
Column Name found in Datamart and Curated Table :: CUSTOMER_ID
Column Name found in Datamart and Curated Table :: IMPORTID
Column Name found in Datamart and Curated Table :: CONVERSIONSCORE
Column Name found in Datamart and Curated Table :: AGENT_ID
Column Name found in Datamart and Curated Table :: CREATEDON
Column Name found in Datamart and Curated Table :: EXCUSEMEMO
Column Name found in Datamart and Curated Table :: RECORDINGURL
Column Name found in Datamart and Curated Table :: TYPE
Column Name found in Datamart and Curated Table :: FOLLOWUP_ID
Column Name found in Datamart and Curated Table :: MODIFIEDON
Column Name found in Datamart and Curated Table :: CAMPAIGN_ID
Column Name found in Datamart and Curated Table :: DIRECTION
Column Name found in Datamart and Curated Table :: TO
Column Name found in Datamart and Curated Table :: WONTREVIEW
Column Name found in Datamart and Curated Table :: CALLSERVICE
Column Name found in Datamart and Curated Table :: ID
Column Name found in Datamart and Curated Table :: JOB_ID
Column Name found in Datamart and Curated Table :: RECORDINGID
Column Name found in Datamart and Curated Table :: LEAD_ID
Column Name found in Datamart and Curated Table :: LOCATION_ID
Column Name found in Datamart and Curated Table :: SID
Column Name found in Datamart and Curated Table :: REVIEWEDBY_ID
Datamart tables contains additional column name like [ACTIVE_FLAG, RECORD_CREATE_DATE, RECORD_UPDATE_DATE, RECORD_UPDATE_DATE, MASTER_ID, TENANT_TYPE]
Curated tables contains additional column name like [RECORD_CREATE_DATE, RECORD_UPDATE_DATE, RECORD_UPDATED_BY, TENANT_TYPE]]]>
  </system-out>
  <testcase classname="testcases.RAW_DATAMART_CURATED.SnowFlake_ColumnValidation_BKPTables" name="validateColumnName_BKP" time="3.158"/>
  <system-out>
    <![CDATA[Executing Snowflake query :: SELECT COLUMN_NAME FROM DEV_ENT_RAW.INFORMATION_SCHEMA.COLUMNS WHERE TABLE_NAME='NONJOBAPPOINTMENT'and TABLE_SCHEMA='ST_HUTCHINSON_MATILLION'
Executing Snowflake query :: SELECT COLUMN_NAME FROM CURATED_DATAMART.INFORMATION_SCHEMA.COLUMNS WHERE TABLE_NAME='STR_NONJOBAPPOINTMENT'and TABLE_SCHEMA='ST_BKP_HUTCHINSON'
Executing Snowflake query :: SELECT COLUMN_NAME FROM DEV_ENT_CURATED.INFORMATION_SCHEMA.COLUMNS WHERE TABLE_NAME='DIM_NONJOBAPPOINTMENT'and TABLE_SCHEMA='MASTER_DIMENSIONS'
Column names for RAW Table --> NONJOBAPPOINTMENT :: []
Column names for DataMart Table --> STR_NONJOBAPPOINTMENT :: [REMOVETECHNICIANFROMCAPACITYPLANNING, SUMMARY, TECHNICIAN_ID, DURATION, RECORD_CREATE_DATE, TENANT_TYPE, ACTIVE_FLAG, CLEARDISPATCHBOARD, CREATEDBY_ID, TIMESHEET_ID, NAME, DEFINITION_ID, ACTIVE, ALLDAY, CLEARTECHNICIANVIEW, ID, ISCOMPLETED, MASTER_ID, RECORD_UPDATE_DATE, CREATEDON, IMPORTID, START, TIMESHEETCODE_ID, EXPECTEDDURATION]
Column names for Curated Table --> DIM_NONJOBAPPOINTMENT :: [IMPORTID, RECORD_UPDATE_DATE, TIMESHEET_ID, ID, ISCOMPLETED, CREATEDON, RECORD_UPDATED_BY, START, CLEARTECHNICIANVIEW, DURATION, EXPECTEDDURATION, ALLDAY, CLEARDISPATCHBOARD, RECORD_CREATE_DATE, TENANT_TYPE, TIMESHEETCODE_ID, NAME, DEFINITION_ID, SUMMARY, ACTIVE, CREATEDBY_ID, REMOVETECHNICIANFROMCAPACITYPLANNING, TECHNICIAN_ID]
Datamart tables contains additional column name like [ACTIVE_FLAG, RECORD_CREATE_DATE, RECORD_UPDATE_DATE, RECORD_UPDATE_DATE, MASTER_ID, TENANT_TYPE]
Curated tables contains additional column name like [RECORD_CREATE_DATE, RECORD_UPDATE_DATE, RECORD_UPDATED_BY, TENANT_TYPE]]]>
  </system-out>
  <testcase classname="testcases.RAW_DATAMART_CURATED.SnowFlake_ColumnValidation_BKPTables" name="validateColumnName_BKP" time="2.252"/>
  <system-out>
    <![CDATA[Executing Snowflake query :: SELECT COLUMN_NAME FROM DEV_ENT_RAW.INFORMATION_SCHEMA.COLUMNS WHERE TABLE_NAME='MATERIALVENDOR'and TABLE_SCHEMA='ST_FOURPROS_MATILLION'
Executing Snowflake query :: SELECT COLUMN_NAME FROM CURATED_DATAMART.INFORMATION_SCHEMA.COLUMNS WHERE TABLE_NAME='STR_MATERIALVENDOR'and TABLE_SCHEMA='ST_BKP_FOURPROS'
Executing Snowflake query :: SELECT COLUMN_NAME FROM DEV_ENT_CURATED.INFORMATION_SCHEMA.COLUMNS WHERE TABLE_NAME='DIM_MATERIALVENDOR'and TABLE_SCHEMA='MASTER_DIMENSIONS'
Column names for RAW Table --> MATERIALVENDOR :: [MATERIAL_ID, MEMO, COST, PRIMARYSUBACCOUNT_ID, VENDOR_ID, CREATEDON, ACTIVE, CREATEDBY_ID, ID, IMPORTID, ISPRIMARY, PARTNUMBER]
Column names for DataMart Table --> STR_MATERIALVENDOR :: [COST, CREATEDBY_ID, IMPORTID, MEMO, PARTNUMBER, TENANT_TYPE, ISPRIMARY, VENDOR_ID, MATERIAL_ID, ACTIVE, RECORD_CREATE_DATE, ID, CREATEDON, ACTIVE_FLAG, MASTER_ID, PRIMARYSUBACCOUNT_ID, RECORD_UPDATE_DATE]
Column names for Curated Table --> DIM_MATERIALVENDOR :: [ID, MATERIAL_ID, ACTIVE, COST, CREATEDBY_ID, IMPORTID, ISPRIMARY, PRIMARYSUBACCOUNT_ID, RECORD_UPDATE_DATE, TENANT_TYPE, MEMO, RECORD_UPDATED_BY, VENDOR_ID, CREATEDON, PARTNUMBER, RECORD_CREATE_DATE]
Column Name found in Datamart and Curated Table :: MATERIAL_ID
Column Name found in Datamart and Curated Table :: MEMO
Column Name found in Datamart and Curated Table :: COST
Column Name found in Datamart and Curated Table :: PRIMARYSUBACCOUNT_ID
Column Name found in Datamart and Curated Table :: VENDOR_ID
Column Name found in Datamart and Curated Table :: CREATEDON
Column Name found in Datamart and Curated Table :: ACTIVE
Column Name found in Datamart and Curated Table :: CREATEDBY_ID
Column Name found in Datamart and Curated Table :: ID
Column Name found in Datamart and Curated Table :: IMPORTID
Column Name found in Datamart and Curated Table :: ISPRIMARY
Column Name found in Datamart and Curated Table :: PARTNUMBER
Datamart tables contains additional column name like [ACTIVE_FLAG, RECORD_CREATE_DATE, RECORD_UPDATE_DATE, RECORD_UPDATE_DATE, MASTER_ID, TENANT_TYPE]
Curated tables contains additional column name like [RECORD_CREATE_DATE, RECORD_UPDATE_DATE, RECORD_UPDATED_BY, TENANT_TYPE]]]>
  </system-out>
  <testcase classname="testcases.RAW_DATAMART_CURATED.SnowFlake_ColumnValidation_BKPTables" name="validateColumnName_BKP" time="2.236"/>
  <system-out>
    <![CDATA[Executing Snowflake query :: SELECT COLUMN_NAME FROM DEV_ENT_RAW.INFORMATION_SCHEMA.COLUMNS WHERE TABLE_NAME='TECHNICIANSHIFT'and TABLE_SCHEMA='ST_MAITZ_MATILLION'
Executing Snowflake query :: SELECT COLUMN_NAME FROM CURATED_DATAMART.INFORMATION_SCHEMA.COLUMNS WHERE TABLE_NAME='STR_TECHNICIANSHIFT'and TABLE_SCHEMA='ST_BKP_MAITZ'
Executing Snowflake query :: SELECT COLUMN_NAME FROM DEV_ENT_CURATED.INFORMATION_SCHEMA.COLUMNS WHERE TABLE_NAME='DIM_TECHNICIANSHIFT'and TABLE_SCHEMA='MASTER_DIMENSIONS'
Column names for RAW Table --> TECHNICIANSHIFT :: []
Column names for DataMart Table --> STR_TECHNICIANSHIFT :: [RECORD_CREATE_DATE, TECHNICIAN_ID, TENANT_TYPE, CREATEDBY_ID, IMPORTID, NOTE, TIMESHEETCODE_ID, RECORD_UPDATE_DATE, BATCH, TIMESHEET_ID, ENDDATE, ENDTIME, ID, ACTIVE, END, MASTER_ID, TITLE, SHIFTTYPE, STARTDATE, ACTIVE_FLAG, START, STARTTIME, CREATEDON]
Column names for Curated Table --> DIM_TECHNICIANSHIFT :: [CREATEDON, TENANT_TYPE, TITLE, ACTIVE, NOTE, RECORD_CREATE_DATE, END, ID, RECORD_UPDATED_BY, TIMESHEETCODE_ID, IMPORTID, RECORD_UPDATE_DATE, STARTTIME, TECHNICIAN_ID, TIMESHEET_ID, CREATEDBY_ID, ENDDATE, START, SHIFTTYPE, BATCH, ENDTIME, STARTDATE]
Datamart tables contains additional column name like [ACTIVE_FLAG, RECORD_CREATE_DATE, RECORD_UPDATE_DATE, RECORD_UPDATE_DATE, MASTER_ID, TENANT_TYPE]
Curated tables contains additional column name like [RECORD_CREATE_DATE, RECORD_UPDATE_DATE, RECORD_UPDATED_BY, TENANT_TYPE]]]>
  </system-out>
  <testcase classname="testcases.RAW_DATAMART_CURATED.SnowFlake_ColumnValidation_BKPTables" name="validateColumnName_BKP" time="2.867"/>
  <system-out>
    <![CDATA[Executing Snowflake query :: SELECT COLUMN_NAME FROM DEV_ENT_RAW.INFORMATION_SCHEMA.COLUMNS WHERE TABLE_NAME='SERVICE'and TABLE_SCHEMA='ST_HENDERSON_MATILLION'
Executing Snowflake query :: SELECT COLUMN_NAME FROM CURATED_DATAMART.INFORMATION_SCHEMA.COLUMNS WHERE TABLE_NAME='STR_SERVICE'and TABLE_SCHEMA='ST_BKP_HENDERSON'
Executing Snowflake query :: SELECT COLUMN_NAME FROM DEV_ENT_CURATED.INFORMATION_SCHEMA.COLUMNS WHERE TABLE_NAME='DIM_SERVICE'and TABLE_SCHEMA='MASTER_DIMENSIONS'
Column names for RAW Table --> SERVICE :: [EXTERNALID, SOURCEVERSION, CREATEDON, DISPLAYNAME, ISDEFERREDREVENUE, QBITEMNAME, SOURCE, WARRANTY_DESCRIPTION, PAYSSOLDBYRATE, SYNCDATE, ACTIVE, ADDONMEMBERPRICE, ALLOWAPPLYTAGSTOENTITIES, DISPLAYINAMOUNT, HOURS, ISOTTASK, SUPPLIERIMAGES, PAYSFLATAMOUNT, PAYTECHSPECIFICBONUS, GENERALLEDGERACCOUNT_ID, TAXABLE, ADDONFLATAMOUNT, BASERATE2, COPIEDFROM_ID, ISLABOR, MEMBERPRICE, SOLDBYCOMMISSION, COST, GENERATEDTAGTARGETS, ID, ACCOUNT, BASERATE1, BUSINESSUNIT_ID, CREATEDBY_ID, DESCRIPTION, PURCHASEORDERLIMITS_FLATAMOUNT, IMPORTID, LOYALTYPROGRAMELIGIBLE, MINIMUMLABORHOURS, PRICE, AUTOGLASSTYPE, MEMBERSHIP, PROVIDER_ID, WARRANTY_DURATION, MODIFIEDON, PURCHASEORDERLIMITS_REVENUEPERCENT, ALLOWDISCOUNTS, ARCHIVED, EXCLUDEFROMPRICEBOOKWIZARD, IMAGES, ORIGINAL_ID, CROSSSALEGROUP, MEMBERSHIPACTION, MEMBERSHIPYEARS, WORKFLOWACTION_ID, ADDONPRICE, AVALARACOMMERCIALTAXCODE, MEMBERSHIPMONTHS, NAME, NOTAX, MEMBERSHIPTYPE_ID, SCHEDULEDFLATAMOUNT, CATEGORY_ID, AVALARARESIDENTIALTAXCODE, BONUS, COMMISSIONBONUS, PAYSCOMMISSION, RECURRINGSERVICETYPE_ID, BASERATE3, DISPATCHFEE, ISTIMEANDMATERIAL]
Column names for DataMart Table --> STR_SERVICE :: [BASERATE3, COMMISSIONBONUS, CROSSSALEGROUP, ISOTTASK, LOYALTYPROGRAMELIGIBLE, MEMBERSHIPTYPE_ID, PRICE, SOURCEVERSION, IMPORTID, WARRANTY_DESCRIPTION, ADDONPRICE, GENERATEDTAGTARGETS, MEMBERPRICE, MINIMUMLABORHOURS, PAYSSOLDBYRATE, PURCHASEORDERLIMITS_REVENUEPERCENT, RECORD_UPDATE_DATE, SYNCDATE, CATEGORY_ID, IMAGES, PROVIDER_ID, MODIFIEDON, PAYSCOMMISSION, ADDONMEMBERPRICE, ALLOWAPPLYTAGSTOENTITIES, ALLOWDISCOUNTS, ARCHIVED, AUTOGLASSTYPE, AVALARARESIDENTIALTAXCODE, DESCRIPTION, DISPATCHFEE, ORIGINAL_ID, SOLDBYCOMMISSION, BUSINESSUNIT_ID, TAXABLE, DISPLAYINAMOUNT, ISDEFERREDREVENUE, ACCOUNT, COST, MASTER_ID, MEMBERSHIPACTION, MEMBERSHIPYEARS, COPIEDFROM_ID, ACTIVE, BASERATE2, ISLABOR, MEMBERSHIP, PURCHASEORDERLIMITS_FLATAMOUNT, CREATEDBY_ID, GENERALLEDGERACCOUNT_ID, RECORD_CREATE_DATE, WARRANTY_DURATION, PAYSFLATAMOUNT, ADDONFLATAMOUNT, DISPLAYNAME, ID, BASERATE1, CREATEDON, EXCLUDEFROMPRICEBOOKWIZARD, PAYTECHSPECIFICBONUS, TENANT_TYPE, NAME, NOTAX, SUPPLIERIMAGES, ACTIVE_FLAG, AVALARACOMMERCIALTAXCODE, BONUS, ISTIMEANDMATERIAL, MEMBERSHIPMONTHS, QBITEMNAME, SCHEDULEDFLATAMOUNT, SOURCE, WORKFLOWACTION_ID, EXTERNALID, RECURRINGSERVICETYPE_ID, HOURS]
Column names for Curated Table --> DIM_SERVICE :: [ACCOUNT, ALLOWDISCOUNTS, BASERATE3, DESCRIPTION, DISPATCHFEE, ISOTTASK, MEMBERSHIP, SOLDBYCOMMISSION, DISPLAYNAME, AUTOGLASSTYPE, AVALARACOMMERCIALTAXCODE, BUSINESSUNIT_ID, COMMISSIONBONUS, NOTAX, EXTERNALID, PRICE, CATEGORY_ID, CREATEDON, CROSSSALEGROUP, MEMBERSHIPYEARS, PAYSFLATAMOUNT, PAYSSOLDBYRATE, WARRANTY_DURATION, MODIFIEDON, RECORD_CREATE_DATE, TAXABLE, MEMBERSHIPACTION, ADDONMEMBERPRICE, BONUS, COPIEDFROM_ID, ISDEFERREDREVENUE, SOURCE, ARCHIVED, BASERATE1, PURCHASEORDERLIMITS_REVENUEPERCENT, RECURRINGSERVICETYPE_ID, SOURCEVERSION, ALLOWAPPLYTAGSTOENTITIES, AVALARARESIDENTIALTAXCODE, DISPLAYINAMOUNT, GENERATEDTAGTARGETS, ISTIMEANDMATERIAL, PROVIDER_ID, ADDONFLATAMOUNT, COST, GENERALLEDGERACCOUNT_ID, MEMBERSHIPTYPE_ID, QBITEMNAME, WARRANTY_DESCRIPTION, EXCLUDEFROMPRICEBOOKWIZARD, ID, IMAGES, RECORD_UPDATED_BY, RECORD_UPDATE_DATE, NAME, ACTIVE, ADDONPRICE, LOYALTYPROGRAMELIGIBLE, PAYTECHSPECIFICBONUS, SUPPLIERIMAGES, HOURS, IMPORTID, MINIMUMLABORHOURS, PAYSCOMMISSION, WORKFLOWACTION_ID, MEMBERPRICE, BASERATE2, CREATEDBY_ID, MEMBERSHIPMONTHS, ORIGINAL_ID, SYNCDATE, ISLABOR, PURCHASEORDERLIMITS_FLATAMOUNT, TENANT_TYPE, SCHEDULEDFLATAMOUNT]
Column Name found in Datamart and Curated Table :: EXTERNALID
Column Name found in Datamart and Curated Table :: SOURCEVERSION
Column Name found in Datamart and Curated Table :: CREATEDON
Column Name found in Datamart and Curated Table :: DISPLAYNAME
Column Name found in Datamart and Curated Table :: ISDEFERREDREVENUE
Column Name found in Datamart and Curated Table :: QBITEMNAME
Column Name found in Datamart and Curated Table :: SOURCE
Column Name found in Datamart and Curated Table :: WARRANTY_DESCRIPTION
Column Name found in Datamart and Curated Table :: PAYSSOLDBYRATE
Column Name found in Datamart and Curated Table :: SYNCDATE
Column Name found in Datamart and Curated Table :: ACTIVE
Column Name found in Datamart and Curated Table :: ADDONMEMBERPRICE
Column Name found in Datamart and Curated Table :: ALLOWAPPLYTAGSTOENTITIES
Column Name found in Datamart and Curated Table :: DISPLAYINAMOUNT
Column Name found in Datamart and Curated Table :: HOURS
Column Name found in Datamart and Curated Table :: ISOTTASK
Column Name found in Datamart and Curated Table :: SUPPLIERIMAGES
Column Name found in Datamart and Curated Table :: PAYSFLATAMOUNT
Column Name found in Datamart and Curated Table :: PAYTECHSPECIFICBONUS
Column Name found in Datamart and Curated Table :: GENERALLEDGERACCOUNT_ID
Column Name found in Datamart and Curated Table :: TAXABLE
Column Name found in Datamart and Curated Table :: ADDONFLATAMOUNT
Column Name found in Datamart and Curated Table :: BASERATE2
Column Name found in Datamart and Curated Table :: COPIEDFROM_ID
Column Name found in Datamart and Curated Table :: ISLABOR
Column Name found in Datamart and Curated Table :: MEMBERPRICE
Column Name found in Datamart and Curated Table :: SOLDBYCOMMISSION
Column Name found in Datamart and Curated Table :: COST
Column Name found in Datamart and Curated Table :: GENERATEDTAGTARGETS
Column Name found in Datamart and Curated Table :: ID
Column Name found in Datamart and Curated Table :: ACCOUNT
Column Name found in Datamart and Curated Table :: BASERATE1
Column Name found in Datamart and Curated Table :: BUSINESSUNIT_ID
Column Name found in Datamart and Curated Table :: CREATEDBY_ID
Column Name found in Datamart and Curated Table :: DESCRIPTION
Column Name found in Datamart and Curated Table :: PURCHASEORDERLIMITS_FLATAMOUNT
Column Name found in Datamart and Curated Table :: IMPORTID
Column Name found in Datamart and Curated Table :: LOYALTYPROGRAMELIGIBLE
Column Name found in Datamart and Curated Table :: MINIMUMLABORHOURS
Column Name found in Datamart and Curated Table :: PRICE
Column Name found in Datamart and Curated Table :: AUTOGLASSTYPE
Column Name found in Datamart and Curated Table :: MEMBERSHIP
Column Name found in Datamart and Curated Table :: PROVIDER_ID
Column Name found in Datamart and Curated Table :: WARRANTY_DURATION
Column Name found in Datamart and Curated Table :: MODIFIEDON
Column Name found in Datamart and Curated Table :: PURCHASEORDERLIMITS_REVENUEPERCENT
Column Name found in Datamart and Curated Table :: ALLOWDISCOUNTS
Column Name found in Datamart and Curated Table :: ARCHIVED
Column Name found in Datamart and Curated Table :: EXCLUDEFROMPRICEBOOKWIZARD
Column Name found in Datamart and Curated Table :: IMAGES
Column Name found in Datamart and Curated Table :: ORIGINAL_ID
Column Name found in Datamart and Curated Table :: CROSSSALEGROUP
Column Name found in Datamart and Curated Table :: MEMBERSHIPACTION
Column Name found in Datamart and Curated Table :: MEMBERSHIPYEARS
Column Name found in Datamart and Curated Table :: WORKFLOWACTION_ID
Column Name found in Datamart and Curated Table :: ADDONPRICE
Column Name found in Datamart and Curated Table :: AVALARACOMMERCIALTAXCODE
Column Name found in Datamart and Curated Table :: MEMBERSHIPMONTHS
Column Name found in Datamart and Curated Table :: NAME
Column Name found in Datamart and Curated Table :: NOTAX
Column Name found in Datamart and Curated Table :: MEMBERSHIPTYPE_ID
Column Name found in Datamart and Curated Table :: SCHEDULEDFLATAMOUNT
Column Name found in Datamart and Curated Table :: CATEGORY_ID
Column Name found in Datamart and Curated Table :: AVALARARESIDENTIALTAXCODE
Column Name found in Datamart and Curated Table :: BONUS
Column Name found in Datamart and Curated Table :: COMMISSIONBONUS
Column Name found in Datamart and Curated Table :: PAYSCOMMISSION
Column Name found in Datamart and Curated Table :: RECURRINGSERVICETYPE_ID
Column Name found in Datamart and Curated Table :: BASERATE3
Column Name found in Datamart and Curated Table :: DISPATCHFEE
Column Name found in Datamart and Curated Table :: ISTIMEANDMATERIAL
Datamart tables contains additional column name like [ACTIVE_FLAG, RECORD_CREATE_DATE, RECORD_UPDATE_DATE, RECORD_UPDATE_DATE, MASTER_ID, TENANT_TYPE]
Curated tables contains additional column name like [RECORD_CREATE_DATE, RECORD_UPDATE_DATE, RECORD_UPDATED_BY, TENANT_TYPE]]]>
  </system-out>
  <testcase classname="testcases.RAW_DATAMART_CURATED.SnowFlake_ColumnValidation_BKPTables" name="validateColumnName_BKP" time="2.421"/>
  <system-out>
    <![CDATA[Executing Snowflake query :: SELECT COLUMN_NAME FROM DEV_ENT_RAW.INFORMATION_SCHEMA.COLUMNS WHERE TABLE_NAME='JOB'and TABLE_SCHEMA='ST_HUTCHINSON_MATILLION'
Executing Snowflake query :: SELECT COLUMN_NAME FROM CURATED_DATAMART.INFORMATION_SCHEMA.COLUMNS WHERE TABLE_NAME='STR_JOB'and TABLE_SCHEMA='ST_BKP_HUTCHINSON'
Executing Snowflake query :: SELECT COLUMN_NAME FROM DEV_ENT_CURATED.INFORMATION_SCHEMA.COLUMNS WHERE TABLE_NAME='DIM_JOB'and TABLE_SCHEMA='MASTER_DIMENSIONS'
Column names for RAW Table --> JOB :: [CUSTOMER_ID, MANAGEEMPLOYEEEMAIL, PREDICTEDTOTAL, STATUS, ALLOTTEDTIME, APPROXIMATEENDDATE, ISPREVAILINGWAGE, MEMBERSHIP_ID, NOCHARGESOURCE, SUMMARY, CREATEDFROMESTIMATE_ID, MODIFIEDON, NOCHARGE, CREATEDON, END, IMPORTID, INVOICE_ID, LATEPENALTY, LEAD_ID, OPPORTUNITY_ID, PROJECTEDVALUE, WARRANTYFOR_ID, PROJECT_ID, SECONDARYJOBNUMBER, CUSTOMERPO, CALLSCRIPTANSWERRECORD_ID, ID, ISCONFIRMED, PLANEND, PLANSTART, PREDICTEDSALES, LASTCHANGEDBYSMARTDISPATCH, PRIORITY, SOLDBY_ID, START, BUSINESSUNIT_ID, CREATEDFROMESTIMATESTATUSWHENBOOKING, DRIVETIME, ISAUTODISPATCHED, PREVAILINGWAGEJOBNUMBER, TOTAL, MONTHNUMBER, REASSIGNMENTPENALTY, FIRSTAPPOINTMENT_ID, UNION, ACTIVE, CREATEDBY_ID, GENERATEDFROM_ID, DRIVINGCOST, GENERATEDBY_ID, PMDATE, ESTIMATEDCOST, EXTERNALID, LEADGENERATED_ID, LOCATION_ID, OPPORTUNITYDATE, TYPE_ID, MANAGEFOLLOWUPEMAIL, APPROXIMATESTARTDATE, CAMPAIGN_ID, COMPLETEDON, COMPLETIONSURVEYID, DURATION, ISTECHNICIANSPECIFIC, PREVAILINGWAGECODE_ID, RECALLFOR_ID, NOTIFICATIONSENABLED, SMARTDISPATCHDATA_JOB, NUMBER, LASTAPPOINTMENT_ID]
Column names for DataMart Table --> STR_JOB :: [MODIFIEDON, PLANSTART, SUMMARY, ID, ISTECHNICIANSPECIFIC, ACTIVE, ALLOTTEDTIME, APPROXIMATEENDDATE, DURATION, MANAGEFOLLOWUPEMAIL, MONTHNUMBER, NOCHARGE, OPPORTUNITYDATE, PRIORITY, RECALLFOR_ID, DRIVINGCOST, LASTCHANGEDBYSMARTDISPATCH, MANAGEEMPLOYEEEMAIL, LATEPENALTY, CREATEDBY_ID, DRIVETIME, EXTERNALID, FIRSTAPPOINTMENT_ID, LOCATION_ID, PREDICTEDTOTAL, REASSIGNMENTPENALTY, INVOICE_ID, MEMBERSHIP_ID, PREVAILINGWAGECODE_ID, ACTIVE_FLAG, CREATEDFROMESTIMATESTATUSWHENBOOKING, LASTAPPOINTMENT_ID, LEADGENERATED_ID, RECORD_CREATE_DATE, SECONDARYJOBNUMBER, CALLSCRIPTANSWERRECORD_ID, ISCONFIRMED, PLANEND, PROJECT_ID, STATUS, NOTIFICATIONSENABLED, PROJECTEDVALUE, GENERATEDFROM_ID, GENERATEDBY_ID, IMPORTID, TOTAL, NUMBER, SMARTDISPATCHDATA_JOB, CAMPAIGN_ID, END, ISAUTODISPATCHED, LEAD_ID, MASTER_ID, TYPE_ID, OPPORTUNITY_ID, PMDATE, COMPLETEDON, COMPLETIONSURVEYID, ISPREVAILINGWAGE, APPROXIMATESTARTDATE, NOCHARGESOURCE, PREDICTEDSALES, UNION, BUSINESSUNIT_ID, CREATEDON, CUSTOMERPO, ESTIMATEDCOST, PREVAILINGWAGEJOBNUMBER, RECORD_UPDATE_DATE, SOLDBY_ID, WARRANTYFOR_ID, CUSTOMER_ID, CREATEDFROMESTIMATE_ID, TENANT_TYPE, START]
Column names for Curated Table --> DIM_JOB :: [LASTCHANGEDBYSMARTDISPATCH, PROJECTEDVALUE, TYPE_ID, EXTERNALID, NOCHARGESOURCE, PMDATE, RECALLFOR_ID, START, ACTIVE, ISAUTODISPATCHED, MONTHNUMBER, PRIORITY, CREATEDON, OPPORTUNITYDATE, PREVAILINGWAGEJOBNUMBER, RECORD_CREATE_DATE, CREATEDBY_ID, LASTAPPOINTMENT_ID, MANAGEEMPLOYEEEMAIL, TOTAL, APPROXIMATESTARTDATE, GENERATEDBY_ID, MANAGEFOLLOWUPEMAIL, RECORD_UPDATED_BY, WARRANTYFOR_ID, UNION, CREATEDFROMESTIMATE_ID, REASSIGNMENTPENALTY, PREDICTEDSALES, LATEPENALTY, DURATION, DRIVETIME, STATUS, SUMMARY, IMPORTID, NOTIFICATIONSENABLED, RECORD_UPDATE_DATE, ALLOTTEDTIME, COMPLETEDON, CUSTOMERPO, GENERATEDFROM_ID, ISTECHNICIANSPECIFIC, LOCATION_ID, PLANEND, MODIFIEDON, PREVAILINGWAGECODE_ID, SECONDARYJOBNUMBER, END, OPPORTUNITY_ID, APPROXIMATEENDDATE, BUSINESSUNIT_ID, CALLSCRIPTANSWERRECORD_ID, CUSTOMER_ID, DRIVINGCOST, ESTIMATEDCOST, FIRSTAPPOINTMENT_ID, PROJECT_ID, SOLDBY_ID, NOCHARGE, ISCONFIRMED, LEADGENERATED_ID, CAMPAIGN_ID, COMPLETIONSURVEYID, CREATEDFROMESTIMATESTATUSWHENBOOKING, ID, INVOICE_ID, ISPREVAILINGWAGE, LEAD_ID, MEMBERSHIP_ID, PLANSTART, SMARTDISPATCHDATA_JOB, TENANT_TYPE, PREDICTEDTOTAL, NUMBER]
Column Name found in Datamart and Curated Table :: CUSTOMER_ID
Column Name found in Datamart and Curated Table :: MANAGEEMPLOYEEEMAIL
Column Name found in Datamart and Curated Table :: PREDICTEDTOTAL
Column Name found in Datamart and Curated Table :: STATUS
Column Name found in Datamart and Curated Table :: ALLOTTEDTIME
Column Name found in Datamart and Curated Table :: APPROXIMATEENDDATE
Column Name found in Datamart and Curated Table :: ISPREVAILINGWAGE
Column Name found in Datamart and Curated Table :: MEMBERSHIP_ID
Column Name found in Datamart and Curated Table :: NOCHARGESOURCE
Column Name found in Datamart and Curated Table :: SUMMARY
Column Name found in Datamart and Curated Table :: CREATEDFROMESTIMATE_ID
Column Name found in Datamart and Curated Table :: MODIFIEDON
Column Name found in Datamart and Curated Table :: NOCHARGE
Column Name found in Datamart and Curated Table :: CREATEDON
Column Name found in Datamart and Curated Table :: END
Column Name found in Datamart and Curated Table :: IMPORTID
Column Name found in Datamart and Curated Table :: INVOICE_ID
Column Name found in Datamart and Curated Table :: LATEPENALTY
Column Name found in Datamart and Curated Table :: LEAD_ID
Column Name found in Datamart and Curated Table :: OPPORTUNITY_ID
Column Name found in Datamart and Curated Table :: PROJECTEDVALUE
Column Name found in Datamart and Curated Table :: WARRANTYFOR_ID
Column Name found in Datamart and Curated Table :: PROJECT_ID
Column Name found in Datamart and Curated Table :: SECONDARYJOBNUMBER
Column Name found in Datamart and Curated Table :: CUSTOMERPO
Column Name found in Datamart and Curated Table :: CALLSCRIPTANSWERRECORD_ID
Column Name found in Datamart and Curated Table :: ID
Column Name found in Datamart and Curated Table :: ISCONFIRMED
Column Name found in Datamart and Curated Table :: PLANEND
Column Name found in Datamart and Curated Table :: PLANSTART
Column Name found in Datamart and Curated Table :: PREDICTEDSALES
Column Name found in Datamart and Curated Table :: LASTCHANGEDBYSMARTDISPATCH
Column Name found in Datamart and Curated Table :: PRIORITY
Column Name found in Datamart and Curated Table :: SOLDBY_ID
Column Name found in Datamart and Curated Table :: START
Column Name found in Datamart and Curated Table :: BUSINESSUNIT_ID
Column Name found in Datamart and Curated Table :: CREATEDFROMESTIMATESTATUSWHENBOOKING
Column Name found in Datamart and Curated Table :: DRIVETIME
Column Name found in Datamart and Curated Table :: ISAUTODISPATCHED
Column Name found in Datamart and Curated Table :: PREVAILINGWAGEJOBNUMBER
Column Name found in Datamart and Curated Table :: TOTAL
Column Name found in Datamart and Curated Table :: MONTHNUMBER
Column Name found in Datamart and Curated Table :: REASSIGNMENTPENALTY
Column Name found in Datamart and Curated Table :: FIRSTAPPOINTMENT_ID
Column Name found in Datamart and Curated Table :: UNION
Column Name found in Datamart and Curated Table :: ACTIVE
Column Name found in Datamart and Curated Table :: CREATEDBY_ID
Column Name found in Datamart and Curated Table :: GENERATEDFROM_ID
Column Name found in Datamart and Curated Table :: DRIVINGCOST
Column Name found in Datamart and Curated Table :: GENERATEDBY_ID
Column Name found in Datamart and Curated Table :: PMDATE
Column Name found in Datamart and Curated Table :: ESTIMATEDCOST
Column Name found in Datamart and Curated Table :: EXTERNALID
Column Name found in Datamart and Curated Table :: LEADGENERATED_ID
Column Name found in Datamart and Curated Table :: LOCATION_ID
Column Name found in Datamart and Curated Table :: OPPORTUNITYDATE
Column Name found in Datamart and Curated Table :: TYPE_ID
Column Name found in Datamart and Curated Table :: MANAGEFOLLOWUPEMAIL
Column Name found in Datamart and Curated Table :: APPROXIMATESTARTDATE
Column Name found in Datamart and Curated Table :: CAMPAIGN_ID
Column Name found in Datamart and Curated Table :: COMPLETEDON
Column Name found in Datamart and Curated Table :: COMPLETIONSURVEYID
Column Name found in Datamart and Curated Table :: DURATION
Column Name found in Datamart and Curated Table :: ISTECHNICIANSPECIFIC
Column Name found in Datamart and Curated Table :: PREVAILINGWAGECODE_ID
Column Name found in Datamart and Curated Table :: RECALLFOR_ID
Column Name found in Datamart and Curated Table :: NOTIFICATIONSENABLED
Column Name found in Datamart and Curated Table :: SMARTDISPATCHDATA_JOB
Column Name found in Datamart and Curated Table :: NUMBER
Column Name found in Datamart and Curated Table :: LASTAPPOINTMENT_ID
Datamart tables contains additional column name like [ACTIVE_FLAG, RECORD_CREATE_DATE, RECORD_UPDATE_DATE, RECORD_UPDATE_DATE, MASTER_ID, TENANT_TYPE]
Curated tables contains additional column name like [RECORD_CREATE_DATE, RECORD_UPDATE_DATE, RECORD_UPDATED_BY, TENANT_TYPE]]]>
  </system-out>
  <testcase classname="testcases.RAW_DATAMART_CURATED.SnowFlake_ColumnValidation_BKPTables" name="validateColumnName_BKP" time="2.305"/>
  <system-out>
    <![CDATA[Executing Snowflake query :: SELECT COLUMN_NAME FROM DEV_ENT_RAW.INFORMATION_SCHEMA.COLUMNS WHERE TABLE_NAME='INVOICEITEM'and TABLE_SCHEMA='ST_HARP_MATILLION'
Executing Snowflake query :: SELECT COLUMN_NAME FROM CURATED_DATAMART.INFORMATION_SCHEMA.COLUMNS WHERE TABLE_NAME='STR_INVOICEITEM'and TABLE_SCHEMA='ST_BKP_HARP'
Executing Snowflake query :: SELECT COLUMN_NAME FROM DEV_ENT_CURATED.INFORMATION_SCHEMA.COLUMNS WHERE TABLE_NAME='DIM_INVOICEITEM'and TABLE_SCHEMA='MASTER_DIMENSIONS'
Column names for RAW Table --> INVOICEITEM :: [AUTOGLASSITEM_ID, BASERATE2, BASERATE3, BUSINESSUNIT_ID, DATECREATED, DISPLAYINAMOUNT, PROCUREMENTSOURCE_ESTIMATEITEMID, SOLDHOURS, TOTALCOST, TECHNICIAN_ID, ACTIVE, EQUIPMENT_ID, EXPORTID, MARKUP, PROJECTLABELS, SCHEDULEDFLATAMOUNT, SKUNAME, SOURCETYPE, TECHNICIANFORBASERATE2_ID, ISINVENTORY, TECHNICIANFORBASERATE3_ID, SKUREFERENCE_SKUID, BONUS, COST, ID, INVENTORYLOCATION_ID, ITEMGROUPROOT_ID, PROJECTORDER, STANDARDPRICE, ISUNITPRICEMANUALLYSET, WORKFLOWACTION_ID, UNITPRICE, ACCOUNT, CREATEDON, IMPORTID, PROCUREMENTSOURCE_PURCHASEORDERITEMID, SOLDBY_ID, TECHNICIANSPLIT3, INVOICE_ID, PROCUREMENTSOURCE_REQUISITIONITEMID, LASTUNITPRICESETBYEMPLOYEE, PAYSCOMMISSION, COSTOFSALEACCOUNT_ID, ALLOWDISCOUNTS, CHARGEABLE, COMMISSIONBONUS, DESCRIPTION, ISADDON, PAYTECHSPECIFICBONUS, ESTIMATEITEM_ID, PRICEMODIFIER_ID, PROCUREDFROMESTIMATEITEM_ID, SKUREFERENCE_SKUTYPE, TOTAL, MEMBERSHIPWORKFLOWACTION, NOTAX, CROSSSALEGROUP, HOURS, INVENTORYBATCH_ID, PAYSFLATAMOUNT, SIGNATURE, TAXABLE, INVENTORYSTATUS, PROCUREMENTSOURCE_SOURCETYPE, SKU_ID, SOLDBYCOMMISSION, BASERATE1, CREATEDBY_ID, DEDUCTASJOBCOST, ITEMGROUPNAME, TECHNICIANACKNOWLEDGEMENTSIGNATURE, TECHNICIANFORBASERATE1_ID, TECHNICIANSPLIT2, ISOTTASK, PARENTITEM_ID, PROCUREDFROM_ID, TECHNICIANSPLIT1, INVENTORYWAREHOUSENAME, QUANTITY, ORDER, ADDONFLATAMOUNT, GENERALLEDGERACCOUNT_ID, MEMBERPRICE, MODIFIEDON, PAYSSOLDBYRATE, USEDMATERIAL_ID]
Column names for DataMart Table --> STR_INVOICEITEM :: [BASERATE1, EQUIPMENT_ID, INVENTORYSTATUS, LASTUNITPRICESETBYEMPLOYEE, PAYSCOMMISSION, TAXABLE, CREATEDON, UNITPRICE, ISUNITPRICEMANUALLYSET, INVENTORYWAREHOUSENAME, ALLOWDISCOUNTS, IMPORTID, ITEMGROUPROOT_ID, COSTOFSALEACCOUNT_ID, ESTIMATEITEM_ID, SKUREFERENCE_SKUID, PROCUREMENTSOURCE_PURCHASEORDERITEMID, TECHNICIANFORBASERATE2_ID, PROJECTLABELS, ACCOUNT, AUTOGLASSITEM_ID, BONUS, CROSSSALEGROUP, GENERALLEDGERACCOUNT_ID, MEMBERSHIPWORKFLOWACTION, TECHNICIANSPLIT1, TECHNICIANSPLIT3, RECORD_UPDATE_DATE, SKUREFERENCE_SKUTYPE, TECHNICIANSPLIT2, TECHNICIANFORBASERATE1_ID, PARENTITEM_ID, INVOICE_ID, PROJECTORDER, SCHEDULEDFLATAMOUNT, ACTIVE_FLAG, COST, ISOTTASK, ITEMGROUPNAME, QUANTITY, TOTALCOST, NOTAX, TECHNICIANACKNOWLEDGEMENTSIGNATURE, TENANT_TYPE, SOLDBYCOMMISSION, MASTER_ID, TECHNICIANFORBASERATE3_ID, DATECREATED, MEMBERPRICE, PROCUREDFROM_ID, PROCUREMENTSOURCE_ESTIMATEITEMID, SOURCETYPE, HOURS, PAYTECHSPECIFICBONUS, SKU_ID, SKUNAME, BASERATE2, BUSINESSUNIT_ID, COMMISSIONBONUS, DISPLAYINAMOUNT, ID, ISINVENTORY, PRICEMODIFIER_ID, PROCUREMENTSOURCE_SOURCETYPE, SOLDBY_ID, WORKFLOWACTION_ID, EXPORTID, INVENTORYLOCATION_ID, ISADDON, PROCUREDFROMESTIMATEITEM_ID, TECHNICIAN_ID, SIGNATURE, ADDONFLATAMOUNT, PROCUREMENTSOURCE_REQUISITIONITEMID, CREATEDBY_ID, MARKUP, MODIFIEDON, ORDER, PAYSSOLDBYRATE, STANDARDPRICE, RECORD_CREATE_DATE, USEDMATERIAL_ID, ACTIVE, BASERATE3, CHARGEABLE, DEDUCTASJOBCOST, SOLDHOURS, DESCRIPTION, PAYSFLATAMOUNT, INVENTORYBATCH_ID, TOTAL]
Column names for Curated Table --> DIM_INVOICEITEM :: [BASERATE2, COST, CROSSSALEGROUP, ISOTTASK, MEMBERPRICE, ORDER, QUANTITY, TOTALCOST, ISUNITPRICEMANUALLYSET, PARENTITEM_ID, PAYSSOLDBYRATE, PAYSCOMMISSION, GENERALLEDGERACCOUNT_ID, BASERATE1, INVENTORYBATCH_ID, INVOICE_ID, SKUREFERENCE_SKUID, BASERATE3, EXPORTID, ISINVENTORY, SKU_ID, INVENTORYSTATUS, SOLDHOURS, TECHNICIAN_ID, TECHNICIANFORBASERATE2_ID, ACCOUNT, ALLOWDISCOUNTS, COMMISSIONBONUS, CREATEDON, IMPORTID, ISADDON, PROCUREMENTSOURCE_SOURCETYPE, NOTAX, PROJECTLABELS, SOLDBY_ID, TECHNICIANFORBASERATE1_ID, TECHNICIANSPLIT1, PAYSFLATAMOUNT, UNITPRICE, BONUS, COSTOFSALEACCOUNT_ID, CREATEDBY_ID, DISPLAYINAMOUNT, PAYTECHSPECIFICBONUS, PRICEMODIFIER_ID, TECHNICIANACKNOWLEDGEMENTSIGNATURE, TECHNICIANSPLIT3, PROCUREMENTSOURCE_PURCHASEORDERITEMID, PROCUREMENTSOURCE_REQUISITIONITEMID, PROJECTORDER, DATECREATED, TECHNICIANFORBASERATE3_ID, ACTIVE, ADDONFLATAMOUNT, BUSINESSUNIT_ID, CHARGEABLE, EQUIPMENT_ID, INVENTORYLOCATION_ID, INVENTORYWAREHOUSENAME, ITEMGROUPNAME, ITEMGROUPROOT_ID, RECORD_UPDATE_DATE, MODIFIEDON, PROCUREDFROM_ID, SCHEDULEDFLATAMOUNT, PROCUREMENTSOURCE_ESTIMATEITEMID, TAXABLE, PROCUREDFROMESTIMATEITEM_ID, AUTOGLASSITEM_ID, HOURS, LASTUNITPRICESETBYEMPLOYEE, MARKUP, USEDMATERIAL_ID, MEMBERSHIPWORKFLOWACTION, SKUREFERENCE_SKUTYPE, SOLDBYCOMMISSION, SOURCETYPE, RECORD_UPDATED_BY, WORKFLOWACTION_ID, DEDUCTASJOBCOST, DESCRIPTION, ESTIMATEITEM_ID, STANDARDPRICE, TECHNICIANSPLIT2, TOTAL, ID, RECORD_CREATE_DATE, SIGNATURE, SKUNAME, TENANT_TYPE]
Column Name found in Datamart and Curated Table :: AUTOGLASSITEM_ID
Column Name found in Datamart and Curated Table :: BASERATE2
Column Name found in Datamart and Curated Table :: BASERATE3
Column Name found in Datamart and Curated Table :: BUSINESSUNIT_ID
Column Name found in Datamart and Curated Table :: DATECREATED
Column Name found in Datamart and Curated Table :: DISPLAYINAMOUNT
Column Name found in Datamart and Curated Table :: PROCUREMENTSOURCE_ESTIMATEITEMID
Column Name found in Datamart and Curated Table :: SOLDHOURS
Column Name found in Datamart and Curated Table :: TOTALCOST
Column Name found in Datamart and Curated Table :: TECHNICIAN_ID
Column Name found in Datamart and Curated Table :: ACTIVE
Column Name found in Datamart and Curated Table :: EQUIPMENT_ID
Column Name found in Datamart and Curated Table :: EXPORTID
Column Name found in Datamart and Curated Table :: MARKUP
Column Name found in Datamart and Curated Table :: PROJECTLABELS
Column Name found in Datamart and Curated Table :: SCHEDULEDFLATAMOUNT
Column Name found in Datamart and Curated Table :: SKUNAME
Column Name found in Datamart and Curated Table :: SOURCETYPE
Column Name found in Datamart and Curated Table :: TECHNICIANFORBASERATE2_ID
Column Name found in Datamart and Curated Table :: ISINVENTORY
Column Name found in Datamart and Curated Table :: TECHNICIANFORBASERATE3_ID
Column Name found in Datamart and Curated Table :: SKUREFERENCE_SKUID
Column Name found in Datamart and Curated Table :: BONUS
Column Name found in Datamart and Curated Table :: COST
Column Name found in Datamart and Curated Table :: ID
Column Name found in Datamart and Curated Table :: INVENTORYLOCATION_ID
Column Name found in Datamart and Curated Table :: ITEMGROUPROOT_ID
Column Name found in Datamart and Curated Table :: PROJECTORDER
Column Name found in Datamart and Curated Table :: STANDARDPRICE
Column Name found in Datamart and Curated Table :: ISUNITPRICEMANUALLYSET
Column Name found in Datamart and Curated Table :: WORKFLOWACTION_ID
Column Name found in Datamart and Curated Table :: UNITPRICE
Column Name found in Datamart and Curated Table :: ACCOUNT
Column Name found in Datamart and Curated Table :: CREATEDON
Column Name found in Datamart and Curated Table :: IMPORTID
Column Name found in Datamart and Curated Table :: PROCUREMENTSOURCE_PURCHASEORDERITEMID
Column Name found in Datamart and Curated Table :: SOLDBY_ID
Column Name found in Datamart and Curated Table :: TECHNICIANSPLIT3
Column Name found in Datamart and Curated Table :: INVOICE_ID
Column Name found in Datamart and Curated Table :: PROCUREMENTSOURCE_REQUISITIONITEMID
Column Name found in Datamart and Curated Table :: LASTUNITPRICESETBYEMPLOYEE
Column Name found in Datamart and Curated Table :: PAYSCOMMISSION
Column Name found in Datamart and Curated Table :: COSTOFSALEACCOUNT_ID
Column Name found in Datamart and Curated Table :: ALLOWDISCOUNTS
Column Name found in Datamart and Curated Table :: CHARGEABLE
Column Name found in Datamart and Curated Table :: COMMISSIONBONUS
Column Name found in Datamart and Curated Table :: DESCRIPTION
Column Name found in Datamart and Curated Table :: ISADDON
Column Name found in Datamart and Curated Table :: PAYTECHSPECIFICBONUS
Column Name found in Datamart and Curated Table :: ESTIMATEITEM_ID
Column Name found in Datamart and Curated Table :: PRICEMODIFIER_ID
Column Name found in Datamart and Curated Table :: PROCUREDFROMESTIMATEITEM_ID
Column Name found in Datamart and Curated Table :: SKUREFERENCE_SKUTYPE
Column Name found in Datamart and Curated Table :: TOTAL
Column Name found in Datamart and Curated Table :: MEMBERSHIPWORKFLOWACTION
Column Name found in Datamart and Curated Table :: NOTAX
Column Name found in Datamart and Curated Table :: CROSSSALEGROUP
Column Name found in Datamart and Curated Table :: HOURS
Column Name found in Datamart and Curated Table :: INVENTORYBATCH_ID
Column Name found in Datamart and Curated Table :: PAYSFLATAMOUNT
Column Name found in Datamart and Curated Table :: SIGNATURE
Column Name found in Datamart and Curated Table :: TAXABLE
Column Name found in Datamart and Curated Table :: INVENTORYSTATUS
Column Name found in Datamart and Curated Table :: PROCUREMENTSOURCE_SOURCETYPE
Column Name found in Datamart and Curated Table :: SKU_ID
Column Name found in Datamart and Curated Table :: SOLDBYCOMMISSION
Column Name found in Datamart and Curated Table :: BASERATE1
Column Name found in Datamart and Curated Table :: CREATEDBY_ID
Column Name found in Datamart and Curated Table :: DEDUCTASJOBCOST
Column Name found in Datamart and Curated Table :: ITEMGROUPNAME
Column Name found in Datamart and Curated Table :: TECHNICIANACKNOWLEDGEMENTSIGNATURE
Column Name found in Datamart and Curated Table :: TECHNICIANFORBASERATE1_ID
Column Name found in Datamart and Curated Table :: TECHNICIANSPLIT2
Column Name found in Datamart and Curated Table :: ISOTTASK
Column Name found in Datamart and Curated Table :: PARENTITEM_ID
Column Name found in Datamart and Curated Table :: PROCUREDFROM_ID
Column Name found in Datamart and Curated Table :: TECHNICIANSPLIT1
Column Name found in Datamart and Curated Table :: INVENTORYWAREHOUSENAME
Column Name found in Datamart and Curated Table :: QUANTITY
Column Name found in Datamart and Curated Table :: ORDER
Column Name found in Datamart and Curated Table :: ADDONFLATAMOUNT
Column Name found in Datamart and Curated Table :: GENERALLEDGERACCOUNT_ID
Column Name found in Datamart and Curated Table :: MEMBERPRICE
Column Name found in Datamart and Curated Table :: MODIFIEDON
Column Name found in Datamart and Curated Table :: PAYSSOLDBYRATE
Column Name found in Datamart and Curated Table :: USEDMATERIAL_ID
Datamart tables contains additional column name like [ACTIVE_FLAG, RECORD_CREATE_DATE, RECORD_UPDATE_DATE, RECORD_UPDATE_DATE, MASTER_ID, TENANT_TYPE]
Curated tables contains additional column name like [RECORD_CREATE_DATE, RECORD_UPDATE_DATE, RECORD_UPDATED_BY, TENANT_TYPE]]]>
  </system-out>
  <testcase classname="testcases.RAW_DATAMART_CURATED.SnowFlake_ColumnValidation_BKPTables" name="validateColumnName_BKP" time="4.488"/>
  <system-out>
    <![CDATA[Executing Snowflake query :: SELECT COLUMN_NAME FROM DEV_ENT_RAW.INFORMATION_SCHEMA.COLUMNS WHERE TABLE_NAME='CUSTOMER'and TABLE_SCHEMA='ST_BILLFENWICK_MATILLION'
Executing Snowflake query :: SELECT COLUMN_NAME FROM CURATED_DATAMART.INFORMATION_SCHEMA.COLUMNS WHERE TABLE_NAME='STR_CUSTOMER'and TABLE_SCHEMA='ST_BKP_BILLFENWICK'
Executing Snowflake query :: SELECT COLUMN_NAME FROM DEV_ENT_CURATED.INFORMATION_SCHEMA.COLUMNS WHERE TABLE_NAME='DIM_CUSTOMER'and TABLE_SCHEMA='MASTER_DIMENSIONS'
Column names for RAW Table --> CUSTOMER :: [ACTIVE, DONOTCHARGEINTERESTFEE, MEMBERSHIP_CANCELLATIONDATE, SHOWMEMBERSAVINGS, DONOTMAIL, STATISTICS_ID, ADDRESS_LONGITUDE, AR, MEMBERSHIP_TO, ADDRESS_ISMILITARY, ADDRESS_ZIP, EXTERNALID, HEADER, ADDRESS_CITY, CREATEDBY_ID, MEMBERSHIP_FROM, DONOTSENDPROMOTIONALEMAILS, TAXEXEMPT, MEMBERSHIP_ACTIVATEDFROM, NAME, IMPORTID, NOCHARGE, ADDRESS_STATE, EXCLUDEFROMBULKPRINTING, ID, MEMBERSHIP_ACTIVATEDBY, ADDRESS_LATITUDE, AVALARAENTITYCODE, DONOTSERVICE, MODIFIEDON, TYPE, PAYMENTTERM_ID, ADDRESS_COUNTRY, ADDRESS_STREET, BALANCE, CREATEDON, ADDRESS_ISMANUALCOORDINATES, ADDRESS_UNIT]
Column names for DataMart Table --> STR_CUSTOMER :: [ADDRESS_ISMANUALCOORDINATES, HEADER, IMPORTID, CREATEDON, ADDRESS_STATE, ADDRESS_UNIT, AVALARAENTITYCODE, MEMBERSHIP_FROM, MODIFIEDON, TAXEXEMPT, TENANT_TYPE, ACTIVE, ADDRESS_STREET, AR, DONOTCHARGEINTERESTFEE, DONOTMAIL, DONOTSENDPROMOTIONALEMAILS, MEMBERSHIP_ACTIVATEDFROM, ID, PAYMENTTERM_ID, STATISTICS_ID, ACTIVE_FLAG, ADDRESS_LONGITUDE, CREATEDBY_ID, EXCLUDEFROMBULKPRINTING, RECORD_UPDATE_DATE, BALANCE, EXTERNALID, NAME, ADDRESS_CITY, ADDRESS_ZIP, MEMBERSHIP_TO, RECORD_CREATE_DATE, DONOTSERVICE, ADDRESS_LATITUDE, MASTER_ID, SHOWMEMBERSAVINGS, MEMBERSHIP_ACTIVATEDBY, MEMBERSHIP_CANCELLATIONDATE, ADDRESS_COUNTRY, ADDRESS_ISMILITARY, NOCHARGE, TYPE]
Column names for Curated Table --> DIM_CUSTOMER :: [ADDRESS_UNIT, PAYMENTTERM_ID, BALANCE, IMPORTID, ACTIVE, ADDRESS_COUNTRY, ADDRESS_ISMANUALCOORDINATES, ADDRESS_STATE, ADDRESS_ZIP, AR, NAME, MEMBERSHIP_TO, ADDRESS_CITY, ADDRESS_STREET, DONOTSERVICE, MEMBERSHIP_CANCELLATIONDATE, NOCHARGE, HEADER, CREATEDBY_ID, EXTERNALID, MODIFIEDON, DONOTCHARGEINTERESTFEE, MEMBERSHIP_ACTIVATEDBY, RECORD_UPDATE_DATE, RECORD_UPDATED_BY, STATISTICS_ID, CREATEDON, DONOTMAIL, ID, TAXEXEMPT, RECORD_CREATE_DATE, ADDRESS_LATITUDE, ADDRESS_LONGITUDE, AVALARAENTITYCODE, DONOTSENDPROMOTIONALEMAILS, MEMBERSHIP_FROM, TENANT_TYPE, TYPE, ADDRESS_ISMILITARY, MEMBERSHIP_ACTIVATEDFROM, SHOWMEMBERSAVINGS, EXCLUDEFROMBULKPRINTING]
Column Name found in Datamart and Curated Table :: ACTIVE
Column Name found in Datamart and Curated Table :: DONOTCHARGEINTERESTFEE
Column Name found in Datamart and Curated Table :: MEMBERSHIP_CANCELLATIONDATE
Column Name found in Datamart and Curated Table :: SHOWMEMBERSAVINGS
Column Name found in Datamart and Curated Table :: DONOTMAIL
Column Name found in Datamart and Curated Table :: STATISTICS_ID
Column Name found in Datamart and Curated Table :: ADDRESS_LONGITUDE
Column Name found in Datamart and Curated Table :: AR
Column Name found in Datamart and Curated Table :: MEMBERSHIP_TO
Column Name found in Datamart and Curated Table :: ADDRESS_ISMILITARY
Column Name found in Datamart and Curated Table :: ADDRESS_ZIP
Column Name found in Datamart and Curated Table :: EXTERNALID
Column Name found in Datamart and Curated Table :: HEADER
Column Name found in Datamart and Curated Table :: ADDRESS_CITY
Column Name found in Datamart and Curated Table :: CREATEDBY_ID
Column Name found in Datamart and Curated Table :: MEMBERSHIP_FROM
Column Name found in Datamart and Curated Table :: DONOTSENDPROMOTIONALEMAILS
Column Name found in Datamart and Curated Table :: TAXEXEMPT
Column Name found in Datamart and Curated Table :: MEMBERSHIP_ACTIVATEDFROM
Column Name found in Datamart and Curated Table :: NAME
Column Name found in Datamart and Curated Table :: IMPORTID
Column Name found in Datamart and Curated Table :: NOCHARGE
Column Name found in Datamart and Curated Table :: ADDRESS_STATE
Column Name found in Datamart and Curated Table :: EXCLUDEFROMBULKPRINTING
Column Name found in Datamart and Curated Table :: ID
Column Name found in Datamart and Curated Table :: MEMBERSHIP_ACTIVATEDBY
Column Name found in Datamart and Curated Table :: ADDRESS_LATITUDE
Column Name found in Datamart and Curated Table :: AVALARAENTITYCODE
Column Name found in Datamart and Curated Table :: DONOTSERVICE
Column Name found in Datamart and Curated Table :: MODIFIEDON
Column Name found in Datamart and Curated Table :: TYPE
Column Name found in Datamart and Curated Table :: PAYMENTTERM_ID
Column Name found in Datamart and Curated Table :: ADDRESS_COUNTRY
Column Name found in Datamart and Curated Table :: ADDRESS_STREET
Column Name found in Datamart and Curated Table :: BALANCE
Column Name found in Datamart and Curated Table :: CREATEDON
Column Name found in Datamart and Curated Table :: ADDRESS_ISMANUALCOORDINATES
Column Name found in Datamart and Curated Table :: ADDRESS_UNIT
Datamart tables contains additional column name like [ACTIVE_FLAG, RECORD_CREATE_DATE, RECORD_UPDATE_DATE, RECORD_UPDATE_DATE, MASTER_ID, TENANT_TYPE]
Curated tables contains additional column name like [RECORD_CREATE_DATE, RECORD_UPDATE_DATE, RECORD_UPDATED_BY, TENANT_TYPE]]]>
  </system-out>
  <testcase classname="testcases.RAW_DATAMART_CURATED.SnowFlake_ColumnValidation_BKPTables" name="validateColumnName_BKP" time="2.459"/>
  <system-out>
    <![CDATA[Executing Snowflake query :: SELECT COLUMN_NAME FROM DEV_ENT_RAW.INFORMATION_SCHEMA.COLUMNS WHERE TABLE_NAME='TIMESHEETCODE'and TABLE_SCHEMA='ST_HORIZONSERVICES_MATILLION'
Executing Snowflake query :: SELECT COLUMN_NAME FROM CURATED_DATAMART.INFORMATION_SCHEMA.COLUMNS WHERE TABLE_NAME='STR_TIMESHEETCODE'and TABLE_SCHEMA='ST_BKP_HORIZONSERVICES'
Executing Snowflake query :: SELECT COLUMN_NAME FROM DEV_ENT_CURATED.INFORMATION_SCHEMA.COLUMNS WHERE TABLE_NAME='DIM_TIMESHEETCODE'and TABLE_SCHEMA='MASTER_DIMENSIONS'
Column names for RAW Table --> TIMESHEETCODE :: [ADDRESS_COUNTRY, ADDRESS_ISMANUALCOORDINATES, CREATEDBY_ID, OVERTIMEPAYCODE_ID, RATEMULTIPLIER, ENABLESIMPLECLOCKINOUT, HOURLYRATE, ID, SENDALERTSONMOBILE, STPAYCODE, ADDRESS_STATE, IMPORTID, ISDEFAULTSHOPTIME, PAYROLLPOSTINGGROUP_ID, DEDUCTCOMMUTETIME, ADDRESS_LONGITUDE, BUSINESSUNIT_ID, DOUBLEOVERTIMEPAYCODE_ID, EVENTNAME, OTPAYCODE, STANDARDPAYROLLCONTROLCODE_ID, VISIBILITY, TYPE, STANDARDPAYCODE_ID, ADDRESS_ZIP, CODE, ISAUTOCLOCKINENABLED, OVERTIMEPAYROLLCONTROLCODE_ID, ACTIVE, CREATEDON, DESCRIPTION, EXCLUDEABSENTEVENT, ADDRESS_LATITUDE, APPLICABLEEMPLOYEETYPE, ROUTEAROUNDNJA, ADDRESS_ISMILITARY, ADDRESS_STREET, ADDRESS_UNIT, GEOFENCECLOCKINMODE, ADDRESS_CITY, COUNTONJOBCOUNTER, CUSTOMHOURLYRATE]
Column names for DataMart Table --> STR_TIMESHEETCODE :: [ADDRESS_CITY, ADDRESS_STREET, CODE, CREATEDBY_ID, MASTER_ID, RECORD_CREATE_DATE, ISAUTOCLOCKINENABLED, COUNTONJOBCOUNTER, OTPAYCODE, ADDRESS_LATITUDE, ADDRESS_STATE, STPAYCODE, ACTIVE, ADDRESS_ISMILITARY, CUSTOMHOURLYRATE, DOUBLEOVERTIMEPAYCODE_ID, EVENTNAME, HOURLYRATE, STANDARDPAYCODE_ID, OVERTIMEPAYROLLCONTROLCODE_ID, ADDRESS_COUNTRY, ADDRESS_ZIP, DESCRIPTION, ENABLESIMPLECLOCKINOUT, PAYROLLPOSTINGGROUP_ID, TENANT_TYPE, ISDEFAULTSHOPTIME, TYPE, ADDRESS_UNIT, ACTIVE_FLAG, BUSINESSUNIT_ID, GEOFENCECLOCKINMODE, VISIBILITY, ADDRESS_LONGITUDE, IMPORTID, OVERTIMEPAYCODE_ID, ADDRESS_ISMANUALCOORDINATES, APPLICABLEEMPLOYEETYPE, ROUTEAROUNDNJA, DEDUCTCOMMUTETIME, EXCLUDEABSENTEVENT, ID, RATEMULTIPLIER, RECORD_UPDATE_DATE, SENDALERTSONMOBILE, STANDARDPAYROLLCONTROLCODE_ID, CREATEDON]
Column names for Curated Table --> DIM_TIMESHEETCODE :: [ADDRESS_STREET, ADDRESS_ZIP, CUSTOMHOURLYRATE, DOUBLEOVERTIMEPAYCODE_ID, ENABLESIMPLECLOCKINOUT, DESCRIPTION, ADDRESS_ISMANUALCOORDINATES, ADDRESS_LONGITUDE, IMPORTID, CREATEDON, DEDUCTCOMMUTETIME, ID, ADDRESS_LATITUDE, CREATEDBY_ID, GEOFENCECLOCKINMODE, ROUTEAROUNDNJA, HOURLYRATE, RECORD_UPDATED_BY, RECORD_UPDATE_DATE, ADDRESS_UNIT, CODE, STANDARDPAYCODE_ID, OTPAYCODE, STPAYCODE, APPLICABLEEMPLOYEETYPE, OVERTIMEPAYCODE_ID, RATEMULTIPLIER, STANDARDPAYROLLCONTROLCODE_ID, EXCLUDEABSENTEVENT, PAYROLLPOSTINGGROUP_ID, TYPE, VISIBILITY, OVERTIMEPAYROLLCONTROLCODE_ID, ADDRESS_ISMILITARY, ADDRESS_STATE, ISDEFAULTSHOPTIME, ACTIVE, ADDRESS_CITY, BUSINESSUNIT_ID, COUNTONJOBCOUNTER, EVENTNAME, SENDALERTSONMOBILE, ADDRESS_COUNTRY, ISAUTOCLOCKINENABLED, TENANT_TYPE, RECORD_CREATE_DATE]
Column Name found in Datamart and Curated Table :: ADDRESS_COUNTRY
Column Name found in Datamart and Curated Table :: ADDRESS_ISMANUALCOORDINATES
Column Name found in Datamart and Curated Table :: CREATEDBY_ID
Column Name found in Datamart and Curated Table :: OVERTIMEPAYCODE_ID
Column Name found in Datamart and Curated Table :: RATEMULTIPLIER
Column Name found in Datamart and Curated Table :: ENABLESIMPLECLOCKINOUT
Column Name found in Datamart and Curated Table :: HOURLYRATE
Column Name found in Datamart and Curated Table :: ID
Column Name found in Datamart and Curated Table :: SENDALERTSONMOBILE
Column Name found in Datamart and Curated Table :: STPAYCODE
Column Name found in Datamart and Curated Table :: ADDRESS_STATE
Column Name found in Datamart and Curated Table :: IMPORTID
Column Name found in Datamart and Curated Table :: ISDEFAULTSHOPTIME
Column Name found in Datamart and Curated Table :: PAYROLLPOSTINGGROUP_ID
Column Name found in Datamart and Curated Table :: DEDUCTCOMMUTETIME
Column Name found in Datamart and Curated Table :: ADDRESS_LONGITUDE
Column Name found in Datamart and Curated Table :: BUSINESSUNIT_ID
Column Name found in Datamart and Curated Table :: DOUBLEOVERTIMEPAYCODE_ID
Column Name found in Datamart and Curated Table :: EVENTNAME
Column Name found in Datamart and Curated Table :: OTPAYCODE
Column Name found in Datamart and Curated Table :: STANDARDPAYROLLCONTROLCODE_ID
Column Name found in Datamart and Curated Table :: VISIBILITY
Column Name found in Datamart and Curated Table :: TYPE
Column Name found in Datamart and Curated Table :: STANDARDPAYCODE_ID
Column Name found in Datamart and Curated Table :: ADDRESS_ZIP
Column Name found in Datamart and Curated Table :: CODE
Column Name found in Datamart and Curated Table :: ISAUTOCLOCKINENABLED
Column Name found in Datamart and Curated Table :: OVERTIMEPAYROLLCONTROLCODE_ID
Column Name found in Datamart and Curated Table :: ACTIVE
Column Name found in Datamart and Curated Table :: CREATEDON
Column Name found in Datamart and Curated Table :: DESCRIPTION
Column Name found in Datamart and Curated Table :: EXCLUDEABSENTEVENT
Column Name found in Datamart and Curated Table :: ADDRESS_LATITUDE
Column Name found in Datamart and Curated Table :: APPLICABLEEMPLOYEETYPE
Column Name found in Datamart and Curated Table :: ROUTEAROUNDNJA
Column Name found in Datamart and Curated Table :: ADDRESS_ISMILITARY
Column Name found in Datamart and Curated Table :: ADDRESS_STREET
Column Name found in Datamart and Curated Table :: ADDRESS_UNIT
Column Name found in Datamart and Curated Table :: GEOFENCECLOCKINMODE
Column Name found in Datamart and Curated Table :: ADDRESS_CITY
Column Name found in Datamart and Curated Table :: COUNTONJOBCOUNTER
Column Name found in Datamart and Curated Table :: CUSTOMHOURLYRATE
Datamart tables contains additional column name like [ACTIVE_FLAG, RECORD_CREATE_DATE, RECORD_UPDATE_DATE, RECORD_UPDATE_DATE, MASTER_ID, TENANT_TYPE]
Curated tables contains additional column name like [RECORD_CREATE_DATE, RECORD_UPDATE_DATE, RECORD_UPDATED_BY, TENANT_TYPE]]]>
  </system-out>
  <testcase classname="testcases.RAW_DATAMART_CURATED.SnowFlake_ColumnValidation_BKPTables" name="validateColumnName_BKP" time="2.767"/>
  <system-out>
    <![CDATA[Executing Snowflake query :: SELECT COLUMN_NAME FROM DEV_ENT_RAW.INFORMATION_SCHEMA.COLUMNS WHERE TABLE_NAME='INVOICEITEM'and TABLE_SCHEMA='ST_HORIZONSERVICES_MATILLION'
Executing Snowflake query :: SELECT COLUMN_NAME FROM CURATED_DATAMART.INFORMATION_SCHEMA.COLUMNS WHERE TABLE_NAME='STR_INVOICEITEM'and TABLE_SCHEMA='ST_BKP_HORIZONSERVICES'
Executing Snowflake query :: SELECT COLUMN_NAME FROM DEV_ENT_CURATED.INFORMATION_SCHEMA.COLUMNS WHERE TABLE_NAME='DIM_INVOICEITEM'and TABLE_SCHEMA='MASTER_DIMENSIONS'
Column names for RAW Table --> INVOICEITEM :: [INVENTORYBATCH_ID, ISINVENTORY, NOTAX, PROCUREDFROM_ID, PROCUREDFROMESTIMATEITEM_ID, PROCUREMENTSOURCE_REQUISITIONITEMID, WORKFLOWACTION_ID, SCHEDULEDFLATAMOUNT, ADDONFLATAMOUNT, BASERATE1, COMMISSIONBONUS, DISPLAYINAMOUNT, PAYSSOLDBYRATE, PROCUREMENTSOURCE_ESTIMATEITEMID, CHARGEABLE, ID, PAYSCOMMISSION, SOLDHOURS, STANDARDPRICE, TECHNICIANSPLIT3, ACCOUNT, AUTOGLASSITEM_ID, COST, CREATEDON, DEDUCTASJOBCOST, INVENTORYSTATUS, LASTUNITPRICESETBYEMPLOYEE, PROCUREMENTSOURCE_PURCHASEORDERITEMID, TAXABLE, PAYTECHSPECIFICBONUS, ACTIVE, BUSINESSUNIT_ID, MEMBERSHIPWORKFLOWACTION, UNITPRICE, ESTIMATEITEM_ID, ITEMGROUPROOT_ID, MODIFIEDON, ORDER, SIGNATURE, HOURS, SKUREFERENCE_SKUTYPE, CREATEDBY_ID, INVENTORYLOCATION_ID, INVENTORYWAREHOUSENAME, ISADDON, ISOTTASK, ISUNITPRICEMANUALLYSET, PAYSFLATAMOUNT, TECHNICIANFORBASERATE1_ID, EQUIPMENT_ID, ITEMGROUPNAME, PROJECTLABELS, SOLDBY_ID, TECHNICIANFORBASERATE3_ID, USEDMATERIAL_ID, PROJECTORDER, BONUS, PRICEMODIFIER_ID, PROCUREMENTSOURCE_SOURCETYPE, SOLDBYCOMMISSION, MEMBERPRICE, TECHNICIAN_ID, SKU_ID, ALLOWDISCOUNTS, BASERATE2, BASERATE3, COSTOFSALEACCOUNT_ID, DATECREATED, INVOICE_ID, SKUNAME, TECHNICIANACKNOWLEDGEMENTSIGNATURE, TECHNICIANFORBASERATE2_ID, TOTAL, EXPORTID, GENERALLEDGERACCOUNT_ID, IMPORTID, QUANTITY, TECHNICIANSPLIT2, TECHNICIANSPLIT1, DESCRIPTION, MARKUP, CROSSSALEGROUP, PARENTITEM_ID, SKUREFERENCE_SKUID, SOURCETYPE, TOTALCOST]
Column names for DataMart Table --> STR_INVOICEITEM :: [ACCOUNT, COMMISSIONBONUS, LASTUNITPRICESETBYEMPLOYEE, ORDER, PROCUREMENTSOURCE_PURCHASEORDERITEMID, DISPLAYINAMOUNT, TAXABLE, TECHNICIANFORBASERATE3_ID, HOURS, MARKUP, PAYSSOLDBYRATE, TECHNICIANSPLIT1, TENANT_TYPE, BASERATE1, SKUREFERENCE_SKUID, SKUNAME, SKUREFERENCE_SKUTYPE, TECHNICIANSPLIT2, ISADDON, BASERATE3, CREATEDBY_ID, EXPORTID, QUANTITY, DEDUCTASJOBCOST, SOLDHOURS, TECHNICIANACKNOWLEDGEMENTSIGNATURE, USEDMATERIAL_ID, ACTIVE_FLAG, COST, COSTOFSALEACCOUNT_ID, CREATEDON, PROCUREDFROMESTIMATEITEM_ID, CROSSSALEGROUP, INVOICE_ID, PAYSFLATAMOUNT, SCHEDULEDFLATAMOUNT, ISINVENTORY, AUTOGLASSITEM_ID, BONUS, BUSINESSUNIT_ID, DATECREATED, ID, MEMBERSHIPWORKFLOWACTION, PROCUREMENTSOURCE_ESTIMATEITEMID, WORKFLOWACTION_ID, IMPORTID, ITEMGROUPROOT_ID, PROCUREDFROM_ID, RECORD_CREATE_DATE, UNITPRICE, ITEMGROUPNAME, TECHNICIANFORBASERATE2_ID, ESTIMATEITEM_ID, INVENTORYLOCATION_ID, INVENTORYWAREHOUSENAME, MASTER_ID, PAYTECHSPECIFICBONUS, TECHNICIANFORBASERATE1_ID, TECHNICIANSPLIT3, GENERALLEDGERACCOUNT_ID, MEMBERPRICE, RECORD_UPDATE_DATE, SOLDBYCOMMISSION, PROJECTLABELS, ACTIVE, ADDONFLATAMOUNT, CHARGEABLE, EQUIPMENT_ID, PAYSCOMMISSION, PRICEMODIFIER_ID, PROCUREMENTSOURCE_SOURCETYPE, PROJECTORDER, SIGNATURE, SKU_ID, SOLDBY_ID, STANDARDPRICE, ISUNITPRICEMANUALLYSET, PARENTITEM_ID, PROCUREMENTSOURCE_REQUISITIONITEMID, TOTALCOST, MODIFIEDON, NOTAX, ALLOWDISCOUNTS, BASERATE2, INVENTORYSTATUS, SOURCETYPE, DESCRIPTION, INVENTORYBATCH_ID, ISOTTASK, TOTAL, TECHNICIAN_ID]
Column names for Curated Table --> DIM_INVOICEITEM :: [BASERATE2, COST, CROSSSALEGROUP, ISOTTASK, MEMBERPRICE, ORDER, QUANTITY, TOTALCOST, ISUNITPRICEMANUALLYSET, PARENTITEM_ID, PAYSSOLDBYRATE, PAYSCOMMISSION, GENERALLEDGERACCOUNT_ID, BASERATE1, INVENTORYBATCH_ID, INVOICE_ID, SKUREFERENCE_SKUID, BASERATE3, EXPORTID, ISINVENTORY, SKU_ID, INVENTORYSTATUS, SOLDHOURS, TECHNICIAN_ID, TECHNICIANFORBASERATE2_ID, ACCOUNT, ALLOWDISCOUNTS, COMMISSIONBONUS, CREATEDON, IMPORTID, ISADDON, PROCUREMENTSOURCE_SOURCETYPE, NOTAX, PROJECTLABELS, SOLDBY_ID, TECHNICIANFORBASERATE1_ID, TECHNICIANSPLIT1, PAYSFLATAMOUNT, UNITPRICE, BONUS, COSTOFSALEACCOUNT_ID, CREATEDBY_ID, DISPLAYINAMOUNT, PAYTECHSPECIFICBONUS, PRICEMODIFIER_ID, TECHNICIANACKNOWLEDGEMENTSIGNATURE, TECHNICIANSPLIT3, PROCUREMENTSOURCE_PURCHASEORDERITEMID, PROCUREMENTSOURCE_REQUISITIONITEMID, PROJECTORDER, DATECREATED, TECHNICIANFORBASERATE3_ID, ACTIVE, ADDONFLATAMOUNT, BUSINESSUNIT_ID, CHARGEABLE, EQUIPMENT_ID, INVENTORYLOCATION_ID, INVENTORYWAREHOUSENAME, ITEMGROUPNAME, ITEMGROUPROOT_ID, RECORD_UPDATE_DATE, MODIFIEDON, PROCUREDFROM_ID, SCHEDULEDFLATAMOUNT, PROCUREMENTSOURCE_ESTIMATEITEMID, TAXABLE, PROCUREDFROMESTIMATEITEM_ID, AUTOGLASSITEM_ID, HOURS, LASTUNITPRICESETBYEMPLOYEE, MARKUP, USEDMATERIAL_ID, MEMBERSHIPWORKFLOWACTION, SKUREFERENCE_SKUTYPE, SOLDBYCOMMISSION, SOURCETYPE, RECORD_UPDATED_BY, WORKFLOWACTION_ID, DEDUCTASJOBCOST, DESCRIPTION, ESTIMATEITEM_ID, STANDARDPRICE, TECHNICIANSPLIT2, TOTAL, ID, RECORD_CREATE_DATE, SIGNATURE, SKUNAME, TENANT_TYPE]
Column Name found in Datamart and Curated Table :: INVENTORYBATCH_ID
Column Name found in Datamart and Curated Table :: ISINVENTORY
Column Name found in Datamart and Curated Table :: NOTAX
Column Name found in Datamart and Curated Table :: PROCUREDFROM_ID
Column Name found in Datamart and Curated Table :: PROCUREDFROMESTIMATEITEM_ID
Column Name found in Datamart and Curated Table :: PROCUREMENTSOURCE_REQUISITIONITEMID
Column Name found in Datamart and Curated Table :: WORKFLOWACTION_ID
Column Name found in Datamart and Curated Table :: SCHEDULEDFLATAMOUNT
Column Name found in Datamart and Curated Table :: ADDONFLATAMOUNT
Column Name found in Datamart and Curated Table :: BASERATE1
Column Name found in Datamart and Curated Table :: COMMISSIONBONUS
Column Name found in Datamart and Curated Table :: DISPLAYINAMOUNT
Column Name found in Datamart and Curated Table :: PAYSSOLDBYRATE
Column Name found in Datamart and Curated Table :: PROCUREMENTSOURCE_ESTIMATEITEMID
Column Name found in Datamart and Curated Table :: CHARGEABLE
Column Name found in Datamart and Curated Table :: ID
Column Name found in Datamart and Curated Table :: PAYSCOMMISSION
Column Name found in Datamart and Curated Table :: SOLDHOURS
Column Name found in Datamart and Curated Table :: STANDARDPRICE
Column Name found in Datamart and Curated Table :: TECHNICIANSPLIT3
Column Name found in Datamart and Curated Table :: ACCOUNT
Column Name found in Datamart and Curated Table :: AUTOGLASSITEM_ID
Column Name found in Datamart and Curated Table :: COST
Column Name found in Datamart and Curated Table :: CREATEDON
Column Name found in Datamart and Curated Table :: DEDUCTASJOBCOST
Column Name found in Datamart and Curated Table :: INVENTORYSTATUS
Column Name found in Datamart and Curated Table :: LASTUNITPRICESETBYEMPLOYEE
Column Name found in Datamart and Curated Table :: PROCUREMENTSOURCE_PURCHASEORDERITEMID
Column Name found in Datamart and Curated Table :: TAXABLE
Column Name found in Datamart and Curated Table :: PAYTECHSPECIFICBONUS
Column Name found in Datamart and Curated Table :: ACTIVE
Column Name found in Datamart and Curated Table :: BUSINESSUNIT_ID
Column Name found in Datamart and Curated Table :: MEMBERSHIPWORKFLOWACTION
Column Name found in Datamart and Curated Table :: UNITPRICE
Column Name found in Datamart and Curated Table :: ESTIMATEITEM_ID
Column Name found in Datamart and Curated Table :: ITEMGROUPROOT_ID
Column Name found in Datamart and Curated Table :: MODIFIEDON
Column Name found in Datamart and Curated Table :: ORDER
Column Name found in Datamart and Curated Table :: SIGNATURE
Column Name found in Datamart and Curated Table :: HOURS
Column Name found in Datamart and Curated Table :: SKUREFERENCE_SKUTYPE
Column Name found in Datamart and Curated Table :: CREATEDBY_ID
Column Name found in Datamart and Curated Table :: INVENTORYLOCATION_ID
Column Name found in Datamart and Curated Table :: INVENTORYWAREHOUSENAME
Column Name found in Datamart and Curated Table :: ISADDON
Column Name found in Datamart and Curated Table :: ISOTTASK
Column Name found in Datamart and Curated Table :: ISUNITPRICEMANUALLYSET
Column Name found in Datamart and Curated Table :: PAYSFLATAMOUNT
Column Name found in Datamart and Curated Table :: TECHNICIANFORBASERATE1_ID
Column Name found in Datamart and Curated Table :: EQUIPMENT_ID
Column Name found in Datamart and Curated Table :: ITEMGROUPNAME
Column Name found in Datamart and Curated Table :: PROJECTLABELS
Column Name found in Datamart and Curated Table :: SOLDBY_ID
Column Name found in Datamart and Curated Table :: TECHNICIANFORBASERATE3_ID
Column Name found in Datamart and Curated Table :: USEDMATERIAL_ID
Column Name found in Datamart and Curated Table :: PROJECTORDER
Column Name found in Datamart and Curated Table :: BONUS
Column Name found in Datamart and Curated Table :: PRICEMODIFIER_ID
Column Name found in Datamart and Curated Table :: PROCUREMENTSOURCE_SOURCETYPE
Column Name found in Datamart and Curated Table :: SOLDBYCOMMISSION
Column Name found in Datamart and Curated Table :: MEMBERPRICE
Column Name found in Datamart and Curated Table :: TECHNICIAN_ID
Column Name found in Datamart and Curated Table :: SKU_ID
Column Name found in Datamart and Curated Table :: ALLOWDISCOUNTS
Column Name found in Datamart and Curated Table :: BASERATE2
Column Name found in Datamart and Curated Table :: BASERATE3
Column Name found in Datamart and Curated Table :: COSTOFSALEACCOUNT_ID
Column Name found in Datamart and Curated Table :: DATECREATED
Column Name found in Datamart and Curated Table :: INVOICE_ID
Column Name found in Datamart and Curated Table :: SKUNAME
Column Name found in Datamart and Curated Table :: TECHNICIANACKNOWLEDGEMENTSIGNATURE
Column Name found in Datamart and Curated Table :: TECHNICIANFORBASERATE2_ID
Column Name found in Datamart and Curated Table :: TOTAL
Column Name found in Datamart and Curated Table :: EXPORTID
Column Name found in Datamart and Curated Table :: GENERALLEDGERACCOUNT_ID
Column Name found in Datamart and Curated Table :: IMPORTID
Column Name found in Datamart and Curated Table :: QUANTITY
Column Name found in Datamart and Curated Table :: TECHNICIANSPLIT2
Column Name found in Datamart and Curated Table :: TECHNICIANSPLIT1
Column Name found in Datamart and Curated Table :: DESCRIPTION
Column Name found in Datamart and Curated Table :: MARKUP
Column Name found in Datamart and Curated Table :: CROSSSALEGROUP
Column Name found in Datamart and Curated Table :: PARENTITEM_ID
Column Name found in Datamart and Curated Table :: SKUREFERENCE_SKUID
Column Name found in Datamart and Curated Table :: SOURCETYPE
Column Name found in Datamart and Curated Table :: TOTALCOST
Datamart tables contains additional column name like [ACTIVE_FLAG, RECORD_CREATE_DATE, RECORD_UPDATE_DATE, RECORD_UPDATE_DATE, MASTER_ID, TENANT_TYPE]
Curated tables contains additional column name like [RECORD_CREATE_DATE, RECORD_UPDATE_DATE, RECORD_UPDATED_BY, TENANT_TYPE]]]>
  </system-out>
  <testcase classname="testcases.RAW_DATAMART_CURATED.SnowFlake_ColumnValidation_BKPTables" name="validateColumnName_BKP" time="4.334">
    <failure message="The following asserts failed:
	null,
	null" type="java.lang.AssertionError">
      <![CDATA[java.lang.AssertionError: The following asserts failed:
null,
null
at org.testng.asserts.SoftAssert.assertAll(SoftAssert.java:47)
at org.testng.asserts.SoftAssert.assertAll(SoftAssert.java:31)
at testcases.RAW_DATAMART_CURATED.SnowFlake_ColumnValidation_BKPTables.validateColumnName_BKP(SnowFlake_ColumnValidation_BKPTables.java:120)
at jdk.internal.reflect.GeneratedMethodAccessor38.invoke(Unknown Source)
at java.base/jdk.internal.reflect.DelegatingMethodAccessorImpl.invoke(DelegatingMethodAccessorImpl.java:43)
at java.base/java.lang.reflect.Method.invoke(Method.java:568)
at org.testng.internal.MethodInvocationHelper.invokeMethod(MethodInvocationHelper.java:133)
at org.testng.internal.TestInvoker.invokeMethod(TestInvoker.java:598)
at org.testng.internal.TestInvoker.invokeTestMethod(TestInvoker.java:173)
at org.testng.internal.MethodRunner.runInSequence(MethodRunner.java:46)
at org.testng.internal.TestInvoker$MethodInvocationAgent.invoke(TestInvoker.java:824)
at org.testng.internal.TestInvoker.invokeTestMethods(TestInvoker.java:146)
at org.testng.internal.TestMethodWorker.invokeTestMethods(TestMethodWorker.java:146)
at org.testng.internal.TestMethodWorker.run(TestMethodWorker.java:128)
at java.base/java.util.ArrayList.forEach(ArrayList.java:1511)
at org.testng.TestRunner.privateRun(TestRunner.java:794)
at org.testng.TestRunner.run(TestRunner.java:596)
at org.testng.SuiteRunner.runTest(SuiteRunner.java:377)
at org.testng.SuiteRunner.runSequentially(SuiteRunner.java:371)
at org.testng.SuiteRunner.privateRun(SuiteRunner.java:332)
at org.testng.SuiteRunner.run(SuiteRunner.java:276)
at org.testng.SuiteRunnerWorker.runSuite(SuiteRunnerWorker.java:53)
at org.testng.SuiteRunnerWorker.run(SuiteRunnerWorker.java:96)
at org.testng.TestNG.runSuitesSequentially(TestNG.java:1212)
at org.testng.TestNG.runSuitesLocally(TestNG.java:1134)
at org.testng.TestNG.runSuites(TestNG.java:1063)
at org.testng.TestNG.run(TestNG.java:1031)
at org.testng.remote.AbstractRemoteTestNG.run(AbstractRemoteTestNG.java:115)
at org.testng.remote.RemoteTestNG.initAndRun(RemoteTestNG.java:251)
at org.testng.remote.RemoteTestNG.main(RemoteTestNG.java:77)
]]>
    </failure>
  </testcase> <!-- validateColumnName_BKP -->
  <system-out>
    <![CDATA[Executing Snowflake query :: SELECT COLUMN_NAME FROM DEV_ENT_RAW.INFORMATION_SCHEMA.COLUMNS WHERE TABLE_NAME='PROJECT'and TABLE_SCHEMA='ST_GOLDMEDAL_MATILLION'
Executing Snowflake query :: SELECT COLUMN_NAME FROM CURATED_DATAMART.INFORMATION_SCHEMA.COLUMNS WHERE TABLE_NAME='STR_PROJECT'and TABLE_SCHEMA='ST_BKP_GOLDMEDAL'
Executing Snowflake query :: SELECT COLUMN_NAME FROM DEV_ENT_CURATED.INFORMATION_SCHEMA.COLUMNS WHERE TABLE_NAME='DIM_PROJECT'and TABLE_SCHEMA='MASTER_DIMENSIONS'
Column names for RAW Table --> PROJECT :: [CUSTOMER_ID, MODIFIEDON, PROJECTSETTINGSTYPE, SUMMARY, LOCATION_ID, RETAINAGEPERCENT, ACKNOWLEDGEMENTSIGNATURE, COMPLETEDON, CONTRACTESTIMATE_ID, CONTRACTFOR, ID, ISPREVAILINGWAGE, NUMBER, COMPLETEDONACTUAL, IMPORTID, ISRETAINAGEENABLED, AREITEMSREORDERED, STARTEDON, ACTIVE, TECHNICIANSIGNATURE, COMPLETIONPERCENT, CONTRACTSTARTDATE, REVENUERECOGNITIONMETHOD, AUTHORIZATIONSIGNATURE, COSTTOCOMPLETE, CREATEDBY_ID, CREATEDON, PAYMENTTERM_ID, NAME]
Column names for DataMart Table --> STR_PROJECT :: [ACKNOWLEDGEMENTSIGNATURE, AUTHORIZATIONSIGNATURE, CONTRACTESTIMATE_ID, MODIFIEDON, TECHNICIANSIGNATURE, MD5_VALUE, ACTIVE, AREITEMSREORDERED, COMPLETEDON, ACTIVE_FLAG, ISRETAINAGEENABLED, MASTER_ID, PROJECTSETTINGSTYPE, RECORD_CREATE_DATE, RETAINAGEPERCENT, COMPLETEDONACTUAL, CREATEDBY_ID, SUMMARY, CREATEDON, ID, LOCATION_ID, IMPORTID, PAYMENTTERM_ID, TENANT_TYPE, ISPREVAILINGWAGE, RECORD_UPDATE_DATE, COMPLETIONPERCENT, CONTRACTFOR, CONTRACTSTARTDATE, CUSTOMER_ID, NAME, NUMBER, STARTEDON]
Column names for Curated Table --> DIM_PROJECT :: [RECORD_UPDATE_DATE, ACTIVE, AUTHORIZATIONSIGNATURE, COMPLETEDON, RETAINAGEPERCENT, IMPORTID, CONTRACTFOR, CONTRACTSTARTDATE, ID, ISRETAINAGEENABLED, RECORD_CREATE_DATE, RECORD_UPDATED_BY, TENANT_TYPE, PROJECTSETTINGSTYPE, TECHNICIANSIGNATURE, ISPREVAILINGWAGE, MD5_VALUE, NAME, PAYMENTTERM_ID, COMPLETEDONACTUAL, CUSTOMER_ID, NUMBER, AREITEMSREORDERED, CREATEDON, LOCATION_ID, MODIFIEDON, STARTEDON, ACKNOWLEDGEMENTSIGNATURE, COMPLETIONPERCENT, CONTRACTESTIMATE_ID, SUMMARY, CREATEDBY_ID]
Column Name found in Datamart and Curated Table :: CUSTOMER_ID
Column Name found in Datamart and Curated Table :: MODIFIEDON
Column Name found in Datamart and Curated Table :: PROJECTSETTINGSTYPE
Column Name found in Datamart and Curated Table :: SUMMARY
Column Name found in Datamart and Curated Table :: LOCATION_ID
Column Name found in Datamart and Curated Table :: RETAINAGEPERCENT
Column Name found in Datamart and Curated Table :: ACKNOWLEDGEMENTSIGNATURE
Column Name found in Datamart and Curated Table :: COMPLETEDON
Column Name found in Datamart and Curated Table :: CONTRACTESTIMATE_ID
Column Name found in Datamart and Curated Table :: CONTRACTFOR
Column Name found in Datamart and Curated Table :: ID
Column Name found in Datamart and Curated Table :: ISPREVAILINGWAGE
Column Name found in Datamart and Curated Table :: NUMBER
Column Name found in Datamart and Curated Table :: COMPLETEDONACTUAL
Column Name found in Datamart and Curated Table :: IMPORTID
Column Name found in Datamart and Curated Table :: ISRETAINAGEENABLED
Column Name found in Datamart and Curated Table :: AREITEMSREORDERED
Column Name found in Datamart and Curated Table :: STARTEDON
Column Name found in Datamart and Curated Table :: ACTIVE
Column Name found in Datamart and Curated Table :: TECHNICIANSIGNATURE
Column Name found in Datamart and Curated Table :: COMPLETIONPERCENT
Column Name found in Datamart and Curated Table :: CONTRACTSTARTDATE
Column Name not found in Datamart and Curated Table :: REVENUERECOGNITIONMETHOD
Column Name found in Datamart and Curated Table :: AUTHORIZATIONSIGNATURE
Column Name not found in Datamart and Curated Table :: COSTTOCOMPLETE
Column Name found in Datamart and Curated Table :: CREATEDBY_ID
Column Name found in Datamart and Curated Table :: CREATEDON
Column Name found in Datamart and Curated Table :: PAYMENTTERM_ID
Column Name found in Datamart and Curated Table :: NAME
Datamart tables contains additional column name like [ACTIVE_FLAG, RECORD_CREATE_DATE, RECORD_UPDATE_DATE, RECORD_UPDATE_DATE, MASTER_ID, TENANT_TYPE]
Curated tables contains additional column name like [RECORD_CREATE_DATE, RECORD_UPDATE_DATE, RECORD_UPDATED_BY, TENANT_TYPE]]]>
  </system-out>
  <testcase classname="testcases.RAW_DATAMART_CURATED.SnowFlake_ColumnValidation_BKPTables" name="validateColumnName_BKP" time="2.143"/>
  <system-out>
    <![CDATA[Executing Snowflake query :: SELECT COLUMN_NAME FROM DEV_ENT_RAW.INFORMATION_SCHEMA.COLUMNS WHERE TABLE_NAME='INVOICEITEM'and TABLE_SCHEMA='ST_MAITZ_MATILLION'
Executing Snowflake query :: SELECT COLUMN_NAME FROM CURATED_DATAMART.INFORMATION_SCHEMA.COLUMNS WHERE TABLE_NAME='STR_INVOICEITEM'and TABLE_SCHEMA='ST_BKP_MAITZ'
Executing Snowflake query :: SELECT COLUMN_NAME FROM DEV_ENT_CURATED.INFORMATION_SCHEMA.COLUMNS WHERE TABLE_NAME='DIM_INVOICEITEM'and TABLE_SCHEMA='MASTER_DIMENSIONS'
Column names for RAW Table --> INVOICEITEM :: [ALLOWDISCOUNTS, ESTIMATEITEM_ID, HOURS, ISUNITPRICEMANUALLYSET, SKU_ID, STANDARDPRICE, DEDUCTASJOBCOST, DISPLAYINAMOUNT, PAYSCOMMISSION, QUANTITY, BASERATE1, BASERATE3, INVENTORYSTATUS, SOURCETYPE, MODIFIEDON, SKUNAME, PROCUREDFROMESTIMATEITEM_ID, PROCUREMENTSOURCE_ESTIMATEITEMID, SOLDHOURS, INVENTORYWAREHOUSENAME, TECHNICIANFORBASERATE2_ID, TECHNICIANSPLIT3, UNITPRICE, USEDMATERIAL_ID, COSTOFSALEACCOUNT_ID, MEMBERSHIPWORKFLOWACTION, NOTAX, GENERALLEDGERACCOUNT_ID, MEMBERPRICE, PAYSSOLDBYRATE, TECHNICIANFORBASERATE3_ID, PROJECTLABELS, SKUREFERENCE_SKUID, INVOICE_ID, AUTOGLASSITEM_ID, BUSINESSUNIT_ID, EXPORTID, LASTUNITPRICESETBYEMPLOYEE, PARENTITEM_ID, TECHNICIANFORBASERATE1_ID, EQUIPMENT_ID, TAXABLE, WORKFLOWACTION_ID, BONUS, ACTIVE, CHARGEABLE, CREATEDON, CROSSSALEGROUP, ITEMGROUPROOT_ID, SKUREFERENCE_SKUTYPE, TECHNICIANSPLIT1, IMPORTID, TECHNICIANACKNOWLEDGEMENTSIGNATURE, SCHEDULEDFLATAMOUNT, ACCOUNT, ADDONFLATAMOUNT, BASERATE2, COMMISSIONBONUS, CREATEDBY_ID, DATECREATED, ISADDON, PROCUREMENTSOURCE_PURCHASEORDERITEMID, ITEMGROUPNAME, ORDER, PROCUREDFROM_ID, SIGNATURE, TOTALCOST, INVENTORYBATCH_ID, PAYSFLATAMOUNT, PROCUREMENTSOURCE_SOURCETYPE, DESCRIPTION, INVENTORYLOCATION_ID, ISINVENTORY, ISOTTASK, PAYTECHSPECIFICBONUS, PRICEMODIFIER_ID, PROCUREMENTSOURCE_REQUISITIONITEMID, COST, ID, TECHNICIAN_ID, SOLDBYCOMMISSION, TECHNICIANSPLIT2, TOTAL, MARKUP, PROJECTORDER, SOLDBY_ID]
Column names for DataMart Table --> STR_INVOICEITEM :: [ACTIVE_FLAG, GENERALLEDGERACCOUNT_ID, HOURS, IMPORTID, ITEMGROUPROOT_ID, NOTAX, QUANTITY, PROCUREDFROM_ID, PROJECTLABELS, RECORD_CREATE_DATE, MEMBERSHIPWORKFLOWACTION, USEDMATERIAL_ID, COMMISSIONBONUS, CROSSSALEGROUP, MASTER_ID, PAYTECHSPECIFICBONUS, TENANT_TYPE, ID, PARENTITEM_ID, PAYSSOLDBYRATE, PROCUREDFROMESTIMATEITEM_ID, SKUNAME, UNITPRICE, BONUS, DATECREATED, INVENTORYWAREHOUSENAME, INVOICE_ID, ITEMGROUPNAME, LASTUNITPRICESETBYEMPLOYEE, PAYSFLATAMOUNT, TECHNICIAN_ID, ISINVENTORY, RECORD_UPDATE_DATE, ESTIMATEITEM_ID, EXPORTID, SKU_ID, ACTIVE, AUTOGLASSITEM_ID, BASERATE3, INVENTORYBATCH_ID, INVENTORYLOCATION_ID, PROJECTORDER, SOLDBY_ID, TECHNICIANACKNOWLEDGEMENTSIGNATURE, MEMBERPRICE, TECHNICIANFORBASERATE3_ID, BASERATE1, COSTOFSALEACCOUNT_ID, ACCOUNT, ALLOWDISCOUNTS, ISUNITPRICEMANUALLYSET, MODIFIEDON, SOLDBYCOMMISSION, STANDARDPRICE, TECHNICIANFORBASERATE1_ID, TOTALCOST, SOURCETYPE, SOLDHOURS, DEDUCTASJOBCOST, INVENTORYSTATUS, ISOTTASK, PAYSCOMMISSION, PRICEMODIFIER_ID, MARKUP, TAXABLE, TECHNICIANFORBASERATE2_ID, CHARGEABLE, CREATEDON, SCHEDULEDFLATAMOUNT, TECHNICIANSPLIT1, DISPLAYINAMOUNT, SKUREFERENCE_SKUID, SKUREFERENCE_SKUTYPE, TOTAL, WORKFLOWACTION_ID, TECHNICIANSPLIT2, PROCUREMENTSOURCE_SOURCETYPE, ORDER, ADDONFLATAMOUNT, BASERATE2, CREATEDBY_ID, DESCRIPTION, EQUIPMENT_ID, ISADDON, PROCUREMENTSOURCE_PURCHASEORDERITEMID, SIGNATURE, BUSINESSUNIT_ID, COST, PROCUREMENTSOURCE_ESTIMATEITEMID, TECHNICIANSPLIT3, PROCUREMENTSOURCE_REQUISITIONITEMID]
Column names for Curated Table --> DIM_INVOICEITEM :: [BASERATE2, COST, CROSSSALEGROUP, ISOTTASK, MEMBERPRICE, ORDER, QUANTITY, TOTALCOST, ISUNITPRICEMANUALLYSET, PARENTITEM_ID, PAYSSOLDBYRATE, PAYSCOMMISSION, GENERALLEDGERACCOUNT_ID, BASERATE1, INVENTORYBATCH_ID, INVOICE_ID, SKUREFERENCE_SKUID, BASERATE3, EXPORTID, ISINVENTORY, SKU_ID, INVENTORYSTATUS, SOLDHOURS, TECHNICIAN_ID, TECHNICIANFORBASERATE2_ID, ACCOUNT, ALLOWDISCOUNTS, COMMISSIONBONUS, CREATEDON, IMPORTID, ISADDON, PROCUREMENTSOURCE_SOURCETYPE, NOTAX, PROJECTLABELS, SOLDBY_ID, TECHNICIANFORBASERATE1_ID, TECHNICIANSPLIT1, PAYSFLATAMOUNT, UNITPRICE, BONUS, COSTOFSALEACCOUNT_ID, CREATEDBY_ID, DISPLAYINAMOUNT, PAYTECHSPECIFICBONUS, PRICEMODIFIER_ID, TECHNICIANACKNOWLEDGEMENTSIGNATURE, TECHNICIANSPLIT3, PROCUREMENTSOURCE_PURCHASEORDERITEMID, PROCUREMENTSOURCE_REQUISITIONITEMID, PROJECTORDER, DATECREATED, TECHNICIANFORBASERATE3_ID, ACTIVE, ADDONFLATAMOUNT, BUSINESSUNIT_ID, CHARGEABLE, EQUIPMENT_ID, INVENTORYLOCATION_ID, INVENTORYWAREHOUSENAME, ITEMGROUPNAME, ITEMGROUPROOT_ID, RECORD_UPDATE_DATE, MODIFIEDON, PROCUREDFROM_ID, SCHEDULEDFLATAMOUNT, PROCUREMENTSOURCE_ESTIMATEITEMID, TAXABLE, PROCUREDFROMESTIMATEITEM_ID, AUTOGLASSITEM_ID, HOURS, LASTUNITPRICESETBYEMPLOYEE, MARKUP, USEDMATERIAL_ID, MEMBERSHIPWORKFLOWACTION, SKUREFERENCE_SKUTYPE, SOLDBYCOMMISSION, SOURCETYPE, RECORD_UPDATED_BY, WORKFLOWACTION_ID, DEDUCTASJOBCOST, DESCRIPTION, ESTIMATEITEM_ID, STANDARDPRICE, TECHNICIANSPLIT2, TOTAL, ID, RECORD_CREATE_DATE, SIGNATURE, SKUNAME, TENANT_TYPE]
Column Name found in Datamart and Curated Table :: ALLOWDISCOUNTS
Column Name found in Datamart and Curated Table :: ESTIMATEITEM_ID
Column Name found in Datamart and Curated Table :: HOURS
Column Name found in Datamart and Curated Table :: ISUNITPRICEMANUALLYSET
Column Name found in Datamart and Curated Table :: SKU_ID
Column Name found in Datamart and Curated Table :: STANDARDPRICE
Column Name found in Datamart and Curated Table :: DEDUCTASJOBCOST
Column Name found in Datamart and Curated Table :: DISPLAYINAMOUNT
Column Name found in Datamart and Curated Table :: PAYSCOMMISSION
Column Name found in Datamart and Curated Table :: QUANTITY
Column Name found in Datamart and Curated Table :: BASERATE1
Column Name found in Datamart and Curated Table :: BASERATE3
Column Name found in Datamart and Curated Table :: INVENTORYSTATUS
Column Name found in Datamart and Curated Table :: SOURCETYPE
Column Name found in Datamart and Curated Table :: MODIFIEDON
Column Name found in Datamart and Curated Table :: SKUNAME
Column Name found in Datamart and Curated Table :: PROCUREDFROMESTIMATEITEM_ID
Column Name found in Datamart and Curated Table :: PROCUREMENTSOURCE_ESTIMATEITEMID
Column Name found in Datamart and Curated Table :: SOLDHOURS
Column Name found in Datamart and Curated Table :: INVENTORYWAREHOUSENAME
Column Name found in Datamart and Curated Table :: TECHNICIANFORBASERATE2_ID
Column Name found in Datamart and Curated Table :: TECHNICIANSPLIT3
Column Name found in Datamart and Curated Table :: UNITPRICE
Column Name found in Datamart and Curated Table :: USEDMATERIAL_ID
Column Name found in Datamart and Curated Table :: COSTOFSALEACCOUNT_ID
Column Name found in Datamart and Curated Table :: MEMBERSHIPWORKFLOWACTION
Column Name found in Datamart and Curated Table :: NOTAX
Column Name found in Datamart and Curated Table :: GENERALLEDGERACCOUNT_ID
Column Name found in Datamart and Curated Table :: MEMBERPRICE
Column Name found in Datamart and Curated Table :: PAYSSOLDBYRATE
Column Name found in Datamart and Curated Table :: TECHNICIANFORBASERATE3_ID
Column Name found in Datamart and Curated Table :: PROJECTLABELS
Column Name found in Datamart and Curated Table :: SKUREFERENCE_SKUID
Column Name found in Datamart and Curated Table :: INVOICE_ID
Column Name found in Datamart and Curated Table :: AUTOGLASSITEM_ID
Column Name found in Datamart and Curated Table :: BUSINESSUNIT_ID
Column Name found in Datamart and Curated Table :: EXPORTID
Column Name found in Datamart and Curated Table :: LASTUNITPRICESETBYEMPLOYEE
Column Name found in Datamart and Curated Table :: PARENTITEM_ID
Column Name found in Datamart and Curated Table :: TECHNICIANFORBASERATE1_ID
Column Name found in Datamart and Curated Table :: EQUIPMENT_ID
Column Name found in Datamart and Curated Table :: TAXABLE
Column Name found in Datamart and Curated Table :: WORKFLOWACTION_ID
Column Name found in Datamart and Curated Table :: BONUS
Column Name found in Datamart and Curated Table :: ACTIVE
Column Name found in Datamart and Curated Table :: CHARGEABLE
Column Name found in Datamart and Curated Table :: CREATEDON
Column Name found in Datamart and Curated Table :: CROSSSALEGROUP
Column Name found in Datamart and Curated Table :: ITEMGROUPROOT_ID
Column Name found in Datamart and Curated Table :: SKUREFERENCE_SKUTYPE
Column Name found in Datamart and Curated Table :: TECHNICIANSPLIT1
Column Name found in Datamart and Curated Table :: IMPORTID
Column Name found in Datamart and Curated Table :: TECHNICIANACKNOWLEDGEMENTSIGNATURE
Column Name found in Datamart and Curated Table :: SCHEDULEDFLATAMOUNT
Column Name found in Datamart and Curated Table :: ACCOUNT
Column Name found in Datamart and Curated Table :: ADDONFLATAMOUNT
Column Name found in Datamart and Curated Table :: BASERATE2
Column Name found in Datamart and Curated Table :: COMMISSIONBONUS
Column Name found in Datamart and Curated Table :: CREATEDBY_ID
Column Name found in Datamart and Curated Table :: DATECREATED
Column Name found in Datamart and Curated Table :: ISADDON
Column Name found in Datamart and Curated Table :: PROCUREMENTSOURCE_PURCHASEORDERITEMID
Column Name found in Datamart and Curated Table :: ITEMGROUPNAME
Column Name found in Datamart and Curated Table :: ORDER
Column Name found in Datamart and Curated Table :: PROCUREDFROM_ID
Column Name found in Datamart and Curated Table :: SIGNATURE
Column Name found in Datamart and Curated Table :: TOTALCOST
Column Name found in Datamart and Curated Table :: INVENTORYBATCH_ID
Column Name found in Datamart and Curated Table :: PAYSFLATAMOUNT
Column Name found in Datamart and Curated Table :: PROCUREMENTSOURCE_SOURCETYPE
Column Name found in Datamart and Curated Table :: DESCRIPTION
Column Name found in Datamart and Curated Table :: INVENTORYLOCATION_ID
Column Name found in Datamart and Curated Table :: ISINVENTORY
Column Name found in Datamart and Curated Table :: ISOTTASK
Column Name found in Datamart and Curated Table :: PAYTECHSPECIFICBONUS
Column Name found in Datamart and Curated Table :: PRICEMODIFIER_ID
Column Name found in Datamart and Curated Table :: PROCUREMENTSOURCE_REQUISITIONITEMID
Column Name found in Datamart and Curated Table :: COST
Column Name found in Datamart and Curated Table :: ID
Column Name found in Datamart and Curated Table :: TECHNICIAN_ID
Column Name found in Datamart and Curated Table :: SOLDBYCOMMISSION
Column Name found in Datamart and Curated Table :: TECHNICIANSPLIT2
Column Name found in Datamart and Curated Table :: TOTAL
Column Name found in Datamart and Curated Table :: MARKUP
Column Name found in Datamart and Curated Table :: PROJECTORDER
Column Name found in Datamart and Curated Table :: SOLDBY_ID
Datamart tables contains additional column name like [ACTIVE_FLAG, RECORD_CREATE_DATE, RECORD_UPDATE_DATE, RECORD_UPDATE_DATE, MASTER_ID, TENANT_TYPE]
Curated tables contains additional column name like [RECORD_CREATE_DATE, RECORD_UPDATE_DATE, RECORD_UPDATED_BY, TENANT_TYPE]]]>
  </system-out>
  <testcase classname="testcases.RAW_DATAMART_CURATED.SnowFlake_ColumnValidation_BKPTables" name="validateColumnName_BKP" time="4.347">
    <failure message="The following asserts failed:
	null" type="java.lang.AssertionError">
      <![CDATA[java.lang.AssertionError: The following asserts failed:
null
at org.testng.asserts.SoftAssert.assertAll(SoftAssert.java:47)
at org.testng.asserts.SoftAssert.assertAll(SoftAssert.java:31)
at testcases.RAW_DATAMART_CURATED.SnowFlake_ColumnValidation_BKPTables.validateColumnName_BKP(SnowFlake_ColumnValidation_BKPTables.java:120)
at jdk.internal.reflect.GeneratedMethodAccessor38.invoke(Unknown Source)
at java.base/jdk.internal.reflect.DelegatingMethodAccessorImpl.invoke(DelegatingMethodAccessorImpl.java:43)
at java.base/java.lang.reflect.Method.invoke(Method.java:568)
at org.testng.internal.MethodInvocationHelper.invokeMethod(MethodInvocationHelper.java:133)
at org.testng.internal.TestInvoker.invokeMethod(TestInvoker.java:598)
at org.testng.internal.TestInvoker.invokeTestMethod(TestInvoker.java:173)
at org.testng.internal.MethodRunner.runInSequence(MethodRunner.java:46)
at org.testng.internal.TestInvoker$MethodInvocationAgent.invoke(TestInvoker.java:824)
at org.testng.internal.TestInvoker.invokeTestMethods(TestInvoker.java:146)
at org.testng.internal.TestMethodWorker.invokeTestMethods(TestMethodWorker.java:146)
at org.testng.internal.TestMethodWorker.run(TestMethodWorker.java:128)
at java.base/java.util.ArrayList.forEach(ArrayList.java:1511)
at org.testng.TestRunner.privateRun(TestRunner.java:794)
at org.testng.TestRunner.run(TestRunner.java:596)
at org.testng.SuiteRunner.runTest(SuiteRunner.java:377)
at org.testng.SuiteRunner.runSequentially(SuiteRunner.java:371)
at org.testng.SuiteRunner.privateRun(SuiteRunner.java:332)
at org.testng.SuiteRunner.run(SuiteRunner.java:276)
at org.testng.SuiteRunnerWorker.runSuite(SuiteRunnerWorker.java:53)
at org.testng.SuiteRunnerWorker.run(SuiteRunnerWorker.java:96)
at org.testng.TestNG.runSuitesSequentially(TestNG.java:1212)
at org.testng.TestNG.runSuitesLocally(TestNG.java:1134)
at org.testng.TestNG.runSuites(TestNG.java:1063)
at org.testng.TestNG.run(TestNG.java:1031)
at org.testng.remote.AbstractRemoteTestNG.run(AbstractRemoteTestNG.java:115)
at org.testng.remote.RemoteTestNG.initAndRun(RemoteTestNG.java:251)
at org.testng.remote.RemoteTestNG.main(RemoteTestNG.java:77)
]]>
    </failure>
  </testcase> <!-- validateColumnName_BKP -->
  <system-out>
    <![CDATA[Executing Snowflake query :: SELECT COLUMN_NAME FROM DEV_ENT_RAW.INFORMATION_SCHEMA.COLUMNS WHERE TABLE_NAME='JOBTYPE'and TABLE_SCHEMA='ST_BILLFENWICK_MATILLION'
Executing Snowflake query :: SELECT COLUMN_NAME FROM CURATED_DATAMART.INFORMATION_SCHEMA.COLUMNS WHERE TABLE_NAME='STR_JOBTYPE'and TABLE_SCHEMA='ST_BKP_BILLFENWICK'
Executing Snowflake query :: SELECT COLUMN_NAME FROM DEV_ENT_CURATED.INFORMATION_SCHEMA.COLUMNS WHERE TABLE_NAME='DIM_JOBTYPE'and TABLE_SCHEMA='MASTER_DIMENSIONS'
Column names for RAW Table --> JOBTYPE :: [ID, ENFORCERECURRINGSERVICEEVENTSELECTION, PROJECTEDVALUEADJUSTMENT, ACTIVE, COMPCODE, COMPOVERTIMERATE, ISSMARTDISPATCHEDBYDEFAULTINAPI, MINIMUMMATERIALCOSTINPERCENT, ISAUTODISPATCHED, MODIFIEDON, NOCHARGE, SOLDTHRESHOLD, CLASS, IMAGE, PROJECTLABELS, COMPSTANDARDRATE, CREATEDON, DURATION, CREATEDBY_ID, ISTUNEUP, LIKELIHOOD, COMPDOUBLEOVERTIMERATE, MAXIMUMMATERIALCOSTINPERCENT, PRIORITY, IMPORTID, NAME, SUMMARY]
Column names for DataMart Table --> STR_JOBTYPE :: [ACTIVE_FLAG, COMPSTANDARDRATE, ISTUNEUP, MAXIMUMMATERIALCOSTINPERCENT, PRIORITY, PROJECTEDVALUEADJUSTMENT, TENANT_TYPE, DURATION, NAME, RECORD_UPDATE_DATE, ISAUTODISPATCHED, CREATEDBY_ID, IMAGE, NOCHARGE, ACTIVE, MINIMUMMATERIALCOSTINPERCENT, RECORD_CREATE_DATE, LIKELIHOOD, COMPCODE, ENFORCERECURRINGSERVICEEVENTSELECTION, PROJECTLABELS, SOLDTHRESHOLD, COMPDOUBLEOVERTIMERATE, ID, IMPORTID, CREATEDON, SUMMARY, CLASS, COMPOVERTIMERATE, MASTER_ID, MODIFIEDON]
Column names for Curated Table --> DIM_JOBTYPE :: [COMPOVERTIMERATE, PROJECTLABELS, RECORD_UPDATED_BY, MAXIMUMMATERIALCOSTINPERCENT, SUMMARY, NAME, COMPDOUBLEOVERTIMERATE, CREATEDBY_ID, DURATION, ISAUTODISPATCHED, RECORD_UPDATE_DATE, COMPSTANDARDRATE, NOCHARGE, IMPORTID, TENANT_TYPE, ACTIVE, ENFORCERECURRINGSERVICEEVENTSELECTION, ID, ISTUNEUP, CLASS, COMPCODE, MINIMUMMATERIALCOSTINPERCENT, PRIORITY, CREATEDON, LIKELIHOOD, RECORD_CREATE_DATE, SOLDTHRESHOLD, IMAGE, MODIFIEDON, PROJECTEDVALUEADJUSTMENT]
Column Name found in Datamart and Curated Table :: ID
Column Name found in Datamart and Curated Table :: ENFORCERECURRINGSERVICEEVENTSELECTION
Column Name found in Datamart and Curated Table :: PROJECTEDVALUEADJUSTMENT
Column Name found in Datamart and Curated Table :: ACTIVE
Column Name found in Datamart and Curated Table :: COMPCODE
Column Name found in Datamart and Curated Table :: COMPOVERTIMERATE
Column Name not found in Datamart and Curated Table :: ISSMARTDISPATCHEDBYDEFAULTINAPI
Column Name found in Datamart and Curated Table :: MINIMUMMATERIALCOSTINPERCENT
Column Name found in Datamart and Curated Table :: ISAUTODISPATCHED
Column Name found in Datamart and Curated Table :: MODIFIEDON
Column Name found in Datamart and Curated Table :: NOCHARGE
Column Name found in Datamart and Curated Table :: SOLDTHRESHOLD
Column Name found in Datamart and Curated Table :: CLASS
Column Name found in Datamart and Curated Table :: IMAGE
Column Name found in Datamart and Curated Table :: PROJECTLABELS
Column Name found in Datamart and Curated Table :: COMPSTANDARDRATE
Column Name found in Datamart and Curated Table :: CREATEDON
Column Name found in Datamart and Curated Table :: DURATION
Column Name found in Datamart and Curated Table :: CREATEDBY_ID
Column Name found in Datamart and Curated Table :: ISTUNEUP
Column Name found in Datamart and Curated Table :: LIKELIHOOD
Column Name found in Datamart and Curated Table :: COMPDOUBLEOVERTIMERATE
Column Name found in Datamart and Curated Table :: MAXIMUMMATERIALCOSTINPERCENT
Column Name found in Datamart and Curated Table :: PRIORITY
Column Name found in Datamart and Curated Table :: IMPORTID
Column Name found in Datamart and Curated Table :: NAME
Column Name found in Datamart and Curated Table :: SUMMARY
Datamart tables contains additional column name like [ACTIVE_FLAG, RECORD_CREATE_DATE, RECORD_UPDATE_DATE, RECORD_UPDATE_DATE, MASTER_ID, TENANT_TYPE]
Curated tables contains additional column name like [RECORD_CREATE_DATE, RECORD_UPDATE_DATE, RECORD_UPDATED_BY, TENANT_TYPE]]]>
  </system-out>
  <testcase classname="testcases.RAW_DATAMART_CURATED.SnowFlake_ColumnValidation_BKPTables" name="validateColumnName_BKP" time="2.164"/>
  <system-out>
    <![CDATA[Executing Snowflake query :: SELECT COLUMN_NAME FROM DEV_ENT_RAW.INFORMATION_SCHEMA.COLUMNS WHERE TABLE_NAME='EQUIPMENT'and TABLE_SCHEMA='ST_MAITZ_MATILLION'
Executing Snowflake query :: SELECT COLUMN_NAME FROM CURATED_DATAMART.INFORMATION_SCHEMA.COLUMNS WHERE TABLE_NAME='STR_EQUIPMENT'and TABLE_SCHEMA='ST_BKP_MAITZ'
Executing Snowflake query :: SELECT COLUMN_NAME FROM DEV_ENT_CURATED.INFORMATION_SCHEMA.COLUMNS WHERE TABLE_NAME='DIM_EQUIPMENT'and TABLE_SCHEMA='MASTER_DIMENSIONS'
Column names for RAW Table --> EQUIPMENT :: [ASSETACCOUNT_ID, COMMISSIONBONUS, PAYSCOMMISSION, SYNCDATE, EXTERNALID, SERIALIZEDON, BRAND, IMPORTID, PROVIDER_ID, WARRANTYRESERVE, AVALARACOMMERCIALTAXCODE, BUSINESSUNIT_ID, CREATEDBY_ID, HOURS, IMAGES, MANUFACTURERWARRANTY_DURATION, ARCHIVED, AVALARARESIDENTIALTAXCODE, BONUS, COST, EXCLUDEFROMPRICEBOOKWIZARD, INVENTORYENABLEDON, MODEL, ID, ISINVENTORY, ISSERIALIZED, SERVICEPROVIDERWARRANTY_DESCRIPTION, ORIGINAL_ID, SOURCEVERSION, DISPLAYINAMOUNT, ACTIVE, ADDONPRICE, CATEGORY_ID, CREATEDON, PRIMARYVENDOR_ID, MANUFACTURER, MANUFACTURERWARRANTY_DESCRIPTION, MEMBERPRICE, NAME, ACCOUNT, ADDONFLATAMOUNT, ADDONMEMBERPRICE, ALLOWDISCOUNTS, INVENTORYENABLEDBY_ID, LOYALTYPROGRAMELIGIBLE, PAYTECHSPECIFICBONUS, SUPPLIERIMAGES, TYPE_ID, UNITOFMEASURE, COPIEDFROM_ID, GENERALLEDGERACCOUNT_ID, MODIFIEDON, PAYSSOLDBYRATE, PRICE, SERVICEPROVIDERWARRANTY_DURATION, SOURCE, COSTOFSALEACCOUNT_ID, CROSSSALEGROUP, DESCRIPTION, DISPLAYNAME, PAYSFLATAMOUNT, SCHEDULEDFLATAMOUNT, TAXABLE]
Column names for DataMart Table --> STR_EQUIPMENT :: [AVALARARESIDENTIALTAXCODE, DESCRIPTION, IMAGES, LOYALTYPROGRAMELIGIBLE, MODIFIEDON, SERVICEPROVIDERWARRANTY_DESCRIPTION, TENANT_TYPE, IMPORTID, SERIALIZEDON, COSTOFSALEACCOUNT_ID, PRIMARYVENDOR_ID, BUSINESSUNIT_ID, EXCLUDEFROMPRICEBOOKWIZARD, MANUFACTURERWARRANTY_DURATION, AVALARACOMMERCIALTAXCODE, EXTERNALID, NAME, PAYTECHSPECIFICBONUS, SOURCE, TAXABLE, UNITOFMEASURE, ADDONPRICE, ALLOWDISCOUNTS, CATEGORY_ID, COMMISSIONBONUS, COPIEDFROM_ID, DISPLAYINAMOUNT, HOURS, MANUFACTURER, SOURCEVERSION, CROSSSALEGROUP, MASTER_ID, BONUS, BRAND, MODEL, ORIGINAL_ID, RECORD_UPDATE_DATE, COST, SCHEDULEDFLATAMOUNT, RECORD_CREATE_DATE, SYNCDATE, ADDONFLATAMOUNT, ISINVENTORY, PAYSCOMMISSION, PRICE, PROVIDER_ID, SERVICEPROVIDERWARRANTY_DURATION, ID, INVENTORYENABLEDON, PAYSFLATAMOUNT, TYPE_ID, WARRANTYRESERVE, ACCOUNT, ACTIVE, ARCHIVED, ASSETACCOUNT_ID, CREATEDON, DISPLAYNAME, MEMBERPRICE, MANUFACTURERWARRANTY_DESCRIPTION, SUPPLIERIMAGES, ISSERIALIZED, ACTIVE_FLAG, ADDONMEMBERPRICE, CREATEDBY_ID, GENERALLEDGERACCOUNT_ID, INVENTORYENABLEDBY_ID, PAYSSOLDBYRATE]
Column names for Curated Table --> DIM_EQUIPMENT :: [ASSETACCOUNT_ID, COMMISSIONBONUS, COSTOFSALEACCOUNT_ID, MODEL, SCHEDULEDFLATAMOUNT, COPIEDFROM_ID, ISSERIALIZED, PAYSFLATAMOUNT, PAYTECHSPECIFICBONUS, RECORD_CREATE_DATE, SERVICEPROVIDERWARRANTY_DURATION, ID, AVALARACOMMERCIALTAXCODE, BONUS, HOURS, LOYALTYPROGRAMELIGIBLE, SOURCE, SERIALIZEDON, ADDONPRICE, EXCLUDEFROMPRICEBOOKWIZARD, PAYSCOMMISSION, ISINVENTORY, MODIFIEDON, ACTIVE, ADDONMEMBERPRICE, CREATEDON, EXTERNALID, PRIMARYVENDOR_ID, BUSINESSUNIT_ID, NAME, PAYSSOLDBYRATE, SYNCDATE, AVALARARESIDENTIALTAXCODE, BRAND, CREATEDBY_ID, DISPLAYINAMOUNT, MANUFACTURERWARRANTY_DESCRIPTION, TENANT_TYPE, MANUFACTURER, PROVIDER_ID, SOURCEVERSION, RECORD_UPDATED_BY, ACCOUNT, ADDONFLATAMOUNT, COST, DISPLAYNAME, INVENTORYENABLEDBY_ID, TAXABLE, ARCHIVED, RECORD_UPDATE_DATE, DESCRIPTION, CATEGORY_ID, ALLOWDISCOUNTS, GENERALLEDGERACCOUNT_ID, INVENTORYENABLEDON, PRICE, TYPE_ID, SUPPLIERIMAGES, UNITOFMEASURE, CROSSSALEGROUP, IMAGES, IMPORTID, ORIGINAL_ID, SERVICEPROVIDERWARRANTY_DESCRIPTION, MEMBERPRICE, WARRANTYRESERVE, MANUFACTURERWARRANTY_DURATION]
Column Name found in Datamart and Curated Table :: ASSETACCOUNT_ID
Column Name found in Datamart and Curated Table :: COMMISSIONBONUS
Column Name found in Datamart and Curated Table :: PAYSCOMMISSION
Column Name found in Datamart and Curated Table :: SYNCDATE
Column Name found in Datamart and Curated Table :: EXTERNALID
Column Name found in Datamart and Curated Table :: SERIALIZEDON
Column Name found in Datamart and Curated Table :: BRAND
Column Name found in Datamart and Curated Table :: IMPORTID
Column Name found in Datamart and Curated Table :: PROVIDER_ID
Column Name found in Datamart and Curated Table :: WARRANTYRESERVE
Column Name found in Datamart and Curated Table :: AVALARACOMMERCIALTAXCODE
Column Name found in Datamart and Curated Table :: BUSINESSUNIT_ID
Column Name found in Datamart and Curated Table :: CREATEDBY_ID
Column Name found in Datamart and Curated Table :: HOURS
Column Name found in Datamart and Curated Table :: IMAGES
Column Name found in Datamart and Curated Table :: MANUFACTURERWARRANTY_DURATION
Column Name found in Datamart and Curated Table :: ARCHIVED
Column Name found in Datamart and Curated Table :: AVALARARESIDENTIALTAXCODE
Column Name found in Datamart and Curated Table :: BONUS
Column Name found in Datamart and Curated Table :: COST
Column Name found in Datamart and Curated Table :: EXCLUDEFROMPRICEBOOKWIZARD
Column Name found in Datamart and Curated Table :: INVENTORYENABLEDON
Column Name found in Datamart and Curated Table :: MODEL
Column Name found in Datamart and Curated Table :: ID
Column Name found in Datamart and Curated Table :: ISINVENTORY
Column Name found in Datamart and Curated Table :: ISSERIALIZED
Column Name found in Datamart and Curated Table :: SERVICEPROVIDERWARRANTY_DESCRIPTION
Column Name found in Datamart and Curated Table :: ORIGINAL_ID
Column Name found in Datamart and Curated Table :: SOURCEVERSION
Column Name found in Datamart and Curated Table :: DISPLAYINAMOUNT
Column Name found in Datamart and Curated Table :: ACTIVE
Column Name found in Datamart and Curated Table :: ADDONPRICE
Column Name found in Datamart and Curated Table :: CATEGORY_ID
Column Name found in Datamart and Curated Table :: CREATEDON
Column Name found in Datamart and Curated Table :: PRIMARYVENDOR_ID
Column Name found in Datamart and Curated Table :: MANUFACTURER
Column Name found in Datamart and Curated Table :: MANUFACTURERWARRANTY_DESCRIPTION
Column Name found in Datamart and Curated Table :: MEMBERPRICE
Column Name found in Datamart and Curated Table :: NAME
Column Name found in Datamart and Curated Table :: ACCOUNT
Column Name found in Datamart and Curated Table :: ADDONFLATAMOUNT
Column Name found in Datamart and Curated Table :: ADDONMEMBERPRICE
Column Name found in Datamart and Curated Table :: ALLOWDISCOUNTS
Column Name found in Datamart and Curated Table :: INVENTORYENABLEDBY_ID
Column Name found in Datamart and Curated Table :: LOYALTYPROGRAMELIGIBLE
Column Name found in Datamart and Curated Table :: PAYTECHSPECIFICBONUS
Column Name found in Datamart and Curated Table :: SUPPLIERIMAGES
Column Name found in Datamart and Curated Table :: TYPE_ID
Column Name found in Datamart and Curated Table :: UNITOFMEASURE
Column Name found in Datamart and Curated Table :: COPIEDFROM_ID
Column Name found in Datamart and Curated Table :: GENERALLEDGERACCOUNT_ID
Column Name found in Datamart and Curated Table :: MODIFIEDON
Column Name found in Datamart and Curated Table :: PAYSSOLDBYRATE
Column Name found in Datamart and Curated Table :: PRICE
Column Name found in Datamart and Curated Table :: SERVICEPROVIDERWARRANTY_DURATION
Column Name found in Datamart and Curated Table :: SOURCE
Column Name found in Datamart and Curated Table :: COSTOFSALEACCOUNT_ID
Column Name found in Datamart and Curated Table :: CROSSSALEGROUP
Column Name found in Datamart and Curated Table :: DESCRIPTION
Column Name found in Datamart and Curated Table :: DISPLAYNAME
Column Name found in Datamart and Curated Table :: PAYSFLATAMOUNT
Column Name found in Datamart and Curated Table :: SCHEDULEDFLATAMOUNT
Column Name found in Datamart and Curated Table :: TAXABLE
Datamart tables contains additional column name like [ACTIVE_FLAG, RECORD_CREATE_DATE, RECORD_UPDATE_DATE, RECORD_UPDATE_DATE, MASTER_ID, TENANT_TYPE]
Curated tables contains additional column name like [RECORD_CREATE_DATE, RECORD_UPDATE_DATE, RECORD_UPDATED_BY, TENANT_TYPE]]]>
  </system-out>
  <testcase classname="testcases.RAW_DATAMART_CURATED.SnowFlake_ColumnValidation_BKPTables" name="validateColumnName_BKP" time="2.840"/>
  <system-out>
    <![CDATA[Executing Snowflake query :: SELECT COLUMN_NAME FROM DEV_ENT_RAW.INFORMATION_SCHEMA.COLUMNS WHERE TABLE_NAME='LEAD'and TABLE_SCHEMA='ST_HENDERSON_MATILLION'
Executing Snowflake query :: SELECT COLUMN_NAME FROM CURATED_DATAMART.INFORMATION_SCHEMA.COLUMNS WHERE TABLE_NAME='STR_LEAD'and TABLE_SCHEMA='ST_BKP_HENDERSON'
Executing Snowflake query :: SELECT COLUMN_NAME FROM DEV_ENT_CURATED.INFORMATION_SCHEMA.COLUMNS WHERE TABLE_NAME='DIM_LEAD'and TABLE_SCHEMA='MASTER_DIMENSIONS'
Column names for RAW Table --> LEAD :: [SUMMARY, BUSINESSUNIT_ID, CUSTOMER_ID, ID, PRIORITY, STATUS, CREATEDON, IMPORTID, LOCATION_ID, CAMPAIGN_ID, PROJECT_ID, LATESTFOLLOWUPDATE, MODIFIEDON, ACTIVE, CREATEDBY_ID, ESTIMATE_ID, JOBTYPE_ID]
Column names for DataMart Table --> STR_LEAD :: [LATESTFOLLOWUPDATE, MASTER_ID, PRIORITY, TENANT_TYPE, BUSINESSUNIT_ID, ESTIMATE_ID, JOBTYPE_ID, STATUS, CUSTOMER_ID, SUMMARY, CAMPAIGN_ID, CREATEDON, RECORD_UPDATE_DATE, CREATEDBY_ID, ACTIVE_FLAG, ID, PROJECT_ID, RECORD_CREATE_DATE, MD5_VALUE, IMPORTID, LOCATION_ID, ACTIVE, MODIFIEDON]
Column names for Curated Table --> DIM_LEAD :: [PRIORITY, ESTIMATE_ID, MD5_VALUE, MODIFIEDON, TENANT_TYPE, RECORD_UPDATED_BY, CUSTOMER_ID, PROJECT_ID, RECORD_CREATE_DATE, IMPORTID, STATUS, ACTIVE, BUSINESSUNIT_ID, CAMPAIGN_ID, CREATEDON, JOBTYPE_ID, LOCATION_ID, RECORD_UPDATE_DATE, CREATEDBY_ID, ID, LATESTFOLLOWUPDATE, SUMMARY]
Column Name found in Datamart and Curated Table :: SUMMARY
Column Name found in Datamart and Curated Table :: BUSINESSUNIT_ID
Column Name found in Datamart and Curated Table :: CUSTOMER_ID
Column Name found in Datamart and Curated Table :: ID
Column Name found in Datamart and Curated Table :: PRIORITY
Column Name found in Datamart and Curated Table :: STATUS
Column Name found in Datamart and Curated Table :: CREATEDON
Column Name found in Datamart and Curated Table :: IMPORTID
Column Name found in Datamart and Curated Table :: LOCATION_ID
Column Name found in Datamart and Curated Table :: CAMPAIGN_ID
Column Name found in Datamart and Curated Table :: PROJECT_ID
Column Name found in Datamart and Curated Table :: LATESTFOLLOWUPDATE
Column Name found in Datamart and Curated Table :: MODIFIEDON
Column Name found in Datamart and Curated Table :: ACTIVE
Column Name found in Datamart and Curated Table :: CREATEDBY_ID
Column Name found in Datamart and Curated Table :: ESTIMATE_ID
Column Name found in Datamart and Curated Table :: JOBTYPE_ID
Datamart tables contains additional column name like [ACTIVE_FLAG, RECORD_CREATE_DATE, RECORD_UPDATE_DATE, RECORD_UPDATE_DATE, MASTER_ID, TENANT_TYPE]
Curated tables contains additional column name like [RECORD_CREATE_DATE, RECORD_UPDATE_DATE, RECORD_UPDATED_BY, TENANT_TYPE]]]>
  </system-out>
  <testcase classname="testcases.RAW_DATAMART_CURATED.SnowFlake_ColumnValidation_BKPTables" name="validateColumnName_BKP" time="2.664"/>
  <system-out>
    <![CDATA[Executing Snowflake query :: SELECT COLUMN_NAME FROM DEV_ENT_RAW.INFORMATION_SCHEMA.COLUMNS WHERE TABLE_NAME='JOB'and TABLE_SCHEMA='ST_HDAIR_MATILLION'
Executing Snowflake query :: SELECT COLUMN_NAME FROM CURATED_DATAMART.INFORMATION_SCHEMA.COLUMNS WHERE TABLE_NAME='STR_JOB'and TABLE_SCHEMA='ST_BKP_HDAIR'
Executing Snowflake query :: SELECT COLUMN_NAME FROM DEV_ENT_CURATED.INFORMATION_SCHEMA.COLUMNS WHERE TABLE_NAME='DIM_JOB'and TABLE_SCHEMA='MASTER_DIMENSIONS'
Column names for RAW Table --> JOB :: [ISTECHNICIANSPECIFIC, LASTAPPOINTMENT_ID, LEAD_ID, MONTHNUMBER, OPPORTUNITY_ID, REASSIGNMENTPENALTY, ESTIMATEDCOST, GENERATEDFROM_ID, ID, IMPORTID, LASTCHANGEDBYSMARTDISPATCH, PREVAILINGWAGECODE_ID, SUMMARY, ALLOTTEDTIME, ISAUTODISPATCHED, ISPREVAILINGWAGE, STATUS, WARRANTYFOR_ID, APPROXIMATEENDDATE, CALLSCRIPTANSWERRECORD_ID, CAMPAIGN_ID, COMPLETIONSURVEYID, DRIVETIME, GENERATEDBY_ID, MODIFIEDON, START, DRIVINGCOST, ISCONFIRMED, LOCATION_ID, NOTIFICATIONSENABLED, PROJECTEDVALUE, SOLDBY_ID, TOTAL, SMARTDISPATCHDATA_JOB, CUSTOMER_ID, DURATION, EXTERNALID, LATEPENALTY, PREVAILINGWAGEJOBNUMBER, LEADGENERATED_ID, NOCHARGE, NOCHARGESOURCE, PLANEND, PMDATE, TYPE_ID, PROJECT_ID, PRIORITY, CREATEDFROMESTIMATE_ID, CREATEDFROMESTIMATESTATUSWHENBOOKING, END, MANAGEEMPLOYEEEMAIL, MEMBERSHIP_ID, NUMBER, UNION, OPPORTUNITYDATE, APPROXIMATESTARTDATE, BUSINESSUNIT_ID, CREATEDBY_ID, CREATEDON, PLANSTART, FIRSTAPPOINTMENT_ID, CUSTOMERPO, ACTIVE, COMPLETEDON, MANAGEFOLLOWUPEMAIL, PREDICTEDSALES, PREDICTEDTOTAL, SECONDARYJOBNUMBER, INVOICE_ID, RECALLFOR_ID]
Column names for DataMart Table --> STR_JOB :: [ACTIVE, BUSINESSUNIT_ID, GENERATEDFROM_ID, LEADGENERATED_ID, REASSIGNMENTPENALTY, TOTAL, PROJECT_ID, END, CREATEDFROMESTIMATE_ID, MANAGEEMPLOYEEEMAIL, NOCHARGE, MODIFIEDON, CALLSCRIPTANSWERRECORD_ID, CAMPAIGN_ID, COMPLETEDON, CUSTOMER_ID, IMPORTID, LASTCHANGEDBYSMARTDISPATCH, MASTER_ID, PREDICTEDTOTAL, RECORD_CREATE_DATE, ISAUTODISPATCHED, PRIORITY, OPPORTUNITYDATE, PREDICTEDSALES, TYPE_ID, PROJECTEDVALUE, DRIVINGCOST, ESTIMATEDCOST, FIRSTAPPOINTMENT_ID, OPPORTUNITY_ID, PREVAILINGWAGECODE_ID, RECALLFOR_ID, TENANT_TYPE, GENERATEDBY_ID, MONTHNUMBER, PLANSTART, SMARTDISPATCHDATA_JOB, NOTIFICATIONSENABLED, ALLOTTEDTIME, SUMMARY, CREATEDON, LEAD_ID, MANAGEFOLLOWUPEMAIL, RECORD_UPDATE_DATE, SOLDBY_ID, SECONDARYJOBNUMBER, STATUS, ACTIVE_FLAG, CREATEDBY_ID, DURATION, EXTERNALID, MEMBERSHIP_ID, CUSTOMERPO, ISTECHNICIANSPECIFIC, APPROXIMATEENDDATE, APPROXIMATESTARTDATE, CREATEDFROMESTIMATESTATUSWHENBOOKING, LATEPENALTY, PLANEND, PMDATE, ISCONFIRMED, ISPREVAILINGWAGE, START, COMPLETIONSURVEYID, DRIVETIME, INVOICE_ID, LASTAPPOINTMENT_ID, NOCHARGESOURCE, NUMBER, PREVAILINGWAGEJOBNUMBER, ID, LOCATION_ID, WARRANTYFOR_ID, UNION]
Column names for Curated Table --> DIM_JOB :: [LASTCHANGEDBYSMARTDISPATCH, PROJECTEDVALUE, TYPE_ID, EXTERNALID, NOCHARGESOURCE, PMDATE, RECALLFOR_ID, START, ACTIVE, ISAUTODISPATCHED, MONTHNUMBER, PRIORITY, CREATEDON, OPPORTUNITYDATE, PREVAILINGWAGEJOBNUMBER, RECORD_CREATE_DATE, CREATEDBY_ID, LASTAPPOINTMENT_ID, MANAGEEMPLOYEEEMAIL, TOTAL, APPROXIMATESTARTDATE, GENERATEDBY_ID, MANAGEFOLLOWUPEMAIL, RECORD_UPDATED_BY, WARRANTYFOR_ID, UNION, CREATEDFROMESTIMATE_ID, REASSIGNMENTPENALTY, PREDICTEDSALES, LATEPENALTY, DURATION, DRIVETIME, STATUS, SUMMARY, IMPORTID, NOTIFICATIONSENABLED, RECORD_UPDATE_DATE, ALLOTTEDTIME, COMPLETEDON, CUSTOMERPO, GENERATEDFROM_ID, ISTECHNICIANSPECIFIC, LOCATION_ID, PLANEND, MODIFIEDON, PREVAILINGWAGECODE_ID, SECONDARYJOBNUMBER, END, OPPORTUNITY_ID, APPROXIMATEENDDATE, BUSINESSUNIT_ID, CALLSCRIPTANSWERRECORD_ID, CUSTOMER_ID, DRIVINGCOST, ESTIMATEDCOST, FIRSTAPPOINTMENT_ID, PROJECT_ID, SOLDBY_ID, NOCHARGE, ISCONFIRMED, LEADGENERATED_ID, CAMPAIGN_ID, COMPLETIONSURVEYID, CREATEDFROMESTIMATESTATUSWHENBOOKING, ID, INVOICE_ID, ISPREVAILINGWAGE, LEAD_ID, MEMBERSHIP_ID, PLANSTART, SMARTDISPATCHDATA_JOB, TENANT_TYPE, PREDICTEDTOTAL, NUMBER]
Column Name found in Datamart and Curated Table :: ISTECHNICIANSPECIFIC
Column Name found in Datamart and Curated Table :: LASTAPPOINTMENT_ID
Column Name found in Datamart and Curated Table :: LEAD_ID
Column Name found in Datamart and Curated Table :: MONTHNUMBER
Column Name found in Datamart and Curated Table :: OPPORTUNITY_ID
Column Name found in Datamart and Curated Table :: REASSIGNMENTPENALTY
Column Name found in Datamart and Curated Table :: ESTIMATEDCOST
Column Name found in Datamart and Curated Table :: GENERATEDFROM_ID
Column Name found in Datamart and Curated Table :: ID
Column Name found in Datamart and Curated Table :: IMPORTID
Column Name found in Datamart and Curated Table :: LASTCHANGEDBYSMARTDISPATCH
Column Name found in Datamart and Curated Table :: PREVAILINGWAGECODE_ID
Column Name found in Datamart and Curated Table :: SUMMARY
Column Name found in Datamart and Curated Table :: ALLOTTEDTIME
Column Name found in Datamart and Curated Table :: ISAUTODISPATCHED
Column Name found in Datamart and Curated Table :: ISPREVAILINGWAGE
Column Name found in Datamart and Curated Table :: STATUS
Column Name found in Datamart and Curated Table :: WARRANTYFOR_ID
Column Name found in Datamart and Curated Table :: APPROXIMATEENDDATE
Column Name found in Datamart and Curated Table :: CALLSCRIPTANSWERRECORD_ID
Column Name found in Datamart and Curated Table :: CAMPAIGN_ID
Column Name found in Datamart and Curated Table :: COMPLETIONSURVEYID
Column Name found in Datamart and Curated Table :: DRIVETIME
Column Name found in Datamart and Curated Table :: GENERATEDBY_ID
Column Name found in Datamart and Curated Table :: MODIFIEDON
Column Name found in Datamart and Curated Table :: START
Column Name found in Datamart and Curated Table :: DRIVINGCOST
Column Name found in Datamart and Curated Table :: ISCONFIRMED
Column Name found in Datamart and Curated Table :: LOCATION_ID
Column Name found in Datamart and Curated Table :: NOTIFICATIONSENABLED
Column Name found in Datamart and Curated Table :: PROJECTEDVALUE
Column Name found in Datamart and Curated Table :: SOLDBY_ID
Column Name found in Datamart and Curated Table :: TOTAL
Column Name found in Datamart and Curated Table :: SMARTDISPATCHDATA_JOB
Column Name found in Datamart and Curated Table :: CUSTOMER_ID
Column Name found in Datamart and Curated Table :: DURATION
Column Name found in Datamart and Curated Table :: EXTERNALID
Column Name found in Datamart and Curated Table :: LATEPENALTY
Column Name found in Datamart and Curated Table :: PREVAILINGWAGEJOBNUMBER
Column Name found in Datamart and Curated Table :: LEADGENERATED_ID
Column Name found in Datamart and Curated Table :: NOCHARGE
Column Name found in Datamart and Curated Table :: NOCHARGESOURCE
Column Name found in Datamart and Curated Table :: PLANEND
Column Name found in Datamart and Curated Table :: PMDATE
Column Name found in Datamart and Curated Table :: TYPE_ID
Column Name found in Datamart and Curated Table :: PROJECT_ID
Column Name found in Datamart and Curated Table :: PRIORITY
Column Name found in Datamart and Curated Table :: CREATEDFROMESTIMATE_ID
Column Name found in Datamart and Curated Table :: CREATEDFROMESTIMATESTATUSWHENBOOKING
Column Name found in Datamart and Curated Table :: END
Column Name found in Datamart and Curated Table :: MANAGEEMPLOYEEEMAIL
Column Name found in Datamart and Curated Table :: MEMBERSHIP_ID
Column Name found in Datamart and Curated Table :: NUMBER
Column Name found in Datamart and Curated Table :: UNION
Column Name found in Datamart and Curated Table :: OPPORTUNITYDATE
Column Name found in Datamart and Curated Table :: APPROXIMATESTARTDATE
Column Name found in Datamart and Curated Table :: BUSINESSUNIT_ID
Column Name found in Datamart and Curated Table :: CREATEDBY_ID
Column Name found in Datamart and Curated Table :: CREATEDON
Column Name found in Datamart and Curated Table :: PLANSTART
Column Name found in Datamart and Curated Table :: FIRSTAPPOINTMENT_ID
Column Name found in Datamart and Curated Table :: CUSTOMERPO
Column Name found in Datamart and Curated Table :: ACTIVE
Column Name found in Datamart and Curated Table :: COMPLETEDON
Column Name found in Datamart and Curated Table :: MANAGEFOLLOWUPEMAIL
Column Name found in Datamart and Curated Table :: PREDICTEDSALES
Column Name found in Datamart and Curated Table :: PREDICTEDTOTAL
Column Name found in Datamart and Curated Table :: SECONDARYJOBNUMBER
Column Name found in Datamart and Curated Table :: INVOICE_ID
Column Name found in Datamart and Curated Table :: RECALLFOR_ID
Datamart tables contains additional column name like [ACTIVE_FLAG, RECORD_CREATE_DATE, RECORD_UPDATE_DATE, RECORD_UPDATE_DATE, MASTER_ID, TENANT_TYPE]
Curated tables contains additional column name like [RECORD_CREATE_DATE, RECORD_UPDATE_DATE, RECORD_UPDATED_BY, TENANT_TYPE]]]>
  </system-out>
  <testcase classname="testcases.RAW_DATAMART_CURATED.SnowFlake_ColumnValidation_BKPTables" name="validateColumnName_BKP" time="2.574"/>
  <system-out>
    <![CDATA[Executing Snowflake query :: SELECT COLUMN_NAME FROM DEV_ENT_RAW.INFORMATION_SCHEMA.COLUMNS WHERE TABLE_NAME='LEAD'and TABLE_SCHEMA='ST_GOLDMEDAL_MATILLION'
Executing Snowflake query :: SELECT COLUMN_NAME FROM CURATED_DATAMART.INFORMATION_SCHEMA.COLUMNS WHERE TABLE_NAME='STR_LEAD'and TABLE_SCHEMA='ST_BKP_GOLDMEDAL'
Executing Snowflake query :: SELECT COLUMN_NAME FROM DEV_ENT_CURATED.INFORMATION_SCHEMA.COLUMNS WHERE TABLE_NAME='DIM_LEAD'and TABLE_SCHEMA='MASTER_DIMENSIONS'
Column names for RAW Table --> LEAD :: [ACTIVE, ESTIMATE_ID, SUMMARY, LATESTFOLLOWUPDATE, BUSINESSUNIT_ID, CUSTOMER_ID, MODIFIEDON, CAMPAIGN_ID, ID, CREATEDON, PROJECT_ID, IMPORTID, LOCATION_ID, STATUS, PRIORITY, CREATEDBY_ID, JOBTYPE_ID]
Column names for DataMart Table --> STR_LEAD :: [LATESTFOLLOWUPDATE, MODIFIEDON, RECORD_CREATE_DATE, TENANT_TYPE, BUSINESSUNIT_ID, CUSTOMER_ID, CREATEDON, JOBTYPE_ID, PRIORITY, ACTIVE_FLAG, LOCATION_ID, MASTER_ID, MD5_VALUE, RECORD_UPDATE_DATE, STATUS, CREATEDBY_ID, ID, ESTIMATE_ID, PROJECT_ID, SUMMARY, ACTIVE, CAMPAIGN_ID, IMPORTID]
Column names for Curated Table --> DIM_LEAD :: [PRIORITY, ESTIMATE_ID, MD5_VALUE, MODIFIEDON, TENANT_TYPE, RECORD_UPDATED_BY, CUSTOMER_ID, PROJECT_ID, RECORD_CREATE_DATE, IMPORTID, STATUS, ACTIVE, BUSINESSUNIT_ID, CAMPAIGN_ID, CREATEDON, JOBTYPE_ID, LOCATION_ID, RECORD_UPDATE_DATE, CREATEDBY_ID, ID, LATESTFOLLOWUPDATE, SUMMARY]
Column Name found in Datamart and Curated Table :: ACTIVE
Column Name found in Datamart and Curated Table :: ESTIMATE_ID
Column Name found in Datamart and Curated Table :: SUMMARY
Column Name found in Datamart and Curated Table :: LATESTFOLLOWUPDATE
Column Name found in Datamart and Curated Table :: BUSINESSUNIT_ID
Column Name found in Datamart and Curated Table :: CUSTOMER_ID
Column Name found in Datamart and Curated Table :: MODIFIEDON
Column Name found in Datamart and Curated Table :: CAMPAIGN_ID
Column Name found in Datamart and Curated Table :: ID
Column Name found in Datamart and Curated Table :: CREATEDON
Column Name found in Datamart and Curated Table :: PROJECT_ID
Column Name found in Datamart and Curated Table :: IMPORTID
Column Name found in Datamart and Curated Table :: LOCATION_ID
Column Name found in Datamart and Curated Table :: STATUS
Column Name found in Datamart and Curated Table :: PRIORITY
Column Name found in Datamart and Curated Table :: CREATEDBY_ID
Column Name found in Datamart and Curated Table :: JOBTYPE_ID
Datamart tables contains additional column name like [ACTIVE_FLAG, RECORD_CREATE_DATE, RECORD_UPDATE_DATE, RECORD_UPDATE_DATE, MASTER_ID, TENANT_TYPE]
Curated tables contains additional column name like [RECORD_CREATE_DATE, RECORD_UPDATE_DATE, RECORD_UPDATED_BY, TENANT_TYPE]]]>
  </system-out>
  <testcase classname="testcases.RAW_DATAMART_CURATED.SnowFlake_ColumnValidation_BKPTables" name="validateColumnName_BKP" time="2.107"/>
  <system-out>
    <![CDATA[Executing Snowflake query :: SELECT COLUMN_NAME FROM DEV_ENT_RAW.INFORMATION_SCHEMA.COLUMNS WHERE TABLE_NAME='TAGTYPE'and TABLE_SCHEMA='ST_GOLDMEDAL_MATILLION'
Executing Snowflake query :: SELECT COLUMN_NAME FROM CURATED_DATAMART.INFORMATION_SCHEMA.COLUMNS WHERE TABLE_NAME='STR_TAGTYPE'and TABLE_SCHEMA='ST_BKP_GOLDMEDAL'
Executing Snowflake query :: SELECT COLUMN_NAME FROM DEV_ENT_CURATED.INFORMATION_SCHEMA.COLUMNS WHERE TABLE_NAME='DIM_TAGTYPE'and TABLE_SCHEMA='MASTER_DIMENSIONS'
Column names for RAW Table --> TAGTYPE :: [ACTIVE, ISALWAYSVISIBLE, ISCONVERSIONOPPORTUNITY, MODIFIEDON, ID, COLOR, IMPORTID, ISVISIBLEONDISPATCHBOARD, PROJECTEDVALUEADJUSTMENT, CODE, IMPORTANCE, CREATEDON, CREATEDBY_ID, FONTCOLOR, NAME]
Column names for DataMart Table --> STR_TAGTYPE :: [ISALWAYSVISIBLE, PROJECTEDVALUEADJUSTMENT, TENANT_TYPE, CREATEDBY_ID, FONTCOLOR, IMPORTID, ACTIVE, RECORD_UPDATE_DATE, ACTIVE_FLAG, MASTER_ID, CODE, ID, COLOR, MODIFIEDON, IMPORTANCE, ISCONVERSIONOPPORTUNITY, CREATEDON, ISVISIBLEONDISPATCHBOARD, NAME, RECORD_CREATE_DATE]
Column names for Curated Table --> DIM_TAGTYPE :: [ACTIVE, CODE, FONTCOLOR, IMPORTANCE, TENANT_TYPE, NAME, CREATEDBY_ID, ID, MODIFIEDON, RECORD_UPDATED_BY, COLOR, CREATEDON, RECORD_UPDATE_DATE, ISCONVERSIONOPPORTUNITY, PROJECTEDVALUEADJUSTMENT, RECORD_CREATE_DATE, ISALWAYSVISIBLE, IMPORTID, ISVISIBLEONDISPATCHBOARD]
Column Name found in Datamart and Curated Table :: ACTIVE
Column Name found in Datamart and Curated Table :: ISALWAYSVISIBLE
Column Name found in Datamart and Curated Table :: ISCONVERSIONOPPORTUNITY
Column Name found in Datamart and Curated Table :: MODIFIEDON
Column Name found in Datamart and Curated Table :: ID
Column Name found in Datamart and Curated Table :: COLOR
Column Name found in Datamart and Curated Table :: IMPORTID
Column Name found in Datamart and Curated Table :: ISVISIBLEONDISPATCHBOARD
Column Name found in Datamart and Curated Table :: PROJECTEDVALUEADJUSTMENT
Column Name found in Datamart and Curated Table :: CODE
Column Name found in Datamart and Curated Table :: IMPORTANCE
Column Name found in Datamart and Curated Table :: CREATEDON
Column Name found in Datamart and Curated Table :: CREATEDBY_ID
Column Name found in Datamart and Curated Table :: FONTCOLOR
Column Name found in Datamart and Curated Table :: NAME
Datamart tables contains additional column name like [ACTIVE_FLAG, RECORD_CREATE_DATE, RECORD_UPDATE_DATE, RECORD_UPDATE_DATE, MASTER_ID, TENANT_TYPE]
Curated tables contains additional column name like [RECORD_CREATE_DATE, RECORD_UPDATE_DATE, RECORD_UPDATED_BY, TENANT_TYPE]]]>
  </system-out>
  <testcase classname="testcases.RAW_DATAMART_CURATED.SnowFlake_ColumnValidation_BKPTables" name="validateColumnName_BKP" time="2.762"/>
  <system-out>
    <![CDATA[Executing Snowflake query :: SELECT COLUMN_NAME FROM DEV_ENT_RAW.INFORMATION_SCHEMA.COLUMNS WHERE TABLE_NAME='CUSTOMERMEMBERSHIP'and TABLE_SCHEMA='ST_GOLDMEDAL_MATILLION'
Executing Snowflake query :: SELECT COLUMN_NAME FROM CURATED_DATAMART.INFORMATION_SCHEMA.COLUMNS WHERE TABLE_NAME='STR_CUSTOMERMEMBERSHIP'and TABLE_SCHEMA='ST_BKP_GOLDMEDAL'
Executing Snowflake query :: SELECT COLUMN_NAME FROM DEV_ENT_CURATED.INFORMATION_SCHEMA.COLUMNS WHERE TABLE_NAME='DIM_CUSTOMERMEMBERSHIP'and TABLE_SCHEMA='MASTER_DIMENSIONS'
Column names for RAW Table --> CUSTOMERMEMBERSHIP :: [CREATEDON, FIRSTSCHEDULEDBILLDATE, LOCATION_ID, RENEWALBILLINGFREQUENCY, RENEWALDURATION, RENEWALMEMBERSHIPTASKREFERENCE_SKUID, BILLINGCOVERAGEPERIOD, BILLINGPREFERENCE, CANCELATIONBUYOUTINVOICE_ID, CUSTOMERPO, EXPIREDAT, CANCELLATIONDATE, TYPE_ID, ACTIVATEDFROM_ID, BILLINGEMAIL_ID, FOLLOWUPON, MODIFIEDON, FOLLOWUPSTATUS, ID, RECURRINGLOCATION_ID, CANCELATIONBALANCEINVOICE_ID, BUSINESSUNIT_ID, DURATION, STATUS, BILLINGFREQUENCY, BILLINGTEMPLATE_ID, CANCELATIONINVOICE_ID, RENEWALMEMBERSHIPTASK_ID, SOLDBY_ID, ACTIVATEDBY_ID, CUSTOMER_ID, INITIALDEFERREDREVENUE, PAYMENTMETHOD_ID, NEXTSCHEDULEDBILLDATE, PREVIOUSRECURRINGLOCATION_ID, RENEWEDBY_ID, TO, CREATEDBY_ID, PAYMENTTYPE_ID, RENEWALMEMBERSHIPTASKREFERENCE_SKUTYPE, MEMO, ACTIVE, INVOICETEMPLATE_ID, FOLLOWUPCUSTOMSTATUS_ID, IMPORTID, FROM]
Column names for DataMart Table --> STR_CUSTOMERMEMBERSHIP :: [ACTIVE_FLAG, CANCELATIONINVOICE_ID, INITIALDEFERREDREVENUE, TO, ACTIVE, CANCELATIONBUYOUTINVOICE_ID, RECURRINGLOCATION_ID, RENEWALDURATION, BILLINGPREFERENCE, BILLINGTEMPLATE_ID, FIRSTSCHEDULEDBILLDATE, MODIFIEDON, SOLDBY_ID, LOCATION_ID, ACTIVATEDFROM_ID, PAYMENTTYPE_ID, RECORD_UPDATE_DATE, BUSINESSUNIT_ID, PAYMENTMETHOD_ID, PREVIOUSRECURRINGLOCATION_ID, CREATEDON, FOLLOWUPSTATUS, MEMO, RENEWALMEMBERSHIPTASKREFERENCE_SKUID, BILLINGFREQUENCY, FOLLOWUPCUSTOMSTATUS_ID, FOLLOWUPON, FROM, IMPORTID, RENEWALMEMBERSHIPTASK_ID, DURATION, ID, RENEWALMEMBERSHIPTASKREFERENCE_SKUTYPE, ACTIVATEDBY_ID, BILLINGEMAIL_ID, CREATEDBY_ID, EXPIREDAT, NEXTSCHEDULEDBILLDATE, RECORD_CREATE_DATE, RENEWALBILLINGFREQUENCY, STATUS, CUSTOMERPO, BILLINGCOVERAGEPERIOD, CANCELATIONBALANCEINVOICE_ID, CANCELLATIONDATE, CUSTOMER_ID, INVOICETEMPLATE_ID, TENANT_TYPE, TYPE_ID, RENEWEDBY_ID, MASTER_ID]
Column names for Curated Table --> DIM_CUSTOMERMEMBERSHIP :: [BILLINGFREQUENCY, CREATEDBY_ID, MODIFIEDON, PAYMENTTYPE_ID, RECURRINGLOCATION_ID, ACTIVE, BILLINGEMAIL_ID, FIRSTSCHEDULEDBILLDATE, RENEWALMEMBERSHIPTASKREFERENCE_SKUTYPE, TENANT_TYPE, ACTIVATEDBY_ID, BUSINESSUNIT_ID, CREATEDON, ID, INITIALDEFERREDREVENUE, CUSTOMERPO, FOLLOWUPSTATUS, RENEWALDURATION, RECORD_UPDATED_BY, BILLINGTEMPLATE_ID, FOLLOWUPCUSTOMSTATUS_ID, PAYMENTMETHOD_ID, RECORD_UPDATE_DATE, SOLDBY_ID, TYPE_ID, RENEWALMEMBERSHIPTASK_ID, BILLINGPREFERENCE, EXPIREDAT, NEXTSCHEDULEDBILLDATE, ACTIVATEDFROM_ID, CANCELATIONBALANCEINVOICE_ID, FROM, RECORD_CREATE_DATE, RENEWALMEMBERSHIPTASKREFERENCE_SKUID, TO, FOLLOWUPON, BILLINGCOVERAGEPERIOD, CUSTOMER_ID, DURATION, IMPORTID, RENEWALBILLINGFREQUENCY, STATUS, MEMO, CANCELATIONINVOICE_ID, CANCELLATIONDATE, PREVIOUSRECURRINGLOCATION_ID, CANCELATIONBUYOUTINVOICE_ID, INVOICETEMPLATE_ID, LOCATION_ID, RENEWEDBY_ID]
Column Name found in Datamart and Curated Table :: CREATEDON
Column Name found in Datamart and Curated Table :: FIRSTSCHEDULEDBILLDATE
Column Name found in Datamart and Curated Table :: LOCATION_ID
Column Name found in Datamart and Curated Table :: RENEWALBILLINGFREQUENCY
Column Name found in Datamart and Curated Table :: RENEWALDURATION
Column Name found in Datamart and Curated Table :: RENEWALMEMBERSHIPTASKREFERENCE_SKUID
Column Name found in Datamart and Curated Table :: BILLINGCOVERAGEPERIOD
Column Name found in Datamart and Curated Table :: BILLINGPREFERENCE
Column Name found in Datamart and Curated Table :: CANCELATIONBUYOUTINVOICE_ID
Column Name found in Datamart and Curated Table :: CUSTOMERPO
Column Name found in Datamart and Curated Table :: EXPIREDAT
Column Name found in Datamart and Curated Table :: CANCELLATIONDATE
Column Name found in Datamart and Curated Table :: TYPE_ID
Column Name found in Datamart and Curated Table :: ACTIVATEDFROM_ID
Column Name found in Datamart and Curated Table :: BILLINGEMAIL_ID
Column Name found in Datamart and Curated Table :: FOLLOWUPON
Column Name found in Datamart and Curated Table :: MODIFIEDON
Column Name found in Datamart and Curated Table :: FOLLOWUPSTATUS
Column Name found in Datamart and Curated Table :: ID
Column Name found in Datamart and Curated Table :: RECURRINGLOCATION_ID
Column Name found in Datamart and Curated Table :: CANCELATIONBALANCEINVOICE_ID
Column Name found in Datamart and Curated Table :: BUSINESSUNIT_ID
Column Name found in Datamart and Curated Table :: DURATION
Column Name found in Datamart and Curated Table :: STATUS
Column Name found in Datamart and Curated Table :: BILLINGFREQUENCY
Column Name found in Datamart and Curated Table :: BILLINGTEMPLATE_ID
Column Name found in Datamart and Curated Table :: CANCELATIONINVOICE_ID
Column Name found in Datamart and Curated Table :: RENEWALMEMBERSHIPTASK_ID
Column Name found in Datamart and Curated Table :: SOLDBY_ID
Column Name found in Datamart and Curated Table :: ACTIVATEDBY_ID
Column Name found in Datamart and Curated Table :: CUSTOMER_ID
Column Name found in Datamart and Curated Table :: INITIALDEFERREDREVENUE
Column Name found in Datamart and Curated Table :: PAYMENTMETHOD_ID
Column Name found in Datamart and Curated Table :: NEXTSCHEDULEDBILLDATE
Column Name found in Datamart and Curated Table :: PREVIOUSRECURRINGLOCATION_ID
Column Name found in Datamart and Curated Table :: RENEWEDBY_ID
Column Name found in Datamart and Curated Table :: TO
Column Name found in Datamart and Curated Table :: CREATEDBY_ID
Column Name found in Datamart and Curated Table :: PAYMENTTYPE_ID
Column Name found in Datamart and Curated Table :: RENEWALMEMBERSHIPTASKREFERENCE_SKUTYPE
Column Name found in Datamart and Curated Table :: MEMO
Column Name found in Datamart and Curated Table :: ACTIVE
Column Name found in Datamart and Curated Table :: INVOICETEMPLATE_ID
Column Name found in Datamart and Curated Table :: FOLLOWUPCUSTOMSTATUS_ID
Column Name found in Datamart and Curated Table :: IMPORTID
Column Name found in Datamart and Curated Table :: FROM
Datamart tables contains additional column name like [ACTIVE_FLAG, RECORD_CREATE_DATE, RECORD_UPDATE_DATE, RECORD_UPDATE_DATE, MASTER_ID, TENANT_TYPE]
Curated tables contains additional column name like [RECORD_CREATE_DATE, RECORD_UPDATE_DATE, RECORD_UPDATED_BY, TENANT_TYPE]]]>
  </system-out>
  <testcase classname="testcases.RAW_DATAMART_CURATED.SnowFlake_ColumnValidation_BKPTables" name="validateColumnName_BKP" time="3.387"/>
  <system-out>
    <![CDATA[Executing Snowflake query :: SELECT COLUMN_NAME FROM DEV_ENT_RAW.INFORMATION_SCHEMA.COLUMNS WHERE TABLE_NAME='BUSINESSUNIT'and TABLE_SCHEMA='ST_BILLFENWICK_MATILLION'
Executing Snowflake query :: SELECT COLUMN_NAME FROM CURATED_DATAMART.INFORMATION_SCHEMA.COLUMNS WHERE TABLE_NAME='STR_BUSINESSUNIT'and TABLE_SCHEMA='ST_BKP_BILLFENWICK'
Executing Snowflake query :: SELECT COLUMN_NAME FROM DEV_ENT_CURATED.INFORMATION_SCHEMA.COLUMNS WHERE TABLE_NAME='DIM_BUSINESSUNIT'and TABLE_SCHEMA='MASTER_DIMENSIONS'
Column names for RAW Table --> BUSINESSUNIT :: [ADDRESS_CITY, ADDRESS_LONGITUDE, BANKACCOUNTPROCESSOR_ID, COMMISSIONCALCULATION, EMAIL, HIDEPRICES, CURRENCY, POSTDATE, TURNSCONTRACTORID, JOBBOOKEDALERTRECIPIENTS, PAYROLLSOLDBYPAYCODENEW, TGLBONUS, FRANCHISEEINFO_COMMENTS, ADDRESS_STREET, DEFAULTTAXRATE, MATERIALSKU_ID, NAVISIONSTANDARDTIMEEARNINGCODE, QUICKBOOKSROOTSALESACCOUNT, PAYROLLIDLETIMEDOUBLEOVERTIMEPAYCODE_ID, PAYROLLIDLETIMEOTPAYCODE, DIVISION_ID, NAVISIONOVERTIMEEARNINGCODE, WARRANTYRATE, PAYROLLTURNOVERBONUSPAYCODE, AUTHORIZATIONAGREEMENT_FILENAME, IMPORTID, INSURANCECOMPANYPHONE, NAME, MATERIALSKUREFERENCE_SKUTYPE, MINIMUMROYALTYFEE, MODIFIEDON, PAYROLLSOLDBYPAYCODE, PAYROLLIDLETIMESTANDARDPAYCODE_ID, WORLDPAYSUBID, PAYMENTOPTIONS, FINANCEITAUTHTOKEN, ACKNOWLEDGEMENTPARAGRAPH, ADDRESS_ISMILITARY, AUTHORIZATIONPARAGRAPH, CREDITCARDPROCESSOR_ID, EXTERNALID, INVOICEMESSAGE, OFFERCOMMERCIALGENERALLIABILITY, PAYROLLIDLETIMESTPAYCODE, PAYROLLTASKBONUSPAYCODE, SERVICEFINANCEDEALERNAME, CORPORATECONTRACTNUMBER, CREDITCARDPROCESSORKEY, INTEGRATEDREFUNDS_ID, LICENSENUMBER, PAYROLLFLATFEEMINIMUM, PAYROLLJOBHOURSOTPAYCODE, WORLDPAYACCOUNTID, NOCHARGERESIDENTIAL, PAYROLLTYPE, TRADE_ID, ADDRESS_ISMANUALCOORDINATES, AUTHORIZATIONAGREEMENT_ORIGINALFILENAME, ENABLEWORKORDERS, ENABLEWORKORDERSEQUIPMENTFORMATTING, FINANCEITPARTNERID, FRANCHISEEINFO_NAME, HVACDASHBOARDSECTIONS, INSURANCECOMPANYNAME, GREENSKYMERCHANTID, INVOICEHEADER, LOGO, PAYROLLPERCENTAGEFEE, SELLERFEE, TURNOVERMINIMUMTHRESHOLD, ADDRESS_UNIT, PAYMENTPROCESSOR, ACTIVE, ADDRESS_COUNTRY, ADDRESS_LATITUDE, BCCEMAIL, CONSTRUCTION, DATA, ID, PAYROLLJOBHOURSOVERTIMEPAYCODE_ID, PAYROLLWEIGHTEDOVERTIMEPAYCODE_ID, CREATEDBY_ID, DIVISIONNAME, PAYROLLCOSTMARKUP, PAYROLLEXPENSEDEDUCTIONTRIGGER, PAYROLLFLATFEE, PAYROLLIDLETIMEOVERTIMEPAYCODE_ID, PAYROLLPERCENTAGEFEEMINIMUM, QUICKBOOKSCLASS, SERVICEFINANCEDEALERID, PAYROLLTURNOVERBONUSPAYCODENEW, PAYROLLJOBHOURSSTANDARDPAYCODE_ID, OVERTIMEMODE, PAYROLLJOBHOURSSTPAYCODE, CREATEDON, ESTIMATEAUTHORIZATIONPARAGRAPH, MATERIALSKUREFERENCE_SKUID, NOCHARGE, NOCHARGECOMMERCIAL, QUICKBOOKSOAUTHSETTINGS, GOAL, PAYROLLWEIGHTEDOTPAYCODE, OFFICIALNAME, PAYROLLJOBHOURSDOUBLEOVERTIMEPAYCODE_ID, WORLDPAYMERCHANTPIN, PAYROLLINVOICEBONUSPAYCODE_ID, PAYROLLTASKBONUSPAYCODENEW, ACKNOWLEDGEMENTAGREEMENT_FILENAME, ACTIVATIONLOCKED, ADDRESS_ZIP, FRANCHISEEINFO_PIVOTALNUMBER, ACKNOWLEDGEMENTAGREEMENT_ORIGINALFILENAME, ADDRESS_STATE, CALIFORNIACOMPLIANTCONTRACTDOCUMENTS, FINANCEITACCOUNTEMAIL, FRANCHISEEINFO_CONTRACT, FRANCHISEEINFO_GST, FRANCHISEEINFO_TRUCKSOPERATING, INTACCTENTITY_ID, NAVISIONGLCODE, PHONENUMBER, MEALAPPOINTMENT_ID, CREDITCARDPROCESSORLOGIN, OFFERWORKERSCOMPENSATION, THREEDAYCANCELATIONPARAGRAPH]
Column names for DataMart Table --> STR_BUSINESSUNIT :: [ADDRESS_ISMILITARY, ADDRESS_STREET, BCCEMAIL, CONSTRUCTION, CREDITCARDPROCESSOR_ID, OFFERCOMMERCIALGENERALLIABILITY, IMPORTID, INSURANCECOMPANYNAME, INTEGRATEDREFUNDS_ID, MATERIALSKUREFERENCE_SKUTYPE, NOCHARGERESIDENTIAL, PAYROLLINVOICEBONUSPAYCODE_ID, PAYROLLTASKBONUSPAYCODENEW, PAYROLLWEIGHTEDOTPAYCODE, TURNSCONTRACTORID, MATERIALSKU_ID, PAYROLLIDLETIMEOVERTIMEPAYCODE_ID, FRANCHISEEINFO_COMMENTS, HVACDASHBOARDSECTIONS, ADDRESS_ZIP, CREDITCARDPROCESSORKEY, ENABLEWORKORDERSEQUIPMENTFORMATTING, EXTERNALID, GREENSKYMERCHANTID, MATERIALSKUREFERENCE_SKUID, QUICKBOOKSOAUTHSETTINGS, TGLBONUS, ADDRESS_LONGITUDE, CREATEDBY_ID, INTACCTENTITY_ID, PAYROLLJOBHOURSSTPAYCODE, RECORD_CREATE_DATE, PAYROLLSOLDBYPAYCODE, LOGO, ADDRESS_CITY, ADDRESS_UNIT, PAYROLLCOSTMARKUP, PAYROLLTURNOVERBONUSPAYCODENEW, PAYROLLWEIGHTEDOVERTIMEPAYCODE_ID, MASTER_ID, NAVISIONOVERTIMEEARNINGCODE, PAYMENTPROCESSOR, PAYROLLIDLETIMEOTPAYCODE, POSTDATE, WARRANTYRATE, PAYROLLJOBHOURSSTANDARDPAYCODE_ID, PAYROLLIDLETIMESTANDARDPAYCODE_ID, ACKNOWLEDGEMENTAGREEMENT_FILENAME, ACKNOWLEDGEMENTAGREEMENT_ORIGINALFILENAME, ACTIVE_FLAG, ESTIMATEAUTHORIZATIONPARAGRAPH, MINIMUMROYALTYFEE, FRANCHISEEINFO_NAME, NOCHARGECOMMERCIAL, OFFICIALNAME, PAYROLLTURNOVERBONUSPAYCODE, QUICKBOOKSCLASS, SERVICEFINANCEDEALERNAME, WORLDPAYACCOUNTID, PAYROLLIDLETIMESTPAYCODE, PAYROLLTYPE, WORLDPAYMERCHANTPIN, QUICKBOOKSROOTSALESACCOUNT, ACTIVE, CORPORATECONTRACTNUMBER, DIVISION_ID, EMAIL, FINANCEITPARTNERID, MODIFIEDON, PAYROLLFLATFEE, FRANCHISEEINFO_CONTRACT, INSURANCECOMPANYPHONE, PAYROLLFLATFEEMINIMUM, PAYROLLJOBHOURSDOUBLEOVERTIMEPAYCODE_ID, PAYROLLJOBHOURSOTPAYCODE, PAYROLLSOLDBYPAYCODENEW, ADDRESS_COUNTRY, ADDRESS_ISMANUALCOORDINATES, AUTHORIZATIONAGREEMENT_FILENAME, AUTHORIZATIONAGREEMENT_ORIGINALFILENAME, COMMISSIONCALCULATION, CREDITCARDPROCESSORLOGIN, DIVISIONNAME, ENABLEWORKORDERS, FRANCHISEEINFO_PIVOTALNUMBER, HIDEPRICES, AUTHORIZATIONPARAGRAPH, DATA, DEFAULTTAXRATE, NAVISIONSTANDARDTIMEEARNINGCODE, NOCHARGE, OVERTIMEMODE, PAYROLLEXPENSEDEDUCTIONTRIGGER, RECORD_UPDATE_DATE, TRADE_ID, PAYROLLTASKBONUSPAYCODE, ACTIVATIONLOCKED, ADDRESS_LATITUDE, FINANCEITACCOUNTEMAIL, JOBBOOKEDALERTRECIPIENTS, PAYROLLIDLETIMEDOUBLEOVERTIMEPAYCODE_ID, GOAL, INVOICEMESSAGE, NAME, NAVISIONGLCODE, FINANCEITAUTHTOKEN, PAYROLLPERCENTAGEFEEMINIMUM, WORLDPAYSUBID, PAYMENTOPTIONS, PHONENUMBER, ACKNOWLEDGEMENTPARAGRAPH, ADDRESS_STATE, BANKACCOUNTPROCESSOR_ID, CALIFORNIACOMPLIANTCONTRACTDOCUMENTS, CREATEDON, FRANCHISEEINFO_TRUCKSOPERATING, ID, LICENSENUMBER, MEALAPPOINTMENT_ID, OFFERWORKERSCOMPENSATION, FRANCHISEEINFO_GST, INVOICEHEADER, PAYROLLJOBHOURSOVERTIMEPAYCODE_ID, PAYROLLPERCENTAGEFEE, TENANT_TYPE, THREEDAYCANCELATIONPARAGRAPH, SELLERFEE, TURNOVERMINIMUMTHRESHOLD, SERVICEFINANCEDEALERID, CURRENCY]
Column names for Curated Table --> DIM_BUSINESSUNIT :: [ADDRESS_COUNTRY, ADDRESS_STREET, BANKACCOUNTPROCESSOR_ID, MEALAPPOINTMENT_ID, CREATEDBY_ID, DIVISION_ID, OFFERCOMMERCIALGENERALLIABILITY, PAYMENTPROCESSOR, PAYROLLJOBHOURSSTANDARDPAYCODE_ID, PAYROLLSOLDBYPAYCODE, TGLBONUS, NAME, PAYROLLCOSTMARKUP, PAYROLLJOBHOURSDOUBLEOVERTIMEPAYCODE_ID, LICENSENUMBER, LOGO, OVERTIMEMODE, ACKNOWLEDGEMENTAGREEMENT_ORIGINALFILENAME, AUTHORIZATIONPARAGRAPH, FINANCEITPARTNERID, WARRANTYRATE, FINANCEITACCOUNTEMAIL, PAYROLLTYPE, QUICKBOOKSCLASS, QUICKBOOKSOAUTHSETTINGS, GREENSKYMERCHANTID, CREDITCARDPROCESSORKEY, CREDITCARDPROCESSORLOGIN, CREDITCARDPROCESSOR_ID, DEFAULTTAXRATE, FRANCHISEEINFO_COMMENTS, HVACDASHBOARDSECTIONS, MODIFIEDON, WORLDPAYACCOUNTID, PAYROLLIDLETIMEDOUBLEOVERTIMEPAYCODE_ID, TENANT_TYPE, FRANCHISEEINFO_GST, RECORD_CREATE_DATE, NOCHARGE, PAYMENTOPTIONS, PAYROLLPERCENTAGEFEE, PAYROLLSOLDBYPAYCODENEW, ADDRESS_LONGITUDE, ADDRESS_ZIP, CREATEDON, INTEGRATEDREFUNDS_ID, JOBBOOKEDALERTRECIPIENTS, NAVISIONOVERTIMEEARNINGCODE, PAYROLLINVOICEBONUSPAYCODE_ID, ACTIVE, ADDRESS_STATE, AUTHORIZATIONAGREEMENT_ORIGINALFILENAME, ENABLEWORKORDERS, MATERIALSKU_ID, NAVISIONSTANDARDTIMEEARNINGCODE, PAYROLLJOBHOURSSTPAYCODE, POSTDATE, ADDRESS_ISMILITARY, ADDRESS_LATITUDE, ADDRESS_UNIT, CALIFORNIACOMPLIANTCONTRACTDOCUMENTS, ENABLEWORKORDERSEQUIPMENTFORMATTING, HIDEPRICES, INVOICEHEADER, COMMISSIONCALCULATION, EMAIL, FRANCHISEEINFO_TRUCKSOPERATING, PAYROLLIDLETIMESTANDARDPAYCODE_ID, PAYROLLIDLETIMESTPAYCODE, TRADE_ID, AUTHORIZATIONAGREEMENT_FILENAME, SERVICEFINANCEDEALERID, WORLDPAYMERCHANTPIN, BCCEMAIL, OFFERWORKERSCOMPENSATION, NAVISIONGLCODE, WORLDPAYSUBID, ACKNOWLEDGEMENTAGREEMENT_FILENAME, ACTIVATIONLOCKED, DIVISIONNAME, FINANCEITAUTHTOKEN, FRANCHISEEINFO_PIVOTALNUMBER, INSURANCECOMPANYNAME, PAYROLLWEIGHTEDOVERTIMEPAYCODE_ID, TURNSCONTRACTORID, FRANCHISEEINFO_NAME, MINIMUMROYALTYFEE, PAYROLLEXPENSEDEDUCTIONTRIGGER, PAYROLLPERCENTAGEFEEMINIMUM, RECORD_UPDATED_BY, SERVICEFINANCEDEALERNAME, ESTIMATEAUTHORIZATIONPARAGRAPH, TURNOVERMINIMUMTHRESHOLD, PAYROLLIDLETIMEOVERTIMEPAYCODE_ID, RECORD_UPDATE_DATE, ACKNOWLEDGEMENTPARAGRAPH, ADDRESS_ISMANUALCOORDINATES, INVOICEMESSAGE, MATERIALSKUREFERENCE_SKUID, MATERIALSKUREFERENCE_SKUTYPE, PAYROLLIDLETIMEOTPAYCODE, PAYROLLJOBHOURSOTPAYCODE, PAYROLLJOBHOURSOVERTIMEPAYCODE_ID, CONSTRUCTION, CORPORATECONTRACTNUMBER, DATA, NOCHARGECOMMERCIAL, NOCHARGERESIDENTIAL, PAYROLLTASKBONUSPAYCODE, PAYROLLTASKBONUSPAYCODENEW, QUICKBOOKSROOTSALESACCOUNT, ID, PAYROLLTURNOVERBONUSPAYCODENEW, ADDRESS_CITY, CURRENCY, GOAL, IMPORTID, INSURANCECOMPANYPHONE, PAYROLLTURNOVERBONUSPAYCODE, OFFICIALNAME, PAYROLLFLATFEE, PHONENUMBER, SELLERFEE, THREEDAYCANCELATIONPARAGRAPH, FRANCHISEEINFO_CONTRACT, PAYROLLFLATFEEMINIMUM, PAYROLLWEIGHTEDOTPAYCODE, INTACCTENTITY_ID, EXTERNALID]
Column Name found in Datamart and Curated Table :: ADDRESS_CITY
Column Name found in Datamart and Curated Table :: ADDRESS_LONGITUDE
Column Name found in Datamart and Curated Table :: BANKACCOUNTPROCESSOR_ID
Column Name found in Datamart and Curated Table :: COMMISSIONCALCULATION
Column Name found in Datamart and Curated Table :: EMAIL
Column Name found in Datamart and Curated Table :: HIDEPRICES
Column Name found in Datamart and Curated Table :: CURRENCY
Column Name found in Datamart and Curated Table :: POSTDATE
Column Name found in Datamart and Curated Table :: TURNSCONTRACTORID
Column Name found in Datamart and Curated Table :: JOBBOOKEDALERTRECIPIENTS
Column Name found in Datamart and Curated Table :: PAYROLLSOLDBYPAYCODENEW
Column Name found in Datamart and Curated Table :: TGLBONUS
Column Name found in Datamart and Curated Table :: FRANCHISEEINFO_COMMENTS
Column Name found in Datamart and Curated Table :: ADDRESS_STREET
Column Name found in Datamart and Curated Table :: DEFAULTTAXRATE
Column Name found in Datamart and Curated Table :: MATERIALSKU_ID
Column Name found in Datamart and Curated Table :: NAVISIONSTANDARDTIMEEARNINGCODE
Column Name found in Datamart and Curated Table :: QUICKBOOKSROOTSALESACCOUNT
Column Name found in Datamart and Curated Table :: PAYROLLIDLETIMEDOUBLEOVERTIMEPAYCODE_ID
Column Name found in Datamart and Curated Table :: PAYROLLIDLETIMEOTPAYCODE
Column Name found in Datamart and Curated Table :: DIVISION_ID
Column Name found in Datamart and Curated Table :: NAVISIONOVERTIMEEARNINGCODE
Column Name found in Datamart and Curated Table :: WARRANTYRATE
Column Name found in Datamart and Curated Table :: PAYROLLTURNOVERBONUSPAYCODE
Column Name found in Datamart and Curated Table :: AUTHORIZATIONAGREEMENT_FILENAME
Column Name found in Datamart and Curated Table :: IMPORTID
Column Name found in Datamart and Curated Table :: INSURANCECOMPANYPHONE
Column Name found in Datamart and Curated Table :: NAME
Column Name found in Datamart and Curated Table :: MATERIALSKUREFERENCE_SKUTYPE
Column Name found in Datamart and Curated Table :: MINIMUMROYALTYFEE
Column Name found in Datamart and Curated Table :: MODIFIEDON
Column Name found in Datamart and Curated Table :: PAYROLLSOLDBYPAYCODE
Column Name found in Datamart and Curated Table :: PAYROLLIDLETIMESTANDARDPAYCODE_ID
Column Name found in Datamart and Curated Table :: WORLDPAYSUBID
Column Name found in Datamart and Curated Table :: PAYMENTOPTIONS
Column Name found in Datamart and Curated Table :: FINANCEITAUTHTOKEN
Column Name found in Datamart and Curated Table :: ACKNOWLEDGEMENTPARAGRAPH
Column Name found in Datamart and Curated Table :: ADDRESS_ISMILITARY
Column Name found in Datamart and Curated Table :: AUTHORIZATIONPARAGRAPH
Column Name found in Datamart and Curated Table :: CREDITCARDPROCESSOR_ID
Column Name found in Datamart and Curated Table :: EXTERNALID
Column Name found in Datamart and Curated Table :: INVOICEMESSAGE
Column Name found in Datamart and Curated Table :: OFFERCOMMERCIALGENERALLIABILITY
Column Name found in Datamart and Curated Table :: PAYROLLIDLETIMESTPAYCODE
Column Name found in Datamart and Curated Table :: PAYROLLTASKBONUSPAYCODE
Column Name found in Datamart and Curated Table :: SERVICEFINANCEDEALERNAME
Column Name found in Datamart and Curated Table :: CORPORATECONTRACTNUMBER
Column Name found in Datamart and Curated Table :: CREDITCARDPROCESSORKEY
Column Name found in Datamart and Curated Table :: INTEGRATEDREFUNDS_ID
Column Name found in Datamart and Curated Table :: LICENSENUMBER
Column Name found in Datamart and Curated Table :: PAYROLLFLATFEEMINIMUM
Column Name found in Datamart and Curated Table :: PAYROLLJOBHOURSOTPAYCODE
Column Name found in Datamart and Curated Table :: WORLDPAYACCOUNTID
Column Name found in Datamart and Curated Table :: NOCHARGERESIDENTIAL
Column Name found in Datamart and Curated Table :: PAYROLLTYPE
Column Name found in Datamart and Curated Table :: TRADE_ID
Column Name found in Datamart and Curated Table :: ADDRESS_ISMANUALCOORDINATES
Column Name found in Datamart and Curated Table :: AUTHORIZATIONAGREEMENT_ORIGINALFILENAME
Column Name found in Datamart and Curated Table :: ENABLEWORKORDERS
Column Name found in Datamart and Curated Table :: ENABLEWORKORDERSEQUIPMENTFORMATTING
Column Name found in Datamart and Curated Table :: FINANCEITPARTNERID
Column Name found in Datamart and Curated Table :: FRANCHISEEINFO_NAME
Column Name found in Datamart and Curated Table :: HVACDASHBOARDSECTIONS
Column Name found in Datamart and Curated Table :: INSURANCECOMPANYNAME
Column Name found in Datamart and Curated Table :: GREENSKYMERCHANTID
Column Name found in Datamart and Curated Table :: INVOICEHEADER
Column Name found in Datamart and Curated Table :: LOGO
Column Name found in Datamart and Curated Table :: PAYROLLPERCENTAGEFEE
Column Name found in Datamart and Curated Table :: SELLERFEE
Column Name found in Datamart and Curated Table :: TURNOVERMINIMUMTHRESHOLD
Column Name found in Datamart and Curated Table :: ADDRESS_UNIT
Column Name found in Datamart and Curated Table :: PAYMENTPROCESSOR
Column Name found in Datamart and Curated Table :: ACTIVE
Column Name found in Datamart and Curated Table :: ADDRESS_COUNTRY
Column Name found in Datamart and Curated Table :: ADDRESS_LATITUDE
Column Name found in Datamart and Curated Table :: BCCEMAIL
Column Name found in Datamart and Curated Table :: CONSTRUCTION
Column Name found in Datamart and Curated Table :: DATA
Column Name found in Datamart and Curated Table :: ID
Column Name found in Datamart and Curated Table :: PAYROLLJOBHOURSOVERTIMEPAYCODE_ID
Column Name found in Datamart and Curated Table :: PAYROLLWEIGHTEDOVERTIMEPAYCODE_ID
Column Name found in Datamart and Curated Table :: CREATEDBY_ID
Column Name found in Datamart and Curated Table :: DIVISIONNAME
Column Name found in Datamart and Curated Table :: PAYROLLCOSTMARKUP
Column Name found in Datamart and Curated Table :: PAYROLLEXPENSEDEDUCTIONTRIGGER
Column Name found in Datamart and Curated Table :: PAYROLLFLATFEE
Column Name found in Datamart and Curated Table :: PAYROLLIDLETIMEOVERTIMEPAYCODE_ID
Column Name found in Datamart and Curated Table :: PAYROLLPERCENTAGEFEEMINIMUM
Column Name found in Datamart and Curated Table :: QUICKBOOKSCLASS
Column Name found in Datamart and Curated Table :: SERVICEFINANCEDEALERID
Column Name found in Datamart and Curated Table :: PAYROLLTURNOVERBONUSPAYCODENEW
Column Name found in Datamart and Curated Table :: PAYROLLJOBHOURSSTANDARDPAYCODE_ID
Column Name found in Datamart and Curated Table :: OVERTIMEMODE
Column Name found in Datamart and Curated Table :: PAYROLLJOBHOURSSTPAYCODE
Column Name found in Datamart and Curated Table :: CREATEDON
Column Name found in Datamart and Curated Table :: ESTIMATEAUTHORIZATIONPARAGRAPH
Column Name found in Datamart and Curated Table :: MATERIALSKUREFERENCE_SKUID
Column Name found in Datamart and Curated Table :: NOCHARGE
Column Name found in Datamart and Curated Table :: NOCHARGECOMMERCIAL
Column Name found in Datamart and Curated Table :: QUICKBOOKSOAUTHSETTINGS
Column Name found in Datamart and Curated Table :: GOAL
Column Name found in Datamart and Curated Table :: PAYROLLWEIGHTEDOTPAYCODE
Column Name found in Datamart and Curated Table :: OFFICIALNAME
Column Name found in Datamart and Curated Table :: PAYROLLJOBHOURSDOUBLEOVERTIMEPAYCODE_ID
Column Name found in Datamart and Curated Table :: WORLDPAYMERCHANTPIN
Column Name found in Datamart and Curated Table :: PAYROLLINVOICEBONUSPAYCODE_ID
Column Name found in Datamart and Curated Table :: PAYROLLTASKBONUSPAYCODENEW
Column Name found in Datamart and Curated Table :: ACKNOWLEDGEMENTAGREEMENT_FILENAME
Column Name found in Datamart and Curated Table :: ACTIVATIONLOCKED
Column Name found in Datamart and Curated Table :: ADDRESS_ZIP
Column Name found in Datamart and Curated Table :: FRANCHISEEINFO_PIVOTALNUMBER
Column Name found in Datamart and Curated Table :: ACKNOWLEDGEMENTAGREEMENT_ORIGINALFILENAME
Column Name found in Datamart and Curated Table :: ADDRESS_STATE
Column Name found in Datamart and Curated Table :: CALIFORNIACOMPLIANTCONTRACTDOCUMENTS
Column Name found in Datamart and Curated Table :: FINANCEITACCOUNTEMAIL
Column Name found in Datamart and Curated Table :: FRANCHISEEINFO_CONTRACT
Column Name found in Datamart and Curated Table :: FRANCHISEEINFO_GST
Column Name found in Datamart and Curated Table :: FRANCHISEEINFO_TRUCKSOPERATING
Column Name found in Datamart and Curated Table :: INTACCTENTITY_ID
Column Name found in Datamart and Curated Table :: NAVISIONGLCODE
Column Name found in Datamart and Curated Table :: PHONENUMBER
Column Name found in Datamart and Curated Table :: MEALAPPOINTMENT_ID
Column Name found in Datamart and Curated Table :: CREDITCARDPROCESSORLOGIN
Column Name found in Datamart and Curated Table :: OFFERWORKERSCOMPENSATION
Column Name found in Datamart and Curated Table :: THREEDAYCANCELATIONPARAGRAPH
Datamart tables contains additional column name like [ACTIVE_FLAG, RECORD_CREATE_DATE, RECORD_UPDATE_DATE, RECORD_UPDATE_DATE, MASTER_ID, TENANT_TYPE]
Curated tables contains additional column name like [RECORD_CREATE_DATE, RECORD_UPDATE_DATE, RECORD_UPDATED_BY, TENANT_TYPE]]]>
  </system-out>
  <testcase classname="testcases.RAW_DATAMART_CURATED.SnowFlake_ColumnValidation_BKPTables" name="validateColumnName_BKP" time="2.255"/>
  <system-out>
    <![CDATA[Executing Snowflake query :: SELECT COLUMN_NAME FROM DEV_ENT_RAW.INFORMATION_SCHEMA.COLUMNS WHERE TABLE_NAME='PURCHASEORDERITEM'and TABLE_SCHEMA='ST_HENDERSON_MATILLION'
Executing Snowflake query :: SELECT COLUMN_NAME FROM CURATED_DATAMART.INFORMATION_SCHEMA.COLUMNS WHERE TABLE_NAME='STR_PURCHASEORDERITEM'and TABLE_SCHEMA='ST_BKP_HENDERSON'
Executing Snowflake query :: SELECT COLUMN_NAME FROM DEV_ENT_CURATED.INFORMATION_SCHEMA.COLUMNS WHERE TABLE_NAME='DIM_PURCHASEORDERITEM'and TABLE_SCHEMA='MASTER_DIMENSIONS'
Column names for RAW Table --> PURCHASEORDERITEM :: [COST, MATERIALVENDOR_ID, PURCHASEORDER_ID, UNITOFMEASURE_ID, TECHNICIANSPLIT1, CHARGEABLEITEM_ID, EQUIPMENT_ID, SKUREFERENCE_SKUID, ISINVENTORY, SKU_ID, TECHNICIANSPLIT3, TECHNICIANSPLIT2, IMPORTID, SERIALNUMBER, ACTIVE, CREATEDON, ID, PROJECTLABELS, TECHNICIANFORBASERATE2_ID, SKUVENDOR_ID, DESCRIPTION, EQUIPMENTVENDOR_ID, MATERIAL_ID, REQUISITIONITEM_ID, ROLLEDOVERFROMITEM_ID, STATUS, USEDMATERIAL_ID, TECHNICIANFORBASERATE1_ID, VENDORPARTNUMBER, ROLLOVERQUANTITY, BUSINESSUNIT_ID, MARKUP, MODIFIEDON, QUANTITY, SKUREFERENCE_SKUTYPE, INVENTORYLOCATION_ID, TECHNICIANFORBASERATE3_ID, CREATEDBY_ID]
Column names for DataMart Table --> STR_PURCHASEORDERITEM :: [CREATEDBY_ID, ISINVENTORY, RECORD_UPDATE_DATE, ROLLEDOVERFROMITEM_ID, VENDORPARTNUMBER, UNITOFMEASURE_ID, TECHNICIANSPLIT3, CREATEDON, SKUREFERENCE_SKUID, TENANT_TYPE, DESCRIPTION, INVENTORYLOCATION_ID, MASTER_ID, MATERIALVENDOR_ID, QUANTITY, ID, USEDMATERIAL_ID, ACTIVE, BUSINESSUNIT_ID, COST, PROJECTLABELS, REQUISITIONITEM_ID, ROLLOVERQUANTITY, SKU_ID, TECHNICIANSPLIT1, MARKUP, PURCHASEORDER_ID, SKUVENDOR_ID, TECHNICIANFORBASERATE3_ID, ACTIVE_FLAG, CHARGEABLEITEM_ID, EQUIPMENT_ID, IMPORTID, SERIALNUMBER, MATERIAL_ID, STATUS, MODIFIEDON, RECORD_CREATE_DATE, TECHNICIANSPLIT2, TECHNICIANFORBASERATE1_ID, EQUIPMENTVENDOR_ID, TECHNICIANFORBASERATE2_ID, SKUREFERENCE_SKUTYPE]
Column names for Curated Table --> DIM_PURCHASEORDERITEM :: [CREATEDBY_ID, DESCRIPTION, EQUIPMENTVENDOR_ID, EQUIPMENT_ID, MATERIALVENDOR_ID, RECORD_UPDATE_DATE, TECHNICIANFORBASERATE1_ID, MODIFIEDON, UNITOFMEASURE_ID, USEDMATERIAL_ID, TECHNICIANSPLIT2, CHARGEABLEITEM_ID, COST, QUANTITY, TECHNICIANFORBASERATE3_ID, INVENTORYLOCATION_ID, IMPORTID, REQUISITIONITEM_ID, TENANT_TYPE, VENDORPARTNUMBER, SKU_ID, CREATEDON, ID, SKUREFERENCE_SKUTYPE, MARKUP, PROJECTLABELS, PURCHASEORDER_ID, SERIALNUMBER, SKUVENDOR_ID, TECHNICIANSPLIT3, ROLLOVERQUANTITY, STATUS, BUSINESSUNIT_ID, ISINVENTORY, RECORD_CREATE_DATE, ROLLEDOVERFROMITEM_ID, TECHNICIANSPLIT1, SKUREFERENCE_SKUID, ACTIVE, MATERIAL_ID, RECORD_UPDATED_BY, TECHNICIANFORBASERATE2_ID]
Column Name found in Datamart and Curated Table :: COST
Column Name found in Datamart and Curated Table :: MATERIALVENDOR_ID
Column Name found in Datamart and Curated Table :: PURCHASEORDER_ID
Column Name found in Datamart and Curated Table :: UNITOFMEASURE_ID
Column Name found in Datamart and Curated Table :: TECHNICIANSPLIT1
Column Name found in Datamart and Curated Table :: CHARGEABLEITEM_ID
Column Name found in Datamart and Curated Table :: EQUIPMENT_ID
Column Name found in Datamart and Curated Table :: SKUREFERENCE_SKUID
Column Name found in Datamart and Curated Table :: ISINVENTORY
Column Name found in Datamart and Curated Table :: SKU_ID
Column Name found in Datamart and Curated Table :: TECHNICIANSPLIT3
Column Name found in Datamart and Curated Table :: TECHNICIANSPLIT2
Column Name found in Datamart and Curated Table :: IMPORTID
Column Name found in Datamart and Curated Table :: SERIALNUMBER
Column Name found in Datamart and Curated Table :: ACTIVE
Column Name found in Datamart and Curated Table :: CREATEDON
Column Name found in Datamart and Curated Table :: ID
Column Name found in Datamart and Curated Table :: PROJECTLABELS
Column Name found in Datamart and Curated Table :: TECHNICIANFORBASERATE2_ID
Column Name found in Datamart and Curated Table :: SKUVENDOR_ID
Column Name found in Datamart and Curated Table :: DESCRIPTION
Column Name found in Datamart and Curated Table :: EQUIPMENTVENDOR_ID
Column Name found in Datamart and Curated Table :: MATERIAL_ID
Column Name found in Datamart and Curated Table :: REQUISITIONITEM_ID
Column Name found in Datamart and Curated Table :: ROLLEDOVERFROMITEM_ID
Column Name found in Datamart and Curated Table :: STATUS
Column Name found in Datamart and Curated Table :: USEDMATERIAL_ID
Column Name found in Datamart and Curated Table :: TECHNICIANFORBASERATE1_ID
Column Name found in Datamart and Curated Table :: VENDORPARTNUMBER
Column Name found in Datamart and Curated Table :: ROLLOVERQUANTITY
Column Name found in Datamart and Curated Table :: BUSINESSUNIT_ID
Column Name found in Datamart and Curated Table :: MARKUP
Column Name found in Datamart and Curated Table :: MODIFIEDON
Column Name found in Datamart and Curated Table :: QUANTITY
Column Name found in Datamart and Curated Table :: SKUREFERENCE_SKUTYPE
Column Name found in Datamart and Curated Table :: INVENTORYLOCATION_ID
Column Name found in Datamart and Curated Table :: TECHNICIANFORBASERATE3_ID
Column Name found in Datamart and Curated Table :: CREATEDBY_ID
Datamart tables contains additional column name like [ACTIVE_FLAG, RECORD_CREATE_DATE, RECORD_UPDATE_DATE, RECORD_UPDATE_DATE, MASTER_ID, TENANT_TYPE]
Curated tables contains additional column name like [RECORD_CREATE_DATE, RECORD_UPDATE_DATE, RECORD_UPDATED_BY, TENANT_TYPE]]]>
  </system-out>
  <testcase classname="testcases.RAW_DATAMART_CURATED.SnowFlake_ColumnValidation_BKPTables" name="validateColumnName_BKP" time="2.100"/>
  <system-out>
    <![CDATA[Executing Snowflake query :: SELECT COLUMN_NAME FROM DEV_ENT_RAW.INFORMATION_SCHEMA.COLUMNS WHERE TABLE_NAME='JOB'and TABLE_SCHEMA='ST_HARP_MATILLION'
Executing Snowflake query :: SELECT COLUMN_NAME FROM CURATED_DATAMART.INFORMATION_SCHEMA.COLUMNS WHERE TABLE_NAME='STR_JOB'and TABLE_SCHEMA='ST_BKP_HARP'
Executing Snowflake query :: SELECT COLUMN_NAME FROM DEV_ENT_CURATED.INFORMATION_SCHEMA.COLUMNS WHERE TABLE_NAME='DIM_JOB'and TABLE_SCHEMA='MASTER_DIMENSIONS'
Column names for RAW Table --> JOB :: [ALLOTTEDTIME, CUSTOMERPO, DURATION, IMPORTID, ISAUTODISPATCHED, LASTCHANGEDBYSMARTDISPATCH, TOTAL, NOCHARGE, SOLDBY_ID, CAMPAIGN_ID, GENERATEDBY_ID, WARRANTYFOR_ID, MANAGEFOLLOWUPEMAIL, OPPORTUNITY_ID, PLANSTART, PMDATE, PRIORITY, PLANEND, CREATEDFROMESTIMATE_ID, END, ESTIMATEDCOST, MEMBERSHIP_ID, INVOICE_ID, RECALLFOR_ID, APPROXIMATESTARTDATE, LEADGENERATED_ID, ISTECHNICIANSPECIFIC, OPPORTUNITYDATE, REASSIGNMENTPENALTY, APPROXIMATEENDDATE, CUSTOMER_ID, DRIVETIME, LOCATION_ID, PREDICTEDSALES, PROJECTEDVALUE, MODIFIEDON, NOCHARGESOURCE, SECONDARYJOBNUMBER, ACTIVE, CALLSCRIPTANSWERRECORD_ID, COMPLETIONSURVEYID, CREATEDFROMESTIMATESTATUSWHENBOOKING, CREATEDON, GENERATEDFROM_ID, LEAD_ID, MANAGEEMPLOYEEEMAIL, COMPLETEDON, EXTERNALID, NUMBER, SUMMARY, PREDICTEDTOTAL, MONTHNUMBER, PREVAILINGWAGECODE_ID, FIRSTAPPOINTMENT_ID, ID, ISPREVAILINGWAGE, SMARTDISPATCHDATA_JOB, START, STATUS, LASTAPPOINTMENT_ID, NOTIFICATIONSENABLED, TYPE_ID, PROJECT_ID, BUSINESSUNIT_ID, DRIVINGCOST, ISCONFIRMED, LATEPENALTY, PREVAILINGWAGEJOBNUMBER, CREATEDBY_ID, UNION]
Column names for DataMart Table --> STR_JOB :: [CREATEDFROMESTIMATE_ID, IMPORTID, DRIVETIME, INVOICE_ID, ISPREVAILINGWAGE, PREDICTEDTOTAL, RECORD_UPDATE_DATE, ESTIMATEDCOST, WARRANTYFOR_ID, CREATEDON, CUSTOMERPO, GENERATEDFROM_ID, ID, LASTCHANGEDBYSMARTDISPATCH, MONTHNUMBER, PROJECTEDVALUE, COMPLETIONSURVEYID, LEAD_ID, START, ACTIVE, APPROXIMATEENDDATE, CREATEDBY_ID, PLANEND, PLANSTART, RECORD_CREATE_DATE, TENANT_TYPE, LATEPENALTY, ACTIVE_FLAG, CUSTOMER_ID, GENERATEDBY_ID, ISAUTODISPATCHED, ISCONFIRMED, MANAGEFOLLOWUPEMAIL, OPPORTUNITY_ID, SOLDBY_ID, CAMPAIGN_ID, MEMBERSHIP_ID, OPPORTUNITYDATE, REASSIGNMENTPENALTY, TOTAL, SMARTDISPATCHDATA_JOB, TYPE_ID, MANAGEEMPLOYEEEMAIL, MODIFIEDON, NOTIFICATIONSENABLED, PMDATE, ALLOTTEDTIME, BUSINESSUNIT_ID, MASTER_ID, PROJECT_ID, NOCHARGESOURCE, NUMBER, PREDICTEDSALES, APPROXIMATESTARTDATE, CALLSCRIPTANSWERRECORD_ID, COMPLETEDON, CREATEDFROMESTIMATESTATUSWHENBOOKING, FIRSTAPPOINTMENT_ID, LASTAPPOINTMENT_ID, LEADGENERATED_ID, NOCHARGE, PREVAILINGWAGECODE_ID, RECALLFOR_ID, SECONDARYJOBNUMBER, UNION, DRIVINGCOST, DURATION, END, EXTERNALID, ISTECHNICIANSPECIFIC, LOCATION_ID, PRIORITY, SUMMARY, STATUS, PREVAILINGWAGEJOBNUMBER]
Column names for Curated Table --> DIM_JOB :: [LASTCHANGEDBYSMARTDISPATCH, PROJECTEDVALUE, TYPE_ID, EXTERNALID, NOCHARGESOURCE, PMDATE, RECALLFOR_ID, START, ACTIVE, ISAUTODISPATCHED, MONTHNUMBER, PRIORITY, CREATEDON, OPPORTUNITYDATE, PREVAILINGWAGEJOBNUMBER, RECORD_CREATE_DATE, CREATEDBY_ID, LASTAPPOINTMENT_ID, MANAGEEMPLOYEEEMAIL, TOTAL, APPROXIMATESTARTDATE, GENERATEDBY_ID, MANAGEFOLLOWUPEMAIL, RECORD_UPDATED_BY, WARRANTYFOR_ID, UNION, CREATEDFROMESTIMATE_ID, REASSIGNMENTPENALTY, PREDICTEDSALES, LATEPENALTY, DURATION, DRIVETIME, STATUS, SUMMARY, IMPORTID, NOTIFICATIONSENABLED, RECORD_UPDATE_DATE, ALLOTTEDTIME, COMPLETEDON, CUSTOMERPO, GENERATEDFROM_ID, ISTECHNICIANSPECIFIC, LOCATION_ID, PLANEND, MODIFIEDON, PREVAILINGWAGECODE_ID, SECONDARYJOBNUMBER, END, OPPORTUNITY_ID, APPROXIMATEENDDATE, BUSINESSUNIT_ID, CALLSCRIPTANSWERRECORD_ID, CUSTOMER_ID, DRIVINGCOST, ESTIMATEDCOST, FIRSTAPPOINTMENT_ID, PROJECT_ID, SOLDBY_ID, NOCHARGE, ISCONFIRMED, LEADGENERATED_ID, CAMPAIGN_ID, COMPLETIONSURVEYID, CREATEDFROMESTIMATESTATUSWHENBOOKING, ID, INVOICE_ID, ISPREVAILINGWAGE, LEAD_ID, MEMBERSHIP_ID, PLANSTART, SMARTDISPATCHDATA_JOB, TENANT_TYPE, PREDICTEDTOTAL, NUMBER]
Column Name found in Datamart and Curated Table :: ALLOTTEDTIME
Column Name found in Datamart and Curated Table :: CUSTOMERPO
Column Name found in Datamart and Curated Table :: DURATION
Column Name found in Datamart and Curated Table :: IMPORTID
Column Name found in Datamart and Curated Table :: ISAUTODISPATCHED
Column Name found in Datamart and Curated Table :: LASTCHANGEDBYSMARTDISPATCH
Column Name found in Datamart and Curated Table :: TOTAL
Column Name found in Datamart and Curated Table :: NOCHARGE
Column Name found in Datamart and Curated Table :: SOLDBY_ID
Column Name found in Datamart and Curated Table :: CAMPAIGN_ID
Column Name found in Datamart and Curated Table :: GENERATEDBY_ID
Column Name found in Datamart and Curated Table :: WARRANTYFOR_ID
Column Name found in Datamart and Curated Table :: MANAGEFOLLOWUPEMAIL
Column Name found in Datamart and Curated Table :: OPPORTUNITY_ID
Column Name found in Datamart and Curated Table :: PLANSTART
Column Name found in Datamart and Curated Table :: PMDATE
Column Name found in Datamart and Curated Table :: PRIORITY
Column Name found in Datamart and Curated Table :: PLANEND
Column Name found in Datamart and Curated Table :: CREATEDFROMESTIMATE_ID
Column Name found in Datamart and Curated Table :: END
Column Name found in Datamart and Curated Table :: ESTIMATEDCOST
Column Name found in Datamart and Curated Table :: MEMBERSHIP_ID
Column Name found in Datamart and Curated Table :: INVOICE_ID
Column Name found in Datamart and Curated Table :: RECALLFOR_ID
Column Name found in Datamart and Curated Table :: APPROXIMATESTARTDATE
Column Name found in Datamart and Curated Table :: LEADGENERATED_ID
Column Name found in Datamart and Curated Table :: ISTECHNICIANSPECIFIC
Column Name found in Datamart and Curated Table :: OPPORTUNITYDATE
Column Name found in Datamart and Curated Table :: REASSIGNMENTPENALTY
Column Name found in Datamart and Curated Table :: APPROXIMATEENDDATE
Column Name found in Datamart and Curated Table :: CUSTOMER_ID
Column Name found in Datamart and Curated Table :: DRIVETIME
Column Name found in Datamart and Curated Table :: LOCATION_ID
Column Name found in Datamart and Curated Table :: PREDICTEDSALES
Column Name found in Datamart and Curated Table :: PROJECTEDVALUE
Column Name found in Datamart and Curated Table :: MODIFIEDON
Column Name found in Datamart and Curated Table :: NOCHARGESOURCE
Column Name found in Datamart and Curated Table :: SECONDARYJOBNUMBER
Column Name found in Datamart and Curated Table :: ACTIVE
Column Name found in Datamart and Curated Table :: CALLSCRIPTANSWERRECORD_ID
Column Name found in Datamart and Curated Table :: COMPLETIONSURVEYID
Column Name found in Datamart and Curated Table :: CREATEDFROMESTIMATESTATUSWHENBOOKING
Column Name found in Datamart and Curated Table :: CREATEDON
Column Name found in Datamart and Curated Table :: GENERATEDFROM_ID
Column Name found in Datamart and Curated Table :: LEAD_ID
Column Name found in Datamart and Curated Table :: MANAGEEMPLOYEEEMAIL
Column Name found in Datamart and Curated Table :: COMPLETEDON
Column Name found in Datamart and Curated Table :: EXTERNALID
Column Name found in Datamart and Curated Table :: NUMBER
Column Name found in Datamart and Curated Table :: SUMMARY
Column Name found in Datamart and Curated Table :: PREDICTEDTOTAL
Column Name found in Datamart and Curated Table :: MONTHNUMBER
Column Name found in Datamart and Curated Table :: PREVAILINGWAGECODE_ID
Column Name found in Datamart and Curated Table :: FIRSTAPPOINTMENT_ID
Column Name found in Datamart and Curated Table :: ID
Column Name found in Datamart and Curated Table :: ISPREVAILINGWAGE
Column Name found in Datamart and Curated Table :: SMARTDISPATCHDATA_JOB
Column Name found in Datamart and Curated Table :: START
Column Name found in Datamart and Curated Table :: STATUS
Column Name found in Datamart and Curated Table :: LASTAPPOINTMENT_ID
Column Name found in Datamart and Curated Table :: NOTIFICATIONSENABLED
Column Name found in Datamart and Curated Table :: TYPE_ID
Column Name found in Datamart and Curated Table :: PROJECT_ID
Column Name found in Datamart and Curated Table :: BUSINESSUNIT_ID
Column Name found in Datamart and Curated Table :: DRIVINGCOST
Column Name found in Datamart and Curated Table :: ISCONFIRMED
Column Name found in Datamart and Curated Table :: LATEPENALTY
Column Name found in Datamart and Curated Table :: PREVAILINGWAGEJOBNUMBER
Column Name found in Datamart and Curated Table :: CREATEDBY_ID
Column Name found in Datamart and Curated Table :: UNION
Datamart tables contains additional column name like [ACTIVE_FLAG, RECORD_CREATE_DATE, RECORD_UPDATE_DATE, RECORD_UPDATE_DATE, MASTER_ID, TENANT_TYPE]
Curated tables contains additional column name like [RECORD_CREATE_DATE, RECORD_UPDATE_DATE, RECORD_UPDATED_BY, TENANT_TYPE]]]>
  </system-out>
  <testcase classname="testcases.RAW_DATAMART_CURATED.SnowFlake_ColumnValidation_BKPTables" name="validateColumnName_BKP" time="2.123"/>
  <system-out>
    <![CDATA[Executing Snowflake query :: SELECT COLUMN_NAME FROM DEV_ENT_RAW.INFORMATION_SCHEMA.COLUMNS WHERE TABLE_NAME='TECHNICIANSHIFT'and TABLE_SCHEMA='ST_HDAIR_MATILLION'
Executing Snowflake query :: SELECT COLUMN_NAME FROM CURATED_DATAMART.INFORMATION_SCHEMA.COLUMNS WHERE TABLE_NAME='STR_TECHNICIANSHIFT'and TABLE_SCHEMA='ST_BKP_HDAIR'
Executing Snowflake query :: SELECT COLUMN_NAME FROM DEV_ENT_CURATED.INFORMATION_SCHEMA.COLUMNS WHERE TABLE_NAME='DIM_TECHNICIANSHIFT'and TABLE_SCHEMA='MASTER_DIMENSIONS'
Column names for RAW Table --> TECHNICIANSHIFT :: []
Column names for DataMart Table --> STR_TECHNICIANSHIFT :: [TENANT_TYPE, ENDTIME, END, STARTTIME, TIMESHEET_ID, TIMESHEETCODE_ID, STARTDATE, ACTIVE_FLAG, CREATEDON, MASTER_ID, ENDDATE, NOTE, SHIFTTYPE, TITLE, ACTIVE, BATCH, CREATEDBY_ID, RECORD_CREATE_DATE, START, ID, IMPORTID, TECHNICIAN_ID, RECORD_UPDATE_DATE]
Column names for Curated Table --> DIM_TECHNICIANSHIFT :: [CREATEDON, TENANT_TYPE, TITLE, ACTIVE, NOTE, RECORD_CREATE_DATE, END, ID, RECORD_UPDATED_BY, TIMESHEETCODE_ID, IMPORTID, RECORD_UPDATE_DATE, STARTTIME, TECHNICIAN_ID, TIMESHEET_ID, CREATEDBY_ID, ENDDATE, START, SHIFTTYPE, BATCH, ENDTIME, STARTDATE]
Datamart tables contains additional column name like [ACTIVE_FLAG, RECORD_CREATE_DATE, RECORD_UPDATE_DATE, RECORD_UPDATE_DATE, MASTER_ID, TENANT_TYPE]
Curated tables contains additional column name like [RECORD_CREATE_DATE, RECORD_UPDATE_DATE, RECORD_UPDATED_BY, TENANT_TYPE]]]>
  </system-out>
  <testcase classname="testcases.RAW_DATAMART_CURATED.SnowFlake_ColumnValidation_BKPTables" name="validateColumnName_BKP" time="3.035">
    <failure message="The following asserts failed:
	null" type="java.lang.AssertionError">
      <![CDATA[java.lang.AssertionError: The following asserts failed:
null
at org.testng.asserts.SoftAssert.assertAll(SoftAssert.java:47)
at org.testng.asserts.SoftAssert.assertAll(SoftAssert.java:31)
at testcases.RAW_DATAMART_CURATED.SnowFlake_ColumnValidation_BKPTables.validateColumnName_BKP(SnowFlake_ColumnValidation_BKPTables.java:120)
at jdk.internal.reflect.GeneratedMethodAccessor38.invoke(Unknown Source)
at java.base/jdk.internal.reflect.DelegatingMethodAccessorImpl.invoke(DelegatingMethodAccessorImpl.java:43)
at java.base/java.lang.reflect.Method.invoke(Method.java:568)
at org.testng.internal.MethodInvocationHelper.invokeMethod(MethodInvocationHelper.java:133)
at org.testng.internal.TestInvoker.invokeMethod(TestInvoker.java:598)
at org.testng.internal.TestInvoker.invokeTestMethod(TestInvoker.java:173)
at org.testng.internal.MethodRunner.runInSequence(MethodRunner.java:46)
at org.testng.internal.TestInvoker$MethodInvocationAgent.invoke(TestInvoker.java:824)
at org.testng.internal.TestInvoker.invokeTestMethods(TestInvoker.java:146)
at org.testng.internal.TestMethodWorker.invokeTestMethods(TestMethodWorker.java:146)
at org.testng.internal.TestMethodWorker.run(TestMethodWorker.java:128)
at java.base/java.util.ArrayList.forEach(ArrayList.java:1511)
at org.testng.TestRunner.privateRun(TestRunner.java:794)
at org.testng.TestRunner.run(TestRunner.java:596)
at org.testng.SuiteRunner.runTest(SuiteRunner.java:377)
at org.testng.SuiteRunner.runSequentially(SuiteRunner.java:371)
at org.testng.SuiteRunner.privateRun(SuiteRunner.java:332)
at org.testng.SuiteRunner.run(SuiteRunner.java:276)
at org.testng.SuiteRunnerWorker.runSuite(SuiteRunnerWorker.java:53)
at org.testng.SuiteRunnerWorker.run(SuiteRunnerWorker.java:96)
at org.testng.TestNG.runSuitesSequentially(TestNG.java:1212)
at org.testng.TestNG.runSuitesLocally(TestNG.java:1134)
at org.testng.TestNG.runSuites(TestNG.java:1063)
at org.testng.TestNG.run(TestNG.java:1031)
at org.testng.remote.AbstractRemoteTestNG.run(AbstractRemoteTestNG.java:115)
at org.testng.remote.RemoteTestNG.initAndRun(RemoteTestNG.java:251)
at org.testng.remote.RemoteTestNG.main(RemoteTestNG.java:77)
]]>
    </failure>
  </testcase> <!-- validateColumnName_BKP -->
  <system-out>
    <![CDATA[Executing Snowflake query :: SELECT COLUMN_NAME FROM DEV_ENT_RAW.INFORMATION_SCHEMA.COLUMNS WHERE TABLE_NAME='TECHNICIAN'and TABLE_SCHEMA='ST_GOLDMEDAL_MATILLION'
Executing Snowflake query :: SELECT COLUMN_NAME FROM CURATED_DATAMART.INFORMATION_SCHEMA.COLUMNS WHERE TABLE_NAME='STR_TECHNICIAN'and TABLE_SCHEMA='ST_BKP_GOLDMEDAL'
Executing Snowflake query :: SELECT COLUMN_NAME FROM DEV_ENT_CURATED.INFORMATION_SCHEMA.COLUMNS WHERE TABLE_NAME='DIM_TECHNICIAN'and TABLE_SCHEMA='MASTER_DIMENSIONS'
Column names for RAW Table --> TECHNICIAN :: [CHECKEDIN, COORDINATESUPDATEDON, EMAIL, HOME_STATE, HOME_STREET, MIDDLENAME, OUTBOUNDCALLERID, PAYROLLPROFILE_ID, MODIFIEDON, PAYPERIOD, PHONE, STATUS, USER_ID, LOCATION_TECHNICIAN, SALESFORCECONTACTID, SOLDBYRATE, IMPORTID, ROUTESTATISTICS_TECHNICIAN, SHIFTEND, ATLASBUTLERTECHNICIANROLE, CURRENTVALUE, HOME_LONGITUDE, HOME_UNIT, LATITUDE, MUHULINK, PHOTO, ID, INVOICINGHOURLYRATE, ISAUTODISPATCHED, QBREPID, STARTDATE, STATUSUPDATEDON, SMARTDISPATCHSETTINGS_TECHNICIAN, WILLIAMSTECHNICIANROLE, SCHEDULEDCREWSPLITCOMMISSIONRATE, ACTIVE, ADDONMULTITECHCOMMISSIONRATE, CREATEDON, LASTNAME, LONGITUDE, MEMO, PAYFREQUENCY_ID, SCHEDULEDMULTITECHCOMMISSIONRATE, TURNOVERBONUS, GOALIMAGE, PAYROLLSTARTPERIOD, POSITION, PROJECTLABELS, MANAGER_ID, COLOR, CREATEDBY_ID, FIRSTNAME, SALESFACTOR, SCHEDULEDSOLOCOMMISSIONRATE, HOME_CITY, HOME_ISMANUALCOORDINATES, OVERTIMEPROFILE_ID, PAYROLLREPORTVERSION, PHONECONFIRMED, STANDARDPAYROLLCONTROLCODE_ID, UNION, OVERTIMEMODE, BURDENRATE, BUSINESSUNIT_ID, DEDUCTCOMMUTETIMEFROMFIRSTDRIVE, FIRSTDRIVERULE, NAME, BIRTHDATE, COMMUTETIME, HOME_ZIP, ISMANAGEDTECH, LICENSE, MEALTIME, PAYROLLSTARTDATE, TYPE, ADDONCREWSPLITCOMMISSIONRATE, APPOINTMENT_ID, DAILYGOAL, DISPATCHNOTIFICATIONS, EMAILCONFIRMED, HOME_ISMILITARY, MOBILEPHONECONFIRMED, OVERALLSALESFACTOR_TECHNICIAN, OVERTIMEWORKTYPECODE_ID, JOB_ID, NAVISIONEMPLOYEEID, PAYROLLPOSTINGGROUP_ID, SHIFTSTART, STANDARDWORKTYPECODE_ID, BIO, DEFAULTPAYROLLADJUSTMENTRATE, HOURLYRATE, JOBFILTER, MOBILEPHONE, PAYTYPE, HOME_LATITUDE, PAYROLLROLE, OVERTIMEPAYROLLCONTROLCODE_ID, PROJECTEDVALUE, ADDONSOLOCOMMISSIONRATE, DEFAULTLABORTYPE_ID, HOME_COUNTRY, SHOWJOBAPPOINTMENTRESCHEDULEALERT, COMMISSIONRATE, INVENTORYWAREHOUSENAME, PAYROLLID, TEAM, ZONE_ID, ISEXTERNAL, TRUCK_ID, TODAYREVENUE_TECHNICIAN, ISEXCLUDEDFROMPAYROLL]
Column names for DataMart Table --> STR_TECHNICIAN :: [ACTIVE_FLAG, BUSINESSUNIT_ID, COLOR, COORDINATESUPDATEDON, HOME_UNIT, INVOICINGHOURLYRATE, LASTNAME, OVERTIMEWORKTYPECODE_ID, PAYROLLPOSTINGGROUP_ID, PAYROLLSTARTPERIOD, STANDARDWORKTYPECODE_ID, COMMISSIONRATE, EMAIL, JOBFILTER, PAYROLLREPORTVERSION, SHIFTEND, SHIFTSTART, STARTDATE, HOME_LONGITUDE, SALESFORCECONTACTID, PROJECTLABELS, FIRSTNAME, INVENTORYWAREHOUSENAME, ATLASBUTLERTECHNICIANROLE, BURDENRATE, CREATEDBY_ID, DEFAULTPAYROLLADJUSTMENTRATE, EMAILCONFIRMED, MASTER_ID, TURNOVERBONUS, OVERTIMEPAYROLLCONTROLCODE_ID, RECORD_UPDATE_DATE, TRUCK_ID, ID, UNION, ADDONMULTITECHCOMMISSIONRATE, APPOINTMENT_ID, BIO, COMMUTETIME, HOME_CITY, ISAUTODISPATCHED, MODIFIEDON, OVERTIMEMODE, STANDARDPAYROLLCONTROLCODE_ID, OUTBOUNDCALLERID, PHONE, SALESFACTOR, STATUSUPDATEDON, FLEET_ID, HOME_STREET, NAME, ACTIVE, ADDONCREWSPLITCOMMISSIONRATE, FIRSTDRIVERULE, LATITUDE, MOBILEPHONE, QBREPID, TEAM, PAYFREQUENCY_ID, PAYROLLPROFILE_ID, PAYTYPE, SCHEDULEDMULTITECHCOMMISSIONRATE, BIRTHDATE, CHECKEDIN, DAILYGOAL, DISPATCHNOTIFICATIONS, HOME_STATE, MUHULINK, SHOWJOBAPPOINTMENTRESCHEDULEALERT, NAVISIONEMPLOYEEID, PHOTO, SMARTDISPATCHSETTINGS_TECHNICIAN, WILLIAMSTECHNICIANROLE, OVERTIMEPROFILE_ID, PAYPERIOD, PAYROLLSTARTDATE, DEFAULTLABORTYPE_ID, ISEXTERNAL, LOCATION_TECHNICIAN, MANAGER_ID, PHONECONFIRMED, LICENSE, TENANT_TYPE, TODAYREVENUE_TECHNICIAN, TYPE, MEMO, MOBILEPHONECONFIRMED, ADDONSOLOCOMMISSIONRATE, CURRENTVALUE, DEDUCTCOMMUTETIMEFROMFIRSTDRIVE, HOME_ISMANUALCOORDINATES, HOME_ZIP, LONGITUDE, GOALIMAGE, HOME_ISMILITARY, MEALTIME, MIDDLENAME, PAYROLLID, POSITION, RECORD_CREATE_DATE, SCHEDULEDSOLOCOMMISSIONRATE, ZONE_ID, OVERALLSALESFACTOR_TECHNICIAN, CREATEDON, HOME_LATITUDE, PROJECTEDVALUE, HOURLYRATE, JOB_ID, PAYROLLROLE, ROUTESTATISTICS_TECHNICIAN, SOLDBYRATE, USER_ID, SCHEDULEDCREWSPLITCOMMISSIONRATE, STATUS, IMPORTID, HOME_COUNTRY, ISMANAGEDTECH]
Column names for Curated Table --> DIM_TECHNICIAN :: [ADDONCREWSPLITCOMMISSIONRATE, COMMUTETIME, DEFAULTLABORTYPE_ID, EMAILCONFIRMED, FIRSTNAME, FLEET_ID, HOME_COUNTRY, HOME_UNIT, MOBILEPHONE, PHONECONFIRMED, OVERALLSALESFACTOR_TECHNICIAN, PAYROLLSTARTDATE, TURNOVERBONUS, PAYPERIOD, PAYROLLROLE, BIRTHDATE, HOME_ISMANUALCOORDINATES, HOME_ISMILITARY, INVENTORYWAREHOUSENAME, JOBFILTER, MEMO, PAYFREQUENCY_ID, POSITION, ID, ISAUTODISPATCHED, LICENSE, TEAM, SCHEDULEDCREWSPLITCOMMISSIONRATE, SALESFACTOR, ADDONSOLOCOMMISSIONRATE, CURRENTVALUE, DAILYGOAL, DEDUCTCOMMUTETIMEFROMFIRSTDRIVE, MANAGER_ID, OVERTIMEPROFILE_ID, SHIFTSTART, SHOWJOBAPPOINTMENTRESCHEDULEALERT, SMARTDISPATCHSETTINGS_TECHNICIAN, GOALIMAGE, MODIFIEDON, PAYROLLID, PAYROLLREPORTVERSION, RECORD_CREATE_DATE, TODAYREVENUE_TECHNICIAN, TYPE, PROJECTLABELS, SCHEDULEDSOLOCOMMISSIONRATE, LONGITUDE, ADDONMULTITECHCOMMISSIONRATE, APPOINTMENT_ID, CHECKEDIN, COLOR, CREATEDON, DISPATCHNOTIFICATIONS, IMPORTID, LASTNAME, MOBILEPHONECONFIRMED, STATUSUPDATEDON, ZONE_ID, HOME_STATE, MEALTIME, NAME, NAVISIONEMPLOYEEID, PAYROLLPOSTINGGROUP_ID, PHOTO, PROJECTEDVALUE, STANDARDPAYROLLCONTROLCODE_ID, OVERTIMEMODE, BURDENRATE, FIRSTDRIVERULE, JOB_ID, PAYROLLPROFILE_ID, QBREPID, ROUTESTATISTICS_TECHNICIAN, STARTDATE, TRUCK_ID, USER_ID, STANDARDWORKTYPECODE_ID, MIDDLENAME, COMMISSIONRATE, CREATEDBY_ID, HOME_LONGITUDE, HOME_ZIP, HOURLYRATE, LATITUDE, SCHEDULEDMULTITECHCOMMISSIONRATE, BUSINESSUNIT_ID, OUTBOUNDCALLERID, RECORD_UPDATED_BY, STATUS, MUHULINK, OVERTIMEPAYROLLCONTROLCODE_ID, UNION, PAYTYPE, INVOICINGHOURLYRATE, RECORD_UPDATE_DATE, COORDINATESUPDATEDON, LOCATION_TECHNICIAN, EMAIL, HOME_CITY, ISEXTERNAL, OVERTIMEWORKTYPECODE_ID, PAYROLLSTARTPERIOD, SHIFTEND, WILLIAMSTECHNICIANROLE, TENANT_TYPE, ACTIVE, ATLASBUTLERTECHNICIANROLE, BIO, DEFAULTPAYROLLADJUSTMENTRATE, HOME_LATITUDE, HOME_STREET, ISMANAGEDTECH, PHONE, SALESFORCECONTACTID, SOLDBYRATE]
Column Name found in Datamart and Curated Table :: CHECKEDIN
Column Name found in Datamart and Curated Table :: COORDINATESUPDATEDON
Column Name found in Datamart and Curated Table :: EMAIL
Column Name found in Datamart and Curated Table :: HOME_STATE
Column Name found in Datamart and Curated Table :: HOME_STREET
Column Name found in Datamart and Curated Table :: MIDDLENAME
Column Name found in Datamart and Curated Table :: OUTBOUNDCALLERID
Column Name found in Datamart and Curated Table :: PAYROLLPROFILE_ID
Column Name found in Datamart and Curated Table :: MODIFIEDON
Column Name found in Datamart and Curated Table :: PAYPERIOD
Column Name found in Datamart and Curated Table :: PHONE
Column Name found in Datamart and Curated Table :: STATUS
Column Name found in Datamart and Curated Table :: USER_ID
Column Name found in Datamart and Curated Table :: LOCATION_TECHNICIAN
Column Name found in Datamart and Curated Table :: SALESFORCECONTACTID
Column Name found in Datamart and Curated Table :: SOLDBYRATE
Column Name found in Datamart and Curated Table :: IMPORTID
Column Name found in Datamart and Curated Table :: ROUTESTATISTICS_TECHNICIAN
Column Name found in Datamart and Curated Table :: SHIFTEND
Column Name found in Datamart and Curated Table :: ATLASBUTLERTECHNICIANROLE
Column Name found in Datamart and Curated Table :: CURRENTVALUE
Column Name found in Datamart and Curated Table :: HOME_LONGITUDE
Column Name found in Datamart and Curated Table :: HOME_UNIT
Column Name found in Datamart and Curated Table :: LATITUDE
Column Name found in Datamart and Curated Table :: MUHULINK
Column Name found in Datamart and Curated Table :: PHOTO
Column Name found in Datamart and Curated Table :: ID
Column Name found in Datamart and Curated Table :: INVOICINGHOURLYRATE
Column Name found in Datamart and Curated Table :: ISAUTODISPATCHED
Column Name found in Datamart and Curated Table :: QBREPID
Column Name found in Datamart and Curated Table :: STARTDATE
Column Name found in Datamart and Curated Table :: STATUSUPDATEDON
Column Name found in Datamart and Curated Table :: SMARTDISPATCHSETTINGS_TECHNICIAN
Column Name found in Datamart and Curated Table :: WILLIAMSTECHNICIANROLE
Column Name found in Datamart and Curated Table :: SCHEDULEDCREWSPLITCOMMISSIONRATE
Column Name found in Datamart and Curated Table :: ACTIVE
Column Name found in Datamart and Curated Table :: ADDONMULTITECHCOMMISSIONRATE
Column Name found in Datamart and Curated Table :: CREATEDON
Column Name found in Datamart and Curated Table :: LASTNAME
Column Name found in Datamart and Curated Table :: LONGITUDE
Column Name found in Datamart and Curated Table :: MEMO
Column Name found in Datamart and Curated Table :: PAYFREQUENCY_ID
Column Name found in Datamart and Curated Table :: SCHEDULEDMULTITECHCOMMISSIONRATE
Column Name found in Datamart and Curated Table :: TURNOVERBONUS
Column Name found in Datamart and Curated Table :: GOALIMAGE
Column Name found in Datamart and Curated Table :: PAYROLLSTARTPERIOD
Column Name found in Datamart and Curated Table :: POSITION
Column Name found in Datamart and Curated Table :: PROJECTLABELS
Column Name found in Datamart and Curated Table :: MANAGER_ID
Column Name found in Datamart and Curated Table :: COLOR
Column Name found in Datamart and Curated Table :: CREATEDBY_ID
Column Name found in Datamart and Curated Table :: FIRSTNAME
Column Name found in Datamart and Curated Table :: SALESFACTOR
Column Name found in Datamart and Curated Table :: SCHEDULEDSOLOCOMMISSIONRATE
Column Name found in Datamart and Curated Table :: HOME_CITY
Column Name found in Datamart and Curated Table :: HOME_ISMANUALCOORDINATES
Column Name found in Datamart and Curated Table :: OVERTIMEPROFILE_ID
Column Name found in Datamart and Curated Table :: PAYROLLREPORTVERSION
Column Name found in Datamart and Curated Table :: PHONECONFIRMED
Column Name found in Datamart and Curated Table :: STANDARDPAYROLLCONTROLCODE_ID
Column Name found in Datamart and Curated Table :: UNION
Column Name found in Datamart and Curated Table :: OVERTIMEMODE
Column Name found in Datamart and Curated Table :: BURDENRATE
Column Name found in Datamart and Curated Table :: BUSINESSUNIT_ID
Column Name found in Datamart and Curated Table :: DEDUCTCOMMUTETIMEFROMFIRSTDRIVE
Column Name found in Datamart and Curated Table :: FIRSTDRIVERULE
Column Name found in Datamart and Curated Table :: NAME
Column Name found in Datamart and Curated Table :: BIRTHDATE
Column Name found in Datamart and Curated Table :: COMMUTETIME
Column Name found in Datamart and Curated Table :: HOME_ZIP
Column Name found in Datamart and Curated Table :: ISMANAGEDTECH
Column Name found in Datamart and Curated Table :: LICENSE
Column Name found in Datamart and Curated Table :: MEALTIME
Column Name found in Datamart and Curated Table :: PAYROLLSTARTDATE
Column Name found in Datamart and Curated Table :: TYPE
Column Name found in Datamart and Curated Table :: ADDONCREWSPLITCOMMISSIONRATE
Column Name found in Datamart and Curated Table :: APPOINTMENT_ID
Column Name found in Datamart and Curated Table :: DAILYGOAL
Column Name found in Datamart and Curated Table :: DISPATCHNOTIFICATIONS
Column Name found in Datamart and Curated Table :: EMAILCONFIRMED
Column Name found in Datamart and Curated Table :: HOME_ISMILITARY
Column Name found in Datamart and Curated Table :: MOBILEPHONECONFIRMED
Column Name found in Datamart and Curated Table :: OVERALLSALESFACTOR_TECHNICIAN
Column Name found in Datamart and Curated Table :: OVERTIMEWORKTYPECODE_ID
Column Name found in Datamart and Curated Table :: JOB_ID
Column Name found in Datamart and Curated Table :: NAVISIONEMPLOYEEID
Column Name found in Datamart and Curated Table :: PAYROLLPOSTINGGROUP_ID
Column Name found in Datamart and Curated Table :: SHIFTSTART
Column Name found in Datamart and Curated Table :: STANDARDWORKTYPECODE_ID
Column Name found in Datamart and Curated Table :: BIO
Column Name found in Datamart and Curated Table :: DEFAULTPAYROLLADJUSTMENTRATE
Column Name found in Datamart and Curated Table :: HOURLYRATE
Column Name found in Datamart and Curated Table :: JOBFILTER
Column Name found in Datamart and Curated Table :: MOBILEPHONE
Column Name found in Datamart and Curated Table :: PAYTYPE
Column Name found in Datamart and Curated Table :: HOME_LATITUDE
Column Name found in Datamart and Curated Table :: PAYROLLROLE
Column Name found in Datamart and Curated Table :: OVERTIMEPAYROLLCONTROLCODE_ID
Column Name found in Datamart and Curated Table :: PROJECTEDVALUE
Column Name found in Datamart and Curated Table :: ADDONSOLOCOMMISSIONRATE
Column Name found in Datamart and Curated Table :: DEFAULTLABORTYPE_ID
Column Name found in Datamart and Curated Table :: HOME_COUNTRY
Column Name found in Datamart and Curated Table :: SHOWJOBAPPOINTMENTRESCHEDULEALERT
Column Name found in Datamart and Curated Table :: COMMISSIONRATE
Column Name found in Datamart and Curated Table :: INVENTORYWAREHOUSENAME
Column Name found in Datamart and Curated Table :: PAYROLLID
Column Name found in Datamart and Curated Table :: TEAM
Column Name found in Datamart and Curated Table :: ZONE_ID
Column Name found in Datamart and Curated Table :: ISEXTERNAL
Column Name found in Datamart and Curated Table :: TRUCK_ID
Column Name found in Datamart and Curated Table :: TODAYREVENUE_TECHNICIAN
Column Name not found in Datamart and Curated Table :: ISEXCLUDEDFROMPAYROLL
Datamart tables contains additional column name like [ACTIVE_FLAG, RECORD_CREATE_DATE, RECORD_UPDATE_DATE, RECORD_UPDATE_DATE, MASTER_ID, TENANT_TYPE]
Curated tables contains additional column name like [RECORD_CREATE_DATE, RECORD_UPDATE_DATE, RECORD_UPDATED_BY, TENANT_TYPE]]]>
  </system-out>
  <testcase classname="testcases.RAW_DATAMART_CURATED.SnowFlake_ColumnValidation_BKPTables" name="validateColumnName_BKP" time="4.411"/>
  <system-out>
    <![CDATA[Executing Snowflake query :: SELECT COLUMN_NAME FROM DEV_ENT_RAW.INFORMATION_SCHEMA.COLUMNS WHERE TABLE_NAME='CATEGORY'and TABLE_SCHEMA='ST_BILLFENWICK_MATILLION'
Executing Snowflake query :: SELECT COLUMN_NAME FROM CURATED_DATAMART.INFORMATION_SCHEMA.COLUMNS WHERE TABLE_NAME='STR_CATEGORY'and TABLE_SCHEMA='ST_BKP_BILLFENWICK'
Executing Snowflake query :: SELECT COLUMN_NAME FROM DEV_ENT_CURATED.INFORMATION_SCHEMA.COLUMNS WHERE TABLE_NAME='DIM_CATEGORY'and TABLE_SCHEMA='MASTER_DIMENSIONS'
Column names for RAW Table --> CATEGORY :: [AVALARACOMMERCIALTAXCODE, POSITION, CATEGORYTYPE, CREATEDBY_ID, IMAGE, DESCRIPTION, SKUIMAGES, SOURCEVERSION, ACTIVE, PARENT_ID, EXTERNALID, BUSINESSUNIT_ID, IMPORTID, ID, HIDEINMOBILE, SUPPLIERIMAGES, AVALARARESIDENTIALTAXCODE, CREATEDON, NAME, SOURCE]
Column names for DataMart Table --> STR_CATEGORY :: [SKUIMAGES, TENANT_TYPE, ACTIVE, AVALARARESIDENTIALTAXCODE, MASTER_ID, ID, POSITION, EXTERNALID, AVALARACOMMERCIALTAXCODE, SOURCEVERSION, SUPPLIERIMAGES, ACTIVE_FLAG, IMAGE, PARENT_ID, CREATEDON, DESCRIPTION, RECORD_UPDATE_DATE, CREATEDBY_ID, HIDEINMOBILE, NAME, RECORD_CREATE_DATE, IMPORTID, CATEGORYTYPE, SOURCE, BUSINESSUNIT_ID]
Column names for Curated Table --> DIM_CATEGORY :: [AVALARARESIDENTIALTAXCODE, POSITION, SOURCEVERSION, IMAGE, ACTIVE, IMPORTID, NAME, SKUIMAGES, CREATEDBY_ID, PARENT_ID, SOURCE, DESCRIPTION, EXTERNALID, SUPPLIERIMAGES, AVALARACOMMERCIALTAXCODE, BUSINESSUNIT_ID, CATEGORYTYPE, ID, RECORD_UPDATE_DATE, TENANT_TYPE, RECORD_UPDATED_BY, CREATEDON, HIDEINMOBILE, RECORD_CREATE_DATE]
Column Name found in Datamart and Curated Table :: AVALARACOMMERCIALTAXCODE
Column Name found in Datamart and Curated Table :: POSITION
Column Name found in Datamart and Curated Table :: CATEGORYTYPE
Column Name found in Datamart and Curated Table :: CREATEDBY_ID
Column Name found in Datamart and Curated Table :: IMAGE
Column Name found in Datamart and Curated Table :: DESCRIPTION
Column Name found in Datamart and Curated Table :: SKUIMAGES
Column Name found in Datamart and Curated Table :: SOURCEVERSION
Column Name found in Datamart and Curated Table :: ACTIVE
Column Name found in Datamart and Curated Table :: PARENT_ID
Column Name found in Datamart and Curated Table :: EXTERNALID
Column Name found in Datamart and Curated Table :: BUSINESSUNIT_ID
Column Name found in Datamart and Curated Table :: IMPORTID
Column Name found in Datamart and Curated Table :: ID
Column Name found in Datamart and Curated Table :: HIDEINMOBILE
Column Name found in Datamart and Curated Table :: SUPPLIERIMAGES
Column Name found in Datamart and Curated Table :: AVALARARESIDENTIALTAXCODE
Column Name found in Datamart and Curated Table :: CREATEDON
Column Name found in Datamart and Curated Table :: NAME
Column Name found in Datamart and Curated Table :: SOURCE
Datamart tables contains additional column name like [ACTIVE_FLAG, RECORD_CREATE_DATE, RECORD_UPDATE_DATE, RECORD_UPDATE_DATE, MASTER_ID, TENANT_TYPE]
Curated tables contains additional column name like [RECORD_CREATE_DATE, RECORD_UPDATE_DATE, RECORD_UPDATED_BY, TENANT_TYPE]]]>
  </system-out>
  <testcase classname="testcases.RAW_DATAMART_CURATED.SnowFlake_ColumnValidation_BKPTables" name="validateColumnName_BKP" time="2.247"/>
  <system-out>
    <![CDATA[Executing Snowflake query :: SELECT COLUMN_NAME FROM DEV_ENT_RAW.INFORMATION_SCHEMA.COLUMNS WHERE TABLE_NAME='ESTIMATE'and TABLE_SCHEMA='ST_MAITZ_MATILLION'
Executing Snowflake query :: SELECT COLUMN_NAME FROM CURATED_DATAMART.INFORMATION_SCHEMA.COLUMNS WHERE TABLE_NAME='STR_ESTIMATE'and TABLE_SCHEMA='ST_BKP_MAITZ'
Executing Snowflake query :: SELECT COLUMN_NAME FROM DEV_ENT_CURATED.INFORMATION_SCHEMA.COLUMNS WHERE TABLE_NAME='DIM_ESTIMATE'and TABLE_SCHEMA='MASTER_DIMENSIONS'
Column names for RAW Table --> ESTIMATE :: [ID, ISRECOMMENDED, SOLDBYEMPLOYEE_ID, MODIFIEDON, AUTHORIZATIONSIGNATURE, TOTAL, PROJECTLABELS, MATERIALSKU_ID, MATERIALSKUREFERENCE_SKUID, MATERIALSKUREFERENCE_SKUTYPE, PROCUREMENTTYPE, PROPOSALTAGCOLOR, RENEWABLEMEMBERSHIP_ID, SOLDBY_ID, OPPORTUNITY_ID, AUTHORIZEDON, SOLDON, CREATEDBY_ID, NAME, SOLDTYPE, TOTALCOST, PROPOSALTAGNAME, SOLDINVOICE_ID, STATUS, DISCOUNTTOTAL, FEETOTAL, LOCATION_ID, TAX, TECHNICIANPICKEDSOLDTYPE, IMPORTID, JOB_ID, LABORTAX, ORDER, PROJECTOPPORTUNITY_ID, CLAIM_ID, ISCHANGEORDER, SUMMARY, TECHNICIANSIGNATURE, ACTIVE, BUSINESSUNIT_ID, CREATEDON, MATERIALTAX]
Column names for DataMart Table --> STR_ESTIMATE :: [ACTIVE_FLAG, BUSINESSUNIT_ID, CLAIM_ID, CREATEDBY_ID, ISRECOMMENDED, RECORD_CREATE_DATE, SOLDTYPE, FEETOTAL, MATERIALSKU_ID, PROJECTOPPORTUNITY_ID, RENEWABLEMEMBERSHIP_ID, MODIFIEDON, SOLDON, MASTER_ID, DISCOUNTTOTAL, ID, OPPORTUNITY_ID, TECHNICIANSIGNATURE, MATERIALTAX, NAME, RECORD_UPDATE_DATE, LABORTAX, MATERIALSKUREFERENCE_SKUID, SOLDBYEMPLOYEE_ID, TECHNICIANPICKEDSOLDTYPE, AUTHORIZATIONSIGNATURE, ISCHANGEORDER, JOB_ID, TAX, SUMMARY, TOTAL, STATUS, ACTIVE, AUTHORIZEDON, MATERIALSKUREFERENCE_SKUTYPE, ORDER, PROPOSALTAGNAME, TOTALCOST, IMPORTID, PROPOSALTAGCOLOR, SOLDINVOICE_ID, CREATEDON, PROCUREMENTTYPE, LOCATION_ID, PROJECTLABELS, SOLDBY_ID, TENANT_TYPE]
Column names for Curated Table --> DIM_ESTIMATE :: [CREATEDON, DISCOUNTTOTAL, LOCATION_ID, OPPORTUNITY_ID, PROPOSALTAGCOLOR, PROPOSALTAGNAME, SOLDINVOICE_ID, TENANT_TYPE, RECORD_UPDATED_BY, TOTALCOST, ISCHANGEORDER, NAME, BUSINESSUNIT_ID, FEETOTAL, MATERIALSKUREFERENCE_SKUTYPE, ISRECOMMENDED, ORDER, STATUS, TOTAL, SOLDTYPE, AUTHORIZEDON, CREATEDBY_ID, LABORTAX, PROCUREMENTTYPE, SOLDBYEMPLOYEE_ID, SOLDBY_ID, IMPORTID, MATERIALSKU_ID, TAX, TECHNICIANPICKEDSOLDTYPE, RENEWABLEMEMBERSHIP_ID, TECHNICIANSIGNATURE, MODIFIEDON, CLAIM_ID, ID, MATERIALSKUREFERENCE_SKUID, SOLDON, PROJECTLABELS, JOB_ID, ACTIVE, AUTHORIZATIONSIGNATURE, MATERIALTAX, PROJECTOPPORTUNITY_ID, RECORD_CREATE_DATE, SUMMARY, RECORD_UPDATE_DATE]
Column Name found in Datamart and Curated Table :: ID
Column Name found in Datamart and Curated Table :: ISRECOMMENDED
Column Name found in Datamart and Curated Table :: SOLDBYEMPLOYEE_ID
Column Name found in Datamart and Curated Table :: MODIFIEDON
Column Name found in Datamart and Curated Table :: AUTHORIZATIONSIGNATURE
Column Name found in Datamart and Curated Table :: TOTAL
Column Name found in Datamart and Curated Table :: PROJECTLABELS
Column Name found in Datamart and Curated Table :: MATERIALSKU_ID
Column Name found in Datamart and Curated Table :: MATERIALSKUREFERENCE_SKUID
Column Name found in Datamart and Curated Table :: MATERIALSKUREFERENCE_SKUTYPE
Column Name found in Datamart and Curated Table :: PROCUREMENTTYPE
Column Name found in Datamart and Curated Table :: PROPOSALTAGCOLOR
Column Name found in Datamart and Curated Table :: RENEWABLEMEMBERSHIP_ID
Column Name found in Datamart and Curated Table :: SOLDBY_ID
Column Name found in Datamart and Curated Table :: OPPORTUNITY_ID
Column Name found in Datamart and Curated Table :: AUTHORIZEDON
Column Name found in Datamart and Curated Table :: SOLDON
Column Name found in Datamart and Curated Table :: CREATEDBY_ID
Column Name found in Datamart and Curated Table :: NAME
Column Name found in Datamart and Curated Table :: SOLDTYPE
Column Name found in Datamart and Curated Table :: TOTALCOST
Column Name found in Datamart and Curated Table :: PROPOSALTAGNAME
Column Name found in Datamart and Curated Table :: SOLDINVOICE_ID
Column Name found in Datamart and Curated Table :: STATUS
Column Name found in Datamart and Curated Table :: DISCOUNTTOTAL
Column Name found in Datamart and Curated Table :: FEETOTAL
Column Name found in Datamart and Curated Table :: LOCATION_ID
Column Name found in Datamart and Curated Table :: TAX
Column Name found in Datamart and Curated Table :: TECHNICIANPICKEDSOLDTYPE
Column Name found in Datamart and Curated Table :: IMPORTID
Column Name found in Datamart and Curated Table :: JOB_ID
Column Name found in Datamart and Curated Table :: LABORTAX
Column Name found in Datamart and Curated Table :: ORDER
Column Name found in Datamart and Curated Table :: PROJECTOPPORTUNITY_ID
Column Name found in Datamart and Curated Table :: CLAIM_ID
Column Name found in Datamart and Curated Table :: ISCHANGEORDER
Column Name found in Datamart and Curated Table :: SUMMARY
Column Name found in Datamart and Curated Table :: TECHNICIANSIGNATURE
Column Name found in Datamart and Curated Table :: ACTIVE
Column Name found in Datamart and Curated Table :: BUSINESSUNIT_ID
Column Name found in Datamart and Curated Table :: CREATEDON
Column Name found in Datamart and Curated Table :: MATERIALTAX
Datamart tables contains additional column name like [ACTIVE_FLAG, RECORD_CREATE_DATE, RECORD_UPDATE_DATE, RECORD_UPDATE_DATE, MASTER_ID, TENANT_TYPE]
Curated tables contains additional column name like [RECORD_CREATE_DATE, RECORD_UPDATE_DATE, RECORD_UPDATED_BY, TENANT_TYPE]]]>
  </system-out>
  <testcase classname="testcases.RAW_DATAMART_CURATED.SnowFlake_ColumnValidation_BKPTables" name="validateColumnName_BKP" time="3.830">
    <failure message="The following asserts failed:
	null" type="java.lang.AssertionError">
      <![CDATA[java.lang.AssertionError: The following asserts failed:
null
at org.testng.asserts.SoftAssert.assertAll(SoftAssert.java:47)
at org.testng.asserts.SoftAssert.assertAll(SoftAssert.java:31)
at testcases.RAW_DATAMART_CURATED.SnowFlake_ColumnValidation_BKPTables.validateColumnName_BKP(SnowFlake_ColumnValidation_BKPTables.java:120)
at jdk.internal.reflect.GeneratedMethodAccessor38.invoke(Unknown Source)
at java.base/jdk.internal.reflect.DelegatingMethodAccessorImpl.invoke(DelegatingMethodAccessorImpl.java:43)
at java.base/java.lang.reflect.Method.invoke(Method.java:568)
at org.testng.internal.MethodInvocationHelper.invokeMethod(MethodInvocationHelper.java:133)
at org.testng.internal.TestInvoker.invokeMethod(TestInvoker.java:598)
at org.testng.internal.TestInvoker.invokeTestMethod(TestInvoker.java:173)
at org.testng.internal.MethodRunner.runInSequence(MethodRunner.java:46)
at org.testng.internal.TestInvoker$MethodInvocationAgent.invoke(TestInvoker.java:824)
at org.testng.internal.TestInvoker.invokeTestMethods(TestInvoker.java:146)
at org.testng.internal.TestMethodWorker.invokeTestMethods(TestMethodWorker.java:146)
at org.testng.internal.TestMethodWorker.run(TestMethodWorker.java:128)
at java.base/java.util.ArrayList.forEach(ArrayList.java:1511)
at org.testng.TestRunner.privateRun(TestRunner.java:794)
at org.testng.TestRunner.run(TestRunner.java:596)
at org.testng.SuiteRunner.runTest(SuiteRunner.java:377)
at org.testng.SuiteRunner.runSequentially(SuiteRunner.java:371)
at org.testng.SuiteRunner.privateRun(SuiteRunner.java:332)
at org.testng.SuiteRunner.run(SuiteRunner.java:276)
at org.testng.SuiteRunnerWorker.runSuite(SuiteRunnerWorker.java:53)
at org.testng.SuiteRunnerWorker.run(SuiteRunnerWorker.java:96)
at org.testng.TestNG.runSuitesSequentially(TestNG.java:1212)
at org.testng.TestNG.runSuitesLocally(TestNG.java:1134)
at org.testng.TestNG.runSuites(TestNG.java:1063)
at org.testng.TestNG.run(TestNG.java:1031)
at org.testng.remote.AbstractRemoteTestNG.run(AbstractRemoteTestNG.java:115)
at org.testng.remote.RemoteTestNG.initAndRun(RemoteTestNG.java:251)
at org.testng.remote.RemoteTestNG.main(RemoteTestNG.java:77)
]]>
    </failure>
  </testcase> <!-- validateColumnName_BKP -->
  <system-out>
    <![CDATA[Executing Snowflake query :: SELECT COLUMN_NAME FROM DEV_ENT_RAW.INFORMATION_SCHEMA.COLUMNS WHERE TABLE_NAME='TECHNICIAN'and TABLE_SCHEMA='ST_HARP_MATILLION'
Executing Snowflake query :: SELECT COLUMN_NAME FROM CURATED_DATAMART.INFORMATION_SCHEMA.COLUMNS WHERE TABLE_NAME='STR_TECHNICIAN'and TABLE_SCHEMA='ST_BKP_HARP'
Executing Snowflake query :: SELECT COLUMN_NAME FROM DEV_ENT_CURATED.INFORMATION_SCHEMA.COLUMNS WHERE TABLE_NAME='DIM_TECHNICIAN'and TABLE_SCHEMA='MASTER_DIMENSIONS'
Column names for RAW Table --> TECHNICIAN :: [BUSINESSUNIT_ID, COORDINATESUPDATEDON, DAILYGOAL, DISPATCHNOTIFICATIONS, HOME_ZIP, INVENTORYWAREHOUSENAME, INVOICINGHOURLYRATE, MANAGER_ID, SALESFACTOR, SHOWJOBAPPOINTMENTRESCHEDULEALERT, DEFAULTPAYROLLADJUSTMENTRATE, FIRSTNAME, LASTNAME, LICENSE, MEMO, MIDDLENAME, SCHEDULEDCREWSPLITCOMMISSIONRATE, SHIFTSTART, STANDARDPAYROLLCONTROLCODE_ID, TODAYREVENUE_TECHNICIAN, BURDENRATE, EMAIL, HOME_UNIT, ID, LOCATION_TECHNICIAN, PAYROLLPOSTINGGROUP_ID, PAYROLLREPORTVERSION, PHONE, COMMISSIONRATE, PAYROLLID, PAYROLLPROFILE_ID, POSITION, PROJECTLABELS, TURNOVERBONUS, ISEXCLUDEDFROMPAYROLL, NAME, CHECKEDIN, COLOR, EMAILCONFIRMED, HOME_CITY, LONGITUDE, MOBILEPHONECONFIRMED, QBREPID, HOME_STATE, ISEXTERNAL, SCHEDULEDSOLOCOMMISSIONRATE, SOLDBYRATE, STATUSUPDATEDON, SHIFTEND, ADDONCREWSPLITCOMMISSIONRATE, APPOINTMENT_ID, CREATEDBY_ID, HOME_ISMANUALCOORDINATES, PAYFREQUENCY_ID, TEAM, LATITUDE, MEALTIME, MOBILEPHONE, OVERTIMEWORKTYPECODE_ID, PAYROLLSTARTPERIOD, PAYTYPE, PHONECONFIRMED, SALESFORCECONTACTID, IMPORTID, CURRENTVALUE, USER_ID, JOB_ID, ATLASBUTLERTECHNICIANROLE, FIRSTDRIVERULE, HOME_COUNTRY, HOME_LATITUDE, HOME_LONGITUDE, ISMANAGEDTECH, OVERALLSALESFACTOR_TECHNICIAN, STARTDATE, HOURLYRATE, PHOTO, STANDARDWORKTYPECODE_ID, STATUS, UNION, ZONE_ID, WILLIAMSTECHNICIANROLE, ACTIVE, ADDONMULTITECHCOMMISSIONRATE, ADDONSOLOCOMMISSIONRATE, BIO, MODIFIEDON, MUHULINK, DEFAULTLABORTYPE_ID, ISAUTODISPATCHED, OVERTIMEPAYROLLCONTROLCODE_ID, OVERTIMEPROFILE_ID, PROJECTEDVALUE, BIRTHDATE, CREATEDON, DEDUCTCOMMUTETIMEFROMFIRSTDRIVE, HOME_STREET, JOBFILTER, OUTBOUNDCALLERID, OVERTIMEMODE, COMMUTETIME, NAVISIONEMPLOYEEID, PAYPERIOD, PAYROLLROLE, PAYROLLSTARTDATE, ROUTESTATISTICS_TECHNICIAN, SCHEDULEDMULTITECHCOMMISSIONRATE, SMARTDISPATCHSETTINGS_TECHNICIAN, TYPE, HOME_ISMILITARY, TRUCK_ID, GOALIMAGE]
Column names for DataMart Table --> STR_TECHNICIAN :: [ADDONSOLOCOMMISSIONRATE, BIO, HOME_ZIP, LICENSE, FIRSTDRIVERULE, MIDDLENAME, NAME, PAYROLLSTARTPERIOD, STANDARDWORKTYPECODE_ID, STATUSUPDATEDON, ACTIVE_FLAG, CREATEDBY_ID, DEFAULTLABORTYPE_ID, DEFAULTPAYROLLADJUSTMENTRATE, GOALIMAGE, PAYFREQUENCY_ID, SOLDBYRATE, JOBFILTER, SHOWJOBAPPOINTMENTRESCHEDULEALERT, ROUTESTATISTICS_TECHNICIAN, PHOTO, LONGITUDE, CURRENTVALUE, ID, LASTNAME, MASTER_ID, PAYTYPE, QBREPID, HOME_STATE, LATITUDE, OUTBOUNDCALLERID, PHONECONFIRMED, MANAGER_ID, TURNOVERBONUS, STARTDATE, PAYROLLPROFILE_ID, TRUCK_ID, ACTIVE, ADDONCREWSPLITCOMMISSIONRATE, COMMISSIONRATE, HOME_LATITUDE, PAYROLLREPORTVERSION, RECORD_UPDATE_DATE, DAILYGOAL, ISMANAGEDTECH, ZONE_ID, POSITION, SCHEDULEDCREWSPLITCOMMISSIONRATE, SCHEDULEDSOLOCOMMISSIONRATE, TEAM, WILLIAMSTECHNICIANROLE, HOME_COUNTRY, UNION, ATLASBUTLERTECHNICIANROLE, DISPATCHNOTIFICATIONS, FIRSTNAME, HOME_ISMILITARY, MOBILEPHONECONFIRMED, PAYROLLSTARTDATE, SCHEDULEDMULTITECHCOMMISSIONRATE, SHIFTSTART, TENANT_TYPE, BUSINESSUNIT_ID, CREATEDON, HOME_STREET, JOB_ID, TODAYREVENUE_TECHNICIAN, TYPE, OVERTIMEWORKTYPECODE_ID, PAYPERIOD, SMARTDISPATCHSETTINGS_TECHNICIAN, BURDENRATE, CHECKEDIN, DEDUCTCOMMUTETIMEFROMFIRSTDRIVE, MEALTIME, MODIFIEDON, FLEET_ID, HOME_UNIT, IMPORTID, MEMO, OVERALLSALESFACTOR_TECHNICIAN, OVERTIMEPROFILE_ID, PAYROLLPOSTINGGROUP_ID, PROJECTLABELS, NAVISIONEMPLOYEEID, STATUS, STANDARDPAYROLLCONTROLCODE_ID, ADDONMULTITECHCOMMISSIONRATE, BIRTHDATE, COLOR, EMAIL, HOME_CITY, HOME_ISMANUALCOORDINATES, MOBILEPHONE, SHIFTEND, HOME_LONGITUDE, INVENTORYWAREHOUSENAME, SALESFORCECONTACTID, ISAUTODISPATCHED, USER_ID, PAYROLLID, PAYROLLROLE, LOCATION_TECHNICIAN, RECORD_CREATE_DATE, INVOICINGHOURLYRATE, APPOINTMENT_ID, COMMUTETIME, COORDINATESUPDATEDON, EMAILCONFIRMED, OVERTIMEMODE, HOURLYRATE, ISEXTERNAL, PHONE, PROJECTEDVALUE, SALESFACTOR, OVERTIMEPAYROLLCONTROLCODE_ID, MUHULINK]
Column names for Curated Table --> DIM_TECHNICIAN :: [ADDONCREWSPLITCOMMISSIONRATE, COMMUTETIME, DEFAULTLABORTYPE_ID, EMAILCONFIRMED, FIRSTNAME, FLEET_ID, HOME_COUNTRY, HOME_UNIT, MOBILEPHONE, PHONECONFIRMED, OVERALLSALESFACTOR_TECHNICIAN, PAYROLLSTARTDATE, TURNOVERBONUS, PAYPERIOD, PAYROLLROLE, BIRTHDATE, HOME_ISMANUALCOORDINATES, HOME_ISMILITARY, INVENTORYWAREHOUSENAME, JOBFILTER, MEMO, PAYFREQUENCY_ID, POSITION, ID, ISAUTODISPATCHED, LICENSE, TEAM, SCHEDULEDCREWSPLITCOMMISSIONRATE, SALESFACTOR, ADDONSOLOCOMMISSIONRATE, CURRENTVALUE, DAILYGOAL, DEDUCTCOMMUTETIMEFROMFIRSTDRIVE, MANAGER_ID, OVERTIMEPROFILE_ID, SHIFTSTART, SHOWJOBAPPOINTMENTRESCHEDULEALERT, SMARTDISPATCHSETTINGS_TECHNICIAN, GOALIMAGE, MODIFIEDON, PAYROLLID, PAYROLLREPORTVERSION, RECORD_CREATE_DATE, TODAYREVENUE_TECHNICIAN, TYPE, PROJECTLABELS, SCHEDULEDSOLOCOMMISSIONRATE, LONGITUDE, ADDONMULTITECHCOMMISSIONRATE, APPOINTMENT_ID, CHECKEDIN, COLOR, CREATEDON, DISPATCHNOTIFICATIONS, IMPORTID, LASTNAME, MOBILEPHONECONFIRMED, STATUSUPDATEDON, ZONE_ID, HOME_STATE, MEALTIME, NAME, NAVISIONEMPLOYEEID, PAYROLLPOSTINGGROUP_ID, PHOTO, PROJECTEDVALUE, STANDARDPAYROLLCONTROLCODE_ID, OVERTIMEMODE, BURDENRATE, FIRSTDRIVERULE, JOB_ID, PAYROLLPROFILE_ID, QBREPID, ROUTESTATISTICS_TECHNICIAN, STARTDATE, TRUCK_ID, USER_ID, STANDARDWORKTYPECODE_ID, MIDDLENAME, COMMISSIONRATE, CREATEDBY_ID, HOME_LONGITUDE, HOME_ZIP, HOURLYRATE, LATITUDE, SCHEDULEDMULTITECHCOMMISSIONRATE, BUSINESSUNIT_ID, OUTBOUNDCALLERID, RECORD_UPDATED_BY, STATUS, MUHULINK, OVERTIMEPAYROLLCONTROLCODE_ID, UNION, PAYTYPE, INVOICINGHOURLYRATE, RECORD_UPDATE_DATE, COORDINATESUPDATEDON, LOCATION_TECHNICIAN, EMAIL, HOME_CITY, ISEXTERNAL, OVERTIMEWORKTYPECODE_ID, PAYROLLSTARTPERIOD, SHIFTEND, WILLIAMSTECHNICIANROLE, TENANT_TYPE, ACTIVE, ATLASBUTLERTECHNICIANROLE, BIO, DEFAULTPAYROLLADJUSTMENTRATE, HOME_LATITUDE, HOME_STREET, ISMANAGEDTECH, PHONE, SALESFORCECONTACTID, SOLDBYRATE]
Column Name found in Datamart and Curated Table :: BUSINESSUNIT_ID
Column Name found in Datamart and Curated Table :: COORDINATESUPDATEDON
Column Name found in Datamart and Curated Table :: DAILYGOAL
Column Name found in Datamart and Curated Table :: DISPATCHNOTIFICATIONS
Column Name found in Datamart and Curated Table :: HOME_ZIP
Column Name found in Datamart and Curated Table :: INVENTORYWAREHOUSENAME
Column Name found in Datamart and Curated Table :: INVOICINGHOURLYRATE
Column Name found in Datamart and Curated Table :: MANAGER_ID
Column Name found in Datamart and Curated Table :: SALESFACTOR
Column Name found in Datamart and Curated Table :: SHOWJOBAPPOINTMENTRESCHEDULEALERT
Column Name found in Datamart and Curated Table :: DEFAULTPAYROLLADJUSTMENTRATE
Column Name found in Datamart and Curated Table :: FIRSTNAME
Column Name found in Datamart and Curated Table :: LASTNAME
Column Name found in Datamart and Curated Table :: LICENSE
Column Name found in Datamart and Curated Table :: MEMO
Column Name found in Datamart and Curated Table :: MIDDLENAME
Column Name found in Datamart and Curated Table :: SCHEDULEDCREWSPLITCOMMISSIONRATE
Column Name found in Datamart and Curated Table :: SHIFTSTART
Column Name found in Datamart and Curated Table :: STANDARDPAYROLLCONTROLCODE_ID
Column Name found in Datamart and Curated Table :: TODAYREVENUE_TECHNICIAN
Column Name found in Datamart and Curated Table :: BURDENRATE
Column Name found in Datamart and Curated Table :: EMAIL
Column Name found in Datamart and Curated Table :: HOME_UNIT
Column Name found in Datamart and Curated Table :: ID
Column Name found in Datamart and Curated Table :: LOCATION_TECHNICIAN
Column Name found in Datamart and Curated Table :: PAYROLLPOSTINGGROUP_ID
Column Name found in Datamart and Curated Table :: PAYROLLREPORTVERSION
Column Name found in Datamart and Curated Table :: PHONE
Column Name found in Datamart and Curated Table :: COMMISSIONRATE
Column Name found in Datamart and Curated Table :: PAYROLLID
Column Name found in Datamart and Curated Table :: PAYROLLPROFILE_ID
Column Name found in Datamart and Curated Table :: POSITION
Column Name found in Datamart and Curated Table :: PROJECTLABELS
Column Name found in Datamart and Curated Table :: TURNOVERBONUS
Column Name not found in Datamart and Curated Table :: ISEXCLUDEDFROMPAYROLL
Column Name found in Datamart and Curated Table :: NAME
Column Name found in Datamart and Curated Table :: CHECKEDIN
Column Name found in Datamart and Curated Table :: COLOR
Column Name found in Datamart and Curated Table :: EMAILCONFIRMED
Column Name found in Datamart and Curated Table :: HOME_CITY
Column Name found in Datamart and Curated Table :: LONGITUDE
Column Name found in Datamart and Curated Table :: MOBILEPHONECONFIRMED
Column Name found in Datamart and Curated Table :: QBREPID
Column Name found in Datamart and Curated Table :: HOME_STATE
Column Name found in Datamart and Curated Table :: ISEXTERNAL
Column Name found in Datamart and Curated Table :: SCHEDULEDSOLOCOMMISSIONRATE
Column Name found in Datamart and Curated Table :: SOLDBYRATE
Column Name found in Datamart and Curated Table :: STATUSUPDATEDON
Column Name found in Datamart and Curated Table :: SHIFTEND
Column Name found in Datamart and Curated Table :: ADDONCREWSPLITCOMMISSIONRATE
Column Name found in Datamart and Curated Table :: APPOINTMENT_ID
Column Name found in Datamart and Curated Table :: CREATEDBY_ID
Column Name found in Datamart and Curated Table :: HOME_ISMANUALCOORDINATES
Column Name found in Datamart and Curated Table :: PAYFREQUENCY_ID
Column Name found in Datamart and Curated Table :: TEAM
Column Name found in Datamart and Curated Table :: LATITUDE
Column Name found in Datamart and Curated Table :: MEALTIME
Column Name found in Datamart and Curated Table :: MOBILEPHONE
Column Name found in Datamart and Curated Table :: OVERTIMEWORKTYPECODE_ID
Column Name found in Datamart and Curated Table :: PAYROLLSTARTPERIOD
Column Name found in Datamart and Curated Table :: PAYTYPE
Column Name found in Datamart and Curated Table :: PHONECONFIRMED
Column Name found in Datamart and Curated Table :: SALESFORCECONTACTID
Column Name found in Datamart and Curated Table :: IMPORTID
Column Name found in Datamart and Curated Table :: CURRENTVALUE
Column Name found in Datamart and Curated Table :: USER_ID
Column Name found in Datamart and Curated Table :: JOB_ID
Column Name found in Datamart and Curated Table :: ATLASBUTLERTECHNICIANROLE
Column Name found in Datamart and Curated Table :: FIRSTDRIVERULE
Column Name found in Datamart and Curated Table :: HOME_COUNTRY
Column Name found in Datamart and Curated Table :: HOME_LATITUDE
Column Name found in Datamart and Curated Table :: HOME_LONGITUDE
Column Name found in Datamart and Curated Table :: ISMANAGEDTECH
Column Name found in Datamart and Curated Table :: OVERALLSALESFACTOR_TECHNICIAN
Column Name found in Datamart and Curated Table :: STARTDATE
Column Name found in Datamart and Curated Table :: HOURLYRATE
Column Name found in Datamart and Curated Table :: PHOTO
Column Name found in Datamart and Curated Table :: STANDARDWORKTYPECODE_ID
Column Name found in Datamart and Curated Table :: STATUS
Column Name found in Datamart and Curated Table :: UNION
Column Name found in Datamart and Curated Table :: ZONE_ID
Column Name found in Datamart and Curated Table :: WILLIAMSTECHNICIANROLE
Column Name found in Datamart and Curated Table :: ACTIVE
Column Name found in Datamart and Curated Table :: ADDONMULTITECHCOMMISSIONRATE
Column Name found in Datamart and Curated Table :: ADDONSOLOCOMMISSIONRATE
Column Name found in Datamart and Curated Table :: BIO
Column Name found in Datamart and Curated Table :: MODIFIEDON
Column Name found in Datamart and Curated Table :: MUHULINK
Column Name found in Datamart and Curated Table :: DEFAULTLABORTYPE_ID
Column Name found in Datamart and Curated Table :: ISAUTODISPATCHED
Column Name found in Datamart and Curated Table :: OVERTIMEPAYROLLCONTROLCODE_ID
Column Name found in Datamart and Curated Table :: OVERTIMEPROFILE_ID
Column Name found in Datamart and Curated Table :: PROJECTEDVALUE
Column Name found in Datamart and Curated Table :: BIRTHDATE
Column Name found in Datamart and Curated Table :: CREATEDON
Column Name found in Datamart and Curated Table :: DEDUCTCOMMUTETIMEFROMFIRSTDRIVE
Column Name found in Datamart and Curated Table :: HOME_STREET
Column Name found in Datamart and Curated Table :: JOBFILTER
Column Name found in Datamart and Curated Table :: OUTBOUNDCALLERID
Column Name found in Datamart and Curated Table :: OVERTIMEMODE
Column Name found in Datamart and Curated Table :: COMMUTETIME
Column Name found in Datamart and Curated Table :: NAVISIONEMPLOYEEID
Column Name found in Datamart and Curated Table :: PAYPERIOD
Column Name found in Datamart and Curated Table :: PAYROLLROLE
Column Name found in Datamart and Curated Table :: PAYROLLSTARTDATE
Column Name found in Datamart and Curated Table :: ROUTESTATISTICS_TECHNICIAN
Column Name found in Datamart and Curated Table :: SCHEDULEDMULTITECHCOMMISSIONRATE
Column Name found in Datamart and Curated Table :: SMARTDISPATCHSETTINGS_TECHNICIAN
Column Name found in Datamart and Curated Table :: TYPE
Column Name found in Datamart and Curated Table :: HOME_ISMILITARY
Column Name found in Datamart and Curated Table :: TRUCK_ID
Column Name found in Datamart and Curated Table :: GOALIMAGE
Datamart tables contains additional column name like [ACTIVE_FLAG, RECORD_CREATE_DATE, RECORD_UPDATE_DATE, RECORD_UPDATE_DATE, MASTER_ID, TENANT_TYPE]
Curated tables contains additional column name like [RECORD_CREATE_DATE, RECORD_UPDATE_DATE, RECORD_UPDATED_BY, TENANT_TYPE]]]>
  </system-out>
  <testcase classname="testcases.RAW_DATAMART_CURATED.SnowFlake_ColumnValidation_BKPTables" name="validateColumnName_BKP" time="2.475"/>
  <system-out>
    <![CDATA[Executing Snowflake query :: SELECT COLUMN_NAME FROM DEV_ENT_RAW.INFORMATION_SCHEMA.COLUMNS WHERE TABLE_NAME='EQUIPMENT'and TABLE_SCHEMA='ST_HDAIR_MATILLION'
Executing Snowflake query :: SELECT COLUMN_NAME FROM CURATED_DATAMART.INFORMATION_SCHEMA.COLUMNS WHERE TABLE_NAME='STR_EQUIPMENT'and TABLE_SCHEMA='ST_BKP_HDAIR'
Executing Snowflake query :: SELECT COLUMN_NAME FROM DEV_ENT_CURATED.INFORMATION_SCHEMA.COLUMNS WHERE TABLE_NAME='DIM_EQUIPMENT'and TABLE_SCHEMA='MASTER_DIMENSIONS'
Column names for RAW Table --> EQUIPMENT :: [ADDONMEMBERPRICE, EXCLUDEFROMPRICEBOOKWIZARD, COSTOFSALEACCOUNT_ID, NAME, SOURCEVERSION, LOYALTYPROGRAMELIGIBLE, MEMBERPRICE, DISPLAYNAME, INVENTORYENABLEDBY_ID, MODIFIEDON, MANUFACTURERWARRANTY_DESCRIPTION, TAXABLE, DESCRIPTION, COST, ADDONFLATAMOUNT, AVALARARESIDENTIALTAXCODE, INVENTORYENABLEDON, PAYTECHSPECIFICBONUS, PRIMARYVENDOR_ID, SERIALIZEDON, SYNCDATE, GENERALLEDGERACCOUNT_ID, MANUFACTURER, PAYSSOLDBYRATE, SERVICEPROVIDERWARRANTY_DESCRIPTION, UNITOFMEASURE, TYPE_ID, BUSINESSUNIT_ID, CATEGORY_ID, COPIEDFROM_ID, HOURS, PAYSFLATAMOUNT, PRICE, COMMISSIONBONUS, MANUFACTURERWARRANTY_DURATION, SOURCE, PAYSCOMMISSION, ASSETACCOUNT_ID, CREATEDBY_ID, EXTERNALID, ID, IMPORTID, ISINVENTORY, WARRANTYRESERVE, BRAND, IMAGES, ACTIVE, ADDONPRICE, ALLOWDISCOUNTS, ARCHIVED, CREATEDON, ISSERIALIZED, MODEL, ORIGINAL_ID, SERVICEPROVIDERWARRANTY_DURATION, ACCOUNT, AVALARACOMMERCIALTAXCODE, BONUS, CROSSSALEGROUP, SCHEDULEDFLATAMOUNT, SUPPLIERIMAGES, DISPLAYINAMOUNT, PROVIDER_ID]
Column names for DataMart Table --> STR_EQUIPMENT :: [AVALARACOMMERCIALTAXCODE, BONUS, CREATEDBY_ID, EXCLUDEFROMPRICEBOOKWIZARD, LOYALTYPROGRAMELIGIBLE, PAYSSOLDBYRATE, SUPPLIERIMAGES, TYPE_ID, IMPORTID, SERVICEPROVIDERWARRANTY_DESCRIPTION, ADDONFLATAMOUNT, AVALARARESIDENTIALTAXCODE, COPIEDFROM_ID, CREATEDON, MANUFACTURERWARRANTY_DESCRIPTION, BUSINESSUNIT_ID, HOURS, ID, ACCOUNT, ACTIVE, MANUFACTURER, PRICE, CROSSSALEGROUP, EXTERNALID, INVENTORYENABLEDBY_ID, TAXABLE, SERVICEPROVIDERWARRANTY_DURATION, ADDONPRICE, ISINVENTORY, MODIFIEDON, SOURCE, BRAND, CATEGORY_ID, COMMISSIONBONUS, INVENTORYENABLEDON, MANUFACTURERWARRANTY_DURATION, RECORD_UPDATE_DATE, WARRANTYRESERVE, ALLOWDISCOUNTS, COSTOFSALEACCOUNT_ID, PAYSCOMMISSION, SERIALIZEDON, UNITOFMEASURE, SYNCDATE, ACTIVE_FLAG, ARCHIVED, DISPLAYNAME, GENERALLEDGERACCOUNT_ID, IMAGES, ISSERIALIZED, PAYTECHSPECIFICBONUS, MASTER_ID, PAYSFLATAMOUNT, SCHEDULEDFLATAMOUNT, PRIMARYVENDOR_ID, RECORD_CREATE_DATE, ADDONMEMBERPRICE, ASSETACCOUNT_ID, COST, DESCRIPTION, DISPLAYINAMOUNT, MEMBERPRICE, SOURCEVERSION, TENANT_TYPE, MODEL, NAME, ORIGINAL_ID, PROVIDER_ID]
Column names for Curated Table --> DIM_EQUIPMENT :: [ASSETACCOUNT_ID, COMMISSIONBONUS, COSTOFSALEACCOUNT_ID, MODEL, SCHEDULEDFLATAMOUNT, COPIEDFROM_ID, ISSERIALIZED, PAYSFLATAMOUNT, PAYTECHSPECIFICBONUS, RECORD_CREATE_DATE, SERVICEPROVIDERWARRANTY_DURATION, ID, AVALARACOMMERCIALTAXCODE, BONUS, HOURS, LOYALTYPROGRAMELIGIBLE, SOURCE, SERIALIZEDON, ADDONPRICE, EXCLUDEFROMPRICEBOOKWIZARD, PAYSCOMMISSION, ISINVENTORY, MODIFIEDON, ACTIVE, ADDONMEMBERPRICE, CREATEDON, EXTERNALID, PRIMARYVENDOR_ID, BUSINESSUNIT_ID, NAME, PAYSSOLDBYRATE, SYNCDATE, AVALARARESIDENTIALTAXCODE, BRAND, CREATEDBY_ID, DISPLAYINAMOUNT, MANUFACTURERWARRANTY_DESCRIPTION, TENANT_TYPE, MANUFACTURER, PROVIDER_ID, SOURCEVERSION, RECORD_UPDATED_BY, ACCOUNT, ADDONFLATAMOUNT, COST, DISPLAYNAME, INVENTORYENABLEDBY_ID, TAXABLE, ARCHIVED, RECORD_UPDATE_DATE, DESCRIPTION, CATEGORY_ID, ALLOWDISCOUNTS, GENERALLEDGERACCOUNT_ID, INVENTORYENABLEDON, PRICE, TYPE_ID, SUPPLIERIMAGES, UNITOFMEASURE, CROSSSALEGROUP, IMAGES, IMPORTID, ORIGINAL_ID, SERVICEPROVIDERWARRANTY_DESCRIPTION, MEMBERPRICE, WARRANTYRESERVE, MANUFACTURERWARRANTY_DURATION]
Column Name found in Datamart and Curated Table :: ADDONMEMBERPRICE
Column Name found in Datamart and Curated Table :: EXCLUDEFROMPRICEBOOKWIZARD
Column Name found in Datamart and Curated Table :: COSTOFSALEACCOUNT_ID
Column Name found in Datamart and Curated Table :: NAME
Column Name found in Datamart and Curated Table :: SOURCEVERSION
Column Name found in Datamart and Curated Table :: LOYALTYPROGRAMELIGIBLE
Column Name found in Datamart and Curated Table :: MEMBERPRICE
Column Name found in Datamart and Curated Table :: DISPLAYNAME
Column Name found in Datamart and Curated Table :: INVENTORYENABLEDBY_ID
Column Name found in Datamart and Curated Table :: MODIFIEDON
Column Name found in Datamart and Curated Table :: MANUFACTURERWARRANTY_DESCRIPTION
Column Name found in Datamart and Curated Table :: TAXABLE
Column Name found in Datamart and Curated Table :: DESCRIPTION
Column Name found in Datamart and Curated Table :: COST
Column Name found in Datamart and Curated Table :: ADDONFLATAMOUNT
Column Name found in Datamart and Curated Table :: AVALARARESIDENTIALTAXCODE
Column Name found in Datamart and Curated Table :: INVENTORYENABLEDON
Column Name found in Datamart and Curated Table :: PAYTECHSPECIFICBONUS
Column Name found in Datamart and Curated Table :: PRIMARYVENDOR_ID
Column Name found in Datamart and Curated Table :: SERIALIZEDON
Column Name found in Datamart and Curated Table :: SYNCDATE
Column Name found in Datamart and Curated Table :: GENERALLEDGERACCOUNT_ID
Column Name found in Datamart and Curated Table :: MANUFACTURER
Column Name found in Datamart and Curated Table :: PAYSSOLDBYRATE
Column Name found in Datamart and Curated Table :: SERVICEPROVIDERWARRANTY_DESCRIPTION
Column Name found in Datamart and Curated Table :: UNITOFMEASURE
Column Name found in Datamart and Curated Table :: TYPE_ID
Column Name found in Datamart and Curated Table :: BUSINESSUNIT_ID
Column Name found in Datamart and Curated Table :: CATEGORY_ID
Column Name found in Datamart and Curated Table :: COPIEDFROM_ID
Column Name found in Datamart and Curated Table :: HOURS
Column Name found in Datamart and Curated Table :: PAYSFLATAMOUNT
Column Name found in Datamart and Curated Table :: PRICE
Column Name found in Datamart and Curated Table :: COMMISSIONBONUS
Column Name found in Datamart and Curated Table :: MANUFACTURERWARRANTY_DURATION
Column Name found in Datamart and Curated Table :: SOURCE
Column Name found in Datamart and Curated Table :: PAYSCOMMISSION
Column Name found in Datamart and Curated Table :: ASSETACCOUNT_ID
Column Name found in Datamart and Curated Table :: CREATEDBY_ID
Column Name found in Datamart and Curated Table :: EXTERNALID
Column Name found in Datamart and Curated Table :: ID
Column Name found in Datamart and Curated Table :: IMPORTID
Column Name found in Datamart and Curated Table :: ISINVENTORY
Column Name found in Datamart and Curated Table :: WARRANTYRESERVE
Column Name found in Datamart and Curated Table :: BRAND
Column Name found in Datamart and Curated Table :: IMAGES
Column Name found in Datamart and Curated Table :: ACTIVE
Column Name found in Datamart and Curated Table :: ADDONPRICE
Column Name found in Datamart and Curated Table :: ALLOWDISCOUNTS
Column Name found in Datamart and Curated Table :: ARCHIVED
Column Name found in Datamart and Curated Table :: CREATEDON
Column Name found in Datamart and Curated Table :: ISSERIALIZED
Column Name found in Datamart and Curated Table :: MODEL
Column Name found in Datamart and Curated Table :: ORIGINAL_ID
Column Name found in Datamart and Curated Table :: SERVICEPROVIDERWARRANTY_DURATION
Column Name found in Datamart and Curated Table :: ACCOUNT
Column Name found in Datamart and Curated Table :: AVALARACOMMERCIALTAXCODE
Column Name found in Datamart and Curated Table :: BONUS
Column Name found in Datamart and Curated Table :: CROSSSALEGROUP
Column Name found in Datamart and Curated Table :: SCHEDULEDFLATAMOUNT
Column Name found in Datamart and Curated Table :: SUPPLIERIMAGES
Column Name found in Datamart and Curated Table :: DISPLAYINAMOUNT
Column Name found in Datamart and Curated Table :: PROVIDER_ID
Datamart tables contains additional column name like [ACTIVE_FLAG, RECORD_CREATE_DATE, RECORD_UPDATE_DATE, RECORD_UPDATE_DATE, MASTER_ID, TENANT_TYPE]
Curated tables contains additional column name like [RECORD_CREATE_DATE, RECORD_UPDATE_DATE, RECORD_UPDATED_BY, TENANT_TYPE]]]>
  </system-out>
  <testcase classname="testcases.RAW_DATAMART_CURATED.SnowFlake_ColumnValidation_BKPTables" name="validateColumnName_BKP" time="2.452"/>
  <system-out>
    <![CDATA[Executing Snowflake query :: SELECT COLUMN_NAME FROM DEV_ENT_RAW.INFORMATION_SCHEMA.COLUMNS WHERE TABLE_NAME='JOB'and TABLE_SCHEMA='ST_HORIZONSERVICES_MATILLION'
Executing Snowflake query :: SELECT COLUMN_NAME FROM CURATED_DATAMART.INFORMATION_SCHEMA.COLUMNS WHERE TABLE_NAME='STR_JOB'and TABLE_SCHEMA='ST_BKP_HORIZONSERVICES'
Executing Snowflake query :: SELECT COLUMN_NAME FROM DEV_ENT_CURATED.INFORMATION_SCHEMA.COLUMNS WHERE TABLE_NAME='DIM_JOB'and TABLE_SCHEMA='MASTER_DIMENSIONS'
Column names for RAW Table --> JOB :: [CUSTOMER_ID, FIRSTAPPOINTMENT_ID, ISAUTODISPATCHED, LATEPENALTY, LOCATION_ID, MONTHNUMBER, NOCHARGESOURCE, INVOICE_ID, PMDATE, SMARTDISPATCHDATA_JOB, MODIFIEDON, TOTAL, ESTIMATEDCOST, START, TYPE_ID, PRIORITY, APPROXIMATESTARTDATE, CALLSCRIPTANSWERRECORD_ID, CREATEDFROMESTIMATESTATUSWHENBOOKING, END, GENERATEDFROM_ID, MANAGEFOLLOWUPEMAIL, GENERATEDBY_ID, LASTCHANGEDBYSMARTDISPATCH, PREDICTEDTOTAL, PREVAILINGWAGEJOBNUMBER, APPROXIMATEENDDATE, COMPLETIONSURVEYID, ID, REASSIGNMENTPENALTY, EXTERNALID, NOCHARGE, NUMBER, CREATEDFROMESTIMATE_ID, DURATION, LASTAPPOINTMENT_ID, LEAD_ID, OPPORTUNITYDATE, PROJECT_ID, NOTIFICATIONSENABLED, SOLDBY_ID, ISPREVAILINGWAGE, BUSINESSUNIT_ID, CAMPAIGN_ID, DRIVETIME, CUSTOMERPO, WARRANTYFOR_ID, ACTIVE, ALLOTTEDTIME, COMPLETEDON, CREATEDON, DRIVINGCOST, IMPORTID, ISCONFIRMED, PLANEND, PLANSTART, MANAGEEMPLOYEEEMAIL, MEMBERSHIP_ID, PROJECTEDVALUE, PREVAILINGWAGECODE_ID, LEADGENERATED_ID, SECONDARYJOBNUMBER, STATUS, UNION, CREATEDBY_ID, ISTECHNICIANSPECIFIC, OPPORTUNITY_ID, PREDICTEDSALES, RECALLFOR_ID, SUMMARY]
Column names for DataMart Table --> STR_JOB :: [IMPORTID, LEADGENERATED_ID, OPPORTUNITY_ID, PREDICTEDTOTAL, LATEPENALTY, NOCHARGE, SOLDBY_ID, MEMBERSHIP_ID, FIRSTAPPOINTMENT_ID, GENERATEDFROM_ID, MANAGEEMPLOYEEEMAIL, PREVAILINGWAGEJOBNUMBER, TOTAL, ID, PMDATE, TYPE_ID, PLANSTART, ACTIVE, APPROXIMATEENDDATE, APPROXIMATESTARTDATE, CREATEDFROMESTIMATESTATUSWHENBOOKING, MANAGEFOLLOWUPEMAIL, LASTAPPOINTMENT_ID, STATUS, COMPLETEDON, ISAUTODISPATCHED, SUMMARY, ALLOTTEDTIME, CREATEDBY_ID, ISCONFIRMED, RECORD_UPDATE_DATE, CUSTOMER_ID, CREATEDON, DRIVETIME, DURATION, GENERATEDBY_ID, PREDICTEDSALES, LOCATION_ID, MASTER_ID, NUMBER, PRIORITY, ACTIVE_FLAG, CALLSCRIPTANSWERRECORD_ID, CREATEDFROMESTIMATE_ID, PREVAILINGWAGECODE_ID, SMARTDISPATCHDATA_JOB, EXTERNALID, NOCHARGESOURCE, TENANT_TYPE, UNION, MODIFIEDON, CAMPAIGN_ID, COMPLETIONSURVEYID, CUSTOMERPO, DRIVINGCOST, END, ESTIMATEDCOST, INVOICE_ID, NOTIFICATIONSENABLED, ISPREVAILINGWAGE, PLANEND, PROJECTEDVALUE, RECALLFOR_ID, SECONDARYJOBNUMBER, MONTHNUMBER, BUSINESSUNIT_ID, LASTCHANGEDBYSMARTDISPATCH, LEAD_ID, OPPORTUNITYDATE, REASSIGNMENTPENALTY, RECORD_CREATE_DATE, START, WARRANTYFOR_ID, ISTECHNICIANSPECIFIC, PROJECT_ID]
Column names for Curated Table --> DIM_JOB :: [LASTCHANGEDBYSMARTDISPATCH, PROJECTEDVALUE, TYPE_ID, EXTERNALID, NOCHARGESOURCE, PMDATE, RECALLFOR_ID, START, ACTIVE, ISAUTODISPATCHED, MONTHNUMBER, PRIORITY, CREATEDON, OPPORTUNITYDATE, PREVAILINGWAGEJOBNUMBER, RECORD_CREATE_DATE, CREATEDBY_ID, LASTAPPOINTMENT_ID, MANAGEEMPLOYEEEMAIL, TOTAL, APPROXIMATESTARTDATE, GENERATEDBY_ID, MANAGEFOLLOWUPEMAIL, RECORD_UPDATED_BY, WARRANTYFOR_ID, UNION, CREATEDFROMESTIMATE_ID, REASSIGNMENTPENALTY, PREDICTEDSALES, LATEPENALTY, DURATION, DRIVETIME, STATUS, SUMMARY, IMPORTID, NOTIFICATIONSENABLED, RECORD_UPDATE_DATE, ALLOTTEDTIME, COMPLETEDON, CUSTOMERPO, GENERATEDFROM_ID, ISTECHNICIANSPECIFIC, LOCATION_ID, PLANEND, MODIFIEDON, PREVAILINGWAGECODE_ID, SECONDARYJOBNUMBER, END, OPPORTUNITY_ID, APPROXIMATEENDDATE, BUSINESSUNIT_ID, CALLSCRIPTANSWERRECORD_ID, CUSTOMER_ID, DRIVINGCOST, ESTIMATEDCOST, FIRSTAPPOINTMENT_ID, PROJECT_ID, SOLDBY_ID, NOCHARGE, ISCONFIRMED, LEADGENERATED_ID, CAMPAIGN_ID, COMPLETIONSURVEYID, CREATEDFROMESTIMATESTATUSWHENBOOKING, ID, INVOICE_ID, ISPREVAILINGWAGE, LEAD_ID, MEMBERSHIP_ID, PLANSTART, SMARTDISPATCHDATA_JOB, TENANT_TYPE, PREDICTEDTOTAL, NUMBER]
Column Name found in Datamart and Curated Table :: CUSTOMER_ID
Column Name found in Datamart and Curated Table :: FIRSTAPPOINTMENT_ID
Column Name found in Datamart and Curated Table :: ISAUTODISPATCHED
Column Name found in Datamart and Curated Table :: LATEPENALTY
Column Name found in Datamart and Curated Table :: LOCATION_ID
Column Name found in Datamart and Curated Table :: MONTHNUMBER
Column Name found in Datamart and Curated Table :: NOCHARGESOURCE
Column Name found in Datamart and Curated Table :: INVOICE_ID
Column Name found in Datamart and Curated Table :: PMDATE
Column Name found in Datamart and Curated Table :: SMARTDISPATCHDATA_JOB
Column Name found in Datamart and Curated Table :: MODIFIEDON
Column Name found in Datamart and Curated Table :: TOTAL
Column Name found in Datamart and Curated Table :: ESTIMATEDCOST
Column Name found in Datamart and Curated Table :: START
Column Name found in Datamart and Curated Table :: TYPE_ID
Column Name found in Datamart and Curated Table :: PRIORITY
Column Name found in Datamart and Curated Table :: APPROXIMATESTARTDATE
Column Name found in Datamart and Curated Table :: CALLSCRIPTANSWERRECORD_ID
Column Name found in Datamart and Curated Table :: CREATEDFROMESTIMATESTATUSWHENBOOKING
Column Name found in Datamart and Curated Table :: END
Column Name found in Datamart and Curated Table :: GENERATEDFROM_ID
Column Name found in Datamart and Curated Table :: MANAGEFOLLOWUPEMAIL
Column Name found in Datamart and Curated Table :: GENERATEDBY_ID
Column Name found in Datamart and Curated Table :: LASTCHANGEDBYSMARTDISPATCH
Column Name found in Datamart and Curated Table :: PREDICTEDTOTAL
Column Name found in Datamart and Curated Table :: PREVAILINGWAGEJOBNUMBER
Column Name found in Datamart and Curated Table :: APPROXIMATEENDDATE
Column Name found in Datamart and Curated Table :: COMPLETIONSURVEYID
Column Name found in Datamart and Curated Table :: ID
Column Name found in Datamart and Curated Table :: REASSIGNMENTPENALTY
Column Name found in Datamart and Curated Table :: EXTERNALID
Column Name found in Datamart and Curated Table :: NOCHARGE
Column Name found in Datamart and Curated Table :: NUMBER
Column Name found in Datamart and Curated Table :: CREATEDFROMESTIMATE_ID
Column Name found in Datamart and Curated Table :: DURATION
Column Name found in Datamart and Curated Table :: LASTAPPOINTMENT_ID
Column Name found in Datamart and Curated Table :: LEAD_ID
Column Name found in Datamart and Curated Table :: OPPORTUNITYDATE
Column Name found in Datamart and Curated Table :: PROJECT_ID
Column Name found in Datamart and Curated Table :: NOTIFICATIONSENABLED
Column Name found in Datamart and Curated Table :: SOLDBY_ID
Column Name found in Datamart and Curated Table :: ISPREVAILINGWAGE
Column Name found in Datamart and Curated Table :: BUSINESSUNIT_ID
Column Name found in Datamart and Curated Table :: CAMPAIGN_ID
Column Name found in Datamart and Curated Table :: DRIVETIME
Column Name found in Datamart and Curated Table :: CUSTOMERPO
Column Name found in Datamart and Curated Table :: WARRANTYFOR_ID
Column Name found in Datamart and Curated Table :: ACTIVE
Column Name found in Datamart and Curated Table :: ALLOTTEDTIME
Column Name found in Datamart and Curated Table :: COMPLETEDON
Column Name found in Datamart and Curated Table :: CREATEDON
Column Name found in Datamart and Curated Table :: DRIVINGCOST
Column Name found in Datamart and Curated Table :: IMPORTID
Column Name found in Datamart and Curated Table :: ISCONFIRMED
Column Name found in Datamart and Curated Table :: PLANEND
Column Name found in Datamart and Curated Table :: PLANSTART
Column Name found in Datamart and Curated Table :: MANAGEEMPLOYEEEMAIL
Column Name found in Datamart and Curated Table :: MEMBERSHIP_ID
Column Name found in Datamart and Curated Table :: PROJECTEDVALUE
Column Name found in Datamart and Curated Table :: PREVAILINGWAGECODE_ID
Column Name found in Datamart and Curated Table :: LEADGENERATED_ID
Column Name found in Datamart and Curated Table :: SECONDARYJOBNUMBER
Column Name found in Datamart and Curated Table :: STATUS
Column Name found in Datamart and Curated Table :: UNION
Column Name found in Datamart and Curated Table :: CREATEDBY_ID
Column Name found in Datamart and Curated Table :: ISTECHNICIANSPECIFIC
Column Name found in Datamart and Curated Table :: OPPORTUNITY_ID
Column Name found in Datamart and Curated Table :: PREDICTEDSALES
Column Name found in Datamart and Curated Table :: RECALLFOR_ID
Column Name found in Datamart and Curated Table :: SUMMARY
Datamart tables contains additional column name like [ACTIVE_FLAG, RECORD_CREATE_DATE, RECORD_UPDATE_DATE, RECORD_UPDATE_DATE, MASTER_ID, TENANT_TYPE]
Curated tables contains additional column name like [RECORD_CREATE_DATE, RECORD_UPDATE_DATE, RECORD_UPDATED_BY, TENANT_TYPE]]]>
  </system-out>
  <testcase classname="testcases.RAW_DATAMART_CURATED.SnowFlake_ColumnValidation_BKPTables" name="validateColumnName_BKP" time="2.564"/>
  <system-out>
    <![CDATA[Executing Snowflake query :: SELECT COLUMN_NAME FROM DEV_ENT_RAW.INFORMATION_SCHEMA.COLUMNS WHERE TABLE_NAME='MATERIALVENDOR'and TABLE_SCHEMA='ST_EANESHEATING_MATILLION'
Executing Snowflake query :: SELECT COLUMN_NAME FROM CURATED_DATAMART.INFORMATION_SCHEMA.COLUMNS WHERE TABLE_NAME='STR_MATERIALVENDOR'and TABLE_SCHEMA='ST_BKP_EANESHEATING'
Executing Snowflake query :: SELECT COLUMN_NAME FROM DEV_ENT_CURATED.INFORMATION_SCHEMA.COLUMNS WHERE TABLE_NAME='DIM_MATERIALVENDOR'and TABLE_SCHEMA='MASTER_DIMENSIONS'
Column names for RAW Table --> MATERIALVENDOR :: [MATERIAL_ID, ACTIVE, PRIMARYSUBACCOUNT_ID, COST, MEMO, PARTNUMBER, CREATEDON, ID, ISPRIMARY, VENDOR_ID, IMPORTID, CREATEDBY_ID]
Column names for DataMart Table --> STR_MATERIALVENDOR :: [MATERIAL_ID, IMPORTID, ISPRIMARY, MASTER_ID, PARTNUMBER, CREATEDBY_ID, CREATEDON, MEMO, ACTIVE_FLAG, ACTIVE, RECORD_CREATE_DATE, RECORD_UPDATE_DATE, TENANT_TYPE, VENDOR_ID, COST, ID, PRIMARYSUBACCOUNT_ID]
Column names for Curated Table --> DIM_MATERIALVENDOR :: [ID, MATERIAL_ID, ACTIVE, COST, CREATEDBY_ID, IMPORTID, ISPRIMARY, PRIMARYSUBACCOUNT_ID, RECORD_UPDATE_DATE, TENANT_TYPE, MEMO, RECORD_UPDATED_BY, VENDOR_ID, CREATEDON, PARTNUMBER, RECORD_CREATE_DATE]
Column Name found in Datamart and Curated Table :: MATERIAL_ID
Column Name found in Datamart and Curated Table :: ACTIVE
Column Name found in Datamart and Curated Table :: PRIMARYSUBACCOUNT_ID
Column Name found in Datamart and Curated Table :: COST
Column Name found in Datamart and Curated Table :: MEMO
Column Name found in Datamart and Curated Table :: PARTNUMBER
Column Name found in Datamart and Curated Table :: CREATEDON
Column Name found in Datamart and Curated Table :: ID
Column Name found in Datamart and Curated Table :: ISPRIMARY
Column Name found in Datamart and Curated Table :: VENDOR_ID
Column Name found in Datamart and Curated Table :: IMPORTID
Column Name found in Datamart and Curated Table :: CREATEDBY_ID
Datamart tables contains additional column name like [ACTIVE_FLAG, RECORD_CREATE_DATE, RECORD_UPDATE_DATE, RECORD_UPDATE_DATE, MASTER_ID, TENANT_TYPE]
Curated tables contains additional column name like [RECORD_CREATE_DATE, RECORD_UPDATE_DATE, RECORD_UPDATED_BY, TENANT_TYPE]]]>
  </system-out>
  <testcase classname="testcases.RAW_DATAMART_CURATED.SnowFlake_ColumnValidation_BKPTables" name="validateColumnName_BKP" time="2.349"/>
  <system-out>
    <![CDATA[Executing Snowflake query :: SELECT COLUMN_NAME FROM DEV_ENT_RAW.INFORMATION_SCHEMA.COLUMNS WHERE TABLE_NAME='NONJOBAPPOINTMENT'and TABLE_SCHEMA='ST_HARP_MATILLION'
Executing Snowflake query :: SELECT COLUMN_NAME FROM CURATED_DATAMART.INFORMATION_SCHEMA.COLUMNS WHERE TABLE_NAME='STR_NONJOBAPPOINTMENT'and TABLE_SCHEMA='ST_BKP_HARP'
Executing Snowflake query :: SELECT COLUMN_NAME FROM DEV_ENT_CURATED.INFORMATION_SCHEMA.COLUMNS WHERE TABLE_NAME='DIM_NONJOBAPPOINTMENT'and TABLE_SCHEMA='MASTER_DIMENSIONS'
Column names for RAW Table --> NONJOBAPPOINTMENT :: []
Column names for DataMart Table --> STR_NONJOBAPPOINTMENT :: [DURATION, ACTIVE_FLAG, NAME, RECORD_CREATE_DATE, TIMESHEETCODE_ID, IMPORTID, TECHNICIAN_ID, ISCOMPLETED, CLEARDISPATCHBOARD, ID, SUMMARY, TIMESHEET_ID, CREATEDON, CREATEDBY_ID, DEFINITION_ID, MASTER_ID, START, RECORD_UPDATE_DATE, TENANT_TYPE, CLEARTECHNICIANVIEW, REMOVETECHNICIANFROMCAPACITYPLANNING, ACTIVE, ALLDAY, EXPECTEDDURATION]
Column names for Curated Table --> DIM_NONJOBAPPOINTMENT :: [IMPORTID, RECORD_UPDATE_DATE, TIMESHEET_ID, ID, ISCOMPLETED, CREATEDON, RECORD_UPDATED_BY, START, CLEARTECHNICIANVIEW, DURATION, EXPECTEDDURATION, ALLDAY, CLEARDISPATCHBOARD, RECORD_CREATE_DATE, TENANT_TYPE, TIMESHEETCODE_ID, NAME, DEFINITION_ID, SUMMARY, ACTIVE, CREATEDBY_ID, REMOVETECHNICIANFROMCAPACITYPLANNING, TECHNICIAN_ID]
Datamart tables contains additional column name like [ACTIVE_FLAG, RECORD_CREATE_DATE, RECORD_UPDATE_DATE, RECORD_UPDATE_DATE, MASTER_ID, TENANT_TYPE]
Curated tables contains additional column name like [RECORD_CREATE_DATE, RECORD_UPDATE_DATE, RECORD_UPDATED_BY, TENANT_TYPE]]]>
  </system-out>
  <testcase classname="testcases.RAW_DATAMART_CURATED.SnowFlake_ColumnValidation_BKPTables" name="validateColumnName_BKP" time="2.963"/>
  <system-out>
    <![CDATA[Executing Snowflake query :: SELECT COLUMN_NAME FROM DEV_ENT_RAW.INFORMATION_SCHEMA.COLUMNS WHERE TABLE_NAME='TIMESHEETCODE'and TABLE_SCHEMA='ST_HDAIR_MATILLION'
Executing Snowflake query :: SELECT COLUMN_NAME FROM CURATED_DATAMART.INFORMATION_SCHEMA.COLUMNS WHERE TABLE_NAME='STR_TIMESHEETCODE'and TABLE_SCHEMA='ST_BKP_HDAIR'
Executing Snowflake query :: SELECT COLUMN_NAME FROM DEV_ENT_CURATED.INFORMATION_SCHEMA.COLUMNS WHERE TABLE_NAME='DIM_TIMESHEETCODE'and TABLE_SCHEMA='MASTER_DIMENSIONS'
Column names for RAW Table --> TIMESHEETCODE :: [ACTIVE, ADDRESS_STATE, CREATEDBY_ID, CREATEDON, ENABLESIMPLECLOCKINOUT, STANDARDPAYROLLCONTROLCODE_ID, VISIBILITY, CODE, GEOFENCECLOCKINMODE, ISAUTOCLOCKINENABLED, ADDRESS_STREET, OVERTIMEPAYROLLCONTROLCODE_ID, ADDRESS_ISMANUALCOORDINATES, ADDRESS_LATITUDE, ADDRESS_UNIT, DOUBLEOVERTIMEPAYCODE_ID, EVENTNAME, ADDRESS_CITY, ADDRESS_ISMILITARY, BUSINESSUNIT_ID, HOURLYRATE, IMPORTID, COUNTONJOBCOUNTER, DEDUCTCOMMUTETIME, DESCRIPTION, ISDEFAULTSHOPTIME, RATEMULTIPLIER, STANDARDPAYCODE_ID, STPAYCODE, ADDRESS_ZIP, SENDALERTSONMOBILE, ID, ROUTEAROUNDNJA, TYPE, OTPAYCODE, ADDRESS_COUNTRY, APPLICABLEEMPLOYEETYPE, CUSTOMHOURLYRATE, ADDRESS_LONGITUDE, EXCLUDEABSENTEVENT, OVERTIMEPAYCODE_ID, PAYROLLPOSTINGGROUP_ID]
Column names for DataMart Table --> STR_TIMESHEETCODE :: [ACTIVE, ADDRESS_ZIP, OTPAYCODE, APPLICABLEEMPLOYEETYPE, BUSINESSUNIT_ID, CODE, HOURLYRATE, ID, OVERTIMEPAYROLLCONTROLCODE_ID, SENDALERTSONMOBILE, CREATEDBY_ID, DEDUCTCOMMUTETIME, ENABLESIMPLECLOCKINOUT, EXCLUDEABSENTEVENT, STANDARDPAYROLLCONTROLCODE_ID, OVERTIMEPAYCODE_ID, VISIBILITY, ADDRESS_STREET, CREATEDON, DOUBLEOVERTIMEPAYCODE_ID, GEOFENCECLOCKINMODE, RECORD_UPDATE_DATE, ISDEFAULTSHOPTIME, ROUTEAROUNDNJA, ADDRESS_COUNTRY, ADDRESS_LONGITUDE, DESCRIPTION, STPAYCODE, TYPE, ADDRESS_CITY, ADDRESS_UNIT, COUNTONJOBCOUNTER, MASTER_ID, STANDARDPAYCODE_ID, ACTIVE_FLAG, ADDRESS_ISMILITARY, ADDRESS_LATITUDE, ADDRESS_STATE, EVENTNAME, IMPORTID, ISAUTOCLOCKINENABLED, ADDRESS_ISMANUALCOORDINATES, CUSTOMHOURLYRATE, PAYROLLPOSTINGGROUP_ID, TENANT_TYPE, RATEMULTIPLIER, RECORD_CREATE_DATE]
Column names for Curated Table --> DIM_TIMESHEETCODE :: [ADDRESS_STREET, ADDRESS_ZIP, CUSTOMHOURLYRATE, DOUBLEOVERTIMEPAYCODE_ID, ENABLESIMPLECLOCKINOUT, DESCRIPTION, ADDRESS_ISMANUALCOORDINATES, ADDRESS_LONGITUDE, IMPORTID, CREATEDON, DEDUCTCOMMUTETIME, ID, ADDRESS_LATITUDE, CREATEDBY_ID, GEOFENCECLOCKINMODE, ROUTEAROUNDNJA, HOURLYRATE, RECORD_UPDATED_BY, RECORD_UPDATE_DATE, ADDRESS_UNIT, CODE, STANDARDPAYCODE_ID, OTPAYCODE, STPAYCODE, APPLICABLEEMPLOYEETYPE, OVERTIMEPAYCODE_ID, RATEMULTIPLIER, STANDARDPAYROLLCONTROLCODE_ID, EXCLUDEABSENTEVENT, PAYROLLPOSTINGGROUP_ID, TYPE, VISIBILITY, OVERTIMEPAYROLLCONTROLCODE_ID, ADDRESS_ISMILITARY, ADDRESS_STATE, ISDEFAULTSHOPTIME, ACTIVE, ADDRESS_CITY, BUSINESSUNIT_ID, COUNTONJOBCOUNTER, EVENTNAME, SENDALERTSONMOBILE, ADDRESS_COUNTRY, ISAUTOCLOCKINENABLED, TENANT_TYPE, RECORD_CREATE_DATE]
Column Name found in Datamart and Curated Table :: ACTIVE
Column Name found in Datamart and Curated Table :: ADDRESS_STATE
Column Name found in Datamart and Curated Table :: CREATEDBY_ID
Column Name found in Datamart and Curated Table :: CREATEDON
Column Name found in Datamart and Curated Table :: ENABLESIMPLECLOCKINOUT
Column Name found in Datamart and Curated Table :: STANDARDPAYROLLCONTROLCODE_ID
Column Name found in Datamart and Curated Table :: VISIBILITY
Column Name found in Datamart and Curated Table :: CODE
Column Name found in Datamart and Curated Table :: GEOFENCECLOCKINMODE
Column Name found in Datamart and Curated Table :: ISAUTOCLOCKINENABLED
Column Name found in Datamart and Curated Table :: ADDRESS_STREET
Column Name found in Datamart and Curated Table :: OVERTIMEPAYROLLCONTROLCODE_ID
Column Name found in Datamart and Curated Table :: ADDRESS_ISMANUALCOORDINATES
Column Name found in Datamart and Curated Table :: ADDRESS_LATITUDE
Column Name found in Datamart and Curated Table :: ADDRESS_UNIT
Column Name found in Datamart and Curated Table :: DOUBLEOVERTIMEPAYCODE_ID
Column Name found in Datamart and Curated Table :: EVENTNAME
Column Name found in Datamart and Curated Table :: ADDRESS_CITY
Column Name found in Datamart and Curated Table :: ADDRESS_ISMILITARY
Column Name found in Datamart and Curated Table :: BUSINESSUNIT_ID
Column Name found in Datamart and Curated Table :: HOURLYRATE
Column Name found in Datamart and Curated Table :: IMPORTID
Column Name found in Datamart and Curated Table :: COUNTONJOBCOUNTER
Column Name found in Datamart and Curated Table :: DEDUCTCOMMUTETIME
Column Name found in Datamart and Curated Table :: DESCRIPTION
Column Name found in Datamart and Curated Table :: ISDEFAULTSHOPTIME
Column Name found in Datamart and Curated Table :: RATEMULTIPLIER
Column Name found in Datamart and Curated Table :: STANDARDPAYCODE_ID
Column Name found in Datamart and Curated Table :: STPAYCODE
Column Name found in Datamart and Curated Table :: ADDRESS_ZIP
Column Name found in Datamart and Curated Table :: SENDALERTSONMOBILE
Column Name found in Datamart and Curated Table :: ID
Column Name found in Datamart and Curated Table :: ROUTEAROUNDNJA
Column Name found in Datamart and Curated Table :: TYPE
Column Name found in Datamart and Curated Table :: OTPAYCODE
Column Name found in Datamart and Curated Table :: ADDRESS_COUNTRY
Column Name found in Datamart and Curated Table :: APPLICABLEEMPLOYEETYPE
Column Name found in Datamart and Curated Table :: CUSTOMHOURLYRATE
Column Name found in Datamart and Curated Table :: ADDRESS_LONGITUDE
Column Name found in Datamart and Curated Table :: EXCLUDEABSENTEVENT
Column Name found in Datamart and Curated Table :: OVERTIMEPAYCODE_ID
Column Name found in Datamart and Curated Table :: PAYROLLPOSTINGGROUP_ID
Datamart tables contains additional column name like [ACTIVE_FLAG, RECORD_CREATE_DATE, RECORD_UPDATE_DATE, RECORD_UPDATE_DATE, MASTER_ID, TENANT_TYPE]
Curated tables contains additional column name like [RECORD_CREATE_DATE, RECORD_UPDATE_DATE, RECORD_UPDATED_BY, TENANT_TYPE]]]>
  </system-out>
  <testcase classname="testcases.RAW_DATAMART_CURATED.SnowFlake_ColumnValidation_BKPTables" name="validateColumnName_BKP" time="2.346"/>
  <system-out>
    <![CDATA[Executing Snowflake query :: SELECT COLUMN_NAME FROM DEV_ENT_RAW.INFORMATION_SCHEMA.COLUMNS WHERE TABLE_NAME='MATERIAL'and TABLE_SCHEMA='ST_FOURPROS_MATILLION'
Executing Snowflake query :: SELECT COLUMN_NAME FROM CURATED_DATAMART.INFORMATION_SCHEMA.COLUMNS WHERE TABLE_NAME='STR_MATERIAL'and TABLE_SCHEMA='ST_BKP_FOURPROS'
Executing Snowflake query :: SELECT COLUMN_NAME FROM DEV_ENT_CURATED.INFORMATION_SCHEMA.COLUMNS WHERE TABLE_NAME='DIM_MATERIAL'and TABLE_SCHEMA='MASTER_DIMENSIONS'
Column names for RAW Table --> MATERIAL :: [AVALARARESIDENTIALTAXCODE, BUSINESSUNIT_ID, COST, DESCRIPTION, DISPLAYINAMOUNT, PURCHASEORDERLIMITS_FLATAMOUNT, PURCHASEORDERLIMITS_REVENUEPERCENT, PRICE, EXCLUDEFROMPRICEBOOKWIZARD, ACCOUNT, ASSETACCOUNT_ID, COSTOFSALEACCOUNT_ID, ISINVENTORY, SCHEDULEDFLATAMOUNT, SUPPLIERIMAGES, USEFIXEDMATERIALPRICE, COPIEDFROM_ID, EXTERNALID, SOLDBYCOMMISSION, IMAGES, SOURCE, UNITOFMEASURE, ADDONMEMBERPRICE, CREATEDBY_ID, IMPORTID, INVENTORYENABLEDBY_ID, LOYALTYPROGRAMELIGIBLE, ORIGINAL_ID, SOURCEVERSION, ISSERIALIZED, PROVIDER_ID, TAXABLE, SYNCDATE, ADDONPRICE, AVALARACOMMERCIALTAXCODE, CREATEDON, DEDUCTASJOBCOST, INVENTORYENABLEDON, MEMBERPRICE, MODIFIEDON, NAME, PAYSCOMMISSION, CATEGORY_ID, ARCHIVED, AUTOGLASSTYPE, HOURS, ID, PAYSSOLDBYRATE, SERIALIZEDON, DISPLAYNAME, COMMISSIONBONUS, ACTIVE, PAYTECHSPECIFICBONUS, PRIMARYVENDOR_ID, ADDONFLATAMOUNT, CROSSSALEGROUP, GENERALLEDGERACCOUNT_ID, PAYSFLATAMOUNT, BONUS, NOTAX]
Column names for DataMart Table --> STR_MATERIAL :: [MEMBERPRICE, NOTAX, SOURCE, SYNCDATE, RECORD_CREATE_DATE, SOLDBYCOMMISSION, ACTIVE_FLAG, ADDONMEMBERPRICE, COPIEDFROM_ID, PAYSFLATAMOUNT, PURCHASEORDERLIMITS_REVENUEPERCENT, UNITOFMEASURE, INVENTORYENABLEDON, ADDONPRICE, PURCHASEORDERLIMITS_FLATAMOUNT, SOURCEVERSION, SUPPLIERIMAGES, TENANT_TYPE, ASSETACCOUNT_ID, PAYSCOMMISSION, ADDONFLATAMOUNT, DESCRIPTION, ARCHIVED, DISPLAYINAMOUNT, HOURS, IMPORTID, NAME, PRIMARYVENDOR_ID, MODIFIEDON, ACTIVE, CROSSSALEGROUP, INVENTORYENABLEDBY_ID, RECORD_UPDATE_DATE, TAXABLE, ISINVENTORY, LOYALTYPROGRAMELIGIBLE, PAYSSOLDBYRATE, PAYTECHSPECIFICBONUS, PRICE, EXTERNALID, AVALARARESIDENTIALTAXCODE, BONUS, BUSINESSUNIT_ID, CATEGORY_ID, MASTER_ID, DISPLAYNAME, ACCOUNT, AVALARACOMMERCIALTAXCODE, CREATEDON, ID, IMAGES, ORIGINAL_ID, PROVIDER_ID, DEDUCTASJOBCOST, SERIALIZEDON, SCHEDULEDFLATAMOUNT, AUTOGLASSTYPE, COMMISSIONBONUS, COSTOFSALEACCOUNT_ID, CREATEDBY_ID, EXCLUDEFROMPRICEBOOKWIZARD, USEFIXEDMATERIALPRICE, COST, GENERALLEDGERACCOUNT_ID, ISSERIALIZED]
Column names for Curated Table --> DIM_MATERIAL :: [BUSINESSUNIT_ID, DEDUCTASJOBCOST, HOURS, MEMBERPRICE, MODIFIEDON, SCHEDULEDFLATAMOUNT, ARCHIVED, BONUS, COST, EXCLUDEFROMPRICEBOOKWIZARD, INVENTORYENABLEDON, SOURCE, ID, RECORD_UPDATED_BY, RECORD_UPDATE_DATE, ADDONPRICE, ASSETACCOUNT_ID, AVALARARESIDENTIALTAXCODE, DESCRIPTION, IMPORTID, ISSERIALIZED, PAYSSOLDBYRATE, ISINVENTORY, NOTAX, CREATEDBY_ID, PRIMARYVENDOR_ID, SERIALIZEDON, GENERALLEDGERACCOUNT_ID, RECORD_CREATE_DATE, CROSSSALEGROUP, SOLDBYCOMMISSION, ACTIVE, CATEGORY_ID, EXTERNALID, NAME, USEFIXEDMATERIALPRICE, INVENTORYENABLEDBY_ID, PAYTECHSPECIFICBONUS, PROVIDER_ID, PURCHASEORDERLIMITS_REVENUEPERCENT, SUPPLIERIMAGES, ACCOUNT, ADDONFLATAMOUNT, COMMISSIONBONUS, CREATEDON, PAYSCOMMISSION, DISPLAYINAMOUNT, SOURCEVERSION, COSTOFSALEACCOUNT_ID, DISPLAYNAME, IMAGES, ORIGINAL_ID, TAXABLE, COPIEDFROM_ID, UNITOFMEASURE, ADDONMEMBERPRICE, AUTOGLASSTYPE, AVALARACOMMERCIALTAXCODE, LOYALTYPROGRAMELIGIBLE, PRICE, PURCHASEORDERLIMITS_FLATAMOUNT, SYNCDATE, TENANT_TYPE, PAYSFLATAMOUNT]
Column Name found in Datamart and Curated Table :: AVALARARESIDENTIALTAXCODE
Column Name found in Datamart and Curated Table :: BUSINESSUNIT_ID
Column Name found in Datamart and Curated Table :: COST
Column Name found in Datamart and Curated Table :: DESCRIPTION
Column Name found in Datamart and Curated Table :: DISPLAYINAMOUNT
Column Name found in Datamart and Curated Table :: PURCHASEORDERLIMITS_FLATAMOUNT
Column Name found in Datamart and Curated Table :: PURCHASEORDERLIMITS_REVENUEPERCENT
Column Name found in Datamart and Curated Table :: PRICE
Column Name found in Datamart and Curated Table :: EXCLUDEFROMPRICEBOOKWIZARD
Column Name found in Datamart and Curated Table :: ACCOUNT
Column Name found in Datamart and Curated Table :: ASSETACCOUNT_ID
Column Name found in Datamart and Curated Table :: COSTOFSALEACCOUNT_ID
Column Name found in Datamart and Curated Table :: ISINVENTORY
Column Name found in Datamart and Curated Table :: SCHEDULEDFLATAMOUNT
Column Name found in Datamart and Curated Table :: SUPPLIERIMAGES
Column Name found in Datamart and Curated Table :: USEFIXEDMATERIALPRICE
Column Name found in Datamart and Curated Table :: COPIEDFROM_ID
Column Name found in Datamart and Curated Table :: EXTERNALID
Column Name found in Datamart and Curated Table :: SOLDBYCOMMISSION
Column Name found in Datamart and Curated Table :: IMAGES
Column Name found in Datamart and Curated Table :: SOURCE
Column Name found in Datamart and Curated Table :: UNITOFMEASURE
Column Name found in Datamart and Curated Table :: ADDONMEMBERPRICE
Column Name found in Datamart and Curated Table :: CREATEDBY_ID
Column Name found in Datamart and Curated Table :: IMPORTID
Column Name found in Datamart and Curated Table :: INVENTORYENABLEDBY_ID
Column Name found in Datamart and Curated Table :: LOYALTYPROGRAMELIGIBLE
Column Name found in Datamart and Curated Table :: ORIGINAL_ID
Column Name found in Datamart and Curated Table :: SOURCEVERSION
Column Name found in Datamart and Curated Table :: ISSERIALIZED
Column Name found in Datamart and Curated Table :: PROVIDER_ID
Column Name found in Datamart and Curated Table :: TAXABLE
Column Name found in Datamart and Curated Table :: SYNCDATE
Column Name found in Datamart and Curated Table :: ADDONPRICE
Column Name found in Datamart and Curated Table :: AVALARACOMMERCIALTAXCODE
Column Name found in Datamart and Curated Table :: CREATEDON
Column Name found in Datamart and Curated Table :: DEDUCTASJOBCOST
Column Name found in Datamart and Curated Table :: INVENTORYENABLEDON
Column Name found in Datamart and Curated Table :: MEMBERPRICE
Column Name found in Datamart and Curated Table :: MODIFIEDON
Column Name found in Datamart and Curated Table :: NAME
Column Name found in Datamart and Curated Table :: PAYSCOMMISSION
Column Name found in Datamart and Curated Table :: CATEGORY_ID
Column Name found in Datamart and Curated Table :: ARCHIVED
Column Name found in Datamart and Curated Table :: AUTOGLASSTYPE
Column Name found in Datamart and Curated Table :: HOURS
Column Name found in Datamart and Curated Table :: ID
Column Name found in Datamart and Curated Table :: PAYSSOLDBYRATE
Column Name found in Datamart and Curated Table :: SERIALIZEDON
Column Name found in Datamart and Curated Table :: DISPLAYNAME
Column Name found in Datamart and Curated Table :: COMMISSIONBONUS
Column Name found in Datamart and Curated Table :: ACTIVE
Column Name found in Datamart and Curated Table :: PAYTECHSPECIFICBONUS
Column Name found in Datamart and Curated Table :: PRIMARYVENDOR_ID
Column Name found in Datamart and Curated Table :: ADDONFLATAMOUNT
Column Name found in Datamart and Curated Table :: CROSSSALEGROUP
Column Name found in Datamart and Curated Table :: GENERALLEDGERACCOUNT_ID
Column Name found in Datamart and Curated Table :: PAYSFLATAMOUNT
Column Name found in Datamart and Curated Table :: BONUS
Column Name found in Datamart and Curated Table :: NOTAX
Datamart tables contains additional column name like [ACTIVE_FLAG, RECORD_CREATE_DATE, RECORD_UPDATE_DATE, RECORD_UPDATE_DATE, MASTER_ID, TENANT_TYPE]
Curated tables contains additional column name like [RECORD_CREATE_DATE, RECORD_UPDATE_DATE, RECORD_UPDATED_BY, TENANT_TYPE]]]>
  </system-out>
  <testcase classname="testcases.RAW_DATAMART_CURATED.SnowFlake_ColumnValidation_BKPTables" name="validateColumnName_BKP" time="2.752"/>
  <system-out>
    <![CDATA[Executing Snowflake query :: SELECT COLUMN_NAME FROM DEV_ENT_RAW.INFORMATION_SCHEMA.COLUMNS WHERE TABLE_NAME='CALL'and TABLE_SCHEMA='ST_SNELLHEATINGAIR_MATILLION'
Executing Snowflake query :: SELECT COLUMN_NAME FROM CURATED_DATAMART.INFORMATION_SCHEMA.COLUMNS WHERE TABLE_NAME='STR_CALL'and TABLE_SCHEMA='ST_BKP_SNELLHEATINGAIR'
Executing Snowflake query :: SELECT COLUMN_NAME FROM DEV_ENT_CURATED.INFORMATION_SCHEMA.COLUMNS WHERE TABLE_NAME='DIM_CALL'and TABLE_SCHEMA='MASTER_DIMENSIONS'
Column names for RAW Table --> CALL :: [AGENT_ID, CONVERSIONSCORE, CUSTOMER_ID, LOCATION_ID, RECORDINGURL, SID, TO, DURATION, EXCUSEMEMO, ID, JOB_ID, CAMPAIGN_ID, REASON_ID, REVIEWINGBY_ID, VOICEMAILPATH, WONTREVIEW, TYPE, RECORDINGID, REVIEWEDBY_ID, DIRECTION, MODIFIEDON, TAG, ACTIVE, FOLLOWUP_ID, LEAD_ID, CALLSERVICE, FROM, STATUS, CREATEDBY_ID, CREATEDON, ESTIMATE_ID, IMPORTID, RECORDINGPATH]
Column names for DataMart Table --> STR_CALL :: [DURATION, ID, TAG, LOCATION_ID, RECORDINGPATH, CREATEDBY_ID, JOB_ID, RECORD_UPDATE_DATE, WONTREVIEW, DIRECTION, SID, STATUS, VOICEMAILPATH, RECORDINGID, REVIEWINGBY_ID, CUSTOMER_ID, EXCUSEMEMO, REVIEWEDBY_ID, RECORD_CREATE_DATE, TENANT_TYPE, TO, AGENT_ID, CONVERSIONSCORE, MASTER_ID, CAMPAIGN_ID, CREATEDON, TYPE, MODIFIEDON, RECORDINGURL, ACTIVE, ACTIVE_FLAG, CALLSERVICE, ESTIMATE_ID, FOLLOWUP_ID, FROM, IMPORTID, REASON_ID, LEAD_ID]
Column names for Curated Table --> DIM_CALL :: [ESTIMATE_ID, REASON_ID, WONTREVIEW, AGENT_ID, DIRECTION, FOLLOWUP_ID, LOCATION_ID, RECORDINGID, TAG, TYPE, CUSTOMER_ID, LEAD_ID, RECORDINGPATH, VOICEMAILPATH, STATUS, CONVERSIONSCORE, FROM, CREATEDBY_ID, DURATION, TENANT_TYPE, ACTIVE, CALLSERVICE, CAMPAIGN_ID, ID, RECORDINGURL, RECORD_UPDATE_DATE, RECORD_CREATE_DATE, JOB_ID, REVIEWEDBY_ID, TO, RECORD_UPDATED_BY, REVIEWINGBY_ID, SID, CREATEDON, EXCUSEMEMO, IMPORTID, MODIFIEDON]
Column Name found in Datamart and Curated Table :: AGENT_ID
Column Name found in Datamart and Curated Table :: CONVERSIONSCORE
Column Name found in Datamart and Curated Table :: CUSTOMER_ID
Column Name found in Datamart and Curated Table :: LOCATION_ID
Column Name found in Datamart and Curated Table :: RECORDINGURL
Column Name found in Datamart and Curated Table :: SID
Column Name found in Datamart and Curated Table :: TO
Column Name found in Datamart and Curated Table :: DURATION
Column Name found in Datamart and Curated Table :: EXCUSEMEMO
Column Name found in Datamart and Curated Table :: ID
Column Name found in Datamart and Curated Table :: JOB_ID
Column Name found in Datamart and Curated Table :: CAMPAIGN_ID
Column Name found in Datamart and Curated Table :: REASON_ID
Column Name found in Datamart and Curated Table :: REVIEWINGBY_ID
Column Name found in Datamart and Curated Table :: VOICEMAILPATH
Column Name found in Datamart and Curated Table :: WONTREVIEW
Column Name found in Datamart and Curated Table :: TYPE
Column Name found in Datamart and Curated Table :: RECORDINGID
Column Name found in Datamart and Curated Table :: REVIEWEDBY_ID
Column Name found in Datamart and Curated Table :: DIRECTION
Column Name found in Datamart and Curated Table :: MODIFIEDON
Column Name found in Datamart and Curated Table :: TAG
Column Name found in Datamart and Curated Table :: ACTIVE
Column Name found in Datamart and Curated Table :: FOLLOWUP_ID
Column Name found in Datamart and Curated Table :: LEAD_ID
Column Name found in Datamart and Curated Table :: CALLSERVICE
Column Name found in Datamart and Curated Table :: FROM
Column Name found in Datamart and Curated Table :: STATUS
Column Name found in Datamart and Curated Table :: CREATEDBY_ID
Column Name found in Datamart and Curated Table :: CREATEDON
Column Name found in Datamart and Curated Table :: ESTIMATE_ID
Column Name found in Datamart and Curated Table :: IMPORTID
Column Name found in Datamart and Curated Table :: RECORDINGPATH
Datamart tables contains additional column name like [ACTIVE_FLAG, RECORD_CREATE_DATE, RECORD_UPDATE_DATE, RECORD_UPDATE_DATE, MASTER_ID, TENANT_TYPE]
Curated tables contains additional column name like [RECORD_CREATE_DATE, RECORD_UPDATE_DATE, RECORD_UPDATED_BY, TENANT_TYPE]]]>
  </system-out>
  <testcase classname="testcases.RAW_DATAMART_CURATED.SnowFlake_ColumnValidation_BKPTables" name="validateColumnName_BKP" time="2.146"/>
  <system-out>
    <![CDATA[Executing Snowflake query :: SELECT COLUMN_NAME FROM DEV_ENT_RAW.INFORMATION_SCHEMA.COLUMNS WHERE TABLE_NAME='ESTIMATEITEM'and TABLE_SCHEMA='ST_EANESHEATING_MATILLION'
Executing Snowflake query :: SELECT COLUMN_NAME FROM CURATED_DATAMART.INFORMATION_SCHEMA.COLUMNS WHERE TABLE_NAME='STR_ESTIMATEITEM'and TABLE_SCHEMA='ST_BKP_EANESHEATING'
Executing Snowflake query :: SELECT COLUMN_NAME FROM DEV_ENT_CURATED.INFORMATION_SCHEMA.COLUMNS WHERE TABLE_NAME='DIM_ESTIMATEITEM'and TABLE_SCHEMA='MASTER_DIMENSIONS'
Column names for RAW Table --> ESTIMATEITEM :: [ACTIVE, COSTOFSALEACCOUNT_ID, CREATEDBY_ID, DEMANDSTATUS, INVOICEITEM_ID, ISHIDDENFROMCUSTOMER, ADDONFLATAMOUNT, GENERALLEDGERACCOUNT_ID, ISADDON, TOTAL, UNITPRICE, SKU_ID, CREATEDFROM_ID, EQUIPMENT_ID, IMPORTID, ITEMGROUPROOT_ID, MEMBERPRICE, ID, SKUREFERENCE_SKUID, TOTALCOST, ACCOUNT, CREATEDON, ITEMGROUPNAME, LASTUNITPRICESETBYEMPLOYEE, MEMBERSHIPDURATION, PAYSSOLDBYRATE, COST, ISNOTGOINGTOBEDONE, MODIFIEDON, PRICEMODIFIER_ID, PROJECTLABELS, SKUREFERENCE_SKUTYPE, TAXABLE, AUTOGLASSITEM_ID, ESTIMATE_ID, RENEWABLEMEMBERSHIP_ID, SCHEDULEDFLATAMOUNT, ORDER, PAYSFLATAMOUNT, SOLDBY_ID, STANDARDPRICE, INSTALLEDEQUIPMENT_ID, MEMBERSHIPBILLINGFREQUENCY, PARENTITEM_ID, PROJECTORDER, DESCRIPTION, ALLOWDISCOUNTS, CHARGEABLE, MARKUP, QUANTITY]
Column names for DataMart Table --> STR_ESTIMATEITEM :: [ID, ORDER, SKUREFERENCE_SKUID, SKU_ID, AUTOGLASSITEM_ID, CREATEDFROM_ID, IMPORTID, INVOICEITEM_ID, ISNOTGOINGTOBEDONE, MEMBERPRICE, MEMBERSHIPDURATION, TAXABLE, SKUREFERENCE_SKUTYPE, PROJECTORDER, CREATEDBY_ID, TOTALCOST, DESCRIPTION, COSTOFSALEACCOUNT_ID, DEMANDSTATUS, ITEMGROUPROOT_ID, MARKUP, PAYSSOLDBYRATE, QUANTITY, RECORD_UPDATE_DATE, PARENTITEM_ID, ADDONFLATAMOUNT, GENERALLEDGERACCOUNT_ID, ITEMGROUPNAME, MEMBERSHIPBILLINGFREQUENCY, MODIFIEDON, PRICEMODIFIER_ID, SCHEDULEDFLATAMOUNT, CREATEDON, INSTALLEDEQUIPMENT_ID, UNITPRICE, PAYSFLATAMOUNT, SOLDBY_ID, ACTIVE_FLAG, ALLOWDISCOUNTS, PROJECTLABELS, ACTIVE, COST, EQUIPMENT_ID, ESTIMATE_ID, STANDARDPRICE, MASTER_ID, RENEWABLEMEMBERSHIP_ID, LASTUNITPRICESETBYEMPLOYEE, ISADDON, ACCOUNT, CHARGEABLE, ISHIDDENFROMCUSTOMER, TOTAL, RECORD_CREATE_DATE, TENANT_TYPE]
Column names for Curated Table --> DIM_ESTIMATEITEM :: [CREATEDON, DEMANDSTATUS, MEMBERPRICE, MEMBERSHIPBILLINGFREQUENCY, MEMBERSHIPDURATION, SKUREFERENCE_SKUTYPE, ADDONFLATAMOUNT, AUTOGLASSITEM_ID, COST, ID, PAYSSOLDBYRATE, STANDARDPRICE, TENANT_TYPE, TOTAL, RECORD_CREATE_DATE, ITEMGROUPROOT_ID, PARENTITEM_ID, ORDER, PROJECTLABELS, SOLDBY_ID, PROJECTORDER, ACTIVE, ALLOWDISCOUNTS, CREATEDFROM_ID, DESCRIPTION, ESTIMATE_ID, MARKUP, ISADDON, CREATEDBY_ID, GENERALLEDGERACCOUNT_ID, INVOICEITEM_ID, PRICEMODIFIER_ID, RECORD_UPDATED_BY, SKUREFERENCE_SKUID, QUANTITY, CHARGEABLE, ISHIDDENFROMCUSTOMER, SKU_ID, COSTOFSALEACCOUNT_ID, ISNOTGOINGTOBEDONE, TOTALCOST, INSTALLEDEQUIPMENT_ID, ITEMGROUPNAME, PAYSFLATAMOUNT, TAXABLE, SCHEDULEDFLATAMOUNT, ACCOUNT, EQUIPMENT_ID, LASTUNITPRICESETBYEMPLOYEE, RENEWABLEMEMBERSHIP_ID, IMPORTID, RECORD_UPDATE_DATE, UNITPRICE, MODIFIEDON]
Column Name found in Datamart and Curated Table :: ACTIVE
Column Name found in Datamart and Curated Table :: COSTOFSALEACCOUNT_ID
Column Name found in Datamart and Curated Table :: CREATEDBY_ID
Column Name found in Datamart and Curated Table :: DEMANDSTATUS
Column Name found in Datamart and Curated Table :: INVOICEITEM_ID
Column Name found in Datamart and Curated Table :: ISHIDDENFROMCUSTOMER
Column Name found in Datamart and Curated Table :: ADDONFLATAMOUNT
Column Name found in Datamart and Curated Table :: GENERALLEDGERACCOUNT_ID
Column Name found in Datamart and Curated Table :: ISADDON
Column Name found in Datamart and Curated Table :: TOTAL
Column Name found in Datamart and Curated Table :: UNITPRICE
Column Name found in Datamart and Curated Table :: SKU_ID
Column Name found in Datamart and Curated Table :: CREATEDFROM_ID
Column Name found in Datamart and Curated Table :: EQUIPMENT_ID
Column Name found in Datamart and Curated Table :: IMPORTID
Column Name found in Datamart and Curated Table :: ITEMGROUPROOT_ID
Column Name found in Datamart and Curated Table :: MEMBERPRICE
Column Name found in Datamart and Curated Table :: ID
Column Name found in Datamart and Curated Table :: SKUREFERENCE_SKUID
Column Name found in Datamart and Curated Table :: TOTALCOST
Column Name found in Datamart and Curated Table :: ACCOUNT
Column Name found in Datamart and Curated Table :: CREATEDON
Column Name found in Datamart and Curated Table :: ITEMGROUPNAME
Column Name found in Datamart and Curated Table :: LASTUNITPRICESETBYEMPLOYEE
Column Name found in Datamart and Curated Table :: MEMBERSHIPDURATION
Column Name found in Datamart and Curated Table :: PAYSSOLDBYRATE
Column Name found in Datamart and Curated Table :: COST
Column Name found in Datamart and Curated Table :: ISNOTGOINGTOBEDONE
Column Name found in Datamart and Curated Table :: MODIFIEDON
Column Name found in Datamart and Curated Table :: PRICEMODIFIER_ID
Column Name found in Datamart and Curated Table :: PROJECTLABELS
Column Name found in Datamart and Curated Table :: SKUREFERENCE_SKUTYPE
Column Name found in Datamart and Curated Table :: TAXABLE
Column Name found in Datamart and Curated Table :: AUTOGLASSITEM_ID
Column Name found in Datamart and Curated Table :: ESTIMATE_ID
Column Name found in Datamart and Curated Table :: RENEWABLEMEMBERSHIP_ID
Column Name found in Datamart and Curated Table :: SCHEDULEDFLATAMOUNT
Column Name found in Datamart and Curated Table :: ORDER
Column Name found in Datamart and Curated Table :: PAYSFLATAMOUNT
Column Name found in Datamart and Curated Table :: SOLDBY_ID
Column Name found in Datamart and Curated Table :: STANDARDPRICE
Column Name found in Datamart and Curated Table :: INSTALLEDEQUIPMENT_ID
Column Name found in Datamart and Curated Table :: MEMBERSHIPBILLINGFREQUENCY
Column Name found in Datamart and Curated Table :: PARENTITEM_ID
Column Name found in Datamart and Curated Table :: PROJECTORDER
Column Name found in Datamart and Curated Table :: DESCRIPTION
Column Name found in Datamart and Curated Table :: ALLOWDISCOUNTS
Column Name found in Datamart and Curated Table :: CHARGEABLE
Column Name found in Datamart and Curated Table :: MARKUP
Column Name found in Datamart and Curated Table :: QUANTITY
Datamart tables contains additional column name like [ACTIVE_FLAG, RECORD_CREATE_DATE, RECORD_UPDATE_DATE, RECORD_UPDATE_DATE, MASTER_ID, TENANT_TYPE]
Curated tables contains additional column name like [RECORD_CREATE_DATE, RECORD_UPDATE_DATE, RECORD_UPDATED_BY, TENANT_TYPE]]]>
  </system-out>
  <testcase classname="testcases.RAW_DATAMART_CURATED.SnowFlake_ColumnValidation_BKPTables" name="validateColumnName_BKP" time="2.663"/>
  <system-out>
    <![CDATA[Executing Snowflake query :: SELECT COLUMN_NAME FROM DEV_ENT_RAW.INFORMATION_SCHEMA.COLUMNS WHERE TABLE_NAME='BUSINESSUNIT'and TABLE_SCHEMA='ST_MAITZ_MATILLION'
Executing Snowflake query :: SELECT COLUMN_NAME FROM CURATED_DATAMART.INFORMATION_SCHEMA.COLUMNS WHERE TABLE_NAME='STR_BUSINESSUNIT'and TABLE_SCHEMA='ST_BKP_MAITZ'
Executing Snowflake query :: SELECT COLUMN_NAME FROM DEV_ENT_CURATED.INFORMATION_SCHEMA.COLUMNS WHERE TABLE_NAME='DIM_BUSINESSUNIT'and TABLE_SCHEMA='MASTER_DIMENSIONS'
Column names for RAW Table --> BUSINESSUNIT :: [ACKNOWLEDGEMENTAGREEMENT_FILENAME, ACKNOWLEDGEMENTAGREEMENT_ORIGINALFILENAME, ACTIVATIONLOCKED, AUTHORIZATIONAGREEMENT_FILENAME, BANKACCOUNTPROCESSOR_ID, DIVISIONNAME, NAVISIONOVERTIMEEARNINGCODE, MATERIALSKUREFERENCE_SKUTYPE, PAYMENTPROCESSOR, PAYROLLFLATFEE, PAYROLLJOBHOURSOVERTIMEPAYCODE_ID, MATERIALSKU_ID, WORLDPAYSUBID, PAYROLLPERCENTAGEFEE, MATERIALSKUREFERENCE_SKUID, CREDITCARDPROCESSORKEY, FRANCHISEEINFO_NAME, HVACDASHBOARDSECTIONS, ENABLEWORKORDERSEQUIPMENTFORMATTING, OFFERWORKERSCOMPENSATION, NAVISIONSTANDARDTIMEEARNINGCODE, OFFERCOMMERCIALGENERALLIABILITY, PAYROLLFLATFEEMINIMUM, POSTDATE, PAYROLLCOSTMARKUP, PAYROLLWEIGHTEDOVERTIMEPAYCODE_ID, ACTIVE, ADDRESS_COUNTRY, AUTHORIZATIONAGREEMENT_ORIGINALFILENAME, EMAIL, EXTERNALID, LICENSENUMBER, NAME, PHONENUMBER, CREATEDON, CREDITCARDPROCESSORLOGIN, DIVISION_ID, FRANCHISEEINFO_CONTRACT, PAYROLLJOBHOURSSTANDARDPAYCODE_ID, PAYROLLSOLDBYPAYCODE, PAYROLLPERCENTAGEFEEMINIMUM, INTEGRATEDREFUNDS_ID, ADDRESS_CITY, ADDRESS_LATITUDE, ENABLEWORKORDERS, ESTIMATEAUTHORIZATIONPARAGRAPH, BCCEMAIL, CREATEDBY_ID, FRANCHISEEINFO_GST, GOAL, IMPORTID, MEALAPPOINTMENT_ID, NOCHARGE, OFFICIALNAME, PAYROLLIDLETIMESTPAYCODE, PAYROLLINVOICEBONUSPAYCODE_ID, PAYROLLTASKBONUSPAYCODE, QUICKBOOKSCLASS, SERVICEFINANCEDEALERID, WORLDPAYMERCHANTPIN, PAYROLLIDLETIMEDOUBLEOVERTIMEPAYCODE_ID, MINIMUMROYALTYFEE, ADDRESS_ZIP, DEFAULTTAXRATE, FINANCEITPARTNERID, PAYROLLJOBHOURSSTPAYCODE, QUICKBOOKSOAUTHSETTINGS, WARRANTYRATE, HIDEPRICES, PAYMENTOPTIONS, PAYROLLIDLETIMESTANDARDPAYCODE_ID, SERVICEFINANCEDEALERNAME, THREEDAYCANCELATIONPARAGRAPH, FRANCHISEEINFO_TRUCKSOPERATING, TRADE_ID, PAYROLLTURNOVERBONUSPAYCODENEW, ACKNOWLEDGEMENTPARAGRAPH, ADDRESS_ISMANUALCOORDINATES, ADDRESS_ISMILITARY, ADDRESS_STATE, ADDRESS_UNIT, AUTHORIZATIONPARAGRAPH, DATA, FRANCHISEEINFO_COMMENTS, INSURANCECOMPANYNAME, NOCHARGERESIDENTIAL, PAYROLLSOLDBYPAYCODENEW, PAYROLLTASKBONUSPAYCODENEW, INSURANCECOMPANYPHONE, MODIFIEDON, OVERTIMEMODE, QUICKBOOKSROOTSALESACCOUNT, TGLBONUS, CORPORATECONTRACTNUMBER, LOGO, TURNSCONTRACTORID, SELLERFEE, WORLDPAYACCOUNTID, ADDRESS_LONGITUDE, CALIFORNIACOMPLIANTCONTRACTDOCUMENTS, CREDITCARDPROCESSOR_ID, CURRENCY, FINANCEITACCOUNTEMAIL, NOCHARGECOMMERCIAL, PAYROLLIDLETIMEOTPAYCODE, PAYROLLTURNOVERBONUSPAYCODE, CONSTRUCTION, FINANCEITAUTHTOKEN, GREENSKYMERCHANTID, ID, NAVISIONGLCODE, PAYROLLJOBHOURSDOUBLEOVERTIMEPAYCODE_ID, PAYROLLWEIGHTEDOTPAYCODE, PAYROLLIDLETIMEOVERTIMEPAYCODE_ID, PAYROLLJOBHOURSOTPAYCODE, ADDRESS_STREET, COMMISSIONCALCULATION, FRANCHISEEINFO_PIVOTALNUMBER, INVOICEMESSAGE, JOBBOOKEDALERTRECIPIENTS, PAYROLLEXPENSEDEDUCTIONTRIGGER, TURNOVERMINIMUMTHRESHOLD, INVOICEHEADER, PAYROLLTYPE, INTACCTENTITY_ID]
Column names for DataMart Table --> STR_BUSINESSUNIT :: [ACKNOWLEDGEMENTAGREEMENT_FILENAME, ACKNOWLEDGEMENTAGREEMENT_ORIGINALFILENAME, ADDRESS_CITY, ADDRESS_COUNTRY, CORPORATECONTRACTNUMBER, OFFERWORKERSCOMPENSATION, BCCEMAIL, INSURANCECOMPANYPHONE, MEALAPPOINTMENT_ID, PAYROLLEXPENSEDEDUCTIONTRIGGER, PAYROLLTASKBONUSPAYCODE, PAYROLLTURNOVERBONUSPAYCODE, RECORD_UPDATE_DATE, SERVICEFINANCEDEALERNAME, COMMISSIONCALCULATION, MATERIALSKU_ID, THREEDAYCANCELATIONPARAGRAPH, WORLDPAYSUBID, NOCHARGE, ADDRESS_ISMILITARY, CREDITCARDPROCESSORKEY, DEFAULTTAXRATE, ENABLEWORKORDERSEQUIPMENTFORMATTING, INVOICEMESSAGE, ACTIVE_FLAG, DIVISION_ID, MATERIALSKUREFERENCE_SKUID, NOCHARGECOMMERCIAL, TRADE_ID, WORLDPAYACCOUNTID, QUICKBOOKSCLASS, QUICKBOOKSROOTSALESACCOUNT, OFFICIALNAME, ESTIMATEAUTHORIZATIONPARAGRAPH, NAVISIONOVERTIMEEARNINGCODE, ACKNOWLEDGEMENTPARAGRAPH, ACTIVATIONLOCKED, CONSTRUCTION, DIVISIONNAME, EMAIL, FRANCHISEEINFO_PIVOTALNUMBER, GOAL, INTACCTENTITY_ID, PAYROLLJOBHOURSSTANDARDPAYCODE_ID, ADDRESS_STREET, ADDRESS_ZIP, PHONENUMBER, PAYROLLWEIGHTEDOVERTIMEPAYCODE_ID, QUICKBOOKSOAUTHSETTINGS, PAYROLLSOLDBYPAYCODENEW, ACTIVE, ADDRESS_ISMANUALCOORDINATES, AUTHORIZATIONAGREEMENT_FILENAME, ENABLEWORKORDERS, FINANCEITACCOUNTEMAIL, PAYMENTPROCESSOR, PAYROLLJOBHOURSSTPAYCODE, EXTERNALID, FRANCHISEEINFO_GST, PAYROLLIDLETIMEOTPAYCODE, PAYROLLJOBHOURSOTPAYCODE, PAYROLLPERCENTAGEFEEMINIMUM, POSTDATE, TGLBONUS, LOGO, PAYROLLJOBHOURSDOUBLEOVERTIMEPAYCODE_ID, PAYROLLFLATFEEMINIMUM, ADDRESS_LONGITUDE, AUTHORIZATIONPARAGRAPH, CREATEDON, CREDITCARDPROCESSORLOGIN, FINANCEITPARTNERID, FRANCHISEEINFO_TRUCKSOPERATING, INSURANCECOMPANYNAME, PAYROLLJOBHOURSOVERTIMEPAYCODE_ID, CREDITCARDPROCESSOR_ID, NAVISIONSTANDARDTIMEEARNINGCODE, PAYROLLSOLDBYPAYCODE, PAYROLLTASKBONUSPAYCODENEW, TURNSCONTRACTORID, OFFERCOMMERCIALGENERALLIABILITY, GREENSKYMERCHANTID, WARRANTYRATE, BANKACCOUNTPROCESSOR_ID, CREATEDBY_ID, HVACDASHBOARDSECTIONS, LICENSENUMBER, MASTER_ID, PAYROLLCOSTMARKUP, SERVICEFINANCEDEALERID, MODIFIEDON, PAYROLLFLATFEE, PAYROLLIDLETIMEOVERTIMEPAYCODE_ID, PAYROLLIDLETIMESTANDARDPAYCODE_ID, PAYROLLTURNOVERBONUSPAYCODENEW, HIDEPRICES, PAYROLLINVOICEBONUSPAYCODE_ID, PAYROLLTYPE, SELLERFEE, PAYROLLIDLETIMESTPAYCODE, WORLDPAYMERCHANTPIN, ADDRESS_UNIT, ID, IMPORTID, INVOICEHEADER, NAVISIONGLCODE, NOCHARGERESIDENTIAL, OVERTIMEMODE, PAYROLLIDLETIMEDOUBLEOVERTIMEPAYCODE_ID, PAYROLLWEIGHTEDOTPAYCODE, FRANCHISEEINFO_COMMENTS, NAME, PAYROLLPERCENTAGEFEE, PAYMENTOPTIONS, ADDRESS_STATE, AUTHORIZATIONAGREEMENT_ORIGINALFILENAME, CALIFORNIACOMPLIANTCONTRACTDOCUMENTS, CURRENCY, MATERIALSKUREFERENCE_SKUTYPE, DATA, FINANCEITAUTHTOKEN, FRANCHISEEINFO_CONTRACT, MINIMUMROYALTYFEE, RECORD_CREATE_DATE, TENANT_TYPE, TURNOVERMINIMUMTHRESHOLD, ADDRESS_LATITUDE, FRANCHISEEINFO_NAME, INTEGRATEDREFUNDS_ID, JOBBOOKEDALERTRECIPIENTS]
Column names for Curated Table --> DIM_BUSINESSUNIT :: [ADDRESS_COUNTRY, ADDRESS_STREET, BANKACCOUNTPROCESSOR_ID, MEALAPPOINTMENT_ID, CREATEDBY_ID, DIVISION_ID, OFFERCOMMERCIALGENERALLIABILITY, PAYMENTPROCESSOR, PAYROLLJOBHOURSSTANDARDPAYCODE_ID, PAYROLLSOLDBYPAYCODE, TGLBONUS, NAME, PAYROLLCOSTMARKUP, PAYROLLJOBHOURSDOUBLEOVERTIMEPAYCODE_ID, LICENSENUMBER, LOGO, OVERTIMEMODE, ACKNOWLEDGEMENTAGREEMENT_ORIGINALFILENAME, AUTHORIZATIONPARAGRAPH, FINANCEITPARTNERID, WARRANTYRATE, FINANCEITACCOUNTEMAIL, PAYROLLTYPE, QUICKBOOKSCLASS, QUICKBOOKSOAUTHSETTINGS, GREENSKYMERCHANTID, CREDITCARDPROCESSORKEY, CREDITCARDPROCESSORLOGIN, CREDITCARDPROCESSOR_ID, DEFAULTTAXRATE, FRANCHISEEINFO_COMMENTS, HVACDASHBOARDSECTIONS, MODIFIEDON, WORLDPAYACCOUNTID, PAYROLLIDLETIMEDOUBLEOVERTIMEPAYCODE_ID, TENANT_TYPE, FRANCHISEEINFO_GST, RECORD_CREATE_DATE, NOCHARGE, PAYMENTOPTIONS, PAYROLLPERCENTAGEFEE, PAYROLLSOLDBYPAYCODENEW, ADDRESS_LONGITUDE, ADDRESS_ZIP, CREATEDON, INTEGRATEDREFUNDS_ID, JOBBOOKEDALERTRECIPIENTS, NAVISIONOVERTIMEEARNINGCODE, PAYROLLINVOICEBONUSPAYCODE_ID, ACTIVE, ADDRESS_STATE, AUTHORIZATIONAGREEMENT_ORIGINALFILENAME, ENABLEWORKORDERS, MATERIALSKU_ID, NAVISIONSTANDARDTIMEEARNINGCODE, PAYROLLJOBHOURSSTPAYCODE, POSTDATE, ADDRESS_ISMILITARY, ADDRESS_LATITUDE, ADDRESS_UNIT, CALIFORNIACOMPLIANTCONTRACTDOCUMENTS, ENABLEWORKORDERSEQUIPMENTFORMATTING, HIDEPRICES, INVOICEHEADER, COMMISSIONCALCULATION, EMAIL, FRANCHISEEINFO_TRUCKSOPERATING, PAYROLLIDLETIMESTANDARDPAYCODE_ID, PAYROLLIDLETIMESTPAYCODE, TRADE_ID, AUTHORIZATIONAGREEMENT_FILENAME, SERVICEFINANCEDEALERID, WORLDPAYMERCHANTPIN, BCCEMAIL, OFFERWORKERSCOMPENSATION, NAVISIONGLCODE, WORLDPAYSUBID, ACKNOWLEDGEMENTAGREEMENT_FILENAME, ACTIVATIONLOCKED, DIVISIONNAME, FINANCEITAUTHTOKEN, FRANCHISEEINFO_PIVOTALNUMBER, INSURANCECOMPANYNAME, PAYROLLWEIGHTEDOVERTIMEPAYCODE_ID, TURNSCONTRACTORID, FRANCHISEEINFO_NAME, MINIMUMROYALTYFEE, PAYROLLEXPENSEDEDUCTIONTRIGGER, PAYROLLPERCENTAGEFEEMINIMUM, RECORD_UPDATED_BY, SERVICEFINANCEDEALERNAME, ESTIMATEAUTHORIZATIONPARAGRAPH, TURNOVERMINIMUMTHRESHOLD, PAYROLLIDLETIMEOVERTIMEPAYCODE_ID, RECORD_UPDATE_DATE, ACKNOWLEDGEMENTPARAGRAPH, ADDRESS_ISMANUALCOORDINATES, INVOICEMESSAGE, MATERIALSKUREFERENCE_SKUID, MATERIALSKUREFERENCE_SKUTYPE, PAYROLLIDLETIMEOTPAYCODE, PAYROLLJOBHOURSOTPAYCODE, PAYROLLJOBHOURSOVERTIMEPAYCODE_ID, CONSTRUCTION, CORPORATECONTRACTNUMBER, DATA, NOCHARGECOMMERCIAL, NOCHARGERESIDENTIAL, PAYROLLTASKBONUSPAYCODE, PAYROLLTASKBONUSPAYCODENEW, QUICKBOOKSROOTSALESACCOUNT, ID, PAYROLLTURNOVERBONUSPAYCODENEW, ADDRESS_CITY, CURRENCY, GOAL, IMPORTID, INSURANCECOMPANYPHONE, PAYROLLTURNOVERBONUSPAYCODE, OFFICIALNAME, PAYROLLFLATFEE, PHONENUMBER, SELLERFEE, THREEDAYCANCELATIONPARAGRAPH, FRANCHISEEINFO_CONTRACT, PAYROLLFLATFEEMINIMUM, PAYROLLWEIGHTEDOTPAYCODE, INTACCTENTITY_ID, EXTERNALID]
Column Name found in Datamart and Curated Table :: ACKNOWLEDGEMENTAGREEMENT_FILENAME
Column Name found in Datamart and Curated Table :: ACKNOWLEDGEMENTAGREEMENT_ORIGINALFILENAME
Column Name found in Datamart and Curated Table :: ACTIVATIONLOCKED
Column Name found in Datamart and Curated Table :: AUTHORIZATIONAGREEMENT_FILENAME
Column Name found in Datamart and Curated Table :: BANKACCOUNTPROCESSOR_ID
Column Name found in Datamart and Curated Table :: DIVISIONNAME
Column Name found in Datamart and Curated Table :: NAVISIONOVERTIMEEARNINGCODE
Column Name found in Datamart and Curated Table :: MATERIALSKUREFERENCE_SKUTYPE
Column Name found in Datamart and Curated Table :: PAYMENTPROCESSOR
Column Name found in Datamart and Curated Table :: PAYROLLFLATFEE
Column Name found in Datamart and Curated Table :: PAYROLLJOBHOURSOVERTIMEPAYCODE_ID
Column Name found in Datamart and Curated Table :: MATERIALSKU_ID
Column Name found in Datamart and Curated Table :: WORLDPAYSUBID
Column Name found in Datamart and Curated Table :: PAYROLLPERCENTAGEFEE
Column Name found in Datamart and Curated Table :: MATERIALSKUREFERENCE_SKUID
Column Name found in Datamart and Curated Table :: CREDITCARDPROCESSORKEY
Column Name found in Datamart and Curated Table :: FRANCHISEEINFO_NAME
Column Name found in Datamart and Curated Table :: HVACDASHBOARDSECTIONS
Column Name found in Datamart and Curated Table :: ENABLEWORKORDERSEQUIPMENTFORMATTING
Column Name found in Datamart and Curated Table :: OFFERWORKERSCOMPENSATION
Column Name found in Datamart and Curated Table :: NAVISIONSTANDARDTIMEEARNINGCODE
Column Name found in Datamart and Curated Table :: OFFERCOMMERCIALGENERALLIABILITY
Column Name found in Datamart and Curated Table :: PAYROLLFLATFEEMINIMUM
Column Name found in Datamart and Curated Table :: POSTDATE
Column Name found in Datamart and Curated Table :: PAYROLLCOSTMARKUP
Column Name found in Datamart and Curated Table :: PAYROLLWEIGHTEDOVERTIMEPAYCODE_ID
Column Name found in Datamart and Curated Table :: ACTIVE
Column Name found in Datamart and Curated Table :: ADDRESS_COUNTRY
Column Name found in Datamart and Curated Table :: AUTHORIZATIONAGREEMENT_ORIGINALFILENAME
Column Name found in Datamart and Curated Table :: EMAIL
Column Name found in Datamart and Curated Table :: EXTERNALID
Column Name found in Datamart and Curated Table :: LICENSENUMBER
Column Name found in Datamart and Curated Table :: NAME
Column Name found in Datamart and Curated Table :: PHONENUMBER
Column Name found in Datamart and Curated Table :: CREATEDON
Column Name found in Datamart and Curated Table :: CREDITCARDPROCESSORLOGIN
Column Name found in Datamart and Curated Table :: DIVISION_ID
Column Name found in Datamart and Curated Table :: FRANCHISEEINFO_CONTRACT
Column Name found in Datamart and Curated Table :: PAYROLLJOBHOURSSTANDARDPAYCODE_ID
Column Name found in Datamart and Curated Table :: PAYROLLSOLDBYPAYCODE
Column Name found in Datamart and Curated Table :: PAYROLLPERCENTAGEFEEMINIMUM
Column Name found in Datamart and Curated Table :: INTEGRATEDREFUNDS_ID
Column Name found in Datamart and Curated Table :: ADDRESS_CITY
Column Name found in Datamart and Curated Table :: ADDRESS_LATITUDE
Column Name found in Datamart and Curated Table :: ENABLEWORKORDERS
Column Name found in Datamart and Curated Table :: ESTIMATEAUTHORIZATIONPARAGRAPH
Column Name found in Datamart and Curated Table :: BCCEMAIL
Column Name found in Datamart and Curated Table :: CREATEDBY_ID
Column Name found in Datamart and Curated Table :: FRANCHISEEINFO_GST
Column Name found in Datamart and Curated Table :: GOAL
Column Name found in Datamart and Curated Table :: IMPORTID
Column Name found in Datamart and Curated Table :: MEALAPPOINTMENT_ID
Column Name found in Datamart and Curated Table :: NOCHARGE
Column Name found in Datamart and Curated Table :: OFFICIALNAME
Column Name found in Datamart and Curated Table :: PAYROLLIDLETIMESTPAYCODE
Column Name found in Datamart and Curated Table :: PAYROLLINVOICEBONUSPAYCODE_ID
Column Name found in Datamart and Curated Table :: PAYROLLTASKBONUSPAYCODE
Column Name found in Datamart and Curated Table :: QUICKBOOKSCLASS
Column Name found in Datamart and Curated Table :: SERVICEFINANCEDEALERID
Column Name found in Datamart and Curated Table :: WORLDPAYMERCHANTPIN
Column Name found in Datamart and Curated Table :: PAYROLLIDLETIMEDOUBLEOVERTIMEPAYCODE_ID
Column Name found in Datamart and Curated Table :: MINIMUMROYALTYFEE
Column Name found in Datamart and Curated Table :: ADDRESS_ZIP
Column Name found in Datamart and Curated Table :: DEFAULTTAXRATE
Column Name found in Datamart and Curated Table :: FINANCEITPARTNERID
Column Name found in Datamart and Curated Table :: PAYROLLJOBHOURSSTPAYCODE
Column Name found in Datamart and Curated Table :: QUICKBOOKSOAUTHSETTINGS
Column Name found in Datamart and Curated Table :: WARRANTYRATE
Column Name found in Datamart and Curated Table :: HIDEPRICES
Column Name found in Datamart and Curated Table :: PAYMENTOPTIONS
Column Name found in Datamart and Curated Table :: PAYROLLIDLETIMESTANDARDPAYCODE_ID
Column Name found in Datamart and Curated Table :: SERVICEFINANCEDEALERNAME
Column Name found in Datamart and Curated Table :: THREEDAYCANCELATIONPARAGRAPH
Column Name found in Datamart and Curated Table :: FRANCHISEEINFO_TRUCKSOPERATING
Column Name found in Datamart and Curated Table :: TRADE_ID
Column Name found in Datamart and Curated Table :: PAYROLLTURNOVERBONUSPAYCODENEW
Column Name found in Datamart and Curated Table :: ACKNOWLEDGEMENTPARAGRAPH
Column Name found in Datamart and Curated Table :: ADDRESS_ISMANUALCOORDINATES
Column Name found in Datamart and Curated Table :: ADDRESS_ISMILITARY
Column Name found in Datamart and Curated Table :: ADDRESS_STATE
Column Name found in Datamart and Curated Table :: ADDRESS_UNIT
Column Name found in Datamart and Curated Table :: AUTHORIZATIONPARAGRAPH
Column Name found in Datamart and Curated Table :: DATA
Column Name found in Datamart and Curated Table :: FRANCHISEEINFO_COMMENTS
Column Name found in Datamart and Curated Table :: INSURANCECOMPANYNAME
Column Name found in Datamart and Curated Table :: NOCHARGERESIDENTIAL
Column Name found in Datamart and Curated Table :: PAYROLLSOLDBYPAYCODENEW
Column Name found in Datamart and Curated Table :: PAYROLLTASKBONUSPAYCODENEW
Column Name found in Datamart and Curated Table :: INSURANCECOMPANYPHONE
Column Name found in Datamart and Curated Table :: MODIFIEDON
Column Name found in Datamart and Curated Table :: OVERTIMEMODE
Column Name found in Datamart and Curated Table :: QUICKBOOKSROOTSALESACCOUNT
Column Name found in Datamart and Curated Table :: TGLBONUS
Column Name found in Datamart and Curated Table :: CORPORATECONTRACTNUMBER
Column Name found in Datamart and Curated Table :: LOGO
Column Name found in Datamart and Curated Table :: TURNSCONTRACTORID
Column Name found in Datamart and Curated Table :: SELLERFEE
Column Name found in Datamart and Curated Table :: WORLDPAYACCOUNTID
Column Name found in Datamart and Curated Table :: ADDRESS_LONGITUDE
Column Name found in Datamart and Curated Table :: CALIFORNIACOMPLIANTCONTRACTDOCUMENTS
Column Name found in Datamart and Curated Table :: CREDITCARDPROCESSOR_ID
Column Name found in Datamart and Curated Table :: CURRENCY
Column Name found in Datamart and Curated Table :: FINANCEITACCOUNTEMAIL
Column Name found in Datamart and Curated Table :: NOCHARGECOMMERCIAL
Column Name found in Datamart and Curated Table :: PAYROLLIDLETIMEOTPAYCODE
Column Name found in Datamart and Curated Table :: PAYROLLTURNOVERBONUSPAYCODE
Column Name found in Datamart and Curated Table :: CONSTRUCTION
Column Name found in Datamart and Curated Table :: FINANCEITAUTHTOKEN
Column Name found in Datamart and Curated Table :: GREENSKYMERCHANTID
Column Name found in Datamart and Curated Table :: ID
Column Name found in Datamart and Curated Table :: NAVISIONGLCODE
Column Name found in Datamart and Curated Table :: PAYROLLJOBHOURSDOUBLEOVERTIMEPAYCODE_ID
Column Name found in Datamart and Curated Table :: PAYROLLWEIGHTEDOTPAYCODE
Column Name found in Datamart and Curated Table :: PAYROLLIDLETIMEOVERTIMEPAYCODE_ID
Column Name found in Datamart and Curated Table :: PAYROLLJOBHOURSOTPAYCODE
Column Name found in Datamart and Curated Table :: ADDRESS_STREET
Column Name found in Datamart and Curated Table :: COMMISSIONCALCULATION
Column Name found in Datamart and Curated Table :: FRANCHISEEINFO_PIVOTALNUMBER
Column Name found in Datamart and Curated Table :: INVOICEMESSAGE
Column Name found in Datamart and Curated Table :: JOBBOOKEDALERTRECIPIENTS
Column Name found in Datamart and Curated Table :: PAYROLLEXPENSEDEDUCTIONTRIGGER
Column Name found in Datamart and Curated Table :: TURNOVERMINIMUMTHRESHOLD
Column Name found in Datamart and Curated Table :: INVOICEHEADER
Column Name found in Datamart and Curated Table :: PAYROLLTYPE
Column Name found in Datamart and Curated Table :: INTACCTENTITY_ID
Datamart tables contains additional column name like [ACTIVE_FLAG, RECORD_CREATE_DATE, RECORD_UPDATE_DATE, RECORD_UPDATE_DATE, MASTER_ID, TENANT_TYPE]
Curated tables contains additional column name like [RECORD_CREATE_DATE, RECORD_UPDATE_DATE, RECORD_UPDATED_BY, TENANT_TYPE]]]>
  </system-out>
  <testcase classname="testcases.RAW_DATAMART_CURATED.SnowFlake_ColumnValidation_BKPTables" name="validateColumnName_BKP" time="2.676">
    <failure message="The following asserts failed:
	null,
	null" type="java.lang.AssertionError">
      <![CDATA[java.lang.AssertionError: The following asserts failed:
null,
null
at org.testng.asserts.SoftAssert.assertAll(SoftAssert.java:47)
at org.testng.asserts.SoftAssert.assertAll(SoftAssert.java:31)
at testcases.RAW_DATAMART_CURATED.SnowFlake_ColumnValidation_BKPTables.validateColumnName_BKP(SnowFlake_ColumnValidation_BKPTables.java:120)
at jdk.internal.reflect.GeneratedMethodAccessor38.invoke(Unknown Source)
at java.base/jdk.internal.reflect.DelegatingMethodAccessorImpl.invoke(DelegatingMethodAccessorImpl.java:43)
at java.base/java.lang.reflect.Method.invoke(Method.java:568)
at org.testng.internal.MethodInvocationHelper.invokeMethod(MethodInvocationHelper.java:133)
at org.testng.internal.TestInvoker.invokeMethod(TestInvoker.java:598)
at org.testng.internal.TestInvoker.invokeTestMethod(TestInvoker.java:173)
at org.testng.internal.MethodRunner.runInSequence(MethodRunner.java:46)
at org.testng.internal.TestInvoker$MethodInvocationAgent.invoke(TestInvoker.java:824)
at org.testng.internal.TestInvoker.invokeTestMethods(TestInvoker.java:146)
at org.testng.internal.TestMethodWorker.invokeTestMethods(TestMethodWorker.java:146)
at org.testng.internal.TestMethodWorker.run(TestMethodWorker.java:128)
at java.base/java.util.ArrayList.forEach(ArrayList.java:1511)
at org.testng.TestRunner.privateRun(TestRunner.java:794)
at org.testng.TestRunner.run(TestRunner.java:596)
at org.testng.SuiteRunner.runTest(SuiteRunner.java:377)
at org.testng.SuiteRunner.runSequentially(SuiteRunner.java:371)
at org.testng.SuiteRunner.privateRun(SuiteRunner.java:332)
at org.testng.SuiteRunner.run(SuiteRunner.java:276)
at org.testng.SuiteRunnerWorker.runSuite(SuiteRunnerWorker.java:53)
at org.testng.SuiteRunnerWorker.run(SuiteRunnerWorker.java:96)
at org.testng.TestNG.runSuitesSequentially(TestNG.java:1212)
at org.testng.TestNG.runSuitesLocally(TestNG.java:1134)
at org.testng.TestNG.runSuites(TestNG.java:1063)
at org.testng.TestNG.run(TestNG.java:1031)
at org.testng.remote.AbstractRemoteTestNG.run(AbstractRemoteTestNG.java:115)
at org.testng.remote.RemoteTestNG.initAndRun(RemoteTestNG.java:251)
at org.testng.remote.RemoteTestNG.main(RemoteTestNG.java:77)
]]>
    </failure>
  </testcase> <!-- validateColumnName_BKP -->
  <system-out>
    <![CDATA[Executing Snowflake query :: SELECT COLUMN_NAME FROM DEV_ENT_RAW.INFORMATION_SCHEMA.COLUMNS WHERE TABLE_NAME='PROJECT'and TABLE_SCHEMA='ST_FOURPROS_MATILLION'
Executing Snowflake query :: SELECT COLUMN_NAME FROM CURATED_DATAMART.INFORMATION_SCHEMA.COLUMNS WHERE TABLE_NAME='STR_PROJECT'and TABLE_SCHEMA='ST_BKP_FOURPROS'
Executing Snowflake query :: SELECT COLUMN_NAME FROM DEV_ENT_CURATED.INFORMATION_SCHEMA.COLUMNS WHERE TABLE_NAME='DIM_PROJECT'and TABLE_SCHEMA='MASTER_DIMENSIONS'
Column names for RAW Table --> PROJECT :: [ACTIVE, AUTHORIZATIONSIGNATURE, COSTTOCOMPLETE, CUSTOMER_ID, PROJECTSETTINGSTYPE, SUMMARY, ACKNOWLEDGEMENTSIGNATURE, AREITEMSREORDERED, CONTRACTSTARTDATE, LOCATION_ID, NAME, ISRETAINAGEENABLED, TECHNICIANSIGNATURE, COMPLETEDON, COMPLETIONPERCENT, CONTRACTESTIMATE_ID, CREATEDBY_ID, ID, ISPREVAILINGWAGE, STARTEDON, PAYMENTTERM_ID, COMPLETEDONACTUAL, IMPORTID, CONTRACTFOR, CREATEDON, RETAINAGEPERCENT, REVENUERECOGNITIONMETHOD, NUMBER, MODIFIEDON]
Column names for DataMart Table --> STR_PROJECT :: [CONTRACTFOR, IMPORTID, TENANT_TYPE, CUSTOMER_ID, ID, ACKNOWLEDGEMENTSIGNATURE, AUTHORIZATIONSIGNATURE, COMPLETEDON, CONTRACTESTIMATE_ID, CREATEDON, AREITEMSREORDERED, CREATEDBY_ID, ACTIVE_FLAG, RETAINAGEPERCENT, RECORD_CREATE_DATE, TECHNICIANSIGNATURE, STARTEDON, COMPLETEDONACTUAL, COMPLETIONPERCENT, CONTRACTSTARTDATE, LOCATION_ID, PAYMENTTERM_ID, MASTER_ID, MD5_VALUE, ISPREVAILINGWAGE, ISRETAINAGEENABLED, SUMMARY, ACTIVE, MODIFIEDON, NAME, NUMBER, RECORD_UPDATE_DATE, PROJECTSETTINGSTYPE]
Column names for Curated Table --> DIM_PROJECT :: [RECORD_UPDATE_DATE, ACTIVE, AUTHORIZATIONSIGNATURE, COMPLETEDON, RETAINAGEPERCENT, IMPORTID, CONTRACTFOR, CONTRACTSTARTDATE, ID, ISRETAINAGEENABLED, RECORD_CREATE_DATE, RECORD_UPDATED_BY, TENANT_TYPE, PROJECTSETTINGSTYPE, TECHNICIANSIGNATURE, ISPREVAILINGWAGE, MD5_VALUE, NAME, PAYMENTTERM_ID, COMPLETEDONACTUAL, CUSTOMER_ID, NUMBER, AREITEMSREORDERED, CREATEDON, LOCATION_ID, MODIFIEDON, STARTEDON, ACKNOWLEDGEMENTSIGNATURE, COMPLETIONPERCENT, CONTRACTESTIMATE_ID, SUMMARY, CREATEDBY_ID]
Column Name found in Datamart and Curated Table :: ACTIVE
Column Name found in Datamart and Curated Table :: AUTHORIZATIONSIGNATURE
Column Name not found in Datamart and Curated Table :: COSTTOCOMPLETE
Column Name found in Datamart and Curated Table :: CUSTOMER_ID
Column Name found in Datamart and Curated Table :: PROJECTSETTINGSTYPE
Column Name found in Datamart and Curated Table :: SUMMARY
Column Name found in Datamart and Curated Table :: ACKNOWLEDGEMENTSIGNATURE
Column Name found in Datamart and Curated Table :: AREITEMSREORDERED
Column Name found in Datamart and Curated Table :: CONTRACTSTARTDATE
Column Name found in Datamart and Curated Table :: LOCATION_ID
Column Name found in Datamart and Curated Table :: NAME
Column Name found in Datamart and Curated Table :: ISRETAINAGEENABLED
Column Name found in Datamart and Curated Table :: TECHNICIANSIGNATURE
Column Name found in Datamart and Curated Table :: COMPLETEDON
Column Name found in Datamart and Curated Table :: COMPLETIONPERCENT
Column Name found in Datamart and Curated Table :: CONTRACTESTIMATE_ID
Column Name found in Datamart and Curated Table :: CREATEDBY_ID
Column Name found in Datamart and Curated Table :: ID
Column Name found in Datamart and Curated Table :: ISPREVAILINGWAGE
Column Name found in Datamart and Curated Table :: STARTEDON
Column Name found in Datamart and Curated Table :: PAYMENTTERM_ID
Column Name found in Datamart and Curated Table :: COMPLETEDONACTUAL
Column Name found in Datamart and Curated Table :: IMPORTID
Column Name found in Datamart and Curated Table :: CONTRACTFOR
Column Name found in Datamart and Curated Table :: CREATEDON
Column Name found in Datamart and Curated Table :: RETAINAGEPERCENT
Column Name not found in Datamart and Curated Table :: REVENUERECOGNITIONMETHOD
Column Name found in Datamart and Curated Table :: NUMBER
Column Name found in Datamart and Curated Table :: MODIFIEDON
Datamart tables contains additional column name like [ACTIVE_FLAG, RECORD_CREATE_DATE, RECORD_UPDATE_DATE, RECORD_UPDATE_DATE, MASTER_ID, TENANT_TYPE]
Curated tables contains additional column name like [RECORD_CREATE_DATE, RECORD_UPDATE_DATE, RECORD_UPDATED_BY, TENANT_TYPE]]]>
  </system-out>
  <testcase classname="testcases.RAW_DATAMART_CURATED.SnowFlake_ColumnValidation_BKPTables" name="validateColumnName_BKP" time="3.270"/>
  <system-out>
    <![CDATA[Executing Snowflake query :: SELECT COLUMN_NAME FROM DEV_ENT_RAW.INFORMATION_SCHEMA.COLUMNS WHERE TABLE_NAME='CANCELJOBREASON'and TABLE_SCHEMA='ST_CASTEEL_MATILLION'
Executing Snowflake query :: SELECT COLUMN_NAME FROM CURATED_DATAMART.INFORMATION_SCHEMA.COLUMNS WHERE TABLE_NAME='STR_CANCELJOBREASON'and TABLE_SCHEMA='ST_BKP_CASTEEL'
Executing Snowflake query :: SELECT COLUMN_NAME FROM DEV_ENT_CURATED.INFORMATION_SCHEMA.COLUMNS WHERE TABLE_NAME='DIM_CANCELJOBREASON'and TABLE_SCHEMA='MASTER_DIMENSIONS'
Column names for RAW Table --> CANCELJOBREASON :: [NAME, CREATEDON, ACTIVE, IMPORTID, ID, MODIFIEDON, CREATEDBY_ID]
Column names for DataMart Table --> STR_CANCELJOBREASON :: [ACTIVE, IMPORTID, NAME, ACTIVE_FLAG, ID, MASTER_ID, MODIFIEDON, CREATEDBY_ID, RECORD_UPDATE_DATE, CREATEDON, TENANT_TYPE, RECORD_CREATE_DATE]
Column names for Curated Table --> DIM_CANCELJOBREASON :: [ID, IMPORTID, TENANT_TYPE, MODIFIEDON, CREATEDON, RECORD_UPDATED_BY, RECORD_UPDATE_DATE, RECORD_CREATE_DATE, ACTIVE, CREATEDBY_ID, NAME]
Column Name found in Datamart and Curated Table :: NAME
Column Name found in Datamart and Curated Table :: CREATEDON
Column Name found in Datamart and Curated Table :: ACTIVE
Column Name found in Datamart and Curated Table :: IMPORTID
Column Name found in Datamart and Curated Table :: ID
Column Name found in Datamart and Curated Table :: MODIFIEDON
Column Name found in Datamart and Curated Table :: CREATEDBY_ID
Datamart tables contains additional column name like [ACTIVE_FLAG, RECORD_CREATE_DATE, RECORD_UPDATE_DATE, RECORD_UPDATE_DATE, MASTER_ID, TENANT_TYPE]
Curated tables contains additional column name like [RECORD_CREATE_DATE, RECORD_UPDATE_DATE, RECORD_UPDATED_BY, TENANT_TYPE]]]>
  </system-out>
  <testcase classname="testcases.RAW_DATAMART_CURATED.SnowFlake_ColumnValidation_BKPTables" name="validateColumnName_BKP" time="2.156"/>
  <system-out>
    <![CDATA[Executing Snowflake query :: SELECT COLUMN_NAME FROM DEV_ENT_RAW.INFORMATION_SCHEMA.COLUMNS WHERE TABLE_NAME='EMPLOYEE'and TABLE_SCHEMA='ST_FOURPROS_MATILLION'
Executing Snowflake query :: SELECT COLUMN_NAME FROM CURATED_DATAMART.INFORMATION_SCHEMA.COLUMNS WHERE TABLE_NAME='STR_EMPLOYEE'and TABLE_SCHEMA='ST_BKP_FOURPROS'
Executing Snowflake query :: SELECT COLUMN_NAME FROM DEV_ENT_CURATED.INFORMATION_SCHEMA.COLUMNS WHERE TABLE_NAME='DIM_EMPLOYEE'and TABLE_SCHEMA='MASTER_DIMENSIONS'
Column names for RAW Table --> EMPLOYEE :: [CREATEDON, IMPORTID, NAME, OVERTIMEMODE, CREATEDBY_ID, HOME_CITY, HOME_LONGITUDE, ISEXCLUDEDFROMPAYROLL, OVERTIMEPROFILE_ID, MANAGER_ID, EMAIL, SALESFORCECONTACTID, PAYROLLSTARTPERIOD, AGENTID, HOME_COUNTRY, HOME_LATITUDE, HOME_STATE, HOME_ISMILITARY, CLOCKINOUTREMINDER, EMAILCONFIRMED, MIDDLENAME, PAYROLLID, FIRSTNAME, HOME_ZIP, MODIFIEDON, POSITION, BIRTHDATE, HOURLYRATE, ID, PHONECONFIRMED, STARTDATE, MOBILEPHONE, ACTIVE, HOME_STREET, PAYFREQUENCY_ID, USER_ID, PAYROLLBUSINESSUNIT_ID, MOBILEPHONECONFIRMED, PHONE, ISEXTERNAL, LASTNAME, HOME_ISMANUALCOORDINATES, PHOTO, HOME_UNIT, SALESFORCEROLE]
Column names for DataMart Table --> STR_EMPLOYEE :: [ACTIVE_FLAG, AGENTID, BIRTHDATE, CLOCKINOUTREMINDER, CREATEDON, NAME, PAYFREQUENCY_ID, PHONECONFIRMED, SALESFORCECONTACTID, MASTER_ID, ACTIVE, EMAIL, FIRSTNAME, HOME_COUNTRY, HOME_ISMILITARY, HOME_UNIT, RECORD_UPDATE_DATE, TENANT_TYPE, USER_ID, HOME_LONGITUDE, HOURLYRATE, ID, OVERTIMEMODE, RECORD_CREATE_DATE, STARTDATE, ISEXCLUDEDFROMPAYROLL, CREATEDBY_ID, HOME_LATITUDE, HOME_STREET, MOBILEPHONE, PAYROLLBUSINESSUNIT_ID, PAYROLLID, PHONE, MIDDLENAME, MODIFIEDON, PHOTO, HOME_ISMANUALCOORDINATES, LASTNAME, MANAGER_ID, OVERTIMEPROFILE_ID, HOME_ZIP, MOBILEPHONECONFIRMED, POSITION, EMAILCONFIRMED, HOME_CITY, HOME_STATE, SALESFORCEROLE, ISEXTERNAL, PAYROLLSTARTPERIOD, IMPORTID]
Column names for Curated Table --> DIM_EMPLOYEE :: [CREATEDON, EMAIL, HOME_COUNTRY, HOME_ISMILITARY, PAYROLLID, PHONECONFIRMED, PAYROLLSTARTPERIOD, STARTDATE, PHONE, EMAILCONFIRMED, MOBILEPHONE, PAYFREQUENCY_ID, USER_ID, HOME_STATE, ISEXTERNAL, SALESFORCEROLE, CLOCKINOUTREMINDER, OVERTIMEMODE, ACTIVE, FIRSTNAME, HOURLYRATE, ISEXCLUDEDFROMPAYROLL, PAYROLLBUSINESSUNIT_ID, SALESFORCECONTACTID, AGENTID, CREATEDBY_ID, MANAGER_ID, HOME_ZIP, ID, IMPORTID, MODIFIEDON, PHOTO, RECORD_CREATE_DATE, BIRTHDATE, HOME_LATITUDE, HOME_STREET, POSITION, MOBILEPHONECONFIRMED, RECORD_UPDATED_BY, HOME_CITY, HOME_ISMANUALCOORDINATES, HOME_LONGITUDE, HOME_UNIT, LASTNAME, MIDDLENAME, TENANT_TYPE, NAME, RECORD_UPDATE_DATE, OVERTIMEPROFILE_ID]
Column Name found in Datamart and Curated Table :: CREATEDON
Column Name found in Datamart and Curated Table :: IMPORTID
Column Name found in Datamart and Curated Table :: NAME
Column Name found in Datamart and Curated Table :: OVERTIMEMODE
Column Name found in Datamart and Curated Table :: CREATEDBY_ID
Column Name found in Datamart and Curated Table :: HOME_CITY
Column Name found in Datamart and Curated Table :: HOME_LONGITUDE
Column Name found in Datamart and Curated Table :: ISEXCLUDEDFROMPAYROLL
Column Name found in Datamart and Curated Table :: OVERTIMEPROFILE_ID
Column Name found in Datamart and Curated Table :: MANAGER_ID
Column Name found in Datamart and Curated Table :: EMAIL
Column Name found in Datamart and Curated Table :: SALESFORCECONTACTID
Column Name found in Datamart and Curated Table :: PAYROLLSTARTPERIOD
Column Name found in Datamart and Curated Table :: AGENTID
Column Name found in Datamart and Curated Table :: HOME_COUNTRY
Column Name found in Datamart and Curated Table :: HOME_LATITUDE
Column Name found in Datamart and Curated Table :: HOME_STATE
Column Name found in Datamart and Curated Table :: HOME_ISMILITARY
Column Name found in Datamart and Curated Table :: CLOCKINOUTREMINDER
Column Name found in Datamart and Curated Table :: EMAILCONFIRMED
Column Name found in Datamart and Curated Table :: MIDDLENAME
Column Name found in Datamart and Curated Table :: PAYROLLID
Column Name found in Datamart and Curated Table :: FIRSTNAME
Column Name found in Datamart and Curated Table :: HOME_ZIP
Column Name found in Datamart and Curated Table :: MODIFIEDON
Column Name found in Datamart and Curated Table :: POSITION
Column Name found in Datamart and Curated Table :: BIRTHDATE
Column Name found in Datamart and Curated Table :: HOURLYRATE
Column Name found in Datamart and Curated Table :: ID
Column Name found in Datamart and Curated Table :: PHONECONFIRMED
Column Name found in Datamart and Curated Table :: STARTDATE
Column Name found in Datamart and Curated Table :: MOBILEPHONE
Column Name found in Datamart and Curated Table :: ACTIVE
Column Name found in Datamart and Curated Table :: HOME_STREET
Column Name found in Datamart and Curated Table :: PAYFREQUENCY_ID
Column Name found in Datamart and Curated Table :: USER_ID
Column Name found in Datamart and Curated Table :: PAYROLLBUSINESSUNIT_ID
Column Name found in Datamart and Curated Table :: MOBILEPHONECONFIRMED
Column Name found in Datamart and Curated Table :: PHONE
Column Name found in Datamart and Curated Table :: ISEXTERNAL
Column Name found in Datamart and Curated Table :: LASTNAME
Column Name found in Datamart and Curated Table :: HOME_ISMANUALCOORDINATES
Column Name found in Datamart and Curated Table :: PHOTO
Column Name found in Datamart and Curated Table :: HOME_UNIT
Column Name found in Datamart and Curated Table :: SALESFORCEROLE
Datamart tables contains additional column name like [ACTIVE_FLAG, RECORD_CREATE_DATE, RECORD_UPDATE_DATE, RECORD_UPDATE_DATE, MASTER_ID, TENANT_TYPE]
Curated tables contains additional column name like [RECORD_CREATE_DATE, RECORD_UPDATE_DATE, RECORD_UPDATED_BY, TENANT_TYPE]]]>
  </system-out>
  <testcase classname="testcases.RAW_DATAMART_CURATED.SnowFlake_ColumnValidation_BKPTables" name="validateColumnName_BKP" time="2.137"/>
  <system-out>
    <![CDATA[Executing Snowflake query :: SELECT COLUMN_NAME FROM DEV_ENT_RAW.INFORMATION_SCHEMA.COLUMNS WHERE TABLE_NAME='CAMPAIGN'and TABLE_SCHEMA='ST_HENDERSON_MATILLION'
Executing Snowflake query :: SELECT COLUMN_NAME FROM CURATED_DATAMART.INFORMATION_SCHEMA.COLUMNS WHERE TABLE_NAME='STR_CAMPAIGN'and TABLE_SCHEMA='ST_BKP_HENDERSON'
Executing Snowflake query :: SELECT COLUMN_NAME FROM DEV_ENT_CURATED.INFORMATION_SCHEMA.COLUMNS WHERE TABLE_NAME='DIM_CAMPAIGN'and TABLE_SCHEMA='MASTER_DIMENSIONS'
Column names for RAW Table --> CAMPAIGN :: [BUSINESSUNIT_ID, COST, CREATEDON, CATEGORY_ID, IMPORTID, MODIFIEDON, CREATEDBY_ID, ID, MODIFIEDBY_ID, NAME, ACTIVE, DNIS, IMAGE]
Column names for DataMart Table --> STR_CAMPAIGN :: [ID, IMPORTID, MODIFIEDON, IMAGE, COST, CREATEDBY_ID, MODIFIEDBY_ID, ACTIVE_FLAG, CATEGORY_ID, CREATEDON, RECORD_UPDATE_DATE, MASTER_ID, TENANT_TYPE, ACTIVE, NAME, RECORD_CREATE_DATE, DNIS, BUSINESSUNIT_ID]
Column names for Curated Table --> DIM_CAMPAIGN :: [IMAGE, MODIFIEDBY_ID, CATEGORY_ID, NAME, RECORD_CREATE_DATE, ACTIVE, COST, CREATEDBY_ID, IMPORTID, CREATEDON, BUSINESSUNIT_ID, ID, RECORD_UPDATED_BY, MODIFIEDON, DNIS, RECORD_UPDATE_DATE, TENANT_TYPE]
Column Name found in Datamart and Curated Table :: BUSINESSUNIT_ID
Column Name found in Datamart and Curated Table :: COST
Column Name found in Datamart and Curated Table :: CREATEDON
Column Name found in Datamart and Curated Table :: CATEGORY_ID
Column Name found in Datamart and Curated Table :: IMPORTID
Column Name found in Datamart and Curated Table :: MODIFIEDON
Column Name found in Datamart and Curated Table :: CREATEDBY_ID
Column Name found in Datamart and Curated Table :: ID
Column Name found in Datamart and Curated Table :: MODIFIEDBY_ID
Column Name found in Datamart and Curated Table :: NAME
Column Name found in Datamart and Curated Table :: ACTIVE
Column Name found in Datamart and Curated Table :: DNIS
Column Name found in Datamart and Curated Table :: IMAGE
Datamart tables contains additional column name like [ACTIVE_FLAG, RECORD_CREATE_DATE, RECORD_UPDATE_DATE, RECORD_UPDATE_DATE, MASTER_ID, TENANT_TYPE]
Curated tables contains additional column name like [RECORD_CREATE_DATE, RECORD_UPDATE_DATE, RECORD_UPDATED_BY, TENANT_TYPE]]]>
  </system-out>
  <testcase classname="testcases.RAW_DATAMART_CURATED.SnowFlake_ColumnValidation_BKPTables" name="validateColumnName_BKP" time="2.658"/>
  <system-out>
    <![CDATA[Executing Snowflake query :: SELECT COLUMN_NAME FROM DEV_ENT_RAW.INFORMATION_SCHEMA.COLUMNS WHERE TABLE_NAME='NONJOBAPPOINTMENT'and TABLE_SCHEMA='ST_FOURPROS_MATILLION'
Executing Snowflake query :: SELECT COLUMN_NAME FROM CURATED_DATAMART.INFORMATION_SCHEMA.COLUMNS WHERE TABLE_NAME='STR_NONJOBAPPOINTMENT'and TABLE_SCHEMA='ST_BKP_FOURPROS'
Executing Snowflake query :: SELECT COLUMN_NAME FROM DEV_ENT_CURATED.INFORMATION_SCHEMA.COLUMNS WHERE TABLE_NAME='DIM_NONJOBAPPOINTMENT'and TABLE_SCHEMA='MASTER_DIMENSIONS'
Column names for RAW Table --> NONJOBAPPOINTMENT :: []
Column names for DataMart Table --> STR_NONJOBAPPOINTMENT :: [ACTIVE, ALLDAY, START, CLEARDISPATCHBOARD, EXPECTEDDURATION, MASTER_ID, TECHNICIAN_ID, TIMESHEETCODE_ID, SUMMARY, RECORD_CREATE_DATE, NAME, DEFINITION_ID, TENANT_TYPE, ACTIVE_FLAG, CLEARTECHNICIANVIEW, CREATEDBY_ID, CREATEDON, DURATION, ID, ISCOMPLETED, TIMESHEET_ID, REMOVETECHNICIANFROMCAPACITYPLANNING, IMPORTID, RECORD_UPDATE_DATE]
Column names for Curated Table --> DIM_NONJOBAPPOINTMENT :: [IMPORTID, RECORD_UPDATE_DATE, TIMESHEET_ID, ID, ISCOMPLETED, CREATEDON, RECORD_UPDATED_BY, START, CLEARTECHNICIANVIEW, DURATION, EXPECTEDDURATION, ALLDAY, CLEARDISPATCHBOARD, RECORD_CREATE_DATE, TENANT_TYPE, TIMESHEETCODE_ID, NAME, DEFINITION_ID, SUMMARY, ACTIVE, CREATEDBY_ID, REMOVETECHNICIANFROMCAPACITYPLANNING, TECHNICIAN_ID]
Datamart tables contains additional column name like [ACTIVE_FLAG, RECORD_CREATE_DATE, RECORD_UPDATE_DATE, RECORD_UPDATE_DATE, MASTER_ID, TENANT_TYPE]
Curated tables contains additional column name like [RECORD_CREATE_DATE, RECORD_UPDATE_DATE, RECORD_UPDATED_BY, TENANT_TYPE]]]>
  </system-out>
  <testcase classname="testcases.RAW_DATAMART_CURATED.SnowFlake_ColumnValidation_BKPTables" name="validateColumnName_BKP" time="2.251"/>
  <system-out>
    <![CDATA[Executing Snowflake query :: SELECT COLUMN_NAME FROM DEV_ENT_RAW.INFORMATION_SCHEMA.COLUMNS WHERE TABLE_NAME='CANCELJOBREASON'and TABLE_SCHEMA='ST_HUTCHINSON_MATILLION'
Executing Snowflake query :: SELECT COLUMN_NAME FROM CURATED_DATAMART.INFORMATION_SCHEMA.COLUMNS WHERE TABLE_NAME='STR_CANCELJOBREASON'and TABLE_SCHEMA='ST_BKP_HUTCHINSON'
Executing Snowflake query :: SELECT COLUMN_NAME FROM DEV_ENT_CURATED.INFORMATION_SCHEMA.COLUMNS WHERE TABLE_NAME='DIM_CANCELJOBREASON'and TABLE_SCHEMA='MASTER_DIMENSIONS'
Column names for RAW Table --> CANCELJOBREASON :: [IMPORTID, NAME, ACTIVE, MODIFIEDON, CREATEDBY_ID, ID, CREATEDON]
Column names for DataMart Table --> STR_CANCELJOBREASON :: [CREATEDON, RECORD_UPDATE_DATE, TENANT_TYPE, ACTIVE_FLAG, CREATEDBY_ID, IMPORTID, MASTER_ID, NAME, RECORD_CREATE_DATE, ACTIVE, ID, MODIFIEDON]
Column names for Curated Table --> DIM_CANCELJOBREASON :: [ID, IMPORTID, TENANT_TYPE, MODIFIEDON, CREATEDON, RECORD_UPDATED_BY, RECORD_UPDATE_DATE, RECORD_CREATE_DATE, ACTIVE, CREATEDBY_ID, NAME]
Column Name found in Datamart and Curated Table :: IMPORTID
Column Name found in Datamart and Curated Table :: NAME
Column Name found in Datamart and Curated Table :: ACTIVE
Column Name found in Datamart and Curated Table :: MODIFIEDON
Column Name found in Datamart and Curated Table :: CREATEDBY_ID
Column Name found in Datamart and Curated Table :: ID
Column Name found in Datamart and Curated Table :: CREATEDON
Datamart tables contains additional column name like [ACTIVE_FLAG, RECORD_CREATE_DATE, RECORD_UPDATE_DATE, RECORD_UPDATE_DATE, MASTER_ID, TENANT_TYPE]
Curated tables contains additional column name like [RECORD_CREATE_DATE, RECORD_UPDATE_DATE, RECORD_UPDATED_BY, TENANT_TYPE]]]>
  </system-out>
  <testcase classname="testcases.RAW_DATAMART_CURATED.SnowFlake_ColumnValidation_BKPTables" name="validateColumnName_BKP" time="2.500"/>
  <system-out>
    <![CDATA[Executing Snowflake query :: SELECT COLUMN_NAME FROM DEV_ENT_RAW.INFORMATION_SCHEMA.COLUMNS WHERE TABLE_NAME='TECHNICIANSHIFT'and TABLE_SCHEMA='ST_EANESHEATING_MATILLION'
Executing Snowflake query :: SELECT COLUMN_NAME FROM CURATED_DATAMART.INFORMATION_SCHEMA.COLUMNS WHERE TABLE_NAME='STR_TECHNICIANSHIFT'and TABLE_SCHEMA='ST_BKP_EANESHEATING'
Executing Snowflake query :: SELECT COLUMN_NAME FROM DEV_ENT_CURATED.INFORMATION_SCHEMA.COLUMNS WHERE TABLE_NAME='DIM_TECHNICIANSHIFT'and TABLE_SCHEMA='MASTER_DIMENSIONS'
Column names for RAW Table --> TECHNICIANSHIFT :: []
Column names for DataMart Table --> STR_TECHNICIANSHIFT :: [ACTIVE, MASTER_ID, RECORD_UPDATE_DATE, CREATEDBY_ID, TECHNICIAN_ID, TENANT_TYPE, ID, START, ENDTIME, STARTDATE, TIMESHEET_ID, TITLE, BATCH, NOTE, TIMESHEETCODE_ID, END, CREATEDON, ENDDATE, IMPORTID, SHIFTTYPE, ACTIVE_FLAG, RECORD_CREATE_DATE, STARTTIME]
Column names for Curated Table --> DIM_TECHNICIANSHIFT :: [CREATEDON, TENANT_TYPE, TITLE, ACTIVE, NOTE, RECORD_CREATE_DATE, END, ID, RECORD_UPDATED_BY, TIMESHEETCODE_ID, IMPORTID, RECORD_UPDATE_DATE, STARTTIME, TECHNICIAN_ID, TIMESHEET_ID, CREATEDBY_ID, ENDDATE, START, SHIFTTYPE, BATCH, ENDTIME, STARTDATE]
Datamart tables contains additional column name like [ACTIVE_FLAG, RECORD_CREATE_DATE, RECORD_UPDATE_DATE, RECORD_UPDATE_DATE, MASTER_ID, TENANT_TYPE]
Curated tables contains additional column name like [RECORD_CREATE_DATE, RECORD_UPDATE_DATE, RECORD_UPDATED_BY, TENANT_TYPE]]]>
  </system-out>
  <testcase classname="testcases.RAW_DATAMART_CURATED.SnowFlake_ColumnValidation_BKPTables" name="validateColumnName_BKP" time="2.454"/>
  <system-out>
    <![CDATA[Executing Snowflake query :: SELECT COLUMN_NAME FROM DEV_ENT_RAW.INFORMATION_SCHEMA.COLUMNS WHERE TABLE_NAME='INVOICEITEM'and TABLE_SCHEMA='ST_FOURPROS_MATILLION'
Executing Snowflake query :: SELECT COLUMN_NAME FROM CURATED_DATAMART.INFORMATION_SCHEMA.COLUMNS WHERE TABLE_NAME='STR_INVOICEITEM'and TABLE_SCHEMA='ST_BKP_FOURPROS'
Executing Snowflake query :: SELECT COLUMN_NAME FROM DEV_ENT_CURATED.INFORMATION_SCHEMA.COLUMNS WHERE TABLE_NAME='DIM_INVOICEITEM'and TABLE_SCHEMA='MASTER_DIMENSIONS'
Column names for RAW Table --> INVOICEITEM :: [ACCOUNT, BONUS, CREATEDBY_ID, DEDUCTASJOBCOST, GENERALLEDGERACCOUNT_ID, MARKUP, MODIFIEDON, PAYSFLATAMOUNT, BASERATE2, ISADDON, MEMBERSHIPWORKFLOWACTION, PAYTECHSPECIFICBONUS, STANDARDPRICE, TECHNICIANFORBASERATE3_ID, TECHNICIAN_ID, ALLOWDISCOUNTS, HOURS, ITEMGROUPROOT_ID, WORKFLOWACTION_ID, EXPORTID, PROCUREMENTSOURCE_REQUISITIONITEMID, TECHNICIANSPLIT2, USEDMATERIAL_ID, SOLDHOURS, TOTALCOST, ADDONFLATAMOUNT, CHARGEABLE, MEMBERPRICE, ORDER, PARENTITEM_ID, SIGNATURE, SKUREFERENCE_SKUID, TECHNICIANFORBASERATE1_ID, EQUIPMENT_ID, NOTAX, PAYSSOLDBYRATE, PROCUREMENTSOURCE_ESTIMATEITEMID, TECHNICIANACKNOWLEDGEMENTSIGNATURE, TOTAL, SOLDBYCOMMISSION, ACTIVE, BASERATE3, DESCRIPTION, INVENTORYWAREHOUSENAME, ISOTTASK, ISUNITPRICEMANUALLYSET, BUSINESSUNIT_ID, INVENTORYBATCH_ID, ITEMGROUPNAME, PRICEMODIFIER_ID, SKUNAME, SOURCETYPE, PROJECTORDER, CROSSSALEGROUP, ESTIMATEITEM_ID, PROCUREDFROM_ID, PROCUREMENTSOURCE_SOURCETYPE, UNITPRICE, AUTOGLASSITEM_ID, COMMISSIONBONUS, COSTOFSALEACCOUNT_ID, INVENTORYLOCATION_ID, PROCUREDFROMESTIMATEITEM_ID, PROCUREMENTSOURCE_PURCHASEORDERITEMID, TAXABLE, ISINVENTORY, SOLDBY_ID, INVOICE_ID, TECHNICIANSPLIT3, PROJECTLABELS, BASERATE1, CREATEDON, INVENTORYSTATUS, DISPLAYINAMOUNT, QUANTITY, SCHEDULEDFLATAMOUNT, PAYSCOMMISSION, TECHNICIANFORBASERATE2_ID, COST, DATECREATED, ID, IMPORTID, LASTUNITPRICESETBYEMPLOYEE, SKUREFERENCE_SKUTYPE, SKU_ID, TECHNICIANSPLIT1]
Column names for DataMart Table --> STR_INVOICEITEM :: [ACTIVE, ALLOWDISCOUNTS, BASERATE2, BONUS, DISPLAYINAMOUNT, MARKUP, TECHNICIANSPLIT2, TECHNICIAN_ID, PROCUREMENTSOURCE_REQUISITIONITEMID, TAXABLE, DEDUCTASJOBCOST, GENERALLEDGERACCOUNT_ID, INVENTORYWAREHOUSENAME, INVOICE_ID, ISINVENTORY, PAYSCOMMISSION, PROCUREMENTSOURCE_SOURCETYPE, SOLDBYCOMMISSION, BUSINESSUNIT_ID, EQUIPMENT_ID, MODIFIEDON, SKUREFERENCE_SKUID, RECORD_CREATE_DATE, ACTIVE_FLAG, ADDONFLATAMOUNT, AUTOGLASSITEM_ID, COMMISSIONBONUS, CREATEDON, MEMBERPRICE, QUANTITY, SOLDHOURS, TECHNICIANFORBASERATE3_ID, TOTAL, NOTAX, PAYTECHSPECIFICBONUS, PROCUREDFROMESTIMATEITEM_ID, PROJECTORDER, SKU_ID, ISADDON, PRICEMODIFIER_ID, BASERATE3, ID, MEMBERSHIPWORKFLOWACTION, SOLDBY_ID, STANDARDPRICE, CROSSSALEGROUP, DATECREATED, INVENTORYSTATUS, LASTUNITPRICESETBYEMPLOYEE, PAYSFLATAMOUNT, TOTALCOST, DESCRIPTION, EXPORTID, IMPORTID, ITEMGROUPROOT_ID, PARENTITEM_ID, PROCUREDFROM_ID, SKUREFERENCE_SKUTYPE, SOURCETYPE, TECHNICIANSPLIT1, TECHNICIANACKNOWLEDGEMENTSIGNATURE, CHARGEABLE, CREATEDBY_ID, ESTIMATEITEM_ID, TECHNICIANFORBASERATE2_ID, ORDER, PROJECTLABELS, RECORD_UPDATE_DATE, WORKFLOWACTION_ID, COSTOFSALEACCOUNT_ID, INVENTORYLOCATION_ID, PAYSSOLDBYRATE, PROCUREMENTSOURCE_PURCHASEORDERITEMID, SCHEDULEDFLATAMOUNT, ISUNITPRICEMANUALLYSET, ITEMGROUPNAME, UNITPRICE, SKUNAME, SIGNATURE, MASTER_ID, ACCOUNT, BASERATE1, COST, HOURS, ISOTTASK, TENANT_TYPE, INVENTORYBATCH_ID, PROCUREMENTSOURCE_ESTIMATEITEMID, USEDMATERIAL_ID, TECHNICIANFORBASERATE1_ID, TECHNICIANSPLIT3]
Column names for Curated Table --> DIM_INVOICEITEM :: [BASERATE2, COST, CROSSSALEGROUP, ISOTTASK, MEMBERPRICE, ORDER, QUANTITY, TOTALCOST, ISUNITPRICEMANUALLYSET, PARENTITEM_ID, PAYSSOLDBYRATE, PAYSCOMMISSION, GENERALLEDGERACCOUNT_ID, BASERATE1, INVENTORYBATCH_ID, INVOICE_ID, SKUREFERENCE_SKUID, BASERATE3, EXPORTID, ISINVENTORY, SKU_ID, INVENTORYSTATUS, SOLDHOURS, TECHNICIAN_ID, TECHNICIANFORBASERATE2_ID, ACCOUNT, ALLOWDISCOUNTS, COMMISSIONBONUS, CREATEDON, IMPORTID, ISADDON, PROCUREMENTSOURCE_SOURCETYPE, NOTAX, PROJECTLABELS, SOLDBY_ID, TECHNICIANFORBASERATE1_ID, TECHNICIANSPLIT1, PAYSFLATAMOUNT, UNITPRICE, BONUS, COSTOFSALEACCOUNT_ID, CREATEDBY_ID, DISPLAYINAMOUNT, PAYTECHSPECIFICBONUS, PRICEMODIFIER_ID, TECHNICIANACKNOWLEDGEMENTSIGNATURE, TECHNICIANSPLIT3, PROCUREMENTSOURCE_PURCHASEORDERITEMID, PROCUREMENTSOURCE_REQUISITIONITEMID, PROJECTORDER, DATECREATED, TECHNICIANFORBASERATE3_ID, ACTIVE, ADDONFLATAMOUNT, BUSINESSUNIT_ID, CHARGEABLE, EQUIPMENT_ID, INVENTORYLOCATION_ID, INVENTORYWAREHOUSENAME, ITEMGROUPNAME, ITEMGROUPROOT_ID, RECORD_UPDATE_DATE, MODIFIEDON, PROCUREDFROM_ID, SCHEDULEDFLATAMOUNT, PROCUREMENTSOURCE_ESTIMATEITEMID, TAXABLE, PROCUREDFROMESTIMATEITEM_ID, AUTOGLASSITEM_ID, HOURS, LASTUNITPRICESETBYEMPLOYEE, MARKUP, USEDMATERIAL_ID, MEMBERSHIPWORKFLOWACTION, SKUREFERENCE_SKUTYPE, SOLDBYCOMMISSION, SOURCETYPE, RECORD_UPDATED_BY, WORKFLOWACTION_ID, DEDUCTASJOBCOST, DESCRIPTION, ESTIMATEITEM_ID, STANDARDPRICE, TECHNICIANSPLIT2, TOTAL, ID, RECORD_CREATE_DATE, SIGNATURE, SKUNAME, TENANT_TYPE]
Column Name found in Datamart and Curated Table :: ACCOUNT
Column Name found in Datamart and Curated Table :: BONUS
Column Name found in Datamart and Curated Table :: CREATEDBY_ID
Column Name found in Datamart and Curated Table :: DEDUCTASJOBCOST
Column Name found in Datamart and Curated Table :: GENERALLEDGERACCOUNT_ID
Column Name found in Datamart and Curated Table :: MARKUP
Column Name found in Datamart and Curated Table :: MODIFIEDON
Column Name found in Datamart and Curated Table :: PAYSFLATAMOUNT
Column Name found in Datamart and Curated Table :: BASERATE2
Column Name found in Datamart and Curated Table :: ISADDON
Column Name found in Datamart and Curated Table :: MEMBERSHIPWORKFLOWACTION
Column Name found in Datamart and Curated Table :: PAYTECHSPECIFICBONUS
Column Name found in Datamart and Curated Table :: STANDARDPRICE
Column Name found in Datamart and Curated Table :: TECHNICIANFORBASERATE3_ID
Column Name found in Datamart and Curated Table :: TECHNICIAN_ID
Column Name found in Datamart and Curated Table :: ALLOWDISCOUNTS
Column Name found in Datamart and Curated Table :: HOURS
Column Name found in Datamart and Curated Table :: ITEMGROUPROOT_ID
Column Name found in Datamart and Curated Table :: WORKFLOWACTION_ID
Column Name found in Datamart and Curated Table :: EXPORTID
Column Name found in Datamart and Curated Table :: PROCUREMENTSOURCE_REQUISITIONITEMID
Column Name found in Datamart and Curated Table :: TECHNICIANSPLIT2
Column Name found in Datamart and Curated Table :: USEDMATERIAL_ID
Column Name found in Datamart and Curated Table :: SOLDHOURS
Column Name found in Datamart and Curated Table :: TOTALCOST
Column Name found in Datamart and Curated Table :: ADDONFLATAMOUNT
Column Name found in Datamart and Curated Table :: CHARGEABLE
Column Name found in Datamart and Curated Table :: MEMBERPRICE
Column Name found in Datamart and Curated Table :: ORDER
Column Name found in Datamart and Curated Table :: PARENTITEM_ID
Column Name found in Datamart and Curated Table :: SIGNATURE
Column Name found in Datamart and Curated Table :: SKUREFERENCE_SKUID
Column Name found in Datamart and Curated Table :: TECHNICIANFORBASERATE1_ID
Column Name found in Datamart and Curated Table :: EQUIPMENT_ID
Column Name found in Datamart and Curated Table :: NOTAX
Column Name found in Datamart and Curated Table :: PAYSSOLDBYRATE
Column Name found in Datamart and Curated Table :: PROCUREMENTSOURCE_ESTIMATEITEMID
Column Name found in Datamart and Curated Table :: TECHNICIANACKNOWLEDGEMENTSIGNATURE
Column Name found in Datamart and Curated Table :: TOTAL
Column Name found in Datamart and Curated Table :: SOLDBYCOMMISSION
Column Name found in Datamart and Curated Table :: ACTIVE
Column Name found in Datamart and Curated Table :: BASERATE3
Column Name found in Datamart and Curated Table :: DESCRIPTION
Column Name found in Datamart and Curated Table :: INVENTORYWAREHOUSENAME
Column Name found in Datamart and Curated Table :: ISOTTASK
Column Name found in Datamart and Curated Table :: ISUNITPRICEMANUALLYSET
Column Name found in Datamart and Curated Table :: BUSINESSUNIT_ID
Column Name found in Datamart and Curated Table :: INVENTORYBATCH_ID
Column Name found in Datamart and Curated Table :: ITEMGROUPNAME
Column Name found in Datamart and Curated Table :: PRICEMODIFIER_ID
Column Name found in Datamart and Curated Table :: SKUNAME
Column Name found in Datamart and Curated Table :: SOURCETYPE
Column Name found in Datamart and Curated Table :: PROJECTORDER
Column Name found in Datamart and Curated Table :: CROSSSALEGROUP
Column Name found in Datamart and Curated Table :: ESTIMATEITEM_ID
Column Name found in Datamart and Curated Table :: PROCUREDFROM_ID
Column Name found in Datamart and Curated Table :: PROCUREMENTSOURCE_SOURCETYPE
Column Name found in Datamart and Curated Table :: UNITPRICE
Column Name found in Datamart and Curated Table :: AUTOGLASSITEM_ID
Column Name found in Datamart and Curated Table :: COMMISSIONBONUS
Column Name found in Datamart and Curated Table :: COSTOFSALEACCOUNT_ID
Column Name found in Datamart and Curated Table :: INVENTORYLOCATION_ID
Column Name found in Datamart and Curated Table :: PROCUREDFROMESTIMATEITEM_ID
Column Name found in Datamart and Curated Table :: PROCUREMENTSOURCE_PURCHASEORDERITEMID
Column Name found in Datamart and Curated Table :: TAXABLE
Column Name found in Datamart and Curated Table :: ISINVENTORY
Column Name found in Datamart and Curated Table :: SOLDBY_ID
Column Name found in Datamart and Curated Table :: INVOICE_ID
Column Name found in Datamart and Curated Table :: TECHNICIANSPLIT3
Column Name found in Datamart and Curated Table :: PROJECTLABELS
Column Name found in Datamart and Curated Table :: BASERATE1
Column Name found in Datamart and Curated Table :: CREATEDON
Column Name found in Datamart and Curated Table :: INVENTORYSTATUS
Column Name found in Datamart and Curated Table :: DISPLAYINAMOUNT
Column Name found in Datamart and Curated Table :: QUANTITY
Column Name found in Datamart and Curated Table :: SCHEDULEDFLATAMOUNT
Column Name found in Datamart and Curated Table :: PAYSCOMMISSION
Column Name found in Datamart and Curated Table :: TECHNICIANFORBASERATE2_ID
Column Name found in Datamart and Curated Table :: COST
Column Name found in Datamart and Curated Table :: DATECREATED
Column Name found in Datamart and Curated Table :: ID
Column Name found in Datamart and Curated Table :: IMPORTID
Column Name found in Datamart and Curated Table :: LASTUNITPRICESETBYEMPLOYEE
Column Name found in Datamart and Curated Table :: SKUREFERENCE_SKUTYPE
Column Name found in Datamart and Curated Table :: SKU_ID
Column Name found in Datamart and Curated Table :: TECHNICIANSPLIT1
Datamart tables contains additional column name like [ACTIVE_FLAG, RECORD_CREATE_DATE, RECORD_UPDATE_DATE, RECORD_UPDATE_DATE, MASTER_ID, TENANT_TYPE]
Curated tables contains additional column name like [RECORD_CREATE_DATE, RECORD_UPDATE_DATE, RECORD_UPDATED_BY, TENANT_TYPE]]]>
  </system-out>
  <testcase classname="testcases.RAW_DATAMART_CURATED.SnowFlake_ColumnValidation_BKPTables" name="validateColumnName_BKP" time="3.376"/>
  <system-out>
    <![CDATA[Executing Snowflake query :: SELECT COLUMN_NAME FROM DEV_ENT_RAW.INFORMATION_SCHEMA.COLUMNS WHERE TABLE_NAME='VENDOR'and TABLE_SCHEMA='ST_HARP_MATILLION'
Executing Snowflake query :: SELECT COLUMN_NAME FROM CURATED_DATAMART.INFORMATION_SCHEMA.COLUMNS WHERE TABLE_NAME='STR_VENDOR'and TABLE_SCHEMA='ST_BKP_HARP'
Executing Snowflake query :: SELECT COLUMN_NAME FROM DEV_ENT_CURATED.INFORMATION_SCHEMA.COLUMNS WHERE TABLE_NAME='DIM_VENDOR'and TABLE_SCHEMA='MASTER_DIMENSIONS'
Column names for RAW Table --> VENDOR :: [ID, TAXRATE, VENDORADDRESS_CITY, VENDORADDRESS_LATITUDE, ACTIVE, DELIVERYOPTION, EXTERNALID, IMPORTID, VENDORADDRESS_ISMILITARY, ADDRESS, REMITTANCEVENDOR_ID, VENDORADDRESS_ISMANUALCOORDINATES, CREATEDBY_ID, NAME, RESTRICTEDMOBILECREATION, VENDORADDRESS_ZIP, PHONE, VENDORADDRESS_COUNTRY, VENDORADDRESS_LONGITUDE, VENDORQUICKBOOKSITEM, FAX, FIRSTNAME, VENDORADDRESS_STREET, VENDORADDRESS_UNIT, CREATEDON, EMAIL, MODIFIEDON, ISTRUCKREPLENISHMENT, LASTNAME, PAYMENTTERM_ID, MEMO, VENDORADDRESS_STATE]
Column names for DataMart Table --> STR_VENDOR :: [EMAIL, FIRSTNAME, LASTNAME, REMITTANCEVENDOR_ID, VENDORADDRESS_ZIP, CREATEDBY_ID, VENDORADDRESS_ISMILITARY, VENDORADDRESS_STATE, TAXRATE, VENDORADDRESS_LATITUDE, ACTIVE, ACTIVE_FLAG, ISTRUCKREPLENISHMENT, MASTER_ID, NAME, TENANT_TYPE, VENDORADDRESS_ISMANUALCOORDINATES, CREATEDON, FAX, ID, MEMO, RESTRICTEDMOBILECREATION, MODIFIEDON, PHONE, VENDORADDRESS_CITY, VENDORADDRESS_UNIT, VENDORADDRESS_STREET, DELIVERYOPTION, PAYMENTTERM_ID, VENDORADDRESS_COUNTRY, IMPORTID, VENDORADDRESS_LONGITUDE, VENDORQUICKBOOKSITEM, ADDRESS, EXTERNALID, RECORD_UPDATE_DATE, RECORD_CREATE_DATE]
Column names for Curated Table --> DIM_VENDOR :: [DELIVERYOPTION, EXTERNALID, VENDORADDRESS_LATITUDE, VENDORADDRESS_ISMILITARY, VENDORADDRESS_STREET, EMAIL, ID, MEMO, PHONE, TAXRATE, VENDORADDRESS_ZIP, VENDORADDRESS_CITY, ACTIVE, ADDRESS, FAX, ISTRUCKREPLENISHMENT, VENDORADDRESS_STATE, REMITTANCEVENDOR_ID, FIRSTNAME, NAME, VENDORADDRESS_COUNTRY, LASTNAME, RECORD_UPDATE_DATE, VENDORADDRESS_UNIT, MODIFIEDON, CREATEDBY_ID, RECORD_CREATE_DATE, TENANT_TYPE, VENDORADDRESS_LONGITUDE, CREATEDON, IMPORTID, VENDORADDRESS_ISMANUALCOORDINATES, RESTRICTEDMOBILECREATION, PAYMENTTERM_ID, RECORD_UPDATED_BY, VENDORQUICKBOOKSITEM]
Column Name found in Datamart and Curated Table :: ID
Column Name found in Datamart and Curated Table :: TAXRATE
Column Name found in Datamart and Curated Table :: VENDORADDRESS_CITY
Column Name found in Datamart and Curated Table :: VENDORADDRESS_LATITUDE
Column Name found in Datamart and Curated Table :: ACTIVE
Column Name found in Datamart and Curated Table :: DELIVERYOPTION
Column Name found in Datamart and Curated Table :: EXTERNALID
Column Name found in Datamart and Curated Table :: IMPORTID
Column Name found in Datamart and Curated Table :: VENDORADDRESS_ISMILITARY
Column Name found in Datamart and Curated Table :: ADDRESS
Column Name found in Datamart and Curated Table :: REMITTANCEVENDOR_ID
Column Name found in Datamart and Curated Table :: VENDORADDRESS_ISMANUALCOORDINATES
Column Name found in Datamart and Curated Table :: CREATEDBY_ID
Column Name found in Datamart and Curated Table :: NAME
Column Name found in Datamart and Curated Table :: RESTRICTEDMOBILECREATION
Column Name found in Datamart and Curated Table :: VENDORADDRESS_ZIP
Column Name found in Datamart and Curated Table :: PHONE
Column Name found in Datamart and Curated Table :: VENDORADDRESS_COUNTRY
Column Name found in Datamart and Curated Table :: VENDORADDRESS_LONGITUDE
Column Name found in Datamart and Curated Table :: VENDORQUICKBOOKSITEM
Column Name found in Datamart and Curated Table :: FAX
Column Name found in Datamart and Curated Table :: FIRSTNAME
Column Name found in Datamart and Curated Table :: VENDORADDRESS_STREET
Column Name found in Datamart and Curated Table :: VENDORADDRESS_UNIT
Column Name found in Datamart and Curated Table :: CREATEDON
Column Name found in Datamart and Curated Table :: EMAIL
Column Name found in Datamart and Curated Table :: MODIFIEDON
Column Name found in Datamart and Curated Table :: ISTRUCKREPLENISHMENT
Column Name found in Datamart and Curated Table :: LASTNAME
Column Name found in Datamart and Curated Table :: PAYMENTTERM_ID
Column Name found in Datamart and Curated Table :: MEMO
Column Name found in Datamart and Curated Table :: VENDORADDRESS_STATE
Datamart tables contains additional column name like [ACTIVE_FLAG, RECORD_CREATE_DATE, RECORD_UPDATE_DATE, RECORD_UPDATE_DATE, MASTER_ID, TENANT_TYPE]
Curated tables contains additional column name like [RECORD_CREATE_DATE, RECORD_UPDATE_DATE, RECORD_UPDATED_BY, TENANT_TYPE]]]>
  </system-out>
  <testcase classname="testcases.RAW_DATAMART_CURATED.SnowFlake_ColumnValidation_BKPTables" name="validateColumnName_BKP" time="2.403"/>
  <system-out>
    <![CDATA[Executing Snowflake query :: SELECT COLUMN_NAME FROM DEV_ENT_RAW.INFORMATION_SCHEMA.COLUMNS WHERE TABLE_NAME='ZONE'and TABLE_SCHEMA='ST_HUTCHINSON_MATILLION'
Executing Snowflake query :: SELECT COLUMN_NAME FROM CURATED_DATAMART.INFORMATION_SCHEMA.COLUMNS WHERE TABLE_NAME='STR_ZONE'and TABLE_SCHEMA='ST_BKP_HUTCHINSON'
Executing Snowflake query :: SELECT COLUMN_NAME FROM DEV_ENT_CURATED.INFORMATION_SCHEMA.COLUMNS WHERE TABLE_NAME='DIM_ZONE'and TABLE_SCHEMA='MASTER_DIMENSIONS'
Column names for RAW Table --> ZONE :: [ID, CITIES, ZIPS, CREATEDON, IMPORTID, LOCNNUMBERS, SERVICEDAYSENABLED, MAXDRIVETIMEADJUSTMENT, ACTIVE, MODIFIEDON, COLOR, NAME, SERVICEDAYS, TERRITORYNUMBERS, CREATEDBY_ID]
Column names for DataMart Table --> STR_ZONE :: [MASTER_ID, SERVICEDAYS, ZIPS, MODIFIEDON, LOCNNUMBERS, RECORD_CREATE_DATE, ACTIVE, SERVICEDAYSENABLED, ID, CREATEDON, ACTIVE_FLAG, COLOR, MAXDRIVETIMEADJUSTMENT, RECORD_UPDATE_DATE, CITIES, IMPORTID, TENANT_TYPE, TERRITORYNUMBERS, NAME, CREATEDBY_ID]
Column names for Curated Table --> DIM_ZONE :: [CREATEDON, ID, ZIPS, CITIES, IMPORTID, LOCNNUMBERS, MODIFIEDON, NAME, SERVICEDAYS, TENANT_TYPE, MAXDRIVETIMEADJUSTMENT, TERRITORYNUMBERS, RECORD_CREATE_DATE, ACTIVE, CREATEDBY_ID, SERVICEDAYSENABLED, RECORD_UPDATE_DATE, COLOR, RECORD_UPDATED_BY]
Column Name found in Datamart and Curated Table :: ID
Column Name found in Datamart and Curated Table :: CITIES
Column Name found in Datamart and Curated Table :: ZIPS
Column Name found in Datamart and Curated Table :: CREATEDON
Column Name found in Datamart and Curated Table :: IMPORTID
Column Name found in Datamart and Curated Table :: LOCNNUMBERS
Column Name found in Datamart and Curated Table :: SERVICEDAYSENABLED
Column Name found in Datamart and Curated Table :: MAXDRIVETIMEADJUSTMENT
Column Name found in Datamart and Curated Table :: ACTIVE
Column Name found in Datamart and Curated Table :: MODIFIEDON
Column Name found in Datamart and Curated Table :: COLOR
Column Name found in Datamart and Curated Table :: NAME
Column Name found in Datamart and Curated Table :: SERVICEDAYS
Column Name found in Datamart and Curated Table :: TERRITORYNUMBERS
Column Name found in Datamart and Curated Table :: CREATEDBY_ID
Datamart tables contains additional column name like [ACTIVE_FLAG, RECORD_CREATE_DATE, RECORD_UPDATE_DATE, RECORD_UPDATE_DATE, MASTER_ID, TENANT_TYPE]
Curated tables contains additional column name like [RECORD_CREATE_DATE, RECORD_UPDATE_DATE, RECORD_UPDATED_BY, TENANT_TYPE]]]>
  </system-out>
  <testcase classname="testcases.RAW_DATAMART_CURATED.SnowFlake_ColumnValidation_BKPTables" name="validateColumnName_BKP" time="6.669"/>
  <system-out>
    <![CDATA[Executing Snowflake query :: SELECT COLUMN_NAME FROM DEV_ENT_RAW.INFORMATION_SCHEMA.COLUMNS WHERE TABLE_NAME='ZONE'and TABLE_SCHEMA='ST_CASTEEL_MATILLION'
Executing Snowflake query :: SELECT COLUMN_NAME FROM CURATED_DATAMART.INFORMATION_SCHEMA.COLUMNS WHERE TABLE_NAME='STR_ZONE'and TABLE_SCHEMA='ST_BKP_CASTEEL'
Executing Snowflake query :: SELECT COLUMN_NAME FROM DEV_ENT_CURATED.INFORMATION_SCHEMA.COLUMNS WHERE TABLE_NAME='DIM_ZONE'and TABLE_SCHEMA='MASTER_DIMENSIONS'
Column names for RAW Table --> ZONE :: [COLOR, ID, IMPORTID, CITIES, CREATEDBY_ID, NAME, SERVICEDAYS, ZIPS, SERVICEDAYSENABLED, CREATEDON, ACTIVE, TERRITORYNUMBERS, LOCNNUMBERS, MAXDRIVETIMEADJUSTMENT, MODIFIEDON]
Column names for DataMart Table --> STR_ZONE :: [CITIES, RECORD_UPDATE_DATE, ID, NAME, MODIFIEDON, RECORD_CREATE_DATE, CREATEDON, SERVICEDAYSENABLED, SERVICEDAYS, MASTER_ID, ACTIVE, CREATEDBY_ID, LOCNNUMBERS, ZIPS, TERRITORYNUMBERS, COLOR, ACTIVE_FLAG, IMPORTID, MAXDRIVETIMEADJUSTMENT, TENANT_TYPE]
Column names for Curated Table --> DIM_ZONE :: [CREATEDON, ID, ZIPS, CITIES, IMPORTID, LOCNNUMBERS, MODIFIEDON, NAME, SERVICEDAYS, TENANT_TYPE, MAXDRIVETIMEADJUSTMENT, TERRITORYNUMBERS, RECORD_CREATE_DATE, ACTIVE, CREATEDBY_ID, SERVICEDAYSENABLED, RECORD_UPDATE_DATE, COLOR, RECORD_UPDATED_BY]
Column Name found in Datamart and Curated Table :: COLOR
Column Name found in Datamart and Curated Table :: ID
Column Name found in Datamart and Curated Table :: IMPORTID
Column Name found in Datamart and Curated Table :: CITIES
Column Name found in Datamart and Curated Table :: CREATEDBY_ID
Column Name found in Datamart and Curated Table :: NAME
Column Name found in Datamart and Curated Table :: SERVICEDAYS
Column Name found in Datamart and Curated Table :: ZIPS
Column Name found in Datamart and Curated Table :: SERVICEDAYSENABLED
Column Name found in Datamart and Curated Table :: CREATEDON
Column Name found in Datamart and Curated Table :: ACTIVE
Column Name found in Datamart and Curated Table :: TERRITORYNUMBERS
Column Name found in Datamart and Curated Table :: LOCNNUMBERS
Column Name found in Datamart and Curated Table :: MAXDRIVETIMEADJUSTMENT
Column Name found in Datamart and Curated Table :: MODIFIEDON
Datamart tables contains additional column name like [ACTIVE_FLAG, RECORD_CREATE_DATE, RECORD_UPDATE_DATE, RECORD_UPDATE_DATE, MASTER_ID, TENANT_TYPE]
Curated tables contains additional column name like [RECORD_CREATE_DATE, RECORD_UPDATE_DATE, RECORD_UPDATED_BY, TENANT_TYPE]]]>
  </system-out>
  <testcase classname="testcases.RAW_DATAMART_CURATED.SnowFlake_ColumnValidation_BKPTables" name="validateColumnName_BKP" time="2.463"/>
  <system-out>
    <![CDATA[Executing Snowflake query :: SELECT COLUMN_NAME FROM DEV_ENT_RAW.INFORMATION_SCHEMA.COLUMNS WHERE TABLE_NAME='PAYMENT'and TABLE_SCHEMA='ST_HENDERSON_MATILLION'
Executing Snowflake query :: SELECT COLUMN_NAME FROM CURATED_DATAMART.INFORMATION_SCHEMA.COLUMNS WHERE TABLE_NAME='STR_PAYMENT'and TABLE_SCHEMA='ST_BKP_HENDERSON'
Executing Snowflake query :: SELECT COLUMN_NAME FROM DEV_ENT_CURATED.INFORMATION_SCHEMA.COLUMNS WHERE TABLE_NAME='DIM_PAYMENT'and TABLE_SCHEMA='MASTER_DIMENSIONS'
Column names for RAW Table --> PAYMENT :: [CREDITAVAILABLE, DEFERREDINTEREST, PAIDON, SETTLEMENTDATE, STOREDPAYMENT_ID, ESTIMATE_ID, AUTHORIZATIONSIGNATURE, EXTERNALID, NUMBER, APPLIEDON, CHECKNUMBER, INVOICE_ID, METHOD, MODIFIEDON, TRANSACTIONSTATUS, FINANCINGOPERATOR, PAYMENTDATE, SOURCE, BUSINESSUNIT_ID, CUSTOMER_ID, STATUS, TRANSACTION, TYPE_ID, EXPORTID, REFUNDEDAMOUNT, AGREEMENTLANGUAGE, AMOUNT, UNAPPLIEDAMOUNT, IMPORTID, SETTLEMENTSTATUS, PROJECT_ID, BATCH_ID, CREATEDON, ID, ACTIVE, CREATEDBY_ID, MEMO]
Column names for DataMart Table --> STR_PAYMENT :: [ACTIVE_FLAG, APPLIEDON, TRANSACTIONSTATUS, METHOD, STATUS, TRANSACTION, BATCH_ID, SETTLEMENTDATE, CREDITAVAILABLE, EXTERNALID, PAYMENTDATE, SETTLEMENTSTATUS, SOURCE, PROJECT_ID, REFUNDEDAMOUNT, PAIDON, TENANT_TYPE, AUTHORIZATIONSIGNATURE, FINANCINGOPERATOR, ID, MASTER_ID, NUMBER, STOREDPAYMENT_ID, UNAPPLIEDAMOUNT, IMPORTID, MEMO, MODIFIEDON, TYPE_ID, INVOICE_ID, ACTIVE, BUSINESSUNIT_ID, CREATEDBY_ID, CUSTOMER_ID, EXPORTID, CREATEDON, DEFERREDINTEREST, CHECKNUMBER, AGREEMENTLANGUAGE, AMOUNT, ESTIMATE_ID, RECORD_CREATE_DATE, RECORD_UPDATE_DATE]
Column names for Curated Table --> DIM_PAYMENT :: [DEFERREDINTEREST, PAIDON, SOURCE, TENANT_TYPE, PAYMENTDATE, TYPE_ID, ACTIVE, INVOICE_ID, ESTIMATE_ID, UNAPPLIEDAMOUNT, STATUS, CREATEDBY_ID, CUSTOMER_ID, EXPORTID, IMPORTID, TRANSACTION, MEMO, RECORD_UPDATE_DATE, TRANSACTIONSTATUS, AMOUNT, AUTHORIZATIONSIGNATURE, CHECKNUMBER, MODIFIEDON, EXTERNALID, PROJECT_ID, APPLIEDON, BATCH_ID, CREATEDON, FINANCINGOPERATOR, ID, RECORD_UPDATED_BY, REFUNDEDAMOUNT, SETTLEMENTSTATUS, BUSINESSUNIT_ID, METHOD, AGREEMENTLANGUAGE, CREDITAVAILABLE, NUMBER, RECORD_CREATE_DATE, SETTLEMENTDATE, STOREDPAYMENT_ID]
Column Name found in Datamart and Curated Table :: CREDITAVAILABLE
Column Name found in Datamart and Curated Table :: DEFERREDINTEREST
Column Name found in Datamart and Curated Table :: PAIDON
Column Name found in Datamart and Curated Table :: SETTLEMENTDATE
Column Name found in Datamart and Curated Table :: STOREDPAYMENT_ID
Column Name found in Datamart and Curated Table :: ESTIMATE_ID
Column Name found in Datamart and Curated Table :: AUTHORIZATIONSIGNATURE
Column Name found in Datamart and Curated Table :: EXTERNALID
Column Name found in Datamart and Curated Table :: NUMBER
Column Name found in Datamart and Curated Table :: APPLIEDON
Column Name found in Datamart and Curated Table :: CHECKNUMBER
Column Name found in Datamart and Curated Table :: INVOICE_ID
Column Name found in Datamart and Curated Table :: METHOD
Column Name found in Datamart and Curated Table :: MODIFIEDON
Column Name found in Datamart and Curated Table :: TRANSACTIONSTATUS
Column Name found in Datamart and Curated Table :: FINANCINGOPERATOR
Column Name found in Datamart and Curated Table :: PAYMENTDATE
Column Name found in Datamart and Curated Table :: SOURCE
Column Name found in Datamart and Curated Table :: BUSINESSUNIT_ID
Column Name found in Datamart and Curated Table :: CUSTOMER_ID
Column Name found in Datamart and Curated Table :: STATUS
Column Name found in Datamart and Curated Table :: TRANSACTION
Column Name found in Datamart and Curated Table :: TYPE_ID
Column Name found in Datamart and Curated Table :: EXPORTID
Column Name found in Datamart and Curated Table :: REFUNDEDAMOUNT
Column Name found in Datamart and Curated Table :: AGREEMENTLANGUAGE
Column Name found in Datamart and Curated Table :: AMOUNT
Column Name found in Datamart and Curated Table :: UNAPPLIEDAMOUNT
Column Name found in Datamart and Curated Table :: IMPORTID
Column Name found in Datamart and Curated Table :: SETTLEMENTSTATUS
Column Name found in Datamart and Curated Table :: PROJECT_ID
Column Name found in Datamart and Curated Table :: BATCH_ID
Column Name found in Datamart and Curated Table :: CREATEDON
Column Name found in Datamart and Curated Table :: ID
Column Name found in Datamart and Curated Table :: ACTIVE
Column Name found in Datamart and Curated Table :: CREATEDBY_ID
Column Name found in Datamart and Curated Table :: MEMO
Datamart tables contains additional column name like [ACTIVE_FLAG, RECORD_CREATE_DATE, RECORD_UPDATE_DATE, RECORD_UPDATE_DATE, MASTER_ID, TENANT_TYPE]
Curated tables contains additional column name like [RECORD_CREATE_DATE, RECORD_UPDATE_DATE, RECORD_UPDATED_BY, TENANT_TYPE]]]>
  </system-out>
  <testcase classname="testcases.RAW_DATAMART_CURATED.SnowFlake_ColumnValidation_BKPTables" name="validateColumnName_BKP" time="5.331"/>
  <system-out>
    <![CDATA[Executing Snowflake query :: SELECT COLUMN_NAME FROM DEV_ENT_RAW.INFORMATION_SCHEMA.COLUMNS WHERE TABLE_NAME='MATERIALVENDORSUBACCOUNT'and TABLE_SCHEMA='ST_CASTEEL_MATILLION'
Executing Snowflake query :: SELECT COLUMN_NAME FROM CURATED_DATAMART.INFORMATION_SCHEMA.COLUMNS WHERE TABLE_NAME='STR_MATERIALVENDORSUBACCOUNT'and TABLE_SCHEMA='ST_BKP_CASTEEL'
Executing Snowflake query :: SELECT COLUMN_NAME FROM DEV_ENT_CURATED.INFORMATION_SCHEMA.COLUMNS WHERE TABLE_NAME='DIM_MATERIALVENDORSUBACCOUNT'and TABLE_SCHEMA='MASTER_DIMENSIONS'
Column names for RAW Table --> MATERIALVENDORSUBACCOUNT :: [ACCOUNTNAME, CREATEDBY_ID, ACTIVE, ID, IMPORTID, COST, MATERIALVENDOR_ID, CREATEDON]
Column names for DataMart Table --> STR_MATERIALVENDORSUBACCOUNT :: [ACTIVE_FLAG, CREATEDBY_ID, ACTIVE, RECORD_UPDATE_DATE, COST, ID, CREATEDON, IMPORTID, TENANT_TYPE, ACCOUNTNAME, RECORD_CREATE_DATE, MATERIALVENDOR_ID, MASTER_ID]
Column names for Curated Table --> DIM_MATERIALVENDORSUBACCOUNT :: [RECORD_CREATE_DATE, IMPORTID, ACTIVE, CREATEDBY_ID, CREATEDON, ID, RECORD_UPDATE_DATE, TENANT_TYPE, RECORD_UPDATED_BY, ACCOUNTNAME, MATERIALVENDOR_ID, COST]
Column Name found in Datamart and Curated Table :: ACCOUNTNAME
Column Name found in Datamart and Curated Table :: CREATEDBY_ID
Column Name found in Datamart and Curated Table :: ACTIVE
Column Name found in Datamart and Curated Table :: ID
Column Name found in Datamart and Curated Table :: IMPORTID
Column Name found in Datamart and Curated Table :: COST
Column Name found in Datamart and Curated Table :: MATERIALVENDOR_ID
Column Name found in Datamart and Curated Table :: CREATEDON
Datamart tables contains additional column name like [ACTIVE_FLAG, RECORD_CREATE_DATE, RECORD_UPDATE_DATE, RECORD_UPDATE_DATE, MASTER_ID, TENANT_TYPE]
Curated tables contains additional column name like [RECORD_CREATE_DATE, RECORD_UPDATE_DATE, RECORD_UPDATED_BY, TENANT_TYPE]]]>
  </system-out>
  <testcase classname="testcases.RAW_DATAMART_CURATED.SnowFlake_ColumnValidation_BKPTables" name="validateColumnName_BKP" time="2.673"/>
  <system-out>
    <![CDATA[Executing Snowflake query :: SELECT COLUMN_NAME FROM DEV_ENT_RAW.INFORMATION_SCHEMA.COLUMNS WHERE TABLE_NAME='TAG'and TABLE_SCHEMA='ST_SNELLHEATINGAIR_MATILLION'
Executing Snowflake query :: SELECT COLUMN_NAME FROM CURATED_DATAMART.INFORMATION_SCHEMA.COLUMNS WHERE TABLE_NAME='STR_TAG'and TABLE_SCHEMA='ST_BKP_SNELLHEATINGAIR'
Executing Snowflake query :: SELECT COLUMN_NAME FROM DEV_ENT_CURATED.INFORMATION_SCHEMA.COLUMNS WHERE TABLE_NAME='DIM_TAG'and TABLE_SCHEMA='MASTER_DIMENSIONS'
Column names for RAW Table --> TAG :: [CREATEDON, ID, IMPORTID, TYPE_ID, CREATEDBY_ID, MODIFIEDON, ACTIVE, MEMO, REMOVEDBY_ID, REMOVEDON, OWNER_ID, GENERATEDFOR_ID, GENERATEDFOREXTERNAL]
Column names for DataMart Table --> STR_TAG :: [REMOVEDON, MODIFIEDON, IMPORTID, MEMO, OWNER_ID, ACTIVE, REMOVEDBY_ID, MASTER_ID, TENANT_TYPE, ACTIVE_FLAG, CREATEDBY_ID, TYPE_ID, RECORD_UPDATE_DATE, CREATEDON, GENERATEDFOREXTERNAL, GENERATEDFOR_ID, ID, RECORD_CREATE_DATE, SOURCE_PKEY_SPK]
Column names for Curated Table --> DIM_TAG :: [ACTIVE_FLAG, RECORD_CREATE_DATE, CREATEDON, RECORD_UPDATE_DATE, SOURCE_PKEY_SPK, GENERATEDFOR_ID, GENERATEDFOREXTERNAL, TYPE_ID, ACTIVE, CREATEDBY_ID, ID, MODIFIEDON, OWNER_ID, REMOVEDBY_ID, REMOVEDON, MEMO, RECORD_UPDATED_BY, IMPORTID, TENANT_TYPE]
Column Name found in Datamart and Curated Table :: CREATEDON
Column Name found in Datamart and Curated Table :: ID
Column Name found in Datamart and Curated Table :: IMPORTID
Column Name found in Datamart and Curated Table :: TYPE_ID
Column Name found in Datamart and Curated Table :: CREATEDBY_ID
Column Name found in Datamart and Curated Table :: MODIFIEDON
Column Name found in Datamart and Curated Table :: ACTIVE
Column Name found in Datamart and Curated Table :: MEMO
Column Name found in Datamart and Curated Table :: REMOVEDBY_ID
Column Name found in Datamart and Curated Table :: REMOVEDON
Column Name found in Datamart and Curated Table :: OWNER_ID
Column Name found in Datamart and Curated Table :: GENERATEDFOR_ID
Column Name found in Datamart and Curated Table :: GENERATEDFOREXTERNAL
Datamart tables contains additional column name like [ACTIVE_FLAG, RECORD_CREATE_DATE, RECORD_UPDATE_DATE, RECORD_UPDATE_DATE, MASTER_ID, TENANT_TYPE]
Curated tables contains additional column name like [RECORD_CREATE_DATE, RECORD_UPDATE_DATE, RECORD_UPDATED_BY, TENANT_TYPE]]]>
  </system-out>
  <testcase classname="testcases.RAW_DATAMART_CURATED.SnowFlake_ColumnValidation_BKPTables" name="validateColumnName_BKP" time="2.065"/>
  <system-out>
    <![CDATA[Executing Snowflake query :: SELECT COLUMN_NAME FROM DEV_ENT_RAW.INFORMATION_SCHEMA.COLUMNS WHERE TABLE_NAME='NONJOBAPPOINTMENT'and TABLE_SCHEMA='ST_GOLDMEDAL_MATILLION'
Executing Snowflake query :: SELECT COLUMN_NAME FROM CURATED_DATAMART.INFORMATION_SCHEMA.COLUMNS WHERE TABLE_NAME='STR_NONJOBAPPOINTMENT'and TABLE_SCHEMA='ST_BKP_GOLDMEDAL'
Executing Snowflake query :: SELECT COLUMN_NAME FROM DEV_ENT_CURATED.INFORMATION_SCHEMA.COLUMNS WHERE TABLE_NAME='DIM_NONJOBAPPOINTMENT'and TABLE_SCHEMA='MASTER_DIMENSIONS'
Column names for RAW Table --> NONJOBAPPOINTMENT :: []
Column names for DataMart Table --> STR_NONJOBAPPOINTMENT :: [ISCOMPLETED, RECORD_CREATE_DATE, EXPECTEDDURATION, ACTIVE_FLAG, IMPORTID, RECORD_UPDATE_DATE, NAME, CREATEDON, TIMESHEET_ID, START, CREATEDBY_ID, DURATION, TECHNICIAN_ID, DEFINITION_ID, TIMESHEETCODE_ID, TENANT_TYPE, ALLDAY, CLEARDISPATCHBOARD, MASTER_ID, ACTIVE, CLEARTECHNICIANVIEW, ID, REMOVETECHNICIANFROMCAPACITYPLANNING, SUMMARY]
Column names for Curated Table --> DIM_NONJOBAPPOINTMENT :: [IMPORTID, RECORD_UPDATE_DATE, TIMESHEET_ID, ID, ISCOMPLETED, CREATEDON, RECORD_UPDATED_BY, START, CLEARTECHNICIANVIEW, DURATION, EXPECTEDDURATION, ALLDAY, CLEARDISPATCHBOARD, RECORD_CREATE_DATE, TENANT_TYPE, TIMESHEETCODE_ID, NAME, DEFINITION_ID, SUMMARY, ACTIVE, CREATEDBY_ID, REMOVETECHNICIANFROMCAPACITYPLANNING, TECHNICIAN_ID]
Datamart tables contains additional column name like [ACTIVE_FLAG, RECORD_CREATE_DATE, RECORD_UPDATE_DATE, RECORD_UPDATE_DATE, MASTER_ID, TENANT_TYPE]
Curated tables contains additional column name like [RECORD_CREATE_DATE, RECORD_UPDATE_DATE, RECORD_UPDATED_BY, TENANT_TYPE]]]>
  </system-out>
  <testcase classname="testcases.RAW_DATAMART_CURATED.SnowFlake_ColumnValidation_BKPTables" name="validateColumnName_BKP" time="2.340"/>
  <system-out>
    <![CDATA[Executing Snowflake query :: SELECT COLUMN_NAME FROM DEV_ENT_RAW.INFORMATION_SCHEMA.COLUMNS WHERE TABLE_NAME='VENDOR'and TABLE_SCHEMA='ST_HUTCHINSON_MATILLION'
Executing Snowflake query :: SELECT COLUMN_NAME FROM CURATED_DATAMART.INFORMATION_SCHEMA.COLUMNS WHERE TABLE_NAME='STR_VENDOR'and TABLE_SCHEMA='ST_BKP_HUTCHINSON'
Executing Snowflake query :: SELECT COLUMN_NAME FROM DEV_ENT_CURATED.INFORMATION_SCHEMA.COLUMNS WHERE TABLE_NAME='DIM_VENDOR'and TABLE_SCHEMA='MASTER_DIMENSIONS'
Column names for RAW Table --> VENDOR :: [ACTIVE, ISTRUCKREPLENISHMENT, VENDORQUICKBOOKSITEM, MODIFIEDON, ADDRESS, EMAIL, FAX, MEMO, NAME, REMITTANCEVENDOR_ID, TAXRATE, VENDORADDRESS_COUNTRY, VENDORADDRESS_ZIP, CREATEDBY_ID, LASTNAME, VENDORADDRESS_ISMANUALCOORDINATES, VENDORADDRESS_CITY, VENDORADDRESS_STREET, VENDORADDRESS_UNIT, VENDORADDRESS_LATITUDE, FIRSTNAME, DELIVERYOPTION, EXTERNALID, PAYMENTTERM_ID, VENDORADDRESS_STATE, IMPORTID, RESTRICTEDMOBILECREATION, CREATEDON, ID, PHONE, VENDORADDRESS_ISMILITARY, VENDORADDRESS_LONGITUDE]
Column names for DataMart Table --> STR_VENDOR :: [CREATEDON, EXTERNALID, ID, LASTNAME, PAYMENTTERM_ID, NAME, VENDORADDRESS_LATITUDE, ACTIVE, MASTER_ID, TENANT_TYPE, PHONE, FIRSTNAME, MODIFIEDON, VENDORADDRESS_ISMANUALCOORDINATES, VENDORADDRESS_STREET, CREATEDBY_ID, RECORD_CREATE_DATE, REMITTANCEVENDOR_ID, VENDORADDRESS_COUNTRY, ISTRUCKREPLENISHMENT, RECORD_UPDATE_DATE, VENDORADDRESS_CITY, MEMO, TAXRATE, VENDORADDRESS_STATE, RESTRICTEDMOBILECREATION, ADDRESS, EMAIL, IMPORTID, ACTIVE_FLAG, DELIVERYOPTION, FAX, VENDORADDRESS_LONGITUDE, VENDORADDRESS_ZIP, VENDORQUICKBOOKSITEM, VENDORADDRESS_ISMILITARY, VENDORADDRESS_UNIT]
Column names for Curated Table --> DIM_VENDOR :: [DELIVERYOPTION, EXTERNALID, VENDORADDRESS_LATITUDE, VENDORADDRESS_ISMILITARY, VENDORADDRESS_STREET, EMAIL, ID, MEMO, PHONE, TAXRATE, VENDORADDRESS_ZIP, VENDORADDRESS_CITY, ACTIVE, ADDRESS, FAX, ISTRUCKREPLENISHMENT, VENDORADDRESS_STATE, REMITTANCEVENDOR_ID, FIRSTNAME, NAME, VENDORADDRESS_COUNTRY, LASTNAME, RECORD_UPDATE_DATE, VENDORADDRESS_UNIT, MODIFIEDON, CREATEDBY_ID, RECORD_CREATE_DATE, TENANT_TYPE, VENDORADDRESS_LONGITUDE, CREATEDON, IMPORTID, VENDORADDRESS_ISMANUALCOORDINATES, RESTRICTEDMOBILECREATION, PAYMENTTERM_ID, RECORD_UPDATED_BY, VENDORQUICKBOOKSITEM]
Column Name found in Datamart and Curated Table :: ACTIVE
Column Name found in Datamart and Curated Table :: ISTRUCKREPLENISHMENT
Column Name found in Datamart and Curated Table :: VENDORQUICKBOOKSITEM
Column Name found in Datamart and Curated Table :: MODIFIEDON
Column Name found in Datamart and Curated Table :: ADDRESS
Column Name found in Datamart and Curated Table :: EMAIL
Column Name found in Datamart and Curated Table :: FAX
Column Name found in Datamart and Curated Table :: MEMO
Column Name found in Datamart and Curated Table :: NAME
Column Name found in Datamart and Curated Table :: REMITTANCEVENDOR_ID
Column Name found in Datamart and Curated Table :: TAXRATE
Column Name found in Datamart and Curated Table :: VENDORADDRESS_COUNTRY
Column Name found in Datamart and Curated Table :: VENDORADDRESS_ZIP
Column Name found in Datamart and Curated Table :: CREATEDBY_ID
Column Name found in Datamart and Curated Table :: LASTNAME
Column Name found in Datamart and Curated Table :: VENDORADDRESS_ISMANUALCOORDINATES
Column Name found in Datamart and Curated Table :: VENDORADDRESS_CITY
Column Name found in Datamart and Curated Table :: VENDORADDRESS_STREET
Column Name found in Datamart and Curated Table :: VENDORADDRESS_UNIT
Column Name found in Datamart and Curated Table :: VENDORADDRESS_LATITUDE
Column Name found in Datamart and Curated Table :: FIRSTNAME
Column Name found in Datamart and Curated Table :: DELIVERYOPTION
Column Name found in Datamart and Curated Table :: EXTERNALID
Column Name found in Datamart and Curated Table :: PAYMENTTERM_ID
Column Name found in Datamart and Curated Table :: VENDORADDRESS_STATE
Column Name found in Datamart and Curated Table :: IMPORTID
Column Name found in Datamart and Curated Table :: RESTRICTEDMOBILECREATION
Column Name found in Datamart and Curated Table :: CREATEDON
Column Name found in Datamart and Curated Table :: ID
Column Name found in Datamart and Curated Table :: PHONE
Column Name found in Datamart and Curated Table :: VENDORADDRESS_ISMILITARY
Column Name found in Datamart and Curated Table :: VENDORADDRESS_LONGITUDE
Datamart tables contains additional column name like [ACTIVE_FLAG, RECORD_CREATE_DATE, RECORD_UPDATE_DATE, RECORD_UPDATE_DATE, MASTER_ID, TENANT_TYPE]
Curated tables contains additional column name like [RECORD_CREATE_DATE, RECORD_UPDATE_DATE, RECORD_UPDATED_BY, TENANT_TYPE]]]>
  </system-out>
  <testcase classname="testcases.RAW_DATAMART_CURATED.SnowFlake_ColumnValidation_BKPTables" name="validateColumnName_BKP" time="2.399"/>
  <system-out>
    <![CDATA[Executing Snowflake query :: SELECT COLUMN_NAME FROM DEV_ENT_RAW.INFORMATION_SCHEMA.COLUMNS WHERE TABLE_NAME='TECHNICIANSHIFT'and TABLE_SCHEMA='ST_FOURPROS_MATILLION'
Executing Snowflake query :: SELECT COLUMN_NAME FROM CURATED_DATAMART.INFORMATION_SCHEMA.COLUMNS WHERE TABLE_NAME='STR_TECHNICIANSHIFT'and TABLE_SCHEMA='ST_BKP_FOURPROS'
Executing Snowflake query :: SELECT COLUMN_NAME FROM DEV_ENT_CURATED.INFORMATION_SCHEMA.COLUMNS WHERE TABLE_NAME='DIM_TECHNICIANSHIFT'and TABLE_SCHEMA='MASTER_DIMENSIONS'
Column names for RAW Table --> TECHNICIANSHIFT :: []
Column names for DataMart Table --> STR_TECHNICIANSHIFT :: [MASTER_ID, SHIFTTYPE, ENDTIME, ACTIVE_FLAG, CREATEDON, ID, STARTTIME, TIMESHEET_ID, TITLE, RECORD_CREATE_DATE, STARTDATE, ACTIVE, END, NOTE, CREATEDBY_ID, TECHNICIAN_ID, BATCH, IMPORTID, ENDDATE, RECORD_UPDATE_DATE, START, TENANT_TYPE, TIMESHEETCODE_ID]
Column names for Curated Table --> DIM_TECHNICIANSHIFT :: [CREATEDON, TENANT_TYPE, TITLE, ACTIVE, NOTE, RECORD_CREATE_DATE, END, ID, RECORD_UPDATED_BY, TIMESHEETCODE_ID, IMPORTID, RECORD_UPDATE_DATE, STARTTIME, TECHNICIAN_ID, TIMESHEET_ID, CREATEDBY_ID, ENDDATE, START, SHIFTTYPE, BATCH, ENDTIME, STARTDATE]
Datamart tables contains additional column name like [ACTIVE_FLAG, RECORD_CREATE_DATE, RECORD_UPDATE_DATE, RECORD_UPDATE_DATE, MASTER_ID, TENANT_TYPE]
Curated tables contains additional column name like [RECORD_CREATE_DATE, RECORD_UPDATE_DATE, RECORD_UPDATED_BY, TENANT_TYPE]]]>
  </system-out>
  <testcase classname="testcases.RAW_DATAMART_CURATED.SnowFlake_ColumnValidation_BKPTables" name="validateColumnName_BKP" time="2.130"/>
  <system-out>
    <![CDATA[Executing Snowflake query :: SELECT COLUMN_NAME FROM DEV_ENT_RAW.INFORMATION_SCHEMA.COLUMNS WHERE TABLE_NAME='INVOICEITEM'and TABLE_SCHEMA='ST_CASTEEL_MATILLION'
Executing Snowflake query :: SELECT COLUMN_NAME FROM CURATED_DATAMART.INFORMATION_SCHEMA.COLUMNS WHERE TABLE_NAME='STR_INVOICEITEM'and TABLE_SCHEMA='ST_BKP_CASTEEL'
Executing Snowflake query :: SELECT COLUMN_NAME FROM DEV_ENT_CURATED.INFORMATION_SCHEMA.COLUMNS WHERE TABLE_NAME='DIM_INVOICEITEM'and TABLE_SCHEMA='MASTER_DIMENSIONS'
Column names for RAW Table --> INVOICEITEM :: [BASERATE1, CHARGEABLE, PROCUREMENTSOURCE_REQUISITIONITEMID, STANDARDPRICE, TAXABLE, TECHNICIANSPLIT2, SOLDHOURS, WORKFLOWACTION_ID, MEMBERSHIPWORKFLOWACTION, UNITPRICE, HOURS, INVENTORYBATCH_ID, INVENTORYWAREHOUSENAME, ITEMGROUPNAME, LASTUNITPRICESETBYEMPLOYEE, PROJECTLABELS, ID, PROCUREDFROM_ID, SOLDBYCOMMISSION, TECHNICIANSPLIT3, BASERATE3, CREATEDON, GENERALLEDGERACCOUNT_ID, PAYSSOLDBYRATE, PROCUREDFROMESTIMATEITEM_ID, QUANTITY, PAYSFLATAMOUNT, SOURCETYPE, TECHNICIAN_ID, TECHNICIANFORBASERATE2_ID, COMMISSIONBONUS, CREATEDBY_ID, MARKUP, PRICEMODIFIER_ID, SKUNAME, COSTOFSALEACCOUNT_ID, ESTIMATEITEM_ID, ITEMGROUPROOT_ID, SKU_ID, SKUREFERENCE_SKUID, TECHNICIANACKNOWLEDGEMENTSIGNATURE, TECHNICIANSPLIT1, PAYSCOMMISSION, ACTIVE, ADDONFLATAMOUNT, ALLOWDISCOUNTS, BONUS, CROSSSALEGROUP, DEDUCTASJOBCOST, INVENTORYLOCATION_ID, SCHEDULEDFLATAMOUNT, INVENTORYSTATUS, PROCUREMENTSOURCE_ESTIMATEITEMID, PROCUREMENTSOURCE_SOURCETYPE, TOTAL, NOTAX, ACCOUNT, BUSINESSUNIT_ID, EQUIPMENT_ID, MEMBERPRICE, PROJECTORDER, AUTOGLASSITEM_ID, INVOICE_ID, ISADDON, ISOTTASK, ORDER, SIGNATURE, SKUREFERENCE_SKUTYPE, COST, DESCRIPTION, EXPORTID, ISUNITPRICEMANUALLYSET, PAYTECHSPECIFICBONUS, PARENTITEM_ID, PROCUREMENTSOURCE_PURCHASEORDERITEMID, SOLDBY_ID, USEDMATERIAL_ID, BASERATE2, DATECREATED, DISPLAYINAMOUNT, IMPORTID, ISINVENTORY, MODIFIEDON, TOTALCOST, TECHNICIANFORBASERATE1_ID, TECHNICIANFORBASERATE3_ID]
Column names for DataMart Table --> STR_INVOICEITEM :: [BONUS, ESTIMATEITEM_ID, PARENTITEM_ID, SIGNATURE, TENANT_TYPE, BASERATE1, ISADDON, ITEMGROUPROOT_ID, LASTUNITPRICESETBYEMPLOYEE, PROJECTORDER, WORKFLOWACTION_ID, ADDONFLATAMOUNT, ALLOWDISCOUNTS, AUTOGLASSITEM_ID, CREATEDBY_ID, EXPORTID, HOURS, ISUNITPRICEMANUALLYSET, UNITPRICE, INVENTORYBATCH_ID, PAYTECHSPECIFICBONUS, SCHEDULEDFLATAMOUNT, SKUREFERENCE_SKUTYPE, TECHNICIANSPLIT1, ACTIVE_FLAG, INVENTORYSTATUS, PROCUREDFROMESTIMATEITEM_ID, PROCUREDFROM_ID, RECORD_CREATE_DATE, TECHNICIANSPLIT3, PAYSCOMMISSION, QUANTITY, SOLDBY_ID, TECHNICIANACKNOWLEDGEMENTSIGNATURE, COST, BUSINESSUNIT_ID, COSTOFSALEACCOUNT_ID, CROSSSALEGROUP, NOTAX, PAYSFLATAMOUNT, PROJECTLABELS, ORDER, PROCUREMENTSOURCE_REQUISITIONITEMID, PROCUREMENTSOURCE_SOURCETYPE, TOTAL, TOTALCOST, ACTIVE, BASERATE2, CHARGEABLE, SKUNAME, PRICEMODIFIER_ID, SOURCETYPE, STANDARDPRICE, DEDUCTASJOBCOST, DESCRIPTION, EQUIPMENT_ID, GENERALLEDGERACCOUNT_ID, INVOICE_ID, MEMBERPRICE, ISOTTASK, MARKUP, MODIFIEDON, TECHNICIANFORBASERATE1_ID, USEDMATERIAL_ID, ITEMGROUPNAME, BASERATE3, COMMISSIONBONUS, INVENTORYWAREHOUSENAME, ISINVENTORY, PAYSSOLDBYRATE, SKU_ID, TECHNICIANFORBASERATE2_ID, PROCUREMENTSOURCE_ESTIMATEITEMID, PROCUREMENTSOURCE_PURCHASEORDERITEMID, TECHNICIANSPLIT2, ACCOUNT, CREATEDON, DATECREATED, DISPLAYINAMOUNT, ID, INVENTORYLOCATION_ID, MASTER_ID, RECORD_UPDATE_DATE, SKUREFERENCE_SKUID, SOLDBYCOMMISSION, IMPORTID, MEMBERSHIPWORKFLOWACTION, TECHNICIANFORBASERATE3_ID, SOLDHOURS, TAXABLE, TECHNICIAN_ID]
Column names for Curated Table --> DIM_INVOICEITEM :: [BASERATE2, COST, CROSSSALEGROUP, ISOTTASK, MEMBERPRICE, ORDER, QUANTITY, TOTALCOST, ISUNITPRICEMANUALLYSET, PARENTITEM_ID, PAYSSOLDBYRATE, PAYSCOMMISSION, GENERALLEDGERACCOUNT_ID, BASERATE1, INVENTORYBATCH_ID, INVOICE_ID, SKUREFERENCE_SKUID, BASERATE3, EXPORTID, ISINVENTORY, SKU_ID, INVENTORYSTATUS, SOLDHOURS, TECHNICIAN_ID, TECHNICIANFORBASERATE2_ID, ACCOUNT, ALLOWDISCOUNTS, COMMISSIONBONUS, CREATEDON, IMPORTID, ISADDON, PROCUREMENTSOURCE_SOURCETYPE, NOTAX, PROJECTLABELS, SOLDBY_ID, TECHNICIANFORBASERATE1_ID, TECHNICIANSPLIT1, PAYSFLATAMOUNT, UNITPRICE, BONUS, COSTOFSALEACCOUNT_ID, CREATEDBY_ID, DISPLAYINAMOUNT, PAYTECHSPECIFICBONUS, PRICEMODIFIER_ID, TECHNICIANACKNOWLEDGEMENTSIGNATURE, TECHNICIANSPLIT3, PROCUREMENTSOURCE_PURCHASEORDERITEMID, PROCUREMENTSOURCE_REQUISITIONITEMID, PROJECTORDER, DATECREATED, TECHNICIANFORBASERATE3_ID, ACTIVE, ADDONFLATAMOUNT, BUSINESSUNIT_ID, CHARGEABLE, EQUIPMENT_ID, INVENTORYLOCATION_ID, INVENTORYWAREHOUSENAME, ITEMGROUPNAME, ITEMGROUPROOT_ID, RECORD_UPDATE_DATE, MODIFIEDON, PROCUREDFROM_ID, SCHEDULEDFLATAMOUNT, PROCUREMENTSOURCE_ESTIMATEITEMID, TAXABLE, PROCUREDFROMESTIMATEITEM_ID, AUTOGLASSITEM_ID, HOURS, LASTUNITPRICESETBYEMPLOYEE, MARKUP, USEDMATERIAL_ID, MEMBERSHIPWORKFLOWACTION, SKUREFERENCE_SKUTYPE, SOLDBYCOMMISSION, SOURCETYPE, RECORD_UPDATED_BY, WORKFLOWACTION_ID, DEDUCTASJOBCOST, DESCRIPTION, ESTIMATEITEM_ID, STANDARDPRICE, TECHNICIANSPLIT2, TOTAL, ID, RECORD_CREATE_DATE, SIGNATURE, SKUNAME, TENANT_TYPE]
Column Name found in Datamart and Curated Table :: BASERATE1
Column Name found in Datamart and Curated Table :: CHARGEABLE
Column Name found in Datamart and Curated Table :: PROCUREMENTSOURCE_REQUISITIONITEMID
Column Name found in Datamart and Curated Table :: STANDARDPRICE
Column Name found in Datamart and Curated Table :: TAXABLE
Column Name found in Datamart and Curated Table :: TECHNICIANSPLIT2
Column Name found in Datamart and Curated Table :: SOLDHOURS
Column Name found in Datamart and Curated Table :: WORKFLOWACTION_ID
Column Name found in Datamart and Curated Table :: MEMBERSHIPWORKFLOWACTION
Column Name found in Datamart and Curated Table :: UNITPRICE
Column Name found in Datamart and Curated Table :: HOURS
Column Name found in Datamart and Curated Table :: INVENTORYBATCH_ID
Column Name found in Datamart and Curated Table :: INVENTORYWAREHOUSENAME
Column Name found in Datamart and Curated Table :: ITEMGROUPNAME
Column Name found in Datamart and Curated Table :: LASTUNITPRICESETBYEMPLOYEE
Column Name found in Datamart and Curated Table :: PROJECTLABELS
Column Name found in Datamart and Curated Table :: ID
Column Name found in Datamart and Curated Table :: PROCUREDFROM_ID
Column Name found in Datamart and Curated Table :: SOLDBYCOMMISSION
Column Name found in Datamart and Curated Table :: TECHNICIANSPLIT3
Column Name found in Datamart and Curated Table :: BASERATE3
Column Name found in Datamart and Curated Table :: CREATEDON
Column Name found in Datamart and Curated Table :: GENERALLEDGERACCOUNT_ID
Column Name found in Datamart and Curated Table :: PAYSSOLDBYRATE
Column Name found in Datamart and Curated Table :: PROCUREDFROMESTIMATEITEM_ID
Column Name found in Datamart and Curated Table :: QUANTITY
Column Name found in Datamart and Curated Table :: PAYSFLATAMOUNT
Column Name found in Datamart and Curated Table :: SOURCETYPE
Column Name found in Datamart and Curated Table :: TECHNICIAN_ID
Column Name found in Datamart and Curated Table :: TECHNICIANFORBASERATE2_ID
Column Name found in Datamart and Curated Table :: COMMISSIONBONUS
Column Name found in Datamart and Curated Table :: CREATEDBY_ID
Column Name found in Datamart and Curated Table :: MARKUP
Column Name found in Datamart and Curated Table :: PRICEMODIFIER_ID
Column Name found in Datamart and Curated Table :: SKUNAME
Column Name found in Datamart and Curated Table :: COSTOFSALEACCOUNT_ID
Column Name found in Datamart and Curated Table :: ESTIMATEITEM_ID
Column Name found in Datamart and Curated Table :: ITEMGROUPROOT_ID
Column Name found in Datamart and Curated Table :: SKU_ID
Column Name found in Datamart and Curated Table :: SKUREFERENCE_SKUID
Column Name found in Datamart and Curated Table :: TECHNICIANACKNOWLEDGEMENTSIGNATURE
Column Name found in Datamart and Curated Table :: TECHNICIANSPLIT1
Column Name found in Datamart and Curated Table :: PAYSCOMMISSION
Column Name found in Datamart and Curated Table :: ACTIVE
Column Name found in Datamart and Curated Table :: ADDONFLATAMOUNT
Column Name found in Datamart and Curated Table :: ALLOWDISCOUNTS
Column Name found in Datamart and Curated Table :: BONUS
Column Name found in Datamart and Curated Table :: CROSSSALEGROUP
Column Name found in Datamart and Curated Table :: DEDUCTASJOBCOST
Column Name found in Datamart and Curated Table :: INVENTORYLOCATION_ID
Column Name found in Datamart and Curated Table :: SCHEDULEDFLATAMOUNT
Column Name found in Datamart and Curated Table :: INVENTORYSTATUS
Column Name found in Datamart and Curated Table :: PROCUREMENTSOURCE_ESTIMATEITEMID
Column Name found in Datamart and Curated Table :: PROCUREMENTSOURCE_SOURCETYPE
Column Name found in Datamart and Curated Table :: TOTAL
Column Name found in Datamart and Curated Table :: NOTAX
Column Name found in Datamart and Curated Table :: ACCOUNT
Column Name found in Datamart and Curated Table :: BUSINESSUNIT_ID
Column Name found in Datamart and Curated Table :: EQUIPMENT_ID
Column Name found in Datamart and Curated Table :: MEMBERPRICE
Column Name found in Datamart and Curated Table :: PROJECTORDER
Column Name found in Datamart and Curated Table :: AUTOGLASSITEM_ID
Column Name found in Datamart and Curated Table :: INVOICE_ID
Column Name found in Datamart and Curated Table :: ISADDON
Column Name found in Datamart and Curated Table :: ISOTTASK
Column Name found in Datamart and Curated Table :: ORDER
Column Name found in Datamart and Curated Table :: SIGNATURE
Column Name found in Datamart and Curated Table :: SKUREFERENCE_SKUTYPE
Column Name found in Datamart and Curated Table :: COST
Column Name found in Datamart and Curated Table :: DESCRIPTION
Column Name found in Datamart and Curated Table :: EXPORTID
Column Name found in Datamart and Curated Table :: ISUNITPRICEMANUALLYSET
Column Name found in Datamart and Curated Table :: PAYTECHSPECIFICBONUS
Column Name found in Datamart and Curated Table :: PARENTITEM_ID
Column Name found in Datamart and Curated Table :: PROCUREMENTSOURCE_PURCHASEORDERITEMID
Column Name found in Datamart and Curated Table :: SOLDBY_ID
Column Name found in Datamart and Curated Table :: USEDMATERIAL_ID
Column Name found in Datamart and Curated Table :: BASERATE2
Column Name found in Datamart and Curated Table :: DATECREATED
Column Name found in Datamart and Curated Table :: DISPLAYINAMOUNT
Column Name found in Datamart and Curated Table :: IMPORTID
Column Name found in Datamart and Curated Table :: ISINVENTORY
Column Name found in Datamart and Curated Table :: MODIFIEDON
Column Name found in Datamart and Curated Table :: TOTALCOST
Column Name found in Datamart and Curated Table :: TECHNICIANFORBASERATE1_ID
Column Name found in Datamart and Curated Table :: TECHNICIANFORBASERATE3_ID
Datamart tables contains additional column name like [ACTIVE_FLAG, RECORD_CREATE_DATE, RECORD_UPDATE_DATE, RECORD_UPDATE_DATE, MASTER_ID, TENANT_TYPE]
Curated tables contains additional column name like [RECORD_CREATE_DATE, RECORD_UPDATE_DATE, RECORD_UPDATED_BY, TENANT_TYPE]]]>
  </system-out>
  <testcase classname="testcases.RAW_DATAMART_CURATED.SnowFlake_ColumnValidation_BKPTables" name="validateColumnName_BKP" time="2.557"/>
  <system-out>
    <![CDATA[Executing Snowflake query :: SELECT COLUMN_NAME FROM DEV_ENT_RAW.INFORMATION_SCHEMA.COLUMNS WHERE TABLE_NAME='ESTIMATE'and TABLE_SCHEMA='ST_EANESHEATING_MATILLION'
Executing Snowflake query :: SELECT COLUMN_NAME FROM CURATED_DATAMART.INFORMATION_SCHEMA.COLUMNS WHERE TABLE_NAME='STR_ESTIMATE'and TABLE_SCHEMA='ST_BKP_EANESHEATING'
Executing Snowflake query :: SELECT COLUMN_NAME FROM DEV_ENT_CURATED.INFORMATION_SCHEMA.COLUMNS WHERE TABLE_NAME='DIM_ESTIMATE'and TABLE_SCHEMA='MASTER_DIMENSIONS'
Column names for RAW Table --> ESTIMATE :: [DISCOUNTTOTAL, SOLDON, TAX, MATERIALSKU_ID, ISCHANGEORDER, ISRECOMMENDED, MATERIALSKUREFERENCE_SKUID, RENEWABLEMEMBERSHIP_ID, TECHNICIANPICKEDSOLDTYPE, MATERIALTAX, PROCUREMENTTYPE, TECHNICIANSIGNATURE, MODIFIEDON, PROPOSALTAGCOLOR, STATUS, BUSINESSUNIT_ID, CREATEDBY_ID, MATERIALSKUREFERENCE_SKUTYPE, PROJECTLABELS, PROPOSALTAGNAME, TOTALCOST, ACTIVE, AUTHORIZEDON, FEETOTAL, JOB_ID, SOLDBYEMPLOYEE_ID, SOLDTYPE, NAME, PROJECTOPPORTUNITY_ID, SOLDBY_ID, SUMMARY, ORDER, CLAIM_ID, ID, LABORTAX, IMPORTID, SOLDINVOICE_ID, AUTHORIZATIONSIGNATURE, CREATEDON, LOCATION_ID, TOTAL, OPPORTUNITY_ID]
Column names for DataMart Table --> STR_ESTIMATE :: [AUTHORIZEDON, IMPORTID, OPPORTUNITY_ID, CREATEDBY_ID, AUTHORIZATIONSIGNATURE, CLAIM_ID, MATERIALSKU_ID, PROJECTOPPORTUNITY_ID, TOTALCOST, NAME, BUSINESSUNIT_ID, CREATEDON, DISCOUNTTOTAL, ISCHANGEORDER, MATERIALTAX, STATUS, SOLDTYPE, PROJECTLABELS, RECORD_CREATE_DATE, FEETOTAL, MATERIALSKUREFERENCE_SKUID, RECORD_UPDATE_DATE, RENEWABLEMEMBERSHIP_ID, LABORTAX, MASTER_ID, MODIFIEDON, SOLDBYEMPLOYEE_ID, TAX, ID, ACTIVE, ACTIVE_FLAG, ORDER, PROPOSALTAGNAME, TOTAL, SOLDBY_ID, SUMMARY, ISRECOMMENDED, JOB_ID, MATERIALSKUREFERENCE_SKUTYPE, PROCUREMENTTYPE, SOLDINVOICE_ID, SOLDON, TECHNICIANPICKEDSOLDTYPE, TENANT_TYPE, PROPOSALTAGCOLOR, TECHNICIANSIGNATURE, LOCATION_ID]
Column names for Curated Table --> DIM_ESTIMATE :: [CREATEDON, DISCOUNTTOTAL, LOCATION_ID, OPPORTUNITY_ID, PROPOSALTAGCOLOR, PROPOSALTAGNAME, SOLDINVOICE_ID, TENANT_TYPE, RECORD_UPDATED_BY, TOTALCOST, ISCHANGEORDER, NAME, BUSINESSUNIT_ID, FEETOTAL, MATERIALSKUREFERENCE_SKUTYPE, ISRECOMMENDED, ORDER, STATUS, TOTAL, SOLDTYPE, AUTHORIZEDON, CREATEDBY_ID, LABORTAX, PROCUREMENTTYPE, SOLDBYEMPLOYEE_ID, SOLDBY_ID, IMPORTID, MATERIALSKU_ID, TAX, TECHNICIANPICKEDSOLDTYPE, RENEWABLEMEMBERSHIP_ID, TECHNICIANSIGNATURE, MODIFIEDON, CLAIM_ID, ID, MATERIALSKUREFERENCE_SKUID, SOLDON, PROJECTLABELS, JOB_ID, ACTIVE, AUTHORIZATIONSIGNATURE, MATERIALTAX, PROJECTOPPORTUNITY_ID, RECORD_CREATE_DATE, SUMMARY, RECORD_UPDATE_DATE]
Column Name found in Datamart and Curated Table :: DISCOUNTTOTAL
Column Name found in Datamart and Curated Table :: SOLDON
Column Name found in Datamart and Curated Table :: TAX
Column Name found in Datamart and Curated Table :: MATERIALSKU_ID
Column Name found in Datamart and Curated Table :: ISCHANGEORDER
Column Name found in Datamart and Curated Table :: ISRECOMMENDED
Column Name found in Datamart and Curated Table :: MATERIALSKUREFERENCE_SKUID
Column Name found in Datamart and Curated Table :: RENEWABLEMEMBERSHIP_ID
Column Name found in Datamart and Curated Table :: TECHNICIANPICKEDSOLDTYPE
Column Name found in Datamart and Curated Table :: MATERIALTAX
Column Name found in Datamart and Curated Table :: PROCUREMENTTYPE
Column Name found in Datamart and Curated Table :: TECHNICIANSIGNATURE
Column Name found in Datamart and Curated Table :: MODIFIEDON
Column Name found in Datamart and Curated Table :: PROPOSALTAGCOLOR
Column Name found in Datamart and Curated Table :: STATUS
Column Name found in Datamart and Curated Table :: BUSINESSUNIT_ID
Column Name found in Datamart and Curated Table :: CREATEDBY_ID
Column Name found in Datamart and Curated Table :: MATERIALSKUREFERENCE_SKUTYPE
Column Name found in Datamart and Curated Table :: PROJECTLABELS
Column Name found in Datamart and Curated Table :: PROPOSALTAGNAME
Column Name found in Datamart and Curated Table :: TOTALCOST
Column Name found in Datamart and Curated Table :: ACTIVE
Column Name found in Datamart and Curated Table :: AUTHORIZEDON
Column Name found in Datamart and Curated Table :: FEETOTAL
Column Name found in Datamart and Curated Table :: JOB_ID
Column Name found in Datamart and Curated Table :: SOLDBYEMPLOYEE_ID
Column Name found in Datamart and Curated Table :: SOLDTYPE
Column Name found in Datamart and Curated Table :: NAME
Column Name found in Datamart and Curated Table :: PROJECTOPPORTUNITY_ID
Column Name found in Datamart and Curated Table :: SOLDBY_ID
Column Name found in Datamart and Curated Table :: SUMMARY
Column Name found in Datamart and Curated Table :: ORDER
Column Name found in Datamart and Curated Table :: CLAIM_ID
Column Name found in Datamart and Curated Table :: ID
Column Name found in Datamart and Curated Table :: LABORTAX
Column Name found in Datamart and Curated Table :: IMPORTID
Column Name found in Datamart and Curated Table :: SOLDINVOICE_ID
Column Name found in Datamart and Curated Table :: AUTHORIZATIONSIGNATURE
Column Name found in Datamart and Curated Table :: CREATEDON
Column Name found in Datamart and Curated Table :: LOCATION_ID
Column Name found in Datamart and Curated Table :: TOTAL
Column Name found in Datamart and Curated Table :: OPPORTUNITY_ID
Datamart tables contains additional column name like [ACTIVE_FLAG, RECORD_CREATE_DATE, RECORD_UPDATE_DATE, RECORD_UPDATE_DATE, MASTER_ID, TENANT_TYPE]
Curated tables contains additional column name like [RECORD_CREATE_DATE, RECORD_UPDATE_DATE, RECORD_UPDATED_BY, TENANT_TYPE]]]>
  </system-out>
  <testcase classname="testcases.RAW_DATAMART_CURATED.SnowFlake_ColumnValidation_BKPTables" name="validateColumnName_BKP" time="2.213"/>
  <system-out>
    <![CDATA[Executing Snowflake query :: SELECT COLUMN_NAME FROM DEV_ENT_RAW.INFORMATION_SCHEMA.COLUMNS WHERE TABLE_NAME='TIMESHEETCODE'and TABLE_SCHEMA='ST_HARP_MATILLION'
Executing Snowflake query :: SELECT COLUMN_NAME FROM CURATED_DATAMART.INFORMATION_SCHEMA.COLUMNS WHERE TABLE_NAME='STR_TIMESHEETCODE'and TABLE_SCHEMA='ST_BKP_HARP'
Executing Snowflake query :: SELECT COLUMN_NAME FROM DEV_ENT_CURATED.INFORMATION_SCHEMA.COLUMNS WHERE TABLE_NAME='DIM_TIMESHEETCODE'and TABLE_SCHEMA='MASTER_DIMENSIONS'
Column names for RAW Table --> TIMESHEETCODE :: [ADDRESS_CITY, DEDUCTCOMMUTETIME, OTPAYCODE, RATEMULTIPLIER, STPAYCODE, STANDARDPAYROLLCONTROLCODE_ID, ADDRESS_LATITUDE, ADDRESS_UNIT, ADDRESS_ZIP, CREATEDON, ID, ADDRESS_ISMANUALCOORDINATES, ACTIVE, ADDRESS_COUNTRY, APPLICABLEEMPLOYEETYPE, STANDARDPAYCODE_ID, CREATEDBY_ID, ADDRESS_STATE, EXCLUDEABSENTEVENT, GEOFENCECLOCKINMODE, DOUBLEOVERTIMEPAYCODE_ID, ISAUTOCLOCKINENABLED, SENDALERTSONMOBILE, ADDRESS_ISMILITARY, CODE, ENABLESIMPLECLOCKINOUT, HOURLYRATE, DESCRIPTION, ADDRESS_LONGITUDE, ADDRESS_STREET, BUSINESSUNIT_ID, CUSTOMHOURLYRATE, EVENTNAME, COUNTONJOBCOUNTER, TYPE, VISIBILITY, IMPORTID, OVERTIMEPAYCODE_ID, PAYROLLPOSTINGGROUP_ID, ISDEFAULTSHOPTIME, OVERTIMEPAYROLLCONTROLCODE_ID, ROUTEAROUNDNJA]
Column names for DataMart Table --> STR_TIMESHEETCODE :: [ADDRESS_CITY, BUSINESSUNIT_ID, ISDEFAULTSHOPTIME, CODE, MASTER_ID, DEDUCTCOMMUTETIME, HOURLYRATE, ID, ISAUTOCLOCKINENABLED, RATEMULTIPLIER, ADDRESS_STATE, OTPAYCODE, ACTIVE, ADDRESS_ISMILITARY, IMPORTID, CUSTOMHOURLYRATE, STPAYCODE, ADDRESS_STREET, CREATEDBY_ID, DESCRIPTION, GEOFENCECLOCKINMODE, OVERTIMEPAYCODE_ID, ROUTEAROUNDNJA, STANDARDPAYCODE_ID, ADDRESS_LONGITUDE, EXCLUDEABSENTEVENT, ADDRESS_COUNTRY, OVERTIMEPAYROLLCONTROLCODE_ID, TYPE, VISIBILITY, EVENTNAME, SENDALERTSONMOBILE, STANDARDPAYROLLCONTROLCODE_ID, PAYROLLPOSTINGGROUP_ID, TENANT_TYPE, ADDRESS_ISMANUALCOORDINATES, ADDRESS_UNIT, RECORD_CREATE_DATE, ACTIVE_FLAG, ADDRESS_LATITUDE, ADDRESS_ZIP, APPLICABLEEMPLOYEETYPE, CREATEDON, DOUBLEOVERTIMEPAYCODE_ID, ENABLESIMPLECLOCKINOUT, RECORD_UPDATE_DATE, COUNTONJOBCOUNTER]
Column names for Curated Table --> DIM_TIMESHEETCODE :: [ADDRESS_STREET, ADDRESS_ZIP, CUSTOMHOURLYRATE, DOUBLEOVERTIMEPAYCODE_ID, ENABLESIMPLECLOCKINOUT, DESCRIPTION, ADDRESS_ISMANUALCOORDINATES, ADDRESS_LONGITUDE, IMPORTID, CREATEDON, DEDUCTCOMMUTETIME, ID, ADDRESS_LATITUDE, CREATEDBY_ID, GEOFENCECLOCKINMODE, ROUTEAROUNDNJA, HOURLYRATE, RECORD_UPDATED_BY, RECORD_UPDATE_DATE, ADDRESS_UNIT, CODE, STANDARDPAYCODE_ID, OTPAYCODE, STPAYCODE, APPLICABLEEMPLOYEETYPE, OVERTIMEPAYCODE_ID, RATEMULTIPLIER, STANDARDPAYROLLCONTROLCODE_ID, EXCLUDEABSENTEVENT, PAYROLLPOSTINGGROUP_ID, TYPE, VISIBILITY, OVERTIMEPAYROLLCONTROLCODE_ID, ADDRESS_ISMILITARY, ADDRESS_STATE, ISDEFAULTSHOPTIME, ACTIVE, ADDRESS_CITY, BUSINESSUNIT_ID, COUNTONJOBCOUNTER, EVENTNAME, SENDALERTSONMOBILE, ADDRESS_COUNTRY, ISAUTOCLOCKINENABLED, TENANT_TYPE, RECORD_CREATE_DATE]
Column Name found in Datamart and Curated Table :: ADDRESS_CITY
Column Name found in Datamart and Curated Table :: DEDUCTCOMMUTETIME
Column Name found in Datamart and Curated Table :: OTPAYCODE
Column Name found in Datamart and Curated Table :: RATEMULTIPLIER
Column Name found in Datamart and Curated Table :: STPAYCODE
Column Name found in Datamart and Curated Table :: STANDARDPAYROLLCONTROLCODE_ID
Column Name found in Datamart and Curated Table :: ADDRESS_LATITUDE
Column Name found in Datamart and Curated Table :: ADDRESS_UNIT
Column Name found in Datamart and Curated Table :: ADDRESS_ZIP
Column Name found in Datamart and Curated Table :: CREATEDON
Column Name found in Datamart and Curated Table :: ID
Column Name found in Datamart and Curated Table :: ADDRESS_ISMANUALCOORDINATES
Column Name found in Datamart and Curated Table :: ACTIVE
Column Name found in Datamart and Curated Table :: ADDRESS_COUNTRY
Column Name found in Datamart and Curated Table :: APPLICABLEEMPLOYEETYPE
Column Name found in Datamart and Curated Table :: STANDARDPAYCODE_ID
Column Name found in Datamart and Curated Table :: CREATEDBY_ID
Column Name found in Datamart and Curated Table :: ADDRESS_STATE
Column Name found in Datamart and Curated Table :: EXCLUDEABSENTEVENT
Column Name found in Datamart and Curated Table :: GEOFENCECLOCKINMODE
Column Name found in Datamart and Curated Table :: DOUBLEOVERTIMEPAYCODE_ID
Column Name found in Datamart and Curated Table :: ISAUTOCLOCKINENABLED
Column Name found in Datamart and Curated Table :: SENDALERTSONMOBILE
Column Name found in Datamart and Curated Table :: ADDRESS_ISMILITARY
Column Name found in Datamart and Curated Table :: CODE
Column Name found in Datamart and Curated Table :: ENABLESIMPLECLOCKINOUT
Column Name found in Datamart and Curated Table :: HOURLYRATE
Column Name found in Datamart and Curated Table :: DESCRIPTION
Column Name found in Datamart and Curated Table :: ADDRESS_LONGITUDE
Column Name found in Datamart and Curated Table :: ADDRESS_STREET
Column Name found in Datamart and Curated Table :: BUSINESSUNIT_ID
Column Name found in Datamart and Curated Table :: CUSTOMHOURLYRATE
Column Name found in Datamart and Curated Table :: EVENTNAME
Column Name found in Datamart and Curated Table :: COUNTONJOBCOUNTER
Column Name found in Datamart and Curated Table :: TYPE
Column Name found in Datamart and Curated Table :: VISIBILITY
Column Name found in Datamart and Curated Table :: IMPORTID
Column Name found in Datamart and Curated Table :: OVERTIMEPAYCODE_ID
Column Name found in Datamart and Curated Table :: PAYROLLPOSTINGGROUP_ID
Column Name found in Datamart and Curated Table :: ISDEFAULTSHOPTIME
Column Name found in Datamart and Curated Table :: OVERTIMEPAYROLLCONTROLCODE_ID
Column Name found in Datamart and Curated Table :: ROUTEAROUNDNJA
Datamart tables contains additional column name like [ACTIVE_FLAG, RECORD_CREATE_DATE, RECORD_UPDATE_DATE, RECORD_UPDATE_DATE, MASTER_ID, TENANT_TYPE]
Curated tables contains additional column name like [RECORD_CREATE_DATE, RECORD_UPDATE_DATE, RECORD_UPDATED_BY, TENANT_TYPE]]]>
  </system-out>
  <testcase classname="testcases.RAW_DATAMART_CURATED.SnowFlake_ColumnValidation_BKPTables" name="validateColumnName_BKP" time="2.366"/>
  <system-out>
    <![CDATA[Executing Snowflake query :: SELECT COLUMN_NAME FROM DEV_ENT_RAW.INFORMATION_SCHEMA.COLUMNS WHERE TABLE_NAME='CONTACT'and TABLE_SCHEMA='ST_HORIZONSERVICES_MATILLION'
Executing Snowflake query :: SELECT COLUMN_NAME FROM CURATED_DATAMART.INFORMATION_SCHEMA.COLUMNS WHERE TABLE_NAME='STR_CONTACT'and TABLE_SCHEMA='ST_BKP_HORIZONSERVICES'
Executing Snowflake query :: SELECT COLUMN_NAME FROM DEV_ENT_CURATED.INFORMATION_SCHEMA.COLUMNS WHERE TABLE_NAME='DIM_CONTACT'and TABLE_SCHEMA='MASTER_DIMENSIONS'
Column names for RAW Table --> CONTACT :: [MESSAGESENABLED, MODIFIEDON, ACTIVE, MARKETINGUPDATESENABLED, VALUE, MEMO, OWNER_ID, CREATEDON, INVOICESTATEMENTNOTIFICATION, CREATEDBY_ID, IMPORTID, TYPE, JOBREMINDERSENABLED, REVERSEPHONE, ID]
Column names for DataMart Table --> STR_CONTACT :: [JOBREMINDERSENABLED, MASTER_ID, MODIFIEDON, TYPE, VALUE, CREATEDBY_ID, CREATEDON, REVERSEPHONE, RECORD_UPDATE_DATE, ID, IMPORTID, INVOICESTATEMENTNOTIFICATION, OWNER_ID, MESSAGESENABLED, TENANT_TYPE, MARKETINGUPDATESENABLED, ACTIVE, ACTIVE_FLAG, RECORD_CREATE_DATE, MEMO]
Column names for Curated Table --> DIM_CONTACT :: [MESSAGESENABLED, MODIFIEDON, CREATEDON, MEMO, OWNER_ID, CREATEDBY_ID, MARKETINGUPDATESENABLED, REVERSEPHONE, ID, IMPORTID, JOBREMINDERSENABLED, INVOICESTATEMENTNOTIFICATION, RECORD_CREATE_DATE, RECORD_UPDATED_BY, TENANT_TYPE, ACTIVE, RECORD_UPDATE_DATE, VALUE, TYPE]
Column Name found in Datamart and Curated Table :: MESSAGESENABLED
Column Name found in Datamart and Curated Table :: MODIFIEDON
Column Name found in Datamart and Curated Table :: ACTIVE
Column Name found in Datamart and Curated Table :: MARKETINGUPDATESENABLED
Column Name found in Datamart and Curated Table :: VALUE
Column Name found in Datamart and Curated Table :: MEMO
Column Name found in Datamart and Curated Table :: OWNER_ID
Column Name found in Datamart and Curated Table :: CREATEDON
Column Name found in Datamart and Curated Table :: INVOICESTATEMENTNOTIFICATION
Column Name found in Datamart and Curated Table :: CREATEDBY_ID
Column Name found in Datamart and Curated Table :: IMPORTID
Column Name found in Datamart and Curated Table :: TYPE
Column Name found in Datamart and Curated Table :: JOBREMINDERSENABLED
Column Name found in Datamart and Curated Table :: REVERSEPHONE
Column Name found in Datamart and Curated Table :: ID
Datamart tables contains additional column name like [ACTIVE_FLAG, RECORD_CREATE_DATE, RECORD_UPDATE_DATE, RECORD_UPDATE_DATE, MASTER_ID, TENANT_TYPE]
Curated tables contains additional column name like [RECORD_CREATE_DATE, RECORD_UPDATE_DATE, RECORD_UPDATED_BY, TENANT_TYPE]]]>
  </system-out>
  <testcase classname="testcases.RAW_DATAMART_CURATED.SnowFlake_ColumnValidation_BKPTables" name="validateColumnName_BKP" time="2.358"/>
  <system-out>
    <![CDATA[Executing Snowflake query :: SELECT COLUMN_NAME FROM DEV_ENT_RAW.INFORMATION_SCHEMA.COLUMNS WHERE TABLE_NAME='PAYMENT'and TABLE_SCHEMA='ST_SNELLHEATINGAIR_MATILLION'
Executing Snowflake query :: SELECT COLUMN_NAME FROM CURATED_DATAMART.INFORMATION_SCHEMA.COLUMNS WHERE TABLE_NAME='STR_PAYMENT'and TABLE_SCHEMA='ST_BKP_SNELLHEATINGAIR'
Executing Snowflake query :: SELECT COLUMN_NAME FROM DEV_ENT_CURATED.INFORMATION_SCHEMA.COLUMNS WHERE TABLE_NAME='DIM_PAYMENT'and TABLE_SCHEMA='MASTER_DIMENSIONS'
Column names for RAW Table --> PAYMENT :: [APPLIEDON, ID, MODIFIEDON, TRANSACTION, BATCH_ID, SETTLEMENTSTATUS, TRANSACTIONSTATUS, ACTIVE, AGREEMENTLANGUAGE, BUSINESSUNIT_ID, ESTIMATE_ID, EXPORTID, IMPORTID, TYPE_ID, STOREDPAYMENT_ID, CHECKNUMBER, MEMO, REFUNDEDAMOUNT, DEFERREDINTEREST, NUMBER, PAIDON, SETTLEMENTDATE, AMOUNT, CREDITAVAILABLE, CUSTOMER_ID, AUTHORIZATIONSIGNATURE, CREATEDON, EXTERNALID, FINANCINGOPERATOR, INVOICE_ID, SOURCE, CREATEDBY_ID, PAYMENTDATE, PROJECT_ID, STATUS, UNAPPLIEDAMOUNT, METHOD]
Column names for DataMart Table --> STR_PAYMENT :: [CREDITAVAILABLE, EXTERNALID, PAIDON, PROJECT_ID, SETTLEMENTDATE, MODIFIEDON, AGREEMENTLANGUAGE, ESTIMATE_ID, METHOD, STATUS, TRANSACTIONSTATUS, TYPE_ID, FINANCINGOPERATOR, CREATEDBY_ID, EXPORTID, SETTLEMENTSTATUS, CHECKNUMBER, CUSTOMER_ID, MASTER_ID, REFUNDEDAMOUNT, CREATEDON, NUMBER, SOURCE, UNAPPLIEDAMOUNT, AUTHORIZATIONSIGNATURE, BATCH_ID, DEFERREDINTEREST, TRANSACTION, IMPORTID, ACTIVE_FLAG, APPLIEDON, BUSINESSUNIT_ID, INVOICE_ID, PAYMENTDATE, ACTIVE, AMOUNT, ID, RECORD_UPDATE_DATE, STOREDPAYMENT_ID, TENANT_TYPE, MEMO, RECORD_CREATE_DATE]
Column names for Curated Table --> DIM_PAYMENT :: [DEFERREDINTEREST, PAIDON, SOURCE, TENANT_TYPE, PAYMENTDATE, TYPE_ID, ACTIVE, INVOICE_ID, ESTIMATE_ID, UNAPPLIEDAMOUNT, STATUS, CREATEDBY_ID, CUSTOMER_ID, EXPORTID, IMPORTID, TRANSACTION, MEMO, RECORD_UPDATE_DATE, TRANSACTIONSTATUS, AMOUNT, AUTHORIZATIONSIGNATURE, CHECKNUMBER, MODIFIEDON, EXTERNALID, PROJECT_ID, APPLIEDON, BATCH_ID, CREATEDON, FINANCINGOPERATOR, ID, RECORD_UPDATED_BY, REFUNDEDAMOUNT, SETTLEMENTSTATUS, BUSINESSUNIT_ID, METHOD, AGREEMENTLANGUAGE, CREDITAVAILABLE, NUMBER, RECORD_CREATE_DATE, SETTLEMENTDATE, STOREDPAYMENT_ID]
Column Name found in Datamart and Curated Table :: APPLIEDON
Column Name found in Datamart and Curated Table :: ID
Column Name found in Datamart and Curated Table :: MODIFIEDON
Column Name found in Datamart and Curated Table :: TRANSACTION
Column Name found in Datamart and Curated Table :: BATCH_ID
Column Name found in Datamart and Curated Table :: SETTLEMENTSTATUS
Column Name found in Datamart and Curated Table :: TRANSACTIONSTATUS
Column Name found in Datamart and Curated Table :: ACTIVE
Column Name found in Datamart and Curated Table :: AGREEMENTLANGUAGE
Column Name found in Datamart and Curated Table :: BUSINESSUNIT_ID
Column Name found in Datamart and Curated Table :: ESTIMATE_ID
Column Name found in Datamart and Curated Table :: EXPORTID
Column Name found in Datamart and Curated Table :: IMPORTID
Column Name found in Datamart and Curated Table :: TYPE_ID
Column Name found in Datamart and Curated Table :: STOREDPAYMENT_ID
Column Name found in Datamart and Curated Table :: CHECKNUMBER
Column Name found in Datamart and Curated Table :: MEMO
Column Name found in Datamart and Curated Table :: REFUNDEDAMOUNT
Column Name found in Datamart and Curated Table :: DEFERREDINTEREST
Column Name found in Datamart and Curated Table :: NUMBER
Column Name found in Datamart and Curated Table :: PAIDON
Column Name found in Datamart and Curated Table :: SETTLEMENTDATE
Column Name found in Datamart and Curated Table :: AMOUNT
Column Name found in Datamart and Curated Table :: CREDITAVAILABLE
Column Name found in Datamart and Curated Table :: CUSTOMER_ID
Column Name found in Datamart and Curated Table :: AUTHORIZATIONSIGNATURE
Column Name found in Datamart and Curated Table :: CREATEDON
Column Name found in Datamart and Curated Table :: EXTERNALID
Column Name found in Datamart and Curated Table :: FINANCINGOPERATOR
Column Name found in Datamart and Curated Table :: INVOICE_ID
Column Name found in Datamart and Curated Table :: SOURCE
Column Name found in Datamart and Curated Table :: CREATEDBY_ID
Column Name found in Datamart and Curated Table :: PAYMENTDATE
Column Name found in Datamart and Curated Table :: PROJECT_ID
Column Name found in Datamart and Curated Table :: STATUS
Column Name found in Datamart and Curated Table :: UNAPPLIEDAMOUNT
Column Name found in Datamart and Curated Table :: METHOD
Datamart tables contains additional column name like [ACTIVE_FLAG, RECORD_CREATE_DATE, RECORD_UPDATE_DATE, RECORD_UPDATE_DATE, MASTER_ID, TENANT_TYPE]
Curated tables contains additional column name like [RECORD_CREATE_DATE, RECORD_UPDATE_DATE, RECORD_UPDATED_BY, TENANT_TYPE]]]>
  </system-out>
  <testcase classname="testcases.RAW_DATAMART_CURATED.SnowFlake_ColumnValidation_BKPTables" name="validateColumnName_BKP" time="2.361"/>
  <system-out>
    <![CDATA[Executing Snowflake query :: SELECT COLUMN_NAME FROM DEV_ENT_RAW.INFORMATION_SCHEMA.COLUMNS WHERE TABLE_NAME='BUSINESSUNIT'and TABLE_SCHEMA='ST_HENDERSON_MATILLION'
Executing Snowflake query :: SELECT COLUMN_NAME FROM CURATED_DATAMART.INFORMATION_SCHEMA.COLUMNS WHERE TABLE_NAME='STR_BUSINESSUNIT'and TABLE_SCHEMA='ST_BKP_HENDERSON'
Executing Snowflake query :: SELECT COLUMN_NAME FROM DEV_ENT_CURATED.INFORMATION_SCHEMA.COLUMNS WHERE TABLE_NAME='DIM_BUSINESSUNIT'and TABLE_SCHEMA='MASTER_DIMENSIONS'
Column names for RAW Table --> BUSINESSUNIT :: [ACKNOWLEDGEMENTAGREEMENT_FILENAME, ACTIVE, GREENSKYMERCHANTID, HIDEPRICES, PAYROLLCOSTMARKUP, FRANCHISEEINFO_TRUCKSOPERATING, JOBBOOKEDALERTRECIPIENTS, OFFICIALNAME, CURRENCY, FRANCHISEEINFO_PIVOTALNUMBER, INTACCTENTITY_ID, PAYROLLIDLETIMEOVERTIMEPAYCODE_ID, QUICKBOOKSROOTSALESACCOUNT, ADDRESS_ISMANUALCOORDINATES, ADDRESS_STREET, BANKACCOUNTPROCESSOR_ID, DEFAULTTAXRATE, PAYROLLIDLETIMESTPAYCODE, ADDRESS_UNIT, PAYROLLSOLDBYPAYCODE, PAYROLLWEIGHTEDOVERTIMEPAYCODE_ID, PAYROLLPERCENTAGEFEEMINIMUM, WORLDPAYACCOUNTID, QUICKBOOKSOAUTHSETTINGS, WARRANTYRATE, INSURANCECOMPANYPHONE, ADDRESS_COUNTRY, COMMISSIONCALCULATION, MATERIALSKUREFERENCE_SKUTYPE, CALIFORNIACOMPLIANTCONTRACTDOCUMENTS, ENABLEWORKORDERS, INSURANCECOMPANYNAME, NAME, PAYROLLJOBHOURSSTPAYCODE, PAYROLLTASKBONUSPAYCODE, PAYROLLTURNOVERBONUSPAYCODE, PAYROLLTYPE, WORLDPAYMERCHANTPIN, NAVISIONSTANDARDTIMEEARNINGCODE, TURNOVERMINIMUMTHRESHOLD, QUICKBOOKSCLASS, ADDRESS_ZIP, AUTHORIZATIONPARAGRAPH, BCCEMAIL, DIVISIONNAME, ENABLEWORKORDERSEQUIPMENTFORMATTING, IMPORTID, INVOICEMESSAGE, NAVISIONGLCODE, CREATEDBY_ID, CREATEDON, MINIMUMROYALTYFEE, MODIFIEDON, POSTDATE, SERVICEFINANCEDEALERNAME, PAYROLLINVOICEBONUSPAYCODE_ID, PAYROLLTURNOVERBONUSPAYCODENEW, FINANCEITACCOUNTEMAIL, ACKNOWLEDGEMENTAGREEMENT_ORIGINALFILENAME, ADDRESS_ISMILITARY, CREDITCARDPROCESSOR_ID, CREDITCARDPROCESSORLOGIN, FRANCHISEEINFO_COMMENTS, SELLERFEE, TRADE_ID, ID, MATERIALSKUREFERENCE_SKUID, PAYROLLIDLETIMEDOUBLEOVERTIMEPAYCODE_ID, TGLBONUS, MATERIALSKU_ID, PAYROLLIDLETIMEOTPAYCODE, PAYROLLJOBHOURSSTANDARDPAYCODE_ID, NOCHARGECOMMERCIAL, PAYROLLEXPENSEDEDUCTIONTRIGGER, NAVISIONOVERTIMEEARNINGCODE, AUTHORIZATIONAGREEMENT_FILENAME, CONSTRUCTION, ESTIMATEAUTHORIZATIONPARAGRAPH, FRANCHISEEINFO_CONTRACT, FRANCHISEEINFO_NAME, OFFERWORKERSCOMPENSATION, PAYROLLSOLDBYPAYCODENEW, TURNSCONTRACTORID, CORPORATECONTRACTNUMBER, EXTERNALID, NOCHARGERESIDENTIAL, PHONENUMBER, THREEDAYCANCELATIONPARAGRAPH, WORLDPAYSUBID, SERVICEFINANCEDEALERID, INTEGRATEDREFUNDS_ID, MEALAPPOINTMENT_ID, ACKNOWLEDGEMENTPARAGRAPH, ADDRESS_CITY, ADDRESS_LONGITUDE, DIVISION_ID, EMAIL, INVOICEHEADER, OFFERCOMMERCIALGENERALLIABILITY, CREDITCARDPROCESSORKEY, FINANCEITAUTHTOKEN, PAYROLLFLATFEEMINIMUM, PAYROLLJOBHOURSOVERTIMEPAYCODE_ID, PAYROLLIDLETIMESTANDARDPAYCODE_ID, PAYROLLJOBHOURSOTPAYCODE, ACTIVATIONLOCKED, ADDRESS_LATITUDE, ADDRESS_STATE, AUTHORIZATIONAGREEMENT_ORIGINALFILENAME, GOAL, NOCHARGE, PAYMENTOPTIONS, PAYROLLFLATFEE, FINANCEITPARTNERID, FRANCHISEEINFO_GST, HVACDASHBOARDSECTIONS, LICENSENUMBER, LOGO, PAYMENTPROCESSOR, PAYROLLWEIGHTEDOTPAYCODE, DATA, PAYROLLJOBHOURSDOUBLEOVERTIMEPAYCODE_ID, OVERTIMEMODE, PAYROLLTASKBONUSPAYCODENEW, PAYROLLPERCENTAGEFEE]
Column names for DataMart Table --> STR_BUSINESSUNIT :: [ADDRESS_ISMILITARY, CURRENCY, DATA, EXTERNALID, GOAL, INVOICEMESSAGE, MATERIALSKUREFERENCE_SKUID, MATERIALSKUREFERENCE_SKUTYPE, PAYMENTOPTIONS, PAYROLLEXPENSEDEDUCTIONTRIGGER, PAYROLLJOBHOURSOTPAYCODE, TGLBONUS, ESTIMATEAUTHORIZATIONPARAGRAPH, HVACDASHBOARDSECTIONS, PAYROLLSOLDBYPAYCODENEW, WORLDPAYMERCHANTPIN, PAYROLLINVOICEBONUSPAYCODE_ID, WORLDPAYSUBID, PAYROLLPERCENTAGEFEEMINIMUM, COMMISSIONCALCULATION, FINANCEITAUTHTOKEN, CREDITCARDPROCESSOR_ID, INSURANCECOMPANYNAME, MEALAPPOINTMENT_ID, PAYROLLTURNOVERBONUSPAYCODENEW, PAYROLLWEIGHTEDOVERTIMEPAYCODE_ID, QUICKBOOKSCLASS, OVERTIMEMODE, ACKNOWLEDGEMENTPARAGRAPH, ACTIVE_FLAG, ADDRESS_CITY, AUTHORIZATIONPARAGRAPH, CREDITCARDPROCESSORLOGIN, INSURANCECOMPANYPHONE, MASTER_ID, OFFERWORKERSCOMPENSATION, CREATEDBY_ID, MINIMUMROYALTYFEE, WORLDPAYACCOUNTID, PAYROLLJOBHOURSOVERTIMEPAYCODE_ID, PAYROLLSOLDBYPAYCODE, CONSTRUCTION, ENABLEWORKORDERS, SERVICEFINANCEDEALERID, ACTIVE, ADDRESS_COUNTRY, CALIFORNIACOMPLIANTCONTRACTDOCUMENTS, FRANCHISEEINFO_TRUCKSOPERATING, NAVISIONSTANDARDTIMEEARNINGCODE, FRANCHISEEINFO_GST, GREENSKYMERCHANTID, ID, NAME, PAYROLLJOBHOURSDOUBLEOVERTIMEPAYCODE_ID, QUICKBOOKSOAUTHSETTINGS, SELLERFEE, FRANCHISEEINFO_CONTRACT, ADDRESS_ISMANUALCOORDINATES, CORPORATECONTRACTNUMBER, CREATEDON, TENANT_TYPE, CREDITCARDPROCESSORKEY, ENABLEWORKORDERSEQUIPMENTFORMATTING, FRANCHISEEINFO_PIVOTALNUMBER, PAYMENTPROCESSOR, PAYROLLIDLETIMESTANDARDPAYCODE_ID, PAYROLLTASKBONUSPAYCODE, RECORD_UPDATE_DATE, NOCHARGE, SERVICEFINANCEDEALERNAME, PAYROLLTURNOVERBONUSPAYCODE, BCCEMAIL, ACKNOWLEDGEMENTAGREEMENT_ORIGINALFILENAME, ADDRESS_LATITUDE, ADDRESS_STREET, AUTHORIZATIONAGREEMENT_FILENAME, DIVISIONNAME, EMAIL, IMPORTID, LOGO, PAYROLLCOSTMARKUP, THREEDAYCANCELATIONPARAGRAPH, DIVISION_ID, FRANCHISEEINFO_NAME, INTEGRATEDREFUNDS_ID, PAYROLLFLATFEEMINIMUM, PAYROLLTASKBONUSPAYCODENEW, HIDEPRICES, TRADE_ID, NOCHARGERESIDENTIAL, TURNOVERMINIMUMTHRESHOLD, INTACCTENTITY_ID, ADDRESS_UNIT, AUTHORIZATIONAGREEMENT_ORIGINALFILENAME, FRANCHISEEINFO_COMMENTS, JOBBOOKEDALERTRECIPIENTS, LICENSENUMBER, NOCHARGECOMMERCIAL, PAYROLLIDLETIMEOVERTIMEPAYCODE_ID, QUICKBOOKSROOTSALESACCOUNT, RECORD_CREATE_DATE, MODIFIEDON, NAVISIONOVERTIMEEARNINGCODE, OFFERCOMMERCIALGENERALLIABILITY, PHONENUMBER, TURNSCONTRACTORID, NAVISIONGLCODE, OFFICIALNAME, PAYROLLPERCENTAGEFEE, ACKNOWLEDGEMENTAGREEMENT_FILENAME, ACTIVATIONLOCKED, ADDRESS_LONGITUDE, ADDRESS_STATE, ADDRESS_ZIP, BANKACCOUNTPROCESSOR_ID, PAYROLLIDLETIMEDOUBLEOVERTIMEPAYCODE_ID, DEFAULTTAXRATE, FINANCEITPARTNERID, INVOICEHEADER, PAYROLLFLATFEE, PAYROLLIDLETIMEOTPAYCODE, PAYROLLIDLETIMESTPAYCODE, PAYROLLJOBHOURSSTANDARDPAYCODE_ID, POSTDATE, FINANCEITACCOUNTEMAIL, MATERIALSKU_ID, PAYROLLTYPE, PAYROLLWEIGHTEDOTPAYCODE, PAYROLLJOBHOURSSTPAYCODE, WARRANTYRATE]
Column names for Curated Table --> DIM_BUSINESSUNIT :: [ADDRESS_COUNTRY, ADDRESS_STREET, BANKACCOUNTPROCESSOR_ID, MEALAPPOINTMENT_ID, CREATEDBY_ID, DIVISION_ID, OFFERCOMMERCIALGENERALLIABILITY, PAYMENTPROCESSOR, PAYROLLJOBHOURSSTANDARDPAYCODE_ID, PAYROLLSOLDBYPAYCODE, TGLBONUS, NAME, PAYROLLCOSTMARKUP, PAYROLLJOBHOURSDOUBLEOVERTIMEPAYCODE_ID, LICENSENUMBER, LOGO, OVERTIMEMODE, ACKNOWLEDGEMENTAGREEMENT_ORIGINALFILENAME, AUTHORIZATIONPARAGRAPH, FINANCEITPARTNERID, WARRANTYRATE, FINANCEITACCOUNTEMAIL, PAYROLLTYPE, QUICKBOOKSCLASS, QUICKBOOKSOAUTHSETTINGS, GREENSKYMERCHANTID, CREDITCARDPROCESSORKEY, CREDITCARDPROCESSORLOGIN, CREDITCARDPROCESSOR_ID, DEFAULTTAXRATE, FRANCHISEEINFO_COMMENTS, HVACDASHBOARDSECTIONS, MODIFIEDON, WORLDPAYACCOUNTID, PAYROLLIDLETIMEDOUBLEOVERTIMEPAYCODE_ID, TENANT_TYPE, FRANCHISEEINFO_GST, RECORD_CREATE_DATE, NOCHARGE, PAYMENTOPTIONS, PAYROLLPERCENTAGEFEE, PAYROLLSOLDBYPAYCODENEW, ADDRESS_LONGITUDE, ADDRESS_ZIP, CREATEDON, INTEGRATEDREFUNDS_ID, JOBBOOKEDALERTRECIPIENTS, NAVISIONOVERTIMEEARNINGCODE, PAYROLLINVOICEBONUSPAYCODE_ID, ACTIVE, ADDRESS_STATE, AUTHORIZATIONAGREEMENT_ORIGINALFILENAME, ENABLEWORKORDERS, MATERIALSKU_ID, NAVISIONSTANDARDTIMEEARNINGCODE, PAYROLLJOBHOURSSTPAYCODE, POSTDATE, ADDRESS_ISMILITARY, ADDRESS_LATITUDE, ADDRESS_UNIT, CALIFORNIACOMPLIANTCONTRACTDOCUMENTS, ENABLEWORKORDERSEQUIPMENTFORMATTING, HIDEPRICES, INVOICEHEADER, COMMISSIONCALCULATION, EMAIL, FRANCHISEEINFO_TRUCKSOPERATING, PAYROLLIDLETIMESTANDARDPAYCODE_ID, PAYROLLIDLETIMESTPAYCODE, TRADE_ID, AUTHORIZATIONAGREEMENT_FILENAME, SERVICEFINANCEDEALERID, WORLDPAYMERCHANTPIN, BCCEMAIL, OFFERWORKERSCOMPENSATION, NAVISIONGLCODE, WORLDPAYSUBID, ACKNOWLEDGEMENTAGREEMENT_FILENAME, ACTIVATIONLOCKED, DIVISIONNAME, FINANCEITAUTHTOKEN, FRANCHISEEINFO_PIVOTALNUMBER, INSURANCECOMPANYNAME, PAYROLLWEIGHTEDOVERTIMEPAYCODE_ID, TURNSCONTRACTORID, FRANCHISEEINFO_NAME, MINIMUMROYALTYFEE, PAYROLLEXPENSEDEDUCTIONTRIGGER, PAYROLLPERCENTAGEFEEMINIMUM, RECORD_UPDATED_BY, SERVICEFINANCEDEALERNAME, ESTIMATEAUTHORIZATIONPARAGRAPH, TURNOVERMINIMUMTHRESHOLD, PAYROLLIDLETIMEOVERTIMEPAYCODE_ID, RECORD_UPDATE_DATE, ACKNOWLEDGEMENTPARAGRAPH, ADDRESS_ISMANUALCOORDINATES, INVOICEMESSAGE, MATERIALSKUREFERENCE_SKUID, MATERIALSKUREFERENCE_SKUTYPE, PAYROLLIDLETIMEOTPAYCODE, PAYROLLJOBHOURSOTPAYCODE, PAYROLLJOBHOURSOVERTIMEPAYCODE_ID, CONSTRUCTION, CORPORATECONTRACTNUMBER, DATA, NOCHARGECOMMERCIAL, NOCHARGERESIDENTIAL, PAYROLLTASKBONUSPAYCODE, PAYROLLTASKBONUSPAYCODENEW, QUICKBOOKSROOTSALESACCOUNT, ID, PAYROLLTURNOVERBONUSPAYCODENEW, ADDRESS_CITY, CURRENCY, GOAL, IMPORTID, INSURANCECOMPANYPHONE, PAYROLLTURNOVERBONUSPAYCODE, OFFICIALNAME, PAYROLLFLATFEE, PHONENUMBER, SELLERFEE, THREEDAYCANCELATIONPARAGRAPH, FRANCHISEEINFO_CONTRACT, PAYROLLFLATFEEMINIMUM, PAYROLLWEIGHTEDOTPAYCODE, INTACCTENTITY_ID, EXTERNALID]
Column Name found in Datamart and Curated Table :: ACKNOWLEDGEMENTAGREEMENT_FILENAME
Column Name found in Datamart and Curated Table :: ACTIVE
Column Name found in Datamart and Curated Table :: GREENSKYMERCHANTID
Column Name found in Datamart and Curated Table :: HIDEPRICES
Column Name found in Datamart and Curated Table :: PAYROLLCOSTMARKUP
Column Name found in Datamart and Curated Table :: FRANCHISEEINFO_TRUCKSOPERATING
Column Name found in Datamart and Curated Table :: JOBBOOKEDALERTRECIPIENTS
Column Name found in Datamart and Curated Table :: OFFICIALNAME
Column Name found in Datamart and Curated Table :: CURRENCY
Column Name found in Datamart and Curated Table :: FRANCHISEEINFO_PIVOTALNUMBER
Column Name found in Datamart and Curated Table :: INTACCTENTITY_ID
Column Name found in Datamart and Curated Table :: PAYROLLIDLETIMEOVERTIMEPAYCODE_ID
Column Name found in Datamart and Curated Table :: QUICKBOOKSROOTSALESACCOUNT
Column Name found in Datamart and Curated Table :: ADDRESS_ISMANUALCOORDINATES
Column Name found in Datamart and Curated Table :: ADDRESS_STREET
Column Name found in Datamart and Curated Table :: BANKACCOUNTPROCESSOR_ID
Column Name found in Datamart and Curated Table :: DEFAULTTAXRATE
Column Name found in Datamart and Curated Table :: PAYROLLIDLETIMESTPAYCODE
Column Name found in Datamart and Curated Table :: ADDRESS_UNIT
Column Name found in Datamart and Curated Table :: PAYROLLSOLDBYPAYCODE
Column Name found in Datamart and Curated Table :: PAYROLLWEIGHTEDOVERTIMEPAYCODE_ID
Column Name found in Datamart and Curated Table :: PAYROLLPERCENTAGEFEEMINIMUM
Column Name found in Datamart and Curated Table :: WORLDPAYACCOUNTID
Column Name found in Datamart and Curated Table :: QUICKBOOKSOAUTHSETTINGS
Column Name found in Datamart and Curated Table :: WARRANTYRATE
Column Name found in Datamart and Curated Table :: INSURANCECOMPANYPHONE
Column Name found in Datamart and Curated Table :: ADDRESS_COUNTRY
Column Name found in Datamart and Curated Table :: COMMISSIONCALCULATION
Column Name found in Datamart and Curated Table :: MATERIALSKUREFERENCE_SKUTYPE
Column Name found in Datamart and Curated Table :: CALIFORNIACOMPLIANTCONTRACTDOCUMENTS
Column Name found in Datamart and Curated Table :: ENABLEWORKORDERS
Column Name found in Datamart and Curated Table :: INSURANCECOMPANYNAME
Column Name found in Datamart and Curated Table :: NAME
Column Name found in Datamart and Curated Table :: PAYROLLJOBHOURSSTPAYCODE
Column Name found in Datamart and Curated Table :: PAYROLLTASKBONUSPAYCODE
Column Name found in Datamart and Curated Table :: PAYROLLTURNOVERBONUSPAYCODE
Column Name found in Datamart and Curated Table :: PAYROLLTYPE
Column Name found in Datamart and Curated Table :: WORLDPAYMERCHANTPIN
Column Name found in Datamart and Curated Table :: NAVISIONSTANDARDTIMEEARNINGCODE
Column Name found in Datamart and Curated Table :: TURNOVERMINIMUMTHRESHOLD
Column Name found in Datamart and Curated Table :: QUICKBOOKSCLASS
Column Name found in Datamart and Curated Table :: ADDRESS_ZIP
Column Name found in Datamart and Curated Table :: AUTHORIZATIONPARAGRAPH
Column Name found in Datamart and Curated Table :: BCCEMAIL
Column Name found in Datamart and Curated Table :: DIVISIONNAME
Column Name found in Datamart and Curated Table :: ENABLEWORKORDERSEQUIPMENTFORMATTING
Column Name found in Datamart and Curated Table :: IMPORTID
Column Name found in Datamart and Curated Table :: INVOICEMESSAGE
Column Name found in Datamart and Curated Table :: NAVISIONGLCODE
Column Name found in Datamart and Curated Table :: CREATEDBY_ID
Column Name found in Datamart and Curated Table :: CREATEDON
Column Name found in Datamart and Curated Table :: MINIMUMROYALTYFEE
Column Name found in Datamart and Curated Table :: MODIFIEDON
Column Name found in Datamart and Curated Table :: POSTDATE
Column Name found in Datamart and Curated Table :: SERVICEFINANCEDEALERNAME
Column Name found in Datamart and Curated Table :: PAYROLLINVOICEBONUSPAYCODE_ID
Column Name found in Datamart and Curated Table :: PAYROLLTURNOVERBONUSPAYCODENEW
Column Name found in Datamart and Curated Table :: FINANCEITACCOUNTEMAIL
Column Name found in Datamart and Curated Table :: ACKNOWLEDGEMENTAGREEMENT_ORIGINALFILENAME
Column Name found in Datamart and Curated Table :: ADDRESS_ISMILITARY
Column Name found in Datamart and Curated Table :: CREDITCARDPROCESSOR_ID
Column Name found in Datamart and Curated Table :: CREDITCARDPROCESSORLOGIN
Column Name found in Datamart and Curated Table :: FRANCHISEEINFO_COMMENTS
Column Name found in Datamart and Curated Table :: SELLERFEE
Column Name found in Datamart and Curated Table :: TRADE_ID
Column Name found in Datamart and Curated Table :: ID
Column Name found in Datamart and Curated Table :: MATERIALSKUREFERENCE_SKUID
Column Name found in Datamart and Curated Table :: PAYROLLIDLETIMEDOUBLEOVERTIMEPAYCODE_ID
Column Name found in Datamart and Curated Table :: TGLBONUS
Column Name found in Datamart and Curated Table :: MATERIALSKU_ID
Column Name found in Datamart and Curated Table :: PAYROLLIDLETIMEOTPAYCODE
Column Name found in Datamart and Curated Table :: PAYROLLJOBHOURSSTANDARDPAYCODE_ID
Column Name found in Datamart and Curated Table :: NOCHARGECOMMERCIAL
Column Name found in Datamart and Curated Table :: PAYROLLEXPENSEDEDUCTIONTRIGGER
Column Name found in Datamart and Curated Table :: NAVISIONOVERTIMEEARNINGCODE
Column Name found in Datamart and Curated Table :: AUTHORIZATIONAGREEMENT_FILENAME
Column Name found in Datamart and Curated Table :: CONSTRUCTION
Column Name found in Datamart and Curated Table :: ESTIMATEAUTHORIZATIONPARAGRAPH
Column Name found in Datamart and Curated Table :: FRANCHISEEINFO_CONTRACT
Column Name found in Datamart and Curated Table :: FRANCHISEEINFO_NAME
Column Name found in Datamart and Curated Table :: OFFERWORKERSCOMPENSATION
Column Name found in Datamart and Curated Table :: PAYROLLSOLDBYPAYCODENEW
Column Name found in Datamart and Curated Table :: TURNSCONTRACTORID
Column Name found in Datamart and Curated Table :: CORPORATECONTRACTNUMBER
Column Name found in Datamart and Curated Table :: EXTERNALID
Column Name found in Datamart and Curated Table :: NOCHARGERESIDENTIAL
Column Name found in Datamart and Curated Table :: PHONENUMBER
Column Name found in Datamart and Curated Table :: THREEDAYCANCELATIONPARAGRAPH
Column Name found in Datamart and Curated Table :: WORLDPAYSUBID
Column Name found in Datamart and Curated Table :: SERVICEFINANCEDEALERID
Column Name found in Datamart and Curated Table :: INTEGRATEDREFUNDS_ID
Column Name found in Datamart and Curated Table :: MEALAPPOINTMENT_ID
Column Name found in Datamart and Curated Table :: ACKNOWLEDGEMENTPARAGRAPH
Column Name found in Datamart and Curated Table :: ADDRESS_CITY
Column Name found in Datamart and Curated Table :: ADDRESS_LONGITUDE
Column Name found in Datamart and Curated Table :: DIVISION_ID
Column Name found in Datamart and Curated Table :: EMAIL
Column Name found in Datamart and Curated Table :: INVOICEHEADER
Column Name found in Datamart and Curated Table :: OFFERCOMMERCIALGENERALLIABILITY
Column Name found in Datamart and Curated Table :: CREDITCARDPROCESSORKEY
Column Name found in Datamart and Curated Table :: FINANCEITAUTHTOKEN
Column Name found in Datamart and Curated Table :: PAYROLLFLATFEEMINIMUM
Column Name found in Datamart and Curated Table :: PAYROLLJOBHOURSOVERTIMEPAYCODE_ID
Column Name found in Datamart and Curated Table :: PAYROLLIDLETIMESTANDARDPAYCODE_ID
Column Name found in Datamart and Curated Table :: PAYROLLJOBHOURSOTPAYCODE
Column Name found in Datamart and Curated Table :: ACTIVATIONLOCKED
Column Name found in Datamart and Curated Table :: ADDRESS_LATITUDE
Column Name found in Datamart and Curated Table :: ADDRESS_STATE
Column Name found in Datamart and Curated Table :: AUTHORIZATIONAGREEMENT_ORIGINALFILENAME
Column Name found in Datamart and Curated Table :: GOAL
Column Name found in Datamart and Curated Table :: NOCHARGE
Column Name found in Datamart and Curated Table :: PAYMENTOPTIONS
Column Name found in Datamart and Curated Table :: PAYROLLFLATFEE
Column Name found in Datamart and Curated Table :: FINANCEITPARTNERID
Column Name found in Datamart and Curated Table :: FRANCHISEEINFO_GST
Column Name found in Datamart and Curated Table :: HVACDASHBOARDSECTIONS
Column Name found in Datamart and Curated Table :: LICENSENUMBER
Column Name found in Datamart and Curated Table :: LOGO
Column Name found in Datamart and Curated Table :: PAYMENTPROCESSOR
Column Name found in Datamart and Curated Table :: PAYROLLWEIGHTEDOTPAYCODE
Column Name found in Datamart and Curated Table :: DATA
Column Name found in Datamart and Curated Table :: PAYROLLJOBHOURSDOUBLEOVERTIMEPAYCODE_ID
Column Name found in Datamart and Curated Table :: OVERTIMEMODE
Column Name found in Datamart and Curated Table :: PAYROLLTASKBONUSPAYCODENEW
Column Name found in Datamart and Curated Table :: PAYROLLPERCENTAGEFEE
Datamart tables contains additional column name like [ACTIVE_FLAG, RECORD_CREATE_DATE, RECORD_UPDATE_DATE, RECORD_UPDATE_DATE, MASTER_ID, TENANT_TYPE]
Curated tables contains additional column name like [RECORD_CREATE_DATE, RECORD_UPDATE_DATE, RECORD_UPDATED_BY, TENANT_TYPE]]]>
  </system-out>
  <testcase classname="testcases.RAW_DATAMART_CURATED.SnowFlake_ColumnValidation_BKPTables" name="validateColumnName_BKP" time="3.257"/>
  <system-out>
    <![CDATA[Executing Snowflake query :: SELECT COLUMN_NAME FROM DEV_ENT_RAW.INFORMATION_SCHEMA.COLUMNS WHERE TABLE_NAME='CUSTOMERMEMBERSHIP'and TABLE_SCHEMA='ST_CASTEEL_MATILLION'
Executing Snowflake query :: SELECT COLUMN_NAME FROM CURATED_DATAMART.INFORMATION_SCHEMA.COLUMNS WHERE TABLE_NAME='STR_CUSTOMERMEMBERSHIP'and TABLE_SCHEMA='ST_BKP_CASTEEL'
Executing Snowflake query :: SELECT COLUMN_NAME FROM DEV_ENT_CURATED.INFORMATION_SCHEMA.COLUMNS WHERE TABLE_NAME='DIM_CUSTOMERMEMBERSHIP'and TABLE_SCHEMA='MASTER_DIMENSIONS'
Column names for RAW Table --> CUSTOMERMEMBERSHIP :: [ACTIVATEDFROM_ID, CANCELATIONINVOICE_ID, STATUS, TYPE_ID, BILLINGCOVERAGEPERIOD, FOLLOWUPON, MEMO, MODIFIEDON, PAYMENTTYPE_ID, ACTIVATEDBY_ID, BILLINGFREQUENCY, CANCELLATIONDATE, CREATEDBY_ID, RECURRINGLOCATION_ID, TO, CREATEDON, CANCELATIONBALANCEINVOICE_ID, INITIALDEFERREDREVENUE, NEXTSCHEDULEDBILLDATE, PREVIOUSRECURRINGLOCATION_ID, RENEWALDURATION, RENEWEDBY_ID, EXPIREDAT, BILLINGTEMPLATE_ID, SOLDBY_ID, CUSTOMER_ID, FIRSTSCHEDULEDBILLDATE, RENEWALMEMBERSHIPTASKREFERENCE_SKUID, BILLINGPREFERENCE, BUSINESSUNIT_ID, PAYMENTMETHOD_ID, BILLINGEMAIL_ID, FOLLOWUPCUSTOMSTATUS_ID, FROM, INVOICETEMPLATE_ID, LOCATION_ID, RENEWALBILLINGFREQUENCY, RENEWALMEMBERSHIPTASK_ID, RENEWALMEMBERSHIPTASKREFERENCE_SKUTYPE, CANCELATIONBUYOUTINVOICE_ID, ACTIVE, DURATION, FOLLOWUPSTATUS, ID, IMPORTID, CUSTOMERPO]
Column names for DataMart Table --> STR_CUSTOMERMEMBERSHIP :: [ACTIVATEDBY_ID, BILLINGEMAIL_ID, CANCELLATIONDATE, CUSTOMER_ID, IMPORTID, TYPE_ID, CANCELATIONINVOICE_ID, RENEWALMEMBERSHIPTASKREFERENCE_SKUTYPE, ACTIVE_FLAG, BILLINGPREFERENCE, EXPIREDAT, FOLLOWUPCUSTOMSTATUS_ID, MEMO, TO, FOLLOWUPON, PREVIOUSRECURRINGLOCATION_ID, TENANT_TYPE, FROM, RECORD_UPDATE_DATE, BILLINGCOVERAGEPERIOD, BILLINGTEMPLATE_ID, CANCELATIONBALANCEINVOICE_ID, CREATEDBY_ID, DURATION, FOLLOWUPSTATUS, NEXTSCHEDULEDBILLDATE, RENEWALMEMBERSHIPTASKREFERENCE_SKUID, SOLDBY_ID, RENEWALDURATION, PAYMENTTYPE_ID, ACTIVE, BILLINGFREQUENCY, CANCELATIONBUYOUTINVOICE_ID, CREATEDON, ID, BUSINESSUNIT_ID, FIRSTSCHEDULEDBILLDATE, RECORD_CREATE_DATE, RENEWALBILLINGFREQUENCY, INITIALDEFERREDREVENUE, RENEWALMEMBERSHIPTASK_ID, STATUS, CUSTOMERPO, RECURRINGLOCATION_ID, RENEWEDBY_ID, MODIFIEDON, ACTIVATEDFROM_ID, INVOICETEMPLATE_ID, LOCATION_ID, MASTER_ID, PAYMENTMETHOD_ID]
Column names for Curated Table --> DIM_CUSTOMERMEMBERSHIP :: [BILLINGFREQUENCY, CREATEDBY_ID, MODIFIEDON, PAYMENTTYPE_ID, RECURRINGLOCATION_ID, ACTIVE, BILLINGEMAIL_ID, FIRSTSCHEDULEDBILLDATE, RENEWALMEMBERSHIPTASKREFERENCE_SKUTYPE, TENANT_TYPE, ACTIVATEDBY_ID, BUSINESSUNIT_ID, CREATEDON, ID, INITIALDEFERREDREVENUE, CUSTOMERPO, FOLLOWUPSTATUS, RENEWALDURATION, RECORD_UPDATED_BY, BILLINGTEMPLATE_ID, FOLLOWUPCUSTOMSTATUS_ID, PAYMENTMETHOD_ID, RECORD_UPDATE_DATE, SOLDBY_ID, TYPE_ID, RENEWALMEMBERSHIPTASK_ID, BILLINGPREFERENCE, EXPIREDAT, NEXTSCHEDULEDBILLDATE, ACTIVATEDFROM_ID, CANCELATIONBALANCEINVOICE_ID, FROM, RECORD_CREATE_DATE, RENEWALMEMBERSHIPTASKREFERENCE_SKUID, TO, FOLLOWUPON, BILLINGCOVERAGEPERIOD, CUSTOMER_ID, DURATION, IMPORTID, RENEWALBILLINGFREQUENCY, STATUS, MEMO, CANCELATIONINVOICE_ID, CANCELLATIONDATE, PREVIOUSRECURRINGLOCATION_ID, CANCELATIONBUYOUTINVOICE_ID, INVOICETEMPLATE_ID, LOCATION_ID, RENEWEDBY_ID]
Column Name found in Datamart and Curated Table :: ACTIVATEDFROM_ID
Column Name found in Datamart and Curated Table :: CANCELATIONINVOICE_ID
Column Name found in Datamart and Curated Table :: STATUS
Column Name found in Datamart and Curated Table :: TYPE_ID
Column Name found in Datamart and Curated Table :: BILLINGCOVERAGEPERIOD
Column Name found in Datamart and Curated Table :: FOLLOWUPON
Column Name found in Datamart and Curated Table :: MEMO
Column Name found in Datamart and Curated Table :: MODIFIEDON
Column Name found in Datamart and Curated Table :: PAYMENTTYPE_ID
Column Name found in Datamart and Curated Table :: ACTIVATEDBY_ID
Column Name found in Datamart and Curated Table :: BILLINGFREQUENCY
Column Name found in Datamart and Curated Table :: CANCELLATIONDATE
Column Name found in Datamart and Curated Table :: CREATEDBY_ID
Column Name found in Datamart and Curated Table :: RECURRINGLOCATION_ID
Column Name found in Datamart and Curated Table :: TO
Column Name found in Datamart and Curated Table :: CREATEDON
Column Name found in Datamart and Curated Table :: CANCELATIONBALANCEINVOICE_ID
Column Name found in Datamart and Curated Table :: INITIALDEFERREDREVENUE
Column Name found in Datamart and Curated Table :: NEXTSCHEDULEDBILLDATE
Column Name found in Datamart and Curated Table :: PREVIOUSRECURRINGLOCATION_ID
Column Name found in Datamart and Curated Table :: RENEWALDURATION
Column Name found in Datamart and Curated Table :: RENEWEDBY_ID
Column Name found in Datamart and Curated Table :: EXPIREDAT
Column Name found in Datamart and Curated Table :: BILLINGTEMPLATE_ID
Column Name found in Datamart and Curated Table :: SOLDBY_ID
Column Name found in Datamart and Curated Table :: CUSTOMER_ID
Column Name found in Datamart and Curated Table :: FIRSTSCHEDULEDBILLDATE
Column Name found in Datamart and Curated Table :: RENEWALMEMBERSHIPTASKREFERENCE_SKUID
Column Name found in Datamart and Curated Table :: BILLINGPREFERENCE
Column Name found in Datamart and Curated Table :: BUSINESSUNIT_ID
Column Name found in Datamart and Curated Table :: PAYMENTMETHOD_ID
Column Name found in Datamart and Curated Table :: BILLINGEMAIL_ID
Column Name found in Datamart and Curated Table :: FOLLOWUPCUSTOMSTATUS_ID
Column Name found in Datamart and Curated Table :: FROM
Column Name found in Datamart and Curated Table :: INVOICETEMPLATE_ID
Column Name found in Datamart and Curated Table :: LOCATION_ID
Column Name found in Datamart and Curated Table :: RENEWALBILLINGFREQUENCY
Column Name found in Datamart and Curated Table :: RENEWALMEMBERSHIPTASK_ID
Column Name found in Datamart and Curated Table :: RENEWALMEMBERSHIPTASKREFERENCE_SKUTYPE
Column Name found in Datamart and Curated Table :: CANCELATIONBUYOUTINVOICE_ID
Column Name found in Datamart and Curated Table :: ACTIVE
Column Name found in Datamart and Curated Table :: DURATION
Column Name found in Datamart and Curated Table :: FOLLOWUPSTATUS
Column Name found in Datamart and Curated Table :: ID
Column Name found in Datamart and Curated Table :: IMPORTID
Column Name found in Datamart and Curated Table :: CUSTOMERPO
Datamart tables contains additional column name like [ACTIVE_FLAG, RECORD_CREATE_DATE, RECORD_UPDATE_DATE, RECORD_UPDATE_DATE, MASTER_ID, TENANT_TYPE]
Curated tables contains additional column name like [RECORD_CREATE_DATE, RECORD_UPDATE_DATE, RECORD_UPDATED_BY, TENANT_TYPE]]]>
  </system-out>
  <testcase classname="testcases.RAW_DATAMART_CURATED.SnowFlake_ColumnValidation_BKPTables" name="validateColumnName_BKP" time="2.126"/>
  <system-out>
    <![CDATA[Executing Snowflake query :: SELECT COLUMN_NAME FROM DEV_ENT_RAW.INFORMATION_SCHEMA.COLUMNS WHERE TABLE_NAME='TAG'and TABLE_SCHEMA='ST_MAITZ_MATILLION'
Executing Snowflake query :: SELECT COLUMN_NAME FROM CURATED_DATAMART.INFORMATION_SCHEMA.COLUMNS WHERE TABLE_NAME='STR_TAG'and TABLE_SCHEMA='ST_BKP_MAITZ'
Executing Snowflake query :: SELECT COLUMN_NAME FROM DEV_ENT_CURATED.INFORMATION_SCHEMA.COLUMNS WHERE TABLE_NAME='DIM_TAG'and TABLE_SCHEMA='MASTER_DIMENSIONS'
Column names for RAW Table --> TAG :: [CREATEDON, CREATEDBY_ID, TYPE_ID, IMPORTID, REMOVEDON, MEMO, OWNER_ID, GENERATEDFOR_ID, GENERATEDFOREXTERNAL, ID, MODIFIEDON, ACTIVE, REMOVEDBY_ID]
Column names for DataMart Table --> STR_TAG :: [REMOVEDON, TENANT_TYPE, MASTER_ID, ACTIVE_FLAG, CREATEDBY_ID, CREATEDON, GENERATEDFOREXTERNAL, RECORD_UPDATE_DATE, MEMO, RECORD_CREATE_DATE, SOURCE_PKEY_SPK, TYPE_ID, ID, REMOVEDBY_ID, ACTIVE, OWNER_ID, GENERATEDFOR_ID, MODIFIEDON, IMPORTID]
Column names for Curated Table --> DIM_TAG :: [ACTIVE_FLAG, RECORD_CREATE_DATE, CREATEDON, RECORD_UPDATE_DATE, SOURCE_PKEY_SPK, GENERATEDFOR_ID, GENERATEDFOREXTERNAL, TYPE_ID, ACTIVE, CREATEDBY_ID, ID, MODIFIEDON, OWNER_ID, REMOVEDBY_ID, REMOVEDON, MEMO, RECORD_UPDATED_BY, IMPORTID, TENANT_TYPE]
Column Name found in Datamart and Curated Table :: CREATEDON
Column Name found in Datamart and Curated Table :: CREATEDBY_ID
Column Name found in Datamart and Curated Table :: TYPE_ID
Column Name found in Datamart and Curated Table :: IMPORTID
Column Name found in Datamart and Curated Table :: REMOVEDON
Column Name found in Datamart and Curated Table :: MEMO
Column Name found in Datamart and Curated Table :: OWNER_ID
Column Name found in Datamart and Curated Table :: GENERATEDFOR_ID
Column Name found in Datamart and Curated Table :: GENERATEDFOREXTERNAL
Column Name found in Datamart and Curated Table :: ID
Column Name found in Datamart and Curated Table :: MODIFIEDON
Column Name found in Datamart and Curated Table :: ACTIVE
Column Name found in Datamart and Curated Table :: REMOVEDBY_ID
Datamart tables contains additional column name like [ACTIVE_FLAG, RECORD_CREATE_DATE, RECORD_UPDATE_DATE, RECORD_UPDATE_DATE, MASTER_ID, TENANT_TYPE]
Curated tables contains additional column name like [RECORD_CREATE_DATE, RECORD_UPDATE_DATE, RECORD_UPDATED_BY, TENANT_TYPE]]]>
  </system-out>
  <testcase classname="testcases.RAW_DATAMART_CURATED.SnowFlake_ColumnValidation_BKPTables" name="validateColumnName_BKP" time="2.866">
    <failure message="The following asserts failed:
	null" type="java.lang.AssertionError">
      <![CDATA[java.lang.AssertionError: The following asserts failed:
null
at org.testng.asserts.SoftAssert.assertAll(SoftAssert.java:47)
at org.testng.asserts.SoftAssert.assertAll(SoftAssert.java:31)
at testcases.RAW_DATAMART_CURATED.SnowFlake_ColumnValidation_BKPTables.validateColumnName_BKP(SnowFlake_ColumnValidation_BKPTables.java:120)
at jdk.internal.reflect.GeneratedMethodAccessor38.invoke(Unknown Source)
at java.base/jdk.internal.reflect.DelegatingMethodAccessorImpl.invoke(DelegatingMethodAccessorImpl.java:43)
at java.base/java.lang.reflect.Method.invoke(Method.java:568)
at org.testng.internal.MethodInvocationHelper.invokeMethod(MethodInvocationHelper.java:133)
at org.testng.internal.TestInvoker.invokeMethod(TestInvoker.java:598)
at org.testng.internal.TestInvoker.invokeTestMethod(TestInvoker.java:173)
at org.testng.internal.MethodRunner.runInSequence(MethodRunner.java:46)
at org.testng.internal.TestInvoker$MethodInvocationAgent.invoke(TestInvoker.java:824)
at org.testng.internal.TestInvoker.invokeTestMethods(TestInvoker.java:146)
at org.testng.internal.TestMethodWorker.invokeTestMethods(TestMethodWorker.java:146)
at org.testng.internal.TestMethodWorker.run(TestMethodWorker.java:128)
at java.base/java.util.ArrayList.forEach(ArrayList.java:1511)
at org.testng.TestRunner.privateRun(TestRunner.java:794)
at org.testng.TestRunner.run(TestRunner.java:596)
at org.testng.SuiteRunner.runTest(SuiteRunner.java:377)
at org.testng.SuiteRunner.runSequentially(SuiteRunner.java:371)
at org.testng.SuiteRunner.privateRun(SuiteRunner.java:332)
at org.testng.SuiteRunner.run(SuiteRunner.java:276)
at org.testng.SuiteRunnerWorker.runSuite(SuiteRunnerWorker.java:53)
at org.testng.SuiteRunnerWorker.run(SuiteRunnerWorker.java:96)
at org.testng.TestNG.runSuitesSequentially(TestNG.java:1212)
at org.testng.TestNG.runSuitesLocally(TestNG.java:1134)
at org.testng.TestNG.runSuites(TestNG.java:1063)
at org.testng.TestNG.run(TestNG.java:1031)
at org.testng.remote.AbstractRemoteTestNG.run(AbstractRemoteTestNG.java:115)
at org.testng.remote.RemoteTestNG.initAndRun(RemoteTestNG.java:251)
at org.testng.remote.RemoteTestNG.main(RemoteTestNG.java:77)
]]>
    </failure>
  </testcase> <!-- validateColumnName_BKP -->
  <system-out>
    <![CDATA[Executing Snowflake query :: SELECT COLUMN_NAME FROM DEV_ENT_RAW.INFORMATION_SCHEMA.COLUMNS WHERE TABLE_NAME='JOBTYPE'and TABLE_SCHEMA='ST_EANESHEATING_MATILLION'
Executing Snowflake query :: SELECT COLUMN_NAME FROM CURATED_DATAMART.INFORMATION_SCHEMA.COLUMNS WHERE TABLE_NAME='STR_JOBTYPE'and TABLE_SCHEMA='ST_BKP_EANESHEATING'
Executing Snowflake query :: SELECT COLUMN_NAME FROM DEV_ENT_CURATED.INFORMATION_SCHEMA.COLUMNS WHERE TABLE_NAME='DIM_JOBTYPE'and TABLE_SCHEMA='MASTER_DIMENSIONS'
Column names for RAW Table --> JOBTYPE :: [CLASS, ISAUTODISPATCHED, COMPDOUBLEOVERTIMERATE, COMPSTANDARDRATE, NAME, MINIMUMMATERIALCOSTINPERCENT, COMPCODE, COMPOVERTIMERATE, ENFORCERECURRINGSERVICEEVENTSELECTION, IMAGE, SUMMARY, DURATION, ISSMARTDISPATCHEDBYDEFAULTINAPI, PROJECTEDVALUEADJUSTMENT, LIKELIHOOD, PRIORITY, ACTIVE, CREATEDON, ID, ISTUNEUP, MAXIMUMMATERIALCOSTINPERCENT, PROJECTLABELS, IMPORTID, MODIFIEDON, NOCHARGE, CREATEDBY_ID, SOLDTHRESHOLD]
Column names for DataMart Table --> STR_JOBTYPE :: [COMPCODE, NOCHARGE, PRIORITY, PROJECTEDVALUEADJUSTMENT, NAME, MINIMUMMATERIALCOSTINPERCENT, SUMMARY, ENFORCERECURRINGSERVICEEVENTSELECTION, IMAGE, MASTER_ID, RECORD_UPDATE_DATE, ACTIVE_FLAG, CLASS, COMPDOUBLEOVERTIMERATE, ID, COMPSTANDARDRATE, ACTIVE, COMPOVERTIMERATE, CREATEDBY_ID, DURATION, IMPORTID, ISAUTODISPATCHED, ISTUNEUP, MAXIMUMMATERIALCOSTINPERCENT, PROJECTLABELS, TENANT_TYPE, CREATEDON, MODIFIEDON, SOLDTHRESHOLD, LIKELIHOOD, RECORD_CREATE_DATE]
Column names for Curated Table --> DIM_JOBTYPE :: [COMPOVERTIMERATE, PROJECTLABELS, RECORD_UPDATED_BY, MAXIMUMMATERIALCOSTINPERCENT, SUMMARY, NAME, COMPDOUBLEOVERTIMERATE, CREATEDBY_ID, DURATION, ISAUTODISPATCHED, RECORD_UPDATE_DATE, COMPSTANDARDRATE, NOCHARGE, IMPORTID, TENANT_TYPE, ACTIVE, ENFORCERECURRINGSERVICEEVENTSELECTION, ID, ISTUNEUP, CLASS, COMPCODE, MINIMUMMATERIALCOSTINPERCENT, PRIORITY, CREATEDON, LIKELIHOOD, RECORD_CREATE_DATE, SOLDTHRESHOLD, IMAGE, MODIFIEDON, PROJECTEDVALUEADJUSTMENT]
Column Name found in Datamart and Curated Table :: CLASS
Column Name found in Datamart and Curated Table :: ISAUTODISPATCHED
Column Name found in Datamart and Curated Table :: COMPDOUBLEOVERTIMERATE
Column Name found in Datamart and Curated Table :: COMPSTANDARDRATE
Column Name found in Datamart and Curated Table :: NAME
Column Name found in Datamart and Curated Table :: MINIMUMMATERIALCOSTINPERCENT
Column Name found in Datamart and Curated Table :: COMPCODE
Column Name found in Datamart and Curated Table :: COMPOVERTIMERATE
Column Name found in Datamart and Curated Table :: ENFORCERECURRINGSERVICEEVENTSELECTION
Column Name found in Datamart and Curated Table :: IMAGE
Column Name found in Datamart and Curated Table :: SUMMARY
Column Name found in Datamart and Curated Table :: DURATION
Column Name not found in Datamart and Curated Table :: ISSMARTDISPATCHEDBYDEFAULTINAPI
Column Name found in Datamart and Curated Table :: PROJECTEDVALUEADJUSTMENT
Column Name found in Datamart and Curated Table :: LIKELIHOOD
Column Name found in Datamart and Curated Table :: PRIORITY
Column Name found in Datamart and Curated Table :: ACTIVE
Column Name found in Datamart and Curated Table :: CREATEDON
Column Name found in Datamart and Curated Table :: ID
Column Name found in Datamart and Curated Table :: ISTUNEUP
Column Name found in Datamart and Curated Table :: MAXIMUMMATERIALCOSTINPERCENT
Column Name found in Datamart and Curated Table :: PROJECTLABELS
Column Name found in Datamart and Curated Table :: IMPORTID
Column Name found in Datamart and Curated Table :: MODIFIEDON
Column Name found in Datamart and Curated Table :: NOCHARGE
Column Name found in Datamart and Curated Table :: CREATEDBY_ID
Column Name found in Datamart and Curated Table :: SOLDTHRESHOLD
Datamart tables contains additional column name like [ACTIVE_FLAG, RECORD_CREATE_DATE, RECORD_UPDATE_DATE, RECORD_UPDATE_DATE, MASTER_ID, TENANT_TYPE]
Curated tables contains additional column name like [RECORD_CREATE_DATE, RECORD_UPDATE_DATE, RECORD_UPDATED_BY, TENANT_TYPE]]]>
  </system-out>
  <testcase classname="testcases.RAW_DATAMART_CURATED.SnowFlake_ColumnValidation_BKPTables" name="validateColumnName_BKP" time="2.074"/>
  <system-out>
    <![CDATA[Executing Snowflake query :: SELECT COLUMN_NAME FROM DEV_ENT_RAW.INFORMATION_SCHEMA.COLUMNS WHERE TABLE_NAME='CANCELJOBREASON'and TABLE_SCHEMA='ST_HDAIR_MATILLION'
Executing Snowflake query :: SELECT COLUMN_NAME FROM CURATED_DATAMART.INFORMATION_SCHEMA.COLUMNS WHERE TABLE_NAME='STR_CANCELJOBREASON'and TABLE_SCHEMA='ST_BKP_HDAIR'
Executing Snowflake query :: SELECT COLUMN_NAME FROM DEV_ENT_CURATED.INFORMATION_SCHEMA.COLUMNS WHERE TABLE_NAME='DIM_CANCELJOBREASON'and TABLE_SCHEMA='MASTER_DIMENSIONS'
Column names for RAW Table --> CANCELJOBREASON :: [ACTIVE, NAME, IMPORTID, CREATEDON, ID, MODIFIEDON, CREATEDBY_ID]
Column names for DataMart Table --> STR_CANCELJOBREASON :: [NAME, ACTIVE, RECORD_UPDATE_DATE, ACTIVE_FLAG, ID, MASTER_ID, TENANT_TYPE, RECORD_CREATE_DATE, CREATEDBY_ID, CREATEDON, IMPORTID, MODIFIEDON]
Column names for Curated Table --> DIM_CANCELJOBREASON :: [ID, IMPORTID, TENANT_TYPE, MODIFIEDON, CREATEDON, RECORD_UPDATED_BY, RECORD_UPDATE_DATE, RECORD_CREATE_DATE, ACTIVE, CREATEDBY_ID, NAME]
Column Name found in Datamart and Curated Table :: ACTIVE
Column Name found in Datamart and Curated Table :: NAME
Column Name found in Datamart and Curated Table :: IMPORTID
Column Name found in Datamart and Curated Table :: CREATEDON
Column Name found in Datamart and Curated Table :: ID
Column Name found in Datamart and Curated Table :: MODIFIEDON
Column Name found in Datamart and Curated Table :: CREATEDBY_ID
Datamart tables contains additional column name like [ACTIVE_FLAG, RECORD_CREATE_DATE, RECORD_UPDATE_DATE, RECORD_UPDATE_DATE, MASTER_ID, TENANT_TYPE]
Curated tables contains additional column name like [RECORD_CREATE_DATE, RECORD_UPDATE_DATE, RECORD_UPDATED_BY, TENANT_TYPE]]]>
  </system-out>
  <testcase classname="testcases.RAW_DATAMART_CURATED.SnowFlake_ColumnValidation_BKPTables" name="validateColumnName_BKP" time="2.533"/>
  <system-out>
    <![CDATA[Executing Snowflake query :: SELECT COLUMN_NAME FROM DEV_ENT_RAW.INFORMATION_SCHEMA.COLUMNS WHERE TABLE_NAME='ESTIMATEITEM'and TABLE_SCHEMA='ST_HDAIR_MATILLION'
Executing Snowflake query :: SELECT COLUMN_NAME FROM CURATED_DATAMART.INFORMATION_SCHEMA.COLUMNS WHERE TABLE_NAME='STR_ESTIMATEITEM'and TABLE_SCHEMA='ST_BKP_HDAIR'
Executing Snowflake query :: SELECT COLUMN_NAME FROM DEV_ENT_CURATED.INFORMATION_SCHEMA.COLUMNS WHERE TABLE_NAME='DIM_ESTIMATEITEM'and TABLE_SCHEMA='MASTER_DIMENSIONS'
Column names for RAW Table --> ESTIMATEITEM :: [PROJECTLABELS, RENEWABLEMEMBERSHIP_ID, INVOICEITEM_ID, MEMBERPRICE, PROJECTORDER, DEMANDSTATUS, ID, SKU_ID, MARKUP, MEMBERSHIPBILLINGFREQUENCY, ITEMGROUPNAME, COSTOFSALEACCOUNT_ID, CREATEDBY_ID, CREATEDFROM_ID, CREATEDON, ORDER, TAXABLE, IMPORTID, ACTIVE, ADDONFLATAMOUNT, ALLOWDISCOUNTS, CHARGEABLE, DESCRIPTION, GENERALLEDGERACCOUNT_ID, INSTALLEDEQUIPMENT_ID, PAYSFLATAMOUNT, SOLDBY_ID, TOTAL, ISNOTGOINGTOBEDONE, TOTALCOST, ISHIDDENFROMCUSTOMER, ACCOUNT, MODIFIEDON, SKUREFERENCE_SKUID, UNITPRICE, PARENTITEM_ID, AUTOGLASSITEM_ID, COST, ESTIMATE_ID, EQUIPMENT_ID, ISADDON, QUANTITY, PRICEMODIFIER_ID, SCHEDULEDFLATAMOUNT, STANDARDPRICE, LASTUNITPRICESETBYEMPLOYEE, MEMBERSHIPDURATION, PAYSSOLDBYRATE, SKUREFERENCE_SKUTYPE, ITEMGROUPROOT_ID]
Column names for DataMart Table --> STR_ESTIMATEITEM :: [TENANT_TYPE, SCHEDULEDFLATAMOUNT, CREATEDFROM_ID, MEMBERSHIPBILLINGFREQUENCY, DEMANDSTATUS, SKU_ID, ACTIVE_FLAG, COSTOFSALEACCOUNT_ID, DESCRIPTION, EQUIPMENT_ID, ID, LASTUNITPRICESETBYEMPLOYEE, RECORD_CREATE_DATE, ACTIVE, ADDONFLATAMOUNT, GENERALLEDGERACCOUNT_ID, MASTER_ID, MEMBERSHIPDURATION, QUANTITY, PRICEMODIFIER_ID, ACCOUNT, PAYSSOLDBYRATE, MODIFIEDON, PAYSFLATAMOUNT, RENEWABLEMEMBERSHIP_ID, SOLDBY_ID, TOTAL, CHARGEABLE, CREATEDBY_ID, ISHIDDENFROMCUSTOMER, INVOICEITEM_ID, PARENTITEM_ID, SKUREFERENCE_SKUID, TOTALCOST, ALLOWDISCOUNTS, COST, CREATEDON, IMPORTID, ITEMGROUPNAME, ITEMGROUPROOT_ID, PROJECTORDER, RECORD_UPDATE_DATE, ESTIMATE_ID, MEMBERPRICE, PROJECTLABELS, AUTOGLASSITEM_ID, INSTALLEDEQUIPMENT_ID, ORDER, SKUREFERENCE_SKUTYPE, STANDARDPRICE, UNITPRICE, ISADDON, ISNOTGOINGTOBEDONE, MARKUP, TAXABLE]
Column names for Curated Table --> DIM_ESTIMATEITEM :: [CREATEDON, DEMANDSTATUS, MEMBERPRICE, MEMBERSHIPBILLINGFREQUENCY, MEMBERSHIPDURATION, SKUREFERENCE_SKUTYPE, ADDONFLATAMOUNT, AUTOGLASSITEM_ID, COST, ID, PAYSSOLDBYRATE, STANDARDPRICE, TENANT_TYPE, TOTAL, RECORD_CREATE_DATE, ITEMGROUPROOT_ID, PARENTITEM_ID, ORDER, PROJECTLABELS, SOLDBY_ID, PROJECTORDER, ACTIVE, ALLOWDISCOUNTS, CREATEDFROM_ID, DESCRIPTION, ESTIMATE_ID, MARKUP, ISADDON, CREATEDBY_ID, GENERALLEDGERACCOUNT_ID, INVOICEITEM_ID, PRICEMODIFIER_ID, RECORD_UPDATED_BY, SKUREFERENCE_SKUID, QUANTITY, CHARGEABLE, ISHIDDENFROMCUSTOMER, SKU_ID, COSTOFSALEACCOUNT_ID, ISNOTGOINGTOBEDONE, TOTALCOST, INSTALLEDEQUIPMENT_ID, ITEMGROUPNAME, PAYSFLATAMOUNT, TAXABLE, SCHEDULEDFLATAMOUNT, ACCOUNT, EQUIPMENT_ID, LASTUNITPRICESETBYEMPLOYEE, RENEWABLEMEMBERSHIP_ID, IMPORTID, RECORD_UPDATE_DATE, UNITPRICE, MODIFIEDON]
Column Name found in Datamart and Curated Table :: PROJECTLABELS
Column Name found in Datamart and Curated Table :: RENEWABLEMEMBERSHIP_ID
Column Name found in Datamart and Curated Table :: INVOICEITEM_ID
Column Name found in Datamart and Curated Table :: MEMBERPRICE
Column Name found in Datamart and Curated Table :: PROJECTORDER
Column Name found in Datamart and Curated Table :: DEMANDSTATUS
Column Name found in Datamart and Curated Table :: ID
Column Name found in Datamart and Curated Table :: SKU_ID
Column Name found in Datamart and Curated Table :: MARKUP
Column Name found in Datamart and Curated Table :: MEMBERSHIPBILLINGFREQUENCY
Column Name found in Datamart and Curated Table :: ITEMGROUPNAME
Column Name found in Datamart and Curated Table :: COSTOFSALEACCOUNT_ID
Column Name found in Datamart and Curated Table :: CREATEDBY_ID
Column Name found in Datamart and Curated Table :: CREATEDFROM_ID
Column Name found in Datamart and Curated Table :: CREATEDON
Column Name found in Datamart and Curated Table :: ORDER
Column Name found in Datamart and Curated Table :: TAXABLE
Column Name found in Datamart and Curated Table :: IMPORTID
Column Name found in Datamart and Curated Table :: ACTIVE
Column Name found in Datamart and Curated Table :: ADDONFLATAMOUNT
Column Name found in Datamart and Curated Table :: ALLOWDISCOUNTS
Column Name found in Datamart and Curated Table :: CHARGEABLE
Column Name found in Datamart and Curated Table :: DESCRIPTION
Column Name found in Datamart and Curated Table :: GENERALLEDGERACCOUNT_ID
Column Name found in Datamart and Curated Table :: INSTALLEDEQUIPMENT_ID
Column Name found in Datamart and Curated Table :: PAYSFLATAMOUNT
Column Name found in Datamart and Curated Table :: SOLDBY_ID
Column Name found in Datamart and Curated Table :: TOTAL
Column Name found in Datamart and Curated Table :: ISNOTGOINGTOBEDONE
Column Name found in Datamart and Curated Table :: TOTALCOST
Column Name found in Datamart and Curated Table :: ISHIDDENFROMCUSTOMER
Column Name found in Datamart and Curated Table :: ACCOUNT
Column Name found in Datamart and Curated Table :: MODIFIEDON
Column Name found in Datamart and Curated Table :: SKUREFERENCE_SKUID
Column Name found in Datamart and Curated Table :: UNITPRICE
Column Name found in Datamart and Curated Table :: PARENTITEM_ID
Column Name found in Datamart and Curated Table :: AUTOGLASSITEM_ID
Column Name found in Datamart and Curated Table :: COST
Column Name found in Datamart and Curated Table :: ESTIMATE_ID
Column Name found in Datamart and Curated Table :: EQUIPMENT_ID
Column Name found in Datamart and Curated Table :: ISADDON
Column Name found in Datamart and Curated Table :: QUANTITY
Column Name found in Datamart and Curated Table :: PRICEMODIFIER_ID
Column Name found in Datamart and Curated Table :: SCHEDULEDFLATAMOUNT
Column Name found in Datamart and Curated Table :: STANDARDPRICE
Column Name found in Datamart and Curated Table :: LASTUNITPRICESETBYEMPLOYEE
Column Name found in Datamart and Curated Table :: MEMBERSHIPDURATION
Column Name found in Datamart and Curated Table :: PAYSSOLDBYRATE
Column Name found in Datamart and Curated Table :: SKUREFERENCE_SKUTYPE
Column Name found in Datamart and Curated Table :: ITEMGROUPROOT_ID
Datamart tables contains additional column name like [ACTIVE_FLAG, RECORD_CREATE_DATE, RECORD_UPDATE_DATE, RECORD_UPDATE_DATE, MASTER_ID, TENANT_TYPE]
Curated tables contains additional column name like [RECORD_CREATE_DATE, RECORD_UPDATE_DATE, RECORD_UPDATED_BY, TENANT_TYPE]]]>
  </system-out>
  <testcase classname="testcases.RAW_DATAMART_CURATED.SnowFlake_ColumnValidation_BKPTables" name="validateColumnName_BKP" time="5.331"/>
  <system-out>
    <![CDATA[Executing Snowflake query :: SELECT COLUMN_NAME FROM DEV_ENT_RAW.INFORMATION_SCHEMA.COLUMNS WHERE TABLE_NAME='CONTACT'and TABLE_SCHEMA='ST_BILLFENWICK_MATILLION'
Executing Snowflake query :: SELECT COLUMN_NAME FROM CURATED_DATAMART.INFORMATION_SCHEMA.COLUMNS WHERE TABLE_NAME='STR_CONTACT'and TABLE_SCHEMA='ST_BKP_BILLFENWICK'
Executing Snowflake query :: SELECT COLUMN_NAME FROM DEV_ENT_CURATED.INFORMATION_SCHEMA.COLUMNS WHERE TABLE_NAME='DIM_CONTACT'and TABLE_SCHEMA='MASTER_DIMENSIONS'
Column names for RAW Table --> CONTACT :: [CREATEDON, MARKETINGUPDATESENABLED, MEMO, MODIFIEDON, CREATEDBY_ID, MESSAGESENABLED, REVERSEPHONE, ID, IMPORTID, INVOICESTATEMENTNOTIFICATION, OWNER_ID, TYPE, VALUE, JOBREMINDERSENABLED, ACTIVE]
Column names for DataMart Table --> STR_CONTACT :: [CREATEDON, ID, MEMO, MESSAGESENABLED, RECORD_UPDATE_DATE, TENANT_TYPE, IMPORTID, MARKETINGUPDATESENABLED, ACTIVE, TYPE, ACTIVE_FLAG, MODIFIEDON, OWNER_ID, RECORD_CREATE_DATE, VALUE, MASTER_ID, REVERSEPHONE, CREATEDBY_ID, INVOICESTATEMENTNOTIFICATION, JOBREMINDERSENABLED]
Column names for Curated Table --> DIM_CONTACT :: [MESSAGESENABLED, MODIFIEDON, CREATEDON, MEMO, OWNER_ID, CREATEDBY_ID, MARKETINGUPDATESENABLED, REVERSEPHONE, ID, IMPORTID, JOBREMINDERSENABLED, INVOICESTATEMENTNOTIFICATION, RECORD_CREATE_DATE, RECORD_UPDATED_BY, TENANT_TYPE, ACTIVE, RECORD_UPDATE_DATE, VALUE, TYPE]
Column Name found in Datamart and Curated Table :: CREATEDON
Column Name found in Datamart and Curated Table :: MARKETINGUPDATESENABLED
Column Name found in Datamart and Curated Table :: MEMO
Column Name found in Datamart and Curated Table :: MODIFIEDON
Column Name found in Datamart and Curated Table :: CREATEDBY_ID
Column Name found in Datamart and Curated Table :: MESSAGESENABLED
Column Name found in Datamart and Curated Table :: REVERSEPHONE
Column Name found in Datamart and Curated Table :: ID
Column Name found in Datamart and Curated Table :: IMPORTID
Column Name found in Datamart and Curated Table :: INVOICESTATEMENTNOTIFICATION
Column Name found in Datamart and Curated Table :: OWNER_ID
Column Name found in Datamart and Curated Table :: TYPE
Column Name found in Datamart and Curated Table :: VALUE
Column Name found in Datamart and Curated Table :: JOBREMINDERSENABLED
Column Name found in Datamart and Curated Table :: ACTIVE
Datamart tables contains additional column name like [ACTIVE_FLAG, RECORD_CREATE_DATE, RECORD_UPDATE_DATE, RECORD_UPDATE_DATE, MASTER_ID, TENANT_TYPE]
Curated tables contains additional column name like [RECORD_CREATE_DATE, RECORD_UPDATE_DATE, RECORD_UPDATED_BY, TENANT_TYPE]]]>
  </system-out>
  <testcase classname="testcases.RAW_DATAMART_CURATED.SnowFlake_ColumnValidation_BKPTables" name="validateColumnName_BKP" time="2.450"/>
  <system-out>
    <![CDATA[Executing Snowflake query :: SELECT COLUMN_NAME FROM DEV_ENT_RAW.INFORMATION_SCHEMA.COLUMNS WHERE TABLE_NAME='CONTACT'and TABLE_SCHEMA='ST_GOLDMEDAL_MATILLION'
Executing Snowflake query :: SELECT COLUMN_NAME FROM CURATED_DATAMART.INFORMATION_SCHEMA.COLUMNS WHERE TABLE_NAME='STR_CONTACT'and TABLE_SCHEMA='ST_BKP_GOLDMEDAL'
Executing Snowflake query :: SELECT COLUMN_NAME FROM DEV_ENT_CURATED.INFORMATION_SCHEMA.COLUMNS WHERE TABLE_NAME='DIM_CONTACT'and TABLE_SCHEMA='MASTER_DIMENSIONS'
Column names for RAW Table --> CONTACT :: [CREATEDBY_ID, CREATEDON, REVERSEPHONE, TYPE, ACTIVE, ID, VALUE, MEMO, MODIFIEDON, JOBREMINDERSENABLED, OWNER_ID, INVOICESTATEMENTNOTIFICATION, IMPORTID, MESSAGESENABLED, MARKETINGUPDATESENABLED]
Column names for DataMart Table --> STR_CONTACT :: [MASTER_ID, OWNER_ID, ACTIVE, CREATEDBY_ID, INVOICESTATEMENTNOTIFICATION, REVERSEPHONE, VALUE, ACTIVE_FLAG, CREATEDON, JOBREMINDERSENABLED, RECORD_CREATE_DATE, RECORD_UPDATE_DATE, ID, MODIFIEDON, MEMO, TENANT_TYPE, TYPE, IMPORTID, MARKETINGUPDATESENABLED, MESSAGESENABLED]
Column names for Curated Table --> DIM_CONTACT :: [MESSAGESENABLED, MODIFIEDON, CREATEDON, MEMO, OWNER_ID, CREATEDBY_ID, MARKETINGUPDATESENABLED, REVERSEPHONE, ID, IMPORTID, JOBREMINDERSENABLED, INVOICESTATEMENTNOTIFICATION, RECORD_CREATE_DATE, RECORD_UPDATED_BY, TENANT_TYPE, ACTIVE, RECORD_UPDATE_DATE, VALUE, TYPE]
Column Name found in Datamart and Curated Table :: CREATEDBY_ID
Column Name found in Datamart and Curated Table :: CREATEDON
Column Name found in Datamart and Curated Table :: REVERSEPHONE
Column Name found in Datamart and Curated Table :: TYPE
Column Name found in Datamart and Curated Table :: ACTIVE
Column Name found in Datamart and Curated Table :: ID
Column Name found in Datamart and Curated Table :: VALUE
Column Name found in Datamart and Curated Table :: MEMO
Column Name found in Datamart and Curated Table :: MODIFIEDON
Column Name found in Datamart and Curated Table :: JOBREMINDERSENABLED
Column Name found in Datamart and Curated Table :: OWNER_ID
Column Name found in Datamart and Curated Table :: INVOICESTATEMENTNOTIFICATION
Column Name found in Datamart and Curated Table :: IMPORTID
Column Name found in Datamart and Curated Table :: MESSAGESENABLED
Column Name found in Datamart and Curated Table :: MARKETINGUPDATESENABLED
Datamart tables contains additional column name like [ACTIVE_FLAG, RECORD_CREATE_DATE, RECORD_UPDATE_DATE, RECORD_UPDATE_DATE, MASTER_ID, TENANT_TYPE]
Curated tables contains additional column name like [RECORD_CREATE_DATE, RECORD_UPDATE_DATE, RECORD_UPDATED_BY, TENANT_TYPE]]]>
  </system-out>
  <testcase classname="testcases.RAW_DATAMART_CURATED.SnowFlake_ColumnValidation_BKPTables" name="validateColumnName_BKP" time="2.253"/>
  <system-out>
    <![CDATA[Executing Snowflake query :: SELECT COLUMN_NAME FROM DEV_ENT_RAW.INFORMATION_SCHEMA.COLUMNS WHERE TABLE_NAME='TAG'and TABLE_SCHEMA='ST_HORIZONSERVICES_MATILLION'
Executing Snowflake query :: SELECT COLUMN_NAME FROM CURATED_DATAMART.INFORMATION_SCHEMA.COLUMNS WHERE TABLE_NAME='STR_TAG'and TABLE_SCHEMA='ST_BKP_HORIZONSERVICES'
Executing Snowflake query :: SELECT COLUMN_NAME FROM DEV_ENT_CURATED.INFORMATION_SCHEMA.COLUMNS WHERE TABLE_NAME='DIM_TAG'and TABLE_SCHEMA='MASTER_DIMENSIONS'
Column names for RAW Table --> TAG :: [CREATEDBY_ID, MODIFIEDON, OWNER_ID, REMOVEDON, CREATEDON, IMPORTID, TYPE_ID, GENERATEDFOR_ID, MEMO, ACTIVE, GENERATEDFOREXTERNAL, ID, REMOVEDBY_ID]
Column names for DataMart Table --> STR_TAG :: [CREATEDON, REMOVEDON, SOURCE_PKEY_SPK, CREATEDBY_ID, GENERATEDFOR_ID, RECORD_UPDATE_DATE, ID, MASTER_ID, RECORD_CREATE_DATE, TYPE_ID, ACTIVE, GENERATEDFOREXTERNAL, MODIFIEDON, TENANT_TYPE, MEMO, REMOVEDBY_ID, ACTIVE_FLAG, IMPORTID, OWNER_ID]
Column names for Curated Table --> DIM_TAG :: [ACTIVE_FLAG, RECORD_CREATE_DATE, CREATEDON, RECORD_UPDATE_DATE, SOURCE_PKEY_SPK, GENERATEDFOR_ID, GENERATEDFOREXTERNAL, TYPE_ID, ACTIVE, CREATEDBY_ID, ID, MODIFIEDON, OWNER_ID, REMOVEDBY_ID, REMOVEDON, MEMO, RECORD_UPDATED_BY, IMPORTID, TENANT_TYPE]
Column Name found in Datamart and Curated Table :: CREATEDBY_ID
Column Name found in Datamart and Curated Table :: MODIFIEDON
Column Name found in Datamart and Curated Table :: OWNER_ID
Column Name found in Datamart and Curated Table :: REMOVEDON
Column Name found in Datamart and Curated Table :: CREATEDON
Column Name found in Datamart and Curated Table :: IMPORTID
Column Name found in Datamart and Curated Table :: TYPE_ID
Column Name found in Datamart and Curated Table :: GENERATEDFOR_ID
Column Name found in Datamart and Curated Table :: MEMO
Column Name found in Datamart and Curated Table :: ACTIVE
Column Name found in Datamart and Curated Table :: GENERATEDFOREXTERNAL
Column Name found in Datamart and Curated Table :: ID
Column Name found in Datamart and Curated Table :: REMOVEDBY_ID
Datamart tables contains additional column name like [ACTIVE_FLAG, RECORD_CREATE_DATE, RECORD_UPDATE_DATE, RECORD_UPDATE_DATE, MASTER_ID, TENANT_TYPE]
Curated tables contains additional column name like [RECORD_CREATE_DATE, RECORD_UPDATE_DATE, RECORD_UPDATED_BY, TENANT_TYPE]]]>
  </system-out>
  <testcase classname="testcases.RAW_DATAMART_CURATED.SnowFlake_ColumnValidation_BKPTables" name="validateColumnName_BKP" time="5.637"/>
  <system-out>
    <![CDATA[Executing Snowflake query :: SELECT COLUMN_NAME FROM DEV_ENT_RAW.INFORMATION_SCHEMA.COLUMNS WHERE TABLE_NAME='LOCATION'and TABLE_SCHEMA='ST_BILLFENWICK_MATILLION'
Executing Snowflake query :: SELECT COLUMN_NAME FROM CURATED_DATAMART.INFORMATION_SCHEMA.COLUMNS WHERE TABLE_NAME='STR_LOCATION'and TABLE_SCHEMA='ST_BKP_BILLFENWICK'
Executing Snowflake query :: SELECT COLUMN_NAME FROM DEV_ENT_CURATED.INFORMATION_SCHEMA.COLUMNS WHERE TABLE_NAME='DIM_LOCATION'and TABLE_SCHEMA='MASTER_DIMENSIONS'
Column names for RAW Table --> LOCATION :: [ADDRESS_LATITUDE, CREATEDON, RECURRINGSERVICE_ACTIVATEDBY, TAXABLE, TAXEXEMPT, RECURRINGSERVICE_CANCELLATIONDATE, ADDRESS_COUNTRY, ADDRESS_STATE, ADDRESS_STREET, AUTOLATITUDE, MODIFIEDON, RECURRINGSERVICE_TO, ADDRESS_LONGITUDE, ADDRESS_UNIT, PREFERREDTECHNICIAN_ID, RECURRINGSERVICE_MEMO, RECURRINGSERVICE_RECURRENCEINTERVAL, ZONE_ID, CREATEDBY_ID, NAME, TAXZONE_ID, ADDRESS_CITY, ADDRESS_ISMILITARY, AVALARAENTITYCODE, DONOTSENDTECHNICIAN_ID, NOCHARGE, RECURRINGSERVICE_ACTIVATEDFROM, SUMMARY, ESTIMATEDTAX, RECURRINGSERVICE_FROM, ACTIVE, IMPORTID, ISPREVAILINGWAGE, AUTOLONGITUDE, ID, ADDRESS_ISMANUALCOORDINATES, CUSTOMER_ID, ADDRESS_ZIP, RECURRINGSERVICE_TYPE]
Column names for DataMart Table --> STR_LOCATION :: [ADDRESS_LONGITUDE, ADDRESS_ZIP, AUTOLATITUDE, CREATEDBY_ID, NOCHARGE, PREFERREDTECHNICIAN_ID, RECURRINGSERVICE_TYPE, ZONE_ID, ADDRESS_UNIT, ESTIMATEDTAX, TAXZONE_ID, ACTIVE_FLAG, ADDRESS_ISMANUALCOORDINATES, ADDRESS_STREET, CREATEDON, RECURRINGSERVICE_ACTIVATEDBY, RECURRINGSERVICE_CANCELLATIONDATE, RECURRINGSERVICE_ACTIVATEDFROM, ID, RECURRINGSERVICE_RECURRENCEINTERVAL, ADDRESS_COUNTRY, ADDRESS_ISMILITARY, MASTER_ID, RECURRINGSERVICE_FROM, RECURRINGSERVICE_MEMO, ADDRESS_CITY, AVALARAENTITYCODE, TAXEXEMPT, ADDRESS_LATITUDE, CUSTOMER_ID, DONOTSENDTECHNICIAN_ID, RECURRINGSERVICE_TO, SUMMARY, ACTIVE, TAXABLE, ISPREVAILINGWAGE, RECORD_CREATE_DATE, TENANT_TYPE, ADDRESS_STATE, AUTOLONGITUDE, IMPORTID, NAME, RECORD_UPDATE_DATE, MODIFIEDON]
Column names for Curated Table --> DIM_LOCATION :: [ADDRESS_UNIT, AUTOLONGITUDE, RECURRINGSERVICE_ACTIVATEDFROM, RECURRINGSERVICE_TO, TAXABLE, ADDRESS_CITY, ADDRESS_LATITUDE, IMPORTID, NAME, RECURRINGSERVICE_MEMO, ADDRESS_LONGITUDE, ADDRESS_STATE, ADDRESS_STREET, DONOTSENDTECHNICIAN_ID, MODIFIEDON, TAXZONE_ID, ADDRESS_ISMANUALCOORDINATES, ESTIMATEDTAX, ISPREVAILINGWAGE, RECURRINGSERVICE_ACTIVATEDBY, AUTOLATITUDE, RECORD_UPDATED_BY, RECORD_UPDATE_DATE, SUMMARY, CUSTOMER_ID, ZONE_ID, TENANT_TYPE, ADDRESS_COUNTRY, ADDRESS_ZIP, NOCHARGE, RECURRINGSERVICE_FROM, RECURRINGSERVICE_RECURRENCEINTERVAL, CREATEDON, RECORD_CREATE_DATE, AVALARAENTITYCODE, RECURRINGSERVICE_CANCELLATIONDATE, RECURRINGSERVICE_TYPE, PREFERREDTECHNICIAN_ID, ACTIVE, ADDRESS_ISMILITARY, CREATEDBY_ID, ID, TAXEXEMPT]
Column Name found in Datamart and Curated Table :: ADDRESS_LATITUDE
Column Name found in Datamart and Curated Table :: CREATEDON
Column Name found in Datamart and Curated Table :: RECURRINGSERVICE_ACTIVATEDBY
Column Name found in Datamart and Curated Table :: TAXABLE
Column Name found in Datamart and Curated Table :: TAXEXEMPT
Column Name found in Datamart and Curated Table :: RECURRINGSERVICE_CANCELLATIONDATE
Column Name found in Datamart and Curated Table :: ADDRESS_COUNTRY
Column Name found in Datamart and Curated Table :: ADDRESS_STATE
Column Name found in Datamart and Curated Table :: ADDRESS_STREET
Column Name found in Datamart and Curated Table :: AUTOLATITUDE
Column Name found in Datamart and Curated Table :: MODIFIEDON
Column Name found in Datamart and Curated Table :: RECURRINGSERVICE_TO
Column Name found in Datamart and Curated Table :: ADDRESS_LONGITUDE
Column Name found in Datamart and Curated Table :: ADDRESS_UNIT
Column Name found in Datamart and Curated Table :: PREFERREDTECHNICIAN_ID
Column Name found in Datamart and Curated Table :: RECURRINGSERVICE_MEMO
Column Name found in Datamart and Curated Table :: RECURRINGSERVICE_RECURRENCEINTERVAL
Column Name found in Datamart and Curated Table :: ZONE_ID
Column Name found in Datamart and Curated Table :: CREATEDBY_ID
Column Name found in Datamart and Curated Table :: NAME
Column Name found in Datamart and Curated Table :: TAXZONE_ID
Column Name found in Datamart and Curated Table :: ADDRESS_CITY
Column Name found in Datamart and Curated Table :: ADDRESS_ISMILITARY
Column Name found in Datamart and Curated Table :: AVALARAENTITYCODE
Column Name found in Datamart and Curated Table :: DONOTSENDTECHNICIAN_ID
Column Name found in Datamart and Curated Table :: NOCHARGE
Column Name found in Datamart and Curated Table :: RECURRINGSERVICE_ACTIVATEDFROM
Column Name found in Datamart and Curated Table :: SUMMARY
Column Name found in Datamart and Curated Table :: ESTIMATEDTAX
Column Name found in Datamart and Curated Table :: RECURRINGSERVICE_FROM
Column Name found in Datamart and Curated Table :: ACTIVE
Column Name found in Datamart and Curated Table :: IMPORTID
Column Name found in Datamart and Curated Table :: ISPREVAILINGWAGE
Column Name found in Datamart and Curated Table :: AUTOLONGITUDE
Column Name found in Datamart and Curated Table :: ID
Column Name found in Datamart and Curated Table :: ADDRESS_ISMANUALCOORDINATES
Column Name found in Datamart and Curated Table :: CUSTOMER_ID
Column Name found in Datamart and Curated Table :: ADDRESS_ZIP
Column Name found in Datamart and Curated Table :: RECURRINGSERVICE_TYPE
Datamart tables contains additional column name like [ACTIVE_FLAG, RECORD_CREATE_DATE, RECORD_UPDATE_DATE, RECORD_UPDATE_DATE, MASTER_ID, TENANT_TYPE]
Curated tables contains additional column name like [RECORD_CREATE_DATE, RECORD_UPDATE_DATE, RECORD_UPDATED_BY, TENANT_TYPE]]]>
  </system-out>
  <testcase classname="testcases.RAW_DATAMART_CURATED.SnowFlake_ColumnValidation_BKPTables" name="validateColumnName_BKP" time="2.249"/>
  <system-out>
    <![CDATA[Executing Snowflake query :: SELECT COLUMN_NAME FROM DEV_ENT_RAW.INFORMATION_SCHEMA.COLUMNS WHERE TABLE_NAME='SERVICE'and TABLE_SCHEMA='ST_GOLDMEDAL_MATILLION'
Executing Snowflake query :: SELECT COLUMN_NAME FROM CURATED_DATAMART.INFORMATION_SCHEMA.COLUMNS WHERE TABLE_NAME='STR_SERVICE'and TABLE_SCHEMA='ST_BKP_GOLDMEDAL'
Executing Snowflake query :: SELECT COLUMN_NAME FROM DEV_ENT_CURATED.INFORMATION_SCHEMA.COLUMNS WHERE TABLE_NAME='DIM_SERVICE'and TABLE_SCHEMA='MASTER_DIMENSIONS'
Column names for RAW Table --> SERVICE :: [ADDONPRICE, BONUS, CREATEDBY_ID, MEMBERSHIP, ACCOUNT, ADDONMEMBERPRICE, ISOTTASK, BASERATE3, DESCRIPTION, TAXABLE, ADDONFLATAMOUNT, ALLOWDISCOUNTS, BUSINESSUNIT_ID, COPIEDFROM_ID, DISPLAYINAMOUNT, RECURRINGSERVICETYPE_ID, WORKFLOWACTION_ID, AVALARACOMMERCIALTAXCODE, EXCLUDEFROMPRICEBOOKWIZARD, IMAGES, IMPORTID, ISLABOR, MEMBERSHIPACTION, SCHEDULEDFLATAMOUNT, DISPATCHFEE, ID, LOYALTYPROGRAMELIGIBLE, PROVIDER_ID, PURCHASEORDERLIMITS_REVENUEPERCENT, QBITEMNAME, WARRANTY_DESCRIPTION, ACTIVE, MEMBERSHIPYEARS, MINIMUMLABORHOURS, PAYSCOMMISSION, PAYSSOLDBYRATE, EXTERNALID, ORIGINAL_ID, SOURCE, SOURCEVERSION, PAYTECHSPECIFICBONUS, ALLOWAPPLYTAGSTOENTITIES, AVALARARESIDENTIALTAXCODE, BASERATE2, COMMISSIONBONUS, DISPLAYNAME, GENERATEDTAGTARGETS, MEMBERPRICE, PRICE, MEMBERSHIPMONTHS, PAYSFLATAMOUNT, NOTAX, ARCHIVED, CROSSSALEGROUP, HOURS, MEMBERSHIPTYPE_ID, MODIFIEDON, AUTOGLASSTYPE, COST, CREATEDON, GENERALLEDGERACCOUNT_ID, ISTIMEANDMATERIAL, SOLDBYCOMMISSION, SYNCDATE, WARRANTY_DURATION, BASERATE1, CATEGORY_ID, ISDEFERREDREVENUE, NAME, PURCHASEORDERLIMITS_FLATAMOUNT, SUPPLIERIMAGES]
Column names for DataMart Table --> STR_SERVICE :: [ALLOWDISCOUNTS, AVALARACOMMERCIALTAXCODE, BASERATE3, BUSINESSUNIT_ID, NAME, WARRANTY_DURATION, SOURCE, ACCOUNT, ACTIVE_FLAG, ADDONMEMBERPRICE, BONUS, CREATEDBY_ID, ISTIMEANDMATERIAL, NOTAX, ORIGINAL_ID, PURCHASEORDERLIMITS_REVENUEPERCENT, RECURRINGSERVICETYPE_ID, SOLDBYCOMMISSION, TENANT_TYPE, WORKFLOWACTION_ID, CREATEDON, DISPLAYINAMOUNT, IMPORTID, IMAGES, MODIFIEDON, PROVIDER_ID, QBITEMNAME, ADDONPRICE, ARCHIVED, AUTOGLASSTYPE, CROSSSALEGROUP, MEMBERSHIPTYPE_ID, BASERATE1, DISPLAYNAME, ISLABOR, MINIMUMLABORHOURS, CATEGORY_ID, COMMISSIONBONUS, ID, PAYSFLATAMOUNT, PRICE, TAXABLE, MEMBERSHIPMONTHS, MEMBERSHIPYEARS, SCHEDULEDFLATAMOUNT, SOURCEVERSION, RECORD_CREATE_DATE, ACTIVE, DESCRIPTION, DISPATCHFEE, EXCLUDEFROMPRICEBOOKWIZARD, GENERATEDTAGTARGETS, LOYALTYPROGRAMELIGIBLE, PAYSCOMMISSION, EXTERNALID, HOURS, PAYTECHSPECIFICBONUS, ADDONFLATAMOUNT, AVALARARESIDENTIALTAXCODE, COPIEDFROM_ID, COST, MASTER_ID, MEMBERPRICE, MEMBERSHIP, PURCHASEORDERLIMITS_FLATAMOUNT, GENERALLEDGERACCOUNT_ID, RECORD_UPDATE_DATE, SUPPLIERIMAGES, SYNCDATE, WARRANTY_DESCRIPTION, ALLOWAPPLYTAGSTOENTITIES, BASERATE2, ISDEFERREDREVENUE, MEMBERSHIPACTION, ISOTTASK, PAYSSOLDBYRATE]
Column names for Curated Table --> DIM_SERVICE :: [ACCOUNT, ALLOWDISCOUNTS, BASERATE3, DESCRIPTION, DISPATCHFEE, ISOTTASK, MEMBERSHIP, SOLDBYCOMMISSION, DISPLAYNAME, AUTOGLASSTYPE, AVALARACOMMERCIALTAXCODE, BUSINESSUNIT_ID, COMMISSIONBONUS, NOTAX, EXTERNALID, PRICE, CATEGORY_ID, CREATEDON, CROSSSALEGROUP, MEMBERSHIPYEARS, PAYSFLATAMOUNT, PAYSSOLDBYRATE, WARRANTY_DURATION, MODIFIEDON, RECORD_CREATE_DATE, TAXABLE, MEMBERSHIPACTION, ADDONMEMBERPRICE, BONUS, COPIEDFROM_ID, ISDEFERREDREVENUE, SOURCE, ARCHIVED, BASERATE1, PURCHASEORDERLIMITS_REVENUEPERCENT, RECURRINGSERVICETYPE_ID, SOURCEVERSION, ALLOWAPPLYTAGSTOENTITIES, AVALARARESIDENTIALTAXCODE, DISPLAYINAMOUNT, GENERATEDTAGTARGETS, ISTIMEANDMATERIAL, PROVIDER_ID, ADDONFLATAMOUNT, COST, GENERALLEDGERACCOUNT_ID, MEMBERSHIPTYPE_ID, QBITEMNAME, WARRANTY_DESCRIPTION, EXCLUDEFROMPRICEBOOKWIZARD, ID, IMAGES, RECORD_UPDATED_BY, RECORD_UPDATE_DATE, NAME, ACTIVE, ADDONPRICE, LOYALTYPROGRAMELIGIBLE, PAYTECHSPECIFICBONUS, SUPPLIERIMAGES, HOURS, IMPORTID, MINIMUMLABORHOURS, PAYSCOMMISSION, WORKFLOWACTION_ID, MEMBERPRICE, BASERATE2, CREATEDBY_ID, MEMBERSHIPMONTHS, ORIGINAL_ID, SYNCDATE, ISLABOR, PURCHASEORDERLIMITS_FLATAMOUNT, TENANT_TYPE, SCHEDULEDFLATAMOUNT]
Column Name found in Datamart and Curated Table :: ADDONPRICE
Column Name found in Datamart and Curated Table :: BONUS
Column Name found in Datamart and Curated Table :: CREATEDBY_ID
Column Name found in Datamart and Curated Table :: MEMBERSHIP
Column Name found in Datamart and Curated Table :: ACCOUNT
Column Name found in Datamart and Curated Table :: ADDONMEMBERPRICE
Column Name found in Datamart and Curated Table :: ISOTTASK
Column Name found in Datamart and Curated Table :: BASERATE3
Column Name found in Datamart and Curated Table :: DESCRIPTION
Column Name found in Datamart and Curated Table :: TAXABLE
Column Name found in Datamart and Curated Table :: ADDONFLATAMOUNT
Column Name found in Datamart and Curated Table :: ALLOWDISCOUNTS
Column Name found in Datamart and Curated Table :: BUSINESSUNIT_ID
Column Name found in Datamart and Curated Table :: COPIEDFROM_ID
Column Name found in Datamart and Curated Table :: DISPLAYINAMOUNT
Column Name found in Datamart and Curated Table :: RECURRINGSERVICETYPE_ID
Column Name found in Datamart and Curated Table :: WORKFLOWACTION_ID
Column Name found in Datamart and Curated Table :: AVALARACOMMERCIALTAXCODE
Column Name found in Datamart and Curated Table :: EXCLUDEFROMPRICEBOOKWIZARD
Column Name found in Datamart and Curated Table :: IMAGES
Column Name found in Datamart and Curated Table :: IMPORTID
Column Name found in Datamart and Curated Table :: ISLABOR
Column Name found in Datamart and Curated Table :: MEMBERSHIPACTION
Column Name found in Datamart and Curated Table :: SCHEDULEDFLATAMOUNT
Column Name found in Datamart and Curated Table :: DISPATCHFEE
Column Name found in Datamart and Curated Table :: ID
Column Name found in Datamart and Curated Table :: LOYALTYPROGRAMELIGIBLE
Column Name found in Datamart and Curated Table :: PROVIDER_ID
Column Name found in Datamart and Curated Table :: PURCHASEORDERLIMITS_REVENUEPERCENT
Column Name found in Datamart and Curated Table :: QBITEMNAME
Column Name found in Datamart and Curated Table :: WARRANTY_DESCRIPTION
Column Name found in Datamart and Curated Table :: ACTIVE
Column Name found in Datamart and Curated Table :: MEMBERSHIPYEARS
Column Name found in Datamart and Curated Table :: MINIMUMLABORHOURS
Column Name found in Datamart and Curated Table :: PAYSCOMMISSION
Column Name found in Datamart and Curated Table :: PAYSSOLDBYRATE
Column Name found in Datamart and Curated Table :: EXTERNALID
Column Name found in Datamart and Curated Table :: ORIGINAL_ID
Column Name found in Datamart and Curated Table :: SOURCE
Column Name found in Datamart and Curated Table :: SOURCEVERSION
Column Name found in Datamart and Curated Table :: PAYTECHSPECIFICBONUS
Column Name found in Datamart and Curated Table :: ALLOWAPPLYTAGSTOENTITIES
Column Name found in Datamart and Curated Table :: AVALARARESIDENTIALTAXCODE
Column Name found in Datamart and Curated Table :: BASERATE2
Column Name found in Datamart and Curated Table :: COMMISSIONBONUS
Column Name found in Datamart and Curated Table :: DISPLAYNAME
Column Name found in Datamart and Curated Table :: GENERATEDTAGTARGETS
Column Name found in Datamart and Curated Table :: MEMBERPRICE
Column Name found in Datamart and Curated Table :: PRICE
Column Name found in Datamart and Curated Table :: MEMBERSHIPMONTHS
Column Name found in Datamart and Curated Table :: PAYSFLATAMOUNT
Column Name found in Datamart and Curated Table :: NOTAX
Column Name found in Datamart and Curated Table :: ARCHIVED
Column Name found in Datamart and Curated Table :: CROSSSALEGROUP
Column Name found in Datamart and Curated Table :: HOURS
Column Name found in Datamart and Curated Table :: MEMBERSHIPTYPE_ID
Column Name found in Datamart and Curated Table :: MODIFIEDON
Column Name found in Datamart and Curated Table :: AUTOGLASSTYPE
Column Name found in Datamart and Curated Table :: COST
Column Name found in Datamart and Curated Table :: CREATEDON
Column Name found in Datamart and Curated Table :: GENERALLEDGERACCOUNT_ID
Column Name found in Datamart and Curated Table :: ISTIMEANDMATERIAL
Column Name found in Datamart and Curated Table :: SOLDBYCOMMISSION
Column Name found in Datamart and Curated Table :: SYNCDATE
Column Name found in Datamart and Curated Table :: WARRANTY_DURATION
Column Name found in Datamart and Curated Table :: BASERATE1
Column Name found in Datamart and Curated Table :: CATEGORY_ID
Column Name found in Datamart and Curated Table :: ISDEFERREDREVENUE
Column Name found in Datamart and Curated Table :: NAME
Column Name found in Datamart and Curated Table :: PURCHASEORDERLIMITS_FLATAMOUNT
Column Name found in Datamart and Curated Table :: SUPPLIERIMAGES
Datamart tables contains additional column name like [ACTIVE_FLAG, RECORD_CREATE_DATE, RECORD_UPDATE_DATE, RECORD_UPDATE_DATE, MASTER_ID, TENANT_TYPE]
Curated tables contains additional column name like [RECORD_CREATE_DATE, RECORD_UPDATE_DATE, RECORD_UPDATED_BY, TENANT_TYPE]]]>
  </system-out>
  <testcase classname="testcases.RAW_DATAMART_CURATED.SnowFlake_ColumnValidation_BKPTables" name="validateColumnName_BKP" time="3.685"/>
  <system-out>
    <![CDATA[Executing Snowflake query :: SELECT COLUMN_NAME FROM DEV_ENT_RAW.INFORMATION_SCHEMA.COLUMNS WHERE TABLE_NAME='SKUASSET'and TABLE_SCHEMA='ST_CASTEEL_MATILLION'
Executing Snowflake query :: SELECT COLUMN_NAME FROM CURATED_DATAMART.INFORMATION_SCHEMA.COLUMNS WHERE TABLE_NAME='STR_SKUASSET'and TABLE_SCHEMA='ST_BKP_CASTEEL'
Executing Snowflake query :: SELECT COLUMN_NAME FROM DEV_ENT_CURATED.INFORMATION_SCHEMA.COLUMNS WHERE TABLE_NAME='DIM_SKUASSET'and TABLE_SCHEMA='MASTER_DIMENSIONS'
Column names for RAW Table --> SKUASSET :: [CREATEDON, IMPORTID, URL, EXTERNALURL, ALIAS, CREATEDBY_ID, ID, METADATA, ACTIVE, ORIGINALNAME, OWNER_ID, TYPE, ISEXTERNAL]
Column names for DataMart Table --> STR_SKUASSET :: [CREATEDBY_ID, EXTERNALURL, MASTER_ID, RECORD_CREATE_DATE, TENANT_TYPE, ACTIVE_FLAG, METADATA, ID, OWNER_ID, IMPORTID, RECORD_UPDATE_DATE, ISEXTERNAL, ORIGINALNAME, URL, ALIAS, CREATEDON, TYPE, ACTIVE]
Column names for Curated Table --> DIM_SKUASSET :: [EXTERNALURL, ORIGINALNAME, TENANT_TYPE, RECORD_UPDATE_DATE, ID, ISEXTERNAL, RECORD_CREATE_DATE, ALIAS, CREATEDON, RECORD_UPDATED_BY, TYPE, ACTIVE, CREATEDBY_ID, OWNER_ID, METADATA, URL, IMPORTID]
Column Name found in Datamart and Curated Table :: CREATEDON
Column Name found in Datamart and Curated Table :: IMPORTID
Column Name found in Datamart and Curated Table :: URL
Column Name found in Datamart and Curated Table :: EXTERNALURL
Column Name found in Datamart and Curated Table :: ALIAS
Column Name found in Datamart and Curated Table :: CREATEDBY_ID
Column Name found in Datamart and Curated Table :: ID
Column Name found in Datamart and Curated Table :: METADATA
Column Name found in Datamart and Curated Table :: ACTIVE
Column Name found in Datamart and Curated Table :: ORIGINALNAME
Column Name found in Datamart and Curated Table :: OWNER_ID
Column Name found in Datamart and Curated Table :: TYPE
Column Name found in Datamart and Curated Table :: ISEXTERNAL
Datamart tables contains additional column name like [ACTIVE_FLAG, RECORD_CREATE_DATE, RECORD_UPDATE_DATE, RECORD_UPDATE_DATE, MASTER_ID, TENANT_TYPE]
Curated tables contains additional column name like [RECORD_CREATE_DATE, RECORD_UPDATE_DATE, RECORD_UPDATED_BY, TENANT_TYPE]]]>
  </system-out>
  <testcase classname="testcases.RAW_DATAMART_CURATED.SnowFlake_ColumnValidation_BKPTables" name="validateColumnName_BKP" time="2.055"/>
  <system-out>
    <![CDATA[Executing Snowflake query :: SELECT COLUMN_NAME FROM DEV_ENT_RAW.INFORMATION_SCHEMA.COLUMNS WHERE TABLE_NAME='EQUIPMENT'and TABLE_SCHEMA='ST_HORIZONSERVICES_MATILLION'
Executing Snowflake query :: SELECT COLUMN_NAME FROM CURATED_DATAMART.INFORMATION_SCHEMA.COLUMNS WHERE TABLE_NAME='STR_EQUIPMENT'and TABLE_SCHEMA='ST_BKP_HORIZONSERVICES'
Executing Snowflake query :: SELECT COLUMN_NAME FROM DEV_ENT_CURATED.INFORMATION_SCHEMA.COLUMNS WHERE TABLE_NAME='DIM_EQUIPMENT'and TABLE_SCHEMA='MASTER_DIMENSIONS'
Column names for RAW Table --> EQUIPMENT :: [ACCOUNT, AVALARARESIDENTIALTAXCODE, DESCRIPTION, EXTERNALID, INVENTORYENABLEDBY_ID, PRICE, COST, ID, PAYSCOMMISSION, TAXABLE, SOURCE, ACTIVE, ADDONFLATAMOUNT, ALLOWDISCOUNTS, CATEGORY_ID, CREATEDON, HOURS, PAYSSOLDBYRATE, MODEL, ADDONPRICE, BUSINESSUNIT_ID, COSTOFSALEACCOUNT_ID, CROSSSALEGROUP, ISINVENTORY, MANUFACTURER, MANUFACTURERWARRANTY_DURATION, EXCLUDEFROMPRICEBOOKWIZARD, MODIFIEDON, BRAND, COMMISSIONBONUS, ISSERIALIZED, SOURCEVERSION, CREATEDBY_ID, LOYALTYPROGRAMELIGIBLE, SERVICEPROVIDERWARRANTY_DURATION, PAYSFLATAMOUNT, SERVICEPROVIDERWARRANTY_DESCRIPTION, UNITOFMEASURE, COPIEDFROM_ID, MEMBERPRICE, PROVIDER_ID, SERIALIZEDON, WARRANTYRESERVE, AVALARACOMMERCIALTAXCODE, DISPLAYNAME, GENERALLEDGERACCOUNT_ID, INVENTORYENABLEDON, SYNCDATE, TYPE_ID, PRIMARYVENDOR_ID, SCHEDULEDFLATAMOUNT, ASSETACCOUNT_ID, BONUS, MANUFACTURERWARRANTY_DESCRIPTION, NAME, PAYTECHSPECIFICBONUS, ADDONMEMBERPRICE, ARCHIVED, DISPLAYINAMOUNT, IMAGES, IMPORTID, ORIGINAL_ID, SUPPLIERIMAGES]
Column names for DataMart Table --> STR_EQUIPMENT :: [DESCRIPTION, HOURS, IMAGES, SCHEDULEDFLATAMOUNT, WARRANTYRESERVE, ASSETACCOUNT_ID, AVALARACOMMERCIALTAXCODE, INVENTORYENABLEDBY_ID, PAYSFLATAMOUNT, COST, EXTERNALID, MANUFACTURERWARRANTY_DESCRIPTION, SERVICEPROVIDERWARRANTY_DESCRIPTION, RECORD_UPDATE_DATE, NAME, PAYSSOLDBYRATE, ACCOUNT, CATEGORY_ID, DISPLAYINAMOUNT, MODIFIEDON, SOURCE, ORIGINAL_ID, PRICE, ACTIVE, ADDONFLATAMOUNT, ADDONPRICE, ARCHIVED, AVALARARESIDENTIALTAXCODE, COMMISSIONBONUS, INVENTORYENABLEDON, MANUFACTURER, TAXABLE, CREATEDBY_ID, DISPLAYNAME, IMPORTID, LOYALTYPROGRAMELIGIBLE, TENANT_TYPE, ADDONMEMBERPRICE, CREATEDON, MASTER_ID, SERVICEPROVIDERWARRANTY_DURATION, SERIALIZEDON, ACTIVE_FLAG, BUSINESSUNIT_ID, ID, PRIMARYVENDOR_ID, CROSSSALEGROUP, GENERALLEDGERACCOUNT_ID, ISINVENTORY, PAYTECHSPECIFICBONUS, ALLOWDISCOUNTS, BONUS, BRAND, COSTOFSALEACCOUNT_ID, EXCLUDEFROMPRICEBOOKWIZARD, MANUFACTURERWARRANTY_DURATION, MODEL, PAYSCOMMISSION, SOURCEVERSION, SYNCDATE, UNITOFMEASURE, MEMBERPRICE, ISSERIALIZED, SUPPLIERIMAGES, COPIEDFROM_ID, RECORD_CREATE_DATE, TYPE_ID, PROVIDER_ID]
Column names for Curated Table --> DIM_EQUIPMENT :: [ASSETACCOUNT_ID, COMMISSIONBONUS, COSTOFSALEACCOUNT_ID, MODEL, SCHEDULEDFLATAMOUNT, COPIEDFROM_ID, ISSERIALIZED, PAYSFLATAMOUNT, PAYTECHSPECIFICBONUS, RECORD_CREATE_DATE, SERVICEPROVIDERWARRANTY_DURATION, ID, AVALARACOMMERCIALTAXCODE, BONUS, HOURS, LOYALTYPROGRAMELIGIBLE, SOURCE, SERIALIZEDON, ADDONPRICE, EXCLUDEFROMPRICEBOOKWIZARD, PAYSCOMMISSION, ISINVENTORY, MODIFIEDON, ACTIVE, ADDONMEMBERPRICE, CREATEDON, EXTERNALID, PRIMARYVENDOR_ID, BUSINESSUNIT_ID, NAME, PAYSSOLDBYRATE, SYNCDATE, AVALARARESIDENTIALTAXCODE, BRAND, CREATEDBY_ID, DISPLAYINAMOUNT, MANUFACTURERWARRANTY_DESCRIPTION, TENANT_TYPE, MANUFACTURER, PROVIDER_ID, SOURCEVERSION, RECORD_UPDATED_BY, ACCOUNT, ADDONFLATAMOUNT, COST, DISPLAYNAME, INVENTORYENABLEDBY_ID, TAXABLE, ARCHIVED, RECORD_UPDATE_DATE, DESCRIPTION, CATEGORY_ID, ALLOWDISCOUNTS, GENERALLEDGERACCOUNT_ID, INVENTORYENABLEDON, PRICE, TYPE_ID, SUPPLIERIMAGES, UNITOFMEASURE, CROSSSALEGROUP, IMAGES, IMPORTID, ORIGINAL_ID, SERVICEPROVIDERWARRANTY_DESCRIPTION, MEMBERPRICE, WARRANTYRESERVE, MANUFACTURERWARRANTY_DURATION]
Column Name found in Datamart and Curated Table :: ACCOUNT
Column Name found in Datamart and Curated Table :: AVALARARESIDENTIALTAXCODE
Column Name found in Datamart and Curated Table :: DESCRIPTION
Column Name found in Datamart and Curated Table :: EXTERNALID
Column Name found in Datamart and Curated Table :: INVENTORYENABLEDBY_ID
Column Name found in Datamart and Curated Table :: PRICE
Column Name found in Datamart and Curated Table :: COST
Column Name found in Datamart and Curated Table :: ID
Column Name found in Datamart and Curated Table :: PAYSCOMMISSION
Column Name found in Datamart and Curated Table :: TAXABLE
Column Name found in Datamart and Curated Table :: SOURCE
Column Name found in Datamart and Curated Table :: ACTIVE
Column Name found in Datamart and Curated Table :: ADDONFLATAMOUNT
Column Name found in Datamart and Curated Table :: ALLOWDISCOUNTS
Column Name found in Datamart and Curated Table :: CATEGORY_ID
Column Name found in Datamart and Curated Table :: CREATEDON
Column Name found in Datamart and Curated Table :: HOURS
Column Name found in Datamart and Curated Table :: PAYSSOLDBYRATE
Column Name found in Datamart and Curated Table :: MODEL
Column Name found in Datamart and Curated Table :: ADDONPRICE
Column Name found in Datamart and Curated Table :: BUSINESSUNIT_ID
Column Name found in Datamart and Curated Table :: COSTOFSALEACCOUNT_ID
Column Name found in Datamart and Curated Table :: CROSSSALEGROUP
Column Name found in Datamart and Curated Table :: ISINVENTORY
Column Name found in Datamart and Curated Table :: MANUFACTURER
Column Name found in Datamart and Curated Table :: MANUFACTURERWARRANTY_DURATION
Column Name found in Datamart and Curated Table :: EXCLUDEFROMPRICEBOOKWIZARD
Column Name found in Datamart and Curated Table :: MODIFIEDON
Column Name found in Datamart and Curated Table :: BRAND
Column Name found in Datamart and Curated Table :: COMMISSIONBONUS
Column Name found in Datamart and Curated Table :: ISSERIALIZED
Column Name found in Datamart and Curated Table :: SOURCEVERSION
Column Name found in Datamart and Curated Table :: CREATEDBY_ID
Column Name found in Datamart and Curated Table :: LOYALTYPROGRAMELIGIBLE
Column Name found in Datamart and Curated Table :: SERVICEPROVIDERWARRANTY_DURATION
Column Name found in Datamart and Curated Table :: PAYSFLATAMOUNT
Column Name found in Datamart and Curated Table :: SERVICEPROVIDERWARRANTY_DESCRIPTION
Column Name found in Datamart and Curated Table :: UNITOFMEASURE
Column Name found in Datamart and Curated Table :: COPIEDFROM_ID
Column Name found in Datamart and Curated Table :: MEMBERPRICE
Column Name found in Datamart and Curated Table :: PROVIDER_ID
Column Name found in Datamart and Curated Table :: SERIALIZEDON
Column Name found in Datamart and Curated Table :: WARRANTYRESERVE
Column Name found in Datamart and Curated Table :: AVALARACOMMERCIALTAXCODE
Column Name found in Datamart and Curated Table :: DISPLAYNAME
Column Name found in Datamart and Curated Table :: GENERALLEDGERACCOUNT_ID
Column Name found in Datamart and Curated Table :: INVENTORYENABLEDON
Column Name found in Datamart and Curated Table :: SYNCDATE
Column Name found in Datamart and Curated Table :: TYPE_ID
Column Name found in Datamart and Curated Table :: PRIMARYVENDOR_ID
Column Name found in Datamart and Curated Table :: SCHEDULEDFLATAMOUNT
Column Name found in Datamart and Curated Table :: ASSETACCOUNT_ID
Column Name found in Datamart and Curated Table :: BONUS
Column Name found in Datamart and Curated Table :: MANUFACTURERWARRANTY_DESCRIPTION
Column Name found in Datamart and Curated Table :: NAME
Column Name found in Datamart and Curated Table :: PAYTECHSPECIFICBONUS
Column Name found in Datamart and Curated Table :: ADDONMEMBERPRICE
Column Name found in Datamart and Curated Table :: ARCHIVED
Column Name found in Datamart and Curated Table :: DISPLAYINAMOUNT
Column Name found in Datamart and Curated Table :: IMAGES
Column Name found in Datamart and Curated Table :: IMPORTID
Column Name found in Datamart and Curated Table :: ORIGINAL_ID
Column Name found in Datamart and Curated Table :: SUPPLIERIMAGES
Datamart tables contains additional column name like [ACTIVE_FLAG, RECORD_CREATE_DATE, RECORD_UPDATE_DATE, RECORD_UPDATE_DATE, MASTER_ID, TENANT_TYPE]
Curated tables contains additional column name like [RECORD_CREATE_DATE, RECORD_UPDATE_DATE, RECORD_UPDATED_BY, TENANT_TYPE]]]>
  </system-out>
  <testcase classname="testcases.RAW_DATAMART_CURATED.SnowFlake_ColumnValidation_BKPTables" name="validateColumnName_BKP" time="2.660"/>
  <system-out>
    <![CDATA[Executing Snowflake query :: SELECT COLUMN_NAME FROM DEV_ENT_RAW.INFORMATION_SCHEMA.COLUMNS WHERE TABLE_NAME='CALLREASON'and TABLE_SCHEMA='ST_HARP_MATILLION'
Executing Snowflake query :: SELECT COLUMN_NAME FROM CURATED_DATAMART.INFORMATION_SCHEMA.COLUMNS WHERE TABLE_NAME='STR_CALLREASON'and TABLE_SCHEMA='ST_BKP_HARP'
Executing Snowflake query :: SELECT COLUMN_NAME FROM DEV_ENT_CURATED.INFORMATION_SCHEMA.COLUMNS WHERE TABLE_NAME='DIM_CALLREASON'and TABLE_SCHEMA='MASTER_DIMENSIONS'
Column names for RAW Table --> CALLREASON :: [CREATEDON, MODIFIEDON, CREATEDBY_ID, ID, NAME, IMPORTID, ACTIVE, LEAD]
Column names for DataMart Table --> STR_CALLREASON :: [LEAD, MASTER_ID, ACTIVE, TENANT_TYPE, ID, MODIFIEDON, CREATEDON, ACTIVE_FLAG, CREATEDBY_ID, IMPORTID, RECORD_CREATE_DATE, RECORD_UPDATE_DATE, NAME]
Column names for Curated Table --> DIM_CALLREASON :: [CREATEDBY_ID, RECORD_CREATE_DATE, MODIFIEDON, LEAD, RECORD_UPDATED_BY, ACTIVE, ID, CREATEDON, IMPORTID, NAME, TENANT_TYPE, RECORD_UPDATE_DATE]
Column Name found in Datamart and Curated Table :: CREATEDON
Column Name found in Datamart and Curated Table :: MODIFIEDON
Column Name found in Datamart and Curated Table :: CREATEDBY_ID
Column Name found in Datamart and Curated Table :: ID
Column Name found in Datamart and Curated Table :: NAME
Column Name found in Datamart and Curated Table :: IMPORTID
Column Name found in Datamart and Curated Table :: ACTIVE
Column Name found in Datamart and Curated Table :: LEAD
Datamart tables contains additional column name like [ACTIVE_FLAG, RECORD_CREATE_DATE, RECORD_UPDATE_DATE, RECORD_UPDATE_DATE, MASTER_ID, TENANT_TYPE]
Curated tables contains additional column name like [RECORD_CREATE_DATE, RECORD_UPDATE_DATE, RECORD_UPDATED_BY, TENANT_TYPE]]]>
  </system-out>
  <testcase classname="testcases.RAW_DATAMART_CURATED.SnowFlake_ColumnValidation_BKPTables" name="validateColumnName_BKP" time="4.812"/>
  <system-out>
    <![CDATA[Executing Snowflake query :: SELECT COLUMN_NAME FROM DEV_ENT_RAW.INFORMATION_SCHEMA.COLUMNS WHERE TABLE_NAME='TECHNICIANSHIFT'and TABLE_SCHEMA='ST_HARP_MATILLION'
Executing Snowflake query :: SELECT COLUMN_NAME FROM CURATED_DATAMART.INFORMATION_SCHEMA.COLUMNS WHERE TABLE_NAME='STR_TECHNICIANSHIFT'and TABLE_SCHEMA='ST_BKP_HARP'
Executing Snowflake query :: SELECT COLUMN_NAME FROM DEV_ENT_CURATED.INFORMATION_SCHEMA.COLUMNS WHERE TABLE_NAME='DIM_TECHNICIANSHIFT'and TABLE_SCHEMA='MASTER_DIMENSIONS'
Column names for RAW Table --> TECHNICIANSHIFT :: []
Column names for DataMart Table --> STR_TECHNICIANSHIFT :: [SHIFTTYPE, START, TIMESHEETCODE_ID, ENDTIME, IMPORTID, TITLE, ACTIVE_FLAG, STARTDATE, ACTIVE, STARTTIME, END, BATCH, TIMESHEET_ID, CREATEDON, MASTER_ID, CREATEDBY_ID, ENDDATE, ID, RECORD_UPDATE_DATE, NOTE, RECORD_CREATE_DATE, TENANT_TYPE, TECHNICIAN_ID]
Column names for Curated Table --> DIM_TECHNICIANSHIFT :: [CREATEDON, TENANT_TYPE, TITLE, ACTIVE, NOTE, RECORD_CREATE_DATE, END, ID, RECORD_UPDATED_BY, TIMESHEETCODE_ID, IMPORTID, RECORD_UPDATE_DATE, STARTTIME, TECHNICIAN_ID, TIMESHEET_ID, CREATEDBY_ID, ENDDATE, START, SHIFTTYPE, BATCH, ENDTIME, STARTDATE]
Datamart tables contains additional column name like [ACTIVE_FLAG, RECORD_CREATE_DATE, RECORD_UPDATE_DATE, RECORD_UPDATE_DATE, MASTER_ID, TENANT_TYPE]
Curated tables contains additional column name like [RECORD_CREATE_DATE, RECORD_UPDATE_DATE, RECORD_UPDATED_BY, TENANT_TYPE]]]>
  </system-out>
  <testcase classname="testcases.RAW_DATAMART_CURATED.SnowFlake_ColumnValidation_BKPTables" name="validateColumnName_BKP" time="2.271"/>
  <system-out>
    <![CDATA[Executing Snowflake query :: SELECT COLUMN_NAME FROM DEV_ENT_RAW.INFORMATION_SCHEMA.COLUMNS WHERE TABLE_NAME='SKUASSET'and TABLE_SCHEMA='ST_MAITZ_MATILLION'
Executing Snowflake query :: SELECT COLUMN_NAME FROM CURATED_DATAMART.INFORMATION_SCHEMA.COLUMNS WHERE TABLE_NAME='STR_SKUASSET'and TABLE_SCHEMA='ST_BKP_MAITZ'
Executing Snowflake query :: SELECT COLUMN_NAME FROM DEV_ENT_CURATED.INFORMATION_SCHEMA.COLUMNS WHERE TABLE_NAME='DIM_SKUASSET'and TABLE_SCHEMA='MASTER_DIMENSIONS'
Column names for RAW Table --> SKUASSET :: [EXTERNALURL, IMPORTID, CREATEDON, TYPE, ISEXTERNAL, ID, URL, ORIGINALNAME, CREATEDBY_ID, METADATA, OWNER_ID, ACTIVE, ALIAS]
Column names for DataMart Table --> STR_SKUASSET :: [METADATA, ORIGINALNAME, CREATEDBY_ID, TYPE, ID, MASTER_ID, URL, ALIAS, ISEXTERNAL, ACTIVE, ACTIVE_FLAG, IMPORTID, CREATEDON, RECORD_CREATE_DATE, RECORD_UPDATE_DATE, EXTERNALURL, TENANT_TYPE, OWNER_ID]
Column names for Curated Table --> DIM_SKUASSET :: [EXTERNALURL, ORIGINALNAME, TENANT_TYPE, RECORD_UPDATE_DATE, ID, ISEXTERNAL, RECORD_CREATE_DATE, ALIAS, CREATEDON, RECORD_UPDATED_BY, TYPE, ACTIVE, CREATEDBY_ID, OWNER_ID, METADATA, URL, IMPORTID]
Column Name found in Datamart and Curated Table :: EXTERNALURL
Column Name found in Datamart and Curated Table :: IMPORTID
Column Name found in Datamart and Curated Table :: CREATEDON
Column Name found in Datamart and Curated Table :: TYPE
Column Name found in Datamart and Curated Table :: ISEXTERNAL
Column Name found in Datamart and Curated Table :: ID
Column Name found in Datamart and Curated Table :: URL
Column Name found in Datamart and Curated Table :: ORIGINALNAME
Column Name found in Datamart and Curated Table :: CREATEDBY_ID
Column Name found in Datamart and Curated Table :: METADATA
Column Name found in Datamart and Curated Table :: OWNER_ID
Column Name found in Datamart and Curated Table :: ACTIVE
Column Name found in Datamart and Curated Table :: ALIAS
Datamart tables contains additional column name like [ACTIVE_FLAG, RECORD_CREATE_DATE, RECORD_UPDATE_DATE, RECORD_UPDATE_DATE, MASTER_ID, TENANT_TYPE]
Curated tables contains additional column name like [RECORD_CREATE_DATE, RECORD_UPDATE_DATE, RECORD_UPDATED_BY, TENANT_TYPE]]]>
  </system-out>
  <testcase classname="testcases.RAW_DATAMART_CURATED.SnowFlake_ColumnValidation_BKPTables" name="validateColumnName_BKP" time="2.263"/>
  <system-out>
    <![CDATA[Executing Snowflake query :: SELECT COLUMN_NAME FROM DEV_ENT_RAW.INFORMATION_SCHEMA.COLUMNS WHERE TABLE_NAME='CATEGORY'and TABLE_SCHEMA='ST_HUTCHINSON_MATILLION'
Executing Snowflake query :: SELECT COLUMN_NAME FROM CURATED_DATAMART.INFORMATION_SCHEMA.COLUMNS WHERE TABLE_NAME='STR_CATEGORY'and TABLE_SCHEMA='ST_BKP_HUTCHINSON'
Executing Snowflake query :: SELECT COLUMN_NAME FROM DEV_ENT_CURATED.INFORMATION_SCHEMA.COLUMNS WHERE TABLE_NAME='DIM_CATEGORY'and TABLE_SCHEMA='MASTER_DIMENSIONS'
Column names for RAW Table --> CATEGORY :: [AVALARACOMMERCIALTAXCODE, CREATEDON, EXTERNALID, IMAGE, SKUIMAGES, NAME, SUPPLIERIMAGES, PARENT_ID, ACTIVE, BUSINESSUNIT_ID, SOURCEVERSION, DESCRIPTION, HIDEINMOBILE, ID, SOURCE, IMPORTID, CREATEDBY_ID, AVALARARESIDENTIALTAXCODE, CATEGORYTYPE, POSITION]
Column names for DataMart Table --> STR_CATEGORY :: [CATEGORYTYPE, PARENT_ID, RECORD_UPDATE_DATE, ACTIVE_FLAG, BUSINESSUNIT_ID, SUPPLIERIMAGES, AVALARARESIDENTIALTAXCODE, POSITION, RECORD_CREATE_DATE, IMAGE, ACTIVE, CREATEDON, ID, MASTER_ID, SOURCE, SOURCEVERSION, DESCRIPTION, EXTERNALID, SKUIMAGES, IMPORTID, AVALARACOMMERCIALTAXCODE, NAME, TENANT_TYPE, CREATEDBY_ID, HIDEINMOBILE]
Column names for Curated Table --> DIM_CATEGORY :: [AVALARARESIDENTIALTAXCODE, POSITION, SOURCEVERSION, IMAGE, ACTIVE, IMPORTID, NAME, SKUIMAGES, CREATEDBY_ID, PARENT_ID, SOURCE, DESCRIPTION, EXTERNALID, SUPPLIERIMAGES, AVALARACOMMERCIALTAXCODE, BUSINESSUNIT_ID, CATEGORYTYPE, ID, RECORD_UPDATE_DATE, TENANT_TYPE, RECORD_UPDATED_BY, CREATEDON, HIDEINMOBILE, RECORD_CREATE_DATE]
Column Name found in Datamart and Curated Table :: AVALARACOMMERCIALTAXCODE
Column Name found in Datamart and Curated Table :: CREATEDON
Column Name found in Datamart and Curated Table :: EXTERNALID
Column Name found in Datamart and Curated Table :: IMAGE
Column Name found in Datamart and Curated Table :: SKUIMAGES
Column Name found in Datamart and Curated Table :: NAME
Column Name found in Datamart and Curated Table :: SUPPLIERIMAGES
Column Name found in Datamart and Curated Table :: PARENT_ID
Column Name found in Datamart and Curated Table :: ACTIVE
Column Name found in Datamart and Curated Table :: BUSINESSUNIT_ID
Column Name found in Datamart and Curated Table :: SOURCEVERSION
Column Name found in Datamart and Curated Table :: DESCRIPTION
Column Name found in Datamart and Curated Table :: HIDEINMOBILE
Column Name found in Datamart and Curated Table :: ID
Column Name found in Datamart and Curated Table :: SOURCE
Column Name found in Datamart and Curated Table :: IMPORTID
Column Name found in Datamart and Curated Table :: CREATEDBY_ID
Column Name found in Datamart and Curated Table :: AVALARARESIDENTIALTAXCODE
Column Name found in Datamart and Curated Table :: CATEGORYTYPE
Column Name found in Datamart and Curated Table :: POSITION
Datamart tables contains additional column name like [ACTIVE_FLAG, RECORD_CREATE_DATE, RECORD_UPDATE_DATE, RECORD_UPDATE_DATE, MASTER_ID, TENANT_TYPE]
Curated tables contains additional column name like [RECORD_CREATE_DATE, RECORD_UPDATE_DATE, RECORD_UPDATED_BY, TENANT_TYPE]]]>
  </system-out>
  <testcase classname="testcases.RAW_DATAMART_CURATED.SnowFlake_ColumnValidation_BKPTables" name="validateColumnName_BKP" time="3.086"/>
  <system-out>
    <![CDATA[Executing Snowflake query :: SELECT COLUMN_NAME FROM DEV_ENT_RAW.INFORMATION_SCHEMA.COLUMNS WHERE TABLE_NAME='PURCHASEORDER'and TABLE_SCHEMA='ST_BILLFENWICK_MATILLION'
Executing Snowflake query :: SELECT COLUMN_NAME FROM CURATED_DATAMART.INFORMATION_SCHEMA.COLUMNS WHERE TABLE_NAME='STR_PURCHASEORDER'and TABLE_SCHEMA='ST_BKP_BILLFENWICK'
Executing Snowflake query :: SELECT COLUMN_NAME FROM DEV_ENT_CURATED.INFORMATION_SCHEMA.COLUMNS WHERE TABLE_NAME='DIM_PURCHASEORDER'and TABLE_SCHEMA='MASTER_DIMENSIONS'
Column names for RAW Table --> PURCHASEORDER :: [AMOUNT, SHIPTO_ISMILITARY, SHIPTO_STATE, SHIPTO_STREET, SHIPTO_UNIT, TECHNICIAN_ID, VENDORINVOICENUMBER, EXTERNALID, GROUPINGOPTION, REQUIREDON, TYPE_ID, SHIPTO_COUNTRY, NUMBER, ACTIVE, CANCELEDON, SUMMARY, ERRORMESSAGE, SENDINGMETHOD, SHIPTODESCRIPTION, VENDOR, CANCELEDBY_ID, CANCELEDREASON, ID, INVOICE_ID, JOB_ID, SHIPPING, TAXSCHEMA, TAXRATE, BUSINESSUNIT_ID, CREATEDON, IMPORTID, MARKUP, ROLLEDOVERFROMPURCHASEORDER_ID, SHIPTO_ISMANUALCOORDINATES, SHIPTO_LATITUDE, RECEIVEDON, STATUS, EXPORTID, SHIPTO_CITY, INVENTORYLOCATION_ID, CREATEDBY_ID, MODIFIEDON, SENTON, SHIPTO_ZIP, NOCHARGE, REQUISITION_ID, SENDSTATUS, SHIPTO_LONGITUDE, TAX, TRUCK_ID, BATCH_ID, DATE, POVENDOR_ID, PROJECT_ID, PROJECTLABELS, ISTIMEANDMATERIAL]
Column names for DataMart Table --> STR_PURCHASEORDER :: [ACTIVE_FLAG, EXPORTID, RECORD_CREATE_DATE, AMOUNT, DATE, RECEIVEDON, SHIPTO_LATITUDE, SHIPTO_STREET, STATUS, TAXRATE, REQUIREDON, TECHNICIAN_ID, RECORD_UPDATE_DATE, BUSINESSUNIT_ID, MARKUP, SENDINGMETHOD, SHIPTO_CITY, NUMBER, TAXSCHEMA, NOCHARGE, CANCELEDREASON, ID, INVENTORYLOCATION_ID, ISTIMEANDMATERIAL, SHIPTO_ISMANUALCOORDINATES, SHIPTO_ISMILITARY, SHIPTO_STATE, JOB_ID, POVENDOR_ID, SHIPTO_LONGITUDE, MODIFIEDON, PROJECTLABELS, SENDSTATUS, SHIPPING, SHIPTO_ZIP, SUMMARY, BATCH_ID, CANCELEDON, EXTERNALID, PROJECT_ID, ROLLEDOVERFROMPURCHASEORDER_ID, TRUCK_ID, TYPE_ID, SHIPTODESCRIPTION, SHIPTO_UNIT, CANCELEDBY_ID, CREATEDON, ERRORMESSAGE, CREATEDBY_ID, GROUPINGOPTION, INVOICE_ID, TAX, ACTIVE, IMPORTID, SENTON, TENANT_TYPE, MASTER_ID, SHIPTO_COUNTRY, VENDOR, VENDORINVOICENUMBER, REQUISITION_ID]
Column names for Curated Table --> DIM_PURCHASEORDER :: [ACTIVE, CANCELEDBY_ID, CANCELEDON, RECORD_CREATE_DATE, TRUCK_ID, ROLLEDOVERFROMPURCHASEORDER_ID, SHIPTO_LONGITUDE, TAXSCHEMA, BUSINESSUNIT_ID, POVENDOR_ID, SHIPTO_ISMANUALCOORDINATES, SHIPTO_ISMILITARY, CREATEDON, RECORD_UPDATE_DATE, NUMBER, AMOUNT, DATE, ERRORMESSAGE, EXPORTID, GROUPINGOPTION, INVOICE_ID, MODIFIEDON, PROJECT_ID, SHIPTO_COUNTRY, STATUS, RECORD_UPDATED_BY, TECHNICIAN_ID, SHIPTO_STATE, MARKUP, REQUISITION_ID, SENDSTATUS, SHIPTO_LATITUDE, SHIPTO_STREET, INVENTORYLOCATION_ID, TYPE_ID, BATCH_ID, CREATEDBY_ID, SENTON, PROJECTLABELS, SENDINGMETHOD, SHIPTO_CITY, TAXRATE, EXTERNALID, ID, TAX, VENDOR, IMPORTID, NOCHARGE, SHIPTO_ZIP, SUMMARY, TENANT_TYPE, SHIPPING, CANCELEDREASON, ISTIMEANDMATERIAL, JOB_ID, RECEIVEDON, SHIPTODESCRIPTION, SHIPTO_UNIT, VENDORINVOICENUMBER, REQUIREDON]
Column Name found in Datamart and Curated Table :: AMOUNT
Column Name found in Datamart and Curated Table :: SHIPTO_ISMILITARY
Column Name found in Datamart and Curated Table :: SHIPTO_STATE
Column Name found in Datamart and Curated Table :: SHIPTO_STREET
Column Name found in Datamart and Curated Table :: SHIPTO_UNIT
Column Name found in Datamart and Curated Table :: TECHNICIAN_ID
Column Name found in Datamart and Curated Table :: VENDORINVOICENUMBER
Column Name found in Datamart and Curated Table :: EXTERNALID
Column Name found in Datamart and Curated Table :: GROUPINGOPTION
Column Name found in Datamart and Curated Table :: REQUIREDON
Column Name found in Datamart and Curated Table :: TYPE_ID
Column Name found in Datamart and Curated Table :: SHIPTO_COUNTRY
Column Name found in Datamart and Curated Table :: NUMBER
Column Name found in Datamart and Curated Table :: ACTIVE
Column Name found in Datamart and Curated Table :: CANCELEDON
Column Name found in Datamart and Curated Table :: SUMMARY
Column Name found in Datamart and Curated Table :: ERRORMESSAGE
Column Name found in Datamart and Curated Table :: SENDINGMETHOD
Column Name found in Datamart and Curated Table :: SHIPTODESCRIPTION
Column Name found in Datamart and Curated Table :: VENDOR
Column Name found in Datamart and Curated Table :: CANCELEDBY_ID
Column Name found in Datamart and Curated Table :: CANCELEDREASON
Column Name found in Datamart and Curated Table :: ID
Column Name found in Datamart and Curated Table :: INVOICE_ID
Column Name found in Datamart and Curated Table :: JOB_ID
Column Name found in Datamart and Curated Table :: SHIPPING
Column Name found in Datamart and Curated Table :: TAXSCHEMA
Column Name found in Datamart and Curated Table :: TAXRATE
Column Name found in Datamart and Curated Table :: BUSINESSUNIT_ID
Column Name found in Datamart and Curated Table :: CREATEDON
Column Name found in Datamart and Curated Table :: IMPORTID
Column Name found in Datamart and Curated Table :: MARKUP
Column Name found in Datamart and Curated Table :: ROLLEDOVERFROMPURCHASEORDER_ID
Column Name found in Datamart and Curated Table :: SHIPTO_ISMANUALCOORDINATES
Column Name found in Datamart and Curated Table :: SHIPTO_LATITUDE
Column Name found in Datamart and Curated Table :: RECEIVEDON
Column Name found in Datamart and Curated Table :: STATUS
Column Name found in Datamart and Curated Table :: EXPORTID
Column Name found in Datamart and Curated Table :: SHIPTO_CITY
Column Name found in Datamart and Curated Table :: INVENTORYLOCATION_ID
Column Name found in Datamart and Curated Table :: CREATEDBY_ID
Column Name found in Datamart and Curated Table :: MODIFIEDON
Column Name found in Datamart and Curated Table :: SENTON
Column Name found in Datamart and Curated Table :: SHIPTO_ZIP
Column Name found in Datamart and Curated Table :: NOCHARGE
Column Name found in Datamart and Curated Table :: REQUISITION_ID
Column Name found in Datamart and Curated Table :: SENDSTATUS
Column Name found in Datamart and Curated Table :: SHIPTO_LONGITUDE
Column Name found in Datamart and Curated Table :: TAX
Column Name found in Datamart and Curated Table :: TRUCK_ID
Column Name found in Datamart and Curated Table :: BATCH_ID
Column Name found in Datamart and Curated Table :: DATE
Column Name found in Datamart and Curated Table :: POVENDOR_ID
Column Name found in Datamart and Curated Table :: PROJECT_ID
Column Name found in Datamart and Curated Table :: PROJECTLABELS
Column Name found in Datamart and Curated Table :: ISTIMEANDMATERIAL
Datamart tables contains additional column name like [ACTIVE_FLAG, RECORD_CREATE_DATE, RECORD_UPDATE_DATE, RECORD_UPDATE_DATE, MASTER_ID, TENANT_TYPE]
Curated tables contains additional column name like [RECORD_CREATE_DATE, RECORD_UPDATE_DATE, RECORD_UPDATED_BY, TENANT_TYPE]]]>
  </system-out>
  <testcase classname="testcases.RAW_DATAMART_CURATED.SnowFlake_ColumnValidation_BKPTables" name="validateColumnName_BKP" time="2.483"/>
  <system-out>
    <![CDATA[Executing Snowflake query :: SELECT COLUMN_NAME FROM DEV_ENT_RAW.INFORMATION_SCHEMA.COLUMNS WHERE TABLE_NAME='CALL'and TABLE_SCHEMA='ST_CASTEEL_MATILLION'
Executing Snowflake query :: SELECT COLUMN_NAME FROM CURATED_DATAMART.INFORMATION_SCHEMA.COLUMNS WHERE TABLE_NAME='STR_CALL'and TABLE_SCHEMA='ST_BKP_CASTEEL'
Executing Snowflake query :: SELECT COLUMN_NAME FROM DEV_ENT_CURATED.INFORMATION_SCHEMA.COLUMNS WHERE TABLE_NAME='DIM_CALL'and TABLE_SCHEMA='MASTER_DIMENSIONS'
Column names for RAW Table --> CALL :: [AGENT_ID, CALLSERVICE, CAMPAIGN_ID, CUSTOMER_ID, STATUS, REVIEWEDBY_ID, TAG, RECORDINGURL, CONVERSIONSCORE, JOB_ID, LOCATION_ID, MODIFIEDON, TYPE, TO, ACTIVE, DURATION, FOLLOWUP_ID, LEAD_ID, REVIEWINGBY_ID, FROM, RECORDINGID, CREATEDBY_ID, ID, WONTREVIEW, REASON_ID, RECORDINGPATH, CREATEDON, DIRECTION, ESTIMATE_ID, EXCUSEMEMO, IMPORTID, VOICEMAILPATH, SID]
Column names for DataMart Table --> STR_CALL :: [CALLSERVICE, CAMPAIGN_ID, CREATEDBY_ID, JOB_ID, REASON_ID, RECORD_CREATE_DATE, RECORD_UPDATE_DATE, STATUS, CONVERSIONSCORE, CREATEDON, DIRECTION, REVIEWEDBY_ID, SID, ACTIVE_FLAG, ESTIMATE_ID, ID, MODIFIEDON, TO, DURATION, MASTER_ID, RECORDINGPATH, REVIEWINGBY_ID, TENANT_TYPE, FOLLOWUP_ID, TAG, ACTIVE, AGENT_ID, EXCUSEMEMO, TYPE, CUSTOMER_ID, FROM, IMPORTID, RECORDINGURL, RECORDINGID, WONTREVIEW, LEAD_ID, LOCATION_ID, VOICEMAILPATH]
Column names for Curated Table --> DIM_CALL :: [ESTIMATE_ID, REASON_ID, WONTREVIEW, AGENT_ID, DIRECTION, FOLLOWUP_ID, LOCATION_ID, RECORDINGID, TAG, TYPE, CUSTOMER_ID, LEAD_ID, RECORDINGPATH, VOICEMAILPATH, STATUS, CONVERSIONSCORE, FROM, CREATEDBY_ID, DURATION, TENANT_TYPE, ACTIVE, CALLSERVICE, CAMPAIGN_ID, ID, RECORDINGURL, RECORD_UPDATE_DATE, RECORD_CREATE_DATE, JOB_ID, REVIEWEDBY_ID, TO, RECORD_UPDATED_BY, REVIEWINGBY_ID, SID, CREATEDON, EXCUSEMEMO, IMPORTID, MODIFIEDON]
Column Name found in Datamart and Curated Table :: AGENT_ID
Column Name found in Datamart and Curated Table :: CALLSERVICE
Column Name found in Datamart and Curated Table :: CAMPAIGN_ID
Column Name found in Datamart and Curated Table :: CUSTOMER_ID
Column Name found in Datamart and Curated Table :: STATUS
Column Name found in Datamart and Curated Table :: REVIEWEDBY_ID
Column Name found in Datamart and Curated Table :: TAG
Column Name found in Datamart and Curated Table :: RECORDINGURL
Column Name found in Datamart and Curated Table :: CONVERSIONSCORE
Column Name found in Datamart and Curated Table :: JOB_ID
Column Name found in Datamart and Curated Table :: LOCATION_ID
Column Name found in Datamart and Curated Table :: MODIFIEDON
Column Name found in Datamart and Curated Table :: TYPE
Column Name found in Datamart and Curated Table :: TO
Column Name found in Datamart and Curated Table :: ACTIVE
Column Name found in Datamart and Curated Table :: DURATION
Column Name found in Datamart and Curated Table :: FOLLOWUP_ID
Column Name found in Datamart and Curated Table :: LEAD_ID
Column Name found in Datamart and Curated Table :: REVIEWINGBY_ID
Column Name found in Datamart and Curated Table :: FROM
Column Name found in Datamart and Curated Table :: RECORDINGID
Column Name found in Datamart and Curated Table :: CREATEDBY_ID
Column Name found in Datamart and Curated Table :: ID
Column Name found in Datamart and Curated Table :: WONTREVIEW
Column Name found in Datamart and Curated Table :: REASON_ID
Column Name found in Datamart and Curated Table :: RECORDINGPATH
Column Name found in Datamart and Curated Table :: CREATEDON
Column Name found in Datamart and Curated Table :: DIRECTION
Column Name found in Datamart and Curated Table :: ESTIMATE_ID
Column Name found in Datamart and Curated Table :: EXCUSEMEMO
Column Name found in Datamart and Curated Table :: IMPORTID
Column Name found in Datamart and Curated Table :: VOICEMAILPATH
Column Name found in Datamart and Curated Table :: SID
Datamart tables contains additional column name like [ACTIVE_FLAG, RECORD_CREATE_DATE, RECORD_UPDATE_DATE, RECORD_UPDATE_DATE, MASTER_ID, TENANT_TYPE]
Curated tables contains additional column name like [RECORD_CREATE_DATE, RECORD_UPDATE_DATE, RECORD_UPDATED_BY, TENANT_TYPE]]]>
  </system-out>
  <testcase classname="testcases.RAW_DATAMART_CURATED.SnowFlake_ColumnValidation_BKPTables" name="validateColumnName_BKP" time="2.722">
    <failure message="The following asserts failed:
	null,
	null" type="java.lang.AssertionError">
      <![CDATA[java.lang.AssertionError: The following asserts failed:
null,
null
at org.testng.asserts.SoftAssert.assertAll(SoftAssert.java:47)
at org.testng.asserts.SoftAssert.assertAll(SoftAssert.java:31)
at testcases.RAW_DATAMART_CURATED.SnowFlake_ColumnValidation_BKPTables.validateColumnName_BKP(SnowFlake_ColumnValidation_BKPTables.java:120)
at jdk.internal.reflect.GeneratedMethodAccessor38.invoke(Unknown Source)
at java.base/jdk.internal.reflect.DelegatingMethodAccessorImpl.invoke(DelegatingMethodAccessorImpl.java:43)
at java.base/java.lang.reflect.Method.invoke(Method.java:568)
at org.testng.internal.MethodInvocationHelper.invokeMethod(MethodInvocationHelper.java:133)
at org.testng.internal.TestInvoker.invokeMethod(TestInvoker.java:598)
at org.testng.internal.TestInvoker.invokeTestMethod(TestInvoker.java:173)
at org.testng.internal.MethodRunner.runInSequence(MethodRunner.java:46)
at org.testng.internal.TestInvoker$MethodInvocationAgent.invoke(TestInvoker.java:824)
at org.testng.internal.TestInvoker.invokeTestMethods(TestInvoker.java:146)
at org.testng.internal.TestMethodWorker.invokeTestMethods(TestMethodWorker.java:146)
at org.testng.internal.TestMethodWorker.run(TestMethodWorker.java:128)
at java.base/java.util.ArrayList.forEach(ArrayList.java:1511)
at org.testng.TestRunner.privateRun(TestRunner.java:794)
at org.testng.TestRunner.run(TestRunner.java:596)
at org.testng.SuiteRunner.runTest(SuiteRunner.java:377)
at org.testng.SuiteRunner.runSequentially(SuiteRunner.java:371)
at org.testng.SuiteRunner.privateRun(SuiteRunner.java:332)
at org.testng.SuiteRunner.run(SuiteRunner.java:276)
at org.testng.SuiteRunnerWorker.runSuite(SuiteRunnerWorker.java:53)
at org.testng.SuiteRunnerWorker.run(SuiteRunnerWorker.java:96)
at org.testng.TestNG.runSuitesSequentially(TestNG.java:1212)
at org.testng.TestNG.runSuitesLocally(TestNG.java:1134)
at org.testng.TestNG.runSuites(TestNG.java:1063)
at org.testng.TestNG.run(TestNG.java:1031)
at org.testng.remote.AbstractRemoteTestNG.run(AbstractRemoteTestNG.java:115)
at org.testng.remote.RemoteTestNG.initAndRun(RemoteTestNG.java:251)
at org.testng.remote.RemoteTestNG.main(RemoteTestNG.java:77)
]]>
    </failure>
  </testcase> <!-- validateColumnName_BKP -->
  <system-out>
    <![CDATA[Executing Snowflake query :: SELECT COLUMN_NAME FROM DEV_ENT_RAW.INFORMATION_SCHEMA.COLUMNS WHERE TABLE_NAME='PROJECT'and TABLE_SCHEMA='ST_EANESHEATING_MATILLION'
Executing Snowflake query :: SELECT COLUMN_NAME FROM CURATED_DATAMART.INFORMATION_SCHEMA.COLUMNS WHERE TABLE_NAME='STR_PROJECT'and TABLE_SCHEMA='ST_BKP_EANESHEATING'
Executing Snowflake query :: SELECT COLUMN_NAME FROM DEV_ENT_CURATED.INFORMATION_SCHEMA.COLUMNS WHERE TABLE_NAME='DIM_PROJECT'and TABLE_SCHEMA='MASTER_DIMENSIONS'
Column names for RAW Table --> PROJECT :: [AUTHORIZATIONSIGNATURE, CUSTOMER_ID, NUMBER, ACKNOWLEDGEMENTSIGNATURE, COMPLETIONPERCENT, CONTRACTFOR, MODIFIEDON, RETAINAGEPERCENT, PROJECTSETTINGSTYPE, COMPLETEDON, COMPLETEDONACTUAL, CONTRACTSTARTDATE, ISPREVAILINGWAGE, LOCATION_ID, AREITEMSREORDERED, CREATEDON, ID, IMPORTID, PAYMENTTERM_ID, SUMMARY, TECHNICIANSIGNATURE, CONTRACTESTIMATE_ID, CREATEDBY_ID, ISRETAINAGEENABLED, NAME, REVENUERECOGNITIONMETHOD, COSTTOCOMPLETE, STARTEDON, ACTIVE]
Column names for DataMart Table --> STR_PROJECT :: [COMPLETEDONACTUAL, CREATEDON, MD5_VALUE, MODIFIEDON, RECORD_CREATE_DATE, COMPLETIONPERCENT, PROJECTSETTINGSTYPE, SUMMARY, ACKNOWLEDGEMENTSIGNATURE, LOCATION_ID, CONTRACTSTARTDATE, TECHNICIANSIGNATURE, CUSTOMER_ID, RETAINAGEPERCENT, IMPORTID, STARTEDON, TENANT_TYPE, PAYMENTTERM_ID, RECORD_UPDATE_DATE, ISPREVAILINGWAGE, ISRETAINAGEENABLED, NAME, ACTIVE_FLAG, AUTHORIZATIONSIGNATURE, COMPLETEDON, CONTRACTESTIMATE_ID, CONTRACTFOR, ID, MASTER_ID, CREATEDBY_ID, ACTIVE, AREITEMSREORDERED, NUMBER]
Column names for Curated Table --> DIM_PROJECT :: [RECORD_UPDATE_DATE, ACTIVE, AUTHORIZATIONSIGNATURE, COMPLETEDON, RETAINAGEPERCENT, IMPORTID, CONTRACTFOR, CONTRACTSTARTDATE, ID, ISRETAINAGEENABLED, RECORD_CREATE_DATE, RECORD_UPDATED_BY, TENANT_TYPE, PROJECTSETTINGSTYPE, TECHNICIANSIGNATURE, ISPREVAILINGWAGE, MD5_VALUE, NAME, PAYMENTTERM_ID, COMPLETEDONACTUAL, CUSTOMER_ID, NUMBER, AREITEMSREORDERED, CREATEDON, LOCATION_ID, MODIFIEDON, STARTEDON, ACKNOWLEDGEMENTSIGNATURE, COMPLETIONPERCENT, CONTRACTESTIMATE_ID, SUMMARY, CREATEDBY_ID]
Column Name found in Datamart and Curated Table :: AUTHORIZATIONSIGNATURE
Column Name found in Datamart and Curated Table :: CUSTOMER_ID
Column Name found in Datamart and Curated Table :: NUMBER
Column Name found in Datamart and Curated Table :: ACKNOWLEDGEMENTSIGNATURE
Column Name found in Datamart and Curated Table :: COMPLETIONPERCENT
Column Name found in Datamart and Curated Table :: CONTRACTFOR
Column Name found in Datamart and Curated Table :: MODIFIEDON
Column Name found in Datamart and Curated Table :: RETAINAGEPERCENT
Column Name found in Datamart and Curated Table :: PROJECTSETTINGSTYPE
Column Name found in Datamart and Curated Table :: COMPLETEDON
Column Name found in Datamart and Curated Table :: COMPLETEDONACTUAL
Column Name found in Datamart and Curated Table :: CONTRACTSTARTDATE
Column Name found in Datamart and Curated Table :: ISPREVAILINGWAGE
Column Name found in Datamart and Curated Table :: LOCATION_ID
Column Name found in Datamart and Curated Table :: AREITEMSREORDERED
Column Name found in Datamart and Curated Table :: CREATEDON
Column Name found in Datamart and Curated Table :: ID
Column Name found in Datamart and Curated Table :: IMPORTID
Column Name found in Datamart and Curated Table :: PAYMENTTERM_ID
Column Name found in Datamart and Curated Table :: SUMMARY
Column Name found in Datamart and Curated Table :: TECHNICIANSIGNATURE
Column Name found in Datamart and Curated Table :: CONTRACTESTIMATE_ID
Column Name found in Datamart and Curated Table :: CREATEDBY_ID
Column Name found in Datamart and Curated Table :: ISRETAINAGEENABLED
Column Name found in Datamart and Curated Table :: NAME
Column Name not found in Datamart and Curated Table :: REVENUERECOGNITIONMETHOD
Column Name not found in Datamart and Curated Table :: COSTTOCOMPLETE
Column Name found in Datamart and Curated Table :: STARTEDON
Column Name found in Datamart and Curated Table :: ACTIVE
Datamart tables contains additional column name like [ACTIVE_FLAG, RECORD_CREATE_DATE, RECORD_UPDATE_DATE, RECORD_UPDATE_DATE, MASTER_ID, TENANT_TYPE]
Curated tables contains additional column name like [RECORD_CREATE_DATE, RECORD_UPDATE_DATE, RECORD_UPDATED_BY, TENANT_TYPE]]]>
  </system-out>
  <testcase classname="testcases.RAW_DATAMART_CURATED.SnowFlake_ColumnValidation_BKPTables" name="validateColumnName_BKP" time="3.013"/>
  <system-out>
    <![CDATA[Executing Snowflake query :: SELECT COLUMN_NAME FROM DEV_ENT_RAW.INFORMATION_SCHEMA.COLUMNS WHERE TABLE_NAME='NONJOBAPPOINTMENT'and TABLE_SCHEMA='ST_MAITZ_MATILLION'
Executing Snowflake query :: SELECT COLUMN_NAME FROM CURATED_DATAMART.INFORMATION_SCHEMA.COLUMNS WHERE TABLE_NAME='STR_NONJOBAPPOINTMENT'and TABLE_SCHEMA='ST_BKP_MAITZ'
Executing Snowflake query :: SELECT COLUMN_NAME FROM DEV_ENT_CURATED.INFORMATION_SCHEMA.COLUMNS WHERE TABLE_NAME='DIM_NONJOBAPPOINTMENT'and TABLE_SCHEMA='MASTER_DIMENSIONS'
Column names for RAW Table --> NONJOBAPPOINTMENT :: []
Column names for DataMart Table --> STR_NONJOBAPPOINTMENT :: [CREATEDBY_ID, RECORD_UPDATE_DATE, TIMESHEETCODE_ID, ACTIVE_FLAG, TECHNICIAN_ID, ID, ISCOMPLETED, START, DEFINITION_ID, DURATION, EXPECTEDDURATION, NAME, ACTIVE, CREATEDON, REMOVETECHNICIANFROMCAPACITYPLANNING, TENANT_TYPE, TIMESHEET_ID, ALLDAY, CLEARTECHNICIANVIEW, IMPORTID, RECORD_CREATE_DATE, CLEARDISPATCHBOARD, MASTER_ID, SUMMARY]
Column names for Curated Table --> DIM_NONJOBAPPOINTMENT :: [IMPORTID, RECORD_UPDATE_DATE, TIMESHEET_ID, ID, ISCOMPLETED, CREATEDON, RECORD_UPDATED_BY, START, CLEARTECHNICIANVIEW, DURATION, EXPECTEDDURATION, ALLDAY, CLEARDISPATCHBOARD, RECORD_CREATE_DATE, TENANT_TYPE, TIMESHEETCODE_ID, NAME, DEFINITION_ID, SUMMARY, ACTIVE, CREATEDBY_ID, REMOVETECHNICIANFROMCAPACITYPLANNING, TECHNICIAN_ID]
Datamart tables contains additional column name like [ACTIVE_FLAG, RECORD_CREATE_DATE, RECORD_UPDATE_DATE, RECORD_UPDATE_DATE, MASTER_ID, TENANT_TYPE]
Curated tables contains additional column name like [RECORD_CREATE_DATE, RECORD_UPDATE_DATE, RECORD_UPDATED_BY, TENANT_TYPE]]]>
  </system-out>
  <testcase classname="testcases.RAW_DATAMART_CURATED.SnowFlake_ColumnValidation_BKPTables" name="validateColumnName_BKP" time="3.382"/>
  <system-out>
    <![CDATA[Executing Snowflake query :: SELECT COLUMN_NAME FROM DEV_ENT_RAW.INFORMATION_SCHEMA.COLUMNS WHERE TABLE_NAME='CALLREASON'and TABLE_SCHEMA='ST_SNELLHEATINGAIR_MATILLION'
Executing Snowflake query :: SELECT COLUMN_NAME FROM CURATED_DATAMART.INFORMATION_SCHEMA.COLUMNS WHERE TABLE_NAME='STR_CALLREASON'and TABLE_SCHEMA='ST_BKP_SNELLHEATINGAIR'
Executing Snowflake query :: SELECT COLUMN_NAME FROM DEV_ENT_CURATED.INFORMATION_SCHEMA.COLUMNS WHERE TABLE_NAME='DIM_CALLREASON'and TABLE_SCHEMA='MASTER_DIMENSIONS'
Column names for RAW Table --> CALLREASON :: [CREATEDON, LEAD, NAME, ACTIVE, IMPORTID, CREATEDBY_ID, ID, MODIFIEDON]
Column names for DataMart Table --> STR_CALLREASON :: [RECORD_CREATE_DATE, ACTIVE, NAME, CREATEDON, MASTER_ID, RECORD_UPDATE_DATE, ACTIVE_FLAG, CREATEDBY_ID, ID, IMPORTID, LEAD, MODIFIEDON, TENANT_TYPE]
Column names for Curated Table --> DIM_CALLREASON :: [CREATEDBY_ID, RECORD_CREATE_DATE, MODIFIEDON, LEAD, RECORD_UPDATED_BY, ACTIVE, ID, CREATEDON, IMPORTID, NAME, TENANT_TYPE, RECORD_UPDATE_DATE]
Column Name found in Datamart and Curated Table :: CREATEDON
Column Name found in Datamart and Curated Table :: LEAD
Column Name found in Datamart and Curated Table :: NAME
Column Name found in Datamart and Curated Table :: ACTIVE
Column Name found in Datamart and Curated Table :: IMPORTID
Column Name found in Datamart and Curated Table :: CREATEDBY_ID
Column Name found in Datamart and Curated Table :: ID
Column Name found in Datamart and Curated Table :: MODIFIEDON
Datamart tables contains additional column name like [ACTIVE_FLAG, RECORD_CREATE_DATE, RECORD_UPDATE_DATE, RECORD_UPDATE_DATE, MASTER_ID, TENANT_TYPE]
Curated tables contains additional column name like [RECORD_CREATE_DATE, RECORD_UPDATE_DATE, RECORD_UPDATED_BY, TENANT_TYPE]]]>
  </system-out>
  <testcase classname="testcases.RAW_DATAMART_CURATED.SnowFlake_ColumnValidation_BKPTables" name="validateColumnName_BKP" time="2.211"/>
  <system-out>
    <![CDATA[Executing Snowflake query :: SELECT COLUMN_NAME FROM DEV_ENT_RAW.INFORMATION_SCHEMA.COLUMNS WHERE TABLE_NAME='CANCELJOBREASON'and TABLE_SCHEMA='ST_MAITZ_MATILLION'
Executing Snowflake query :: SELECT COLUMN_NAME FROM CURATED_DATAMART.INFORMATION_SCHEMA.COLUMNS WHERE TABLE_NAME='STR_CANCELJOBREASON'and TABLE_SCHEMA='ST_BKP_MAITZ'
Executing Snowflake query :: SELECT COLUMN_NAME FROM DEV_ENT_CURATED.INFORMATION_SCHEMA.COLUMNS WHERE TABLE_NAME='DIM_CANCELJOBREASON'and TABLE_SCHEMA='MASTER_DIMENSIONS'
Column names for RAW Table --> CANCELJOBREASON :: [ACTIVE, CREATEDBY_ID, CREATEDON, IMPORTID, MODIFIEDON, ID, NAME]
Column names for DataMart Table --> STR_CANCELJOBREASON :: [ACTIVE_FLAG, MASTER_ID, NAME, MODIFIEDON, RECORD_CREATE_DATE, TENANT_TYPE, ID, IMPORTID, RECORD_UPDATE_DATE, CREATEDBY_ID, ACTIVE, CREATEDON]
Column names for Curated Table --> DIM_CANCELJOBREASON :: [ID, IMPORTID, TENANT_TYPE, MODIFIEDON, CREATEDON, RECORD_UPDATED_BY, RECORD_UPDATE_DATE, RECORD_CREATE_DATE, ACTIVE, CREATEDBY_ID, NAME]
Column Name found in Datamart and Curated Table :: ACTIVE
Column Name found in Datamart and Curated Table :: CREATEDBY_ID
Column Name found in Datamart and Curated Table :: CREATEDON
Column Name found in Datamart and Curated Table :: IMPORTID
Column Name found in Datamart and Curated Table :: MODIFIEDON
Column Name found in Datamart and Curated Table :: ID
Column Name found in Datamart and Curated Table :: NAME
Datamart tables contains additional column name like [ACTIVE_FLAG, RECORD_CREATE_DATE, RECORD_UPDATE_DATE, RECORD_UPDATE_DATE, MASTER_ID, TENANT_TYPE]
Curated tables contains additional column name like [RECORD_CREATE_DATE, RECORD_UPDATE_DATE, RECORD_UPDATED_BY, TENANT_TYPE]]]>
  </system-out>
  <testcase classname="testcases.RAW_DATAMART_CURATED.SnowFlake_ColumnValidation_BKPTables" name="validateColumnName_BKP" time="2.442"/>
  <system-out>
    <![CDATA[Executing Snowflake query :: SELECT COLUMN_NAME FROM DEV_ENT_RAW.INFORMATION_SCHEMA.COLUMNS WHERE TABLE_NAME='LEAD'and TABLE_SCHEMA='ST_HORIZONSERVICES_MATILLION'
Executing Snowflake query :: SELECT COLUMN_NAME FROM CURATED_DATAMART.INFORMATION_SCHEMA.COLUMNS WHERE TABLE_NAME='STR_LEAD'and TABLE_SCHEMA='ST_BKP_HORIZONSERVICES'
Executing Snowflake query :: SELECT COLUMN_NAME FROM DEV_ENT_CURATED.INFORMATION_SCHEMA.COLUMNS WHERE TABLE_NAME='DIM_LEAD'and TABLE_SCHEMA='MASTER_DIMENSIONS'
Column names for RAW Table --> LEAD :: [ID, CREATEDBY_ID, CREATEDON, PRIORITY, ACTIVE, CUSTOMER_ID, IMPORTID, JOBTYPE_ID, MODIFIEDON, PROJECT_ID, LOCATION_ID, STATUS, CAMPAIGN_ID, ESTIMATE_ID, LATESTFOLLOWUPDATE, SUMMARY, BUSINESSUNIT_ID]
Column names for DataMart Table --> STR_LEAD :: [ACTIVE_FLAG, CAMPAIGN_ID, ID, PROJECT_ID, LOCATION_ID, RECORD_UPDATE_DATE, TENANT_TYPE, PRIORITY, CREATEDBY_ID, CREATEDON, MD5_VALUE, MODIFIEDON, ESTIMATE_ID, RECORD_CREATE_DATE, SUMMARY, ACTIVE, JOBTYPE_ID, MASTER_ID, STATUS, LATESTFOLLOWUPDATE, BUSINESSUNIT_ID, CUSTOMER_ID, IMPORTID]
Column names for Curated Table --> DIM_LEAD :: [PRIORITY, ESTIMATE_ID, MD5_VALUE, MODIFIEDON, TENANT_TYPE, RECORD_UPDATED_BY, CUSTOMER_ID, PROJECT_ID, RECORD_CREATE_DATE, IMPORTID, STATUS, ACTIVE, BUSINESSUNIT_ID, CAMPAIGN_ID, CREATEDON, JOBTYPE_ID, LOCATION_ID, RECORD_UPDATE_DATE, CREATEDBY_ID, ID, LATESTFOLLOWUPDATE, SUMMARY]
Column Name found in Datamart and Curated Table :: ID
Column Name found in Datamart and Curated Table :: CREATEDBY_ID
Column Name found in Datamart and Curated Table :: CREATEDON
Column Name found in Datamart and Curated Table :: PRIORITY
Column Name found in Datamart and Curated Table :: ACTIVE
Column Name found in Datamart and Curated Table :: CUSTOMER_ID
Column Name found in Datamart and Curated Table :: IMPORTID
Column Name found in Datamart and Curated Table :: JOBTYPE_ID
Column Name found in Datamart and Curated Table :: MODIFIEDON
Column Name found in Datamart and Curated Table :: PROJECT_ID
Column Name found in Datamart and Curated Table :: LOCATION_ID
Column Name found in Datamart and Curated Table :: STATUS
Column Name found in Datamart and Curated Table :: CAMPAIGN_ID
Column Name found in Datamart and Curated Table :: ESTIMATE_ID
Column Name found in Datamart and Curated Table :: LATESTFOLLOWUPDATE
Column Name found in Datamart and Curated Table :: SUMMARY
Column Name found in Datamart and Curated Table :: BUSINESSUNIT_ID
Datamart tables contains additional column name like [ACTIVE_FLAG, RECORD_CREATE_DATE, RECORD_UPDATE_DATE, RECORD_UPDATE_DATE, MASTER_ID, TENANT_TYPE]
Curated tables contains additional column name like [RECORD_CREATE_DATE, RECORD_UPDATE_DATE, RECORD_UPDATED_BY, TENANT_TYPE]]]>
  </system-out>
  <testcase classname="testcases.RAW_DATAMART_CURATED.SnowFlake_ColumnValidation_BKPTables" name="validateColumnName_BKP" time="2.141"/>
  <system-out>
    <![CDATA[Executing Snowflake query :: SELECT COLUMN_NAME FROM DEV_ENT_RAW.INFORMATION_SCHEMA.COLUMNS WHERE TABLE_NAME='SERVICE'and TABLE_SCHEMA='ST_HUTCHINSON_MATILLION'
Executing Snowflake query :: SELECT COLUMN_NAME FROM CURATED_DATAMART.INFORMATION_SCHEMA.COLUMNS WHERE TABLE_NAME='STR_SERVICE'and TABLE_SCHEMA='ST_BKP_HUTCHINSON'
Executing Snowflake query :: SELECT COLUMN_NAME FROM DEV_ENT_CURATED.INFORMATION_SCHEMA.COLUMNS WHERE TABLE_NAME='DIM_SERVICE'and TABLE_SCHEMA='MASTER_DIMENSIONS'
Column names for RAW Table --> SERVICE :: [ACTIVE, ADDONFLATAMOUNT, ADDONPRICE, CATEGORY_ID, DISPLAYINAMOUNT, DISPLAYNAME, ID, IMPORTID, ISDEFERREDREVENUE, MEMBERPRICE, BASERATE2, CREATEDBY_ID, MEMBERSHIPACTION, MEMBERSHIPTYPE_ID, MEMBERSHIPYEARS, PURCHASEORDERLIMITS_FLATAMOUNT, QBITEMNAME, HOURS, IMAGES, ORIGINAL_ID, SOURCEVERSION, WARRANTY_DURATION, PAYSFLATAMOUNT, ARCHIVED, BONUS, COPIEDFROM_ID, NOTAX, WARRANTY_DESCRIPTION, EXTERNALID, RECURRINGSERVICETYPE_ID, PRICE, ACCOUNT, BASERATE3, DISPATCHFEE, LOYALTYPROGRAMELIGIBLE, MODIFIEDON, WORKFLOWACTION_ID, EXCLUDEFROMPRICEBOOKWIZARD, DESCRIPTION, NAME, SUPPLIERIMAGES, TAXABLE, AUTOGLASSTYPE, ISTIMEANDMATERIAL, MEMBERSHIP, MEMBERSHIPMONTHS, PROVIDER_ID, BASERATE1, COMMISSIONBONUS, PAYSSOLDBYRATE, SYNCDATE, PURCHASEORDERLIMITS_REVENUEPERCENT, ALLOWDISCOUNTS, AVALARARESIDENTIALTAXCODE, CREATEDON, CROSSSALEGROUP, ISOTTASK, SOLDBYCOMMISSION, ISLABOR, SOURCE, ADDONMEMBERPRICE, BUSINESSUNIT_ID, GENERALLEDGERACCOUNT_ID, MINIMUMLABORHOURS, GENERATEDTAGTARGETS, PAYSCOMMISSION, ALLOWAPPLYTAGSTOENTITIES, AVALARACOMMERCIALTAXCODE, COST, PAYTECHSPECIFICBONUS, SCHEDULEDFLATAMOUNT]
Column names for DataMart Table --> STR_SERVICE :: [ACCOUNT, ACTIVE_FLAG, AUTOGLASSTYPE, BONUS, DISPATCHFEE, MODIFIEDON, WARRANTY_DESCRIPTION, NOTAX, ACTIVE, COST, PAYSSOLDBYRATE, PROVIDER_ID, GENERATEDTAGTARGETS, ISTIMEANDMATERIAL, NAME, SOURCE, QBITEMNAME, AVALARARESIDENTIALTAXCODE, BASERATE2, MEMBERSHIPMONTHS, PURCHASEORDERLIMITS_REVENUEPERCENT, SUPPLIERIMAGES, BUSINESSUNIT_ID, DISPLAYNAME, HOURS, MEMBERPRICE, WORKFLOWACTION_ID, ADDONMEMBERPRICE, DISPLAYINAMOUNT, IMAGES, MASTER_ID, MINIMUMLABORHOURS, EXTERNALID, MEMBERSHIPACTION, MEMBERSHIPTYPE_ID, WARRANTY_DURATION, CATEGORY_ID, DESCRIPTION, GENERALLEDGERACCOUNT_ID, IMPORTID, TAXABLE, ALLOWDISCOUNTS, MEMBERSHIP, RECURRINGSERVICETYPE_ID, PAYSCOMMISSION, ADDONFLATAMOUNT, ARCHIVED, ID, PAYTECHSPECIFICBONUS, EXCLUDEFROMPRICEBOOKWIZARD, ISDEFERREDREVENUE, PRICE, TENANT_TYPE, RECORD_UPDATE_DATE, AVALARACOMMERCIALTAXCODE, BASERATE1, CREATEDBY_ID, CROSSSALEGROUP, LOYALTYPROGRAMELIGIBLE, ORIGINAL_ID, SOLDBYCOMMISSION, ISLABOR, ISOTTASK, SCHEDULEDFLATAMOUNT, CREATEDON, SYNCDATE, RECORD_CREATE_DATE, ALLOWAPPLYTAGSTOENTITIES, BASERATE3, COPIEDFROM_ID, PAYSFLATAMOUNT, ADDONPRICE, COMMISSIONBONUS, SOURCEVERSION, MEMBERSHIPYEARS, PURCHASEORDERLIMITS_FLATAMOUNT]
Column names for Curated Table --> DIM_SERVICE :: [ACCOUNT, ALLOWDISCOUNTS, BASERATE3, DESCRIPTION, DISPATCHFEE, ISOTTASK, MEMBERSHIP, SOLDBYCOMMISSION, DISPLAYNAME, AUTOGLASSTYPE, AVALARACOMMERCIALTAXCODE, BUSINESSUNIT_ID, COMMISSIONBONUS, NOTAX, EXTERNALID, PRICE, CATEGORY_ID, CREATEDON, CROSSSALEGROUP, MEMBERSHIPYEARS, PAYSFLATAMOUNT, PAYSSOLDBYRATE, WARRANTY_DURATION, MODIFIEDON, RECORD_CREATE_DATE, TAXABLE, MEMBERSHIPACTION, ADDONMEMBERPRICE, BONUS, COPIEDFROM_ID, ISDEFERREDREVENUE, SOURCE, ARCHIVED, BASERATE1, PURCHASEORDERLIMITS_REVENUEPERCENT, RECURRINGSERVICETYPE_ID, SOURCEVERSION, ALLOWAPPLYTAGSTOENTITIES, AVALARARESIDENTIALTAXCODE, DISPLAYINAMOUNT, GENERATEDTAGTARGETS, ISTIMEANDMATERIAL, PROVIDER_ID, ADDONFLATAMOUNT, COST, GENERALLEDGERACCOUNT_ID, MEMBERSHIPTYPE_ID, QBITEMNAME, WARRANTY_DESCRIPTION, EXCLUDEFROMPRICEBOOKWIZARD, ID, IMAGES, RECORD_UPDATED_BY, RECORD_UPDATE_DATE, NAME, ACTIVE, ADDONPRICE, LOYALTYPROGRAMELIGIBLE, PAYTECHSPECIFICBONUS, SUPPLIERIMAGES, HOURS, IMPORTID, MINIMUMLABORHOURS, PAYSCOMMISSION, WORKFLOWACTION_ID, MEMBERPRICE, BASERATE2, CREATEDBY_ID, MEMBERSHIPMONTHS, ORIGINAL_ID, SYNCDATE, ISLABOR, PURCHASEORDERLIMITS_FLATAMOUNT, TENANT_TYPE, SCHEDULEDFLATAMOUNT]
Column Name found in Datamart and Curated Table :: ACTIVE
Column Name found in Datamart and Curated Table :: ADDONFLATAMOUNT
Column Name found in Datamart and Curated Table :: ADDONPRICE
Column Name found in Datamart and Curated Table :: CATEGORY_ID
Column Name found in Datamart and Curated Table :: DISPLAYINAMOUNT
Column Name found in Datamart and Curated Table :: DISPLAYNAME
Column Name found in Datamart and Curated Table :: ID
Column Name found in Datamart and Curated Table :: IMPORTID
Column Name found in Datamart and Curated Table :: ISDEFERREDREVENUE
Column Name found in Datamart and Curated Table :: MEMBERPRICE
Column Name found in Datamart and Curated Table :: BASERATE2
Column Name found in Datamart and Curated Table :: CREATEDBY_ID
Column Name found in Datamart and Curated Table :: MEMBERSHIPACTION
Column Name found in Datamart and Curated Table :: MEMBERSHIPTYPE_ID
Column Name found in Datamart and Curated Table :: MEMBERSHIPYEARS
Column Name found in Datamart and Curated Table :: PURCHASEORDERLIMITS_FLATAMOUNT
Column Name found in Datamart and Curated Table :: QBITEMNAME
Column Name found in Datamart and Curated Table :: HOURS
Column Name found in Datamart and Curated Table :: IMAGES
Column Name found in Datamart and Curated Table :: ORIGINAL_ID
Column Name found in Datamart and Curated Table :: SOURCEVERSION
Column Name found in Datamart and Curated Table :: WARRANTY_DURATION
Column Name found in Datamart and Curated Table :: PAYSFLATAMOUNT
Column Name found in Datamart and Curated Table :: ARCHIVED
Column Name found in Datamart and Curated Table :: BONUS
Column Name found in Datamart and Curated Table :: COPIEDFROM_ID
Column Name found in Datamart and Curated Table :: NOTAX
Column Name found in Datamart and Curated Table :: WARRANTY_DESCRIPTION
Column Name found in Datamart and Curated Table :: EXTERNALID
Column Name found in Datamart and Curated Table :: RECURRINGSERVICETYPE_ID
Column Name found in Datamart and Curated Table :: PRICE
Column Name found in Datamart and Curated Table :: ACCOUNT
Column Name found in Datamart and Curated Table :: BASERATE3
Column Name found in Datamart and Curated Table :: DISPATCHFEE
Column Name found in Datamart and Curated Table :: LOYALTYPROGRAMELIGIBLE
Column Name found in Datamart and Curated Table :: MODIFIEDON
Column Name found in Datamart and Curated Table :: WORKFLOWACTION_ID
Column Name found in Datamart and Curated Table :: EXCLUDEFROMPRICEBOOKWIZARD
Column Name found in Datamart and Curated Table :: DESCRIPTION
Column Name found in Datamart and Curated Table :: NAME
Column Name found in Datamart and Curated Table :: SUPPLIERIMAGES
Column Name found in Datamart and Curated Table :: TAXABLE
Column Name found in Datamart and Curated Table :: AUTOGLASSTYPE
Column Name found in Datamart and Curated Table :: ISTIMEANDMATERIAL
Column Name found in Datamart and Curated Table :: MEMBERSHIP
Column Name found in Datamart and Curated Table :: MEMBERSHIPMONTHS
Column Name found in Datamart and Curated Table :: PROVIDER_ID
Column Name found in Datamart and Curated Table :: BASERATE1
Column Name found in Datamart and Curated Table :: COMMISSIONBONUS
Column Name found in Datamart and Curated Table :: PAYSSOLDBYRATE
Column Name found in Datamart and Curated Table :: SYNCDATE
Column Name found in Datamart and Curated Table :: PURCHASEORDERLIMITS_REVENUEPERCENT
Column Name found in Datamart and Curated Table :: ALLOWDISCOUNTS
Column Name found in Datamart and Curated Table :: AVALARARESIDENTIALTAXCODE
Column Name found in Datamart and Curated Table :: CREATEDON
Column Name found in Datamart and Curated Table :: CROSSSALEGROUP
Column Name found in Datamart and Curated Table :: ISOTTASK
Column Name found in Datamart and Curated Table :: SOLDBYCOMMISSION
Column Name found in Datamart and Curated Table :: ISLABOR
Column Name found in Datamart and Curated Table :: SOURCE
Column Name found in Datamart and Curated Table :: ADDONMEMBERPRICE
Column Name found in Datamart and Curated Table :: BUSINESSUNIT_ID
Column Name found in Datamart and Curated Table :: GENERALLEDGERACCOUNT_ID
Column Name found in Datamart and Curated Table :: MINIMUMLABORHOURS
Column Name found in Datamart and Curated Table :: GENERATEDTAGTARGETS
Column Name found in Datamart and Curated Table :: PAYSCOMMISSION
Column Name found in Datamart and Curated Table :: ALLOWAPPLYTAGSTOENTITIES
Column Name found in Datamart and Curated Table :: AVALARACOMMERCIALTAXCODE
Column Name found in Datamart and Curated Table :: COST
Column Name found in Datamart and Curated Table :: PAYTECHSPECIFICBONUS
Column Name found in Datamart and Curated Table :: SCHEDULEDFLATAMOUNT
Datamart tables contains additional column name like [ACTIVE_FLAG, RECORD_CREATE_DATE, RECORD_UPDATE_DATE, RECORD_UPDATE_DATE, MASTER_ID, TENANT_TYPE]
Curated tables contains additional column name like [RECORD_CREATE_DATE, RECORD_UPDATE_DATE, RECORD_UPDATED_BY, TENANT_TYPE]]]>
  </system-out>
  <testcase classname="testcases.RAW_DATAMART_CURATED.SnowFlake_ColumnValidation_BKPTables" name="validateColumnName_BKP" time="4.216"/>
  <system-out>
    <![CDATA[Executing Snowflake query :: SELECT COLUMN_NAME FROM DEV_ENT_RAW.INFORMATION_SCHEMA.COLUMNS WHERE TABLE_NAME='JOBASSIGNMENT'and TABLE_SCHEMA='ST_BILLFENWICK_MATILLION'
Executing Snowflake query :: SELECT COLUMN_NAME FROM CURATED_DATAMART.INFORMATION_SCHEMA.COLUMNS WHERE TABLE_NAME='STR_JOBASSIGNMENT'and TABLE_SCHEMA='ST_BKP_BILLFENWICK'
Executing Snowflake query :: SELECT COLUMN_NAME FROM DEV_ENT_CURATED.INFORMATION_SCHEMA.COLUMNS WHERE TABLE_NAME='DIM_JOBASSIGNMENT'and TABLE_SCHEMA='MASTER_DIMENSIONS'
Column names for RAW Table --> JOBASSIGNMENT :: [DRIVETIME_ID, JOB_ID, TECHNICIAN_ID, CREATEDON, GROSSPAY, MODIFIEDON, STATUS, PAYROLLROLE, ACTIVE, PAYTYPE, CREATEDBY_ID, ID, ISPAUSED, TECHNICIANROLE_ID, JOHNMOOREPAYROLLROLE, PROJECTLABELS, SPLIT, COMMISSIONRATE, IMPORTID]
Column names for DataMart Table --> STR_JOBASSIGNMENT :: [CREATEDBY_ID, RECORD_UPDATE_DATE, SOURCE_PKEY_SPK, CREATEDON, MASTER_ID, TECHNICIAN_ID, DRIVETIME_ID, GROSSPAY, STATUS, COMMISSIONRATE, ID, MODIFIEDON, ACTIVE_FLAG, PAYTYPE, RECORD_CREATE_DATE, SPLIT, TECHNICIANROLE_ID, IMPORTID, JOB_ID, PROJECTLABELS, JOHNMOOREPAYROLLROLE, PAYROLLROLE, ACTIVE, ISPAUSED, TENANT_TYPE]
Column names for Curated Table --> DIM_JOBASSIGNMENT :: [STATUS, COMMISSIONRATE, SPLIT, TECHNICIANROLE_ID, DRIVETIME_ID, GROSSPAY, RECORD_CREATE_DATE, JOHNMOOREPAYROLLROLE, MODIFIEDON, CREATEDBY_ID, ISPAUSED, SOURCE_PKEY_SPK, ID, PROJECTLABELS, RECORD_UPDATED_BY, PAYROLLROLE, JOB_ID, RECORD_UPDATE_DATE, TENANT_TYPE, IMPORTID, TECHNICIAN_ID, PAYTYPE, ACTIVE, CREATEDON]
Column Name found in Datamart and Curated Table :: DRIVETIME_ID
Column Name found in Datamart and Curated Table :: JOB_ID
Column Name found in Datamart and Curated Table :: TECHNICIAN_ID
Column Name found in Datamart and Curated Table :: CREATEDON
Column Name found in Datamart and Curated Table :: GROSSPAY
Column Name found in Datamart and Curated Table :: MODIFIEDON
Column Name found in Datamart and Curated Table :: STATUS
Column Name found in Datamart and Curated Table :: PAYROLLROLE
Column Name found in Datamart and Curated Table :: ACTIVE
Column Name found in Datamart and Curated Table :: PAYTYPE
Column Name found in Datamart and Curated Table :: CREATEDBY_ID
Column Name found in Datamart and Curated Table :: ID
Column Name found in Datamart and Curated Table :: ISPAUSED
Column Name found in Datamart and Curated Table :: TECHNICIANROLE_ID
Column Name found in Datamart and Curated Table :: JOHNMOOREPAYROLLROLE
Column Name found in Datamart and Curated Table :: PROJECTLABELS
Column Name found in Datamart and Curated Table :: SPLIT
Column Name found in Datamart and Curated Table :: COMMISSIONRATE
Column Name found in Datamart and Curated Table :: IMPORTID
Datamart tables contains additional column name like [ACTIVE_FLAG, RECORD_CREATE_DATE, RECORD_UPDATE_DATE, RECORD_UPDATE_DATE, MASTER_ID, TENANT_TYPE]
Curated tables contains additional column name like [RECORD_CREATE_DATE, RECORD_UPDATE_DATE, RECORD_UPDATED_BY, TENANT_TYPE]]]>
  </system-out>
  <testcase classname="testcases.RAW_DATAMART_CURATED.SnowFlake_ColumnValidation_BKPTables" name="validateColumnName_BKP" time="2.167"/>
  <system-out>
    <![CDATA[Executing Snowflake query :: SELECT COLUMN_NAME FROM DEV_ENT_RAW.INFORMATION_SCHEMA.COLUMNS WHERE TABLE_NAME='SERVICE'and TABLE_SCHEMA='ST_EANESHEATING_MATILLION'
Executing Snowflake query :: SELECT COLUMN_NAME FROM CURATED_DATAMART.INFORMATION_SCHEMA.COLUMNS WHERE TABLE_NAME='STR_SERVICE'and TABLE_SCHEMA='ST_BKP_EANESHEATING'
Executing Snowflake query :: SELECT COLUMN_NAME FROM DEV_ENT_CURATED.INFORMATION_SCHEMA.COLUMNS WHERE TABLE_NAME='DIM_SERVICE'and TABLE_SCHEMA='MASTER_DIMENSIONS'
Column names for RAW Table --> SERVICE :: [BASERATE2, CATEGORY_ID, DISPATCHFEE, DISPLAYINAMOUNT, PRICE, WARRANTY_DURATION, ACTIVE, ALLOWDISCOUNTS, BUSINESSUNIT_ID, GENERALLEDGERACCOUNT_ID, ISOTTASK, MEMBERSHIPTYPE_ID, PROVIDER_ID, AUTOGLASSTYPE, IMAGES, COST, GENERATEDTAGTARGETS, ID, NOTAX, PURCHASEORDERLIMITS_FLATAMOUNT, TAXABLE, BONUS, HOURS, WARRANTY_DESCRIPTION, QBITEMNAME, BASERATE1, CREATEDBY_ID, MEMBERSHIPMONTHS, MINIMUMLABORHOURS, ORIGINAL_ID, BASERATE3, NAME, SCHEDULEDFLATAMOUNT, SOLDBYCOMMISSION, MEMBERPRICE, ALLOWAPPLYTAGSTOENTITIES, PAYSCOMMISSION, DESCRIPTION, EXTERNALID, MEMBERSHIP, SUPPLIERIMAGES, LOYALTYPROGRAMELIGIBLE, ADDONMEMBERPRICE, ARCHIVED, ISLABOR, MODIFIEDON, PAYSSOLDBYRATE, PURCHASEORDERLIMITS_REVENUEPERCENT, SOURCEVERSION, PAYSFLATAMOUNT, ACCOUNT, ADDONPRICE, AVALARARESIDENTIALTAXCODE, COMMISSIONBONUS, COPIEDFROM_ID, EXCLUDEFROMPRICEBOOKWIZARD, SOURCE, ISDEFERREDREVENUE, DISPLAYNAME, ISTIMEANDMATERIAL, ADDONFLATAMOUNT, AVALARACOMMERCIALTAXCODE, CREATEDON, CROSSSALEGROUP, MEMBERSHIPYEARS, IMPORTID, SYNCDATE, WORKFLOWACTION_ID, MEMBERSHIPACTION, RECURRINGSERVICETYPE_ID, PAYTECHSPECIFICBONUS]
Column names for DataMart Table --> STR_SERVICE :: [ARCHIVED, AVALARACOMMERCIALTAXCODE, CREATEDBY_ID, CREATEDON, EXTERNALID, NOTAX, RECORD_CREATE_DATE, IMAGES, LOYALTYPROGRAMELIGIBLE, ALLOWDISCOUNTS, ISTIMEANDMATERIAL, MEMBERPRICE, MEMBERSHIPACTION, SCHEDULEDFLATAMOUNT, BASERATE3, COMMISSIONBONUS, MEMBERSHIP, PURCHASEORDERLIMITS_REVENUEPERCENT, RECURRINGSERVICETYPE_ID, SOURCEVERSION, ACCOUNT, DISPLAYINAMOUNT, GENERATEDTAGTARGETS, IMPORTID, MINIMUMLABORHOURS, AUTOGLASSTYPE, SYNCDATE, ADDONFLATAMOUNT, CROSSSALEGROUP, ISDEFERREDREVENUE, PAYSFLATAMOUNT, PAYSSOLDBYRATE, PRICE, RECORD_UPDATE_DATE, EXCLUDEFROMPRICEBOOKWIZARD, MEMBERSHIPTYPE_ID, BONUS, COPIEDFROM_ID, GENERALLEDGERACCOUNT_ID, ORIGINAL_ID, PAYTECHSPECIFICBONUS, SOLDBYCOMMISSION, PAYSCOMMISSION, ACTIVE, ACTIVE_FLAG, ALLOWAPPLYTAGSTOENTITIES, BUSINESSUNIT_ID, CATEGORY_ID, COST, ID, MEMBERSHIPYEARS, ADDONPRICE, DISPATCHFEE, MODIFIEDON, SOURCE, WARRANTY_DURATION, NAME, QBITEMNAME, BASERATE2, PROVIDER_ID, ISOTTASK, MEMBERSHIPMONTHS, SUPPLIERIMAGES, DESCRIPTION, TAXABLE, WARRANTY_DESCRIPTION, TENANT_TYPE, BASERATE1, ADDONMEMBERPRICE, AVALARARESIDENTIALTAXCODE, DISPLAYNAME, HOURS, ISLABOR, MASTER_ID, PURCHASEORDERLIMITS_FLATAMOUNT, WORKFLOWACTION_ID]
Column names for Curated Table --> DIM_SERVICE :: [ACCOUNT, ALLOWDISCOUNTS, BASERATE3, DESCRIPTION, DISPATCHFEE, ISOTTASK, MEMBERSHIP, SOLDBYCOMMISSION, DISPLAYNAME, AUTOGLASSTYPE, AVALARACOMMERCIALTAXCODE, BUSINESSUNIT_ID, COMMISSIONBONUS, NOTAX, EXTERNALID, PRICE, CATEGORY_ID, CREATEDON, CROSSSALEGROUP, MEMBERSHIPYEARS, PAYSFLATAMOUNT, PAYSSOLDBYRATE, WARRANTY_DURATION, MODIFIEDON, RECORD_CREATE_DATE, TAXABLE, MEMBERSHIPACTION, ADDONMEMBERPRICE, BONUS, COPIEDFROM_ID, ISDEFERREDREVENUE, SOURCE, ARCHIVED, BASERATE1, PURCHASEORDERLIMITS_REVENUEPERCENT, RECURRINGSERVICETYPE_ID, SOURCEVERSION, ALLOWAPPLYTAGSTOENTITIES, AVALARARESIDENTIALTAXCODE, DISPLAYINAMOUNT, GENERATEDTAGTARGETS, ISTIMEANDMATERIAL, PROVIDER_ID, ADDONFLATAMOUNT, COST, GENERALLEDGERACCOUNT_ID, MEMBERSHIPTYPE_ID, QBITEMNAME, WARRANTY_DESCRIPTION, EXCLUDEFROMPRICEBOOKWIZARD, ID, IMAGES, RECORD_UPDATED_BY, RECORD_UPDATE_DATE, NAME, ACTIVE, ADDONPRICE, LOYALTYPROGRAMELIGIBLE, PAYTECHSPECIFICBONUS, SUPPLIERIMAGES, HOURS, IMPORTID, MINIMUMLABORHOURS, PAYSCOMMISSION, WORKFLOWACTION_ID, MEMBERPRICE, BASERATE2, CREATEDBY_ID, MEMBERSHIPMONTHS, ORIGINAL_ID, SYNCDATE, ISLABOR, PURCHASEORDERLIMITS_FLATAMOUNT, TENANT_TYPE, SCHEDULEDFLATAMOUNT]
Column Name found in Datamart and Curated Table :: BASERATE2
Column Name found in Datamart and Curated Table :: CATEGORY_ID
Column Name found in Datamart and Curated Table :: DISPATCHFEE
Column Name found in Datamart and Curated Table :: DISPLAYINAMOUNT
Column Name found in Datamart and Curated Table :: PRICE
Column Name found in Datamart and Curated Table :: WARRANTY_DURATION
Column Name found in Datamart and Curated Table :: ACTIVE
Column Name found in Datamart and Curated Table :: ALLOWDISCOUNTS
Column Name found in Datamart and Curated Table :: BUSINESSUNIT_ID
Column Name found in Datamart and Curated Table :: GENERALLEDGERACCOUNT_ID
Column Name found in Datamart and Curated Table :: ISOTTASK
Column Name found in Datamart and Curated Table :: MEMBERSHIPTYPE_ID
Column Name found in Datamart and Curated Table :: PROVIDER_ID
Column Name found in Datamart and Curated Table :: AUTOGLASSTYPE
Column Name found in Datamart and Curated Table :: IMAGES
Column Name found in Datamart and Curated Table :: COST
Column Name found in Datamart and Curated Table :: GENERATEDTAGTARGETS
Column Name found in Datamart and Curated Table :: ID
Column Name found in Datamart and Curated Table :: NOTAX
Column Name found in Datamart and Curated Table :: PURCHASEORDERLIMITS_FLATAMOUNT
Column Name found in Datamart and Curated Table :: TAXABLE
Column Name found in Datamart and Curated Table :: BONUS
Column Name found in Datamart and Curated Table :: HOURS
Column Name found in Datamart and Curated Table :: WARRANTY_DESCRIPTION
Column Name found in Datamart and Curated Table :: QBITEMNAME
Column Name found in Datamart and Curated Table :: BASERATE1
Column Name found in Datamart and Curated Table :: CREATEDBY_ID
Column Name found in Datamart and Curated Table :: MEMBERSHIPMONTHS
Column Name found in Datamart and Curated Table :: MINIMUMLABORHOURS
Column Name found in Datamart and Curated Table :: ORIGINAL_ID
Column Name found in Datamart and Curated Table :: BASERATE3
Column Name found in Datamart and Curated Table :: NAME
Column Name found in Datamart and Curated Table :: SCHEDULEDFLATAMOUNT
Column Name found in Datamart and Curated Table :: SOLDBYCOMMISSION
Column Name found in Datamart and Curated Table :: MEMBERPRICE
Column Name found in Datamart and Curated Table :: ALLOWAPPLYTAGSTOENTITIES
Column Name found in Datamart and Curated Table :: PAYSCOMMISSION
Column Name found in Datamart and Curated Table :: DESCRIPTION
Column Name found in Datamart and Curated Table :: EXTERNALID
Column Name found in Datamart and Curated Table :: MEMBERSHIP
Column Name found in Datamart and Curated Table :: SUPPLIERIMAGES
Column Name found in Datamart and Curated Table :: LOYALTYPROGRAMELIGIBLE
Column Name found in Datamart and Curated Table :: ADDONMEMBERPRICE
Column Name found in Datamart and Curated Table :: ARCHIVED
Column Name found in Datamart and Curated Table :: ISLABOR
Column Name found in Datamart and Curated Table :: MODIFIEDON
Column Name found in Datamart and Curated Table :: PAYSSOLDBYRATE
Column Name found in Datamart and Curated Table :: PURCHASEORDERLIMITS_REVENUEPERCENT
Column Name found in Datamart and Curated Table :: SOURCEVERSION
Column Name found in Datamart and Curated Table :: PAYSFLATAMOUNT
Column Name found in Datamart and Curated Table :: ACCOUNT
Column Name found in Datamart and Curated Table :: ADDONPRICE
Column Name found in Datamart and Curated Table :: AVALARARESIDENTIALTAXCODE
Column Name found in Datamart and Curated Table :: COMMISSIONBONUS
Column Name found in Datamart and Curated Table :: COPIEDFROM_ID
Column Name found in Datamart and Curated Table :: EXCLUDEFROMPRICEBOOKWIZARD
Column Name found in Datamart and Curated Table :: SOURCE
Column Name found in Datamart and Curated Table :: ISDEFERREDREVENUE
Column Name found in Datamart and Curated Table :: DISPLAYNAME
Column Name found in Datamart and Curated Table :: ISTIMEANDMATERIAL
Column Name found in Datamart and Curated Table :: ADDONFLATAMOUNT
Column Name found in Datamart and Curated Table :: AVALARACOMMERCIALTAXCODE
Column Name found in Datamart and Curated Table :: CREATEDON
Column Name found in Datamart and Curated Table :: CROSSSALEGROUP
Column Name found in Datamart and Curated Table :: MEMBERSHIPYEARS
Column Name found in Datamart and Curated Table :: IMPORTID
Column Name found in Datamart and Curated Table :: SYNCDATE
Column Name found in Datamart and Curated Table :: WORKFLOWACTION_ID
Column Name found in Datamart and Curated Table :: MEMBERSHIPACTION
Column Name found in Datamart and Curated Table :: RECURRINGSERVICETYPE_ID
Column Name found in Datamart and Curated Table :: PAYTECHSPECIFICBONUS
Datamart tables contains additional column name like [ACTIVE_FLAG, RECORD_CREATE_DATE, RECORD_UPDATE_DATE, RECORD_UPDATE_DATE, MASTER_ID, TENANT_TYPE]
Curated tables contains additional column name like [RECORD_CREATE_DATE, RECORD_UPDATE_DATE, RECORD_UPDATED_BY, TENANT_TYPE]]]>
  </system-out>
  <testcase classname="testcases.RAW_DATAMART_CURATED.SnowFlake_ColumnValidation_BKPTables" name="validateColumnName_BKP" time="2.515"/>
  <system-out>
    <![CDATA[Executing Snowflake query :: SELECT COLUMN_NAME FROM DEV_ENT_RAW.INFORMATION_SCHEMA.COLUMNS WHERE TABLE_NAME='MATERIAL'and TABLE_SCHEMA='ST_HUTCHINSON_MATILLION'
Executing Snowflake query :: SELECT COLUMN_NAME FROM CURATED_DATAMART.INFORMATION_SCHEMA.COLUMNS WHERE TABLE_NAME='STR_MATERIAL'and TABLE_SCHEMA='ST_BKP_HUTCHINSON'
Executing Snowflake query :: SELECT COLUMN_NAME FROM DEV_ENT_CURATED.INFORMATION_SCHEMA.COLUMNS WHERE TABLE_NAME='DIM_MATERIAL'and TABLE_SCHEMA='MASTER_DIMENSIONS'
Column names for RAW Table --> MATERIAL :: [BUSINESSUNIT_ID, CATEGORY_ID, ID, ISSERIALIZED, ADDONPRICE, COPIEDFROM_ID, GENERALLEDGERACCOUNT_ID, IMPORTID, INVENTORYENABLEDON, LOYALTYPROGRAMELIGIBLE, NAME, COST, SUPPLIERIMAGES, SCHEDULEDFLATAMOUNT, BONUS, CREATEDBY_ID, CROSSSALEGROUP, AVALARACOMMERCIALTAXCODE, COSTOFSALEACCOUNT_ID, CREATEDON, MODIFIEDON, TAXABLE, PAYSCOMMISSION, PAYSSOLDBYRATE, SERIALIZEDON, DEDUCTASJOBCOST, ADDONFLATAMOUNT, COMMISSIONBONUS, MEMBERPRICE, PURCHASEORDERLIMITS_FLATAMOUNT, SOLDBYCOMMISSION, ASSETACCOUNT_ID, PAYTECHSPECIFICBONUS, SOURCEVERSION, SYNCDATE, UNITOFMEASURE, ARCHIVED, ACCOUNT, ACTIVE, ADDONMEMBERPRICE, AVALARARESIDENTIALTAXCODE, DISPLAYNAME, EXCLUDEFROMPRICEBOOKWIZARD, ORIGINAL_ID, PURCHASEORDERLIMITS_REVENUEPERCENT, IMAGES, PROVIDER_ID, SOURCE, EXTERNALID, NOTAX, PAYSFLATAMOUNT, USEFIXEDMATERIALPRICE, PRIMARYVENDOR_ID, AUTOGLASSTYPE, DESCRIPTION, DISPLAYINAMOUNT, HOURS, INVENTORYENABLEDBY_ID, ISINVENTORY, PRICE]
Column names for DataMart Table --> STR_MATERIAL :: [ADDONPRICE, BONUS, CREATEDBY_ID, PAYSSOLDBYRATE, PAYTECHSPECIFICBONUS, SOLDBYCOMMISSION, ISINVENTORY, MODIFIEDON, SERIALIZEDON, PURCHASEORDERLIMITS_REVENUEPERCENT, IMPORTID, CREATEDON, DISPLAYNAME, TENANT_TYPE, CROSSSALEGROUP, MASTER_ID, CATEGORY_ID, COST, DEDUCTASJOBCOST, RECORD_CREATE_DATE, HOURS, PAYSCOMMISSION, UNITOFMEASURE, ACCOUNT, ACTIVE_FLAG, COPIEDFROM_ID, MEMBERPRICE, PROVIDER_ID, DESCRIPTION, DISPLAYINAMOUNT, NOTAX, PAYSFLATAMOUNT, SOURCE, NAME, INVENTORYENABLEDBY_ID, ORIGINAL_ID, SYNCDATE, TAXABLE, ACTIVE, ADDONMEMBERPRICE, AUTOGLASSTYPE, AVALARARESIDENTIALTAXCODE, EXTERNALID, GENERALLEDGERACCOUNT_ID, INVENTORYENABLEDON, PRIMARYVENDOR_ID, PURCHASEORDERLIMITS_FLATAMOUNT, SOURCEVERSION, SUPPLIERIMAGES, ID, ARCHIVED, ASSETACCOUNT_ID, BUSINESSUNIT_ID, COSTOFSALEACCOUNT_ID, EXCLUDEFROMPRICEBOOKWIZARD, SCHEDULEDFLATAMOUNT, IMAGES, ISSERIALIZED, RECORD_UPDATE_DATE, USEFIXEDMATERIALPRICE, ADDONFLATAMOUNT, AVALARACOMMERCIALTAXCODE, COMMISSIONBONUS, LOYALTYPROGRAMELIGIBLE, PRICE]
Column names for Curated Table --> DIM_MATERIAL :: [BUSINESSUNIT_ID, DEDUCTASJOBCOST, HOURS, MEMBERPRICE, MODIFIEDON, SCHEDULEDFLATAMOUNT, ARCHIVED, BONUS, COST, EXCLUDEFROMPRICEBOOKWIZARD, INVENTORYENABLEDON, SOURCE, ID, RECORD_UPDATED_BY, RECORD_UPDATE_DATE, ADDONPRICE, ASSETACCOUNT_ID, AVALARARESIDENTIALTAXCODE, DESCRIPTION, IMPORTID, ISSERIALIZED, PAYSSOLDBYRATE, ISINVENTORY, NOTAX, CREATEDBY_ID, PRIMARYVENDOR_ID, SERIALIZEDON, GENERALLEDGERACCOUNT_ID, RECORD_CREATE_DATE, CROSSSALEGROUP, SOLDBYCOMMISSION, ACTIVE, CATEGORY_ID, EXTERNALID, NAME, USEFIXEDMATERIALPRICE, INVENTORYENABLEDBY_ID, PAYTECHSPECIFICBONUS, PROVIDER_ID, PURCHASEORDERLIMITS_REVENUEPERCENT, SUPPLIERIMAGES, ACCOUNT, ADDONFLATAMOUNT, COMMISSIONBONUS, CREATEDON, PAYSCOMMISSION, DISPLAYINAMOUNT, SOURCEVERSION, COSTOFSALEACCOUNT_ID, DISPLAYNAME, IMAGES, ORIGINAL_ID, TAXABLE, COPIEDFROM_ID, UNITOFMEASURE, ADDONMEMBERPRICE, AUTOGLASSTYPE, AVALARACOMMERCIALTAXCODE, LOYALTYPROGRAMELIGIBLE, PRICE, PURCHASEORDERLIMITS_FLATAMOUNT, SYNCDATE, TENANT_TYPE, PAYSFLATAMOUNT]
Column Name found in Datamart and Curated Table :: BUSINESSUNIT_ID
Column Name found in Datamart and Curated Table :: CATEGORY_ID
Column Name found in Datamart and Curated Table :: ID
Column Name found in Datamart and Curated Table :: ISSERIALIZED
Column Name found in Datamart and Curated Table :: ADDONPRICE
Column Name found in Datamart and Curated Table :: COPIEDFROM_ID
Column Name found in Datamart and Curated Table :: GENERALLEDGERACCOUNT_ID
Column Name found in Datamart and Curated Table :: IMPORTID
Column Name found in Datamart and Curated Table :: INVENTORYENABLEDON
Column Name found in Datamart and Curated Table :: LOYALTYPROGRAMELIGIBLE
Column Name found in Datamart and Curated Table :: NAME
Column Name found in Datamart and Curated Table :: COST
Column Name found in Datamart and Curated Table :: SUPPLIERIMAGES
Column Name found in Datamart and Curated Table :: SCHEDULEDFLATAMOUNT
Column Name found in Datamart and Curated Table :: BONUS
Column Name found in Datamart and Curated Table :: CREATEDBY_ID
Column Name found in Datamart and Curated Table :: CROSSSALEGROUP
Column Name found in Datamart and Curated Table :: AVALARACOMMERCIALTAXCODE
Column Name found in Datamart and Curated Table :: COSTOFSALEACCOUNT_ID
Column Name found in Datamart and Curated Table :: CREATEDON
Column Name found in Datamart and Curated Table :: MODIFIEDON
Column Name found in Datamart and Curated Table :: TAXABLE
Column Name found in Datamart and Curated Table :: PAYSCOMMISSION
Column Name found in Datamart and Curated Table :: PAYSSOLDBYRATE
Column Name found in Datamart and Curated Table :: SERIALIZEDON
Column Name found in Datamart and Curated Table :: DEDUCTASJOBCOST
Column Name found in Datamart and Curated Table :: ADDONFLATAMOUNT
Column Name found in Datamart and Curated Table :: COMMISSIONBONUS
Column Name found in Datamart and Curated Table :: MEMBERPRICE
Column Name found in Datamart and Curated Table :: PURCHASEORDERLIMITS_FLATAMOUNT
Column Name found in Datamart and Curated Table :: SOLDBYCOMMISSION
Column Name found in Datamart and Curated Table :: ASSETACCOUNT_ID
Column Name found in Datamart and Curated Table :: PAYTECHSPECIFICBONUS
Column Name found in Datamart and Curated Table :: SOURCEVERSION
Column Name found in Datamart and Curated Table :: SYNCDATE
Column Name found in Datamart and Curated Table :: UNITOFMEASURE
Column Name found in Datamart and Curated Table :: ARCHIVED
Column Name found in Datamart and Curated Table :: ACCOUNT
Column Name found in Datamart and Curated Table :: ACTIVE
Column Name found in Datamart and Curated Table :: ADDONMEMBERPRICE
Column Name found in Datamart and Curated Table :: AVALARARESIDENTIALTAXCODE
Column Name found in Datamart and Curated Table :: DISPLAYNAME
Column Name found in Datamart and Curated Table :: EXCLUDEFROMPRICEBOOKWIZARD
Column Name found in Datamart and Curated Table :: ORIGINAL_ID
Column Name found in Datamart and Curated Table :: PURCHASEORDERLIMITS_REVENUEPERCENT
Column Name found in Datamart and Curated Table :: IMAGES
Column Name found in Datamart and Curated Table :: PROVIDER_ID
Column Name found in Datamart and Curated Table :: SOURCE
Column Name found in Datamart and Curated Table :: EXTERNALID
Column Name found in Datamart and Curated Table :: NOTAX
Column Name found in Datamart and Curated Table :: PAYSFLATAMOUNT
Column Name found in Datamart and Curated Table :: USEFIXEDMATERIALPRICE
Column Name found in Datamart and Curated Table :: PRIMARYVENDOR_ID
Column Name found in Datamart and Curated Table :: AUTOGLASSTYPE
Column Name found in Datamart and Curated Table :: DESCRIPTION
Column Name found in Datamart and Curated Table :: DISPLAYINAMOUNT
Column Name found in Datamart and Curated Table :: HOURS
Column Name found in Datamart and Curated Table :: INVENTORYENABLEDBY_ID
Column Name found in Datamart and Curated Table :: ISINVENTORY
Column Name found in Datamart and Curated Table :: PRICE
Datamart tables contains additional column name like [ACTIVE_FLAG, RECORD_CREATE_DATE, RECORD_UPDATE_DATE, RECORD_UPDATE_DATE, MASTER_ID, TENANT_TYPE]
Curated tables contains additional column name like [RECORD_CREATE_DATE, RECORD_UPDATE_DATE, RECORD_UPDATED_BY, TENANT_TYPE]]]>
  </system-out>
  <testcase classname="testcases.RAW_DATAMART_CURATED.SnowFlake_ColumnValidation_BKPTables" name="validateColumnName_BKP" time="2.145"/>
  <system-out>
    <![CDATA[Executing Snowflake query :: SELECT COLUMN_NAME FROM DEV_ENT_RAW.INFORMATION_SCHEMA.COLUMNS WHERE TABLE_NAME='VENDOR'and TABLE_SCHEMA='ST_HORIZONSERVICES_MATILLION'
Executing Snowflake query :: SELECT COLUMN_NAME FROM CURATED_DATAMART.INFORMATION_SCHEMA.COLUMNS WHERE TABLE_NAME='STR_VENDOR'and TABLE_SCHEMA='ST_BKP_HORIZONSERVICES'
Executing Snowflake query :: SELECT COLUMN_NAME FROM DEV_ENT_CURATED.INFORMATION_SCHEMA.COLUMNS WHERE TABLE_NAME='DIM_VENDOR'and TABLE_SCHEMA='MASTER_DIMENSIONS'
Column names for RAW Table --> VENDOR :: [DELIVERYOPTION, IMPORTID, LASTNAME, MEMO, VENDORQUICKBOOKSITEM, VENDORADDRESS_ISMANUALCOORDINATES, VENDORADDRESS_STATE, PAYMENTTERM_ID, ADDRESS, VENDORADDRESS_CITY, VENDORADDRESS_STREET, EMAIL, EXTERNALID, ISTRUCKREPLENISHMENT, VENDORADDRESS_ISMILITARY, VENDORADDRESS_UNIT, FIRSTNAME, PHONE, MODIFIEDON, NAME, TAXRATE, VENDORADDRESS_COUNTRY, VENDORADDRESS_LONGITUDE, VENDORADDRESS_ZIP, ACTIVE, CREATEDON, FAX, REMITTANCEVENDOR_ID, RESTRICTEDMOBILECREATION, CREATEDBY_ID, ID, VENDORADDRESS_LATITUDE]
Column names for DataMart Table --> STR_VENDOR :: [IMPORTID, MASTER_ID, TAXRATE, CREATEDBY_ID, ID, VENDORADDRESS_ZIP, MODIFIEDON, TENANT_TYPE, ACTIVE_FLAG, ADDRESS, MEMO, PAYMENTTERM_ID, VENDORADDRESS_COUNTRY, RECORD_CREATE_DATE, ACTIVE, EXTERNALID, VENDORADDRESS_LONGITUDE, VENDORADDRESS_STATE, VENDORQUICKBOOKSITEM, VENDORADDRESS_ISMILITARY, VENDORADDRESS_CITY, LASTNAME, EMAIL, FIRSTNAME, ISTRUCKREPLENISHMENT, PHONE, VENDORADDRESS_LATITUDE, RECORD_UPDATE_DATE, RESTRICTEDMOBILECREATION, CREATEDON, NAME, REMITTANCEVENDOR_ID, VENDORADDRESS_ISMANUALCOORDINATES, VENDORADDRESS_STREET, DELIVERYOPTION, FAX, VENDORADDRESS_UNIT]
Column names for Curated Table --> DIM_VENDOR :: [DELIVERYOPTION, EXTERNALID, VENDORADDRESS_LATITUDE, VENDORADDRESS_ISMILITARY, VENDORADDRESS_STREET, EMAIL, ID, MEMO, PHONE, TAXRATE, VENDORADDRESS_ZIP, VENDORADDRESS_CITY, ACTIVE, ADDRESS, FAX, ISTRUCKREPLENISHMENT, VENDORADDRESS_STATE, REMITTANCEVENDOR_ID, FIRSTNAME, NAME, VENDORADDRESS_COUNTRY, LASTNAME, RECORD_UPDATE_DATE, VENDORADDRESS_UNIT, MODIFIEDON, CREATEDBY_ID, RECORD_CREATE_DATE, TENANT_TYPE, VENDORADDRESS_LONGITUDE, CREATEDON, IMPORTID, VENDORADDRESS_ISMANUALCOORDINATES, RESTRICTEDMOBILECREATION, PAYMENTTERM_ID, RECORD_UPDATED_BY, VENDORQUICKBOOKSITEM]
Column Name found in Datamart and Curated Table :: DELIVERYOPTION
Column Name found in Datamart and Curated Table :: IMPORTID
Column Name found in Datamart and Curated Table :: LASTNAME
Column Name found in Datamart and Curated Table :: MEMO
Column Name found in Datamart and Curated Table :: VENDORQUICKBOOKSITEM
Column Name found in Datamart and Curated Table :: VENDORADDRESS_ISMANUALCOORDINATES
Column Name found in Datamart and Curated Table :: VENDORADDRESS_STATE
Column Name found in Datamart and Curated Table :: PAYMENTTERM_ID
Column Name found in Datamart and Curated Table :: ADDRESS
Column Name found in Datamart and Curated Table :: VENDORADDRESS_CITY
Column Name found in Datamart and Curated Table :: VENDORADDRESS_STREET
Column Name found in Datamart and Curated Table :: EMAIL
Column Name found in Datamart and Curated Table :: EXTERNALID
Column Name found in Datamart and Curated Table :: ISTRUCKREPLENISHMENT
Column Name found in Datamart and Curated Table :: VENDORADDRESS_ISMILITARY
Column Name found in Datamart and Curated Table :: VENDORADDRESS_UNIT
Column Name found in Datamart and Curated Table :: FIRSTNAME
Column Name found in Datamart and Curated Table :: PHONE
Column Name found in Datamart and Curated Table :: MODIFIEDON
Column Name found in Datamart and Curated Table :: NAME
Column Name found in Datamart and Curated Table :: TAXRATE
Column Name found in Datamart and Curated Table :: VENDORADDRESS_COUNTRY
Column Name found in Datamart and Curated Table :: VENDORADDRESS_LONGITUDE
Column Name found in Datamart and Curated Table :: VENDORADDRESS_ZIP
Column Name found in Datamart and Curated Table :: ACTIVE
Column Name found in Datamart and Curated Table :: CREATEDON
Column Name found in Datamart and Curated Table :: FAX
Column Name found in Datamart and Curated Table :: REMITTANCEVENDOR_ID
Column Name found in Datamart and Curated Table :: RESTRICTEDMOBILECREATION
Column Name found in Datamart and Curated Table :: CREATEDBY_ID
Column Name found in Datamart and Curated Table :: ID
Column Name found in Datamart and Curated Table :: VENDORADDRESS_LATITUDE
Datamart tables contains additional column name like [ACTIVE_FLAG, RECORD_CREATE_DATE, RECORD_UPDATE_DATE, RECORD_UPDATE_DATE, MASTER_ID, TENANT_TYPE]
Curated tables contains additional column name like [RECORD_CREATE_DATE, RECORD_UPDATE_DATE, RECORD_UPDATED_BY, TENANT_TYPE]]]>
  </system-out>
  <testcase classname="testcases.RAW_DATAMART_CURATED.SnowFlake_ColumnValidation_BKPTables" name="validateColumnName_BKP" time="2.281"/>
  <system-out>
    <![CDATA[Executing Snowflake query :: SELECT COLUMN_NAME FROM DEV_ENT_RAW.INFORMATION_SCHEMA.COLUMNS WHERE TABLE_NAME='TIMESHEETCODE'and TABLE_SCHEMA='ST_MAITZ_MATILLION'
Executing Snowflake query :: SELECT COLUMN_NAME FROM CURATED_DATAMART.INFORMATION_SCHEMA.COLUMNS WHERE TABLE_NAME='STR_TIMESHEETCODE'and TABLE_SCHEMA='ST_BKP_MAITZ'
Executing Snowflake query :: SELECT COLUMN_NAME FROM DEV_ENT_CURATED.INFORMATION_SCHEMA.COLUMNS WHERE TABLE_NAME='DIM_TIMESHEETCODE'and TABLE_SCHEMA='MASTER_DIMENSIONS'
Column names for RAW Table --> TIMESHEETCODE :: [CODE, OTPAYCODE, ADDRESS_ISMILITARY, ADDRESS_ZIP, OVERTIMEPAYROLLCONTROLCODE_ID, ADDRESS_STREET, APPLICABLEEMPLOYEETYPE, GEOFENCECLOCKINMODE, STPAYCODE, DEDUCTCOMMUTETIME, EXCLUDEABSENTEVENT, ACTIVE, CUSTOMHOURLYRATE, DESCRIPTION, ENABLESIMPLECLOCKINOUT, RATEMULTIPLIER, VISIBILITY, DOUBLEOVERTIMEPAYCODE_ID, ADDRESS_LATITUDE, ADDRESS_STATE, BUSINESSUNIT_ID, CREATEDON, ISAUTOCLOCKINENABLED, STANDARDPAYCODE_ID, STANDARDPAYROLLCONTROLCODE_ID, EVENTNAME, PAYROLLPOSTINGGROUP_ID, ADDRESS_UNIT, CREATEDBY_ID, ISDEFAULTSHOPTIME, ADDRESS_COUNTRY, COUNTONJOBCOUNTER, SENDALERTSONMOBILE, ADDRESS_CITY, ADDRESS_ISMANUALCOORDINATES, ADDRESS_LONGITUDE, IMPORTID, OVERTIMEPAYCODE_ID, HOURLYRATE, ID, ROUTEAROUNDNJA, TYPE]
Column names for DataMart Table --> STR_TIMESHEETCODE :: [ADDRESS_LONGITUDE, CREATEDBY_ID, STANDARDPAYCODE_ID, STANDARDPAYROLLCONTROLCODE_ID, ADDRESS_UNIT, COUNTONJOBCOUNTER, TENANT_TYPE, ADDRESS_ISMILITARY, DEDUCTCOMMUTETIME, OTPAYCODE, TYPE, ADDRESS_STREET, ENABLESIMPLECLOCKINOUT, MASTER_ID, ROUTEAROUNDNJA, BUSINESSUNIT_ID, OVERTIMEPAYCODE_ID, ADDRESS_ZIP, ACTIVE_FLAG, EVENTNAME, EXCLUDEABSENTEVENT, OVERTIMEPAYROLLCONTROLCODE_ID, ACTIVE, APPLICABLEEMPLOYEETYPE, GEOFENCECLOCKINMODE, HOURLYRATE, STPAYCODE, PAYROLLPOSTINGGROUP_ID, ISAUTOCLOCKINENABLED, ADDRESS_LATITUDE, ADDRESS_STATE, DESCRIPTION, ISDEFAULTSHOPTIME, RATEMULTIPLIER, RECORD_UPDATE_DATE, ID, IMPORTID, ADDRESS_COUNTRY, ADDRESS_ISMANUALCOORDINATES, CODE, DOUBLEOVERTIMEPAYCODE_ID, RECORD_CREATE_DATE, VISIBILITY, ADDRESS_CITY, CREATEDON, CUSTOMHOURLYRATE, SENDALERTSONMOBILE]
Column names for Curated Table --> DIM_TIMESHEETCODE :: [ADDRESS_STREET, ADDRESS_ZIP, CUSTOMHOURLYRATE, DOUBLEOVERTIMEPAYCODE_ID, ENABLESIMPLECLOCKINOUT, DESCRIPTION, ADDRESS_ISMANUALCOORDINATES, ADDRESS_LONGITUDE, IMPORTID, CREATEDON, DEDUCTCOMMUTETIME, ID, ADDRESS_LATITUDE, CREATEDBY_ID, GEOFENCECLOCKINMODE, ROUTEAROUNDNJA, HOURLYRATE, RECORD_UPDATED_BY, RECORD_UPDATE_DATE, ADDRESS_UNIT, CODE, STANDARDPAYCODE_ID, OTPAYCODE, STPAYCODE, APPLICABLEEMPLOYEETYPE, OVERTIMEPAYCODE_ID, RATEMULTIPLIER, STANDARDPAYROLLCONTROLCODE_ID, EXCLUDEABSENTEVENT, PAYROLLPOSTINGGROUP_ID, TYPE, VISIBILITY, OVERTIMEPAYROLLCONTROLCODE_ID, ADDRESS_ISMILITARY, ADDRESS_STATE, ISDEFAULTSHOPTIME, ACTIVE, ADDRESS_CITY, BUSINESSUNIT_ID, COUNTONJOBCOUNTER, EVENTNAME, SENDALERTSONMOBILE, ADDRESS_COUNTRY, ISAUTOCLOCKINENABLED, TENANT_TYPE, RECORD_CREATE_DATE]
Column Name found in Datamart and Curated Table :: CODE
Column Name found in Datamart and Curated Table :: OTPAYCODE
Column Name found in Datamart and Curated Table :: ADDRESS_ISMILITARY
Column Name found in Datamart and Curated Table :: ADDRESS_ZIP
Column Name found in Datamart and Curated Table :: OVERTIMEPAYROLLCONTROLCODE_ID
Column Name found in Datamart and Curated Table :: ADDRESS_STREET
Column Name found in Datamart and Curated Table :: APPLICABLEEMPLOYEETYPE
Column Name found in Datamart and Curated Table :: GEOFENCECLOCKINMODE
Column Name found in Datamart and Curated Table :: STPAYCODE
Column Name found in Datamart and Curated Table :: DEDUCTCOMMUTETIME
Column Name found in Datamart and Curated Table :: EXCLUDEABSENTEVENT
Column Name found in Datamart and Curated Table :: ACTIVE
Column Name found in Datamart and Curated Table :: CUSTOMHOURLYRATE
Column Name found in Datamart and Curated Table :: DESCRIPTION
Column Name found in Datamart and Curated Table :: ENABLESIMPLECLOCKINOUT
Column Name found in Datamart and Curated Table :: RATEMULTIPLIER
Column Name found in Datamart and Curated Table :: VISIBILITY
Column Name found in Datamart and Curated Table :: DOUBLEOVERTIMEPAYCODE_ID
Column Name found in Datamart and Curated Table :: ADDRESS_LATITUDE
Column Name found in Datamart and Curated Table :: ADDRESS_STATE
Column Name found in Datamart and Curated Table :: BUSINESSUNIT_ID
Column Name found in Datamart and Curated Table :: CREATEDON
Column Name found in Datamart and Curated Table :: ISAUTOCLOCKINENABLED
Column Name found in Datamart and Curated Table :: STANDARDPAYCODE_ID
Column Name found in Datamart and Curated Table :: STANDARDPAYROLLCONTROLCODE_ID
Column Name found in Datamart and Curated Table :: EVENTNAME
Column Name found in Datamart and Curated Table :: PAYROLLPOSTINGGROUP_ID
Column Name found in Datamart and Curated Table :: ADDRESS_UNIT
Column Name found in Datamart and Curated Table :: CREATEDBY_ID
Column Name found in Datamart and Curated Table :: ISDEFAULTSHOPTIME
Column Name found in Datamart and Curated Table :: ADDRESS_COUNTRY
Column Name found in Datamart and Curated Table :: COUNTONJOBCOUNTER
Column Name found in Datamart and Curated Table :: SENDALERTSONMOBILE
Column Name found in Datamart and Curated Table :: ADDRESS_CITY
Column Name found in Datamart and Curated Table :: ADDRESS_ISMANUALCOORDINATES
Column Name found in Datamart and Curated Table :: ADDRESS_LONGITUDE
Column Name found in Datamart and Curated Table :: IMPORTID
Column Name found in Datamart and Curated Table :: OVERTIMEPAYCODE_ID
Column Name found in Datamart and Curated Table :: HOURLYRATE
Column Name found in Datamart and Curated Table :: ID
Column Name found in Datamart and Curated Table :: ROUTEAROUNDNJA
Column Name found in Datamart and Curated Table :: TYPE
Datamart tables contains additional column name like [ACTIVE_FLAG, RECORD_CREATE_DATE, RECORD_UPDATE_DATE, RECORD_UPDATE_DATE, MASTER_ID, TENANT_TYPE]
Curated tables contains additional column name like [RECORD_CREATE_DATE, RECORD_UPDATE_DATE, RECORD_UPDATED_BY, TENANT_TYPE]]]>
  </system-out>
  <testcase classname="testcases.RAW_DATAMART_CURATED.SnowFlake_ColumnValidation_BKPTables" name="validateColumnName_BKP" time="2.443"/>
  <system-out>
    <![CDATA[Executing Snowflake query :: SELECT COLUMN_NAME FROM DEV_ENT_RAW.INFORMATION_SCHEMA.COLUMNS WHERE TABLE_NAME='ZONE'and TABLE_SCHEMA='ST_HORIZONSERVICES_MATILLION'
Executing Snowflake query :: SELECT COLUMN_NAME FROM CURATED_DATAMART.INFORMATION_SCHEMA.COLUMNS WHERE TABLE_NAME='STR_ZONE'and TABLE_SCHEMA='ST_BKP_HORIZONSERVICES'
Executing Snowflake query :: SELECT COLUMN_NAME FROM DEV_ENT_CURATED.INFORMATION_SCHEMA.COLUMNS WHERE TABLE_NAME='DIM_ZONE'and TABLE_SCHEMA='MASTER_DIMENSIONS'
Column names for RAW Table --> ZONE :: [CITIES, CREATEDON, MODIFIEDON, TERRITORYNUMBERS, ZIPS, SERVICEDAYSENABLED, NAME, MAXDRIVETIMEADJUSTMENT, IMPORTID, ID, SERVICEDAYS, COLOR, CREATEDBY_ID, LOCNNUMBERS, ACTIVE]
Column names for DataMart Table --> STR_ZONE :: [LOCNNUMBERS, NAME, RECORD_CREATE_DATE, ID, ACTIVE_FLAG, CREATEDON, SERVICEDAYS, TENANT_TYPE, TERRITORYNUMBERS, CREATEDBY_ID, MAXDRIVETIMEADJUSTMENT, SERVICEDAYSENABLED, IMPORTID, ACTIVE, CITIES, COLOR, RECORD_UPDATE_DATE, ZIPS, MODIFIEDON, MASTER_ID]
Column names for Curated Table --> DIM_ZONE :: [CREATEDON, ID, ZIPS, CITIES, IMPORTID, LOCNNUMBERS, MODIFIEDON, NAME, SERVICEDAYS, TENANT_TYPE, MAXDRIVETIMEADJUSTMENT, TERRITORYNUMBERS, RECORD_CREATE_DATE, ACTIVE, CREATEDBY_ID, SERVICEDAYSENABLED, RECORD_UPDATE_DATE, COLOR, RECORD_UPDATED_BY]
Column Name found in Datamart and Curated Table :: CITIES
Column Name found in Datamart and Curated Table :: CREATEDON
Column Name found in Datamart and Curated Table :: MODIFIEDON
Column Name found in Datamart and Curated Table :: TERRITORYNUMBERS
Column Name found in Datamart and Curated Table :: ZIPS
Column Name found in Datamart and Curated Table :: SERVICEDAYSENABLED
Column Name found in Datamart and Curated Table :: NAME
Column Name found in Datamart and Curated Table :: MAXDRIVETIMEADJUSTMENT
Column Name found in Datamart and Curated Table :: IMPORTID
Column Name found in Datamart and Curated Table :: ID
Column Name found in Datamart and Curated Table :: SERVICEDAYS
Column Name found in Datamart and Curated Table :: COLOR
Column Name found in Datamart and Curated Table :: CREATEDBY_ID
Column Name found in Datamart and Curated Table :: LOCNNUMBERS
Column Name found in Datamart and Curated Table :: ACTIVE
Datamart tables contains additional column name like [ACTIVE_FLAG, RECORD_CREATE_DATE, RECORD_UPDATE_DATE, RECORD_UPDATE_DATE, MASTER_ID, TENANT_TYPE]
Curated tables contains additional column name like [RECORD_CREATE_DATE, RECORD_UPDATE_DATE, RECORD_UPDATED_BY, TENANT_TYPE]]]>
  </system-out>
  <testcase classname="testcases.RAW_DATAMART_CURATED.SnowFlake_ColumnValidation_BKPTables" name="validateColumnName_BKP" time="2.312">
    <failure message="The following asserts failed:
	null" type="java.lang.AssertionError">
      <![CDATA[java.lang.AssertionError: The following asserts failed:
null
at org.testng.asserts.SoftAssert.assertAll(SoftAssert.java:47)
at org.testng.asserts.SoftAssert.assertAll(SoftAssert.java:31)
at testcases.RAW_DATAMART_CURATED.SnowFlake_ColumnValidation_BKPTables.validateColumnName_BKP(SnowFlake_ColumnValidation_BKPTables.java:120)
at jdk.internal.reflect.GeneratedMethodAccessor38.invoke(Unknown Source)
at java.base/jdk.internal.reflect.DelegatingMethodAccessorImpl.invoke(DelegatingMethodAccessorImpl.java:43)
at java.base/java.lang.reflect.Method.invoke(Method.java:568)
at org.testng.internal.MethodInvocationHelper.invokeMethod(MethodInvocationHelper.java:133)
at org.testng.internal.TestInvoker.invokeMethod(TestInvoker.java:598)
at org.testng.internal.TestInvoker.invokeTestMethod(TestInvoker.java:173)
at org.testng.internal.MethodRunner.runInSequence(MethodRunner.java:46)
at org.testng.internal.TestInvoker$MethodInvocationAgent.invoke(TestInvoker.java:824)
at org.testng.internal.TestInvoker.invokeTestMethods(TestInvoker.java:146)
at org.testng.internal.TestMethodWorker.invokeTestMethods(TestMethodWorker.java:146)
at org.testng.internal.TestMethodWorker.run(TestMethodWorker.java:128)
at java.base/java.util.ArrayList.forEach(ArrayList.java:1511)
at org.testng.TestRunner.privateRun(TestRunner.java:794)
at org.testng.TestRunner.run(TestRunner.java:596)
at org.testng.SuiteRunner.runTest(SuiteRunner.java:377)
at org.testng.SuiteRunner.runSequentially(SuiteRunner.java:371)
at org.testng.SuiteRunner.privateRun(SuiteRunner.java:332)
at org.testng.SuiteRunner.run(SuiteRunner.java:276)
at org.testng.SuiteRunnerWorker.runSuite(SuiteRunnerWorker.java:53)
at org.testng.SuiteRunnerWorker.run(SuiteRunnerWorker.java:96)
at org.testng.TestNG.runSuitesSequentially(TestNG.java:1212)
at org.testng.TestNG.runSuitesLocally(TestNG.java:1134)
at org.testng.TestNG.runSuites(TestNG.java:1063)
at org.testng.TestNG.run(TestNG.java:1031)
at org.testng.remote.AbstractRemoteTestNG.run(AbstractRemoteTestNG.java:115)
at org.testng.remote.RemoteTestNG.initAndRun(RemoteTestNG.java:251)
at org.testng.remote.RemoteTestNG.main(RemoteTestNG.java:77)
]]>
    </failure>
  </testcase> <!-- validateColumnName_BKP -->
  <system-out>
    <![CDATA[Executing Snowflake query :: SELECT COLUMN_NAME FROM DEV_ENT_RAW.INFORMATION_SCHEMA.COLUMNS WHERE TABLE_NAME='JOBTYPE'and TABLE_SCHEMA='ST_FOURPROS_MATILLION'
Executing Snowflake query :: SELECT COLUMN_NAME FROM CURATED_DATAMART.INFORMATION_SCHEMA.COLUMNS WHERE TABLE_NAME='STR_JOBTYPE'and TABLE_SCHEMA='ST_BKP_FOURPROS'
Executing Snowflake query :: SELECT COLUMN_NAME FROM DEV_ENT_CURATED.INFORMATION_SCHEMA.COLUMNS WHERE TABLE_NAME='DIM_JOBTYPE'and TABLE_SCHEMA='MASTER_DIMENSIONS'
Column names for RAW Table --> JOBTYPE :: [COMPOVERTIMERATE, NAME, ISAUTODISPATCHED, PROJECTEDVALUEADJUSTMENT, CREATEDBY_ID, DURATION, PROJECTLABELS, IMPORTID, IMAGE, CLASS, ISTUNEUP, SOLDTHRESHOLD, COMPDOUBLEOVERTIMERATE, PRIORITY, SUMMARY, ACTIVE, COMPSTANDARDRATE, ISSMARTDISPATCHEDBYDEFAULTINAPI, MODIFIEDON, COMPCODE, ENFORCERECURRINGSERVICEEVENTSELECTION, ID, MINIMUMMATERIALCOSTINPERCENT, MAXIMUMMATERIALCOSTINPERCENT, CREATEDON, LIKELIHOOD, NOCHARGE]
Column names for DataMart Table --> STR_JOBTYPE :: [DURATION, ISTUNEUP, PROJECTEDVALUEADJUSTMENT, SOLDTHRESHOLD, COMPCODE, CREATEDBY_ID, MINIMUMMATERIALCOSTINPERCENT, RECORD_CREATE_DATE, COMPOVERTIMERATE, ID, PROJECTLABELS, SUMMARY, ACTIVE, IMAGE, MASTER_ID, MAXIMUMMATERIALCOSTINPERCENT, NAME, NOCHARGE, LIKELIHOOD, PRIORITY, ACTIVE_FLAG, CLASS, COMPSTANDARDRATE, ENFORCERECURRINGSERVICEEVENTSELECTION, ISAUTODISPATCHED, COMPDOUBLEOVERTIMERATE, CREATEDON, IMPORTID, MODIFIEDON, RECORD_UPDATE_DATE, TENANT_TYPE]
Column names for Curated Table --> DIM_JOBTYPE :: [COMPOVERTIMERATE, PROJECTLABELS, RECORD_UPDATED_BY, MAXIMUMMATERIALCOSTINPERCENT, SUMMARY, NAME, COMPDOUBLEOVERTIMERATE, CREATEDBY_ID, DURATION, ISAUTODISPATCHED, RECORD_UPDATE_DATE, COMPSTANDARDRATE, NOCHARGE, IMPORTID, TENANT_TYPE, ACTIVE, ENFORCERECURRINGSERVICEEVENTSELECTION, ID, ISTUNEUP, CLASS, COMPCODE, MINIMUMMATERIALCOSTINPERCENT, PRIORITY, CREATEDON, LIKELIHOOD, RECORD_CREATE_DATE, SOLDTHRESHOLD, IMAGE, MODIFIEDON, PROJECTEDVALUEADJUSTMENT]
Column Name found in Datamart and Curated Table :: COMPOVERTIMERATE
Column Name found in Datamart and Curated Table :: NAME
Column Name found in Datamart and Curated Table :: ISAUTODISPATCHED
Column Name found in Datamart and Curated Table :: PROJECTEDVALUEADJUSTMENT
Column Name found in Datamart and Curated Table :: CREATEDBY_ID
Column Name found in Datamart and Curated Table :: DURATION
Column Name found in Datamart and Curated Table :: PROJECTLABELS
Column Name found in Datamart and Curated Table :: IMPORTID
Column Name found in Datamart and Curated Table :: IMAGE
Column Name found in Datamart and Curated Table :: CLASS
Column Name found in Datamart and Curated Table :: ISTUNEUP
Column Name found in Datamart and Curated Table :: SOLDTHRESHOLD
Column Name found in Datamart and Curated Table :: COMPDOUBLEOVERTIMERATE
Column Name found in Datamart and Curated Table :: PRIORITY
Column Name found in Datamart and Curated Table :: SUMMARY
Column Name found in Datamart and Curated Table :: ACTIVE
Column Name found in Datamart and Curated Table :: COMPSTANDARDRATE
Column Name not found in Datamart and Curated Table :: ISSMARTDISPATCHEDBYDEFAULTINAPI
Column Name found in Datamart and Curated Table :: MODIFIEDON
Column Name found in Datamart and Curated Table :: COMPCODE
Column Name found in Datamart and Curated Table :: ENFORCERECURRINGSERVICEEVENTSELECTION
Column Name found in Datamart and Curated Table :: ID
Column Name found in Datamart and Curated Table :: MINIMUMMATERIALCOSTINPERCENT
Column Name found in Datamart and Curated Table :: MAXIMUMMATERIALCOSTINPERCENT
Column Name found in Datamart and Curated Table :: CREATEDON
Column Name found in Datamart and Curated Table :: LIKELIHOOD
Column Name found in Datamart and Curated Table :: NOCHARGE
Datamart tables contains additional column name like [ACTIVE_FLAG, RECORD_CREATE_DATE, RECORD_UPDATE_DATE, RECORD_UPDATE_DATE, MASTER_ID, TENANT_TYPE]
Curated tables contains additional column name like [RECORD_CREATE_DATE, RECORD_UPDATE_DATE, RECORD_UPDATED_BY, TENANT_TYPE]]]>
  </system-out>
  <testcase classname="testcases.RAW_DATAMART_CURATED.SnowFlake_ColumnValidation_BKPTables" name="validateColumnName_BKP" time="2.261"/>
  <system-out>
    <![CDATA[Executing Snowflake query :: SELECT COLUMN_NAME FROM DEV_ENT_RAW.INFORMATION_SCHEMA.COLUMNS WHERE TABLE_NAME='SERVICE'and TABLE_SCHEMA='ST_MAITZ_MATILLION'
Executing Snowflake query :: SELECT COLUMN_NAME FROM CURATED_DATAMART.INFORMATION_SCHEMA.COLUMNS WHERE TABLE_NAME='STR_SERVICE'and TABLE_SCHEMA='ST_BKP_MAITZ'
Executing Snowflake query :: SELECT COLUMN_NAME FROM DEV_ENT_CURATED.INFORMATION_SCHEMA.COLUMNS WHERE TABLE_NAME='DIM_SERVICE'and TABLE_SCHEMA='MASTER_DIMENSIONS'
Column names for RAW Table --> SERVICE :: [ACCOUNT, AVALARACOMMERCIALTAXCODE, CREATEDON, TAXABLE, WORKFLOWACTION_ID, IMAGES, ISTIMEANDMATERIAL, CROSSSALEGROUP, DISPLAYINAMOUNT, HOURS, MEMBERSHIP, MEMBERSHIPTYPE_ID, SOURCEVERSION, COST, MEMBERSHIPYEARS, PAYSFLATAMOUNT, PURCHASEORDERLIMITS_FLATAMOUNT, AVALARARESIDENTIALTAXCODE, MODIFIEDON, CATEGORY_ID, GENERALLEDGERACCOUNT_ID, RECURRINGSERVICETYPE_ID, SOURCE, SOLDBYCOMMISSION, ARCHIVED, BASERATE2, BASERATE3, COPIEDFROM_ID, ISLABOR, PAYSSOLDBYRATE, SUPPLIERIMAGES, WARRANTY_DESCRIPTION, MEMBERSHIPACTION, ADDONFLATAMOUNT, ALLOWDISCOUNTS, COMMISSIONBONUS, DESCRIPTION, DISPLAYNAME, GENERATEDTAGTARGETS, ID, MEMBERSHIPMONTHS, ORIGINAL_ID, ADDONPRICE, IMPORTID, NOTAX, PAYSCOMMISSION, MEMBERPRICE, ACTIVE, ALLOWAPPLYTAGSTOENTITIES, AUTOGLASSTYPE, BUSINESSUNIT_ID, DISPATCHFEE, PAYTECHSPECIFICBONUS, PROVIDER_ID, SYNCDATE, LOYALTYPROGRAMELIGIBLE, ADDONMEMBERPRICE, CREATEDBY_ID, BONUS, EXTERNALID, MINIMUMLABORHOURS, NAME, BASERATE1, ISOTTASK, PRICE, SCHEDULEDFLATAMOUNT, EXCLUDEFROMPRICEBOOKWIZARD, PURCHASEORDERLIMITS_REVENUEPERCENT, ISDEFERREDREVENUE, QBITEMNAME, WARRANTY_DURATION]
Column names for DataMart Table --> STR_SERVICE :: [DISPLAYINAMOUNT, PURCHASEORDERLIMITS_FLATAMOUNT, RECORD_CREATE_DATE, MEMBERSHIP, PAYSSOLDBYRATE, WARRANTY_DURATION, BONUS, ALLOWDISCOUNTS, AUTOGLASSTYPE, BASERATE1, COMMISSIONBONUS, ISOTTASK, MASTER_ID, MEMBERSHIPMONTHS, MODIFIEDON, MEMBERPRICE, PAYSCOMMISSION, RECURRINGSERVICETYPE_ID, SOLDBYCOMMISSION, SOURCEVERSION, TENANT_TYPE, BASERATE2, EXCLUDEFROMPRICEBOOKWIZARD, PRICE, WARRANTY_DESCRIPTION, CROSSSALEGROUP, ORIGINAL_ID, ID, SUPPLIERIMAGES, SYNCDATE, ADDONMEMBERPRICE, AVALARACOMMERCIALTAXCODE, AVALARARESIDENTIALTAXCODE, CREATEDON, ACTIVE_FLAG, SCHEDULEDFLATAMOUNT, WORKFLOWACTION_ID, ACCOUNT, ACTIVE, BUSINESSUNIT_ID, DESCRIPTION, EXTERNALID, HOURS, IMAGES, ISTIMEANDMATERIAL, PAYSFLATAMOUNT, PAYTECHSPECIFICBONUS, PROVIDER_ID, ISDEFERREDREVENUE, ADDONPRICE, BASERATE3, CREATEDBY_ID, MEMBERSHIPACTION, MEMBERSHIPTYPE_ID, MINIMUMLABORHOURS, SOURCE, COPIEDFROM_ID, DISPLAYNAME, TAXABLE, MEMBERSHIPYEARS, NOTAX, ADDONFLATAMOUNT, DISPATCHFEE, GENERALLEDGERACCOUNT_ID, LOYALTYPROGRAMELIGIBLE, QBITEMNAME, RECORD_UPDATE_DATE, CATEGORY_ID, ARCHIVED, PURCHASEORDERLIMITS_REVENUEPERCENT, ALLOWAPPLYTAGSTOENTITIES, COST, GENERATEDTAGTARGETS, IMPORTID, ISLABOR, NAME]
Column names for Curated Table --> DIM_SERVICE :: [ACCOUNT, ALLOWDISCOUNTS, BASERATE3, DESCRIPTION, DISPATCHFEE, ISOTTASK, MEMBERSHIP, SOLDBYCOMMISSION, DISPLAYNAME, AUTOGLASSTYPE, AVALARACOMMERCIALTAXCODE, BUSINESSUNIT_ID, COMMISSIONBONUS, NOTAX, EXTERNALID, PRICE, CATEGORY_ID, CREATEDON, CROSSSALEGROUP, MEMBERSHIPYEARS, PAYSFLATAMOUNT, PAYSSOLDBYRATE, WARRANTY_DURATION, MODIFIEDON, RECORD_CREATE_DATE, TAXABLE, MEMBERSHIPACTION, ADDONMEMBERPRICE, BONUS, COPIEDFROM_ID, ISDEFERREDREVENUE, SOURCE, ARCHIVED, BASERATE1, PURCHASEORDERLIMITS_REVENUEPERCENT, RECURRINGSERVICETYPE_ID, SOURCEVERSION, ALLOWAPPLYTAGSTOENTITIES, AVALARARESIDENTIALTAXCODE, DISPLAYINAMOUNT, GENERATEDTAGTARGETS, ISTIMEANDMATERIAL, PROVIDER_ID, ADDONFLATAMOUNT, COST, GENERALLEDGERACCOUNT_ID, MEMBERSHIPTYPE_ID, QBITEMNAME, WARRANTY_DESCRIPTION, EXCLUDEFROMPRICEBOOKWIZARD, ID, IMAGES, RECORD_UPDATED_BY, RECORD_UPDATE_DATE, NAME, ACTIVE, ADDONPRICE, LOYALTYPROGRAMELIGIBLE, PAYTECHSPECIFICBONUS, SUPPLIERIMAGES, HOURS, IMPORTID, MINIMUMLABORHOURS, PAYSCOMMISSION, WORKFLOWACTION_ID, MEMBERPRICE, BASERATE2, CREATEDBY_ID, MEMBERSHIPMONTHS, ORIGINAL_ID, SYNCDATE, ISLABOR, PURCHASEORDERLIMITS_FLATAMOUNT, TENANT_TYPE, SCHEDULEDFLATAMOUNT]
Column Name found in Datamart and Curated Table :: ACCOUNT
Column Name found in Datamart and Curated Table :: AVALARACOMMERCIALTAXCODE
Column Name found in Datamart and Curated Table :: CREATEDON
Column Name found in Datamart and Curated Table :: TAXABLE
Column Name found in Datamart and Curated Table :: WORKFLOWACTION_ID
Column Name found in Datamart and Curated Table :: IMAGES
Column Name found in Datamart and Curated Table :: ISTIMEANDMATERIAL
Column Name found in Datamart and Curated Table :: CROSSSALEGROUP
Column Name found in Datamart and Curated Table :: DISPLAYINAMOUNT
Column Name found in Datamart and Curated Table :: HOURS
Column Name found in Datamart and Curated Table :: MEMBERSHIP
Column Name found in Datamart and Curated Table :: MEMBERSHIPTYPE_ID
Column Name found in Datamart and Curated Table :: SOURCEVERSION
Column Name found in Datamart and Curated Table :: COST
Column Name found in Datamart and Curated Table :: MEMBERSHIPYEARS
Column Name found in Datamart and Curated Table :: PAYSFLATAMOUNT
Column Name found in Datamart and Curated Table :: PURCHASEORDERLIMITS_FLATAMOUNT
Column Name found in Datamart and Curated Table :: AVALARARESIDENTIALTAXCODE
Column Name found in Datamart and Curated Table :: MODIFIEDON
Column Name found in Datamart and Curated Table :: CATEGORY_ID
Column Name found in Datamart and Curated Table :: GENERALLEDGERACCOUNT_ID
Column Name found in Datamart and Curated Table :: RECURRINGSERVICETYPE_ID
Column Name found in Datamart and Curated Table :: SOURCE
Column Name found in Datamart and Curated Table :: SOLDBYCOMMISSION
Column Name found in Datamart and Curated Table :: ARCHIVED
Column Name found in Datamart and Curated Table :: BASERATE2
Column Name found in Datamart and Curated Table :: BASERATE3
Column Name found in Datamart and Curated Table :: COPIEDFROM_ID
Column Name found in Datamart and Curated Table :: ISLABOR
Column Name found in Datamart and Curated Table :: PAYSSOLDBYRATE
Column Name found in Datamart and Curated Table :: SUPPLIERIMAGES
Column Name found in Datamart and Curated Table :: WARRANTY_DESCRIPTION
Column Name found in Datamart and Curated Table :: MEMBERSHIPACTION
Column Name found in Datamart and Curated Table :: ADDONFLATAMOUNT
Column Name found in Datamart and Curated Table :: ALLOWDISCOUNTS
Column Name found in Datamart and Curated Table :: COMMISSIONBONUS
Column Name found in Datamart and Curated Table :: DESCRIPTION
Column Name found in Datamart and Curated Table :: DISPLAYNAME
Column Name found in Datamart and Curated Table :: GENERATEDTAGTARGETS
Column Name found in Datamart and Curated Table :: ID
Column Name found in Datamart and Curated Table :: MEMBERSHIPMONTHS
Column Name found in Datamart and Curated Table :: ORIGINAL_ID
Column Name found in Datamart and Curated Table :: ADDONPRICE
Column Name found in Datamart and Curated Table :: IMPORTID
Column Name found in Datamart and Curated Table :: NOTAX
Column Name found in Datamart and Curated Table :: PAYSCOMMISSION
Column Name found in Datamart and Curated Table :: MEMBERPRICE
Column Name found in Datamart and Curated Table :: ACTIVE
Column Name found in Datamart and Curated Table :: ALLOWAPPLYTAGSTOENTITIES
Column Name found in Datamart and Curated Table :: AUTOGLASSTYPE
Column Name found in Datamart and Curated Table :: BUSINESSUNIT_ID
Column Name found in Datamart and Curated Table :: DISPATCHFEE
Column Name found in Datamart and Curated Table :: PAYTECHSPECIFICBONUS
Column Name found in Datamart and Curated Table :: PROVIDER_ID
Column Name found in Datamart and Curated Table :: SYNCDATE
Column Name found in Datamart and Curated Table :: LOYALTYPROGRAMELIGIBLE
Column Name found in Datamart and Curated Table :: ADDONMEMBERPRICE
Column Name found in Datamart and Curated Table :: CREATEDBY_ID
Column Name found in Datamart and Curated Table :: BONUS
Column Name found in Datamart and Curated Table :: EXTERNALID
Column Name found in Datamart and Curated Table :: MINIMUMLABORHOURS
Column Name found in Datamart and Curated Table :: NAME
Column Name found in Datamart and Curated Table :: BASERATE1
Column Name found in Datamart and Curated Table :: ISOTTASK
Column Name found in Datamart and Curated Table :: PRICE
Column Name found in Datamart and Curated Table :: SCHEDULEDFLATAMOUNT
Column Name found in Datamart and Curated Table :: EXCLUDEFROMPRICEBOOKWIZARD
Column Name found in Datamart and Curated Table :: PURCHASEORDERLIMITS_REVENUEPERCENT
Column Name found in Datamart and Curated Table :: ISDEFERREDREVENUE
Column Name found in Datamart and Curated Table :: QBITEMNAME
Column Name found in Datamart and Curated Table :: WARRANTY_DURATION
Datamart tables contains additional column name like [ACTIVE_FLAG, RECORD_CREATE_DATE, RECORD_UPDATE_DATE, RECORD_UPDATE_DATE, MASTER_ID, TENANT_TYPE]
Curated tables contains additional column name like [RECORD_CREATE_DATE, RECORD_UPDATE_DATE, RECORD_UPDATED_BY, TENANT_TYPE]]]>
  </system-out>
  <testcase classname="testcases.RAW_DATAMART_CURATED.SnowFlake_ColumnValidation_BKPTables" name="validateColumnName_BKP" time="2.177">
    <failure message="The following asserts failed:
	null" type="java.lang.AssertionError">
      <![CDATA[java.lang.AssertionError: The following asserts failed:
null
at org.testng.asserts.SoftAssert.assertAll(SoftAssert.java:47)
at org.testng.asserts.SoftAssert.assertAll(SoftAssert.java:31)
at testcases.RAW_DATAMART_CURATED.SnowFlake_ColumnValidation_BKPTables.validateColumnName_BKP(SnowFlake_ColumnValidation_BKPTables.java:120)
at jdk.internal.reflect.GeneratedMethodAccessor38.invoke(Unknown Source)
at java.base/jdk.internal.reflect.DelegatingMethodAccessorImpl.invoke(DelegatingMethodAccessorImpl.java:43)
at java.base/java.lang.reflect.Method.invoke(Method.java:568)
at org.testng.internal.MethodInvocationHelper.invokeMethod(MethodInvocationHelper.java:133)
at org.testng.internal.TestInvoker.invokeMethod(TestInvoker.java:598)
at org.testng.internal.TestInvoker.invokeTestMethod(TestInvoker.java:173)
at org.testng.internal.MethodRunner.runInSequence(MethodRunner.java:46)
at org.testng.internal.TestInvoker$MethodInvocationAgent.invoke(TestInvoker.java:824)
at org.testng.internal.TestInvoker.invokeTestMethods(TestInvoker.java:146)
at org.testng.internal.TestMethodWorker.invokeTestMethods(TestMethodWorker.java:146)
at org.testng.internal.TestMethodWorker.run(TestMethodWorker.java:128)
at java.base/java.util.ArrayList.forEach(ArrayList.java:1511)
at org.testng.TestRunner.privateRun(TestRunner.java:794)
at org.testng.TestRunner.run(TestRunner.java:596)
at org.testng.SuiteRunner.runTest(SuiteRunner.java:377)
at org.testng.SuiteRunner.runSequentially(SuiteRunner.java:371)
at org.testng.SuiteRunner.privateRun(SuiteRunner.java:332)
at org.testng.SuiteRunner.run(SuiteRunner.java:276)
at org.testng.SuiteRunnerWorker.runSuite(SuiteRunnerWorker.java:53)
at org.testng.SuiteRunnerWorker.run(SuiteRunnerWorker.java:96)
at org.testng.TestNG.runSuitesSequentially(TestNG.java:1212)
at org.testng.TestNG.runSuitesLocally(TestNG.java:1134)
at org.testng.TestNG.runSuites(TestNG.java:1063)
at org.testng.TestNG.run(TestNG.java:1031)
at org.testng.remote.AbstractRemoteTestNG.run(AbstractRemoteTestNG.java:115)
at org.testng.remote.RemoteTestNG.initAndRun(RemoteTestNG.java:251)
at org.testng.remote.RemoteTestNG.main(RemoteTestNG.java:77)
]]>
    </failure>
  </testcase> <!-- validateColumnName_BKP -->
  <system-out>
    <![CDATA[Executing Snowflake query :: SELECT COLUMN_NAME FROM DEV_ENT_RAW.INFORMATION_SCHEMA.COLUMNS WHERE TABLE_NAME='TECHNICIAN'and TABLE_SCHEMA='ST_HORIZONSERVICES_MATILLION'
Executing Snowflake query :: SELECT COLUMN_NAME FROM CURATED_DATAMART.INFORMATION_SCHEMA.COLUMNS WHERE TABLE_NAME='STR_TECHNICIAN'and TABLE_SCHEMA='ST_BKP_HORIZONSERVICES'
Executing Snowflake query :: SELECT COLUMN_NAME FROM DEV_ENT_CURATED.INFORMATION_SCHEMA.COLUMNS WHERE TABLE_NAME='DIM_TECHNICIAN'and TABLE_SCHEMA='MASTER_DIMENSIONS'
Column names for RAW Table --> TECHNICIAN :: [ADDONMULTITECHCOMMISSIONRATE, DEFAULTPAYROLLADJUSTMENTRATE, EMAIL, FIRSTDRIVERULE, HOME_LATITUDE, INVOICINGHOURLYRATE, OVERALLSALESFACTOR_TECHNICIAN, SOLDBYRATE, GOALIMAGE, LICENSE, PHONE, PAYROLLID, PAYFREQUENCY_ID, MIDDLENAME, PAYTYPE, COMMISSIONRATE, DISPATCHNOTIFICATIONS, LATITUDE, NAME, LOCATION_TECHNICIAN, MANAGER_ID, MEALTIME, MOBILEPHONECONFIRMED, OVERTIMEPAYROLLCONTROLCODE_ID, OVERTIMEPROFILE_ID, SALESFACTOR, SCHEDULEDMULTITECHCOMMISSIONRATE, SHOWJOBAPPOINTMENTRESCHEDULEALERT, TODAYREVENUE_TECHNICIAN, SCHEDULEDSOLOCOMMISSIONRATE, APPOINTMENT_ID, BUSINESSUNIT_ID, DEDUCTCOMMUTETIMEFROMFIRSTDRIVE, HOME_COUNTRY, JOBFILTER, TYPE, HOME_LONGITUDE, ISEXTERNAL, MUHULINK, SCHEDULEDCREWSPLITCOMMISSIONRATE, SHIFTEND, TEAM, UNION, USER_ID, ZONE_ID, PAYROLLSTARTDATE, STATUSUPDATEDON, TURNOVERBONUS, MOBILEPHONE, STANDARDPAYROLLCONTROLCODE_ID, ADDONCREWSPLITCOMMISSIONRATE, BIO, COMMUTETIME, EMAILCONFIRMED, HOURLYRATE, INVENTORYWAREHOUSENAME, OUTBOUNDCALLERID, SMARTDISPATCHSETTINGS_TECHNICIAN, ISAUTODISPATCHED, CHECKEDIN, PROJECTEDVALUE, DEFAULTLABORTYPE_ID, HOME_STREET, HOME_ZIP, ISEXCLUDEDFROMPAYROLL, ISMANAGEDTECH, STATUS, OVERTIMEWORKTYPECODE_ID, ATLASBUTLERTECHNICIANROLE, BIRTHDATE, COLOR, IMPORTID, PAYROLLREPORTVERSION, PAYROLLROLE, POSITION, SHIFTSTART, COORDINATESUPDATEDON, HOME_ISMILITARY, ID, MODIFIEDON, QBREPID, WILLIAMSTECHNICIANROLE, ACTIVE, CREATEDON, CURRENTVALUE, DAILYGOAL, JOB_ID, NAVISIONEMPLOYEEID, OVERTIMEMODE, PAYPERIOD, FIRSTNAME, HOME_UNIT, PAYROLLPOSTINGGROUP_ID, PROJECTLABELS, SALESFORCECONTACTID, LONGITUDE, PAYROLLSTARTPERIOD, PHOTO, TRUCK_ID, MEMO, STANDARDWORKTYPECODE_ID, HOME_STATE, PHONECONFIRMED, ADDONSOLOCOMMISSIONRATE, BURDENRATE, CREATEDBY_ID, LASTNAME, HOME_CITY, STARTDATE, ROUTESTATISTICS_TECHNICIAN, HOME_ISMANUALCOORDINATES, PAYROLLPROFILE_ID]
Column names for DataMart Table --> STR_TECHNICIAN :: [ADDONMULTITECHCOMMISSIONRATE, ADDONSOLOCOMMISSIONRATE, APPOINTMENT_ID, COLOR, COMMISSIONRATE, CREATEDBY_ID, CREATEDON, DEDUCTCOMMUTETIMEFROMFIRSTDRIVE, IMPORTID, MANAGER_ID, MODIFIEDON, PAYROLLREPORTVERSION, MOBILEPHONECONFIRMED, PROJECTEDVALUE, USER_ID, LATITUDE, SALESFORCECONTACTID, SHIFTSTART, HOME_ISMILITARY, MASTER_ID, TODAYREVENUE_TECHNICIAN, OVERTIMEMODE, PAYTYPE, PROJECTLABELS, RECORD_UPDATE_DATE, SHIFTEND, ZONE_ID, HOME_CITY, STARTDATE, UNION, PHOTO, BIO, CHECKEDIN, DEFAULTPAYROLLADJUSTMENTRATE, FLEET_ID, HOME_COUNTRY, HOME_STREET, MEALTIME, PAYPERIOD, HOURLYRATE, INVOICINGHOURLYRATE, MUHULINK, QBREPID, SMARTDISPATCHSETTINGS_TECHNICIAN, TRUCK_ID, HOME_ZIP, ROUTESTATISTICS_TECHNICIAN, ACTIVE_FLAG, ID, PAYROLLPOSTINGGROUP_ID, RECORD_CREATE_DATE, DISPATCHNOTIFICATIONS, ISAUTODISPATCHED, JOB_ID, MOBILEPHONE, NAVISIONEMPLOYEEID, OVERTIMEPROFILE_ID, SCHEDULEDMULTITECHCOMMISSIONRATE, STATUSUPDATEDON, STANDARDPAYROLLCONTROLCODE_ID, FIRSTNAME, PAYROLLPROFILE_ID, TENANT_TYPE, HOME_UNIT, MIDDLENAME, OUTBOUNDCALLERID, PAYROLLID, PAYROLLSTARTDATE, TYPE, COORDINATESUPDATEDON, NAME, PHONE, PHONECONFIRMED, SCHEDULEDSOLOCOMMISSIONRATE, LOCATION_TECHNICIAN, OVERTIMEWORKTYPECODE_ID, ACTIVE, ADDONCREWSPLITCOMMISSIONRATE, BUSINESSUNIT_ID, DAILYGOAL, GOALIMAGE, JOBFILTER, LASTNAME, STATUS, EMAILCONFIRMED, HOME_STATE, OVERALLSALESFACTOR_TECHNICIAN, TURNOVERBONUS, STANDARDWORKTYPECODE_ID, HOME_ISMANUALCOORDINATES, TEAM, LICENSE, PAYROLLROLE, ATLASBUTLERTECHNICIANROLE, COMMUTETIME, PAYFREQUENCY_ID, POSITION, CURRENTVALUE, ISEXTERNAL, MEMO, PAYROLLSTARTPERIOD, SCHEDULEDCREWSPLITCOMMISSIONRATE, SOLDBYRATE, LONGITUDE, WILLIAMSTECHNICIANROLE, DEFAULTLABORTYPE_ID, EMAIL, ISMANAGEDTECH, BIRTHDATE, BURDENRATE, HOME_LONGITUDE, OVERTIMEPAYROLLCONTROLCODE_ID, SHOWJOBAPPOINTMENTRESCHEDULEALERT, FIRSTDRIVERULE, SALESFACTOR, HOME_LATITUDE, INVENTORYWAREHOUSENAME]
Column names for Curated Table --> DIM_TECHNICIAN :: [ADDONCREWSPLITCOMMISSIONRATE, COMMUTETIME, DEFAULTLABORTYPE_ID, EMAILCONFIRMED, FIRSTNAME, FLEET_ID, HOME_COUNTRY, HOME_UNIT, MOBILEPHONE, PHONECONFIRMED, OVERALLSALESFACTOR_TECHNICIAN, PAYROLLSTARTDATE, TURNOVERBONUS, PAYPERIOD, PAYROLLROLE, BIRTHDATE, HOME_ISMANUALCOORDINATES, HOME_ISMILITARY, INVENTORYWAREHOUSENAME, JOBFILTER, MEMO, PAYFREQUENCY_ID, POSITION, ID, ISAUTODISPATCHED, LICENSE, TEAM, SCHEDULEDCREWSPLITCOMMISSIONRATE, SALESFACTOR, ADDONSOLOCOMMISSIONRATE, CURRENTVALUE, DAILYGOAL, DEDUCTCOMMUTETIMEFROMFIRSTDRIVE, MANAGER_ID, OVERTIMEPROFILE_ID, SHIFTSTART, SHOWJOBAPPOINTMENTRESCHEDULEALERT, SMARTDISPATCHSETTINGS_TECHNICIAN, GOALIMAGE, MODIFIEDON, PAYROLLID, PAYROLLREPORTVERSION, RECORD_CREATE_DATE, TODAYREVENUE_TECHNICIAN, TYPE, PROJECTLABELS, SCHEDULEDSOLOCOMMISSIONRATE, LONGITUDE, ADDONMULTITECHCOMMISSIONRATE, APPOINTMENT_ID, CHECKEDIN, COLOR, CREATEDON, DISPATCHNOTIFICATIONS, IMPORTID, LASTNAME, MOBILEPHONECONFIRMED, STATUSUPDATEDON, ZONE_ID, HOME_STATE, MEALTIME, NAME, NAVISIONEMPLOYEEID, PAYROLLPOSTINGGROUP_ID, PHOTO, PROJECTEDVALUE, STANDARDPAYROLLCONTROLCODE_ID, OVERTIMEMODE, BURDENRATE, FIRSTDRIVERULE, JOB_ID, PAYROLLPROFILE_ID, QBREPID, ROUTESTATISTICS_TECHNICIAN, STARTDATE, TRUCK_ID, USER_ID, STANDARDWORKTYPECODE_ID, MIDDLENAME, COMMISSIONRATE, CREATEDBY_ID, HOME_LONGITUDE, HOME_ZIP, HOURLYRATE, LATITUDE, SCHEDULEDMULTITECHCOMMISSIONRATE, BUSINESSUNIT_ID, OUTBOUNDCALLERID, RECORD_UPDATED_BY, STATUS, MUHULINK, OVERTIMEPAYROLLCONTROLCODE_ID, UNION, PAYTYPE, INVOICINGHOURLYRATE, RECORD_UPDATE_DATE, COORDINATESUPDATEDON, LOCATION_TECHNICIAN, EMAIL, HOME_CITY, ISEXTERNAL, OVERTIMEWORKTYPECODE_ID, PAYROLLSTARTPERIOD, SHIFTEND, WILLIAMSTECHNICIANROLE, TENANT_TYPE, ACTIVE, ATLASBUTLERTECHNICIANROLE, BIO, DEFAULTPAYROLLADJUSTMENTRATE, HOME_LATITUDE, HOME_STREET, ISMANAGEDTECH, PHONE, SALESFORCECONTACTID, SOLDBYRATE]
Column Name found in Datamart and Curated Table :: ADDONMULTITECHCOMMISSIONRATE
Column Name found in Datamart and Curated Table :: DEFAULTPAYROLLADJUSTMENTRATE
Column Name found in Datamart and Curated Table :: EMAIL
Column Name found in Datamart and Curated Table :: FIRSTDRIVERULE
Column Name found in Datamart and Curated Table :: HOME_LATITUDE
Column Name found in Datamart and Curated Table :: INVOICINGHOURLYRATE
Column Name found in Datamart and Curated Table :: OVERALLSALESFACTOR_TECHNICIAN
Column Name found in Datamart and Curated Table :: SOLDBYRATE
Column Name found in Datamart and Curated Table :: GOALIMAGE
Column Name found in Datamart and Curated Table :: LICENSE
Column Name found in Datamart and Curated Table :: PHONE
Column Name found in Datamart and Curated Table :: PAYROLLID
Column Name found in Datamart and Curated Table :: PAYFREQUENCY_ID
Column Name found in Datamart and Curated Table :: MIDDLENAME
Column Name found in Datamart and Curated Table :: PAYTYPE
Column Name found in Datamart and Curated Table :: COMMISSIONRATE
Column Name found in Datamart and Curated Table :: DISPATCHNOTIFICATIONS
Column Name found in Datamart and Curated Table :: LATITUDE
Column Name found in Datamart and Curated Table :: NAME
Column Name found in Datamart and Curated Table :: LOCATION_TECHNICIAN
Column Name found in Datamart and Curated Table :: MANAGER_ID
Column Name found in Datamart and Curated Table :: MEALTIME
Column Name found in Datamart and Curated Table :: MOBILEPHONECONFIRMED
Column Name found in Datamart and Curated Table :: OVERTIMEPAYROLLCONTROLCODE_ID
Column Name found in Datamart and Curated Table :: OVERTIMEPROFILE_ID
Column Name found in Datamart and Curated Table :: SALESFACTOR
Column Name found in Datamart and Curated Table :: SCHEDULEDMULTITECHCOMMISSIONRATE
Column Name found in Datamart and Curated Table :: SHOWJOBAPPOINTMENTRESCHEDULEALERT
Column Name found in Datamart and Curated Table :: TODAYREVENUE_TECHNICIAN
Column Name found in Datamart and Curated Table :: SCHEDULEDSOLOCOMMISSIONRATE
Column Name found in Datamart and Curated Table :: APPOINTMENT_ID
Column Name found in Datamart and Curated Table :: BUSINESSUNIT_ID
Column Name found in Datamart and Curated Table :: DEDUCTCOMMUTETIMEFROMFIRSTDRIVE
Column Name found in Datamart and Curated Table :: HOME_COUNTRY
Column Name found in Datamart and Curated Table :: JOBFILTER
Column Name found in Datamart and Curated Table :: TYPE
Column Name found in Datamart and Curated Table :: HOME_LONGITUDE
Column Name found in Datamart and Curated Table :: ISEXTERNAL
Column Name found in Datamart and Curated Table :: MUHULINK
Column Name found in Datamart and Curated Table :: SCHEDULEDCREWSPLITCOMMISSIONRATE
Column Name found in Datamart and Curated Table :: SHIFTEND
Column Name found in Datamart and Curated Table :: TEAM
Column Name found in Datamart and Curated Table :: UNION
Column Name found in Datamart and Curated Table :: USER_ID
Column Name found in Datamart and Curated Table :: ZONE_ID
Column Name found in Datamart and Curated Table :: PAYROLLSTARTDATE
Column Name found in Datamart and Curated Table :: STATUSUPDATEDON
Column Name found in Datamart and Curated Table :: TURNOVERBONUS
Column Name found in Datamart and Curated Table :: MOBILEPHONE
Column Name found in Datamart and Curated Table :: STANDARDPAYROLLCONTROLCODE_ID
Column Name found in Datamart and Curated Table :: ADDONCREWSPLITCOMMISSIONRATE
Column Name found in Datamart and Curated Table :: BIO
Column Name found in Datamart and Curated Table :: COMMUTETIME
Column Name found in Datamart and Curated Table :: EMAILCONFIRMED
Column Name found in Datamart and Curated Table :: HOURLYRATE
Column Name found in Datamart and Curated Table :: INVENTORYWAREHOUSENAME
Column Name found in Datamart and Curated Table :: OUTBOUNDCALLERID
Column Name found in Datamart and Curated Table :: SMARTDISPATCHSETTINGS_TECHNICIAN
Column Name found in Datamart and Curated Table :: ISAUTODISPATCHED
Column Name found in Datamart and Curated Table :: CHECKEDIN
Column Name found in Datamart and Curated Table :: PROJECTEDVALUE
Column Name found in Datamart and Curated Table :: DEFAULTLABORTYPE_ID
Column Name found in Datamart and Curated Table :: HOME_STREET
Column Name found in Datamart and Curated Table :: HOME_ZIP
Column Name not found in Datamart and Curated Table :: ISEXCLUDEDFROMPAYROLL
Column Name found in Datamart and Curated Table :: ISMANAGEDTECH
Column Name found in Datamart and Curated Table :: STATUS
Column Name found in Datamart and Curated Table :: OVERTIMEWORKTYPECODE_ID
Column Name found in Datamart and Curated Table :: ATLASBUTLERTECHNICIANROLE
Column Name found in Datamart and Curated Table :: BIRTHDATE
Column Name found in Datamart and Curated Table :: COLOR
Column Name found in Datamart and Curated Table :: IMPORTID
Column Name found in Datamart and Curated Table :: PAYROLLREPORTVERSION
Column Name found in Datamart and Curated Table :: PAYROLLROLE
Column Name found in Datamart and Curated Table :: POSITION
Column Name found in Datamart and Curated Table :: SHIFTSTART
Column Name found in Datamart and Curated Table :: COORDINATESUPDATEDON
Column Name found in Datamart and Curated Table :: HOME_ISMILITARY
Column Name found in Datamart and Curated Table :: ID
Column Name found in Datamart and Curated Table :: MODIFIEDON
Column Name found in Datamart and Curated Table :: QBREPID
Column Name found in Datamart and Curated Table :: WILLIAMSTECHNICIANROLE
Column Name found in Datamart and Curated Table :: ACTIVE
Column Name found in Datamart and Curated Table :: CREATEDON
Column Name found in Datamart and Curated Table :: CURRENTVALUE
Column Name found in Datamart and Curated Table :: DAILYGOAL
Column Name found in Datamart and Curated Table :: JOB_ID
Column Name found in Datamart and Curated Table :: NAVISIONEMPLOYEEID
Column Name found in Datamart and Curated Table :: OVERTIMEMODE
Column Name found in Datamart and Curated Table :: PAYPERIOD
Column Name found in Datamart and Curated Table :: FIRSTNAME
Column Name found in Datamart and Curated Table :: HOME_UNIT
Column Name found in Datamart and Curated Table :: PAYROLLPOSTINGGROUP_ID
Column Name found in Datamart and Curated Table :: PROJECTLABELS
Column Name found in Datamart and Curated Table :: SALESFORCECONTACTID
Column Name found in Datamart and Curated Table :: LONGITUDE
Column Name found in Datamart and Curated Table :: PAYROLLSTARTPERIOD
Column Name found in Datamart and Curated Table :: PHOTO
Column Name found in Datamart and Curated Table :: TRUCK_ID
Column Name found in Datamart and Curated Table :: MEMO
Column Name found in Datamart and Curated Table :: STANDARDWORKTYPECODE_ID
Column Name found in Datamart and Curated Table :: HOME_STATE
Column Name found in Datamart and Curated Table :: PHONECONFIRMED
Column Name found in Datamart and Curated Table :: ADDONSOLOCOMMISSIONRATE
Column Name found in Datamart and Curated Table :: BURDENRATE
Column Name found in Datamart and Curated Table :: CREATEDBY_ID
Column Name found in Datamart and Curated Table :: LASTNAME
Column Name found in Datamart and Curated Table :: HOME_CITY
Column Name found in Datamart and Curated Table :: STARTDATE
Column Name found in Datamart and Curated Table :: ROUTESTATISTICS_TECHNICIAN
Column Name found in Datamart and Curated Table :: HOME_ISMANUALCOORDINATES
Column Name found in Datamart and Curated Table :: PAYROLLPROFILE_ID
Datamart tables contains additional column name like [ACTIVE_FLAG, RECORD_CREATE_DATE, RECORD_UPDATE_DATE, RECORD_UPDATE_DATE, MASTER_ID, TENANT_TYPE]
Curated tables contains additional column name like [RECORD_CREATE_DATE, RECORD_UPDATE_DATE, RECORD_UPDATED_BY, TENANT_TYPE]]]>
  </system-out>
  <testcase classname="testcases.RAW_DATAMART_CURATED.SnowFlake_ColumnValidation_BKPTables" name="validateColumnName_BKP" time="2.529"/>
  <system-out>
    <![CDATA[Executing Snowflake query :: SELECT COLUMN_NAME FROM DEV_ENT_RAW.INFORMATION_SCHEMA.COLUMNS WHERE TABLE_NAME='INVOICE'and TABLE_SCHEMA='ST_GOLDMEDAL_MATILLION'
Executing Snowflake query :: SELECT COLUMN_NAME FROM CURATED_DATAMART.INFORMATION_SCHEMA.COLUMNS WHERE TABLE_NAME='STR_INVOICE'and TABLE_SCHEMA='ST_BKP_GOLDMEDAL'
Executing Snowflake query :: SELECT COLUMN_NAME FROM DEV_ENT_CURATED.INFORMATION_SCHEMA.COLUMNS WHERE TABLE_NAME='FACT_INVOICE'and TABLE_SCHEMA='MASTER_DIMENSIONS'
Column names for RAW Table --> INVOICE :: [DISCOUNTTOTAL, ID, MATERIALTAX, PAYROLLDATE, ROYALTY_MEMO, PAYMENTTERM_ID, TYPE_ID, ACTIVE, AUTHORIZATIONSIGNATURE, CONFIGURATION, IMPORTID, STATUS, INCLUDEINTECHNICIANREPORTS, NUMERICNUMBER, BATCH_ID, JOB_ID, MEMBERSHIP_ID, NUMBER, PROJECT_ID, EXCLUDEFROMPAYROLL, PROJECTLABELS, ROYALTY_DATE, ROYALTY_STATUS, SIGNATURE, LABORTAX, TOTAL, CREATEDBY_ID, MATERIALSKUREFERENCE_SKUTYPE, PAIDON, LOCATION_ID, MATERIALSKU_ID, BALANCE, CUSTOMER_ID, NETAMOUNT, PAYMENTDUEDATE, SUBTOTAL, MATERIALSKUREFERENCE_SKUID, COUNTERSALESLOCATION_ID, COMMISSIONELIGIBILITYDATE, FEETAX, FEETOTAL, EXTERNALID, ADJUSTMENTTO_ID, AUTHORIZEDAMOUNT, BILLINGDATE, CREATEDON, EXPORTID, ROYALTY_SENTON, ACKNOWLEDGEMENTSIGNATURE, BUSINESSUNIT_ID, INVOICEDON, MODIFIEDON, NEWCONSTRUCTION, SUMMARY, TECHNICIANACKNOWLEDGEMENTSIGNATURE, TAXZONE_ID, TAX]
Column names for DataMart Table --> STR_INVOICE :: [ACTIVE, ACTIVE_FLAG, AUTHORIZATIONSIGNATURE, EXTERNALID, INCLUDEINTECHNICIANREPORTS, SIGNATURE, STATUS, TENANT_TYPE, DISCOUNTTOTAL, TAXZONE_ID, NUMBER, ROYALTY_MEMO, ADJUSTMENTTO_ID, ROYALTY_DATE, BATCH_ID, ID, CUSTOMER_ID, COMMISSIONELIGIBILITYDATE, COUNTERSALESLOCATION_ID, EXCLUDEFROMPAYROLL, FEETOTAL, LOCATION_ID, MATERIALSKUREFERENCE_SKUID, MEMBERSHIP_ID, NETAMOUNT, PAYMENTDUEDATE, PAYMENTTERM_ID, NUMERICNUMBER, TOTAL, PROJECT_ID, RECORD_UPDATE_DATE, SUBTOTAL, SUMMARY, MASTER_ID, ACKNOWLEDGEMENTSIGNATURE, AUTHORIZEDAMOUNT, ROYALTY_SENTON, TAX, TYPE_ID, PROJECTLABELS, BILLINGDATE, CREATEDBY_ID, CREATEDON, TECHNICIANACKNOWLEDGEMENTSIGNATURE, INVOICEDON, BUSINESSUNIT_ID, CONFIGURATION, MATERIALSKUREFERENCE_SKUTYPE, MODIFIEDON, PAIDON, EXPORTID, IMPORTID, MATERIALTAX, RECORD_CREATE_DATE, BALANCE, FEETAX, JOB_ID, LABORTAX, MATERIALSKU_ID, PAYROLLDATE, ROYALTY_STATUS, NEWCONSTRUCTION]
Column names for Curated Table --> FACT_INVOICE :: [CONFIGURATION, EXPORTID, EXTERNALID, MATERIALSKUREFERENCE_SKUTYPE, RECORD_UPDATED_BY, ROYALTY_DATE, FEETAX, TAX, TOTAL, BALANCE, BUSINESSUNIT_ID, CREATEDON, PAYMENTDUEDATE, PROJECT_ID, NETAMOUNT, NUMERICNUMBER, ROYALTY_SENTON, NUMBER, DISCOUNTTOTAL, EXCLUDEFROMPAYROLL, INCLUDEINTECHNICIANREPORTS, MODIFIEDON, STATUS, TENANT_TYPE, NEWCONSTRUCTION, ACKNOWLEDGEMENTSIGNATURE, ADJUSTMENTTO_ID, CREATEDBY_ID, CUSTOMER_ID, FEETOTAL, INVOICEDON, PAIDON, TYPE_ID, JOB_ID, LABORTAX, LOCATION_ID, ROYALTY_STATUS, SUMMARY, PROJECTLABELS, MATERIALSKUREFERENCE_SKUID, MATERIALSKU_ID, MEMBERSHIP_ID, COMMISSIONELIGIBILITYDATE, RECORD_CREATE_DATE, RECORD_UPDATE_DATE, SIGNATURE, AUTHORIZATIONSIGNATURE, BILLINGDATE, IMPORTID, TECHNICIANACKNOWLEDGEMENTSIGNATURE, AUTHORIZEDAMOUNT, ID, PAYROLLDATE, ACTIVE, COUNTERSALESLOCATION_ID, PAYMENTTERM_ID, SUBTOTAL, BATCH_ID, MATERIALTAX, ROYALTY_MEMO, TAXZONE_ID]
Column Name found in Datamart and Curated Table :: DISCOUNTTOTAL
Column Name found in Datamart and Curated Table :: ID
Column Name found in Datamart and Curated Table :: MATERIALTAX
Column Name found in Datamart and Curated Table :: PAYROLLDATE
Column Name found in Datamart and Curated Table :: ROYALTY_MEMO
Column Name found in Datamart and Curated Table :: PAYMENTTERM_ID
Column Name found in Datamart and Curated Table :: TYPE_ID
Column Name found in Datamart and Curated Table :: ACTIVE
Column Name found in Datamart and Curated Table :: AUTHORIZATIONSIGNATURE
Column Name found in Datamart and Curated Table :: CONFIGURATION
Column Name found in Datamart and Curated Table :: IMPORTID
Column Name found in Datamart and Curated Table :: STATUS
Column Name found in Datamart and Curated Table :: INCLUDEINTECHNICIANREPORTS
Column Name found in Datamart and Curated Table :: NUMERICNUMBER
Column Name found in Datamart and Curated Table :: BATCH_ID
Column Name found in Datamart and Curated Table :: JOB_ID
Column Name found in Datamart and Curated Table :: MEMBERSHIP_ID
Column Name found in Datamart and Curated Table :: NUMBER
Column Name found in Datamart and Curated Table :: PROJECT_ID
Column Name found in Datamart and Curated Table :: EXCLUDEFROMPAYROLL
Column Name found in Datamart and Curated Table :: PROJECTLABELS
Column Name found in Datamart and Curated Table :: ROYALTY_DATE
Column Name found in Datamart and Curated Table :: ROYALTY_STATUS
Column Name found in Datamart and Curated Table :: SIGNATURE
Column Name found in Datamart and Curated Table :: LABORTAX
Column Name found in Datamart and Curated Table :: TOTAL
Column Name found in Datamart and Curated Table :: CREATEDBY_ID
Column Name found in Datamart and Curated Table :: MATERIALSKUREFERENCE_SKUTYPE
Column Name found in Datamart and Curated Table :: PAIDON
Column Name found in Datamart and Curated Table :: LOCATION_ID
Column Name found in Datamart and Curated Table :: MATERIALSKU_ID
Column Name found in Datamart and Curated Table :: BALANCE
Column Name found in Datamart and Curated Table :: CUSTOMER_ID
Column Name found in Datamart and Curated Table :: NETAMOUNT
Column Name found in Datamart and Curated Table :: PAYMENTDUEDATE
Column Name found in Datamart and Curated Table :: SUBTOTAL
Column Name found in Datamart and Curated Table :: MATERIALSKUREFERENCE_SKUID
Column Name found in Datamart and Curated Table :: COUNTERSALESLOCATION_ID
Column Name found in Datamart and Curated Table :: COMMISSIONELIGIBILITYDATE
Column Name found in Datamart and Curated Table :: FEETAX
Column Name found in Datamart and Curated Table :: FEETOTAL
Column Name found in Datamart and Curated Table :: EXTERNALID
Column Name found in Datamart and Curated Table :: ADJUSTMENTTO_ID
Column Name found in Datamart and Curated Table :: AUTHORIZEDAMOUNT
Column Name found in Datamart and Curated Table :: BILLINGDATE
Column Name found in Datamart and Curated Table :: CREATEDON
Column Name found in Datamart and Curated Table :: EXPORTID
Column Name found in Datamart and Curated Table :: ROYALTY_SENTON
Column Name found in Datamart and Curated Table :: ACKNOWLEDGEMENTSIGNATURE
Column Name found in Datamart and Curated Table :: BUSINESSUNIT_ID
Column Name found in Datamart and Curated Table :: INVOICEDON
Column Name found in Datamart and Curated Table :: MODIFIEDON
Column Name found in Datamart and Curated Table :: NEWCONSTRUCTION
Column Name found in Datamart and Curated Table :: SUMMARY
Column Name found in Datamart and Curated Table :: TECHNICIANACKNOWLEDGEMENTSIGNATURE
Column Name found in Datamart and Curated Table :: TAXZONE_ID
Column Name found in Datamart and Curated Table :: TAX
Datamart tables contains additional column name like [ACTIVE_FLAG, RECORD_CREATE_DATE, RECORD_UPDATE_DATE, RECORD_UPDATE_DATE, MASTER_ID, TENANT_TYPE]
Curated tables contains additional column name like [RECORD_CREATE_DATE, RECORD_UPDATE_DATE, RECORD_UPDATED_BY, TENANT_TYPE]]]>
  </system-out>
  <testcase classname="testcases.RAW_DATAMART_CURATED.SnowFlake_ColumnValidation_BKPTables" name="validateColumnName_BKP" time="3.066"/>
  <system-out>
    <![CDATA[Executing Snowflake query :: SELECT COLUMN_NAME FROM DEV_ENT_RAW.INFORMATION_SCHEMA.COLUMNS WHERE TABLE_NAME='CATEGORY'and TABLE_SCHEMA='ST_MAITZ_MATILLION'
Executing Snowflake query :: SELECT COLUMN_NAME FROM CURATED_DATAMART.INFORMATION_SCHEMA.COLUMNS WHERE TABLE_NAME='STR_CATEGORY'and TABLE_SCHEMA='ST_BKP_MAITZ'
Executing Snowflake query :: SELECT COLUMN_NAME FROM DEV_ENT_CURATED.INFORMATION_SCHEMA.COLUMNS WHERE TABLE_NAME='DIM_CATEGORY'and TABLE_SCHEMA='MASTER_DIMENSIONS'
Column names for RAW Table --> CATEGORY :: [AVALARACOMMERCIALTAXCODE, AVALARARESIDENTIALTAXCODE, NAME, SUPPLIERIMAGES, ACTIVE, CATEGORYTYPE, POSITION, HIDEINMOBILE, ID, SOURCE, SOURCEVERSION, CREATEDBY_ID, EXTERNALID, SKUIMAGES, IMAGE, PARENT_ID, BUSINESSUNIT_ID, DESCRIPTION, CREATEDON, IMPORTID]
Column names for DataMart Table --> STR_CATEGORY :: [PARENT_ID, ACTIVE, AVALARARESIDENTIALTAXCODE, MASTER_ID, SUPPLIERIMAGES, HIDEINMOBILE, POSITION, EXTERNALID, ID, NAME, TENANT_TYPE, ACTIVE_FLAG, BUSINESSUNIT_ID, CREATEDBY_ID, AVALARACOMMERCIALTAXCODE, CATEGORYTYPE, CREATEDON, IMAGE, RECORD_UPDATE_DATE, SKUIMAGES, SOURCE, DESCRIPTION, RECORD_CREATE_DATE, IMPORTID, SOURCEVERSION]
Column names for Curated Table --> DIM_CATEGORY :: [AVALARARESIDENTIALTAXCODE, POSITION, SOURCEVERSION, IMAGE, ACTIVE, IMPORTID, NAME, SKUIMAGES, CREATEDBY_ID, PARENT_ID, SOURCE, DESCRIPTION, EXTERNALID, SUPPLIERIMAGES, AVALARACOMMERCIALTAXCODE, BUSINESSUNIT_ID, CATEGORYTYPE, ID, RECORD_UPDATE_DATE, TENANT_TYPE, RECORD_UPDATED_BY, CREATEDON, HIDEINMOBILE, RECORD_CREATE_DATE]
Column Name found in Datamart and Curated Table :: AVALARACOMMERCIALTAXCODE
Column Name found in Datamart and Curated Table :: AVALARARESIDENTIALTAXCODE
Column Name found in Datamart and Curated Table :: NAME
Column Name found in Datamart and Curated Table :: SUPPLIERIMAGES
Column Name found in Datamart and Curated Table :: ACTIVE
Column Name found in Datamart and Curated Table :: CATEGORYTYPE
Column Name found in Datamart and Curated Table :: POSITION
Column Name found in Datamart and Curated Table :: HIDEINMOBILE
Column Name found in Datamart and Curated Table :: ID
Column Name found in Datamart and Curated Table :: SOURCE
Column Name found in Datamart and Curated Table :: SOURCEVERSION
Column Name found in Datamart and Curated Table :: CREATEDBY_ID
Column Name found in Datamart and Curated Table :: EXTERNALID
Column Name found in Datamart and Curated Table :: SKUIMAGES
Column Name found in Datamart and Curated Table :: IMAGE
Column Name found in Datamart and Curated Table :: PARENT_ID
Column Name found in Datamart and Curated Table :: BUSINESSUNIT_ID
Column Name found in Datamart and Curated Table :: DESCRIPTION
Column Name found in Datamart and Curated Table :: CREATEDON
Column Name found in Datamart and Curated Table :: IMPORTID
Datamart tables contains additional column name like [ACTIVE_FLAG, RECORD_CREATE_DATE, RECORD_UPDATE_DATE, RECORD_UPDATE_DATE, MASTER_ID, TENANT_TYPE]
Curated tables contains additional column name like [RECORD_CREATE_DATE, RECORD_UPDATE_DATE, RECORD_UPDATED_BY, TENANT_TYPE]]]>
  </system-out>
  <testcase classname="testcases.RAW_DATAMART_CURATED.SnowFlake_ColumnValidation_BKPTables" name="validateColumnName_BKP" time="3.080">
    <failure message="The following asserts failed:
	null,
	null" type="java.lang.AssertionError">
      <![CDATA[java.lang.AssertionError: The following asserts failed:
null,
null
at org.testng.asserts.SoftAssert.assertAll(SoftAssert.java:47)
at org.testng.asserts.SoftAssert.assertAll(SoftAssert.java:31)
at testcases.RAW_DATAMART_CURATED.SnowFlake_ColumnValidation_BKPTables.validateColumnName_BKP(SnowFlake_ColumnValidation_BKPTables.java:120)
at jdk.internal.reflect.GeneratedMethodAccessor38.invoke(Unknown Source)
at java.base/jdk.internal.reflect.DelegatingMethodAccessorImpl.invoke(DelegatingMethodAccessorImpl.java:43)
at java.base/java.lang.reflect.Method.invoke(Method.java:568)
at org.testng.internal.MethodInvocationHelper.invokeMethod(MethodInvocationHelper.java:133)
at org.testng.internal.TestInvoker.invokeMethod(TestInvoker.java:598)
at org.testng.internal.TestInvoker.invokeTestMethod(TestInvoker.java:173)
at org.testng.internal.MethodRunner.runInSequence(MethodRunner.java:46)
at org.testng.internal.TestInvoker$MethodInvocationAgent.invoke(TestInvoker.java:824)
at org.testng.internal.TestInvoker.invokeTestMethods(TestInvoker.java:146)
at org.testng.internal.TestMethodWorker.invokeTestMethods(TestMethodWorker.java:146)
at org.testng.internal.TestMethodWorker.run(TestMethodWorker.java:128)
at java.base/java.util.ArrayList.forEach(ArrayList.java:1511)
at org.testng.TestRunner.privateRun(TestRunner.java:794)
at org.testng.TestRunner.run(TestRunner.java:596)
at org.testng.SuiteRunner.runTest(SuiteRunner.java:377)
at org.testng.SuiteRunner.runSequentially(SuiteRunner.java:371)
at org.testng.SuiteRunner.privateRun(SuiteRunner.java:332)
at org.testng.SuiteRunner.run(SuiteRunner.java:276)
at org.testng.SuiteRunnerWorker.runSuite(SuiteRunnerWorker.java:53)
at org.testng.SuiteRunnerWorker.run(SuiteRunnerWorker.java:96)
at org.testng.TestNG.runSuitesSequentially(TestNG.java:1212)
at org.testng.TestNG.runSuitesLocally(TestNG.java:1134)
at org.testng.TestNG.runSuites(TestNG.java:1063)
at org.testng.TestNG.run(TestNG.java:1031)
at org.testng.remote.AbstractRemoteTestNG.run(AbstractRemoteTestNG.java:115)
at org.testng.remote.RemoteTestNG.initAndRun(RemoteTestNG.java:251)
at org.testng.remote.RemoteTestNG.main(RemoteTestNG.java:77)
]]>
    </failure>
  </testcase> <!-- validateColumnName_BKP -->
  <system-out>
    <![CDATA[Executing Snowflake query :: SELECT COLUMN_NAME FROM DEV_ENT_RAW.INFORMATION_SCHEMA.COLUMNS WHERE TABLE_NAME='PROJECT'and TABLE_SCHEMA='ST_HDAIR_MATILLION'
Executing Snowflake query :: SELECT COLUMN_NAME FROM CURATED_DATAMART.INFORMATION_SCHEMA.COLUMNS WHERE TABLE_NAME='STR_PROJECT'and TABLE_SCHEMA='ST_BKP_HDAIR'
Executing Snowflake query :: SELECT COLUMN_NAME FROM DEV_ENT_CURATED.INFORMATION_SCHEMA.COLUMNS WHERE TABLE_NAME='DIM_PROJECT'and TABLE_SCHEMA='MASTER_DIMENSIONS'
Column names for RAW Table --> PROJECT :: [ACKNOWLEDGEMENTSIGNATURE, LOCATION_ID, MODIFIEDON, IMPORTID, STARTEDON, CONTRACTSTARTDATE, ID, SUMMARY, AUTHORIZATIONSIGNATURE, NAME, NUMBER, PROJECTSETTINGSTYPE, COMPLETIONPERCENT, CREATEDBY_ID, CREATEDON, ISRETAINAGEENABLED, RETAINAGEPERCENT, TECHNICIANSIGNATURE, COMPLETEDON, COSTTOCOMPLETE, ACTIVE, COMPLETEDONACTUAL, ISPREVAILINGWAGE, AREITEMSREORDERED, CONTRACTESTIMATE_ID, CONTRACTFOR, CUSTOMER_ID, PAYMENTTERM_ID, REVENUERECOGNITIONMETHOD]
Column names for DataMart Table --> STR_PROJECT :: [COMPLETEDONACTUAL, CUSTOMER_ID, MODIFIEDON, ACKNOWLEDGEMENTSIGNATURE, AREITEMSREORDERED, ISRETAINAGEENABLED, NAME, ACTIVE_FLAG, STARTEDON, AUTHORIZATIONSIGNATURE, ACTIVE, CONTRACTESTIMATE_ID, ID, CREATEDON, CONTRACTSTARTDATE, ISPREVAILINGWAGE, NUMBER, TENANT_TYPE, IMPORTID, PAYMENTTERM_ID, COMPLETEDON, LOCATION_ID, SUMMARY, RECORD_CREATE_DATE, PROJECTSETTINGSTYPE, RETAINAGEPERCENT, TECHNICIANSIGNATURE, CREATEDBY_ID, COMPLETIONPERCENT, CONTRACTFOR, MASTER_ID, MD5_VALUE, RECORD_UPDATE_DATE]
Column names for Curated Table --> DIM_PROJECT :: [RECORD_UPDATE_DATE, ACTIVE, AUTHORIZATIONSIGNATURE, COMPLETEDON, RETAINAGEPERCENT, IMPORTID, CONTRACTFOR, CONTRACTSTARTDATE, ID, ISRETAINAGEENABLED, RECORD_CREATE_DATE, RECORD_UPDATED_BY, TENANT_TYPE, PROJECTSETTINGSTYPE, TECHNICIANSIGNATURE, ISPREVAILINGWAGE, MD5_VALUE, NAME, PAYMENTTERM_ID, COMPLETEDONACTUAL, CUSTOMER_ID, NUMBER, AREITEMSREORDERED, CREATEDON, LOCATION_ID, MODIFIEDON, STARTEDON, ACKNOWLEDGEMENTSIGNATURE, COMPLETIONPERCENT, CONTRACTESTIMATE_ID, SUMMARY, CREATEDBY_ID]
Column Name found in Datamart and Curated Table :: ACKNOWLEDGEMENTSIGNATURE
Column Name found in Datamart and Curated Table :: LOCATION_ID
Column Name found in Datamart and Curated Table :: MODIFIEDON
Column Name found in Datamart and Curated Table :: IMPORTID
Column Name found in Datamart and Curated Table :: STARTEDON
Column Name found in Datamart and Curated Table :: CONTRACTSTARTDATE
Column Name found in Datamart and Curated Table :: ID
Column Name found in Datamart and Curated Table :: SUMMARY
Column Name found in Datamart and Curated Table :: AUTHORIZATIONSIGNATURE
Column Name found in Datamart and Curated Table :: NAME
Column Name found in Datamart and Curated Table :: NUMBER
Column Name found in Datamart and Curated Table :: PROJECTSETTINGSTYPE
Column Name found in Datamart and Curated Table :: COMPLETIONPERCENT
Column Name found in Datamart and Curated Table :: CREATEDBY_ID
Column Name found in Datamart and Curated Table :: CREATEDON
Column Name found in Datamart and Curated Table :: ISRETAINAGEENABLED
Column Name found in Datamart and Curated Table :: RETAINAGEPERCENT
Column Name found in Datamart and Curated Table :: TECHNICIANSIGNATURE
Column Name found in Datamart and Curated Table :: COMPLETEDON
Column Name not found in Datamart and Curated Table :: COSTTOCOMPLETE
Column Name found in Datamart and Curated Table :: ACTIVE
Column Name found in Datamart and Curated Table :: COMPLETEDONACTUAL
Column Name found in Datamart and Curated Table :: ISPREVAILINGWAGE
Column Name found in Datamart and Curated Table :: AREITEMSREORDERED
Column Name found in Datamart and Curated Table :: CONTRACTESTIMATE_ID
Column Name found in Datamart and Curated Table :: CONTRACTFOR
Column Name found in Datamart and Curated Table :: CUSTOMER_ID
Column Name found in Datamart and Curated Table :: PAYMENTTERM_ID
Column Name not found in Datamart and Curated Table :: REVENUERECOGNITIONMETHOD
Datamart tables contains additional column name like [ACTIVE_FLAG, RECORD_CREATE_DATE, RECORD_UPDATE_DATE, RECORD_UPDATE_DATE, MASTER_ID, TENANT_TYPE]
Curated tables contains additional column name like [RECORD_CREATE_DATE, RECORD_UPDATE_DATE, RECORD_UPDATED_BY, TENANT_TYPE]]]>
  </system-out>
  <testcase classname="testcases.RAW_DATAMART_CURATED.SnowFlake_ColumnValidation_BKPTables" name="validateColumnName_BKP" time="2.147"/>
  <system-out>
    <![CDATA[Executing Snowflake query :: SELECT COLUMN_NAME FROM DEV_ENT_RAW.INFORMATION_SCHEMA.COLUMNS WHERE TABLE_NAME='LOCATION'and TABLE_SCHEMA='ST_HUTCHINSON_MATILLION'
Executing Snowflake query :: SELECT COLUMN_NAME FROM CURATED_DATAMART.INFORMATION_SCHEMA.COLUMNS WHERE TABLE_NAME='STR_LOCATION'and TABLE_SCHEMA='ST_BKP_HUTCHINSON'
Executing Snowflake query :: SELECT COLUMN_NAME FROM DEV_ENT_CURATED.INFORMATION_SCHEMA.COLUMNS WHERE TABLE_NAME='DIM_LOCATION'and TABLE_SCHEMA='MASTER_DIMENSIONS'
Column names for RAW Table --> LOCATION :: [ADDRESS_STATE, ADDRESS_UNIT, AUTOLATITUDE, NAME, RECURRINGSERVICE_ACTIVATEDBY, RECURRINGSERVICE_FROM, RECURRINGSERVICE_CANCELLATIONDATE, TAXEXEMPT, ADDRESS_ISMANUALCOORDINATES, ADDRESS_LATITUDE, ADDRESS_ZIP, AVALARAENTITYCODE, CREATEDBY_ID, RECURRINGSERVICE_TO, DONOTSENDTECHNICIAN_ID, ADDRESS_ISMILITARY, ADDRESS_STREET, ESTIMATEDTAX, IMPORTID, SUMMARY, ZONE_ID, ADDRESS_CITY, AUTOLONGITUDE, CUSTOMER_ID, NOCHARGE, PREFERREDTECHNICIAN_ID, RECURRINGSERVICE_RECURRENCEINTERVAL, TAXZONE_ID, ISPREVAILINGWAGE, RECURRINGSERVICE_ACTIVATEDFROM, RECURRINGSERVICE_MEMO, MODIFIEDON, TAXABLE, ADDRESS_LONGITUDE, RECURRINGSERVICE_TYPE, ID, CREATEDON, ACTIVE, ADDRESS_COUNTRY]
Column names for DataMart Table --> STR_LOCATION :: [ACTIVE_FLAG, ADDRESS_LATITUDE, IMPORTID, RECURRINGSERVICE_FROM, RECURRINGSERVICE_TO, TAXEXEMPT, RECORD_UPDATE_DATE, RECURRINGSERVICE_CANCELLATIONDATE, MASTER_ID, NOCHARGE, PREFERREDTECHNICIAN_ID, RECURRINGSERVICE_TYPE, TAXZONE_ID, TENANT_TYPE, ADDRESS_STATE, CUSTOMER_ID, ADDRESS_ISMILITARY, AUTOLATITUDE, RECURRINGSERVICE_ACTIVATEDFROM, RECURRINGSERVICE_RECURRENCEINTERVAL, ZONE_ID, ADDRESS_ISMANUALCOORDINATES, ADDRESS_ZIP, RECURRINGSERVICE_MEMO, SUMMARY, DONOTSENDTECHNICIAN_ID, ADDRESS_COUNTRY, ADDRESS_LONGITUDE, ADDRESS_UNIT, AVALARAENTITYCODE, ID, RECURRINGSERVICE_ACTIVATEDBY, AUTOLONGITUDE, NAME, ACTIVE, ADDRESS_STREET, ESTIMATEDTAX, ISPREVAILINGWAGE, MODIFIEDON, CREATEDBY_ID, CREATEDON, RECORD_CREATE_DATE, ADDRESS_CITY, TAXABLE]
Column names for Curated Table --> DIM_LOCATION :: [ADDRESS_UNIT, AUTOLONGITUDE, RECURRINGSERVICE_ACTIVATEDFROM, RECURRINGSERVICE_TO, TAXABLE, ADDRESS_CITY, ADDRESS_LATITUDE, IMPORTID, NAME, RECURRINGSERVICE_MEMO, ADDRESS_LONGITUDE, ADDRESS_STATE, ADDRESS_STREET, DONOTSENDTECHNICIAN_ID, MODIFIEDON, TAXZONE_ID, ADDRESS_ISMANUALCOORDINATES, ESTIMATEDTAX, ISPREVAILINGWAGE, RECURRINGSERVICE_ACTIVATEDBY, AUTOLATITUDE, RECORD_UPDATED_BY, RECORD_UPDATE_DATE, SUMMARY, CUSTOMER_ID, ZONE_ID, TENANT_TYPE, ADDRESS_COUNTRY, ADDRESS_ZIP, NOCHARGE, RECURRINGSERVICE_FROM, RECURRINGSERVICE_RECURRENCEINTERVAL, CREATEDON, RECORD_CREATE_DATE, AVALARAENTITYCODE, RECURRINGSERVICE_CANCELLATIONDATE, RECURRINGSERVICE_TYPE, PREFERREDTECHNICIAN_ID, ACTIVE, ADDRESS_ISMILITARY, CREATEDBY_ID, ID, TAXEXEMPT]
Column Name found in Datamart and Curated Table :: ADDRESS_STATE
Column Name found in Datamart and Curated Table :: ADDRESS_UNIT
Column Name found in Datamart and Curated Table :: AUTOLATITUDE
Column Name found in Datamart and Curated Table :: NAME
Column Name found in Datamart and Curated Table :: RECURRINGSERVICE_ACTIVATEDBY
Column Name found in Datamart and Curated Table :: RECURRINGSERVICE_FROM
Column Name found in Datamart and Curated Table :: RECURRINGSERVICE_CANCELLATIONDATE
Column Name found in Datamart and Curated Table :: TAXEXEMPT
Column Name found in Datamart and Curated Table :: ADDRESS_ISMANUALCOORDINATES
Column Name found in Datamart and Curated Table :: ADDRESS_LATITUDE
Column Name found in Datamart and Curated Table :: ADDRESS_ZIP
Column Name found in Datamart and Curated Table :: AVALARAENTITYCODE
Column Name found in Datamart and Curated Table :: CREATEDBY_ID
Column Name found in Datamart and Curated Table :: RECURRINGSERVICE_TO
Column Name found in Datamart and Curated Table :: DONOTSENDTECHNICIAN_ID
Column Name found in Datamart and Curated Table :: ADDRESS_ISMILITARY
Column Name found in Datamart and Curated Table :: ADDRESS_STREET
Column Name found in Datamart and Curated Table :: ESTIMATEDTAX
Column Name found in Datamart and Curated Table :: IMPORTID
Column Name found in Datamart and Curated Table :: SUMMARY
Column Name found in Datamart and Curated Table :: ZONE_ID
Column Name found in Datamart and Curated Table :: ADDRESS_CITY
Column Name found in Datamart and Curated Table :: AUTOLONGITUDE
Column Name found in Datamart and Curated Table :: CUSTOMER_ID
Column Name found in Datamart and Curated Table :: NOCHARGE
Column Name found in Datamart and Curated Table :: PREFERREDTECHNICIAN_ID
Column Name found in Datamart and Curated Table :: RECURRINGSERVICE_RECURRENCEINTERVAL
Column Name found in Datamart and Curated Table :: TAXZONE_ID
Column Name found in Datamart and Curated Table :: ISPREVAILINGWAGE
Column Name found in Datamart and Curated Table :: RECURRINGSERVICE_ACTIVATEDFROM
Column Name found in Datamart and Curated Table :: RECURRINGSERVICE_MEMO
Column Name found in Datamart and Curated Table :: MODIFIEDON
Column Name found in Datamart and Curated Table :: TAXABLE
Column Name found in Datamart and Curated Table :: ADDRESS_LONGITUDE
Column Name found in Datamart and Curated Table :: RECURRINGSERVICE_TYPE
Column Name found in Datamart and Curated Table :: ID
Column Name found in Datamart and Curated Table :: CREATEDON
Column Name found in Datamart and Curated Table :: ACTIVE
Column Name found in Datamart and Curated Table :: ADDRESS_COUNTRY
Datamart tables contains additional column name like [ACTIVE_FLAG, RECORD_CREATE_DATE, RECORD_UPDATE_DATE, RECORD_UPDATE_DATE, MASTER_ID, TENANT_TYPE]
Curated tables contains additional column name like [RECORD_CREATE_DATE, RECORD_UPDATE_DATE, RECORD_UPDATED_BY, TENANT_TYPE]]]>
  </system-out>
  <testcase classname="testcases.RAW_DATAMART_CURATED.SnowFlake_ColumnValidation_BKPTables" name="validateColumnName_BKP" time="2.542"/>
  <system-out>
    <![CDATA[Executing Snowflake query :: SELECT COLUMN_NAME FROM DEV_ENT_RAW.INFORMATION_SCHEMA.COLUMNS WHERE TABLE_NAME='SERVICE'and TABLE_SCHEMA='ST_HDAIR_MATILLION'
Executing Snowflake query :: SELECT COLUMN_NAME FROM CURATED_DATAMART.INFORMATION_SCHEMA.COLUMNS WHERE TABLE_NAME='STR_SERVICE'and TABLE_SCHEMA='ST_BKP_HDAIR'
Executing Snowflake query :: SELECT COLUMN_NAME FROM DEV_ENT_CURATED.INFORMATION_SCHEMA.COLUMNS WHERE TABLE_NAME='DIM_SERVICE'and TABLE_SCHEMA='MASTER_DIMENSIONS'
Column names for RAW Table --> SERVICE :: [AUTOGLASSTYPE, BASERATE3, CREATEDON, EXTERNALID, ISTIMEANDMATERIAL, MEMBERSHIPYEARS, SOURCEVERSION, SYNCDATE, WARRANTY_DURATION, WARRANTY_DESCRIPTION, LOYALTYPROGRAMELIGIBLE, PROVIDER_ID, ACTIVE, ADDONMEMBERPRICE, DESCRIPTION, GENERALLEDGERACCOUNT_ID, GENERATEDTAGTARGETS, MEMBERSHIP, MEMBERSHIPACTION, PAYSCOMMISSION, COMMISSIONBONUS, DISPLAYINAMOUNT, SOLDBYCOMMISSION, PAYTECHSPECIFICBONUS, MINIMUMLABORHOURS, ACCOUNT, AVALARACOMMERCIALTAXCODE, COPIEDFROM_ID, CROSSSALEGROUP, EXCLUDEFROMPRICEBOOKWIZARD, WORKFLOWACTION_ID, CATEGORY_ID, RECURRINGSERVICETYPE_ID, ADDONPRICE, ALLOWAPPLYTAGSTOENTITIES, CREATEDBY_ID, PAYSFLATAMOUNT, PRICE, COST, HOURS, SCHEDULEDFLATAMOUNT, ARCHIVED, SOURCE, DISPLAYNAME, ISOTTASK, NOTAX, BASERATE2, MEMBERSHIPTYPE_ID, SUPPLIERIMAGES, IMPORTID, NAME, TAXABLE, ALLOWDISCOUNTS, BASERATE1, DISPATCHFEE, ISLABOR, MEMBERPRICE, PURCHASEORDERLIMITS_FLATAMOUNT, ID, IMAGES, PURCHASEORDERLIMITS_REVENUEPERCENT, QBITEMNAME, MEMBERSHIPMONTHS, AVALARARESIDENTIALTAXCODE, BONUS, BUSINESSUNIT_ID, ISDEFERREDREVENUE, ORIGINAL_ID, ADDONFLATAMOUNT, MODIFIEDON, PAYSSOLDBYRATE]
Column names for DataMart Table --> STR_SERVICE :: [ACCOUNT, ADDONPRICE, BASERATE1, COPIEDFROM_ID, COST, MEMBERSHIPACTION, QBITEMNAME, CREATEDON, MODIFIEDON, TENANT_TYPE, RECURRINGSERVICETYPE_ID, ADDONFLATAMOUNT, AUTOGLASSTYPE, AVALARARESIDENTIALTAXCODE, EXCLUDEFROMPRICEBOOKWIZARD, NOTAX, GENERATEDTAGTARGETS, ISLABOR, SCHEDULEDFLATAMOUNT, PURCHASEORDERLIMITS_FLATAMOUNT, EXTERNALID, ISOTTASK, BONUS, CATEGORY_ID, IMAGES, MEMBERPRICE, BASERATE2, BUSINESSUNIT_ID, HOURS, RECORD_CREATE_DATE, SOLDBYCOMMISSION, PAYSSOLDBYRATE, WORKFLOWACTION_ID, PAYTECHSPECIFICBONUS, ALLOWDISCOUNTS, AVALARACOMMERCIALTAXCODE, CROSSSALEGROUP, DESCRIPTION, MEMBERSHIPTYPE_ID, MEMBERSHIPYEARS, DISPATCHFEE, SOURCEVERSION, ID, PURCHASEORDERLIMITS_REVENUEPERCENT, SYNCDATE, PRICE, TAXABLE, WARRANTY_DESCRIPTION, MASTER_ID, MEMBERSHIPMONTHS, PAYSCOMMISSION, WARRANTY_DURATION, ARCHIVED, IMPORTID, ISDEFERREDREVENUE, ISTIMEANDMATERIAL, ORIGINAL_ID, PAYSFLATAMOUNT, CREATEDBY_ID, MEMBERSHIP, SOURCE, ACTIVE, ALLOWAPPLYTAGSTOENTITIES, BASERATE3, COMMISSIONBONUS, LOYALTYPROGRAMELIGIBLE, RECORD_UPDATE_DATE, SUPPLIERIMAGES, DISPLAYNAME, PROVIDER_ID, ACTIVE_FLAG, ADDONMEMBERPRICE, DISPLAYINAMOUNT, MINIMUMLABORHOURS, NAME, GENERALLEDGERACCOUNT_ID]
Column names for Curated Table --> DIM_SERVICE :: [ACCOUNT, ALLOWDISCOUNTS, BASERATE3, DESCRIPTION, DISPATCHFEE, ISOTTASK, MEMBERSHIP, SOLDBYCOMMISSION, DISPLAYNAME, AUTOGLASSTYPE, AVALARACOMMERCIALTAXCODE, BUSINESSUNIT_ID, COMMISSIONBONUS, NOTAX, EXTERNALID, PRICE, CATEGORY_ID, CREATEDON, CROSSSALEGROUP, MEMBERSHIPYEARS, PAYSFLATAMOUNT, PAYSSOLDBYRATE, WARRANTY_DURATION, MODIFIEDON, RECORD_CREATE_DATE, TAXABLE, MEMBERSHIPACTION, ADDONMEMBERPRICE, BONUS, COPIEDFROM_ID, ISDEFERREDREVENUE, SOURCE, ARCHIVED, BASERATE1, PURCHASEORDERLIMITS_REVENUEPERCENT, RECURRINGSERVICETYPE_ID, SOURCEVERSION, ALLOWAPPLYTAGSTOENTITIES, AVALARARESIDENTIALTAXCODE, DISPLAYINAMOUNT, GENERATEDTAGTARGETS, ISTIMEANDMATERIAL, PROVIDER_ID, ADDONFLATAMOUNT, COST, GENERALLEDGERACCOUNT_ID, MEMBERSHIPTYPE_ID, QBITEMNAME, WARRANTY_DESCRIPTION, EXCLUDEFROMPRICEBOOKWIZARD, ID, IMAGES, RECORD_UPDATED_BY, RECORD_UPDATE_DATE, NAME, ACTIVE, ADDONPRICE, LOYALTYPROGRAMELIGIBLE, PAYTECHSPECIFICBONUS, SUPPLIERIMAGES, HOURS, IMPORTID, MINIMUMLABORHOURS, PAYSCOMMISSION, WORKFLOWACTION_ID, MEMBERPRICE, BASERATE2, CREATEDBY_ID, MEMBERSHIPMONTHS, ORIGINAL_ID, SYNCDATE, ISLABOR, PURCHASEORDERLIMITS_FLATAMOUNT, TENANT_TYPE, SCHEDULEDFLATAMOUNT]
Column Name found in Datamart and Curated Table :: AUTOGLASSTYPE
Column Name found in Datamart and Curated Table :: BASERATE3
Column Name found in Datamart and Curated Table :: CREATEDON
Column Name found in Datamart and Curated Table :: EXTERNALID
Column Name found in Datamart and Curated Table :: ISTIMEANDMATERIAL
Column Name found in Datamart and Curated Table :: MEMBERSHIPYEARS
Column Name found in Datamart and Curated Table :: SOURCEVERSION
Column Name found in Datamart and Curated Table :: SYNCDATE
Column Name found in Datamart and Curated Table :: WARRANTY_DURATION
Column Name found in Datamart and Curated Table :: WARRANTY_DESCRIPTION
Column Name found in Datamart and Curated Table :: LOYALTYPROGRAMELIGIBLE
Column Name found in Datamart and Curated Table :: PROVIDER_ID
Column Name found in Datamart and Curated Table :: ACTIVE
Column Name found in Datamart and Curated Table :: ADDONMEMBERPRICE
Column Name found in Datamart and Curated Table :: DESCRIPTION
Column Name found in Datamart and Curated Table :: GENERALLEDGERACCOUNT_ID
Column Name found in Datamart and Curated Table :: GENERATEDTAGTARGETS
Column Name found in Datamart and Curated Table :: MEMBERSHIP
Column Name found in Datamart and Curated Table :: MEMBERSHIPACTION
Column Name found in Datamart and Curated Table :: PAYSCOMMISSION
Column Name found in Datamart and Curated Table :: COMMISSIONBONUS
Column Name found in Datamart and Curated Table :: DISPLAYINAMOUNT
Column Name found in Datamart and Curated Table :: SOLDBYCOMMISSION
Column Name found in Datamart and Curated Table :: PAYTECHSPECIFICBONUS
Column Name found in Datamart and Curated Table :: MINIMUMLABORHOURS
Column Name found in Datamart and Curated Table :: ACCOUNT
Column Name found in Datamart and Curated Table :: AVALARACOMMERCIALTAXCODE
Column Name found in Datamart and Curated Table :: COPIEDFROM_ID
Column Name found in Datamart and Curated Table :: CROSSSALEGROUP
Column Name found in Datamart and Curated Table :: EXCLUDEFROMPRICEBOOKWIZARD
Column Name found in Datamart and Curated Table :: WORKFLOWACTION_ID
Column Name found in Datamart and Curated Table :: CATEGORY_ID
Column Name found in Datamart and Curated Table :: RECURRINGSERVICETYPE_ID
Column Name found in Datamart and Curated Table :: ADDONPRICE
Column Name found in Datamart and Curated Table :: ALLOWAPPLYTAGSTOENTITIES
Column Name found in Datamart and Curated Table :: CREATEDBY_ID
Column Name found in Datamart and Curated Table :: PAYSFLATAMOUNT
Column Name found in Datamart and Curated Table :: PRICE
Column Name found in Datamart and Curated Table :: COST
Column Name found in Datamart and Curated Table :: HOURS
Column Name found in Datamart and Curated Table :: SCHEDULEDFLATAMOUNT
Column Name found in Datamart and Curated Table :: ARCHIVED
Column Name found in Datamart and Curated Table :: SOURCE
Column Name found in Datamart and Curated Table :: DISPLAYNAME
Column Name found in Datamart and Curated Table :: ISOTTASK
Column Name found in Datamart and Curated Table :: NOTAX
Column Name found in Datamart and Curated Table :: BASERATE2
Column Name found in Datamart and Curated Table :: MEMBERSHIPTYPE_ID
Column Name found in Datamart and Curated Table :: SUPPLIERIMAGES
Column Name found in Datamart and Curated Table :: IMPORTID
Column Name found in Datamart and Curated Table :: NAME
Column Name found in Datamart and Curated Table :: TAXABLE
Column Name found in Datamart and Curated Table :: ALLOWDISCOUNTS
Column Name found in Datamart and Curated Table :: BASERATE1
Column Name found in Datamart and Curated Table :: DISPATCHFEE
Column Name found in Datamart and Curated Table :: ISLABOR
Column Name found in Datamart and Curated Table :: MEMBERPRICE
Column Name found in Datamart and Curated Table :: PURCHASEORDERLIMITS_FLATAMOUNT
Column Name found in Datamart and Curated Table :: ID
Column Name found in Datamart and Curated Table :: IMAGES
Column Name found in Datamart and Curated Table :: PURCHASEORDERLIMITS_REVENUEPERCENT
Column Name found in Datamart and Curated Table :: QBITEMNAME
Column Name found in Datamart and Curated Table :: MEMBERSHIPMONTHS
Column Name found in Datamart and Curated Table :: AVALARARESIDENTIALTAXCODE
Column Name found in Datamart and Curated Table :: BONUS
Column Name found in Datamart and Curated Table :: BUSINESSUNIT_ID
Column Name found in Datamart and Curated Table :: ISDEFERREDREVENUE
Column Name found in Datamart and Curated Table :: ORIGINAL_ID
Column Name found in Datamart and Curated Table :: ADDONFLATAMOUNT
Column Name found in Datamart and Curated Table :: MODIFIEDON
Column Name found in Datamart and Curated Table :: PAYSSOLDBYRATE
Datamart tables contains additional column name like [ACTIVE_FLAG, RECORD_CREATE_DATE, RECORD_UPDATE_DATE, RECORD_UPDATE_DATE, MASTER_ID, TENANT_TYPE]
Curated tables contains additional column name like [RECORD_CREATE_DATE, RECORD_UPDATE_DATE, RECORD_UPDATED_BY, TENANT_TYPE]]]>
  </system-out>
  <testcase classname="testcases.RAW_DATAMART_CURATED.SnowFlake_ColumnValidation_BKPTables" name="validateColumnName_BKP" time="2.584"/>
  <system-out>
    <![CDATA[Executing Snowflake query :: SELECT COLUMN_NAME FROM DEV_ENT_RAW.INFORMATION_SCHEMA.COLUMNS WHERE TABLE_NAME='BUSINESSUNIT'and TABLE_SCHEMA='ST_HUTCHINSON_MATILLION'
Executing Snowflake query :: SELECT COLUMN_NAME FROM CURATED_DATAMART.INFORMATION_SCHEMA.COLUMNS WHERE TABLE_NAME='STR_BUSINESSUNIT'and TABLE_SCHEMA='ST_BKP_HUTCHINSON'
Executing Snowflake query :: SELECT COLUMN_NAME FROM DEV_ENT_CURATED.INFORMATION_SCHEMA.COLUMNS WHERE TABLE_NAME='DIM_BUSINESSUNIT'and TABLE_SCHEMA='MASTER_DIMENSIONS'
Column names for RAW Table --> BUSINESSUNIT :: [CREATEDBY_ID, FRANCHISEEINFO_CONTRACT, ID, PAYROLLIDLETIMEOVERTIMEPAYCODE_ID, IMPORTID, INVOICEMESSAGE, OFFERWORKERSCOMPENSATION, PAYROLLJOBHOURSOVERTIMEPAYCODE_ID, PAYROLLTASKBONUSPAYCODE, PAYROLLTYPE, PAYROLLTURNOVERBONUSPAYCODE, PAYROLLWEIGHTEDOTPAYCODE, SERVICEFINANCEDEALERNAME, LOGO, AUTHORIZATIONPARAGRAPH, DEFAULTTAXRATE, ENABLEWORKORDERS, MEALAPPOINTMENT_ID, LICENSENUMBER, OFFERCOMMERCIALGENERALLIABILITY, SELLERFEE, ENABLEWORKORDERSEQUIPMENTFORMATTING, NOCHARGERESIDENTIAL, WARRANTYRATE, MINIMUMROYALTYFEE, WORLDPAYSUBID, NAVISIONSTANDARDTIMEEARNINGCODE, ACKNOWLEDGEMENTAGREEMENT_ORIGINALFILENAME, ACTIVATIONLOCKED, ACTIVE, ADDRESS_ZIP, BANKACCOUNTPROCESSOR_ID, FRANCHISEEINFO_GST, PAYROLLFLATFEEMINIMUM, ADDRESS_UNIT, INVOICEHEADER, PAYROLLPERCENTAGEFEEMINIMUM, NOCHARGE, PAYROLLIDLETIMEDOUBLEOVERTIMEPAYCODE_ID, ADDRESS_CITY, ADDRESS_LONGITUDE, CALIFORNIACOMPLIANTCONTRACTDOCUMENTS, CORPORATECONTRACTNUMBER, CURRENCY, FRANCHISEEINFO_PIVOTALNUMBER, CONSTRUCTION, CREDITCARDPROCESSOR_ID, EMAIL, FRANCHISEEINFO_TRUCKSOPERATING, PAYROLLJOBHOURSSTANDARDPAYCODE_ID, MATERIALSKUREFERENCE_SKUID, POSTDATE, CREDITCARDPROCESSORLOGIN, ACKNOWLEDGEMENTAGREEMENT_FILENAME, ADDRESS_COUNTRY, ADDRESS_ISMANUALCOORDINATES, DIVISIONNAME, OFFICIALNAME, PAYROLLEXPENSEDEDUCTIONTRIGGER, PAYROLLIDLETIMESTPAYCODE, PAYROLLTURNOVERBONUSPAYCODENEW, SERVICEFINANCEDEALERID, NAVISIONGLCODE, PAYROLLIDLETIMESTANDARDPAYCODE_ID, PAYROLLINVOICEBONUSPAYCODE_ID, PAYROLLPERCENTAGEFEE, TRADE_ID, WORLDPAYMERCHANTPIN, WORLDPAYACCOUNTID, PAYROLLIDLETIMEOTPAYCODE, PAYMENTOPTIONS, PAYROLLJOBHOURSDOUBLEOVERTIMEPAYCODE_ID, ACKNOWLEDGEMENTPARAGRAPH, ADDRESS_LATITUDE, ESTIMATEAUTHORIZATIONPARAGRAPH, INTEGRATEDREFUNDS_ID, PAYROLLFLATFEE, PAYROLLJOBHOURSSTPAYCODE, ADDRESS_STATE, HVACDASHBOARDSECTIONS, QUICKBOOKSCLASS, OVERTIMEMODE, FINANCEITAUTHTOKEN, PAYROLLSOLDBYPAYCODE, ADDRESS_ISMILITARY, ADDRESS_STREET, AUTHORIZATIONAGREEMENT_ORIGINALFILENAME, COMMISSIONCALCULATION, DATA, FINANCEITPARTNERID, JOBBOOKEDALERTRECIPIENTS, AUTHORIZATIONAGREEMENT_FILENAME, CREDITCARDPROCESSORKEY, DIVISION_ID, FINANCEITACCOUNTEMAIL, FRANCHISEEINFO_NAME, INSURANCECOMPANYPHONE, PAYROLLJOBHOURSOTPAYCODE, BCCEMAIL, INTACCTENTITY_ID, QUICKBOOKSROOTSALESACCOUNT, TURNSCONTRACTORID, MATERIALSKUREFERENCE_SKUTYPE, PAYROLLSOLDBYPAYCODENEW, TGLBONUS, CREATEDON, EXTERNALID, GREENSKYMERCHANTID, HIDEPRICES, INSURANCECOMPANYNAME, NAME, NOCHARGECOMMERCIAL, PAYROLLCOSTMARKUP, FRANCHISEEINFO_COMMENTS, GOAL, MODIFIEDON, PAYROLLTASKBONUSPAYCODENEW, PAYROLLWEIGHTEDOVERTIMEPAYCODE_ID, PHONENUMBER, THREEDAYCANCELATIONPARAGRAPH, PAYMENTPROCESSOR, TURNOVERMINIMUMTHRESHOLD, QUICKBOOKSOAUTHSETTINGS, MATERIALSKU_ID, NAVISIONOVERTIMEEARNINGCODE]
Column names for DataMart Table --> STR_BUSINESSUNIT :: [ACTIVATIONLOCKED, CONSTRUCTION, CREATEDBY_ID, FRANCHISEEINFO_GST, MINIMUMROYALTYFEE, PAYROLLEXPENSEDEDUCTIONTRIGGER, PAYROLLTASKBONUSPAYCODE, SERVICEFINANCEDEALERID, DEFAULTTAXRATE, INTACCTENTITY_ID, NOCHARGE, PAYROLLJOBHOURSSTPAYCODE, PAYROLLWEIGHTEDOVERTIMEPAYCODE_ID, THREEDAYCANCELATIONPARAGRAPH, TURNSCONTRACTORID, PAYROLLIDLETIMEOTPAYCODE, PAYROLLPERCENTAGEFEE, ID, PAYROLLCOSTMARKUP, NAVISIONOVERTIMEEARNINGCODE, ACKNOWLEDGEMENTAGREEMENT_ORIGINALFILENAME, ACKNOWLEDGEMENTPARAGRAPH, ACTIVE, ADDRESS_COUNTRY, BANKACCOUNTPROCESSOR_ID, PAYMENTPROCESSOR, PAYROLLJOBHOURSDOUBLEOVERTIMEPAYCODE_ID, PAYROLLSOLDBYPAYCODENEW, BCCEMAIL, ESTIMATEAUTHORIZATIONPARAGRAPH, LICENSENUMBER, NAVISIONGLCODE, PAYROLLTASKBONUSPAYCODENEW, TGLBONUS, HIDEPRICES, PAYROLLIDLETIMEDOUBLEOVERTIMEPAYCODE_ID, CREATEDON, DATA, DIVISIONNAME, DIVISION_ID, FINANCEITAUTHTOKEN, FINANCEITPARTNERID, INSURANCECOMPANYNAME, JOBBOOKEDALERTRECIPIENTS, NOCHARGERESIDENTIAL, PAYROLLJOBHOURSOTPAYCODE, ADDRESS_STATE, FINANCEITACCOUNTEMAIL, FRANCHISEEINFO_COMMENTS, FRANCHISEEINFO_PIVOTALNUMBER, TURNOVERMINIMUMTHRESHOLD, PAYROLLWEIGHTEDOTPAYCODE, PAYROLLIDLETIMEOVERTIMEPAYCODE_ID, SELLERFEE, ADDRESS_LATITUDE, CALIFORNIACOMPLIANTCONTRACTDOCUMENTS, INVOICEMESSAGE, PAYROLLIDLETIMESTPAYCODE, RECORD_CREATE_DATE, GOAL, INSURANCECOMPANYPHONE, INTEGRATEDREFUNDS_ID, OFFERCOMMERCIALGENERALLIABILITY, OFFERWORKERSCOMPENSATION, PAYROLLJOBHOURSSTANDARDPAYCODE_ID, QUICKBOOKSOAUTHSETTINGS, ADDRESS_CITY, ADDRESS_ISMANUALCOORDINATES, ADDRESS_LONGITUDE, COMMISSIONCALCULATION, FRANCHISEEINFO_CONTRACT, INVOICEHEADER, CREDITCARDPROCESSORLOGIN, LOGO, MATERIALSKUREFERENCE_SKUTYPE, NAME, PAYROLLFLATFEE, WORLDPAYMERCHANTPIN, OFFICIALNAME, QUICKBOOKSROOTSALESACCOUNT, SERVICEFINANCEDEALERNAME, PAYMENTOPTIONS, WARRANTYRATE, QUICKBOOKSCLASS, WORLDPAYSUBID, ACKNOWLEDGEMENTAGREEMENT_FILENAME, ADDRESS_ZIP, MEALAPPOINTMENT_ID, MODIFIEDON, ENABLEWORKORDERS, NAVISIONSTANDARDTIMEEARNINGCODE, NOCHARGECOMMERCIAL, PAYROLLIDLETIMESTANDARDPAYCODE_ID, PAYROLLPERCENTAGEFEEMINIMUM, PAYROLLSOLDBYPAYCODE, ADDRESS_ISMILITARY, ADDRESS_STREET, ADDRESS_UNIT, AUTHORIZATIONPARAGRAPH, CORPORATECONTRACTNUMBER, MASTER_ID, PAYROLLFLATFEEMINIMUM, PAYROLLTURNOVERBONUSPAYCODE, ENABLEWORKORDERSEQUIPMENTFORMATTING, PAYROLLJOBHOURSOVERTIMEPAYCODE_ID, POSTDATE, WORLDPAYACCOUNTID, FRANCHISEEINFO_TRUCKSOPERATING, TENANT_TYPE, TRADE_ID, EXTERNALID, PHONENUMBER, ACTIVE_FLAG, AUTHORIZATIONAGREEMENT_FILENAME, CREDITCARDPROCESSOR_ID, CURRENCY, EMAIL, IMPORTID, PAYROLLINVOICEBONUSPAYCODE_ID, RECORD_UPDATE_DATE, AUTHORIZATIONAGREEMENT_ORIGINALFILENAME, CREDITCARDPROCESSORKEY, FRANCHISEEINFO_NAME, GREENSKYMERCHANTID, MATERIALSKUREFERENCE_SKUID, HVACDASHBOARDSECTIONS, MATERIALSKU_ID, OVERTIMEMODE, PAYROLLTURNOVERBONUSPAYCODENEW, PAYROLLTYPE]
Column names for Curated Table --> DIM_BUSINESSUNIT :: [ADDRESS_COUNTRY, ADDRESS_STREET, BANKACCOUNTPROCESSOR_ID, MEALAPPOINTMENT_ID, CREATEDBY_ID, DIVISION_ID, OFFERCOMMERCIALGENERALLIABILITY, PAYMENTPROCESSOR, PAYROLLJOBHOURSSTANDARDPAYCODE_ID, PAYROLLSOLDBYPAYCODE, TGLBONUS, NAME, PAYROLLCOSTMARKUP, PAYROLLJOBHOURSDOUBLEOVERTIMEPAYCODE_ID, LICENSENUMBER, LOGO, OVERTIMEMODE, ACKNOWLEDGEMENTAGREEMENT_ORIGINALFILENAME, AUTHORIZATIONPARAGRAPH, FINANCEITPARTNERID, WARRANTYRATE, FINANCEITACCOUNTEMAIL, PAYROLLTYPE, QUICKBOOKSCLASS, QUICKBOOKSOAUTHSETTINGS, GREENSKYMERCHANTID, CREDITCARDPROCESSORKEY, CREDITCARDPROCESSORLOGIN, CREDITCARDPROCESSOR_ID, DEFAULTTAXRATE, FRANCHISEEINFO_COMMENTS, HVACDASHBOARDSECTIONS, MODIFIEDON, WORLDPAYACCOUNTID, PAYROLLIDLETIMEDOUBLEOVERTIMEPAYCODE_ID, TENANT_TYPE, FRANCHISEEINFO_GST, RECORD_CREATE_DATE, NOCHARGE, PAYMENTOPTIONS, PAYROLLPERCENTAGEFEE, PAYROLLSOLDBYPAYCODENEW, ADDRESS_LONGITUDE, ADDRESS_ZIP, CREATEDON, INTEGRATEDREFUNDS_ID, JOBBOOKEDALERTRECIPIENTS, NAVISIONOVERTIMEEARNINGCODE, PAYROLLINVOICEBONUSPAYCODE_ID, ACTIVE, ADDRESS_STATE, AUTHORIZATIONAGREEMENT_ORIGINALFILENAME, ENABLEWORKORDERS, MATERIALSKU_ID, NAVISIONSTANDARDTIMEEARNINGCODE, PAYROLLJOBHOURSSTPAYCODE, POSTDATE, ADDRESS_ISMILITARY, ADDRESS_LATITUDE, ADDRESS_UNIT, CALIFORNIACOMPLIANTCONTRACTDOCUMENTS, ENABLEWORKORDERSEQUIPMENTFORMATTING, HIDEPRICES, INVOICEHEADER, COMMISSIONCALCULATION, EMAIL, FRANCHISEEINFO_TRUCKSOPERATING, PAYROLLIDLETIMESTANDARDPAYCODE_ID, PAYROLLIDLETIMESTPAYCODE, TRADE_ID, AUTHORIZATIONAGREEMENT_FILENAME, SERVICEFINANCEDEALERID, WORLDPAYMERCHANTPIN, BCCEMAIL, OFFERWORKERSCOMPENSATION, NAVISIONGLCODE, WORLDPAYSUBID, ACKNOWLEDGEMENTAGREEMENT_FILENAME, ACTIVATIONLOCKED, DIVISIONNAME, FINANCEITAUTHTOKEN, FRANCHISEEINFO_PIVOTALNUMBER, INSURANCECOMPANYNAME, PAYROLLWEIGHTEDOVERTIMEPAYCODE_ID, TURNSCONTRACTORID, FRANCHISEEINFO_NAME, MINIMUMROYALTYFEE, PAYROLLEXPENSEDEDUCTIONTRIGGER, PAYROLLPERCENTAGEFEEMINIMUM, RECORD_UPDATED_BY, SERVICEFINANCEDEALERNAME, ESTIMATEAUTHORIZATIONPARAGRAPH, TURNOVERMINIMUMTHRESHOLD, PAYROLLIDLETIMEOVERTIMEPAYCODE_ID, RECORD_UPDATE_DATE, ACKNOWLEDGEMENTPARAGRAPH, ADDRESS_ISMANUALCOORDINATES, INVOICEMESSAGE, MATERIALSKUREFERENCE_SKUID, MATERIALSKUREFERENCE_SKUTYPE, PAYROLLIDLETIMEOTPAYCODE, PAYROLLJOBHOURSOTPAYCODE, PAYROLLJOBHOURSOVERTIMEPAYCODE_ID, CONSTRUCTION, CORPORATECONTRACTNUMBER, DATA, NOCHARGECOMMERCIAL, NOCHARGERESIDENTIAL, PAYROLLTASKBONUSPAYCODE, PAYROLLTASKBONUSPAYCODENEW, QUICKBOOKSROOTSALESACCOUNT, ID, PAYROLLTURNOVERBONUSPAYCODENEW, ADDRESS_CITY, CURRENCY, GOAL, IMPORTID, INSURANCECOMPANYPHONE, PAYROLLTURNOVERBONUSPAYCODE, OFFICIALNAME, PAYROLLFLATFEE, PHONENUMBER, SELLERFEE, THREEDAYCANCELATIONPARAGRAPH, FRANCHISEEINFO_CONTRACT, PAYROLLFLATFEEMINIMUM, PAYROLLWEIGHTEDOTPAYCODE, INTACCTENTITY_ID, EXTERNALID]
Column Name found in Datamart and Curated Table :: CREATEDBY_ID
Column Name found in Datamart and Curated Table :: FRANCHISEEINFO_CONTRACT
Column Name found in Datamart and Curated Table :: ID
Column Name found in Datamart and Curated Table :: PAYROLLIDLETIMEOVERTIMEPAYCODE_ID
Column Name found in Datamart and Curated Table :: IMPORTID
Column Name found in Datamart and Curated Table :: INVOICEMESSAGE
Column Name found in Datamart and Curated Table :: OFFERWORKERSCOMPENSATION
Column Name found in Datamart and Curated Table :: PAYROLLJOBHOURSOVERTIMEPAYCODE_ID
Column Name found in Datamart and Curated Table :: PAYROLLTASKBONUSPAYCODE
Column Name found in Datamart and Curated Table :: PAYROLLTYPE
Column Name found in Datamart and Curated Table :: PAYROLLTURNOVERBONUSPAYCODE
Column Name found in Datamart and Curated Table :: PAYROLLWEIGHTEDOTPAYCODE
Column Name found in Datamart and Curated Table :: SERVICEFINANCEDEALERNAME
Column Name found in Datamart and Curated Table :: LOGO
Column Name found in Datamart and Curated Table :: AUTHORIZATIONPARAGRAPH
Column Name found in Datamart and Curated Table :: DEFAULTTAXRATE
Column Name found in Datamart and Curated Table :: ENABLEWORKORDERS
Column Name found in Datamart and Curated Table :: MEALAPPOINTMENT_ID
Column Name found in Datamart and Curated Table :: LICENSENUMBER
Column Name found in Datamart and Curated Table :: OFFERCOMMERCIALGENERALLIABILITY
Column Name found in Datamart and Curated Table :: SELLERFEE
Column Name found in Datamart and Curated Table :: ENABLEWORKORDERSEQUIPMENTFORMATTING
Column Name found in Datamart and Curated Table :: NOCHARGERESIDENTIAL
Column Name found in Datamart and Curated Table :: WARRANTYRATE
Column Name found in Datamart and Curated Table :: MINIMUMROYALTYFEE
Column Name found in Datamart and Curated Table :: WORLDPAYSUBID
Column Name found in Datamart and Curated Table :: NAVISIONSTANDARDTIMEEARNINGCODE
Column Name found in Datamart and Curated Table :: ACKNOWLEDGEMENTAGREEMENT_ORIGINALFILENAME
Column Name found in Datamart and Curated Table :: ACTIVATIONLOCKED
Column Name found in Datamart and Curated Table :: ACTIVE
Column Name found in Datamart and Curated Table :: ADDRESS_ZIP
Column Name found in Datamart and Curated Table :: BANKACCOUNTPROCESSOR_ID
Column Name found in Datamart and Curated Table :: FRANCHISEEINFO_GST
Column Name found in Datamart and Curated Table :: PAYROLLFLATFEEMINIMUM
Column Name found in Datamart and Curated Table :: ADDRESS_UNIT
Column Name found in Datamart and Curated Table :: INVOICEHEADER
Column Name found in Datamart and Curated Table :: PAYROLLPERCENTAGEFEEMINIMUM
Column Name found in Datamart and Curated Table :: NOCHARGE
Column Name found in Datamart and Curated Table :: PAYROLLIDLETIMEDOUBLEOVERTIMEPAYCODE_ID
Column Name found in Datamart and Curated Table :: ADDRESS_CITY
Column Name found in Datamart and Curated Table :: ADDRESS_LONGITUDE
Column Name found in Datamart and Curated Table :: CALIFORNIACOMPLIANTCONTRACTDOCUMENTS
Column Name found in Datamart and Curated Table :: CORPORATECONTRACTNUMBER
Column Name found in Datamart and Curated Table :: CURRENCY
Column Name found in Datamart and Curated Table :: FRANCHISEEINFO_PIVOTALNUMBER
Column Name found in Datamart and Curated Table :: CONSTRUCTION
Column Name found in Datamart and Curated Table :: CREDITCARDPROCESSOR_ID
Column Name found in Datamart and Curated Table :: EMAIL
Column Name found in Datamart and Curated Table :: FRANCHISEEINFO_TRUCKSOPERATING
Column Name found in Datamart and Curated Table :: PAYROLLJOBHOURSSTANDARDPAYCODE_ID
Column Name found in Datamart and Curated Table :: MATERIALSKUREFERENCE_SKUID
Column Name found in Datamart and Curated Table :: POSTDATE
Column Name found in Datamart and Curated Table :: CREDITCARDPROCESSORLOGIN
Column Name found in Datamart and Curated Table :: ACKNOWLEDGEMENTAGREEMENT_FILENAME
Column Name found in Datamart and Curated Table :: ADDRESS_COUNTRY
Column Name found in Datamart and Curated Table :: ADDRESS_ISMANUALCOORDINATES
Column Name found in Datamart and Curated Table :: DIVISIONNAME
Column Name found in Datamart and Curated Table :: OFFICIALNAME
Column Name found in Datamart and Curated Table :: PAYROLLEXPENSEDEDUCTIONTRIGGER
Column Name found in Datamart and Curated Table :: PAYROLLIDLETIMESTPAYCODE
Column Name found in Datamart and Curated Table :: PAYROLLTURNOVERBONUSPAYCODENEW
Column Name found in Datamart and Curated Table :: SERVICEFINANCEDEALERID
Column Name found in Datamart and Curated Table :: NAVISIONGLCODE
Column Name found in Datamart and Curated Table :: PAYROLLIDLETIMESTANDARDPAYCODE_ID
Column Name found in Datamart and Curated Table :: PAYROLLINVOICEBONUSPAYCODE_ID
Column Name found in Datamart and Curated Table :: PAYROLLPERCENTAGEFEE
Column Name found in Datamart and Curated Table :: TRADE_ID
Column Name found in Datamart and Curated Table :: WORLDPAYMERCHANTPIN
Column Name found in Datamart and Curated Table :: WORLDPAYACCOUNTID
Column Name found in Datamart and Curated Table :: PAYROLLIDLETIMEOTPAYCODE
Column Name found in Datamart and Curated Table :: PAYMENTOPTIONS
Column Name found in Datamart and Curated Table :: PAYROLLJOBHOURSDOUBLEOVERTIMEPAYCODE_ID
Column Name found in Datamart and Curated Table :: ACKNOWLEDGEMENTPARAGRAPH
Column Name found in Datamart and Curated Table :: ADDRESS_LATITUDE
Column Name found in Datamart and Curated Table :: ESTIMATEAUTHORIZATIONPARAGRAPH
Column Name found in Datamart and Curated Table :: INTEGRATEDREFUNDS_ID
Column Name found in Datamart and Curated Table :: PAYROLLFLATFEE
Column Name found in Datamart and Curated Table :: PAYROLLJOBHOURSSTPAYCODE
Column Name found in Datamart and Curated Table :: ADDRESS_STATE
Column Name found in Datamart and Curated Table :: HVACDASHBOARDSECTIONS
Column Name found in Datamart and Curated Table :: QUICKBOOKSCLASS
Column Name found in Datamart and Curated Table :: OVERTIMEMODE
Column Name found in Datamart and Curated Table :: FINANCEITAUTHTOKEN
Column Name found in Datamart and Curated Table :: PAYROLLSOLDBYPAYCODE
Column Name found in Datamart and Curated Table :: ADDRESS_ISMILITARY
Column Name found in Datamart and Curated Table :: ADDRESS_STREET
Column Name found in Datamart and Curated Table :: AUTHORIZATIONAGREEMENT_ORIGINALFILENAME
Column Name found in Datamart and Curated Table :: COMMISSIONCALCULATION
Column Name found in Datamart and Curated Table :: DATA
Column Name found in Datamart and Curated Table :: FINANCEITPARTNERID
Column Name found in Datamart and Curated Table :: JOBBOOKEDALERTRECIPIENTS
Column Name found in Datamart and Curated Table :: AUTHORIZATIONAGREEMENT_FILENAME
Column Name found in Datamart and Curated Table :: CREDITCARDPROCESSORKEY
Column Name found in Datamart and Curated Table :: DIVISION_ID
Column Name found in Datamart and Curated Table :: FINANCEITACCOUNTEMAIL
Column Name found in Datamart and Curated Table :: FRANCHISEEINFO_NAME
Column Name found in Datamart and Curated Table :: INSURANCECOMPANYPHONE
Column Name found in Datamart and Curated Table :: PAYROLLJOBHOURSOTPAYCODE
Column Name found in Datamart and Curated Table :: BCCEMAIL
Column Name found in Datamart and Curated Table :: INTACCTENTITY_ID
Column Name found in Datamart and Curated Table :: QUICKBOOKSROOTSALESACCOUNT
Column Name found in Datamart and Curated Table :: TURNSCONTRACTORID
Column Name found in Datamart and Curated Table :: MATERIALSKUREFERENCE_SKUTYPE
Column Name found in Datamart and Curated Table :: PAYROLLSOLDBYPAYCODENEW
Column Name found in Datamart and Curated Table :: TGLBONUS
Column Name found in Datamart and Curated Table :: CREATEDON
Column Name found in Datamart and Curated Table :: EXTERNALID
Column Name found in Datamart and Curated Table :: GREENSKYMERCHANTID
Column Name found in Datamart and Curated Table :: HIDEPRICES
Column Name found in Datamart and Curated Table :: INSURANCECOMPANYNAME
Column Name found in Datamart and Curated Table :: NAME
Column Name found in Datamart and Curated Table :: NOCHARGECOMMERCIAL
Column Name found in Datamart and Curated Table :: PAYROLLCOSTMARKUP
Column Name found in Datamart and Curated Table :: FRANCHISEEINFO_COMMENTS
Column Name found in Datamart and Curated Table :: GOAL
Column Name found in Datamart and Curated Table :: MODIFIEDON
Column Name found in Datamart and Curated Table :: PAYROLLTASKBONUSPAYCODENEW
Column Name found in Datamart and Curated Table :: PAYROLLWEIGHTEDOVERTIMEPAYCODE_ID
Column Name found in Datamart and Curated Table :: PHONENUMBER
Column Name found in Datamart and Curated Table :: THREEDAYCANCELATIONPARAGRAPH
Column Name found in Datamart and Curated Table :: PAYMENTPROCESSOR
Column Name found in Datamart and Curated Table :: TURNOVERMINIMUMTHRESHOLD
Column Name found in Datamart and Curated Table :: QUICKBOOKSOAUTHSETTINGS
Column Name found in Datamart and Curated Table :: MATERIALSKU_ID
Column Name found in Datamart and Curated Table :: NAVISIONOVERTIMEEARNINGCODE
Datamart tables contains additional column name like [ACTIVE_FLAG, RECORD_CREATE_DATE, RECORD_UPDATE_DATE, RECORD_UPDATE_DATE, MASTER_ID, TENANT_TYPE]
Curated tables contains additional column name like [RECORD_CREATE_DATE, RECORD_UPDATE_DATE, RECORD_UPDATED_BY, TENANT_TYPE]]]>
  </system-out>
  <testcase classname="testcases.RAW_DATAMART_CURATED.SnowFlake_ColumnValidation_BKPTables" name="validateColumnName_BKP" time="2.533"/>
  <system-out>
    <![CDATA[Executing Snowflake query :: SELECT COLUMN_NAME FROM DEV_ENT_RAW.INFORMATION_SCHEMA.COLUMNS WHERE TABLE_NAME='TAGTYPE'and TABLE_SCHEMA='ST_EANESHEATING_MATILLION'
Executing Snowflake query :: SELECT COLUMN_NAME FROM CURATED_DATAMART.INFORMATION_SCHEMA.COLUMNS WHERE TABLE_NAME='STR_TAGTYPE'and TABLE_SCHEMA='ST_BKP_EANESHEATING'
Executing Snowflake query :: SELECT COLUMN_NAME FROM DEV_ENT_CURATED.INFORMATION_SCHEMA.COLUMNS WHERE TABLE_NAME='DIM_TAGTYPE'and TABLE_SCHEMA='MASTER_DIMENSIONS'
Column names for RAW Table --> TAGTYPE :: [NAME, MODIFIEDON, CREATEDON, ACTIVE, ID, CODE, IMPORTANCE, ISCONVERSIONOPPORTUNITY, COLOR, CREATEDBY_ID, FONTCOLOR, ISVISIBLEONDISPATCHBOARD, PROJECTEDVALUEADJUSTMENT, IMPORTID, ISALWAYSVISIBLE]
Column names for DataMart Table --> STR_TAGTYPE :: [MASTER_ID, NAME, ACTIVE, ACTIVE_FLAG, IMPORTANCE, IMPORTID, ISALWAYSVISIBLE, PROJECTEDVALUEADJUSTMENT, TENANT_TYPE, ID, CREATEDBY_ID, FONTCOLOR, COLOR, RECORD_CREATE_DATE, RECORD_UPDATE_DATE, CODE, CREATEDON, MODIFIEDON, ISCONVERSIONOPPORTUNITY, ISVISIBLEONDISPATCHBOARD]
Column names for Curated Table --> DIM_TAGTYPE :: [ACTIVE, CODE, FONTCOLOR, IMPORTANCE, TENANT_TYPE, NAME, CREATEDBY_ID, ID, MODIFIEDON, RECORD_UPDATED_BY, COLOR, CREATEDON, RECORD_UPDATE_DATE, ISCONVERSIONOPPORTUNITY, PROJECTEDVALUEADJUSTMENT, RECORD_CREATE_DATE, ISALWAYSVISIBLE, IMPORTID, ISVISIBLEONDISPATCHBOARD]
Column Name found in Datamart and Curated Table :: NAME
Column Name found in Datamart and Curated Table :: MODIFIEDON
Column Name found in Datamart and Curated Table :: CREATEDON
Column Name found in Datamart and Curated Table :: ACTIVE
Column Name found in Datamart and Curated Table :: ID
Column Name found in Datamart and Curated Table :: CODE
Column Name found in Datamart and Curated Table :: IMPORTANCE
Column Name found in Datamart and Curated Table :: ISCONVERSIONOPPORTUNITY
Column Name found in Datamart and Curated Table :: COLOR
Column Name found in Datamart and Curated Table :: CREATEDBY_ID
Column Name found in Datamart and Curated Table :: FONTCOLOR
Column Name found in Datamart and Curated Table :: ISVISIBLEONDISPATCHBOARD
Column Name found in Datamart and Curated Table :: PROJECTEDVALUEADJUSTMENT
Column Name found in Datamart and Curated Table :: IMPORTID
Column Name found in Datamart and Curated Table :: ISALWAYSVISIBLE
Datamart tables contains additional column name like [ACTIVE_FLAG, RECORD_CREATE_DATE, RECORD_UPDATE_DATE, RECORD_UPDATE_DATE, MASTER_ID, TENANT_TYPE]
Curated tables contains additional column name like [RECORD_CREATE_DATE, RECORD_UPDATE_DATE, RECORD_UPDATED_BY, TENANT_TYPE]]]>
  </system-out>
  <testcase classname="testcases.RAW_DATAMART_CURATED.SnowFlake_ColumnValidation_BKPTables" name="validateColumnName_BKP" time="2.264"/>
  <system-out>
    <![CDATA[Executing Snowflake query :: SELECT COLUMN_NAME FROM DEV_ENT_RAW.INFORMATION_SCHEMA.COLUMNS WHERE TABLE_NAME='BUSINESSUNIT'and TABLE_SCHEMA='ST_SNELLHEATINGAIR_MATILLION'
Executing Snowflake query :: SELECT COLUMN_NAME FROM CURATED_DATAMART.INFORMATION_SCHEMA.COLUMNS WHERE TABLE_NAME='STR_BUSINESSUNIT'and TABLE_SCHEMA='ST_BKP_SNELLHEATINGAIR'
Executing Snowflake query :: SELECT COLUMN_NAME FROM DEV_ENT_CURATED.INFORMATION_SCHEMA.COLUMNS WHERE TABLE_NAME='DIM_BUSINESSUNIT'and TABLE_SCHEMA='MASTER_DIMENSIONS'
Column names for RAW Table --> BUSINESSUNIT :: [ACKNOWLEDGEMENTAGREEMENT_FILENAME, ADDRESS_CITY, ADDRESS_LATITUDE, AUTHORIZATIONAGREEMENT_FILENAME, CORPORATECONTRACTNUMBER, GREENSKYMERCHANTID, MINIMUMROYALTYFEE, PAYROLLINVOICEBONUSPAYCODE_ID, SERVICEFINANCEDEALERID, ADDRESS_ZIP, CURRENCY, FRANCHISEEINFO_CONTRACT, FRANCHISEEINFO_PIVOTALNUMBER, INSURANCECOMPANYPHONE, NOCHARGE, PAYROLLFLATFEEMINIMUM, PAYROLLTURNOVERBONUSPAYCODE, QUICKBOOKSROOTSALESACCOUNT, ACKNOWLEDGEMENTAGREEMENT_ORIGINALFILENAME, ADDRESS_STATE, ADDRESS_UNIT, CALIFORNIACOMPLIANTCONTRACTDOCUMENTS, NAVISIONGLCODE, OFFERCOMMERCIALGENERALLIABILITY, PAYROLLTASKBONUSPAYCODENEW, INTEGRATEDREFUNDS_ID, PAYROLLCOSTMARKUP, PAYROLLPERCENTAGEFEE, POSTDATE, QUICKBOOKSCLASS, QUICKBOOKSOAUTHSETTINGS, JOBBOOKEDALERTRECIPIENTS, PAYROLLSOLDBYPAYCODENEW, PAYROLLTYPE, EXTERNALID, ADDRESS_COUNTRY, DATA, FINANCEITAUTHTOKEN, LICENSENUMBER, PAYROLLIDLETIMEOTPAYCODE, TRADE_ID, CREATEDON, DEFAULTTAXRATE, FRANCHISEEINFO_COMMENTS, OFFERWORKERSCOMPENSATION, PAYMENTPROCESSOR, WORLDPAYMERCHANTPIN, PHONENUMBER, CREATEDBY_ID, WORLDPAYSUBID, OVERTIMEMODE, LOGO, BCCEMAIL, HIDEPRICES, TGLBONUS, AUTHORIZATIONAGREEMENT_ORIGINALFILENAME, BANKACCOUNTPROCESSOR_ID, ENABLEWORKORDERSEQUIPMENTFORMATTING, OFFICIALNAME, PAYROLLIDLETIMESTANDARDPAYCODE_ID, PAYROLLWEIGHTEDOTPAYCODE, TURNSCONTRACTORID, ACTIVATIONLOCKED, ADDRESS_STREET, EMAIL, FRANCHISEEINFO_NAME, NOCHARGECOMMERCIAL, ESTIMATEAUTHORIZATIONPARAGRAPH, IMPORTID, NAVISIONOVERTIMEEARNINGCODE, PAYROLLIDLETIMEDOUBLEOVERTIMEPAYCODE_ID, THREEDAYCANCELATIONPARAGRAPH, WORLDPAYACCOUNTID, PAYROLLIDLETIMESTPAYCODE, GOAL, ACKNOWLEDGEMENTPARAGRAPH, ADDRESS_ISMILITARY, AUTHORIZATIONPARAGRAPH, CREDITCARDPROCESSOR_ID, CREDITCARDPROCESSORKEY, ID, INSURANCECOMPANYNAME, INVOICEMESSAGE, MODIFIEDON, PAYMENTOPTIONS, FINANCEITPARTNERID, PAYROLLIDLETIMEOVERTIMEPAYCODE_ID, PAYROLLJOBHOURSSTANDARDPAYCODE_ID, PAYROLLTURNOVERBONUSPAYCODENEW, MATERIALSKUREFERENCE_SKUID, SELLERFEE, ACTIVE, ADDRESS_ISMANUALCOORDINATES, CONSTRUCTION, DIVISIONNAME, FRANCHISEEINFO_TRUCKSOPERATING, INVOICEHEADER, PAYROLLJOBHOURSDOUBLEOVERTIMEPAYCODE_ID, FINANCEITACCOUNTEMAIL, HVACDASHBOARDSECTIONS, MATERIALSKU_ID, MEALAPPOINTMENT_ID, PAYROLLFLATFEE, PAYROLLJOBHOURSOVERTIMEPAYCODE_ID, PAYROLLJOBHOURSSTPAYCODE, ADDRESS_LONGITUDE, COMMISSIONCALCULATION, CREDITCARDPROCESSORLOGIN, DIVISION_ID, ENABLEWORKORDERS, FRANCHISEEINFO_GST, INTACCTENTITY_ID, PAYROLLEXPENSEDEDUCTIONTRIGGER, PAYROLLTASKBONUSPAYCODE, MATERIALSKUREFERENCE_SKUTYPE, NAME, PAYROLLJOBHOURSOTPAYCODE, PAYROLLPERCENTAGEFEEMINIMUM, SERVICEFINANCEDEALERNAME, TURNOVERMINIMUMTHRESHOLD, PAYROLLWEIGHTEDOVERTIMEPAYCODE_ID, WARRANTYRATE, NAVISIONSTANDARDTIMEEARNINGCODE, PAYROLLSOLDBYPAYCODE, NOCHARGERESIDENTIAL]
Column names for DataMart Table --> STR_BUSINESSUNIT :: [ADDRESS_ISMILITARY, EXTERNALID, FRANCHISEEINFO_CONTRACT, NAME, MEALAPPOINTMENT_ID, MODIFIEDON, PAYROLLIDLETIMESTPAYCODE, PHONENUMBER, QUICKBOOKSROOTSALESACCOUNT, WARRANTYRATE, NAVISIONOVERTIMEEARNINGCODE, PAYMENTPROCESSOR, PAYROLLFLATFEE, PAYROLLTASKBONUSPAYCODENEW, PAYROLLIDLETIMEOVERTIMEPAYCODE_ID, COMMISSIONCALCULATION, NAVISIONSTANDARDTIMEEARNINGCODE, WORLDPAYACCOUNTID, ADDRESS_LONGITUDE, ADDRESS_STATE, CURRENCY, FRANCHISEEINFO_NAME, GOAL, HVACDASHBOARDSECTIONS, INSURANCECOMPANYNAME, NOCHARGECOMMERCIAL, PAYROLLJOBHOURSOVERTIMEPAYCODE_ID, PAYROLLPERCENTAGEFEE, PAYROLLSOLDBYPAYCODENEW, FINANCEITPARTNERID, PAYROLLFLATFEEMINIMUM, ACTIVE, ADDRESS_COUNTRY, CALIFORNIACOMPLIANTCONTRACTDOCUMENTS, ENABLEWORKORDERSEQUIPMENTFORMATTING, INSURANCECOMPANYPHONE, OFFERCOMMERCIALGENERALLIABILITY, OVERTIMEMODE, DEFAULTTAXRATE, MATERIALSKUREFERENCE_SKUID, INVOICEMESSAGE, TURNOVERMINIMUMTHRESHOLD, AUTHORIZATIONAGREEMENT_ORIGINALFILENAME, LOGO, ADDRESS_ZIP, BCCEMAIL, CREATEDBY_ID, NAVISIONGLCODE, WORLDPAYMERCHANTPIN, PAYROLLIDLETIMEDOUBLEOVERTIMEPAYCODE_ID, INTEGRATEDREFUNDS_ID, NOCHARGE, PAYROLLIDLETIMESTANDARDPAYCODE_ID, WORLDPAYSUBID, ACKNOWLEDGEMENTAGREEMENT_ORIGINALFILENAME, ADDRESS_CITY, ADDRESS_ISMANUALCOORDINATES, CREATEDON, ENABLEWORKORDERS, PAYROLLTYPE, CREDITCARDPROCESSORKEY, GREENSKYMERCHANTID, HIDEPRICES, LICENSENUMBER, PAYROLLTASKBONUSPAYCODE, TENANT_TYPE, TGLBONUS, OFFERWORKERSCOMPENSATION, PAYROLLINVOICEBONUSPAYCODE_ID, PAYROLLWEIGHTEDOVERTIMEPAYCODE_ID, QUICKBOOKSCLASS, INTACCTENTITY_ID, ADDRESS_LATITUDE, ADDRESS_STREET, AUTHORIZATIONPARAGRAPH, BANKACCOUNTPROCESSOR_ID, CORPORATECONTRACTNUMBER, CREDITCARDPROCESSOR_ID, DATA, JOBBOOKEDALERTRECIPIENTS, PAYROLLPERCENTAGEFEEMINIMUM, RECORD_UPDATE_DATE, SELLERFEE, THREEDAYCANCELATIONPARAGRAPH, AUTHORIZATIONAGREEMENT_FILENAME, ESTIMATEAUTHORIZATIONPARAGRAPH, FRANCHISEEINFO_PIVOTALNUMBER, MASTER_ID, PAYROLLTURNOVERBONUSPAYCODE, EMAIL, PAYROLLTURNOVERBONUSPAYCODENEW, TURNSCONTRACTORID, ACTIVATIONLOCKED, ACTIVE_FLAG, FRANCHISEEINFO_GST, FRANCHISEEINFO_TRUCKSOPERATING, PAYROLLJOBHOURSSTANDARDPAYCODE_ID, PAYROLLSOLDBYPAYCODE, OFFICIALNAME, PAYMENTOPTIONS, PAYROLLCOSTMARKUP, PAYROLLIDLETIMEOTPAYCODE, PAYROLLWEIGHTEDOTPAYCODE, RECORD_CREATE_DATE, IMPORTID, MATERIALSKU_ID, PAYROLLJOBHOURSDOUBLEOVERTIMEPAYCODE_ID, PAYROLLJOBHOURSSTPAYCODE, PAYROLLJOBHOURSOTPAYCODE, ACKNOWLEDGEMENTAGREEMENT_FILENAME, ACKNOWLEDGEMENTPARAGRAPH, CONSTRUCTION, DIVISIONNAME, ID, MINIMUMROYALTYFEE, NOCHARGERESIDENTIAL, PAYROLLEXPENSEDEDUCTIONTRIGGER, ADDRESS_UNIT, CREDITCARDPROCESSORLOGIN, FINANCEITACCOUNTEMAIL, FINANCEITAUTHTOKEN, QUICKBOOKSOAUTHSETTINGS, DIVISION_ID, INVOICEHEADER, SERVICEFINANCEDEALERNAME, SERVICEFINANCEDEALERID, MATERIALSKUREFERENCE_SKUTYPE, FRANCHISEEINFO_COMMENTS, TRADE_ID, POSTDATE]
Column names for Curated Table --> DIM_BUSINESSUNIT :: [ADDRESS_COUNTRY, ADDRESS_STREET, BANKACCOUNTPROCESSOR_ID, MEALAPPOINTMENT_ID, CREATEDBY_ID, DIVISION_ID, OFFERCOMMERCIALGENERALLIABILITY, PAYMENTPROCESSOR, PAYROLLJOBHOURSSTANDARDPAYCODE_ID, PAYROLLSOLDBYPAYCODE, TGLBONUS, NAME, PAYROLLCOSTMARKUP, PAYROLLJOBHOURSDOUBLEOVERTIMEPAYCODE_ID, LICENSENUMBER, LOGO, OVERTIMEMODE, ACKNOWLEDGEMENTAGREEMENT_ORIGINALFILENAME, AUTHORIZATIONPARAGRAPH, FINANCEITPARTNERID, WARRANTYRATE, FINANCEITACCOUNTEMAIL, PAYROLLTYPE, QUICKBOOKSCLASS, QUICKBOOKSOAUTHSETTINGS, GREENSKYMERCHANTID, CREDITCARDPROCESSORKEY, CREDITCARDPROCESSORLOGIN, CREDITCARDPROCESSOR_ID, DEFAULTTAXRATE, FRANCHISEEINFO_COMMENTS, HVACDASHBOARDSECTIONS, MODIFIEDON, WORLDPAYACCOUNTID, PAYROLLIDLETIMEDOUBLEOVERTIMEPAYCODE_ID, TENANT_TYPE, FRANCHISEEINFO_GST, RECORD_CREATE_DATE, NOCHARGE, PAYMENTOPTIONS, PAYROLLPERCENTAGEFEE, PAYROLLSOLDBYPAYCODENEW, ADDRESS_LONGITUDE, ADDRESS_ZIP, CREATEDON, INTEGRATEDREFUNDS_ID, JOBBOOKEDALERTRECIPIENTS, NAVISIONOVERTIMEEARNINGCODE, PAYROLLINVOICEBONUSPAYCODE_ID, ACTIVE, ADDRESS_STATE, AUTHORIZATIONAGREEMENT_ORIGINALFILENAME, ENABLEWORKORDERS, MATERIALSKU_ID, NAVISIONSTANDARDTIMEEARNINGCODE, PAYROLLJOBHOURSSTPAYCODE, POSTDATE, ADDRESS_ISMILITARY, ADDRESS_LATITUDE, ADDRESS_UNIT, CALIFORNIACOMPLIANTCONTRACTDOCUMENTS, ENABLEWORKORDERSEQUIPMENTFORMATTING, HIDEPRICES, INVOICEHEADER, COMMISSIONCALCULATION, EMAIL, FRANCHISEEINFO_TRUCKSOPERATING, PAYROLLIDLETIMESTANDARDPAYCODE_ID, PAYROLLIDLETIMESTPAYCODE, TRADE_ID, AUTHORIZATIONAGREEMENT_FILENAME, SERVICEFINANCEDEALERID, WORLDPAYMERCHANTPIN, BCCEMAIL, OFFERWORKERSCOMPENSATION, NAVISIONGLCODE, WORLDPAYSUBID, ACKNOWLEDGEMENTAGREEMENT_FILENAME, ACTIVATIONLOCKED, DIVISIONNAME, FINANCEITAUTHTOKEN, FRANCHISEEINFO_PIVOTALNUMBER, INSURANCECOMPANYNAME, PAYROLLWEIGHTEDOVERTIMEPAYCODE_ID, TURNSCONTRACTORID, FRANCHISEEINFO_NAME, MINIMUMROYALTYFEE, PAYROLLEXPENSEDEDUCTIONTRIGGER, PAYROLLPERCENTAGEFEEMINIMUM, RECORD_UPDATED_BY, SERVICEFINANCEDEALERNAME, ESTIMATEAUTHORIZATIONPARAGRAPH, TURNOVERMINIMUMTHRESHOLD, PAYROLLIDLETIMEOVERTIMEPAYCODE_ID, RECORD_UPDATE_DATE, ACKNOWLEDGEMENTPARAGRAPH, ADDRESS_ISMANUALCOORDINATES, INVOICEMESSAGE, MATERIALSKUREFERENCE_SKUID, MATERIALSKUREFERENCE_SKUTYPE, PAYROLLIDLETIMEOTPAYCODE, PAYROLLJOBHOURSOTPAYCODE, PAYROLLJOBHOURSOVERTIMEPAYCODE_ID, CONSTRUCTION, CORPORATECONTRACTNUMBER, DATA, NOCHARGECOMMERCIAL, NOCHARGERESIDENTIAL, PAYROLLTASKBONUSPAYCODE, PAYROLLTASKBONUSPAYCODENEW, QUICKBOOKSROOTSALESACCOUNT, ID, PAYROLLTURNOVERBONUSPAYCODENEW, ADDRESS_CITY, CURRENCY, GOAL, IMPORTID, INSURANCECOMPANYPHONE, PAYROLLTURNOVERBONUSPAYCODE, OFFICIALNAME, PAYROLLFLATFEE, PHONENUMBER, SELLERFEE, THREEDAYCANCELATIONPARAGRAPH, FRANCHISEEINFO_CONTRACT, PAYROLLFLATFEEMINIMUM, PAYROLLWEIGHTEDOTPAYCODE, INTACCTENTITY_ID, EXTERNALID]
Column Name found in Datamart and Curated Table :: ACKNOWLEDGEMENTAGREEMENT_FILENAME
Column Name found in Datamart and Curated Table :: ADDRESS_CITY
Column Name found in Datamart and Curated Table :: ADDRESS_LATITUDE
Column Name found in Datamart and Curated Table :: AUTHORIZATIONAGREEMENT_FILENAME
Column Name found in Datamart and Curated Table :: CORPORATECONTRACTNUMBER
Column Name found in Datamart and Curated Table :: GREENSKYMERCHANTID
Column Name found in Datamart and Curated Table :: MINIMUMROYALTYFEE
Column Name found in Datamart and Curated Table :: PAYROLLINVOICEBONUSPAYCODE_ID
Column Name found in Datamart and Curated Table :: SERVICEFINANCEDEALERID
Column Name found in Datamart and Curated Table :: ADDRESS_ZIP
Column Name found in Datamart and Curated Table :: CURRENCY
Column Name found in Datamart and Curated Table :: FRANCHISEEINFO_CONTRACT
Column Name found in Datamart and Curated Table :: FRANCHISEEINFO_PIVOTALNUMBER
Column Name found in Datamart and Curated Table :: INSURANCECOMPANYPHONE
Column Name found in Datamart and Curated Table :: NOCHARGE
Column Name found in Datamart and Curated Table :: PAYROLLFLATFEEMINIMUM
Column Name found in Datamart and Curated Table :: PAYROLLTURNOVERBONUSPAYCODE
Column Name found in Datamart and Curated Table :: QUICKBOOKSROOTSALESACCOUNT
Column Name found in Datamart and Curated Table :: ACKNOWLEDGEMENTAGREEMENT_ORIGINALFILENAME
Column Name found in Datamart and Curated Table :: ADDRESS_STATE
Column Name found in Datamart and Curated Table :: ADDRESS_UNIT
Column Name found in Datamart and Curated Table :: CALIFORNIACOMPLIANTCONTRACTDOCUMENTS
Column Name found in Datamart and Curated Table :: NAVISIONGLCODE
Column Name found in Datamart and Curated Table :: OFFERCOMMERCIALGENERALLIABILITY
Column Name found in Datamart and Curated Table :: PAYROLLTASKBONUSPAYCODENEW
Column Name found in Datamart and Curated Table :: INTEGRATEDREFUNDS_ID
Column Name found in Datamart and Curated Table :: PAYROLLCOSTMARKUP
Column Name found in Datamart and Curated Table :: PAYROLLPERCENTAGEFEE
Column Name found in Datamart and Curated Table :: POSTDATE
Column Name found in Datamart and Curated Table :: QUICKBOOKSCLASS
Column Name found in Datamart and Curated Table :: QUICKBOOKSOAUTHSETTINGS
Column Name found in Datamart and Curated Table :: JOBBOOKEDALERTRECIPIENTS
Column Name found in Datamart and Curated Table :: PAYROLLSOLDBYPAYCODENEW
Column Name found in Datamart and Curated Table :: PAYROLLTYPE
Column Name found in Datamart and Curated Table :: EXTERNALID
Column Name found in Datamart and Curated Table :: ADDRESS_COUNTRY
Column Name found in Datamart and Curated Table :: DATA
Column Name found in Datamart and Curated Table :: FINANCEITAUTHTOKEN
Column Name found in Datamart and Curated Table :: LICENSENUMBER
Column Name found in Datamart and Curated Table :: PAYROLLIDLETIMEOTPAYCODE
Column Name found in Datamart and Curated Table :: TRADE_ID
Column Name found in Datamart and Curated Table :: CREATEDON
Column Name found in Datamart and Curated Table :: DEFAULTTAXRATE
Column Name found in Datamart and Curated Table :: FRANCHISEEINFO_COMMENTS
Column Name found in Datamart and Curated Table :: OFFERWORKERSCOMPENSATION
Column Name found in Datamart and Curated Table :: PAYMENTPROCESSOR
Column Name found in Datamart and Curated Table :: WORLDPAYMERCHANTPIN
Column Name found in Datamart and Curated Table :: PHONENUMBER
Column Name found in Datamart and Curated Table :: CREATEDBY_ID
Column Name found in Datamart and Curated Table :: WORLDPAYSUBID
Column Name found in Datamart and Curated Table :: OVERTIMEMODE
Column Name found in Datamart and Curated Table :: LOGO
Column Name found in Datamart and Curated Table :: BCCEMAIL
Column Name found in Datamart and Curated Table :: HIDEPRICES
Column Name found in Datamart and Curated Table :: TGLBONUS
Column Name found in Datamart and Curated Table :: AUTHORIZATIONAGREEMENT_ORIGINALFILENAME
Column Name found in Datamart and Curated Table :: BANKACCOUNTPROCESSOR_ID
Column Name found in Datamart and Curated Table :: ENABLEWORKORDERSEQUIPMENTFORMATTING
Column Name found in Datamart and Curated Table :: OFFICIALNAME
Column Name found in Datamart and Curated Table :: PAYROLLIDLETIMESTANDARDPAYCODE_ID
Column Name found in Datamart and Curated Table :: PAYROLLWEIGHTEDOTPAYCODE
Column Name found in Datamart and Curated Table :: TURNSCONTRACTORID
Column Name found in Datamart and Curated Table :: ACTIVATIONLOCKED
Column Name found in Datamart and Curated Table :: ADDRESS_STREET
Column Name found in Datamart and Curated Table :: EMAIL
Column Name found in Datamart and Curated Table :: FRANCHISEEINFO_NAME
Column Name found in Datamart and Curated Table :: NOCHARGECOMMERCIAL
Column Name found in Datamart and Curated Table :: ESTIMATEAUTHORIZATIONPARAGRAPH
Column Name found in Datamart and Curated Table :: IMPORTID
Column Name found in Datamart and Curated Table :: NAVISIONOVERTIMEEARNINGCODE
Column Name found in Datamart and Curated Table :: PAYROLLIDLETIMEDOUBLEOVERTIMEPAYCODE_ID
Column Name found in Datamart and Curated Table :: THREEDAYCANCELATIONPARAGRAPH
Column Name found in Datamart and Curated Table :: WORLDPAYACCOUNTID
Column Name found in Datamart and Curated Table :: PAYROLLIDLETIMESTPAYCODE
Column Name found in Datamart and Curated Table :: GOAL
Column Name found in Datamart and Curated Table :: ACKNOWLEDGEMENTPARAGRAPH
Column Name found in Datamart and Curated Table :: ADDRESS_ISMILITARY
Column Name found in Datamart and Curated Table :: AUTHORIZATIONPARAGRAPH
Column Name found in Datamart and Curated Table :: CREDITCARDPROCESSOR_ID
Column Name found in Datamart and Curated Table :: CREDITCARDPROCESSORKEY
Column Name found in Datamart and Curated Table :: ID
Column Name found in Datamart and Curated Table :: INSURANCECOMPANYNAME
Column Name found in Datamart and Curated Table :: INVOICEMESSAGE
Column Name found in Datamart and Curated Table :: MODIFIEDON
Column Name found in Datamart and Curated Table :: PAYMENTOPTIONS
Column Name found in Datamart and Curated Table :: FINANCEITPARTNERID
Column Name found in Datamart and Curated Table :: PAYROLLIDLETIMEOVERTIMEPAYCODE_ID
Column Name found in Datamart and Curated Table :: PAYROLLJOBHOURSSTANDARDPAYCODE_ID
Column Name found in Datamart and Curated Table :: PAYROLLTURNOVERBONUSPAYCODENEW
Column Name found in Datamart and Curated Table :: MATERIALSKUREFERENCE_SKUID
Column Name found in Datamart and Curated Table :: SELLERFEE
Column Name found in Datamart and Curated Table :: ACTIVE
Column Name found in Datamart and Curated Table :: ADDRESS_ISMANUALCOORDINATES
Column Name found in Datamart and Curated Table :: CONSTRUCTION
Column Name found in Datamart and Curated Table :: DIVISIONNAME
Column Name found in Datamart and Curated Table :: FRANCHISEEINFO_TRUCKSOPERATING
Column Name found in Datamart and Curated Table :: INVOICEHEADER
Column Name found in Datamart and Curated Table :: PAYROLLJOBHOURSDOUBLEOVERTIMEPAYCODE_ID
Column Name found in Datamart and Curated Table :: FINANCEITACCOUNTEMAIL
Column Name found in Datamart and Curated Table :: HVACDASHBOARDSECTIONS
Column Name found in Datamart and Curated Table :: MATERIALSKU_ID
Column Name found in Datamart and Curated Table :: MEALAPPOINTMENT_ID
Column Name found in Datamart and Curated Table :: PAYROLLFLATFEE
Column Name found in Datamart and Curated Table :: PAYROLLJOBHOURSOVERTIMEPAYCODE_ID
Column Name found in Datamart and Curated Table :: PAYROLLJOBHOURSSTPAYCODE
Column Name found in Datamart and Curated Table :: ADDRESS_LONGITUDE
Column Name found in Datamart and Curated Table :: COMMISSIONCALCULATION
Column Name found in Datamart and Curated Table :: CREDITCARDPROCESSORLOGIN
Column Name found in Datamart and Curated Table :: DIVISION_ID
Column Name found in Datamart and Curated Table :: ENABLEWORKORDERS
Column Name found in Datamart and Curated Table :: FRANCHISEEINFO_GST
Column Name found in Datamart and Curated Table :: INTACCTENTITY_ID
Column Name found in Datamart and Curated Table :: PAYROLLEXPENSEDEDUCTIONTRIGGER
Column Name found in Datamart and Curated Table :: PAYROLLTASKBONUSPAYCODE
Column Name found in Datamart and Curated Table :: MATERIALSKUREFERENCE_SKUTYPE
Column Name found in Datamart and Curated Table :: NAME
Column Name found in Datamart and Curated Table :: PAYROLLJOBHOURSOTPAYCODE
Column Name found in Datamart and Curated Table :: PAYROLLPERCENTAGEFEEMINIMUM
Column Name found in Datamart and Curated Table :: SERVICEFINANCEDEALERNAME
Column Name found in Datamart and Curated Table :: TURNOVERMINIMUMTHRESHOLD
Column Name found in Datamart and Curated Table :: PAYROLLWEIGHTEDOVERTIMEPAYCODE_ID
Column Name found in Datamart and Curated Table :: WARRANTYRATE
Column Name found in Datamart and Curated Table :: NAVISIONSTANDARDTIMEEARNINGCODE
Column Name found in Datamart and Curated Table :: PAYROLLSOLDBYPAYCODE
Column Name found in Datamart and Curated Table :: NOCHARGERESIDENTIAL
Datamart tables contains additional column name like [ACTIVE_FLAG, RECORD_CREATE_DATE, RECORD_UPDATE_DATE, RECORD_UPDATE_DATE, MASTER_ID, TENANT_TYPE]
Curated tables contains additional column name like [RECORD_CREATE_DATE, RECORD_UPDATE_DATE, RECORD_UPDATED_BY, TENANT_TYPE]]]>
  </system-out>
  <testcase classname="testcases.RAW_DATAMART_CURATED.SnowFlake_ColumnValidation_BKPTables" name="validateColumnName_BKP" time="2.178"/>
  <system-out>
    <![CDATA[Executing Snowflake query :: SELECT COLUMN_NAME FROM DEV_ENT_RAW.INFORMATION_SCHEMA.COLUMNS WHERE TABLE_NAME='PURCHASEORDER'and TABLE_SCHEMA='ST_EANESHEATING_MATILLION'
Executing Snowflake query :: SELECT COLUMN_NAME FROM CURATED_DATAMART.INFORMATION_SCHEMA.COLUMNS WHERE TABLE_NAME='STR_PURCHASEORDER'and TABLE_SCHEMA='ST_BKP_EANESHEATING'
Executing Snowflake query :: SELECT COLUMN_NAME FROM DEV_ENT_CURATED.INFORMATION_SCHEMA.COLUMNS WHERE TABLE_NAME='DIM_PURCHASEORDER'and TABLE_SCHEMA='MASTER_DIMENSIONS'
Column names for RAW Table --> PURCHASEORDER :: [CREATEDON, IMPORTID, SHIPTO_LATITUDE, STATUS, SUMMARY, CANCELEDON, CREATEDBY_ID, EXPORTID, EXTERNALID, ISTIMEANDMATERIAL, MODIFIEDON, RECEIVEDON, REQUIREDON, TRUCK_ID, VENDOR, SENDSTATUS, REQUISITION_ID, CANCELEDREASON, ID, NOCHARGE, SHIPTO_ISMANUALCOORDINATES, SHIPTO_STREET, PROJECT_ID, PROJECTLABELS, SHIPTO_COUNTRY, TECHNICIAN_ID, BUSINESSUNIT_ID, INVOICE_ID, MARKUP, NUMBER, TYPE_ID, AMOUNT, ERRORMESSAGE, GROUPINGOPTION, ROLLEDOVERFROMPURCHASEORDER_ID, SHIPTO_LONGITUDE, SHIPTODESCRIPTION, SHIPTO_UNIT, SHIPTO_ISMILITARY, BATCH_ID, CANCELEDBY_ID, TAXSCHEMA, INVENTORYLOCATION_ID, POVENDOR_ID, SHIPTO_CITY, TAX, SHIPPING, SHIPTO_STATE, VENDORINVOICENUMBER, ACTIVE, DATE, JOB_ID, SENTON, SHIPTO_ZIP, TAXRATE, SENDINGMETHOD]
Column names for DataMart Table --> STR_PURCHASEORDER :: [NOCHARGE, ROLLEDOVERFROMPURCHASEORDER_ID, SHIPTO_UNIT, INVENTORYLOCATION_ID, STATUS, SUMMARY, VENDOR, MODIFIEDON, CREATEDON, EXPORTID, ID, PROJECT_ID, RECORD_UPDATE_DATE, SENDSTATUS, SHIPTO_ISMILITARY, SHIPTO_ZIP, TYPE_ID, ACTIVE_FLAG, BATCH_ID, CREATEDBY_ID, INVOICE_ID, TRUCK_ID, SHIPPING, TAX, DATE, MASTER_ID, POVENDOR_ID, RECEIVEDON, CANCELEDON, REQUISITION_ID, SHIPTO_LONGITUDE, SHIPTO_STATE, IMPORTID, REQUIREDON, TECHNICIAN_ID, ISTIMEANDMATERIAL, JOB_ID, SENDINGMETHOD, SENTON, SHIPTO_CITY, TAXRATE, MARKUP, VENDORINVOICENUMBER, ACTIVE, SHIPTODESCRIPTION, TENANT_TYPE, AMOUNT, BUSINESSUNIT_ID, CANCELEDBY_ID, CANCELEDREASON, ERRORMESSAGE, EXTERNALID, GROUPINGOPTION, NUMBER, RECORD_CREATE_DATE, SHIPTO_COUNTRY, SHIPTO_LATITUDE, SHIPTO_STREET, PROJECTLABELS, SHIPTO_ISMANUALCOORDINATES, TAXSCHEMA]
Column names for Curated Table --> DIM_PURCHASEORDER :: [ACTIVE, CANCELEDBY_ID, CANCELEDON, RECORD_CREATE_DATE, TRUCK_ID, ROLLEDOVERFROMPURCHASEORDER_ID, SHIPTO_LONGITUDE, TAXSCHEMA, BUSINESSUNIT_ID, POVENDOR_ID, SHIPTO_ISMANUALCOORDINATES, SHIPTO_ISMILITARY, CREATEDON, RECORD_UPDATE_DATE, NUMBER, AMOUNT, DATE, ERRORMESSAGE, EXPORTID, GROUPINGOPTION, INVOICE_ID, MODIFIEDON, PROJECT_ID, SHIPTO_COUNTRY, STATUS, RECORD_UPDATED_BY, TECHNICIAN_ID, SHIPTO_STATE, MARKUP, REQUISITION_ID, SENDSTATUS, SHIPTO_LATITUDE, SHIPTO_STREET, INVENTORYLOCATION_ID, TYPE_ID, BATCH_ID, CREATEDBY_ID, SENTON, PROJECTLABELS, SENDINGMETHOD, SHIPTO_CITY, TAXRATE, EXTERNALID, ID, TAX, VENDOR, IMPORTID, NOCHARGE, SHIPTO_ZIP, SUMMARY, TENANT_TYPE, SHIPPING, CANCELEDREASON, ISTIMEANDMATERIAL, JOB_ID, RECEIVEDON, SHIPTODESCRIPTION, SHIPTO_UNIT, VENDORINVOICENUMBER, REQUIREDON]
Column Name found in Datamart and Curated Table :: CREATEDON
Column Name found in Datamart and Curated Table :: IMPORTID
Column Name found in Datamart and Curated Table :: SHIPTO_LATITUDE
Column Name found in Datamart and Curated Table :: STATUS
Column Name found in Datamart and Curated Table :: SUMMARY
Column Name found in Datamart and Curated Table :: CANCELEDON
Column Name found in Datamart and Curated Table :: CREATEDBY_ID
Column Name found in Datamart and Curated Table :: EXPORTID
Column Name found in Datamart and Curated Table :: EXTERNALID
Column Name found in Datamart and Curated Table :: ISTIMEANDMATERIAL
Column Name found in Datamart and Curated Table :: MODIFIEDON
Column Name found in Datamart and Curated Table :: RECEIVEDON
Column Name found in Datamart and Curated Table :: REQUIREDON
Column Name found in Datamart and Curated Table :: TRUCK_ID
Column Name found in Datamart and Curated Table :: VENDOR
Column Name found in Datamart and Curated Table :: SENDSTATUS
Column Name found in Datamart and Curated Table :: REQUISITION_ID
Column Name found in Datamart and Curated Table :: CANCELEDREASON
Column Name found in Datamart and Curated Table :: ID
Column Name found in Datamart and Curated Table :: NOCHARGE
Column Name found in Datamart and Curated Table :: SHIPTO_ISMANUALCOORDINATES
Column Name found in Datamart and Curated Table :: SHIPTO_STREET
Column Name found in Datamart and Curated Table :: PROJECT_ID
Column Name found in Datamart and Curated Table :: PROJECTLABELS
Column Name found in Datamart and Curated Table :: SHIPTO_COUNTRY
Column Name found in Datamart and Curated Table :: TECHNICIAN_ID
Column Name found in Datamart and Curated Table :: BUSINESSUNIT_ID
Column Name found in Datamart and Curated Table :: INVOICE_ID
Column Name found in Datamart and Curated Table :: MARKUP
Column Name found in Datamart and Curated Table :: NUMBER
Column Name found in Datamart and Curated Table :: TYPE_ID
Column Name found in Datamart and Curated Table :: AMOUNT
Column Name found in Datamart and Curated Table :: ERRORMESSAGE
Column Name found in Datamart and Curated Table :: GROUPINGOPTION
Column Name found in Datamart and Curated Table :: ROLLEDOVERFROMPURCHASEORDER_ID
Column Name found in Datamart and Curated Table :: SHIPTO_LONGITUDE
Column Name found in Datamart and Curated Table :: SHIPTODESCRIPTION
Column Name found in Datamart and Curated Table :: SHIPTO_UNIT
Column Name found in Datamart and Curated Table :: SHIPTO_ISMILITARY
Column Name found in Datamart and Curated Table :: BATCH_ID
Column Name found in Datamart and Curated Table :: CANCELEDBY_ID
Column Name found in Datamart and Curated Table :: TAXSCHEMA
Column Name found in Datamart and Curated Table :: INVENTORYLOCATION_ID
Column Name found in Datamart and Curated Table :: POVENDOR_ID
Column Name found in Datamart and Curated Table :: SHIPTO_CITY
Column Name found in Datamart and Curated Table :: TAX
Column Name found in Datamart and Curated Table :: SHIPPING
Column Name found in Datamart and Curated Table :: SHIPTO_STATE
Column Name found in Datamart and Curated Table :: VENDORINVOICENUMBER
Column Name found in Datamart and Curated Table :: ACTIVE
Column Name found in Datamart and Curated Table :: DATE
Column Name found in Datamart and Curated Table :: JOB_ID
Column Name found in Datamart and Curated Table :: SENTON
Column Name found in Datamart and Curated Table :: SHIPTO_ZIP
Column Name found in Datamart and Curated Table :: TAXRATE
Column Name found in Datamart and Curated Table :: SENDINGMETHOD
Datamart tables contains additional column name like [ACTIVE_FLAG, RECORD_CREATE_DATE, RECORD_UPDATE_DATE, RECORD_UPDATE_DATE, MASTER_ID, TENANT_TYPE]
Curated tables contains additional column name like [RECORD_CREATE_DATE, RECORD_UPDATE_DATE, RECORD_UPDATED_BY, TENANT_TYPE]]]>
  </system-out>
  <testcase classname="testcases.RAW_DATAMART_CURATED.SnowFlake_ColumnValidation_BKPTables" name="validateColumnName_BKP" time="2.633"/>
  <system-out>
    <![CDATA[Executing Snowflake query :: SELECT COLUMN_NAME FROM DEV_ENT_RAW.INFORMATION_SCHEMA.COLUMNS WHERE TABLE_NAME='PAYMENTSPLIT'and TABLE_SCHEMA='ST_GOLDMEDAL_MATILLION'
Executing Snowflake query :: SELECT COLUMN_NAME FROM CURATED_DATAMART.INFORMATION_SCHEMA.COLUMNS WHERE TABLE_NAME='STR_PAYMENTSPLIT'and TABLE_SCHEMA='ST_BKP_GOLDMEDAL'
Executing Snowflake query :: SELECT COLUMN_NAME FROM DEV_ENT_CURATED.INFORMATION_SCHEMA.COLUMNS WHERE TABLE_NAME='DIM_PAYMENTSPLIT'and TABLE_SCHEMA='MASTER_DIMENSIONS'
Column names for RAW Table --> PAYMENTSPLIT :: [CREATEDBY_ID, PAYMENT_ID, INVOICE_ID, PAYSELLERCOMMISSION, CREATEDON, ACTIVE, IMPORTID, MODIFIEDON, AMOUNT, ID]
Column names for DataMart Table --> STR_PAYMENTSPLIT :: [RECORD_CREATE_DATE, TENANT_TYPE, AMOUNT, PAYMENT_ID, MASTER_ID, MODIFIEDON, CREATEDBY_ID, CREATEDON, INVOICE_ID, ACTIVE, ACTIVE_FLAG, IMPORTID, RECORD_UPDATE_DATE, ID, PAYSELLERCOMMISSION]
Column names for Curated Table --> DIM_PAYMENTSPLIT :: [IMPORTID, PAYSELLERCOMMISSION, CREATEDON, PAYMENT_ID, TENANT_TYPE, MODIFIEDON, AMOUNT, CREATEDBY_ID, INVOICE_ID, ID, RECORD_UPDATED_BY, RECORD_UPDATE_DATE, ACTIVE, RECORD_CREATE_DATE]
Column Name found in Datamart and Curated Table :: CREATEDBY_ID
Column Name found in Datamart and Curated Table :: PAYMENT_ID
Column Name found in Datamart and Curated Table :: INVOICE_ID
Column Name found in Datamart and Curated Table :: PAYSELLERCOMMISSION
Column Name found in Datamart and Curated Table :: CREATEDON
Column Name found in Datamart and Curated Table :: ACTIVE
Column Name found in Datamart and Curated Table :: IMPORTID
Column Name found in Datamart and Curated Table :: MODIFIEDON
Column Name found in Datamart and Curated Table :: AMOUNT
Column Name found in Datamart and Curated Table :: ID
Datamart tables contains additional column name like [ACTIVE_FLAG, RECORD_CREATE_DATE, RECORD_UPDATE_DATE, RECORD_UPDATE_DATE, MASTER_ID, TENANT_TYPE]
Curated tables contains additional column name like [RECORD_CREATE_DATE, RECORD_UPDATE_DATE, RECORD_UPDATED_BY, TENANT_TYPE]]]>
  </system-out>
  <testcase classname="testcases.RAW_DATAMART_CURATED.SnowFlake_ColumnValidation_BKPTables" name="validateColumnName_BKP" time="2.647"/>
  <system-out>
    <![CDATA[Executing Snowflake query :: SELECT COLUMN_NAME FROM DEV_ENT_RAW.INFORMATION_SCHEMA.COLUMNS WHERE TABLE_NAME='TAG'and TABLE_SCHEMA='ST_FOURPROS_MATILLION'
Executing Snowflake query :: SELECT COLUMN_NAME FROM CURATED_DATAMART.INFORMATION_SCHEMA.COLUMNS WHERE TABLE_NAME='STR_TAG'and TABLE_SCHEMA='ST_BKP_FOURPROS'
Executing Snowflake query :: SELECT COLUMN_NAME FROM DEV_ENT_CURATED.INFORMATION_SCHEMA.COLUMNS WHERE TABLE_NAME='DIM_TAG'and TABLE_SCHEMA='MASTER_DIMENSIONS'
Column names for RAW Table --> TAG :: [REMOVEDON, GENERATEDFOREXTERNAL, MEMO, OWNER_ID, TYPE_ID, GENERATEDFOR_ID, IMPORTID, ID, MODIFIEDON, ACTIVE, CREATEDBY_ID, CREATEDON, REMOVEDBY_ID]
Column names for DataMart Table --> STR_TAG :: [MEMO, ACTIVE, CREATEDBY_ID, GENERATEDFOREXTERNAL, ID, OWNER_ID, CREATEDON, MASTER_ID, MODIFIEDON, RECORD_UPDATE_DATE, SOURCE_PKEY_SPK, GENERATEDFOR_ID, TENANT_TYPE, ACTIVE_FLAG, RECORD_CREATE_DATE, TYPE_ID, IMPORTID, REMOVEDON, REMOVEDBY_ID]
Column names for Curated Table --> DIM_TAG :: [ACTIVE_FLAG, RECORD_CREATE_DATE, CREATEDON, RECORD_UPDATE_DATE, SOURCE_PKEY_SPK, GENERATEDFOR_ID, GENERATEDFOREXTERNAL, TYPE_ID, ACTIVE, CREATEDBY_ID, ID, MODIFIEDON, OWNER_ID, REMOVEDBY_ID, REMOVEDON, MEMO, RECORD_UPDATED_BY, IMPORTID, TENANT_TYPE]
Column Name found in Datamart and Curated Table :: REMOVEDON
Column Name found in Datamart and Curated Table :: GENERATEDFOREXTERNAL
Column Name found in Datamart and Curated Table :: MEMO
Column Name found in Datamart and Curated Table :: OWNER_ID
Column Name found in Datamart and Curated Table :: TYPE_ID
Column Name found in Datamart and Curated Table :: GENERATEDFOR_ID
Column Name found in Datamart and Curated Table :: IMPORTID
Column Name found in Datamart and Curated Table :: ID
Column Name found in Datamart and Curated Table :: MODIFIEDON
Column Name found in Datamart and Curated Table :: ACTIVE
Column Name found in Datamart and Curated Table :: CREATEDBY_ID
Column Name found in Datamart and Curated Table :: CREATEDON
Column Name found in Datamart and Curated Table :: REMOVEDBY_ID
Datamart tables contains additional column name like [ACTIVE_FLAG, RECORD_CREATE_DATE, RECORD_UPDATE_DATE, RECORD_UPDATE_DATE, MASTER_ID, TENANT_TYPE]
Curated tables contains additional column name like [RECORD_CREATE_DATE, RECORD_UPDATE_DATE, RECORD_UPDATED_BY, TENANT_TYPE]]]>
  </system-out>
  <testcase classname="testcases.RAW_DATAMART_CURATED.SnowFlake_ColumnValidation_BKPTables" name="validateColumnName_BKP" time="2.050"/>
  <system-out>
    <![CDATA[Executing Snowflake query :: SELECT COLUMN_NAME FROM DEV_ENT_RAW.INFORMATION_SCHEMA.COLUMNS WHERE TABLE_NAME='JOBCOMPLETIONSURVEY'and TABLE_SCHEMA='ST_HDAIR_MATILLION'
Executing Snowflake query :: SELECT COLUMN_NAME FROM CURATED_DATAMART.INFORMATION_SCHEMA.COLUMNS WHERE TABLE_NAME='STR_JOBCOMPLETIONSURVEY'and TABLE_SCHEMA='ST_BKP_HDAIR'
Executing Snowflake query :: SELECT COLUMN_NAME FROM DEV_ENT_CURATED.INFORMATION_SCHEMA.COLUMNS WHERE TABLE_NAME='DIM_JOBCOMPLETIONSURVEY'and TABLE_SCHEMA='MASTER_DIMENSIONS'
Column names for RAW Table --> JOBCOMPLETIONSURVEY :: [COMPLETEDON, ISPLANNINGTOUSEAGAIN, RECOMMENDATIONS, JOBID, JOBCOMPLETEDON, ISROUTINECOMPLETED, MEMO, RATING, SUBMITCOUNT, SURVEYTYPE, MODIFIEDON, SENTON, TOKEN, ID, STATUS]
Column names for DataMart Table --> STR_JOBCOMPLETIONSURVEY :: [JOBCOMPLETEDON, SENTON, TOKEN, RATING, ID, ISPLANNINGTOUSEAGAIN, ISROUTINECOMPLETED, RECORD_UPDATE_DATE, SUBMITCOUNT, ACTIVE_FLAG, RECOMMENDATIONS, COMPLETEDON, STATUS, RECORD_CREATE_DATE, JOBID, MASTER_ID, MEMO, SURVEYTYPE, TENANT_TYPE, MODIFIEDON]
Column names for Curated Table --> DIM_JOBCOMPLETIONSURVEY :: [ID, JOBCOMPLETEDON, SUBMITCOUNT, ISROUTINECOMPLETED, MEMO, RECORD_UPDATED_BY, STATUS, JOBID, RECORD_UPDATE_DATE, TENANT_TYPE, MODIFIEDON, SURVEYTYPE, COMPLETEDON, ISPLANNINGTOUSEAGAIN, RATING, SENTON, RECOMMENDATIONS, RECORD_CREATE_DATE, TOKEN]
Column Name found in Datamart and Curated Table :: COMPLETEDON
Column Name found in Datamart and Curated Table :: ISPLANNINGTOUSEAGAIN
Column Name found in Datamart and Curated Table :: RECOMMENDATIONS
Column Name found in Datamart and Curated Table :: JOBID
Column Name found in Datamart and Curated Table :: JOBCOMPLETEDON
Column Name found in Datamart and Curated Table :: ISROUTINECOMPLETED
Column Name found in Datamart and Curated Table :: MEMO
Column Name found in Datamart and Curated Table :: RATING
Column Name found in Datamart and Curated Table :: SUBMITCOUNT
Column Name found in Datamart and Curated Table :: SURVEYTYPE
Column Name found in Datamart and Curated Table :: MODIFIEDON
Column Name found in Datamart and Curated Table :: SENTON
Column Name found in Datamart and Curated Table :: TOKEN
Column Name found in Datamart and Curated Table :: ID
Column Name found in Datamart and Curated Table :: STATUS
Datamart tables contains additional column name like [ACTIVE_FLAG, RECORD_CREATE_DATE, RECORD_UPDATE_DATE, RECORD_UPDATE_DATE, MASTER_ID, TENANT_TYPE]
Curated tables contains additional column name like [RECORD_CREATE_DATE, RECORD_UPDATE_DATE, RECORD_UPDATED_BY, TENANT_TYPE]]]>
  </system-out>
  <testcase classname="testcases.RAW_DATAMART_CURATED.SnowFlake_ColumnValidation_BKPTables" name="validateColumnName_BKP" time="2.229"/>
  <system-out>
    <![CDATA[Executing Snowflake query :: SELECT COLUMN_NAME FROM DEV_ENT_RAW.INFORMATION_SCHEMA.COLUMNS WHERE TABLE_NAME='MATERIAL'and TABLE_SCHEMA='ST_SNELLHEATINGAIR_MATILLION'
Executing Snowflake query :: SELECT COLUMN_NAME FROM CURATED_DATAMART.INFORMATION_SCHEMA.COLUMNS WHERE TABLE_NAME='STR_MATERIAL'and TABLE_SCHEMA='ST_BKP_SNELLHEATINGAIR'
Executing Snowflake query :: SELECT COLUMN_NAME FROM DEV_ENT_CURATED.INFORMATION_SCHEMA.COLUMNS WHERE TABLE_NAME='DIM_MATERIAL'and TABLE_SCHEMA='MASTER_DIMENSIONS'
Column names for RAW Table --> MATERIAL :: [BUSINESSUNIT_ID, CATEGORY_ID, CREATEDBY_ID, DISPLAYINAMOUNT, IMAGES, PROVIDER_ID, SCHEDULEDFLATAMOUNT, LOYALTYPROGRAMELIGIBLE, PRICE, DESCRIPTION, ACCOUNT, PAYSCOMMISSION, PURCHASEORDERLIMITS_FLATAMOUNT, IMPORTID, ARCHIVED, COMMISSIONBONUS, ORIGINAL_ID, PAYSFLATAMOUNT, PAYTECHSPECIFICBONUS, ADDONMEMBERPRICE, EXTERNALID, ISINVENTORY, PURCHASEORDERLIMITS_REVENUEPERCENT, SOLDBYCOMMISSION, INVENTORYENABLEDBY_ID, INVENTORYENABLEDON, SOURCE, UNITOFMEASURE, ISSERIALIZED, SOURCEVERSION, ACTIVE, CREATEDON, MODIFIEDON, PAYSSOLDBYRATE, AVALARARESIDENTIALTAXCODE, COST, COSTOFSALEACCOUNT_ID, EXCLUDEFROMPRICEBOOKWIZARD, ID, NAME, SERIALIZEDON, SUPPLIERIMAGES, ADDONFLATAMOUNT, ASSETACCOUNT_ID, AUTOGLASSTYPE, COPIEDFROM_ID, CROSSSALEGROUP, DEDUCTASJOBCOST, NOTAX, USEFIXEDMATERIALPRICE, PRIMARYVENDOR_ID, SYNCDATE, ADDONPRICE, AVALARACOMMERCIALTAXCODE, BONUS, DISPLAYNAME, HOURS, MEMBERPRICE, TAXABLE, GENERALLEDGERACCOUNT_ID]
Column names for DataMart Table --> STR_MATERIAL :: [ADDONFLATAMOUNT, BONUS, COST, PRICE, UNITOFMEASURE, DESCRIPTION, ISINVENTORY, AVALARACOMMERCIALTAXCODE, LOYALTYPROGRAMELIGIBLE, USEFIXEDMATERIALPRICE, ADDONMEMBERPRICE, AUTOGLASSTYPE, AVALARARESIDENTIALTAXCODE, COPIEDFROM_ID, CROSSSALEGROUP, DISPLAYNAME, INVENTORYENABLEDON, NOTAX, RECORD_CREATE_DATE, SOURCE, EXCLUDEFROMPRICEBOOKWIZARD, ARCHIVED, CATEGORY_ID, COSTOFSALEACCOUNT_ID, HOURS, CREATEDON, PRIMARYVENDOR_ID, PURCHASEORDERLIMITS_FLATAMOUNT, TENANT_TYPE, DISPLAYINAMOUNT, PROVIDER_ID, IMPORTID, SCHEDULEDFLATAMOUNT, SOLDBYCOMMISSION, SERIALIZEDON, PAYSFLATAMOUNT, ORIGINAL_ID, ASSETACCOUNT_ID, BUSINESSUNIT_ID, ID, PURCHASEORDERLIMITS_REVENUEPERCENT, TAXABLE, DEDUCTASJOBCOST, IMAGES, PAYSCOMMISSION, SOURCEVERSION, SYNCDATE, PAYTECHSPECIFICBONUS, ACCOUNT, ACTIVE, COMMISSIONBONUS, CREATEDBY_ID, MASTER_ID, INVENTORYENABLEDBY_ID, NAME, PAYSSOLDBYRATE, RECORD_UPDATE_DATE, SUPPLIERIMAGES, ACTIVE_FLAG, ADDONPRICE, EXTERNALID, GENERALLEDGERACCOUNT_ID, MODIFIEDON, MEMBERPRICE, ISSERIALIZED]
Column names for Curated Table --> DIM_MATERIAL :: [BUSINESSUNIT_ID, DEDUCTASJOBCOST, HOURS, MEMBERPRICE, MODIFIEDON, SCHEDULEDFLATAMOUNT, ARCHIVED, BONUS, COST, EXCLUDEFROMPRICEBOOKWIZARD, INVENTORYENABLEDON, SOURCE, ID, RECORD_UPDATED_BY, RECORD_UPDATE_DATE, ADDONPRICE, ASSETACCOUNT_ID, AVALARARESIDENTIALTAXCODE, DESCRIPTION, IMPORTID, ISSERIALIZED, PAYSSOLDBYRATE, ISINVENTORY, NOTAX, CREATEDBY_ID, PRIMARYVENDOR_ID, SERIALIZEDON, GENERALLEDGERACCOUNT_ID, RECORD_CREATE_DATE, CROSSSALEGROUP, SOLDBYCOMMISSION, ACTIVE, CATEGORY_ID, EXTERNALID, NAME, USEFIXEDMATERIALPRICE, INVENTORYENABLEDBY_ID, PAYTECHSPECIFICBONUS, PROVIDER_ID, PURCHASEORDERLIMITS_REVENUEPERCENT, SUPPLIERIMAGES, ACCOUNT, ADDONFLATAMOUNT, COMMISSIONBONUS, CREATEDON, PAYSCOMMISSION, DISPLAYINAMOUNT, SOURCEVERSION, COSTOFSALEACCOUNT_ID, DISPLAYNAME, IMAGES, ORIGINAL_ID, TAXABLE, COPIEDFROM_ID, UNITOFMEASURE, ADDONMEMBERPRICE, AUTOGLASSTYPE, AVALARACOMMERCIALTAXCODE, LOYALTYPROGRAMELIGIBLE, PRICE, PURCHASEORDERLIMITS_FLATAMOUNT, SYNCDATE, TENANT_TYPE, PAYSFLATAMOUNT]
Column Name found in Datamart and Curated Table :: BUSINESSUNIT_ID
Column Name found in Datamart and Curated Table :: CATEGORY_ID
Column Name found in Datamart and Curated Table :: CREATEDBY_ID
Column Name found in Datamart and Curated Table :: DISPLAYINAMOUNT
Column Name found in Datamart and Curated Table :: IMAGES
Column Name found in Datamart and Curated Table :: PROVIDER_ID
Column Name found in Datamart and Curated Table :: SCHEDULEDFLATAMOUNT
Column Name found in Datamart and Curated Table :: LOYALTYPROGRAMELIGIBLE
Column Name found in Datamart and Curated Table :: PRICE
Column Name found in Datamart and Curated Table :: DESCRIPTION
Column Name found in Datamart and Curated Table :: ACCOUNT
Column Name found in Datamart and Curated Table :: PAYSCOMMISSION
Column Name found in Datamart and Curated Table :: PURCHASEORDERLIMITS_FLATAMOUNT
Column Name found in Datamart and Curated Table :: IMPORTID
Column Name found in Datamart and Curated Table :: ARCHIVED
Column Name found in Datamart and Curated Table :: COMMISSIONBONUS
Column Name found in Datamart and Curated Table :: ORIGINAL_ID
Column Name found in Datamart and Curated Table :: PAYSFLATAMOUNT
Column Name found in Datamart and Curated Table :: PAYTECHSPECIFICBONUS
Column Name found in Datamart and Curated Table :: ADDONMEMBERPRICE
Column Name found in Datamart and Curated Table :: EXTERNALID
Column Name found in Datamart and Curated Table :: ISINVENTORY
Column Name found in Datamart and Curated Table :: PURCHASEORDERLIMITS_REVENUEPERCENT
Column Name found in Datamart and Curated Table :: SOLDBYCOMMISSION
Column Name found in Datamart and Curated Table :: INVENTORYENABLEDBY_ID
Column Name found in Datamart and Curated Table :: INVENTORYENABLEDON
Column Name found in Datamart and Curated Table :: SOURCE
Column Name found in Datamart and Curated Table :: UNITOFMEASURE
Column Name found in Datamart and Curated Table :: ISSERIALIZED
Column Name found in Datamart and Curated Table :: SOURCEVERSION
Column Name found in Datamart and Curated Table :: ACTIVE
Column Name found in Datamart and Curated Table :: CREATEDON
Column Name found in Datamart and Curated Table :: MODIFIEDON
Column Name found in Datamart and Curated Table :: PAYSSOLDBYRATE
Column Name found in Datamart and Curated Table :: AVALARARESIDENTIALTAXCODE
Column Name found in Datamart and Curated Table :: COST
Column Name found in Datamart and Curated Table :: COSTOFSALEACCOUNT_ID
Column Name found in Datamart and Curated Table :: EXCLUDEFROMPRICEBOOKWIZARD
Column Name found in Datamart and Curated Table :: ID
Column Name found in Datamart and Curated Table :: NAME
Column Name found in Datamart and Curated Table :: SERIALIZEDON
Column Name found in Datamart and Curated Table :: SUPPLIERIMAGES
Column Name found in Datamart and Curated Table :: ADDONFLATAMOUNT
Column Name found in Datamart and Curated Table :: ASSETACCOUNT_ID
Column Name found in Datamart and Curated Table :: AUTOGLASSTYPE
Column Name found in Datamart and Curated Table :: COPIEDFROM_ID
Column Name found in Datamart and Curated Table :: CROSSSALEGROUP
Column Name found in Datamart and Curated Table :: DEDUCTASJOBCOST
Column Name found in Datamart and Curated Table :: NOTAX
Column Name found in Datamart and Curated Table :: USEFIXEDMATERIALPRICE
Column Name found in Datamart and Curated Table :: PRIMARYVENDOR_ID
Column Name found in Datamart and Curated Table :: SYNCDATE
Column Name found in Datamart and Curated Table :: ADDONPRICE
Column Name found in Datamart and Curated Table :: AVALARACOMMERCIALTAXCODE
Column Name found in Datamart and Curated Table :: BONUS
Column Name found in Datamart and Curated Table :: DISPLAYNAME
Column Name found in Datamart and Curated Table :: HOURS
Column Name found in Datamart and Curated Table :: MEMBERPRICE
Column Name found in Datamart and Curated Table :: TAXABLE
Column Name found in Datamart and Curated Table :: GENERALLEDGERACCOUNT_ID
Datamart tables contains additional column name like [ACTIVE_FLAG, RECORD_CREATE_DATE, RECORD_UPDATE_DATE, RECORD_UPDATE_DATE, MASTER_ID, TENANT_TYPE]
Curated tables contains additional column name like [RECORD_CREATE_DATE, RECORD_UPDATE_DATE, RECORD_UPDATED_BY, TENANT_TYPE]]]>
  </system-out>
  <testcase classname="testcases.RAW_DATAMART_CURATED.SnowFlake_ColumnValidation_BKPTables" name="validateColumnName_BKP" time="2.420">
    <failure message="The following asserts failed:
	null" type="java.lang.AssertionError">
      <![CDATA[java.lang.AssertionError: The following asserts failed:
null
at org.testng.asserts.SoftAssert.assertAll(SoftAssert.java:47)
at org.testng.asserts.SoftAssert.assertAll(SoftAssert.java:31)
at testcases.RAW_DATAMART_CURATED.SnowFlake_ColumnValidation_BKPTables.validateColumnName_BKP(SnowFlake_ColumnValidation_BKPTables.java:120)
at jdk.internal.reflect.GeneratedMethodAccessor38.invoke(Unknown Source)
at java.base/jdk.internal.reflect.DelegatingMethodAccessorImpl.invoke(DelegatingMethodAccessorImpl.java:43)
at java.base/java.lang.reflect.Method.invoke(Method.java:568)
at org.testng.internal.MethodInvocationHelper.invokeMethod(MethodInvocationHelper.java:133)
at org.testng.internal.TestInvoker.invokeMethod(TestInvoker.java:598)
at org.testng.internal.TestInvoker.invokeTestMethod(TestInvoker.java:173)
at org.testng.internal.MethodRunner.runInSequence(MethodRunner.java:46)
at org.testng.internal.TestInvoker$MethodInvocationAgent.invoke(TestInvoker.java:824)
at org.testng.internal.TestInvoker.invokeTestMethods(TestInvoker.java:146)
at org.testng.internal.TestMethodWorker.invokeTestMethods(TestMethodWorker.java:146)
at org.testng.internal.TestMethodWorker.run(TestMethodWorker.java:128)
at java.base/java.util.ArrayList.forEach(ArrayList.java:1511)
at org.testng.TestRunner.privateRun(TestRunner.java:794)
at org.testng.TestRunner.run(TestRunner.java:596)
at org.testng.SuiteRunner.runTest(SuiteRunner.java:377)
at org.testng.SuiteRunner.runSequentially(SuiteRunner.java:371)
at org.testng.SuiteRunner.privateRun(SuiteRunner.java:332)
at org.testng.SuiteRunner.run(SuiteRunner.java:276)
at org.testng.SuiteRunnerWorker.runSuite(SuiteRunnerWorker.java:53)
at org.testng.SuiteRunnerWorker.run(SuiteRunnerWorker.java:96)
at org.testng.TestNG.runSuitesSequentially(TestNG.java:1212)
at org.testng.TestNG.runSuitesLocally(TestNG.java:1134)
at org.testng.TestNG.runSuites(TestNG.java:1063)
at org.testng.TestNG.run(TestNG.java:1031)
at org.testng.remote.AbstractRemoteTestNG.run(AbstractRemoteTestNG.java:115)
at org.testng.remote.RemoteTestNG.initAndRun(RemoteTestNG.java:251)
at org.testng.remote.RemoteTestNG.main(RemoteTestNG.java:77)
]]>
    </failure>
  </testcase> <!-- validateColumnName_BKP -->
  <system-out>
    <![CDATA[Executing Snowflake query :: SELECT COLUMN_NAME FROM DEV_ENT_RAW.INFORMATION_SCHEMA.COLUMNS WHERE TABLE_NAME='JOBAPPOINTMENT'and TABLE_SCHEMA='ST_FOURPROS_MATILLION'
Executing Snowflake query :: SELECT COLUMN_NAME FROM CURATED_DATAMART.INFORMATION_SCHEMA.COLUMNS WHERE TABLE_NAME='STR_JOBAPPOINTMENT'and TABLE_SCHEMA='ST_BKP_FOURPROS'
Executing Snowflake query :: SELECT COLUMN_NAME FROM DEV_ENT_CURATED.INFORMATION_SCHEMA.COLUMNS WHERE TABLE_NAME='DIM_JOBAPPOINTMENT'and TABLE_SCHEMA='MASTER_DIMENSIONS'
Column names for RAW Table --> JOBAPPOINTMENT :: [MONTHNUMBER, STATUS, PLANEND, CREATEDON, ID, END, NUMBER, CREATEDBY_ID, ISCONFIRMED, ISUNUSED, START, SPECIALINSTRUCTIONS, JOB_ID, MODIFIEDON, SMARTDISPATCHDATA_JOBAPPOINTMENT, ACTIVE, PLANSTART, IMPORTID]
Column names for DataMart Table --> STR_JOBAPPOINTMENT :: [ISUNUSED, MODIFIEDON, NUMBER, RECORD_UPDATE_DATE, RECORD_CREATE_DATE, PLANSTART, CREATEDON, END, MASTER_ID, TENANT_TYPE, ISCONFIRMED, JOB_ID, STATUS, SMARTDISPATCHDATA_JOBAPPOINTMENT, ID, START, ACTIVE_FLAG, IMPORTID, PLANEND, ACTIVE, CREATEDBY_ID, MONTHNUMBER]
Column names for Curated Table --> DIM_JOBAPPOINTMENT :: [END, SMARTDISPATCHDATA_JOBAPPOINTMENT, ACTIVE, CREATEDBY_ID, IMPORTID, ISUNUSED, START, ID, JOB_ID, MONTHNUMBER, PLANEND, RECORD_UPDATE_DATE, CREATEDON, RECORD_CREATE_DATE, TENANT_TYPE, PLANSTART, ISCONFIRMED, NUMBER, STATUS, MODIFIEDON, RECORD_UPDATED_BY]
Column Name found in Datamart and Curated Table :: MONTHNUMBER
Column Name found in Datamart and Curated Table :: STATUS
Column Name found in Datamart and Curated Table :: PLANEND
Column Name found in Datamart and Curated Table :: CREATEDON
Column Name found in Datamart and Curated Table :: ID
Column Name found in Datamart and Curated Table :: END
Column Name found in Datamart and Curated Table :: NUMBER
Column Name found in Datamart and Curated Table :: CREATEDBY_ID
Column Name found in Datamart and Curated Table :: ISCONFIRMED
Column Name found in Datamart and Curated Table :: ISUNUSED
Column Name found in Datamart and Curated Table :: START
Column Name not found in Datamart and Curated Table :: SPECIALINSTRUCTIONS
Column Name found in Datamart and Curated Table :: JOB_ID
Column Name found in Datamart and Curated Table :: MODIFIEDON
Column Name found in Datamart and Curated Table :: SMARTDISPATCHDATA_JOBAPPOINTMENT
Column Name found in Datamart and Curated Table :: ACTIVE
Column Name found in Datamart and Curated Table :: PLANSTART
Column Name found in Datamart and Curated Table :: IMPORTID
Datamart tables contains additional column name like [ACTIVE_FLAG, RECORD_CREATE_DATE, RECORD_UPDATE_DATE, RECORD_UPDATE_DATE, MASTER_ID, TENANT_TYPE]
Curated tables contains additional column name like [RECORD_CREATE_DATE, RECORD_UPDATE_DATE, RECORD_UPDATED_BY, TENANT_TYPE]]]>
  </system-out>
  <testcase classname="testcases.RAW_DATAMART_CURATED.SnowFlake_ColumnValidation_BKPTables" name="validateColumnName_BKP" time="3.064"/>
  <system-out>
    <![CDATA[Executing Snowflake query :: SELECT COLUMN_NAME FROM DEV_ENT_RAW.INFORMATION_SCHEMA.COLUMNS WHERE TABLE_NAME='EMPLOYEE'and TABLE_SCHEMA='ST_GOLDMEDAL_MATILLION'
Executing Snowflake query :: SELECT COLUMN_NAME FROM CURATED_DATAMART.INFORMATION_SCHEMA.COLUMNS WHERE TABLE_NAME='STR_EMPLOYEE'and TABLE_SCHEMA='ST_BKP_GOLDMEDAL'
Executing Snowflake query :: SELECT COLUMN_NAME FROM DEV_ENT_CURATED.INFORMATION_SCHEMA.COLUMNS WHERE TABLE_NAME='DIM_EMPLOYEE'and TABLE_SCHEMA='MASTER_DIMENSIONS'
Column names for RAW Table --> EMPLOYEE :: [CREATEDON, EMAIL, HOME_ISMANUALCOORDINATES, MOBILEPHONE, HOURLYRATE, MANAGER_ID, PHONE, NAME, PAYROLLSTARTPERIOD, HOME_ZIP, EMAILCONFIRMED, HOME_ISMILITARY, PHONECONFIRMED, POSITION, HOME_STATE, IMPORTID, MIDDLENAME, OVERTIMEMODE, FIRSTNAME, SALESFORCEROLE, MODIFIEDON, HOME_LATITUDE, AGENTID, BIRTHDATE, CLOCKINOUTREMINDER, CREATEDBY_ID, HOME_COUNTRY, HOME_STREET, ISEXTERNAL, PAYROLLBUSINESSUNIT_ID, PHOTO, ID, MOBILEPHONECONFIRMED, OVERTIMEPROFILE_ID, HOME_UNIT, PAYFREQUENCY_ID, ACTIVE, HOME_LONGITUDE, LASTNAME, PAYROLLID, USER_ID, HOME_CITY, ISEXCLUDEDFROMPAYROLL, SALESFORCECONTACTID, STARTDATE]
Column names for DataMart Table --> STR_EMPLOYEE :: [BIRTHDATE, CREATEDON, FIRSTNAME, PAYROLLID, IMPORTID, RECORD_UPDATE_DATE, AGENTID, EMAILCONFIRMED, HOME_LATITUDE, HOME_LONGITUDE, NAME, SALESFORCEROLE, STARTDATE, ACTIVE_FLAG, HOME_ISMILITARY, ISEXCLUDEDFROMPAYROLL, MASTER_ID, MOBILEPHONE, ID, TENANT_TYPE, CLOCKINOUTREMINDER, HOME_STREET, MIDDLENAME, PHOTO, MOBILEPHONECONFIRMED, PHONE, HOME_STATE, HOME_UNIT, HOME_ZIP, LASTNAME, PAYFREQUENCY_ID, PAYROLLBUSINESSUNIT_ID, OVERTIMEPROFILE_ID, POSITION, USER_ID, PAYROLLSTARTPERIOD, CREATEDBY_ID, HOME_COUNTRY, ISEXTERNAL, ACTIVE, EMAIL, HOURLYRATE, HOME_CITY, OVERTIMEMODE, MANAGER_ID, HOME_ISMANUALCOORDINATES, MODIFIEDON, PHONECONFIRMED, RECORD_CREATE_DATE, SALESFORCECONTACTID]
Column names for Curated Table --> DIM_EMPLOYEE :: [CREATEDON, EMAIL, HOME_COUNTRY, HOME_ISMILITARY, PAYROLLID, PHONECONFIRMED, PAYROLLSTARTPERIOD, STARTDATE, PHONE, EMAILCONFIRMED, MOBILEPHONE, PAYFREQUENCY_ID, USER_ID, HOME_STATE, ISEXTERNAL, SALESFORCEROLE, CLOCKINOUTREMINDER, OVERTIMEMODE, ACTIVE, FIRSTNAME, HOURLYRATE, ISEXCLUDEDFROMPAYROLL, PAYROLLBUSINESSUNIT_ID, SALESFORCECONTACTID, AGENTID, CREATEDBY_ID, MANAGER_ID, HOME_ZIP, ID, IMPORTID, MODIFIEDON, PHOTO, RECORD_CREATE_DATE, BIRTHDATE, HOME_LATITUDE, HOME_STREET, POSITION, MOBILEPHONECONFIRMED, RECORD_UPDATED_BY, HOME_CITY, HOME_ISMANUALCOORDINATES, HOME_LONGITUDE, HOME_UNIT, LASTNAME, MIDDLENAME, TENANT_TYPE, NAME, RECORD_UPDATE_DATE, OVERTIMEPROFILE_ID]
Column Name found in Datamart and Curated Table :: CREATEDON
Column Name found in Datamart and Curated Table :: EMAIL
Column Name found in Datamart and Curated Table :: HOME_ISMANUALCOORDINATES
Column Name found in Datamart and Curated Table :: MOBILEPHONE
Column Name found in Datamart and Curated Table :: HOURLYRATE
Column Name found in Datamart and Curated Table :: MANAGER_ID
Column Name found in Datamart and Curated Table :: PHONE
Column Name found in Datamart and Curated Table :: NAME
Column Name found in Datamart and Curated Table :: PAYROLLSTARTPERIOD
Column Name found in Datamart and Curated Table :: HOME_ZIP
Column Name found in Datamart and Curated Table :: EMAILCONFIRMED
Column Name found in Datamart and Curated Table :: HOME_ISMILITARY
Column Name found in Datamart and Curated Table :: PHONECONFIRMED
Column Name found in Datamart and Curated Table :: POSITION
Column Name found in Datamart and Curated Table :: HOME_STATE
Column Name found in Datamart and Curated Table :: IMPORTID
Column Name found in Datamart and Curated Table :: MIDDLENAME
Column Name found in Datamart and Curated Table :: OVERTIMEMODE
Column Name found in Datamart and Curated Table :: FIRSTNAME
Column Name found in Datamart and Curated Table :: SALESFORCEROLE
Column Name found in Datamart and Curated Table :: MODIFIEDON
Column Name found in Datamart and Curated Table :: HOME_LATITUDE
Column Name found in Datamart and Curated Table :: AGENTID
Column Name found in Datamart and Curated Table :: BIRTHDATE
Column Name found in Datamart and Curated Table :: CLOCKINOUTREMINDER
Column Name found in Datamart and Curated Table :: CREATEDBY_ID
Column Name found in Datamart and Curated Table :: HOME_COUNTRY
Column Name found in Datamart and Curated Table :: HOME_STREET
Column Name found in Datamart and Curated Table :: ISEXTERNAL
Column Name found in Datamart and Curated Table :: PAYROLLBUSINESSUNIT_ID
Column Name found in Datamart and Curated Table :: PHOTO
Column Name found in Datamart and Curated Table :: ID
Column Name found in Datamart and Curated Table :: MOBILEPHONECONFIRMED
Column Name found in Datamart and Curated Table :: OVERTIMEPROFILE_ID
Column Name found in Datamart and Curated Table :: HOME_UNIT
Column Name found in Datamart and Curated Table :: PAYFREQUENCY_ID
Column Name found in Datamart and Curated Table :: ACTIVE
Column Name found in Datamart and Curated Table :: HOME_LONGITUDE
Column Name found in Datamart and Curated Table :: LASTNAME
Column Name found in Datamart and Curated Table :: PAYROLLID
Column Name found in Datamart and Curated Table :: USER_ID
Column Name found in Datamart and Curated Table :: HOME_CITY
Column Name found in Datamart and Curated Table :: ISEXCLUDEDFROMPAYROLL
Column Name found in Datamart and Curated Table :: SALESFORCECONTACTID
Column Name found in Datamart and Curated Table :: STARTDATE
Datamart tables contains additional column name like [ACTIVE_FLAG, RECORD_CREATE_DATE, RECORD_UPDATE_DATE, RECORD_UPDATE_DATE, MASTER_ID, TENANT_TYPE]
Curated tables contains additional column name like [RECORD_CREATE_DATE, RECORD_UPDATE_DATE, RECORD_UPDATED_BY, TENANT_TYPE]]]>
  </system-out>
  <testcase classname="testcases.RAW_DATAMART_CURATED.SnowFlake_ColumnValidation_BKPTables" name="validateColumnName_BKP" time="2.972"/>
  <system-out>
    <![CDATA[Executing Snowflake query :: SELECT COLUMN_NAME FROM DEV_ENT_RAW.INFORMATION_SCHEMA.COLUMNS WHERE TABLE_NAME='TIMESHEETCODE'and TABLE_SCHEMA='ST_GOLDMEDAL_MATILLION'
Executing Snowflake query :: SELECT COLUMN_NAME FROM CURATED_DATAMART.INFORMATION_SCHEMA.COLUMNS WHERE TABLE_NAME='STR_TIMESHEETCODE'and TABLE_SCHEMA='ST_BKP_GOLDMEDAL'
Executing Snowflake query :: SELECT COLUMN_NAME FROM DEV_ENT_CURATED.INFORMATION_SCHEMA.COLUMNS WHERE TABLE_NAME='DIM_TIMESHEETCODE'and TABLE_SCHEMA='MASTER_DIMENSIONS'
Column names for RAW Table --> TIMESHEETCODE :: [ADDRESS_COUNTRY, ADDRESS_ISMILITARY, BUSINESSUNIT_ID, COUNTONJOBCOUNTER, ISAUTOCLOCKINENABLED, SENDALERTSONMOBILE, STPAYCODE, CUSTOMHOURLYRATE, DOUBLEOVERTIMEPAYCODE_ID, ENABLESIMPLECLOCKINOUT, STANDARDPAYCODE_ID, CREATEDON, ID, CREATEDBY_ID, EXCLUDEABSENTEVENT, ISDEFAULTSHOPTIME, OTPAYCODE, OVERTIMEPAYCODE_ID, PAYROLLPOSTINGGROUP_ID, STANDARDPAYROLLCONTROLCODE_ID, ADDRESS_STATE, ADDRESS_STREET, CODE, EVENTNAME, HOURLYRATE, OVERTIMEPAYROLLCONTROLCODE_ID, ADDRESS_LONGITUDE, ADDRESS_UNIT, DEDUCTCOMMUTETIME, IMPORTID, ADDRESS_CITY, RATEMULTIPLIER, DESCRIPTION, ROUTEAROUNDNJA, ACTIVE, ADDRESS_ISMANUALCOORDINATES, ADDRESS_LATITUDE, ADDRESS_ZIP, APPLICABLEEMPLOYEETYPE, GEOFENCECLOCKINMODE, TYPE, VISIBILITY]
Column names for DataMart Table --> STR_TIMESHEETCODE :: [ADDRESS_COUNTRY, ADDRESS_STATE, IMPORTID, OTPAYCODE, RECORD_CREATE_DATE, VISIBILITY, BUSINESSUNIT_ID, CODE, TYPE, ACTIVE, ADDRESS_UNIT, RATEMULTIPLIER, EXCLUDEABSENTEVENT, SENDALERTSONMOBILE, ADDRESS_STREET, COUNTONJOBCOUNTER, EVENTNAME, HOURLYRATE, ISAUTOCLOCKINENABLED, ROUTEAROUNDNJA, STPAYCODE, TENANT_TYPE, ACTIVE_FLAG, ADDRESS_CITY, ADDRESS_ISMILITARY, MASTER_ID, OVERTIMEPAYCODE_ID, STANDARDPAYROLLCONTROLCODE_ID, ADDRESS_ZIP, ID, ADDRESS_LONGITUDE, DOUBLEOVERTIMEPAYCODE_ID, APPLICABLEEMPLOYEETYPE, DEDUCTCOMMUTETIME, ENABLESIMPLECLOCKINOUT, RECORD_UPDATE_DATE, ADDRESS_ISMANUALCOORDINATES, CREATEDBY_ID, DESCRIPTION, GEOFENCECLOCKINMODE, CUSTOMHOURLYRATE, STANDARDPAYCODE_ID, ADDRESS_LATITUDE, CREATEDON, OVERTIMEPAYROLLCONTROLCODE_ID, ISDEFAULTSHOPTIME, PAYROLLPOSTINGGROUP_ID]
Column names for Curated Table --> DIM_TIMESHEETCODE :: [ADDRESS_STREET, ADDRESS_ZIP, CUSTOMHOURLYRATE, DOUBLEOVERTIMEPAYCODE_ID, ENABLESIMPLECLOCKINOUT, DESCRIPTION, ADDRESS_ISMANUALCOORDINATES, ADDRESS_LONGITUDE, IMPORTID, CREATEDON, DEDUCTCOMMUTETIME, ID, ADDRESS_LATITUDE, CREATEDBY_ID, GEOFENCECLOCKINMODE, ROUTEAROUNDNJA, HOURLYRATE, RECORD_UPDATED_BY, RECORD_UPDATE_DATE, ADDRESS_UNIT, CODE, STANDARDPAYCODE_ID, OTPAYCODE, STPAYCODE, APPLICABLEEMPLOYEETYPE, OVERTIMEPAYCODE_ID, RATEMULTIPLIER, STANDARDPAYROLLCONTROLCODE_ID, EXCLUDEABSENTEVENT, PAYROLLPOSTINGGROUP_ID, TYPE, VISIBILITY, OVERTIMEPAYROLLCONTROLCODE_ID, ADDRESS_ISMILITARY, ADDRESS_STATE, ISDEFAULTSHOPTIME, ACTIVE, ADDRESS_CITY, BUSINESSUNIT_ID, COUNTONJOBCOUNTER, EVENTNAME, SENDALERTSONMOBILE, ADDRESS_COUNTRY, ISAUTOCLOCKINENABLED, TENANT_TYPE, RECORD_CREATE_DATE]
Column Name found in Datamart and Curated Table :: ADDRESS_COUNTRY
Column Name found in Datamart and Curated Table :: ADDRESS_ISMILITARY
Column Name found in Datamart and Curated Table :: BUSINESSUNIT_ID
Column Name found in Datamart and Curated Table :: COUNTONJOBCOUNTER
Column Name found in Datamart and Curated Table :: ISAUTOCLOCKINENABLED
Column Name found in Datamart and Curated Table :: SENDALERTSONMOBILE
Column Name found in Datamart and Curated Table :: STPAYCODE
Column Name found in Datamart and Curated Table :: CUSTOMHOURLYRATE
Column Name found in Datamart and Curated Table :: DOUBLEOVERTIMEPAYCODE_ID
Column Name found in Datamart and Curated Table :: ENABLESIMPLECLOCKINOUT
Column Name found in Datamart and Curated Table :: STANDARDPAYCODE_ID
Column Name found in Datamart and Curated Table :: CREATEDON
Column Name found in Datamart and Curated Table :: ID
Column Name found in Datamart and Curated Table :: CREATEDBY_ID
Column Name found in Datamart and Curated Table :: EXCLUDEABSENTEVENT
Column Name found in Datamart and Curated Table :: ISDEFAULTSHOPTIME
Column Name found in Datamart and Curated Table :: OTPAYCODE
Column Name found in Datamart and Curated Table :: OVERTIMEPAYCODE_ID
Column Name found in Datamart and Curated Table :: PAYROLLPOSTINGGROUP_ID
Column Name found in Datamart and Curated Table :: STANDARDPAYROLLCONTROLCODE_ID
Column Name found in Datamart and Curated Table :: ADDRESS_STATE
Column Name found in Datamart and Curated Table :: ADDRESS_STREET
Column Name found in Datamart and Curated Table :: CODE
Column Name found in Datamart and Curated Table :: EVENTNAME
Column Name found in Datamart and Curated Table :: HOURLYRATE
Column Name found in Datamart and Curated Table :: OVERTIMEPAYROLLCONTROLCODE_ID
Column Name found in Datamart and Curated Table :: ADDRESS_LONGITUDE
Column Name found in Datamart and Curated Table :: ADDRESS_UNIT
Column Name found in Datamart and Curated Table :: DEDUCTCOMMUTETIME
Column Name found in Datamart and Curated Table :: IMPORTID
Column Name found in Datamart and Curated Table :: ADDRESS_CITY
Column Name found in Datamart and Curated Table :: RATEMULTIPLIER
Column Name found in Datamart and Curated Table :: DESCRIPTION
Column Name found in Datamart and Curated Table :: ROUTEAROUNDNJA
Column Name found in Datamart and Curated Table :: ACTIVE
Column Name found in Datamart and Curated Table :: ADDRESS_ISMANUALCOORDINATES
Column Name found in Datamart and Curated Table :: ADDRESS_LATITUDE
Column Name found in Datamart and Curated Table :: ADDRESS_ZIP
Column Name found in Datamart and Curated Table :: APPLICABLEEMPLOYEETYPE
Column Name found in Datamart and Curated Table :: GEOFENCECLOCKINMODE
Column Name found in Datamart and Curated Table :: TYPE
Column Name found in Datamart and Curated Table :: VISIBILITY
Datamart tables contains additional column name like [ACTIVE_FLAG, RECORD_CREATE_DATE, RECORD_UPDATE_DATE, RECORD_UPDATE_DATE, MASTER_ID, TENANT_TYPE]
Curated tables contains additional column name like [RECORD_CREATE_DATE, RECORD_UPDATE_DATE, RECORD_UPDATED_BY, TENANT_TYPE]]]>
  </system-out>
  <testcase classname="testcases.RAW_DATAMART_CURATED.SnowFlake_ColumnValidation_BKPTables" name="validateColumnName_BKP" time="2.258"/>
  <system-out>
    <![CDATA[Executing Snowflake query :: SELECT COLUMN_NAME FROM DEV_ENT_RAW.INFORMATION_SCHEMA.COLUMNS WHERE TABLE_NAME='PAYMENTSPLIT'and TABLE_SCHEMA='ST_HORIZONSERVICES_MATILLION'
Executing Snowflake query :: SELECT COLUMN_NAME FROM CURATED_DATAMART.INFORMATION_SCHEMA.COLUMNS WHERE TABLE_NAME='STR_PAYMENTSPLIT'and TABLE_SCHEMA='ST_BKP_HORIZONSERVICES'
Executing Snowflake query :: SELECT COLUMN_NAME FROM DEV_ENT_CURATED.INFORMATION_SCHEMA.COLUMNS WHERE TABLE_NAME='DIM_PAYMENTSPLIT'and TABLE_SCHEMA='MASTER_DIMENSIONS'
Column names for RAW Table --> PAYMENTSPLIT :: [CREATEDON, IMPORTID, PAYMENT_ID, ID, CREATEDBY_ID, AMOUNT, PAYSELLERCOMMISSION, MODIFIEDON, ACTIVE, INVOICE_ID]
Column names for DataMart Table --> STR_PAYMENTSPLIT :: [ACTIVE, INVOICE_ID, MASTER_ID, AMOUNT, RECORD_CREATE_DATE, TENANT_TYPE, ACTIVE_FLAG, CREATEDBY_ID, CREATEDON, PAYMENT_ID, RECORD_UPDATE_DATE, IMPORTID, MODIFIEDON, ID, PAYSELLERCOMMISSION]
Column names for Curated Table --> DIM_PAYMENTSPLIT :: [IMPORTID, PAYSELLERCOMMISSION, CREATEDON, PAYMENT_ID, TENANT_TYPE, MODIFIEDON, AMOUNT, CREATEDBY_ID, INVOICE_ID, ID, RECORD_UPDATED_BY, RECORD_UPDATE_DATE, ACTIVE, RECORD_CREATE_DATE]
Column Name found in Datamart and Curated Table :: CREATEDON
Column Name found in Datamart and Curated Table :: IMPORTID
Column Name found in Datamart and Curated Table :: PAYMENT_ID
Column Name found in Datamart and Curated Table :: ID
Column Name found in Datamart and Curated Table :: CREATEDBY_ID
Column Name found in Datamart and Curated Table :: AMOUNT
Column Name found in Datamart and Curated Table :: PAYSELLERCOMMISSION
Column Name found in Datamart and Curated Table :: MODIFIEDON
Column Name found in Datamart and Curated Table :: ACTIVE
Column Name found in Datamart and Curated Table :: INVOICE_ID
Datamart tables contains additional column name like [ACTIVE_FLAG, RECORD_CREATE_DATE, RECORD_UPDATE_DATE, RECORD_UPDATE_DATE, MASTER_ID, TENANT_TYPE]
Curated tables contains additional column name like [RECORD_CREATE_DATE, RECORD_UPDATE_DATE, RECORD_UPDATED_BY, TENANT_TYPE]]]>
  </system-out>
  <testcase classname="testcases.RAW_DATAMART_CURATED.SnowFlake_ColumnValidation_BKPTables" name="validateColumnName_BKP" time="2.970"/>
  <system-out>
    <![CDATA[Executing Snowflake query :: SELECT COLUMN_NAME FROM DEV_ENT_RAW.INFORMATION_SCHEMA.COLUMNS WHERE TABLE_NAME='ZONE'and TABLE_SCHEMA='ST_HENDERSON_MATILLION'
Executing Snowflake query :: SELECT COLUMN_NAME FROM CURATED_DATAMART.INFORMATION_SCHEMA.COLUMNS WHERE TABLE_NAME='STR_ZONE'and TABLE_SCHEMA='ST_BKP_HENDERSON'
Executing Snowflake query :: SELECT COLUMN_NAME FROM DEV_ENT_CURATED.INFORMATION_SCHEMA.COLUMNS WHERE TABLE_NAME='DIM_ZONE'and TABLE_SCHEMA='MASTER_DIMENSIONS'
Column names for RAW Table --> ZONE :: [LOCNNUMBERS, MAXDRIVETIMEADJUSTMENT, ZIPS, ACTIVE, SERVICEDAYS, COLOR, IMPORTID, MODIFIEDON, CREATEDON, NAME, CITIES, CREATEDBY_ID, ID, TERRITORYNUMBERS, SERVICEDAYSENABLED]
Column names for DataMart Table --> STR_ZONE :: [MASTER_ID, ZIPS, TENANT_TYPE, ACTIVE, ID, MAXDRIVETIMEADJUSTMENT, RECORD_CREATE_DATE, MODIFIEDON, SERVICEDAYSENABLED, RECORD_UPDATE_DATE, TERRITORYNUMBERS, LOCNNUMBERS, CREATEDON, NAME, CITIES, COLOR, CREATEDBY_ID, IMPORTID, SERVICEDAYS, ACTIVE_FLAG]
Column names for Curated Table --> DIM_ZONE :: [CREATEDON, ID, ZIPS, CITIES, IMPORTID, LOCNNUMBERS, MODIFIEDON, NAME, SERVICEDAYS, TENANT_TYPE, MAXDRIVETIMEADJUSTMENT, TERRITORYNUMBERS, RECORD_CREATE_DATE, ACTIVE, CREATEDBY_ID, SERVICEDAYSENABLED, RECORD_UPDATE_DATE, COLOR, RECORD_UPDATED_BY]
Column Name found in Datamart and Curated Table :: LOCNNUMBERS
Column Name found in Datamart and Curated Table :: MAXDRIVETIMEADJUSTMENT
Column Name found in Datamart and Curated Table :: ZIPS
Column Name found in Datamart and Curated Table :: ACTIVE
Column Name found in Datamart and Curated Table :: SERVICEDAYS
Column Name found in Datamart and Curated Table :: COLOR
Column Name found in Datamart and Curated Table :: IMPORTID
Column Name found in Datamart and Curated Table :: MODIFIEDON
Column Name found in Datamart and Curated Table :: CREATEDON
Column Name found in Datamart and Curated Table :: NAME
Column Name found in Datamart and Curated Table :: CITIES
Column Name found in Datamart and Curated Table :: CREATEDBY_ID
Column Name found in Datamart and Curated Table :: ID
Column Name found in Datamart and Curated Table :: TERRITORYNUMBERS
Column Name found in Datamart and Curated Table :: SERVICEDAYSENABLED
Datamart tables contains additional column name like [ACTIVE_FLAG, RECORD_CREATE_DATE, RECORD_UPDATE_DATE, RECORD_UPDATE_DATE, MASTER_ID, TENANT_TYPE]
Curated tables contains additional column name like [RECORD_CREATE_DATE, RECORD_UPDATE_DATE, RECORD_UPDATED_BY, TENANT_TYPE]]]>
  </system-out>
  <testcase classname="testcases.RAW_DATAMART_CURATED.SnowFlake_ColumnValidation_BKPTables" name="validateColumnName_BKP" time="2.286">
    <failure message="The following asserts failed:
	null" type="java.lang.AssertionError">
      <![CDATA[java.lang.AssertionError: The following asserts failed:
null
at org.testng.asserts.SoftAssert.assertAll(SoftAssert.java:47)
at org.testng.asserts.SoftAssert.assertAll(SoftAssert.java:31)
at testcases.RAW_DATAMART_CURATED.SnowFlake_ColumnValidation_BKPTables.validateColumnName_BKP(SnowFlake_ColumnValidation_BKPTables.java:120)
at jdk.internal.reflect.GeneratedMethodAccessor38.invoke(Unknown Source)
at java.base/jdk.internal.reflect.DelegatingMethodAccessorImpl.invoke(DelegatingMethodAccessorImpl.java:43)
at java.base/java.lang.reflect.Method.invoke(Method.java:568)
at org.testng.internal.MethodInvocationHelper.invokeMethod(MethodInvocationHelper.java:133)
at org.testng.internal.TestInvoker.invokeMethod(TestInvoker.java:598)
at org.testng.internal.TestInvoker.invokeTestMethod(TestInvoker.java:173)
at org.testng.internal.MethodRunner.runInSequence(MethodRunner.java:46)
at org.testng.internal.TestInvoker$MethodInvocationAgent.invoke(TestInvoker.java:824)
at org.testng.internal.TestInvoker.invokeTestMethods(TestInvoker.java:146)
at org.testng.internal.TestMethodWorker.invokeTestMethods(TestMethodWorker.java:146)
at org.testng.internal.TestMethodWorker.run(TestMethodWorker.java:128)
at java.base/java.util.ArrayList.forEach(ArrayList.java:1511)
at org.testng.TestRunner.privateRun(TestRunner.java:794)
at org.testng.TestRunner.run(TestRunner.java:596)
at org.testng.SuiteRunner.runTest(SuiteRunner.java:377)
at org.testng.SuiteRunner.runSequentially(SuiteRunner.java:371)
at org.testng.SuiteRunner.privateRun(SuiteRunner.java:332)
at org.testng.SuiteRunner.run(SuiteRunner.java:276)
at org.testng.SuiteRunnerWorker.runSuite(SuiteRunnerWorker.java:53)
at org.testng.SuiteRunnerWorker.run(SuiteRunnerWorker.java:96)
at org.testng.TestNG.runSuitesSequentially(TestNG.java:1212)
at org.testng.TestNG.runSuitesLocally(TestNG.java:1134)
at org.testng.TestNG.runSuites(TestNG.java:1063)
at org.testng.TestNG.run(TestNG.java:1031)
at org.testng.remote.AbstractRemoteTestNG.run(AbstractRemoteTestNG.java:115)
at org.testng.remote.RemoteTestNG.initAndRun(RemoteTestNG.java:251)
at org.testng.remote.RemoteTestNG.main(RemoteTestNG.java:77)
]]>
    </failure>
  </testcase> <!-- validateColumnName_BKP -->
  <system-out>
    <![CDATA[Executing Snowflake query :: SELECT COLUMN_NAME FROM DEV_ENT_RAW.INFORMATION_SCHEMA.COLUMNS WHERE TABLE_NAME='JOBTYPE'and TABLE_SCHEMA='ST_HORIZONSERVICES_MATILLION'
Executing Snowflake query :: SELECT COLUMN_NAME FROM CURATED_DATAMART.INFORMATION_SCHEMA.COLUMNS WHERE TABLE_NAME='STR_JOBTYPE'and TABLE_SCHEMA='ST_BKP_HORIZONSERVICES'
Executing Snowflake query :: SELECT COLUMN_NAME FROM DEV_ENT_CURATED.INFORMATION_SCHEMA.COLUMNS WHERE TABLE_NAME='DIM_JOBTYPE'and TABLE_SCHEMA='MASTER_DIMENSIONS'
Column names for RAW Table --> JOBTYPE :: [COMPOVERTIMERATE, CREATEDON, DURATION, ISTUNEUP, MINIMUMMATERIALCOSTINPERCENT, NAME, PROJECTLABELS, IMAGE, COMPSTANDARDRATE, ID, IMPORTID, ISAUTODISPATCHED, MAXIMUMMATERIALCOSTINPERCENT, MODIFIEDON, CREATEDBY_ID, ENFORCERECURRINGSERVICEEVENTSELECTION, PROJECTEDVALUEADJUSTMENT, NOCHARGE, COMPCODE, ISSMARTDISPATCHEDBYDEFAULTINAPI, ACTIVE, CLASS, COMPDOUBLEOVERTIMERATE, LIKELIHOOD, PRIORITY, SUMMARY, SOLDTHRESHOLD]
Column names for DataMart Table --> STR_JOBTYPE :: [ID, IMAGE, ISAUTODISPATCHED, PROJECTEDVALUEADJUSTMENT, CREATEDON, LIKELIHOOD, NOCHARGE, RECORD_CREATE_DATE, SOLDTHRESHOLD, PROJECTLABELS, COMPCODE, SUMMARY, ENFORCERECURRINGSERVICEEVENTSELECTION, TENANT_TYPE, ACTIVE, IMPORTID, MODIFIEDON, CLASS, COMPDOUBLEOVERTIMERATE, MINIMUMMATERIALCOSTINPERCENT, NAME, MAXIMUMMATERIALCOSTINPERCENT, ACTIVE_FLAG, PRIORITY, COMPOVERTIMERATE, CREATEDBY_ID, MASTER_ID, COMPSTANDARDRATE, DURATION, ISTUNEUP, RECORD_UPDATE_DATE]
Column names for Curated Table --> DIM_JOBTYPE :: [COMPOVERTIMERATE, PROJECTLABELS, RECORD_UPDATED_BY, MAXIMUMMATERIALCOSTINPERCENT, SUMMARY, NAME, COMPDOUBLEOVERTIMERATE, CREATEDBY_ID, DURATION, ISAUTODISPATCHED, RECORD_UPDATE_DATE, COMPSTANDARDRATE, NOCHARGE, IMPORTID, TENANT_TYPE, ACTIVE, ENFORCERECURRINGSERVICEEVENTSELECTION, ID, ISTUNEUP, CLASS, COMPCODE, MINIMUMMATERIALCOSTINPERCENT, PRIORITY, CREATEDON, LIKELIHOOD, RECORD_CREATE_DATE, SOLDTHRESHOLD, IMAGE, MODIFIEDON, PROJECTEDVALUEADJUSTMENT]
Column Name found in Datamart and Curated Table :: COMPOVERTIMERATE
Column Name found in Datamart and Curated Table :: CREATEDON
Column Name found in Datamart and Curated Table :: DURATION
Column Name found in Datamart and Curated Table :: ISTUNEUP
Column Name found in Datamart and Curated Table :: MINIMUMMATERIALCOSTINPERCENT
Column Name found in Datamart and Curated Table :: NAME
Column Name found in Datamart and Curated Table :: PROJECTLABELS
Column Name found in Datamart and Curated Table :: IMAGE
Column Name found in Datamart and Curated Table :: COMPSTANDARDRATE
Column Name found in Datamart and Curated Table :: ID
Column Name found in Datamart and Curated Table :: IMPORTID
Column Name found in Datamart and Curated Table :: ISAUTODISPATCHED
Column Name found in Datamart and Curated Table :: MAXIMUMMATERIALCOSTINPERCENT
Column Name found in Datamart and Curated Table :: MODIFIEDON
Column Name found in Datamart and Curated Table :: CREATEDBY_ID
Column Name found in Datamart and Curated Table :: ENFORCERECURRINGSERVICEEVENTSELECTION
Column Name found in Datamart and Curated Table :: PROJECTEDVALUEADJUSTMENT
Column Name found in Datamart and Curated Table :: NOCHARGE
Column Name found in Datamart and Curated Table :: COMPCODE
Column Name not found in Datamart and Curated Table :: ISSMARTDISPATCHEDBYDEFAULTINAPI
Column Name found in Datamart and Curated Table :: ACTIVE
Column Name found in Datamart and Curated Table :: CLASS
Column Name found in Datamart and Curated Table :: COMPDOUBLEOVERTIMERATE
Column Name found in Datamart and Curated Table :: LIKELIHOOD
Column Name found in Datamart and Curated Table :: PRIORITY
Column Name found in Datamart and Curated Table :: SUMMARY
Column Name found in Datamart and Curated Table :: SOLDTHRESHOLD
Datamart tables contains additional column name like [ACTIVE_FLAG, RECORD_CREATE_DATE, RECORD_UPDATE_DATE, RECORD_UPDATE_DATE, MASTER_ID, TENANT_TYPE]
Curated tables contains additional column name like [RECORD_CREATE_DATE, RECORD_UPDATE_DATE, RECORD_UPDATED_BY, TENANT_TYPE]]]>
  </system-out>
  <testcase classname="testcases.RAW_DATAMART_CURATED.SnowFlake_ColumnValidation_BKPTables" name="validateColumnName_BKP" time="2.555"/>
  <system-out>
    <![CDATA[Executing Snowflake query :: SELECT COLUMN_NAME FROM DEV_ENT_RAW.INFORMATION_SCHEMA.COLUMNS WHERE TABLE_NAME='ESTIMATE'and TABLE_SCHEMA='ST_HUTCHINSON_MATILLION'
Executing Snowflake query :: SELECT COLUMN_NAME FROM CURATED_DATAMART.INFORMATION_SCHEMA.COLUMNS WHERE TABLE_NAME='STR_ESTIMATE'and TABLE_SCHEMA='ST_BKP_HUTCHINSON'
Executing Snowflake query :: SELECT COLUMN_NAME FROM DEV_ENT_CURATED.INFORMATION_SCHEMA.COLUMNS WHERE TABLE_NAME='DIM_ESTIMATE'and TABLE_SCHEMA='MASTER_DIMENSIONS'
Column names for RAW Table --> ESTIMATE :: [DISCOUNTTOTAL, IMPORTID, ISCHANGEORDER, MATERIALSKU_ID, TECHNICIANSIGNATURE, TOTALCOST, LABORTAX, SOLDINVOICE_ID, SUMMARY, PROPOSALTAGCOLOR, PROPOSALTAGNAME, SOLDON, TOTAL, LOCATION_ID, AUTHORIZATIONSIGNATURE, AUTHORIZEDON, FEETOTAL, SOLDTYPE, STATUS, TECHNICIANPICKEDSOLDTYPE, NAME, CLAIM_ID, CREATEDBY_ID, ID, ISRECOMMENDED, JOB_ID, MATERIALSKUREFERENCE_SKUTYPE, PROJECTLABELS, RENEWABLEMEMBERSHIP_ID, ORDER, PROJECTOPPORTUNITY_ID, SOLDBY_ID, ACTIVE, CREATEDON, MATERIALSKUREFERENCE_SKUID, MATERIALTAX, MODIFIEDON, OPPORTUNITY_ID, TAX, BUSINESSUNIT_ID, SOLDBYEMPLOYEE_ID, PROCUREMENTTYPE]
Column names for DataMart Table --> STR_ESTIMATE :: [ACTIVE, DISCOUNTTOTAL, MATERIALSKUREFERENCE_SKUID, SUMMARY, TECHNICIANPICKEDSOLDTYPE, AUTHORIZEDON, CREATEDBY_ID, CREATEDON, TECHNICIANSIGNATURE, PROPOSALTAGNAME, SOLDBYEMPLOYEE_ID, BUSINESSUNIT_ID, MODIFIEDON, PROPOSALTAGCOLOR, STATUS, AUTHORIZATIONSIGNATURE, FEETOTAL, ID, ISRECOMMENDED, LOCATION_ID, MASTER_ID, ISCHANGEORDER, MATERIALSKUREFERENCE_SKUTYPE, OPPORTUNITY_ID, SOLDBY_ID, NAME, ORDER, SOLDTYPE, ACTIVE_FLAG, CLAIM_ID, MATERIALTAX, PROJECTLABELS, RECORD_UPDATE_DATE, TAX, TOTAL, TOTALCOST, MATERIALSKU_ID, PROJECTOPPORTUNITY_ID, PROCUREMENTTYPE, IMPORTID, JOB_ID, LABORTAX, SOLDINVOICE_ID, RECORD_CREATE_DATE, RENEWABLEMEMBERSHIP_ID, SOLDON, TENANT_TYPE]
Column names for Curated Table --> DIM_ESTIMATE :: [CREATEDON, DISCOUNTTOTAL, LOCATION_ID, OPPORTUNITY_ID, PROPOSALTAGCOLOR, PROPOSALTAGNAME, SOLDINVOICE_ID, TENANT_TYPE, RECORD_UPDATED_BY, TOTALCOST, ISCHANGEORDER, NAME, BUSINESSUNIT_ID, FEETOTAL, MATERIALSKUREFERENCE_SKUTYPE, ISRECOMMENDED, ORDER, STATUS, TOTAL, SOLDTYPE, AUTHORIZEDON, CREATEDBY_ID, LABORTAX, PROCUREMENTTYPE, SOLDBYEMPLOYEE_ID, SOLDBY_ID, IMPORTID, MATERIALSKU_ID, TAX, TECHNICIANPICKEDSOLDTYPE, RENEWABLEMEMBERSHIP_ID, TECHNICIANSIGNATURE, MODIFIEDON, CLAIM_ID, ID, MATERIALSKUREFERENCE_SKUID, SOLDON, PROJECTLABELS, JOB_ID, ACTIVE, AUTHORIZATIONSIGNATURE, MATERIALTAX, PROJECTOPPORTUNITY_ID, RECORD_CREATE_DATE, SUMMARY, RECORD_UPDATE_DATE]
Column Name found in Datamart and Curated Table :: DISCOUNTTOTAL
Column Name found in Datamart and Curated Table :: IMPORTID
Column Name found in Datamart and Curated Table :: ISCHANGEORDER
Column Name found in Datamart and Curated Table :: MATERIALSKU_ID
Column Name found in Datamart and Curated Table :: TECHNICIANSIGNATURE
Column Name found in Datamart and Curated Table :: TOTALCOST
Column Name found in Datamart and Curated Table :: LABORTAX
Column Name found in Datamart and Curated Table :: SOLDINVOICE_ID
Column Name found in Datamart and Curated Table :: SUMMARY
Column Name found in Datamart and Curated Table :: PROPOSALTAGCOLOR
Column Name found in Datamart and Curated Table :: PROPOSALTAGNAME
Column Name found in Datamart and Curated Table :: SOLDON
Column Name found in Datamart and Curated Table :: TOTAL
Column Name found in Datamart and Curated Table :: LOCATION_ID
Column Name found in Datamart and Curated Table :: AUTHORIZATIONSIGNATURE
Column Name found in Datamart and Curated Table :: AUTHORIZEDON
Column Name found in Datamart and Curated Table :: FEETOTAL
Column Name found in Datamart and Curated Table :: SOLDTYPE
Column Name found in Datamart and Curated Table :: STATUS
Column Name found in Datamart and Curated Table :: TECHNICIANPICKEDSOLDTYPE
Column Name found in Datamart and Curated Table :: NAME
Column Name found in Datamart and Curated Table :: CLAIM_ID
Column Name found in Datamart and Curated Table :: CREATEDBY_ID
Column Name found in Datamart and Curated Table :: ID
Column Name found in Datamart and Curated Table :: ISRECOMMENDED
Column Name found in Datamart and Curated Table :: JOB_ID
Column Name found in Datamart and Curated Table :: MATERIALSKUREFERENCE_SKUTYPE
Column Name found in Datamart and Curated Table :: PROJECTLABELS
Column Name found in Datamart and Curated Table :: RENEWABLEMEMBERSHIP_ID
Column Name found in Datamart and Curated Table :: ORDER
Column Name found in Datamart and Curated Table :: PROJECTOPPORTUNITY_ID
Column Name found in Datamart and Curated Table :: SOLDBY_ID
Column Name found in Datamart and Curated Table :: ACTIVE
Column Name found in Datamart and Curated Table :: CREATEDON
Column Name found in Datamart and Curated Table :: MATERIALSKUREFERENCE_SKUID
Column Name found in Datamart and Curated Table :: MATERIALTAX
Column Name found in Datamart and Curated Table :: MODIFIEDON
Column Name found in Datamart and Curated Table :: OPPORTUNITY_ID
Column Name found in Datamart and Curated Table :: TAX
Column Name found in Datamart and Curated Table :: BUSINESSUNIT_ID
Column Name found in Datamart and Curated Table :: SOLDBYEMPLOYEE_ID
Column Name found in Datamart and Curated Table :: PROCUREMENTTYPE
Datamart tables contains additional column name like [ACTIVE_FLAG, RECORD_CREATE_DATE, RECORD_UPDATE_DATE, RECORD_UPDATE_DATE, MASTER_ID, TENANT_TYPE]
Curated tables contains additional column name like [RECORD_CREATE_DATE, RECORD_UPDATE_DATE, RECORD_UPDATED_BY, TENANT_TYPE]]]>
  </system-out>
  <testcase classname="testcases.RAW_DATAMART_CURATED.SnowFlake_ColumnValidation_BKPTables" name="validateColumnName_BKP" time="2.246"/>
  <system-out>
    <![CDATA[Executing Snowflake query :: SELECT COLUMN_NAME FROM DEV_ENT_RAW.INFORMATION_SCHEMA.COLUMNS WHERE TABLE_NAME='EMPLOYEE'and TABLE_SCHEMA='ST_HARP_MATILLION'
Executing Snowflake query :: SELECT COLUMN_NAME FROM CURATED_DATAMART.INFORMATION_SCHEMA.COLUMNS WHERE TABLE_NAME='STR_EMPLOYEE'and TABLE_SCHEMA='ST_BKP_HARP'
Executing Snowflake query :: SELECT COLUMN_NAME FROM DEV_ENT_CURATED.INFORMATION_SCHEMA.COLUMNS WHERE TABLE_NAME='DIM_EMPLOYEE'and TABLE_SCHEMA='MASTER_DIMENSIONS'
Column names for RAW Table --> EMPLOYEE :: [HOME_CITY, HOME_ZIP, ISEXTERNAL, LASTNAME, MIDDLENAME, OVERTIMEPROFILE_ID, ISEXCLUDEDFROMPAYROLL, PHONE, ACTIVE, MOBILEPHONECONFIRMED, PAYROLLSTARTPERIOD, CLOCKINOUTREMINDER, CREATEDON, EMAILCONFIRMED, HOME_COUNTRY, HOME_ISMANUALCOORDINATES, HOME_UNIT, MODIFIEDON, PHOTO, SALESFORCEROLE, USER_ID, SALESFORCECONTACTID, NAME, PAYROLLBUSINESSUNIT_ID, FIRSTNAME, ID, IMPORTID, PAYROLLID, HOURLYRATE, BIRTHDATE, CREATEDBY_ID, HOME_ISMILITARY, HOME_LONGITUDE, HOME_STATE, PHONECONFIRMED, POSITION, EMAIL, MANAGER_ID, MOBILEPHONE, OVERTIMEMODE, PAYFREQUENCY_ID, AGENTID, HOME_LATITUDE, HOME_STREET, STARTDATE]
Column names for DataMart Table --> STR_EMPLOYEE :: [ACTIVE_FLAG, EMAILCONFIRMED, MANAGER_ID, PHONE, POSITION, TENANT_TYPE, HOME_ISMANUALCOORDINATES, HOME_ZIP, ISEXCLUDEDFROMPAYROLL, HOME_LONGITUDE, PAYROLLID, CREATEDON, HOME_CITY, HOME_LATITUDE, LASTNAME, MODIFIEDON, HOURLYRATE, ID, PAYFREQUENCY_ID, SALESFORCECONTACTID, PAYROLLBUSINESSUNIT_ID, HOME_COUNTRY, HOME_ISMILITARY, HOME_STREET, STARTDATE, USER_ID, BIRTHDATE, ISEXTERNAL, MIDDLENAME, MOBILEPHONECONFIRMED, IMPORTID, FIRSTNAME, MOBILEPHONE, NAME, OVERTIMEPROFILE_ID, RECORD_CREATE_DATE, AGENTID, CREATEDBY_ID, EMAIL, HOME_UNIT, OVERTIMEMODE, SALESFORCEROLE, PHOTO, ACTIVE, CLOCKINOUTREMINDER, HOME_STATE, MASTER_ID, PAYROLLSTARTPERIOD, RECORD_UPDATE_DATE, PHONECONFIRMED]
Column names for Curated Table --> DIM_EMPLOYEE :: [CREATEDON, EMAIL, HOME_COUNTRY, HOME_ISMILITARY, PAYROLLID, PHONECONFIRMED, PAYROLLSTARTPERIOD, STARTDATE, PHONE, EMAILCONFIRMED, MOBILEPHONE, PAYFREQUENCY_ID, USER_ID, HOME_STATE, ISEXTERNAL, SALESFORCEROLE, CLOCKINOUTREMINDER, OVERTIMEMODE, ACTIVE, FIRSTNAME, HOURLYRATE, ISEXCLUDEDFROMPAYROLL, PAYROLLBUSINESSUNIT_ID, SALESFORCECONTACTID, AGENTID, CREATEDBY_ID, MANAGER_ID, HOME_ZIP, ID, IMPORTID, MODIFIEDON, PHOTO, RECORD_CREATE_DATE, BIRTHDATE, HOME_LATITUDE, HOME_STREET, POSITION, MOBILEPHONECONFIRMED, RECORD_UPDATED_BY, HOME_CITY, HOME_ISMANUALCOORDINATES, HOME_LONGITUDE, HOME_UNIT, LASTNAME, MIDDLENAME, TENANT_TYPE, NAME, RECORD_UPDATE_DATE, OVERTIMEPROFILE_ID]
Column Name found in Datamart and Curated Table :: HOME_CITY
Column Name found in Datamart and Curated Table :: HOME_ZIP
Column Name found in Datamart and Curated Table :: ISEXTERNAL
Column Name found in Datamart and Curated Table :: LASTNAME
Column Name found in Datamart and Curated Table :: MIDDLENAME
Column Name found in Datamart and Curated Table :: OVERTIMEPROFILE_ID
Column Name found in Datamart and Curated Table :: ISEXCLUDEDFROMPAYROLL
Column Name found in Datamart and Curated Table :: PHONE
Column Name found in Datamart and Curated Table :: ACTIVE
Column Name found in Datamart and Curated Table :: MOBILEPHONECONFIRMED
Column Name found in Datamart and Curated Table :: PAYROLLSTARTPERIOD
Column Name found in Datamart and Curated Table :: CLOCKINOUTREMINDER
Column Name found in Datamart and Curated Table :: CREATEDON
Column Name found in Datamart and Curated Table :: EMAILCONFIRMED
Column Name found in Datamart and Curated Table :: HOME_COUNTRY
Column Name found in Datamart and Curated Table :: HOME_ISMANUALCOORDINATES
Column Name found in Datamart and Curated Table :: HOME_UNIT
Column Name found in Datamart and Curated Table :: MODIFIEDON
Column Name found in Datamart and Curated Table :: PHOTO
Column Name found in Datamart and Curated Table :: SALESFORCEROLE
Column Name found in Datamart and Curated Table :: USER_ID
Column Name found in Datamart and Curated Table :: SALESFORCECONTACTID
Column Name found in Datamart and Curated Table :: NAME
Column Name found in Datamart and Curated Table :: PAYROLLBUSINESSUNIT_ID
Column Name found in Datamart and Curated Table :: FIRSTNAME
Column Name found in Datamart and Curated Table :: ID
Column Name found in Datamart and Curated Table :: IMPORTID
Column Name found in Datamart and Curated Table :: PAYROLLID
Column Name found in Datamart and Curated Table :: HOURLYRATE
Column Name found in Datamart and Curated Table :: BIRTHDATE
Column Name found in Datamart and Curated Table :: CREATEDBY_ID
Column Name found in Datamart and Curated Table :: HOME_ISMILITARY
Column Name found in Datamart and Curated Table :: HOME_LONGITUDE
Column Name found in Datamart and Curated Table :: HOME_STATE
Column Name found in Datamart and Curated Table :: PHONECONFIRMED
Column Name found in Datamart and Curated Table :: POSITION
Column Name found in Datamart and Curated Table :: EMAIL
Column Name found in Datamart and Curated Table :: MANAGER_ID
Column Name found in Datamart and Curated Table :: MOBILEPHONE
Column Name found in Datamart and Curated Table :: OVERTIMEMODE
Column Name found in Datamart and Curated Table :: PAYFREQUENCY_ID
Column Name found in Datamart and Curated Table :: AGENTID
Column Name found in Datamart and Curated Table :: HOME_LATITUDE
Column Name found in Datamart and Curated Table :: HOME_STREET
Column Name found in Datamart and Curated Table :: STARTDATE
Datamart tables contains additional column name like [ACTIVE_FLAG, RECORD_CREATE_DATE, RECORD_UPDATE_DATE, RECORD_UPDATE_DATE, MASTER_ID, TENANT_TYPE]
Curated tables contains additional column name like [RECORD_CREATE_DATE, RECORD_UPDATE_DATE, RECORD_UPDATED_BY, TENANT_TYPE]]]>
  </system-out>
  <testcase classname="testcases.RAW_DATAMART_CURATED.SnowFlake_ColumnValidation_BKPTables" name="validateColumnName_BKP" time="4.712"/>
  <system-out>
    <![CDATA[Executing Snowflake query :: SELECT COLUMN_NAME FROM DEV_ENT_RAW.INFORMATION_SCHEMA.COLUMNS WHERE TABLE_NAME='ESTIMATE'and TABLE_SCHEMA='ST_HDAIR_MATILLION'
Executing Snowflake query :: SELECT COLUMN_NAME FROM CURATED_DATAMART.INFORMATION_SCHEMA.COLUMNS WHERE TABLE_NAME='STR_ESTIMATE'and TABLE_SCHEMA='ST_BKP_HDAIR'
Executing Snowflake query :: SELECT COLUMN_NAME FROM DEV_ENT_CURATED.INFORMATION_SCHEMA.COLUMNS WHERE TABLE_NAME='DIM_ESTIMATE'and TABLE_SCHEMA='MASTER_DIMENSIONS'
Column names for RAW Table --> ESTIMATE :: [DISCOUNTTOTAL, FEETOTAL, TECHNICIANSIGNATURE, JOB_ID, AUTHORIZEDON, OPPORTUNITY_ID, SOLDTYPE, TAX, LOCATION_ID, MATERIALTAX, BUSINESSUNIT_ID, CREATEDON, IMPORTID, LABORTAX, MATERIALSKU_ID, ORDER, ISRECOMMENDED, MATERIALSKUREFERENCE_SKUTYPE, MODIFIEDON, PROCUREMENTTYPE, PROJECTLABELS, SOLDBY_ID, SOLDINVOICE_ID, ACTIVE, CREATEDBY_ID, NAME, TOTAL, SOLDBYEMPLOYEE_ID, ID, RENEWABLEMEMBERSHIP_ID, SUMMARY, CLAIM_ID, ISCHANGEORDER, PROPOSALTAGNAME, SOLDON, TOTALCOST, AUTHORIZATIONSIGNATURE, MATERIALSKUREFERENCE_SKUID, PROJECTOPPORTUNITY_ID, PROPOSALTAGCOLOR, STATUS, TECHNICIANPICKEDSOLDTYPE]
Column names for DataMart Table --> STR_ESTIMATE :: [ACTIVE, BUSINESSUNIT_ID, TECHNICIANSIGNATURE, FEETOTAL, ISCHANGEORDER, PROCUREMENTTYPE, SOLDTYPE, MATERIALSKU_ID, ORDER, SUMMARY, MATERIALTAX, RECORD_UPDATE_DATE, TAX, CLAIM_ID, CREATEDON, JOB_ID, OPPORTUNITY_ID, RECORD_CREATE_DATE, CREATEDBY_ID, PROPOSALTAGNAME, AUTHORIZEDON, STATUS, TOTALCOST, ACTIVE_FLAG, DISCOUNTTOTAL, PROJECTOPPORTUNITY_ID, TECHNICIANPICKEDSOLDTYPE, TOTAL, ISRECOMMENDED, MASTER_ID, SOLDINVOICE_ID, AUTHORIZATIONSIGNATURE, ID, IMPORTID, LOCATION_ID, PROJECTLABELS, RENEWABLEMEMBERSHIP_ID, SOLDBYEMPLOYEE_ID, SOLDBY_ID, SOLDON, LABORTAX, MATERIALSKUREFERENCE_SKUID, MATERIALSKUREFERENCE_SKUTYPE, MODIFIEDON, NAME, TENANT_TYPE, PROPOSALTAGCOLOR]
Column names for Curated Table --> DIM_ESTIMATE :: [CREATEDON, DISCOUNTTOTAL, LOCATION_ID, OPPORTUNITY_ID, PROPOSALTAGCOLOR, PROPOSALTAGNAME, SOLDINVOICE_ID, TENANT_TYPE, RECORD_UPDATED_BY, TOTALCOST, ISCHANGEORDER, NAME, BUSINESSUNIT_ID, FEETOTAL, MATERIALSKUREFERENCE_SKUTYPE, ISRECOMMENDED, ORDER, STATUS, TOTAL, SOLDTYPE, AUTHORIZEDON, CREATEDBY_ID, LABORTAX, PROCUREMENTTYPE, SOLDBYEMPLOYEE_ID, SOLDBY_ID, IMPORTID, MATERIALSKU_ID, TAX, TECHNICIANPICKEDSOLDTYPE, RENEWABLEMEMBERSHIP_ID, TECHNICIANSIGNATURE, MODIFIEDON, CLAIM_ID, ID, MATERIALSKUREFERENCE_SKUID, SOLDON, PROJECTLABELS, JOB_ID, ACTIVE, AUTHORIZATIONSIGNATURE, MATERIALTAX, PROJECTOPPORTUNITY_ID, RECORD_CREATE_DATE, SUMMARY, RECORD_UPDATE_DATE]
Column Name found in Datamart and Curated Table :: DISCOUNTTOTAL
Column Name found in Datamart and Curated Table :: FEETOTAL
Column Name found in Datamart and Curated Table :: TECHNICIANSIGNATURE
Column Name found in Datamart and Curated Table :: JOB_ID
Column Name found in Datamart and Curated Table :: AUTHORIZEDON
Column Name found in Datamart and Curated Table :: OPPORTUNITY_ID
Column Name found in Datamart and Curated Table :: SOLDTYPE
Column Name found in Datamart and Curated Table :: TAX
Column Name found in Datamart and Curated Table :: LOCATION_ID
Column Name found in Datamart and Curated Table :: MATERIALTAX
Column Name found in Datamart and Curated Table :: BUSINESSUNIT_ID
Column Name found in Datamart and Curated Table :: CREATEDON
Column Name found in Datamart and Curated Table :: IMPORTID
Column Name found in Datamart and Curated Table :: LABORTAX
Column Name found in Datamart and Curated Table :: MATERIALSKU_ID
Column Name found in Datamart and Curated Table :: ORDER
Column Name found in Datamart and Curated Table :: ISRECOMMENDED
Column Name found in Datamart and Curated Table :: MATERIALSKUREFERENCE_SKUTYPE
Column Name found in Datamart and Curated Table :: MODIFIEDON
Column Name found in Datamart and Curated Table :: PROCUREMENTTYPE
Column Name found in Datamart and Curated Table :: PROJECTLABELS
Column Name found in Datamart and Curated Table :: SOLDBY_ID
Column Name found in Datamart and Curated Table :: SOLDINVOICE_ID
Column Name found in Datamart and Curated Table :: ACTIVE
Column Name found in Datamart and Curated Table :: CREATEDBY_ID
Column Name found in Datamart and Curated Table :: NAME
Column Name found in Datamart and Curated Table :: TOTAL
Column Name found in Datamart and Curated Table :: SOLDBYEMPLOYEE_ID
Column Name found in Datamart and Curated Table :: ID
Column Name found in Datamart and Curated Table :: RENEWABLEMEMBERSHIP_ID
Column Name found in Datamart and Curated Table :: SUMMARY
Column Name found in Datamart and Curated Table :: CLAIM_ID
Column Name found in Datamart and Curated Table :: ISCHANGEORDER
Column Name found in Datamart and Curated Table :: PROPOSALTAGNAME
Column Name found in Datamart and Curated Table :: SOLDON
Column Name found in Datamart and Curated Table :: TOTALCOST
Column Name found in Datamart and Curated Table :: AUTHORIZATIONSIGNATURE
Column Name found in Datamart and Curated Table :: MATERIALSKUREFERENCE_SKUID
Column Name found in Datamart and Curated Table :: PROJECTOPPORTUNITY_ID
Column Name found in Datamart and Curated Table :: PROPOSALTAGCOLOR
Column Name found in Datamart and Curated Table :: STATUS
Column Name found in Datamart and Curated Table :: TECHNICIANPICKEDSOLDTYPE
Datamart tables contains additional column name like [ACTIVE_FLAG, RECORD_CREATE_DATE, RECORD_UPDATE_DATE, RECORD_UPDATE_DATE, MASTER_ID, TENANT_TYPE]
Curated tables contains additional column name like [RECORD_CREATE_DATE, RECORD_UPDATE_DATE, RECORD_UPDATED_BY, TENANT_TYPE]]]>
  </system-out>
  <testcase classname="testcases.RAW_DATAMART_CURATED.SnowFlake_ColumnValidation_BKPTables" name="validateColumnName_BKP" time="2.467"/>
  <system-out>
    <![CDATA[Executing Snowflake query :: SELECT COLUMN_NAME FROM DEV_ENT_RAW.INFORMATION_SCHEMA.COLUMNS WHERE TABLE_NAME='ZONE'and TABLE_SCHEMA='ST_SNELLHEATINGAIR_MATILLION'
Executing Snowflake query :: SELECT COLUMN_NAME FROM CURATED_DATAMART.INFORMATION_SCHEMA.COLUMNS WHERE TABLE_NAME='STR_ZONE'and TABLE_SCHEMA='ST_BKP_SNELLHEATINGAIR'
Executing Snowflake query :: SELECT COLUMN_NAME FROM DEV_ENT_CURATED.INFORMATION_SCHEMA.COLUMNS WHERE TABLE_NAME='DIM_ZONE'and TABLE_SCHEMA='MASTER_DIMENSIONS'
Column names for RAW Table --> ZONE :: [CREATEDBY_ID, IMPORTID, ID, COLOR, LOCNNUMBERS, MAXDRIVETIMEADJUSTMENT, SERVICEDAYSENABLED, TERRITORYNUMBERS, NAME, ZIPS, ACTIVE, SERVICEDAYS, CITIES, CREATEDON, MODIFIEDON]
Column names for DataMart Table --> STR_ZONE :: [RECORD_CREATE_DATE, ACTIVE_FLAG, IMPORTID, MODIFIEDON, TENANT_TYPE, SERVICEDAYSENABLED, ACTIVE, CITIES, NAME, ZIPS, MAXDRIVETIMEADJUSTMENT, ID, RECORD_UPDATE_DATE, COLOR, SERVICEDAYS, MASTER_ID, TERRITORYNUMBERS, CREATEDBY_ID, CREATEDON, LOCNNUMBERS]
Column names for Curated Table --> DIM_ZONE :: [CREATEDON, ID, ZIPS, CITIES, IMPORTID, LOCNNUMBERS, MODIFIEDON, NAME, SERVICEDAYS, TENANT_TYPE, MAXDRIVETIMEADJUSTMENT, TERRITORYNUMBERS, RECORD_CREATE_DATE, ACTIVE, CREATEDBY_ID, SERVICEDAYSENABLED, RECORD_UPDATE_DATE, COLOR, RECORD_UPDATED_BY]
Column Name found in Datamart and Curated Table :: CREATEDBY_ID
Column Name found in Datamart and Curated Table :: IMPORTID
Column Name found in Datamart and Curated Table :: ID
Column Name found in Datamart and Curated Table :: COLOR
Column Name found in Datamart and Curated Table :: LOCNNUMBERS
Column Name found in Datamart and Curated Table :: MAXDRIVETIMEADJUSTMENT
Column Name found in Datamart and Curated Table :: SERVICEDAYSENABLED
Column Name found in Datamart and Curated Table :: TERRITORYNUMBERS
Column Name found in Datamart and Curated Table :: NAME
Column Name found in Datamart and Curated Table :: ZIPS
Column Name found in Datamart and Curated Table :: ACTIVE
Column Name found in Datamart and Curated Table :: SERVICEDAYS
Column Name found in Datamart and Curated Table :: CITIES
Column Name found in Datamart and Curated Table :: CREATEDON
Column Name found in Datamart and Curated Table :: MODIFIEDON
Datamart tables contains additional column name like [ACTIVE_FLAG, RECORD_CREATE_DATE, RECORD_UPDATE_DATE, RECORD_UPDATE_DATE, MASTER_ID, TENANT_TYPE]
Curated tables contains additional column name like [RECORD_CREATE_DATE, RECORD_UPDATE_DATE, RECORD_UPDATED_BY, TENANT_TYPE]]]>
  </system-out>
  <testcase classname="testcases.RAW_DATAMART_CURATED.SnowFlake_ColumnValidation_BKPTables" name="validateColumnName_BKP" time="7.082"/>
  <system-out>
    <![CDATA[Executing Snowflake query :: SELECT COLUMN_NAME FROM DEV_ENT_RAW.INFORMATION_SCHEMA.COLUMNS WHERE TABLE_NAME='LEAD'and TABLE_SCHEMA='ST_BILLFENWICK_MATILLION'
Executing Snowflake query :: SELECT COLUMN_NAME FROM CURATED_DATAMART.INFORMATION_SCHEMA.COLUMNS WHERE TABLE_NAME='STR_LEAD'and TABLE_SCHEMA='ST_BKP_BILLFENWICK'
Executing Snowflake query :: SELECT COLUMN_NAME FROM DEV_ENT_CURATED.INFORMATION_SCHEMA.COLUMNS WHERE TABLE_NAME='DIM_LEAD'and TABLE_SCHEMA='MASTER_DIMENSIONS'
Column names for RAW Table --> LEAD :: [BUSINESSUNIT_ID, CREATEDON, ID, PROJECT_ID, LATESTFOLLOWUPDATE, IMPORTID, CUSTOMER_ID, MODIFIEDON, PRIORITY, SUMMARY, ACTIVE, LOCATION_ID, ESTIMATE_ID, CAMPAIGN_ID, CREATEDBY_ID, STATUS, JOBTYPE_ID]
Column names for DataMart Table --> STR_LEAD :: [ACTIVE, ACTIVE_FLAG, CREATEDON, IMPORTID, MASTER_ID, RECORD_UPDATE_DATE, ESTIMATE_ID, PRIORITY, MD5_VALUE, MODIFIEDON, CAMPAIGN_ID, TENANT_TYPE, LOCATION_ID, PROJECT_ID, CREATEDBY_ID, CUSTOMER_ID, ID, JOBTYPE_ID, BUSINESSUNIT_ID, STATUS, SUMMARY, LATESTFOLLOWUPDATE, RECORD_CREATE_DATE]
Column names for Curated Table --> DIM_LEAD :: [PRIORITY, ESTIMATE_ID, MD5_VALUE, MODIFIEDON, TENANT_TYPE, RECORD_UPDATED_BY, CUSTOMER_ID, PROJECT_ID, RECORD_CREATE_DATE, IMPORTID, STATUS, ACTIVE, BUSINESSUNIT_ID, CAMPAIGN_ID, CREATEDON, JOBTYPE_ID, LOCATION_ID, RECORD_UPDATE_DATE, CREATEDBY_ID, ID, LATESTFOLLOWUPDATE, SUMMARY]
Column Name found in Datamart and Curated Table :: BUSINESSUNIT_ID
Column Name found in Datamart and Curated Table :: CREATEDON
Column Name found in Datamart and Curated Table :: ID
Column Name found in Datamart and Curated Table :: PROJECT_ID
Column Name found in Datamart and Curated Table :: LATESTFOLLOWUPDATE
Column Name found in Datamart and Curated Table :: IMPORTID
Column Name found in Datamart and Curated Table :: CUSTOMER_ID
Column Name found in Datamart and Curated Table :: MODIFIEDON
Column Name found in Datamart and Curated Table :: PRIORITY
Column Name found in Datamart and Curated Table :: SUMMARY
Column Name found in Datamart and Curated Table :: ACTIVE
Column Name found in Datamart and Curated Table :: LOCATION_ID
Column Name found in Datamart and Curated Table :: ESTIMATE_ID
Column Name found in Datamart and Curated Table :: CAMPAIGN_ID
Column Name found in Datamart and Curated Table :: CREATEDBY_ID
Column Name found in Datamart and Curated Table :: STATUS
Column Name found in Datamart and Curated Table :: JOBTYPE_ID
Datamart tables contains additional column name like [ACTIVE_FLAG, RECORD_CREATE_DATE, RECORD_UPDATE_DATE, RECORD_UPDATE_DATE, MASTER_ID, TENANT_TYPE]
Curated tables contains additional column name like [RECORD_CREATE_DATE, RECORD_UPDATE_DATE, RECORD_UPDATED_BY, TENANT_TYPE]]]>
  </system-out>
  <testcase classname="testcases.RAW_DATAMART_CURATED.SnowFlake_ColumnValidation_BKPTables" name="validateColumnName_BKP" time="2.762"/>
  <system-out>
    <![CDATA[Executing Snowflake query :: SELECT COLUMN_NAME FROM DEV_ENT_RAW.INFORMATION_SCHEMA.COLUMNS WHERE TABLE_NAME='LOCATION'and TABLE_SCHEMA='ST_MAITZ_MATILLION'
Executing Snowflake query :: SELECT COLUMN_NAME FROM CURATED_DATAMART.INFORMATION_SCHEMA.COLUMNS WHERE TABLE_NAME='STR_LOCATION'and TABLE_SCHEMA='ST_BKP_MAITZ'
Executing Snowflake query :: SELECT COLUMN_NAME FROM DEV_ENT_CURATED.INFORMATION_SCHEMA.COLUMNS WHERE TABLE_NAME='DIM_LOCATION'and TABLE_SCHEMA='MASTER_DIMENSIONS'
Column names for RAW Table --> LOCATION :: [ACTIVE, ADDRESS_LATITUDE, ADDRESS_ZIP, RECURRINGSERVICE_FROM, TAXZONE_ID, RECURRINGSERVICE_TO, ID, RECURRINGSERVICE_MEMO, ADDRESS_CITY, ADDRESS_STATE, AVALARAENTITYCODE, CREATEDBY_ID, RECURRINGSERVICE_TYPE, NAME, ADDRESS_STREET, DONOTSENDTECHNICIAN_ID, RECURRINGSERVICE_ACTIVATEDBY, TAXEXEMPT, ADDRESS_COUNTRY, ADDRESS_ISMILITARY, CUSTOMER_ID, RECURRINGSERVICE_ACTIVATEDFROM, ADDRESS_ISMANUALCOORDINATES, MODIFIEDON, NOCHARGE, TAXABLE, ZONE_ID, SUMMARY, ADDRESS_UNIT, AUTOLATITUDE, PREFERREDTECHNICIAN_ID, RECURRINGSERVICE_CANCELLATIONDATE, ESTIMATEDTAX, AUTOLONGITUDE, RECURRINGSERVICE_RECURRENCEINTERVAL, ADDRESS_LONGITUDE, ISPREVAILINGWAGE, CREATEDON, IMPORTID]
Column names for DataMart Table --> STR_LOCATION :: [ACTIVE_FLAG, ADDRESS_CITY, TENANT_TYPE, ZONE_ID, ADDRESS_UNIT, AUTOLATITUDE, CREATEDON, CUSTOMER_ID, ID, RECORD_UPDATE_DATE, RECURRINGSERVICE_ACTIVATEDBY, RECURRINGSERVICE_FROM, RECURRINGSERVICE_TYPE, SUMMARY, ACTIVE, IMPORTID, MODIFIEDON, TAXABLE, ADDRESS_STREET, PREFERREDTECHNICIAN_ID, TAXEXEMPT, RECURRINGSERVICE_CANCELLATIONDATE, ADDRESS_ISMANUALCOORDINATES, AVALARAENTITYCODE, ISPREVAILINGWAGE, RECORD_CREATE_DATE, RECURRINGSERVICE_RECURRENCEINTERVAL, ESTIMATEDTAX, ADDRESS_ZIP, MASTER_ID, ADDRESS_LATITUDE, RECURRINGSERVICE_ACTIVATEDFROM, ADDRESS_LONGITUDE, ADDRESS_STATE, NOCHARGE, AUTOLONGITUDE, NAME, RECURRINGSERVICE_MEMO, ADDRESS_COUNTRY, ADDRESS_ISMILITARY, CREATEDBY_ID, DONOTSENDTECHNICIAN_ID, RECURRINGSERVICE_TO, TAXZONE_ID]
Column names for Curated Table --> DIM_LOCATION :: [ADDRESS_UNIT, AUTOLONGITUDE, RECURRINGSERVICE_ACTIVATEDFROM, RECURRINGSERVICE_TO, TAXABLE, ADDRESS_CITY, ADDRESS_LATITUDE, IMPORTID, NAME, RECURRINGSERVICE_MEMO, ADDRESS_LONGITUDE, ADDRESS_STATE, ADDRESS_STREET, DONOTSENDTECHNICIAN_ID, MODIFIEDON, TAXZONE_ID, ADDRESS_ISMANUALCOORDINATES, ESTIMATEDTAX, ISPREVAILINGWAGE, RECURRINGSERVICE_ACTIVATEDBY, AUTOLATITUDE, RECORD_UPDATED_BY, RECORD_UPDATE_DATE, SUMMARY, CUSTOMER_ID, ZONE_ID, TENANT_TYPE, ADDRESS_COUNTRY, ADDRESS_ZIP, NOCHARGE, RECURRINGSERVICE_FROM, RECURRINGSERVICE_RECURRENCEINTERVAL, CREATEDON, RECORD_CREATE_DATE, AVALARAENTITYCODE, RECURRINGSERVICE_CANCELLATIONDATE, RECURRINGSERVICE_TYPE, PREFERREDTECHNICIAN_ID, ACTIVE, ADDRESS_ISMILITARY, CREATEDBY_ID, ID, TAXEXEMPT]
Column Name found in Datamart and Curated Table :: ACTIVE
Column Name found in Datamart and Curated Table :: ADDRESS_LATITUDE
Column Name found in Datamart and Curated Table :: ADDRESS_ZIP
Column Name found in Datamart and Curated Table :: RECURRINGSERVICE_FROM
Column Name found in Datamart and Curated Table :: TAXZONE_ID
Column Name found in Datamart and Curated Table :: RECURRINGSERVICE_TO
Column Name found in Datamart and Curated Table :: ID
Column Name found in Datamart and Curated Table :: RECURRINGSERVICE_MEMO
Column Name found in Datamart and Curated Table :: ADDRESS_CITY
Column Name found in Datamart and Curated Table :: ADDRESS_STATE
Column Name found in Datamart and Curated Table :: AVALARAENTITYCODE
Column Name found in Datamart and Curated Table :: CREATEDBY_ID
Column Name found in Datamart and Curated Table :: RECURRINGSERVICE_TYPE
Column Name found in Datamart and Curated Table :: NAME
Column Name found in Datamart and Curated Table :: ADDRESS_STREET
Column Name found in Datamart and Curated Table :: DONOTSENDTECHNICIAN_ID
Column Name found in Datamart and Curated Table :: RECURRINGSERVICE_ACTIVATEDBY
Column Name found in Datamart and Curated Table :: TAXEXEMPT
Column Name found in Datamart and Curated Table :: ADDRESS_COUNTRY
Column Name found in Datamart and Curated Table :: ADDRESS_ISMILITARY
Column Name found in Datamart and Curated Table :: CUSTOMER_ID
Column Name found in Datamart and Curated Table :: RECURRINGSERVICE_ACTIVATEDFROM
Column Name found in Datamart and Curated Table :: ADDRESS_ISMANUALCOORDINATES
Column Name found in Datamart and Curated Table :: MODIFIEDON
Column Name found in Datamart and Curated Table :: NOCHARGE
Column Name found in Datamart and Curated Table :: TAXABLE
Column Name found in Datamart and Curated Table :: ZONE_ID
Column Name found in Datamart and Curated Table :: SUMMARY
Column Name found in Datamart and Curated Table :: ADDRESS_UNIT
Column Name found in Datamart and Curated Table :: AUTOLATITUDE
Column Name found in Datamart and Curated Table :: PREFERREDTECHNICIAN_ID
Column Name found in Datamart and Curated Table :: RECURRINGSERVICE_CANCELLATIONDATE
Column Name found in Datamart and Curated Table :: ESTIMATEDTAX
Column Name found in Datamart and Curated Table :: AUTOLONGITUDE
Column Name found in Datamart and Curated Table :: RECURRINGSERVICE_RECURRENCEINTERVAL
Column Name found in Datamart and Curated Table :: ADDRESS_LONGITUDE
Column Name found in Datamart and Curated Table :: ISPREVAILINGWAGE
Column Name found in Datamart and Curated Table :: CREATEDON
Column Name found in Datamart and Curated Table :: IMPORTID
Datamart tables contains additional column name like [ACTIVE_FLAG, RECORD_CREATE_DATE, RECORD_UPDATE_DATE, RECORD_UPDATE_DATE, MASTER_ID, TENANT_TYPE]
Curated tables contains additional column name like [RECORD_CREATE_DATE, RECORD_UPDATE_DATE, RECORD_UPDATED_BY, TENANT_TYPE]]]>
  </system-out>
  <testcase classname="testcases.RAW_DATAMART_CURATED.SnowFlake_ColumnValidation_BKPTables" name="validateColumnName_BKP" time="2.462"/>
  <system-out>
    <![CDATA[Executing Snowflake query :: SELECT COLUMN_NAME FROM DEV_ENT_RAW.INFORMATION_SCHEMA.COLUMNS WHERE TABLE_NAME='EQUIPMENT'and TABLE_SCHEMA='ST_CASTEEL_MATILLION'
Executing Snowflake query :: SELECT COLUMN_NAME FROM CURATED_DATAMART.INFORMATION_SCHEMA.COLUMNS WHERE TABLE_NAME='STR_EQUIPMENT'and TABLE_SCHEMA='ST_BKP_CASTEEL'
Executing Snowflake query :: SELECT COLUMN_NAME FROM DEV_ENT_CURATED.INFORMATION_SCHEMA.COLUMNS WHERE TABLE_NAME='DIM_EQUIPMENT'and TABLE_SCHEMA='MASTER_DIMENSIONS'
Column names for RAW Table --> EQUIPMENT :: [ACCOUNT, MODEL, PROVIDER_ID, ARCHIVED, IMPORTID, INVENTORYENABLEDBY_ID, PAYTECHSPECIFICBONUS, COPIEDFROM_ID, MANUFACTURER, MANUFACTURERWARRANTY_DESCRIPTION, PAYSCOMMISSION, ADDONPRICE, COMMISSIONBONUS, COST, IMAGES, ISSERIALIZED, NAME, SOURCE, INVENTORYENABLEDON, ADDONMEMBERPRICE, ALLOWDISCOUNTS, LOYALTYPROGRAMELIGIBLE, SCHEDULEDFLATAMOUNT, SERVICEPROVIDERWARRANTY_DURATION, TAXABLE, ACTIVE, ADDONFLATAMOUNT, CROSSSALEGROUP, DESCRIPTION, PAYSSOLDBYRATE, SOURCEVERSION, CREATEDBY_ID, CREATEDON, HOURS, ORIGINAL_ID, ASSETACCOUNT_ID, BUSINESSUNIT_ID, EXCLUDEFROMPRICEBOOKWIZARD, GENERALLEDGERACCOUNT_ID, MANUFACTURERWARRANTY_DURATION, MODIFIEDON, PRIMARYVENDOR_ID, SYNCDATE, AVALARARESIDENTIALTAXCODE, PRICE, SERIALIZEDON, SERVICEPROVIDERWARRANTY_DESCRIPTION, SUPPLIERIMAGES, WARRANTYRESERVE, AVALARACOMMERCIALTAXCODE, BRAND, CATEGORY_ID, DISPLAYINAMOUNT, DISPLAYNAME, ID, EXTERNALID, TYPE_ID, ISINVENTORY, BONUS, COSTOFSALEACCOUNT_ID, PAYSFLATAMOUNT, MEMBERPRICE, UNITOFMEASURE]
Column names for DataMart Table --> STR_EQUIPMENT :: [ADDONMEMBERPRICE, ALLOWDISCOUNTS, CREATEDBY_ID, INVENTORYENABLEDBY_ID, MASTER_ID, RECORD_UPDATE_DATE, SERVICEPROVIDERWARRANTY_DESCRIPTION, TAXABLE, ADDONPRICE, PRIMARYVENDOR_ID, RECORD_CREATE_DATE, MODIFIEDON, ACTIVE, ACTIVE_FLAG, ASSETACCOUNT_ID, BONUS, INVENTORYENABLEDON, CREATEDON, GENERALLEDGERACCOUNT_ID, ISSERIALIZED, PROVIDER_ID, AVALARARESIDENTIALTAXCODE, COSTOFSALEACCOUNT_ID, HOURS, NAME, PAYTECHSPECIFICBONUS, SOURCE, ACCOUNT, ARCHIVED, COPIEDFROM_ID, DISPLAYINAMOUNT, PAYSSOLDBYRATE, SERIALIZEDON, CROSSSALEGROUP, ID, TENANT_TYPE, COST, ADDONFLATAMOUNT, BRAND, MANUFACTURERWARRANTY_DURATION, MODEL, PAYSFLATAMOUNT, MANUFACTURER, IMPORTID, PRICE, WARRANTYRESERVE, ORIGINAL_ID, PAYSCOMMISSION, BUSINESSUNIT_ID, DISPLAYNAME, IMAGES, ISINVENTORY, SYNCDATE, TYPE_ID, EXTERNALID, SCHEDULEDFLATAMOUNT, SERVICEPROVIDERWARRANTY_DURATION, AVALARACOMMERCIALTAXCODE, CATEGORY_ID, COMMISSIONBONUS, LOYALTYPROGRAMELIGIBLE, MANUFACTURERWARRANTY_DESCRIPTION, SOURCEVERSION, DESCRIPTION, EXCLUDEFROMPRICEBOOKWIZARD, MEMBERPRICE, SUPPLIERIMAGES, UNITOFMEASURE]
Column names for Curated Table --> DIM_EQUIPMENT :: [ASSETACCOUNT_ID, COMMISSIONBONUS, COSTOFSALEACCOUNT_ID, MODEL, SCHEDULEDFLATAMOUNT, COPIEDFROM_ID, ISSERIALIZED, PAYSFLATAMOUNT, PAYTECHSPECIFICBONUS, RECORD_CREATE_DATE, SERVICEPROVIDERWARRANTY_DURATION, ID, AVALARACOMMERCIALTAXCODE, BONUS, HOURS, LOYALTYPROGRAMELIGIBLE, SOURCE, SERIALIZEDON, ADDONPRICE, EXCLUDEFROMPRICEBOOKWIZARD, PAYSCOMMISSION, ISINVENTORY, MODIFIEDON, ACTIVE, ADDONMEMBERPRICE, CREATEDON, EXTERNALID, PRIMARYVENDOR_ID, BUSINESSUNIT_ID, NAME, PAYSSOLDBYRATE, SYNCDATE, AVALARARESIDENTIALTAXCODE, BRAND, CREATEDBY_ID, DISPLAYINAMOUNT, MANUFACTURERWARRANTY_DESCRIPTION, TENANT_TYPE, MANUFACTURER, PROVIDER_ID, SOURCEVERSION, RECORD_UPDATED_BY, ACCOUNT, ADDONFLATAMOUNT, COST, DISPLAYNAME, INVENTORYENABLEDBY_ID, TAXABLE, ARCHIVED, RECORD_UPDATE_DATE, DESCRIPTION, CATEGORY_ID, ALLOWDISCOUNTS, GENERALLEDGERACCOUNT_ID, INVENTORYENABLEDON, PRICE, TYPE_ID, SUPPLIERIMAGES, UNITOFMEASURE, CROSSSALEGROUP, IMAGES, IMPORTID, ORIGINAL_ID, SERVICEPROVIDERWARRANTY_DESCRIPTION, MEMBERPRICE, WARRANTYRESERVE, MANUFACTURERWARRANTY_DURATION]
Column Name found in Datamart and Curated Table :: ACCOUNT
Column Name found in Datamart and Curated Table :: MODEL
Column Name found in Datamart and Curated Table :: PROVIDER_ID
Column Name found in Datamart and Curated Table :: ARCHIVED
Column Name found in Datamart and Curated Table :: IMPORTID
Column Name found in Datamart and Curated Table :: INVENTORYENABLEDBY_ID
Column Name found in Datamart and Curated Table :: PAYTECHSPECIFICBONUS
Column Name found in Datamart and Curated Table :: COPIEDFROM_ID
Column Name found in Datamart and Curated Table :: MANUFACTURER
Column Name found in Datamart and Curated Table :: MANUFACTURERWARRANTY_DESCRIPTION
Column Name found in Datamart and Curated Table :: PAYSCOMMISSION
Column Name found in Datamart and Curated Table :: ADDONPRICE
Column Name found in Datamart and Curated Table :: COMMISSIONBONUS
Column Name found in Datamart and Curated Table :: COST
Column Name found in Datamart and Curated Table :: IMAGES
Column Name found in Datamart and Curated Table :: ISSERIALIZED
Column Name found in Datamart and Curated Table :: NAME
Column Name found in Datamart and Curated Table :: SOURCE
Column Name found in Datamart and Curated Table :: INVENTORYENABLEDON
Column Name found in Datamart and Curated Table :: ADDONMEMBERPRICE
Column Name found in Datamart and Curated Table :: ALLOWDISCOUNTS
Column Name found in Datamart and Curated Table :: LOYALTYPROGRAMELIGIBLE
Column Name found in Datamart and Curated Table :: SCHEDULEDFLATAMOUNT
Column Name found in Datamart and Curated Table :: SERVICEPROVIDERWARRANTY_DURATION
Column Name found in Datamart and Curated Table :: TAXABLE
Column Name found in Datamart and Curated Table :: ACTIVE
Column Name found in Datamart and Curated Table :: ADDONFLATAMOUNT
Column Name found in Datamart and Curated Table :: CROSSSALEGROUP
Column Name found in Datamart and Curated Table :: DESCRIPTION
Column Name found in Datamart and Curated Table :: PAYSSOLDBYRATE
Column Name found in Datamart and Curated Table :: SOURCEVERSION
Column Name found in Datamart and Curated Table :: CREATEDBY_ID
Column Name found in Datamart and Curated Table :: CREATEDON
Column Name found in Datamart and Curated Table :: HOURS
Column Name found in Datamart and Curated Table :: ORIGINAL_ID
Column Name found in Datamart and Curated Table :: ASSETACCOUNT_ID
Column Name found in Datamart and Curated Table :: BUSINESSUNIT_ID
Column Name found in Datamart and Curated Table :: EXCLUDEFROMPRICEBOOKWIZARD
Column Name found in Datamart and Curated Table :: GENERALLEDGERACCOUNT_ID
Column Name found in Datamart and Curated Table :: MANUFACTURERWARRANTY_DURATION
Column Name found in Datamart and Curated Table :: MODIFIEDON
Column Name found in Datamart and Curated Table :: PRIMARYVENDOR_ID
Column Name found in Datamart and Curated Table :: SYNCDATE
Column Name found in Datamart and Curated Table :: AVALARARESIDENTIALTAXCODE
Column Name found in Datamart and Curated Table :: PRICE
Column Name found in Datamart and Curated Table :: SERIALIZEDON
Column Name found in Datamart and Curated Table :: SERVICEPROVIDERWARRANTY_DESCRIPTION
Column Name found in Datamart and Curated Table :: SUPPLIERIMAGES
Column Name found in Datamart and Curated Table :: WARRANTYRESERVE
Column Name found in Datamart and Curated Table :: AVALARACOMMERCIALTAXCODE
Column Name found in Datamart and Curated Table :: BRAND
Column Name found in Datamart and Curated Table :: CATEGORY_ID
Column Name found in Datamart and Curated Table :: DISPLAYINAMOUNT
Column Name found in Datamart and Curated Table :: DISPLAYNAME
Column Name found in Datamart and Curated Table :: ID
Column Name found in Datamart and Curated Table :: EXTERNALID
Column Name found in Datamart and Curated Table :: TYPE_ID
Column Name found in Datamart and Curated Table :: ISINVENTORY
Column Name found in Datamart and Curated Table :: BONUS
Column Name found in Datamart and Curated Table :: COSTOFSALEACCOUNT_ID
Column Name found in Datamart and Curated Table :: PAYSFLATAMOUNT
Column Name found in Datamart and Curated Table :: MEMBERPRICE
Column Name found in Datamart and Curated Table :: UNITOFMEASURE
Datamart tables contains additional column name like [ACTIVE_FLAG, RECORD_CREATE_DATE, RECORD_UPDATE_DATE, RECORD_UPDATE_DATE, MASTER_ID, TENANT_TYPE]
Curated tables contains additional column name like [RECORD_CREATE_DATE, RECORD_UPDATE_DATE, RECORD_UPDATED_BY, TENANT_TYPE]]]>
  </system-out>
  <testcase classname="testcases.RAW_DATAMART_CURATED.SnowFlake_ColumnValidation_BKPTables" name="validateColumnName_BKP" time="3.780"/>
  <system-out>
    <![CDATA[Executing Snowflake query :: SELECT COLUMN_NAME FROM DEV_ENT_RAW.INFORMATION_SCHEMA.COLUMNS WHERE TABLE_NAME='HOLDJOBREASON'and TABLE_SCHEMA='ST_HARP_MATILLION'
Executing Snowflake query :: SELECT COLUMN_NAME FROM CURATED_DATAMART.INFORMATION_SCHEMA.COLUMNS WHERE TABLE_NAME='STR_HOLDJOBREASON'and TABLE_SCHEMA='ST_BKP_HARP'
Executing Snowflake query :: SELECT COLUMN_NAME FROM DEV_ENT_CURATED.INFORMATION_SCHEMA.COLUMNS WHERE TABLE_NAME='DIM_HOLDJOBREASON'and TABLE_SCHEMA='MASTER_DIMENSIONS'
Column names for RAW Table --> HOLDJOBREASON :: [ACTIVE, CREATEDBY_ID, ID, NAME, CREATEDON, IMPORTID, MODIFIEDON]
Column names for DataMart Table --> STR_HOLDJOBREASON :: [ACTIVE_FLAG, MASTER_ID, RECORD_UPDATE_DATE, TENANT_TYPE, IMPORTID, ACTIVE, MODIFIEDON, NAME, CREATEDON, ID, RECORD_CREATE_DATE, CREATEDBY_ID]
Column names for Curated Table --> DIM_HOLDJOBREASON :: [ACTIVE, ID, NAME, RECORD_UPDATED_BY, CREATEDON, MODIFIEDON, RECORD_CREATE_DATE, RECORD_UPDATE_DATE, TENANT_TYPE, IMPORTID, CREATEDBY_ID]
Column Name found in Datamart and Curated Table :: ACTIVE
Column Name found in Datamart and Curated Table :: CREATEDBY_ID
Column Name found in Datamart and Curated Table :: ID
Column Name found in Datamart and Curated Table :: NAME
Column Name found in Datamart and Curated Table :: CREATEDON
Column Name found in Datamart and Curated Table :: IMPORTID
Column Name found in Datamart and Curated Table :: MODIFIEDON
Datamart tables contains additional column name like [ACTIVE_FLAG, RECORD_CREATE_DATE, RECORD_UPDATE_DATE, RECORD_UPDATE_DATE, MASTER_ID, TENANT_TYPE]
Curated tables contains additional column name like [RECORD_CREATE_DATE, RECORD_UPDATE_DATE, RECORD_UPDATED_BY, TENANT_TYPE]]]>
  </system-out>
  <testcase classname="testcases.RAW_DATAMART_CURATED.SnowFlake_ColumnValidation_BKPTables" name="validateColumnName_BKP" time="2.505"/>
  <system-out>
    <![CDATA[Executing Snowflake query :: SELECT COLUMN_NAME FROM DEV_ENT_RAW.INFORMATION_SCHEMA.COLUMNS WHERE TABLE_NAME='CAMPAIGN'and TABLE_SCHEMA='ST_MAITZ_MATILLION'
Executing Snowflake query :: SELECT COLUMN_NAME FROM CURATED_DATAMART.INFORMATION_SCHEMA.COLUMNS WHERE TABLE_NAME='STR_CAMPAIGN'and TABLE_SCHEMA='ST_BKP_MAITZ'
Executing Snowflake query :: SELECT COLUMN_NAME FROM DEV_ENT_CURATED.INFORMATION_SCHEMA.COLUMNS WHERE TABLE_NAME='DIM_CAMPAIGN'and TABLE_SCHEMA='MASTER_DIMENSIONS'
Column names for RAW Table --> CAMPAIGN :: [CREATEDON, MODIFIEDBY_ID, CATEGORY_ID, DNIS, IMAGE, COST, IMPORTID, MODIFIEDON, ID, NAME, ACTIVE, BUSINESSUNIT_ID, CREATEDBY_ID]
Column names for DataMart Table --> STR_CAMPAIGN :: [ACTIVE, CREATEDBY_ID, ID, RECORD_CREATE_DATE, COST, CREATEDON, MODIFIEDON, NAME, TENANT_TYPE, BUSINESSUNIT_ID, RECORD_UPDATE_DATE, ACTIVE_FLAG, IMPORTID, CATEGORY_ID, DNIS, IMAGE, MASTER_ID, MODIFIEDBY_ID]
Column names for Curated Table --> DIM_CAMPAIGN :: [IMAGE, MODIFIEDBY_ID, CATEGORY_ID, NAME, RECORD_CREATE_DATE, ACTIVE, COST, CREATEDBY_ID, IMPORTID, CREATEDON, BUSINESSUNIT_ID, ID, RECORD_UPDATED_BY, MODIFIEDON, DNIS, RECORD_UPDATE_DATE, TENANT_TYPE]
Column Name found in Datamart and Curated Table :: CREATEDON
Column Name found in Datamart and Curated Table :: MODIFIEDBY_ID
Column Name found in Datamart and Curated Table :: CATEGORY_ID
Column Name found in Datamart and Curated Table :: DNIS
Column Name found in Datamart and Curated Table :: IMAGE
Column Name found in Datamart and Curated Table :: COST
Column Name found in Datamart and Curated Table :: IMPORTID
Column Name found in Datamart and Curated Table :: MODIFIEDON
Column Name found in Datamart and Curated Table :: ID
Column Name found in Datamart and Curated Table :: NAME
Column Name found in Datamart and Curated Table :: ACTIVE
Column Name found in Datamart and Curated Table :: BUSINESSUNIT_ID
Column Name found in Datamart and Curated Table :: CREATEDBY_ID
Datamart tables contains additional column name like [ACTIVE_FLAG, RECORD_CREATE_DATE, RECORD_UPDATE_DATE, RECORD_UPDATE_DATE, MASTER_ID, TENANT_TYPE]
Curated tables contains additional column name like [RECORD_CREATE_DATE, RECORD_UPDATE_DATE, RECORD_UPDATED_BY, TENANT_TYPE]]]>
  </system-out>
  <testcase classname="testcases.RAW_DATAMART_CURATED.SnowFlake_ColumnValidation_BKPTables" name="validateColumnName_BKP" time="2.995"/>
  <system-out>
    <![CDATA[Executing Snowflake query :: SELECT COLUMN_NAME FROM DEV_ENT_RAW.INFORMATION_SCHEMA.COLUMNS WHERE TABLE_NAME='TIMESHEETCODE'and TABLE_SCHEMA='ST_SNELLHEATINGAIR_MATILLION'
Executing Snowflake query :: SELECT COLUMN_NAME FROM CURATED_DATAMART.INFORMATION_SCHEMA.COLUMNS WHERE TABLE_NAME='STR_TIMESHEETCODE'and TABLE_SCHEMA='ST_BKP_SNELLHEATINGAIR'
Executing Snowflake query :: SELECT COLUMN_NAME FROM DEV_ENT_CURATED.INFORMATION_SCHEMA.COLUMNS WHERE TABLE_NAME='DIM_TIMESHEETCODE'and TABLE_SCHEMA='MASTER_DIMENSIONS'
Column names for RAW Table --> TIMESHEETCODE :: [ADDRESS_LONGITUDE, APPLICABLEEMPLOYEETYPE, ROUTEAROUNDNJA, STPAYCODE, ADDRESS_CITY, ADDRESS_COUNTRY, CREATEDON, EVENTNAME, IMPORTID, ADDRESS_ISMANUALCOORDINATES, ADDRESS_ISMILITARY, ADDRESS_STATE, DESCRIPTION, ISAUTOCLOCKINENABLED, OVERTIMEPAYCODE_ID, STANDARDPAYROLLCONTROLCODE_ID, SENDALERTSONMOBILE, ACTIVE, ADDRESS_STREET, ADDRESS_UNIT, VISIBILITY, BUSINESSUNIT_ID, ISDEFAULTSHOPTIME, STANDARDPAYCODE_ID, COUNTONJOBCOUNTER, CREATEDBY_ID, DEDUCTCOMMUTETIME, DOUBLEOVERTIMEPAYCODE_ID, EXCLUDEABSENTEVENT, ID, PAYROLLPOSTINGGROUP_ID, ENABLESIMPLECLOCKINOUT, ADDRESS_ZIP, OVERTIMEPAYROLLCONTROLCODE_ID, TYPE, OTPAYCODE, ADDRESS_LATITUDE, CODE, CUSTOMHOURLYRATE, GEOFENCECLOCKINMODE, HOURLYRATE, RATEMULTIPLIER]
Column names for DataMart Table --> STR_TIMESHEETCODE :: [APPLICABLEEMPLOYEETYPE, STANDARDPAYCODE_ID, VISIBILITY, ADDRESS_ZIP, CODE, CREATEDBY_ID, CUSTOMHOURLYRATE, SENDALERTSONMOBILE, STANDARDPAYROLLCONTROLCODE_ID, TENANT_TYPE, OTPAYCODE, OVERTIMEPAYCODE_ID, PAYROLLPOSTINGGROUP_ID, COUNTONJOBCOUNTER, ENABLESIMPLECLOCKINOUT, RECORD_CREATE_DATE, RATEMULTIPLIER, TYPE, ADDRESS_STREET, DOUBLEOVERTIMEPAYCODE_ID, IMPORTID, RECORD_UPDATE_DATE, CREATEDON, MASTER_ID, ROUTEAROUNDNJA, DESCRIPTION, ISDEFAULTSHOPTIME, ADDRESS_LATITUDE, ADDRESS_UNIT, HOURLYRATE, ACTIVE, ACTIVE_FLAG, ADDRESS_COUNTRY, ADDRESS_STATE, EVENTNAME, ID, STPAYCODE, ADDRESS_ISMANUALCOORDINATES, ADDRESS_CITY, ADDRESS_LONGITUDE, EXCLUDEABSENTEVENT, ISAUTOCLOCKINENABLED, BUSINESSUNIT_ID, OVERTIMEPAYROLLCONTROLCODE_ID, ADDRESS_ISMILITARY, GEOFENCECLOCKINMODE, DEDUCTCOMMUTETIME]
Column names for Curated Table --> DIM_TIMESHEETCODE :: [ADDRESS_STREET, ADDRESS_ZIP, CUSTOMHOURLYRATE, DOUBLEOVERTIMEPAYCODE_ID, ENABLESIMPLECLOCKINOUT, DESCRIPTION, ADDRESS_ISMANUALCOORDINATES, ADDRESS_LONGITUDE, IMPORTID, CREATEDON, DEDUCTCOMMUTETIME, ID, ADDRESS_LATITUDE, CREATEDBY_ID, GEOFENCECLOCKINMODE, ROUTEAROUNDNJA, HOURLYRATE, RECORD_UPDATED_BY, RECORD_UPDATE_DATE, ADDRESS_UNIT, CODE, STANDARDPAYCODE_ID, OTPAYCODE, STPAYCODE, APPLICABLEEMPLOYEETYPE, OVERTIMEPAYCODE_ID, RATEMULTIPLIER, STANDARDPAYROLLCONTROLCODE_ID, EXCLUDEABSENTEVENT, PAYROLLPOSTINGGROUP_ID, TYPE, VISIBILITY, OVERTIMEPAYROLLCONTROLCODE_ID, ADDRESS_ISMILITARY, ADDRESS_STATE, ISDEFAULTSHOPTIME, ACTIVE, ADDRESS_CITY, BUSINESSUNIT_ID, COUNTONJOBCOUNTER, EVENTNAME, SENDALERTSONMOBILE, ADDRESS_COUNTRY, ISAUTOCLOCKINENABLED, TENANT_TYPE, RECORD_CREATE_DATE]
Column Name found in Datamart and Curated Table :: ADDRESS_LONGITUDE
Column Name found in Datamart and Curated Table :: APPLICABLEEMPLOYEETYPE
Column Name found in Datamart and Curated Table :: ROUTEAROUNDNJA
Column Name found in Datamart and Curated Table :: STPAYCODE
Column Name found in Datamart and Curated Table :: ADDRESS_CITY
Column Name found in Datamart and Curated Table :: ADDRESS_COUNTRY
Column Name found in Datamart and Curated Table :: CREATEDON
Column Name found in Datamart and Curated Table :: EVENTNAME
Column Name found in Datamart and Curated Table :: IMPORTID
Column Name found in Datamart and Curated Table :: ADDRESS_ISMANUALCOORDINATES
Column Name found in Datamart and Curated Table :: ADDRESS_ISMILITARY
Column Name found in Datamart and Curated Table :: ADDRESS_STATE
Column Name found in Datamart and Curated Table :: DESCRIPTION
Column Name found in Datamart and Curated Table :: ISAUTOCLOCKINENABLED
Column Name found in Datamart and Curated Table :: OVERTIMEPAYCODE_ID
Column Name found in Datamart and Curated Table :: STANDARDPAYROLLCONTROLCODE_ID
Column Name found in Datamart and Curated Table :: SENDALERTSONMOBILE
Column Name found in Datamart and Curated Table :: ACTIVE
Column Name found in Datamart and Curated Table :: ADDRESS_STREET
Column Name found in Datamart and Curated Table :: ADDRESS_UNIT
Column Name found in Datamart and Curated Table :: VISIBILITY
Column Name found in Datamart and Curated Table :: BUSINESSUNIT_ID
Column Name found in Datamart and Curated Table :: ISDEFAULTSHOPTIME
Column Name found in Datamart and Curated Table :: STANDARDPAYCODE_ID
Column Name found in Datamart and Curated Table :: COUNTONJOBCOUNTER
Column Name found in Datamart and Curated Table :: CREATEDBY_ID
Column Name found in Datamart and Curated Table :: DEDUCTCOMMUTETIME
Column Name found in Datamart and Curated Table :: DOUBLEOVERTIMEPAYCODE_ID
Column Name found in Datamart and Curated Table :: EXCLUDEABSENTEVENT
Column Name found in Datamart and Curated Table :: ID
Column Name found in Datamart and Curated Table :: PAYROLLPOSTINGGROUP_ID
Column Name found in Datamart and Curated Table :: ENABLESIMPLECLOCKINOUT
Column Name found in Datamart and Curated Table :: ADDRESS_ZIP
Column Name found in Datamart and Curated Table :: OVERTIMEPAYROLLCONTROLCODE_ID
Column Name found in Datamart and Curated Table :: TYPE
Column Name found in Datamart and Curated Table :: OTPAYCODE
Column Name found in Datamart and Curated Table :: ADDRESS_LATITUDE
Column Name found in Datamart and Curated Table :: CODE
Column Name found in Datamart and Curated Table :: CUSTOMHOURLYRATE
Column Name found in Datamart and Curated Table :: GEOFENCECLOCKINMODE
Column Name found in Datamart and Curated Table :: HOURLYRATE
Column Name found in Datamart and Curated Table :: RATEMULTIPLIER
Datamart tables contains additional column name like [ACTIVE_FLAG, RECORD_CREATE_DATE, RECORD_UPDATE_DATE, RECORD_UPDATE_DATE, MASTER_ID, TENANT_TYPE]
Curated tables contains additional column name like [RECORD_CREATE_DATE, RECORD_UPDATE_DATE, RECORD_UPDATED_BY, TENANT_TYPE]]]>
  </system-out>
  <testcase classname="testcases.RAW_DATAMART_CURATED.SnowFlake_ColumnValidation_BKPTables" name="validateColumnName_BKP" time="2.652"/>
  <system-out>
    <![CDATA[Executing Snowflake query :: SELECT COLUMN_NAME FROM DEV_ENT_RAW.INFORMATION_SCHEMA.COLUMNS WHERE TABLE_NAME='LEAD'and TABLE_SCHEMA='ST_MAITZ_MATILLION'
Executing Snowflake query :: SELECT COLUMN_NAME FROM CURATED_DATAMART.INFORMATION_SCHEMA.COLUMNS WHERE TABLE_NAME='STR_LEAD'and TABLE_SCHEMA='ST_BKP_MAITZ'
Executing Snowflake query :: SELECT COLUMN_NAME FROM DEV_ENT_CURATED.INFORMATION_SCHEMA.COLUMNS WHERE TABLE_NAME='DIM_LEAD'and TABLE_SCHEMA='MASTER_DIMENSIONS'
Column names for RAW Table --> LEAD :: [ID, STATUS, BUSINESSUNIT_ID, MODIFIEDON, CAMPAIGN_ID, CREATEDBY_ID, ACTIVE, CREATEDON, CUSTOMER_ID, LATESTFOLLOWUPDATE, LOCATION_ID, PROJECT_ID, PRIORITY, SUMMARY, ESTIMATE_ID, IMPORTID, JOBTYPE_ID]
Column names for DataMart Table --> STR_LEAD :: [TENANT_TYPE, ACTIVE_FLAG, LATESTFOLLOWUPDATE, LOCATION_ID, MODIFIEDON, SUMMARY, PRIORITY, CAMPAIGN_ID, CREATEDBY_ID, BUSINESSUNIT_ID, ID, IMPORTID, MD5_VALUE, PROJECT_ID, STATUS, ESTIMATE_ID, JOBTYPE_ID, MASTER_ID, RECORD_UPDATE_DATE, ACTIVE, CREATEDON, RECORD_CREATE_DATE, CUSTOMER_ID]
Column names for Curated Table --> DIM_LEAD :: [PRIORITY, ESTIMATE_ID, MD5_VALUE, MODIFIEDON, TENANT_TYPE, RECORD_UPDATED_BY, CUSTOMER_ID, PROJECT_ID, RECORD_CREATE_DATE, IMPORTID, STATUS, ACTIVE, BUSINESSUNIT_ID, CAMPAIGN_ID, CREATEDON, JOBTYPE_ID, LOCATION_ID, RECORD_UPDATE_DATE, CREATEDBY_ID, ID, LATESTFOLLOWUPDATE, SUMMARY]
Column Name found in Datamart and Curated Table :: ID
Column Name found in Datamart and Curated Table :: STATUS
Column Name found in Datamart and Curated Table :: BUSINESSUNIT_ID
Column Name found in Datamart and Curated Table :: MODIFIEDON
Column Name found in Datamart and Curated Table :: CAMPAIGN_ID
Column Name found in Datamart and Curated Table :: CREATEDBY_ID
Column Name found in Datamart and Curated Table :: ACTIVE
Column Name found in Datamart and Curated Table :: CREATEDON
Column Name found in Datamart and Curated Table :: CUSTOMER_ID
Column Name found in Datamart and Curated Table :: LATESTFOLLOWUPDATE
Column Name found in Datamart and Curated Table :: LOCATION_ID
Column Name found in Datamart and Curated Table :: PROJECT_ID
Column Name found in Datamart and Curated Table :: PRIORITY
Column Name found in Datamart and Curated Table :: SUMMARY
Column Name found in Datamart and Curated Table :: ESTIMATE_ID
Column Name found in Datamart and Curated Table :: IMPORTID
Column Name found in Datamart and Curated Table :: JOBTYPE_ID
Datamart tables contains additional column name like [ACTIVE_FLAG, RECORD_CREATE_DATE, RECORD_UPDATE_DATE, RECORD_UPDATE_DATE, MASTER_ID, TENANT_TYPE]
Curated tables contains additional column name like [RECORD_CREATE_DATE, RECORD_UPDATE_DATE, RECORD_UPDATED_BY, TENANT_TYPE]]]>
  </system-out>
  <testcase classname="testcases.RAW_DATAMART_CURATED.SnowFlake_ColumnValidation_BKPTables" name="validateColumnName_BKP" time="2.340"/>
  <system-out>
    <![CDATA[Executing Snowflake query :: SELECT COLUMN_NAME FROM DEV_ENT_RAW.INFORMATION_SCHEMA.COLUMNS WHERE TABLE_NAME='JOBASSIGNMENT'and TABLE_SCHEMA='ST_HENDERSON_MATILLION'
Executing Snowflake query :: SELECT COLUMN_NAME FROM CURATED_DATAMART.INFORMATION_SCHEMA.COLUMNS WHERE TABLE_NAME='STR_JOBASSIGNMENT'and TABLE_SCHEMA='ST_BKP_HENDERSON'
Executing Snowflake query :: SELECT COLUMN_NAME FROM DEV_ENT_CURATED.INFORMATION_SCHEMA.COLUMNS WHERE TABLE_NAME='DIM_JOBASSIGNMENT'and TABLE_SCHEMA='MASTER_DIMENSIONS'
Column names for RAW Table --> JOBASSIGNMENT :: [DRIVETIME_ID, PAYROLLROLE, PROJECTLABELS, SPLIT, GROSSPAY, ACTIVE, ID, IMPORTID, ISPAUSED, TECHNICIANROLE_ID, TECHNICIAN_ID, CREATEDBY_ID, JOB_ID, STATUS, JOHNMOOREPAYROLLROLE, PAYTYPE, COMMISSIONRATE, CREATEDON, MODIFIEDON]
Column names for DataMart Table --> STR_JOBASSIGNMENT :: [ACTIVE, CREATEDON, RECORD_UPDATE_DATE, PAYROLLROLE, TECHNICIANROLE_ID, TENANT_TYPE, ID, GROSSPAY, IMPORTID, MASTER_ID, RECORD_CREATE_DATE, TECHNICIAN_ID, SPLIT, ACTIVE_FLAG, COMMISSIONRATE, ISPAUSED, PROJECTLABELS, PAYTYPE, SOURCE_PKEY_SPK, CREATEDBY_ID, DRIVETIME_ID, JOB_ID, JOHNMOOREPAYROLLROLE, MODIFIEDON, STATUS]
Column names for Curated Table --> DIM_JOBASSIGNMENT :: [STATUS, COMMISSIONRATE, SPLIT, TECHNICIANROLE_ID, DRIVETIME_ID, GROSSPAY, RECORD_CREATE_DATE, JOHNMOOREPAYROLLROLE, MODIFIEDON, CREATEDBY_ID, ISPAUSED, SOURCE_PKEY_SPK, ID, PROJECTLABELS, RECORD_UPDATED_BY, PAYROLLROLE, JOB_ID, RECORD_UPDATE_DATE, TENANT_TYPE, IMPORTID, TECHNICIAN_ID, PAYTYPE, ACTIVE, CREATEDON]
Column Name found in Datamart and Curated Table :: DRIVETIME_ID
Column Name found in Datamart and Curated Table :: PAYROLLROLE
Column Name found in Datamart and Curated Table :: PROJECTLABELS
Column Name found in Datamart and Curated Table :: SPLIT
Column Name found in Datamart and Curated Table :: GROSSPAY
Column Name found in Datamart and Curated Table :: ACTIVE
Column Name found in Datamart and Curated Table :: ID
Column Name found in Datamart and Curated Table :: IMPORTID
Column Name found in Datamart and Curated Table :: ISPAUSED
Column Name found in Datamart and Curated Table :: TECHNICIANROLE_ID
Column Name found in Datamart and Curated Table :: TECHNICIAN_ID
Column Name found in Datamart and Curated Table :: CREATEDBY_ID
Column Name found in Datamart and Curated Table :: JOB_ID
Column Name found in Datamart and Curated Table :: STATUS
Column Name found in Datamart and Curated Table :: JOHNMOOREPAYROLLROLE
Column Name found in Datamart and Curated Table :: PAYTYPE
Column Name found in Datamart and Curated Table :: COMMISSIONRATE
Column Name found in Datamart and Curated Table :: CREATEDON
Column Name found in Datamart and Curated Table :: MODIFIEDON
Datamart tables contains additional column name like [ACTIVE_FLAG, RECORD_CREATE_DATE, RECORD_UPDATE_DATE, RECORD_UPDATE_DATE, MASTER_ID, TENANT_TYPE]
Curated tables contains additional column name like [RECORD_CREATE_DATE, RECORD_UPDATE_DATE, RECORD_UPDATED_BY, TENANT_TYPE]]]>
  </system-out>
  <testcase classname="testcases.RAW_DATAMART_CURATED.SnowFlake_ColumnValidation_BKPTables" name="validateColumnName_BKP" time="2.107"/>
  <system-out>
    <![CDATA[Executing Snowflake query :: SELECT COLUMN_NAME FROM DEV_ENT_RAW.INFORMATION_SCHEMA.COLUMNS WHERE TABLE_NAME='JOBASSIGNMENT'and TABLE_SCHEMA='ST_GOLDMEDAL_MATILLION'
Executing Snowflake query :: SELECT COLUMN_NAME FROM CURATED_DATAMART.INFORMATION_SCHEMA.COLUMNS WHERE TABLE_NAME='STR_JOBASSIGNMENT'and TABLE_SCHEMA='ST_BKP_GOLDMEDAL'
Executing Snowflake query :: SELECT COLUMN_NAME FROM DEV_ENT_CURATED.INFORMATION_SCHEMA.COLUMNS WHERE TABLE_NAME='DIM_JOBASSIGNMENT'and TABLE_SCHEMA='MASTER_DIMENSIONS'
Column names for RAW Table --> JOBASSIGNMENT :: [PAYTYPE, PROJECTLABELS, COMMISSIONRATE, JOHNMOOREPAYROLLROLE, MODIFIEDON, STATUS, JOB_ID, ACTIVE, IMPORTID, CREATEDBY_ID, DRIVETIME_ID, ID, PAYROLLROLE, GROSSPAY, SPLIT, ISPAUSED, TECHNICIANROLE_ID, CREATEDON, TECHNICIAN_ID]
Column names for DataMart Table --> STR_JOBASSIGNMENT :: [CREATEDBY_ID, DRIVETIME_ID, STATUS, RECORD_CREATE_DATE, ID, MASTER_ID, PAYTYPE, RECORD_UPDATE_DATE, SOURCE_PKEY_SPK, CREATEDON, ACTIVE_FLAG, IMPORTID, JOHNMOOREPAYROLLROLE, MODIFIEDON, COMMISSIONRATE, PAYROLLROLE, TECHNICIANROLE_ID, GROSSPAY, ISPAUSED, JOB_ID, PROJECTLABELS, SPLIT, TENANT_TYPE, ACTIVE, TECHNICIAN_ID]
Column names for Curated Table --> DIM_JOBASSIGNMENT :: [STATUS, COMMISSIONRATE, SPLIT, TECHNICIANROLE_ID, DRIVETIME_ID, GROSSPAY, RECORD_CREATE_DATE, JOHNMOOREPAYROLLROLE, MODIFIEDON, CREATEDBY_ID, ISPAUSED, SOURCE_PKEY_SPK, ID, PROJECTLABELS, RECORD_UPDATED_BY, PAYROLLROLE, JOB_ID, RECORD_UPDATE_DATE, TENANT_TYPE, IMPORTID, TECHNICIAN_ID, PAYTYPE, ACTIVE, CREATEDON]
Column Name found in Datamart and Curated Table :: PAYTYPE
Column Name found in Datamart and Curated Table :: PROJECTLABELS
Column Name found in Datamart and Curated Table :: COMMISSIONRATE
Column Name found in Datamart and Curated Table :: JOHNMOOREPAYROLLROLE
Column Name found in Datamart and Curated Table :: MODIFIEDON
Column Name found in Datamart and Curated Table :: STATUS
Column Name found in Datamart and Curated Table :: JOB_ID
Column Name found in Datamart and Curated Table :: ACTIVE
Column Name found in Datamart and Curated Table :: IMPORTID
Column Name found in Datamart and Curated Table :: CREATEDBY_ID
Column Name found in Datamart and Curated Table :: DRIVETIME_ID
Column Name found in Datamart and Curated Table :: ID
Column Name found in Datamart and Curated Table :: PAYROLLROLE
Column Name found in Datamart and Curated Table :: GROSSPAY
Column Name found in Datamart and Curated Table :: SPLIT
Column Name found in Datamart and Curated Table :: ISPAUSED
Column Name found in Datamart and Curated Table :: TECHNICIANROLE_ID
Column Name found in Datamart and Curated Table :: CREATEDON
Column Name found in Datamart and Curated Table :: TECHNICIAN_ID
Datamart tables contains additional column name like [ACTIVE_FLAG, RECORD_CREATE_DATE, RECORD_UPDATE_DATE, RECORD_UPDATE_DATE, MASTER_ID, TENANT_TYPE]
Curated tables contains additional column name like [RECORD_CREATE_DATE, RECORD_UPDATE_DATE, RECORD_UPDATED_BY, TENANT_TYPE]]]>
  </system-out>
  <testcase classname="testcases.RAW_DATAMART_CURATED.SnowFlake_ColumnValidation_BKPTables" name="validateColumnName_BKP" time="2.987"/>
  <system-out>
    <![CDATA[Executing Snowflake query :: SELECT COLUMN_NAME FROM DEV_ENT_RAW.INFORMATION_SCHEMA.COLUMNS WHERE TABLE_NAME='PAYMENT'and TABLE_SCHEMA='ST_FOURPROS_MATILLION'
Executing Snowflake query :: SELECT COLUMN_NAME FROM CURATED_DATAMART.INFORMATION_SCHEMA.COLUMNS WHERE TABLE_NAME='STR_PAYMENT'and TABLE_SCHEMA='ST_BKP_FOURPROS'
Executing Snowflake query :: SELECT COLUMN_NAME FROM DEV_ENT_CURATED.INFORMATION_SCHEMA.COLUMNS WHERE TABLE_NAME='DIM_PAYMENT'and TABLE_SCHEMA='MASTER_DIMENSIONS'
Column names for RAW Table --> PAYMENT :: [CREDITAVAILABLE, DEFERREDINTEREST, ACTIVE, IMPORTID, NUMBER, TRANSACTIONSTATUS, EXTERNALID, FINANCINGOPERATOR, PAIDON, TRANSACTION, MODIFIEDON, MEMO, AMOUNT, APPLIEDON, BUSINESSUNIT_ID, ESTIMATE_ID, EXPORTID, PAYMENTDATE, SETTLEMENTDATE, AGREEMENTLANGUAGE, BATCH_ID, CREATEDBY_ID, CUSTOMER_ID, STOREDPAYMENT_ID, TYPE_ID, CHECKNUMBER, ID, PROJECT_ID, UNAPPLIEDAMOUNT, SETTLEMENTSTATUS, AUTHORIZATIONSIGNATURE, INVOICE_ID, CREATEDON, METHOD, REFUNDEDAMOUNT, SOURCE, STATUS]
Column names for DataMart Table --> STR_PAYMENT :: [BUSINESSUNIT_ID, PROJECT_ID, CREDITAVAILABLE, SETTLEMENTDATE, ACTIVE_FLAG, TENANT_TYPE, RECORD_CREATE_DATE, MODIFIEDON, AGREEMENTLANGUAGE, BATCH_ID, CREATEDBY_ID, FINANCINGOPERATOR, INVOICE_ID, CREATEDON, AMOUNT, AUTHORIZATIONSIGNATURE, MEMO, REFUNDEDAMOUNT, STATUS, TYPE_ID, PAIDON, RECORD_UPDATE_DATE, TRANSACTIONSTATUS, ESTIMATE_ID, EXPORTID, EXTERNALID, ID, IMPORTID, SETTLEMENTSTATUS, PAYMENTDATE, MASTER_ID, METHOD, UNAPPLIEDAMOUNT, ACTIVE, APPLIEDON, TRANSACTION, CHECKNUMBER, DEFERREDINTEREST, NUMBER, CUSTOMER_ID, SOURCE, STOREDPAYMENT_ID]
Column names for Curated Table --> DIM_PAYMENT :: [DEFERREDINTEREST, PAIDON, SOURCE, TENANT_TYPE, PAYMENTDATE, TYPE_ID, ACTIVE, INVOICE_ID, ESTIMATE_ID, UNAPPLIEDAMOUNT, STATUS, CREATEDBY_ID, CUSTOMER_ID, EXPORTID, IMPORTID, TRANSACTION, MEMO, RECORD_UPDATE_DATE, TRANSACTIONSTATUS, AMOUNT, AUTHORIZATIONSIGNATURE, CHECKNUMBER, MODIFIEDON, EXTERNALID, PROJECT_ID, APPLIEDON, BATCH_ID, CREATEDON, FINANCINGOPERATOR, ID, RECORD_UPDATED_BY, REFUNDEDAMOUNT, SETTLEMENTSTATUS, BUSINESSUNIT_ID, METHOD, AGREEMENTLANGUAGE, CREDITAVAILABLE, NUMBER, RECORD_CREATE_DATE, SETTLEMENTDATE, STOREDPAYMENT_ID]
Column Name found in Datamart and Curated Table :: CREDITAVAILABLE
Column Name found in Datamart and Curated Table :: DEFERREDINTEREST
Column Name found in Datamart and Curated Table :: ACTIVE
Column Name found in Datamart and Curated Table :: IMPORTID
Column Name found in Datamart and Curated Table :: NUMBER
Column Name found in Datamart and Curated Table :: TRANSACTIONSTATUS
Column Name found in Datamart and Curated Table :: EXTERNALID
Column Name found in Datamart and Curated Table :: FINANCINGOPERATOR
Column Name found in Datamart and Curated Table :: PAIDON
Column Name found in Datamart and Curated Table :: TRANSACTION
Column Name found in Datamart and Curated Table :: MODIFIEDON
Column Name found in Datamart and Curated Table :: MEMO
Column Name found in Datamart and Curated Table :: AMOUNT
Column Name found in Datamart and Curated Table :: APPLIEDON
Column Name found in Datamart and Curated Table :: BUSINESSUNIT_ID
Column Name found in Datamart and Curated Table :: ESTIMATE_ID
Column Name found in Datamart and Curated Table :: EXPORTID
Column Name found in Datamart and Curated Table :: PAYMENTDATE
Column Name found in Datamart and Curated Table :: SETTLEMENTDATE
Column Name found in Datamart and Curated Table :: AGREEMENTLANGUAGE
Column Name found in Datamart and Curated Table :: BATCH_ID
Column Name found in Datamart and Curated Table :: CREATEDBY_ID
Column Name found in Datamart and Curated Table :: CUSTOMER_ID
Column Name found in Datamart and Curated Table :: STOREDPAYMENT_ID
Column Name found in Datamart and Curated Table :: TYPE_ID
Column Name found in Datamart and Curated Table :: CHECKNUMBER
Column Name found in Datamart and Curated Table :: ID
Column Name found in Datamart and Curated Table :: PROJECT_ID
Column Name found in Datamart and Curated Table :: UNAPPLIEDAMOUNT
Column Name found in Datamart and Curated Table :: SETTLEMENTSTATUS
Column Name found in Datamart and Curated Table :: AUTHORIZATIONSIGNATURE
Column Name found in Datamart and Curated Table :: INVOICE_ID
Column Name found in Datamart and Curated Table :: CREATEDON
Column Name found in Datamart and Curated Table :: METHOD
Column Name found in Datamart and Curated Table :: REFUNDEDAMOUNT
Column Name found in Datamart and Curated Table :: SOURCE
Column Name found in Datamart and Curated Table :: STATUS
Datamart tables contains additional column name like [ACTIVE_FLAG, RECORD_CREATE_DATE, RECORD_UPDATE_DATE, RECORD_UPDATE_DATE, MASTER_ID, TENANT_TYPE]
Curated tables contains additional column name like [RECORD_CREATE_DATE, RECORD_UPDATE_DATE, RECORD_UPDATED_BY, TENANT_TYPE]]]>
  </system-out>
  <testcase classname="testcases.RAW_DATAMART_CURATED.SnowFlake_ColumnValidation_BKPTables" name="validateColumnName_BKP" time="9.097"/>
  <system-out>
    <![CDATA[Executing Snowflake query :: SELECT COLUMN_NAME FROM DEV_ENT_RAW.INFORMATION_SCHEMA.COLUMNS WHERE TABLE_NAME='INVOICE'and TABLE_SCHEMA='ST_CASTEEL_MATILLION'
Executing Snowflake query :: SELECT COLUMN_NAME FROM CURATED_DATAMART.INFORMATION_SCHEMA.COLUMNS WHERE TABLE_NAME='STR_INVOICE'and TABLE_SCHEMA='ST_BKP_CASTEEL'
Executing Snowflake query :: SELECT COLUMN_NAME FROM DEV_ENT_CURATED.INFORMATION_SCHEMA.COLUMNS WHERE TABLE_NAME='FACT_INVOICE'and TABLE_SCHEMA='MASTER_DIMENSIONS'
Column names for RAW Table --> INVOICE :: [ACKNOWLEDGEMENTSIGNATURE, ACTIVE, BALANCE, COUNTERSALESLOCATION_ID, FEETAX, PROJECT_ID, PROJECTLABELS, ROYALTY_DATE, BUSINESSUNIT_ID, EXCLUDEFROMPAYROLL, SUMMARY, CUSTOMER_ID, INCLUDEINTECHNICIANREPORTS, LOCATION_ID, ROYALTY_STATUS, BATCH_ID, CONFIGURATION, EXTERNALID, PAYMENTTERM_ID, MODIFIEDON, NUMERICNUMBER, FEETOTAL, IMPORTID, TAXZONE_ID, ID, BILLINGDATE, CREATEDBY_ID, MATERIALSKU_ID, NEWCONSTRUCTION, PAYMENTDUEDATE, TAX, PAYROLLDATE, ROYALTY_SENTON, ADJUSTMENTTO_ID, NUMBER, EXPORTID, MATERIALTAX, STATUS, AUTHORIZATIONSIGNATURE, AUTHORIZEDAMOUNT, COMMISSIONELIGIBILITYDATE, DISCOUNTTOTAL, JOB_ID, MATERIALSKUREFERENCE_SKUTYPE, SUBTOTAL, CREATEDON, LABORTAX, ROYALTY_MEMO, SIGNATURE, TOTAL, INVOICEDON, MEMBERSHIP_ID, TECHNICIANACKNOWLEDGEMENTSIGNATURE, TYPE_ID, MATERIALSKUREFERENCE_SKUID, NETAMOUNT, PAIDON]
Column names for DataMart Table --> STR_INVOICE :: [AUTHORIZATIONSIGNATURE, MODIFIEDON, NETAMOUNT, PAIDON, TOTAL, LOCATION_ID, TAXZONE_ID, TYPE_ID, ACTIVE_FLAG, INVOICEDON, NUMBER, NUMERICNUMBER, BALANCE, SUBTOTAL, PROJECTLABELS, STATUS, COUNTERSALESLOCATION_ID, FEETOTAL, ID, LABORTAX, TENANT_TYPE, CONFIGURATION, ROYALTY_SENTON, NEWCONSTRUCTION, SIGNATURE, MASTER_ID, BUSINESSUNIT_ID, EXPORTID, INCLUDEINTECHNICIANREPORTS, ROYALTY_DATE, SUMMARY, MEMBERSHIP_ID, TAX, AUTHORIZEDAMOUNT, BATCH_ID, CREATEDBY_ID, CREATEDON, JOB_ID, MATERIALTAX, RECORD_CREATE_DATE, PAYMENTTERM_ID, PAYROLLDATE, TECHNICIANACKNOWLEDGEMENTSIGNATURE, ACTIVE, COMMISSIONELIGIBILITYDATE, DISCOUNTTOTAL, MATERIALSKUREFERENCE_SKUID, MATERIALSKUREFERENCE_SKUTYPE, MATERIALSKU_ID, RECORD_UPDATE_DATE, EXCLUDEFROMPAYROLL, PAYMENTDUEDATE, ACKNOWLEDGEMENTSIGNATURE, ADJUSTMENTTO_ID, BILLINGDATE, EXTERNALID, FEETAX, ROYALTY_STATUS, CUSTOMER_ID, IMPORTID, PROJECT_ID, ROYALTY_MEMO]
Column names for Curated Table --> FACT_INVOICE :: [CONFIGURATION, EXPORTID, EXTERNALID, MATERIALSKUREFERENCE_SKUTYPE, RECORD_UPDATED_BY, ROYALTY_DATE, FEETAX, TAX, TOTAL, BALANCE, BUSINESSUNIT_ID, CREATEDON, PAYMENTDUEDATE, PROJECT_ID, NETAMOUNT, NUMERICNUMBER, ROYALTY_SENTON, NUMBER, DISCOUNTTOTAL, EXCLUDEFROMPAYROLL, INCLUDEINTECHNICIANREPORTS, MODIFIEDON, STATUS, TENANT_TYPE, NEWCONSTRUCTION, ACKNOWLEDGEMENTSIGNATURE, ADJUSTMENTTO_ID, CREATEDBY_ID, CUSTOMER_ID, FEETOTAL, INVOICEDON, PAIDON, TYPE_ID, JOB_ID, LABORTAX, LOCATION_ID, ROYALTY_STATUS, SUMMARY, PROJECTLABELS, MATERIALSKUREFERENCE_SKUID, MATERIALSKU_ID, MEMBERSHIP_ID, COMMISSIONELIGIBILITYDATE, RECORD_CREATE_DATE, RECORD_UPDATE_DATE, SIGNATURE, AUTHORIZATIONSIGNATURE, BILLINGDATE, IMPORTID, TECHNICIANACKNOWLEDGEMENTSIGNATURE, AUTHORIZEDAMOUNT, ID, PAYROLLDATE, ACTIVE, COUNTERSALESLOCATION_ID, PAYMENTTERM_ID, SUBTOTAL, BATCH_ID, MATERIALTAX, ROYALTY_MEMO, TAXZONE_ID]
Column Name found in Datamart and Curated Table :: ACKNOWLEDGEMENTSIGNATURE
Column Name found in Datamart and Curated Table :: ACTIVE
Column Name found in Datamart and Curated Table :: BALANCE
Column Name found in Datamart and Curated Table :: COUNTERSALESLOCATION_ID
Column Name found in Datamart and Curated Table :: FEETAX
Column Name found in Datamart and Curated Table :: PROJECT_ID
Column Name found in Datamart and Curated Table :: PROJECTLABELS
Column Name found in Datamart and Curated Table :: ROYALTY_DATE
Column Name found in Datamart and Curated Table :: BUSINESSUNIT_ID
Column Name found in Datamart and Curated Table :: EXCLUDEFROMPAYROLL
Column Name found in Datamart and Curated Table :: SUMMARY
Column Name found in Datamart and Curated Table :: CUSTOMER_ID
Column Name found in Datamart and Curated Table :: INCLUDEINTECHNICIANREPORTS
Column Name found in Datamart and Curated Table :: LOCATION_ID
Column Name found in Datamart and Curated Table :: ROYALTY_STATUS
Column Name found in Datamart and Curated Table :: BATCH_ID
Column Name found in Datamart and Curated Table :: CONFIGURATION
Column Name found in Datamart and Curated Table :: EXTERNALID
Column Name found in Datamart and Curated Table :: PAYMENTTERM_ID
Column Name found in Datamart and Curated Table :: MODIFIEDON
Column Name found in Datamart and Curated Table :: NUMERICNUMBER
Column Name found in Datamart and Curated Table :: FEETOTAL
Column Name found in Datamart and Curated Table :: IMPORTID
Column Name found in Datamart and Curated Table :: TAXZONE_ID
Column Name found in Datamart and Curated Table :: ID
Column Name found in Datamart and Curated Table :: BILLINGDATE
Column Name found in Datamart and Curated Table :: CREATEDBY_ID
Column Name found in Datamart and Curated Table :: MATERIALSKU_ID
Column Name found in Datamart and Curated Table :: NEWCONSTRUCTION
Column Name found in Datamart and Curated Table :: PAYMENTDUEDATE
Column Name found in Datamart and Curated Table :: TAX
Column Name found in Datamart and Curated Table :: PAYROLLDATE
Column Name found in Datamart and Curated Table :: ROYALTY_SENTON
Column Name found in Datamart and Curated Table :: ADJUSTMENTTO_ID
Column Name found in Datamart and Curated Table :: NUMBER
Column Name found in Datamart and Curated Table :: EXPORTID
Column Name found in Datamart and Curated Table :: MATERIALTAX
Column Name found in Datamart and Curated Table :: STATUS
Column Name found in Datamart and Curated Table :: AUTHORIZATIONSIGNATURE
Column Name found in Datamart and Curated Table :: AUTHORIZEDAMOUNT
Column Name found in Datamart and Curated Table :: COMMISSIONELIGIBILITYDATE
Column Name found in Datamart and Curated Table :: DISCOUNTTOTAL
Column Name found in Datamart and Curated Table :: JOB_ID
Column Name found in Datamart and Curated Table :: MATERIALSKUREFERENCE_SKUTYPE
Column Name found in Datamart and Curated Table :: SUBTOTAL
Column Name found in Datamart and Curated Table :: CREATEDON
Column Name found in Datamart and Curated Table :: LABORTAX
Column Name found in Datamart and Curated Table :: ROYALTY_MEMO
Column Name found in Datamart and Curated Table :: SIGNATURE
Column Name found in Datamart and Curated Table :: TOTAL
Column Name found in Datamart and Curated Table :: INVOICEDON
Column Name found in Datamart and Curated Table :: MEMBERSHIP_ID
Column Name found in Datamart and Curated Table :: TECHNICIANACKNOWLEDGEMENTSIGNATURE
Column Name found in Datamart and Curated Table :: TYPE_ID
Column Name found in Datamart and Curated Table :: MATERIALSKUREFERENCE_SKUID
Column Name found in Datamart and Curated Table :: NETAMOUNT
Column Name found in Datamart and Curated Table :: PAIDON
Datamart tables contains additional column name like [ACTIVE_FLAG, RECORD_CREATE_DATE, RECORD_UPDATE_DATE, RECORD_UPDATE_DATE, MASTER_ID, TENANT_TYPE]
Curated tables contains additional column name like [RECORD_CREATE_DATE, RECORD_UPDATE_DATE, RECORD_UPDATED_BY, TENANT_TYPE]]]>
  </system-out>
  <testcase classname="testcases.RAW_DATAMART_CURATED.SnowFlake_ColumnValidation_BKPTables" name="validateColumnName_BKP" time="2.253"/>
  <system-out>
    <![CDATA[Executing Snowflake query :: SELECT COLUMN_NAME FROM DEV_ENT_RAW.INFORMATION_SCHEMA.COLUMNS WHERE TABLE_NAME='CUSTOMER'and TABLE_SCHEMA='ST_HARP_MATILLION'
Executing Snowflake query :: SELECT COLUMN_NAME FROM CURATED_DATAMART.INFORMATION_SCHEMA.COLUMNS WHERE TABLE_NAME='STR_CUSTOMER'and TABLE_SCHEMA='ST_BKP_HARP'
Executing Snowflake query :: SELECT COLUMN_NAME FROM DEV_ENT_CURATED.INFORMATION_SCHEMA.COLUMNS WHERE TABLE_NAME='DIM_CUSTOMER'and TABLE_SCHEMA='MASTER_DIMENSIONS'
Column names for RAW Table --> CUSTOMER :: [AR, DONOTSERVICE, HEADER, NAME, SHOWMEMBERSAVINGS, ADDRESS_CITY, AVALARAENTITYCODE, DONOTMAIL, STATISTICS_ID, ID, NOCHARGE, ADDRESS_STREET, BALANCE, EXTERNALID, MEMBERSHIP_TO, ADDRESS_COUNTRY, MEMBERSHIP_ACTIVATEDBY, TAXEXEMPT, ADDRESS_ISMILITARY, ADDRESS_ZIP, MEMBERSHIP_ACTIVATEDFROM, MODIFIEDON, DONOTCHARGEINTERESTFEE, ACTIVE, ADDRESS_UNIT, EXCLUDEFROMBULKPRINTING, PAYMENTTERM_ID, MEMBERSHIP_FROM, ADDRESS_STATE, MEMBERSHIP_CANCELLATIONDATE, ADDRESS_LATITUDE, ADDRESS_ISMANUALCOORDINATES, ADDRESS_LONGITUDE, CREATEDBY_ID, CREATEDON, DONOTSENDPROMOTIONALEMAILS, IMPORTID, TYPE]
Column names for DataMart Table --> STR_CUSTOMER :: [ADDRESS_COUNTRY, RECORD_UPDATE_DATE, AVALARAENTITYCODE, DONOTMAIL, NAME, TENANT_TYPE, IMPORTID, DONOTCHARGEINTERESTFEE, SHOWMEMBERSAVINGS, ADDRESS_ZIP, MEMBERSHIP_CANCELLATIONDATE, ADDRESS_ISMANUALCOORDINATES, CREATEDBY_ID, MEMBERSHIP_ACTIVATEDBY, MEMBERSHIP_TO, MODIFIEDON, RECORD_CREATE_DATE, ACTIVE, ADDRESS_STREET, ID, TAXEXEMPT, ADDRESS_CITY, DONOTSERVICE, EXCLUDEFROMBULKPRINTING, EXTERNALID, MEMBERSHIP_FROM, ACTIVE_FLAG, ADDRESS_ISMILITARY, ADDRESS_STATE, CREATEDON, DONOTSENDPROMOTIONALEMAILS, ADDRESS_LATITUDE, PAYMENTTERM_ID, STATISTICS_ID, MASTER_ID, ADDRESS_LONGITUDE, ADDRESS_UNIT, AR, BALANCE, HEADER, MEMBERSHIP_ACTIVATEDFROM, NOCHARGE, TYPE]
Column names for Curated Table --> DIM_CUSTOMER :: [ADDRESS_UNIT, PAYMENTTERM_ID, BALANCE, IMPORTID, ACTIVE, ADDRESS_COUNTRY, ADDRESS_ISMANUALCOORDINATES, ADDRESS_STATE, ADDRESS_ZIP, AR, NAME, MEMBERSHIP_TO, ADDRESS_CITY, ADDRESS_STREET, DONOTSERVICE, MEMBERSHIP_CANCELLATIONDATE, NOCHARGE, HEADER, CREATEDBY_ID, EXTERNALID, MODIFIEDON, DONOTCHARGEINTERESTFEE, MEMBERSHIP_ACTIVATEDBY, RECORD_UPDATE_DATE, RECORD_UPDATED_BY, STATISTICS_ID, CREATEDON, DONOTMAIL, ID, TAXEXEMPT, RECORD_CREATE_DATE, ADDRESS_LATITUDE, ADDRESS_LONGITUDE, AVALARAENTITYCODE, DONOTSENDPROMOTIONALEMAILS, MEMBERSHIP_FROM, TENANT_TYPE, TYPE, ADDRESS_ISMILITARY, MEMBERSHIP_ACTIVATEDFROM, SHOWMEMBERSAVINGS, EXCLUDEFROMBULKPRINTING]
Column Name found in Datamart and Curated Table :: AR
Column Name found in Datamart and Curated Table :: DONOTSERVICE
Column Name found in Datamart and Curated Table :: HEADER
Column Name found in Datamart and Curated Table :: NAME
Column Name found in Datamart and Curated Table :: SHOWMEMBERSAVINGS
Column Name found in Datamart and Curated Table :: ADDRESS_CITY
Column Name found in Datamart and Curated Table :: AVALARAENTITYCODE
Column Name found in Datamart and Curated Table :: DONOTMAIL
Column Name found in Datamart and Curated Table :: STATISTICS_ID
Column Name found in Datamart and Curated Table :: ID
Column Name found in Datamart and Curated Table :: NOCHARGE
Column Name found in Datamart and Curated Table :: ADDRESS_STREET
Column Name found in Datamart and Curated Table :: BALANCE
Column Name found in Datamart and Curated Table :: EXTERNALID
Column Name found in Datamart and Curated Table :: MEMBERSHIP_TO
Column Name found in Datamart and Curated Table :: ADDRESS_COUNTRY
Column Name found in Datamart and Curated Table :: MEMBERSHIP_ACTIVATEDBY
Column Name found in Datamart and Curated Table :: TAXEXEMPT
Column Name found in Datamart and Curated Table :: ADDRESS_ISMILITARY
Column Name found in Datamart and Curated Table :: ADDRESS_ZIP
Column Name found in Datamart and Curated Table :: MEMBERSHIP_ACTIVATEDFROM
Column Name found in Datamart and Curated Table :: MODIFIEDON
Column Name found in Datamart and Curated Table :: DONOTCHARGEINTERESTFEE
Column Name found in Datamart and Curated Table :: ACTIVE
Column Name found in Datamart and Curated Table :: ADDRESS_UNIT
Column Name found in Datamart and Curated Table :: EXCLUDEFROMBULKPRINTING
Column Name found in Datamart and Curated Table :: PAYMENTTERM_ID
Column Name found in Datamart and Curated Table :: MEMBERSHIP_FROM
Column Name found in Datamart and Curated Table :: ADDRESS_STATE
Column Name found in Datamart and Curated Table :: MEMBERSHIP_CANCELLATIONDATE
Column Name found in Datamart and Curated Table :: ADDRESS_LATITUDE
Column Name found in Datamart and Curated Table :: ADDRESS_ISMANUALCOORDINATES
Column Name found in Datamart and Curated Table :: ADDRESS_LONGITUDE
Column Name found in Datamart and Curated Table :: CREATEDBY_ID
Column Name found in Datamart and Curated Table :: CREATEDON
Column Name found in Datamart and Curated Table :: DONOTSENDPROMOTIONALEMAILS
Column Name found in Datamart and Curated Table :: IMPORTID
Column Name found in Datamart and Curated Table :: TYPE
Datamart tables contains additional column name like [ACTIVE_FLAG, RECORD_CREATE_DATE, RECORD_UPDATE_DATE, RECORD_UPDATE_DATE, MASTER_ID, TENANT_TYPE]
Curated tables contains additional column name like [RECORD_CREATE_DATE, RECORD_UPDATE_DATE, RECORD_UPDATED_BY, TENANT_TYPE]]]>
  </system-out>
  <testcase classname="testcases.RAW_DATAMART_CURATED.SnowFlake_ColumnValidation_BKPTables" name="validateColumnName_BKP" time="2.348"/>
  <system-out>
    <![CDATA[Executing Snowflake query :: SELECT COLUMN_NAME FROM DEV_ENT_RAW.INFORMATION_SCHEMA.COLUMNS WHERE TABLE_NAME='SERVICE'and TABLE_SCHEMA='ST_SNELLHEATINGAIR_MATILLION'
Executing Snowflake query :: SELECT COLUMN_NAME FROM CURATED_DATAMART.INFORMATION_SCHEMA.COLUMNS WHERE TABLE_NAME='STR_SERVICE'and TABLE_SCHEMA='ST_BKP_SNELLHEATINGAIR'
Executing Snowflake query :: SELECT COLUMN_NAME FROM DEV_ENT_CURATED.INFORMATION_SCHEMA.COLUMNS WHERE TABLE_NAME='DIM_SERVICE'and TABLE_SCHEMA='MASTER_DIMENSIONS'
Column names for RAW Table --> SERVICE :: [ADDONMEMBERPRICE, ARCHIVED, CREATEDON, GENERATEDTAGTARGETS, PAYTECHSPECIFICBONUS, HOURS, QBITEMNAME, EXTERNALID, ALLOWAPPLYTAGSTOENTITIES, BUSINESSUNIT_ID, DESCRIPTION, ID, ISLABOR, MEMBERSHIPMONTHS, PAYSCOMMISSION, SOURCEVERSION, ISTIMEANDMATERIAL, MEMBERSHIPACTION, AVALARACOMMERCIALTAXCODE, AVALARARESIDENTIALTAXCODE, CATEGORY_ID, CROSSSALEGROUP, DISPLAYINAMOUNT, ISDEFERREDREVENUE, MINIMUMLABORHOURS, BASERATE2, EXCLUDEFROMPRICEBOOKWIZARD, IMAGES, MEMBERPRICE, MEMBERSHIP, WARRANTY_DURATION, PURCHASEORDERLIMITS_REVENUEPERCENT, SCHEDULEDFLATAMOUNT, MEMBERSHIPTYPE_ID, PRICE, BASERATE1, COPIEDFROM_ID, COST, CREATEDBY_ID, PAYSSOLDBYRATE, PURCHASEORDERLIMITS_FLATAMOUNT, WARRANTY_DESCRIPTION, MEMBERSHIPYEARS, MODIFIEDON, RECURRINGSERVICETYPE_ID, TAXABLE, ACTIVE, DISPATCHFEE, IMPORTID, ORIGINAL_ID, SOLDBYCOMMISSION, SOURCE, ADDONFLATAMOUNT, ADDONPRICE, ALLOWDISCOUNTS, AUTOGLASSTYPE, BONUS, COMMISSIONBONUS, GENERALLEDGERACCOUNT_ID, DISPLAYNAME, NAME, PROVIDER_ID, WORKFLOWACTION_ID, SUPPLIERIMAGES, ACCOUNT, BASERATE3, LOYALTYPROGRAMELIGIBLE, PAYSFLATAMOUNT, SYNCDATE, ISOTTASK, NOTAX]
Column names for DataMart Table --> STR_SERVICE :: [ARCHIVED, COMMISSIONBONUS, GENERALLEDGERACCOUNT_ID, GENERATEDTAGTARGETS, MODIFIEDON, RECORD_UPDATE_DATE, DISPATCHFEE, HOURS, ISTIMEANDMATERIAL, ADDONFLATAMOUNT, ADDONPRICE, ALLOWDISCOUNTS, BASERATE1, BASERATE2, DISPLAYINAMOUNT, PAYSCOMMISSION, CATEGORY_ID, TENANT_TYPE, COST, ACTIVE, AVALARARESIDENTIALTAXCODE, DESCRIPTION, ISDEFERREDREVENUE, MASTER_ID, MEMBERSHIPACTION, SOURCEVERSION, MEMBERSHIPTYPE_ID, SYNCDATE, PRICE, ADDONMEMBERPRICE, AUTOGLASSTYPE, AVALARACOMMERCIALTAXCODE, COPIEDFROM_ID, EXTERNALID, ISOTTASK, MEMBERSHIPMONTHS, NAME, QBITEMNAME, SCHEDULEDFLATAMOUNT, WARRANTY_DESCRIPTION, ACCOUNT, BONUS, MEMBERPRICE, MEMBERSHIP, PURCHASEORDERLIMITS_FLATAMOUNT, ID, MINIMUMLABORHOURS, SUPPLIERIMAGES, ALLOWAPPLYTAGSTOENTITIES, BASERATE3, BUSINESSUNIT_ID, DISPLAYNAME, CREATEDON, PAYSSOLDBYRATE, WARRANTY_DURATION, CROSSSALEGROUP, NOTAX, PAYSFLATAMOUNT, WORKFLOWACTION_ID, RECORD_CREATE_DATE, TAXABLE, ACTIVE_FLAG, CREATEDBY_ID, EXCLUDEFROMPRICEBOOKWIZARD, IMAGES, IMPORTID, LOYALTYPROGRAMELIGIBLE, PAYTECHSPECIFICBONUS, SOURCE, ISLABOR, MEMBERSHIPYEARS, ORIGINAL_ID, PROVIDER_ID, RECURRINGSERVICETYPE_ID, SOLDBYCOMMISSION, PURCHASEORDERLIMITS_REVENUEPERCENT]
Column names for Curated Table --> DIM_SERVICE :: [ACCOUNT, ALLOWDISCOUNTS, BASERATE3, DESCRIPTION, DISPATCHFEE, ISOTTASK, MEMBERSHIP, SOLDBYCOMMISSION, DISPLAYNAME, AUTOGLASSTYPE, AVALARACOMMERCIALTAXCODE, BUSINESSUNIT_ID, COMMISSIONBONUS, NOTAX, EXTERNALID, PRICE, CATEGORY_ID, CREATEDON, CROSSSALEGROUP, MEMBERSHIPYEARS, PAYSFLATAMOUNT, PAYSSOLDBYRATE, WARRANTY_DURATION, MODIFIEDON, RECORD_CREATE_DATE, TAXABLE, MEMBERSHIPACTION, ADDONMEMBERPRICE, BONUS, COPIEDFROM_ID, ISDEFERREDREVENUE, SOURCE, ARCHIVED, BASERATE1, PURCHASEORDERLIMITS_REVENUEPERCENT, RECURRINGSERVICETYPE_ID, SOURCEVERSION, ALLOWAPPLYTAGSTOENTITIES, AVALARARESIDENTIALTAXCODE, DISPLAYINAMOUNT, GENERATEDTAGTARGETS, ISTIMEANDMATERIAL, PROVIDER_ID, ADDONFLATAMOUNT, COST, GENERALLEDGERACCOUNT_ID, MEMBERSHIPTYPE_ID, QBITEMNAME, WARRANTY_DESCRIPTION, EXCLUDEFROMPRICEBOOKWIZARD, ID, IMAGES, RECORD_UPDATED_BY, RECORD_UPDATE_DATE, NAME, ACTIVE, ADDONPRICE, LOYALTYPROGRAMELIGIBLE, PAYTECHSPECIFICBONUS, SUPPLIERIMAGES, HOURS, IMPORTID, MINIMUMLABORHOURS, PAYSCOMMISSION, WORKFLOWACTION_ID, MEMBERPRICE, BASERATE2, CREATEDBY_ID, MEMBERSHIPMONTHS, ORIGINAL_ID, SYNCDATE, ISLABOR, PURCHASEORDERLIMITS_FLATAMOUNT, TENANT_TYPE, SCHEDULEDFLATAMOUNT]
Column Name found in Datamart and Curated Table :: ADDONMEMBERPRICE
Column Name found in Datamart and Curated Table :: ARCHIVED
Column Name found in Datamart and Curated Table :: CREATEDON
Column Name found in Datamart and Curated Table :: GENERATEDTAGTARGETS
Column Name found in Datamart and Curated Table :: PAYTECHSPECIFICBONUS
Column Name found in Datamart and Curated Table :: HOURS
Column Name found in Datamart and Curated Table :: QBITEMNAME
Column Name found in Datamart and Curated Table :: EXTERNALID
Column Name found in Datamart and Curated Table :: ALLOWAPPLYTAGSTOENTITIES
Column Name found in Datamart and Curated Table :: BUSINESSUNIT_ID
Column Name found in Datamart and Curated Table :: DESCRIPTION
Column Name found in Datamart and Curated Table :: ID
Column Name found in Datamart and Curated Table :: ISLABOR
Column Name found in Datamart and Curated Table :: MEMBERSHIPMONTHS
Column Name found in Datamart and Curated Table :: PAYSCOMMISSION
Column Name found in Datamart and Curated Table :: SOURCEVERSION
Column Name found in Datamart and Curated Table :: ISTIMEANDMATERIAL
Column Name found in Datamart and Curated Table :: MEMBERSHIPACTION
Column Name found in Datamart and Curated Table :: AVALARACOMMERCIALTAXCODE
Column Name found in Datamart and Curated Table :: AVALARARESIDENTIALTAXCODE
Column Name found in Datamart and Curated Table :: CATEGORY_ID
Column Name found in Datamart and Curated Table :: CROSSSALEGROUP
Column Name found in Datamart and Curated Table :: DISPLAYINAMOUNT
Column Name found in Datamart and Curated Table :: ISDEFERREDREVENUE
Column Name found in Datamart and Curated Table :: MINIMUMLABORHOURS
Column Name found in Datamart and Curated Table :: BASERATE2
Column Name found in Datamart and Curated Table :: EXCLUDEFROMPRICEBOOKWIZARD
Column Name found in Datamart and Curated Table :: IMAGES
Column Name found in Datamart and Curated Table :: MEMBERPRICE
Column Name found in Datamart and Curated Table :: MEMBERSHIP
Column Name found in Datamart and Curated Table :: WARRANTY_DURATION
Column Name found in Datamart and Curated Table :: PURCHASEORDERLIMITS_REVENUEPERCENT
Column Name found in Datamart and Curated Table :: SCHEDULEDFLATAMOUNT
Column Name found in Datamart and Curated Table :: MEMBERSHIPTYPE_ID
Column Name found in Datamart and Curated Table :: PRICE
Column Name found in Datamart and Curated Table :: BASERATE1
Column Name found in Datamart and Curated Table :: COPIEDFROM_ID
Column Name found in Datamart and Curated Table :: COST
Column Name found in Datamart and Curated Table :: CREATEDBY_ID
Column Name found in Datamart and Curated Table :: PAYSSOLDBYRATE
Column Name found in Datamart and Curated Table :: PURCHASEORDERLIMITS_FLATAMOUNT
Column Name found in Datamart and Curated Table :: WARRANTY_DESCRIPTION
Column Name found in Datamart and Curated Table :: MEMBERSHIPYEARS
Column Name found in Datamart and Curated Table :: MODIFIEDON
Column Name found in Datamart and Curated Table :: RECURRINGSERVICETYPE_ID
Column Name found in Datamart and Curated Table :: TAXABLE
Column Name found in Datamart and Curated Table :: ACTIVE
Column Name found in Datamart and Curated Table :: DISPATCHFEE
Column Name found in Datamart and Curated Table :: IMPORTID
Column Name found in Datamart and Curated Table :: ORIGINAL_ID
Column Name found in Datamart and Curated Table :: SOLDBYCOMMISSION
Column Name found in Datamart and Curated Table :: SOURCE
Column Name found in Datamart and Curated Table :: ADDONFLATAMOUNT
Column Name found in Datamart and Curated Table :: ADDONPRICE
Column Name found in Datamart and Curated Table :: ALLOWDISCOUNTS
Column Name found in Datamart and Curated Table :: AUTOGLASSTYPE
Column Name found in Datamart and Curated Table :: BONUS
Column Name found in Datamart and Curated Table :: COMMISSIONBONUS
Column Name found in Datamart and Curated Table :: GENERALLEDGERACCOUNT_ID
Column Name found in Datamart and Curated Table :: DISPLAYNAME
Column Name found in Datamart and Curated Table :: NAME
Column Name found in Datamart and Curated Table :: PROVIDER_ID
Column Name found in Datamart and Curated Table :: WORKFLOWACTION_ID
Column Name found in Datamart and Curated Table :: SUPPLIERIMAGES
Column Name found in Datamart and Curated Table :: ACCOUNT
Column Name found in Datamart and Curated Table :: BASERATE3
Column Name found in Datamart and Curated Table :: LOYALTYPROGRAMELIGIBLE
Column Name found in Datamart and Curated Table :: PAYSFLATAMOUNT
Column Name found in Datamart and Curated Table :: SYNCDATE
Column Name found in Datamart and Curated Table :: ISOTTASK
Column Name found in Datamart and Curated Table :: NOTAX
Datamart tables contains additional column name like [ACTIVE_FLAG, RECORD_CREATE_DATE, RECORD_UPDATE_DATE, RECORD_UPDATE_DATE, MASTER_ID, TENANT_TYPE]
Curated tables contains additional column name like [RECORD_CREATE_DATE, RECORD_UPDATE_DATE, RECORD_UPDATED_BY, TENANT_TYPE]]]>
  </system-out>
  <testcase classname="testcases.RAW_DATAMART_CURATED.SnowFlake_ColumnValidation_BKPTables" name="validateColumnName_BKP" time="12.117"/>
  <system-out>
    <![CDATA[Executing Snowflake query :: SELECT COLUMN_NAME FROM DEV_ENT_RAW.INFORMATION_SCHEMA.COLUMNS WHERE TABLE_NAME='JOBCOMPLETIONSURVEY'and TABLE_SCHEMA='ST_BILLFENWICK_MATILLION'
Executing Snowflake query :: SELECT COLUMN_NAME FROM CURATED_DATAMART.INFORMATION_SCHEMA.COLUMNS WHERE TABLE_NAME='STR_JOBCOMPLETIONSURVEY'and TABLE_SCHEMA='ST_BKP_BILLFENWICK'
Executing Snowflake query :: SELECT COLUMN_NAME FROM DEV_ENT_CURATED.INFORMATION_SCHEMA.COLUMNS WHERE TABLE_NAME='DIM_JOBCOMPLETIONSURVEY'and TABLE_SCHEMA='MASTER_DIMENSIONS'
Column names for RAW Table --> JOBCOMPLETIONSURVEY :: [MODIFIEDON, RATING, ID, TOKEN, COMPLETEDON, RECOMMENDATIONS, SENTON, SUBMITCOUNT, SURVEYTYPE, ISPLANNINGTOUSEAGAIN, JOBID, STATUS, ISROUTINECOMPLETED, JOBCOMPLETEDON, MEMO]
Column names for DataMart Table --> STR_JOBCOMPLETIONSURVEY :: [RATING, JOBCOMPLETEDON, MASTER_ID, MEMO, SENTON, STATUS, ISROUTINECOMPLETED, SURVEYTYPE, ID, MODIFIEDON, RECOMMENDATIONS, ACTIVE_FLAG, COMPLETEDON, ISPLANNINGTOUSEAGAIN, RECORD_CREATE_DATE, RECORD_UPDATE_DATE, JOBID, TENANT_TYPE, TOKEN, SUBMITCOUNT]
Column names for Curated Table --> DIM_JOBCOMPLETIONSURVEY :: [ID, JOBCOMPLETEDON, SUBMITCOUNT, ISROUTINECOMPLETED, MEMO, RECORD_UPDATED_BY, STATUS, JOBID, RECORD_UPDATE_DATE, TENANT_TYPE, MODIFIEDON, SURVEYTYPE, COMPLETEDON, ISPLANNINGTOUSEAGAIN, RATING, SENTON, RECOMMENDATIONS, RECORD_CREATE_DATE, TOKEN]
Column Name found in Datamart and Curated Table :: MODIFIEDON
Column Name found in Datamart and Curated Table :: RATING
Column Name found in Datamart and Curated Table :: ID
Column Name found in Datamart and Curated Table :: TOKEN
Column Name found in Datamart and Curated Table :: COMPLETEDON
Column Name found in Datamart and Curated Table :: RECOMMENDATIONS
Column Name found in Datamart and Curated Table :: SENTON
Column Name found in Datamart and Curated Table :: SUBMITCOUNT
Column Name found in Datamart and Curated Table :: SURVEYTYPE
Column Name found in Datamart and Curated Table :: ISPLANNINGTOUSEAGAIN
Column Name found in Datamart and Curated Table :: JOBID
Column Name found in Datamart and Curated Table :: STATUS
Column Name found in Datamart and Curated Table :: ISROUTINECOMPLETED
Column Name found in Datamart and Curated Table :: JOBCOMPLETEDON
Column Name found in Datamart and Curated Table :: MEMO
Datamart tables contains additional column name like [ACTIVE_FLAG, RECORD_CREATE_DATE, RECORD_UPDATE_DATE, RECORD_UPDATE_DATE, MASTER_ID, TENANT_TYPE]
Curated tables contains additional column name like [RECORD_CREATE_DATE, RECORD_UPDATE_DATE, RECORD_UPDATED_BY, TENANT_TYPE]]]>
  </system-out>
  <testcase classname="testcases.RAW_DATAMART_CURATED.SnowFlake_ColumnValidation_BKPTables" name="validateColumnName_BKP" time="5.280">
    <failure message="The following asserts failed:
	null" type="java.lang.AssertionError">
      <![CDATA[java.lang.AssertionError: The following asserts failed:
null
at org.testng.asserts.SoftAssert.assertAll(SoftAssert.java:47)
at org.testng.asserts.SoftAssert.assertAll(SoftAssert.java:31)
at testcases.RAW_DATAMART_CURATED.SnowFlake_ColumnValidation_BKPTables.validateColumnName_BKP(SnowFlake_ColumnValidation_BKPTables.java:120)
at jdk.internal.reflect.GeneratedMethodAccessor38.invoke(Unknown Source)
at java.base/jdk.internal.reflect.DelegatingMethodAccessorImpl.invoke(DelegatingMethodAccessorImpl.java:43)
at java.base/java.lang.reflect.Method.invoke(Method.java:568)
at org.testng.internal.MethodInvocationHelper.invokeMethod(MethodInvocationHelper.java:133)
at org.testng.internal.TestInvoker.invokeMethod(TestInvoker.java:598)
at org.testng.internal.TestInvoker.invokeTestMethod(TestInvoker.java:173)
at org.testng.internal.MethodRunner.runInSequence(MethodRunner.java:46)
at org.testng.internal.TestInvoker$MethodInvocationAgent.invoke(TestInvoker.java:824)
at org.testng.internal.TestInvoker.invokeTestMethods(TestInvoker.java:146)
at org.testng.internal.TestMethodWorker.invokeTestMethods(TestMethodWorker.java:146)
at org.testng.internal.TestMethodWorker.run(TestMethodWorker.java:128)
at java.base/java.util.ArrayList.forEach(ArrayList.java:1511)
at org.testng.TestRunner.privateRun(TestRunner.java:794)
at org.testng.TestRunner.run(TestRunner.java:596)
at org.testng.SuiteRunner.runTest(SuiteRunner.java:377)
at org.testng.SuiteRunner.runSequentially(SuiteRunner.java:371)
at org.testng.SuiteRunner.privateRun(SuiteRunner.java:332)
at org.testng.SuiteRunner.run(SuiteRunner.java:276)
at org.testng.SuiteRunnerWorker.runSuite(SuiteRunnerWorker.java:53)
at org.testng.SuiteRunnerWorker.run(SuiteRunnerWorker.java:96)
at org.testng.TestNG.runSuitesSequentially(TestNG.java:1212)
at org.testng.TestNG.runSuitesLocally(TestNG.java:1134)
at org.testng.TestNG.runSuites(TestNG.java:1063)
at org.testng.TestNG.run(TestNG.java:1031)
at org.testng.remote.AbstractRemoteTestNG.run(AbstractRemoteTestNG.java:115)
at org.testng.remote.RemoteTestNG.initAndRun(RemoteTestNG.java:251)
at org.testng.remote.RemoteTestNG.main(RemoteTestNG.java:77)
]]>
    </failure>
  </testcase> <!-- validateColumnName_BKP -->
  <system-out>
    <![CDATA[Executing Snowflake query :: SELECT COLUMN_NAME FROM DEV_ENT_RAW.INFORMATION_SCHEMA.COLUMNS WHERE TABLE_NAME='JOBAPPOINTMENT'and TABLE_SCHEMA='ST_CASTEEL_MATILLION'
Executing Snowflake query :: SELECT COLUMN_NAME FROM CURATED_DATAMART.INFORMATION_SCHEMA.COLUMNS WHERE TABLE_NAME='STR_JOBAPPOINTMENT'and TABLE_SCHEMA='ST_BKP_CASTEEL'
Executing Snowflake query :: SELECT COLUMN_NAME FROM DEV_ENT_CURATED.INFORMATION_SCHEMA.COLUMNS WHERE TABLE_NAME='DIM_JOBAPPOINTMENT'and TABLE_SCHEMA='MASTER_DIMENSIONS'
Column names for RAW Table --> JOBAPPOINTMENT :: [CREATEDON, ISCONFIRMED, ISUNUSED, MODIFIEDON, STATUS, NUMBER, PLANEND, IMPORTID, MONTHNUMBER, ACTIVE, CREATEDBY_ID, END, JOB_ID, PLANSTART, SPECIALINSTRUCTIONS, ID, START, SMARTDISPATCHDATA_JOBAPPOINTMENT]
Column names for DataMart Table --> STR_JOBAPPOINTMENT :: [ACTIVE_FLAG, CREATEDBY_ID, CREATEDON, JOB_ID, MASTER_ID, SMARTDISPATCHDATA_JOBAPPOINTMENT, STATUS, ID, MODIFIEDON, PLANEND, RECORD_UPDATE_DATE, ACTIVE, PLANSTART, TENANT_TYPE, ISCONFIRMED, ISUNUSED, RECORD_CREATE_DATE, END, MONTHNUMBER, START, NUMBER, IMPORTID]
Column names for Curated Table --> DIM_JOBAPPOINTMENT :: [END, SMARTDISPATCHDATA_JOBAPPOINTMENT, ACTIVE, CREATEDBY_ID, IMPORTID, ISUNUSED, START, ID, JOB_ID, MONTHNUMBER, PLANEND, RECORD_UPDATE_DATE, CREATEDON, RECORD_CREATE_DATE, TENANT_TYPE, PLANSTART, ISCONFIRMED, NUMBER, STATUS, MODIFIEDON, RECORD_UPDATED_BY]
Column Name found in Datamart and Curated Table :: CREATEDON
Column Name found in Datamart and Curated Table :: ISCONFIRMED
Column Name found in Datamart and Curated Table :: ISUNUSED
Column Name found in Datamart and Curated Table :: MODIFIEDON
Column Name found in Datamart and Curated Table :: STATUS
Column Name found in Datamart and Curated Table :: NUMBER
Column Name found in Datamart and Curated Table :: PLANEND
Column Name found in Datamart and Curated Table :: IMPORTID
Column Name found in Datamart and Curated Table :: MONTHNUMBER
Column Name found in Datamart and Curated Table :: ACTIVE
Column Name found in Datamart and Curated Table :: CREATEDBY_ID
Column Name found in Datamart and Curated Table :: END
Column Name found in Datamart and Curated Table :: JOB_ID
Column Name found in Datamart and Curated Table :: PLANSTART
Column Name not found in Datamart and Curated Table :: SPECIALINSTRUCTIONS
Column Name found in Datamart and Curated Table :: ID
Column Name found in Datamart and Curated Table :: START
Column Name found in Datamart and Curated Table :: SMARTDISPATCHDATA_JOBAPPOINTMENT
Datamart tables contains additional column name like [ACTIVE_FLAG, RECORD_CREATE_DATE, RECORD_UPDATE_DATE, RECORD_UPDATE_DATE, MASTER_ID, TENANT_TYPE]
Curated tables contains additional column name like [RECORD_CREATE_DATE, RECORD_UPDATE_DATE, RECORD_UPDATED_BY, TENANT_TYPE]]]>
  </system-out>
  <testcase classname="testcases.RAW_DATAMART_CURATED.SnowFlake_ColumnValidation_BKPTables" name="validateColumnName_BKP" time="2.242"/>
  <system-out>
    <![CDATA[Executing Snowflake query :: SELECT COLUMN_NAME FROM DEV_ENT_RAW.INFORMATION_SCHEMA.COLUMNS WHERE TABLE_NAME='CALL'and TABLE_SCHEMA='ST_HARP_MATILLION'
Executing Snowflake query :: SELECT COLUMN_NAME FROM CURATED_DATAMART.INFORMATION_SCHEMA.COLUMNS WHERE TABLE_NAME='STR_CALL'and TABLE_SCHEMA='ST_BKP_HARP'
Executing Snowflake query :: SELECT COLUMN_NAME FROM DEV_ENT_CURATED.INFORMATION_SCHEMA.COLUMNS WHERE TABLE_NAME='DIM_CALL'and TABLE_SCHEMA='MASTER_DIMENSIONS'
Column names for RAW Table --> CALL :: [CREATEDBY_ID, MODIFIEDON, REASON_ID, SID, DIRECTION, LOCATION_ID, RECORDINGPATH, RECORDINGURL, CONVERSIONSCORE, STATUS, VOICEMAILPATH, REVIEWEDBY_ID, RECORDINGID, FOLLOWUP_ID, FROM, LEAD_ID, WONTREVIEW, CALLSERVICE, CUSTOMER_ID, DURATION, ESTIMATE_ID, IMPORTID, JOB_ID, ACTIVE, AGENT_ID, CAMPAIGN_ID, CREATEDON, ID, REVIEWINGBY_ID, TO, EXCUSEMEMO, TAG, TYPE]
Column names for DataMart Table --> STR_CALL :: [CAMPAIGN_ID, ESTIMATE_ID, MASTER_ID, SID, REVIEWEDBY_ID, FROM, IMPORTID, LEAD_ID, MODIFIEDON, JOB_ID, CONVERSIONSCORE, CUSTOMER_ID, REASON_ID, RECORD_CREATE_DATE, REVIEWINGBY_ID, TAG, ACTIVE_FLAG, CALLSERVICE, ID, LOCATION_ID, RECORDINGID, RECORDINGPATH, RECORDINGURL, WONTREVIEW, EXCUSEMEMO, AGENT_ID, FOLLOWUP_ID, ACTIVE, DURATION, RECORD_UPDATE_DATE, TO, TYPE, CREATEDBY_ID, DIRECTION, STATUS, VOICEMAILPATH, CREATEDON, TENANT_TYPE]
Column names for Curated Table --> DIM_CALL :: [ESTIMATE_ID, REASON_ID, WONTREVIEW, AGENT_ID, DIRECTION, FOLLOWUP_ID, LOCATION_ID, RECORDINGID, TAG, TYPE, CUSTOMER_ID, LEAD_ID, RECORDINGPATH, VOICEMAILPATH, STATUS, CONVERSIONSCORE, FROM, CREATEDBY_ID, DURATION, TENANT_TYPE, ACTIVE, CALLSERVICE, CAMPAIGN_ID, ID, RECORDINGURL, RECORD_UPDATE_DATE, RECORD_CREATE_DATE, JOB_ID, REVIEWEDBY_ID, TO, RECORD_UPDATED_BY, REVIEWINGBY_ID, SID, CREATEDON, EXCUSEMEMO, IMPORTID, MODIFIEDON]
Column Name found in Datamart and Curated Table :: CREATEDBY_ID
Column Name found in Datamart and Curated Table :: MODIFIEDON
Column Name found in Datamart and Curated Table :: REASON_ID
Column Name found in Datamart and Curated Table :: SID
Column Name found in Datamart and Curated Table :: DIRECTION
Column Name found in Datamart and Curated Table :: LOCATION_ID
Column Name found in Datamart and Curated Table :: RECORDINGPATH
Column Name found in Datamart and Curated Table :: RECORDINGURL
Column Name found in Datamart and Curated Table :: CONVERSIONSCORE
Column Name found in Datamart and Curated Table :: STATUS
Column Name found in Datamart and Curated Table :: VOICEMAILPATH
Column Name found in Datamart and Curated Table :: REVIEWEDBY_ID
Column Name found in Datamart and Curated Table :: RECORDINGID
Column Name found in Datamart and Curated Table :: FOLLOWUP_ID
Column Name found in Datamart and Curated Table :: FROM
Column Name found in Datamart and Curated Table :: LEAD_ID
Column Name found in Datamart and Curated Table :: WONTREVIEW
Column Name found in Datamart and Curated Table :: CALLSERVICE
Column Name found in Datamart and Curated Table :: CUSTOMER_ID
Column Name found in Datamart and Curated Table :: DURATION
Column Name found in Datamart and Curated Table :: ESTIMATE_ID
Column Name found in Datamart and Curated Table :: IMPORTID
Column Name found in Datamart and Curated Table :: JOB_ID
Column Name found in Datamart and Curated Table :: ACTIVE
Column Name found in Datamart and Curated Table :: AGENT_ID
Column Name found in Datamart and Curated Table :: CAMPAIGN_ID
Column Name found in Datamart and Curated Table :: CREATEDON
Column Name found in Datamart and Curated Table :: ID
Column Name found in Datamart and Curated Table :: REVIEWINGBY_ID
Column Name found in Datamart and Curated Table :: TO
Column Name found in Datamart and Curated Table :: EXCUSEMEMO
Column Name found in Datamart and Curated Table :: TAG
Column Name found in Datamart and Curated Table :: TYPE
Datamart tables contains additional column name like [ACTIVE_FLAG, RECORD_CREATE_DATE, RECORD_UPDATE_DATE, RECORD_UPDATE_DATE, MASTER_ID, TENANT_TYPE]
Curated tables contains additional column name like [RECORD_CREATE_DATE, RECORD_UPDATE_DATE, RECORD_UPDATED_BY, TENANT_TYPE]]]>
  </system-out>
  <testcase classname="testcases.RAW_DATAMART_CURATED.SnowFlake_ColumnValidation_BKPTables" name="validateColumnName_BKP" time="2.410"/>
  <system-out>
    <![CDATA[Executing Snowflake query :: SELECT COLUMN_NAME FROM DEV_ENT_RAW.INFORMATION_SCHEMA.COLUMNS WHERE TABLE_NAME='PURCHASEORDERITEM'and TABLE_SCHEMA='ST_HARP_MATILLION'
Executing Snowflake query :: SELECT COLUMN_NAME FROM CURATED_DATAMART.INFORMATION_SCHEMA.COLUMNS WHERE TABLE_NAME='STR_PURCHASEORDERITEM'and TABLE_SCHEMA='ST_BKP_HARP'
Executing Snowflake query :: SELECT COLUMN_NAME FROM DEV_ENT_CURATED.INFORMATION_SCHEMA.COLUMNS WHERE TABLE_NAME='DIM_PURCHASEORDERITEM'and TABLE_SCHEMA='MASTER_DIMENSIONS'
Column names for RAW Table --> PURCHASEORDERITEM :: [EQUIPMENT_ID, MATERIAL_ID, ROLLEDOVERFROMITEM_ID, STATUS, IMPORTID, MATERIALVENDOR_ID, MARKUP, PROJECTLABELS, SERIALNUMBER, SKUREFERENCE_SKUID, TECHNICIANFORBASERATE2_ID, TECHNICIANSPLIT3, UNITOFMEASURE_ID, BUSINESSUNIT_ID, CREATEDON, EQUIPMENTVENDOR_ID, ROLLOVERQUANTITY, TECHNICIANSPLIT2, QUANTITY, TECHNICIANFORBASERATE3_ID, ID, ISINVENTORY, TECHNICIANFORBASERATE1_ID, CHARGEABLEITEM_ID, COST, INVENTORYLOCATION_ID, REQUISITIONITEM_ID, ACTIVE, PURCHASEORDER_ID, SKU_ID, DESCRIPTION, SKUREFERENCE_SKUTYPE, SKUVENDOR_ID, TECHNICIANSPLIT1, CREATEDBY_ID, MODIFIEDON, USEDMATERIAL_ID, VENDORPARTNUMBER]
Column names for DataMart Table --> STR_PURCHASEORDERITEM :: [PURCHASEORDER_ID, TECHNICIANFORBASERATE3_ID, DESCRIPTION, UNITOFMEASURE_ID, EQUIPMENT_ID, MARKUP, ROLLOVERQUANTITY, ACTIVE_FLAG, BUSINESSUNIT_ID, VENDORPARTNUMBER, PROJECTLABELS, TECHNICIANSPLIT3, ID, ACTIVE, CREATEDBY_ID, EQUIPMENTVENDOR_ID, IMPORTID, RECORD_CREATE_DATE, TENANT_TYPE, TECHNICIANFORBASERATE1_ID, CHARGEABLEITEM_ID, COST, INVENTORYLOCATION_ID, QUANTITY, REQUISITIONITEM_ID, USEDMATERIAL_ID, MATERIALVENDOR_ID, TECHNICIANSPLIT2, MODIFIEDON, ROLLEDOVERFROMITEM_ID, STATUS, RECORD_UPDATE_DATE, SKUREFERENCE_SKUID, TECHNICIANFORBASERATE2_ID, SKUREFERENCE_SKUTYPE, MASTER_ID, MATERIAL_ID, SKU_ID, CREATEDON, ISINVENTORY, SERIALNUMBER, SKUVENDOR_ID, TECHNICIANSPLIT1]
Column names for Curated Table --> DIM_PURCHASEORDERITEM :: [CREATEDBY_ID, DESCRIPTION, EQUIPMENTVENDOR_ID, EQUIPMENT_ID, MATERIALVENDOR_ID, RECORD_UPDATE_DATE, TECHNICIANFORBASERATE1_ID, MODIFIEDON, UNITOFMEASURE_ID, USEDMATERIAL_ID, TECHNICIANSPLIT2, CHARGEABLEITEM_ID, COST, QUANTITY, TECHNICIANFORBASERATE3_ID, INVENTORYLOCATION_ID, IMPORTID, REQUISITIONITEM_ID, TENANT_TYPE, VENDORPARTNUMBER, SKU_ID, CREATEDON, ID, SKUREFERENCE_SKUTYPE, MARKUP, PROJECTLABELS, PURCHASEORDER_ID, SERIALNUMBER, SKUVENDOR_ID, TECHNICIANSPLIT3, ROLLOVERQUANTITY, STATUS, BUSINESSUNIT_ID, ISINVENTORY, RECORD_CREATE_DATE, ROLLEDOVERFROMITEM_ID, TECHNICIANSPLIT1, SKUREFERENCE_SKUID, ACTIVE, MATERIAL_ID, RECORD_UPDATED_BY, TECHNICIANFORBASERATE2_ID]
Column Name found in Datamart and Curated Table :: EQUIPMENT_ID
Column Name found in Datamart and Curated Table :: MATERIAL_ID
Column Name found in Datamart and Curated Table :: ROLLEDOVERFROMITEM_ID
Column Name found in Datamart and Curated Table :: STATUS
Column Name found in Datamart and Curated Table :: IMPORTID
Column Name found in Datamart and Curated Table :: MATERIALVENDOR_ID
Column Name found in Datamart and Curated Table :: MARKUP
Column Name found in Datamart and Curated Table :: PROJECTLABELS
Column Name found in Datamart and Curated Table :: SERIALNUMBER
Column Name found in Datamart and Curated Table :: SKUREFERENCE_SKUID
Column Name found in Datamart and Curated Table :: TECHNICIANFORBASERATE2_ID
Column Name found in Datamart and Curated Table :: TECHNICIANSPLIT3
Column Name found in Datamart and Curated Table :: UNITOFMEASURE_ID
Column Name found in Datamart and Curated Table :: BUSINESSUNIT_ID
Column Name found in Datamart and Curated Table :: CREATEDON
Column Name found in Datamart and Curated Table :: EQUIPMENTVENDOR_ID
Column Name found in Datamart and Curated Table :: ROLLOVERQUANTITY
Column Name found in Datamart and Curated Table :: TECHNICIANSPLIT2
Column Name found in Datamart and Curated Table :: QUANTITY
Column Name found in Datamart and Curated Table :: TECHNICIANFORBASERATE3_ID
Column Name found in Datamart and Curated Table :: ID
Column Name found in Datamart and Curated Table :: ISINVENTORY
Column Name found in Datamart and Curated Table :: TECHNICIANFORBASERATE1_ID
Column Name found in Datamart and Curated Table :: CHARGEABLEITEM_ID
Column Name found in Datamart and Curated Table :: COST
Column Name found in Datamart and Curated Table :: INVENTORYLOCATION_ID
Column Name found in Datamart and Curated Table :: REQUISITIONITEM_ID
Column Name found in Datamart and Curated Table :: ACTIVE
Column Name found in Datamart and Curated Table :: PURCHASEORDER_ID
Column Name found in Datamart and Curated Table :: SKU_ID
Column Name found in Datamart and Curated Table :: DESCRIPTION
Column Name found in Datamart and Curated Table :: SKUREFERENCE_SKUTYPE
Column Name found in Datamart and Curated Table :: SKUVENDOR_ID
Column Name found in Datamart and Curated Table :: TECHNICIANSPLIT1
Column Name found in Datamart and Curated Table :: CREATEDBY_ID
Column Name found in Datamart and Curated Table :: MODIFIEDON
Column Name found in Datamart and Curated Table :: USEDMATERIAL_ID
Column Name found in Datamart and Curated Table :: VENDORPARTNUMBER
Datamart tables contains additional column name like [ACTIVE_FLAG, RECORD_CREATE_DATE, RECORD_UPDATE_DATE, RECORD_UPDATE_DATE, MASTER_ID, TENANT_TYPE]
Curated tables contains additional column name like [RECORD_CREATE_DATE, RECORD_UPDATE_DATE, RECORD_UPDATED_BY, TENANT_TYPE]]]>
  </system-out>
  <testcase classname="testcases.RAW_DATAMART_CURATED.SnowFlake_ColumnValidation_BKPTables" name="validateColumnName_BKP" time="2.146"/>
  <system-out>
    <![CDATA[Executing Snowflake query :: SELECT COLUMN_NAME FROM DEV_ENT_RAW.INFORMATION_SCHEMA.COLUMNS WHERE TABLE_NAME='ESTIMATEITEM'and TABLE_SCHEMA='ST_FOURPROS_MATILLION'
Executing Snowflake query :: SELECT COLUMN_NAME FROM CURATED_DATAMART.INFORMATION_SCHEMA.COLUMNS WHERE TABLE_NAME='STR_ESTIMATEITEM'and TABLE_SCHEMA='ST_BKP_FOURPROS'
Executing Snowflake query :: SELECT COLUMN_NAME FROM DEV_ENT_CURATED.INFORMATION_SCHEMA.COLUMNS WHERE TABLE_NAME='DIM_ESTIMATEITEM'and TABLE_SCHEMA='MASTER_DIMENSIONS'
Column names for RAW Table --> ESTIMATEITEM :: [ACTIVE, GENERALLEDGERACCOUNT_ID, ISHIDDENFROMCUSTOMER, SKU_ID, ORDER, STANDARDPRICE, SOLDBY_ID, MEMBERSHIPDURATION, EQUIPMENT_ID, ISNOTGOINGTOBEDONE, MEMBERPRICE, MEMBERSHIPBILLINGFREQUENCY, ITEMGROUPROOT_ID, PARENTITEM_ID, CREATEDBY_ID, LASTUNITPRICESETBYEMPLOYEE, AUTOGLASSITEM_ID, CREATEDON, QUANTITY, CHARGEABLE, CREATEDFROM_ID, PAYSSOLDBYRATE, DEMANDSTATUS, ESTIMATE_ID, MARKUP, MODIFIEDON, PAYSFLATAMOUNT, SKUREFERENCE_SKUID, SKUREFERENCE_SKUTYPE, TAXABLE, TOTAL, INSTALLEDEQUIPMENT_ID, RENEWABLEMEMBERSHIP_ID, COST, IMPORTID, PROJECTORDER, SCHEDULEDFLATAMOUNT, TOTALCOST, ADDONFLATAMOUNT, DESCRIPTION, ID, PROJECTLABELS, ALLOWDISCOUNTS, COSTOFSALEACCOUNT_ID, ISADDON, UNITPRICE, ACCOUNT, ITEMGROUPNAME, INVOICEITEM_ID, PRICEMODIFIER_ID]
Column names for DataMart Table --> STR_ESTIMATEITEM :: [GENERALLEDGERACCOUNT_ID, SKUREFERENCE_SKUTYPE, PAYSFLATAMOUNT, QUANTITY, ITEMGROUPROOT_ID, TENANT_TYPE, TOTAL, AUTOGLASSITEM_ID, COST, MEMBERSHIPBILLINGFREQUENCY, SKU_ID, TAXABLE, MEMBERPRICE, CHARGEABLE, CREATEDFROM_ID, DESCRIPTION, INVOICEITEM_ID, ISNOTGOINGTOBEDONE, MARKUP, MEMBERSHIPDURATION, PROJECTORDER, STANDARDPRICE, ACTIVE, ALLOWDISCOUNTS, LASTUNITPRICESETBYEMPLOYEE, PARENTITEM_ID, SCHEDULEDFLATAMOUNT, ADDONFLATAMOUNT, MODIFIEDON, CREATEDBY_ID, DEMANDSTATUS, ITEMGROUPNAME, PAYSSOLDBYRATE, PRICEMODIFIER_ID, RECORD_UPDATE_DATE, UNITPRICE, PROJECTLABELS, ACTIVE_FLAG, ID, RECORD_CREATE_DATE, RENEWABLEMEMBERSHIP_ID, CREATEDON, EQUIPMENT_ID, ORDER, ACCOUNT, COSTOFSALEACCOUNT_ID, ESTIMATE_ID, IMPORTID, INSTALLEDEQUIPMENT_ID, ISHIDDENFROMCUSTOMER, MASTER_ID, SOLDBY_ID, ISADDON, SKUREFERENCE_SKUID, TOTALCOST]
Column names for Curated Table --> DIM_ESTIMATEITEM :: [CREATEDON, DEMANDSTATUS, MEMBERPRICE, MEMBERSHIPBILLINGFREQUENCY, MEMBERSHIPDURATION, SKUREFERENCE_SKUTYPE, ADDONFLATAMOUNT, AUTOGLASSITEM_ID, COST, ID, PAYSSOLDBYRATE, STANDARDPRICE, TENANT_TYPE, TOTAL, RECORD_CREATE_DATE, ITEMGROUPROOT_ID, PARENTITEM_ID, ORDER, PROJECTLABELS, SOLDBY_ID, PROJECTORDER, ACTIVE, ALLOWDISCOUNTS, CREATEDFROM_ID, DESCRIPTION, ESTIMATE_ID, MARKUP, ISADDON, CREATEDBY_ID, GENERALLEDGERACCOUNT_ID, INVOICEITEM_ID, PRICEMODIFIER_ID, RECORD_UPDATED_BY, SKUREFERENCE_SKUID, QUANTITY, CHARGEABLE, ISHIDDENFROMCUSTOMER, SKU_ID, COSTOFSALEACCOUNT_ID, ISNOTGOINGTOBEDONE, TOTALCOST, INSTALLEDEQUIPMENT_ID, ITEMGROUPNAME, PAYSFLATAMOUNT, TAXABLE, SCHEDULEDFLATAMOUNT, ACCOUNT, EQUIPMENT_ID, LASTUNITPRICESETBYEMPLOYEE, RENEWABLEMEMBERSHIP_ID, IMPORTID, RECORD_UPDATE_DATE, UNITPRICE, MODIFIEDON]
Column Name found in Datamart and Curated Table :: ACTIVE
Column Name found in Datamart and Curated Table :: GENERALLEDGERACCOUNT_ID
Column Name found in Datamart and Curated Table :: ISHIDDENFROMCUSTOMER
Column Name found in Datamart and Curated Table :: SKU_ID
Column Name found in Datamart and Curated Table :: ORDER
Column Name found in Datamart and Curated Table :: STANDARDPRICE
Column Name found in Datamart and Curated Table :: SOLDBY_ID
Column Name found in Datamart and Curated Table :: MEMBERSHIPDURATION
Column Name found in Datamart and Curated Table :: EQUIPMENT_ID
Column Name found in Datamart and Curated Table :: ISNOTGOINGTOBEDONE
Column Name found in Datamart and Curated Table :: MEMBERPRICE
Column Name found in Datamart and Curated Table :: MEMBERSHIPBILLINGFREQUENCY
Column Name found in Datamart and Curated Table :: ITEMGROUPROOT_ID
Column Name found in Datamart and Curated Table :: PARENTITEM_ID
Column Name found in Datamart and Curated Table :: CREATEDBY_ID
Column Name found in Datamart and Curated Table :: LASTUNITPRICESETBYEMPLOYEE
Column Name found in Datamart and Curated Table :: AUTOGLASSITEM_ID
Column Name found in Datamart and Curated Table :: CREATEDON
Column Name found in Datamart and Curated Table :: QUANTITY
Column Name found in Datamart and Curated Table :: CHARGEABLE
Column Name found in Datamart and Curated Table :: CREATEDFROM_ID
Column Name found in Datamart and Curated Table :: PAYSSOLDBYRATE
Column Name found in Datamart and Curated Table :: DEMANDSTATUS
Column Name found in Datamart and Curated Table :: ESTIMATE_ID
Column Name found in Datamart and Curated Table :: MARKUP
Column Name found in Datamart and Curated Table :: MODIFIEDON
Column Name found in Datamart and Curated Table :: PAYSFLATAMOUNT
Column Name found in Datamart and Curated Table :: SKUREFERENCE_SKUID
Column Name found in Datamart and Curated Table :: SKUREFERENCE_SKUTYPE
Column Name found in Datamart and Curated Table :: TAXABLE
Column Name found in Datamart and Curated Table :: TOTAL
Column Name found in Datamart and Curated Table :: INSTALLEDEQUIPMENT_ID
Column Name found in Datamart and Curated Table :: RENEWABLEMEMBERSHIP_ID
Column Name found in Datamart and Curated Table :: COST
Column Name found in Datamart and Curated Table :: IMPORTID
Column Name found in Datamart and Curated Table :: PROJECTORDER
Column Name found in Datamart and Curated Table :: SCHEDULEDFLATAMOUNT
Column Name found in Datamart and Curated Table :: TOTALCOST
Column Name found in Datamart and Curated Table :: ADDONFLATAMOUNT
Column Name found in Datamart and Curated Table :: DESCRIPTION
Column Name found in Datamart and Curated Table :: ID
Column Name found in Datamart and Curated Table :: PROJECTLABELS
Column Name found in Datamart and Curated Table :: ALLOWDISCOUNTS
Column Name found in Datamart and Curated Table :: COSTOFSALEACCOUNT_ID
Column Name found in Datamart and Curated Table :: ISADDON
Column Name found in Datamart and Curated Table :: UNITPRICE
Column Name found in Datamart and Curated Table :: ACCOUNT
Column Name found in Datamart and Curated Table :: ITEMGROUPNAME
Column Name found in Datamart and Curated Table :: INVOICEITEM_ID
Column Name found in Datamart and Curated Table :: PRICEMODIFIER_ID
Datamart tables contains additional column name like [ACTIVE_FLAG, RECORD_CREATE_DATE, RECORD_UPDATE_DATE, RECORD_UPDATE_DATE, MASTER_ID, TENANT_TYPE]
Curated tables contains additional column name like [RECORD_CREATE_DATE, RECORD_UPDATE_DATE, RECORD_UPDATED_BY, TENANT_TYPE]]]>
  </system-out>
  <testcase classname="testcases.RAW_DATAMART_CURATED.SnowFlake_ColumnValidation_BKPTables" name="validateColumnName_BKP" time="2.261"/>
  <system-out>
    <![CDATA[Executing Snowflake query :: SELECT COLUMN_NAME FROM DEV_ENT_RAW.INFORMATION_SCHEMA.COLUMNS WHERE TABLE_NAME='LOCATION'and TABLE_SCHEMA='ST_HDAIR_MATILLION'
Executing Snowflake query :: SELECT COLUMN_NAME FROM CURATED_DATAMART.INFORMATION_SCHEMA.COLUMNS WHERE TABLE_NAME='STR_LOCATION'and TABLE_SCHEMA='ST_BKP_HDAIR'
Executing Snowflake query :: SELECT COLUMN_NAME FROM DEV_ENT_CURATED.INFORMATION_SCHEMA.COLUMNS WHERE TABLE_NAME='DIM_LOCATION'and TABLE_SCHEMA='MASTER_DIMENSIONS'
Column names for RAW Table --> LOCATION :: [AVALARAENTITYCODE, ID, IMPORTID, MODIFIEDON, TAXZONE_ID, ZONE_ID, ISPREVAILINGWAGE, TAXEXEMPT, NAME, ADDRESS_CITY, ADDRESS_ISMILITARY, AUTOLATITUDE, NOCHARGE, CUSTOMER_ID, ADDRESS_ISMANUALCOORDINATES, ADDRESS_LATITUDE, AUTOLONGITUDE, CREATEDON, ESTIMATEDTAX, PREFERREDTECHNICIAN_ID, RECURRINGSERVICE_ACTIVATEDFROM, ADDRESS_UNIT, RECURRINGSERVICE_MEMO, ACTIVE, RECURRINGSERVICE_RECURRENCEINTERVAL, DONOTSENDTECHNICIAN_ID, RECURRINGSERVICE_TO, RECURRINGSERVICE_TYPE, SUMMARY, ADDRESS_LONGITUDE, ADDRESS_STATE, CREATEDBY_ID, TAXABLE, RECURRINGSERVICE_FROM, ADDRESS_COUNTRY, RECURRINGSERVICE_ACTIVATEDBY, ADDRESS_STREET, RECURRINGSERVICE_CANCELLATIONDATE, ADDRESS_ZIP]
Column names for DataMart Table --> STR_LOCATION :: [ACTIVE_FLAG, ADDRESS_COUNTRY, CUSTOMER_ID, IMPORTID, TAXEXEMPT, RECURRINGSERVICE_TO, ADDRESS_LONGITUDE, ESTIMATEDTAX, ADDRESS_LATITUDE, CREATEDON, ID, RECURRINGSERVICE_RECURRENCEINTERVAL, SUMMARY, DONOTSENDTECHNICIAN_ID, RECURRINGSERVICE_ACTIVATEDFROM, AUTOLONGITUDE, ADDRESS_ISMANUALCOORDINATES, ADDRESS_ISMILITARY, AVALARAENTITYCODE, PREFERREDTECHNICIAN_ID, RECURRINGSERVICE_ACTIVATEDBY, TAXABLE, ADDRESS_STATE, RECURRINGSERVICE_CANCELLATIONDATE, ADDRESS_STREET, MASTER_ID, ACTIVE, CREATEDBY_ID, ISPREVAILINGWAGE, NOCHARGE, RECORD_UPDATE_DATE, RECURRINGSERVICE_MEMO, TENANT_TYPE, ADDRESS_ZIP, RECORD_CREATE_DATE, ADDRESS_UNIT, RECURRINGSERVICE_FROM, RECURRINGSERVICE_TYPE, ZONE_ID, ADDRESS_CITY, AUTOLATITUDE, MODIFIEDON, NAME, TAXZONE_ID]
Column names for Curated Table --> DIM_LOCATION :: [ADDRESS_UNIT, AUTOLONGITUDE, RECURRINGSERVICE_ACTIVATEDFROM, RECURRINGSERVICE_TO, TAXABLE, ADDRESS_CITY, ADDRESS_LATITUDE, IMPORTID, NAME, RECURRINGSERVICE_MEMO, ADDRESS_LONGITUDE, ADDRESS_STATE, ADDRESS_STREET, DONOTSENDTECHNICIAN_ID, MODIFIEDON, TAXZONE_ID, ADDRESS_ISMANUALCOORDINATES, ESTIMATEDTAX, ISPREVAILINGWAGE, RECURRINGSERVICE_ACTIVATEDBY, AUTOLATITUDE, RECORD_UPDATED_BY, RECORD_UPDATE_DATE, SUMMARY, CUSTOMER_ID, ZONE_ID, TENANT_TYPE, ADDRESS_COUNTRY, ADDRESS_ZIP, NOCHARGE, RECURRINGSERVICE_FROM, RECURRINGSERVICE_RECURRENCEINTERVAL, CREATEDON, RECORD_CREATE_DATE, AVALARAENTITYCODE, RECURRINGSERVICE_CANCELLATIONDATE, RECURRINGSERVICE_TYPE, PREFERREDTECHNICIAN_ID, ACTIVE, ADDRESS_ISMILITARY, CREATEDBY_ID, ID, TAXEXEMPT]
Column Name found in Datamart and Curated Table :: AVALARAENTITYCODE
Column Name found in Datamart and Curated Table :: ID
Column Name found in Datamart and Curated Table :: IMPORTID
Column Name found in Datamart and Curated Table :: MODIFIEDON
Column Name found in Datamart and Curated Table :: TAXZONE_ID
Column Name found in Datamart and Curated Table :: ZONE_ID
Column Name found in Datamart and Curated Table :: ISPREVAILINGWAGE
Column Name found in Datamart and Curated Table :: TAXEXEMPT
Column Name found in Datamart and Curated Table :: NAME
Column Name found in Datamart and Curated Table :: ADDRESS_CITY
Column Name found in Datamart and Curated Table :: ADDRESS_ISMILITARY
Column Name found in Datamart and Curated Table :: AUTOLATITUDE
Column Name found in Datamart and Curated Table :: NOCHARGE
Column Name found in Datamart and Curated Table :: CUSTOMER_ID
Column Name found in Datamart and Curated Table :: ADDRESS_ISMANUALCOORDINATES
Column Name found in Datamart and Curated Table :: ADDRESS_LATITUDE
Column Name found in Datamart and Curated Table :: AUTOLONGITUDE
Column Name found in Datamart and Curated Table :: CREATEDON
Column Name found in Datamart and Curated Table :: ESTIMATEDTAX
Column Name found in Datamart and Curated Table :: PREFERREDTECHNICIAN_ID
Column Name found in Datamart and Curated Table :: RECURRINGSERVICE_ACTIVATEDFROM
Column Name found in Datamart and Curated Table :: ADDRESS_UNIT
Column Name found in Datamart and Curated Table :: RECURRINGSERVICE_MEMO
Column Name found in Datamart and Curated Table :: ACTIVE
Column Name found in Datamart and Curated Table :: RECURRINGSERVICE_RECURRENCEINTERVAL
Column Name found in Datamart and Curated Table :: DONOTSENDTECHNICIAN_ID
Column Name found in Datamart and Curated Table :: RECURRINGSERVICE_TO
Column Name found in Datamart and Curated Table :: RECURRINGSERVICE_TYPE
Column Name found in Datamart and Curated Table :: SUMMARY
Column Name found in Datamart and Curated Table :: ADDRESS_LONGITUDE
Column Name found in Datamart and Curated Table :: ADDRESS_STATE
Column Name found in Datamart and Curated Table :: CREATEDBY_ID
Column Name found in Datamart and Curated Table :: TAXABLE
Column Name found in Datamart and Curated Table :: RECURRINGSERVICE_FROM
Column Name found in Datamart and Curated Table :: ADDRESS_COUNTRY
Column Name found in Datamart and Curated Table :: RECURRINGSERVICE_ACTIVATEDBY
Column Name found in Datamart and Curated Table :: ADDRESS_STREET
Column Name found in Datamart and Curated Table :: RECURRINGSERVICE_CANCELLATIONDATE
Column Name found in Datamart and Curated Table :: ADDRESS_ZIP
Datamart tables contains additional column name like [ACTIVE_FLAG, RECORD_CREATE_DATE, RECORD_UPDATE_DATE, RECORD_UPDATE_DATE, MASTER_ID, TENANT_TYPE]
Curated tables contains additional column name like [RECORD_CREATE_DATE, RECORD_UPDATE_DATE, RECORD_UPDATED_BY, TENANT_TYPE]]]>
  </system-out>
  <testcase classname="testcases.RAW_DATAMART_CURATED.SnowFlake_ColumnValidation_BKPTables" name="validateColumnName_BKP" time="2.153"/>
  <system-out>
    <![CDATA[Executing Snowflake query :: SELECT COLUMN_NAME FROM DEV_ENT_RAW.INFORMATION_SCHEMA.COLUMNS WHERE TABLE_NAME='CONTACT'and TABLE_SCHEMA='ST_HENDERSON_MATILLION'
Executing Snowflake query :: SELECT COLUMN_NAME FROM CURATED_DATAMART.INFORMATION_SCHEMA.COLUMNS WHERE TABLE_NAME='STR_CONTACT'and TABLE_SCHEMA='ST_BKP_HENDERSON'
Executing Snowflake query :: SELECT COLUMN_NAME FROM DEV_ENT_CURATED.INFORMATION_SCHEMA.COLUMNS WHERE TABLE_NAME='DIM_CONTACT'and TABLE_SCHEMA='MASTER_DIMENSIONS'
Column names for RAW Table --> CONTACT :: [CREATEDBY_ID, CREATEDON, IMPORTID, JOBREMINDERSENABLED, ACTIVE, REVERSEPHONE, INVOICESTATEMENTNOTIFICATION, MODIFIEDON, ID, MARKETINGUPDATESENABLED, MESSAGESENABLED, MEMO, OWNER_ID, TYPE, VALUE]
Column names for DataMart Table --> STR_CONTACT :: [ACTIVE, ID, IMPORTID, MODIFIEDON, ACTIVE_FLAG, INVOICESTATEMENTNOTIFICATION, RECORD_UPDATE_DATE, VALUE, JOBREMINDERSENABLED, MASTER_ID, TYPE, CREATEDBY_ID, MEMO, MARKETINGUPDATESENABLED, RECORD_CREATE_DATE, REVERSEPHONE, CREATEDON, MESSAGESENABLED, OWNER_ID, TENANT_TYPE]
Column names for Curated Table --> DIM_CONTACT :: [MESSAGESENABLED, MODIFIEDON, CREATEDON, MEMO, OWNER_ID, CREATEDBY_ID, MARKETINGUPDATESENABLED, REVERSEPHONE, ID, IMPORTID, JOBREMINDERSENABLED, INVOICESTATEMENTNOTIFICATION, RECORD_CREATE_DATE, RECORD_UPDATED_BY, TENANT_TYPE, ACTIVE, RECORD_UPDATE_DATE, VALUE, TYPE]
Column Name found in Datamart and Curated Table :: CREATEDBY_ID
Column Name found in Datamart and Curated Table :: CREATEDON
Column Name found in Datamart and Curated Table :: IMPORTID
Column Name found in Datamart and Curated Table :: JOBREMINDERSENABLED
Column Name found in Datamart and Curated Table :: ACTIVE
Column Name found in Datamart and Curated Table :: REVERSEPHONE
Column Name found in Datamart and Curated Table :: INVOICESTATEMENTNOTIFICATION
Column Name found in Datamart and Curated Table :: MODIFIEDON
Column Name found in Datamart and Curated Table :: ID
Column Name found in Datamart and Curated Table :: MARKETINGUPDATESENABLED
Column Name found in Datamart and Curated Table :: MESSAGESENABLED
Column Name found in Datamart and Curated Table :: MEMO
Column Name found in Datamart and Curated Table :: OWNER_ID
Column Name found in Datamart and Curated Table :: TYPE
Column Name found in Datamart and Curated Table :: VALUE
Datamart tables contains additional column name like [ACTIVE_FLAG, RECORD_CREATE_DATE, RECORD_UPDATE_DATE, RECORD_UPDATE_DATE, MASTER_ID, TENANT_TYPE]
Curated tables contains additional column name like [RECORD_CREATE_DATE, RECORD_UPDATE_DATE, RECORD_UPDATED_BY, TENANT_TYPE]]]>
  </system-out>
  <testcase classname="testcases.RAW_DATAMART_CURATED.SnowFlake_ColumnValidation_BKPTables" name="validateColumnName_BKP" time="2.356"/>
  <system-out>
    <![CDATA[Executing Snowflake query :: SELECT COLUMN_NAME FROM DEV_ENT_RAW.INFORMATION_SCHEMA.COLUMNS WHERE TABLE_NAME='PAYMENT'and TABLE_SCHEMA='ST_HARP_MATILLION'
Executing Snowflake query :: SELECT COLUMN_NAME FROM CURATED_DATAMART.INFORMATION_SCHEMA.COLUMNS WHERE TABLE_NAME='STR_PAYMENT'and TABLE_SCHEMA='ST_BKP_HARP'
Executing Snowflake query :: SELECT COLUMN_NAME FROM DEV_ENT_CURATED.INFORMATION_SCHEMA.COLUMNS WHERE TABLE_NAME='DIM_PAYMENT'and TABLE_SCHEMA='MASTER_DIMENSIONS'
Column names for RAW Table --> PAYMENT :: [EXPORTID, TRANSACTIONSTATUS, UNAPPLIEDAMOUNT, BATCH_ID, CREATEDBY_ID, ESTIMATE_ID, ID, NUMBER, BUSINESSUNIT_ID, PROJECT_ID, SOURCE, STATUS, STOREDPAYMENT_ID, CUSTOMER_ID, FINANCINGOPERATOR, INVOICE_ID, METHOD, PAYMENTDATE, SETTLEMENTDATE, TYPE_ID, AMOUNT, CREATEDON, EXTERNALID, TRANSACTION, ACTIVE, APPLIEDON, AUTHORIZATIONSIGNATURE, CHECKNUMBER, DEFERREDINTEREST, REFUNDEDAMOUNT, SETTLEMENTSTATUS, MODIFIEDON, AGREEMENTLANGUAGE, CREDITAVAILABLE, IMPORTID, MEMO, PAIDON]
Column names for DataMart Table --> STR_PAYMENT :: [TRANSACTIONSTATUS, NUMBER, SETTLEMENTDATE, ACTIVE_FLAG, RECORD_CREATE_DATE, SETTLEMENTSTATUS, STOREDPAYMENT_ID, AUTHORIZATIONSIGNATURE, CUSTOMER_ID, TYPE_ID, TRANSACTION, METHOD, CREDITAVAILABLE, FINANCINGOPERATOR, ID, STATUS, AMOUNT, APPLIEDON, IMPORTID, PAYMENTDATE, TENANT_TYPE, INVOICE_ID, MODIFIEDON, REFUNDEDAMOUNT, RECORD_UPDATE_DATE, AGREEMENTLANGUAGE, BATCH_ID, CREATEDBY_ID, EXTERNALID, DEFERREDINTEREST, MASTER_ID, SOURCE, BUSINESSUNIT_ID, ESTIMATE_ID, UNAPPLIEDAMOUNT, ACTIVE, CHECKNUMBER, CREATEDON, EXPORTID, MEMO, PROJECT_ID, PAIDON]
Column names for Curated Table --> DIM_PAYMENT :: [DEFERREDINTEREST, PAIDON, SOURCE, TENANT_TYPE, PAYMENTDATE, TYPE_ID, ACTIVE, INVOICE_ID, ESTIMATE_ID, UNAPPLIEDAMOUNT, STATUS, CREATEDBY_ID, CUSTOMER_ID, EXPORTID, IMPORTID, TRANSACTION, MEMO, RECORD_UPDATE_DATE, TRANSACTIONSTATUS, AMOUNT, AUTHORIZATIONSIGNATURE, CHECKNUMBER, MODIFIEDON, EXTERNALID, PROJECT_ID, APPLIEDON, BATCH_ID, CREATEDON, FINANCINGOPERATOR, ID, RECORD_UPDATED_BY, REFUNDEDAMOUNT, SETTLEMENTSTATUS, BUSINESSUNIT_ID, METHOD, AGREEMENTLANGUAGE, CREDITAVAILABLE, NUMBER, RECORD_CREATE_DATE, SETTLEMENTDATE, STOREDPAYMENT_ID]
Column Name found in Datamart and Curated Table :: EXPORTID
Column Name found in Datamart and Curated Table :: TRANSACTIONSTATUS
Column Name found in Datamart and Curated Table :: UNAPPLIEDAMOUNT
Column Name found in Datamart and Curated Table :: BATCH_ID
Column Name found in Datamart and Curated Table :: CREATEDBY_ID
Column Name found in Datamart and Curated Table :: ESTIMATE_ID
Column Name found in Datamart and Curated Table :: ID
Column Name found in Datamart and Curated Table :: NUMBER
Column Name found in Datamart and Curated Table :: BUSINESSUNIT_ID
Column Name found in Datamart and Curated Table :: PROJECT_ID
Column Name found in Datamart and Curated Table :: SOURCE
Column Name found in Datamart and Curated Table :: STATUS
Column Name found in Datamart and Curated Table :: STOREDPAYMENT_ID
Column Name found in Datamart and Curated Table :: CUSTOMER_ID
Column Name found in Datamart and Curated Table :: FINANCINGOPERATOR
Column Name found in Datamart and Curated Table :: INVOICE_ID
Column Name found in Datamart and Curated Table :: METHOD
Column Name found in Datamart and Curated Table :: PAYMENTDATE
Column Name found in Datamart and Curated Table :: SETTLEMENTDATE
Column Name found in Datamart and Curated Table :: TYPE_ID
Column Name found in Datamart and Curated Table :: AMOUNT
Column Name found in Datamart and Curated Table :: CREATEDON
Column Name found in Datamart and Curated Table :: EXTERNALID
Column Name found in Datamart and Curated Table :: TRANSACTION
Column Name found in Datamart and Curated Table :: ACTIVE
Column Name found in Datamart and Curated Table :: APPLIEDON
Column Name found in Datamart and Curated Table :: AUTHORIZATIONSIGNATURE
Column Name found in Datamart and Curated Table :: CHECKNUMBER
Column Name found in Datamart and Curated Table :: DEFERREDINTEREST
Column Name found in Datamart and Curated Table :: REFUNDEDAMOUNT
Column Name found in Datamart and Curated Table :: SETTLEMENTSTATUS
Column Name found in Datamart and Curated Table :: MODIFIEDON
Column Name found in Datamart and Curated Table :: AGREEMENTLANGUAGE
Column Name found in Datamart and Curated Table :: CREDITAVAILABLE
Column Name found in Datamart and Curated Table :: IMPORTID
Column Name found in Datamart and Curated Table :: MEMO
Column Name found in Datamart and Curated Table :: PAIDON
Datamart tables contains additional column name like [ACTIVE_FLAG, RECORD_CREATE_DATE, RECORD_UPDATE_DATE, RECORD_UPDATE_DATE, MASTER_ID, TENANT_TYPE]
Curated tables contains additional column name like [RECORD_CREATE_DATE, RECORD_UPDATE_DATE, RECORD_UPDATED_BY, TENANT_TYPE]]]>
  </system-out>
  <testcase classname="testcases.RAW_DATAMART_CURATED.SnowFlake_ColumnValidation_BKPTables" name="validateColumnName_BKP" time="2.464"/>
  <system-out>
    <![CDATA[Executing Snowflake query :: SELECT COLUMN_NAME FROM DEV_ENT_RAW.INFORMATION_SCHEMA.COLUMNS WHERE TABLE_NAME='SKUASSET'and TABLE_SCHEMA='ST_HDAIR_MATILLION'
Executing Snowflake query :: SELECT COLUMN_NAME FROM CURATED_DATAMART.INFORMATION_SCHEMA.COLUMNS WHERE TABLE_NAME='STR_SKUASSET'and TABLE_SCHEMA='ST_BKP_HDAIR'
Executing Snowflake query :: SELECT COLUMN_NAME FROM DEV_ENT_CURATED.INFORMATION_SCHEMA.COLUMNS WHERE TABLE_NAME='DIM_SKUASSET'and TABLE_SCHEMA='MASTER_DIMENSIONS'
Column names for RAW Table --> SKUASSET :: [CREATEDBY_ID, CREATEDON, ORIGINALNAME, ID, EXTERNALURL, IMPORTID, ACTIVE, ALIAS, METADATA, OWNER_ID, URL, TYPE, ISEXTERNAL]
Column names for DataMart Table --> STR_SKUASSET :: [CREATEDON, IMPORTID, ISEXTERNAL, TENANT_TYPE, TYPE, ACTIVE, ALIAS, METADATA, OWNER_ID, ACTIVE_FLAG, EXTERNALURL, URL, CREATEDBY_ID, ORIGINALNAME, MASTER_ID, RECORD_CREATE_DATE, RECORD_UPDATE_DATE, ID]
Column names for Curated Table --> DIM_SKUASSET :: [EXTERNALURL, ORIGINALNAME, TENANT_TYPE, RECORD_UPDATE_DATE, ID, ISEXTERNAL, RECORD_CREATE_DATE, ALIAS, CREATEDON, RECORD_UPDATED_BY, TYPE, ACTIVE, CREATEDBY_ID, OWNER_ID, METADATA, URL, IMPORTID]
Column Name found in Datamart and Curated Table :: CREATEDBY_ID
Column Name found in Datamart and Curated Table :: CREATEDON
Column Name found in Datamart and Curated Table :: ORIGINALNAME
Column Name found in Datamart and Curated Table :: ID
Column Name found in Datamart and Curated Table :: EXTERNALURL
Column Name found in Datamart and Curated Table :: IMPORTID
Column Name found in Datamart and Curated Table :: ACTIVE
Column Name found in Datamart and Curated Table :: ALIAS
Column Name found in Datamart and Curated Table :: METADATA
Column Name found in Datamart and Curated Table :: OWNER_ID
Column Name found in Datamart and Curated Table :: URL
Column Name found in Datamart and Curated Table :: TYPE
Column Name found in Datamart and Curated Table :: ISEXTERNAL
Datamart tables contains additional column name like [ACTIVE_FLAG, RECORD_CREATE_DATE, RECORD_UPDATE_DATE, RECORD_UPDATE_DATE, MASTER_ID, TENANT_TYPE]
Curated tables contains additional column name like [RECORD_CREATE_DATE, RECORD_UPDATE_DATE, RECORD_UPDATED_BY, TENANT_TYPE]]]>
  </system-out>
  <testcase classname="testcases.RAW_DATAMART_CURATED.SnowFlake_ColumnValidation_BKPTables" name="validateColumnName_BKP" time="2.549"/>
  <system-out>
    <![CDATA[Executing Snowflake query :: SELECT COLUMN_NAME FROM DEV_ENT_RAW.INFORMATION_SCHEMA.COLUMNS WHERE TABLE_NAME='LEAD'and TABLE_SCHEMA='ST_EANESHEATING_MATILLION'
Executing Snowflake query :: SELECT COLUMN_NAME FROM CURATED_DATAMART.INFORMATION_SCHEMA.COLUMNS WHERE TABLE_NAME='STR_LEAD'and TABLE_SCHEMA='ST_BKP_EANESHEATING'
Executing Snowflake query :: SELECT COLUMN_NAME FROM DEV_ENT_CURATED.INFORMATION_SCHEMA.COLUMNS WHERE TABLE_NAME='DIM_LEAD'and TABLE_SCHEMA='MASTER_DIMENSIONS'
Column names for RAW Table --> LEAD :: [BUSINESSUNIT_ID, MODIFIEDON, IMPORTID, CREATEDBY_ID, CREATEDON, ID, JOBTYPE_ID, LATESTFOLLOWUPDATE, LOCATION_ID, PRIORITY, PROJECT_ID, ACTIVE, CUSTOMER_ID, ESTIMATE_ID, STATUS, SUMMARY, CAMPAIGN_ID]
Column names for DataMart Table --> STR_LEAD :: [STATUS, CREATEDBY_ID, ESTIMATE_ID, LOCATION_ID, PROJECT_ID, CREATEDON, LATESTFOLLOWUPDATE, MASTER_ID, MD5_VALUE, IMPORTID, ID, TENANT_TYPE, BUSINESSUNIT_ID, CAMPAIGN_ID, MODIFIEDON, ACTIVE_FLAG, JOBTYPE_ID, RECORD_UPDATE_DATE, SUMMARY, ACTIVE, CUSTOMER_ID, RECORD_CREATE_DATE, PRIORITY]
Column names for Curated Table --> DIM_LEAD :: [PRIORITY, ESTIMATE_ID, MD5_VALUE, MODIFIEDON, TENANT_TYPE, RECORD_UPDATED_BY, CUSTOMER_ID, PROJECT_ID, RECORD_CREATE_DATE, IMPORTID, STATUS, ACTIVE, BUSINESSUNIT_ID, CAMPAIGN_ID, CREATEDON, JOBTYPE_ID, LOCATION_ID, RECORD_UPDATE_DATE, CREATEDBY_ID, ID, LATESTFOLLOWUPDATE, SUMMARY]
Column Name found in Datamart and Curated Table :: BUSINESSUNIT_ID
Column Name found in Datamart and Curated Table :: MODIFIEDON
Column Name found in Datamart and Curated Table :: IMPORTID
Column Name found in Datamart and Curated Table :: CREATEDBY_ID
Column Name found in Datamart and Curated Table :: CREATEDON
Column Name found in Datamart and Curated Table :: ID
Column Name found in Datamart and Curated Table :: JOBTYPE_ID
Column Name found in Datamart and Curated Table :: LATESTFOLLOWUPDATE
Column Name found in Datamart and Curated Table :: LOCATION_ID
Column Name found in Datamart and Curated Table :: PRIORITY
Column Name found in Datamart and Curated Table :: PROJECT_ID
Column Name found in Datamart and Curated Table :: ACTIVE
Column Name found in Datamart and Curated Table :: CUSTOMER_ID
Column Name found in Datamart and Curated Table :: ESTIMATE_ID
Column Name found in Datamart and Curated Table :: STATUS
Column Name found in Datamart and Curated Table :: SUMMARY
Column Name found in Datamart and Curated Table :: CAMPAIGN_ID
Datamart tables contains additional column name like [ACTIVE_FLAG, RECORD_CREATE_DATE, RECORD_UPDATE_DATE, RECORD_UPDATE_DATE, MASTER_ID, TENANT_TYPE]
Curated tables contains additional column name like [RECORD_CREATE_DATE, RECORD_UPDATE_DATE, RECORD_UPDATED_BY, TENANT_TYPE]]]>
  </system-out>
  <testcase classname="testcases.RAW_DATAMART_CURATED.SnowFlake_ColumnValidation_BKPTables" name="validateColumnName_BKP" time="2.467"/>
  <system-out>
    <![CDATA[Executing Snowflake query :: SELECT COLUMN_NAME FROM DEV_ENT_RAW.INFORMATION_SCHEMA.COLUMNS WHERE TABLE_NAME='CUSTOMERMEMBERSHIP'and TABLE_SCHEMA='ST_HORIZONSERVICES_MATILLION'
Executing Snowflake query :: SELECT COLUMN_NAME FROM CURATED_DATAMART.INFORMATION_SCHEMA.COLUMNS WHERE TABLE_NAME='STR_CUSTOMERMEMBERSHIP'and TABLE_SCHEMA='ST_BKP_HORIZONSERVICES'
Executing Snowflake query :: SELECT COLUMN_NAME FROM DEV_ENT_CURATED.INFORMATION_SCHEMA.COLUMNS WHERE TABLE_NAME='DIM_CUSTOMERMEMBERSHIP'and TABLE_SCHEMA='MASTER_DIMENSIONS'
Column names for RAW Table --> CUSTOMERMEMBERSHIP :: [ACTIVATEDBY_ID, ACTIVE, CANCELATIONINVOICE_ID, EXPIREDAT, IMPORTID, MEMO, RENEWALMEMBERSHIPTASKREFERENCE_SKUID, RENEWEDBY_ID, ACTIVATEDFROM_ID, BILLINGTEMPLATE_ID, FOLLOWUPON, FOLLOWUPSTATUS, RENEWALMEMBERSHIPTASK_ID, BILLINGEMAIL_ID, BUSINESSUNIT_ID, CUSTOMERPO, DURATION, SOLDBY_ID, RENEWALDURATION, ID, BILLINGCOVERAGEPERIOD, BILLINGFREQUENCY, BILLINGPREFERENCE, FIRSTSCHEDULEDBILLDATE, PAYMENTMETHOD_ID, FOLLOWUPCUSTOMSTATUS_ID, NEXTSCHEDULEDBILLDATE, CREATEDBY_ID, INVOICETEMPLATE_ID, CANCELLATIONDATE, RENEWALMEMBERSHIPTASKREFERENCE_SKUTYPE, TYPE_ID, RENEWALBILLINGFREQUENCY, STATUS, TO, RECURRINGLOCATION_ID, PAYMENTTYPE_ID, CANCELATIONBALANCEINVOICE_ID, CREATEDON, CUSTOMER_ID, FROM, LOCATION_ID, PREVIOUSRECURRINGLOCATION_ID, CANCELATIONBUYOUTINVOICE_ID, INITIALDEFERREDREVENUE, MODIFIEDON]
Column names for DataMart Table --> STR_CUSTOMERMEMBERSHIP :: [ACTIVATEDBY_ID, CANCELLATIONDATE, MEMO, PAYMENTMETHOD_ID, RENEWALBILLINGFREQUENCY, ACTIVE_FLAG, RECORD_UPDATE_DATE, SOLDBY_ID, BILLINGFREQUENCY, BILLINGPREFERENCE, BILLINGTEMPLATE_ID, CANCELATIONBUYOUTINVOICE_ID, FIRSTSCHEDULEDBILLDATE, FOLLOWUPCUSTOMSTATUS_ID, FOLLOWUPON, ID, RECORD_CREATE_DATE, MASTER_ID, BILLINGCOVERAGEPERIOD, RENEWALMEMBERSHIPTASKREFERENCE_SKUID, CUSTOMERPO, PREVIOUSRECURRINGLOCATION_ID, RENEWALMEMBERSHIPTASKREFERENCE_SKUTYPE, ACTIVATEDFROM_ID, BILLINGEMAIL_ID, DURATION, INVOICETEMPLATE_ID, STATUS, RECURRINGLOCATION_ID, IMPORTID, ACTIVE, NEXTSCHEDULEDBILLDATE, RENEWALMEMBERSHIPTASK_ID, RENEWEDBY_ID, CREATEDON, BUSINESSUNIT_ID, CANCELATIONBALANCEINVOICE_ID, FROM, PAYMENTTYPE_ID, TENANT_TYPE, INITIALDEFERREDREVENUE, CANCELATIONINVOICE_ID, FOLLOWUPSTATUS, LOCATION_ID, RENEWALDURATION, CREATEDBY_ID, CUSTOMER_ID, EXPIREDAT, MODIFIEDON, TO, TYPE_ID]
Column names for Curated Table --> DIM_CUSTOMERMEMBERSHIP :: [BILLINGFREQUENCY, CREATEDBY_ID, MODIFIEDON, PAYMENTTYPE_ID, RECURRINGLOCATION_ID, ACTIVE, BILLINGEMAIL_ID, FIRSTSCHEDULEDBILLDATE, RENEWALMEMBERSHIPTASKREFERENCE_SKUTYPE, TENANT_TYPE, ACTIVATEDBY_ID, BUSINESSUNIT_ID, CREATEDON, ID, INITIALDEFERREDREVENUE, CUSTOMERPO, FOLLOWUPSTATUS, RENEWALDURATION, RECORD_UPDATED_BY, BILLINGTEMPLATE_ID, FOLLOWUPCUSTOMSTATUS_ID, PAYMENTMETHOD_ID, RECORD_UPDATE_DATE, SOLDBY_ID, TYPE_ID, RENEWALMEMBERSHIPTASK_ID, BILLINGPREFERENCE, EXPIREDAT, NEXTSCHEDULEDBILLDATE, ACTIVATEDFROM_ID, CANCELATIONBALANCEINVOICE_ID, FROM, RECORD_CREATE_DATE, RENEWALMEMBERSHIPTASKREFERENCE_SKUID, TO, FOLLOWUPON, BILLINGCOVERAGEPERIOD, CUSTOMER_ID, DURATION, IMPORTID, RENEWALBILLINGFREQUENCY, STATUS, MEMO, CANCELATIONINVOICE_ID, CANCELLATIONDATE, PREVIOUSRECURRINGLOCATION_ID, CANCELATIONBUYOUTINVOICE_ID, INVOICETEMPLATE_ID, LOCATION_ID, RENEWEDBY_ID]
Column Name found in Datamart and Curated Table :: ACTIVATEDBY_ID
Column Name found in Datamart and Curated Table :: ACTIVE
Column Name found in Datamart and Curated Table :: CANCELATIONINVOICE_ID
Column Name found in Datamart and Curated Table :: EXPIREDAT
Column Name found in Datamart and Curated Table :: IMPORTID
Column Name found in Datamart and Curated Table :: MEMO
Column Name found in Datamart and Curated Table :: RENEWALMEMBERSHIPTASKREFERENCE_SKUID
Column Name found in Datamart and Curated Table :: RENEWEDBY_ID
Column Name found in Datamart and Curated Table :: ACTIVATEDFROM_ID
Column Name found in Datamart and Curated Table :: BILLINGTEMPLATE_ID
Column Name found in Datamart and Curated Table :: FOLLOWUPON
Column Name found in Datamart and Curated Table :: FOLLOWUPSTATUS
Column Name found in Datamart and Curated Table :: RENEWALMEMBERSHIPTASK_ID
Column Name found in Datamart and Curated Table :: BILLINGEMAIL_ID
Column Name found in Datamart and Curated Table :: BUSINESSUNIT_ID
Column Name found in Datamart and Curated Table :: CUSTOMERPO
Column Name found in Datamart and Curated Table :: DURATION
Column Name found in Datamart and Curated Table :: SOLDBY_ID
Column Name found in Datamart and Curated Table :: RENEWALDURATION
Column Name found in Datamart and Curated Table :: ID
Column Name found in Datamart and Curated Table :: BILLINGCOVERAGEPERIOD
Column Name found in Datamart and Curated Table :: BILLINGFREQUENCY
Column Name found in Datamart and Curated Table :: BILLINGPREFERENCE
Column Name found in Datamart and Curated Table :: FIRSTSCHEDULEDBILLDATE
Column Name found in Datamart and Curated Table :: PAYMENTMETHOD_ID
Column Name found in Datamart and Curated Table :: FOLLOWUPCUSTOMSTATUS_ID
Column Name found in Datamart and Curated Table :: NEXTSCHEDULEDBILLDATE
Column Name found in Datamart and Curated Table :: CREATEDBY_ID
Column Name found in Datamart and Curated Table :: INVOICETEMPLATE_ID
Column Name found in Datamart and Curated Table :: CANCELLATIONDATE
Column Name found in Datamart and Curated Table :: RENEWALMEMBERSHIPTASKREFERENCE_SKUTYPE
Column Name found in Datamart and Curated Table :: TYPE_ID
Column Name found in Datamart and Curated Table :: RENEWALBILLINGFREQUENCY
Column Name found in Datamart and Curated Table :: STATUS
Column Name found in Datamart and Curated Table :: TO
Column Name found in Datamart and Curated Table :: RECURRINGLOCATION_ID
Column Name found in Datamart and Curated Table :: PAYMENTTYPE_ID
Column Name found in Datamart and Curated Table :: CANCELATIONBALANCEINVOICE_ID
Column Name found in Datamart and Curated Table :: CREATEDON
Column Name found in Datamart and Curated Table :: CUSTOMER_ID
Column Name found in Datamart and Curated Table :: FROM
Column Name found in Datamart and Curated Table :: LOCATION_ID
Column Name found in Datamart and Curated Table :: PREVIOUSRECURRINGLOCATION_ID
Column Name found in Datamart and Curated Table :: CANCELATIONBUYOUTINVOICE_ID
Column Name found in Datamart and Curated Table :: INITIALDEFERREDREVENUE
Column Name found in Datamart and Curated Table :: MODIFIEDON
Datamart tables contains additional column name like [ACTIVE_FLAG, RECORD_CREATE_DATE, RECORD_UPDATE_DATE, RECORD_UPDATE_DATE, MASTER_ID, TENANT_TYPE]
Curated tables contains additional column name like [RECORD_CREATE_DATE, RECORD_UPDATE_DATE, RECORD_UPDATED_BY, TENANT_TYPE]]]>
  </system-out>
  <testcase classname="testcases.RAW_DATAMART_CURATED.SnowFlake_ColumnValidation_BKPTables" name="validateColumnName_BKP" time="2.192"/>
  <system-out>
    <![CDATA[Executing Snowflake query :: SELECT COLUMN_NAME FROM DEV_ENT_RAW.INFORMATION_SCHEMA.COLUMNS WHERE TABLE_NAME='MATERIAL'and TABLE_SCHEMA='ST_HARP_MATILLION'
Executing Snowflake query :: SELECT COLUMN_NAME FROM CURATED_DATAMART.INFORMATION_SCHEMA.COLUMNS WHERE TABLE_NAME='STR_MATERIAL'and TABLE_SCHEMA='ST_BKP_HARP'
Executing Snowflake query :: SELECT COLUMN_NAME FROM DEV_ENT_CURATED.INFORMATION_SCHEMA.COLUMNS WHERE TABLE_NAME='DIM_MATERIAL'and TABLE_SCHEMA='MASTER_DIMENSIONS'
Column names for RAW Table --> MATERIAL :: [ACCOUNT, AVALARARESIDENTIALTAXCODE, BONUS, CATEGORY_ID, CREATEDBY_ID, CROSSSALEGROUP, IMAGES, LOYALTYPROGRAMELIGIBLE, NOTAX, SOURCEVERSION, ASSETACCOUNT_ID, AUTOGLASSTYPE, AVALARACOMMERCIALTAXCODE, COSTOFSALEACCOUNT_ID, PURCHASEORDERLIMITS_FLATAMOUNT, SOURCE, COST, MODIFIEDON, ADDONPRICE, ARCHIVED, CREATEDON, NAME, INVENTORYENABLEDON, COPIEDFROM_ID, ORIGINAL_ID, PAYSCOMMISSION, DEDUCTASJOBCOST, IMPORTID, ISINVENTORY, DESCRIPTION, DISPLAYNAME, ID, MEMBERPRICE, PRICE, PRIMARYVENDOR_ID, PROVIDER_ID, ADDONMEMBERPRICE, SCHEDULEDFLATAMOUNT, ACTIVE, BUSINESSUNIT_ID, PURCHASEORDERLIMITS_REVENUEPERCENT, ADDONFLATAMOUNT, DISPLAYINAMOUNT, GENERALLEDGERACCOUNT_ID, HOURS, SUPPLIERIMAGES, TAXABLE, EXCLUDEFROMPRICEBOOKWIZARD, INVENTORYENABLEDBY_ID, PAYTECHSPECIFICBONUS, SERIALIZEDON, SOLDBYCOMMISSION, SYNCDATE, COMMISSIONBONUS, PAYSFLATAMOUNT, UNITOFMEASURE, USEFIXEDMATERIALPRICE, EXTERNALID, ISSERIALIZED, PAYSSOLDBYRATE]
Column names for DataMart Table --> STR_MATERIAL :: [ARCHIVED, AUTOGLASSTYPE, CREATEDON, MASTER_ID, MEMBERPRICE, PAYSCOMMISSION, ISINVENTORY, ACTIVE, CATEGORY_ID, GENERALLEDGERACCOUNT_ID, PROVIDER_ID, SOLDBYCOMMISSION, SYNCDATE, ACTIVE_FLAG, RECORD_UPDATE_DATE, AVALARARESIDENTIALTAXCODE, DESCRIPTION, SOURCE, DISPLAYNAME, EXCLUDEFROMPRICEBOOKWIZARD, INVENTORYENABLEDBY_ID, PAYSSOLDBYRATE, PRIMARYVENDOR_ID, EXTERNALID, ACCOUNT, ASSETACCOUNT_ID, AVALARACOMMERCIALTAXCODE, BONUS, CROSSSALEGROUP, DISPLAYINAMOUNT, IMPORTID, PAYTECHSPECIFICBONUS, PURCHASEORDERLIMITS_REVENUEPERCENT, RECORD_CREATE_DATE, ADDONFLATAMOUNT, ORIGINAL_ID, SUPPLIERIMAGES, HOURS, COST, CREATEDBY_ID, PAYSFLATAMOUNT, LOYALTYPROGRAMELIGIBLE, MODIFIEDON, SCHEDULEDFLATAMOUNT, SOURCEVERSION, ADDONMEMBERPRICE, ADDONPRICE, BUSINESSUNIT_ID, DEDUCTASJOBCOST, ID, IMAGES, ISSERIALIZED, NAME, NOTAX, PRICE, TAXABLE, UNITOFMEASURE, INVENTORYENABLEDON, PURCHASEORDERLIMITS_FLATAMOUNT, TENANT_TYPE, COMMISSIONBONUS, COPIEDFROM_ID, COSTOFSALEACCOUNT_ID, SERIALIZEDON, USEFIXEDMATERIALPRICE]
Column names for Curated Table --> DIM_MATERIAL :: [BUSINESSUNIT_ID, DEDUCTASJOBCOST, HOURS, MEMBERPRICE, MODIFIEDON, SCHEDULEDFLATAMOUNT, ARCHIVED, BONUS, COST, EXCLUDEFROMPRICEBOOKWIZARD, INVENTORYENABLEDON, SOURCE, ID, RECORD_UPDATED_BY, RECORD_UPDATE_DATE, ADDONPRICE, ASSETACCOUNT_ID, AVALARARESIDENTIALTAXCODE, DESCRIPTION, IMPORTID, ISSERIALIZED, PAYSSOLDBYRATE, ISINVENTORY, NOTAX, CREATEDBY_ID, PRIMARYVENDOR_ID, SERIALIZEDON, GENERALLEDGERACCOUNT_ID, RECORD_CREATE_DATE, CROSSSALEGROUP, SOLDBYCOMMISSION, ACTIVE, CATEGORY_ID, EXTERNALID, NAME, USEFIXEDMATERIALPRICE, INVENTORYENABLEDBY_ID, PAYTECHSPECIFICBONUS, PROVIDER_ID, PURCHASEORDERLIMITS_REVENUEPERCENT, SUPPLIERIMAGES, ACCOUNT, ADDONFLATAMOUNT, COMMISSIONBONUS, CREATEDON, PAYSCOMMISSION, DISPLAYINAMOUNT, SOURCEVERSION, COSTOFSALEACCOUNT_ID, DISPLAYNAME, IMAGES, ORIGINAL_ID, TAXABLE, COPIEDFROM_ID, UNITOFMEASURE, ADDONMEMBERPRICE, AUTOGLASSTYPE, AVALARACOMMERCIALTAXCODE, LOYALTYPROGRAMELIGIBLE, PRICE, PURCHASEORDERLIMITS_FLATAMOUNT, SYNCDATE, TENANT_TYPE, PAYSFLATAMOUNT]
Column Name found in Datamart and Curated Table :: ACCOUNT
Column Name found in Datamart and Curated Table :: AVALARARESIDENTIALTAXCODE
Column Name found in Datamart and Curated Table :: BONUS
Column Name found in Datamart and Curated Table :: CATEGORY_ID
Column Name found in Datamart and Curated Table :: CREATEDBY_ID
Column Name found in Datamart and Curated Table :: CROSSSALEGROUP
Column Name found in Datamart and Curated Table :: IMAGES
Column Name found in Datamart and Curated Table :: LOYALTYPROGRAMELIGIBLE
Column Name found in Datamart and Curated Table :: NOTAX
Column Name found in Datamart and Curated Table :: SOURCEVERSION
Column Name found in Datamart and Curated Table :: ASSETACCOUNT_ID
Column Name found in Datamart and Curated Table :: AUTOGLASSTYPE
Column Name found in Datamart and Curated Table :: AVALARACOMMERCIALTAXCODE
Column Name found in Datamart and Curated Table :: COSTOFSALEACCOUNT_ID
Column Name found in Datamart and Curated Table :: PURCHASEORDERLIMITS_FLATAMOUNT
Column Name found in Datamart and Curated Table :: SOURCE
Column Name found in Datamart and Curated Table :: COST
Column Name found in Datamart and Curated Table :: MODIFIEDON
Column Name found in Datamart and Curated Table :: ADDONPRICE
Column Name found in Datamart and Curated Table :: ARCHIVED
Column Name found in Datamart and Curated Table :: CREATEDON
Column Name found in Datamart and Curated Table :: NAME
Column Name found in Datamart and Curated Table :: INVENTORYENABLEDON
Column Name found in Datamart and Curated Table :: COPIEDFROM_ID
Column Name found in Datamart and Curated Table :: ORIGINAL_ID
Column Name found in Datamart and Curated Table :: PAYSCOMMISSION
Column Name found in Datamart and Curated Table :: DEDUCTASJOBCOST
Column Name found in Datamart and Curated Table :: IMPORTID
Column Name found in Datamart and Curated Table :: ISINVENTORY
Column Name found in Datamart and Curated Table :: DESCRIPTION
Column Name found in Datamart and Curated Table :: DISPLAYNAME
Column Name found in Datamart and Curated Table :: ID
Column Name found in Datamart and Curated Table :: MEMBERPRICE
Column Name found in Datamart and Curated Table :: PRICE
Column Name found in Datamart and Curated Table :: PRIMARYVENDOR_ID
Column Name found in Datamart and Curated Table :: PROVIDER_ID
Column Name found in Datamart and Curated Table :: ADDONMEMBERPRICE
Column Name found in Datamart and Curated Table :: SCHEDULEDFLATAMOUNT
Column Name found in Datamart and Curated Table :: ACTIVE
Column Name found in Datamart and Curated Table :: BUSINESSUNIT_ID
Column Name found in Datamart and Curated Table :: PURCHASEORDERLIMITS_REVENUEPERCENT
Column Name found in Datamart and Curated Table :: ADDONFLATAMOUNT
Column Name found in Datamart and Curated Table :: DISPLAYINAMOUNT
Column Name found in Datamart and Curated Table :: GENERALLEDGERACCOUNT_ID
Column Name found in Datamart and Curated Table :: HOURS
Column Name found in Datamart and Curated Table :: SUPPLIERIMAGES
Column Name found in Datamart and Curated Table :: TAXABLE
Column Name found in Datamart and Curated Table :: EXCLUDEFROMPRICEBOOKWIZARD
Column Name found in Datamart and Curated Table :: INVENTORYENABLEDBY_ID
Column Name found in Datamart and Curated Table :: PAYTECHSPECIFICBONUS
Column Name found in Datamart and Curated Table :: SERIALIZEDON
Column Name found in Datamart and Curated Table :: SOLDBYCOMMISSION
Column Name found in Datamart and Curated Table :: SYNCDATE
Column Name found in Datamart and Curated Table :: COMMISSIONBONUS
Column Name found in Datamart and Curated Table :: PAYSFLATAMOUNT
Column Name found in Datamart and Curated Table :: UNITOFMEASURE
Column Name found in Datamart and Curated Table :: USEFIXEDMATERIALPRICE
Column Name found in Datamart and Curated Table :: EXTERNALID
Column Name found in Datamart and Curated Table :: ISSERIALIZED
Column Name found in Datamart and Curated Table :: PAYSSOLDBYRATE
Datamart tables contains additional column name like [ACTIVE_FLAG, RECORD_CREATE_DATE, RECORD_UPDATE_DATE, RECORD_UPDATE_DATE, MASTER_ID, TENANT_TYPE]
Curated tables contains additional column name like [RECORD_CREATE_DATE, RECORD_UPDATE_DATE, RECORD_UPDATED_BY, TENANT_TYPE]]]>
  </system-out>
  <testcase classname="testcases.RAW_DATAMART_CURATED.SnowFlake_ColumnValidation_BKPTables" name="validateColumnName_BKP" time="2.356"/>
  <system-out>
    <![CDATA[Executing Snowflake query :: SELECT COLUMN_NAME FROM DEV_ENT_RAW.INFORMATION_SCHEMA.COLUMNS WHERE TABLE_NAME='PAYMENTSPLIT'and TABLE_SCHEMA='ST_HUTCHINSON_MATILLION'
Executing Snowflake query :: SELECT COLUMN_NAME FROM CURATED_DATAMART.INFORMATION_SCHEMA.COLUMNS WHERE TABLE_NAME='STR_PAYMENTSPLIT'and TABLE_SCHEMA='ST_BKP_HUTCHINSON'
Executing Snowflake query :: SELECT COLUMN_NAME FROM DEV_ENT_CURATED.INFORMATION_SCHEMA.COLUMNS WHERE TABLE_NAME='DIM_PAYMENTSPLIT'and TABLE_SCHEMA='MASTER_DIMENSIONS'
Column names for RAW Table --> PAYMENTSPLIT :: [ACTIVE, PAYSELLERCOMMISSION, CREATEDON, ID, PAYMENT_ID, IMPORTID, INVOICE_ID, AMOUNT, CREATEDBY_ID, MODIFIEDON]
Column names for DataMart Table --> STR_PAYMENTSPLIT :: [MODIFIEDON, CREATEDBY_ID, TENANT_TYPE, ACTIVE, ACTIVE_FLAG, AMOUNT, ID, RECORD_CREATE_DATE, PAYMENT_ID, INVOICE_ID, MASTER_ID, PAYSELLERCOMMISSION, CREATEDON, IMPORTID, RECORD_UPDATE_DATE]
Column names for Curated Table --> DIM_PAYMENTSPLIT :: [IMPORTID, PAYSELLERCOMMISSION, CREATEDON, PAYMENT_ID, TENANT_TYPE, MODIFIEDON, AMOUNT, CREATEDBY_ID, INVOICE_ID, ID, RECORD_UPDATED_BY, RECORD_UPDATE_DATE, ACTIVE, RECORD_CREATE_DATE]
Column Name found in Datamart and Curated Table :: ACTIVE
Column Name found in Datamart and Curated Table :: PAYSELLERCOMMISSION
Column Name found in Datamart and Curated Table :: CREATEDON
Column Name found in Datamart and Curated Table :: ID
Column Name found in Datamart and Curated Table :: PAYMENT_ID
Column Name found in Datamart and Curated Table :: IMPORTID
Column Name found in Datamart and Curated Table :: INVOICE_ID
Column Name found in Datamart and Curated Table :: AMOUNT
Column Name found in Datamart and Curated Table :: CREATEDBY_ID
Column Name found in Datamart and Curated Table :: MODIFIEDON
Datamart tables contains additional column name like [ACTIVE_FLAG, RECORD_CREATE_DATE, RECORD_UPDATE_DATE, RECORD_UPDATE_DATE, MASTER_ID, TENANT_TYPE]
Curated tables contains additional column name like [RECORD_CREATE_DATE, RECORD_UPDATE_DATE, RECORD_UPDATED_BY, TENANT_TYPE]]]>
  </system-out>
  <testcase classname="testcases.RAW_DATAMART_CURATED.SnowFlake_ColumnValidation_BKPTables" name="validateColumnName_BKP" time="3.374"/>
  <system-out>
    <![CDATA[Executing Snowflake query :: SELECT COLUMN_NAME FROM DEV_ENT_RAW.INFORMATION_SCHEMA.COLUMNS WHERE TABLE_NAME='JOB'and TABLE_SCHEMA='ST_BILLFENWICK_MATILLION'
Executing Snowflake query :: SELECT COLUMN_NAME FROM CURATED_DATAMART.INFORMATION_SCHEMA.COLUMNS WHERE TABLE_NAME='STR_JOB'and TABLE_SCHEMA='ST_BKP_BILLFENWICK'
Executing Snowflake query :: SELECT COLUMN_NAME FROM DEV_ENT_CURATED.INFORMATION_SCHEMA.COLUMNS WHERE TABLE_NAME='DIM_JOB'and TABLE_SCHEMA='MASTER_DIMENSIONS'
Column names for RAW Table --> JOB :: [CREATEDON, GENERATEDFROM_ID, LEADGENERATED_ID, OPPORTUNITY_ID, PRIORITY, DRIVINGCOST, ISTECHNICIANSPECIFIC, LEAD_ID, PREVAILINGWAGEJOBNUMBER, TOTAL, IMPORTID, ALLOTTEDTIME, BUSINESSUNIT_ID, CREATEDFROMESTIMATESTATUSWHENBOOKING, LASTCHANGEDBYSMARTDISPATCH, DRIVETIME, ISCONFIRMED, COMPLETEDON, COMPLETIONSURVEYID, CUSTOMER_ID, EXTERNALID, LOCATION_ID, CAMPAIGN_ID, CUSTOMERPO, PMDATE, APPROXIMATESTARTDATE, DURATION, END, MANAGEFOLLOWUPEMAIL, MONTHNUMBER, SOLDBY_ID, TYPE_ID, ISAUTODISPATCHED, ACTIVE, GENERATEDBY_ID, ID, INVOICE_ID, PROJECTEDVALUE, RECALLFOR_ID, SUMMARY, CREATEDFROMESTIMATE_ID, FIRSTAPPOINTMENT_ID, MEMBERSHIP_ID, MODIFIEDON, NOCHARGESOURCE, PLANSTART, STATUS, WARRANTYFOR_ID, LATEPENALTY, APPROXIMATEENDDATE, CALLSCRIPTANSWERRECORD_ID, NOTIFICATIONSENABLED, PREDICTEDTOTAL, LASTAPPOINTMENT_ID, MANAGEEMPLOYEEEMAIL, PREVAILINGWAGECODE_ID, REASSIGNMENTPENALTY, CREATEDBY_ID, ESTIMATEDCOST, ISPREVAILINGWAGE, OPPORTUNITYDATE, PLANEND, PREDICTEDSALES, UNION, NOCHARGE, PROJECT_ID, SMARTDISPATCHDATA_JOB, SECONDARYJOBNUMBER, START, NUMBER]
Column names for DataMart Table --> STR_JOB :: [CAMPAIGN_ID, COMPLETEDON, FIRSTAPPOINTMENT_ID, GENERATEDFROM_ID, LEAD_ID, MASTER_ID, OPPORTUNITYDATE, PROJECT_ID, PREDICTEDSALES, STATUS, CREATEDON, ACTIVE_FLAG, ALLOTTEDTIME, COMPLETIONSURVEYID, CUSTOMER_ID, DRIVINGCOST, END, ISCONFIRMED, LATEPENALTY, NUMBER, CALLSCRIPTANSWERRECORD_ID, ESTIMATEDCOST, LEADGENERATED_ID, MEMBERSHIP_ID, BUSINESSUNIT_ID, START, APPROXIMATESTARTDATE, DRIVETIME, DURATION, GENERATEDBY_ID, ISPREVAILINGWAGE, MODIFIEDON, RECALLFOR_ID, PREVAILINGWAGECODE_ID, CREATEDFROMESTIMATE_ID, INVOICE_ID, MANAGEFOLLOWUPEMAIL, MANAGEEMPLOYEEEMAIL, NOCHARGESOURCE, REASSIGNMENTPENALTY, RECORD_UPDATE_DATE, TYPE_ID, NOCHARGE, PLANEND, SMARTDISPATCHDATA_JOB, ID, IMPORTID, NOTIFICATIONSENABLED, PRIORITY, LASTAPPOINTMENT_ID, PREDICTEDTOTAL, OPPORTUNITY_ID, ACTIVE, PREVAILINGWAGEJOBNUMBER, WARRANTYFOR_ID, CREATEDBY_ID, LASTCHANGEDBYSMARTDISPATCH, PMDATE, SUMMARY, PLANSTART, ISAUTODISPATCHED, RECORD_CREATE_DATE, APPROXIMATEENDDATE, ISTECHNICIANSPECIFIC, SOLDBY_ID, TENANT_TYPE, EXTERNALID, CREATEDFROMESTIMATESTATUSWHENBOOKING, CUSTOMERPO, SECONDARYJOBNUMBER, TOTAL, LOCATION_ID, MONTHNUMBER, PROJECTEDVALUE, UNION]
Column names for Curated Table --> DIM_JOB :: [LASTCHANGEDBYSMARTDISPATCH, PROJECTEDVALUE, TYPE_ID, EXTERNALID, NOCHARGESOURCE, PMDATE, RECALLFOR_ID, START, ACTIVE, ISAUTODISPATCHED, MONTHNUMBER, PRIORITY, CREATEDON, OPPORTUNITYDATE, PREVAILINGWAGEJOBNUMBER, RECORD_CREATE_DATE, CREATEDBY_ID, LASTAPPOINTMENT_ID, MANAGEEMPLOYEEEMAIL, TOTAL, APPROXIMATESTARTDATE, GENERATEDBY_ID, MANAGEFOLLOWUPEMAIL, RECORD_UPDATED_BY, WARRANTYFOR_ID, UNION, CREATEDFROMESTIMATE_ID, REASSIGNMENTPENALTY, PREDICTEDSALES, LATEPENALTY, DURATION, DRIVETIME, STATUS, SUMMARY, IMPORTID, NOTIFICATIONSENABLED, RECORD_UPDATE_DATE, ALLOTTEDTIME, COMPLETEDON, CUSTOMERPO, GENERATEDFROM_ID, ISTECHNICIANSPECIFIC, LOCATION_ID, PLANEND, MODIFIEDON, PREVAILINGWAGECODE_ID, SECONDARYJOBNUMBER, END, OPPORTUNITY_ID, APPROXIMATEENDDATE, BUSINESSUNIT_ID, CALLSCRIPTANSWERRECORD_ID, CUSTOMER_ID, DRIVINGCOST, ESTIMATEDCOST, FIRSTAPPOINTMENT_ID, PROJECT_ID, SOLDBY_ID, NOCHARGE, ISCONFIRMED, LEADGENERATED_ID, CAMPAIGN_ID, COMPLETIONSURVEYID, CREATEDFROMESTIMATESTATUSWHENBOOKING, ID, INVOICE_ID, ISPREVAILINGWAGE, LEAD_ID, MEMBERSHIP_ID, PLANSTART, SMARTDISPATCHDATA_JOB, TENANT_TYPE, PREDICTEDTOTAL, NUMBER]
Column Name found in Datamart and Curated Table :: CREATEDON
Column Name found in Datamart and Curated Table :: GENERATEDFROM_ID
Column Name found in Datamart and Curated Table :: LEADGENERATED_ID
Column Name found in Datamart and Curated Table :: OPPORTUNITY_ID
Column Name found in Datamart and Curated Table :: PRIORITY
Column Name found in Datamart and Curated Table :: DRIVINGCOST
Column Name found in Datamart and Curated Table :: ISTECHNICIANSPECIFIC
Column Name found in Datamart and Curated Table :: LEAD_ID
Column Name found in Datamart and Curated Table :: PREVAILINGWAGEJOBNUMBER
Column Name found in Datamart and Curated Table :: TOTAL
Column Name found in Datamart and Curated Table :: IMPORTID
Column Name found in Datamart and Curated Table :: ALLOTTEDTIME
Column Name found in Datamart and Curated Table :: BUSINESSUNIT_ID
Column Name found in Datamart and Curated Table :: CREATEDFROMESTIMATESTATUSWHENBOOKING
Column Name found in Datamart and Curated Table :: LASTCHANGEDBYSMARTDISPATCH
Column Name found in Datamart and Curated Table :: DRIVETIME
Column Name found in Datamart and Curated Table :: ISCONFIRMED
Column Name found in Datamart and Curated Table :: COMPLETEDON
Column Name found in Datamart and Curated Table :: COMPLETIONSURVEYID
Column Name found in Datamart and Curated Table :: CUSTOMER_ID
Column Name found in Datamart and Curated Table :: EXTERNALID
Column Name found in Datamart and Curated Table :: LOCATION_ID
Column Name found in Datamart and Curated Table :: CAMPAIGN_ID
Column Name found in Datamart and Curated Table :: CUSTOMERPO
Column Name found in Datamart and Curated Table :: PMDATE
Column Name found in Datamart and Curated Table :: APPROXIMATESTARTDATE
Column Name found in Datamart and Curated Table :: DURATION
Column Name found in Datamart and Curated Table :: END
Column Name found in Datamart and Curated Table :: MANAGEFOLLOWUPEMAIL
Column Name found in Datamart and Curated Table :: MONTHNUMBER
Column Name found in Datamart and Curated Table :: SOLDBY_ID
Column Name found in Datamart and Curated Table :: TYPE_ID
Column Name found in Datamart and Curated Table :: ISAUTODISPATCHED
Column Name found in Datamart and Curated Table :: ACTIVE
Column Name found in Datamart and Curated Table :: GENERATEDBY_ID
Column Name found in Datamart and Curated Table :: ID
Column Name found in Datamart and Curated Table :: INVOICE_ID
Column Name found in Datamart and Curated Table :: PROJECTEDVALUE
Column Name found in Datamart and Curated Table :: RECALLFOR_ID
Column Name found in Datamart and Curated Table :: SUMMARY
Column Name found in Datamart and Curated Table :: CREATEDFROMESTIMATE_ID
Column Name found in Datamart and Curated Table :: FIRSTAPPOINTMENT_ID
Column Name found in Datamart and Curated Table :: MEMBERSHIP_ID
Column Name found in Datamart and Curated Table :: MODIFIEDON
Column Name found in Datamart and Curated Table :: NOCHARGESOURCE
Column Name found in Datamart and Curated Table :: PLANSTART
Column Name found in Datamart and Curated Table :: STATUS
Column Name found in Datamart and Curated Table :: WARRANTYFOR_ID
Column Name found in Datamart and Curated Table :: LATEPENALTY
Column Name found in Datamart and Curated Table :: APPROXIMATEENDDATE
Column Name found in Datamart and Curated Table :: CALLSCRIPTANSWERRECORD_ID
Column Name found in Datamart and Curated Table :: NOTIFICATIONSENABLED
Column Name found in Datamart and Curated Table :: PREDICTEDTOTAL
Column Name found in Datamart and Curated Table :: LASTAPPOINTMENT_ID
Column Name found in Datamart and Curated Table :: MANAGEEMPLOYEEEMAIL
Column Name found in Datamart and Curated Table :: PREVAILINGWAGECODE_ID
Column Name found in Datamart and Curated Table :: REASSIGNMENTPENALTY
Column Name found in Datamart and Curated Table :: CREATEDBY_ID
Column Name found in Datamart and Curated Table :: ESTIMATEDCOST
Column Name found in Datamart and Curated Table :: ISPREVAILINGWAGE
Column Name found in Datamart and Curated Table :: OPPORTUNITYDATE
Column Name found in Datamart and Curated Table :: PLANEND
Column Name found in Datamart and Curated Table :: PREDICTEDSALES
Column Name found in Datamart and Curated Table :: UNION
Column Name found in Datamart and Curated Table :: NOCHARGE
Column Name found in Datamart and Curated Table :: PROJECT_ID
Column Name found in Datamart and Curated Table :: SMARTDISPATCHDATA_JOB
Column Name found in Datamart and Curated Table :: SECONDARYJOBNUMBER
Column Name found in Datamart and Curated Table :: START
Column Name found in Datamart and Curated Table :: NUMBER
Datamart tables contains additional column name like [ACTIVE_FLAG, RECORD_CREATE_DATE, RECORD_UPDATE_DATE, RECORD_UPDATE_DATE, MASTER_ID, TENANT_TYPE]
Curated tables contains additional column name like [RECORD_CREATE_DATE, RECORD_UPDATE_DATE, RECORD_UPDATED_BY, TENANT_TYPE]]]>
  </system-out>
  <testcase classname="testcases.RAW_DATAMART_CURATED.SnowFlake_ColumnValidation_BKPTables" name="validateColumnName_BKP" time="2.677"/>
  <system-out>
    <![CDATA[Executing Snowflake query :: SELECT COLUMN_NAME FROM DEV_ENT_RAW.INFORMATION_SCHEMA.COLUMNS WHERE TABLE_NAME='HOLDJOBREASON'and TABLE_SCHEMA='ST_HENDERSON_MATILLION'
Executing Snowflake query :: SELECT COLUMN_NAME FROM CURATED_DATAMART.INFORMATION_SCHEMA.COLUMNS WHERE TABLE_NAME='STR_HOLDJOBREASON'and TABLE_SCHEMA='ST_BKP_HENDERSON'
Executing Snowflake query :: SELECT COLUMN_NAME FROM DEV_ENT_CURATED.INFORMATION_SCHEMA.COLUMNS WHERE TABLE_NAME='DIM_HOLDJOBREASON'and TABLE_SCHEMA='MASTER_DIMENSIONS'
Column names for RAW Table --> HOLDJOBREASON :: [MODIFIEDON, NAME, ID, IMPORTID, CREATEDON, ACTIVE, CREATEDBY_ID]
Column names for DataMart Table --> STR_HOLDJOBREASON :: [ACTIVE, ACTIVE_FLAG, IMPORTID, MASTER_ID, RECORD_UPDATE_DATE, CREATEDON, NAME, ID, TENANT_TYPE, CREATEDBY_ID, RECORD_CREATE_DATE, MODIFIEDON]
Column names for Curated Table --> DIM_HOLDJOBREASON :: [ACTIVE, ID, NAME, RECORD_UPDATED_BY, CREATEDON, MODIFIEDON, RECORD_CREATE_DATE, RECORD_UPDATE_DATE, TENANT_TYPE, IMPORTID, CREATEDBY_ID]
Column Name found in Datamart and Curated Table :: MODIFIEDON
Column Name found in Datamart and Curated Table :: NAME
Column Name found in Datamart and Curated Table :: ID
Column Name found in Datamart and Curated Table :: IMPORTID
Column Name found in Datamart and Curated Table :: CREATEDON
Column Name found in Datamart and Curated Table :: ACTIVE
Column Name found in Datamart and Curated Table :: CREATEDBY_ID
Datamart tables contains additional column name like [ACTIVE_FLAG, RECORD_CREATE_DATE, RECORD_UPDATE_DATE, RECORD_UPDATE_DATE, MASTER_ID, TENANT_TYPE]
Curated tables contains additional column name like [RECORD_CREATE_DATE, RECORD_UPDATE_DATE, RECORD_UPDATED_BY, TENANT_TYPE]]]>
  </system-out>
  <testcase classname="testcases.RAW_DATAMART_CURATED.SnowFlake_ColumnValidation_BKPTables" name="validateColumnName_BKP" time="3.071"/>
  <system-out>
    <![CDATA[Executing Snowflake query :: SELECT COLUMN_NAME FROM DEV_ENT_RAW.INFORMATION_SCHEMA.COLUMNS WHERE TABLE_NAME='EMPLOYEE'and TABLE_SCHEMA='ST_EANESHEATING_MATILLION'
Executing Snowflake query :: SELECT COLUMN_NAME FROM CURATED_DATAMART.INFORMATION_SCHEMA.COLUMNS WHERE TABLE_NAME='STR_EMPLOYEE'and TABLE_SCHEMA='ST_BKP_EANESHEATING'
Executing Snowflake query :: SELECT COLUMN_NAME FROM DEV_ENT_CURATED.INFORMATION_SCHEMA.COLUMNS WHERE TABLE_NAME='DIM_EMPLOYEE'and TABLE_SCHEMA='MASTER_DIMENSIONS'
Column names for RAW Table --> EMPLOYEE :: [HOME_ISMILITARY, HOME_LONGITUDE, HOME_UNIT, ISEXTERNAL, OVERTIMEMODE, STARTDATE, PHONE, BIRTHDATE, HOME_LATITUDE, HOME_STREET, MOBILEPHONE, NAME, OVERTIMEPROFILE_ID, PAYROLLBUSINESSUNIT_ID, HOME_CITY, PAYFREQUENCY_ID, PHONECONFIRMED, ACTIVE, AGENTID, MANAGER_ID, CREATEDBY_ID, ISEXCLUDEDFROMPAYROLL, EMAIL, EMAILCONFIRMED, HOME_ISMANUALCOORDINATES, MOBILEPHONECONFIRMED, POSITION, USER_ID, SALESFORCEROLE, CLOCKINOUTREMINDER, LASTNAME, MODIFIEDON, PAYROLLSTARTPERIOD, HOME_COUNTRY, CREATEDON, FIRSTNAME, PAYROLLID, PHOTO, HOME_STATE, IMPORTID, MIDDLENAME, HOME_ZIP, HOURLYRATE, ID, SALESFORCECONTACTID]
Column names for DataMart Table --> STR_EMPLOYEE :: [BIRTHDATE, ISEXTERNAL, MODIFIEDON, STARTDATE, TENANT_TYPE, HOME_STREET, POSITION, ACTIVE_FLAG, FIRSTNAME, HOME_COUNTRY, MOBILEPHONE, USER_ID, HOME_UNIT, MIDDLENAME, PAYFREQUENCY_ID, HOME_LONGITUDE, AGENTID, HOME_CITY, MANAGER_ID, SALESFORCEROLE, ACTIVE, EMAILCONFIRMED, IMPORTID, NAME, PAYROLLSTARTPERIOD, PHONECONFIRMED, PHOTO, RECORD_CREATE_DATE, ID, CREATEDON, EMAIL, PAYROLLBUSINESSUNIT_ID, PHONE, CREATEDBY_ID, LASTNAME, HOME_ISMILITARY, HOME_STATE, HOME_ZIP, ISEXCLUDEDFROMPAYROLL, MASTER_ID, OVERTIMEMODE, OVERTIMEPROFILE_ID, MOBILEPHONECONFIRMED, HOME_ISMANUALCOORDINATES, HOURLYRATE, CLOCKINOUTREMINDER, HOME_LATITUDE, PAYROLLID, SALESFORCECONTACTID, RECORD_UPDATE_DATE]
Column names for Curated Table --> DIM_EMPLOYEE :: [CREATEDON, EMAIL, HOME_COUNTRY, HOME_ISMILITARY, PAYROLLID, PHONECONFIRMED, PAYROLLSTARTPERIOD, STARTDATE, PHONE, EMAILCONFIRMED, MOBILEPHONE, PAYFREQUENCY_ID, USER_ID, HOME_STATE, ISEXTERNAL, SALESFORCEROLE, CLOCKINOUTREMINDER, OVERTIMEMODE, ACTIVE, FIRSTNAME, HOURLYRATE, ISEXCLUDEDFROMPAYROLL, PAYROLLBUSINESSUNIT_ID, SALESFORCECONTACTID, AGENTID, CREATEDBY_ID, MANAGER_ID, HOME_ZIP, ID, IMPORTID, MODIFIEDON, PHOTO, RECORD_CREATE_DATE, BIRTHDATE, HOME_LATITUDE, HOME_STREET, POSITION, MOBILEPHONECONFIRMED, RECORD_UPDATED_BY, HOME_CITY, HOME_ISMANUALCOORDINATES, HOME_LONGITUDE, HOME_UNIT, LASTNAME, MIDDLENAME, TENANT_TYPE, NAME, RECORD_UPDATE_DATE, OVERTIMEPROFILE_ID]
Column Name found in Datamart and Curated Table :: HOME_ISMILITARY
Column Name found in Datamart and Curated Table :: HOME_LONGITUDE
Column Name found in Datamart and Curated Table :: HOME_UNIT
Column Name found in Datamart and Curated Table :: ISEXTERNAL
Column Name found in Datamart and Curated Table :: OVERTIMEMODE
Column Name found in Datamart and Curated Table :: STARTDATE
Column Name found in Datamart and Curated Table :: PHONE
Column Name found in Datamart and Curated Table :: BIRTHDATE
Column Name found in Datamart and Curated Table :: HOME_LATITUDE
Column Name found in Datamart and Curated Table :: HOME_STREET
Column Name found in Datamart and Curated Table :: MOBILEPHONE
Column Name found in Datamart and Curated Table :: NAME
Column Name found in Datamart and Curated Table :: OVERTIMEPROFILE_ID
Column Name found in Datamart and Curated Table :: PAYROLLBUSINESSUNIT_ID
Column Name found in Datamart and Curated Table :: HOME_CITY
Column Name found in Datamart and Curated Table :: PAYFREQUENCY_ID
Column Name found in Datamart and Curated Table :: PHONECONFIRMED
Column Name found in Datamart and Curated Table :: ACTIVE
Column Name found in Datamart and Curated Table :: AGENTID
Column Name found in Datamart and Curated Table :: MANAGER_ID
Column Name found in Datamart and Curated Table :: CREATEDBY_ID
Column Name found in Datamart and Curated Table :: ISEXCLUDEDFROMPAYROLL
Column Name found in Datamart and Curated Table :: EMAIL
Column Name found in Datamart and Curated Table :: EMAILCONFIRMED
Column Name found in Datamart and Curated Table :: HOME_ISMANUALCOORDINATES
Column Name found in Datamart and Curated Table :: MOBILEPHONECONFIRMED
Column Name found in Datamart and Curated Table :: POSITION
Column Name found in Datamart and Curated Table :: USER_ID
Column Name found in Datamart and Curated Table :: SALESFORCEROLE
Column Name found in Datamart and Curated Table :: CLOCKINOUTREMINDER
Column Name found in Datamart and Curated Table :: LASTNAME
Column Name found in Datamart and Curated Table :: MODIFIEDON
Column Name found in Datamart and Curated Table :: PAYROLLSTARTPERIOD
Column Name found in Datamart and Curated Table :: HOME_COUNTRY
Column Name found in Datamart and Curated Table :: CREATEDON
Column Name found in Datamart and Curated Table :: FIRSTNAME
Column Name found in Datamart and Curated Table :: PAYROLLID
Column Name found in Datamart and Curated Table :: PHOTO
Column Name found in Datamart and Curated Table :: HOME_STATE
Column Name found in Datamart and Curated Table :: IMPORTID
Column Name found in Datamart and Curated Table :: MIDDLENAME
Column Name found in Datamart and Curated Table :: HOME_ZIP
Column Name found in Datamart and Curated Table :: HOURLYRATE
Column Name found in Datamart and Curated Table :: ID
Column Name found in Datamart and Curated Table :: SALESFORCECONTACTID
Datamart tables contains additional column name like [ACTIVE_FLAG, RECORD_CREATE_DATE, RECORD_UPDATE_DATE, RECORD_UPDATE_DATE, MASTER_ID, TENANT_TYPE]
Curated tables contains additional column name like [RECORD_CREATE_DATE, RECORD_UPDATE_DATE, RECORD_UPDATED_BY, TENANT_TYPE]]]>
  </system-out>
  <testcase classname="testcases.RAW_DATAMART_CURATED.SnowFlake_ColumnValidation_BKPTables" name="validateColumnName_BKP" time="2.050"/>
  <system-out>
    <![CDATA[Executing Snowflake query :: SELECT COLUMN_NAME FROM DEV_ENT_RAW.INFORMATION_SCHEMA.COLUMNS WHERE TABLE_NAME='JOBCOMPLETIONSURVEY'and TABLE_SCHEMA='ST_HUTCHINSON_MATILLION'
Executing Snowflake query :: SELECT COLUMN_NAME FROM CURATED_DATAMART.INFORMATION_SCHEMA.COLUMNS WHERE TABLE_NAME='STR_JOBCOMPLETIONSURVEY'and TABLE_SCHEMA='ST_BKP_HUTCHINSON'
Executing Snowflake query :: SELECT COLUMN_NAME FROM DEV_ENT_CURATED.INFORMATION_SCHEMA.COLUMNS WHERE TABLE_NAME='DIM_JOBCOMPLETIONSURVEY'and TABLE_SCHEMA='MASTER_DIMENSIONS'
Column names for RAW Table --> JOBCOMPLETIONSURVEY :: [ISPLANNINGTOUSEAGAIN, ID, MEMO, MODIFIEDON, SENTON, JOBID, RATING, TOKEN, RECOMMENDATIONS, SUBMITCOUNT, COMPLETEDON, ISROUTINECOMPLETED, JOBCOMPLETEDON, STATUS, SURVEYTYPE]
Column names for DataMart Table --> STR_JOBCOMPLETIONSURVEY :: [JOBID, MODIFIEDON, ID, ISROUTINECOMPLETED, MEMO, RATING, RECOMMENDATIONS, TOKEN, JOBCOMPLETEDON, STATUS, ISPLANNINGTOUSEAGAIN, SENTON, SURVEYTYPE, ACTIVE_FLAG, RECORD_UPDATE_DATE, COMPLETEDON, RECORD_CREATE_DATE, SUBMITCOUNT, MASTER_ID, TENANT_TYPE]
Column names for Curated Table --> DIM_JOBCOMPLETIONSURVEY :: [ID, JOBCOMPLETEDON, SUBMITCOUNT, ISROUTINECOMPLETED, MEMO, RECORD_UPDATED_BY, STATUS, JOBID, RECORD_UPDATE_DATE, TENANT_TYPE, MODIFIEDON, SURVEYTYPE, COMPLETEDON, ISPLANNINGTOUSEAGAIN, RATING, SENTON, RECOMMENDATIONS, RECORD_CREATE_DATE, TOKEN]
Column Name found in Datamart and Curated Table :: ISPLANNINGTOUSEAGAIN
Column Name found in Datamart and Curated Table :: ID
Column Name found in Datamart and Curated Table :: MEMO
Column Name found in Datamart and Curated Table :: MODIFIEDON
Column Name found in Datamart and Curated Table :: SENTON
Column Name found in Datamart and Curated Table :: JOBID
Column Name found in Datamart and Curated Table :: RATING
Column Name found in Datamart and Curated Table :: TOKEN
Column Name found in Datamart and Curated Table :: RECOMMENDATIONS
Column Name found in Datamart and Curated Table :: SUBMITCOUNT
Column Name found in Datamart and Curated Table :: COMPLETEDON
Column Name found in Datamart and Curated Table :: ISROUTINECOMPLETED
Column Name found in Datamart and Curated Table :: JOBCOMPLETEDON
Column Name found in Datamart and Curated Table :: STATUS
Column Name found in Datamart and Curated Table :: SURVEYTYPE
Datamart tables contains additional column name like [ACTIVE_FLAG, RECORD_CREATE_DATE, RECORD_UPDATE_DATE, RECORD_UPDATE_DATE, MASTER_ID, TENANT_TYPE]
Curated tables contains additional column name like [RECORD_CREATE_DATE, RECORD_UPDATE_DATE, RECORD_UPDATED_BY, TENANT_TYPE]]]>
  </system-out>
  <testcase classname="testcases.RAW_DATAMART_CURATED.SnowFlake_ColumnValidation_BKPTables" name="validateColumnName_BKP" time="3.789"/>
  <system-out>
    <![CDATA[Executing Snowflake query :: SELECT COLUMN_NAME FROM DEV_ENT_RAW.INFORMATION_SCHEMA.COLUMNS WHERE TABLE_NAME='CONTACT'and TABLE_SCHEMA='ST_EANESHEATING_MATILLION'
Executing Snowflake query :: SELECT COLUMN_NAME FROM CURATED_DATAMART.INFORMATION_SCHEMA.COLUMNS WHERE TABLE_NAME='STR_CONTACT'and TABLE_SCHEMA='ST_BKP_EANESHEATING'
Executing Snowflake query :: SELECT COLUMN_NAME FROM DEV_ENT_CURATED.INFORMATION_SCHEMA.COLUMNS WHERE TABLE_NAME='DIM_CONTACT'and TABLE_SCHEMA='MASTER_DIMENSIONS'
Column names for RAW Table --> CONTACT :: [MEMO, MODIFIEDON, OWNER_ID, JOBREMINDERSENABLED, ID, VALUE, MARKETINGUPDATESENABLED, MESSAGESENABLED, IMPORTID, TYPE, CREATEDON, INVOICESTATEMENTNOTIFICATION, ACTIVE, CREATEDBY_ID, REVERSEPHONE]
Column names for DataMart Table --> STR_CONTACT :: [CREATEDON, JOBREMINDERSENABLED, MESSAGESENABLED, MEMO, TENANT_TYPE, TYPE, VALUE, INVOICESTATEMENTNOTIFICATION, RECORD_CREATE_DATE, MARKETINGUPDATESENABLED, ID, MODIFIEDON, RECORD_UPDATE_DATE, ACTIVE, ACTIVE_FLAG, CREATEDBY_ID, OWNER_ID, REVERSEPHONE, IMPORTID, MASTER_ID]
Column names for Curated Table --> DIM_CONTACT :: [MESSAGESENABLED, MODIFIEDON, CREATEDON, MEMO, OWNER_ID, CREATEDBY_ID, MARKETINGUPDATESENABLED, REVERSEPHONE, ID, IMPORTID, JOBREMINDERSENABLED, INVOICESTATEMENTNOTIFICATION, RECORD_CREATE_DATE, RECORD_UPDATED_BY, TENANT_TYPE, ACTIVE, RECORD_UPDATE_DATE, VALUE, TYPE]
Column Name found in Datamart and Curated Table :: MEMO
Column Name found in Datamart and Curated Table :: MODIFIEDON
Column Name found in Datamart and Curated Table :: OWNER_ID
Column Name found in Datamart and Curated Table :: JOBREMINDERSENABLED
Column Name found in Datamart and Curated Table :: ID
Column Name found in Datamart and Curated Table :: VALUE
Column Name found in Datamart and Curated Table :: MARKETINGUPDATESENABLED
Column Name found in Datamart and Curated Table :: MESSAGESENABLED
Column Name found in Datamart and Curated Table :: IMPORTID
Column Name found in Datamart and Curated Table :: TYPE
Column Name found in Datamart and Curated Table :: CREATEDON
Column Name found in Datamart and Curated Table :: INVOICESTATEMENTNOTIFICATION
Column Name found in Datamart and Curated Table :: ACTIVE
Column Name found in Datamart and Curated Table :: CREATEDBY_ID
Column Name found in Datamart and Curated Table :: REVERSEPHONE
Datamart tables contains additional column name like [ACTIVE_FLAG, RECORD_CREATE_DATE, RECORD_UPDATE_DATE, RECORD_UPDATE_DATE, MASTER_ID, TENANT_TYPE]
Curated tables contains additional column name like [RECORD_CREATE_DATE, RECORD_UPDATE_DATE, RECORD_UPDATED_BY, TENANT_TYPE]]]>
  </system-out>
  <testcase classname="testcases.RAW_DATAMART_CURATED.SnowFlake_ColumnValidation_BKPTables" name="validateColumnName_BKP" time="1.978"/>
  <system-out>
    <![CDATA[Executing Snowflake query :: SELECT COLUMN_NAME FROM DEV_ENT_RAW.INFORMATION_SCHEMA.COLUMNS WHERE TABLE_NAME='CALLREASON'and TABLE_SCHEMA='ST_GOLDMEDAL_MATILLION'
Executing Snowflake query :: SELECT COLUMN_NAME FROM CURATED_DATAMART.INFORMATION_SCHEMA.COLUMNS WHERE TABLE_NAME='STR_CALLREASON'and TABLE_SCHEMA='ST_BKP_GOLDMEDAL'
Executing Snowflake query :: SELECT COLUMN_NAME FROM DEV_ENT_CURATED.INFORMATION_SCHEMA.COLUMNS WHERE TABLE_NAME='DIM_CALLREASON'and TABLE_SCHEMA='MASTER_DIMENSIONS'
Column names for RAW Table --> CALLREASON :: [CREATEDBY_ID, CREATEDON, ID, IMPORTID, ACTIVE, NAME, LEAD, MODIFIEDON]
Column names for DataMart Table --> STR_CALLREASON :: [ACTIVE, LEAD, TENANT_TYPE, CREATEDON, RECORD_CREATE_DATE, CREATEDBY_ID, MODIFIEDON, RECORD_UPDATE_DATE, IMPORTID, ACTIVE_FLAG, MASTER_ID, ID, NAME]
Column names for Curated Table --> DIM_CALLREASON :: [CREATEDBY_ID, RECORD_CREATE_DATE, MODIFIEDON, LEAD, RECORD_UPDATED_BY, ACTIVE, ID, CREATEDON, IMPORTID, NAME, TENANT_TYPE, RECORD_UPDATE_DATE]
Column Name found in Datamart and Curated Table :: CREATEDBY_ID
Column Name found in Datamart and Curated Table :: CREATEDON
Column Name found in Datamart and Curated Table :: ID
Column Name found in Datamart and Curated Table :: IMPORTID
Column Name found in Datamart and Curated Table :: ACTIVE
Column Name found in Datamart and Curated Table :: NAME
Column Name found in Datamart and Curated Table :: LEAD
Column Name found in Datamart and Curated Table :: MODIFIEDON
Datamart tables contains additional column name like [ACTIVE_FLAG, RECORD_CREATE_DATE, RECORD_UPDATE_DATE, RECORD_UPDATE_DATE, MASTER_ID, TENANT_TYPE]
Curated tables contains additional column name like [RECORD_CREATE_DATE, RECORD_UPDATE_DATE, RECORD_UPDATED_BY, TENANT_TYPE]]]>
  </system-out>
  <testcase classname="testcases.RAW_DATAMART_CURATED.SnowFlake_ColumnValidation_BKPTables" name="validateColumnName_BKP" time="2.424">
    <failure message="The following asserts failed:
	null" type="java.lang.AssertionError">
      <![CDATA[java.lang.AssertionError: The following asserts failed:
null
at org.testng.asserts.SoftAssert.assertAll(SoftAssert.java:47)
at org.testng.asserts.SoftAssert.assertAll(SoftAssert.java:31)
at testcases.RAW_DATAMART_CURATED.SnowFlake_ColumnValidation_BKPTables.validateColumnName_BKP(SnowFlake_ColumnValidation_BKPTables.java:120)
at jdk.internal.reflect.GeneratedMethodAccessor38.invoke(Unknown Source)
at java.base/jdk.internal.reflect.DelegatingMethodAccessorImpl.invoke(DelegatingMethodAccessorImpl.java:43)
at java.base/java.lang.reflect.Method.invoke(Method.java:568)
at org.testng.internal.MethodInvocationHelper.invokeMethod(MethodInvocationHelper.java:133)
at org.testng.internal.TestInvoker.invokeMethod(TestInvoker.java:598)
at org.testng.internal.TestInvoker.invokeTestMethod(TestInvoker.java:173)
at org.testng.internal.MethodRunner.runInSequence(MethodRunner.java:46)
at org.testng.internal.TestInvoker$MethodInvocationAgent.invoke(TestInvoker.java:824)
at org.testng.internal.TestInvoker.invokeTestMethods(TestInvoker.java:146)
at org.testng.internal.TestMethodWorker.invokeTestMethods(TestMethodWorker.java:146)
at org.testng.internal.TestMethodWorker.run(TestMethodWorker.java:128)
at java.base/java.util.ArrayList.forEach(ArrayList.java:1511)
at org.testng.TestRunner.privateRun(TestRunner.java:794)
at org.testng.TestRunner.run(TestRunner.java:596)
at org.testng.SuiteRunner.runTest(SuiteRunner.java:377)
at org.testng.SuiteRunner.runSequentially(SuiteRunner.java:371)
at org.testng.SuiteRunner.privateRun(SuiteRunner.java:332)
at org.testng.SuiteRunner.run(SuiteRunner.java:276)
at org.testng.SuiteRunnerWorker.runSuite(SuiteRunnerWorker.java:53)
at org.testng.SuiteRunnerWorker.run(SuiteRunnerWorker.java:96)
at org.testng.TestNG.runSuitesSequentially(TestNG.java:1212)
at org.testng.TestNG.runSuitesLocally(TestNG.java:1134)
at org.testng.TestNG.runSuites(TestNG.java:1063)
at org.testng.TestNG.run(TestNG.java:1031)
at org.testng.remote.AbstractRemoteTestNG.run(AbstractRemoteTestNG.java:115)
at org.testng.remote.RemoteTestNG.initAndRun(RemoteTestNG.java:251)
at org.testng.remote.RemoteTestNG.main(RemoteTestNG.java:77)
]]>
    </failure>
  </testcase> <!-- validateColumnName_BKP -->
  <system-out>
    <![CDATA[Executing Snowflake query :: SELECT COLUMN_NAME FROM DEV_ENT_RAW.INFORMATION_SCHEMA.COLUMNS WHERE TABLE_NAME='TECHNICIAN'and TABLE_SCHEMA='ST_EANESHEATING_MATILLION'
Executing Snowflake query :: SELECT COLUMN_NAME FROM CURATED_DATAMART.INFORMATION_SCHEMA.COLUMNS WHERE TABLE_NAME='STR_TECHNICIAN'and TABLE_SCHEMA='ST_BKP_EANESHEATING'
Executing Snowflake query :: SELECT COLUMN_NAME FROM DEV_ENT_CURATED.INFORMATION_SCHEMA.COLUMNS WHERE TABLE_NAME='DIM_TECHNICIAN'and TABLE_SCHEMA='MASTER_DIMENSIONS'
Column names for RAW Table --> TECHNICIAN :: [ATLASBUTLERTECHNICIANROLE, CURRENTVALUE, HOURLYRATE, LONGITUDE, PAYROLLPROFILE_ID, SMARTDISPATCHSETTINGS_TECHNICIAN, INVOICINGHOURLYRATE, PHOTO, ISEXTERNAL, MEMO, COLOR, COMMISSIONRATE, DAILYGOAL, HOME_LATITUDE, HOME_STATE, COORDINATESUPDATEDON, HOME_LONGITUDE, JOBFILTER, LOCATION_TECHNICIAN, MOBILEPHONE, OVERTIMEWORKTYPECODE_ID, STATUS, TRUCK_ID, PROJECTEDVALUE, FIRSTDRIVERULE, TURNOVERBONUS, APPOINTMENT_ID, CREATEDON, LASTNAME, LICENSE, MIDDLENAME, MOBILEPHONECONFIRMED, CREATEDBY_ID, OVERALLSALESFACTOR_TECHNICIAN, OVERTIMEPAYROLLCONTROLCODE_ID, SHOWJOBAPPOINTMENTRESCHEDULEALERT, SOLDBYRATE, TODAYREVENUE_TECHNICIAN, PAYROLLID, SCHEDULEDSOLOCOMMISSIONRATE, ADDONSOLOCOMMISSIONRATE, BIO, CHECKEDIN, DEFAULTPAYROLLADJUSTMENTRATE, HOME_STREET, ISEXCLUDEDFROMPAYROLL, JOB_ID, PROJECTLABELS, LATITUDE, PAYROLLROLE, HOME_UNIT, ROUTESTATISTICS_TECHNICIAN, SALESFACTOR, QBREPID, STATUSUPDATEDON, MANAGER_ID, ADDONMULTITECHCOMMISSIONRATE, BURDENRATE, EMAILCONFIRMED, MEALTIME, PAYROLLPOSTINGGROUP_ID, PAYROLLSTARTDATE, FIRSTNAME, GOALIMAGE, HOME_COUNTRY, ISMANAGEDTECH, STARTDATE, USER_ID, ZONE_ID, TYPE, ADDONCREWSPLITCOMMISSIONRATE, BUSINESSUNIT_ID, DEFAULTLABORTYPE_ID, INVENTORYWAREHOUSENAME, PHONECONFIRMED, UNION, DEDUCTCOMMUTETIMEFROMFIRSTDRIVE, NAME, PAYTYPE, PHONE, SALESFORCECONTACTID, ISAUTODISPATCHED, PAYPERIOD, OVERTIMEPROFILE_ID, OVERTIMEMODE, HOME_CITY, HOME_ISMILITARY, OUTBOUNDCALLERID, HOME_ZIP, PAYROLLREPORTVERSION, PAYROLLSTARTPERIOD, TEAM, PAYFREQUENCY_ID, SCHEDULEDCREWSPLITCOMMISSIONRATE, STANDARDWORKTYPECODE_ID, ACTIVE, COMMUTETIME, DISPATCHNOTIFICATIONS, EMAIL, IMPORTID, MUHULINK, NAVISIONEMPLOYEEID, SHIFTEND, BIRTHDATE, ID, MODIFIEDON, POSITION, SCHEDULEDMULTITECHCOMMISSIONRATE, SHIFTSTART, HOME_ISMANUALCOORDINATES, STANDARDPAYROLLCONTROLCODE_ID, WILLIAMSTECHNICIANROLE]
Column names for DataMart Table --> STR_TECHNICIAN :: [ACTIVE_FLAG, BUSINESSUNIT_ID, DEDUCTCOMMUTETIMEFROMFIRSTDRIVE, HOME_STATE, ISAUTODISPATCHED, LATITUDE, OVERTIMEPAYROLLCONTROLCODE_ID, PAYFREQUENCY_ID, POSITION, FLEET_ID, MASTER_ID, NAME, OUTBOUNDCALLERID, PAYROLLPROFILE_ID, SALESFORCECONTACTID, TRUCK_ID, PAYROLLID, PAYROLLROLE, SMARTDISPATCHSETTINGS_TECHNICIAN, TENANT_TYPE, BIO, BURDENRATE, DISPATCHNOTIFICATIONS, HOME_CITY, MIDDLENAME, HOME_UNIT, LICENSE, MANAGER_ID, OVERALLSALESFACTOR_TECHNICIAN, UNION, STANDARDPAYROLLCONTROLCODE_ID, MOBILEPHONECONFIRMED, APPOINTMENT_ID, CREATEDON, DEFAULTLABORTYPE_ID, FIRSTNAME, LASTNAME, OVERTIMEPROFILE_ID, PAYTYPE, PHOTO, STARTDATE, WILLIAMSTECHNICIANROLE, STATUSUPDATEDON, ADDONCREWSPLITCOMMISSIONRATE, COMMUTETIME, EMAILCONFIRMED, PHONECONFIRMED, ADDONMULTITECHCOMMISSIONRATE, BIRTHDATE, COORDINATESUPDATEDON, HOME_ISMILITARY, HOME_STREET, ISEXTERNAL, MUHULINK, OVERTIMEMODE, OVERTIMEWORKTYPECODE_ID, SHOWJOBAPPOINTMENTRESCHEDULEALERT, ACTIVE, ADDONSOLOCOMMISSIONRATE, ATLASBUTLERTECHNICIANROLE, CHECKEDIN, DAILYGOAL, EMAIL, HOME_LONGITUDE, INVENTORYWAREHOUSENAME, INVOICINGHOURLYRATE, JOBFILTER, PAYROLLSTARTPERIOD, TODAYREVENUE_TECHNICIAN, USER_ID, HOURLYRATE, SALESFACTOR, STANDARDWORKTYPECODE_ID, SCHEDULEDMULTITECHCOMMISSIONRATE, COLOR, GOALIMAGE, ISMANAGEDTECH, JOB_ID, MEALTIME, LONGITUDE, PAYPERIOD, PAYROLLREPORTVERSION, SOLDBYRATE, PAYROLLPOSTINGGROUP_ID, CREATEDBY_ID, DEFAULTPAYROLLADJUSTMENTRATE, HOME_COUNTRY, HOME_LATITUDE, LOCATION_TECHNICIAN, MEMO, PROJECTEDVALUE, PROJECTLABELS, QBREPID, SCHEDULEDSOLOCOMMISSIONRATE, STATUS, HOME_ZIP, ID, ROUTESTATISTICS_TECHNICIAN, SCHEDULEDCREWSPLITCOMMISSIONRATE, SHIFTEND, TURNOVERBONUS, RECORD_CREATE_DATE, SHIFTSTART, MODIFIEDON, NAVISIONEMPLOYEEID, TYPE, COMMISSIONRATE, CURRENTVALUE, FIRSTDRIVERULE, HOME_ISMANUALCOORDINATES, IMPORTID, MOBILEPHONE, ZONE_ID, PAYROLLSTARTDATE, RECORD_UPDATE_DATE, TEAM, PHONE]
Column names for Curated Table --> DIM_TECHNICIAN :: [ADDONCREWSPLITCOMMISSIONRATE, COMMUTETIME, DEFAULTLABORTYPE_ID, EMAILCONFIRMED, FIRSTNAME, FLEET_ID, HOME_COUNTRY, HOME_UNIT, MOBILEPHONE, PHONECONFIRMED, OVERALLSALESFACTOR_TECHNICIAN, PAYROLLSTARTDATE, TURNOVERBONUS, PAYPERIOD, PAYROLLROLE, BIRTHDATE, HOME_ISMANUALCOORDINATES, HOME_ISMILITARY, INVENTORYWAREHOUSENAME, JOBFILTER, MEMO, PAYFREQUENCY_ID, POSITION, ID, ISAUTODISPATCHED, LICENSE, TEAM, SCHEDULEDCREWSPLITCOMMISSIONRATE, SALESFACTOR, ADDONSOLOCOMMISSIONRATE, CURRENTVALUE, DAILYGOAL, DEDUCTCOMMUTETIMEFROMFIRSTDRIVE, MANAGER_ID, OVERTIMEPROFILE_ID, SHIFTSTART, SHOWJOBAPPOINTMENTRESCHEDULEALERT, SMARTDISPATCHSETTINGS_TECHNICIAN, GOALIMAGE, MODIFIEDON, PAYROLLID, PAYROLLREPORTVERSION, RECORD_CREATE_DATE, TODAYREVENUE_TECHNICIAN, TYPE, PROJECTLABELS, SCHEDULEDSOLOCOMMISSIONRATE, LONGITUDE, ADDONMULTITECHCOMMISSIONRATE, APPOINTMENT_ID, CHECKEDIN, COLOR, CREATEDON, DISPATCHNOTIFICATIONS, IMPORTID, LASTNAME, MOBILEPHONECONFIRMED, STATUSUPDATEDON, ZONE_ID, HOME_STATE, MEALTIME, NAME, NAVISIONEMPLOYEEID, PAYROLLPOSTINGGROUP_ID, PHOTO, PROJECTEDVALUE, STANDARDPAYROLLCONTROLCODE_ID, OVERTIMEMODE, BURDENRATE, FIRSTDRIVERULE, JOB_ID, PAYROLLPROFILE_ID, QBREPID, ROUTESTATISTICS_TECHNICIAN, STARTDATE, TRUCK_ID, USER_ID, STANDARDWORKTYPECODE_ID, MIDDLENAME, COMMISSIONRATE, CREATEDBY_ID, HOME_LONGITUDE, HOME_ZIP, HOURLYRATE, LATITUDE, SCHEDULEDMULTITECHCOMMISSIONRATE, BUSINESSUNIT_ID, OUTBOUNDCALLERID, RECORD_UPDATED_BY, STATUS, MUHULINK, OVERTIMEPAYROLLCONTROLCODE_ID, UNION, PAYTYPE, INVOICINGHOURLYRATE, RECORD_UPDATE_DATE, COORDINATESUPDATEDON, LOCATION_TECHNICIAN, EMAIL, HOME_CITY, ISEXTERNAL, OVERTIMEWORKTYPECODE_ID, PAYROLLSTARTPERIOD, SHIFTEND, WILLIAMSTECHNICIANROLE, TENANT_TYPE, ACTIVE, ATLASBUTLERTECHNICIANROLE, BIO, DEFAULTPAYROLLADJUSTMENTRATE, HOME_LATITUDE, HOME_STREET, ISMANAGEDTECH, PHONE, SALESFORCECONTACTID, SOLDBYRATE]
Column Name found in Datamart and Curated Table :: ATLASBUTLERTECHNICIANROLE
Column Name found in Datamart and Curated Table :: CURRENTVALUE
Column Name found in Datamart and Curated Table :: HOURLYRATE
Column Name found in Datamart and Curated Table :: LONGITUDE
Column Name found in Datamart and Curated Table :: PAYROLLPROFILE_ID
Column Name found in Datamart and Curated Table :: SMARTDISPATCHSETTINGS_TECHNICIAN
Column Name found in Datamart and Curated Table :: INVOICINGHOURLYRATE
Column Name found in Datamart and Curated Table :: PHOTO
Column Name found in Datamart and Curated Table :: ISEXTERNAL
Column Name found in Datamart and Curated Table :: MEMO
Column Name found in Datamart and Curated Table :: COLOR
Column Name found in Datamart and Curated Table :: COMMISSIONRATE
Column Name found in Datamart and Curated Table :: DAILYGOAL
Column Name found in Datamart and Curated Table :: HOME_LATITUDE
Column Name found in Datamart and Curated Table :: HOME_STATE
Column Name found in Datamart and Curated Table :: COORDINATESUPDATEDON
Column Name found in Datamart and Curated Table :: HOME_LONGITUDE
Column Name found in Datamart and Curated Table :: JOBFILTER
Column Name found in Datamart and Curated Table :: LOCATION_TECHNICIAN
Column Name found in Datamart and Curated Table :: MOBILEPHONE
Column Name found in Datamart and Curated Table :: OVERTIMEWORKTYPECODE_ID
Column Name found in Datamart and Curated Table :: STATUS
Column Name found in Datamart and Curated Table :: TRUCK_ID
Column Name found in Datamart and Curated Table :: PROJECTEDVALUE
Column Name found in Datamart and Curated Table :: FIRSTDRIVERULE
Column Name found in Datamart and Curated Table :: TURNOVERBONUS
Column Name found in Datamart and Curated Table :: APPOINTMENT_ID
Column Name found in Datamart and Curated Table :: CREATEDON
Column Name found in Datamart and Curated Table :: LASTNAME
Column Name found in Datamart and Curated Table :: LICENSE
Column Name found in Datamart and Curated Table :: MIDDLENAME
Column Name found in Datamart and Curated Table :: MOBILEPHONECONFIRMED
Column Name found in Datamart and Curated Table :: CREATEDBY_ID
Column Name found in Datamart and Curated Table :: OVERALLSALESFACTOR_TECHNICIAN
Column Name found in Datamart and Curated Table :: OVERTIMEPAYROLLCONTROLCODE_ID
Column Name found in Datamart and Curated Table :: SHOWJOBAPPOINTMENTRESCHEDULEALERT
Column Name found in Datamart and Curated Table :: SOLDBYRATE
Column Name found in Datamart and Curated Table :: TODAYREVENUE_TECHNICIAN
Column Name found in Datamart and Curated Table :: PAYROLLID
Column Name found in Datamart and Curated Table :: SCHEDULEDSOLOCOMMISSIONRATE
Column Name found in Datamart and Curated Table :: ADDONSOLOCOMMISSIONRATE
Column Name found in Datamart and Curated Table :: BIO
Column Name found in Datamart and Curated Table :: CHECKEDIN
Column Name found in Datamart and Curated Table :: DEFAULTPAYROLLADJUSTMENTRATE
Column Name found in Datamart and Curated Table :: HOME_STREET
Column Name not found in Datamart and Curated Table :: ISEXCLUDEDFROMPAYROLL
Column Name found in Datamart and Curated Table :: JOB_ID
Column Name found in Datamart and Curated Table :: PROJECTLABELS
Column Name found in Datamart and Curated Table :: LATITUDE
Column Name found in Datamart and Curated Table :: PAYROLLROLE
Column Name found in Datamart and Curated Table :: HOME_UNIT
Column Name found in Datamart and Curated Table :: ROUTESTATISTICS_TECHNICIAN
Column Name found in Datamart and Curated Table :: SALESFACTOR
Column Name found in Datamart and Curated Table :: QBREPID
Column Name found in Datamart and Curated Table :: STATUSUPDATEDON
Column Name found in Datamart and Curated Table :: MANAGER_ID
Column Name found in Datamart and Curated Table :: ADDONMULTITECHCOMMISSIONRATE
Column Name found in Datamart and Curated Table :: BURDENRATE
Column Name found in Datamart and Curated Table :: EMAILCONFIRMED
Column Name found in Datamart and Curated Table :: MEALTIME
Column Name found in Datamart and Curated Table :: PAYROLLPOSTINGGROUP_ID
Column Name found in Datamart and Curated Table :: PAYROLLSTARTDATE
Column Name found in Datamart and Curated Table :: FIRSTNAME
Column Name found in Datamart and Curated Table :: GOALIMAGE
Column Name found in Datamart and Curated Table :: HOME_COUNTRY
Column Name found in Datamart and Curated Table :: ISMANAGEDTECH
Column Name found in Datamart and Curated Table :: STARTDATE
Column Name found in Datamart and Curated Table :: USER_ID
Column Name found in Datamart and Curated Table :: ZONE_ID
Column Name found in Datamart and Curated Table :: TYPE
Column Name found in Datamart and Curated Table :: ADDONCREWSPLITCOMMISSIONRATE
Column Name found in Datamart and Curated Table :: BUSINESSUNIT_ID
Column Name found in Datamart and Curated Table :: DEFAULTLABORTYPE_ID
Column Name found in Datamart and Curated Table :: INVENTORYWAREHOUSENAME
Column Name found in Datamart and Curated Table :: PHONECONFIRMED
Column Name found in Datamart and Curated Table :: UNION
Column Name found in Datamart and Curated Table :: DEDUCTCOMMUTETIMEFROMFIRSTDRIVE
Column Name found in Datamart and Curated Table :: NAME
Column Name found in Datamart and Curated Table :: PAYTYPE
Column Name found in Datamart and Curated Table :: PHONE
Column Name found in Datamart and Curated Table :: SALESFORCECONTACTID
Column Name found in Datamart and Curated Table :: ISAUTODISPATCHED
Column Name found in Datamart and Curated Table :: PAYPERIOD
Column Name found in Datamart and Curated Table :: OVERTIMEPROFILE_ID
Column Name found in Datamart and Curated Table :: OVERTIMEMODE
Column Name found in Datamart and Curated Table :: HOME_CITY
Column Name found in Datamart and Curated Table :: HOME_ISMILITARY
Column Name found in Datamart and Curated Table :: OUTBOUNDCALLERID
Column Name found in Datamart and Curated Table :: HOME_ZIP
Column Name found in Datamart and Curated Table :: PAYROLLREPORTVERSION
Column Name found in Datamart and Curated Table :: PAYROLLSTARTPERIOD
Column Name found in Datamart and Curated Table :: TEAM
Column Name found in Datamart and Curated Table :: PAYFREQUENCY_ID
Column Name found in Datamart and Curated Table :: SCHEDULEDCREWSPLITCOMMISSIONRATE
Column Name found in Datamart and Curated Table :: STANDARDWORKTYPECODE_ID
Column Name found in Datamart and Curated Table :: ACTIVE
Column Name found in Datamart and Curated Table :: COMMUTETIME
Column Name found in Datamart and Curated Table :: DISPATCHNOTIFICATIONS
Column Name found in Datamart and Curated Table :: EMAIL
Column Name found in Datamart and Curated Table :: IMPORTID
Column Name found in Datamart and Curated Table :: MUHULINK
Column Name found in Datamart and Curated Table :: NAVISIONEMPLOYEEID
Column Name found in Datamart and Curated Table :: SHIFTEND
Column Name found in Datamart and Curated Table :: BIRTHDATE
Column Name found in Datamart and Curated Table :: ID
Column Name found in Datamart and Curated Table :: MODIFIEDON
Column Name found in Datamart and Curated Table :: POSITION
Column Name found in Datamart and Curated Table :: SCHEDULEDMULTITECHCOMMISSIONRATE
Column Name found in Datamart and Curated Table :: SHIFTSTART
Column Name found in Datamart and Curated Table :: HOME_ISMANUALCOORDINATES
Column Name found in Datamart and Curated Table :: STANDARDPAYROLLCONTROLCODE_ID
Column Name found in Datamart and Curated Table :: WILLIAMSTECHNICIANROLE
Datamart tables contains additional column name like [ACTIVE_FLAG, RECORD_CREATE_DATE, RECORD_UPDATE_DATE, RECORD_UPDATE_DATE, MASTER_ID, TENANT_TYPE]
Curated tables contains additional column name like [RECORD_CREATE_DATE, RECORD_UPDATE_DATE, RECORD_UPDATED_BY, TENANT_TYPE]]]>
  </system-out>
  <testcase classname="testcases.RAW_DATAMART_CURATED.SnowFlake_ColumnValidation_BKPTables" name="validateColumnName_BKP" time="2.351"/>
  <system-out>
    <![CDATA[Executing Snowflake query :: SELECT COLUMN_NAME FROM DEV_ENT_RAW.INFORMATION_SCHEMA.COLUMNS WHERE TABLE_NAME='JOB'and TABLE_SCHEMA='ST_MAITZ_MATILLION'
Executing Snowflake query :: SELECT COLUMN_NAME FROM CURATED_DATAMART.INFORMATION_SCHEMA.COLUMNS WHERE TABLE_NAME='STR_JOB'and TABLE_SCHEMA='ST_BKP_MAITZ'
Executing Snowflake query :: SELECT COLUMN_NAME FROM DEV_ENT_CURATED.INFORMATION_SCHEMA.COLUMNS WHERE TABLE_NAME='DIM_JOB'and TABLE_SCHEMA='MASTER_DIMENSIONS'
Column names for RAW Table --> JOB :: [ALLOTTEDTIME, LASTCHANGEDBYSMARTDISPATCH, START, DRIVETIME, RECALLFOR_ID, TOTAL, PMDATE, COMPLETEDON, CREATEDFROMESTIMATE_ID, DRIVINGCOST, ISTECHNICIANSPECIFIC, LASTAPPOINTMENT_ID, MEMBERSHIP_ID, MONTHNUMBER, TYPE_ID, SECONDARYJOBNUMBER, APPROXIMATEENDDATE, CREATEDON, FIRSTAPPOINTMENT_ID, IMPORTID, NOCHARGESOURCE, REASSIGNMENTPENALTY, SMARTDISPATCHDATA_JOB, SUMMARY, PREDICTEDTOTAL, WARRANTYFOR_ID, APPROXIMATESTARTDATE, GENERATEDBY_ID, ID, LEAD_ID, OPPORTUNITY_ID, OPPORTUNITYDATE, PLANEND, SOLDBY_ID, PROJECT_ID, MANAGEEMPLOYEEEMAIL, PREVAILINGWAGEJOBNUMBER, CREATEDFROMESTIMATESTATUSWHENBOOKING, CUSTOMER_ID, CUSTOMERPO, ACTIVE, ESTIMATEDCOST, EXTERNALID, MODIFIEDON, NUMBER, PROJECTEDVALUE, UNION, DURATION, LEADGENERATED_ID, LOCATION_ID, NOTIFICATIONSENABLED, COMPLETIONSURVEYID, CAMPAIGN_ID, LATEPENALTY, BUSINESSUNIT_ID, CALLSCRIPTANSWERRECORD_ID, END, GENERATEDFROM_ID, INVOICE_ID, MANAGEFOLLOWUPEMAIL, PREVAILINGWAGECODE_ID, ISCONFIRMED, NOCHARGE, PLANSTART, CREATEDBY_ID, ISAUTODISPATCHED, PREDICTEDSALES, PRIORITY, ISPREVAILINGWAGE, STATUS]
Column names for DataMart Table --> STR_JOB :: [APPROXIMATEENDDATE, CALLSCRIPTANSWERRECORD_ID, COMPLETEDON, REASSIGNMENTPENALTY, SMARTDISPATCHDATA_JOB, UNION, NOCHARGE, WARRANTYFOR_ID, BUSINESSUNIT_ID, COMPLETIONSURVEYID, EXTERNALID, ISPREVAILINGWAGE, LASTAPPOINTMENT_ID, OPPORTUNITYDATE, LOCATION_ID, RECORD_CREATE_DATE, STATUS, TYPE_ID, ACTIVE_FLAG, CAMPAIGN_ID, CUSTOMER_ID, ESTIMATEDCOST, ID, LEAD_ID, MANAGEFOLLOWUPEMAIL, RECORD_UPDATE_DATE, START, SUMMARY, TOTAL, ALLOTTEDTIME, GENERATEDFROM_ID, LATEPENALTY, PREVAILINGWAGECODE_ID, SOLDBY_ID, GENERATEDBY_ID, PLANEND, PROJECT_ID, DRIVINGCOST, CREATEDFROMESTIMATE_ID, LEADGENERATED_ID, NUMBER, PRIORITY, PROJECTEDVALUE, SECONDARYJOBNUMBER, CREATEDBY_ID, CREATEDFROMESTIMATESTATUSWHENBOOKING, ISCONFIRMED, LASTCHANGEDBYSMARTDISPATCH, MANAGEEMPLOYEEEMAIL, RECALLFOR_ID, OPPORTUNITY_ID, DRIVETIME, FIRSTAPPOINTMENT_ID, MEMBERSHIP_ID, NOTIFICATIONSENABLED, CUSTOMERPO, DURATION, PREDICTEDSALES, PREDICTEDTOTAL, CREATEDON, END, IMPORTID, MASTER_ID, ISTECHNICIANSPECIFIC, MODIFIEDON, MONTHNUMBER, ACTIVE, APPROXIMATESTARTDATE, PMDATE, INVOICE_ID, ISAUTODISPATCHED, NOCHARGESOURCE, PREVAILINGWAGEJOBNUMBER, TENANT_TYPE, PLANSTART]
Column names for Curated Table --> DIM_JOB :: [LASTCHANGEDBYSMARTDISPATCH, PROJECTEDVALUE, TYPE_ID, EXTERNALID, NOCHARGESOURCE, PMDATE, RECALLFOR_ID, START, ACTIVE, ISAUTODISPATCHED, MONTHNUMBER, PRIORITY, CREATEDON, OPPORTUNITYDATE, PREVAILINGWAGEJOBNUMBER, RECORD_CREATE_DATE, CREATEDBY_ID, LASTAPPOINTMENT_ID, MANAGEEMPLOYEEEMAIL, TOTAL, APPROXIMATESTARTDATE, GENERATEDBY_ID, MANAGEFOLLOWUPEMAIL, RECORD_UPDATED_BY, WARRANTYFOR_ID, UNION, CREATEDFROMESTIMATE_ID, REASSIGNMENTPENALTY, PREDICTEDSALES, LATEPENALTY, DURATION, DRIVETIME, STATUS, SUMMARY, IMPORTID, NOTIFICATIONSENABLED, RECORD_UPDATE_DATE, ALLOTTEDTIME, COMPLETEDON, CUSTOMERPO, GENERATEDFROM_ID, ISTECHNICIANSPECIFIC, LOCATION_ID, PLANEND, MODIFIEDON, PREVAILINGWAGECODE_ID, SECONDARYJOBNUMBER, END, OPPORTUNITY_ID, APPROXIMATEENDDATE, BUSINESSUNIT_ID, CALLSCRIPTANSWERRECORD_ID, CUSTOMER_ID, DRIVINGCOST, ESTIMATEDCOST, FIRSTAPPOINTMENT_ID, PROJECT_ID, SOLDBY_ID, NOCHARGE, ISCONFIRMED, LEADGENERATED_ID, CAMPAIGN_ID, COMPLETIONSURVEYID, CREATEDFROMESTIMATESTATUSWHENBOOKING, ID, INVOICE_ID, ISPREVAILINGWAGE, LEAD_ID, MEMBERSHIP_ID, PLANSTART, SMARTDISPATCHDATA_JOB, TENANT_TYPE, PREDICTEDTOTAL, NUMBER]
Column Name found in Datamart and Curated Table :: ALLOTTEDTIME
Column Name found in Datamart and Curated Table :: LASTCHANGEDBYSMARTDISPATCH
Column Name found in Datamart and Curated Table :: START
Column Name found in Datamart and Curated Table :: DRIVETIME
Column Name found in Datamart and Curated Table :: RECALLFOR_ID
Column Name found in Datamart and Curated Table :: TOTAL
Column Name found in Datamart and Curated Table :: PMDATE
Column Name found in Datamart and Curated Table :: COMPLETEDON
Column Name found in Datamart and Curated Table :: CREATEDFROMESTIMATE_ID
Column Name found in Datamart and Curated Table :: DRIVINGCOST
Column Name found in Datamart and Curated Table :: ISTECHNICIANSPECIFIC
Column Name found in Datamart and Curated Table :: LASTAPPOINTMENT_ID
Column Name found in Datamart and Curated Table :: MEMBERSHIP_ID
Column Name found in Datamart and Curated Table :: MONTHNUMBER
Column Name found in Datamart and Curated Table :: TYPE_ID
Column Name found in Datamart and Curated Table :: SECONDARYJOBNUMBER
Column Name found in Datamart and Curated Table :: APPROXIMATEENDDATE
Column Name found in Datamart and Curated Table :: CREATEDON
Column Name found in Datamart and Curated Table :: FIRSTAPPOINTMENT_ID
Column Name found in Datamart and Curated Table :: IMPORTID
Column Name found in Datamart and Curated Table :: NOCHARGESOURCE
Column Name found in Datamart and Curated Table :: REASSIGNMENTPENALTY
Column Name found in Datamart and Curated Table :: SMARTDISPATCHDATA_JOB
Column Name found in Datamart and Curated Table :: SUMMARY
Column Name found in Datamart and Curated Table :: PREDICTEDTOTAL
Column Name found in Datamart and Curated Table :: WARRANTYFOR_ID
Column Name found in Datamart and Curated Table :: APPROXIMATESTARTDATE
Column Name found in Datamart and Curated Table :: GENERATEDBY_ID
Column Name found in Datamart and Curated Table :: ID
Column Name found in Datamart and Curated Table :: LEAD_ID
Column Name found in Datamart and Curated Table :: OPPORTUNITY_ID
Column Name found in Datamart and Curated Table :: OPPORTUNITYDATE
Column Name found in Datamart and Curated Table :: PLANEND
Column Name found in Datamart and Curated Table :: SOLDBY_ID
Column Name found in Datamart and Curated Table :: PROJECT_ID
Column Name found in Datamart and Curated Table :: MANAGEEMPLOYEEEMAIL
Column Name found in Datamart and Curated Table :: PREVAILINGWAGEJOBNUMBER
Column Name found in Datamart and Curated Table :: CREATEDFROMESTIMATESTATUSWHENBOOKING
Column Name found in Datamart and Curated Table :: CUSTOMER_ID
Column Name found in Datamart and Curated Table :: CUSTOMERPO
Column Name found in Datamart and Curated Table :: ACTIVE
Column Name found in Datamart and Curated Table :: ESTIMATEDCOST
Column Name found in Datamart and Curated Table :: EXTERNALID
Column Name found in Datamart and Curated Table :: MODIFIEDON
Column Name found in Datamart and Curated Table :: NUMBER
Column Name found in Datamart and Curated Table :: PROJECTEDVALUE
Column Name found in Datamart and Curated Table :: UNION
Column Name found in Datamart and Curated Table :: DURATION
Column Name found in Datamart and Curated Table :: LEADGENERATED_ID
Column Name found in Datamart and Curated Table :: LOCATION_ID
Column Name found in Datamart and Curated Table :: NOTIFICATIONSENABLED
Column Name found in Datamart and Curated Table :: COMPLETIONSURVEYID
Column Name found in Datamart and Curated Table :: CAMPAIGN_ID
Column Name found in Datamart and Curated Table :: LATEPENALTY
Column Name found in Datamart and Curated Table :: BUSINESSUNIT_ID
Column Name found in Datamart and Curated Table :: CALLSCRIPTANSWERRECORD_ID
Column Name found in Datamart and Curated Table :: END
Column Name found in Datamart and Curated Table :: GENERATEDFROM_ID
Column Name found in Datamart and Curated Table :: INVOICE_ID
Column Name found in Datamart and Curated Table :: MANAGEFOLLOWUPEMAIL
Column Name found in Datamart and Curated Table :: PREVAILINGWAGECODE_ID
Column Name found in Datamart and Curated Table :: ISCONFIRMED
Column Name found in Datamart and Curated Table :: NOCHARGE
Column Name found in Datamart and Curated Table :: PLANSTART
Column Name found in Datamart and Curated Table :: CREATEDBY_ID
Column Name found in Datamart and Curated Table :: ISAUTODISPATCHED
Column Name found in Datamart and Curated Table :: PREDICTEDSALES
Column Name found in Datamart and Curated Table :: PRIORITY
Column Name found in Datamart and Curated Table :: ISPREVAILINGWAGE
Column Name found in Datamart and Curated Table :: STATUS
Datamart tables contains additional column name like [ACTIVE_FLAG, RECORD_CREATE_DATE, RECORD_UPDATE_DATE, RECORD_UPDATE_DATE, MASTER_ID, TENANT_TYPE]
Curated tables contains additional column name like [RECORD_CREATE_DATE, RECORD_UPDATE_DATE, RECORD_UPDATED_BY, TENANT_TYPE]]]>
  </system-out>
  <testcase classname="testcases.RAW_DATAMART_CURATED.SnowFlake_ColumnValidation_BKPTables" name="validateColumnName_BKP" time="2.983"/>
  <system-out>
    <![CDATA[Executing Snowflake query :: SELECT COLUMN_NAME FROM DEV_ENT_RAW.INFORMATION_SCHEMA.COLUMNS WHERE TABLE_NAME='TAG'and TABLE_SCHEMA='ST_EANESHEATING_MATILLION'
Executing Snowflake query :: SELECT COLUMN_NAME FROM CURATED_DATAMART.INFORMATION_SCHEMA.COLUMNS WHERE TABLE_NAME='STR_TAG'and TABLE_SCHEMA='ST_BKP_EANESHEATING'
Executing Snowflake query :: SELECT COLUMN_NAME FROM DEV_ENT_CURATED.INFORMATION_SCHEMA.COLUMNS WHERE TABLE_NAME='DIM_TAG'and TABLE_SCHEMA='MASTER_DIMENSIONS'
Column names for RAW Table --> TAG :: [GENERATEDFOREXTERNAL, TYPE_ID, CREATEDBY_ID, CREATEDON, REMOVEDBY_ID, MEMO, ID, REMOVEDON, ACTIVE, GENERATEDFOR_ID, IMPORTID, OWNER_ID, MODIFIEDON]
Column names for DataMart Table --> STR_TAG :: [CREATEDON, MEMO, MODIFIEDON, REMOVEDBY_ID, SOURCE_PKEY_SPK, ACTIVE_FLAG, CREATEDBY_ID, ID, IMPORTID, MASTER_ID, OWNER_ID, RECORD_CREATE_DATE, REMOVEDON, TENANT_TYPE, TYPE_ID, ACTIVE, GENERATEDFOREXTERNAL, GENERATEDFOR_ID, RECORD_UPDATE_DATE]
Column names for Curated Table --> DIM_TAG :: [ACTIVE_FLAG, RECORD_CREATE_DATE, CREATEDON, RECORD_UPDATE_DATE, SOURCE_PKEY_SPK, GENERATEDFOR_ID, GENERATEDFOREXTERNAL, TYPE_ID, ACTIVE, CREATEDBY_ID, ID, MODIFIEDON, OWNER_ID, REMOVEDBY_ID, REMOVEDON, MEMO, RECORD_UPDATED_BY, IMPORTID, TENANT_TYPE]
Column Name found in Datamart and Curated Table :: GENERATEDFOREXTERNAL
Column Name found in Datamart and Curated Table :: TYPE_ID
Column Name found in Datamart and Curated Table :: CREATEDBY_ID
Column Name found in Datamart and Curated Table :: CREATEDON
Column Name found in Datamart and Curated Table :: REMOVEDBY_ID
Column Name found in Datamart and Curated Table :: MEMO
Column Name found in Datamart and Curated Table :: ID
Column Name found in Datamart and Curated Table :: REMOVEDON
Column Name found in Datamart and Curated Table :: ACTIVE
Column Name found in Datamart and Curated Table :: GENERATEDFOR_ID
Column Name found in Datamart and Curated Table :: IMPORTID
Column Name found in Datamart and Curated Table :: OWNER_ID
Column Name found in Datamart and Curated Table :: MODIFIEDON
Datamart tables contains additional column name like [ACTIVE_FLAG, RECORD_CREATE_DATE, RECORD_UPDATE_DATE, RECORD_UPDATE_DATE, MASTER_ID, TENANT_TYPE]
Curated tables contains additional column name like [RECORD_CREATE_DATE, RECORD_UPDATE_DATE, RECORD_UPDATED_BY, TENANT_TYPE]]]>
  </system-out>
  <testcase classname="testcases.RAW_DATAMART_CURATED.SnowFlake_ColumnValidation_BKPTables" name="validateColumnName_BKP" time="2.451"/>
  <system-out>
    <![CDATA[Executing Snowflake query :: SELECT COLUMN_NAME FROM DEV_ENT_RAW.INFORMATION_SCHEMA.COLUMNS WHERE TABLE_NAME='MATERIALVENDORSUBACCOUNT'and TABLE_SCHEMA='ST_HENDERSON_MATILLION'
Executing Snowflake query :: SELECT COLUMN_NAME FROM CURATED_DATAMART.INFORMATION_SCHEMA.COLUMNS WHERE TABLE_NAME='STR_MATERIALVENDORSUBACCOUNT'and TABLE_SCHEMA='ST_BKP_HENDERSON'
Executing Snowflake query :: SELECT COLUMN_NAME FROM DEV_ENT_CURATED.INFORMATION_SCHEMA.COLUMNS WHERE TABLE_NAME='DIM_MATERIALVENDORSUBACCOUNT'and TABLE_SCHEMA='MASTER_DIMENSIONS'
Column names for RAW Table --> MATERIALVENDORSUBACCOUNT :: [ID, MATERIALVENDOR_ID, CREATEDON, ACCOUNTNAME, ACTIVE, COST, IMPORTID, CREATEDBY_ID]
Column names for DataMart Table --> STR_MATERIALVENDORSUBACCOUNT :: [MATERIALVENDOR_ID, COST, CREATEDON, MASTER_ID, TENANT_TYPE, ACTIVE, RECORD_UPDATE_DATE, CREATEDBY_ID, RECORD_CREATE_DATE, ID, ACCOUNTNAME, IMPORTID, ACTIVE_FLAG]
Column names for Curated Table --> DIM_MATERIALVENDORSUBACCOUNT :: [RECORD_CREATE_DATE, IMPORTID, ACTIVE, CREATEDBY_ID, CREATEDON, ID, RECORD_UPDATE_DATE, TENANT_TYPE, RECORD_UPDATED_BY, ACCOUNTNAME, MATERIALVENDOR_ID, COST]
Column Name found in Datamart and Curated Table :: ID
Column Name found in Datamart and Curated Table :: MATERIALVENDOR_ID
Column Name found in Datamart and Curated Table :: CREATEDON
Column Name found in Datamart and Curated Table :: ACCOUNTNAME
Column Name found in Datamart and Curated Table :: ACTIVE
Column Name found in Datamart and Curated Table :: COST
Column Name found in Datamart and Curated Table :: IMPORTID
Column Name found in Datamart and Curated Table :: CREATEDBY_ID
Datamart tables contains additional column name like [ACTIVE_FLAG, RECORD_CREATE_DATE, RECORD_UPDATE_DATE, RECORD_UPDATE_DATE, MASTER_ID, TENANT_TYPE]
Curated tables contains additional column name like [RECORD_CREATE_DATE, RECORD_UPDATE_DATE, RECORD_UPDATED_BY, TENANT_TYPE]]]>
  </system-out>
  <testcase classname="testcases.RAW_DATAMART_CURATED.SnowFlake_ColumnValidation_BKPTables" name="validateColumnName_BKP" time="2.861"/>
  <system-out>
    <![CDATA[Executing Snowflake query :: SELECT COLUMN_NAME FROM DEV_ENT_RAW.INFORMATION_SCHEMA.COLUMNS WHERE TABLE_NAME='TAGTYPE'and TABLE_SCHEMA='ST_HUTCHINSON_MATILLION'
Executing Snowflake query :: SELECT COLUMN_NAME FROM CURATED_DATAMART.INFORMATION_SCHEMA.COLUMNS WHERE TABLE_NAME='STR_TAGTYPE'and TABLE_SCHEMA='ST_BKP_HUTCHINSON'
Executing Snowflake query :: SELECT COLUMN_NAME FROM DEV_ENT_CURATED.INFORMATION_SCHEMA.COLUMNS WHERE TABLE_NAME='DIM_TAGTYPE'and TABLE_SCHEMA='MASTER_DIMENSIONS'
Column names for RAW Table --> TAGTYPE :: [MODIFIEDON, IMPORTID, IMPORTANCE, ID, CREATEDON, ISALWAYSVISIBLE, ISCONVERSIONOPPORTUNITY, PROJECTEDVALUEADJUSTMENT, CREATEDBY_ID, NAME, ACTIVE, COLOR, CODE, FONTCOLOR, ISVISIBLEONDISPATCHBOARD]
Column names for DataMart Table --> STR_TAGTYPE :: [MASTER_ID, TENANT_TYPE, ISVISIBLEONDISPATCHBOARD, RECORD_UPDATE_DATE, ACTIVE, CODE, RECORD_CREATE_DATE, CREATEDBY_ID, FONTCOLOR, IMPORTID, MODIFIEDON, PROJECTEDVALUEADJUSTMENT, IMPORTANCE, ID, ISALWAYSVISIBLE, ISCONVERSIONOPPORTUNITY, COLOR, ACTIVE_FLAG, CREATEDON, NAME]
Column names for Curated Table --> DIM_TAGTYPE :: [ACTIVE, CODE, FONTCOLOR, IMPORTANCE, TENANT_TYPE, NAME, CREATEDBY_ID, ID, MODIFIEDON, RECORD_UPDATED_BY, COLOR, CREATEDON, RECORD_UPDATE_DATE, ISCONVERSIONOPPORTUNITY, PROJECTEDVALUEADJUSTMENT, RECORD_CREATE_DATE, ISALWAYSVISIBLE, IMPORTID, ISVISIBLEONDISPATCHBOARD]
Column Name found in Datamart and Curated Table :: MODIFIEDON
Column Name found in Datamart and Curated Table :: IMPORTID
Column Name found in Datamart and Curated Table :: IMPORTANCE
Column Name found in Datamart and Curated Table :: ID
Column Name found in Datamart and Curated Table :: CREATEDON
Column Name found in Datamart and Curated Table :: ISALWAYSVISIBLE
Column Name found in Datamart and Curated Table :: ISCONVERSIONOPPORTUNITY
Column Name found in Datamart and Curated Table :: PROJECTEDVALUEADJUSTMENT
Column Name found in Datamart and Curated Table :: CREATEDBY_ID
Column Name found in Datamart and Curated Table :: NAME
Column Name found in Datamart and Curated Table :: ACTIVE
Column Name found in Datamart and Curated Table :: COLOR
Column Name found in Datamart and Curated Table :: CODE
Column Name found in Datamart and Curated Table :: FONTCOLOR
Column Name found in Datamart and Curated Table :: ISVISIBLEONDISPATCHBOARD
Datamart tables contains additional column name like [ACTIVE_FLAG, RECORD_CREATE_DATE, RECORD_UPDATE_DATE, RECORD_UPDATE_DATE, MASTER_ID, TENANT_TYPE]
Curated tables contains additional column name like [RECORD_CREATE_DATE, RECORD_UPDATE_DATE, RECORD_UPDATED_BY, TENANT_TYPE]]]>
  </system-out>
  <testcase classname="testcases.RAW_DATAMART_CURATED.SnowFlake_ColumnValidation_BKPTables" name="validateColumnName_BKP" time="2.662"/>
  <system-out>
    <![CDATA[Executing Snowflake query :: SELECT COLUMN_NAME FROM DEV_ENT_RAW.INFORMATION_SCHEMA.COLUMNS WHERE TABLE_NAME='CALL'and TABLE_SCHEMA='ST_MAITZ_MATILLION'
Executing Snowflake query :: SELECT COLUMN_NAME FROM CURATED_DATAMART.INFORMATION_SCHEMA.COLUMNS WHERE TABLE_NAME='STR_CALL'and TABLE_SCHEMA='ST_BKP_MAITZ'
Executing Snowflake query :: SELECT COLUMN_NAME FROM DEV_ENT_CURATED.INFORMATION_SCHEMA.COLUMNS WHERE TABLE_NAME='DIM_CALL'and TABLE_SCHEMA='MASTER_DIMENSIONS'
Column names for RAW Table --> CALL :: [WONTREVIEW, RECORDINGID, CONVERSIONSCORE, TO, CREATEDON, DIRECTION, IMPORTID, ACTIVE, ID, VOICEMAILPATH, CAMPAIGN_ID, LEAD_ID, LOCATION_ID, MODIFIEDON, RECORDINGPATH, TYPE, AGENT_ID, CUSTOMER_ID, DURATION, FOLLOWUP_ID, REASON_ID, RECORDINGURL, JOB_ID, TAG, CREATEDBY_ID, FROM, REVIEWINGBY_ID, EXCUSEMEMO, CALLSERVICE, ESTIMATE_ID, REVIEWEDBY_ID, SID, STATUS]
Column names for DataMart Table --> STR_CALL :: [CALLSERVICE, EXCUSEMEMO, JOB_ID, RECORDINGID, ACTIVE, CREATEDON, CUSTOMER_ID, STATUS, TO, DIRECTION, DURATION, FOLLOWUP_ID, LEAD_ID, LOCATION_ID, VOICEMAILPATH, TENANT_TYPE, AGENT_ID, TYPE, ESTIMATE_ID, ID, TAG, REVIEWINGBY_ID, CAMPAIGN_ID, CONVERSIONSCORE, CREATEDBY_ID, MODIFIEDON, RECORDINGURL, RECORD_UPDATE_DATE, SID, RECORDINGPATH, WONTREVIEW, REASON_ID, ACTIVE_FLAG, FROM, MASTER_ID, REVIEWEDBY_ID, IMPORTID, RECORD_CREATE_DATE]
Column names for Curated Table --> DIM_CALL :: [ESTIMATE_ID, REASON_ID, WONTREVIEW, AGENT_ID, DIRECTION, FOLLOWUP_ID, LOCATION_ID, RECORDINGID, TAG, TYPE, CUSTOMER_ID, LEAD_ID, RECORDINGPATH, VOICEMAILPATH, STATUS, CONVERSIONSCORE, FROM, CREATEDBY_ID, DURATION, TENANT_TYPE, ACTIVE, CALLSERVICE, CAMPAIGN_ID, ID, RECORDINGURL, RECORD_UPDATE_DATE, RECORD_CREATE_DATE, JOB_ID, REVIEWEDBY_ID, TO, RECORD_UPDATED_BY, REVIEWINGBY_ID, SID, CREATEDON, EXCUSEMEMO, IMPORTID, MODIFIEDON]
Column Name found in Datamart and Curated Table :: WONTREVIEW
Column Name found in Datamart and Curated Table :: RECORDINGID
Column Name found in Datamart and Curated Table :: CONVERSIONSCORE
Column Name found in Datamart and Curated Table :: TO
Column Name found in Datamart and Curated Table :: CREATEDON
Column Name found in Datamart and Curated Table :: DIRECTION
Column Name found in Datamart and Curated Table :: IMPORTID
Column Name found in Datamart and Curated Table :: ACTIVE
Column Name found in Datamart and Curated Table :: ID
Column Name found in Datamart and Curated Table :: VOICEMAILPATH
Column Name found in Datamart and Curated Table :: CAMPAIGN_ID
Column Name found in Datamart and Curated Table :: LEAD_ID
Column Name found in Datamart and Curated Table :: LOCATION_ID
Column Name found in Datamart and Curated Table :: MODIFIEDON
Column Name found in Datamart and Curated Table :: RECORDINGPATH
Column Name found in Datamart and Curated Table :: TYPE
Column Name found in Datamart and Curated Table :: AGENT_ID
Column Name found in Datamart and Curated Table :: CUSTOMER_ID
Column Name found in Datamart and Curated Table :: DURATION
Column Name found in Datamart and Curated Table :: FOLLOWUP_ID
Column Name found in Datamart and Curated Table :: REASON_ID
Column Name found in Datamart and Curated Table :: RECORDINGURL
Column Name found in Datamart and Curated Table :: JOB_ID
Column Name found in Datamart and Curated Table :: TAG
Column Name found in Datamart and Curated Table :: CREATEDBY_ID
Column Name found in Datamart and Curated Table :: FROM
Column Name found in Datamart and Curated Table :: REVIEWINGBY_ID
Column Name found in Datamart and Curated Table :: EXCUSEMEMO
Column Name found in Datamart and Curated Table :: CALLSERVICE
Column Name found in Datamart and Curated Table :: ESTIMATE_ID
Column Name found in Datamart and Curated Table :: REVIEWEDBY_ID
Column Name found in Datamart and Curated Table :: SID
Column Name found in Datamart and Curated Table :: STATUS
Datamart tables contains additional column name like [ACTIVE_FLAG, RECORD_CREATE_DATE, RECORD_UPDATE_DATE, RECORD_UPDATE_DATE, MASTER_ID, TENANT_TYPE]
Curated tables contains additional column name like [RECORD_CREATE_DATE, RECORD_UPDATE_DATE, RECORD_UPDATED_BY, TENANT_TYPE]]]>
  </system-out>
  <testcase classname="testcases.RAW_DATAMART_CURATED.SnowFlake_ColumnValidation_BKPTables" name="validateColumnName_BKP" time="2.454"/>
  <system-out>
    <![CDATA[Executing Snowflake query :: SELECT COLUMN_NAME FROM DEV_ENT_RAW.INFORMATION_SCHEMA.COLUMNS WHERE TABLE_NAME='TAGTYPE'and TABLE_SCHEMA='ST_HORIZONSERVICES_MATILLION'
Executing Snowflake query :: SELECT COLUMN_NAME FROM CURATED_DATAMART.INFORMATION_SCHEMA.COLUMNS WHERE TABLE_NAME='STR_TAGTYPE'and TABLE_SCHEMA='ST_BKP_HORIZONSERVICES'
Executing Snowflake query :: SELECT COLUMN_NAME FROM DEV_ENT_CURATED.INFORMATION_SCHEMA.COLUMNS WHERE TABLE_NAME='DIM_TAGTYPE'and TABLE_SCHEMA='MASTER_DIMENSIONS'
Column names for RAW Table --> TAGTYPE :: [ISCONVERSIONOPPORTUNITY, MODIFIEDON, ID, FONTCOLOR, IMPORTID, NAME, CODE, CREATEDBY_ID, CREATEDON, IMPORTANCE, ACTIVE, COLOR, ISALWAYSVISIBLE, ISVISIBLEONDISPATCHBOARD, PROJECTEDVALUEADJUSTMENT]
Column names for DataMart Table --> STR_TAGTYPE :: [ACTIVE, ACTIVE_FLAG, IMPORTANCE, MODIFIEDON, NAME, RECORD_UPDATE_DATE, ISALWAYSVISIBLE, IMPORTID, CREATEDBY_ID, CREATEDON, ISCONVERSIONOPPORTUNITY, RECORD_CREATE_DATE, PROJECTEDVALUEADJUSTMENT, FONTCOLOR, TENANT_TYPE, CODE, ID, ISVISIBLEONDISPATCHBOARD, COLOR, MASTER_ID]
Column names for Curated Table --> DIM_TAGTYPE :: [ACTIVE, CODE, FONTCOLOR, IMPORTANCE, TENANT_TYPE, NAME, CREATEDBY_ID, ID, MODIFIEDON, RECORD_UPDATED_BY, COLOR, CREATEDON, RECORD_UPDATE_DATE, ISCONVERSIONOPPORTUNITY, PROJECTEDVALUEADJUSTMENT, RECORD_CREATE_DATE, ISALWAYSVISIBLE, IMPORTID, ISVISIBLEONDISPATCHBOARD]
Column Name found in Datamart and Curated Table :: ISCONVERSIONOPPORTUNITY
Column Name found in Datamart and Curated Table :: MODIFIEDON
Column Name found in Datamart and Curated Table :: ID
Column Name found in Datamart and Curated Table :: FONTCOLOR
Column Name found in Datamart and Curated Table :: IMPORTID
Column Name found in Datamart and Curated Table :: NAME
Column Name found in Datamart and Curated Table :: CODE
Column Name found in Datamart and Curated Table :: CREATEDBY_ID
Column Name found in Datamart and Curated Table :: CREATEDON
Column Name found in Datamart and Curated Table :: IMPORTANCE
Column Name found in Datamart and Curated Table :: ACTIVE
Column Name found in Datamart and Curated Table :: COLOR
Column Name found in Datamart and Curated Table :: ISALWAYSVISIBLE
Column Name found in Datamart and Curated Table :: ISVISIBLEONDISPATCHBOARD
Column Name found in Datamart and Curated Table :: PROJECTEDVALUEADJUSTMENT
Datamart tables contains additional column name like [ACTIVE_FLAG, RECORD_CREATE_DATE, RECORD_UPDATE_DATE, RECORD_UPDATE_DATE, MASTER_ID, TENANT_TYPE]
Curated tables contains additional column name like [RECORD_CREATE_DATE, RECORD_UPDATE_DATE, RECORD_UPDATED_BY, TENANT_TYPE]]]>
  </system-out>
  <testcase classname="testcases.RAW_DATAMART_CURATED.SnowFlake_ColumnValidation_BKPTables" name="validateColumnName_BKP" time="2.165">
    <failure message="The following asserts failed:
	null,
	null" type="java.lang.AssertionError">
      <![CDATA[java.lang.AssertionError: The following asserts failed:
null,
null
at org.testng.asserts.SoftAssert.assertAll(SoftAssert.java:47)
at org.testng.asserts.SoftAssert.assertAll(SoftAssert.java:31)
at testcases.RAW_DATAMART_CURATED.SnowFlake_ColumnValidation_BKPTables.validateColumnName_BKP(SnowFlake_ColumnValidation_BKPTables.java:120)
at jdk.internal.reflect.GeneratedMethodAccessor38.invoke(Unknown Source)
at java.base/jdk.internal.reflect.DelegatingMethodAccessorImpl.invoke(DelegatingMethodAccessorImpl.java:43)
at java.base/java.lang.reflect.Method.invoke(Method.java:568)
at org.testng.internal.MethodInvocationHelper.invokeMethod(MethodInvocationHelper.java:133)
at org.testng.internal.TestInvoker.invokeMethod(TestInvoker.java:598)
at org.testng.internal.TestInvoker.invokeTestMethod(TestInvoker.java:173)
at org.testng.internal.MethodRunner.runInSequence(MethodRunner.java:46)
at org.testng.internal.TestInvoker$MethodInvocationAgent.invoke(TestInvoker.java:824)
at org.testng.internal.TestInvoker.invokeTestMethods(TestInvoker.java:146)
at org.testng.internal.TestMethodWorker.invokeTestMethods(TestMethodWorker.java:146)
at org.testng.internal.TestMethodWorker.run(TestMethodWorker.java:128)
at java.base/java.util.ArrayList.forEach(ArrayList.java:1511)
at org.testng.TestRunner.privateRun(TestRunner.java:794)
at org.testng.TestRunner.run(TestRunner.java:596)
at org.testng.SuiteRunner.runTest(SuiteRunner.java:377)
at org.testng.SuiteRunner.runSequentially(SuiteRunner.java:371)
at org.testng.SuiteRunner.privateRun(SuiteRunner.java:332)
at org.testng.SuiteRunner.run(SuiteRunner.java:276)
at org.testng.SuiteRunnerWorker.runSuite(SuiteRunnerWorker.java:53)
at org.testng.SuiteRunnerWorker.run(SuiteRunnerWorker.java:96)
at org.testng.TestNG.runSuitesSequentially(TestNG.java:1212)
at org.testng.TestNG.runSuitesLocally(TestNG.java:1134)
at org.testng.TestNG.runSuites(TestNG.java:1063)
at org.testng.TestNG.run(TestNG.java:1031)
at org.testng.remote.AbstractRemoteTestNG.run(AbstractRemoteTestNG.java:115)
at org.testng.remote.RemoteTestNG.initAndRun(RemoteTestNG.java:251)
at org.testng.remote.RemoteTestNG.main(RemoteTestNG.java:77)
]]>
    </failure>
  </testcase> <!-- validateColumnName_BKP -->
  <system-out>
    <![CDATA[Executing Snowflake query :: SELECT COLUMN_NAME FROM DEV_ENT_RAW.INFORMATION_SCHEMA.COLUMNS WHERE TABLE_NAME='PROJECT'and TABLE_SCHEMA='ST_HUTCHINSON_MATILLION'
Executing Snowflake query :: SELECT COLUMN_NAME FROM CURATED_DATAMART.INFORMATION_SCHEMA.COLUMNS WHERE TABLE_NAME='STR_PROJECT'and TABLE_SCHEMA='ST_BKP_HUTCHINSON'
Executing Snowflake query :: SELECT COLUMN_NAME FROM DEV_ENT_CURATED.INFORMATION_SCHEMA.COLUMNS WHERE TABLE_NAME='DIM_PROJECT'and TABLE_SCHEMA='MASTER_DIMENSIONS'
Column names for RAW Table --> PROJECT :: [ACKNOWLEDGEMENTSIGNATURE, ACTIVE, COMPLETEDON, CONTRACTFOR, ISRETAINAGEENABLED, PAYMENTTERM_ID, MODIFIEDON, AUTHORIZATIONSIGNATURE, NUMBER, REVENUERECOGNITIONMETHOD, CONTRACTESTIMATE_ID, COSTTOCOMPLETE, NAME, RETAINAGEPERCENT, STARTEDON, SUMMARY, AREITEMSREORDERED, COMPLETIONPERCENT, CUSTOMER_ID, ID, LOCATION_ID, CREATEDBY_ID, ISPREVAILINGWAGE, COMPLETEDONACTUAL, IMPORTID, CONTRACTSTARTDATE, CREATEDON, PROJECTSETTINGSTYPE, TECHNICIANSIGNATURE]
Column names for DataMart Table --> STR_PROJECT :: [STARTEDON, IMPORTID, RECORD_UPDATE_DATE, COMPLETEDONACTUAL, MD5_VALUE, PROJECTSETTINGSTYPE, CREATEDON, CONTRACTSTARTDATE, NAME, COMPLETIONPERCENT, AREITEMSREORDERED, MASTER_ID, SUMMARY, COMPLETEDON, ACTIVE, CUSTOMER_ID, PAYMENTTERM_ID, MODIFIEDON, CREATEDBY_ID, AUTHORIZATIONSIGNATURE, ISPREVAILINGWAGE, LOCATION_ID, RECORD_CREATE_DATE, RETAINAGEPERCENT, TENANT_TYPE, TECHNICIANSIGNATURE, ACKNOWLEDGEMENTSIGNATURE, ACTIVE_FLAG, CONTRACTESTIMATE_ID, CONTRACTFOR, ID, ISRETAINAGEENABLED, NUMBER]
Column names for Curated Table --> DIM_PROJECT :: [RECORD_UPDATE_DATE, ACTIVE, AUTHORIZATIONSIGNATURE, COMPLETEDON, RETAINAGEPERCENT, IMPORTID, CONTRACTFOR, CONTRACTSTARTDATE, ID, ISRETAINAGEENABLED, RECORD_CREATE_DATE, RECORD_UPDATED_BY, TENANT_TYPE, PROJECTSETTINGSTYPE, TECHNICIANSIGNATURE, ISPREVAILINGWAGE, MD5_VALUE, NAME, PAYMENTTERM_ID, COMPLETEDONACTUAL, CUSTOMER_ID, NUMBER, AREITEMSREORDERED, CREATEDON, LOCATION_ID, MODIFIEDON, STARTEDON, ACKNOWLEDGEMENTSIGNATURE, COMPLETIONPERCENT, CONTRACTESTIMATE_ID, SUMMARY, CREATEDBY_ID]
Column Name found in Datamart and Curated Table :: ACKNOWLEDGEMENTSIGNATURE
Column Name found in Datamart and Curated Table :: ACTIVE
Column Name found in Datamart and Curated Table :: COMPLETEDON
Column Name found in Datamart and Curated Table :: CONTRACTFOR
Column Name found in Datamart and Curated Table :: ISRETAINAGEENABLED
Column Name found in Datamart and Curated Table :: PAYMENTTERM_ID
Column Name found in Datamart and Curated Table :: MODIFIEDON
Column Name found in Datamart and Curated Table :: AUTHORIZATIONSIGNATURE
Column Name found in Datamart and Curated Table :: NUMBER
Column Name not found in Datamart and Curated Table :: REVENUERECOGNITIONMETHOD
Column Name found in Datamart and Curated Table :: CONTRACTESTIMATE_ID
Column Name not found in Datamart and Curated Table :: COSTTOCOMPLETE
Column Name found in Datamart and Curated Table :: NAME
Column Name found in Datamart and Curated Table :: RETAINAGEPERCENT
Column Name found in Datamart and Curated Table :: STARTEDON
Column Name found in Datamart and Curated Table :: SUMMARY
Column Name found in Datamart and Curated Table :: AREITEMSREORDERED
Column Name found in Datamart and Curated Table :: COMPLETIONPERCENT
Column Name found in Datamart and Curated Table :: CUSTOMER_ID
Column Name found in Datamart and Curated Table :: ID
Column Name found in Datamart and Curated Table :: LOCATION_ID
Column Name found in Datamart and Curated Table :: CREATEDBY_ID
Column Name found in Datamart and Curated Table :: ISPREVAILINGWAGE
Column Name found in Datamart and Curated Table :: COMPLETEDONACTUAL
Column Name found in Datamart and Curated Table :: IMPORTID
Column Name found in Datamart and Curated Table :: CONTRACTSTARTDATE
Column Name found in Datamart and Curated Table :: CREATEDON
Column Name found in Datamart and Curated Table :: PROJECTSETTINGSTYPE
Column Name found in Datamart and Curated Table :: TECHNICIANSIGNATURE
Datamart tables contains additional column name like [ACTIVE_FLAG, RECORD_CREATE_DATE, RECORD_UPDATE_DATE, RECORD_UPDATE_DATE, MASTER_ID, TENANT_TYPE]
Curated tables contains additional column name like [RECORD_CREATE_DATE, RECORD_UPDATE_DATE, RECORD_UPDATED_BY, TENANT_TYPE]]]>
  </system-out>
  <testcase classname="testcases.RAW_DATAMART_CURATED.SnowFlake_ColumnValidation_BKPTables" name="validateColumnName_BKP" time="3.666"/>
  <system-out>
    <![CDATA[Executing Snowflake query :: SELECT COLUMN_NAME FROM DEV_ENT_RAW.INFORMATION_SCHEMA.COLUMNS WHERE TABLE_NAME='TECHNICIANSHIFT'and TABLE_SCHEMA='ST_HUTCHINSON_MATILLION'
Executing Snowflake query :: SELECT COLUMN_NAME FROM CURATED_DATAMART.INFORMATION_SCHEMA.COLUMNS WHERE TABLE_NAME='STR_TECHNICIANSHIFT'and TABLE_SCHEMA='ST_BKP_HUTCHINSON'
Executing Snowflake query :: SELECT COLUMN_NAME FROM DEV_ENT_CURATED.INFORMATION_SCHEMA.COLUMNS WHERE TABLE_NAME='DIM_TECHNICIANSHIFT'and TABLE_SCHEMA='MASTER_DIMENSIONS'
Column names for RAW Table --> TECHNICIANSHIFT :: []
Column names for DataMart Table --> STR_TECHNICIANSHIFT :: [CREATEDBY_ID, ENDTIME, SHIFTTYPE, STARTDATE, IMPORTID, NOTE, START, TIMESHEET_ID, MASTER_ID, TENANT_TYPE, ACTIVE, ACTIVE_FLAG, RECORD_CREATE_DATE, BATCH, STARTTIME, TECHNICIAN_ID, TIMESHEETCODE_ID, END, TITLE, CREATEDON, ENDDATE, ID, RECORD_UPDATE_DATE]
Column names for Curated Table --> DIM_TECHNICIANSHIFT :: [CREATEDON, TENANT_TYPE, TITLE, ACTIVE, NOTE, RECORD_CREATE_DATE, END, ID, RECORD_UPDATED_BY, TIMESHEETCODE_ID, IMPORTID, RECORD_UPDATE_DATE, STARTTIME, TECHNICIAN_ID, TIMESHEET_ID, CREATEDBY_ID, ENDDATE, START, SHIFTTYPE, BATCH, ENDTIME, STARTDATE]
Datamart tables contains additional column name like [ACTIVE_FLAG, RECORD_CREATE_DATE, RECORD_UPDATE_DATE, RECORD_UPDATE_DATE, MASTER_ID, TENANT_TYPE]
Curated tables contains additional column name like [RECORD_CREATE_DATE, RECORD_UPDATE_DATE, RECORD_UPDATED_BY, TENANT_TYPE]]]>
  </system-out>
  <testcase classname="testcases.RAW_DATAMART_CURATED.SnowFlake_ColumnValidation_BKPTables" name="validateColumnName_BKP" time="2.561"/>
  <system-out>
    <![CDATA[Executing Snowflake query :: SELECT COLUMN_NAME FROM DEV_ENT_RAW.INFORMATION_SCHEMA.COLUMNS WHERE TABLE_NAME='CUSTOMERMEMBERSHIP'and TABLE_SCHEMA='ST_EANESHEATING_MATILLION'
Executing Snowflake query :: SELECT COLUMN_NAME FROM CURATED_DATAMART.INFORMATION_SCHEMA.COLUMNS WHERE TABLE_NAME='STR_CUSTOMERMEMBERSHIP'and TABLE_SCHEMA='ST_BKP_EANESHEATING'
Executing Snowflake query :: SELECT COLUMN_NAME FROM DEV_ENT_CURATED.INFORMATION_SCHEMA.COLUMNS WHERE TABLE_NAME='DIM_CUSTOMERMEMBERSHIP'and TABLE_SCHEMA='MASTER_DIMENSIONS'
Column names for RAW Table --> CUSTOMERMEMBERSHIP :: [ACTIVE, CANCELATIONINVOICE_ID, RECURRINGLOCATION_ID, BILLINGFREQUENCY, FOLLOWUPSTATUS, IMPORTID, FOLLOWUPCUSTOMSTATUS_ID, RENEWALMEMBERSHIPTASKREFERENCE_SKUTYPE, ACTIVATEDBY_ID, BILLINGCOVERAGEPERIOD, DURATION, FIRSTSCHEDULEDBILLDATE, INVOICETEMPLATE_ID, CREATEDBY_ID, LOCATION_ID, RENEWALMEMBERSHIPTASK_ID, BILLINGTEMPLATE_ID, CUSTOMER_ID, RENEWEDBY_ID, BILLINGPREFERENCE, NEXTSCHEDULEDBILLDATE, PREVIOUSRECURRINGLOCATION_ID, RENEWALMEMBERSHIPTASKREFERENCE_SKUID, TYPE_ID, SOLDBY_ID, FROM, ID, INITIALDEFERREDREVENUE, MEMO, RENEWALBILLINGFREQUENCY, RENEWALDURATION, CANCELATIONBALANCEINVOICE_ID, CANCELLATIONDATE, EXPIREDAT, STATUS, BILLINGEMAIL_ID, BUSINESSUNIT_ID, FOLLOWUPON, PAYMENTMETHOD_ID, CREATEDON, TO, ACTIVATEDFROM_ID, CANCELATIONBUYOUTINVOICE_ID, PAYMENTTYPE_ID, CUSTOMERPO, MODIFIEDON]
Column names for DataMart Table --> STR_CUSTOMERMEMBERSHIP :: [ACTIVATEDFROM_ID, BILLINGPREFERENCE, LOCATION_ID, MODIFIEDON, RENEWALDURATION, RENEWALMEMBERSHIPTASK_ID, FOLLOWUPCUSTOMSTATUS_ID, FOLLOWUPON, ID, INVOICETEMPLATE_ID, PAYMENTMETHOD_ID, NEXTSCHEDULEDBILLDATE, RENEWALBILLINGFREQUENCY, RENEWEDBY_ID, RECORD_UPDATE_DATE, CREATEDBY_ID, FROM, MEMO, INITIALDEFERREDREVENUE, RENEWALMEMBERSHIPTASKREFERENCE_SKUID, ACTIVE, BILLINGEMAIL_ID, CUSTOMERPO, MASTER_ID, CUSTOMER_ID, IMPORTID, SOLDBY_ID, PREVIOUSRECURRINGLOCATION_ID, BILLINGFREQUENCY, TENANT_TYPE, ACTIVATEDBY_ID, CANCELLATIONDATE, CREATEDON, DURATION, EXPIREDAT, FIRSTSCHEDULEDBILLDATE, CANCELATIONBUYOUTINVOICE_ID, STATUS, TO, BUSINESSUNIT_ID, RENEWALMEMBERSHIPTASKREFERENCE_SKUTYPE, RECURRINGLOCATION_ID, ACTIVE_FLAG, BILLINGCOVERAGEPERIOD, BILLINGTEMPLATE_ID, CANCELATIONBALANCEINVOICE_ID, FOLLOWUPSTATUS, PAYMENTTYPE_ID, CANCELATIONINVOICE_ID, RECORD_CREATE_DATE, TYPE_ID]
Column names for Curated Table --> DIM_CUSTOMERMEMBERSHIP :: [BILLINGFREQUENCY, CREATEDBY_ID, MODIFIEDON, PAYMENTTYPE_ID, RECURRINGLOCATION_ID, ACTIVE, BILLINGEMAIL_ID, FIRSTSCHEDULEDBILLDATE, RENEWALMEMBERSHIPTASKREFERENCE_SKUTYPE, TENANT_TYPE, ACTIVATEDBY_ID, BUSINESSUNIT_ID, CREATEDON, ID, INITIALDEFERREDREVENUE, CUSTOMERPO, FOLLOWUPSTATUS, RENEWALDURATION, RECORD_UPDATED_BY, BILLINGTEMPLATE_ID, FOLLOWUPCUSTOMSTATUS_ID, PAYMENTMETHOD_ID, RECORD_UPDATE_DATE, SOLDBY_ID, TYPE_ID, RENEWALMEMBERSHIPTASK_ID, BILLINGPREFERENCE, EXPIREDAT, NEXTSCHEDULEDBILLDATE, ACTIVATEDFROM_ID, CANCELATIONBALANCEINVOICE_ID, FROM, RECORD_CREATE_DATE, RENEWALMEMBERSHIPTASKREFERENCE_SKUID, TO, FOLLOWUPON, BILLINGCOVERAGEPERIOD, CUSTOMER_ID, DURATION, IMPORTID, RENEWALBILLINGFREQUENCY, STATUS, MEMO, CANCELATIONINVOICE_ID, CANCELLATIONDATE, PREVIOUSRECURRINGLOCATION_ID, CANCELATIONBUYOUTINVOICE_ID, INVOICETEMPLATE_ID, LOCATION_ID, RENEWEDBY_ID]
Column Name found in Datamart and Curated Table :: ACTIVE
Column Name found in Datamart and Curated Table :: CANCELATIONINVOICE_ID
Column Name found in Datamart and Curated Table :: RECURRINGLOCATION_ID
Column Name found in Datamart and Curated Table :: BILLINGFREQUENCY
Column Name found in Datamart and Curated Table :: FOLLOWUPSTATUS
Column Name found in Datamart and Curated Table :: IMPORTID
Column Name found in Datamart and Curated Table :: FOLLOWUPCUSTOMSTATUS_ID
Column Name found in Datamart and Curated Table :: RENEWALMEMBERSHIPTASKREFERENCE_SKUTYPE
Column Name found in Datamart and Curated Table :: ACTIVATEDBY_ID
Column Name found in Datamart and Curated Table :: BILLINGCOVERAGEPERIOD
Column Name found in Datamart and Curated Table :: DURATION
Column Name found in Datamart and Curated Table :: FIRSTSCHEDULEDBILLDATE
Column Name found in Datamart and Curated Table :: INVOICETEMPLATE_ID
Column Name found in Datamart and Curated Table :: CREATEDBY_ID
Column Name found in Datamart and Curated Table :: LOCATION_ID
Column Name found in Datamart and Curated Table :: RENEWALMEMBERSHIPTASK_ID
Column Name found in Datamart and Curated Table :: BILLINGTEMPLATE_ID
Column Name found in Datamart and Curated Table :: CUSTOMER_ID
Column Name found in Datamart and Curated Table :: RENEWEDBY_ID
Column Name found in Datamart and Curated Table :: BILLINGPREFERENCE
Column Name found in Datamart and Curated Table :: NEXTSCHEDULEDBILLDATE
Column Name found in Datamart and Curated Table :: PREVIOUSRECURRINGLOCATION_ID
Column Name found in Datamart and Curated Table :: RENEWALMEMBERSHIPTASKREFERENCE_SKUID
Column Name found in Datamart and Curated Table :: TYPE_ID
Column Name found in Datamart and Curated Table :: SOLDBY_ID
Column Name found in Datamart and Curated Table :: FROM
Column Name found in Datamart and Curated Table :: ID
Column Name found in Datamart and Curated Table :: INITIALDEFERREDREVENUE
Column Name found in Datamart and Curated Table :: MEMO
Column Name found in Datamart and Curated Table :: RENEWALBILLINGFREQUENCY
Column Name found in Datamart and Curated Table :: RENEWALDURATION
Column Name found in Datamart and Curated Table :: CANCELATIONBALANCEINVOICE_ID
Column Name found in Datamart and Curated Table :: CANCELLATIONDATE
Column Name found in Datamart and Curated Table :: EXPIREDAT
Column Name found in Datamart and Curated Table :: STATUS
Column Name found in Datamart and Curated Table :: BILLINGEMAIL_ID
Column Name found in Datamart and Curated Table :: BUSINESSUNIT_ID
Column Name found in Datamart and Curated Table :: FOLLOWUPON
Column Name found in Datamart and Curated Table :: PAYMENTMETHOD_ID
Column Name found in Datamart and Curated Table :: CREATEDON
Column Name found in Datamart and Curated Table :: TO
Column Name found in Datamart and Curated Table :: ACTIVATEDFROM_ID
Column Name found in Datamart and Curated Table :: CANCELATIONBUYOUTINVOICE_ID
Column Name found in Datamart and Curated Table :: PAYMENTTYPE_ID
Column Name found in Datamart and Curated Table :: CUSTOMERPO
Column Name found in Datamart and Curated Table :: MODIFIEDON
Datamart tables contains additional column name like [ACTIVE_FLAG, RECORD_CREATE_DATE, RECORD_UPDATE_DATE, RECORD_UPDATE_DATE, MASTER_ID, TENANT_TYPE]
Curated tables contains additional column name like [RECORD_CREATE_DATE, RECORD_UPDATE_DATE, RECORD_UPDATED_BY, TENANT_TYPE]]]>
  </system-out>
  <testcase classname="testcases.RAW_DATAMART_CURATED.SnowFlake_ColumnValidation_BKPTables" name="validateColumnName_BKP" time="2.421"/>
  <system-out>
    <![CDATA[Executing Snowflake query :: SELECT COLUMN_NAME FROM DEV_ENT_RAW.INFORMATION_SCHEMA.COLUMNS WHERE TABLE_NAME='JOBASSIGNMENT'and TABLE_SCHEMA='ST_HDAIR_MATILLION'
Executing Snowflake query :: SELECT COLUMN_NAME FROM CURATED_DATAMART.INFORMATION_SCHEMA.COLUMNS WHERE TABLE_NAME='STR_JOBASSIGNMENT'and TABLE_SCHEMA='ST_BKP_HDAIR'
Executing Snowflake query :: SELECT COLUMN_NAME FROM DEV_ENT_CURATED.INFORMATION_SCHEMA.COLUMNS WHERE TABLE_NAME='DIM_JOBASSIGNMENT'and TABLE_SCHEMA='MASTER_DIMENSIONS'
Column names for RAW Table --> JOBASSIGNMENT :: [COMMISSIONRATE, JOB_ID, SPLIT, JOHNMOOREPAYROLLROLE, PROJECTLABELS, TECHNICIAN_ID, ACTIVE, ISPAUSED, GROSSPAY, CREATEDON, PAYROLLROLE, TECHNICIANROLE_ID, PAYTYPE, CREATEDBY_ID, ID, IMPORTID, MODIFIEDON, STATUS, DRIVETIME_ID]
Column names for DataMart Table --> STR_JOBASSIGNMENT :: [DRIVETIME_ID, IMPORTID, CREATEDBY_ID, GROSSPAY, STATUS, ACTIVE, ID, PROJECTLABELS, RECORD_UPDATE_DATE, TENANT_TYPE, PAYROLLROLE, ACTIVE_FLAG, COMMISSIONRATE, JOHNMOOREPAYROLLROLE, RECORD_CREATE_DATE, SPLIT, TECHNICIANROLE_ID, CREATEDON, ISPAUSED, SOURCE_PKEY_SPK, MODIFIEDON, JOB_ID, MASTER_ID, PAYTYPE, TECHNICIAN_ID]
Column names for Curated Table --> DIM_JOBASSIGNMENT :: [STATUS, COMMISSIONRATE, SPLIT, TECHNICIANROLE_ID, DRIVETIME_ID, GROSSPAY, RECORD_CREATE_DATE, JOHNMOOREPAYROLLROLE, MODIFIEDON, CREATEDBY_ID, ISPAUSED, SOURCE_PKEY_SPK, ID, PROJECTLABELS, RECORD_UPDATED_BY, PAYROLLROLE, JOB_ID, RECORD_UPDATE_DATE, TENANT_TYPE, IMPORTID, TECHNICIAN_ID, PAYTYPE, ACTIVE, CREATEDON]
Column Name found in Datamart and Curated Table :: COMMISSIONRATE
Column Name found in Datamart and Curated Table :: JOB_ID
Column Name found in Datamart and Curated Table :: SPLIT
Column Name found in Datamart and Curated Table :: JOHNMOOREPAYROLLROLE
Column Name found in Datamart and Curated Table :: PROJECTLABELS
Column Name found in Datamart and Curated Table :: TECHNICIAN_ID
Column Name found in Datamart and Curated Table :: ACTIVE
Column Name found in Datamart and Curated Table :: ISPAUSED
Column Name found in Datamart and Curated Table :: GROSSPAY
Column Name found in Datamart and Curated Table :: CREATEDON
Column Name found in Datamart and Curated Table :: PAYROLLROLE
Column Name found in Datamart and Curated Table :: TECHNICIANROLE_ID
Column Name found in Datamart and Curated Table :: PAYTYPE
Column Name found in Datamart and Curated Table :: CREATEDBY_ID
Column Name found in Datamart and Curated Table :: ID
Column Name found in Datamart and Curated Table :: IMPORTID
Column Name found in Datamart and Curated Table :: MODIFIEDON
Column Name found in Datamart and Curated Table :: STATUS
Column Name found in Datamart and Curated Table :: DRIVETIME_ID
Datamart tables contains additional column name like [ACTIVE_FLAG, RECORD_CREATE_DATE, RECORD_UPDATE_DATE, RECORD_UPDATE_DATE, MASTER_ID, TENANT_TYPE]
Curated tables contains additional column name like [RECORD_CREATE_DATE, RECORD_UPDATE_DATE, RECORD_UPDATED_BY, TENANT_TYPE]]]>
  </system-out>
  <testcase classname="testcases.RAW_DATAMART_CURATED.SnowFlake_ColumnValidation_BKPTables" name="validateColumnName_BKP" time="2.242"/>
  <system-out>
    <![CDATA[Executing Snowflake query :: SELECT COLUMN_NAME FROM DEV_ENT_RAW.INFORMATION_SCHEMA.COLUMNS WHERE TABLE_NAME='MATERIALVENDOR'and TABLE_SCHEMA='ST_HUTCHINSON_MATILLION'
Executing Snowflake query :: SELECT COLUMN_NAME FROM CURATED_DATAMART.INFORMATION_SCHEMA.COLUMNS WHERE TABLE_NAME='STR_MATERIALVENDOR'and TABLE_SCHEMA='ST_BKP_HUTCHINSON'
Executing Snowflake query :: SELECT COLUMN_NAME FROM DEV_ENT_CURATED.INFORMATION_SCHEMA.COLUMNS WHERE TABLE_NAME='DIM_MATERIALVENDOR'and TABLE_SCHEMA='MASTER_DIMENSIONS'
Column names for RAW Table --> MATERIALVENDOR :: [CREATEDBY_ID, ISPRIMARY, COST, CREATEDON, IMPORTID, PARTNUMBER, ID, MEMO, PRIMARYSUBACCOUNT_ID, MATERIAL_ID, VENDOR_ID, ACTIVE]
Column names for DataMart Table --> STR_MATERIALVENDOR :: [MASTER_ID, MEMO, ACTIVE_FLAG, IMPORTID, MATERIAL_ID, TENANT_TYPE, COST, PARTNUMBER, RECORD_UPDATE_DATE, CREATEDBY_ID, VENDOR_ID, CREATEDON, ISPRIMARY, PRIMARYSUBACCOUNT_ID, ACTIVE, ID, RECORD_CREATE_DATE]
Column names for Curated Table --> DIM_MATERIALVENDOR :: [ID, MATERIAL_ID, ACTIVE, COST, CREATEDBY_ID, IMPORTID, ISPRIMARY, PRIMARYSUBACCOUNT_ID, RECORD_UPDATE_DATE, TENANT_TYPE, MEMO, RECORD_UPDATED_BY, VENDOR_ID, CREATEDON, PARTNUMBER, RECORD_CREATE_DATE]
Column Name found in Datamart and Curated Table :: CREATEDBY_ID
Column Name found in Datamart and Curated Table :: ISPRIMARY
Column Name found in Datamart and Curated Table :: COST
Column Name found in Datamart and Curated Table :: CREATEDON
Column Name found in Datamart and Curated Table :: IMPORTID
Column Name found in Datamart and Curated Table :: PARTNUMBER
Column Name found in Datamart and Curated Table :: ID
Column Name found in Datamart and Curated Table :: MEMO
Column Name found in Datamart and Curated Table :: PRIMARYSUBACCOUNT_ID
Column Name found in Datamart and Curated Table :: MATERIAL_ID
Column Name found in Datamart and Curated Table :: VENDOR_ID
Column Name found in Datamart and Curated Table :: ACTIVE
Datamart tables contains additional column name like [ACTIVE_FLAG, RECORD_CREATE_DATE, RECORD_UPDATE_DATE, RECORD_UPDATE_DATE, MASTER_ID, TENANT_TYPE]
Curated tables contains additional column name like [RECORD_CREATE_DATE, RECORD_UPDATE_DATE, RECORD_UPDATED_BY, TENANT_TYPE]]]>
  </system-out>
  <testcase classname="testcases.RAW_DATAMART_CURATED.SnowFlake_ColumnValidation_BKPTables" name="validateColumnName_BKP" time="2.398"/>
  <system-out>
    <![CDATA[Executing Snowflake query :: SELECT COLUMN_NAME FROM DEV_ENT_RAW.INFORMATION_SCHEMA.COLUMNS WHERE TABLE_NAME='CUSTOMERMEMBERSHIP'and TABLE_SCHEMA='ST_HUTCHINSON_MATILLION'
Executing Snowflake query :: SELECT COLUMN_NAME FROM CURATED_DATAMART.INFORMATION_SCHEMA.COLUMNS WHERE TABLE_NAME='STR_CUSTOMERMEMBERSHIP'and TABLE_SCHEMA='ST_BKP_HUTCHINSON'
Executing Snowflake query :: SELECT COLUMN_NAME FROM DEV_ENT_CURATED.INFORMATION_SCHEMA.COLUMNS WHERE TABLE_NAME='DIM_CUSTOMERMEMBERSHIP'and TABLE_SCHEMA='MASTER_DIMENSIONS'
Column names for RAW Table --> CUSTOMERMEMBERSHIP :: [ACTIVE, CUSTOMERPO, FROM, RENEWALDURATION, TYPE_ID, INVOICETEMPLATE_ID, RECURRINGLOCATION_ID, BILLINGTEMPLATE_ID, ID, PAYMENTMETHOD_ID, RENEWALMEMBERSHIPTASKREFERENCE_SKUID, ACTIVATEDFROM_ID, BILLINGEMAIL_ID, FOLLOWUPSTATUS, BILLINGPREFERENCE, FIRSTSCHEDULEDBILLDATE, TO, CANCELLATIONDATE, IMPORTID, MODIFIEDON, RENEWALBILLINGFREQUENCY, CANCELATIONBUYOUTINVOICE_ID, RENEWALMEMBERSHIPTASK_ID, ACTIVATEDBY_ID, BUSINESSUNIT_ID, CREATEDON, FOLLOWUPCUSTOMSTATUS_ID, MEMO, STATUS, PAYMENTTYPE_ID, BILLINGFREQUENCY, INITIALDEFERREDREVENUE, BILLINGCOVERAGEPERIOD, SOLDBY_ID, CANCELATIONINVOICE_ID, CREATEDBY_ID, EXPIREDAT, LOCATION_ID, PREVIOUSRECURRINGLOCATION_ID, CANCELATIONBALANCEINVOICE_ID, CUSTOMER_ID, DURATION, FOLLOWUPON, RENEWALMEMBERSHIPTASKREFERENCE_SKUTYPE, RENEWEDBY_ID, NEXTSCHEDULEDBILLDATE]
Column names for DataMart Table --> STR_CUSTOMERMEMBERSHIP :: [BILLINGTEMPLATE_ID, CREATEDBY_ID, INITIALDEFERREDREVENUE, LOCATION_ID, TENANT_TYPE, FOLLOWUPON, MODIFIEDON, SOLDBY_ID, RENEWALDURATION, CANCELATIONBALANCEINVOICE_ID, CANCELATIONINVOICE_ID, RENEWALMEMBERSHIPTASK_ID, EXPIREDAT, RENEWEDBY_ID, FROM, ACTIVATEDFROM_ID, CANCELATIONBUYOUTINVOICE_ID, DURATION, STATUS, ACTIVATEDBY_ID, BILLINGFREQUENCY, BUSINESSUNIT_ID, FIRSTSCHEDULEDBILLDATE, FOLLOWUPCUSTOMSTATUS_ID, INVOICETEMPLATE_ID, PREVIOUSRECURRINGLOCATION_ID, TYPE_ID, CANCELLATIONDATE, NEXTSCHEDULEDBILLDATE, ACTIVE, CUSTOMERPO, RECORD_CREATE_DATE, CREATEDON, RENEWALMEMBERSHIPTASKREFERENCE_SKUID, RENEWALMEMBERSHIPTASKREFERENCE_SKUTYPE, TO, BILLINGCOVERAGEPERIOD, BILLINGPREFERENCE, CUSTOMER_ID, FOLLOWUPSTATUS, IMPORTID, PAYMENTTYPE_ID, RECORD_UPDATE_DATE, RENEWALBILLINGFREQUENCY, MEMO, MASTER_ID, RECURRINGLOCATION_ID, ACTIVE_FLAG, BILLINGEMAIL_ID, ID, PAYMENTMETHOD_ID]
Column names for Curated Table --> DIM_CUSTOMERMEMBERSHIP :: [BILLINGFREQUENCY, CREATEDBY_ID, MODIFIEDON, PAYMENTTYPE_ID, RECURRINGLOCATION_ID, ACTIVE, BILLINGEMAIL_ID, FIRSTSCHEDULEDBILLDATE, RENEWALMEMBERSHIPTASKREFERENCE_SKUTYPE, TENANT_TYPE, ACTIVATEDBY_ID, BUSINESSUNIT_ID, CREATEDON, ID, INITIALDEFERREDREVENUE, CUSTOMERPO, FOLLOWUPSTATUS, RENEWALDURATION, RECORD_UPDATED_BY, BILLINGTEMPLATE_ID, FOLLOWUPCUSTOMSTATUS_ID, PAYMENTMETHOD_ID, RECORD_UPDATE_DATE, SOLDBY_ID, TYPE_ID, RENEWALMEMBERSHIPTASK_ID, BILLINGPREFERENCE, EXPIREDAT, NEXTSCHEDULEDBILLDATE, ACTIVATEDFROM_ID, CANCELATIONBALANCEINVOICE_ID, FROM, RECORD_CREATE_DATE, RENEWALMEMBERSHIPTASKREFERENCE_SKUID, TO, FOLLOWUPON, BILLINGCOVERAGEPERIOD, CUSTOMER_ID, DURATION, IMPORTID, RENEWALBILLINGFREQUENCY, STATUS, MEMO, CANCELATIONINVOICE_ID, CANCELLATIONDATE, PREVIOUSRECURRINGLOCATION_ID, CANCELATIONBUYOUTINVOICE_ID, INVOICETEMPLATE_ID, LOCATION_ID, RENEWEDBY_ID]
Column Name found in Datamart and Curated Table :: ACTIVE
Column Name found in Datamart and Curated Table :: CUSTOMERPO
Column Name found in Datamart and Curated Table :: FROM
Column Name found in Datamart and Curated Table :: RENEWALDURATION
Column Name found in Datamart and Curated Table :: TYPE_ID
Column Name found in Datamart and Curated Table :: INVOICETEMPLATE_ID
Column Name found in Datamart and Curated Table :: RECURRINGLOCATION_ID
Column Name found in Datamart and Curated Table :: BILLINGTEMPLATE_ID
Column Name found in Datamart and Curated Table :: ID
Column Name found in Datamart and Curated Table :: PAYMENTMETHOD_ID
Column Name found in Datamart and Curated Table :: RENEWALMEMBERSHIPTASKREFERENCE_SKUID
Column Name found in Datamart and Curated Table :: ACTIVATEDFROM_ID
Column Name found in Datamart and Curated Table :: BILLINGEMAIL_ID
Column Name found in Datamart and Curated Table :: FOLLOWUPSTATUS
Column Name found in Datamart and Curated Table :: BILLINGPREFERENCE
Column Name found in Datamart and Curated Table :: FIRSTSCHEDULEDBILLDATE
Column Name found in Datamart and Curated Table :: TO
Column Name found in Datamart and Curated Table :: CANCELLATIONDATE
Column Name found in Datamart and Curated Table :: IMPORTID
Column Name found in Datamart and Curated Table :: MODIFIEDON
Column Name found in Datamart and Curated Table :: RENEWALBILLINGFREQUENCY
Column Name found in Datamart and Curated Table :: CANCELATIONBUYOUTINVOICE_ID
Column Name found in Datamart and Curated Table :: RENEWALMEMBERSHIPTASK_ID
Column Name found in Datamart and Curated Table :: ACTIVATEDBY_ID
Column Name found in Datamart and Curated Table :: BUSINESSUNIT_ID
Column Name found in Datamart and Curated Table :: CREATEDON
Column Name found in Datamart and Curated Table :: FOLLOWUPCUSTOMSTATUS_ID
Column Name found in Datamart and Curated Table :: MEMO
Column Name found in Datamart and Curated Table :: STATUS
Column Name found in Datamart and Curated Table :: PAYMENTTYPE_ID
Column Name found in Datamart and Curated Table :: BILLINGFREQUENCY
Column Name found in Datamart and Curated Table :: INITIALDEFERREDREVENUE
Column Name found in Datamart and Curated Table :: BILLINGCOVERAGEPERIOD
Column Name found in Datamart and Curated Table :: SOLDBY_ID
Column Name found in Datamart and Curated Table :: CANCELATIONINVOICE_ID
Column Name found in Datamart and Curated Table :: CREATEDBY_ID
Column Name found in Datamart and Curated Table :: EXPIREDAT
Column Name found in Datamart and Curated Table :: LOCATION_ID
Column Name found in Datamart and Curated Table :: PREVIOUSRECURRINGLOCATION_ID
Column Name found in Datamart and Curated Table :: CANCELATIONBALANCEINVOICE_ID
Column Name found in Datamart and Curated Table :: CUSTOMER_ID
Column Name found in Datamart and Curated Table :: DURATION
Column Name found in Datamart and Curated Table :: FOLLOWUPON
Column Name found in Datamart and Curated Table :: RENEWALMEMBERSHIPTASKREFERENCE_SKUTYPE
Column Name found in Datamart and Curated Table :: RENEWEDBY_ID
Column Name found in Datamart and Curated Table :: NEXTSCHEDULEDBILLDATE
Datamart tables contains additional column name like [ACTIVE_FLAG, RECORD_CREATE_DATE, RECORD_UPDATE_DATE, RECORD_UPDATE_DATE, MASTER_ID, TENANT_TYPE]
Curated tables contains additional column name like [RECORD_CREATE_DATE, RECORD_UPDATE_DATE, RECORD_UPDATED_BY, TENANT_TYPE]]]>
  </system-out>
  <testcase classname="testcases.RAW_DATAMART_CURATED.SnowFlake_ColumnValidation_BKPTables" name="validateColumnName_BKP" time="2.155"/>
  <system-out>
    <![CDATA[Executing Snowflake query :: SELECT COLUMN_NAME FROM DEV_ENT_RAW.INFORMATION_SCHEMA.COLUMNS WHERE TABLE_NAME='PURCHASEORDERITEM'and TABLE_SCHEMA='ST_HORIZONSERVICES_MATILLION'
Executing Snowflake query :: SELECT COLUMN_NAME FROM CURATED_DATAMART.INFORMATION_SCHEMA.COLUMNS WHERE TABLE_NAME='STR_PURCHASEORDERITEM'and TABLE_SCHEMA='ST_BKP_HORIZONSERVICES'
Executing Snowflake query :: SELECT COLUMN_NAME FROM DEV_ENT_CURATED.INFORMATION_SCHEMA.COLUMNS WHERE TABLE_NAME='DIM_PURCHASEORDERITEM'and TABLE_SCHEMA='MASTER_DIMENSIONS'
Column names for RAW Table --> PURCHASEORDERITEM :: [BUSINESSUNIT_ID, INVENTORYLOCATION_ID, ROLLOVERQUANTITY, TECHNICIANSPLIT2, ID, CHARGEABLEITEM_ID, DESCRIPTION, TECHNICIANSPLIT1, VENDORPARTNUMBER, MODIFIEDON, ISINVENTORY, CREATEDON, TECHNICIANFORBASERATE1_ID, USEDMATERIAL_ID, TECHNICIANFORBASERATE2_ID, CREATEDBY_ID, EQUIPMENT_ID, IMPORTID, PURCHASEORDER_ID, REQUISITIONITEM_ID, SKUREFERENCE_SKUTYPE, STATUS, TECHNICIANSPLIT3, ACTIVE, COST, EQUIPMENTVENDOR_ID, MATERIALVENDOR_ID, QUANTITY, SKU_ID, UNITOFMEASURE_ID, MATERIAL_ID, SKUVENDOR_ID, TECHNICIANFORBASERATE3_ID, MARKUP, PROJECTLABELS, SERIALNUMBER, SKUREFERENCE_SKUID, ROLLEDOVERFROMITEM_ID]
Column names for DataMart Table --> STR_PURCHASEORDERITEM :: [EQUIPMENTVENDOR_ID, UNITOFMEASURE_ID, TENANT_TYPE, ROLLOVERQUANTITY, TECHNICIANFORBASERATE1_ID, TECHNICIANSPLIT2, TECHNICIANSPLIT3, ACTIVE, BUSINESSUNIT_ID, EQUIPMENT_ID, SKUREFERENCE_SKUTYPE, RECORD_CREATE_DATE, RECORD_UPDATE_DATE, CREATEDBY_ID, CREATEDON, DESCRIPTION, IMPORTID, SKU_ID, ACTIVE_FLAG, CHARGEABLEITEM_ID, ID, REQUISITIONITEM_ID, STATUS, TECHNICIANFORBASERATE3_ID, COST, ISINVENTORY, MASTER_ID, SKUVENDOR_ID, MATERIALVENDOR_ID, INVENTORYLOCATION_ID, MATERIAL_ID, PROJECTLABELS, PURCHASEORDER_ID, QUANTITY, SKUREFERENCE_SKUID, MARKUP, MODIFIEDON, ROLLEDOVERFROMITEM_ID, TECHNICIANSPLIT1, SERIALNUMBER, TECHNICIANFORBASERATE2_ID, USEDMATERIAL_ID, VENDORPARTNUMBER]
Column names for Curated Table --> DIM_PURCHASEORDERITEM :: [CREATEDBY_ID, DESCRIPTION, EQUIPMENTVENDOR_ID, EQUIPMENT_ID, MATERIALVENDOR_ID, RECORD_UPDATE_DATE, TECHNICIANFORBASERATE1_ID, MODIFIEDON, UNITOFMEASURE_ID, USEDMATERIAL_ID, TECHNICIANSPLIT2, CHARGEABLEITEM_ID, COST, QUANTITY, TECHNICIANFORBASERATE3_ID, INVENTORYLOCATION_ID, IMPORTID, REQUISITIONITEM_ID, TENANT_TYPE, VENDORPARTNUMBER, SKU_ID, CREATEDON, ID, SKUREFERENCE_SKUTYPE, MARKUP, PROJECTLABELS, PURCHASEORDER_ID, SERIALNUMBER, SKUVENDOR_ID, TECHNICIANSPLIT3, ROLLOVERQUANTITY, STATUS, BUSINESSUNIT_ID, ISINVENTORY, RECORD_CREATE_DATE, ROLLEDOVERFROMITEM_ID, TECHNICIANSPLIT1, SKUREFERENCE_SKUID, ACTIVE, MATERIAL_ID, RECORD_UPDATED_BY, TECHNICIANFORBASERATE2_ID]
Column Name found in Datamart and Curated Table :: BUSINESSUNIT_ID
Column Name found in Datamart and Curated Table :: INVENTORYLOCATION_ID
Column Name found in Datamart and Curated Table :: ROLLOVERQUANTITY
Column Name found in Datamart and Curated Table :: TECHNICIANSPLIT2
Column Name found in Datamart and Curated Table :: ID
Column Name found in Datamart and Curated Table :: CHARGEABLEITEM_ID
Column Name found in Datamart and Curated Table :: DESCRIPTION
Column Name found in Datamart and Curated Table :: TECHNICIANSPLIT1
Column Name found in Datamart and Curated Table :: VENDORPARTNUMBER
Column Name found in Datamart and Curated Table :: MODIFIEDON
Column Name found in Datamart and Curated Table :: ISINVENTORY
Column Name found in Datamart and Curated Table :: CREATEDON
Column Name found in Datamart and Curated Table :: TECHNICIANFORBASERATE1_ID
Column Name found in Datamart and Curated Table :: USEDMATERIAL_ID
Column Name found in Datamart and Curated Table :: TECHNICIANFORBASERATE2_ID
Column Name found in Datamart and Curated Table :: CREATEDBY_ID
Column Name found in Datamart and Curated Table :: EQUIPMENT_ID
Column Name found in Datamart and Curated Table :: IMPORTID
Column Name found in Datamart and Curated Table :: PURCHASEORDER_ID
Column Name found in Datamart and Curated Table :: REQUISITIONITEM_ID
Column Name found in Datamart and Curated Table :: SKUREFERENCE_SKUTYPE
Column Name found in Datamart and Curated Table :: STATUS
Column Name found in Datamart and Curated Table :: TECHNICIANSPLIT3
Column Name found in Datamart and Curated Table :: ACTIVE
Column Name found in Datamart and Curated Table :: COST
Column Name found in Datamart and Curated Table :: EQUIPMENTVENDOR_ID
Column Name found in Datamart and Curated Table :: MATERIALVENDOR_ID
Column Name found in Datamart and Curated Table :: QUANTITY
Column Name found in Datamart and Curated Table :: SKU_ID
Column Name found in Datamart and Curated Table :: UNITOFMEASURE_ID
Column Name found in Datamart and Curated Table :: MATERIAL_ID
Column Name found in Datamart and Curated Table :: SKUVENDOR_ID
Column Name found in Datamart and Curated Table :: TECHNICIANFORBASERATE3_ID
Column Name found in Datamart and Curated Table :: MARKUP
Column Name found in Datamart and Curated Table :: PROJECTLABELS
Column Name found in Datamart and Curated Table :: SERIALNUMBER
Column Name found in Datamart and Curated Table :: SKUREFERENCE_SKUID
Column Name found in Datamart and Curated Table :: ROLLEDOVERFROMITEM_ID
Datamart tables contains additional column name like [ACTIVE_FLAG, RECORD_CREATE_DATE, RECORD_UPDATE_DATE, RECORD_UPDATE_DATE, MASTER_ID, TENANT_TYPE]
Curated tables contains additional column name like [RECORD_CREATE_DATE, RECORD_UPDATE_DATE, RECORD_UPDATED_BY, TENANT_TYPE]]]>
  </system-out>
  <testcase classname="testcases.RAW_DATAMART_CURATED.SnowFlake_ColumnValidation_BKPTables" name="validateColumnName_BKP" time="2.154"/>
  <system-out>
    <![CDATA[Executing Snowflake query :: SELECT COLUMN_NAME FROM DEV_ENT_RAW.INFORMATION_SCHEMA.COLUMNS WHERE TABLE_NAME='CALL'and TABLE_SCHEMA='ST_HUTCHINSON_MATILLION'
Executing Snowflake query :: SELECT COLUMN_NAME FROM CURATED_DATAMART.INFORMATION_SCHEMA.COLUMNS WHERE TABLE_NAME='STR_CALL'and TABLE_SCHEMA='ST_BKP_HUTCHINSON'
Executing Snowflake query :: SELECT COLUMN_NAME FROM DEV_ENT_CURATED.INFORMATION_SCHEMA.COLUMNS WHERE TABLE_NAME='DIM_CALL'and TABLE_SCHEMA='MASTER_DIMENSIONS'
Column names for RAW Table --> CALL :: [CALLSERVICE, CUSTOMER_ID, ID, RECORDINGPATH, RECORDINGURL, FROM, REVIEWEDBY_ID, LEAD_ID, CREATEDBY_ID, CREATEDON, VOICEMAILPATH, STATUS, EXCUSEMEMO, IMPORTID, JOB_ID, TAG, TO, ACTIVE, RECORDINGID, MODIFIEDON, CONVERSIONSCORE, DIRECTION, LOCATION_ID, REASON_ID, REVIEWINGBY_ID, WONTREVIEW, AGENT_ID, CAMPAIGN_ID, ESTIMATE_ID, FOLLOWUP_ID, SID, TYPE, DURATION]
Column names for DataMart Table --> STR_CALL :: [ACTIVE_FLAG, RECORDINGID, RECORDINGPATH, WONTREVIEW, CREATEDON, MASTER_ID, RECORD_UPDATE_DATE, SID, CALLSERVICE, REVIEWINGBY_ID, REASON_ID, RECORDINGURL, REVIEWEDBY_ID, MODIFIEDON, RECORD_CREATE_DATE, CONVERSIONSCORE, FROM, ID, STATUS, VOICEMAILPATH, AGENT_ID, CAMPAIGN_ID, CUSTOMER_ID, FOLLOWUP_ID, IMPORTID, LOCATION_ID, TAG, TO, CREATEDBY_ID, LEAD_ID, DURATION, ESTIMATE_ID, TENANT_TYPE, ACTIVE, DIRECTION, EXCUSEMEMO, JOB_ID, TYPE]
Column names for Curated Table --> DIM_CALL :: [ESTIMATE_ID, REASON_ID, WONTREVIEW, AGENT_ID, DIRECTION, FOLLOWUP_ID, LOCATION_ID, RECORDINGID, TAG, TYPE, CUSTOMER_ID, LEAD_ID, RECORDINGPATH, VOICEMAILPATH, STATUS, CONVERSIONSCORE, FROM, CREATEDBY_ID, DURATION, TENANT_TYPE, ACTIVE, CALLSERVICE, CAMPAIGN_ID, ID, RECORDINGURL, RECORD_UPDATE_DATE, RECORD_CREATE_DATE, JOB_ID, REVIEWEDBY_ID, TO, RECORD_UPDATED_BY, REVIEWINGBY_ID, SID, CREATEDON, EXCUSEMEMO, IMPORTID, MODIFIEDON]
Column Name found in Datamart and Curated Table :: CALLSERVICE
Column Name found in Datamart and Curated Table :: CUSTOMER_ID
Column Name found in Datamart and Curated Table :: ID
Column Name found in Datamart and Curated Table :: RECORDINGPATH
Column Name found in Datamart and Curated Table :: RECORDINGURL
Column Name found in Datamart and Curated Table :: FROM
Column Name found in Datamart and Curated Table :: REVIEWEDBY_ID
Column Name found in Datamart and Curated Table :: LEAD_ID
Column Name found in Datamart and Curated Table :: CREATEDBY_ID
Column Name found in Datamart and Curated Table :: CREATEDON
Column Name found in Datamart and Curated Table :: VOICEMAILPATH
Column Name found in Datamart and Curated Table :: STATUS
Column Name found in Datamart and Curated Table :: EXCUSEMEMO
Column Name found in Datamart and Curated Table :: IMPORTID
Column Name found in Datamart and Curated Table :: JOB_ID
Column Name found in Datamart and Curated Table :: TAG
Column Name found in Datamart and Curated Table :: TO
Column Name found in Datamart and Curated Table :: ACTIVE
Column Name found in Datamart and Curated Table :: RECORDINGID
Column Name found in Datamart and Curated Table :: MODIFIEDON
Column Name found in Datamart and Curated Table :: CONVERSIONSCORE
Column Name found in Datamart and Curated Table :: DIRECTION
Column Name found in Datamart and Curated Table :: LOCATION_ID
Column Name found in Datamart and Curated Table :: REASON_ID
Column Name found in Datamart and Curated Table :: REVIEWINGBY_ID
Column Name found in Datamart and Curated Table :: WONTREVIEW
Column Name found in Datamart and Curated Table :: AGENT_ID
Column Name found in Datamart and Curated Table :: CAMPAIGN_ID
Column Name found in Datamart and Curated Table :: ESTIMATE_ID
Column Name found in Datamart and Curated Table :: FOLLOWUP_ID
Column Name found in Datamart and Curated Table :: SID
Column Name found in Datamart and Curated Table :: TYPE
Column Name found in Datamart and Curated Table :: DURATION
Datamart tables contains additional column name like [ACTIVE_FLAG, RECORD_CREATE_DATE, RECORD_UPDATE_DATE, RECORD_UPDATE_DATE, MASTER_ID, TENANT_TYPE]
Curated tables contains additional column name like [RECORD_CREATE_DATE, RECORD_UPDATE_DATE, RECORD_UPDATED_BY, TENANT_TYPE]]]>
  </system-out>
  <testcase classname="testcases.RAW_DATAMART_CURATED.SnowFlake_ColumnValidation_BKPTables" name="validateColumnName_BKP" time="2.462"/>
  <system-out>
    <![CDATA[Executing Snowflake query :: SELECT COLUMN_NAME FROM DEV_ENT_RAW.INFORMATION_SCHEMA.COLUMNS WHERE TABLE_NAME='CONTACT'and TABLE_SCHEMA='ST_HARP_MATILLION'
Executing Snowflake query :: SELECT COLUMN_NAME FROM CURATED_DATAMART.INFORMATION_SCHEMA.COLUMNS WHERE TABLE_NAME='STR_CONTACT'and TABLE_SCHEMA='ST_BKP_HARP'
Executing Snowflake query :: SELECT COLUMN_NAME FROM DEV_ENT_CURATED.INFORMATION_SCHEMA.COLUMNS WHERE TABLE_NAME='DIM_CONTACT'and TABLE_SCHEMA='MASTER_DIMENSIONS'
Column names for RAW Table --> CONTACT :: [JOBREMINDERSENABLED, MESSAGESENABLED, ACTIVE, ID, INVOICESTATEMENTNOTIFICATION, TYPE, CREATEDBY_ID, CREATEDON, MODIFIEDON, OWNER_ID, MARKETINGUPDATESENABLED, MEMO, VALUE, IMPORTID, REVERSEPHONE]
Column names for DataMart Table --> STR_CONTACT :: [MASTER_ID, RECORD_CREATE_DATE, TYPE, CREATEDON, ID, OWNER_ID, ACTIVE_FLAG, JOBREMINDERSENABLED, MESSAGESENABLED, RECORD_UPDATE_DATE, INVOICESTATEMENTNOTIFICATION, MEMO, REVERSEPHONE, VALUE, CREATEDBY_ID, MARKETINGUPDATESENABLED, TENANT_TYPE, ACTIVE, IMPORTID, MODIFIEDON]
Column names for Curated Table --> DIM_CONTACT :: [MESSAGESENABLED, MODIFIEDON, CREATEDON, MEMO, OWNER_ID, CREATEDBY_ID, MARKETINGUPDATESENABLED, REVERSEPHONE, ID, IMPORTID, JOBREMINDERSENABLED, INVOICESTATEMENTNOTIFICATION, RECORD_CREATE_DATE, RECORD_UPDATED_BY, TENANT_TYPE, ACTIVE, RECORD_UPDATE_DATE, VALUE, TYPE]
Column Name found in Datamart and Curated Table :: JOBREMINDERSENABLED
Column Name found in Datamart and Curated Table :: MESSAGESENABLED
Column Name found in Datamart and Curated Table :: ACTIVE
Column Name found in Datamart and Curated Table :: ID
Column Name found in Datamart and Curated Table :: INVOICESTATEMENTNOTIFICATION
Column Name found in Datamart and Curated Table :: TYPE
Column Name found in Datamart and Curated Table :: CREATEDBY_ID
Column Name found in Datamart and Curated Table :: CREATEDON
Column Name found in Datamart and Curated Table :: MODIFIEDON
Column Name found in Datamart and Curated Table :: OWNER_ID
Column Name found in Datamart and Curated Table :: MARKETINGUPDATESENABLED
Column Name found in Datamart and Curated Table :: MEMO
Column Name found in Datamart and Curated Table :: VALUE
Column Name found in Datamart and Curated Table :: IMPORTID
Column Name found in Datamart and Curated Table :: REVERSEPHONE
Datamart tables contains additional column name like [ACTIVE_FLAG, RECORD_CREATE_DATE, RECORD_UPDATE_DATE, RECORD_UPDATE_DATE, MASTER_ID, TENANT_TYPE]
Curated tables contains additional column name like [RECORD_CREATE_DATE, RECORD_UPDATE_DATE, RECORD_UPDATED_BY, TENANT_TYPE]]]>
  </system-out>
  <testcase classname="testcases.RAW_DATAMART_CURATED.SnowFlake_ColumnValidation_BKPTables" name="validateColumnName_BKP" time="2.833"/>
  <system-out>
    <![CDATA[Executing Snowflake query :: SELECT COLUMN_NAME FROM DEV_ENT_RAW.INFORMATION_SCHEMA.COLUMNS WHERE TABLE_NAME='CALL'and TABLE_SCHEMA='ST_HORIZONSERVICES_MATILLION'
Executing Snowflake query :: SELECT COLUMN_NAME FROM CURATED_DATAMART.INFORMATION_SCHEMA.COLUMNS WHERE TABLE_NAME='STR_CALL'and TABLE_SCHEMA='ST_BKP_HORIZONSERVICES'
Executing Snowflake query :: SELECT COLUMN_NAME FROM DEV_ENT_CURATED.INFORMATION_SCHEMA.COLUMNS WHERE TABLE_NAME='DIM_CALL'and TABLE_SCHEMA='MASTER_DIMENSIONS'
Column names for RAW Table --> CALL :: [LEAD_ID, MODIFIEDON, CREATEDON, FOLLOWUP_ID, JOB_ID, LOCATION_ID, TO, CALLSERVICE, RECORDINGID, SID, CAMPAIGN_ID, RECORDINGURL, CREATEDBY_ID, STATUS, REVIEWINGBY_ID, DIRECTION, FROM, ACTIVE, AGENT_ID, CUSTOMER_ID, REVIEWEDBY_ID, TYPE, EXCUSEMEMO, IMPORTID, WONTREVIEW, CONVERSIONSCORE, DURATION, ID, REASON_ID, ESTIMATE_ID, RECORDINGPATH, VOICEMAILPATH, TAG]
Column names for DataMart Table --> STR_CALL :: [CREATEDON, RECORDINGID, REVIEWEDBY_ID, TO, ACTIVE_FLAG, CALLSERVICE, FROM, MASTER_ID, RECORD_UPDATE_DATE, VOICEMAILPATH, LEAD_ID, AGENT_ID, DURATION, SID, RECORD_CREATE_DATE, CAMPAIGN_ID, CONVERSIONSCORE, CUSTOMER_ID, DIRECTION, ID, JOB_ID, STATUS, WONTREVIEW, ESTIMATE_ID, LOCATION_ID, TYPE, MODIFIEDON, CREATEDBY_ID, FOLLOWUP_ID, IMPORTID, REASON_ID, RECORDINGPATH, TAG, RECORDINGURL, ACTIVE, EXCUSEMEMO, REVIEWINGBY_ID, TENANT_TYPE]
Column names for Curated Table --> DIM_CALL :: [ESTIMATE_ID, REASON_ID, WONTREVIEW, AGENT_ID, DIRECTION, FOLLOWUP_ID, LOCATION_ID, RECORDINGID, TAG, TYPE, CUSTOMER_ID, LEAD_ID, RECORDINGPATH, VOICEMAILPATH, STATUS, CONVERSIONSCORE, FROM, CREATEDBY_ID, DURATION, TENANT_TYPE, ACTIVE, CALLSERVICE, CAMPAIGN_ID, ID, RECORDINGURL, RECORD_UPDATE_DATE, RECORD_CREATE_DATE, JOB_ID, REVIEWEDBY_ID, TO, RECORD_UPDATED_BY, REVIEWINGBY_ID, SID, CREATEDON, EXCUSEMEMO, IMPORTID, MODIFIEDON]
Column Name found in Datamart and Curated Table :: LEAD_ID
Column Name found in Datamart and Curated Table :: MODIFIEDON
Column Name found in Datamart and Curated Table :: CREATEDON
Column Name found in Datamart and Curated Table :: FOLLOWUP_ID
Column Name found in Datamart and Curated Table :: JOB_ID
Column Name found in Datamart and Curated Table :: LOCATION_ID
Column Name found in Datamart and Curated Table :: TO
Column Name found in Datamart and Curated Table :: CALLSERVICE
Column Name found in Datamart and Curated Table :: RECORDINGID
Column Name found in Datamart and Curated Table :: SID
Column Name found in Datamart and Curated Table :: CAMPAIGN_ID
Column Name found in Datamart and Curated Table :: RECORDINGURL
Column Name found in Datamart and Curated Table :: CREATEDBY_ID
Column Name found in Datamart and Curated Table :: STATUS
Column Name found in Datamart and Curated Table :: REVIEWINGBY_ID
Column Name found in Datamart and Curated Table :: DIRECTION
Column Name found in Datamart and Curated Table :: FROM
Column Name found in Datamart and Curated Table :: ACTIVE
Column Name found in Datamart and Curated Table :: AGENT_ID
Column Name found in Datamart and Curated Table :: CUSTOMER_ID
Column Name found in Datamart and Curated Table :: REVIEWEDBY_ID
Column Name found in Datamart and Curated Table :: TYPE
Column Name found in Datamart and Curated Table :: EXCUSEMEMO
Column Name found in Datamart and Curated Table :: IMPORTID
Column Name found in Datamart and Curated Table :: WONTREVIEW
Column Name found in Datamart and Curated Table :: CONVERSIONSCORE
Column Name found in Datamart and Curated Table :: DURATION
Column Name found in Datamart and Curated Table :: ID
Column Name found in Datamart and Curated Table :: REASON_ID
Column Name found in Datamart and Curated Table :: ESTIMATE_ID
Column Name found in Datamart and Curated Table :: RECORDINGPATH
Column Name found in Datamart and Curated Table :: VOICEMAILPATH
Column Name found in Datamart and Curated Table :: TAG
Datamart tables contains additional column name like [ACTIVE_FLAG, RECORD_CREATE_DATE, RECORD_UPDATE_DATE, RECORD_UPDATE_DATE, MASTER_ID, TENANT_TYPE]
Curated tables contains additional column name like [RECORD_CREATE_DATE, RECORD_UPDATE_DATE, RECORD_UPDATED_BY, TENANT_TYPE]]]>
  </system-out>
  <testcase classname="testcases.RAW_DATAMART_CURATED.SnowFlake_ColumnValidation_BKPTables" name="validateColumnName_BKP" time="3.279"/>
  <system-out>
    <![CDATA[Executing Snowflake query :: SELECT COLUMN_NAME FROM DEV_ENT_RAW.INFORMATION_SCHEMA.COLUMNS WHERE TABLE_NAME='ESTIMATEITEM'and TABLE_SCHEMA='ST_BILLFENWICK_MATILLION'
Executing Snowflake query :: SELECT COLUMN_NAME FROM CURATED_DATAMART.INFORMATION_SCHEMA.COLUMNS WHERE TABLE_NAME='STR_ESTIMATEITEM'and TABLE_SCHEMA='ST_BKP_BILLFENWICK'
Executing Snowflake query :: SELECT COLUMN_NAME FROM DEV_ENT_CURATED.INFORMATION_SCHEMA.COLUMNS WHERE TABLE_NAME='DIM_ESTIMATEITEM'and TABLE_SCHEMA='MASTER_DIMENSIONS'
Column names for RAW Table --> ESTIMATEITEM :: [ALLOWDISCOUNTS, CREATEDFROM_ID, COSTOFSALEACCOUNT_ID, ACTIVE, IMPORTID, MEMBERSHIPBILLINGFREQUENCY, RENEWABLEMEMBERSHIP_ID, PROJECTLABELS, ACCOUNT, INSTALLEDEQUIPMENT_ID, ORDER, PAYSSOLDBYRATE, SKUREFERENCE_SKUID, TOTALCOST, CREATEDBY_ID, INVOICEITEM_ID, UNITPRICE, EQUIPMENT_ID, TOTAL, AUTOGLASSITEM_ID, COST, CREATEDON, ISADDON, ITEMGROUPROOT_ID, MARKUP, MEMBERPRICE, MODIFIEDON, SCHEDULEDFLATAMOUNT, SKU_ID, SOLDBY_ID, TAXABLE, QUANTITY, DESCRIPTION, ISNOTGOINGTOBEDONE, LASTUNITPRICESETBYEMPLOYEE, SKUREFERENCE_SKUTYPE, PRICEMODIFIER_ID, CHARGEABLE, DEMANDSTATUS, ESTIMATE_ID, MEMBERSHIPDURATION, STANDARDPRICE, ITEMGROUPNAME, ADDONFLATAMOUNT, GENERALLEDGERACCOUNT_ID, ID, PAYSFLATAMOUNT, PROJECTORDER, ISHIDDENFROMCUSTOMER, PARENTITEM_ID]
Column names for DataMart Table --> STR_ESTIMATEITEM :: [ID, ITEMGROUPNAME, ORDER, SCHEDULEDFLATAMOUNT, IMPORTID, PAYSSOLDBYRATE, ACCOUNT, ADDONFLATAMOUNT, ALLOWDISCOUNTS, CREATEDBY_ID, MEMBERPRICE, RECORD_CREATE_DATE, RECORD_UPDATE_DATE, RENEWABLEMEMBERSHIP_ID, SKUREFERENCE_SKUTYPE, COST, SOLDBY_ID, ISADDON, ACTIVE_FLAG, AUTOGLASSITEM_ID, CREATEDFROM_ID, MEMBERSHIPBILLINGFREQUENCY, SKU_ID, STANDARDPRICE, TENANT_TYPE, TOTAL, QUANTITY, LASTUNITPRICESETBYEMPLOYEE, MEMBERSHIPDURATION, TOTALCOST, MODIFIEDON, ACTIVE, CHARGEABLE, ITEMGROUPROOT_ID, PARENTITEM_ID, PAYSFLATAMOUNT, PROJECTLABELS, SKUREFERENCE_SKUID, ISHIDDENFROMCUSTOMER, GENERALLEDGERACCOUNT_ID, MASTER_ID, PRICEMODIFIER_ID, COSTOFSALEACCOUNT_ID, CREATEDON, DEMANDSTATUS, DESCRIPTION, EQUIPMENT_ID, ESTIMATE_ID, MARKUP, PROJECTORDER, TAXABLE, INVOICEITEM_ID, ISNOTGOINGTOBEDONE, INSTALLEDEQUIPMENT_ID, UNITPRICE]
Column names for Curated Table --> DIM_ESTIMATEITEM :: [CREATEDON, DEMANDSTATUS, MEMBERPRICE, MEMBERSHIPBILLINGFREQUENCY, MEMBERSHIPDURATION, SKUREFERENCE_SKUTYPE, ADDONFLATAMOUNT, AUTOGLASSITEM_ID, COST, ID, PAYSSOLDBYRATE, STANDARDPRICE, TENANT_TYPE, TOTAL, RECORD_CREATE_DATE, ITEMGROUPROOT_ID, PARENTITEM_ID, ORDER, PROJECTLABELS, SOLDBY_ID, PROJECTORDER, ACTIVE, ALLOWDISCOUNTS, CREATEDFROM_ID, DESCRIPTION, ESTIMATE_ID, MARKUP, ISADDON, CREATEDBY_ID, GENERALLEDGERACCOUNT_ID, INVOICEITEM_ID, PRICEMODIFIER_ID, RECORD_UPDATED_BY, SKUREFERENCE_SKUID, QUANTITY, CHARGEABLE, ISHIDDENFROMCUSTOMER, SKU_ID, COSTOFSALEACCOUNT_ID, ISNOTGOINGTOBEDONE, TOTALCOST, INSTALLEDEQUIPMENT_ID, ITEMGROUPNAME, PAYSFLATAMOUNT, TAXABLE, SCHEDULEDFLATAMOUNT, ACCOUNT, EQUIPMENT_ID, LASTUNITPRICESETBYEMPLOYEE, RENEWABLEMEMBERSHIP_ID, IMPORTID, RECORD_UPDATE_DATE, UNITPRICE, MODIFIEDON]
Column Name found in Datamart and Curated Table :: ALLOWDISCOUNTS
Column Name found in Datamart and Curated Table :: CREATEDFROM_ID
Column Name found in Datamart and Curated Table :: COSTOFSALEACCOUNT_ID
Column Name found in Datamart and Curated Table :: ACTIVE
Column Name found in Datamart and Curated Table :: IMPORTID
Column Name found in Datamart and Curated Table :: MEMBERSHIPBILLINGFREQUENCY
Column Name found in Datamart and Curated Table :: RENEWABLEMEMBERSHIP_ID
Column Name found in Datamart and Curated Table :: PROJECTLABELS
Column Name found in Datamart and Curated Table :: ACCOUNT
Column Name found in Datamart and Curated Table :: INSTALLEDEQUIPMENT_ID
Column Name found in Datamart and Curated Table :: ORDER
Column Name found in Datamart and Curated Table :: PAYSSOLDBYRATE
Column Name found in Datamart and Curated Table :: SKUREFERENCE_SKUID
Column Name found in Datamart and Curated Table :: TOTALCOST
Column Name found in Datamart and Curated Table :: CREATEDBY_ID
Column Name found in Datamart and Curated Table :: INVOICEITEM_ID
Column Name found in Datamart and Curated Table :: UNITPRICE
Column Name found in Datamart and Curated Table :: EQUIPMENT_ID
Column Name found in Datamart and Curated Table :: TOTAL
Column Name found in Datamart and Curated Table :: AUTOGLASSITEM_ID
Column Name found in Datamart and Curated Table :: COST
Column Name found in Datamart and Curated Table :: CREATEDON
Column Name found in Datamart and Curated Table :: ISADDON
Column Name found in Datamart and Curated Table :: ITEMGROUPROOT_ID
Column Name found in Datamart and Curated Table :: MARKUP
Column Name found in Datamart and Curated Table :: MEMBERPRICE
Column Name found in Datamart and Curated Table :: MODIFIEDON
Column Name found in Datamart and Curated Table :: SCHEDULEDFLATAMOUNT
Column Name found in Datamart and Curated Table :: SKU_ID
Column Name found in Datamart and Curated Table :: SOLDBY_ID
Column Name found in Datamart and Curated Table :: TAXABLE
Column Name found in Datamart and Curated Table :: QUANTITY
Column Name found in Datamart and Curated Table :: DESCRIPTION
Column Name found in Datamart and Curated Table :: ISNOTGOINGTOBEDONE
Column Name found in Datamart and Curated Table :: LASTUNITPRICESETBYEMPLOYEE
Column Name found in Datamart and Curated Table :: SKUREFERENCE_SKUTYPE
Column Name found in Datamart and Curated Table :: PRICEMODIFIER_ID
Column Name found in Datamart and Curated Table :: CHARGEABLE
Column Name found in Datamart and Curated Table :: DEMANDSTATUS
Column Name found in Datamart and Curated Table :: ESTIMATE_ID
Column Name found in Datamart and Curated Table :: MEMBERSHIPDURATION
Column Name found in Datamart and Curated Table :: STANDARDPRICE
Column Name found in Datamart and Curated Table :: ITEMGROUPNAME
Column Name found in Datamart and Curated Table :: ADDONFLATAMOUNT
Column Name found in Datamart and Curated Table :: GENERALLEDGERACCOUNT_ID
Column Name found in Datamart and Curated Table :: ID
Column Name found in Datamart and Curated Table :: PAYSFLATAMOUNT
Column Name found in Datamart and Curated Table :: PROJECTORDER
Column Name found in Datamart and Curated Table :: ISHIDDENFROMCUSTOMER
Column Name found in Datamart and Curated Table :: PARENTITEM_ID
Datamart tables contains additional column name like [ACTIVE_FLAG, RECORD_CREATE_DATE, RECORD_UPDATE_DATE, RECORD_UPDATE_DATE, MASTER_ID, TENANT_TYPE]
Curated tables contains additional column name like [RECORD_CREATE_DATE, RECORD_UPDATE_DATE, RECORD_UPDATED_BY, TENANT_TYPE]]]>
  </system-out>
  <testcase classname="testcases.RAW_DATAMART_CURATED.SnowFlake_ColumnValidation_BKPTables" name="validateColumnName_BKP" time="3.586"/>
  <system-out>
    <![CDATA[Executing Snowflake query :: SELECT COLUMN_NAME FROM DEV_ENT_RAW.INFORMATION_SCHEMA.COLUMNS WHERE TABLE_NAME='SERVICE'and TABLE_SCHEMA='ST_FOURPROS_MATILLION'
Executing Snowflake query :: SELECT COLUMN_NAME FROM CURATED_DATAMART.INFORMATION_SCHEMA.COLUMNS WHERE TABLE_NAME='STR_SERVICE'and TABLE_SCHEMA='ST_BKP_FOURPROS'
Executing Snowflake query :: SELECT COLUMN_NAME FROM DEV_ENT_CURATED.INFORMATION_SCHEMA.COLUMNS WHERE TABLE_NAME='DIM_SERVICE'and TABLE_SCHEMA='MASTER_DIMENSIONS'
Column names for RAW Table --> SERVICE :: [ADDONFLATAMOUNT, ADDONPRICE, BUSINESSUNIT_ID, EXTERNALID, NAME, PAYSCOMMISSION, PAYTECHSPECIFICBONUS, QBITEMNAME, EXCLUDEFROMPRICEBOOKWIZARD, MEMBERSHIPTYPE_ID, PROVIDER_ID, WARRANTY_DURATION, ALLOWAPPLYTAGSTOENTITIES, AVALARARESIDENTIALTAXCODE, IMAGES, IMPORTID, SCHEDULEDFLATAMOUNT, SOURCEVERSION, ACCOUNT, ACTIVE, ALLOWDISCOUNTS, ARCHIVED, COST, DISPLAYNAME, MEMBERSHIP, PAYSFLATAMOUNT, COMMISSIONBONUS, MEMBERPRICE, MEMBERSHIPMONTHS, MINIMUMLABORHOURS, BASERATE2, BASERATE3, CREATEDON, HOURS, ISDEFERREDREVENUE, ISOTTASK, PURCHASEORDERLIMITS_FLATAMOUNT, CATEGORY_ID, MEMBERSHIPACTION, PAYSSOLDBYRATE, RECURRINGSERVICETYPE_ID, BASERATE1, BONUS, DISPATCHFEE, LOYALTYPROGRAMELIGIBLE, CROSSSALEGROUP, NOTAX, ORIGINAL_ID, SOURCE, SUPPLIERIMAGES, PURCHASEORDERLIMITS_REVENUEPERCENT, ISTIMEANDMATERIAL, MEMBERSHIPYEARS, PRICE, COPIEDFROM_ID, ISLABOR, TAXABLE, WORKFLOWACTION_ID, SOLDBYCOMMISSION, CREATEDBY_ID, DESCRIPTION, DISPLAYINAMOUNT, GENERATEDTAGTARGETS, GENERALLEDGERACCOUNT_ID, ID, MODIFIEDON, WARRANTY_DESCRIPTION, SYNCDATE, ADDONMEMBERPRICE, AUTOGLASSTYPE, AVALARACOMMERCIALTAXCODE]
Column names for DataMart Table --> STR_SERVICE :: [ALLOWDISCOUNTS, NAME, COPIEDFROM_ID, PAYSFLATAMOUNT, RECORD_CREATE_DATE, SUPPLIERIMAGES, SYNCDATE, DESCRIPTION, ACTIVE_FLAG, ADDONFLATAMOUNT, AUTOGLASSTYPE, BONUS, PAYTECHSPECIFICBONUS, QBITEMNAME, DISPATCHFEE, EXTERNALID, ORIGINAL_ID, PROVIDER_ID, ALLOWAPPLYTAGSTOENTITIES, MEMBERSHIPMONTHS, NOTAX, ID, MODIFIEDON, BASERATE3, DISPLAYINAMOUNT, DISPLAYNAME, EXCLUDEFROMPRICEBOOKWIZARD, HOURS, MEMBERSHIPYEARS, MEMBERSHIPACTION, LOYALTYPROGRAMELIGIBLE, ACCOUNT, BASERATE2, IMAGES, MEMBERSHIPTYPE_ID, TENANT_TYPE, CREATEDON, ISOTTASK, TAXABLE, ARCHIVED, AVALARACOMMERCIALTAXCODE, CATEGORY_ID, COST, MASTER_ID, RECORD_UPDATE_DATE, SOURCEVERSION, RECURRINGSERVICETYPE_ID, WORKFLOWACTION_ID, MINIMUMLABORHOURS, PAYSSOLDBYRATE, BASERATE1, BUSINESSUNIT_ID, COMMISSIONBONUS, GENERATEDTAGTARGETS, IMPORTID, ISLABOR, PURCHASEORDERLIMITS_FLATAMOUNT, SOURCE, WARRANTY_DURATION, ISDEFERREDREVENUE, WARRANTY_DESCRIPTION, PURCHASEORDERLIMITS_REVENUEPERCENT, ADDONPRICE, MEMBERPRICE, SCHEDULEDFLATAMOUNT, ACTIVE, ADDONMEMBERPRICE, AVALARARESIDENTIALTAXCODE, CREATEDBY_ID, GENERALLEDGERACCOUNT_ID, CROSSSALEGROUP, ISTIMEANDMATERIAL, MEMBERSHIP, PAYSCOMMISSION, PRICE, SOLDBYCOMMISSION]
Column names for Curated Table --> DIM_SERVICE :: [ACCOUNT, ALLOWDISCOUNTS, BASERATE3, DESCRIPTION, DISPATCHFEE, ISOTTASK, MEMBERSHIP, SOLDBYCOMMISSION, DISPLAYNAME, AUTOGLASSTYPE, AVALARACOMMERCIALTAXCODE, BUSINESSUNIT_ID, COMMISSIONBONUS, NOTAX, EXTERNALID, PRICE, CATEGORY_ID, CREATEDON, CROSSSALEGROUP, MEMBERSHIPYEARS, PAYSFLATAMOUNT, PAYSSOLDBYRATE, WARRANTY_DURATION, MODIFIEDON, RECORD_CREATE_DATE, TAXABLE, MEMBERSHIPACTION, ADDONMEMBERPRICE, BONUS, COPIEDFROM_ID, ISDEFERREDREVENUE, SOURCE, ARCHIVED, BASERATE1, PURCHASEORDERLIMITS_REVENUEPERCENT, RECURRINGSERVICETYPE_ID, SOURCEVERSION, ALLOWAPPLYTAGSTOENTITIES, AVALARARESIDENTIALTAXCODE, DISPLAYINAMOUNT, GENERATEDTAGTARGETS, ISTIMEANDMATERIAL, PROVIDER_ID, ADDONFLATAMOUNT, COST, GENERALLEDGERACCOUNT_ID, MEMBERSHIPTYPE_ID, QBITEMNAME, WARRANTY_DESCRIPTION, EXCLUDEFROMPRICEBOOKWIZARD, ID, IMAGES, RECORD_UPDATED_BY, RECORD_UPDATE_DATE, NAME, ACTIVE, ADDONPRICE, LOYALTYPROGRAMELIGIBLE, PAYTECHSPECIFICBONUS, SUPPLIERIMAGES, HOURS, IMPORTID, MINIMUMLABORHOURS, PAYSCOMMISSION, WORKFLOWACTION_ID, MEMBERPRICE, BASERATE2, CREATEDBY_ID, MEMBERSHIPMONTHS, ORIGINAL_ID, SYNCDATE, ISLABOR, PURCHASEORDERLIMITS_FLATAMOUNT, TENANT_TYPE, SCHEDULEDFLATAMOUNT]
Column Name found in Datamart and Curated Table :: ADDONFLATAMOUNT
Column Name found in Datamart and Curated Table :: ADDONPRICE
Column Name found in Datamart and Curated Table :: BUSINESSUNIT_ID
Column Name found in Datamart and Curated Table :: EXTERNALID
Column Name found in Datamart and Curated Table :: NAME
Column Name found in Datamart and Curated Table :: PAYSCOMMISSION
Column Name found in Datamart and Curated Table :: PAYTECHSPECIFICBONUS
Column Name found in Datamart and Curated Table :: QBITEMNAME
Column Name found in Datamart and Curated Table :: EXCLUDEFROMPRICEBOOKWIZARD
Column Name found in Datamart and Curated Table :: MEMBERSHIPTYPE_ID
Column Name found in Datamart and Curated Table :: PROVIDER_ID
Column Name found in Datamart and Curated Table :: WARRANTY_DURATION
Column Name found in Datamart and Curated Table :: ALLOWAPPLYTAGSTOENTITIES
Column Name found in Datamart and Curated Table :: AVALARARESIDENTIALTAXCODE
Column Name found in Datamart and Curated Table :: IMAGES
Column Name found in Datamart and Curated Table :: IMPORTID
Column Name found in Datamart and Curated Table :: SCHEDULEDFLATAMOUNT
Column Name found in Datamart and Curated Table :: SOURCEVERSION
Column Name found in Datamart and Curated Table :: ACCOUNT
Column Name found in Datamart and Curated Table :: ACTIVE
Column Name found in Datamart and Curated Table :: ALLOWDISCOUNTS
Column Name found in Datamart and Curated Table :: ARCHIVED
Column Name found in Datamart and Curated Table :: COST
Column Name found in Datamart and Curated Table :: DISPLAYNAME
Column Name found in Datamart and Curated Table :: MEMBERSHIP
Column Name found in Datamart and Curated Table :: PAYSFLATAMOUNT
Column Name found in Datamart and Curated Table :: COMMISSIONBONUS
Column Name found in Datamart and Curated Table :: MEMBERPRICE
Column Name found in Datamart and Curated Table :: MEMBERSHIPMONTHS
Column Name found in Datamart and Curated Table :: MINIMUMLABORHOURS
Column Name found in Datamart and Curated Table :: BASERATE2
Column Name found in Datamart and Curated Table :: BASERATE3
Column Name found in Datamart and Curated Table :: CREATEDON
Column Name found in Datamart and Curated Table :: HOURS
Column Name found in Datamart and Curated Table :: ISDEFERREDREVENUE
Column Name found in Datamart and Curated Table :: ISOTTASK
Column Name found in Datamart and Curated Table :: PURCHASEORDERLIMITS_FLATAMOUNT
Column Name found in Datamart and Curated Table :: CATEGORY_ID
Column Name found in Datamart and Curated Table :: MEMBERSHIPACTION
Column Name found in Datamart and Curated Table :: PAYSSOLDBYRATE
Column Name found in Datamart and Curated Table :: RECURRINGSERVICETYPE_ID
Column Name found in Datamart and Curated Table :: BASERATE1
Column Name found in Datamart and Curated Table :: BONUS
Column Name found in Datamart and Curated Table :: DISPATCHFEE
Column Name found in Datamart and Curated Table :: LOYALTYPROGRAMELIGIBLE
Column Name found in Datamart and Curated Table :: CROSSSALEGROUP
Column Name found in Datamart and Curated Table :: NOTAX
Column Name found in Datamart and Curated Table :: ORIGINAL_ID
Column Name found in Datamart and Curated Table :: SOURCE
Column Name found in Datamart and Curated Table :: SUPPLIERIMAGES
Column Name found in Datamart and Curated Table :: PURCHASEORDERLIMITS_REVENUEPERCENT
Column Name found in Datamart and Curated Table :: ISTIMEANDMATERIAL
Column Name found in Datamart and Curated Table :: MEMBERSHIPYEARS
Column Name found in Datamart and Curated Table :: PRICE
Column Name found in Datamart and Curated Table :: COPIEDFROM_ID
Column Name found in Datamart and Curated Table :: ISLABOR
Column Name found in Datamart and Curated Table :: TAXABLE
Column Name found in Datamart and Curated Table :: WORKFLOWACTION_ID
Column Name found in Datamart and Curated Table :: SOLDBYCOMMISSION
Column Name found in Datamart and Curated Table :: CREATEDBY_ID
Column Name found in Datamart and Curated Table :: DESCRIPTION
Column Name found in Datamart and Curated Table :: DISPLAYINAMOUNT
Column Name found in Datamart and Curated Table :: GENERATEDTAGTARGETS
Column Name found in Datamart and Curated Table :: GENERALLEDGERACCOUNT_ID
Column Name found in Datamart and Curated Table :: ID
Column Name found in Datamart and Curated Table :: MODIFIEDON
Column Name found in Datamart and Curated Table :: WARRANTY_DESCRIPTION
Column Name found in Datamart and Curated Table :: SYNCDATE
Column Name found in Datamart and Curated Table :: ADDONMEMBERPRICE
Column Name found in Datamart and Curated Table :: AUTOGLASSTYPE
Column Name found in Datamart and Curated Table :: AVALARACOMMERCIALTAXCODE
Datamart tables contains additional column name like [ACTIVE_FLAG, RECORD_CREATE_DATE, RECORD_UPDATE_DATE, RECORD_UPDATE_DATE, MASTER_ID, TENANT_TYPE]
Curated tables contains additional column name like [RECORD_CREATE_DATE, RECORD_UPDATE_DATE, RECORD_UPDATED_BY, TENANT_TYPE]]]>
  </system-out>
  <testcase classname="testcases.RAW_DATAMART_CURATED.SnowFlake_ColumnValidation_BKPTables" name="validateColumnName_BKP" time="2.249"/>
  <system-out>
    <![CDATA[Executing Snowflake query :: SELECT COLUMN_NAME FROM DEV_ENT_RAW.INFORMATION_SCHEMA.COLUMNS WHERE TABLE_NAME='PURCHASEORDER'and TABLE_SCHEMA='ST_HUTCHINSON_MATILLION'
Executing Snowflake query :: SELECT COLUMN_NAME FROM CURATED_DATAMART.INFORMATION_SCHEMA.COLUMNS WHERE TABLE_NAME='STR_PURCHASEORDER'and TABLE_SCHEMA='ST_BKP_HUTCHINSON'
Executing Snowflake query :: SELECT COLUMN_NAME FROM DEV_ENT_CURATED.INFORMATION_SCHEMA.COLUMNS WHERE TABLE_NAME='DIM_PURCHASEORDER'and TABLE_SCHEMA='MASTER_DIMENSIONS'
Column names for RAW Table --> PURCHASEORDER :: [REQUISITION_ID, SENDINGMETHOD, SHIPTO_UNIT, CANCELEDREASON, SHIPTODESCRIPTION, TAXRATE, VENDOR, SHIPTO_ISMILITARY, BUSINESSUNIT_ID, CREATEDON, IMPORTID, POVENDOR_ID, TAX, SHIPTO_CITY, SHIPTO_ISMANUALCOORDINATES, TYPE_ID, BATCH_ID, CREATEDBY_ID, INVENTORYLOCATION_ID, JOB_ID, RECEIVEDON, REQUIREDON, ISTIMEANDMATERIAL, TRUCK_ID, STATUS, AMOUNT, CANCELEDBY_ID, EXTERNALID, SENDSTATUS, SHIPTO_LONGITUDE, VENDORINVOICENUMBER, SHIPPING, TAXSCHEMA, DATE, ERRORMESSAGE, MODIFIEDON, SENTON, SHIPTO_STATE, SHIPTO_ZIP, EXPORTID, ID, PROJECTLABELS, SHIPTO_STREET, PROJECT_ID, SHIPTO_LATITUDE, SUMMARY, GROUPINGOPTION, MARKUP, NUMBER, ROLLEDOVERFROMPURCHASEORDER_ID, NOCHARGE, TECHNICIAN_ID, ACTIVE, CANCELEDON, INVOICE_ID, SHIPTO_COUNTRY]
Column names for DataMart Table --> STR_PURCHASEORDER :: [ACTIVE_FLAG, INVOICE_ID, MODIFIEDON, PROJECTLABELS, SHIPTO_LATITUDE, ID, CANCELEDBY_ID, DATE, JOB_ID, ROLLEDOVERFROMPURCHASEORDER_ID, SHIPTO_STATE, REQUIREDON, SHIPTO_LONGITUDE, ERRORMESSAGE, SHIPTO_ISMILITARY, TAXSCHEMA, VENDORINVOICENUMBER, SHIPTO_COUNTRY, ACTIVE, EXPORTID, IMPORTID, MASTER_ID, POVENDOR_ID, TYPE_ID, BATCH_ID, CREATEDBY_ID, SHIPTODESCRIPTION, SHIPTO_STREET, ISTIMEANDMATERIAL, STATUS, CANCELEDON, MARKUP, NUMBER, PROJECT_ID, TECHNICIAN_ID, SENDSTATUS, TRUCK_ID, SUMMARY, TAXRATE, CANCELEDREASON, CREATEDON, RECEIVEDON, SENDINGMETHOD, SHIPTO_CITY, VENDOR, EXTERNALID, NOCHARGE, REQUISITION_ID, SHIPTO_UNIT, AMOUNT, BUSINESSUNIT_ID, GROUPINGOPTION, INVENTORYLOCATION_ID, SHIPTO_ZIP, TAX, TENANT_TYPE, RECORD_UPDATE_DATE, SENTON, SHIPTO_ISMANUALCOORDINATES, RECORD_CREATE_DATE, SHIPPING]
Column names for Curated Table --> DIM_PURCHASEORDER :: [ACTIVE, CANCELEDBY_ID, CANCELEDON, RECORD_CREATE_DATE, TRUCK_ID, ROLLEDOVERFROMPURCHASEORDER_ID, SHIPTO_LONGITUDE, TAXSCHEMA, BUSINESSUNIT_ID, POVENDOR_ID, SHIPTO_ISMANUALCOORDINATES, SHIPTO_ISMILITARY, CREATEDON, RECORD_UPDATE_DATE, NUMBER, AMOUNT, DATE, ERRORMESSAGE, EXPORTID, GROUPINGOPTION, INVOICE_ID, MODIFIEDON, PROJECT_ID, SHIPTO_COUNTRY, STATUS, RECORD_UPDATED_BY, TECHNICIAN_ID, SHIPTO_STATE, MARKUP, REQUISITION_ID, SENDSTATUS, SHIPTO_LATITUDE, SHIPTO_STREET, INVENTORYLOCATION_ID, TYPE_ID, BATCH_ID, CREATEDBY_ID, SENTON, PROJECTLABELS, SENDINGMETHOD, SHIPTO_CITY, TAXRATE, EXTERNALID, ID, TAX, VENDOR, IMPORTID, NOCHARGE, SHIPTO_ZIP, SUMMARY, TENANT_TYPE, SHIPPING, CANCELEDREASON, ISTIMEANDMATERIAL, JOB_ID, RECEIVEDON, SHIPTODESCRIPTION, SHIPTO_UNIT, VENDORINVOICENUMBER, REQUIREDON]
Column Name found in Datamart and Curated Table :: REQUISITION_ID
Column Name found in Datamart and Curated Table :: SENDINGMETHOD
Column Name found in Datamart and Curated Table :: SHIPTO_UNIT
Column Name found in Datamart and Curated Table :: CANCELEDREASON
Column Name found in Datamart and Curated Table :: SHIPTODESCRIPTION
Column Name found in Datamart and Curated Table :: TAXRATE
Column Name found in Datamart and Curated Table :: VENDOR
Column Name found in Datamart and Curated Table :: SHIPTO_ISMILITARY
Column Name found in Datamart and Curated Table :: BUSINESSUNIT_ID
Column Name found in Datamart and Curated Table :: CREATEDON
Column Name found in Datamart and Curated Table :: IMPORTID
Column Name found in Datamart and Curated Table :: POVENDOR_ID
Column Name found in Datamart and Curated Table :: TAX
Column Name found in Datamart and Curated Table :: SHIPTO_CITY
Column Name found in Datamart and Curated Table :: SHIPTO_ISMANUALCOORDINATES
Column Name found in Datamart and Curated Table :: TYPE_ID
Column Name found in Datamart and Curated Table :: BATCH_ID
Column Name found in Datamart and Curated Table :: CREATEDBY_ID
Column Name found in Datamart and Curated Table :: INVENTORYLOCATION_ID
Column Name found in Datamart and Curated Table :: JOB_ID
Column Name found in Datamart and Curated Table :: RECEIVEDON
Column Name found in Datamart and Curated Table :: REQUIREDON
Column Name found in Datamart and Curated Table :: ISTIMEANDMATERIAL
Column Name found in Datamart and Curated Table :: TRUCK_ID
Column Name found in Datamart and Curated Table :: STATUS
Column Name found in Datamart and Curated Table :: AMOUNT
Column Name found in Datamart and Curated Table :: CANCELEDBY_ID
Column Name found in Datamart and Curated Table :: EXTERNALID
Column Name found in Datamart and Curated Table :: SENDSTATUS
Column Name found in Datamart and Curated Table :: SHIPTO_LONGITUDE
Column Name found in Datamart and Curated Table :: VENDORINVOICENUMBER
Column Name found in Datamart and Curated Table :: SHIPPING
Column Name found in Datamart and Curated Table :: TAXSCHEMA
Column Name found in Datamart and Curated Table :: DATE
Column Name found in Datamart and Curated Table :: ERRORMESSAGE
Column Name found in Datamart and Curated Table :: MODIFIEDON
Column Name found in Datamart and Curated Table :: SENTON
Column Name found in Datamart and Curated Table :: SHIPTO_STATE
Column Name found in Datamart and Curated Table :: SHIPTO_ZIP
Column Name found in Datamart and Curated Table :: EXPORTID
Column Name found in Datamart and Curated Table :: ID
Column Name found in Datamart and Curated Table :: PROJECTLABELS
Column Name found in Datamart and Curated Table :: SHIPTO_STREET
Column Name found in Datamart and Curated Table :: PROJECT_ID
Column Name found in Datamart and Curated Table :: SHIPTO_LATITUDE
Column Name found in Datamart and Curated Table :: SUMMARY
Column Name found in Datamart and Curated Table :: GROUPINGOPTION
Column Name found in Datamart and Curated Table :: MARKUP
Column Name found in Datamart and Curated Table :: NUMBER
Column Name found in Datamart and Curated Table :: ROLLEDOVERFROMPURCHASEORDER_ID
Column Name found in Datamart and Curated Table :: NOCHARGE
Column Name found in Datamart and Curated Table :: TECHNICIAN_ID
Column Name found in Datamart and Curated Table :: ACTIVE
Column Name found in Datamart and Curated Table :: CANCELEDON
Column Name found in Datamart and Curated Table :: INVOICE_ID
Column Name found in Datamart and Curated Table :: SHIPTO_COUNTRY
Datamart tables contains additional column name like [ACTIVE_FLAG, RECORD_CREATE_DATE, RECORD_UPDATE_DATE, RECORD_UPDATE_DATE, MASTER_ID, TENANT_TYPE]
Curated tables contains additional column name like [RECORD_CREATE_DATE, RECORD_UPDATE_DATE, RECORD_UPDATED_BY, TENANT_TYPE]]]>
  </system-out>
  <testcase classname="testcases.RAW_DATAMART_CURATED.SnowFlake_ColumnValidation_BKPTables" name="validateColumnName_BKP" time="2.254"/>
  <system-out>
    <![CDATA[Executing Snowflake query :: SELECT COLUMN_NAME FROM DEV_ENT_RAW.INFORMATION_SCHEMA.COLUMNS WHERE TABLE_NAME='PURCHASEORDERITEM'and TABLE_SCHEMA='ST_SNELLHEATINGAIR_MATILLION'
Executing Snowflake query :: SELECT COLUMN_NAME FROM CURATED_DATAMART.INFORMATION_SCHEMA.COLUMNS WHERE TABLE_NAME='STR_PURCHASEORDERITEM'and TABLE_SCHEMA='ST_BKP_SNELLHEATINGAIR'
Executing Snowflake query :: SELECT COLUMN_NAME FROM DEV_ENT_CURATED.INFORMATION_SCHEMA.COLUMNS WHERE TABLE_NAME='DIM_PURCHASEORDERITEM'and TABLE_SCHEMA='MASTER_DIMENSIONS'
Column names for RAW Table --> PURCHASEORDERITEM :: [CREATEDON, EQUIPMENT_ID, SERIALNUMBER, STATUS, PROJECTLABELS, SKU_ID, INVENTORYLOCATION_ID, BUSINESSUNIT_ID, ISINVENTORY, ROLLOVERQUANTITY, QUANTITY, CHARGEABLEITEM_ID, MATERIAL_ID, SKUVENDOR_ID, VENDORPARTNUMBER, MODIFIEDON, UNITOFMEASURE_ID, ID, MATERIALVENDOR_ID, SKUREFERENCE_SKUID, TECHNICIANFORBASERATE1_ID, TECHNICIANFORBASERATE2_ID, TECHNICIANFORBASERATE3_ID, TECHNICIANSPLIT1, COST, DESCRIPTION, EQUIPMENTVENDOR_ID, MARKUP, REQUISITIONITEM_ID, ROLLEDOVERFROMITEM_ID, TECHNICIANSPLIT2, IMPORTID, ACTIVE, CREATEDBY_ID, PURCHASEORDER_ID, TECHNICIANSPLIT3, USEDMATERIAL_ID, SKUREFERENCE_SKUTYPE]
Column names for DataMart Table --> STR_PURCHASEORDERITEM :: [EQUIPMENTVENDOR_ID, MATERIALVENDOR_ID, PURCHASEORDER_ID, VENDORPARTNUMBER, MODIFIEDON, ROLLOVERQUANTITY, TECHNICIANSPLIT2, CREATEDBY_ID, CREATEDON, DESCRIPTION, ROLLEDOVERFROMITEM_ID, TECHNICIANSPLIT1, UNITOFMEASURE_ID, COST, IMPORTID, MASTER_ID, SKUREFERENCE_SKUID, SKUREFERENCE_SKUTYPE, TECHNICIANFORBASERATE3_ID, ACTIVE_FLAG, BUSINESSUNIT_ID, PROJECTLABELS, RECORD_CREATE_DATE, REQUISITIONITEM_ID, TECHNICIANSPLIT3, SKUVENDOR_ID, TECHNICIANFORBASERATE1_ID, USEDMATERIAL_ID, ACTIVE, RECORD_UPDATE_DATE, SERIALNUMBER, EQUIPMENT_ID, ID, INVENTORYLOCATION_ID, SKU_ID, STATUS, QUANTITY, MARKUP, CHARGEABLEITEM_ID, ISINVENTORY, TENANT_TYPE, MATERIAL_ID, TECHNICIANFORBASERATE2_ID]
Column names for Curated Table --> DIM_PURCHASEORDERITEM :: [CREATEDBY_ID, DESCRIPTION, EQUIPMENTVENDOR_ID, EQUIPMENT_ID, MATERIALVENDOR_ID, RECORD_UPDATE_DATE, TECHNICIANFORBASERATE1_ID, MODIFIEDON, UNITOFMEASURE_ID, USEDMATERIAL_ID, TECHNICIANSPLIT2, CHARGEABLEITEM_ID, COST, QUANTITY, TECHNICIANFORBASERATE3_ID, INVENTORYLOCATION_ID, IMPORTID, REQUISITIONITEM_ID, TENANT_TYPE, VENDORPARTNUMBER, SKU_ID, CREATEDON, ID, SKUREFERENCE_SKUTYPE, MARKUP, PROJECTLABELS, PURCHASEORDER_ID, SERIALNUMBER, SKUVENDOR_ID, TECHNICIANSPLIT3, ROLLOVERQUANTITY, STATUS, BUSINESSUNIT_ID, ISINVENTORY, RECORD_CREATE_DATE, ROLLEDOVERFROMITEM_ID, TECHNICIANSPLIT1, SKUREFERENCE_SKUID, ACTIVE, MATERIAL_ID, RECORD_UPDATED_BY, TECHNICIANFORBASERATE2_ID]
Column Name found in Datamart and Curated Table :: CREATEDON
Column Name found in Datamart and Curated Table :: EQUIPMENT_ID
Column Name found in Datamart and Curated Table :: SERIALNUMBER
Column Name found in Datamart and Curated Table :: STATUS
Column Name found in Datamart and Curated Table :: PROJECTLABELS
Column Name found in Datamart and Curated Table :: SKU_ID
Column Name found in Datamart and Curated Table :: INVENTORYLOCATION_ID
Column Name found in Datamart and Curated Table :: BUSINESSUNIT_ID
Column Name found in Datamart and Curated Table :: ISINVENTORY
Column Name found in Datamart and Curated Table :: ROLLOVERQUANTITY
Column Name found in Datamart and Curated Table :: QUANTITY
Column Name found in Datamart and Curated Table :: CHARGEABLEITEM_ID
Column Name found in Datamart and Curated Table :: MATERIAL_ID
Column Name found in Datamart and Curated Table :: SKUVENDOR_ID
Column Name found in Datamart and Curated Table :: VENDORPARTNUMBER
Column Name found in Datamart and Curated Table :: MODIFIEDON
Column Name found in Datamart and Curated Table :: UNITOFMEASURE_ID
Column Name found in Datamart and Curated Table :: ID
Column Name found in Datamart and Curated Table :: MATERIALVENDOR_ID
Column Name found in Datamart and Curated Table :: SKUREFERENCE_SKUID
Column Name found in Datamart and Curated Table :: TECHNICIANFORBASERATE1_ID
Column Name found in Datamart and Curated Table :: TECHNICIANFORBASERATE2_ID
Column Name found in Datamart and Curated Table :: TECHNICIANFORBASERATE3_ID
Column Name found in Datamart and Curated Table :: TECHNICIANSPLIT1
Column Name found in Datamart and Curated Table :: COST
Column Name found in Datamart and Curated Table :: DESCRIPTION
Column Name found in Datamart and Curated Table :: EQUIPMENTVENDOR_ID
Column Name found in Datamart and Curated Table :: MARKUP
Column Name found in Datamart and Curated Table :: REQUISITIONITEM_ID
Column Name found in Datamart and Curated Table :: ROLLEDOVERFROMITEM_ID
Column Name found in Datamart and Curated Table :: TECHNICIANSPLIT2
Column Name found in Datamart and Curated Table :: IMPORTID
Column Name found in Datamart and Curated Table :: ACTIVE
Column Name found in Datamart and Curated Table :: CREATEDBY_ID
Column Name found in Datamart and Curated Table :: PURCHASEORDER_ID
Column Name found in Datamart and Curated Table :: TECHNICIANSPLIT3
Column Name found in Datamart and Curated Table :: USEDMATERIAL_ID
Column Name found in Datamart and Curated Table :: SKUREFERENCE_SKUTYPE
Datamart tables contains additional column name like [ACTIVE_FLAG, RECORD_CREATE_DATE, RECORD_UPDATE_DATE, RECORD_UPDATE_DATE, MASTER_ID, TENANT_TYPE]
Curated tables contains additional column name like [RECORD_CREATE_DATE, RECORD_UPDATE_DATE, RECORD_UPDATED_BY, TENANT_TYPE]]]>
  </system-out>
  <testcase classname="testcases.RAW_DATAMART_CURATED.SnowFlake_ColumnValidation_BKPTables" name="validateColumnName_BKP" time="2.301"/>
  <system-out>
    <![CDATA[Executing Snowflake query :: SELECT COLUMN_NAME FROM DEV_ENT_RAW.INFORMATION_SCHEMA.COLUMNS WHERE TABLE_NAME='INVOICEITEM'and TABLE_SCHEMA='ST_SNELLHEATINGAIR_MATILLION'
Executing Snowflake query :: SELECT COLUMN_NAME FROM CURATED_DATAMART.INFORMATION_SCHEMA.COLUMNS WHERE TABLE_NAME='STR_INVOICEITEM'and TABLE_SCHEMA='ST_BKP_SNELLHEATINGAIR'
Executing Snowflake query :: SELECT COLUMN_NAME FROM DEV_ENT_CURATED.INFORMATION_SCHEMA.COLUMNS WHERE TABLE_NAME='DIM_INVOICEITEM'and TABLE_SCHEMA='MASTER_DIMENSIONS'
Column names for RAW Table --> INVOICEITEM :: [DATECREATED, DESCRIPTION, ISOTTASK, PROCUREDFROMESTIMATEITEM_ID, TAXABLE, ITEMGROUPROOT_ID, SCHEDULEDFLATAMOUNT, USEDMATERIAL_ID, PROCUREMENTSOURCE_ESTIMATEITEMID, TOTAL, DEDUCTASJOBCOST, PRICEMODIFIER_ID, ALLOWDISCOUNTS, BASERATE2, COSTOFSALEACCOUNT_ID, GENERALLEDGERACCOUNT_ID, INVENTORYSTATUS, PARENTITEM_ID, TECHNICIANFORBASERATE2_ID, TECHNICIANFORBASERATE1_ID, MODIFIEDON, SOLDBY_ID, COST, DISPLAYINAMOUNT, INVENTORYLOCATION_ID, MEMBERSHIPWORKFLOWACTION, PROCUREMENTSOURCE_SOURCETYPE, SKUNAME, SOURCETYPE, STANDARDPRICE, EXPORTID, SIGNATURE, TECHNICIAN_ID, SOLDBYCOMMISSION, UNITPRICE, ID, INVENTORYBATCH_ID, ISADDON, SKUREFERENCE_SKUTYPE, CREATEDBY_ID, HOURS, INVENTORYWAREHOUSENAME, PROCUREDFROM_ID, PROCUREMENTSOURCE_REQUISITIONITEMID, TECHNICIANSPLIT2, TOTALCOST, TECHNICIANSPLIT3, ACTIVE, CHARGEABLE, EQUIPMENT_ID, PAYTECHSPECIFICBONUS, QUANTITY, TECHNICIANACKNOWLEDGEMENTSIGNATURE, COMMISSIONBONUS, ORDER, SKUREFERENCE_SKUID, AUTOGLASSITEM_ID, BONUS, LASTUNITPRICESETBYEMPLOYEE, PROJECTORDER, BUSINESSUNIT_ID, ITEMGROUPNAME, WORKFLOWACTION_ID, TECHNICIANSPLIT1, IMPORTID, ADDONFLATAMOUNT, BASERATE1, CREATEDON, CROSSSALEGROUP, ISINVENTORY, PAYSCOMMISSION, TECHNICIANFORBASERATE3_ID, MEMBERPRICE, INVOICE_ID, ACCOUNT, BASERATE3, ISUNITPRICEMANUALLYSET, PAYSSOLDBYRATE, PROCUREMENTSOURCE_PURCHASEORDERITEMID, ESTIMATEITEM_ID, MARKUP, PAYSFLATAMOUNT, PROJECTLABELS, SKU_ID, SOLDHOURS, NOTAX]
Column names for DataMart Table --> STR_INVOICEITEM :: [ACTIVE_FLAG, CREATEDBY_ID, GENERALLEDGERACCOUNT_ID, PARENTITEM_ID, PROCUREMENTSOURCE_PURCHASEORDERITEMID, SOLDBYCOMMISSION, LASTUNITPRICESETBYEMPLOYEE, MEMBERPRICE, TECHNICIANACKNOWLEDGEMENTSIGNATURE, PAYSSOLDBYRATE, TECHNICIANFORBASERATE2_ID, ADDONFLATAMOUNT, BASERATE2, TAXABLE, NOTAX, PROCUREDFROM_ID, TOTAL, INVENTORYBATCH_ID, TECHNICIANSPLIT2, INVENTORYLOCATION_ID, SKUREFERENCE_SKUTYPE, ACCOUNT, ALLOWDISCOUNTS, COMMISSIONBONUS, EXPORTID, ISINVENTORY, PROJECTORDER, TECHNICIANFORBASERATE1_ID, TENANT_TYPE, ACTIVE, HOURS, PROCUREMENTSOURCE_SOURCETYPE, SKUNAME, AUTOGLASSITEM_ID, INVENTORYWAREHOUSENAME, PRICEMODIFIER_ID, PROCUREMENTSOURCE_ESTIMATEITEMID, SKU_ID, SOURCETYPE, USEDMATERIAL_ID, ID, ITEMGROUPROOT_ID, BASERATE1, BASERATE3, DEDUCTASJOBCOST, DISPLAYINAMOUNT, EQUIPMENT_ID, ISADDON, RECORD_CREATE_DATE, UNITPRICE, CROSSSALEGROUP, MARKUP, PAYTECHSPECIFICBONUS, SIGNATURE, SOLDBY_ID, MASTER_ID, WORKFLOWACTION_ID, COST, COSTOFSALEACCOUNT_ID, DATECREATED, DESCRIPTION, ISUNITPRICEMANUALLYSET, RECORD_UPDATE_DATE, CREATEDON, SOLDHOURS, TECHNICIANSPLIT1, PAYSFLATAMOUNT, SCHEDULEDFLATAMOUNT, INVENTORYSTATUS, ISOTTASK, PROCUREDFROMESTIMATEITEM_ID, PROCUREMENTSOURCE_REQUISITIONITEMID, CHARGEABLE, INVOICE_ID, ITEMGROUPNAME, PAYSCOMMISSION, TECHNICIANFORBASERATE3_ID, TECHNICIANSPLIT3, PROJECTLABELS, STANDARDPRICE, BONUS, BUSINESSUNIT_ID, ESTIMATEITEM_ID, IMPORTID, MEMBERSHIPWORKFLOWACTION, MODIFIEDON, QUANTITY, TOTALCOST, ORDER, SKUREFERENCE_SKUID, TECHNICIAN_ID]
Column names for Curated Table --> DIM_INVOICEITEM :: [BASERATE2, COST, CROSSSALEGROUP, ISOTTASK, MEMBERPRICE, ORDER, QUANTITY, TOTALCOST, ISUNITPRICEMANUALLYSET, PARENTITEM_ID, PAYSSOLDBYRATE, PAYSCOMMISSION, GENERALLEDGERACCOUNT_ID, BASERATE1, INVENTORYBATCH_ID, INVOICE_ID, SKUREFERENCE_SKUID, BASERATE3, EXPORTID, ISINVENTORY, SKU_ID, INVENTORYSTATUS, SOLDHOURS, TECHNICIAN_ID, TECHNICIANFORBASERATE2_ID, ACCOUNT, ALLOWDISCOUNTS, COMMISSIONBONUS, CREATEDON, IMPORTID, ISADDON, PROCUREMENTSOURCE_SOURCETYPE, NOTAX, PROJECTLABELS, SOLDBY_ID, TECHNICIANFORBASERATE1_ID, TECHNICIANSPLIT1, PAYSFLATAMOUNT, UNITPRICE, BONUS, COSTOFSALEACCOUNT_ID, CREATEDBY_ID, DISPLAYINAMOUNT, PAYTECHSPECIFICBONUS, PRICEMODIFIER_ID, TECHNICIANACKNOWLEDGEMENTSIGNATURE, TECHNICIANSPLIT3, PROCUREMENTSOURCE_PURCHASEORDERITEMID, PROCUREMENTSOURCE_REQUISITIONITEMID, PROJECTORDER, DATECREATED, TECHNICIANFORBASERATE3_ID, ACTIVE, ADDONFLATAMOUNT, BUSINESSUNIT_ID, CHARGEABLE, EQUIPMENT_ID, INVENTORYLOCATION_ID, INVENTORYWAREHOUSENAME, ITEMGROUPNAME, ITEMGROUPROOT_ID, RECORD_UPDATE_DATE, MODIFIEDON, PROCUREDFROM_ID, SCHEDULEDFLATAMOUNT, PROCUREMENTSOURCE_ESTIMATEITEMID, TAXABLE, PROCUREDFROMESTIMATEITEM_ID, AUTOGLASSITEM_ID, HOURS, LASTUNITPRICESETBYEMPLOYEE, MARKUP, USEDMATERIAL_ID, MEMBERSHIPWORKFLOWACTION, SKUREFERENCE_SKUTYPE, SOLDBYCOMMISSION, SOURCETYPE, RECORD_UPDATED_BY, WORKFLOWACTION_ID, DEDUCTASJOBCOST, DESCRIPTION, ESTIMATEITEM_ID, STANDARDPRICE, TECHNICIANSPLIT2, TOTAL, ID, RECORD_CREATE_DATE, SIGNATURE, SKUNAME, TENANT_TYPE]
Column Name found in Datamart and Curated Table :: DATECREATED
Column Name found in Datamart and Curated Table :: DESCRIPTION
Column Name found in Datamart and Curated Table :: ISOTTASK
Column Name found in Datamart and Curated Table :: PROCUREDFROMESTIMATEITEM_ID
Column Name found in Datamart and Curated Table :: TAXABLE
Column Name found in Datamart and Curated Table :: ITEMGROUPROOT_ID
Column Name found in Datamart and Curated Table :: SCHEDULEDFLATAMOUNT
Column Name found in Datamart and Curated Table :: USEDMATERIAL_ID
Column Name found in Datamart and Curated Table :: PROCUREMENTSOURCE_ESTIMATEITEMID
Column Name found in Datamart and Curated Table :: TOTAL
Column Name found in Datamart and Curated Table :: DEDUCTASJOBCOST
Column Name found in Datamart and Curated Table :: PRICEMODIFIER_ID
Column Name found in Datamart and Curated Table :: ALLOWDISCOUNTS
Column Name found in Datamart and Curated Table :: BASERATE2
Column Name found in Datamart and Curated Table :: COSTOFSALEACCOUNT_ID
Column Name found in Datamart and Curated Table :: GENERALLEDGERACCOUNT_ID
Column Name found in Datamart and Curated Table :: INVENTORYSTATUS
Column Name found in Datamart and Curated Table :: PARENTITEM_ID
Column Name found in Datamart and Curated Table :: TECHNICIANFORBASERATE2_ID
Column Name found in Datamart and Curated Table :: TECHNICIANFORBASERATE1_ID
Column Name found in Datamart and Curated Table :: MODIFIEDON
Column Name found in Datamart and Curated Table :: SOLDBY_ID
Column Name found in Datamart and Curated Table :: COST
Column Name found in Datamart and Curated Table :: DISPLAYINAMOUNT
Column Name found in Datamart and Curated Table :: INVENTORYLOCATION_ID
Column Name found in Datamart and Curated Table :: MEMBERSHIPWORKFLOWACTION
Column Name found in Datamart and Curated Table :: PROCUREMENTSOURCE_SOURCETYPE
Column Name found in Datamart and Curated Table :: SKUNAME
Column Name found in Datamart and Curated Table :: SOURCETYPE
Column Name found in Datamart and Curated Table :: STANDARDPRICE
Column Name found in Datamart and Curated Table :: EXPORTID
Column Name found in Datamart and Curated Table :: SIGNATURE
Column Name found in Datamart and Curated Table :: TECHNICIAN_ID
Column Name found in Datamart and Curated Table :: SOLDBYCOMMISSION
Column Name found in Datamart and Curated Table :: UNITPRICE
Column Name found in Datamart and Curated Table :: ID
Column Name found in Datamart and Curated Table :: INVENTORYBATCH_ID
Column Name found in Datamart and Curated Table :: ISADDON
Column Name found in Datamart and Curated Table :: SKUREFERENCE_SKUTYPE
Column Name found in Datamart and Curated Table :: CREATEDBY_ID
Column Name found in Datamart and Curated Table :: HOURS
Column Name found in Datamart and Curated Table :: INVENTORYWAREHOUSENAME
Column Name found in Datamart and Curated Table :: PROCUREDFROM_ID
Column Name found in Datamart and Curated Table :: PROCUREMENTSOURCE_REQUISITIONITEMID
Column Name found in Datamart and Curated Table :: TECHNICIANSPLIT2
Column Name found in Datamart and Curated Table :: TOTALCOST
Column Name found in Datamart and Curated Table :: TECHNICIANSPLIT3
Column Name found in Datamart and Curated Table :: ACTIVE
Column Name found in Datamart and Curated Table :: CHARGEABLE
Column Name found in Datamart and Curated Table :: EQUIPMENT_ID
Column Name found in Datamart and Curated Table :: PAYTECHSPECIFICBONUS
Column Name found in Datamart and Curated Table :: QUANTITY
Column Name found in Datamart and Curated Table :: TECHNICIANACKNOWLEDGEMENTSIGNATURE
Column Name found in Datamart and Curated Table :: COMMISSIONBONUS
Column Name found in Datamart and Curated Table :: ORDER
Column Name found in Datamart and Curated Table :: SKUREFERENCE_SKUID
Column Name found in Datamart and Curated Table :: AUTOGLASSITEM_ID
Column Name found in Datamart and Curated Table :: BONUS
Column Name found in Datamart and Curated Table :: LASTUNITPRICESETBYEMPLOYEE
Column Name found in Datamart and Curated Table :: PROJECTORDER
Column Name found in Datamart and Curated Table :: BUSINESSUNIT_ID
Column Name found in Datamart and Curated Table :: ITEMGROUPNAME
Column Name found in Datamart and Curated Table :: WORKFLOWACTION_ID
Column Name found in Datamart and Curated Table :: TECHNICIANSPLIT1
Column Name found in Datamart and Curated Table :: IMPORTID
Column Name found in Datamart and Curated Table :: ADDONFLATAMOUNT
Column Name found in Datamart and Curated Table :: BASERATE1
Column Name found in Datamart and Curated Table :: CREATEDON
Column Name found in Datamart and Curated Table :: CROSSSALEGROUP
Column Name found in Datamart and Curated Table :: ISINVENTORY
Column Name found in Datamart and Curated Table :: PAYSCOMMISSION
Column Name found in Datamart and Curated Table :: TECHNICIANFORBASERATE3_ID
Column Name found in Datamart and Curated Table :: MEMBERPRICE
Column Name found in Datamart and Curated Table :: INVOICE_ID
Column Name found in Datamart and Curated Table :: ACCOUNT
Column Name found in Datamart and Curated Table :: BASERATE3
Column Name found in Datamart and Curated Table :: ISUNITPRICEMANUALLYSET
Column Name found in Datamart and Curated Table :: PAYSSOLDBYRATE
Column Name found in Datamart and Curated Table :: PROCUREMENTSOURCE_PURCHASEORDERITEMID
Column Name found in Datamart and Curated Table :: ESTIMATEITEM_ID
Column Name found in Datamart and Curated Table :: MARKUP
Column Name found in Datamart and Curated Table :: PAYSFLATAMOUNT
Column Name found in Datamart and Curated Table :: PROJECTLABELS
Column Name found in Datamart and Curated Table :: SKU_ID
Column Name found in Datamart and Curated Table :: SOLDHOURS
Column Name found in Datamart and Curated Table :: NOTAX
Datamart tables contains additional column name like [ACTIVE_FLAG, RECORD_CREATE_DATE, RECORD_UPDATE_DATE, RECORD_UPDATE_DATE, MASTER_ID, TENANT_TYPE]
Curated tables contains additional column name like [RECORD_CREATE_DATE, RECORD_UPDATE_DATE, RECORD_UPDATED_BY, TENANT_TYPE]]]>
  </system-out>
  <testcase classname="testcases.RAW_DATAMART_CURATED.SnowFlake_ColumnValidation_BKPTables" name="validateColumnName_BKP" time="2.477">
    <failure message="The following asserts failed:
	null" type="java.lang.AssertionError">
      <![CDATA[java.lang.AssertionError: The following asserts failed:
null
at org.testng.asserts.SoftAssert.assertAll(SoftAssert.java:47)
at org.testng.asserts.SoftAssert.assertAll(SoftAssert.java:31)
at testcases.RAW_DATAMART_CURATED.SnowFlake_ColumnValidation_BKPTables.validateColumnName_BKP(SnowFlake_ColumnValidation_BKPTables.java:120)
at jdk.internal.reflect.GeneratedMethodAccessor38.invoke(Unknown Source)
at java.base/jdk.internal.reflect.DelegatingMethodAccessorImpl.invoke(DelegatingMethodAccessorImpl.java:43)
at java.base/java.lang.reflect.Method.invoke(Method.java:568)
at org.testng.internal.MethodInvocationHelper.invokeMethod(MethodInvocationHelper.java:133)
at org.testng.internal.TestInvoker.invokeMethod(TestInvoker.java:598)
at org.testng.internal.TestInvoker.invokeTestMethod(TestInvoker.java:173)
at org.testng.internal.MethodRunner.runInSequence(MethodRunner.java:46)
at org.testng.internal.TestInvoker$MethodInvocationAgent.invoke(TestInvoker.java:824)
at org.testng.internal.TestInvoker.invokeTestMethods(TestInvoker.java:146)
at org.testng.internal.TestMethodWorker.invokeTestMethods(TestMethodWorker.java:146)
at org.testng.internal.TestMethodWorker.run(TestMethodWorker.java:128)
at java.base/java.util.ArrayList.forEach(ArrayList.java:1511)
at org.testng.TestRunner.privateRun(TestRunner.java:794)
at org.testng.TestRunner.run(TestRunner.java:596)
at org.testng.SuiteRunner.runTest(SuiteRunner.java:377)
at org.testng.SuiteRunner.runSequentially(SuiteRunner.java:371)
at org.testng.SuiteRunner.privateRun(SuiteRunner.java:332)
at org.testng.SuiteRunner.run(SuiteRunner.java:276)
at org.testng.SuiteRunnerWorker.runSuite(SuiteRunnerWorker.java:53)
at org.testng.SuiteRunnerWorker.run(SuiteRunnerWorker.java:96)
at org.testng.TestNG.runSuitesSequentially(TestNG.java:1212)
at org.testng.TestNG.runSuitesLocally(TestNG.java:1134)
at org.testng.TestNG.runSuites(TestNG.java:1063)
at org.testng.TestNG.run(TestNG.java:1031)
at org.testng.remote.AbstractRemoteTestNG.run(AbstractRemoteTestNG.java:115)
at org.testng.remote.RemoteTestNG.initAndRun(RemoteTestNG.java:251)
at org.testng.remote.RemoteTestNG.main(RemoteTestNG.java:77)
]]>
    </failure>
  </testcase> <!-- validateColumnName_BKP -->
  <system-out>
    <![CDATA[Executing Snowflake query :: SELECT COLUMN_NAME FROM DEV_ENT_RAW.INFORMATION_SCHEMA.COLUMNS WHERE TABLE_NAME='TECHNICIAN'and TABLE_SCHEMA='ST_HUTCHINSON_MATILLION'
Executing Snowflake query :: SELECT COLUMN_NAME FROM CURATED_DATAMART.INFORMATION_SCHEMA.COLUMNS WHERE TABLE_NAME='STR_TECHNICIAN'and TABLE_SCHEMA='ST_BKP_HUTCHINSON'
Executing Snowflake query :: SELECT COLUMN_NAME FROM DEV_ENT_CURATED.INFORMATION_SCHEMA.COLUMNS WHERE TABLE_NAME='DIM_TECHNICIAN'and TABLE_SCHEMA='MASTER_DIMENSIONS'
Column names for RAW Table --> TECHNICIAN :: [ADDONCREWSPLITCOMMISSIONRATE, PAYROLLROLE, EMAIL, ISMANAGEDTECH, PAYPERIOD, STATUSUPDATEDON, TRUCK_ID, PHOTO, ROUTESTATISTICS_TECHNICIAN, SALESFORCECONTACTID, CHECKEDIN, CURRENTVALUE, HOME_LONGITUDE, ID, ISEXCLUDEDFROMPAYROLL, OVERALLSALESFACTOR_TECHNICIAN, TODAYREVENUE_TECHNICIAN, COORDINATESUPDATEDON, INVENTORYWAREHOUSENAME, STATUS, UNION, GOALIMAGE, STANDARDPAYROLLCONTROLCODE_ID, HOURLYRATE, ACTIVE, COLOR, COMMUTETIME, DAILYGOAL, HOME_STATE, MEALTIME, PAYROLLREPORTVERSION, PAYROLLID, PAYROLLPROFILE_ID, SCHEDULEDMULTITECHCOMMISSIONRATE, ISAUTODISPATCHED, PROJECTLABELS, TURNOVERBONUS, BIRTHDATE, MOBILEPHONE, CREATEDBY_ID, DISPATCHNOTIFICATIONS, HOME_STREET, NAVISIONEMPLOYEEID, SCHEDULEDCREWSPLITCOMMISSIONRATE, ATLASBUTLERTECHNICIANROLE, HOME_LATITUDE, ISEXTERNAL, LATITUDE, MIDDLENAME, OUTBOUNDCALLERID, OVERTIMEPAYROLLCONTROLCODE_ID, PAYROLLSTARTDATE, STARTDATE, HOME_UNIT, PHONE, TEAM, ADDONMULTITECHCOMMISSIONRATE, BUSINESSUNIT_ID, MANAGER_ID, MOBILEPHONECONFIRMED, PAYFREQUENCY_ID, SOLDBYRATE, PAYROLLSTARTPERIOD, POSITION, SHIFTSTART, TYPE, OVERTIMEWORKTYPECODE_ID, STANDARDWORKTYPECODE_ID, ADDONSOLOCOMMISSIONRATE, BURDENRATE, COMMISSIONRATE, DEDUCTCOMMUTETIMEFROMFIRSTDRIVE, DEFAULTPAYROLLADJUSTMENTRATE, LASTNAME, SHOWJOBAPPOINTMENTRESCHEDULEALERT, DEFAULTLABORTYPE_ID, LOCATION_TECHNICIAN, SHIFTEND, ZONE_ID, HOME_ISMILITARY, OVERTIMEPROFILE_ID, WILLIAMSTECHNICIANROLE, HOME_ISMANUALCOORDINATES, QBREPID, HOME_ZIP, CREATEDON, FIRSTNAME, HOME_CITY, HOME_COUNTRY, INVOICINGHOURLYRATE, LICENSE, NAME, PHONECONFIRMED, LONGITUDE, PAYROLLPOSTINGGROUP_ID, SCHEDULEDSOLOCOMMISSIONRATE, SMARTDISPATCHSETTINGS_TECHNICIAN, MODIFIEDON, JOBFILTER, APPOINTMENT_ID, BIO, EMAILCONFIRMED, FIRSTDRIVERULE, MEMO, PROJECTEDVALUE, SALESFACTOR, IMPORTID, OVERTIMEMODE, PAYTYPE, JOB_ID, USER_ID, MUHULINK]
Column names for DataMart Table --> STR_TECHNICIAN :: [ADDONSOLOCOMMISSIONRATE, FLEET_ID, HOME_COUNTRY, HOME_LATITUDE, JOBFILTER, LICENSE, PAYROLLREPORTVERSION, ROUTESTATISTICS_TECHNICIAN, SCHEDULEDMULTITECHCOMMISSIONRATE, BIO, HOME_LONGITUDE, MIDDLENAME, OVERTIMEWORKTYPECODE_ID, PHOTO, SCHEDULEDCREWSPLITCOMMISSIONRATE, BUSINESSUNIT_ID, TRUCK_ID, ADDONMULTITECHCOMMISSIONRATE, CURRENTVALUE, DEFAULTPAYROLLADJUSTMENTRATE, ISMANAGEDTECH, LONGITUDE, MOBILEPHONECONFIRMED, PAYPERIOD, PAYTYPE, POSITION, TENANT_TYPE, WILLIAMSTECHNICIANROLE, OVERALLSALESFACTOR_TECHNICIAN, PAYROLLPROFILE_ID, STATUS, ACTIVE, ADDONCREWSPLITCOMMISSIONRATE, DEFAULTLABORTYPE_ID, HOME_CITY, HOME_STATE, MODIFIEDON, INVENTORYWAREHOUSENAME, ISAUTODISPATCHED, OVERTIMEMODE, STATUSUPDATEDON, BURDENRATE, COORDINATESUPDATEDON, DEDUCTCOMMUTETIMEFROMFIRSTDRIVE, HOME_STREET, ISEXTERNAL, OVERTIMEPROFILE_ID, ID, LASTNAME, PHONECONFIRMED, PROJECTLABELS, RECORD_CREATE_DATE, STARTDATE, MEMO, TYPE, DAILYGOAL, MASTER_ID, ACTIVE_FLAG, APPOINTMENT_ID, COLOR, COMMISSIONRATE, CREATEDON, LOCATION_TECHNICIAN, TEAM, EMAIL, HOURLYRATE, IMPORTID, OVERTIMEPAYROLLCONTROLCODE_ID, PAYFREQUENCY_ID, PAYROLLSTARTDATE, PHONE, SCHEDULEDSOLOCOMMISSIONRATE, SMARTDISPATCHSETTINGS_TECHNICIAN, PROJECTEDVALUE, ZONE_ID, SHOWJOBAPPOINTMENTRESCHEDULEALERT, COMMUTETIME, DISPATCHNOTIFICATIONS, FIRSTNAME, HOME_ISMILITARY, HOME_ZIP, MOBILEPHONE, SALESFACTOR, FIRSTDRIVERULE, OUTBOUNDCALLERID, SHIFTSTART, STANDARDPAYROLLCONTROLCODE_ID, MEALTIME, RECORD_UPDATE_DATE, PAYROLLPOSTINGGROUP_ID, CHECKEDIN, HOME_ISMANUALCOORDINATES, HOME_UNIT, JOB_ID, LATITUDE, PAYROLLID, TURNOVERBONUS, GOALIMAGE, INVOICINGHOURLYRATE, MUHULINK, NAVISIONEMPLOYEEID, QBREPID, SALESFORCECONTACTID, TODAYREVENUE_TECHNICIAN, UNION, USER_ID, ATLASBUTLERTECHNICIANROLE, BIRTHDATE, CREATEDBY_ID, EMAILCONFIRMED, MANAGER_ID, SHIFTEND, NAME, PAYROLLROLE, PAYROLLSTARTPERIOD, SOLDBYRATE, STANDARDWORKTYPECODE_ID]
Column names for Curated Table --> DIM_TECHNICIAN :: [ADDONCREWSPLITCOMMISSIONRATE, COMMUTETIME, DEFAULTLABORTYPE_ID, EMAILCONFIRMED, FIRSTNAME, FLEET_ID, HOME_COUNTRY, HOME_UNIT, MOBILEPHONE, PHONECONFIRMED, OVERALLSALESFACTOR_TECHNICIAN, PAYROLLSTARTDATE, TURNOVERBONUS, PAYPERIOD, PAYROLLROLE, BIRTHDATE, HOME_ISMANUALCOORDINATES, HOME_ISMILITARY, INVENTORYWAREHOUSENAME, JOBFILTER, MEMO, PAYFREQUENCY_ID, POSITION, ID, ISAUTODISPATCHED, LICENSE, TEAM, SCHEDULEDCREWSPLITCOMMISSIONRATE, SALESFACTOR, ADDONSOLOCOMMISSIONRATE, CURRENTVALUE, DAILYGOAL, DEDUCTCOMMUTETIMEFROMFIRSTDRIVE, MANAGER_ID, OVERTIMEPROFILE_ID, SHIFTSTART, SHOWJOBAPPOINTMENTRESCHEDULEALERT, SMARTDISPATCHSETTINGS_TECHNICIAN, GOALIMAGE, MODIFIEDON, PAYROLLID, PAYROLLREPORTVERSION, RECORD_CREATE_DATE, TODAYREVENUE_TECHNICIAN, TYPE, PROJECTLABELS, SCHEDULEDSOLOCOMMISSIONRATE, LONGITUDE, ADDONMULTITECHCOMMISSIONRATE, APPOINTMENT_ID, CHECKEDIN, COLOR, CREATEDON, DISPATCHNOTIFICATIONS, IMPORTID, LASTNAME, MOBILEPHONECONFIRMED, STATUSUPDATEDON, ZONE_ID, HOME_STATE, MEALTIME, NAME, NAVISIONEMPLOYEEID, PAYROLLPOSTINGGROUP_ID, PHOTO, PROJECTEDVALUE, STANDARDPAYROLLCONTROLCODE_ID, OVERTIMEMODE, BURDENRATE, FIRSTDRIVERULE, JOB_ID, PAYROLLPROFILE_ID, QBREPID, ROUTESTATISTICS_TECHNICIAN, STARTDATE, TRUCK_ID, USER_ID, STANDARDWORKTYPECODE_ID, MIDDLENAME, COMMISSIONRATE, CREATEDBY_ID, HOME_LONGITUDE, HOME_ZIP, HOURLYRATE, LATITUDE, SCHEDULEDMULTITECHCOMMISSIONRATE, BUSINESSUNIT_ID, OUTBOUNDCALLERID, RECORD_UPDATED_BY, STATUS, MUHULINK, OVERTIMEPAYROLLCONTROLCODE_ID, UNION, PAYTYPE, INVOICINGHOURLYRATE, RECORD_UPDATE_DATE, COORDINATESUPDATEDON, LOCATION_TECHNICIAN, EMAIL, HOME_CITY, ISEXTERNAL, OVERTIMEWORKTYPECODE_ID, PAYROLLSTARTPERIOD, SHIFTEND, WILLIAMSTECHNICIANROLE, TENANT_TYPE, ACTIVE, ATLASBUTLERTECHNICIANROLE, BIO, DEFAULTPAYROLLADJUSTMENTRATE, HOME_LATITUDE, HOME_STREET, ISMANAGEDTECH, PHONE, SALESFORCECONTACTID, SOLDBYRATE]
Column Name found in Datamart and Curated Table :: ADDONCREWSPLITCOMMISSIONRATE
Column Name found in Datamart and Curated Table :: PAYROLLROLE
Column Name found in Datamart and Curated Table :: EMAIL
Column Name found in Datamart and Curated Table :: ISMANAGEDTECH
Column Name found in Datamart and Curated Table :: PAYPERIOD
Column Name found in Datamart and Curated Table :: STATUSUPDATEDON
Column Name found in Datamart and Curated Table :: TRUCK_ID
Column Name found in Datamart and Curated Table :: PHOTO
Column Name found in Datamart and Curated Table :: ROUTESTATISTICS_TECHNICIAN
Column Name found in Datamart and Curated Table :: SALESFORCECONTACTID
Column Name found in Datamart and Curated Table :: CHECKEDIN
Column Name found in Datamart and Curated Table :: CURRENTVALUE
Column Name found in Datamart and Curated Table :: HOME_LONGITUDE
Column Name found in Datamart and Curated Table :: ID
Column Name not found in Datamart and Curated Table :: ISEXCLUDEDFROMPAYROLL
Column Name found in Datamart and Curated Table :: OVERALLSALESFACTOR_TECHNICIAN
Column Name found in Datamart and Curated Table :: TODAYREVENUE_TECHNICIAN
Column Name found in Datamart and Curated Table :: COORDINATESUPDATEDON
Column Name found in Datamart and Curated Table :: INVENTORYWAREHOUSENAME
Column Name found in Datamart and Curated Table :: STATUS
Column Name found in Datamart and Curated Table :: UNION
Column Name found in Datamart and Curated Table :: GOALIMAGE
Column Name found in Datamart and Curated Table :: STANDARDPAYROLLCONTROLCODE_ID
Column Name found in Datamart and Curated Table :: HOURLYRATE
Column Name found in Datamart and Curated Table :: ACTIVE
Column Name found in Datamart and Curated Table :: COLOR
Column Name found in Datamart and Curated Table :: COMMUTETIME
Column Name found in Datamart and Curated Table :: DAILYGOAL
Column Name found in Datamart and Curated Table :: HOME_STATE
Column Name found in Datamart and Curated Table :: MEALTIME
Column Name found in Datamart and Curated Table :: PAYROLLREPORTVERSION
Column Name found in Datamart and Curated Table :: PAYROLLID
Column Name found in Datamart and Curated Table :: PAYROLLPROFILE_ID
Column Name found in Datamart and Curated Table :: SCHEDULEDMULTITECHCOMMISSIONRATE
Column Name found in Datamart and Curated Table :: ISAUTODISPATCHED
Column Name found in Datamart and Curated Table :: PROJECTLABELS
Column Name found in Datamart and Curated Table :: TURNOVERBONUS
Column Name found in Datamart and Curated Table :: BIRTHDATE
Column Name found in Datamart and Curated Table :: MOBILEPHONE
Column Name found in Datamart and Curated Table :: CREATEDBY_ID
Column Name found in Datamart and Curated Table :: DISPATCHNOTIFICATIONS
Column Name found in Datamart and Curated Table :: HOME_STREET
Column Name found in Datamart and Curated Table :: NAVISIONEMPLOYEEID
Column Name found in Datamart and Curated Table :: SCHEDULEDCREWSPLITCOMMISSIONRATE
Column Name found in Datamart and Curated Table :: ATLASBUTLERTECHNICIANROLE
Column Name found in Datamart and Curated Table :: HOME_LATITUDE
Column Name found in Datamart and Curated Table :: ISEXTERNAL
Column Name found in Datamart and Curated Table :: LATITUDE
Column Name found in Datamart and Curated Table :: MIDDLENAME
Column Name found in Datamart and Curated Table :: OUTBOUNDCALLERID
Column Name found in Datamart and Curated Table :: OVERTIMEPAYROLLCONTROLCODE_ID
Column Name found in Datamart and Curated Table :: PAYROLLSTARTDATE
Column Name found in Datamart and Curated Table :: STARTDATE
Column Name found in Datamart and Curated Table :: HOME_UNIT
Column Name found in Datamart and Curated Table :: PHONE
Column Name found in Datamart and Curated Table :: TEAM
Column Name found in Datamart and Curated Table :: ADDONMULTITECHCOMMISSIONRATE
Column Name found in Datamart and Curated Table :: BUSINESSUNIT_ID
Column Name found in Datamart and Curated Table :: MANAGER_ID
Column Name found in Datamart and Curated Table :: MOBILEPHONECONFIRMED
Column Name found in Datamart and Curated Table :: PAYFREQUENCY_ID
Column Name found in Datamart and Curated Table :: SOLDBYRATE
Column Name found in Datamart and Curated Table :: PAYROLLSTARTPERIOD
Column Name found in Datamart and Curated Table :: POSITION
Column Name found in Datamart and Curated Table :: SHIFTSTART
Column Name found in Datamart and Curated Table :: TYPE
Column Name found in Datamart and Curated Table :: OVERTIMEWORKTYPECODE_ID
Column Name found in Datamart and Curated Table :: STANDARDWORKTYPECODE_ID
Column Name found in Datamart and Curated Table :: ADDONSOLOCOMMISSIONRATE
Column Name found in Datamart and Curated Table :: BURDENRATE
Column Name found in Datamart and Curated Table :: COMMISSIONRATE
Column Name found in Datamart and Curated Table :: DEDUCTCOMMUTETIMEFROMFIRSTDRIVE
Column Name found in Datamart and Curated Table :: DEFAULTPAYROLLADJUSTMENTRATE
Column Name found in Datamart and Curated Table :: LASTNAME
Column Name found in Datamart and Curated Table :: SHOWJOBAPPOINTMENTRESCHEDULEALERT
Column Name found in Datamart and Curated Table :: DEFAULTLABORTYPE_ID
Column Name found in Datamart and Curated Table :: LOCATION_TECHNICIAN
Column Name found in Datamart and Curated Table :: SHIFTEND
Column Name found in Datamart and Curated Table :: ZONE_ID
Column Name found in Datamart and Curated Table :: HOME_ISMILITARY
Column Name found in Datamart and Curated Table :: OVERTIMEPROFILE_ID
Column Name found in Datamart and Curated Table :: WILLIAMSTECHNICIANROLE
Column Name found in Datamart and Curated Table :: HOME_ISMANUALCOORDINATES
Column Name found in Datamart and Curated Table :: QBREPID
Column Name found in Datamart and Curated Table :: HOME_ZIP
Column Name found in Datamart and Curated Table :: CREATEDON
Column Name found in Datamart and Curated Table :: FIRSTNAME
Column Name found in Datamart and Curated Table :: HOME_CITY
Column Name found in Datamart and Curated Table :: HOME_COUNTRY
Column Name found in Datamart and Curated Table :: INVOICINGHOURLYRATE
Column Name found in Datamart and Curated Table :: LICENSE
Column Name found in Datamart and Curated Table :: NAME
Column Name found in Datamart and Curated Table :: PHONECONFIRMED
Column Name found in Datamart and Curated Table :: LONGITUDE
Column Name found in Datamart and Curated Table :: PAYROLLPOSTINGGROUP_ID
Column Name found in Datamart and Curated Table :: SCHEDULEDSOLOCOMMISSIONRATE
Column Name found in Datamart and Curated Table :: SMARTDISPATCHSETTINGS_TECHNICIAN
Column Name found in Datamart and Curated Table :: MODIFIEDON
Column Name found in Datamart and Curated Table :: JOBFILTER
Column Name found in Datamart and Curated Table :: APPOINTMENT_ID
Column Name found in Datamart and Curated Table :: BIO
Column Name found in Datamart and Curated Table :: EMAILCONFIRMED
Column Name found in Datamart and Curated Table :: FIRSTDRIVERULE
Column Name found in Datamart and Curated Table :: MEMO
Column Name found in Datamart and Curated Table :: PROJECTEDVALUE
Column Name found in Datamart and Curated Table :: SALESFACTOR
Column Name found in Datamart and Curated Table :: IMPORTID
Column Name found in Datamart and Curated Table :: OVERTIMEMODE
Column Name found in Datamart and Curated Table :: PAYTYPE
Column Name found in Datamart and Curated Table :: JOB_ID
Column Name found in Datamart and Curated Table :: USER_ID
Column Name found in Datamart and Curated Table :: MUHULINK
Datamart tables contains additional column name like [ACTIVE_FLAG, RECORD_CREATE_DATE, RECORD_UPDATE_DATE, RECORD_UPDATE_DATE, MASTER_ID, TENANT_TYPE]
Curated tables contains additional column name like [RECORD_CREATE_DATE, RECORD_UPDATE_DATE, RECORD_UPDATED_BY, TENANT_TYPE]]]>
  </system-out>
  <testcase classname="testcases.RAW_DATAMART_CURATED.SnowFlake_ColumnValidation_BKPTables" name="validateColumnName_BKP" time="2.554"/>
  <system-out>
    <![CDATA[Executing Snowflake query :: SELECT COLUMN_NAME FROM DEV_ENT_RAW.INFORMATION_SCHEMA.COLUMNS WHERE TABLE_NAME='HOLDJOBREASON'and TABLE_SCHEMA='ST_GOLDMEDAL_MATILLION'
Executing Snowflake query :: SELECT COLUMN_NAME FROM CURATED_DATAMART.INFORMATION_SCHEMA.COLUMNS WHERE TABLE_NAME='STR_HOLDJOBREASON'and TABLE_SCHEMA='ST_BKP_GOLDMEDAL'
Executing Snowflake query :: SELECT COLUMN_NAME FROM DEV_ENT_CURATED.INFORMATION_SCHEMA.COLUMNS WHERE TABLE_NAME='DIM_HOLDJOBREASON'and TABLE_SCHEMA='MASTER_DIMENSIONS'
Column names for RAW Table --> HOLDJOBREASON :: [IMPORTID, MODIFIEDON, ID, ACTIVE, CREATEDBY_ID, CREATEDON, NAME]
Column names for DataMart Table --> STR_HOLDJOBREASON :: [NAME, MODIFIEDON, RECORD_CREATE_DATE, CREATEDBY_ID, IMPORTID, TENANT_TYPE, ACTIVE_FLAG, CREATEDON, MASTER_ID, ID, RECORD_UPDATE_DATE, ACTIVE]
Column names for Curated Table --> DIM_HOLDJOBREASON :: [ACTIVE, ID, NAME, RECORD_UPDATED_BY, CREATEDON, MODIFIEDON, RECORD_CREATE_DATE, RECORD_UPDATE_DATE, TENANT_TYPE, IMPORTID, CREATEDBY_ID]
Column Name found in Datamart and Curated Table :: IMPORTID
Column Name found in Datamart and Curated Table :: MODIFIEDON
Column Name found in Datamart and Curated Table :: ID
Column Name found in Datamart and Curated Table :: ACTIVE
Column Name found in Datamart and Curated Table :: CREATEDBY_ID
Column Name found in Datamart and Curated Table :: CREATEDON
Column Name found in Datamart and Curated Table :: NAME
Datamart tables contains additional column name like [ACTIVE_FLAG, RECORD_CREATE_DATE, RECORD_UPDATE_DATE, RECORD_UPDATE_DATE, MASTER_ID, TENANT_TYPE]
Curated tables contains additional column name like [RECORD_CREATE_DATE, RECORD_UPDATE_DATE, RECORD_UPDATED_BY, TENANT_TYPE]]]>
  </system-out>
  <testcase classname="testcases.RAW_DATAMART_CURATED.SnowFlake_ColumnValidation_BKPTables" name="validateColumnName_BKP" time="2.586"/>
  <system-out>
    <![CDATA[Executing Snowflake query :: SELECT COLUMN_NAME FROM DEV_ENT_RAW.INFORMATION_SCHEMA.COLUMNS WHERE TABLE_NAME='PURCHASEORDER'and TABLE_SCHEMA='ST_CASTEEL_MATILLION'
Executing Snowflake query :: SELECT COLUMN_NAME FROM CURATED_DATAMART.INFORMATION_SCHEMA.COLUMNS WHERE TABLE_NAME='STR_PURCHASEORDER'and TABLE_SCHEMA='ST_BKP_CASTEEL'
Executing Snowflake query :: SELECT COLUMN_NAME FROM DEV_ENT_CURATED.INFORMATION_SCHEMA.COLUMNS WHERE TABLE_NAME='DIM_PURCHASEORDER'and TABLE_SCHEMA='MASTER_DIMENSIONS'
Column names for RAW Table --> PURCHASEORDER :: [CANCELEDREASON, INVOICE_ID, NUMBER, POVENDOR_ID, SENDSTATUS, VENDOR, GROUPINGOPTION, CREATEDON, SHIPTO_STREET, TAXSCHEMA, PROJECT_ID, TYPE_ID, ERRORMESSAGE, EXTERNALID, SHIPTO_COUNTRY, EXPORTID, VENDORINVOICENUMBER, PROJECTLABELS, BUSINESSUNIT_ID, ISTIMEANDMATERIAL, REQUIREDON, REQUISITION_ID, SHIPTO_CITY, TAXRATE, STATUS, TECHNICIAN_ID, ACTIVE, IMPORTID, INVENTORYLOCATION_ID, MODIFIEDON, SHIPPING, SHIPTO_ZIP, SHIPTODESCRIPTION, ID, SUMMARY, AMOUNT, CANCELEDBY_ID, SHIPTO_ISMILITARY, NOCHARGE, SHIPTO_ISMANUALCOORDINATES, SHIPTO_LONGITUDE, TRUCK_ID, TAX, RECEIVEDON, CANCELEDON, SENDINGMETHOD, SHIPTO_LATITUDE, SHIPTO_UNIT, SHIPTO_STATE, BATCH_ID, CREATEDBY_ID, DATE, MARKUP, ROLLEDOVERFROMPURCHASEORDER_ID, SENTON, JOB_ID]
Column names for DataMart Table --> STR_PURCHASEORDER :: [ERRORMESSAGE, PROJECT_ID, SHIPTODESCRIPTION, SHIPTO_ZIP, STATUS, RECORD_UPDATE_DATE, VENDORINVOICENUMBER, TRUCK_ID, ACTIVE, CANCELEDON, ID, ISTIMEANDMATERIAL, NOCHARGE, PROJECTLABELS, SHIPTO_UNIT, REQUISITION_ID, REQUIREDON, SUMMARY, SHIPPING, SHIPTO_LATITUDE, GROUPINGOPTION, SHIPTO_CITY, CREATEDBY_ID, MODIFIEDON, SENDINGMETHOD, SENTON, TECHNICIAN_ID, TYPE_ID, SHIPTO_COUNTRY, AMOUNT, CANCELEDBY_ID, EXTERNALID, SHIPTO_ISMANUALCOORDINATES, EXPORTID, IMPORTID, INVOICE_ID, SHIPTO_STREET, TAXRATE, TENANT_TYPE, BATCH_ID, CANCELEDREASON, DATE, MASTER_ID, SHIPTO_LONGITUDE, VENDOR, POVENDOR_ID, SHIPTO_ISMILITARY, ACTIVE_FLAG, BUSINESSUNIT_ID, INVENTORYLOCATION_ID, MARKUP, SHIPTO_STATE, ROLLEDOVERFROMPURCHASEORDER_ID, CREATEDON, JOB_ID, NUMBER, RECEIVEDON, RECORD_CREATE_DATE, SENDSTATUS, TAX, TAXSCHEMA]
Column names for Curated Table --> DIM_PURCHASEORDER :: [ACTIVE, CANCELEDBY_ID, CANCELEDON, RECORD_CREATE_DATE, TRUCK_ID, ROLLEDOVERFROMPURCHASEORDER_ID, SHIPTO_LONGITUDE, TAXSCHEMA, BUSINESSUNIT_ID, POVENDOR_ID, SHIPTO_ISMANUALCOORDINATES, SHIPTO_ISMILITARY, CREATEDON, RECORD_UPDATE_DATE, NUMBER, AMOUNT, DATE, ERRORMESSAGE, EXPORTID, GROUPINGOPTION, INVOICE_ID, MODIFIEDON, PROJECT_ID, SHIPTO_COUNTRY, STATUS, RECORD_UPDATED_BY, TECHNICIAN_ID, SHIPTO_STATE, MARKUP, REQUISITION_ID, SENDSTATUS, SHIPTO_LATITUDE, SHIPTO_STREET, INVENTORYLOCATION_ID, TYPE_ID, BATCH_ID, CREATEDBY_ID, SENTON, PROJECTLABELS, SENDINGMETHOD, SHIPTO_CITY, TAXRATE, EXTERNALID, ID, TAX, VENDOR, IMPORTID, NOCHARGE, SHIPTO_ZIP, SUMMARY, TENANT_TYPE, SHIPPING, CANCELEDREASON, ISTIMEANDMATERIAL, JOB_ID, RECEIVEDON, SHIPTODESCRIPTION, SHIPTO_UNIT, VENDORINVOICENUMBER, REQUIREDON]
Column Name found in Datamart and Curated Table :: CANCELEDREASON
Column Name found in Datamart and Curated Table :: INVOICE_ID
Column Name found in Datamart and Curated Table :: NUMBER
Column Name found in Datamart and Curated Table :: POVENDOR_ID
Column Name found in Datamart and Curated Table :: SENDSTATUS
Column Name found in Datamart and Curated Table :: VENDOR
Column Name found in Datamart and Curated Table :: GROUPINGOPTION
Column Name found in Datamart and Curated Table :: CREATEDON
Column Name found in Datamart and Curated Table :: SHIPTO_STREET
Column Name found in Datamart and Curated Table :: TAXSCHEMA
Column Name found in Datamart and Curated Table :: PROJECT_ID
Column Name found in Datamart and Curated Table :: TYPE_ID
Column Name found in Datamart and Curated Table :: ERRORMESSAGE
Column Name found in Datamart and Curated Table :: EXTERNALID
Column Name found in Datamart and Curated Table :: SHIPTO_COUNTRY
Column Name found in Datamart and Curated Table :: EXPORTID
Column Name found in Datamart and Curated Table :: VENDORINVOICENUMBER
Column Name found in Datamart and Curated Table :: PROJECTLABELS
Column Name found in Datamart and Curated Table :: BUSINESSUNIT_ID
Column Name found in Datamart and Curated Table :: ISTIMEANDMATERIAL
Column Name found in Datamart and Curated Table :: REQUIREDON
Column Name found in Datamart and Curated Table :: REQUISITION_ID
Column Name found in Datamart and Curated Table :: SHIPTO_CITY
Column Name found in Datamart and Curated Table :: TAXRATE
Column Name found in Datamart and Curated Table :: STATUS
Column Name found in Datamart and Curated Table :: TECHNICIAN_ID
Column Name found in Datamart and Curated Table :: ACTIVE
Column Name found in Datamart and Curated Table :: IMPORTID
Column Name found in Datamart and Curated Table :: INVENTORYLOCATION_ID
Column Name found in Datamart and Curated Table :: MODIFIEDON
Column Name found in Datamart and Curated Table :: SHIPPING
Column Name found in Datamart and Curated Table :: SHIPTO_ZIP
Column Name found in Datamart and Curated Table :: SHIPTODESCRIPTION
Column Name found in Datamart and Curated Table :: ID
Column Name found in Datamart and Curated Table :: SUMMARY
Column Name found in Datamart and Curated Table :: AMOUNT
Column Name found in Datamart and Curated Table :: CANCELEDBY_ID
Column Name found in Datamart and Curated Table :: SHIPTO_ISMILITARY
Column Name found in Datamart and Curated Table :: NOCHARGE
Column Name found in Datamart and Curated Table :: SHIPTO_ISMANUALCOORDINATES
Column Name found in Datamart and Curated Table :: SHIPTO_LONGITUDE
Column Name found in Datamart and Curated Table :: TRUCK_ID
Column Name found in Datamart and Curated Table :: TAX
Column Name found in Datamart and Curated Table :: RECEIVEDON
Column Name found in Datamart and Curated Table :: CANCELEDON
Column Name found in Datamart and Curated Table :: SENDINGMETHOD
Column Name found in Datamart and Curated Table :: SHIPTO_LATITUDE
Column Name found in Datamart and Curated Table :: SHIPTO_UNIT
Column Name found in Datamart and Curated Table :: SHIPTO_STATE
Column Name found in Datamart and Curated Table :: BATCH_ID
Column Name found in Datamart and Curated Table :: CREATEDBY_ID
Column Name found in Datamart and Curated Table :: DATE
Column Name found in Datamart and Curated Table :: MARKUP
Column Name found in Datamart and Curated Table :: ROLLEDOVERFROMPURCHASEORDER_ID
Column Name found in Datamart and Curated Table :: SENTON
Column Name found in Datamart and Curated Table :: JOB_ID
Datamart tables contains additional column name like [ACTIVE_FLAG, RECORD_CREATE_DATE, RECORD_UPDATE_DATE, RECORD_UPDATE_DATE, MASTER_ID, TENANT_TYPE]
Curated tables contains additional column name like [RECORD_CREATE_DATE, RECORD_UPDATE_DATE, RECORD_UPDATED_BY, TENANT_TYPE]]]>
  </system-out>
  <testcase classname="testcases.RAW_DATAMART_CURATED.SnowFlake_ColumnValidation_BKPTables" name="validateColumnName_BKP" time="2.240"/>
  <system-out>
    <![CDATA[Executing Snowflake query :: SELECT COLUMN_NAME FROM DEV_ENT_RAW.INFORMATION_SCHEMA.COLUMNS WHERE TABLE_NAME='PURCHASEORDERITEM'and TABLE_SCHEMA='ST_MAITZ_MATILLION'
Executing Snowflake query :: SELECT COLUMN_NAME FROM CURATED_DATAMART.INFORMATION_SCHEMA.COLUMNS WHERE TABLE_NAME='STR_PURCHASEORDERITEM'and TABLE_SCHEMA='ST_BKP_MAITZ'
Executing Snowflake query :: SELECT COLUMN_NAME FROM DEV_ENT_CURATED.INFORMATION_SCHEMA.COLUMNS WHERE TABLE_NAME='DIM_PURCHASEORDERITEM'and TABLE_SCHEMA='MASTER_DIMENSIONS'
Column names for RAW Table --> PURCHASEORDERITEM :: [ACTIVE, EQUIPMENTVENDOR_ID, MODIFIEDON, CHARGEABLEITEM_ID, EQUIPMENT_ID, PROJECTLABELS, DESCRIPTION, SKUREFERENCE_SKUTYPE, COST, ID, MARKUP, MATERIAL_ID, TECHNICIANSPLIT3, UNITOFMEASURE_ID, ROLLOVERQUANTITY, BUSINESSUNIT_ID, IMPORTID, ISINVENTORY, VENDORPARTNUMBER, TECHNICIANFORBASERATE3_ID, ROLLEDOVERFROMITEM_ID, SKUREFERENCE_SKUID, QUANTITY, TECHNICIANFORBASERATE2_ID, CREATEDON, REQUISITIONITEM_ID, SERIALNUMBER, TECHNICIANSPLIT2, USEDMATERIAL_ID, CREATEDBY_ID, SKU_ID, STATUS, TECHNICIANSPLIT1, PURCHASEORDER_ID, INVENTORYLOCATION_ID, MATERIALVENDOR_ID, TECHNICIANFORBASERATE1_ID, SKUVENDOR_ID]
Column names for DataMart Table --> STR_PURCHASEORDERITEM :: [ACTIVE_FLAG, ROLLEDOVERFROMITEM_ID, TECHNICIANSPLIT1, IMPORTID, ISINVENTORY, SKUREFERENCE_SKUID, SKU_ID, TECHNICIANFORBASERATE1_ID, TECHNICIANFORBASERATE3_ID, CREATEDON, SKUREFERENCE_SKUTYPE, TECHNICIANSPLIT3, VENDORPARTNUMBER, TECHNICIANFORBASERATE2_ID, TENANT_TYPE, MARKUP, USEDMATERIAL_ID, ACTIVE, ID, MASTER_ID, MODIFIEDON, RECORD_UPDATE_DATE, CHARGEABLEITEM_ID, MATERIALVENDOR_ID, MATERIAL_ID, RECORD_CREATE_DATE, TECHNICIANSPLIT2, EQUIPMENT_ID, QUANTITY, SKUVENDOR_ID, STATUS, UNITOFMEASURE_ID, CREATEDBY_ID, DESCRIPTION, EQUIPMENTVENDOR_ID, INVENTORYLOCATION_ID, PROJECTLABELS, PURCHASEORDER_ID, SERIALNUMBER, REQUISITIONITEM_ID, COST, BUSINESSUNIT_ID, ROLLOVERQUANTITY]
Column names for Curated Table --> DIM_PURCHASEORDERITEM :: [CREATEDBY_ID, DESCRIPTION, EQUIPMENTVENDOR_ID, EQUIPMENT_ID, MATERIALVENDOR_ID, RECORD_UPDATE_DATE, TECHNICIANFORBASERATE1_ID, MODIFIEDON, UNITOFMEASURE_ID, USEDMATERIAL_ID, TECHNICIANSPLIT2, CHARGEABLEITEM_ID, COST, QUANTITY, TECHNICIANFORBASERATE3_ID, INVENTORYLOCATION_ID, IMPORTID, REQUISITIONITEM_ID, TENANT_TYPE, VENDORPARTNUMBER, SKU_ID, CREATEDON, ID, SKUREFERENCE_SKUTYPE, MARKUP, PROJECTLABELS, PURCHASEORDER_ID, SERIALNUMBER, SKUVENDOR_ID, TECHNICIANSPLIT3, ROLLOVERQUANTITY, STATUS, BUSINESSUNIT_ID, ISINVENTORY, RECORD_CREATE_DATE, ROLLEDOVERFROMITEM_ID, TECHNICIANSPLIT1, SKUREFERENCE_SKUID, ACTIVE, MATERIAL_ID, RECORD_UPDATED_BY, TECHNICIANFORBASERATE2_ID]
Column Name found in Datamart and Curated Table :: ACTIVE
Column Name found in Datamart and Curated Table :: EQUIPMENTVENDOR_ID
Column Name found in Datamart and Curated Table :: MODIFIEDON
Column Name found in Datamart and Curated Table :: CHARGEABLEITEM_ID
Column Name found in Datamart and Curated Table :: EQUIPMENT_ID
Column Name found in Datamart and Curated Table :: PROJECTLABELS
Column Name found in Datamart and Curated Table :: DESCRIPTION
Column Name found in Datamart and Curated Table :: SKUREFERENCE_SKUTYPE
Column Name found in Datamart and Curated Table :: COST
Column Name found in Datamart and Curated Table :: ID
Column Name found in Datamart and Curated Table :: MARKUP
Column Name found in Datamart and Curated Table :: MATERIAL_ID
Column Name found in Datamart and Curated Table :: TECHNICIANSPLIT3
Column Name found in Datamart and Curated Table :: UNITOFMEASURE_ID
Column Name found in Datamart and Curated Table :: ROLLOVERQUANTITY
Column Name found in Datamart and Curated Table :: BUSINESSUNIT_ID
Column Name found in Datamart and Curated Table :: IMPORTID
Column Name found in Datamart and Curated Table :: ISINVENTORY
Column Name found in Datamart and Curated Table :: VENDORPARTNUMBER
Column Name found in Datamart and Curated Table :: TECHNICIANFORBASERATE3_ID
Column Name found in Datamart and Curated Table :: ROLLEDOVERFROMITEM_ID
Column Name found in Datamart and Curated Table :: SKUREFERENCE_SKUID
Column Name found in Datamart and Curated Table :: QUANTITY
Column Name found in Datamart and Curated Table :: TECHNICIANFORBASERATE2_ID
Column Name found in Datamart and Curated Table :: CREATEDON
Column Name found in Datamart and Curated Table :: REQUISITIONITEM_ID
Column Name found in Datamart and Curated Table :: SERIALNUMBER
Column Name found in Datamart and Curated Table :: TECHNICIANSPLIT2
Column Name found in Datamart and Curated Table :: USEDMATERIAL_ID
Column Name found in Datamart and Curated Table :: CREATEDBY_ID
Column Name found in Datamart and Curated Table :: SKU_ID
Column Name found in Datamart and Curated Table :: STATUS
Column Name found in Datamart and Curated Table :: TECHNICIANSPLIT1
Column Name found in Datamart and Curated Table :: PURCHASEORDER_ID
Column Name found in Datamart and Curated Table :: INVENTORYLOCATION_ID
Column Name found in Datamart and Curated Table :: MATERIALVENDOR_ID
Column Name found in Datamart and Curated Table :: TECHNICIANFORBASERATE1_ID
Column Name found in Datamart and Curated Table :: SKUVENDOR_ID
Datamart tables contains additional column name like [ACTIVE_FLAG, RECORD_CREATE_DATE, RECORD_UPDATE_DATE, RECORD_UPDATE_DATE, MASTER_ID, TENANT_TYPE]
Curated tables contains additional column name like [RECORD_CREATE_DATE, RECORD_UPDATE_DATE, RECORD_UPDATED_BY, TENANT_TYPE]]]>
  </system-out>
  <testcase classname="testcases.RAW_DATAMART_CURATED.SnowFlake_ColumnValidation_BKPTables" name="validateColumnName_BKP" time="3.486"/>
  <system-out>
    <![CDATA[Executing Snowflake query :: SELECT COLUMN_NAME FROM DEV_ENT_RAW.INFORMATION_SCHEMA.COLUMNS WHERE TABLE_NAME='NONJOBAPPOINTMENT'and TABLE_SCHEMA='ST_EANESHEATING_MATILLION'
Executing Snowflake query :: SELECT COLUMN_NAME FROM CURATED_DATAMART.INFORMATION_SCHEMA.COLUMNS WHERE TABLE_NAME='STR_NONJOBAPPOINTMENT'and TABLE_SCHEMA='ST_BKP_EANESHEATING'
Executing Snowflake query :: SELECT COLUMN_NAME FROM DEV_ENT_CURATED.INFORMATION_SCHEMA.COLUMNS WHERE TABLE_NAME='DIM_NONJOBAPPOINTMENT'and TABLE_SCHEMA='MASTER_DIMENSIONS'
Column names for RAW Table --> NONJOBAPPOINTMENT :: []
Column names for DataMart Table --> STR_NONJOBAPPOINTMENT :: [CREATEDON, ISCOMPLETED, MASTER_ID, CLEARTECHNICIANVIEW, RECORD_UPDATE_DATE, DEFINITION_ID, DURATION, SUMMARY, START, TECHNICIAN_ID, ID, NAME, REMOVETECHNICIANFROMCAPACITYPLANNING, ACTIVE, EXPECTEDDURATION, TENANT_TYPE, TIMESHEETCODE_ID, ALLDAY, CREATEDBY_ID, TIMESHEET_ID, ACTIVE_FLAG, CLEARDISPATCHBOARD, IMPORTID, RECORD_CREATE_DATE]
Column names for Curated Table --> DIM_NONJOBAPPOINTMENT :: [IMPORTID, RECORD_UPDATE_DATE, TIMESHEET_ID, ID, ISCOMPLETED, CREATEDON, RECORD_UPDATED_BY, START, CLEARTECHNICIANVIEW, DURATION, EXPECTEDDURATION, ALLDAY, CLEARDISPATCHBOARD, RECORD_CREATE_DATE, TENANT_TYPE, TIMESHEETCODE_ID, NAME, DEFINITION_ID, SUMMARY, ACTIVE, CREATEDBY_ID, REMOVETECHNICIANFROMCAPACITYPLANNING, TECHNICIAN_ID]
Datamart tables contains additional column name like [ACTIVE_FLAG, RECORD_CREATE_DATE, RECORD_UPDATE_DATE, RECORD_UPDATE_DATE, MASTER_ID, TENANT_TYPE]
Curated tables contains additional column name like [RECORD_CREATE_DATE, RECORD_UPDATE_DATE, RECORD_UPDATED_BY, TENANT_TYPE]]]>
  </system-out>
  <testcase classname="testcases.RAW_DATAMART_CURATED.SnowFlake_ColumnValidation_BKPTables" name="validateColumnName_BKP" time="6.043"/>
  <system-out>
    <![CDATA[Executing Snowflake query :: SELECT COLUMN_NAME FROM DEV_ENT_RAW.INFORMATION_SCHEMA.COLUMNS WHERE TABLE_NAME='PAYMENT'and TABLE_SCHEMA='ST_BILLFENWICK_MATILLION'
Executing Snowflake query :: SELECT COLUMN_NAME FROM CURATED_DATAMART.INFORMATION_SCHEMA.COLUMNS WHERE TABLE_NAME='STR_PAYMENT'and TABLE_SCHEMA='ST_BKP_BILLFENWICK'
Executing Snowflake query :: SELECT COLUMN_NAME FROM DEV_ENT_CURATED.INFORMATION_SCHEMA.COLUMNS WHERE TABLE_NAME='DIM_PAYMENT'and TABLE_SCHEMA='MASTER_DIMENSIONS'
Column names for RAW Table --> PAYMENT :: [ACTIVE, CHECKNUMBER, DEFERREDINTEREST, SOURCE, IMPORTID, TRANSACTIONSTATUS, AGREEMENTLANGUAGE, APPLIEDON, BUSINESSUNIT_ID, CREATEDON, METHOD, EXTERNALID, CREATEDBY_ID, EXPORTID, NUMBER, UNAPPLIEDAMOUNT, SETTLEMENTDATE, TRANSACTION, AUTHORIZATIONSIGNATURE, FINANCINGOPERATOR, MEMO, BATCH_ID, PAIDON, INVOICE_ID, CUSTOMER_ID, PAYMENTDATE, STATUS, MODIFIEDON, ESTIMATE_ID, ID, STOREDPAYMENT_ID, TYPE_ID, AMOUNT, PROJECT_ID, REFUNDEDAMOUNT, SETTLEMENTSTATUS, CREDITAVAILABLE]
Column names for DataMart Table --> STR_PAYMENT :: [ACTIVE_FLAG, BATCH_ID, CUSTOMER_ID, SETTLEMENTDATE, TRANSACTION, CREDITAVAILABLE, CHECKNUMBER, CREATEDBY_ID, STATUS, ACTIVE, ESTIMATE_ID, INVOICE_ID, PROJECT_ID, STOREDPAYMENT_ID, AGREEMENTLANGUAGE, AUTHORIZATIONSIGNATURE, EXTERNALID, METHOD, ID, PAYMENTDATE, TYPE_ID, RECORD_UPDATE_DATE, CREATEDON, IMPORTID, REFUNDEDAMOUNT, RECORD_CREATE_DATE, AMOUNT, BUSINESSUNIT_ID, FINANCINGOPERATOR, SOURCE, TRANSACTIONSTATUS, TENANT_TYPE, UNAPPLIEDAMOUNT, APPLIEDON, MASTER_ID, MEMO, PAIDON, NUMBER, DEFERREDINTEREST, EXPORTID, MODIFIEDON, SETTLEMENTSTATUS]
Column names for Curated Table --> DIM_PAYMENT :: [DEFERREDINTEREST, PAIDON, SOURCE, TENANT_TYPE, PAYMENTDATE, TYPE_ID, ACTIVE, INVOICE_ID, ESTIMATE_ID, UNAPPLIEDAMOUNT, STATUS, CREATEDBY_ID, CUSTOMER_ID, EXPORTID, IMPORTID, TRANSACTION, MEMO, RECORD_UPDATE_DATE, TRANSACTIONSTATUS, AMOUNT, AUTHORIZATIONSIGNATURE, CHECKNUMBER, MODIFIEDON, EXTERNALID, PROJECT_ID, APPLIEDON, BATCH_ID, CREATEDON, FINANCINGOPERATOR, ID, RECORD_UPDATED_BY, REFUNDEDAMOUNT, SETTLEMENTSTATUS, BUSINESSUNIT_ID, METHOD, AGREEMENTLANGUAGE, CREDITAVAILABLE, NUMBER, RECORD_CREATE_DATE, SETTLEMENTDATE, STOREDPAYMENT_ID]
Column Name found in Datamart and Curated Table :: ACTIVE
Column Name found in Datamart and Curated Table :: CHECKNUMBER
Column Name found in Datamart and Curated Table :: DEFERREDINTEREST
Column Name found in Datamart and Curated Table :: SOURCE
Column Name found in Datamart and Curated Table :: IMPORTID
Column Name found in Datamart and Curated Table :: TRANSACTIONSTATUS
Column Name found in Datamart and Curated Table :: AGREEMENTLANGUAGE
Column Name found in Datamart and Curated Table :: APPLIEDON
Column Name found in Datamart and Curated Table :: BUSINESSUNIT_ID
Column Name found in Datamart and Curated Table :: CREATEDON
Column Name found in Datamart and Curated Table :: METHOD
Column Name found in Datamart and Curated Table :: EXTERNALID
Column Name found in Datamart and Curated Table :: CREATEDBY_ID
Column Name found in Datamart and Curated Table :: EXPORTID
Column Name found in Datamart and Curated Table :: NUMBER
Column Name found in Datamart and Curated Table :: UNAPPLIEDAMOUNT
Column Name found in Datamart and Curated Table :: SETTLEMENTDATE
Column Name found in Datamart and Curated Table :: TRANSACTION
Column Name found in Datamart and Curated Table :: AUTHORIZATIONSIGNATURE
Column Name found in Datamart and Curated Table :: FINANCINGOPERATOR
Column Name found in Datamart and Curated Table :: MEMO
Column Name found in Datamart and Curated Table :: BATCH_ID
Column Name found in Datamart and Curated Table :: PAIDON
Column Name found in Datamart and Curated Table :: INVOICE_ID
Column Name found in Datamart and Curated Table :: CUSTOMER_ID
Column Name found in Datamart and Curated Table :: PAYMENTDATE
Column Name found in Datamart and Curated Table :: STATUS
Column Name found in Datamart and Curated Table :: MODIFIEDON
Column Name found in Datamart and Curated Table :: ESTIMATE_ID
Column Name found in Datamart and Curated Table :: ID
Column Name found in Datamart and Curated Table :: STOREDPAYMENT_ID
Column Name found in Datamart and Curated Table :: TYPE_ID
Column Name found in Datamart and Curated Table :: AMOUNT
Column Name found in Datamart and Curated Table :: PROJECT_ID
Column Name found in Datamart and Curated Table :: REFUNDEDAMOUNT
Column Name found in Datamart and Curated Table :: SETTLEMENTSTATUS
Column Name found in Datamart and Curated Table :: CREDITAVAILABLE
Datamart tables contains additional column name like [ACTIVE_FLAG, RECORD_CREATE_DATE, RECORD_UPDATE_DATE, RECORD_UPDATE_DATE, MASTER_ID, TENANT_TYPE]
Curated tables contains additional column name like [RECORD_CREATE_DATE, RECORD_UPDATE_DATE, RECORD_UPDATED_BY, TENANT_TYPE]]]>
  </system-out>
  <testcase classname="testcases.RAW_DATAMART_CURATED.SnowFlake_ColumnValidation_BKPTables" name="validateColumnName_BKP" time="2.160"/>
  <system-out>
    <![CDATA[Executing Snowflake query :: SELECT COLUMN_NAME FROM DEV_ENT_RAW.INFORMATION_SCHEMA.COLUMNS WHERE TABLE_NAME='CANCELJOBREASON'and TABLE_SCHEMA='ST_EANESHEATING_MATILLION'
Executing Snowflake query :: SELECT COLUMN_NAME FROM CURATED_DATAMART.INFORMATION_SCHEMA.COLUMNS WHERE TABLE_NAME='STR_CANCELJOBREASON'and TABLE_SCHEMA='ST_BKP_EANESHEATING'
Executing Snowflake query :: SELECT COLUMN_NAME FROM DEV_ENT_CURATED.INFORMATION_SCHEMA.COLUMNS WHERE TABLE_NAME='DIM_CANCELJOBREASON'and TABLE_SCHEMA='MASTER_DIMENSIONS'
Column names for RAW Table --> CANCELJOBREASON :: [ACTIVE, CREATEDBY_ID, ID, NAME, CREATEDON, MODIFIEDON, IMPORTID]
Column names for DataMart Table --> STR_CANCELJOBREASON :: [ACTIVE_FLAG, TENANT_TYPE, CREATEDBY_ID, RECORD_UPDATE_DATE, ACTIVE, IMPORTID, RECORD_CREATE_DATE, MASTER_ID, NAME, MODIFIEDON, CREATEDON, ID]
Column names for Curated Table --> DIM_CANCELJOBREASON :: [ID, IMPORTID, TENANT_TYPE, MODIFIEDON, CREATEDON, RECORD_UPDATED_BY, RECORD_UPDATE_DATE, RECORD_CREATE_DATE, ACTIVE, CREATEDBY_ID, NAME]
Column Name found in Datamart and Curated Table :: ACTIVE
Column Name found in Datamart and Curated Table :: CREATEDBY_ID
Column Name found in Datamart and Curated Table :: ID
Column Name found in Datamart and Curated Table :: NAME
Column Name found in Datamart and Curated Table :: CREATEDON
Column Name found in Datamart and Curated Table :: MODIFIEDON
Column Name found in Datamart and Curated Table :: IMPORTID
Datamart tables contains additional column name like [ACTIVE_FLAG, RECORD_CREATE_DATE, RECORD_UPDATE_DATE, RECORD_UPDATE_DATE, MASTER_ID, TENANT_TYPE]
Curated tables contains additional column name like [RECORD_CREATE_DATE, RECORD_UPDATE_DATE, RECORD_UPDATED_BY, TENANT_TYPE]]]>
  </system-out>
  <testcase classname="testcases.RAW_DATAMART_CURATED.SnowFlake_ColumnValidation_BKPTables" name="validateColumnName_BKP" time="2.798"/>
  <system-out>
    <![CDATA[Executing Snowflake query :: SELECT COLUMN_NAME FROM DEV_ENT_RAW.INFORMATION_SCHEMA.COLUMNS WHERE TABLE_NAME='BUSINESSUNIT'and TABLE_SCHEMA='ST_HORIZONSERVICES_MATILLION'
Executing Snowflake query :: SELECT COLUMN_NAME FROM CURATED_DATAMART.INFORMATION_SCHEMA.COLUMNS WHERE TABLE_NAME='STR_BUSINESSUNIT'and TABLE_SCHEMA='ST_BKP_HORIZONSERVICES'
Executing Snowflake query :: SELECT COLUMN_NAME FROM DEV_ENT_CURATED.INFORMATION_SCHEMA.COLUMNS WHERE TABLE_NAME='DIM_BUSINESSUNIT'and TABLE_SCHEMA='MASTER_DIMENSIONS'
Column names for RAW Table --> BUSINESSUNIT :: [AUTHORIZATIONPARAGRAPH, CREDITCARDPROCESSORKEY, DEFAULTTAXRATE, EXTERNALID, INVOICEMESSAGE, AUTHORIZATIONAGREEMENT_FILENAME, FINANCEITPARTNERID, FRANCHISEEINFO_CONTRACT, MODIFIEDON, SERVICEFINANCEDEALERNAME, WARRANTYRATE, QUICKBOOKSOAUTHSETTINGS, TRADE_ID, OFFERWORKERSCOMPENSATION, CONSTRUCTION, DIVISION_ID, FINANCEITACCOUNTEMAIL, FRANCHISEEINFO_NAME, INTACCTENTITY_ID, NOCHARGE, PAYROLLIDLETIMEDOUBLEOVERTIMEPAYCODE_ID, CORPORATECONTRACTNUMBER, MINIMUMROYALTYFEE, NAVISIONOVERTIMEEARNINGCODE, PAYROLLCOSTMARKUP, PAYROLLINVOICEBONUSPAYCODE_ID, PAYROLLTASKBONUSPAYCODE, PAYROLLTURNOVERBONUSPAYCODENEW, QUICKBOOKSROOTSALESACCOUNT, FRANCHISEEINFO_TRUCKSOPERATING, PAYROLLPERCENTAGEFEEMINIMUM, OFFICIALNAME, PAYROLLIDLETIMEOTPAYCODE, ADDRESS_LATITUDE, ADDRESS_STATE, ADDRESS_STREET, EMAIL, FINANCEITAUTHTOKEN, NAVISIONGLCODE, NOCHARGERESIDENTIAL, OFFERCOMMERCIALGENERALLIABILITY, ENABLEWORKORDERS, MATERIALSKUREFERENCE_SKUTYPE, PAYROLLTASKBONUSPAYCODENEW, PAYROLLJOBHOURSSTPAYCODE, WORLDPAYACCOUNTID, WORLDPAYSUBID, DIVISIONNAME, TURNSCONTRACTORID, ACTIVATIONLOCKED, ADDRESS_LONGITUDE, ADDRESS_ZIP, BANKACCOUNTPROCESSOR_ID, FRANCHISEEINFO_COMMENTS, PAYMENTOPTIONS, PAYROLLIDLETIMESTPAYCODE, TGLBONUS, THREEDAYCANCELATIONPARAGRAPH, CREATEDON, DATA, FRANCHISEEINFO_GST, IMPORTID, MATERIALSKUREFERENCE_SKUID, MEALAPPOINTMENT_ID, PAYROLLSOLDBYPAYCODE, POSTDATE, GREENSKYMERCHANTID, LOGO, PAYROLLFLATFEE, ACKNOWLEDGEMENTPARAGRAPH, ACTIVE, ADDRESS_COUNTRY, COMMISSIONCALCULATION, INTEGRATEDREFUNDS_ID, PAYROLLFLATFEEMINIMUM, PAYROLLPERCENTAGEFEE, BCCEMAIL, CREATEDBY_ID, CREDITCARDPROCESSOR_ID, OVERTIMEMODE, PAYROLLJOBHOURSDOUBLEOVERTIMEPAYCODE_ID, PAYROLLWEIGHTEDOTPAYCODE, PAYROLLWEIGHTEDOVERTIMEPAYCODE_ID, WORLDPAYMERCHANTPIN, PAYROLLEXPENSEDEDUCTIONTRIGGER, TURNOVERMINIMUMTHRESHOLD, CREDITCARDPROCESSORLOGIN, ADDRESS_ISMANUALCOORDINATES, AUTHORIZATIONAGREEMENT_ORIGINALFILENAME, CURRENCY, INSURANCECOMPANYPHONE, PAYMENTPROCESSOR, SELLERFEE, SERVICEFINANCEDEALERID, PAYROLLJOBHOURSOTPAYCODE, NOCHARGECOMMERCIAL, QUICKBOOKSCLASS, ACKNOWLEDGEMENTAGREEMENT_ORIGINALFILENAME, ADDRESS_ISMILITARY, ADDRESS_UNIT, ID, ESTIMATEAUTHORIZATIONPARAGRAPH, HIDEPRICES, PAYROLLSOLDBYPAYCODENEW, PAYROLLTYPE, CALIFORNIACOMPLIANTCONTRACTDOCUMENTS, LICENSENUMBER, NAME, ACKNOWLEDGEMENTAGREEMENT_FILENAME, ADDRESS_CITY, FRANCHISEEINFO_PIVOTALNUMBER, HVACDASHBOARDSECTIONS, INSURANCECOMPANYNAME, JOBBOOKEDALERTRECIPIENTS, NAVISIONSTANDARDTIMEEARNINGCODE, PHONENUMBER, GOAL, PAYROLLIDLETIMEOVERTIMEPAYCODE_ID, PAYROLLIDLETIMESTANDARDPAYCODE_ID, PAYROLLTURNOVERBONUSPAYCODE, PAYROLLJOBHOURSOVERTIMEPAYCODE_ID, PAYROLLJOBHOURSSTANDARDPAYCODE_ID, ENABLEWORKORDERSEQUIPMENTFORMATTING, MATERIALSKU_ID, INVOICEHEADER]
Column names for DataMart Table --> STR_BUSINESSUNIT :: [CREATEDBY_ID, CURRENCY, WARRANTYRATE, CREDITCARDPROCESSORKEY, FINANCEITPARTNERID, HIDEPRICES, INTACCTENTITY_ID, PAYROLLIDLETIMEDOUBLEOVERTIMEPAYCODE_ID, PAYROLLSOLDBYPAYCODENEW, PAYROLLWEIGHTEDOTPAYCODE, SERVICEFINANCEDEALERNAME, INVOICEHEADER, PAYROLLIDLETIMEOTPAYCODE, ACKNOWLEDGEMENTAGREEMENT_ORIGINALFILENAME, ACTIVE, ADDRESS_CITY, NOCHARGERESIDENTIAL, WORLDPAYACCOUNTID, GREENSKYMERCHANTID, INSURANCECOMPANYPHONE, MATERIALSKUREFERENCE_SKUTYPE, MATERIALSKU_ID, QUICKBOOKSROOTSALESACCOUNT, PAYROLLJOBHOURSSTPAYCODE, SELLERFEE, ACTIVATIONLOCKED, ACTIVE_FLAG, ADDRESS_COUNTRY, ADDRESS_ISMANUALCOORDINATES, ADDRESS_UNIT, CORPORATECONTRACTNUMBER, CREDITCARDPROCESSORLOGIN, FINANCEITACCOUNTEMAIL, ADDRESS_STREET, MASTER_ID, NOCHARGE, PAYMENTPROCESSOR, PAYROLLCOSTMARKUP, QUICKBOOKSCLASS, TRADE_ID, WORLDPAYSUBID, NOCHARGECOMMERCIAL, PAYROLLTURNOVERBONUSPAYCODE, QUICKBOOKSOAUTHSETTINGS, TURNOVERMINIMUMTHRESHOLD, PHONENUMBER, ADDRESS_STATE, AUTHORIZATIONPARAGRAPH, CALIFORNIACOMPLIANTCONTRACTDOCUMENTS, ESTIMATEAUTHORIZATIONPARAGRAPH, FINANCEITAUTHTOKEN, OFFERWORKERSCOMPENSATION, PAYROLLPERCENTAGEFEE, PAYROLLTASKBONUSPAYCODE, RECORD_UPDATE_DATE, BCCEMAIL, FRANCHISEEINFO_PIVOTALNUMBER, OFFERCOMMERCIALGENERALLIABILITY, PAYROLLFLATFEE, PAYROLLWEIGHTEDOVERTIMEPAYCODE_ID, ADDRESS_ISMILITARY, CREDITCARDPROCESSOR_ID, ENABLEWORKORDERS, PAYROLLIDLETIMESTANDARDPAYCODE_ID, LICENSENUMBER, MEALAPPOINTMENT_ID, PAYROLLFLATFEEMINIMUM, PAYROLLSOLDBYPAYCODE, PAYMENTOPTIONS, SERVICEFINANCEDEALERID, TENANT_TYPE, ACKNOWLEDGEMENTPARAGRAPH, ADDRESS_LONGITUDE, ADDRESS_ZIP, CONSTRUCTION, DIVISION_ID, OVERTIMEMODE, PAYROLLJOBHOURSOTPAYCODE, MINIMUMROYALTYFEE, NAVISIONOVERTIMEEARNINGCODE, PAYROLLIDLETIMEOVERTIMEPAYCODE_ID, PAYROLLIDLETIMESTPAYCODE, RECORD_CREATE_DATE, TGLBONUS, MATERIALSKUREFERENCE_SKUID, HVACDASHBOARDSECTIONS, AUTHORIZATIONAGREEMENT_ORIGINALFILENAME, ADDRESS_LATITUDE, BANKACCOUNTPROCESSOR_ID, COMMISSIONCALCULATION, EMAIL, IMPORTID, OFFICIALNAME, PAYROLLEXPENSEDEDUCTIONTRIGGER, PAYROLLTURNOVERBONUSPAYCODENEW, WORLDPAYMERCHANTPIN, DEFAULTTAXRATE, FRANCHISEEINFO_COMMENTS, ID, INSURANCECOMPANYNAME, PAYROLLTASKBONUSPAYCODENEW, NAVISIONSTANDARDTIMEEARNINGCODE, PAYROLLJOBHOURSSTANDARDPAYCODE_ID, CREATEDON, INTEGRATEDREFUNDS_ID, NAVISIONGLCODE, PAYROLLINVOICEBONUSPAYCODE_ID, PAYROLLJOBHOURSOVERTIMEPAYCODE_ID, PAYROLLTYPE, THREEDAYCANCELATIONPARAGRAPH, ACKNOWLEDGEMENTAGREEMENT_FILENAME, AUTHORIZATIONAGREEMENT_FILENAME, DIVISIONNAME, ENABLEWORKORDERSEQUIPMENTFORMATTING, FRANCHISEEINFO_CONTRACT, FRANCHISEEINFO_GST, NAME, POSTDATE, DATA, EXTERNALID, FRANCHISEEINFO_NAME, FRANCHISEEINFO_TRUCKSOPERATING, GOAL, JOBBOOKEDALERTRECIPIENTS, LOGO, TURNSCONTRACTORID, INVOICEMESSAGE, PAYROLLPERCENTAGEFEEMINIMUM, PAYROLLJOBHOURSDOUBLEOVERTIMEPAYCODE_ID, MODIFIEDON]
Column names for Curated Table --> DIM_BUSINESSUNIT :: [ADDRESS_COUNTRY, ADDRESS_STREET, BANKACCOUNTPROCESSOR_ID, MEALAPPOINTMENT_ID, CREATEDBY_ID, DIVISION_ID, OFFERCOMMERCIALGENERALLIABILITY, PAYMENTPROCESSOR, PAYROLLJOBHOURSSTANDARDPAYCODE_ID, PAYROLLSOLDBYPAYCODE, TGLBONUS, NAME, PAYROLLCOSTMARKUP, PAYROLLJOBHOURSDOUBLEOVERTIMEPAYCODE_ID, LICENSENUMBER, LOGO, OVERTIMEMODE, ACKNOWLEDGEMENTAGREEMENT_ORIGINALFILENAME, AUTHORIZATIONPARAGRAPH, FINANCEITPARTNERID, WARRANTYRATE, FINANCEITACCOUNTEMAIL, PAYROLLTYPE, QUICKBOOKSCLASS, QUICKBOOKSOAUTHSETTINGS, GREENSKYMERCHANTID, CREDITCARDPROCESSORKEY, CREDITCARDPROCESSORLOGIN, CREDITCARDPROCESSOR_ID, DEFAULTTAXRATE, FRANCHISEEINFO_COMMENTS, HVACDASHBOARDSECTIONS, MODIFIEDON, WORLDPAYACCOUNTID, PAYROLLIDLETIMEDOUBLEOVERTIMEPAYCODE_ID, TENANT_TYPE, FRANCHISEEINFO_GST, RECORD_CREATE_DATE, NOCHARGE, PAYMENTOPTIONS, PAYROLLPERCENTAGEFEE, PAYROLLSOLDBYPAYCODENEW, ADDRESS_LONGITUDE, ADDRESS_ZIP, CREATEDON, INTEGRATEDREFUNDS_ID, JOBBOOKEDALERTRECIPIENTS, NAVISIONOVERTIMEEARNINGCODE, PAYROLLINVOICEBONUSPAYCODE_ID, ACTIVE, ADDRESS_STATE, AUTHORIZATIONAGREEMENT_ORIGINALFILENAME, ENABLEWORKORDERS, MATERIALSKU_ID, NAVISIONSTANDARDTIMEEARNINGCODE, PAYROLLJOBHOURSSTPAYCODE, POSTDATE, ADDRESS_ISMILITARY, ADDRESS_LATITUDE, ADDRESS_UNIT, CALIFORNIACOMPLIANTCONTRACTDOCUMENTS, ENABLEWORKORDERSEQUIPMENTFORMATTING, HIDEPRICES, INVOICEHEADER, COMMISSIONCALCULATION, EMAIL, FRANCHISEEINFO_TRUCKSOPERATING, PAYROLLIDLETIMESTANDARDPAYCODE_ID, PAYROLLIDLETIMESTPAYCODE, TRADE_ID, AUTHORIZATIONAGREEMENT_FILENAME, SERVICEFINANCEDEALERID, WORLDPAYMERCHANTPIN, BCCEMAIL, OFFERWORKERSCOMPENSATION, NAVISIONGLCODE, WORLDPAYSUBID, ACKNOWLEDGEMENTAGREEMENT_FILENAME, ACTIVATIONLOCKED, DIVISIONNAME, FINANCEITAUTHTOKEN, FRANCHISEEINFO_PIVOTALNUMBER, INSURANCECOMPANYNAME, PAYROLLWEIGHTEDOVERTIMEPAYCODE_ID, TURNSCONTRACTORID, FRANCHISEEINFO_NAME, MINIMUMROYALTYFEE, PAYROLLEXPENSEDEDUCTIONTRIGGER, PAYROLLPERCENTAGEFEEMINIMUM, RECORD_UPDATED_BY, SERVICEFINANCEDEALERNAME, ESTIMATEAUTHORIZATIONPARAGRAPH, TURNOVERMINIMUMTHRESHOLD, PAYROLLIDLETIMEOVERTIMEPAYCODE_ID, RECORD_UPDATE_DATE, ACKNOWLEDGEMENTPARAGRAPH, ADDRESS_ISMANUALCOORDINATES, INVOICEMESSAGE, MATERIALSKUREFERENCE_SKUID, MATERIALSKUREFERENCE_SKUTYPE, PAYROLLIDLETIMEOTPAYCODE, PAYROLLJOBHOURSOTPAYCODE, PAYROLLJOBHOURSOVERTIMEPAYCODE_ID, CONSTRUCTION, CORPORATECONTRACTNUMBER, DATA, NOCHARGECOMMERCIAL, NOCHARGERESIDENTIAL, PAYROLLTASKBONUSPAYCODE, PAYROLLTASKBONUSPAYCODENEW, QUICKBOOKSROOTSALESACCOUNT, ID, PAYROLLTURNOVERBONUSPAYCODENEW, ADDRESS_CITY, CURRENCY, GOAL, IMPORTID, INSURANCECOMPANYPHONE, PAYROLLTURNOVERBONUSPAYCODE, OFFICIALNAME, PAYROLLFLATFEE, PHONENUMBER, SELLERFEE, THREEDAYCANCELATIONPARAGRAPH, FRANCHISEEINFO_CONTRACT, PAYROLLFLATFEEMINIMUM, PAYROLLWEIGHTEDOTPAYCODE, INTACCTENTITY_ID, EXTERNALID]
Column Name found in Datamart and Curated Table :: AUTHORIZATIONPARAGRAPH
Column Name found in Datamart and Curated Table :: CREDITCARDPROCESSORKEY
Column Name found in Datamart and Curated Table :: DEFAULTTAXRATE
Column Name found in Datamart and Curated Table :: EXTERNALID
Column Name found in Datamart and Curated Table :: INVOICEMESSAGE
Column Name found in Datamart and Curated Table :: AUTHORIZATIONAGREEMENT_FILENAME
Column Name found in Datamart and Curated Table :: FINANCEITPARTNERID
Column Name found in Datamart and Curated Table :: FRANCHISEEINFO_CONTRACT
Column Name found in Datamart and Curated Table :: MODIFIEDON
Column Name found in Datamart and Curated Table :: SERVICEFINANCEDEALERNAME
Column Name found in Datamart and Curated Table :: WARRANTYRATE
Column Name found in Datamart and Curated Table :: QUICKBOOKSOAUTHSETTINGS
Column Name found in Datamart and Curated Table :: TRADE_ID
Column Name found in Datamart and Curated Table :: OFFERWORKERSCOMPENSATION
Column Name found in Datamart and Curated Table :: CONSTRUCTION
Column Name found in Datamart and Curated Table :: DIVISION_ID
Column Name found in Datamart and Curated Table :: FINANCEITACCOUNTEMAIL
Column Name found in Datamart and Curated Table :: FRANCHISEEINFO_NAME
Column Name found in Datamart and Curated Table :: INTACCTENTITY_ID
Column Name found in Datamart and Curated Table :: NOCHARGE
Column Name found in Datamart and Curated Table :: PAYROLLIDLETIMEDOUBLEOVERTIMEPAYCODE_ID
Column Name found in Datamart and Curated Table :: CORPORATECONTRACTNUMBER
Column Name found in Datamart and Curated Table :: MINIMUMROYALTYFEE
Column Name found in Datamart and Curated Table :: NAVISIONOVERTIMEEARNINGCODE
Column Name found in Datamart and Curated Table :: PAYROLLCOSTMARKUP
Column Name found in Datamart and Curated Table :: PAYROLLINVOICEBONUSPAYCODE_ID
Column Name found in Datamart and Curated Table :: PAYROLLTASKBONUSPAYCODE
Column Name found in Datamart and Curated Table :: PAYROLLTURNOVERBONUSPAYCODENEW
Column Name found in Datamart and Curated Table :: QUICKBOOKSROOTSALESACCOUNT
Column Name found in Datamart and Curated Table :: FRANCHISEEINFO_TRUCKSOPERATING
Column Name found in Datamart and Curated Table :: PAYROLLPERCENTAGEFEEMINIMUM
Column Name found in Datamart and Curated Table :: OFFICIALNAME
Column Name found in Datamart and Curated Table :: PAYROLLIDLETIMEOTPAYCODE
Column Name found in Datamart and Curated Table :: ADDRESS_LATITUDE
Column Name found in Datamart and Curated Table :: ADDRESS_STATE
Column Name found in Datamart and Curated Table :: ADDRESS_STREET
Column Name found in Datamart and Curated Table :: EMAIL
Column Name found in Datamart and Curated Table :: FINANCEITAUTHTOKEN
Column Name found in Datamart and Curated Table :: NAVISIONGLCODE
Column Name found in Datamart and Curated Table :: NOCHARGERESIDENTIAL
Column Name found in Datamart and Curated Table :: OFFERCOMMERCIALGENERALLIABILITY
Column Name found in Datamart and Curated Table :: ENABLEWORKORDERS
Column Name found in Datamart and Curated Table :: MATERIALSKUREFERENCE_SKUTYPE
Column Name found in Datamart and Curated Table :: PAYROLLTASKBONUSPAYCODENEW
Column Name found in Datamart and Curated Table :: PAYROLLJOBHOURSSTPAYCODE
Column Name found in Datamart and Curated Table :: WORLDPAYACCOUNTID
Column Name found in Datamart and Curated Table :: WORLDPAYSUBID
Column Name found in Datamart and Curated Table :: DIVISIONNAME
Column Name found in Datamart and Curated Table :: TURNSCONTRACTORID
Column Name found in Datamart and Curated Table :: ACTIVATIONLOCKED
Column Name found in Datamart and Curated Table :: ADDRESS_LONGITUDE
Column Name found in Datamart and Curated Table :: ADDRESS_ZIP
Column Name found in Datamart and Curated Table :: BANKACCOUNTPROCESSOR_ID
Column Name found in Datamart and Curated Table :: FRANCHISEEINFO_COMMENTS
Column Name found in Datamart and Curated Table :: PAYMENTOPTIONS
Column Name found in Datamart and Curated Table :: PAYROLLIDLETIMESTPAYCODE
Column Name found in Datamart and Curated Table :: TGLBONUS
Column Name found in Datamart and Curated Table :: THREEDAYCANCELATIONPARAGRAPH
Column Name found in Datamart and Curated Table :: CREATEDON
Column Name found in Datamart and Curated Table :: DATA
Column Name found in Datamart and Curated Table :: FRANCHISEEINFO_GST
Column Name found in Datamart and Curated Table :: IMPORTID
Column Name found in Datamart and Curated Table :: MATERIALSKUREFERENCE_SKUID
Column Name found in Datamart and Curated Table :: MEALAPPOINTMENT_ID
Column Name found in Datamart and Curated Table :: PAYROLLSOLDBYPAYCODE
Column Name found in Datamart and Curated Table :: POSTDATE
Column Name found in Datamart and Curated Table :: GREENSKYMERCHANTID
Column Name found in Datamart and Curated Table :: LOGO
Column Name found in Datamart and Curated Table :: PAYROLLFLATFEE
Column Name found in Datamart and Curated Table :: ACKNOWLEDGEMENTPARAGRAPH
Column Name found in Datamart and Curated Table :: ACTIVE
Column Name found in Datamart and Curated Table :: ADDRESS_COUNTRY
Column Name found in Datamart and Curated Table :: COMMISSIONCALCULATION
Column Name found in Datamart and Curated Table :: INTEGRATEDREFUNDS_ID
Column Name found in Datamart and Curated Table :: PAYROLLFLATFEEMINIMUM
Column Name found in Datamart and Curated Table :: PAYROLLPERCENTAGEFEE
Column Name found in Datamart and Curated Table :: BCCEMAIL
Column Name found in Datamart and Curated Table :: CREATEDBY_ID
Column Name found in Datamart and Curated Table :: CREDITCARDPROCESSOR_ID
Column Name found in Datamart and Curated Table :: OVERTIMEMODE
Column Name found in Datamart and Curated Table :: PAYROLLJOBHOURSDOUBLEOVERTIMEPAYCODE_ID
Column Name found in Datamart and Curated Table :: PAYROLLWEIGHTEDOTPAYCODE
Column Name found in Datamart and Curated Table :: PAYROLLWEIGHTEDOVERTIMEPAYCODE_ID
Column Name found in Datamart and Curated Table :: WORLDPAYMERCHANTPIN
Column Name found in Datamart and Curated Table :: PAYROLLEXPENSEDEDUCTIONTRIGGER
Column Name found in Datamart and Curated Table :: TURNOVERMINIMUMTHRESHOLD
Column Name found in Datamart and Curated Table :: CREDITCARDPROCESSORLOGIN
Column Name found in Datamart and Curated Table :: ADDRESS_ISMANUALCOORDINATES
Column Name found in Datamart and Curated Table :: AUTHORIZATIONAGREEMENT_ORIGINALFILENAME
Column Name found in Datamart and Curated Table :: CURRENCY
Column Name found in Datamart and Curated Table :: INSURANCECOMPANYPHONE
Column Name found in Datamart and Curated Table :: PAYMENTPROCESSOR
Column Name found in Datamart and Curated Table :: SELLERFEE
Column Name found in Datamart and Curated Table :: SERVICEFINANCEDEALERID
Column Name found in Datamart and Curated Table :: PAYROLLJOBHOURSOTPAYCODE
Column Name found in Datamart and Curated Table :: NOCHARGECOMMERCIAL
Column Name found in Datamart and Curated Table :: QUICKBOOKSCLASS
Column Name found in Datamart and Curated Table :: ACKNOWLEDGEMENTAGREEMENT_ORIGINALFILENAME
Column Name found in Datamart and Curated Table :: ADDRESS_ISMILITARY
Column Name found in Datamart and Curated Table :: ADDRESS_UNIT
Column Name found in Datamart and Curated Table :: ID
Column Name found in Datamart and Curated Table :: ESTIMATEAUTHORIZATIONPARAGRAPH
Column Name found in Datamart and Curated Table :: HIDEPRICES
Column Name found in Datamart and Curated Table :: PAYROLLSOLDBYPAYCODENEW
Column Name found in Datamart and Curated Table :: PAYROLLTYPE
Column Name found in Datamart and Curated Table :: CALIFORNIACOMPLIANTCONTRACTDOCUMENTS
Column Name found in Datamart and Curated Table :: LICENSENUMBER
Column Name found in Datamart and Curated Table :: NAME
Column Name found in Datamart and Curated Table :: ACKNOWLEDGEMENTAGREEMENT_FILENAME
Column Name found in Datamart and Curated Table :: ADDRESS_CITY
Column Name found in Datamart and Curated Table :: FRANCHISEEINFO_PIVOTALNUMBER
Column Name found in Datamart and Curated Table :: HVACDASHBOARDSECTIONS
Column Name found in Datamart and Curated Table :: INSURANCECOMPANYNAME
Column Name found in Datamart and Curated Table :: JOBBOOKEDALERTRECIPIENTS
Column Name found in Datamart and Curated Table :: NAVISIONSTANDARDTIMEEARNINGCODE
Column Name found in Datamart and Curated Table :: PHONENUMBER
Column Name found in Datamart and Curated Table :: GOAL
Column Name found in Datamart and Curated Table :: PAYROLLIDLETIMEOVERTIMEPAYCODE_ID
Column Name found in Datamart and Curated Table :: PAYROLLIDLETIMESTANDARDPAYCODE_ID
Column Name found in Datamart and Curated Table :: PAYROLLTURNOVERBONUSPAYCODE
Column Name found in Datamart and Curated Table :: PAYROLLJOBHOURSOVERTIMEPAYCODE_ID
Column Name found in Datamart and Curated Table :: PAYROLLJOBHOURSSTANDARDPAYCODE_ID
Column Name found in Datamart and Curated Table :: ENABLEWORKORDERSEQUIPMENTFORMATTING
Column Name found in Datamart and Curated Table :: MATERIALSKU_ID
Column Name found in Datamart and Curated Table :: INVOICEHEADER
Datamart tables contains additional column name like [ACTIVE_FLAG, RECORD_CREATE_DATE, RECORD_UPDATE_DATE, RECORD_UPDATE_DATE, MASTER_ID, TENANT_TYPE]
Curated tables contains additional column name like [RECORD_CREATE_DATE, RECORD_UPDATE_DATE, RECORD_UPDATED_BY, TENANT_TYPE]]]>
  </system-out>
  <testcase classname="testcases.RAW_DATAMART_CURATED.SnowFlake_ColumnValidation_BKPTables" name="validateColumnName_BKP" time="2.662"/>
  <system-out>
    <![CDATA[Executing Snowflake query :: SELECT COLUMN_NAME FROM DEV_ENT_RAW.INFORMATION_SCHEMA.COLUMNS WHERE TABLE_NAME='EMPLOYEE'and TABLE_SCHEMA='ST_SNELLHEATINGAIR_MATILLION'
Executing Snowflake query :: SELECT COLUMN_NAME FROM CURATED_DATAMART.INFORMATION_SCHEMA.COLUMNS WHERE TABLE_NAME='STR_EMPLOYEE'and TABLE_SCHEMA='ST_BKP_SNELLHEATINGAIR'
Executing Snowflake query :: SELECT COLUMN_NAME FROM DEV_ENT_CURATED.INFORMATION_SCHEMA.COLUMNS WHERE TABLE_NAME='DIM_EMPLOYEE'and TABLE_SCHEMA='MASTER_DIMENSIONS'
Column names for RAW Table --> EMPLOYEE :: [AGENTID, CREATEDBY_ID, HOME_ISMANUALCOORDINATES, HOME_LONGITUDE, HOME_LATITUDE, PAYROLLID, SALESFORCECONTACTID, EMAIL, SALESFORCEROLE, USER_ID, HOME_ISMILITARY, HOME_STREET, LASTNAME, MIDDLENAME, ACTIVE, FIRSTNAME, HOME_COUNTRY, IMPORTID, MANAGER_ID, MOBILEPHONE, MOBILEPHONECONFIRMED, NAME, PAYROLLBUSINESSUNIT_ID, STARTDATE, OVERTIMEPROFILE_ID, HOME_UNIT, ISEXCLUDEDFROMPAYROLL, ISEXTERNAL, PHOTO, CLOCKINOUTREMINDER, CREATEDON, PHONECONFIRMED, BIRTHDATE, HOME_STATE, POSITION, HOME_ZIP, HOURLYRATE, ID, MODIFIEDON, PAYFREQUENCY_ID, PHONE, PAYROLLSTARTPERIOD, EMAILCONFIRMED, HOME_CITY, OVERTIMEMODE]
Column names for DataMart Table --> STR_EMPLOYEE :: [CREATEDON, HOME_LATITUDE, ISEXTERNAL, MIDDLENAME, PAYROLLID, HOME_ISMANUALCOORDINATES, MANAGER_ID, MOBILEPHONECONFIRMED, ISEXCLUDEDFROMPAYROLL, OVERTIMEPROFILE_ID, BIRTHDATE, USER_ID, PHOTO, ACTIVE_FLAG, AGENTID, HOME_CITY, MASTER_ID, PHONE, ACTIVE, CREATEDBY_ID, FIRSTNAME, ID, LASTNAME, PAYROLLSTARTPERIOD, HOME_UNIT, NAME, OVERTIMEMODE, POSITION, SALESFORCECONTACTID, PHONECONFIRMED, HOME_ISMILITARY, PAYROLLBUSINESSUNIT_ID, RECORD_CREATE_DATE, SALESFORCEROLE, PAYFREQUENCY_ID, CLOCKINOUTREMINDER, EMAIL, HOME_LONGITUDE, HOURLYRATE, IMPORTID, MOBILEPHONE, STARTDATE, EMAILCONFIRMED, HOME_STATE, HOME_STREET, TENANT_TYPE, MODIFIEDON, HOME_COUNTRY, HOME_ZIP, RECORD_UPDATE_DATE]
Column names for Curated Table --> DIM_EMPLOYEE :: [CREATEDON, EMAIL, HOME_COUNTRY, HOME_ISMILITARY, PAYROLLID, PHONECONFIRMED, PAYROLLSTARTPERIOD, STARTDATE, PHONE, EMAILCONFIRMED, MOBILEPHONE, PAYFREQUENCY_ID, USER_ID, HOME_STATE, ISEXTERNAL, SALESFORCEROLE, CLOCKINOUTREMINDER, OVERTIMEMODE, ACTIVE, FIRSTNAME, HOURLYRATE, ISEXCLUDEDFROMPAYROLL, PAYROLLBUSINESSUNIT_ID, SALESFORCECONTACTID, AGENTID, CREATEDBY_ID, MANAGER_ID, HOME_ZIP, ID, IMPORTID, MODIFIEDON, PHOTO, RECORD_CREATE_DATE, BIRTHDATE, HOME_LATITUDE, HOME_STREET, POSITION, MOBILEPHONECONFIRMED, RECORD_UPDATED_BY, HOME_CITY, HOME_ISMANUALCOORDINATES, HOME_LONGITUDE, HOME_UNIT, LASTNAME, MIDDLENAME, TENANT_TYPE, NAME, RECORD_UPDATE_DATE, OVERTIMEPROFILE_ID]
Column Name found in Datamart and Curated Table :: AGENTID
Column Name found in Datamart and Curated Table :: CREATEDBY_ID
Column Name found in Datamart and Curated Table :: HOME_ISMANUALCOORDINATES
Column Name found in Datamart and Curated Table :: HOME_LONGITUDE
Column Name found in Datamart and Curated Table :: HOME_LATITUDE
Column Name found in Datamart and Curated Table :: PAYROLLID
Column Name found in Datamart and Curated Table :: SALESFORCECONTACTID
Column Name found in Datamart and Curated Table :: EMAIL
Column Name found in Datamart and Curated Table :: SALESFORCEROLE
Column Name found in Datamart and Curated Table :: USER_ID
Column Name found in Datamart and Curated Table :: HOME_ISMILITARY
Column Name found in Datamart and Curated Table :: HOME_STREET
Column Name found in Datamart and Curated Table :: LASTNAME
Column Name found in Datamart and Curated Table :: MIDDLENAME
Column Name found in Datamart and Curated Table :: ACTIVE
Column Name found in Datamart and Curated Table :: FIRSTNAME
Column Name found in Datamart and Curated Table :: HOME_COUNTRY
Column Name found in Datamart and Curated Table :: IMPORTID
Column Name found in Datamart and Curated Table :: MANAGER_ID
Column Name found in Datamart and Curated Table :: MOBILEPHONE
Column Name found in Datamart and Curated Table :: MOBILEPHONECONFIRMED
Column Name found in Datamart and Curated Table :: NAME
Column Name found in Datamart and Curated Table :: PAYROLLBUSINESSUNIT_ID
Column Name found in Datamart and Curated Table :: STARTDATE
Column Name found in Datamart and Curated Table :: OVERTIMEPROFILE_ID
Column Name found in Datamart and Curated Table :: HOME_UNIT
Column Name found in Datamart and Curated Table :: ISEXCLUDEDFROMPAYROLL
Column Name found in Datamart and Curated Table :: ISEXTERNAL
Column Name found in Datamart and Curated Table :: PHOTO
Column Name found in Datamart and Curated Table :: CLOCKINOUTREMINDER
Column Name found in Datamart and Curated Table :: CREATEDON
Column Name found in Datamart and Curated Table :: PHONECONFIRMED
Column Name found in Datamart and Curated Table :: BIRTHDATE
Column Name found in Datamart and Curated Table :: HOME_STATE
Column Name found in Datamart and Curated Table :: POSITION
Column Name found in Datamart and Curated Table :: HOME_ZIP
Column Name found in Datamart and Curated Table :: HOURLYRATE
Column Name found in Datamart and Curated Table :: ID
Column Name found in Datamart and Curated Table :: MODIFIEDON
Column Name found in Datamart and Curated Table :: PAYFREQUENCY_ID
Column Name found in Datamart and Curated Table :: PHONE
Column Name found in Datamart and Curated Table :: PAYROLLSTARTPERIOD
Column Name found in Datamart and Curated Table :: EMAILCONFIRMED
Column Name found in Datamart and Curated Table :: HOME_CITY
Column Name found in Datamart and Curated Table :: OVERTIMEMODE
Datamart tables contains additional column name like [ACTIVE_FLAG, RECORD_CREATE_DATE, RECORD_UPDATE_DATE, RECORD_UPDATE_DATE, MASTER_ID, TENANT_TYPE]
Curated tables contains additional column name like [RECORD_CREATE_DATE, RECORD_UPDATE_DATE, RECORD_UPDATED_BY, TENANT_TYPE]]]>
  </system-out>
  <testcase classname="testcases.RAW_DATAMART_CURATED.SnowFlake_ColumnValidation_BKPTables" name="validateColumnName_BKP" time="2.757"/>
  <system-out>
    <![CDATA[Executing Snowflake query :: SELECT COLUMN_NAME FROM DEV_ENT_RAW.INFORMATION_SCHEMA.COLUMNS WHERE TABLE_NAME='NONJOBAPPOINTMENT'and TABLE_SCHEMA='ST_HDAIR_MATILLION'
Executing Snowflake query :: SELECT COLUMN_NAME FROM CURATED_DATAMART.INFORMATION_SCHEMA.COLUMNS WHERE TABLE_NAME='STR_NONJOBAPPOINTMENT'and TABLE_SCHEMA='ST_BKP_HDAIR'
Executing Snowflake query :: SELECT COLUMN_NAME FROM DEV_ENT_CURATED.INFORMATION_SCHEMA.COLUMNS WHERE TABLE_NAME='DIM_NONJOBAPPOINTMENT'and TABLE_SCHEMA='MASTER_DIMENSIONS'
Column names for RAW Table --> NONJOBAPPOINTMENT :: []
Column names for DataMart Table --> STR_NONJOBAPPOINTMENT :: [ISCOMPLETED, TENANT_TYPE, CLEARDISPATCHBOARD, CLEARTECHNICIANVIEW, EXPECTEDDURATION, SUMMARY, TIMESHEET_ID, RECORD_UPDATE_DATE, START, RECORD_CREATE_DATE, REMOVETECHNICIANFROMCAPACITYPLANNING, TECHNICIAN_ID, ACTIVE, ALLDAY, CREATEDBY_ID, DEFINITION_ID, IMPORTID, DURATION, TIMESHEETCODE_ID, ACTIVE_FLAG, CREATEDON, ID, MASTER_ID, NAME]
Column names for Curated Table --> DIM_NONJOBAPPOINTMENT :: [IMPORTID, RECORD_UPDATE_DATE, TIMESHEET_ID, ID, ISCOMPLETED, CREATEDON, RECORD_UPDATED_BY, START, CLEARTECHNICIANVIEW, DURATION, EXPECTEDDURATION, ALLDAY, CLEARDISPATCHBOARD, RECORD_CREATE_DATE, TENANT_TYPE, TIMESHEETCODE_ID, NAME, DEFINITION_ID, SUMMARY, ACTIVE, CREATEDBY_ID, REMOVETECHNICIANFROMCAPACITYPLANNING, TECHNICIAN_ID]
Datamart tables contains additional column name like [ACTIVE_FLAG, RECORD_CREATE_DATE, RECORD_UPDATE_DATE, RECORD_UPDATE_DATE, MASTER_ID, TENANT_TYPE]
Curated tables contains additional column name like [RECORD_CREATE_DATE, RECORD_UPDATE_DATE, RECORD_UPDATED_BY, TENANT_TYPE]]]>
  </system-out>
  <testcase classname="testcases.RAW_DATAMART_CURATED.SnowFlake_ColumnValidation_BKPTables" name="validateColumnName_BKP" time="2.270">
    <failure message="The following asserts failed:
	null" type="java.lang.AssertionError">
      <![CDATA[java.lang.AssertionError: The following asserts failed:
null
at org.testng.asserts.SoftAssert.assertAll(SoftAssert.java:47)
at org.testng.asserts.SoftAssert.assertAll(SoftAssert.java:31)
at testcases.RAW_DATAMART_CURATED.SnowFlake_ColumnValidation_BKPTables.validateColumnName_BKP(SnowFlake_ColumnValidation_BKPTables.java:120)
at jdk.internal.reflect.GeneratedMethodAccessor38.invoke(Unknown Source)
at java.base/jdk.internal.reflect.DelegatingMethodAccessorImpl.invoke(DelegatingMethodAccessorImpl.java:43)
at java.base/java.lang.reflect.Method.invoke(Method.java:568)
at org.testng.internal.MethodInvocationHelper.invokeMethod(MethodInvocationHelper.java:133)
at org.testng.internal.TestInvoker.invokeMethod(TestInvoker.java:598)
at org.testng.internal.TestInvoker.invokeTestMethod(TestInvoker.java:173)
at org.testng.internal.MethodRunner.runInSequence(MethodRunner.java:46)
at org.testng.internal.TestInvoker$MethodInvocationAgent.invoke(TestInvoker.java:824)
at org.testng.internal.TestInvoker.invokeTestMethods(TestInvoker.java:146)
at org.testng.internal.TestMethodWorker.invokeTestMethods(TestMethodWorker.java:146)
at org.testng.internal.TestMethodWorker.run(TestMethodWorker.java:128)
at java.base/java.util.ArrayList.forEach(ArrayList.java:1511)
at org.testng.TestRunner.privateRun(TestRunner.java:794)
at org.testng.TestRunner.run(TestRunner.java:596)
at org.testng.SuiteRunner.runTest(SuiteRunner.java:377)
at org.testng.SuiteRunner.runSequentially(SuiteRunner.java:371)
at org.testng.SuiteRunner.privateRun(SuiteRunner.java:332)
at org.testng.SuiteRunner.run(SuiteRunner.java:276)
at org.testng.SuiteRunnerWorker.runSuite(SuiteRunnerWorker.java:53)
at org.testng.SuiteRunnerWorker.run(SuiteRunnerWorker.java:96)
at org.testng.TestNG.runSuitesSequentially(TestNG.java:1212)
at org.testng.TestNG.runSuitesLocally(TestNG.java:1134)
at org.testng.TestNG.runSuites(TestNG.java:1063)
at org.testng.TestNG.run(TestNG.java:1031)
at org.testng.remote.AbstractRemoteTestNG.run(AbstractRemoteTestNG.java:115)
at org.testng.remote.RemoteTestNG.initAndRun(RemoteTestNG.java:251)
at org.testng.remote.RemoteTestNG.main(RemoteTestNG.java:77)
]]>
    </failure>
  </testcase> <!-- validateColumnName_BKP -->
  <system-out>
    <![CDATA[Executing Snowflake query :: SELECT COLUMN_NAME FROM DEV_ENT_RAW.INFORMATION_SCHEMA.COLUMNS WHERE TABLE_NAME='JOBTYPE'and TABLE_SCHEMA='ST_MAITZ_MATILLION'
Executing Snowflake query :: SELECT COLUMN_NAME FROM CURATED_DATAMART.INFORMATION_SCHEMA.COLUMNS WHERE TABLE_NAME='STR_JOBTYPE'and TABLE_SCHEMA='ST_BKP_MAITZ'
Executing Snowflake query :: SELECT COLUMN_NAME FROM DEV_ENT_CURATED.INFORMATION_SCHEMA.COLUMNS WHERE TABLE_NAME='DIM_JOBTYPE'and TABLE_SCHEMA='MASTER_DIMENSIONS'
Column names for RAW Table --> JOBTYPE :: [COMPDOUBLEOVERTIMERATE, CREATEDON, PROJECTLABELS, COMPCODE, IMPORTID, LIKELIHOOD, DURATION, ENFORCERECURRINGSERVICEEVENTSELECTION, ISAUTODISPATCHED, MINIMUMMATERIALCOSTINPERCENT, COMPOVERTIMERATE, SUMMARY, ACTIVE, CLASS, COMPSTANDARDRATE, CREATEDBY_ID, ID, PRIORITY, PROJECTEDVALUEADJUSTMENT, IMAGE, ISSMARTDISPATCHEDBYDEFAULTINAPI, MAXIMUMMATERIALCOSTINPERCENT, NAME, SOLDTHRESHOLD, ISTUNEUP, MODIFIEDON, NOCHARGE]
Column names for DataMart Table --> STR_JOBTYPE :: [SUMMARY, ID, MASTER_ID, RECORD_CREATE_DATE, ACTIVE, CREATEDON, ISAUTODISPATCHED, NOCHARGE, PROJECTEDVALUEADJUSTMENT, PROJECTLABELS, DURATION, LIKELIHOOD, SOLDTHRESHOLD, COMPDOUBLEOVERTIMERATE, COMPOVERTIMERATE, ISTUNEUP, CLASS, COMPCODE, IMPORTID, NAME, MINIMUMMATERIALCOSTINPERCENT, CREATEDBY_ID, MODIFIEDON, MAXIMUMMATERIALCOSTINPERCENT, PRIORITY, ACTIVE_FLAG, COMPSTANDARDRATE, ENFORCERECURRINGSERVICEEVENTSELECTION, RECORD_UPDATE_DATE, TENANT_TYPE, IMAGE]
Column names for Curated Table --> DIM_JOBTYPE :: [COMPOVERTIMERATE, PROJECTLABELS, RECORD_UPDATED_BY, MAXIMUMMATERIALCOSTINPERCENT, SUMMARY, NAME, COMPDOUBLEOVERTIMERATE, CREATEDBY_ID, DURATION, ISAUTODISPATCHED, RECORD_UPDATE_DATE, COMPSTANDARDRATE, NOCHARGE, IMPORTID, TENANT_TYPE, ACTIVE, ENFORCERECURRINGSERVICEEVENTSELECTION, ID, ISTUNEUP, CLASS, COMPCODE, MINIMUMMATERIALCOSTINPERCENT, PRIORITY, CREATEDON, LIKELIHOOD, RECORD_CREATE_DATE, SOLDTHRESHOLD, IMAGE, MODIFIEDON, PROJECTEDVALUEADJUSTMENT]
Column Name found in Datamart and Curated Table :: COMPDOUBLEOVERTIMERATE
Column Name found in Datamart and Curated Table :: CREATEDON
Column Name found in Datamart and Curated Table :: PROJECTLABELS
Column Name found in Datamart and Curated Table :: COMPCODE
Column Name found in Datamart and Curated Table :: IMPORTID
Column Name found in Datamart and Curated Table :: LIKELIHOOD
Column Name found in Datamart and Curated Table :: DURATION
Column Name found in Datamart and Curated Table :: ENFORCERECURRINGSERVICEEVENTSELECTION
Column Name found in Datamart and Curated Table :: ISAUTODISPATCHED
Column Name found in Datamart and Curated Table :: MINIMUMMATERIALCOSTINPERCENT
Column Name found in Datamart and Curated Table :: COMPOVERTIMERATE
Column Name found in Datamart and Curated Table :: SUMMARY
Column Name found in Datamart and Curated Table :: ACTIVE
Column Name found in Datamart and Curated Table :: CLASS
Column Name found in Datamart and Curated Table :: COMPSTANDARDRATE
Column Name found in Datamart and Curated Table :: CREATEDBY_ID
Column Name found in Datamart and Curated Table :: ID
Column Name found in Datamart and Curated Table :: PRIORITY
Column Name found in Datamart and Curated Table :: PROJECTEDVALUEADJUSTMENT
Column Name found in Datamart and Curated Table :: IMAGE
Column Name not found in Datamart and Curated Table :: ISSMARTDISPATCHEDBYDEFAULTINAPI
Column Name found in Datamart and Curated Table :: MAXIMUMMATERIALCOSTINPERCENT
Column Name found in Datamart and Curated Table :: NAME
Column Name found in Datamart and Curated Table :: SOLDTHRESHOLD
Column Name found in Datamart and Curated Table :: ISTUNEUP
Column Name found in Datamart and Curated Table :: MODIFIEDON
Column Name found in Datamart and Curated Table :: NOCHARGE
Datamart tables contains additional column name like [ACTIVE_FLAG, RECORD_CREATE_DATE, RECORD_UPDATE_DATE, RECORD_UPDATE_DATE, MASTER_ID, TENANT_TYPE]
Curated tables contains additional column name like [RECORD_CREATE_DATE, RECORD_UPDATE_DATE, RECORD_UPDATED_BY, TENANT_TYPE]]]>
  </system-out>
  <testcase classname="testcases.RAW_DATAMART_CURATED.SnowFlake_ColumnValidation_BKPTables" name="validateColumnName_BKP" time="3.184"/>
  <system-out>
    <![CDATA[Executing Snowflake query :: SELECT COLUMN_NAME FROM DEV_ENT_RAW.INFORMATION_SCHEMA.COLUMNS WHERE TABLE_NAME='CUSTOMER'and TABLE_SCHEMA='ST_GOLDMEDAL_MATILLION'
Executing Snowflake query :: SELECT COLUMN_NAME FROM CURATED_DATAMART.INFORMATION_SCHEMA.COLUMNS WHERE TABLE_NAME='STR_CUSTOMER'and TABLE_SCHEMA='ST_BKP_GOLDMEDAL'
Executing Snowflake query :: SELECT COLUMN_NAME FROM DEV_ENT_CURATED.INFORMATION_SCHEMA.COLUMNS WHERE TABLE_NAME='DIM_CUSTOMER'and TABLE_SCHEMA='MASTER_DIMENSIONS'
Column names for RAW Table --> CUSTOMER :: [ADDRESS_LATITUDE, ADDRESS_ZIP, MEMBERSHIP_ACTIVATEDBY, NAME, PAYMENTTERM_ID, TAXEXEMPT, TYPE, DONOTCHARGEINTERESTFEE, MEMBERSHIP_FROM, NOCHARGE, ADDRESS_COUNTRY, DONOTSENDPROMOTIONALEMAILS, MODIFIEDON, STATISTICS_ID, ADDRESS_CITY, ADDRESS_ISMANUALCOORDINATES, ADDRESS_STREET, AR, EXCLUDEFROMBULKPRINTING, ADDRESS_ISMILITARY, AVALARAENTITYCODE, BALANCE, MEMBERSHIP_ACTIVATEDFROM, MEMBERSHIP_TO, HEADER, ADDRESS_STATE, EXTERNALID, IMPORTID, ADDRESS_LONGITUDE, CREATEDBY_ID, DONOTMAIL, DONOTSERVICE, CREATEDON, ACTIVE, ADDRESS_UNIT, ID, MEMBERSHIP_CANCELLATIONDATE, SHOWMEMBERSAVINGS]
Column names for DataMart Table --> STR_CUSTOMER :: [ADDRESS_UNIT, ADDRESS_ZIP, MEMBERSHIP_ACTIVATEDBY, MEMBERSHIP_FROM, ID, NOCHARGE, MODIFIEDON, ADDRESS_COUNTRY, ADDRESS_STREET, AR, CREATEDON, IMPORTID, PAYMENTTERM_ID, AVALARAENTITYCODE, BALANCE, CREATEDBY_ID, DONOTSERVICE, RECORD_UPDATE_DATE, ACTIVE, ADDRESS_LATITUDE, DONOTMAIL, MEMBERSHIP_ACTIVATEDFROM, ACTIVE_FLAG, ADDRESS_ISMANUALCOORDINATES, ADDRESS_LONGITUDE, DONOTSENDPROMOTIONALEMAILS, EXTERNALID, HEADER, EXCLUDEFROMBULKPRINTING, NAME, DONOTCHARGEINTERESTFEE, MEMBERSHIP_TO, STATISTICS_ID, MEMBERSHIP_CANCELLATIONDATE, TAXEXEMPT, ADDRESS_CITY, ADDRESS_ISMILITARY, ADDRESS_STATE, MASTER_ID, RECORD_CREATE_DATE, TENANT_TYPE, TYPE, SHOWMEMBERSAVINGS]
Column names for Curated Table --> DIM_CUSTOMER :: [ADDRESS_UNIT, PAYMENTTERM_ID, BALANCE, IMPORTID, ACTIVE, ADDRESS_COUNTRY, ADDRESS_ISMANUALCOORDINATES, ADDRESS_STATE, ADDRESS_ZIP, AR, NAME, MEMBERSHIP_TO, ADDRESS_CITY, ADDRESS_STREET, DONOTSERVICE, MEMBERSHIP_CANCELLATIONDATE, NOCHARGE, HEADER, CREATEDBY_ID, EXTERNALID, MODIFIEDON, DONOTCHARGEINTERESTFEE, MEMBERSHIP_ACTIVATEDBY, RECORD_UPDATE_DATE, RECORD_UPDATED_BY, STATISTICS_ID, CREATEDON, DONOTMAIL, ID, TAXEXEMPT, RECORD_CREATE_DATE, ADDRESS_LATITUDE, ADDRESS_LONGITUDE, AVALARAENTITYCODE, DONOTSENDPROMOTIONALEMAILS, MEMBERSHIP_FROM, TENANT_TYPE, TYPE, ADDRESS_ISMILITARY, MEMBERSHIP_ACTIVATEDFROM, SHOWMEMBERSAVINGS, EXCLUDEFROMBULKPRINTING]
Column Name found in Datamart and Curated Table :: ADDRESS_LATITUDE
Column Name found in Datamart and Curated Table :: ADDRESS_ZIP
Column Name found in Datamart and Curated Table :: MEMBERSHIP_ACTIVATEDBY
Column Name found in Datamart and Curated Table :: NAME
Column Name found in Datamart and Curated Table :: PAYMENTTERM_ID
Column Name found in Datamart and Curated Table :: TAXEXEMPT
Column Name found in Datamart and Curated Table :: TYPE
Column Name found in Datamart and Curated Table :: DONOTCHARGEINTERESTFEE
Column Name found in Datamart and Curated Table :: MEMBERSHIP_FROM
Column Name found in Datamart and Curated Table :: NOCHARGE
Column Name found in Datamart and Curated Table :: ADDRESS_COUNTRY
Column Name found in Datamart and Curated Table :: DONOTSENDPROMOTIONALEMAILS
Column Name found in Datamart and Curated Table :: MODIFIEDON
Column Name found in Datamart and Curated Table :: STATISTICS_ID
Column Name found in Datamart and Curated Table :: ADDRESS_CITY
Column Name found in Datamart and Curated Table :: ADDRESS_ISMANUALCOORDINATES
Column Name found in Datamart and Curated Table :: ADDRESS_STREET
Column Name found in Datamart and Curated Table :: AR
Column Name found in Datamart and Curated Table :: EXCLUDEFROMBULKPRINTING
Column Name found in Datamart and Curated Table :: ADDRESS_ISMILITARY
Column Name found in Datamart and Curated Table :: AVALARAENTITYCODE
Column Name found in Datamart and Curated Table :: BALANCE
Column Name found in Datamart and Curated Table :: MEMBERSHIP_ACTIVATEDFROM
Column Name found in Datamart and Curated Table :: MEMBERSHIP_TO
Column Name found in Datamart and Curated Table :: HEADER
Column Name found in Datamart and Curated Table :: ADDRESS_STATE
Column Name found in Datamart and Curated Table :: EXTERNALID
Column Name found in Datamart and Curated Table :: IMPORTID
Column Name found in Datamart and Curated Table :: ADDRESS_LONGITUDE
Column Name found in Datamart and Curated Table :: CREATEDBY_ID
Column Name found in Datamart and Curated Table :: DONOTMAIL
Column Name found in Datamart and Curated Table :: DONOTSERVICE
Column Name found in Datamart and Curated Table :: CREATEDON
Column Name found in Datamart and Curated Table :: ACTIVE
Column Name found in Datamart and Curated Table :: ADDRESS_UNIT
Column Name found in Datamart and Curated Table :: ID
Column Name found in Datamart and Curated Table :: MEMBERSHIP_CANCELLATIONDATE
Column Name found in Datamart and Curated Table :: SHOWMEMBERSAVINGS
Datamart tables contains additional column name like [ACTIVE_FLAG, RECORD_CREATE_DATE, RECORD_UPDATE_DATE, RECORD_UPDATE_DATE, MASTER_ID, TENANT_TYPE]
Curated tables contains additional column name like [RECORD_CREATE_DATE, RECORD_UPDATE_DATE, RECORD_UPDATED_BY, TENANT_TYPE]]]>
  </system-out>
  <testcase classname="testcases.RAW_DATAMART_CURATED.SnowFlake_ColumnValidation_BKPTables" name="validateColumnName_BKP" time="2.148"/>
  <system-out>
    <![CDATA[Executing Snowflake query :: SELECT COLUMN_NAME FROM DEV_ENT_RAW.INFORMATION_SCHEMA.COLUMNS WHERE TABLE_NAME='CANCELJOBREASON'and TABLE_SCHEMA='ST_HORIZONSERVICES_MATILLION'
Executing Snowflake query :: SELECT COLUMN_NAME FROM CURATED_DATAMART.INFORMATION_SCHEMA.COLUMNS WHERE TABLE_NAME='STR_CANCELJOBREASON'and TABLE_SCHEMA='ST_BKP_HORIZONSERVICES'
Executing Snowflake query :: SELECT COLUMN_NAME FROM DEV_ENT_CURATED.INFORMATION_SCHEMA.COLUMNS WHERE TABLE_NAME='DIM_CANCELJOBREASON'and TABLE_SCHEMA='MASTER_DIMENSIONS'
Column names for RAW Table --> CANCELJOBREASON :: [ACTIVE, ID, CREATEDON, CREATEDBY_ID, MODIFIEDON, IMPORTID, NAME]
Column names for DataMart Table --> STR_CANCELJOBREASON :: [MASTER_ID, MODIFIEDON, ACTIVE_FLAG, CREATEDBY_ID, ID, RECORD_UPDATE_DATE, CREATEDON, TENANT_TYPE, RECORD_CREATE_DATE, ACTIVE, NAME, IMPORTID]
Column names for Curated Table --> DIM_CANCELJOBREASON :: [ID, IMPORTID, TENANT_TYPE, MODIFIEDON, CREATEDON, RECORD_UPDATED_BY, RECORD_UPDATE_DATE, RECORD_CREATE_DATE, ACTIVE, CREATEDBY_ID, NAME]
Column Name found in Datamart and Curated Table :: ACTIVE
Column Name found in Datamart and Curated Table :: ID
Column Name found in Datamart and Curated Table :: CREATEDON
Column Name found in Datamart and Curated Table :: CREATEDBY_ID
Column Name found in Datamart and Curated Table :: MODIFIEDON
Column Name found in Datamart and Curated Table :: IMPORTID
Column Name found in Datamart and Curated Table :: NAME
Datamart tables contains additional column name like [ACTIVE_FLAG, RECORD_CREATE_DATE, RECORD_UPDATE_DATE, RECORD_UPDATE_DATE, MASTER_ID, TENANT_TYPE]
Curated tables contains additional column name like [RECORD_CREATE_DATE, RECORD_UPDATE_DATE, RECORD_UPDATED_BY, TENANT_TYPE]]]>
  </system-out>
  <testcase classname="testcases.RAW_DATAMART_CURATED.SnowFlake_ColumnValidation_BKPTables" name="validateColumnName_BKP" time="3.377"/>
  <system-out>
    <![CDATA[Executing Snowflake query :: SELECT COLUMN_NAME FROM DEV_ENT_RAW.INFORMATION_SCHEMA.COLUMNS WHERE TABLE_NAME='ESTIMATE'and TABLE_SCHEMA='ST_HARP_MATILLION'
Executing Snowflake query :: SELECT COLUMN_NAME FROM CURATED_DATAMART.INFORMATION_SCHEMA.COLUMNS WHERE TABLE_NAME='STR_ESTIMATE'and TABLE_SCHEMA='ST_BKP_HARP'
Executing Snowflake query :: SELECT COLUMN_NAME FROM DEV_ENT_CURATED.INFORMATION_SCHEMA.COLUMNS WHERE TABLE_NAME='DIM_ESTIMATE'and TABLE_SCHEMA='MASTER_DIMENSIONS'
Column names for RAW Table --> ESTIMATE :: [PROJECTOPPORTUNITY_ID, AUTHORIZATIONSIGNATURE, CREATEDON, IMPORTID, JOB_ID, OPPORTUNITY_ID, ORDER, TAX, TECHNICIANSIGNATURE, AUTHORIZEDON, CLAIM_ID, ISCHANGEORDER, MODIFIEDON, PROCUREMENTTYPE, PROPOSALTAGCOLOR, FEETOTAL, LOCATION_ID, MATERIALTAX, CREATEDBY_ID, MATERIALSKUREFERENCE_SKUTYPE, TECHNICIANPICKEDSOLDTYPE, ISRECOMMENDED, ACTIVE, BUSINESSUNIT_ID, DISCOUNTTOTAL, MATERIALSKUREFERENCE_SKUID, PROPOSALTAGNAME, SUMMARY, ID, PROJECTLABELS, SOLDBY_ID, SOLDON, TOTAL, TOTALCOST, SOLDTYPE, RENEWABLEMEMBERSHIP_ID, STATUS, LABORTAX, MATERIALSKU_ID, NAME, SOLDBYEMPLOYEE_ID, SOLDINVOICE_ID]
Column names for DataMart Table --> STR_ESTIMATE :: [ACTIVE_FLAG, DISCOUNTTOTAL, ID, OPPORTUNITY_ID, JOB_ID, ISCHANGEORDER, MATERIALSKUREFERENCE_SKUID, ORDER, PROJECTLABELS, SOLDBY_ID, SOLDON, AUTHORIZATIONSIGNATURE, IMPORTID, MATERIALTAX, PROCUREMENTTYPE, PROPOSALTAGCOLOR, SOLDTYPE, TECHNICIANPICKEDSOLDTYPE, PROPOSALTAGNAME, CREATEDBY_ID, FEETOTAL, LABORTAX, NAME, ISRECOMMENDED, MASTER_ID, TOTALCOST, CREATEDON, RECORD_UPDATE_DATE, SOLDBYEMPLOYEE_ID, SUMMARY, TENANT_TYPE, ACTIVE, AUTHORIZEDON, BUSINESSUNIT_ID, CLAIM_ID, SOLDINVOICE_ID, TAX, TECHNICIANSIGNATURE, TOTAL, LOCATION_ID, MODIFIEDON, PROJECTOPPORTUNITY_ID, RECORD_CREATE_DATE, RENEWABLEMEMBERSHIP_ID, STATUS, MATERIALSKUREFERENCE_SKUTYPE, MATERIALSKU_ID]
Column names for Curated Table --> DIM_ESTIMATE :: [CREATEDON, DISCOUNTTOTAL, LOCATION_ID, OPPORTUNITY_ID, PROPOSALTAGCOLOR, PROPOSALTAGNAME, SOLDINVOICE_ID, TENANT_TYPE, RECORD_UPDATED_BY, TOTALCOST, ISCHANGEORDER, NAME, BUSINESSUNIT_ID, FEETOTAL, MATERIALSKUREFERENCE_SKUTYPE, ISRECOMMENDED, ORDER, STATUS, TOTAL, SOLDTYPE, AUTHORIZEDON, CREATEDBY_ID, LABORTAX, PROCUREMENTTYPE, SOLDBYEMPLOYEE_ID, SOLDBY_ID, IMPORTID, MATERIALSKU_ID, TAX, TECHNICIANPICKEDSOLDTYPE, RENEWABLEMEMBERSHIP_ID, TECHNICIANSIGNATURE, MODIFIEDON, CLAIM_ID, ID, MATERIALSKUREFERENCE_SKUID, SOLDON, PROJECTLABELS, JOB_ID, ACTIVE, AUTHORIZATIONSIGNATURE, MATERIALTAX, PROJECTOPPORTUNITY_ID, RECORD_CREATE_DATE, SUMMARY, RECORD_UPDATE_DATE]
Column Name found in Datamart and Curated Table :: PROJECTOPPORTUNITY_ID
Column Name found in Datamart and Curated Table :: AUTHORIZATIONSIGNATURE
Column Name found in Datamart and Curated Table :: CREATEDON
Column Name found in Datamart and Curated Table :: IMPORTID
Column Name found in Datamart and Curated Table :: JOB_ID
Column Name found in Datamart and Curated Table :: OPPORTUNITY_ID
Column Name found in Datamart and Curated Table :: ORDER
Column Name found in Datamart and Curated Table :: TAX
Column Name found in Datamart and Curated Table :: TECHNICIANSIGNATURE
Column Name found in Datamart and Curated Table :: AUTHORIZEDON
Column Name found in Datamart and Curated Table :: CLAIM_ID
Column Name found in Datamart and Curated Table :: ISCHANGEORDER
Column Name found in Datamart and Curated Table :: MODIFIEDON
Column Name found in Datamart and Curated Table :: PROCUREMENTTYPE
Column Name found in Datamart and Curated Table :: PROPOSALTAGCOLOR
Column Name found in Datamart and Curated Table :: FEETOTAL
Column Name found in Datamart and Curated Table :: LOCATION_ID
Column Name found in Datamart and Curated Table :: MATERIALTAX
Column Name found in Datamart and Curated Table :: CREATEDBY_ID
Column Name found in Datamart and Curated Table :: MATERIALSKUREFERENCE_SKUTYPE
Column Name found in Datamart and Curated Table :: TECHNICIANPICKEDSOLDTYPE
Column Name found in Datamart and Curated Table :: ISRECOMMENDED
Column Name found in Datamart and Curated Table :: ACTIVE
Column Name found in Datamart and Curated Table :: BUSINESSUNIT_ID
Column Name found in Datamart and Curated Table :: DISCOUNTTOTAL
Column Name found in Datamart and Curated Table :: MATERIALSKUREFERENCE_SKUID
Column Name found in Datamart and Curated Table :: PROPOSALTAGNAME
Column Name found in Datamart and Curated Table :: SUMMARY
Column Name found in Datamart and Curated Table :: ID
Column Name found in Datamart and Curated Table :: PROJECTLABELS
Column Name found in Datamart and Curated Table :: SOLDBY_ID
Column Name found in Datamart and Curated Table :: SOLDON
Column Name found in Datamart and Curated Table :: TOTAL
Column Name found in Datamart and Curated Table :: TOTALCOST
Column Name found in Datamart and Curated Table :: SOLDTYPE
Column Name found in Datamart and Curated Table :: RENEWABLEMEMBERSHIP_ID
Column Name found in Datamart and Curated Table :: STATUS
Column Name found in Datamart and Curated Table :: LABORTAX
Column Name found in Datamart and Curated Table :: MATERIALSKU_ID
Column Name found in Datamart and Curated Table :: NAME
Column Name found in Datamart and Curated Table :: SOLDBYEMPLOYEE_ID
Column Name found in Datamart and Curated Table :: SOLDINVOICE_ID
Datamart tables contains additional column name like [ACTIVE_FLAG, RECORD_CREATE_DATE, RECORD_UPDATE_DATE, RECORD_UPDATE_DATE, MASTER_ID, TENANT_TYPE]
Curated tables contains additional column name like [RECORD_CREATE_DATE, RECORD_UPDATE_DATE, RECORD_UPDATED_BY, TENANT_TYPE]]]>
  </system-out>
  <testcase classname="testcases.RAW_DATAMART_CURATED.SnowFlake_ColumnValidation_BKPTables" name="validateColumnName_BKP" time="3.088">
    <failure message="The following asserts failed:
	null,
	null" type="java.lang.AssertionError">
      <![CDATA[java.lang.AssertionError: The following asserts failed:
null,
null
at org.testng.asserts.SoftAssert.assertAll(SoftAssert.java:47)
at org.testng.asserts.SoftAssert.assertAll(SoftAssert.java:31)
at testcases.RAW_DATAMART_CURATED.SnowFlake_ColumnValidation_BKPTables.validateColumnName_BKP(SnowFlake_ColumnValidation_BKPTables.java:120)
at jdk.internal.reflect.GeneratedMethodAccessor38.invoke(Unknown Source)
at java.base/jdk.internal.reflect.DelegatingMethodAccessorImpl.invoke(DelegatingMethodAccessorImpl.java:43)
at java.base/java.lang.reflect.Method.invoke(Method.java:568)
at org.testng.internal.MethodInvocationHelper.invokeMethod(MethodInvocationHelper.java:133)
at org.testng.internal.TestInvoker.invokeMethod(TestInvoker.java:598)
at org.testng.internal.TestInvoker.invokeTestMethod(TestInvoker.java:173)
at org.testng.internal.MethodRunner.runInSequence(MethodRunner.java:46)
at org.testng.internal.TestInvoker$MethodInvocationAgent.invoke(TestInvoker.java:824)
at org.testng.internal.TestInvoker.invokeTestMethods(TestInvoker.java:146)
at org.testng.internal.TestMethodWorker.invokeTestMethods(TestMethodWorker.java:146)
at org.testng.internal.TestMethodWorker.run(TestMethodWorker.java:128)
at java.base/java.util.ArrayList.forEach(ArrayList.java:1511)
at org.testng.TestRunner.privateRun(TestRunner.java:794)
at org.testng.TestRunner.run(TestRunner.java:596)
at org.testng.SuiteRunner.runTest(SuiteRunner.java:377)
at org.testng.SuiteRunner.runSequentially(SuiteRunner.java:371)
at org.testng.SuiteRunner.privateRun(SuiteRunner.java:332)
at org.testng.SuiteRunner.run(SuiteRunner.java:276)
at org.testng.SuiteRunnerWorker.runSuite(SuiteRunnerWorker.java:53)
at org.testng.SuiteRunnerWorker.run(SuiteRunnerWorker.java:96)
at org.testng.TestNG.runSuitesSequentially(TestNG.java:1212)
at org.testng.TestNG.runSuitesLocally(TestNG.java:1134)
at org.testng.TestNG.runSuites(TestNG.java:1063)
at org.testng.TestNG.run(TestNG.java:1031)
at org.testng.remote.AbstractRemoteTestNG.run(AbstractRemoteTestNG.java:115)
at org.testng.remote.RemoteTestNG.initAndRun(RemoteTestNG.java:251)
at org.testng.remote.RemoteTestNG.main(RemoteTestNG.java:77)
]]>
    </failure>
  </testcase> <!-- validateColumnName_BKP -->
  <system-out>
    <![CDATA[Executing Snowflake query :: SELECT COLUMN_NAME FROM DEV_ENT_RAW.INFORMATION_SCHEMA.COLUMNS WHERE TABLE_NAME='PROJECT'and TABLE_SCHEMA='ST_HORIZONSERVICES_MATILLION'
Executing Snowflake query :: SELECT COLUMN_NAME FROM CURATED_DATAMART.INFORMATION_SCHEMA.COLUMNS WHERE TABLE_NAME='STR_PROJECT'and TABLE_SCHEMA='ST_BKP_HORIZONSERVICES'
Executing Snowflake query :: SELECT COLUMN_NAME FROM DEV_ENT_CURATED.INFORMATION_SCHEMA.COLUMNS WHERE TABLE_NAME='DIM_PROJECT'and TABLE_SCHEMA='MASTER_DIMENSIONS'
Column names for RAW Table --> PROJECT :: [AUTHORIZATIONSIGNATURE, CREATEDBY_ID, SUMMARY, AREITEMSREORDERED, CONTRACTFOR, REVENUERECOGNITIONMETHOD, ISPREVAILINGWAGE, CONTRACTESTIMATE_ID, ACTIVE, CUSTOMER_ID, PROJECTSETTINGSTYPE, COSTTOCOMPLETE, PAYMENTTERM_ID, STARTEDON, COMPLETIONPERCENT, CREATEDON, ID, TECHNICIANSIGNATURE, NAME, COMPLETEDON, ISRETAINAGEENABLED, ACKNOWLEDGEMENTSIGNATURE, CONTRACTSTARTDATE, NUMBER, IMPORTID, RETAINAGEPERCENT, MODIFIEDON, COMPLETEDONACTUAL, LOCATION_ID]
Column names for DataMart Table --> STR_PROJECT :: [ACTIVE_FLAG, COMPLETEDON, LOCATION_ID, IMPORTID, AUTHORIZATIONSIGNATURE, ID, NAME, TENANT_TYPE, MASTER_ID, ACKNOWLEDGEMENTSIGNATURE, AREITEMSREORDERED, ISRETAINAGEENABLED, RECORD_CREATE_DATE, CONTRACTSTARTDATE, CONTRACTFOR, CUSTOMER_ID, MODIFIEDON, COMPLETIONPERCENT, CREATEDBY_ID, NUMBER, SUMMARY, COMPLETEDONACTUAL, CONTRACTESTIMATE_ID, ISPREVAILINGWAGE, MD5_VALUE, PAYMENTTERM_ID, RETAINAGEPERCENT, TECHNICIANSIGNATURE, ACTIVE, PROJECTSETTINGSTYPE, RECORD_UPDATE_DATE, STARTEDON, CREATEDON]
Column names for Curated Table --> DIM_PROJECT :: [RECORD_UPDATE_DATE, ACTIVE, AUTHORIZATIONSIGNATURE, COMPLETEDON, RETAINAGEPERCENT, IMPORTID, CONTRACTFOR, CONTRACTSTARTDATE, ID, ISRETAINAGEENABLED, RECORD_CREATE_DATE, RECORD_UPDATED_BY, TENANT_TYPE, PROJECTSETTINGSTYPE, TECHNICIANSIGNATURE, ISPREVAILINGWAGE, MD5_VALUE, NAME, PAYMENTTERM_ID, COMPLETEDONACTUAL, CUSTOMER_ID, NUMBER, AREITEMSREORDERED, CREATEDON, LOCATION_ID, MODIFIEDON, STARTEDON, ACKNOWLEDGEMENTSIGNATURE, COMPLETIONPERCENT, CONTRACTESTIMATE_ID, SUMMARY, CREATEDBY_ID]
Column Name found in Datamart and Curated Table :: AUTHORIZATIONSIGNATURE
Column Name found in Datamart and Curated Table :: CREATEDBY_ID
Column Name found in Datamart and Curated Table :: SUMMARY
Column Name found in Datamart and Curated Table :: AREITEMSREORDERED
Column Name found in Datamart and Curated Table :: CONTRACTFOR
Column Name not found in Datamart and Curated Table :: REVENUERECOGNITIONMETHOD
Column Name found in Datamart and Curated Table :: ISPREVAILINGWAGE
Column Name found in Datamart and Curated Table :: CONTRACTESTIMATE_ID
Column Name found in Datamart and Curated Table :: ACTIVE
Column Name found in Datamart and Curated Table :: CUSTOMER_ID
Column Name found in Datamart and Curated Table :: PROJECTSETTINGSTYPE
Column Name not found in Datamart and Curated Table :: COSTTOCOMPLETE
Column Name found in Datamart and Curated Table :: PAYMENTTERM_ID
Column Name found in Datamart and Curated Table :: STARTEDON
Column Name found in Datamart and Curated Table :: COMPLETIONPERCENT
Column Name found in Datamart and Curated Table :: CREATEDON
Column Name found in Datamart and Curated Table :: ID
Column Name found in Datamart and Curated Table :: TECHNICIANSIGNATURE
Column Name found in Datamart and Curated Table :: NAME
Column Name found in Datamart and Curated Table :: COMPLETEDON
Column Name found in Datamart and Curated Table :: ISRETAINAGEENABLED
Column Name found in Datamart and Curated Table :: ACKNOWLEDGEMENTSIGNATURE
Column Name found in Datamart and Curated Table :: CONTRACTSTARTDATE
Column Name found in Datamart and Curated Table :: NUMBER
Column Name found in Datamart and Curated Table :: IMPORTID
Column Name found in Datamart and Curated Table :: RETAINAGEPERCENT
Column Name found in Datamart and Curated Table :: MODIFIEDON
Column Name found in Datamart and Curated Table :: COMPLETEDONACTUAL
Column Name found in Datamart and Curated Table :: LOCATION_ID
Datamart tables contains additional column name like [ACTIVE_FLAG, RECORD_CREATE_DATE, RECORD_UPDATE_DATE, RECORD_UPDATE_DATE, MASTER_ID, TENANT_TYPE]
Curated tables contains additional column name like [RECORD_CREATE_DATE, RECORD_UPDATE_DATE, RECORD_UPDATED_BY, TENANT_TYPE]]]>
  </system-out>
  <testcase classname="testcases.RAW_DATAMART_CURATED.SnowFlake_ColumnValidation_BKPTables" name="validateColumnName_BKP" time="2.437"/>
  <system-out>
    <![CDATA[Executing Snowflake query :: SELECT COLUMN_NAME FROM DEV_ENT_RAW.INFORMATION_SCHEMA.COLUMNS WHERE TABLE_NAME='EQUIPMENT'and TABLE_SCHEMA='ST_FOURPROS_MATILLION'
Executing Snowflake query :: SELECT COLUMN_NAME FROM CURATED_DATAMART.INFORMATION_SCHEMA.COLUMNS WHERE TABLE_NAME='STR_EQUIPMENT'and TABLE_SCHEMA='ST_BKP_FOURPROS'
Executing Snowflake query :: SELECT COLUMN_NAME FROM DEV_ENT_CURATED.INFORMATION_SCHEMA.COLUMNS WHERE TABLE_NAME='DIM_EQUIPMENT'and TABLE_SCHEMA='MASTER_DIMENSIONS'
Column names for RAW Table --> EQUIPMENT :: [CATEGORY_ID, CROSSSALEGROUP, EXTERNALID, PRICE, WARRANTYRESERVE, COST, DESCRIPTION, MANUFACTURERWARRANTY_DURATION, SERVICEPROVIDERWARRANTY_DURATION, GENERALLEDGERACCOUNT_ID, BUSINESSUNIT_ID, MANUFACTURER, MODIFIEDON, PAYTECHSPECIFICBONUS, COSTOFSALEACCOUNT_ID, CREATEDON, HOURS, ADDONMEMBERPRICE, EXCLUDEFROMPRICEBOOKWIZARD, IMPORTID, ISSERIALIZED, LOYALTYPROGRAMELIGIBLE, BONUS, COMMISSIONBONUS, MEMBERPRICE, ALLOWDISCOUNTS, DISPLAYINAMOUNT, DISPLAYNAME, INVENTORYENABLEDON, MANUFACTURERWARRANTY_DESCRIPTION, PROVIDER_ID, PAYSSOLDBYRATE, PAYSCOMMISSION, ARCHIVED, ASSETACCOUNT_ID, AVALARACOMMERCIALTAXCODE, BRAND, COPIEDFROM_ID, NAME, SOURCEVERSION, TAXABLE, CREATEDBY_ID, INVENTORYENABLEDBY_ID, PAYSFLATAMOUNT, SYNCDATE, ADDONFLATAMOUNT, ADDONPRICE, AVALARARESIDENTIALTAXCODE, SCHEDULEDFLATAMOUNT, SERIALIZEDON, ACTIVE, IMAGES, MODEL, PRIMARYVENDOR_ID, TYPE_ID, UNITOFMEASURE, ACCOUNT, ID, ISINVENTORY, ORIGINAL_ID, SERVICEPROVIDERWARRANTY_DESCRIPTION, SUPPLIERIMAGES, SOURCE]
Column names for DataMart Table --> STR_EQUIPMENT :: [COPIEDFROM_ID, IMAGES, MANUFACTURERWARRANTY_DURATION, PAYSCOMMISSION, SOURCE, SUPPLIERIMAGES, WARRANTYRESERVE, SERVICEPROVIDERWARRANTY_DURATION, SOURCEVERSION, ADDONPRICE, COMMISSIONBONUS, HOURS, MODEL, CATEGORY_ID, MODIFIEDON, PRICE, PRIMARYVENDOR_ID, UNITOFMEASURE, ACCOUNT, ACTIVE, AVALARACOMMERCIALTAXCODE, ISSERIALIZED, LOYALTYPROGRAMELIGIBLE, RECORD_CREATE_DATE, IMPORTID, CREATEDBY_ID, TYPE_ID, ADDONMEMBERPRICE, ALLOWDISCOUNTS, ARCHIVED, DESCRIPTION, INVENTORYENABLEDBY_ID, PAYTECHSPECIFICBONUS, RECORD_UPDATE_DATE, TAXABLE, PAYSSOLDBYRATE, SERVICEPROVIDERWARRANTY_DESCRIPTION, PAYSFLATAMOUNT, ASSETACCOUNT_ID, EXTERNALID, PROVIDER_ID, TENANT_TYPE, BONUS, SYNCDATE, EXCLUDEFROMPRICEBOOKWIZARD, ADDONFLATAMOUNT, COST, DISPLAYINAMOUNT, ISINVENTORY, MANUFACTURERWARRANTY_DESCRIPTION, NAME, MANUFACTURER, AVALARARESIDENTIALTAXCODE, MASTER_ID, CREATEDON, ACTIVE_FLAG, COSTOFSALEACCOUNT_ID, CROSSSALEGROUP, GENERALLEDGERACCOUNT_ID, ID, INVENTORYENABLEDON, SCHEDULEDFLATAMOUNT, BRAND, BUSINESSUNIT_ID, DISPLAYNAME, MEMBERPRICE, ORIGINAL_ID, SERIALIZEDON]
Column names for Curated Table --> DIM_EQUIPMENT :: [ASSETACCOUNT_ID, COMMISSIONBONUS, COSTOFSALEACCOUNT_ID, MODEL, SCHEDULEDFLATAMOUNT, COPIEDFROM_ID, ISSERIALIZED, PAYSFLATAMOUNT, PAYTECHSPECIFICBONUS, RECORD_CREATE_DATE, SERVICEPROVIDERWARRANTY_DURATION, ID, AVALARACOMMERCIALTAXCODE, BONUS, HOURS, LOYALTYPROGRAMELIGIBLE, SOURCE, SERIALIZEDON, ADDONPRICE, EXCLUDEFROMPRICEBOOKWIZARD, PAYSCOMMISSION, ISINVENTORY, MODIFIEDON, ACTIVE, ADDONMEMBERPRICE, CREATEDON, EXTERNALID, PRIMARYVENDOR_ID, BUSINESSUNIT_ID, NAME, PAYSSOLDBYRATE, SYNCDATE, AVALARARESIDENTIALTAXCODE, BRAND, CREATEDBY_ID, DISPLAYINAMOUNT, MANUFACTURERWARRANTY_DESCRIPTION, TENANT_TYPE, MANUFACTURER, PROVIDER_ID, SOURCEVERSION, RECORD_UPDATED_BY, ACCOUNT, ADDONFLATAMOUNT, COST, DISPLAYNAME, INVENTORYENABLEDBY_ID, TAXABLE, ARCHIVED, RECORD_UPDATE_DATE, DESCRIPTION, CATEGORY_ID, ALLOWDISCOUNTS, GENERALLEDGERACCOUNT_ID, INVENTORYENABLEDON, PRICE, TYPE_ID, SUPPLIERIMAGES, UNITOFMEASURE, CROSSSALEGROUP, IMAGES, IMPORTID, ORIGINAL_ID, SERVICEPROVIDERWARRANTY_DESCRIPTION, MEMBERPRICE, WARRANTYRESERVE, MANUFACTURERWARRANTY_DURATION]
Column Name found in Datamart and Curated Table :: CATEGORY_ID
Column Name found in Datamart and Curated Table :: CROSSSALEGROUP
Column Name found in Datamart and Curated Table :: EXTERNALID
Column Name found in Datamart and Curated Table :: PRICE
Column Name found in Datamart and Curated Table :: WARRANTYRESERVE
Column Name found in Datamart and Curated Table :: COST
Column Name found in Datamart and Curated Table :: DESCRIPTION
Column Name found in Datamart and Curated Table :: MANUFACTURERWARRANTY_DURATION
Column Name found in Datamart and Curated Table :: SERVICEPROVIDERWARRANTY_DURATION
Column Name found in Datamart and Curated Table :: GENERALLEDGERACCOUNT_ID
Column Name found in Datamart and Curated Table :: BUSINESSUNIT_ID
Column Name found in Datamart and Curated Table :: MANUFACTURER
Column Name found in Datamart and Curated Table :: MODIFIEDON
Column Name found in Datamart and Curated Table :: PAYTECHSPECIFICBONUS
Column Name found in Datamart and Curated Table :: COSTOFSALEACCOUNT_ID
Column Name found in Datamart and Curated Table :: CREATEDON
Column Name found in Datamart and Curated Table :: HOURS
Column Name found in Datamart and Curated Table :: ADDONMEMBERPRICE
Column Name found in Datamart and Curated Table :: EXCLUDEFROMPRICEBOOKWIZARD
Column Name found in Datamart and Curated Table :: IMPORTID
Column Name found in Datamart and Curated Table :: ISSERIALIZED
Column Name found in Datamart and Curated Table :: LOYALTYPROGRAMELIGIBLE
Column Name found in Datamart and Curated Table :: BONUS
Column Name found in Datamart and Curated Table :: COMMISSIONBONUS
Column Name found in Datamart and Curated Table :: MEMBERPRICE
Column Name found in Datamart and Curated Table :: ALLOWDISCOUNTS
Column Name found in Datamart and Curated Table :: DISPLAYINAMOUNT
Column Name found in Datamart and Curated Table :: DISPLAYNAME
Column Name found in Datamart and Curated Table :: INVENTORYENABLEDON
Column Name found in Datamart and Curated Table :: MANUFACTURERWARRANTY_DESCRIPTION
Column Name found in Datamart and Curated Table :: PROVIDER_ID
Column Name found in Datamart and Curated Table :: PAYSSOLDBYRATE
Column Name found in Datamart and Curated Table :: PAYSCOMMISSION
Column Name found in Datamart and Curated Table :: ARCHIVED
Column Name found in Datamart and Curated Table :: ASSETACCOUNT_ID
Column Name found in Datamart and Curated Table :: AVALARACOMMERCIALTAXCODE
Column Name found in Datamart and Curated Table :: BRAND
Column Name found in Datamart and Curated Table :: COPIEDFROM_ID
Column Name found in Datamart and Curated Table :: NAME
Column Name found in Datamart and Curated Table :: SOURCEVERSION
Column Name found in Datamart and Curated Table :: TAXABLE
Column Name found in Datamart and Curated Table :: CREATEDBY_ID
Column Name found in Datamart and Curated Table :: INVENTORYENABLEDBY_ID
Column Name found in Datamart and Curated Table :: PAYSFLATAMOUNT
Column Name found in Datamart and Curated Table :: SYNCDATE
Column Name found in Datamart and Curated Table :: ADDONFLATAMOUNT
Column Name found in Datamart and Curated Table :: ADDONPRICE
Column Name found in Datamart and Curated Table :: AVALARARESIDENTIALTAXCODE
Column Name found in Datamart and Curated Table :: SCHEDULEDFLATAMOUNT
Column Name found in Datamart and Curated Table :: SERIALIZEDON
Column Name found in Datamart and Curated Table :: ACTIVE
Column Name found in Datamart and Curated Table :: IMAGES
Column Name found in Datamart and Curated Table :: MODEL
Column Name found in Datamart and Curated Table :: PRIMARYVENDOR_ID
Column Name found in Datamart and Curated Table :: TYPE_ID
Column Name found in Datamart and Curated Table :: UNITOFMEASURE
Column Name found in Datamart and Curated Table :: ACCOUNT
Column Name found in Datamart and Curated Table :: ID
Column Name found in Datamart and Curated Table :: ISINVENTORY
Column Name found in Datamart and Curated Table :: ORIGINAL_ID
Column Name found in Datamart and Curated Table :: SERVICEPROVIDERWARRANTY_DESCRIPTION
Column Name found in Datamart and Curated Table :: SUPPLIERIMAGES
Column Name found in Datamart and Curated Table :: SOURCE
Datamart tables contains additional column name like [ACTIVE_FLAG, RECORD_CREATE_DATE, RECORD_UPDATE_DATE, RECORD_UPDATE_DATE, MASTER_ID, TENANT_TYPE]
Curated tables contains additional column name like [RECORD_CREATE_DATE, RECORD_UPDATE_DATE, RECORD_UPDATED_BY, TENANT_TYPE]]]>
  </system-out>
  <testcase classname="testcases.RAW_DATAMART_CURATED.SnowFlake_ColumnValidation_BKPTables" name="validateColumnName_BKP" time="3.476"/>
  <system-out>
    <![CDATA[Executing Snowflake query :: SELECT COLUMN_NAME FROM DEV_ENT_RAW.INFORMATION_SCHEMA.COLUMNS WHERE TABLE_NAME='MATERIAL'and TABLE_SCHEMA='ST_BILLFENWICK_MATILLION'
Executing Snowflake query :: SELECT COLUMN_NAME FROM CURATED_DATAMART.INFORMATION_SCHEMA.COLUMNS WHERE TABLE_NAME='STR_MATERIAL'and TABLE_SCHEMA='ST_BKP_BILLFENWICK'
Executing Snowflake query :: SELECT COLUMN_NAME FROM DEV_ENT_CURATED.INFORMATION_SCHEMA.COLUMNS WHERE TABLE_NAME='DIM_MATERIAL'and TABLE_SCHEMA='MASTER_DIMENSIONS'
Column names for RAW Table --> MATERIAL :: [ARCHIVED, AVALARARESIDENTIALTAXCODE, DESCRIPTION, INVENTORYENABLEDON, MEMBERPRICE, BUSINESSUNIT_ID, DEDUCTASJOBCOST, COPIEDFROM_ID, COST, COSTOFSALEACCOUNT_ID, CREATEDON, NAME, NOTAX, HOURS, PRIMARYVENDOR_ID, SUPPLIERIMAGES, PAYSFLATAMOUNT, PRICE, SYNCDATE, SCHEDULEDFLATAMOUNT, ADDONPRICE, CROSSSALEGROUP, GENERALLEDGERACCOUNT_ID, IMPORTID, ISINVENTORY, MODIFIEDON, SOURCE, TAXABLE, PAYSCOMMISSION, PAYSSOLDBYRATE, PROVIDER_ID, SERIALIZEDON, USEFIXEDMATERIALPRICE, UNITOFMEASURE, ADDONMEMBERPRICE, ID, ASSETACCOUNT_ID, EXTERNALID, PAYTECHSPECIFICBONUS, BONUS, COMMISSIONBONUS, LOYALTYPROGRAMELIGIBLE, ORIGINAL_ID, CREATEDBY_ID, PURCHASEORDERLIMITS_FLATAMOUNT, ACTIVE, ADDONFLATAMOUNT, CATEGORY_ID, EXCLUDEFROMPRICEBOOKWIZARD, IMAGES, ISSERIALIZED, SOLDBYCOMMISSION, PURCHASEORDERLIMITS_REVENUEPERCENT, ACCOUNT, AVALARACOMMERCIALTAXCODE, INVENTORYENABLEDBY_ID, DISPLAYINAMOUNT, AUTOGLASSTYPE, DISPLAYNAME, SOURCEVERSION]
Column names for DataMart Table --> STR_MATERIAL :: [BONUS, INVENTORYENABLEDON, TENANT_TYPE, NAME, ACCOUNT, COST, MASTER_ID, PAYTECHSPECIFICBONUS, SYNCDATE, BUSINESSUNIT_ID, HOURS, ISSERIALIZED, NOTAX, TAXABLE, RECORD_UPDATE_DATE, ADDONFLATAMOUNT, ADDONMEMBERPRICE, ADDONPRICE, IMPORTID, PAYSSOLDBYRATE, PROVIDER_ID, INVENTORYENABLEDBY_ID, PURCHASEORDERLIMITS_FLATAMOUNT, ASSETACCOUNT_ID, IMAGES, ISINVENTORY, MEMBERPRICE, PAYSFLATAMOUNT, SUPPLIERIMAGES, USEFIXEDMATERIALPRICE, EXTERNALID, RECORD_CREATE_DATE, PRIMARYVENDOR_ID, ARCHIVED, AVALARACOMMERCIALTAXCODE, AVALARARESIDENTIALTAXCODE, CREATEDON, DESCRIPTION, GENERALLEDGERACCOUNT_ID, SERIALIZEDON, CREATEDBY_ID, CROSSSALEGROUP, DEDUCTASJOBCOST, LOYALTYPROGRAMELIGIBLE, ORIGINAL_ID, SOURCEVERSION, AUTOGLASSTYPE, SOURCE, CATEGORY_ID, ACTIVE, ACTIVE_FLAG, COMMISSIONBONUS, COPIEDFROM_ID, COSTOFSALEACCOUNT_ID, ID, DISPLAYNAME, PURCHASEORDERLIMITS_REVENUEPERCENT, DISPLAYINAMOUNT, UNITOFMEASURE, EXCLUDEFROMPRICEBOOKWIZARD, MODIFIEDON, PAYSCOMMISSION, SCHEDULEDFLATAMOUNT, SOLDBYCOMMISSION, PRICE]
Column names for Curated Table --> DIM_MATERIAL :: [BUSINESSUNIT_ID, DEDUCTASJOBCOST, HOURS, MEMBERPRICE, MODIFIEDON, SCHEDULEDFLATAMOUNT, ARCHIVED, BONUS, COST, EXCLUDEFROMPRICEBOOKWIZARD, INVENTORYENABLEDON, SOURCE, ID, RECORD_UPDATED_BY, RECORD_UPDATE_DATE, ADDONPRICE, ASSETACCOUNT_ID, AVALARARESIDENTIALTAXCODE, DESCRIPTION, IMPORTID, ISSERIALIZED, PAYSSOLDBYRATE, ISINVENTORY, NOTAX, CREATEDBY_ID, PRIMARYVENDOR_ID, SERIALIZEDON, GENERALLEDGERACCOUNT_ID, RECORD_CREATE_DATE, CROSSSALEGROUP, SOLDBYCOMMISSION, ACTIVE, CATEGORY_ID, EXTERNALID, NAME, USEFIXEDMATERIALPRICE, INVENTORYENABLEDBY_ID, PAYTECHSPECIFICBONUS, PROVIDER_ID, PURCHASEORDERLIMITS_REVENUEPERCENT, SUPPLIERIMAGES, ACCOUNT, ADDONFLATAMOUNT, COMMISSIONBONUS, CREATEDON, PAYSCOMMISSION, DISPLAYINAMOUNT, SOURCEVERSION, COSTOFSALEACCOUNT_ID, DISPLAYNAME, IMAGES, ORIGINAL_ID, TAXABLE, COPIEDFROM_ID, UNITOFMEASURE, ADDONMEMBERPRICE, AUTOGLASSTYPE, AVALARACOMMERCIALTAXCODE, LOYALTYPROGRAMELIGIBLE, PRICE, PURCHASEORDERLIMITS_FLATAMOUNT, SYNCDATE, TENANT_TYPE, PAYSFLATAMOUNT]
Column Name found in Datamart and Curated Table :: ARCHIVED
Column Name found in Datamart and Curated Table :: AVALARARESIDENTIALTAXCODE
Column Name found in Datamart and Curated Table :: DESCRIPTION
Column Name found in Datamart and Curated Table :: INVENTORYENABLEDON
Column Name found in Datamart and Curated Table :: MEMBERPRICE
Column Name found in Datamart and Curated Table :: BUSINESSUNIT_ID
Column Name found in Datamart and Curated Table :: DEDUCTASJOBCOST
Column Name found in Datamart and Curated Table :: COPIEDFROM_ID
Column Name found in Datamart and Curated Table :: COST
Column Name found in Datamart and Curated Table :: COSTOFSALEACCOUNT_ID
Column Name found in Datamart and Curated Table :: CREATEDON
Column Name found in Datamart and Curated Table :: NAME
Column Name found in Datamart and Curated Table :: NOTAX
Column Name found in Datamart and Curated Table :: HOURS
Column Name found in Datamart and Curated Table :: PRIMARYVENDOR_ID
Column Name found in Datamart and Curated Table :: SUPPLIERIMAGES
Column Name found in Datamart and Curated Table :: PAYSFLATAMOUNT
Column Name found in Datamart and Curated Table :: PRICE
Column Name found in Datamart and Curated Table :: SYNCDATE
Column Name found in Datamart and Curated Table :: SCHEDULEDFLATAMOUNT
Column Name found in Datamart and Curated Table :: ADDONPRICE
Column Name found in Datamart and Curated Table :: CROSSSALEGROUP
Column Name found in Datamart and Curated Table :: GENERALLEDGERACCOUNT_ID
Column Name found in Datamart and Curated Table :: IMPORTID
Column Name found in Datamart and Curated Table :: ISINVENTORY
Column Name found in Datamart and Curated Table :: MODIFIEDON
Column Name found in Datamart and Curated Table :: SOURCE
Column Name found in Datamart and Curated Table :: TAXABLE
Column Name found in Datamart and Curated Table :: PAYSCOMMISSION
Column Name found in Datamart and Curated Table :: PAYSSOLDBYRATE
Column Name found in Datamart and Curated Table :: PROVIDER_ID
Column Name found in Datamart and Curated Table :: SERIALIZEDON
Column Name found in Datamart and Curated Table :: USEFIXEDMATERIALPRICE
Column Name found in Datamart and Curated Table :: UNITOFMEASURE
Column Name found in Datamart and Curated Table :: ADDONMEMBERPRICE
Column Name found in Datamart and Curated Table :: ID
Column Name found in Datamart and Curated Table :: ASSETACCOUNT_ID
Column Name found in Datamart and Curated Table :: EXTERNALID
Column Name found in Datamart and Curated Table :: PAYTECHSPECIFICBONUS
Column Name found in Datamart and Curated Table :: BONUS
Column Name found in Datamart and Curated Table :: COMMISSIONBONUS
Column Name found in Datamart and Curated Table :: LOYALTYPROGRAMELIGIBLE
Column Name found in Datamart and Curated Table :: ORIGINAL_ID
Column Name found in Datamart and Curated Table :: CREATEDBY_ID
Column Name found in Datamart and Curated Table :: PURCHASEORDERLIMITS_FLATAMOUNT
Column Name found in Datamart and Curated Table :: ACTIVE
Column Name found in Datamart and Curated Table :: ADDONFLATAMOUNT
Column Name found in Datamart and Curated Table :: CATEGORY_ID
Column Name found in Datamart and Curated Table :: EXCLUDEFROMPRICEBOOKWIZARD
Column Name found in Datamart and Curated Table :: IMAGES
Column Name found in Datamart and Curated Table :: ISSERIALIZED
Column Name found in Datamart and Curated Table :: SOLDBYCOMMISSION
Column Name found in Datamart and Curated Table :: PURCHASEORDERLIMITS_REVENUEPERCENT
Column Name found in Datamart and Curated Table :: ACCOUNT
Column Name found in Datamart and Curated Table :: AVALARACOMMERCIALTAXCODE
Column Name found in Datamart and Curated Table :: INVENTORYENABLEDBY_ID
Column Name found in Datamart and Curated Table :: DISPLAYINAMOUNT
Column Name found in Datamart and Curated Table :: AUTOGLASSTYPE
Column Name found in Datamart and Curated Table :: DISPLAYNAME
Column Name found in Datamart and Curated Table :: SOURCEVERSION
Datamart tables contains additional column name like [ACTIVE_FLAG, RECORD_CREATE_DATE, RECORD_UPDATE_DATE, RECORD_UPDATE_DATE, MASTER_ID, TENANT_TYPE]
Curated tables contains additional column name like [RECORD_CREATE_DATE, RECORD_UPDATE_DATE, RECORD_UPDATED_BY, TENANT_TYPE]]]>
  </system-out>
  <testcase classname="testcases.RAW_DATAMART_CURATED.SnowFlake_ColumnValidation_BKPTables" name="validateColumnName_BKP" time="3.236">
    <failure message="The following asserts failed:
	null" type="java.lang.AssertionError">
      <![CDATA[java.lang.AssertionError: The following asserts failed:
null
at org.testng.asserts.SoftAssert.assertAll(SoftAssert.java:47)
at org.testng.asserts.SoftAssert.assertAll(SoftAssert.java:31)
at testcases.RAW_DATAMART_CURATED.SnowFlake_ColumnValidation_BKPTables.validateColumnName_BKP(SnowFlake_ColumnValidation_BKPTables.java:120)
at jdk.internal.reflect.GeneratedMethodAccessor38.invoke(Unknown Source)
at java.base/jdk.internal.reflect.DelegatingMethodAccessorImpl.invoke(DelegatingMethodAccessorImpl.java:43)
at java.base/java.lang.reflect.Method.invoke(Method.java:568)
at org.testng.internal.MethodInvocationHelper.invokeMethod(MethodInvocationHelper.java:133)
at org.testng.internal.TestInvoker.invokeMethod(TestInvoker.java:598)
at org.testng.internal.TestInvoker.invokeTestMethod(TestInvoker.java:173)
at org.testng.internal.MethodRunner.runInSequence(MethodRunner.java:46)
at org.testng.internal.TestInvoker$MethodInvocationAgent.invoke(TestInvoker.java:824)
at org.testng.internal.TestInvoker.invokeTestMethods(TestInvoker.java:146)
at org.testng.internal.TestMethodWorker.invokeTestMethods(TestMethodWorker.java:146)
at org.testng.internal.TestMethodWorker.run(TestMethodWorker.java:128)
at java.base/java.util.ArrayList.forEach(ArrayList.java:1511)
at org.testng.TestRunner.privateRun(TestRunner.java:794)
at org.testng.TestRunner.run(TestRunner.java:596)
at org.testng.SuiteRunner.runTest(SuiteRunner.java:377)
at org.testng.SuiteRunner.runSequentially(SuiteRunner.java:371)
at org.testng.SuiteRunner.privateRun(SuiteRunner.java:332)
at org.testng.SuiteRunner.run(SuiteRunner.java:276)
at org.testng.SuiteRunnerWorker.runSuite(SuiteRunnerWorker.java:53)
at org.testng.SuiteRunnerWorker.run(SuiteRunnerWorker.java:96)
at org.testng.TestNG.runSuitesSequentially(TestNG.java:1212)
at org.testng.TestNG.runSuitesLocally(TestNG.java:1134)
at org.testng.TestNG.runSuites(TestNG.java:1063)
at org.testng.TestNG.run(TestNG.java:1031)
at org.testng.remote.AbstractRemoteTestNG.run(AbstractRemoteTestNG.java:115)
at org.testng.remote.RemoteTestNG.initAndRun(RemoteTestNG.java:251)
at org.testng.remote.RemoteTestNG.main(RemoteTestNG.java:77)
]]>
    </failure>
  </testcase> <!-- validateColumnName_BKP -->
  <system-out>
    <![CDATA[Executing Snowflake query :: SELECT COLUMN_NAME FROM DEV_ENT_RAW.INFORMATION_SCHEMA.COLUMNS WHERE TABLE_NAME='JOBTYPE'and TABLE_SCHEMA='ST_CASTEEL_MATILLION'
Executing Snowflake query :: SELECT COLUMN_NAME FROM CURATED_DATAMART.INFORMATION_SCHEMA.COLUMNS WHERE TABLE_NAME='STR_JOBTYPE'and TABLE_SCHEMA='ST_BKP_CASTEEL'
Executing Snowflake query :: SELECT COLUMN_NAME FROM DEV_ENT_CURATED.INFORMATION_SCHEMA.COLUMNS WHERE TABLE_NAME='DIM_JOBTYPE'and TABLE_SCHEMA='MASTER_DIMENSIONS'
Column names for RAW Table --> JOBTYPE :: [CLASS, COMPDOUBLEOVERTIMERATE, IMPORTID, ISTUNEUP, SOLDTHRESHOLD, SUMMARY, CREATEDBY_ID, ID, NOCHARGE, MINIMUMMATERIALCOSTINPERCENT, ACTIVE, IMAGE, ISAUTODISPATCHED, MAXIMUMMATERIALCOSTINPERCENT, COMPOVERTIMERATE, COMPSTANDARDRATE, DURATION, MODIFIEDON, PRIORITY, PROJECTLABELS, ENFORCERECURRINGSERVICEEVENTSELECTION, PROJECTEDVALUEADJUSTMENT, COMPCODE, LIKELIHOOD, CREATEDON, ISSMARTDISPATCHEDBYDEFAULTINAPI, NAME]
Column names for DataMart Table --> STR_JOBTYPE :: [COMPCODE, LIKELIHOOD, NOCHARGE, COMPSTANDARDRATE, CREATEDON, ENFORCERECURRINGSERVICEEVENTSELECTION, ID, MASTER_ID, MODIFIEDON, PROJECTEDVALUEADJUSTMENT, CLASS, PROJECTLABELS, RECORD_CREATE_DATE, DURATION, IMAGE, SUMMARY, CREATEDBY_ID, ISAUTODISPATCHED, ACTIVE, IMPORTID, NAME, PRIORITY, TENANT_TYPE, COMPOVERTIMERATE, ISTUNEUP, MINIMUMMATERIALCOSTINPERCENT, COMPDOUBLEOVERTIMERATE, RECORD_UPDATE_DATE, ACTIVE_FLAG, MAXIMUMMATERIALCOSTINPERCENT, SOLDTHRESHOLD]
Column names for Curated Table --> DIM_JOBTYPE :: [COMPOVERTIMERATE, PROJECTLABELS, RECORD_UPDATED_BY, MAXIMUMMATERIALCOSTINPERCENT, SUMMARY, NAME, COMPDOUBLEOVERTIMERATE, CREATEDBY_ID, DURATION, ISAUTODISPATCHED, RECORD_UPDATE_DATE, COMPSTANDARDRATE, NOCHARGE, IMPORTID, TENANT_TYPE, ACTIVE, ENFORCERECURRINGSERVICEEVENTSELECTION, ID, ISTUNEUP, CLASS, COMPCODE, MINIMUMMATERIALCOSTINPERCENT, PRIORITY, CREATEDON, LIKELIHOOD, RECORD_CREATE_DATE, SOLDTHRESHOLD, IMAGE, MODIFIEDON, PROJECTEDVALUEADJUSTMENT]
Column Name found in Datamart and Curated Table :: CLASS
Column Name found in Datamart and Curated Table :: COMPDOUBLEOVERTIMERATE
Column Name found in Datamart and Curated Table :: IMPORTID
Column Name found in Datamart and Curated Table :: ISTUNEUP
Column Name found in Datamart and Curated Table :: SOLDTHRESHOLD
Column Name found in Datamart and Curated Table :: SUMMARY
Column Name found in Datamart and Curated Table :: CREATEDBY_ID
Column Name found in Datamart and Curated Table :: ID
Column Name found in Datamart and Curated Table :: NOCHARGE
Column Name found in Datamart and Curated Table :: MINIMUMMATERIALCOSTINPERCENT
Column Name found in Datamart and Curated Table :: ACTIVE
Column Name found in Datamart and Curated Table :: IMAGE
Column Name found in Datamart and Curated Table :: ISAUTODISPATCHED
Column Name found in Datamart and Curated Table :: MAXIMUMMATERIALCOSTINPERCENT
Column Name found in Datamart and Curated Table :: COMPOVERTIMERATE
Column Name found in Datamart and Curated Table :: COMPSTANDARDRATE
Column Name found in Datamart and Curated Table :: DURATION
Column Name found in Datamart and Curated Table :: MODIFIEDON
Column Name found in Datamart and Curated Table :: PRIORITY
Column Name found in Datamart and Curated Table :: PROJECTLABELS
Column Name found in Datamart and Curated Table :: ENFORCERECURRINGSERVICEEVENTSELECTION
Column Name found in Datamart and Curated Table :: PROJECTEDVALUEADJUSTMENT
Column Name found in Datamart and Curated Table :: COMPCODE
Column Name found in Datamart and Curated Table :: LIKELIHOOD
Column Name found in Datamart and Curated Table :: CREATEDON
Column Name not found in Datamart and Curated Table :: ISSMARTDISPATCHEDBYDEFAULTINAPI
Column Name found in Datamart and Curated Table :: NAME
Datamart tables contains additional column name like [ACTIVE_FLAG, RECORD_CREATE_DATE, RECORD_UPDATE_DATE, RECORD_UPDATE_DATE, MASTER_ID, TENANT_TYPE]
Curated tables contains additional column name like [RECORD_CREATE_DATE, RECORD_UPDATE_DATE, RECORD_UPDATED_BY, TENANT_TYPE]]]>
  </system-out>
  <testcase classname="testcases.RAW_DATAMART_CURATED.SnowFlake_ColumnValidation_BKPTables" name="validateColumnName_BKP" time="3.386"/>
  <system-out>
    <![CDATA[Executing Snowflake query :: SELECT COLUMN_NAME FROM DEV_ENT_RAW.INFORMATION_SCHEMA.COLUMNS WHERE TABLE_NAME='ESTIMATEITEM'and TABLE_SCHEMA='ST_HARP_MATILLION'
Executing Snowflake query :: SELECT COLUMN_NAME FROM CURATED_DATAMART.INFORMATION_SCHEMA.COLUMNS WHERE TABLE_NAME='STR_ESTIMATEITEM'and TABLE_SCHEMA='ST_BKP_HARP'
Executing Snowflake query :: SELECT COLUMN_NAME FROM DEV_ENT_CURATED.INFORMATION_SCHEMA.COLUMNS WHERE TABLE_NAME='DIM_ESTIMATEITEM'and TABLE_SCHEMA='MASTER_DIMENSIONS'
Column names for RAW Table --> ESTIMATEITEM :: [ACCOUNT, COST, GENERALLEDGERACCOUNT_ID, ITEMGROUPNAME, ORDER, PRICEMODIFIER_ID, UNITPRICE, PAYSFLATAMOUNT, SKUREFERENCE_SKUTYPE, CREATEDBY_ID, ITEMGROUPROOT_ID, SOLDBY_ID, SKU_ID, DESCRIPTION, ISHIDDENFROMCUSTOMER, LASTUNITPRICESETBYEMPLOYEE, MEMBERPRICE, PROJECTLABELS, SKUREFERENCE_SKUID, SCHEDULEDFLATAMOUNT, MEMBERSHIPBILLINGFREQUENCY, MEMBERSHIPDURATION, PROJECTORDER, MODIFIEDON, ACTIVE, ADDONFLATAMOUNT, CHARGEABLE, CREATEDON, DEMANDSTATUS, MARKUP, ESTIMATE_ID, INSTALLEDEQUIPMENT_ID, ISNOTGOINGTOBEDONE, PAYSSOLDBYRATE, STANDARDPRICE, CREATEDFROM_ID, QUANTITY, RENEWABLEMEMBERSHIP_ID, TAXABLE, TOTALCOST, AUTOGLASSITEM_ID, ISADDON, TOTAL, PARENTITEM_ID, ALLOWDISCOUNTS, ID, IMPORTID, INVOICEITEM_ID, COSTOFSALEACCOUNT_ID, EQUIPMENT_ID]
Column names for DataMart Table --> STR_ESTIMATEITEM :: [CREATEDFROM_ID, IMPORTID, ISADDON, ISHIDDENFROMCUSTOMER, ITEMGROUPNAME, LASTUNITPRICESETBYEMPLOYEE, ORDER, PAYSSOLDBYRATE, UNITPRICE, SKUREFERENCE_SKUID, MEMBERSHIPDURATION, TOTAL, CREATEDBY_ID, SKU_ID, TOTALCOST, ACCOUNT, ACTIVE, ACTIVE_FLAG, AUTOGLASSITEM_ID, EQUIPMENT_ID, INSTALLEDEQUIPMENT_ID, SCHEDULEDFLATAMOUNT, ID, MEMBERPRICE, ALLOWDISCOUNTS, ESTIMATE_ID, INVOICEITEM_ID, MODIFIEDON, QUANTITY, RECORD_CREATE_DATE, RECORD_UPDATE_DATE, CHARGEABLE, MARKUP, COSTOFSALEACCOUNT_ID, MEMBERSHIPBILLINGFREQUENCY, PROJECTORDER, SOLDBY_ID, TAXABLE, MASTER_ID, PAYSFLATAMOUNT, RENEWABLEMEMBERSHIP_ID, STANDARDPRICE, ISNOTGOINGTOBEDONE, PROJECTLABELS, ADDONFLATAMOUNT, COST, ITEMGROUPROOT_ID, PRICEMODIFIER_ID, SKUREFERENCE_SKUTYPE, CREATEDON, DEMANDSTATUS, DESCRIPTION, GENERALLEDGERACCOUNT_ID, TENANT_TYPE, PARENTITEM_ID]
Column names for Curated Table --> DIM_ESTIMATEITEM :: [CREATEDON, DEMANDSTATUS, MEMBERPRICE, MEMBERSHIPBILLINGFREQUENCY, MEMBERSHIPDURATION, SKUREFERENCE_SKUTYPE, ADDONFLATAMOUNT, AUTOGLASSITEM_ID, COST, ID, PAYSSOLDBYRATE, STANDARDPRICE, TENANT_TYPE, TOTAL, RECORD_CREATE_DATE, ITEMGROUPROOT_ID, PARENTITEM_ID, ORDER, PROJECTLABELS, SOLDBY_ID, PROJECTORDER, ACTIVE, ALLOWDISCOUNTS, CREATEDFROM_ID, DESCRIPTION, ESTIMATE_ID, MARKUP, ISADDON, CREATEDBY_ID, GENERALLEDGERACCOUNT_ID, INVOICEITEM_ID, PRICEMODIFIER_ID, RECORD_UPDATED_BY, SKUREFERENCE_SKUID, QUANTITY, CHARGEABLE, ISHIDDENFROMCUSTOMER, SKU_ID, COSTOFSALEACCOUNT_ID, ISNOTGOINGTOBEDONE, TOTALCOST, INSTALLEDEQUIPMENT_ID, ITEMGROUPNAME, PAYSFLATAMOUNT, TAXABLE, SCHEDULEDFLATAMOUNT, ACCOUNT, EQUIPMENT_ID, LASTUNITPRICESETBYEMPLOYEE, RENEWABLEMEMBERSHIP_ID, IMPORTID, RECORD_UPDATE_DATE, UNITPRICE, MODIFIEDON]
Column Name found in Datamart and Curated Table :: ACCOUNT
Column Name found in Datamart and Curated Table :: COST
Column Name found in Datamart and Curated Table :: GENERALLEDGERACCOUNT_ID
Column Name found in Datamart and Curated Table :: ITEMGROUPNAME
Column Name found in Datamart and Curated Table :: ORDER
Column Name found in Datamart and Curated Table :: PRICEMODIFIER_ID
Column Name found in Datamart and Curated Table :: UNITPRICE
Column Name found in Datamart and Curated Table :: PAYSFLATAMOUNT
Column Name found in Datamart and Curated Table :: SKUREFERENCE_SKUTYPE
Column Name found in Datamart and Curated Table :: CREATEDBY_ID
Column Name found in Datamart and Curated Table :: ITEMGROUPROOT_ID
Column Name found in Datamart and Curated Table :: SOLDBY_ID
Column Name found in Datamart and Curated Table :: SKU_ID
Column Name found in Datamart and Curated Table :: DESCRIPTION
Column Name found in Datamart and Curated Table :: ISHIDDENFROMCUSTOMER
Column Name found in Datamart and Curated Table :: LASTUNITPRICESETBYEMPLOYEE
Column Name found in Datamart and Curated Table :: MEMBERPRICE
Column Name found in Datamart and Curated Table :: PROJECTLABELS
Column Name found in Datamart and Curated Table :: SKUREFERENCE_SKUID
Column Name found in Datamart and Curated Table :: SCHEDULEDFLATAMOUNT
Column Name found in Datamart and Curated Table :: MEMBERSHIPBILLINGFREQUENCY
Column Name found in Datamart and Curated Table :: MEMBERSHIPDURATION
Column Name found in Datamart and Curated Table :: PROJECTORDER
Column Name found in Datamart and Curated Table :: MODIFIEDON
Column Name found in Datamart and Curated Table :: ACTIVE
Column Name found in Datamart and Curated Table :: ADDONFLATAMOUNT
Column Name found in Datamart and Curated Table :: CHARGEABLE
Column Name found in Datamart and Curated Table :: CREATEDON
Column Name found in Datamart and Curated Table :: DEMANDSTATUS
Column Name found in Datamart and Curated Table :: MARKUP
Column Name found in Datamart and Curated Table :: ESTIMATE_ID
Column Name found in Datamart and Curated Table :: INSTALLEDEQUIPMENT_ID
Column Name found in Datamart and Curated Table :: ISNOTGOINGTOBEDONE
Column Name found in Datamart and Curated Table :: PAYSSOLDBYRATE
Column Name found in Datamart and Curated Table :: STANDARDPRICE
Column Name found in Datamart and Curated Table :: CREATEDFROM_ID
Column Name found in Datamart and Curated Table :: QUANTITY
Column Name found in Datamart and Curated Table :: RENEWABLEMEMBERSHIP_ID
Column Name found in Datamart and Curated Table :: TAXABLE
Column Name found in Datamart and Curated Table :: TOTALCOST
Column Name found in Datamart and Curated Table :: AUTOGLASSITEM_ID
Column Name found in Datamart and Curated Table :: ISADDON
Column Name found in Datamart and Curated Table :: TOTAL
Column Name found in Datamart and Curated Table :: PARENTITEM_ID
Column Name found in Datamart and Curated Table :: ALLOWDISCOUNTS
Column Name found in Datamart and Curated Table :: ID
Column Name found in Datamart and Curated Table :: IMPORTID
Column Name found in Datamart and Curated Table :: INVOICEITEM_ID
Column Name found in Datamart and Curated Table :: COSTOFSALEACCOUNT_ID
Column Name found in Datamart and Curated Table :: EQUIPMENT_ID
Datamart tables contains additional column name like [ACTIVE_FLAG, RECORD_CREATE_DATE, RECORD_UPDATE_DATE, RECORD_UPDATE_DATE, MASTER_ID, TENANT_TYPE]
Curated tables contains additional column name like [RECORD_CREATE_DATE, RECORD_UPDATE_DATE, RECORD_UPDATED_BY, TENANT_TYPE]]]>
  </system-out>
  <testcase classname="testcases.RAW_DATAMART_CURATED.SnowFlake_ColumnValidation_BKPTables" name="validateColumnName_BKP" time="2.137"/>
  <system-out>
    <![CDATA[Executing Snowflake query :: SELECT COLUMN_NAME FROM DEV_ENT_RAW.INFORMATION_SCHEMA.COLUMNS WHERE TABLE_NAME='TECHNICIANSHIFT'and TABLE_SCHEMA='ST_HORIZONSERVICES_MATILLION'
Executing Snowflake query :: SELECT COLUMN_NAME FROM CURATED_DATAMART.INFORMATION_SCHEMA.COLUMNS WHERE TABLE_NAME='STR_TECHNICIANSHIFT'and TABLE_SCHEMA='ST_BKP_HORIZONSERVICES'
Executing Snowflake query :: SELECT COLUMN_NAME FROM DEV_ENT_CURATED.INFORMATION_SCHEMA.COLUMNS WHERE TABLE_NAME='DIM_TECHNICIANSHIFT'and TABLE_SCHEMA='MASTER_DIMENSIONS'
Column names for RAW Table --> TECHNICIANSHIFT :: []
Column names for DataMart Table --> STR_TECHNICIANSHIFT :: [SHIFTTYPE, TECHNICIAN_ID, TITLE, ENDTIME, MASTER_ID, RECORD_CREATE_DATE, TIMESHEETCODE_ID, CREATEDON, IMPORTID, ID, BATCH, ENDDATE, START, TIMESHEET_ID, RECORD_UPDATE_DATE, ACTIVE, ACTIVE_FLAG, CREATEDBY_ID, END, NOTE, STARTTIME, TENANT_TYPE, STARTDATE]
Column names for Curated Table --> DIM_TECHNICIANSHIFT :: [CREATEDON, TENANT_TYPE, TITLE, ACTIVE, NOTE, RECORD_CREATE_DATE, END, ID, RECORD_UPDATED_BY, TIMESHEETCODE_ID, IMPORTID, RECORD_UPDATE_DATE, STARTTIME, TECHNICIAN_ID, TIMESHEET_ID, CREATEDBY_ID, ENDDATE, START, SHIFTTYPE, BATCH, ENDTIME, STARTDATE]
Datamart tables contains additional column name like [ACTIVE_FLAG, RECORD_CREATE_DATE, RECORD_UPDATE_DATE, RECORD_UPDATE_DATE, MASTER_ID, TENANT_TYPE]
Curated tables contains additional column name like [RECORD_CREATE_DATE, RECORD_UPDATE_DATE, RECORD_UPDATED_BY, TENANT_TYPE]]]>
  </system-out>
  <testcase classname="testcases.RAW_DATAMART_CURATED.SnowFlake_ColumnValidation_BKPTables" name="validateColumnName_BKP" time="2.460"/>
  <system-out>
    <![CDATA[Executing Snowflake query :: SELECT COLUMN_NAME FROM DEV_ENT_RAW.INFORMATION_SCHEMA.COLUMNS WHERE TABLE_NAME='CATEGORY'and TABLE_SCHEMA='ST_HARP_MATILLION'
Executing Snowflake query :: SELECT COLUMN_NAME FROM CURATED_DATAMART.INFORMATION_SCHEMA.COLUMNS WHERE TABLE_NAME='STR_CATEGORY'and TABLE_SCHEMA='ST_BKP_HARP'
Executing Snowflake query :: SELECT COLUMN_NAME FROM DEV_ENT_CURATED.INFORMATION_SCHEMA.COLUMNS WHERE TABLE_NAME='DIM_CATEGORY'and TABLE_SCHEMA='MASTER_DIMENSIONS'
Column names for RAW Table --> CATEGORY :: [ACTIVE, CREATEDON, SOURCE, IMPORTID, AVALARACOMMERCIALTAXCODE, IMAGE, SOURCEVERSION, AVALARARESIDENTIALTAXCODE, NAME, SUPPLIERIMAGES, CREATEDBY_ID, ID, POSITION, SKUIMAGES, HIDEINMOBILE, DESCRIPTION, BUSINESSUNIT_ID, CATEGORYTYPE, PARENT_ID, EXTERNALID]
Column names for DataMart Table --> STR_CATEGORY :: [CREATEDON, ACTIVE_FLAG, DESCRIPTION, HIDEINMOBILE, ACTIVE, ID, IMPORTID, PARENT_ID, SUPPLIERIMAGES, RECORD_CREATE_DATE, EXTERNALID, AVALARACOMMERCIALTAXCODE, POSITION, SKUIMAGES, CREATEDBY_ID, AVALARARESIDENTIALTAXCODE, NAME, SOURCEVERSION, BUSINESSUNIT_ID, IMAGE, MASTER_ID, SOURCE, CATEGORYTYPE, RECORD_UPDATE_DATE, TENANT_TYPE]
Column names for Curated Table --> DIM_CATEGORY :: [AVALARARESIDENTIALTAXCODE, POSITION, SOURCEVERSION, IMAGE, ACTIVE, IMPORTID, NAME, SKUIMAGES, CREATEDBY_ID, PARENT_ID, SOURCE, DESCRIPTION, EXTERNALID, SUPPLIERIMAGES, AVALARACOMMERCIALTAXCODE, BUSINESSUNIT_ID, CATEGORYTYPE, ID, RECORD_UPDATE_DATE, TENANT_TYPE, RECORD_UPDATED_BY, CREATEDON, HIDEINMOBILE, RECORD_CREATE_DATE]
Column Name found in Datamart and Curated Table :: ACTIVE
Column Name found in Datamart and Curated Table :: CREATEDON
Column Name found in Datamart and Curated Table :: SOURCE
Column Name found in Datamart and Curated Table :: IMPORTID
Column Name found in Datamart and Curated Table :: AVALARACOMMERCIALTAXCODE
Column Name found in Datamart and Curated Table :: IMAGE
Column Name found in Datamart and Curated Table :: SOURCEVERSION
Column Name found in Datamart and Curated Table :: AVALARARESIDENTIALTAXCODE
Column Name found in Datamart and Curated Table :: NAME
Column Name found in Datamart and Curated Table :: SUPPLIERIMAGES
Column Name found in Datamart and Curated Table :: CREATEDBY_ID
Column Name found in Datamart and Curated Table :: ID
Column Name found in Datamart and Curated Table :: POSITION
Column Name found in Datamart and Curated Table :: SKUIMAGES
Column Name found in Datamart and Curated Table :: HIDEINMOBILE
Column Name found in Datamart and Curated Table :: DESCRIPTION
Column Name found in Datamart and Curated Table :: BUSINESSUNIT_ID
Column Name found in Datamart and Curated Table :: CATEGORYTYPE
Column Name found in Datamart and Curated Table :: PARENT_ID
Column Name found in Datamart and Curated Table :: EXTERNALID
Datamart tables contains additional column name like [ACTIVE_FLAG, RECORD_CREATE_DATE, RECORD_UPDATE_DATE, RECORD_UPDATE_DATE, MASTER_ID, TENANT_TYPE]
Curated tables contains additional column name like [RECORD_CREATE_DATE, RECORD_UPDATE_DATE, RECORD_UPDATED_BY, TENANT_TYPE]]]>
  </system-out>
  <testcase classname="testcases.RAW_DATAMART_CURATED.SnowFlake_ColumnValidation_BKPTables" name="validateColumnName_BKP" time="2.354"/>
  <system-out>
    <![CDATA[Executing Snowflake query :: SELECT COLUMN_NAME FROM DEV_ENT_RAW.INFORMATION_SCHEMA.COLUMNS WHERE TABLE_NAME='CATEGORY'and TABLE_SCHEMA='ST_GOLDMEDAL_MATILLION'
Executing Snowflake query :: SELECT COLUMN_NAME FROM CURATED_DATAMART.INFORMATION_SCHEMA.COLUMNS WHERE TABLE_NAME='STR_CATEGORY'and TABLE_SCHEMA='ST_BKP_GOLDMEDAL'
Executing Snowflake query :: SELECT COLUMN_NAME FROM DEV_ENT_CURATED.INFORMATION_SCHEMA.COLUMNS WHERE TABLE_NAME='DIM_CATEGORY'and TABLE_SCHEMA='MASTER_DIMENSIONS'
Column names for RAW Table --> CATEGORY :: [PARENT_ID, AVALARARESIDENTIALTAXCODE, CATEGORYTYPE, ID, SUPPLIERIMAGES, HIDEINMOBILE, ACTIVE, AVALARACOMMERCIALTAXCODE, NAME, EXTERNALID, SOURCE, BUSINESSUNIT_ID, CREATEDBY_ID, IMPORTID, POSITION, DESCRIPTION, SOURCEVERSION, SKUIMAGES, CREATEDON, IMAGE]
Column names for DataMart Table --> STR_CATEGORY :: [AVALARARESIDENTIALTAXCODE, RECORD_CREATE_DATE, RECORD_UPDATE_DATE, CATEGORYTYPE, AVALARACOMMERCIALTAXCODE, ID, IMAGE, DESCRIPTION, MASTER_ID, NAME, ACTIVE, ACTIVE_FLAG, EXTERNALID, CREATEDBY_ID, TENANT_TYPE, IMPORTID, BUSINESSUNIT_ID, PARENT_ID, POSITION, SKUIMAGES, SOURCE, CREATEDON, SUPPLIERIMAGES, HIDEINMOBILE, SOURCEVERSION]
Column names for Curated Table --> DIM_CATEGORY :: [AVALARARESIDENTIALTAXCODE, POSITION, SOURCEVERSION, IMAGE, ACTIVE, IMPORTID, NAME, SKUIMAGES, CREATEDBY_ID, PARENT_ID, SOURCE, DESCRIPTION, EXTERNALID, SUPPLIERIMAGES, AVALARACOMMERCIALTAXCODE, BUSINESSUNIT_ID, CATEGORYTYPE, ID, RECORD_UPDATE_DATE, TENANT_TYPE, RECORD_UPDATED_BY, CREATEDON, HIDEINMOBILE, RECORD_CREATE_DATE]
Column Name found in Datamart and Curated Table :: PARENT_ID
Column Name found in Datamart and Curated Table :: AVALARARESIDENTIALTAXCODE
Column Name found in Datamart and Curated Table :: CATEGORYTYPE
Column Name found in Datamart and Curated Table :: ID
Column Name found in Datamart and Curated Table :: SUPPLIERIMAGES
Column Name found in Datamart and Curated Table :: HIDEINMOBILE
Column Name found in Datamart and Curated Table :: ACTIVE
Column Name found in Datamart and Curated Table :: AVALARACOMMERCIALTAXCODE
Column Name found in Datamart and Curated Table :: NAME
Column Name found in Datamart and Curated Table :: EXTERNALID
Column Name found in Datamart and Curated Table :: SOURCE
Column Name found in Datamart and Curated Table :: BUSINESSUNIT_ID
Column Name found in Datamart and Curated Table :: CREATEDBY_ID
Column Name found in Datamart and Curated Table :: IMPORTID
Column Name found in Datamart and Curated Table :: POSITION
Column Name found in Datamart and Curated Table :: DESCRIPTION
Column Name found in Datamart and Curated Table :: SOURCEVERSION
Column Name found in Datamart and Curated Table :: SKUIMAGES
Column Name found in Datamart and Curated Table :: CREATEDON
Column Name found in Datamart and Curated Table :: IMAGE
Datamart tables contains additional column name like [ACTIVE_FLAG, RECORD_CREATE_DATE, RECORD_UPDATE_DATE, RECORD_UPDATE_DATE, MASTER_ID, TENANT_TYPE]
Curated tables contains additional column name like [RECORD_CREATE_DATE, RECORD_UPDATE_DATE, RECORD_UPDATED_BY, TENANT_TYPE]]]>
  </system-out>
  <testcase classname="testcases.RAW_DATAMART_CURATED.SnowFlake_ColumnValidation_BKPTables" name="validateColumnName_BKP" time="2.366"/>
  <system-out>
    <![CDATA[Executing Snowflake query :: SELECT COLUMN_NAME FROM DEV_ENT_RAW.INFORMATION_SCHEMA.COLUMNS WHERE TABLE_NAME='CONTACT'and TABLE_SCHEMA='ST_SNELLHEATINGAIR_MATILLION'
Executing Snowflake query :: SELECT COLUMN_NAME FROM CURATED_DATAMART.INFORMATION_SCHEMA.COLUMNS WHERE TABLE_NAME='STR_CONTACT'and TABLE_SCHEMA='ST_BKP_SNELLHEATINGAIR'
Executing Snowflake query :: SELECT COLUMN_NAME FROM DEV_ENT_CURATED.INFORMATION_SCHEMA.COLUMNS WHERE TABLE_NAME='DIM_CONTACT'and TABLE_SCHEMA='MASTER_DIMENSIONS'
Column names for RAW Table --> CONTACT :: [VALUE, MESSAGESENABLED, ACTIVE, CREATEDON, INVOICESTATEMENTNOTIFICATION, CREATEDBY_ID, MEMO, OWNER_ID, MARKETINGUPDATESENABLED, ID, TYPE, IMPORTID, JOBREMINDERSENABLED, MODIFIEDON, REVERSEPHONE]
Column names for DataMart Table --> STR_CONTACT :: [ACTIVE, ID, TYPE, MESSAGESENABLED, CREATEDON, MASTER_ID, TENANT_TYPE, CREATEDBY_ID, INVOICESTATEMENTNOTIFICATION, IMPORTID, MEMO, RECORD_CREATE_DATE, MODIFIEDON, ACTIVE_FLAG, JOBREMINDERSENABLED, RECORD_UPDATE_DATE, REVERSEPHONE, VALUE, OWNER_ID, MARKETINGUPDATESENABLED]
Column names for Curated Table --> DIM_CONTACT :: [MESSAGESENABLED, MODIFIEDON, CREATEDON, MEMO, OWNER_ID, CREATEDBY_ID, MARKETINGUPDATESENABLED, REVERSEPHONE, ID, IMPORTID, JOBREMINDERSENABLED, INVOICESTATEMENTNOTIFICATION, RECORD_CREATE_DATE, RECORD_UPDATED_BY, TENANT_TYPE, ACTIVE, RECORD_UPDATE_DATE, VALUE, TYPE]
Column Name found in Datamart and Curated Table :: VALUE
Column Name found in Datamart and Curated Table :: MESSAGESENABLED
Column Name found in Datamart and Curated Table :: ACTIVE
Column Name found in Datamart and Curated Table :: CREATEDON
Column Name found in Datamart and Curated Table :: INVOICESTATEMENTNOTIFICATION
Column Name found in Datamart and Curated Table :: CREATEDBY_ID
Column Name found in Datamart and Curated Table :: MEMO
Column Name found in Datamart and Curated Table :: OWNER_ID
Column Name found in Datamart and Curated Table :: MARKETINGUPDATESENABLED
Column Name found in Datamart and Curated Table :: ID
Column Name found in Datamart and Curated Table :: TYPE
Column Name found in Datamart and Curated Table :: IMPORTID
Column Name found in Datamart and Curated Table :: JOBREMINDERSENABLED
Column Name found in Datamart and Curated Table :: MODIFIEDON
Column Name found in Datamart and Curated Table :: REVERSEPHONE
Datamart tables contains additional column name like [ACTIVE_FLAG, RECORD_CREATE_DATE, RECORD_UPDATE_DATE, RECORD_UPDATE_DATE, MASTER_ID, TENANT_TYPE]
Curated tables contains additional column name like [RECORD_CREATE_DATE, RECORD_UPDATE_DATE, RECORD_UPDATED_BY, TENANT_TYPE]]]>
  </system-out>
  <testcase classname="testcases.RAW_DATAMART_CURATED.SnowFlake_ColumnValidation_BKPTables" name="validateColumnName_BKP" time="4.506">
    <failure message="The following asserts failed:
	null" type="java.lang.AssertionError">
      <![CDATA[java.lang.AssertionError: The following asserts failed:
null
at org.testng.asserts.SoftAssert.assertAll(SoftAssert.java:47)
at org.testng.asserts.SoftAssert.assertAll(SoftAssert.java:31)
at testcases.RAW_DATAMART_CURATED.SnowFlake_ColumnValidation_BKPTables.validateColumnName_BKP(SnowFlake_ColumnValidation_BKPTables.java:120)
at jdk.internal.reflect.GeneratedMethodAccessor38.invoke(Unknown Source)
at java.base/jdk.internal.reflect.DelegatingMethodAccessorImpl.invoke(DelegatingMethodAccessorImpl.java:43)
at java.base/java.lang.reflect.Method.invoke(Method.java:568)
at org.testng.internal.MethodInvocationHelper.invokeMethod(MethodInvocationHelper.java:133)
at org.testng.internal.TestInvoker.invokeMethod(TestInvoker.java:598)
at org.testng.internal.TestInvoker.invokeTestMethod(TestInvoker.java:173)
at org.testng.internal.MethodRunner.runInSequence(MethodRunner.java:46)
at org.testng.internal.TestInvoker$MethodInvocationAgent.invoke(TestInvoker.java:824)
at org.testng.internal.TestInvoker.invokeTestMethods(TestInvoker.java:146)
at org.testng.internal.TestMethodWorker.invokeTestMethods(TestMethodWorker.java:146)
at org.testng.internal.TestMethodWorker.run(TestMethodWorker.java:128)
at java.base/java.util.ArrayList.forEach(ArrayList.java:1511)
at org.testng.TestRunner.privateRun(TestRunner.java:794)
at org.testng.TestRunner.run(TestRunner.java:596)
at org.testng.SuiteRunner.runTest(SuiteRunner.java:377)
at org.testng.SuiteRunner.runSequentially(SuiteRunner.java:371)
at org.testng.SuiteRunner.privateRun(SuiteRunner.java:332)
at org.testng.SuiteRunner.run(SuiteRunner.java:276)
at org.testng.SuiteRunnerWorker.runSuite(SuiteRunnerWorker.java:53)
at org.testng.SuiteRunnerWorker.run(SuiteRunnerWorker.java:96)
at org.testng.TestNG.runSuitesSequentially(TestNG.java:1212)
at org.testng.TestNG.runSuitesLocally(TestNG.java:1134)
at org.testng.TestNG.runSuites(TestNG.java:1063)
at org.testng.TestNG.run(TestNG.java:1031)
at org.testng.remote.AbstractRemoteTestNG.run(AbstractRemoteTestNG.java:115)
at org.testng.remote.RemoteTestNG.initAndRun(RemoteTestNG.java:251)
at org.testng.remote.RemoteTestNG.main(RemoteTestNG.java:77)
]]>
    </failure>
  </testcase> <!-- validateColumnName_BKP -->
  <system-out>
    <![CDATA[Executing Snowflake query :: SELECT COLUMN_NAME FROM DEV_ENT_RAW.INFORMATION_SCHEMA.COLUMNS WHERE TABLE_NAME='JOBTYPE'and TABLE_SCHEMA='ST_SNELLHEATINGAIR_MATILLION'
Executing Snowflake query :: SELECT COLUMN_NAME FROM CURATED_DATAMART.INFORMATION_SCHEMA.COLUMNS WHERE TABLE_NAME='STR_JOBTYPE'and TABLE_SCHEMA='ST_BKP_SNELLHEATINGAIR'
Executing Snowflake query :: SELECT COLUMN_NAME FROM DEV_ENT_CURATED.INFORMATION_SCHEMA.COLUMNS WHERE TABLE_NAME='DIM_JOBTYPE'and TABLE_SCHEMA='MASTER_DIMENSIONS'
Column names for RAW Table --> JOBTYPE :: [CREATEDBY_ID, LIKELIHOOD, NAME, PROJECTEDVALUEADJUSTMENT, SOLDTHRESHOLD, ACTIVE, ISTUNEUP, DURATION, CLASS, MINIMUMMATERIALCOSTINPERCENT, NOCHARGE, PRIORITY, COMPCODE, CREATEDON, ID, ISSMARTDISPATCHEDBYDEFAULTINAPI, MODIFIEDON, PROJECTLABELS, SUMMARY, IMAGE, ISAUTODISPATCHED, MAXIMUMMATERIALCOSTINPERCENT, COMPDOUBLEOVERTIMERATE, COMPOVERTIMERATE, COMPSTANDARDRATE, ENFORCERECURRINGSERVICEEVENTSELECTION, IMPORTID]
Column names for DataMart Table --> STR_JOBTYPE :: [CREATEDON, ISTUNEUP, PROJECTLABELS, RECORD_CREATE_DATE, ACTIVE, COMPCODE, ENFORCERECURRINGSERVICEEVENTSELECTION, NAME, RECORD_UPDATE_DATE, COMPDOUBLEOVERTIMERATE, COMPOVERTIMERATE, IMAGE, CREATEDBY_ID, IMPORTID, ISAUTODISPATCHED, MAXIMUMMATERIALCOSTINPERCENT, PRIORITY, LIKELIHOOD, MINIMUMMATERIALCOSTINPERCENT, DURATION, NOCHARGE, ACTIVE_FLAG, COMPSTANDARDRATE, TENANT_TYPE, SUMMARY, CLASS, MODIFIEDON, PROJECTEDVALUEADJUSTMENT, ID, MASTER_ID, SOLDTHRESHOLD]
Column names for Curated Table --> DIM_JOBTYPE :: [COMPOVERTIMERATE, PROJECTLABELS, RECORD_UPDATED_BY, MAXIMUMMATERIALCOSTINPERCENT, SUMMARY, NAME, COMPDOUBLEOVERTIMERATE, CREATEDBY_ID, DURATION, ISAUTODISPATCHED, RECORD_UPDATE_DATE, COMPSTANDARDRATE, NOCHARGE, IMPORTID, TENANT_TYPE, ACTIVE, ENFORCERECURRINGSERVICEEVENTSELECTION, ID, ISTUNEUP, CLASS, COMPCODE, MINIMUMMATERIALCOSTINPERCENT, PRIORITY, CREATEDON, LIKELIHOOD, RECORD_CREATE_DATE, SOLDTHRESHOLD, IMAGE, MODIFIEDON, PROJECTEDVALUEADJUSTMENT]
Column Name found in Datamart and Curated Table :: CREATEDBY_ID
Column Name found in Datamart and Curated Table :: LIKELIHOOD
Column Name found in Datamart and Curated Table :: NAME
Column Name found in Datamart and Curated Table :: PROJECTEDVALUEADJUSTMENT
Column Name found in Datamart and Curated Table :: SOLDTHRESHOLD
Column Name found in Datamart and Curated Table :: ACTIVE
Column Name found in Datamart and Curated Table :: ISTUNEUP
Column Name found in Datamart and Curated Table :: DURATION
Column Name found in Datamart and Curated Table :: CLASS
Column Name found in Datamart and Curated Table :: MINIMUMMATERIALCOSTINPERCENT
Column Name found in Datamart and Curated Table :: NOCHARGE
Column Name found in Datamart and Curated Table :: PRIORITY
Column Name found in Datamart and Curated Table :: COMPCODE
Column Name found in Datamart and Curated Table :: CREATEDON
Column Name found in Datamart and Curated Table :: ID
Column Name not found in Datamart and Curated Table :: ISSMARTDISPATCHEDBYDEFAULTINAPI
Column Name found in Datamart and Curated Table :: MODIFIEDON
Column Name found in Datamart and Curated Table :: PROJECTLABELS
Column Name found in Datamart and Curated Table :: SUMMARY
Column Name found in Datamart and Curated Table :: IMAGE
Column Name found in Datamart and Curated Table :: ISAUTODISPATCHED
Column Name found in Datamart and Curated Table :: MAXIMUMMATERIALCOSTINPERCENT
Column Name found in Datamart and Curated Table :: COMPDOUBLEOVERTIMERATE
Column Name found in Datamart and Curated Table :: COMPOVERTIMERATE
Column Name found in Datamart and Curated Table :: COMPSTANDARDRATE
Column Name found in Datamart and Curated Table :: ENFORCERECURRINGSERVICEEVENTSELECTION
Column Name found in Datamart and Curated Table :: IMPORTID
Datamart tables contains additional column name like [ACTIVE_FLAG, RECORD_CREATE_DATE, RECORD_UPDATE_DATE, RECORD_UPDATE_DATE, MASTER_ID, TENANT_TYPE]
Curated tables contains additional column name like [RECORD_CREATE_DATE, RECORD_UPDATE_DATE, RECORD_UPDATED_BY, TENANT_TYPE]]]>
  </system-out>
  <testcase classname="testcases.RAW_DATAMART_CURATED.SnowFlake_ColumnValidation_BKPTables" name="validateColumnName_BKP" time="2.976"/>
  <system-out>
    <![CDATA[Executing Snowflake query :: SELECT COLUMN_NAME FROM DEV_ENT_RAW.INFORMATION_SCHEMA.COLUMNS WHERE TABLE_NAME='INVOICEITEM'and TABLE_SCHEMA='ST_BILLFENWICK_MATILLION'
Executing Snowflake query :: SELECT COLUMN_NAME FROM CURATED_DATAMART.INFORMATION_SCHEMA.COLUMNS WHERE TABLE_NAME='STR_INVOICEITEM'and TABLE_SCHEMA='ST_BKP_BILLFENWICK'
Executing Snowflake query :: SELECT COLUMN_NAME FROM DEV_ENT_CURATED.INFORMATION_SCHEMA.COLUMNS WHERE TABLE_NAME='DIM_INVOICEITEM'and TABLE_SCHEMA='MASTER_DIMENSIONS'
Column names for RAW Table --> INVOICEITEM :: [ACCOUNT, CREATEDON, HOURS, ID, MEMBERSHIPWORKFLOWACTION, PROCUREDFROMESTIMATEITEM_ID, TECHNICIANACKNOWLEDGEMENTSIGNATURE, PAYSSOLDBYRATE, SOLDBY_ID, SOLDBYCOMMISSION, SOURCETYPE, LASTUNITPRICESETBYEMPLOYEE, TAXABLE, TOTAL, ADDONFLATAMOUNT, PROJECTORDER, ALLOWDISCOUNTS, BASERATE1, BONUS, COST, ESTIMATEITEM_ID, UNITPRICE, DESCRIPTION, ISOTTASK, PAYSCOMMISSION, PROCUREMENTSOURCE_ESTIMATEITEMID, PROCUREMENTSOURCE_PURCHASEORDERITEMID, TECHNICIANFORBASERATE2_ID, BASERATE3, ISINVENTORY, MEMBERPRICE, PAYSFLATAMOUNT, PROJECTLABELS, SCHEDULEDFLATAMOUNT, STANDARDPRICE, TECHNICIANSPLIT1, WORKFLOWACTION_ID, PROCUREDFROM_ID, CREATEDBY_ID, ISUNITPRICEMANUALLYSET, ORDER, PARENTITEM_ID, SIGNATURE, BUSINESSUNIT_ID, INVENTORYBATCH_ID, INVENTORYWAREHOUSENAME, PRICEMODIFIER_ID, PROCUREMENTSOURCE_SOURCETYPE, SOLDHOURS, TECHNICIANFORBASERATE3_ID, ACTIVE, COSTOFSALEACCOUNT_ID, DATECREATED, EQUIPMENT_ID, INVENTORYLOCATION_ID, SKUNAME, USEDMATERIAL_ID, BASERATE2, DEDUCTASJOBCOST, EXPORTID, ISADDON, MARKUP, QUANTITY, INVENTORYSTATUS, TECHNICIANSPLIT3, TECHNICIANFORBASERATE1_ID, TECHNICIANSPLIT2, ITEMGROUPNAME, MODIFIEDON, NOTAX, SKU_ID, SKUREFERENCE_SKUID, PROCUREMENTSOURCE_REQUISITIONITEMID, SKUREFERENCE_SKUTYPE, TOTALCOST, INVOICE_ID, PAYTECHSPECIFICBONUS, ITEMGROUPROOT_ID, AUTOGLASSITEM_ID, CHARGEABLE, COMMISSIONBONUS, CROSSSALEGROUP, GENERALLEDGERACCOUNT_ID, TECHNICIAN_ID, DISPLAYINAMOUNT, IMPORTID]
Column names for DataMart Table --> STR_INVOICEITEM :: [ACTIVE, COST, HOURS, INVENTORYSTATUS, MEMBERPRICE, PROCUREMENTSOURCE_PURCHASEORDERITEMID, PROCUREMENTSOURCE_SOURCETYPE, PROJECTORDER, TECHNICIANSPLIT3, USEDMATERIAL_ID, SCHEDULEDFLATAMOUNT, BASERATE3, BUSINESSUNIT_ID, COMMISSIONBONUS, DESCRIPTION, LASTUNITPRICESETBYEMPLOYEE, PAYSFLATAMOUNT, SIGNATURE, SKUREFERENCE_SKUID, UNITPRICE, BASERATE1, BASERATE2, CREATEDBY_ID, IMPORTID, INVENTORYBATCH_ID, INVOICE_ID, PRICEMODIFIER_ID, EQUIPMENT_ID, ID, SKUNAME, SKU_ID, TECHNICIANFORBASERATE1_ID, TOTAL, DATECREATED, EXPORTID, PROCUREDFROMESTIMATEITEM_ID, PROCUREMENTSOURCE_REQUISITIONITEMID, ACTIVE_FLAG, ADDONFLATAMOUNT, CREATEDON, ISINVENTORY, WORKFLOWACTION_ID, AUTOGLASSITEM_ID, STANDARDPRICE, TECHNICIAN_ID, PAYTECHSPECIFICBONUS, TECHNICIANACKNOWLEDGEMENTSIGNATURE, TAXABLE, RECORD_CREATE_DATE, SOLDHOURS, TECHNICIANFORBASERATE2_ID, TENANT_TYPE, ISUNITPRICEMANUALLYSET, MEMBERSHIPWORKFLOWACTION, PROJECTLABELS, QUANTITY, RECORD_UPDATE_DATE, SOLDBY_ID, CROSSSALEGROUP, INVENTORYWAREHOUSENAME, ISADDON, MODIFIEDON, PROCUREDFROM_ID, TECHNICIANFORBASERATE3_ID, DISPLAYINAMOUNT, ISOTTASK, PROCUREMENTSOURCE_ESTIMATEITEMID, ALLOWDISCOUNTS, CHARGEABLE, COSTOFSALEACCOUNT_ID, ESTIMATEITEM_ID, PARENTITEM_ID, DEDUCTASJOBCOST, NOTAX, ORDER, SOLDBYCOMMISSION, SOURCETYPE, TECHNICIANSPLIT2, ACCOUNT, BONUS, GENERALLEDGERACCOUNT_ID, ITEMGROUPNAME, MASTER_ID, PAYSSOLDBYRATE, INVENTORYLOCATION_ID, ITEMGROUPROOT_ID, MARKUP, PAYSCOMMISSION, SKUREFERENCE_SKUTYPE, TECHNICIANSPLIT1, TOTALCOST]
Column names for Curated Table --> DIM_INVOICEITEM :: [BASERATE2, COST, CROSSSALEGROUP, ISOTTASK, MEMBERPRICE, ORDER, QUANTITY, TOTALCOST, ISUNITPRICEMANUALLYSET, PARENTITEM_ID, PAYSSOLDBYRATE, PAYSCOMMISSION, GENERALLEDGERACCOUNT_ID, BASERATE1, INVENTORYBATCH_ID, INVOICE_ID, SKUREFERENCE_SKUID, BASERATE3, EXPORTID, ISINVENTORY, SKU_ID, INVENTORYSTATUS, SOLDHOURS, TECHNICIAN_ID, TECHNICIANFORBASERATE2_ID, ACCOUNT, ALLOWDISCOUNTS, COMMISSIONBONUS, CREATEDON, IMPORTID, ISADDON, PROCUREMENTSOURCE_SOURCETYPE, NOTAX, PROJECTLABELS, SOLDBY_ID, TECHNICIANFORBASERATE1_ID, TECHNICIANSPLIT1, PAYSFLATAMOUNT, UNITPRICE, BONUS, COSTOFSALEACCOUNT_ID, CREATEDBY_ID, DISPLAYINAMOUNT, PAYTECHSPECIFICBONUS, PRICEMODIFIER_ID, TECHNICIANACKNOWLEDGEMENTSIGNATURE, TECHNICIANSPLIT3, PROCUREMENTSOURCE_PURCHASEORDERITEMID, PROCUREMENTSOURCE_REQUISITIONITEMID, PROJECTORDER, DATECREATED, TECHNICIANFORBASERATE3_ID, ACTIVE, ADDONFLATAMOUNT, BUSINESSUNIT_ID, CHARGEABLE, EQUIPMENT_ID, INVENTORYLOCATION_ID, INVENTORYWAREHOUSENAME, ITEMGROUPNAME, ITEMGROUPROOT_ID, RECORD_UPDATE_DATE, MODIFIEDON, PROCUREDFROM_ID, SCHEDULEDFLATAMOUNT, PROCUREMENTSOURCE_ESTIMATEITEMID, TAXABLE, PROCUREDFROMESTIMATEITEM_ID, AUTOGLASSITEM_ID, HOURS, LASTUNITPRICESETBYEMPLOYEE, MARKUP, USEDMATERIAL_ID, MEMBERSHIPWORKFLOWACTION, SKUREFERENCE_SKUTYPE, SOLDBYCOMMISSION, SOURCETYPE, RECORD_UPDATED_BY, WORKFLOWACTION_ID, DEDUCTASJOBCOST, DESCRIPTION, ESTIMATEITEM_ID, STANDARDPRICE, TECHNICIANSPLIT2, TOTAL, ID, RECORD_CREATE_DATE, SIGNATURE, SKUNAME, TENANT_TYPE]
Column Name found in Datamart and Curated Table :: ACCOUNT
Column Name found in Datamart and Curated Table :: CREATEDON
Column Name found in Datamart and Curated Table :: HOURS
Column Name found in Datamart and Curated Table :: ID
Column Name found in Datamart and Curated Table :: MEMBERSHIPWORKFLOWACTION
Column Name found in Datamart and Curated Table :: PROCUREDFROMESTIMATEITEM_ID
Column Name found in Datamart and Curated Table :: TECHNICIANACKNOWLEDGEMENTSIGNATURE
Column Name found in Datamart and Curated Table :: PAYSSOLDBYRATE
Column Name found in Datamart and Curated Table :: SOLDBY_ID
Column Name found in Datamart and Curated Table :: SOLDBYCOMMISSION
Column Name found in Datamart and Curated Table :: SOURCETYPE
Column Name found in Datamart and Curated Table :: LASTUNITPRICESETBYEMPLOYEE
Column Name found in Datamart and Curated Table :: TAXABLE
Column Name found in Datamart and Curated Table :: TOTAL
Column Name found in Datamart and Curated Table :: ADDONFLATAMOUNT
Column Name found in Datamart and Curated Table :: PROJECTORDER
Column Name found in Datamart and Curated Table :: ALLOWDISCOUNTS
Column Name found in Datamart and Curated Table :: BASERATE1
Column Name found in Datamart and Curated Table :: BONUS
Column Name found in Datamart and Curated Table :: COST
Column Name found in Datamart and Curated Table :: ESTIMATEITEM_ID
Column Name found in Datamart and Curated Table :: UNITPRICE
Column Name found in Datamart and Curated Table :: DESCRIPTION
Column Name found in Datamart and Curated Table :: ISOTTASK
Column Name found in Datamart and Curated Table :: PAYSCOMMISSION
Column Name found in Datamart and Curated Table :: PROCUREMENTSOURCE_ESTIMATEITEMID
Column Name found in Datamart and Curated Table :: PROCUREMENTSOURCE_PURCHASEORDERITEMID
Column Name found in Datamart and Curated Table :: TECHNICIANFORBASERATE2_ID
Column Name found in Datamart and Curated Table :: BASERATE3
Column Name found in Datamart and Curated Table :: ISINVENTORY
Column Name found in Datamart and Curated Table :: MEMBERPRICE
Column Name found in Datamart and Curated Table :: PAYSFLATAMOUNT
Column Name found in Datamart and Curated Table :: PROJECTLABELS
Column Name found in Datamart and Curated Table :: SCHEDULEDFLATAMOUNT
Column Name found in Datamart and Curated Table :: STANDARDPRICE
Column Name found in Datamart and Curated Table :: TECHNICIANSPLIT1
Column Name found in Datamart and Curated Table :: WORKFLOWACTION_ID
Column Name found in Datamart and Curated Table :: PROCUREDFROM_ID
Column Name found in Datamart and Curated Table :: CREATEDBY_ID
Column Name found in Datamart and Curated Table :: ISUNITPRICEMANUALLYSET
Column Name found in Datamart and Curated Table :: ORDER
Column Name found in Datamart and Curated Table :: PARENTITEM_ID
Column Name found in Datamart and Curated Table :: SIGNATURE
Column Name found in Datamart and Curated Table :: BUSINESSUNIT_ID
Column Name found in Datamart and Curated Table :: INVENTORYBATCH_ID
Column Name found in Datamart and Curated Table :: INVENTORYWAREHOUSENAME
Column Name found in Datamart and Curated Table :: PRICEMODIFIER_ID
Column Name found in Datamart and Curated Table :: PROCUREMENTSOURCE_SOURCETYPE
Column Name found in Datamart and Curated Table :: SOLDHOURS
Column Name found in Datamart and Curated Table :: TECHNICIANFORBASERATE3_ID
Column Name found in Datamart and Curated Table :: ACTIVE
Column Name found in Datamart and Curated Table :: COSTOFSALEACCOUNT_ID
Column Name found in Datamart and Curated Table :: DATECREATED
Column Name found in Datamart and Curated Table :: EQUIPMENT_ID
Column Name found in Datamart and Curated Table :: INVENTORYLOCATION_ID
Column Name found in Datamart and Curated Table :: SKUNAME
Column Name found in Datamart and Curated Table :: USEDMATERIAL_ID
Column Name found in Datamart and Curated Table :: BASERATE2
Column Name found in Datamart and Curated Table :: DEDUCTASJOBCOST
Column Name found in Datamart and Curated Table :: EXPORTID
Column Name found in Datamart and Curated Table :: ISADDON
Column Name found in Datamart and Curated Table :: MARKUP
Column Name found in Datamart and Curated Table :: QUANTITY
Column Name found in Datamart and Curated Table :: INVENTORYSTATUS
Column Name found in Datamart and Curated Table :: TECHNICIANSPLIT3
Column Name found in Datamart and Curated Table :: TECHNICIANFORBASERATE1_ID
Column Name found in Datamart and Curated Table :: TECHNICIANSPLIT2
Column Name found in Datamart and Curated Table :: ITEMGROUPNAME
Column Name found in Datamart and Curated Table :: MODIFIEDON
Column Name found in Datamart and Curated Table :: NOTAX
Column Name found in Datamart and Curated Table :: SKU_ID
Column Name found in Datamart and Curated Table :: SKUREFERENCE_SKUID
Column Name found in Datamart and Curated Table :: PROCUREMENTSOURCE_REQUISITIONITEMID
Column Name found in Datamart and Curated Table :: SKUREFERENCE_SKUTYPE
Column Name found in Datamart and Curated Table :: TOTALCOST
Column Name found in Datamart and Curated Table :: INVOICE_ID
Column Name found in Datamart and Curated Table :: PAYTECHSPECIFICBONUS
Column Name found in Datamart and Curated Table :: ITEMGROUPROOT_ID
Column Name found in Datamart and Curated Table :: AUTOGLASSITEM_ID
Column Name found in Datamart and Curated Table :: CHARGEABLE
Column Name found in Datamart and Curated Table :: COMMISSIONBONUS
Column Name found in Datamart and Curated Table :: CROSSSALEGROUP
Column Name found in Datamart and Curated Table :: GENERALLEDGERACCOUNT_ID
Column Name found in Datamart and Curated Table :: TECHNICIAN_ID
Column Name found in Datamart and Curated Table :: DISPLAYINAMOUNT
Column Name found in Datamart and Curated Table :: IMPORTID
Datamart tables contains additional column name like [ACTIVE_FLAG, RECORD_CREATE_DATE, RECORD_UPDATE_DATE, RECORD_UPDATE_DATE, MASTER_ID, TENANT_TYPE]
Curated tables contains additional column name like [RECORD_CREATE_DATE, RECORD_UPDATE_DATE, RECORD_UPDATED_BY, TENANT_TYPE]]]>
  </system-out>
  <testcase classname="testcases.RAW_DATAMART_CURATED.SnowFlake_ColumnValidation_BKPTables" name="validateColumnName_BKP" time="2.561"/>
  <system-out>
    <![CDATA[Executing Snowflake query :: SELECT COLUMN_NAME FROM DEV_ENT_RAW.INFORMATION_SCHEMA.COLUMNS WHERE TABLE_NAME='ZONE'and TABLE_SCHEMA='ST_EANESHEATING_MATILLION'
Executing Snowflake query :: SELECT COLUMN_NAME FROM CURATED_DATAMART.INFORMATION_SCHEMA.COLUMNS WHERE TABLE_NAME='STR_ZONE'and TABLE_SCHEMA='ST_BKP_EANESHEATING'
Executing Snowflake query :: SELECT COLUMN_NAME FROM DEV_ENT_CURATED.INFORMATION_SCHEMA.COLUMNS WHERE TABLE_NAME='DIM_ZONE'and TABLE_SCHEMA='MASTER_DIMENSIONS'
Column names for RAW Table --> ZONE :: [ID, TERRITORYNUMBERS, CREATEDBY_ID, CITIES, MAXDRIVETIMEADJUSTMENT, NAME, IMPORTID, ACTIVE, CREATEDON, SERVICEDAYS, LOCNNUMBERS, COLOR, MODIFIEDON, ZIPS, SERVICEDAYSENABLED]
Column names for DataMart Table --> STR_ZONE :: [MODIFIEDON, TERRITORYNUMBERS, LOCNNUMBERS, MAXDRIVETIMEADJUSTMENT, NAME, CITIES, CREATEDBY_ID, SERVICEDAYSENABLED, COLOR, TENANT_TYPE, ACTIVE_FLAG, MASTER_ID, SERVICEDAYS, ID, CREATEDON, ACTIVE, RECORD_CREATE_DATE, RECORD_UPDATE_DATE, IMPORTID, ZIPS]
Column names for Curated Table --> DIM_ZONE :: [CREATEDON, ID, ZIPS, CITIES, IMPORTID, LOCNNUMBERS, MODIFIEDON, NAME, SERVICEDAYS, TENANT_TYPE, MAXDRIVETIMEADJUSTMENT, TERRITORYNUMBERS, RECORD_CREATE_DATE, ACTIVE, CREATEDBY_ID, SERVICEDAYSENABLED, RECORD_UPDATE_DATE, COLOR, RECORD_UPDATED_BY]
Column Name found in Datamart and Curated Table :: ID
Column Name found in Datamart and Curated Table :: TERRITORYNUMBERS
Column Name found in Datamart and Curated Table :: CREATEDBY_ID
Column Name found in Datamart and Curated Table :: CITIES
Column Name found in Datamart and Curated Table :: MAXDRIVETIMEADJUSTMENT
Column Name found in Datamart and Curated Table :: NAME
Column Name found in Datamart and Curated Table :: IMPORTID
Column Name found in Datamart and Curated Table :: ACTIVE
Column Name found in Datamart and Curated Table :: CREATEDON
Column Name found in Datamart and Curated Table :: SERVICEDAYS
Column Name found in Datamart and Curated Table :: LOCNNUMBERS
Column Name found in Datamart and Curated Table :: COLOR
Column Name found in Datamart and Curated Table :: MODIFIEDON
Column Name found in Datamart and Curated Table :: ZIPS
Column Name found in Datamart and Curated Table :: SERVICEDAYSENABLED
Datamart tables contains additional column name like [ACTIVE_FLAG, RECORD_CREATE_DATE, RECORD_UPDATE_DATE, RECORD_UPDATE_DATE, MASTER_ID, TENANT_TYPE]
Curated tables contains additional column name like [RECORD_CREATE_DATE, RECORD_UPDATE_DATE, RECORD_UPDATED_BY, TENANT_TYPE]]]>
  </system-out>
  <testcase classname="testcases.RAW_DATAMART_CURATED.SnowFlake_ColumnValidation_BKPTables" name="validateColumnName_BKP" time="2.251"/>
  <system-out>
    <![CDATA[Executing Snowflake query :: SELECT COLUMN_NAME FROM DEV_ENT_RAW.INFORMATION_SCHEMA.COLUMNS WHERE TABLE_NAME='EMPLOYEE'and TABLE_SCHEMA='ST_MAITZ_MATILLION'
Executing Snowflake query :: SELECT COLUMN_NAME FROM CURATED_DATAMART.INFORMATION_SCHEMA.COLUMNS WHERE TABLE_NAME='STR_EMPLOYEE'and TABLE_SCHEMA='ST_BKP_MAITZ'
Executing Snowflake query :: SELECT COLUMN_NAME FROM DEV_ENT_CURATED.INFORMATION_SCHEMA.COLUMNS WHERE TABLE_NAME='DIM_EMPLOYEE'and TABLE_SCHEMA='MASTER_DIMENSIONS'
Column names for RAW Table --> EMPLOYEE :: [CREATEDBY_ID, FIRSTNAME, HOME_STATE, PAYFREQUENCY_ID, HOME_ZIP, BIRTHDATE, EMAIL, ISEXCLUDEDFROMPAYROLL, LASTNAME, MOBILEPHONE, USER_ID, PHONE, ACTIVE, MOBILEPHONECONFIRMED, OVERTIMEPROFILE_ID, HOME_LONGITUDE, AGENTID, EMAILCONFIRMED, HOME_ISMANUALCOORDINATES, PAYROLLID, POSITION, ISEXTERNAL, PHONECONFIRMED, HOME_STREET, PHOTO, CREATEDON, HOME_CITY, MODIFIEDON, NAME, PAYROLLSTARTPERIOD, IMPORTID, MIDDLENAME, OVERTIMEMODE, STARTDATE, HOME_COUNTRY, HOURLYRATE, MANAGER_ID, PAYROLLBUSINESSUNIT_ID, SALESFORCECONTACTID, SALESFORCEROLE, CLOCKINOUTREMINDER, HOME_ISMILITARY, HOME_LATITUDE, ID, HOME_UNIT]
Column names for DataMart Table --> STR_EMPLOYEE :: [HOME_LONGITUDE, LASTNAME, NAME, POSITION, USER_ID, HOURLYRATE, RECORD_UPDATE_DATE, SALESFORCECONTACTID, ID, ACTIVE, FIRSTNAME, MOBILEPHONE, ACTIVE_FLAG, CREATEDON, OVERTIMEPROFILE_ID, EMAIL, MASTER_ID, PAYFREQUENCY_ID, PAYROLLSTARTPERIOD, RECORD_CREATE_DATE, AGENTID, HOME_UNIT, OVERTIMEMODE, CLOCKINOUTREMINDER, HOME_STREET, HOME_ZIP, PHOTO, HOME_ISMANUALCOORDINATES, CREATEDBY_ID, HOME_CITY, MANAGER_ID, MODIFIEDON, PAYROLLBUSINESSUNIT_ID, ISEXTERNAL, PHONECONFIRMED, HOME_COUNTRY, HOME_ISMILITARY, HOME_LATITUDE, MIDDLENAME, PAYROLLID, SALESFORCEROLE, STARTDATE, TENANT_TYPE, PHONE, BIRTHDATE, EMAILCONFIRMED, HOME_STATE, IMPORTID, ISEXCLUDEDFROMPAYROLL, MOBILEPHONECONFIRMED]
Column names for Curated Table --> DIM_EMPLOYEE :: [CREATEDON, EMAIL, HOME_COUNTRY, HOME_ISMILITARY, PAYROLLID, PHONECONFIRMED, PAYROLLSTARTPERIOD, STARTDATE, PHONE, EMAILCONFIRMED, MOBILEPHONE, PAYFREQUENCY_ID, USER_ID, HOME_STATE, ISEXTERNAL, SALESFORCEROLE, CLOCKINOUTREMINDER, OVERTIMEMODE, ACTIVE, FIRSTNAME, HOURLYRATE, ISEXCLUDEDFROMPAYROLL, PAYROLLBUSINESSUNIT_ID, SALESFORCECONTACTID, AGENTID, CREATEDBY_ID, MANAGER_ID, HOME_ZIP, ID, IMPORTID, MODIFIEDON, PHOTO, RECORD_CREATE_DATE, BIRTHDATE, HOME_LATITUDE, HOME_STREET, POSITION, MOBILEPHONECONFIRMED, RECORD_UPDATED_BY, HOME_CITY, HOME_ISMANUALCOORDINATES, HOME_LONGITUDE, HOME_UNIT, LASTNAME, MIDDLENAME, TENANT_TYPE, NAME, RECORD_UPDATE_DATE, OVERTIMEPROFILE_ID]
Column Name found in Datamart and Curated Table :: CREATEDBY_ID
Column Name found in Datamart and Curated Table :: FIRSTNAME
Column Name found in Datamart and Curated Table :: HOME_STATE
Column Name found in Datamart and Curated Table :: PAYFREQUENCY_ID
Column Name found in Datamart and Curated Table :: HOME_ZIP
Column Name found in Datamart and Curated Table :: BIRTHDATE
Column Name found in Datamart and Curated Table :: EMAIL
Column Name found in Datamart and Curated Table :: ISEXCLUDEDFROMPAYROLL
Column Name found in Datamart and Curated Table :: LASTNAME
Column Name found in Datamart and Curated Table :: MOBILEPHONE
Column Name found in Datamart and Curated Table :: USER_ID
Column Name found in Datamart and Curated Table :: PHONE
Column Name found in Datamart and Curated Table :: ACTIVE
Column Name found in Datamart and Curated Table :: MOBILEPHONECONFIRMED
Column Name found in Datamart and Curated Table :: OVERTIMEPROFILE_ID
Column Name found in Datamart and Curated Table :: HOME_LONGITUDE
Column Name found in Datamart and Curated Table :: AGENTID
Column Name found in Datamart and Curated Table :: EMAILCONFIRMED
Column Name found in Datamart and Curated Table :: HOME_ISMANUALCOORDINATES
Column Name found in Datamart and Curated Table :: PAYROLLID
Column Name found in Datamart and Curated Table :: POSITION
Column Name found in Datamart and Curated Table :: ISEXTERNAL
Column Name found in Datamart and Curated Table :: PHONECONFIRMED
Column Name found in Datamart and Curated Table :: HOME_STREET
Column Name found in Datamart and Curated Table :: PHOTO
Column Name found in Datamart and Curated Table :: CREATEDON
Column Name found in Datamart and Curated Table :: HOME_CITY
Column Name found in Datamart and Curated Table :: MODIFIEDON
Column Name found in Datamart and Curated Table :: NAME
Column Name found in Datamart and Curated Table :: PAYROLLSTARTPERIOD
Column Name found in Datamart and Curated Table :: IMPORTID
Column Name found in Datamart and Curated Table :: MIDDLENAME
Column Name found in Datamart and Curated Table :: OVERTIMEMODE
Column Name found in Datamart and Curated Table :: STARTDATE
Column Name found in Datamart and Curated Table :: HOME_COUNTRY
Column Name found in Datamart and Curated Table :: HOURLYRATE
Column Name found in Datamart and Curated Table :: MANAGER_ID
Column Name found in Datamart and Curated Table :: PAYROLLBUSINESSUNIT_ID
Column Name found in Datamart and Curated Table :: SALESFORCECONTACTID
Column Name found in Datamart and Curated Table :: SALESFORCEROLE
Column Name found in Datamart and Curated Table :: CLOCKINOUTREMINDER
Column Name found in Datamart and Curated Table :: HOME_ISMILITARY
Column Name found in Datamart and Curated Table :: HOME_LATITUDE
Column Name found in Datamart and Curated Table :: ID
Column Name found in Datamart and Curated Table :: HOME_UNIT
Datamart tables contains additional column name like [ACTIVE_FLAG, RECORD_CREATE_DATE, RECORD_UPDATE_DATE, RECORD_UPDATE_DATE, MASTER_ID, TENANT_TYPE]
Curated tables contains additional column name like [RECORD_CREATE_DATE, RECORD_UPDATE_DATE, RECORD_UPDATED_BY, TENANT_TYPE]]]>
  </system-out>
  <testcase classname="testcases.RAW_DATAMART_CURATED.SnowFlake_ColumnValidation_BKPTables" name="validateColumnName_BKP" time="3.580"/>
  <system-out>
    <![CDATA[Executing Snowflake query :: SELECT COLUMN_NAME FROM DEV_ENT_RAW.INFORMATION_SCHEMA.COLUMNS WHERE TABLE_NAME='PAYMENT'and TABLE_SCHEMA='ST_HUTCHINSON_MATILLION'
Executing Snowflake query :: SELECT COLUMN_NAME FROM CURATED_DATAMART.INFORMATION_SCHEMA.COLUMNS WHERE TABLE_NAME='STR_PAYMENT'and TABLE_SCHEMA='ST_BKP_HUTCHINSON'
Executing Snowflake query :: SELECT COLUMN_NAME FROM DEV_ENT_CURATED.INFORMATION_SCHEMA.COLUMNS WHERE TABLE_NAME='DIM_PAYMENT'and TABLE_SCHEMA='MASTER_DIMENSIONS'
Column names for RAW Table --> PAYMENT :: [CREDITAVAILABLE, IMPORTID, ACTIVE, AGREEMENTLANGUAGE, AMOUNT, AUTHORIZATIONSIGNATURE, BATCH_ID, DEFERREDINTEREST, NUMBER, BUSINESSUNIT_ID, EXPORTID, EXTERNALID, METHOD, TYPE_ID, APPLIEDON, ID, MEMO, PROJECT_ID, UNAPPLIEDAMOUNT, ESTIMATE_ID, PAIDON, TRANSACTION, CUSTOMER_ID, REFUNDEDAMOUNT, CREATEDBY_ID, CREATEDON, FINANCINGOPERATOR, STATUS, SETTLEMENTDATE, INVOICE_ID, SETTLEMENTSTATUS, TRANSACTIONSTATUS, PAYMENTDATE, CHECKNUMBER, MODIFIEDON, SOURCE, STOREDPAYMENT_ID]
Column names for DataMart Table --> STR_PAYMENT :: [BUSINESSUNIT_ID, CREATEDON, CREATEDBY_ID, INVOICE_ID, RECORD_UPDATE_DATE, SETTLEMENTSTATUS, UNAPPLIEDAMOUNT, MASTER_ID, AUTHORIZATIONSIGNATURE, ESTIMATE_ID, FINANCINGOPERATOR, ACTIVE, BATCH_ID, CREDITAVAILABLE, CUSTOMER_ID, IMPORTID, METHOD, NUMBER, REFUNDEDAMOUNT, STOREDPAYMENT_ID, ACTIVE_FLAG, DEFERREDINTEREST, SETTLEMENTDATE, STATUS, TRANSACTIONSTATUS, APPLIEDON, RECORD_CREATE_DATE, TENANT_TYPE, TYPE_ID, EXTERNALID, ID, AGREEMENTLANGUAGE, AMOUNT, MODIFIEDON, SOURCE, TRANSACTION, CHECKNUMBER, EXPORTID, MEMO, PAYMENTDATE, PAIDON, PROJECT_ID]
Column names for Curated Table --> DIM_PAYMENT :: [DEFERREDINTEREST, PAIDON, SOURCE, TENANT_TYPE, PAYMENTDATE, TYPE_ID, ACTIVE, INVOICE_ID, ESTIMATE_ID, UNAPPLIEDAMOUNT, STATUS, CREATEDBY_ID, CUSTOMER_ID, EXPORTID, IMPORTID, TRANSACTION, MEMO, RECORD_UPDATE_DATE, TRANSACTIONSTATUS, AMOUNT, AUTHORIZATIONSIGNATURE, CHECKNUMBER, MODIFIEDON, EXTERNALID, PROJECT_ID, APPLIEDON, BATCH_ID, CREATEDON, FINANCINGOPERATOR, ID, RECORD_UPDATED_BY, REFUNDEDAMOUNT, SETTLEMENTSTATUS, BUSINESSUNIT_ID, METHOD, AGREEMENTLANGUAGE, CREDITAVAILABLE, NUMBER, RECORD_CREATE_DATE, SETTLEMENTDATE, STOREDPAYMENT_ID]
Column Name found in Datamart and Curated Table :: CREDITAVAILABLE
Column Name found in Datamart and Curated Table :: IMPORTID
Column Name found in Datamart and Curated Table :: ACTIVE
Column Name found in Datamart and Curated Table :: AGREEMENTLANGUAGE
Column Name found in Datamart and Curated Table :: AMOUNT
Column Name found in Datamart and Curated Table :: AUTHORIZATIONSIGNATURE
Column Name found in Datamart and Curated Table :: BATCH_ID
Column Name found in Datamart and Curated Table :: DEFERREDINTEREST
Column Name found in Datamart and Curated Table :: NUMBER
Column Name found in Datamart and Curated Table :: BUSINESSUNIT_ID
Column Name found in Datamart and Curated Table :: EXPORTID
Column Name found in Datamart and Curated Table :: EXTERNALID
Column Name found in Datamart and Curated Table :: METHOD
Column Name found in Datamart and Curated Table :: TYPE_ID
Column Name found in Datamart and Curated Table :: APPLIEDON
Column Name found in Datamart and Curated Table :: ID
Column Name found in Datamart and Curated Table :: MEMO
Column Name found in Datamart and Curated Table :: PROJECT_ID
Column Name found in Datamart and Curated Table :: UNAPPLIEDAMOUNT
Column Name found in Datamart and Curated Table :: ESTIMATE_ID
Column Name found in Datamart and Curated Table :: PAIDON
Column Name found in Datamart and Curated Table :: TRANSACTION
Column Name found in Datamart and Curated Table :: CUSTOMER_ID
Column Name found in Datamart and Curated Table :: REFUNDEDAMOUNT
Column Name found in Datamart and Curated Table :: CREATEDBY_ID
Column Name found in Datamart and Curated Table :: CREATEDON
Column Name found in Datamart and Curated Table :: FINANCINGOPERATOR
Column Name found in Datamart and Curated Table :: STATUS
Column Name found in Datamart and Curated Table :: SETTLEMENTDATE
Column Name found in Datamart and Curated Table :: INVOICE_ID
Column Name found in Datamart and Curated Table :: SETTLEMENTSTATUS
Column Name found in Datamart and Curated Table :: TRANSACTIONSTATUS
Column Name found in Datamart and Curated Table :: PAYMENTDATE
Column Name found in Datamart and Curated Table :: CHECKNUMBER
Column Name found in Datamart and Curated Table :: MODIFIEDON
Column Name found in Datamart and Curated Table :: SOURCE
Column Name found in Datamart and Curated Table :: STOREDPAYMENT_ID
Datamart tables contains additional column name like [ACTIVE_FLAG, RECORD_CREATE_DATE, RECORD_UPDATE_DATE, RECORD_UPDATE_DATE, MASTER_ID, TENANT_TYPE]
Curated tables contains additional column name like [RECORD_CREATE_DATE, RECORD_UPDATE_DATE, RECORD_UPDATED_BY, TENANT_TYPE]]]>
  </system-out>
  <testcase classname="testcases.RAW_DATAMART_CURATED.SnowFlake_ColumnValidation_BKPTables" name="validateColumnName_BKP" time="2.362"/>
  <system-out>
    <![CDATA[Executing Snowflake query :: SELECT COLUMN_NAME FROM DEV_ENT_RAW.INFORMATION_SCHEMA.COLUMNS WHERE TABLE_NAME='EMPLOYEE'and TABLE_SCHEMA='ST_HDAIR_MATILLION'
Executing Snowflake query :: SELECT COLUMN_NAME FROM CURATED_DATAMART.INFORMATION_SCHEMA.COLUMNS WHERE TABLE_NAME='STR_EMPLOYEE'and TABLE_SCHEMA='ST_BKP_HDAIR'
Executing Snowflake query :: SELECT COLUMN_NAME FROM DEV_ENT_CURATED.INFORMATION_SCHEMA.COLUMNS WHERE TABLE_NAME='DIM_EMPLOYEE'and TABLE_SCHEMA='MASTER_DIMENSIONS'
Column names for RAW Table --> EMPLOYEE :: [MOBILEPHONE, MOBILEPHONECONFIRMED, OVERTIMEMODE, PHOTO, STARTDATE, CREATEDON, NAME, HOME_ISMANUALCOORDINATES, PAYROLLSTARTPERIOD, PHONE, AGENTID, CREATEDBY_ID, HOME_STREET, ID, SALESFORCECONTACTID, HOME_LATITUDE, EMAILCONFIRMED, HOME_ZIP, IMPORTID, PAYFREQUENCY_ID, ACTIVE, BIRTHDATE, CLOCKINOUTREMINDER, EMAIL, HOME_COUNTRY, ISEXCLUDEDFROMPAYROLL, MANAGER_ID, HOME_UNIT, OVERTIMEPROFILE_ID, USER_ID, PAYROLLID, HOME_CITY, HOME_LONGITUDE, HOME_STATE, HOURLYRATE, MIDDLENAME, MODIFIEDON, HOME_ISMILITARY, FIRSTNAME, ISEXTERNAL, PAYROLLBUSINESSUNIT_ID, PHONECONFIRMED, POSITION, SALESFORCEROLE, LASTNAME]
Column names for DataMart Table --> STR_EMPLOYEE :: [AGENTID, MASTER_ID, MIDDLENAME, PAYROLLSTARTPERIOD, MODIFIEDON, OVERTIMEMODE, ACTIVE, EMAILCONFIRMED, HOME_ZIP, ISEXTERNAL, STARTDATE, CREATEDON, HOME_LONGITUDE, IMPORTID, NAME, POSITION, SALESFORCEROLE, HOURLYRATE, OVERTIMEPROFILE_ID, PAYROLLBUSINESSUNIT_ID, PAYFREQUENCY_ID, HOME_COUNTRY, HOME_ISMILITARY, HOME_STATE, SALESFORCECONTACTID, HOME_CITY, ID, HOME_ISMANUALCOORDINATES, TENANT_TYPE, ACTIVE_FLAG, HOME_STREET, LASTNAME, MANAGER_ID, MOBILEPHONECONFIRMED, PHONE, PHOTO, HOME_LATITUDE, PHONECONFIRMED, BIRTHDATE, CLOCKINOUTREMINDER, ISEXCLUDEDFROMPAYROLL, PAYROLLID, HOME_UNIT, CREATEDBY_ID, EMAIL, FIRSTNAME, USER_ID, RECORD_CREATE_DATE, RECORD_UPDATE_DATE, MOBILEPHONE]
Column names for Curated Table --> DIM_EMPLOYEE :: [CREATEDON, EMAIL, HOME_COUNTRY, HOME_ISMILITARY, PAYROLLID, PHONECONFIRMED, PAYROLLSTARTPERIOD, STARTDATE, PHONE, EMAILCONFIRMED, MOBILEPHONE, PAYFREQUENCY_ID, USER_ID, HOME_STATE, ISEXTERNAL, SALESFORCEROLE, CLOCKINOUTREMINDER, OVERTIMEMODE, ACTIVE, FIRSTNAME, HOURLYRATE, ISEXCLUDEDFROMPAYROLL, PAYROLLBUSINESSUNIT_ID, SALESFORCECONTACTID, AGENTID, CREATEDBY_ID, MANAGER_ID, HOME_ZIP, ID, IMPORTID, MODIFIEDON, PHOTO, RECORD_CREATE_DATE, BIRTHDATE, HOME_LATITUDE, HOME_STREET, POSITION, MOBILEPHONECONFIRMED, RECORD_UPDATED_BY, HOME_CITY, HOME_ISMANUALCOORDINATES, HOME_LONGITUDE, HOME_UNIT, LASTNAME, MIDDLENAME, TENANT_TYPE, NAME, RECORD_UPDATE_DATE, OVERTIMEPROFILE_ID]
Column Name found in Datamart and Curated Table :: MOBILEPHONE
Column Name found in Datamart and Curated Table :: MOBILEPHONECONFIRMED
Column Name found in Datamart and Curated Table :: OVERTIMEMODE
Column Name found in Datamart and Curated Table :: PHOTO
Column Name found in Datamart and Curated Table :: STARTDATE
Column Name found in Datamart and Curated Table :: CREATEDON
Column Name found in Datamart and Curated Table :: NAME
Column Name found in Datamart and Curated Table :: HOME_ISMANUALCOORDINATES
Column Name found in Datamart and Curated Table :: PAYROLLSTARTPERIOD
Column Name found in Datamart and Curated Table :: PHONE
Column Name found in Datamart and Curated Table :: AGENTID
Column Name found in Datamart and Curated Table :: CREATEDBY_ID
Column Name found in Datamart and Curated Table :: HOME_STREET
Column Name found in Datamart and Curated Table :: ID
Column Name found in Datamart and Curated Table :: SALESFORCECONTACTID
Column Name found in Datamart and Curated Table :: HOME_LATITUDE
Column Name found in Datamart and Curated Table :: EMAILCONFIRMED
Column Name found in Datamart and Curated Table :: HOME_ZIP
Column Name found in Datamart and Curated Table :: IMPORTID
Column Name found in Datamart and Curated Table :: PAYFREQUENCY_ID
Column Name found in Datamart and Curated Table :: ACTIVE
Column Name found in Datamart and Curated Table :: BIRTHDATE
Column Name found in Datamart and Curated Table :: CLOCKINOUTREMINDER
Column Name found in Datamart and Curated Table :: EMAIL
Column Name found in Datamart and Curated Table :: HOME_COUNTRY
Column Name found in Datamart and Curated Table :: ISEXCLUDEDFROMPAYROLL
Column Name found in Datamart and Curated Table :: MANAGER_ID
Column Name found in Datamart and Curated Table :: HOME_UNIT
Column Name found in Datamart and Curated Table :: OVERTIMEPROFILE_ID
Column Name found in Datamart and Curated Table :: USER_ID
Column Name found in Datamart and Curated Table :: PAYROLLID
Column Name found in Datamart and Curated Table :: HOME_CITY
Column Name found in Datamart and Curated Table :: HOME_LONGITUDE
Column Name found in Datamart and Curated Table :: HOME_STATE
Column Name found in Datamart and Curated Table :: HOURLYRATE
Column Name found in Datamart and Curated Table :: MIDDLENAME
Column Name found in Datamart and Curated Table :: MODIFIEDON
Column Name found in Datamart and Curated Table :: HOME_ISMILITARY
Column Name found in Datamart and Curated Table :: FIRSTNAME
Column Name found in Datamart and Curated Table :: ISEXTERNAL
Column Name found in Datamart and Curated Table :: PAYROLLBUSINESSUNIT_ID
Column Name found in Datamart and Curated Table :: PHONECONFIRMED
Column Name found in Datamart and Curated Table :: POSITION
Column Name found in Datamart and Curated Table :: SALESFORCEROLE
Column Name found in Datamart and Curated Table :: LASTNAME
Datamart tables contains additional column name like [ACTIVE_FLAG, RECORD_CREATE_DATE, RECORD_UPDATE_DATE, RECORD_UPDATE_DATE, MASTER_ID, TENANT_TYPE]
Curated tables contains additional column name like [RECORD_CREATE_DATE, RECORD_UPDATE_DATE, RECORD_UPDATED_BY, TENANT_TYPE]]]>
  </system-out>
  <testcase classname="testcases.RAW_DATAMART_CURATED.SnowFlake_ColumnValidation_BKPTables" name="validateColumnName_BKP" time="2.771"/>
  <system-out>
    <![CDATA[Executing Snowflake query :: SELECT COLUMN_NAME FROM DEV_ENT_RAW.INFORMATION_SCHEMA.COLUMNS WHERE TABLE_NAME='MATERIAL'and TABLE_SCHEMA='ST_HDAIR_MATILLION'
Executing Snowflake query :: SELECT COLUMN_NAME FROM CURATED_DATAMART.INFORMATION_SCHEMA.COLUMNS WHERE TABLE_NAME='STR_MATERIAL'and TABLE_SCHEMA='ST_BKP_HDAIR'
Executing Snowflake query :: SELECT COLUMN_NAME FROM DEV_ENT_CURATED.INFORMATION_SCHEMA.COLUMNS WHERE TABLE_NAME='DIM_MATERIAL'and TABLE_SCHEMA='MASTER_DIMENSIONS'
Column names for RAW Table --> MATERIAL :: [ACCOUNT, AVALARACOMMERCIALTAXCODE, EXTERNALID, CREATEDBY_ID, DISPLAYINAMOUNT, IMPORTID, SOLDBYCOMMISSION, ACTIVE, BUSINESSUNIT_ID, CATEGORY_ID, INVENTORYENABLEDON, SCHEDULEDFLATAMOUNT, USEFIXEDMATERIALPRICE, SUPPLIERIMAGES, COST, MODIFIEDON, NAME, PAYSSOLDBYRATE, PAYSCOMMISSION, ADDONFLATAMOUNT, AUTOGLASSTYPE, BONUS, ID, PRICE, UNITOFMEASURE, MEMBERPRICE, PRIMARYVENDOR_ID, SOURCE, DEDUCTASJOBCOST, DESCRIPTION, DISPLAYNAME, INVENTORYENABLEDBY_ID, ISINVENTORY, PAYTECHSPECIFICBONUS, AVALARARESIDENTIALTAXCODE, NOTAX, ADDONPRICE, COSTOFSALEACCOUNT_ID, ASSETACCOUNT_ID, GENERALLEDGERACCOUNT_ID, ADDONMEMBERPRICE, COMMISSIONBONUS, COPIEDFROM_ID, CROSSSALEGROUP, ORIGINAL_ID, PURCHASEORDERLIMITS_FLATAMOUNT, SOURCEVERSION, SYNCDATE, TAXABLE, LOYALTYPROGRAMELIGIBLE, PURCHASEORDERLIMITS_REVENUEPERCENT, ARCHIVED, CREATEDON, EXCLUDEFROMPRICEBOOKWIZARD, PAYSFLATAMOUNT, SERIALIZEDON, HOURS, IMAGES, ISSERIALIZED, PROVIDER_ID]
Column names for DataMart Table --> STR_MATERIAL :: [ARCHIVED, BONUS, DEDUCTASJOBCOST, DISPLAYINAMOUNT, TAXABLE, AVALARACOMMERCIALTAXCODE, GENERALLEDGERACCOUNT_ID, LOYALTYPROGRAMELIGIBLE, MEMBERPRICE, USEFIXEDMATERIALPRICE, INVENTORYENABLEDBY_ID, BUSINESSUNIT_ID, ISSERIALIZED, PURCHASEORDERLIMITS_FLATAMOUNT, RECORD_UPDATE_DATE, SERIALIZEDON, SOURCE, UNITOFMEASURE, DESCRIPTION, ID, ACCOUNT, CROSSSALEGROUP, RECORD_CREATE_DATE, SCHEDULEDFLATAMOUNT, SOLDBYCOMMISSION, TENANT_TYPE, ACTIVE_FLAG, ADDONFLATAMOUNT, AVALARARESIDENTIALTAXCODE, DISPLAYNAME, IMAGES, INVENTORYENABLEDON, PAYSSOLDBYRATE, ADDONMEMBERPRICE, ADDONPRICE, CATEGORY_ID, COSTOFSALEACCOUNT_ID, IMPORTID, MASTER_ID, CREATEDON, PAYSCOMMISSION, PRIMARYVENDOR_ID, ACTIVE, AUTOGLASSTYPE, COPIEDFROM_ID, COST, CREATEDBY_ID, EXCLUDEFROMPRICEBOOKWIZARD, NOTAX, ORIGINAL_ID, EXTERNALID, ISINVENTORY, MODIFIEDON, PURCHASEORDERLIMITS_REVENUEPERCENT, NAME, PAYTECHSPECIFICBONUS, PRICE, SUPPLIERIMAGES, COMMISSIONBONUS, HOURS, PAYSFLATAMOUNT, ASSETACCOUNT_ID, PROVIDER_ID, SOURCEVERSION, SYNCDATE]
Column names for Curated Table --> DIM_MATERIAL :: [BUSINESSUNIT_ID, DEDUCTASJOBCOST, HOURS, MEMBERPRICE, MODIFIEDON, SCHEDULEDFLATAMOUNT, ARCHIVED, BONUS, COST, EXCLUDEFROMPRICEBOOKWIZARD, INVENTORYENABLEDON, SOURCE, ID, RECORD_UPDATED_BY, RECORD_UPDATE_DATE, ADDONPRICE, ASSETACCOUNT_ID, AVALARARESIDENTIALTAXCODE, DESCRIPTION, IMPORTID, ISSERIALIZED, PAYSSOLDBYRATE, ISINVENTORY, NOTAX, CREATEDBY_ID, PRIMARYVENDOR_ID, SERIALIZEDON, GENERALLEDGERACCOUNT_ID, RECORD_CREATE_DATE, CROSSSALEGROUP, SOLDBYCOMMISSION, ACTIVE, CATEGORY_ID, EXTERNALID, NAME, USEFIXEDMATERIALPRICE, INVENTORYENABLEDBY_ID, PAYTECHSPECIFICBONUS, PROVIDER_ID, PURCHASEORDERLIMITS_REVENUEPERCENT, SUPPLIERIMAGES, ACCOUNT, ADDONFLATAMOUNT, COMMISSIONBONUS, CREATEDON, PAYSCOMMISSION, DISPLAYINAMOUNT, SOURCEVERSION, COSTOFSALEACCOUNT_ID, DISPLAYNAME, IMAGES, ORIGINAL_ID, TAXABLE, COPIEDFROM_ID, UNITOFMEASURE, ADDONMEMBERPRICE, AUTOGLASSTYPE, AVALARACOMMERCIALTAXCODE, LOYALTYPROGRAMELIGIBLE, PRICE, PURCHASEORDERLIMITS_FLATAMOUNT, SYNCDATE, TENANT_TYPE, PAYSFLATAMOUNT]
Column Name found in Datamart and Curated Table :: ACCOUNT
Column Name found in Datamart and Curated Table :: AVALARACOMMERCIALTAXCODE
Column Name found in Datamart and Curated Table :: EXTERNALID
Column Name found in Datamart and Curated Table :: CREATEDBY_ID
Column Name found in Datamart and Curated Table :: DISPLAYINAMOUNT
Column Name found in Datamart and Curated Table :: IMPORTID
Column Name found in Datamart and Curated Table :: SOLDBYCOMMISSION
Column Name found in Datamart and Curated Table :: ACTIVE
Column Name found in Datamart and Curated Table :: BUSINESSUNIT_ID
Column Name found in Datamart and Curated Table :: CATEGORY_ID
Column Name found in Datamart and Curated Table :: INVENTORYENABLEDON
Column Name found in Datamart and Curated Table :: SCHEDULEDFLATAMOUNT
Column Name found in Datamart and Curated Table :: USEFIXEDMATERIALPRICE
Column Name found in Datamart and Curated Table :: SUPPLIERIMAGES
Column Name found in Datamart and Curated Table :: COST
Column Name found in Datamart and Curated Table :: MODIFIEDON
Column Name found in Datamart and Curated Table :: NAME
Column Name found in Datamart and Curated Table :: PAYSSOLDBYRATE
Column Name found in Datamart and Curated Table :: PAYSCOMMISSION
Column Name found in Datamart and Curated Table :: ADDONFLATAMOUNT
Column Name found in Datamart and Curated Table :: AUTOGLASSTYPE
Column Name found in Datamart and Curated Table :: BONUS
Column Name found in Datamart and Curated Table :: ID
Column Name found in Datamart and Curated Table :: PRICE
Column Name found in Datamart and Curated Table :: UNITOFMEASURE
Column Name found in Datamart and Curated Table :: MEMBERPRICE
Column Name found in Datamart and Curated Table :: PRIMARYVENDOR_ID
Column Name found in Datamart and Curated Table :: SOURCE
Column Name found in Datamart and Curated Table :: DEDUCTASJOBCOST
Column Name found in Datamart and Curated Table :: DESCRIPTION
Column Name found in Datamart and Curated Table :: DISPLAYNAME
Column Name found in Datamart and Curated Table :: INVENTORYENABLEDBY_ID
Column Name found in Datamart and Curated Table :: ISINVENTORY
Column Name found in Datamart and Curated Table :: PAYTECHSPECIFICBONUS
Column Name found in Datamart and Curated Table :: AVALARARESIDENTIALTAXCODE
Column Name found in Datamart and Curated Table :: NOTAX
Column Name found in Datamart and Curated Table :: ADDONPRICE
Column Name found in Datamart and Curated Table :: COSTOFSALEACCOUNT_ID
Column Name found in Datamart and Curated Table :: ASSETACCOUNT_ID
Column Name found in Datamart and Curated Table :: GENERALLEDGERACCOUNT_ID
Column Name found in Datamart and Curated Table :: ADDONMEMBERPRICE
Column Name found in Datamart and Curated Table :: COMMISSIONBONUS
Column Name found in Datamart and Curated Table :: COPIEDFROM_ID
Column Name found in Datamart and Curated Table :: CROSSSALEGROUP
Column Name found in Datamart and Curated Table :: ORIGINAL_ID
Column Name found in Datamart and Curated Table :: PURCHASEORDERLIMITS_FLATAMOUNT
Column Name found in Datamart and Curated Table :: SOURCEVERSION
Column Name found in Datamart and Curated Table :: SYNCDATE
Column Name found in Datamart and Curated Table :: TAXABLE
Column Name found in Datamart and Curated Table :: LOYALTYPROGRAMELIGIBLE
Column Name found in Datamart and Curated Table :: PURCHASEORDERLIMITS_REVENUEPERCENT
Column Name found in Datamart and Curated Table :: ARCHIVED
Column Name found in Datamart and Curated Table :: CREATEDON
Column Name found in Datamart and Curated Table :: EXCLUDEFROMPRICEBOOKWIZARD
Column Name found in Datamart and Curated Table :: PAYSFLATAMOUNT
Column Name found in Datamart and Curated Table :: SERIALIZEDON
Column Name found in Datamart and Curated Table :: HOURS
Column Name found in Datamart and Curated Table :: IMAGES
Column Name found in Datamart and Curated Table :: ISSERIALIZED
Column Name found in Datamart and Curated Table :: PROVIDER_ID
Datamart tables contains additional column name like [ACTIVE_FLAG, RECORD_CREATE_DATE, RECORD_UPDATE_DATE, RECORD_UPDATE_DATE, MASTER_ID, TENANT_TYPE]
Curated tables contains additional column name like [RECORD_CREATE_DATE, RECORD_UPDATE_DATE, RECORD_UPDATED_BY, TENANT_TYPE]]]>
  </system-out>
  <testcase classname="testcases.RAW_DATAMART_CURATED.SnowFlake_ColumnValidation_BKPTables" name="validateColumnName_BKP" time="2.253"/>
  <system-out>
    <![CDATA[Executing Snowflake query :: SELECT COLUMN_NAME FROM DEV_ENT_RAW.INFORMATION_SCHEMA.COLUMNS WHERE TABLE_NAME='MATERIALVENDORSUBACCOUNT'and TABLE_SCHEMA='ST_HDAIR_MATILLION'
Executing Snowflake query :: SELECT COLUMN_NAME FROM CURATED_DATAMART.INFORMATION_SCHEMA.COLUMNS WHERE TABLE_NAME='STR_MATERIALVENDORSUBACCOUNT'and TABLE_SCHEMA='ST_BKP_HDAIR'
Executing Snowflake query :: SELECT COLUMN_NAME FROM DEV_ENT_CURATED.INFORMATION_SCHEMA.COLUMNS WHERE TABLE_NAME='DIM_MATERIALVENDORSUBACCOUNT'and TABLE_SCHEMA='MASTER_DIMENSIONS'
Column names for RAW Table --> MATERIALVENDORSUBACCOUNT :: [CREATEDON, COST, ID, MATERIALVENDOR_ID, ACCOUNTNAME, ACTIVE, IMPORTID, CREATEDBY_ID]
Column names for DataMart Table --> STR_MATERIALVENDORSUBACCOUNT :: [ACTIVE_FLAG, COST, RECORD_CREATE_DATE, ACTIVE, CREATEDBY_ID, CREATEDON, ID, IMPORTID, MASTER_ID, RECORD_UPDATE_DATE, ACCOUNTNAME, MATERIALVENDOR_ID, TENANT_TYPE]
Column names for Curated Table --> DIM_MATERIALVENDORSUBACCOUNT :: [RECORD_CREATE_DATE, IMPORTID, ACTIVE, CREATEDBY_ID, CREATEDON, ID, RECORD_UPDATE_DATE, TENANT_TYPE, RECORD_UPDATED_BY, ACCOUNTNAME, MATERIALVENDOR_ID, COST]
Column Name found in Datamart and Curated Table :: CREATEDON
Column Name found in Datamart and Curated Table :: COST
Column Name found in Datamart and Curated Table :: ID
Column Name found in Datamart and Curated Table :: MATERIALVENDOR_ID
Column Name found in Datamart and Curated Table :: ACCOUNTNAME
Column Name found in Datamart and Curated Table :: ACTIVE
Column Name found in Datamart and Curated Table :: IMPORTID
Column Name found in Datamart and Curated Table :: CREATEDBY_ID
Datamart tables contains additional column name like [ACTIVE_FLAG, RECORD_CREATE_DATE, RECORD_UPDATE_DATE, RECORD_UPDATE_DATE, MASTER_ID, TENANT_TYPE]
Curated tables contains additional column name like [RECORD_CREATE_DATE, RECORD_UPDATE_DATE, RECORD_UPDATED_BY, TENANT_TYPE]]]>
  </system-out>
  <testcase classname="testcases.RAW_DATAMART_CURATED.SnowFlake_ColumnValidation_BKPTables" name="validateColumnName_BKP" time="2.147"/>
  <system-out>
    <![CDATA[Executing Snowflake query :: SELECT COLUMN_NAME FROM DEV_ENT_RAW.INFORMATION_SCHEMA.COLUMNS WHERE TABLE_NAME='NONJOBAPPOINTMENT'and TABLE_SCHEMA='ST_HENDERSON_MATILLION'
Executing Snowflake query :: SELECT COLUMN_NAME FROM CURATED_DATAMART.INFORMATION_SCHEMA.COLUMNS WHERE TABLE_NAME='STR_NONJOBAPPOINTMENT'and TABLE_SCHEMA='ST_BKP_HENDERSON'
Executing Snowflake query :: SELECT COLUMN_NAME FROM DEV_ENT_CURATED.INFORMATION_SCHEMA.COLUMNS WHERE TABLE_NAME='DIM_NONJOBAPPOINTMENT'and TABLE_SCHEMA='MASTER_DIMENSIONS'
Column names for RAW Table --> NONJOBAPPOINTMENT :: []
Column names for DataMart Table --> STR_NONJOBAPPOINTMENT :: [ALLDAY, START, CREATEDBY_ID, DURATION, RECORD_CREATE_DATE, TIMESHEET_ID, MASTER_ID, ACTIVE, EXPECTEDDURATION, ID, TECHNICIAN_ID, CLEARTECHNICIANVIEW, DEFINITION_ID, REMOVETECHNICIANFROMCAPACITYPLANNING, CLEARDISPATCHBOARD, NAME, TIMESHEETCODE_ID, RECORD_UPDATE_DATE, TENANT_TYPE, IMPORTID, ACTIVE_FLAG, ISCOMPLETED, CREATEDON, SUMMARY]
Column names for Curated Table --> DIM_NONJOBAPPOINTMENT :: [IMPORTID, RECORD_UPDATE_DATE, TIMESHEET_ID, ID, ISCOMPLETED, CREATEDON, RECORD_UPDATED_BY, START, CLEARTECHNICIANVIEW, DURATION, EXPECTEDDURATION, ALLDAY, CLEARDISPATCHBOARD, RECORD_CREATE_DATE, TENANT_TYPE, TIMESHEETCODE_ID, NAME, DEFINITION_ID, SUMMARY, ACTIVE, CREATEDBY_ID, REMOVETECHNICIANFROMCAPACITYPLANNING, TECHNICIAN_ID]
Datamart tables contains additional column name like [ACTIVE_FLAG, RECORD_CREATE_DATE, RECORD_UPDATE_DATE, RECORD_UPDATE_DATE, MASTER_ID, TENANT_TYPE]
Curated tables contains additional column name like [RECORD_CREATE_DATE, RECORD_UPDATE_DATE, RECORD_UPDATED_BY, TENANT_TYPE]]]>
  </system-out>
  <testcase classname="testcases.RAW_DATAMART_CURATED.SnowFlake_ColumnValidation_BKPTables" name="validateColumnName_BKP" time="3.286"/>
  <system-out>
    <![CDATA[Executing Snowflake query :: SELECT COLUMN_NAME FROM DEV_ENT_RAW.INFORMATION_SCHEMA.COLUMNS WHERE TABLE_NAME='JOBCOMPLETIONSURVEY'and TABLE_SCHEMA='ST_EANESHEATING_MATILLION'
Executing Snowflake query :: SELECT COLUMN_NAME FROM CURATED_DATAMART.INFORMATION_SCHEMA.COLUMNS WHERE TABLE_NAME='STR_JOBCOMPLETIONSURVEY'and TABLE_SCHEMA='ST_BKP_EANESHEATING'
Executing Snowflake query :: SELECT COLUMN_NAME FROM DEV_ENT_CURATED.INFORMATION_SCHEMA.COLUMNS WHERE TABLE_NAME='DIM_JOBCOMPLETIONSURVEY'and TABLE_SCHEMA='MASTER_DIMENSIONS'
Column names for RAW Table --> JOBCOMPLETIONSURVEY :: [ISPLANNINGTOUSEAGAIN, ISROUTINECOMPLETED, JOBID, SUBMITCOUNT, JOBCOMPLETEDON, MEMO, TOKEN, MODIFIEDON, STATUS, ID, SENTON, COMPLETEDON, RECOMMENDATIONS, SURVEYTYPE, RATING]
Column names for DataMart Table --> STR_JOBCOMPLETIONSURVEY :: [MODIFIEDON, SENTON, JOBID, RECOMMENDATIONS, JOBCOMPLETEDON, MEMO, RECORD_UPDATE_DATE, TENANT_TYPE, STATUS, ISPLANNINGTOUSEAGAIN, RECORD_CREATE_DATE, SURVEYTYPE, MASTER_ID, SUBMITCOUNT, ID, TOKEN, ACTIVE_FLAG, COMPLETEDON, ISROUTINECOMPLETED, RATING]
Column names for Curated Table --> DIM_JOBCOMPLETIONSURVEY :: [ID, JOBCOMPLETEDON, SUBMITCOUNT, ISROUTINECOMPLETED, MEMO, RECORD_UPDATED_BY, STATUS, JOBID, RECORD_UPDATE_DATE, TENANT_TYPE, MODIFIEDON, SURVEYTYPE, COMPLETEDON, ISPLANNINGTOUSEAGAIN, RATING, SENTON, RECOMMENDATIONS, RECORD_CREATE_DATE, TOKEN]
Column Name found in Datamart and Curated Table :: ISPLANNINGTOUSEAGAIN
Column Name found in Datamart and Curated Table :: ISROUTINECOMPLETED
Column Name found in Datamart and Curated Table :: JOBID
Column Name found in Datamart and Curated Table :: SUBMITCOUNT
Column Name found in Datamart and Curated Table :: JOBCOMPLETEDON
Column Name found in Datamart and Curated Table :: MEMO
Column Name found in Datamart and Curated Table :: TOKEN
Column Name found in Datamart and Curated Table :: MODIFIEDON
Column Name found in Datamart and Curated Table :: STATUS
Column Name found in Datamart and Curated Table :: ID
Column Name found in Datamart and Curated Table :: SENTON
Column Name found in Datamart and Curated Table :: COMPLETEDON
Column Name found in Datamart and Curated Table :: RECOMMENDATIONS
Column Name found in Datamart and Curated Table :: SURVEYTYPE
Column Name found in Datamart and Curated Table :: RATING
Datamart tables contains additional column name like [ACTIVE_FLAG, RECORD_CREATE_DATE, RECORD_UPDATE_DATE, RECORD_UPDATE_DATE, MASTER_ID, TENANT_TYPE]
Curated tables contains additional column name like [RECORD_CREATE_DATE, RECORD_UPDATE_DATE, RECORD_UPDATED_BY, TENANT_TYPE]]]>
  </system-out>
  <testcase classname="testcases.RAW_DATAMART_CURATED.SnowFlake_ColumnValidation_BKPTables" name="validateColumnName_BKP" time="2.109">
    <failure message="The following asserts failed:
	null" type="java.lang.AssertionError">
      <![CDATA[java.lang.AssertionError: The following asserts failed:
null
at org.testng.asserts.SoftAssert.assertAll(SoftAssert.java:47)
at org.testng.asserts.SoftAssert.assertAll(SoftAssert.java:31)
at testcases.RAW_DATAMART_CURATED.SnowFlake_ColumnValidation_BKPTables.validateColumnName_BKP(SnowFlake_ColumnValidation_BKPTables.java:120)
at jdk.internal.reflect.GeneratedMethodAccessor38.invoke(Unknown Source)
at java.base/jdk.internal.reflect.DelegatingMethodAccessorImpl.invoke(DelegatingMethodAccessorImpl.java:43)
at java.base/java.lang.reflect.Method.invoke(Method.java:568)
at org.testng.internal.MethodInvocationHelper.invokeMethod(MethodInvocationHelper.java:133)
at org.testng.internal.TestInvoker.invokeMethod(TestInvoker.java:598)
at org.testng.internal.TestInvoker.invokeTestMethod(TestInvoker.java:173)
at org.testng.internal.MethodRunner.runInSequence(MethodRunner.java:46)
at org.testng.internal.TestInvoker$MethodInvocationAgent.invoke(TestInvoker.java:824)
at org.testng.internal.TestInvoker.invokeTestMethods(TestInvoker.java:146)
at org.testng.internal.TestMethodWorker.invokeTestMethods(TestMethodWorker.java:146)
at org.testng.internal.TestMethodWorker.run(TestMethodWorker.java:128)
at java.base/java.util.ArrayList.forEach(ArrayList.java:1511)
at org.testng.TestRunner.privateRun(TestRunner.java:794)
at org.testng.TestRunner.run(TestRunner.java:596)
at org.testng.SuiteRunner.runTest(SuiteRunner.java:377)
at org.testng.SuiteRunner.runSequentially(SuiteRunner.java:371)
at org.testng.SuiteRunner.privateRun(SuiteRunner.java:332)
at org.testng.SuiteRunner.run(SuiteRunner.java:276)
at org.testng.SuiteRunnerWorker.runSuite(SuiteRunnerWorker.java:53)
at org.testng.SuiteRunnerWorker.run(SuiteRunnerWorker.java:96)
at org.testng.TestNG.runSuitesSequentially(TestNG.java:1212)
at org.testng.TestNG.runSuitesLocally(TestNG.java:1134)
at org.testng.TestNG.runSuites(TestNG.java:1063)
at org.testng.TestNG.run(TestNG.java:1031)
at org.testng.remote.AbstractRemoteTestNG.run(AbstractRemoteTestNG.java:115)
at org.testng.remote.RemoteTestNG.initAndRun(RemoteTestNG.java:251)
at org.testng.remote.RemoteTestNG.main(RemoteTestNG.java:77)
]]>
    </failure>
  </testcase> <!-- validateColumnName_BKP -->
  <system-out>
    <![CDATA[Executing Snowflake query :: SELECT COLUMN_NAME FROM DEV_ENT_RAW.INFORMATION_SCHEMA.COLUMNS WHERE TABLE_NAME='JOBAPPOINTMENT'and TABLE_SCHEMA='ST_MAITZ_MATILLION'
Executing Snowflake query :: SELECT COLUMN_NAME FROM CURATED_DATAMART.INFORMATION_SCHEMA.COLUMNS WHERE TABLE_NAME='STR_JOBAPPOINTMENT'and TABLE_SCHEMA='ST_BKP_MAITZ'
Executing Snowflake query :: SELECT COLUMN_NAME FROM DEV_ENT_CURATED.INFORMATION_SCHEMA.COLUMNS WHERE TABLE_NAME='DIM_JOBAPPOINTMENT'and TABLE_SCHEMA='MASTER_DIMENSIONS'
Column names for RAW Table --> JOBAPPOINTMENT :: [NUMBER, SMARTDISPATCHDATA_JOBAPPOINTMENT, SPECIALINSTRUCTIONS, STATUS, MODIFIEDON, MONTHNUMBER, PLANSTART, CREATEDON, START, ACTIVE, CREATEDBY_ID, PLANEND, END, ID, IMPORTID, JOB_ID, ISCONFIRMED, ISUNUSED]
Column names for DataMart Table --> STR_JOBAPPOINTMENT :: [RECORD_CREATE_DATE, END, STATUS, ISUNUSED, MONTHNUMBER, ACTIVE, IMPORTID, NUMBER, START, JOB_ID, MASTER_ID, ACTIVE_FLAG, CREATEDBY_ID, TENANT_TYPE, ID, PLANEND, PLANSTART, ISCONFIRMED, RECORD_UPDATE_DATE, CREATEDON, MODIFIEDON, SMARTDISPATCHDATA_JOBAPPOINTMENT]
Column names for Curated Table --> DIM_JOBAPPOINTMENT :: [END, SMARTDISPATCHDATA_JOBAPPOINTMENT, ACTIVE, CREATEDBY_ID, IMPORTID, ISUNUSED, START, ID, JOB_ID, MONTHNUMBER, PLANEND, RECORD_UPDATE_DATE, CREATEDON, RECORD_CREATE_DATE, TENANT_TYPE, PLANSTART, ISCONFIRMED, NUMBER, STATUS, MODIFIEDON, RECORD_UPDATED_BY]
Column Name found in Datamart and Curated Table :: NUMBER
Column Name found in Datamart and Curated Table :: SMARTDISPATCHDATA_JOBAPPOINTMENT
Column Name not found in Datamart and Curated Table :: SPECIALINSTRUCTIONS
Column Name found in Datamart and Curated Table :: STATUS
Column Name found in Datamart and Curated Table :: MODIFIEDON
Column Name found in Datamart and Curated Table :: MONTHNUMBER
Column Name found in Datamart and Curated Table :: PLANSTART
Column Name found in Datamart and Curated Table :: CREATEDON
Column Name found in Datamart and Curated Table :: START
Column Name found in Datamart and Curated Table :: ACTIVE
Column Name found in Datamart and Curated Table :: CREATEDBY_ID
Column Name found in Datamart and Curated Table :: PLANEND
Column Name found in Datamart and Curated Table :: END
Column Name found in Datamart and Curated Table :: ID
Column Name found in Datamart and Curated Table :: IMPORTID
Column Name found in Datamart and Curated Table :: JOB_ID
Column Name found in Datamart and Curated Table :: ISCONFIRMED
Column Name found in Datamart and Curated Table :: ISUNUSED
Datamart tables contains additional column name like [ACTIVE_FLAG, RECORD_CREATE_DATE, RECORD_UPDATE_DATE, RECORD_UPDATE_DATE, MASTER_ID, TENANT_TYPE]
Curated tables contains additional column name like [RECORD_CREATE_DATE, RECORD_UPDATE_DATE, RECORD_UPDATED_BY, TENANT_TYPE]]]>
  </system-out>
  <testcase classname="testcases.RAW_DATAMART_CURATED.SnowFlake_ColumnValidation_BKPTables" name="validateColumnName_BKP" time="2.355"/>
  <system-out>
    <![CDATA[Executing Snowflake query :: SELECT COLUMN_NAME FROM DEV_ENT_RAW.INFORMATION_SCHEMA.COLUMNS WHERE TABLE_NAME='PAYMENTSPLIT'and TABLE_SCHEMA='ST_HARP_MATILLION'
Executing Snowflake query :: SELECT COLUMN_NAME FROM CURATED_DATAMART.INFORMATION_SCHEMA.COLUMNS WHERE TABLE_NAME='STR_PAYMENTSPLIT'and TABLE_SCHEMA='ST_BKP_HARP'
Executing Snowflake query :: SELECT COLUMN_NAME FROM DEV_ENT_CURATED.INFORMATION_SCHEMA.COLUMNS WHERE TABLE_NAME='DIM_PAYMENTSPLIT'and TABLE_SCHEMA='MASTER_DIMENSIONS'
Column names for RAW Table --> PAYMENTSPLIT :: [AMOUNT, MODIFIEDON, PAYMENT_ID, ACTIVE, CREATEDBY_ID, IMPORTID, CREATEDON, ID, INVOICE_ID, PAYSELLERCOMMISSION]
Column names for DataMart Table --> STR_PAYMENTSPLIT :: [ACTIVE, IMPORTID, PAYSELLERCOMMISSION, RECORD_CREATE_DATE, TENANT_TYPE, CREATEDON, INVOICE_ID, MODIFIEDON, ID, AMOUNT, RECORD_UPDATE_DATE, MASTER_ID, PAYMENT_ID, ACTIVE_FLAG, CREATEDBY_ID]
Column names for Curated Table --> DIM_PAYMENTSPLIT :: [IMPORTID, PAYSELLERCOMMISSION, CREATEDON, PAYMENT_ID, TENANT_TYPE, MODIFIEDON, AMOUNT, CREATEDBY_ID, INVOICE_ID, ID, RECORD_UPDATED_BY, RECORD_UPDATE_DATE, ACTIVE, RECORD_CREATE_DATE]
Column Name found in Datamart and Curated Table :: AMOUNT
Column Name found in Datamart and Curated Table :: MODIFIEDON
Column Name found in Datamart and Curated Table :: PAYMENT_ID
Column Name found in Datamart and Curated Table :: ACTIVE
Column Name found in Datamart and Curated Table :: CREATEDBY_ID
Column Name found in Datamart and Curated Table :: IMPORTID
Column Name found in Datamart and Curated Table :: CREATEDON
Column Name found in Datamart and Curated Table :: ID
Column Name found in Datamart and Curated Table :: INVOICE_ID
Column Name found in Datamart and Curated Table :: PAYSELLERCOMMISSION
Datamart tables contains additional column name like [ACTIVE_FLAG, RECORD_CREATE_DATE, RECORD_UPDATE_DATE, RECORD_UPDATE_DATE, MASTER_ID, TENANT_TYPE]
Curated tables contains additional column name like [RECORD_CREATE_DATE, RECORD_UPDATE_DATE, RECORD_UPDATED_BY, TENANT_TYPE]]]>
  </system-out>
  <testcase classname="testcases.RAW_DATAMART_CURATED.SnowFlake_ColumnValidation_BKPTables" name="validateColumnName_BKP" time="3.587"/>
  <system-out>
    <![CDATA[Executing Snowflake query :: SELECT COLUMN_NAME FROM DEV_ENT_RAW.INFORMATION_SCHEMA.COLUMNS WHERE TABLE_NAME='EQUIPMENT'and TABLE_SCHEMA='ST_HARP_MATILLION'
Executing Snowflake query :: SELECT COLUMN_NAME FROM CURATED_DATAMART.INFORMATION_SCHEMA.COLUMNS WHERE TABLE_NAME='STR_EQUIPMENT'and TABLE_SCHEMA='ST_BKP_HARP'
Executing Snowflake query :: SELECT COLUMN_NAME FROM DEV_ENT_CURATED.INFORMATION_SCHEMA.COLUMNS WHERE TABLE_NAME='DIM_EQUIPMENT'and TABLE_SCHEMA='MASTER_DIMENSIONS'
Column names for RAW Table --> EQUIPMENT :: [ACCOUNT, ARCHIVED, PAYSFLATAMOUNT, SCHEDULEDFLATAMOUNT, SERVICEPROVIDERWARRANTY_DESCRIPTION, PRIMARYVENDOR_ID, MANUFACTURER, AVALARACOMMERCIALTAXCODE, CREATEDBY_ID, ISINVENTORY, TAXABLE, INVENTORYENABLEDBY_ID, NAME, MODEL, ALLOWDISCOUNTS, TYPE_ID, ORIGINAL_ID, PAYSCOMMISSION, SERIALIZEDON, DESCRIPTION, EXCLUDEFROMPRICEBOOKWIZARD, MEMBERPRICE, MODIFIEDON, SERVICEPROVIDERWARRANTY_DURATION, IMAGES, INVENTORYENABLEDON, PAYTECHSPECIFICBONUS, ADDONMEMBERPRICE, COMMISSIONBONUS, COPIEDFROM_ID, ISSERIALIZED, PAYSSOLDBYRATE, DISPLAYNAME, PROVIDER_ID, UNITOFMEASURE, ADDONPRICE, AVALARARESIDENTIALTAXCODE, CATEGORY_ID, COSTOFSALEACCOUNT_ID, CROSSSALEGROUP, DISPLAYINAMOUNT, GENERALLEDGERACCOUNT_ID, HOURS, CREATEDON, SUPPLIERIMAGES, BONUS, BRAND, ID, IMPORTID, LOYALTYPROGRAMELIGIBLE, MANUFACTURERWARRANTY_DURATION, PRICE, SOURCEVERSION, MANUFACTURERWARRANTY_DESCRIPTION, ACTIVE, ADDONFLATAMOUNT, ASSETACCOUNT_ID, BUSINESSUNIT_ID, COST, EXTERNALID, SOURCE, SYNCDATE, WARRANTYRESERVE]
Column names for DataMart Table --> STR_EQUIPMENT :: [CREATEDON, DISPLAYNAME, EXCLUDEFROMPRICEBOOKWIZARD, SOURCEVERSION, TAXABLE, SUPPLIERIMAGES, GENERALLEDGERACCOUNT_ID, ACTIVE_FLAG, ADDONPRICE, COPIEDFROM_ID, EXTERNALID, ID, TENANT_TYPE, INVENTORYENABLEDON, MODIFIEDON, PROVIDER_ID, PAYTECHSPECIFICBONUS, ACCOUNT, BUSINESSUNIT_ID, CATEGORY_ID, INVENTORYENABLEDBY_ID, ISINVENTORY, MEMBERPRICE, PRICE, SOURCE, UNITOFMEASURE, BRAND, PAYSFLATAMOUNT, ASSETACCOUNT_ID, ALLOWDISCOUNTS, BONUS, COMMISSIONBONUS, MANUFACTURERWARRANTY_DURATION, MODEL, PRIMARYVENDOR_ID, SCHEDULEDFLATAMOUNT, AVALARARESIDENTIALTAXCODE, ORIGINAL_ID, WARRANTYRESERVE, PAYSSOLDBYRATE, AVALARACOMMERCIALTAXCODE, DISPLAYINAMOUNT, LOYALTYPROGRAMELIGIBLE, MANUFACTURER, IMPORTID, MASTER_ID, RECORD_UPDATE_DATE, SERIALIZEDON, SYNCDATE, DESCRIPTION, ACTIVE, ADDONMEMBERPRICE, ARCHIVED, HOURS, ISSERIALIZED, TYPE_ID, CROSSSALEGROUP, PAYSCOMMISSION, SERVICEPROVIDERWARRANTY_DESCRIPTION, SERVICEPROVIDERWARRANTY_DURATION, NAME, ADDONFLATAMOUNT, COST, COSTOFSALEACCOUNT_ID, CREATEDBY_ID, IMAGES, RECORD_CREATE_DATE, MANUFACTURERWARRANTY_DESCRIPTION]
Column names for Curated Table --> DIM_EQUIPMENT :: [ASSETACCOUNT_ID, COMMISSIONBONUS, COSTOFSALEACCOUNT_ID, MODEL, SCHEDULEDFLATAMOUNT, COPIEDFROM_ID, ISSERIALIZED, PAYSFLATAMOUNT, PAYTECHSPECIFICBONUS, RECORD_CREATE_DATE, SERVICEPROVIDERWARRANTY_DURATION, ID, AVALARACOMMERCIALTAXCODE, BONUS, HOURS, LOYALTYPROGRAMELIGIBLE, SOURCE, SERIALIZEDON, ADDONPRICE, EXCLUDEFROMPRICEBOOKWIZARD, PAYSCOMMISSION, ISINVENTORY, MODIFIEDON, ACTIVE, ADDONMEMBERPRICE, CREATEDON, EXTERNALID, PRIMARYVENDOR_ID, BUSINESSUNIT_ID, NAME, PAYSSOLDBYRATE, SYNCDATE, AVALARARESIDENTIALTAXCODE, BRAND, CREATEDBY_ID, DISPLAYINAMOUNT, MANUFACTURERWARRANTY_DESCRIPTION, TENANT_TYPE, MANUFACTURER, PROVIDER_ID, SOURCEVERSION, RECORD_UPDATED_BY, ACCOUNT, ADDONFLATAMOUNT, COST, DISPLAYNAME, INVENTORYENABLEDBY_ID, TAXABLE, ARCHIVED, RECORD_UPDATE_DATE, DESCRIPTION, CATEGORY_ID, ALLOWDISCOUNTS, GENERALLEDGERACCOUNT_ID, INVENTORYENABLEDON, PRICE, TYPE_ID, SUPPLIERIMAGES, UNITOFMEASURE, CROSSSALEGROUP, IMAGES, IMPORTID, ORIGINAL_ID, SERVICEPROVIDERWARRANTY_DESCRIPTION, MEMBERPRICE, WARRANTYRESERVE, MANUFACTURERWARRANTY_DURATION]
Column Name found in Datamart and Curated Table :: ACCOUNT
Column Name found in Datamart and Curated Table :: ARCHIVED
Column Name found in Datamart and Curated Table :: PAYSFLATAMOUNT
Column Name found in Datamart and Curated Table :: SCHEDULEDFLATAMOUNT
Column Name found in Datamart and Curated Table :: SERVICEPROVIDERWARRANTY_DESCRIPTION
Column Name found in Datamart and Curated Table :: PRIMARYVENDOR_ID
Column Name found in Datamart and Curated Table :: MANUFACTURER
Column Name found in Datamart and Curated Table :: AVALARACOMMERCIALTAXCODE
Column Name found in Datamart and Curated Table :: CREATEDBY_ID
Column Name found in Datamart and Curated Table :: ISINVENTORY
Column Name found in Datamart and Curated Table :: TAXABLE
Column Name found in Datamart and Curated Table :: INVENTORYENABLEDBY_ID
Column Name found in Datamart and Curated Table :: NAME
Column Name found in Datamart and Curated Table :: MODEL
Column Name found in Datamart and Curated Table :: ALLOWDISCOUNTS
Column Name found in Datamart and Curated Table :: TYPE_ID
Column Name found in Datamart and Curated Table :: ORIGINAL_ID
Column Name found in Datamart and Curated Table :: PAYSCOMMISSION
Column Name found in Datamart and Curated Table :: SERIALIZEDON
Column Name found in Datamart and Curated Table :: DESCRIPTION
Column Name found in Datamart and Curated Table :: EXCLUDEFROMPRICEBOOKWIZARD
Column Name found in Datamart and Curated Table :: MEMBERPRICE
Column Name found in Datamart and Curated Table :: MODIFIEDON
Column Name found in Datamart and Curated Table :: SERVICEPROVIDERWARRANTY_DURATION
Column Name found in Datamart and Curated Table :: IMAGES
Column Name found in Datamart and Curated Table :: INVENTORYENABLEDON
Column Name found in Datamart and Curated Table :: PAYTECHSPECIFICBONUS
Column Name found in Datamart and Curated Table :: ADDONMEMBERPRICE
Column Name found in Datamart and Curated Table :: COMMISSIONBONUS
Column Name found in Datamart and Curated Table :: COPIEDFROM_ID
Column Name found in Datamart and Curated Table :: ISSERIALIZED
Column Name found in Datamart and Curated Table :: PAYSSOLDBYRATE
Column Name found in Datamart and Curated Table :: DISPLAYNAME
Column Name found in Datamart and Curated Table :: PROVIDER_ID
Column Name found in Datamart and Curated Table :: UNITOFMEASURE
Column Name found in Datamart and Curated Table :: ADDONPRICE
Column Name found in Datamart and Curated Table :: AVALARARESIDENTIALTAXCODE
Column Name found in Datamart and Curated Table :: CATEGORY_ID
Column Name found in Datamart and Curated Table :: COSTOFSALEACCOUNT_ID
Column Name found in Datamart and Curated Table :: CROSSSALEGROUP
Column Name found in Datamart and Curated Table :: DISPLAYINAMOUNT
Column Name found in Datamart and Curated Table :: GENERALLEDGERACCOUNT_ID
Column Name found in Datamart and Curated Table :: HOURS
Column Name found in Datamart and Curated Table :: CREATEDON
Column Name found in Datamart and Curated Table :: SUPPLIERIMAGES
Column Name found in Datamart and Curated Table :: BONUS
Column Name found in Datamart and Curated Table :: BRAND
Column Name found in Datamart and Curated Table :: ID
Column Name found in Datamart and Curated Table :: IMPORTID
Column Name found in Datamart and Curated Table :: LOYALTYPROGRAMELIGIBLE
Column Name found in Datamart and Curated Table :: MANUFACTURERWARRANTY_DURATION
Column Name found in Datamart and Curated Table :: PRICE
Column Name found in Datamart and Curated Table :: SOURCEVERSION
Column Name found in Datamart and Curated Table :: MANUFACTURERWARRANTY_DESCRIPTION
Column Name found in Datamart and Curated Table :: ACTIVE
Column Name found in Datamart and Curated Table :: ADDONFLATAMOUNT
Column Name found in Datamart and Curated Table :: ASSETACCOUNT_ID
Column Name found in Datamart and Curated Table :: BUSINESSUNIT_ID
Column Name found in Datamart and Curated Table :: COST
Column Name found in Datamart and Curated Table :: EXTERNALID
Column Name found in Datamart and Curated Table :: SOURCE
Column Name found in Datamart and Curated Table :: SYNCDATE
Column Name found in Datamart and Curated Table :: WARRANTYRESERVE
Datamart tables contains additional column name like [ACTIVE_FLAG, RECORD_CREATE_DATE, RECORD_UPDATE_DATE, RECORD_UPDATE_DATE, MASTER_ID, TENANT_TYPE]
Curated tables contains additional column name like [RECORD_CREATE_DATE, RECORD_UPDATE_DATE, RECORD_UPDATED_BY, TENANT_TYPE]]]>
  </system-out>
  <testcase classname="testcases.RAW_DATAMART_CURATED.SnowFlake_ColumnValidation_BKPTables" name="validateColumnName_BKP" time="2.360"/>
  <system-out>
    <![CDATA[Executing Snowflake query :: SELECT COLUMN_NAME FROM DEV_ENT_RAW.INFORMATION_SCHEMA.COLUMNS WHERE TABLE_NAME='CAMPAIGN'and TABLE_SCHEMA='ST_HDAIR_MATILLION'
Executing Snowflake query :: SELECT COLUMN_NAME FROM CURATED_DATAMART.INFORMATION_SCHEMA.COLUMNS WHERE TABLE_NAME='STR_CAMPAIGN'and TABLE_SCHEMA='ST_BKP_HDAIR'
Executing Snowflake query :: SELECT COLUMN_NAME FROM DEV_ENT_CURATED.INFORMATION_SCHEMA.COLUMNS WHERE TABLE_NAME='DIM_CAMPAIGN'and TABLE_SCHEMA='MASTER_DIMENSIONS'
Column names for RAW Table --> CAMPAIGN :: [MODIFIEDON, CREATEDBY_ID, ID, NAME, CATEGORY_ID, MODIFIEDBY_ID, DNIS, IMAGE, IMPORTID, CREATEDON, ACTIVE, BUSINESSUNIT_ID, COST]
Column names for DataMart Table --> STR_CAMPAIGN :: [MODIFIEDON, TENANT_TYPE, COST, NAME, CATEGORY_ID, IMAGE, ID, IMPORTID, MODIFIEDBY_ID, ACTIVE, ACTIVE_FLAG, MASTER_ID, CREATEDBY_ID, CREATEDON, DNIS, BUSINESSUNIT_ID, RECORD_UPDATE_DATE, RECORD_CREATE_DATE]
Column names for Curated Table --> DIM_CAMPAIGN :: [IMAGE, MODIFIEDBY_ID, CATEGORY_ID, NAME, RECORD_CREATE_DATE, ACTIVE, COST, CREATEDBY_ID, IMPORTID, CREATEDON, BUSINESSUNIT_ID, ID, RECORD_UPDATED_BY, MODIFIEDON, DNIS, RECORD_UPDATE_DATE, TENANT_TYPE]
Column Name found in Datamart and Curated Table :: MODIFIEDON
Column Name found in Datamart and Curated Table :: CREATEDBY_ID
Column Name found in Datamart and Curated Table :: ID
Column Name found in Datamart and Curated Table :: NAME
Column Name found in Datamart and Curated Table :: CATEGORY_ID
Column Name found in Datamart and Curated Table :: MODIFIEDBY_ID
Column Name found in Datamart and Curated Table :: DNIS
Column Name found in Datamart and Curated Table :: IMAGE
Column Name found in Datamart and Curated Table :: IMPORTID
Column Name found in Datamart and Curated Table :: CREATEDON
Column Name found in Datamart and Curated Table :: ACTIVE
Column Name found in Datamart and Curated Table :: BUSINESSUNIT_ID
Column Name found in Datamart and Curated Table :: COST
Datamart tables contains additional column name like [ACTIVE_FLAG, RECORD_CREATE_DATE, RECORD_UPDATE_DATE, RECORD_UPDATE_DATE, MASTER_ID, TENANT_TYPE]
Curated tables contains additional column name like [RECORD_CREATE_DATE, RECORD_UPDATE_DATE, RECORD_UPDATED_BY, TENANT_TYPE]]]>
  </system-out>
  <testcase classname="testcases.RAW_DATAMART_CURATED.SnowFlake_ColumnValidation_BKPTables" name="validateColumnName_BKP" time="2.348">
    <failure message="The following asserts failed:
	null" type="java.lang.AssertionError">
      <![CDATA[java.lang.AssertionError: The following asserts failed:
null
at org.testng.asserts.SoftAssert.assertAll(SoftAssert.java:47)
at org.testng.asserts.SoftAssert.assertAll(SoftAssert.java:31)
at testcases.RAW_DATAMART_CURATED.SnowFlake_ColumnValidation_BKPTables.validateColumnName_BKP(SnowFlake_ColumnValidation_BKPTables.java:120)
at jdk.internal.reflect.GeneratedMethodAccessor38.invoke(Unknown Source)
at java.base/jdk.internal.reflect.DelegatingMethodAccessorImpl.invoke(DelegatingMethodAccessorImpl.java:43)
at java.base/java.lang.reflect.Method.invoke(Method.java:568)
at org.testng.internal.MethodInvocationHelper.invokeMethod(MethodInvocationHelper.java:133)
at org.testng.internal.TestInvoker.invokeMethod(TestInvoker.java:598)
at org.testng.internal.TestInvoker.invokeTestMethod(TestInvoker.java:173)
at org.testng.internal.MethodRunner.runInSequence(MethodRunner.java:46)
at org.testng.internal.TestInvoker$MethodInvocationAgent.invoke(TestInvoker.java:824)
at org.testng.internal.TestInvoker.invokeTestMethods(TestInvoker.java:146)
at org.testng.internal.TestMethodWorker.invokeTestMethods(TestMethodWorker.java:146)
at org.testng.internal.TestMethodWorker.run(TestMethodWorker.java:128)
at java.base/java.util.ArrayList.forEach(ArrayList.java:1511)
at org.testng.TestRunner.privateRun(TestRunner.java:794)
at org.testng.TestRunner.run(TestRunner.java:596)
at org.testng.SuiteRunner.runTest(SuiteRunner.java:377)
at org.testng.SuiteRunner.runSequentially(SuiteRunner.java:371)
at org.testng.SuiteRunner.privateRun(SuiteRunner.java:332)
at org.testng.SuiteRunner.run(SuiteRunner.java:276)
at org.testng.SuiteRunnerWorker.runSuite(SuiteRunnerWorker.java:53)
at org.testng.SuiteRunnerWorker.run(SuiteRunnerWorker.java:96)
at org.testng.TestNG.runSuitesSequentially(TestNG.java:1212)
at org.testng.TestNG.runSuitesLocally(TestNG.java:1134)
at org.testng.TestNG.runSuites(TestNG.java:1063)
at org.testng.TestNG.run(TestNG.java:1031)
at org.testng.remote.AbstractRemoteTestNG.run(AbstractRemoteTestNG.java:115)
at org.testng.remote.RemoteTestNG.initAndRun(RemoteTestNG.java:251)
at org.testng.remote.RemoteTestNG.main(RemoteTestNG.java:77)
]]>
    </failure>
  </testcase> <!-- validateColumnName_BKP -->
  <system-out>
    <![CDATA[Executing Snowflake query :: SELECT COLUMN_NAME FROM DEV_ENT_RAW.INFORMATION_SCHEMA.COLUMNS WHERE TABLE_NAME='TECHNICIAN'and TABLE_SCHEMA='ST_BILLFENWICK_MATILLION'
Executing Snowflake query :: SELECT COLUMN_NAME FROM CURATED_DATAMART.INFORMATION_SCHEMA.COLUMNS WHERE TABLE_NAME='STR_TECHNICIAN'and TABLE_SCHEMA='ST_BKP_BILLFENWICK'
Executing Snowflake query :: SELECT COLUMN_NAME FROM DEV_ENT_CURATED.INFORMATION_SCHEMA.COLUMNS WHERE TABLE_NAME='DIM_TECHNICIAN'and TABLE_SCHEMA='MASTER_DIMENSIONS'
Column names for RAW Table --> TECHNICIAN :: [BURDENRATE, CHECKEDIN, COLOR, DAILYGOAL, EMAIL, HOME_STREET, PAYTYPE, ID, ISEXTERNAL, PAYROLLSTARTDATE, HOURLYRATE, OUTBOUNDCALLERID, POSITION, TEAM, UNION, TURNOVERBONUS, ADDONMULTITECHCOMMISSIONRATE, APPOINTMENT_ID, BIO, DEDUCTCOMMUTETIMEFROMFIRSTDRIVE, DEFAULTLABORTYPE_ID, DISPATCHNOTIFICATIONS, IMPORTID, LONGITUDE, PHONE, TYPE, WILLIAMSTECHNICIANROLE, MOBILEPHONE, SHIFTEND, ISAUTODISPATCHED, SCHEDULEDCREWSPLITCOMMISSIONRATE, PAYROLLPOSTINGGROUP_ID, CREATEDON, PAYFREQUENCY_ID, CURRENTVALUE, HOME_ISMILITARY, HOME_UNIT, SALESFACTOR, LASTNAME, MOBILEPHONECONFIRMED, PROJECTEDVALUE, STANDARDWORKTYPECODE_ID, TODAYREVENUE_TECHNICIAN, TRUCK_ID, FIRSTDRIVERULE, HOME_ISMANUALCOORDINATES, PHOTO, ADDONCREWSPLITCOMMISSIONRATE, BIRTHDATE, BUSINESSUNIT_ID, HOME_LATITUDE, PAYROLLSTARTPERIOD, LOCATION_TECHNICIAN, OVERTIMEPAYROLLCONTROLCODE_ID, PHONECONFIRMED, SALESFORCECONTACTID, LATITUDE, SCHEDULEDMULTITECHCOMMISSIONRATE, ZONE_ID, PAYPERIOD, COMMUTETIME, COORDINATESUPDATEDON, HOME_COUNTRY, INVENTORYWAREHOUSENAME, MEMO, OVERTIMEWORKTYPECODE_ID, LICENSE, MANAGER_ID, MIDDLENAME, OVERTIMEPROFILE_ID, SMARTDISPATCHSETTINGS_TECHNICIAN, SOLDBYRATE, STATUSUPDATEDON, ROUTESTATISTICS_TECHNICIAN, PAYROLLREPORTVERSION, ACTIVE, ADDONSOLOCOMMISSIONRATE, ATLASBUTLERTECHNICIANROLE, EMAILCONFIRMED, MUHULINK, NAVISIONEMPLOYEEID, PROJECTLABELS, COMMISSIONRATE, DEFAULTPAYROLLADJUSTMENTRATE, HOME_STATE, JOB_ID, MODIFIEDON, OVERALLSALESFACTOR_TECHNICIAN, PAYROLLPROFILE_ID, HOME_CITY, STANDARDPAYROLLCONTROLCODE_ID, GOALIMAGE, OVERTIMEMODE, HOME_LONGITUDE, ISMANAGEDTECH, NAME, SHIFTSTART, USER_ID, QBREPID, HOME_ZIP, FIRSTNAME, JOBFILTER, MEALTIME, PAYROLLID, PAYROLLROLE, CREATEDBY_ID, INVOICINGHOURLYRATE, STATUS, SCHEDULEDSOLOCOMMISSIONRATE, STARTDATE, ISEXCLUDEDFROMPAYROLL, SHOWJOBAPPOINTMENTRESCHEDULEALERT]
Column names for DataMart Table --> STR_TECHNICIAN :: [COMMISSIONRATE, HOME_CITY, HOME_UNIT, ISAUTODISPATCHED, NAVISIONEMPLOYEEID, PAYROLLROLE, SCHEDULEDMULTITECHCOMMISSIONRATE, ADDONMULTITECHCOMMISSIONRATE, MODIFIEDON, PHONE, SALESFORCECONTACTID, EMAIL, OVERTIMEPROFILE_ID, BUSINESSUNIT_ID, COLOR, DEDUCTCOMMUTETIMEFROMFIRSTDRIVE, HOME_STREET, MASTER_ID, OUTBOUNDCALLERID, PAYTYPE, COMMUTETIME, OVERALLSALESFACTOR_TECHNICIAN, PAYPERIOD, PROJECTEDVALUE, RECORD_CREATE_DATE, SHIFTEND, ZONE_ID, PAYROLLPROFILE_ID, SCHEDULEDSOLOCOMMISSIONRATE, NAME, ACTIVE, ADDONCREWSPLITCOMMISSIONRATE, BIO, DAILYGOAL, FIRSTDRIVERULE, MANAGER_ID, OVERTIMEWORKTYPECODE_ID, PAYROLLID, LOCATION_TECHNICIAN, STANDARDWORKTYPECODE_ID, ADDONSOLOCOMMISSIONRATE, ATLASBUTLERTECHNICIANROLE, BIRTHDATE, CREATEDON, IMPORTID, INVOICINGHOURLYRATE, PHOTO, SCHEDULEDCREWSPLITCOMMISSIONRATE, TODAYREVENUE_TECHNICIAN, HOME_COUNTRY, ID, MUHULINK, PAYROLLREPORTVERSION, PAYROLLSTARTPERIOD, STANDARDPAYROLLCONTROLCODE_ID, WILLIAMSTECHNICIANROLE, STARTDATE, EMAILCONFIRMED, PAYROLLSTARTDATE, BURDENRATE, DEFAULTLABORTYPE_ID, FIRSTNAME, GOALIMAGE, HOME_LONGITUDE, INVENTORYWAREHOUSENAME, JOBFILTER, TYPE, MIDDLENAME, SOLDBYRATE, CHECKEDIN, CREATEDBY_ID, HOME_STATE, HOURLYRATE, RECORD_UPDATE_DATE, CURRENTVALUE, HOME_ISMILITARY, JOB_ID, PAYROLLPOSTINGGROUP_ID, QBREPID, SALESFACTOR, MEMO, SHIFTSTART, TRUCK_ID, COORDINATESUPDATEDON, HOME_ZIP, MOBILEPHONE, HOME_LATITUDE, MEALTIME, MOBILEPHONECONFIRMED, STATUSUPDATEDON, DISPATCHNOTIFICATIONS, ISEXTERNAL, OVERTIMEMODE, PHONECONFIRMED, STATUS, USER_ID, PAYFREQUENCY_ID, ROUTESTATISTICS_TECHNICIAN, SMARTDISPATCHSETTINGS_TECHNICIAN, SHOWJOBAPPOINTMENTRESCHEDULEALERT, LATITUDE, ACTIVE_FLAG, APPOINTMENT_ID, FLEET_ID, LASTNAME, DEFAULTPAYROLLADJUSTMENTRATE, HOME_ISMANUALCOORDINATES, LONGITUDE, OVERTIMEPAYROLLCONTROLCODE_ID, POSITION, PROJECTLABELS, TEAM, ISMANAGEDTECH, TENANT_TYPE, TURNOVERBONUS, UNION, LICENSE]
Column names for Curated Table --> DIM_TECHNICIAN :: [ADDONCREWSPLITCOMMISSIONRATE, COMMUTETIME, DEFAULTLABORTYPE_ID, EMAILCONFIRMED, FIRSTNAME, FLEET_ID, HOME_COUNTRY, HOME_UNIT, MOBILEPHONE, PHONECONFIRMED, OVERALLSALESFACTOR_TECHNICIAN, PAYROLLSTARTDATE, TURNOVERBONUS, PAYPERIOD, PAYROLLROLE, BIRTHDATE, HOME_ISMANUALCOORDINATES, HOME_ISMILITARY, INVENTORYWAREHOUSENAME, JOBFILTER, MEMO, PAYFREQUENCY_ID, POSITION, ID, ISAUTODISPATCHED, LICENSE, TEAM, SCHEDULEDCREWSPLITCOMMISSIONRATE, SALESFACTOR, ADDONSOLOCOMMISSIONRATE, CURRENTVALUE, DAILYGOAL, DEDUCTCOMMUTETIMEFROMFIRSTDRIVE, MANAGER_ID, OVERTIMEPROFILE_ID, SHIFTSTART, SHOWJOBAPPOINTMENTRESCHEDULEALERT, SMARTDISPATCHSETTINGS_TECHNICIAN, GOALIMAGE, MODIFIEDON, PAYROLLID, PAYROLLREPORTVERSION, RECORD_CREATE_DATE, TODAYREVENUE_TECHNICIAN, TYPE, PROJECTLABELS, SCHEDULEDSOLOCOMMISSIONRATE, LONGITUDE, ADDONMULTITECHCOMMISSIONRATE, APPOINTMENT_ID, CHECKEDIN, COLOR, CREATEDON, DISPATCHNOTIFICATIONS, IMPORTID, LASTNAME, MOBILEPHONECONFIRMED, STATUSUPDATEDON, ZONE_ID, HOME_STATE, MEALTIME, NAME, NAVISIONEMPLOYEEID, PAYROLLPOSTINGGROUP_ID, PHOTO, PROJECTEDVALUE, STANDARDPAYROLLCONTROLCODE_ID, OVERTIMEMODE, BURDENRATE, FIRSTDRIVERULE, JOB_ID, PAYROLLPROFILE_ID, QBREPID, ROUTESTATISTICS_TECHNICIAN, STARTDATE, TRUCK_ID, USER_ID, STANDARDWORKTYPECODE_ID, MIDDLENAME, COMMISSIONRATE, CREATEDBY_ID, HOME_LONGITUDE, HOME_ZIP, HOURLYRATE, LATITUDE, SCHEDULEDMULTITECHCOMMISSIONRATE, BUSINESSUNIT_ID, OUTBOUNDCALLERID, RECORD_UPDATED_BY, STATUS, MUHULINK, OVERTIMEPAYROLLCONTROLCODE_ID, UNION, PAYTYPE, INVOICINGHOURLYRATE, RECORD_UPDATE_DATE, COORDINATESUPDATEDON, LOCATION_TECHNICIAN, EMAIL, HOME_CITY, ISEXTERNAL, OVERTIMEWORKTYPECODE_ID, PAYROLLSTARTPERIOD, SHIFTEND, WILLIAMSTECHNICIANROLE, TENANT_TYPE, ACTIVE, ATLASBUTLERTECHNICIANROLE, BIO, DEFAULTPAYROLLADJUSTMENTRATE, HOME_LATITUDE, HOME_STREET, ISMANAGEDTECH, PHONE, SALESFORCECONTACTID, SOLDBYRATE]
Column Name found in Datamart and Curated Table :: BURDENRATE
Column Name found in Datamart and Curated Table :: CHECKEDIN
Column Name found in Datamart and Curated Table :: COLOR
Column Name found in Datamart and Curated Table :: DAILYGOAL
Column Name found in Datamart and Curated Table :: EMAIL
Column Name found in Datamart and Curated Table :: HOME_STREET
Column Name found in Datamart and Curated Table :: PAYTYPE
Column Name found in Datamart and Curated Table :: ID
Column Name found in Datamart and Curated Table :: ISEXTERNAL
Column Name found in Datamart and Curated Table :: PAYROLLSTARTDATE
Column Name found in Datamart and Curated Table :: HOURLYRATE
Column Name found in Datamart and Curated Table :: OUTBOUNDCALLERID
Column Name found in Datamart and Curated Table :: POSITION
Column Name found in Datamart and Curated Table :: TEAM
Column Name found in Datamart and Curated Table :: UNION
Column Name found in Datamart and Curated Table :: TURNOVERBONUS
Column Name found in Datamart and Curated Table :: ADDONMULTITECHCOMMISSIONRATE
Column Name found in Datamart and Curated Table :: APPOINTMENT_ID
Column Name found in Datamart and Curated Table :: BIO
Column Name found in Datamart and Curated Table :: DEDUCTCOMMUTETIMEFROMFIRSTDRIVE
Column Name found in Datamart and Curated Table :: DEFAULTLABORTYPE_ID
Column Name found in Datamart and Curated Table :: DISPATCHNOTIFICATIONS
Column Name found in Datamart and Curated Table :: IMPORTID
Column Name found in Datamart and Curated Table :: LONGITUDE
Column Name found in Datamart and Curated Table :: PHONE
Column Name found in Datamart and Curated Table :: TYPE
Column Name found in Datamart and Curated Table :: WILLIAMSTECHNICIANROLE
Column Name found in Datamart and Curated Table :: MOBILEPHONE
Column Name found in Datamart and Curated Table :: SHIFTEND
Column Name found in Datamart and Curated Table :: ISAUTODISPATCHED
Column Name found in Datamart and Curated Table :: SCHEDULEDCREWSPLITCOMMISSIONRATE
Column Name found in Datamart and Curated Table :: PAYROLLPOSTINGGROUP_ID
Column Name found in Datamart and Curated Table :: CREATEDON
Column Name found in Datamart and Curated Table :: PAYFREQUENCY_ID
Column Name found in Datamart and Curated Table :: CURRENTVALUE
Column Name found in Datamart and Curated Table :: HOME_ISMILITARY
Column Name found in Datamart and Curated Table :: HOME_UNIT
Column Name found in Datamart and Curated Table :: SALESFACTOR
Column Name found in Datamart and Curated Table :: LASTNAME
Column Name found in Datamart and Curated Table :: MOBILEPHONECONFIRMED
Column Name found in Datamart and Curated Table :: PROJECTEDVALUE
Column Name found in Datamart and Curated Table :: STANDARDWORKTYPECODE_ID
Column Name found in Datamart and Curated Table :: TODAYREVENUE_TECHNICIAN
Column Name found in Datamart and Curated Table :: TRUCK_ID
Column Name found in Datamart and Curated Table :: FIRSTDRIVERULE
Column Name found in Datamart and Curated Table :: HOME_ISMANUALCOORDINATES
Column Name found in Datamart and Curated Table :: PHOTO
Column Name found in Datamart and Curated Table :: ADDONCREWSPLITCOMMISSIONRATE
Column Name found in Datamart and Curated Table :: BIRTHDATE
Column Name found in Datamart and Curated Table :: BUSINESSUNIT_ID
Column Name found in Datamart and Curated Table :: HOME_LATITUDE
Column Name found in Datamart and Curated Table :: PAYROLLSTARTPERIOD
Column Name found in Datamart and Curated Table :: LOCATION_TECHNICIAN
Column Name found in Datamart and Curated Table :: OVERTIMEPAYROLLCONTROLCODE_ID
Column Name found in Datamart and Curated Table :: PHONECONFIRMED
Column Name found in Datamart and Curated Table :: SALESFORCECONTACTID
Column Name found in Datamart and Curated Table :: LATITUDE
Column Name found in Datamart and Curated Table :: SCHEDULEDMULTITECHCOMMISSIONRATE
Column Name found in Datamart and Curated Table :: ZONE_ID
Column Name found in Datamart and Curated Table :: PAYPERIOD
Column Name found in Datamart and Curated Table :: COMMUTETIME
Column Name found in Datamart and Curated Table :: COORDINATESUPDATEDON
Column Name found in Datamart and Curated Table :: HOME_COUNTRY
Column Name found in Datamart and Curated Table :: INVENTORYWAREHOUSENAME
Column Name found in Datamart and Curated Table :: MEMO
Column Name found in Datamart and Curated Table :: OVERTIMEWORKTYPECODE_ID
Column Name found in Datamart and Curated Table :: LICENSE
Column Name found in Datamart and Curated Table :: MANAGER_ID
Column Name found in Datamart and Curated Table :: MIDDLENAME
Column Name found in Datamart and Curated Table :: OVERTIMEPROFILE_ID
Column Name found in Datamart and Curated Table :: SMARTDISPATCHSETTINGS_TECHNICIAN
Column Name found in Datamart and Curated Table :: SOLDBYRATE
Column Name found in Datamart and Curated Table :: STATUSUPDATEDON
Column Name found in Datamart and Curated Table :: ROUTESTATISTICS_TECHNICIAN
Column Name found in Datamart and Curated Table :: PAYROLLREPORTVERSION
Column Name found in Datamart and Curated Table :: ACTIVE
Column Name found in Datamart and Curated Table :: ADDONSOLOCOMMISSIONRATE
Column Name found in Datamart and Curated Table :: ATLASBUTLERTECHNICIANROLE
Column Name found in Datamart and Curated Table :: EMAILCONFIRMED
Column Name found in Datamart and Curated Table :: MUHULINK
Column Name found in Datamart and Curated Table :: NAVISIONEMPLOYEEID
Column Name found in Datamart and Curated Table :: PROJECTLABELS
Column Name found in Datamart and Curated Table :: COMMISSIONRATE
Column Name found in Datamart and Curated Table :: DEFAULTPAYROLLADJUSTMENTRATE
Column Name found in Datamart and Curated Table :: HOME_STATE
Column Name found in Datamart and Curated Table :: JOB_ID
Column Name found in Datamart and Curated Table :: MODIFIEDON
Column Name found in Datamart and Curated Table :: OVERALLSALESFACTOR_TECHNICIAN
Column Name found in Datamart and Curated Table :: PAYROLLPROFILE_ID
Column Name found in Datamart and Curated Table :: HOME_CITY
Column Name found in Datamart and Curated Table :: STANDARDPAYROLLCONTROLCODE_ID
Column Name found in Datamart and Curated Table :: GOALIMAGE
Column Name found in Datamart and Curated Table :: OVERTIMEMODE
Column Name found in Datamart and Curated Table :: HOME_LONGITUDE
Column Name found in Datamart and Curated Table :: ISMANAGEDTECH
Column Name found in Datamart and Curated Table :: NAME
Column Name found in Datamart and Curated Table :: SHIFTSTART
Column Name found in Datamart and Curated Table :: USER_ID
Column Name found in Datamart and Curated Table :: QBREPID
Column Name found in Datamart and Curated Table :: HOME_ZIP
Column Name found in Datamart and Curated Table :: FIRSTNAME
Column Name found in Datamart and Curated Table :: JOBFILTER
Column Name found in Datamart and Curated Table :: MEALTIME
Column Name found in Datamart and Curated Table :: PAYROLLID
Column Name found in Datamart and Curated Table :: PAYROLLROLE
Column Name found in Datamart and Curated Table :: CREATEDBY_ID
Column Name found in Datamart and Curated Table :: INVOICINGHOURLYRATE
Column Name found in Datamart and Curated Table :: STATUS
Column Name found in Datamart and Curated Table :: SCHEDULEDSOLOCOMMISSIONRATE
Column Name found in Datamart and Curated Table :: STARTDATE
Column Name not found in Datamart and Curated Table :: ISEXCLUDEDFROMPAYROLL
Column Name found in Datamart and Curated Table :: SHOWJOBAPPOINTMENTRESCHEDULEALERT
Datamart tables contains additional column name like [ACTIVE_FLAG, RECORD_CREATE_DATE, RECORD_UPDATE_DATE, RECORD_UPDATE_DATE, MASTER_ID, TENANT_TYPE]
Curated tables contains additional column name like [RECORD_CREATE_DATE, RECORD_UPDATE_DATE, RECORD_UPDATED_BY, TENANT_TYPE]]]>
  </system-out>
  <testcase classname="testcases.RAW_DATAMART_CURATED.SnowFlake_ColumnValidation_BKPTables" name="validateColumnName_BKP" time="3.639"/>
  <system-out>
    <![CDATA[Executing Snowflake query :: SELECT COLUMN_NAME FROM DEV_ENT_RAW.INFORMATION_SCHEMA.COLUMNS WHERE TABLE_NAME='EMPLOYEE'and TABLE_SCHEMA='ST_HUTCHINSON_MATILLION'
Executing Snowflake query :: SELECT COLUMN_NAME FROM CURATED_DATAMART.INFORMATION_SCHEMA.COLUMNS WHERE TABLE_NAME='STR_EMPLOYEE'and TABLE_SCHEMA='ST_BKP_HUTCHINSON'
Executing Snowflake query :: SELECT COLUMN_NAME FROM DEV_ENT_CURATED.INFORMATION_SCHEMA.COLUMNS WHERE TABLE_NAME='DIM_EMPLOYEE'and TABLE_SCHEMA='MASTER_DIMENSIONS'
Column names for RAW Table --> EMPLOYEE :: [EMAIL, EMAILCONFIRMED, HOME_CITY, HOME_LONGITUDE, MANAGER_ID, MOBILEPHONE, MOBILEPHONECONFIRMED, SALESFORCECONTACTID, IMPORTID, ISEXCLUDEDFROMPAYROLL, PAYFREQUENCY_ID, AGENTID, CREATEDBY_ID, HOME_COUNTRY, HOME_UNIT, OVERTIMEMODE, PAYROLLBUSINESSUNIT_ID, USER_ID, BIRTHDATE, HOME_ISMANUALCOORDINATES, NAME, OVERTIMEPROFILE_ID, PHOTO, LASTNAME, MIDDLENAME, PHONECONFIRMED, ACTIVE, ID, STARTDATE, FIRSTNAME, HOME_LATITUDE, PAYROLLID, CREATEDON, HOME_STREET, PHONE, ISEXTERNAL, POSITION, CLOCKINOUTREMINDER, HOME_ZIP, MODIFIEDON, HOME_ISMILITARY, HOURLYRATE, SALESFORCEROLE, HOME_STATE, PAYROLLSTARTPERIOD]
Column names for DataMart Table --> STR_EMPLOYEE :: [CREATEDON, MIDDLENAME, RECORD_CREATE_DATE, STARTDATE, ACTIVE, ACTIVE_FLAG, BIRTHDATE, CREATEDBY_ID, HOME_LONGITUDE, HOME_STATE, LASTNAME, MODIFIEDON, OVERTIMEMODE, HOME_ISMILITARY, OVERTIMEPROFILE_ID, POSITION, HOME_ISMANUALCOORDINATES, HOME_LATITUDE, MASTER_ID, PHOTO, CLOCKINOUTREMINDER, FIRSTNAME, HOME_COUNTRY, HOURLYRATE, PAYFREQUENCY_ID, PHONECONFIRMED, MOBILEPHONE, EMAIL, EMAILCONFIRMED, HOME_CITY, HOME_ZIP, MOBILEPHONECONFIRMED, PAYROLLID, ID, SALESFORCECONTACTID, RECORD_UPDATE_DATE, HOME_UNIT, IMPORTID, MANAGER_ID, SALESFORCEROLE, AGENTID, ISEXCLUDEDFROMPAYROLL, ISEXTERNAL, NAME, PHONE, PAYROLLBUSINESSUNIT_ID, HOME_STREET, USER_ID, PAYROLLSTARTPERIOD, TENANT_TYPE]
Column names for Curated Table --> DIM_EMPLOYEE :: [CREATEDON, EMAIL, HOME_COUNTRY, HOME_ISMILITARY, PAYROLLID, PHONECONFIRMED, PAYROLLSTARTPERIOD, STARTDATE, PHONE, EMAILCONFIRMED, MOBILEPHONE, PAYFREQUENCY_ID, USER_ID, HOME_STATE, ISEXTERNAL, SALESFORCEROLE, CLOCKINOUTREMINDER, OVERTIMEMODE, ACTIVE, FIRSTNAME, HOURLYRATE, ISEXCLUDEDFROMPAYROLL, PAYROLLBUSINESSUNIT_ID, SALESFORCECONTACTID, AGENTID, CREATEDBY_ID, MANAGER_ID, HOME_ZIP, ID, IMPORTID, MODIFIEDON, PHOTO, RECORD_CREATE_DATE, BIRTHDATE, HOME_LATITUDE, HOME_STREET, POSITION, MOBILEPHONECONFIRMED, RECORD_UPDATED_BY, HOME_CITY, HOME_ISMANUALCOORDINATES, HOME_LONGITUDE, HOME_UNIT, LASTNAME, MIDDLENAME, TENANT_TYPE, NAME, RECORD_UPDATE_DATE, OVERTIMEPROFILE_ID]
Column Name found in Datamart and Curated Table :: EMAIL
Column Name found in Datamart and Curated Table :: EMAILCONFIRMED
Column Name found in Datamart and Curated Table :: HOME_CITY
Column Name found in Datamart and Curated Table :: HOME_LONGITUDE
Column Name found in Datamart and Curated Table :: MANAGER_ID
Column Name found in Datamart and Curated Table :: MOBILEPHONE
Column Name found in Datamart and Curated Table :: MOBILEPHONECONFIRMED
Column Name found in Datamart and Curated Table :: SALESFORCECONTACTID
Column Name found in Datamart and Curated Table :: IMPORTID
Column Name found in Datamart and Curated Table :: ISEXCLUDEDFROMPAYROLL
Column Name found in Datamart and Curated Table :: PAYFREQUENCY_ID
Column Name found in Datamart and Curated Table :: AGENTID
Column Name found in Datamart and Curated Table :: CREATEDBY_ID
Column Name found in Datamart and Curated Table :: HOME_COUNTRY
Column Name found in Datamart and Curated Table :: HOME_UNIT
Column Name found in Datamart and Curated Table :: OVERTIMEMODE
Column Name found in Datamart and Curated Table :: PAYROLLBUSINESSUNIT_ID
Column Name found in Datamart and Curated Table :: USER_ID
Column Name found in Datamart and Curated Table :: BIRTHDATE
Column Name found in Datamart and Curated Table :: HOME_ISMANUALCOORDINATES
Column Name found in Datamart and Curated Table :: NAME
Column Name found in Datamart and Curated Table :: OVERTIMEPROFILE_ID
Column Name found in Datamart and Curated Table :: PHOTO
Column Name found in Datamart and Curated Table :: LASTNAME
Column Name found in Datamart and Curated Table :: MIDDLENAME
Column Name found in Datamart and Curated Table :: PHONECONFIRMED
Column Name found in Datamart and Curated Table :: ACTIVE
Column Name found in Datamart and Curated Table :: ID
Column Name found in Datamart and Curated Table :: STARTDATE
Column Name found in Datamart and Curated Table :: FIRSTNAME
Column Name found in Datamart and Curated Table :: HOME_LATITUDE
Column Name found in Datamart and Curated Table :: PAYROLLID
Column Name found in Datamart and Curated Table :: CREATEDON
Column Name found in Datamart and Curated Table :: HOME_STREET
Column Name found in Datamart and Curated Table :: PHONE
Column Name found in Datamart and Curated Table :: ISEXTERNAL
Column Name found in Datamart and Curated Table :: POSITION
Column Name found in Datamart and Curated Table :: CLOCKINOUTREMINDER
Column Name found in Datamart and Curated Table :: HOME_ZIP
Column Name found in Datamart and Curated Table :: MODIFIEDON
Column Name found in Datamart and Curated Table :: HOME_ISMILITARY
Column Name found in Datamart and Curated Table :: HOURLYRATE
Column Name found in Datamart and Curated Table :: SALESFORCEROLE
Column Name found in Datamart and Curated Table :: HOME_STATE
Column Name found in Datamart and Curated Table :: PAYROLLSTARTPERIOD
Datamart tables contains additional column name like [ACTIVE_FLAG, RECORD_CREATE_DATE, RECORD_UPDATE_DATE, RECORD_UPDATE_DATE, MASTER_ID, TENANT_TYPE]
Curated tables contains additional column name like [RECORD_CREATE_DATE, RECORD_UPDATE_DATE, RECORD_UPDATED_BY, TENANT_TYPE]]]>
  </system-out>
  <testcase classname="testcases.RAW_DATAMART_CURATED.SnowFlake_ColumnValidation_BKPTables" name="validateColumnName_BKP" time="3.820"/>
  <system-out>
    <![CDATA[Executing Snowflake query :: SELECT COLUMN_NAME FROM DEV_ENT_RAW.INFORMATION_SCHEMA.COLUMNS WHERE TABLE_NAME='SERVICE'and TABLE_SCHEMA='ST_HARP_MATILLION'
Executing Snowflake query :: SELECT COLUMN_NAME FROM CURATED_DATAMART.INFORMATION_SCHEMA.COLUMNS WHERE TABLE_NAME='STR_SERVICE'and TABLE_SCHEMA='ST_BKP_HARP'
Executing Snowflake query :: SELECT COLUMN_NAME FROM DEV_ENT_CURATED.INFORMATION_SCHEMA.COLUMNS WHERE TABLE_NAME='DIM_SERVICE'and TABLE_SCHEMA='MASTER_DIMENSIONS'
Column names for RAW Table --> SERVICE :: [BASERATE3, EXCLUDEFROMPRICEBOOKWIZARD, HOURS, ISDEFERREDREVENUE, ORIGINAL_ID, PAYSCOMMISSION, ACTIVE, COST, DESCRIPTION, DISPLAYNAME, GENERALLEDGERACCOUNT_ID, IMPORTID, SCHEDULEDFLATAMOUNT, ISTIMEANDMATERIAL, MEMBERSHIPACTION, EXTERNALID, DISPATCHFEE, ISLABOR, ADDONPRICE, ARCHIVED, COMMISSIONBONUS, DISPLAYINAMOUNT, NOTAX, PAYSFLATAMOUNT, WARRANTY_DESCRIPTION, SOLDBYCOMMISSION, SOURCEVERSION, AVALARARESIDENTIALTAXCODE, MEMBERSHIPYEARS, AUTOGLASSTYPE, BONUS, ID, ISOTTASK, LOYALTYPROGRAMELIGIBLE, PAYSSOLDBYRATE, WORKFLOWACTION_ID, ACCOUNT, ADDONMEMBERPRICE, TAXABLE, WARRANTY_DURATION, AVALARACOMMERCIALTAXCODE, COPIEDFROM_ID, MINIMUMLABORHOURS, RECURRINGSERVICETYPE_ID, SOURCE, IMAGES, MODIFIEDON, NAME, PROVIDER_ID, PURCHASEORDERLIMITS_FLATAMOUNT, ALLOWAPPLYTAGSTOENTITIES, BASERATE1, BASERATE2, BUSINESSUNIT_ID, CATEGORY_ID, GENERATEDTAGTARGETS, MEMBERPRICE, MEMBERSHIP, SYNCDATE, PURCHASEORDERLIMITS_REVENUEPERCENT, QBITEMNAME, ADDONFLATAMOUNT, ALLOWDISCOUNTS, CREATEDON, MEMBERSHIPMONTHS, MEMBERSHIPTYPE_ID, CREATEDBY_ID, CROSSSALEGROUP, PRICE, PAYTECHSPECIFICBONUS, SUPPLIERIMAGES]
Column names for DataMart Table --> STR_SERVICE :: [ADDONMEMBERPRICE, ALLOWDISCOUNTS, ARCHIVED, AVALARARESIDENTIALTAXCODE, BUSINESSUNIT_ID, DESCRIPTION, ID, PAYSSOLDBYRATE, PRICE, WARRANTY_DURATION, TAXABLE, SUPPLIERIMAGES, BASERATE3, COST, ISLABOR, MEMBERSHIPACTION, SOURCE, MEMBERSHIPYEARS, SOURCEVERSION, ACCOUNT, ALLOWAPPLYTAGSTOENTITIES, CATEGORY_ID, GENERALLEDGERACCOUNT_ID, HOURS, IMPORTID, SYNCDATE, PAYTECHSPECIFICBONUS, ADDONFLATAMOUNT, BASERATE1, CREATEDBY_ID, DISPLAYINAMOUNT, EXCLUDEFROMPRICEBOOKWIZARD, IMAGES, ISDEFERREDREVENUE, ISTIMEANDMATERIAL, MASTER_ID, ISOTTASK, ORIGINAL_ID, PROVIDER_ID, TENANT_TYPE, WARRANTY_DESCRIPTION, RECURRINGSERVICETYPE_ID, AVALARACOMMERCIALTAXCODE, AUTOGLASSTYPE, MEMBERPRICE, MINIMUMLABORHOURS, MODIFIEDON, NOTAX, PAYSFLATAMOUNT, PURCHASEORDERLIMITS_FLATAMOUNT, WORKFLOWACTION_ID, ACTIVE, CROSSSALEGROUP, MEMBERSHIPMONTHS, MEMBERSHIP, NAME, ADDONPRICE, COPIEDFROM_ID, GENERATEDTAGTARGETS, LOYALTYPROGRAMELIGIBLE, PAYSCOMMISSION, PURCHASEORDERLIMITS_REVENUEPERCENT, BONUS, CREATEDON, RECORD_UPDATE_DATE, MEMBERSHIPTYPE_ID, ACTIVE_FLAG, BASERATE2, COMMISSIONBONUS, DISPATCHFEE, DISPLAYNAME, RECORD_CREATE_DATE, QBITEMNAME, SCHEDULEDFLATAMOUNT, SOLDBYCOMMISSION, EXTERNALID]
Column names for Curated Table --> DIM_SERVICE :: [ACCOUNT, ALLOWDISCOUNTS, BASERATE3, DESCRIPTION, DISPATCHFEE, ISOTTASK, MEMBERSHIP, SOLDBYCOMMISSION, DISPLAYNAME, AUTOGLASSTYPE, AVALARACOMMERCIALTAXCODE, BUSINESSUNIT_ID, COMMISSIONBONUS, NOTAX, EXTERNALID, PRICE, CATEGORY_ID, CREATEDON, CROSSSALEGROUP, MEMBERSHIPYEARS, PAYSFLATAMOUNT, PAYSSOLDBYRATE, WARRANTY_DURATION, MODIFIEDON, RECORD_CREATE_DATE, TAXABLE, MEMBERSHIPACTION, ADDONMEMBERPRICE, BONUS, COPIEDFROM_ID, ISDEFERREDREVENUE, SOURCE, ARCHIVED, BASERATE1, PURCHASEORDERLIMITS_REVENUEPERCENT, RECURRINGSERVICETYPE_ID, SOURCEVERSION, ALLOWAPPLYTAGSTOENTITIES, AVALARARESIDENTIALTAXCODE, DISPLAYINAMOUNT, GENERATEDTAGTARGETS, ISTIMEANDMATERIAL, PROVIDER_ID, ADDONFLATAMOUNT, COST, GENERALLEDGERACCOUNT_ID, MEMBERSHIPTYPE_ID, QBITEMNAME, WARRANTY_DESCRIPTION, EXCLUDEFROMPRICEBOOKWIZARD, ID, IMAGES, RECORD_UPDATED_BY, RECORD_UPDATE_DATE, NAME, ACTIVE, ADDONPRICE, LOYALTYPROGRAMELIGIBLE, PAYTECHSPECIFICBONUS, SUPPLIERIMAGES, HOURS, IMPORTID, MINIMUMLABORHOURS, PAYSCOMMISSION, WORKFLOWACTION_ID, MEMBERPRICE, BASERATE2, CREATEDBY_ID, MEMBERSHIPMONTHS, ORIGINAL_ID, SYNCDATE, ISLABOR, PURCHASEORDERLIMITS_FLATAMOUNT, TENANT_TYPE, SCHEDULEDFLATAMOUNT]
Column Name found in Datamart and Curated Table :: BASERATE3
Column Name found in Datamart and Curated Table :: EXCLUDEFROMPRICEBOOKWIZARD
Column Name found in Datamart and Curated Table :: HOURS
Column Name found in Datamart and Curated Table :: ISDEFERREDREVENUE
Column Name found in Datamart and Curated Table :: ORIGINAL_ID
Column Name found in Datamart and Curated Table :: PAYSCOMMISSION
Column Name found in Datamart and Curated Table :: ACTIVE
Column Name found in Datamart and Curated Table :: COST
Column Name found in Datamart and Curated Table :: DESCRIPTION
Column Name found in Datamart and Curated Table :: DISPLAYNAME
Column Name found in Datamart and Curated Table :: GENERALLEDGERACCOUNT_ID
Column Name found in Datamart and Curated Table :: IMPORTID
Column Name found in Datamart and Curated Table :: SCHEDULEDFLATAMOUNT
Column Name found in Datamart and Curated Table :: ISTIMEANDMATERIAL
Column Name found in Datamart and Curated Table :: MEMBERSHIPACTION
Column Name found in Datamart and Curated Table :: EXTERNALID
Column Name found in Datamart and Curated Table :: DISPATCHFEE
Column Name found in Datamart and Curated Table :: ISLABOR
Column Name found in Datamart and Curated Table :: ADDONPRICE
Column Name found in Datamart and Curated Table :: ARCHIVED
Column Name found in Datamart and Curated Table :: COMMISSIONBONUS
Column Name found in Datamart and Curated Table :: DISPLAYINAMOUNT
Column Name found in Datamart and Curated Table :: NOTAX
Column Name found in Datamart and Curated Table :: PAYSFLATAMOUNT
Column Name found in Datamart and Curated Table :: WARRANTY_DESCRIPTION
Column Name found in Datamart and Curated Table :: SOLDBYCOMMISSION
Column Name found in Datamart and Curated Table :: SOURCEVERSION
Column Name found in Datamart and Curated Table :: AVALARARESIDENTIALTAXCODE
Column Name found in Datamart and Curated Table :: MEMBERSHIPYEARS
Column Name found in Datamart and Curated Table :: AUTOGLASSTYPE
Column Name found in Datamart and Curated Table :: BONUS
Column Name found in Datamart and Curated Table :: ID
Column Name found in Datamart and Curated Table :: ISOTTASK
Column Name found in Datamart and Curated Table :: LOYALTYPROGRAMELIGIBLE
Column Name found in Datamart and Curated Table :: PAYSSOLDBYRATE
Column Name found in Datamart and Curated Table :: WORKFLOWACTION_ID
Column Name found in Datamart and Curated Table :: ACCOUNT
Column Name found in Datamart and Curated Table :: ADDONMEMBERPRICE
Column Name found in Datamart and Curated Table :: TAXABLE
Column Name found in Datamart and Curated Table :: WARRANTY_DURATION
Column Name found in Datamart and Curated Table :: AVALARACOMMERCIALTAXCODE
Column Name found in Datamart and Curated Table :: COPIEDFROM_ID
Column Name found in Datamart and Curated Table :: MINIMUMLABORHOURS
Column Name found in Datamart and Curated Table :: RECURRINGSERVICETYPE_ID
Column Name found in Datamart and Curated Table :: SOURCE
Column Name found in Datamart and Curated Table :: IMAGES
Column Name found in Datamart and Curated Table :: MODIFIEDON
Column Name found in Datamart and Curated Table :: NAME
Column Name found in Datamart and Curated Table :: PROVIDER_ID
Column Name found in Datamart and Curated Table :: PURCHASEORDERLIMITS_FLATAMOUNT
Column Name found in Datamart and Curated Table :: ALLOWAPPLYTAGSTOENTITIES
Column Name found in Datamart and Curated Table :: BASERATE1
Column Name found in Datamart and Curated Table :: BASERATE2
Column Name found in Datamart and Curated Table :: BUSINESSUNIT_ID
Column Name found in Datamart and Curated Table :: CATEGORY_ID
Column Name found in Datamart and Curated Table :: GENERATEDTAGTARGETS
Column Name found in Datamart and Curated Table :: MEMBERPRICE
Column Name found in Datamart and Curated Table :: MEMBERSHIP
Column Name found in Datamart and Curated Table :: SYNCDATE
Column Name found in Datamart and Curated Table :: PURCHASEORDERLIMITS_REVENUEPERCENT
Column Name found in Datamart and Curated Table :: QBITEMNAME
Column Name found in Datamart and Curated Table :: ADDONFLATAMOUNT
Column Name found in Datamart and Curated Table :: ALLOWDISCOUNTS
Column Name found in Datamart and Curated Table :: CREATEDON
Column Name found in Datamart and Curated Table :: MEMBERSHIPMONTHS
Column Name found in Datamart and Curated Table :: MEMBERSHIPTYPE_ID
Column Name found in Datamart and Curated Table :: CREATEDBY_ID
Column Name found in Datamart and Curated Table :: CROSSSALEGROUP
Column Name found in Datamart and Curated Table :: PRICE
Column Name found in Datamart and Curated Table :: PAYTECHSPECIFICBONUS
Column Name found in Datamart and Curated Table :: SUPPLIERIMAGES
Datamart tables contains additional column name like [ACTIVE_FLAG, RECORD_CREATE_DATE, RECORD_UPDATE_DATE, RECORD_UPDATE_DATE, MASTER_ID, TENANT_TYPE]
Curated tables contains additional column name like [RECORD_CREATE_DATE, RECORD_UPDATE_DATE, RECORD_UPDATED_BY, TENANT_TYPE]]]>
  </system-out>
  <testcase classname="testcases.RAW_DATAMART_CURATED.SnowFlake_ColumnValidation_BKPTables" name="validateColumnName_BKP" time="2.685"/>
  <system-out>
    <![CDATA[Executing Snowflake query :: SELECT COLUMN_NAME FROM DEV_ENT_RAW.INFORMATION_SCHEMA.COLUMNS WHERE TABLE_NAME='TIMESHEETCODE'and TABLE_SCHEMA='ST_HUTCHINSON_MATILLION'
Executing Snowflake query :: SELECT COLUMN_NAME FROM CURATED_DATAMART.INFORMATION_SCHEMA.COLUMNS WHERE TABLE_NAME='STR_TIMESHEETCODE'and TABLE_SCHEMA='ST_BKP_HUTCHINSON'
Executing Snowflake query :: SELECT COLUMN_NAME FROM DEV_ENT_CURATED.INFORMATION_SCHEMA.COLUMNS WHERE TABLE_NAME='DIM_TIMESHEETCODE'and TABLE_SCHEMA='MASTER_DIMENSIONS'
Column names for RAW Table --> TIMESHEETCODE :: [ADDRESS_COUNTRY, ENABLESIMPLECLOCKINOUT, HOURLYRATE, TYPE, ADDRESS_LATITUDE, CODE, APPLICABLEEMPLOYEETYPE, BUSINESSUNIT_ID, CREATEDON, OTPAYCODE, ADDRESS_ISMANUALCOORDINATES, ADDRESS_CITY, ADDRESS_LONGITUDE, ADDRESS_STATE, ADDRESS_ZIP, EXCLUDEABSENTEVENT, OVERTIMEPAYROLLCONTROLCODE_ID, STANDARDPAYCODE_ID, DEDUCTCOMMUTETIME, ROUTEAROUNDNJA, RATEMULTIPLIER, DOUBLEOVERTIMEPAYCODE_ID, EVENTNAME, ISDEFAULTSHOPTIME, ADDRESS_STREET, STPAYCODE, ADDRESS_UNIT, DESCRIPTION, IMPORTID, OVERTIMEPAYCODE_ID, STANDARDPAYROLLCONTROLCODE_ID, COUNTONJOBCOUNTER, ISAUTOCLOCKINENABLED, VISIBILITY, ACTIVE, ADDRESS_ISMILITARY, CUSTOMHOURLYRATE, ID, GEOFENCECLOCKINMODE, PAYROLLPOSTINGGROUP_ID, SENDALERTSONMOBILE, CREATEDBY_ID]
Column names for DataMart Table --> STR_TIMESHEETCODE :: [ADDRESS_CITY, ADDRESS_STREET, CODE, CREATEDBY_ID, DESCRIPTION, VISIBILITY, STANDARDPAYCODE_ID, ACTIVE, APPLICABLEEMPLOYEETYPE, BUSINESSUNIT_ID, DOUBLEOVERTIMEPAYCODE_ID, EXCLUDEABSENTEVENT, GEOFENCECLOCKINMODE, OTPAYCODE, ADDRESS_ISMILITARY, ADDRESS_LONGITUDE, RATEMULTIPLIER, STANDARDPAYROLLCONTROLCODE_ID, ENABLESIMPLECLOCKINOUT, CUSTOMHOURLYRATE, COUNTONJOBCOUNTER, EVENTNAME, ROUTEAROUNDNJA, ACTIVE_FLAG, ADDRESS_COUNTRY, ADDRESS_ISMANUALCOORDINATES, ADDRESS_ZIP, OVERTIMEPAYROLLCONTROLCODE_ID, TENANT_TYPE, CREATEDON, HOURLYRATE, PAYROLLPOSTINGGROUP_ID, SENDALERTSONMOBILE, TYPE, ADDRESS_LATITUDE, ADDRESS_STATE, ID, IMPORTID, ISAUTOCLOCKINENABLED, ISDEFAULTSHOPTIME, ADDRESS_UNIT, DEDUCTCOMMUTETIME, MASTER_ID, OVERTIMEPAYCODE_ID, RECORD_CREATE_DATE, RECORD_UPDATE_DATE, STPAYCODE]
Column names for Curated Table --> DIM_TIMESHEETCODE :: [ADDRESS_STREET, ADDRESS_ZIP, CUSTOMHOURLYRATE, DOUBLEOVERTIMEPAYCODE_ID, ENABLESIMPLECLOCKINOUT, DESCRIPTION, ADDRESS_ISMANUALCOORDINATES, ADDRESS_LONGITUDE, IMPORTID, CREATEDON, DEDUCTCOMMUTETIME, ID, ADDRESS_LATITUDE, CREATEDBY_ID, GEOFENCECLOCKINMODE, ROUTEAROUNDNJA, HOURLYRATE, RECORD_UPDATED_BY, RECORD_UPDATE_DATE, ADDRESS_UNIT, CODE, STANDARDPAYCODE_ID, OTPAYCODE, STPAYCODE, APPLICABLEEMPLOYEETYPE, OVERTIMEPAYCODE_ID, RATEMULTIPLIER, STANDARDPAYROLLCONTROLCODE_ID, EXCLUDEABSENTEVENT, PAYROLLPOSTINGGROUP_ID, TYPE, VISIBILITY, OVERTIMEPAYROLLCONTROLCODE_ID, ADDRESS_ISMILITARY, ADDRESS_STATE, ISDEFAULTSHOPTIME, ACTIVE, ADDRESS_CITY, BUSINESSUNIT_ID, COUNTONJOBCOUNTER, EVENTNAME, SENDALERTSONMOBILE, ADDRESS_COUNTRY, ISAUTOCLOCKINENABLED, TENANT_TYPE, RECORD_CREATE_DATE]
Column Name found in Datamart and Curated Table :: ADDRESS_COUNTRY
Column Name found in Datamart and Curated Table :: ENABLESIMPLECLOCKINOUT
Column Name found in Datamart and Curated Table :: HOURLYRATE
Column Name found in Datamart and Curated Table :: TYPE
Column Name found in Datamart and Curated Table :: ADDRESS_LATITUDE
Column Name found in Datamart and Curated Table :: CODE
Column Name found in Datamart and Curated Table :: APPLICABLEEMPLOYEETYPE
Column Name found in Datamart and Curated Table :: BUSINESSUNIT_ID
Column Name found in Datamart and Curated Table :: CREATEDON
Column Name found in Datamart and Curated Table :: OTPAYCODE
Column Name found in Datamart and Curated Table :: ADDRESS_ISMANUALCOORDINATES
Column Name found in Datamart and Curated Table :: ADDRESS_CITY
Column Name found in Datamart and Curated Table :: ADDRESS_LONGITUDE
Column Name found in Datamart and Curated Table :: ADDRESS_STATE
Column Name found in Datamart and Curated Table :: ADDRESS_ZIP
Column Name found in Datamart and Curated Table :: EXCLUDEABSENTEVENT
Column Name found in Datamart and Curated Table :: OVERTIMEPAYROLLCONTROLCODE_ID
Column Name found in Datamart and Curated Table :: STANDARDPAYCODE_ID
Column Name found in Datamart and Curated Table :: DEDUCTCOMMUTETIME
Column Name found in Datamart and Curated Table :: ROUTEAROUNDNJA
Column Name found in Datamart and Curated Table :: RATEMULTIPLIER
Column Name found in Datamart and Curated Table :: DOUBLEOVERTIMEPAYCODE_ID
Column Name found in Datamart and Curated Table :: EVENTNAME
Column Name found in Datamart and Curated Table :: ISDEFAULTSHOPTIME
Column Name found in Datamart and Curated Table :: ADDRESS_STREET
Column Name found in Datamart and Curated Table :: STPAYCODE
Column Name found in Datamart and Curated Table :: ADDRESS_UNIT
Column Name found in Datamart and Curated Table :: DESCRIPTION
Column Name found in Datamart and Curated Table :: IMPORTID
Column Name found in Datamart and Curated Table :: OVERTIMEPAYCODE_ID
Column Name found in Datamart and Curated Table :: STANDARDPAYROLLCONTROLCODE_ID
Column Name found in Datamart and Curated Table :: COUNTONJOBCOUNTER
Column Name found in Datamart and Curated Table :: ISAUTOCLOCKINENABLED
Column Name found in Datamart and Curated Table :: VISIBILITY
Column Name found in Datamart and Curated Table :: ACTIVE
Column Name found in Datamart and Curated Table :: ADDRESS_ISMILITARY
Column Name found in Datamart and Curated Table :: CUSTOMHOURLYRATE
Column Name found in Datamart and Curated Table :: ID
Column Name found in Datamart and Curated Table :: GEOFENCECLOCKINMODE
Column Name found in Datamart and Curated Table :: PAYROLLPOSTINGGROUP_ID
Column Name found in Datamart and Curated Table :: SENDALERTSONMOBILE
Column Name found in Datamart and Curated Table :: CREATEDBY_ID
Datamart tables contains additional column name like [ACTIVE_FLAG, RECORD_CREATE_DATE, RECORD_UPDATE_DATE, RECORD_UPDATE_DATE, MASTER_ID, TENANT_TYPE]
Curated tables contains additional column name like [RECORD_CREATE_DATE, RECORD_UPDATE_DATE, RECORD_UPDATED_BY, TENANT_TYPE]]]>
  </system-out>
  <testcase classname="testcases.RAW_DATAMART_CURATED.SnowFlake_ColumnValidation_BKPTables" name="validateColumnName_BKP" time="2.462"/>
  <system-out>
    <![CDATA[Executing Snowflake query :: SELECT COLUMN_NAME FROM DEV_ENT_RAW.INFORMATION_SCHEMA.COLUMNS WHERE TABLE_NAME='JOB'and TABLE_SCHEMA='ST_FOURPROS_MATILLION'
Executing Snowflake query :: SELECT COLUMN_NAME FROM CURATED_DATAMART.INFORMATION_SCHEMA.COLUMNS WHERE TABLE_NAME='STR_JOB'and TABLE_SCHEMA='ST_BKP_FOURPROS'
Executing Snowflake query :: SELECT COLUMN_NAME FROM DEV_ENT_CURATED.INFORMATION_SCHEMA.COLUMNS WHERE TABLE_NAME='DIM_JOB'and TABLE_SCHEMA='MASTER_DIMENSIONS'
Column names for RAW Table --> JOB :: [ACTIVE, CREATEDFROMESTIMATE_ID, MANAGEFOLLOWUPEMAIL, OPPORTUNITY_ID, OPPORTUNITYDATE, PLANEND, PRIORITY, PROJECTEDVALUE, START, TYPE_ID, SUMMARY, PREVAILINGWAGECODE_ID, DRIVETIME, MONTHNUMBER, APPROXIMATESTARTDATE, BUSINESSUNIT_ID, COMPLETEDON, ID, ISTECHNICIANSPECIFIC, NOCHARGE, PMDATE, PREDICTEDTOTAL, APPROXIMATEENDDATE, CAMPAIGN_ID, CREATEDBY_ID, CREATEDON, NUMBER, UNION, ISPREVAILINGWAGE, LASTAPPOINTMENT_ID, ESTIMATEDCOST, ALLOTTEDTIME, CALLSCRIPTANSWERRECORD_ID, CUSTOMER_ID, EXTERNALID, FIRSTAPPOINTMENT_ID, IMPORTID, LASTCHANGEDBYSMARTDISPATCH, REASSIGNMENTPENALTY, STATUS, WARRANTYFOR_ID, COMPLETIONSURVEYID, CREATEDFROMESTIMATESTATUSWHENBOOKING, GENERATEDFROM_ID, INVOICE_ID, ISCONFIRMED, LEAD_ID, LOCATION_ID, PREDICTEDSALES, GENERATEDBY_ID, LEADGENERATED_ID, SECONDARYJOBNUMBER, ISAUTODISPATCHED, CUSTOMERPO, END, LATEPENALTY, MANAGEEMPLOYEEEMAIL, NOTIFICATIONSENABLED, PREVAILINGWAGEJOBNUMBER, PROJECT_ID, DRIVINGCOST, DURATION, MEMBERSHIP_ID, MODIFIEDON, SOLDBY_ID, NOCHARGESOURCE, RECALLFOR_ID, SMARTDISPATCHDATA_JOB, TOTAL, PLANSTART]
Column names for DataMart Table --> STR_JOB :: [APPROXIMATESTARTDATE, SOLDBY_ID, ESTIMATEDCOST, IMPORTID, PREDICTEDTOTAL, CREATEDBY_ID, ISPREVAILINGWAGE, ISTECHNICIANSPECIFIC, MODIFIEDON, LATEPENALTY, STATUS, APPROXIMATEENDDATE, NOTIFICATIONSENABLED, PLANSTART, LEAD_ID, SUMMARY, ACTIVE_FLAG, ALLOTTEDTIME, CAMPAIGN_ID, COMPLETEDON, CREATEDFROMESTIMATESTATUSWHENBOOKING, NUMBER, PREVAILINGWAGEJOBNUMBER, CREATEDON, CUSTOMERPO, INVOICE_ID, NOCHARGESOURCE, ISAUTODISPATCHED, RECALLFOR_ID, REASSIGNMENTPENALTY, ACTIVE, BUSINESSUNIT_ID, ISCONFIRMED, LASTCHANGEDBYSMARTDISPATCH, OPPORTUNITYDATE, OPPORTUNITY_ID, PRIORITY, UNION, MANAGEEMPLOYEEEMAIL, TENANT_TYPE, LEADGENERATED_ID, CREATEDFROMESTIMATE_ID, FIRSTAPPOINTMENT_ID, ID, MEMBERSHIP_ID, MONTHNUMBER, WARRANTYFOR_ID, LASTAPPOINTMENT_ID, PROJECT_ID, RECORD_CREATE_DATE, RECORD_UPDATE_DATE, NOCHARGE, CALLSCRIPTANSWERRECORD_ID, DRIVETIME, SECONDARYJOBNUMBER, DURATION, GENERATEDFROM_ID, MANAGEFOLLOWUPEMAIL, PMDATE, PREDICTEDSALES, START, PLANEND, CUSTOMER_ID, DRIVINGCOST, END, GENERATEDBY_ID, LOCATION_ID, MASTER_ID, PREVAILINGWAGECODE_ID, PROJECTEDVALUE, SMARTDISPATCHDATA_JOB, COMPLETIONSURVEYID, EXTERNALID, TOTAL, TYPE_ID]
Column names for Curated Table --> DIM_JOB :: [LASTCHANGEDBYSMARTDISPATCH, PROJECTEDVALUE, TYPE_ID, EXTERNALID, NOCHARGESOURCE, PMDATE, RECALLFOR_ID, START, ACTIVE, ISAUTODISPATCHED, MONTHNUMBER, PRIORITY, CREATEDON, OPPORTUNITYDATE, PREVAILINGWAGEJOBNUMBER, RECORD_CREATE_DATE, CREATEDBY_ID, LASTAPPOINTMENT_ID, MANAGEEMPLOYEEEMAIL, TOTAL, APPROXIMATESTARTDATE, GENERATEDBY_ID, MANAGEFOLLOWUPEMAIL, RECORD_UPDATED_BY, WARRANTYFOR_ID, UNION, CREATEDFROMESTIMATE_ID, REASSIGNMENTPENALTY, PREDICTEDSALES, LATEPENALTY, DURATION, DRIVETIME, STATUS, SUMMARY, IMPORTID, NOTIFICATIONSENABLED, RECORD_UPDATE_DATE, ALLOTTEDTIME, COMPLETEDON, CUSTOMERPO, GENERATEDFROM_ID, ISTECHNICIANSPECIFIC, LOCATION_ID, PLANEND, MODIFIEDON, PREVAILINGWAGECODE_ID, SECONDARYJOBNUMBER, END, OPPORTUNITY_ID, APPROXIMATEENDDATE, BUSINESSUNIT_ID, CALLSCRIPTANSWERRECORD_ID, CUSTOMER_ID, DRIVINGCOST, ESTIMATEDCOST, FIRSTAPPOINTMENT_ID, PROJECT_ID, SOLDBY_ID, NOCHARGE, ISCONFIRMED, LEADGENERATED_ID, CAMPAIGN_ID, COMPLETIONSURVEYID, CREATEDFROMESTIMATESTATUSWHENBOOKING, ID, INVOICE_ID, ISPREVAILINGWAGE, LEAD_ID, MEMBERSHIP_ID, PLANSTART, SMARTDISPATCHDATA_JOB, TENANT_TYPE, PREDICTEDTOTAL, NUMBER]
Column Name found in Datamart and Curated Table :: ACTIVE
Column Name found in Datamart and Curated Table :: CREATEDFROMESTIMATE_ID
Column Name found in Datamart and Curated Table :: MANAGEFOLLOWUPEMAIL
Column Name found in Datamart and Curated Table :: OPPORTUNITY_ID
Column Name found in Datamart and Curated Table :: OPPORTUNITYDATE
Column Name found in Datamart and Curated Table :: PLANEND
Column Name found in Datamart and Curated Table :: PRIORITY
Column Name found in Datamart and Curated Table :: PROJECTEDVALUE
Column Name found in Datamart and Curated Table :: START
Column Name found in Datamart and Curated Table :: TYPE_ID
Column Name found in Datamart and Curated Table :: SUMMARY
Column Name found in Datamart and Curated Table :: PREVAILINGWAGECODE_ID
Column Name found in Datamart and Curated Table :: DRIVETIME
Column Name found in Datamart and Curated Table :: MONTHNUMBER
Column Name found in Datamart and Curated Table :: APPROXIMATESTARTDATE
Column Name found in Datamart and Curated Table :: BUSINESSUNIT_ID
Column Name found in Datamart and Curated Table :: COMPLETEDON
Column Name found in Datamart and Curated Table :: ID
Column Name found in Datamart and Curated Table :: ISTECHNICIANSPECIFIC
Column Name found in Datamart and Curated Table :: NOCHARGE
Column Name found in Datamart and Curated Table :: PMDATE
Column Name found in Datamart and Curated Table :: PREDICTEDTOTAL
Column Name found in Datamart and Curated Table :: APPROXIMATEENDDATE
Column Name found in Datamart and Curated Table :: CAMPAIGN_ID
Column Name found in Datamart and Curated Table :: CREATEDBY_ID
Column Name found in Datamart and Curated Table :: CREATEDON
Column Name found in Datamart and Curated Table :: NUMBER
Column Name found in Datamart and Curated Table :: UNION
Column Name found in Datamart and Curated Table :: ISPREVAILINGWAGE
Column Name found in Datamart and Curated Table :: LASTAPPOINTMENT_ID
Column Name found in Datamart and Curated Table :: ESTIMATEDCOST
Column Name found in Datamart and Curated Table :: ALLOTTEDTIME
Column Name found in Datamart and Curated Table :: CALLSCRIPTANSWERRECORD_ID
Column Name found in Datamart and Curated Table :: CUSTOMER_ID
Column Name found in Datamart and Curated Table :: EXTERNALID
Column Name found in Datamart and Curated Table :: FIRSTAPPOINTMENT_ID
Column Name found in Datamart and Curated Table :: IMPORTID
Column Name found in Datamart and Curated Table :: LASTCHANGEDBYSMARTDISPATCH
Column Name found in Datamart and Curated Table :: REASSIGNMENTPENALTY
Column Name found in Datamart and Curated Table :: STATUS
Column Name found in Datamart and Curated Table :: WARRANTYFOR_ID
Column Name found in Datamart and Curated Table :: COMPLETIONSURVEYID
Column Name found in Datamart and Curated Table :: CREATEDFROMESTIMATESTATUSWHENBOOKING
Column Name found in Datamart and Curated Table :: GENERATEDFROM_ID
Column Name found in Datamart and Curated Table :: INVOICE_ID
Column Name found in Datamart and Curated Table :: ISCONFIRMED
Column Name found in Datamart and Curated Table :: LEAD_ID
Column Name found in Datamart and Curated Table :: LOCATION_ID
Column Name found in Datamart and Curated Table :: PREDICTEDSALES
Column Name found in Datamart and Curated Table :: GENERATEDBY_ID
Column Name found in Datamart and Curated Table :: LEADGENERATED_ID
Column Name found in Datamart and Curated Table :: SECONDARYJOBNUMBER
Column Name found in Datamart and Curated Table :: ISAUTODISPATCHED
Column Name found in Datamart and Curated Table :: CUSTOMERPO
Column Name found in Datamart and Curated Table :: END
Column Name found in Datamart and Curated Table :: LATEPENALTY
Column Name found in Datamart and Curated Table :: MANAGEEMPLOYEEEMAIL
Column Name found in Datamart and Curated Table :: NOTIFICATIONSENABLED
Column Name found in Datamart and Curated Table :: PREVAILINGWAGEJOBNUMBER
Column Name found in Datamart and Curated Table :: PROJECT_ID
Column Name found in Datamart and Curated Table :: DRIVINGCOST
Column Name found in Datamart and Curated Table :: DURATION
Column Name found in Datamart and Curated Table :: MEMBERSHIP_ID
Column Name found in Datamart and Curated Table :: MODIFIEDON
Column Name found in Datamart and Curated Table :: SOLDBY_ID
Column Name found in Datamart and Curated Table :: NOCHARGESOURCE
Column Name found in Datamart and Curated Table :: RECALLFOR_ID
Column Name found in Datamart and Curated Table :: SMARTDISPATCHDATA_JOB
Column Name found in Datamart and Curated Table :: TOTAL
Column Name found in Datamart and Curated Table :: PLANSTART
Datamart tables contains additional column name like [ACTIVE_FLAG, RECORD_CREATE_DATE, RECORD_UPDATE_DATE, RECORD_UPDATE_DATE, MASTER_ID, TENANT_TYPE]
Curated tables contains additional column name like [RECORD_CREATE_DATE, RECORD_UPDATE_DATE, RECORD_UPDATED_BY, TENANT_TYPE]]]>
  </system-out>
  <testcase classname="testcases.RAW_DATAMART_CURATED.SnowFlake_ColumnValidation_BKPTables" name="validateColumnName_BKP" time="2.145"/>
  <system-out>
    <![CDATA[Executing Snowflake query :: SELECT COLUMN_NAME FROM DEV_ENT_RAW.INFORMATION_SCHEMA.COLUMNS WHERE TABLE_NAME='PURCHASEORDERITEM'and TABLE_SCHEMA='ST_FOURPROS_MATILLION'
Executing Snowflake query :: SELECT COLUMN_NAME FROM CURATED_DATAMART.INFORMATION_SCHEMA.COLUMNS WHERE TABLE_NAME='STR_PURCHASEORDERITEM'and TABLE_SCHEMA='ST_BKP_FOURPROS'
Executing Snowflake query :: SELECT COLUMN_NAME FROM DEV_ENT_CURATED.INFORMATION_SCHEMA.COLUMNS WHERE TABLE_NAME='DIM_PURCHASEORDERITEM'and TABLE_SCHEMA='MASTER_DIMENSIONS'
Column names for RAW Table --> PURCHASEORDERITEM :: [ACTIVE, COST, EQUIPMENT_ID, EQUIPMENTVENDOR_ID, REQUISITIONITEM_ID, STATUS, TECHNICIANSPLIT1, CHARGEABLEITEM_ID, CREATEDBY_ID, SKUVENDOR_ID, TECHNICIANFORBASERATE3_ID, TECHNICIANSPLIT2, ROLLEDOVERFROMITEM_ID, SKU_ID, SKUREFERENCE_SKUID, MARKUP, QUANTITY, INVENTORYLOCATION_ID, PROJECTLABELS, BUSINESSUNIT_ID, TECHNICIANFORBASERATE1_ID, PURCHASEORDER_ID, DESCRIPTION, TECHNICIANSPLIT3, UNITOFMEASURE_ID, MODIFIEDON, MATERIAL_ID, MATERIALVENDOR_ID, TECHNICIANFORBASERATE2_ID, USEDMATERIAL_ID, VENDORPARTNUMBER, ID, ROLLOVERQUANTITY, CREATEDON, IMPORTID, ISINVENTORY, SERIALNUMBER, SKUREFERENCE_SKUTYPE]
Column names for DataMart Table --> STR_PURCHASEORDERITEM :: [ID, RECORD_CREATE_DATE, ROLLEDOVERFROMITEM_ID, ROLLOVERQUANTITY, USEDMATERIAL_ID, EQUIPMENT_ID, MATERIAL_ID, SKU_ID, STATUS, TECHNICIANFORBASERATE1_ID, TECHNICIANSPLIT1, UNITOFMEASURE_ID, MARKUP, TENANT_TYPE, VENDORPARTNUMBER, PURCHASEORDER_ID, QUANTITY, SERIALNUMBER, SKUREFERENCE_SKUTYPE, TECHNICIANFORBASERATE3_ID, ACTIVE_FLAG, REQUISITIONITEM_ID, TECHNICIANSPLIT2, MATERIALVENDOR_ID, MODIFIEDON, ISINVENTORY, SKUREFERENCE_SKUID, ACTIVE, CREATEDBY_ID, IMPORTID, PROJECTLABELS, RECORD_UPDATE_DATE, BUSINESSUNIT_ID, COST, DESCRIPTION, EQUIPMENTVENDOR_ID, TECHNICIANFORBASERATE2_ID, MASTER_ID, INVENTORYLOCATION_ID, CHARGEABLEITEM_ID, CREATEDON, SKUVENDOR_ID, TECHNICIANSPLIT3]
Column names for Curated Table --> DIM_PURCHASEORDERITEM :: [CREATEDBY_ID, DESCRIPTION, EQUIPMENTVENDOR_ID, EQUIPMENT_ID, MATERIALVENDOR_ID, RECORD_UPDATE_DATE, TECHNICIANFORBASERATE1_ID, MODIFIEDON, UNITOFMEASURE_ID, USEDMATERIAL_ID, TECHNICIANSPLIT2, CHARGEABLEITEM_ID, COST, QUANTITY, TECHNICIANFORBASERATE3_ID, INVENTORYLOCATION_ID, IMPORTID, REQUISITIONITEM_ID, TENANT_TYPE, VENDORPARTNUMBER, SKU_ID, CREATEDON, ID, SKUREFERENCE_SKUTYPE, MARKUP, PROJECTLABELS, PURCHASEORDER_ID, SERIALNUMBER, SKUVENDOR_ID, TECHNICIANSPLIT3, ROLLOVERQUANTITY, STATUS, BUSINESSUNIT_ID, ISINVENTORY, RECORD_CREATE_DATE, ROLLEDOVERFROMITEM_ID, TECHNICIANSPLIT1, SKUREFERENCE_SKUID, ACTIVE, MATERIAL_ID, RECORD_UPDATED_BY, TECHNICIANFORBASERATE2_ID]
Column Name found in Datamart and Curated Table :: ACTIVE
Column Name found in Datamart and Curated Table :: COST
Column Name found in Datamart and Curated Table :: EQUIPMENT_ID
Column Name found in Datamart and Curated Table :: EQUIPMENTVENDOR_ID
Column Name found in Datamart and Curated Table :: REQUISITIONITEM_ID
Column Name found in Datamart and Curated Table :: STATUS
Column Name found in Datamart and Curated Table :: TECHNICIANSPLIT1
Column Name found in Datamart and Curated Table :: CHARGEABLEITEM_ID
Column Name found in Datamart and Curated Table :: CREATEDBY_ID
Column Name found in Datamart and Curated Table :: SKUVENDOR_ID
Column Name found in Datamart and Curated Table :: TECHNICIANFORBASERATE3_ID
Column Name found in Datamart and Curated Table :: TECHNICIANSPLIT2
Column Name found in Datamart and Curated Table :: ROLLEDOVERFROMITEM_ID
Column Name found in Datamart and Curated Table :: SKU_ID
Column Name found in Datamart and Curated Table :: SKUREFERENCE_SKUID
Column Name found in Datamart and Curated Table :: MARKUP
Column Name found in Datamart and Curated Table :: QUANTITY
Column Name found in Datamart and Curated Table :: INVENTORYLOCATION_ID
Column Name found in Datamart and Curated Table :: PROJECTLABELS
Column Name found in Datamart and Curated Table :: BUSINESSUNIT_ID
Column Name found in Datamart and Curated Table :: TECHNICIANFORBASERATE1_ID
Column Name found in Datamart and Curated Table :: PURCHASEORDER_ID
Column Name found in Datamart and Curated Table :: DESCRIPTION
Column Name found in Datamart and Curated Table :: TECHNICIANSPLIT3
Column Name found in Datamart and Curated Table :: UNITOFMEASURE_ID
Column Name found in Datamart and Curated Table :: MODIFIEDON
Column Name found in Datamart and Curated Table :: MATERIAL_ID
Column Name found in Datamart and Curated Table :: MATERIALVENDOR_ID
Column Name found in Datamart and Curated Table :: TECHNICIANFORBASERATE2_ID
Column Name found in Datamart and Curated Table :: USEDMATERIAL_ID
Column Name found in Datamart and Curated Table :: VENDORPARTNUMBER
Column Name found in Datamart and Curated Table :: ID
Column Name found in Datamart and Curated Table :: ROLLOVERQUANTITY
Column Name found in Datamart and Curated Table :: CREATEDON
Column Name found in Datamart and Curated Table :: IMPORTID
Column Name found in Datamart and Curated Table :: ISINVENTORY
Column Name found in Datamart and Curated Table :: SERIALNUMBER
Column Name found in Datamart and Curated Table :: SKUREFERENCE_SKUTYPE
Datamart tables contains additional column name like [ACTIVE_FLAG, RECORD_CREATE_DATE, RECORD_UPDATE_DATE, RECORD_UPDATE_DATE, MASTER_ID, TENANT_TYPE]
Curated tables contains additional column name like [RECORD_CREATE_DATE, RECORD_UPDATE_DATE, RECORD_UPDATED_BY, TENANT_TYPE]]]>
  </system-out>
  <testcase classname="testcases.RAW_DATAMART_CURATED.SnowFlake_ColumnValidation_BKPTables" name="validateColumnName_BKP" time="2.607"/>
  <system-out>
    <![CDATA[Executing Snowflake query :: SELECT COLUMN_NAME FROM DEV_ENT_RAW.INFORMATION_SCHEMA.COLUMNS WHERE TABLE_NAME='CATEGORY'and TABLE_SCHEMA='ST_HDAIR_MATILLION'
Executing Snowflake query :: SELECT COLUMN_NAME FROM CURATED_DATAMART.INFORMATION_SCHEMA.COLUMNS WHERE TABLE_NAME='STR_CATEGORY'and TABLE_SCHEMA='ST_BKP_HDAIR'
Executing Snowflake query :: SELECT COLUMN_NAME FROM DEV_ENT_CURATED.INFORMATION_SCHEMA.COLUMNS WHERE TABLE_NAME='DIM_CATEGORY'and TABLE_SCHEMA='MASTER_DIMENSIONS'
Column names for RAW Table --> CATEGORY :: [ACTIVE, BUSINESSUNIT_ID, SOURCE, IMAGE, IMPORTID, SKUIMAGES, SUPPLIERIMAGES, AVALARARESIDENTIALTAXCODE, CATEGORYTYPE, PARENT_ID, AVALARACOMMERCIALTAXCODE, NAME, POSITION, CREATEDON, SOURCEVERSION, DESCRIPTION, CREATEDBY_ID, EXTERNALID, HIDEINMOBILE, ID]
Column names for DataMart Table --> STR_CATEGORY :: [CATEGORYTYPE, DESCRIPTION, POSITION, RECORD_CREATE_DATE, SUPPLIERIMAGES, ID, NAME, ACTIVE_FLAG, AVALARACOMMERCIALTAXCODE, EXTERNALID, RECORD_UPDATE_DATE, SOURCE, HIDEINMOBILE, IMAGE, BUSINESSUNIT_ID, CREATEDON, PARENT_ID, MASTER_ID, ACTIVE, AVALARARESIDENTIALTAXCODE, SKUIMAGES, CREATEDBY_ID, IMPORTID, SOURCEVERSION, TENANT_TYPE]
Column names for Curated Table --> DIM_CATEGORY :: [AVALARARESIDENTIALTAXCODE, POSITION, SOURCEVERSION, IMAGE, ACTIVE, IMPORTID, NAME, SKUIMAGES, CREATEDBY_ID, PARENT_ID, SOURCE, DESCRIPTION, EXTERNALID, SUPPLIERIMAGES, AVALARACOMMERCIALTAXCODE, BUSINESSUNIT_ID, CATEGORYTYPE, ID, RECORD_UPDATE_DATE, TENANT_TYPE, RECORD_UPDATED_BY, CREATEDON, HIDEINMOBILE, RECORD_CREATE_DATE]
Column Name found in Datamart and Curated Table :: ACTIVE
Column Name found in Datamart and Curated Table :: BUSINESSUNIT_ID
Column Name found in Datamart and Curated Table :: SOURCE
Column Name found in Datamart and Curated Table :: IMAGE
Column Name found in Datamart and Curated Table :: IMPORTID
Column Name found in Datamart and Curated Table :: SKUIMAGES
Column Name found in Datamart and Curated Table :: SUPPLIERIMAGES
Column Name found in Datamart and Curated Table :: AVALARARESIDENTIALTAXCODE
Column Name found in Datamart and Curated Table :: CATEGORYTYPE
Column Name found in Datamart and Curated Table :: PARENT_ID
Column Name found in Datamart and Curated Table :: AVALARACOMMERCIALTAXCODE
Column Name found in Datamart and Curated Table :: NAME
Column Name found in Datamart and Curated Table :: POSITION
Column Name found in Datamart and Curated Table :: CREATEDON
Column Name found in Datamart and Curated Table :: SOURCEVERSION
Column Name found in Datamart and Curated Table :: DESCRIPTION
Column Name found in Datamart and Curated Table :: CREATEDBY_ID
Column Name found in Datamart and Curated Table :: EXTERNALID
Column Name found in Datamart and Curated Table :: HIDEINMOBILE
Column Name found in Datamart and Curated Table :: ID
Datamart tables contains additional column name like [ACTIVE_FLAG, RECORD_CREATE_DATE, RECORD_UPDATE_DATE, RECORD_UPDATE_DATE, MASTER_ID, TENANT_TYPE]
Curated tables contains additional column name like [RECORD_CREATE_DATE, RECORD_UPDATE_DATE, RECORD_UPDATED_BY, TENANT_TYPE]]]>
  </system-out>
  <testcase classname="testcases.RAW_DATAMART_CURATED.SnowFlake_ColumnValidation_BKPTables" name="validateColumnName_BKP" time="2.573"/>
  <system-out>
    <![CDATA[Executing Snowflake query :: SELECT COLUMN_NAME FROM DEV_ENT_RAW.INFORMATION_SCHEMA.COLUMNS WHERE TABLE_NAME='INVOICE'and TABLE_SCHEMA='ST_HDAIR_MATILLION'
Executing Snowflake query :: SELECT COLUMN_NAME FROM CURATED_DATAMART.INFORMATION_SCHEMA.COLUMNS WHERE TABLE_NAME='STR_INVOICE'and TABLE_SCHEMA='ST_BKP_HDAIR'
Executing Snowflake query :: SELECT COLUMN_NAME FROM DEV_ENT_CURATED.INFORMATION_SCHEMA.COLUMNS WHERE TABLE_NAME='FACT_INVOICE'and TABLE_SCHEMA='MASTER_DIMENSIONS'
Column names for RAW Table --> INVOICE :: [ACKNOWLEDGEMENTSIGNATURE, CUSTOMER_ID, IMPORTID, TAX, TYPE_ID, CREATEDON, PAYROLLDATE, MODIFIEDON, SIGNATURE, NEWCONSTRUCTION, PAYMENTDUEDATE, ROYALTY_SENTON, STATUS, CONFIGURATION, BATCH_ID, EXCLUDEFROMPAYROLL, MATERIALSKU_ID, MEMBERSHIP_ID, NUMBER, TOTAL, DISCOUNTTOTAL, FEETAX, MATERIALSKUREFERENCE_SKUID, MATERIALSKUREFERENCE_SKUTYPE, PAIDON, PROJECT_ID, NETAMOUNT, EXTERNALID, INVOICEDON, LABORTAX, AUTHORIZATIONSIGNATURE, JOB_ID, TAXZONE_ID, TECHNICIANACKNOWLEDGEMENTSIGNATURE, ADJUSTMENTTO_ID, COMMISSIONELIGIBILITYDATE, EXPORTID, INCLUDEINTECHNICIANREPORTS, ROYALTY_DATE, AUTHORIZEDAMOUNT, BALANCE, BILLINGDATE, COUNTERSALESLOCATION_ID, CREATEDBY_ID, FEETOTAL, MATERIALTAX, NUMERICNUMBER, ROYALTY_STATUS, ROYALTY_MEMO, PROJECTLABELS, ACTIVE, BUSINESSUNIT_ID, SUBTOTAL, SUMMARY, ID, LOCATION_ID, PAYMENTTERM_ID]
Column names for DataMart Table --> STR_INVOICE :: [AUTHORIZATIONSIGNATURE, CONFIGURATION, MEMBERSHIP_ID, TOTAL, MODIFIEDON, NETAMOUNT, PAYMENTTERM_ID, TAXZONE_ID, TECHNICIANACKNOWLEDGEMENTSIGNATURE, BALANCE, DISCOUNTTOTAL, EXTERNALID, PAIDON, JOB_ID, MATERIALSKUREFERENCE_SKUTYPE, ROYALTY_STATUS, PROJECT_ID, ADJUSTMENTTO_ID, ROYALTY_DATE, MATERIALSKUREFERENCE_SKUID, RECORD_UPDATE_DATE, CREATEDBY_ID, CREATEDON, CUSTOMER_ID, FEETAX, TAX, INVOICEDON, PAYROLLDATE, ACKNOWLEDGEMENTSIGNATURE, EXPORTID, NUMERICNUMBER, RECORD_CREATE_DATE, IMPORTID, ROYALTY_MEMO, ROYALTY_SENTON, ACTIVE, ACTIVE_FLAG, COUNTERSALESLOCATION_ID, ID, LABORTAX, LOCATION_ID, SIGNATURE, SUBTOTAL, MASTER_ID, INCLUDEINTECHNICIANREPORTS, NEWCONSTRUCTION, BATCH_ID, EXCLUDEFROMPAYROLL, FEETOTAL, MATERIALTAX, NUMBER, PROJECTLABELS, STATUS, COMMISSIONELIGIBILITYDATE, SUMMARY, AUTHORIZEDAMOUNT, BILLINGDATE, BUSINESSUNIT_ID, PAYMENTDUEDATE, MATERIALSKU_ID, TYPE_ID, TENANT_TYPE]
Column names for Curated Table --> FACT_INVOICE :: [CONFIGURATION, EXPORTID, EXTERNALID, MATERIALSKUREFERENCE_SKUTYPE, RECORD_UPDATED_BY, ROYALTY_DATE, FEETAX, TAX, TOTAL, BALANCE, BUSINESSUNIT_ID, CREATEDON, PAYMENTDUEDATE, PROJECT_ID, NETAMOUNT, NUMERICNUMBER, ROYALTY_SENTON, NUMBER, DISCOUNTTOTAL, EXCLUDEFROMPAYROLL, INCLUDEINTECHNICIANREPORTS, MODIFIEDON, STATUS, TENANT_TYPE, NEWCONSTRUCTION, ACKNOWLEDGEMENTSIGNATURE, ADJUSTMENTTO_ID, CREATEDBY_ID, CUSTOMER_ID, FEETOTAL, INVOICEDON, PAIDON, TYPE_ID, JOB_ID, LABORTAX, LOCATION_ID, ROYALTY_STATUS, SUMMARY, PROJECTLABELS, MATERIALSKUREFERENCE_SKUID, MATERIALSKU_ID, MEMBERSHIP_ID, COMMISSIONELIGIBILITYDATE, RECORD_CREATE_DATE, RECORD_UPDATE_DATE, SIGNATURE, AUTHORIZATIONSIGNATURE, BILLINGDATE, IMPORTID, TECHNICIANACKNOWLEDGEMENTSIGNATURE, AUTHORIZEDAMOUNT, ID, PAYROLLDATE, ACTIVE, COUNTERSALESLOCATION_ID, PAYMENTTERM_ID, SUBTOTAL, BATCH_ID, MATERIALTAX, ROYALTY_MEMO, TAXZONE_ID]
Column Name found in Datamart and Curated Table :: ACKNOWLEDGEMENTSIGNATURE
Column Name found in Datamart and Curated Table :: CUSTOMER_ID
Column Name found in Datamart and Curated Table :: IMPORTID
Column Name found in Datamart and Curated Table :: TAX
Column Name found in Datamart and Curated Table :: TYPE_ID
Column Name found in Datamart and Curated Table :: CREATEDON
Column Name found in Datamart and Curated Table :: PAYROLLDATE
Column Name found in Datamart and Curated Table :: MODIFIEDON
Column Name found in Datamart and Curated Table :: SIGNATURE
Column Name found in Datamart and Curated Table :: NEWCONSTRUCTION
Column Name found in Datamart and Curated Table :: PAYMENTDUEDATE
Column Name found in Datamart and Curated Table :: ROYALTY_SENTON
Column Name found in Datamart and Curated Table :: STATUS
Column Name found in Datamart and Curated Table :: CONFIGURATION
Column Name found in Datamart and Curated Table :: BATCH_ID
Column Name found in Datamart and Curated Table :: EXCLUDEFROMPAYROLL
Column Name found in Datamart and Curated Table :: MATERIALSKU_ID
Column Name found in Datamart and Curated Table :: MEMBERSHIP_ID
Column Name found in Datamart and Curated Table :: NUMBER
Column Name found in Datamart and Curated Table :: TOTAL
Column Name found in Datamart and Curated Table :: DISCOUNTTOTAL
Column Name found in Datamart and Curated Table :: FEETAX
Column Name found in Datamart and Curated Table :: MATERIALSKUREFERENCE_SKUID
Column Name found in Datamart and Curated Table :: MATERIALSKUREFERENCE_SKUTYPE
Column Name found in Datamart and Curated Table :: PAIDON
Column Name found in Datamart and Curated Table :: PROJECT_ID
Column Name found in Datamart and Curated Table :: NETAMOUNT
Column Name found in Datamart and Curated Table :: EXTERNALID
Column Name found in Datamart and Curated Table :: INVOICEDON
Column Name found in Datamart and Curated Table :: LABORTAX
Column Name found in Datamart and Curated Table :: AUTHORIZATIONSIGNATURE
Column Name found in Datamart and Curated Table :: JOB_ID
Column Name found in Datamart and Curated Table :: TAXZONE_ID
Column Name found in Datamart and Curated Table :: TECHNICIANACKNOWLEDGEMENTSIGNATURE
Column Name found in Datamart and Curated Table :: ADJUSTMENTTO_ID
Column Name found in Datamart and Curated Table :: COMMISSIONELIGIBILITYDATE
Column Name found in Datamart and Curated Table :: EXPORTID
Column Name found in Datamart and Curated Table :: INCLUDEINTECHNICIANREPORTS
Column Name found in Datamart and Curated Table :: ROYALTY_DATE
Column Name found in Datamart and Curated Table :: AUTHORIZEDAMOUNT
Column Name found in Datamart and Curated Table :: BALANCE
Column Name found in Datamart and Curated Table :: BILLINGDATE
Column Name found in Datamart and Curated Table :: COUNTERSALESLOCATION_ID
Column Name found in Datamart and Curated Table :: CREATEDBY_ID
Column Name found in Datamart and Curated Table :: FEETOTAL
Column Name found in Datamart and Curated Table :: MATERIALTAX
Column Name found in Datamart and Curated Table :: NUMERICNUMBER
Column Name found in Datamart and Curated Table :: ROYALTY_STATUS
Column Name found in Datamart and Curated Table :: ROYALTY_MEMO
Column Name found in Datamart and Curated Table :: PROJECTLABELS
Column Name found in Datamart and Curated Table :: ACTIVE
Column Name found in Datamart and Curated Table :: BUSINESSUNIT_ID
Column Name found in Datamart and Curated Table :: SUBTOTAL
Column Name found in Datamart and Curated Table :: SUMMARY
Column Name found in Datamart and Curated Table :: ID
Column Name found in Datamart and Curated Table :: LOCATION_ID
Column Name found in Datamart and Curated Table :: PAYMENTTERM_ID
Datamart tables contains additional column name like [ACTIVE_FLAG, RECORD_CREATE_DATE, RECORD_UPDATE_DATE, RECORD_UPDATE_DATE, MASTER_ID, TENANT_TYPE]
Curated tables contains additional column name like [RECORD_CREATE_DATE, RECORD_UPDATE_DATE, RECORD_UPDATED_BY, TENANT_TYPE]]]>
  </system-out>
  <testcase classname="testcases.RAW_DATAMART_CURATED.SnowFlake_ColumnValidation_BKPTables" name="validateColumnName_BKP" time="2.635"/>
  <system-out>
    <![CDATA[Executing Snowflake query :: SELECT COLUMN_NAME FROM DEV_ENT_RAW.INFORMATION_SCHEMA.COLUMNS WHERE TABLE_NAME='ESTIMATEITEM'and TABLE_SCHEMA='ST_HORIZONSERVICES_MATILLION'
Executing Snowflake query :: SELECT COLUMN_NAME FROM CURATED_DATAMART.INFORMATION_SCHEMA.COLUMNS WHERE TABLE_NAME='STR_ESTIMATEITEM'and TABLE_SCHEMA='ST_BKP_HORIZONSERVICES'
Executing Snowflake query :: SELECT COLUMN_NAME FROM DEV_ENT_CURATED.INFORMATION_SCHEMA.COLUMNS WHERE TABLE_NAME='DIM_ESTIMATEITEM'and TABLE_SCHEMA='MASTER_DIMENSIONS'
Column names for RAW Table --> ESTIMATEITEM :: [ALLOWDISCOUNTS, COSTOFSALEACCOUNT_ID, CREATEDON, ESTIMATE_ID, MEMBERSHIPDURATION, PROJECTORDER, TOTALCOST, ITEMGROUPROOT_ID, SCHEDULEDFLATAMOUNT, STANDARDPRICE, PRICEMODIFIER_ID, COST, CREATEDBY_ID, INSTALLEDEQUIPMENT_ID, PAYSSOLDBYRATE, DESCRIPTION, ISHIDDENFROMCUSTOMER, ACTIVE, QUANTITY, ACCOUNT, DEMANDSTATUS, IMPORTID, ISADDON, ORDER, SKUREFERENCE_SKUTYPE, CREATEDFROM_ID, INVOICEITEM_ID, SOLDBY_ID, AUTOGLASSITEM_ID, TOTAL, UNITPRICE, CHARGEABLE, GENERALLEDGERACCOUNT_ID, ISNOTGOINGTOBEDONE, MARKUP, MEMBERSHIPBILLINGFREQUENCY, EQUIPMENT_ID, SKU_ID, RENEWABLEMEMBERSHIP_ID, ADDONFLATAMOUNT, MEMBERPRICE, PARENTITEM_ID, ITEMGROUPNAME, MODIFIEDON, PAYSFLATAMOUNT, PROJECTLABELS, SKUREFERENCE_SKUID, TAXABLE, LASTUNITPRICESETBYEMPLOYEE, ID]
Column names for DataMart Table --> STR_ESTIMATEITEM :: [EQUIPMENT_ID, MASTER_ID, PRICEMODIFIER_ID, TAXABLE, MEMBERPRICE, IMPORTID, PROJECTORDER, SKUREFERENCE_SKUTYPE, SKU_ID, PROJECTLABELS, TOTALCOST, ISHIDDENFROMCUSTOMER, ACTIVE, ACTIVE_FLAG, INSTALLEDEQUIPMENT_ID, MEMBERSHIPBILLINGFREQUENCY, TENANT_TYPE, ACCOUNT, ADDONFLATAMOUNT, CREATEDFROM_ID, MEMBERSHIPDURATION, SCHEDULEDFLATAMOUNT, AUTOGLASSITEM_ID, INVOICEITEM_ID, MARKUP, GENERALLEDGERACCOUNT_ID, ITEMGROUPNAME, ITEMGROUPROOT_ID, ORDER, PAYSFLATAMOUNT, PARENTITEM_ID, RECORD_UPDATE_DATE, ESTIMATE_ID, ISADDON, MODIFIEDON, QUANTITY, COSTOFSALEACCOUNT_ID, LASTUNITPRICESETBYEMPLOYEE, STANDARDPRICE, UNITPRICE, SKUREFERENCE_SKUID, COST, CREATEDBY_ID, CREATEDON, ID, ISNOTGOINGTOBEDONE, PAYSSOLDBYRATE, RENEWABLEMEMBERSHIP_ID, ALLOWDISCOUNTS, CHARGEABLE, DEMANDSTATUS, DESCRIPTION, SOLDBY_ID, TOTAL, RECORD_CREATE_DATE]
Column names for Curated Table --> DIM_ESTIMATEITEM :: [CREATEDON, DEMANDSTATUS, MEMBERPRICE, MEMBERSHIPBILLINGFREQUENCY, MEMBERSHIPDURATION, SKUREFERENCE_SKUTYPE, ADDONFLATAMOUNT, AUTOGLASSITEM_ID, COST, ID, PAYSSOLDBYRATE, STANDARDPRICE, TENANT_TYPE, TOTAL, RECORD_CREATE_DATE, ITEMGROUPROOT_ID, PARENTITEM_ID, ORDER, PROJECTLABELS, SOLDBY_ID, PROJECTORDER, ACTIVE, ALLOWDISCOUNTS, CREATEDFROM_ID, DESCRIPTION, ESTIMATE_ID, MARKUP, ISADDON, CREATEDBY_ID, GENERALLEDGERACCOUNT_ID, INVOICEITEM_ID, PRICEMODIFIER_ID, RECORD_UPDATED_BY, SKUREFERENCE_SKUID, QUANTITY, CHARGEABLE, ISHIDDENFROMCUSTOMER, SKU_ID, COSTOFSALEACCOUNT_ID, ISNOTGOINGTOBEDONE, TOTALCOST, INSTALLEDEQUIPMENT_ID, ITEMGROUPNAME, PAYSFLATAMOUNT, TAXABLE, SCHEDULEDFLATAMOUNT, ACCOUNT, EQUIPMENT_ID, LASTUNITPRICESETBYEMPLOYEE, RENEWABLEMEMBERSHIP_ID, IMPORTID, RECORD_UPDATE_DATE, UNITPRICE, MODIFIEDON]
Column Name found in Datamart and Curated Table :: ALLOWDISCOUNTS
Column Name found in Datamart and Curated Table :: COSTOFSALEACCOUNT_ID
Column Name found in Datamart and Curated Table :: CREATEDON
Column Name found in Datamart and Curated Table :: ESTIMATE_ID
Column Name found in Datamart and Curated Table :: MEMBERSHIPDURATION
Column Name found in Datamart and Curated Table :: PROJECTORDER
Column Name found in Datamart and Curated Table :: TOTALCOST
Column Name found in Datamart and Curated Table :: ITEMGROUPROOT_ID
Column Name found in Datamart and Curated Table :: SCHEDULEDFLATAMOUNT
Column Name found in Datamart and Curated Table :: STANDARDPRICE
Column Name found in Datamart and Curated Table :: PRICEMODIFIER_ID
Column Name found in Datamart and Curated Table :: COST
Column Name found in Datamart and Curated Table :: CREATEDBY_ID
Column Name found in Datamart and Curated Table :: INSTALLEDEQUIPMENT_ID
Column Name found in Datamart and Curated Table :: PAYSSOLDBYRATE
Column Name found in Datamart and Curated Table :: DESCRIPTION
Column Name found in Datamart and Curated Table :: ISHIDDENFROMCUSTOMER
Column Name found in Datamart and Curated Table :: ACTIVE
Column Name found in Datamart and Curated Table :: QUANTITY
Column Name found in Datamart and Curated Table :: ACCOUNT
Column Name found in Datamart and Curated Table :: DEMANDSTATUS
Column Name found in Datamart and Curated Table :: IMPORTID
Column Name found in Datamart and Curated Table :: ISADDON
Column Name found in Datamart and Curated Table :: ORDER
Column Name found in Datamart and Curated Table :: SKUREFERENCE_SKUTYPE
Column Name found in Datamart and Curated Table :: CREATEDFROM_ID
Column Name found in Datamart and Curated Table :: INVOICEITEM_ID
Column Name found in Datamart and Curated Table :: SOLDBY_ID
Column Name found in Datamart and Curated Table :: AUTOGLASSITEM_ID
Column Name found in Datamart and Curated Table :: TOTAL
Column Name found in Datamart and Curated Table :: UNITPRICE
Column Name found in Datamart and Curated Table :: CHARGEABLE
Column Name found in Datamart and Curated Table :: GENERALLEDGERACCOUNT_ID
Column Name found in Datamart and Curated Table :: ISNOTGOINGTOBEDONE
Column Name found in Datamart and Curated Table :: MARKUP
Column Name found in Datamart and Curated Table :: MEMBERSHIPBILLINGFREQUENCY
Column Name found in Datamart and Curated Table :: EQUIPMENT_ID
Column Name found in Datamart and Curated Table :: SKU_ID
Column Name found in Datamart and Curated Table :: RENEWABLEMEMBERSHIP_ID
Column Name found in Datamart and Curated Table :: ADDONFLATAMOUNT
Column Name found in Datamart and Curated Table :: MEMBERPRICE
Column Name found in Datamart and Curated Table :: PARENTITEM_ID
Column Name found in Datamart and Curated Table :: ITEMGROUPNAME
Column Name found in Datamart and Curated Table :: MODIFIEDON
Column Name found in Datamart and Curated Table :: PAYSFLATAMOUNT
Column Name found in Datamart and Curated Table :: PROJECTLABELS
Column Name found in Datamart and Curated Table :: SKUREFERENCE_SKUID
Column Name found in Datamart and Curated Table :: TAXABLE
Column Name found in Datamart and Curated Table :: LASTUNITPRICESETBYEMPLOYEE
Column Name found in Datamart and Curated Table :: ID
Datamart tables contains additional column name like [ACTIVE_FLAG, RECORD_CREATE_DATE, RECORD_UPDATE_DATE, RECORD_UPDATE_DATE, MASTER_ID, TENANT_TYPE]
Curated tables contains additional column name like [RECORD_CREATE_DATE, RECORD_UPDATE_DATE, RECORD_UPDATED_BY, TENANT_TYPE]]]>
  </system-out>
  <testcase classname="testcases.RAW_DATAMART_CURATED.SnowFlake_ColumnValidation_BKPTables" name="validateColumnName_BKP" time="2.151">
    <failure message="The following asserts failed:
	null" type="java.lang.AssertionError">
      <![CDATA[java.lang.AssertionError: The following asserts failed:
null
at org.testng.asserts.SoftAssert.assertAll(SoftAssert.java:47)
at org.testng.asserts.SoftAssert.assertAll(SoftAssert.java:31)
at testcases.RAW_DATAMART_CURATED.SnowFlake_ColumnValidation_BKPTables.validateColumnName_BKP(SnowFlake_ColumnValidation_BKPTables.java:120)
at jdk.internal.reflect.GeneratedMethodAccessor38.invoke(Unknown Source)
at java.base/jdk.internal.reflect.DelegatingMethodAccessorImpl.invoke(DelegatingMethodAccessorImpl.java:43)
at java.base/java.lang.reflect.Method.invoke(Method.java:568)
at org.testng.internal.MethodInvocationHelper.invokeMethod(MethodInvocationHelper.java:133)
at org.testng.internal.TestInvoker.invokeMethod(TestInvoker.java:598)
at org.testng.internal.TestInvoker.invokeTestMethod(TestInvoker.java:173)
at org.testng.internal.MethodRunner.runInSequence(MethodRunner.java:46)
at org.testng.internal.TestInvoker$MethodInvocationAgent.invoke(TestInvoker.java:824)
at org.testng.internal.TestInvoker.invokeTestMethods(TestInvoker.java:146)
at org.testng.internal.TestMethodWorker.invokeTestMethods(TestMethodWorker.java:146)
at org.testng.internal.TestMethodWorker.run(TestMethodWorker.java:128)
at java.base/java.util.ArrayList.forEach(ArrayList.java:1511)
at org.testng.TestRunner.privateRun(TestRunner.java:794)
at org.testng.TestRunner.run(TestRunner.java:596)
at org.testng.SuiteRunner.runTest(SuiteRunner.java:377)
at org.testng.SuiteRunner.runSequentially(SuiteRunner.java:371)
at org.testng.SuiteRunner.privateRun(SuiteRunner.java:332)
at org.testng.SuiteRunner.run(SuiteRunner.java:276)
at org.testng.SuiteRunnerWorker.runSuite(SuiteRunnerWorker.java:53)
at org.testng.SuiteRunnerWorker.run(SuiteRunnerWorker.java:96)
at org.testng.TestNG.runSuitesSequentially(TestNG.java:1212)
at org.testng.TestNG.runSuitesLocally(TestNG.java:1134)
at org.testng.TestNG.runSuites(TestNG.java:1063)
at org.testng.TestNG.run(TestNG.java:1031)
at org.testng.remote.AbstractRemoteTestNG.run(AbstractRemoteTestNG.java:115)
at org.testng.remote.RemoteTestNG.initAndRun(RemoteTestNG.java:251)
at org.testng.remote.RemoteTestNG.main(RemoteTestNG.java:77)
]]>
    </failure>
  </testcase> <!-- validateColumnName_BKP -->
  <system-out>
    <![CDATA[Executing Snowflake query :: SELECT COLUMN_NAME FROM DEV_ENT_RAW.INFORMATION_SCHEMA.COLUMNS WHERE TABLE_NAME='TECHNICIAN'and TABLE_SCHEMA='ST_SNELLHEATINGAIR_MATILLION'
Executing Snowflake query :: SELECT COLUMN_NAME FROM CURATED_DATAMART.INFORMATION_SCHEMA.COLUMNS WHERE TABLE_NAME='STR_TECHNICIAN'and TABLE_SCHEMA='ST_BKP_SNELLHEATINGAIR'
Executing Snowflake query :: SELECT COLUMN_NAME FROM DEV_ENT_CURATED.INFORMATION_SCHEMA.COLUMNS WHERE TABLE_NAME='DIM_TECHNICIAN'and TABLE_SCHEMA='MASTER_DIMENSIONS'
Column names for RAW Table --> TECHNICIAN :: [CURRENTVALUE, HOME_STREET, ISEXCLUDEDFROMPAYROLL, ISEXTERNAL, JOB_ID, STARTDATE, GOALIMAGE, LONGITUDE, MEMO, MOBILEPHONECONFIRMED, PAYROLLROLE, OVERTIMEPAYROLLCONTROLCODE_ID, ADDONSOLOCOMMISSIONRATE, EMAILCONFIRMED, OVERALLSALESFACTOR_TECHNICIAN, OVERTIMEPROFILE_ID, PAYFREQUENCY_ID, PAYTYPE, SALESFORCECONTACTID, TURNOVERBONUS, DEFAULTLABORTYPE_ID, LASTNAME, LATITUDE, OVERTIMEWORKTYPECODE_ID, PAYROLLREPORTVERSION, QBREPID, ZONE_ID, ACTIVE, ADDONCREWSPLITCOMMISSIONRATE, CREATEDBY_ID, TEAM, DAILYGOAL, DEDUCTCOMMUTETIMEFROMFIRSTDRIVE, JOBFILTER, SOLDBYRATE, TRUCK_ID, UNION, NAME, PAYROLLSTARTPERIOD, SHOWJOBAPPOINTMENTRESCHEDULEALERT, HOME_ISMILITARY, SHIFTSTART, ATLASBUTLERTECHNICIANROLE, HOME_CITY, HOURLYRATE, INVENTORYWAREHOUSENAME, ISAUTODISPATCHED, ISMANAGEDTECH, STATUS, CREATEDON, FIRSTNAME, SHIFTEND, USER_ID, EMAIL, SCHEDULEDSOLOCOMMISSIONRATE, PHONECONFIRMED, ADDONMULTITECHCOMMISSIONRATE, BUSINESSUNIT_ID, COLOR, COMMUTETIME, HOME_LATITUDE, HOME_ZIP, IMPORTID, INVOICINGHOURLYRATE, PHOTO, SCHEDULEDMULTITECHCOMMISSIONRATE, WILLIAMSTECHNICIANROLE, DEFAULTPAYROLLADJUSTMENTRATE, MOBILEPHONE, NAVISIONEMPLOYEEID, PHONE, PROJECTEDVALUE, ROUTESTATISTICS_TECHNICIAN, SALESFACTOR, SCHEDULEDCREWSPLITCOMMISSIONRATE, MUHULINK, PAYPERIOD, FIRSTDRIVERULE, HOME_COUNTRY, HOME_ISMANUALCOORDINATES, OUTBOUNDCALLERID, PAYROLLSTARTDATE, STATUSUPDATEDON, TODAYREVENUE_TECHNICIAN, PAYROLLPOSTINGGROUP_ID, APPOINTMENT_ID, BIO, BIRTHDATE, BURDENRATE, CHECKEDIN, HOME_STATE, STANDARDWORKTYPECODE_ID, TYPE, HOME_UNIT, LOCATION_TECHNICIAN, MIDDLENAME, MODIFIEDON, PAYROLLPROFILE_ID, SMARTDISPATCHSETTINGS_TECHNICIAN, LICENSE, POSITION, COMMISSIONRATE, COORDINATESUPDATEDON, DISPATCHNOTIFICATIONS, ID, MANAGER_ID, MEALTIME, OVERTIMEMODE, PAYROLLID, HOME_LONGITUDE, STANDARDPAYROLLCONTROLCODE_ID, PROJECTLABELS]
Column names for DataMart Table --> STR_TECHNICIAN :: [BIO, FIRSTDRIVERULE, HOURLYRATE, IMPORTID, PAYROLLSTARTPERIOD, ZONE_ID, DEFAULTLABORTYPE_ID, HOME_ISMANUALCOORDINATES, RECORD_UPDATE_DATE, TODAYREVENUE_TECHNICIAN, HOME_STREET, ISMANAGEDTECH, EMAILCONFIRMED, HOME_COUNTRY, INVENTORYWAREHOUSENAME, SHIFTSTART, ID, ISEXTERNAL, PAYFREQUENCY_ID, SALESFORCECONTACTID, LONGITUDE, TEAM, COLOR, FLEET_ID, MOBILEPHONE, PROJECTEDVALUE, LATITUDE, MOBILEPHONECONFIRMED, PAYROLLSTARTDATE, SHOWJOBAPPOINTMENTRESCHEDULEALERT, STANDARDWORKTYPECODE_ID, TYPE, PHOTO, BIRTHDATE, CREATEDBY_ID, DAILYGOAL, HOME_CITY, HOME_LATITUDE, MEMO, OUTBOUNDCALLERID, PAYROLLID, GOALIMAGE, HOME_LONGITUDE, JOB_ID, MIDDLENAME, OVERTIMEMODE, PAYROLLROLE, STANDARDPAYROLLCONTROLCODE_ID, STATUSUPDATEDON, MEALTIME, UNION, PAYROLLREPORTVERSION, ACTIVE, COMMISSIONRATE, COMMUTETIME, DISPATCHNOTIFICATIONS, FIRSTNAME, LICENSE, MODIFIEDON, OVERTIMEPROFILE_ID, RECORD_CREATE_DATE, CREATEDON, ISAUTODISPATCHED, JOBFILTER, LOCATION_TECHNICIAN, PAYROLLPOSTINGGROUP_ID, SHIFTEND, TURNOVERBONUS, PHONE, PHONECONFIRMED, ADDONSOLOCOMMISSIONRATE, COORDINATESUPDATEDON, DEFAULTPAYROLLADJUSTMENTRATE, HOME_STATE, HOME_ZIP, LASTNAME, MUHULINK, QBREPID, OVERTIMEPAYROLLCONTROLCODE_ID, SCHEDULEDMULTITECHCOMMISSIONRATE, SMARTDISPATCHSETTINGS_TECHNICIAN, ACTIVE_FLAG, ADDONMULTITECHCOMMISSIONRATE, APPOINTMENT_ID, ATLASBUTLERTECHNICIANROLE, BURDENRATE, BUSINESSUNIT_ID, CHECKEDIN, DEDUCTCOMMUTETIMEFROMFIRSTDRIVE, NAME, OVERTIMEWORKTYPECODE_ID, SALESFACTOR, PAYPERIOD, POSITION, SCHEDULEDCREWSPLITCOMMISSIONRATE, STATUS, TENANT_TYPE, OVERALLSALESFACTOR_TECHNICIAN, SCHEDULEDSOLOCOMMISSIONRATE, NAVISIONEMPLOYEEID, PROJECTLABELS, USER_ID, ADDONCREWSPLITCOMMISSIONRATE, CURRENTVALUE, EMAIL, INVOICINGHOURLYRATE, MANAGER_ID, MASTER_ID, PAYROLLPROFILE_ID, STARTDATE, WILLIAMSTECHNICIANROLE, HOME_ISMILITARY, HOME_UNIT, PAYTYPE, SOLDBYRATE, TRUCK_ID, ROUTESTATISTICS_TECHNICIAN]
Column names for Curated Table --> DIM_TECHNICIAN :: [ADDONCREWSPLITCOMMISSIONRATE, COMMUTETIME, DEFAULTLABORTYPE_ID, EMAILCONFIRMED, FIRSTNAME, FLEET_ID, HOME_COUNTRY, HOME_UNIT, MOBILEPHONE, PHONECONFIRMED, OVERALLSALESFACTOR_TECHNICIAN, PAYROLLSTARTDATE, TURNOVERBONUS, PAYPERIOD, PAYROLLROLE, BIRTHDATE, HOME_ISMANUALCOORDINATES, HOME_ISMILITARY, INVENTORYWAREHOUSENAME, JOBFILTER, MEMO, PAYFREQUENCY_ID, POSITION, ID, ISAUTODISPATCHED, LICENSE, TEAM, SCHEDULEDCREWSPLITCOMMISSIONRATE, SALESFACTOR, ADDONSOLOCOMMISSIONRATE, CURRENTVALUE, DAILYGOAL, DEDUCTCOMMUTETIMEFROMFIRSTDRIVE, MANAGER_ID, OVERTIMEPROFILE_ID, SHIFTSTART, SHOWJOBAPPOINTMENTRESCHEDULEALERT, SMARTDISPATCHSETTINGS_TECHNICIAN, GOALIMAGE, MODIFIEDON, PAYROLLID, PAYROLLREPORTVERSION, RECORD_CREATE_DATE, TODAYREVENUE_TECHNICIAN, TYPE, PROJECTLABELS, SCHEDULEDSOLOCOMMISSIONRATE, LONGITUDE, ADDONMULTITECHCOMMISSIONRATE, APPOINTMENT_ID, CHECKEDIN, COLOR, CREATEDON, DISPATCHNOTIFICATIONS, IMPORTID, LASTNAME, MOBILEPHONECONFIRMED, STATUSUPDATEDON, ZONE_ID, HOME_STATE, MEALTIME, NAME, NAVISIONEMPLOYEEID, PAYROLLPOSTINGGROUP_ID, PHOTO, PROJECTEDVALUE, STANDARDPAYROLLCONTROLCODE_ID, OVERTIMEMODE, BURDENRATE, FIRSTDRIVERULE, JOB_ID, PAYROLLPROFILE_ID, QBREPID, ROUTESTATISTICS_TECHNICIAN, STARTDATE, TRUCK_ID, USER_ID, STANDARDWORKTYPECODE_ID, MIDDLENAME, COMMISSIONRATE, CREATEDBY_ID, HOME_LONGITUDE, HOME_ZIP, HOURLYRATE, LATITUDE, SCHEDULEDMULTITECHCOMMISSIONRATE, BUSINESSUNIT_ID, OUTBOUNDCALLERID, RECORD_UPDATED_BY, STATUS, MUHULINK, OVERTIMEPAYROLLCONTROLCODE_ID, UNION, PAYTYPE, INVOICINGHOURLYRATE, RECORD_UPDATE_DATE, COORDINATESUPDATEDON, LOCATION_TECHNICIAN, EMAIL, HOME_CITY, ISEXTERNAL, OVERTIMEWORKTYPECODE_ID, PAYROLLSTARTPERIOD, SHIFTEND, WILLIAMSTECHNICIANROLE, TENANT_TYPE, ACTIVE, ATLASBUTLERTECHNICIANROLE, BIO, DEFAULTPAYROLLADJUSTMENTRATE, HOME_LATITUDE, HOME_STREET, ISMANAGEDTECH, PHONE, SALESFORCECONTACTID, SOLDBYRATE]
Column Name found in Datamart and Curated Table :: CURRENTVALUE
Column Name found in Datamart and Curated Table :: HOME_STREET
Column Name not found in Datamart and Curated Table :: ISEXCLUDEDFROMPAYROLL
Column Name found in Datamart and Curated Table :: ISEXTERNAL
Column Name found in Datamart and Curated Table :: JOB_ID
Column Name found in Datamart and Curated Table :: STARTDATE
Column Name found in Datamart and Curated Table :: GOALIMAGE
Column Name found in Datamart and Curated Table :: LONGITUDE
Column Name found in Datamart and Curated Table :: MEMO
Column Name found in Datamart and Curated Table :: MOBILEPHONECONFIRMED
Column Name found in Datamart and Curated Table :: PAYROLLROLE
Column Name found in Datamart and Curated Table :: OVERTIMEPAYROLLCONTROLCODE_ID
Column Name found in Datamart and Curated Table :: ADDONSOLOCOMMISSIONRATE
Column Name found in Datamart and Curated Table :: EMAILCONFIRMED
Column Name found in Datamart and Curated Table :: OVERALLSALESFACTOR_TECHNICIAN
Column Name found in Datamart and Curated Table :: OVERTIMEPROFILE_ID
Column Name found in Datamart and Curated Table :: PAYFREQUENCY_ID
Column Name found in Datamart and Curated Table :: PAYTYPE
Column Name found in Datamart and Curated Table :: SALESFORCECONTACTID
Column Name found in Datamart and Curated Table :: TURNOVERBONUS
Column Name found in Datamart and Curated Table :: DEFAULTLABORTYPE_ID
Column Name found in Datamart and Curated Table :: LASTNAME
Column Name found in Datamart and Curated Table :: LATITUDE
Column Name found in Datamart and Curated Table :: OVERTIMEWORKTYPECODE_ID
Column Name found in Datamart and Curated Table :: PAYROLLREPORTVERSION
Column Name found in Datamart and Curated Table :: QBREPID
Column Name found in Datamart and Curated Table :: ZONE_ID
Column Name found in Datamart and Curated Table :: ACTIVE
Column Name found in Datamart and Curated Table :: ADDONCREWSPLITCOMMISSIONRATE
Column Name found in Datamart and Curated Table :: CREATEDBY_ID
Column Name found in Datamart and Curated Table :: TEAM
Column Name found in Datamart and Curated Table :: DAILYGOAL
Column Name found in Datamart and Curated Table :: DEDUCTCOMMUTETIMEFROMFIRSTDRIVE
Column Name found in Datamart and Curated Table :: JOBFILTER
Column Name found in Datamart and Curated Table :: SOLDBYRATE
Column Name found in Datamart and Curated Table :: TRUCK_ID
Column Name found in Datamart and Curated Table :: UNION
Column Name found in Datamart and Curated Table :: NAME
Column Name found in Datamart and Curated Table :: PAYROLLSTARTPERIOD
Column Name found in Datamart and Curated Table :: SHOWJOBAPPOINTMENTRESCHEDULEALERT
Column Name found in Datamart and Curated Table :: HOME_ISMILITARY
Column Name found in Datamart and Curated Table :: SHIFTSTART
Column Name found in Datamart and Curated Table :: ATLASBUTLERTECHNICIANROLE
Column Name found in Datamart and Curated Table :: HOME_CITY
Column Name found in Datamart and Curated Table :: HOURLYRATE
Column Name found in Datamart and Curated Table :: INVENTORYWAREHOUSENAME
Column Name found in Datamart and Curated Table :: ISAUTODISPATCHED
Column Name found in Datamart and Curated Table :: ISMANAGEDTECH
Column Name found in Datamart and Curated Table :: STATUS
Column Name found in Datamart and Curated Table :: CREATEDON
Column Name found in Datamart and Curated Table :: FIRSTNAME
Column Name found in Datamart and Curated Table :: SHIFTEND
Column Name found in Datamart and Curated Table :: USER_ID
Column Name found in Datamart and Curated Table :: EMAIL
Column Name found in Datamart and Curated Table :: SCHEDULEDSOLOCOMMISSIONRATE
Column Name found in Datamart and Curated Table :: PHONECONFIRMED
Column Name found in Datamart and Curated Table :: ADDONMULTITECHCOMMISSIONRATE
Column Name found in Datamart and Curated Table :: BUSINESSUNIT_ID
Column Name found in Datamart and Curated Table :: COLOR
Column Name found in Datamart and Curated Table :: COMMUTETIME
Column Name found in Datamart and Curated Table :: HOME_LATITUDE
Column Name found in Datamart and Curated Table :: HOME_ZIP
Column Name found in Datamart and Curated Table :: IMPORTID
Column Name found in Datamart and Curated Table :: INVOICINGHOURLYRATE
Column Name found in Datamart and Curated Table :: PHOTO
Column Name found in Datamart and Curated Table :: SCHEDULEDMULTITECHCOMMISSIONRATE
Column Name found in Datamart and Curated Table :: WILLIAMSTECHNICIANROLE
Column Name found in Datamart and Curated Table :: DEFAULTPAYROLLADJUSTMENTRATE
Column Name found in Datamart and Curated Table :: MOBILEPHONE
Column Name found in Datamart and Curated Table :: NAVISIONEMPLOYEEID
Column Name found in Datamart and Curated Table :: PHONE
Column Name found in Datamart and Curated Table :: PROJECTEDVALUE
Column Name found in Datamart and Curated Table :: ROUTESTATISTICS_TECHNICIAN
Column Name found in Datamart and Curated Table :: SALESFACTOR
Column Name found in Datamart and Curated Table :: SCHEDULEDCREWSPLITCOMMISSIONRATE
Column Name found in Datamart and Curated Table :: MUHULINK
Column Name found in Datamart and Curated Table :: PAYPERIOD
Column Name found in Datamart and Curated Table :: FIRSTDRIVERULE
Column Name found in Datamart and Curated Table :: HOME_COUNTRY
Column Name found in Datamart and Curated Table :: HOME_ISMANUALCOORDINATES
Column Name found in Datamart and Curated Table :: OUTBOUNDCALLERID
Column Name found in Datamart and Curated Table :: PAYROLLSTARTDATE
Column Name found in Datamart and Curated Table :: STATUSUPDATEDON
Column Name found in Datamart and Curated Table :: TODAYREVENUE_TECHNICIAN
Column Name found in Datamart and Curated Table :: PAYROLLPOSTINGGROUP_ID
Column Name found in Datamart and Curated Table :: APPOINTMENT_ID
Column Name found in Datamart and Curated Table :: BIO
Column Name found in Datamart and Curated Table :: BIRTHDATE
Column Name found in Datamart and Curated Table :: BURDENRATE
Column Name found in Datamart and Curated Table :: CHECKEDIN
Column Name found in Datamart and Curated Table :: HOME_STATE
Column Name found in Datamart and Curated Table :: STANDARDWORKTYPECODE_ID
Column Name found in Datamart and Curated Table :: TYPE
Column Name found in Datamart and Curated Table :: HOME_UNIT
Column Name found in Datamart and Curated Table :: LOCATION_TECHNICIAN
Column Name found in Datamart and Curated Table :: MIDDLENAME
Column Name found in Datamart and Curated Table :: MODIFIEDON
Column Name found in Datamart and Curated Table :: PAYROLLPROFILE_ID
Column Name found in Datamart and Curated Table :: SMARTDISPATCHSETTINGS_TECHNICIAN
Column Name found in Datamart and Curated Table :: LICENSE
Column Name found in Datamart and Curated Table :: POSITION
Column Name found in Datamart and Curated Table :: COMMISSIONRATE
Column Name found in Datamart and Curated Table :: COORDINATESUPDATEDON
Column Name found in Datamart and Curated Table :: DISPATCHNOTIFICATIONS
Column Name found in Datamart and Curated Table :: ID
Column Name found in Datamart and Curated Table :: MANAGER_ID
Column Name found in Datamart and Curated Table :: MEALTIME
Column Name found in Datamart and Curated Table :: OVERTIMEMODE
Column Name found in Datamart and Curated Table :: PAYROLLID
Column Name found in Datamart and Curated Table :: HOME_LONGITUDE
Column Name found in Datamart and Curated Table :: STANDARDPAYROLLCONTROLCODE_ID
Column Name found in Datamart and Curated Table :: PROJECTLABELS
Datamart tables contains additional column name like [ACTIVE_FLAG, RECORD_CREATE_DATE, RECORD_UPDATE_DATE, RECORD_UPDATE_DATE, MASTER_ID, TENANT_TYPE]
Curated tables contains additional column name like [RECORD_CREATE_DATE, RECORD_UPDATE_DATE, RECORD_UPDATED_BY, TENANT_TYPE]]]>
  </system-out>
  <testcase classname="testcases.RAW_DATAMART_CURATED.SnowFlake_ColumnValidation_BKPTables" name="validateColumnName_BKP" time="2.202"/>
  <system-out>
    <![CDATA[Executing Snowflake query :: SELECT COLUMN_NAME FROM DEV_ENT_RAW.INFORMATION_SCHEMA.COLUMNS WHERE TABLE_NAME='BUSINESSUNIT'and TABLE_SCHEMA='ST_GOLDMEDAL_MATILLION'
Executing Snowflake query :: SELECT COLUMN_NAME FROM CURATED_DATAMART.INFORMATION_SCHEMA.COLUMNS WHERE TABLE_NAME='STR_BUSINESSUNIT'and TABLE_SCHEMA='ST_BKP_GOLDMEDAL'
Executing Snowflake query :: SELECT COLUMN_NAME FROM DEV_ENT_CURATED.INFORMATION_SCHEMA.COLUMNS WHERE TABLE_NAME='DIM_BUSINESSUNIT'and TABLE_SCHEMA='MASTER_DIMENSIONS'
Column names for RAW Table --> BUSINESSUNIT :: [ADDRESS_COUNTRY, ADDRESS_LONGITUDE, ADDRESS_ZIP, COMMISSIONCALCULATION, EXTERNALID, LOGO, PAYROLLIDLETIMEDOUBLEOVERTIMEPAYCODE_ID, PAYROLLJOBHOURSDOUBLEOVERTIMEPAYCODE_ID, QUICKBOOKSROOTSALESACCOUNT, THREEDAYCANCELATIONPARAGRAPH, FRANCHISEEINFO_PIVOTALNUMBER, PAYROLLJOBHOURSSTPAYCODE, PAYROLLSOLDBYPAYCODENEW, PAYROLLWEIGHTEDOTPAYCODE, NAVISIONGLCODE, PAYROLLIDLETIMESTANDARDPAYCODE_ID, QUICKBOOKSCLASS, TURNSCONTRACTORID, CREDITCARDPROCESSORLOGIN, ACTIVE, FINANCEITACCOUNTEMAIL, IMPORTID, PAYROLLSOLDBYPAYCODE, DEFAULTTAXRATE, DIVISION_ID, ENABLEWORKORDERS, GOAL, ID, NAME, PAYROLLTURNOVERBONUSPAYCODE, PAYROLLWEIGHTEDOVERTIMEPAYCODE_ID, QUICKBOOKSOAUTHSETTINGS, PAYROLLIDLETIMEOTPAYCODE, PAYROLLINVOICEBONUSPAYCODE_ID, WORLDPAYSUBID, ACKNOWLEDGEMENTPARAGRAPH, ADDRESS_UNIT, AUTHORIZATIONAGREEMENT_FILENAME, CALIFORNIACOMPLIANTCONTRACTDOCUMENTS, HVACDASHBOARDSECTIONS, PAYMENTOPTIONS, PAYROLLJOBHOURSOTPAYCODE, ADDRESS_CITY, MEALAPPOINTMENT_ID, NOCHARGERESIDENTIAL, SERVICEFINANCEDEALERID, TURNOVERMINIMUMTHRESHOLD, PAYROLLJOBHOURSOVERTIMEPAYCODE_ID, PAYROLLTASKBONUSPAYCODE, NAVISIONOVERTIMEEARNINGCODE, OFFERCOMMERCIALGENERALLIABILITY, SELLERFEE, ADDRESS_ISMILITARY, BANKACCOUNTPROCESSOR_ID, BCCEMAIL, CURRENCY, FRANCHISEEINFO_GST, FRANCHISEEINFO_TRUCKSOPERATING, INTEGRATEDREFUNDS_ID, MATERIALSKU_ID, PAYMENTPROCESSOR, CREATEDBY_ID, DIVISIONNAME, LICENSENUMBER, PAYROLLIDLETIMEOVERTIMEPAYCODE_ID, SERVICEFINANCEDEALERNAME, PAYROLLCOSTMARKUP, PAYROLLFLATFEEMINIMUM, INVOICEMESSAGE, ADDRESS_LATITUDE, ADDRESS_STATE, FINANCEITPARTNERID, ACTIVATIONLOCKED, CREATEDON, CREDITCARDPROCESSOR_ID, FRANCHISEEINFO_NAME, PAYROLLIDLETIMESTPAYCODE, PAYROLLPERCENTAGEFEEMINIMUM, TRADE_ID, PAYROLLEXPENSEDEDUCTIONTRIGGER, WARRANTYRATE, PAYROLLFLATFEE, ACKNOWLEDGEMENTAGREEMENT_ORIGINALFILENAME, FRANCHISEEINFO_CONTRACT, INSURANCECOMPANYPHONE, INVOICEHEADER, AUTHORIZATIONPARAGRAPH, CREDITCARDPROCESSORKEY, EMAIL, MATERIALSKUREFERENCE_SKUID, MODIFIEDON, OFFICIALNAME, PAYROLLTASKBONUSPAYCODENEW, TGLBONUS, OVERTIMEMODE, NOCHARGE, ACKNOWLEDGEMENTAGREEMENT_FILENAME, ADDRESS_ISMANUALCOORDINATES, ADDRESS_STREET, AUTHORIZATIONAGREEMENT_ORIGINALFILENAME, CORPORATECONTRACTNUMBER, ESTIMATEAUTHORIZATIONPARAGRAPH, FRANCHISEEINFO_COMMENTS, GREENSKYMERCHANTID, MINIMUMROYALTYFEE, OFFERWORKERSCOMPENSATION, FINANCEITAUTHTOKEN, HIDEPRICES, INTACCTENTITY_ID, PAYROLLTURNOVERBONUSPAYCODENEW, PAYROLLTYPE, JOBBOOKEDALERTRECIPIENTS, NOCHARGECOMMERCIAL, WORLDPAYACCOUNTID, ENABLEWORKORDERSEQUIPMENTFORMATTING, NAVISIONSTANDARDTIMEEARNINGCODE, MATERIALSKUREFERENCE_SKUTYPE, DATA, CONSTRUCTION, INSURANCECOMPANYNAME, PAYROLLJOBHOURSSTANDARDPAYCODE_ID, PAYROLLPERCENTAGEFEE, PHONENUMBER, POSTDATE, WORLDPAYMERCHANTPIN]
Column names for DataMart Table --> STR_BUSINESSUNIT :: [ACKNOWLEDGEMENTAGREEMENT_FILENAME, ACTIVATIONLOCKED, FINANCEITAUTHTOKEN, OFFICIALNAME, PAYROLLEXPENSEDEDUCTIONTRIGGER, CREATEDON, ENABLEWORKORDERS, MEALAPPOINTMENT_ID, QUICKBOOKSOAUTHSETTINGS, LOGO, PAYROLLTASKBONUSPAYCODENEW, TGLBONUS, ACTIVE_FLAG, ADDRESS_CITY, BANKACCOUNTPROCESSOR_ID, COMMISSIONCALCULATION, PAYROLLJOBHOURSSTPAYCODE, PAYROLLSOLDBYPAYCODENEW, BCCEMAIL, GREENSKYMERCHANTID, NAVISIONGLCODE, NAVISIONOVERTIMEEARNINGCODE, PAYROLLIDLETIMESTANDARDPAYCODE_ID, PAYROLLWEIGHTEDOTPAYCODE, SERVICEFINANCEDEALERID, NAME, FRANCHISEEINFO_COMMENTS, MASTER_ID, PAYROLLTURNOVERBONUSPAYCODE, ADDRESS_COUNTRY, ADDRESS_LATITUDE, ADDRESS_LONGITUDE, ADDRESS_STREET, INSURANCECOMPANYPHONE, TURNSCONTRACTORID, ADDRESS_ZIP, AUTHORIZATIONAGREEMENT_FILENAME, AUTHORIZATIONPARAGRAPH, DEFAULTTAXRATE, NOCHARGE, PAYROLLJOBHOURSDOUBLEOVERTIMEPAYCODE_ID, POSTDATE, RECORD_CREATE_DATE, RECORD_UPDATE_DATE, TURNOVERMINIMUMTHRESHOLD, WORLDPAYSUBID, PAYROLLIDLETIMESTPAYCODE, ADDRESS_ISMANUALCOORDINATES, ADDRESS_ISMILITARY, CREATEDBY_ID, CREDITCARDPROCESSORKEY, CREDITCARDPROCESSOR_ID, CURRENCY, DIVISIONNAME, EXTERNALID, FINANCEITACCOUNTEMAIL, FRANCHISEEINFO_GST, HVACDASHBOARDSECTIONS, MATERIALSKUREFERENCE_SKUTYPE, NOCHARGECOMMERCIAL, OFFERCOMMERCIALGENERALLIABILITY, PAYROLLIDLETIMEOTPAYCODE, PAYROLLPERCENTAGEFEEMINIMUM, MATERIALSKU_ID, PHONENUMBER, PAYROLLJOBHOURSOTPAYCODE, PAYROLLJOBHOURSSTANDARDPAYCODE_ID, SELLERFEE, ACKNOWLEDGEMENTAGREEMENT_ORIGINALFILENAME, CORPORATECONTRACTNUMBER, INTACCTENTITY_ID, AUTHORIZATIONAGREEMENT_ORIGINALFILENAME, FINANCEITPARTNERID, FRANCHISEEINFO_CONTRACT, FRANCHISEEINFO_PIVOTALNUMBER, PAYROLLCOSTMARKUP, PAYROLLINVOICEBONUSPAYCODE_ID, THREEDAYCANCELATIONPARAGRAPH, WARRANTYRATE, MINIMUMROYALTYFEE, PAYMENTPROCESSOR, SERVICEFINANCEDEALERNAME, ACKNOWLEDGEMENTPARAGRAPH, CONSTRUCTION, PAYROLLIDLETIMEDOUBLEOVERTIMEPAYCODE_ID, PAYROLLJOBHOURSOVERTIMEPAYCODE_ID, CALIFORNIACOMPLIANTCONTRACTDOCUMENTS, GOAL, ID, INVOICEMESSAGE, MATERIALSKUREFERENCE_SKUID, NOCHARGERESIDENTIAL, PAYROLLFLATFEE, PAYROLLTASKBONUSPAYCODE, NAVISIONSTANDARDTIMEEARNINGCODE, PAYMENTOPTIONS, PAYROLLWEIGHTEDOVERTIMEPAYCODE_ID, TRADE_ID, PAYROLLTYPE, ADDRESS_STATE, DATA, EMAIL, ENABLEWORKORDERSEQUIPMENTFORMATTING, ESTIMATEAUTHORIZATIONPARAGRAPH, IMPORTID, MODIFIEDON, PAYROLLFLATFEEMINIMUM, TENANT_TYPE, WORLDPAYMERCHANTPIN, HIDEPRICES, INVOICEHEADER, PAYROLLSOLDBYPAYCODE, INTEGRATEDREFUNDS_ID, ACTIVE, ADDRESS_UNIT, CREDITCARDPROCESSORLOGIN, FRANCHISEEINFO_TRUCKSOPERATING, INSURANCECOMPANYNAME, LICENSENUMBER, PAYROLLTURNOVERBONUSPAYCODENEW, QUICKBOOKSCLASS, DIVISION_ID, FRANCHISEEINFO_NAME, OFFERWORKERSCOMPENSATION, PAYROLLIDLETIMEOVERTIMEPAYCODE_ID, WORLDPAYACCOUNTID, JOBBOOKEDALERTRECIPIENTS, QUICKBOOKSROOTSALESACCOUNT, OVERTIMEMODE, PAYROLLPERCENTAGEFEE]
Column names for Curated Table --> DIM_BUSINESSUNIT :: [ADDRESS_COUNTRY, ADDRESS_STREET, BANKACCOUNTPROCESSOR_ID, MEALAPPOINTMENT_ID, CREATEDBY_ID, DIVISION_ID, OFFERCOMMERCIALGENERALLIABILITY, PAYMENTPROCESSOR, PAYROLLJOBHOURSSTANDARDPAYCODE_ID, PAYROLLSOLDBYPAYCODE, TGLBONUS, NAME, PAYROLLCOSTMARKUP, PAYROLLJOBHOURSDOUBLEOVERTIMEPAYCODE_ID, LICENSENUMBER, LOGO, OVERTIMEMODE, ACKNOWLEDGEMENTAGREEMENT_ORIGINALFILENAME, AUTHORIZATIONPARAGRAPH, FINANCEITPARTNERID, WARRANTYRATE, FINANCEITACCOUNTEMAIL, PAYROLLTYPE, QUICKBOOKSCLASS, QUICKBOOKSOAUTHSETTINGS, GREENSKYMERCHANTID, CREDITCARDPROCESSORKEY, CREDITCARDPROCESSORLOGIN, CREDITCARDPROCESSOR_ID, DEFAULTTAXRATE, FRANCHISEEINFO_COMMENTS, HVACDASHBOARDSECTIONS, MODIFIEDON, WORLDPAYACCOUNTID, PAYROLLIDLETIMEDOUBLEOVERTIMEPAYCODE_ID, TENANT_TYPE, FRANCHISEEINFO_GST, RECORD_CREATE_DATE, NOCHARGE, PAYMENTOPTIONS, PAYROLLPERCENTAGEFEE, PAYROLLSOLDBYPAYCODENEW, ADDRESS_LONGITUDE, ADDRESS_ZIP, CREATEDON, INTEGRATEDREFUNDS_ID, JOBBOOKEDALERTRECIPIENTS, NAVISIONOVERTIMEEARNINGCODE, PAYROLLINVOICEBONUSPAYCODE_ID, ACTIVE, ADDRESS_STATE, AUTHORIZATIONAGREEMENT_ORIGINALFILENAME, ENABLEWORKORDERS, MATERIALSKU_ID, NAVISIONSTANDARDTIMEEARNINGCODE, PAYROLLJOBHOURSSTPAYCODE, POSTDATE, ADDRESS_ISMILITARY, ADDRESS_LATITUDE, ADDRESS_UNIT, CALIFORNIACOMPLIANTCONTRACTDOCUMENTS, ENABLEWORKORDERSEQUIPMENTFORMATTING, HIDEPRICES, INVOICEHEADER, COMMISSIONCALCULATION, EMAIL, FRANCHISEEINFO_TRUCKSOPERATING, PAYROLLIDLETIMESTANDARDPAYCODE_ID, PAYROLLIDLETIMESTPAYCODE, TRADE_ID, AUTHORIZATIONAGREEMENT_FILENAME, SERVICEFINANCEDEALERID, WORLDPAYMERCHANTPIN, BCCEMAIL, OFFERWORKERSCOMPENSATION, NAVISIONGLCODE, WORLDPAYSUBID, ACKNOWLEDGEMENTAGREEMENT_FILENAME, ACTIVATIONLOCKED, DIVISIONNAME, FINANCEITAUTHTOKEN, FRANCHISEEINFO_PIVOTALNUMBER, INSURANCECOMPANYNAME, PAYROLLWEIGHTEDOVERTIMEPAYCODE_ID, TURNSCONTRACTORID, FRANCHISEEINFO_NAME, MINIMUMROYALTYFEE, PAYROLLEXPENSEDEDUCTIONTRIGGER, PAYROLLPERCENTAGEFEEMINIMUM, RECORD_UPDATED_BY, SERVICEFINANCEDEALERNAME, ESTIMATEAUTHORIZATIONPARAGRAPH, TURNOVERMINIMUMTHRESHOLD, PAYROLLIDLETIMEOVERTIMEPAYCODE_ID, RECORD_UPDATE_DATE, ACKNOWLEDGEMENTPARAGRAPH, ADDRESS_ISMANUALCOORDINATES, INVOICEMESSAGE, MATERIALSKUREFERENCE_SKUID, MATERIALSKUREFERENCE_SKUTYPE, PAYROLLIDLETIMEOTPAYCODE, PAYROLLJOBHOURSOTPAYCODE, PAYROLLJOBHOURSOVERTIMEPAYCODE_ID, CONSTRUCTION, CORPORATECONTRACTNUMBER, DATA, NOCHARGECOMMERCIAL, NOCHARGERESIDENTIAL, PAYROLLTASKBONUSPAYCODE, PAYROLLTASKBONUSPAYCODENEW, QUICKBOOKSROOTSALESACCOUNT, ID, PAYROLLTURNOVERBONUSPAYCODENEW, ADDRESS_CITY, CURRENCY, GOAL, IMPORTID, INSURANCECOMPANYPHONE, PAYROLLTURNOVERBONUSPAYCODE, OFFICIALNAME, PAYROLLFLATFEE, PHONENUMBER, SELLERFEE, THREEDAYCANCELATIONPARAGRAPH, FRANCHISEEINFO_CONTRACT, PAYROLLFLATFEEMINIMUM, PAYROLLWEIGHTEDOTPAYCODE, INTACCTENTITY_ID, EXTERNALID]
Column Name found in Datamart and Curated Table :: ADDRESS_COUNTRY
Column Name found in Datamart and Curated Table :: ADDRESS_LONGITUDE
Column Name found in Datamart and Curated Table :: ADDRESS_ZIP
Column Name found in Datamart and Curated Table :: COMMISSIONCALCULATION
Column Name found in Datamart and Curated Table :: EXTERNALID
Column Name found in Datamart and Curated Table :: LOGO
Column Name found in Datamart and Curated Table :: PAYROLLIDLETIMEDOUBLEOVERTIMEPAYCODE_ID
Column Name found in Datamart and Curated Table :: PAYROLLJOBHOURSDOUBLEOVERTIMEPAYCODE_ID
Column Name found in Datamart and Curated Table :: QUICKBOOKSROOTSALESACCOUNT
Column Name found in Datamart and Curated Table :: THREEDAYCANCELATIONPARAGRAPH
Column Name found in Datamart and Curated Table :: FRANCHISEEINFO_PIVOTALNUMBER
Column Name found in Datamart and Curated Table :: PAYROLLJOBHOURSSTPAYCODE
Column Name found in Datamart and Curated Table :: PAYROLLSOLDBYPAYCODENEW
Column Name found in Datamart and Curated Table :: PAYROLLWEIGHTEDOTPAYCODE
Column Name found in Datamart and Curated Table :: NAVISIONGLCODE
Column Name found in Datamart and Curated Table :: PAYROLLIDLETIMESTANDARDPAYCODE_ID
Column Name found in Datamart and Curated Table :: QUICKBOOKSCLASS
Column Name found in Datamart and Curated Table :: TURNSCONTRACTORID
Column Name found in Datamart and Curated Table :: CREDITCARDPROCESSORLOGIN
Column Name found in Datamart and Curated Table :: ACTIVE
Column Name found in Datamart and Curated Table :: FINANCEITACCOUNTEMAIL
Column Name found in Datamart and Curated Table :: IMPORTID
Column Name found in Datamart and Curated Table :: PAYROLLSOLDBYPAYCODE
Column Name found in Datamart and Curated Table :: DEFAULTTAXRATE
Column Name found in Datamart and Curated Table :: DIVISION_ID
Column Name found in Datamart and Curated Table :: ENABLEWORKORDERS
Column Name found in Datamart and Curated Table :: GOAL
Column Name found in Datamart and Curated Table :: ID
Column Name found in Datamart and Curated Table :: NAME
Column Name found in Datamart and Curated Table :: PAYROLLTURNOVERBONUSPAYCODE
Column Name found in Datamart and Curated Table :: PAYROLLWEIGHTEDOVERTIMEPAYCODE_ID
Column Name found in Datamart and Curated Table :: QUICKBOOKSOAUTHSETTINGS
Column Name found in Datamart and Curated Table :: PAYROLLIDLETIMEOTPAYCODE
Column Name found in Datamart and Curated Table :: PAYROLLINVOICEBONUSPAYCODE_ID
Column Name found in Datamart and Curated Table :: WORLDPAYSUBID
Column Name found in Datamart and Curated Table :: ACKNOWLEDGEMENTPARAGRAPH
Column Name found in Datamart and Curated Table :: ADDRESS_UNIT
Column Name found in Datamart and Curated Table :: AUTHORIZATIONAGREEMENT_FILENAME
Column Name found in Datamart and Curated Table :: CALIFORNIACOMPLIANTCONTRACTDOCUMENTS
Column Name found in Datamart and Curated Table :: HVACDASHBOARDSECTIONS
Column Name found in Datamart and Curated Table :: PAYMENTOPTIONS
Column Name found in Datamart and Curated Table :: PAYROLLJOBHOURSOTPAYCODE
Column Name found in Datamart and Curated Table :: ADDRESS_CITY
Column Name found in Datamart and Curated Table :: MEALAPPOINTMENT_ID
Column Name found in Datamart and Curated Table :: NOCHARGERESIDENTIAL
Column Name found in Datamart and Curated Table :: SERVICEFINANCEDEALERID
Column Name found in Datamart and Curated Table :: TURNOVERMINIMUMTHRESHOLD
Column Name found in Datamart and Curated Table :: PAYROLLJOBHOURSOVERTIMEPAYCODE_ID
Column Name found in Datamart and Curated Table :: PAYROLLTASKBONUSPAYCODE
Column Name found in Datamart and Curated Table :: NAVISIONOVERTIMEEARNINGCODE
Column Name found in Datamart and Curated Table :: OFFERCOMMERCIALGENERALLIABILITY
Column Name found in Datamart and Curated Table :: SELLERFEE
Column Name found in Datamart and Curated Table :: ADDRESS_ISMILITARY
Column Name found in Datamart and Curated Table :: BANKACCOUNTPROCESSOR_ID
Column Name found in Datamart and Curated Table :: BCCEMAIL
Column Name found in Datamart and Curated Table :: CURRENCY
Column Name found in Datamart and Curated Table :: FRANCHISEEINFO_GST
Column Name found in Datamart and Curated Table :: FRANCHISEEINFO_TRUCKSOPERATING
Column Name found in Datamart and Curated Table :: INTEGRATEDREFUNDS_ID
Column Name found in Datamart and Curated Table :: MATERIALSKU_ID
Column Name found in Datamart and Curated Table :: PAYMENTPROCESSOR
Column Name found in Datamart and Curated Table :: CREATEDBY_ID
Column Name found in Datamart and Curated Table :: DIVISIONNAME
Column Name found in Datamart and Curated Table :: LICENSENUMBER
Column Name found in Datamart and Curated Table :: PAYROLLIDLETIMEOVERTIMEPAYCODE_ID
Column Name found in Datamart and Curated Table :: SERVICEFINANCEDEALERNAME
Column Name found in Datamart and Curated Table :: PAYROLLCOSTMARKUP
Column Name found in Datamart and Curated Table :: PAYROLLFLATFEEMINIMUM
Column Name found in Datamart and Curated Table :: INVOICEMESSAGE
Column Name found in Datamart and Curated Table :: ADDRESS_LATITUDE
Column Name found in Datamart and Curated Table :: ADDRESS_STATE
Column Name found in Datamart and Curated Table :: FINANCEITPARTNERID
Column Name found in Datamart and Curated Table :: ACTIVATIONLOCKED
Column Name found in Datamart and Curated Table :: CREATEDON
Column Name found in Datamart and Curated Table :: CREDITCARDPROCESSOR_ID
Column Name found in Datamart and Curated Table :: FRANCHISEEINFO_NAME
Column Name found in Datamart and Curated Table :: PAYROLLIDLETIMESTPAYCODE
Column Name found in Datamart and Curated Table :: PAYROLLPERCENTAGEFEEMINIMUM
Column Name found in Datamart and Curated Table :: TRADE_ID
Column Name found in Datamart and Curated Table :: PAYROLLEXPENSEDEDUCTIONTRIGGER
Column Name found in Datamart and Curated Table :: WARRANTYRATE
Column Name found in Datamart and Curated Table :: PAYROLLFLATFEE
Column Name found in Datamart and Curated Table :: ACKNOWLEDGEMENTAGREEMENT_ORIGINALFILENAME
Column Name found in Datamart and Curated Table :: FRANCHISEEINFO_CONTRACT
Column Name found in Datamart and Curated Table :: INSURANCECOMPANYPHONE
Column Name found in Datamart and Curated Table :: INVOICEHEADER
Column Name found in Datamart and Curated Table :: AUTHORIZATIONPARAGRAPH
Column Name found in Datamart and Curated Table :: CREDITCARDPROCESSORKEY
Column Name found in Datamart and Curated Table :: EMAIL
Column Name found in Datamart and Curated Table :: MATERIALSKUREFERENCE_SKUID
Column Name found in Datamart and Curated Table :: MODIFIEDON
Column Name found in Datamart and Curated Table :: OFFICIALNAME
Column Name found in Datamart and Curated Table :: PAYROLLTASKBONUSPAYCODENEW
Column Name found in Datamart and Curated Table :: TGLBONUS
Column Name found in Datamart and Curated Table :: OVERTIMEMODE
Column Name found in Datamart and Curated Table :: NOCHARGE
Column Name found in Datamart and Curated Table :: ACKNOWLEDGEMENTAGREEMENT_FILENAME
Column Name found in Datamart and Curated Table :: ADDRESS_ISMANUALCOORDINATES
Column Name found in Datamart and Curated Table :: ADDRESS_STREET
Column Name found in Datamart and Curated Table :: AUTHORIZATIONAGREEMENT_ORIGINALFILENAME
Column Name found in Datamart and Curated Table :: CORPORATECONTRACTNUMBER
Column Name found in Datamart and Curated Table :: ESTIMATEAUTHORIZATIONPARAGRAPH
Column Name found in Datamart and Curated Table :: FRANCHISEEINFO_COMMENTS
Column Name found in Datamart and Curated Table :: GREENSKYMERCHANTID
Column Name found in Datamart and Curated Table :: MINIMUMROYALTYFEE
Column Name found in Datamart and Curated Table :: OFFERWORKERSCOMPENSATION
Column Name found in Datamart and Curated Table :: FINANCEITAUTHTOKEN
Column Name found in Datamart and Curated Table :: HIDEPRICES
Column Name found in Datamart and Curated Table :: INTACCTENTITY_ID
Column Name found in Datamart and Curated Table :: PAYROLLTURNOVERBONUSPAYCODENEW
Column Name found in Datamart and Curated Table :: PAYROLLTYPE
Column Name found in Datamart and Curated Table :: JOBBOOKEDALERTRECIPIENTS
Column Name found in Datamart and Curated Table :: NOCHARGECOMMERCIAL
Column Name found in Datamart and Curated Table :: WORLDPAYACCOUNTID
Column Name found in Datamart and Curated Table :: ENABLEWORKORDERSEQUIPMENTFORMATTING
Column Name found in Datamart and Curated Table :: NAVISIONSTANDARDTIMEEARNINGCODE
Column Name found in Datamart and Curated Table :: MATERIALSKUREFERENCE_SKUTYPE
Column Name found in Datamart and Curated Table :: DATA
Column Name found in Datamart and Curated Table :: CONSTRUCTION
Column Name found in Datamart and Curated Table :: INSURANCECOMPANYNAME
Column Name found in Datamart and Curated Table :: PAYROLLJOBHOURSSTANDARDPAYCODE_ID
Column Name found in Datamart and Curated Table :: PAYROLLPERCENTAGEFEE
Column Name found in Datamart and Curated Table :: PHONENUMBER
Column Name found in Datamart and Curated Table :: POSTDATE
Column Name found in Datamart and Curated Table :: WORLDPAYMERCHANTPIN
Datamart tables contains additional column name like [ACTIVE_FLAG, RECORD_CREATE_DATE, RECORD_UPDATE_DATE, RECORD_UPDATE_DATE, MASTER_ID, TENANT_TYPE]
Curated tables contains additional column name like [RECORD_CREATE_DATE, RECORD_UPDATE_DATE, RECORD_UPDATED_BY, TENANT_TYPE]]]>
  </system-out>
  <testcase classname="testcases.RAW_DATAMART_CURATED.SnowFlake_ColumnValidation_BKPTables" name="validateColumnName_BKP" time="3.173"/>
  <system-out>
    <![CDATA[Executing Snowflake query :: SELECT COLUMN_NAME FROM DEV_ENT_RAW.INFORMATION_SCHEMA.COLUMNS WHERE TABLE_NAME='BUSINESSUNIT'and TABLE_SCHEMA='ST_EANESHEATING_MATILLION'
Executing Snowflake query :: SELECT COLUMN_NAME FROM CURATED_DATAMART.INFORMATION_SCHEMA.COLUMNS WHERE TABLE_NAME='STR_BUSINESSUNIT'and TABLE_SCHEMA='ST_BKP_EANESHEATING'
Executing Snowflake query :: SELECT COLUMN_NAME FROM DEV_ENT_CURATED.INFORMATION_SCHEMA.COLUMNS WHERE TABLE_NAME='DIM_BUSINESSUNIT'and TABLE_SCHEMA='MASTER_DIMENSIONS'
Column names for RAW Table --> BUSINESSUNIT :: [ACTIVE, CREATEDON, CREDITCARDPROCESSOR_ID, PAYROLLPERCENTAGEFEEMINIMUM, WORLDPAYMERCHANTPIN, FRANCHISEEINFO_TRUCKSOPERATING, GOAL, MATERIALSKUREFERENCE_SKUID, OFFERCOMMERCIALGENERALLIABILITY, OVERTIMEMODE, PAYROLLIDLETIMEOVERTIMEPAYCODE_ID, TRADE_ID, WORLDPAYSUBID, ACKNOWLEDGEMENTAGREEMENT_ORIGINALFILENAME, ADDRESS_ISMILITARY, ADDRESS_ZIP, BCCEMAIL, EMAIL, FINANCEITPARTNERID, PAYROLLTASKBONUSPAYCODE, CREDITCARDPROCESSORLOGIN, FRANCHISEEINFO_COMMENTS, FRANCHISEEINFO_PIVOTALNUMBER, NAVISIONGLCODE, PAYROLLCOSTMARKUP, PAYROLLJOBHOURSOVERTIMEPAYCODE_ID, PAYROLLTASKBONUSPAYCODENEW, JOBBOOKEDALERTRECIPIENTS, PAYROLLSOLDBYPAYCODENEW, WARRANTYRATE, POSTDATE, PAYROLLIDLETIMESTPAYCODE, TGLBONUS, ADDRESS_LONGITUDE, ADDRESS_STREET, AUTHORIZATIONAGREEMENT_ORIGINALFILENAME, CREDITCARDPROCESSORKEY, FRANCHISEEINFO_CONTRACT, INVOICEHEADER, MATERIALSKU_ID, OFFICIALNAME, PAYROLLWEIGHTEDOTPAYCODE, QUICKBOOKSOAUTHSETTINGS, SELLERFEE, ACKNOWLEDGEMENTPARAGRAPH, ADDRESS_CITY, COMMISSIONCALCULATION, CORPORATECONTRACTNUMBER, HIDEPRICES, ADDRESS_LATITUDE, CONSTRUCTION, FRANCHISEEINFO_NAME, GREENSKYMERCHANTID, NOCHARGE, PAYROLLPERCENTAGEFEE, PAYROLLTYPE, PHONENUMBER, CURRENCY, MEALAPPOINTMENT_ID, ADDRESS_UNIT, CREATEDBY_ID, DIVISION_ID, DIVISIONNAME, ENABLEWORKORDERSEQUIPMENTFORMATTING, FRANCHISEEINFO_GST, INSURANCECOMPANYPHONE, INTACCTENTITY_ID, PAYROLLSOLDBYPAYCODE, TURNSCONTRACTORID, INTEGRATEDREFUNDS_ID, PAYROLLJOBHOURSSTANDARDPAYCODE_ID, MINIMUMROYALTYFEE, ACTIVATIONLOCKED, AUTHORIZATIONPARAGRAPH, ENABLEWORKORDERS, EXTERNALID, MODIFIEDON, OFFERWORKERSCOMPENSATION, DEFAULTTAXRATE, FINANCEITAUTHTOKEN, LICENSENUMBER, PAYROLLINVOICEBONUSPAYCODE_ID, PAYROLLJOBHOURSSTPAYCODE, SERVICEFINANCEDEALERNAME, TURNOVERMINIMUMTHRESHOLD, HVACDASHBOARDSECTIONS, ID, PAYROLLIDLETIMESTANDARDPAYCODE_ID, QUICKBOOKSCLASS, AUTHORIZATIONAGREEMENT_FILENAME, INVOICEMESSAGE, PAYROLLJOBHOURSDOUBLEOVERTIMEPAYCODE_ID, SERVICEFINANCEDEALERID, NAME, NOCHARGERESIDENTIAL, LOGO, MATERIALSKUREFERENCE_SKUTYPE, THREEDAYCANCELATIONPARAGRAPH, ACKNOWLEDGEMENTAGREEMENT_FILENAME, ADDRESS_COUNTRY, ADDRESS_STATE, BANKACCOUNTPROCESSOR_ID, CALIFORNIACOMPLIANTCONTRACTDOCUMENTS, FINANCEITACCOUNTEMAIL, INSURANCECOMPANYNAME, NAVISIONOVERTIMEEARNINGCODE, NOCHARGECOMMERCIAL, PAYROLLFLATFEE, PAYROLLFLATFEEMINIMUM, PAYROLLIDLETIMEOTPAYCODE, PAYROLLWEIGHTEDOVERTIMEPAYCODE_ID, ADDRESS_ISMANUALCOORDINATES, DATA, NAVISIONSTANDARDTIMEEARNINGCODE, PAYMENTOPTIONS, PAYMENTPROCESSOR, PAYROLLEXPENSEDEDUCTIONTRIGGER, PAYROLLTURNOVERBONUSPAYCODE, WORLDPAYACCOUNTID, IMPORTID, ESTIMATEAUTHORIZATIONPARAGRAPH, PAYROLLTURNOVERBONUSPAYCODENEW, QUICKBOOKSROOTSALESACCOUNT, PAYROLLIDLETIMEDOUBLEOVERTIMEPAYCODE_ID, PAYROLLJOBHOURSOTPAYCODE]
Column names for DataMart Table --> STR_BUSINESSUNIT :: [ADDRESS_STREET, LICENSENUMBER, MATERIALSKU_ID, BANKACCOUNTPROCESSOR_ID, ENABLEWORKORDERS, NAVISIONSTANDARDTIMEEARNINGCODE, PAYROLLWEIGHTEDOTPAYCODE, PAYROLLWEIGHTEDOVERTIMEPAYCODE_ID, QUICKBOOKSROOTSALESACCOUNT, WORLDPAYSUBID, CREDITCARDPROCESSORLOGIN, DEFAULTTAXRATE, PAYROLLJOBHOURSSTANDARDPAYCODE_ID, AUTHORIZATIONAGREEMENT_FILENAME, MATERIALSKUREFERENCE_SKUTYPE, HVACDASHBOARDSECTIONS, OFFERWORKERSCOMPENSATION, PAYROLLIDLETIMESTANDARDPAYCODE_ID, ESTIMATEAUTHORIZATIONPARAGRAPH, PAYROLLTASKBONUSPAYCODE, ACTIVE, ACTIVE_FLAG, ADDRESS_CITY, ADDRESS_COUNTRY, BCCEMAIL, CREDITCARDPROCESSOR_ID, DIVISIONNAME, ENABLEWORKORDERSEQUIPMENTFORMATTING, FRANCHISEEINFO_GST, GOAL, INSURANCECOMPANYNAME, MATERIALSKUREFERENCE_SKUID, NAVISIONOVERTIMEEARNINGCODE, PAYROLLFLATFEEMINIMUM, ADDRESS_ISMANUALCOORDINATES, EXTERNALID, PAYROLLPERCENTAGEFEE, TENANT_TYPE, NAME, AUTHORIZATIONPARAGRAPH, QUICKBOOKSCLASS, INVOICEMESSAGE, PAYMENTPROCESSOR, WARRANTYRATE, NOCHARGERESIDENTIAL, ADDRESS_UNIT, ADDRESS_ZIP, AUTHORIZATIONAGREEMENT_ORIGINALFILENAME, CALIFORNIACOMPLIANTCONTRACTDOCUMENTS, CREDITCARDPROCESSORKEY, PAYROLLTYPE, CREATEDON, DATA, ID, PAYROLLJOBHOURSDOUBLEOVERTIMEPAYCODE_ID, PAYROLLTURNOVERBONUSPAYCODE, QUICKBOOKSOAUTHSETTINGS, RECORD_UPDATE_DATE, FRANCHISEEINFO_PIVOTALNUMBER, GREENSKYMERCHANTID, MODIFIEDON, OVERTIMEMODE, PAYROLLFLATFEE, PAYROLLJOBHOURSSTPAYCODE, PAYROLLSOLDBYPAYCODENEW, PHONENUMBER, TURNSCONTRACTORID, ADDRESS_LATITUDE, COMMISSIONCALCULATION, DIVISION_ID, PAYROLLEXPENSEDEDUCTIONTRIGGER, PAYROLLINVOICEBONUSPAYCODE_ID, SELLERFEE, FRANCHISEEINFO_COMMENTS, PAYMENTOPTIONS, PAYROLLIDLETIMEOTPAYCODE, PAYROLLJOBHOURSOVERTIMEPAYCODE_ID, JOBBOOKEDALERTRECIPIENTS, RECORD_CREATE_DATE, TGLBONUS, ACKNOWLEDGEMENTAGREEMENT_FILENAME, ACTIVATIONLOCKED, ADDRESS_LONGITUDE, CORPORATECONTRACTNUMBER, FINANCEITAUTHTOKEN, FRANCHISEEINFO_CONTRACT, INSURANCECOMPANYPHONE, NOCHARGECOMMERCIAL, FINANCEITPARTNERID, NAVISIONGLCODE, PAYROLLCOSTMARKUP, PAYROLLIDLETIMEOVERTIMEPAYCODE_ID, SERVICEFINANCEDEALERNAME, WORLDPAYMERCHANTPIN, POSTDATE, OFFERCOMMERCIALGENERALLIABILITY, INTEGRATEDREFUNDS_ID, ACKNOWLEDGEMENTPARAGRAPH, ADDRESS_STATE, CONSTRUCTION, CURRENCY, FRANCHISEEINFO_NAME, HIDEPRICES, OFFICIALNAME, PAYROLLIDLETIMEDOUBLEOVERTIMEPAYCODE_ID, WORLDPAYACCOUNTID, EMAIL, PAYROLLJOBHOURSOTPAYCODE, TRADE_ID, SERVICEFINANCEDEALERID, ACKNOWLEDGEMENTAGREEMENT_ORIGINALFILENAME, ADDRESS_ISMILITARY, FINANCEITACCOUNTEMAIL, INVOICEHEADER, NOCHARGE, CREATEDBY_ID, FRANCHISEEINFO_TRUCKSOPERATING, IMPORTID, MEALAPPOINTMENT_ID, PAYROLLIDLETIMESTPAYCODE, PAYROLLPERCENTAGEFEEMINIMUM, PAYROLLTASKBONUSPAYCODENEW, PAYROLLTURNOVERBONUSPAYCODENEW, THREEDAYCANCELATIONPARAGRAPH, LOGO, PAYROLLSOLDBYPAYCODE, TURNOVERMINIMUMTHRESHOLD, INTACCTENTITY_ID, MASTER_ID, MINIMUMROYALTYFEE]
Column names for Curated Table --> DIM_BUSINESSUNIT :: [ADDRESS_COUNTRY, ADDRESS_STREET, BANKACCOUNTPROCESSOR_ID, MEALAPPOINTMENT_ID, CREATEDBY_ID, DIVISION_ID, OFFERCOMMERCIALGENERALLIABILITY, PAYMENTPROCESSOR, PAYROLLJOBHOURSSTANDARDPAYCODE_ID, PAYROLLSOLDBYPAYCODE, TGLBONUS, NAME, PAYROLLCOSTMARKUP, PAYROLLJOBHOURSDOUBLEOVERTIMEPAYCODE_ID, LICENSENUMBER, LOGO, OVERTIMEMODE, ACKNOWLEDGEMENTAGREEMENT_ORIGINALFILENAME, AUTHORIZATIONPARAGRAPH, FINANCEITPARTNERID, WARRANTYRATE, FINANCEITACCOUNTEMAIL, PAYROLLTYPE, QUICKBOOKSCLASS, QUICKBOOKSOAUTHSETTINGS, GREENSKYMERCHANTID, CREDITCARDPROCESSORKEY, CREDITCARDPROCESSORLOGIN, CREDITCARDPROCESSOR_ID, DEFAULTTAXRATE, FRANCHISEEINFO_COMMENTS, HVACDASHBOARDSECTIONS, MODIFIEDON, WORLDPAYACCOUNTID, PAYROLLIDLETIMEDOUBLEOVERTIMEPAYCODE_ID, TENANT_TYPE, FRANCHISEEINFO_GST, RECORD_CREATE_DATE, NOCHARGE, PAYMENTOPTIONS, PAYROLLPERCENTAGEFEE, PAYROLLSOLDBYPAYCODENEW, ADDRESS_LONGITUDE, ADDRESS_ZIP, CREATEDON, INTEGRATEDREFUNDS_ID, JOBBOOKEDALERTRECIPIENTS, NAVISIONOVERTIMEEARNINGCODE, PAYROLLINVOICEBONUSPAYCODE_ID, ACTIVE, ADDRESS_STATE, AUTHORIZATIONAGREEMENT_ORIGINALFILENAME, ENABLEWORKORDERS, MATERIALSKU_ID, NAVISIONSTANDARDTIMEEARNINGCODE, PAYROLLJOBHOURSSTPAYCODE, POSTDATE, ADDRESS_ISMILITARY, ADDRESS_LATITUDE, ADDRESS_UNIT, CALIFORNIACOMPLIANTCONTRACTDOCUMENTS, ENABLEWORKORDERSEQUIPMENTFORMATTING, HIDEPRICES, INVOICEHEADER, COMMISSIONCALCULATION, EMAIL, FRANCHISEEINFO_TRUCKSOPERATING, PAYROLLIDLETIMESTANDARDPAYCODE_ID, PAYROLLIDLETIMESTPAYCODE, TRADE_ID, AUTHORIZATIONAGREEMENT_FILENAME, SERVICEFINANCEDEALERID, WORLDPAYMERCHANTPIN, BCCEMAIL, OFFERWORKERSCOMPENSATION, NAVISIONGLCODE, WORLDPAYSUBID, ACKNOWLEDGEMENTAGREEMENT_FILENAME, ACTIVATIONLOCKED, DIVISIONNAME, FINANCEITAUTHTOKEN, FRANCHISEEINFO_PIVOTALNUMBER, INSURANCECOMPANYNAME, PAYROLLWEIGHTEDOVERTIMEPAYCODE_ID, TURNSCONTRACTORID, FRANCHISEEINFO_NAME, MINIMUMROYALTYFEE, PAYROLLEXPENSEDEDUCTIONTRIGGER, PAYROLLPERCENTAGEFEEMINIMUM, RECORD_UPDATED_BY, SERVICEFINANCEDEALERNAME, ESTIMATEAUTHORIZATIONPARAGRAPH, TURNOVERMINIMUMTHRESHOLD, PAYROLLIDLETIMEOVERTIMEPAYCODE_ID, RECORD_UPDATE_DATE, ACKNOWLEDGEMENTPARAGRAPH, ADDRESS_ISMANUALCOORDINATES, INVOICEMESSAGE, MATERIALSKUREFERENCE_SKUID, MATERIALSKUREFERENCE_SKUTYPE, PAYROLLIDLETIMEOTPAYCODE, PAYROLLJOBHOURSOTPAYCODE, PAYROLLJOBHOURSOVERTIMEPAYCODE_ID, CONSTRUCTION, CORPORATECONTRACTNUMBER, DATA, NOCHARGECOMMERCIAL, NOCHARGERESIDENTIAL, PAYROLLTASKBONUSPAYCODE, PAYROLLTASKBONUSPAYCODENEW, QUICKBOOKSROOTSALESACCOUNT, ID, PAYROLLTURNOVERBONUSPAYCODENEW, ADDRESS_CITY, CURRENCY, GOAL, IMPORTID, INSURANCECOMPANYPHONE, PAYROLLTURNOVERBONUSPAYCODE, OFFICIALNAME, PAYROLLFLATFEE, PHONENUMBER, SELLERFEE, THREEDAYCANCELATIONPARAGRAPH, FRANCHISEEINFO_CONTRACT, PAYROLLFLATFEEMINIMUM, PAYROLLWEIGHTEDOTPAYCODE, INTACCTENTITY_ID, EXTERNALID]
Column Name found in Datamart and Curated Table :: ACTIVE
Column Name found in Datamart and Curated Table :: CREATEDON
Column Name found in Datamart and Curated Table :: CREDITCARDPROCESSOR_ID
Column Name found in Datamart and Curated Table :: PAYROLLPERCENTAGEFEEMINIMUM
Column Name found in Datamart and Curated Table :: WORLDPAYMERCHANTPIN
Column Name found in Datamart and Curated Table :: FRANCHISEEINFO_TRUCKSOPERATING
Column Name found in Datamart and Curated Table :: GOAL
Column Name found in Datamart and Curated Table :: MATERIALSKUREFERENCE_SKUID
Column Name found in Datamart and Curated Table :: OFFERCOMMERCIALGENERALLIABILITY
Column Name found in Datamart and Curated Table :: OVERTIMEMODE
Column Name found in Datamart and Curated Table :: PAYROLLIDLETIMEOVERTIMEPAYCODE_ID
Column Name found in Datamart and Curated Table :: TRADE_ID
Column Name found in Datamart and Curated Table :: WORLDPAYSUBID
Column Name found in Datamart and Curated Table :: ACKNOWLEDGEMENTAGREEMENT_ORIGINALFILENAME
Column Name found in Datamart and Curated Table :: ADDRESS_ISMILITARY
Column Name found in Datamart and Curated Table :: ADDRESS_ZIP
Column Name found in Datamart and Curated Table :: BCCEMAIL
Column Name found in Datamart and Curated Table :: EMAIL
Column Name found in Datamart and Curated Table :: FINANCEITPARTNERID
Column Name found in Datamart and Curated Table :: PAYROLLTASKBONUSPAYCODE
Column Name found in Datamart and Curated Table :: CREDITCARDPROCESSORLOGIN
Column Name found in Datamart and Curated Table :: FRANCHISEEINFO_COMMENTS
Column Name found in Datamart and Curated Table :: FRANCHISEEINFO_PIVOTALNUMBER
Column Name found in Datamart and Curated Table :: NAVISIONGLCODE
Column Name found in Datamart and Curated Table :: PAYROLLCOSTMARKUP
Column Name found in Datamart and Curated Table :: PAYROLLJOBHOURSOVERTIMEPAYCODE_ID
Column Name found in Datamart and Curated Table :: PAYROLLTASKBONUSPAYCODENEW
Column Name found in Datamart and Curated Table :: JOBBOOKEDALERTRECIPIENTS
Column Name found in Datamart and Curated Table :: PAYROLLSOLDBYPAYCODENEW
Column Name found in Datamart and Curated Table :: WARRANTYRATE
Column Name found in Datamart and Curated Table :: POSTDATE
Column Name found in Datamart and Curated Table :: PAYROLLIDLETIMESTPAYCODE
Column Name found in Datamart and Curated Table :: TGLBONUS
Column Name found in Datamart and Curated Table :: ADDRESS_LONGITUDE
Column Name found in Datamart and Curated Table :: ADDRESS_STREET
Column Name found in Datamart and Curated Table :: AUTHORIZATIONAGREEMENT_ORIGINALFILENAME
Column Name found in Datamart and Curated Table :: CREDITCARDPROCESSORKEY
Column Name found in Datamart and Curated Table :: FRANCHISEEINFO_CONTRACT
Column Name found in Datamart and Curated Table :: INVOICEHEADER
Column Name found in Datamart and Curated Table :: MATERIALSKU_ID
Column Name found in Datamart and Curated Table :: OFFICIALNAME
Column Name found in Datamart and Curated Table :: PAYROLLWEIGHTEDOTPAYCODE
Column Name found in Datamart and Curated Table :: QUICKBOOKSOAUTHSETTINGS
Column Name found in Datamart and Curated Table :: SELLERFEE
Column Name found in Datamart and Curated Table :: ACKNOWLEDGEMENTPARAGRAPH
Column Name found in Datamart and Curated Table :: ADDRESS_CITY
Column Name found in Datamart and Curated Table :: COMMISSIONCALCULATION
Column Name found in Datamart and Curated Table :: CORPORATECONTRACTNUMBER
Column Name found in Datamart and Curated Table :: HIDEPRICES
Column Name found in Datamart and Curated Table :: ADDRESS_LATITUDE
Column Name found in Datamart and Curated Table :: CONSTRUCTION
Column Name found in Datamart and Curated Table :: FRANCHISEEINFO_NAME
Column Name found in Datamart and Curated Table :: GREENSKYMERCHANTID
Column Name found in Datamart and Curated Table :: NOCHARGE
Column Name found in Datamart and Curated Table :: PAYROLLPERCENTAGEFEE
Column Name found in Datamart and Curated Table :: PAYROLLTYPE
Column Name found in Datamart and Curated Table :: PHONENUMBER
Column Name found in Datamart and Curated Table :: CURRENCY
Column Name found in Datamart and Curated Table :: MEALAPPOINTMENT_ID
Column Name found in Datamart and Curated Table :: ADDRESS_UNIT
Column Name found in Datamart and Curated Table :: CREATEDBY_ID
Column Name found in Datamart and Curated Table :: DIVISION_ID
Column Name found in Datamart and Curated Table :: DIVISIONNAME
Column Name found in Datamart and Curated Table :: ENABLEWORKORDERSEQUIPMENTFORMATTING
Column Name found in Datamart and Curated Table :: FRANCHISEEINFO_GST
Column Name found in Datamart and Curated Table :: INSURANCECOMPANYPHONE
Column Name found in Datamart and Curated Table :: INTACCTENTITY_ID
Column Name found in Datamart and Curated Table :: PAYROLLSOLDBYPAYCODE
Column Name found in Datamart and Curated Table :: TURNSCONTRACTORID
Column Name found in Datamart and Curated Table :: INTEGRATEDREFUNDS_ID
Column Name found in Datamart and Curated Table :: PAYROLLJOBHOURSSTANDARDPAYCODE_ID
Column Name found in Datamart and Curated Table :: MINIMUMROYALTYFEE
Column Name found in Datamart and Curated Table :: ACTIVATIONLOCKED
Column Name found in Datamart and Curated Table :: AUTHORIZATIONPARAGRAPH
Column Name found in Datamart and Curated Table :: ENABLEWORKORDERS
Column Name found in Datamart and Curated Table :: EXTERNALID
Column Name found in Datamart and Curated Table :: MODIFIEDON
Column Name found in Datamart and Curated Table :: OFFERWORKERSCOMPENSATION
Column Name found in Datamart and Curated Table :: DEFAULTTAXRATE
Column Name found in Datamart and Curated Table :: FINANCEITAUTHTOKEN
Column Name found in Datamart and Curated Table :: LICENSENUMBER
Column Name found in Datamart and Curated Table :: PAYROLLINVOICEBONUSPAYCODE_ID
Column Name found in Datamart and Curated Table :: PAYROLLJOBHOURSSTPAYCODE
Column Name found in Datamart and Curated Table :: SERVICEFINANCEDEALERNAME
Column Name found in Datamart and Curated Table :: TURNOVERMINIMUMTHRESHOLD
Column Name found in Datamart and Curated Table :: HVACDASHBOARDSECTIONS
Column Name found in Datamart and Curated Table :: ID
Column Name found in Datamart and Curated Table :: PAYROLLIDLETIMESTANDARDPAYCODE_ID
Column Name found in Datamart and Curated Table :: QUICKBOOKSCLASS
Column Name found in Datamart and Curated Table :: AUTHORIZATIONAGREEMENT_FILENAME
Column Name found in Datamart and Curated Table :: INVOICEMESSAGE
Column Name found in Datamart and Curated Table :: PAYROLLJOBHOURSDOUBLEOVERTIMEPAYCODE_ID
Column Name found in Datamart and Curated Table :: SERVICEFINANCEDEALERID
Column Name found in Datamart and Curated Table :: NAME
Column Name found in Datamart and Curated Table :: NOCHARGERESIDENTIAL
Column Name found in Datamart and Curated Table :: LOGO
Column Name found in Datamart and Curated Table :: MATERIALSKUREFERENCE_SKUTYPE
Column Name found in Datamart and Curated Table :: THREEDAYCANCELATIONPARAGRAPH
Column Name found in Datamart and Curated Table :: ACKNOWLEDGEMENTAGREEMENT_FILENAME
Column Name found in Datamart and Curated Table :: ADDRESS_COUNTRY
Column Name found in Datamart and Curated Table :: ADDRESS_STATE
Column Name found in Datamart and Curated Table :: BANKACCOUNTPROCESSOR_ID
Column Name found in Datamart and Curated Table :: CALIFORNIACOMPLIANTCONTRACTDOCUMENTS
Column Name found in Datamart and Curated Table :: FINANCEITACCOUNTEMAIL
Column Name found in Datamart and Curated Table :: INSURANCECOMPANYNAME
Column Name found in Datamart and Curated Table :: NAVISIONOVERTIMEEARNINGCODE
Column Name found in Datamart and Curated Table :: NOCHARGECOMMERCIAL
Column Name found in Datamart and Curated Table :: PAYROLLFLATFEE
Column Name found in Datamart and Curated Table :: PAYROLLFLATFEEMINIMUM
Column Name found in Datamart and Curated Table :: PAYROLLIDLETIMEOTPAYCODE
Column Name found in Datamart and Curated Table :: PAYROLLWEIGHTEDOVERTIMEPAYCODE_ID
Column Name found in Datamart and Curated Table :: ADDRESS_ISMANUALCOORDINATES
Column Name found in Datamart and Curated Table :: DATA
Column Name found in Datamart and Curated Table :: NAVISIONSTANDARDTIMEEARNINGCODE
Column Name found in Datamart and Curated Table :: PAYMENTOPTIONS
Column Name found in Datamart and Curated Table :: PAYMENTPROCESSOR
Column Name found in Datamart and Curated Table :: PAYROLLEXPENSEDEDUCTIONTRIGGER
Column Name found in Datamart and Curated Table :: PAYROLLTURNOVERBONUSPAYCODE
Column Name found in Datamart and Curated Table :: WORLDPAYACCOUNTID
Column Name found in Datamart and Curated Table :: IMPORTID
Column Name found in Datamart and Curated Table :: ESTIMATEAUTHORIZATIONPARAGRAPH
Column Name found in Datamart and Curated Table :: PAYROLLTURNOVERBONUSPAYCODENEW
Column Name found in Datamart and Curated Table :: QUICKBOOKSROOTSALESACCOUNT
Column Name found in Datamart and Curated Table :: PAYROLLIDLETIMEDOUBLEOVERTIMEPAYCODE_ID
Column Name found in Datamart and Curated Table :: PAYROLLJOBHOURSOTPAYCODE
Datamart tables contains additional column name like [ACTIVE_FLAG, RECORD_CREATE_DATE, RECORD_UPDATE_DATE, RECORD_UPDATE_DATE, MASTER_ID, TENANT_TYPE]
Curated tables contains additional column name like [RECORD_CREATE_DATE, RECORD_UPDATE_DATE, RECORD_UPDATED_BY, TENANT_TYPE]]]>
  </system-out>
  <testcase classname="testcases.RAW_DATAMART_CURATED.SnowFlake_ColumnValidation_BKPTables" name="validateColumnName_BKP" time="2.669"/>
  <system-out>
    <![CDATA[Executing Snowflake query :: SELECT COLUMN_NAME FROM DEV_ENT_RAW.INFORMATION_SCHEMA.COLUMNS WHERE TABLE_NAME='JOBCOMPLETIONSURVEY'and TABLE_SCHEMA='ST_SNELLHEATINGAIR_MATILLION'
Executing Snowflake query :: SELECT COLUMN_NAME FROM CURATED_DATAMART.INFORMATION_SCHEMA.COLUMNS WHERE TABLE_NAME='STR_JOBCOMPLETIONSURVEY'and TABLE_SCHEMA='ST_BKP_SNELLHEATINGAIR'
Executing Snowflake query :: SELECT COLUMN_NAME FROM DEV_ENT_CURATED.INFORMATION_SCHEMA.COLUMNS WHERE TABLE_NAME='DIM_JOBCOMPLETIONSURVEY'and TABLE_SCHEMA='MASTER_DIMENSIONS'
Column names for RAW Table --> JOBCOMPLETIONSURVEY :: [ISROUTINECOMPLETED, RECOMMENDATIONS, SENTON, RATING, MEMO, MODIFIEDON, SUBMITCOUNT, TOKEN, STATUS, COMPLETEDON, JOBID, SURVEYTYPE, ISPLANNINGTOUSEAGAIN, JOBCOMPLETEDON, ID]
Column names for DataMart Table --> STR_JOBCOMPLETIONSURVEY :: [COMPLETEDON, RECOMMENDATIONS, SUBMITCOUNT, ID, JOBID, MODIFIEDON, SURVEYTYPE, ACTIVE_FLAG, JOBCOMPLETEDON, MASTER_ID, ISPLANNINGTOUSEAGAIN, TENANT_TYPE, STATUS, ISROUTINECOMPLETED, RECORD_UPDATE_DATE, SENTON, TOKEN, MEMO, RATING, RECORD_CREATE_DATE]
Column names for Curated Table --> DIM_JOBCOMPLETIONSURVEY :: [ID, JOBCOMPLETEDON, SUBMITCOUNT, ISROUTINECOMPLETED, MEMO, RECORD_UPDATED_BY, STATUS, JOBID, RECORD_UPDATE_DATE, TENANT_TYPE, MODIFIEDON, SURVEYTYPE, COMPLETEDON, ISPLANNINGTOUSEAGAIN, RATING, SENTON, RECOMMENDATIONS, RECORD_CREATE_DATE, TOKEN]
Column Name found in Datamart and Curated Table :: ISROUTINECOMPLETED
Column Name found in Datamart and Curated Table :: RECOMMENDATIONS
Column Name found in Datamart and Curated Table :: SENTON
Column Name found in Datamart and Curated Table :: RATING
Column Name found in Datamart and Curated Table :: MEMO
Column Name found in Datamart and Curated Table :: MODIFIEDON
Column Name found in Datamart and Curated Table :: SUBMITCOUNT
Column Name found in Datamart and Curated Table :: TOKEN
Column Name found in Datamart and Curated Table :: STATUS
Column Name found in Datamart and Curated Table :: COMPLETEDON
Column Name found in Datamart and Curated Table :: JOBID
Column Name found in Datamart and Curated Table :: SURVEYTYPE
Column Name found in Datamart and Curated Table :: ISPLANNINGTOUSEAGAIN
Column Name found in Datamart and Curated Table :: JOBCOMPLETEDON
Column Name found in Datamart and Curated Table :: ID
Datamart tables contains additional column name like [ACTIVE_FLAG, RECORD_CREATE_DATE, RECORD_UPDATE_DATE, RECORD_UPDATE_DATE, MASTER_ID, TENANT_TYPE]
Curated tables contains additional column name like [RECORD_CREATE_DATE, RECORD_UPDATE_DATE, RECORD_UPDATED_BY, TENANT_TYPE]]]>
  </system-out>
  <testcase classname="testcases.RAW_DATAMART_CURATED.SnowFlake_ColumnValidation_BKPTables" name="validateColumnName_BKP" time="2.535"/>
  <system-out>
    <![CDATA[Executing Snowflake query :: SELECT COLUMN_NAME FROM DEV_ENT_RAW.INFORMATION_SCHEMA.COLUMNS WHERE TABLE_NAME='PURCHASEORDER'and TABLE_SCHEMA='ST_SNELLHEATINGAIR_MATILLION'
Executing Snowflake query :: SELECT COLUMN_NAME FROM CURATED_DATAMART.INFORMATION_SCHEMA.COLUMNS WHERE TABLE_NAME='STR_PURCHASEORDER'and TABLE_SCHEMA='ST_BKP_SNELLHEATINGAIR'
Executing Snowflake query :: SELECT COLUMN_NAME FROM DEV_ENT_CURATED.INFORMATION_SCHEMA.COLUMNS WHERE TABLE_NAME='DIM_PURCHASEORDER'and TABLE_SCHEMA='MASTER_DIMENSIONS'
Column names for RAW Table --> PURCHASEORDER :: [PROJECTLABELS, REQUIREDON, SHIPTO_CITY, SHIPTO_ISMANUALCOORDINATES, TAXSCHEMA, VENDORINVOICENUMBER, CREATEDBY_ID, BUSINESSUNIT_ID, SHIPPING, SHIPTO_UNIT, ERRORMESSAGE, ISTIMEANDMATERIAL, TRUCK_ID, SENDINGMETHOD, DATE, SHIPTO_ZIP, SUMMARY, IMPORTID, SHIPTO_ISMILITARY, SHIPTO_STATE, TAXRATE, AMOUNT, BATCH_ID, CREATEDON, POVENDOR_ID, ROLLEDOVERFROMPURCHASEORDER_ID, EXPORTID, STATUS, JOB_ID, INVOICE_ID, RECEIVEDON, EXTERNALID, TAX, ID, SENTON, SHIPTO_STREET, ACTIVE, CANCELEDON, MARKUP, SHIPTO_LONGITUDE, SHIPTODESCRIPTION, CANCELEDREASON, NUMBER, SHIPTO_COUNTRY, TYPE_ID, MODIFIEDON, SHIPTO_LATITUDE, CANCELEDBY_ID, GROUPINGOPTION, PROJECT_ID, REQUISITION_ID, SENDSTATUS, TECHNICIAN_ID, VENDOR, INVENTORYLOCATION_ID, NOCHARGE]
Column names for DataMart Table --> STR_PURCHASEORDER :: [CREATEDBY_ID, ERRORMESSAGE, TAX, TAXSCHEMA, REQUISITION_ID, SHIPPING, BATCH_ID, ISTIMEANDMATERIAL, PROJECT_ID, SHIPTO_STREET, NUMBER, RECORD_UPDATE_DATE, SHIPTO_ZIP, STATUS, ACTIVE_FLAG, AMOUNT, INVENTORYLOCATION_ID, MARKUP, RECEIVEDON, SHIPTO_LONGITUDE, SENDSTATUS, ACTIVE, BUSINESSUNIT_ID, CANCELEDON, EXPORTID, ID, IMPORTID, SENDINGMETHOD, TYPE_ID, VENDORINVOICENUMBER, REQUIREDON, SUMMARY, ROLLEDOVERFROMPURCHASEORDER_ID, CREATEDON, INVOICE_ID, JOB_ID, POVENDOR_ID, SHIPTO_COUNTRY, SHIPTO_CITY, SHIPTO_LATITUDE, NOCHARGE, CANCELEDREASON, MASTER_ID, MODIFIEDON, PROJECTLABELS, TENANT_TYPE, RECORD_CREATE_DATE, SENTON, SHIPTO_UNIT, DATE, EXTERNALID, SHIPTODESCRIPTION, TAXRATE, GROUPINGOPTION, TRUCK_ID, VENDOR, SHIPTO_ISMILITARY, CANCELEDBY_ID, SHIPTO_ISMANUALCOORDINATES, TECHNICIAN_ID, SHIPTO_STATE]
Column names for Curated Table --> DIM_PURCHASEORDER :: [ACTIVE, CANCELEDBY_ID, CANCELEDON, RECORD_CREATE_DATE, TRUCK_ID, ROLLEDOVERFROMPURCHASEORDER_ID, SHIPTO_LONGITUDE, TAXSCHEMA, BUSINESSUNIT_ID, POVENDOR_ID, SHIPTO_ISMANUALCOORDINATES, SHIPTO_ISMILITARY, CREATEDON, RECORD_UPDATE_DATE, NUMBER, AMOUNT, DATE, ERRORMESSAGE, EXPORTID, GROUPINGOPTION, INVOICE_ID, MODIFIEDON, PROJECT_ID, SHIPTO_COUNTRY, STATUS, RECORD_UPDATED_BY, TECHNICIAN_ID, SHIPTO_STATE, MARKUP, REQUISITION_ID, SENDSTATUS, SHIPTO_LATITUDE, SHIPTO_STREET, INVENTORYLOCATION_ID, TYPE_ID, BATCH_ID, CREATEDBY_ID, SENTON, PROJECTLABELS, SENDINGMETHOD, SHIPTO_CITY, TAXRATE, EXTERNALID, ID, TAX, VENDOR, IMPORTID, NOCHARGE, SHIPTO_ZIP, SUMMARY, TENANT_TYPE, SHIPPING, CANCELEDREASON, ISTIMEANDMATERIAL, JOB_ID, RECEIVEDON, SHIPTODESCRIPTION, SHIPTO_UNIT, VENDORINVOICENUMBER, REQUIREDON]
Column Name found in Datamart and Curated Table :: PROJECTLABELS
Column Name found in Datamart and Curated Table :: REQUIREDON
Column Name found in Datamart and Curated Table :: SHIPTO_CITY
Column Name found in Datamart and Curated Table :: SHIPTO_ISMANUALCOORDINATES
Column Name found in Datamart and Curated Table :: TAXSCHEMA
Column Name found in Datamart and Curated Table :: VENDORINVOICENUMBER
Column Name found in Datamart and Curated Table :: CREATEDBY_ID
Column Name found in Datamart and Curated Table :: BUSINESSUNIT_ID
Column Name found in Datamart and Curated Table :: SHIPPING
Column Name found in Datamart and Curated Table :: SHIPTO_UNIT
Column Name found in Datamart and Curated Table :: ERRORMESSAGE
Column Name found in Datamart and Curated Table :: ISTIMEANDMATERIAL
Column Name found in Datamart and Curated Table :: TRUCK_ID
Column Name found in Datamart and Curated Table :: SENDINGMETHOD
Column Name found in Datamart and Curated Table :: DATE
Column Name found in Datamart and Curated Table :: SHIPTO_ZIP
Column Name found in Datamart and Curated Table :: SUMMARY
Column Name found in Datamart and Curated Table :: IMPORTID
Column Name found in Datamart and Curated Table :: SHIPTO_ISMILITARY
Column Name found in Datamart and Curated Table :: SHIPTO_STATE
Column Name found in Datamart and Curated Table :: TAXRATE
Column Name found in Datamart and Curated Table :: AMOUNT
Column Name found in Datamart and Curated Table :: BATCH_ID
Column Name found in Datamart and Curated Table :: CREATEDON
Column Name found in Datamart and Curated Table :: POVENDOR_ID
Column Name found in Datamart and Curated Table :: ROLLEDOVERFROMPURCHASEORDER_ID
Column Name found in Datamart and Curated Table :: EXPORTID
Column Name found in Datamart and Curated Table :: STATUS
Column Name found in Datamart and Curated Table :: JOB_ID
Column Name found in Datamart and Curated Table :: INVOICE_ID
Column Name found in Datamart and Curated Table :: RECEIVEDON
Column Name found in Datamart and Curated Table :: EXTERNALID
Column Name found in Datamart and Curated Table :: TAX
Column Name found in Datamart and Curated Table :: ID
Column Name found in Datamart and Curated Table :: SENTON
Column Name found in Datamart and Curated Table :: SHIPTO_STREET
Column Name found in Datamart and Curated Table :: ACTIVE
Column Name found in Datamart and Curated Table :: CANCELEDON
Column Name found in Datamart and Curated Table :: MARKUP
Column Name found in Datamart and Curated Table :: SHIPTO_LONGITUDE
Column Name found in Datamart and Curated Table :: SHIPTODESCRIPTION
Column Name found in Datamart and Curated Table :: CANCELEDREASON
Column Name found in Datamart and Curated Table :: NUMBER
Column Name found in Datamart and Curated Table :: SHIPTO_COUNTRY
Column Name found in Datamart and Curated Table :: TYPE_ID
Column Name found in Datamart and Curated Table :: MODIFIEDON
Column Name found in Datamart and Curated Table :: SHIPTO_LATITUDE
Column Name found in Datamart and Curated Table :: CANCELEDBY_ID
Column Name found in Datamart and Curated Table :: GROUPINGOPTION
Column Name found in Datamart and Curated Table :: PROJECT_ID
Column Name found in Datamart and Curated Table :: REQUISITION_ID
Column Name found in Datamart and Curated Table :: SENDSTATUS
Column Name found in Datamart and Curated Table :: TECHNICIAN_ID
Column Name found in Datamart and Curated Table :: VENDOR
Column Name found in Datamart and Curated Table :: INVENTORYLOCATION_ID
Column Name found in Datamart and Curated Table :: NOCHARGE
Datamart tables contains additional column name like [ACTIVE_FLAG, RECORD_CREATE_DATE, RECORD_UPDATE_DATE, RECORD_UPDATE_DATE, MASTER_ID, TENANT_TYPE]
Curated tables contains additional column name like [RECORD_CREATE_DATE, RECORD_UPDATE_DATE, RECORD_UPDATED_BY, TENANT_TYPE]]]>
  </system-out>
  <testcase classname="testcases.RAW_DATAMART_CURATED.SnowFlake_ColumnValidation_BKPTables" name="validateColumnName_BKP" time="3.077"/>
  <system-out>
    <![CDATA[Executing Snowflake query :: SELECT COLUMN_NAME FROM DEV_ENT_RAW.INFORMATION_SCHEMA.COLUMNS WHERE TABLE_NAME='SERVICE'and TABLE_SCHEMA='ST_BILLFENWICK_MATILLION'
Executing Snowflake query :: SELECT COLUMN_NAME FROM CURATED_DATAMART.INFORMATION_SCHEMA.COLUMNS WHERE TABLE_NAME='STR_SERVICE'and TABLE_SCHEMA='ST_BKP_BILLFENWICK'
Executing Snowflake query :: SELECT COLUMN_NAME FROM DEV_ENT_CURATED.INFORMATION_SCHEMA.COLUMNS WHERE TABLE_NAME='DIM_SERVICE'and TABLE_SCHEMA='MASTER_DIMENSIONS'
Column names for RAW Table --> SERVICE :: [AVALARARESIDENTIALTAXCODE, BASERATE3, ISLABOR, SOURCEVERSION, EXTERNALID, SYNCDATE, SUPPLIERIMAGES, ALLOWAPPLYTAGSTOENTITIES, BASERATE1, COMMISSIONBONUS, CREATEDBY_ID, PAYTECHSPECIFICBONUS, ID, IMPORTID, PAYSCOMMISSION, SOURCE, PRICE, WORKFLOWACTION_ID, ADDONPRICE, BASERATE2, COPIEDFROM_ID, ISTIMEANDMATERIAL, QBITEMNAME, MEMBERSHIPMONTHS, ARCHIVED, AVALARACOMMERCIALTAXCODE, DISPLAYINAMOUNT, HOURS, ISDEFERREDREVENUE, NOTAX, ORIGINAL_ID, ISOTTASK, RECURRINGSERVICETYPE_ID, TAXABLE, CROSSSALEGROUP, ADDONFLATAMOUNT, AUTOGLASSTYPE, DESCRIPTION, MEMBERSHIPYEARS, MINIMUMLABORHOURS, NAME, CATEGORY_ID, MEMBERPRICE, MODIFIEDON, SOLDBYCOMMISSION, SCHEDULEDFLATAMOUNT, ACCOUNT, ALLOWDISCOUNTS, BUSINESSUNIT_ID, LOYALTYPROGRAMELIGIBLE, PROVIDER_ID, PAYSSOLDBYRATE, PURCHASEORDERLIMITS_FLATAMOUNT, PURCHASEORDERLIMITS_REVENUEPERCENT, GENERATEDTAGTARGETS, ACTIVE, ADDONMEMBERPRICE, BONUS, DISPLAYNAME, GENERALLEDGERACCOUNT_ID, IMAGES, MEMBERSHIPACTION, COST, CREATEDON, EXCLUDEFROMPRICEBOOKWIZARD, WARRANTY_DESCRIPTION, MEMBERSHIP, MEMBERSHIPTYPE_ID, PAYSFLATAMOUNT, WARRANTY_DURATION, DISPATCHFEE]
Column names for DataMart Table --> STR_SERVICE :: [ARCHIVED, AVALARACOMMERCIALTAXCODE, BASERATE2, MEMBERSHIP, PURCHASEORDERLIMITS_FLATAMOUNT, SOURCEVERSION, COMMISSIONBONUS, COPIEDFROM_ID, CREATEDON, DISPLAYINAMOUNT, GENERATEDTAGTARGETS, IMPORTID, IMAGES, LOYALTYPROGRAMELIGIBLE, MEMBERSHIPACTION, RECORD_CREATE_DATE, WARRANTY_DURATION, ISTIMEANDMATERIAL, MASTER_ID, ISOTTASK, SUPPLIERIMAGES, TENANT_TYPE, PAYSSOLDBYRATE, ACCOUNT, ACTIVE, ADDONFLATAMOUNT, ADDONPRICE, AUTOGLASSTYPE, BONUS, BUSINESSUNIT_ID, GENERALLEDGERACCOUNT_ID, PAYSFLATAMOUNT, PURCHASEORDERLIMITS_REVENUEPERCENT, MEMBERSHIPYEARS, ALLOWAPPLYTAGSTOENTITIES, ALLOWDISCOUNTS, AVALARARESIDENTIALTAXCODE, BASERATE1, HOURS, TAXABLE, ID, MEMBERSHIPMONTHS, PAYSCOMMISSION, WORKFLOWACTION_ID, SYNCDATE, COST, EXCLUDEFROMPRICEBOOKWIZARD, EXTERNALID, ISLABOR, MODIFIEDON, SOURCE, CREATEDBY_ID, SOLDBYCOMMISSION, ACTIVE_FLAG, DESCRIPTION, DISPATCHFEE, NOTAX, PROVIDER_ID, RECORD_UPDATE_DATE, RECURRINGSERVICETYPE_ID, BASERATE3, QBITEMNAME, SCHEDULEDFLATAMOUNT, MEMBERPRICE, MINIMUMLABORHOURS, NAME, ADDONMEMBERPRICE, CATEGORY_ID, PAYTECHSPECIFICBONUS, WARRANTY_DESCRIPTION, CROSSSALEGROUP, ISDEFERREDREVENUE, MEMBERSHIPTYPE_ID, ORIGINAL_ID, DISPLAYNAME, PRICE]
Column names for Curated Table --> DIM_SERVICE :: [ACCOUNT, ALLOWDISCOUNTS, BASERATE3, DESCRIPTION, DISPATCHFEE, ISOTTASK, MEMBERSHIP, SOLDBYCOMMISSION, DISPLAYNAME, AUTOGLASSTYPE, AVALARACOMMERCIALTAXCODE, BUSINESSUNIT_ID, COMMISSIONBONUS, NOTAX, EXTERNALID, PRICE, CATEGORY_ID, CREATEDON, CROSSSALEGROUP, MEMBERSHIPYEARS, PAYSFLATAMOUNT, PAYSSOLDBYRATE, WARRANTY_DURATION, MODIFIEDON, RECORD_CREATE_DATE, TAXABLE, MEMBERSHIPACTION, ADDONMEMBERPRICE, BONUS, COPIEDFROM_ID, ISDEFERREDREVENUE, SOURCE, ARCHIVED, BASERATE1, PURCHASEORDERLIMITS_REVENUEPERCENT, RECURRINGSERVICETYPE_ID, SOURCEVERSION, ALLOWAPPLYTAGSTOENTITIES, AVALARARESIDENTIALTAXCODE, DISPLAYINAMOUNT, GENERATEDTAGTARGETS, ISTIMEANDMATERIAL, PROVIDER_ID, ADDONFLATAMOUNT, COST, GENERALLEDGERACCOUNT_ID, MEMBERSHIPTYPE_ID, QBITEMNAME, WARRANTY_DESCRIPTION, EXCLUDEFROMPRICEBOOKWIZARD, ID, IMAGES, RECORD_UPDATED_BY, RECORD_UPDATE_DATE, NAME, ACTIVE, ADDONPRICE, LOYALTYPROGRAMELIGIBLE, PAYTECHSPECIFICBONUS, SUPPLIERIMAGES, HOURS, IMPORTID, MINIMUMLABORHOURS, PAYSCOMMISSION, WORKFLOWACTION_ID, MEMBERPRICE, BASERATE2, CREATEDBY_ID, MEMBERSHIPMONTHS, ORIGINAL_ID, SYNCDATE, ISLABOR, PURCHASEORDERLIMITS_FLATAMOUNT, TENANT_TYPE, SCHEDULEDFLATAMOUNT]
Column Name found in Datamart and Curated Table :: AVALARARESIDENTIALTAXCODE
Column Name found in Datamart and Curated Table :: BASERATE3
Column Name found in Datamart and Curated Table :: ISLABOR
Column Name found in Datamart and Curated Table :: SOURCEVERSION
Column Name found in Datamart and Curated Table :: EXTERNALID
Column Name found in Datamart and Curated Table :: SYNCDATE
Column Name found in Datamart and Curated Table :: SUPPLIERIMAGES
Column Name found in Datamart and Curated Table :: ALLOWAPPLYTAGSTOENTITIES
Column Name found in Datamart and Curated Table :: BASERATE1
Column Name found in Datamart and Curated Table :: COMMISSIONBONUS
Column Name found in Datamart and Curated Table :: CREATEDBY_ID
Column Name found in Datamart and Curated Table :: PAYTECHSPECIFICBONUS
Column Name found in Datamart and Curated Table :: ID
Column Name found in Datamart and Curated Table :: IMPORTID
Column Name found in Datamart and Curated Table :: PAYSCOMMISSION
Column Name found in Datamart and Curated Table :: SOURCE
Column Name found in Datamart and Curated Table :: PRICE
Column Name found in Datamart and Curated Table :: WORKFLOWACTION_ID
Column Name found in Datamart and Curated Table :: ADDONPRICE
Column Name found in Datamart and Curated Table :: BASERATE2
Column Name found in Datamart and Curated Table :: COPIEDFROM_ID
Column Name found in Datamart and Curated Table :: ISTIMEANDMATERIAL
Column Name found in Datamart and Curated Table :: QBITEMNAME
Column Name found in Datamart and Curated Table :: MEMBERSHIPMONTHS
Column Name found in Datamart and Curated Table :: ARCHIVED
Column Name found in Datamart and Curated Table :: AVALARACOMMERCIALTAXCODE
Column Name found in Datamart and Curated Table :: DISPLAYINAMOUNT
Column Name found in Datamart and Curated Table :: HOURS
Column Name found in Datamart and Curated Table :: ISDEFERREDREVENUE
Column Name found in Datamart and Curated Table :: NOTAX
Column Name found in Datamart and Curated Table :: ORIGINAL_ID
Column Name found in Datamart and Curated Table :: ISOTTASK
Column Name found in Datamart and Curated Table :: RECURRINGSERVICETYPE_ID
Column Name found in Datamart and Curated Table :: TAXABLE
Column Name found in Datamart and Curated Table :: CROSSSALEGROUP
Column Name found in Datamart and Curated Table :: ADDONFLATAMOUNT
Column Name found in Datamart and Curated Table :: AUTOGLASSTYPE
Column Name found in Datamart and Curated Table :: DESCRIPTION
Column Name found in Datamart and Curated Table :: MEMBERSHIPYEARS
Column Name found in Datamart and Curated Table :: MINIMUMLABORHOURS
Column Name found in Datamart and Curated Table :: NAME
Column Name found in Datamart and Curated Table :: CATEGORY_ID
Column Name found in Datamart and Curated Table :: MEMBERPRICE
Column Name found in Datamart and Curated Table :: MODIFIEDON
Column Name found in Datamart and Curated Table :: SOLDBYCOMMISSION
Column Name found in Datamart and Curated Table :: SCHEDULEDFLATAMOUNT
Column Name found in Datamart and Curated Table :: ACCOUNT
Column Name found in Datamart and Curated Table :: ALLOWDISCOUNTS
Column Name found in Datamart and Curated Table :: BUSINESSUNIT_ID
Column Name found in Datamart and Curated Table :: LOYALTYPROGRAMELIGIBLE
Column Name found in Datamart and Curated Table :: PROVIDER_ID
Column Name found in Datamart and Curated Table :: PAYSSOLDBYRATE
Column Name found in Datamart and Curated Table :: PURCHASEORDERLIMITS_FLATAMOUNT
Column Name found in Datamart and Curated Table :: PURCHASEORDERLIMITS_REVENUEPERCENT
Column Name found in Datamart and Curated Table :: GENERATEDTAGTARGETS
Column Name found in Datamart and Curated Table :: ACTIVE
Column Name found in Datamart and Curated Table :: ADDONMEMBERPRICE
Column Name found in Datamart and Curated Table :: BONUS
Column Name found in Datamart and Curated Table :: DISPLAYNAME
Column Name found in Datamart and Curated Table :: GENERALLEDGERACCOUNT_ID
Column Name found in Datamart and Curated Table :: IMAGES
Column Name found in Datamart and Curated Table :: MEMBERSHIPACTION
Column Name found in Datamart and Curated Table :: COST
Column Name found in Datamart and Curated Table :: CREATEDON
Column Name found in Datamart and Curated Table :: EXCLUDEFROMPRICEBOOKWIZARD
Column Name found in Datamart and Curated Table :: WARRANTY_DESCRIPTION
Column Name found in Datamart and Curated Table :: MEMBERSHIP
Column Name found in Datamart and Curated Table :: MEMBERSHIPTYPE_ID
Column Name found in Datamart and Curated Table :: PAYSFLATAMOUNT
Column Name found in Datamart and Curated Table :: WARRANTY_DURATION
Column Name found in Datamart and Curated Table :: DISPATCHFEE
Datamart tables contains additional column name like [ACTIVE_FLAG, RECORD_CREATE_DATE, RECORD_UPDATE_DATE, RECORD_UPDATE_DATE, MASTER_ID, TENANT_TYPE]
Curated tables contains additional column name like [RECORD_CREATE_DATE, RECORD_UPDATE_DATE, RECORD_UPDATED_BY, TENANT_TYPE]]]>
  </system-out>
  <testcase classname="testcases.RAW_DATAMART_CURATED.SnowFlake_ColumnValidation_BKPTables" name="validateColumnName_BKP" time="2.122"/>
  <system-out>
    <![CDATA[Executing Snowflake query :: SELECT COLUMN_NAME FROM DEV_ENT_RAW.INFORMATION_SCHEMA.COLUMNS WHERE TABLE_NAME='CAMPAIGN'and TABLE_SCHEMA='ST_HORIZONSERVICES_MATILLION'
Executing Snowflake query :: SELECT COLUMN_NAME FROM CURATED_DATAMART.INFORMATION_SCHEMA.COLUMNS WHERE TABLE_NAME='STR_CAMPAIGN'and TABLE_SCHEMA='ST_BKP_HORIZONSERVICES'
Executing Snowflake query :: SELECT COLUMN_NAME FROM DEV_ENT_CURATED.INFORMATION_SCHEMA.COLUMNS WHERE TABLE_NAME='DIM_CAMPAIGN'and TABLE_SCHEMA='MASTER_DIMENSIONS'
Column names for RAW Table --> CAMPAIGN :: [BUSINESSUNIT_ID, COST, IMPORTID, NAME, IMAGE, DNIS, CATEGORY_ID, CREATEDBY_ID, MODIFIEDON, CREATEDON, ACTIVE, ID, MODIFIEDBY_ID]
Column names for DataMart Table --> STR_CAMPAIGN :: [ACTIVE, RECORD_UPDATE_DATE, COST, MODIFIEDBY_ID, MODIFIEDON, RECORD_CREATE_DATE, TENANT_TYPE, ACTIVE_FLAG, CREATEDON, CREATEDBY_ID, ID, NAME, CATEGORY_ID, IMAGE, BUSINESSUNIT_ID, DNIS, IMPORTID, MASTER_ID]
Column names for Curated Table --> DIM_CAMPAIGN :: [IMAGE, MODIFIEDBY_ID, CATEGORY_ID, NAME, RECORD_CREATE_DATE, ACTIVE, COST, CREATEDBY_ID, IMPORTID, CREATEDON, BUSINESSUNIT_ID, ID, RECORD_UPDATED_BY, MODIFIEDON, DNIS, RECORD_UPDATE_DATE, TENANT_TYPE]
Column Name found in Datamart and Curated Table :: BUSINESSUNIT_ID
Column Name found in Datamart and Curated Table :: COST
Column Name found in Datamart and Curated Table :: IMPORTID
Column Name found in Datamart and Curated Table :: NAME
Column Name found in Datamart and Curated Table :: IMAGE
Column Name found in Datamart and Curated Table :: DNIS
Column Name found in Datamart and Curated Table :: CATEGORY_ID
Column Name found in Datamart and Curated Table :: CREATEDBY_ID
Column Name found in Datamart and Curated Table :: MODIFIEDON
Column Name found in Datamart and Curated Table :: CREATEDON
Column Name found in Datamart and Curated Table :: ACTIVE
Column Name found in Datamart and Curated Table :: ID
Column Name found in Datamart and Curated Table :: MODIFIEDBY_ID
Datamart tables contains additional column name like [ACTIVE_FLAG, RECORD_CREATE_DATE, RECORD_UPDATE_DATE, RECORD_UPDATE_DATE, MASTER_ID, TENANT_TYPE]
Curated tables contains additional column name like [RECORD_CREATE_DATE, RECORD_UPDATE_DATE, RECORD_UPDATED_BY, TENANT_TYPE]]]>
  </system-out>
  <testcase classname="testcases.RAW_DATAMART_CURATED.SnowFlake_ColumnValidation_BKPTables" name="validateColumnName_BKP" time="2.664"/>
  <system-out>
    <![CDATA[Executing Snowflake query :: SELECT COLUMN_NAME FROM DEV_ENT_RAW.INFORMATION_SCHEMA.COLUMNS WHERE TABLE_NAME='TECHNICIANSHIFT'and TABLE_SCHEMA='ST_CASTEEL_MATILLION'
Executing Snowflake query :: SELECT COLUMN_NAME FROM CURATED_DATAMART.INFORMATION_SCHEMA.COLUMNS WHERE TABLE_NAME='STR_TECHNICIANSHIFT'and TABLE_SCHEMA='ST_BKP_CASTEEL'
Executing Snowflake query :: SELECT COLUMN_NAME FROM DEV_ENT_CURATED.INFORMATION_SCHEMA.COLUMNS WHERE TABLE_NAME='DIM_TECHNICIANSHIFT'and TABLE_SCHEMA='MASTER_DIMENSIONS'
Column names for RAW Table --> TECHNICIANSHIFT :: []
Column names for DataMart Table --> STR_TECHNICIANSHIFT :: [END, ID, STARTDATE, CREATEDON, RECORD_UPDATE_DATE, CREATEDBY_ID, ENDTIME, BATCH, STARTTIME, TENANT_TYPE, MASTER_ID, ACTIVE, SHIFTTYPE, TECHNICIAN_ID, TIMESHEETCODE_ID, TIMESHEET_ID, IMPORTID, RECORD_CREATE_DATE, START, TITLE, ACTIVE_FLAG, ENDDATE, NOTE]
Column names for Curated Table --> DIM_TECHNICIANSHIFT :: [CREATEDON, TENANT_TYPE, TITLE, ACTIVE, NOTE, RECORD_CREATE_DATE, END, ID, RECORD_UPDATED_BY, TIMESHEETCODE_ID, IMPORTID, RECORD_UPDATE_DATE, STARTTIME, TECHNICIAN_ID, TIMESHEET_ID, CREATEDBY_ID, ENDDATE, START, SHIFTTYPE, BATCH, ENDTIME, STARTDATE]
Datamart tables contains additional column name like [ACTIVE_FLAG, RECORD_CREATE_DATE, RECORD_UPDATE_DATE, RECORD_UPDATE_DATE, MASTER_ID, TENANT_TYPE]
Curated tables contains additional column name like [RECORD_CREATE_DATE, RECORD_UPDATE_DATE, RECORD_UPDATED_BY, TENANT_TYPE]]]>
  </system-out>
  <testcase classname="testcases.RAW_DATAMART_CURATED.SnowFlake_ColumnValidation_BKPTables" name="validateColumnName_BKP" time="6.450"/>
  <system-out>
    <![CDATA[Executing Snowflake query :: SELECT COLUMN_NAME FROM DEV_ENT_RAW.INFORMATION_SCHEMA.COLUMNS WHERE TABLE_NAME='TAGTYPE'and TABLE_SCHEMA='ST_BILLFENWICK_MATILLION'
Executing Snowflake query :: SELECT COLUMN_NAME FROM CURATED_DATAMART.INFORMATION_SCHEMA.COLUMNS WHERE TABLE_NAME='STR_TAGTYPE'and TABLE_SCHEMA='ST_BKP_BILLFENWICK'
Executing Snowflake query :: SELECT COLUMN_NAME FROM DEV_ENT_CURATED.INFORMATION_SCHEMA.COLUMNS WHERE TABLE_NAME='DIM_TAGTYPE'and TABLE_SCHEMA='MASTER_DIMENSIONS'
Column names for RAW Table --> TAGTYPE :: [FONTCOLOR, CODE, NAME, ACTIVE, ISVISIBLEONDISPATCHBOARD, CREATEDBY_ID, CREATEDON, COLOR, IMPORTANCE, ISALWAYSVISIBLE, ISCONVERSIONOPPORTUNITY, IMPORTID, ID, MODIFIEDON, PROJECTEDVALUEADJUSTMENT]
Column names for DataMart Table --> STR_TAGTYPE :: [COLOR, IMPORTANCE, MASTER_ID, CODE, ACTIVE_FLAG, ISVISIBLEONDISPATCHBOARD, NAME, CREATEDBY_ID, RECORD_CREATE_DATE, TENANT_TYPE, ACTIVE, CREATEDON, ISCONVERSIONOPPORTUNITY, FONTCOLOR, ID, IMPORTID, ISALWAYSVISIBLE, MODIFIEDON, RECORD_UPDATE_DATE, PROJECTEDVALUEADJUSTMENT]
Column names for Curated Table --> DIM_TAGTYPE :: [ACTIVE, CODE, FONTCOLOR, IMPORTANCE, TENANT_TYPE, NAME, CREATEDBY_ID, ID, MODIFIEDON, RECORD_UPDATED_BY, COLOR, CREATEDON, RECORD_UPDATE_DATE, ISCONVERSIONOPPORTUNITY, PROJECTEDVALUEADJUSTMENT, RECORD_CREATE_DATE, ISALWAYSVISIBLE, IMPORTID, ISVISIBLEONDISPATCHBOARD]
Column Name found in Datamart and Curated Table :: FONTCOLOR
Column Name found in Datamart and Curated Table :: CODE
Column Name found in Datamart and Curated Table :: NAME
Column Name found in Datamart and Curated Table :: ACTIVE
Column Name found in Datamart and Curated Table :: ISVISIBLEONDISPATCHBOARD
Column Name found in Datamart and Curated Table :: CREATEDBY_ID
Column Name found in Datamart and Curated Table :: CREATEDON
Column Name found in Datamart and Curated Table :: COLOR
Column Name found in Datamart and Curated Table :: IMPORTANCE
Column Name found in Datamart and Curated Table :: ISALWAYSVISIBLE
Column Name found in Datamart and Curated Table :: ISCONVERSIONOPPORTUNITY
Column Name found in Datamart and Curated Table :: IMPORTID
Column Name found in Datamart and Curated Table :: ID
Column Name found in Datamart and Curated Table :: MODIFIEDON
Column Name found in Datamart and Curated Table :: PROJECTEDVALUEADJUSTMENT
Datamart tables contains additional column name like [ACTIVE_FLAG, RECORD_CREATE_DATE, RECORD_UPDATE_DATE, RECORD_UPDATE_DATE, MASTER_ID, TENANT_TYPE]
Curated tables contains additional column name like [RECORD_CREATE_DATE, RECORD_UPDATE_DATE, RECORD_UPDATED_BY, TENANT_TYPE]]]>
  </system-out>
  <testcase classname="testcases.RAW_DATAMART_CURATED.SnowFlake_ColumnValidation_BKPTables" name="validateColumnName_BKP" time="2.252"/>
  <system-out>
    <![CDATA[Executing Snowflake query :: SELECT COLUMN_NAME FROM DEV_ENT_RAW.INFORMATION_SCHEMA.COLUMNS WHERE TABLE_NAME='MATERIALVENDOR'and TABLE_SCHEMA='ST_HENDERSON_MATILLION'
Executing Snowflake query :: SELECT COLUMN_NAME FROM CURATED_DATAMART.INFORMATION_SCHEMA.COLUMNS WHERE TABLE_NAME='STR_MATERIALVENDOR'and TABLE_SCHEMA='ST_BKP_HENDERSON'
Executing Snowflake query :: SELECT COLUMN_NAME FROM DEV_ENT_CURATED.INFORMATION_SCHEMA.COLUMNS WHERE TABLE_NAME='DIM_MATERIALVENDOR'and TABLE_SCHEMA='MASTER_DIMENSIONS'
Column names for RAW Table --> MATERIALVENDOR :: [ACTIVE, PRIMARYSUBACCOUNT_ID, MEMO, IMPORTID, CREATEDBY_ID, ISPRIMARY, COST, PARTNUMBER, CREATEDON, ID, VENDOR_ID, MATERIAL_ID]
Column names for DataMart Table --> STR_MATERIALVENDOR :: [COST, ACTIVE_FLAG, MATERIAL_ID, PARTNUMBER, MEMO, CREATEDBY_ID, MASTER_ID, RECORD_UPDATE_DATE, CREATEDON, RECORD_CREATE_DATE, IMPORTID, ISPRIMARY, ACTIVE, TENANT_TYPE, ID, PRIMARYSUBACCOUNT_ID, VENDOR_ID]
Column names for Curated Table --> DIM_MATERIALVENDOR :: [ID, MATERIAL_ID, ACTIVE, COST, CREATEDBY_ID, IMPORTID, ISPRIMARY, PRIMARYSUBACCOUNT_ID, RECORD_UPDATE_DATE, TENANT_TYPE, MEMO, RECORD_UPDATED_BY, VENDOR_ID, CREATEDON, PARTNUMBER, RECORD_CREATE_DATE]
Column Name found in Datamart and Curated Table :: ACTIVE
Column Name found in Datamart and Curated Table :: PRIMARYSUBACCOUNT_ID
Column Name found in Datamart and Curated Table :: MEMO
Column Name found in Datamart and Curated Table :: IMPORTID
Column Name found in Datamart and Curated Table :: CREATEDBY_ID
Column Name found in Datamart and Curated Table :: ISPRIMARY
Column Name found in Datamart and Curated Table :: COST
Column Name found in Datamart and Curated Table :: PARTNUMBER
Column Name found in Datamart and Curated Table :: CREATEDON
Column Name found in Datamart and Curated Table :: ID
Column Name found in Datamart and Curated Table :: VENDOR_ID
Column Name found in Datamart and Curated Table :: MATERIAL_ID
Datamart tables contains additional column name like [ACTIVE_FLAG, RECORD_CREATE_DATE, RECORD_UPDATE_DATE, RECORD_UPDATE_DATE, MASTER_ID, TENANT_TYPE]
Curated tables contains additional column name like [RECORD_CREATE_DATE, RECORD_UPDATE_DATE, RECORD_UPDATED_BY, TENANT_TYPE]]]>
  </system-out>
  <testcase classname="testcases.RAW_DATAMART_CURATED.SnowFlake_ColumnValidation_BKPTables" name="validateColumnName_BKP" time="2.161">
    <failure message="The following asserts failed:
	null" type="java.lang.AssertionError">
      <![CDATA[java.lang.AssertionError: The following asserts failed:
null
at org.testng.asserts.SoftAssert.assertAll(SoftAssert.java:47)
at org.testng.asserts.SoftAssert.assertAll(SoftAssert.java:31)
at testcases.RAW_DATAMART_CURATED.SnowFlake_ColumnValidation_BKPTables.validateColumnName_BKP(SnowFlake_ColumnValidation_BKPTables.java:120)
at jdk.internal.reflect.GeneratedMethodAccessor38.invoke(Unknown Source)
at java.base/jdk.internal.reflect.DelegatingMethodAccessorImpl.invoke(DelegatingMethodAccessorImpl.java:43)
at java.base/java.lang.reflect.Method.invoke(Method.java:568)
at org.testng.internal.MethodInvocationHelper.invokeMethod(MethodInvocationHelper.java:133)
at org.testng.internal.TestInvoker.invokeMethod(TestInvoker.java:598)
at org.testng.internal.TestInvoker.invokeTestMethod(TestInvoker.java:173)
at org.testng.internal.MethodRunner.runInSequence(MethodRunner.java:46)
at org.testng.internal.TestInvoker$MethodInvocationAgent.invoke(TestInvoker.java:824)
at org.testng.internal.TestInvoker.invokeTestMethods(TestInvoker.java:146)
at org.testng.internal.TestMethodWorker.invokeTestMethods(TestMethodWorker.java:146)
at org.testng.internal.TestMethodWorker.run(TestMethodWorker.java:128)
at java.base/java.util.ArrayList.forEach(ArrayList.java:1511)
at org.testng.TestRunner.privateRun(TestRunner.java:794)
at org.testng.TestRunner.run(TestRunner.java:596)
at org.testng.SuiteRunner.runTest(SuiteRunner.java:377)
at org.testng.SuiteRunner.runSequentially(SuiteRunner.java:371)
at org.testng.SuiteRunner.privateRun(SuiteRunner.java:332)
at org.testng.SuiteRunner.run(SuiteRunner.java:276)
at org.testng.SuiteRunnerWorker.runSuite(SuiteRunnerWorker.java:53)
at org.testng.SuiteRunnerWorker.run(SuiteRunnerWorker.java:96)
at org.testng.TestNG.runSuitesSequentially(TestNG.java:1212)
at org.testng.TestNG.runSuitesLocally(TestNG.java:1134)
at org.testng.TestNG.runSuites(TestNG.java:1063)
at org.testng.TestNG.run(TestNG.java:1031)
at org.testng.remote.AbstractRemoteTestNG.run(AbstractRemoteTestNG.java:115)
at org.testng.remote.RemoteTestNG.initAndRun(RemoteTestNG.java:251)
at org.testng.remote.RemoteTestNG.main(RemoteTestNG.java:77)
]]>
    </failure>
  </testcase> <!-- validateColumnName_BKP -->
  <system-out>
    <![CDATA[Executing Snowflake query :: SELECT COLUMN_NAME FROM DEV_ENT_RAW.INFORMATION_SCHEMA.COLUMNS WHERE TABLE_NAME='TECHNICIAN'and TABLE_SCHEMA='ST_HENDERSON_MATILLION'
Executing Snowflake query :: SELECT COLUMN_NAME FROM CURATED_DATAMART.INFORMATION_SCHEMA.COLUMNS WHERE TABLE_NAME='STR_TECHNICIAN'and TABLE_SCHEMA='ST_BKP_HENDERSON'
Executing Snowflake query :: SELECT COLUMN_NAME FROM DEV_ENT_CURATED.INFORMATION_SCHEMA.COLUMNS WHERE TABLE_NAME='DIM_TECHNICIAN'and TABLE_SCHEMA='MASTER_DIMENSIONS'
Column names for RAW Table --> TECHNICIAN :: [BIO, HOME_STATE, ISEXTERNAL, OVERTIMEWORKTYPECODE_ID, PAYROLLSTARTPERIOD, PROJECTLABELS, QBREPID, STANDARDPAYROLLCONTROLCODE_ID, MANAGER_ID, BUSINESSUNIT_ID, HOME_ISMANUALCOORDINATES, HOME_LATITUDE, LICENSE, MOBILEPHONE, MODIFIEDON, SMARTDISPATCHSETTINGS_TECHNICIAN, HOME_ISMILITARY, IMPORTID, JOB_ID, LONGITUDE, PAYROLLID, PAYROLLPOSTINGGROUP_ID, SALESFACTOR, SCHEDULEDCREWSPLITCOMMISSIONRATE, COLOR, NAVISIONEMPLOYEEID, PROJECTEDVALUE, ROUTESTATISTICS_TECHNICIAN, SALESFORCECONTACTID, WILLIAMSTECHNICIANROLE, APPOINTMENT_ID, HOME_ZIP, INVOICINGHOURLYRATE, MEALTIME, CREATEDON, LASTNAME, STATUS, TYPE, FIRSTNAME, POSITION, USER_ID, ISAUTODISPATCHED, DISPATCHNOTIFICATIONS, HOME_CITY, HOME_STREET, NAME, PAYFREQUENCY_ID, DAILYGOAL, TRUCK_ID, SHIFTEND, TODAYREVENUE_TECHNICIAN, ACTIVE, ATLASBUTLERTECHNICIANROLE, DEFAULTLABORTYPE_ID, INVENTORYWAREHOUSENAME, PAYROLLSTARTDATE, PHOTO, COORDINATESUPDATEDON, HOME_UNIT, OUTBOUNDCALLERID, TEAM, SOLDBYRATE, PAYROLLROLE, DEDUCTCOMMUTETIMEFROMFIRSTDRIVE, ZONE_ID, ADDONSOLOCOMMISSIONRATE, CHECKEDIN, COMMISSIONRATE, EMAILCONFIRMED, FIRSTDRIVERULE, HOME_COUNTRY, HOURLYRATE, ID, JOBFILTER, LOCATION_TECHNICIAN, PHONECONFIRMED, CREATEDBY_ID, CURRENTVALUE, EMAIL, MOBILEPHONECONFIRMED, OVERALLSALESFACTOR_TECHNICIAN, STATUSUPDATEDON, ADDONCREWSPLITCOMMISSIONRATE, ADDONMULTITECHCOMMISSIONRATE, BURDENRATE, COMMUTETIME, DEFAULTPAYROLLADJUSTMENTRATE, HOME_LONGITUDE, MUHULINK, OVERTIMEMODE, SHOWJOBAPPOINTMENTRESCHEDULEALERT, GOALIMAGE, ISMANAGEDTECH, PAYROLLREPORTVERSION, UNION, MIDDLENAME, SCHEDULEDSOLOCOMMISSIONRATE, BIRTHDATE, ISEXCLUDEDFROMPAYROLL, LATITUDE, OVERTIMEPAYROLLCONTROLCODE_ID, PAYROLLPROFILE_ID, PAYTYPE, SCHEDULEDMULTITECHCOMMISSIONRATE, SHIFTSTART, STARTDATE, TURNOVERBONUS, MEMO, OVERTIMEPROFILE_ID, PAYPERIOD, PHONE, STANDARDWORKTYPECODE_ID]
Column names for DataMart Table --> STR_TECHNICIAN :: [ADDONCREWSPLITCOMMISSIONRATE, APPOINTMENT_ID, BUSINESSUNIT_ID, OVERTIMEPROFILE_ID, LASTNAME, MEMO, NAME, POSITION, SALESFORCECONTACTID, OVERTIMEMODE, QBREPID, BIRTHDATE, HOME_CITY, HOME_LONGITUDE, HOURLYRATE, JOBFILTER, DISPATCHNOTIFICATIONS, MIDDLENAME, OVERALLSALESFACTOR_TECHNICIAN, PAYROLLSTARTPERIOD, STATUS, USER_ID, MODIFIEDON, STARTDATE, TYPE, BIO, FIRSTNAME, PAYROLLPOSTINGGROUP_ID, SHIFTEND, DEFAULTLABORTYPE_ID, MASTER_ID, PAYROLLID, PAYROLLSTARTDATE, PHOTO, SCHEDULEDCREWSPLITCOMMISSIONRATE, SCHEDULEDSOLOCOMMISSIONRATE, STATUSUPDATEDON, SMARTDISPATCHSETTINGS_TECHNICIAN, ADDONMULTITECHCOMMISSIONRATE, CHECKEDIN, COLOR, COORDINATESUPDATEDON, CREATEDON, DEDUCTCOMMUTETIMEFROMFIRSTDRIVE, FLEET_ID, HOME_STREET, MANAGER_ID, PAYPERIOD, PROJECTLABELS, ROUTESTATISTICS_TECHNICIAN, SOLDBYRATE, ZONE_ID, TURNOVERBONUS, COMMISSIONRATE, INVENTORYWAREHOUSENAME, MEALTIME, STANDARDPAYROLLCONTROLCODE_ID, EMAIL, EMAILCONFIRMED, HOME_COUNTRY, HOME_STATE, OVERTIMEWORKTYPECODE_ID, PHONE, SCHEDULEDMULTITECHCOMMISSIONRATE, SHIFTSTART, STANDARDWORKTYPECODE_ID, HOME_LATITUDE, ID, TODAYREVENUE_TECHNICIAN, ACTIVE_FLAG, ATLASBUTLERTECHNICIANROLE, BURDENRATE, ISEXTERNAL, LICENSE, UNION, FIRSTDRIVERULE, GOALIMAGE, PAYTYPE, PHONECONFIRMED, RECORD_UPDATE_DATE, PAYROLLPROFILE_ID, PAYROLLROLE, SHOWJOBAPPOINTMENTRESCHEDULEALERT, CREATEDBY_ID, TEAM, ACTIVE, ADDONSOLOCOMMISSIONRATE, ISAUTODISPATCHED, LATITUDE, NAVISIONEMPLOYEEID, OVERTIMEPAYROLLCONTROLCODE_ID, PAYFREQUENCY_ID, PROJECTEDVALUE, MOBILEPHONECONFIRMED, OUTBOUNDCALLERID, RECORD_CREATE_DATE, WILLIAMSTECHNICIANROLE, CURRENTVALUE, PAYROLLREPORTVERSION, DAILYGOAL, HOME_ISMANUALCOORDINATES, HOME_ZIP, IMPORTID, INVOICINGHOURLYRATE, ISMANAGEDTECH, MUHULINK, COMMUTETIME, DEFAULTPAYROLLADJUSTMENTRATE, HOME_ISMILITARY, HOME_UNIT, JOB_ID, LOCATION_TECHNICIAN, SALESFACTOR, TRUCK_ID, LONGITUDE, MOBILEPHONE, TENANT_TYPE]
Column names for Curated Table --> DIM_TECHNICIAN :: [ADDONCREWSPLITCOMMISSIONRATE, COMMUTETIME, DEFAULTLABORTYPE_ID, EMAILCONFIRMED, FIRSTNAME, FLEET_ID, HOME_COUNTRY, HOME_UNIT, MOBILEPHONE, PHONECONFIRMED, OVERALLSALESFACTOR_TECHNICIAN, PAYROLLSTARTDATE, TURNOVERBONUS, PAYPERIOD, PAYROLLROLE, BIRTHDATE, HOME_ISMANUALCOORDINATES, HOME_ISMILITARY, INVENTORYWAREHOUSENAME, JOBFILTER, MEMO, PAYFREQUENCY_ID, POSITION, ID, ISAUTODISPATCHED, LICENSE, TEAM, SCHEDULEDCREWSPLITCOMMISSIONRATE, SALESFACTOR, ADDONSOLOCOMMISSIONRATE, CURRENTVALUE, DAILYGOAL, DEDUCTCOMMUTETIMEFROMFIRSTDRIVE, MANAGER_ID, OVERTIMEPROFILE_ID, SHIFTSTART, SHOWJOBAPPOINTMENTRESCHEDULEALERT, SMARTDISPATCHSETTINGS_TECHNICIAN, GOALIMAGE, MODIFIEDON, PAYROLLID, PAYROLLREPORTVERSION, RECORD_CREATE_DATE, TODAYREVENUE_TECHNICIAN, TYPE, PROJECTLABELS, SCHEDULEDSOLOCOMMISSIONRATE, LONGITUDE, ADDONMULTITECHCOMMISSIONRATE, APPOINTMENT_ID, CHECKEDIN, COLOR, CREATEDON, DISPATCHNOTIFICATIONS, IMPORTID, LASTNAME, MOBILEPHONECONFIRMED, STATUSUPDATEDON, ZONE_ID, HOME_STATE, MEALTIME, NAME, NAVISIONEMPLOYEEID, PAYROLLPOSTINGGROUP_ID, PHOTO, PROJECTEDVALUE, STANDARDPAYROLLCONTROLCODE_ID, OVERTIMEMODE, BURDENRATE, FIRSTDRIVERULE, JOB_ID, PAYROLLPROFILE_ID, QBREPID, ROUTESTATISTICS_TECHNICIAN, STARTDATE, TRUCK_ID, USER_ID, STANDARDWORKTYPECODE_ID, MIDDLENAME, COMMISSIONRATE, CREATEDBY_ID, HOME_LONGITUDE, HOME_ZIP, HOURLYRATE, LATITUDE, SCHEDULEDMULTITECHCOMMISSIONRATE, BUSINESSUNIT_ID, OUTBOUNDCALLERID, RECORD_UPDATED_BY, STATUS, MUHULINK, OVERTIMEPAYROLLCONTROLCODE_ID, UNION, PAYTYPE, INVOICINGHOURLYRATE, RECORD_UPDATE_DATE, COORDINATESUPDATEDON, LOCATION_TECHNICIAN, EMAIL, HOME_CITY, ISEXTERNAL, OVERTIMEWORKTYPECODE_ID, PAYROLLSTARTPERIOD, SHIFTEND, WILLIAMSTECHNICIANROLE, TENANT_TYPE, ACTIVE, ATLASBUTLERTECHNICIANROLE, BIO, DEFAULTPAYROLLADJUSTMENTRATE, HOME_LATITUDE, HOME_STREET, ISMANAGEDTECH, PHONE, SALESFORCECONTACTID, SOLDBYRATE]
Column Name found in Datamart and Curated Table :: BIO
Column Name found in Datamart and Curated Table :: HOME_STATE
Column Name found in Datamart and Curated Table :: ISEXTERNAL
Column Name found in Datamart and Curated Table :: OVERTIMEWORKTYPECODE_ID
Column Name found in Datamart and Curated Table :: PAYROLLSTARTPERIOD
Column Name found in Datamart and Curated Table :: PROJECTLABELS
Column Name found in Datamart and Curated Table :: QBREPID
Column Name found in Datamart and Curated Table :: STANDARDPAYROLLCONTROLCODE_ID
Column Name found in Datamart and Curated Table :: MANAGER_ID
Column Name found in Datamart and Curated Table :: BUSINESSUNIT_ID
Column Name found in Datamart and Curated Table :: HOME_ISMANUALCOORDINATES
Column Name found in Datamart and Curated Table :: HOME_LATITUDE
Column Name found in Datamart and Curated Table :: LICENSE
Column Name found in Datamart and Curated Table :: MOBILEPHONE
Column Name found in Datamart and Curated Table :: MODIFIEDON
Column Name found in Datamart and Curated Table :: SMARTDISPATCHSETTINGS_TECHNICIAN
Column Name found in Datamart and Curated Table :: HOME_ISMILITARY
Column Name found in Datamart and Curated Table :: IMPORTID
Column Name found in Datamart and Curated Table :: JOB_ID
Column Name found in Datamart and Curated Table :: LONGITUDE
Column Name found in Datamart and Curated Table :: PAYROLLID
Column Name found in Datamart and Curated Table :: PAYROLLPOSTINGGROUP_ID
Column Name found in Datamart and Curated Table :: SALESFACTOR
Column Name found in Datamart and Curated Table :: SCHEDULEDCREWSPLITCOMMISSIONRATE
Column Name found in Datamart and Curated Table :: COLOR
Column Name found in Datamart and Curated Table :: NAVISIONEMPLOYEEID
Column Name found in Datamart and Curated Table :: PROJECTEDVALUE
Column Name found in Datamart and Curated Table :: ROUTESTATISTICS_TECHNICIAN
Column Name found in Datamart and Curated Table :: SALESFORCECONTACTID
Column Name found in Datamart and Curated Table :: WILLIAMSTECHNICIANROLE
Column Name found in Datamart and Curated Table :: APPOINTMENT_ID
Column Name found in Datamart and Curated Table :: HOME_ZIP
Column Name found in Datamart and Curated Table :: INVOICINGHOURLYRATE
Column Name found in Datamart and Curated Table :: MEALTIME
Column Name found in Datamart and Curated Table :: CREATEDON
Column Name found in Datamart and Curated Table :: LASTNAME
Column Name found in Datamart and Curated Table :: STATUS
Column Name found in Datamart and Curated Table :: TYPE
Column Name found in Datamart and Curated Table :: FIRSTNAME
Column Name found in Datamart and Curated Table :: POSITION
Column Name found in Datamart and Curated Table :: USER_ID
Column Name found in Datamart and Curated Table :: ISAUTODISPATCHED
Column Name found in Datamart and Curated Table :: DISPATCHNOTIFICATIONS
Column Name found in Datamart and Curated Table :: HOME_CITY
Column Name found in Datamart and Curated Table :: HOME_STREET
Column Name found in Datamart and Curated Table :: NAME
Column Name found in Datamart and Curated Table :: PAYFREQUENCY_ID
Column Name found in Datamart and Curated Table :: DAILYGOAL
Column Name found in Datamart and Curated Table :: TRUCK_ID
Column Name found in Datamart and Curated Table :: SHIFTEND
Column Name found in Datamart and Curated Table :: TODAYREVENUE_TECHNICIAN
Column Name found in Datamart and Curated Table :: ACTIVE
Column Name found in Datamart and Curated Table :: ATLASBUTLERTECHNICIANROLE
Column Name found in Datamart and Curated Table :: DEFAULTLABORTYPE_ID
Column Name found in Datamart and Curated Table :: INVENTORYWAREHOUSENAME
Column Name found in Datamart and Curated Table :: PAYROLLSTARTDATE
Column Name found in Datamart and Curated Table :: PHOTO
Column Name found in Datamart and Curated Table :: COORDINATESUPDATEDON
Column Name found in Datamart and Curated Table :: HOME_UNIT
Column Name found in Datamart and Curated Table :: OUTBOUNDCALLERID
Column Name found in Datamart and Curated Table :: TEAM
Column Name found in Datamart and Curated Table :: SOLDBYRATE
Column Name found in Datamart and Curated Table :: PAYROLLROLE
Column Name found in Datamart and Curated Table :: DEDUCTCOMMUTETIMEFROMFIRSTDRIVE
Column Name found in Datamart and Curated Table :: ZONE_ID
Column Name found in Datamart and Curated Table :: ADDONSOLOCOMMISSIONRATE
Column Name found in Datamart and Curated Table :: CHECKEDIN
Column Name found in Datamart and Curated Table :: COMMISSIONRATE
Column Name found in Datamart and Curated Table :: EMAILCONFIRMED
Column Name found in Datamart and Curated Table :: FIRSTDRIVERULE
Column Name found in Datamart and Curated Table :: HOME_COUNTRY
Column Name found in Datamart and Curated Table :: HOURLYRATE
Column Name found in Datamart and Curated Table :: ID
Column Name found in Datamart and Curated Table :: JOBFILTER
Column Name found in Datamart and Curated Table :: LOCATION_TECHNICIAN
Column Name found in Datamart and Curated Table :: PHONECONFIRMED
Column Name found in Datamart and Curated Table :: CREATEDBY_ID
Column Name found in Datamart and Curated Table :: CURRENTVALUE
Column Name found in Datamart and Curated Table :: EMAIL
Column Name found in Datamart and Curated Table :: MOBILEPHONECONFIRMED
Column Name found in Datamart and Curated Table :: OVERALLSALESFACTOR_TECHNICIAN
Column Name found in Datamart and Curated Table :: STATUSUPDATEDON
Column Name found in Datamart and Curated Table :: ADDONCREWSPLITCOMMISSIONRATE
Column Name found in Datamart and Curated Table :: ADDONMULTITECHCOMMISSIONRATE
Column Name found in Datamart and Curated Table :: BURDENRATE
Column Name found in Datamart and Curated Table :: COMMUTETIME
Column Name found in Datamart and Curated Table :: DEFAULTPAYROLLADJUSTMENTRATE
Column Name found in Datamart and Curated Table :: HOME_LONGITUDE
Column Name found in Datamart and Curated Table :: MUHULINK
Column Name found in Datamart and Curated Table :: OVERTIMEMODE
Column Name found in Datamart and Curated Table :: SHOWJOBAPPOINTMENTRESCHEDULEALERT
Column Name found in Datamart and Curated Table :: GOALIMAGE
Column Name found in Datamart and Curated Table :: ISMANAGEDTECH
Column Name found in Datamart and Curated Table :: PAYROLLREPORTVERSION
Column Name found in Datamart and Curated Table :: UNION
Column Name found in Datamart and Curated Table :: MIDDLENAME
Column Name found in Datamart and Curated Table :: SCHEDULEDSOLOCOMMISSIONRATE
Column Name found in Datamart and Curated Table :: BIRTHDATE
Column Name not found in Datamart and Curated Table :: ISEXCLUDEDFROMPAYROLL
Column Name found in Datamart and Curated Table :: LATITUDE
Column Name found in Datamart and Curated Table :: OVERTIMEPAYROLLCONTROLCODE_ID
Column Name found in Datamart and Curated Table :: PAYROLLPROFILE_ID
Column Name found in Datamart and Curated Table :: PAYTYPE
Column Name found in Datamart and Curated Table :: SCHEDULEDMULTITECHCOMMISSIONRATE
Column Name found in Datamart and Curated Table :: SHIFTSTART
Column Name found in Datamart and Curated Table :: STARTDATE
Column Name found in Datamart and Curated Table :: TURNOVERBONUS
Column Name found in Datamart and Curated Table :: MEMO
Column Name found in Datamart and Curated Table :: OVERTIMEPROFILE_ID
Column Name found in Datamart and Curated Table :: PAYPERIOD
Column Name found in Datamart and Curated Table :: PHONE
Column Name found in Datamart and Curated Table :: STANDARDWORKTYPECODE_ID
Datamart tables contains additional column name like [ACTIVE_FLAG, RECORD_CREATE_DATE, RECORD_UPDATE_DATE, RECORD_UPDATE_DATE, MASTER_ID, TENANT_TYPE]
Curated tables contains additional column name like [RECORD_CREATE_DATE, RECORD_UPDATE_DATE, RECORD_UPDATED_BY, TENANT_TYPE]]]>
  </system-out>
  <testcase classname="testcases.RAW_DATAMART_CURATED.SnowFlake_ColumnValidation_BKPTables" name="validateColumnName_BKP" time="4.097"/>
  <system-out>
    <![CDATA[Executing Snowflake query :: SELECT COLUMN_NAME FROM DEV_ENT_RAW.INFORMATION_SCHEMA.COLUMNS WHERE TABLE_NAME='ESTIMATE'and TABLE_SCHEMA='ST_BILLFENWICK_MATILLION'
Executing Snowflake query :: SELECT COLUMN_NAME FROM CURATED_DATAMART.INFORMATION_SCHEMA.COLUMNS WHERE TABLE_NAME='STR_ESTIMATE'and TABLE_SCHEMA='ST_BKP_BILLFENWICK'
Executing Snowflake query :: SELECT COLUMN_NAME FROM DEV_ENT_CURATED.INFORMATION_SCHEMA.COLUMNS WHERE TABLE_NAME='DIM_ESTIMATE'and TABLE_SCHEMA='MASTER_DIMENSIONS'
Column names for RAW Table --> ESTIMATE :: [ACTIVE, AUTHORIZATIONSIGNATURE, PROPOSALTAGCOLOR, RENEWABLEMEMBERSHIP_ID, TOTAL, PROCUREMENTTYPE, CLAIM_ID, IMPORTID, MATERIALSKUREFERENCE_SKUID, MATERIALSKUREFERENCE_SKUTYPE, PROJECTOPPORTUNITY_ID, CREATEDON, STATUS, SUMMARY, AUTHORIZEDON, CREATEDBY_ID, MATERIALSKU_ID, MODIFIEDON, ORDER, ISRECOMMENDED, SOLDTYPE, BUSINESSUNIT_ID, DISCOUNTTOTAL, ID, PROPOSALTAGNAME, OPPORTUNITY_ID, ISCHANGEORDER, SOLDBY_ID, SOLDBYEMPLOYEE_ID, TECHNICIANPICKEDSOLDTYPE, LABORTAX, MATERIALTAX, NAME, SOLDON, TAX, TOTALCOST, JOB_ID, LOCATION_ID, PROJECTLABELS, SOLDINVOICE_ID, FEETOTAL, TECHNICIANSIGNATURE]
Column names for DataMart Table --> STR_ESTIMATE :: [CLAIM_ID, FEETOTAL, ID, MODIFIEDON, PROPOSALTAGNAME, SOLDINVOICE_ID, PROJECTLABELS, CREATEDBY_ID, IMPORTID, ISRECOMMENDED, LABORTAX, SOLDBY_ID, SOLDTYPE, TECHNICIANPICKEDSOLDTYPE, TENANT_TYPE, RECORD_CREATE_DATE, AUTHORIZEDON, MATERIALSKUREFERENCE_SKUID, PROJECTOPPORTUNITY_ID, TOTAL, OPPORTUNITY_ID, SOLDON, ACTIVE_FLAG, DISCOUNTTOTAL, PROCUREMENTTYPE, STATUS, LOCATION_ID, ORDER, SUMMARY, BUSINESSUNIT_ID, TOTALCOST, MATERIALSKU_ID, ACTIVE, AUTHORIZATIONSIGNATURE, TAX, PROPOSALTAGCOLOR, TECHNICIANSIGNATURE, MASTER_ID, CREATEDON, RECORD_UPDATE_DATE, JOB_ID, NAME, SOLDBYEMPLOYEE_ID, ISCHANGEORDER, MATERIALTAX, RENEWABLEMEMBERSHIP_ID, MATERIALSKUREFERENCE_SKUTYPE]
Column names for Curated Table --> DIM_ESTIMATE :: [CREATEDON, DISCOUNTTOTAL, LOCATION_ID, OPPORTUNITY_ID, PROPOSALTAGCOLOR, PROPOSALTAGNAME, SOLDINVOICE_ID, TENANT_TYPE, RECORD_UPDATED_BY, TOTALCOST, ISCHANGEORDER, NAME, BUSINESSUNIT_ID, FEETOTAL, MATERIALSKUREFERENCE_SKUTYPE, ISRECOMMENDED, ORDER, STATUS, TOTAL, SOLDTYPE, AUTHORIZEDON, CREATEDBY_ID, LABORTAX, PROCUREMENTTYPE, SOLDBYEMPLOYEE_ID, SOLDBY_ID, IMPORTID, MATERIALSKU_ID, TAX, TECHNICIANPICKEDSOLDTYPE, RENEWABLEMEMBERSHIP_ID, TECHNICIANSIGNATURE, MODIFIEDON, CLAIM_ID, ID, MATERIALSKUREFERENCE_SKUID, SOLDON, PROJECTLABELS, JOB_ID, ACTIVE, AUTHORIZATIONSIGNATURE, MATERIALTAX, PROJECTOPPORTUNITY_ID, RECORD_CREATE_DATE, SUMMARY, RECORD_UPDATE_DATE]
Column Name found in Datamart and Curated Table :: ACTIVE
Column Name found in Datamart and Curated Table :: AUTHORIZATIONSIGNATURE
Column Name found in Datamart and Curated Table :: PROPOSALTAGCOLOR
Column Name found in Datamart and Curated Table :: RENEWABLEMEMBERSHIP_ID
Column Name found in Datamart and Curated Table :: TOTAL
Column Name found in Datamart and Curated Table :: PROCUREMENTTYPE
Column Name found in Datamart and Curated Table :: CLAIM_ID
Column Name found in Datamart and Curated Table :: IMPORTID
Column Name found in Datamart and Curated Table :: MATERIALSKUREFERENCE_SKUID
Column Name found in Datamart and Curated Table :: MATERIALSKUREFERENCE_SKUTYPE
Column Name found in Datamart and Curated Table :: PROJECTOPPORTUNITY_ID
Column Name found in Datamart and Curated Table :: CREATEDON
Column Name found in Datamart and Curated Table :: STATUS
Column Name found in Datamart and Curated Table :: SUMMARY
Column Name found in Datamart and Curated Table :: AUTHORIZEDON
Column Name found in Datamart and Curated Table :: CREATEDBY_ID
Column Name found in Datamart and Curated Table :: MATERIALSKU_ID
Column Name found in Datamart and Curated Table :: MODIFIEDON
Column Name found in Datamart and Curated Table :: ORDER
Column Name found in Datamart and Curated Table :: ISRECOMMENDED
Column Name found in Datamart and Curated Table :: SOLDTYPE
Column Name found in Datamart and Curated Table :: BUSINESSUNIT_ID
Column Name found in Datamart and Curated Table :: DISCOUNTTOTAL
Column Name found in Datamart and Curated Table :: ID
Column Name found in Datamart and Curated Table :: PROPOSALTAGNAME
Column Name found in Datamart and Curated Table :: OPPORTUNITY_ID
Column Name found in Datamart and Curated Table :: ISCHANGEORDER
Column Name found in Datamart and Curated Table :: SOLDBY_ID
Column Name found in Datamart and Curated Table :: SOLDBYEMPLOYEE_ID
Column Name found in Datamart and Curated Table :: TECHNICIANPICKEDSOLDTYPE
Column Name found in Datamart and Curated Table :: LABORTAX
Column Name found in Datamart and Curated Table :: MATERIALTAX
Column Name found in Datamart and Curated Table :: NAME
Column Name found in Datamart and Curated Table :: SOLDON
Column Name found in Datamart and Curated Table :: TAX
Column Name found in Datamart and Curated Table :: TOTALCOST
Column Name found in Datamart and Curated Table :: JOB_ID
Column Name found in Datamart and Curated Table :: LOCATION_ID
Column Name found in Datamart and Curated Table :: PROJECTLABELS
Column Name found in Datamart and Curated Table :: SOLDINVOICE_ID
Column Name found in Datamart and Curated Table :: FEETOTAL
Column Name found in Datamart and Curated Table :: TECHNICIANSIGNATURE
Datamart tables contains additional column name like [ACTIVE_FLAG, RECORD_CREATE_DATE, RECORD_UPDATE_DATE, RECORD_UPDATE_DATE, MASTER_ID, TENANT_TYPE]
Curated tables contains additional column name like [RECORD_CREATE_DATE, RECORD_UPDATE_DATE, RECORD_UPDATED_BY, TENANT_TYPE]]]>
  </system-out>
  <testcase classname="testcases.RAW_DATAMART_CURATED.SnowFlake_ColumnValidation_BKPTables" name="validateColumnName_BKP" time="2.183"/>
  <system-out>
    <![CDATA[Executing Snowflake query :: SELECT COLUMN_NAME FROM DEV_ENT_RAW.INFORMATION_SCHEMA.COLUMNS WHERE TABLE_NAME='JOB'and TABLE_SCHEMA='ST_CASTEEL_MATILLION'
Executing Snowflake query :: SELECT COLUMN_NAME FROM CURATED_DATAMART.INFORMATION_SCHEMA.COLUMNS WHERE TABLE_NAME='STR_JOB'and TABLE_SCHEMA='ST_BKP_CASTEEL'
Executing Snowflake query :: SELECT COLUMN_NAME FROM DEV_ENT_CURATED.INFORMATION_SCHEMA.COLUMNS WHERE TABLE_NAME='DIM_JOB'and TABLE_SCHEMA='MASTER_DIMENSIONS'
Column names for RAW Table --> JOB :: [CAMPAIGN_ID, EXTERNALID, LASTAPPOINTMENT_ID, LEADGENERATED_ID, SUMMARY, CREATEDBY_ID, LASTCHANGEDBYSMARTDISPATCH, MEMBERSHIP_ID, OPPORTUNITYDATE, PROJECTEDVALUE, ISAUTODISPATCHED, CREATEDFROMESTIMATE_ID, MANAGEEMPLOYEEEMAIL, NUMBER, PREDICTEDSALES, PRIORITY, LATEPENALTY, PREVAILINGWAGECODE_ID, ACTIVE, IMPORTID, NOCHARGE, REASSIGNMENTPENALTY, SECONDARYJOBNUMBER, APPROXIMATEENDDATE, START, LOCATION_ID, UNION, COMPLETEDON, CREATEDON, CUSTOMERPO, DRIVINGCOST, DURATION, GENERATEDBY_ID, LEAD_ID, TOTAL, CUSTOMER_ID, NOTIFICATIONSENABLED, PROJECT_ID, SMARTDISPATCHDATA_JOB, WARRANTYFOR_ID, MODIFIEDON, GENERATEDFROM_ID, PMDATE, PREDICTEDTOTAL, RECALLFOR_ID, TYPE_ID, BUSINESSUNIT_ID, CALLSCRIPTANSWERRECORD_ID, CREATEDFROMESTIMATESTATUSWHENBOOKING, DRIVETIME, FIRSTAPPOINTMENT_ID, INVOICE_ID, MONTHNUMBER, PLANEND, PREVAILINGWAGEJOBNUMBER, SOLDBY_ID, ALLOTTEDTIME, ESTIMATEDCOST, ISCONFIRMED, ISPREVAILINGWAGE, OPPORTUNITY_ID, COMPLETIONSURVEYID, END, ID, ISTECHNICIANSPECIFIC, MANAGEFOLLOWUPEMAIL, PLANSTART, APPROXIMATESTARTDATE, NOCHARGESOURCE, STATUS]
Column names for DataMart Table --> STR_JOB :: [ALLOTTEDTIME, LASTAPPOINTMENT_ID, LOCATION_ID, NOTIFICATIONSENABLED, COMPLETEDON, DURATION, ISTECHNICIANSPECIFIC, PROJECT_ID, TYPE_ID, SMARTDISPATCHDATA_JOB, DRIVINGCOST, FIRSTAPPOINTMENT_ID, GENERATEDBY_ID, ISCONFIRMED, PMDATE, PREDICTEDTOTAL, CUSTOMER_ID, APPROXIMATESTARTDATE, ESTIMATEDCOST, EXTERNALID, MONTHNUMBER, OPPORTUNITYDATE, PREVAILINGWAGECODE_ID, PRIORITY, SUMMARY, LEADGENERATED_ID, LEAD_ID, WARRANTYFOR_ID, REASSIGNMENTPENALTY, ACTIVE_FLAG, CALLSCRIPTANSWERRECORD_ID, PLANSTART, STATUS, TOTAL, CUSTOMERPO, PREVAILINGWAGEJOBNUMBER, RECALLFOR_ID, SOLDBY_ID, ISPREVAILINGWAGE, BUSINESSUNIT_ID, CREATEDFROMESTIMATE_ID, DRIVETIME, LASTCHANGEDBYSMARTDISPATCH, CAMPAIGN_ID, MEMBERSHIP_ID, START, PROJECTEDVALUE, ACTIVE, COMPLETIONSURVEYID, MODIFIEDON, NOCHARGE, NOCHARGESOURCE, OPPORTUNITY_ID, TENANT_TYPE, MASTER_ID, SECONDARYJOBNUMBER, CREATEDBY_ID, CREATEDON, END, GENERATEDFROM_ID, ID, IMPORTID, LATEPENALTY, MANAGEEMPLOYEEEMAIL, MANAGEFOLLOWUPEMAIL, PLANEND, ISAUTODISPATCHED, RECORD_UPDATE_DATE, UNION, APPROXIMATEENDDATE, CREATEDFROMESTIMATESTATUSWHENBOOKING, INVOICE_ID, NUMBER, PREDICTEDSALES, RECORD_CREATE_DATE]
Column names for Curated Table --> DIM_JOB :: [LASTCHANGEDBYSMARTDISPATCH, PROJECTEDVALUE, TYPE_ID, EXTERNALID, NOCHARGESOURCE, PMDATE, RECALLFOR_ID, START, ACTIVE, ISAUTODISPATCHED, MONTHNUMBER, PRIORITY, CREATEDON, OPPORTUNITYDATE, PREVAILINGWAGEJOBNUMBER, RECORD_CREATE_DATE, CREATEDBY_ID, LASTAPPOINTMENT_ID, MANAGEEMPLOYEEEMAIL, TOTAL, APPROXIMATESTARTDATE, GENERATEDBY_ID, MANAGEFOLLOWUPEMAIL, RECORD_UPDATED_BY, WARRANTYFOR_ID, UNION, CREATEDFROMESTIMATE_ID, REASSIGNMENTPENALTY, PREDICTEDSALES, LATEPENALTY, DURATION, DRIVETIME, STATUS, SUMMARY, IMPORTID, NOTIFICATIONSENABLED, RECORD_UPDATE_DATE, ALLOTTEDTIME, COMPLETEDON, CUSTOMERPO, GENERATEDFROM_ID, ISTECHNICIANSPECIFIC, LOCATION_ID, PLANEND, MODIFIEDON, PREVAILINGWAGECODE_ID, SECONDARYJOBNUMBER, END, OPPORTUNITY_ID, APPROXIMATEENDDATE, BUSINESSUNIT_ID, CALLSCRIPTANSWERRECORD_ID, CUSTOMER_ID, DRIVINGCOST, ESTIMATEDCOST, FIRSTAPPOINTMENT_ID, PROJECT_ID, SOLDBY_ID, NOCHARGE, ISCONFIRMED, LEADGENERATED_ID, CAMPAIGN_ID, COMPLETIONSURVEYID, CREATEDFROMESTIMATESTATUSWHENBOOKING, ID, INVOICE_ID, ISPREVAILINGWAGE, LEAD_ID, MEMBERSHIP_ID, PLANSTART, SMARTDISPATCHDATA_JOB, TENANT_TYPE, PREDICTEDTOTAL, NUMBER]
Column Name found in Datamart and Curated Table :: CAMPAIGN_ID
Column Name found in Datamart and Curated Table :: EXTERNALID
Column Name found in Datamart and Curated Table :: LASTAPPOINTMENT_ID
Column Name found in Datamart and Curated Table :: LEADGENERATED_ID
Column Name found in Datamart and Curated Table :: SUMMARY
Column Name found in Datamart and Curated Table :: CREATEDBY_ID
Column Name found in Datamart and Curated Table :: LASTCHANGEDBYSMARTDISPATCH
Column Name found in Datamart and Curated Table :: MEMBERSHIP_ID
Column Name found in Datamart and Curated Table :: OPPORTUNITYDATE
Column Name found in Datamart and Curated Table :: PROJECTEDVALUE
Column Name found in Datamart and Curated Table :: ISAUTODISPATCHED
Column Name found in Datamart and Curated Table :: CREATEDFROMESTIMATE_ID
Column Name found in Datamart and Curated Table :: MANAGEEMPLOYEEEMAIL
Column Name found in Datamart and Curated Table :: NUMBER
Column Name found in Datamart and Curated Table :: PREDICTEDSALES
Column Name found in Datamart and Curated Table :: PRIORITY
Column Name found in Datamart and Curated Table :: LATEPENALTY
Column Name found in Datamart and Curated Table :: PREVAILINGWAGECODE_ID
Column Name found in Datamart and Curated Table :: ACTIVE
Column Name found in Datamart and Curated Table :: IMPORTID
Column Name found in Datamart and Curated Table :: NOCHARGE
Column Name found in Datamart and Curated Table :: REASSIGNMENTPENALTY
Column Name found in Datamart and Curated Table :: SECONDARYJOBNUMBER
Column Name found in Datamart and Curated Table :: APPROXIMATEENDDATE
Column Name found in Datamart and Curated Table :: START
Column Name found in Datamart and Curated Table :: LOCATION_ID
Column Name found in Datamart and Curated Table :: UNION
Column Name found in Datamart and Curated Table :: COMPLETEDON
Column Name found in Datamart and Curated Table :: CREATEDON
Column Name found in Datamart and Curated Table :: CUSTOMERPO
Column Name found in Datamart and Curated Table :: DRIVINGCOST
Column Name found in Datamart and Curated Table :: DURATION
Column Name found in Datamart and Curated Table :: GENERATEDBY_ID
Column Name found in Datamart and Curated Table :: LEAD_ID
Column Name found in Datamart and Curated Table :: TOTAL
Column Name found in Datamart and Curated Table :: CUSTOMER_ID
Column Name found in Datamart and Curated Table :: NOTIFICATIONSENABLED
Column Name found in Datamart and Curated Table :: PROJECT_ID
Column Name found in Datamart and Curated Table :: SMARTDISPATCHDATA_JOB
Column Name found in Datamart and Curated Table :: WARRANTYFOR_ID
Column Name found in Datamart and Curated Table :: MODIFIEDON
Column Name found in Datamart and Curated Table :: GENERATEDFROM_ID
Column Name found in Datamart and Curated Table :: PMDATE
Column Name found in Datamart and Curated Table :: PREDICTEDTOTAL
Column Name found in Datamart and Curated Table :: RECALLFOR_ID
Column Name found in Datamart and Curated Table :: TYPE_ID
Column Name found in Datamart and Curated Table :: BUSINESSUNIT_ID
Column Name found in Datamart and Curated Table :: CALLSCRIPTANSWERRECORD_ID
Column Name found in Datamart and Curated Table :: CREATEDFROMESTIMATESTATUSWHENBOOKING
Column Name found in Datamart and Curated Table :: DRIVETIME
Column Name found in Datamart and Curated Table :: FIRSTAPPOINTMENT_ID
Column Name found in Datamart and Curated Table :: INVOICE_ID
Column Name found in Datamart and Curated Table :: MONTHNUMBER
Column Name found in Datamart and Curated Table :: PLANEND
Column Name found in Datamart and Curated Table :: PREVAILINGWAGEJOBNUMBER
Column Name found in Datamart and Curated Table :: SOLDBY_ID
Column Name found in Datamart and Curated Table :: ALLOTTEDTIME
Column Name found in Datamart and Curated Table :: ESTIMATEDCOST
Column Name found in Datamart and Curated Table :: ISCONFIRMED
Column Name found in Datamart and Curated Table :: ISPREVAILINGWAGE
Column Name found in Datamart and Curated Table :: OPPORTUNITY_ID
Column Name found in Datamart and Curated Table :: COMPLETIONSURVEYID
Column Name found in Datamart and Curated Table :: END
Column Name found in Datamart and Curated Table :: ID
Column Name found in Datamart and Curated Table :: ISTECHNICIANSPECIFIC
Column Name found in Datamart and Curated Table :: MANAGEFOLLOWUPEMAIL
Column Name found in Datamart and Curated Table :: PLANSTART
Column Name found in Datamart and Curated Table :: APPROXIMATESTARTDATE
Column Name found in Datamart and Curated Table :: NOCHARGESOURCE
Column Name found in Datamart and Curated Table :: STATUS
Datamart tables contains additional column name like [ACTIVE_FLAG, RECORD_CREATE_DATE, RECORD_UPDATE_DATE, RECORD_UPDATE_DATE, MASTER_ID, TENANT_TYPE]
Curated tables contains additional column name like [RECORD_CREATE_DATE, RECORD_UPDATE_DATE, RECORD_UPDATED_BY, TENANT_TYPE]]]>
  </system-out>
  <testcase classname="testcases.RAW_DATAMART_CURATED.SnowFlake_ColumnValidation_BKPTables" name="validateColumnName_BKP" time="3.331"/>
  <system-out>
    <![CDATA[Executing Snowflake query :: SELECT COLUMN_NAME FROM DEV_ENT_RAW.INFORMATION_SCHEMA.COLUMNS WHERE TABLE_NAME='JOBASSIGNMENT'and TABLE_SCHEMA='ST_MAITZ_MATILLION'
Executing Snowflake query :: SELECT COLUMN_NAME FROM CURATED_DATAMART.INFORMATION_SCHEMA.COLUMNS WHERE TABLE_NAME='STR_JOBASSIGNMENT'and TABLE_SCHEMA='ST_BKP_MAITZ'
Executing Snowflake query :: SELECT COLUMN_NAME FROM DEV_ENT_CURATED.INFORMATION_SCHEMA.COLUMNS WHERE TABLE_NAME='DIM_JOBASSIGNMENT'and TABLE_SCHEMA='MASTER_DIMENSIONS'
Column names for RAW Table --> JOBASSIGNMENT :: [TECHNICIANROLE_ID, TECHNICIAN_ID, CREATEDBY_ID, CREATEDON, ID, JOB_ID, MODIFIEDON, SPLIT, PROJECTLABELS, DRIVETIME_ID, JOHNMOOREPAYROLLROLE, PAYTYPE, COMMISSIONRATE, PAYROLLROLE, ACTIVE, ISPAUSED, GROSSPAY, STATUS, IMPORTID]
Column names for DataMart Table --> STR_JOBASSIGNMENT :: [ACTIVE, CREATEDBY_ID, DRIVETIME_ID, IMPORTID, CREATEDON, MASTER_ID, TECHNICIANROLE_ID, PAYROLLROLE, SPLIT, RECORD_UPDATE_DATE, ID, MODIFIEDON, PROJECTLABELS, JOB_ID, JOHNMOOREPAYROLLROLE, TENANT_TYPE, ISPAUSED, ACTIVE_FLAG, COMMISSIONRATE, RECORD_CREATE_DATE, GROSSPAY, PAYTYPE, SOURCE_PKEY_SPK, TECHNICIAN_ID, STATUS]
Column names for Curated Table --> DIM_JOBASSIGNMENT :: [STATUS, COMMISSIONRATE, SPLIT, TECHNICIANROLE_ID, DRIVETIME_ID, GROSSPAY, RECORD_CREATE_DATE, JOHNMOOREPAYROLLROLE, MODIFIEDON, CREATEDBY_ID, ISPAUSED, SOURCE_PKEY_SPK, ID, PROJECTLABELS, RECORD_UPDATED_BY, PAYROLLROLE, JOB_ID, RECORD_UPDATE_DATE, TENANT_TYPE, IMPORTID, TECHNICIAN_ID, PAYTYPE, ACTIVE, CREATEDON]
Column Name found in Datamart and Curated Table :: TECHNICIANROLE_ID
Column Name found in Datamart and Curated Table :: TECHNICIAN_ID
Column Name found in Datamart and Curated Table :: CREATEDBY_ID
Column Name found in Datamart and Curated Table :: CREATEDON
Column Name found in Datamart and Curated Table :: ID
Column Name found in Datamart and Curated Table :: JOB_ID
Column Name found in Datamart and Curated Table :: MODIFIEDON
Column Name found in Datamart and Curated Table :: SPLIT
Column Name found in Datamart and Curated Table :: PROJECTLABELS
Column Name found in Datamart and Curated Table :: DRIVETIME_ID
Column Name found in Datamart and Curated Table :: JOHNMOOREPAYROLLROLE
Column Name found in Datamart and Curated Table :: PAYTYPE
Column Name found in Datamart and Curated Table :: COMMISSIONRATE
Column Name found in Datamart and Curated Table :: PAYROLLROLE
Column Name found in Datamart and Curated Table :: ACTIVE
Column Name found in Datamart and Curated Table :: ISPAUSED
Column Name found in Datamart and Curated Table :: GROSSPAY
Column Name found in Datamart and Curated Table :: STATUS
Column Name found in Datamart and Curated Table :: IMPORTID
Datamart tables contains additional column name like [ACTIVE_FLAG, RECORD_CREATE_DATE, RECORD_UPDATE_DATE, RECORD_UPDATE_DATE, MASTER_ID, TENANT_TYPE]
Curated tables contains additional column name like [RECORD_CREATE_DATE, RECORD_UPDATE_DATE, RECORD_UPDATED_BY, TENANT_TYPE]]]>
  </system-out>
  <testcase classname="testcases.RAW_DATAMART_CURATED.SnowFlake_ColumnValidation_BKPTables" name="validateColumnName_BKP" time="2.260"/>
  <system-out>
    <![CDATA[Executing Snowflake query :: SELECT COLUMN_NAME FROM DEV_ENT_RAW.INFORMATION_SCHEMA.COLUMNS WHERE TABLE_NAME='LOCATION'and TABLE_SCHEMA='ST_GOLDMEDAL_MATILLION'
Executing Snowflake query :: SELECT COLUMN_NAME FROM CURATED_DATAMART.INFORMATION_SCHEMA.COLUMNS WHERE TABLE_NAME='STR_LOCATION'and TABLE_SCHEMA='ST_BKP_GOLDMEDAL'
Executing Snowflake query :: SELECT COLUMN_NAME FROM DEV_ENT_CURATED.INFORMATION_SCHEMA.COLUMNS WHERE TABLE_NAME='DIM_LOCATION'and TABLE_SCHEMA='MASTER_DIMENSIONS'
Column names for RAW Table --> LOCATION :: [ESTIMATEDTAX, AUTOLONGITUDE, IMPORTID, ACTIVE, ADDRESS_ISMANUALCOORDINATES, CUSTOMER_ID, RECURRINGSERVICE_TYPE, RECURRINGSERVICE_ACTIVATEDFROM, ADDRESS_COUNTRY, ADDRESS_STATE, ADDRESS_ZIP, RECURRINGSERVICE_CANCELLATIONDATE, TAXEXEMPT, ZONE_ID, ID, NAME, TAXZONE_ID, TAXABLE, ISPREVAILINGWAGE, RECURRINGSERVICE_ACTIVATEDBY, ADDRESS_CITY, ADDRESS_LONGITUDE, CREATEDBY_ID, DONOTSENDTECHNICIAN_ID, RECURRINGSERVICE_RECURRENCEINTERVAL, ADDRESS_STREET, RECURRINGSERVICE_MEMO, AVALARAENTITYCODE, PREFERREDTECHNICIAN_ID, MODIFIEDON, SUMMARY, ADDRESS_ISMILITARY, ADDRESS_LATITUDE, ADDRESS_UNIT, AUTOLATITUDE, CREATEDON, RECURRINGSERVICE_TO, NOCHARGE, RECURRINGSERVICE_FROM]
Column names for DataMart Table --> STR_LOCATION :: [ACTIVE, RECURRINGSERVICE_RECURRENCEINTERVAL, AUTOLONGITUDE, ADDRESS_ZIP, MASTER_ID, TENANT_TYPE, ZONE_ID, ADDRESS_ISMILITARY, RECURRINGSERVICE_ACTIVATEDBY, AVALARAENTITYCODE, CUSTOMER_ID, RECURRINGSERVICE_FROM, SUMMARY, ADDRESS_STREET, ESTIMATEDTAX, IMPORTID, PREFERREDTECHNICIAN_ID, RECURRINGSERVICE_MEMO, TAXZONE_ID, CREATEDBY_ID, CREATEDON, DONOTSENDTECHNICIAN_ID, MODIFIEDON, RECORD_CREATE_DATE, TAXABLE, RECURRINGSERVICE_TYPE, ADDRESS_COUNTRY, ADDRESS_ISMANUALCOORDINATES, ADDRESS_LONGITUDE, ADDRESS_UNIT, ADDRESS_LATITUDE, ID, ACTIVE_FLAG, ADDRESS_CITY, ADDRESS_STATE, NOCHARGE, RECURRINGSERVICE_ACTIVATEDFROM, RECURRINGSERVICE_CANCELLATIONDATE, ISPREVAILINGWAGE, NAME, TAXEXEMPT, AUTOLATITUDE, RECORD_UPDATE_DATE, RECURRINGSERVICE_TO]
Column names for Curated Table --> DIM_LOCATION :: [ADDRESS_UNIT, AUTOLONGITUDE, RECURRINGSERVICE_ACTIVATEDFROM, RECURRINGSERVICE_TO, TAXABLE, ADDRESS_CITY, ADDRESS_LATITUDE, IMPORTID, NAME, RECURRINGSERVICE_MEMO, ADDRESS_LONGITUDE, ADDRESS_STATE, ADDRESS_STREET, DONOTSENDTECHNICIAN_ID, MODIFIEDON, TAXZONE_ID, ADDRESS_ISMANUALCOORDINATES, ESTIMATEDTAX, ISPREVAILINGWAGE, RECURRINGSERVICE_ACTIVATEDBY, AUTOLATITUDE, RECORD_UPDATED_BY, RECORD_UPDATE_DATE, SUMMARY, CUSTOMER_ID, ZONE_ID, TENANT_TYPE, ADDRESS_COUNTRY, ADDRESS_ZIP, NOCHARGE, RECURRINGSERVICE_FROM, RECURRINGSERVICE_RECURRENCEINTERVAL, CREATEDON, RECORD_CREATE_DATE, AVALARAENTITYCODE, RECURRINGSERVICE_CANCELLATIONDATE, RECURRINGSERVICE_TYPE, PREFERREDTECHNICIAN_ID, ACTIVE, ADDRESS_ISMILITARY, CREATEDBY_ID, ID, TAXEXEMPT]
Column Name found in Datamart and Curated Table :: ESTIMATEDTAX
Column Name found in Datamart and Curated Table :: AUTOLONGITUDE
Column Name found in Datamart and Curated Table :: IMPORTID
Column Name found in Datamart and Curated Table :: ACTIVE
Column Name found in Datamart and Curated Table :: ADDRESS_ISMANUALCOORDINATES
Column Name found in Datamart and Curated Table :: CUSTOMER_ID
Column Name found in Datamart and Curated Table :: RECURRINGSERVICE_TYPE
Column Name found in Datamart and Curated Table :: RECURRINGSERVICE_ACTIVATEDFROM
Column Name found in Datamart and Curated Table :: ADDRESS_COUNTRY
Column Name found in Datamart and Curated Table :: ADDRESS_STATE
Column Name found in Datamart and Curated Table :: ADDRESS_ZIP
Column Name found in Datamart and Curated Table :: RECURRINGSERVICE_CANCELLATIONDATE
Column Name found in Datamart and Curated Table :: TAXEXEMPT
Column Name found in Datamart and Curated Table :: ZONE_ID
Column Name found in Datamart and Curated Table :: ID
Column Name found in Datamart and Curated Table :: NAME
Column Name found in Datamart and Curated Table :: TAXZONE_ID
Column Name found in Datamart and Curated Table :: TAXABLE
Column Name found in Datamart and Curated Table :: ISPREVAILINGWAGE
Column Name found in Datamart and Curated Table :: RECURRINGSERVICE_ACTIVATEDBY
Column Name found in Datamart and Curated Table :: ADDRESS_CITY
Column Name found in Datamart and Curated Table :: ADDRESS_LONGITUDE
Column Name found in Datamart and Curated Table :: CREATEDBY_ID
Column Name found in Datamart and Curated Table :: DONOTSENDTECHNICIAN_ID
Column Name found in Datamart and Curated Table :: RECURRINGSERVICE_RECURRENCEINTERVAL
Column Name found in Datamart and Curated Table :: ADDRESS_STREET
Column Name found in Datamart and Curated Table :: RECURRINGSERVICE_MEMO
Column Name found in Datamart and Curated Table :: AVALARAENTITYCODE
Column Name found in Datamart and Curated Table :: PREFERREDTECHNICIAN_ID
Column Name found in Datamart and Curated Table :: MODIFIEDON
Column Name found in Datamart and Curated Table :: SUMMARY
Column Name found in Datamart and Curated Table :: ADDRESS_ISMILITARY
Column Name found in Datamart and Curated Table :: ADDRESS_LATITUDE
Column Name found in Datamart and Curated Table :: ADDRESS_UNIT
Column Name found in Datamart and Curated Table :: AUTOLATITUDE
Column Name found in Datamart and Curated Table :: CREATEDON
Column Name found in Datamart and Curated Table :: RECURRINGSERVICE_TO
Column Name found in Datamart and Curated Table :: NOCHARGE
Column Name found in Datamart and Curated Table :: RECURRINGSERVICE_FROM
Datamart tables contains additional column name like [ACTIVE_FLAG, RECORD_CREATE_DATE, RECORD_UPDATE_DATE, RECORD_UPDATE_DATE, MASTER_ID, TENANT_TYPE]
Curated tables contains additional column name like [RECORD_CREATE_DATE, RECORD_UPDATE_DATE, RECORD_UPDATED_BY, TENANT_TYPE]]]>
  </system-out>
  <testcase classname="testcases.RAW_DATAMART_CURATED.SnowFlake_ColumnValidation_BKPTables" name="validateColumnName_BKP" time="2.962"/>
  <system-out>
    <![CDATA[Executing Snowflake query :: SELECT COLUMN_NAME FROM DEV_ENT_RAW.INFORMATION_SCHEMA.COLUMNS WHERE TABLE_NAME='MATERIALVENDORSUBACCOUNT'and TABLE_SCHEMA='ST_HORIZONSERVICES_MATILLION'
Executing Snowflake query :: SELECT COLUMN_NAME FROM CURATED_DATAMART.INFORMATION_SCHEMA.COLUMNS WHERE TABLE_NAME='STR_MATERIALVENDORSUBACCOUNT'and TABLE_SCHEMA='ST_BKP_HORIZONSERVICES'
Executing Snowflake query :: SELECT COLUMN_NAME FROM DEV_ENT_CURATED.INFORMATION_SCHEMA.COLUMNS WHERE TABLE_NAME='DIM_MATERIALVENDORSUBACCOUNT'and TABLE_SCHEMA='MASTER_DIMENSIONS'
Column names for RAW Table --> MATERIALVENDORSUBACCOUNT :: [ACTIVE, CREATEDBY_ID, ACCOUNTNAME, COST, MATERIALVENDOR_ID, CREATEDON, ID, IMPORTID]
Column names for DataMart Table --> STR_MATERIALVENDORSUBACCOUNT :: [CREATEDBY_ID, IMPORTID, TENANT_TYPE, COST, ID, ACTIVE, ACTIVE_FLAG, MATERIALVENDOR_ID, RECORD_CREATE_DATE, ACCOUNTNAME, CREATEDON, MASTER_ID, RECORD_UPDATE_DATE]
Column names for Curated Table --> DIM_MATERIALVENDORSUBACCOUNT :: [RECORD_CREATE_DATE, IMPORTID, ACTIVE, CREATEDBY_ID, CREATEDON, ID, RECORD_UPDATE_DATE, TENANT_TYPE, RECORD_UPDATED_BY, ACCOUNTNAME, MATERIALVENDOR_ID, COST]
Column Name found in Datamart and Curated Table :: ACTIVE
Column Name found in Datamart and Curated Table :: CREATEDBY_ID
Column Name found in Datamart and Curated Table :: ACCOUNTNAME
Column Name found in Datamart and Curated Table :: COST
Column Name found in Datamart and Curated Table :: MATERIALVENDOR_ID
Column Name found in Datamart and Curated Table :: CREATEDON
Column Name found in Datamart and Curated Table :: ID
Column Name found in Datamart and Curated Table :: IMPORTID
Datamart tables contains additional column name like [ACTIVE_FLAG, RECORD_CREATE_DATE, RECORD_UPDATE_DATE, RECORD_UPDATE_DATE, MASTER_ID, TENANT_TYPE]
Curated tables contains additional column name like [RECORD_CREATE_DATE, RECORD_UPDATE_DATE, RECORD_UPDATED_BY, TENANT_TYPE]]]>
  </system-out>
  <testcase classname="testcases.RAW_DATAMART_CURATED.SnowFlake_ColumnValidation_BKPTables" name="validateColumnName_BKP" time="3.585"/>
  <system-out>
    <![CDATA[Executing Snowflake query :: SELECT COLUMN_NAME FROM DEV_ENT_RAW.INFORMATION_SCHEMA.COLUMNS WHERE TABLE_NAME='CUSTOMER'and TABLE_SCHEMA='ST_HDAIR_MATILLION'
Executing Snowflake query :: SELECT COLUMN_NAME FROM CURATED_DATAMART.INFORMATION_SCHEMA.COLUMNS WHERE TABLE_NAME='STR_CUSTOMER'and TABLE_SCHEMA='ST_BKP_HDAIR'
Executing Snowflake query :: SELECT COLUMN_NAME FROM DEV_ENT_CURATED.INFORMATION_SCHEMA.COLUMNS WHERE TABLE_NAME='DIM_CUSTOMER'and TABLE_SCHEMA='MASTER_DIMENSIONS'
Column names for RAW Table --> CUSTOMER :: [DONOTCHARGEINTERESTFEE, HEADER, DONOTMAIL, MEMBERSHIP_CANCELLATIONDATE, ADDRESS_ISMANUALCOORDINATES, ADDRESS_STREET, AVALARAENTITYCODE, DONOTSERVICE, EXTERNALID, MEMBERSHIP_ACTIVATEDFROM, MEMBERSHIP_FROM, MODIFIEDON, SHOWMEMBERSAVINGS, TYPE, NAME, ADDRESS_COUNTRY, ADDRESS_UNIT, EXCLUDEFROMBULKPRINTING, NOCHARGE, MEMBERSHIP_ACTIVATEDBY, TAXEXEMPT, ADDRESS_LATITUDE, BALANCE, CREATEDBY_ID, DONOTSENDPROMOTIONALEMAILS, MEMBERSHIP_TO, ACTIVE, ADDRESS_STATE, CREATEDON, STATISTICS_ID, ADDRESS_ISMILITARY, ADDRESS_ZIP, AR, ID, IMPORTID, PAYMENTTERM_ID, ADDRESS_CITY, ADDRESS_LONGITUDE]
Column names for DataMart Table --> STR_CUSTOMER :: [ADDRESS_COUNTRY, ADDRESS_STREET, AR, HEADER, MEMBERSHIP_ACTIVATEDFROM, ACTIVE_FLAG, ADDRESS_LONGITUDE, ADDRESS_UNIT, ADDRESS_CITY, DONOTSENDPROMOTIONALEMAILS, BALANCE, TENANT_TYPE, ACTIVE, ADDRESS_ISMANUALCOORDINATES, DONOTCHARGEINTERESTFEE, PAYMENTTERM_ID, TAXEXEMPT, RECORD_CREATE_DATE, ADDRESS_STATE, CREATEDON, MODIFIEDON, CREATEDBY_ID, MEMBERSHIP_CANCELLATIONDATE, RECORD_UPDATE_DATE, SHOWMEMBERSAVINGS, TYPE, AVALARAENTITYCODE, STATISTICS_ID, ADDRESS_ISMILITARY, ADDRESS_ZIP, DONOTSERVICE, EXTERNALID, IMPORTID, MEMBERSHIP_ACTIVATEDBY, NOCHARGE, MEMBERSHIP_TO, DONOTMAIL, EXCLUDEFROMBULKPRINTING, ID, MEMBERSHIP_FROM, NAME, ADDRESS_LATITUDE, MASTER_ID]
Column names for Curated Table --> DIM_CUSTOMER :: [ADDRESS_UNIT, PAYMENTTERM_ID, BALANCE, IMPORTID, ACTIVE, ADDRESS_COUNTRY, ADDRESS_ISMANUALCOORDINATES, ADDRESS_STATE, ADDRESS_ZIP, AR, NAME, MEMBERSHIP_TO, ADDRESS_CITY, ADDRESS_STREET, DONOTSERVICE, MEMBERSHIP_CANCELLATIONDATE, NOCHARGE, HEADER, CREATEDBY_ID, EXTERNALID, MODIFIEDON, DONOTCHARGEINTERESTFEE, MEMBERSHIP_ACTIVATEDBY, RECORD_UPDATE_DATE, RECORD_UPDATED_BY, STATISTICS_ID, CREATEDON, DONOTMAIL, ID, TAXEXEMPT, RECORD_CREATE_DATE, ADDRESS_LATITUDE, ADDRESS_LONGITUDE, AVALARAENTITYCODE, DONOTSENDPROMOTIONALEMAILS, MEMBERSHIP_FROM, TENANT_TYPE, TYPE, ADDRESS_ISMILITARY, MEMBERSHIP_ACTIVATEDFROM, SHOWMEMBERSAVINGS, EXCLUDEFROMBULKPRINTING]
Column Name found in Datamart and Curated Table :: DONOTCHARGEINTERESTFEE
Column Name found in Datamart and Curated Table :: HEADER
Column Name found in Datamart and Curated Table :: DONOTMAIL
Column Name found in Datamart and Curated Table :: MEMBERSHIP_CANCELLATIONDATE
Column Name found in Datamart and Curated Table :: ADDRESS_ISMANUALCOORDINATES
Column Name found in Datamart and Curated Table :: ADDRESS_STREET
Column Name found in Datamart and Curated Table :: AVALARAENTITYCODE
Column Name found in Datamart and Curated Table :: DONOTSERVICE
Column Name found in Datamart and Curated Table :: EXTERNALID
Column Name found in Datamart and Curated Table :: MEMBERSHIP_ACTIVATEDFROM
Column Name found in Datamart and Curated Table :: MEMBERSHIP_FROM
Column Name found in Datamart and Curated Table :: MODIFIEDON
Column Name found in Datamart and Curated Table :: SHOWMEMBERSAVINGS
Column Name found in Datamart and Curated Table :: TYPE
Column Name found in Datamart and Curated Table :: NAME
Column Name found in Datamart and Curated Table :: ADDRESS_COUNTRY
Column Name found in Datamart and Curated Table :: ADDRESS_UNIT
Column Name found in Datamart and Curated Table :: EXCLUDEFROMBULKPRINTING
Column Name found in Datamart and Curated Table :: NOCHARGE
Column Name found in Datamart and Curated Table :: MEMBERSHIP_ACTIVATEDBY
Column Name found in Datamart and Curated Table :: TAXEXEMPT
Column Name found in Datamart and Curated Table :: ADDRESS_LATITUDE
Column Name found in Datamart and Curated Table :: BALANCE
Column Name found in Datamart and Curated Table :: CREATEDBY_ID
Column Name found in Datamart and Curated Table :: DONOTSENDPROMOTIONALEMAILS
Column Name found in Datamart and Curated Table :: MEMBERSHIP_TO
Column Name found in Datamart and Curated Table :: ACTIVE
Column Name found in Datamart and Curated Table :: ADDRESS_STATE
Column Name found in Datamart and Curated Table :: CREATEDON
Column Name found in Datamart and Curated Table :: STATISTICS_ID
Column Name found in Datamart and Curated Table :: ADDRESS_ISMILITARY
Column Name found in Datamart and Curated Table :: ADDRESS_ZIP
Column Name found in Datamart and Curated Table :: AR
Column Name found in Datamart and Curated Table :: ID
Column Name found in Datamart and Curated Table :: IMPORTID
Column Name found in Datamart and Curated Table :: PAYMENTTERM_ID
Column Name found in Datamart and Curated Table :: ADDRESS_CITY
Column Name found in Datamart and Curated Table :: ADDRESS_LONGITUDE
Datamart tables contains additional column name like [ACTIVE_FLAG, RECORD_CREATE_DATE, RECORD_UPDATE_DATE, RECORD_UPDATE_DATE, MASTER_ID, TENANT_TYPE]
Curated tables contains additional column name like [RECORD_CREATE_DATE, RECORD_UPDATE_DATE, RECORD_UPDATED_BY, TENANT_TYPE]]]>
  </system-out>
  <testcase classname="testcases.RAW_DATAMART_CURATED.SnowFlake_ColumnValidation_BKPTables" name="validateColumnName_BKP" time="2.344"/>
  <system-out>
    <![CDATA[Executing Snowflake query :: SELECT COLUMN_NAME FROM DEV_ENT_RAW.INFORMATION_SCHEMA.COLUMNS WHERE TABLE_NAME='INVOICE'and TABLE_SCHEMA='ST_FOURPROS_MATILLION'
Executing Snowflake query :: SELECT COLUMN_NAME FROM CURATED_DATAMART.INFORMATION_SCHEMA.COLUMNS WHERE TABLE_NAME='STR_INVOICE'and TABLE_SCHEMA='ST_BKP_FOURPROS'
Executing Snowflake query :: SELECT COLUMN_NAME FROM DEV_ENT_CURATED.INFORMATION_SCHEMA.COLUMNS WHERE TABLE_NAME='FACT_INVOICE'and TABLE_SCHEMA='MASTER_DIMENSIONS'
Column names for RAW Table --> INVOICE :: [AUTHORIZATIONSIGNATURE, BILLINGDATE, DISCOUNTTOTAL, NETAMOUNT, NUMBER, JOB_ID, BATCH_ID, CONFIGURATION, CREATEDON, MATERIALTAX, ROYALTY_DATE, SUBTOTAL, LOCATION_ID, MATERIALSKUREFERENCE_SKUTYPE, TOTAL, ACTIVE, INCLUDEINTECHNICIANREPORTS, LABORTAX, PROJECT_ID, MATERIALSKUREFERENCE_SKUID, ACKNOWLEDGEMENTSIGNATURE, COMMISSIONELIGIBILITYDATE, COUNTERSALESLOCATION_ID, EXCLUDEFROMPAYROLL, EXTERNALID, NEWCONSTRUCTION, SIGNATURE, INVOICEDON, TECHNICIANACKNOWLEDGEMENTSIGNATURE, TYPE_ID, BALANCE, CUSTOMER_ID, FEETOTAL, MATERIALSKU_ID, ROYALTY_SENTON, PROJECTLABELS, STATUS, MEMBERSHIP_ID, NUMERICNUMBER, ADJUSTMENTTO_ID, BUSINESSUNIT_ID, ROYALTY_STATUS, PAYMENTTERM_ID, CREATEDBY_ID, FEETAX, IMPORTID, PAYMENTDUEDATE, PAYROLLDATE, ID, ROYALTY_MEMO, AUTHORIZEDAMOUNT, MODIFIEDON, SUMMARY, TAXZONE_ID, EXPORTID, PAIDON, TAX]
Column names for DataMart Table --> STR_INVOICE :: [EXCLUDEFROMPAYROLL, FEETAX, MASTER_ID, ROYALTY_MEMO, ROYALTY_STATUS, CUSTOMER_ID, TECHNICIANACKNOWLEDGEMENTSIGNATURE, ACKNOWLEDGEMENTSIGNATURE, BILLINGDATE, EXTERNALID, MATERIALSKU_ID, IMPORTID, PAYROLLDATE, PROJECT_ID, ROYALTY_SENTON, AUTHORIZATIONSIGNATURE, BALANCE, JOB_ID, MEMBERSHIP_ID, NETAMOUNT, SUBTOTAL, TYPE_ID, BATCH_ID, BUSINESSUNIT_ID, COUNTERSALESLOCATION_ID, CREATEDBY_ID, CREATEDON, FEETOTAL, INCLUDEINTECHNICIANREPORTS, MATERIALSKUREFERENCE_SKUID, PROJECTLABELS, TAXZONE_ID, MATERIALSKUREFERENCE_SKUTYPE, STATUS, RECORD_CREATE_DATE, AUTHORIZEDAMOUNT, CONFIGURATION, PAIDON, PAYMENTDUEDATE, LOCATION_ID, ROYALTY_DATE, SUMMARY, TAX, TOTAL, MODIFIEDON, ACTIVE, COMMISSIONELIGIBILITYDATE, INVOICEDON, MATERIALTAX, TENANT_TYPE, LABORTAX, NEWCONSTRUCTION, RECORD_UPDATE_DATE, SIGNATURE, EXPORTID, NUMBER, NUMERICNUMBER, ACTIVE_FLAG, ADJUSTMENTTO_ID, DISCOUNTTOTAL, ID, PAYMENTTERM_ID]
Column names for Curated Table --> FACT_INVOICE :: [CONFIGURATION, EXPORTID, EXTERNALID, MATERIALSKUREFERENCE_SKUTYPE, RECORD_UPDATED_BY, ROYALTY_DATE, FEETAX, TAX, TOTAL, BALANCE, BUSINESSUNIT_ID, CREATEDON, PAYMENTDUEDATE, PROJECT_ID, NETAMOUNT, NUMERICNUMBER, ROYALTY_SENTON, NUMBER, DISCOUNTTOTAL, EXCLUDEFROMPAYROLL, INCLUDEINTECHNICIANREPORTS, MODIFIEDON, STATUS, TENANT_TYPE, NEWCONSTRUCTION, ACKNOWLEDGEMENTSIGNATURE, ADJUSTMENTTO_ID, CREATEDBY_ID, CUSTOMER_ID, FEETOTAL, INVOICEDON, PAIDON, TYPE_ID, JOB_ID, LABORTAX, LOCATION_ID, ROYALTY_STATUS, SUMMARY, PROJECTLABELS, MATERIALSKUREFERENCE_SKUID, MATERIALSKU_ID, MEMBERSHIP_ID, COMMISSIONELIGIBILITYDATE, RECORD_CREATE_DATE, RECORD_UPDATE_DATE, SIGNATURE, AUTHORIZATIONSIGNATURE, BILLINGDATE, IMPORTID, TECHNICIANACKNOWLEDGEMENTSIGNATURE, AUTHORIZEDAMOUNT, ID, PAYROLLDATE, ACTIVE, COUNTERSALESLOCATION_ID, PAYMENTTERM_ID, SUBTOTAL, BATCH_ID, MATERIALTAX, ROYALTY_MEMO, TAXZONE_ID]
Column Name found in Datamart and Curated Table :: AUTHORIZATIONSIGNATURE
Column Name found in Datamart and Curated Table :: BILLINGDATE
Column Name found in Datamart and Curated Table :: DISCOUNTTOTAL
Column Name found in Datamart and Curated Table :: NETAMOUNT
Column Name found in Datamart and Curated Table :: NUMBER
Column Name found in Datamart and Curated Table :: JOB_ID
Column Name found in Datamart and Curated Table :: BATCH_ID
Column Name found in Datamart and Curated Table :: CONFIGURATION
Column Name found in Datamart and Curated Table :: CREATEDON
Column Name found in Datamart and Curated Table :: MATERIALTAX
Column Name found in Datamart and Curated Table :: ROYALTY_DATE
Column Name found in Datamart and Curated Table :: SUBTOTAL
Column Name found in Datamart and Curated Table :: LOCATION_ID
Column Name found in Datamart and Curated Table :: MATERIALSKUREFERENCE_SKUTYPE
Column Name found in Datamart and Curated Table :: TOTAL
Column Name found in Datamart and Curated Table :: ACTIVE
Column Name found in Datamart and Curated Table :: INCLUDEINTECHNICIANREPORTS
Column Name found in Datamart and Curated Table :: LABORTAX
Column Name found in Datamart and Curated Table :: PROJECT_ID
Column Name found in Datamart and Curated Table :: MATERIALSKUREFERENCE_SKUID
Column Name found in Datamart and Curated Table :: ACKNOWLEDGEMENTSIGNATURE
Column Name found in Datamart and Curated Table :: COMMISSIONELIGIBILITYDATE
Column Name found in Datamart and Curated Table :: COUNTERSALESLOCATION_ID
Column Name found in Datamart and Curated Table :: EXCLUDEFROMPAYROLL
Column Name found in Datamart and Curated Table :: EXTERNALID
Column Name found in Datamart and Curated Table :: NEWCONSTRUCTION
Column Name found in Datamart and Curated Table :: SIGNATURE
Column Name found in Datamart and Curated Table :: INVOICEDON
Column Name found in Datamart and Curated Table :: TECHNICIANACKNOWLEDGEMENTSIGNATURE
Column Name found in Datamart and Curated Table :: TYPE_ID
Column Name found in Datamart and Curated Table :: BALANCE
Column Name found in Datamart and Curated Table :: CUSTOMER_ID
Column Name found in Datamart and Curated Table :: FEETOTAL
Column Name found in Datamart and Curated Table :: MATERIALSKU_ID
Column Name found in Datamart and Curated Table :: ROYALTY_SENTON
Column Name found in Datamart and Curated Table :: PROJECTLABELS
Column Name found in Datamart and Curated Table :: STATUS
Column Name found in Datamart and Curated Table :: MEMBERSHIP_ID
Column Name found in Datamart and Curated Table :: NUMERICNUMBER
Column Name found in Datamart and Curated Table :: ADJUSTMENTTO_ID
Column Name found in Datamart and Curated Table :: BUSINESSUNIT_ID
Column Name found in Datamart and Curated Table :: ROYALTY_STATUS
Column Name found in Datamart and Curated Table :: PAYMENTTERM_ID
Column Name found in Datamart and Curated Table :: CREATEDBY_ID
Column Name found in Datamart and Curated Table :: FEETAX
Column Name found in Datamart and Curated Table :: IMPORTID
Column Name found in Datamart and Curated Table :: PAYMENTDUEDATE
Column Name found in Datamart and Curated Table :: PAYROLLDATE
Column Name found in Datamart and Curated Table :: ID
Column Name found in Datamart and Curated Table :: ROYALTY_MEMO
Column Name found in Datamart and Curated Table :: AUTHORIZEDAMOUNT
Column Name found in Datamart and Curated Table :: MODIFIEDON
Column Name found in Datamart and Curated Table :: SUMMARY
Column Name found in Datamart and Curated Table :: TAXZONE_ID
Column Name found in Datamart and Curated Table :: EXPORTID
Column Name found in Datamart and Curated Table :: PAIDON
Column Name found in Datamart and Curated Table :: TAX
Datamart tables contains additional column name like [ACTIVE_FLAG, RECORD_CREATE_DATE, RECORD_UPDATE_DATE, RECORD_UPDATE_DATE, MASTER_ID, TENANT_TYPE]
Curated tables contains additional column name like [RECORD_CREATE_DATE, RECORD_UPDATE_DATE, RECORD_UPDATED_BY, TENANT_TYPE]]]>
  </system-out>
  <testcase classname="testcases.RAW_DATAMART_CURATED.SnowFlake_ColumnValidation_BKPTables" name="validateColumnName_BKP" time="2.352"/>
  <system-out>
    <![CDATA[Executing Snowflake query :: SELECT COLUMN_NAME FROM DEV_ENT_RAW.INFORMATION_SCHEMA.COLUMNS WHERE TABLE_NAME='MATERIALVENDOR'and TABLE_SCHEMA='ST_SNELLHEATINGAIR_MATILLION'
Executing Snowflake query :: SELECT COLUMN_NAME FROM CURATED_DATAMART.INFORMATION_SCHEMA.COLUMNS WHERE TABLE_NAME='STR_MATERIALVENDOR'and TABLE_SCHEMA='ST_BKP_SNELLHEATINGAIR'
Executing Snowflake query :: SELECT COLUMN_NAME FROM DEV_ENT_CURATED.INFORMATION_SCHEMA.COLUMNS WHERE TABLE_NAME='DIM_MATERIALVENDOR'and TABLE_SCHEMA='MASTER_DIMENSIONS'
Column names for RAW Table --> MATERIALVENDOR :: [CREATEDON, ID, IMPORTID, ISPRIMARY, CREATEDBY_ID, PARTNUMBER, PRIMARYSUBACCOUNT_ID, VENDOR_ID, ACTIVE, COST, MEMO, MATERIAL_ID]
Column names for DataMart Table --> STR_MATERIALVENDOR :: [COST, CREATEDBY_ID, CREATEDON, ISPRIMARY, TENANT_TYPE, ACTIVE, ACTIVE_FLAG, MATERIAL_ID, IMPORTID, MASTER_ID, MEMO, PRIMARYSUBACCOUNT_ID, VENDOR_ID, PARTNUMBER, RECORD_UPDATE_DATE, RECORD_CREATE_DATE, ID]
Column names for Curated Table --> DIM_MATERIALVENDOR :: [ID, MATERIAL_ID, ACTIVE, COST, CREATEDBY_ID, IMPORTID, ISPRIMARY, PRIMARYSUBACCOUNT_ID, RECORD_UPDATE_DATE, TENANT_TYPE, MEMO, RECORD_UPDATED_BY, VENDOR_ID, CREATEDON, PARTNUMBER, RECORD_CREATE_DATE]
Column Name found in Datamart and Curated Table :: CREATEDON
Column Name found in Datamart and Curated Table :: ID
Column Name found in Datamart and Curated Table :: IMPORTID
Column Name found in Datamart and Curated Table :: ISPRIMARY
Column Name found in Datamart and Curated Table :: CREATEDBY_ID
Column Name found in Datamart and Curated Table :: PARTNUMBER
Column Name found in Datamart and Curated Table :: PRIMARYSUBACCOUNT_ID
Column Name found in Datamart and Curated Table :: VENDOR_ID
Column Name found in Datamart and Curated Table :: ACTIVE
Column Name found in Datamart and Curated Table :: COST
Column Name found in Datamart and Curated Table :: MEMO
Column Name found in Datamart and Curated Table :: MATERIAL_ID
Datamart tables contains additional column name like [ACTIVE_FLAG, RECORD_CREATE_DATE, RECORD_UPDATE_DATE, RECORD_UPDATE_DATE, MASTER_ID, TENANT_TYPE]
Curated tables contains additional column name like [RECORD_CREATE_DATE, RECORD_UPDATE_DATE, RECORD_UPDATED_BY, TENANT_TYPE]]]>
  </system-out>
  <testcase classname="testcases.RAW_DATAMART_CURATED.SnowFlake_ColumnValidation_BKPTables" name="validateColumnName_BKP" time="2.261"/>
  <system-out>
    <![CDATA[Executing Snowflake query :: SELECT COLUMN_NAME FROM DEV_ENT_RAW.INFORMATION_SCHEMA.COLUMNS WHERE TABLE_NAME='CUSTOMER'and TABLE_SCHEMA='ST_HUTCHINSON_MATILLION'
Executing Snowflake query :: SELECT COLUMN_NAME FROM CURATED_DATAMART.INFORMATION_SCHEMA.COLUMNS WHERE TABLE_NAME='STR_CUSTOMER'and TABLE_SCHEMA='ST_BKP_HUTCHINSON'
Executing Snowflake query :: SELECT COLUMN_NAME FROM DEV_ENT_CURATED.INFORMATION_SCHEMA.COLUMNS WHERE TABLE_NAME='DIM_CUSTOMER'and TABLE_SCHEMA='MASTER_DIMENSIONS'
Column names for RAW Table --> CUSTOMER :: [ADDRESS_LONGITUDE, ADDRESS_UNIT, IMPORTID, MODIFIEDON, DONOTCHARGEINTERESTFEE, ADDRESS_CITY, HEADER, NOCHARGE, ACTIVE, ADDRESS_ISMILITARY, ADDRESS_LATITUDE, NAME, STATISTICS_ID, MEMBERSHIP_TO, ADDRESS_ZIP, ADDRESS_STREET, AR, CREATEDBY_ID, AVALARAENTITYCODE, ADDRESS_ISMANUALCOORDINATES, DONOTSERVICE, EXCLUDEFROMBULKPRINTING, ID, TYPE, MEMBERSHIP_ACTIVATEDBY, MEMBERSHIP_CANCELLATIONDATE, DONOTSENDPROMOTIONALEMAILS, ADDRESS_COUNTRY, PAYMENTTERM_ID, ADDRESS_STATE, BALANCE, EXTERNALID, MEMBERSHIP_FROM, CREATEDON, DONOTMAIL, MEMBERSHIP_ACTIVATEDFROM, TAXEXEMPT, SHOWMEMBERSAVINGS]
Column names for DataMart Table --> STR_CUSTOMER :: [ADDRESS_ISMANUALCOORDINATES, AR, MEMBERSHIP_ACTIVATEDBY, NOCHARGE, ACTIVE, ACTIVE_FLAG, ADDRESS_ZIP, RECORD_CREATE_DATE, SHOWMEMBERSAVINGS, ADDRESS_CITY, ADDRESS_UNIT, BALANCE, CREATEDON, DONOTMAIL, DONOTSENDPROMOTIONALEMAILS, ID, MASTER_ID, NAME, PAYMENTTERM_ID, TYPE, ADDRESS_LONGITUDE, EXTERNALID, IMPORTID, DONOTCHARGEINTERESTFEE, MODIFIEDON, MEMBERSHIP_TO, MEMBERSHIP_ACTIVATEDFROM, ADDRESS_COUNTRY, ADDRESS_STATE, AVALARAENTITYCODE, RECORD_UPDATE_DATE, TAXEXEMPT, TENANT_TYPE, ADDRESS_ISMILITARY, MEMBERSHIP_CANCELLATIONDATE, CREATEDBY_ID, ADDRESS_STREET, DONOTSERVICE, EXCLUDEFROMBULKPRINTING, MEMBERSHIP_FROM, ADDRESS_LATITUDE, STATISTICS_ID, HEADER]
Column names for Curated Table --> DIM_CUSTOMER :: [ADDRESS_UNIT, PAYMENTTERM_ID, BALANCE, IMPORTID, ACTIVE, ADDRESS_COUNTRY, ADDRESS_ISMANUALCOORDINATES, ADDRESS_STATE, ADDRESS_ZIP, AR, NAME, MEMBERSHIP_TO, ADDRESS_CITY, ADDRESS_STREET, DONOTSERVICE, MEMBERSHIP_CANCELLATIONDATE, NOCHARGE, HEADER, CREATEDBY_ID, EXTERNALID, MODIFIEDON, DONOTCHARGEINTERESTFEE, MEMBERSHIP_ACTIVATEDBY, RECORD_UPDATE_DATE, RECORD_UPDATED_BY, STATISTICS_ID, CREATEDON, DONOTMAIL, ID, TAXEXEMPT, RECORD_CREATE_DATE, ADDRESS_LATITUDE, ADDRESS_LONGITUDE, AVALARAENTITYCODE, DONOTSENDPROMOTIONALEMAILS, MEMBERSHIP_FROM, TENANT_TYPE, TYPE, ADDRESS_ISMILITARY, MEMBERSHIP_ACTIVATEDFROM, SHOWMEMBERSAVINGS, EXCLUDEFROMBULKPRINTING]
Column Name found in Datamart and Curated Table :: ADDRESS_LONGITUDE
Column Name found in Datamart and Curated Table :: ADDRESS_UNIT
Column Name found in Datamart and Curated Table :: IMPORTID
Column Name found in Datamart and Curated Table :: MODIFIEDON
Column Name found in Datamart and Curated Table :: DONOTCHARGEINTERESTFEE
Column Name found in Datamart and Curated Table :: ADDRESS_CITY
Column Name found in Datamart and Curated Table :: HEADER
Column Name found in Datamart and Curated Table :: NOCHARGE
Column Name found in Datamart and Curated Table :: ACTIVE
Column Name found in Datamart and Curated Table :: ADDRESS_ISMILITARY
Column Name found in Datamart and Curated Table :: ADDRESS_LATITUDE
Column Name found in Datamart and Curated Table :: NAME
Column Name found in Datamart and Curated Table :: STATISTICS_ID
Column Name found in Datamart and Curated Table :: MEMBERSHIP_TO
Column Name found in Datamart and Curated Table :: ADDRESS_ZIP
Column Name found in Datamart and Curated Table :: ADDRESS_STREET
Column Name found in Datamart and Curated Table :: AR
Column Name found in Datamart and Curated Table :: CREATEDBY_ID
Column Name found in Datamart and Curated Table :: AVALARAENTITYCODE
Column Name found in Datamart and Curated Table :: ADDRESS_ISMANUALCOORDINATES
Column Name found in Datamart and Curated Table :: DONOTSERVICE
Column Name found in Datamart and Curated Table :: EXCLUDEFROMBULKPRINTING
Column Name found in Datamart and Curated Table :: ID
Column Name found in Datamart and Curated Table :: TYPE
Column Name found in Datamart and Curated Table :: MEMBERSHIP_ACTIVATEDBY
Column Name found in Datamart and Curated Table :: MEMBERSHIP_CANCELLATIONDATE
Column Name found in Datamart and Curated Table :: DONOTSENDPROMOTIONALEMAILS
Column Name found in Datamart and Curated Table :: ADDRESS_COUNTRY
Column Name found in Datamart and Curated Table :: PAYMENTTERM_ID
Column Name found in Datamart and Curated Table :: ADDRESS_STATE
Column Name found in Datamart and Curated Table :: BALANCE
Column Name found in Datamart and Curated Table :: EXTERNALID
Column Name found in Datamart and Curated Table :: MEMBERSHIP_FROM
Column Name found in Datamart and Curated Table :: CREATEDON
Column Name found in Datamart and Curated Table :: DONOTMAIL
Column Name found in Datamart and Curated Table :: MEMBERSHIP_ACTIVATEDFROM
Column Name found in Datamart and Curated Table :: TAXEXEMPT
Column Name found in Datamart and Curated Table :: SHOWMEMBERSAVINGS
Datamart tables contains additional column name like [ACTIVE_FLAG, RECORD_CREATE_DATE, RECORD_UPDATE_DATE, RECORD_UPDATE_DATE, MASTER_ID, TENANT_TYPE]
Curated tables contains additional column name like [RECORD_CREATE_DATE, RECORD_UPDATE_DATE, RECORD_UPDATED_BY, TENANT_TYPE]]]>
  </system-out>
  <testcase classname="testcases.RAW_DATAMART_CURATED.SnowFlake_ColumnValidation_BKPTables" name="validateColumnName_BKP" time="2.139">
    <failure message="The following asserts failed:
	null" type="java.lang.AssertionError">
      <![CDATA[java.lang.AssertionError: The following asserts failed:
null
at org.testng.asserts.SoftAssert.assertAll(SoftAssert.java:47)
at org.testng.asserts.SoftAssert.assertAll(SoftAssert.java:31)
at testcases.RAW_DATAMART_CURATED.SnowFlake_ColumnValidation_BKPTables.validateColumnName_BKP(SnowFlake_ColumnValidation_BKPTables.java:120)
at jdk.internal.reflect.GeneratedMethodAccessor38.invoke(Unknown Source)
at java.base/jdk.internal.reflect.DelegatingMethodAccessorImpl.invoke(DelegatingMethodAccessorImpl.java:43)
at java.base/java.lang.reflect.Method.invoke(Method.java:568)
at org.testng.internal.MethodInvocationHelper.invokeMethod(MethodInvocationHelper.java:133)
at org.testng.internal.TestInvoker.invokeMethod(TestInvoker.java:598)
at org.testng.internal.TestInvoker.invokeTestMethod(TestInvoker.java:173)
at org.testng.internal.MethodRunner.runInSequence(MethodRunner.java:46)
at org.testng.internal.TestInvoker$MethodInvocationAgent.invoke(TestInvoker.java:824)
at org.testng.internal.TestInvoker.invokeTestMethods(TestInvoker.java:146)
at org.testng.internal.TestMethodWorker.invokeTestMethods(TestMethodWorker.java:146)
at org.testng.internal.TestMethodWorker.run(TestMethodWorker.java:128)
at java.base/java.util.ArrayList.forEach(ArrayList.java:1511)
at org.testng.TestRunner.privateRun(TestRunner.java:794)
at org.testng.TestRunner.run(TestRunner.java:596)
at org.testng.SuiteRunner.runTest(SuiteRunner.java:377)
at org.testng.SuiteRunner.runSequentially(SuiteRunner.java:371)
at org.testng.SuiteRunner.privateRun(SuiteRunner.java:332)
at org.testng.SuiteRunner.run(SuiteRunner.java:276)
at org.testng.SuiteRunnerWorker.runSuite(SuiteRunnerWorker.java:53)
at org.testng.SuiteRunnerWorker.run(SuiteRunnerWorker.java:96)
at org.testng.TestNG.runSuitesSequentially(TestNG.java:1212)
at org.testng.TestNG.runSuitesLocally(TestNG.java:1134)
at org.testng.TestNG.runSuites(TestNG.java:1063)
at org.testng.TestNG.run(TestNG.java:1031)
at org.testng.remote.AbstractRemoteTestNG.run(AbstractRemoteTestNG.java:115)
at org.testng.remote.RemoteTestNG.initAndRun(RemoteTestNG.java:251)
at org.testng.remote.RemoteTestNG.main(RemoteTestNG.java:77)
]]>
    </failure>
  </testcase> <!-- validateColumnName_BKP -->
  <system-out>
    <![CDATA[Executing Snowflake query :: SELECT COLUMN_NAME FROM DEV_ENT_RAW.INFORMATION_SCHEMA.COLUMNS WHERE TABLE_NAME='JOBTYPE'and TABLE_SCHEMA='ST_HENDERSON_MATILLION'
Executing Snowflake query :: SELECT COLUMN_NAME FROM CURATED_DATAMART.INFORMATION_SCHEMA.COLUMNS WHERE TABLE_NAME='STR_JOBTYPE'and TABLE_SCHEMA='ST_BKP_HENDERSON'
Executing Snowflake query :: SELECT COLUMN_NAME FROM DEV_ENT_CURATED.INFORMATION_SCHEMA.COLUMNS WHERE TABLE_NAME='DIM_JOBTYPE'and TABLE_SCHEMA='MASTER_DIMENSIONS'
Column names for RAW Table --> JOBTYPE :: [COMPDOUBLEOVERTIMERATE, NAME, PRIORITY, SOLDTHRESHOLD, COMPOVERTIMERATE, DURATION, PROJECTLABELS, ISTUNEUP, COMPCODE, CREATEDBY_ID, ID, IMPORTID, NOCHARGE, MAXIMUMMATERIALCOSTINPERCENT, MINIMUMMATERIALCOSTINPERCENT, ISAUTODISPATCHED, LIKELIHOOD, SUMMARY, ACTIVE, COMPSTANDARDRATE, ENFORCERECURRINGSERVICEEVENTSELECTION, ISSMARTDISPATCHEDBYDEFAULTINAPI, CLASS, IMAGE, MODIFIEDON, PROJECTEDVALUEADJUSTMENT, CREATEDON]
Column names for DataMart Table --> STR_JOBTYPE :: [DURATION, ISAUTODISPATCHED, RECORD_CREATE_DATE, CREATEDON, ISTUNEUP, LIKELIHOOD, MINIMUMMATERIALCOSTINPERCENT, SUMMARY, TENANT_TYPE, MASTER_ID, ACTIVE_FLAG, ENFORCERECURRINGSERVICEEVENTSELECTION, PROJECTLABELS, SOLDTHRESHOLD, ACTIVE, COMPCODE, ID, IMAGE, RECORD_UPDATE_DATE, COMPDOUBLEOVERTIMERATE, IMPORTID, MODIFIEDON, PRIORITY, COMPSTANDARDRATE, CREATEDBY_ID, MAXIMUMMATERIALCOSTINPERCENT, CLASS, COMPOVERTIMERATE, NOCHARGE, PROJECTEDVALUEADJUSTMENT, NAME]
Column names for Curated Table --> DIM_JOBTYPE :: [COMPOVERTIMERATE, PROJECTLABELS, RECORD_UPDATED_BY, MAXIMUMMATERIALCOSTINPERCENT, SUMMARY, NAME, COMPDOUBLEOVERTIMERATE, CREATEDBY_ID, DURATION, ISAUTODISPATCHED, RECORD_UPDATE_DATE, COMPSTANDARDRATE, NOCHARGE, IMPORTID, TENANT_TYPE, ACTIVE, ENFORCERECURRINGSERVICEEVENTSELECTION, ID, ISTUNEUP, CLASS, COMPCODE, MINIMUMMATERIALCOSTINPERCENT, PRIORITY, CREATEDON, LIKELIHOOD, RECORD_CREATE_DATE, SOLDTHRESHOLD, IMAGE, MODIFIEDON, PROJECTEDVALUEADJUSTMENT]
Column Name found in Datamart and Curated Table :: COMPDOUBLEOVERTIMERATE
Column Name found in Datamart and Curated Table :: NAME
Column Name found in Datamart and Curated Table :: PRIORITY
Column Name found in Datamart and Curated Table :: SOLDTHRESHOLD
Column Name found in Datamart and Curated Table :: COMPOVERTIMERATE
Column Name found in Datamart and Curated Table :: DURATION
Column Name found in Datamart and Curated Table :: PROJECTLABELS
Column Name found in Datamart and Curated Table :: ISTUNEUP
Column Name found in Datamart and Curated Table :: COMPCODE
Column Name found in Datamart and Curated Table :: CREATEDBY_ID
Column Name found in Datamart and Curated Table :: ID
Column Name found in Datamart and Curated Table :: IMPORTID
Column Name found in Datamart and Curated Table :: NOCHARGE
Column Name found in Datamart and Curated Table :: MAXIMUMMATERIALCOSTINPERCENT
Column Name found in Datamart and Curated Table :: MINIMUMMATERIALCOSTINPERCENT
Column Name found in Datamart and Curated Table :: ISAUTODISPATCHED
Column Name found in Datamart and Curated Table :: LIKELIHOOD
Column Name found in Datamart and Curated Table :: SUMMARY
Column Name found in Datamart and Curated Table :: ACTIVE
Column Name found in Datamart and Curated Table :: COMPSTANDARDRATE
Column Name found in Datamart and Curated Table :: ENFORCERECURRINGSERVICEEVENTSELECTION
Column Name not found in Datamart and Curated Table :: ISSMARTDISPATCHEDBYDEFAULTINAPI
Column Name found in Datamart and Curated Table :: CLASS
Column Name found in Datamart and Curated Table :: IMAGE
Column Name found in Datamart and Curated Table :: MODIFIEDON
Column Name found in Datamart and Curated Table :: PROJECTEDVALUEADJUSTMENT
Column Name found in Datamart and Curated Table :: CREATEDON
Datamart tables contains additional column name like [ACTIVE_FLAG, RECORD_CREATE_DATE, RECORD_UPDATE_DATE, RECORD_UPDATE_DATE, MASTER_ID, TENANT_TYPE]
Curated tables contains additional column name like [RECORD_CREATE_DATE, RECORD_UPDATE_DATE, RECORD_UPDATED_BY, TENANT_TYPE]]]>
  </system-out>
  <testcase classname="testcases.RAW_DATAMART_CURATED.SnowFlake_ColumnValidation_BKPTables" name="validateColumnName_BKP" time="2.336"/>
  <system-out>
    <![CDATA[Executing Snowflake query :: SELECT COLUMN_NAME FROM DEV_ENT_RAW.INFORMATION_SCHEMA.COLUMNS WHERE TABLE_NAME='PURCHASEORDER'and TABLE_SCHEMA='ST_HARP_MATILLION'
Executing Snowflake query :: SELECT COLUMN_NAME FROM CURATED_DATAMART.INFORMATION_SCHEMA.COLUMNS WHERE TABLE_NAME='STR_PURCHASEORDER'and TABLE_SCHEMA='ST_BKP_HARP'
Executing Snowflake query :: SELECT COLUMN_NAME FROM DEV_ENT_CURATED.INFORMATION_SCHEMA.COLUMNS WHERE TABLE_NAME='DIM_PURCHASEORDER'and TABLE_SCHEMA='MASTER_DIMENSIONS'
Column names for RAW Table --> PURCHASEORDER :: [DATE, ERRORMESSAGE, NUMBER, PROJECTLABELS, REQUIREDON, SHIPPING, SHIPTO_ISMANUALCOORDINATES, ROLLEDOVERFROMPURCHASEORDER_ID, TAXSCHEMA, CANCELEDREASON, IMPORTID, INVENTORYLOCATION_ID, NOCHARGE, SHIPTO_ZIP, GROUPINGOPTION, RECEIVEDON, CANCELEDBY_ID, EXPORTID, INVOICE_ID, JOB_ID, MARKUP, SENDINGMETHOD, TYPE_ID, ID, REQUISITION_ID, SHIPTO_COUNTRY, SHIPTO_LATITUDE, SHIPTO_STATE, TRUCK_ID, CREATEDON, EXTERNALID, TECHNICIAN_ID, SHIPTO_ISMILITARY, TAX, ISTIMEANDMATERIAL, VENDOR, SHIPTO_CITY, SUMMARY, CANCELEDON, POVENDOR_ID, PROJECT_ID, SHIPTO_UNIT, VENDORINVOICENUMBER, CREATEDBY_ID, SENDSTATUS, SHIPTO_LONGITUDE, SHIPTO_STREET, ACTIVE, BATCH_ID, BUSINESSUNIT_ID, SENTON, TAXRATE, AMOUNT, SHIPTODESCRIPTION, STATUS, MODIFIEDON]
Column names for DataMart Table --> STR_PURCHASEORDER :: [CREATEDON, ISTIMEANDMATERIAL, SHIPTODESCRIPTION, TAXSCHEMA, SHIPTO_STATE, CANCELEDON, CANCELEDREASON, IMPORTID, SHIPTO_COUNTRY, SHIPTO_LATITUDE, SHIPTO_ZIP, VENDOR, INVENTORYLOCATION_ID, MODIFIEDON, PROJECTLABELS, SHIPTO_LONGITUDE, ID, SHIPTO_ISMILITARY, EXTERNALID, SENDSTATUS, RECORD_CREATE_DATE, ERRORMESSAGE, SHIPTO_CITY, TAXRATE, EXPORTID, REQUIREDON, TENANT_TYPE, TRUCK_ID, SHIPTO_UNIT, ACTIVE_FLAG, MARKUP, SHIPPING, STATUS, TAX, VENDORINVOICENUMBER, RECORD_UPDATE_DATE, ROLLEDOVERFROMPURCHASEORDER_ID, PROJECT_ID, TYPE_ID, NOCHARGE, REQUISITION_ID, SENDINGMETHOD, SHIPTO_ISMANUALCOORDINATES, ACTIVE, BUSINESSUNIT_ID, CANCELEDBY_ID, GROUPINGOPTION, INVOICE_ID, JOB_ID, RECEIVEDON, SHIPTO_STREET, MASTER_ID, POVENDOR_ID, AMOUNT, BATCH_ID, CREATEDBY_ID, DATE, NUMBER, SUMMARY, TECHNICIAN_ID, SENTON]
Column names for Curated Table --> DIM_PURCHASEORDER :: [ACTIVE, CANCELEDBY_ID, CANCELEDON, RECORD_CREATE_DATE, TRUCK_ID, ROLLEDOVERFROMPURCHASEORDER_ID, SHIPTO_LONGITUDE, TAXSCHEMA, BUSINESSUNIT_ID, POVENDOR_ID, SHIPTO_ISMANUALCOORDINATES, SHIPTO_ISMILITARY, CREATEDON, RECORD_UPDATE_DATE, NUMBER, AMOUNT, DATE, ERRORMESSAGE, EXPORTID, GROUPINGOPTION, INVOICE_ID, MODIFIEDON, PROJECT_ID, SHIPTO_COUNTRY, STATUS, RECORD_UPDATED_BY, TECHNICIAN_ID, SHIPTO_STATE, MARKUP, REQUISITION_ID, SENDSTATUS, SHIPTO_LATITUDE, SHIPTO_STREET, INVENTORYLOCATION_ID, TYPE_ID, BATCH_ID, CREATEDBY_ID, SENTON, PROJECTLABELS, SENDINGMETHOD, SHIPTO_CITY, TAXRATE, EXTERNALID, ID, TAX, VENDOR, IMPORTID, NOCHARGE, SHIPTO_ZIP, SUMMARY, TENANT_TYPE, SHIPPING, CANCELEDREASON, ISTIMEANDMATERIAL, JOB_ID, RECEIVEDON, SHIPTODESCRIPTION, SHIPTO_UNIT, VENDORINVOICENUMBER, REQUIREDON]
Column Name found in Datamart and Curated Table :: DATE
Column Name found in Datamart and Curated Table :: ERRORMESSAGE
Column Name found in Datamart and Curated Table :: NUMBER
Column Name found in Datamart and Curated Table :: PROJECTLABELS
Column Name found in Datamart and Curated Table :: REQUIREDON
Column Name found in Datamart and Curated Table :: SHIPPING
Column Name found in Datamart and Curated Table :: SHIPTO_ISMANUALCOORDINATES
Column Name found in Datamart and Curated Table :: ROLLEDOVERFROMPURCHASEORDER_ID
Column Name found in Datamart and Curated Table :: TAXSCHEMA
Column Name found in Datamart and Curated Table :: CANCELEDREASON
Column Name found in Datamart and Curated Table :: IMPORTID
Column Name found in Datamart and Curated Table :: INVENTORYLOCATION_ID
Column Name found in Datamart and Curated Table :: NOCHARGE
Column Name found in Datamart and Curated Table :: SHIPTO_ZIP
Column Name found in Datamart and Curated Table :: GROUPINGOPTION
Column Name found in Datamart and Curated Table :: RECEIVEDON
Column Name found in Datamart and Curated Table :: CANCELEDBY_ID
Column Name found in Datamart and Curated Table :: EXPORTID
Column Name found in Datamart and Curated Table :: INVOICE_ID
Column Name found in Datamart and Curated Table :: JOB_ID
Column Name found in Datamart and Curated Table :: MARKUP
Column Name found in Datamart and Curated Table :: SENDINGMETHOD
Column Name found in Datamart and Curated Table :: TYPE_ID
Column Name found in Datamart and Curated Table :: ID
Column Name found in Datamart and Curated Table :: REQUISITION_ID
Column Name found in Datamart and Curated Table :: SHIPTO_COUNTRY
Column Name found in Datamart and Curated Table :: SHIPTO_LATITUDE
Column Name found in Datamart and Curated Table :: SHIPTO_STATE
Column Name found in Datamart and Curated Table :: TRUCK_ID
Column Name found in Datamart and Curated Table :: CREATEDON
Column Name found in Datamart and Curated Table :: EXTERNALID
Column Name found in Datamart and Curated Table :: TECHNICIAN_ID
Column Name found in Datamart and Curated Table :: SHIPTO_ISMILITARY
Column Name found in Datamart and Curated Table :: TAX
Column Name found in Datamart and Curated Table :: ISTIMEANDMATERIAL
Column Name found in Datamart and Curated Table :: VENDOR
Column Name found in Datamart and Curated Table :: SHIPTO_CITY
Column Name found in Datamart and Curated Table :: SUMMARY
Column Name found in Datamart and Curated Table :: CANCELEDON
Column Name found in Datamart and Curated Table :: POVENDOR_ID
Column Name found in Datamart and Curated Table :: PROJECT_ID
Column Name found in Datamart and Curated Table :: SHIPTO_UNIT
Column Name found in Datamart and Curated Table :: VENDORINVOICENUMBER
Column Name found in Datamart and Curated Table :: CREATEDBY_ID
Column Name found in Datamart and Curated Table :: SENDSTATUS
Column Name found in Datamart and Curated Table :: SHIPTO_LONGITUDE
Column Name found in Datamart and Curated Table :: SHIPTO_STREET
Column Name found in Datamart and Curated Table :: ACTIVE
Column Name found in Datamart and Curated Table :: BATCH_ID
Column Name found in Datamart and Curated Table :: BUSINESSUNIT_ID
Column Name found in Datamart and Curated Table :: SENTON
Column Name found in Datamart and Curated Table :: TAXRATE
Column Name found in Datamart and Curated Table :: AMOUNT
Column Name found in Datamart and Curated Table :: SHIPTODESCRIPTION
Column Name found in Datamart and Curated Table :: STATUS
Column Name found in Datamart and Curated Table :: MODIFIEDON
Datamart tables contains additional column name like [ACTIVE_FLAG, RECORD_CREATE_DATE, RECORD_UPDATE_DATE, RECORD_UPDATE_DATE, MASTER_ID, TENANT_TYPE]
Curated tables contains additional column name like [RECORD_CREATE_DATE, RECORD_UPDATE_DATE, RECORD_UPDATED_BY, TENANT_TYPE]]]>
  </system-out>
  <testcase classname="testcases.RAW_DATAMART_CURATED.SnowFlake_ColumnValidation_BKPTables" name="validateColumnName_BKP" time="3.273"/>
  <system-out>
    <![CDATA[Executing Snowflake query :: SELECT COLUMN_NAME FROM DEV_ENT_RAW.INFORMATION_SCHEMA.COLUMNS WHERE TABLE_NAME='SKUASSET'and TABLE_SCHEMA='ST_EANESHEATING_MATILLION'
Executing Snowflake query :: SELECT COLUMN_NAME FROM CURATED_DATAMART.INFORMATION_SCHEMA.COLUMNS WHERE TABLE_NAME='STR_SKUASSET'and TABLE_SCHEMA='ST_BKP_EANESHEATING'
Executing Snowflake query :: SELECT COLUMN_NAME FROM DEV_ENT_CURATED.INFORMATION_SCHEMA.COLUMNS WHERE TABLE_NAME='DIM_SKUASSET'and TABLE_SCHEMA='MASTER_DIMENSIONS'
Column names for RAW Table --> SKUASSET :: [ISEXTERNAL, ACTIVE, OWNER_ID, TYPE, CREATEDBY_ID, ID, URL, CREATEDON, IMPORTID, ORIGINALNAME, ALIAS, EXTERNALURL, METADATA]
Column names for DataMart Table --> STR_SKUASSET :: [ID, URL, CREATEDON, RECORD_UPDATE_DATE, ACTIVE_FLAG, RECORD_CREATE_DATE, CREATEDBY_ID, EXTERNALURL, MASTER_ID, ISEXTERNAL, ORIGINALNAME, ALIAS, IMPORTID, METADATA, OWNER_ID, TYPE, ACTIVE, TENANT_TYPE]
Column names for Curated Table --> DIM_SKUASSET :: [EXTERNALURL, ORIGINALNAME, TENANT_TYPE, RECORD_UPDATE_DATE, ID, ISEXTERNAL, RECORD_CREATE_DATE, ALIAS, CREATEDON, RECORD_UPDATED_BY, TYPE, ACTIVE, CREATEDBY_ID, OWNER_ID, METADATA, URL, IMPORTID]
Column Name found in Datamart and Curated Table :: ISEXTERNAL
Column Name found in Datamart and Curated Table :: ACTIVE
Column Name found in Datamart and Curated Table :: OWNER_ID
Column Name found in Datamart and Curated Table :: TYPE
Column Name found in Datamart and Curated Table :: CREATEDBY_ID
Column Name found in Datamart and Curated Table :: ID
Column Name found in Datamart and Curated Table :: URL
Column Name found in Datamart and Curated Table :: CREATEDON
Column Name found in Datamart and Curated Table :: IMPORTID
Column Name found in Datamart and Curated Table :: ORIGINALNAME
Column Name found in Datamart and Curated Table :: ALIAS
Column Name found in Datamart and Curated Table :: EXTERNALURL
Column Name found in Datamart and Curated Table :: METADATA
Datamart tables contains additional column name like [ACTIVE_FLAG, RECORD_CREATE_DATE, RECORD_UPDATE_DATE, RECORD_UPDATE_DATE, MASTER_ID, TENANT_TYPE]
Curated tables contains additional column name like [RECORD_CREATE_DATE, RECORD_UPDATE_DATE, RECORD_UPDATED_BY, TENANT_TYPE]]]>
  </system-out>
  <testcase classname="testcases.RAW_DATAMART_CURATED.SnowFlake_ColumnValidation_BKPTables" name="validateColumnName_BKP" time="2.212"/>
  <system-out>
    <![CDATA[Executing Snowflake query :: SELECT COLUMN_NAME FROM DEV_ENT_RAW.INFORMATION_SCHEMA.COLUMNS WHERE TABLE_NAME='PURCHASEORDER'and TABLE_SCHEMA='ST_HENDERSON_MATILLION'
Executing Snowflake query :: SELECT COLUMN_NAME FROM CURATED_DATAMART.INFORMATION_SCHEMA.COLUMNS WHERE TABLE_NAME='STR_PURCHASEORDER'and TABLE_SCHEMA='ST_BKP_HENDERSON'
Executing Snowflake query :: SELECT COLUMN_NAME FROM DEV_ENT_CURATED.INFORMATION_SCHEMA.COLUMNS WHERE TABLE_NAME='DIM_PURCHASEORDER'and TABLE_SCHEMA='MASTER_DIMENSIONS'
Column names for RAW Table --> PURCHASEORDER :: [CANCELEDREASON, EXPORTID, JOB_ID, REQUIREDON, SHIPPING, SHIPTO_ISMILITARY, SHIPTO_LONGITUDE, SHIPTODESCRIPTION, VENDOR, ID, BATCH_ID, SENDINGMETHOD, SHIPTO_CITY, TAXRATE, SHIPTO_ZIP, VENDORINVOICENUMBER, ISTIMEANDMATERIAL, PROJECT_ID, CANCELEDBY_ID, EXTERNALID, PROJECTLABELS, BUSINESSUNIT_ID, DATE, SHIPTO_COUNTRY, TAXSCHEMA, CANCELEDON, POVENDOR_ID, SUMMARY, TRUCK_ID, SENDSTATUS, SHIPTO_STATE, TECHNICIAN_ID, AMOUNT, ERRORMESSAGE, INVOICE_ID, SENTON, SHIPTO_STREET, NOCHARGE, RECEIVEDON, ROLLEDOVERFROMPURCHASEORDER_ID, SHIPTO_LATITUDE, SHIPTO_UNIT, IMPORTID, MARKUP, REQUISITION_ID, SHIPTO_ISMANUALCOORDINATES, TAX, TYPE_ID, ACTIVE, CREATEDBY_ID, CREATEDON, GROUPINGOPTION, INVENTORYLOCATION_ID, MODIFIEDON, STATUS, NUMBER]
Column names for DataMart Table --> STR_PURCHASEORDER :: [BATCH_ID, CREATEDON, MODIFIEDON, RECORD_UPDATE_DATE, ROLLEDOVERFROMPURCHASEORDER_ID, SHIPTO_STREET, STATUS, PROJECT_ID, TAXSCHEMA, TENANT_TYPE, BUSINESSUNIT_ID, CANCELEDBY_ID, RECEIVEDON, SHIPTO_COUNTRY, PROJECTLABELS, SUMMARY, TYPE_ID, SHIPTO_UNIT, CANCELEDON, CANCELEDREASON, SENDSTATUS, TECHNICIAN_ID, EXPORTID, INVOICE_ID, MASTER_ID, REQUIREDON, REQUISITION_ID, SHIPTO_LATITUDE, SHIPTO_LONGITUDE, JOB_ID, POVENDOR_ID, SENTON, SHIPTODESCRIPTION, SHIPTO_ISMILITARY, CREATEDBY_ID, EXTERNALID, ISTIMEANDMATERIAL, SENDINGMETHOD, TAX, ERRORMESSAGE, SHIPPING, SHIPTO_CITY, SHIPTO_ZIP, VENDORINVOICENUMBER, NOCHARGE, ACTIVE_FLAG, SHIPTO_STATE, NUMBER, SHIPTO_ISMANUALCOORDINATES, VENDOR, AMOUNT, ID, RECORD_CREATE_DATE, TRUCK_ID, ACTIVE, DATE, GROUPINGOPTION, IMPORTID, INVENTORYLOCATION_ID, MARKUP, TAXRATE]
Column names for Curated Table --> DIM_PURCHASEORDER :: [ACTIVE, CANCELEDBY_ID, CANCELEDON, RECORD_CREATE_DATE, TRUCK_ID, ROLLEDOVERFROMPURCHASEORDER_ID, SHIPTO_LONGITUDE, TAXSCHEMA, BUSINESSUNIT_ID, POVENDOR_ID, SHIPTO_ISMANUALCOORDINATES, SHIPTO_ISMILITARY, CREATEDON, RECORD_UPDATE_DATE, NUMBER, AMOUNT, DATE, ERRORMESSAGE, EXPORTID, GROUPINGOPTION, INVOICE_ID, MODIFIEDON, PROJECT_ID, SHIPTO_COUNTRY, STATUS, RECORD_UPDATED_BY, TECHNICIAN_ID, SHIPTO_STATE, MARKUP, REQUISITION_ID, SENDSTATUS, SHIPTO_LATITUDE, SHIPTO_STREET, INVENTORYLOCATION_ID, TYPE_ID, BATCH_ID, CREATEDBY_ID, SENTON, PROJECTLABELS, SENDINGMETHOD, SHIPTO_CITY, TAXRATE, EXTERNALID, ID, TAX, VENDOR, IMPORTID, NOCHARGE, SHIPTO_ZIP, SUMMARY, TENANT_TYPE, SHIPPING, CANCELEDREASON, ISTIMEANDMATERIAL, JOB_ID, RECEIVEDON, SHIPTODESCRIPTION, SHIPTO_UNIT, VENDORINVOICENUMBER, REQUIREDON]
Column Name found in Datamart and Curated Table :: CANCELEDREASON
Column Name found in Datamart and Curated Table :: EXPORTID
Column Name found in Datamart and Curated Table :: JOB_ID
Column Name found in Datamart and Curated Table :: REQUIREDON
Column Name found in Datamart and Curated Table :: SHIPPING
Column Name found in Datamart and Curated Table :: SHIPTO_ISMILITARY
Column Name found in Datamart and Curated Table :: SHIPTO_LONGITUDE
Column Name found in Datamart and Curated Table :: SHIPTODESCRIPTION
Column Name found in Datamart and Curated Table :: VENDOR
Column Name found in Datamart and Curated Table :: ID
Column Name found in Datamart and Curated Table :: BATCH_ID
Column Name found in Datamart and Curated Table :: SENDINGMETHOD
Column Name found in Datamart and Curated Table :: SHIPTO_CITY
Column Name found in Datamart and Curated Table :: TAXRATE
Column Name found in Datamart and Curated Table :: SHIPTO_ZIP
Column Name found in Datamart and Curated Table :: VENDORINVOICENUMBER
Column Name found in Datamart and Curated Table :: ISTIMEANDMATERIAL
Column Name found in Datamart and Curated Table :: PROJECT_ID
Column Name found in Datamart and Curated Table :: CANCELEDBY_ID
Column Name found in Datamart and Curated Table :: EXTERNALID
Column Name found in Datamart and Curated Table :: PROJECTLABELS
Column Name found in Datamart and Curated Table :: BUSINESSUNIT_ID
Column Name found in Datamart and Curated Table :: DATE
Column Name found in Datamart and Curated Table :: SHIPTO_COUNTRY
Column Name found in Datamart and Curated Table :: TAXSCHEMA
Column Name found in Datamart and Curated Table :: CANCELEDON
Column Name found in Datamart and Curated Table :: POVENDOR_ID
Column Name found in Datamart and Curated Table :: SUMMARY
Column Name found in Datamart and Curated Table :: TRUCK_ID
Column Name found in Datamart and Curated Table :: SENDSTATUS
Column Name found in Datamart and Curated Table :: SHIPTO_STATE
Column Name found in Datamart and Curated Table :: TECHNICIAN_ID
Column Name found in Datamart and Curated Table :: AMOUNT
Column Name found in Datamart and Curated Table :: ERRORMESSAGE
Column Name found in Datamart and Curated Table :: INVOICE_ID
Column Name found in Datamart and Curated Table :: SENTON
Column Name found in Datamart and Curated Table :: SHIPTO_STREET
Column Name found in Datamart and Curated Table :: NOCHARGE
Column Name found in Datamart and Curated Table :: RECEIVEDON
Column Name found in Datamart and Curated Table :: ROLLEDOVERFROMPURCHASEORDER_ID
Column Name found in Datamart and Curated Table :: SHIPTO_LATITUDE
Column Name found in Datamart and Curated Table :: SHIPTO_UNIT
Column Name found in Datamart and Curated Table :: IMPORTID
Column Name found in Datamart and Curated Table :: MARKUP
Column Name found in Datamart and Curated Table :: REQUISITION_ID
Column Name found in Datamart and Curated Table :: SHIPTO_ISMANUALCOORDINATES
Column Name found in Datamart and Curated Table :: TAX
Column Name found in Datamart and Curated Table :: TYPE_ID
Column Name found in Datamart and Curated Table :: ACTIVE
Column Name found in Datamart and Curated Table :: CREATEDBY_ID
Column Name found in Datamart and Curated Table :: CREATEDON
Column Name found in Datamart and Curated Table :: GROUPINGOPTION
Column Name found in Datamart and Curated Table :: INVENTORYLOCATION_ID
Column Name found in Datamart and Curated Table :: MODIFIEDON
Column Name found in Datamart and Curated Table :: STATUS
Column Name found in Datamart and Curated Table :: NUMBER
Datamart tables contains additional column name like [ACTIVE_FLAG, RECORD_CREATE_DATE, RECORD_UPDATE_DATE, RECORD_UPDATE_DATE, MASTER_ID, TENANT_TYPE]
Curated tables contains additional column name like [RECORD_CREATE_DATE, RECORD_UPDATE_DATE, RECORD_UPDATED_BY, TENANT_TYPE]]]>
  </system-out>
  <testcase classname="testcases.RAW_DATAMART_CURATED.SnowFlake_ColumnValidation_BKPTables" name="validateColumnName_BKP" time="2.442"/>
  <system-out>
    <![CDATA[Executing Snowflake query :: SELECT COLUMN_NAME FROM DEV_ENT_RAW.INFORMATION_SCHEMA.COLUMNS WHERE TABLE_NAME='JOBCOMPLETIONSURVEY'and TABLE_SCHEMA='ST_MAITZ_MATILLION'
Executing Snowflake query :: SELECT COLUMN_NAME FROM CURATED_DATAMART.INFORMATION_SCHEMA.COLUMNS WHERE TABLE_NAME='STR_JOBCOMPLETIONSURVEY'and TABLE_SCHEMA='ST_BKP_MAITZ'
Executing Snowflake query :: SELECT COLUMN_NAME FROM DEV_ENT_CURATED.INFORMATION_SCHEMA.COLUMNS WHERE TABLE_NAME='DIM_JOBCOMPLETIONSURVEY'and TABLE_SCHEMA='MASTER_DIMENSIONS'
Column names for RAW Table --> JOBCOMPLETIONSURVEY :: [COMPLETEDON, JOBID, ISROUTINECOMPLETED, JOBCOMPLETEDON, MEMO, MODIFIEDON, RATING, STATUS, SUBMITCOUNT, SURVEYTYPE, ID, RECOMMENDATIONS, SENTON, ISPLANNINGTOUSEAGAIN, TOKEN]
Column names for DataMart Table --> STR_JOBCOMPLETIONSURVEY :: [MEMO, ACTIVE_FLAG, COMPLETEDON, RECORD_CREATE_DATE, STATUS, SUBMITCOUNT, ISROUTINECOMPLETED, MODIFIEDON, SURVEYTYPE, TENANT_TYPE, ISPLANNINGTOUSEAGAIN, ID, JOBCOMPLETEDON, JOBID, TOKEN, MASTER_ID, RECOMMENDATIONS, RECORD_UPDATE_DATE, RATING, SENTON]
Column names for Curated Table --> DIM_JOBCOMPLETIONSURVEY :: [ID, JOBCOMPLETEDON, SUBMITCOUNT, ISROUTINECOMPLETED, MEMO, RECORD_UPDATED_BY, STATUS, JOBID, RECORD_UPDATE_DATE, TENANT_TYPE, MODIFIEDON, SURVEYTYPE, COMPLETEDON, ISPLANNINGTOUSEAGAIN, RATING, SENTON, RECOMMENDATIONS, RECORD_CREATE_DATE, TOKEN]
Column Name found in Datamart and Curated Table :: COMPLETEDON
Column Name found in Datamart and Curated Table :: JOBID
Column Name found in Datamart and Curated Table :: ISROUTINECOMPLETED
Column Name found in Datamart and Curated Table :: JOBCOMPLETEDON
Column Name found in Datamart and Curated Table :: MEMO
Column Name found in Datamart and Curated Table :: MODIFIEDON
Column Name found in Datamart and Curated Table :: RATING
Column Name found in Datamart and Curated Table :: STATUS
Column Name found in Datamart and Curated Table :: SUBMITCOUNT
Column Name found in Datamart and Curated Table :: SURVEYTYPE
Column Name found in Datamart and Curated Table :: ID
Column Name found in Datamart and Curated Table :: RECOMMENDATIONS
Column Name found in Datamart and Curated Table :: SENTON
Column Name found in Datamart and Curated Table :: ISPLANNINGTOUSEAGAIN
Column Name found in Datamart and Curated Table :: TOKEN
Datamart tables contains additional column name like [ACTIVE_FLAG, RECORD_CREATE_DATE, RECORD_UPDATE_DATE, RECORD_UPDATE_DATE, MASTER_ID, TENANT_TYPE]
Curated tables contains additional column name like [RECORD_CREATE_DATE, RECORD_UPDATE_DATE, RECORD_UPDATED_BY, TENANT_TYPE]]]>
  </system-out>
  <testcase classname="testcases.RAW_DATAMART_CURATED.SnowFlake_ColumnValidation_BKPTables" name="validateColumnName_BKP" time="3.384"/>
  <system-out>
    <![CDATA[Executing Snowflake query :: SELECT COLUMN_NAME FROM DEV_ENT_RAW.INFORMATION_SCHEMA.COLUMNS WHERE TABLE_NAME='CAMPAIGN'and TABLE_SCHEMA='ST_CASTEEL_MATILLION'
Executing Snowflake query :: SELECT COLUMN_NAME FROM CURATED_DATAMART.INFORMATION_SCHEMA.COLUMNS WHERE TABLE_NAME='STR_CAMPAIGN'and TABLE_SCHEMA='ST_BKP_CASTEEL'
Executing Snowflake query :: SELECT COLUMN_NAME FROM DEV_ENT_CURATED.INFORMATION_SCHEMA.COLUMNS WHERE TABLE_NAME='DIM_CAMPAIGN'and TABLE_SCHEMA='MASTER_DIMENSIONS'
Column names for RAW Table --> CAMPAIGN :: [COST, BUSINESSUNIT_ID, DNIS, CATEGORY_ID, MODIFIEDON, NAME, ACTIVE, ID, IMPORTID, CREATEDBY_ID, IMAGE, CREATEDON, MODIFIEDBY_ID]
Column names for DataMart Table --> STR_CAMPAIGN :: [IMPORTID, MODIFIEDBY_ID, NAME, TENANT_TYPE, ACTIVE_FLAG, ID, ACTIVE, BUSINESSUNIT_ID, CREATEDON, DNIS, MODIFIEDON, COST, MASTER_ID, CATEGORY_ID, IMAGE, RECORD_UPDATE_DATE, RECORD_CREATE_DATE, CREATEDBY_ID]
Column names for Curated Table --> DIM_CAMPAIGN :: [IMAGE, MODIFIEDBY_ID, CATEGORY_ID, NAME, RECORD_CREATE_DATE, ACTIVE, COST, CREATEDBY_ID, IMPORTID, CREATEDON, BUSINESSUNIT_ID, ID, RECORD_UPDATED_BY, MODIFIEDON, DNIS, RECORD_UPDATE_DATE, TENANT_TYPE]
Column Name found in Datamart and Curated Table :: COST
Column Name found in Datamart and Curated Table :: BUSINESSUNIT_ID
Column Name found in Datamart and Curated Table :: DNIS
Column Name found in Datamart and Curated Table :: CATEGORY_ID
Column Name found in Datamart and Curated Table :: MODIFIEDON
Column Name found in Datamart and Curated Table :: NAME
Column Name found in Datamart and Curated Table :: ACTIVE
Column Name found in Datamart and Curated Table :: ID
Column Name found in Datamart and Curated Table :: IMPORTID
Column Name found in Datamart and Curated Table :: CREATEDBY_ID
Column Name found in Datamart and Curated Table :: IMAGE
Column Name found in Datamart and Curated Table :: CREATEDON
Column Name found in Datamart and Curated Table :: MODIFIEDBY_ID
Datamart tables contains additional column name like [ACTIVE_FLAG, RECORD_CREATE_DATE, RECORD_UPDATE_DATE, RECORD_UPDATE_DATE, MASTER_ID, TENANT_TYPE]
Curated tables contains additional column name like [RECORD_CREATE_DATE, RECORD_UPDATE_DATE, RECORD_UPDATED_BY, TENANT_TYPE]]]>
  </system-out>
  <testcase classname="testcases.RAW_DATAMART_CURATED.SnowFlake_ColumnValidation_BKPTables" name="validateColumnName_BKP" time="2.245"/>
  <system-out>
    <![CDATA[Executing Snowflake query :: SELECT COLUMN_NAME FROM DEV_ENT_RAW.INFORMATION_SCHEMA.COLUMNS WHERE TABLE_NAME='MATERIALVENDORSUBACCOUNT'and TABLE_SCHEMA='ST_BILLFENWICK_MATILLION'
Executing Snowflake query :: SELECT COLUMN_NAME FROM CURATED_DATAMART.INFORMATION_SCHEMA.COLUMNS WHERE TABLE_NAME='STR_MATERIALVENDORSUBACCOUNT'and TABLE_SCHEMA='ST_BKP_BILLFENWICK'
Executing Snowflake query :: SELECT COLUMN_NAME FROM DEV_ENT_CURATED.INFORMATION_SCHEMA.COLUMNS WHERE TABLE_NAME='DIM_MATERIALVENDORSUBACCOUNT'and TABLE_SCHEMA='MASTER_DIMENSIONS'
Column names for RAW Table --> MATERIALVENDORSUBACCOUNT :: [ID, ACCOUNTNAME, CREATEDBY_ID, COST, CREATEDON, IMPORTID, ACTIVE, MATERIALVENDOR_ID]
Column names for DataMart Table --> STR_MATERIALVENDORSUBACCOUNT :: [ACTIVE, ACTIVE_FLAG, CREATEDBY_ID, MASTER_ID, COST, ACCOUNTNAME, RECORD_CREATE_DATE, MATERIALVENDOR_ID, IMPORTID, TENANT_TYPE, CREATEDON, RECORD_UPDATE_DATE, ID]
Column names for Curated Table --> DIM_MATERIALVENDORSUBACCOUNT :: [RECORD_CREATE_DATE, IMPORTID, ACTIVE, CREATEDBY_ID, CREATEDON, ID, RECORD_UPDATE_DATE, TENANT_TYPE, RECORD_UPDATED_BY, ACCOUNTNAME, MATERIALVENDOR_ID, COST]
Column Name found in Datamart and Curated Table :: ID
Column Name found in Datamart and Curated Table :: ACCOUNTNAME
Column Name found in Datamart and Curated Table :: CREATEDBY_ID
Column Name found in Datamart and Curated Table :: COST
Column Name found in Datamart and Curated Table :: CREATEDON
Column Name found in Datamart and Curated Table :: IMPORTID
Column Name found in Datamart and Curated Table :: ACTIVE
Column Name found in Datamart and Curated Table :: MATERIALVENDOR_ID
Datamart tables contains additional column name like [ACTIVE_FLAG, RECORD_CREATE_DATE, RECORD_UPDATE_DATE, RECORD_UPDATE_DATE, MASTER_ID, TENANT_TYPE]
Curated tables contains additional column name like [RECORD_CREATE_DATE, RECORD_UPDATE_DATE, RECORD_UPDATED_BY, TENANT_TYPE]]]>
  </system-out>
  <testcase classname="testcases.RAW_DATAMART_CURATED.SnowFlake_ColumnValidation_BKPTables" name="validateColumnName_BKP" time="1.953"/>
  <system-out>
    <![CDATA[Executing Snowflake query :: SELECT COLUMN_NAME FROM DEV_ENT_RAW.INFORMATION_SCHEMA.COLUMNS WHERE TABLE_NAME='CALLREASON'and TABLE_SCHEMA='ST_FOURPROS_MATILLION'
Executing Snowflake query :: SELECT COLUMN_NAME FROM CURATED_DATAMART.INFORMATION_SCHEMA.COLUMNS WHERE TABLE_NAME='STR_CALLREASON'and TABLE_SCHEMA='ST_BKP_FOURPROS'
Executing Snowflake query :: SELECT COLUMN_NAME FROM DEV_ENT_CURATED.INFORMATION_SCHEMA.COLUMNS WHERE TABLE_NAME='DIM_CALLREASON'and TABLE_SCHEMA='MASTER_DIMENSIONS'
Column names for RAW Table --> CALLREASON :: [LEAD, CREATEDON, MODIFIEDON, IMPORTID, CREATEDBY_ID, ACTIVE, ID, NAME]
Column names for DataMart Table --> STR_CALLREASON :: [RECORD_CREATE_DATE, RECORD_UPDATE_DATE, MASTER_ID, MODIFIEDON, ACTIVE, ACTIVE_FLAG, CREATEDON, ID, LEAD, TENANT_TYPE, IMPORTID, CREATEDBY_ID, NAME]
Column names for Curated Table --> DIM_CALLREASON :: [CREATEDBY_ID, RECORD_CREATE_DATE, MODIFIEDON, LEAD, RECORD_UPDATED_BY, ACTIVE, ID, CREATEDON, IMPORTID, NAME, TENANT_TYPE, RECORD_UPDATE_DATE]
Column Name found in Datamart and Curated Table :: LEAD
Column Name found in Datamart and Curated Table :: CREATEDON
Column Name found in Datamart and Curated Table :: MODIFIEDON
Column Name found in Datamart and Curated Table :: IMPORTID
Column Name found in Datamart and Curated Table :: CREATEDBY_ID
Column Name found in Datamart and Curated Table :: ACTIVE
Column Name found in Datamart and Curated Table :: ID
Column Name found in Datamart and Curated Table :: NAME
Datamart tables contains additional column name like [ACTIVE_FLAG, RECORD_CREATE_DATE, RECORD_UPDATE_DATE, RECORD_UPDATE_DATE, MASTER_ID, TENANT_TYPE]
Curated tables contains additional column name like [RECORD_CREATE_DATE, RECORD_UPDATE_DATE, RECORD_UPDATED_BY, TENANT_TYPE]]]>
  </system-out>
  <testcase classname="testcases.RAW_DATAMART_CURATED.SnowFlake_ColumnValidation_BKPTables" name="validateColumnName_BKP" time="2.665"/>
  <system-out>
    <![CDATA[Executing Snowflake query :: SELECT COLUMN_NAME FROM DEV_ENT_RAW.INFORMATION_SCHEMA.COLUMNS WHERE TABLE_NAME='CALLREASON'and TABLE_SCHEMA='ST_EANESHEATING_MATILLION'
Executing Snowflake query :: SELECT COLUMN_NAME FROM CURATED_DATAMART.INFORMATION_SCHEMA.COLUMNS WHERE TABLE_NAME='STR_CALLREASON'and TABLE_SCHEMA='ST_BKP_EANESHEATING'
Executing Snowflake query :: SELECT COLUMN_NAME FROM DEV_ENT_CURATED.INFORMATION_SCHEMA.COLUMNS WHERE TABLE_NAME='DIM_CALLREASON'and TABLE_SCHEMA='MASTER_DIMENSIONS'
Column names for RAW Table --> CALLREASON :: [IMPORTID, CREATEDON, ID, ACTIVE, CREATEDBY_ID, MODIFIEDON, LEAD, NAME]
Column names for DataMart Table --> STR_CALLREASON :: [ACTIVE_FLAG, TENANT_TYPE, LEAD, CREATEDBY_ID, MODIFIEDON, ID, NAME, RECORD_CREATE_DATE, IMPORTID, CREATEDON, ACTIVE, RECORD_UPDATE_DATE, MASTER_ID]
Column names for Curated Table --> DIM_CALLREASON :: [CREATEDBY_ID, RECORD_CREATE_DATE, MODIFIEDON, LEAD, RECORD_UPDATED_BY, ACTIVE, ID, CREATEDON, IMPORTID, NAME, TENANT_TYPE, RECORD_UPDATE_DATE]
Column Name found in Datamart and Curated Table :: IMPORTID
Column Name found in Datamart and Curated Table :: CREATEDON
Column Name found in Datamart and Curated Table :: ID
Column Name found in Datamart and Curated Table :: ACTIVE
Column Name found in Datamart and Curated Table :: CREATEDBY_ID
Column Name found in Datamart and Curated Table :: MODIFIEDON
Column Name found in Datamart and Curated Table :: LEAD
Column Name found in Datamart and Curated Table :: NAME
Datamart tables contains additional column name like [ACTIVE_FLAG, RECORD_CREATE_DATE, RECORD_UPDATE_DATE, RECORD_UPDATE_DATE, MASTER_ID, TENANT_TYPE]
Curated tables contains additional column name like [RECORD_CREATE_DATE, RECORD_UPDATE_DATE, RECORD_UPDATED_BY, TENANT_TYPE]]]>
  </system-out>
  <testcase classname="testcases.RAW_DATAMART_CURATED.SnowFlake_ColumnValidation_BKPTables" name="validateColumnName_BKP" time="2.265"/>
  <system-out>
    <![CDATA[Executing Snowflake query :: SELECT COLUMN_NAME FROM DEV_ENT_RAW.INFORMATION_SCHEMA.COLUMNS WHERE TABLE_NAME='CAMPAIGN'and TABLE_SCHEMA='ST_SNELLHEATINGAIR_MATILLION'
Executing Snowflake query :: SELECT COLUMN_NAME FROM CURATED_DATAMART.INFORMATION_SCHEMA.COLUMNS WHERE TABLE_NAME='STR_CAMPAIGN'and TABLE_SCHEMA='ST_BKP_SNELLHEATINGAIR'
Executing Snowflake query :: SELECT COLUMN_NAME FROM DEV_ENT_CURATED.INFORMATION_SCHEMA.COLUMNS WHERE TABLE_NAME='DIM_CAMPAIGN'and TABLE_SCHEMA='MASTER_DIMENSIONS'
Column names for RAW Table --> CAMPAIGN :: [ACTIVE, IMPORTID, COST, BUSINESSUNIT_ID, CATEGORY_ID, IMAGE, CREATEDON, CREATEDBY_ID, DNIS, MODIFIEDBY_ID, ID, MODIFIEDON, NAME]
Column names for DataMart Table --> STR_CAMPAIGN :: [TENANT_TYPE, ACTIVE_FLAG, DNIS, RECORD_UPDATE_DATE, CREATEDON, RECORD_CREATE_DATE, CATEGORY_ID, COST, MODIFIEDBY_ID, ID, NAME, ACTIVE, MODIFIEDON, BUSINESSUNIT_ID, IMAGE, IMPORTID, CREATEDBY_ID, MASTER_ID]
Column names for Curated Table --> DIM_CAMPAIGN :: [IMAGE, MODIFIEDBY_ID, CATEGORY_ID, NAME, RECORD_CREATE_DATE, ACTIVE, COST, CREATEDBY_ID, IMPORTID, CREATEDON, BUSINESSUNIT_ID, ID, RECORD_UPDATED_BY, MODIFIEDON, DNIS, RECORD_UPDATE_DATE, TENANT_TYPE]
Column Name found in Datamart and Curated Table :: ACTIVE
Column Name found in Datamart and Curated Table :: IMPORTID
Column Name found in Datamart and Curated Table :: COST
Column Name found in Datamart and Curated Table :: BUSINESSUNIT_ID
Column Name found in Datamart and Curated Table :: CATEGORY_ID
Column Name found in Datamart and Curated Table :: IMAGE
Column Name found in Datamart and Curated Table :: CREATEDON
Column Name found in Datamart and Curated Table :: CREATEDBY_ID
Column Name found in Datamart and Curated Table :: DNIS
Column Name found in Datamart and Curated Table :: MODIFIEDBY_ID
Column Name found in Datamart and Curated Table :: ID
Column Name found in Datamart and Curated Table :: MODIFIEDON
Column Name found in Datamart and Curated Table :: NAME
Datamart tables contains additional column name like [ACTIVE_FLAG, RECORD_CREATE_DATE, RECORD_UPDATE_DATE, RECORD_UPDATE_DATE, MASTER_ID, TENANT_TYPE]
Curated tables contains additional column name like [RECORD_CREATE_DATE, RECORD_UPDATE_DATE, RECORD_UPDATED_BY, TENANT_TYPE]]]>
  </system-out>
  <testcase classname="testcases.RAW_DATAMART_CURATED.SnowFlake_ColumnValidation_BKPTables" name="validateColumnName_BKP" time="2.345"/>
  <system-out>
    <![CDATA[Executing Snowflake query :: SELECT COLUMN_NAME FROM DEV_ENT_RAW.INFORMATION_SCHEMA.COLUMNS WHERE TABLE_NAME='CANCELJOBREASON'and TABLE_SCHEMA='ST_SNELLHEATINGAIR_MATILLION'
Executing Snowflake query :: SELECT COLUMN_NAME FROM CURATED_DATAMART.INFORMATION_SCHEMA.COLUMNS WHERE TABLE_NAME='STR_CANCELJOBREASON'and TABLE_SCHEMA='ST_BKP_SNELLHEATINGAIR'
Executing Snowflake query :: SELECT COLUMN_NAME FROM DEV_ENT_CURATED.INFORMATION_SCHEMA.COLUMNS WHERE TABLE_NAME='DIM_CANCELJOBREASON'and TABLE_SCHEMA='MASTER_DIMENSIONS'
Column names for RAW Table --> CANCELJOBREASON :: [ID, CREATEDBY_ID, MODIFIEDON, CREATEDON, IMPORTID, NAME, ACTIVE]
Column names for DataMart Table --> STR_CANCELJOBREASON :: [ACTIVE_FLAG, RECORD_UPDATE_DATE, ACTIVE, CREATEDON, ID, TENANT_TYPE, IMPORTID, MODIFIEDON, RECORD_CREATE_DATE, CREATEDBY_ID, MASTER_ID, NAME]
Column names for Curated Table --> DIM_CANCELJOBREASON :: [ID, IMPORTID, TENANT_TYPE, MODIFIEDON, CREATEDON, RECORD_UPDATED_BY, RECORD_UPDATE_DATE, RECORD_CREATE_DATE, ACTIVE, CREATEDBY_ID, NAME]
Column Name found in Datamart and Curated Table :: ID
Column Name found in Datamart and Curated Table :: CREATEDBY_ID
Column Name found in Datamart and Curated Table :: MODIFIEDON
Column Name found in Datamart and Curated Table :: CREATEDON
Column Name found in Datamart and Curated Table :: IMPORTID
Column Name found in Datamart and Curated Table :: NAME
Column Name found in Datamart and Curated Table :: ACTIVE
Datamart tables contains additional column name like [ACTIVE_FLAG, RECORD_CREATE_DATE, RECORD_UPDATE_DATE, RECORD_UPDATE_DATE, MASTER_ID, TENANT_TYPE]
Curated tables contains additional column name like [RECORD_CREATE_DATE, RECORD_UPDATE_DATE, RECORD_UPDATED_BY, TENANT_TYPE]]]>
  </system-out>
  <testcase classname="testcases.RAW_DATAMART_CURATED.SnowFlake_ColumnValidation_BKPTables" name="validateColumnName_BKP" time="2.101"/>
  <system-out>
    <![CDATA[Executing Snowflake query :: SELECT COLUMN_NAME FROM DEV_ENT_RAW.INFORMATION_SCHEMA.COLUMNS WHERE TABLE_NAME='CALL'and TABLE_SCHEMA='ST_GOLDMEDAL_MATILLION'
Executing Snowflake query :: SELECT COLUMN_NAME FROM CURATED_DATAMART.INFORMATION_SCHEMA.COLUMNS WHERE TABLE_NAME='STR_CALL'and TABLE_SCHEMA='ST_BKP_GOLDMEDAL'
Executing Snowflake query :: SELECT COLUMN_NAME FROM DEV_ENT_CURATED.INFORMATION_SCHEMA.COLUMNS WHERE TABLE_NAME='DIM_CALL'and TABLE_SCHEMA='MASTER_DIMENSIONS'
Column names for RAW Table --> CALL :: [CONVERSIONSCORE, DIRECTION, SID, MODIFIEDON, TO, CREATEDBY_ID, CUSTOMER_ID, LEAD_ID, REVIEWEDBY_ID, RECORDINGID, ESTIMATE_ID, ACTIVE, CAMPAIGN_ID, CREATEDON, ID, IMPORTID, LOCATION_ID, RECORDINGPATH, TYPE, WONTREVIEW, EXCUSEMEMO, VOICEMAILPATH, RECORDINGURL, CALLSERVICE, DURATION, STATUS, AGENT_ID, FOLLOWUP_ID, FROM, REASON_ID, TAG, JOB_ID, REVIEWINGBY_ID]
Column names for DataMart Table --> STR_CALL :: [AGENT_ID, DIRECTION, MODIFIEDON, RECORDINGID, WONTREVIEW, CAMPAIGN_ID, CREATEDON, IMPORTID, REASON_ID, REVIEWEDBY_ID, TAG, ACTIVE, JOB_ID, TYPE, ESTIMATE_ID, ACTIVE_FLAG, EXCUSEMEMO, LEAD_ID, RECORD_CREATE_DATE, VOICEMAILPATH, CREATEDBY_ID, DURATION, FOLLOWUP_ID, FROM, ID, RECORD_UPDATE_DATE, REVIEWINGBY_ID, LOCATION_ID, TENANT_TYPE, CONVERSIONSCORE, CUSTOMER_ID, TO, STATUS, CALLSERVICE, MASTER_ID, RECORDINGPATH, RECORDINGURL, SID]
Column names for Curated Table --> DIM_CALL :: [ESTIMATE_ID, REASON_ID, WONTREVIEW, AGENT_ID, DIRECTION, FOLLOWUP_ID, LOCATION_ID, RECORDINGID, TAG, TYPE, CUSTOMER_ID, LEAD_ID, RECORDINGPATH, VOICEMAILPATH, STATUS, CONVERSIONSCORE, FROM, CREATEDBY_ID, DURATION, TENANT_TYPE, ACTIVE, CALLSERVICE, CAMPAIGN_ID, ID, RECORDINGURL, RECORD_UPDATE_DATE, RECORD_CREATE_DATE, JOB_ID, REVIEWEDBY_ID, TO, RECORD_UPDATED_BY, REVIEWINGBY_ID, SID, CREATEDON, EXCUSEMEMO, IMPORTID, MODIFIEDON]
Column Name found in Datamart and Curated Table :: CONVERSIONSCORE
Column Name found in Datamart and Curated Table :: DIRECTION
Column Name found in Datamart and Curated Table :: SID
Column Name found in Datamart and Curated Table :: MODIFIEDON
Column Name found in Datamart and Curated Table :: TO
Column Name found in Datamart and Curated Table :: CREATEDBY_ID
Column Name found in Datamart and Curated Table :: CUSTOMER_ID
Column Name found in Datamart and Curated Table :: LEAD_ID
Column Name found in Datamart and Curated Table :: REVIEWEDBY_ID
Column Name found in Datamart and Curated Table :: RECORDINGID
Column Name found in Datamart and Curated Table :: ESTIMATE_ID
Column Name found in Datamart and Curated Table :: ACTIVE
Column Name found in Datamart and Curated Table :: CAMPAIGN_ID
Column Name found in Datamart and Curated Table :: CREATEDON
Column Name found in Datamart and Curated Table :: ID
Column Name found in Datamart and Curated Table :: IMPORTID
Column Name found in Datamart and Curated Table :: LOCATION_ID
Column Name found in Datamart and Curated Table :: RECORDINGPATH
Column Name found in Datamart and Curated Table :: TYPE
Column Name found in Datamart and Curated Table :: WONTREVIEW
Column Name found in Datamart and Curated Table :: EXCUSEMEMO
Column Name found in Datamart and Curated Table :: VOICEMAILPATH
Column Name found in Datamart and Curated Table :: RECORDINGURL
Column Name found in Datamart and Curated Table :: CALLSERVICE
Column Name found in Datamart and Curated Table :: DURATION
Column Name found in Datamart and Curated Table :: STATUS
Column Name found in Datamart and Curated Table :: AGENT_ID
Column Name found in Datamart and Curated Table :: FOLLOWUP_ID
Column Name found in Datamart and Curated Table :: FROM
Column Name found in Datamart and Curated Table :: REASON_ID
Column Name found in Datamart and Curated Table :: TAG
Column Name found in Datamart and Curated Table :: JOB_ID
Column Name found in Datamart and Curated Table :: REVIEWINGBY_ID
Datamart tables contains additional column name like [ACTIVE_FLAG, RECORD_CREATE_DATE, RECORD_UPDATE_DATE, RECORD_UPDATE_DATE, MASTER_ID, TENANT_TYPE]
Curated tables contains additional column name like [RECORD_CREATE_DATE, RECORD_UPDATE_DATE, RECORD_UPDATED_BY, TENANT_TYPE]]]>
  </system-out>
  <testcase classname="testcases.RAW_DATAMART_CURATED.SnowFlake_ColumnValidation_BKPTables" name="validateColumnName_BKP" time="7.563"/>
  <system-out>
    <![CDATA[Executing Snowflake query :: SELECT COLUMN_NAME FROM DEV_ENT_RAW.INFORMATION_SCHEMA.COLUMNS WHERE TABLE_NAME='NONJOBAPPOINTMENT'and TABLE_SCHEMA='ST_BILLFENWICK_MATILLION'
Executing Snowflake query :: SELECT COLUMN_NAME FROM CURATED_DATAMART.INFORMATION_SCHEMA.COLUMNS WHERE TABLE_NAME='STR_NONJOBAPPOINTMENT'and TABLE_SCHEMA='ST_BKP_BILLFENWICK'
Executing Snowflake query :: SELECT COLUMN_NAME FROM DEV_ENT_CURATED.INFORMATION_SCHEMA.COLUMNS WHERE TABLE_NAME='DIM_NONJOBAPPOINTMENT'and TABLE_SCHEMA='MASTER_DIMENSIONS'
Column names for RAW Table --> NONJOBAPPOINTMENT :: []
Column names for DataMart Table --> STR_NONJOBAPPOINTMENT :: [ACTIVE, START, CLEARDISPATCHBOARD, CREATEDBY_ID, DURATION, EXPECTEDDURATION, REMOVETECHNICIANFROMCAPACITYPLANNING, TENANT_TYPE, TIMESHEETCODE_ID, RECORD_CREATE_DATE, DEFINITION_ID, ID, IMPORTID, RECORD_UPDATE_DATE, TIMESHEET_ID, ACTIVE_FLAG, CREATEDON, ISCOMPLETED, NAME, CLEARTECHNICIANVIEW, MASTER_ID, ALLDAY, SUMMARY, TECHNICIAN_ID]
Column names for Curated Table --> DIM_NONJOBAPPOINTMENT :: [IMPORTID, RECORD_UPDATE_DATE, TIMESHEET_ID, ID, ISCOMPLETED, CREATEDON, RECORD_UPDATED_BY, START, CLEARTECHNICIANVIEW, DURATION, EXPECTEDDURATION, ALLDAY, CLEARDISPATCHBOARD, RECORD_CREATE_DATE, TENANT_TYPE, TIMESHEETCODE_ID, NAME, DEFINITION_ID, SUMMARY, ACTIVE, CREATEDBY_ID, REMOVETECHNICIANFROMCAPACITYPLANNING, TECHNICIAN_ID]
Datamart tables contains additional column name like [ACTIVE_FLAG, RECORD_CREATE_DATE, RECORD_UPDATE_DATE, RECORD_UPDATE_DATE, MASTER_ID, TENANT_TYPE]
Curated tables contains additional column name like [RECORD_CREATE_DATE, RECORD_UPDATE_DATE, RECORD_UPDATED_BY, TENANT_TYPE]]]>
  </system-out>
  <testcase classname="testcases.RAW_DATAMART_CURATED.SnowFlake_ColumnValidation_BKPTables" name="validateColumnName_BKP" time="2.525"/>
  <system-out>
    <![CDATA[Executing Snowflake query :: SELECT COLUMN_NAME FROM DEV_ENT_RAW.INFORMATION_SCHEMA.COLUMNS WHERE TABLE_NAME='TAG'and TABLE_SCHEMA='ST_HUTCHINSON_MATILLION'
Executing Snowflake query :: SELECT COLUMN_NAME FROM CURATED_DATAMART.INFORMATION_SCHEMA.COLUMNS WHERE TABLE_NAME='STR_TAG'and TABLE_SCHEMA='ST_BKP_HUTCHINSON'
Executing Snowflake query :: SELECT COLUMN_NAME FROM DEV_ENT_CURATED.INFORMATION_SCHEMA.COLUMNS WHERE TABLE_NAME='DIM_TAG'and TABLE_SCHEMA='MASTER_DIMENSIONS'
Column names for RAW Table --> TAG :: [MODIFIEDON, REMOVEDBY_ID, GENERATEDFOR_ID, ACTIVE, OWNER_ID, CREATEDBY_ID, ID, REMOVEDON, TYPE_ID, MEMO, CREATEDON, GENERATEDFOREXTERNAL, IMPORTID]
Column names for DataMart Table --> STR_TAG :: [SOURCE_PKEY_SPK, IMPORTID, MASTER_ID, REMOVEDBY_ID, REMOVEDON, ID, TENANT_TYPE, CREATEDON, GENERATEDFOR_ID, RECORD_CREATE_DATE, TYPE_ID, MODIFIEDON, ACTIVE_FLAG, MEMO, CREATEDBY_ID, OWNER_ID, RECORD_UPDATE_DATE, ACTIVE, GENERATEDFOREXTERNAL]
Column names for Curated Table --> DIM_TAG :: [ACTIVE_FLAG, RECORD_CREATE_DATE, CREATEDON, RECORD_UPDATE_DATE, SOURCE_PKEY_SPK, GENERATEDFOR_ID, GENERATEDFOREXTERNAL, TYPE_ID, ACTIVE, CREATEDBY_ID, ID, MODIFIEDON, OWNER_ID, REMOVEDBY_ID, REMOVEDON, MEMO, RECORD_UPDATED_BY, IMPORTID, TENANT_TYPE]
Column Name found in Datamart and Curated Table :: MODIFIEDON
Column Name found in Datamart and Curated Table :: REMOVEDBY_ID
Column Name found in Datamart and Curated Table :: GENERATEDFOR_ID
Column Name found in Datamart and Curated Table :: ACTIVE
Column Name found in Datamart and Curated Table :: OWNER_ID
Column Name found in Datamart and Curated Table :: CREATEDBY_ID
Column Name found in Datamart and Curated Table :: ID
Column Name found in Datamart and Curated Table :: REMOVEDON
Column Name found in Datamart and Curated Table :: TYPE_ID
Column Name found in Datamart and Curated Table :: MEMO
Column Name found in Datamart and Curated Table :: CREATEDON
Column Name found in Datamart and Curated Table :: GENERATEDFOREXTERNAL
Column Name found in Datamart and Curated Table :: IMPORTID
Datamart tables contains additional column name like [ACTIVE_FLAG, RECORD_CREATE_DATE, RECORD_UPDATE_DATE, RECORD_UPDATE_DATE, MASTER_ID, TENANT_TYPE]
Curated tables contains additional column name like [RECORD_CREATE_DATE, RECORD_UPDATE_DATE, RECORD_UPDATED_BY, TENANT_TYPE]]]>
  </system-out>
  <testcase classname="testcases.RAW_DATAMART_CURATED.SnowFlake_ColumnValidation_BKPTables" name="validateColumnName_BKP" time="2.251"/>
  <system-out>
    <![CDATA[Executing Snowflake query :: SELECT COLUMN_NAME FROM DEV_ENT_RAW.INFORMATION_SCHEMA.COLUMNS WHERE TABLE_NAME='JOBCOMPLETIONSURVEY'and TABLE_SCHEMA='ST_HARP_MATILLION'
Executing Snowflake query :: SELECT COLUMN_NAME FROM CURATED_DATAMART.INFORMATION_SCHEMA.COLUMNS WHERE TABLE_NAME='STR_JOBCOMPLETIONSURVEY'and TABLE_SCHEMA='ST_BKP_HARP'
Executing Snowflake query :: SELECT COLUMN_NAME FROM DEV_ENT_CURATED.INFORMATION_SCHEMA.COLUMNS WHERE TABLE_NAME='DIM_JOBCOMPLETIONSURVEY'and TABLE_SCHEMA='MASTER_DIMENSIONS'
Column names for RAW Table --> JOBCOMPLETIONSURVEY :: [COMPLETEDON, JOBID, RATING, RECOMMENDATIONS, SENTON, ID, ISROUTINECOMPLETED, SURVEYTYPE, MODIFIEDON, TOKEN, JOBCOMPLETEDON, SUBMITCOUNT, MEMO, STATUS, ISPLANNINGTOUSEAGAIN]
Column names for DataMart Table --> STR_JOBCOMPLETIONSURVEY :: [MODIFIEDON, RECORD_CREATE_DATE, TENANT_TYPE, ISPLANNINGTOUSEAGAIN, JOBCOMPLETEDON, MEMO, RECOMMENDATIONS, SENTON, JOBID, MASTER_ID, STATUS, ID, RATING, TOKEN, ACTIVE_FLAG, COMPLETEDON, ISROUTINECOMPLETED, RECORD_UPDATE_DATE, SUBMITCOUNT, SURVEYTYPE]
Column names for Curated Table --> DIM_JOBCOMPLETIONSURVEY :: [ID, JOBCOMPLETEDON, SUBMITCOUNT, ISROUTINECOMPLETED, MEMO, RECORD_UPDATED_BY, STATUS, JOBID, RECORD_UPDATE_DATE, TENANT_TYPE, MODIFIEDON, SURVEYTYPE, COMPLETEDON, ISPLANNINGTOUSEAGAIN, RATING, SENTON, RECOMMENDATIONS, RECORD_CREATE_DATE, TOKEN]
Column Name found in Datamart and Curated Table :: COMPLETEDON
Column Name found in Datamart and Curated Table :: JOBID
Column Name found in Datamart and Curated Table :: RATING
Column Name found in Datamart and Curated Table :: RECOMMENDATIONS
Column Name found in Datamart and Curated Table :: SENTON
Column Name found in Datamart and Curated Table :: ID
Column Name found in Datamart and Curated Table :: ISROUTINECOMPLETED
Column Name found in Datamart and Curated Table :: SURVEYTYPE
Column Name found in Datamart and Curated Table :: MODIFIEDON
Column Name found in Datamart and Curated Table :: TOKEN
Column Name found in Datamart and Curated Table :: JOBCOMPLETEDON
Column Name found in Datamart and Curated Table :: SUBMITCOUNT
Column Name found in Datamart and Curated Table :: MEMO
Column Name found in Datamart and Curated Table :: STATUS
Column Name found in Datamart and Curated Table :: ISPLANNINGTOUSEAGAIN
Datamart tables contains additional column name like [ACTIVE_FLAG, RECORD_CREATE_DATE, RECORD_UPDATE_DATE, RECORD_UPDATE_DATE, MASTER_ID, TENANT_TYPE]
Curated tables contains additional column name like [RECORD_CREATE_DATE, RECORD_UPDATE_DATE, RECORD_UPDATED_BY, TENANT_TYPE]]]>
  </system-out>
  <testcase classname="testcases.RAW_DATAMART_CURATED.SnowFlake_ColumnValidation_BKPTables" name="validateColumnName_BKP" time="2.666"/>
  <system-out>
    <![CDATA[Executing Snowflake query :: SELECT COLUMN_NAME FROM DEV_ENT_RAW.INFORMATION_SCHEMA.COLUMNS WHERE TABLE_NAME='EQUIPMENT'and TABLE_SCHEMA='ST_HUTCHINSON_MATILLION'
Executing Snowflake query :: SELECT COLUMN_NAME FROM CURATED_DATAMART.INFORMATION_SCHEMA.COLUMNS WHERE TABLE_NAME='STR_EQUIPMENT'and TABLE_SCHEMA='ST_BKP_HUTCHINSON'
Executing Snowflake query :: SELECT COLUMN_NAME FROM DEV_ENT_CURATED.INFORMATION_SCHEMA.COLUMNS WHERE TABLE_NAME='DIM_EQUIPMENT'and TABLE_SCHEMA='MASTER_DIMENSIONS'
Column names for RAW Table --> EQUIPMENT :: [COMMISSIONBONUS, MEMBERPRICE, PAYSCOMMISSION, TYPE_ID, SCHEDULEDFLATAMOUNT, ACTIVE, IMAGES, WARRANTYRESERVE, PRIMARYVENDOR_ID, EXTERNALID, SOURCEVERSION, COPIEDFROM_ID, DISPLAYNAME, EXCLUDEFROMPRICEBOOKWIZARD, GENERALLEDGERACCOUNT_ID, HOURS, INVENTORYENABLEDBY_ID, MODIFIEDON, PAYSSOLDBYRATE, PROVIDER_ID, SERIALIZEDON, SERVICEPROVIDERWARRANTY_DESCRIPTION, ALLOWDISCOUNTS, ARCHIVED, AVALARARESIDENTIALTAXCODE, CREATEDBY_ID, INVENTORYENABLEDON, MANUFACTURER, PRICE, SERVICEPROVIDERWARRANTY_DURATION, COST, IMPORTID, SOURCE, TAXABLE, PAYSFLATAMOUNT, SYNCDATE, ID, ADDONPRICE, AVALARACOMMERCIALTAXCODE, DISPLAYINAMOUNT, LOYALTYPROGRAMELIGIBLE, CREATEDON, CROSSSALEGROUP, ISINVENTORY, ADDONFLATAMOUNT, DESCRIPTION, ISSERIALIZED, BONUS, ADDONMEMBERPRICE, ASSETACCOUNT_ID, BRAND, BUSINESSUNIT_ID, CATEGORY_ID, ORIGINAL_ID, PAYTECHSPECIFICBONUS, MANUFACTURERWARRANTY_DESCRIPTION, SUPPLIERIMAGES, MANUFACTURERWARRANTY_DURATION, COSTOFSALEACCOUNT_ID, ACCOUNT, MODEL, NAME, UNITOFMEASURE]
Column names for DataMart Table --> STR_EQUIPMENT :: [ACCOUNT, AVALARARESIDENTIALTAXCODE, ID, IMPORTID, PAYSFLATAMOUNT, SERIALIZEDON, ISINVENTORY, ISSERIALIZED, UNITOFMEASURE, LOYALTYPROGRAMELIGIBLE, ADDONPRICE, COMMISSIONBONUS, HOURS, INVENTORYENABLEDON, PROVIDER_ID, ORIGINAL_ID, PRIMARYVENDOR_ID, MEMBERPRICE, BUSINESSUNIT_ID, CATEGORY_ID, CREATEDON, DESCRIPTION, EXCLUDEFROMPRICEBOOKWIZARD, MANUFACTURER, TYPE_ID, CREATEDBY_ID, RECORD_UPDATE_DATE, SOURCE, TAXABLE, INVENTORYENABLEDBY_ID, ALLOWDISCOUNTS, BONUS, COST, DISPLAYINAMOUNT, DISPLAYNAME, RECORD_CREATE_DATE, BRAND, SUPPLIERIMAGES, MANUFACTURERWARRANTY_DURATION, ADDONFLATAMOUNT, ADDONMEMBERPRICE, ARCHIVED, SCHEDULEDFLATAMOUNT, TENANT_TYPE, MANUFACTURERWARRANTY_DESCRIPTION, CROSSSALEGROUP, NAME, SERVICEPROVIDERWARRANTY_DESCRIPTION, ASSETACCOUNT_ID, PAYTECHSPECIFICBONUS, AVALARACOMMERCIALTAXCODE, EXTERNALID, MODIFIEDON, PRICE, SERVICEPROVIDERWARRANTY_DURATION, SYNCDATE, GENERALLEDGERACCOUNT_ID, IMAGES, MASTER_ID, MODEL, COSTOFSALEACCOUNT_ID, ACTIVE, ACTIVE_FLAG, PAYSSOLDBYRATE, COPIEDFROM_ID, PAYSCOMMISSION, SOURCEVERSION, WARRANTYRESERVE]
Column names for Curated Table --> DIM_EQUIPMENT :: [ASSETACCOUNT_ID, COMMISSIONBONUS, COSTOFSALEACCOUNT_ID, MODEL, SCHEDULEDFLATAMOUNT, COPIEDFROM_ID, ISSERIALIZED, PAYSFLATAMOUNT, PAYTECHSPECIFICBONUS, RECORD_CREATE_DATE, SERVICEPROVIDERWARRANTY_DURATION, ID, AVALARACOMMERCIALTAXCODE, BONUS, HOURS, LOYALTYPROGRAMELIGIBLE, SOURCE, SERIALIZEDON, ADDONPRICE, EXCLUDEFROMPRICEBOOKWIZARD, PAYSCOMMISSION, ISINVENTORY, MODIFIEDON, ACTIVE, ADDONMEMBERPRICE, CREATEDON, EXTERNALID, PRIMARYVENDOR_ID, BUSINESSUNIT_ID, NAME, PAYSSOLDBYRATE, SYNCDATE, AVALARARESIDENTIALTAXCODE, BRAND, CREATEDBY_ID, DISPLAYINAMOUNT, MANUFACTURERWARRANTY_DESCRIPTION, TENANT_TYPE, MANUFACTURER, PROVIDER_ID, SOURCEVERSION, RECORD_UPDATED_BY, ACCOUNT, ADDONFLATAMOUNT, COST, DISPLAYNAME, INVENTORYENABLEDBY_ID, TAXABLE, ARCHIVED, RECORD_UPDATE_DATE, DESCRIPTION, CATEGORY_ID, ALLOWDISCOUNTS, GENERALLEDGERACCOUNT_ID, INVENTORYENABLEDON, PRICE, TYPE_ID, SUPPLIERIMAGES, UNITOFMEASURE, CROSSSALEGROUP, IMAGES, IMPORTID, ORIGINAL_ID, SERVICEPROVIDERWARRANTY_DESCRIPTION, MEMBERPRICE, WARRANTYRESERVE, MANUFACTURERWARRANTY_DURATION]
Column Name found in Datamart and Curated Table :: COMMISSIONBONUS
Column Name found in Datamart and Curated Table :: MEMBERPRICE
Column Name found in Datamart and Curated Table :: PAYSCOMMISSION
Column Name found in Datamart and Curated Table :: TYPE_ID
Column Name found in Datamart and Curated Table :: SCHEDULEDFLATAMOUNT
Column Name found in Datamart and Curated Table :: ACTIVE
Column Name found in Datamart and Curated Table :: IMAGES
Column Name found in Datamart and Curated Table :: WARRANTYRESERVE
Column Name found in Datamart and Curated Table :: PRIMARYVENDOR_ID
Column Name found in Datamart and Curated Table :: EXTERNALID
Column Name found in Datamart and Curated Table :: SOURCEVERSION
Column Name found in Datamart and Curated Table :: COPIEDFROM_ID
Column Name found in Datamart and Curated Table :: DISPLAYNAME
Column Name found in Datamart and Curated Table :: EXCLUDEFROMPRICEBOOKWIZARD
Column Name found in Datamart and Curated Table :: GENERALLEDGERACCOUNT_ID
Column Name found in Datamart and Curated Table :: HOURS
Column Name found in Datamart and Curated Table :: INVENTORYENABLEDBY_ID
Column Name found in Datamart and Curated Table :: MODIFIEDON
Column Name found in Datamart and Curated Table :: PAYSSOLDBYRATE
Column Name found in Datamart and Curated Table :: PROVIDER_ID
Column Name found in Datamart and Curated Table :: SERIALIZEDON
Column Name found in Datamart and Curated Table :: SERVICEPROVIDERWARRANTY_DESCRIPTION
Column Name found in Datamart and Curated Table :: ALLOWDISCOUNTS
Column Name found in Datamart and Curated Table :: ARCHIVED
Column Name found in Datamart and Curated Table :: AVALARARESIDENTIALTAXCODE
Column Name found in Datamart and Curated Table :: CREATEDBY_ID
Column Name found in Datamart and Curated Table :: INVENTORYENABLEDON
Column Name found in Datamart and Curated Table :: MANUFACTURER
Column Name found in Datamart and Curated Table :: PRICE
Column Name found in Datamart and Curated Table :: SERVICEPROVIDERWARRANTY_DURATION
Column Name found in Datamart and Curated Table :: COST
Column Name found in Datamart and Curated Table :: IMPORTID
Column Name found in Datamart and Curated Table :: SOURCE
Column Name found in Datamart and Curated Table :: TAXABLE
Column Name found in Datamart and Curated Table :: PAYSFLATAMOUNT
Column Name found in Datamart and Curated Table :: SYNCDATE
Column Name found in Datamart and Curated Table :: ID
Column Name found in Datamart and Curated Table :: ADDONPRICE
Column Name found in Datamart and Curated Table :: AVALARACOMMERCIALTAXCODE
Column Name found in Datamart and Curated Table :: DISPLAYINAMOUNT
Column Name found in Datamart and Curated Table :: LOYALTYPROGRAMELIGIBLE
Column Name found in Datamart and Curated Table :: CREATEDON
Column Name found in Datamart and Curated Table :: CROSSSALEGROUP
Column Name found in Datamart and Curated Table :: ISINVENTORY
Column Name found in Datamart and Curated Table :: ADDONFLATAMOUNT
Column Name found in Datamart and Curated Table :: DESCRIPTION
Column Name found in Datamart and Curated Table :: ISSERIALIZED
Column Name found in Datamart and Curated Table :: BONUS
Column Name found in Datamart and Curated Table :: ADDONMEMBERPRICE
Column Name found in Datamart and Curated Table :: ASSETACCOUNT_ID
Column Name found in Datamart and Curated Table :: BRAND
Column Name found in Datamart and Curated Table :: BUSINESSUNIT_ID
Column Name found in Datamart and Curated Table :: CATEGORY_ID
Column Name found in Datamart and Curated Table :: ORIGINAL_ID
Column Name found in Datamart and Curated Table :: PAYTECHSPECIFICBONUS
Column Name found in Datamart and Curated Table :: MANUFACTURERWARRANTY_DESCRIPTION
Column Name found in Datamart and Curated Table :: SUPPLIERIMAGES
Column Name found in Datamart and Curated Table :: MANUFACTURERWARRANTY_DURATION
Column Name found in Datamart and Curated Table :: COSTOFSALEACCOUNT_ID
Column Name found in Datamart and Curated Table :: ACCOUNT
Column Name found in Datamart and Curated Table :: MODEL
Column Name found in Datamart and Curated Table :: NAME
Column Name found in Datamart and Curated Table :: UNITOFMEASURE
Datamart tables contains additional column name like [ACTIVE_FLAG, RECORD_CREATE_DATE, RECORD_UPDATE_DATE, RECORD_UPDATE_DATE, MASTER_ID, TENANT_TYPE]
Curated tables contains additional column name like [RECORD_CREATE_DATE, RECORD_UPDATE_DATE, RECORD_UPDATED_BY, TENANT_TYPE]]]>
  </system-out>
  <testcase classname="testcases.RAW_DATAMART_CURATED.SnowFlake_ColumnValidation_BKPTables" name="validateColumnName_BKP" time="2.459"/>
  <system-out>
    <![CDATA[Executing Snowflake query :: SELECT COLUMN_NAME FROM DEV_ENT_RAW.INFORMATION_SCHEMA.COLUMNS WHERE TABLE_NAME='CATEGORY'and TABLE_SCHEMA='ST_FOURPROS_MATILLION'
Executing Snowflake query :: SELECT COLUMN_NAME FROM CURATED_DATAMART.INFORMATION_SCHEMA.COLUMNS WHERE TABLE_NAME='STR_CATEGORY'and TABLE_SCHEMA='ST_BKP_FOURPROS'
Executing Snowflake query :: SELECT COLUMN_NAME FROM DEV_ENT_CURATED.INFORMATION_SCHEMA.COLUMNS WHERE TABLE_NAME='DIM_CATEGORY'and TABLE_SCHEMA='MASTER_DIMENSIONS'
Column names for RAW Table --> CATEGORY :: [CATEGORYTYPE, IMPORTID, IMAGE, BUSINESSUNIT_ID, PARENT_ID, SKUIMAGES, ACTIVE, ID, DESCRIPTION, SOURCEVERSION, AVALARACOMMERCIALTAXCODE, SOURCE, CREATEDBY_ID, CREATEDON, AVALARARESIDENTIALTAXCODE, EXTERNALID, HIDEINMOBILE, NAME, POSITION, SUPPLIERIMAGES]
Column names for DataMart Table --> STR_CATEGORY :: [HIDEINMOBILE, IMPORTID, SOURCE, SUPPLIERIMAGES, AVALARARESIDENTIALTAXCODE, EXTERNALID, POSITION, SKUIMAGES, NAME, ACTIVE_FLAG, TENANT_TYPE, ACTIVE, DESCRIPTION, SOURCEVERSION, BUSINESSUNIT_ID, ID, MASTER_ID, PARENT_ID, AVALARACOMMERCIALTAXCODE, CATEGORYTYPE, CREATEDON, IMAGE, RECORD_CREATE_DATE, RECORD_UPDATE_DATE, CREATEDBY_ID]
Column names for Curated Table --> DIM_CATEGORY :: [AVALARARESIDENTIALTAXCODE, POSITION, SOURCEVERSION, IMAGE, ACTIVE, IMPORTID, NAME, SKUIMAGES, CREATEDBY_ID, PARENT_ID, SOURCE, DESCRIPTION, EXTERNALID, SUPPLIERIMAGES, AVALARACOMMERCIALTAXCODE, BUSINESSUNIT_ID, CATEGORYTYPE, ID, RECORD_UPDATE_DATE, TENANT_TYPE, RECORD_UPDATED_BY, CREATEDON, HIDEINMOBILE, RECORD_CREATE_DATE]
Column Name found in Datamart and Curated Table :: CATEGORYTYPE
Column Name found in Datamart and Curated Table :: IMPORTID
Column Name found in Datamart and Curated Table :: IMAGE
Column Name found in Datamart and Curated Table :: BUSINESSUNIT_ID
Column Name found in Datamart and Curated Table :: PARENT_ID
Column Name found in Datamart and Curated Table :: SKUIMAGES
Column Name found in Datamart and Curated Table :: ACTIVE
Column Name found in Datamart and Curated Table :: ID
Column Name found in Datamart and Curated Table :: DESCRIPTION
Column Name found in Datamart and Curated Table :: SOURCEVERSION
Column Name found in Datamart and Curated Table :: AVALARACOMMERCIALTAXCODE
Column Name found in Datamart and Curated Table :: SOURCE
Column Name found in Datamart and Curated Table :: CREATEDBY_ID
Column Name found in Datamart and Curated Table :: CREATEDON
Column Name found in Datamart and Curated Table :: AVALARARESIDENTIALTAXCODE
Column Name found in Datamart and Curated Table :: EXTERNALID
Column Name found in Datamart and Curated Table :: HIDEINMOBILE
Column Name found in Datamart and Curated Table :: NAME
Column Name found in Datamart and Curated Table :: POSITION
Column Name found in Datamart and Curated Table :: SUPPLIERIMAGES
Datamart tables contains additional column name like [ACTIVE_FLAG, RECORD_CREATE_DATE, RECORD_UPDATE_DATE, RECORD_UPDATE_DATE, MASTER_ID, TENANT_TYPE]
Curated tables contains additional column name like [RECORD_CREATE_DATE, RECORD_UPDATE_DATE, RECORD_UPDATED_BY, TENANT_TYPE]]]>
  </system-out>
  <testcase classname="testcases.RAW_DATAMART_CURATED.SnowFlake_ColumnValidation_BKPTables" name="validateColumnName_BKP" time="2.765"/>
  <system-out>
    <![CDATA[Executing Snowflake query :: SELECT COLUMN_NAME FROM DEV_ENT_RAW.INFORMATION_SCHEMA.COLUMNS WHERE TABLE_NAME='ESTIMATE'and TABLE_SCHEMA='ST_CASTEEL_MATILLION'
Executing Snowflake query :: SELECT COLUMN_NAME FROM CURATED_DATAMART.INFORMATION_SCHEMA.COLUMNS WHERE TABLE_NAME='STR_ESTIMATE'and TABLE_SCHEMA='ST_BKP_CASTEEL'
Executing Snowflake query :: SELECT COLUMN_NAME FROM DEV_ENT_CURATED.INFORMATION_SCHEMA.COLUMNS WHERE TABLE_NAME='DIM_ESTIMATE'and TABLE_SCHEMA='MASTER_DIMENSIONS'
Column names for RAW Table --> ESTIMATE :: [AUTHORIZATIONSIGNATURE, CLAIM_ID, CREATEDBY_ID, ISRECOMMENDED, SOLDBY_ID, TECHNICIANPICKEDSOLDTYPE, TOTALCOST, OPPORTUNITY_ID, LABORTAX, SOLDTYPE, CREATEDON, PROCUREMENTTYPE, ID, MATERIALSKUREFERENCE_SKUTYPE, ORDER, SOLDBYEMPLOYEE_ID, SUMMARY, TAX, MATERIALTAX, PROJECTOPPORTUNITY_ID, SOLDINVOICE_ID, ACTIVE, AUTHORIZEDON, LOCATION_ID, MATERIALSKUREFERENCE_SKUID, PROPOSALTAGCOLOR, STATUS, TECHNICIANSIGNATURE, FEETOTAL, IMPORTID, RENEWABLEMEMBERSHIP_ID, NAME, SOLDON, ISCHANGEORDER, MATERIALSKU_ID, PROJECTLABELS, MODIFIEDON, BUSINESSUNIT_ID, DISCOUNTTOTAL, TOTAL, JOB_ID, PROPOSALTAGNAME]
Column names for DataMart Table --> STR_ESTIMATE :: [DISCOUNTTOTAL, IMPORTID, ORDER, OPPORTUNITY_ID, MASTER_ID, SOLDINVOICE_ID, STATUS, SOLDBYEMPLOYEE_ID, TECHNICIANSIGNATURE, TENANT_TYPE, ACTIVE_FLAG, BUSINESSUNIT_ID, TAX, SUMMARY, AUTHORIZEDON, CLAIM_ID, CREATEDBY_ID, FEETOTAL, ISRECOMMENDED, JOB_ID, NAME, PROJECTOPPORTUNITY_ID, PROPOSALTAGNAME, SOLDTYPE, LOCATION_ID, PROCUREMENTTYPE, PROPOSALTAGCOLOR, RECORD_UPDATE_DATE, PROJECTLABELS, TECHNICIANPICKEDSOLDTYPE, RENEWABLEMEMBERSHIP_ID, ISCHANGEORDER, MATERIALTAX, MATERIALSKUREFERENCE_SKUID, MODIFIEDON, RECORD_CREATE_DATE, AUTHORIZATIONSIGNATURE, MATERIALSKU_ID, TOTALCOST, ACTIVE, CREATEDON, ID, LABORTAX, MATERIALSKUREFERENCE_SKUTYPE, SOLDON, TOTAL, SOLDBY_ID]
Column names for Curated Table --> DIM_ESTIMATE :: [CREATEDON, DISCOUNTTOTAL, LOCATION_ID, OPPORTUNITY_ID, PROPOSALTAGCOLOR, PROPOSALTAGNAME, SOLDINVOICE_ID, TENANT_TYPE, RECORD_UPDATED_BY, TOTALCOST, ISCHANGEORDER, NAME, BUSINESSUNIT_ID, FEETOTAL, MATERIALSKUREFERENCE_SKUTYPE, ISRECOMMENDED, ORDER, STATUS, TOTAL, SOLDTYPE, AUTHORIZEDON, CREATEDBY_ID, LABORTAX, PROCUREMENTTYPE, SOLDBYEMPLOYEE_ID, SOLDBY_ID, IMPORTID, MATERIALSKU_ID, TAX, TECHNICIANPICKEDSOLDTYPE, RENEWABLEMEMBERSHIP_ID, TECHNICIANSIGNATURE, MODIFIEDON, CLAIM_ID, ID, MATERIALSKUREFERENCE_SKUID, SOLDON, PROJECTLABELS, JOB_ID, ACTIVE, AUTHORIZATIONSIGNATURE, MATERIALTAX, PROJECTOPPORTUNITY_ID, RECORD_CREATE_DATE, SUMMARY, RECORD_UPDATE_DATE]
Column Name found in Datamart and Curated Table :: AUTHORIZATIONSIGNATURE
Column Name found in Datamart and Curated Table :: CLAIM_ID
Column Name found in Datamart and Curated Table :: CREATEDBY_ID
Column Name found in Datamart and Curated Table :: ISRECOMMENDED
Column Name found in Datamart and Curated Table :: SOLDBY_ID
Column Name found in Datamart and Curated Table :: TECHNICIANPICKEDSOLDTYPE
Column Name found in Datamart and Curated Table :: TOTALCOST
Column Name found in Datamart and Curated Table :: OPPORTUNITY_ID
Column Name found in Datamart and Curated Table :: LABORTAX
Column Name found in Datamart and Curated Table :: SOLDTYPE
Column Name found in Datamart and Curated Table :: CREATEDON
Column Name found in Datamart and Curated Table :: PROCUREMENTTYPE
Column Name found in Datamart and Curated Table :: ID
Column Name found in Datamart and Curated Table :: MATERIALSKUREFERENCE_SKUTYPE
Column Name found in Datamart and Curated Table :: ORDER
Column Name found in Datamart and Curated Table :: SOLDBYEMPLOYEE_ID
Column Name found in Datamart and Curated Table :: SUMMARY
Column Name found in Datamart and Curated Table :: TAX
Column Name found in Datamart and Curated Table :: MATERIALTAX
Column Name found in Datamart and Curated Table :: PROJECTOPPORTUNITY_ID
Column Name found in Datamart and Curated Table :: SOLDINVOICE_ID
Column Name found in Datamart and Curated Table :: ACTIVE
Column Name found in Datamart and Curated Table :: AUTHORIZEDON
Column Name found in Datamart and Curated Table :: LOCATION_ID
Column Name found in Datamart and Curated Table :: MATERIALSKUREFERENCE_SKUID
Column Name found in Datamart and Curated Table :: PROPOSALTAGCOLOR
Column Name found in Datamart and Curated Table :: STATUS
Column Name found in Datamart and Curated Table :: TECHNICIANSIGNATURE
Column Name found in Datamart and Curated Table :: FEETOTAL
Column Name found in Datamart and Curated Table :: IMPORTID
Column Name found in Datamart and Curated Table :: RENEWABLEMEMBERSHIP_ID
Column Name found in Datamart and Curated Table :: NAME
Column Name found in Datamart and Curated Table :: SOLDON
Column Name found in Datamart and Curated Table :: ISCHANGEORDER
Column Name found in Datamart and Curated Table :: MATERIALSKU_ID
Column Name found in Datamart and Curated Table :: PROJECTLABELS
Column Name found in Datamart and Curated Table :: MODIFIEDON
Column Name found in Datamart and Curated Table :: BUSINESSUNIT_ID
Column Name found in Datamart and Curated Table :: DISCOUNTTOTAL
Column Name found in Datamart and Curated Table :: TOTAL
Column Name found in Datamart and Curated Table :: JOB_ID
Column Name found in Datamart and Curated Table :: PROPOSALTAGNAME
Datamart tables contains additional column name like [ACTIVE_FLAG, RECORD_CREATE_DATE, RECORD_UPDATE_DATE, RECORD_UPDATE_DATE, MASTER_ID, TENANT_TYPE]
Curated tables contains additional column name like [RECORD_CREATE_DATE, RECORD_UPDATE_DATE, RECORD_UPDATED_BY, TENANT_TYPE]]]>
  </system-out>
  <testcase classname="testcases.RAW_DATAMART_CURATED.SnowFlake_ColumnValidation_BKPTables" name="validateColumnName_BKP" time="2.673"/>
  <system-out>
    <![CDATA[Executing Snowflake query :: SELECT COLUMN_NAME FROM DEV_ENT_RAW.INFORMATION_SCHEMA.COLUMNS WHERE TABLE_NAME='EQUIPMENT'and TABLE_SCHEMA='ST_EANESHEATING_MATILLION'
Executing Snowflake query :: SELECT COLUMN_NAME FROM CURATED_DATAMART.INFORMATION_SCHEMA.COLUMNS WHERE TABLE_NAME='STR_EQUIPMENT'and TABLE_SCHEMA='ST_BKP_EANESHEATING'
Executing Snowflake query :: SELECT COLUMN_NAME FROM DEV_ENT_CURATED.INFORMATION_SCHEMA.COLUMNS WHERE TABLE_NAME='DIM_EQUIPMENT'and TABLE_SCHEMA='MASTER_DIMENSIONS'
Column names for RAW Table --> EQUIPMENT :: [CREATEDBY_ID, EXTERNALID, HOURS, PAYSFLATAMOUNT, SERIALIZEDON, SERVICEPROVIDERWARRANTY_DESCRIPTION, ACTIVE, COSTOFSALEACCOUNT_ID, CREATEDON, CROSSSALEGROUP, MANUFACTURER, SYNCDATE, INVENTORYENABLEDBY_ID, BUSINESSUNIT_ID, GENERALLEDGERACCOUNT_ID, ID, IMPORTID, INVENTORYENABLEDON, PAYSSOLDBYRATE, PAYTECHSPECIFICBONUS, PAYSCOMMISSION, ARCHIVED, BONUS, CATEGORY_ID, ISSERIALIZED, PRIMARYVENDOR_ID, TYPE_ID, ADDONFLATAMOUNT, ADDONPRICE, COPIEDFROM_ID, IMAGES, SOURCEVERSION, DISPLAYINAMOUNT, ISINVENTORY, MEMBERPRICE, AVALARACOMMERCIALTAXCODE, PRICE, EXCLUDEFROMPRICEBOOKWIZARD, ACCOUNT, ASSETACCOUNT_ID, MODEL, MODIFIEDON, ALLOWDISCOUNTS, BRAND, MANUFACTURERWARRANTY_DESCRIPTION, MANUFACTURERWARRANTY_DURATION, AVALARARESIDENTIALTAXCODE, COST, NAME, SOURCE, PROVIDER_ID, TAXABLE, DISPLAYNAME, UNITOFMEASURE, WARRANTYRESERVE, ADDONMEMBERPRICE, COMMISSIONBONUS, DESCRIPTION, LOYALTYPROGRAMELIGIBLE, SCHEDULEDFLATAMOUNT, SERVICEPROVIDERWARRANTY_DURATION, SUPPLIERIMAGES, ORIGINAL_ID]
Column names for DataMart Table --> STR_EQUIPMENT :: [ACCOUNT, COST, ISINVENTORY, MEMBERPRICE, PAYSSOLDBYRATE, SOURCE, SOURCEVERSION, DISPLAYNAME, TAXABLE, ISSERIALIZED, ACTIVE, ADDONPRICE, BRAND, COMMISSIONBONUS, GENERALLEDGERACCOUNT_ID, INVENTORYENABLEDBY_ID, NAME, PAYSCOMMISSION, ALLOWDISCOUNTS, COPIEDFROM_ID, CREATEDON, IMAGES, LOYALTYPROGRAMELIGIBLE, MODIFIEDON, CREATEDBY_ID, MASTER_ID, PROVIDER_ID, MANUFACTURER, MANUFACTURERWARRANTY_DURATION, EXCLUDEFROMPRICEBOOKWIZARD, IMPORTID, TYPE_ID, INVENTORYENABLEDON, SUPPLIERIMAGES, BONUS, EXTERNALID, RECORD_CREATE_DATE, SERVICEPROVIDERWARRANTY_DESCRIPTION, PRIMARYVENDOR_ID, SYNCDATE, TENANT_TYPE, ADDONMEMBERPRICE, AVALARACOMMERCIALTAXCODE, COSTOFSALEACCOUNT_ID, DESCRIPTION, HOURS, ADDONFLATAMOUNT, PAYTECHSPECIFICBONUS, SERIALIZEDON, UNITOFMEASURE, MANUFACTURERWARRANTY_DESCRIPTION, SCHEDULEDFLATAMOUNT, ACTIVE_FLAG, ASSETACCOUNT_ID, BUSINESSUNIT_ID, CATEGORY_ID, WARRANTYRESERVE, DISPLAYINAMOUNT, ID, PRICE, ARCHIVED, MODEL, PAYSFLATAMOUNT, RECORD_UPDATE_DATE, SERVICEPROVIDERWARRANTY_DURATION, AVALARARESIDENTIALTAXCODE, ORIGINAL_ID, CROSSSALEGROUP]
Column names for Curated Table --> DIM_EQUIPMENT :: [ASSETACCOUNT_ID, COMMISSIONBONUS, COSTOFSALEACCOUNT_ID, MODEL, SCHEDULEDFLATAMOUNT, COPIEDFROM_ID, ISSERIALIZED, PAYSFLATAMOUNT, PAYTECHSPECIFICBONUS, RECORD_CREATE_DATE, SERVICEPROVIDERWARRANTY_DURATION, ID, AVALARACOMMERCIALTAXCODE, BONUS, HOURS, LOYALTYPROGRAMELIGIBLE, SOURCE, SERIALIZEDON, ADDONPRICE, EXCLUDEFROMPRICEBOOKWIZARD, PAYSCOMMISSION, ISINVENTORY, MODIFIEDON, ACTIVE, ADDONMEMBERPRICE, CREATEDON, EXTERNALID, PRIMARYVENDOR_ID, BUSINESSUNIT_ID, NAME, PAYSSOLDBYRATE, SYNCDATE, AVALARARESIDENTIALTAXCODE, BRAND, CREATEDBY_ID, DISPLAYINAMOUNT, MANUFACTURERWARRANTY_DESCRIPTION, TENANT_TYPE, MANUFACTURER, PROVIDER_ID, SOURCEVERSION, RECORD_UPDATED_BY, ACCOUNT, ADDONFLATAMOUNT, COST, DISPLAYNAME, INVENTORYENABLEDBY_ID, TAXABLE, ARCHIVED, RECORD_UPDATE_DATE, DESCRIPTION, CATEGORY_ID, ALLOWDISCOUNTS, GENERALLEDGERACCOUNT_ID, INVENTORYENABLEDON, PRICE, TYPE_ID, SUPPLIERIMAGES, UNITOFMEASURE, CROSSSALEGROUP, IMAGES, IMPORTID, ORIGINAL_ID, SERVICEPROVIDERWARRANTY_DESCRIPTION, MEMBERPRICE, WARRANTYRESERVE, MANUFACTURERWARRANTY_DURATION]
Column Name found in Datamart and Curated Table :: CREATEDBY_ID
Column Name found in Datamart and Curated Table :: EXTERNALID
Column Name found in Datamart and Curated Table :: HOURS
Column Name found in Datamart and Curated Table :: PAYSFLATAMOUNT
Column Name found in Datamart and Curated Table :: SERIALIZEDON
Column Name found in Datamart and Curated Table :: SERVICEPROVIDERWARRANTY_DESCRIPTION
Column Name found in Datamart and Curated Table :: ACTIVE
Column Name found in Datamart and Curated Table :: COSTOFSALEACCOUNT_ID
Column Name found in Datamart and Curated Table :: CREATEDON
Column Name found in Datamart and Curated Table :: CROSSSALEGROUP
Column Name found in Datamart and Curated Table :: MANUFACTURER
Column Name found in Datamart and Curated Table :: SYNCDATE
Column Name found in Datamart and Curated Table :: INVENTORYENABLEDBY_ID
Column Name found in Datamart and Curated Table :: BUSINESSUNIT_ID
Column Name found in Datamart and Curated Table :: GENERALLEDGERACCOUNT_ID
Column Name found in Datamart and Curated Table :: ID
Column Name found in Datamart and Curated Table :: IMPORTID
Column Name found in Datamart and Curated Table :: INVENTORYENABLEDON
Column Name found in Datamart and Curated Table :: PAYSSOLDBYRATE
Column Name found in Datamart and Curated Table :: PAYTECHSPECIFICBONUS
Column Name found in Datamart and Curated Table :: PAYSCOMMISSION
Column Name found in Datamart and Curated Table :: ARCHIVED
Column Name found in Datamart and Curated Table :: BONUS
Column Name found in Datamart and Curated Table :: CATEGORY_ID
Column Name found in Datamart and Curated Table :: ISSERIALIZED
Column Name found in Datamart and Curated Table :: PRIMARYVENDOR_ID
Column Name found in Datamart and Curated Table :: TYPE_ID
Column Name found in Datamart and Curated Table :: ADDONFLATAMOUNT
Column Name found in Datamart and Curated Table :: ADDONPRICE
Column Name found in Datamart and Curated Table :: COPIEDFROM_ID
Column Name found in Datamart and Curated Table :: IMAGES
Column Name found in Datamart and Curated Table :: SOURCEVERSION
Column Name found in Datamart and Curated Table :: DISPLAYINAMOUNT
Column Name found in Datamart and Curated Table :: ISINVENTORY
Column Name found in Datamart and Curated Table :: MEMBERPRICE
Column Name found in Datamart and Curated Table :: AVALARACOMMERCIALTAXCODE
Column Name found in Datamart and Curated Table :: PRICE
Column Name found in Datamart and Curated Table :: EXCLUDEFROMPRICEBOOKWIZARD
Column Name found in Datamart and Curated Table :: ACCOUNT
Column Name found in Datamart and Curated Table :: ASSETACCOUNT_ID
Column Name found in Datamart and Curated Table :: MODEL
Column Name found in Datamart and Curated Table :: MODIFIEDON
Column Name found in Datamart and Curated Table :: ALLOWDISCOUNTS
Column Name found in Datamart and Curated Table :: BRAND
Column Name found in Datamart and Curated Table :: MANUFACTURERWARRANTY_DESCRIPTION
Column Name found in Datamart and Curated Table :: MANUFACTURERWARRANTY_DURATION
Column Name found in Datamart and Curated Table :: AVALARARESIDENTIALTAXCODE
Column Name found in Datamart and Curated Table :: COST
Column Name found in Datamart and Curated Table :: NAME
Column Name found in Datamart and Curated Table :: SOURCE
Column Name found in Datamart and Curated Table :: PROVIDER_ID
Column Name found in Datamart and Curated Table :: TAXABLE
Column Name found in Datamart and Curated Table :: DISPLAYNAME
Column Name found in Datamart and Curated Table :: UNITOFMEASURE
Column Name found in Datamart and Curated Table :: WARRANTYRESERVE
Column Name found in Datamart and Curated Table :: ADDONMEMBERPRICE
Column Name found in Datamart and Curated Table :: COMMISSIONBONUS
Column Name found in Datamart and Curated Table :: DESCRIPTION
Column Name found in Datamart and Curated Table :: LOYALTYPROGRAMELIGIBLE
Column Name found in Datamart and Curated Table :: SCHEDULEDFLATAMOUNT
Column Name found in Datamart and Curated Table :: SERVICEPROVIDERWARRANTY_DURATION
Column Name found in Datamart and Curated Table :: SUPPLIERIMAGES
Column Name found in Datamart and Curated Table :: ORIGINAL_ID
Datamart tables contains additional column name like [ACTIVE_FLAG, RECORD_CREATE_DATE, RECORD_UPDATE_DATE, RECORD_UPDATE_DATE, MASTER_ID, TENANT_TYPE]
Curated tables contains additional column name like [RECORD_CREATE_DATE, RECORD_UPDATE_DATE, RECORD_UPDATED_BY, TENANT_TYPE]]]>
  </system-out>
  <testcase classname="testcases.RAW_DATAMART_CURATED.SnowFlake_ColumnValidation_BKPTables" name="validateColumnName_BKP" time="2.380"/>
  <system-out>
    <![CDATA[Executing Snowflake query :: SELECT COLUMN_NAME FROM DEV_ENT_RAW.INFORMATION_SCHEMA.COLUMNS WHERE TABLE_NAME='BUSINESSUNIT'and TABLE_SCHEMA='ST_HARP_MATILLION'
Executing Snowflake query :: SELECT COLUMN_NAME FROM CURATED_DATAMART.INFORMATION_SCHEMA.COLUMNS WHERE TABLE_NAME='STR_BUSINESSUNIT'and TABLE_SCHEMA='ST_BKP_HARP'
Executing Snowflake query :: SELECT COLUMN_NAME FROM DEV_ENT_CURATED.INFORMATION_SCHEMA.COLUMNS WHERE TABLE_NAME='DIM_BUSINESSUNIT'and TABLE_SCHEMA='MASTER_DIMENSIONS'
Column names for RAW Table --> BUSINESSUNIT :: [ADDRESS_LONGITUDE, BANKACCOUNTPROCESSOR_ID, DATA, FINANCEITPARTNERID, INTACCTENTITY_ID, INVOICEMESSAGE, LOGO, NOCHARGERESIDENTIAL, PAYROLLPERCENTAGEFEE, CREDITCARDPROCESSOR_ID, PAYMENTOPTIONS, PAYROLLJOBHOURSOTPAYCODE, TURNSCONTRACTORID, PAYROLLJOBHOURSSTPAYCODE, CONSTRUCTION, FRANCHISEEINFO_GST, SELLERFEE, ENABLEWORKORDERS, QUICKBOOKSCLASS, ACTIVE, AUTHORIZATIONAGREEMENT_ORIGINALFILENAME, CORPORATECONTRACTNUMBER, CREATEDON, MEALAPPOINTMENT_ID, PAYROLLJOBHOURSOVERTIMEPAYCODE_ID, PAYROLLJOBHOURSDOUBLEOVERTIMEPAYCODE_ID, PAYROLLTYPE, THREEDAYCANCELATIONPARAGRAPH, LICENSENUMBER, OFFERCOMMERCIALGENERALLIABILITY, PAYROLLFLATFEE, WARRANTYRATE, WORLDPAYMERCHANTPIN, PAYMENTPROCESSOR, ADDRESS_COUNTRY, ADDRESS_LATITUDE, ADDRESS_UNIT, AUTHORIZATIONAGREEMENT_FILENAME, DEFAULTTAXRATE, MINIMUMROYALTYFEE, IMPORTID, NOCHARGE, OFFERWORKERSCOMPENSATION, PAYROLLTASKBONUSPAYCODENEW, PAYROLLTURNOVERBONUSPAYCODENEW, PHONENUMBER, TGLBONUS, ESTIMATEAUTHORIZATIONPARAGRAPH, ACKNOWLEDGEMENTAGREEMENT_FILENAME, ADDRESS_ISMANUALCOORDINATES, AUTHORIZATIONPARAGRAPH, CREDITCARDPROCESSORKEY, EXTERNALID, FRANCHISEEINFO_TRUCKSOPERATING, MATERIALSKUREFERENCE_SKUID, NAME, PAYROLLEXPENSEDEDUCTIONTRIGGER, PAYROLLIDLETIMEDOUBLEOVERTIMEPAYCODE_ID, ADDRESS_STATE, CURRENCY, INVOICEHEADER, OFFICIALNAME, PAYROLLIDLETIMESTANDARDPAYCODE_ID, QUICKBOOKSROOTSALESACCOUNT, TRADE_ID, MATERIALSKUREFERENCE_SKUTYPE, PAYROLLJOBHOURSSTANDARDPAYCODE_ID, SERVICEFINANCEDEALERID, ACKNOWLEDGEMENTAGREEMENT_ORIGINALFILENAME, ADDRESS_STREET, CREDITCARDPROCESSORLOGIN, DIVISION_ID, NAVISIONOVERTIMEEARNINGCODE, PAYROLLIDLETIMEOTPAYCODE, PAYROLLTASKBONUSPAYCODE, BCCEMAIL, EMAIL, GOAL, INTEGRATEDREFUNDS_ID, MATERIALSKU_ID, PAYROLLSOLDBYPAYCODENEW, PAYROLLWEIGHTEDOTPAYCODE, NAVISIONSTANDARDTIMEEARNINGCODE, WORLDPAYACCOUNTID, INSURANCECOMPANYPHONE, PAYROLLCOSTMARKUP, ACKNOWLEDGEMENTPARAGRAPH, ADDRESS_ZIP, CREATEDBY_ID, FRANCHISEEINFO_COMMENTS, ID, PAYROLLWEIGHTEDOVERTIMEPAYCODE_ID, FINANCEITACCOUNTEMAIL, MODIFIEDON, NAVISIONGLCODE, PAYROLLIDLETIMEOVERTIMEPAYCODE_ID, PAYROLLTURNOVERBONUSPAYCODE, SERVICEFINANCEDEALERNAME, ACTIVATIONLOCKED, COMMISSIONCALCULATION, DIVISIONNAME, FRANCHISEEINFO_NAME, FRANCHISEEINFO_PIVOTALNUMBER, FINANCEITAUTHTOKEN, FRANCHISEEINFO_CONTRACT, INSURANCECOMPANYNAME, NOCHARGECOMMERCIAL, POSTDATE, TURNOVERMINIMUMTHRESHOLD, ADDRESS_ISMILITARY, CALIFORNIACOMPLIANTCONTRACTDOCUMENTS, GREENSKYMERCHANTID, OVERTIMEMODE, ADDRESS_CITY, ENABLEWORKORDERSEQUIPMENTFORMATTING, HIDEPRICES, HVACDASHBOARDSECTIONS, PAYROLLIDLETIMESTPAYCODE, PAYROLLINVOICEBONUSPAYCODE_ID, PAYROLLFLATFEEMINIMUM, PAYROLLPERCENTAGEFEEMINIMUM, PAYROLLSOLDBYPAYCODE, WORLDPAYSUBID, QUICKBOOKSOAUTHSETTINGS, JOBBOOKEDALERTRECIPIENTS]
Column names for DataMart Table --> STR_BUSINESSUNIT :: [ACKNOWLEDGEMENTAGREEMENT_ORIGINALFILENAME, ADDRESS_ISMANUALCOORDINATES, AUTHORIZATIONPARAGRAPH, CALIFORNIACOMPLIANTCONTRACTDOCUMENTS, CONSTRUCTION, FRANCHISEEINFO_PIVOTALNUMBER, MATERIALSKU_ID, PAYMENTOPTIONS, PAYMENTPROCESSOR, PAYROLLCOSTMARKUP, CREDITCARDPROCESSORKEY, INSURANCECOMPANYPHONE, LOGO, MATERIALSKUREFERENCE_SKUID, OFFICIALNAME, TURNOVERMINIMUMTHRESHOLD, WORLDPAYACCOUNTID, PAYROLLTURNOVERBONUSPAYCODENEW, OVERTIMEMODE, TGLBONUS, POSTDATE, BCCEMAIL, CORPORATECONTRACTNUMBER, LICENSENUMBER, NOCHARGE, PHONENUMBER, ADDRESS_ZIP, PAYROLLTASKBONUSPAYCODE, GREENSKYMERCHANTID, PAYROLLIDLETIMEOTPAYCODE, QUICKBOOKSOAUTHSETTINGS, ACKNOWLEDGEMENTPARAGRAPH, ADDRESS_COUNTRY, ADDRESS_STREET, CREDITCARDPROCESSORLOGIN, DEFAULTTAXRATE, FRANCHISEEINFO_COMMENTS, JOBBOOKEDALERTRECIPIENTS, PAYROLLINVOICEBONUSPAYCODE_ID, WORLDPAYSUBID, INVOICEMESSAGE, MATERIALSKUREFERENCE_SKUTYPE, MEALAPPOINTMENT_ID, MINIMUMROYALTYFEE, PAYROLLJOBHOURSOTPAYCODE, PAYROLLJOBHOURSSTANDARDPAYCODE_ID, TRADE_ID, ADDRESS_UNIT, PAYROLLFLATFEEMINIMUM, OFFERCOMMERCIALGENERALLIABILITY, AUTHORIZATIONAGREEMENT_ORIGINALFILENAME, ADDRESS_CITY, CREATEDBY_ID, CREATEDON, CREDITCARDPROCESSOR_ID, ENABLEWORKORDERS, EXTERNALID, NAVISIONSTANDARDTIMEEARNINGCODE, PAYROLLTASKBONUSPAYCODENEW, FRANCHISEEINFO_NAME, HVACDASHBOARDSECTIONS, OFFERWORKERSCOMPENSATION, PAYROLLJOBHOURSDOUBLEOVERTIMEPAYCODE_ID, PAYROLLSOLDBYPAYCODE, QUICKBOOKSROOTSALESACCOUNT, MODIFIEDON, PAYROLLTURNOVERBONUSPAYCODE, PAYROLLWEIGHTEDOTPAYCODE, ACTIVATIONLOCKED, ADDRESS_LONGITUDE, BANKACCOUNTPROCESSOR_ID, IMPORTID, INTACCTENTITY_ID, INTEGRATEDREFUNDS_ID, PAYROLLEXPENSEDEDUCTIONTRIGGER, RECORD_UPDATE_DATE, PAYROLLTYPE, QUICKBOOKSCLASS, ESTIMATEAUTHORIZATIONPARAGRAPH, SELLERFEE, DIVISIONNAME, NOCHARGERESIDENTIAL, PAYROLLIDLETIMESTANDARDPAYCODE_ID, TURNSCONTRACTORID, ADDRESS_LATITUDE, CURRENCY, NOCHARGECOMMERCIAL, PAYROLLIDLETIMEOVERTIMEPAYCODE_ID, RECORD_CREATE_DATE, TENANT_TYPE, WORLDPAYMERCHANTPIN, ACKNOWLEDGEMENTAGREEMENT_FILENAME, ACTIVE_FLAG, ADDRESS_ISMILITARY, ADDRESS_STATE, AUTHORIZATIONAGREEMENT_FILENAME, PAYROLLFLATFEE, DATA, DIVISION_ID, ENABLEWORKORDERSEQUIPMENTFORMATTING, FINANCEITACCOUNTEMAIL, NAME, PAYROLLJOBHOURSOVERTIMEPAYCODE_ID, PAYROLLJOBHOURSSTPAYCODE, PAYROLLPERCENTAGEFEE, MASTER_ID, PAYROLLPERCENTAGEFEEMINIMUM, EMAIL, FINANCEITAUTHTOKEN, SERVICEFINANCEDEALERNAME, NAVISIONGLCODE, FRANCHISEEINFO_CONTRACT, ACTIVE, HIDEPRICES, ID, INVOICEHEADER, PAYROLLWEIGHTEDOVERTIMEPAYCODE_ID, COMMISSIONCALCULATION, FINANCEITPARTNERID, FRANCHISEEINFO_GST, GOAL, INSURANCECOMPANYNAME, NAVISIONOVERTIMEEARNINGCODE, PAYROLLIDLETIMESTPAYCODE, THREEDAYCANCELATIONPARAGRAPH, FRANCHISEEINFO_TRUCKSOPERATING, PAYROLLSOLDBYPAYCODENEW, WARRANTYRATE, SERVICEFINANCEDEALERID, PAYROLLIDLETIMEDOUBLEOVERTIMEPAYCODE_ID]
Column names for Curated Table --> DIM_BUSINESSUNIT :: [ADDRESS_COUNTRY, ADDRESS_STREET, BANKACCOUNTPROCESSOR_ID, MEALAPPOINTMENT_ID, CREATEDBY_ID, DIVISION_ID, OFFERCOMMERCIALGENERALLIABILITY, PAYMENTPROCESSOR, PAYROLLJOBHOURSSTANDARDPAYCODE_ID, PAYROLLSOLDBYPAYCODE, TGLBONUS, NAME, PAYROLLCOSTMARKUP, PAYROLLJOBHOURSDOUBLEOVERTIMEPAYCODE_ID, LICENSENUMBER, LOGO, OVERTIMEMODE, ACKNOWLEDGEMENTAGREEMENT_ORIGINALFILENAME, AUTHORIZATIONPARAGRAPH, FINANCEITPARTNERID, WARRANTYRATE, FINANCEITACCOUNTEMAIL, PAYROLLTYPE, QUICKBOOKSCLASS, QUICKBOOKSOAUTHSETTINGS, GREENSKYMERCHANTID, CREDITCARDPROCESSORKEY, CREDITCARDPROCESSORLOGIN, CREDITCARDPROCESSOR_ID, DEFAULTTAXRATE, FRANCHISEEINFO_COMMENTS, HVACDASHBOARDSECTIONS, MODIFIEDON, WORLDPAYACCOUNTID, PAYROLLIDLETIMEDOUBLEOVERTIMEPAYCODE_ID, TENANT_TYPE, FRANCHISEEINFO_GST, RECORD_CREATE_DATE, NOCHARGE, PAYMENTOPTIONS, PAYROLLPERCENTAGEFEE, PAYROLLSOLDBYPAYCODENEW, ADDRESS_LONGITUDE, ADDRESS_ZIP, CREATEDON, INTEGRATEDREFUNDS_ID, JOBBOOKEDALERTRECIPIENTS, NAVISIONOVERTIMEEARNINGCODE, PAYROLLINVOICEBONUSPAYCODE_ID, ACTIVE, ADDRESS_STATE, AUTHORIZATIONAGREEMENT_ORIGINALFILENAME, ENABLEWORKORDERS, MATERIALSKU_ID, NAVISIONSTANDARDTIMEEARNINGCODE, PAYROLLJOBHOURSSTPAYCODE, POSTDATE, ADDRESS_ISMILITARY, ADDRESS_LATITUDE, ADDRESS_UNIT, CALIFORNIACOMPLIANTCONTRACTDOCUMENTS, ENABLEWORKORDERSEQUIPMENTFORMATTING, HIDEPRICES, INVOICEHEADER, COMMISSIONCALCULATION, EMAIL, FRANCHISEEINFO_TRUCKSOPERATING, PAYROLLIDLETIMESTANDARDPAYCODE_ID, PAYROLLIDLETIMESTPAYCODE, TRADE_ID, AUTHORIZATIONAGREEMENT_FILENAME, SERVICEFINANCEDEALERID, WORLDPAYMERCHANTPIN, BCCEMAIL, OFFERWORKERSCOMPENSATION, NAVISIONGLCODE, WORLDPAYSUBID, ACKNOWLEDGEMENTAGREEMENT_FILENAME, ACTIVATIONLOCKED, DIVISIONNAME, FINANCEITAUTHTOKEN, FRANCHISEEINFO_PIVOTALNUMBER, INSURANCECOMPANYNAME, PAYROLLWEIGHTEDOVERTIMEPAYCODE_ID, TURNSCONTRACTORID, FRANCHISEEINFO_NAME, MINIMUMROYALTYFEE, PAYROLLEXPENSEDEDUCTIONTRIGGER, PAYROLLPERCENTAGEFEEMINIMUM, RECORD_UPDATED_BY, SERVICEFINANCEDEALERNAME, ESTIMATEAUTHORIZATIONPARAGRAPH, TURNOVERMINIMUMTHRESHOLD, PAYROLLIDLETIMEOVERTIMEPAYCODE_ID, RECORD_UPDATE_DATE, ACKNOWLEDGEMENTPARAGRAPH, ADDRESS_ISMANUALCOORDINATES, INVOICEMESSAGE, MATERIALSKUREFERENCE_SKUID, MATERIALSKUREFERENCE_SKUTYPE, PAYROLLIDLETIMEOTPAYCODE, PAYROLLJOBHOURSOTPAYCODE, PAYROLLJOBHOURSOVERTIMEPAYCODE_ID, CONSTRUCTION, CORPORATECONTRACTNUMBER, DATA, NOCHARGECOMMERCIAL, NOCHARGERESIDENTIAL, PAYROLLTASKBONUSPAYCODE, PAYROLLTASKBONUSPAYCODENEW, QUICKBOOKSROOTSALESACCOUNT, ID, PAYROLLTURNOVERBONUSPAYCODENEW, ADDRESS_CITY, CURRENCY, GOAL, IMPORTID, INSURANCECOMPANYPHONE, PAYROLLTURNOVERBONUSPAYCODE, OFFICIALNAME, PAYROLLFLATFEE, PHONENUMBER, SELLERFEE, THREEDAYCANCELATIONPARAGRAPH, FRANCHISEEINFO_CONTRACT, PAYROLLFLATFEEMINIMUM, PAYROLLWEIGHTEDOTPAYCODE, INTACCTENTITY_ID, EXTERNALID]
Column Name found in Datamart and Curated Table :: ADDRESS_LONGITUDE
Column Name found in Datamart and Curated Table :: BANKACCOUNTPROCESSOR_ID
Column Name found in Datamart and Curated Table :: DATA
Column Name found in Datamart and Curated Table :: FINANCEITPARTNERID
Column Name found in Datamart and Curated Table :: INTACCTENTITY_ID
Column Name found in Datamart and Curated Table :: INVOICEMESSAGE
Column Name found in Datamart and Curated Table :: LOGO
Column Name found in Datamart and Curated Table :: NOCHARGERESIDENTIAL
Column Name found in Datamart and Curated Table :: PAYROLLPERCENTAGEFEE
Column Name found in Datamart and Curated Table :: CREDITCARDPROCESSOR_ID
Column Name found in Datamart and Curated Table :: PAYMENTOPTIONS
Column Name found in Datamart and Curated Table :: PAYROLLJOBHOURSOTPAYCODE
Column Name found in Datamart and Curated Table :: TURNSCONTRACTORID
Column Name found in Datamart and Curated Table :: PAYROLLJOBHOURSSTPAYCODE
Column Name found in Datamart and Curated Table :: CONSTRUCTION
Column Name found in Datamart and Curated Table :: FRANCHISEEINFO_GST
Column Name found in Datamart and Curated Table :: SELLERFEE
Column Name found in Datamart and Curated Table :: ENABLEWORKORDERS
Column Name found in Datamart and Curated Table :: QUICKBOOKSCLASS
Column Name found in Datamart and Curated Table :: ACTIVE
Column Name found in Datamart and Curated Table :: AUTHORIZATIONAGREEMENT_ORIGINALFILENAME
Column Name found in Datamart and Curated Table :: CORPORATECONTRACTNUMBER
Column Name found in Datamart and Curated Table :: CREATEDON
Column Name found in Datamart and Curated Table :: MEALAPPOINTMENT_ID
Column Name found in Datamart and Curated Table :: PAYROLLJOBHOURSOVERTIMEPAYCODE_ID
Column Name found in Datamart and Curated Table :: PAYROLLJOBHOURSDOUBLEOVERTIMEPAYCODE_ID
Column Name found in Datamart and Curated Table :: PAYROLLTYPE
Column Name found in Datamart and Curated Table :: THREEDAYCANCELATIONPARAGRAPH
Column Name found in Datamart and Curated Table :: LICENSENUMBER
Column Name found in Datamart and Curated Table :: OFFERCOMMERCIALGENERALLIABILITY
Column Name found in Datamart and Curated Table :: PAYROLLFLATFEE
Column Name found in Datamart and Curated Table :: WARRANTYRATE
Column Name found in Datamart and Curated Table :: WORLDPAYMERCHANTPIN
Column Name found in Datamart and Curated Table :: PAYMENTPROCESSOR
Column Name found in Datamart and Curated Table :: ADDRESS_COUNTRY
Column Name found in Datamart and Curated Table :: ADDRESS_LATITUDE
Column Name found in Datamart and Curated Table :: ADDRESS_UNIT
Column Name found in Datamart and Curated Table :: AUTHORIZATIONAGREEMENT_FILENAME
Column Name found in Datamart and Curated Table :: DEFAULTTAXRATE
Column Name found in Datamart and Curated Table :: MINIMUMROYALTYFEE
Column Name found in Datamart and Curated Table :: IMPORTID
Column Name found in Datamart and Curated Table :: NOCHARGE
Column Name found in Datamart and Curated Table :: OFFERWORKERSCOMPENSATION
Column Name found in Datamart and Curated Table :: PAYROLLTASKBONUSPAYCODENEW
Column Name found in Datamart and Curated Table :: PAYROLLTURNOVERBONUSPAYCODENEW
Column Name found in Datamart and Curated Table :: PHONENUMBER
Column Name found in Datamart and Curated Table :: TGLBONUS
Column Name found in Datamart and Curated Table :: ESTIMATEAUTHORIZATIONPARAGRAPH
Column Name found in Datamart and Curated Table :: ACKNOWLEDGEMENTAGREEMENT_FILENAME
Column Name found in Datamart and Curated Table :: ADDRESS_ISMANUALCOORDINATES
Column Name found in Datamart and Curated Table :: AUTHORIZATIONPARAGRAPH
Column Name found in Datamart and Curated Table :: CREDITCARDPROCESSORKEY
Column Name found in Datamart and Curated Table :: EXTERNALID
Column Name found in Datamart and Curated Table :: FRANCHISEEINFO_TRUCKSOPERATING
Column Name found in Datamart and Curated Table :: MATERIALSKUREFERENCE_SKUID
Column Name found in Datamart and Curated Table :: NAME
Column Name found in Datamart and Curated Table :: PAYROLLEXPENSEDEDUCTIONTRIGGER
Column Name found in Datamart and Curated Table :: PAYROLLIDLETIMEDOUBLEOVERTIMEPAYCODE_ID
Column Name found in Datamart and Curated Table :: ADDRESS_STATE
Column Name found in Datamart and Curated Table :: CURRENCY
Column Name found in Datamart and Curated Table :: INVOICEHEADER
Column Name found in Datamart and Curated Table :: OFFICIALNAME
Column Name found in Datamart and Curated Table :: PAYROLLIDLETIMESTANDARDPAYCODE_ID
Column Name found in Datamart and Curated Table :: QUICKBOOKSROOTSALESACCOUNT
Column Name found in Datamart and Curated Table :: TRADE_ID
Column Name found in Datamart and Curated Table :: MATERIALSKUREFERENCE_SKUTYPE
Column Name found in Datamart and Curated Table :: PAYROLLJOBHOURSSTANDARDPAYCODE_ID
Column Name found in Datamart and Curated Table :: SERVICEFINANCEDEALERID
Column Name found in Datamart and Curated Table :: ACKNOWLEDGEMENTAGREEMENT_ORIGINALFILENAME
Column Name found in Datamart and Curated Table :: ADDRESS_STREET
Column Name found in Datamart and Curated Table :: CREDITCARDPROCESSORLOGIN
Column Name found in Datamart and Curated Table :: DIVISION_ID
Column Name found in Datamart and Curated Table :: NAVISIONOVERTIMEEARNINGCODE
Column Name found in Datamart and Curated Table :: PAYROLLIDLETIMEOTPAYCODE
Column Name found in Datamart and Curated Table :: PAYROLLTASKBONUSPAYCODE
Column Name found in Datamart and Curated Table :: BCCEMAIL
Column Name found in Datamart and Curated Table :: EMAIL
Column Name found in Datamart and Curated Table :: GOAL
Column Name found in Datamart and Curated Table :: INTEGRATEDREFUNDS_ID
Column Name found in Datamart and Curated Table :: MATERIALSKU_ID
Column Name found in Datamart and Curated Table :: PAYROLLSOLDBYPAYCODENEW
Column Name found in Datamart and Curated Table :: PAYROLLWEIGHTEDOTPAYCODE
Column Name found in Datamart and Curated Table :: NAVISIONSTANDARDTIMEEARNINGCODE
Column Name found in Datamart and Curated Table :: WORLDPAYACCOUNTID
Column Name found in Datamart and Curated Table :: INSURANCECOMPANYPHONE
Column Name found in Datamart and Curated Table :: PAYROLLCOSTMARKUP
Column Name found in Datamart and Curated Table :: ACKNOWLEDGEMENTPARAGRAPH
Column Name found in Datamart and Curated Table :: ADDRESS_ZIP
Column Name found in Datamart and Curated Table :: CREATEDBY_ID
Column Name found in Datamart and Curated Table :: FRANCHISEEINFO_COMMENTS
Column Name found in Datamart and Curated Table :: ID
Column Name found in Datamart and Curated Table :: PAYROLLWEIGHTEDOVERTIMEPAYCODE_ID
Column Name found in Datamart and Curated Table :: FINANCEITACCOUNTEMAIL
Column Name found in Datamart and Curated Table :: MODIFIEDON
Column Name found in Datamart and Curated Table :: NAVISIONGLCODE
Column Name found in Datamart and Curated Table :: PAYROLLIDLETIMEOVERTIMEPAYCODE_ID
Column Name found in Datamart and Curated Table :: PAYROLLTURNOVERBONUSPAYCODE
Column Name found in Datamart and Curated Table :: SERVICEFINANCEDEALERNAME
Column Name found in Datamart and Curated Table :: ACTIVATIONLOCKED
Column Name found in Datamart and Curated Table :: COMMISSIONCALCULATION
Column Name found in Datamart and Curated Table :: DIVISIONNAME
Column Name found in Datamart and Curated Table :: FRANCHISEEINFO_NAME
Column Name found in Datamart and Curated Table :: FRANCHISEEINFO_PIVOTALNUMBER
Column Name found in Datamart and Curated Table :: FINANCEITAUTHTOKEN
Column Name found in Datamart and Curated Table :: FRANCHISEEINFO_CONTRACT
Column Name found in Datamart and Curated Table :: INSURANCECOMPANYNAME
Column Name found in Datamart and Curated Table :: NOCHARGECOMMERCIAL
Column Name found in Datamart and Curated Table :: POSTDATE
Column Name found in Datamart and Curated Table :: TURNOVERMINIMUMTHRESHOLD
Column Name found in Datamart and Curated Table :: ADDRESS_ISMILITARY
Column Name found in Datamart and Curated Table :: CALIFORNIACOMPLIANTCONTRACTDOCUMENTS
Column Name found in Datamart and Curated Table :: GREENSKYMERCHANTID
Column Name found in Datamart and Curated Table :: OVERTIMEMODE
Column Name found in Datamart and Curated Table :: ADDRESS_CITY
Column Name found in Datamart and Curated Table :: ENABLEWORKORDERSEQUIPMENTFORMATTING
Column Name found in Datamart and Curated Table :: HIDEPRICES
Column Name found in Datamart and Curated Table :: HVACDASHBOARDSECTIONS
Column Name found in Datamart and Curated Table :: PAYROLLIDLETIMESTPAYCODE
Column Name found in Datamart and Curated Table :: PAYROLLINVOICEBONUSPAYCODE_ID
Column Name found in Datamart and Curated Table :: PAYROLLFLATFEEMINIMUM
Column Name found in Datamart and Curated Table :: PAYROLLPERCENTAGEFEEMINIMUM
Column Name found in Datamart and Curated Table :: PAYROLLSOLDBYPAYCODE
Column Name found in Datamart and Curated Table :: WORLDPAYSUBID
Column Name found in Datamart and Curated Table :: QUICKBOOKSOAUTHSETTINGS
Column Name found in Datamart and Curated Table :: JOBBOOKEDALERTRECIPIENTS
Datamart tables contains additional column name like [ACTIVE_FLAG, RECORD_CREATE_DATE, RECORD_UPDATE_DATE, RECORD_UPDATE_DATE, MASTER_ID, TENANT_TYPE]
Curated tables contains additional column name like [RECORD_CREATE_DATE, RECORD_UPDATE_DATE, RECORD_UPDATED_BY, TENANT_TYPE]]]>
  </system-out>
  <testcase classname="testcases.RAW_DATAMART_CURATED.SnowFlake_ColumnValidation_BKPTables" name="validateColumnName_BKP" time="2.468"/>
  <system-out>
    <![CDATA[Executing Snowflake query :: SELECT COLUMN_NAME FROM DEV_ENT_RAW.INFORMATION_SCHEMA.COLUMNS WHERE TABLE_NAME='PAYMENT'and TABLE_SCHEMA='ST_MAITZ_MATILLION'
Executing Snowflake query :: SELECT COLUMN_NAME FROM CURATED_DATAMART.INFORMATION_SCHEMA.COLUMNS WHERE TABLE_NAME='STR_PAYMENT'and TABLE_SCHEMA='ST_BKP_MAITZ'
Executing Snowflake query :: SELECT COLUMN_NAME FROM DEV_ENT_CURATED.INFORMATION_SCHEMA.COLUMNS WHERE TABLE_NAME='DIM_PAYMENT'and TABLE_SCHEMA='MASTER_DIMENSIONS'
Column names for RAW Table --> PAYMENT :: [AGREEMENTLANGUAGE, AUTHORIZATIONSIGNATURE, CREDITAVAILABLE, EXTERNALID, PROJECT_ID, FINANCINGOPERATOR, BUSINESSUNIT_ID, SETTLEMENTSTATUS, TRANSACTIONSTATUS, UNAPPLIEDAMOUNT, BATCH_ID, DEFERREDINTEREST, IMPORTID, TRANSACTION, REFUNDEDAMOUNT, SOURCE, APPLIEDON, CREATEDBY_ID, CUSTOMER_ID, EXPORTID, METHOD, CREATEDON, PAIDON, ID, INVOICE_ID, STATUS, AMOUNT, MEMO, NUMBER, ACTIVE, STOREDPAYMENT_ID, PAYMENTDATE, TYPE_ID, CHECKNUMBER, ESTIMATE_ID, SETTLEMENTDATE, MODIFIEDON]
Column names for DataMart Table --> STR_PAYMENT :: [BATCH_ID, CHECKNUMBER, MASTER_ID, SOURCE, APPLIEDON, STOREDPAYMENT_ID, METHOD, ACTIVE, AGREEMENTLANGUAGE, CREATEDBY_ID, CREATEDON, MEMO, RECORD_CREATE_DATE, NUMBER, REFUNDEDAMOUNT, PROJECT_ID, ESTIMATE_ID, RECORD_UPDATE_DATE, TRANSACTION, TYPE_ID, TRANSACTIONSTATUS, EXTERNALID, IMPORTID, UNAPPLIEDAMOUNT, MODIFIEDON, AUTHORIZATIONSIGNATURE, CREDITAVAILABLE, FINANCINGOPERATOR, ID, INVOICE_ID, AMOUNT, BUSINESSUNIT_ID, PAYMENTDATE, SETTLEMENTDATE, STATUS, ACTIVE_FLAG, CUSTOMER_ID, DEFERREDINTEREST, EXPORTID, SETTLEMENTSTATUS, TENANT_TYPE, PAIDON]
Column names for Curated Table --> DIM_PAYMENT :: [DEFERREDINTEREST, PAIDON, SOURCE, TENANT_TYPE, PAYMENTDATE, TYPE_ID, ACTIVE, INVOICE_ID, ESTIMATE_ID, UNAPPLIEDAMOUNT, STATUS, CREATEDBY_ID, CUSTOMER_ID, EXPORTID, IMPORTID, TRANSACTION, MEMO, RECORD_UPDATE_DATE, TRANSACTIONSTATUS, AMOUNT, AUTHORIZATIONSIGNATURE, CHECKNUMBER, MODIFIEDON, EXTERNALID, PROJECT_ID, APPLIEDON, BATCH_ID, CREATEDON, FINANCINGOPERATOR, ID, RECORD_UPDATED_BY, REFUNDEDAMOUNT, SETTLEMENTSTATUS, BUSINESSUNIT_ID, METHOD, AGREEMENTLANGUAGE, CREDITAVAILABLE, NUMBER, RECORD_CREATE_DATE, SETTLEMENTDATE, STOREDPAYMENT_ID]
Column Name found in Datamart and Curated Table :: AGREEMENTLANGUAGE
Column Name found in Datamart and Curated Table :: AUTHORIZATIONSIGNATURE
Column Name found in Datamart and Curated Table :: CREDITAVAILABLE
Column Name found in Datamart and Curated Table :: EXTERNALID
Column Name found in Datamart and Curated Table :: PROJECT_ID
Column Name found in Datamart and Curated Table :: FINANCINGOPERATOR
Column Name found in Datamart and Curated Table :: BUSINESSUNIT_ID
Column Name found in Datamart and Curated Table :: SETTLEMENTSTATUS
Column Name found in Datamart and Curated Table :: TRANSACTIONSTATUS
Column Name found in Datamart and Curated Table :: UNAPPLIEDAMOUNT
Column Name found in Datamart and Curated Table :: BATCH_ID
Column Name found in Datamart and Curated Table :: DEFERREDINTEREST
Column Name found in Datamart and Curated Table :: IMPORTID
Column Name found in Datamart and Curated Table :: TRANSACTION
Column Name found in Datamart and Curated Table :: REFUNDEDAMOUNT
Column Name found in Datamart and Curated Table :: SOURCE
Column Name found in Datamart and Curated Table :: APPLIEDON
Column Name found in Datamart and Curated Table :: CREATEDBY_ID
Column Name found in Datamart and Curated Table :: CUSTOMER_ID
Column Name found in Datamart and Curated Table :: EXPORTID
Column Name found in Datamart and Curated Table :: METHOD
Column Name found in Datamart and Curated Table :: CREATEDON
Column Name found in Datamart and Curated Table :: PAIDON
Column Name found in Datamart and Curated Table :: ID
Column Name found in Datamart and Curated Table :: INVOICE_ID
Column Name found in Datamart and Curated Table :: STATUS
Column Name found in Datamart and Curated Table :: AMOUNT
Column Name found in Datamart and Curated Table :: MEMO
Column Name found in Datamart and Curated Table :: NUMBER
Column Name found in Datamart and Curated Table :: ACTIVE
Column Name found in Datamart and Curated Table :: STOREDPAYMENT_ID
Column Name found in Datamart and Curated Table :: PAYMENTDATE
Column Name found in Datamart and Curated Table :: TYPE_ID
Column Name found in Datamart and Curated Table :: CHECKNUMBER
Column Name found in Datamart and Curated Table :: ESTIMATE_ID
Column Name found in Datamart and Curated Table :: SETTLEMENTDATE
Column Name found in Datamart and Curated Table :: MODIFIEDON
Datamart tables contains additional column name like [ACTIVE_FLAG, RECORD_CREATE_DATE, RECORD_UPDATE_DATE, RECORD_UPDATE_DATE, MASTER_ID, TENANT_TYPE]
Curated tables contains additional column name like [RECORD_CREATE_DATE, RECORD_UPDATE_DATE, RECORD_UPDATED_BY, TENANT_TYPE]]]>
  </system-out>
  <testcase classname="testcases.RAW_DATAMART_CURATED.SnowFlake_ColumnValidation_BKPTables" name="validateColumnName_BKP" time="2.344"/>
  <system-out>
    <![CDATA[Executing Snowflake query :: SELECT COLUMN_NAME FROM DEV_ENT_RAW.INFORMATION_SCHEMA.COLUMNS WHERE TABLE_NAME='LOCATION'and TABLE_SCHEMA='ST_HORIZONSERVICES_MATILLION'
Executing Snowflake query :: SELECT COLUMN_NAME FROM CURATED_DATAMART.INFORMATION_SCHEMA.COLUMNS WHERE TABLE_NAME='STR_LOCATION'and TABLE_SCHEMA='ST_BKP_HORIZONSERVICES'
Executing Snowflake query :: SELECT COLUMN_NAME FROM DEV_ENT_CURATED.INFORMATION_SCHEMA.COLUMNS WHERE TABLE_NAME='DIM_LOCATION'and TABLE_SCHEMA='MASTER_DIMENSIONS'
Column names for RAW Table --> LOCATION :: [NAME, ADDRESS_COUNTRY, ADDRESS_ISMANUALCOORDINATES, ADDRESS_LATITUDE, TAXZONE_ID, AUTOLONGITUDE, ZONE_ID, ACTIVE, CREATEDON, DONOTSENDTECHNICIAN_ID, RECURRINGSERVICE_FROM, RECURRINGSERVICE_MEMO, RECURRINGSERVICE_RECURRENCEINTERVAL, RECURRINGSERVICE_TYPE, ADDRESS_ZIP, AUTOLATITUDE, ID, NOCHARGE, RECURRINGSERVICE_CANCELLATIONDATE, SUMMARY, RECURRINGSERVICE_TO, ADDRESS_LONGITUDE, ESTIMATEDTAX, MODIFIEDON, ADDRESS_CITY, ADDRESS_STATE, ADDRESS_UNIT, CREATEDBY_ID, ISPREVAILINGWAGE, RECURRINGSERVICE_ACTIVATEDBY, RECURRINGSERVICE_ACTIVATEDFROM, TAXABLE, TAXEXEMPT, ADDRESS_STREET, AVALARAENTITYCODE, ADDRESS_ISMILITARY, CUSTOMER_ID, IMPORTID, PREFERREDTECHNICIAN_ID]
Column names for DataMart Table --> STR_LOCATION :: [CREATEDON, DONOTSENDTECHNICIAN_ID, MODIFIEDON, ADDRESS_ZIP, RECURRINGSERVICE_MEMO, ZONE_ID, RECORD_UPDATE_DATE, ADDRESS_ISMANUALCOORDINATES, IMPORTID, RECURRINGSERVICE_FROM, RECURRINGSERVICE_RECURRENCEINTERVAL, SUMMARY, TAXZONE_ID, ADDRESS_STREET, ACTIVE, AUTOLATITUDE, RECURRINGSERVICE_CANCELLATIONDATE, AUTOLONGITUDE, RECORD_CREATE_DATE, ACTIVE_FLAG, ADDRESS_ISMILITARY, ADDRESS_STATE, ESTIMATEDTAX, NAME, ISPREVAILINGWAGE, RECURRINGSERVICE_TYPE, TAXEXEMPT, CUSTOMER_ID, ADDRESS_COUNTRY, ADDRESS_LATITUDE, ID, PREFERREDTECHNICIAN_ID, RECURRINGSERVICE_ACTIVATEDFROM, TENANT_TYPE, ADDRESS_CITY, ADDRESS_LONGITUDE, ADDRESS_UNIT, MASTER_ID, NOCHARGE, RECURRINGSERVICE_ACTIVATEDBY, TAXABLE, AVALARAENTITYCODE, CREATEDBY_ID, RECURRINGSERVICE_TO]
Column names for Curated Table --> DIM_LOCATION :: [ADDRESS_UNIT, AUTOLONGITUDE, RECURRINGSERVICE_ACTIVATEDFROM, RECURRINGSERVICE_TO, TAXABLE, ADDRESS_CITY, ADDRESS_LATITUDE, IMPORTID, NAME, RECURRINGSERVICE_MEMO, ADDRESS_LONGITUDE, ADDRESS_STATE, ADDRESS_STREET, DONOTSENDTECHNICIAN_ID, MODIFIEDON, TAXZONE_ID, ADDRESS_ISMANUALCOORDINATES, ESTIMATEDTAX, ISPREVAILINGWAGE, RECURRINGSERVICE_ACTIVATEDBY, AUTOLATITUDE, RECORD_UPDATED_BY, RECORD_UPDATE_DATE, SUMMARY, CUSTOMER_ID, ZONE_ID, TENANT_TYPE, ADDRESS_COUNTRY, ADDRESS_ZIP, NOCHARGE, RECURRINGSERVICE_FROM, RECURRINGSERVICE_RECURRENCEINTERVAL, CREATEDON, RECORD_CREATE_DATE, AVALARAENTITYCODE, RECURRINGSERVICE_CANCELLATIONDATE, RECURRINGSERVICE_TYPE, PREFERREDTECHNICIAN_ID, ACTIVE, ADDRESS_ISMILITARY, CREATEDBY_ID, ID, TAXEXEMPT]
Column Name found in Datamart and Curated Table :: NAME
Column Name found in Datamart and Curated Table :: ADDRESS_COUNTRY
Column Name found in Datamart and Curated Table :: ADDRESS_ISMANUALCOORDINATES
Column Name found in Datamart and Curated Table :: ADDRESS_LATITUDE
Column Name found in Datamart and Curated Table :: TAXZONE_ID
Column Name found in Datamart and Curated Table :: AUTOLONGITUDE
Column Name found in Datamart and Curated Table :: ZONE_ID
Column Name found in Datamart and Curated Table :: ACTIVE
Column Name found in Datamart and Curated Table :: CREATEDON
Column Name found in Datamart and Curated Table :: DONOTSENDTECHNICIAN_ID
Column Name found in Datamart and Curated Table :: RECURRINGSERVICE_FROM
Column Name found in Datamart and Curated Table :: RECURRINGSERVICE_MEMO
Column Name found in Datamart and Curated Table :: RECURRINGSERVICE_RECURRENCEINTERVAL
Column Name found in Datamart and Curated Table :: RECURRINGSERVICE_TYPE
Column Name found in Datamart and Curated Table :: ADDRESS_ZIP
Column Name found in Datamart and Curated Table :: AUTOLATITUDE
Column Name found in Datamart and Curated Table :: ID
Column Name found in Datamart and Curated Table :: NOCHARGE
Column Name found in Datamart and Curated Table :: RECURRINGSERVICE_CANCELLATIONDATE
Column Name found in Datamart and Curated Table :: SUMMARY
Column Name found in Datamart and Curated Table :: RECURRINGSERVICE_TO
Column Name found in Datamart and Curated Table :: ADDRESS_LONGITUDE
Column Name found in Datamart and Curated Table :: ESTIMATEDTAX
Column Name found in Datamart and Curated Table :: MODIFIEDON
Column Name found in Datamart and Curated Table :: ADDRESS_CITY
Column Name found in Datamart and Curated Table :: ADDRESS_STATE
Column Name found in Datamart and Curated Table :: ADDRESS_UNIT
Column Name found in Datamart and Curated Table :: CREATEDBY_ID
Column Name found in Datamart and Curated Table :: ISPREVAILINGWAGE
Column Name found in Datamart and Curated Table :: RECURRINGSERVICE_ACTIVATEDBY
Column Name found in Datamart and Curated Table :: RECURRINGSERVICE_ACTIVATEDFROM
Column Name found in Datamart and Curated Table :: TAXABLE
Column Name found in Datamart and Curated Table :: TAXEXEMPT
Column Name found in Datamart and Curated Table :: ADDRESS_STREET
Column Name found in Datamart and Curated Table :: AVALARAENTITYCODE
Column Name found in Datamart and Curated Table :: ADDRESS_ISMILITARY
Column Name found in Datamart and Curated Table :: CUSTOMER_ID
Column Name found in Datamart and Curated Table :: IMPORTID
Column Name found in Datamart and Curated Table :: PREFERREDTECHNICIAN_ID
Datamart tables contains additional column name like [ACTIVE_FLAG, RECORD_CREATE_DATE, RECORD_UPDATE_DATE, RECORD_UPDATE_DATE, MASTER_ID, TENANT_TYPE]
Curated tables contains additional column name like [RECORD_CREATE_DATE, RECORD_UPDATE_DATE, RECORD_UPDATED_BY, TENANT_TYPE]]]>
  </system-out>
  <testcase classname="testcases.RAW_DATAMART_CURATED.SnowFlake_ColumnValidation_BKPTables" name="validateColumnName_BKP" time="2.968"/>
  <system-out>
    <![CDATA[Executing Snowflake query :: SELECT COLUMN_NAME FROM DEV_ENT_RAW.INFORMATION_SCHEMA.COLUMNS WHERE TABLE_NAME='CUSTOMERMEMBERSHIP'and TABLE_SCHEMA='ST_HDAIR_MATILLION'
Executing Snowflake query :: SELECT COLUMN_NAME FROM CURATED_DATAMART.INFORMATION_SCHEMA.COLUMNS WHERE TABLE_NAME='STR_CUSTOMERMEMBERSHIP'and TABLE_SCHEMA='ST_BKP_HDAIR'
Executing Snowflake query :: SELECT COLUMN_NAME FROM DEV_ENT_CURATED.INFORMATION_SCHEMA.COLUMNS WHERE TABLE_NAME='DIM_CUSTOMERMEMBERSHIP'and TABLE_SCHEMA='MASTER_DIMENSIONS'
Column names for RAW Table --> CUSTOMERMEMBERSHIP :: [BILLINGFREQUENCY, FIRSTSCHEDULEDBILLDATE, MEMO, RECURRINGLOCATION_ID, RENEWALMEMBERSHIPTASK_ID, RENEWEDBY_ID, TO, PAYMENTTYPE_ID, ACTIVE, BILLINGCOVERAGEPERIOD, CANCELATIONBALANCEINVOICE_ID, FOLLOWUPCUSTOMSTATUS_ID, FOLLOWUPSTATUS, ID, INITIALDEFERREDREVENUE, PAYMENTMETHOD_ID, CREATEDON, IMPORTID, LOCATION_ID, MODIFIEDON, PREVIOUSRECURRINGLOCATION_ID, RENEWALMEMBERSHIPTASKREFERENCE_SKUTYPE, BILLINGPREFERENCE, DURATION, RENEWALBILLINGFREQUENCY, BILLINGTEMPLATE_ID, CANCELATIONBUYOUTINVOICE_ID, EXPIREDAT, FROM, INVOICETEMPLATE_ID, NEXTSCHEDULEDBILLDATE, SOLDBY_ID, FOLLOWUPON, TYPE_ID, BUSINESSUNIT_ID, CUSTOMER_ID, RENEWALDURATION, RENEWALMEMBERSHIPTASKREFERENCE_SKUID, ACTIVATEDBY_ID, ACTIVATEDFROM_ID, CANCELLATIONDATE, BILLINGEMAIL_ID, CANCELATIONINVOICE_ID, CREATEDBY_ID, CUSTOMERPO, STATUS]
Column names for DataMart Table --> STR_CUSTOMERMEMBERSHIP :: [ACTIVATEDBY_ID, ACTIVATEDFROM_ID, ACTIVE_FLAG, BILLINGEMAIL_ID, FOLLOWUPON, RENEWALBILLINGFREQUENCY, RENEWALMEMBERSHIPTASKREFERENCE_SKUID, RENEWALMEMBERSHIPTASK_ID, FOLLOWUPCUSTOMSTATUS_ID, PREVIOUSRECURRINGLOCATION_ID, RECORD_CREATE_DATE, ACTIVE, CANCELATIONBUYOUTINVOICE_ID, EXPIREDAT, FIRSTSCHEDULEDBILLDATE, RENEWALMEMBERSHIPTASKREFERENCE_SKUTYPE, NEXTSCHEDULEDBILLDATE, BILLINGFREQUENCY, CANCELLATIONDATE, INVOICETEMPLATE_ID, TO, BUSINESSUNIT_ID, LOCATION_ID, TENANT_TYPE, TYPE_ID, BILLINGPREFERENCE, CANCELATIONBALANCEINVOICE_ID, CREATEDBY_ID, CUSTOMER_ID, RECORD_UPDATE_DATE, RECURRINGLOCATION_ID, CREATEDON, CUSTOMERPO, DURATION, INITIALDEFERREDREVENUE, MEMO, RENEWEDBY_ID, FROM, ID, PAYMENTTYPE_ID, FOLLOWUPSTATUS, RENEWALDURATION, SOLDBY_ID, BILLINGCOVERAGEPERIOD, BILLINGTEMPLATE_ID, IMPORTID, MASTER_ID, MODIFIEDON, PAYMENTMETHOD_ID, STATUS, CANCELATIONINVOICE_ID]
Column names for Curated Table --> DIM_CUSTOMERMEMBERSHIP :: [BILLINGFREQUENCY, CREATEDBY_ID, MODIFIEDON, PAYMENTTYPE_ID, RECURRINGLOCATION_ID, ACTIVE, BILLINGEMAIL_ID, FIRSTSCHEDULEDBILLDATE, RENEWALMEMBERSHIPTASKREFERENCE_SKUTYPE, TENANT_TYPE, ACTIVATEDBY_ID, BUSINESSUNIT_ID, CREATEDON, ID, INITIALDEFERREDREVENUE, CUSTOMERPO, FOLLOWUPSTATUS, RENEWALDURATION, RECORD_UPDATED_BY, BILLINGTEMPLATE_ID, FOLLOWUPCUSTOMSTATUS_ID, PAYMENTMETHOD_ID, RECORD_UPDATE_DATE, SOLDBY_ID, TYPE_ID, RENEWALMEMBERSHIPTASK_ID, BILLINGPREFERENCE, EXPIREDAT, NEXTSCHEDULEDBILLDATE, ACTIVATEDFROM_ID, CANCELATIONBALANCEINVOICE_ID, FROM, RECORD_CREATE_DATE, RENEWALMEMBERSHIPTASKREFERENCE_SKUID, TO, FOLLOWUPON, BILLINGCOVERAGEPERIOD, CUSTOMER_ID, DURATION, IMPORTID, RENEWALBILLINGFREQUENCY, STATUS, MEMO, CANCELATIONINVOICE_ID, CANCELLATIONDATE, PREVIOUSRECURRINGLOCATION_ID, CANCELATIONBUYOUTINVOICE_ID, INVOICETEMPLATE_ID, LOCATION_ID, RENEWEDBY_ID]
Column Name found in Datamart and Curated Table :: BILLINGFREQUENCY
Column Name found in Datamart and Curated Table :: FIRSTSCHEDULEDBILLDATE
Column Name found in Datamart and Curated Table :: MEMO
Column Name found in Datamart and Curated Table :: RECURRINGLOCATION_ID
Column Name found in Datamart and Curated Table :: RENEWALMEMBERSHIPTASK_ID
Column Name found in Datamart and Curated Table :: RENEWEDBY_ID
Column Name found in Datamart and Curated Table :: TO
Column Name found in Datamart and Curated Table :: PAYMENTTYPE_ID
Column Name found in Datamart and Curated Table :: ACTIVE
Column Name found in Datamart and Curated Table :: BILLINGCOVERAGEPERIOD
Column Name found in Datamart and Curated Table :: CANCELATIONBALANCEINVOICE_ID
Column Name found in Datamart and Curated Table :: FOLLOWUPCUSTOMSTATUS_ID
Column Name found in Datamart and Curated Table :: FOLLOWUPSTATUS
Column Name found in Datamart and Curated Table :: ID
Column Name found in Datamart and Curated Table :: INITIALDEFERREDREVENUE
Column Name found in Datamart and Curated Table :: PAYMENTMETHOD_ID
Column Name found in Datamart and Curated Table :: CREATEDON
Column Name found in Datamart and Curated Table :: IMPORTID
Column Name found in Datamart and Curated Table :: LOCATION_ID
Column Name found in Datamart and Curated Table :: MODIFIEDON
Column Name found in Datamart and Curated Table :: PREVIOUSRECURRINGLOCATION_ID
Column Name found in Datamart and Curated Table :: RENEWALMEMBERSHIPTASKREFERENCE_SKUTYPE
Column Name found in Datamart and Curated Table :: BILLINGPREFERENCE
Column Name found in Datamart and Curated Table :: DURATION
Column Name found in Datamart and Curated Table :: RENEWALBILLINGFREQUENCY
Column Name found in Datamart and Curated Table :: BILLINGTEMPLATE_ID
Column Name found in Datamart and Curated Table :: CANCELATIONBUYOUTINVOICE_ID
Column Name found in Datamart and Curated Table :: EXPIREDAT
Column Name found in Datamart and Curated Table :: FROM
Column Name found in Datamart and Curated Table :: INVOICETEMPLATE_ID
Column Name found in Datamart and Curated Table :: NEXTSCHEDULEDBILLDATE
Column Name found in Datamart and Curated Table :: SOLDBY_ID
Column Name found in Datamart and Curated Table :: FOLLOWUPON
Column Name found in Datamart and Curated Table :: TYPE_ID
Column Name found in Datamart and Curated Table :: BUSINESSUNIT_ID
Column Name found in Datamart and Curated Table :: CUSTOMER_ID
Column Name found in Datamart and Curated Table :: RENEWALDURATION
Column Name found in Datamart and Curated Table :: RENEWALMEMBERSHIPTASKREFERENCE_SKUID
Column Name found in Datamart and Curated Table :: ACTIVATEDBY_ID
Column Name found in Datamart and Curated Table :: ACTIVATEDFROM_ID
Column Name found in Datamart and Curated Table :: CANCELLATIONDATE
Column Name found in Datamart and Curated Table :: BILLINGEMAIL_ID
Column Name found in Datamart and Curated Table :: CANCELATIONINVOICE_ID
Column Name found in Datamart and Curated Table :: CREATEDBY_ID
Column Name found in Datamart and Curated Table :: CUSTOMERPO
Column Name found in Datamart and Curated Table :: STATUS
Datamart tables contains additional column name like [ACTIVE_FLAG, RECORD_CREATE_DATE, RECORD_UPDATE_DATE, RECORD_UPDATE_DATE, MASTER_ID, TENANT_TYPE]
Curated tables contains additional column name like [RECORD_CREATE_DATE, RECORD_UPDATE_DATE, RECORD_UPDATED_BY, TENANT_TYPE]]]>
  </system-out>
  <testcase classname="testcases.RAW_DATAMART_CURATED.SnowFlake_ColumnValidation_BKPTables" name="validateColumnName_BKP" time="2.450"/>
  <system-out>
    <![CDATA[Executing Snowflake query :: SELECT COLUMN_NAME FROM DEV_ENT_RAW.INFORMATION_SCHEMA.COLUMNS WHERE TABLE_NAME='EMPLOYEE'and TABLE_SCHEMA='ST_HORIZONSERVICES_MATILLION'
Executing Snowflake query :: SELECT COLUMN_NAME FROM CURATED_DATAMART.INFORMATION_SCHEMA.COLUMNS WHERE TABLE_NAME='STR_EMPLOYEE'and TABLE_SCHEMA='ST_BKP_HORIZONSERVICES'
Executing Snowflake query :: SELECT COLUMN_NAME FROM DEV_ENT_CURATED.INFORMATION_SCHEMA.COLUMNS WHERE TABLE_NAME='DIM_EMPLOYEE'and TABLE_SCHEMA='MASTER_DIMENSIONS'
Column names for RAW Table --> EMPLOYEE :: [AGENTID, ID, PHOTO, POSITION, HOME_ZIP, ISEXTERNAL, PAYFREQUENCY_ID, NAME, HOURLYRATE, ACTIVE, BIRTHDATE, CLOCKINOUTREMINDER, EMAILCONFIRMED, MANAGER_ID, MIDDLENAME, SALESFORCEROLE, PHONECONFIRMED, HOME_ISMANUALCOORDINATES, HOME_LATITUDE, PAYROLLID, USER_ID, CREATEDBY_ID, EMAIL, FIRSTNAME, HOME_UNIT, MOBILEPHONE, MODIFIEDON, SALESFORCECONTACTID, HOME_COUNTRY, HOME_STATE, HOME_STREET, ISEXCLUDEDFROMPAYROLL, OVERTIMEMODE, PAYROLLSTARTPERIOD, IMPORTID, OVERTIMEPROFILE_ID, PHONE, STARTDATE, CREATEDON, MOBILEPHONECONFIRMED, PAYROLLBUSINESSUNIT_ID, HOME_CITY, LASTNAME, HOME_ISMILITARY, HOME_LONGITUDE]
Column names for DataMart Table --> STR_EMPLOYEE :: [EMAILCONFIRMED, HOME_LONGITUDE, HOME_ZIP, PAYROLLSTARTPERIOD, SALESFORCECONTACTID, STARTDATE, PAYROLLBUSINESSUNIT_ID, USER_ID, ISEXCLUDEDFROMPAYROLL, NAME, PAYROLLID, MIDDLENAME, EMAIL, HOME_ISMANUALCOORDINATES, HOURLYRATE, LASTNAME, MOBILEPHONE, ACTIVE, AGENTID, ID, MASTER_ID, PHONECONFIRMED, MANAGER_ID, MOBILEPHONECONFIRMED, SALESFORCEROLE, HOME_CITY, CREATEDBY_ID, HOME_COUNTRY, HOME_STREET, HOME_UNIT, OVERTIMEPROFILE_ID, IMPORTID, CREATEDON, HOME_ISMILITARY, PHONE, FIRSTNAME, RECORD_CREATE_DATE, RECORD_UPDATE_DATE, MODIFIEDON, PAYFREQUENCY_ID, CLOCKINOUTREMINDER, HOME_STATE, POSITION, PHOTO, ACTIVE_FLAG, BIRTHDATE, HOME_LATITUDE, OVERTIMEMODE, ISEXTERNAL, TENANT_TYPE]
Column names for Curated Table --> DIM_EMPLOYEE :: [CREATEDON, EMAIL, HOME_COUNTRY, HOME_ISMILITARY, PAYROLLID, PHONECONFIRMED, PAYROLLSTARTPERIOD, STARTDATE, PHONE, EMAILCONFIRMED, MOBILEPHONE, PAYFREQUENCY_ID, USER_ID, HOME_STATE, ISEXTERNAL, SALESFORCEROLE, CLOCKINOUTREMINDER, OVERTIMEMODE, ACTIVE, FIRSTNAME, HOURLYRATE, ISEXCLUDEDFROMPAYROLL, PAYROLLBUSINESSUNIT_ID, SALESFORCECONTACTID, AGENTID, CREATEDBY_ID, MANAGER_ID, HOME_ZIP, ID, IMPORTID, MODIFIEDON, PHOTO, RECORD_CREATE_DATE, BIRTHDATE, HOME_LATITUDE, HOME_STREET, POSITION, MOBILEPHONECONFIRMED, RECORD_UPDATED_BY, HOME_CITY, HOME_ISMANUALCOORDINATES, HOME_LONGITUDE, HOME_UNIT, LASTNAME, MIDDLENAME, TENANT_TYPE, NAME, RECORD_UPDATE_DATE, OVERTIMEPROFILE_ID]
Column Name found in Datamart and Curated Table :: AGENTID
Column Name found in Datamart and Curated Table :: ID
Column Name found in Datamart and Curated Table :: PHOTO
Column Name found in Datamart and Curated Table :: POSITION
Column Name found in Datamart and Curated Table :: HOME_ZIP
Column Name found in Datamart and Curated Table :: ISEXTERNAL
Column Name found in Datamart and Curated Table :: PAYFREQUENCY_ID
Column Name found in Datamart and Curated Table :: NAME
Column Name found in Datamart and Curated Table :: HOURLYRATE
Column Name found in Datamart and Curated Table :: ACTIVE
Column Name found in Datamart and Curated Table :: BIRTHDATE
Column Name found in Datamart and Curated Table :: CLOCKINOUTREMINDER
Column Name found in Datamart and Curated Table :: EMAILCONFIRMED
Column Name found in Datamart and Curated Table :: MANAGER_ID
Column Name found in Datamart and Curated Table :: MIDDLENAME
Column Name found in Datamart and Curated Table :: SALESFORCEROLE
Column Name found in Datamart and Curated Table :: PHONECONFIRMED
Column Name found in Datamart and Curated Table :: HOME_ISMANUALCOORDINATES
Column Name found in Datamart and Curated Table :: HOME_LATITUDE
Column Name found in Datamart and Curated Table :: PAYROLLID
Column Name found in Datamart and Curated Table :: USER_ID
Column Name found in Datamart and Curated Table :: CREATEDBY_ID
Column Name found in Datamart and Curated Table :: EMAIL
Column Name found in Datamart and Curated Table :: FIRSTNAME
Column Name found in Datamart and Curated Table :: HOME_UNIT
Column Name found in Datamart and Curated Table :: MOBILEPHONE
Column Name found in Datamart and Curated Table :: MODIFIEDON
Column Name found in Datamart and Curated Table :: SALESFORCECONTACTID
Column Name found in Datamart and Curated Table :: HOME_COUNTRY
Column Name found in Datamart and Curated Table :: HOME_STATE
Column Name found in Datamart and Curated Table :: HOME_STREET
Column Name found in Datamart and Curated Table :: ISEXCLUDEDFROMPAYROLL
Column Name found in Datamart and Curated Table :: OVERTIMEMODE
Column Name found in Datamart and Curated Table :: PAYROLLSTARTPERIOD
Column Name found in Datamart and Curated Table :: IMPORTID
Column Name found in Datamart and Curated Table :: OVERTIMEPROFILE_ID
Column Name found in Datamart and Curated Table :: PHONE
Column Name found in Datamart and Curated Table :: STARTDATE
Column Name found in Datamart and Curated Table :: CREATEDON
Column Name found in Datamart and Curated Table :: MOBILEPHONECONFIRMED
Column Name found in Datamart and Curated Table :: PAYROLLBUSINESSUNIT_ID
Column Name found in Datamart and Curated Table :: HOME_CITY
Column Name found in Datamart and Curated Table :: LASTNAME
Column Name found in Datamart and Curated Table :: HOME_ISMILITARY
Column Name found in Datamart and Curated Table :: HOME_LONGITUDE
Datamart tables contains additional column name like [ACTIVE_FLAG, RECORD_CREATE_DATE, RECORD_UPDATE_DATE, RECORD_UPDATE_DATE, MASTER_ID, TENANT_TYPE]
Curated tables contains additional column name like [RECORD_CREATE_DATE, RECORD_UPDATE_DATE, RECORD_UPDATED_BY, TENANT_TYPE]]]>
  </system-out>
  <testcase classname="testcases.RAW_DATAMART_CURATED.SnowFlake_ColumnValidation_BKPTables" name="validateColumnName_BKP" time="2.455"/>
  <system-out>
    <![CDATA[Executing Snowflake query :: SELECT COLUMN_NAME FROM DEV_ENT_RAW.INFORMATION_SCHEMA.COLUMNS WHERE TABLE_NAME='EQUIPMENT'and TABLE_SCHEMA='ST_HENDERSON_MATILLION'
Executing Snowflake query :: SELECT COLUMN_NAME FROM CURATED_DATAMART.INFORMATION_SCHEMA.COLUMNS WHERE TABLE_NAME='STR_EQUIPMENT'and TABLE_SCHEMA='ST_BKP_HENDERSON'
Executing Snowflake query :: SELECT COLUMN_NAME FROM DEV_ENT_CURATED.INFORMATION_SCHEMA.COLUMNS WHERE TABLE_NAME='DIM_EQUIPMENT'and TABLE_SCHEMA='MASTER_DIMENSIONS'
Column names for RAW Table --> EQUIPMENT :: [ACTIVE, ADDONFLATAMOUNT, AVALARARESIDENTIALTAXCODE, INVENTORYENABLEDBY_ID, MANUFACTURER, COST, CREATEDBY_ID, MANUFACTURERWARRANTY_DURATION, PAYTECHSPECIFICBONUS, UNITOFMEASURE, ADDONMEMBERPRICE, EXTERNALID, PRICE, HOURS, ASSETACCOUNT_ID, AVALARACOMMERCIALTAXCODE, BUSINESSUNIT_ID, WARRANTYRESERVE, MODIFIEDON, NAME, ID, ACCOUNT, CATEGORY_ID, DESCRIPTION, PRIMARYVENDOR_ID, CREATEDON, SUPPLIERIMAGES, ADDONPRICE, ALLOWDISCOUNTS, COMMISSIONBONUS, COPIEDFROM_ID, PROVIDER_ID, COSTOFSALEACCOUNT_ID, ISSERIALIZED, SOURCE, PAYSFLATAMOUNT, MODEL, BRAND, CROSSSALEGROUP, DISPLAYINAMOUNT, MANUFACTURERWARRANTY_DESCRIPTION, SCHEDULEDFLATAMOUNT, SOURCEVERSION, DISPLAYNAME, INVENTORYENABLEDON, SERVICEPROVIDERWARRANTY_DESCRIPTION, SYNCDATE, TAXABLE, SERVICEPROVIDERWARRANTY_DURATION, IMAGES, MEMBERPRICE, TYPE_ID, GENERALLEDGERACCOUNT_ID, ARCHIVED, BONUS, EXCLUDEFROMPRICEBOOKWIZARD, IMPORTID, ISINVENTORY, LOYALTYPROGRAMELIGIBLE, ORIGINAL_ID, PAYSCOMMISSION, PAYSSOLDBYRATE, SERIALIZEDON]
Column names for DataMart Table --> STR_EQUIPMENT :: [ADDONPRICE, AVALARACOMMERCIALTAXCODE, BRAND, COST, ID, PAYSCOMMISSION, SYNCDATE, ARCHIVED, INVENTORYENABLEDON, SCHEDULEDFLATAMOUNT, CROSSSALEGROUP, MASTER_ID, ASSETACCOUNT_ID, CREATEDON, INVENTORYENABLEDBY_ID, LOYALTYPROGRAMELIGIBLE, SERIALIZEDON, SOURCEVERSION, TENANT_TYPE, GENERALLEDGERACCOUNT_ID, MANUFACTURER, TAXABLE, ISSERIALIZED, ADDONMEMBERPRICE, CREATEDBY_ID, MANUFACTURERWARRANTY_DESCRIPTION, UNITOFMEASURE, ALLOWDISCOUNTS, COPIEDFROM_ID, PROVIDER_ID, DESCRIPTION, IMAGES, PAYTECHSPECIFICBONUS, NAME, DISPLAYNAME, MODEL, PAYSFLATAMOUNT, RECORD_UPDATE_DATE, SUPPLIERIMAGES, TYPE_ID, CATEGORY_ID, COMMISSIONBONUS, COSTOFSALEACCOUNT_ID, DISPLAYINAMOUNT, HOURS, ISINVENTORY, ORIGINAL_ID, PRICE, PRIMARYVENDOR_ID, ACCOUNT, ACTIVE_FLAG, ADDONFLATAMOUNT, BONUS, EXCLUDEFROMPRICEBOOKWIZARD, MANUFACTURERWARRANTY_DURATION, MEMBERPRICE, IMPORTID, MODIFIEDON, SERVICEPROVIDERWARRANTY_DESCRIPTION, ACTIVE, AVALARARESIDENTIALTAXCODE, BUSINESSUNIT_ID, EXTERNALID, SERVICEPROVIDERWARRANTY_DURATION, SOURCE, WARRANTYRESERVE, PAYSSOLDBYRATE, RECORD_CREATE_DATE]
Column names for Curated Table --> DIM_EQUIPMENT :: [ASSETACCOUNT_ID, COMMISSIONBONUS, COSTOFSALEACCOUNT_ID, MODEL, SCHEDULEDFLATAMOUNT, COPIEDFROM_ID, ISSERIALIZED, PAYSFLATAMOUNT, PAYTECHSPECIFICBONUS, RECORD_CREATE_DATE, SERVICEPROVIDERWARRANTY_DURATION, ID, AVALARACOMMERCIALTAXCODE, BONUS, HOURS, LOYALTYPROGRAMELIGIBLE, SOURCE, SERIALIZEDON, ADDONPRICE, EXCLUDEFROMPRICEBOOKWIZARD, PAYSCOMMISSION, ISINVENTORY, MODIFIEDON, ACTIVE, ADDONMEMBERPRICE, CREATEDON, EXTERNALID, PRIMARYVENDOR_ID, BUSINESSUNIT_ID, NAME, PAYSSOLDBYRATE, SYNCDATE, AVALARARESIDENTIALTAXCODE, BRAND, CREATEDBY_ID, DISPLAYINAMOUNT, MANUFACTURERWARRANTY_DESCRIPTION, TENANT_TYPE, MANUFACTURER, PROVIDER_ID, SOURCEVERSION, RECORD_UPDATED_BY, ACCOUNT, ADDONFLATAMOUNT, COST, DISPLAYNAME, INVENTORYENABLEDBY_ID, TAXABLE, ARCHIVED, RECORD_UPDATE_DATE, DESCRIPTION, CATEGORY_ID, ALLOWDISCOUNTS, GENERALLEDGERACCOUNT_ID, INVENTORYENABLEDON, PRICE, TYPE_ID, SUPPLIERIMAGES, UNITOFMEASURE, CROSSSALEGROUP, IMAGES, IMPORTID, ORIGINAL_ID, SERVICEPROVIDERWARRANTY_DESCRIPTION, MEMBERPRICE, WARRANTYRESERVE, MANUFACTURERWARRANTY_DURATION]
Column Name found in Datamart and Curated Table :: ACTIVE
Column Name found in Datamart and Curated Table :: ADDONFLATAMOUNT
Column Name found in Datamart and Curated Table :: AVALARARESIDENTIALTAXCODE
Column Name found in Datamart and Curated Table :: INVENTORYENABLEDBY_ID
Column Name found in Datamart and Curated Table :: MANUFACTURER
Column Name found in Datamart and Curated Table :: COST
Column Name found in Datamart and Curated Table :: CREATEDBY_ID
Column Name found in Datamart and Curated Table :: MANUFACTURERWARRANTY_DURATION
Column Name found in Datamart and Curated Table :: PAYTECHSPECIFICBONUS
Column Name found in Datamart and Curated Table :: UNITOFMEASURE
Column Name found in Datamart and Curated Table :: ADDONMEMBERPRICE
Column Name found in Datamart and Curated Table :: EXTERNALID
Column Name found in Datamart and Curated Table :: PRICE
Column Name found in Datamart and Curated Table :: HOURS
Column Name found in Datamart and Curated Table :: ASSETACCOUNT_ID
Column Name found in Datamart and Curated Table :: AVALARACOMMERCIALTAXCODE
Column Name found in Datamart and Curated Table :: BUSINESSUNIT_ID
Column Name found in Datamart and Curated Table :: WARRANTYRESERVE
Column Name found in Datamart and Curated Table :: MODIFIEDON
Column Name found in Datamart and Curated Table :: NAME
Column Name found in Datamart and Curated Table :: ID
Column Name found in Datamart and Curated Table :: ACCOUNT
Column Name found in Datamart and Curated Table :: CATEGORY_ID
Column Name found in Datamart and Curated Table :: DESCRIPTION
Column Name found in Datamart and Curated Table :: PRIMARYVENDOR_ID
Column Name found in Datamart and Curated Table :: CREATEDON
Column Name found in Datamart and Curated Table :: SUPPLIERIMAGES
Column Name found in Datamart and Curated Table :: ADDONPRICE
Column Name found in Datamart and Curated Table :: ALLOWDISCOUNTS
Column Name found in Datamart and Curated Table :: COMMISSIONBONUS
Column Name found in Datamart and Curated Table :: COPIEDFROM_ID
Column Name found in Datamart and Curated Table :: PROVIDER_ID
Column Name found in Datamart and Curated Table :: COSTOFSALEACCOUNT_ID
Column Name found in Datamart and Curated Table :: ISSERIALIZED
Column Name found in Datamart and Curated Table :: SOURCE
Column Name found in Datamart and Curated Table :: PAYSFLATAMOUNT
Column Name found in Datamart and Curated Table :: MODEL
Column Name found in Datamart and Curated Table :: BRAND
Column Name found in Datamart and Curated Table :: CROSSSALEGROUP
Column Name found in Datamart and Curated Table :: DISPLAYINAMOUNT
Column Name found in Datamart and Curated Table :: MANUFACTURERWARRANTY_DESCRIPTION
Column Name found in Datamart and Curated Table :: SCHEDULEDFLATAMOUNT
Column Name found in Datamart and Curated Table :: SOURCEVERSION
Column Name found in Datamart and Curated Table :: DISPLAYNAME
Column Name found in Datamart and Curated Table :: INVENTORYENABLEDON
Column Name found in Datamart and Curated Table :: SERVICEPROVIDERWARRANTY_DESCRIPTION
Column Name found in Datamart and Curated Table :: SYNCDATE
Column Name found in Datamart and Curated Table :: TAXABLE
Column Name found in Datamart and Curated Table :: SERVICEPROVIDERWARRANTY_DURATION
Column Name found in Datamart and Curated Table :: IMAGES
Column Name found in Datamart and Curated Table :: MEMBERPRICE
Column Name found in Datamart and Curated Table :: TYPE_ID
Column Name found in Datamart and Curated Table :: GENERALLEDGERACCOUNT_ID
Column Name found in Datamart and Curated Table :: ARCHIVED
Column Name found in Datamart and Curated Table :: BONUS
Column Name found in Datamart and Curated Table :: EXCLUDEFROMPRICEBOOKWIZARD
Column Name found in Datamart and Curated Table :: IMPORTID
Column Name found in Datamart and Curated Table :: ISINVENTORY
Column Name found in Datamart and Curated Table :: LOYALTYPROGRAMELIGIBLE
Column Name found in Datamart and Curated Table :: ORIGINAL_ID
Column Name found in Datamart and Curated Table :: PAYSCOMMISSION
Column Name found in Datamart and Curated Table :: PAYSSOLDBYRATE
Column Name found in Datamart and Curated Table :: SERIALIZEDON
Datamart tables contains additional column name like [ACTIVE_FLAG, RECORD_CREATE_DATE, RECORD_UPDATE_DATE, RECORD_UPDATE_DATE, MASTER_ID, TENANT_TYPE]
Curated tables contains additional column name like [RECORD_CREATE_DATE, RECORD_UPDATE_DATE, RECORD_UPDATED_BY, TENANT_TYPE]]]>
  </system-out>
  <testcase classname="testcases.RAW_DATAMART_CURATED.SnowFlake_ColumnValidation_BKPTables" name="validateColumnName_BKP" time="2.239"/>
  <system-out>
    <![CDATA[Executing Snowflake query :: SELECT COLUMN_NAME FROM DEV_ENT_RAW.INFORMATION_SCHEMA.COLUMNS WHERE TABLE_NAME='LEAD'and TABLE_SCHEMA='ST_HUTCHINSON_MATILLION'
Executing Snowflake query :: SELECT COLUMN_NAME FROM CURATED_DATAMART.INFORMATION_SCHEMA.COLUMNS WHERE TABLE_NAME='STR_LEAD'and TABLE_SCHEMA='ST_BKP_HUTCHINSON'
Executing Snowflake query :: SELECT COLUMN_NAME FROM DEV_ENT_CURATED.INFORMATION_SCHEMA.COLUMNS WHERE TABLE_NAME='DIM_LEAD'and TABLE_SCHEMA='MASTER_DIMENSIONS'
Column names for RAW Table --> LEAD :: [CAMPAIGN_ID, ID, CREATEDBY_ID, ESTIMATE_ID, PROJECT_ID, PRIORITY, CUSTOMER_ID, JOBTYPE_ID, LOCATION_ID, IMPORTID, MODIFIEDON, STATUS, SUMMARY, ACTIVE, BUSINESSUNIT_ID, CREATEDON, LATESTFOLLOWUPDATE]
Column names for DataMart Table --> STR_LEAD :: [ACTIVE, CREATEDON, BUSINESSUNIT_ID, CUSTOMER_ID, LOCATION_ID, PROJECT_ID, RECORD_CREATE_DATE, ESTIMATE_ID, JOBTYPE_ID, RECORD_UPDATE_DATE, CAMPAIGN_ID, IMPORTID, ACTIVE_FLAG, STATUS, TENANT_TYPE, CREATEDBY_ID, MD5_VALUE, PRIORITY, ID, LATESTFOLLOWUPDATE, MASTER_ID, MODIFIEDON, SUMMARY]
Column names for Curated Table --> DIM_LEAD :: [PRIORITY, ESTIMATE_ID, MD5_VALUE, MODIFIEDON, TENANT_TYPE, RECORD_UPDATED_BY, CUSTOMER_ID, PROJECT_ID, RECORD_CREATE_DATE, IMPORTID, STATUS, ACTIVE, BUSINESSUNIT_ID, CAMPAIGN_ID, CREATEDON, JOBTYPE_ID, LOCATION_ID, RECORD_UPDATE_DATE, CREATEDBY_ID, ID, LATESTFOLLOWUPDATE, SUMMARY]
Column Name found in Datamart and Curated Table :: CAMPAIGN_ID
Column Name found in Datamart and Curated Table :: ID
Column Name found in Datamart and Curated Table :: CREATEDBY_ID
Column Name found in Datamart and Curated Table :: ESTIMATE_ID
Column Name found in Datamart and Curated Table :: PROJECT_ID
Column Name found in Datamart and Curated Table :: PRIORITY
Column Name found in Datamart and Curated Table :: CUSTOMER_ID
Column Name found in Datamart and Curated Table :: JOBTYPE_ID
Column Name found in Datamart and Curated Table :: LOCATION_ID
Column Name found in Datamart and Curated Table :: IMPORTID
Column Name found in Datamart and Curated Table :: MODIFIEDON
Column Name found in Datamart and Curated Table :: STATUS
Column Name found in Datamart and Curated Table :: SUMMARY
Column Name found in Datamart and Curated Table :: ACTIVE
Column Name found in Datamart and Curated Table :: BUSINESSUNIT_ID
Column Name found in Datamart and Curated Table :: CREATEDON
Column Name found in Datamart and Curated Table :: LATESTFOLLOWUPDATE
Datamart tables contains additional column name like [ACTIVE_FLAG, RECORD_CREATE_DATE, RECORD_UPDATE_DATE, RECORD_UPDATE_DATE, MASTER_ID, TENANT_TYPE]
Curated tables contains additional column name like [RECORD_CREATE_DATE, RECORD_UPDATE_DATE, RECORD_UPDATED_BY, TENANT_TYPE]]]>
  </system-out>
  <testcase classname="testcases.RAW_DATAMART_CURATED.SnowFlake_ColumnValidation_BKPTables" name="validateColumnName_BKP" time="3.544"/>
  <system-out>
    <![CDATA[Executing Snowflake query :: SELECT COLUMN_NAME FROM DEV_ENT_RAW.INFORMATION_SCHEMA.COLUMNS WHERE TABLE_NAME='LEAD'and TABLE_SCHEMA='ST_CASTEEL_MATILLION'
Executing Snowflake query :: SELECT COLUMN_NAME FROM CURATED_DATAMART.INFORMATION_SCHEMA.COLUMNS WHERE TABLE_NAME='STR_LEAD'and TABLE_SCHEMA='ST_BKP_CASTEEL'
Executing Snowflake query :: SELECT COLUMN_NAME FROM DEV_ENT_CURATED.INFORMATION_SCHEMA.COLUMNS WHERE TABLE_NAME='DIM_LEAD'and TABLE_SCHEMA='MASTER_DIMENSIONS'
Column names for RAW Table --> LEAD :: [ID, IMPORTID, ACTIVE, CREATEDBY_ID, CREATEDON, JOBTYPE_ID, PROJECT_ID, MODIFIEDON, CAMPAIGN_ID, CUSTOMER_ID, ESTIMATE_ID, LATESTFOLLOWUPDATE, LOCATION_ID, STATUS, BUSINESSUNIT_ID, PRIORITY, SUMMARY]
Column names for DataMart Table --> STR_LEAD :: [CAMPAIGN_ID, RECORD_UPDATE_DATE, MD5_VALUE, IMPORTID, LOCATION_ID, STATUS, ACTIVE_FLAG, CREATEDBY_ID, ID, MASTER_ID, BUSINESSUNIT_ID, CUSTOMER_ID, PRIORITY, SUMMARY, RECORD_CREATE_DATE, ACTIVE, JOBTYPE_ID, LATESTFOLLOWUPDATE, CREATEDON, PROJECT_ID, ESTIMATE_ID, MODIFIEDON, TENANT_TYPE]
Column names for Curated Table --> DIM_LEAD :: [PRIORITY, ESTIMATE_ID, MD5_VALUE, MODIFIEDON, TENANT_TYPE, RECORD_UPDATED_BY, CUSTOMER_ID, PROJECT_ID, RECORD_CREATE_DATE, IMPORTID, STATUS, ACTIVE, BUSINESSUNIT_ID, CAMPAIGN_ID, CREATEDON, JOBTYPE_ID, LOCATION_ID, RECORD_UPDATE_DATE, CREATEDBY_ID, ID, LATESTFOLLOWUPDATE, SUMMARY]
Column Name found in Datamart and Curated Table :: ID
Column Name found in Datamart and Curated Table :: IMPORTID
Column Name found in Datamart and Curated Table :: ACTIVE
Column Name found in Datamart and Curated Table :: CREATEDBY_ID
Column Name found in Datamart and Curated Table :: CREATEDON
Column Name found in Datamart and Curated Table :: JOBTYPE_ID
Column Name found in Datamart and Curated Table :: PROJECT_ID
Column Name found in Datamart and Curated Table :: MODIFIEDON
Column Name found in Datamart and Curated Table :: CAMPAIGN_ID
Column Name found in Datamart and Curated Table :: CUSTOMER_ID
Column Name found in Datamart and Curated Table :: ESTIMATE_ID
Column Name found in Datamart and Curated Table :: LATESTFOLLOWUPDATE
Column Name found in Datamart and Curated Table :: LOCATION_ID
Column Name found in Datamart and Curated Table :: STATUS
Column Name found in Datamart and Curated Table :: BUSINESSUNIT_ID
Column Name found in Datamart and Curated Table :: PRIORITY
Column Name found in Datamart and Curated Table :: SUMMARY
Datamart tables contains additional column name like [ACTIVE_FLAG, RECORD_CREATE_DATE, RECORD_UPDATE_DATE, RECORD_UPDATE_DATE, MASTER_ID, TENANT_TYPE]
Curated tables contains additional column name like [RECORD_CREATE_DATE, RECORD_UPDATE_DATE, RECORD_UPDATED_BY, TENANT_TYPE]]]>
  </system-out>
  <testcase classname="testcases.RAW_DATAMART_CURATED.SnowFlake_ColumnValidation_BKPTables" name="validateColumnName_BKP" time="3.170"/>
  <system-out>
    <![CDATA[Executing Snowflake query :: SELECT COLUMN_NAME FROM DEV_ENT_RAW.INFORMATION_SCHEMA.COLUMNS WHERE TABLE_NAME='SERVICE'and TABLE_SCHEMA='ST_HORIZONSERVICES_MATILLION'
Executing Snowflake query :: SELECT COLUMN_NAME FROM CURATED_DATAMART.INFORMATION_SCHEMA.COLUMNS WHERE TABLE_NAME='STR_SERVICE'and TABLE_SCHEMA='ST_BKP_HORIZONSERVICES'
Executing Snowflake query :: SELECT COLUMN_NAME FROM DEV_ENT_CURATED.INFORMATION_SCHEMA.COLUMNS WHERE TABLE_NAME='DIM_SERVICE'and TABLE_SCHEMA='MASTER_DIMENSIONS'
Column names for RAW Table --> SERVICE :: [AVALARACOMMERCIALTAXCODE, AVALARARESIDENTIALTAXCODE, BUSINESSUNIT_ID, ISOTTASK, MEMBERSHIPACTION, PROVIDER_ID, SOURCEVERSION, ADDONMEMBERPRICE, BASERATE1, EXTERNALID, MEMBERSHIPMONTHS, SOURCE, DESCRIPTION, IMAGES, MEMBERSHIPTYPE_ID, PAYSCOMMISSION, QBITEMNAME, ACCOUNT, BASERATE3, EXCLUDEFROMPRICEBOOKWIZARD, GENERALLEDGERACCOUNT_ID, MODIFIEDON, PURCHASEORDERLIMITS_REVENUEPERCENT, CREATEDBY_ID, NOTAX, PAYSFLATAMOUNT, WARRANTY_DURATION, CROSSSALEGROUP, ALLOWAPPLYTAGSTOENTITIES, BASERATE2, BONUS, HOURS, IMPORTID, PAYSSOLDBYRATE, ID, WARRANTY_DESCRIPTION, PURCHASEORDERLIMITS_FLATAMOUNT, RECURRINGSERVICETYPE_ID, ADDONFLATAMOUNT, COMMISSIONBONUS, COPIEDFROM_ID, DISPLAYINAMOUNT, NAME, ORIGINAL_ID, MEMBERPRICE, MEMBERSHIPYEARS, SCHEDULEDFLATAMOUNT, ALLOWDISCOUNTS, ARCHIVED, AUTOGLASSTYPE, CATEGORY_ID, DISPATCHFEE, ISTIMEANDMATERIAL, SOLDBYCOMMISSION, SYNCDATE, DISPLAYNAME, ACTIVE, ADDONPRICE, CREATEDON, LOYALTYPROGRAMELIGIBLE, MEMBERSHIP, PAYTECHSPECIFICBONUS, GENERATEDTAGTARGETS, PRICE, WORKFLOWACTION_ID, ISLABOR, MINIMUMLABORHOURS, COST, ISDEFERREDREVENUE, TAXABLE, SUPPLIERIMAGES]
Column names for DataMart Table --> STR_SERVICE :: [COMMISSIONBONUS, DISPATCHFEE, DISPLAYINAMOUNT, EXCLUDEFROMPRICEBOOKWIZARD, GENERALLEDGERACCOUNT_ID, CROSSSALEGROUP, GENERATEDTAGTARGETS, MEMBERSHIPYEARS, RECURRINGSERVICETYPE_ID, RECORD_UPDATE_DATE, SOLDBYCOMMISSION, ADDONPRICE, ALLOWAPPLYTAGSTOENTITIES, BASERATE2, DISPLAYNAME, MEMBERSHIP, MEMBERSHIPACTION, MEMBERSHIPMONTHS, ORIGINAL_ID, PAYSCOMMISSION, PAYTECHSPECIFICBONUS, PURCHASEORDERLIMITS_FLATAMOUNT, MINIMUMLABORHOURS, TAXABLE, ACCOUNT, AVALARARESIDENTIALTAXCODE, CREATEDON, AUTOGLASSTYPE, DESCRIPTION, WARRANTY_DESCRIPTION, IMAGES, RECORD_CREATE_DATE, PURCHASEORDERLIMITS_REVENUEPERCENT, ADDONFLATAMOUNT, ALLOWDISCOUNTS, BUSINESSUNIT_ID, HOURS, MASTER_ID, PRICE, TENANT_TYPE, AVALARACOMMERCIALTAXCODE, LOYALTYPROGRAMELIGIBLE, MEMBERSHIPTYPE_ID, PROVIDER_ID, QBITEMNAME, SOURCEVERSION, WORKFLOWACTION_ID, WARRANTY_DURATION, ACTIVE_FLAG, BASERATE1, COST, CREATEDBY_ID, ISOTTASK, ISTIMEANDMATERIAL, NAME, SUPPLIERIMAGES, BONUS, COPIEDFROM_ID, IMPORTID, MODIFIEDON, SOURCE, PAYSFLATAMOUNT, ACTIVE, EXTERNALID, NOTAX, PAYSSOLDBYRATE, SYNCDATE, ARCHIVED, MEMBERPRICE, ADDONMEMBERPRICE, BASERATE3, CATEGORY_ID, ID, ISLABOR, SCHEDULEDFLATAMOUNT, ISDEFERREDREVENUE]
Column names for Curated Table --> DIM_SERVICE :: [ACCOUNT, ALLOWDISCOUNTS, BASERATE3, DESCRIPTION, DISPATCHFEE, ISOTTASK, MEMBERSHIP, SOLDBYCOMMISSION, DISPLAYNAME, AUTOGLASSTYPE, AVALARACOMMERCIALTAXCODE, BUSINESSUNIT_ID, COMMISSIONBONUS, NOTAX, EXTERNALID, PRICE, CATEGORY_ID, CREATEDON, CROSSSALEGROUP, MEMBERSHIPYEARS, PAYSFLATAMOUNT, PAYSSOLDBYRATE, WARRANTY_DURATION, MODIFIEDON, RECORD_CREATE_DATE, TAXABLE, MEMBERSHIPACTION, ADDONMEMBERPRICE, BONUS, COPIEDFROM_ID, ISDEFERREDREVENUE, SOURCE, ARCHIVED, BASERATE1, PURCHASEORDERLIMITS_REVENUEPERCENT, RECURRINGSERVICETYPE_ID, SOURCEVERSION, ALLOWAPPLYTAGSTOENTITIES, AVALARARESIDENTIALTAXCODE, DISPLAYINAMOUNT, GENERATEDTAGTARGETS, ISTIMEANDMATERIAL, PROVIDER_ID, ADDONFLATAMOUNT, COST, GENERALLEDGERACCOUNT_ID, MEMBERSHIPTYPE_ID, QBITEMNAME, WARRANTY_DESCRIPTION, EXCLUDEFROMPRICEBOOKWIZARD, ID, IMAGES, RECORD_UPDATED_BY, RECORD_UPDATE_DATE, NAME, ACTIVE, ADDONPRICE, LOYALTYPROGRAMELIGIBLE, PAYTECHSPECIFICBONUS, SUPPLIERIMAGES, HOURS, IMPORTID, MINIMUMLABORHOURS, PAYSCOMMISSION, WORKFLOWACTION_ID, MEMBERPRICE, BASERATE2, CREATEDBY_ID, MEMBERSHIPMONTHS, ORIGINAL_ID, SYNCDATE, ISLABOR, PURCHASEORDERLIMITS_FLATAMOUNT, TENANT_TYPE, SCHEDULEDFLATAMOUNT]
Column Name found in Datamart and Curated Table :: AVALARACOMMERCIALTAXCODE
Column Name found in Datamart and Curated Table :: AVALARARESIDENTIALTAXCODE
Column Name found in Datamart and Curated Table :: BUSINESSUNIT_ID
Column Name found in Datamart and Curated Table :: ISOTTASK
Column Name found in Datamart and Curated Table :: MEMBERSHIPACTION
Column Name found in Datamart and Curated Table :: PROVIDER_ID
Column Name found in Datamart and Curated Table :: SOURCEVERSION
Column Name found in Datamart and Curated Table :: ADDONMEMBERPRICE
Column Name found in Datamart and Curated Table :: BASERATE1
Column Name found in Datamart and Curated Table :: EXTERNALID
Column Name found in Datamart and Curated Table :: MEMBERSHIPMONTHS
Column Name found in Datamart and Curated Table :: SOURCE
Column Name found in Datamart and Curated Table :: DESCRIPTION
Column Name found in Datamart and Curated Table :: IMAGES
Column Name found in Datamart and Curated Table :: MEMBERSHIPTYPE_ID
Column Name found in Datamart and Curated Table :: PAYSCOMMISSION
Column Name found in Datamart and Curated Table :: QBITEMNAME
Column Name found in Datamart and Curated Table :: ACCOUNT
Column Name found in Datamart and Curated Table :: BASERATE3
Column Name found in Datamart and Curated Table :: EXCLUDEFROMPRICEBOOKWIZARD
Column Name found in Datamart and Curated Table :: GENERALLEDGERACCOUNT_ID
Column Name found in Datamart and Curated Table :: MODIFIEDON
Column Name found in Datamart and Curated Table :: PURCHASEORDERLIMITS_REVENUEPERCENT
Column Name found in Datamart and Curated Table :: CREATEDBY_ID
Column Name found in Datamart and Curated Table :: NOTAX
Column Name found in Datamart and Curated Table :: PAYSFLATAMOUNT
Column Name found in Datamart and Curated Table :: WARRANTY_DURATION
Column Name found in Datamart and Curated Table :: CROSSSALEGROUP
Column Name found in Datamart and Curated Table :: ALLOWAPPLYTAGSTOENTITIES
Column Name found in Datamart and Curated Table :: BASERATE2
Column Name found in Datamart and Curated Table :: BONUS
Column Name found in Datamart and Curated Table :: HOURS
Column Name found in Datamart and Curated Table :: IMPORTID
Column Name found in Datamart and Curated Table :: PAYSSOLDBYRATE
Column Name found in Datamart and Curated Table :: ID
Column Name found in Datamart and Curated Table :: WARRANTY_DESCRIPTION
Column Name found in Datamart and Curated Table :: PURCHASEORDERLIMITS_FLATAMOUNT
Column Name found in Datamart and Curated Table :: RECURRINGSERVICETYPE_ID
Column Name found in Datamart and Curated Table :: ADDONFLATAMOUNT
Column Name found in Datamart and Curated Table :: COMMISSIONBONUS
Column Name found in Datamart and Curated Table :: COPIEDFROM_ID
Column Name found in Datamart and Curated Table :: DISPLAYINAMOUNT
Column Name found in Datamart and Curated Table :: NAME
Column Name found in Datamart and Curated Table :: ORIGINAL_ID
Column Name found in Datamart and Curated Table :: MEMBERPRICE
Column Name found in Datamart and Curated Table :: MEMBERSHIPYEARS
Column Name found in Datamart and Curated Table :: SCHEDULEDFLATAMOUNT
Column Name found in Datamart and Curated Table :: ALLOWDISCOUNTS
Column Name found in Datamart and Curated Table :: ARCHIVED
Column Name found in Datamart and Curated Table :: AUTOGLASSTYPE
Column Name found in Datamart and Curated Table :: CATEGORY_ID
Column Name found in Datamart and Curated Table :: DISPATCHFEE
Column Name found in Datamart and Curated Table :: ISTIMEANDMATERIAL
Column Name found in Datamart and Curated Table :: SOLDBYCOMMISSION
Column Name found in Datamart and Curated Table :: SYNCDATE
Column Name found in Datamart and Curated Table :: DISPLAYNAME
Column Name found in Datamart and Curated Table :: ACTIVE
Column Name found in Datamart and Curated Table :: ADDONPRICE
Column Name found in Datamart and Curated Table :: CREATEDON
Column Name found in Datamart and Curated Table :: LOYALTYPROGRAMELIGIBLE
Column Name found in Datamart and Curated Table :: MEMBERSHIP
Column Name found in Datamart and Curated Table :: PAYTECHSPECIFICBONUS
Column Name found in Datamart and Curated Table :: GENERATEDTAGTARGETS
Column Name found in Datamart and Curated Table :: PRICE
Column Name found in Datamart and Curated Table :: WORKFLOWACTION_ID
Column Name found in Datamart and Curated Table :: ISLABOR
Column Name found in Datamart and Curated Table :: MINIMUMLABORHOURS
Column Name found in Datamart and Curated Table :: COST
Column Name found in Datamart and Curated Table :: ISDEFERREDREVENUE
Column Name found in Datamart and Curated Table :: TAXABLE
Column Name found in Datamart and Curated Table :: SUPPLIERIMAGES
Datamart tables contains additional column name like [ACTIVE_FLAG, RECORD_CREATE_DATE, RECORD_UPDATE_DATE, RECORD_UPDATE_DATE, MASTER_ID, TENANT_TYPE]
Curated tables contains additional column name like [RECORD_CREATE_DATE, RECORD_UPDATE_DATE, RECORD_UPDATED_BY, TENANT_TYPE]]]>
  </system-out>
  <testcase classname="testcases.RAW_DATAMART_CURATED.SnowFlake_ColumnValidation_BKPTables" name="validateColumnName_BKP" time="2.460"/>
  <system-out>
    <![CDATA[Executing Snowflake query :: SELECT COLUMN_NAME FROM DEV_ENT_RAW.INFORMATION_SCHEMA.COLUMNS WHERE TABLE_NAME='SKUASSET'and TABLE_SCHEMA='ST_HORIZONSERVICES_MATILLION'
Executing Snowflake query :: SELECT COLUMN_NAME FROM CURATED_DATAMART.INFORMATION_SCHEMA.COLUMNS WHERE TABLE_NAME='STR_SKUASSET'and TABLE_SCHEMA='ST_BKP_HORIZONSERVICES'
Executing Snowflake query :: SELECT COLUMN_NAME FROM DEV_ENT_CURATED.INFORMATION_SCHEMA.COLUMNS WHERE TABLE_NAME='DIM_SKUASSET'and TABLE_SCHEMA='MASTER_DIMENSIONS'
Column names for RAW Table --> SKUASSET :: [ACTIVE, URL, METADATA, ID, ORIGINALNAME, TYPE, OWNER_ID, CREATEDON, IMPORTID, EXTERNALURL, CREATEDBY_ID, ALIAS, ISEXTERNAL]
Column names for DataMart Table --> STR_SKUASSET :: [TYPE, ALIAS, EXTERNALURL, MASTER_ID, RECORD_UPDATE_DATE, TENANT_TYPE, METADATA, RECORD_CREATE_DATE, ISEXTERNAL, ACTIVE_FLAG, CREATEDBY_ID, IMPORTID, ORIGINALNAME, OWNER_ID, URL, CREATEDON, ACTIVE, ID]
Column names for Curated Table --> DIM_SKUASSET :: [EXTERNALURL, ORIGINALNAME, TENANT_TYPE, RECORD_UPDATE_DATE, ID, ISEXTERNAL, RECORD_CREATE_DATE, ALIAS, CREATEDON, RECORD_UPDATED_BY, TYPE, ACTIVE, CREATEDBY_ID, OWNER_ID, METADATA, URL, IMPORTID]
Column Name found in Datamart and Curated Table :: ACTIVE
Column Name found in Datamart and Curated Table :: URL
Column Name found in Datamart and Curated Table :: METADATA
Column Name found in Datamart and Curated Table :: ID
Column Name found in Datamart and Curated Table :: ORIGINALNAME
Column Name found in Datamart and Curated Table :: TYPE
Column Name found in Datamart and Curated Table :: OWNER_ID
Column Name found in Datamart and Curated Table :: CREATEDON
Column Name found in Datamart and Curated Table :: IMPORTID
Column Name found in Datamart and Curated Table :: EXTERNALURL
Column Name found in Datamart and Curated Table :: CREATEDBY_ID
Column Name found in Datamart and Curated Table :: ALIAS
Column Name found in Datamart and Curated Table :: ISEXTERNAL
Datamart tables contains additional column name like [ACTIVE_FLAG, RECORD_CREATE_DATE, RECORD_UPDATE_DATE, RECORD_UPDATE_DATE, MASTER_ID, TENANT_TYPE]
Curated tables contains additional column name like [RECORD_CREATE_DATE, RECORD_UPDATE_DATE, RECORD_UPDATED_BY, TENANT_TYPE]]]>
  </system-out>
  <testcase classname="testcases.RAW_DATAMART_CURATED.SnowFlake_ColumnValidation_BKPTables" name="validateColumnName_BKP" time="2.366"/>
  <system-out>
    <![CDATA[Executing Snowflake query :: SELECT COLUMN_NAME FROM DEV_ENT_RAW.INFORMATION_SCHEMA.COLUMNS WHERE TABLE_NAME='TAG'and TABLE_SCHEMA='ST_CASTEEL_MATILLION'
Executing Snowflake query :: SELECT COLUMN_NAME FROM CURATED_DATAMART.INFORMATION_SCHEMA.COLUMNS WHERE TABLE_NAME='STR_TAG'and TABLE_SCHEMA='ST_BKP_CASTEEL'
Executing Snowflake query :: SELECT COLUMN_NAME FROM DEV_ENT_CURATED.INFORMATION_SCHEMA.COLUMNS WHERE TABLE_NAME='DIM_TAG'and TABLE_SCHEMA='MASTER_DIMENSIONS'
Column names for RAW Table --> TAG :: [ACTIVE, CREATEDBY_ID, ID, REMOVEDON, MEMO, MODIFIEDON, GENERATEDFOR_ID, REMOVEDBY_ID, TYPE_ID, GENERATEDFOREXTERNAL, IMPORTID, OWNER_ID, CREATEDON]
Column names for DataMart Table --> STR_TAG :: [MASTER_ID, ACTIVE_FLAG, TYPE_ID, RECORD_CREATE_DATE, ID, REMOVEDON, ACTIVE, MEMO, OWNER_ID, RECORD_UPDATE_DATE, REMOVEDBY_ID, GENERATEDFOR_ID, CREATEDON, GENERATEDFOREXTERNAL, MODIFIEDON, TENANT_TYPE, IMPORTID, CREATEDBY_ID, SOURCE_PKEY_SPK]
Column names for Curated Table --> DIM_TAG :: [ACTIVE_FLAG, RECORD_CREATE_DATE, CREATEDON, RECORD_UPDATE_DATE, SOURCE_PKEY_SPK, GENERATEDFOR_ID, GENERATEDFOREXTERNAL, TYPE_ID, ACTIVE, CREATEDBY_ID, ID, MODIFIEDON, OWNER_ID, REMOVEDBY_ID, REMOVEDON, MEMO, RECORD_UPDATED_BY, IMPORTID, TENANT_TYPE]
Column Name found in Datamart and Curated Table :: ACTIVE
Column Name found in Datamart and Curated Table :: CREATEDBY_ID
Column Name found in Datamart and Curated Table :: ID
Column Name found in Datamart and Curated Table :: REMOVEDON
Column Name found in Datamart and Curated Table :: MEMO
Column Name found in Datamart and Curated Table :: MODIFIEDON
Column Name found in Datamart and Curated Table :: GENERATEDFOR_ID
Column Name found in Datamart and Curated Table :: REMOVEDBY_ID
Column Name found in Datamart and Curated Table :: TYPE_ID
Column Name found in Datamart and Curated Table :: GENERATEDFOREXTERNAL
Column Name found in Datamart and Curated Table :: IMPORTID
Column Name found in Datamart and Curated Table :: OWNER_ID
Column Name found in Datamart and Curated Table :: CREATEDON
Datamart tables contains additional column name like [ACTIVE_FLAG, RECORD_CREATE_DATE, RECORD_UPDATE_DATE, RECORD_UPDATE_DATE, MASTER_ID, TENANT_TYPE]
Curated tables contains additional column name like [RECORD_CREATE_DATE, RECORD_UPDATE_DATE, RECORD_UPDATED_BY, TENANT_TYPE]]]>
  </system-out>
  <testcase classname="testcases.RAW_DATAMART_CURATED.SnowFlake_ColumnValidation_BKPTables" name="validateColumnName_BKP" time="2.473"/>
  <system-out>
    <![CDATA[Executing Snowflake query :: SELECT COLUMN_NAME FROM DEV_ENT_RAW.INFORMATION_SCHEMA.COLUMNS WHERE TABLE_NAME='SKUASSET'and TABLE_SCHEMA='ST_FOURPROS_MATILLION'
Executing Snowflake query :: SELECT COLUMN_NAME FROM CURATED_DATAMART.INFORMATION_SCHEMA.COLUMNS WHERE TABLE_NAME='STR_SKUASSET'and TABLE_SCHEMA='ST_BKP_FOURPROS'
Executing Snowflake query :: SELECT COLUMN_NAME FROM DEV_ENT_CURATED.INFORMATION_SCHEMA.COLUMNS WHERE TABLE_NAME='DIM_SKUASSET'and TABLE_SCHEMA='MASTER_DIMENSIONS'
Column names for RAW Table --> SKUASSET :: [EXTERNALURL, OWNER_ID, ORIGINALNAME, URL, METADATA, TYPE, IMPORTID, CREATEDBY_ID, ISEXTERNAL, ALIAS, ID, CREATEDON, ACTIVE]
Column names for DataMart Table --> STR_SKUASSET :: [ACTIVE_FLAG, TENANT_TYPE, ACTIVE, CREATEDBY_ID, ID, OWNER_ID, ALIAS, TYPE, CREATEDON, ISEXTERNAL, METADATA, ORIGINALNAME, RECORD_UPDATE_DATE, IMPORTID, MASTER_ID, URL, EXTERNALURL, RECORD_CREATE_DATE]
Column names for Curated Table --> DIM_SKUASSET :: [EXTERNALURL, ORIGINALNAME, TENANT_TYPE, RECORD_UPDATE_DATE, ID, ISEXTERNAL, RECORD_CREATE_DATE, ALIAS, CREATEDON, RECORD_UPDATED_BY, TYPE, ACTIVE, CREATEDBY_ID, OWNER_ID, METADATA, URL, IMPORTID]
Column Name found in Datamart and Curated Table :: EXTERNALURL
Column Name found in Datamart and Curated Table :: OWNER_ID
Column Name found in Datamart and Curated Table :: ORIGINALNAME
Column Name found in Datamart and Curated Table :: URL
Column Name found in Datamart and Curated Table :: METADATA
Column Name found in Datamart and Curated Table :: TYPE
Column Name found in Datamart and Curated Table :: IMPORTID
Column Name found in Datamart and Curated Table :: CREATEDBY_ID
Column Name found in Datamart and Curated Table :: ISEXTERNAL
Column Name found in Datamart and Curated Table :: ALIAS
Column Name found in Datamart and Curated Table :: ID
Column Name found in Datamart and Curated Table :: CREATEDON
Column Name found in Datamart and Curated Table :: ACTIVE
Datamart tables contains additional column name like [ACTIVE_FLAG, RECORD_CREATE_DATE, RECORD_UPDATE_DATE, RECORD_UPDATE_DATE, MASTER_ID, TENANT_TYPE]
Curated tables contains additional column name like [RECORD_CREATE_DATE, RECORD_UPDATE_DATE, RECORD_UPDATED_BY, TENANT_TYPE]]]>
  </system-out>
  <testcase classname="testcases.RAW_DATAMART_CURATED.SnowFlake_ColumnValidation_BKPTables" name="validateColumnName_BKP" time="2.759"/>
  <system-out>
    <![CDATA[Executing Snowflake query :: SELECT COLUMN_NAME FROM DEV_ENT_RAW.INFORMATION_SCHEMA.COLUMNS WHERE TABLE_NAME='ESTIMATE'and TABLE_SCHEMA='ST_GOLDMEDAL_MATILLION'
Executing Snowflake query :: SELECT COLUMN_NAME FROM CURATED_DATAMART.INFORMATION_SCHEMA.COLUMNS WHERE TABLE_NAME='STR_ESTIMATE'and TABLE_SCHEMA='ST_BKP_GOLDMEDAL'
Executing Snowflake query :: SELECT COLUMN_NAME FROM DEV_ENT_CURATED.INFORMATION_SCHEMA.COLUMNS WHERE TABLE_NAME='DIM_ESTIMATE'and TABLE_SCHEMA='MASTER_DIMENSIONS'
Column names for RAW Table --> ESTIMATE :: [AUTHORIZEDON, CREATEDBY_ID, CREATEDON, FEETOTAL, MATERIALSKU_ID, SOLDBY_ID, RENEWABLEMEMBERSHIP_ID, OPPORTUNITY_ID, TAX, IMPORTID, JOB_ID, PROJECTOPPORTUNITY_ID, AUTHORIZATIONSIGNATURE, BUSINESSUNIT_ID, DISCOUNTTOTAL, ISRECOMMENDED, MATERIALTAX, NAME, PROPOSALTAGNAME, PROJECTLABELS, ID, ISCHANGEORDER, LABORTAX, SUMMARY, ACTIVE, LOCATION_ID, MATERIALSKUREFERENCE_SKUID, MATERIALSKUREFERENCE_SKUTYPE, CLAIM_ID, ORDER, PROCUREMENTTYPE, TECHNICIANSIGNATURE, SOLDON, MODIFIEDON, SOLDBYEMPLOYEE_ID, SOLDINVOICE_ID, SOLDTYPE, TOTALCOST, STATUS, TECHNICIANPICKEDSOLDTYPE, TOTAL, PROPOSALTAGCOLOR]
Column names for DataMart Table --> STR_ESTIMATE :: [FEETOTAL, TECHNICIANSIGNATURE, IMPORTID, STATUS, CREATEDON, JOB_ID, LOCATION_ID, PROJECTLABELS, RENEWABLEMEMBERSHIP_ID, RECORD_CREATE_DATE, BUSINESSUNIT_ID, CREATEDBY_ID, DISCOUNTTOTAL, ID, SOLDINVOICE_ID, TOTAL, TAX, ACTIVE_FLAG, AUTHORIZEDON, MASTER_ID, MATERIALSKU_ID, SOLDBYEMPLOYEE_ID, ORDER, PROCUREMENTTYPE, TECHNICIANPICKEDSOLDTYPE, CLAIM_ID, ISCHANGEORDER, TOTALCOST, ISRECOMMENDED, SUMMARY, ACTIVE, NAME, PROJECTOPPORTUNITY_ID, SOLDON, MATERIALTAX, OPPORTUNITY_ID, PROPOSALTAGCOLOR, LABORTAX, MATERIALSKUREFERENCE_SKUID, SOLDTYPE, TENANT_TYPE, PROPOSALTAGNAME, AUTHORIZATIONSIGNATURE, MATERIALSKUREFERENCE_SKUTYPE, MODIFIEDON, RECORD_UPDATE_DATE, SOLDBY_ID]
Column names for Curated Table --> DIM_ESTIMATE :: [CREATEDON, DISCOUNTTOTAL, LOCATION_ID, OPPORTUNITY_ID, PROPOSALTAGCOLOR, PROPOSALTAGNAME, SOLDINVOICE_ID, TENANT_TYPE, RECORD_UPDATED_BY, TOTALCOST, ISCHANGEORDER, NAME, BUSINESSUNIT_ID, FEETOTAL, MATERIALSKUREFERENCE_SKUTYPE, ISRECOMMENDED, ORDER, STATUS, TOTAL, SOLDTYPE, AUTHORIZEDON, CREATEDBY_ID, LABORTAX, PROCUREMENTTYPE, SOLDBYEMPLOYEE_ID, SOLDBY_ID, IMPORTID, MATERIALSKU_ID, TAX, TECHNICIANPICKEDSOLDTYPE, RENEWABLEMEMBERSHIP_ID, TECHNICIANSIGNATURE, MODIFIEDON, CLAIM_ID, ID, MATERIALSKUREFERENCE_SKUID, SOLDON, PROJECTLABELS, JOB_ID, ACTIVE, AUTHORIZATIONSIGNATURE, MATERIALTAX, PROJECTOPPORTUNITY_ID, RECORD_CREATE_DATE, SUMMARY, RECORD_UPDATE_DATE]
Column Name found in Datamart and Curated Table :: AUTHORIZEDON
Column Name found in Datamart and Curated Table :: CREATEDBY_ID
Column Name found in Datamart and Curated Table :: CREATEDON
Column Name found in Datamart and Curated Table :: FEETOTAL
Column Name found in Datamart and Curated Table :: MATERIALSKU_ID
Column Name found in Datamart and Curated Table :: SOLDBY_ID
Column Name found in Datamart and Curated Table :: RENEWABLEMEMBERSHIP_ID
Column Name found in Datamart and Curated Table :: OPPORTUNITY_ID
Column Name found in Datamart and Curated Table :: TAX
Column Name found in Datamart and Curated Table :: IMPORTID
Column Name found in Datamart and Curated Table :: JOB_ID
Column Name found in Datamart and Curated Table :: PROJECTOPPORTUNITY_ID
Column Name found in Datamart and Curated Table :: AUTHORIZATIONSIGNATURE
Column Name found in Datamart and Curated Table :: BUSINESSUNIT_ID
Column Name found in Datamart and Curated Table :: DISCOUNTTOTAL
Column Name found in Datamart and Curated Table :: ISRECOMMENDED
Column Name found in Datamart and Curated Table :: MATERIALTAX
Column Name found in Datamart and Curated Table :: NAME
Column Name found in Datamart and Curated Table :: PROPOSALTAGNAME
Column Name found in Datamart and Curated Table :: PROJECTLABELS
Column Name found in Datamart and Curated Table :: ID
Column Name found in Datamart and Curated Table :: ISCHANGEORDER
Column Name found in Datamart and Curated Table :: LABORTAX
Column Name found in Datamart and Curated Table :: SUMMARY
Column Name found in Datamart and Curated Table :: ACTIVE
Column Name found in Datamart and Curated Table :: LOCATION_ID
Column Name found in Datamart and Curated Table :: MATERIALSKUREFERENCE_SKUID
Column Name found in Datamart and Curated Table :: MATERIALSKUREFERENCE_SKUTYPE
Column Name found in Datamart and Curated Table :: CLAIM_ID
Column Name found in Datamart and Curated Table :: ORDER
Column Name found in Datamart and Curated Table :: PROCUREMENTTYPE
Column Name found in Datamart and Curated Table :: TECHNICIANSIGNATURE
Column Name found in Datamart and Curated Table :: SOLDON
Column Name found in Datamart and Curated Table :: MODIFIEDON
Column Name found in Datamart and Curated Table :: SOLDBYEMPLOYEE_ID
Column Name found in Datamart and Curated Table :: SOLDINVOICE_ID
Column Name found in Datamart and Curated Table :: SOLDTYPE
Column Name found in Datamart and Curated Table :: TOTALCOST
Column Name found in Datamart and Curated Table :: STATUS
Column Name found in Datamart and Curated Table :: TECHNICIANPICKEDSOLDTYPE
Column Name found in Datamart and Curated Table :: TOTAL
Column Name found in Datamart and Curated Table :: PROPOSALTAGCOLOR
Datamart tables contains additional column name like [ACTIVE_FLAG, RECORD_CREATE_DATE, RECORD_UPDATE_DATE, RECORD_UPDATE_DATE, MASTER_ID, TENANT_TYPE]
Curated tables contains additional column name like [RECORD_CREATE_DATE, RECORD_UPDATE_DATE, RECORD_UPDATED_BY, TENANT_TYPE]]]>
  </system-out>
  <testcase classname="testcases.RAW_DATAMART_CURATED.SnowFlake_ColumnValidation_BKPTables" name="validateColumnName_BKP" time="2.670">
    <failure message="The following asserts failed:
	null,
	null" type="java.lang.AssertionError">
      <![CDATA[java.lang.AssertionError: The following asserts failed:
null,
null
at org.testng.asserts.SoftAssert.assertAll(SoftAssert.java:47)
at org.testng.asserts.SoftAssert.assertAll(SoftAssert.java:31)
at testcases.RAW_DATAMART_CURATED.SnowFlake_ColumnValidation_BKPTables.validateColumnName_BKP(SnowFlake_ColumnValidation_BKPTables.java:120)
at jdk.internal.reflect.GeneratedMethodAccessor38.invoke(Unknown Source)
at java.base/jdk.internal.reflect.DelegatingMethodAccessorImpl.invoke(DelegatingMethodAccessorImpl.java:43)
at java.base/java.lang.reflect.Method.invoke(Method.java:568)
at org.testng.internal.MethodInvocationHelper.invokeMethod(MethodInvocationHelper.java:133)
at org.testng.internal.TestInvoker.invokeMethod(TestInvoker.java:598)
at org.testng.internal.TestInvoker.invokeTestMethod(TestInvoker.java:173)
at org.testng.internal.MethodRunner.runInSequence(MethodRunner.java:46)
at org.testng.internal.TestInvoker$MethodInvocationAgent.invoke(TestInvoker.java:824)
at org.testng.internal.TestInvoker.invokeTestMethods(TestInvoker.java:146)
at org.testng.internal.TestMethodWorker.invokeTestMethods(TestMethodWorker.java:146)
at org.testng.internal.TestMethodWorker.run(TestMethodWorker.java:128)
at java.base/java.util.ArrayList.forEach(ArrayList.java:1511)
at org.testng.TestRunner.privateRun(TestRunner.java:794)
at org.testng.TestRunner.run(TestRunner.java:596)
at org.testng.SuiteRunner.runTest(SuiteRunner.java:377)
at org.testng.SuiteRunner.runSequentially(SuiteRunner.java:371)
at org.testng.SuiteRunner.privateRun(SuiteRunner.java:332)
at org.testng.SuiteRunner.run(SuiteRunner.java:276)
at org.testng.SuiteRunnerWorker.runSuite(SuiteRunnerWorker.java:53)
at org.testng.SuiteRunnerWorker.run(SuiteRunnerWorker.java:96)
at org.testng.TestNG.runSuitesSequentially(TestNG.java:1212)
at org.testng.TestNG.runSuitesLocally(TestNG.java:1134)
at org.testng.TestNG.runSuites(TestNG.java:1063)
at org.testng.TestNG.run(TestNG.java:1031)
at org.testng.remote.AbstractRemoteTestNG.run(AbstractRemoteTestNG.java:115)
at org.testng.remote.RemoteTestNG.initAndRun(RemoteTestNG.java:251)
at org.testng.remote.RemoteTestNG.main(RemoteTestNG.java:77)
]]>
    </failure>
  </testcase> <!-- validateColumnName_BKP -->
  <system-out>
    <![CDATA[Executing Snowflake query :: SELECT COLUMN_NAME FROM DEV_ENT_RAW.INFORMATION_SCHEMA.COLUMNS WHERE TABLE_NAME='PROJECT'and TABLE_SCHEMA='ST_MAITZ_MATILLION'
Executing Snowflake query :: SELECT COLUMN_NAME FROM CURATED_DATAMART.INFORMATION_SCHEMA.COLUMNS WHERE TABLE_NAME='STR_PROJECT'and TABLE_SCHEMA='ST_BKP_MAITZ'
Executing Snowflake query :: SELECT COLUMN_NAME FROM DEV_ENT_CURATED.INFORMATION_SCHEMA.COLUMNS WHERE TABLE_NAME='DIM_PROJECT'and TABLE_SCHEMA='MASTER_DIMENSIONS'
Column names for RAW Table --> PROJECT :: [CREATEDBY_ID, CREATEDON, AREITEMSREORDERED, COMPLETEDONACTUAL, ISPREVAILINGWAGE, ISRETAINAGEENABLED, PAYMENTTERM_ID, CONTRACTSTARTDATE, COMPLETIONPERCENT, COSTTOCOMPLETE, ACKNOWLEDGEMENTSIGNATURE, AUTHORIZATIONSIGNATURE, CONTRACTFOR, PROJECTSETTINGSTYPE, TECHNICIANSIGNATURE, RETAINAGEPERCENT, COMPLETEDON, IMPORTID, LOCATION_ID, MODIFIEDON, NUMBER, SUMMARY, ACTIVE, CONTRACTESTIMATE_ID, NAME, STARTEDON, CUSTOMER_ID, ID, REVENUERECOGNITIONMETHOD]
Column names for DataMart Table --> STR_PROJECT :: [ACTIVE_FLAG, COMPLETEDON, RECORD_CREATE_DATE, CONTRACTESTIMATE_ID, ID, SUMMARY, PROJECTSETTINGSTYPE, RECORD_UPDATE_DATE, CONTRACTFOR, ISPREVAILINGWAGE, ISRETAINAGEENABLED, NUMBER, IMPORTID, LOCATION_ID, MASTER_ID, MD5_VALUE, NAME, ACKNOWLEDGEMENTSIGNATURE, CREATEDON, PAYMENTTERM_ID, RETAINAGEPERCENT, ACTIVE, COMPLETEDONACTUAL, CUSTOMER_ID, COMPLETIONPERCENT, TENANT_TYPE, AUTHORIZATIONSIGNATURE, STARTEDON, AREITEMSREORDERED, CONTRACTSTARTDATE, CREATEDBY_ID, MODIFIEDON, TECHNICIANSIGNATURE]
Column names for Curated Table --> DIM_PROJECT :: [RECORD_UPDATE_DATE, ACTIVE, AUTHORIZATIONSIGNATURE, COMPLETEDON, RETAINAGEPERCENT, IMPORTID, CONTRACTFOR, CONTRACTSTARTDATE, ID, ISRETAINAGEENABLED, RECORD_CREATE_DATE, RECORD_UPDATED_BY, TENANT_TYPE, PROJECTSETTINGSTYPE, TECHNICIANSIGNATURE, ISPREVAILINGWAGE, MD5_VALUE, NAME, PAYMENTTERM_ID, COMPLETEDONACTUAL, CUSTOMER_ID, NUMBER, AREITEMSREORDERED, CREATEDON, LOCATION_ID, MODIFIEDON, STARTEDON, ACKNOWLEDGEMENTSIGNATURE, COMPLETIONPERCENT, CONTRACTESTIMATE_ID, SUMMARY, CREATEDBY_ID]
Column Name found in Datamart and Curated Table :: CREATEDBY_ID
Column Name found in Datamart and Curated Table :: CREATEDON
Column Name found in Datamart and Curated Table :: AREITEMSREORDERED
Column Name found in Datamart and Curated Table :: COMPLETEDONACTUAL
Column Name found in Datamart and Curated Table :: ISPREVAILINGWAGE
Column Name found in Datamart and Curated Table :: ISRETAINAGEENABLED
Column Name found in Datamart and Curated Table :: PAYMENTTERM_ID
Column Name found in Datamart and Curated Table :: CONTRACTSTARTDATE
Column Name found in Datamart and Curated Table :: COMPLETIONPERCENT
Column Name not found in Datamart and Curated Table :: COSTTOCOMPLETE
Column Name found in Datamart and Curated Table :: ACKNOWLEDGEMENTSIGNATURE
Column Name found in Datamart and Curated Table :: AUTHORIZATIONSIGNATURE
Column Name found in Datamart and Curated Table :: CONTRACTFOR
Column Name found in Datamart and Curated Table :: PROJECTSETTINGSTYPE
Column Name found in Datamart and Curated Table :: TECHNICIANSIGNATURE
Column Name found in Datamart and Curated Table :: RETAINAGEPERCENT
Column Name found in Datamart and Curated Table :: COMPLETEDON
Column Name found in Datamart and Curated Table :: IMPORTID
Column Name found in Datamart and Curated Table :: LOCATION_ID
Column Name found in Datamart and Curated Table :: MODIFIEDON
Column Name found in Datamart and Curated Table :: NUMBER
Column Name found in Datamart and Curated Table :: SUMMARY
Column Name found in Datamart and Curated Table :: ACTIVE
Column Name found in Datamart and Curated Table :: CONTRACTESTIMATE_ID
Column Name found in Datamart and Curated Table :: NAME
Column Name found in Datamart and Curated Table :: STARTEDON
Column Name found in Datamart and Curated Table :: CUSTOMER_ID
Column Name found in Datamart and Curated Table :: ID
Column Name not found in Datamart and Curated Table :: REVENUERECOGNITIONMETHOD
Datamart tables contains additional column name like [ACTIVE_FLAG, RECORD_CREATE_DATE, RECORD_UPDATE_DATE, RECORD_UPDATE_DATE, MASTER_ID, TENANT_TYPE]
Curated tables contains additional column name like [RECORD_CREATE_DATE, RECORD_UPDATE_DATE, RECORD_UPDATED_BY, TENANT_TYPE]]]>
  </system-out>
  <testcase classname="testcases.RAW_DATAMART_CURATED.SnowFlake_ColumnValidation_BKPTables" name="validateColumnName_BKP" time="2.842"/>
  <system-out>
    <![CDATA[Executing Snowflake query :: SELECT COLUMN_NAME FROM DEV_ENT_RAW.INFORMATION_SCHEMA.COLUMNS WHERE TABLE_NAME='ESTIMATE'and TABLE_SCHEMA='ST_FOURPROS_MATILLION'
Executing Snowflake query :: SELECT COLUMN_NAME FROM CURATED_DATAMART.INFORMATION_SCHEMA.COLUMNS WHERE TABLE_NAME='STR_ESTIMATE'and TABLE_SCHEMA='ST_BKP_FOURPROS'
Executing Snowflake query :: SELECT COLUMN_NAME FROM DEV_ENT_CURATED.INFORMATION_SCHEMA.COLUMNS WHERE TABLE_NAME='DIM_ESTIMATE'and TABLE_SCHEMA='MASTER_DIMENSIONS'
Column names for RAW Table --> ESTIMATE :: [ACTIVE, JOB_ID, MATERIALSKUREFERENCE_SKUTYPE, OPPORTUNITY_ID, PROJECTLABELS, PROPOSALTAGCOLOR, TECHNICIANSIGNATURE, STATUS, TECHNICIANPICKEDSOLDTYPE, ID, TAX, DISCOUNTTOTAL, FEETOTAL, LOCATION_ID, TOTALCOST, RENEWABLEMEMBERSHIP_ID, SOLDTYPE, MATERIALSKU_ID, ISRECOMMENDED, SOLDON, BUSINESSUNIT_ID, CLAIM_ID, CREATEDBY_ID, CREATEDON, LABORTAX, MATERIALTAX, ORDER, IMPORTID, SOLDBY_ID, SUMMARY, MATERIALSKUREFERENCE_SKUID, AUTHORIZATIONSIGNATURE, AUTHORIZEDON, NAME, PROCUREMENTTYPE, PROJECTOPPORTUNITY_ID, PROPOSALTAGNAME, SOLDBYEMPLOYEE_ID, ISCHANGEORDER, SOLDINVOICE_ID, TOTAL, MODIFIEDON]
Column names for DataMart Table --> STR_ESTIMATE :: [AUTHORIZEDON, CREATEDBY_ID, LABORTAX, MODIFIEDON, ACTIVE_FLAG, FEETOTAL, ISRECOMMENDED, NAME, SOLDTYPE, TOTAL, ACTIVE, BUSINESSUNIT_ID, ISCHANGEORDER, OPPORTUNITY_ID, RECORD_CREATE_DATE, SOLDINVOICE_ID, MATERIALSKUREFERENCE_SKUID, SOLDBY_ID, CLAIM_ID, JOB_ID, MATERIALSKU_ID, PROPOSALTAGCOLOR, LOCATION_ID, MASTER_ID, PROPOSALTAGNAME, SOLDBYEMPLOYEE_ID, TENANT_TYPE, AUTHORIZATIONSIGNATURE, CREATEDON, DISCOUNTTOTAL, IMPORTID, MATERIALSKUREFERENCE_SKUTYPE, PROCUREMENTTYPE, RENEWABLEMEMBERSHIP_ID, SOLDON, TECHNICIANPICKEDSOLDTYPE, ID, SUMMARY, MATERIALTAX, ORDER, STATUS, PROJECTLABELS, PROJECTOPPORTUNITY_ID, TOTALCOST, RECORD_UPDATE_DATE, TECHNICIANSIGNATURE, TAX]
Column names for Curated Table --> DIM_ESTIMATE :: [CREATEDON, DISCOUNTTOTAL, LOCATION_ID, OPPORTUNITY_ID, PROPOSALTAGCOLOR, PROPOSALTAGNAME, SOLDINVOICE_ID, TENANT_TYPE, RECORD_UPDATED_BY, TOTALCOST, ISCHANGEORDER, NAME, BUSINESSUNIT_ID, FEETOTAL, MATERIALSKUREFERENCE_SKUTYPE, ISRECOMMENDED, ORDER, STATUS, TOTAL, SOLDTYPE, AUTHORIZEDON, CREATEDBY_ID, LABORTAX, PROCUREMENTTYPE, SOLDBYEMPLOYEE_ID, SOLDBY_ID, IMPORTID, MATERIALSKU_ID, TAX, TECHNICIANPICKEDSOLDTYPE, RENEWABLEMEMBERSHIP_ID, TECHNICIANSIGNATURE, MODIFIEDON, CLAIM_ID, ID, MATERIALSKUREFERENCE_SKUID, SOLDON, PROJECTLABELS, JOB_ID, ACTIVE, AUTHORIZATIONSIGNATURE, MATERIALTAX, PROJECTOPPORTUNITY_ID, RECORD_CREATE_DATE, SUMMARY, RECORD_UPDATE_DATE]
Column Name found in Datamart and Curated Table :: ACTIVE
Column Name found in Datamart and Curated Table :: JOB_ID
Column Name found in Datamart and Curated Table :: MATERIALSKUREFERENCE_SKUTYPE
Column Name found in Datamart and Curated Table :: OPPORTUNITY_ID
Column Name found in Datamart and Curated Table :: PROJECTLABELS
Column Name found in Datamart and Curated Table :: PROPOSALTAGCOLOR
Column Name found in Datamart and Curated Table :: TECHNICIANSIGNATURE
Column Name found in Datamart and Curated Table :: STATUS
Column Name found in Datamart and Curated Table :: TECHNICIANPICKEDSOLDTYPE
Column Name found in Datamart and Curated Table :: ID
Column Name found in Datamart and Curated Table :: TAX
Column Name found in Datamart and Curated Table :: DISCOUNTTOTAL
Column Name found in Datamart and Curated Table :: FEETOTAL
Column Name found in Datamart and Curated Table :: LOCATION_ID
Column Name found in Datamart and Curated Table :: TOTALCOST
Column Name found in Datamart and Curated Table :: RENEWABLEMEMBERSHIP_ID
Column Name found in Datamart and Curated Table :: SOLDTYPE
Column Name found in Datamart and Curated Table :: MATERIALSKU_ID
Column Name found in Datamart and Curated Table :: ISRECOMMENDED
Column Name found in Datamart and Curated Table :: SOLDON
Column Name found in Datamart and Curated Table :: BUSINESSUNIT_ID
Column Name found in Datamart and Curated Table :: CLAIM_ID
Column Name found in Datamart and Curated Table :: CREATEDBY_ID
Column Name found in Datamart and Curated Table :: CREATEDON
Column Name found in Datamart and Curated Table :: LABORTAX
Column Name found in Datamart and Curated Table :: MATERIALTAX
Column Name found in Datamart and Curated Table :: ORDER
Column Name found in Datamart and Curated Table :: IMPORTID
Column Name found in Datamart and Curated Table :: SOLDBY_ID
Column Name found in Datamart and Curated Table :: SUMMARY
Column Name found in Datamart and Curated Table :: MATERIALSKUREFERENCE_SKUID
Column Name found in Datamart and Curated Table :: AUTHORIZATIONSIGNATURE
Column Name found in Datamart and Curated Table :: AUTHORIZEDON
Column Name found in Datamart and Curated Table :: NAME
Column Name found in Datamart and Curated Table :: PROCUREMENTTYPE
Column Name found in Datamart and Curated Table :: PROJECTOPPORTUNITY_ID
Column Name found in Datamart and Curated Table :: PROPOSALTAGNAME
Column Name found in Datamart and Curated Table :: SOLDBYEMPLOYEE_ID
Column Name found in Datamart and Curated Table :: ISCHANGEORDER
Column Name found in Datamart and Curated Table :: SOLDINVOICE_ID
Column Name found in Datamart and Curated Table :: TOTAL
Column Name found in Datamart and Curated Table :: MODIFIEDON
Datamart tables contains additional column name like [ACTIVE_FLAG, RECORD_CREATE_DATE, RECORD_UPDATE_DATE, RECORD_UPDATE_DATE, MASTER_ID, TENANT_TYPE]
Curated tables contains additional column name like [RECORD_CREATE_DATE, RECORD_UPDATE_DATE, RECORD_UPDATED_BY, TENANT_TYPE]]]>
  </system-out>
  <testcase classname="testcases.RAW_DATAMART_CURATED.SnowFlake_ColumnValidation_BKPTables" name="validateColumnName_BKP" time="2.260"/>
  <system-out>
    <![CDATA[Executing Snowflake query :: SELECT COLUMN_NAME FROM DEV_ENT_RAW.INFORMATION_SCHEMA.COLUMNS WHERE TABLE_NAME='MATERIAL'and TABLE_SCHEMA='ST_GOLDMEDAL_MATILLION'
Executing Snowflake query :: SELECT COLUMN_NAME FROM CURATED_DATAMART.INFORMATION_SCHEMA.COLUMNS WHERE TABLE_NAME='STR_MATERIAL'and TABLE_SCHEMA='ST_BKP_GOLDMEDAL'
Executing Snowflake query :: SELECT COLUMN_NAME FROM DEV_ENT_CURATED.INFORMATION_SCHEMA.COLUMNS WHERE TABLE_NAME='DIM_MATERIAL'and TABLE_SCHEMA='MASTER_DIMENSIONS'
Column names for RAW Table --> MATERIAL :: [COSTOFSALEACCOUNT_ID, ORIGINAL_ID, ACCOUNT, AUTOGLASSTYPE, AVALARACOMMERCIALTAXCODE, COPIEDFROM_ID, CROSSSALEGROUP, ID, CATEGORY_ID, INVENTORYENABLEDBY_ID, NAME, SYNCDATE, MEMBERPRICE, UNITOFMEASURE, AVALARARESIDENTIALTAXCODE, ISINVENTORY, PAYSCOMMISSION, PROVIDER_ID, PURCHASEORDERLIMITS_FLATAMOUNT, PRICE, SOURCE, ADDONPRICE, ASSETACCOUNT_ID, BONUS, EXCLUDEFROMPRICEBOOKWIZARD, IMPORTID, LOYALTYPROGRAMELIGIBLE, SCHEDULEDFLATAMOUNT, SERIALIZEDON, DISPLAYINAMOUNT, EXTERNALID, GENERALLEDGERACCOUNT_ID, IMAGES, PRIMARYVENDOR_ID, SUPPLIERIMAGES, ARCHIVED, DEDUCTASJOBCOST, DISPLAYNAME, NOTAX, CREATEDON, HOURS, PURCHASEORDERLIMITS_REVENUEPERCENT, SOURCEVERSION, ADDONFLATAMOUNT, COMMISSIONBONUS, COST, INVENTORYENABLEDON, PAYTECHSPECIFICBONUS, USEFIXEDMATERIALPRICE, BUSINESSUNIT_ID, CREATEDBY_ID, DESCRIPTION, ISSERIALIZED, MODIFIEDON, PAYSSOLDBYRATE, SOLDBYCOMMISSION, TAXABLE, ACTIVE, ADDONMEMBERPRICE, PAYSFLATAMOUNT]
Column names for DataMart Table --> STR_MATERIAL :: [ADDONFLATAMOUNT, ADDONPRICE, COMMISSIONBONUS, DISPLAYINAMOUNT, MODIFIEDON, SOURCE, PAYSFLATAMOUNT, PURCHASEORDERLIMITS_FLATAMOUNT, ADDONMEMBERPRICE, AUTOGLASSTYPE, BONUS, BUSINESSUNIT_ID, INVENTORYENABLEDBY_ID, NOTAX, PAYTECHSPECIFICBONUS, ISINVENTORY, LOYALTYPROGRAMELIGIBLE, TENANT_TYPE, ACCOUNT, CATEGORY_ID, EXCLUDEFROMPRICEBOOKWIZARD, IMAGES, INVENTORYENABLEDON, PROVIDER_ID, ISSERIALIZED, ORIGINAL_ID, SOURCEVERSION, ACTIVE_FLAG, EXTERNALID, PRIMARYVENDOR_ID, CROSSSALEGROUP, IMPORTID, MEMBERPRICE, SYNCDATE, CREATEDON, DEDUCTASJOBCOST, HOURS, SCHEDULEDFLATAMOUNT, MASTER_ID, ACTIVE, AVALARACOMMERCIALTAXCODE, COPIEDFROM_ID, COST, DESCRIPTION, UNITOFMEASURE, RECORD_CREATE_DATE, RECORD_UPDATE_DATE, ASSETACCOUNT_ID, CREATEDBY_ID, GENERALLEDGERACCOUNT_ID, PAYSSOLDBYRATE, USEFIXEDMATERIALPRICE, DISPLAYNAME, ID, PAYSCOMMISSION, SOLDBYCOMMISSION, ARCHIVED, AVALARARESIDENTIALTAXCODE, COSTOFSALEACCOUNT_ID, PURCHASEORDERLIMITS_REVENUEPERCENT, TAXABLE, NAME, SERIALIZEDON, PRICE, SUPPLIERIMAGES]
Column names for Curated Table --> DIM_MATERIAL :: [BUSINESSUNIT_ID, DEDUCTASJOBCOST, HOURS, MEMBERPRICE, MODIFIEDON, SCHEDULEDFLATAMOUNT, ARCHIVED, BONUS, COST, EXCLUDEFROMPRICEBOOKWIZARD, INVENTORYENABLEDON, SOURCE, ID, RECORD_UPDATED_BY, RECORD_UPDATE_DATE, ADDONPRICE, ASSETACCOUNT_ID, AVALARARESIDENTIALTAXCODE, DESCRIPTION, IMPORTID, ISSERIALIZED, PAYSSOLDBYRATE, ISINVENTORY, NOTAX, CREATEDBY_ID, PRIMARYVENDOR_ID, SERIALIZEDON, GENERALLEDGERACCOUNT_ID, RECORD_CREATE_DATE, CROSSSALEGROUP, SOLDBYCOMMISSION, ACTIVE, CATEGORY_ID, EXTERNALID, NAME, USEFIXEDMATERIALPRICE, INVENTORYENABLEDBY_ID, PAYTECHSPECIFICBONUS, PROVIDER_ID, PURCHASEORDERLIMITS_REVENUEPERCENT, SUPPLIERIMAGES, ACCOUNT, ADDONFLATAMOUNT, COMMISSIONBONUS, CREATEDON, PAYSCOMMISSION, DISPLAYINAMOUNT, SOURCEVERSION, COSTOFSALEACCOUNT_ID, DISPLAYNAME, IMAGES, ORIGINAL_ID, TAXABLE, COPIEDFROM_ID, UNITOFMEASURE, ADDONMEMBERPRICE, AUTOGLASSTYPE, AVALARACOMMERCIALTAXCODE, LOYALTYPROGRAMELIGIBLE, PRICE, PURCHASEORDERLIMITS_FLATAMOUNT, SYNCDATE, TENANT_TYPE, PAYSFLATAMOUNT]
Column Name found in Datamart and Curated Table :: COSTOFSALEACCOUNT_ID
Column Name found in Datamart and Curated Table :: ORIGINAL_ID
Column Name found in Datamart and Curated Table :: ACCOUNT
Column Name found in Datamart and Curated Table :: AUTOGLASSTYPE
Column Name found in Datamart and Curated Table :: AVALARACOMMERCIALTAXCODE
Column Name found in Datamart and Curated Table :: COPIEDFROM_ID
Column Name found in Datamart and Curated Table :: CROSSSALEGROUP
Column Name found in Datamart and Curated Table :: ID
Column Name found in Datamart and Curated Table :: CATEGORY_ID
Column Name found in Datamart and Curated Table :: INVENTORYENABLEDBY_ID
Column Name found in Datamart and Curated Table :: NAME
Column Name found in Datamart and Curated Table :: SYNCDATE
Column Name found in Datamart and Curated Table :: MEMBERPRICE
Column Name found in Datamart and Curated Table :: UNITOFMEASURE
Column Name found in Datamart and Curated Table :: AVALARARESIDENTIALTAXCODE
Column Name found in Datamart and Curated Table :: ISINVENTORY
Column Name found in Datamart and Curated Table :: PAYSCOMMISSION
Column Name found in Datamart and Curated Table :: PROVIDER_ID
Column Name found in Datamart and Curated Table :: PURCHASEORDERLIMITS_FLATAMOUNT
Column Name found in Datamart and Curated Table :: PRICE
Column Name found in Datamart and Curated Table :: SOURCE
Column Name found in Datamart and Curated Table :: ADDONPRICE
Column Name found in Datamart and Curated Table :: ASSETACCOUNT_ID
Column Name found in Datamart and Curated Table :: BONUS
Column Name found in Datamart and Curated Table :: EXCLUDEFROMPRICEBOOKWIZARD
Column Name found in Datamart and Curated Table :: IMPORTID
Column Name found in Datamart and Curated Table :: LOYALTYPROGRAMELIGIBLE
Column Name found in Datamart and Curated Table :: SCHEDULEDFLATAMOUNT
Column Name found in Datamart and Curated Table :: SERIALIZEDON
Column Name found in Datamart and Curated Table :: DISPLAYINAMOUNT
Column Name found in Datamart and Curated Table :: EXTERNALID
Column Name found in Datamart and Curated Table :: GENERALLEDGERACCOUNT_ID
Column Name found in Datamart and Curated Table :: IMAGES
Column Name found in Datamart and Curated Table :: PRIMARYVENDOR_ID
Column Name found in Datamart and Curated Table :: SUPPLIERIMAGES
Column Name found in Datamart and Curated Table :: ARCHIVED
Column Name found in Datamart and Curated Table :: DEDUCTASJOBCOST
Column Name found in Datamart and Curated Table :: DISPLAYNAME
Column Name found in Datamart and Curated Table :: NOTAX
Column Name found in Datamart and Curated Table :: CREATEDON
Column Name found in Datamart and Curated Table :: HOURS
Column Name found in Datamart and Curated Table :: PURCHASEORDERLIMITS_REVENUEPERCENT
Column Name found in Datamart and Curated Table :: SOURCEVERSION
Column Name found in Datamart and Curated Table :: ADDONFLATAMOUNT
Column Name found in Datamart and Curated Table :: COMMISSIONBONUS
Column Name found in Datamart and Curated Table :: COST
Column Name found in Datamart and Curated Table :: INVENTORYENABLEDON
Column Name found in Datamart and Curated Table :: PAYTECHSPECIFICBONUS
Column Name found in Datamart and Curated Table :: USEFIXEDMATERIALPRICE
Column Name found in Datamart and Curated Table :: BUSINESSUNIT_ID
Column Name found in Datamart and Curated Table :: CREATEDBY_ID
Column Name found in Datamart and Curated Table :: DESCRIPTION
Column Name found in Datamart and Curated Table :: ISSERIALIZED
Column Name found in Datamart and Curated Table :: MODIFIEDON
Column Name found in Datamart and Curated Table :: PAYSSOLDBYRATE
Column Name found in Datamart and Curated Table :: SOLDBYCOMMISSION
Column Name found in Datamart and Curated Table :: TAXABLE
Column Name found in Datamart and Curated Table :: ACTIVE
Column Name found in Datamart and Curated Table :: ADDONMEMBERPRICE
Column Name found in Datamart and Curated Table :: PAYSFLATAMOUNT
Datamart tables contains additional column name like [ACTIVE_FLAG, RECORD_CREATE_DATE, RECORD_UPDATE_DATE, RECORD_UPDATE_DATE, MASTER_ID, TENANT_TYPE]
Curated tables contains additional column name like [RECORD_CREATE_DATE, RECORD_UPDATE_DATE, RECORD_UPDATED_BY, TENANT_TYPE]]]>
  </system-out>
  <testcase classname="testcases.RAW_DATAMART_CURATED.SnowFlake_ColumnValidation_BKPTables" name="validateColumnName_BKP" time="2.383"/>
  <system-out>
    <![CDATA[Executing Snowflake query :: SELECT COLUMN_NAME FROM DEV_ENT_RAW.INFORMATION_SCHEMA.COLUMNS WHERE TABLE_NAME='LEAD'and TABLE_SCHEMA='ST_SNELLHEATINGAIR_MATILLION'
Executing Snowflake query :: SELECT COLUMN_NAME FROM CURATED_DATAMART.INFORMATION_SCHEMA.COLUMNS WHERE TABLE_NAME='STR_LEAD'and TABLE_SCHEMA='ST_BKP_SNELLHEATINGAIR'
Executing Snowflake query :: SELECT COLUMN_NAME FROM DEV_ENT_CURATED.INFORMATION_SCHEMA.COLUMNS WHERE TABLE_NAME='DIM_LEAD'and TABLE_SCHEMA='MASTER_DIMENSIONS'
Column names for RAW Table --> LEAD :: [ESTIMATE_ID, LOCATION_ID, SUMMARY, BUSINESSUNIT_ID, CREATEDON, PRIORITY, ACTIVE, CUSTOMER_ID, JOBTYPE_ID, LATESTFOLLOWUPDATE, MODIFIEDON, IMPORTID, CAMPAIGN_ID, CREATEDBY_ID, ID, PROJECT_ID, STATUS]
Column names for DataMart Table --> STR_LEAD :: [CREATEDON, CUSTOMER_ID, IMPORTID, MD5_VALUE, JOBTYPE_ID, LATESTFOLLOWUPDATE, MODIFIEDON, TENANT_TYPE, RECORD_UPDATE_DATE, ACTIVE, ACTIVE_FLAG, CREATEDBY_ID, ID, CAMPAIGN_ID, ESTIMATE_ID, LOCATION_ID, STATUS, PROJECT_ID, MASTER_ID, RECORD_CREATE_DATE, BUSINESSUNIT_ID, PRIORITY, SUMMARY]
Column names for Curated Table --> DIM_LEAD :: [PRIORITY, ESTIMATE_ID, MD5_VALUE, MODIFIEDON, TENANT_TYPE, RECORD_UPDATED_BY, CUSTOMER_ID, PROJECT_ID, RECORD_CREATE_DATE, IMPORTID, STATUS, ACTIVE, BUSINESSUNIT_ID, CAMPAIGN_ID, CREATEDON, JOBTYPE_ID, LOCATION_ID, RECORD_UPDATE_DATE, CREATEDBY_ID, ID, LATESTFOLLOWUPDATE, SUMMARY]
Column Name found in Datamart and Curated Table :: ESTIMATE_ID
Column Name found in Datamart and Curated Table :: LOCATION_ID
Column Name found in Datamart and Curated Table :: SUMMARY
Column Name found in Datamart and Curated Table :: BUSINESSUNIT_ID
Column Name found in Datamart and Curated Table :: CREATEDON
Column Name found in Datamart and Curated Table :: PRIORITY
Column Name found in Datamart and Curated Table :: ACTIVE
Column Name found in Datamart and Curated Table :: CUSTOMER_ID
Column Name found in Datamart and Curated Table :: JOBTYPE_ID
Column Name found in Datamart and Curated Table :: LATESTFOLLOWUPDATE
Column Name found in Datamart and Curated Table :: MODIFIEDON
Column Name found in Datamart and Curated Table :: IMPORTID
Column Name found in Datamart and Curated Table :: CAMPAIGN_ID
Column Name found in Datamart and Curated Table :: CREATEDBY_ID
Column Name found in Datamart and Curated Table :: ID
Column Name found in Datamart and Curated Table :: PROJECT_ID
Column Name found in Datamart and Curated Table :: STATUS
Datamart tables contains additional column name like [ACTIVE_FLAG, RECORD_CREATE_DATE, RECORD_UPDATE_DATE, RECORD_UPDATE_DATE, MASTER_ID, TENANT_TYPE]
Curated tables contains additional column name like [RECORD_CREATE_DATE, RECORD_UPDATE_DATE, RECORD_UPDATED_BY, TENANT_TYPE]]]>
  </system-out>
  <testcase classname="testcases.RAW_DATAMART_CURATED.SnowFlake_ColumnValidation_BKPTables" name="validateColumnName_BKP" time="2.269"/>
  <system-out>
    <![CDATA[Executing Snowflake query :: SELECT COLUMN_NAME FROM DEV_ENT_RAW.INFORMATION_SCHEMA.COLUMNS WHERE TABLE_NAME='CALL'and TABLE_SCHEMA='ST_HENDERSON_MATILLION'
Executing Snowflake query :: SELECT COLUMN_NAME FROM CURATED_DATAMART.INFORMATION_SCHEMA.COLUMNS WHERE TABLE_NAME='STR_CALL'and TABLE_SCHEMA='ST_BKP_HENDERSON'
Executing Snowflake query :: SELECT COLUMN_NAME FROM DEV_ENT_CURATED.INFORMATION_SCHEMA.COLUMNS WHERE TABLE_NAME='DIM_CALL'and TABLE_SCHEMA='MASTER_DIMENSIONS'
Column names for RAW Table --> CALL :: [VOICEMAILPATH, ACTIVE, ESTIMATE_ID, SID, RECORDINGPATH, LEAD_ID, CONVERSIONSCORE, DURATION, CUSTOMER_ID, FROM, ID, IMPORTID, REVIEWINGBY_ID, AGENT_ID, DIRECTION, EXCUSEMEMO, FOLLOWUP_ID, LOCATION_ID, REVIEWEDBY_ID, WONTREVIEW, TO, CAMPAIGN_ID, CREATEDBY_ID, JOB_ID, RECORDINGID, STATUS, TYPE, MODIFIEDON, CALLSERVICE, CREATEDON, REASON_ID, TAG, RECORDINGURL]
Column names for DataMart Table --> STR_CALL :: [CREATEDBY_ID, CUSTOMER_ID, IMPORTID, REVIEWEDBY_ID, RECORDINGID, RECORDINGURL, TENANT_TYPE, ACTIVE, AGENT_ID, ESTIMATE_ID, CONVERSIONSCORE, DIRECTION, FROM, JOB_ID, LOCATION_ID, ACTIVE_FLAG, CALLSERVICE, CAMPAIGN_ID, DURATION, MODIFIEDON, CREATEDON, WONTREVIEW, ID, RECORD_CREATE_DATE, SID, EXCUSEMEMO, LEAD_ID, MASTER_ID, RECORD_UPDATE_DATE, TO, TYPE, VOICEMAILPATH, REVIEWINGBY_ID, REASON_ID, TAG, FOLLOWUP_ID, RECORDINGPATH, STATUS]
Column names for Curated Table --> DIM_CALL :: [ESTIMATE_ID, REASON_ID, WONTREVIEW, AGENT_ID, DIRECTION, FOLLOWUP_ID, LOCATION_ID, RECORDINGID, TAG, TYPE, CUSTOMER_ID, LEAD_ID, RECORDINGPATH, VOICEMAILPATH, STATUS, CONVERSIONSCORE, FROM, CREATEDBY_ID, DURATION, TENANT_TYPE, ACTIVE, CALLSERVICE, CAMPAIGN_ID, ID, RECORDINGURL, RECORD_UPDATE_DATE, RECORD_CREATE_DATE, JOB_ID, REVIEWEDBY_ID, TO, RECORD_UPDATED_BY, REVIEWINGBY_ID, SID, CREATEDON, EXCUSEMEMO, IMPORTID, MODIFIEDON]
Column Name found in Datamart and Curated Table :: VOICEMAILPATH
Column Name found in Datamart and Curated Table :: ACTIVE
Column Name found in Datamart and Curated Table :: ESTIMATE_ID
Column Name found in Datamart and Curated Table :: SID
Column Name found in Datamart and Curated Table :: RECORDINGPATH
Column Name found in Datamart and Curated Table :: LEAD_ID
Column Name found in Datamart and Curated Table :: CONVERSIONSCORE
Column Name found in Datamart and Curated Table :: DURATION
Column Name found in Datamart and Curated Table :: CUSTOMER_ID
Column Name found in Datamart and Curated Table :: FROM
Column Name found in Datamart and Curated Table :: ID
Column Name found in Datamart and Curated Table :: IMPORTID
Column Name found in Datamart and Curated Table :: REVIEWINGBY_ID
Column Name found in Datamart and Curated Table :: AGENT_ID
Column Name found in Datamart and Curated Table :: DIRECTION
Column Name found in Datamart and Curated Table :: EXCUSEMEMO
Column Name found in Datamart and Curated Table :: FOLLOWUP_ID
Column Name found in Datamart and Curated Table :: LOCATION_ID
Column Name found in Datamart and Curated Table :: REVIEWEDBY_ID
Column Name found in Datamart and Curated Table :: WONTREVIEW
Column Name found in Datamart and Curated Table :: TO
Column Name found in Datamart and Curated Table :: CAMPAIGN_ID
Column Name found in Datamart and Curated Table :: CREATEDBY_ID
Column Name found in Datamart and Curated Table :: JOB_ID
Column Name found in Datamart and Curated Table :: RECORDINGID
Column Name found in Datamart and Curated Table :: STATUS
Column Name found in Datamart and Curated Table :: TYPE
Column Name found in Datamart and Curated Table :: MODIFIEDON
Column Name found in Datamart and Curated Table :: CALLSERVICE
Column Name found in Datamart and Curated Table :: CREATEDON
Column Name found in Datamart and Curated Table :: REASON_ID
Column Name found in Datamart and Curated Table :: TAG
Column Name found in Datamart and Curated Table :: RECORDINGURL
Datamart tables contains additional column name like [ACTIVE_FLAG, RECORD_CREATE_DATE, RECORD_UPDATE_DATE, RECORD_UPDATE_DATE, MASTER_ID, TENANT_TYPE]
Curated tables contains additional column name like [RECORD_CREATE_DATE, RECORD_UPDATE_DATE, RECORD_UPDATED_BY, TENANT_TYPE]]]>
  </system-out>
  <testcase classname="testcases.RAW_DATAMART_CURATED.SnowFlake_ColumnValidation_BKPTables" name="validateColumnName_BKP" time="2.357"/>
  <system-out>
    <![CDATA[Executing Snowflake query :: SELECT COLUMN_NAME FROM DEV_ENT_RAW.INFORMATION_SCHEMA.COLUMNS WHERE TABLE_NAME='CANCELJOBREASON'and TABLE_SCHEMA='ST_HENDERSON_MATILLION'
Executing Snowflake query :: SELECT COLUMN_NAME FROM CURATED_DATAMART.INFORMATION_SCHEMA.COLUMNS WHERE TABLE_NAME='STR_CANCELJOBREASON'and TABLE_SCHEMA='ST_BKP_HENDERSON'
Executing Snowflake query :: SELECT COLUMN_NAME FROM DEV_ENT_CURATED.INFORMATION_SCHEMA.COLUMNS WHERE TABLE_NAME='DIM_CANCELJOBREASON'and TABLE_SCHEMA='MASTER_DIMENSIONS'
Column names for RAW Table --> CANCELJOBREASON :: [NAME, ACTIVE, CREATEDBY_ID, ID, CREATEDON, IMPORTID, MODIFIEDON]
Column names for DataMart Table --> STR_CANCELJOBREASON :: [MASTER_ID, TENANT_TYPE, ACTIVE_FLAG, IMPORTID, RECORD_UPDATE_DATE, ACTIVE, CREATEDBY_ID, ID, MODIFIEDON, NAME, RECORD_CREATE_DATE, CREATEDON]
Column names for Curated Table --> DIM_CANCELJOBREASON :: [ID, IMPORTID, TENANT_TYPE, MODIFIEDON, CREATEDON, RECORD_UPDATED_BY, RECORD_UPDATE_DATE, RECORD_CREATE_DATE, ACTIVE, CREATEDBY_ID, NAME]
Column Name found in Datamart and Curated Table :: NAME
Column Name found in Datamart and Curated Table :: ACTIVE
Column Name found in Datamart and Curated Table :: CREATEDBY_ID
Column Name found in Datamart and Curated Table :: ID
Column Name found in Datamart and Curated Table :: CREATEDON
Column Name found in Datamart and Curated Table :: IMPORTID
Column Name found in Datamart and Curated Table :: MODIFIEDON
Datamart tables contains additional column name like [ACTIVE_FLAG, RECORD_CREATE_DATE, RECORD_UPDATE_DATE, RECORD_UPDATE_DATE, MASTER_ID, TENANT_TYPE]
Curated tables contains additional column name like [RECORD_CREATE_DATE, RECORD_UPDATE_DATE, RECORD_UPDATED_BY, TENANT_TYPE]]]>
  </system-out>
  <testcase classname="testcases.RAW_DATAMART_CURATED.SnowFlake_ColumnValidation_BKPTables" name="validateColumnName_BKP" time="2.453"/>
  <system-out>
    <![CDATA[Executing Snowflake query :: SELECT COLUMN_NAME FROM DEV_ENT_RAW.INFORMATION_SCHEMA.COLUMNS WHERE TABLE_NAME='CATEGORY'and TABLE_SCHEMA='ST_SNELLHEATINGAIR_MATILLION'
Executing Snowflake query :: SELECT COLUMN_NAME FROM CURATED_DATAMART.INFORMATION_SCHEMA.COLUMNS WHERE TABLE_NAME='STR_CATEGORY'and TABLE_SCHEMA='ST_BKP_SNELLHEATINGAIR'
Executing Snowflake query :: SELECT COLUMN_NAME FROM DEV_ENT_CURATED.INFORMATION_SCHEMA.COLUMNS WHERE TABLE_NAME='DIM_CATEGORY'and TABLE_SCHEMA='MASTER_DIMENSIONS'
Column names for RAW Table --> CATEGORY :: [ACTIVE, ID, SOURCEVERSION, AVALARACOMMERCIALTAXCODE, HIDEINMOBILE, IMPORTID, AVALARARESIDENTIALTAXCODE, BUSINESSUNIT_ID, EXTERNALID, IMAGE, PARENT_ID, CREATEDON, CATEGORYTYPE, SUPPLIERIMAGES, NAME, CREATEDBY_ID, DESCRIPTION, POSITION, SKUIMAGES, SOURCE]
Column names for DataMart Table --> STR_CATEGORY :: [MASTER_ID, RECORD_CREATE_DATE, RECORD_UPDATE_DATE, BUSINESSUNIT_ID, CATEGORYTYPE, ID, IMPORTID, ACTIVE, IMAGE, SOURCE, POSITION, ACTIVE_FLAG, AVALARACOMMERCIALTAXCODE, CREATEDBY_ID, DESCRIPTION, SKUIMAGES, HIDEINMOBILE, PARENT_ID, TENANT_TYPE, AVALARARESIDENTIALTAXCODE, CREATEDON, EXTERNALID, SUPPLIERIMAGES, NAME, SOURCEVERSION]
Column names for Curated Table --> DIM_CATEGORY :: [AVALARARESIDENTIALTAXCODE, POSITION, SOURCEVERSION, IMAGE, ACTIVE, IMPORTID, NAME, SKUIMAGES, CREATEDBY_ID, PARENT_ID, SOURCE, DESCRIPTION, EXTERNALID, SUPPLIERIMAGES, AVALARACOMMERCIALTAXCODE, BUSINESSUNIT_ID, CATEGORYTYPE, ID, RECORD_UPDATE_DATE, TENANT_TYPE, RECORD_UPDATED_BY, CREATEDON, HIDEINMOBILE, RECORD_CREATE_DATE]
Column Name found in Datamart and Curated Table :: ACTIVE
Column Name found in Datamart and Curated Table :: ID
Column Name found in Datamart and Curated Table :: SOURCEVERSION
Column Name found in Datamart and Curated Table :: AVALARACOMMERCIALTAXCODE
Column Name found in Datamart and Curated Table :: HIDEINMOBILE
Column Name found in Datamart and Curated Table :: IMPORTID
Column Name found in Datamart and Curated Table :: AVALARARESIDENTIALTAXCODE
Column Name found in Datamart and Curated Table :: BUSINESSUNIT_ID
Column Name found in Datamart and Curated Table :: EXTERNALID
Column Name found in Datamart and Curated Table :: IMAGE
Column Name found in Datamart and Curated Table :: PARENT_ID
Column Name found in Datamart and Curated Table :: CREATEDON
Column Name found in Datamart and Curated Table :: CATEGORYTYPE
Column Name found in Datamart and Curated Table :: SUPPLIERIMAGES
Column Name found in Datamart and Curated Table :: NAME
Column Name found in Datamart and Curated Table :: CREATEDBY_ID
Column Name found in Datamart and Curated Table :: DESCRIPTION
Column Name found in Datamart and Curated Table :: POSITION
Column Name found in Datamart and Curated Table :: SKUIMAGES
Column Name found in Datamart and Curated Table :: SOURCE
Datamart tables contains additional column name like [ACTIVE_FLAG, RECORD_CREATE_DATE, RECORD_UPDATE_DATE, RECORD_UPDATE_DATE, MASTER_ID, TENANT_TYPE]
Curated tables contains additional column name like [RECORD_CREATE_DATE, RECORD_UPDATE_DATE, RECORD_UPDATED_BY, TENANT_TYPE]]]>
  </system-out>
  <testcase classname="testcases.RAW_DATAMART_CURATED.SnowFlake_ColumnValidation_BKPTables" name="validateColumnName_BKP" time="2.258"/>
  <system-out>
    <![CDATA[Executing Snowflake query :: SELECT COLUMN_NAME FROM DEV_ENT_RAW.INFORMATION_SCHEMA.COLUMNS WHERE TABLE_NAME='EQUIPMENT'and TABLE_SCHEMA='ST_SNELLHEATINGAIR_MATILLION'
Executing Snowflake query :: SELECT COLUMN_NAME FROM CURATED_DATAMART.INFORMATION_SCHEMA.COLUMNS WHERE TABLE_NAME='STR_EQUIPMENT'and TABLE_SCHEMA='ST_BKP_SNELLHEATINGAIR'
Executing Snowflake query :: SELECT COLUMN_NAME FROM DEV_ENT_CURATED.INFORMATION_SCHEMA.COLUMNS WHERE TABLE_NAME='DIM_EQUIPMENT'and TABLE_SCHEMA='MASTER_DIMENSIONS'
Column names for RAW Table --> EQUIPMENT :: [ACCOUNT, ACTIVE, EXCLUDEFROMPRICEBOOKWIZARD, INVENTORYENABLEDON, PAYSCOMMISSION, PRIMARYVENDOR_ID, ARCHIVED, SERIALIZEDON, SERVICEPROVIDERWARRANTY_DURATION, PAYTECHSPECIFICBONUS, SYNCDATE, DISPLAYNAME, ADDONFLATAMOUNT, CATEGORY_ID, COPIEDFROM_ID, INVENTORYENABLEDBY_ID, LOYALTYPROGRAMELIGIBLE, TYPE_ID, MANUFACTURERWARRANTY_DURATION, SCHEDULEDFLATAMOUNT, SOURCE, COMMISSIONBONUS, IMAGES, MANUFACTURER, ORIGINAL_ID, PROVIDER_ID, WARRANTYRESERVE, MODIFIEDON, PAYSSOLDBYRATE, ADDONPRICE, BRAND, CREATEDBY_ID, DESCRIPTION, HOURS, IMPORTID, DISPLAYINAMOUNT, ISSERIALIZED, PAYSFLATAMOUNT, AVALARARESIDENTIALTAXCODE, BUSINESSUNIT_ID, CREATEDON, ISINVENTORY, TAXABLE, MODEL, PRICE, BONUS, CROSSSALEGROUP, MANUFACTURERWARRANTY_DESCRIPTION, MEMBERPRICE, SERVICEPROVIDERWARRANTY_DESCRIPTION, SOURCEVERSION, ALLOWDISCOUNTS, COSTOFSALEACCOUNT_ID, GENERALLEDGERACCOUNT_ID, SUPPLIERIMAGES, COST, ADDONMEMBERPRICE, ASSETACCOUNT_ID, AVALARACOMMERCIALTAXCODE, EXTERNALID, ID, UNITOFMEASURE, NAME]
Column names for DataMart Table --> STR_EQUIPMENT :: [COSTOFSALEACCOUNT_ID, SERVICEPROVIDERWARRANTY_DESCRIPTION, IMAGES, ISINVENTORY, ADDONFLATAMOUNT, AVALARACOMMERCIALTAXCODE, DISPLAYNAME, INVENTORYENABLEDBY_ID, PAYSSOLDBYRATE, SYNCDATE, EXCLUDEFROMPRICEBOOKWIZARD, GENERALLEDGERACCOUNT_ID, WARRANTYRESERVE, CREATEDON, PROVIDER_ID, SUPPLIERIMAGES, TAXABLE, ADDONMEMBERPRICE, COMMISSIONBONUS, HOURS, PAYTECHSPECIFICBONUS, ARCHIVED, MANUFACTURERWARRANTY_DURATION, MODEL, NAME, UNITOFMEASURE, ACTIVE, ADDONPRICE, MANUFACTURERWARRANTY_DESCRIPTION, ORIGINAL_ID, SCHEDULEDFLATAMOUNT, TYPE_ID, ID, ISSERIALIZED, SERVICEPROVIDERWARRANTY_DURATION, TENANT_TYPE, CATEGORY_ID, COPIEDFROM_ID, CROSSSALEGROUP, INVENTORYENABLEDON, MEMBERPRICE, MODIFIEDON, PAYSFLATAMOUNT, ACCOUNT, ALLOWDISCOUNTS, ASSETACCOUNT_ID, AVALARARESIDENTIALTAXCODE, COST, EXTERNALID, IMPORTID, PAYSCOMMISSION, ACTIVE_FLAG, MANUFACTURER, SOURCEVERSION, MASTER_ID, SOURCE, BONUS, BRAND, BUSINESSUNIT_ID, CREATEDBY_ID, DESCRIPTION, DISPLAYINAMOUNT, LOYALTYPROGRAMELIGIBLE, PRIMARYVENDOR_ID, RECORD_CREATE_DATE, RECORD_UPDATE_DATE, SERIALIZEDON, PRICE]
Column names for Curated Table --> DIM_EQUIPMENT :: [ASSETACCOUNT_ID, COMMISSIONBONUS, COSTOFSALEACCOUNT_ID, MODEL, SCHEDULEDFLATAMOUNT, COPIEDFROM_ID, ISSERIALIZED, PAYSFLATAMOUNT, PAYTECHSPECIFICBONUS, RECORD_CREATE_DATE, SERVICEPROVIDERWARRANTY_DURATION, ID, AVALARACOMMERCIALTAXCODE, BONUS, HOURS, LOYALTYPROGRAMELIGIBLE, SOURCE, SERIALIZEDON, ADDONPRICE, EXCLUDEFROMPRICEBOOKWIZARD, PAYSCOMMISSION, ISINVENTORY, MODIFIEDON, ACTIVE, ADDONMEMBERPRICE, CREATEDON, EXTERNALID, PRIMARYVENDOR_ID, BUSINESSUNIT_ID, NAME, PAYSSOLDBYRATE, SYNCDATE, AVALARARESIDENTIALTAXCODE, BRAND, CREATEDBY_ID, DISPLAYINAMOUNT, MANUFACTURERWARRANTY_DESCRIPTION, TENANT_TYPE, MANUFACTURER, PROVIDER_ID, SOURCEVERSION, RECORD_UPDATED_BY, ACCOUNT, ADDONFLATAMOUNT, COST, DISPLAYNAME, INVENTORYENABLEDBY_ID, TAXABLE, ARCHIVED, RECORD_UPDATE_DATE, DESCRIPTION, CATEGORY_ID, ALLOWDISCOUNTS, GENERALLEDGERACCOUNT_ID, INVENTORYENABLEDON, PRICE, TYPE_ID, SUPPLIERIMAGES, UNITOFMEASURE, CROSSSALEGROUP, IMAGES, IMPORTID, ORIGINAL_ID, SERVICEPROVIDERWARRANTY_DESCRIPTION, MEMBERPRICE, WARRANTYRESERVE, MANUFACTURERWARRANTY_DURATION]
Column Name found in Datamart and Curated Table :: ACCOUNT
Column Name found in Datamart and Curated Table :: ACTIVE
Column Name found in Datamart and Curated Table :: EXCLUDEFROMPRICEBOOKWIZARD
Column Name found in Datamart and Curated Table :: INVENTORYENABLEDON
Column Name found in Datamart and Curated Table :: PAYSCOMMISSION
Column Name found in Datamart and Curated Table :: PRIMARYVENDOR_ID
Column Name found in Datamart and Curated Table :: ARCHIVED
Column Name found in Datamart and Curated Table :: SERIALIZEDON
Column Name found in Datamart and Curated Table :: SERVICEPROVIDERWARRANTY_DURATION
Column Name found in Datamart and Curated Table :: PAYTECHSPECIFICBONUS
Column Name found in Datamart and Curated Table :: SYNCDATE
Column Name found in Datamart and Curated Table :: DISPLAYNAME
Column Name found in Datamart and Curated Table :: ADDONFLATAMOUNT
Column Name found in Datamart and Curated Table :: CATEGORY_ID
Column Name found in Datamart and Curated Table :: COPIEDFROM_ID
Column Name found in Datamart and Curated Table :: INVENTORYENABLEDBY_ID
Column Name found in Datamart and Curated Table :: LOYALTYPROGRAMELIGIBLE
Column Name found in Datamart and Curated Table :: TYPE_ID
Column Name found in Datamart and Curated Table :: MANUFACTURERWARRANTY_DURATION
Column Name found in Datamart and Curated Table :: SCHEDULEDFLATAMOUNT
Column Name found in Datamart and Curated Table :: SOURCE
Column Name found in Datamart and Curated Table :: COMMISSIONBONUS
Column Name found in Datamart and Curated Table :: IMAGES
Column Name found in Datamart and Curated Table :: MANUFACTURER
Column Name found in Datamart and Curated Table :: ORIGINAL_ID
Column Name found in Datamart and Curated Table :: PROVIDER_ID
Column Name found in Datamart and Curated Table :: WARRANTYRESERVE
Column Name found in Datamart and Curated Table :: MODIFIEDON
Column Name found in Datamart and Curated Table :: PAYSSOLDBYRATE
Column Name found in Datamart and Curated Table :: ADDONPRICE
Column Name found in Datamart and Curated Table :: BRAND
Column Name found in Datamart and Curated Table :: CREATEDBY_ID
Column Name found in Datamart and Curated Table :: DESCRIPTION
Column Name found in Datamart and Curated Table :: HOURS
Column Name found in Datamart and Curated Table :: IMPORTID
Column Name found in Datamart and Curated Table :: DISPLAYINAMOUNT
Column Name found in Datamart and Curated Table :: ISSERIALIZED
Column Name found in Datamart and Curated Table :: PAYSFLATAMOUNT
Column Name found in Datamart and Curated Table :: AVALARARESIDENTIALTAXCODE
Column Name found in Datamart and Curated Table :: BUSINESSUNIT_ID
Column Name found in Datamart and Curated Table :: CREATEDON
Column Name found in Datamart and Curated Table :: ISINVENTORY
Column Name found in Datamart and Curated Table :: TAXABLE
Column Name found in Datamart and Curated Table :: MODEL
Column Name found in Datamart and Curated Table :: PRICE
Column Name found in Datamart and Curated Table :: BONUS
Column Name found in Datamart and Curated Table :: CROSSSALEGROUP
Column Name found in Datamart and Curated Table :: MANUFACTURERWARRANTY_DESCRIPTION
Column Name found in Datamart and Curated Table :: MEMBERPRICE
Column Name found in Datamart and Curated Table :: SERVICEPROVIDERWARRANTY_DESCRIPTION
Column Name found in Datamart and Curated Table :: SOURCEVERSION
Column Name found in Datamart and Curated Table :: ALLOWDISCOUNTS
Column Name found in Datamart and Curated Table :: COSTOFSALEACCOUNT_ID
Column Name found in Datamart and Curated Table :: GENERALLEDGERACCOUNT_ID
Column Name found in Datamart and Curated Table :: SUPPLIERIMAGES
Column Name found in Datamart and Curated Table :: COST
Column Name found in Datamart and Curated Table :: ADDONMEMBERPRICE
Column Name found in Datamart and Curated Table :: ASSETACCOUNT_ID
Column Name found in Datamart and Curated Table :: AVALARACOMMERCIALTAXCODE
Column Name found in Datamart and Curated Table :: EXTERNALID
Column Name found in Datamart and Curated Table :: ID
Column Name found in Datamart and Curated Table :: UNITOFMEASURE
Column Name found in Datamart and Curated Table :: NAME
Datamart tables contains additional column name like [ACTIVE_FLAG, RECORD_CREATE_DATE, RECORD_UPDATE_DATE, RECORD_UPDATE_DATE, MASTER_ID, TENANT_TYPE]
Curated tables contains additional column name like [RECORD_CREATE_DATE, RECORD_UPDATE_DATE, RECORD_UPDATED_BY, TENANT_TYPE]]]>
  </system-out>
  <testcase classname="testcases.RAW_DATAMART_CURATED.SnowFlake_ColumnValidation_BKPTables" name="validateColumnName_BKP" time="2.227">
    <failure message="The following asserts failed:
	null,
	null" type="java.lang.AssertionError">
      <![CDATA[java.lang.AssertionError: The following asserts failed:
null,
null
at org.testng.asserts.SoftAssert.assertAll(SoftAssert.java:47)
at org.testng.asserts.SoftAssert.assertAll(SoftAssert.java:31)
at testcases.RAW_DATAMART_CURATED.SnowFlake_ColumnValidation_BKPTables.validateColumnName_BKP(SnowFlake_ColumnValidation_BKPTables.java:120)
at jdk.internal.reflect.GeneratedMethodAccessor38.invoke(Unknown Source)
at java.base/jdk.internal.reflect.DelegatingMethodAccessorImpl.invoke(DelegatingMethodAccessorImpl.java:43)
at java.base/java.lang.reflect.Method.invoke(Method.java:568)
at org.testng.internal.MethodInvocationHelper.invokeMethod(MethodInvocationHelper.java:133)
at org.testng.internal.TestInvoker.invokeMethod(TestInvoker.java:598)
at org.testng.internal.TestInvoker.invokeTestMethod(TestInvoker.java:173)
at org.testng.internal.MethodRunner.runInSequence(MethodRunner.java:46)
at org.testng.internal.TestInvoker$MethodInvocationAgent.invoke(TestInvoker.java:824)
at org.testng.internal.TestInvoker.invokeTestMethods(TestInvoker.java:146)
at org.testng.internal.TestMethodWorker.invokeTestMethods(TestMethodWorker.java:146)
at org.testng.internal.TestMethodWorker.run(TestMethodWorker.java:128)
at java.base/java.util.ArrayList.forEach(ArrayList.java:1511)
at org.testng.TestRunner.privateRun(TestRunner.java:794)
at org.testng.TestRunner.run(TestRunner.java:596)
at org.testng.SuiteRunner.runTest(SuiteRunner.java:377)
at org.testng.SuiteRunner.runSequentially(SuiteRunner.java:371)
at org.testng.SuiteRunner.privateRun(SuiteRunner.java:332)
at org.testng.SuiteRunner.run(SuiteRunner.java:276)
at org.testng.SuiteRunnerWorker.runSuite(SuiteRunnerWorker.java:53)
at org.testng.SuiteRunnerWorker.run(SuiteRunnerWorker.java:96)
at org.testng.TestNG.runSuitesSequentially(TestNG.java:1212)
at org.testng.TestNG.runSuitesLocally(TestNG.java:1134)
at org.testng.TestNG.runSuites(TestNG.java:1063)
at org.testng.TestNG.run(TestNG.java:1031)
at org.testng.remote.AbstractRemoteTestNG.run(AbstractRemoteTestNG.java:115)
at org.testng.remote.RemoteTestNG.initAndRun(RemoteTestNG.java:251)
at org.testng.remote.RemoteTestNG.main(RemoteTestNG.java:77)
]]>
    </failure>
  </testcase> <!-- validateColumnName_BKP -->
  <system-out>
    <![CDATA[Executing Snowflake query :: SELECT COLUMN_NAME FROM DEV_ENT_RAW.INFORMATION_SCHEMA.COLUMNS WHERE TABLE_NAME='PROJECT'and TABLE_SCHEMA='ST_CASTEEL_MATILLION'
Executing Snowflake query :: SELECT COLUMN_NAME FROM CURATED_DATAMART.INFORMATION_SCHEMA.COLUMNS WHERE TABLE_NAME='STR_PROJECT'and TABLE_SCHEMA='ST_BKP_CASTEEL'
Executing Snowflake query :: SELECT COLUMN_NAME FROM DEV_ENT_CURATED.INFORMATION_SCHEMA.COLUMNS WHERE TABLE_NAME='DIM_PROJECT'and TABLE_SCHEMA='MASTER_DIMENSIONS'
Column names for RAW Table --> PROJECT :: [ACKNOWLEDGEMENTSIGNATURE, ACTIVE, NUMBER, SUMMARY, COMPLETEDONACTUAL, COMPLETIONPERCENT, PROJECTSETTINGSTYPE, REVENUERECOGNITIONMETHOD, STARTEDON, CONTRACTESTIMATE_ID, IMPORTID, CONTRACTSTARTDATE, RETAINAGEPERCENT, COSTTOCOMPLETE, AREITEMSREORDERED, CONTRACTFOR, CREATEDON, NAME, CUSTOMER_ID, ID, ISPREVAILINGWAGE, AUTHORIZATIONSIGNATURE, CREATEDBY_ID, ISRETAINAGEENABLED, COMPLETEDON, MODIFIEDON, PAYMENTTERM_ID, TECHNICIANSIGNATURE, LOCATION_ID]
Column names for DataMart Table --> STR_PROJECT :: [CONTRACTFOR, ACTIVE, AREITEMSREORDERED, CONTRACTESTIMATE_ID, PROJECTSETTINGSTYPE, ID, STARTEDON, MODIFIEDON, RECORD_CREATE_DATE, TENANT_TYPE, TECHNICIANSIGNATURE, ACKNOWLEDGEMENTSIGNATURE, CREATEDBY_ID, CUSTOMER_ID, IMPORTID, COMPLETIONPERCENT, NAME, AUTHORIZATIONSIGNATURE, COMPLETEDONACTUAL, CREATEDON, ISRETAINAGEENABLED, NUMBER, SUMMARY, MASTER_ID, MD5_VALUE, ACTIVE_FLAG, RETAINAGEPERCENT, CONTRACTSTARTDATE, ISPREVAILINGWAGE, RECORD_UPDATE_DATE, PAYMENTTERM_ID, COMPLETEDON, LOCATION_ID]
Column names for Curated Table --> DIM_PROJECT :: [RECORD_UPDATE_DATE, ACTIVE, AUTHORIZATIONSIGNATURE, COMPLETEDON, RETAINAGEPERCENT, IMPORTID, CONTRACTFOR, CONTRACTSTARTDATE, ID, ISRETAINAGEENABLED, RECORD_CREATE_DATE, RECORD_UPDATED_BY, TENANT_TYPE, PROJECTSETTINGSTYPE, TECHNICIANSIGNATURE, ISPREVAILINGWAGE, MD5_VALUE, NAME, PAYMENTTERM_ID, COMPLETEDONACTUAL, CUSTOMER_ID, NUMBER, AREITEMSREORDERED, CREATEDON, LOCATION_ID, MODIFIEDON, STARTEDON, ACKNOWLEDGEMENTSIGNATURE, COMPLETIONPERCENT, CONTRACTESTIMATE_ID, SUMMARY, CREATEDBY_ID]
Column Name found in Datamart and Curated Table :: ACKNOWLEDGEMENTSIGNATURE
Column Name found in Datamart and Curated Table :: ACTIVE
Column Name found in Datamart and Curated Table :: NUMBER
Column Name found in Datamart and Curated Table :: SUMMARY
Column Name found in Datamart and Curated Table :: COMPLETEDONACTUAL
Column Name found in Datamart and Curated Table :: COMPLETIONPERCENT
Column Name found in Datamart and Curated Table :: PROJECTSETTINGSTYPE
Column Name not found in Datamart and Curated Table :: REVENUERECOGNITIONMETHOD
Column Name found in Datamart and Curated Table :: STARTEDON
Column Name found in Datamart and Curated Table :: CONTRACTESTIMATE_ID
Column Name found in Datamart and Curated Table :: IMPORTID
Column Name found in Datamart and Curated Table :: CONTRACTSTARTDATE
Column Name found in Datamart and Curated Table :: RETAINAGEPERCENT
Column Name not found in Datamart and Curated Table :: COSTTOCOMPLETE
Column Name found in Datamart and Curated Table :: AREITEMSREORDERED
Column Name found in Datamart and Curated Table :: CONTRACTFOR
Column Name found in Datamart and Curated Table :: CREATEDON
Column Name found in Datamart and Curated Table :: NAME
Column Name found in Datamart and Curated Table :: CUSTOMER_ID
Column Name found in Datamart and Curated Table :: ID
Column Name found in Datamart and Curated Table :: ISPREVAILINGWAGE
Column Name found in Datamart and Curated Table :: AUTHORIZATIONSIGNATURE
Column Name found in Datamart and Curated Table :: CREATEDBY_ID
Column Name found in Datamart and Curated Table :: ISRETAINAGEENABLED
Column Name found in Datamart and Curated Table :: COMPLETEDON
Column Name found in Datamart and Curated Table :: MODIFIEDON
Column Name found in Datamart and Curated Table :: PAYMENTTERM_ID
Column Name found in Datamart and Curated Table :: TECHNICIANSIGNATURE
Column Name found in Datamart and Curated Table :: LOCATION_ID
Datamart tables contains additional column name like [ACTIVE_FLAG, RECORD_CREATE_DATE, RECORD_UPDATE_DATE, RECORD_UPDATE_DATE, MASTER_ID, TENANT_TYPE]
Curated tables contains additional column name like [RECORD_CREATE_DATE, RECORD_UPDATE_DATE, RECORD_UPDATED_BY, TENANT_TYPE]]]>
  </system-out>
  <testcase classname="testcases.RAW_DATAMART_CURATED.SnowFlake_ColumnValidation_BKPTables" name="validateColumnName_BKP" time="2.082">
    <failure message="The following asserts failed:
	null" type="java.lang.AssertionError">
      <![CDATA[java.lang.AssertionError: The following asserts failed:
null
at org.testng.asserts.SoftAssert.assertAll(SoftAssert.java:47)
at org.testng.asserts.SoftAssert.assertAll(SoftAssert.java:31)
at testcases.RAW_DATAMART_CURATED.SnowFlake_ColumnValidation_BKPTables.validateColumnName_BKP(SnowFlake_ColumnValidation_BKPTables.java:120)
at jdk.internal.reflect.GeneratedMethodAccessor38.invoke(Unknown Source)
at java.base/jdk.internal.reflect.DelegatingMethodAccessorImpl.invoke(DelegatingMethodAccessorImpl.java:43)
at java.base/java.lang.reflect.Method.invoke(Method.java:568)
at org.testng.internal.MethodInvocationHelper.invokeMethod(MethodInvocationHelper.java:133)
at org.testng.internal.TestInvoker.invokeMethod(TestInvoker.java:598)
at org.testng.internal.TestInvoker.invokeTestMethod(TestInvoker.java:173)
at org.testng.internal.MethodRunner.runInSequence(MethodRunner.java:46)
at org.testng.internal.TestInvoker$MethodInvocationAgent.invoke(TestInvoker.java:824)
at org.testng.internal.TestInvoker.invokeTestMethods(TestInvoker.java:146)
at org.testng.internal.TestMethodWorker.invokeTestMethods(TestMethodWorker.java:146)
at org.testng.internal.TestMethodWorker.run(TestMethodWorker.java:128)
at java.base/java.util.ArrayList.forEach(ArrayList.java:1511)
at org.testng.TestRunner.privateRun(TestRunner.java:794)
at org.testng.TestRunner.run(TestRunner.java:596)
at org.testng.SuiteRunner.runTest(SuiteRunner.java:377)
at org.testng.SuiteRunner.runSequentially(SuiteRunner.java:371)
at org.testng.SuiteRunner.privateRun(SuiteRunner.java:332)
at org.testng.SuiteRunner.run(SuiteRunner.java:276)
at org.testng.SuiteRunnerWorker.runSuite(SuiteRunnerWorker.java:53)
at org.testng.SuiteRunnerWorker.run(SuiteRunnerWorker.java:96)
at org.testng.TestNG.runSuitesSequentially(TestNG.java:1212)
at org.testng.TestNG.runSuitesLocally(TestNG.java:1134)
at org.testng.TestNG.runSuites(TestNG.java:1063)
at org.testng.TestNG.run(TestNG.java:1031)
at org.testng.remote.AbstractRemoteTestNG.run(AbstractRemoteTestNG.java:115)
at org.testng.remote.RemoteTestNG.initAndRun(RemoteTestNG.java:251)
at org.testng.remote.RemoteTestNG.main(RemoteTestNG.java:77)
]]>
    </failure>
  </testcase> <!-- validateColumnName_BKP -->
  <system-out>
    <![CDATA[Executing Snowflake query :: SELECT COLUMN_NAME FROM DEV_ENT_RAW.INFORMATION_SCHEMA.COLUMNS WHERE TABLE_NAME='JOBTYPE'and TABLE_SCHEMA='ST_GOLDMEDAL_MATILLION'
Executing Snowflake query :: SELECT COLUMN_NAME FROM CURATED_DATAMART.INFORMATION_SCHEMA.COLUMNS WHERE TABLE_NAME='STR_JOBTYPE'and TABLE_SCHEMA='ST_BKP_GOLDMEDAL'
Executing Snowflake query :: SELECT COLUMN_NAME FROM DEV_ENT_CURATED.INFORMATION_SCHEMA.COLUMNS WHERE TABLE_NAME='DIM_JOBTYPE'and TABLE_SCHEMA='MASTER_DIMENSIONS'
Column names for RAW Table --> JOBTYPE :: [ACTIVE, COMPDOUBLEOVERTIMERATE, ID, ISSMARTDISPATCHEDBYDEFAULTINAPI, NOCHARGE, CLASS, CREATEDBY_ID, NAME, PRIORITY, COMPCODE, CREATEDON, IMPORTID, SUMMARY, ENFORCERECURRINGSERVICEEVENTSELECTION, IMAGE, LIKELIHOOD, MODIFIEDON, COMPOVERTIMERATE, COMPSTANDARDRATE, DURATION, ISTUNEUP, PROJECTEDVALUEADJUSTMENT, SOLDTHRESHOLD, MAXIMUMMATERIALCOSTINPERCENT, ISAUTODISPATCHED, MINIMUMMATERIALCOSTINPERCENT, PROJECTLABELS]
Column names for DataMart Table --> STR_JOBTYPE :: [CREATEDBY_ID, IMPORTID, LIKELIHOOD, PRIORITY, PROJECTLABELS, NOCHARGE, CLASS, COMPOVERTIMERATE, ISTUNEUP, MODIFIEDON, NAME, ACTIVE, DURATION, PROJECTEDVALUEADJUSTMENT, COMPCODE, RECORD_UPDATE_DATE, SOLDTHRESHOLD, RECORD_CREATE_DATE, COMPSTANDARDRATE, CREATEDON, SUMMARY, ISAUTODISPATCHED, MAXIMUMMATERIALCOSTINPERCENT, IMAGE, TENANT_TYPE, COMPDOUBLEOVERTIMERATE, ENFORCERECURRINGSERVICEEVENTSELECTION, MINIMUMMATERIALCOSTINPERCENT, ACTIVE_FLAG, ID, MASTER_ID]
Column names for Curated Table --> DIM_JOBTYPE :: [COMPOVERTIMERATE, PROJECTLABELS, RECORD_UPDATED_BY, MAXIMUMMATERIALCOSTINPERCENT, SUMMARY, NAME, COMPDOUBLEOVERTIMERATE, CREATEDBY_ID, DURATION, ISAUTODISPATCHED, RECORD_UPDATE_DATE, COMPSTANDARDRATE, NOCHARGE, IMPORTID, TENANT_TYPE, ACTIVE, ENFORCERECURRINGSERVICEEVENTSELECTION, ID, ISTUNEUP, CLASS, COMPCODE, MINIMUMMATERIALCOSTINPERCENT, PRIORITY, CREATEDON, LIKELIHOOD, RECORD_CREATE_DATE, SOLDTHRESHOLD, IMAGE, MODIFIEDON, PROJECTEDVALUEADJUSTMENT]
Column Name found in Datamart and Curated Table :: ACTIVE
Column Name found in Datamart and Curated Table :: COMPDOUBLEOVERTIMERATE
Column Name found in Datamart and Curated Table :: ID
Column Name not found in Datamart and Curated Table :: ISSMARTDISPATCHEDBYDEFAULTINAPI
Column Name found in Datamart and Curated Table :: NOCHARGE
Column Name found in Datamart and Curated Table :: CLASS
Column Name found in Datamart and Curated Table :: CREATEDBY_ID
Column Name found in Datamart and Curated Table :: NAME
Column Name found in Datamart and Curated Table :: PRIORITY
Column Name found in Datamart and Curated Table :: COMPCODE
Column Name found in Datamart and Curated Table :: CREATEDON
Column Name found in Datamart and Curated Table :: IMPORTID
Column Name found in Datamart and Curated Table :: SUMMARY
Column Name found in Datamart and Curated Table :: ENFORCERECURRINGSERVICEEVENTSELECTION
Column Name found in Datamart and Curated Table :: IMAGE
Column Name found in Datamart and Curated Table :: LIKELIHOOD
Column Name found in Datamart and Curated Table :: MODIFIEDON
Column Name found in Datamart and Curated Table :: COMPOVERTIMERATE
Column Name found in Datamart and Curated Table :: COMPSTANDARDRATE
Column Name found in Datamart and Curated Table :: DURATION
Column Name found in Datamart and Curated Table :: ISTUNEUP
Column Name found in Datamart and Curated Table :: PROJECTEDVALUEADJUSTMENT
Column Name found in Datamart and Curated Table :: SOLDTHRESHOLD
Column Name found in Datamart and Curated Table :: MAXIMUMMATERIALCOSTINPERCENT
Column Name found in Datamart and Curated Table :: ISAUTODISPATCHED
Column Name found in Datamart and Curated Table :: MINIMUMMATERIALCOSTINPERCENT
Column Name found in Datamart and Curated Table :: PROJECTLABELS
Datamart tables contains additional column name like [ACTIVE_FLAG, RECORD_CREATE_DATE, RECORD_UPDATE_DATE, RECORD_UPDATE_DATE, MASTER_ID, TENANT_TYPE]
Curated tables contains additional column name like [RECORD_CREATE_DATE, RECORD_UPDATE_DATE, RECORD_UPDATED_BY, TENANT_TYPE]]]>
  </system-out>
  <testcase classname="testcases.RAW_DATAMART_CURATED.SnowFlake_ColumnValidation_BKPTables" name="validateColumnName_BKP" time="2.259"/>
  <system-out>
    <![CDATA[Executing Snowflake query :: SELECT COLUMN_NAME FROM DEV_ENT_RAW.INFORMATION_SCHEMA.COLUMNS WHERE TABLE_NAME='CUSTOMERMEMBERSHIP'and TABLE_SCHEMA='ST_HENDERSON_MATILLION'
Executing Snowflake query :: SELECT COLUMN_NAME FROM CURATED_DATAMART.INFORMATION_SCHEMA.COLUMNS WHERE TABLE_NAME='STR_CUSTOMERMEMBERSHIP'and TABLE_SCHEMA='ST_BKP_HENDERSON'
Executing Snowflake query :: SELECT COLUMN_NAME FROM DEV_ENT_CURATED.INFORMATION_SCHEMA.COLUMNS WHERE TABLE_NAME='DIM_CUSTOMERMEMBERSHIP'and TABLE_SCHEMA='MASTER_DIMENSIONS'
Column names for RAW Table --> CUSTOMERMEMBERSHIP :: [ACTIVATEDFROM_ID, ACTIVE, BILLINGPREFERENCE, CANCELATIONBUYOUTINVOICE_ID, CREATEDON, ID, IMPORTID, MODIFIEDON, NEXTSCHEDULEDBILLDATE, RENEWALMEMBERSHIPTASK_ID, RENEWALDURATION, TO, BILLINGFREQUENCY, BILLINGTEMPLATE_ID, CUSTOMER_ID, TYPE_ID, BILLINGEMAIL_ID, CANCELATIONINVOICE_ID, RECURRINGLOCATION_ID, RENEWALMEMBERSHIPTASKREFERENCE_SKUID, FROM, RENEWALBILLINGFREQUENCY, INVOICETEMPLATE_ID, SOLDBY_ID, CANCELATIONBALANCEINVOICE_ID, CANCELLATIONDATE, CREATEDBY_ID, FIRSTSCHEDULEDBILLDATE, LOCATION_ID, PAYMENTTYPE_ID, STATUS, FOLLOWUPON, BILLINGCOVERAGEPERIOD, BUSINESSUNIT_ID, DURATION, INITIALDEFERREDREVENUE, MEMO, RENEWALMEMBERSHIPTASKREFERENCE_SKUTYPE, ACTIVATEDBY_ID, CUSTOMERPO, EXPIREDAT, FOLLOWUPCUSTOMSTATUS_ID, PAYMENTMETHOD_ID, PREVIOUSRECURRINGLOCATION_ID, RENEWEDBY_ID, FOLLOWUPSTATUS]
Column names for DataMart Table --> STR_CUSTOMERMEMBERSHIP :: [BILLINGEMAIL_ID, BILLINGTEMPLATE_ID, NEXTSCHEDULEDBILLDATE, DURATION, RENEWALMEMBERSHIPTASKREFERENCE_SKUID, CANCELATIONINVOICE_ID, RECORD_CREATE_DATE, BUSINESSUNIT_ID, TENANT_TYPE, INVOICETEMPLATE_ID, BILLINGFREQUENCY, BILLINGPREFERENCE, CANCELATIONBALANCEINVOICE_ID, CREATEDON, PAYMENTMETHOD_ID, EXPIREDAT, TO, CANCELLATIONDATE, FIRSTSCHEDULEDBILLDATE, RENEWALMEMBERSHIPTASK_ID, ID, RECORD_UPDATE_DATE, RECURRINGLOCATION_ID, RENEWALBILLINGFREQUENCY, TYPE_ID, CANCELATIONBUYOUTINVOICE_ID, FROM, INITIALDEFERREDREVENUE, MEMO, MODIFIEDON, FOLLOWUPSTATUS, MASTER_ID, ACTIVE_FLAG, LOCATION_ID, RENEWALMEMBERSHIPTASKREFERENCE_SKUTYPE, PREVIOUSRECURRINGLOCATION_ID, ACTIVATEDFROM_ID, ACTIVE, FOLLOWUPON, SOLDBY_ID, STATUS, RENEWALDURATION, ACTIVATEDBY_ID, BILLINGCOVERAGEPERIOD, CREATEDBY_ID, CUSTOMERPO, CUSTOMER_ID, FOLLOWUPCUSTOMSTATUS_ID, PAYMENTTYPE_ID, IMPORTID, RENEWEDBY_ID]
Column names for Curated Table --> DIM_CUSTOMERMEMBERSHIP :: [BILLINGFREQUENCY, CREATEDBY_ID, MODIFIEDON, PAYMENTTYPE_ID, RECURRINGLOCATION_ID, ACTIVE, BILLINGEMAIL_ID, FIRSTSCHEDULEDBILLDATE, RENEWALMEMBERSHIPTASKREFERENCE_SKUTYPE, TENANT_TYPE, ACTIVATEDBY_ID, BUSINESSUNIT_ID, CREATEDON, ID, INITIALDEFERREDREVENUE, CUSTOMERPO, FOLLOWUPSTATUS, RENEWALDURATION, RECORD_UPDATED_BY, BILLINGTEMPLATE_ID, FOLLOWUPCUSTOMSTATUS_ID, PAYMENTMETHOD_ID, RECORD_UPDATE_DATE, SOLDBY_ID, TYPE_ID, RENEWALMEMBERSHIPTASK_ID, BILLINGPREFERENCE, EXPIREDAT, NEXTSCHEDULEDBILLDATE, ACTIVATEDFROM_ID, CANCELATIONBALANCEINVOICE_ID, FROM, RECORD_CREATE_DATE, RENEWALMEMBERSHIPTASKREFERENCE_SKUID, TO, FOLLOWUPON, BILLINGCOVERAGEPERIOD, CUSTOMER_ID, DURATION, IMPORTID, RENEWALBILLINGFREQUENCY, STATUS, MEMO, CANCELATIONINVOICE_ID, CANCELLATIONDATE, PREVIOUSRECURRINGLOCATION_ID, CANCELATIONBUYOUTINVOICE_ID, INVOICETEMPLATE_ID, LOCATION_ID, RENEWEDBY_ID]
Column Name found in Datamart and Curated Table :: ACTIVATEDFROM_ID
Column Name found in Datamart and Curated Table :: ACTIVE
Column Name found in Datamart and Curated Table :: BILLINGPREFERENCE
Column Name found in Datamart and Curated Table :: CANCELATIONBUYOUTINVOICE_ID
Column Name found in Datamart and Curated Table :: CREATEDON
Column Name found in Datamart and Curated Table :: ID
Column Name found in Datamart and Curated Table :: IMPORTID
Column Name found in Datamart and Curated Table :: MODIFIEDON
Column Name found in Datamart and Curated Table :: NEXTSCHEDULEDBILLDATE
Column Name found in Datamart and Curated Table :: RENEWALMEMBERSHIPTASK_ID
Column Name found in Datamart and Curated Table :: RENEWALDURATION
Column Name found in Datamart and Curated Table :: TO
Column Name found in Datamart and Curated Table :: BILLINGFREQUENCY
Column Name found in Datamart and Curated Table :: BILLINGTEMPLATE_ID
Column Name found in Datamart and Curated Table :: CUSTOMER_ID
Column Name found in Datamart and Curated Table :: TYPE_ID
Column Name found in Datamart and Curated Table :: BILLINGEMAIL_ID
Column Name found in Datamart and Curated Table :: CANCELATIONINVOICE_ID
Column Name found in Datamart and Curated Table :: RECURRINGLOCATION_ID
Column Name found in Datamart and Curated Table :: RENEWALMEMBERSHIPTASKREFERENCE_SKUID
Column Name found in Datamart and Curated Table :: FROM
Column Name found in Datamart and Curated Table :: RENEWALBILLINGFREQUENCY
Column Name found in Datamart and Curated Table :: INVOICETEMPLATE_ID
Column Name found in Datamart and Curated Table :: SOLDBY_ID
Column Name found in Datamart and Curated Table :: CANCELATIONBALANCEINVOICE_ID
Column Name found in Datamart and Curated Table :: CANCELLATIONDATE
Column Name found in Datamart and Curated Table :: CREATEDBY_ID
Column Name found in Datamart and Curated Table :: FIRSTSCHEDULEDBILLDATE
Column Name found in Datamart and Curated Table :: LOCATION_ID
Column Name found in Datamart and Curated Table :: PAYMENTTYPE_ID
Column Name found in Datamart and Curated Table :: STATUS
Column Name found in Datamart and Curated Table :: FOLLOWUPON
Column Name found in Datamart and Curated Table :: BILLINGCOVERAGEPERIOD
Column Name found in Datamart and Curated Table :: BUSINESSUNIT_ID
Column Name found in Datamart and Curated Table :: DURATION
Column Name found in Datamart and Curated Table :: INITIALDEFERREDREVENUE
Column Name found in Datamart and Curated Table :: MEMO
Column Name found in Datamart and Curated Table :: RENEWALMEMBERSHIPTASKREFERENCE_SKUTYPE
Column Name found in Datamart and Curated Table :: ACTIVATEDBY_ID
Column Name found in Datamart and Curated Table :: CUSTOMERPO
Column Name found in Datamart and Curated Table :: EXPIREDAT
Column Name found in Datamart and Curated Table :: FOLLOWUPCUSTOMSTATUS_ID
Column Name found in Datamart and Curated Table :: PAYMENTMETHOD_ID
Column Name found in Datamart and Curated Table :: PREVIOUSRECURRINGLOCATION_ID
Column Name found in Datamart and Curated Table :: RENEWEDBY_ID
Column Name found in Datamart and Curated Table :: FOLLOWUPSTATUS
Datamart tables contains additional column name like [ACTIVE_FLAG, RECORD_CREATE_DATE, RECORD_UPDATE_DATE, RECORD_UPDATE_DATE, MASTER_ID, TENANT_TYPE]
Curated tables contains additional column name like [RECORD_CREATE_DATE, RECORD_UPDATE_DATE, RECORD_UPDATED_BY, TENANT_TYPE]]]>
  </system-out>
  <testcase classname="testcases.RAW_DATAMART_CURATED.SnowFlake_ColumnValidation_BKPTables" name="validateColumnName_BKP" time="2.253"/>
  <system-out>
    <![CDATA[Executing Snowflake query :: SELECT COLUMN_NAME FROM DEV_ENT_RAW.INFORMATION_SCHEMA.COLUMNS WHERE TABLE_NAME='HOLDJOBREASON'and TABLE_SCHEMA='ST_MAITZ_MATILLION'
Executing Snowflake query :: SELECT COLUMN_NAME FROM CURATED_DATAMART.INFORMATION_SCHEMA.COLUMNS WHERE TABLE_NAME='STR_HOLDJOBREASON'and TABLE_SCHEMA='ST_BKP_MAITZ'
Executing Snowflake query :: SELECT COLUMN_NAME FROM DEV_ENT_CURATED.INFORMATION_SCHEMA.COLUMNS WHERE TABLE_NAME='DIM_HOLDJOBREASON'and TABLE_SCHEMA='MASTER_DIMENSIONS'
Column names for RAW Table --> HOLDJOBREASON :: [CREATEDBY_ID, CREATEDON, MODIFIEDON, ID, IMPORTID, NAME, ACTIVE]
Column names for DataMart Table --> STR_HOLDJOBREASON :: [RECORD_CREATE_DATE, ACTIVE_FLAG, MODIFIEDON, CREATEDBY_ID, MASTER_ID, NAME, ACTIVE, ID, TENANT_TYPE, CREATEDON, IMPORTID, RECORD_UPDATE_DATE]
Column names for Curated Table --> DIM_HOLDJOBREASON :: [ACTIVE, ID, NAME, RECORD_UPDATED_BY, CREATEDON, MODIFIEDON, RECORD_CREATE_DATE, RECORD_UPDATE_DATE, TENANT_TYPE, IMPORTID, CREATEDBY_ID]
Column Name found in Datamart and Curated Table :: CREATEDBY_ID
Column Name found in Datamart and Curated Table :: CREATEDON
Column Name found in Datamart and Curated Table :: MODIFIEDON
Column Name found in Datamart and Curated Table :: ID
Column Name found in Datamart and Curated Table :: IMPORTID
Column Name found in Datamart and Curated Table :: NAME
Column Name found in Datamart and Curated Table :: ACTIVE
Datamart tables contains additional column name like [ACTIVE_FLAG, RECORD_CREATE_DATE, RECORD_UPDATE_DATE, RECORD_UPDATE_DATE, MASTER_ID, TENANT_TYPE]
Curated tables contains additional column name like [RECORD_CREATE_DATE, RECORD_UPDATE_DATE, RECORD_UPDATED_BY, TENANT_TYPE]]]>
  </system-out>
  <testcase classname="testcases.RAW_DATAMART_CURATED.SnowFlake_ColumnValidation_BKPTables" name="validateColumnName_BKP" time="2.374"/>
  <system-out>
    <![CDATA[Executing Snowflake query :: SELECT COLUMN_NAME FROM DEV_ENT_RAW.INFORMATION_SCHEMA.COLUMNS WHERE TABLE_NAME='INVOICE'and TABLE_SCHEMA='ST_HARP_MATILLION'
Executing Snowflake query :: SELECT COLUMN_NAME FROM CURATED_DATAMART.INFORMATION_SCHEMA.COLUMNS WHERE TABLE_NAME='STR_INVOICE'and TABLE_SCHEMA='ST_BKP_HARP'
Executing Snowflake query :: SELECT COLUMN_NAME FROM DEV_ENT_CURATED.INFORMATION_SCHEMA.COLUMNS WHERE TABLE_NAME='FACT_INVOICE'and TABLE_SCHEMA='MASTER_DIMENSIONS'
Column names for RAW Table --> INVOICE :: [BALANCE, COUNTERSALESLOCATION_ID, NEWCONSTRUCTION, PAYROLLDATE, ROYALTY_MEMO, PAYMENTDUEDATE, EXCLUDEFROMPAYROLL, LABORTAX, NUMBER, TAX, NUMERICNUMBER, ACKNOWLEDGEMENTSIGNATURE, ADJUSTMENTTO_ID, BATCH_ID, COMMISSIONELIGIBILITYDATE, CUSTOMER_ID, INCLUDEINTECHNICIANREPORTS, MATERIALSKUREFERENCE_SKUTYPE, MATERIALTAX, MODIFIEDON, ROYALTY_DATE, PROJECT_ID, SIGNATURE, SUBTOTAL, TAXZONE_ID, AUTHORIZATIONSIGNATURE, CREATEDBY_ID, LOCATION_ID, MATERIALSKUREFERENCE_SKUID, ROYALTY_STATUS, NETAMOUNT, PROJECTLABELS, CONFIGURATION, EXPORTID, PAIDON, MATERIALSKU_ID, TOTAL, JOB_ID, PAYMENTTERM_ID, ROYALTY_SENTON, SUMMARY, EXTERNALID, FEETOTAL, TECHNICIANACKNOWLEDGEMENTSIGNATURE, AUTHORIZEDAMOUNT, CREATEDON, ID, IMPORTID, MEMBERSHIP_ID, STATUS, TYPE_ID, ACTIVE, BILLINGDATE, BUSINESSUNIT_ID, DISCOUNTTOTAL, FEETAX, INVOICEDON]
Column names for DataMart Table --> STR_INVOICE :: [ACTIVE, BALANCE, PROJECTLABELS, ROYALTY_MEMO, IMPORTID, MODIFIEDON, NUMERICNUMBER, PAYMENTDUEDATE, BILLINGDATE, COMMISSIONELIGIBILITYDATE, CREATEDON, FEETOTAL, ID, MATERIALSKU_ID, TAXZONE_ID, EXCLUDEFROMPAYROLL, LOCATION_ID, TENANT_TYPE, AUTHORIZEDAMOUNT, CREATEDBY_ID, INCLUDEINTECHNICIANREPORTS, NETAMOUNT, PAYMENTTERM_ID, MASTER_ID, ROYALTY_SENTON, ACKNOWLEDGEMENTSIGNATURE, CONFIGURATION, INVOICEDON, NEWCONSTRUCTION, SIGNATURE, TOTAL, EXTERNALID, MATERIALTAX, PAIDON, TECHNICIANACKNOWLEDGEMENTSIGNATURE, ROYALTY_DATE, CUSTOMER_ID, FEETAX, MEMBERSHIP_ID, LABORTAX, RECORD_CREATE_DATE, RECORD_UPDATE_DATE, ACTIVE_FLAG, BUSINESSUNIT_ID, MATERIALSKUREFERENCE_SKUID, PAYROLLDATE, SUBTOTAL, TAX, STATUS, ROYALTY_STATUS, ADJUSTMENTTO_ID, EXPORTID, MATERIALSKUREFERENCE_SKUTYPE, SUMMARY, NUMBER, AUTHORIZATIONSIGNATURE, BATCH_ID, COUNTERSALESLOCATION_ID, DISCOUNTTOTAL, JOB_ID, PROJECT_ID, TYPE_ID]
Column names for Curated Table --> FACT_INVOICE :: [CONFIGURATION, EXPORTID, EXTERNALID, MATERIALSKUREFERENCE_SKUTYPE, RECORD_UPDATED_BY, ROYALTY_DATE, FEETAX, TAX, TOTAL, BALANCE, BUSINESSUNIT_ID, CREATEDON, PAYMENTDUEDATE, PROJECT_ID, NETAMOUNT, NUMERICNUMBER, ROYALTY_SENTON, NUMBER, DISCOUNTTOTAL, EXCLUDEFROMPAYROLL, INCLUDEINTECHNICIANREPORTS, MODIFIEDON, STATUS, TENANT_TYPE, NEWCONSTRUCTION, ACKNOWLEDGEMENTSIGNATURE, ADJUSTMENTTO_ID, CREATEDBY_ID, CUSTOMER_ID, FEETOTAL, INVOICEDON, PAIDON, TYPE_ID, JOB_ID, LABORTAX, LOCATION_ID, ROYALTY_STATUS, SUMMARY, PROJECTLABELS, MATERIALSKUREFERENCE_SKUID, MATERIALSKU_ID, MEMBERSHIP_ID, COMMISSIONELIGIBILITYDATE, RECORD_CREATE_DATE, RECORD_UPDATE_DATE, SIGNATURE, AUTHORIZATIONSIGNATURE, BILLINGDATE, IMPORTID, TECHNICIANACKNOWLEDGEMENTSIGNATURE, AUTHORIZEDAMOUNT, ID, PAYROLLDATE, ACTIVE, COUNTERSALESLOCATION_ID, PAYMENTTERM_ID, SUBTOTAL, BATCH_ID, MATERIALTAX, ROYALTY_MEMO, TAXZONE_ID]
Column Name found in Datamart and Curated Table :: BALANCE
Column Name found in Datamart and Curated Table :: COUNTERSALESLOCATION_ID
Column Name found in Datamart and Curated Table :: NEWCONSTRUCTION
Column Name found in Datamart and Curated Table :: PAYROLLDATE
Column Name found in Datamart and Curated Table :: ROYALTY_MEMO
Column Name found in Datamart and Curated Table :: PAYMENTDUEDATE
Column Name found in Datamart and Curated Table :: EXCLUDEFROMPAYROLL
Column Name found in Datamart and Curated Table :: LABORTAX
Column Name found in Datamart and Curated Table :: NUMBER
Column Name found in Datamart and Curated Table :: TAX
Column Name found in Datamart and Curated Table :: NUMERICNUMBER
Column Name found in Datamart and Curated Table :: ACKNOWLEDGEMENTSIGNATURE
Column Name found in Datamart and Curated Table :: ADJUSTMENTTO_ID
Column Name found in Datamart and Curated Table :: BATCH_ID
Column Name found in Datamart and Curated Table :: COMMISSIONELIGIBILITYDATE
Column Name found in Datamart and Curated Table :: CUSTOMER_ID
Column Name found in Datamart and Curated Table :: INCLUDEINTECHNICIANREPORTS
Column Name found in Datamart and Curated Table :: MATERIALSKUREFERENCE_SKUTYPE
Column Name found in Datamart and Curated Table :: MATERIALTAX
Column Name found in Datamart and Curated Table :: MODIFIEDON
Column Name found in Datamart and Curated Table :: ROYALTY_DATE
Column Name found in Datamart and Curated Table :: PROJECT_ID
Column Name found in Datamart and Curated Table :: SIGNATURE
Column Name found in Datamart and Curated Table :: SUBTOTAL
Column Name found in Datamart and Curated Table :: TAXZONE_ID
Column Name found in Datamart and Curated Table :: AUTHORIZATIONSIGNATURE
Column Name found in Datamart and Curated Table :: CREATEDBY_ID
Column Name found in Datamart and Curated Table :: LOCATION_ID
Column Name found in Datamart and Curated Table :: MATERIALSKUREFERENCE_SKUID
Column Name found in Datamart and Curated Table :: ROYALTY_STATUS
Column Name found in Datamart and Curated Table :: NETAMOUNT
Column Name found in Datamart and Curated Table :: PROJECTLABELS
Column Name found in Datamart and Curated Table :: CONFIGURATION
Column Name found in Datamart and Curated Table :: EXPORTID
Column Name found in Datamart and Curated Table :: PAIDON
Column Name found in Datamart and Curated Table :: MATERIALSKU_ID
Column Name found in Datamart and Curated Table :: TOTAL
Column Name found in Datamart and Curated Table :: JOB_ID
Column Name found in Datamart and Curated Table :: PAYMENTTERM_ID
Column Name found in Datamart and Curated Table :: ROYALTY_SENTON
Column Name found in Datamart and Curated Table :: SUMMARY
Column Name found in Datamart and Curated Table :: EXTERNALID
Column Name found in Datamart and Curated Table :: FEETOTAL
Column Name found in Datamart and Curated Table :: TECHNICIANACKNOWLEDGEMENTSIGNATURE
Column Name found in Datamart and Curated Table :: AUTHORIZEDAMOUNT
Column Name found in Datamart and Curated Table :: CREATEDON
Column Name found in Datamart and Curated Table :: ID
Column Name found in Datamart and Curated Table :: IMPORTID
Column Name found in Datamart and Curated Table :: MEMBERSHIP_ID
Column Name found in Datamart and Curated Table :: STATUS
Column Name found in Datamart and Curated Table :: TYPE_ID
Column Name found in Datamart and Curated Table :: ACTIVE
Column Name found in Datamart and Curated Table :: BILLINGDATE
Column Name found in Datamart and Curated Table :: BUSINESSUNIT_ID
Column Name found in Datamart and Curated Table :: DISCOUNTTOTAL
Column Name found in Datamart and Curated Table :: FEETAX
Column Name found in Datamart and Curated Table :: INVOICEDON
Datamart tables contains additional column name like [ACTIVE_FLAG, RECORD_CREATE_DATE, RECORD_UPDATE_DATE, RECORD_UPDATE_DATE, MASTER_ID, TENANT_TYPE]
Curated tables contains additional column name like [RECORD_CREATE_DATE, RECORD_UPDATE_DATE, RECORD_UPDATED_BY, TENANT_TYPE]]]>
  </system-out>
  <testcase classname="testcases.RAW_DATAMART_CURATED.SnowFlake_ColumnValidation_BKPTables" name="validateColumnName_BKP" time="2.353"/>
  <system-out>
    <![CDATA[Executing Snowflake query :: SELECT COLUMN_NAME FROM DEV_ENT_RAW.INFORMATION_SCHEMA.COLUMNS WHERE TABLE_NAME='PURCHASEORDERITEM'and TABLE_SCHEMA='ST_EANESHEATING_MATILLION'
Executing Snowflake query :: SELECT COLUMN_NAME FROM CURATED_DATAMART.INFORMATION_SCHEMA.COLUMNS WHERE TABLE_NAME='STR_PURCHASEORDERITEM'and TABLE_SCHEMA='ST_BKP_EANESHEATING'
Executing Snowflake query :: SELECT COLUMN_NAME FROM DEV_ENT_CURATED.INFORMATION_SCHEMA.COLUMNS WHERE TABLE_NAME='DIM_PURCHASEORDERITEM'and TABLE_SCHEMA='MASTER_DIMENSIONS'
Column names for RAW Table --> PURCHASEORDERITEM :: [COST, EQUIPMENTVENDOR_ID, ROLLOVERQUANTITY, TECHNICIANSPLIT1, TECHNICIANSPLIT2, SKUREFERENCE_SKUTYPE, DESCRIPTION, QUANTITY, SKU_ID, CHARGEABLEITEM_ID, CREATEDON, SKUVENDOR_ID, ISINVENTORY, SERIALNUMBER, SKUREFERENCE_SKUID, ID, IMPORTID, INVENTORYLOCATION_ID, MARKUP, ROLLEDOVERFROMITEM_ID, STATUS, UNITOFMEASURE_ID, ACTIVE, MATERIAL_ID, TECHNICIANFORBASERATE2_ID, TECHNICIANSPLIT3, BUSINESSUNIT_ID, EQUIPMENT_ID, MATERIALVENDOR_ID, PROJECTLABELS, PURCHASEORDER_ID, USEDMATERIAL_ID, CREATEDBY_ID, REQUISITIONITEM_ID, TECHNICIANFORBASERATE1_ID, MODIFIEDON, TECHNICIANFORBASERATE3_ID, VENDORPARTNUMBER]
Column names for DataMart Table --> STR_PURCHASEORDERITEM :: [ACTIVE_FLAG, IMPORTID, INVENTORYLOCATION_ID, QUANTITY, SKU_ID, TECHNICIANFORBASERATE1_ID, TECHNICIANSPLIT2, USEDMATERIAL_ID, MARKUP, MODIFIEDON, TECHNICIANSPLIT3, ISINVENTORY, ROLLEDOVERFROMITEM_ID, TENANT_TYPE, MASTER_ID, TECHNICIANFORBASERATE3_ID, SERIALNUMBER, BUSINESSUNIT_ID, DESCRIPTION, EQUIPMENT_ID, SKUREFERENCE_SKUID, CHARGEABLEITEM_ID, COST, VENDORPARTNUMBER, ID, ROLLOVERQUANTITY, ACTIVE, CREATEDBY_ID, PROJECTLABELS, RECORD_UPDATE_DATE, REQUISITIONITEM_ID, SKUVENDOR_ID, TECHNICIANFORBASERATE2_ID, MATERIALVENDOR_ID, TECHNICIANSPLIT1, CREATEDON, MATERIAL_ID, RECORD_CREATE_DATE, SKUREFERENCE_SKUTYPE, STATUS, PURCHASEORDER_ID, UNITOFMEASURE_ID, EQUIPMENTVENDOR_ID]
Column names for Curated Table --> DIM_PURCHASEORDERITEM :: [CREATEDBY_ID, DESCRIPTION, EQUIPMENTVENDOR_ID, EQUIPMENT_ID, MATERIALVENDOR_ID, RECORD_UPDATE_DATE, TECHNICIANFORBASERATE1_ID, MODIFIEDON, UNITOFMEASURE_ID, USEDMATERIAL_ID, TECHNICIANSPLIT2, CHARGEABLEITEM_ID, COST, QUANTITY, TECHNICIANFORBASERATE3_ID, INVENTORYLOCATION_ID, IMPORTID, REQUISITIONITEM_ID, TENANT_TYPE, VENDORPARTNUMBER, SKU_ID, CREATEDON, ID, SKUREFERENCE_SKUTYPE, MARKUP, PROJECTLABELS, PURCHASEORDER_ID, SERIALNUMBER, SKUVENDOR_ID, TECHNICIANSPLIT3, ROLLOVERQUANTITY, STATUS, BUSINESSUNIT_ID, ISINVENTORY, RECORD_CREATE_DATE, ROLLEDOVERFROMITEM_ID, TECHNICIANSPLIT1, SKUREFERENCE_SKUID, ACTIVE, MATERIAL_ID, RECORD_UPDATED_BY, TECHNICIANFORBASERATE2_ID]
Column Name found in Datamart and Curated Table :: COST
Column Name found in Datamart and Curated Table :: EQUIPMENTVENDOR_ID
Column Name found in Datamart and Curated Table :: ROLLOVERQUANTITY
Column Name found in Datamart and Curated Table :: TECHNICIANSPLIT1
Column Name found in Datamart and Curated Table :: TECHNICIANSPLIT2
Column Name found in Datamart and Curated Table :: SKUREFERENCE_SKUTYPE
Column Name found in Datamart and Curated Table :: DESCRIPTION
Column Name found in Datamart and Curated Table :: QUANTITY
Column Name found in Datamart and Curated Table :: SKU_ID
Column Name found in Datamart and Curated Table :: CHARGEABLEITEM_ID
Column Name found in Datamart and Curated Table :: CREATEDON
Column Name found in Datamart and Curated Table :: SKUVENDOR_ID
Column Name found in Datamart and Curated Table :: ISINVENTORY
Column Name found in Datamart and Curated Table :: SERIALNUMBER
Column Name found in Datamart and Curated Table :: SKUREFERENCE_SKUID
Column Name found in Datamart and Curated Table :: ID
Column Name found in Datamart and Curated Table :: IMPORTID
Column Name found in Datamart and Curated Table :: INVENTORYLOCATION_ID
Column Name found in Datamart and Curated Table :: MARKUP
Column Name found in Datamart and Curated Table :: ROLLEDOVERFROMITEM_ID
Column Name found in Datamart and Curated Table :: STATUS
Column Name found in Datamart and Curated Table :: UNITOFMEASURE_ID
Column Name found in Datamart and Curated Table :: ACTIVE
Column Name found in Datamart and Curated Table :: MATERIAL_ID
Column Name found in Datamart and Curated Table :: TECHNICIANFORBASERATE2_ID
Column Name found in Datamart and Curated Table :: TECHNICIANSPLIT3
Column Name found in Datamart and Curated Table :: BUSINESSUNIT_ID
Column Name found in Datamart and Curated Table :: EQUIPMENT_ID
Column Name found in Datamart and Curated Table :: MATERIALVENDOR_ID
Column Name found in Datamart and Curated Table :: PROJECTLABELS
Column Name found in Datamart and Curated Table :: PURCHASEORDER_ID
Column Name found in Datamart and Curated Table :: USEDMATERIAL_ID
Column Name found in Datamart and Curated Table :: CREATEDBY_ID
Column Name found in Datamart and Curated Table :: REQUISITIONITEM_ID
Column Name found in Datamart and Curated Table :: TECHNICIANFORBASERATE1_ID
Column Name found in Datamart and Curated Table :: MODIFIEDON
Column Name found in Datamart and Curated Table :: TECHNICIANFORBASERATE3_ID
Column Name found in Datamart and Curated Table :: VENDORPARTNUMBER
Datamart tables contains additional column name like [ACTIVE_FLAG, RECORD_CREATE_DATE, RECORD_UPDATE_DATE, RECORD_UPDATE_DATE, MASTER_ID, TENANT_TYPE]
Curated tables contains additional column name like [RECORD_CREATE_DATE, RECORD_UPDATE_DATE, RECORD_UPDATED_BY, TENANT_TYPE]]]>
  </system-out>
  <testcase classname="testcases.RAW_DATAMART_CURATED.SnowFlake_ColumnValidation_BKPTables" name="validateColumnName_BKP" time="2.534"/>
  <system-out>
    <![CDATA[Executing Snowflake query :: SELECT COLUMN_NAME FROM DEV_ENT_RAW.INFORMATION_SCHEMA.COLUMNS WHERE TABLE_NAME='CALLREASON'and TABLE_SCHEMA='ST_CASTEEL_MATILLION'
Executing Snowflake query :: SELECT COLUMN_NAME FROM CURATED_DATAMART.INFORMATION_SCHEMA.COLUMNS WHERE TABLE_NAME='STR_CALLREASON'and TABLE_SCHEMA='ST_BKP_CASTEEL'
Executing Snowflake query :: SELECT COLUMN_NAME FROM DEV_ENT_CURATED.INFORMATION_SCHEMA.COLUMNS WHERE TABLE_NAME='DIM_CALLREASON'and TABLE_SCHEMA='MASTER_DIMENSIONS'
Column names for RAW Table --> CALLREASON :: [ACTIVE, NAME, CREATEDBY_ID, MODIFIEDON, ID, LEAD, IMPORTID, CREATEDON]
Column names for DataMart Table --> STR_CALLREASON :: [CREATEDBY_ID, MODIFIEDON, RECORD_UPDATE_DATE, NAME, RECORD_CREATE_DATE, ACTIVE_FLAG, LEAD, ACTIVE, MASTER_ID, TENANT_TYPE, IMPORTID, CREATEDON, ID]
Column names for Curated Table --> DIM_CALLREASON :: [CREATEDBY_ID, RECORD_CREATE_DATE, MODIFIEDON, LEAD, RECORD_UPDATED_BY, ACTIVE, ID, CREATEDON, IMPORTID, NAME, TENANT_TYPE, RECORD_UPDATE_DATE]
Column Name found in Datamart and Curated Table :: ACTIVE
Column Name found in Datamart and Curated Table :: NAME
Column Name found in Datamart and Curated Table :: CREATEDBY_ID
Column Name found in Datamart and Curated Table :: MODIFIEDON
Column Name found in Datamart and Curated Table :: ID
Column Name found in Datamart and Curated Table :: LEAD
Column Name found in Datamart and Curated Table :: IMPORTID
Column Name found in Datamart and Curated Table :: CREATEDON
Datamart tables contains additional column name like [ACTIVE_FLAG, RECORD_CREATE_DATE, RECORD_UPDATE_DATE, RECORD_UPDATE_DATE, MASTER_ID, TENANT_TYPE]
Curated tables contains additional column name like [RECORD_CREATE_DATE, RECORD_UPDATE_DATE, RECORD_UPDATED_BY, TENANT_TYPE]]]>
  </system-out>
  <testcase classname="testcases.RAW_DATAMART_CURATED.SnowFlake_ColumnValidation_BKPTables" name="validateColumnName_BKP" time="5.629"/>
  <system-out>
    <![CDATA[Executing Snowflake query :: SELECT COLUMN_NAME FROM DEV_ENT_RAW.INFORMATION_SCHEMA.COLUMNS WHERE TABLE_NAME='CONTACT'and TABLE_SCHEMA='ST_CASTEEL_MATILLION'
Executing Snowflake query :: SELECT COLUMN_NAME FROM CURATED_DATAMART.INFORMATION_SCHEMA.COLUMNS WHERE TABLE_NAME='STR_CONTACT'and TABLE_SCHEMA='ST_BKP_CASTEEL'
Executing Snowflake query :: SELECT COLUMN_NAME FROM DEV_ENT_CURATED.INFORMATION_SCHEMA.COLUMNS WHERE TABLE_NAME='DIM_CONTACT'and TABLE_SCHEMA='MASTER_DIMENSIONS'
Column names for RAW Table --> CONTACT :: [MARKETINGUPDATESENABLED, VALUE, OWNER_ID, IMPORTID, MODIFIEDON, TYPE, CREATEDON, REVERSEPHONE, ACTIVE, CREATEDBY_ID, MEMO, INVOICESTATEMENTNOTIFICATION, ID, JOBREMINDERSENABLED, MESSAGESENABLED]
Column names for DataMart Table --> STR_CONTACT :: [ACTIVE_FLAG, MARKETINGUPDATESENABLED, MASTER_ID, VALUE, MESSAGESENABLED, MEMO, MODIFIEDON, RECORD_UPDATE_DATE, REVERSEPHONE, RECORD_CREATE_DATE, ACTIVE, ID, JOBREMINDERSENABLED, OWNER_ID, IMPORTID, TYPE, TENANT_TYPE, CREATEDBY_ID, CREATEDON, INVOICESTATEMENTNOTIFICATION]
Column names for Curated Table --> DIM_CONTACT :: [MESSAGESENABLED, MODIFIEDON, CREATEDON, MEMO, OWNER_ID, CREATEDBY_ID, MARKETINGUPDATESENABLED, REVERSEPHONE, ID, IMPORTID, JOBREMINDERSENABLED, INVOICESTATEMENTNOTIFICATION, RECORD_CREATE_DATE, RECORD_UPDATED_BY, TENANT_TYPE, ACTIVE, RECORD_UPDATE_DATE, VALUE, TYPE]
Column Name found in Datamart and Curated Table :: MARKETINGUPDATESENABLED
Column Name found in Datamart and Curated Table :: VALUE
Column Name found in Datamart and Curated Table :: OWNER_ID
Column Name found in Datamart and Curated Table :: IMPORTID
Column Name found in Datamart and Curated Table :: MODIFIEDON
Column Name found in Datamart and Curated Table :: TYPE
Column Name found in Datamart and Curated Table :: CREATEDON
Column Name found in Datamart and Curated Table :: REVERSEPHONE
Column Name found in Datamart and Curated Table :: ACTIVE
Column Name found in Datamart and Curated Table :: CREATEDBY_ID
Column Name found in Datamart and Curated Table :: MEMO
Column Name found in Datamart and Curated Table :: INVOICESTATEMENTNOTIFICATION
Column Name found in Datamart and Curated Table :: ID
Column Name found in Datamart and Curated Table :: JOBREMINDERSENABLED
Column Name found in Datamart and Curated Table :: MESSAGESENABLED
Datamart tables contains additional column name like [ACTIVE_FLAG, RECORD_CREATE_DATE, RECORD_UPDATE_DATE, RECORD_UPDATE_DATE, MASTER_ID, TENANT_TYPE]
Curated tables contains additional column name like [RECORD_CREATE_DATE, RECORD_UPDATE_DATE, RECORD_UPDATED_BY, TENANT_TYPE]]]>
  </system-out>
  <testcase classname="testcases.RAW_DATAMART_CURATED.SnowFlake_ColumnValidation_BKPTables" name="validateColumnName_BKP" time="2.388"/>
  <system-out>
    <![CDATA[Executing Snowflake query :: SELECT COLUMN_NAME FROM DEV_ENT_RAW.INFORMATION_SCHEMA.COLUMNS WHERE TABLE_NAME='JOBASSIGNMENT'and TABLE_SCHEMA='ST_EANESHEATING_MATILLION'
Executing Snowflake query :: SELECT COLUMN_NAME FROM CURATED_DATAMART.INFORMATION_SCHEMA.COLUMNS WHERE TABLE_NAME='STR_JOBASSIGNMENT'and TABLE_SCHEMA='ST_BKP_EANESHEATING'
Executing Snowflake query :: SELECT COLUMN_NAME FROM DEV_ENT_CURATED.INFORMATION_SCHEMA.COLUMNS WHERE TABLE_NAME='DIM_JOBASSIGNMENT'and TABLE_SCHEMA='MASTER_DIMENSIONS'
Column names for RAW Table --> JOBASSIGNMENT :: [TECHNICIAN_ID, IMPORTID, MODIFIEDON, COMMISSIONRATE, ACTIVE, ID, STATUS, TECHNICIANROLE_ID, CREATEDBY_ID, GROSSPAY, ISPAUSED, JOB_ID, PAYTYPE, JOHNMOOREPAYROLLROLE, SPLIT, DRIVETIME_ID, PROJECTLABELS, CREATEDON, PAYROLLROLE]
Column names for DataMart Table --> STR_JOBASSIGNMENT :: [CREATEDBY_ID, ISPAUSED, RECORD_UPDATE_DATE, TECHNICIANROLE_ID, RECORD_CREATE_DATE, DRIVETIME_ID, GROSSPAY, PROJECTLABELS, CREATEDON, IMPORTID, JOHNMOOREPAYROLLROLE, SPLIT, ACTIVE, ACTIVE_FLAG, COMMISSIONRATE, SOURCE_PKEY_SPK, STATUS, TECHNICIAN_ID, TENANT_TYPE, ID, PAYROLLROLE, MASTER_ID, JOB_ID, MODIFIEDON, PAYTYPE]
Column names for Curated Table --> DIM_JOBASSIGNMENT :: [STATUS, COMMISSIONRATE, SPLIT, TECHNICIANROLE_ID, DRIVETIME_ID, GROSSPAY, RECORD_CREATE_DATE, JOHNMOOREPAYROLLROLE, MODIFIEDON, CREATEDBY_ID, ISPAUSED, SOURCE_PKEY_SPK, ID, PROJECTLABELS, RECORD_UPDATED_BY, PAYROLLROLE, JOB_ID, RECORD_UPDATE_DATE, TENANT_TYPE, IMPORTID, TECHNICIAN_ID, PAYTYPE, ACTIVE, CREATEDON]
Column Name found in Datamart and Curated Table :: TECHNICIAN_ID
Column Name found in Datamart and Curated Table :: IMPORTID
Column Name found in Datamart and Curated Table :: MODIFIEDON
Column Name found in Datamart and Curated Table :: COMMISSIONRATE
Column Name found in Datamart and Curated Table :: ACTIVE
Column Name found in Datamart and Curated Table :: ID
Column Name found in Datamart and Curated Table :: STATUS
Column Name found in Datamart and Curated Table :: TECHNICIANROLE_ID
Column Name found in Datamart and Curated Table :: CREATEDBY_ID
Column Name found in Datamart and Curated Table :: GROSSPAY
Column Name found in Datamart and Curated Table :: ISPAUSED
Column Name found in Datamart and Curated Table :: JOB_ID
Column Name found in Datamart and Curated Table :: PAYTYPE
Column Name found in Datamart and Curated Table :: JOHNMOOREPAYROLLROLE
Column Name found in Datamart and Curated Table :: SPLIT
Column Name found in Datamart and Curated Table :: DRIVETIME_ID
Column Name found in Datamart and Curated Table :: PROJECTLABELS
Column Name found in Datamart and Curated Table :: CREATEDON
Column Name found in Datamart and Curated Table :: PAYROLLROLE
Datamart tables contains additional column name like [ACTIVE_FLAG, RECORD_CREATE_DATE, RECORD_UPDATE_DATE, RECORD_UPDATE_DATE, MASTER_ID, TENANT_TYPE]
Curated tables contains additional column name like [RECORD_CREATE_DATE, RECORD_UPDATE_DATE, RECORD_UPDATED_BY, TENANT_TYPE]]]>
  </system-out>
  <testcase classname="testcases.RAW_DATAMART_CURATED.SnowFlake_ColumnValidation_BKPTables" name="validateColumnName_BKP" time="2.666"/>
  <system-out>
    <![CDATA[Executing Snowflake query :: SELECT COLUMN_NAME FROM DEV_ENT_RAW.INFORMATION_SCHEMA.COLUMNS WHERE TABLE_NAME='CUSTOMERMEMBERSHIP'and TABLE_SCHEMA='ST_SNELLHEATINGAIR_MATILLION'
Executing Snowflake query :: SELECT COLUMN_NAME FROM CURATED_DATAMART.INFORMATION_SCHEMA.COLUMNS WHERE TABLE_NAME='STR_CUSTOMERMEMBERSHIP'and TABLE_SCHEMA='ST_BKP_SNELLHEATINGAIR'
Executing Snowflake query :: SELECT COLUMN_NAME FROM DEV_ENT_CURATED.INFORMATION_SCHEMA.COLUMNS WHERE TABLE_NAME='DIM_CUSTOMERMEMBERSHIP'and TABLE_SCHEMA='MASTER_DIMENSIONS'
Column names for RAW Table --> CUSTOMERMEMBERSHIP :: [ACTIVATEDBY_ID, CANCELLATIONDATE, FOLLOWUPSTATUS, LOCATION_ID, RENEWEDBY_ID, BILLINGCOVERAGEPERIOD, DURATION, MEMO, SOLDBY_ID, BILLINGEMAIL_ID, CUSTOMER_ID, RENEWALMEMBERSHIPTASKREFERENCE_SKUID, TO, ACTIVATEDFROM_ID, FIRSTSCHEDULEDBILLDATE, PREVIOUSRECURRINGLOCATION_ID, EXPIREDAT, RECURRINGLOCATION_ID, ACTIVE, BILLINGPREFERENCE, BUSINESSUNIT_ID, CANCELATIONBUYOUTINVOICE_ID, MODIFIEDON, RENEWALMEMBERSHIPTASK_ID, INVOICETEMPLATE_ID, PAYMENTTYPE_ID, CREATEDBY_ID, FOLLOWUPCUSTOMSTATUS_ID, BILLINGTEMPLATE_ID, FROM, RENEWALBILLINGFREQUENCY, CANCELATIONBALANCEINVOICE_ID, CUSTOMERPO, ID, RENEWALDURATION, FOLLOWUPON, TYPE_ID, STATUS, BILLINGFREQUENCY, CANCELATIONINVOICE_ID, CREATEDON, INITIALDEFERREDREVENUE, NEXTSCHEDULEDBILLDATE, RENEWALMEMBERSHIPTASKREFERENCE_SKUTYPE, IMPORTID, PAYMENTMETHOD_ID]
Column names for DataMart Table --> STR_CUSTOMERMEMBERSHIP :: [PREVIOUSRECURRINGLOCATION_ID, RENEWALDURATION, RENEWALMEMBERSHIPTASKREFERENCE_SKUID, RENEWEDBY_ID, ACTIVATEDBY_ID, BILLINGCOVERAGEPERIOD, BILLINGEMAIL_ID, BUSINESSUNIT_ID, CANCELATIONINVOICE_ID, ID, LOCATION_ID, MASTER_ID, RENEWALMEMBERSHIPTASKREFERENCE_SKUTYPE, SOLDBY_ID, CANCELATIONBALANCEINVOICE_ID, CANCELLATIONDATE, PAYMENTMETHOD_ID, RECURRINGLOCATION_ID, FOLLOWUPCUSTOMSTATUS_ID, INVOICETEMPLATE_ID, RENEWALMEMBERSHIPTASK_ID, TYPE_ID, CREATEDBY_ID, NEXTSCHEDULEDBILLDATE, TO, ACTIVATEDFROM_ID, BILLINGFREQUENCY, CUSTOMER_ID, EXPIREDAT, MEMO, INITIALDEFERREDREVENUE, DURATION, CANCELATIONBUYOUTINVOICE_ID, BILLINGTEMPLATE_ID, FOLLOWUPON, RECORD_CREATE_DATE, STATUS, ACTIVE, ACTIVE_FLAG, CUSTOMERPO, FIRSTSCHEDULEDBILLDATE, PAYMENTTYPE_ID, RENEWALBILLINGFREQUENCY, FROM, IMPORTID, BILLINGPREFERENCE, CREATEDON, FOLLOWUPSTATUS, RECORD_UPDATE_DATE, TENANT_TYPE, MODIFIEDON]
Column names for Curated Table --> DIM_CUSTOMERMEMBERSHIP :: [BILLINGFREQUENCY, CREATEDBY_ID, MODIFIEDON, PAYMENTTYPE_ID, RECURRINGLOCATION_ID, ACTIVE, BILLINGEMAIL_ID, FIRSTSCHEDULEDBILLDATE, RENEWALMEMBERSHIPTASKREFERENCE_SKUTYPE, TENANT_TYPE, ACTIVATEDBY_ID, BUSINESSUNIT_ID, CREATEDON, ID, INITIALDEFERREDREVENUE, CUSTOMERPO, FOLLOWUPSTATUS, RENEWALDURATION, RECORD_UPDATED_BY, BILLINGTEMPLATE_ID, FOLLOWUPCUSTOMSTATUS_ID, PAYMENTMETHOD_ID, RECORD_UPDATE_DATE, SOLDBY_ID, TYPE_ID, RENEWALMEMBERSHIPTASK_ID, BILLINGPREFERENCE, EXPIREDAT, NEXTSCHEDULEDBILLDATE, ACTIVATEDFROM_ID, CANCELATIONBALANCEINVOICE_ID, FROM, RECORD_CREATE_DATE, RENEWALMEMBERSHIPTASKREFERENCE_SKUID, TO, FOLLOWUPON, BILLINGCOVERAGEPERIOD, CUSTOMER_ID, DURATION, IMPORTID, RENEWALBILLINGFREQUENCY, STATUS, MEMO, CANCELATIONINVOICE_ID, CANCELLATIONDATE, PREVIOUSRECURRINGLOCATION_ID, CANCELATIONBUYOUTINVOICE_ID, INVOICETEMPLATE_ID, LOCATION_ID, RENEWEDBY_ID]
Column Name found in Datamart and Curated Table :: ACTIVATEDBY_ID
Column Name found in Datamart and Curated Table :: CANCELLATIONDATE
Column Name found in Datamart and Curated Table :: FOLLOWUPSTATUS
Column Name found in Datamart and Curated Table :: LOCATION_ID
Column Name found in Datamart and Curated Table :: RENEWEDBY_ID
Column Name found in Datamart and Curated Table :: BILLINGCOVERAGEPERIOD
Column Name found in Datamart and Curated Table :: DURATION
Column Name found in Datamart and Curated Table :: MEMO
Column Name found in Datamart and Curated Table :: SOLDBY_ID
Column Name found in Datamart and Curated Table :: BILLINGEMAIL_ID
Column Name found in Datamart and Curated Table :: CUSTOMER_ID
Column Name found in Datamart and Curated Table :: RENEWALMEMBERSHIPTASKREFERENCE_SKUID
Column Name found in Datamart and Curated Table :: TO
Column Name found in Datamart and Curated Table :: ACTIVATEDFROM_ID
Column Name found in Datamart and Curated Table :: FIRSTSCHEDULEDBILLDATE
Column Name found in Datamart and Curated Table :: PREVIOUSRECURRINGLOCATION_ID
Column Name found in Datamart and Curated Table :: EXPIREDAT
Column Name found in Datamart and Curated Table :: RECURRINGLOCATION_ID
Column Name found in Datamart and Curated Table :: ACTIVE
Column Name found in Datamart and Curated Table :: BILLINGPREFERENCE
Column Name found in Datamart and Curated Table :: BUSINESSUNIT_ID
Column Name found in Datamart and Curated Table :: CANCELATIONBUYOUTINVOICE_ID
Column Name found in Datamart and Curated Table :: MODIFIEDON
Column Name found in Datamart and Curated Table :: RENEWALMEMBERSHIPTASK_ID
Column Name found in Datamart and Curated Table :: INVOICETEMPLATE_ID
Column Name found in Datamart and Curated Table :: PAYMENTTYPE_ID
Column Name found in Datamart and Curated Table :: CREATEDBY_ID
Column Name found in Datamart and Curated Table :: FOLLOWUPCUSTOMSTATUS_ID
Column Name found in Datamart and Curated Table :: BILLINGTEMPLATE_ID
Column Name found in Datamart and Curated Table :: FROM
Column Name found in Datamart and Curated Table :: RENEWALBILLINGFREQUENCY
Column Name found in Datamart and Curated Table :: CANCELATIONBALANCEINVOICE_ID
Column Name found in Datamart and Curated Table :: CUSTOMERPO
Column Name found in Datamart and Curated Table :: ID
Column Name found in Datamart and Curated Table :: RENEWALDURATION
Column Name found in Datamart and Curated Table :: FOLLOWUPON
Column Name found in Datamart and Curated Table :: TYPE_ID
Column Name found in Datamart and Curated Table :: STATUS
Column Name found in Datamart and Curated Table :: BILLINGFREQUENCY
Column Name found in Datamart and Curated Table :: CANCELATIONINVOICE_ID
Column Name found in Datamart and Curated Table :: CREATEDON
Column Name found in Datamart and Curated Table :: INITIALDEFERREDREVENUE
Column Name found in Datamart and Curated Table :: NEXTSCHEDULEDBILLDATE
Column Name found in Datamart and Curated Table :: RENEWALMEMBERSHIPTASKREFERENCE_SKUTYPE
Column Name found in Datamart and Curated Table :: IMPORTID
Column Name found in Datamart and Curated Table :: PAYMENTMETHOD_ID
Datamart tables contains additional column name like [ACTIVE_FLAG, RECORD_CREATE_DATE, RECORD_UPDATE_DATE, RECORD_UPDATE_DATE, MASTER_ID, TENANT_TYPE]
Curated tables contains additional column name like [RECORD_CREATE_DATE, RECORD_UPDATE_DATE, RECORD_UPDATED_BY, TENANT_TYPE]]]>
  </system-out>
  <testcase classname="testcases.RAW_DATAMART_CURATED.SnowFlake_ColumnValidation_BKPTables" name="validateColumnName_BKP" time="2.360"/>
  <system-out>
    <![CDATA[Executing Snowflake query :: SELECT COLUMN_NAME FROM DEV_ENT_RAW.INFORMATION_SCHEMA.COLUMNS WHERE TABLE_NAME='PAYMENTSPLIT'and TABLE_SCHEMA='ST_HENDERSON_MATILLION'
Executing Snowflake query :: SELECT COLUMN_NAME FROM CURATED_DATAMART.INFORMATION_SCHEMA.COLUMNS WHERE TABLE_NAME='STR_PAYMENTSPLIT'and TABLE_SCHEMA='ST_BKP_HENDERSON'
Executing Snowflake query :: SELECT COLUMN_NAME FROM DEV_ENT_CURATED.INFORMATION_SCHEMA.COLUMNS WHERE TABLE_NAME='DIM_PAYMENTSPLIT'and TABLE_SCHEMA='MASTER_DIMENSIONS'
Column names for RAW Table --> PAYMENTSPLIT :: [CREATEDON, INVOICE_ID, PAYMENT_ID, CREATEDBY_ID, IMPORTID, ID, MODIFIEDON, ACTIVE, AMOUNT, PAYSELLERCOMMISSION]
Column names for DataMart Table --> STR_PAYMENTSPLIT :: [PAYMENT_ID, PAYSELLERCOMMISSION, TENANT_TYPE, RECORD_UPDATE_DATE, CREATEDBY_ID, ID, INVOICE_ID, ACTIVE, MODIFIEDON, IMPORTID, RECORD_CREATE_DATE, ACTIVE_FLAG, AMOUNT, CREATEDON, MASTER_ID]
Column names for Curated Table --> DIM_PAYMENTSPLIT :: [IMPORTID, PAYSELLERCOMMISSION, CREATEDON, PAYMENT_ID, TENANT_TYPE, MODIFIEDON, AMOUNT, CREATEDBY_ID, INVOICE_ID, ID, RECORD_UPDATED_BY, RECORD_UPDATE_DATE, ACTIVE, RECORD_CREATE_DATE]
Column Name found in Datamart and Curated Table :: CREATEDON
Column Name found in Datamart and Curated Table :: INVOICE_ID
Column Name found in Datamart and Curated Table :: PAYMENT_ID
Column Name found in Datamart and Curated Table :: CREATEDBY_ID
Column Name found in Datamart and Curated Table :: IMPORTID
Column Name found in Datamart and Curated Table :: ID
Column Name found in Datamart and Curated Table :: MODIFIEDON
Column Name found in Datamart and Curated Table :: ACTIVE
Column Name found in Datamart and Curated Table :: AMOUNT
Column Name found in Datamart and Curated Table :: PAYSELLERCOMMISSION
Datamart tables contains additional column name like [ACTIVE_FLAG, RECORD_CREATE_DATE, RECORD_UPDATE_DATE, RECORD_UPDATE_DATE, MASTER_ID, TENANT_TYPE]
Curated tables contains additional column name like [RECORD_CREATE_DATE, RECORD_UPDATE_DATE, RECORD_UPDATED_BY, TENANT_TYPE]]]>
  </system-out>
  <testcase classname="testcases.RAW_DATAMART_CURATED.SnowFlake_ColumnValidation_BKPTables" name="validateColumnName_BKP" time="3.107"/>
  <system-out>
    <![CDATA[Executing Snowflake query :: SELECT COLUMN_NAME FROM DEV_ENT_RAW.INFORMATION_SCHEMA.COLUMNS WHERE TABLE_NAME='JOB'and TABLE_SCHEMA='ST_SNELLHEATINGAIR_MATILLION'
Executing Snowflake query :: SELECT COLUMN_NAME FROM CURATED_DATAMART.INFORMATION_SCHEMA.COLUMNS WHERE TABLE_NAME='STR_JOB'and TABLE_SCHEMA='ST_BKP_SNELLHEATINGAIR'
Executing Snowflake query :: SELECT COLUMN_NAME FROM DEV_ENT_CURATED.INFORMATION_SCHEMA.COLUMNS WHERE TABLE_NAME='DIM_JOB'and TABLE_SCHEMA='MASTER_DIMENSIONS'
Column names for RAW Table --> JOB :: [APPROXIMATESTARTDATE, INVOICE_ID, SMARTDISPATCHDATA_JOB, CREATEDON, SOLDBY_ID, REASSIGNMENTPENALTY, ALLOTTEDTIME, APPROXIMATEENDDATE, BUSINESSUNIT_ID, CREATEDFROMESTIMATE_ID, FIRSTAPPOINTMENT_ID, GENERATEDFROM_ID, PMDATE, SUMMARY, TOTAL, MODIFIEDON, NOCHARGESOURCE, CUSTOMER_ID, CALLSCRIPTANSWERRECORD_ID, COMPLETIONSURVEYID, CREATEDBY_ID, END, ISPREVAILINGWAGE, MANAGEEMPLOYEEEMAIL, OPPORTUNITY_ID, LATEPENALTY, LEAD_ID, WARRANTYFOR_ID, PROJECTEDVALUE, UNION, ISAUTODISPATCHED, PREDICTEDSALES, PROJECT_ID, START, GENERATEDBY_ID, NUMBER, PLANEND, DURATION, MONTHNUMBER, CREATEDFROMESTIMATESTATUSWHENBOOKING, NOCHARGE, STATUS, CUSTOMERPO, DRIVETIME, DRIVINGCOST, ISTECHNICIANSPECIFIC, LASTAPPOINTMENT_ID, MEMBERSHIP_ID, PLANSTART, PREDICTEDTOTAL, OPPORTUNITYDATE, PREVAILINGWAGEJOBNUMBER, ACTIVE, ESTIMATEDCOST, EXTERNALID, IMPORTID, LASTCHANGEDBYSMARTDISPATCH, LEADGENERATED_ID, MANAGEFOLLOWUPEMAIL, RECALLFOR_ID, LOCATION_ID, CAMPAIGN_ID, COMPLETEDON, ID, ISCONFIRMED, NOTIFICATIONSENABLED, TYPE_ID, PREVAILINGWAGECODE_ID, PRIORITY, SECONDARYJOBNUMBER]
Column names for DataMart Table --> STR_JOB :: [BUSINESSUNIT_ID, CREATEDON, MANAGEFOLLOWUPEMAIL, DRIVETIME, SECONDARYJOBNUMBER, APPROXIMATEENDDATE, GENERATEDFROM_ID, NOTIFICATIONSENABLED, REASSIGNMENTPENALTY, LASTAPPOINTMENT_ID, LATEPENALTY, ACTIVE_FLAG, CALLSCRIPTANSWERRECORD_ID, DURATION, LASTCHANGEDBYSMARTDISPATCH, MANAGEEMPLOYEEEMAIL, MODIFIEDON, PROJECT_ID, RECORD_CREATE_DATE, SUMMARY, ISPREVAILINGWAGE, PREVAILINGWAGEJOBNUMBER, SOLDBY_ID, TYPE_ID, ISTECHNICIANSPECIFIC, PLANEND, UNION, CUSTOMERPO, CUSTOMER_ID, PROJECTEDVALUE, TENANT_TYPE, GENERATEDBY_ID, ISCONFIRMED, PLANSTART, COMPLETEDON, LOCATION_ID, PREDICTEDTOTAL, RECALLFOR_ID, ACTIVE, CREATEDFROMESTIMATESTATUSWHENBOOKING, END, FIRSTAPPOINTMENT_ID, MEMBERSHIP_ID, NUMBER, OPPORTUNITYDATE, TOTAL, ISAUTODISPATCHED, NOCHARGE, RECORD_UPDATE_DATE, APPROXIMATESTARTDATE, CAMPAIGN_ID, CREATEDBY_ID, ESTIMATEDCOST, IMPORTID, INVOICE_ID, LEADGENERATED_ID, MONTHNUMBER, PREVAILINGWAGECODE_ID, START, STATUS, CREATEDFROMESTIMATE_ID, NOCHARGESOURCE, OPPORTUNITY_ID, PMDATE, PREDICTEDSALES, PRIORITY, ALLOTTEDTIME, COMPLETIONSURVEYID, DRIVINGCOST, EXTERNALID, LEAD_ID, MASTER_ID, ID, SMARTDISPATCHDATA_JOB, WARRANTYFOR_ID]
Column names for Curated Table --> DIM_JOB :: [LASTCHANGEDBYSMARTDISPATCH, PROJECTEDVALUE, TYPE_ID, EXTERNALID, NOCHARGESOURCE, PMDATE, RECALLFOR_ID, START, ACTIVE, ISAUTODISPATCHED, MONTHNUMBER, PRIORITY, CREATEDON, OPPORTUNITYDATE, PREVAILINGWAGEJOBNUMBER, RECORD_CREATE_DATE, CREATEDBY_ID, LASTAPPOINTMENT_ID, MANAGEEMPLOYEEEMAIL, TOTAL, APPROXIMATESTARTDATE, GENERATEDBY_ID, MANAGEFOLLOWUPEMAIL, RECORD_UPDATED_BY, WARRANTYFOR_ID, UNION, CREATEDFROMESTIMATE_ID, REASSIGNMENTPENALTY, PREDICTEDSALES, LATEPENALTY, DURATION, DRIVETIME, STATUS, SUMMARY, IMPORTID, NOTIFICATIONSENABLED, RECORD_UPDATE_DATE, ALLOTTEDTIME, COMPLETEDON, CUSTOMERPO, GENERATEDFROM_ID, ISTECHNICIANSPECIFIC, LOCATION_ID, PLANEND, MODIFIEDON, PREVAILINGWAGECODE_ID, SECONDARYJOBNUMBER, END, OPPORTUNITY_ID, APPROXIMATEENDDATE, BUSINESSUNIT_ID, CALLSCRIPTANSWERRECORD_ID, CUSTOMER_ID, DRIVINGCOST, ESTIMATEDCOST, FIRSTAPPOINTMENT_ID, PROJECT_ID, SOLDBY_ID, NOCHARGE, ISCONFIRMED, LEADGENERATED_ID, CAMPAIGN_ID, COMPLETIONSURVEYID, CREATEDFROMESTIMATESTATUSWHENBOOKING, ID, INVOICE_ID, ISPREVAILINGWAGE, LEAD_ID, MEMBERSHIP_ID, PLANSTART, SMARTDISPATCHDATA_JOB, TENANT_TYPE, PREDICTEDTOTAL, NUMBER]
Column Name found in Datamart and Curated Table :: APPROXIMATESTARTDATE
Column Name found in Datamart and Curated Table :: INVOICE_ID
Column Name found in Datamart and Curated Table :: SMARTDISPATCHDATA_JOB
Column Name found in Datamart and Curated Table :: CREATEDON
Column Name found in Datamart and Curated Table :: SOLDBY_ID
Column Name found in Datamart and Curated Table :: REASSIGNMENTPENALTY
Column Name found in Datamart and Curated Table :: ALLOTTEDTIME
Column Name found in Datamart and Curated Table :: APPROXIMATEENDDATE
Column Name found in Datamart and Curated Table :: BUSINESSUNIT_ID
Column Name found in Datamart and Curated Table :: CREATEDFROMESTIMATE_ID
Column Name found in Datamart and Curated Table :: FIRSTAPPOINTMENT_ID
Column Name found in Datamart and Curated Table :: GENERATEDFROM_ID
Column Name found in Datamart and Curated Table :: PMDATE
Column Name found in Datamart and Curated Table :: SUMMARY
Column Name found in Datamart and Curated Table :: TOTAL
Column Name found in Datamart and Curated Table :: MODIFIEDON
Column Name found in Datamart and Curated Table :: NOCHARGESOURCE
Column Name found in Datamart and Curated Table :: CUSTOMER_ID
Column Name found in Datamart and Curated Table :: CALLSCRIPTANSWERRECORD_ID
Column Name found in Datamart and Curated Table :: COMPLETIONSURVEYID
Column Name found in Datamart and Curated Table :: CREATEDBY_ID
Column Name found in Datamart and Curated Table :: END
Column Name found in Datamart and Curated Table :: ISPREVAILINGWAGE
Column Name found in Datamart and Curated Table :: MANAGEEMPLOYEEEMAIL
Column Name found in Datamart and Curated Table :: OPPORTUNITY_ID
Column Name found in Datamart and Curated Table :: LATEPENALTY
Column Name found in Datamart and Curated Table :: LEAD_ID
Column Name found in Datamart and Curated Table :: WARRANTYFOR_ID
Column Name found in Datamart and Curated Table :: PROJECTEDVALUE
Column Name found in Datamart and Curated Table :: UNION
Column Name found in Datamart and Curated Table :: ISAUTODISPATCHED
Column Name found in Datamart and Curated Table :: PREDICTEDSALES
Column Name found in Datamart and Curated Table :: PROJECT_ID
Column Name found in Datamart and Curated Table :: START
Column Name found in Datamart and Curated Table :: GENERATEDBY_ID
Column Name found in Datamart and Curated Table :: NUMBER
Column Name found in Datamart and Curated Table :: PLANEND
Column Name found in Datamart and Curated Table :: DURATION
Column Name found in Datamart and Curated Table :: MONTHNUMBER
Column Name found in Datamart and Curated Table :: CREATEDFROMESTIMATESTATUSWHENBOOKING
Column Name found in Datamart and Curated Table :: NOCHARGE
Column Name found in Datamart and Curated Table :: STATUS
Column Name found in Datamart and Curated Table :: CUSTOMERPO
Column Name found in Datamart and Curated Table :: DRIVETIME
Column Name found in Datamart and Curated Table :: DRIVINGCOST
Column Name found in Datamart and Curated Table :: ISTECHNICIANSPECIFIC
Column Name found in Datamart and Curated Table :: LASTAPPOINTMENT_ID
Column Name found in Datamart and Curated Table :: MEMBERSHIP_ID
Column Name found in Datamart and Curated Table :: PLANSTART
Column Name found in Datamart and Curated Table :: PREDICTEDTOTAL
Column Name found in Datamart and Curated Table :: OPPORTUNITYDATE
Column Name found in Datamart and Curated Table :: PREVAILINGWAGEJOBNUMBER
Column Name found in Datamart and Curated Table :: ACTIVE
Column Name found in Datamart and Curated Table :: ESTIMATEDCOST
Column Name found in Datamart and Curated Table :: EXTERNALID
Column Name found in Datamart and Curated Table :: IMPORTID
Column Name found in Datamart and Curated Table :: LASTCHANGEDBYSMARTDISPATCH
Column Name found in Datamart and Curated Table :: LEADGENERATED_ID
Column Name found in Datamart and Curated Table :: MANAGEFOLLOWUPEMAIL
Column Name found in Datamart and Curated Table :: RECALLFOR_ID
Column Name found in Datamart and Curated Table :: LOCATION_ID
Column Name found in Datamart and Curated Table :: CAMPAIGN_ID
Column Name found in Datamart and Curated Table :: COMPLETEDON
Column Name found in Datamart and Curated Table :: ID
Column Name found in Datamart and Curated Table :: ISCONFIRMED
Column Name found in Datamart and Curated Table :: NOTIFICATIONSENABLED
Column Name found in Datamart and Curated Table :: TYPE_ID
Column Name found in Datamart and Curated Table :: PREVAILINGWAGECODE_ID
Column Name found in Datamart and Curated Table :: PRIORITY
Column Name found in Datamart and Curated Table :: SECONDARYJOBNUMBER
Datamart tables contains additional column name like [ACTIVE_FLAG, RECORD_CREATE_DATE, RECORD_UPDATE_DATE, RECORD_UPDATE_DATE, MASTER_ID, TENANT_TYPE]
Curated tables contains additional column name like [RECORD_CREATE_DATE, RECORD_UPDATE_DATE, RECORD_UPDATED_BY, TENANT_TYPE]]]>
  </system-out>
  <testcase classname="testcases.RAW_DATAMART_CURATED.SnowFlake_ColumnValidation_BKPTables" name="validateColumnName_BKP" time="1.956"/>
  <system-out>
    <![CDATA[Executing Snowflake query :: SELECT COLUMN_NAME FROM DEV_ENT_RAW.INFORMATION_SCHEMA.COLUMNS WHERE TABLE_NAME='JOBCOMPLETIONSURVEY'and TABLE_SCHEMA='ST_FOURPROS_MATILLION'
Executing Snowflake query :: SELECT COLUMN_NAME FROM CURATED_DATAMART.INFORMATION_SCHEMA.COLUMNS WHERE TABLE_NAME='STR_JOBCOMPLETIONSURVEY'and TABLE_SCHEMA='ST_BKP_FOURPROS'
Executing Snowflake query :: SELECT COLUMN_NAME FROM DEV_ENT_CURATED.INFORMATION_SCHEMA.COLUMNS WHERE TABLE_NAME='DIM_JOBCOMPLETIONSURVEY'and TABLE_SCHEMA='MASTER_DIMENSIONS'
Column names for RAW Table --> JOBCOMPLETIONSURVEY :: [RATING, SUBMITCOUNT, MODIFIEDON, MEMO, SENTON, SURVEYTYPE, ID, ISROUTINECOMPLETED, TOKEN, STATUS, RECOMMENDATIONS, COMPLETEDON, ISPLANNINGTOUSEAGAIN, JOBCOMPLETEDON, JOBID]
Column names for DataMart Table --> STR_JOBCOMPLETIONSURVEY :: [MEMO, SENTON, COMPLETEDON, MODIFIEDON, RATING, SURVEYTYPE, TOKEN, RECORD_UPDATE_DATE, STATUS, ISPLANNINGTOUSEAGAIN, JOBCOMPLETEDON, SUBMITCOUNT, RECOMMENDATIONS, TENANT_TYPE, ACTIVE_FLAG, ISROUTINECOMPLETED, ID, JOBID, MASTER_ID, RECORD_CREATE_DATE]
Column names for Curated Table --> DIM_JOBCOMPLETIONSURVEY :: [ID, JOBCOMPLETEDON, SUBMITCOUNT, ISROUTINECOMPLETED, MEMO, RECORD_UPDATED_BY, STATUS, JOBID, RECORD_UPDATE_DATE, TENANT_TYPE, MODIFIEDON, SURVEYTYPE, COMPLETEDON, ISPLANNINGTOUSEAGAIN, RATING, SENTON, RECOMMENDATIONS, RECORD_CREATE_DATE, TOKEN]
Column Name found in Datamart and Curated Table :: RATING
Column Name found in Datamart and Curated Table :: SUBMITCOUNT
Column Name found in Datamart and Curated Table :: MODIFIEDON
Column Name found in Datamart and Curated Table :: MEMO
Column Name found in Datamart and Curated Table :: SENTON
Column Name found in Datamart and Curated Table :: SURVEYTYPE
Column Name found in Datamart and Curated Table :: ID
Column Name found in Datamart and Curated Table :: ISROUTINECOMPLETED
Column Name found in Datamart and Curated Table :: TOKEN
Column Name found in Datamart and Curated Table :: STATUS
Column Name found in Datamart and Curated Table :: RECOMMENDATIONS
Column Name found in Datamart and Curated Table :: COMPLETEDON
Column Name found in Datamart and Curated Table :: ISPLANNINGTOUSEAGAIN
Column Name found in Datamart and Curated Table :: JOBCOMPLETEDON
Column Name found in Datamart and Curated Table :: JOBID
Datamart tables contains additional column name like [ACTIVE_FLAG, RECORD_CREATE_DATE, RECORD_UPDATE_DATE, RECORD_UPDATE_DATE, MASTER_ID, TENANT_TYPE]
Curated tables contains additional column name like [RECORD_CREATE_DATE, RECORD_UPDATE_DATE, RECORD_UPDATED_BY, TENANT_TYPE]]]>
  </system-out>
  <testcase classname="testcases.RAW_DATAMART_CURATED.SnowFlake_ColumnValidation_BKPTables" name="validateColumnName_BKP" time="4.600"/>
  <system-out>
    <![CDATA[Executing Snowflake query :: SELECT COLUMN_NAME FROM DEV_ENT_RAW.INFORMATION_SCHEMA.COLUMNS WHERE TABLE_NAME='INVOICE'and TABLE_SCHEMA='ST_BILLFENWICK_MATILLION'
Executing Snowflake query :: SELECT COLUMN_NAME FROM CURATED_DATAMART.INFORMATION_SCHEMA.COLUMNS WHERE TABLE_NAME='STR_INVOICE'and TABLE_SCHEMA='ST_BKP_BILLFENWICK'
Executing Snowflake query :: SELECT COLUMN_NAME FROM DEV_ENT_CURATED.INFORMATION_SCHEMA.COLUMNS WHERE TABLE_NAME='FACT_INVOICE'and TABLE_SCHEMA='MASTER_DIMENSIONS'
Column names for RAW Table --> INVOICE :: [ACTIVE, BUSINESSUNIT_ID, CONFIGURATION, EXPORTID, EXTERNALID, MATERIALSKU_ID, PAYMENTDUEDATE, ROYALTY_STATUS, TYPE_ID, AUTHORIZEDAMOUNT, BALANCE, STATUS, INVOICEDON, AUTHORIZATIONSIGNATURE, BATCH_ID, BILLINGDATE, CREATEDBY_ID, LOCATION_ID, NUMERICNUMBER, TAX, TOTAL, DISCOUNTTOTAL, ROYALTY_DATE, MODIFIEDON, PROJECT_ID, SUMMARY, COMMISSIONELIGIBILITYDATE, FEETAX, ROYALTY_MEMO, ROYALTY_SENTON, PROJECTLABELS, ADJUSTMENTTO_ID, JOB_ID, MATERIALSKUREFERENCE_SKUTYPE, NEWCONSTRUCTION, PAYMENTTERM_ID, TAXZONE_ID, COUNTERSALESLOCATION_ID, IMPORTID, CUSTOMER_ID, EXCLUDEFROMPAYROLL, FEETOTAL, MATERIALTAX, MEMBERSHIP_ID, PAIDON, TECHNICIANACKNOWLEDGEMENTSIGNATURE, SIGNATURE, ID, INCLUDEINTECHNICIANREPORTS, MATERIALSKUREFERENCE_SKUID, NETAMOUNT, ACKNOWLEDGEMENTSIGNATURE, CREATEDON, NUMBER, SUBTOTAL, PAYROLLDATE, LABORTAX]
Column names for DataMart Table --> STR_INVOICE :: [ADJUSTMENTTO_ID, CREATEDBY_ID, CREATEDON, EXPORTID, PROJECT_ID, FEETOTAL, PAYMENTDUEDATE, ROYALTY_MEMO, TAX, TENANT_TYPE, PAYMENTTERM_ID, AUTHORIZATIONSIGNATURE, NUMBER, SUBTOTAL, ROYALTY_STATUS, PAYROLLDATE, PROJECTLABELS, STATUS, CUSTOMER_ID, ID, NUMERICNUMBER, ROYALTY_SENTON, TOTAL, ACTIVE_FLAG, AUTHORIZEDAMOUNT, INCLUDEINTECHNICIANREPORTS, MATERIALTAX, MODIFIEDON, PAIDON, RECORD_CREATE_DATE, COMMISSIONELIGIBILITYDATE, EXTERNALID, IMPORTID, LABORTAX, MATERIALSKUREFERENCE_SKUTYPE, MATERIALSKU_ID, INVOICEDON, LOCATION_ID, ROYALTY_DATE, ACTIVE, CONFIGURATION, DISCOUNTTOTAL, EXCLUDEFROMPAYROLL, MATERIALSKUREFERENCE_SKUID, SIGNATURE, MEMBERSHIP_ID, TAXZONE_ID, TYPE_ID, NEWCONSTRUCTION, BALANCE, JOB_ID, MASTER_ID, TECHNICIANACKNOWLEDGEMENTSIGNATURE, RECORD_UPDATE_DATE, SUMMARY, NETAMOUNT, ACKNOWLEDGEMENTSIGNATURE, BILLINGDATE, BUSINESSUNIT_ID, COUNTERSALESLOCATION_ID, BATCH_ID, FEETAX]
Column names for Curated Table --> FACT_INVOICE :: [CONFIGURATION, EXPORTID, EXTERNALID, MATERIALSKUREFERENCE_SKUTYPE, RECORD_UPDATED_BY, ROYALTY_DATE, FEETAX, TAX, TOTAL, BALANCE, BUSINESSUNIT_ID, CREATEDON, PAYMENTDUEDATE, PROJECT_ID, NETAMOUNT, NUMERICNUMBER, ROYALTY_SENTON, NUMBER, DISCOUNTTOTAL, EXCLUDEFROMPAYROLL, INCLUDEINTECHNICIANREPORTS, MODIFIEDON, STATUS, TENANT_TYPE, NEWCONSTRUCTION, ACKNOWLEDGEMENTSIGNATURE, ADJUSTMENTTO_ID, CREATEDBY_ID, CUSTOMER_ID, FEETOTAL, INVOICEDON, PAIDON, TYPE_ID, JOB_ID, LABORTAX, LOCATION_ID, ROYALTY_STATUS, SUMMARY, PROJECTLABELS, MATERIALSKUREFERENCE_SKUID, MATERIALSKU_ID, MEMBERSHIP_ID, COMMISSIONELIGIBILITYDATE, RECORD_CREATE_DATE, RECORD_UPDATE_DATE, SIGNATURE, AUTHORIZATIONSIGNATURE, BILLINGDATE, IMPORTID, TECHNICIANACKNOWLEDGEMENTSIGNATURE, AUTHORIZEDAMOUNT, ID, PAYROLLDATE, ACTIVE, COUNTERSALESLOCATION_ID, PAYMENTTERM_ID, SUBTOTAL, BATCH_ID, MATERIALTAX, ROYALTY_MEMO, TAXZONE_ID]
Column Name found in Datamart and Curated Table :: ACTIVE
Column Name found in Datamart and Curated Table :: BUSINESSUNIT_ID
Column Name found in Datamart and Curated Table :: CONFIGURATION
Column Name found in Datamart and Curated Table :: EXPORTID
Column Name found in Datamart and Curated Table :: EXTERNALID
Column Name found in Datamart and Curated Table :: MATERIALSKU_ID
Column Name found in Datamart and Curated Table :: PAYMENTDUEDATE
Column Name found in Datamart and Curated Table :: ROYALTY_STATUS
Column Name found in Datamart and Curated Table :: TYPE_ID
Column Name found in Datamart and Curated Table :: AUTHORIZEDAMOUNT
Column Name found in Datamart and Curated Table :: BALANCE
Column Name found in Datamart and Curated Table :: STATUS
Column Name found in Datamart and Curated Table :: INVOICEDON
Column Name found in Datamart and Curated Table :: AUTHORIZATIONSIGNATURE
Column Name found in Datamart and Curated Table :: BATCH_ID
Column Name found in Datamart and Curated Table :: BILLINGDATE
Column Name found in Datamart and Curated Table :: CREATEDBY_ID
Column Name found in Datamart and Curated Table :: LOCATION_ID
Column Name found in Datamart and Curated Table :: NUMERICNUMBER
Column Name found in Datamart and Curated Table :: TAX
Column Name found in Datamart and Curated Table :: TOTAL
Column Name found in Datamart and Curated Table :: DISCOUNTTOTAL
Column Name found in Datamart and Curated Table :: ROYALTY_DATE
Column Name found in Datamart and Curated Table :: MODIFIEDON
Column Name found in Datamart and Curated Table :: PROJECT_ID
Column Name found in Datamart and Curated Table :: SUMMARY
Column Name found in Datamart and Curated Table :: COMMISSIONELIGIBILITYDATE
Column Name found in Datamart and Curated Table :: FEETAX
Column Name found in Datamart and Curated Table :: ROYALTY_MEMO
Column Name found in Datamart and Curated Table :: ROYALTY_SENTON
Column Name found in Datamart and Curated Table :: PROJECTLABELS
Column Name found in Datamart and Curated Table :: ADJUSTMENTTO_ID
Column Name found in Datamart and Curated Table :: JOB_ID
Column Name found in Datamart and Curated Table :: MATERIALSKUREFERENCE_SKUTYPE
Column Name found in Datamart and Curated Table :: NEWCONSTRUCTION
Column Name found in Datamart and Curated Table :: PAYMENTTERM_ID
Column Name found in Datamart and Curated Table :: TAXZONE_ID
Column Name found in Datamart and Curated Table :: COUNTERSALESLOCATION_ID
Column Name found in Datamart and Curated Table :: IMPORTID
Column Name found in Datamart and Curated Table :: CUSTOMER_ID
Column Name found in Datamart and Curated Table :: EXCLUDEFROMPAYROLL
Column Name found in Datamart and Curated Table :: FEETOTAL
Column Name found in Datamart and Curated Table :: MATERIALTAX
Column Name found in Datamart and Curated Table :: MEMBERSHIP_ID
Column Name found in Datamart and Curated Table :: PAIDON
Column Name found in Datamart and Curated Table :: TECHNICIANACKNOWLEDGEMENTSIGNATURE
Column Name found in Datamart and Curated Table :: SIGNATURE
Column Name found in Datamart and Curated Table :: ID
Column Name found in Datamart and Curated Table :: INCLUDEINTECHNICIANREPORTS
Column Name found in Datamart and Curated Table :: MATERIALSKUREFERENCE_SKUID
Column Name found in Datamart and Curated Table :: NETAMOUNT
Column Name found in Datamart and Curated Table :: ACKNOWLEDGEMENTSIGNATURE
Column Name found in Datamart and Curated Table :: CREATEDON
Column Name found in Datamart and Curated Table :: NUMBER
Column Name found in Datamart and Curated Table :: SUBTOTAL
Column Name found in Datamart and Curated Table :: PAYROLLDATE
Column Name found in Datamart and Curated Table :: LABORTAX
Datamart tables contains additional column name like [ACTIVE_FLAG, RECORD_CREATE_DATE, RECORD_UPDATE_DATE, RECORD_UPDATE_DATE, MASTER_ID, TENANT_TYPE]
Curated tables contains additional column name like [RECORD_CREATE_DATE, RECORD_UPDATE_DATE, RECORD_UPDATED_BY, TENANT_TYPE]]]>
  </system-out>
  <testcase classname="testcases.RAW_DATAMART_CURATED.SnowFlake_ColumnValidation_BKPTables" name="validateColumnName_BKP" time="3.370"/>
  <system-out>
    <![CDATA[Executing Snowflake query :: SELECT COLUMN_NAME FROM DEV_ENT_RAW.INFORMATION_SCHEMA.COLUMNS WHERE TABLE_NAME='SKUASSET'and TABLE_SCHEMA='ST_BILLFENWICK_MATILLION'
Executing Snowflake query :: SELECT COLUMN_NAME FROM CURATED_DATAMART.INFORMATION_SCHEMA.COLUMNS WHERE TABLE_NAME='STR_SKUASSET'and TABLE_SCHEMA='ST_BKP_BILLFENWICK'
Executing Snowflake query :: SELECT COLUMN_NAME FROM DEV_ENT_CURATED.INFORMATION_SCHEMA.COLUMNS WHERE TABLE_NAME='DIM_SKUASSET'and TABLE_SCHEMA='MASTER_DIMENSIONS'
Column names for RAW Table --> SKUASSET :: [ALIAS, URL, EXTERNALURL, TYPE, ID, ORIGINALNAME, ACTIVE, IMPORTID, CREATEDON, CREATEDBY_ID, METADATA, OWNER_ID, ISEXTERNAL]
Column names for DataMart Table --> STR_SKUASSET :: [METADATA, ORIGINALNAME, URL, CREATEDON, OWNER_ID, RECORD_CREATE_DATE, TENANT_TYPE, IMPORTID, TYPE, ISEXTERNAL, MASTER_ID, RECORD_UPDATE_DATE, ALIAS, ACTIVE, ACTIVE_FLAG, CREATEDBY_ID, EXTERNALURL, ID]
Column names for Curated Table --> DIM_SKUASSET :: [EXTERNALURL, ORIGINALNAME, TENANT_TYPE, RECORD_UPDATE_DATE, ID, ISEXTERNAL, RECORD_CREATE_DATE, ALIAS, CREATEDON, RECORD_UPDATED_BY, TYPE, ACTIVE, CREATEDBY_ID, OWNER_ID, METADATA, URL, IMPORTID]
Column Name found in Datamart and Curated Table :: ALIAS
Column Name found in Datamart and Curated Table :: URL
Column Name found in Datamart and Curated Table :: EXTERNALURL
Column Name found in Datamart and Curated Table :: TYPE
Column Name found in Datamart and Curated Table :: ID
Column Name found in Datamart and Curated Table :: ORIGINALNAME
Column Name found in Datamart and Curated Table :: ACTIVE
Column Name found in Datamart and Curated Table :: IMPORTID
Column Name found in Datamart and Curated Table :: CREATEDON
Column Name found in Datamart and Curated Table :: CREATEDBY_ID
Column Name found in Datamart and Curated Table :: METADATA
Column Name found in Datamart and Curated Table :: OWNER_ID
Column Name found in Datamart and Curated Table :: ISEXTERNAL
Datamart tables contains additional column name like [ACTIVE_FLAG, RECORD_CREATE_DATE, RECORD_UPDATE_DATE, RECORD_UPDATE_DATE, MASTER_ID, TENANT_TYPE]
Curated tables contains additional column name like [RECORD_CREATE_DATE, RECORD_UPDATE_DATE, RECORD_UPDATED_BY, TENANT_TYPE]]]>
  </system-out>
  <testcase classname="testcases.RAW_DATAMART_CURATED.SnowFlake_ColumnValidation_BKPTables" name="validateColumnName_BKP" time="2.249"/>
  <system-out>
    <![CDATA[Executing Snowflake query :: SELECT COLUMN_NAME FROM DEV_ENT_RAW.INFORMATION_SCHEMA.COLUMNS WHERE TABLE_NAME='SKUASSET'and TABLE_SCHEMA='ST_HENDERSON_MATILLION'
Executing Snowflake query :: SELECT COLUMN_NAME FROM CURATED_DATAMART.INFORMATION_SCHEMA.COLUMNS WHERE TABLE_NAME='STR_SKUASSET'and TABLE_SCHEMA='ST_BKP_HENDERSON'
Executing Snowflake query :: SELECT COLUMN_NAME FROM DEV_ENT_CURATED.INFORMATION_SCHEMA.COLUMNS WHERE TABLE_NAME='DIM_SKUASSET'and TABLE_SCHEMA='MASTER_DIMENSIONS'
Column names for RAW Table --> SKUASSET :: [ACTIVE, ID, CREATEDBY_ID, ALIAS, CREATEDON, OWNER_ID, TYPE, IMPORTID, ORIGINALNAME, METADATA, URL, EXTERNALURL, ISEXTERNAL]
Column names for DataMart Table --> STR_SKUASSET :: [ACTIVE_FLAG, IMPORTID, RECORD_UPDATE_DATE, URL, ORIGINALNAME, ACTIVE, METADATA, CREATEDBY_ID, ID, TENANT_TYPE, ALIAS, CREATEDON, EXTERNALURL, OWNER_ID, RECORD_CREATE_DATE, TYPE, ISEXTERNAL, MASTER_ID]
Column names for Curated Table --> DIM_SKUASSET :: [EXTERNALURL, ORIGINALNAME, TENANT_TYPE, RECORD_UPDATE_DATE, ID, ISEXTERNAL, RECORD_CREATE_DATE, ALIAS, CREATEDON, RECORD_UPDATED_BY, TYPE, ACTIVE, CREATEDBY_ID, OWNER_ID, METADATA, URL, IMPORTID]
Column Name found in Datamart and Curated Table :: ACTIVE
Column Name found in Datamart and Curated Table :: ID
Column Name found in Datamart and Curated Table :: CREATEDBY_ID
Column Name found in Datamart and Curated Table :: ALIAS
Column Name found in Datamart and Curated Table :: CREATEDON
Column Name found in Datamart and Curated Table :: OWNER_ID
Column Name found in Datamart and Curated Table :: TYPE
Column Name found in Datamart and Curated Table :: IMPORTID
Column Name found in Datamart and Curated Table :: ORIGINALNAME
Column Name found in Datamart and Curated Table :: METADATA
Column Name found in Datamart and Curated Table :: URL
Column Name found in Datamart and Curated Table :: EXTERNALURL
Column Name found in Datamart and Curated Table :: ISEXTERNAL
Datamart tables contains additional column name like [ACTIVE_FLAG, RECORD_CREATE_DATE, RECORD_UPDATE_DATE, RECORD_UPDATE_DATE, MASTER_ID, TENANT_TYPE]
Curated tables contains additional column name like [RECORD_CREATE_DATE, RECORD_UPDATE_DATE, RECORD_UPDATED_BY, TENANT_TYPE]]]>
  </system-out>
  <testcase classname="testcases.RAW_DATAMART_CURATED.SnowFlake_ColumnValidation_BKPTables" name="validateColumnName_BKP" time="3.496"/>
  <system-out>
    <![CDATA[Executing Snowflake query :: SELECT COLUMN_NAME FROM DEV_ENT_RAW.INFORMATION_SCHEMA.COLUMNS WHERE TABLE_NAME='CUSTOMERMEMBERSHIP'and TABLE_SCHEMA='ST_BILLFENWICK_MATILLION'
Executing Snowflake query :: SELECT COLUMN_NAME FROM CURATED_DATAMART.INFORMATION_SCHEMA.COLUMNS WHERE TABLE_NAME='STR_CUSTOMERMEMBERSHIP'and TABLE_SCHEMA='ST_BKP_BILLFENWICK'
Executing Snowflake query :: SELECT COLUMN_NAME FROM DEV_ENT_CURATED.INFORMATION_SCHEMA.COLUMNS WHERE TABLE_NAME='DIM_CUSTOMERMEMBERSHIP'and TABLE_SCHEMA='MASTER_DIMENSIONS'
Column names for RAW Table --> CUSTOMERMEMBERSHIP :: [ACTIVATEDFROM_ID, ACTIVE, BILLINGPREFERENCE, DURATION, SOLDBY_ID, LOCATION_ID, RENEWEDBY_ID, CREATEDON, FOLLOWUPCUSTOMSTATUS_ID, RECURRINGLOCATION_ID, FOLLOWUPON, RENEWALMEMBERSHIPTASKREFERENCE_SKUTYPE, BILLINGCOVERAGEPERIOD, CANCELATIONBALANCEINVOICE_ID, CANCELATIONINVOICE_ID, CUSTOMERPO, FIRSTSCHEDULEDBILLDATE, TO, FOLLOWUPSTATUS, RENEWALDURATION, RENEWALMEMBERSHIPTASK_ID, BILLINGEMAIL_ID, FROM, INITIALDEFERREDREVENUE, PAYMENTTYPE_ID, CANCELLATIONDATE, CUSTOMER_ID, MEMO, RENEWALMEMBERSHIPTASKREFERENCE_SKUID, STATUS, ACTIVATEDBY_ID, ID, PAYMENTMETHOD_ID, BILLINGTEMPLATE_ID, BUSINESSUNIT_ID, IMPORTID, INVOICETEMPLATE_ID, PREVIOUSRECURRINGLOCATION_ID, CANCELATIONBUYOUTINVOICE_ID, CREATEDBY_ID, EXPIREDAT, NEXTSCHEDULEDBILLDATE, RENEWALBILLINGFREQUENCY, TYPE_ID, BILLINGFREQUENCY, MODIFIEDON]
Column names for DataMart Table --> STR_CUSTOMERMEMBERSHIP :: [ACTIVATEDFROM_ID, CANCELATIONBALANCEINVOICE_ID, CREATEDBY_ID, CUSTOMER_ID, EXPIREDAT, NEXTSCHEDULEDBILLDATE, CREATEDON, INITIALDEFERREDREVENUE, SOLDBY_ID, FOLLOWUPCUSTOMSTATUS_ID, RECURRINGLOCATION_ID, ID, PREVIOUSRECURRINGLOCATION_ID, RENEWALBILLINGFREQUENCY, BUSINESSUNIT_ID, CANCELLATIONDATE, CUSTOMERPO, MODIFIEDON, RENEWEDBY_ID, DURATION, RECORD_CREATE_DATE, RECORD_UPDATE_DATE, BILLINGEMAIL_ID, BILLINGPREFERENCE, INVOICETEMPLATE_ID, STATUS, CANCELATIONBUYOUTINVOICE_ID, FROM, RENEWALMEMBERSHIPTASKREFERENCE_SKUID, FOLLOWUPON, ACTIVE_FLAG, BILLINGTEMPLATE_ID, FOLLOWUPSTATUS, IMPORTID, MASTER_ID, PAYMENTMETHOD_ID, ACTIVATEDBY_ID, CANCELATIONINVOICE_ID, MEMO, RENEWALDURATION, PAYMENTTYPE_ID, ACTIVE, BILLINGCOVERAGEPERIOD, LOCATION_ID, TENANT_TYPE, BILLINGFREQUENCY, FIRSTSCHEDULEDBILLDATE, RENEWALMEMBERSHIPTASKREFERENCE_SKUTYPE, RENEWALMEMBERSHIPTASK_ID, TO, TYPE_ID]
Column names for Curated Table --> DIM_CUSTOMERMEMBERSHIP :: [BILLINGFREQUENCY, CREATEDBY_ID, MODIFIEDON, PAYMENTTYPE_ID, RECURRINGLOCATION_ID, ACTIVE, BILLINGEMAIL_ID, FIRSTSCHEDULEDBILLDATE, RENEWALMEMBERSHIPTASKREFERENCE_SKUTYPE, TENANT_TYPE, ACTIVATEDBY_ID, BUSINESSUNIT_ID, CREATEDON, ID, INITIALDEFERREDREVENUE, CUSTOMERPO, FOLLOWUPSTATUS, RENEWALDURATION, RECORD_UPDATED_BY, BILLINGTEMPLATE_ID, FOLLOWUPCUSTOMSTATUS_ID, PAYMENTMETHOD_ID, RECORD_UPDATE_DATE, SOLDBY_ID, TYPE_ID, RENEWALMEMBERSHIPTASK_ID, BILLINGPREFERENCE, EXPIREDAT, NEXTSCHEDULEDBILLDATE, ACTIVATEDFROM_ID, CANCELATIONBALANCEINVOICE_ID, FROM, RECORD_CREATE_DATE, RENEWALMEMBERSHIPTASKREFERENCE_SKUID, TO, FOLLOWUPON, BILLINGCOVERAGEPERIOD, CUSTOMER_ID, DURATION, IMPORTID, RENEWALBILLINGFREQUENCY, STATUS, MEMO, CANCELATIONINVOICE_ID, CANCELLATIONDATE, PREVIOUSRECURRINGLOCATION_ID, CANCELATIONBUYOUTINVOICE_ID, INVOICETEMPLATE_ID, LOCATION_ID, RENEWEDBY_ID]
Column Name found in Datamart and Curated Table :: ACTIVATEDFROM_ID
Column Name found in Datamart and Curated Table :: ACTIVE
Column Name found in Datamart and Curated Table :: BILLINGPREFERENCE
Column Name found in Datamart and Curated Table :: DURATION
Column Name found in Datamart and Curated Table :: SOLDBY_ID
Column Name found in Datamart and Curated Table :: LOCATION_ID
Column Name found in Datamart and Curated Table :: RENEWEDBY_ID
Column Name found in Datamart and Curated Table :: CREATEDON
Column Name found in Datamart and Curated Table :: FOLLOWUPCUSTOMSTATUS_ID
Column Name found in Datamart and Curated Table :: RECURRINGLOCATION_ID
Column Name found in Datamart and Curated Table :: FOLLOWUPON
Column Name found in Datamart and Curated Table :: RENEWALMEMBERSHIPTASKREFERENCE_SKUTYPE
Column Name found in Datamart and Curated Table :: BILLINGCOVERAGEPERIOD
Column Name found in Datamart and Curated Table :: CANCELATIONBALANCEINVOICE_ID
Column Name found in Datamart and Curated Table :: CANCELATIONINVOICE_ID
Column Name found in Datamart and Curated Table :: CUSTOMERPO
Column Name found in Datamart and Curated Table :: FIRSTSCHEDULEDBILLDATE
Column Name found in Datamart and Curated Table :: TO
Column Name found in Datamart and Curated Table :: FOLLOWUPSTATUS
Column Name found in Datamart and Curated Table :: RENEWALDURATION
Column Name found in Datamart and Curated Table :: RENEWALMEMBERSHIPTASK_ID
Column Name found in Datamart and Curated Table :: BILLINGEMAIL_ID
Column Name found in Datamart and Curated Table :: FROM
Column Name found in Datamart and Curated Table :: INITIALDEFERREDREVENUE
Column Name found in Datamart and Curated Table :: PAYMENTTYPE_ID
Column Name found in Datamart and Curated Table :: CANCELLATIONDATE
Column Name found in Datamart and Curated Table :: CUSTOMER_ID
Column Name found in Datamart and Curated Table :: MEMO
Column Name found in Datamart and Curated Table :: RENEWALMEMBERSHIPTASKREFERENCE_SKUID
Column Name found in Datamart and Curated Table :: STATUS
Column Name found in Datamart and Curated Table :: ACTIVATEDBY_ID
Column Name found in Datamart and Curated Table :: ID
Column Name found in Datamart and Curated Table :: PAYMENTMETHOD_ID
Column Name found in Datamart and Curated Table :: BILLINGTEMPLATE_ID
Column Name found in Datamart and Curated Table :: BUSINESSUNIT_ID
Column Name found in Datamart and Curated Table :: IMPORTID
Column Name found in Datamart and Curated Table :: INVOICETEMPLATE_ID
Column Name found in Datamart and Curated Table :: PREVIOUSRECURRINGLOCATION_ID
Column Name found in Datamart and Curated Table :: CANCELATIONBUYOUTINVOICE_ID
Column Name found in Datamart and Curated Table :: CREATEDBY_ID
Column Name found in Datamart and Curated Table :: EXPIREDAT
Column Name found in Datamart and Curated Table :: NEXTSCHEDULEDBILLDATE
Column Name found in Datamart and Curated Table :: RENEWALBILLINGFREQUENCY
Column Name found in Datamart and Curated Table :: TYPE_ID
Column Name found in Datamart and Curated Table :: BILLINGFREQUENCY
Column Name found in Datamart and Curated Table :: MODIFIEDON
Datamart tables contains additional column name like [ACTIVE_FLAG, RECORD_CREATE_DATE, RECORD_UPDATE_DATE, RECORD_UPDATE_DATE, MASTER_ID, TENANT_TYPE]
Curated tables contains additional column name like [RECORD_CREATE_DATE, RECORD_UPDATE_DATE, RECORD_UPDATED_BY, TENANT_TYPE]]]>
  </system-out>
  <testcase classname="testcases.RAW_DATAMART_CURATED.SnowFlake_ColumnValidation_BKPTables" name="validateColumnName_BKP" time="3.527"/>
  <system-out>
    <![CDATA[Executing Snowflake query :: SELECT COLUMN_NAME FROM DEV_ENT_RAW.INFORMATION_SCHEMA.COLUMNS WHERE TABLE_NAME='PURCHASEORDER'and TABLE_SCHEMA='ST_HDAIR_MATILLION'
Executing Snowflake query :: SELECT COLUMN_NAME FROM CURATED_DATAMART.INFORMATION_SCHEMA.COLUMNS WHERE TABLE_NAME='STR_PURCHASEORDER'and TABLE_SCHEMA='ST_BKP_HDAIR'
Executing Snowflake query :: SELECT COLUMN_NAME FROM DEV_ENT_CURATED.INFORMATION_SCHEMA.COLUMNS WHERE TABLE_NAME='DIM_PURCHASEORDER'and TABLE_SCHEMA='MASTER_DIMENSIONS'
Column names for RAW Table --> PURCHASEORDER :: [INVOICE_ID, ISTIMEANDMATERIAL, POVENDOR_ID, SHIPTO_COUNTRY, SHIPTO_ISMILITARY, SHIPTO_LONGITUDE, STATUS, BATCH_ID, BUSINESSUNIT_ID, CREATEDBY_ID, DATE, ERRORMESSAGE, EXPORTID, IMPORTID, NOCHARGE, SENDINGMETHOD, SHIPTO_ISMANUALCOORDINATES, SHIPTODESCRIPTION, TYPE_ID, CANCELEDREASON, CREATEDON, ID, REQUIREDON, SHIPTO_LATITUDE, TAX, SUMMARY, SENDSTATUS, INVENTORYLOCATION_ID, JOB_ID, PROJECT_ID, SHIPTO_UNIT, CANCELEDON, MARKUP, RECEIVEDON, TAXSCHEMA, NUMBER, ROLLEDOVERFROMPURCHASEORDER_ID, VENDORINVOICENUMBER, SHIPTO_STREET, SENTON, SHIPTO_CITY, AMOUNT, PROJECTLABELS, VENDOR, ACTIVE, CANCELEDBY_ID, EXTERNALID, MODIFIEDON, SHIPTO_STATE, SHIPTO_ZIP, TAXRATE, TECHNICIAN_ID, GROUPINGOPTION, SHIPPING, TRUCK_ID, REQUISITION_ID]
Column names for DataMart Table --> STR_PURCHASEORDER :: [ACTIVE, CANCELEDREASON, EXTERNALID, MARKUP, NUMBER, TAXRATE, REQUISITION_ID, AMOUNT, CANCELEDBY_ID, INVOICE_ID, TENANT_TYPE, RECORD_CREATE_DATE, TAX, STATUS, BATCH_ID, CREATEDBY_ID, ID, JOB_ID, MASTER_ID, NOCHARGE, VENDORINVOICENUMBER, VENDOR, GROUPINGOPTION, SHIPTO_ISMANUALCOORDINATES, TYPE_ID, BUSINESSUNIT_ID, CREATEDON, SHIPPING, SHIPTO_ISMILITARY, DATE, SHIPTO_COUNTRY, SHIPTO_STREET, SHIPTO_UNIT, ACTIVE_FLAG, ERRORMESSAGE, EXPORTID, MODIFIEDON, PROJECT_ID, SENTON, SENDINGMETHOD, TRUCK_ID, SENDSTATUS, INVENTORYLOCATION_ID, ISTIMEANDMATERIAL, SHIPTO_STATE, RECEIVEDON, TAXSCHEMA, CANCELEDON, IMPORTID, RECORD_UPDATE_DATE, ROLLEDOVERFROMPURCHASEORDER_ID, SUMMARY, PROJECTLABELS, REQUIREDON, SHIPTO_ZIP, POVENDOR_ID, SHIPTODESCRIPTION, SHIPTO_CITY, SHIPTO_LATITUDE, TECHNICIAN_ID, SHIPTO_LONGITUDE]
Column names for Curated Table --> DIM_PURCHASEORDER :: [ACTIVE, CANCELEDBY_ID, CANCELEDON, RECORD_CREATE_DATE, TRUCK_ID, ROLLEDOVERFROMPURCHASEORDER_ID, SHIPTO_LONGITUDE, TAXSCHEMA, BUSINESSUNIT_ID, POVENDOR_ID, SHIPTO_ISMANUALCOORDINATES, SHIPTO_ISMILITARY, CREATEDON, RECORD_UPDATE_DATE, NUMBER, AMOUNT, DATE, ERRORMESSAGE, EXPORTID, GROUPINGOPTION, INVOICE_ID, MODIFIEDON, PROJECT_ID, SHIPTO_COUNTRY, STATUS, RECORD_UPDATED_BY, TECHNICIAN_ID, SHIPTO_STATE, MARKUP, REQUISITION_ID, SENDSTATUS, SHIPTO_LATITUDE, SHIPTO_STREET, INVENTORYLOCATION_ID, TYPE_ID, BATCH_ID, CREATEDBY_ID, SENTON, PROJECTLABELS, SENDINGMETHOD, SHIPTO_CITY, TAXRATE, EXTERNALID, ID, TAX, VENDOR, IMPORTID, NOCHARGE, SHIPTO_ZIP, SUMMARY, TENANT_TYPE, SHIPPING, CANCELEDREASON, ISTIMEANDMATERIAL, JOB_ID, RECEIVEDON, SHIPTODESCRIPTION, SHIPTO_UNIT, VENDORINVOICENUMBER, REQUIREDON]
Column Name found in Datamart and Curated Table :: INVOICE_ID
Column Name found in Datamart and Curated Table :: ISTIMEANDMATERIAL
Column Name found in Datamart and Curated Table :: POVENDOR_ID
Column Name found in Datamart and Curated Table :: SHIPTO_COUNTRY
Column Name found in Datamart and Curated Table :: SHIPTO_ISMILITARY
Column Name found in Datamart and Curated Table :: SHIPTO_LONGITUDE
Column Name found in Datamart and Curated Table :: STATUS
Column Name found in Datamart and Curated Table :: BATCH_ID
Column Name found in Datamart and Curated Table :: BUSINESSUNIT_ID
Column Name found in Datamart and Curated Table :: CREATEDBY_ID
Column Name found in Datamart and Curated Table :: DATE
Column Name found in Datamart and Curated Table :: ERRORMESSAGE
Column Name found in Datamart and Curated Table :: EXPORTID
Column Name found in Datamart and Curated Table :: IMPORTID
Column Name found in Datamart and Curated Table :: NOCHARGE
Column Name found in Datamart and Curated Table :: SENDINGMETHOD
Column Name found in Datamart and Curated Table :: SHIPTO_ISMANUALCOORDINATES
Column Name found in Datamart and Curated Table :: SHIPTODESCRIPTION
Column Name found in Datamart and Curated Table :: TYPE_ID
Column Name found in Datamart and Curated Table :: CANCELEDREASON
Column Name found in Datamart and Curated Table :: CREATEDON
Column Name found in Datamart and Curated Table :: ID
Column Name found in Datamart and Curated Table :: REQUIREDON
Column Name found in Datamart and Curated Table :: SHIPTO_LATITUDE
Column Name found in Datamart and Curated Table :: TAX
Column Name found in Datamart and Curated Table :: SUMMARY
Column Name found in Datamart and Curated Table :: SENDSTATUS
Column Name found in Datamart and Curated Table :: INVENTORYLOCATION_ID
Column Name found in Datamart and Curated Table :: JOB_ID
Column Name found in Datamart and Curated Table :: PROJECT_ID
Column Name found in Datamart and Curated Table :: SHIPTO_UNIT
Column Name found in Datamart and Curated Table :: CANCELEDON
Column Name found in Datamart and Curated Table :: MARKUP
Column Name found in Datamart and Curated Table :: RECEIVEDON
Column Name found in Datamart and Curated Table :: TAXSCHEMA
Column Name found in Datamart and Curated Table :: NUMBER
Column Name found in Datamart and Curated Table :: ROLLEDOVERFROMPURCHASEORDER_ID
Column Name found in Datamart and Curated Table :: VENDORINVOICENUMBER
Column Name found in Datamart and Curated Table :: SHIPTO_STREET
Column Name found in Datamart and Curated Table :: SENTON
Column Name found in Datamart and Curated Table :: SHIPTO_CITY
Column Name found in Datamart and Curated Table :: AMOUNT
Column Name found in Datamart and Curated Table :: PROJECTLABELS
Column Name found in Datamart and Curated Table :: VENDOR
Column Name found in Datamart and Curated Table :: ACTIVE
Column Name found in Datamart and Curated Table :: CANCELEDBY_ID
Column Name found in Datamart and Curated Table :: EXTERNALID
Column Name found in Datamart and Curated Table :: MODIFIEDON
Column Name found in Datamart and Curated Table :: SHIPTO_STATE
Column Name found in Datamart and Curated Table :: SHIPTO_ZIP
Column Name found in Datamart and Curated Table :: TAXRATE
Column Name found in Datamart and Curated Table :: TECHNICIAN_ID
Column Name found in Datamart and Curated Table :: GROUPINGOPTION
Column Name found in Datamart and Curated Table :: SHIPPING
Column Name found in Datamart and Curated Table :: TRUCK_ID
Column Name found in Datamart and Curated Table :: REQUISITION_ID
Datamart tables contains additional column name like [ACTIVE_FLAG, RECORD_CREATE_DATE, RECORD_UPDATE_DATE, RECORD_UPDATE_DATE, MASTER_ID, TENANT_TYPE]
Curated tables contains additional column name like [RECORD_CREATE_DATE, RECORD_UPDATE_DATE, RECORD_UPDATED_BY, TENANT_TYPE]]]>
  </system-out>
  <testcase classname="testcases.RAW_DATAMART_CURATED.SnowFlake_ColumnValidation_BKPTables" name="validateColumnName_BKP" time="2.152"/>
  <system-out>
    <![CDATA[Executing Snowflake query :: SELECT COLUMN_NAME FROM DEV_ENT_RAW.INFORMATION_SCHEMA.COLUMNS WHERE TABLE_NAME='LOCATION'and TABLE_SCHEMA='ST_FOURPROS_MATILLION'
Executing Snowflake query :: SELECT COLUMN_NAME FROM CURATED_DATAMART.INFORMATION_SCHEMA.COLUMNS WHERE TABLE_NAME='STR_LOCATION'and TABLE_SCHEMA='ST_BKP_FOURPROS'
Executing Snowflake query :: SELECT COLUMN_NAME FROM DEV_ENT_CURATED.INFORMATION_SCHEMA.COLUMNS WHERE TABLE_NAME='DIM_LOCATION'and TABLE_SCHEMA='MASTER_DIMENSIONS'
Column names for RAW Table --> LOCATION :: [ADDRESS_CITY, ADDRESS_ISMILITARY, ADDRESS_LONGITUDE, ACTIVE, ESTIMATEDTAX, RECURRINGSERVICE_ACTIVATEDBY, RECURRINGSERVICE_MEMO, NOCHARGE, ADDRESS_ISMANUALCOORDINATES, DONOTSENDTECHNICIAN_ID, IMPORTID, ISPREVAILINGWAGE, CREATEDBY_ID, MODIFIEDON, PREFERREDTECHNICIAN_ID, CREATEDON, NAME, RECURRINGSERVICE_CANCELLATIONDATE, TAXZONE_ID, RECURRINGSERVICE_RECURRENCEINTERVAL, RECURRINGSERVICE_TO, ADDRESS_COUNTRY, ADDRESS_ZIP, AUTOLATITUDE, CUSTOMER_ID, ID, RECURRINGSERVICE_FROM, TAXABLE, TAXEXEMPT, AVALARAENTITYCODE, ADDRESS_STATE, ADDRESS_STREET, RECURRINGSERVICE_ACTIVATEDFROM, ADDRESS_LATITUDE, ADDRESS_UNIT, AUTOLONGITUDE, RECURRINGSERVICE_TYPE, SUMMARY, ZONE_ID]
Column names for DataMart Table --> STR_LOCATION :: [ADDRESS_STREET, CUSTOMER_ID, RECURRINGSERVICE_ACTIVATEDBY, RECURRINGSERVICE_ACTIVATEDFROM, RECURRINGSERVICE_FROM, RECURRINGSERVICE_RECURRENCEINTERVAL, TENANT_TYPE, ACTIVE_FLAG, AVALARAENTITYCODE, TAXZONE_ID, ADDRESS_LATITUDE, RECORD_UPDATE_DATE, TAXEXEMPT, ADDRESS_CITY, ADDRESS_COUNTRY, CREATEDON, ESTIMATEDTAX, RECURRINGSERVICE_CANCELLATIONDATE, AUTOLATITUDE, NAME, TAXABLE, ADDRESS_ZIP, ID, RECORD_CREATE_DATE, ZONE_ID, CREATEDBY_ID, ACTIVE, ADDRESS_ISMILITARY, ADDRESS_LONGITUDE, ADDRESS_UNIT, DONOTSENDTECHNICIAN_ID, MASTER_ID, MODIFIEDON, RECURRINGSERVICE_TYPE, SUMMARY, RECURRINGSERVICE_MEMO, ADDRESS_STATE, AUTOLONGITUDE, IMPORTID, NOCHARGE, RECURRINGSERVICE_TO, ADDRESS_ISMANUALCOORDINATES, ISPREVAILINGWAGE, PREFERREDTECHNICIAN_ID]
Column names for Curated Table --> DIM_LOCATION :: [ADDRESS_UNIT, AUTOLONGITUDE, RECURRINGSERVICE_ACTIVATEDFROM, RECURRINGSERVICE_TO, TAXABLE, ADDRESS_CITY, ADDRESS_LATITUDE, IMPORTID, NAME, RECURRINGSERVICE_MEMO, ADDRESS_LONGITUDE, ADDRESS_STATE, ADDRESS_STREET, DONOTSENDTECHNICIAN_ID, MODIFIEDON, TAXZONE_ID, ADDRESS_ISMANUALCOORDINATES, ESTIMATEDTAX, ISPREVAILINGWAGE, RECURRINGSERVICE_ACTIVATEDBY, AUTOLATITUDE, RECORD_UPDATED_BY, RECORD_UPDATE_DATE, SUMMARY, CUSTOMER_ID, ZONE_ID, TENANT_TYPE, ADDRESS_COUNTRY, ADDRESS_ZIP, NOCHARGE, RECURRINGSERVICE_FROM, RECURRINGSERVICE_RECURRENCEINTERVAL, CREATEDON, RECORD_CREATE_DATE, AVALARAENTITYCODE, RECURRINGSERVICE_CANCELLATIONDATE, RECURRINGSERVICE_TYPE, PREFERREDTECHNICIAN_ID, ACTIVE, ADDRESS_ISMILITARY, CREATEDBY_ID, ID, TAXEXEMPT]
Column Name found in Datamart and Curated Table :: ADDRESS_CITY
Column Name found in Datamart and Curated Table :: ADDRESS_ISMILITARY
Column Name found in Datamart and Curated Table :: ADDRESS_LONGITUDE
Column Name found in Datamart and Curated Table :: ACTIVE
Column Name found in Datamart and Curated Table :: ESTIMATEDTAX
Column Name found in Datamart and Curated Table :: RECURRINGSERVICE_ACTIVATEDBY
Column Name found in Datamart and Curated Table :: RECURRINGSERVICE_MEMO
Column Name found in Datamart and Curated Table :: NOCHARGE
Column Name found in Datamart and Curated Table :: ADDRESS_ISMANUALCOORDINATES
Column Name found in Datamart and Curated Table :: DONOTSENDTECHNICIAN_ID
Column Name found in Datamart and Curated Table :: IMPORTID
Column Name found in Datamart and Curated Table :: ISPREVAILINGWAGE
Column Name found in Datamart and Curated Table :: CREATEDBY_ID
Column Name found in Datamart and Curated Table :: MODIFIEDON
Column Name found in Datamart and Curated Table :: PREFERREDTECHNICIAN_ID
Column Name found in Datamart and Curated Table :: CREATEDON
Column Name found in Datamart and Curated Table :: NAME
Column Name found in Datamart and Curated Table :: RECURRINGSERVICE_CANCELLATIONDATE
Column Name found in Datamart and Curated Table :: TAXZONE_ID
Column Name found in Datamart and Curated Table :: RECURRINGSERVICE_RECURRENCEINTERVAL
Column Name found in Datamart and Curated Table :: RECURRINGSERVICE_TO
Column Name found in Datamart and Curated Table :: ADDRESS_COUNTRY
Column Name found in Datamart and Curated Table :: ADDRESS_ZIP
Column Name found in Datamart and Curated Table :: AUTOLATITUDE
Column Name found in Datamart and Curated Table :: CUSTOMER_ID
Column Name found in Datamart and Curated Table :: ID
Column Name found in Datamart and Curated Table :: RECURRINGSERVICE_FROM
Column Name found in Datamart and Curated Table :: TAXABLE
Column Name found in Datamart and Curated Table :: TAXEXEMPT
Column Name found in Datamart and Curated Table :: AVALARAENTITYCODE
Column Name found in Datamart and Curated Table :: ADDRESS_STATE
Column Name found in Datamart and Curated Table :: ADDRESS_STREET
Column Name found in Datamart and Curated Table :: RECURRINGSERVICE_ACTIVATEDFROM
Column Name found in Datamart and Curated Table :: ADDRESS_LATITUDE
Column Name found in Datamart and Curated Table :: ADDRESS_UNIT
Column Name found in Datamart and Curated Table :: AUTOLONGITUDE
Column Name found in Datamart and Curated Table :: RECURRINGSERVICE_TYPE
Column Name found in Datamart and Curated Table :: SUMMARY
Column Name found in Datamart and Curated Table :: ZONE_ID
Datamart tables contains additional column name like [ACTIVE_FLAG, RECORD_CREATE_DATE, RECORD_UPDATE_DATE, RECORD_UPDATE_DATE, MASTER_ID, TENANT_TYPE]
Curated tables contains additional column name like [RECORD_CREATE_DATE, RECORD_UPDATE_DATE, RECORD_UPDATED_BY, TENANT_TYPE]]]>
  </system-out>
  <testcase classname="testcases.RAW_DATAMART_CURATED.SnowFlake_ColumnValidation_BKPTables" name="validateColumnName_BKP" time="2.110">
    <failure message="The following asserts failed:
	null" type="java.lang.AssertionError">
      <![CDATA[java.lang.AssertionError: The following asserts failed:
null
at org.testng.asserts.SoftAssert.assertAll(SoftAssert.java:47)
at org.testng.asserts.SoftAssert.assertAll(SoftAssert.java:31)
at testcases.RAW_DATAMART_CURATED.SnowFlake_ColumnValidation_BKPTables.validateColumnName_BKP(SnowFlake_ColumnValidation_BKPTables.java:120)
at jdk.internal.reflect.GeneratedMethodAccessor38.invoke(Unknown Source)
at java.base/jdk.internal.reflect.DelegatingMethodAccessorImpl.invoke(DelegatingMethodAccessorImpl.java:43)
at java.base/java.lang.reflect.Method.invoke(Method.java:568)
at org.testng.internal.MethodInvocationHelper.invokeMethod(MethodInvocationHelper.java:133)
at org.testng.internal.TestInvoker.invokeMethod(TestInvoker.java:598)
at org.testng.internal.TestInvoker.invokeTestMethod(TestInvoker.java:173)
at org.testng.internal.MethodRunner.runInSequence(MethodRunner.java:46)
at org.testng.internal.TestInvoker$MethodInvocationAgent.invoke(TestInvoker.java:824)
at org.testng.internal.TestInvoker.invokeTestMethods(TestInvoker.java:146)
at org.testng.internal.TestMethodWorker.invokeTestMethods(TestMethodWorker.java:146)
at org.testng.internal.TestMethodWorker.run(TestMethodWorker.java:128)
at java.base/java.util.ArrayList.forEach(ArrayList.java:1511)
at org.testng.TestRunner.privateRun(TestRunner.java:794)
at org.testng.TestRunner.run(TestRunner.java:596)
at org.testng.SuiteRunner.runTest(SuiteRunner.java:377)
at org.testng.SuiteRunner.runSequentially(SuiteRunner.java:371)
at org.testng.SuiteRunner.privateRun(SuiteRunner.java:332)
at org.testng.SuiteRunner.run(SuiteRunner.java:276)
at org.testng.SuiteRunnerWorker.runSuite(SuiteRunnerWorker.java:53)
at org.testng.SuiteRunnerWorker.run(SuiteRunnerWorker.java:96)
at org.testng.TestNG.runSuitesSequentially(TestNG.java:1212)
at org.testng.TestNG.runSuitesLocally(TestNG.java:1134)
at org.testng.TestNG.runSuites(TestNG.java:1063)
at org.testng.TestNG.run(TestNG.java:1031)
at org.testng.remote.AbstractRemoteTestNG.run(AbstractRemoteTestNG.java:115)
at org.testng.remote.RemoteTestNG.initAndRun(RemoteTestNG.java:251)
at org.testng.remote.RemoteTestNG.main(RemoteTestNG.java:77)
]]>
    </failure>
  </testcase> <!-- validateColumnName_BKP -->
  <system-out>
    <![CDATA[Executing Snowflake query :: SELECT COLUMN_NAME FROM DEV_ENT_RAW.INFORMATION_SCHEMA.COLUMNS WHERE TABLE_NAME='JOBAPPOINTMENT'and TABLE_SCHEMA='ST_EANESHEATING_MATILLION'
Executing Snowflake query :: SELECT COLUMN_NAME FROM CURATED_DATAMART.INFORMATION_SCHEMA.COLUMNS WHERE TABLE_NAME='STR_JOBAPPOINTMENT'and TABLE_SCHEMA='ST_BKP_EANESHEATING'
Executing Snowflake query :: SELECT COLUMN_NAME FROM DEV_ENT_CURATED.INFORMATION_SCHEMA.COLUMNS WHERE TABLE_NAME='DIM_JOBAPPOINTMENT'and TABLE_SCHEMA='MASTER_DIMENSIONS'
Column names for RAW Table --> JOBAPPOINTMENT :: [ISCONFIRMED, ACTIVE, ID, MODIFIEDON, PLANSTART, SMARTDISPATCHDATA_JOBAPPOINTMENT, CREATEDON, END, IMPORTID, JOB_ID, PLANEND, MONTHNUMBER, NUMBER, START, CREATEDBY_ID, SPECIALINSTRUCTIONS, STATUS, ISUNUSED]
Column names for DataMart Table --> STR_JOBAPPOINTMENT :: [MONTHNUMBER, SMARTDISPATCHDATA_JOBAPPOINTMENT, TENANT_TYPE, ACTIVE_FLAG, ISUNUSED, PLANSTART, STATUS, CREATEDBY_ID, ID, ISCONFIRMED, ACTIVE, MASTER_ID, MODIFIEDON, CREATEDON, IMPORTID, JOB_ID, NUMBER, RECORD_UPDATE_DATE, END, PLANEND, RECORD_CREATE_DATE, START]
Column names for Curated Table --> DIM_JOBAPPOINTMENT :: [END, SMARTDISPATCHDATA_JOBAPPOINTMENT, ACTIVE, CREATEDBY_ID, IMPORTID, ISUNUSED, START, ID, JOB_ID, MONTHNUMBER, PLANEND, RECORD_UPDATE_DATE, CREATEDON, RECORD_CREATE_DATE, TENANT_TYPE, PLANSTART, ISCONFIRMED, NUMBER, STATUS, MODIFIEDON, RECORD_UPDATED_BY]
Column Name found in Datamart and Curated Table :: ISCONFIRMED
Column Name found in Datamart and Curated Table :: ACTIVE
Column Name found in Datamart and Curated Table :: ID
Column Name found in Datamart and Curated Table :: MODIFIEDON
Column Name found in Datamart and Curated Table :: PLANSTART
Column Name found in Datamart and Curated Table :: SMARTDISPATCHDATA_JOBAPPOINTMENT
Column Name found in Datamart and Curated Table :: CREATEDON
Column Name found in Datamart and Curated Table :: END
Column Name found in Datamart and Curated Table :: IMPORTID
Column Name found in Datamart and Curated Table :: JOB_ID
Column Name found in Datamart and Curated Table :: PLANEND
Column Name found in Datamart and Curated Table :: MONTHNUMBER
Column Name found in Datamart and Curated Table :: NUMBER
Column Name found in Datamart and Curated Table :: START
Column Name found in Datamart and Curated Table :: CREATEDBY_ID
Column Name not found in Datamart and Curated Table :: SPECIALINSTRUCTIONS
Column Name found in Datamart and Curated Table :: STATUS
Column Name found in Datamart and Curated Table :: ISUNUSED
Datamart tables contains additional column name like [ACTIVE_FLAG, RECORD_CREATE_DATE, RECORD_UPDATE_DATE, RECORD_UPDATE_DATE, MASTER_ID, TENANT_TYPE]
Curated tables contains additional column name like [RECORD_CREATE_DATE, RECORD_UPDATE_DATE, RECORD_UPDATED_BY, TENANT_TYPE]]]>
  </system-out>
  <testcase classname="testcases.RAW_DATAMART_CURATED.SnowFlake_ColumnValidation_BKPTables" name="validateColumnName_BKP" time="2.163"/>
  <system-out>
    <![CDATA[Executing Snowflake query :: SELECT COLUMN_NAME FROM DEV_ENT_RAW.INFORMATION_SCHEMA.COLUMNS WHERE TABLE_NAME='LEAD'and TABLE_SCHEMA='ST_HDAIR_MATILLION'
Executing Snowflake query :: SELECT COLUMN_NAME FROM CURATED_DATAMART.INFORMATION_SCHEMA.COLUMNS WHERE TABLE_NAME='STR_LEAD'and TABLE_SCHEMA='ST_BKP_HDAIR'
Executing Snowflake query :: SELECT COLUMN_NAME FROM DEV_ENT_CURATED.INFORMATION_SCHEMA.COLUMNS WHERE TABLE_NAME='DIM_LEAD'and TABLE_SCHEMA='MASTER_DIMENSIONS'
Column names for RAW Table --> LEAD :: [LOCATION_ID, SUMMARY, CREATEDON, LATESTFOLLOWUPDATE, ACTIVE, CREATEDBY_ID, BUSINESSUNIT_ID, ESTIMATE_ID, JOBTYPE_ID, PROJECT_ID, IMPORTID, CUSTOMER_ID, CAMPAIGN_ID, ID, MODIFIEDON, STATUS, PRIORITY]
Column names for DataMart Table --> STR_LEAD :: [BUSINESSUNIT_ID, CREATEDBY_ID, MASTER_ID, CREATEDON, RECORD_UPDATE_DATE, CAMPAIGN_ID, ID, RECORD_CREATE_DATE, TENANT_TYPE, CUSTOMER_ID, STATUS, SUMMARY, ACTIVE_FLAG, ESTIMATE_ID, JOBTYPE_ID, PROJECT_ID, MODIFIEDON, IMPORTID, LOCATION_ID, MD5_VALUE, PRIORITY, ACTIVE, LATESTFOLLOWUPDATE]
Column names for Curated Table --> DIM_LEAD :: [PRIORITY, ESTIMATE_ID, MD5_VALUE, MODIFIEDON, TENANT_TYPE, RECORD_UPDATED_BY, CUSTOMER_ID, PROJECT_ID, RECORD_CREATE_DATE, IMPORTID, STATUS, ACTIVE, BUSINESSUNIT_ID, CAMPAIGN_ID, CREATEDON, JOBTYPE_ID, LOCATION_ID, RECORD_UPDATE_DATE, CREATEDBY_ID, ID, LATESTFOLLOWUPDATE, SUMMARY]
Column Name found in Datamart and Curated Table :: LOCATION_ID
Column Name found in Datamart and Curated Table :: SUMMARY
Column Name found in Datamart and Curated Table :: CREATEDON
Column Name found in Datamart and Curated Table :: LATESTFOLLOWUPDATE
Column Name found in Datamart and Curated Table :: ACTIVE
Column Name found in Datamart and Curated Table :: CREATEDBY_ID
Column Name found in Datamart and Curated Table :: BUSINESSUNIT_ID
Column Name found in Datamart and Curated Table :: ESTIMATE_ID
Column Name found in Datamart and Curated Table :: JOBTYPE_ID
Column Name found in Datamart and Curated Table :: PROJECT_ID
Column Name found in Datamart and Curated Table :: IMPORTID
Column Name found in Datamart and Curated Table :: CUSTOMER_ID
Column Name found in Datamart and Curated Table :: CAMPAIGN_ID
Column Name found in Datamart and Curated Table :: ID
Column Name found in Datamart and Curated Table :: MODIFIEDON
Column Name found in Datamart and Curated Table :: STATUS
Column Name found in Datamart and Curated Table :: PRIORITY
Datamart tables contains additional column name like [ACTIVE_FLAG, RECORD_CREATE_DATE, RECORD_UPDATE_DATE, RECORD_UPDATE_DATE, MASTER_ID, TENANT_TYPE]
Curated tables contains additional column name like [RECORD_CREATE_DATE, RECORD_UPDATE_DATE, RECORD_UPDATED_BY, TENANT_TYPE]]]>
  </system-out>
  <testcase classname="testcases.RAW_DATAMART_CURATED.SnowFlake_ColumnValidation_BKPTables" name="validateColumnName_BKP" time="2.660"/>
  <system-out>
    <![CDATA[Executing Snowflake query :: SELECT COLUMN_NAME FROM DEV_ENT_RAW.INFORMATION_SCHEMA.COLUMNS WHERE TABLE_NAME='SERVICE'and TABLE_SCHEMA='ST_CASTEEL_MATILLION'
Executing Snowflake query :: SELECT COLUMN_NAME FROM CURATED_DATAMART.INFORMATION_SCHEMA.COLUMNS WHERE TABLE_NAME='STR_SERVICE'and TABLE_SCHEMA='ST_BKP_CASTEEL'
Executing Snowflake query :: SELECT COLUMN_NAME FROM DEV_ENT_CURATED.INFORMATION_SCHEMA.COLUMNS WHERE TABLE_NAME='DIM_SERVICE'and TABLE_SCHEMA='MASTER_DIMENSIONS'
Column names for RAW Table --> SERVICE :: [ADDONMEMBERPRICE, ALLOWAPPLYTAGSTOENTITIES, COST, CREATEDBY_ID, CROSSSALEGROUP, ISOTTASK, MEMBERSHIPMONTHS, MEMBERSHIPTYPE_ID, RECURRINGSERVICETYPE_ID, DISPLAYNAME, MEMBERSHIPACTION, COMMISSIONBONUS, GENERATEDTAGTARGETS, MEMBERSHIP, NAME, SCHEDULEDFLATAMOUNT, WARRANTY_DESCRIPTION, SOURCEVERSION, MODIFIEDON, ACCOUNT, AVALARACOMMERCIALTAXCODE, ID, LOYALTYPROGRAMELIGIBLE, PURCHASEORDERLIMITS_REVENUEPERCENT, SOLDBYCOMMISSION, PAYSFLATAMOUNT, BASERATE3, MINIMUMLABORHOURS, BASERATE2, PRICE, WARRANTY_DURATION, COPIEDFROM_ID, IMAGES, AVALARARESIDENTIALTAXCODE, BONUS, DISPATCHFEE, MEMBERPRICE, ORIGINAL_ID, PAYSCOMMISSION, PAYSSOLDBYRATE, ALLOWDISCOUNTS, CATEGORY_ID, PAYTECHSPECIFICBONUS, WORKFLOWACTION_ID, MEMBERSHIPYEARS, ACTIVE, ADDONPRICE, CREATEDON, EXCLUDEFROMPRICEBOOKWIZARD, SOURCE, IMPORTID, SUPPLIERIMAGES, SYNCDATE, AUTOGLASSTYPE, ISTIMEANDMATERIAL, PURCHASEORDERLIMITS_FLATAMOUNT, ARCHIVED, QBITEMNAME, ADDONFLATAMOUNT, BASERATE1, BUSINESSUNIT_ID, EXTERNALID, GENERALLEDGERACCOUNT_ID, ISDEFERREDREVENUE, PROVIDER_ID, TAXABLE, DESCRIPTION, DISPLAYINAMOUNT, HOURS, NOTAX, ISLABOR]
Column names for DataMart Table --> STR_SERVICE :: [AVALARACOMMERCIALTAXCODE, BASERATE2, BUSINESSUNIT_ID, MODIFIEDON, PAYSCOMMISSION, GENERALLEDGERACCOUNT_ID, PAYTECHSPECIFICBONUS, ISOTTASK, ACTIVE, ACTIVE_FLAG, ALLOWDISCOUNTS, MEMBERSHIP, PROVIDER_ID, RECURRINGSERVICETYPE_ID, ARCHIVED, NAME, ADDONPRICE, ALLOWAPPLYTAGSTOENTITIES, BONUS, COST, CROSSSALEGROUP, EXTERNALID, GENERATEDTAGTARGETS, MEMBERSHIPTYPE_ID, MINIMUMLABORHOURS, HOURS, ISTIMEANDMATERIAL, RECORD_UPDATE_DATE, DESCRIPTION, TAXABLE, CREATEDBY_ID, DISPATCHFEE, DISPLAYINAMOUNT, DISPLAYNAME, ISDEFERREDREVENUE, SOLDBYCOMMISSION, SOURCEVERSION, SUPPLIERIMAGES, ORIGINAL_ID, QBITEMNAME, WORKFLOWACTION_ID, LOYALTYPROGRAMELIGIBLE, MEMBERSHIPACTION, PAYSSOLDBYRATE, ADDONMEMBERPRICE, AVALARARESIDENTIALTAXCODE, COMMISSIONBONUS, MEMBERSHIPMONTHS, ADDONFLATAMOUNT, PURCHASEORDERLIMITS_FLATAMOUNT, SYNCDATE, RECORD_CREATE_DATE, SOURCE, NOTAX, CATEGORY_ID, CREATEDON, EXCLUDEFROMPRICEBOOKWIZARD, IMAGES, PAYSFLATAMOUNT, PRICE, ACCOUNT, AUTOGLASSTYPE, BASERATE1, BASERATE3, COPIEDFROM_ID, ID, IMPORTID, ISLABOR, MASTER_ID, MEMBERPRICE, SCHEDULEDFLATAMOUNT, PURCHASEORDERLIMITS_REVENUEPERCENT, WARRANTY_DURATION, MEMBERSHIPYEARS, WARRANTY_DESCRIPTION, TENANT_TYPE]
Column names for Curated Table --> DIM_SERVICE :: [ACCOUNT, ALLOWDISCOUNTS, BASERATE3, DESCRIPTION, DISPATCHFEE, ISOTTASK, MEMBERSHIP, SOLDBYCOMMISSION, DISPLAYNAME, AUTOGLASSTYPE, AVALARACOMMERCIALTAXCODE, BUSINESSUNIT_ID, COMMISSIONBONUS, NOTAX, EXTERNALID, PRICE, CATEGORY_ID, CREATEDON, CROSSSALEGROUP, MEMBERSHIPYEARS, PAYSFLATAMOUNT, PAYSSOLDBYRATE, WARRANTY_DURATION, MODIFIEDON, RECORD_CREATE_DATE, TAXABLE, MEMBERSHIPACTION, ADDONMEMBERPRICE, BONUS, COPIEDFROM_ID, ISDEFERREDREVENUE, SOURCE, ARCHIVED, BASERATE1, PURCHASEORDERLIMITS_REVENUEPERCENT, RECURRINGSERVICETYPE_ID, SOURCEVERSION, ALLOWAPPLYTAGSTOENTITIES, AVALARARESIDENTIALTAXCODE, DISPLAYINAMOUNT, GENERATEDTAGTARGETS, ISTIMEANDMATERIAL, PROVIDER_ID, ADDONFLATAMOUNT, COST, GENERALLEDGERACCOUNT_ID, MEMBERSHIPTYPE_ID, QBITEMNAME, WARRANTY_DESCRIPTION, EXCLUDEFROMPRICEBOOKWIZARD, ID, IMAGES, RECORD_UPDATED_BY, RECORD_UPDATE_DATE, NAME, ACTIVE, ADDONPRICE, LOYALTYPROGRAMELIGIBLE, PAYTECHSPECIFICBONUS, SUPPLIERIMAGES, HOURS, IMPORTID, MINIMUMLABORHOURS, PAYSCOMMISSION, WORKFLOWACTION_ID, MEMBERPRICE, BASERATE2, CREATEDBY_ID, MEMBERSHIPMONTHS, ORIGINAL_ID, SYNCDATE, ISLABOR, PURCHASEORDERLIMITS_FLATAMOUNT, TENANT_TYPE, SCHEDULEDFLATAMOUNT]
Column Name found in Datamart and Curated Table :: ADDONMEMBERPRICE
Column Name found in Datamart and Curated Table :: ALLOWAPPLYTAGSTOENTITIES
Column Name found in Datamart and Curated Table :: COST
Column Name found in Datamart and Curated Table :: CREATEDBY_ID
Column Name found in Datamart and Curated Table :: CROSSSALEGROUP
Column Name found in Datamart and Curated Table :: ISOTTASK
Column Name found in Datamart and Curated Table :: MEMBERSHIPMONTHS
Column Name found in Datamart and Curated Table :: MEMBERSHIPTYPE_ID
Column Name found in Datamart and Curated Table :: RECURRINGSERVICETYPE_ID
Column Name found in Datamart and Curated Table :: DISPLAYNAME
Column Name found in Datamart and Curated Table :: MEMBERSHIPACTION
Column Name found in Datamart and Curated Table :: COMMISSIONBONUS
Column Name found in Datamart and Curated Table :: GENERATEDTAGTARGETS
Column Name found in Datamart and Curated Table :: MEMBERSHIP
Column Name found in Datamart and Curated Table :: NAME
Column Name found in Datamart and Curated Table :: SCHEDULEDFLATAMOUNT
Column Name found in Datamart and Curated Table :: WARRANTY_DESCRIPTION
Column Name found in Datamart and Curated Table :: SOURCEVERSION
Column Name found in Datamart and Curated Table :: MODIFIEDON
Column Name found in Datamart and Curated Table :: ACCOUNT
Column Name found in Datamart and Curated Table :: AVALARACOMMERCIALTAXCODE
Column Name found in Datamart and Curated Table :: ID
Column Name found in Datamart and Curated Table :: LOYALTYPROGRAMELIGIBLE
Column Name found in Datamart and Curated Table :: PURCHASEORDERLIMITS_REVENUEPERCENT
Column Name found in Datamart and Curated Table :: SOLDBYCOMMISSION
Column Name found in Datamart and Curated Table :: PAYSFLATAMOUNT
Column Name found in Datamart and Curated Table :: BASERATE3
Column Name found in Datamart and Curated Table :: MINIMUMLABORHOURS
Column Name found in Datamart and Curated Table :: BASERATE2
Column Name found in Datamart and Curated Table :: PRICE
Column Name found in Datamart and Curated Table :: WARRANTY_DURATION
Column Name found in Datamart and Curated Table :: COPIEDFROM_ID
Column Name found in Datamart and Curated Table :: IMAGES
Column Name found in Datamart and Curated Table :: AVALARARESIDENTIALTAXCODE
Column Name found in Datamart and Curated Table :: BONUS
Column Name found in Datamart and Curated Table :: DISPATCHFEE
Column Name found in Datamart and Curated Table :: MEMBERPRICE
Column Name found in Datamart and Curated Table :: ORIGINAL_ID
Column Name found in Datamart and Curated Table :: PAYSCOMMISSION
Column Name found in Datamart and Curated Table :: PAYSSOLDBYRATE
Column Name found in Datamart and Curated Table :: ALLOWDISCOUNTS
Column Name found in Datamart and Curated Table :: CATEGORY_ID
Column Name found in Datamart and Curated Table :: PAYTECHSPECIFICBONUS
Column Name found in Datamart and Curated Table :: WORKFLOWACTION_ID
Column Name found in Datamart and Curated Table :: MEMBERSHIPYEARS
Column Name found in Datamart and Curated Table :: ACTIVE
Column Name found in Datamart and Curated Table :: ADDONPRICE
Column Name found in Datamart and Curated Table :: CREATEDON
Column Name found in Datamart and Curated Table :: EXCLUDEFROMPRICEBOOKWIZARD
Column Name found in Datamart and Curated Table :: SOURCE
Column Name found in Datamart and Curated Table :: IMPORTID
Column Name found in Datamart and Curated Table :: SUPPLIERIMAGES
Column Name found in Datamart and Curated Table :: SYNCDATE
Column Name found in Datamart and Curated Table :: AUTOGLASSTYPE
Column Name found in Datamart and Curated Table :: ISTIMEANDMATERIAL
Column Name found in Datamart and Curated Table :: PURCHASEORDERLIMITS_FLATAMOUNT
Column Name found in Datamart and Curated Table :: ARCHIVED
Column Name found in Datamart and Curated Table :: QBITEMNAME
Column Name found in Datamart and Curated Table :: ADDONFLATAMOUNT
Column Name found in Datamart and Curated Table :: BASERATE1
Column Name found in Datamart and Curated Table :: BUSINESSUNIT_ID
Column Name found in Datamart and Curated Table :: EXTERNALID
Column Name found in Datamart and Curated Table :: GENERALLEDGERACCOUNT_ID
Column Name found in Datamart and Curated Table :: ISDEFERREDREVENUE
Column Name found in Datamart and Curated Table :: PROVIDER_ID
Column Name found in Datamart and Curated Table :: TAXABLE
Column Name found in Datamart and Curated Table :: DESCRIPTION
Column Name found in Datamart and Curated Table :: DISPLAYINAMOUNT
Column Name found in Datamart and Curated Table :: HOURS
Column Name found in Datamart and Curated Table :: NOTAX
Column Name found in Datamart and Curated Table :: ISLABOR
Datamart tables contains additional column name like [ACTIVE_FLAG, RECORD_CREATE_DATE, RECORD_UPDATE_DATE, RECORD_UPDATE_DATE, MASTER_ID, TENANT_TYPE]
Curated tables contains additional column name like [RECORD_CREATE_DATE, RECORD_UPDATE_DATE, RECORD_UPDATED_BY, TENANT_TYPE]]]>
  </system-out>
  <testcase classname="testcases.RAW_DATAMART_CURATED.SnowFlake_ColumnValidation_BKPTables" name="validateColumnName_BKP" time="2.666"/>
  <system-out>
    <![CDATA[Executing Snowflake query :: SELECT COLUMN_NAME FROM DEV_ENT_RAW.INFORMATION_SCHEMA.COLUMNS WHERE TABLE_NAME='INVOICEITEM'and TABLE_SCHEMA='ST_EANESHEATING_MATILLION'
Executing Snowflake query :: SELECT COLUMN_NAME FROM CURATED_DATAMART.INFORMATION_SCHEMA.COLUMNS WHERE TABLE_NAME='STR_INVOICEITEM'and TABLE_SCHEMA='ST_BKP_EANESHEATING'
Executing Snowflake query :: SELECT COLUMN_NAME FROM DEV_ENT_CURATED.INFORMATION_SCHEMA.COLUMNS WHERE TABLE_NAME='DIM_INVOICEITEM'and TABLE_SCHEMA='MASTER_DIMENSIONS'
Column names for RAW Table --> INVOICEITEM :: [ADDONFLATAMOUNT, INVENTORYWAREHOUSENAME, ISOTTASK, ISUNITPRICEMANUALLYSET, SOLDHOURS, TECHNICIAN_ID, PROCUREDFROMESTIMATEITEM_ID, SIGNATURE, STANDARDPRICE, COST, CREATEDBY_ID, EQUIPMENT_ID, INVENTORYBATCH_ID, ITEMGROUPNAME, ITEMGROUPROOT_ID, MODIFIEDON, PAYSFLATAMOUNT, UNITPRICE, TECHNICIANACKNOWLEDGEMENTSIGNATURE, PARENTITEM_ID, TECHNICIANSPLIT2, PROJECTLABELS, BASERATE2, BASERATE3, CROSSSALEGROUP, EXPORTID, ISINVENTORY, USEDMATERIAL_ID, ID, MARKUP, QUANTITY, TECHNICIANFORBASERATE2_ID, TOTAL, PROJECTORDER, ACTIVE, AUTOGLASSITEM_ID, DEDUCTASJOBCOST, ESTIMATEITEM_ID, PROCUREMENTSOURCE_REQUISITIONITEMID, SOLDBY_ID, TAXABLE, TECHNICIANSPLIT1, PROCUREMENTSOURCE_SOURCETYPE, SKU_ID, BUSINESSUNIT_ID, IMPORTID, PAYTECHSPECIFICBONUS, SKUNAME, HOURS, SOLDBYCOMMISSION, TECHNICIANFORBASERATE1_ID, SKUREFERENCE_SKUTYPE, CHARGEABLE, DATECREATED, GENERALLEDGERACCOUNT_ID, INVOICE_ID, MEMBERPRICE, ORDER, PAYSSOLDBYRATE, PROCUREMENTSOURCE_ESTIMATEITEMID, INVENTORYLOCATION_ID, MEMBERSHIPWORKFLOWACTION, NOTAX, TECHNICIANSPLIT3, TOTALCOST, ALLOWDISCOUNTS, BONUS, SKUREFERENCE_SKUID, COMMISSIONBONUS, DISPLAYINAMOUNT, PAYSCOMMISSION, PROCUREDFROM_ID, SOURCETYPE, TECHNICIANFORBASERATE3_ID, WORKFLOWACTION_ID, ISADDON, ACCOUNT, BASERATE1, COSTOFSALEACCOUNT_ID, CREATEDON, DESCRIPTION, PROCUREMENTSOURCE_PURCHASEORDERITEMID, INVENTORYSTATUS, LASTUNITPRICESETBYEMPLOYEE, SCHEDULEDFLATAMOUNT, PRICEMODIFIER_ID]
Column names for DataMart Table --> STR_INVOICEITEM :: [BUSINESSUNIT_ID, INVENTORYLOCATION_ID, INVENTORYWAREHOUSENAME, MARKUP, PARENTITEM_ID, SKUREFERENCE_SKUTYPE, TECHNICIANFORBASERATE1_ID, TECHNICIANSPLIT3, ITEMGROUPNAME, PROCUREDFROMESTIMATEITEM_ID, SKUREFERENCE_SKUID, SOLDBYCOMMISSION, TECHNICIAN_ID, WORKFLOWACTION_ID, UNITPRICE, ACTIVE, COST, DISPLAYINAMOUNT, PROCUREDFROM_ID, PROJECTORDER, TAXABLE, DEDUCTASJOBCOST, ID, SOLDHOURS, TECHNICIANSPLIT1, PROCUREMENTSOURCE_PURCHASEORDERITEMID, CREATEDON, PROCUREMENTSOURCE_SOURCETYPE, ALLOWDISCOUNTS, BASERATE2, DATECREATED, ISOTTASK, RECORD_CREATE_DATE, RECORD_UPDATE_DATE, PROCUREMENTSOURCE_ESTIMATEITEMID, SIGNATURE, SKUNAME, SKU_ID, SOURCETYPE, TECHNICIANFORBASERATE3_ID, TOTALCOST, TENANT_TYPE, BASERATE1, BASERATE3, ISADDON, ISINVENTORY, TOTAL, INVENTORYSTATUS, USEDMATERIAL_ID, MASTER_ID, PAYTECHSPECIFICBONUS, SOLDBY_ID, ACCOUNT, AUTOGLASSITEM_ID, CHARGEABLE, EXPORTID, IMPORTID, ISUNITPRICEMANUALLYSET, NOTAX, DESCRIPTION, EQUIPMENT_ID, MEMBERPRICE, ADDONFLATAMOUNT, CROSSSALEGROUP, ESTIMATEITEM_ID, INVOICE_ID, QUANTITY, TECHNICIANFORBASERATE2_ID, ITEMGROUPROOT_ID, ACTIVE_FLAG, GENERALLEDGERACCOUNT_ID, LASTUNITPRICESETBYEMPLOYEE, ORDER, PAYSCOMMISSION, PRICEMODIFIER_ID, HOURS, MODIFIEDON, PAYSSOLDBYRATE, SCHEDULEDFLATAMOUNT, TECHNICIANACKNOWLEDGEMENTSIGNATURE, CREATEDBY_ID, BONUS, COMMISSIONBONUS, COSTOFSALEACCOUNT_ID, MEMBERSHIPWORKFLOWACTION, PROJECTLABELS, TECHNICIANSPLIT2, INVENTORYBATCH_ID, STANDARDPRICE, PAYSFLATAMOUNT, PROCUREMENTSOURCE_REQUISITIONITEMID]
Column names for Curated Table --> DIM_INVOICEITEM :: [BASERATE2, COST, CROSSSALEGROUP, ISOTTASK, MEMBERPRICE, ORDER, QUANTITY, TOTALCOST, ISUNITPRICEMANUALLYSET, PARENTITEM_ID, PAYSSOLDBYRATE, PAYSCOMMISSION, GENERALLEDGERACCOUNT_ID, BASERATE1, INVENTORYBATCH_ID, INVOICE_ID, SKUREFERENCE_SKUID, BASERATE3, EXPORTID, ISINVENTORY, SKU_ID, INVENTORYSTATUS, SOLDHOURS, TECHNICIAN_ID, TECHNICIANFORBASERATE2_ID, ACCOUNT, ALLOWDISCOUNTS, COMMISSIONBONUS, CREATEDON, IMPORTID, ISADDON, PROCUREMENTSOURCE_SOURCETYPE, NOTAX, PROJECTLABELS, SOLDBY_ID, TECHNICIANFORBASERATE1_ID, TECHNICIANSPLIT1, PAYSFLATAMOUNT, UNITPRICE, BONUS, COSTOFSALEACCOUNT_ID, CREATEDBY_ID, DISPLAYINAMOUNT, PAYTECHSPECIFICBONUS, PRICEMODIFIER_ID, TECHNICIANACKNOWLEDGEMENTSIGNATURE, TECHNICIANSPLIT3, PROCUREMENTSOURCE_PURCHASEORDERITEMID, PROCUREMENTSOURCE_REQUISITIONITEMID, PROJECTORDER, DATECREATED, TECHNICIANFORBASERATE3_ID, ACTIVE, ADDONFLATAMOUNT, BUSINESSUNIT_ID, CHARGEABLE, EQUIPMENT_ID, INVENTORYLOCATION_ID, INVENTORYWAREHOUSENAME, ITEMGROUPNAME, ITEMGROUPROOT_ID, RECORD_UPDATE_DATE, MODIFIEDON, PROCUREDFROM_ID, SCHEDULEDFLATAMOUNT, PROCUREMENTSOURCE_ESTIMATEITEMID, TAXABLE, PROCUREDFROMESTIMATEITEM_ID, AUTOGLASSITEM_ID, HOURS, LASTUNITPRICESETBYEMPLOYEE, MARKUP, USEDMATERIAL_ID, MEMBERSHIPWORKFLOWACTION, SKUREFERENCE_SKUTYPE, SOLDBYCOMMISSION, SOURCETYPE, RECORD_UPDATED_BY, WORKFLOWACTION_ID, DEDUCTASJOBCOST, DESCRIPTION, ESTIMATEITEM_ID, STANDARDPRICE, TECHNICIANSPLIT2, TOTAL, ID, RECORD_CREATE_DATE, SIGNATURE, SKUNAME, TENANT_TYPE]
Column Name found in Datamart and Curated Table :: ADDONFLATAMOUNT
Column Name found in Datamart and Curated Table :: INVENTORYWAREHOUSENAME
Column Name found in Datamart and Curated Table :: ISOTTASK
Column Name found in Datamart and Curated Table :: ISUNITPRICEMANUALLYSET
Column Name found in Datamart and Curated Table :: SOLDHOURS
Column Name found in Datamart and Curated Table :: TECHNICIAN_ID
Column Name found in Datamart and Curated Table :: PROCUREDFROMESTIMATEITEM_ID
Column Name found in Datamart and Curated Table :: SIGNATURE
Column Name found in Datamart and Curated Table :: STANDARDPRICE
Column Name found in Datamart and Curated Table :: COST
Column Name found in Datamart and Curated Table :: CREATEDBY_ID
Column Name found in Datamart and Curated Table :: EQUIPMENT_ID
Column Name found in Datamart and Curated Table :: INVENTORYBATCH_ID
Column Name found in Datamart and Curated Table :: ITEMGROUPNAME
Column Name found in Datamart and Curated Table :: ITEMGROUPROOT_ID
Column Name found in Datamart and Curated Table :: MODIFIEDON
Column Name found in Datamart and Curated Table :: PAYSFLATAMOUNT
Column Name found in Datamart and Curated Table :: UNITPRICE
Column Name found in Datamart and Curated Table :: TECHNICIANACKNOWLEDGEMENTSIGNATURE
Column Name found in Datamart and Curated Table :: PARENTITEM_ID
Column Name found in Datamart and Curated Table :: TECHNICIANSPLIT2
Column Name found in Datamart and Curated Table :: PROJECTLABELS
Column Name found in Datamart and Curated Table :: BASERATE2
Column Name found in Datamart and Curated Table :: BASERATE3
Column Name found in Datamart and Curated Table :: CROSSSALEGROUP
Column Name found in Datamart and Curated Table :: EXPORTID
Column Name found in Datamart and Curated Table :: ISINVENTORY
Column Name found in Datamart and Curated Table :: USEDMATERIAL_ID
Column Name found in Datamart and Curated Table :: ID
Column Name found in Datamart and Curated Table :: MARKUP
Column Name found in Datamart and Curated Table :: QUANTITY
Column Name found in Datamart and Curated Table :: TECHNICIANFORBASERATE2_ID
Column Name found in Datamart and Curated Table :: TOTAL
Column Name found in Datamart and Curated Table :: PROJECTORDER
Column Name found in Datamart and Curated Table :: ACTIVE
Column Name found in Datamart and Curated Table :: AUTOGLASSITEM_ID
Column Name found in Datamart and Curated Table :: DEDUCTASJOBCOST
Column Name found in Datamart and Curated Table :: ESTIMATEITEM_ID
Column Name found in Datamart and Curated Table :: PROCUREMENTSOURCE_REQUISITIONITEMID
Column Name found in Datamart and Curated Table :: SOLDBY_ID
Column Name found in Datamart and Curated Table :: TAXABLE
Column Name found in Datamart and Curated Table :: TECHNICIANSPLIT1
Column Name found in Datamart and Curated Table :: PROCUREMENTSOURCE_SOURCETYPE
Column Name found in Datamart and Curated Table :: SKU_ID
Column Name found in Datamart and Curated Table :: BUSINESSUNIT_ID
Column Name found in Datamart and Curated Table :: IMPORTID
Column Name found in Datamart and Curated Table :: PAYTECHSPECIFICBONUS
Column Name found in Datamart and Curated Table :: SKUNAME
Column Name found in Datamart and Curated Table :: HOURS
Column Name found in Datamart and Curated Table :: SOLDBYCOMMISSION
Column Name found in Datamart and Curated Table :: TECHNICIANFORBASERATE1_ID
Column Name found in Datamart and Curated Table :: SKUREFERENCE_SKUTYPE
Column Name found in Datamart and Curated Table :: CHARGEABLE
Column Name found in Datamart and Curated Table :: DATECREATED
Column Name found in Datamart and Curated Table :: GENERALLEDGERACCOUNT_ID
Column Name found in Datamart and Curated Table :: INVOICE_ID
Column Name found in Datamart and Curated Table :: MEMBERPRICE
Column Name found in Datamart and Curated Table :: ORDER
Column Name found in Datamart and Curated Table :: PAYSSOLDBYRATE
Column Name found in Datamart and Curated Table :: PROCUREMENTSOURCE_ESTIMATEITEMID
Column Name found in Datamart and Curated Table :: INVENTORYLOCATION_ID
Column Name found in Datamart and Curated Table :: MEMBERSHIPWORKFLOWACTION
Column Name found in Datamart and Curated Table :: NOTAX
Column Name found in Datamart and Curated Table :: TECHNICIANSPLIT3
Column Name found in Datamart and Curated Table :: TOTALCOST
Column Name found in Datamart and Curated Table :: ALLOWDISCOUNTS
Column Name found in Datamart and Curated Table :: BONUS
Column Name found in Datamart and Curated Table :: SKUREFERENCE_SKUID
Column Name found in Datamart and Curated Table :: COMMISSIONBONUS
Column Name found in Datamart and Curated Table :: DISPLAYINAMOUNT
Column Name found in Datamart and Curated Table :: PAYSCOMMISSION
Column Name found in Datamart and Curated Table :: PROCUREDFROM_ID
Column Name found in Datamart and Curated Table :: SOURCETYPE
Column Name found in Datamart and Curated Table :: TECHNICIANFORBASERATE3_ID
Column Name found in Datamart and Curated Table :: WORKFLOWACTION_ID
Column Name found in Datamart and Curated Table :: ISADDON
Column Name found in Datamart and Curated Table :: ACCOUNT
Column Name found in Datamart and Curated Table :: BASERATE1
Column Name found in Datamart and Curated Table :: COSTOFSALEACCOUNT_ID
Column Name found in Datamart and Curated Table :: CREATEDON
Column Name found in Datamart and Curated Table :: DESCRIPTION
Column Name found in Datamart and Curated Table :: PROCUREMENTSOURCE_PURCHASEORDERITEMID
Column Name found in Datamart and Curated Table :: INVENTORYSTATUS
Column Name found in Datamart and Curated Table :: LASTUNITPRICESETBYEMPLOYEE
Column Name found in Datamart and Curated Table :: SCHEDULEDFLATAMOUNT
Column Name found in Datamart and Curated Table :: PRICEMODIFIER_ID
Datamart tables contains additional column name like [ACTIVE_FLAG, RECORD_CREATE_DATE, RECORD_UPDATE_DATE, RECORD_UPDATE_DATE, MASTER_ID, TENANT_TYPE]
Curated tables contains additional column name like [RECORD_CREATE_DATE, RECORD_UPDATE_DATE, RECORD_UPDATED_BY, TENANT_TYPE]]]>
  </system-out>
  <testcase classname="testcases.RAW_DATAMART_CURATED.SnowFlake_ColumnValidation_BKPTables" name="validateColumnName_BKP" time="2.193">
    <failure message="The following asserts failed:
	null" type="java.lang.AssertionError">
      <![CDATA[java.lang.AssertionError: The following asserts failed:
null
at org.testng.asserts.SoftAssert.assertAll(SoftAssert.java:47)
at org.testng.asserts.SoftAssert.assertAll(SoftAssert.java:31)
at testcases.RAW_DATAMART_CURATED.SnowFlake_ColumnValidation_BKPTables.validateColumnName_BKP(SnowFlake_ColumnValidation_BKPTables.java:120)
at jdk.internal.reflect.GeneratedMethodAccessor38.invoke(Unknown Source)
at java.base/jdk.internal.reflect.DelegatingMethodAccessorImpl.invoke(DelegatingMethodAccessorImpl.java:43)
at java.base/java.lang.reflect.Method.invoke(Method.java:568)
at org.testng.internal.MethodInvocationHelper.invokeMethod(MethodInvocationHelper.java:133)
at org.testng.internal.TestInvoker.invokeMethod(TestInvoker.java:598)
at org.testng.internal.TestInvoker.invokeTestMethod(TestInvoker.java:173)
at org.testng.internal.MethodRunner.runInSequence(MethodRunner.java:46)
at org.testng.internal.TestInvoker$MethodInvocationAgent.invoke(TestInvoker.java:824)
at org.testng.internal.TestInvoker.invokeTestMethods(TestInvoker.java:146)
at org.testng.internal.TestMethodWorker.invokeTestMethods(TestMethodWorker.java:146)
at org.testng.internal.TestMethodWorker.run(TestMethodWorker.java:128)
at java.base/java.util.ArrayList.forEach(ArrayList.java:1511)
at org.testng.TestRunner.privateRun(TestRunner.java:794)
at org.testng.TestRunner.run(TestRunner.java:596)
at org.testng.SuiteRunner.runTest(SuiteRunner.java:377)
at org.testng.SuiteRunner.runSequentially(SuiteRunner.java:371)
at org.testng.SuiteRunner.privateRun(SuiteRunner.java:332)
at org.testng.SuiteRunner.run(SuiteRunner.java:276)
at org.testng.SuiteRunnerWorker.runSuite(SuiteRunnerWorker.java:53)
at org.testng.SuiteRunnerWorker.run(SuiteRunnerWorker.java:96)
at org.testng.TestNG.runSuitesSequentially(TestNG.java:1212)
at org.testng.TestNG.runSuitesLocally(TestNG.java:1134)
at org.testng.TestNG.runSuites(TestNG.java:1063)
at org.testng.TestNG.run(TestNG.java:1031)
at org.testng.remote.AbstractRemoteTestNG.run(AbstractRemoteTestNG.java:115)
at org.testng.remote.RemoteTestNG.initAndRun(RemoteTestNG.java:251)
at org.testng.remote.RemoteTestNG.main(RemoteTestNG.java:77)
]]>
    </failure>
  </testcase> <!-- validateColumnName_BKP -->
  <system-out>
    <![CDATA[Executing Snowflake query :: SELECT COLUMN_NAME FROM DEV_ENT_RAW.INFORMATION_SCHEMA.COLUMNS WHERE TABLE_NAME='JOBTYPE'and TABLE_SCHEMA='ST_HARP_MATILLION'
Executing Snowflake query :: SELECT COLUMN_NAME FROM CURATED_DATAMART.INFORMATION_SCHEMA.COLUMNS WHERE TABLE_NAME='STR_JOBTYPE'and TABLE_SCHEMA='ST_BKP_HARP'
Executing Snowflake query :: SELECT COLUMN_NAME FROM DEV_ENT_CURATED.INFORMATION_SCHEMA.COLUMNS WHERE TABLE_NAME='DIM_JOBTYPE'and TABLE_SCHEMA='MASTER_DIMENSIONS'
Column names for RAW Table --> JOBTYPE :: [ENFORCERECURRINGSERVICEEVENTSELECTION, COMPSTANDARDRATE, COMPOVERTIMERATE, IMAGE, COMPDOUBLEOVERTIMERATE, DURATION, ISTUNEUP, IMPORTID, ACTIVE, CREATEDBY_ID, CREATEDON, ID, ISSMARTDISPATCHEDBYDEFAULTINAPI, SOLDTHRESHOLD, MAXIMUMMATERIALCOSTINPERCENT, CLASS, NOCHARGE, PROJECTEDVALUEADJUSTMENT, MINIMUMMATERIALCOSTINPERCENT, ISAUTODISPATCHED, PRIORITY, LIKELIHOOD, PROJECTLABELS, COMPCODE, NAME, SUMMARY, MODIFIEDON]
Column names for DataMart Table --> STR_JOBTYPE :: [COMPOVERTIMERATE, RECORD_UPDATE_DATE, SUMMARY, TENANT_TYPE, ENFORCERECURRINGSERVICEEVENTSELECTION, ACTIVE, IMPORTID, NAME, COMPCODE, CREATEDON, DURATION, MASTER_ID, COMPDOUBLEOVERTIMERATE, COMPSTANDARDRATE, ISAUTODISPATCHED, PROJECTLABELS, CLASS, CREATEDBY_ID, MINIMUMMATERIALCOSTINPERCENT, MODIFIEDON, NOCHARGE, SOLDTHRESHOLD, ISTUNEUP, PRIORITY, PROJECTEDVALUEADJUSTMENT, ACTIVE_FLAG, MAXIMUMMATERIALCOSTINPERCENT, RECORD_CREATE_DATE, ID, IMAGE, LIKELIHOOD]
Column names for Curated Table --> DIM_JOBTYPE :: [COMPOVERTIMERATE, PROJECTLABELS, RECORD_UPDATED_BY, MAXIMUMMATERIALCOSTINPERCENT, SUMMARY, NAME, COMPDOUBLEOVERTIMERATE, CREATEDBY_ID, DURATION, ISAUTODISPATCHED, RECORD_UPDATE_DATE, COMPSTANDARDRATE, NOCHARGE, IMPORTID, TENANT_TYPE, ACTIVE, ENFORCERECURRINGSERVICEEVENTSELECTION, ID, ISTUNEUP, CLASS, COMPCODE, MINIMUMMATERIALCOSTINPERCENT, PRIORITY, CREATEDON, LIKELIHOOD, RECORD_CREATE_DATE, SOLDTHRESHOLD, IMAGE, MODIFIEDON, PROJECTEDVALUEADJUSTMENT]
Column Name found in Datamart and Curated Table :: ENFORCERECURRINGSERVICEEVENTSELECTION
Column Name found in Datamart and Curated Table :: COMPSTANDARDRATE
Column Name found in Datamart and Curated Table :: COMPOVERTIMERATE
Column Name found in Datamart and Curated Table :: IMAGE
Column Name found in Datamart and Curated Table :: COMPDOUBLEOVERTIMERATE
Column Name found in Datamart and Curated Table :: DURATION
Column Name found in Datamart and Curated Table :: ISTUNEUP
Column Name found in Datamart and Curated Table :: IMPORTID
Column Name found in Datamart and Curated Table :: ACTIVE
Column Name found in Datamart and Curated Table :: CREATEDBY_ID
Column Name found in Datamart and Curated Table :: CREATEDON
Column Name found in Datamart and Curated Table :: ID
Column Name not found in Datamart and Curated Table :: ISSMARTDISPATCHEDBYDEFAULTINAPI
Column Name found in Datamart and Curated Table :: SOLDTHRESHOLD
Column Name found in Datamart and Curated Table :: MAXIMUMMATERIALCOSTINPERCENT
Column Name found in Datamart and Curated Table :: CLASS
Column Name found in Datamart and Curated Table :: NOCHARGE
Column Name found in Datamart and Curated Table :: PROJECTEDVALUEADJUSTMENT
Column Name found in Datamart and Curated Table :: MINIMUMMATERIALCOSTINPERCENT
Column Name found in Datamart and Curated Table :: ISAUTODISPATCHED
Column Name found in Datamart and Curated Table :: PRIORITY
Column Name found in Datamart and Curated Table :: LIKELIHOOD
Column Name found in Datamart and Curated Table :: PROJECTLABELS
Column Name found in Datamart and Curated Table :: COMPCODE
Column Name found in Datamart and Curated Table :: NAME
Column Name found in Datamart and Curated Table :: SUMMARY
Column Name found in Datamart and Curated Table :: MODIFIEDON
Datamart tables contains additional column name like [ACTIVE_FLAG, RECORD_CREATE_DATE, RECORD_UPDATE_DATE, RECORD_UPDATE_DATE, MASTER_ID, TENANT_TYPE]
Curated tables contains additional column name like [RECORD_CREATE_DATE, RECORD_UPDATE_DATE, RECORD_UPDATED_BY, TENANT_TYPE]]]>
  </system-out>
  <testcase classname="testcases.RAW_DATAMART_CURATED.SnowFlake_ColumnValidation_BKPTables" name="validateColumnName_BKP" time="2.024">
    <failure message="The following asserts failed:
	null" type="java.lang.AssertionError">
      <![CDATA[java.lang.AssertionError: The following asserts failed:
null
at org.testng.asserts.SoftAssert.assertAll(SoftAssert.java:47)
at org.testng.asserts.SoftAssert.assertAll(SoftAssert.java:31)
at testcases.RAW_DATAMART_CURATED.SnowFlake_ColumnValidation_BKPTables.validateColumnName_BKP(SnowFlake_ColumnValidation_BKPTables.java:120)
at jdk.internal.reflect.GeneratedMethodAccessor38.invoke(Unknown Source)
at java.base/jdk.internal.reflect.DelegatingMethodAccessorImpl.invoke(DelegatingMethodAccessorImpl.java:43)
at java.base/java.lang.reflect.Method.invoke(Method.java:568)
at org.testng.internal.MethodInvocationHelper.invokeMethod(MethodInvocationHelper.java:133)
at org.testng.internal.TestInvoker.invokeMethod(TestInvoker.java:598)
at org.testng.internal.TestInvoker.invokeTestMethod(TestInvoker.java:173)
at org.testng.internal.MethodRunner.runInSequence(MethodRunner.java:46)
at org.testng.internal.TestInvoker$MethodInvocationAgent.invoke(TestInvoker.java:824)
at org.testng.internal.TestInvoker.invokeTestMethods(TestInvoker.java:146)
at org.testng.internal.TestMethodWorker.invokeTestMethods(TestMethodWorker.java:146)
at org.testng.internal.TestMethodWorker.run(TestMethodWorker.java:128)
at java.base/java.util.ArrayList.forEach(ArrayList.java:1511)
at org.testng.TestRunner.privateRun(TestRunner.java:794)
at org.testng.TestRunner.run(TestRunner.java:596)
at org.testng.SuiteRunner.runTest(SuiteRunner.java:377)
at org.testng.SuiteRunner.runSequentially(SuiteRunner.java:371)
at org.testng.SuiteRunner.privateRun(SuiteRunner.java:332)
at org.testng.SuiteRunner.run(SuiteRunner.java:276)
at org.testng.SuiteRunnerWorker.runSuite(SuiteRunnerWorker.java:53)
at org.testng.SuiteRunnerWorker.run(SuiteRunnerWorker.java:96)
at org.testng.TestNG.runSuitesSequentially(TestNG.java:1212)
at org.testng.TestNG.runSuitesLocally(TestNG.java:1134)
at org.testng.TestNG.runSuites(TestNG.java:1063)
at org.testng.TestNG.run(TestNG.java:1031)
at org.testng.remote.AbstractRemoteTestNG.run(AbstractRemoteTestNG.java:115)
at org.testng.remote.RemoteTestNG.initAndRun(RemoteTestNG.java:251)
at org.testng.remote.RemoteTestNG.main(RemoteTestNG.java:77)
]]>
    </failure>
  </testcase> <!-- validateColumnName_BKP -->
  <system-out>
    <![CDATA[Executing Snowflake query :: SELECT COLUMN_NAME FROM DEV_ENT_RAW.INFORMATION_SCHEMA.COLUMNS WHERE TABLE_NAME='JOBTYPE'and TABLE_SCHEMA='ST_HDAIR_MATILLION'
Executing Snowflake query :: SELECT COLUMN_NAME FROM CURATED_DATAMART.INFORMATION_SCHEMA.COLUMNS WHERE TABLE_NAME='STR_JOBTYPE'and TABLE_SCHEMA='ST_BKP_HDAIR'
Executing Snowflake query :: SELECT COLUMN_NAME FROM DEV_ENT_CURATED.INFORMATION_SCHEMA.COLUMNS WHERE TABLE_NAME='DIM_JOBTYPE'and TABLE_SCHEMA='MASTER_DIMENSIONS'
Column names for RAW Table --> JOBTYPE :: [IMPORTID, PROJECTLABELS, ENFORCERECURRINGSERVICEEVENTSELECTION, DURATION, ISTUNEUP, SOLDTHRESHOLD, PROJECTEDVALUEADJUSTMENT, CREATEDBY_ID, NOCHARGE, MINIMUMMATERIALCOSTINPERCENT, NAME, PRIORITY, CLASS, COMPCODE, ISSMARTDISPATCHEDBYDEFAULTINAPI, MODIFIEDON, ID, MAXIMUMMATERIALCOSTINPERCENT, COMPOVERTIMERATE, ACTIVE, COMPDOUBLEOVERTIMERATE, COMPSTANDARDRATE, CREATEDON, LIKELIHOOD, ISAUTODISPATCHED, SUMMARY, IMAGE]
Column names for DataMart Table --> STR_JOBTYPE :: [COMPCODE, COMPDOUBLEOVERTIMERATE, PRIORITY, SOLDTHRESHOLD, CREATEDBY_ID, IMPORTID, MAXIMUMMATERIALCOSTINPERCENT, MINIMUMMATERIALCOSTINPERCENT, COMPOVERTIMERATE, CLASS, RECORD_CREATE_DATE, TENANT_TYPE, DURATION, ISAUTODISPATCHED, ISTUNEUP, MODIFIEDON, NAME, PROJECTEDVALUEADJUSTMENT, ACTIVE, MASTER_ID, LIKELIHOOD, CREATEDON, ENFORCERECURRINGSERVICEEVENTSELECTION, ID, IMAGE, RECORD_UPDATE_DATE, SUMMARY, ACTIVE_FLAG, COMPSTANDARDRATE, NOCHARGE, PROJECTLABELS]
Column names for Curated Table --> DIM_JOBTYPE :: [COMPOVERTIMERATE, PROJECTLABELS, RECORD_UPDATED_BY, MAXIMUMMATERIALCOSTINPERCENT, SUMMARY, NAME, COMPDOUBLEOVERTIMERATE, CREATEDBY_ID, DURATION, ISAUTODISPATCHED, RECORD_UPDATE_DATE, COMPSTANDARDRATE, NOCHARGE, IMPORTID, TENANT_TYPE, ACTIVE, ENFORCERECURRINGSERVICEEVENTSELECTION, ID, ISTUNEUP, CLASS, COMPCODE, MINIMUMMATERIALCOSTINPERCENT, PRIORITY, CREATEDON, LIKELIHOOD, RECORD_CREATE_DATE, SOLDTHRESHOLD, IMAGE, MODIFIEDON, PROJECTEDVALUEADJUSTMENT]
Column Name found in Datamart and Curated Table :: IMPORTID
Column Name found in Datamart and Curated Table :: PROJECTLABELS
Column Name found in Datamart and Curated Table :: ENFORCERECURRINGSERVICEEVENTSELECTION
Column Name found in Datamart and Curated Table :: DURATION
Column Name found in Datamart and Curated Table :: ISTUNEUP
Column Name found in Datamart and Curated Table :: SOLDTHRESHOLD
Column Name found in Datamart and Curated Table :: PROJECTEDVALUEADJUSTMENT
Column Name found in Datamart and Curated Table :: CREATEDBY_ID
Column Name found in Datamart and Curated Table :: NOCHARGE
Column Name found in Datamart and Curated Table :: MINIMUMMATERIALCOSTINPERCENT
Column Name found in Datamart and Curated Table :: NAME
Column Name found in Datamart and Curated Table :: PRIORITY
Column Name found in Datamart and Curated Table :: CLASS
Column Name found in Datamart and Curated Table :: COMPCODE
Column Name not found in Datamart and Curated Table :: ISSMARTDISPATCHEDBYDEFAULTINAPI
Column Name found in Datamart and Curated Table :: MODIFIEDON
Column Name found in Datamart and Curated Table :: ID
Column Name found in Datamart and Curated Table :: MAXIMUMMATERIALCOSTINPERCENT
Column Name found in Datamart and Curated Table :: COMPOVERTIMERATE
Column Name found in Datamart and Curated Table :: ACTIVE
Column Name found in Datamart and Curated Table :: COMPDOUBLEOVERTIMERATE
Column Name found in Datamart and Curated Table :: COMPSTANDARDRATE
Column Name found in Datamart and Curated Table :: CREATEDON
Column Name found in Datamart and Curated Table :: LIKELIHOOD
Column Name found in Datamart and Curated Table :: ISAUTODISPATCHED
Column Name found in Datamart and Curated Table :: SUMMARY
Column Name found in Datamart and Curated Table :: IMAGE
Datamart tables contains additional column name like [ACTIVE_FLAG, RECORD_CREATE_DATE, RECORD_UPDATE_DATE, RECORD_UPDATE_DATE, MASTER_ID, TENANT_TYPE]
Curated tables contains additional column name like [RECORD_CREATE_DATE, RECORD_UPDATE_DATE, RECORD_UPDATED_BY, TENANT_TYPE]]]>
  </system-out>
  <testcase classname="testcases.RAW_DATAMART_CURATED.SnowFlake_ColumnValidation_BKPTables" name="validateColumnName_BKP" time="2.459"/>
  <system-out>
    <![CDATA[Executing Snowflake query :: SELECT COLUMN_NAME FROM DEV_ENT_RAW.INFORMATION_SCHEMA.COLUMNS WHERE TABLE_NAME='LOCATION'and TABLE_SCHEMA='ST_CASTEEL_MATILLION'
Executing Snowflake query :: SELECT COLUMN_NAME FROM CURATED_DATAMART.INFORMATION_SCHEMA.COLUMNS WHERE TABLE_NAME='STR_LOCATION'and TABLE_SCHEMA='ST_BKP_CASTEEL'
Executing Snowflake query :: SELECT COLUMN_NAME FROM DEV_ENT_CURATED.INFORMATION_SCHEMA.COLUMNS WHERE TABLE_NAME='DIM_LOCATION'and TABLE_SCHEMA='MASTER_DIMENSIONS'
Column names for RAW Table --> LOCATION :: [AUTOLATITUDE, ESTIMATEDTAX, RECURRINGSERVICE_ACTIVATEDFROM, RECURRINGSERVICE_FROM, ZONE_ID, ADDRESS_ZIP, CREATEDON, RECURRINGSERVICE_ACTIVATEDBY, RECURRINGSERVICE_CANCELLATIONDATE, RECURRINGSERVICE_RECURRENCEINTERVAL, ID, MODIFIEDON, TAXEXEMPT, ISPREVAILINGWAGE, ADDRESS_CITY, ADDRESS_COUNTRY, AUTOLONGITUDE, AVALARAENTITYCODE, NAME, PREFERREDTECHNICIAN_ID, ACTIVE, ADDRESS_ISMANUALCOORDINATES, ADDRESS_ISMILITARY, ADDRESS_STREET, CREATEDBY_ID, RECURRINGSERVICE_MEMO, TAXABLE, ADDRESS_LATITUDE, ADDRESS_LONGITUDE, ADDRESS_UNIT, IMPORTID, NOCHARGE, SUMMARY, TAXZONE_ID, DONOTSENDTECHNICIAN_ID, ADDRESS_STATE, CUSTOMER_ID, RECURRINGSERVICE_TO, RECURRINGSERVICE_TYPE]
Column names for DataMart Table --> STR_LOCATION :: [ACTIVE_FLAG, ADDRESS_COUNTRY, ADDRESS_LATITUDE, AUTOLATITUDE, DONOTSENDTECHNICIAN_ID, NOCHARGE, RECORD_CREATE_DATE, ADDRESS_ISMILITARY, CREATEDON, RECURRINGSERVICE_CANCELLATIONDATE, RECURRINGSERVICE_MEMO, SUMMARY, TAXEXEMPT, TAXZONE_ID, RECURRINGSERVICE_RECURRENCEINTERVAL, AUTOLONGITUDE, RECURRINGSERVICE_ACTIVATEDFROM, ID, IMPORTID, NAME, RECURRINGSERVICE_FROM, CREATEDBY_ID, ESTIMATEDTAX, MODIFIEDON, RECORD_UPDATE_DATE, ADDRESS_CITY, ADDRESS_STREET, ADDRESS_ZIP, ADDRESS_ISMANUALCOORDINATES, ADDRESS_LONGITUDE, ADDRESS_STATE, RECURRINGSERVICE_ACTIVATEDBY, RECURRINGSERVICE_TYPE, ZONE_ID, TAXABLE, ACTIVE, AVALARAENTITYCODE, CUSTOMER_ID, ISPREVAILINGWAGE, MASTER_ID, PREFERREDTECHNICIAN_ID, TENANT_TYPE, ADDRESS_UNIT, RECURRINGSERVICE_TO]
Column names for Curated Table --> DIM_LOCATION :: [ADDRESS_UNIT, AUTOLONGITUDE, RECURRINGSERVICE_ACTIVATEDFROM, RECURRINGSERVICE_TO, TAXABLE, ADDRESS_CITY, ADDRESS_LATITUDE, IMPORTID, NAME, RECURRINGSERVICE_MEMO, ADDRESS_LONGITUDE, ADDRESS_STATE, ADDRESS_STREET, DONOTSENDTECHNICIAN_ID, MODIFIEDON, TAXZONE_ID, ADDRESS_ISMANUALCOORDINATES, ESTIMATEDTAX, ISPREVAILINGWAGE, RECURRINGSERVICE_ACTIVATEDBY, AUTOLATITUDE, RECORD_UPDATED_BY, RECORD_UPDATE_DATE, SUMMARY, CUSTOMER_ID, ZONE_ID, TENANT_TYPE, ADDRESS_COUNTRY, ADDRESS_ZIP, NOCHARGE, RECURRINGSERVICE_FROM, RECURRINGSERVICE_RECURRENCEINTERVAL, CREATEDON, RECORD_CREATE_DATE, AVALARAENTITYCODE, RECURRINGSERVICE_CANCELLATIONDATE, RECURRINGSERVICE_TYPE, PREFERREDTECHNICIAN_ID, ACTIVE, ADDRESS_ISMILITARY, CREATEDBY_ID, ID, TAXEXEMPT]
Column Name found in Datamart and Curated Table :: AUTOLATITUDE
Column Name found in Datamart and Curated Table :: ESTIMATEDTAX
Column Name found in Datamart and Curated Table :: RECURRINGSERVICE_ACTIVATEDFROM
Column Name found in Datamart and Curated Table :: RECURRINGSERVICE_FROM
Column Name found in Datamart and Curated Table :: ZONE_ID
Column Name found in Datamart and Curated Table :: ADDRESS_ZIP
Column Name found in Datamart and Curated Table :: CREATEDON
Column Name found in Datamart and Curated Table :: RECURRINGSERVICE_ACTIVATEDBY
Column Name found in Datamart and Curated Table :: RECURRINGSERVICE_CANCELLATIONDATE
Column Name found in Datamart and Curated Table :: RECURRINGSERVICE_RECURRENCEINTERVAL
Column Name found in Datamart and Curated Table :: ID
Column Name found in Datamart and Curated Table :: MODIFIEDON
Column Name found in Datamart and Curated Table :: TAXEXEMPT
Column Name found in Datamart and Curated Table :: ISPREVAILINGWAGE
Column Name found in Datamart and Curated Table :: ADDRESS_CITY
Column Name found in Datamart and Curated Table :: ADDRESS_COUNTRY
Column Name found in Datamart and Curated Table :: AUTOLONGITUDE
Column Name found in Datamart and Curated Table :: AVALARAENTITYCODE
Column Name found in Datamart and Curated Table :: NAME
Column Name found in Datamart and Curated Table :: PREFERREDTECHNICIAN_ID
Column Name found in Datamart and Curated Table :: ACTIVE
Column Name found in Datamart and Curated Table :: ADDRESS_ISMANUALCOORDINATES
Column Name found in Datamart and Curated Table :: ADDRESS_ISMILITARY
Column Name found in Datamart and Curated Table :: ADDRESS_STREET
Column Name found in Datamart and Curated Table :: CREATEDBY_ID
Column Name found in Datamart and Curated Table :: RECURRINGSERVICE_MEMO
Column Name found in Datamart and Curated Table :: TAXABLE
Column Name found in Datamart and Curated Table :: ADDRESS_LATITUDE
Column Name found in Datamart and Curated Table :: ADDRESS_LONGITUDE
Column Name found in Datamart and Curated Table :: ADDRESS_UNIT
Column Name found in Datamart and Curated Table :: IMPORTID
Column Name found in Datamart and Curated Table :: NOCHARGE
Column Name found in Datamart and Curated Table :: SUMMARY
Column Name found in Datamart and Curated Table :: TAXZONE_ID
Column Name found in Datamart and Curated Table :: DONOTSENDTECHNICIAN_ID
Column Name found in Datamart and Curated Table :: ADDRESS_STATE
Column Name found in Datamart and Curated Table :: CUSTOMER_ID
Column Name found in Datamart and Curated Table :: RECURRINGSERVICE_TO
Column Name found in Datamart and Curated Table :: RECURRINGSERVICE_TYPE
Datamart tables contains additional column name like [ACTIVE_FLAG, RECORD_CREATE_DATE, RECORD_UPDATE_DATE, RECORD_UPDATE_DATE, MASTER_ID, TENANT_TYPE]
Curated tables contains additional column name like [RECORD_CREATE_DATE, RECORD_UPDATE_DATE, RECORD_UPDATED_BY, TENANT_TYPE]]]>
  </system-out>
  <testcase classname="testcases.RAW_DATAMART_CURATED.SnowFlake_ColumnValidation_BKPTables" name="validateColumnName_BKP" time="2.670"/>
  <system-out>
    <![CDATA[Executing Snowflake query :: SELECT COLUMN_NAME FROM DEV_ENT_RAW.INFORMATION_SCHEMA.COLUMNS WHERE TABLE_NAME='MATERIAL'and TABLE_SCHEMA='ST_HENDERSON_MATILLION'
Executing Snowflake query :: SELECT COLUMN_NAME FROM CURATED_DATAMART.INFORMATION_SCHEMA.COLUMNS WHERE TABLE_NAME='STR_MATERIAL'and TABLE_SCHEMA='ST_BKP_HENDERSON'
Executing Snowflake query :: SELECT COLUMN_NAME FROM DEV_ENT_CURATED.INFORMATION_SCHEMA.COLUMNS WHERE TABLE_NAME='DIM_MATERIAL'and TABLE_SCHEMA='MASTER_DIMENSIONS'
Column names for RAW Table --> MATERIAL :: [ADDONMEMBERPRICE, ADDONPRICE, AVALARARESIDENTIALTAXCODE, DEDUCTASJOBCOST, HOURS, PRICE, PURCHASEORDERLIMITS_FLATAMOUNT, USEFIXEDMATERIALPRICE, INVENTORYENABLEDON, MEMBERPRICE, PRIMARYVENDOR_ID, SOURCE, SERIALIZEDON, ARCHIVED, COMMISSIONBONUS, CREATEDBY_ID, CREATEDON, CROSSSALEGROUP, DISPLAYNAME, PROVIDER_ID, SYNCDATE, ADDONFLATAMOUNT, NAME, ORIGINAL_ID, PAYSCOMMISSION, UNITOFMEASURE, NOTAX, ASSETACCOUNT_ID, DESCRIPTION, EXTERNALID, IMAGES, PURCHASEORDERLIMITS_REVENUEPERCENT, SUPPLIERIMAGES, BONUS, INVENTORYENABLEDBY_ID, ISSERIALIZED, ACCOUNT, AUTOGLASSTYPE, BUSINESSUNIT_ID, COST, COSTOFSALEACCOUNT_ID, SCHEDULEDFLATAMOUNT, ID, PAYSSOLDBYRATE, ACTIVE, AVALARACOMMERCIALTAXCODE, COPIEDFROM_ID, IMPORTID, SOURCEVERSION, SOLDBYCOMMISSION, GENERALLEDGERACCOUNT_ID, PAYSFLATAMOUNT, PAYTECHSPECIFICBONUS, CATEGORY_ID, LOYALTYPROGRAMELIGIBLE, DISPLAYINAMOUNT, EXCLUDEFROMPRICEBOOKWIZARD, ISINVENTORY, TAXABLE, MODIFIEDON]
Column names for DataMart Table --> STR_MATERIAL :: [ARCHIVED, COSTOFSALEACCOUNT_ID, EXCLUDEFROMPRICEBOOKWIZARD, ISINVENTORY, DEDUCTASJOBCOST, DISPLAYNAME, PAYSSOLDBYRATE, ASSETACCOUNT_ID, CREATEDON, PAYSCOMMISSION, PURCHASEORDERLIMITS_FLATAMOUNT, SOLDBYCOMMISSION, EXTERNALID, HOURS, SCHEDULEDFLATAMOUNT, USEFIXEDMATERIALPRICE, BUSINESSUNIT_ID, MEMBERPRICE, SOURCEVERSION, TAXABLE, ADDONFLATAMOUNT, INVENTORYENABLEDBY_ID, LOYALTYPROGRAMELIGIBLE, MASTER_ID, MODIFIEDON, NOTAX, SOURCE, SYNCDATE, ACCOUNT, ACTIVE, ADDONMEMBERPRICE, AVALARACOMMERCIALTAXCODE, COPIEDFROM_ID, IMAGES, ORIGINAL_ID, PAYTECHSPECIFICBONUS, CREATEDBY_ID, INVENTORYENABLEDON, TENANT_TYPE, GENERALLEDGERACCOUNT_ID, ACTIVE_FLAG, AVALARARESIDENTIALTAXCODE, BONUS, COMMISSIONBONUS, CROSSSALEGROUP, ID, PRICE, PROVIDER_ID, RECORD_UPDATE_DATE, UNITOFMEASURE, ADDONPRICE, AUTOGLASSTYPE, DISPLAYINAMOUNT, IMPORTID, ISSERIALIZED, RECORD_CREATE_DATE, CATEGORY_ID, COST, DESCRIPTION, NAME, PRIMARYVENDOR_ID, PURCHASEORDERLIMITS_REVENUEPERCENT, SERIALIZEDON, SUPPLIERIMAGES, PAYSFLATAMOUNT]
Column names for Curated Table --> DIM_MATERIAL :: [BUSINESSUNIT_ID, DEDUCTASJOBCOST, HOURS, MEMBERPRICE, MODIFIEDON, SCHEDULEDFLATAMOUNT, ARCHIVED, BONUS, COST, EXCLUDEFROMPRICEBOOKWIZARD, INVENTORYENABLEDON, SOURCE, ID, RECORD_UPDATED_BY, RECORD_UPDATE_DATE, ADDONPRICE, ASSETACCOUNT_ID, AVALARARESIDENTIALTAXCODE, DESCRIPTION, IMPORTID, ISSERIALIZED, PAYSSOLDBYRATE, ISINVENTORY, NOTAX, CREATEDBY_ID, PRIMARYVENDOR_ID, SERIALIZEDON, GENERALLEDGERACCOUNT_ID, RECORD_CREATE_DATE, CROSSSALEGROUP, SOLDBYCOMMISSION, ACTIVE, CATEGORY_ID, EXTERNALID, NAME, USEFIXEDMATERIALPRICE, INVENTORYENABLEDBY_ID, PAYTECHSPECIFICBONUS, PROVIDER_ID, PURCHASEORDERLIMITS_REVENUEPERCENT, SUPPLIERIMAGES, ACCOUNT, ADDONFLATAMOUNT, COMMISSIONBONUS, CREATEDON, PAYSCOMMISSION, DISPLAYINAMOUNT, SOURCEVERSION, COSTOFSALEACCOUNT_ID, DISPLAYNAME, IMAGES, ORIGINAL_ID, TAXABLE, COPIEDFROM_ID, UNITOFMEASURE, ADDONMEMBERPRICE, AUTOGLASSTYPE, AVALARACOMMERCIALTAXCODE, LOYALTYPROGRAMELIGIBLE, PRICE, PURCHASEORDERLIMITS_FLATAMOUNT, SYNCDATE, TENANT_TYPE, PAYSFLATAMOUNT]
Column Name found in Datamart and Curated Table :: ADDONMEMBERPRICE
Column Name found in Datamart and Curated Table :: ADDONPRICE
Column Name found in Datamart and Curated Table :: AVALARARESIDENTIALTAXCODE
Column Name found in Datamart and Curated Table :: DEDUCTASJOBCOST
Column Name found in Datamart and Curated Table :: HOURS
Column Name found in Datamart and Curated Table :: PRICE
Column Name found in Datamart and Curated Table :: PURCHASEORDERLIMITS_FLATAMOUNT
Column Name found in Datamart and Curated Table :: USEFIXEDMATERIALPRICE
Column Name found in Datamart and Curated Table :: INVENTORYENABLEDON
Column Name found in Datamart and Curated Table :: MEMBERPRICE
Column Name found in Datamart and Curated Table :: PRIMARYVENDOR_ID
Column Name found in Datamart and Curated Table :: SOURCE
Column Name found in Datamart and Curated Table :: SERIALIZEDON
Column Name found in Datamart and Curated Table :: ARCHIVED
Column Name found in Datamart and Curated Table :: COMMISSIONBONUS
Column Name found in Datamart and Curated Table :: CREATEDBY_ID
Column Name found in Datamart and Curated Table :: CREATEDON
Column Name found in Datamart and Curated Table :: CROSSSALEGROUP
Column Name found in Datamart and Curated Table :: DISPLAYNAME
Column Name found in Datamart and Curated Table :: PROVIDER_ID
Column Name found in Datamart and Curated Table :: SYNCDATE
Column Name found in Datamart and Curated Table :: ADDONFLATAMOUNT
Column Name found in Datamart and Curated Table :: NAME
Column Name found in Datamart and Curated Table :: ORIGINAL_ID
Column Name found in Datamart and Curated Table :: PAYSCOMMISSION
Column Name found in Datamart and Curated Table :: UNITOFMEASURE
Column Name found in Datamart and Curated Table :: NOTAX
Column Name found in Datamart and Curated Table :: ASSETACCOUNT_ID
Column Name found in Datamart and Curated Table :: DESCRIPTION
Column Name found in Datamart and Curated Table :: EXTERNALID
Column Name found in Datamart and Curated Table :: IMAGES
Column Name found in Datamart and Curated Table :: PURCHASEORDERLIMITS_REVENUEPERCENT
Column Name found in Datamart and Curated Table :: SUPPLIERIMAGES
Column Name found in Datamart and Curated Table :: BONUS
Column Name found in Datamart and Curated Table :: INVENTORYENABLEDBY_ID
Column Name found in Datamart and Curated Table :: ISSERIALIZED
Column Name found in Datamart and Curated Table :: ACCOUNT
Column Name found in Datamart and Curated Table :: AUTOGLASSTYPE
Column Name found in Datamart and Curated Table :: BUSINESSUNIT_ID
Column Name found in Datamart and Curated Table :: COST
Column Name found in Datamart and Curated Table :: COSTOFSALEACCOUNT_ID
Column Name found in Datamart and Curated Table :: SCHEDULEDFLATAMOUNT
Column Name found in Datamart and Curated Table :: ID
Column Name found in Datamart and Curated Table :: PAYSSOLDBYRATE
Column Name found in Datamart and Curated Table :: ACTIVE
Column Name found in Datamart and Curated Table :: AVALARACOMMERCIALTAXCODE
Column Name found in Datamart and Curated Table :: COPIEDFROM_ID
Column Name found in Datamart and Curated Table :: IMPORTID
Column Name found in Datamart and Curated Table :: SOURCEVERSION
Column Name found in Datamart and Curated Table :: SOLDBYCOMMISSION
Column Name found in Datamart and Curated Table :: GENERALLEDGERACCOUNT_ID
Column Name found in Datamart and Curated Table :: PAYSFLATAMOUNT
Column Name found in Datamart and Curated Table :: PAYTECHSPECIFICBONUS
Column Name found in Datamart and Curated Table :: CATEGORY_ID
Column Name found in Datamart and Curated Table :: LOYALTYPROGRAMELIGIBLE
Column Name found in Datamart and Curated Table :: DISPLAYINAMOUNT
Column Name found in Datamart and Curated Table :: EXCLUDEFROMPRICEBOOKWIZARD
Column Name found in Datamart and Curated Table :: ISINVENTORY
Column Name found in Datamart and Curated Table :: TAXABLE
Column Name found in Datamart and Curated Table :: MODIFIEDON
Datamart tables contains additional column name like [ACTIVE_FLAG, RECORD_CREATE_DATE, RECORD_UPDATE_DATE, RECORD_UPDATE_DATE, MASTER_ID, TENANT_TYPE]
Curated tables contains additional column name like [RECORD_CREATE_DATE, RECORD_UPDATE_DATE, RECORD_UPDATED_BY, TENANT_TYPE]]]>
  </system-out>
  <testcase classname="testcases.RAW_DATAMART_CURATED.SnowFlake_ColumnValidation_BKPTables" name="validateColumnName_BKP" time="2.396">
    <failure message="The following asserts failed:
	null" type="java.lang.AssertionError">
      <![CDATA[java.lang.AssertionError: The following asserts failed:
null
at org.testng.asserts.SoftAssert.assertAll(SoftAssert.java:47)
at org.testng.asserts.SoftAssert.assertAll(SoftAssert.java:31)
at testcases.RAW_DATAMART_CURATED.SnowFlake_ColumnValidation_BKPTables.validateColumnName_BKP(SnowFlake_ColumnValidation_BKPTables.java:120)
at jdk.internal.reflect.GeneratedMethodAccessor38.invoke(Unknown Source)
at java.base/jdk.internal.reflect.DelegatingMethodAccessorImpl.invoke(DelegatingMethodAccessorImpl.java:43)
at java.base/java.lang.reflect.Method.invoke(Method.java:568)
at org.testng.internal.MethodInvocationHelper.invokeMethod(MethodInvocationHelper.java:133)
at org.testng.internal.TestInvoker.invokeMethod(TestInvoker.java:598)
at org.testng.internal.TestInvoker.invokeTestMethod(TestInvoker.java:173)
at org.testng.internal.MethodRunner.runInSequence(MethodRunner.java:46)
at org.testng.internal.TestInvoker$MethodInvocationAgent.invoke(TestInvoker.java:824)
at org.testng.internal.TestInvoker.invokeTestMethods(TestInvoker.java:146)
at org.testng.internal.TestMethodWorker.invokeTestMethods(TestMethodWorker.java:146)
at org.testng.internal.TestMethodWorker.run(TestMethodWorker.java:128)
at java.base/java.util.ArrayList.forEach(ArrayList.java:1511)
at org.testng.TestRunner.privateRun(TestRunner.java:794)
at org.testng.TestRunner.run(TestRunner.java:596)
at org.testng.SuiteRunner.runTest(SuiteRunner.java:377)
at org.testng.SuiteRunner.runSequentially(SuiteRunner.java:371)
at org.testng.SuiteRunner.privateRun(SuiteRunner.java:332)
at org.testng.SuiteRunner.run(SuiteRunner.java:276)
at org.testng.SuiteRunnerWorker.runSuite(SuiteRunnerWorker.java:53)
at org.testng.SuiteRunnerWorker.run(SuiteRunnerWorker.java:96)
at org.testng.TestNG.runSuitesSequentially(TestNG.java:1212)
at org.testng.TestNG.runSuitesLocally(TestNG.java:1134)
at org.testng.TestNG.runSuites(TestNG.java:1063)
at org.testng.TestNG.run(TestNG.java:1031)
at org.testng.remote.AbstractRemoteTestNG.run(AbstractRemoteTestNG.java:115)
at org.testng.remote.RemoteTestNG.initAndRun(RemoteTestNG.java:251)
at org.testng.remote.RemoteTestNG.main(RemoteTestNG.java:77)
]]>
    </failure>
  </testcase> <!-- validateColumnName_BKP -->
  <system-out>
    <![CDATA[Executing Snowflake query :: SELECT COLUMN_NAME FROM DEV_ENT_RAW.INFORMATION_SCHEMA.COLUMNS WHERE TABLE_NAME='JOBAPPOINTMENT'and TABLE_SCHEMA='ST_HDAIR_MATILLION'
Executing Snowflake query :: SELECT COLUMN_NAME FROM CURATED_DATAMART.INFORMATION_SCHEMA.COLUMNS WHERE TABLE_NAME='STR_JOBAPPOINTMENT'and TABLE_SCHEMA='ST_BKP_HDAIR'
Executing Snowflake query :: SELECT COLUMN_NAME FROM DEV_ENT_CURATED.INFORMATION_SCHEMA.COLUMNS WHERE TABLE_NAME='DIM_JOBAPPOINTMENT'and TABLE_SCHEMA='MASTER_DIMENSIONS'
Column names for RAW Table --> JOBAPPOINTMENT :: [ID, MODIFIEDON, END, NUMBER, MONTHNUMBER, START, PLANSTART, SPECIALINSTRUCTIONS, CREATEDON, IMPORTID, ISUNUSED, SMARTDISPATCHDATA_JOBAPPOINTMENT, CREATEDBY_ID, ISCONFIRMED, PLANEND, ACTIVE, STATUS, JOB_ID]
Column names for DataMart Table --> STR_JOBAPPOINTMENT :: [ACTIVE, CREATEDBY_ID, ID, MASTER_ID, MODIFIEDON, PLANEND, ISUNUSED, JOB_ID, NUMBER, SMARTDISPATCHDATA_JOBAPPOINTMENT, ACTIVE_FLAG, CREATEDON, RECORD_UPDATE_DATE, IMPORTID, MONTHNUMBER, RECORD_CREATE_DATE, START, STATUS, END, TENANT_TYPE, ISCONFIRMED, PLANSTART]
Column names for Curated Table --> DIM_JOBAPPOINTMENT :: [END, SMARTDISPATCHDATA_JOBAPPOINTMENT, ACTIVE, CREATEDBY_ID, IMPORTID, ISUNUSED, START, ID, JOB_ID, MONTHNUMBER, PLANEND, RECORD_UPDATE_DATE, CREATEDON, RECORD_CREATE_DATE, TENANT_TYPE, PLANSTART, ISCONFIRMED, NUMBER, STATUS, MODIFIEDON, RECORD_UPDATED_BY]
Column Name found in Datamart and Curated Table :: ID
Column Name found in Datamart and Curated Table :: MODIFIEDON
Column Name found in Datamart and Curated Table :: END
Column Name found in Datamart and Curated Table :: NUMBER
Column Name found in Datamart and Curated Table :: MONTHNUMBER
Column Name found in Datamart and Curated Table :: START
Column Name found in Datamart and Curated Table :: PLANSTART
Column Name not found in Datamart and Curated Table :: SPECIALINSTRUCTIONS
Column Name found in Datamart and Curated Table :: CREATEDON
Column Name found in Datamart and Curated Table :: IMPORTID
Column Name found in Datamart and Curated Table :: ISUNUSED
Column Name found in Datamart and Curated Table :: SMARTDISPATCHDATA_JOBAPPOINTMENT
Column Name found in Datamart and Curated Table :: CREATEDBY_ID
Column Name found in Datamart and Curated Table :: ISCONFIRMED
Column Name found in Datamart and Curated Table :: PLANEND
Column Name found in Datamart and Curated Table :: ACTIVE
Column Name found in Datamart and Curated Table :: STATUS
Column Name found in Datamart and Curated Table :: JOB_ID
Datamart tables contains additional column name like [ACTIVE_FLAG, RECORD_CREATE_DATE, RECORD_UPDATE_DATE, RECORD_UPDATE_DATE, MASTER_ID, TENANT_TYPE]
Curated tables contains additional column name like [RECORD_CREATE_DATE, RECORD_UPDATE_DATE, RECORD_UPDATED_BY, TENANT_TYPE]]]>
  </system-out>
  <testcase classname="testcases.RAW_DATAMART_CURATED.SnowFlake_ColumnValidation_BKPTables" name="validateColumnName_BKP" time="3.201"/>
  <system-out>
    <![CDATA[Executing Snowflake query :: SELECT COLUMN_NAME FROM DEV_ENT_RAW.INFORMATION_SCHEMA.COLUMNS WHERE TABLE_NAME='TAG'and TABLE_SCHEMA='ST_GOLDMEDAL_MATILLION'
Executing Snowflake query :: SELECT COLUMN_NAME FROM CURATED_DATAMART.INFORMATION_SCHEMA.COLUMNS WHERE TABLE_NAME='STR_TAG'and TABLE_SCHEMA='ST_BKP_GOLDMEDAL'
Executing Snowflake query :: SELECT COLUMN_NAME FROM DEV_ENT_CURATED.INFORMATION_SCHEMA.COLUMNS WHERE TABLE_NAME='DIM_TAG'and TABLE_SCHEMA='MASTER_DIMENSIONS'
Column names for RAW Table --> TAG :: [CREATEDBY_ID, GENERATEDFOREXTERNAL, ACTIVE, MODIFIEDON, IMPORTID, MEMO, TYPE_ID, CREATEDON, OWNER_ID, REMOVEDON, GENERATEDFOR_ID, ID, REMOVEDBY_ID]
Column names for DataMart Table --> STR_TAG :: [MEMO, TENANT_TYPE, RECORD_CREATE_DATE, RECORD_UPDATE_DATE, GENERATEDFOR_ID, ID, MASTER_ID, REMOVEDON, SOURCE_PKEY_SPK, OWNER_ID, ACTIVE, CREATEDBY_ID, TYPE_ID, CREATEDON, IMPORTID, GENERATEDFOREXTERNAL, ACTIVE_FLAG, MODIFIEDON, REMOVEDBY_ID]
Column names for Curated Table --> DIM_TAG :: [ACTIVE_FLAG, RECORD_CREATE_DATE, CREATEDON, RECORD_UPDATE_DATE, SOURCE_PKEY_SPK, GENERATEDFOR_ID, GENERATEDFOREXTERNAL, TYPE_ID, ACTIVE, CREATEDBY_ID, ID, MODIFIEDON, OWNER_ID, REMOVEDBY_ID, REMOVEDON, MEMO, RECORD_UPDATED_BY, IMPORTID, TENANT_TYPE]
Column Name found in Datamart and Curated Table :: CREATEDBY_ID
Column Name found in Datamart and Curated Table :: GENERATEDFOREXTERNAL
Column Name found in Datamart and Curated Table :: ACTIVE
Column Name found in Datamart and Curated Table :: MODIFIEDON
Column Name found in Datamart and Curated Table :: IMPORTID
Column Name found in Datamart and Curated Table :: MEMO
Column Name found in Datamart and Curated Table :: TYPE_ID
Column Name found in Datamart and Curated Table :: CREATEDON
Column Name found in Datamart and Curated Table :: OWNER_ID
Column Name found in Datamart and Curated Table :: REMOVEDON
Column Name found in Datamart and Curated Table :: GENERATEDFOR_ID
Column Name found in Datamart and Curated Table :: ID
Column Name found in Datamart and Curated Table :: REMOVEDBY_ID
Datamart tables contains additional column name like [ACTIVE_FLAG, RECORD_CREATE_DATE, RECORD_UPDATE_DATE, RECORD_UPDATE_DATE, MASTER_ID, TENANT_TYPE]
Curated tables contains additional column name like [RECORD_CREATE_DATE, RECORD_UPDATE_DATE, RECORD_UPDATED_BY, TENANT_TYPE]]]>
  </system-out>
  <testcase classname="testcases.RAW_DATAMART_CURATED.SnowFlake_ColumnValidation_BKPTables" name="validateColumnName_BKP" time="4.389"/>
  <system-out>
    <![CDATA[Executing Snowflake query :: SELECT COLUMN_NAME FROM DEV_ENT_RAW.INFORMATION_SCHEMA.COLUMNS WHERE TABLE_NAME='EMPLOYEE'and TABLE_SCHEMA='ST_BILLFENWICK_MATILLION'
Executing Snowflake query :: SELECT COLUMN_NAME FROM CURATED_DATAMART.INFORMATION_SCHEMA.COLUMNS WHERE TABLE_NAME='STR_EMPLOYEE'and TABLE_SCHEMA='ST_BKP_BILLFENWICK'
Executing Snowflake query :: SELECT COLUMN_NAME FROM DEV_ENT_CURATED.INFORMATION_SCHEMA.COLUMNS WHERE TABLE_NAME='DIM_EMPLOYEE'and TABLE_SCHEMA='MASTER_DIMENSIONS'
Column names for RAW Table --> EMPLOYEE :: [AGENTID, EMAIL, PHONECONFIRMED, FIRSTNAME, ACTIVE, CREATEDBY_ID, CREATEDON, LASTNAME, MOBILEPHONECONFIRMED, POSITION, HOME_COUNTRY, ID, ISEXTERNAL, MIDDLENAME, MANAGER_ID, MOBILEPHONE, EMAILCONFIRMED, HOME_ISMANUALCOORDINATES, HOME_LONGITUDE, HOME_STREET, IMPORTID, ISEXCLUDEDFROMPAYROLL, CLOCKINOUTREMINDER, HOME_ISMILITARY, HOME_UNIT, OVERTIMEMODE, OVERTIMEPROFILE_ID, PAYFREQUENCY_ID, PHOTO, BIRTHDATE, HOURLYRATE, MODIFIEDON, STARTDATE, HOME_CITY, HOME_ZIP, PAYROLLSTARTPERIOD, USER_ID, PAYROLLBUSINESSUNIT_ID, SALESFORCEROLE, HOME_LATITUDE, HOME_STATE, PHONE, NAME, PAYROLLID, SALESFORCECONTACTID]
Column names for DataMart Table --> STR_EMPLOYEE :: [AGENTID, HOME_LONGITUDE, HOURLYRATE, MOBILEPHONE, PHONE, USER_ID, HOME_ZIP, TENANT_TYPE, PAYROLLID, ACTIVE_FLAG, EMAIL, IMPORTID, OVERTIMEMODE, PHONECONFIRMED, PHOTO, LASTNAME, NAME, SALESFORCEROLE, HOME_ISMILITARY, HOME_UNIT, OVERTIMEPROFILE_ID, PAYROLLSTARTPERIOD, CREATEDBY_ID, HOME_ISMANUALCOORDINATES, PAYROLLBUSINESSUNIT_ID, MODIFIEDON, MASTER_ID, FIRSTNAME, HOME_CITY, ISEXTERNAL, MANAGER_ID, RECORD_UPDATE_DATE, SALESFORCECONTACTID, HOME_COUNTRY, MIDDLENAME, POSITION, RECORD_CREATE_DATE, ACTIVE, BIRTHDATE, CLOCKINOUTREMINDER, CREATEDON, HOME_LATITUDE, HOME_STATE, HOME_STREET, ID, ISEXCLUDEDFROMPAYROLL, MOBILEPHONECONFIRMED, STARTDATE, EMAILCONFIRMED, PAYFREQUENCY_ID]
Column names for Curated Table --> DIM_EMPLOYEE :: [CREATEDON, EMAIL, HOME_COUNTRY, HOME_ISMILITARY, PAYROLLID, PHONECONFIRMED, PAYROLLSTARTPERIOD, STARTDATE, PHONE, EMAILCONFIRMED, MOBILEPHONE, PAYFREQUENCY_ID, USER_ID, HOME_STATE, ISEXTERNAL, SALESFORCEROLE, CLOCKINOUTREMINDER, OVERTIMEMODE, ACTIVE, FIRSTNAME, HOURLYRATE, ISEXCLUDEDFROMPAYROLL, PAYROLLBUSINESSUNIT_ID, SALESFORCECONTACTID, AGENTID, CREATEDBY_ID, MANAGER_ID, HOME_ZIP, ID, IMPORTID, MODIFIEDON, PHOTO, RECORD_CREATE_DATE, BIRTHDATE, HOME_LATITUDE, HOME_STREET, POSITION, MOBILEPHONECONFIRMED, RECORD_UPDATED_BY, HOME_CITY, HOME_ISMANUALCOORDINATES, HOME_LONGITUDE, HOME_UNIT, LASTNAME, MIDDLENAME, TENANT_TYPE, NAME, RECORD_UPDATE_DATE, OVERTIMEPROFILE_ID]
Column Name found in Datamart and Curated Table :: AGENTID
Column Name found in Datamart and Curated Table :: EMAIL
Column Name found in Datamart and Curated Table :: PHONECONFIRMED
Column Name found in Datamart and Curated Table :: FIRSTNAME
Column Name found in Datamart and Curated Table :: ACTIVE
Column Name found in Datamart and Curated Table :: CREATEDBY_ID
Column Name found in Datamart and Curated Table :: CREATEDON
Column Name found in Datamart and Curated Table :: LASTNAME
Column Name found in Datamart and Curated Table :: MOBILEPHONECONFIRMED
Column Name found in Datamart and Curated Table :: POSITION
Column Name found in Datamart and Curated Table :: HOME_COUNTRY
Column Name found in Datamart and Curated Table :: ID
Column Name found in Datamart and Curated Table :: ISEXTERNAL
Column Name found in Datamart and Curated Table :: MIDDLENAME
Column Name found in Datamart and Curated Table :: MANAGER_ID
Column Name found in Datamart and Curated Table :: MOBILEPHONE
Column Name found in Datamart and Curated Table :: EMAILCONFIRMED
Column Name found in Datamart and Curated Table :: HOME_ISMANUALCOORDINATES
Column Name found in Datamart and Curated Table :: HOME_LONGITUDE
Column Name found in Datamart and Curated Table :: HOME_STREET
Column Name found in Datamart and Curated Table :: IMPORTID
Column Name found in Datamart and Curated Table :: ISEXCLUDEDFROMPAYROLL
Column Name found in Datamart and Curated Table :: CLOCKINOUTREMINDER
Column Name found in Datamart and Curated Table :: HOME_ISMILITARY
Column Name found in Datamart and Curated Table :: HOME_UNIT
Column Name found in Datamart and Curated Table :: OVERTIMEMODE
Column Name found in Datamart and Curated Table :: OVERTIMEPROFILE_ID
Column Name found in Datamart and Curated Table :: PAYFREQUENCY_ID
Column Name found in Datamart and Curated Table :: PHOTO
Column Name found in Datamart and Curated Table :: BIRTHDATE
Column Name found in Datamart and Curated Table :: HOURLYRATE
Column Name found in Datamart and Curated Table :: MODIFIEDON
Column Name found in Datamart and Curated Table :: STARTDATE
Column Name found in Datamart and Curated Table :: HOME_CITY
Column Name found in Datamart and Curated Table :: HOME_ZIP
Column Name found in Datamart and Curated Table :: PAYROLLSTARTPERIOD
Column Name found in Datamart and Curated Table :: USER_ID
Column Name found in Datamart and Curated Table :: PAYROLLBUSINESSUNIT_ID
Column Name found in Datamart and Curated Table :: SALESFORCEROLE
Column Name found in Datamart and Curated Table :: HOME_LATITUDE
Column Name found in Datamart and Curated Table :: HOME_STATE
Column Name found in Datamart and Curated Table :: PHONE
Column Name found in Datamart and Curated Table :: NAME
Column Name found in Datamart and Curated Table :: PAYROLLID
Column Name found in Datamart and Curated Table :: SALESFORCECONTACTID
Datamart tables contains additional column name like [ACTIVE_FLAG, RECORD_CREATE_DATE, RECORD_UPDATE_DATE, RECORD_UPDATE_DATE, MASTER_ID, TENANT_TYPE]
Curated tables contains additional column name like [RECORD_CREATE_DATE, RECORD_UPDATE_DATE, RECORD_UPDATED_BY, TENANT_TYPE]]]>
  </system-out>
  <testcase classname="testcases.RAW_DATAMART_CURATED.SnowFlake_ColumnValidation_BKPTables" name="validateColumnName_BKP" time="2.945"/>
  <system-out>
    <![CDATA[Executing Snowflake query :: SELECT COLUMN_NAME FROM DEV_ENT_RAW.INFORMATION_SCHEMA.COLUMNS WHERE TABLE_NAME='SKUASSET'and TABLE_SCHEMA='ST_HARP_MATILLION'
Executing Snowflake query :: SELECT COLUMN_NAME FROM CURATED_DATAMART.INFORMATION_SCHEMA.COLUMNS WHERE TABLE_NAME='STR_SKUASSET'and TABLE_SCHEMA='ST_BKP_HARP'
Executing Snowflake query :: SELECT COLUMN_NAME FROM DEV_ENT_CURATED.INFORMATION_SCHEMA.COLUMNS WHERE TABLE_NAME='DIM_SKUASSET'and TABLE_SCHEMA='MASTER_DIMENSIONS'
Column names for RAW Table --> SKUASSET :: [ORIGINALNAME, CREATEDBY_ID, ACTIVE, CREATEDON, EXTERNALURL, ISEXTERNAL, METADATA, OWNER_ID, TYPE, URL, ALIAS, ID, IMPORTID]
Column names for DataMart Table --> STR_SKUASSET :: [CREATEDON, ID, ISEXTERNAL, TYPE, ALIAS, EXTERNALURL, IMPORTID, OWNER_ID, URL, MASTER_ID, ORIGINALNAME, TENANT_TYPE, CREATEDBY_ID, RECORD_CREATE_DATE, METADATA, ACTIVE, ACTIVE_FLAG, RECORD_UPDATE_DATE]
Column names for Curated Table --> DIM_SKUASSET :: [EXTERNALURL, ORIGINALNAME, TENANT_TYPE, RECORD_UPDATE_DATE, ID, ISEXTERNAL, RECORD_CREATE_DATE, ALIAS, CREATEDON, RECORD_UPDATED_BY, TYPE, ACTIVE, CREATEDBY_ID, OWNER_ID, METADATA, URL, IMPORTID]
Column Name found in Datamart and Curated Table :: ORIGINALNAME
Column Name found in Datamart and Curated Table :: CREATEDBY_ID
Column Name found in Datamart and Curated Table :: ACTIVE
Column Name found in Datamart and Curated Table :: CREATEDON
Column Name found in Datamart and Curated Table :: EXTERNALURL
Column Name found in Datamart and Curated Table :: ISEXTERNAL
Column Name found in Datamart and Curated Table :: METADATA
Column Name found in Datamart and Curated Table :: OWNER_ID
Column Name found in Datamart and Curated Table :: TYPE
Column Name found in Datamart and Curated Table :: URL
Column Name found in Datamart and Curated Table :: ALIAS
Column Name found in Datamart and Curated Table :: ID
Column Name found in Datamart and Curated Table :: IMPORTID
Datamart tables contains additional column name like [ACTIVE_FLAG, RECORD_CREATE_DATE, RECORD_UPDATE_DATE, RECORD_UPDATE_DATE, MASTER_ID, TENANT_TYPE]
Curated tables contains additional column name like [RECORD_CREATE_DATE, RECORD_UPDATE_DATE, RECORD_UPDATED_BY, TENANT_TYPE]]]>
  </system-out>
  <testcase classname="testcases.RAW_DATAMART_CURATED.SnowFlake_ColumnValidation_BKPTables" name="validateColumnName_BKP" time="2.353"/>
  <system-out>
    <![CDATA[Executing Snowflake query :: SELECT COLUMN_NAME FROM DEV_ENT_RAW.INFORMATION_SCHEMA.COLUMNS WHERE TABLE_NAME='TIMESHEETCODE'and TABLE_SCHEMA='ST_EANESHEATING_MATILLION'
Executing Snowflake query :: SELECT COLUMN_NAME FROM CURATED_DATAMART.INFORMATION_SCHEMA.COLUMNS WHERE TABLE_NAME='STR_TIMESHEETCODE'and TABLE_SCHEMA='ST_BKP_EANESHEATING'
Executing Snowflake query :: SELECT COLUMN_NAME FROM DEV_ENT_CURATED.INFORMATION_SCHEMA.COLUMNS WHERE TABLE_NAME='DIM_TIMESHEETCODE'and TABLE_SCHEMA='MASTER_DIMENSIONS'
Column names for RAW Table --> TIMESHEETCODE :: [ADDRESS_ISMANUALCOORDINATES, ADDRESS_STREET, SENDALERTSONMOBILE, ADDRESS_COUNTRY, ADDRESS_UNIT, EVENTNAME, PAYROLLPOSTINGGROUP_ID, ADDRESS_LONGITUDE, CUSTOMHOURLYRATE, ISAUTOCLOCKINENABLED, STPAYCODE, CREATEDON, ADDRESS_CITY, DOUBLEOVERTIMEPAYCODE_ID, OVERTIMEPAYCODE_ID, VISIBILITY, ADDRESS_ISMILITARY, ENABLESIMPLECLOCKINOUT, ACTIVE, ADDRESS_STATE, DESCRIPTION, ADDRESS_LATITUDE, APPLICABLEEMPLOYEETYPE, BUSINESSUNIT_ID, CODE, HOURLYRATE, TYPE, CREATEDBY_ID, GEOFENCECLOCKINMODE, ISDEFAULTSHOPTIME, ADDRESS_ZIP, DEDUCTCOMMUTETIME, EXCLUDEABSENTEVENT, ROUTEAROUNDNJA, RATEMULTIPLIER, STANDARDPAYROLLCONTROLCODE_ID, ID, IMPORTID, COUNTONJOBCOUNTER, STANDARDPAYCODE_ID, OTPAYCODE, OVERTIMEPAYROLLCONTROLCODE_ID]
Column names for DataMart Table --> STR_TIMESHEETCODE :: [ADDRESS_COUNTRY, ADDRESS_LATITUDE, ADDRESS_UNIT, ISDEFAULTSHOPTIME, RATEMULTIPLIER, STANDARDPAYCODE_ID, ENABLESIMPLECLOCKINOUT, IMPORTID, RECORD_UPDATE_DATE, DEDUCTCOMMUTETIME, EVENTNAME, ADDRESS_STREET, DESCRIPTION, ADDRESS_ZIP, ID, STPAYCODE, TYPE, ISAUTOCLOCKINENABLED, ADDRESS_ISMILITARY, CREATEDBY_ID, DOUBLEOVERTIMEPAYCODE_ID, ADDRESS_CITY, OTPAYCODE, SENDALERTSONMOBILE, STANDARDPAYROLLCONTROLCODE_ID, EXCLUDEABSENTEVENT, VISIBILITY, ADDRESS_ISMANUALCOORDINATES, ADDRESS_STATE, BUSINESSUNIT_ID, COUNTONJOBCOUNTER, MASTER_ID, APPLICABLEEMPLOYEETYPE, CUSTOMHOURLYRATE, HOURLYRATE, ACTIVE_FLAG, ADDRESS_LONGITUDE, OVERTIMEPAYCODE_ID, PAYROLLPOSTINGGROUP_ID, GEOFENCECLOCKINMODE, OVERTIMEPAYROLLCONTROLCODE_ID, ACTIVE, CODE, CREATEDON, RECORD_CREATE_DATE, ROUTEAROUNDNJA, TENANT_TYPE]
Column names for Curated Table --> DIM_TIMESHEETCODE :: [ADDRESS_STREET, ADDRESS_ZIP, CUSTOMHOURLYRATE, DOUBLEOVERTIMEPAYCODE_ID, ENABLESIMPLECLOCKINOUT, DESCRIPTION, ADDRESS_ISMANUALCOORDINATES, ADDRESS_LONGITUDE, IMPORTID, CREATEDON, DEDUCTCOMMUTETIME, ID, ADDRESS_LATITUDE, CREATEDBY_ID, GEOFENCECLOCKINMODE, ROUTEAROUNDNJA, HOURLYRATE, RECORD_UPDATED_BY, RECORD_UPDATE_DATE, ADDRESS_UNIT, CODE, STANDARDPAYCODE_ID, OTPAYCODE, STPAYCODE, APPLICABLEEMPLOYEETYPE, OVERTIMEPAYCODE_ID, RATEMULTIPLIER, STANDARDPAYROLLCONTROLCODE_ID, EXCLUDEABSENTEVENT, PAYROLLPOSTINGGROUP_ID, TYPE, VISIBILITY, OVERTIMEPAYROLLCONTROLCODE_ID, ADDRESS_ISMILITARY, ADDRESS_STATE, ISDEFAULTSHOPTIME, ACTIVE, ADDRESS_CITY, BUSINESSUNIT_ID, COUNTONJOBCOUNTER, EVENTNAME, SENDALERTSONMOBILE, ADDRESS_COUNTRY, ISAUTOCLOCKINENABLED, TENANT_TYPE, RECORD_CREATE_DATE]
Column Name found in Datamart and Curated Table :: ADDRESS_ISMANUALCOORDINATES
Column Name found in Datamart and Curated Table :: ADDRESS_STREET
Column Name found in Datamart and Curated Table :: SENDALERTSONMOBILE
Column Name found in Datamart and Curated Table :: ADDRESS_COUNTRY
Column Name found in Datamart and Curated Table :: ADDRESS_UNIT
Column Name found in Datamart and Curated Table :: EVENTNAME
Column Name found in Datamart and Curated Table :: PAYROLLPOSTINGGROUP_ID
Column Name found in Datamart and Curated Table :: ADDRESS_LONGITUDE
Column Name found in Datamart and Curated Table :: CUSTOMHOURLYRATE
Column Name found in Datamart and Curated Table :: ISAUTOCLOCKINENABLED
Column Name found in Datamart and Curated Table :: STPAYCODE
Column Name found in Datamart and Curated Table :: CREATEDON
Column Name found in Datamart and Curated Table :: ADDRESS_CITY
Column Name found in Datamart and Curated Table :: DOUBLEOVERTIMEPAYCODE_ID
Column Name found in Datamart and Curated Table :: OVERTIMEPAYCODE_ID
Column Name found in Datamart and Curated Table :: VISIBILITY
Column Name found in Datamart and Curated Table :: ADDRESS_ISMILITARY
Column Name found in Datamart and Curated Table :: ENABLESIMPLECLOCKINOUT
Column Name found in Datamart and Curated Table :: ACTIVE
Column Name found in Datamart and Curated Table :: ADDRESS_STATE
Column Name found in Datamart and Curated Table :: DESCRIPTION
Column Name found in Datamart and Curated Table :: ADDRESS_LATITUDE
Column Name found in Datamart and Curated Table :: APPLICABLEEMPLOYEETYPE
Column Name found in Datamart and Curated Table :: BUSINESSUNIT_ID
Column Name found in Datamart and Curated Table :: CODE
Column Name found in Datamart and Curated Table :: HOURLYRATE
Column Name found in Datamart and Curated Table :: TYPE
Column Name found in Datamart and Curated Table :: CREATEDBY_ID
Column Name found in Datamart and Curated Table :: GEOFENCECLOCKINMODE
Column Name found in Datamart and Curated Table :: ISDEFAULTSHOPTIME
Column Name found in Datamart and Curated Table :: ADDRESS_ZIP
Column Name found in Datamart and Curated Table :: DEDUCTCOMMUTETIME
Column Name found in Datamart and Curated Table :: EXCLUDEABSENTEVENT
Column Name found in Datamart and Curated Table :: ROUTEAROUNDNJA
Column Name found in Datamart and Curated Table :: RATEMULTIPLIER
Column Name found in Datamart and Curated Table :: STANDARDPAYROLLCONTROLCODE_ID
Column Name found in Datamart and Curated Table :: ID
Column Name found in Datamart and Curated Table :: IMPORTID
Column Name found in Datamart and Curated Table :: COUNTONJOBCOUNTER
Column Name found in Datamart and Curated Table :: STANDARDPAYCODE_ID
Column Name found in Datamart and Curated Table :: OTPAYCODE
Column Name found in Datamart and Curated Table :: OVERTIMEPAYROLLCONTROLCODE_ID
Datamart tables contains additional column name like [ACTIVE_FLAG, RECORD_CREATE_DATE, RECORD_UPDATE_DATE, RECORD_UPDATE_DATE, MASTER_ID, TENANT_TYPE]
Curated tables contains additional column name like [RECORD_CREATE_DATE, RECORD_UPDATE_DATE, RECORD_UPDATED_BY, TENANT_TYPE]]]>
  </system-out>
  <testcase classname="testcases.RAW_DATAMART_CURATED.SnowFlake_ColumnValidation_BKPTables" name="validateColumnName_BKP" time="2.246"/>
  <system-out>
    <![CDATA[Executing Snowflake query :: SELECT COLUMN_NAME FROM DEV_ENT_RAW.INFORMATION_SCHEMA.COLUMNS WHERE TABLE_NAME='PAYMENT'and TABLE_SCHEMA='ST_EANESHEATING_MATILLION'
Executing Snowflake query :: SELECT COLUMN_NAME FROM CURATED_DATAMART.INFORMATION_SCHEMA.COLUMNS WHERE TABLE_NAME='STR_PAYMENT'and TABLE_SCHEMA='ST_BKP_EANESHEATING'
Executing Snowflake query :: SELECT COLUMN_NAME FROM DEV_ENT_CURATED.INFORMATION_SCHEMA.COLUMNS WHERE TABLE_NAME='DIM_PAYMENT'and TABLE_SCHEMA='MASTER_DIMENSIONS'
Column names for RAW Table --> PAYMENT :: [BATCH_ID, CHECKNUMBER, NUMBER, SOURCE, TRANSACTION, BUSINESSUNIT_ID, CREDITAVAILABLE, CREATEDON, EXTERNALID, METHOD, PAYMENTDATE, STATUS, MEMO, AGREEMENTLANGUAGE, AUTHORIZATIONSIGNATURE, INVOICE_ID, AMOUNT, APPLIEDON, FINANCINGOPERATOR, TYPE_ID, PROJECT_ID, CREATEDBY_ID, IMPORTID, ESTIMATE_ID, EXPORTID, MODIFIEDON, UNAPPLIEDAMOUNT, STOREDPAYMENT_ID, PAIDON, DEFERREDINTEREST, SETTLEMENTSTATUS, TRANSACTIONSTATUS, SETTLEMENTDATE, ACTIVE, CUSTOMER_ID, ID, REFUNDEDAMOUNT]
Column names for DataMart Table --> STR_PAYMENT :: [AMOUNT, BUSINESSUNIT_ID, CREATEDBY_ID, EXPORTID, TRANSACTIONSTATUS, MEMO, MODIFIEDON, UNAPPLIEDAMOUNT, SOURCE, SETTLEMENTSTATUS, AGREEMENTLANGUAGE, APPLIEDON, CREATEDON, CREDITAVAILABLE, FINANCINGOPERATOR, RECORD_UPDATE_DATE, STATUS, BATCH_ID, ID, DEFERREDINTEREST, REFUNDEDAMOUNT, PAYMENTDATE, STOREDPAYMENT_ID, EXTERNALID, TYPE_ID, CUSTOMER_ID, INVOICE_ID, METHOD, TRANSACTION, ACTIVE, AUTHORIZATIONSIGNATURE, NUMBER, SETTLEMENTDATE, MASTER_ID, ESTIMATE_ID, PAIDON, PROJECT_ID, RECORD_CREATE_DATE, ACTIVE_FLAG, CHECKNUMBER, TENANT_TYPE, IMPORTID]
Column names for Curated Table --> DIM_PAYMENT :: [DEFERREDINTEREST, PAIDON, SOURCE, TENANT_TYPE, PAYMENTDATE, TYPE_ID, ACTIVE, INVOICE_ID, ESTIMATE_ID, UNAPPLIEDAMOUNT, STATUS, CREATEDBY_ID, CUSTOMER_ID, EXPORTID, IMPORTID, TRANSACTION, MEMO, RECORD_UPDATE_DATE, TRANSACTIONSTATUS, AMOUNT, AUTHORIZATIONSIGNATURE, CHECKNUMBER, MODIFIEDON, EXTERNALID, PROJECT_ID, APPLIEDON, BATCH_ID, CREATEDON, FINANCINGOPERATOR, ID, RECORD_UPDATED_BY, REFUNDEDAMOUNT, SETTLEMENTSTATUS, BUSINESSUNIT_ID, METHOD, AGREEMENTLANGUAGE, CREDITAVAILABLE, NUMBER, RECORD_CREATE_DATE, SETTLEMENTDATE, STOREDPAYMENT_ID]
Column Name found in Datamart and Curated Table :: BATCH_ID
Column Name found in Datamart and Curated Table :: CHECKNUMBER
Column Name found in Datamart and Curated Table :: NUMBER
Column Name found in Datamart and Curated Table :: SOURCE
Column Name found in Datamart and Curated Table :: TRANSACTION
Column Name found in Datamart and Curated Table :: BUSINESSUNIT_ID
Column Name found in Datamart and Curated Table :: CREDITAVAILABLE
Column Name found in Datamart and Curated Table :: CREATEDON
Column Name found in Datamart and Curated Table :: EXTERNALID
Column Name found in Datamart and Curated Table :: METHOD
Column Name found in Datamart and Curated Table :: PAYMENTDATE
Column Name found in Datamart and Curated Table :: STATUS
Column Name found in Datamart and Curated Table :: MEMO
Column Name found in Datamart and Curated Table :: AGREEMENTLANGUAGE
Column Name found in Datamart and Curated Table :: AUTHORIZATIONSIGNATURE
Column Name found in Datamart and Curated Table :: INVOICE_ID
Column Name found in Datamart and Curated Table :: AMOUNT
Column Name found in Datamart and Curated Table :: APPLIEDON
Column Name found in Datamart and Curated Table :: FINANCINGOPERATOR
Column Name found in Datamart and Curated Table :: TYPE_ID
Column Name found in Datamart and Curated Table :: PROJECT_ID
Column Name found in Datamart and Curated Table :: CREATEDBY_ID
Column Name found in Datamart and Curated Table :: IMPORTID
Column Name found in Datamart and Curated Table :: ESTIMATE_ID
Column Name found in Datamart and Curated Table :: EXPORTID
Column Name found in Datamart and Curated Table :: MODIFIEDON
Column Name found in Datamart and Curated Table :: UNAPPLIEDAMOUNT
Column Name found in Datamart and Curated Table :: STOREDPAYMENT_ID
Column Name found in Datamart and Curated Table :: PAIDON
Column Name found in Datamart and Curated Table :: DEFERREDINTEREST
Column Name found in Datamart and Curated Table :: SETTLEMENTSTATUS
Column Name found in Datamart and Curated Table :: TRANSACTIONSTATUS
Column Name found in Datamart and Curated Table :: SETTLEMENTDATE
Column Name found in Datamart and Curated Table :: ACTIVE
Column Name found in Datamart and Curated Table :: CUSTOMER_ID
Column Name found in Datamart and Curated Table :: ID
Column Name found in Datamart and Curated Table :: REFUNDEDAMOUNT
Datamart tables contains additional column name like [ACTIVE_FLAG, RECORD_CREATE_DATE, RECORD_UPDATE_DATE, RECORD_UPDATE_DATE, MASTER_ID, TENANT_TYPE]
Curated tables contains additional column name like [RECORD_CREATE_DATE, RECORD_UPDATE_DATE, RECORD_UPDATED_BY, TENANT_TYPE]]]>
  </system-out>
  <testcase classname="testcases.RAW_DATAMART_CURATED.SnowFlake_ColumnValidation_BKPTables" name="validateColumnName_BKP" time="2.929"/>
  <system-out>
    <![CDATA[Executing Snowflake query :: SELECT COLUMN_NAME FROM DEV_ENT_RAW.INFORMATION_SCHEMA.COLUMNS WHERE TABLE_NAME='MATERIAL'and TABLE_SCHEMA='ST_CASTEEL_MATILLION'
Executing Snowflake query :: SELECT COLUMN_NAME FROM CURATED_DATAMART.INFORMATION_SCHEMA.COLUMNS WHERE TABLE_NAME='STR_MATERIAL'and TABLE_SCHEMA='ST_BKP_CASTEEL'
Executing Snowflake query :: SELECT COLUMN_NAME FROM DEV_ENT_CURATED.INFORMATION_SCHEMA.COLUMNS WHERE TABLE_NAME='DIM_MATERIAL'and TABLE_SCHEMA='MASTER_DIMENSIONS'
Column names for RAW Table --> MATERIAL :: [ACTIVE, BUSINESSUNIT_ID, COPIEDFROM_ID, COSTOFSALEACCOUNT_ID, ISINVENTORY, PAYTECHSPECIFICBONUS, ADDONPRICE, MODIFIEDON, PURCHASEORDERLIMITS_FLATAMOUNT, COMMISSIONBONUS, SOURCE, ACCOUNT, ADDONFLATAMOUNT, ARCHIVED, DISPLAYNAME, GENERALLEDGERACCOUNT_ID, HOURS, IMPORTID, PAYSFLATAMOUNT, NOTAX, CREATEDON, TAXABLE, DESCRIPTION, SCHEDULEDFLATAMOUNT, BONUS, SERIALIZEDON, IMAGES, PAYSCOMMISSION, EXTERNALID, AVALARACOMMERCIALTAXCODE, LOYALTYPROGRAMELIGIBLE, PRIMARYVENDOR_ID, DISPLAYINAMOUNT, ORIGINAL_ID, ASSETACCOUNT_ID, COST, INVENTORYENABLEDBY_ID, SOURCEVERSION, EXCLUDEFROMPRICEBOOKWIZARD, INVENTORYENABLEDON, SOLDBYCOMMISSION, SUPPLIERIMAGES, SYNCDATE, AUTOGLASSTYPE, AVALARARESIDENTIALTAXCODE, CATEGORY_ID, ID, PURCHASEORDERLIMITS_REVENUEPERCENT, DEDUCTASJOBCOST, ISSERIALIZED, ADDONMEMBERPRICE, CREATEDBY_ID, MEMBERPRICE, PAYSSOLDBYRATE, PRICE, UNITOFMEASURE, USEFIXEDMATERIALPRICE, CROSSSALEGROUP, NAME, PROVIDER_ID]
Column names for DataMart Table --> STR_MATERIAL :: [ACTIVE_FLAG, COSTOFSALEACCOUNT_ID, MASTER_ID, ORIGINAL_ID, PAYSCOMMISSION, SUPPLIERIMAGES, AUTOGLASSTYPE, BUSINESSUNIT_ID, BONUS, GENERALLEDGERACCOUNT_ID, PAYSSOLDBYRATE, SOURCEVERSION, CREATEDON, ACTIVE, ADDONFLATAMOUNT, ARCHIVED, ASSETACCOUNT_ID, DEDUCTASJOBCOST, ISSERIALIZED, PRIMARYVENDOR_ID, PURCHASEORDERLIMITS_REVENUEPERCENT, RECORD_CREATE_DATE, NAME, SERIALIZEDON, TAXABLE, USEFIXEDMATERIALPRICE, TENANT_TYPE, DISPLAYINAMOUNT, EXTERNALID, DESCRIPTION, AVALARARESIDENTIALTAXCODE, DISPLAYNAME, IMPORTID, PRICE, UNITOFMEASURE, LOYALTYPROGRAMELIGIBLE, AVALARACOMMERCIALTAXCODE, COST, MEMBERPRICE, PAYTECHSPECIFICBONUS, INVENTORYENABLEDBY_ID, PAYSFLATAMOUNT, PURCHASEORDERLIMITS_FLATAMOUNT, RECORD_UPDATE_DATE, ADDONMEMBERPRICE, CATEGORY_ID, COMMISSIONBONUS, COPIEDFROM_ID, ISINVENTORY, PROVIDER_ID, SOLDBYCOMMISSION, SOURCE, EXCLUDEFROMPRICEBOOKWIZARD, ID, IMAGES, SCHEDULEDFLATAMOUNT, NOTAX, ACCOUNT, ADDONPRICE, CREATEDBY_ID, HOURS, SYNCDATE, CROSSSALEGROUP, INVENTORYENABLEDON, MODIFIEDON]
Column names for Curated Table --> DIM_MATERIAL :: [BUSINESSUNIT_ID, DEDUCTASJOBCOST, HOURS, MEMBERPRICE, MODIFIEDON, SCHEDULEDFLATAMOUNT, ARCHIVED, BONUS, COST, EXCLUDEFROMPRICEBOOKWIZARD, INVENTORYENABLEDON, SOURCE, ID, RECORD_UPDATED_BY, RECORD_UPDATE_DATE, ADDONPRICE, ASSETACCOUNT_ID, AVALARARESIDENTIALTAXCODE, DESCRIPTION, IMPORTID, ISSERIALIZED, PAYSSOLDBYRATE, ISINVENTORY, NOTAX, CREATEDBY_ID, PRIMARYVENDOR_ID, SERIALIZEDON, GENERALLEDGERACCOUNT_ID, RECORD_CREATE_DATE, CROSSSALEGROUP, SOLDBYCOMMISSION, ACTIVE, CATEGORY_ID, EXTERNALID, NAME, USEFIXEDMATERIALPRICE, INVENTORYENABLEDBY_ID, PAYTECHSPECIFICBONUS, PROVIDER_ID, PURCHASEORDERLIMITS_REVENUEPERCENT, SUPPLIERIMAGES, ACCOUNT, ADDONFLATAMOUNT, COMMISSIONBONUS, CREATEDON, PAYSCOMMISSION, DISPLAYINAMOUNT, SOURCEVERSION, COSTOFSALEACCOUNT_ID, DISPLAYNAME, IMAGES, ORIGINAL_ID, TAXABLE, COPIEDFROM_ID, UNITOFMEASURE, ADDONMEMBERPRICE, AUTOGLASSTYPE, AVALARACOMMERCIALTAXCODE, LOYALTYPROGRAMELIGIBLE, PRICE, PURCHASEORDERLIMITS_FLATAMOUNT, SYNCDATE, TENANT_TYPE, PAYSFLATAMOUNT]
Column Name found in Datamart and Curated Table :: ACTIVE
Column Name found in Datamart and Curated Table :: BUSINESSUNIT_ID
Column Name found in Datamart and Curated Table :: COPIEDFROM_ID
Column Name found in Datamart and Curated Table :: COSTOFSALEACCOUNT_ID
Column Name found in Datamart and Curated Table :: ISINVENTORY
Column Name found in Datamart and Curated Table :: PAYTECHSPECIFICBONUS
Column Name found in Datamart and Curated Table :: ADDONPRICE
Column Name found in Datamart and Curated Table :: MODIFIEDON
Column Name found in Datamart and Curated Table :: PURCHASEORDERLIMITS_FLATAMOUNT
Column Name found in Datamart and Curated Table :: COMMISSIONBONUS
Column Name found in Datamart and Curated Table :: SOURCE
Column Name found in Datamart and Curated Table :: ACCOUNT
Column Name found in Datamart and Curated Table :: ADDONFLATAMOUNT
Column Name found in Datamart and Curated Table :: ARCHIVED
Column Name found in Datamart and Curated Table :: DISPLAYNAME
Column Name found in Datamart and Curated Table :: GENERALLEDGERACCOUNT_ID
Column Name found in Datamart and Curated Table :: HOURS
Column Name found in Datamart and Curated Table :: IMPORTID
Column Name found in Datamart and Curated Table :: PAYSFLATAMOUNT
Column Name found in Datamart and Curated Table :: NOTAX
Column Name found in Datamart and Curated Table :: CREATEDON
Column Name found in Datamart and Curated Table :: TAXABLE
Column Name found in Datamart and Curated Table :: DESCRIPTION
Column Name found in Datamart and Curated Table :: SCHEDULEDFLATAMOUNT
Column Name found in Datamart and Curated Table :: BONUS
Column Name found in Datamart and Curated Table :: SERIALIZEDON
Column Name found in Datamart and Curated Table :: IMAGES
Column Name found in Datamart and Curated Table :: PAYSCOMMISSION
Column Name found in Datamart and Curated Table :: EXTERNALID
Column Name found in Datamart and Curated Table :: AVALARACOMMERCIALTAXCODE
Column Name found in Datamart and Curated Table :: LOYALTYPROGRAMELIGIBLE
Column Name found in Datamart and Curated Table :: PRIMARYVENDOR_ID
Column Name found in Datamart and Curated Table :: DISPLAYINAMOUNT
Column Name found in Datamart and Curated Table :: ORIGINAL_ID
Column Name found in Datamart and Curated Table :: ASSETACCOUNT_ID
Column Name found in Datamart and Curated Table :: COST
Column Name found in Datamart and Curated Table :: INVENTORYENABLEDBY_ID
Column Name found in Datamart and Curated Table :: SOURCEVERSION
Column Name found in Datamart and Curated Table :: EXCLUDEFROMPRICEBOOKWIZARD
Column Name found in Datamart and Curated Table :: INVENTORYENABLEDON
Column Name found in Datamart and Curated Table :: SOLDBYCOMMISSION
Column Name found in Datamart and Curated Table :: SUPPLIERIMAGES
Column Name found in Datamart and Curated Table :: SYNCDATE
Column Name found in Datamart and Curated Table :: AUTOGLASSTYPE
Column Name found in Datamart and Curated Table :: AVALARARESIDENTIALTAXCODE
Column Name found in Datamart and Curated Table :: CATEGORY_ID
Column Name found in Datamart and Curated Table :: ID
Column Name found in Datamart and Curated Table :: PURCHASEORDERLIMITS_REVENUEPERCENT
Column Name found in Datamart and Curated Table :: DEDUCTASJOBCOST
Column Name found in Datamart and Curated Table :: ISSERIALIZED
Column Name found in Datamart and Curated Table :: ADDONMEMBERPRICE
Column Name found in Datamart and Curated Table :: CREATEDBY_ID
Column Name found in Datamart and Curated Table :: MEMBERPRICE
Column Name found in Datamart and Curated Table :: PAYSSOLDBYRATE
Column Name found in Datamart and Curated Table :: PRICE
Column Name found in Datamart and Curated Table :: UNITOFMEASURE
Column Name found in Datamart and Curated Table :: USEFIXEDMATERIALPRICE
Column Name found in Datamart and Curated Table :: CROSSSALEGROUP
Column Name found in Datamart and Curated Table :: NAME
Column Name found in Datamart and Curated Table :: PROVIDER_ID
Datamart tables contains additional column name like [ACTIVE_FLAG, RECORD_CREATE_DATE, RECORD_UPDATE_DATE, RECORD_UPDATE_DATE, MASTER_ID, TENANT_TYPE]
Curated tables contains additional column name like [RECORD_CREATE_DATE, RECORD_UPDATE_DATE, RECORD_UPDATED_BY, TENANT_TYPE]]]>
  </system-out>
  <testcase classname="testcases.RAW_DATAMART_CURATED.SnowFlake_ColumnValidation_BKPTables" name="validateColumnName_BKP" time="2.573"/>
  <system-out>
    <![CDATA[Executing Snowflake query :: SELECT COLUMN_NAME FROM DEV_ENT_RAW.INFORMATION_SCHEMA.COLUMNS WHERE TABLE_NAME='MATERIALVENDOR'and TABLE_SCHEMA='ST_MAITZ_MATILLION'
Executing Snowflake query :: SELECT COLUMN_NAME FROM CURATED_DATAMART.INFORMATION_SCHEMA.COLUMNS WHERE TABLE_NAME='STR_MATERIALVENDOR'and TABLE_SCHEMA='ST_BKP_MAITZ'
Executing Snowflake query :: SELECT COLUMN_NAME FROM DEV_ENT_CURATED.INFORMATION_SCHEMA.COLUMNS WHERE TABLE_NAME='DIM_MATERIALVENDOR'and TABLE_SCHEMA='MASTER_DIMENSIONS'
Column names for RAW Table --> MATERIALVENDOR :: [CREATEDBY_ID, VENDOR_ID, PRIMARYSUBACCOUNT_ID, ACTIVE, COST, ID, PARTNUMBER, MEMO, ISPRIMARY, MATERIAL_ID, CREATEDON, IMPORTID]
Column names for DataMart Table --> STR_MATERIALVENDOR :: [MASTER_ID, MEMO, CREATEDBY_ID, RECORD_CREATE_DATE, CREATEDON, MATERIAL_ID, TENANT_TYPE, VENDOR_ID, IMPORTID, ISPRIMARY, PARTNUMBER, PRIMARYSUBACCOUNT_ID, ACTIVE, COST, RECORD_UPDATE_DATE, ID, ACTIVE_FLAG]
Column names for Curated Table --> DIM_MATERIALVENDOR :: [ID, MATERIAL_ID, ACTIVE, COST, CREATEDBY_ID, IMPORTID, ISPRIMARY, PRIMARYSUBACCOUNT_ID, RECORD_UPDATE_DATE, TENANT_TYPE, MEMO, RECORD_UPDATED_BY, VENDOR_ID, CREATEDON, PARTNUMBER, RECORD_CREATE_DATE]
Column Name found in Datamart and Curated Table :: CREATEDBY_ID
Column Name found in Datamart and Curated Table :: VENDOR_ID
Column Name found in Datamart and Curated Table :: PRIMARYSUBACCOUNT_ID
Column Name found in Datamart and Curated Table :: ACTIVE
Column Name found in Datamart and Curated Table :: COST
Column Name found in Datamart and Curated Table :: ID
Column Name found in Datamart and Curated Table :: PARTNUMBER
Column Name found in Datamart and Curated Table :: MEMO
Column Name found in Datamart and Curated Table :: ISPRIMARY
Column Name found in Datamart and Curated Table :: MATERIAL_ID
Column Name found in Datamart and Curated Table :: CREATEDON
Column Name found in Datamart and Curated Table :: IMPORTID
Datamart tables contains additional column name like [ACTIVE_FLAG, RECORD_CREATE_DATE, RECORD_UPDATE_DATE, RECORD_UPDATE_DATE, MASTER_ID, TENANT_TYPE]
Curated tables contains additional column name like [RECORD_CREATE_DATE, RECORD_UPDATE_DATE, RECORD_UPDATED_BY, TENANT_TYPE]]]>
  </system-out>
  <testcase classname="testcases.RAW_DATAMART_CURATED.SnowFlake_ColumnValidation_BKPTables" name="validateColumnName_BKP" time="3.375"/>
  <system-out>
    <![CDATA[Executing Snowflake query :: SELECT COLUMN_NAME FROM DEV_ENT_RAW.INFORMATION_SCHEMA.COLUMNS WHERE TABLE_NAME='HOLDJOBREASON'and TABLE_SCHEMA='ST_BILLFENWICK_MATILLION'
Executing Snowflake query :: SELECT COLUMN_NAME FROM CURATED_DATAMART.INFORMATION_SCHEMA.COLUMNS WHERE TABLE_NAME='STR_HOLDJOBREASON'and TABLE_SCHEMA='ST_BKP_BILLFENWICK'
Executing Snowflake query :: SELECT COLUMN_NAME FROM DEV_ENT_CURATED.INFORMATION_SCHEMA.COLUMNS WHERE TABLE_NAME='DIM_HOLDJOBREASON'and TABLE_SCHEMA='MASTER_DIMENSIONS'
Column names for RAW Table --> HOLDJOBREASON :: [CREATEDON, MODIFIEDON, ID, NAME, IMPORTID, ACTIVE, CREATEDBY_ID]
Column names for DataMart Table --> STR_HOLDJOBREASON :: [ID, RECORD_CREATE_DATE, ACTIVE, ACTIVE_FLAG, CREATEDBY_ID, CREATEDON, IMPORTID, TENANT_TYPE, MASTER_ID, NAME, RECORD_UPDATE_DATE, MODIFIEDON]
Column names for Curated Table --> DIM_HOLDJOBREASON :: [ACTIVE, ID, NAME, RECORD_UPDATED_BY, CREATEDON, MODIFIEDON, RECORD_CREATE_DATE, RECORD_UPDATE_DATE, TENANT_TYPE, IMPORTID, CREATEDBY_ID]
Column Name found in Datamart and Curated Table :: CREATEDON
Column Name found in Datamart and Curated Table :: MODIFIEDON
Column Name found in Datamart and Curated Table :: ID
Column Name found in Datamart and Curated Table :: NAME
Column Name found in Datamart and Curated Table :: IMPORTID
Column Name found in Datamart and Curated Table :: ACTIVE
Column Name found in Datamart and Curated Table :: CREATEDBY_ID
Datamart tables contains additional column name like [ACTIVE_FLAG, RECORD_CREATE_DATE, RECORD_UPDATE_DATE, RECORD_UPDATE_DATE, MASTER_ID, TENANT_TYPE]
Curated tables contains additional column name like [RECORD_CREATE_DATE, RECORD_UPDATE_DATE, RECORD_UPDATED_BY, TENANT_TYPE]]]>
  </system-out>
  <testcase classname="testcases.RAW_DATAMART_CURATED.SnowFlake_ColumnValidation_BKPTables" name="validateColumnName_BKP" time="2.145"/>
  <system-out>
    <![CDATA[Executing Snowflake query :: SELECT COLUMN_NAME FROM DEV_ENT_RAW.INFORMATION_SCHEMA.COLUMNS WHERE TABLE_NAME='SKUASSET'and TABLE_SCHEMA='ST_SNELLHEATINGAIR_MATILLION'
Executing Snowflake query :: SELECT COLUMN_NAME FROM CURATED_DATAMART.INFORMATION_SCHEMA.COLUMNS WHERE TABLE_NAME='STR_SKUASSET'and TABLE_SCHEMA='ST_BKP_SNELLHEATINGAIR'
Executing Snowflake query :: SELECT COLUMN_NAME FROM DEV_ENT_CURATED.INFORMATION_SCHEMA.COLUMNS WHERE TABLE_NAME='DIM_SKUASSET'and TABLE_SCHEMA='MASTER_DIMENSIONS'
Column names for RAW Table --> SKUASSET :: [ID, ISEXTERNAL, ORIGINALNAME, CREATEDBY_ID, CREATEDON, EXTERNALURL, TYPE, OWNER_ID, URL, METADATA, IMPORTID, ALIAS, ACTIVE]
Column names for DataMart Table --> STR_SKUASSET :: [CREATEDBY_ID, ORIGINALNAME, ACTIVE_FLAG, CREATEDON, ALIAS, MASTER_ID, RECORD_UPDATE_DATE, METADATA, TENANT_TYPE, EXTERNALURL, ID, TYPE, ACTIVE, IMPORTID, ISEXTERNAL, OWNER_ID, RECORD_CREATE_DATE, URL]
Column names for Curated Table --> DIM_SKUASSET :: [EXTERNALURL, ORIGINALNAME, TENANT_TYPE, RECORD_UPDATE_DATE, ID, ISEXTERNAL, RECORD_CREATE_DATE, ALIAS, CREATEDON, RECORD_UPDATED_BY, TYPE, ACTIVE, CREATEDBY_ID, OWNER_ID, METADATA, URL, IMPORTID]
Column Name found in Datamart and Curated Table :: ID
Column Name found in Datamart and Curated Table :: ISEXTERNAL
Column Name found in Datamart and Curated Table :: ORIGINALNAME
Column Name found in Datamart and Curated Table :: CREATEDBY_ID
Column Name found in Datamart and Curated Table :: CREATEDON
Column Name found in Datamart and Curated Table :: EXTERNALURL
Column Name found in Datamart and Curated Table :: TYPE
Column Name found in Datamart and Curated Table :: OWNER_ID
Column Name found in Datamart and Curated Table :: URL
Column Name found in Datamart and Curated Table :: METADATA
Column Name found in Datamart and Curated Table :: IMPORTID
Column Name found in Datamart and Curated Table :: ALIAS
Column Name found in Datamart and Curated Table :: ACTIVE
Datamart tables contains additional column name like [ACTIVE_FLAG, RECORD_CREATE_DATE, RECORD_UPDATE_DATE, RECORD_UPDATE_DATE, MASTER_ID, TENANT_TYPE]
Curated tables contains additional column name like [RECORD_CREATE_DATE, RECORD_UPDATE_DATE, RECORD_UPDATED_BY, TENANT_TYPE]]]>
  </system-out>
  <testcase classname="testcases.RAW_DATAMART_CURATED.SnowFlake_ColumnValidation_BKPTables" name="validateColumnName_BKP" time="5.409">
    <failure message="The following asserts failed:
	null" type="java.lang.AssertionError">
      <![CDATA[java.lang.AssertionError: The following asserts failed:
null
at org.testng.asserts.SoftAssert.assertAll(SoftAssert.java:47)
at org.testng.asserts.SoftAssert.assertAll(SoftAssert.java:31)
at testcases.RAW_DATAMART_CURATED.SnowFlake_ColumnValidation_BKPTables.validateColumnName_BKP(SnowFlake_ColumnValidation_BKPTables.java:120)
at jdk.internal.reflect.GeneratedMethodAccessor38.invoke(Unknown Source)
at java.base/jdk.internal.reflect.DelegatingMethodAccessorImpl.invoke(DelegatingMethodAccessorImpl.java:43)
at java.base/java.lang.reflect.Method.invoke(Method.java:568)
at org.testng.internal.MethodInvocationHelper.invokeMethod(MethodInvocationHelper.java:133)
at org.testng.internal.TestInvoker.invokeMethod(TestInvoker.java:598)
at org.testng.internal.TestInvoker.invokeTestMethod(TestInvoker.java:173)
at org.testng.internal.MethodRunner.runInSequence(MethodRunner.java:46)
at org.testng.internal.TestInvoker$MethodInvocationAgent.invoke(TestInvoker.java:824)
at org.testng.internal.TestInvoker.invokeTestMethods(TestInvoker.java:146)
at org.testng.internal.TestMethodWorker.invokeTestMethods(TestMethodWorker.java:146)
at org.testng.internal.TestMethodWorker.run(TestMethodWorker.java:128)
at java.base/java.util.ArrayList.forEach(ArrayList.java:1511)
at org.testng.TestRunner.privateRun(TestRunner.java:794)
at org.testng.TestRunner.run(TestRunner.java:596)
at org.testng.SuiteRunner.runTest(SuiteRunner.java:377)
at org.testng.SuiteRunner.runSequentially(SuiteRunner.java:371)
at org.testng.SuiteRunner.privateRun(SuiteRunner.java:332)
at org.testng.SuiteRunner.run(SuiteRunner.java:276)
at org.testng.SuiteRunnerWorker.runSuite(SuiteRunnerWorker.java:53)
at org.testng.SuiteRunnerWorker.run(SuiteRunnerWorker.java:96)
at org.testng.TestNG.runSuitesSequentially(TestNG.java:1212)
at org.testng.TestNG.runSuitesLocally(TestNG.java:1134)
at org.testng.TestNG.runSuites(TestNG.java:1063)
at org.testng.TestNG.run(TestNG.java:1031)
at org.testng.remote.AbstractRemoteTestNG.run(AbstractRemoteTestNG.java:115)
at org.testng.remote.RemoteTestNG.initAndRun(RemoteTestNG.java:251)
at org.testng.remote.RemoteTestNG.main(RemoteTestNG.java:77)
]]>
    </failure>
  </testcase> <!-- validateColumnName_BKP -->
  <system-out>
    <![CDATA[Executing Snowflake query :: SELECT COLUMN_NAME FROM DEV_ENT_RAW.INFORMATION_SCHEMA.COLUMNS WHERE TABLE_NAME='JOBAPPOINTMENT'and TABLE_SCHEMA='ST_BILLFENWICK_MATILLION'
Executing Snowflake query :: SELECT COLUMN_NAME FROM CURATED_DATAMART.INFORMATION_SCHEMA.COLUMNS WHERE TABLE_NAME='STR_JOBAPPOINTMENT'and TABLE_SCHEMA='ST_BKP_BILLFENWICK'
Executing Snowflake query :: SELECT COLUMN_NAME FROM DEV_ENT_CURATED.INFORMATION_SCHEMA.COLUMNS WHERE TABLE_NAME='DIM_JOBAPPOINTMENT'and TABLE_SCHEMA='MASTER_DIMENSIONS'
Column names for RAW Table --> JOBAPPOINTMENT :: [JOB_ID, STATUS, MODIFIEDON, ACTIVE, END, ID, SMARTDISPATCHDATA_JOBAPPOINTMENT, PLANEND, CREATEDBY_ID, CREATEDON, IMPORTID, ISCONFIRMED, ISUNUSED, MONTHNUMBER, NUMBER, START, PLANSTART, SPECIALINSTRUCTIONS]
Column names for DataMart Table --> STR_JOBAPPOINTMENT :: [SMARTDISPATCHDATA_JOBAPPOINTMENT, ACTIVE, ID, MONTHNUMBER, PLANSTART, STATUS, ISCONFIRMED, IMPORTID, MODIFIEDON, RECORD_CREATE_DATE, CREATEDBY_ID, NUMBER, TENANT_TYPE, END, JOB_ID, START, MASTER_ID, RECORD_UPDATE_DATE, CREATEDON, ACTIVE_FLAG, ISUNUSED, PLANEND]
Column names for Curated Table --> DIM_JOBAPPOINTMENT :: [END, SMARTDISPATCHDATA_JOBAPPOINTMENT, ACTIVE, CREATEDBY_ID, IMPORTID, ISUNUSED, START, ID, JOB_ID, MONTHNUMBER, PLANEND, RECORD_UPDATE_DATE, CREATEDON, RECORD_CREATE_DATE, TENANT_TYPE, PLANSTART, ISCONFIRMED, NUMBER, STATUS, MODIFIEDON, RECORD_UPDATED_BY]
Column Name found in Datamart and Curated Table :: JOB_ID
Column Name found in Datamart and Curated Table :: STATUS
Column Name found in Datamart and Curated Table :: MODIFIEDON
Column Name found in Datamart and Curated Table :: ACTIVE
Column Name found in Datamart and Curated Table :: END
Column Name found in Datamart and Curated Table :: ID
Column Name found in Datamart and Curated Table :: SMARTDISPATCHDATA_JOBAPPOINTMENT
Column Name found in Datamart and Curated Table :: PLANEND
Column Name found in Datamart and Curated Table :: CREATEDBY_ID
Column Name found in Datamart and Curated Table :: CREATEDON
Column Name found in Datamart and Curated Table :: IMPORTID
Column Name found in Datamart and Curated Table :: ISCONFIRMED
Column Name found in Datamart and Curated Table :: ISUNUSED
Column Name found in Datamart and Curated Table :: MONTHNUMBER
Column Name found in Datamart and Curated Table :: NUMBER
Column Name found in Datamart and Curated Table :: START
Column Name found in Datamart and Curated Table :: PLANSTART
Column Name not found in Datamart and Curated Table :: SPECIALINSTRUCTIONS
Datamart tables contains additional column name like [ACTIVE_FLAG, RECORD_CREATE_DATE, RECORD_UPDATE_DATE, RECORD_UPDATE_DATE, MASTER_ID, TENANT_TYPE]
Curated tables contains additional column name like [RECORD_CREATE_DATE, RECORD_UPDATE_DATE, RECORD_UPDATED_BY, TENANT_TYPE]]]>
  </system-out>
  <testcase classname="testcases.RAW_DATAMART_CURATED.SnowFlake_ColumnValidation_BKPTables" name="validateColumnName_BKP" time="2.354"/>
  <system-out>
    <![CDATA[Executing Snowflake query :: SELECT COLUMN_NAME FROM DEV_ENT_RAW.INFORMATION_SCHEMA.COLUMNS WHERE TABLE_NAME='ZONE'and TABLE_SCHEMA='ST_MAITZ_MATILLION'
Executing Snowflake query :: SELECT COLUMN_NAME FROM CURATED_DATAMART.INFORMATION_SCHEMA.COLUMNS WHERE TABLE_NAME='STR_ZONE'and TABLE_SCHEMA='ST_BKP_MAITZ'
Executing Snowflake query :: SELECT COLUMN_NAME FROM DEV_ENT_CURATED.INFORMATION_SCHEMA.COLUMNS WHERE TABLE_NAME='DIM_ZONE'and TABLE_SCHEMA='MASTER_DIMENSIONS'
Column names for RAW Table --> ZONE :: [ACTIVE, ID, CITIES, CREATEDON, IMPORTID, MAXDRIVETIMEADJUSTMENT, MODIFIEDON, LOCNNUMBERS, NAME, SERVICEDAYS, COLOR, SERVICEDAYSENABLED, CREATEDBY_ID, ZIPS, TERRITORYNUMBERS]
Column names for DataMart Table --> STR_ZONE :: [IMPORTID, ID, MODIFIEDON, TERRITORYNUMBERS, ZIPS, NAME, SERVICEDAYSENABLED, COLOR, LOCNNUMBERS, TENANT_TYPE, ACTIVE_FLAG, CREATEDON, CITIES, CREATEDBY_ID, MAXDRIVETIMEADJUSTMENT, RECORD_CREATE_DATE, RECORD_UPDATE_DATE, ACTIVE, MASTER_ID, SERVICEDAYS]
Column names for Curated Table --> DIM_ZONE :: [CREATEDON, ID, ZIPS, CITIES, IMPORTID, LOCNNUMBERS, MODIFIEDON, NAME, SERVICEDAYS, TENANT_TYPE, MAXDRIVETIMEADJUSTMENT, TERRITORYNUMBERS, RECORD_CREATE_DATE, ACTIVE, CREATEDBY_ID, SERVICEDAYSENABLED, RECORD_UPDATE_DATE, COLOR, RECORD_UPDATED_BY]
Column Name found in Datamart and Curated Table :: ACTIVE
Column Name found in Datamart and Curated Table :: ID
Column Name found in Datamart and Curated Table :: CITIES
Column Name found in Datamart and Curated Table :: CREATEDON
Column Name found in Datamart and Curated Table :: IMPORTID
Column Name found in Datamart and Curated Table :: MAXDRIVETIMEADJUSTMENT
Column Name found in Datamart and Curated Table :: MODIFIEDON
Column Name found in Datamart and Curated Table :: LOCNNUMBERS
Column Name found in Datamart and Curated Table :: NAME
Column Name found in Datamart and Curated Table :: SERVICEDAYS
Column Name found in Datamart and Curated Table :: COLOR
Column Name found in Datamart and Curated Table :: SERVICEDAYSENABLED
Column Name found in Datamart and Curated Table :: CREATEDBY_ID
Column Name found in Datamart and Curated Table :: ZIPS
Column Name found in Datamart and Curated Table :: TERRITORYNUMBERS
Datamart tables contains additional column name like [ACTIVE_FLAG, RECORD_CREATE_DATE, RECORD_UPDATE_DATE, RECORD_UPDATE_DATE, MASTER_ID, TENANT_TYPE]
Curated tables contains additional column name like [RECORD_CREATE_DATE, RECORD_UPDATE_DATE, RECORD_UPDATED_BY, TENANT_TYPE]]]>
  </system-out>
  <testcase classname="testcases.RAW_DATAMART_CURATED.SnowFlake_ColumnValidation_BKPTables" name="validateColumnName_BKP" time="2.252"/>
  <system-out>
    <![CDATA[Executing Snowflake query :: SELECT COLUMN_NAME FROM DEV_ENT_RAW.INFORMATION_SCHEMA.COLUMNS WHERE TABLE_NAME='MATERIAL'and TABLE_SCHEMA='ST_EANESHEATING_MATILLION'
Executing Snowflake query :: SELECT COLUMN_NAME FROM CURATED_DATAMART.INFORMATION_SCHEMA.COLUMNS WHERE TABLE_NAME='STR_MATERIAL'and TABLE_SCHEMA='ST_BKP_EANESHEATING'
Executing Snowflake query :: SELECT COLUMN_NAME FROM DEV_ENT_CURATED.INFORMATION_SCHEMA.COLUMNS WHERE TABLE_NAME='DIM_MATERIAL'and TABLE_SCHEMA='MASTER_DIMENSIONS'
Column names for RAW Table --> MATERIAL :: [EXCLUDEFROMPRICEBOOKWIZARD, EXTERNALID, PAYSSOLDBYRATE, TAXABLE, PROVIDER_ID, SOLDBYCOMMISSION, SERIALIZEDON, AVALARACOMMERCIALTAXCODE, BUSINESSUNIT_ID, CATEGORY_ID, ID, ISINVENTORY, PAYTECHSPECIFICBONUS, ACCOUNT, ACTIVE, CREATEDBY_ID, DEDUCTASJOBCOST, MODIFIEDON, NAME, ASSETACCOUNT_ID, COSTOFSALEACCOUNT_ID, CREATEDON, PRIMARYVENDOR_ID, UNITOFMEASURE, ADDONFLATAMOUNT, ADDONPRICE, ARCHIVED, COST, DESCRIPTION, DISPLAYNAME, IMAGES, MEMBERPRICE, ORIGINAL_ID, SOURCEVERSION, INVENTORYENABLEDBY_ID, PAYSCOMMISSION, PAYSFLATAMOUNT, SYNCDATE, SUPPLIERIMAGES, COMMISSIONBONUS, COPIEDFROM_ID, INVENTORYENABLEDON, NOTAX, PRICE, SCHEDULEDFLATAMOUNT, PURCHASEORDERLIMITS_FLATAMOUNT, ADDONMEMBERPRICE, AUTOGLASSTYPE, AVALARARESIDENTIALTAXCODE, BONUS, CROSSSALEGROUP, LOYALTYPROGRAMELIGIBLE, SOURCE, DISPLAYINAMOUNT, ISSERIALIZED, GENERALLEDGERACCOUNT_ID, HOURS, IMPORTID, PURCHASEORDERLIMITS_REVENUEPERCENT, USEFIXEDMATERIALPRICE]
Column names for DataMart Table --> STR_MATERIAL :: [ADDONMEMBERPRICE, CREATEDBY_ID, CREATEDON, INVENTORYENABLEDON, MODIFIEDON, PURCHASEORDERLIMITS_FLATAMOUNT, RECORD_UPDATE_DATE, GENERALLEDGERACCOUNT_ID, ISINVENTORY, ISSERIALIZED, SERIALIZEDON, USEFIXEDMATERIALPRICE, COSTOFSALEACCOUNT_ID, EXCLUDEFROMPRICEBOOKWIZARD, ID, SOURCEVERSION, SCHEDULEDFLATAMOUNT, TENANT_TYPE, AUTOGLASSTYPE, COPIEDFROM_ID, DESCRIPTION, LOYALTYPROGRAMELIGIBLE, PAYSSOLDBYRATE, ACCOUNT, AVALARACOMMERCIALTAXCODE, BUSINESSUNIT_ID, ORIGINAL_ID, TAXABLE, DISPLAYNAME, HOURS, INVENTORYENABLEDBY_ID, PAYTECHSPECIFICBONUS, COMMISSIONBONUS, DEDUCTASJOBCOST, IMAGES, MEMBERPRICE, NOTAX, CROSSSALEGROUP, PRIMARYVENDOR_ID, SUPPLIERIMAGES, UNITOFMEASURE, RECORD_CREATE_DATE, ADDONFLATAMOUNT, ADDONPRICE, ARCHIVED, BONUS, NAME, DISPLAYINAMOUNT, SYNCDATE, ASSETACCOUNT_ID, CATEGORY_ID, MASTER_ID, PRICE, PROVIDER_ID, SOURCE, PURCHASEORDERLIMITS_REVENUEPERCENT, PAYSCOMMISSION, ACTIVE, ACTIVE_FLAG, AVALARARESIDENTIALTAXCODE, COST, IMPORTID, SOLDBYCOMMISSION, EXTERNALID, PAYSFLATAMOUNT]
Column names for Curated Table --> DIM_MATERIAL :: [BUSINESSUNIT_ID, DEDUCTASJOBCOST, HOURS, MEMBERPRICE, MODIFIEDON, SCHEDULEDFLATAMOUNT, ARCHIVED, BONUS, COST, EXCLUDEFROMPRICEBOOKWIZARD, INVENTORYENABLEDON, SOURCE, ID, RECORD_UPDATED_BY, RECORD_UPDATE_DATE, ADDONPRICE, ASSETACCOUNT_ID, AVALARARESIDENTIALTAXCODE, DESCRIPTION, IMPORTID, ISSERIALIZED, PAYSSOLDBYRATE, ISINVENTORY, NOTAX, CREATEDBY_ID, PRIMARYVENDOR_ID, SERIALIZEDON, GENERALLEDGERACCOUNT_ID, RECORD_CREATE_DATE, CROSSSALEGROUP, SOLDBYCOMMISSION, ACTIVE, CATEGORY_ID, EXTERNALID, NAME, USEFIXEDMATERIALPRICE, INVENTORYENABLEDBY_ID, PAYTECHSPECIFICBONUS, PROVIDER_ID, PURCHASEORDERLIMITS_REVENUEPERCENT, SUPPLIERIMAGES, ACCOUNT, ADDONFLATAMOUNT, COMMISSIONBONUS, CREATEDON, PAYSCOMMISSION, DISPLAYINAMOUNT, SOURCEVERSION, COSTOFSALEACCOUNT_ID, DISPLAYNAME, IMAGES, ORIGINAL_ID, TAXABLE, COPIEDFROM_ID, UNITOFMEASURE, ADDONMEMBERPRICE, AUTOGLASSTYPE, AVALARACOMMERCIALTAXCODE, LOYALTYPROGRAMELIGIBLE, PRICE, PURCHASEORDERLIMITS_FLATAMOUNT, SYNCDATE, TENANT_TYPE, PAYSFLATAMOUNT]
Column Name found in Datamart and Curated Table :: EXCLUDEFROMPRICEBOOKWIZARD
Column Name found in Datamart and Curated Table :: EXTERNALID
Column Name found in Datamart and Curated Table :: PAYSSOLDBYRATE
Column Name found in Datamart and Curated Table :: TAXABLE
Column Name found in Datamart and Curated Table :: PROVIDER_ID
Column Name found in Datamart and Curated Table :: SOLDBYCOMMISSION
Column Name found in Datamart and Curated Table :: SERIALIZEDON
Column Name found in Datamart and Curated Table :: AVALARACOMMERCIALTAXCODE
Column Name found in Datamart and Curated Table :: BUSINESSUNIT_ID
Column Name found in Datamart and Curated Table :: CATEGORY_ID
Column Name found in Datamart and Curated Table :: ID
Column Name found in Datamart and Curated Table :: ISINVENTORY
Column Name found in Datamart and Curated Table :: PAYTECHSPECIFICBONUS
Column Name found in Datamart and Curated Table :: ACCOUNT
Column Name found in Datamart and Curated Table :: ACTIVE
Column Name found in Datamart and Curated Table :: CREATEDBY_ID
Column Name found in Datamart and Curated Table :: DEDUCTASJOBCOST
Column Name found in Datamart and Curated Table :: MODIFIEDON
Column Name found in Datamart and Curated Table :: NAME
Column Name found in Datamart and Curated Table :: ASSETACCOUNT_ID
Column Name found in Datamart and Curated Table :: COSTOFSALEACCOUNT_ID
Column Name found in Datamart and Curated Table :: CREATEDON
Column Name found in Datamart and Curated Table :: PRIMARYVENDOR_ID
Column Name found in Datamart and Curated Table :: UNITOFMEASURE
Column Name found in Datamart and Curated Table :: ADDONFLATAMOUNT
Column Name found in Datamart and Curated Table :: ADDONPRICE
Column Name found in Datamart and Curated Table :: ARCHIVED
Column Name found in Datamart and Curated Table :: COST
Column Name found in Datamart and Curated Table :: DESCRIPTION
Column Name found in Datamart and Curated Table :: DISPLAYNAME
Column Name found in Datamart and Curated Table :: IMAGES
Column Name found in Datamart and Curated Table :: MEMBERPRICE
Column Name found in Datamart and Curated Table :: ORIGINAL_ID
Column Name found in Datamart and Curated Table :: SOURCEVERSION
Column Name found in Datamart and Curated Table :: INVENTORYENABLEDBY_ID
Column Name found in Datamart and Curated Table :: PAYSCOMMISSION
Column Name found in Datamart and Curated Table :: PAYSFLATAMOUNT
Column Name found in Datamart and Curated Table :: SYNCDATE
Column Name found in Datamart and Curated Table :: SUPPLIERIMAGES
Column Name found in Datamart and Curated Table :: COMMISSIONBONUS
Column Name found in Datamart and Curated Table :: COPIEDFROM_ID
Column Name found in Datamart and Curated Table :: INVENTORYENABLEDON
Column Name found in Datamart and Curated Table :: NOTAX
Column Name found in Datamart and Curated Table :: PRICE
Column Name found in Datamart and Curated Table :: SCHEDULEDFLATAMOUNT
Column Name found in Datamart and Curated Table :: PURCHASEORDERLIMITS_FLATAMOUNT
Column Name found in Datamart and Curated Table :: ADDONMEMBERPRICE
Column Name found in Datamart and Curated Table :: AUTOGLASSTYPE
Column Name found in Datamart and Curated Table :: AVALARARESIDENTIALTAXCODE
Column Name found in Datamart and Curated Table :: BONUS
Column Name found in Datamart and Curated Table :: CROSSSALEGROUP
Column Name found in Datamart and Curated Table :: LOYALTYPROGRAMELIGIBLE
Column Name found in Datamart and Curated Table :: SOURCE
Column Name found in Datamart and Curated Table :: DISPLAYINAMOUNT
Column Name found in Datamart and Curated Table :: ISSERIALIZED
Column Name found in Datamart and Curated Table :: GENERALLEDGERACCOUNT_ID
Column Name found in Datamart and Curated Table :: HOURS
Column Name found in Datamart and Curated Table :: IMPORTID
Column Name found in Datamart and Curated Table :: PURCHASEORDERLIMITS_REVENUEPERCENT
Column Name found in Datamart and Curated Table :: USEFIXEDMATERIALPRICE
Datamart tables contains additional column name like [ACTIVE_FLAG, RECORD_CREATE_DATE, RECORD_UPDATE_DATE, RECORD_UPDATE_DATE, MASTER_ID, TENANT_TYPE]
Curated tables contains additional column name like [RECORD_CREATE_DATE, RECORD_UPDATE_DATE, RECORD_UPDATED_BY, TENANT_TYPE]]]>
  </system-out>
  <testcase classname="testcases.RAW_DATAMART_CURATED.SnowFlake_ColumnValidation_BKPTables" name="validateColumnName_BKP" time="2.096"/>
  <system-out>
    <![CDATA[Executing Snowflake query :: SELECT COLUMN_NAME FROM DEV_ENT_RAW.INFORMATION_SCHEMA.COLUMNS WHERE TABLE_NAME='PAYMENT'and TABLE_SCHEMA='ST_HORIZONSERVICES_MATILLION'
Executing Snowflake query :: SELECT COLUMN_NAME FROM CURATED_DATAMART.INFORMATION_SCHEMA.COLUMNS WHERE TABLE_NAME='STR_PAYMENT'and TABLE_SCHEMA='ST_BKP_HORIZONSERVICES'
Executing Snowflake query :: SELECT COLUMN_NAME FROM DEV_ENT_CURATED.INFORMATION_SCHEMA.COLUMNS WHERE TABLE_NAME='DIM_PAYMENT'and TABLE_SCHEMA='MASTER_DIMENSIONS'
Column names for RAW Table --> PAYMENT :: [APPLIEDON, CHECKNUMBER, MODIFIEDON, PAYMENTDATE, SOURCE, TYPE_ID, EXTERNALID, TRANSACTION, TRANSACTIONSTATUS, METHOD, REFUNDEDAMOUNT, BATCH_ID, ESTIMATE_ID, SETTLEMENTSTATUS, STOREDPAYMENT_ID, AMOUNT, BUSINESSUNIT_ID, CREDITAVAILABLE, DEFERREDINTEREST, MEMO, PROJECT_ID, SETTLEMENTDATE, AUTHORIZATIONSIGNATURE, PAIDON, UNAPPLIEDAMOUNT, EXPORTID, IMPORTID, CREATEDON, ACTIVE, AGREEMENTLANGUAGE, CUSTOMER_ID, FINANCINGOPERATOR, ID, INVOICE_ID, STATUS, CREATEDBY_ID, NUMBER]
Column names for DataMart Table --> STR_PAYMENT :: [CREATEDBY_ID, SETTLEMENTSTATUS, INVOICE_ID, TRANSACTIONSTATUS, BATCH_ID, DEFERREDINTEREST, FINANCINGOPERATOR, IMPORTID, PAIDON, STOREDPAYMENT_ID, ESTIMATE_ID, AMOUNT, BUSINESSUNIT_ID, SOURCE, UNAPPLIEDAMOUNT, AGREEMENTLANGUAGE, AUTHORIZATIONSIGNATURE, CHECKNUMBER, CUSTOMER_ID, EXPORTID, TRANSACTION, CREATEDON, MASTER_ID, STATUS, REFUNDEDAMOUNT, ACTIVE, METHOD, MODIFIEDON, PAYMENTDATE, ACTIVE_FLAG, APPLIEDON, CREDITAVAILABLE, ID, MEMO, NUMBER, SETTLEMENTDATE, TYPE_ID, RECORD_CREATE_DATE, RECORD_UPDATE_DATE, PROJECT_ID, EXTERNALID, TENANT_TYPE]
Column names for Curated Table --> DIM_PAYMENT :: [DEFERREDINTEREST, PAIDON, SOURCE, TENANT_TYPE, PAYMENTDATE, TYPE_ID, ACTIVE, INVOICE_ID, ESTIMATE_ID, UNAPPLIEDAMOUNT, STATUS, CREATEDBY_ID, CUSTOMER_ID, EXPORTID, IMPORTID, TRANSACTION, MEMO, RECORD_UPDATE_DATE, TRANSACTIONSTATUS, AMOUNT, AUTHORIZATIONSIGNATURE, CHECKNUMBER, MODIFIEDON, EXTERNALID, PROJECT_ID, APPLIEDON, BATCH_ID, CREATEDON, FINANCINGOPERATOR, ID, RECORD_UPDATED_BY, REFUNDEDAMOUNT, SETTLEMENTSTATUS, BUSINESSUNIT_ID, METHOD, AGREEMENTLANGUAGE, CREDITAVAILABLE, NUMBER, RECORD_CREATE_DATE, SETTLEMENTDATE, STOREDPAYMENT_ID]
Column Name found in Datamart and Curated Table :: APPLIEDON
Column Name found in Datamart and Curated Table :: CHECKNUMBER
Column Name found in Datamart and Curated Table :: MODIFIEDON
Column Name found in Datamart and Curated Table :: PAYMENTDATE
Column Name found in Datamart and Curated Table :: SOURCE
Column Name found in Datamart and Curated Table :: TYPE_ID
Column Name found in Datamart and Curated Table :: EXTERNALID
Column Name found in Datamart and Curated Table :: TRANSACTION
Column Name found in Datamart and Curated Table :: TRANSACTIONSTATUS
Column Name found in Datamart and Curated Table :: METHOD
Column Name found in Datamart and Curated Table :: REFUNDEDAMOUNT
Column Name found in Datamart and Curated Table :: BATCH_ID
Column Name found in Datamart and Curated Table :: ESTIMATE_ID
Column Name found in Datamart and Curated Table :: SETTLEMENTSTATUS
Column Name found in Datamart and Curated Table :: STOREDPAYMENT_ID
Column Name found in Datamart and Curated Table :: AMOUNT
Column Name found in Datamart and Curated Table :: BUSINESSUNIT_ID
Column Name found in Datamart and Curated Table :: CREDITAVAILABLE
Column Name found in Datamart and Curated Table :: DEFERREDINTEREST
Column Name found in Datamart and Curated Table :: MEMO
Column Name found in Datamart and Curated Table :: PROJECT_ID
Column Name found in Datamart and Curated Table :: SETTLEMENTDATE
Column Name found in Datamart and Curated Table :: AUTHORIZATIONSIGNATURE
Column Name found in Datamart and Curated Table :: PAIDON
Column Name found in Datamart and Curated Table :: UNAPPLIEDAMOUNT
Column Name found in Datamart and Curated Table :: EXPORTID
Column Name found in Datamart and Curated Table :: IMPORTID
Column Name found in Datamart and Curated Table :: CREATEDON
Column Name found in Datamart and Curated Table :: ACTIVE
Column Name found in Datamart and Curated Table :: AGREEMENTLANGUAGE
Column Name found in Datamart and Curated Table :: CUSTOMER_ID
Column Name found in Datamart and Curated Table :: FINANCINGOPERATOR
Column Name found in Datamart and Curated Table :: ID
Column Name found in Datamart and Curated Table :: INVOICE_ID
Column Name found in Datamart and Curated Table :: STATUS
Column Name found in Datamart and Curated Table :: CREATEDBY_ID
Column Name found in Datamart and Curated Table :: NUMBER
Datamart tables contains additional column name like [ACTIVE_FLAG, RECORD_CREATE_DATE, RECORD_UPDATE_DATE, RECORD_UPDATE_DATE, MASTER_ID, TENANT_TYPE]
Curated tables contains additional column name like [RECORD_CREATE_DATE, RECORD_UPDATE_DATE, RECORD_UPDATED_BY, TENANT_TYPE]]]>
  </system-out>
  <testcase classname="testcases.RAW_DATAMART_CURATED.SnowFlake_ColumnValidation_BKPTables" name="validateColumnName_BKP" time="2.159"/>
  <system-out>
    <![CDATA[Executing Snowflake query :: SELECT COLUMN_NAME FROM DEV_ENT_RAW.INFORMATION_SCHEMA.COLUMNS WHERE TABLE_NAME='TAGTYPE'and TABLE_SCHEMA='ST_FOURPROS_MATILLION'
Executing Snowflake query :: SELECT COLUMN_NAME FROM CURATED_DATAMART.INFORMATION_SCHEMA.COLUMNS WHERE TABLE_NAME='STR_TAGTYPE'and TABLE_SCHEMA='ST_BKP_FOURPROS'
Executing Snowflake query :: SELECT COLUMN_NAME FROM DEV_ENT_CURATED.INFORMATION_SCHEMA.COLUMNS WHERE TABLE_NAME='DIM_TAGTYPE'and TABLE_SCHEMA='MASTER_DIMENSIONS'
Column names for RAW Table --> TAGTYPE :: [FONTCOLOR, ID, ISALWAYSVISIBLE, ISCONVERSIONOPPORTUNITY, ACTIVE, CREATEDBY_ID, IMPORTID, MODIFIEDON, CREATEDON, CODE, COLOR, IMPORTANCE, ISVISIBLEONDISPATCHBOARD, PROJECTEDVALUEADJUSTMENT, NAME]
Column names for DataMart Table --> STR_TAGTYPE :: [IMPORTANCE, IMPORTID, RECORD_CREATE_DATE, ID, MODIFIEDON, ISVISIBLEONDISPATCHBOARD, ACTIVE, ISCONVERSIONOPPORTUNITY, PROJECTEDVALUEADJUSTMENT, ISALWAYSVISIBLE, MASTER_ID, CREATEDBY_ID, ACTIVE_FLAG, FONTCOLOR, NAME, COLOR, TENANT_TYPE, CODE, CREATEDON, RECORD_UPDATE_DATE]
Column names for Curated Table --> DIM_TAGTYPE :: [ACTIVE, CODE, FONTCOLOR, IMPORTANCE, TENANT_TYPE, NAME, CREATEDBY_ID, ID, MODIFIEDON, RECORD_UPDATED_BY, COLOR, CREATEDON, RECORD_UPDATE_DATE, ISCONVERSIONOPPORTUNITY, PROJECTEDVALUEADJUSTMENT, RECORD_CREATE_DATE, ISALWAYSVISIBLE, IMPORTID, ISVISIBLEONDISPATCHBOARD]
Column Name found in Datamart and Curated Table :: FONTCOLOR
Column Name found in Datamart and Curated Table :: ID
Column Name found in Datamart and Curated Table :: ISALWAYSVISIBLE
Column Name found in Datamart and Curated Table :: ISCONVERSIONOPPORTUNITY
Column Name found in Datamart and Curated Table :: ACTIVE
Column Name found in Datamart and Curated Table :: CREATEDBY_ID
Column Name found in Datamart and Curated Table :: IMPORTID
Column Name found in Datamart and Curated Table :: MODIFIEDON
Column Name found in Datamart and Curated Table :: CREATEDON
Column Name found in Datamart and Curated Table :: CODE
Column Name found in Datamart and Curated Table :: COLOR
Column Name found in Datamart and Curated Table :: IMPORTANCE
Column Name found in Datamart and Curated Table :: ISVISIBLEONDISPATCHBOARD
Column Name found in Datamart and Curated Table :: PROJECTEDVALUEADJUSTMENT
Column Name found in Datamart and Curated Table :: NAME
Datamart tables contains additional column name like [ACTIVE_FLAG, RECORD_CREATE_DATE, RECORD_UPDATE_DATE, RECORD_UPDATE_DATE, MASTER_ID, TENANT_TYPE]
Curated tables contains additional column name like [RECORD_CREATE_DATE, RECORD_UPDATE_DATE, RECORD_UPDATED_BY, TENANT_TYPE]]]>
  </system-out>
  <testcase classname="testcases.RAW_DATAMART_CURATED.SnowFlake_ColumnValidation_BKPTables" name="validateColumnName_BKP" time="2.458"/>
  <system-out>
    <![CDATA[Executing Snowflake query :: SELECT COLUMN_NAME FROM DEV_ENT_RAW.INFORMATION_SCHEMA.COLUMNS WHERE TABLE_NAME='BUSINESSUNIT'and TABLE_SCHEMA='ST_CASTEEL_MATILLION'
Executing Snowflake query :: SELECT COLUMN_NAME FROM CURATED_DATAMART.INFORMATION_SCHEMA.COLUMNS WHERE TABLE_NAME='STR_BUSINESSUNIT'and TABLE_SCHEMA='ST_BKP_CASTEEL'
Executing Snowflake query :: SELECT COLUMN_NAME FROM DEV_ENT_CURATED.INFORMATION_SCHEMA.COLUMNS WHERE TABLE_NAME='DIM_BUSINESSUNIT'and TABLE_SCHEMA='MASTER_DIMENSIONS'
Column names for RAW Table --> BUSINESSUNIT :: [ADDRESS_COUNTRY, ADDRESS_ISMILITARY, ADDRESS_STREET, CREATEDON, ENABLEWORKORDERSEQUIPMENTFORMATTING, DEFAULTTAXRATE, ENABLEWORKORDERS, INSURANCECOMPANYPHONE, JOBBOOKEDALERTRECIPIENTS, PAYROLLFLATFEE, PAYROLLTASKBONUSPAYCODENEW, PAYROLLJOBHOURSOVERTIMEPAYCODE_ID, WORLDPAYACCOUNTID, PAYROLLCOSTMARKUP, ADDRESS_CITY, ACKNOWLEDGEMENTAGREEMENT_FILENAME, ADDRESS_ZIP, CURRENCY, GOAL, PAYROLLJOBHOURSOTPAYCODE, PAYROLLPERCENTAGEFEE, THREEDAYCANCELATIONPARAGRAPH, DIVISIONNAME, HIDEPRICES, OFFERWORKERSCOMPENSATION, PAYROLLTURNOVERBONUSPAYCODE, OFFERCOMMERCIALGENERALLIABILITY, PAYMENTOPTIONS, ESTIMATEAUTHORIZATIONPARAGRAPH, PAYROLLSOLDBYPAYCODENEW, ACKNOWLEDGEMENTPARAGRAPH, BANKACCOUNTPROCESSOR_ID, DIVISION_ID, ID, MATERIALSKUREFERENCE_SKUID, OVERTIMEMODE, PAYROLLSOLDBYPAYCODE, COMMISSIONCALCULATION, MINIMUMROYALTYFEE, NAVISIONGLCODE, PAYROLLPERCENTAGEFEEMINIMUM, TRADE_ID, INTACCTENTITY_ID, PAYROLLJOBHOURSDOUBLEOVERTIMEPAYCODE_ID, ADDRESS_LATITUDE, ADDRESS_LONGITUDE, AUTHORIZATIONAGREEMENT_FILENAME, AUTHORIZATIONAGREEMENT_ORIGINALFILENAME, FINANCEITPARTNERID, QUICKBOOKSCLASS, CREDITCARDPROCESSORKEY, FINANCEITACCOUNTEMAIL, FRANCHISEEINFO_TRUCKSOPERATING, IMPORTID, MODIFIEDON, PAYROLLIDLETIMEDOUBLEOVERTIMEPAYCODE_ID, LOGO, NAVISIONOVERTIMEEARNINGCODE, NOCHARGERESIDENTIAL, PAYROLLTURNOVERBONUSPAYCODENEW, PHONENUMBER, POSTDATE, INVOICEHEADER, ADDRESS_ISMANUALCOORDINATES, CORPORATECONTRACTNUMBER, EMAIL, FRANCHISEEINFO_NAME, SERVICEFINANCEDEALERID, BCCEMAIL, EXTERNALID, NOCHARGE, PAYROLLIDLETIMESTPAYCODE, PAYROLLWEIGHTEDOTPAYCODE, SELLERFEE, WARRANTYRATE, PAYROLLIDLETIMESTANDARDPAYCODE_ID, SERVICEFINANCEDEALERNAME, NOCHARGECOMMERCIAL, MATERIALSKUREFERENCE_SKUTYPE, PAYROLLIDLETIMEOTPAYCODE, ACKNOWLEDGEMENTAGREEMENT_ORIGINALFILENAME, ACTIVE, FRANCHISEEINFO_CONTRACT, FRANCHISEEINFO_GST, FRANCHISEEINFO_PIVOTALNUMBER, NAME, QUICKBOOKSROOTSALESACCOUNT, WORLDPAYSUBID, FINANCEITAUTHTOKEN, FRANCHISEEINFO_COMMENTS, LICENSENUMBER, MATERIALSKU_ID, PAYROLLFLATFEEMINIMUM, PAYROLLJOBHOURSSTPAYCODE, WORLDPAYMERCHANTPIN, TGLBONUS, TURNSCONTRACTORID, PAYROLLTYPE, GREENSKYMERCHANTID, ACTIVATIONLOCKED, CREATEDBY_ID, CREDITCARDPROCESSOR_ID, DATA, CREDITCARDPROCESSORLOGIN, INVOICEMESSAGE, MEALAPPOINTMENT_ID, PAYROLLTASKBONUSPAYCODE, PAYROLLIDLETIMEOVERTIMEPAYCODE_ID, PAYROLLWEIGHTEDOVERTIMEPAYCODE_ID, TURNOVERMINIMUMTHRESHOLD, INTEGRATEDREFUNDS_ID, ADDRESS_STATE, ADDRESS_UNIT, AUTHORIZATIONPARAGRAPH, CONSTRUCTION, INSURANCECOMPANYNAME, OFFICIALNAME, NAVISIONSTANDARDTIMEEARNINGCODE, PAYMENTPROCESSOR, PAYROLLEXPENSEDEDUCTIONTRIGGER, PAYROLLINVOICEBONUSPAYCODE_ID, QUICKBOOKSOAUTHSETTINGS, HVACDASHBOARDSECTIONS, PAYROLLJOBHOURSSTANDARDPAYCODE_ID, CALIFORNIACOMPLIANTCONTRACTDOCUMENTS]
Column names for DataMart Table --> STR_BUSINESSUNIT :: [ACKNOWLEDGEMENTPARAGRAPH, AUTHORIZATIONAGREEMENT_FILENAME, EMAIL, FINANCEITAUTHTOKEN, OFFERWORKERSCOMPENSATION, POSTDATE, NAVISIONGLCODE, PAYROLLINVOICEBONUSPAYCODE_ID, TENANT_TYPE, WARRANTYRATE, RECORD_UPDATE_DATE, TURNOVERMINIMUMTHRESHOLD, TGLBONUS, PAYROLLTURNOVERBONUSPAYCODE, PAYROLLWEIGHTEDOVERTIMEPAYCODE_ID, ADDRESS_LATITUDE, ADDRESS_LONGITUDE, COMMISSIONCALCULATION, HIDEPRICES, LOGO, MATERIALSKUREFERENCE_SKUTYPE, PAYROLLTYPE, TRADE_ID, WORLDPAYSUBID, CREATEDBY_ID, CREATEDON, FRANCHISEEINFO_GST, MASTER_ID, MATERIALSKU_ID, MINIMUMROYALTYFEE, NOCHARGERESIDENTIAL, PAYMENTOPTIONS, PAYROLLJOBHOURSOTPAYCODE, PAYROLLSOLDBYPAYCODE, FRANCHISEEINFO_NAME, PAYROLLTASKBONUSPAYCODE, PAYROLLJOBHOURSDOUBLEOVERTIMEPAYCODE_ID, PAYROLLJOBHOURSOVERTIMEPAYCODE_ID, ADDRESS_ZIP, BANKACCOUNTPROCESSOR_ID, CREDITCARDPROCESSORKEY, FRANCHISEEINFO_PIVOTALNUMBER, NAVISIONOVERTIMEEARNINGCODE, PAYROLLCOSTMARKUP, CREDITCARDPROCESSOR_ID, PAYROLLJOBHOURSSTANDARDPAYCODE_ID, PAYROLLSOLDBYPAYCODENEW, PAYROLLWEIGHTEDOTPAYCODE, NAME, PAYROLLFLATFEEMINIMUM, QUICKBOOKSROOTSALESACCOUNT, THREEDAYCANCELATIONPARAGRAPH, PAYROLLIDLETIMEOVERTIMEPAYCODE_ID, JOBBOOKEDALERTRECIPIENTS, ACTIVATIONLOCKED, ADDRESS_ISMILITARY, ADDRESS_STATE, BCCEMAIL, CREDITCARDPROCESSORLOGIN, ENABLEWORKORDERSEQUIPMENTFORMATTING, FRANCHISEEINFO_TRUCKSOPERATING, LICENSENUMBER, PAYROLLFLATFEE, PAYROLLIDLETIMEOTPAYCODE, PAYROLLJOBHOURSSTPAYCODE, WORLDPAYMERCHANTPIN, NAVISIONSTANDARDTIMEEARNINGCODE, PAYROLLEXPENSEDEDUCTIONTRIGGER, SERVICEFINANCEDEALERNAME, INVOICEMESSAGE, ACKNOWLEDGEMENTAGREEMENT_ORIGINALFILENAME, ADDRESS_STREET, CALIFORNIACOMPLIANTCONTRACTDOCUMENTS, DEFAULTTAXRATE, HVACDASHBOARDSECTIONS, PAYROLLTURNOVERBONUSPAYCODENEW, ADDRESS_UNIT, ENABLEWORKORDERS, FINANCEITPARTNERID, FRANCHISEEINFO_CONTRACT, SELLERFEE, ACTIVE, ADDRESS_ISMANUALCOORDINATES, GOAL, INTEGRATEDREFUNDS_ID, MODIFIEDON, PAYROLLIDLETIMESTPAYCODE, CURRENCY, FINANCEITACCOUNTEMAIL, INTACCTENTITY_ID, INVOICEHEADER, MATERIALSKUREFERENCE_SKUID, OFFICIALNAME, NOCHARGECOMMERCIAL, QUICKBOOKSOAUTHSETTINGS, IMPORTID, RECORD_CREATE_DATE, AUTHORIZATIONAGREEMENT_ORIGINALFILENAME, AUTHORIZATIONPARAGRAPH, CORPORATECONTRACTNUMBER, DIVISIONNAME, EXTERNALID, GREENSKYMERCHANTID, INSURANCECOMPANYNAME, OVERTIMEMODE, QUICKBOOKSCLASS, DATA, ESTIMATEAUTHORIZATIONPARAGRAPH, ID, SERVICEFINANCEDEALERID, OFFERCOMMERCIALGENERALLIABILITY, NOCHARGE, PAYROLLIDLETIMESTANDARDPAYCODE_ID, PAYROLLIDLETIMEDOUBLEOVERTIMEPAYCODE_ID, PAYROLLPERCENTAGEFEEMINIMUM, PAYROLLTASKBONUSPAYCODENEW, WORLDPAYACCOUNTID, ACKNOWLEDGEMENTAGREEMENT_FILENAME, ACTIVE_FLAG, ADDRESS_CITY, ADDRESS_COUNTRY, CONSTRUCTION, FRANCHISEEINFO_COMMENTS, PAYROLLPERCENTAGEFEE, DIVISION_ID, INSURANCECOMPANYPHONE, PAYMENTPROCESSOR, TURNSCONTRACTORID, PHONENUMBER, MEALAPPOINTMENT_ID]
Column names for Curated Table --> DIM_BUSINESSUNIT :: [ADDRESS_COUNTRY, ADDRESS_STREET, BANKACCOUNTPROCESSOR_ID, MEALAPPOINTMENT_ID, CREATEDBY_ID, DIVISION_ID, OFFERCOMMERCIALGENERALLIABILITY, PAYMENTPROCESSOR, PAYROLLJOBHOURSSTANDARDPAYCODE_ID, PAYROLLSOLDBYPAYCODE, TGLBONUS, NAME, PAYROLLCOSTMARKUP, PAYROLLJOBHOURSDOUBLEOVERTIMEPAYCODE_ID, LICENSENUMBER, LOGO, OVERTIMEMODE, ACKNOWLEDGEMENTAGREEMENT_ORIGINALFILENAME, AUTHORIZATIONPARAGRAPH, FINANCEITPARTNERID, WARRANTYRATE, FINANCEITACCOUNTEMAIL, PAYROLLTYPE, QUICKBOOKSCLASS, QUICKBOOKSOAUTHSETTINGS, GREENSKYMERCHANTID, CREDITCARDPROCESSORKEY, CREDITCARDPROCESSORLOGIN, CREDITCARDPROCESSOR_ID, DEFAULTTAXRATE, FRANCHISEEINFO_COMMENTS, HVACDASHBOARDSECTIONS, MODIFIEDON, WORLDPAYACCOUNTID, PAYROLLIDLETIMEDOUBLEOVERTIMEPAYCODE_ID, TENANT_TYPE, FRANCHISEEINFO_GST, RECORD_CREATE_DATE, NOCHARGE, PAYMENTOPTIONS, PAYROLLPERCENTAGEFEE, PAYROLLSOLDBYPAYCODENEW, ADDRESS_LONGITUDE, ADDRESS_ZIP, CREATEDON, INTEGRATEDREFUNDS_ID, JOBBOOKEDALERTRECIPIENTS, NAVISIONOVERTIMEEARNINGCODE, PAYROLLINVOICEBONUSPAYCODE_ID, ACTIVE, ADDRESS_STATE, AUTHORIZATIONAGREEMENT_ORIGINALFILENAME, ENABLEWORKORDERS, MATERIALSKU_ID, NAVISIONSTANDARDTIMEEARNINGCODE, PAYROLLJOBHOURSSTPAYCODE, POSTDATE, ADDRESS_ISMILITARY, ADDRESS_LATITUDE, ADDRESS_UNIT, CALIFORNIACOMPLIANTCONTRACTDOCUMENTS, ENABLEWORKORDERSEQUIPMENTFORMATTING, HIDEPRICES, INVOICEHEADER, COMMISSIONCALCULATION, EMAIL, FRANCHISEEINFO_TRUCKSOPERATING, PAYROLLIDLETIMESTANDARDPAYCODE_ID, PAYROLLIDLETIMESTPAYCODE, TRADE_ID, AUTHORIZATIONAGREEMENT_FILENAME, SERVICEFINANCEDEALERID, WORLDPAYMERCHANTPIN, BCCEMAIL, OFFERWORKERSCOMPENSATION, NAVISIONGLCODE, WORLDPAYSUBID, ACKNOWLEDGEMENTAGREEMENT_FILENAME, ACTIVATIONLOCKED, DIVISIONNAME, FINANCEITAUTHTOKEN, FRANCHISEEINFO_PIVOTALNUMBER, INSURANCECOMPANYNAME, PAYROLLWEIGHTEDOVERTIMEPAYCODE_ID, TURNSCONTRACTORID, FRANCHISEEINFO_NAME, MINIMUMROYALTYFEE, PAYROLLEXPENSEDEDUCTIONTRIGGER, PAYROLLPERCENTAGEFEEMINIMUM, RECORD_UPDATED_BY, SERVICEFINANCEDEALERNAME, ESTIMATEAUTHORIZATIONPARAGRAPH, TURNOVERMINIMUMTHRESHOLD, PAYROLLIDLETIMEOVERTIMEPAYCODE_ID, RECORD_UPDATE_DATE, ACKNOWLEDGEMENTPARAGRAPH, ADDRESS_ISMANUALCOORDINATES, INVOICEMESSAGE, MATERIALSKUREFERENCE_SKUID, MATERIALSKUREFERENCE_SKUTYPE, PAYROLLIDLETIMEOTPAYCODE, PAYROLLJOBHOURSOTPAYCODE, PAYROLLJOBHOURSOVERTIMEPAYCODE_ID, CONSTRUCTION, CORPORATECONTRACTNUMBER, DATA, NOCHARGECOMMERCIAL, NOCHARGERESIDENTIAL, PAYROLLTASKBONUSPAYCODE, PAYROLLTASKBONUSPAYCODENEW, QUICKBOOKSROOTSALESACCOUNT, ID, PAYROLLTURNOVERBONUSPAYCODENEW, ADDRESS_CITY, CURRENCY, GOAL, IMPORTID, INSURANCECOMPANYPHONE, PAYROLLTURNOVERBONUSPAYCODE, OFFICIALNAME, PAYROLLFLATFEE, PHONENUMBER, SELLERFEE, THREEDAYCANCELATIONPARAGRAPH, FRANCHISEEINFO_CONTRACT, PAYROLLFLATFEEMINIMUM, PAYROLLWEIGHTEDOTPAYCODE, INTACCTENTITY_ID, EXTERNALID]
Column Name found in Datamart and Curated Table :: ADDRESS_COUNTRY
Column Name found in Datamart and Curated Table :: ADDRESS_ISMILITARY
Column Name found in Datamart and Curated Table :: ADDRESS_STREET
Column Name found in Datamart and Curated Table :: CREATEDON
Column Name found in Datamart and Curated Table :: ENABLEWORKORDERSEQUIPMENTFORMATTING
Column Name found in Datamart and Curated Table :: DEFAULTTAXRATE
Column Name found in Datamart and Curated Table :: ENABLEWORKORDERS
Column Name found in Datamart and Curated Table :: INSURANCECOMPANYPHONE
Column Name found in Datamart and Curated Table :: JOBBOOKEDALERTRECIPIENTS
Column Name found in Datamart and Curated Table :: PAYROLLFLATFEE
Column Name found in Datamart and Curated Table :: PAYROLLTASKBONUSPAYCODENEW
Column Name found in Datamart and Curated Table :: PAYROLLJOBHOURSOVERTIMEPAYCODE_ID
Column Name found in Datamart and Curated Table :: WORLDPAYACCOUNTID
Column Name found in Datamart and Curated Table :: PAYROLLCOSTMARKUP
Column Name found in Datamart and Curated Table :: ADDRESS_CITY
Column Name found in Datamart and Curated Table :: ACKNOWLEDGEMENTAGREEMENT_FILENAME
Column Name found in Datamart and Curated Table :: ADDRESS_ZIP
Column Name found in Datamart and Curated Table :: CURRENCY
Column Name found in Datamart and Curated Table :: GOAL
Column Name found in Datamart and Curated Table :: PAYROLLJOBHOURSOTPAYCODE
Column Name found in Datamart and Curated Table :: PAYROLLPERCENTAGEFEE
Column Name found in Datamart and Curated Table :: THREEDAYCANCELATIONPARAGRAPH
Column Name found in Datamart and Curated Table :: DIVISIONNAME
Column Name found in Datamart and Curated Table :: HIDEPRICES
Column Name found in Datamart and Curated Table :: OFFERWORKERSCOMPENSATION
Column Name found in Datamart and Curated Table :: PAYROLLTURNOVERBONUSPAYCODE
Column Name found in Datamart and Curated Table :: OFFERCOMMERCIALGENERALLIABILITY
Column Name found in Datamart and Curated Table :: PAYMENTOPTIONS
Column Name found in Datamart and Curated Table :: ESTIMATEAUTHORIZATIONPARAGRAPH
Column Name found in Datamart and Curated Table :: PAYROLLSOLDBYPAYCODENEW
Column Name found in Datamart and Curated Table :: ACKNOWLEDGEMENTPARAGRAPH
Column Name found in Datamart and Curated Table :: BANKACCOUNTPROCESSOR_ID
Column Name found in Datamart and Curated Table :: DIVISION_ID
Column Name found in Datamart and Curated Table :: ID
Column Name found in Datamart and Curated Table :: MATERIALSKUREFERENCE_SKUID
Column Name found in Datamart and Curated Table :: OVERTIMEMODE
Column Name found in Datamart and Curated Table :: PAYROLLSOLDBYPAYCODE
Column Name found in Datamart and Curated Table :: COMMISSIONCALCULATION
Column Name found in Datamart and Curated Table :: MINIMUMROYALTYFEE
Column Name found in Datamart and Curated Table :: NAVISIONGLCODE
Column Name found in Datamart and Curated Table :: PAYROLLPERCENTAGEFEEMINIMUM
Column Name found in Datamart and Curated Table :: TRADE_ID
Column Name found in Datamart and Curated Table :: INTACCTENTITY_ID
Column Name found in Datamart and Curated Table :: PAYROLLJOBHOURSDOUBLEOVERTIMEPAYCODE_ID
Column Name found in Datamart and Curated Table :: ADDRESS_LATITUDE
Column Name found in Datamart and Curated Table :: ADDRESS_LONGITUDE
Column Name found in Datamart and Curated Table :: AUTHORIZATIONAGREEMENT_FILENAME
Column Name found in Datamart and Curated Table :: AUTHORIZATIONAGREEMENT_ORIGINALFILENAME
Column Name found in Datamart and Curated Table :: FINANCEITPARTNERID
Column Name found in Datamart and Curated Table :: QUICKBOOKSCLASS
Column Name found in Datamart and Curated Table :: CREDITCARDPROCESSORKEY
Column Name found in Datamart and Curated Table :: FINANCEITACCOUNTEMAIL
Column Name found in Datamart and Curated Table :: FRANCHISEEINFO_TRUCKSOPERATING
Column Name found in Datamart and Curated Table :: IMPORTID
Column Name found in Datamart and Curated Table :: MODIFIEDON
Column Name found in Datamart and Curated Table :: PAYROLLIDLETIMEDOUBLEOVERTIMEPAYCODE_ID
Column Name found in Datamart and Curated Table :: LOGO
Column Name found in Datamart and Curated Table :: NAVISIONOVERTIMEEARNINGCODE
Column Name found in Datamart and Curated Table :: NOCHARGERESIDENTIAL
Column Name found in Datamart and Curated Table :: PAYROLLTURNOVERBONUSPAYCODENEW
Column Name found in Datamart and Curated Table :: PHONENUMBER
Column Name found in Datamart and Curated Table :: POSTDATE
Column Name found in Datamart and Curated Table :: INVOICEHEADER
Column Name found in Datamart and Curated Table :: ADDRESS_ISMANUALCOORDINATES
Column Name found in Datamart and Curated Table :: CORPORATECONTRACTNUMBER
Column Name found in Datamart and Curated Table :: EMAIL
Column Name found in Datamart and Curated Table :: FRANCHISEEINFO_NAME
Column Name found in Datamart and Curated Table :: SERVICEFINANCEDEALERID
Column Name found in Datamart and Curated Table :: BCCEMAIL
Column Name found in Datamart and Curated Table :: EXTERNALID
Column Name found in Datamart and Curated Table :: NOCHARGE
Column Name found in Datamart and Curated Table :: PAYROLLIDLETIMESTPAYCODE
Column Name found in Datamart and Curated Table :: PAYROLLWEIGHTEDOTPAYCODE
Column Name found in Datamart and Curated Table :: SELLERFEE
Column Name found in Datamart and Curated Table :: WARRANTYRATE
Column Name found in Datamart and Curated Table :: PAYROLLIDLETIMESTANDARDPAYCODE_ID
Column Name found in Datamart and Curated Table :: SERVICEFINANCEDEALERNAME
Column Name found in Datamart and Curated Table :: NOCHARGECOMMERCIAL
Column Name found in Datamart and Curated Table :: MATERIALSKUREFERENCE_SKUTYPE
Column Name found in Datamart and Curated Table :: PAYROLLIDLETIMEOTPAYCODE
Column Name found in Datamart and Curated Table :: ACKNOWLEDGEMENTAGREEMENT_ORIGINALFILENAME
Column Name found in Datamart and Curated Table :: ACTIVE
Column Name found in Datamart and Curated Table :: FRANCHISEEINFO_CONTRACT
Column Name found in Datamart and Curated Table :: FRANCHISEEINFO_GST
Column Name found in Datamart and Curated Table :: FRANCHISEEINFO_PIVOTALNUMBER
Column Name found in Datamart and Curated Table :: NAME
Column Name found in Datamart and Curated Table :: QUICKBOOKSROOTSALESACCOUNT
Column Name found in Datamart and Curated Table :: WORLDPAYSUBID
Column Name found in Datamart and Curated Table :: FINANCEITAUTHTOKEN
Column Name found in Datamart and Curated Table :: FRANCHISEEINFO_COMMENTS
Column Name found in Datamart and Curated Table :: LICENSENUMBER
Column Name found in Datamart and Curated Table :: MATERIALSKU_ID
Column Name found in Datamart and Curated Table :: PAYROLLFLATFEEMINIMUM
Column Name found in Datamart and Curated Table :: PAYROLLJOBHOURSSTPAYCODE
Column Name found in Datamart and Curated Table :: WORLDPAYMERCHANTPIN
Column Name found in Datamart and Curated Table :: TGLBONUS
Column Name found in Datamart and Curated Table :: TURNSCONTRACTORID
Column Name found in Datamart and Curated Table :: PAYROLLTYPE
Column Name found in Datamart and Curated Table :: GREENSKYMERCHANTID
Column Name found in Datamart and Curated Table :: ACTIVATIONLOCKED
Column Name found in Datamart and Curated Table :: CREATEDBY_ID
Column Name found in Datamart and Curated Table :: CREDITCARDPROCESSOR_ID
Column Name found in Datamart and Curated Table :: DATA
Column Name found in Datamart and Curated Table :: CREDITCARDPROCESSORLOGIN
Column Name found in Datamart and Curated Table :: INVOICEMESSAGE
Column Name found in Datamart and Curated Table :: MEALAPPOINTMENT_ID
Column Name found in Datamart and Curated Table :: PAYROLLTASKBONUSPAYCODE
Column Name found in Datamart and Curated Table :: PAYROLLIDLETIMEOVERTIMEPAYCODE_ID
Column Name found in Datamart and Curated Table :: PAYROLLWEIGHTEDOVERTIMEPAYCODE_ID
Column Name found in Datamart and Curated Table :: TURNOVERMINIMUMTHRESHOLD
Column Name found in Datamart and Curated Table :: INTEGRATEDREFUNDS_ID
Column Name found in Datamart and Curated Table :: ADDRESS_STATE
Column Name found in Datamart and Curated Table :: ADDRESS_UNIT
Column Name found in Datamart and Curated Table :: AUTHORIZATIONPARAGRAPH
Column Name found in Datamart and Curated Table :: CONSTRUCTION
Column Name found in Datamart and Curated Table :: INSURANCECOMPANYNAME
Column Name found in Datamart and Curated Table :: OFFICIALNAME
Column Name found in Datamart and Curated Table :: NAVISIONSTANDARDTIMEEARNINGCODE
Column Name found in Datamart and Curated Table :: PAYMENTPROCESSOR
Column Name found in Datamart and Curated Table :: PAYROLLEXPENSEDEDUCTIONTRIGGER
Column Name found in Datamart and Curated Table :: PAYROLLINVOICEBONUSPAYCODE_ID
Column Name found in Datamart and Curated Table :: QUICKBOOKSOAUTHSETTINGS
Column Name found in Datamart and Curated Table :: HVACDASHBOARDSECTIONS
Column Name found in Datamart and Curated Table :: PAYROLLJOBHOURSSTANDARDPAYCODE_ID
Column Name found in Datamart and Curated Table :: CALIFORNIACOMPLIANTCONTRACTDOCUMENTS
Datamart tables contains additional column name like [ACTIVE_FLAG, RECORD_CREATE_DATE, RECORD_UPDATE_DATE, RECORD_UPDATE_DATE, MASTER_ID, TENANT_TYPE]
Curated tables contains additional column name like [RECORD_CREATE_DATE, RECORD_UPDATE_DATE, RECORD_UPDATED_BY, TENANT_TYPE]]]>
  </system-out>
  <testcase classname="testcases.RAW_DATAMART_CURATED.SnowFlake_ColumnValidation_BKPTables" name="validateColumnName_BKP" time="2.665"/>
  <system-out>
    <![CDATA[Executing Snowflake query :: SELECT COLUMN_NAME FROM DEV_ENT_RAW.INFORMATION_SCHEMA.COLUMNS WHERE TABLE_NAME='CATEGORY'and TABLE_SCHEMA='ST_CASTEEL_MATILLION'
Executing Snowflake query :: SELECT COLUMN_NAME FROM CURATED_DATAMART.INFORMATION_SCHEMA.COLUMNS WHERE TABLE_NAME='STR_CATEGORY'and TABLE_SCHEMA='ST_BKP_CASTEEL'
Executing Snowflake query :: SELECT COLUMN_NAME FROM DEV_ENT_CURATED.INFORMATION_SCHEMA.COLUMNS WHERE TABLE_NAME='DIM_CATEGORY'and TABLE_SCHEMA='MASTER_DIMENSIONS'
Column names for RAW Table --> CATEGORY :: [ACTIVE, CATEGORYTYPE, CREATEDON, POSITION, BUSINESSUNIT_ID, SOURCEVERSION, HIDEINMOBILE, SKUIMAGES, AVALARACOMMERCIALTAXCODE, SUPPLIERIMAGES, CREATEDBY_ID, DESCRIPTION, ID, IMAGE, NAME, PARENT_ID, AVALARARESIDENTIALTAXCODE, IMPORTID, EXTERNALID, SOURCE]
Column names for DataMart Table --> STR_CATEGORY :: [BUSINESSUNIT_ID, HIDEINMOBILE, SUPPLIERIMAGES, CREATEDBY_ID, IMAGE, POSITION, CATEGORYTYPE, SKUIMAGES, SOURCE, TENANT_TYPE, ID, IMPORTID, PARENT_ID, RECORD_CREATE_DATE, AVALARARESIDENTIALTAXCODE, ACTIVE_FLAG, AVALARACOMMERCIALTAXCODE, CREATEDON, ACTIVE, DESCRIPTION, EXTERNALID, NAME, RECORD_UPDATE_DATE, MASTER_ID, SOURCEVERSION]
Column names for Curated Table --> DIM_CATEGORY :: [AVALARARESIDENTIALTAXCODE, POSITION, SOURCEVERSION, IMAGE, ACTIVE, IMPORTID, NAME, SKUIMAGES, CREATEDBY_ID, PARENT_ID, SOURCE, DESCRIPTION, EXTERNALID, SUPPLIERIMAGES, AVALARACOMMERCIALTAXCODE, BUSINESSUNIT_ID, CATEGORYTYPE, ID, RECORD_UPDATE_DATE, TENANT_TYPE, RECORD_UPDATED_BY, CREATEDON, HIDEINMOBILE, RECORD_CREATE_DATE]
Column Name found in Datamart and Curated Table :: ACTIVE
Column Name found in Datamart and Curated Table :: CATEGORYTYPE
Column Name found in Datamart and Curated Table :: CREATEDON
Column Name found in Datamart and Curated Table :: POSITION
Column Name found in Datamart and Curated Table :: BUSINESSUNIT_ID
Column Name found in Datamart and Curated Table :: SOURCEVERSION
Column Name found in Datamart and Curated Table :: HIDEINMOBILE
Column Name found in Datamart and Curated Table :: SKUIMAGES
Column Name found in Datamart and Curated Table :: AVALARACOMMERCIALTAXCODE
Column Name found in Datamart and Curated Table :: SUPPLIERIMAGES
Column Name found in Datamart and Curated Table :: CREATEDBY_ID
Column Name found in Datamart and Curated Table :: DESCRIPTION
Column Name found in Datamart and Curated Table :: ID
Column Name found in Datamart and Curated Table :: IMAGE
Column Name found in Datamart and Curated Table :: NAME
Column Name found in Datamart and Curated Table :: PARENT_ID
Column Name found in Datamart and Curated Table :: AVALARARESIDENTIALTAXCODE
Column Name found in Datamart and Curated Table :: IMPORTID
Column Name found in Datamart and Curated Table :: EXTERNALID
Column Name found in Datamart and Curated Table :: SOURCE
Datamart tables contains additional column name like [ACTIVE_FLAG, RECORD_CREATE_DATE, RECORD_UPDATE_DATE, RECORD_UPDATE_DATE, MASTER_ID, TENANT_TYPE]
Curated tables contains additional column name like [RECORD_CREATE_DATE, RECORD_UPDATE_DATE, RECORD_UPDATED_BY, TENANT_TYPE]]]>
  </system-out>
  <testcase classname="testcases.RAW_DATAMART_CURATED.SnowFlake_ColumnValidation_BKPTables" name="validateColumnName_BKP" time="2.371"/>
  <system-out>
    <![CDATA[Executing Snowflake query :: SELECT COLUMN_NAME FROM DEV_ENT_RAW.INFORMATION_SCHEMA.COLUMNS WHERE TABLE_NAME='TIMESHEETCODE'and TABLE_SCHEMA='ST_HENDERSON_MATILLION'
Executing Snowflake query :: SELECT COLUMN_NAME FROM CURATED_DATAMART.INFORMATION_SCHEMA.COLUMNS WHERE TABLE_NAME='STR_TIMESHEETCODE'and TABLE_SCHEMA='ST_BKP_HENDERSON'
Executing Snowflake query :: SELECT COLUMN_NAME FROM DEV_ENT_CURATED.INFORMATION_SCHEMA.COLUMNS WHERE TABLE_NAME='DIM_TIMESHEETCODE'and TABLE_SCHEMA='MASTER_DIMENSIONS'
Column names for RAW Table --> TIMESHEETCODE :: [ADDRESS_STREET, APPLICABLEEMPLOYEETYPE, RATEMULTIPLIER, CREATEDON, DOUBLEOVERTIMEPAYCODE_ID, ADDRESS_COUNTRY, ADDRESS_LONGITUDE, ADDRESS_ZIP, TYPE, ENABLESIMPLECLOCKINOUT, ID, DEDUCTCOMMUTETIME, SENDALERTSONMOBILE, VISIBILITY, ADDRESS_UNIT, DESCRIPTION, ADDRESS_CITY, CREATEDBY_ID, ISAUTOCLOCKINENABLED, OVERTIMEPAYCODE_ID, STPAYCODE, OTPAYCODE, ROUTEAROUNDNJA, BUSINESSUNIT_ID, CODE, COUNTONJOBCOUNTER, EXCLUDEABSENTEVENT, HOURLYRATE, ISDEFAULTSHOPTIME, OVERTIMEPAYROLLCONTROLCODE_ID, STANDARDPAYCODE_ID, ACTIVE, ADDRESS_ISMANUALCOORDINATES, ADDRESS_ISMILITARY, EVENTNAME, GEOFENCECLOCKINMODE, IMPORTID, ADDRESS_LATITUDE, ADDRESS_STATE, CUSTOMHOURLYRATE, PAYROLLPOSTINGGROUP_ID, STANDARDPAYROLLCONTROLCODE_ID]
Column names for DataMart Table --> STR_TIMESHEETCODE :: [ADDRESS_COUNTRY, ADDRESS_LONGITUDE, ADDRESS_STATE, CODE, COUNTONJOBCOUNTER, RECORD_CREATE_DATE, CUSTOMHOURLYRATE, ADDRESS_ZIP, CREATEDON, VISIBILITY, OVERTIMEPAYCODE_ID, IMPORTID, ACTIVE, APPLICABLEEMPLOYEETYPE, BUSINESSUNIT_ID, EXCLUDEABSENTEVENT, HOURLYRATE, ROUTEAROUNDNJA, STANDARDPAYROLLCONTROLCODE_ID, TENANT_TYPE, OVERTIMEPAYROLLCONTROLCODE_ID, STPAYCODE, ADDRESS_CITY, ADDRESS_ISMILITARY, DEDUCTCOMMUTETIME, GEOFENCECLOCKINMODE, ID, PAYROLLPOSTINGGROUP_ID, ADDRESS_ISMANUALCOORDINATES, ADDRESS_UNIT, DOUBLEOVERTIMEPAYCODE_ID, DESCRIPTION, RECORD_UPDATE_DATE, SENDALERTSONMOBILE, ACTIVE_FLAG, OTPAYCODE, STANDARDPAYCODE_ID, ISDEFAULTSHOPTIME, TYPE, ADDRESS_LATITUDE, ADDRESS_STREET, MASTER_ID, ISAUTOCLOCKINENABLED, CREATEDBY_ID, ENABLESIMPLECLOCKINOUT, EVENTNAME, RATEMULTIPLIER]
Column names for Curated Table --> DIM_TIMESHEETCODE :: [ADDRESS_STREET, ADDRESS_ZIP, CUSTOMHOURLYRATE, DOUBLEOVERTIMEPAYCODE_ID, ENABLESIMPLECLOCKINOUT, DESCRIPTION, ADDRESS_ISMANUALCOORDINATES, ADDRESS_LONGITUDE, IMPORTID, CREATEDON, DEDUCTCOMMUTETIME, ID, ADDRESS_LATITUDE, CREATEDBY_ID, GEOFENCECLOCKINMODE, ROUTEAROUNDNJA, HOURLYRATE, RECORD_UPDATED_BY, RECORD_UPDATE_DATE, ADDRESS_UNIT, CODE, STANDARDPAYCODE_ID, OTPAYCODE, STPAYCODE, APPLICABLEEMPLOYEETYPE, OVERTIMEPAYCODE_ID, RATEMULTIPLIER, STANDARDPAYROLLCONTROLCODE_ID, EXCLUDEABSENTEVENT, PAYROLLPOSTINGGROUP_ID, TYPE, VISIBILITY, OVERTIMEPAYROLLCONTROLCODE_ID, ADDRESS_ISMILITARY, ADDRESS_STATE, ISDEFAULTSHOPTIME, ACTIVE, ADDRESS_CITY, BUSINESSUNIT_ID, COUNTONJOBCOUNTER, EVENTNAME, SENDALERTSONMOBILE, ADDRESS_COUNTRY, ISAUTOCLOCKINENABLED, TENANT_TYPE, RECORD_CREATE_DATE]
Column Name found in Datamart and Curated Table :: ADDRESS_STREET
Column Name found in Datamart and Curated Table :: APPLICABLEEMPLOYEETYPE
Column Name found in Datamart and Curated Table :: RATEMULTIPLIER
Column Name found in Datamart and Curated Table :: CREATEDON
Column Name found in Datamart and Curated Table :: DOUBLEOVERTIMEPAYCODE_ID
Column Name found in Datamart and Curated Table :: ADDRESS_COUNTRY
Column Name found in Datamart and Curated Table :: ADDRESS_LONGITUDE
Column Name found in Datamart and Curated Table :: ADDRESS_ZIP
Column Name found in Datamart and Curated Table :: TYPE
Column Name found in Datamart and Curated Table :: ENABLESIMPLECLOCKINOUT
Column Name found in Datamart and Curated Table :: ID
Column Name found in Datamart and Curated Table :: DEDUCTCOMMUTETIME
Column Name found in Datamart and Curated Table :: SENDALERTSONMOBILE
Column Name found in Datamart and Curated Table :: VISIBILITY
Column Name found in Datamart and Curated Table :: ADDRESS_UNIT
Column Name found in Datamart and Curated Table :: DESCRIPTION
Column Name found in Datamart and Curated Table :: ADDRESS_CITY
Column Name found in Datamart and Curated Table :: CREATEDBY_ID
Column Name found in Datamart and Curated Table :: ISAUTOCLOCKINENABLED
Column Name found in Datamart and Curated Table :: OVERTIMEPAYCODE_ID
Column Name found in Datamart and Curated Table :: STPAYCODE
Column Name found in Datamart and Curated Table :: OTPAYCODE
Column Name found in Datamart and Curated Table :: ROUTEAROUNDNJA
Column Name found in Datamart and Curated Table :: BUSINESSUNIT_ID
Column Name found in Datamart and Curated Table :: CODE
Column Name found in Datamart and Curated Table :: COUNTONJOBCOUNTER
Column Name found in Datamart and Curated Table :: EXCLUDEABSENTEVENT
Column Name found in Datamart and Curated Table :: HOURLYRATE
Column Name found in Datamart and Curated Table :: ISDEFAULTSHOPTIME
Column Name found in Datamart and Curated Table :: OVERTIMEPAYROLLCONTROLCODE_ID
Column Name found in Datamart and Curated Table :: STANDARDPAYCODE_ID
Column Name found in Datamart and Curated Table :: ACTIVE
Column Name found in Datamart and Curated Table :: ADDRESS_ISMANUALCOORDINATES
Column Name found in Datamart and Curated Table :: ADDRESS_ISMILITARY
Column Name found in Datamart and Curated Table :: EVENTNAME
Column Name found in Datamart and Curated Table :: GEOFENCECLOCKINMODE
Column Name found in Datamart and Curated Table :: IMPORTID
Column Name found in Datamart and Curated Table :: ADDRESS_LATITUDE
Column Name found in Datamart and Curated Table :: ADDRESS_STATE
Column Name found in Datamart and Curated Table :: CUSTOMHOURLYRATE
Column Name found in Datamart and Curated Table :: PAYROLLPOSTINGGROUP_ID
Column Name found in Datamart and Curated Table :: STANDARDPAYROLLCONTROLCODE_ID
Datamart tables contains additional column name like [ACTIVE_FLAG, RECORD_CREATE_DATE, RECORD_UPDATE_DATE, RECORD_UPDATE_DATE, MASTER_ID, TENANT_TYPE]
Curated tables contains additional column name like [RECORD_CREATE_DATE, RECORD_UPDATE_DATE, RECORD_UPDATED_BY, TENANT_TYPE]]]>
  </system-out>
  <testcase classname="testcases.RAW_DATAMART_CURATED.SnowFlake_ColumnValidation_BKPTables" name="validateColumnName_BKP" time="11.364"/>
  <system-out>
    <![CDATA[Executing Snowflake query :: SELECT COLUMN_NAME FROM DEV_ENT_RAW.INFORMATION_SCHEMA.COLUMNS WHERE TABLE_NAME='CAMPAIGN'and TABLE_SCHEMA='ST_BILLFENWICK_MATILLION'
Executing Snowflake query :: SELECT COLUMN_NAME FROM CURATED_DATAMART.INFORMATION_SCHEMA.COLUMNS WHERE TABLE_NAME='STR_CAMPAIGN'and TABLE_SCHEMA='ST_BKP_BILLFENWICK'
Executing Snowflake query :: SELECT COLUMN_NAME FROM DEV_ENT_CURATED.INFORMATION_SCHEMA.COLUMNS WHERE TABLE_NAME='DIM_CAMPAIGN'and TABLE_SCHEMA='MASTER_DIMENSIONS'
Column names for RAW Table --> CAMPAIGN :: [CREATEDBY_ID, NAME, BUSINESSUNIT_ID, ACTIVE, CATEGORY_ID, MODIFIEDON, ID, IMPORTID, IMAGE, COST, DNIS, CREATEDON, MODIFIEDBY_ID]
Column names for DataMart Table --> STR_CAMPAIGN :: [MASTER_ID, IMAGE, NAME, ACTIVE_FLAG, RECORD_CREATE_DATE, DNIS, IMPORTID, ACTIVE, CATEGORY_ID, ID, CREATEDBY_ID, MODIFIEDBY_ID, RECORD_UPDATE_DATE, BUSINESSUNIT_ID, TENANT_TYPE, COST, MODIFIEDON, CREATEDON]
Column names for Curated Table --> DIM_CAMPAIGN :: [IMAGE, MODIFIEDBY_ID, CATEGORY_ID, NAME, RECORD_CREATE_DATE, ACTIVE, COST, CREATEDBY_ID, IMPORTID, CREATEDON, BUSINESSUNIT_ID, ID, RECORD_UPDATED_BY, MODIFIEDON, DNIS, RECORD_UPDATE_DATE, TENANT_TYPE]
Column Name found in Datamart and Curated Table :: CREATEDBY_ID
Column Name found in Datamart and Curated Table :: NAME
Column Name found in Datamart and Curated Table :: BUSINESSUNIT_ID
Column Name found in Datamart and Curated Table :: ACTIVE
Column Name found in Datamart and Curated Table :: CATEGORY_ID
Column Name found in Datamart and Curated Table :: MODIFIEDON
Column Name found in Datamart and Curated Table :: ID
Column Name found in Datamart and Curated Table :: IMPORTID
Column Name found in Datamart and Curated Table :: IMAGE
Column Name found in Datamart and Curated Table :: COST
Column Name found in Datamart and Curated Table :: DNIS
Column Name found in Datamart and Curated Table :: CREATEDON
Column Name found in Datamart and Curated Table :: MODIFIEDBY_ID
Datamart tables contains additional column name like [ACTIVE_FLAG, RECORD_CREATE_DATE, RECORD_UPDATE_DATE, RECORD_UPDATE_DATE, MASTER_ID, TENANT_TYPE]
Curated tables contains additional column name like [RECORD_CREATE_DATE, RECORD_UPDATE_DATE, RECORD_UPDATED_BY, TENANT_TYPE]]]>
  </system-out>
  <testcase classname="testcases.RAW_DATAMART_CURATED.SnowFlake_ColumnValidation_BKPTables" name="validateColumnName_BKP" time="2.867"/>
  <system-out>
    <![CDATA[Executing Snowflake query :: SELECT COLUMN_NAME FROM DEV_ENT_RAW.INFORMATION_SCHEMA.COLUMNS WHERE TABLE_NAME='CONTACT'and TABLE_SCHEMA='ST_FOURPROS_MATILLION'
Executing Snowflake query :: SELECT COLUMN_NAME FROM CURATED_DATAMART.INFORMATION_SCHEMA.COLUMNS WHERE TABLE_NAME='STR_CONTACT'and TABLE_SCHEMA='ST_BKP_FOURPROS'
Executing Snowflake query :: SELECT COLUMN_NAME FROM DEV_ENT_CURATED.INFORMATION_SCHEMA.COLUMNS WHERE TABLE_NAME='DIM_CONTACT'and TABLE_SCHEMA='MASTER_DIMENSIONS'
Column names for RAW Table --> CONTACT :: [REVERSEPHONE, INVOICESTATEMENTNOTIFICATION, ID, MARKETINGUPDATESENABLED, MESSAGESENABLED, IMPORTID, JOBREMINDERSENABLED, MEMO, OWNER_ID, ACTIVE, CREATEDBY_ID, TYPE, CREATEDON, MODIFIEDON, VALUE]
Column names for DataMart Table --> STR_CONTACT :: [IMPORTID, MARKETINGUPDATESENABLED, TENANT_TYPE, ACTIVE, REVERSEPHONE, JOBREMINDERSENABLED, MESSAGESENABLED, MODIFIEDON, ACTIVE_FLAG, ID, RECORD_CREATE_DATE, MASTER_ID, OWNER_ID, RECORD_UPDATE_DATE, CREATEDON, CREATEDBY_ID, TYPE, VALUE, INVOICESTATEMENTNOTIFICATION, MEMO]
Column names for Curated Table --> DIM_CONTACT :: [MESSAGESENABLED, MODIFIEDON, CREATEDON, MEMO, OWNER_ID, CREATEDBY_ID, MARKETINGUPDATESENABLED, REVERSEPHONE, ID, IMPORTID, JOBREMINDERSENABLED, INVOICESTATEMENTNOTIFICATION, RECORD_CREATE_DATE, RECORD_UPDATED_BY, TENANT_TYPE, ACTIVE, RECORD_UPDATE_DATE, VALUE, TYPE]
Column Name found in Datamart and Curated Table :: REVERSEPHONE
Column Name found in Datamart and Curated Table :: INVOICESTATEMENTNOTIFICATION
Column Name found in Datamart and Curated Table :: ID
Column Name found in Datamart and Curated Table :: MARKETINGUPDATESENABLED
Column Name found in Datamart and Curated Table :: MESSAGESENABLED
Column Name found in Datamart and Curated Table :: IMPORTID
Column Name found in Datamart and Curated Table :: JOBREMINDERSENABLED
Column Name found in Datamart and Curated Table :: MEMO
Column Name found in Datamart and Curated Table :: OWNER_ID
Column Name found in Datamart and Curated Table :: ACTIVE
Column Name found in Datamart and Curated Table :: CREATEDBY_ID
Column Name found in Datamart and Curated Table :: TYPE
Column Name found in Datamart and Curated Table :: CREATEDON
Column Name found in Datamart and Curated Table :: MODIFIEDON
Column Name found in Datamart and Curated Table :: VALUE
Datamart tables contains additional column name like [ACTIVE_FLAG, RECORD_CREATE_DATE, RECORD_UPDATE_DATE, RECORD_UPDATE_DATE, MASTER_ID, TENANT_TYPE]
Curated tables contains additional column name like [RECORD_CREATE_DATE, RECORD_UPDATE_DATE, RECORD_UPDATED_BY, TENANT_TYPE]]]>
  </system-out>
  <testcase classname="testcases.RAW_DATAMART_CURATED.SnowFlake_ColumnValidation_BKPTables" name="validateColumnName_BKP" time="2.658"/>
  <system-out>
    <![CDATA[Executing Snowflake query :: SELECT COLUMN_NAME FROM DEV_ENT_RAW.INFORMATION_SCHEMA.COLUMNS WHERE TABLE_NAME='TAGTYPE'and TABLE_SCHEMA='ST_SNELLHEATINGAIR_MATILLION'
Executing Snowflake query :: SELECT COLUMN_NAME FROM CURATED_DATAMART.INFORMATION_SCHEMA.COLUMNS WHERE TABLE_NAME='STR_TAGTYPE'and TABLE_SCHEMA='ST_BKP_SNELLHEATINGAIR'
Executing Snowflake query :: SELECT COLUMN_NAME FROM DEV_ENT_CURATED.INFORMATION_SCHEMA.COLUMNS WHERE TABLE_NAME='DIM_TAGTYPE'and TABLE_SCHEMA='MASTER_DIMENSIONS'
Column names for RAW Table --> TAGTYPE :: [CREATEDON, CODE, CREATEDBY_ID, FONTCOLOR, IMPORTANCE, IMPORTID, ISCONVERSIONOPPORTUNITY, ISALWAYSVISIBLE, NAME, ACTIVE, ISVISIBLEONDISPATCHBOARD, MODIFIEDON, COLOR, PROJECTEDVALUEADJUSTMENT, ID]
Column names for DataMart Table --> STR_TAGTYPE :: [CREATEDON, ACTIVE_FLAG, CREATEDBY_ID, ID, IMPORTANCE, PROJECTEDVALUEADJUSTMENT, COLOR, ISCONVERSIONOPPORTUNITY, RECORD_UPDATE_DATE, TENANT_TYPE, ISALWAYSVISIBLE, ISVISIBLEONDISPATCHBOARD, ACTIVE, IMPORTID, MASTER_ID, NAME, RECORD_CREATE_DATE, MODIFIEDON, FONTCOLOR, CODE]
Column names for Curated Table --> DIM_TAGTYPE :: [ACTIVE, CODE, FONTCOLOR, IMPORTANCE, TENANT_TYPE, NAME, CREATEDBY_ID, ID, MODIFIEDON, RECORD_UPDATED_BY, COLOR, CREATEDON, RECORD_UPDATE_DATE, ISCONVERSIONOPPORTUNITY, PROJECTEDVALUEADJUSTMENT, RECORD_CREATE_DATE, ISALWAYSVISIBLE, IMPORTID, ISVISIBLEONDISPATCHBOARD]
Column Name found in Datamart and Curated Table :: CREATEDON
Column Name found in Datamart and Curated Table :: CODE
Column Name found in Datamart and Curated Table :: CREATEDBY_ID
Column Name found in Datamart and Curated Table :: FONTCOLOR
Column Name found in Datamart and Curated Table :: IMPORTANCE
Column Name found in Datamart and Curated Table :: IMPORTID
Column Name found in Datamart and Curated Table :: ISCONVERSIONOPPORTUNITY
Column Name found in Datamart and Curated Table :: ISALWAYSVISIBLE
Column Name found in Datamart and Curated Table :: NAME
Column Name found in Datamart and Curated Table :: ACTIVE
Column Name found in Datamart and Curated Table :: ISVISIBLEONDISPATCHBOARD
Column Name found in Datamart and Curated Table :: MODIFIEDON
Column Name found in Datamart and Curated Table :: COLOR
Column Name found in Datamart and Curated Table :: PROJECTEDVALUEADJUSTMENT
Column Name found in Datamart and Curated Table :: ID
Datamart tables contains additional column name like [ACTIVE_FLAG, RECORD_CREATE_DATE, RECORD_UPDATE_DATE, RECORD_UPDATE_DATE, MASTER_ID, TENANT_TYPE]
Curated tables contains additional column name like [RECORD_CREATE_DATE, RECORD_UPDATE_DATE, RECORD_UPDATED_BY, TENANT_TYPE]]]>
  </system-out>
  <testcase classname="testcases.RAW_DATAMART_CURATED.SnowFlake_ColumnValidation_BKPTables" name="validateColumnName_BKP" time="2.250"/>
  <system-out>
    <![CDATA[Executing Snowflake query :: SELECT COLUMN_NAME FROM DEV_ENT_RAW.INFORMATION_SCHEMA.COLUMNS WHERE TABLE_NAME='INVOICE'and TABLE_SCHEMA='ST_SNELLHEATINGAIR_MATILLION'
Executing Snowflake query :: SELECT COLUMN_NAME FROM CURATED_DATAMART.INFORMATION_SCHEMA.COLUMNS WHERE TABLE_NAME='STR_INVOICE'and TABLE_SCHEMA='ST_BKP_SNELLHEATINGAIR'
Executing Snowflake query :: SELECT COLUMN_NAME FROM DEV_ENT_CURATED.INFORMATION_SCHEMA.COLUMNS WHERE TABLE_NAME='FACT_INVOICE'and TABLE_SCHEMA='MASTER_DIMENSIONS'
Column names for RAW Table --> INVOICE :: [BALANCE, EXTERNALID, NETAMOUNT, PAYROLLDATE, CUSTOMER_ID, SUMMARY, TOTAL, AUTHORIZATIONSIGNATURE, EXPORTID, FEETOTAL, MODIFIEDON, PROJECT_ID, PROJECTLABELS, TECHNICIANACKNOWLEDGEMENTSIGNATURE, CREATEDON, ROYALTY_SENTON, TYPE_ID, ACKNOWLEDGEMENTSIGNATURE, DISCOUNTTOTAL, IMPORTID, MATERIALSKU_ID, MATERIALSKUREFERENCE_SKUTYPE, NEWCONSTRUCTION, BILLINGDATE, TAX, ACTIVE, COUNTERSALESLOCATION_ID, INCLUDEINTECHNICIANREPORTS, INVOICEDON, JOB_ID, MATERIALTAX, NUMBER, SIGNATURE, BATCH_ID, BUSINESSUNIT_ID, COMMISSIONELIGIBILITYDATE, FEETAX, MEMBERSHIP_ID, LOCATION_ID, ROYALTY_STATUS, PAIDON, ADJUSTMENTTO_ID, AUTHORIZEDAMOUNT, ROYALTY_MEMO, EXCLUDEFROMPAYROLL, NUMERICNUMBER, PAYMENTDUEDATE, ID, MATERIALSKUREFERENCE_SKUID, PAYMENTTERM_ID, SUBTOTAL, TAXZONE_ID, CONFIGURATION, LABORTAX, ROYALTY_DATE, CREATEDBY_ID, STATUS]
Column names for DataMart Table --> STR_INVOICE :: [BATCH_ID, EXPORTID, PROJECTLABELS, PROJECT_ID, PAYMENTTERM_ID, JOB_ID, ACTIVE, AUTHORIZEDAMOUNT, ID, INVOICEDON, MATERIALTAX, CREATEDON, NEWCONSTRUCTION, MATERIALSKUREFERENCE_SKUID, TAXZONE_ID, SUBTOTAL, BILLINGDATE, FEETOTAL, IMPORTID, NETAMOUNT, PAIDON, STATUS, TAX, TECHNICIANACKNOWLEDGEMENTSIGNATURE, BALANCE, CONFIGURATION, EXTERNALID, FEETAX, MATERIALSKU_ID, ROYALTY_DATE, ACTIVE_FLAG, ROYALTY_MEMO, BUSINESSUNIT_ID, EXCLUDEFROMPAYROLL, INCLUDEINTECHNICIANREPORTS, LABORTAX, RECORD_CREATE_DATE, SIGNATURE, MEMBERSHIP_ID, TENANT_TYPE, TOTAL, ACKNOWLEDGEMENTSIGNATURE, CREATEDBY_ID, MASTER_ID, PAYMENTDUEDATE, COMMISSIONELIGIBILITYDATE, MODIFIEDON, PAYROLLDATE, TYPE_ID, CUSTOMER_ID, SUMMARY, ADJUSTMENTTO_ID, AUTHORIZATIONSIGNATURE, COUNTERSALESLOCATION_ID, DISCOUNTTOTAL, LOCATION_ID, NUMBER, NUMERICNUMBER, ROYALTY_SENTON, MATERIALSKUREFERENCE_SKUTYPE, ROYALTY_STATUS, RECORD_UPDATE_DATE]
Column names for Curated Table --> FACT_INVOICE :: [CONFIGURATION, EXPORTID, EXTERNALID, MATERIALSKUREFERENCE_SKUTYPE, RECORD_UPDATED_BY, ROYALTY_DATE, FEETAX, TAX, TOTAL, BALANCE, BUSINESSUNIT_ID, CREATEDON, PAYMENTDUEDATE, PROJECT_ID, NETAMOUNT, NUMERICNUMBER, ROYALTY_SENTON, NUMBER, DISCOUNTTOTAL, EXCLUDEFROMPAYROLL, INCLUDEINTECHNICIANREPORTS, MODIFIEDON, STATUS, TENANT_TYPE, NEWCONSTRUCTION, ACKNOWLEDGEMENTSIGNATURE, ADJUSTMENTTO_ID, CREATEDBY_ID, CUSTOMER_ID, FEETOTAL, INVOICEDON, PAIDON, TYPE_ID, JOB_ID, LABORTAX, LOCATION_ID, ROYALTY_STATUS, SUMMARY, PROJECTLABELS, MATERIALSKUREFERENCE_SKUID, MATERIALSKU_ID, MEMBERSHIP_ID, COMMISSIONELIGIBILITYDATE, RECORD_CREATE_DATE, RECORD_UPDATE_DATE, SIGNATURE, AUTHORIZATIONSIGNATURE, BILLINGDATE, IMPORTID, TECHNICIANACKNOWLEDGEMENTSIGNATURE, AUTHORIZEDAMOUNT, ID, PAYROLLDATE, ACTIVE, COUNTERSALESLOCATION_ID, PAYMENTTERM_ID, SUBTOTAL, BATCH_ID, MATERIALTAX, ROYALTY_MEMO, TAXZONE_ID]
Column Name found in Datamart and Curated Table :: BALANCE
Column Name found in Datamart and Curated Table :: EXTERNALID
Column Name found in Datamart and Curated Table :: NETAMOUNT
Column Name found in Datamart and Curated Table :: PAYROLLDATE
Column Name found in Datamart and Curated Table :: CUSTOMER_ID
Column Name found in Datamart and Curated Table :: SUMMARY
Column Name found in Datamart and Curated Table :: TOTAL
Column Name found in Datamart and Curated Table :: AUTHORIZATIONSIGNATURE
Column Name found in Datamart and Curated Table :: EXPORTID
Column Name found in Datamart and Curated Table :: FEETOTAL
Column Name found in Datamart and Curated Table :: MODIFIEDON
Column Name found in Datamart and Curated Table :: PROJECT_ID
Column Name found in Datamart and Curated Table :: PROJECTLABELS
Column Name found in Datamart and Curated Table :: TECHNICIANACKNOWLEDGEMENTSIGNATURE
Column Name found in Datamart and Curated Table :: CREATEDON
Column Name found in Datamart and Curated Table :: ROYALTY_SENTON
Column Name found in Datamart and Curated Table :: TYPE_ID
Column Name found in Datamart and Curated Table :: ACKNOWLEDGEMENTSIGNATURE
Column Name found in Datamart and Curated Table :: DISCOUNTTOTAL
Column Name found in Datamart and Curated Table :: IMPORTID
Column Name found in Datamart and Curated Table :: MATERIALSKU_ID
Column Name found in Datamart and Curated Table :: MATERIALSKUREFERENCE_SKUTYPE
Column Name found in Datamart and Curated Table :: NEWCONSTRUCTION
Column Name found in Datamart and Curated Table :: BILLINGDATE
Column Name found in Datamart and Curated Table :: TAX
Column Name found in Datamart and Curated Table :: ACTIVE
Column Name found in Datamart and Curated Table :: COUNTERSALESLOCATION_ID
Column Name found in Datamart and Curated Table :: INCLUDEINTECHNICIANREPORTS
Column Name found in Datamart and Curated Table :: INVOICEDON
Column Name found in Datamart and Curated Table :: JOB_ID
Column Name found in Datamart and Curated Table :: MATERIALTAX
Column Name found in Datamart and Curated Table :: NUMBER
Column Name found in Datamart and Curated Table :: SIGNATURE
Column Name found in Datamart and Curated Table :: BATCH_ID
Column Name found in Datamart and Curated Table :: BUSINESSUNIT_ID
Column Name found in Datamart and Curated Table :: COMMISSIONELIGIBILITYDATE
Column Name found in Datamart and Curated Table :: FEETAX
Column Name found in Datamart and Curated Table :: MEMBERSHIP_ID
Column Name found in Datamart and Curated Table :: LOCATION_ID
Column Name found in Datamart and Curated Table :: ROYALTY_STATUS
Column Name found in Datamart and Curated Table :: PAIDON
Column Name found in Datamart and Curated Table :: ADJUSTMENTTO_ID
Column Name found in Datamart and Curated Table :: AUTHORIZEDAMOUNT
Column Name found in Datamart and Curated Table :: ROYALTY_MEMO
Column Name found in Datamart and Curated Table :: EXCLUDEFROMPAYROLL
Column Name found in Datamart and Curated Table :: NUMERICNUMBER
Column Name found in Datamart and Curated Table :: PAYMENTDUEDATE
Column Name found in Datamart and Curated Table :: ID
Column Name found in Datamart and Curated Table :: MATERIALSKUREFERENCE_SKUID
Column Name found in Datamart and Curated Table :: PAYMENTTERM_ID
Column Name found in Datamart and Curated Table :: SUBTOTAL
Column Name found in Datamart and Curated Table :: TAXZONE_ID
Column Name found in Datamart and Curated Table :: CONFIGURATION
Column Name found in Datamart and Curated Table :: LABORTAX
Column Name found in Datamart and Curated Table :: ROYALTY_DATE
Column Name found in Datamart and Curated Table :: CREATEDBY_ID
Column Name found in Datamart and Curated Table :: STATUS
Datamart tables contains additional column name like [ACTIVE_FLAG, RECORD_CREATE_DATE, RECORD_UPDATE_DATE, RECORD_UPDATE_DATE, MASTER_ID, TENANT_TYPE]
Curated tables contains additional column name like [RECORD_CREATE_DATE, RECORD_UPDATE_DATE, RECORD_UPDATED_BY, TENANT_TYPE]]]>
  </system-out>
  <testcase classname="testcases.RAW_DATAMART_CURATED.SnowFlake_ColumnValidation_BKPTables" name="validateColumnName_BKP" time="2.584">
    <failure message="The following asserts failed:
	null,
	null" type="java.lang.AssertionError">
      <![CDATA[java.lang.AssertionError: The following asserts failed:
null,
null
at org.testng.asserts.SoftAssert.assertAll(SoftAssert.java:47)
at org.testng.asserts.SoftAssert.assertAll(SoftAssert.java:31)
at testcases.RAW_DATAMART_CURATED.SnowFlake_ColumnValidation_BKPTables.validateColumnName_BKP(SnowFlake_ColumnValidation_BKPTables.java:120)
at jdk.internal.reflect.GeneratedMethodAccessor38.invoke(Unknown Source)
at java.base/jdk.internal.reflect.DelegatingMethodAccessorImpl.invoke(DelegatingMethodAccessorImpl.java:43)
at java.base/java.lang.reflect.Method.invoke(Method.java:568)
at org.testng.internal.MethodInvocationHelper.invokeMethod(MethodInvocationHelper.java:133)
at org.testng.internal.TestInvoker.invokeMethod(TestInvoker.java:598)
at org.testng.internal.TestInvoker.invokeTestMethod(TestInvoker.java:173)
at org.testng.internal.MethodRunner.runInSequence(MethodRunner.java:46)
at org.testng.internal.TestInvoker$MethodInvocationAgent.invoke(TestInvoker.java:824)
at org.testng.internal.TestInvoker.invokeTestMethods(TestInvoker.java:146)
at org.testng.internal.TestMethodWorker.invokeTestMethods(TestMethodWorker.java:146)
at org.testng.internal.TestMethodWorker.run(TestMethodWorker.java:128)
at java.base/java.util.ArrayList.forEach(ArrayList.java:1511)
at org.testng.TestRunner.privateRun(TestRunner.java:794)
at org.testng.TestRunner.run(TestRunner.java:596)
at org.testng.SuiteRunner.runTest(SuiteRunner.java:377)
at org.testng.SuiteRunner.runSequentially(SuiteRunner.java:371)
at org.testng.SuiteRunner.privateRun(SuiteRunner.java:332)
at org.testng.SuiteRunner.run(SuiteRunner.java:276)
at org.testng.SuiteRunnerWorker.runSuite(SuiteRunnerWorker.java:53)
at org.testng.SuiteRunnerWorker.run(SuiteRunnerWorker.java:96)
at org.testng.TestNG.runSuitesSequentially(TestNG.java:1212)
at org.testng.TestNG.runSuitesLocally(TestNG.java:1134)
at org.testng.TestNG.runSuites(TestNG.java:1063)
at org.testng.TestNG.run(TestNG.java:1031)
at org.testng.remote.AbstractRemoteTestNG.run(AbstractRemoteTestNG.java:115)
at org.testng.remote.RemoteTestNG.initAndRun(RemoteTestNG.java:251)
at org.testng.remote.RemoteTestNG.main(RemoteTestNG.java:77)
]]>
    </failure>
  </testcase> <!-- validateColumnName_BKP -->
  <system-out>
    <![CDATA[Executing Snowflake query :: SELECT COLUMN_NAME FROM DEV_ENT_RAW.INFORMATION_SCHEMA.COLUMNS WHERE TABLE_NAME='PROJECT'and TABLE_SCHEMA='ST_SNELLHEATINGAIR_MATILLION'
Executing Snowflake query :: SELECT COLUMN_NAME FROM CURATED_DATAMART.INFORMATION_SCHEMA.COLUMNS WHERE TABLE_NAME='STR_PROJECT'and TABLE_SCHEMA='ST_BKP_SNELLHEATINGAIR'
Executing Snowflake query :: SELECT COLUMN_NAME FROM DEV_ENT_CURATED.INFORMATION_SCHEMA.COLUMNS WHERE TABLE_NAME='DIM_PROJECT'and TABLE_SCHEMA='MASTER_DIMENSIONS'
Column names for RAW Table --> PROJECT :: [ACKNOWLEDGEMENTSIGNATURE, COMPLETEDONACTUAL, CREATEDBY_ID, ISPREVAILINGWAGE, ACTIVE, ID, IMPORTID, LOCATION_ID, TECHNICIANSIGNATURE, AUTHORIZATIONSIGNATURE, CONTRACTSTARTDATE, STARTEDON, SUMMARY, COMPLETIONPERCENT, NAME, PAYMENTTERM_ID, CONTRACTFOR, COSTTOCOMPLETE, CREATEDON, ISRETAINAGEENABLED, MODIFIEDON, RETAINAGEPERCENT, PROJECTSETTINGSTYPE, COMPLETEDON, AREITEMSREORDERED, NUMBER, CUSTOMER_ID, REVENUERECOGNITIONMETHOD, CONTRACTESTIMATE_ID]
Column names for DataMart Table --> STR_PROJECT :: [ACTIVE_FLAG, COMPLETEDONACTUAL, CREATEDBY_ID, CREATEDON, RECORD_CREATE_DATE, ISPREVAILINGWAGE, PAYMENTTERM_ID, PROJECTSETTINGSTYPE, RETAINAGEPERCENT, CONTRACTSTARTDATE, MODIFIEDON, ACKNOWLEDGEMENTSIGNATURE, ACTIVE, COMPLETIONPERCENT, CONTRACTESTIMATE_ID, TECHNICIANSIGNATURE, RECORD_UPDATE_DATE, ISRETAINAGEENABLED, AREITEMSREORDERED, IMPORTID, MASTER_ID, MD5_VALUE, COMPLETEDON, LOCATION_ID, NUMBER, TENANT_TYPE, ID, STARTEDON, AUTHORIZATIONSIGNATURE, CONTRACTFOR, CUSTOMER_ID, NAME, SUMMARY]
Column names for Curated Table --> DIM_PROJECT :: [RECORD_UPDATE_DATE, ACTIVE, AUTHORIZATIONSIGNATURE, COMPLETEDON, RETAINAGEPERCENT, IMPORTID, CONTRACTFOR, CONTRACTSTARTDATE, ID, ISRETAINAGEENABLED, RECORD_CREATE_DATE, RECORD_UPDATED_BY, TENANT_TYPE, PROJECTSETTINGSTYPE, TECHNICIANSIGNATURE, ISPREVAILINGWAGE, MD5_VALUE, NAME, PAYMENTTERM_ID, COMPLETEDONACTUAL, CUSTOMER_ID, NUMBER, AREITEMSREORDERED, CREATEDON, LOCATION_ID, MODIFIEDON, STARTEDON, ACKNOWLEDGEMENTSIGNATURE, COMPLETIONPERCENT, CONTRACTESTIMATE_ID, SUMMARY, CREATEDBY_ID]
Column Name found in Datamart and Curated Table :: ACKNOWLEDGEMENTSIGNATURE
Column Name found in Datamart and Curated Table :: COMPLETEDONACTUAL
Column Name found in Datamart and Curated Table :: CREATEDBY_ID
Column Name found in Datamart and Curated Table :: ISPREVAILINGWAGE
Column Name found in Datamart and Curated Table :: ACTIVE
Column Name found in Datamart and Curated Table :: ID
Column Name found in Datamart and Curated Table :: IMPORTID
Column Name found in Datamart and Curated Table :: LOCATION_ID
Column Name found in Datamart and Curated Table :: TECHNICIANSIGNATURE
Column Name found in Datamart and Curated Table :: AUTHORIZATIONSIGNATURE
Column Name found in Datamart and Curated Table :: CONTRACTSTARTDATE
Column Name found in Datamart and Curated Table :: STARTEDON
Column Name found in Datamart and Curated Table :: SUMMARY
Column Name found in Datamart and Curated Table :: COMPLETIONPERCENT
Column Name found in Datamart and Curated Table :: NAME
Column Name found in Datamart and Curated Table :: PAYMENTTERM_ID
Column Name found in Datamart and Curated Table :: CONTRACTFOR
Column Name not found in Datamart and Curated Table :: COSTTOCOMPLETE
Column Name found in Datamart and Curated Table :: CREATEDON
Column Name found in Datamart and Curated Table :: ISRETAINAGEENABLED
Column Name found in Datamart and Curated Table :: MODIFIEDON
Column Name found in Datamart and Curated Table :: RETAINAGEPERCENT
Column Name found in Datamart and Curated Table :: PROJECTSETTINGSTYPE
Column Name found in Datamart and Curated Table :: COMPLETEDON
Column Name found in Datamart and Curated Table :: AREITEMSREORDERED
Column Name found in Datamart and Curated Table :: NUMBER
Column Name found in Datamart and Curated Table :: CUSTOMER_ID
Column Name not found in Datamart and Curated Table :: REVENUERECOGNITIONMETHOD
Column Name found in Datamart and Curated Table :: CONTRACTESTIMATE_ID
Datamart tables contains additional column name like [ACTIVE_FLAG, RECORD_CREATE_DATE, RECORD_UPDATE_DATE, RECORD_UPDATE_DATE, MASTER_ID, TENANT_TYPE]
Curated tables contains additional column name like [RECORD_CREATE_DATE, RECORD_UPDATE_DATE, RECORD_UPDATED_BY, TENANT_TYPE]]]>
  </system-out>
  <testcase classname="testcases.RAW_DATAMART_CURATED.SnowFlake_ColumnValidation_BKPTables" name="validateColumnName_BKP" time="2.462"/>
  <system-out>
    <![CDATA[Executing Snowflake query :: SELECT COLUMN_NAME FROM DEV_ENT_RAW.INFORMATION_SCHEMA.COLUMNS WHERE TABLE_NAME='PAYMENTSPLIT'and TABLE_SCHEMA='ST_SNELLHEATINGAIR_MATILLION'
Executing Snowflake query :: SELECT COLUMN_NAME FROM CURATED_DATAMART.INFORMATION_SCHEMA.COLUMNS WHERE TABLE_NAME='STR_PAYMENTSPLIT'and TABLE_SCHEMA='ST_BKP_SNELLHEATINGAIR'
Executing Snowflake query :: SELECT COLUMN_NAME FROM DEV_ENT_CURATED.INFORMATION_SCHEMA.COLUMNS WHERE TABLE_NAME='DIM_PAYMENTSPLIT'and TABLE_SCHEMA='MASTER_DIMENSIONS'
Column names for RAW Table --> PAYMENTSPLIT :: [AMOUNT, CREATEDON, MODIFIEDON, IMPORTID, INVOICE_ID, CREATEDBY_ID, ID, PAYMENT_ID, PAYSELLERCOMMISSION, ACTIVE]
Column names for DataMart Table --> STR_PAYMENTSPLIT :: [ACTIVE, CREATEDBY_ID, MASTER_ID, MODIFIEDON, PAYSELLERCOMMISSION, ID, AMOUNT, RECORD_CREATE_DATE, TENANT_TYPE, IMPORTID, INVOICE_ID, PAYMENT_ID, CREATEDON, ACTIVE_FLAG, RECORD_UPDATE_DATE]
Column names for Curated Table --> DIM_PAYMENTSPLIT :: [IMPORTID, PAYSELLERCOMMISSION, CREATEDON, PAYMENT_ID, TENANT_TYPE, MODIFIEDON, AMOUNT, CREATEDBY_ID, INVOICE_ID, ID, RECORD_UPDATED_BY, RECORD_UPDATE_DATE, ACTIVE, RECORD_CREATE_DATE]
Column Name found in Datamart and Curated Table :: AMOUNT
Column Name found in Datamart and Curated Table :: CREATEDON
Column Name found in Datamart and Curated Table :: MODIFIEDON
Column Name found in Datamart and Curated Table :: IMPORTID
Column Name found in Datamart and Curated Table :: INVOICE_ID
Column Name found in Datamart and Curated Table :: CREATEDBY_ID
Column Name found in Datamart and Curated Table :: ID
Column Name found in Datamart and Curated Table :: PAYMENT_ID
Column Name found in Datamart and Curated Table :: PAYSELLERCOMMISSION
Column Name found in Datamart and Curated Table :: ACTIVE
Datamart tables contains additional column name like [ACTIVE_FLAG, RECORD_CREATE_DATE, RECORD_UPDATE_DATE, RECORD_UPDATE_DATE, MASTER_ID, TENANT_TYPE]
Curated tables contains additional column name like [RECORD_CREATE_DATE, RECORD_UPDATE_DATE, RECORD_UPDATED_BY, TENANT_TYPE]]]>
  </system-out>
  <testcase classname="testcases.RAW_DATAMART_CURATED.SnowFlake_ColumnValidation_BKPTables" name="validateColumnName_BKP" time="1.965"/>
  <system-out>
    <![CDATA[Executing Snowflake query :: SELECT COLUMN_NAME FROM DEV_ENT_RAW.INFORMATION_SCHEMA.COLUMNS WHERE TABLE_NAME='CALLREASON'and TABLE_SCHEMA='ST_HORIZONSERVICES_MATILLION'
Executing Snowflake query :: SELECT COLUMN_NAME FROM CURATED_DATAMART.INFORMATION_SCHEMA.COLUMNS WHERE TABLE_NAME='STR_CALLREASON'and TABLE_SCHEMA='ST_BKP_HORIZONSERVICES'
Executing Snowflake query :: SELECT COLUMN_NAME FROM DEV_ENT_CURATED.INFORMATION_SCHEMA.COLUMNS WHERE TABLE_NAME='DIM_CALLREASON'and TABLE_SCHEMA='MASTER_DIMENSIONS'
Column names for RAW Table --> CALLREASON :: [CREATEDBY_ID, MODIFIEDON, ID, CREATEDON, ACTIVE, IMPORTID, LEAD, NAME]
Column names for DataMart Table --> STR_CALLREASON :: [CREATEDBY_ID, LEAD, NAME, ACTIVE_FLAG, CREATEDON, IMPORTID, MODIFIEDON, TENANT_TYPE, RECORD_CREATE_DATE, ACTIVE, MASTER_ID, ID, RECORD_UPDATE_DATE]
Column names for Curated Table --> DIM_CALLREASON :: [CREATEDBY_ID, RECORD_CREATE_DATE, MODIFIEDON, LEAD, RECORD_UPDATED_BY, ACTIVE, ID, CREATEDON, IMPORTID, NAME, TENANT_TYPE, RECORD_UPDATE_DATE]
Column Name found in Datamart and Curated Table :: CREATEDBY_ID
Column Name found in Datamart and Curated Table :: MODIFIEDON
Column Name found in Datamart and Curated Table :: ID
Column Name found in Datamart and Curated Table :: CREATEDON
Column Name found in Datamart and Curated Table :: ACTIVE
Column Name found in Datamart and Curated Table :: IMPORTID
Column Name found in Datamart and Curated Table :: LEAD
Column Name found in Datamart and Curated Table :: NAME
Datamart tables contains additional column name like [ACTIVE_FLAG, RECORD_CREATE_DATE, RECORD_UPDATE_DATE, RECORD_UPDATE_DATE, MASTER_ID, TENANT_TYPE]
Curated tables contains additional column name like [RECORD_CREATE_DATE, RECORD_UPDATE_DATE, RECORD_UPDATED_BY, TENANT_TYPE]]]>
  </system-out>
  <testcase classname="testcases.RAW_DATAMART_CURATED.SnowFlake_ColumnValidation_BKPTables" name="validateColumnName_BKP" time="2.867"/>
  <system-out>
    <![CDATA[Executing Snowflake query :: SELECT COLUMN_NAME FROM DEV_ENT_RAW.INFORMATION_SCHEMA.COLUMNS WHERE TABLE_NAME='INVOICE'and TABLE_SCHEMA='ST_HORIZONSERVICES_MATILLION'
Executing Snowflake query :: SELECT COLUMN_NAME FROM CURATED_DATAMART.INFORMATION_SCHEMA.COLUMNS WHERE TABLE_NAME='STR_INVOICE'and TABLE_SCHEMA='ST_BKP_HORIZONSERVICES'
Executing Snowflake query :: SELECT COLUMN_NAME FROM DEV_ENT_CURATED.INFORMATION_SCHEMA.COLUMNS WHERE TABLE_NAME='FACT_INVOICE'and TABLE_SCHEMA='MASTER_DIMENSIONS'
Column names for RAW Table --> INVOICE :: [ACKNOWLEDGEMENTSIGNATURE, ACTIVE, AUTHORIZATIONSIGNATURE, BALANCE, CREATEDON, DISCOUNTTOTAL, STATUS, LOCATION_ID, TECHNICIANACKNOWLEDGEMENTSIGNATURE, TYPE_ID, EXCLUDEFROMPAYROLL, ROYALTY_MEMO, MATERIALSKUREFERENCE_SKUID, MEMBERSHIP_ID, PROJECTLABELS, ROYALTY_SENTON, COMMISSIONELIGIBILITYDATE, COUNTERSALESLOCATION_ID, JOB_ID, PAIDON, PAYMENTTERM_ID, TAX, TOTAL, BILLINGDATE, NETAMOUNT, PAYMENTDUEDATE, SUMMARY, AUTHORIZEDAMOUNT, CUSTOMER_ID, EXTERNALID, ROYALTY_DATE, MATERIALTAX, ID, LABORTAX, MODIFIEDON, PAYROLLDATE, CONFIGURATION, IMPORTID, INVOICEDON, MATERIALSKUREFERENCE_SKUTYPE, ROYALTY_STATUS, TAXZONE_ID, BATCH_ID, BUSINESSUNIT_ID, FEETAX, NUMBER, PROJECT_ID, EXPORTID, MATERIALSKU_ID, NUMERICNUMBER, SUBTOTAL, ADJUSTMENTTO_ID, FEETOTAL, INCLUDEINTECHNICIANREPORTS, NEWCONSTRUCTION, SIGNATURE, CREATEDBY_ID]
Column names for DataMart Table --> STR_INVOICE :: [BALANCE, FEETOTAL, ID, MATERIALSKUREFERENCE_SKUID, MATERIALSKUREFERENCE_SKUTYPE, PAIDON, PAYMENTTERM_ID, TAX, TYPE_ID, MASTER_ID, LOCATION_ID, PAYROLLDATE, CREATEDON, RECORD_UPDATE_DATE, ACTIVE, ACTIVE_FLAG, BATCH_ID, CUSTOMER_ID, INCLUDEINTECHNICIANREPORTS, LABORTAX, NETAMOUNT, NUMERICNUMBER, TOTAL, BUSINESSUNIT_ID, NUMBER, PAYMENTDUEDATE, RECORD_CREATE_DATE, AUTHORIZATIONSIGNATURE, BILLINGDATE, COMMISSIONELIGIBILITYDATE, IMPORTID, ROYALTY_MEMO, INVOICEDON, ADJUSTMENTTO_ID, CONFIGURATION, CREATEDBY_ID, EXPORTID, EXTERNALID, STATUS, TAXZONE_ID, FEETAX, MEMBERSHIP_ID, ROYALTY_DATE, MATERIALTAX, NEWCONSTRUCTION, SUMMARY, AUTHORIZEDAMOUNT, MODIFIEDON, PROJECTLABELS, PROJECT_ID, ROYALTY_SENTON, SIGNATURE, TECHNICIANACKNOWLEDGEMENTSIGNATURE, ACKNOWLEDGEMENTSIGNATURE, COUNTERSALESLOCATION_ID, EXCLUDEFROMPAYROLL, JOB_ID, ROYALTY_STATUS, SUBTOTAL, DISCOUNTTOTAL, TENANT_TYPE, MATERIALSKU_ID]
Column names for Curated Table --> FACT_INVOICE :: [CONFIGURATION, EXPORTID, EXTERNALID, MATERIALSKUREFERENCE_SKUTYPE, RECORD_UPDATED_BY, ROYALTY_DATE, FEETAX, TAX, TOTAL, BALANCE, BUSINESSUNIT_ID, CREATEDON, PAYMENTDUEDATE, PROJECT_ID, NETAMOUNT, NUMERICNUMBER, ROYALTY_SENTON, NUMBER, DISCOUNTTOTAL, EXCLUDEFROMPAYROLL, INCLUDEINTECHNICIANREPORTS, MODIFIEDON, STATUS, TENANT_TYPE, NEWCONSTRUCTION, ACKNOWLEDGEMENTSIGNATURE, ADJUSTMENTTO_ID, CREATEDBY_ID, CUSTOMER_ID, FEETOTAL, INVOICEDON, PAIDON, TYPE_ID, JOB_ID, LABORTAX, LOCATION_ID, ROYALTY_STATUS, SUMMARY, PROJECTLABELS, MATERIALSKUREFERENCE_SKUID, MATERIALSKU_ID, MEMBERSHIP_ID, COMMISSIONELIGIBILITYDATE, RECORD_CREATE_DATE, RECORD_UPDATE_DATE, SIGNATURE, AUTHORIZATIONSIGNATURE, BILLINGDATE, IMPORTID, TECHNICIANACKNOWLEDGEMENTSIGNATURE, AUTHORIZEDAMOUNT, ID, PAYROLLDATE, ACTIVE, COUNTERSALESLOCATION_ID, PAYMENTTERM_ID, SUBTOTAL, BATCH_ID, MATERIALTAX, ROYALTY_MEMO, TAXZONE_ID]
Column Name found in Datamart and Curated Table :: ACKNOWLEDGEMENTSIGNATURE
Column Name found in Datamart and Curated Table :: ACTIVE
Column Name found in Datamart and Curated Table :: AUTHORIZATIONSIGNATURE
Column Name found in Datamart and Curated Table :: BALANCE
Column Name found in Datamart and Curated Table :: CREATEDON
Column Name found in Datamart and Curated Table :: DISCOUNTTOTAL
Column Name found in Datamart and Curated Table :: STATUS
Column Name found in Datamart and Curated Table :: LOCATION_ID
Column Name found in Datamart and Curated Table :: TECHNICIANACKNOWLEDGEMENTSIGNATURE
Column Name found in Datamart and Curated Table :: TYPE_ID
Column Name found in Datamart and Curated Table :: EXCLUDEFROMPAYROLL
Column Name found in Datamart and Curated Table :: ROYALTY_MEMO
Column Name found in Datamart and Curated Table :: MATERIALSKUREFERENCE_SKUID
Column Name found in Datamart and Curated Table :: MEMBERSHIP_ID
Column Name found in Datamart and Curated Table :: PROJECTLABELS
Column Name found in Datamart and Curated Table :: ROYALTY_SENTON
Column Name found in Datamart and Curated Table :: COMMISSIONELIGIBILITYDATE
Column Name found in Datamart and Curated Table :: COUNTERSALESLOCATION_ID
Column Name found in Datamart and Curated Table :: JOB_ID
Column Name found in Datamart and Curated Table :: PAIDON
Column Name found in Datamart and Curated Table :: PAYMENTTERM_ID
Column Name found in Datamart and Curated Table :: TAX
Column Name found in Datamart and Curated Table :: TOTAL
Column Name found in Datamart and Curated Table :: BILLINGDATE
Column Name found in Datamart and Curated Table :: NETAMOUNT
Column Name found in Datamart and Curated Table :: PAYMENTDUEDATE
Column Name found in Datamart and Curated Table :: SUMMARY
Column Name found in Datamart and Curated Table :: AUTHORIZEDAMOUNT
Column Name found in Datamart and Curated Table :: CUSTOMER_ID
Column Name found in Datamart and Curated Table :: EXTERNALID
Column Name found in Datamart and Curated Table :: ROYALTY_DATE
Column Name found in Datamart and Curated Table :: MATERIALTAX
Column Name found in Datamart and Curated Table :: ID
Column Name found in Datamart and Curated Table :: LABORTAX
Column Name found in Datamart and Curated Table :: MODIFIEDON
Column Name found in Datamart and Curated Table :: PAYROLLDATE
Column Name found in Datamart and Curated Table :: CONFIGURATION
Column Name found in Datamart and Curated Table :: IMPORTID
Column Name found in Datamart and Curated Table :: INVOICEDON
Column Name found in Datamart and Curated Table :: MATERIALSKUREFERENCE_SKUTYPE
Column Name found in Datamart and Curated Table :: ROYALTY_STATUS
Column Name found in Datamart and Curated Table :: TAXZONE_ID
Column Name found in Datamart and Curated Table :: BATCH_ID
Column Name found in Datamart and Curated Table :: BUSINESSUNIT_ID
Column Name found in Datamart and Curated Table :: FEETAX
Column Name found in Datamart and Curated Table :: NUMBER
Column Name found in Datamart and Curated Table :: PROJECT_ID
Column Name found in Datamart and Curated Table :: EXPORTID
Column Name found in Datamart and Curated Table :: MATERIALSKU_ID
Column Name found in Datamart and Curated Table :: NUMERICNUMBER
Column Name found in Datamart and Curated Table :: SUBTOTAL
Column Name found in Datamart and Curated Table :: ADJUSTMENTTO_ID
Column Name found in Datamart and Curated Table :: FEETOTAL
Column Name found in Datamart and Curated Table :: INCLUDEINTECHNICIANREPORTS
Column Name found in Datamart and Curated Table :: NEWCONSTRUCTION
Column Name found in Datamart and Curated Table :: SIGNATURE
Column Name found in Datamart and Curated Table :: CREATEDBY_ID
Datamart tables contains additional column name like [ACTIVE_FLAG, RECORD_CREATE_DATE, RECORD_UPDATE_DATE, RECORD_UPDATE_DATE, MASTER_ID, TENANT_TYPE]
Curated tables contains additional column name like [RECORD_CREATE_DATE, RECORD_UPDATE_DATE, RECORD_UPDATED_BY, TENANT_TYPE]]]>
  </system-out>
  <testcase classname="testcases.RAW_DATAMART_CURATED.SnowFlake_ColumnValidation_BKPTables" name="validateColumnName_BKP" time="2.246"/>
  <system-out>
    <![CDATA[Executing Snowflake query :: SELECT COLUMN_NAME FROM DEV_ENT_RAW.INFORMATION_SCHEMA.COLUMNS WHERE TABLE_NAME='VENDOR'and TABLE_SCHEMA='ST_HENDERSON_MATILLION'
Executing Snowflake query :: SELECT COLUMN_NAME FROM CURATED_DATAMART.INFORMATION_SCHEMA.COLUMNS WHERE TABLE_NAME='STR_VENDOR'and TABLE_SCHEMA='ST_BKP_HENDERSON'
Executing Snowflake query :: SELECT COLUMN_NAME FROM DEV_ENT_CURATED.INFORMATION_SCHEMA.COLUMNS WHERE TABLE_NAME='DIM_VENDOR'and TABLE_SCHEMA='MASTER_DIMENSIONS'
Column names for RAW Table --> VENDOR :: [ADDRESS, MODIFIEDON, VENDORADDRESS_COUNTRY, VENDORADDRESS_STREET, ID, LASTNAME, VENDORADDRESS_STATE, CREATEDON, DELIVERYOPTION, MEMO, VENDORADDRESS_ISMANUALCOORDINATES, VENDORADDRESS_LONGITUDE, VENDORQUICKBOOKSITEM, VENDORADDRESS_UNIT, PAYMENTTERM_ID, VENDORADDRESS_LATITUDE, FAX, REMITTANCEVENDOR_ID, CREATEDBY_ID, RESTRICTEDMOBILECREATION, IMPORTID, EMAIL, EXTERNALID, NAME, TAXRATE, VENDORADDRESS_ISMILITARY, VENDORADDRESS_CITY, PHONE, ACTIVE, ISTRUCKREPLENISHMENT, VENDORADDRESS_ZIP, FIRSTNAME]
Column names for DataMart Table --> STR_VENDOR :: [EMAIL, MASTER_ID, PHONE, VENDORADDRESS_ISMANUALCOORDINATES, VENDORADDRESS_STATE, ACTIVE, VENDORADDRESS_COUNTRY, VENDORADDRESS_UNIT, VENDORADDRESS_ISMILITARY, ADDRESS, FAX, ISTRUCKREPLENISHMENT, MEMO, PAYMENTTERM_ID, RECORD_CREATE_DATE, VENDORADDRESS_CITY, VENDORADDRESS_STREET, ID, RESTRICTEDMOBILECREATION, TAXRATE, TENANT_TYPE, ACTIVE_FLAG, CREATEDON, VENDORADDRESS_ZIP, CREATEDBY_ID, LASTNAME, NAME, RECORD_UPDATE_DATE, REMITTANCEVENDOR_ID, EXTERNALID, DELIVERYOPTION, FIRSTNAME, MODIFIEDON, VENDORADDRESS_LONGITUDE, VENDORQUICKBOOKSITEM, IMPORTID, VENDORADDRESS_LATITUDE]
Column names for Curated Table --> DIM_VENDOR :: [DELIVERYOPTION, EXTERNALID, VENDORADDRESS_LATITUDE, VENDORADDRESS_ISMILITARY, VENDORADDRESS_STREET, EMAIL, ID, MEMO, PHONE, TAXRATE, VENDORADDRESS_ZIP, VENDORADDRESS_CITY, ACTIVE, ADDRESS, FAX, ISTRUCKREPLENISHMENT, VENDORADDRESS_STATE, REMITTANCEVENDOR_ID, FIRSTNAME, NAME, VENDORADDRESS_COUNTRY, LASTNAME, RECORD_UPDATE_DATE, VENDORADDRESS_UNIT, MODIFIEDON, CREATEDBY_ID, RECORD_CREATE_DATE, TENANT_TYPE, VENDORADDRESS_LONGITUDE, CREATEDON, IMPORTID, VENDORADDRESS_ISMANUALCOORDINATES, RESTRICTEDMOBILECREATION, PAYMENTTERM_ID, RECORD_UPDATED_BY, VENDORQUICKBOOKSITEM]
Column Name found in Datamart and Curated Table :: ADDRESS
Column Name found in Datamart and Curated Table :: MODIFIEDON
Column Name found in Datamart and Curated Table :: VENDORADDRESS_COUNTRY
Column Name found in Datamart and Curated Table :: VENDORADDRESS_STREET
Column Name found in Datamart and Curated Table :: ID
Column Name found in Datamart and Curated Table :: LASTNAME
Column Name found in Datamart and Curated Table :: VENDORADDRESS_STATE
Column Name found in Datamart and Curated Table :: CREATEDON
Column Name found in Datamart and Curated Table :: DELIVERYOPTION
Column Name found in Datamart and Curated Table :: MEMO
Column Name found in Datamart and Curated Table :: VENDORADDRESS_ISMANUALCOORDINATES
Column Name found in Datamart and Curated Table :: VENDORADDRESS_LONGITUDE
Column Name found in Datamart and Curated Table :: VENDORQUICKBOOKSITEM
Column Name found in Datamart and Curated Table :: VENDORADDRESS_UNIT
Column Name found in Datamart and Curated Table :: PAYMENTTERM_ID
Column Name found in Datamart and Curated Table :: VENDORADDRESS_LATITUDE
Column Name found in Datamart and Curated Table :: FAX
Column Name found in Datamart and Curated Table :: REMITTANCEVENDOR_ID
Column Name found in Datamart and Curated Table :: CREATEDBY_ID
Column Name found in Datamart and Curated Table :: RESTRICTEDMOBILECREATION
Column Name found in Datamart and Curated Table :: IMPORTID
Column Name found in Datamart and Curated Table :: EMAIL
Column Name found in Datamart and Curated Table :: EXTERNALID
Column Name found in Datamart and Curated Table :: NAME
Column Name found in Datamart and Curated Table :: TAXRATE
Column Name found in Datamart and Curated Table :: VENDORADDRESS_ISMILITARY
Column Name found in Datamart and Curated Table :: VENDORADDRESS_CITY
Column Name found in Datamart and Curated Table :: PHONE
Column Name found in Datamart and Curated Table :: ACTIVE
Column Name found in Datamart and Curated Table :: ISTRUCKREPLENISHMENT
Column Name found in Datamart and Curated Table :: VENDORADDRESS_ZIP
Column Name found in Datamart and Curated Table :: FIRSTNAME
Datamart tables contains additional column name like [ACTIVE_FLAG, RECORD_CREATE_DATE, RECORD_UPDATE_DATE, RECORD_UPDATE_DATE, MASTER_ID, TENANT_TYPE]
Curated tables contains additional column name like [RECORD_CREATE_DATE, RECORD_UPDATE_DATE, RECORD_UPDATED_BY, TENANT_TYPE]]]>
  </system-out>
  <testcase classname="testcases.RAW_DATAMART_CURATED.SnowFlake_ColumnValidation_BKPTables" name="validateColumnName_BKP" time="2.090"/>
  <system-out>
    <![CDATA[Executing Snowflake query :: SELECT COLUMN_NAME FROM DEV_ENT_RAW.INFORMATION_SCHEMA.COLUMNS WHERE TABLE_NAME='JOBASSIGNMENT'and TABLE_SCHEMA='ST_FOURPROS_MATILLION'
Executing Snowflake query :: SELECT COLUMN_NAME FROM CURATED_DATAMART.INFORMATION_SCHEMA.COLUMNS WHERE TABLE_NAME='STR_JOBASSIGNMENT'and TABLE_SCHEMA='ST_BKP_FOURPROS'
Executing Snowflake query :: SELECT COLUMN_NAME FROM DEV_ENT_CURATED.INFORMATION_SCHEMA.COLUMNS WHERE TABLE_NAME='DIM_JOBASSIGNMENT'and TABLE_SCHEMA='MASTER_DIMENSIONS'
Column names for RAW Table --> JOBASSIGNMENT :: [CREATEDON, ID, SPLIT, GROSSPAY, JOB_ID, PAYROLLROLE, TECHNICIAN_ID, PAYTYPE, COMMISSIONRATE, ISPAUSED, JOHNMOOREPAYROLLROLE, PROJECTLABELS, STATUS, TECHNICIANROLE_ID, MODIFIEDON, CREATEDBY_ID, ACTIVE, IMPORTID, DRIVETIME_ID]
Column names for DataMart Table --> STR_JOBASSIGNMENT :: [DRIVETIME_ID, JOB_ID, MODIFIEDON, SPLIT, STATUS, RECORD_UPDATE_DATE, ID, COMMISSIONRATE, GROSSPAY, MASTER_ID, PAYTYPE, JOHNMOOREPAYROLLROLE, RECORD_CREATE_DATE, SOURCE_PKEY_SPK, ACTIVE, IMPORTID, TECHNICIAN_ID, ISPAUSED, ACTIVE_FLAG, PAYROLLROLE, CREATEDBY_ID, CREATEDON, PROJECTLABELS, TECHNICIANROLE_ID, TENANT_TYPE]
Column names for Curated Table --> DIM_JOBASSIGNMENT :: [STATUS, COMMISSIONRATE, SPLIT, TECHNICIANROLE_ID, DRIVETIME_ID, GROSSPAY, RECORD_CREATE_DATE, JOHNMOOREPAYROLLROLE, MODIFIEDON, CREATEDBY_ID, ISPAUSED, SOURCE_PKEY_SPK, ID, PROJECTLABELS, RECORD_UPDATED_BY, PAYROLLROLE, JOB_ID, RECORD_UPDATE_DATE, TENANT_TYPE, IMPORTID, TECHNICIAN_ID, PAYTYPE, ACTIVE, CREATEDON]
Column Name found in Datamart and Curated Table :: CREATEDON
Column Name found in Datamart and Curated Table :: ID
Column Name found in Datamart and Curated Table :: SPLIT
Column Name found in Datamart and Curated Table :: GROSSPAY
Column Name found in Datamart and Curated Table :: JOB_ID
Column Name found in Datamart and Curated Table :: PAYROLLROLE
Column Name found in Datamart and Curated Table :: TECHNICIAN_ID
Column Name found in Datamart and Curated Table :: PAYTYPE
Column Name found in Datamart and Curated Table :: COMMISSIONRATE
Column Name found in Datamart and Curated Table :: ISPAUSED
Column Name found in Datamart and Curated Table :: JOHNMOOREPAYROLLROLE
Column Name found in Datamart and Curated Table :: PROJECTLABELS
Column Name found in Datamart and Curated Table :: STATUS
Column Name found in Datamart and Curated Table :: TECHNICIANROLE_ID
Column Name found in Datamart and Curated Table :: MODIFIEDON
Column Name found in Datamart and Curated Table :: CREATEDBY_ID
Column Name found in Datamart and Curated Table :: ACTIVE
Column Name found in Datamart and Curated Table :: IMPORTID
Column Name found in Datamart and Curated Table :: DRIVETIME_ID
Datamart tables contains additional column name like [ACTIVE_FLAG, RECORD_CREATE_DATE, RECORD_UPDATE_DATE, RECORD_UPDATE_DATE, MASTER_ID, TENANT_TYPE]
Curated tables contains additional column name like [RECORD_CREATE_DATE, RECORD_UPDATE_DATE, RECORD_UPDATED_BY, TENANT_TYPE]]]>
  </system-out>
  <testcase classname="testcases.RAW_DATAMART_CURATED.SnowFlake_ColumnValidation_BKPTables" name="validateColumnName_BKP" time="2.256"/>
  <system-out>
    <![CDATA[Executing Snowflake query :: SELECT COLUMN_NAME FROM DEV_ENT_RAW.INFORMATION_SCHEMA.COLUMNS WHERE TABLE_NAME='NONJOBAPPOINTMENT'and TABLE_SCHEMA='ST_HORIZONSERVICES_MATILLION'
Executing Snowflake query :: SELECT COLUMN_NAME FROM CURATED_DATAMART.INFORMATION_SCHEMA.COLUMNS WHERE TABLE_NAME='STR_NONJOBAPPOINTMENT'and TABLE_SCHEMA='ST_BKP_HORIZONSERVICES'
Executing Snowflake query :: SELECT COLUMN_NAME FROM DEV_ENT_CURATED.INFORMATION_SCHEMA.COLUMNS WHERE TABLE_NAME='DIM_NONJOBAPPOINTMENT'and TABLE_SCHEMA='MASTER_DIMENSIONS'
Column names for RAW Table --> NONJOBAPPOINTMENT :: []
Column names for DataMart Table --> STR_NONJOBAPPOINTMENT :: [CLEARTECHNICIANVIEW, EXPECTEDDURATION, NAME, DEFINITION_ID, REMOVETECHNICIANFROMCAPACITYPLANNING, TIMESHEET_ID, ALLDAY, START, RECORD_CREATE_DATE, ID, TENANT_TYPE, ACTIVE_FLAG, DURATION, ACTIVE, CREATEDBY_ID, IMPORTID, CLEARDISPATCHBOARD, MASTER_ID, TECHNICIAN_ID, TIMESHEETCODE_ID, RECORD_UPDATE_DATE, SUMMARY, ISCOMPLETED, CREATEDON]
Column names for Curated Table --> DIM_NONJOBAPPOINTMENT :: [IMPORTID, RECORD_UPDATE_DATE, TIMESHEET_ID, ID, ISCOMPLETED, CREATEDON, RECORD_UPDATED_BY, START, CLEARTECHNICIANVIEW, DURATION, EXPECTEDDURATION, ALLDAY, CLEARDISPATCHBOARD, RECORD_CREATE_DATE, TENANT_TYPE, TIMESHEETCODE_ID, NAME, DEFINITION_ID, SUMMARY, ACTIVE, CREATEDBY_ID, REMOVETECHNICIANFROMCAPACITYPLANNING, TECHNICIAN_ID]
Datamart tables contains additional column name like [ACTIVE_FLAG, RECORD_CREATE_DATE, RECORD_UPDATE_DATE, RECORD_UPDATE_DATE, MASTER_ID, TENANT_TYPE]
Curated tables contains additional column name like [RECORD_CREATE_DATE, RECORD_UPDATE_DATE, RECORD_UPDATED_BY, TENANT_TYPE]]]>
  </system-out>
  <testcase classname="testcases.RAW_DATAMART_CURATED.SnowFlake_ColumnValidation_BKPTables" name="validateColumnName_BKP" time="3.833"/>
  <system-out>
    <![CDATA[Executing Snowflake query :: SELECT COLUMN_NAME FROM DEV_ENT_RAW.INFORMATION_SCHEMA.COLUMNS WHERE TABLE_NAME='PURCHASEORDER'and TABLE_SCHEMA='ST_GOLDMEDAL_MATILLION'
Executing Snowflake query :: SELECT COLUMN_NAME FROM CURATED_DATAMART.INFORMATION_SCHEMA.COLUMNS WHERE TABLE_NAME='STR_PURCHASEORDER'and TABLE_SCHEMA='ST_BKP_GOLDMEDAL'
Executing Snowflake query :: SELECT COLUMN_NAME FROM DEV_ENT_CURATED.INFORMATION_SCHEMA.COLUMNS WHERE TABLE_NAME='DIM_PURCHASEORDER'and TABLE_SCHEMA='MASTER_DIMENSIONS'
Column names for RAW Table --> PURCHASEORDER :: [ACTIVE, BUSINESSUNIT_ID, DATE, IMPORTID, INVOICE_ID, SHIPTO_COUNTRY, VENDOR, SHIPTO_STREET, PROJECT_ID, ROLLEDOVERFROMPURCHASEORDER_ID, SHIPTO_CITY, SUMMARY, TAX, SHIPTODESCRIPTION, SHIPTO_LONGITUDE, SENTON, EXPORTID, MODIFIEDON, STATUS, TRUCK_ID, CREATEDON, INVENTORYLOCATION_ID, RECEIVEDON, EXTERNALID, VENDORINVOICENUMBER, MARKUP, SHIPTO_UNIT, CREATEDBY_ID, JOB_ID, TYPE_ID, CANCELEDON, ERRORMESSAGE, ISTIMEANDMATERIAL, PROJECTLABELS, REQUISITION_ID, SENDINGMETHOD, SENDSTATUS, TAXRATE, CANCELEDBY_ID, ID, SHIPTO_STATE, TECHNICIAN_ID, SHIPTO_ISMANUALCOORDINATES, SHIPTO_ISMILITARY, SHIPTO_LATITUDE, NUMBER, AMOUNT, BATCH_ID, REQUIREDON, CANCELEDREASON, GROUPINGOPTION, NOCHARGE, SHIPPING, SHIPTO_ZIP, TAXSCHEMA, POVENDOR_ID]
Column names for DataMart Table --> STR_PURCHASEORDER :: [AMOUNT, BUSINESSUNIT_ID, CANCELEDON, CREATEDBY_ID, ISTIMEANDMATERIAL, INVENTORYLOCATION_ID, SENDINGMETHOD, SHIPTO_COUNTRY, STATUS, TYPE_ID, SHIPTO_LATITUDE, MASTER_ID, REQUISITION_ID, SHIPTODESCRIPTION, TECHNICIAN_ID, MODIFIEDON, SUMMARY, TAXSCHEMA, TENANT_TYPE, VENDORINVOICENUMBER, CREATEDON, DATE, ERRORMESSAGE, ID, NUMBER, RECORD_UPDATE_DATE, REQUIREDON, PROJECT_ID, SHIPTO_ISMANUALCOORDINATES, VENDOR, TAXRATE, JOB_ID, ROLLEDOVERFROMPURCHASEORDER_ID, SENDSTATUS, SENTON, SHIPTO_LONGITUDE, SHIPTO_STREET, ACTIVE, CANCELEDBY_ID, CANCELEDREASON, MARKUP, PROJECTLABELS, INVOICE_ID, SHIPTO_CITY, SHIPTO_ISMILITARY, GROUPINGOPTION, IMPORTID, SHIPPING, SHIPTO_UNIT, TRUCK_ID, RECORD_CREATE_DATE, EXTERNALID, SHIPTO_ZIP, NOCHARGE, POVENDOR_ID, ACTIVE_FLAG, BATCH_ID, EXPORTID, RECEIVEDON, SHIPTO_STATE, TAX]
Column names for Curated Table --> DIM_PURCHASEORDER :: [ACTIVE, CANCELEDBY_ID, CANCELEDON, RECORD_CREATE_DATE, TRUCK_ID, ROLLEDOVERFROMPURCHASEORDER_ID, SHIPTO_LONGITUDE, TAXSCHEMA, BUSINESSUNIT_ID, POVENDOR_ID, SHIPTO_ISMANUALCOORDINATES, SHIPTO_ISMILITARY, CREATEDON, RECORD_UPDATE_DATE, NUMBER, AMOUNT, DATE, ERRORMESSAGE, EXPORTID, GROUPINGOPTION, INVOICE_ID, MODIFIEDON, PROJECT_ID, SHIPTO_COUNTRY, STATUS, RECORD_UPDATED_BY, TECHNICIAN_ID, SHIPTO_STATE, MARKUP, REQUISITION_ID, SENDSTATUS, SHIPTO_LATITUDE, SHIPTO_STREET, INVENTORYLOCATION_ID, TYPE_ID, BATCH_ID, CREATEDBY_ID, SENTON, PROJECTLABELS, SENDINGMETHOD, SHIPTO_CITY, TAXRATE, EXTERNALID, ID, TAX, VENDOR, IMPORTID, NOCHARGE, SHIPTO_ZIP, SUMMARY, TENANT_TYPE, SHIPPING, CANCELEDREASON, ISTIMEANDMATERIAL, JOB_ID, RECEIVEDON, SHIPTODESCRIPTION, SHIPTO_UNIT, VENDORINVOICENUMBER, REQUIREDON]
Column Name found in Datamart and Curated Table :: ACTIVE
Column Name found in Datamart and Curated Table :: BUSINESSUNIT_ID
Column Name found in Datamart and Curated Table :: DATE
Column Name found in Datamart and Curated Table :: IMPORTID
Column Name found in Datamart and Curated Table :: INVOICE_ID
Column Name found in Datamart and Curated Table :: SHIPTO_COUNTRY
Column Name found in Datamart and Curated Table :: VENDOR
Column Name found in Datamart and Curated Table :: SHIPTO_STREET
Column Name found in Datamart and Curated Table :: PROJECT_ID
Column Name found in Datamart and Curated Table :: ROLLEDOVERFROMPURCHASEORDER_ID
Column Name found in Datamart and Curated Table :: SHIPTO_CITY
Column Name found in Datamart and Curated Table :: SUMMARY
Column Name found in Datamart and Curated Table :: TAX
Column Name found in Datamart and Curated Table :: SHIPTODESCRIPTION
Column Name found in Datamart and Curated Table :: SHIPTO_LONGITUDE
Column Name found in Datamart and Curated Table :: SENTON
Column Name found in Datamart and Curated Table :: EXPORTID
Column Name found in Datamart and Curated Table :: MODIFIEDON
Column Name found in Datamart and Curated Table :: STATUS
Column Name found in Datamart and Curated Table :: TRUCK_ID
Column Name found in Datamart and Curated Table :: CREATEDON
Column Name found in Datamart and Curated Table :: INVENTORYLOCATION_ID
Column Name found in Datamart and Curated Table :: RECEIVEDON
Column Name found in Datamart and Curated Table :: EXTERNALID
Column Name found in Datamart and Curated Table :: VENDORINVOICENUMBER
Column Name found in Datamart and Curated Table :: MARKUP
Column Name found in Datamart and Curated Table :: SHIPTO_UNIT
Column Name found in Datamart and Curated Table :: CREATEDBY_ID
Column Name found in Datamart and Curated Table :: JOB_ID
Column Name found in Datamart and Curated Table :: TYPE_ID
Column Name found in Datamart and Curated Table :: CANCELEDON
Column Name found in Datamart and Curated Table :: ERRORMESSAGE
Column Name found in Datamart and Curated Table :: ISTIMEANDMATERIAL
Column Name found in Datamart and Curated Table :: PROJECTLABELS
Column Name found in Datamart and Curated Table :: REQUISITION_ID
Column Name found in Datamart and Curated Table :: SENDINGMETHOD
Column Name found in Datamart and Curated Table :: SENDSTATUS
Column Name found in Datamart and Curated Table :: TAXRATE
Column Name found in Datamart and Curated Table :: CANCELEDBY_ID
Column Name found in Datamart and Curated Table :: ID
Column Name found in Datamart and Curated Table :: SHIPTO_STATE
Column Name found in Datamart and Curated Table :: TECHNICIAN_ID
Column Name found in Datamart and Curated Table :: SHIPTO_ISMANUALCOORDINATES
Column Name found in Datamart and Curated Table :: SHIPTO_ISMILITARY
Column Name found in Datamart and Curated Table :: SHIPTO_LATITUDE
Column Name found in Datamart and Curated Table :: NUMBER
Column Name found in Datamart and Curated Table :: AMOUNT
Column Name found in Datamart and Curated Table :: BATCH_ID
Column Name found in Datamart and Curated Table :: REQUIREDON
Column Name found in Datamart and Curated Table :: CANCELEDREASON
Column Name found in Datamart and Curated Table :: GROUPINGOPTION
Column Name found in Datamart and Curated Table :: NOCHARGE
Column Name found in Datamart and Curated Table :: SHIPPING
Column Name found in Datamart and Curated Table :: SHIPTO_ZIP
Column Name found in Datamart and Curated Table :: TAXSCHEMA
Column Name found in Datamart and Curated Table :: POVENDOR_ID
Datamart tables contains additional column name like [ACTIVE_FLAG, RECORD_CREATE_DATE, RECORD_UPDATE_DATE, RECORD_UPDATE_DATE, MASTER_ID, TENANT_TYPE]
Curated tables contains additional column name like [RECORD_CREATE_DATE, RECORD_UPDATE_DATE, RECORD_UPDATED_BY, TENANT_TYPE]]]>
  </system-out>
  <testcase classname="testcases.RAW_DATAMART_CURATED.SnowFlake_ColumnValidation_BKPTables" name="validateColumnName_BKP" time="2.865"/>
  <system-out>
    <![CDATA[Executing Snowflake query :: SELECT COLUMN_NAME FROM DEV_ENT_RAW.INFORMATION_SCHEMA.COLUMNS WHERE TABLE_NAME='CONTACT'and TABLE_SCHEMA='ST_HDAIR_MATILLION'
Executing Snowflake query :: SELECT COLUMN_NAME FROM CURATED_DATAMART.INFORMATION_SCHEMA.COLUMNS WHERE TABLE_NAME='STR_CONTACT'and TABLE_SCHEMA='ST_BKP_HDAIR'
Executing Snowflake query :: SELECT COLUMN_NAME FROM DEV_ENT_CURATED.INFORMATION_SCHEMA.COLUMNS WHERE TABLE_NAME='DIM_CONTACT'and TABLE_SCHEMA='MASTER_DIMENSIONS'
Column names for RAW Table --> CONTACT :: [MODIFIEDON, CREATEDON, MEMO, JOBREMINDERSENABLED, OWNER_ID, ACTIVE, REVERSEPHONE, INVOICESTATEMENTNOTIFICATION, MARKETINGUPDATESENABLED, MESSAGESENABLED, VALUE, CREATEDBY_ID, ID, IMPORTID, TYPE]
Column names for DataMart Table --> STR_CONTACT :: [ID, INVOICESTATEMENTNOTIFICATION, VALUE, CREATEDON, IMPORTID, TYPE, ACTIVE, MESSAGESENABLED, OWNER_ID, MARKETINGUPDATESENABLED, ACTIVE_FLAG, JOBREMINDERSENABLED, MODIFIEDON, RECORD_CREATE_DATE, TENANT_TYPE, RECORD_UPDATE_DATE, REVERSEPHONE, CREATEDBY_ID, MASTER_ID, MEMO]
Column names for Curated Table --> DIM_CONTACT :: [MESSAGESENABLED, MODIFIEDON, CREATEDON, MEMO, OWNER_ID, CREATEDBY_ID, MARKETINGUPDATESENABLED, REVERSEPHONE, ID, IMPORTID, JOBREMINDERSENABLED, INVOICESTATEMENTNOTIFICATION, RECORD_CREATE_DATE, RECORD_UPDATED_BY, TENANT_TYPE, ACTIVE, RECORD_UPDATE_DATE, VALUE, TYPE]
Column Name found in Datamart and Curated Table :: MODIFIEDON
Column Name found in Datamart and Curated Table :: CREATEDON
Column Name found in Datamart and Curated Table :: MEMO
Column Name found in Datamart and Curated Table :: JOBREMINDERSENABLED
Column Name found in Datamart and Curated Table :: OWNER_ID
Column Name found in Datamart and Curated Table :: ACTIVE
Column Name found in Datamart and Curated Table :: REVERSEPHONE
Column Name found in Datamart and Curated Table :: INVOICESTATEMENTNOTIFICATION
Column Name found in Datamart and Curated Table :: MARKETINGUPDATESENABLED
Column Name found in Datamart and Curated Table :: MESSAGESENABLED
Column Name found in Datamart and Curated Table :: VALUE
Column Name found in Datamart and Curated Table :: CREATEDBY_ID
Column Name found in Datamart and Curated Table :: ID
Column Name found in Datamart and Curated Table :: IMPORTID
Column Name found in Datamart and Curated Table :: TYPE
Datamart tables contains additional column name like [ACTIVE_FLAG, RECORD_CREATE_DATE, RECORD_UPDATE_DATE, RECORD_UPDATE_DATE, MASTER_ID, TENANT_TYPE]
Curated tables contains additional column name like [RECORD_CREATE_DATE, RECORD_UPDATE_DATE, RECORD_UPDATED_BY, TENANT_TYPE]]]>
  </system-out>
  <testcase classname="testcases.RAW_DATAMART_CURATED.SnowFlake_ColumnValidation_BKPTables" name="validateColumnName_BKP" time="4.139">
    <failure message="The following asserts failed:
	null,
	null" type="java.lang.AssertionError">
      <![CDATA[java.lang.AssertionError: The following asserts failed:
null,
null
at org.testng.asserts.SoftAssert.assertAll(SoftAssert.java:47)
at org.testng.asserts.SoftAssert.assertAll(SoftAssert.java:31)
at testcases.RAW_DATAMART_CURATED.SnowFlake_ColumnValidation_BKPTables.validateColumnName_BKP(SnowFlake_ColumnValidation_BKPTables.java:120)
at jdk.internal.reflect.GeneratedMethodAccessor38.invoke(Unknown Source)
at java.base/jdk.internal.reflect.DelegatingMethodAccessorImpl.invoke(DelegatingMethodAccessorImpl.java:43)
at java.base/java.lang.reflect.Method.invoke(Method.java:568)
at org.testng.internal.MethodInvocationHelper.invokeMethod(MethodInvocationHelper.java:133)
at org.testng.internal.TestInvoker.invokeMethod(TestInvoker.java:598)
at org.testng.internal.TestInvoker.invokeTestMethod(TestInvoker.java:173)
at org.testng.internal.MethodRunner.runInSequence(MethodRunner.java:46)
at org.testng.internal.TestInvoker$MethodInvocationAgent.invoke(TestInvoker.java:824)
at org.testng.internal.TestInvoker.invokeTestMethods(TestInvoker.java:146)
at org.testng.internal.TestMethodWorker.invokeTestMethods(TestMethodWorker.java:146)
at org.testng.internal.TestMethodWorker.run(TestMethodWorker.java:128)
at java.base/java.util.ArrayList.forEach(ArrayList.java:1511)
at org.testng.TestRunner.privateRun(TestRunner.java:794)
at org.testng.TestRunner.run(TestRunner.java:596)
at org.testng.SuiteRunner.runTest(SuiteRunner.java:377)
at org.testng.SuiteRunner.runSequentially(SuiteRunner.java:371)
at org.testng.SuiteRunner.privateRun(SuiteRunner.java:332)
at org.testng.SuiteRunner.run(SuiteRunner.java:276)
at org.testng.SuiteRunnerWorker.runSuite(SuiteRunnerWorker.java:53)
at org.testng.SuiteRunnerWorker.run(SuiteRunnerWorker.java:96)
at org.testng.TestNG.runSuitesSequentially(TestNG.java:1212)
at org.testng.TestNG.runSuitesLocally(TestNG.java:1134)
at org.testng.TestNG.runSuites(TestNG.java:1063)
at org.testng.TestNG.run(TestNG.java:1031)
at org.testng.remote.AbstractRemoteTestNG.run(AbstractRemoteTestNG.java:115)
at org.testng.remote.RemoteTestNG.initAndRun(RemoteTestNG.java:251)
at org.testng.remote.RemoteTestNG.main(RemoteTestNG.java:77)
]]>
    </failure>
  </testcase> <!-- validateColumnName_BKP -->
  <system-out>
    <![CDATA[Executing Snowflake query :: SELECT COLUMN_NAME FROM DEV_ENT_RAW.INFORMATION_SCHEMA.COLUMNS WHERE TABLE_NAME='PROJECT'and TABLE_SCHEMA='ST_BILLFENWICK_MATILLION'
Executing Snowflake query :: SELECT COLUMN_NAME FROM CURATED_DATAMART.INFORMATION_SCHEMA.COLUMNS WHERE TABLE_NAME='STR_PROJECT'and TABLE_SCHEMA='ST_BKP_BILLFENWICK'
Executing Snowflake query :: SELECT COLUMN_NAME FROM DEV_ENT_CURATED.INFORMATION_SCHEMA.COLUMNS WHERE TABLE_NAME='DIM_PROJECT'and TABLE_SCHEMA='MASTER_DIMENSIONS'
Column names for RAW Table --> PROJECT :: [ACKNOWLEDGEMENTSIGNATURE, CONTRACTSTARTDATE, CREATEDON, ISPREVAILINGWAGE, TECHNICIANSIGNATURE, REVENUERECOGNITIONMETHOD, CUSTOMER_ID, MODIFIEDON, CONTRACTFOR, COMPLETIONPERCENT, PROJECTSETTINGSTYPE, LOCATION_ID, RETAINAGEPERCENT, ID, IMPORTID, PAYMENTTERM_ID, SUMMARY, COSTTOCOMPLETE, AREITEMSREORDERED, ISRETAINAGEENABLED, NAME, NUMBER, ACTIVE, AUTHORIZATIONSIGNATURE, COMPLETEDON, COMPLETEDONACTUAL, CONTRACTESTIMATE_ID, CREATEDBY_ID, STARTEDON]
Column names for DataMart Table --> STR_PROJECT :: [AUTHORIZATIONSIGNATURE, CUSTOMER_ID, ISPREVAILINGWAGE, CONTRACTESTIMATE_ID, CREATEDON, NUMBER, ID, CONTRACTSTARTDATE, COMPLETIONPERCENT, RETAINAGEPERCENT, IMPORTID, MASTER_ID, MODIFIEDON, RECORD_CREATE_DATE, ACKNOWLEDGEMENTSIGNATURE, COMPLETEDON, COMPLETEDONACTUAL, CONTRACTFOR, ISRETAINAGEENABLED, STARTEDON, TENANT_TYPE, AREITEMSREORDERED, CREATEDBY_ID, MD5_VALUE, PAYMENTTERM_ID, PROJECTSETTINGSTYPE, TECHNICIANSIGNATURE, ACTIVE, ACTIVE_FLAG, LOCATION_ID, NAME, RECORD_UPDATE_DATE, SUMMARY]
Column names for Curated Table --> DIM_PROJECT :: [RECORD_UPDATE_DATE, ACTIVE, AUTHORIZATIONSIGNATURE, COMPLETEDON, RETAINAGEPERCENT, IMPORTID, CONTRACTFOR, CONTRACTSTARTDATE, ID, ISRETAINAGEENABLED, RECORD_CREATE_DATE, RECORD_UPDATED_BY, TENANT_TYPE, PROJECTSETTINGSTYPE, TECHNICIANSIGNATURE, ISPREVAILINGWAGE, MD5_VALUE, NAME, PAYMENTTERM_ID, COMPLETEDONACTUAL, CUSTOMER_ID, NUMBER, AREITEMSREORDERED, CREATEDON, LOCATION_ID, MODIFIEDON, STARTEDON, ACKNOWLEDGEMENTSIGNATURE, COMPLETIONPERCENT, CONTRACTESTIMATE_ID, SUMMARY, CREATEDBY_ID]
Column Name found in Datamart and Curated Table :: ACKNOWLEDGEMENTSIGNATURE
Column Name found in Datamart and Curated Table :: CONTRACTSTARTDATE
Column Name found in Datamart and Curated Table :: CREATEDON
Column Name found in Datamart and Curated Table :: ISPREVAILINGWAGE
Column Name found in Datamart and Curated Table :: TECHNICIANSIGNATURE
Column Name not found in Datamart and Curated Table :: REVENUERECOGNITIONMETHOD
Column Name found in Datamart and Curated Table :: CUSTOMER_ID
Column Name found in Datamart and Curated Table :: MODIFIEDON
Column Name found in Datamart and Curated Table :: CONTRACTFOR
Column Name found in Datamart and Curated Table :: COMPLETIONPERCENT
Column Name found in Datamart and Curated Table :: PROJECTSETTINGSTYPE
Column Name found in Datamart and Curated Table :: LOCATION_ID
Column Name found in Datamart and Curated Table :: RETAINAGEPERCENT
Column Name found in Datamart and Curated Table :: ID
Column Name found in Datamart and Curated Table :: IMPORTID
Column Name found in Datamart and Curated Table :: PAYMENTTERM_ID
Column Name found in Datamart and Curated Table :: SUMMARY
Column Name not found in Datamart and Curated Table :: COSTTOCOMPLETE
Column Name found in Datamart and Curated Table :: AREITEMSREORDERED
Column Name found in Datamart and Curated Table :: ISRETAINAGEENABLED
Column Name found in Datamart and Curated Table :: NAME
Column Name found in Datamart and Curated Table :: NUMBER
Column Name found in Datamart and Curated Table :: ACTIVE
Column Name found in Datamart and Curated Table :: AUTHORIZATIONSIGNATURE
Column Name found in Datamart and Curated Table :: COMPLETEDON
Column Name found in Datamart and Curated Table :: COMPLETEDONACTUAL
Column Name found in Datamart and Curated Table :: CONTRACTESTIMATE_ID
Column Name found in Datamart and Curated Table :: CREATEDBY_ID
Column Name found in Datamart and Curated Table :: STARTEDON
Datamart tables contains additional column name like [ACTIVE_FLAG, RECORD_CREATE_DATE, RECORD_UPDATE_DATE, RECORD_UPDATE_DATE, MASTER_ID, TENANT_TYPE]
Curated tables contains additional column name like [RECORD_CREATE_DATE, RECORD_UPDATE_DATE, RECORD_UPDATED_BY, TENANT_TYPE]]]>
  </system-out>
  <testcase classname="testcases.RAW_DATAMART_CURATED.SnowFlake_ColumnValidation_BKPTables" name="validateColumnName_BKP" time="30.830"/>
  <system-out>
    <![CDATA[Executing Snowflake query :: SELECT COLUMN_NAME FROM DEV_ENT_RAW.INFORMATION_SCHEMA.COLUMNS WHERE TABLE_NAME='CONTACT'and TABLE_SCHEMA='ST_MAITZ_MATILLION'
Executing Snowflake query :: SELECT COLUMN_NAME FROM CURATED_DATAMART.INFORMATION_SCHEMA.COLUMNS WHERE TABLE_NAME='STR_CONTACT'and TABLE_SCHEMA='ST_BKP_MAITZ'
Executing Snowflake query :: SELECT COLUMN_NAME FROM DEV_ENT_CURATED.INFORMATION_SCHEMA.COLUMNS WHERE TABLE_NAME='DIM_CONTACT'and TABLE_SCHEMA='MASTER_DIMENSIONS'
Column names for RAW Table --> CONTACT :: [INVOICESTATEMENTNOTIFICATION, MARKETINGUPDATESENABLED, IMPORTID, OWNER_ID, TYPE, JOBREMINDERSENABLED, ID, MEMO, MESSAGESENABLED, VALUE, MODIFIEDON, ACTIVE, CREATEDBY_ID, CREATEDON, REVERSEPHONE]
Column names for DataMart Table --> STR_CONTACT :: [ACTIVE_FLAG, INVOICESTATEMENTNOTIFICATION, RECORD_UPDATE_DATE, CREATEDON, IMPORTID, MESSAGESENABLED, ACTIVE, MARKETINGUPDATESENABLED, OWNER_ID, RECORD_CREATE_DATE, MASTER_ID, TENANT_TYPE, CREATEDBY_ID, ID, JOBREMINDERSENABLED, MEMO, MODIFIEDON, TYPE, REVERSEPHONE, VALUE]
Column names for Curated Table --> DIM_CONTACT :: [MESSAGESENABLED, MODIFIEDON, CREATEDON, MEMO, OWNER_ID, CREATEDBY_ID, MARKETINGUPDATESENABLED, REVERSEPHONE, ID, IMPORTID, JOBREMINDERSENABLED, INVOICESTATEMENTNOTIFICATION, RECORD_CREATE_DATE, RECORD_UPDATED_BY, TENANT_TYPE, ACTIVE, RECORD_UPDATE_DATE, VALUE, TYPE]
Column Name found in Datamart and Curated Table :: INVOICESTATEMENTNOTIFICATION
Column Name found in Datamart and Curated Table :: MARKETINGUPDATESENABLED
Column Name found in Datamart and Curated Table :: IMPORTID
Column Name found in Datamart and Curated Table :: OWNER_ID
Column Name found in Datamart and Curated Table :: TYPE
Column Name found in Datamart and Curated Table :: JOBREMINDERSENABLED
Column Name found in Datamart and Curated Table :: ID
Column Name found in Datamart and Curated Table :: MEMO
Column Name found in Datamart and Curated Table :: MESSAGESENABLED
Column Name found in Datamart and Curated Table :: VALUE
Column Name found in Datamart and Curated Table :: MODIFIEDON
Column Name found in Datamart and Curated Table :: ACTIVE
Column Name found in Datamart and Curated Table :: CREATEDBY_ID
Column Name found in Datamart and Curated Table :: CREATEDON
Column Name found in Datamart and Curated Table :: REVERSEPHONE
Datamart tables contains additional column name like [ACTIVE_FLAG, RECORD_CREATE_DATE, RECORD_UPDATE_DATE, RECORD_UPDATE_DATE, MASTER_ID, TENANT_TYPE]
Curated tables contains additional column name like [RECORD_CREATE_DATE, RECORD_UPDATE_DATE, RECORD_UPDATED_BY, TENANT_TYPE]]]>
  </system-out>
  <testcase classname="testcases.RAW_DATAMART_CURATED.SnowFlake_ColumnValidation_BKPTables" name="validateColumnName_BKP" time="2.888"/>
  <system-out>
    <![CDATA[Executing Snowflake query :: SELECT COLUMN_NAME FROM DEV_ENT_RAW.INFORMATION_SCHEMA.COLUMNS WHERE TABLE_NAME='TAGTYPE'and TABLE_SCHEMA='ST_CASTEEL_MATILLION'
Executing Snowflake query :: SELECT COLUMN_NAME FROM CURATED_DATAMART.INFORMATION_SCHEMA.COLUMNS WHERE TABLE_NAME='STR_TAGTYPE'and TABLE_SCHEMA='ST_BKP_CASTEEL'
Executing Snowflake query :: SELECT COLUMN_NAME FROM DEV_ENT_CURATED.INFORMATION_SCHEMA.COLUMNS WHERE TABLE_NAME='DIM_TAGTYPE'and TABLE_SCHEMA='MASTER_DIMENSIONS'
Column names for RAW Table --> TAGTYPE :: [IMPORTANCE, CREATEDBY_ID, ID, CREATEDON, IMPORTID, NAME, PROJECTEDVALUEADJUSTMENT, FONTCOLOR, MODIFIEDON, ACTIVE, ISCONVERSIONOPPORTUNITY, ISVISIBLEONDISPATCHBOARD, ISALWAYSVISIBLE, COLOR, CODE]
Column names for DataMart Table --> STR_TAGTYPE :: [ACTIVE_FLAG, CREATEDON, TENANT_TYPE, ACTIVE, ISCONVERSIONOPPORTUNITY, RECORD_CREATE_DATE, RECORD_UPDATE_DATE, ID, CODE, CREATEDBY_ID, IMPORTANCE, IMPORTID, ISALWAYSVISIBLE, ISVISIBLEONDISPATCHBOARD, PROJECTEDVALUEADJUSTMENT, COLOR, FONTCOLOR, MASTER_ID, MODIFIEDON, NAME]
Column names for Curated Table --> DIM_TAGTYPE :: [ACTIVE, CODE, FONTCOLOR, IMPORTANCE, TENANT_TYPE, NAME, CREATEDBY_ID, ID, MODIFIEDON, RECORD_UPDATED_BY, COLOR, CREATEDON, RECORD_UPDATE_DATE, ISCONVERSIONOPPORTUNITY, PROJECTEDVALUEADJUSTMENT, RECORD_CREATE_DATE, ISALWAYSVISIBLE, IMPORTID, ISVISIBLEONDISPATCHBOARD]
Column Name found in Datamart and Curated Table :: IMPORTANCE
Column Name found in Datamart and Curated Table :: CREATEDBY_ID
Column Name found in Datamart and Curated Table :: ID
Column Name found in Datamart and Curated Table :: CREATEDON
Column Name found in Datamart and Curated Table :: IMPORTID
Column Name found in Datamart and Curated Table :: NAME
Column Name found in Datamart and Curated Table :: PROJECTEDVALUEADJUSTMENT
Column Name found in Datamart and Curated Table :: FONTCOLOR
Column Name found in Datamart and Curated Table :: MODIFIEDON
Column Name found in Datamart and Curated Table :: ACTIVE
Column Name found in Datamart and Curated Table :: ISCONVERSIONOPPORTUNITY
Column Name found in Datamart and Curated Table :: ISVISIBLEONDISPATCHBOARD
Column Name found in Datamart and Curated Table :: ISALWAYSVISIBLE
Column Name found in Datamart and Curated Table :: COLOR
Column Name found in Datamart and Curated Table :: CODE
Datamart tables contains additional column name like [ACTIVE_FLAG, RECORD_CREATE_DATE, RECORD_UPDATE_DATE, RECORD_UPDATE_DATE, MASTER_ID, TENANT_TYPE]
Curated tables contains additional column name like [RECORD_CREATE_DATE, RECORD_UPDATE_DATE, RECORD_UPDATED_BY, TENANT_TYPE]]]>
  </system-out>
  <testcase classname="testcases.RAW_DATAMART_CURATED.SnowFlake_ColumnValidation_BKPTables" name="validateColumnName_BKP" time="2.151"/>
  <system-out>
    <![CDATA[Executing Snowflake query :: SELECT COLUMN_NAME FROM DEV_ENT_RAW.INFORMATION_SCHEMA.COLUMNS WHERE TABLE_NAME='ESTIMATEITEM'and TABLE_SCHEMA='ST_GOLDMEDAL_MATILLION'
Executing Snowflake query :: SELECT COLUMN_NAME FROM CURATED_DATAMART.INFORMATION_SCHEMA.COLUMNS WHERE TABLE_NAME='STR_ESTIMATEITEM'and TABLE_SCHEMA='ST_BKP_GOLDMEDAL'
Executing Snowflake query :: SELECT COLUMN_NAME FROM DEV_ENT_CURATED.INFORMATION_SCHEMA.COLUMNS WHERE TABLE_NAME='DIM_ESTIMATEITEM'and TABLE_SCHEMA='MASTER_DIMENSIONS'
Column names for RAW Table --> ESTIMATEITEM :: [GENERALLEDGERACCOUNT_ID, ID, MEMBERSHIPDURATION, RENEWABLEMEMBERSHIP_ID, SCHEDULEDFLATAMOUNT, QUANTITY, ESTIMATE_ID, ITEMGROUPNAME, PROJECTORDER, ORDER, SKU_ID, AUTOGLASSITEM_ID, COSTOFSALEACCOUNT_ID, CREATEDBY_ID, PARENTITEM_ID, PRICEMODIFIER_ID, ISADDON, MEMBERPRICE, SKUREFERENCE_SKUID, ITEMGROUPROOT_ID, MODIFIEDON, ISNOTGOINGTOBEDONE, ALLOWDISCOUNTS, CREATEDFROM_ID, INVOICEITEM_ID, MEMBERSHIPBILLINGFREQUENCY, ADDONFLATAMOUNT, DEMANDSTATUS, INSTALLEDEQUIPMENT_ID, ISHIDDENFROMCUSTOMER, LASTUNITPRICESETBYEMPLOYEE, TOTALCOST, CHARGEABLE, PAYSFLATAMOUNT, PROJECTLABELS, STANDARDPRICE, SOLDBY_ID, COST, IMPORTID, MARKUP, TAXABLE, SKUREFERENCE_SKUTYPE, EQUIPMENT_ID, ACCOUNT, ACTIVE, DESCRIPTION, PAYSSOLDBYRATE, UNITPRICE, TOTAL, CREATEDON]
Column names for DataMart Table --> STR_ESTIMATEITEM :: [ACCOUNT, EQUIPMENT_ID, ID, IMPORTID, MEMBERPRICE, PROJECTORDER, TAXABLE, TOTAL, MASTER_ID, COSTOFSALEACCOUNT_ID, DEMANDSTATUS, CREATEDBY_ID, TOTALCOST, CHARGEABLE, DESCRIPTION, LASTUNITPRICESETBYEMPLOYEE, PRICEMODIFIER_ID, SCHEDULEDFLATAMOUNT, SKU_ID, SKUREFERENCE_SKUID, ALLOWDISCOUNTS, COST, ISHIDDENFROMCUSTOMER, RENEWABLEMEMBERSHIP_ID, CREATEDFROM_ID, INVOICEITEM_ID, MODIFIEDON, SOLDBY_ID, TENANT_TYPE, CREATEDON, GENERALLEDGERACCOUNT_ID, ISNOTGOINGTOBEDONE, MEMBERSHIPBILLINGFREQUENCY, ESTIMATE_ID, ACTIVE_FLAG, AUTOGLASSITEM_ID, ISADDON, ITEMGROUPROOT_ID, ITEMGROUPNAME, PROJECTLABELS, RECORD_CREATE_DATE, SKUREFERENCE_SKUTYPE, STANDARDPRICE, UNITPRICE, ADDONFLATAMOUNT, INSTALLEDEQUIPMENT_ID, ORDER, MEMBERSHIPDURATION, PARENTITEM_ID, ACTIVE, MARKUP, QUANTITY, PAYSFLATAMOUNT, PAYSSOLDBYRATE, RECORD_UPDATE_DATE]
Column names for Curated Table --> DIM_ESTIMATEITEM :: [CREATEDON, DEMANDSTATUS, MEMBERPRICE, MEMBERSHIPBILLINGFREQUENCY, MEMBERSHIPDURATION, SKUREFERENCE_SKUTYPE, ADDONFLATAMOUNT, AUTOGLASSITEM_ID, COST, ID, PAYSSOLDBYRATE, STANDARDPRICE, TENANT_TYPE, TOTAL, RECORD_CREATE_DATE, ITEMGROUPROOT_ID, PARENTITEM_ID, ORDER, PROJECTLABELS, SOLDBY_ID, PROJECTORDER, ACTIVE, ALLOWDISCOUNTS, CREATEDFROM_ID, DESCRIPTION, ESTIMATE_ID, MARKUP, ISADDON, CREATEDBY_ID, GENERALLEDGERACCOUNT_ID, INVOICEITEM_ID, PRICEMODIFIER_ID, RECORD_UPDATED_BY, SKUREFERENCE_SKUID, QUANTITY, CHARGEABLE, ISHIDDENFROMCUSTOMER, SKU_ID, COSTOFSALEACCOUNT_ID, ISNOTGOINGTOBEDONE, TOTALCOST, INSTALLEDEQUIPMENT_ID, ITEMGROUPNAME, PAYSFLATAMOUNT, TAXABLE, SCHEDULEDFLATAMOUNT, ACCOUNT, EQUIPMENT_ID, LASTUNITPRICESETBYEMPLOYEE, RENEWABLEMEMBERSHIP_ID, IMPORTID, RECORD_UPDATE_DATE, UNITPRICE, MODIFIEDON]
Column Name found in Datamart and Curated Table :: GENERALLEDGERACCOUNT_ID
Column Name found in Datamart and Curated Table :: ID
Column Name found in Datamart and Curated Table :: MEMBERSHIPDURATION
Column Name found in Datamart and Curated Table :: RENEWABLEMEMBERSHIP_ID
Column Name found in Datamart and Curated Table :: SCHEDULEDFLATAMOUNT
Column Name found in Datamart and Curated Table :: QUANTITY
Column Name found in Datamart and Curated Table :: ESTIMATE_ID
Column Name found in Datamart and Curated Table :: ITEMGROUPNAME
Column Name found in Datamart and Curated Table :: PROJECTORDER
Column Name found in Datamart and Curated Table :: ORDER
Column Name found in Datamart and Curated Table :: SKU_ID
Column Name found in Datamart and Curated Table :: AUTOGLASSITEM_ID
Column Name found in Datamart and Curated Table :: COSTOFSALEACCOUNT_ID
Column Name found in Datamart and Curated Table :: CREATEDBY_ID
Column Name found in Datamart and Curated Table :: PARENTITEM_ID
Column Name found in Datamart and Curated Table :: PRICEMODIFIER_ID
Column Name found in Datamart and Curated Table :: ISADDON
Column Name found in Datamart and Curated Table :: MEMBERPRICE
Column Name found in Datamart and Curated Table :: SKUREFERENCE_SKUID
Column Name found in Datamart and Curated Table :: ITEMGROUPROOT_ID
Column Name found in Datamart and Curated Table :: MODIFIEDON
Column Name found in Datamart and Curated Table :: ISNOTGOINGTOBEDONE
Column Name found in Datamart and Curated Table :: ALLOWDISCOUNTS
Column Name found in Datamart and Curated Table :: CREATEDFROM_ID
Column Name found in Datamart and Curated Table :: INVOICEITEM_ID
Column Name found in Datamart and Curated Table :: MEMBERSHIPBILLINGFREQUENCY
Column Name found in Datamart and Curated Table :: ADDONFLATAMOUNT
Column Name found in Datamart and Curated Table :: DEMANDSTATUS
Column Name found in Datamart and Curated Table :: INSTALLEDEQUIPMENT_ID
Column Name found in Datamart and Curated Table :: ISHIDDENFROMCUSTOMER
Column Name found in Datamart and Curated Table :: LASTUNITPRICESETBYEMPLOYEE
Column Name found in Datamart and Curated Table :: TOTALCOST
Column Name found in Datamart and Curated Table :: CHARGEABLE
Column Name found in Datamart and Curated Table :: PAYSFLATAMOUNT
Column Name found in Datamart and Curated Table :: PROJECTLABELS
Column Name found in Datamart and Curated Table :: STANDARDPRICE
Column Name found in Datamart and Curated Table :: SOLDBY_ID
Column Name found in Datamart and Curated Table :: COST
Column Name found in Datamart and Curated Table :: IMPORTID
Column Name found in Datamart and Curated Table :: MARKUP
Column Name found in Datamart and Curated Table :: TAXABLE
Column Name found in Datamart and Curated Table :: SKUREFERENCE_SKUTYPE
Column Name found in Datamart and Curated Table :: EQUIPMENT_ID
Column Name found in Datamart and Curated Table :: ACCOUNT
Column Name found in Datamart and Curated Table :: ACTIVE
Column Name found in Datamart and Curated Table :: DESCRIPTION
Column Name found in Datamart and Curated Table :: PAYSSOLDBYRATE
Column Name found in Datamart and Curated Table :: UNITPRICE
Column Name found in Datamart and Curated Table :: TOTAL
Column Name found in Datamart and Curated Table :: CREATEDON
Datamart tables contains additional column name like [ACTIVE_FLAG, RECORD_CREATE_DATE, RECORD_UPDATE_DATE, RECORD_UPDATE_DATE, MASTER_ID, TENANT_TYPE]
Curated tables contains additional column name like [RECORD_CREATE_DATE, RECORD_UPDATE_DATE, RECORD_UPDATED_BY, TENANT_TYPE]]]>
  </system-out>
  <testcase classname="testcases.RAW_DATAMART_CURATED.SnowFlake_ColumnValidation_BKPTables" name="validateColumnName_BKP" time="2.865"/>
  <system-out>
    <![CDATA[Executing Snowflake query :: SELECT COLUMN_NAME FROM DEV_ENT_RAW.INFORMATION_SCHEMA.COLUMNS WHERE TABLE_NAME='EMPLOYEE'and TABLE_SCHEMA='ST_HENDERSON_MATILLION'
Executing Snowflake query :: SELECT COLUMN_NAME FROM CURATED_DATAMART.INFORMATION_SCHEMA.COLUMNS WHERE TABLE_NAME='STR_EMPLOYEE'and TABLE_SCHEMA='ST_BKP_HENDERSON'
Executing Snowflake query :: SELECT COLUMN_NAME FROM DEV_ENT_CURATED.INFORMATION_SCHEMA.COLUMNS WHERE TABLE_NAME='DIM_EMPLOYEE'and TABLE_SCHEMA='MASTER_DIMENSIONS'
Column names for RAW Table --> EMPLOYEE :: [EMAILCONFIRMED, HOURLYRATE, STARTDATE, EMAIL, ISEXCLUDEDFROMPAYROLL, MOBILEPHONE, CREATEDON, FIRSTNAME, HOME_STREET, ISEXTERNAL, NAME, OVERTIMEMODE, PHONECONFIRMED, SALESFORCECONTACTID, SALESFORCEROLE, OVERTIMEPROFILE_ID, PAYROLLSTARTPERIOD, HOME_COUNTRY, HOME_LATITUDE, MIDDLENAME, MOBILEPHONECONFIRMED, HOME_CITY, HOME_ISMILITARY, PAYFREQUENCY_ID, HOME_UNIT, PHONE, POSITION, HOME_LONGITUDE, IMPORTID, MANAGER_ID, MODIFIEDON, USER_ID, PAYROLLBUSINESSUNIT_ID, ACTIVE, AGENTID, ID, PAYROLLID, LASTNAME, PHOTO, BIRTHDATE, CLOCKINOUTREMINDER, CREATEDBY_ID, HOME_ISMANUALCOORDINATES, HOME_STATE, HOME_ZIP]
Column names for DataMart Table --> STR_EMPLOYEE :: [AGENTID, CLOCKINOUTREMINDER, CREATEDON, FIRSTNAME, HOME_UNIT, OVERTIMEMODE, POSITION, HOME_ISMANUALCOORDINATES, HOME_ZIP, USER_ID, BIRTHDATE, EMAILCONFIRMED, MIDDLENAME, MOBILEPHONECONFIRMED, PAYROLLSTARTPERIOD, RECORD_UPDATE_DATE, SALESFORCEROLE, HOME_LONGITUDE, PHONECONFIRMED, OVERTIMEPROFILE_ID, ACTIVE_FLAG, ID, ISEXTERNAL, MOBILEPHONE, PAYROLLID, HOME_LATITUDE, ACTIVE, CREATEDBY_ID, HOME_ISMILITARY, HOME_STREET, HOME_CITY, IMPORTID, LASTNAME, MODIFIEDON, MANAGER_ID, ISEXCLUDEDFROMPAYROLL, PAYFREQUENCY_ID, STARTDATE, NAME, HOME_COUNTRY, HOME_STATE, PHONE, RECORD_CREATE_DATE, TENANT_TYPE, EMAIL, PAYROLLBUSINESSUNIT_ID, SALESFORCECONTACTID, MASTER_ID, PHOTO, HOURLYRATE]
Column names for Curated Table --> DIM_EMPLOYEE :: [CREATEDON, EMAIL, HOME_COUNTRY, HOME_ISMILITARY, PAYROLLID, PHONECONFIRMED, PAYROLLSTARTPERIOD, STARTDATE, PHONE, EMAILCONFIRMED, MOBILEPHONE, PAYFREQUENCY_ID, USER_ID, HOME_STATE, ISEXTERNAL, SALESFORCEROLE, CLOCKINOUTREMINDER, OVERTIMEMODE, ACTIVE, FIRSTNAME, HOURLYRATE, ISEXCLUDEDFROMPAYROLL, PAYROLLBUSINESSUNIT_ID, SALESFORCECONTACTID, AGENTID, CREATEDBY_ID, MANAGER_ID, HOME_ZIP, ID, IMPORTID, MODIFIEDON, PHOTO, RECORD_CREATE_DATE, BIRTHDATE, HOME_LATITUDE, HOME_STREET, POSITION, MOBILEPHONECONFIRMED, RECORD_UPDATED_BY, HOME_CITY, HOME_ISMANUALCOORDINATES, HOME_LONGITUDE, HOME_UNIT, LASTNAME, MIDDLENAME, TENANT_TYPE, NAME, RECORD_UPDATE_DATE, OVERTIMEPROFILE_ID]
Column Name found in Datamart and Curated Table :: EMAILCONFIRMED
Column Name found in Datamart and Curated Table :: HOURLYRATE
Column Name found in Datamart and Curated Table :: STARTDATE
Column Name found in Datamart and Curated Table :: EMAIL
Column Name found in Datamart and Curated Table :: ISEXCLUDEDFROMPAYROLL
Column Name found in Datamart and Curated Table :: MOBILEPHONE
Column Name found in Datamart and Curated Table :: CREATEDON
Column Name found in Datamart and Curated Table :: FIRSTNAME
Column Name found in Datamart and Curated Table :: HOME_STREET
Column Name found in Datamart and Curated Table :: ISEXTERNAL
Column Name found in Datamart and Curated Table :: NAME
Column Name found in Datamart and Curated Table :: OVERTIMEMODE
Column Name found in Datamart and Curated Table :: PHONECONFIRMED
Column Name found in Datamart and Curated Table :: SALESFORCECONTACTID
Column Name found in Datamart and Curated Table :: SALESFORCEROLE
Column Name found in Datamart and Curated Table :: OVERTIMEPROFILE_ID
Column Name found in Datamart and Curated Table :: PAYROLLSTARTPERIOD
Column Name found in Datamart and Curated Table :: HOME_COUNTRY
Column Name found in Datamart and Curated Table :: HOME_LATITUDE
Column Name found in Datamart and Curated Table :: MIDDLENAME
Column Name found in Datamart and Curated Table :: MOBILEPHONECONFIRMED
Column Name found in Datamart and Curated Table :: HOME_CITY
Column Name found in Datamart and Curated Table :: HOME_ISMILITARY
Column Name found in Datamart and Curated Table :: PAYFREQUENCY_ID
Column Name found in Datamart and Curated Table :: HOME_UNIT
Column Name found in Datamart and Curated Table :: PHONE
Column Name found in Datamart and Curated Table :: POSITION
Column Name found in Datamart and Curated Table :: HOME_LONGITUDE
Column Name found in Datamart and Curated Table :: IMPORTID
Column Name found in Datamart and Curated Table :: MANAGER_ID
Column Name found in Datamart and Curated Table :: MODIFIEDON
Column Name found in Datamart and Curated Table :: USER_ID
Column Name found in Datamart and Curated Table :: PAYROLLBUSINESSUNIT_ID
Column Name found in Datamart and Curated Table :: ACTIVE
Column Name found in Datamart and Curated Table :: AGENTID
Column Name found in Datamart and Curated Table :: ID
Column Name found in Datamart and Curated Table :: PAYROLLID
Column Name found in Datamart and Curated Table :: LASTNAME
Column Name found in Datamart and Curated Table :: PHOTO
Column Name found in Datamart and Curated Table :: BIRTHDATE
Column Name found in Datamart and Curated Table :: CLOCKINOUTREMINDER
Column Name found in Datamart and Curated Table :: CREATEDBY_ID
Column Name found in Datamart and Curated Table :: HOME_ISMANUALCOORDINATES
Column Name found in Datamart and Curated Table :: HOME_STATE
Column Name found in Datamart and Curated Table :: HOME_ZIP
Datamart tables contains additional column name like [ACTIVE_FLAG, RECORD_CREATE_DATE, RECORD_UPDATE_DATE, RECORD_UPDATE_DATE, MASTER_ID, TENANT_TYPE]
Curated tables contains additional column name like [RECORD_CREATE_DATE, RECORD_UPDATE_DATE, RECORD_UPDATED_BY, TENANT_TYPE]]]>
  </system-out>
  <testcase classname="testcases.RAW_DATAMART_CURATED.SnowFlake_ColumnValidation_BKPTables" name="validateColumnName_BKP" time="2.307">
    <failure message="The following asserts failed:
	null" type="java.lang.AssertionError">
      <![CDATA[java.lang.AssertionError: The following asserts failed:
null
at org.testng.asserts.SoftAssert.assertAll(SoftAssert.java:47)
at org.testng.asserts.SoftAssert.assertAll(SoftAssert.java:31)
at testcases.RAW_DATAMART_CURATED.SnowFlake_ColumnValidation_BKPTables.validateColumnName_BKP(SnowFlake_ColumnValidation_BKPTables.java:120)
at jdk.internal.reflect.GeneratedMethodAccessor38.invoke(Unknown Source)
at java.base/jdk.internal.reflect.DelegatingMethodAccessorImpl.invoke(DelegatingMethodAccessorImpl.java:43)
at java.base/java.lang.reflect.Method.invoke(Method.java:568)
at org.testng.internal.MethodInvocationHelper.invokeMethod(MethodInvocationHelper.java:133)
at org.testng.internal.TestInvoker.invokeMethod(TestInvoker.java:598)
at org.testng.internal.TestInvoker.invokeTestMethod(TestInvoker.java:173)
at org.testng.internal.MethodRunner.runInSequence(MethodRunner.java:46)
at org.testng.internal.TestInvoker$MethodInvocationAgent.invoke(TestInvoker.java:824)
at org.testng.internal.TestInvoker.invokeTestMethods(TestInvoker.java:146)
at org.testng.internal.TestMethodWorker.invokeTestMethods(TestMethodWorker.java:146)
at org.testng.internal.TestMethodWorker.run(TestMethodWorker.java:128)
at java.base/java.util.ArrayList.forEach(ArrayList.java:1511)
at org.testng.TestRunner.privateRun(TestRunner.java:794)
at org.testng.TestRunner.run(TestRunner.java:596)
at org.testng.SuiteRunner.runTest(SuiteRunner.java:377)
at org.testng.SuiteRunner.runSequentially(SuiteRunner.java:371)
at org.testng.SuiteRunner.privateRun(SuiteRunner.java:332)
at org.testng.SuiteRunner.run(SuiteRunner.java:276)
at org.testng.SuiteRunnerWorker.runSuite(SuiteRunnerWorker.java:53)
at org.testng.SuiteRunnerWorker.run(SuiteRunnerWorker.java:96)
at org.testng.TestNG.runSuitesSequentially(TestNG.java:1212)
at org.testng.TestNG.runSuitesLocally(TestNG.java:1134)
at org.testng.TestNG.runSuites(TestNG.java:1063)
at org.testng.TestNG.run(TestNG.java:1031)
at org.testng.remote.AbstractRemoteTestNG.run(AbstractRemoteTestNG.java:115)
at org.testng.remote.RemoteTestNG.initAndRun(RemoteTestNG.java:251)
at org.testng.remote.RemoteTestNG.main(RemoteTestNG.java:77)
]]>
    </failure>
  </testcase> <!-- validateColumnName_BKP -->
  <system-out>
    <![CDATA[Executing Snowflake query :: SELECT COLUMN_NAME FROM DEV_ENT_RAW.INFORMATION_SCHEMA.COLUMNS WHERE TABLE_NAME='JOBAPPOINTMENT'and TABLE_SCHEMA='ST_HENDERSON_MATILLION'
Executing Snowflake query :: SELECT COLUMN_NAME FROM CURATED_DATAMART.INFORMATION_SCHEMA.COLUMNS WHERE TABLE_NAME='STR_JOBAPPOINTMENT'and TABLE_SCHEMA='ST_BKP_HENDERSON'
Executing Snowflake query :: SELECT COLUMN_NAME FROM DEV_ENT_CURATED.INFORMATION_SCHEMA.COLUMNS WHERE TABLE_NAME='DIM_JOBAPPOINTMENT'and TABLE_SCHEMA='MASTER_DIMENSIONS'
Column names for RAW Table --> JOBAPPOINTMENT :: [END, START, CREATEDBY_ID, CREATEDON, PLANSTART, ISCONFIRMED, ISUNUSED, JOB_ID, MODIFIEDON, NUMBER, ACTIVE, STATUS, SMARTDISPATCHDATA_JOBAPPOINTMENT, ID, PLANEND, IMPORTID, MONTHNUMBER, SPECIALINSTRUCTIONS]
Column names for DataMart Table --> STR_JOBAPPOINTMENT :: [ACTIVE, ACTIVE_FLAG, ID, START, JOB_ID, IMPORTID, ISCONFIRMED, PLANSTART, STATUS, MODIFIEDON, RECORD_CREATE_DATE, MASTER_ID, PLANEND, SMARTDISPATCHDATA_JOBAPPOINTMENT, CREATEDBY_ID, END, MONTHNUMBER, RECORD_UPDATE_DATE, ISUNUSED, NUMBER, TENANT_TYPE, CREATEDON]
Column names for Curated Table --> DIM_JOBAPPOINTMENT :: [END, SMARTDISPATCHDATA_JOBAPPOINTMENT, ACTIVE, CREATEDBY_ID, IMPORTID, ISUNUSED, START, ID, JOB_ID, MONTHNUMBER, PLANEND, RECORD_UPDATE_DATE, CREATEDON, RECORD_CREATE_DATE, TENANT_TYPE, PLANSTART, ISCONFIRMED, NUMBER, STATUS, MODIFIEDON, RECORD_UPDATED_BY]
Column Name found in Datamart and Curated Table :: END
Column Name found in Datamart and Curated Table :: START
Column Name found in Datamart and Curated Table :: CREATEDBY_ID
Column Name found in Datamart and Curated Table :: CREATEDON
Column Name found in Datamart and Curated Table :: PLANSTART
Column Name found in Datamart and Curated Table :: ISCONFIRMED
Column Name found in Datamart and Curated Table :: ISUNUSED
Column Name found in Datamart and Curated Table :: JOB_ID
Column Name found in Datamart and Curated Table :: MODIFIEDON
Column Name found in Datamart and Curated Table :: NUMBER
Column Name found in Datamart and Curated Table :: ACTIVE
Column Name found in Datamart and Curated Table :: STATUS
Column Name found in Datamart and Curated Table :: SMARTDISPATCHDATA_JOBAPPOINTMENT
Column Name found in Datamart and Curated Table :: ID
Column Name found in Datamart and Curated Table :: PLANEND
Column Name found in Datamart and Curated Table :: IMPORTID
Column Name found in Datamart and Curated Table :: MONTHNUMBER
Column Name not found in Datamart and Curated Table :: SPECIALINSTRUCTIONS
Datamart tables contains additional column name like [ACTIVE_FLAG, RECORD_CREATE_DATE, RECORD_UPDATE_DATE, RECORD_UPDATE_DATE, MASTER_ID, TENANT_TYPE]
Curated tables contains additional column name like [RECORD_CREATE_DATE, RECORD_UPDATE_DATE, RECORD_UPDATED_BY, TENANT_TYPE]]]>
  </system-out>
  <testcase classname="testcases.RAW_DATAMART_CURATED.SnowFlake_ColumnValidation_BKPTables" name="validateColumnName_BKP" time="2.281"/>
  <system-out>
    <![CDATA[Executing Snowflake query :: SELECT COLUMN_NAME FROM DEV_ENT_RAW.INFORMATION_SCHEMA.COLUMNS WHERE TABLE_NAME='LEAD'and TABLE_SCHEMA='ST_FOURPROS_MATILLION'
Executing Snowflake query :: SELECT COLUMN_NAME FROM CURATED_DATAMART.INFORMATION_SCHEMA.COLUMNS WHERE TABLE_NAME='STR_LEAD'and TABLE_SCHEMA='ST_BKP_FOURPROS'
Executing Snowflake query :: SELECT COLUMN_NAME FROM DEV_ENT_CURATED.INFORMATION_SCHEMA.COLUMNS WHERE TABLE_NAME='DIM_LEAD'and TABLE_SCHEMA='MASTER_DIMENSIONS'
Column names for RAW Table --> LEAD :: [BUSINESSUNIT_ID, ESTIMATE_ID, LOCATION_ID, SUMMARY, ACTIVE, CREATEDON, PRIORITY, STATUS, CREATEDBY_ID, JOBTYPE_ID, ID, IMPORTID, LATESTFOLLOWUPDATE, PROJECT_ID, CAMPAIGN_ID, MODIFIEDON, CUSTOMER_ID]
Column names for DataMart Table --> STR_LEAD :: [MODIFIEDON, SUMMARY, MASTER_ID, PRIORITY, PROJECT_ID, TENANT_TYPE, JOBTYPE_ID, LATESTFOLLOWUPDATE, STATUS, CAMPAIGN_ID, CREATEDON, IMPORTID, LOCATION_ID, BUSINESSUNIT_ID, ID, RECORD_CREATE_DATE, CUSTOMER_ID, ESTIMATE_ID, ACTIVE_FLAG, CREATEDBY_ID, RECORD_UPDATE_DATE, ACTIVE, MD5_VALUE]
Column names for Curated Table --> DIM_LEAD :: [PRIORITY, ESTIMATE_ID, MD5_VALUE, MODIFIEDON, TENANT_TYPE, RECORD_UPDATED_BY, CUSTOMER_ID, PROJECT_ID, RECORD_CREATE_DATE, IMPORTID, STATUS, ACTIVE, BUSINESSUNIT_ID, CAMPAIGN_ID, CREATEDON, JOBTYPE_ID, LOCATION_ID, RECORD_UPDATE_DATE, CREATEDBY_ID, ID, LATESTFOLLOWUPDATE, SUMMARY]
Column Name found in Datamart and Curated Table :: BUSINESSUNIT_ID
Column Name found in Datamart and Curated Table :: ESTIMATE_ID
Column Name found in Datamart and Curated Table :: LOCATION_ID
Column Name found in Datamart and Curated Table :: SUMMARY
Column Name found in Datamart and Curated Table :: ACTIVE
Column Name found in Datamart and Curated Table :: CREATEDON
Column Name found in Datamart and Curated Table :: PRIORITY
Column Name found in Datamart and Curated Table :: STATUS
Column Name found in Datamart and Curated Table :: CREATEDBY_ID
Column Name found in Datamart and Curated Table :: JOBTYPE_ID
Column Name found in Datamart and Curated Table :: ID
Column Name found in Datamart and Curated Table :: IMPORTID
Column Name found in Datamart and Curated Table :: LATESTFOLLOWUPDATE
Column Name found in Datamart and Curated Table :: PROJECT_ID
Column Name found in Datamart and Curated Table :: CAMPAIGN_ID
Column Name found in Datamart and Curated Table :: MODIFIEDON
Column Name found in Datamart and Curated Table :: CUSTOMER_ID
Datamart tables contains additional column name like [ACTIVE_FLAG, RECORD_CREATE_DATE, RECORD_UPDATE_DATE, RECORD_UPDATE_DATE, MASTER_ID, TENANT_TYPE]
Curated tables contains additional column name like [RECORD_CREATE_DATE, RECORD_UPDATE_DATE, RECORD_UPDATED_BY, TENANT_TYPE]]]>
  </system-out>
  <testcase classname="testcases.RAW_DATAMART_CURATED.SnowFlake_ColumnValidation_BKPTables" name="validateColumnName_BKP" time="3.683"/>
  <system-out>
    <![CDATA[Executing Snowflake query :: SELECT COLUMN_NAME FROM DEV_ENT_RAW.INFORMATION_SCHEMA.COLUMNS WHERE TABLE_NAME='CUSTOMERMEMBERSHIP'and TABLE_SCHEMA='ST_HARP_MATILLION'
Executing Snowflake query :: SELECT COLUMN_NAME FROM CURATED_DATAMART.INFORMATION_SCHEMA.COLUMNS WHERE TABLE_NAME='STR_CUSTOMERMEMBERSHIP'and TABLE_SCHEMA='ST_BKP_HARP'
Executing Snowflake query :: SELECT COLUMN_NAME FROM DEV_ENT_CURATED.INFORMATION_SCHEMA.COLUMNS WHERE TABLE_NAME='DIM_CUSTOMERMEMBERSHIP'and TABLE_SCHEMA='MASTER_DIMENSIONS'
Column names for RAW Table --> CUSTOMERMEMBERSHIP :: [CREATEDBY_ID, EXPIREDAT, FIRSTSCHEDULEDBILLDATE, FOLLOWUPSTATUS, LOCATION_ID, PAYMENTMETHOD_ID, RENEWALMEMBERSHIPTASK_ID, CANCELLATIONDATE, INVOICETEMPLATE_ID, MEMO, RENEWALMEMBERSHIPTASKREFERENCE_SKUID, CUSTOMER_ID, IMPORTID, BILLINGCOVERAGEPERIOD, PAYMENTTYPE_ID, TO, ACTIVATEDBY_ID, BILLINGFREQUENCY, SOLDBY_ID, RECURRINGLOCATION_ID, RENEWALMEMBERSHIPTASKREFERENCE_SKUTYPE, ACTIVATEDFROM_ID, CANCELATIONBALANCEINVOICE_ID, CANCELATIONBUYOUTINVOICE_ID, PREVIOUSRECURRINGLOCATION_ID, FOLLOWUPCUSTOMSTATUS_ID, ID, TYPE_ID, MODIFIEDON, RENEWALBILLINGFREQUENCY, STATUS, DURATION, NEXTSCHEDULEDBILLDATE, RENEWALDURATION, ACTIVE, BILLINGEMAIL_ID, BUSINESSUNIT_ID, CUSTOMERPO, FOLLOWUPON, FROM, CREATEDON, RENEWEDBY_ID, BILLINGPREFERENCE, BILLINGTEMPLATE_ID, CANCELATIONINVOICE_ID, INITIALDEFERREDREVENUE]
Column names for DataMart Table --> STR_CUSTOMERMEMBERSHIP :: [ACTIVATEDFROM_ID, BUSINESSUNIT_ID, FIRSTSCHEDULEDBILLDATE, FROM, CREATEDBY_ID, PAYMENTTYPE_ID, RENEWEDBY_ID, BILLINGEMAIL_ID, BILLINGPREFERENCE, CUSTOMERPO, LOCATION_ID, RENEWALDURATION, STATUS, PAYMENTMETHOD_ID, ACTIVATEDBY_ID, DURATION, ID, TO, FOLLOWUPCUSTOMSTATUS_ID, ACTIVE_FLAG, CANCELATIONBALANCEINVOICE_ID, PREVIOUSRECURRINGLOCATION_ID, RECORD_CREATE_DATE, RECORD_UPDATE_DATE, RENEWALMEMBERSHIPTASKREFERENCE_SKUID, FOLLOWUPSTATUS, NEXTSCHEDULEDBILLDATE, BILLINGCOVERAGEPERIOD, CUSTOMER_ID, FOLLOWUPON, MEMO, RECURRINGLOCATION_ID, ACTIVE, BILLINGFREQUENCY, BILLINGTEMPLATE_ID, EXPIREDAT, INVOICETEMPLATE_ID, MASTER_ID, MODIFIEDON, RENEWALMEMBERSHIPTASKREFERENCE_SKUTYPE, RENEWALMEMBERSHIPTASK_ID, CREATEDON, TYPE_ID, SOLDBY_ID, CANCELATIONBUYOUTINVOICE_ID, INITIALDEFERREDREVENUE, TENANT_TYPE, CANCELATIONINVOICE_ID, CANCELLATIONDATE, RENEWALBILLINGFREQUENCY, IMPORTID]
Column names for Curated Table --> DIM_CUSTOMERMEMBERSHIP :: [BILLINGFREQUENCY, CREATEDBY_ID, MODIFIEDON, PAYMENTTYPE_ID, RECURRINGLOCATION_ID, ACTIVE, BILLINGEMAIL_ID, FIRSTSCHEDULEDBILLDATE, RENEWALMEMBERSHIPTASKREFERENCE_SKUTYPE, TENANT_TYPE, ACTIVATEDBY_ID, BUSINESSUNIT_ID, CREATEDON, ID, INITIALDEFERREDREVENUE, CUSTOMERPO, FOLLOWUPSTATUS, RENEWALDURATION, RECORD_UPDATED_BY, BILLINGTEMPLATE_ID, FOLLOWUPCUSTOMSTATUS_ID, PAYMENTMETHOD_ID, RECORD_UPDATE_DATE, SOLDBY_ID, TYPE_ID, RENEWALMEMBERSHIPTASK_ID, BILLINGPREFERENCE, EXPIREDAT, NEXTSCHEDULEDBILLDATE, ACTIVATEDFROM_ID, CANCELATIONBALANCEINVOICE_ID, FROM, RECORD_CREATE_DATE, RENEWALMEMBERSHIPTASKREFERENCE_SKUID, TO, FOLLOWUPON, BILLINGCOVERAGEPERIOD, CUSTOMER_ID, DURATION, IMPORTID, RENEWALBILLINGFREQUENCY, STATUS, MEMO, CANCELATIONINVOICE_ID, CANCELLATIONDATE, PREVIOUSRECURRINGLOCATION_ID, CANCELATIONBUYOUTINVOICE_ID, INVOICETEMPLATE_ID, LOCATION_ID, RENEWEDBY_ID]
Column Name found in Datamart and Curated Table :: CREATEDBY_ID
Column Name found in Datamart and Curated Table :: EXPIREDAT
Column Name found in Datamart and Curated Table :: FIRSTSCHEDULEDBILLDATE
Column Name found in Datamart and Curated Table :: FOLLOWUPSTATUS
Column Name found in Datamart and Curated Table :: LOCATION_ID
Column Name found in Datamart and Curated Table :: PAYMENTMETHOD_ID
Column Name found in Datamart and Curated Table :: RENEWALMEMBERSHIPTASK_ID
Column Name found in Datamart and Curated Table :: CANCELLATIONDATE
Column Name found in Datamart and Curated Table :: INVOICETEMPLATE_ID
Column Name found in Datamart and Curated Table :: MEMO
Column Name found in Datamart and Curated Table :: RENEWALMEMBERSHIPTASKREFERENCE_SKUID
Column Name found in Datamart and Curated Table :: CUSTOMER_ID
Column Name found in Datamart and Curated Table :: IMPORTID
Column Name found in Datamart and Curated Table :: BILLINGCOVERAGEPERIOD
Column Name found in Datamart and Curated Table :: PAYMENTTYPE_ID
Column Name found in Datamart and Curated Table :: TO
Column Name found in Datamart and Curated Table :: ACTIVATEDBY_ID
Column Name found in Datamart and Curated Table :: BILLINGFREQUENCY
Column Name found in Datamart and Curated Table :: SOLDBY_ID
Column Name found in Datamart and Curated Table :: RECURRINGLOCATION_ID
Column Name found in Datamart and Curated Table :: RENEWALMEMBERSHIPTASKREFERENCE_SKUTYPE
Column Name found in Datamart and Curated Table :: ACTIVATEDFROM_ID
Column Name found in Datamart and Curated Table :: CANCELATIONBALANCEINVOICE_ID
Column Name found in Datamart and Curated Table :: CANCELATIONBUYOUTINVOICE_ID
Column Name found in Datamart and Curated Table :: PREVIOUSRECURRINGLOCATION_ID
Column Name found in Datamart and Curated Table :: FOLLOWUPCUSTOMSTATUS_ID
Column Name found in Datamart and Curated Table :: ID
Column Name found in Datamart and Curated Table :: TYPE_ID
Column Name found in Datamart and Curated Table :: MODIFIEDON
Column Name found in Datamart and Curated Table :: RENEWALBILLINGFREQUENCY
Column Name found in Datamart and Curated Table :: STATUS
Column Name found in Datamart and Curated Table :: DURATION
Column Name found in Datamart and Curated Table :: NEXTSCHEDULEDBILLDATE
Column Name found in Datamart and Curated Table :: RENEWALDURATION
Column Name found in Datamart and Curated Table :: ACTIVE
Column Name found in Datamart and Curated Table :: BILLINGEMAIL_ID
Column Name found in Datamart and Curated Table :: BUSINESSUNIT_ID
Column Name found in Datamart and Curated Table :: CUSTOMERPO
Column Name found in Datamart and Curated Table :: FOLLOWUPON
Column Name found in Datamart and Curated Table :: FROM
Column Name found in Datamart and Curated Table :: CREATEDON
Column Name found in Datamart and Curated Table :: RENEWEDBY_ID
Column Name found in Datamart and Curated Table :: BILLINGPREFERENCE
Column Name found in Datamart and Curated Table :: BILLINGTEMPLATE_ID
Column Name found in Datamart and Curated Table :: CANCELATIONINVOICE_ID
Column Name found in Datamart and Curated Table :: INITIALDEFERREDREVENUE
Datamart tables contains additional column name like [ACTIVE_FLAG, RECORD_CREATE_DATE, RECORD_UPDATE_DATE, RECORD_UPDATE_DATE, MASTER_ID, TENANT_TYPE]
Curated tables contains additional column name like [RECORD_CREATE_DATE, RECORD_UPDATE_DATE, RECORD_UPDATED_BY, TENANT_TYPE]]]>
  </system-out>
  <testcase classname="testcases.RAW_DATAMART_CURATED.SnowFlake_ColumnValidation_BKPTables" name="validateColumnName_BKP" time="2.776"/>
  <system-out>
    <![CDATA[Executing Snowflake query :: SELECT COLUMN_NAME FROM DEV_ENT_RAW.INFORMATION_SCHEMA.COLUMNS WHERE TABLE_NAME='NONJOBAPPOINTMENT'and TABLE_SCHEMA='ST_CASTEEL_MATILLION'
Executing Snowflake query :: SELECT COLUMN_NAME FROM CURATED_DATAMART.INFORMATION_SCHEMA.COLUMNS WHERE TABLE_NAME='STR_NONJOBAPPOINTMENT'and TABLE_SCHEMA='ST_BKP_CASTEEL'
Executing Snowflake query :: SELECT COLUMN_NAME FROM DEV_ENT_CURATED.INFORMATION_SCHEMA.COLUMNS WHERE TABLE_NAME='DIM_NONJOBAPPOINTMENT'and TABLE_SCHEMA='MASTER_DIMENSIONS'
Column names for RAW Table --> NONJOBAPPOINTMENT :: []
Column names for DataMart Table --> STR_NONJOBAPPOINTMENT :: [ACTIVE, CLEARTECHNICIANVIEW, SUMMARY, CREATEDBY_ID, START, TECHNICIAN_ID, MASTER_ID, ISCOMPLETED, REMOVETECHNICIANFROMCAPACITYPLANNING, RECORD_UPDATE_DATE, ID, RECORD_CREATE_DATE, ALLDAY, CLEARDISPATCHBOARD, DEFINITION_ID, TIMESHEET_ID, TIMESHEETCODE_ID, ACTIVE_FLAG, CREATEDON, DURATION, EXPECTEDDURATION, IMPORTID, NAME, TENANT_TYPE]
Column names for Curated Table --> DIM_NONJOBAPPOINTMENT :: [IMPORTID, RECORD_UPDATE_DATE, TIMESHEET_ID, ID, ISCOMPLETED, CREATEDON, RECORD_UPDATED_BY, START, CLEARTECHNICIANVIEW, DURATION, EXPECTEDDURATION, ALLDAY, CLEARDISPATCHBOARD, RECORD_CREATE_DATE, TENANT_TYPE, TIMESHEETCODE_ID, NAME, DEFINITION_ID, SUMMARY, ACTIVE, CREATEDBY_ID, REMOVETECHNICIANFROMCAPACITYPLANNING, TECHNICIAN_ID]
Datamart tables contains additional column name like [ACTIVE_FLAG, RECORD_CREATE_DATE, RECORD_UPDATE_DATE, RECORD_UPDATE_DATE, MASTER_ID, TENANT_TYPE]
Curated tables contains additional column name like [RECORD_CREATE_DATE, RECORD_UPDATE_DATE, RECORD_UPDATED_BY, TENANT_TYPE]]]>
  </system-out>
  <testcase classname="testcases.RAW_DATAMART_CURATED.SnowFlake_ColumnValidation_BKPTables" name="validateColumnName_BKP" time="2.227"/>
  <system-out>
    <![CDATA[Executing Snowflake query :: SELECT COLUMN_NAME FROM DEV_ENT_RAW.INFORMATION_SCHEMA.COLUMNS WHERE TABLE_NAME='CATEGORY'and TABLE_SCHEMA='ST_EANESHEATING_MATILLION'
Executing Snowflake query :: SELECT COLUMN_NAME FROM CURATED_DATAMART.INFORMATION_SCHEMA.COLUMNS WHERE TABLE_NAME='STR_CATEGORY'and TABLE_SCHEMA='ST_BKP_EANESHEATING'
Executing Snowflake query :: SELECT COLUMN_NAME FROM DEV_ENT_CURATED.INFORMATION_SCHEMA.COLUMNS WHERE TABLE_NAME='DIM_CATEGORY'and TABLE_SCHEMA='MASTER_DIMENSIONS'
Column names for RAW Table --> CATEGORY :: [ID, DESCRIPTION, NAME, POSITION, CREATEDBY_ID, PARENT_ID, IMAGE, AVALARARESIDENTIALTAXCODE, SOURCEVERSION, SKUIMAGES, SUPPLIERIMAGES, ACTIVE, BUSINESSUNIT_ID, EXTERNALID, AVALARACOMMERCIALTAXCODE, CATEGORYTYPE, SOURCE, CREATEDON, HIDEINMOBILE, IMPORTID]
Column names for DataMart Table --> STR_CATEGORY :: [AVALARARESIDENTIALTAXCODE, DESCRIPTION, NAME, SOURCEVERSION, PARENT_ID, TENANT_TYPE, MASTER_ID, ACTIVE, BUSINESSUNIT_ID, IMPORTID, RECORD_CREATE_DATE, ACTIVE_FLAG, RECORD_UPDATE_DATE, HIDEINMOBILE, SOURCE, AVALARACOMMERCIALTAXCODE, CREATEDBY_ID, ID, IMAGE, SKUIMAGES, SUPPLIERIMAGES, CATEGORYTYPE, CREATEDON, POSITION, EXTERNALID]
Column names for Curated Table --> DIM_CATEGORY :: [AVALARARESIDENTIALTAXCODE, POSITION, SOURCEVERSION, IMAGE, ACTIVE, IMPORTID, NAME, SKUIMAGES, CREATEDBY_ID, PARENT_ID, SOURCE, DESCRIPTION, EXTERNALID, SUPPLIERIMAGES, AVALARACOMMERCIALTAXCODE, BUSINESSUNIT_ID, CATEGORYTYPE, ID, RECORD_UPDATE_DATE, TENANT_TYPE, RECORD_UPDATED_BY, CREATEDON, HIDEINMOBILE, RECORD_CREATE_DATE]
Column Name found in Datamart and Curated Table :: ID
Column Name found in Datamart and Curated Table :: DESCRIPTION
Column Name found in Datamart and Curated Table :: NAME
Column Name found in Datamart and Curated Table :: POSITION
Column Name found in Datamart and Curated Table :: CREATEDBY_ID
Column Name found in Datamart and Curated Table :: PARENT_ID
Column Name found in Datamart and Curated Table :: IMAGE
Column Name found in Datamart and Curated Table :: AVALARARESIDENTIALTAXCODE
Column Name found in Datamart and Curated Table :: SOURCEVERSION
Column Name found in Datamart and Curated Table :: SKUIMAGES
Column Name found in Datamart and Curated Table :: SUPPLIERIMAGES
Column Name found in Datamart and Curated Table :: ACTIVE
Column Name found in Datamart and Curated Table :: BUSINESSUNIT_ID
Column Name found in Datamart and Curated Table :: EXTERNALID
Column Name found in Datamart and Curated Table :: AVALARACOMMERCIALTAXCODE
Column Name found in Datamart and Curated Table :: CATEGORYTYPE
Column Name found in Datamart and Curated Table :: SOURCE
Column Name found in Datamart and Curated Table :: CREATEDON
Column Name found in Datamart and Curated Table :: HIDEINMOBILE
Column Name found in Datamart and Curated Table :: IMPORTID
Datamart tables contains additional column name like [ACTIVE_FLAG, RECORD_CREATE_DATE, RECORD_UPDATE_DATE, RECORD_UPDATE_DATE, MASTER_ID, TENANT_TYPE]
Curated tables contains additional column name like [RECORD_CREATE_DATE, RECORD_UPDATE_DATE, RECORD_UPDATED_BY, TENANT_TYPE]]]>
  </system-out>
  <testcase classname="testcases.RAW_DATAMART_CURATED.SnowFlake_ColumnValidation_BKPTables" name="validateColumnName_BKP" time="2.662"/>
  <system-out>
    <![CDATA[Executing Snowflake query :: SELECT COLUMN_NAME FROM DEV_ENT_RAW.INFORMATION_SCHEMA.COLUMNS WHERE TABLE_NAME='HOLDJOBREASON'and TABLE_SCHEMA='ST_HORIZONSERVICES_MATILLION'
Executing Snowflake query :: SELECT COLUMN_NAME FROM CURATED_DATAMART.INFORMATION_SCHEMA.COLUMNS WHERE TABLE_NAME='STR_HOLDJOBREASON'and TABLE_SCHEMA='ST_BKP_HORIZONSERVICES'
Executing Snowflake query :: SELECT COLUMN_NAME FROM DEV_ENT_CURATED.INFORMATION_SCHEMA.COLUMNS WHERE TABLE_NAME='DIM_HOLDJOBREASON'and TABLE_SCHEMA='MASTER_DIMENSIONS'
Column names for RAW Table --> HOLDJOBREASON :: [CREATEDBY_ID, MODIFIEDON, ACTIVE, CREATEDON, IMPORTID, NAME, ID]
Column names for DataMart Table --> STR_HOLDJOBREASON :: [NAME, MASTER_ID, MODIFIEDON, TENANT_TYPE, RECORD_CREATE_DATE, RECORD_UPDATE_DATE, ID, IMPORTID, ACTIVE, CREATEDBY_ID, CREATEDON, ACTIVE_FLAG]
Column names for Curated Table --> DIM_HOLDJOBREASON :: [ACTIVE, ID, NAME, RECORD_UPDATED_BY, CREATEDON, MODIFIEDON, RECORD_CREATE_DATE, RECORD_UPDATE_DATE, TENANT_TYPE, IMPORTID, CREATEDBY_ID]
Column Name found in Datamart and Curated Table :: CREATEDBY_ID
Column Name found in Datamart and Curated Table :: MODIFIEDON
Column Name found in Datamart and Curated Table :: ACTIVE
Column Name found in Datamart and Curated Table :: CREATEDON
Column Name found in Datamart and Curated Table :: IMPORTID
Column Name found in Datamart and Curated Table :: NAME
Column Name found in Datamart and Curated Table :: ID
Datamart tables contains additional column name like [ACTIVE_FLAG, RECORD_CREATE_DATE, RECORD_UPDATE_DATE, RECORD_UPDATE_DATE, MASTER_ID, TENANT_TYPE]
Curated tables contains additional column name like [RECORD_CREATE_DATE, RECORD_UPDATE_DATE, RECORD_UPDATED_BY, TENANT_TYPE]]]>
  </system-out>
  <testcase classname="testcases.RAW_DATAMART_CURATED.SnowFlake_ColumnValidation_BKPTables" name="validateColumnName_BKP" time="2.428">
    <failure message="The following asserts failed:
	null" type="java.lang.AssertionError">
      <![CDATA[java.lang.AssertionError: The following asserts failed:
null
at org.testng.asserts.SoftAssert.assertAll(SoftAssert.java:47)
at org.testng.asserts.SoftAssert.assertAll(SoftAssert.java:31)
at testcases.RAW_DATAMART_CURATED.SnowFlake_ColumnValidation_BKPTables.validateColumnName_BKP(SnowFlake_ColumnValidation_BKPTables.java:120)
at jdk.internal.reflect.GeneratedMethodAccessor38.invoke(Unknown Source)
at java.base/jdk.internal.reflect.DelegatingMethodAccessorImpl.invoke(DelegatingMethodAccessorImpl.java:43)
at java.base/java.lang.reflect.Method.invoke(Method.java:568)
at org.testng.internal.MethodInvocationHelper.invokeMethod(MethodInvocationHelper.java:133)
at org.testng.internal.TestInvoker.invokeMethod(TestInvoker.java:598)
at org.testng.internal.TestInvoker.invokeTestMethod(TestInvoker.java:173)
at org.testng.internal.MethodRunner.runInSequence(MethodRunner.java:46)
at org.testng.internal.TestInvoker$MethodInvocationAgent.invoke(TestInvoker.java:824)
at org.testng.internal.TestInvoker.invokeTestMethods(TestInvoker.java:146)
at org.testng.internal.TestMethodWorker.invokeTestMethods(TestMethodWorker.java:146)
at org.testng.internal.TestMethodWorker.run(TestMethodWorker.java:128)
at java.base/java.util.ArrayList.forEach(ArrayList.java:1511)
at org.testng.TestRunner.privateRun(TestRunner.java:794)
at org.testng.TestRunner.run(TestRunner.java:596)
at org.testng.SuiteRunner.runTest(SuiteRunner.java:377)
at org.testng.SuiteRunner.runSequentially(SuiteRunner.java:371)
at org.testng.SuiteRunner.privateRun(SuiteRunner.java:332)
at org.testng.SuiteRunner.run(SuiteRunner.java:276)
at org.testng.SuiteRunnerWorker.runSuite(SuiteRunnerWorker.java:53)
at org.testng.SuiteRunnerWorker.run(SuiteRunnerWorker.java:96)
at org.testng.TestNG.runSuitesSequentially(TestNG.java:1212)
at org.testng.TestNG.runSuitesLocally(TestNG.java:1134)
at org.testng.TestNG.runSuites(TestNG.java:1063)
at org.testng.TestNG.run(TestNG.java:1031)
at org.testng.remote.AbstractRemoteTestNG.run(AbstractRemoteTestNG.java:115)
at org.testng.remote.RemoteTestNG.initAndRun(RemoteTestNG.java:251)
at org.testng.remote.RemoteTestNG.main(RemoteTestNG.java:77)
]]>
    </failure>
  </testcase> <!-- validateColumnName_BKP -->
  <system-out>
    <![CDATA[Executing Snowflake query :: SELECT COLUMN_NAME FROM DEV_ENT_RAW.INFORMATION_SCHEMA.COLUMNS WHERE TABLE_NAME='TECHNICIAN'and TABLE_SCHEMA='ST_CASTEEL_MATILLION'
Executing Snowflake query :: SELECT COLUMN_NAME FROM CURATED_DATAMART.INFORMATION_SCHEMA.COLUMNS WHERE TABLE_NAME='STR_TECHNICIAN'and TABLE_SCHEMA='ST_BKP_CASTEEL'
Executing Snowflake query :: SELECT COLUMN_NAME FROM DEV_ENT_CURATED.INFORMATION_SCHEMA.COLUMNS WHERE TABLE_NAME='DIM_TECHNICIAN'and TABLE_SCHEMA='MASTER_DIMENSIONS'
Column names for RAW Table --> TECHNICIAN :: [DEDUCTCOMMUTETIMEFROMFIRSTDRIVE, ISEXCLUDEDFROMPAYROLL, ISMANAGEDTECH, LICENSE, ROUTESTATISTICS_TECHNICIAN, EMAILCONFIRMED, MIDDLENAME, WILLIAMSTECHNICIANROLE, LOCATION_TECHNICIAN, TYPE, ID, BIO, EMAIL, OVERTIMEPROFILE_ID, DEFAULTPAYROLLADJUSTMENTRATE, FIRSTNAME, MOBILEPHONECONFIRMED, SMARTDISPATCHSETTINGS_TECHNICIAN, PAYROLLREPORTVERSION, SOLDBYRATE, ADDONSOLOCOMMISSIONRATE, ATLASBUTLERTECHNICIANROLE, DEFAULTLABORTYPE_ID, ISEXTERNAL, OVERTIMEWORKTYPECODE_ID, PAYFREQUENCY_ID, SHOWJOBAPPOINTMENTRESCHEDULEALERT, MEALTIME, PHONE, USER_ID, INVENTORYWAREHOUSENAME, APPOINTMENT_ID, HOME_STATE, HOME_UNIT, JOB_ID, MOBILEPHONE, TEAM, COLOR, PAYROLLID, POSITION, TURNOVERBONUS, ZONE_ID, PAYTYPE, SHIFTEND, ADDONMULTITECHCOMMISSIONRATE, HOURLYRATE, MANAGER_ID, OVERTIMEMODE, SHIFTSTART, BUSINESSUNIT_ID, HOME_LATITUDE, PAYROLLSTARTDATE, QBREPID, STANDARDWORKTYPECODE_ID, COMMISSIONRATE, HOME_ISMILITARY, PHOTO, STANDARDPAYROLLCONTROLCODE_ID, TRUCK_ID, PROJECTLABELS, ISAUTODISPATCHED, OUTBOUNDCALLERID, COORDINATESUPDATEDON, CREATEDON, FIRSTDRIVERULE, IMPORTID, PHONECONFIRMED, SCHEDULEDSOLOCOMMISSIONRATE, STARTDATE, DISPATCHNOTIFICATIONS, HOME_ISMANUALCOORDINATES, LATITUDE, NAVISIONEMPLOYEEID, SALESFACTOR, TODAYREVENUE_TECHNICIAN, LONGITUDE, MEMO, STATUSUPDATEDON, PAYPERIOD, ACTIVE, ADDONCREWSPLITCOMMISSIONRATE, COMMUTETIME, CREATEDBY_ID, GOALIMAGE, HOME_LONGITUDE, HOME_ZIP, PROJECTEDVALUE, HOME_STREET, INVOICINGHOURLYRATE, MUHULINK, PAYROLLPROFILE_ID, PAYROLLSTARTPERIOD, STATUS, UNION, CURRENTVALUE, SALESFORCECONTACTID, SCHEDULEDCREWSPLITCOMMISSIONRATE, BIRTHDATE, CHECKEDIN, DAILYGOAL, HOME_CITY, MODIFIEDON, NAME, PAYROLLPOSTINGGROUP_ID, BURDENRATE, HOME_COUNTRY, JOBFILTER, LASTNAME, OVERALLSALESFACTOR_TECHNICIAN, OVERTIMEPAYROLLCONTROLCODE_ID, PAYROLLROLE, SCHEDULEDMULTITECHCOMMISSIONRATE]
Column names for DataMart Table --> STR_TECHNICIAN :: [CHECKEDIN, COLOR, DEFAULTPAYROLLADJUSTMENTRATE, ISMANAGEDTECH, OVERTIMEWORKTYPECODE_ID, PHONE, SMARTDISPATCHSETTINGS_TECHNICIAN, TENANT_TYPE, BUSINESSUNIT_ID, JOB_ID, LATITUDE, POSITION, QBREPID, SHIFTEND, SCHEDULEDMULTITECHCOMMISSIONRATE, OVERALLSALESFACTOR_TECHNICIAN, STANDARDPAYROLLCONTROLCODE_ID, ADDONMULTITECHCOMMISSIONRATE, JOBFILTER, MIDDLENAME, RECORD_UPDATE_DATE, ROUTESTATISTICS_TECHNICIAN, STANDARDWORKTYPECODE_ID, FLEET_ID, HOME_ZIP, ID, PAYROLLID, SALESFACTOR, MANAGER_ID, RECORD_CREATE_DATE, WILLIAMSTECHNICIANROLE, BIO, FIRSTNAME, TURNOVERBONUS, CREATEDBY_ID, MASTER_ID, NAME, PAYROLLREPORTVERSION, UNION, OUTBOUNDCALLERID, PAYROLLPROFILE_ID, PAYROLLROLE, PROJECTEDVALUE, IMPORTID, ADDONSOLOCOMMISSIONRATE, CURRENTVALUE, HOME_LONGITUDE, ISEXTERNAL, LONGITUDE, MOBILEPHONECONFIRMED, ISAUTODISPATCHED, PAYROLLSTARTDATE, USER_ID, HOME_STREET, LOCATION_TECHNICIAN, NAVISIONEMPLOYEEID, SCHEDULEDCREWSPLITCOMMISSIONRATE, STARTDATE, BIRTHDATE, BURDENRATE, COMMUTETIME, EMAILCONFIRMED, FIRSTDRIVERULE, MODIFIEDON, MUHULINK, MOBILEPHONE, OVERTIMEMODE, OVERTIMEPROFILE_ID, SHOWJOBAPPOINTMENTRESCHEDULEALERT, LASTNAME, PROJECTLABELS, TRUCK_ID, PAYROLLPOSTINGGROUP_ID, ACTIVE, COORDINATESUPDATEDON, DISPATCHNOTIFICATIONS, HOME_CITY, HOME_STATE, MEALTIME, PAYFREQUENCY_ID, SOLDBYRATE, GOALIMAGE, HOME_ISMILITARY, INVENTORYWAREHOUSENAME, PHONECONFIRMED, PHOTO, STATUSUPDATEDON, TEAM, INVOICINGHOURLYRATE, PAYROLLSTARTPERIOD, PAYTYPE, TYPE, ACTIVE_FLAG, ADDONCREWSPLITCOMMISSIONRATE, APPOINTMENT_ID, ATLASBUTLERTECHNICIANROLE, COMMISSIONRATE, LICENSE, OVERTIMEPAYROLLCONTROLCODE_ID, SCHEDULEDSOLOCOMMISSIONRATE, HOURLYRATE, MEMO, CREATEDON, DEDUCTCOMMUTETIMEFROMFIRSTDRIVE, DEFAULTLABORTYPE_ID, HOME_LATITUDE, HOME_UNIT, DAILYGOAL, EMAIL, HOME_COUNTRY, HOME_ISMANUALCOORDINATES, SALESFORCECONTACTID, ZONE_ID, PAYPERIOD, TODAYREVENUE_TECHNICIAN, STATUS, SHIFTSTART]
Column names for Curated Table --> DIM_TECHNICIAN :: [ADDONCREWSPLITCOMMISSIONRATE, COMMUTETIME, DEFAULTLABORTYPE_ID, EMAILCONFIRMED, FIRSTNAME, FLEET_ID, HOME_COUNTRY, HOME_UNIT, MOBILEPHONE, PHONECONFIRMED, OVERALLSALESFACTOR_TECHNICIAN, PAYROLLSTARTDATE, TURNOVERBONUS, PAYPERIOD, PAYROLLROLE, BIRTHDATE, HOME_ISMANUALCOORDINATES, HOME_ISMILITARY, INVENTORYWAREHOUSENAME, JOBFILTER, MEMO, PAYFREQUENCY_ID, POSITION, ID, ISAUTODISPATCHED, LICENSE, TEAM, SCHEDULEDCREWSPLITCOMMISSIONRATE, SALESFACTOR, ADDONSOLOCOMMISSIONRATE, CURRENTVALUE, DAILYGOAL, DEDUCTCOMMUTETIMEFROMFIRSTDRIVE, MANAGER_ID, OVERTIMEPROFILE_ID, SHIFTSTART, SHOWJOBAPPOINTMENTRESCHEDULEALERT, SMARTDISPATCHSETTINGS_TECHNICIAN, GOALIMAGE, MODIFIEDON, PAYROLLID, PAYROLLREPORTVERSION, RECORD_CREATE_DATE, TODAYREVENUE_TECHNICIAN, TYPE, PROJECTLABELS, SCHEDULEDSOLOCOMMISSIONRATE, LONGITUDE, ADDONMULTITECHCOMMISSIONRATE, APPOINTMENT_ID, CHECKEDIN, COLOR, CREATEDON, DISPATCHNOTIFICATIONS, IMPORTID, LASTNAME, MOBILEPHONECONFIRMED, STATUSUPDATEDON, ZONE_ID, HOME_STATE, MEALTIME, NAME, NAVISIONEMPLOYEEID, PAYROLLPOSTINGGROUP_ID, PHOTO, PROJECTEDVALUE, STANDARDPAYROLLCONTROLCODE_ID, OVERTIMEMODE, BURDENRATE, FIRSTDRIVERULE, JOB_ID, PAYROLLPROFILE_ID, QBREPID, ROUTESTATISTICS_TECHNICIAN, STARTDATE, TRUCK_ID, USER_ID, STANDARDWORKTYPECODE_ID, MIDDLENAME, COMMISSIONRATE, CREATEDBY_ID, HOME_LONGITUDE, HOME_ZIP, HOURLYRATE, LATITUDE, SCHEDULEDMULTITECHCOMMISSIONRATE, BUSINESSUNIT_ID, OUTBOUNDCALLERID, RECORD_UPDATED_BY, STATUS, MUHULINK, OVERTIMEPAYROLLCONTROLCODE_ID, UNION, PAYTYPE, INVOICINGHOURLYRATE, RECORD_UPDATE_DATE, COORDINATESUPDATEDON, LOCATION_TECHNICIAN, EMAIL, HOME_CITY, ISEXTERNAL, OVERTIMEWORKTYPECODE_ID, PAYROLLSTARTPERIOD, SHIFTEND, WILLIAMSTECHNICIANROLE, TENANT_TYPE, ACTIVE, ATLASBUTLERTECHNICIANROLE, BIO, DEFAULTPAYROLLADJUSTMENTRATE, HOME_LATITUDE, HOME_STREET, ISMANAGEDTECH, PHONE, SALESFORCECONTACTID, SOLDBYRATE]
Column Name found in Datamart and Curated Table :: DEDUCTCOMMUTETIMEFROMFIRSTDRIVE
Column Name not found in Datamart and Curated Table :: ISEXCLUDEDFROMPAYROLL
Column Name found in Datamart and Curated Table :: ISMANAGEDTECH
Column Name found in Datamart and Curated Table :: LICENSE
Column Name found in Datamart and Curated Table :: ROUTESTATISTICS_TECHNICIAN
Column Name found in Datamart and Curated Table :: EMAILCONFIRMED
Column Name found in Datamart and Curated Table :: MIDDLENAME
Column Name found in Datamart and Curated Table :: WILLIAMSTECHNICIANROLE
Column Name found in Datamart and Curated Table :: LOCATION_TECHNICIAN
Column Name found in Datamart and Curated Table :: TYPE
Column Name found in Datamart and Curated Table :: ID
Column Name found in Datamart and Curated Table :: BIO
Column Name found in Datamart and Curated Table :: EMAIL
Column Name found in Datamart and Curated Table :: OVERTIMEPROFILE_ID
Column Name found in Datamart and Curated Table :: DEFAULTPAYROLLADJUSTMENTRATE
Column Name found in Datamart and Curated Table :: FIRSTNAME
Column Name found in Datamart and Curated Table :: MOBILEPHONECONFIRMED
Column Name found in Datamart and Curated Table :: SMARTDISPATCHSETTINGS_TECHNICIAN
Column Name found in Datamart and Curated Table :: PAYROLLREPORTVERSION
Column Name found in Datamart and Curated Table :: SOLDBYRATE
Column Name found in Datamart and Curated Table :: ADDONSOLOCOMMISSIONRATE
Column Name found in Datamart and Curated Table :: ATLASBUTLERTECHNICIANROLE
Column Name found in Datamart and Curated Table :: DEFAULTLABORTYPE_ID
Column Name found in Datamart and Curated Table :: ISEXTERNAL
Column Name found in Datamart and Curated Table :: OVERTIMEWORKTYPECODE_ID
Column Name found in Datamart and Curated Table :: PAYFREQUENCY_ID
Column Name found in Datamart and Curated Table :: SHOWJOBAPPOINTMENTRESCHEDULEALERT
Column Name found in Datamart and Curated Table :: MEALTIME
Column Name found in Datamart and Curated Table :: PHONE
Column Name found in Datamart and Curated Table :: USER_ID
Column Name found in Datamart and Curated Table :: INVENTORYWAREHOUSENAME
Column Name found in Datamart and Curated Table :: APPOINTMENT_ID
Column Name found in Datamart and Curated Table :: HOME_STATE
Column Name found in Datamart and Curated Table :: HOME_UNIT
Column Name found in Datamart and Curated Table :: JOB_ID
Column Name found in Datamart and Curated Table :: MOBILEPHONE
Column Name found in Datamart and Curated Table :: TEAM
Column Name found in Datamart and Curated Table :: COLOR
Column Name found in Datamart and Curated Table :: PAYROLLID
Column Name found in Datamart and Curated Table :: POSITION
Column Name found in Datamart and Curated Table :: TURNOVERBONUS
Column Name found in Datamart and Curated Table :: ZONE_ID
Column Name found in Datamart and Curated Table :: PAYTYPE
Column Name found in Datamart and Curated Table :: SHIFTEND
Column Name found in Datamart and Curated Table :: ADDONMULTITECHCOMMISSIONRATE
Column Name found in Datamart and Curated Table :: HOURLYRATE
Column Name found in Datamart and Curated Table :: MANAGER_ID
Column Name found in Datamart and Curated Table :: OVERTIMEMODE
Column Name found in Datamart and Curated Table :: SHIFTSTART
Column Name found in Datamart and Curated Table :: BUSINESSUNIT_ID
Column Name found in Datamart and Curated Table :: HOME_LATITUDE
Column Name found in Datamart and Curated Table :: PAYROLLSTARTDATE
Column Name found in Datamart and Curated Table :: QBREPID
Column Name found in Datamart and Curated Table :: STANDARDWORKTYPECODE_ID
Column Name found in Datamart and Curated Table :: COMMISSIONRATE
Column Name found in Datamart and Curated Table :: HOME_ISMILITARY
Column Name found in Datamart and Curated Table :: PHOTO
Column Name found in Datamart and Curated Table :: STANDARDPAYROLLCONTROLCODE_ID
Column Name found in Datamart and Curated Table :: TRUCK_ID
Column Name found in Datamart and Curated Table :: PROJECTLABELS
Column Name found in Datamart and Curated Table :: ISAUTODISPATCHED
Column Name found in Datamart and Curated Table :: OUTBOUNDCALLERID
Column Name found in Datamart and Curated Table :: COORDINATESUPDATEDON
Column Name found in Datamart and Curated Table :: CREATEDON
Column Name found in Datamart and Curated Table :: FIRSTDRIVERULE
Column Name found in Datamart and Curated Table :: IMPORTID
Column Name found in Datamart and Curated Table :: PHONECONFIRMED
Column Name found in Datamart and Curated Table :: SCHEDULEDSOLOCOMMISSIONRATE
Column Name found in Datamart and Curated Table :: STARTDATE
Column Name found in Datamart and Curated Table :: DISPATCHNOTIFICATIONS
Column Name found in Datamart and Curated Table :: HOME_ISMANUALCOORDINATES
Column Name found in Datamart and Curated Table :: LATITUDE
Column Name found in Datamart and Curated Table :: NAVISIONEMPLOYEEID
Column Name found in Datamart and Curated Table :: SALESFACTOR
Column Name found in Datamart and Curated Table :: TODAYREVENUE_TECHNICIAN
Column Name found in Datamart and Curated Table :: LONGITUDE
Column Name found in Datamart and Curated Table :: MEMO
Column Name found in Datamart and Curated Table :: STATUSUPDATEDON
Column Name found in Datamart and Curated Table :: PAYPERIOD
Column Name found in Datamart and Curated Table :: ACTIVE
Column Name found in Datamart and Curated Table :: ADDONCREWSPLITCOMMISSIONRATE
Column Name found in Datamart and Curated Table :: COMMUTETIME
Column Name found in Datamart and Curated Table :: CREATEDBY_ID
Column Name found in Datamart and Curated Table :: GOALIMAGE
Column Name found in Datamart and Curated Table :: HOME_LONGITUDE
Column Name found in Datamart and Curated Table :: HOME_ZIP
Column Name found in Datamart and Curated Table :: PROJECTEDVALUE
Column Name found in Datamart and Curated Table :: HOME_STREET
Column Name found in Datamart and Curated Table :: INVOICINGHOURLYRATE
Column Name found in Datamart and Curated Table :: MUHULINK
Column Name found in Datamart and Curated Table :: PAYROLLPROFILE_ID
Column Name found in Datamart and Curated Table :: PAYROLLSTARTPERIOD
Column Name found in Datamart and Curated Table :: STATUS
Column Name found in Datamart and Curated Table :: UNION
Column Name found in Datamart and Curated Table :: CURRENTVALUE
Column Name found in Datamart and Curated Table :: SALESFORCECONTACTID
Column Name found in Datamart and Curated Table :: SCHEDULEDCREWSPLITCOMMISSIONRATE
Column Name found in Datamart and Curated Table :: BIRTHDATE
Column Name found in Datamart and Curated Table :: CHECKEDIN
Column Name found in Datamart and Curated Table :: DAILYGOAL
Column Name found in Datamart and Curated Table :: HOME_CITY
Column Name found in Datamart and Curated Table :: MODIFIEDON
Column Name found in Datamart and Curated Table :: NAME
Column Name found in Datamart and Curated Table :: PAYROLLPOSTINGGROUP_ID
Column Name found in Datamart and Curated Table :: BURDENRATE
Column Name found in Datamart and Curated Table :: HOME_COUNTRY
Column Name found in Datamart and Curated Table :: JOBFILTER
Column Name found in Datamart and Curated Table :: LASTNAME
Column Name found in Datamart and Curated Table :: OVERALLSALESFACTOR_TECHNICIAN
Column Name found in Datamart and Curated Table :: OVERTIMEPAYROLLCONTROLCODE_ID
Column Name found in Datamart and Curated Table :: PAYROLLROLE
Column Name found in Datamart and Curated Table :: SCHEDULEDMULTITECHCOMMISSIONRATE
Datamart tables contains additional column name like [ACTIVE_FLAG, RECORD_CREATE_DATE, RECORD_UPDATE_DATE, RECORD_UPDATE_DATE, MASTER_ID, TENANT_TYPE]
Curated tables contains additional column name like [RECORD_CREATE_DATE, RECORD_UPDATE_DATE, RECORD_UPDATED_BY, TENANT_TYPE]]]>
  </system-out>
  <testcase classname="testcases.RAW_DATAMART_CURATED.SnowFlake_ColumnValidation_BKPTables" name="validateColumnName_BKP" time="2.434"/>
  <system-out>
    <![CDATA[Executing Snowflake query :: SELECT COLUMN_NAME FROM DEV_ENT_RAW.INFORMATION_SCHEMA.COLUMNS WHERE TABLE_NAME='LEAD'and TABLE_SCHEMA='ST_HARP_MATILLION'
Executing Snowflake query :: SELECT COLUMN_NAME FROM CURATED_DATAMART.INFORMATION_SCHEMA.COLUMNS WHERE TABLE_NAME='STR_LEAD'and TABLE_SCHEMA='ST_BKP_HARP'
Executing Snowflake query :: SELECT COLUMN_NAME FROM DEV_ENT_CURATED.INFORMATION_SCHEMA.COLUMNS WHERE TABLE_NAME='DIM_LEAD'and TABLE_SCHEMA='MASTER_DIMENSIONS'
Column names for RAW Table --> LEAD :: [MODIFIEDON, PRIORITY, PROJECT_ID, CREATEDBY_ID, CUSTOMER_ID, ESTIMATE_ID, ACTIVE, BUSINESSUNIT_ID, LATESTFOLLOWUPDATE, STATUS, JOBTYPE_ID, IMPORTID, SUMMARY, CAMPAIGN_ID, CREATEDON, ID, LOCATION_ID]
Column names for DataMart Table --> STR_LEAD :: [ACTIVE, CREATEDON, ID, IMPORTID, MODIFIEDON, CREATEDBY_ID, MASTER_ID, CAMPAIGN_ID, LATESTFOLLOWUPDATE, LOCATION_ID, PRIORITY, TENANT_TYPE, BUSINESSUNIT_ID, PROJECT_ID, STATUS, ACTIVE_FLAG, ESTIMATE_ID, JOBTYPE_ID, RECORD_CREATE_DATE, RECORD_UPDATE_DATE, SUMMARY, CUSTOMER_ID, MD5_VALUE]
Column names for Curated Table --> DIM_LEAD :: [PRIORITY, ESTIMATE_ID, MD5_VALUE, MODIFIEDON, TENANT_TYPE, RECORD_UPDATED_BY, CUSTOMER_ID, PROJECT_ID, RECORD_CREATE_DATE, IMPORTID, STATUS, ACTIVE, BUSINESSUNIT_ID, CAMPAIGN_ID, CREATEDON, JOBTYPE_ID, LOCATION_ID, RECORD_UPDATE_DATE, CREATEDBY_ID, ID, LATESTFOLLOWUPDATE, SUMMARY]
Column Name found in Datamart and Curated Table :: MODIFIEDON
Column Name found in Datamart and Curated Table :: PRIORITY
Column Name found in Datamart and Curated Table :: PROJECT_ID
Column Name found in Datamart and Curated Table :: CREATEDBY_ID
Column Name found in Datamart and Curated Table :: CUSTOMER_ID
Column Name found in Datamart and Curated Table :: ESTIMATE_ID
Column Name found in Datamart and Curated Table :: ACTIVE
Column Name found in Datamart and Curated Table :: BUSINESSUNIT_ID
Column Name found in Datamart and Curated Table :: LATESTFOLLOWUPDATE
Column Name found in Datamart and Curated Table :: STATUS
Column Name found in Datamart and Curated Table :: JOBTYPE_ID
Column Name found in Datamart and Curated Table :: IMPORTID
Column Name found in Datamart and Curated Table :: SUMMARY
Column Name found in Datamart and Curated Table :: CAMPAIGN_ID
Column Name found in Datamart and Curated Table :: CREATEDON
Column Name found in Datamart and Curated Table :: ID
Column Name found in Datamart and Curated Table :: LOCATION_ID
Datamart tables contains additional column name like [ACTIVE_FLAG, RECORD_CREATE_DATE, RECORD_UPDATE_DATE, RECORD_UPDATE_DATE, MASTER_ID, TENANT_TYPE]
Curated tables contains additional column name like [RECORD_CREATE_DATE, RECORD_UPDATE_DATE, RECORD_UPDATED_BY, TENANT_TYPE]]]>
  </system-out>
  <testcase classname="testcases.RAW_DATAMART_CURATED.SnowFlake_ColumnValidation_BKPTables" name="validateColumnName_BKP" time="2.461"/>
  <system-out>
    <![CDATA[Executing Snowflake query :: SELECT COLUMN_NAME FROM DEV_ENT_RAW.INFORMATION_SCHEMA.COLUMNS WHERE TABLE_NAME='ESTIMATEITEM'and TABLE_SCHEMA='ST_SNELLHEATINGAIR_MATILLION'
Executing Snowflake query :: SELECT COLUMN_NAME FROM CURATED_DATAMART.INFORMATION_SCHEMA.COLUMNS WHERE TABLE_NAME='STR_ESTIMATEITEM'and TABLE_SCHEMA='ST_BKP_SNELLHEATINGAIR'
Executing Snowflake query :: SELECT COLUMN_NAME FROM DEV_ENT_CURATED.INFORMATION_SCHEMA.COLUMNS WHERE TABLE_NAME='DIM_ESTIMATEITEM'and TABLE_SCHEMA='MASTER_DIMENSIONS'
Column names for RAW Table --> ESTIMATEITEM :: [ALLOWDISCOUNTS, INVOICEITEM_ID, ISHIDDENFROMCUSTOMER, RENEWABLEMEMBERSHIP_ID, SKU_ID, ACTIVE, CHARGEABLE, CREATEDFROM_ID, DESCRIPTION, ID, MEMBERSHIPDURATION, PARENTITEM_ID, TAXABLE, ISNOTGOINGTOBEDONE, UNITPRICE, MEMBERSHIPBILLINGFREQUENCY, ADDONFLATAMOUNT, CREATEDON, GENERALLEDGERACCOUNT_ID, ITEMGROUPROOT_ID, PROJECTORDER, COST, CREATEDBY_ID, EQUIPMENT_ID, SOLDBY_ID, QUANTITY, SKUREFERENCE_SKUTYPE, ORDER, PROJECTLABELS, SCHEDULEDFLATAMOUNT, LASTUNITPRICESETBYEMPLOYEE, MEMBERPRICE, ACCOUNT, AUTOGLASSITEM_ID, DEMANDSTATUS, ESTIMATE_ID, IMPORTID, PAYSSOLDBYRATE, STANDARDPRICE, PRICEMODIFIER_ID, TOTAL, MARKUP, ISADDON, COSTOFSALEACCOUNT_ID, ITEMGROUPNAME, MODIFIEDON, INSTALLEDEQUIPMENT_ID, PAYSFLATAMOUNT, SKUREFERENCE_SKUID, TOTALCOST]
Column names for DataMart Table --> STR_ESTIMATEITEM :: [ID, MARKUP, ORDER, TAXABLE, ITEMGROUPNAME, RENEWABLEMEMBERSHIP_ID, STANDARDPRICE, SKU_ID, ACCOUNT, CREATEDBY_ID, EQUIPMENT_ID, MODIFIEDON, QUANTITY, DESCRIPTION, TOTAL, UNITPRICE, MEMBERPRICE, RECORD_CREATE_DATE, COSTOFSALEACCOUNT_ID, ISNOTGOINGTOBEDONE, LASTUNITPRICESETBYEMPLOYEE, PAYSFLATAMOUNT, PRICEMODIFIER_ID, SOLDBY_ID, ACTIVE, ESTIMATE_ID, SKUREFERENCE_SKUID, ADDONFLATAMOUNT, ALLOWDISCOUNTS, AUTOGLASSITEM_ID, IMPORTID, MEMBERSHIPDURATION, RECORD_UPDATE_DATE, SCHEDULEDFLATAMOUNT, TOTALCOST, ITEMGROUPROOT_ID, PROJECTLABELS, PARENTITEM_ID, GENERALLEDGERACCOUNT_ID, ISADDON, ISHIDDENFROMCUSTOMER, TENANT_TYPE, ACTIVE_FLAG, CHARGEABLE, COST, CREATEDON, DEMANDSTATUS, INSTALLEDEQUIPMENT_ID, INVOICEITEM_ID, PROJECTORDER, CREATEDFROM_ID, MASTER_ID, MEMBERSHIPBILLINGFREQUENCY, PAYSSOLDBYRATE, SKUREFERENCE_SKUTYPE]
Column names for Curated Table --> DIM_ESTIMATEITEM :: [CREATEDON, DEMANDSTATUS, MEMBERPRICE, MEMBERSHIPBILLINGFREQUENCY, MEMBERSHIPDURATION, SKUREFERENCE_SKUTYPE, ADDONFLATAMOUNT, AUTOGLASSITEM_ID, COST, ID, PAYSSOLDBYRATE, STANDARDPRICE, TENANT_TYPE, TOTAL, RECORD_CREATE_DATE, ITEMGROUPROOT_ID, PARENTITEM_ID, ORDER, PROJECTLABELS, SOLDBY_ID, PROJECTORDER, ACTIVE, ALLOWDISCOUNTS, CREATEDFROM_ID, DESCRIPTION, ESTIMATE_ID, MARKUP, ISADDON, CREATEDBY_ID, GENERALLEDGERACCOUNT_ID, INVOICEITEM_ID, PRICEMODIFIER_ID, RECORD_UPDATED_BY, SKUREFERENCE_SKUID, QUANTITY, CHARGEABLE, ISHIDDENFROMCUSTOMER, SKU_ID, COSTOFSALEACCOUNT_ID, ISNOTGOINGTOBEDONE, TOTALCOST, INSTALLEDEQUIPMENT_ID, ITEMGROUPNAME, PAYSFLATAMOUNT, TAXABLE, SCHEDULEDFLATAMOUNT, ACCOUNT, EQUIPMENT_ID, LASTUNITPRICESETBYEMPLOYEE, RENEWABLEMEMBERSHIP_ID, IMPORTID, RECORD_UPDATE_DATE, UNITPRICE, MODIFIEDON]
Column Name found in Datamart and Curated Table :: ALLOWDISCOUNTS
Column Name found in Datamart and Curated Table :: INVOICEITEM_ID
Column Name found in Datamart and Curated Table :: ISHIDDENFROMCUSTOMER
Column Name found in Datamart and Curated Table :: RENEWABLEMEMBERSHIP_ID
Column Name found in Datamart and Curated Table :: SKU_ID
Column Name found in Datamart and Curated Table :: ACTIVE
Column Name found in Datamart and Curated Table :: CHARGEABLE
Column Name found in Datamart and Curated Table :: CREATEDFROM_ID
Column Name found in Datamart and Curated Table :: DESCRIPTION
Column Name found in Datamart and Curated Table :: ID
Column Name found in Datamart and Curated Table :: MEMBERSHIPDURATION
Column Name found in Datamart and Curated Table :: PARENTITEM_ID
Column Name found in Datamart and Curated Table :: TAXABLE
Column Name found in Datamart and Curated Table :: ISNOTGOINGTOBEDONE
Column Name found in Datamart and Curated Table :: UNITPRICE
Column Name found in Datamart and Curated Table :: MEMBERSHIPBILLINGFREQUENCY
Column Name found in Datamart and Curated Table :: ADDONFLATAMOUNT
Column Name found in Datamart and Curated Table :: CREATEDON
Column Name found in Datamart and Curated Table :: GENERALLEDGERACCOUNT_ID
Column Name found in Datamart and Curated Table :: ITEMGROUPROOT_ID
Column Name found in Datamart and Curated Table :: PROJECTORDER
Column Name found in Datamart and Curated Table :: COST
Column Name found in Datamart and Curated Table :: CREATEDBY_ID
Column Name found in Datamart and Curated Table :: EQUIPMENT_ID
Column Name found in Datamart and Curated Table :: SOLDBY_ID
Column Name found in Datamart and Curated Table :: QUANTITY
Column Name found in Datamart and Curated Table :: SKUREFERENCE_SKUTYPE
Column Name found in Datamart and Curated Table :: ORDER
Column Name found in Datamart and Curated Table :: PROJECTLABELS
Column Name found in Datamart and Curated Table :: SCHEDULEDFLATAMOUNT
Column Name found in Datamart and Curated Table :: LASTUNITPRICESETBYEMPLOYEE
Column Name found in Datamart and Curated Table :: MEMBERPRICE
Column Name found in Datamart and Curated Table :: ACCOUNT
Column Name found in Datamart and Curated Table :: AUTOGLASSITEM_ID
Column Name found in Datamart and Curated Table :: DEMANDSTATUS
Column Name found in Datamart and Curated Table :: ESTIMATE_ID
Column Name found in Datamart and Curated Table :: IMPORTID
Column Name found in Datamart and Curated Table :: PAYSSOLDBYRATE
Column Name found in Datamart and Curated Table :: STANDARDPRICE
Column Name found in Datamart and Curated Table :: PRICEMODIFIER_ID
Column Name found in Datamart and Curated Table :: TOTAL
Column Name found in Datamart and Curated Table :: MARKUP
Column Name found in Datamart and Curated Table :: ISADDON
Column Name found in Datamart and Curated Table :: COSTOFSALEACCOUNT_ID
Column Name found in Datamart and Curated Table :: ITEMGROUPNAME
Column Name found in Datamart and Curated Table :: MODIFIEDON
Column Name found in Datamart and Curated Table :: INSTALLEDEQUIPMENT_ID
Column Name found in Datamart and Curated Table :: PAYSFLATAMOUNT
Column Name found in Datamart and Curated Table :: SKUREFERENCE_SKUID
Column Name found in Datamart and Curated Table :: TOTALCOST
Datamart tables contains additional column name like [ACTIVE_FLAG, RECORD_CREATE_DATE, RECORD_UPDATE_DATE, RECORD_UPDATE_DATE, MASTER_ID, TENANT_TYPE]
Curated tables contains additional column name like [RECORD_CREATE_DATE, RECORD_UPDATE_DATE, RECORD_UPDATED_BY, TENANT_TYPE]]]>
  </system-out>
  <testcase classname="testcases.RAW_DATAMART_CURATED.SnowFlake_ColumnValidation_BKPTables" name="validateColumnName_BKP" time="3.489"/>
  <system-out>
    <![CDATA[Executing Snowflake query :: SELECT COLUMN_NAME FROM DEV_ENT_RAW.INFORMATION_SCHEMA.COLUMNS WHERE TABLE_NAME='MATERIALVENDOR'and TABLE_SCHEMA='ST_CASTEEL_MATILLION'
Executing Snowflake query :: SELECT COLUMN_NAME FROM CURATED_DATAMART.INFORMATION_SCHEMA.COLUMNS WHERE TABLE_NAME='STR_MATERIALVENDOR'and TABLE_SCHEMA='ST_BKP_CASTEEL'
Executing Snowflake query :: SELECT COLUMN_NAME FROM DEV_ENT_CURATED.INFORMATION_SCHEMA.COLUMNS WHERE TABLE_NAME='DIM_MATERIALVENDOR'and TABLE_SCHEMA='MASTER_DIMENSIONS'
Column names for RAW Table --> MATERIALVENDOR :: [COST, ISPRIMARY, PARTNUMBER, CREATEDBY_ID, VENDOR_ID, IMPORTID, MEMO, MATERIAL_ID, ID, ACTIVE, CREATEDON, PRIMARYSUBACCOUNT_ID]
Column names for DataMart Table --> STR_MATERIALVENDOR :: [MASTER_ID, MATERIAL_ID, ACTIVE, COST, MEMO, ACTIVE_FLAG, CREATEDON, ID, PARTNUMBER, PRIMARYSUBACCOUNT_ID, RECORD_UPDATE_DATE, TENANT_TYPE, CREATEDBY_ID, IMPORTID, VENDOR_ID, ISPRIMARY, RECORD_CREATE_DATE]
Column names for Curated Table --> DIM_MATERIALVENDOR :: [ID, MATERIAL_ID, ACTIVE, COST, CREATEDBY_ID, IMPORTID, ISPRIMARY, PRIMARYSUBACCOUNT_ID, RECORD_UPDATE_DATE, TENANT_TYPE, MEMO, RECORD_UPDATED_BY, VENDOR_ID, CREATEDON, PARTNUMBER, RECORD_CREATE_DATE]
Column Name found in Datamart and Curated Table :: COST
Column Name found in Datamart and Curated Table :: ISPRIMARY
Column Name found in Datamart and Curated Table :: PARTNUMBER
Column Name found in Datamart and Curated Table :: CREATEDBY_ID
Column Name found in Datamart and Curated Table :: VENDOR_ID
Column Name found in Datamart and Curated Table :: IMPORTID
Column Name found in Datamart and Curated Table :: MEMO
Column Name found in Datamart and Curated Table :: MATERIAL_ID
Column Name found in Datamart and Curated Table :: ID
Column Name found in Datamart and Curated Table :: ACTIVE
Column Name found in Datamart and Curated Table :: CREATEDON
Column Name found in Datamart and Curated Table :: PRIMARYSUBACCOUNT_ID
Datamart tables contains additional column name like [ACTIVE_FLAG, RECORD_CREATE_DATE, RECORD_UPDATE_DATE, RECORD_UPDATE_DATE, MASTER_ID, TENANT_TYPE]
Curated tables contains additional column name like [RECORD_CREATE_DATE, RECORD_UPDATE_DATE, RECORD_UPDATED_BY, TENANT_TYPE]]]>
  </system-out>
  <testcase classname="testcases.RAW_DATAMART_CURATED.SnowFlake_ColumnValidation_BKPTables" name="validateColumnName_BKP" time="2.290"/>
  <system-out>
    <![CDATA[Executing Snowflake query :: SELECT COLUMN_NAME FROM DEV_ENT_RAW.INFORMATION_SCHEMA.COLUMNS WHERE TABLE_NAME='TECHNICIANSHIFT'and TABLE_SCHEMA='ST_GOLDMEDAL_MATILLION'
Executing Snowflake query :: SELECT COLUMN_NAME FROM CURATED_DATAMART.INFORMATION_SCHEMA.COLUMNS WHERE TABLE_NAME='STR_TECHNICIANSHIFT'and TABLE_SCHEMA='ST_BKP_GOLDMEDAL'
Executing Snowflake query :: SELECT COLUMN_NAME FROM DEV_ENT_CURATED.INFORMATION_SCHEMA.COLUMNS WHERE TABLE_NAME='DIM_TECHNICIANSHIFT'and TABLE_SCHEMA='MASTER_DIMENSIONS'
Column names for RAW Table --> TECHNICIANSHIFT :: []
Column names for DataMart Table --> STR_TECHNICIANSHIFT :: [NOTE, RECORD_CREATE_DATE, TECHNICIAN_ID, RECORD_UPDATE_DATE, START, TENANT_TYPE, TITLE, STARTTIME, TIMESHEET_ID, ID, MASTER_ID, IMPORTID, STARTDATE, ACTIVE, BATCH, END, ENDDATE, ENDTIME, SHIFTTYPE, CREATEDON, ACTIVE_FLAG, CREATEDBY_ID, TIMESHEETCODE_ID]
Column names for Curated Table --> DIM_TECHNICIANSHIFT :: [CREATEDON, TENANT_TYPE, TITLE, ACTIVE, NOTE, RECORD_CREATE_DATE, END, ID, RECORD_UPDATED_BY, TIMESHEETCODE_ID, IMPORTID, RECORD_UPDATE_DATE, STARTTIME, TECHNICIAN_ID, TIMESHEET_ID, CREATEDBY_ID, ENDDATE, START, SHIFTTYPE, BATCH, ENDTIME, STARTDATE]
Datamart tables contains additional column name like [ACTIVE_FLAG, RECORD_CREATE_DATE, RECORD_UPDATE_DATE, RECORD_UPDATE_DATE, MASTER_ID, TENANT_TYPE]
Curated tables contains additional column name like [RECORD_CREATE_DATE, RECORD_UPDATE_DATE, RECORD_UPDATED_BY, TENANT_TYPE]]]>
  </system-out>
  <testcase classname="testcases.RAW_DATAMART_CURATED.SnowFlake_ColumnValidation_BKPTables" name="validateColumnName_BKP" time="2.227">
    <failure message="The following asserts failed:
	null" type="java.lang.AssertionError">
      <![CDATA[java.lang.AssertionError: The following asserts failed:
null
at org.testng.asserts.SoftAssert.assertAll(SoftAssert.java:47)
at org.testng.asserts.SoftAssert.assertAll(SoftAssert.java:31)
at testcases.RAW_DATAMART_CURATED.SnowFlake_ColumnValidation_BKPTables.validateColumnName_BKP(SnowFlake_ColumnValidation_BKPTables.java:120)
at jdk.internal.reflect.GeneratedMethodAccessor38.invoke(Unknown Source)
at java.base/jdk.internal.reflect.DelegatingMethodAccessorImpl.invoke(DelegatingMethodAccessorImpl.java:43)
at java.base/java.lang.reflect.Method.invoke(Method.java:568)
at org.testng.internal.MethodInvocationHelper.invokeMethod(MethodInvocationHelper.java:133)
at org.testng.internal.TestInvoker.invokeMethod(TestInvoker.java:598)
at org.testng.internal.TestInvoker.invokeTestMethod(TestInvoker.java:173)
at org.testng.internal.MethodRunner.runInSequence(MethodRunner.java:46)
at org.testng.internal.TestInvoker$MethodInvocationAgent.invoke(TestInvoker.java:824)
at org.testng.internal.TestInvoker.invokeTestMethods(TestInvoker.java:146)
at org.testng.internal.TestMethodWorker.invokeTestMethods(TestMethodWorker.java:146)
at org.testng.internal.TestMethodWorker.run(TestMethodWorker.java:128)
at java.base/java.util.ArrayList.forEach(ArrayList.java:1511)
at org.testng.TestRunner.privateRun(TestRunner.java:794)
at org.testng.TestRunner.run(TestRunner.java:596)
at org.testng.SuiteRunner.runTest(SuiteRunner.java:377)
at org.testng.SuiteRunner.runSequentially(SuiteRunner.java:371)
at org.testng.SuiteRunner.privateRun(SuiteRunner.java:332)
at org.testng.SuiteRunner.run(SuiteRunner.java:276)
at org.testng.SuiteRunnerWorker.runSuite(SuiteRunnerWorker.java:53)
at org.testng.SuiteRunnerWorker.run(SuiteRunnerWorker.java:96)
at org.testng.TestNG.runSuitesSequentially(TestNG.java:1212)
at org.testng.TestNG.runSuitesLocally(TestNG.java:1134)
at org.testng.TestNG.runSuites(TestNG.java:1063)
at org.testng.TestNG.run(TestNG.java:1031)
at org.testng.remote.AbstractRemoteTestNG.run(AbstractRemoteTestNG.java:115)
at org.testng.remote.RemoteTestNG.initAndRun(RemoteTestNG.java:251)
at org.testng.remote.RemoteTestNG.main(RemoteTestNG.java:77)
]]>
    </failure>
  </testcase> <!-- validateColumnName_BKP -->
  <system-out>
    <![CDATA[Executing Snowflake query :: SELECT COLUMN_NAME FROM DEV_ENT_RAW.INFORMATION_SCHEMA.COLUMNS WHERE TABLE_NAME='JOBAPPOINTMENT'and TABLE_SCHEMA='ST_SNELLHEATINGAIR_MATILLION'
Executing Snowflake query :: SELECT COLUMN_NAME FROM CURATED_DATAMART.INFORMATION_SCHEMA.COLUMNS WHERE TABLE_NAME='STR_JOBAPPOINTMENT'and TABLE_SCHEMA='ST_BKP_SNELLHEATINGAIR'
Executing Snowflake query :: SELECT COLUMN_NAME FROM DEV_ENT_CURATED.INFORMATION_SCHEMA.COLUMNS WHERE TABLE_NAME='DIM_JOBAPPOINTMENT'and TABLE_SCHEMA='MASTER_DIMENSIONS'
Column names for RAW Table --> JOBAPPOINTMENT :: [ACTIVE, CREATEDON, PLANEND, STATUS, PLANSTART, CREATEDBY_ID, JOB_ID, START, MONTHNUMBER, END, NUMBER, IMPORTID, ISCONFIRMED, MODIFIEDON, SMARTDISPATCHDATA_JOBAPPOINTMENT, ISUNUSED, SPECIALINSTRUCTIONS, ID]
Column names for DataMart Table --> STR_JOBAPPOINTMENT :: [ACTIVE, CREATEDON, MODIFIEDON, START, ACTIVE_FLAG, JOB_ID, MONTHNUMBER, TENANT_TYPE, END, IMPORTID, ISCONFIRMED, MASTER_ID, RECORD_UPDATE_DATE, STATUS, PLANSTART, CREATEDBY_ID, NUMBER, RECORD_CREATE_DATE, SMARTDISPATCHDATA_JOBAPPOINTMENT, ID, PLANEND, ISUNUSED]
Column names for Curated Table --> DIM_JOBAPPOINTMENT :: [END, SMARTDISPATCHDATA_JOBAPPOINTMENT, ACTIVE, CREATEDBY_ID, IMPORTID, ISUNUSED, START, ID, JOB_ID, MONTHNUMBER, PLANEND, RECORD_UPDATE_DATE, CREATEDON, RECORD_CREATE_DATE, TENANT_TYPE, PLANSTART, ISCONFIRMED, NUMBER, STATUS, MODIFIEDON, RECORD_UPDATED_BY]
Column Name found in Datamart and Curated Table :: ACTIVE
Column Name found in Datamart and Curated Table :: CREATEDON
Column Name found in Datamart and Curated Table :: PLANEND
Column Name found in Datamart and Curated Table :: STATUS
Column Name found in Datamart and Curated Table :: PLANSTART
Column Name found in Datamart and Curated Table :: CREATEDBY_ID
Column Name found in Datamart and Curated Table :: JOB_ID
Column Name found in Datamart and Curated Table :: START
Column Name found in Datamart and Curated Table :: MONTHNUMBER
Column Name found in Datamart and Curated Table :: END
Column Name found in Datamart and Curated Table :: NUMBER
Column Name found in Datamart and Curated Table :: IMPORTID
Column Name found in Datamart and Curated Table :: ISCONFIRMED
Column Name found in Datamart and Curated Table :: MODIFIEDON
Column Name found in Datamart and Curated Table :: SMARTDISPATCHDATA_JOBAPPOINTMENT
Column Name found in Datamart and Curated Table :: ISUNUSED
Column Name not found in Datamart and Curated Table :: SPECIALINSTRUCTIONS
Column Name found in Datamart and Curated Table :: ID
Datamart tables contains additional column name like [ACTIVE_FLAG, RECORD_CREATE_DATE, RECORD_UPDATE_DATE, RECORD_UPDATE_DATE, MASTER_ID, TENANT_TYPE]
Curated tables contains additional column name like [RECORD_CREATE_DATE, RECORD_UPDATE_DATE, RECORD_UPDATED_BY, TENANT_TYPE]]]>
  </system-out>
  <testcase classname="testcases.RAW_DATAMART_CURATED.SnowFlake_ColumnValidation_BKPTables" name="validateColumnName_BKP" time="2.148"/>
  <system-out>
    <![CDATA[Executing Snowflake query :: SELECT COLUMN_NAME FROM DEV_ENT_RAW.INFORMATION_SCHEMA.COLUMNS WHERE TABLE_NAME='CUSTOMER'and TABLE_SCHEMA='ST_HENDERSON_MATILLION'
Executing Snowflake query :: SELECT COLUMN_NAME FROM CURATED_DATAMART.INFORMATION_SCHEMA.COLUMNS WHERE TABLE_NAME='STR_CUSTOMER'and TABLE_SCHEMA='ST_BKP_HENDERSON'
Executing Snowflake query :: SELECT COLUMN_NAME FROM DEV_ENT_CURATED.INFORMATION_SCHEMA.COLUMNS WHERE TABLE_NAME='DIM_CUSTOMER'and TABLE_SCHEMA='MASTER_DIMENSIONS'
Column names for RAW Table --> CUSTOMER :: [ADDRESS_LONGITUDE, CREATEDBY_ID, IMPORTID, MEMBERSHIP_ACTIVATEDFROM, MODIFIEDON, NOCHARGE, TAXEXEMPT, ADDRESS_STREET, ADDRESS_UNIT, EXCLUDEFROMBULKPRINTING, MEMBERSHIP_ACTIVATEDBY, ADDRESS_CITY, ADDRESS_COUNTRY, PAYMENTTERM_ID, DONOTMAIL, ID, SHOWMEMBERSAVINGS, CREATEDON, DONOTCHARGEINTERESTFEE, ADDRESS_STATE, BALANCE, HEADER, MEMBERSHIP_TO, STATISTICS_ID, ACTIVE, AVALARAENTITYCODE, DONOTSENDPROMOTIONALEMAILS, DONOTSERVICE, TYPE, ADDRESS_LATITUDE, MEMBERSHIP_FROM, ADDRESS_ISMANUALCOORDINATES, ADDRESS_ISMILITARY, ADDRESS_ZIP, AR, EXTERNALID, MEMBERSHIP_CANCELLATIONDATE, NAME]
Column names for DataMart Table --> STR_CUSTOMER :: [ACTIVE, ADDRESS_ISMANUALCOORDINATES, ADDRESS_UNIT, AR, CREATEDBY_ID, RECORD_CREATE_DATE, EXCLUDEFROMBULKPRINTING, MEMBERSHIP_ACTIVATEDFROM, TYPE, NAME, SHOWMEMBERSAVINGS, EXTERNALID, ACTIVE_FLAG, ADDRESS_CITY, ADDRESS_LATITUDE, ADDRESS_STATE, DONOTCHARGEINTERESTFEE, DONOTSENDPROMOTIONALEMAILS, MEMBERSHIP_FROM, HEADER, ADDRESS_ISMILITARY, DONOTMAIL, IMPORTID, MEMBERSHIP_CANCELLATIONDATE, MODIFIEDON, MASTER_ID, NOCHARGE, ADDRESS_LONGITUDE, ID, MEMBERSHIP_TO, ADDRESS_COUNTRY, BALANCE, CREATEDON, DONOTSERVICE, MEMBERSHIP_ACTIVATEDBY, STATISTICS_ID, RECORD_UPDATE_DATE, ADDRESS_ZIP, AVALARAENTITYCODE, PAYMENTTERM_ID, TENANT_TYPE, ADDRESS_STREET, TAXEXEMPT]
Column names for Curated Table --> DIM_CUSTOMER :: [ADDRESS_UNIT, PAYMENTTERM_ID, BALANCE, IMPORTID, ACTIVE, ADDRESS_COUNTRY, ADDRESS_ISMANUALCOORDINATES, ADDRESS_STATE, ADDRESS_ZIP, AR, NAME, MEMBERSHIP_TO, ADDRESS_CITY, ADDRESS_STREET, DONOTSERVICE, MEMBERSHIP_CANCELLATIONDATE, NOCHARGE, HEADER, CREATEDBY_ID, EXTERNALID, MODIFIEDON, DONOTCHARGEINTERESTFEE, MEMBERSHIP_ACTIVATEDBY, RECORD_UPDATE_DATE, RECORD_UPDATED_BY, STATISTICS_ID, CREATEDON, DONOTMAIL, ID, TAXEXEMPT, RECORD_CREATE_DATE, ADDRESS_LATITUDE, ADDRESS_LONGITUDE, AVALARAENTITYCODE, DONOTSENDPROMOTIONALEMAILS, MEMBERSHIP_FROM, TENANT_TYPE, TYPE, ADDRESS_ISMILITARY, MEMBERSHIP_ACTIVATEDFROM, SHOWMEMBERSAVINGS, EXCLUDEFROMBULKPRINTING]
Column Name found in Datamart and Curated Table :: ADDRESS_LONGITUDE
Column Name found in Datamart and Curated Table :: CREATEDBY_ID
Column Name found in Datamart and Curated Table :: IMPORTID
Column Name found in Datamart and Curated Table :: MEMBERSHIP_ACTIVATEDFROM
Column Name found in Datamart and Curated Table :: MODIFIEDON
Column Name found in Datamart and Curated Table :: NOCHARGE
Column Name found in Datamart and Curated Table :: TAXEXEMPT
Column Name found in Datamart and Curated Table :: ADDRESS_STREET
Column Name found in Datamart and Curated Table :: ADDRESS_UNIT
Column Name found in Datamart and Curated Table :: EXCLUDEFROMBULKPRINTING
Column Name found in Datamart and Curated Table :: MEMBERSHIP_ACTIVATEDBY
Column Name found in Datamart and Curated Table :: ADDRESS_CITY
Column Name found in Datamart and Curated Table :: ADDRESS_COUNTRY
Column Name found in Datamart and Curated Table :: PAYMENTTERM_ID
Column Name found in Datamart and Curated Table :: DONOTMAIL
Column Name found in Datamart and Curated Table :: ID
Column Name found in Datamart and Curated Table :: SHOWMEMBERSAVINGS
Column Name found in Datamart and Curated Table :: CREATEDON
Column Name found in Datamart and Curated Table :: DONOTCHARGEINTERESTFEE
Column Name found in Datamart and Curated Table :: ADDRESS_STATE
Column Name found in Datamart and Curated Table :: BALANCE
Column Name found in Datamart and Curated Table :: HEADER
Column Name found in Datamart and Curated Table :: MEMBERSHIP_TO
Column Name found in Datamart and Curated Table :: STATISTICS_ID
Column Name found in Datamart and Curated Table :: ACTIVE
Column Name found in Datamart and Curated Table :: AVALARAENTITYCODE
Column Name found in Datamart and Curated Table :: DONOTSENDPROMOTIONALEMAILS
Column Name found in Datamart and Curated Table :: DONOTSERVICE
Column Name found in Datamart and Curated Table :: TYPE
Column Name found in Datamart and Curated Table :: ADDRESS_LATITUDE
Column Name found in Datamart and Curated Table :: MEMBERSHIP_FROM
Column Name found in Datamart and Curated Table :: ADDRESS_ISMANUALCOORDINATES
Column Name found in Datamart and Curated Table :: ADDRESS_ISMILITARY
Column Name found in Datamart and Curated Table :: ADDRESS_ZIP
Column Name found in Datamart and Curated Table :: AR
Column Name found in Datamart and Curated Table :: EXTERNALID
Column Name found in Datamart and Curated Table :: MEMBERSHIP_CANCELLATIONDATE
Column Name found in Datamart and Curated Table :: NAME
Datamart tables contains additional column name like [ACTIVE_FLAG, RECORD_CREATE_DATE, RECORD_UPDATE_DATE, RECORD_UPDATE_DATE, MASTER_ID, TENANT_TYPE]
Curated tables contains additional column name like [RECORD_CREATE_DATE, RECORD_UPDATE_DATE, RECORD_UPDATED_BY, TENANT_TYPE]]]>
  </system-out>
  <testcase classname="testcases.RAW_DATAMART_CURATED.SnowFlake_ColumnValidation_BKPTables" name="validateColumnName_BKP" time="2.225"/>
  <system-out>
    <![CDATA[Executing Snowflake query :: SELECT COLUMN_NAME FROM DEV_ENT_RAW.INFORMATION_SCHEMA.COLUMNS WHERE TABLE_NAME='VENDOR'and TABLE_SCHEMA='ST_MAITZ_MATILLION'
Executing Snowflake query :: SELECT COLUMN_NAME FROM CURATED_DATAMART.INFORMATION_SCHEMA.COLUMNS WHERE TABLE_NAME='STR_VENDOR'and TABLE_SCHEMA='ST_BKP_MAITZ'
Executing Snowflake query :: SELECT COLUMN_NAME FROM DEV_ENT_CURATED.INFORMATION_SCHEMA.COLUMNS WHERE TABLE_NAME='DIM_VENDOR'and TABLE_SCHEMA='MASTER_DIMENSIONS'
Column names for RAW Table --> VENDOR :: [VENDORADDRESS_STATE, ACTIVE, CREATEDON, MODIFIEDON, VENDORADDRESS_CITY, VENDORADDRESS_STREET, ISTRUCKREPLENISHMENT, TAXRATE, VENDORADDRESS_ISMILITARY, VENDORADDRESS_LONGITUDE, VENDORQUICKBOOKSITEM, MEMO, PAYMENTTERM_ID, VENDORADDRESS_ZIP, DELIVERYOPTION, EMAIL, FAX, FIRSTNAME, VENDORADDRESS_ISMANUALCOORDINATES, VENDORADDRESS_LATITUDE, VENDORADDRESS_UNIT, IMPORTID, LASTNAME, REMITTANCEVENDOR_ID, RESTRICTEDMOBILECREATION, NAME, ADDRESS, CREATEDBY_ID, EXTERNALID, ID, PHONE, VENDORADDRESS_COUNTRY]
Column names for DataMart Table --> STR_VENDOR :: [MEMO, PAYMENTTERM_ID, RECORD_CREATE_DATE, EXTERNALID, FAX, ISTRUCKREPLENISHMENT, MODIFIEDON, VENDORADDRESS_STREET, VENDORADDRESS_CITY, ACTIVE, ADDRESS, ID, VENDORADDRESS_ISMILITARY, VENDORADDRESS_LONGITUDE, TENANT_TYPE, MASTER_ID, VENDORADDRESS_ISMANUALCOORDINATES, VENDORADDRESS_ZIP, VENDORQUICKBOOKSITEM, CREATEDBY_ID, IMPORTID, VENDORADDRESS_UNIT, ACTIVE_FLAG, EMAIL, RECORD_UPDATE_DATE, TAXRATE, VENDORADDRESS_LATITUDE, DELIVERYOPTION, PHONE, REMITTANCEVENDOR_ID, CREATEDON, FIRSTNAME, LASTNAME, VENDORADDRESS_STATE, NAME, VENDORADDRESS_COUNTRY, RESTRICTEDMOBILECREATION]
Column names for Curated Table --> DIM_VENDOR :: [DELIVERYOPTION, EXTERNALID, VENDORADDRESS_LATITUDE, VENDORADDRESS_ISMILITARY, VENDORADDRESS_STREET, EMAIL, ID, MEMO, PHONE, TAXRATE, VENDORADDRESS_ZIP, VENDORADDRESS_CITY, ACTIVE, ADDRESS, FAX, ISTRUCKREPLENISHMENT, VENDORADDRESS_STATE, REMITTANCEVENDOR_ID, FIRSTNAME, NAME, VENDORADDRESS_COUNTRY, LASTNAME, RECORD_UPDATE_DATE, VENDORADDRESS_UNIT, MODIFIEDON, CREATEDBY_ID, RECORD_CREATE_DATE, TENANT_TYPE, VENDORADDRESS_LONGITUDE, CREATEDON, IMPORTID, VENDORADDRESS_ISMANUALCOORDINATES, RESTRICTEDMOBILECREATION, PAYMENTTERM_ID, RECORD_UPDATED_BY, VENDORQUICKBOOKSITEM]
Column Name found in Datamart and Curated Table :: VENDORADDRESS_STATE
Column Name found in Datamart and Curated Table :: ACTIVE
Column Name found in Datamart and Curated Table :: CREATEDON
Column Name found in Datamart and Curated Table :: MODIFIEDON
Column Name found in Datamart and Curated Table :: VENDORADDRESS_CITY
Column Name found in Datamart and Curated Table :: VENDORADDRESS_STREET
Column Name found in Datamart and Curated Table :: ISTRUCKREPLENISHMENT
Column Name found in Datamart and Curated Table :: TAXRATE
Column Name found in Datamart and Curated Table :: VENDORADDRESS_ISMILITARY
Column Name found in Datamart and Curated Table :: VENDORADDRESS_LONGITUDE
Column Name found in Datamart and Curated Table :: VENDORQUICKBOOKSITEM
Column Name found in Datamart and Curated Table :: MEMO
Column Name found in Datamart and Curated Table :: PAYMENTTERM_ID
Column Name found in Datamart and Curated Table :: VENDORADDRESS_ZIP
Column Name found in Datamart and Curated Table :: DELIVERYOPTION
Column Name found in Datamart and Curated Table :: EMAIL
Column Name found in Datamart and Curated Table :: FAX
Column Name found in Datamart and Curated Table :: FIRSTNAME
Column Name found in Datamart and Curated Table :: VENDORADDRESS_ISMANUALCOORDINATES
Column Name found in Datamart and Curated Table :: VENDORADDRESS_LATITUDE
Column Name found in Datamart and Curated Table :: VENDORADDRESS_UNIT
Column Name found in Datamart and Curated Table :: IMPORTID
Column Name found in Datamart and Curated Table :: LASTNAME
Column Name found in Datamart and Curated Table :: REMITTANCEVENDOR_ID
Column Name found in Datamart and Curated Table :: RESTRICTEDMOBILECREATION
Column Name found in Datamart and Curated Table :: NAME
Column Name found in Datamart and Curated Table :: ADDRESS
Column Name found in Datamart and Curated Table :: CREATEDBY_ID
Column Name found in Datamart and Curated Table :: EXTERNALID
Column Name found in Datamart and Curated Table :: ID
Column Name found in Datamart and Curated Table :: PHONE
Column Name found in Datamart and Curated Table :: VENDORADDRESS_COUNTRY
Datamart tables contains additional column name like [ACTIVE_FLAG, RECORD_CREATE_DATE, RECORD_UPDATE_DATE, RECORD_UPDATE_DATE, MASTER_ID, TENANT_TYPE]
Curated tables contains additional column name like [RECORD_CREATE_DATE, RECORD_UPDATE_DATE, RECORD_UPDATED_BY, TENANT_TYPE]]]>
  </system-out>
  <testcase classname="testcases.RAW_DATAMART_CURATED.SnowFlake_ColumnValidation_BKPTables" name="validateColumnName_BKP" time="3.317"/>
  <system-out>
    <![CDATA[Executing Snowflake query :: SELECT COLUMN_NAME FROM DEV_ENT_RAW.INFORMATION_SCHEMA.COLUMNS WHERE TABLE_NAME='JOBCOMPLETIONSURVEY'and TABLE_SCHEMA='ST_GOLDMEDAL_MATILLION'
Executing Snowflake query :: SELECT COLUMN_NAME FROM CURATED_DATAMART.INFORMATION_SCHEMA.COLUMNS WHERE TABLE_NAME='STR_JOBCOMPLETIONSURVEY'and TABLE_SCHEMA='ST_BKP_GOLDMEDAL'
Executing Snowflake query :: SELECT COLUMN_NAME FROM DEV_ENT_CURATED.INFORMATION_SCHEMA.COLUMNS WHERE TABLE_NAME='DIM_JOBCOMPLETIONSURVEY'and TABLE_SCHEMA='MASTER_DIMENSIONS'
Column names for RAW Table --> JOBCOMPLETIONSURVEY :: [ID, SURVEYTYPE, COMPLETEDON, JOBCOMPLETEDON, MODIFIEDON, ISPLANNINGTOUSEAGAIN, MEMO, RECOMMENDATIONS, SENTON, SUBMITCOUNT, RATING, TOKEN, ISROUTINECOMPLETED, STATUS, JOBID]
Column names for DataMart Table --> STR_JOBCOMPLETIONSURVEY :: [COMPLETEDON, ISPLANNINGTOUSEAGAIN, JOBID, RECORD_CREATE_DATE, RECORD_UPDATE_DATE, ID, ISROUTINECOMPLETED, SURVEYTYPE, SUBMITCOUNT, TOKEN, MASTER_ID, MEMO, STATUS, ACTIVE_FLAG, RECOMMENDATIONS, TENANT_TYPE, JOBCOMPLETEDON, SENTON, RATING, MODIFIEDON]
Column names for Curated Table --> DIM_JOBCOMPLETIONSURVEY :: [ID, JOBCOMPLETEDON, SUBMITCOUNT, ISROUTINECOMPLETED, MEMO, RECORD_UPDATED_BY, STATUS, JOBID, RECORD_UPDATE_DATE, TENANT_TYPE, MODIFIEDON, SURVEYTYPE, COMPLETEDON, ISPLANNINGTOUSEAGAIN, RATING, SENTON, RECOMMENDATIONS, RECORD_CREATE_DATE, TOKEN]
Column Name found in Datamart and Curated Table :: ID
Column Name found in Datamart and Curated Table :: SURVEYTYPE
Column Name found in Datamart and Curated Table :: COMPLETEDON
Column Name found in Datamart and Curated Table :: JOBCOMPLETEDON
Column Name found in Datamart and Curated Table :: MODIFIEDON
Column Name found in Datamart and Curated Table :: ISPLANNINGTOUSEAGAIN
Column Name found in Datamart and Curated Table :: MEMO
Column Name found in Datamart and Curated Table :: RECOMMENDATIONS
Column Name found in Datamart and Curated Table :: SENTON
Column Name found in Datamart and Curated Table :: SUBMITCOUNT
Column Name found in Datamart and Curated Table :: RATING
Column Name found in Datamart and Curated Table :: TOKEN
Column Name found in Datamart and Curated Table :: ISROUTINECOMPLETED
Column Name found in Datamart and Curated Table :: STATUS
Column Name found in Datamart and Curated Table :: JOBID
Datamart tables contains additional column name like [ACTIVE_FLAG, RECORD_CREATE_DATE, RECORD_UPDATE_DATE, RECORD_UPDATE_DATE, MASTER_ID, TENANT_TYPE]
Curated tables contains additional column name like [RECORD_CREATE_DATE, RECORD_UPDATE_DATE, RECORD_UPDATED_BY, TENANT_TYPE]]]>
  </system-out>
  <testcase classname="testcases.RAW_DATAMART_CURATED.SnowFlake_ColumnValidation_BKPTables" name="validateColumnName_BKP" time="2.244"/>
  <system-out>
    <![CDATA[Executing Snowflake query :: SELECT COLUMN_NAME FROM DEV_ENT_RAW.INFORMATION_SCHEMA.COLUMNS WHERE TABLE_NAME='JOBASSIGNMENT'and TABLE_SCHEMA='ST_HUTCHINSON_MATILLION'
Executing Snowflake query :: SELECT COLUMN_NAME FROM CURATED_DATAMART.INFORMATION_SCHEMA.COLUMNS WHERE TABLE_NAME='STR_JOBASSIGNMENT'and TABLE_SCHEMA='ST_BKP_HUTCHINSON'
Executing Snowflake query :: SELECT COLUMN_NAME FROM DEV_ENT_CURATED.INFORMATION_SCHEMA.COLUMNS WHERE TABLE_NAME='DIM_JOBASSIGNMENT'and TABLE_SCHEMA='MASTER_DIMENSIONS'
Column names for RAW Table --> JOBASSIGNMENT :: [MODIFIEDON, JOHNMOOREPAYROLLROLE, ACTIVE, CREATEDON, DRIVETIME_ID, ID, PAYROLLROLE, TECHNICIANROLE_ID, PAYTYPE, PROJECTLABELS, SPLIT, COMMISSIONRATE, JOB_ID, CREATEDBY_ID, IMPORTID, ISPAUSED, STATUS, GROSSPAY, TECHNICIAN_ID]
Column names for DataMart Table --> STR_JOBASSIGNMENT :: [MASTER_ID, SPLIT, TECHNICIAN_ID, STATUS, ACTIVE, DRIVETIME_ID, GROSSPAY, RECORD_UPDATE_DATE, TECHNICIANROLE_ID, PAYTYPE, RECORD_CREATE_DATE, CREATEDBY_ID, JOB_ID, PAYROLLROLE, TENANT_TYPE, JOHNMOOREPAYROLLROLE, ACTIVE_FLAG, MODIFIEDON, SOURCE_PKEY_SPK, CREATEDON, IMPORTID, ISPAUSED, ID, COMMISSIONRATE, PROJECTLABELS]
Column names for Curated Table --> DIM_JOBASSIGNMENT :: [STATUS, COMMISSIONRATE, SPLIT, TECHNICIANROLE_ID, DRIVETIME_ID, GROSSPAY, RECORD_CREATE_DATE, JOHNMOOREPAYROLLROLE, MODIFIEDON, CREATEDBY_ID, ISPAUSED, SOURCE_PKEY_SPK, ID, PROJECTLABELS, RECORD_UPDATED_BY, PAYROLLROLE, JOB_ID, RECORD_UPDATE_DATE, TENANT_TYPE, IMPORTID, TECHNICIAN_ID, PAYTYPE, ACTIVE, CREATEDON]
Column Name found in Datamart and Curated Table :: MODIFIEDON
Column Name found in Datamart and Curated Table :: JOHNMOOREPAYROLLROLE
Column Name found in Datamart and Curated Table :: ACTIVE
Column Name found in Datamart and Curated Table :: CREATEDON
Column Name found in Datamart and Curated Table :: DRIVETIME_ID
Column Name found in Datamart and Curated Table :: ID
Column Name found in Datamart and Curated Table :: PAYROLLROLE
Column Name found in Datamart and Curated Table :: TECHNICIANROLE_ID
Column Name found in Datamart and Curated Table :: PAYTYPE
Column Name found in Datamart and Curated Table :: PROJECTLABELS
Column Name found in Datamart and Curated Table :: SPLIT
Column Name found in Datamart and Curated Table :: COMMISSIONRATE
Column Name found in Datamart and Curated Table :: JOB_ID
Column Name found in Datamart and Curated Table :: CREATEDBY_ID
Column Name found in Datamart and Curated Table :: IMPORTID
Column Name found in Datamart and Curated Table :: ISPAUSED
Column Name found in Datamart and Curated Table :: STATUS
Column Name found in Datamart and Curated Table :: GROSSPAY
Column Name found in Datamart and Curated Table :: TECHNICIAN_ID
Datamart tables contains additional column name like [ACTIVE_FLAG, RECORD_CREATE_DATE, RECORD_UPDATE_DATE, RECORD_UPDATE_DATE, MASTER_ID, TENANT_TYPE]
Curated tables contains additional column name like [RECORD_CREATE_DATE, RECORD_UPDATE_DATE, RECORD_UPDATED_BY, TENANT_TYPE]]]>
  </system-out>
  <testcase classname="testcases.RAW_DATAMART_CURATED.SnowFlake_ColumnValidation_BKPTables" name="validateColumnName_BKP" time="2.420"/>
  <system-out>
    <![CDATA[Executing Snowflake query :: SELECT COLUMN_NAME FROM DEV_ENT_RAW.INFORMATION_SCHEMA.COLUMNS WHERE TABLE_NAME='TECHNICIANSHIFT'and TABLE_SCHEMA='ST_HENDERSON_MATILLION'
Executing Snowflake query :: SELECT COLUMN_NAME FROM CURATED_DATAMART.INFORMATION_SCHEMA.COLUMNS WHERE TABLE_NAME='STR_TECHNICIANSHIFT'and TABLE_SCHEMA='ST_BKP_HENDERSON'
Executing Snowflake query :: SELECT COLUMN_NAME FROM DEV_ENT_CURATED.INFORMATION_SCHEMA.COLUMNS WHERE TABLE_NAME='DIM_TECHNICIANSHIFT'and TABLE_SCHEMA='MASTER_DIMENSIONS'
Column names for RAW Table --> TECHNICIANSHIFT :: []
Column names for DataMart Table --> STR_TECHNICIANSHIFT :: [ACTIVE_FLAG, MASTER_ID, IMPORTID, START, TENANT_TYPE, TITLE, ENDDATE, STARTDATE, CREATEDON, TECHNICIAN_ID, ID, SHIFTTYPE, RECORD_UPDATE_DATE, ACTIVE, BATCH, END, ENDTIME, NOTE, TIMESHEETCODE_ID, CREATEDBY_ID, RECORD_CREATE_DATE, TIMESHEET_ID, STARTTIME]
Column names for Curated Table --> DIM_TECHNICIANSHIFT :: [CREATEDON, TENANT_TYPE, TITLE, ACTIVE, NOTE, RECORD_CREATE_DATE, END, ID, RECORD_UPDATED_BY, TIMESHEETCODE_ID, IMPORTID, RECORD_UPDATE_DATE, STARTTIME, TECHNICIAN_ID, TIMESHEET_ID, CREATEDBY_ID, ENDDATE, START, SHIFTTYPE, BATCH, ENDTIME, STARTDATE]
Datamart tables contains additional column name like [ACTIVE_FLAG, RECORD_CREATE_DATE, RECORD_UPDATE_DATE, RECORD_UPDATE_DATE, MASTER_ID, TENANT_TYPE]
Curated tables contains additional column name like [RECORD_CREATE_DATE, RECORD_UPDATE_DATE, RECORD_UPDATED_BY, TENANT_TYPE]]]>
  </system-out>
  <testcase classname="testcases.RAW_DATAMART_CURATED.SnowFlake_ColumnValidation_BKPTables" name="validateColumnName_BKP" time="2.610"/>
  <system-out>
    <![CDATA[Executing Snowflake query :: SELECT COLUMN_NAME FROM DEV_ENT_RAW.INFORMATION_SCHEMA.COLUMNS WHERE TABLE_NAME='HOLDJOBREASON'and TABLE_SCHEMA='ST_HUTCHINSON_MATILLION'
Executing Snowflake query :: SELECT COLUMN_NAME FROM CURATED_DATAMART.INFORMATION_SCHEMA.COLUMNS WHERE TABLE_NAME='STR_HOLDJOBREASON'and TABLE_SCHEMA='ST_BKP_HUTCHINSON'
Executing Snowflake query :: SELECT COLUMN_NAME FROM DEV_ENT_CURATED.INFORMATION_SCHEMA.COLUMNS WHERE TABLE_NAME='DIM_HOLDJOBREASON'and TABLE_SCHEMA='MASTER_DIMENSIONS'
Column names for RAW Table --> HOLDJOBREASON :: [ACTIVE, CREATEDON, NAME, MODIFIEDON, CREATEDBY_ID, ID, IMPORTID]
Column names for DataMart Table --> STR_HOLDJOBREASON :: [ID, MODIFIEDON, NAME, ACTIVE, IMPORTID, MASTER_ID, CREATEDBY_ID, TENANT_TYPE, ACTIVE_FLAG, CREATEDON, RECORD_CREATE_DATE, RECORD_UPDATE_DATE]
Column names for Curated Table --> DIM_HOLDJOBREASON :: [ACTIVE, ID, NAME, RECORD_UPDATED_BY, CREATEDON, MODIFIEDON, RECORD_CREATE_DATE, RECORD_UPDATE_DATE, TENANT_TYPE, IMPORTID, CREATEDBY_ID]
Column Name found in Datamart and Curated Table :: ACTIVE
Column Name found in Datamart and Curated Table :: CREATEDON
Column Name found in Datamart and Curated Table :: NAME
Column Name found in Datamart and Curated Table :: MODIFIEDON
Column Name found in Datamart and Curated Table :: CREATEDBY_ID
Column Name found in Datamart and Curated Table :: ID
Column Name found in Datamart and Curated Table :: IMPORTID
Datamart tables contains additional column name like [ACTIVE_FLAG, RECORD_CREATE_DATE, RECORD_UPDATE_DATE, RECORD_UPDATE_DATE, MASTER_ID, TENANT_TYPE]
Curated tables contains additional column name like [RECORD_CREATE_DATE, RECORD_UPDATE_DATE, RECORD_UPDATED_BY, TENANT_TYPE]]]>
  </system-out>
  <testcase classname="testcases.RAW_DATAMART_CURATED.SnowFlake_ColumnValidation_BKPTables" name="validateColumnName_BKP" time="2.655"/>
  <system-out>
    <![CDATA[Executing Snowflake query :: SELECT COLUMN_NAME FROM DEV_ENT_RAW.INFORMATION_SCHEMA.COLUMNS WHERE TABLE_NAME='TIMESHEETCODE'and TABLE_SCHEMA='ST_FOURPROS_MATILLION'
Executing Snowflake query :: SELECT COLUMN_NAME FROM CURATED_DATAMART.INFORMATION_SCHEMA.COLUMNS WHERE TABLE_NAME='STR_TIMESHEETCODE'and TABLE_SCHEMA='ST_BKP_FOURPROS'
Executing Snowflake query :: SELECT COLUMN_NAME FROM DEV_ENT_CURATED.INFORMATION_SCHEMA.COLUMNS WHERE TABLE_NAME='DIM_TIMESHEETCODE'and TABLE_SCHEMA='MASTER_DIMENSIONS'
Column names for RAW Table --> TIMESHEETCODE :: [ADDRESS_ISMILITARY, ADDRESS_STATE, APPLICABLEEMPLOYEETYPE, BUSINESSUNIT_ID, EVENTNAME, SENDALERTSONMOBILE, OVERTIMEPAYROLLCONTROLCODE_ID, ADDRESS_LATITUDE, CREATEDBY_ID, PAYROLLPOSTINGGROUP_ID, ROUTEAROUNDNJA, VISIBILITY, GEOFENCECLOCKINMODE, ADDRESS_LONGITUDE, COUNTONJOBCOUNTER, CUSTOMHOURLYRATE, DEDUCTCOMMUTETIME, ISAUTOCLOCKINENABLED, ACTIVE, EXCLUDEABSENTEVENT, STANDARDPAYROLLCONTROLCODE_ID, ENABLESIMPLECLOCKINOUT, ID, ADDRESS_ISMANUALCOORDINATES, CREATEDON, DOUBLEOVERTIMEPAYCODE_ID, HOURLYRATE, CODE, ISDEFAULTSHOPTIME, OVERTIMEPAYCODE_ID, STANDARDPAYCODE_ID, ADDRESS_COUNTRY, OTPAYCODE, STPAYCODE, TYPE, ADDRESS_ZIP, DESCRIPTION, ADDRESS_CITY, ADDRESS_STREET, IMPORTID, ADDRESS_UNIT, RATEMULTIPLIER]
Column names for DataMart Table --> STR_TIMESHEETCODE :: [ADDRESS_ISMILITARY, APPLICABLEEMPLOYEETYPE, ADDRESS_LONGITUDE, CREATEDBY_ID, OVERTIMEPAYROLLCONTROLCODE_ID, PAYROLLPOSTINGGROUP_ID, TYPE, ACTIVE_FLAG, COUNTONJOBCOUNTER, DESCRIPTION, ISDEFAULTSHOPTIME, SENDALERTSONMOBILE, ADDRESS_COUNTRY, ADDRESS_UNIT, ADDRESS_ZIP, CREATEDON, STPAYCODE, ISAUTOCLOCKINENABLED, RATEMULTIPLIER, STANDARDPAYCODE_ID, ADDRESS_ISMANUALCOORDINATES, ADDRESS_LATITUDE, OVERTIMEPAYCODE_ID, TENANT_TYPE, DEDUCTCOMMUTETIME, CODE, ENABLESIMPLECLOCKINOUT, EVENTNAME, EXCLUDEABSENTEVENT, HOURLYRATE, MASTER_ID, CUSTOMHOURLYRATE, ADDRESS_CITY, BUSINESSUNIT_ID, GEOFENCECLOCKINMODE, IMPORTID, STANDARDPAYROLLCONTROLCODE_ID, OTPAYCODE, ACTIVE, ADDRESS_STATE, DOUBLEOVERTIMEPAYCODE_ID, RECORD_UPDATE_DATE, VISIBILITY, ADDRESS_STREET, ID, RECORD_CREATE_DATE, ROUTEAROUNDNJA]
Column names for Curated Table --> DIM_TIMESHEETCODE :: [ADDRESS_STREET, ADDRESS_ZIP, CUSTOMHOURLYRATE, DOUBLEOVERTIMEPAYCODE_ID, ENABLESIMPLECLOCKINOUT, DESCRIPTION, ADDRESS_ISMANUALCOORDINATES, ADDRESS_LONGITUDE, IMPORTID, CREATEDON, DEDUCTCOMMUTETIME, ID, ADDRESS_LATITUDE, CREATEDBY_ID, GEOFENCECLOCKINMODE, ROUTEAROUNDNJA, HOURLYRATE, RECORD_UPDATED_BY, RECORD_UPDATE_DATE, ADDRESS_UNIT, CODE, STANDARDPAYCODE_ID, OTPAYCODE, STPAYCODE, APPLICABLEEMPLOYEETYPE, OVERTIMEPAYCODE_ID, RATEMULTIPLIER, STANDARDPAYROLLCONTROLCODE_ID, EXCLUDEABSENTEVENT, PAYROLLPOSTINGGROUP_ID, TYPE, VISIBILITY, OVERTIMEPAYROLLCONTROLCODE_ID, ADDRESS_ISMILITARY, ADDRESS_STATE, ISDEFAULTSHOPTIME, ACTIVE, ADDRESS_CITY, BUSINESSUNIT_ID, COUNTONJOBCOUNTER, EVENTNAME, SENDALERTSONMOBILE, ADDRESS_COUNTRY, ISAUTOCLOCKINENABLED, TENANT_TYPE, RECORD_CREATE_DATE]
Column Name found in Datamart and Curated Table :: ADDRESS_ISMILITARY
Column Name found in Datamart and Curated Table :: ADDRESS_STATE
Column Name found in Datamart and Curated Table :: APPLICABLEEMPLOYEETYPE
Column Name found in Datamart and Curated Table :: BUSINESSUNIT_ID
Column Name found in Datamart and Curated Table :: EVENTNAME
Column Name found in Datamart and Curated Table :: SENDALERTSONMOBILE
Column Name found in Datamart and Curated Table :: OVERTIMEPAYROLLCONTROLCODE_ID
Column Name found in Datamart and Curated Table :: ADDRESS_LATITUDE
Column Name found in Datamart and Curated Table :: CREATEDBY_ID
Column Name found in Datamart and Curated Table :: PAYROLLPOSTINGGROUP_ID
Column Name found in Datamart and Curated Table :: ROUTEAROUNDNJA
Column Name found in Datamart and Curated Table :: VISIBILITY
Column Name found in Datamart and Curated Table :: GEOFENCECLOCKINMODE
Column Name found in Datamart and Curated Table :: ADDRESS_LONGITUDE
Column Name found in Datamart and Curated Table :: COUNTONJOBCOUNTER
Column Name found in Datamart and Curated Table :: CUSTOMHOURLYRATE
Column Name found in Datamart and Curated Table :: DEDUCTCOMMUTETIME
Column Name found in Datamart and Curated Table :: ISAUTOCLOCKINENABLED
Column Name found in Datamart and Curated Table :: ACTIVE
Column Name found in Datamart and Curated Table :: EXCLUDEABSENTEVENT
Column Name found in Datamart and Curated Table :: STANDARDPAYROLLCONTROLCODE_ID
Column Name found in Datamart and Curated Table :: ENABLESIMPLECLOCKINOUT
Column Name found in Datamart and Curated Table :: ID
Column Name found in Datamart and Curated Table :: ADDRESS_ISMANUALCOORDINATES
Column Name found in Datamart and Curated Table :: CREATEDON
Column Name found in Datamart and Curated Table :: DOUBLEOVERTIMEPAYCODE_ID
Column Name found in Datamart and Curated Table :: HOURLYRATE
Column Name found in Datamart and Curated Table :: CODE
Column Name found in Datamart and Curated Table :: ISDEFAULTSHOPTIME
Column Name found in Datamart and Curated Table :: OVERTIMEPAYCODE_ID
Column Name found in Datamart and Curated Table :: STANDARDPAYCODE_ID
Column Name found in Datamart and Curated Table :: ADDRESS_COUNTRY
Column Name found in Datamart and Curated Table :: OTPAYCODE
Column Name found in Datamart and Curated Table :: STPAYCODE
Column Name found in Datamart and Curated Table :: TYPE
Column Name found in Datamart and Curated Table :: ADDRESS_ZIP
Column Name found in Datamart and Curated Table :: DESCRIPTION
Column Name found in Datamart and Curated Table :: ADDRESS_CITY
Column Name found in Datamart and Curated Table :: ADDRESS_STREET
Column Name found in Datamart and Curated Table :: IMPORTID
Column Name found in Datamart and Curated Table :: ADDRESS_UNIT
Column Name found in Datamart and Curated Table :: RATEMULTIPLIER
Datamart tables contains additional column name like [ACTIVE_FLAG, RECORD_CREATE_DATE, RECORD_UPDATE_DATE, RECORD_UPDATE_DATE, MASTER_ID, TENANT_TYPE]
Curated tables contains additional column name like [RECORD_CREATE_DATE, RECORD_UPDATE_DATE, RECORD_UPDATED_BY, TENANT_TYPE]]]>
  </system-out>
  <testcase classname="testcases.RAW_DATAMART_CURATED.SnowFlake_ColumnValidation_BKPTables" name="validateColumnName_BKP" time="3.023">
    <failure message="The following asserts failed:
	null" type="java.lang.AssertionError">
      <![CDATA[java.lang.AssertionError: The following asserts failed:
null
at org.testng.asserts.SoftAssert.assertAll(SoftAssert.java:47)
at org.testng.asserts.SoftAssert.assertAll(SoftAssert.java:31)
at testcases.RAW_DATAMART_CURATED.SnowFlake_ColumnValidation_BKPTables.validateColumnName_BKP(SnowFlake_ColumnValidation_BKPTables.java:120)
at jdk.internal.reflect.GeneratedMethodAccessor38.invoke(Unknown Source)
at java.base/jdk.internal.reflect.DelegatingMethodAccessorImpl.invoke(DelegatingMethodAccessorImpl.java:43)
at java.base/java.lang.reflect.Method.invoke(Method.java:568)
at org.testng.internal.MethodInvocationHelper.invokeMethod(MethodInvocationHelper.java:133)
at org.testng.internal.TestInvoker.invokeMethod(TestInvoker.java:598)
at org.testng.internal.TestInvoker.invokeTestMethod(TestInvoker.java:173)
at org.testng.internal.MethodRunner.runInSequence(MethodRunner.java:46)
at org.testng.internal.TestInvoker$MethodInvocationAgent.invoke(TestInvoker.java:824)
at org.testng.internal.TestInvoker.invokeTestMethods(TestInvoker.java:146)
at org.testng.internal.TestMethodWorker.invokeTestMethods(TestMethodWorker.java:146)
at org.testng.internal.TestMethodWorker.run(TestMethodWorker.java:128)
at java.base/java.util.ArrayList.forEach(ArrayList.java:1511)
at org.testng.TestRunner.privateRun(TestRunner.java:794)
at org.testng.TestRunner.run(TestRunner.java:596)
at org.testng.SuiteRunner.runTest(SuiteRunner.java:377)
at org.testng.SuiteRunner.runSequentially(SuiteRunner.java:371)
at org.testng.SuiteRunner.privateRun(SuiteRunner.java:332)
at org.testng.SuiteRunner.run(SuiteRunner.java:276)
at org.testng.SuiteRunnerWorker.runSuite(SuiteRunnerWorker.java:53)
at org.testng.SuiteRunnerWorker.run(SuiteRunnerWorker.java:96)
at org.testng.TestNG.runSuitesSequentially(TestNG.java:1212)
at org.testng.TestNG.runSuitesLocally(TestNG.java:1134)
at org.testng.TestNG.runSuites(TestNG.java:1063)
at org.testng.TestNG.run(TestNG.java:1031)
at org.testng.remote.AbstractRemoteTestNG.run(AbstractRemoteTestNG.java:115)
at org.testng.remote.RemoteTestNG.initAndRun(RemoteTestNG.java:251)
at org.testng.remote.RemoteTestNG.main(RemoteTestNG.java:77)
]]>
    </failure>
  </testcase> <!-- validateColumnName_BKP -->
  <system-out>
    <![CDATA[Executing Snowflake query :: SELECT COLUMN_NAME FROM DEV_ENT_RAW.INFORMATION_SCHEMA.COLUMNS WHERE TABLE_NAME='TECHNICIAN'and TABLE_SCHEMA='ST_FOURPROS_MATILLION'
Executing Snowflake query :: SELECT COLUMN_NAME FROM CURATED_DATAMART.INFORMATION_SCHEMA.COLUMNS WHERE TABLE_NAME='STR_TECHNICIAN'and TABLE_SCHEMA='ST_BKP_FOURPROS'
Executing Snowflake query :: SELECT COLUMN_NAME FROM DEV_ENT_CURATED.INFORMATION_SCHEMA.COLUMNS WHERE TABLE_NAME='DIM_TECHNICIAN'and TABLE_SCHEMA='MASTER_DIMENSIONS'
Column names for RAW Table --> TECHNICIAN :: [ADDONSOLOCOMMISSIONRATE, CREATEDBY_ID, CURRENTVALUE, DEFAULTLABORTYPE_ID, DEFAULTPAYROLLADJUSTMENTRATE, HOURLYRATE, MEALTIME, STANDARDPAYROLLCONTROLCODE_ID, HOME_ISMANUALCOORDINATES, PAYROLLID, PAYTYPE, PHONE, PAYROLLSTARTDATE, UNION, FIRSTNAME, MOBILEPHONECONFIRMED, STARTDATE, ACTIVE, COMMISSIONRATE, COMMUTETIME, INVOICINGHOURLYRATE, ISAUTODISPATCHED, SCHEDULEDMULTITECHCOMMISSIONRATE, HOME_STREET, ISEXCLUDEDFROMPAYROLL, LONGITUDE, MOBILEPHONE, OVERTIMEMODE, OVERTIMEPAYROLLCONTROLCODE_ID, PAYROLLREPORTVERSION, SHIFTSTART, LOCATION_TECHNICIAN, PAYFREQUENCY_ID, INVENTORYWAREHOUSENAME, JOBFILTER, PAYPERIOD, PAYROLLPROFILE_ID, PROJECTLABELS, QBREPID, MODIFIEDON, SHOWJOBAPPOINTMENTRESCHEDULEALERT, USER_ID, TRUCK_ID, BIO, BIRTHDATE, COORDINATESUPDATEDON, CREATEDON, DEDUCTCOMMUTETIMEFROMFIRSTDRIVE, EMAILCONFIRMED, HOME_UNIT, ISEXTERNAL, LASTNAME, NAME, SCHEDULEDCREWSPLITCOMMISSIONRATE, LICENSE, PAYROLLPOSTINGGROUP_ID, MIDDLENAME, OVERALLSALESFACTOR_TECHNICIAN, TEAM, ADDONMULTITECHCOMMISSIONRATE, ATLASBUTLERTECHNICIANROLE, DAILYGOAL, DISPATCHNOTIFICATIONS, FIRSTDRIVERULE, GOALIMAGE, LATITUDE, PHOTO, CHECKEDIN, HOME_CITY, HOME_ISMILITARY, HOME_ZIP, MEMO, OUTBOUNDCALLERID, TURNOVERBONUS, IMPORTID, JOB_ID, NAVISIONEMPLOYEEID, SMARTDISPATCHSETTINGS_TECHNICIAN, COLOR, ISMANAGEDTECH, PROJECTEDVALUE, STATUS, OVERTIMEWORKTYPECODE_ID, PAYROLLSTARTPERIOD, PHONECONFIRMED, SHIFTEND, TYPE, TODAYREVENUE_TECHNICIAN, ADDONCREWSPLITCOMMISSIONRATE, APPOINTMENT_ID, ID, SCHEDULEDSOLOCOMMISSIONRATE, EMAIL, HOME_LATITUDE, HOME_LONGITUDE, SALESFORCECONTACTID, WILLIAMSTECHNICIANROLE, MUHULINK, OVERTIMEPROFILE_ID, STATUSUPDATEDON, STANDARDWORKTYPECODE_ID, BURDENRATE, BUSINESSUNIT_ID, HOME_COUNTRY, HOME_STATE, MANAGER_ID, ROUTESTATISTICS_TECHNICIAN, SOLDBYRATE, ZONE_ID, POSITION, SALESFACTOR, PAYROLLROLE]
Column names for DataMart Table --> STR_TECHNICIAN :: [HOME_UNIT, INVENTORYWAREHOUSENAME, MASTER_ID, MEALTIME, PAYROLLPOSTINGGROUP_ID, POSITION, CHECKEDIN, COORDINATESUPDATEDON, HOME_CITY, LONGITUDE, MEMO, TODAYREVENUE_TECHNICIAN, STARTDATE, UNION, ADDONCREWSPLITCOMMISSIONRATE, DAILYGOAL, HOME_LATITUDE, HOME_LONGITUDE, MUHULINK, HOME_ISMILITARY, INVOICINGHOURLYRATE, PAYFREQUENCY_ID, PROJECTEDVALUE, PROJECTLABELS, MODIFIEDON, OVERTIMEWORKTYPECODE_ID, ROUTESTATISTICS_TECHNICIAN, SALESFACTOR, RECORD_CREATE_DATE, ADDONMULTITECHCOMMISSIONRATE, CURRENTVALUE, DEFAULTLABORTYPE_ID, DEFAULTPAYROLLADJUSTMENTRATE, FLEET_ID, HOME_COUNTRY, OVERTIMEPROFILE_ID, PAYPERIOD, PAYROLLREPORTVERSION, TENANT_TYPE, LOCATION_TECHNICIAN, SCHEDULEDSOLOCOMMISSIONRATE, TEAM, JOB_ID, NAVISIONEMPLOYEEID, SALESFORCECONTACTID, MANAGER_ID, ACTIVE, COMMUTETIME, HOME_ISMANUALCOORDINATES, ID, LASTNAME, SHIFTEND, STATUSUPDATEDON, APPOINTMENT_ID, GOALIMAGE, PHONE, RECORD_UPDATE_DATE, ZONE_ID, PAYROLLID, PHOTO, PAYROLLROLE, FIRSTDRIVERULE, ATLASBUTLERTECHNICIANROLE, BIO, COMMISSIONRATE, CREATEDBY_ID, IMPORTID, ISAUTODISPATCHED, OVERALLSALESFACTOR_TECHNICIAN, SHOWJOBAPPOINTMENTRESCHEDULEALERT, MOBILEPHONE, PAYROLLSTARTDATE, USER_ID, PHONECONFIRMED, ACTIVE_FLAG, BIRTHDATE, BUSINESSUNIT_ID, DEDUCTCOMMUTETIMEFROMFIRSTDRIVE, DISPATCHNOTIFICATIONS, MOBILEPHONECONFIRMED, SOLDBYRATE, STANDARDPAYROLLCONTROLCODE_ID, TURNOVERBONUS, LATITUDE, LICENSE, OUTBOUNDCALLERID, STATUS, EMAILCONFIRMED, MIDDLENAME, HOME_STREET, PAYROLLSTARTPERIOD, BURDENRATE, COLOR, FIRSTNAME, HOME_STATE, ISMANAGEDTECH, PAYROLLPROFILE_ID, QBREPID, STANDARDWORKTYPECODE_ID, TYPE, EMAIL, PAYTYPE, ADDONSOLOCOMMISSIONRATE, CREATEDON, HOURLYRATE, SHIFTSTART, HOME_ZIP, ISEXTERNAL, JOBFILTER, NAME, OVERTIMEMODE, OVERTIMEPAYROLLCONTROLCODE_ID, SCHEDULEDCREWSPLITCOMMISSIONRATE, WILLIAMSTECHNICIANROLE, SCHEDULEDMULTITECHCOMMISSIONRATE, SMARTDISPATCHSETTINGS_TECHNICIAN, TRUCK_ID]
Column names for Curated Table --> DIM_TECHNICIAN :: [ADDONCREWSPLITCOMMISSIONRATE, COMMUTETIME, DEFAULTLABORTYPE_ID, EMAILCONFIRMED, FIRSTNAME, FLEET_ID, HOME_COUNTRY, HOME_UNIT, MOBILEPHONE, PHONECONFIRMED, OVERALLSALESFACTOR_TECHNICIAN, PAYROLLSTARTDATE, TURNOVERBONUS, PAYPERIOD, PAYROLLROLE, BIRTHDATE, HOME_ISMANUALCOORDINATES, HOME_ISMILITARY, INVENTORYWAREHOUSENAME, JOBFILTER, MEMO, PAYFREQUENCY_ID, POSITION, ID, ISAUTODISPATCHED, LICENSE, TEAM, SCHEDULEDCREWSPLITCOMMISSIONRATE, SALESFACTOR, ADDONSOLOCOMMISSIONRATE, CURRENTVALUE, DAILYGOAL, DEDUCTCOMMUTETIMEFROMFIRSTDRIVE, MANAGER_ID, OVERTIMEPROFILE_ID, SHIFTSTART, SHOWJOBAPPOINTMENTRESCHEDULEALERT, SMARTDISPATCHSETTINGS_TECHNICIAN, GOALIMAGE, MODIFIEDON, PAYROLLID, PAYROLLREPORTVERSION, RECORD_CREATE_DATE, TODAYREVENUE_TECHNICIAN, TYPE, PROJECTLABELS, SCHEDULEDSOLOCOMMISSIONRATE, LONGITUDE, ADDONMULTITECHCOMMISSIONRATE, APPOINTMENT_ID, CHECKEDIN, COLOR, CREATEDON, DISPATCHNOTIFICATIONS, IMPORTID, LASTNAME, MOBILEPHONECONFIRMED, STATUSUPDATEDON, ZONE_ID, HOME_STATE, MEALTIME, NAME, NAVISIONEMPLOYEEID, PAYROLLPOSTINGGROUP_ID, PHOTO, PROJECTEDVALUE, STANDARDPAYROLLCONTROLCODE_ID, OVERTIMEMODE, BURDENRATE, FIRSTDRIVERULE, JOB_ID, PAYROLLPROFILE_ID, QBREPID, ROUTESTATISTICS_TECHNICIAN, STARTDATE, TRUCK_ID, USER_ID, STANDARDWORKTYPECODE_ID, MIDDLENAME, COMMISSIONRATE, CREATEDBY_ID, HOME_LONGITUDE, HOME_ZIP, HOURLYRATE, LATITUDE, SCHEDULEDMULTITECHCOMMISSIONRATE, BUSINESSUNIT_ID, OUTBOUNDCALLERID, RECORD_UPDATED_BY, STATUS, MUHULINK, OVERTIMEPAYROLLCONTROLCODE_ID, UNION, PAYTYPE, INVOICINGHOURLYRATE, RECORD_UPDATE_DATE, COORDINATESUPDATEDON, LOCATION_TECHNICIAN, EMAIL, HOME_CITY, ISEXTERNAL, OVERTIMEWORKTYPECODE_ID, PAYROLLSTARTPERIOD, SHIFTEND, WILLIAMSTECHNICIANROLE, TENANT_TYPE, ACTIVE, ATLASBUTLERTECHNICIANROLE, BIO, DEFAULTPAYROLLADJUSTMENTRATE, HOME_LATITUDE, HOME_STREET, ISMANAGEDTECH, PHONE, SALESFORCECONTACTID, SOLDBYRATE]
Column Name found in Datamart and Curated Table :: ADDONSOLOCOMMISSIONRATE
Column Name found in Datamart and Curated Table :: CREATEDBY_ID
Column Name found in Datamart and Curated Table :: CURRENTVALUE
Column Name found in Datamart and Curated Table :: DEFAULTLABORTYPE_ID
Column Name found in Datamart and Curated Table :: DEFAULTPAYROLLADJUSTMENTRATE
Column Name found in Datamart and Curated Table :: HOURLYRATE
Column Name found in Datamart and Curated Table :: MEALTIME
Column Name found in Datamart and Curated Table :: STANDARDPAYROLLCONTROLCODE_ID
Column Name found in Datamart and Curated Table :: HOME_ISMANUALCOORDINATES
Column Name found in Datamart and Curated Table :: PAYROLLID
Column Name found in Datamart and Curated Table :: PAYTYPE
Column Name found in Datamart and Curated Table :: PHONE
Column Name found in Datamart and Curated Table :: PAYROLLSTARTDATE
Column Name found in Datamart and Curated Table :: UNION
Column Name found in Datamart and Curated Table :: FIRSTNAME
Column Name found in Datamart and Curated Table :: MOBILEPHONECONFIRMED
Column Name found in Datamart and Curated Table :: STARTDATE
Column Name found in Datamart and Curated Table :: ACTIVE
Column Name found in Datamart and Curated Table :: COMMISSIONRATE
Column Name found in Datamart and Curated Table :: COMMUTETIME
Column Name found in Datamart and Curated Table :: INVOICINGHOURLYRATE
Column Name found in Datamart and Curated Table :: ISAUTODISPATCHED
Column Name found in Datamart and Curated Table :: SCHEDULEDMULTITECHCOMMISSIONRATE
Column Name found in Datamart and Curated Table :: HOME_STREET
Column Name not found in Datamart and Curated Table :: ISEXCLUDEDFROMPAYROLL
Column Name found in Datamart and Curated Table :: LONGITUDE
Column Name found in Datamart and Curated Table :: MOBILEPHONE
Column Name found in Datamart and Curated Table :: OVERTIMEMODE
Column Name found in Datamart and Curated Table :: OVERTIMEPAYROLLCONTROLCODE_ID
Column Name found in Datamart and Curated Table :: PAYROLLREPORTVERSION
Column Name found in Datamart and Curated Table :: SHIFTSTART
Column Name found in Datamart and Curated Table :: LOCATION_TECHNICIAN
Column Name found in Datamart and Curated Table :: PAYFREQUENCY_ID
Column Name found in Datamart and Curated Table :: INVENTORYWAREHOUSENAME
Column Name found in Datamart and Curated Table :: JOBFILTER
Column Name found in Datamart and Curated Table :: PAYPERIOD
Column Name found in Datamart and Curated Table :: PAYROLLPROFILE_ID
Column Name found in Datamart and Curated Table :: PROJECTLABELS
Column Name found in Datamart and Curated Table :: QBREPID
Column Name found in Datamart and Curated Table :: MODIFIEDON
Column Name found in Datamart and Curated Table :: SHOWJOBAPPOINTMENTRESCHEDULEALERT
Column Name found in Datamart and Curated Table :: USER_ID
Column Name found in Datamart and Curated Table :: TRUCK_ID
Column Name found in Datamart and Curated Table :: BIO
Column Name found in Datamart and Curated Table :: BIRTHDATE
Column Name found in Datamart and Curated Table :: COORDINATESUPDATEDON
Column Name found in Datamart and Curated Table :: CREATEDON
Column Name found in Datamart and Curated Table :: DEDUCTCOMMUTETIMEFROMFIRSTDRIVE
Column Name found in Datamart and Curated Table :: EMAILCONFIRMED
Column Name found in Datamart and Curated Table :: HOME_UNIT
Column Name found in Datamart and Curated Table :: ISEXTERNAL
Column Name found in Datamart and Curated Table :: LASTNAME
Column Name found in Datamart and Curated Table :: NAME
Column Name found in Datamart and Curated Table :: SCHEDULEDCREWSPLITCOMMISSIONRATE
Column Name found in Datamart and Curated Table :: LICENSE
Column Name found in Datamart and Curated Table :: PAYROLLPOSTINGGROUP_ID
Column Name found in Datamart and Curated Table :: MIDDLENAME
Column Name found in Datamart and Curated Table :: OVERALLSALESFACTOR_TECHNICIAN
Column Name found in Datamart and Curated Table :: TEAM
Column Name found in Datamart and Curated Table :: ADDONMULTITECHCOMMISSIONRATE
Column Name found in Datamart and Curated Table :: ATLASBUTLERTECHNICIANROLE
Column Name found in Datamart and Curated Table :: DAILYGOAL
Column Name found in Datamart and Curated Table :: DISPATCHNOTIFICATIONS
Column Name found in Datamart and Curated Table :: FIRSTDRIVERULE
Column Name found in Datamart and Curated Table :: GOALIMAGE
Column Name found in Datamart and Curated Table :: LATITUDE
Column Name found in Datamart and Curated Table :: PHOTO
Column Name found in Datamart and Curated Table :: CHECKEDIN
Column Name found in Datamart and Curated Table :: HOME_CITY
Column Name found in Datamart and Curated Table :: HOME_ISMILITARY
Column Name found in Datamart and Curated Table :: HOME_ZIP
Column Name found in Datamart and Curated Table :: MEMO
Column Name found in Datamart and Curated Table :: OUTBOUNDCALLERID
Column Name found in Datamart and Curated Table :: TURNOVERBONUS
Column Name found in Datamart and Curated Table :: IMPORTID
Column Name found in Datamart and Curated Table :: JOB_ID
Column Name found in Datamart and Curated Table :: NAVISIONEMPLOYEEID
Column Name found in Datamart and Curated Table :: SMARTDISPATCHSETTINGS_TECHNICIAN
Column Name found in Datamart and Curated Table :: COLOR
Column Name found in Datamart and Curated Table :: ISMANAGEDTECH
Column Name found in Datamart and Curated Table :: PROJECTEDVALUE
Column Name found in Datamart and Curated Table :: STATUS
Column Name found in Datamart and Curated Table :: OVERTIMEWORKTYPECODE_ID
Column Name found in Datamart and Curated Table :: PAYROLLSTARTPERIOD
Column Name found in Datamart and Curated Table :: PHONECONFIRMED
Column Name found in Datamart and Curated Table :: SHIFTEND
Column Name found in Datamart and Curated Table :: TYPE
Column Name found in Datamart and Curated Table :: TODAYREVENUE_TECHNICIAN
Column Name found in Datamart and Curated Table :: ADDONCREWSPLITCOMMISSIONRATE
Column Name found in Datamart and Curated Table :: APPOINTMENT_ID
Column Name found in Datamart and Curated Table :: ID
Column Name found in Datamart and Curated Table :: SCHEDULEDSOLOCOMMISSIONRATE
Column Name found in Datamart and Curated Table :: EMAIL
Column Name found in Datamart and Curated Table :: HOME_LATITUDE
Column Name found in Datamart and Curated Table :: HOME_LONGITUDE
Column Name found in Datamart and Curated Table :: SALESFORCECONTACTID
Column Name found in Datamart and Curated Table :: WILLIAMSTECHNICIANROLE
Column Name found in Datamart and Curated Table :: MUHULINK
Column Name found in Datamart and Curated Table :: OVERTIMEPROFILE_ID
Column Name found in Datamart and Curated Table :: STATUSUPDATEDON
Column Name found in Datamart and Curated Table :: STANDARDWORKTYPECODE_ID
Column Name found in Datamart and Curated Table :: BURDENRATE
Column Name found in Datamart and Curated Table :: BUSINESSUNIT_ID
Column Name found in Datamart and Curated Table :: HOME_COUNTRY
Column Name found in Datamart and Curated Table :: HOME_STATE
Column Name found in Datamart and Curated Table :: MANAGER_ID
Column Name found in Datamart and Curated Table :: ROUTESTATISTICS_TECHNICIAN
Column Name found in Datamart and Curated Table :: SOLDBYRATE
Column Name found in Datamart and Curated Table :: ZONE_ID
Column Name found in Datamart and Curated Table :: POSITION
Column Name found in Datamart and Curated Table :: SALESFACTOR
Column Name found in Datamart and Curated Table :: PAYROLLROLE
Datamart tables contains additional column name like [ACTIVE_FLAG, RECORD_CREATE_DATE, RECORD_UPDATE_DATE, RECORD_UPDATE_DATE, MASTER_ID, TENANT_TYPE]
Curated tables contains additional column name like [RECORD_CREATE_DATE, RECORD_UPDATE_DATE, RECORD_UPDATED_BY, TENANT_TYPE]]]>
  </system-out>
  <testcase classname="testcases.RAW_DATAMART_CURATED.SnowFlake_ColumnValidation_BKPTables" name="validateColumnName_BKP" time="2.343"/>
  <system-out>
    <![CDATA[Executing Snowflake query :: SELECT COLUMN_NAME FROM DEV_ENT_RAW.INFORMATION_SCHEMA.COLUMNS WHERE TABLE_NAME='CONTACT'and TABLE_SCHEMA='ST_HUTCHINSON_MATILLION'
Executing Snowflake query :: SELECT COLUMN_NAME FROM CURATED_DATAMART.INFORMATION_SCHEMA.COLUMNS WHERE TABLE_NAME='STR_CONTACT'and TABLE_SCHEMA='ST_BKP_HUTCHINSON'
Executing Snowflake query :: SELECT COLUMN_NAME FROM DEV_ENT_CURATED.INFORMATION_SCHEMA.COLUMNS WHERE TABLE_NAME='DIM_CONTACT'and TABLE_SCHEMA='MASTER_DIMENSIONS'
Column names for RAW Table --> CONTACT :: [MEMO, VALUE, REVERSEPHONE, ID, MESSAGESENABLED, MODIFIEDON, ACTIVE, TYPE, MARKETINGUPDATESENABLED, JOBREMINDERSENABLED, INVOICESTATEMENTNOTIFICATION, OWNER_ID, CREATEDON, IMPORTID, CREATEDBY_ID]
Column names for DataMart Table --> STR_CONTACT :: [INVOICESTATEMENTNOTIFICATION, RECORD_CREATE_DATE, REVERSEPHONE, VALUE, IMPORTID, OWNER_ID, RECORD_UPDATE_DATE, CREATEDBY_ID, MEMO, TYPE, MESSAGESENABLED, ACTIVE_FLAG, MARKETINGUPDATESENABLED, ACTIVE, ID, JOBREMINDERSENABLED, CREATEDON, MASTER_ID, MODIFIEDON, TENANT_TYPE]
Column names for Curated Table --> DIM_CONTACT :: [MESSAGESENABLED, MODIFIEDON, CREATEDON, MEMO, OWNER_ID, CREATEDBY_ID, MARKETINGUPDATESENABLED, REVERSEPHONE, ID, IMPORTID, JOBREMINDERSENABLED, INVOICESTATEMENTNOTIFICATION, RECORD_CREATE_DATE, RECORD_UPDATED_BY, TENANT_TYPE, ACTIVE, RECORD_UPDATE_DATE, VALUE, TYPE]
Column Name found in Datamart and Curated Table :: MEMO
Column Name found in Datamart and Curated Table :: VALUE
Column Name found in Datamart and Curated Table :: REVERSEPHONE
Column Name found in Datamart and Curated Table :: ID
Column Name found in Datamart and Curated Table :: MESSAGESENABLED
Column Name found in Datamart and Curated Table :: MODIFIEDON
Column Name found in Datamart and Curated Table :: ACTIVE
Column Name found in Datamart and Curated Table :: TYPE
Column Name found in Datamart and Curated Table :: MARKETINGUPDATESENABLED
Column Name found in Datamart and Curated Table :: JOBREMINDERSENABLED
Column Name found in Datamart and Curated Table :: INVOICESTATEMENTNOTIFICATION
Column Name found in Datamart and Curated Table :: OWNER_ID
Column Name found in Datamart and Curated Table :: CREATEDON
Column Name found in Datamart and Curated Table :: IMPORTID
Column Name found in Datamart and Curated Table :: CREATEDBY_ID
Datamart tables contains additional column name like [ACTIVE_FLAG, RECORD_CREATE_DATE, RECORD_UPDATE_DATE, RECORD_UPDATE_DATE, MASTER_ID, TENANT_TYPE]
Curated tables contains additional column name like [RECORD_CREATE_DATE, RECORD_UPDATE_DATE, RECORD_UPDATED_BY, TENANT_TYPE]]]>
  </system-out>
  <testcase classname="testcases.RAW_DATAMART_CURATED.SnowFlake_ColumnValidation_BKPTables" name="validateColumnName_BKP" time="3.099"/>
  <system-out>
    <![CDATA[Executing Snowflake query :: SELECT COLUMN_NAME FROM DEV_ENT_RAW.INFORMATION_SCHEMA.COLUMNS WHERE TABLE_NAME='JOBASSIGNMENT'and TABLE_SCHEMA='ST_CASTEEL_MATILLION'
Executing Snowflake query :: SELECT COLUMN_NAME FROM CURATED_DATAMART.INFORMATION_SCHEMA.COLUMNS WHERE TABLE_NAME='STR_JOBASSIGNMENT'and TABLE_SCHEMA='ST_BKP_CASTEEL'
Executing Snowflake query :: SELECT COLUMN_NAME FROM DEV_ENT_CURATED.INFORMATION_SCHEMA.COLUMNS WHERE TABLE_NAME='DIM_JOBASSIGNMENT'and TABLE_SCHEMA='MASTER_DIMENSIONS'
Column names for RAW Table --> JOBASSIGNMENT :: [SPLIT, CREATEDON, ID, IMPORTID, ISPAUSED, PAYROLLROLE, TECHNICIAN_ID, COMMISSIONRATE, JOB_ID, TECHNICIANROLE_ID, JOHNMOOREPAYROLLROLE, STATUS, ACTIVE, GROSSPAY, MODIFIEDON, CREATEDBY_ID, PAYTYPE, PROJECTLABELS, DRIVETIME_ID]
Column names for DataMart Table --> STR_JOBASSIGNMENT :: [CREATEDON, PAYROLLROLE, TENANT_TYPE, RECORD_UPDATE_DATE, RECORD_CREATE_DATE, PROJECTLABELS, GROSSPAY, JOHNMOOREPAYROLLROLE, SOURCE_PKEY_SPK, COMMISSIONRATE, JOB_ID, MASTER_ID, MODIFIEDON, SPLIT, TECHNICIANROLE_ID, CREATEDBY_ID, DRIVETIME_ID, ACTIVE, IMPORTID, PAYTYPE, TECHNICIAN_ID, STATUS, ACTIVE_FLAG, ID, ISPAUSED]
Column names for Curated Table --> DIM_JOBASSIGNMENT :: [STATUS, COMMISSIONRATE, SPLIT, TECHNICIANROLE_ID, DRIVETIME_ID, GROSSPAY, RECORD_CREATE_DATE, JOHNMOOREPAYROLLROLE, MODIFIEDON, CREATEDBY_ID, ISPAUSED, SOURCE_PKEY_SPK, ID, PROJECTLABELS, RECORD_UPDATED_BY, PAYROLLROLE, JOB_ID, RECORD_UPDATE_DATE, TENANT_TYPE, IMPORTID, TECHNICIAN_ID, PAYTYPE, ACTIVE, CREATEDON]
Column Name found in Datamart and Curated Table :: SPLIT
Column Name found in Datamart and Curated Table :: CREATEDON
Column Name found in Datamart and Curated Table :: ID
Column Name found in Datamart and Curated Table :: IMPORTID
Column Name found in Datamart and Curated Table :: ISPAUSED
Column Name found in Datamart and Curated Table :: PAYROLLROLE
Column Name found in Datamart and Curated Table :: TECHNICIAN_ID
Column Name found in Datamart and Curated Table :: COMMISSIONRATE
Column Name found in Datamart and Curated Table :: JOB_ID
Column Name found in Datamart and Curated Table :: TECHNICIANROLE_ID
Column Name found in Datamart and Curated Table :: JOHNMOOREPAYROLLROLE
Column Name found in Datamart and Curated Table :: STATUS
Column Name found in Datamart and Curated Table :: ACTIVE
Column Name found in Datamart and Curated Table :: GROSSPAY
Column Name found in Datamart and Curated Table :: MODIFIEDON
Column Name found in Datamart and Curated Table :: CREATEDBY_ID
Column Name found in Datamart and Curated Table :: PAYTYPE
Column Name found in Datamart and Curated Table :: PROJECTLABELS
Column Name found in Datamart and Curated Table :: DRIVETIME_ID
Datamart tables contains additional column name like [ACTIVE_FLAG, RECORD_CREATE_DATE, RECORD_UPDATE_DATE, RECORD_UPDATE_DATE, MASTER_ID, TENANT_TYPE]
Curated tables contains additional column name like [RECORD_CREATE_DATE, RECORD_UPDATE_DATE, RECORD_UPDATED_BY, TENANT_TYPE]]]>
  </system-out>
  <testcase classname="testcases.RAW_DATAMART_CURATED.SnowFlake_ColumnValidation_BKPTables" name="validateColumnName_BKP" time="2.203"/>
  <system-out>
    <![CDATA[Executing Snowflake query :: SELECT COLUMN_NAME FROM DEV_ENT_RAW.INFORMATION_SCHEMA.COLUMNS WHERE TABLE_NAME='HOLDJOBREASON'and TABLE_SCHEMA='ST_SNELLHEATINGAIR_MATILLION'
Executing Snowflake query :: SELECT COLUMN_NAME FROM CURATED_DATAMART.INFORMATION_SCHEMA.COLUMNS WHERE TABLE_NAME='STR_HOLDJOBREASON'and TABLE_SCHEMA='ST_BKP_SNELLHEATINGAIR'
Executing Snowflake query :: SELECT COLUMN_NAME FROM DEV_ENT_CURATED.INFORMATION_SCHEMA.COLUMNS WHERE TABLE_NAME='DIM_HOLDJOBREASON'and TABLE_SCHEMA='MASTER_DIMENSIONS'
Column names for RAW Table --> HOLDJOBREASON :: [ID, IMPORTID, CREATEDON, ACTIVE, CREATEDBY_ID, MODIFIEDON, NAME]
Column names for DataMart Table --> STR_HOLDJOBREASON :: [MASTER_ID, IMPORTID, CREATEDBY_ID, ACTIVE, ACTIVE_FLAG, NAME, RECORD_CREATE_DATE, ID, TENANT_TYPE, RECORD_UPDATE_DATE, CREATEDON, MODIFIEDON]
Column names for Curated Table --> DIM_HOLDJOBREASON :: [ACTIVE, ID, NAME, RECORD_UPDATED_BY, CREATEDON, MODIFIEDON, RECORD_CREATE_DATE, RECORD_UPDATE_DATE, TENANT_TYPE, IMPORTID, CREATEDBY_ID]
Column Name found in Datamart and Curated Table :: ID
Column Name found in Datamart and Curated Table :: IMPORTID
Column Name found in Datamart and Curated Table :: CREATEDON
Column Name found in Datamart and Curated Table :: ACTIVE
Column Name found in Datamart and Curated Table :: CREATEDBY_ID
Column Name found in Datamart and Curated Table :: MODIFIEDON
Column Name found in Datamart and Curated Table :: NAME
Datamart tables contains additional column name like [ACTIVE_FLAG, RECORD_CREATE_DATE, RECORD_UPDATE_DATE, RECORD_UPDATE_DATE, MASTER_ID, TENANT_TYPE]
Curated tables contains additional column name like [RECORD_CREATE_DATE, RECORD_UPDATE_DATE, RECORD_UPDATED_BY, TENANT_TYPE]]]>
  </system-out>
  <testcase classname="testcases.RAW_DATAMART_CURATED.SnowFlake_ColumnValidation_BKPTables" name="validateColumnName_BKP" time="5.228">
    <failure message="The following asserts failed:
	null" type="java.lang.AssertionError">
      <![CDATA[java.lang.AssertionError: The following asserts failed:
null
at org.testng.asserts.SoftAssert.assertAll(SoftAssert.java:47)
at org.testng.asserts.SoftAssert.assertAll(SoftAssert.java:31)
at testcases.RAW_DATAMART_CURATED.SnowFlake_ColumnValidation_BKPTables.validateColumnName_BKP(SnowFlake_ColumnValidation_BKPTables.java:120)
at jdk.internal.reflect.GeneratedMethodAccessor38.invoke(Unknown Source)
at java.base/jdk.internal.reflect.DelegatingMethodAccessorImpl.invoke(DelegatingMethodAccessorImpl.java:43)
at java.base/java.lang.reflect.Method.invoke(Method.java:568)
at org.testng.internal.MethodInvocationHelper.invokeMethod(MethodInvocationHelper.java:133)
at org.testng.internal.TestInvoker.invokeMethod(TestInvoker.java:598)
at org.testng.internal.TestInvoker.invokeTestMethod(TestInvoker.java:173)
at org.testng.internal.MethodRunner.runInSequence(MethodRunner.java:46)
at org.testng.internal.TestInvoker$MethodInvocationAgent.invoke(TestInvoker.java:824)
at org.testng.internal.TestInvoker.invokeTestMethods(TestInvoker.java:146)
at org.testng.internal.TestMethodWorker.invokeTestMethods(TestMethodWorker.java:146)
at org.testng.internal.TestMethodWorker.run(TestMethodWorker.java:128)
at java.base/java.util.ArrayList.forEach(ArrayList.java:1511)
at org.testng.TestRunner.privateRun(TestRunner.java:794)
at org.testng.TestRunner.run(TestRunner.java:596)
at org.testng.SuiteRunner.runTest(SuiteRunner.java:377)
at org.testng.SuiteRunner.runSequentially(SuiteRunner.java:371)
at org.testng.SuiteRunner.privateRun(SuiteRunner.java:332)
at org.testng.SuiteRunner.run(SuiteRunner.java:276)
at org.testng.SuiteRunnerWorker.runSuite(SuiteRunnerWorker.java:53)
at org.testng.SuiteRunnerWorker.run(SuiteRunnerWorker.java:96)
at org.testng.TestNG.runSuitesSequentially(TestNG.java:1212)
at org.testng.TestNG.runSuitesLocally(TestNG.java:1134)
at org.testng.TestNG.runSuites(TestNG.java:1063)
at org.testng.TestNG.run(TestNG.java:1031)
at org.testng.remote.AbstractRemoteTestNG.run(AbstractRemoteTestNG.java:115)
at org.testng.remote.RemoteTestNG.initAndRun(RemoteTestNG.java:251)
at org.testng.remote.RemoteTestNG.main(RemoteTestNG.java:77)
]]>
    </failure>
  </testcase> <!-- validateColumnName_BKP -->
  <system-out>
    <![CDATA[Executing Snowflake query :: SELECT COLUMN_NAME FROM DEV_ENT_RAW.INFORMATION_SCHEMA.COLUMNS WHERE TABLE_NAME='TECHNICIAN'and TABLE_SCHEMA='ST_HDAIR_MATILLION'
Executing Snowflake query :: SELECT COLUMN_NAME FROM CURATED_DATAMART.INFORMATION_SCHEMA.COLUMNS WHERE TABLE_NAME='STR_TECHNICIAN'and TABLE_SCHEMA='ST_BKP_HDAIR'
Executing Snowflake query :: SELECT COLUMN_NAME FROM DEV_ENT_CURATED.INFORMATION_SCHEMA.COLUMNS WHERE TABLE_NAME='DIM_TECHNICIAN'and TABLE_SCHEMA='MASTER_DIMENSIONS'
Column names for RAW Table --> TECHNICIAN :: [ACTIVE, ADDONMULTITECHCOMMISSIONRATE, CURRENTVALUE, EMAIL, EMAILCONFIRMED, INVENTORYWAREHOUSENAME, NAME, PAYROLLREPORTVERSION, JOB_ID, LATITUDE, MEMO, MUHULINK, OVERTIMEMODE, PAYROLLSTARTDATE, PHONECONFIRMED, LOCATION_TECHNICIAN, MOBILEPHONECONFIRMED, ROUTESTATISTICS_TECHNICIAN, STANDARDWORKTYPECODE_ID, ADDONCREWSPLITCOMMISSIONRATE, HOME_UNIT, PAYROLLID, PAYROLLPOSTINGGROUP_ID, SALESFORCECONTACTID, SCHEDULEDMULTITECHCOMMISSIONRATE, FIRSTDRIVERULE, PAYROLLPROFILE_ID, PAYROLLSTARTPERIOD, POSITION, PAYFREQUENCY_ID, TRUCK_ID, BURDENRATE, CHECKEDIN, CREATEDON, DISPATCHNOTIFICATIONS, HOME_ISMILITARY, MANAGER_ID, MIDDLENAME, MOBILEPHONE, SOLDBYRATE, NAVISIONEMPLOYEEID, PAYTYPE, MODIFIEDON, APPOINTMENT_ID, COORDINATESUPDATEDON, FIRSTNAME, HOME_COUNTRY, ISEXCLUDEDFROMPAYROLL, JOBFILTER, PHONE, COMMUTETIME, HOME_LONGITUDE, LICENSE, STANDARDPAYROLLCONTROLCODE_ID, STARTDATE, TURNOVERBONUS, HOURLYRATE, SMARTDISPATCHSETTINGS_TECHNICIAN, BUSINESSUNIT_ID, COMMISSIONRATE, DEFAULTPAYROLLADJUSTMENTRATE, HOME_STREET, HOME_ZIP, LONGITUDE, COLOR, ISAUTODISPATCHED, OVERTIMEWORKTYPECODE_ID, SCHEDULEDSOLOCOMMISSIONRATE, SHIFTSTART, STATUS, USER_ID, SCHEDULEDCREWSPLITCOMMISSIONRATE, SHOWJOBAPPOINTMENTRESCHEDULEALERT, CREATEDBY_ID, TEAM, ISMANAGEDTECH, BIO, BIRTHDATE, DAILYGOAL, HOME_ISMANUALCOORDINATES, IMPORTID, OVERTIMEPROFILE_ID, SHIFTEND, STATUSUPDATEDON, TYPE, UNION, ZONE_ID, PROJECTEDVALUE, MEALTIME, HOME_CITY, ATLASBUTLERTECHNICIANROLE, HOME_LATITUDE, INVOICINGHOURLYRATE, OUTBOUNDCALLERID, PROJECTLABELS, SALESFACTOR, TODAYREVENUE_TECHNICIAN, ADDONSOLOCOMMISSIONRATE, DEDUCTCOMMUTETIMEFROMFIRSTDRIVE, HOME_STATE, ISEXTERNAL, OVERALLSALESFACTOR_TECHNICIAN, PAYPERIOD, PAYROLLROLE, PHOTO, DEFAULTLABORTYPE_ID, GOALIMAGE, ID, LASTNAME, OVERTIMEPAYROLLCONTROLCODE_ID, QBREPID, WILLIAMSTECHNICIANROLE]
Column names for DataMart Table --> STR_TECHNICIAN :: [CHECKEDIN, HOME_STATE, MOBILEPHONE, OVERTIMEPROFILE_ID, OVERTIMEWORKTYPECODE_ID, SHIFTEND, EMAIL, ISMANAGEDTECH, LOCATION_TECHNICIAN, MODIFIEDON, EMAILCONFIRMED, UNION, TRUCK_ID, TURNOVERBONUS, APPOINTMENT_ID, BUSINESSUNIT_ID, COLOR, DISPATCHNOTIFICATIONS, GOALIMAGE, HOME_CITY, JOBFILTER, LONGITUDE, DEDUCTCOMMUTETIMEFROMFIRSTDRIVE, HOME_ZIP, INVENTORYWAREHOUSENAME, PHONECONFIRMED, POSITION, PROJECTEDVALUE, SHIFTSTART, OUTBOUNDCALLERID, SCHEDULEDCREWSPLITCOMMISSIONRATE, IMPORTID, INVOICINGHOURLYRATE, STANDARDWORKTYPECODE_ID, ADDONSOLOCOMMISSIONRATE, COMMUTETIME, CREATEDON, FIRSTDRIVERULE, LATITUDE, LICENSE, MUHULINK, PAYROLLPOSTINGGROUP_ID, PAYTYPE, SCHEDULEDMULTITECHCOMMISSIONRATE, JOB_ID, SCHEDULEDSOLOCOMMISSIONRATE, TYPE, WILLIAMSTECHNICIANROLE, PROJECTLABELS, TODAYREVENUE_TECHNICIAN, USER_ID, ADDONMULTITECHCOMMISSIONRATE, COORDINATESUPDATEDON, DAILYGOAL, HOME_STREET, MOBILEPHONECONFIRMED, OVERTIMEMODE, TENANT_TYPE, PAYPERIOD, ROUTESTATISTICS_TECHNICIAN, ISAUTODISPATCHED, PAYROLLSTARTPERIOD, ACTIVE_FLAG, BURDENRATE, FLEET_ID, HOME_ISMILITARY, MASTER_ID, MEALTIME, SHOWJOBAPPOINTMENTRESCHEDULEALERT, STANDARDPAYROLLCONTROLCODE_ID, SALESFACTOR, ZONE_ID, PHONE, CREATEDBY_ID, CURRENTVALUE, HOME_ISMANUALCOORDINATES, PAYROLLID, STATUS, TEAM, COMMISSIONRATE, FIRSTNAME, ISEXTERNAL, NAME, PAYROLLPROFILE_ID, PAYROLLREPORTVERSION, PAYROLLROLE, OVERALLSALESFACTOR_TECHNICIAN, RECORD_UPDATE_DATE, ACTIVE, DEFAULTPAYROLLADJUSTMENTRATE, HOME_LONGITUDE, HOURLYRATE, PAYFREQUENCY_ID, SALESFORCECONTACTID, SOLDBYRATE, HOME_COUNTRY, MEMO, QBREPID, STARTDATE, RECORD_CREATE_DATE, ADDONCREWSPLITCOMMISSIONRATE, BIO, BIRTHDATE, DEFAULTLABORTYPE_ID, HOME_LATITUDE, LASTNAME, NAVISIONEMPLOYEEID, STATUSUPDATEDON, ATLASBUTLERTECHNICIANROLE, HOME_UNIT, ID, MANAGER_ID, OVERTIMEPAYROLLCONTROLCODE_ID, PHOTO, SMARTDISPATCHSETTINGS_TECHNICIAN, PAYROLLSTARTDATE, MIDDLENAME]
Column names for Curated Table --> DIM_TECHNICIAN :: [ADDONCREWSPLITCOMMISSIONRATE, COMMUTETIME, DEFAULTLABORTYPE_ID, EMAILCONFIRMED, FIRSTNAME, FLEET_ID, HOME_COUNTRY, HOME_UNIT, MOBILEPHONE, PHONECONFIRMED, OVERALLSALESFACTOR_TECHNICIAN, PAYROLLSTARTDATE, TURNOVERBONUS, PAYPERIOD, PAYROLLROLE, BIRTHDATE, HOME_ISMANUALCOORDINATES, HOME_ISMILITARY, INVENTORYWAREHOUSENAME, JOBFILTER, MEMO, PAYFREQUENCY_ID, POSITION, ID, ISAUTODISPATCHED, LICENSE, TEAM, SCHEDULEDCREWSPLITCOMMISSIONRATE, SALESFACTOR, ADDONSOLOCOMMISSIONRATE, CURRENTVALUE, DAILYGOAL, DEDUCTCOMMUTETIMEFROMFIRSTDRIVE, MANAGER_ID, OVERTIMEPROFILE_ID, SHIFTSTART, SHOWJOBAPPOINTMENTRESCHEDULEALERT, SMARTDISPATCHSETTINGS_TECHNICIAN, GOALIMAGE, MODIFIEDON, PAYROLLID, PAYROLLREPORTVERSION, RECORD_CREATE_DATE, TODAYREVENUE_TECHNICIAN, TYPE, PROJECTLABELS, SCHEDULEDSOLOCOMMISSIONRATE, LONGITUDE, ADDONMULTITECHCOMMISSIONRATE, APPOINTMENT_ID, CHECKEDIN, COLOR, CREATEDON, DISPATCHNOTIFICATIONS, IMPORTID, LASTNAME, MOBILEPHONECONFIRMED, STATUSUPDATEDON, ZONE_ID, HOME_STATE, MEALTIME, NAME, NAVISIONEMPLOYEEID, PAYROLLPOSTINGGROUP_ID, PHOTO, PROJECTEDVALUE, STANDARDPAYROLLCONTROLCODE_ID, OVERTIMEMODE, BURDENRATE, FIRSTDRIVERULE, JOB_ID, PAYROLLPROFILE_ID, QBREPID, ROUTESTATISTICS_TECHNICIAN, STARTDATE, TRUCK_ID, USER_ID, STANDARDWORKTYPECODE_ID, MIDDLENAME, COMMISSIONRATE, CREATEDBY_ID, HOME_LONGITUDE, HOME_ZIP, HOURLYRATE, LATITUDE, SCHEDULEDMULTITECHCOMMISSIONRATE, BUSINESSUNIT_ID, OUTBOUNDCALLERID, RECORD_UPDATED_BY, STATUS, MUHULINK, OVERTIMEPAYROLLCONTROLCODE_ID, UNION, PAYTYPE, INVOICINGHOURLYRATE, RECORD_UPDATE_DATE, COORDINATESUPDATEDON, LOCATION_TECHNICIAN, EMAIL, HOME_CITY, ISEXTERNAL, OVERTIMEWORKTYPECODE_ID, PAYROLLSTARTPERIOD, SHIFTEND, WILLIAMSTECHNICIANROLE, TENANT_TYPE, ACTIVE, ATLASBUTLERTECHNICIANROLE, BIO, DEFAULTPAYROLLADJUSTMENTRATE, HOME_LATITUDE, HOME_STREET, ISMANAGEDTECH, PHONE, SALESFORCECONTACTID, SOLDBYRATE]
Column Name found in Datamart and Curated Table :: ACTIVE
Column Name found in Datamart and Curated Table :: ADDONMULTITECHCOMMISSIONRATE
Column Name found in Datamart and Curated Table :: CURRENTVALUE
Column Name found in Datamart and Curated Table :: EMAIL
Column Name found in Datamart and Curated Table :: EMAILCONFIRMED
Column Name found in Datamart and Curated Table :: INVENTORYWAREHOUSENAME
Column Name found in Datamart and Curated Table :: NAME
Column Name found in Datamart and Curated Table :: PAYROLLREPORTVERSION
Column Name found in Datamart and Curated Table :: JOB_ID
Column Name found in Datamart and Curated Table :: LATITUDE
Column Name found in Datamart and Curated Table :: MEMO
Column Name found in Datamart and Curated Table :: MUHULINK
Column Name found in Datamart and Curated Table :: OVERTIMEMODE
Column Name found in Datamart and Curated Table :: PAYROLLSTARTDATE
Column Name found in Datamart and Curated Table :: PHONECONFIRMED
Column Name found in Datamart and Curated Table :: LOCATION_TECHNICIAN
Column Name found in Datamart and Curated Table :: MOBILEPHONECONFIRMED
Column Name found in Datamart and Curated Table :: ROUTESTATISTICS_TECHNICIAN
Column Name found in Datamart and Curated Table :: STANDARDWORKTYPECODE_ID
Column Name found in Datamart and Curated Table :: ADDONCREWSPLITCOMMISSIONRATE
Column Name found in Datamart and Curated Table :: HOME_UNIT
Column Name found in Datamart and Curated Table :: PAYROLLID
Column Name found in Datamart and Curated Table :: PAYROLLPOSTINGGROUP_ID
Column Name found in Datamart and Curated Table :: SALESFORCECONTACTID
Column Name found in Datamart and Curated Table :: SCHEDULEDMULTITECHCOMMISSIONRATE
Column Name found in Datamart and Curated Table :: FIRSTDRIVERULE
Column Name found in Datamart and Curated Table :: PAYROLLPROFILE_ID
Column Name found in Datamart and Curated Table :: PAYROLLSTARTPERIOD
Column Name found in Datamart and Curated Table :: POSITION
Column Name found in Datamart and Curated Table :: PAYFREQUENCY_ID
Column Name found in Datamart and Curated Table :: TRUCK_ID
Column Name found in Datamart and Curated Table :: BURDENRATE
Column Name found in Datamart and Curated Table :: CHECKEDIN
Column Name found in Datamart and Curated Table :: CREATEDON
Column Name found in Datamart and Curated Table :: DISPATCHNOTIFICATIONS
Column Name found in Datamart and Curated Table :: HOME_ISMILITARY
Column Name found in Datamart and Curated Table :: MANAGER_ID
Column Name found in Datamart and Curated Table :: MIDDLENAME
Column Name found in Datamart and Curated Table :: MOBILEPHONE
Column Name found in Datamart and Curated Table :: SOLDBYRATE
Column Name found in Datamart and Curated Table :: NAVISIONEMPLOYEEID
Column Name found in Datamart and Curated Table :: PAYTYPE
Column Name found in Datamart and Curated Table :: MODIFIEDON
Column Name found in Datamart and Curated Table :: APPOINTMENT_ID
Column Name found in Datamart and Curated Table :: COORDINATESUPDATEDON
Column Name found in Datamart and Curated Table :: FIRSTNAME
Column Name found in Datamart and Curated Table :: HOME_COUNTRY
Column Name not found in Datamart and Curated Table :: ISEXCLUDEDFROMPAYROLL
Column Name found in Datamart and Curated Table :: JOBFILTER
Column Name found in Datamart and Curated Table :: PHONE
Column Name found in Datamart and Curated Table :: COMMUTETIME
Column Name found in Datamart and Curated Table :: HOME_LONGITUDE
Column Name found in Datamart and Curated Table :: LICENSE
Column Name found in Datamart and Curated Table :: STANDARDPAYROLLCONTROLCODE_ID
Column Name found in Datamart and Curated Table :: STARTDATE
Column Name found in Datamart and Curated Table :: TURNOVERBONUS
Column Name found in Datamart and Curated Table :: HOURLYRATE
Column Name found in Datamart and Curated Table :: SMARTDISPATCHSETTINGS_TECHNICIAN
Column Name found in Datamart and Curated Table :: BUSINESSUNIT_ID
Column Name found in Datamart and Curated Table :: COMMISSIONRATE
Column Name found in Datamart and Curated Table :: DEFAULTPAYROLLADJUSTMENTRATE
Column Name found in Datamart and Curated Table :: HOME_STREET
Column Name found in Datamart and Curated Table :: HOME_ZIP
Column Name found in Datamart and Curated Table :: LONGITUDE
Column Name found in Datamart and Curated Table :: COLOR
Column Name found in Datamart and Curated Table :: ISAUTODISPATCHED
Column Name found in Datamart and Curated Table :: OVERTIMEWORKTYPECODE_ID
Column Name found in Datamart and Curated Table :: SCHEDULEDSOLOCOMMISSIONRATE
Column Name found in Datamart and Curated Table :: SHIFTSTART
Column Name found in Datamart and Curated Table :: STATUS
Column Name found in Datamart and Curated Table :: USER_ID
Column Name found in Datamart and Curated Table :: SCHEDULEDCREWSPLITCOMMISSIONRATE
Column Name found in Datamart and Curated Table :: SHOWJOBAPPOINTMENTRESCHEDULEALERT
Column Name found in Datamart and Curated Table :: CREATEDBY_ID
Column Name found in Datamart and Curated Table :: TEAM
Column Name found in Datamart and Curated Table :: ISMANAGEDTECH
Column Name found in Datamart and Curated Table :: BIO
Column Name found in Datamart and Curated Table :: BIRTHDATE
Column Name found in Datamart and Curated Table :: DAILYGOAL
Column Name found in Datamart and Curated Table :: HOME_ISMANUALCOORDINATES
Column Name found in Datamart and Curated Table :: IMPORTID
Column Name found in Datamart and Curated Table :: OVERTIMEPROFILE_ID
Column Name found in Datamart and Curated Table :: SHIFTEND
Column Name found in Datamart and Curated Table :: STATUSUPDATEDON
Column Name found in Datamart and Curated Table :: TYPE
Column Name found in Datamart and Curated Table :: UNION
Column Name found in Datamart and Curated Table :: ZONE_ID
Column Name found in Datamart and Curated Table :: PROJECTEDVALUE
Column Name found in Datamart and Curated Table :: MEALTIME
Column Name found in Datamart and Curated Table :: HOME_CITY
Column Name found in Datamart and Curated Table :: ATLASBUTLERTECHNICIANROLE
Column Name found in Datamart and Curated Table :: HOME_LATITUDE
Column Name found in Datamart and Curated Table :: INVOICINGHOURLYRATE
Column Name found in Datamart and Curated Table :: OUTBOUNDCALLERID
Column Name found in Datamart and Curated Table :: PROJECTLABELS
Column Name found in Datamart and Curated Table :: SALESFACTOR
Column Name found in Datamart and Curated Table :: TODAYREVENUE_TECHNICIAN
Column Name found in Datamart and Curated Table :: ADDONSOLOCOMMISSIONRATE
Column Name found in Datamart and Curated Table :: DEDUCTCOMMUTETIMEFROMFIRSTDRIVE
Column Name found in Datamart and Curated Table :: HOME_STATE
Column Name found in Datamart and Curated Table :: ISEXTERNAL
Column Name found in Datamart and Curated Table :: OVERALLSALESFACTOR_TECHNICIAN
Column Name found in Datamart and Curated Table :: PAYPERIOD
Column Name found in Datamart and Curated Table :: PAYROLLROLE
Column Name found in Datamart and Curated Table :: PHOTO
Column Name found in Datamart and Curated Table :: DEFAULTLABORTYPE_ID
Column Name found in Datamart and Curated Table :: GOALIMAGE
Column Name found in Datamart and Curated Table :: ID
Column Name found in Datamart and Curated Table :: LASTNAME
Column Name found in Datamart and Curated Table :: OVERTIMEPAYROLLCONTROLCODE_ID
Column Name found in Datamart and Curated Table :: QBREPID
Column Name found in Datamart and Curated Table :: WILLIAMSTECHNICIANROLE
Datamart tables contains additional column name like [ACTIVE_FLAG, RECORD_CREATE_DATE, RECORD_UPDATE_DATE, RECORD_UPDATE_DATE, MASTER_ID, TENANT_TYPE]
Curated tables contains additional column name like [RECORD_CREATE_DATE, RECORD_UPDATE_DATE, RECORD_UPDATED_BY, TENANT_TYPE]]]>
  </system-out>
  <testcase classname="testcases.RAW_DATAMART_CURATED.SnowFlake_ColumnValidation_BKPTables" name="validateColumnName_BKP" time="2.763"/>
  <system-out>
    <![CDATA[Executing Snowflake query :: SELECT COLUMN_NAME FROM DEV_ENT_RAW.INFORMATION_SCHEMA.COLUMNS WHERE TABLE_NAME='PURCHASEORDERITEM'and TABLE_SCHEMA='ST_GOLDMEDAL_MATILLION'
Executing Snowflake query :: SELECT COLUMN_NAME FROM CURATED_DATAMART.INFORMATION_SCHEMA.COLUMNS WHERE TABLE_NAME='STR_PURCHASEORDERITEM'and TABLE_SCHEMA='ST_BKP_GOLDMEDAL'
Executing Snowflake query :: SELECT COLUMN_NAME FROM DEV_ENT_CURATED.INFORMATION_SCHEMA.COLUMNS WHERE TABLE_NAME='DIM_PURCHASEORDERITEM'and TABLE_SCHEMA='MASTER_DIMENSIONS'
Column names for RAW Table --> PURCHASEORDERITEM :: [BUSINESSUNIT_ID, CHARGEABLEITEM_ID, MATERIAL_ID, SKUVENDOR_ID, ROLLOVERQUANTITY, DESCRIPTION, MARKUP, SKUREFERENCE_SKUID, TECHNICIANFORBASERATE1_ID, ISINVENTORY, USEDMATERIAL_ID, MATERIALVENDOR_ID, TECHNICIANSPLIT3, CREATEDON, MODIFIEDON, PURCHASEORDER_ID, QUANTITY, ROLLEDOVERFROMITEM_ID, SERIALNUMBER, TECHNICIANFORBASERATE3_ID, EQUIPMENTVENDOR_ID, REQUISITIONITEM_ID, TECHNICIANSPLIT1, ACTIVE, CREATEDBY_ID, UNITOFMEASURE_ID, VENDORPARTNUMBER, SKU_ID, ID, TECHNICIANFORBASERATE2_ID, COST, IMPORTID, SKUREFERENCE_SKUTYPE, STATUS, PROJECTLABELS, TECHNICIANSPLIT2, EQUIPMENT_ID, INVENTORYLOCATION_ID]
Column names for DataMart Table --> STR_PURCHASEORDERITEM :: [ACTIVE_FLAG, DESCRIPTION, REQUISITIONITEM_ID, TECHNICIANFORBASERATE1_ID, USEDMATERIAL_ID, IMPORTID, ISINVENTORY, MASTER_ID, MATERIALVENDOR_ID, SKU_ID, TECHNICIANSPLIT3, ROLLOVERQUANTITY, RECORD_CREATE_DATE, TECHNICIANSPLIT1, TECHNICIANSPLIT2, TENANT_TYPE, RECORD_UPDATE_DATE, STATUS, SKUREFERENCE_SKUTYPE, UNITOFMEASURE_ID, COST, EQUIPMENTVENDOR_ID, PURCHASEORDER_ID, CREATEDBY_ID, ACTIVE, ROLLEDOVERFROMITEM_ID, TECHNICIANFORBASERATE2_ID, ID, MARKUP, SKUVENDOR_ID, VENDORPARTNUMBER, CREATEDON, SKUREFERENCE_SKUID, EQUIPMENT_ID, PROJECTLABELS, INVENTORYLOCATION_ID, MODIFIEDON, BUSINESSUNIT_ID, CHARGEABLEITEM_ID, SERIALNUMBER, TECHNICIANFORBASERATE3_ID, MATERIAL_ID, QUANTITY]
Column names for Curated Table --> DIM_PURCHASEORDERITEM :: [CREATEDBY_ID, DESCRIPTION, EQUIPMENTVENDOR_ID, EQUIPMENT_ID, MATERIALVENDOR_ID, RECORD_UPDATE_DATE, TECHNICIANFORBASERATE1_ID, MODIFIEDON, UNITOFMEASURE_ID, USEDMATERIAL_ID, TECHNICIANSPLIT2, CHARGEABLEITEM_ID, COST, QUANTITY, TECHNICIANFORBASERATE3_ID, INVENTORYLOCATION_ID, IMPORTID, REQUISITIONITEM_ID, TENANT_TYPE, VENDORPARTNUMBER, SKU_ID, CREATEDON, ID, SKUREFERENCE_SKUTYPE, MARKUP, PROJECTLABELS, PURCHASEORDER_ID, SERIALNUMBER, SKUVENDOR_ID, TECHNICIANSPLIT3, ROLLOVERQUANTITY, STATUS, BUSINESSUNIT_ID, ISINVENTORY, RECORD_CREATE_DATE, ROLLEDOVERFROMITEM_ID, TECHNICIANSPLIT1, SKUREFERENCE_SKUID, ACTIVE, MATERIAL_ID, RECORD_UPDATED_BY, TECHNICIANFORBASERATE2_ID]
Column Name found in Datamart and Curated Table :: BUSINESSUNIT_ID
Column Name found in Datamart and Curated Table :: CHARGEABLEITEM_ID
Column Name found in Datamart and Curated Table :: MATERIAL_ID
Column Name found in Datamart and Curated Table :: SKUVENDOR_ID
Column Name found in Datamart and Curated Table :: ROLLOVERQUANTITY
Column Name found in Datamart and Curated Table :: DESCRIPTION
Column Name found in Datamart and Curated Table :: MARKUP
Column Name found in Datamart and Curated Table :: SKUREFERENCE_SKUID
Column Name found in Datamart and Curated Table :: TECHNICIANFORBASERATE1_ID
Column Name found in Datamart and Curated Table :: ISINVENTORY
Column Name found in Datamart and Curated Table :: USEDMATERIAL_ID
Column Name found in Datamart and Curated Table :: MATERIALVENDOR_ID
Column Name found in Datamart and Curated Table :: TECHNICIANSPLIT3
Column Name found in Datamart and Curated Table :: CREATEDON
Column Name found in Datamart and Curated Table :: MODIFIEDON
Column Name found in Datamart and Curated Table :: PURCHASEORDER_ID
Column Name found in Datamart and Curated Table :: QUANTITY
Column Name found in Datamart and Curated Table :: ROLLEDOVERFROMITEM_ID
Column Name found in Datamart and Curated Table :: SERIALNUMBER
Column Name found in Datamart and Curated Table :: TECHNICIANFORBASERATE3_ID
Column Name found in Datamart and Curated Table :: EQUIPMENTVENDOR_ID
Column Name found in Datamart and Curated Table :: REQUISITIONITEM_ID
Column Name found in Datamart and Curated Table :: TECHNICIANSPLIT1
Column Name found in Datamart and Curated Table :: ACTIVE
Column Name found in Datamart and Curated Table :: CREATEDBY_ID
Column Name found in Datamart and Curated Table :: UNITOFMEASURE_ID
Column Name found in Datamart and Curated Table :: VENDORPARTNUMBER
Column Name found in Datamart and Curated Table :: SKU_ID
Column Name found in Datamart and Curated Table :: ID
Column Name found in Datamart and Curated Table :: TECHNICIANFORBASERATE2_ID
Column Name found in Datamart and Curated Table :: COST
Column Name found in Datamart and Curated Table :: IMPORTID
Column Name found in Datamart and Curated Table :: SKUREFERENCE_SKUTYPE
Column Name found in Datamart and Curated Table :: STATUS
Column Name found in Datamart and Curated Table :: PROJECTLABELS
Column Name found in Datamart and Curated Table :: TECHNICIANSPLIT2
Column Name found in Datamart and Curated Table :: EQUIPMENT_ID
Column Name found in Datamart and Curated Table :: INVENTORYLOCATION_ID
Datamart tables contains additional column name like [ACTIVE_FLAG, RECORD_CREATE_DATE, RECORD_UPDATE_DATE, RECORD_UPDATE_DATE, MASTER_ID, TENANT_TYPE]
Curated tables contains additional column name like [RECORD_CREATE_DATE, RECORD_UPDATE_DATE, RECORD_UPDATED_BY, TENANT_TYPE]]]>
  </system-out>
  <testcase classname="testcases.RAW_DATAMART_CURATED.SnowFlake_ColumnValidation_BKPTables" name="validateColumnName_BKP" time="2.572"/>
  <system-out>
    <![CDATA[Executing Snowflake query :: SELECT COLUMN_NAME FROM DEV_ENT_RAW.INFORMATION_SCHEMA.COLUMNS WHERE TABLE_NAME='ZONE'and TABLE_SCHEMA='ST_GOLDMEDAL_MATILLION'
Executing Snowflake query :: SELECT COLUMN_NAME FROM CURATED_DATAMART.INFORMATION_SCHEMA.COLUMNS WHERE TABLE_NAME='STR_ZONE'and TABLE_SCHEMA='ST_BKP_GOLDMEDAL'
Executing Snowflake query :: SELECT COLUMN_NAME FROM DEV_ENT_CURATED.INFORMATION_SCHEMA.COLUMNS WHERE TABLE_NAME='DIM_ZONE'and TABLE_SCHEMA='MASTER_DIMENSIONS'
Column names for RAW Table --> ZONE :: [SERVICEDAYSENABLED, ZIPS, ACTIVE, CITIES, CREATEDBY_ID, ID, NAME, IMPORTID, MODIFIEDON, SERVICEDAYS, TERRITORYNUMBERS, MAXDRIVETIMEADJUSTMENT, COLOR, CREATEDON, LOCNNUMBERS]
Column names for DataMart Table --> STR_ZONE :: [RECORD_CREATE_DATE, SERVICEDAYSENABLED, SERVICEDAYS, TENANT_TYPE, CREATEDBY_ID, NAME, ZIPS, CITIES, MODIFIEDON, CREATEDON, LOCNNUMBERS, RECORD_UPDATE_DATE, ID, ACTIVE, ACTIVE_FLAG, MASTER_ID, COLOR, IMPORTID, MAXDRIVETIMEADJUSTMENT, TERRITORYNUMBERS]
Column names for Curated Table --> DIM_ZONE :: [CREATEDON, ID, ZIPS, CITIES, IMPORTID, LOCNNUMBERS, MODIFIEDON, NAME, SERVICEDAYS, TENANT_TYPE, MAXDRIVETIMEADJUSTMENT, TERRITORYNUMBERS, RECORD_CREATE_DATE, ACTIVE, CREATEDBY_ID, SERVICEDAYSENABLED, RECORD_UPDATE_DATE, COLOR, RECORD_UPDATED_BY]
Column Name found in Datamart and Curated Table :: SERVICEDAYSENABLED
Column Name found in Datamart and Curated Table :: ZIPS
Column Name found in Datamart and Curated Table :: ACTIVE
Column Name found in Datamart and Curated Table :: CITIES
Column Name found in Datamart and Curated Table :: CREATEDBY_ID
Column Name found in Datamart and Curated Table :: ID
Column Name found in Datamart and Curated Table :: NAME
Column Name found in Datamart and Curated Table :: IMPORTID
Column Name found in Datamart and Curated Table :: MODIFIEDON
Column Name found in Datamart and Curated Table :: SERVICEDAYS
Column Name found in Datamart and Curated Table :: TERRITORYNUMBERS
Column Name found in Datamart and Curated Table :: MAXDRIVETIMEADJUSTMENT
Column Name found in Datamart and Curated Table :: COLOR
Column Name found in Datamart and Curated Table :: CREATEDON
Column Name found in Datamart and Curated Table :: LOCNNUMBERS
Datamart tables contains additional column name like [ACTIVE_FLAG, RECORD_CREATE_DATE, RECORD_UPDATE_DATE, RECORD_UPDATE_DATE, MASTER_ID, TENANT_TYPE]
Curated tables contains additional column name like [RECORD_CREATE_DATE, RECORD_UPDATE_DATE, RECORD_UPDATED_BY, TENANT_TYPE]]]>
  </system-out>
  <testcase classname="testcases.RAW_DATAMART_CURATED.SnowFlake_ColumnValidation_BKPTables" name="validateColumnName_BKP" time="2.449"/>
  <system-out>
    <![CDATA[Executing Snowflake query :: SELECT COLUMN_NAME FROM DEV_ENT_RAW.INFORMATION_SCHEMA.COLUMNS WHERE TABLE_NAME='INVOICEITEM'and TABLE_SCHEMA='ST_HDAIR_MATILLION'
Executing Snowflake query :: SELECT COLUMN_NAME FROM CURATED_DATAMART.INFORMATION_SCHEMA.COLUMNS WHERE TABLE_NAME='STR_INVOICEITEM'and TABLE_SCHEMA='ST_BKP_HDAIR'
Executing Snowflake query :: SELECT COLUMN_NAME FROM DEV_ENT_CURATED.INFORMATION_SCHEMA.COLUMNS WHERE TABLE_NAME='DIM_INVOICEITEM'and TABLE_SCHEMA='MASTER_DIMENSIONS'
Column names for RAW Table --> INVOICEITEM :: [ACCOUNT, ALLOWDISCOUNTS, BASERATE1, BONUS, COMMISSIONBONUS, ESTIMATEITEM_ID, WORKFLOWACTION_ID, ITEMGROUPNAME, MEMBERPRICE, PROCUREMENTSOURCE_SOURCETYPE, SKUREFERENCE_SKUTYPE, TOTALCOST, PARENTITEM_ID, DATECREATED, ISUNITPRICEMANUALLYSET, BASERATE3, CREATEDON, DEDUCTASJOBCOST, PAYSCOMMISSION, PROCUREDFROMESTIMATEITEM_ID, SOURCETYPE, STANDARDPRICE, COSTOFSALEACCOUNT_ID, HOURS, ISOTTASK, SOLDBY_ID, TAXABLE, DISPLAYINAMOUNT, CROSSSALEGROUP, LASTUNITPRICESETBYEMPLOYEE, MARKUP, MEMBERSHIPWORKFLOWACTION, PAYSFLATAMOUNT, PAYSSOLDBYRATE, BASERATE2, INVOICE_ID, PROCUREMENTSOURCE_PURCHASEORDERITEMID, QUANTITY, ACTIVE, BUSINESSUNIT_ID, CHARGEABLE, CREATEDBY_ID, INVENTORYSTATUS, TECHNICIANSPLIT2, COST, DESCRIPTION, EQUIPMENT_ID, ISINVENTORY, ITEMGROUPROOT_ID, NOTAX, PAYTECHSPECIFICBONUS, SKUREFERENCE_SKUID, TECHNICIAN_ID, GENERALLEDGERACCOUNT_ID, PROCUREDFROM_ID, SKU_ID, IMPORTID, PROJECTORDER, TECHNICIANFORBASERATE1_ID, TECHNICIANSPLIT1, TECHNICIANSPLIT3, USEDMATERIAL_ID, SIGNATURE, SOLDHOURS, TECHNICIANFORBASERATE2_ID, ADDONFLATAMOUNT, AUTOGLASSITEM_ID, INVENTORYBATCH_ID, INVENTORYWAREHOUSENAME, ISADDON, ID, PRICEMODIFIER_ID, PROCUREMENTSOURCE_ESTIMATEITEMID, PROJECTLABELS, SCHEDULEDFLATAMOUNT, PROCUREMENTSOURCE_REQUISITIONITEMID, INVENTORYLOCATION_ID, MODIFIEDON, ORDER, TECHNICIANACKNOWLEDGEMENTSIGNATURE, TECHNICIANFORBASERATE3_ID, EXPORTID, SOLDBYCOMMISSION, TOTAL, SKUNAME, UNITPRICE]
Column names for DataMart Table --> STR_INVOICEITEM :: [ALLOWDISCOUNTS, CHARGEABLE, ID, ISUNITPRICEMANUALLYSET, PAYTECHSPECIFICBONUS, SOLDHOURS, TECHNICIANSPLIT3, QUANTITY, DEDUCTASJOBCOST, SCHEDULEDFLATAMOUNT, INVENTORYBATCH_ID, PARENTITEM_ID, PAYSCOMMISSION, ADDONFLATAMOUNT, COMMISSIONBONUS, CREATEDON, NOTAX, TOTAL, EXPORTID, MEMBERSHIPWORKFLOWACTION, MODIFIEDON, ORDER, SOLDBY_ID, USEDMATERIAL_ID, TENANT_TYPE, PROCUREMENTSOURCE_PURCHASEORDERITEMID, SIGNATURE, BASERATE3, CROSSSALEGROUP, GENERALLEDGERACCOUNT_ID, INVENTORYWAREHOUSENAME, MEMBERPRICE, PAYSSOLDBYRATE, PROCUREDFROM_ID, TECHNICIANFORBASERATE1_ID, AUTOGLASSITEM_ID, STANDARDPRICE, SKUREFERENCE_SKUTYPE, TECHNICIANFORBASERATE3_ID, BUSINESSUNIT_ID, CREATEDBY_ID, MARKUP, PROCUREMENTSOURCE_SOURCETYPE, IMPORTID, SKUREFERENCE_SKUID, SKU_ID, TECHNICIANACKNOWLEDGEMENTSIGNATURE, ACTIVE, BASERATE1, BASERATE2, BONUS, COSTOFSALEACCOUNT_ID, DATECREATED, INVENTORYLOCATION_ID, ITEMGROUPNAME, PROJECTLABELS, TECHNICIANFORBASERATE2_ID, TOTALCOST, INVOICE_ID, LASTUNITPRICESETBYEMPLOYEE, PROCUREMENTSOURCE_ESTIMATEITEMID, PROJECTORDER, RECORD_CREATE_DATE, SKUNAME, RECORD_UPDATE_DATE, WORKFLOWACTION_ID, PROCUREDFROMESTIMATEITEM_ID, ACCOUNT, ACTIVE_FLAG, COST, ESTIMATEITEM_ID, ISINVENTORY, ISOTTASK, ITEMGROUPROOT_ID, TECHNICIANSPLIT1, ISADDON, SOURCETYPE, TAXABLE, TECHNICIANSPLIT2, UNITPRICE, DESCRIPTION, EQUIPMENT_ID, HOURS, INVENTORYSTATUS, MASTER_ID, PROCUREMENTSOURCE_REQUISITIONITEMID, SOLDBYCOMMISSION, DISPLAYINAMOUNT, PRICEMODIFIER_ID, TECHNICIAN_ID, PAYSFLATAMOUNT]
Column names for Curated Table --> DIM_INVOICEITEM :: [BASERATE2, COST, CROSSSALEGROUP, ISOTTASK, MEMBERPRICE, ORDER, QUANTITY, TOTALCOST, ISUNITPRICEMANUALLYSET, PARENTITEM_ID, PAYSSOLDBYRATE, PAYSCOMMISSION, GENERALLEDGERACCOUNT_ID, BASERATE1, INVENTORYBATCH_ID, INVOICE_ID, SKUREFERENCE_SKUID, BASERATE3, EXPORTID, ISINVENTORY, SKU_ID, INVENTORYSTATUS, SOLDHOURS, TECHNICIAN_ID, TECHNICIANFORBASERATE2_ID, ACCOUNT, ALLOWDISCOUNTS, COMMISSIONBONUS, CREATEDON, IMPORTID, ISADDON, PROCUREMENTSOURCE_SOURCETYPE, NOTAX, PROJECTLABELS, SOLDBY_ID, TECHNICIANFORBASERATE1_ID, TECHNICIANSPLIT1, PAYSFLATAMOUNT, UNITPRICE, BONUS, COSTOFSALEACCOUNT_ID, CREATEDBY_ID, DISPLAYINAMOUNT, PAYTECHSPECIFICBONUS, PRICEMODIFIER_ID, TECHNICIANACKNOWLEDGEMENTSIGNATURE, TECHNICIANSPLIT3, PROCUREMENTSOURCE_PURCHASEORDERITEMID, PROCUREMENTSOURCE_REQUISITIONITEMID, PROJECTORDER, DATECREATED, TECHNICIANFORBASERATE3_ID, ACTIVE, ADDONFLATAMOUNT, BUSINESSUNIT_ID, CHARGEABLE, EQUIPMENT_ID, INVENTORYLOCATION_ID, INVENTORYWAREHOUSENAME, ITEMGROUPNAME, ITEMGROUPROOT_ID, RECORD_UPDATE_DATE, MODIFIEDON, PROCUREDFROM_ID, SCHEDULEDFLATAMOUNT, PROCUREMENTSOURCE_ESTIMATEITEMID, TAXABLE, PROCUREDFROMESTIMATEITEM_ID, AUTOGLASSITEM_ID, HOURS, LASTUNITPRICESETBYEMPLOYEE, MARKUP, USEDMATERIAL_ID, MEMBERSHIPWORKFLOWACTION, SKUREFERENCE_SKUTYPE, SOLDBYCOMMISSION, SOURCETYPE, RECORD_UPDATED_BY, WORKFLOWACTION_ID, DEDUCTASJOBCOST, DESCRIPTION, ESTIMATEITEM_ID, STANDARDPRICE, TECHNICIANSPLIT2, TOTAL, ID, RECORD_CREATE_DATE, SIGNATURE, SKUNAME, TENANT_TYPE]
Column Name found in Datamart and Curated Table :: ACCOUNT
Column Name found in Datamart and Curated Table :: ALLOWDISCOUNTS
Column Name found in Datamart and Curated Table :: BASERATE1
Column Name found in Datamart and Curated Table :: BONUS
Column Name found in Datamart and Curated Table :: COMMISSIONBONUS
Column Name found in Datamart and Curated Table :: ESTIMATEITEM_ID
Column Name found in Datamart and Curated Table :: WORKFLOWACTION_ID
Column Name found in Datamart and Curated Table :: ITEMGROUPNAME
Column Name found in Datamart and Curated Table :: MEMBERPRICE
Column Name found in Datamart and Curated Table :: PROCUREMENTSOURCE_SOURCETYPE
Column Name found in Datamart and Curated Table :: SKUREFERENCE_SKUTYPE
Column Name found in Datamart and Curated Table :: TOTALCOST
Column Name found in Datamart and Curated Table :: PARENTITEM_ID
Column Name found in Datamart and Curated Table :: DATECREATED
Column Name found in Datamart and Curated Table :: ISUNITPRICEMANUALLYSET
Column Name found in Datamart and Curated Table :: BASERATE3
Column Name found in Datamart and Curated Table :: CREATEDON
Column Name found in Datamart and Curated Table :: DEDUCTASJOBCOST
Column Name found in Datamart and Curated Table :: PAYSCOMMISSION
Column Name found in Datamart and Curated Table :: PROCUREDFROMESTIMATEITEM_ID
Column Name found in Datamart and Curated Table :: SOURCETYPE
Column Name found in Datamart and Curated Table :: STANDARDPRICE
Column Name found in Datamart and Curated Table :: COSTOFSALEACCOUNT_ID
Column Name found in Datamart and Curated Table :: HOURS
Column Name found in Datamart and Curated Table :: ISOTTASK
Column Name found in Datamart and Curated Table :: SOLDBY_ID
Column Name found in Datamart and Curated Table :: TAXABLE
Column Name found in Datamart and Curated Table :: DISPLAYINAMOUNT
Column Name found in Datamart and Curated Table :: CROSSSALEGROUP
Column Name found in Datamart and Curated Table :: LASTUNITPRICESETBYEMPLOYEE
Column Name found in Datamart and Curated Table :: MARKUP
Column Name found in Datamart and Curated Table :: MEMBERSHIPWORKFLOWACTION
Column Name found in Datamart and Curated Table :: PAYSFLATAMOUNT
Column Name found in Datamart and Curated Table :: PAYSSOLDBYRATE
Column Name found in Datamart and Curated Table :: BASERATE2
Column Name found in Datamart and Curated Table :: INVOICE_ID
Column Name found in Datamart and Curated Table :: PROCUREMENTSOURCE_PURCHASEORDERITEMID
Column Name found in Datamart and Curated Table :: QUANTITY
Column Name found in Datamart and Curated Table :: ACTIVE
Column Name found in Datamart and Curated Table :: BUSINESSUNIT_ID
Column Name found in Datamart and Curated Table :: CHARGEABLE
Column Name found in Datamart and Curated Table :: CREATEDBY_ID
Column Name found in Datamart and Curated Table :: INVENTORYSTATUS
Column Name found in Datamart and Curated Table :: TECHNICIANSPLIT2
Column Name found in Datamart and Curated Table :: COST
Column Name found in Datamart and Curated Table :: DESCRIPTION
Column Name found in Datamart and Curated Table :: EQUIPMENT_ID
Column Name found in Datamart and Curated Table :: ISINVENTORY
Column Name found in Datamart and Curated Table :: ITEMGROUPROOT_ID
Column Name found in Datamart and Curated Table :: NOTAX
Column Name found in Datamart and Curated Table :: PAYTECHSPECIFICBONUS
Column Name found in Datamart and Curated Table :: SKUREFERENCE_SKUID
Column Name found in Datamart and Curated Table :: TECHNICIAN_ID
Column Name found in Datamart and Curated Table :: GENERALLEDGERACCOUNT_ID
Column Name found in Datamart and Curated Table :: PROCUREDFROM_ID
Column Name found in Datamart and Curated Table :: SKU_ID
Column Name found in Datamart and Curated Table :: IMPORTID
Column Name found in Datamart and Curated Table :: PROJECTORDER
Column Name found in Datamart and Curated Table :: TECHNICIANFORBASERATE1_ID
Column Name found in Datamart and Curated Table :: TECHNICIANSPLIT1
Column Name found in Datamart and Curated Table :: TECHNICIANSPLIT3
Column Name found in Datamart and Curated Table :: USEDMATERIAL_ID
Column Name found in Datamart and Curated Table :: SIGNATURE
Column Name found in Datamart and Curated Table :: SOLDHOURS
Column Name found in Datamart and Curated Table :: TECHNICIANFORBASERATE2_ID
Column Name found in Datamart and Curated Table :: ADDONFLATAMOUNT
Column Name found in Datamart and Curated Table :: AUTOGLASSITEM_ID
Column Name found in Datamart and Curated Table :: INVENTORYBATCH_ID
Column Name found in Datamart and Curated Table :: INVENTORYWAREHOUSENAME
Column Name found in Datamart and Curated Table :: ISADDON
Column Name found in Datamart and Curated Table :: ID
Column Name found in Datamart and Curated Table :: PRICEMODIFIER_ID
Column Name found in Datamart and Curated Table :: PROCUREMENTSOURCE_ESTIMATEITEMID
Column Name found in Datamart and Curated Table :: PROJECTLABELS
Column Name found in Datamart and Curated Table :: SCHEDULEDFLATAMOUNT
Column Name found in Datamart and Curated Table :: PROCUREMENTSOURCE_REQUISITIONITEMID
Column Name found in Datamart and Curated Table :: INVENTORYLOCATION_ID
Column Name found in Datamart and Curated Table :: MODIFIEDON
Column Name found in Datamart and Curated Table :: ORDER
Column Name found in Datamart and Curated Table :: TECHNICIANACKNOWLEDGEMENTSIGNATURE
Column Name found in Datamart and Curated Table :: TECHNICIANFORBASERATE3_ID
Column Name found in Datamart and Curated Table :: EXPORTID
Column Name found in Datamart and Curated Table :: SOLDBYCOMMISSION
Column Name found in Datamart and Curated Table :: TOTAL
Column Name found in Datamart and Curated Table :: SKUNAME
Column Name found in Datamart and Curated Table :: UNITPRICE
Datamart tables contains additional column name like [ACTIVE_FLAG, RECORD_CREATE_DATE, RECORD_UPDATE_DATE, RECORD_UPDATE_DATE, MASTER_ID, TENANT_TYPE]
Curated tables contains additional column name like [RECORD_CREATE_DATE, RECORD_UPDATE_DATE, RECORD_UPDATED_BY, TENANT_TYPE]]]>
  </system-out>
  <testcase classname="testcases.RAW_DATAMART_CURATED.SnowFlake_ColumnValidation_BKPTables" name="validateColumnName_BKP" time="2.162"/>
  <system-out>
    <![CDATA[Executing Snowflake query :: SELECT COLUMN_NAME FROM DEV_ENT_RAW.INFORMATION_SCHEMA.COLUMNS WHERE TABLE_NAME='EQUIPMENT'and TABLE_SCHEMA='ST_GOLDMEDAL_MATILLION'
Executing Snowflake query :: SELECT COLUMN_NAME FROM CURATED_DATAMART.INFORMATION_SCHEMA.COLUMNS WHERE TABLE_NAME='STR_EQUIPMENT'and TABLE_SCHEMA='ST_BKP_GOLDMEDAL'
Executing Snowflake query :: SELECT COLUMN_NAME FROM DEV_ENT_CURATED.INFORMATION_SCHEMA.COLUMNS WHERE TABLE_NAME='DIM_EQUIPMENT'and TABLE_SCHEMA='MASTER_DIMENSIONS'
Column names for RAW Table --> EQUIPMENT :: [LOYALTYPROGRAMELIGIBLE, MODIFIEDON, INVENTORYENABLEDBY_ID, MODEL, NAME, SERVICEPROVIDERWARRANTY_DESCRIPTION, GENERALLEDGERACCOUNT_ID, ORIGINAL_ID, PAYSFLATAMOUNT, PAYTECHSPECIFICBONUS, BRAND, CATEGORY_ID, PROVIDER_ID, SERVICEPROVIDERWARRANTY_DURATION, TAXABLE, COSTOFSALEACCOUNT_ID, INVENTORYENABLEDON, PRIMARYVENDOR_ID, SYNCDATE, IMPORTID, ACCOUNT, ACTIVE, ADDONFLATAMOUNT, ADDONPRICE, COPIEDFROM_ID, DESCRIPTION, HOURS, ISINVENTORY, MANUFACTURERWARRANTY_DESCRIPTION, SOURCEVERSION, AVALARACOMMERCIALTAXCODE, COMMISSIONBONUS, CREATEDBY_ID, CREATEDON, DISPLAYINAMOUNT, MANUFACTURER, PAYSSOLDBYRATE, PRICE, ALLOWDISCOUNTS, ARCHIVED, BONUS, ASSETACCOUNT_ID, EXTERNALID, SCHEDULEDFLATAMOUNT, CROSSSALEGROUP, IMAGES, ISSERIALIZED, WARRANTYRESERVE, MANUFACTURERWARRANTY_DURATION, SUPPLIERIMAGES, BUSINESSUNIT_ID, DISPLAYNAME, EXCLUDEFROMPRICEBOOKWIZARD, ID, SOURCE, UNITOFMEASURE, PAYSCOMMISSION, AVALARARESIDENTIALTAXCODE, COST, SERIALIZEDON, ADDONMEMBERPRICE, MEMBERPRICE, TYPE_ID]
Column names for DataMart Table --> STR_EQUIPMENT :: [ACCOUNT, ADDONFLATAMOUNT, COSTOFSALEACCOUNT_ID, DISPLAYNAME, CATEGORY_ID, GENERALLEDGERACCOUNT_ID, SOURCE, SUPPLIERIMAGES, ALLOWDISCOUNTS, WARRANTYRESERVE, ARCHIVED, INVENTORYENABLEDBY_ID, NAME, SERVICEPROVIDERWARRANTY_DURATION, BUSINESSUNIT_ID, MASTER_ID, SOURCEVERSION, MODIFIEDON, ADDONPRICE, AVALARARESIDENTIALTAXCODE, BONUS, INVENTORYENABLEDON, MANUFACTURER, SERIALIZEDON, LOYALTYPROGRAMELIGIBLE, RECORD_UPDATE_DATE, SYNCDATE, COMMISSIONBONUS, COPIEDFROM_ID, CREATEDON, MANUFACTURERWARRANTY_DESCRIPTION, PROVIDER_ID, SCHEDULEDFLATAMOUNT, TYPE_ID, IMAGES, ACTIVE, ACTIVE_FLAG, ADDONMEMBERPRICE, CROSSSALEGROUP, ID, IMPORTID, ISSERIALIZED, MANUFACTURERWARRANTY_DURATION, PRIMARYVENDOR_ID, SERVICEPROVIDERWARRANTY_DESCRIPTION, TAXABLE, DESCRIPTION, PAYSFLATAMOUNT, TENANT_TYPE, BRAND, EXCLUDEFROMPRICEBOOKWIZARD, MODEL, UNITOFMEASURE, COST, DISPLAYINAMOUNT, HOURS, ORIGINAL_ID, PAYSSOLDBYRATE, PAYTECHSPECIFICBONUS, PAYSCOMMISSION, ASSETACCOUNT_ID, AVALARACOMMERCIALTAXCODE, CREATEDBY_ID, MEMBERPRICE, RECORD_CREATE_DATE, PRICE, ISINVENTORY, EXTERNALID]
Column names for Curated Table --> DIM_EQUIPMENT :: [ASSETACCOUNT_ID, COMMISSIONBONUS, COSTOFSALEACCOUNT_ID, MODEL, SCHEDULEDFLATAMOUNT, COPIEDFROM_ID, ISSERIALIZED, PAYSFLATAMOUNT, PAYTECHSPECIFICBONUS, RECORD_CREATE_DATE, SERVICEPROVIDERWARRANTY_DURATION, ID, AVALARACOMMERCIALTAXCODE, BONUS, HOURS, LOYALTYPROGRAMELIGIBLE, SOURCE, SERIALIZEDON, ADDONPRICE, EXCLUDEFROMPRICEBOOKWIZARD, PAYSCOMMISSION, ISINVENTORY, MODIFIEDON, ACTIVE, ADDONMEMBERPRICE, CREATEDON, EXTERNALID, PRIMARYVENDOR_ID, BUSINESSUNIT_ID, NAME, PAYSSOLDBYRATE, SYNCDATE, AVALARARESIDENTIALTAXCODE, BRAND, CREATEDBY_ID, DISPLAYINAMOUNT, MANUFACTURERWARRANTY_DESCRIPTION, TENANT_TYPE, MANUFACTURER, PROVIDER_ID, SOURCEVERSION, RECORD_UPDATED_BY, ACCOUNT, ADDONFLATAMOUNT, COST, DISPLAYNAME, INVENTORYENABLEDBY_ID, TAXABLE, ARCHIVED, RECORD_UPDATE_DATE, DESCRIPTION, CATEGORY_ID, ALLOWDISCOUNTS, GENERALLEDGERACCOUNT_ID, INVENTORYENABLEDON, PRICE, TYPE_ID, SUPPLIERIMAGES, UNITOFMEASURE, CROSSSALEGROUP, IMAGES, IMPORTID, ORIGINAL_ID, SERVICEPROVIDERWARRANTY_DESCRIPTION, MEMBERPRICE, WARRANTYRESERVE, MANUFACTURERWARRANTY_DURATION]
Column Name found in Datamart and Curated Table :: LOYALTYPROGRAMELIGIBLE
Column Name found in Datamart and Curated Table :: MODIFIEDON
Column Name found in Datamart and Curated Table :: INVENTORYENABLEDBY_ID
Column Name found in Datamart and Curated Table :: MODEL
Column Name found in Datamart and Curated Table :: NAME
Column Name found in Datamart and Curated Table :: SERVICEPROVIDERWARRANTY_DESCRIPTION
Column Name found in Datamart and Curated Table :: GENERALLEDGERACCOUNT_ID
Column Name found in Datamart and Curated Table :: ORIGINAL_ID
Column Name found in Datamart and Curated Table :: PAYSFLATAMOUNT
Column Name found in Datamart and Curated Table :: PAYTECHSPECIFICBONUS
Column Name found in Datamart and Curated Table :: BRAND
Column Name found in Datamart and Curated Table :: CATEGORY_ID
Column Name found in Datamart and Curated Table :: PROVIDER_ID
Column Name found in Datamart and Curated Table :: SERVICEPROVIDERWARRANTY_DURATION
Column Name found in Datamart and Curated Table :: TAXABLE
Column Name found in Datamart and Curated Table :: COSTOFSALEACCOUNT_ID
Column Name found in Datamart and Curated Table :: INVENTORYENABLEDON
Column Name found in Datamart and Curated Table :: PRIMARYVENDOR_ID
Column Name found in Datamart and Curated Table :: SYNCDATE
Column Name found in Datamart and Curated Table :: IMPORTID
Column Name found in Datamart and Curated Table :: ACCOUNT
Column Name found in Datamart and Curated Table :: ACTIVE
Column Name found in Datamart and Curated Table :: ADDONFLATAMOUNT
Column Name found in Datamart and Curated Table :: ADDONPRICE
Column Name found in Datamart and Curated Table :: COPIEDFROM_ID
Column Name found in Datamart and Curated Table :: DESCRIPTION
Column Name found in Datamart and Curated Table :: HOURS
Column Name found in Datamart and Curated Table :: ISINVENTORY
Column Name found in Datamart and Curated Table :: MANUFACTURERWARRANTY_DESCRIPTION
Column Name found in Datamart and Curated Table :: SOURCEVERSION
Column Name found in Datamart and Curated Table :: AVALARACOMMERCIALTAXCODE
Column Name found in Datamart and Curated Table :: COMMISSIONBONUS
Column Name found in Datamart and Curated Table :: CREATEDBY_ID
Column Name found in Datamart and Curated Table :: CREATEDON
Column Name found in Datamart and Curated Table :: DISPLAYINAMOUNT
Column Name found in Datamart and Curated Table :: MANUFACTURER
Column Name found in Datamart and Curated Table :: PAYSSOLDBYRATE
Column Name found in Datamart and Curated Table :: PRICE
Column Name found in Datamart and Curated Table :: ALLOWDISCOUNTS
Column Name found in Datamart and Curated Table :: ARCHIVED
Column Name found in Datamart and Curated Table :: BONUS
Column Name found in Datamart and Curated Table :: ASSETACCOUNT_ID
Column Name found in Datamart and Curated Table :: EXTERNALID
Column Name found in Datamart and Curated Table :: SCHEDULEDFLATAMOUNT
Column Name found in Datamart and Curated Table :: CROSSSALEGROUP
Column Name found in Datamart and Curated Table :: IMAGES
Column Name found in Datamart and Curated Table :: ISSERIALIZED
Column Name found in Datamart and Curated Table :: WARRANTYRESERVE
Column Name found in Datamart and Curated Table :: MANUFACTURERWARRANTY_DURATION
Column Name found in Datamart and Curated Table :: SUPPLIERIMAGES
Column Name found in Datamart and Curated Table :: BUSINESSUNIT_ID
Column Name found in Datamart and Curated Table :: DISPLAYNAME
Column Name found in Datamart and Curated Table :: EXCLUDEFROMPRICEBOOKWIZARD
Column Name found in Datamart and Curated Table :: ID
Column Name found in Datamart and Curated Table :: SOURCE
Column Name found in Datamart and Curated Table :: UNITOFMEASURE
Column Name found in Datamart and Curated Table :: PAYSCOMMISSION
Column Name found in Datamart and Curated Table :: AVALARARESIDENTIALTAXCODE
Column Name found in Datamart and Curated Table :: COST
Column Name found in Datamart and Curated Table :: SERIALIZEDON
Column Name found in Datamart and Curated Table :: ADDONMEMBERPRICE
Column Name found in Datamart and Curated Table :: MEMBERPRICE
Column Name found in Datamart and Curated Table :: TYPE_ID
Datamart tables contains additional column name like [ACTIVE_FLAG, RECORD_CREATE_DATE, RECORD_UPDATE_DATE, RECORD_UPDATE_DATE, MASTER_ID, TENANT_TYPE]
Curated tables contains additional column name like [RECORD_CREATE_DATE, RECORD_UPDATE_DATE, RECORD_UPDATED_BY, TENANT_TYPE]]]>
  </system-out>
  <testcase classname="testcases.RAW_DATAMART_CURATED.SnowFlake_ColumnValidation_BKPTables" name="validateColumnName_BKP" time="6.170"/>
  <system-out>
    <![CDATA[Executing Snowflake query :: SELECT COLUMN_NAME FROM DEV_ENT_RAW.INFORMATION_SCHEMA.COLUMNS WHERE TABLE_NAME='CUSTOMER'and TABLE_SCHEMA='ST_CASTEEL_MATILLION'
Executing Snowflake query :: SELECT COLUMN_NAME FROM CURATED_DATAMART.INFORMATION_SCHEMA.COLUMNS WHERE TABLE_NAME='STR_CUSTOMER'and TABLE_SCHEMA='ST_BKP_CASTEEL'
Executing Snowflake query :: SELECT COLUMN_NAME FROM DEV_ENT_CURATED.INFORMATION_SCHEMA.COLUMNS WHERE TABLE_NAME='DIM_CUSTOMER'and TABLE_SCHEMA='MASTER_DIMENSIONS'
Column names for RAW Table --> CUSTOMER :: [AR, DONOTMAIL, EXTERNALID, HEADER, SHOWMEMBERSAVINGS, STATISTICS_ID, ADDRESS_ISMANUALCOORDINATES, ADDRESS_STATE, MODIFIEDON, MEMBERSHIP_TO, ADDRESS_LATITUDE, ADDRESS_LONGITUDE, ADDRESS_ZIP, EXCLUDEFROMBULKPRINTING, DONOTCHARGEINTERESTFEE, AVALARAENTITYCODE, ADDRESS_ISMILITARY, PAYMENTTERM_ID, MEMBERSHIP_ACTIVATEDBY, TYPE, TAXEXEMPT, ADDRESS_COUNTRY, ADDRESS_UNIT, BALANCE, IMPORTID, CREATEDBY_ID, DONOTSENDPROMOTIONALEMAILS, ID, MEMBERSHIP_CANCELLATIONDATE, NOCHARGE, ACTIVE, ADDRESS_STREET, CREATEDON, DONOTSERVICE, MEMBERSHIP_ACTIVATEDFROM, MEMBERSHIP_FROM, NAME, ADDRESS_CITY]
Column names for DataMart Table --> STR_CUSTOMER :: [DONOTSERVICE, MEMBERSHIP_CANCELLATIONDATE, ADDRESS_STREET, IMPORTID, ADDRESS_STATE, MEMBERSHIP_ACTIVATEDBY, MEMBERSHIP_TO, MODIFIEDON, NAME, PAYMENTTERM_ID, RECORD_CREATE_DATE, BALANCE, MASTER_ID, ID, TAXEXEMPT, ADDRESS_COUNTRY, MEMBERSHIP_ACTIVATEDFROM, NOCHARGE, TENANT_TYPE, ADDRESS_LATITUDE, ADDRESS_LONGITUDE, ADDRESS_UNIT, RECORD_UPDATE_DATE, DONOTSENDPROMOTIONALEMAILS, ACTIVE_FLAG, ADDRESS_CITY, CREATEDON, MEMBERSHIP_FROM, DONOTMAIL, ADDRESS_ISMILITARY, ADDRESS_ZIP, AR, EXCLUDEFROMBULKPRINTING, HEADER, ACTIVE, ADDRESS_ISMANUALCOORDINATES, CREATEDBY_ID, DONOTCHARGEINTERESTFEE, TYPE, EXTERNALID, SHOWMEMBERSAVINGS, STATISTICS_ID, AVALARAENTITYCODE]
Column names for Curated Table --> DIM_CUSTOMER :: [ADDRESS_UNIT, PAYMENTTERM_ID, BALANCE, IMPORTID, ACTIVE, ADDRESS_COUNTRY, ADDRESS_ISMANUALCOORDINATES, ADDRESS_STATE, ADDRESS_ZIP, AR, NAME, MEMBERSHIP_TO, ADDRESS_CITY, ADDRESS_STREET, DONOTSERVICE, MEMBERSHIP_CANCELLATIONDATE, NOCHARGE, HEADER, CREATEDBY_ID, EXTERNALID, MODIFIEDON, DONOTCHARGEINTERESTFEE, MEMBERSHIP_ACTIVATEDBY, RECORD_UPDATE_DATE, RECORD_UPDATED_BY, STATISTICS_ID, CREATEDON, DONOTMAIL, ID, TAXEXEMPT, RECORD_CREATE_DATE, ADDRESS_LATITUDE, ADDRESS_LONGITUDE, AVALARAENTITYCODE, DONOTSENDPROMOTIONALEMAILS, MEMBERSHIP_FROM, TENANT_TYPE, TYPE, ADDRESS_ISMILITARY, MEMBERSHIP_ACTIVATEDFROM, SHOWMEMBERSAVINGS, EXCLUDEFROMBULKPRINTING]
Column Name found in Datamart and Curated Table :: AR
Column Name found in Datamart and Curated Table :: DONOTMAIL
Column Name found in Datamart and Curated Table :: EXTERNALID
Column Name found in Datamart and Curated Table :: HEADER
Column Name found in Datamart and Curated Table :: SHOWMEMBERSAVINGS
Column Name found in Datamart and Curated Table :: STATISTICS_ID
Column Name found in Datamart and Curated Table :: ADDRESS_ISMANUALCOORDINATES
Column Name found in Datamart and Curated Table :: ADDRESS_STATE
Column Name found in Datamart and Curated Table :: MODIFIEDON
Column Name found in Datamart and Curated Table :: MEMBERSHIP_TO
Column Name found in Datamart and Curated Table :: ADDRESS_LATITUDE
Column Name found in Datamart and Curated Table :: ADDRESS_LONGITUDE
Column Name found in Datamart and Curated Table :: ADDRESS_ZIP
Column Name found in Datamart and Curated Table :: EXCLUDEFROMBULKPRINTING
Column Name found in Datamart and Curated Table :: DONOTCHARGEINTERESTFEE
Column Name found in Datamart and Curated Table :: AVALARAENTITYCODE
Column Name found in Datamart and Curated Table :: ADDRESS_ISMILITARY
Column Name found in Datamart and Curated Table :: PAYMENTTERM_ID
Column Name found in Datamart and Curated Table :: MEMBERSHIP_ACTIVATEDBY
Column Name found in Datamart and Curated Table :: TYPE
Column Name found in Datamart and Curated Table :: TAXEXEMPT
Column Name found in Datamart and Curated Table :: ADDRESS_COUNTRY
Column Name found in Datamart and Curated Table :: ADDRESS_UNIT
Column Name found in Datamart and Curated Table :: BALANCE
Column Name found in Datamart and Curated Table :: IMPORTID
Column Name found in Datamart and Curated Table :: CREATEDBY_ID
Column Name found in Datamart and Curated Table :: DONOTSENDPROMOTIONALEMAILS
Column Name found in Datamart and Curated Table :: ID
Column Name found in Datamart and Curated Table :: MEMBERSHIP_CANCELLATIONDATE
Column Name found in Datamart and Curated Table :: NOCHARGE
Column Name found in Datamart and Curated Table :: ACTIVE
Column Name found in Datamart and Curated Table :: ADDRESS_STREET
Column Name found in Datamart and Curated Table :: CREATEDON
Column Name found in Datamart and Curated Table :: DONOTSERVICE
Column Name found in Datamart and Curated Table :: MEMBERSHIP_ACTIVATEDFROM
Column Name found in Datamart and Curated Table :: MEMBERSHIP_FROM
Column Name found in Datamart and Curated Table :: NAME
Column Name found in Datamart and Curated Table :: ADDRESS_CITY
Datamart tables contains additional column name like [ACTIVE_FLAG, RECORD_CREATE_DATE, RECORD_UPDATE_DATE, RECORD_UPDATE_DATE, MASTER_ID, TENANT_TYPE]
Curated tables contains additional column name like [RECORD_CREATE_DATE, RECORD_UPDATE_DATE, RECORD_UPDATED_BY, TENANT_TYPE]]]>
  </system-out>
  <testcase classname="testcases.RAW_DATAMART_CURATED.SnowFlake_ColumnValidation_BKPTables" name="validateColumnName_BKP" time="2.464"/>
  <system-out>
    <![CDATA[Executing Snowflake query :: SELECT COLUMN_NAME FROM DEV_ENT_RAW.INFORMATION_SCHEMA.COLUMNS WHERE TABLE_NAME='ESTIMATEITEM'and TABLE_SCHEMA='ST_HUTCHINSON_MATILLION'
Executing Snowflake query :: SELECT COLUMN_NAME FROM CURATED_DATAMART.INFORMATION_SCHEMA.COLUMNS WHERE TABLE_NAME='STR_ESTIMATEITEM'and TABLE_SCHEMA='ST_BKP_HUTCHINSON'
Executing Snowflake query :: SELECT COLUMN_NAME FROM DEV_ENT_CURATED.INFORMATION_SCHEMA.COLUMNS WHERE TABLE_NAME='DIM_ESTIMATEITEM'and TABLE_SCHEMA='MASTER_DIMENSIONS'
Column names for RAW Table --> ESTIMATEITEM :: [ACTIVE, CHARGEABLE, CREATEDBY_ID, INVOICEITEM_ID, ITEMGROUPROOT_ID, EQUIPMENT_ID, TOTAL, ADDONFLATAMOUNT, COST, PROJECTORDER, COSTOFSALEACCOUNT_ID, ESTIMATE_ID, ISNOTGOINGTOBEDONE, PAYSSOLDBYRATE, ORDER, PROJECTLABELS, TAXABLE, ACCOUNT, SCHEDULEDFLATAMOUNT, CREATEDON, TOTALCOST, SKUREFERENCE_SKUTYPE, SOLDBY_ID, MEMBERSHIPDURATION, IMPORTID, INSTALLEDEQUIPMENT_ID, ISHIDDENFROMCUSTOMER, MARKUP, MEMBERSHIPBILLINGFREQUENCY, PARENTITEM_ID, PRICEMODIFIER_ID, STANDARDPRICE, ALLOWDISCOUNTS, AUTOGLASSITEM_ID, DEMANDSTATUS, DESCRIPTION, GENERALLEDGERACCOUNT_ID, ID, MODIFIEDON, PAYSFLATAMOUNT, RENEWABLEMEMBERSHIP_ID, UNITPRICE, ISADDON, QUANTITY, ITEMGROUPNAME, MEMBERPRICE, SKUREFERENCE_SKUID, CREATEDFROM_ID, SKU_ID, LASTUNITPRICESETBYEMPLOYEE]
Column names for DataMart Table --> STR_ESTIMATEITEM :: [DESCRIPTION, IMPORTID, INVOICEITEM_ID, LASTUNITPRICESETBYEMPLOYEE, RECORD_CREATE_DATE, GENERALLEDGERACCOUNT_ID, PARENTITEM_ID, ACCOUNT, CHARGEABLE, CREATEDBY_ID, RECORD_UPDATE_DATE, SOLDBY_ID, ISADDON, SCHEDULEDFLATAMOUNT, ADDONFLATAMOUNT, ISNOTGOINGTOBEDONE, TAXABLE, ACTIVE_FLAG, ISHIDDENFROMCUSTOMER, MODIFIEDON, CREATEDFROM_ID, ACTIVE, CREATEDON, MEMBERSHIPBILLINGFREQUENCY, QUANTITY, SKUREFERENCE_SKUID, TENANT_TYPE, SKU_ID, MARKUP, ITEMGROUPROOT_ID, AUTOGLASSITEM_ID, ID, MEMBERSHIPDURATION, TOTAL, MASTER_ID, PAYSFLATAMOUNT, ORDER, ALLOWDISCOUNTS, EQUIPMENT_ID, INSTALLEDEQUIPMENT_ID, PRICEMODIFIER_ID, PROJECTLABELS, UNITPRICE, COST, ITEMGROUPNAME, PROJECTORDER, STANDARDPRICE, SKUREFERENCE_SKUTYPE, COSTOFSALEACCOUNT_ID, DEMANDSTATUS, MEMBERPRICE, PAYSSOLDBYRATE, ESTIMATE_ID, TOTALCOST, RENEWABLEMEMBERSHIP_ID]
Column names for Curated Table --> DIM_ESTIMATEITEM :: [CREATEDON, DEMANDSTATUS, MEMBERPRICE, MEMBERSHIPBILLINGFREQUENCY, MEMBERSHIPDURATION, SKUREFERENCE_SKUTYPE, ADDONFLATAMOUNT, AUTOGLASSITEM_ID, COST, ID, PAYSSOLDBYRATE, STANDARDPRICE, TENANT_TYPE, TOTAL, RECORD_CREATE_DATE, ITEMGROUPROOT_ID, PARENTITEM_ID, ORDER, PROJECTLABELS, SOLDBY_ID, PROJECTORDER, ACTIVE, ALLOWDISCOUNTS, CREATEDFROM_ID, DESCRIPTION, ESTIMATE_ID, MARKUP, ISADDON, CREATEDBY_ID, GENERALLEDGERACCOUNT_ID, INVOICEITEM_ID, PRICEMODIFIER_ID, RECORD_UPDATED_BY, SKUREFERENCE_SKUID, QUANTITY, CHARGEABLE, ISHIDDENFROMCUSTOMER, SKU_ID, COSTOFSALEACCOUNT_ID, ISNOTGOINGTOBEDONE, TOTALCOST, INSTALLEDEQUIPMENT_ID, ITEMGROUPNAME, PAYSFLATAMOUNT, TAXABLE, SCHEDULEDFLATAMOUNT, ACCOUNT, EQUIPMENT_ID, LASTUNITPRICESETBYEMPLOYEE, RENEWABLEMEMBERSHIP_ID, IMPORTID, RECORD_UPDATE_DATE, UNITPRICE, MODIFIEDON]
Column Name found in Datamart and Curated Table :: ACTIVE
Column Name found in Datamart and Curated Table :: CHARGEABLE
Column Name found in Datamart and Curated Table :: CREATEDBY_ID
Column Name found in Datamart and Curated Table :: INVOICEITEM_ID
Column Name found in Datamart and Curated Table :: ITEMGROUPROOT_ID
Column Name found in Datamart and Curated Table :: EQUIPMENT_ID
Column Name found in Datamart and Curated Table :: TOTAL
Column Name found in Datamart and Curated Table :: ADDONFLATAMOUNT
Column Name found in Datamart and Curated Table :: COST
Column Name found in Datamart and Curated Table :: PROJECTORDER
Column Name found in Datamart and Curated Table :: COSTOFSALEACCOUNT_ID
Column Name found in Datamart and Curated Table :: ESTIMATE_ID
Column Name found in Datamart and Curated Table :: ISNOTGOINGTOBEDONE
Column Name found in Datamart and Curated Table :: PAYSSOLDBYRATE
Column Name found in Datamart and Curated Table :: ORDER
Column Name found in Datamart and Curated Table :: PROJECTLABELS
Column Name found in Datamart and Curated Table :: TAXABLE
Column Name found in Datamart and Curated Table :: ACCOUNT
Column Name found in Datamart and Curated Table :: SCHEDULEDFLATAMOUNT
Column Name found in Datamart and Curated Table :: CREATEDON
Column Name found in Datamart and Curated Table :: TOTALCOST
Column Name found in Datamart and Curated Table :: SKUREFERENCE_SKUTYPE
Column Name found in Datamart and Curated Table :: SOLDBY_ID
Column Name found in Datamart and Curated Table :: MEMBERSHIPDURATION
Column Name found in Datamart and Curated Table :: IMPORTID
Column Name found in Datamart and Curated Table :: INSTALLEDEQUIPMENT_ID
Column Name found in Datamart and Curated Table :: ISHIDDENFROMCUSTOMER
Column Name found in Datamart and Curated Table :: MARKUP
Column Name found in Datamart and Curated Table :: MEMBERSHIPBILLINGFREQUENCY
Column Name found in Datamart and Curated Table :: PARENTITEM_ID
Column Name found in Datamart and Curated Table :: PRICEMODIFIER_ID
Column Name found in Datamart and Curated Table :: STANDARDPRICE
Column Name found in Datamart and Curated Table :: ALLOWDISCOUNTS
Column Name found in Datamart and Curated Table :: AUTOGLASSITEM_ID
Column Name found in Datamart and Curated Table :: DEMANDSTATUS
Column Name found in Datamart and Curated Table :: DESCRIPTION
Column Name found in Datamart and Curated Table :: GENERALLEDGERACCOUNT_ID
Column Name found in Datamart and Curated Table :: ID
Column Name found in Datamart and Curated Table :: MODIFIEDON
Column Name found in Datamart and Curated Table :: PAYSFLATAMOUNT
Column Name found in Datamart and Curated Table :: RENEWABLEMEMBERSHIP_ID
Column Name found in Datamart and Curated Table :: UNITPRICE
Column Name found in Datamart and Curated Table :: ISADDON
Column Name found in Datamart and Curated Table :: QUANTITY
Column Name found in Datamart and Curated Table :: ITEMGROUPNAME
Column Name found in Datamart and Curated Table :: MEMBERPRICE
Column Name found in Datamart and Curated Table :: SKUREFERENCE_SKUID
Column Name found in Datamart and Curated Table :: CREATEDFROM_ID
Column Name found in Datamart and Curated Table :: SKU_ID
Column Name found in Datamart and Curated Table :: LASTUNITPRICESETBYEMPLOYEE
Datamart tables contains additional column name like [ACTIVE_FLAG, RECORD_CREATE_DATE, RECORD_UPDATE_DATE, RECORD_UPDATE_DATE, MASTER_ID, TENANT_TYPE]
Curated tables contains additional column name like [RECORD_CREATE_DATE, RECORD_UPDATE_DATE, RECORD_UPDATED_BY, TENANT_TYPE]]]>
  </system-out>
  <testcase classname="testcases.RAW_DATAMART_CURATED.SnowFlake_ColumnValidation_BKPTables" name="validateColumnName_BKP" time="2.562"/>
  <system-out>
    <![CDATA[Executing Snowflake query :: SELECT COLUMN_NAME FROM DEV_ENT_RAW.INFORMATION_SCHEMA.COLUMNS WHERE TABLE_NAME='VENDOR'and TABLE_SCHEMA='ST_GOLDMEDAL_MATILLION'
Executing Snowflake query :: SELECT COLUMN_NAME FROM CURATED_DATAMART.INFORMATION_SCHEMA.COLUMNS WHERE TABLE_NAME='STR_VENDOR'and TABLE_SCHEMA='ST_BKP_GOLDMEDAL'
Executing Snowflake query :: SELECT COLUMN_NAME FROM DEV_ENT_CURATED.INFORMATION_SCHEMA.COLUMNS WHERE TABLE_NAME='DIM_VENDOR'and TABLE_SCHEMA='MASTER_DIMENSIONS'
Column names for RAW Table --> VENDOR :: [VENDORADDRESS_LATITUDE, VENDORADDRESS_CITY, VENDORADDRESS_ISMILITARY, ADDRESS, ID, ISTRUCKREPLENISHMENT, VENDORADDRESS_ISMANUALCOORDINATES, ACTIVE, FAX, IMPORTID, VENDORADDRESS_STREET, EMAIL, NAME, VENDORADDRESS_UNIT, LASTNAME, TAXRATE, CREATEDBY_ID, FIRSTNAME, PHONE, REMITTANCEVENDOR_ID, VENDORADDRESS_STATE, VENDORQUICKBOOKSITEM, MEMO, MODIFIEDON, PAYMENTTERM_ID, RESTRICTEDMOBILECREATION, VENDORADDRESS_LONGITUDE, CREATEDON, DELIVERYOPTION, EXTERNALID, VENDORADDRESS_COUNTRY, VENDORADDRESS_ZIP]
Column names for DataMart Table --> STR_VENDOR :: [MODIFIEDON, PHONE, VENDORADDRESS_ZIP, EMAIL, EXTERNALID, MEMO, VENDORADDRESS_ISMILITARY, MASTER_ID, VENDORADDRESS_LONGITUDE, FIRSTNAME, PAYMENTTERM_ID, RECORD_CREATE_DATE, VENDORADDRESS_ISMANUALCOORDINATES, VENDORADDRESS_LATITUDE, DELIVERYOPTION, FAX, VENDORADDRESS_CITY, VENDORQUICKBOOKSITEM, CREATEDON, ISTRUCKREPLENISHMENT, LASTNAME, NAME, RECORD_UPDATE_DATE, TAXRATE, VENDORADDRESS_UNIT, REMITTANCEVENDOR_ID, ACTIVE, ACTIVE_FLAG, CREATEDBY_ID, RESTRICTEDMOBILECREATION, VENDORADDRESS_STATE, ADDRESS, IMPORTID, TENANT_TYPE, ID, VENDORADDRESS_COUNTRY, VENDORADDRESS_STREET]
Column names for Curated Table --> DIM_VENDOR :: [DELIVERYOPTION, EXTERNALID, VENDORADDRESS_LATITUDE, VENDORADDRESS_ISMILITARY, VENDORADDRESS_STREET, EMAIL, ID, MEMO, PHONE, TAXRATE, VENDORADDRESS_ZIP, VENDORADDRESS_CITY, ACTIVE, ADDRESS, FAX, ISTRUCKREPLENISHMENT, VENDORADDRESS_STATE, REMITTANCEVENDOR_ID, FIRSTNAME, NAME, VENDORADDRESS_COUNTRY, LASTNAME, RECORD_UPDATE_DATE, VENDORADDRESS_UNIT, MODIFIEDON, CREATEDBY_ID, RECORD_CREATE_DATE, TENANT_TYPE, VENDORADDRESS_LONGITUDE, CREATEDON, IMPORTID, VENDORADDRESS_ISMANUALCOORDINATES, RESTRICTEDMOBILECREATION, PAYMENTTERM_ID, RECORD_UPDATED_BY, VENDORQUICKBOOKSITEM]
Column Name found in Datamart and Curated Table :: VENDORADDRESS_LATITUDE
Column Name found in Datamart and Curated Table :: VENDORADDRESS_CITY
Column Name found in Datamart and Curated Table :: VENDORADDRESS_ISMILITARY
Column Name found in Datamart and Curated Table :: ADDRESS
Column Name found in Datamart and Curated Table :: ID
Column Name found in Datamart and Curated Table :: ISTRUCKREPLENISHMENT
Column Name found in Datamart and Curated Table :: VENDORADDRESS_ISMANUALCOORDINATES
Column Name found in Datamart and Curated Table :: ACTIVE
Column Name found in Datamart and Curated Table :: FAX
Column Name found in Datamart and Curated Table :: IMPORTID
Column Name found in Datamart and Curated Table :: VENDORADDRESS_STREET
Column Name found in Datamart and Curated Table :: EMAIL
Column Name found in Datamart and Curated Table :: NAME
Column Name found in Datamart and Curated Table :: VENDORADDRESS_UNIT
Column Name found in Datamart and Curated Table :: LASTNAME
Column Name found in Datamart and Curated Table :: TAXRATE
Column Name found in Datamart and Curated Table :: CREATEDBY_ID
Column Name found in Datamart and Curated Table :: FIRSTNAME
Column Name found in Datamart and Curated Table :: PHONE
Column Name found in Datamart and Curated Table :: REMITTANCEVENDOR_ID
Column Name found in Datamart and Curated Table :: VENDORADDRESS_STATE
Column Name found in Datamart and Curated Table :: VENDORQUICKBOOKSITEM
Column Name found in Datamart and Curated Table :: MEMO
Column Name found in Datamart and Curated Table :: MODIFIEDON
Column Name found in Datamart and Curated Table :: PAYMENTTERM_ID
Column Name found in Datamart and Curated Table :: RESTRICTEDMOBILECREATION
Column Name found in Datamart and Curated Table :: VENDORADDRESS_LONGITUDE
Column Name found in Datamart and Curated Table :: CREATEDON
Column Name found in Datamart and Curated Table :: DELIVERYOPTION
Column Name found in Datamart and Curated Table :: EXTERNALID
Column Name found in Datamart and Curated Table :: VENDORADDRESS_COUNTRY
Column Name found in Datamart and Curated Table :: VENDORADDRESS_ZIP
Datamart tables contains additional column name like [ACTIVE_FLAG, RECORD_CREATE_DATE, RECORD_UPDATE_DATE, RECORD_UPDATE_DATE, MASTER_ID, TENANT_TYPE]
Curated tables contains additional column name like [RECORD_CREATE_DATE, RECORD_UPDATE_DATE, RECORD_UPDATED_BY, TENANT_TYPE]]]>
  </system-out>
  <testcase classname="testcases.RAW_DATAMART_CURATED.SnowFlake_ColumnValidation_BKPTables" name="validateColumnName_BKP" time="2.921"/>
  <system-out>
    <![CDATA[Executing Snowflake query :: SELECT COLUMN_NAME FROM DEV_ENT_RAW.INFORMATION_SCHEMA.COLUMNS WHERE TABLE_NAME='BUSINESSUNIT'and TABLE_SCHEMA='ST_FOURPROS_MATILLION'
Executing Snowflake query :: SELECT COLUMN_NAME FROM CURATED_DATAMART.INFORMATION_SCHEMA.COLUMNS WHERE TABLE_NAME='STR_BUSINESSUNIT'and TABLE_SCHEMA='ST_BKP_FOURPROS'
Executing Snowflake query :: SELECT COLUMN_NAME FROM DEV_ENT_CURATED.INFORMATION_SCHEMA.COLUMNS WHERE TABLE_NAME='DIM_BUSINESSUNIT'and TABLE_SCHEMA='MASTER_DIMENSIONS'
Column names for RAW Table --> BUSINESSUNIT :: [ADDRESS_STREET, FINANCEITACCOUNTEMAIL, MATERIALSKU_ID, PAYROLLWEIGHTEDOVERTIMEPAYCODE_ID, WORLDPAYACCOUNTID, CREATEDBY_ID, EMAIL, MEALAPPOINTMENT_ID, MINIMUMROYALTYFEE, TRADE_ID, PAYMENTOPTIONS, PAYMENTPROCESSOR, PAYROLLTASKBONUSPAYCODE, ACTIVATIONLOCKED, COMMISSIONCALCULATION, CURRENCY, ESTIMATEAUTHORIZATIONPARAGRAPH, FRANCHISEEINFO_PIVOTALNUMBER, GREENSKYMERCHANTID, NAVISIONOVERTIMEEARNINGCODE, WORLDPAYSUBID, JOBBOOKEDALERTRECIPIENTS, OFFERWORKERSCOMPENSATION, PAYROLLJOBHOURSSTANDARDPAYCODE_ID, PAYROLLJOBHOURSOTPAYCODE, PAYROLLSOLDBYPAYCODENEW, TGLBONUS, ADDRESS_ISMANUALCOORDINATES, FRANCHISEEINFO_TRUCKSOPERATING, INTEGRATEDREFUNDS_ID, INVOICEHEADER, LOGO, NAME, NAVISIONGLCODE, DATA, FINANCEITAUTHTOKEN, NOCHARGE, WARRANTYRATE, LICENSENUMBER, PAYROLLFLATFEEMINIMUM, PAYROLLPERCENTAGEFEE, PAYROLLTYPE, ACTIVE, ADDRESS_STATE, AUTHORIZATIONAGREEMENT_FILENAME, BANKACCOUNTPROCESSOR_ID, BCCEMAIL, CALIFORNIACOMPLIANTCONTRACTDOCUMENTS, OFFERCOMMERCIALGENERALLIABILITY, PAYROLLIDLETIMESTPAYCODE, PAYROLLJOBHOURSDOUBLEOVERTIMEPAYCODE_ID, PAYROLLIDLETIMEDOUBLEOVERTIMEPAYCODE_ID, PAYROLLTURNOVERBONUSPAYCODENEW, ACKNOWLEDGEMENTAGREEMENT_ORIGINALFILENAME, ADDRESS_ISMILITARY, ADDRESS_LATITUDE, ADDRESS_UNIT, ADDRESS_ZIP, CONSTRUCTION, CREDITCARDPROCESSORKEY, DIVISION_ID, DIVISIONNAME, FRANCHISEEINFO_GST, HIDEPRICES, PAYROLLSOLDBYPAYCODE, ENABLEWORKORDERS, FRANCHISEEINFO_COMMENTS, FRANCHISEEINFO_CONTRACT, ID, INVOICEMESSAGE, MATERIALSKUREFERENCE_SKUTYPE, OFFICIALNAME, MATERIALSKUREFERENCE_SKUID, PAYROLLIDLETIMESTANDARDPAYCODE_ID, PAYROLLJOBHOURSSTPAYCODE, PHONENUMBER, ACKNOWLEDGEMENTAGREEMENT_FILENAME, AUTHORIZATIONAGREEMENT_ORIGINALFILENAME, DEFAULTTAXRATE, EXTERNALID, FRANCHISEEINFO_NAME, PAYROLLWEIGHTEDOTPAYCODE, AUTHORIZATIONPARAGRAPH, CREATEDON, GOAL, IMPORTID, INSURANCECOMPANYNAME, NOCHARGECOMMERCIAL, PAYROLLFLATFEE, QUICKBOOKSROOTSALESACCOUNT, POSTDATE, PAYROLLTASKBONUSPAYCODENEW, SERVICEFINANCEDEALERID, ACKNOWLEDGEMENTPARAGRAPH, ADDRESS_COUNTRY, FINANCEITPARTNERID, PAYROLLCOSTMARKUP, CREDITCARDPROCESSORLOGIN, INTACCTENTITY_ID, NOCHARGERESIDENTIAL, OVERTIMEMODE, PAYROLLEXPENSEDEDUCTIONTRIGGER, PAYROLLIDLETIMEOTPAYCODE, QUICKBOOKSOAUTHSETTINGS, SELLERFEE, INSURANCECOMPANYPHONE, TURNOVERMINIMUMTHRESHOLD, TURNSCONTRACTORID, ADDRESS_CITY, ADDRESS_LONGITUDE, CORPORATECONTRACTNUMBER, CREDITCARDPROCESSOR_ID, ENABLEWORKORDERSEQUIPMENTFORMATTING, MODIFIEDON, QUICKBOOKSCLASS, HVACDASHBOARDSECTIONS, PAYROLLIDLETIMEOVERTIMEPAYCODE_ID, PAYROLLINVOICEBONUSPAYCODE_ID, PAYROLLJOBHOURSOVERTIMEPAYCODE_ID, PAYROLLTURNOVERBONUSPAYCODE, SERVICEFINANCEDEALERNAME, PAYROLLPERCENTAGEFEEMINIMUM, THREEDAYCANCELATIONPARAGRAPH, WORLDPAYMERCHANTPIN, NAVISIONSTANDARDTIMEEARNINGCODE]
Column names for DataMart Table --> STR_BUSINESSUNIT :: [CORPORATECONTRACTNUMBER, CREATEDBY_ID, ESTIMATEAUTHORIZATIONPARAGRAPH, INSURANCECOMPANYPHONE, MEALAPPOINTMENT_ID, PAYMENTPROCESSOR, PAYROLLTYPE, IMPORTID, INVOICEHEADER, LICENSENUMBER, LOGO, NAVISIONGLCODE, PAYROLLEXPENSEDEDUCTIONTRIGGER, PAYROLLIDLETIMEOTPAYCODE, HVACDASHBOARDSECTIONS, OFFERWORKERSCOMPENSATION, PAYROLLIDLETIMEDOUBLEOVERTIMEPAYCODE_ID, RECORD_UPDATE_DATE, TURNSCONTRACTORID, QUICKBOOKSROOTSALESACCOUNT, PAYROLLWEIGHTEDOVERTIMEPAYCODE_ID, ACTIVE_FLAG, ADDRESS_COUNTRY, ENABLEWORKORDERS, FRANCHISEEINFO_TRUCKSOPERATING, ID, NAME, PAYROLLTASKBONUSPAYCODE, FINANCEITPARTNERID, HIDEPRICES, MASTER_ID, PHONENUMBER, POSTDATE, SELLERFEE, ADDRESS_STATE, ADDRESS_ZIP, AUTHORIZATIONAGREEMENT_FILENAME, DIVISIONNAME, EMAIL, FINANCEITACCOUNTEMAIL, FRANCHISEEINFO_PIVOTALNUMBER, JOBBOOKEDALERTRECIPIENTS, PAYROLLJOBHOURSDOUBLEOVERTIMEPAYCODE_ID, PAYROLLTURNOVERBONUSPAYCODENEW, INVOICEMESSAGE, MATERIALSKU_ID, TENANT_TYPE, ACKNOWLEDGEMENTAGREEMENT_ORIGINALFILENAME, ADDRESS_ISMANUALCOORDINATES, ADDRESS_STREET, CALIFORNIACOMPLIANTCONTRACTDOCUMENTS, FINANCEITAUTHTOKEN, PAYROLLCOSTMARKUP, ACTIVE, AUTHORIZATIONPARAGRAPH, ENABLEWORKORDERSEQUIPMENTFORMATTING, EXTERNALID, FRANCHISEEINFO_COMMENTS, OFFICIALNAME, OVERTIMEMODE, PAYROLLINVOICEBONUSPAYCODE_ID, TGLBONUS, WORLDPAYACCOUNTID, PAYROLLIDLETIMESTPAYCODE, PAYROLLJOBHOURSSTPAYCODE, PAYROLLSOLDBYPAYCODE, CREDITCARDPROCESSORLOGIN, MINIMUMROYALTYFEE, ACKNOWLEDGEMENTPARAGRAPH, ADDRESS_LONGITUDE, CREATEDON, DEFAULTTAXRATE, COMMISSIONCALCULATION, CREDITCARDPROCESSORKEY, MATERIALSKUREFERENCE_SKUID, NAVISIONOVERTIMEEARNINGCODE, PAYROLLIDLETIMESTANDARDPAYCODE_ID, RECORD_CREATE_DATE, PAYROLLFLATFEE, THREEDAYCANCELATIONPARAGRAPH, NAVISIONSTANDARDTIMEEARNINGCODE, PAYROLLFLATFEEMINIMUM, ADDRESS_ISMILITARY, ADDRESS_UNIT, AUTHORIZATIONAGREEMENT_ORIGINALFILENAME, FRANCHISEEINFO_GST, PAYROLLJOBHOURSOTPAYCODE, PAYROLLPERCENTAGEFEEMINIMUM, QUICKBOOKSCLASS, TURNOVERMINIMUMTHRESHOLD, WORLDPAYMERCHANTPIN, ACKNOWLEDGEMENTAGREEMENT_FILENAME, CREDITCARDPROCESSOR_ID, FRANCHISEEINFO_CONTRACT, MATERIALSKUREFERENCE_SKUTYPE, MODIFIEDON, PAYROLLTURNOVERBONUSPAYCODE, INTEGRATEDREFUNDS_ID, NOCHARGERESIDENTIAL, PAYROLLJOBHOURSOVERTIMEPAYCODE_ID, CONSTRUCTION, PAYROLLSOLDBYPAYCODENEW, BCCEMAIL, ACTIVATIONLOCKED, ADDRESS_CITY, ADDRESS_LATITUDE, BANKACCOUNTPROCESSOR_ID, DATA, DIVISION_ID, FRANCHISEEINFO_NAME, INSURANCECOMPANYNAME, NOCHARGECOMMERCIAL, PAYROLLIDLETIMEOVERTIMEPAYCODE_ID, PAYROLLPERCENTAGEFEE, CURRENCY, GOAL, GREENSKYMERCHANTID, INTACCTENTITY_ID, NOCHARGE, OFFERCOMMERCIALGENERALLIABILITY, PAYROLLJOBHOURSSTANDARDPAYCODE_ID, PAYROLLTASKBONUSPAYCODENEW, QUICKBOOKSOAUTHSETTINGS, SERVICEFINANCEDEALERID, SERVICEFINANCEDEALERNAME, WARRANTYRATE, WORLDPAYSUBID, PAYMENTOPTIONS, PAYROLLWEIGHTEDOTPAYCODE, TRADE_ID]
Column names for Curated Table --> DIM_BUSINESSUNIT :: [ADDRESS_COUNTRY, ADDRESS_STREET, BANKACCOUNTPROCESSOR_ID, MEALAPPOINTMENT_ID, CREATEDBY_ID, DIVISION_ID, OFFERCOMMERCIALGENERALLIABILITY, PAYMENTPROCESSOR, PAYROLLJOBHOURSSTANDARDPAYCODE_ID, PAYROLLSOLDBYPAYCODE, TGLBONUS, NAME, PAYROLLCOSTMARKUP, PAYROLLJOBHOURSDOUBLEOVERTIMEPAYCODE_ID, LICENSENUMBER, LOGO, OVERTIMEMODE, ACKNOWLEDGEMENTAGREEMENT_ORIGINALFILENAME, AUTHORIZATIONPARAGRAPH, FINANCEITPARTNERID, WARRANTYRATE, FINANCEITACCOUNTEMAIL, PAYROLLTYPE, QUICKBOOKSCLASS, QUICKBOOKSOAUTHSETTINGS, GREENSKYMERCHANTID, CREDITCARDPROCESSORKEY, CREDITCARDPROCESSORLOGIN, CREDITCARDPROCESSOR_ID, DEFAULTTAXRATE, FRANCHISEEINFO_COMMENTS, HVACDASHBOARDSECTIONS, MODIFIEDON, WORLDPAYACCOUNTID, PAYROLLIDLETIMEDOUBLEOVERTIMEPAYCODE_ID, TENANT_TYPE, FRANCHISEEINFO_GST, RECORD_CREATE_DATE, NOCHARGE, PAYMENTOPTIONS, PAYROLLPERCENTAGEFEE, PAYROLLSOLDBYPAYCODENEW, ADDRESS_LONGITUDE, ADDRESS_ZIP, CREATEDON, INTEGRATEDREFUNDS_ID, JOBBOOKEDALERTRECIPIENTS, NAVISIONOVERTIMEEARNINGCODE, PAYROLLINVOICEBONUSPAYCODE_ID, ACTIVE, ADDRESS_STATE, AUTHORIZATIONAGREEMENT_ORIGINALFILENAME, ENABLEWORKORDERS, MATERIALSKU_ID, NAVISIONSTANDARDTIMEEARNINGCODE, PAYROLLJOBHOURSSTPAYCODE, POSTDATE, ADDRESS_ISMILITARY, ADDRESS_LATITUDE, ADDRESS_UNIT, CALIFORNIACOMPLIANTCONTRACTDOCUMENTS, ENABLEWORKORDERSEQUIPMENTFORMATTING, HIDEPRICES, INVOICEHEADER, COMMISSIONCALCULATION, EMAIL, FRANCHISEEINFO_TRUCKSOPERATING, PAYROLLIDLETIMESTANDARDPAYCODE_ID, PAYROLLIDLETIMESTPAYCODE, TRADE_ID, AUTHORIZATIONAGREEMENT_FILENAME, SERVICEFINANCEDEALERID, WORLDPAYMERCHANTPIN, BCCEMAIL, OFFERWORKERSCOMPENSATION, NAVISIONGLCODE, WORLDPAYSUBID, ACKNOWLEDGEMENTAGREEMENT_FILENAME, ACTIVATIONLOCKED, DIVISIONNAME, FINANCEITAUTHTOKEN, FRANCHISEEINFO_PIVOTALNUMBER, INSURANCECOMPANYNAME, PAYROLLWEIGHTEDOVERTIMEPAYCODE_ID, TURNSCONTRACTORID, FRANCHISEEINFO_NAME, MINIMUMROYALTYFEE, PAYROLLEXPENSEDEDUCTIONTRIGGER, PAYROLLPERCENTAGEFEEMINIMUM, RECORD_UPDATED_BY, SERVICEFINANCEDEALERNAME, ESTIMATEAUTHORIZATIONPARAGRAPH, TURNOVERMINIMUMTHRESHOLD, PAYROLLIDLETIMEOVERTIMEPAYCODE_ID, RECORD_UPDATE_DATE, ACKNOWLEDGEMENTPARAGRAPH, ADDRESS_ISMANUALCOORDINATES, INVOICEMESSAGE, MATERIALSKUREFERENCE_SKUID, MATERIALSKUREFERENCE_SKUTYPE, PAYROLLIDLETIMEOTPAYCODE, PAYROLLJOBHOURSOTPAYCODE, PAYROLLJOBHOURSOVERTIMEPAYCODE_ID, CONSTRUCTION, CORPORATECONTRACTNUMBER, DATA, NOCHARGECOMMERCIAL, NOCHARGERESIDENTIAL, PAYROLLTASKBONUSPAYCODE, PAYROLLTASKBONUSPAYCODENEW, QUICKBOOKSROOTSALESACCOUNT, ID, PAYROLLTURNOVERBONUSPAYCODENEW, ADDRESS_CITY, CURRENCY, GOAL, IMPORTID, INSURANCECOMPANYPHONE, PAYROLLTURNOVERBONUSPAYCODE, OFFICIALNAME, PAYROLLFLATFEE, PHONENUMBER, SELLERFEE, THREEDAYCANCELATIONPARAGRAPH, FRANCHISEEINFO_CONTRACT, PAYROLLFLATFEEMINIMUM, PAYROLLWEIGHTEDOTPAYCODE, INTACCTENTITY_ID, EXTERNALID]
Column Name found in Datamart and Curated Table :: ADDRESS_STREET
Column Name found in Datamart and Curated Table :: FINANCEITACCOUNTEMAIL
Column Name found in Datamart and Curated Table :: MATERIALSKU_ID
Column Name found in Datamart and Curated Table :: PAYROLLWEIGHTEDOVERTIMEPAYCODE_ID
Column Name found in Datamart and Curated Table :: WORLDPAYACCOUNTID
Column Name found in Datamart and Curated Table :: CREATEDBY_ID
Column Name found in Datamart and Curated Table :: EMAIL
Column Name found in Datamart and Curated Table :: MEALAPPOINTMENT_ID
Column Name found in Datamart and Curated Table :: MINIMUMROYALTYFEE
Column Name found in Datamart and Curated Table :: TRADE_ID
Column Name found in Datamart and Curated Table :: PAYMENTOPTIONS
Column Name found in Datamart and Curated Table :: PAYMENTPROCESSOR
Column Name found in Datamart and Curated Table :: PAYROLLTASKBONUSPAYCODE
Column Name found in Datamart and Curated Table :: ACTIVATIONLOCKED
Column Name found in Datamart and Curated Table :: COMMISSIONCALCULATION
Column Name found in Datamart and Curated Table :: CURRENCY
Column Name found in Datamart and Curated Table :: ESTIMATEAUTHORIZATIONPARAGRAPH
Column Name found in Datamart and Curated Table :: FRANCHISEEINFO_PIVOTALNUMBER
Column Name found in Datamart and Curated Table :: GREENSKYMERCHANTID
Column Name found in Datamart and Curated Table :: NAVISIONOVERTIMEEARNINGCODE
Column Name found in Datamart and Curated Table :: WORLDPAYSUBID
Column Name found in Datamart and Curated Table :: JOBBOOKEDALERTRECIPIENTS
Column Name found in Datamart and Curated Table :: OFFERWORKERSCOMPENSATION
Column Name found in Datamart and Curated Table :: PAYROLLJOBHOURSSTANDARDPAYCODE_ID
Column Name found in Datamart and Curated Table :: PAYROLLJOBHOURSOTPAYCODE
Column Name found in Datamart and Curated Table :: PAYROLLSOLDBYPAYCODENEW
Column Name found in Datamart and Curated Table :: TGLBONUS
Column Name found in Datamart and Curated Table :: ADDRESS_ISMANUALCOORDINATES
Column Name found in Datamart and Curated Table :: FRANCHISEEINFO_TRUCKSOPERATING
Column Name found in Datamart and Curated Table :: INTEGRATEDREFUNDS_ID
Column Name found in Datamart and Curated Table :: INVOICEHEADER
Column Name found in Datamart and Curated Table :: LOGO
Column Name found in Datamart and Curated Table :: NAME
Column Name found in Datamart and Curated Table :: NAVISIONGLCODE
Column Name found in Datamart and Curated Table :: DATA
Column Name found in Datamart and Curated Table :: FINANCEITAUTHTOKEN
Column Name found in Datamart and Curated Table :: NOCHARGE
Column Name found in Datamart and Curated Table :: WARRANTYRATE
Column Name found in Datamart and Curated Table :: LICENSENUMBER
Column Name found in Datamart and Curated Table :: PAYROLLFLATFEEMINIMUM
Column Name found in Datamart and Curated Table :: PAYROLLPERCENTAGEFEE
Column Name found in Datamart and Curated Table :: PAYROLLTYPE
Column Name found in Datamart and Curated Table :: ACTIVE
Column Name found in Datamart and Curated Table :: ADDRESS_STATE
Column Name found in Datamart and Curated Table :: AUTHORIZATIONAGREEMENT_FILENAME
Column Name found in Datamart and Curated Table :: BANKACCOUNTPROCESSOR_ID
Column Name found in Datamart and Curated Table :: BCCEMAIL
Column Name found in Datamart and Curated Table :: CALIFORNIACOMPLIANTCONTRACTDOCUMENTS
Column Name found in Datamart and Curated Table :: OFFERCOMMERCIALGENERALLIABILITY
Column Name found in Datamart and Curated Table :: PAYROLLIDLETIMESTPAYCODE
Column Name found in Datamart and Curated Table :: PAYROLLJOBHOURSDOUBLEOVERTIMEPAYCODE_ID
Column Name found in Datamart and Curated Table :: PAYROLLIDLETIMEDOUBLEOVERTIMEPAYCODE_ID
Column Name found in Datamart and Curated Table :: PAYROLLTURNOVERBONUSPAYCODENEW
Column Name found in Datamart and Curated Table :: ACKNOWLEDGEMENTAGREEMENT_ORIGINALFILENAME
Column Name found in Datamart and Curated Table :: ADDRESS_ISMILITARY
Column Name found in Datamart and Curated Table :: ADDRESS_LATITUDE
Column Name found in Datamart and Curated Table :: ADDRESS_UNIT
Column Name found in Datamart and Curated Table :: ADDRESS_ZIP
Column Name found in Datamart and Curated Table :: CONSTRUCTION
Column Name found in Datamart and Curated Table :: CREDITCARDPROCESSORKEY
Column Name found in Datamart and Curated Table :: DIVISION_ID
Column Name found in Datamart and Curated Table :: DIVISIONNAME
Column Name found in Datamart and Curated Table :: FRANCHISEEINFO_GST
Column Name found in Datamart and Curated Table :: HIDEPRICES
Column Name found in Datamart and Curated Table :: PAYROLLSOLDBYPAYCODE
Column Name found in Datamart and Curated Table :: ENABLEWORKORDERS
Column Name found in Datamart and Curated Table :: FRANCHISEEINFO_COMMENTS
Column Name found in Datamart and Curated Table :: FRANCHISEEINFO_CONTRACT
Column Name found in Datamart and Curated Table :: ID
Column Name found in Datamart and Curated Table :: INVOICEMESSAGE
Column Name found in Datamart and Curated Table :: MATERIALSKUREFERENCE_SKUTYPE
Column Name found in Datamart and Curated Table :: OFFICIALNAME
Column Name found in Datamart and Curated Table :: MATERIALSKUREFERENCE_SKUID
Column Name found in Datamart and Curated Table :: PAYROLLIDLETIMESTANDARDPAYCODE_ID
Column Name found in Datamart and Curated Table :: PAYROLLJOBHOURSSTPAYCODE
Column Name found in Datamart and Curated Table :: PHONENUMBER
Column Name found in Datamart and Curated Table :: ACKNOWLEDGEMENTAGREEMENT_FILENAME
Column Name found in Datamart and Curated Table :: AUTHORIZATIONAGREEMENT_ORIGINALFILENAME
Column Name found in Datamart and Curated Table :: DEFAULTTAXRATE
Column Name found in Datamart and Curated Table :: EXTERNALID
Column Name found in Datamart and Curated Table :: FRANCHISEEINFO_NAME
Column Name found in Datamart and Curated Table :: PAYROLLWEIGHTEDOTPAYCODE
Column Name found in Datamart and Curated Table :: AUTHORIZATIONPARAGRAPH
Column Name found in Datamart and Curated Table :: CREATEDON
Column Name found in Datamart and Curated Table :: GOAL
Column Name found in Datamart and Curated Table :: IMPORTID
Column Name found in Datamart and Curated Table :: INSURANCECOMPANYNAME
Column Name found in Datamart and Curated Table :: NOCHARGECOMMERCIAL
Column Name found in Datamart and Curated Table :: PAYROLLFLATFEE
Column Name found in Datamart and Curated Table :: QUICKBOOKSROOTSALESACCOUNT
Column Name found in Datamart and Curated Table :: POSTDATE
Column Name found in Datamart and Curated Table :: PAYROLLTASKBONUSPAYCODENEW
Column Name found in Datamart and Curated Table :: SERVICEFINANCEDEALERID
Column Name found in Datamart and Curated Table :: ACKNOWLEDGEMENTPARAGRAPH
Column Name found in Datamart and Curated Table :: ADDRESS_COUNTRY
Column Name found in Datamart and Curated Table :: FINANCEITPARTNERID
Column Name found in Datamart and Curated Table :: PAYROLLCOSTMARKUP
Column Name found in Datamart and Curated Table :: CREDITCARDPROCESSORLOGIN
Column Name found in Datamart and Curated Table :: INTACCTENTITY_ID
Column Name found in Datamart and Curated Table :: NOCHARGERESIDENTIAL
Column Name found in Datamart and Curated Table :: OVERTIMEMODE
Column Name found in Datamart and Curated Table :: PAYROLLEXPENSEDEDUCTIONTRIGGER
Column Name found in Datamart and Curated Table :: PAYROLLIDLETIMEOTPAYCODE
Column Name found in Datamart and Curated Table :: QUICKBOOKSOAUTHSETTINGS
Column Name found in Datamart and Curated Table :: SELLERFEE
Column Name found in Datamart and Curated Table :: INSURANCECOMPANYPHONE
Column Name found in Datamart and Curated Table :: TURNOVERMINIMUMTHRESHOLD
Column Name found in Datamart and Curated Table :: TURNSCONTRACTORID
Column Name found in Datamart and Curated Table :: ADDRESS_CITY
Column Name found in Datamart and Curated Table :: ADDRESS_LONGITUDE
Column Name found in Datamart and Curated Table :: CORPORATECONTRACTNUMBER
Column Name found in Datamart and Curated Table :: CREDITCARDPROCESSOR_ID
Column Name found in Datamart and Curated Table :: ENABLEWORKORDERSEQUIPMENTFORMATTING
Column Name found in Datamart and Curated Table :: MODIFIEDON
Column Name found in Datamart and Curated Table :: QUICKBOOKSCLASS
Column Name found in Datamart and Curated Table :: HVACDASHBOARDSECTIONS
Column Name found in Datamart and Curated Table :: PAYROLLIDLETIMEOVERTIMEPAYCODE_ID
Column Name found in Datamart and Curated Table :: PAYROLLINVOICEBONUSPAYCODE_ID
Column Name found in Datamart and Curated Table :: PAYROLLJOBHOURSOVERTIMEPAYCODE_ID
Column Name found in Datamart and Curated Table :: PAYROLLTURNOVERBONUSPAYCODE
Column Name found in Datamart and Curated Table :: SERVICEFINANCEDEALERNAME
Column Name found in Datamart and Curated Table :: PAYROLLPERCENTAGEFEEMINIMUM
Column Name found in Datamart and Curated Table :: THREEDAYCANCELATIONPARAGRAPH
Column Name found in Datamart and Curated Table :: WORLDPAYMERCHANTPIN
Column Name found in Datamart and Curated Table :: NAVISIONSTANDARDTIMEEARNINGCODE
Datamart tables contains additional column name like [ACTIVE_FLAG, RECORD_CREATE_DATE, RECORD_UPDATE_DATE, RECORD_UPDATE_DATE, MASTER_ID, TENANT_TYPE]
Curated tables contains additional column name like [RECORD_CREATE_DATE, RECORD_UPDATE_DATE, RECORD_UPDATED_BY, TENANT_TYPE]]]>
  </system-out>
  <testcase classname="testcases.RAW_DATAMART_CURATED.SnowFlake_ColumnValidation_BKPTables" name="validateColumnName_BKP" time="2.059"/>
  <system-out>
    <![CDATA[Executing Snowflake query :: SELECT COLUMN_NAME FROM DEV_ENT_RAW.INFORMATION_SCHEMA.COLUMNS WHERE TABLE_NAME='CALLREASON'and TABLE_SCHEMA='ST_HDAIR_MATILLION'
Executing Snowflake query :: SELECT COLUMN_NAME FROM CURATED_DATAMART.INFORMATION_SCHEMA.COLUMNS WHERE TABLE_NAME='STR_CALLREASON'and TABLE_SCHEMA='ST_BKP_HDAIR'
Executing Snowflake query :: SELECT COLUMN_NAME FROM DEV_ENT_CURATED.INFORMATION_SCHEMA.COLUMNS WHERE TABLE_NAME='DIM_CALLREASON'and TABLE_SCHEMA='MASTER_DIMENSIONS'
Column names for RAW Table --> CALLREASON :: [LEAD, CREATEDBY_ID, ID, IMPORTID, MODIFIEDON, NAME, CREATEDON, ACTIVE]
Column names for DataMart Table --> STR_CALLREASON :: [ACTIVE, TENANT_TYPE, CREATEDBY_ID, NAME, MASTER_ID, LEAD, CREATEDON, MODIFIEDON, RECORD_UPDATE_DATE, ACTIVE_FLAG, ID, IMPORTID, RECORD_CREATE_DATE]
Column names for Curated Table --> DIM_CALLREASON :: [CREATEDBY_ID, RECORD_CREATE_DATE, MODIFIEDON, LEAD, RECORD_UPDATED_BY, ACTIVE, ID, CREATEDON, IMPORTID, NAME, TENANT_TYPE, RECORD_UPDATE_DATE]
Column Name found in Datamart and Curated Table :: LEAD
Column Name found in Datamart and Curated Table :: CREATEDBY_ID
Column Name found in Datamart and Curated Table :: ID
Column Name found in Datamart and Curated Table :: IMPORTID
Column Name found in Datamart and Curated Table :: MODIFIEDON
Column Name found in Datamart and Curated Table :: NAME
Column Name found in Datamart and Curated Table :: CREATEDON
Column Name found in Datamart and Curated Table :: ACTIVE
Datamart tables contains additional column name like [ACTIVE_FLAG, RECORD_CREATE_DATE, RECORD_UPDATE_DATE, RECORD_UPDATE_DATE, MASTER_ID, TENANT_TYPE]
Curated tables contains additional column name like [RECORD_CREATE_DATE, RECORD_UPDATE_DATE, RECORD_UPDATED_BY, TENANT_TYPE]]]>
  </system-out>
  <testcase classname="testcases.RAW_DATAMART_CURATED.SnowFlake_ColumnValidation_BKPTables" name="validateColumnName_BKP" time="2.418"/>
  <system-out>
    <![CDATA[Executing Snowflake query :: SELECT COLUMN_NAME FROM DEV_ENT_RAW.INFORMATION_SCHEMA.COLUMNS WHERE TABLE_NAME='CALL'and TABLE_SCHEMA='ST_BILLFENWICK_MATILLION'
Executing Snowflake query :: SELECT COLUMN_NAME FROM CURATED_DATAMART.INFORMATION_SCHEMA.COLUMNS WHERE TABLE_NAME='STR_CALL'and TABLE_SCHEMA='ST_BKP_BILLFENWICK'
Executing Snowflake query :: SELECT COLUMN_NAME FROM DEV_ENT_CURATED.INFORMATION_SCHEMA.COLUMNS WHERE TABLE_NAME='DIM_CALL'and TABLE_SCHEMA='MASTER_DIMENSIONS'
Column names for RAW Table --> CALL :: [AGENT_ID, ID, RECORDINGID, SID, WONTREVIEW, TYPE, CONVERSIONSCORE, CREATEDON, DURATION, FROM, REVIEWINGBY_ID, TAG, REASON_ID, DIRECTION, EXCUSEMEMO, FOLLOWUP_ID, LOCATION_ID, STATUS, ESTIMATE_ID, RECORDINGPATH, VOICEMAILPATH, CREATEDBY_ID, LEAD_ID, IMPORTID, REVIEWEDBY_ID, TO, ACTIVE, CAMPAIGN_ID, CUSTOMER_ID, MODIFIEDON, RECORDINGURL, JOB_ID, CALLSERVICE]
Column names for DataMart Table --> STR_CALL :: [DURATION, JOB_ID, STATUS, REVIEWINGBY_ID, CALLSERVICE, CREATEDON, REASON_ID, RECORDINGPATH, CAMPAIGN_ID, SID, TO, ID, RECORDINGID, VOICEMAILPATH, FOLLOWUP_ID, IMPORTID, MODIFIEDON, ACTIVE_FLAG, EXCUSEMEMO, FROM, LOCATION_ID, REVIEWEDBY_ID, CUSTOMER_ID, DIRECTION, RECORD_UPDATE_DATE, WONTREVIEW, AGENT_ID, CONVERSIONSCORE, ESTIMATE_ID, RECORDINGURL, ACTIVE, CREATEDBY_ID, LEAD_ID, MASTER_ID, RECORD_CREATE_DATE, TAG, TENANT_TYPE, TYPE]
Column names for Curated Table --> DIM_CALL :: [ESTIMATE_ID, REASON_ID, WONTREVIEW, AGENT_ID, DIRECTION, FOLLOWUP_ID, LOCATION_ID, RECORDINGID, TAG, TYPE, CUSTOMER_ID, LEAD_ID, RECORDINGPATH, VOICEMAILPATH, STATUS, CONVERSIONSCORE, FROM, CREATEDBY_ID, DURATION, TENANT_TYPE, ACTIVE, CALLSERVICE, CAMPAIGN_ID, ID, RECORDINGURL, RECORD_UPDATE_DATE, RECORD_CREATE_DATE, JOB_ID, REVIEWEDBY_ID, TO, RECORD_UPDATED_BY, REVIEWINGBY_ID, SID, CREATEDON, EXCUSEMEMO, IMPORTID, MODIFIEDON]
Column Name found in Datamart and Curated Table :: AGENT_ID
Column Name found in Datamart and Curated Table :: ID
Column Name found in Datamart and Curated Table :: RECORDINGID
Column Name found in Datamart and Curated Table :: SID
Column Name found in Datamart and Curated Table :: WONTREVIEW
Column Name found in Datamart and Curated Table :: TYPE
Column Name found in Datamart and Curated Table :: CONVERSIONSCORE
Column Name found in Datamart and Curated Table :: CREATEDON
Column Name found in Datamart and Curated Table :: DURATION
Column Name found in Datamart and Curated Table :: FROM
Column Name found in Datamart and Curated Table :: REVIEWINGBY_ID
Column Name found in Datamart and Curated Table :: TAG
Column Name found in Datamart and Curated Table :: REASON_ID
Column Name found in Datamart and Curated Table :: DIRECTION
Column Name found in Datamart and Curated Table :: EXCUSEMEMO
Column Name found in Datamart and Curated Table :: FOLLOWUP_ID
Column Name found in Datamart and Curated Table :: LOCATION_ID
Column Name found in Datamart and Curated Table :: STATUS
Column Name found in Datamart and Curated Table :: ESTIMATE_ID
Column Name found in Datamart and Curated Table :: RECORDINGPATH
Column Name found in Datamart and Curated Table :: VOICEMAILPATH
Column Name found in Datamart and Curated Table :: CREATEDBY_ID
Column Name found in Datamart and Curated Table :: LEAD_ID
Column Name found in Datamart and Curated Table :: IMPORTID
Column Name found in Datamart and Curated Table :: REVIEWEDBY_ID
Column Name found in Datamart and Curated Table :: TO
Column Name found in Datamart and Curated Table :: ACTIVE
Column Name found in Datamart and Curated Table :: CAMPAIGN_ID
Column Name found in Datamart and Curated Table :: CUSTOMER_ID
Column Name found in Datamart and Curated Table :: MODIFIEDON
Column Name found in Datamart and Curated Table :: RECORDINGURL
Column Name found in Datamart and Curated Table :: JOB_ID
Column Name found in Datamart and Curated Table :: CALLSERVICE
Datamart tables contains additional column name like [ACTIVE_FLAG, RECORD_CREATE_DATE, RECORD_UPDATE_DATE, RECORD_UPDATE_DATE, MASTER_ID, TENANT_TYPE]
Curated tables contains additional column name like [RECORD_CREATE_DATE, RECORD_UPDATE_DATE, RECORD_UPDATED_BY, TENANT_TYPE]]]>
  </system-out>
  <testcase classname="testcases.RAW_DATAMART_CURATED.SnowFlake_ColumnValidation_BKPTables" name="validateColumnName_BKP" time="2.144"/>
  <system-out>
    <![CDATA[Executing Snowflake query :: SELECT COLUMN_NAME FROM DEV_ENT_RAW.INFORMATION_SCHEMA.COLUMNS WHERE TABLE_NAME='TAGTYPE'and TABLE_SCHEMA='ST_HDAIR_MATILLION'
Executing Snowflake query :: SELECT COLUMN_NAME FROM CURATED_DATAMART.INFORMATION_SCHEMA.COLUMNS WHERE TABLE_NAME='STR_TAGTYPE'and TABLE_SCHEMA='ST_BKP_HDAIR'
Executing Snowflake query :: SELECT COLUMN_NAME FROM DEV_ENT_CURATED.INFORMATION_SCHEMA.COLUMNS WHERE TABLE_NAME='DIM_TAGTYPE'and TABLE_SCHEMA='MASTER_DIMENSIONS'
Column names for RAW Table --> TAGTYPE :: [ISVISIBLEONDISPATCHBOARD, ACTIVE, FONTCOLOR, IMPORTANCE, MODIFIEDON, IMPORTID, ISALWAYSVISIBLE, ISCONVERSIONOPPORTUNITY, NAME, CREATEDON, ID, CODE, COLOR, CREATEDBY_ID, PROJECTEDVALUEADJUSTMENT]
Column names for DataMart Table --> STR_TAGTYPE :: [ID, IMPORTANCE, MASTER_ID, NAME, RECORD_UPDATE_DATE, MODIFIEDON, ISALWAYSVISIBLE, RECORD_CREATE_DATE, CODE, COLOR, CREATEDBY_ID, FONTCOLOR, PROJECTEDVALUEADJUSTMENT, ISCONVERSIONOPPORTUNITY, ISVISIBLEONDISPATCHBOARD, ACTIVE_FLAG, TENANT_TYPE, ACTIVE, CREATEDON, IMPORTID]
Column names for Curated Table --> DIM_TAGTYPE :: [ACTIVE, CODE, FONTCOLOR, IMPORTANCE, TENANT_TYPE, NAME, CREATEDBY_ID, ID, MODIFIEDON, RECORD_UPDATED_BY, COLOR, CREATEDON, RECORD_UPDATE_DATE, ISCONVERSIONOPPORTUNITY, PROJECTEDVALUEADJUSTMENT, RECORD_CREATE_DATE, ISALWAYSVISIBLE, IMPORTID, ISVISIBLEONDISPATCHBOARD]
Column Name found in Datamart and Curated Table :: ISVISIBLEONDISPATCHBOARD
Column Name found in Datamart and Curated Table :: ACTIVE
Column Name found in Datamart and Curated Table :: FONTCOLOR
Column Name found in Datamart and Curated Table :: IMPORTANCE
Column Name found in Datamart and Curated Table :: MODIFIEDON
Column Name found in Datamart and Curated Table :: IMPORTID
Column Name found in Datamart and Curated Table :: ISALWAYSVISIBLE
Column Name found in Datamart and Curated Table :: ISCONVERSIONOPPORTUNITY
Column Name found in Datamart and Curated Table :: NAME
Column Name found in Datamart and Curated Table :: CREATEDON
Column Name found in Datamart and Curated Table :: ID
Column Name found in Datamart and Curated Table :: CODE
Column Name found in Datamart and Curated Table :: COLOR
Column Name found in Datamart and Curated Table :: CREATEDBY_ID
Column Name found in Datamart and Curated Table :: PROJECTEDVALUEADJUSTMENT
Datamart tables contains additional column name like [ACTIVE_FLAG, RECORD_CREATE_DATE, RECORD_UPDATE_DATE, RECORD_UPDATE_DATE, MASTER_ID, TENANT_TYPE]
Curated tables contains additional column name like [RECORD_CREATE_DATE, RECORD_UPDATE_DATE, RECORD_UPDATED_BY, TENANT_TYPE]]]>
  </system-out>
  <testcase classname="testcases.RAW_DATAMART_CURATED.SnowFlake_ColumnValidation_BKPTables" name="validateColumnName_BKP" time="3.166"/>
  <system-out>
    <![CDATA[Executing Snowflake query :: SELECT COLUMN_NAME FROM DEV_ENT_RAW.INFORMATION_SCHEMA.COLUMNS WHERE TABLE_NAME='CANCELJOBREASON'and TABLE_SCHEMA='ST_HARP_MATILLION'
Executing Snowflake query :: SELECT COLUMN_NAME FROM CURATED_DATAMART.INFORMATION_SCHEMA.COLUMNS WHERE TABLE_NAME='STR_CANCELJOBREASON'and TABLE_SCHEMA='ST_BKP_HARP'
Executing Snowflake query :: SELECT COLUMN_NAME FROM DEV_ENT_CURATED.INFORMATION_SCHEMA.COLUMNS WHERE TABLE_NAME='DIM_CANCELJOBREASON'and TABLE_SCHEMA='MASTER_DIMENSIONS'
Column names for RAW Table --> CANCELJOBREASON :: [ACTIVE, IMPORTID, CREATEDBY_ID, CREATEDON, ID, NAME, MODIFIEDON]
Column names for DataMart Table --> STR_CANCELJOBREASON :: [IMPORTID, ACTIVE_FLAG, MASTER_ID, RECORD_UPDATE_DATE, ID, RECORD_CREATE_DATE, CREATEDON, MODIFIEDON, ACTIVE, NAME, CREATEDBY_ID, TENANT_TYPE]
Column names for Curated Table --> DIM_CANCELJOBREASON :: [ID, IMPORTID, TENANT_TYPE, MODIFIEDON, CREATEDON, RECORD_UPDATED_BY, RECORD_UPDATE_DATE, RECORD_CREATE_DATE, ACTIVE, CREATEDBY_ID, NAME]
Column Name found in Datamart and Curated Table :: ACTIVE
Column Name found in Datamart and Curated Table :: IMPORTID
Column Name found in Datamart and Curated Table :: CREATEDBY_ID
Column Name found in Datamart and Curated Table :: CREATEDON
Column Name found in Datamart and Curated Table :: ID
Column Name found in Datamart and Curated Table :: NAME
Column Name found in Datamart and Curated Table :: MODIFIEDON
Datamart tables contains additional column name like [ACTIVE_FLAG, RECORD_CREATE_DATE, RECORD_UPDATE_DATE, RECORD_UPDATE_DATE, MASTER_ID, TENANT_TYPE]
Curated tables contains additional column name like [RECORD_CREATE_DATE, RECORD_UPDATE_DATE, RECORD_UPDATED_BY, TENANT_TYPE]]]>
  </system-out>
  <testcase classname="testcases.RAW_DATAMART_CURATED.SnowFlake_ColumnValidation_BKPTables" name="validateColumnName_BKP" time="2.052">
    <failure message="The following asserts failed:
	null" type="java.lang.AssertionError">
      <![CDATA[java.lang.AssertionError: The following asserts failed:
null
at org.testng.asserts.SoftAssert.assertAll(SoftAssert.java:47)
at org.testng.asserts.SoftAssert.assertAll(SoftAssert.java:31)
at testcases.RAW_DATAMART_CURATED.SnowFlake_ColumnValidation_BKPTables.validateColumnName_BKP(SnowFlake_ColumnValidation_BKPTables.java:120)
at jdk.internal.reflect.GeneratedMethodAccessor38.invoke(Unknown Source)
at java.base/jdk.internal.reflect.DelegatingMethodAccessorImpl.invoke(DelegatingMethodAccessorImpl.java:43)
at java.base/java.lang.reflect.Method.invoke(Method.java:568)
at org.testng.internal.MethodInvocationHelper.invokeMethod(MethodInvocationHelper.java:133)
at org.testng.internal.TestInvoker.invokeMethod(TestInvoker.java:598)
at org.testng.internal.TestInvoker.invokeTestMethod(TestInvoker.java:173)
at org.testng.internal.MethodRunner.runInSequence(MethodRunner.java:46)
at org.testng.internal.TestInvoker$MethodInvocationAgent.invoke(TestInvoker.java:824)
at org.testng.internal.TestInvoker.invokeTestMethods(TestInvoker.java:146)
at org.testng.internal.TestMethodWorker.invokeTestMethods(TestMethodWorker.java:146)
at org.testng.internal.TestMethodWorker.run(TestMethodWorker.java:128)
at java.base/java.util.ArrayList.forEach(ArrayList.java:1511)
at org.testng.TestRunner.privateRun(TestRunner.java:794)
at org.testng.TestRunner.run(TestRunner.java:596)
at org.testng.SuiteRunner.runTest(SuiteRunner.java:377)
at org.testng.SuiteRunner.runSequentially(SuiteRunner.java:371)
at org.testng.SuiteRunner.privateRun(SuiteRunner.java:332)
at org.testng.SuiteRunner.run(SuiteRunner.java:276)
at org.testng.SuiteRunnerWorker.runSuite(SuiteRunnerWorker.java:53)
at org.testng.SuiteRunnerWorker.run(SuiteRunnerWorker.java:96)
at org.testng.TestNG.runSuitesSequentially(TestNG.java:1212)
at org.testng.TestNG.runSuitesLocally(TestNG.java:1134)
at org.testng.TestNG.runSuites(TestNG.java:1063)
at org.testng.TestNG.run(TestNG.java:1031)
at org.testng.remote.AbstractRemoteTestNG.run(AbstractRemoteTestNG.java:115)
at org.testng.remote.RemoteTestNG.initAndRun(RemoteTestNG.java:251)
at org.testng.remote.RemoteTestNG.main(RemoteTestNG.java:77)
]]>
    </failure>
  </testcase> <!-- validateColumnName_BKP -->
  <system-out>
    <![CDATA[Executing Snowflake query :: SELECT COLUMN_NAME FROM DEV_ENT_RAW.INFORMATION_SCHEMA.COLUMNS WHERE TABLE_NAME='JOBAPPOINTMENT'and TABLE_SCHEMA='ST_HUTCHINSON_MATILLION'
Executing Snowflake query :: SELECT COLUMN_NAME FROM CURATED_DATAMART.INFORMATION_SCHEMA.COLUMNS WHERE TABLE_NAME='STR_JOBAPPOINTMENT'and TABLE_SCHEMA='ST_BKP_HUTCHINSON'
Executing Snowflake query :: SELECT COLUMN_NAME FROM DEV_ENT_CURATED.INFORMATION_SCHEMA.COLUMNS WHERE TABLE_NAME='DIM_JOBAPPOINTMENT'and TABLE_SCHEMA='MASTER_DIMENSIONS'
Column names for RAW Table --> JOBAPPOINTMENT :: [MODIFIEDON, START, STATUS, NUMBER, PLANSTART, SPECIALINSTRUCTIONS, ISCONFIRMED, ACTIVE, CREATEDBY_ID, JOB_ID, ID, IMPORTID, SMARTDISPATCHDATA_JOBAPPOINTMENT, ISUNUSED, CREATEDON, END, MONTHNUMBER, PLANEND]
Column names for DataMart Table --> STR_JOBAPPOINTMENT :: [PLANSTART, ACTIVE_FLAG, RECORD_UPDATE_DATE, JOB_ID, STATUS, ISUNUSED, MONTHNUMBER, CREATEDBY_ID, CREATEDON, ISCONFIRMED, MASTER_ID, NUMBER, PLANEND, IMPORTID, MODIFIEDON, START, TENANT_TYPE, ACTIVE, RECORD_CREATE_DATE, SMARTDISPATCHDATA_JOBAPPOINTMENT, END, ID]
Column names for Curated Table --> DIM_JOBAPPOINTMENT :: [END, SMARTDISPATCHDATA_JOBAPPOINTMENT, ACTIVE, CREATEDBY_ID, IMPORTID, ISUNUSED, START, ID, JOB_ID, MONTHNUMBER, PLANEND, RECORD_UPDATE_DATE, CREATEDON, RECORD_CREATE_DATE, TENANT_TYPE, PLANSTART, ISCONFIRMED, NUMBER, STATUS, MODIFIEDON, RECORD_UPDATED_BY]
Column Name found in Datamart and Curated Table :: MODIFIEDON
Column Name found in Datamart and Curated Table :: START
Column Name found in Datamart and Curated Table :: STATUS
Column Name found in Datamart and Curated Table :: NUMBER
Column Name found in Datamart and Curated Table :: PLANSTART
Column Name not found in Datamart and Curated Table :: SPECIALINSTRUCTIONS
Column Name found in Datamart and Curated Table :: ISCONFIRMED
Column Name found in Datamart and Curated Table :: ACTIVE
Column Name found in Datamart and Curated Table :: CREATEDBY_ID
Column Name found in Datamart and Curated Table :: JOB_ID
Column Name found in Datamart and Curated Table :: ID
Column Name found in Datamart and Curated Table :: IMPORTID
Column Name found in Datamart and Curated Table :: SMARTDISPATCHDATA_JOBAPPOINTMENT
Column Name found in Datamart and Curated Table :: ISUNUSED
Column Name found in Datamart and Curated Table :: CREATEDON
Column Name found in Datamart and Curated Table :: END
Column Name found in Datamart and Curated Table :: MONTHNUMBER
Column Name found in Datamart and Curated Table :: PLANEND
Datamart tables contains additional column name like [ACTIVE_FLAG, RECORD_CREATE_DATE, RECORD_UPDATE_DATE, RECORD_UPDATE_DATE, MASTER_ID, TENANT_TYPE]
Curated tables contains additional column name like [RECORD_CREATE_DATE, RECORD_UPDATE_DATE, RECORD_UPDATED_BY, TENANT_TYPE]]]>
  </system-out>
  <testcase classname="testcases.RAW_DATAMART_CURATED.SnowFlake_ColumnValidation_BKPTables" name="validateColumnName_BKP" time="2.748"/>
  <system-out>
    <![CDATA[Executing Snowflake query :: SELECT COLUMN_NAME FROM DEV_ENT_RAW.INFORMATION_SCHEMA.COLUMNS WHERE TABLE_NAME='CALLREASON'and TABLE_SCHEMA='ST_BILLFENWICK_MATILLION'
Executing Snowflake query :: SELECT COLUMN_NAME FROM CURATED_DATAMART.INFORMATION_SCHEMA.COLUMNS WHERE TABLE_NAME='STR_CALLREASON'and TABLE_SCHEMA='ST_BKP_BILLFENWICK'
Executing Snowflake query :: SELECT COLUMN_NAME FROM DEV_ENT_CURATED.INFORMATION_SCHEMA.COLUMNS WHERE TABLE_NAME='DIM_CALLREASON'and TABLE_SCHEMA='MASTER_DIMENSIONS'
Column names for RAW Table --> CALLREASON :: [IMPORTID, CREATEDON, NAME, LEAD, CREATEDBY_ID, ID, ACTIVE, MODIFIEDON]
Column names for DataMart Table --> STR_CALLREASON :: [MASTER_ID, RECORD_UPDATE_DATE, ACTIVE, NAME, CREATEDBY_ID, LEAD, TENANT_TYPE, IMPORTID, ID, MODIFIEDON, CREATEDON, RECORD_CREATE_DATE, ACTIVE_FLAG]
Column names for Curated Table --> DIM_CALLREASON :: [CREATEDBY_ID, RECORD_CREATE_DATE, MODIFIEDON, LEAD, RECORD_UPDATED_BY, ACTIVE, ID, CREATEDON, IMPORTID, NAME, TENANT_TYPE, RECORD_UPDATE_DATE]
Column Name found in Datamart and Curated Table :: IMPORTID
Column Name found in Datamart and Curated Table :: CREATEDON
Column Name found in Datamart and Curated Table :: NAME
Column Name found in Datamart and Curated Table :: LEAD
Column Name found in Datamart and Curated Table :: CREATEDBY_ID
Column Name found in Datamart and Curated Table :: ID
Column Name found in Datamart and Curated Table :: ACTIVE
Column Name found in Datamart and Curated Table :: MODIFIEDON
Datamart tables contains additional column name like [ACTIVE_FLAG, RECORD_CREATE_DATE, RECORD_UPDATE_DATE, RECORD_UPDATE_DATE, MASTER_ID, TENANT_TYPE]
Curated tables contains additional column name like [RECORD_CREATE_DATE, RECORD_UPDATE_DATE, RECORD_UPDATED_BY, TENANT_TYPE]]]>
  </system-out>
  <testcase classname="testcases.RAW_DATAMART_CURATED.SnowFlake_ColumnValidation_BKPTables" name="validateColumnName_BKP" time="2.889"/>
  <system-out>
    <![CDATA[Executing Snowflake query :: SELECT COLUMN_NAME FROM DEV_ENT_RAW.INFORMATION_SCHEMA.COLUMNS WHERE TABLE_NAME='TECHNICIANSHIFT'and TABLE_SCHEMA='ST_BILLFENWICK_MATILLION'
Executing Snowflake query :: SELECT COLUMN_NAME FROM CURATED_DATAMART.INFORMATION_SCHEMA.COLUMNS WHERE TABLE_NAME='STR_TECHNICIANSHIFT'and TABLE_SCHEMA='ST_BKP_BILLFENWICK'
Executing Snowflake query :: SELECT COLUMN_NAME FROM DEV_ENT_CURATED.INFORMATION_SCHEMA.COLUMNS WHERE TABLE_NAME='DIM_TECHNICIANSHIFT'and TABLE_SCHEMA='MASTER_DIMENSIONS'
Column names for RAW Table --> TECHNICIANSHIFT :: []
Column names for DataMart Table --> STR_TECHNICIANSHIFT :: [MASTER_ID, CREATEDON, END, ID, TENANT_TYPE, ACTIVE, BATCH, RECORD_UPDATE_DATE, STARTDATE, ENDDATE, ENDTIME, IMPORTID, NOTE, RECORD_CREATE_DATE, TIMESHEETCODE_ID, TIMESHEET_ID, TITLE, START, ACTIVE_FLAG, CREATEDBY_ID, SHIFTTYPE, TECHNICIAN_ID, STARTTIME]
Column names for Curated Table --> DIM_TECHNICIANSHIFT :: [CREATEDON, TENANT_TYPE, TITLE, ACTIVE, NOTE, RECORD_CREATE_DATE, END, ID, RECORD_UPDATED_BY, TIMESHEETCODE_ID, IMPORTID, RECORD_UPDATE_DATE, STARTTIME, TECHNICIAN_ID, TIMESHEET_ID, CREATEDBY_ID, ENDDATE, START, SHIFTTYPE, BATCH, ENDTIME, STARTDATE]
Datamart tables contains additional column name like [ACTIVE_FLAG, RECORD_CREATE_DATE, RECORD_UPDATE_DATE, RECORD_UPDATE_DATE, MASTER_ID, TENANT_TYPE]
Curated tables contains additional column name like [RECORD_CREATE_DATE, RECORD_UPDATE_DATE, RECORD_UPDATED_BY, TENANT_TYPE]]]>
  </system-out>
  <testcase classname="testcases.RAW_DATAMART_CURATED.SnowFlake_ColumnValidation_BKPTables" name="validateColumnName_BKP" time="3.088">
    <failure message="The following asserts failed:
	null" type="java.lang.AssertionError">
      <![CDATA[java.lang.AssertionError: The following asserts failed:
null
at org.testng.asserts.SoftAssert.assertAll(SoftAssert.java:47)
at org.testng.asserts.SoftAssert.assertAll(SoftAssert.java:31)
at testcases.RAW_DATAMART_CURATED.SnowFlake_ColumnValidation_BKPTables.validateColumnName_BKP(SnowFlake_ColumnValidation_BKPTables.java:120)
at jdk.internal.reflect.GeneratedMethodAccessor38.invoke(Unknown Source)
at java.base/jdk.internal.reflect.DelegatingMethodAccessorImpl.invoke(DelegatingMethodAccessorImpl.java:43)
at java.base/java.lang.reflect.Method.invoke(Method.java:568)
at org.testng.internal.MethodInvocationHelper.invokeMethod(MethodInvocationHelper.java:133)
at org.testng.internal.TestInvoker.invokeMethod(TestInvoker.java:598)
at org.testng.internal.TestInvoker.invokeTestMethod(TestInvoker.java:173)
at org.testng.internal.MethodRunner.runInSequence(MethodRunner.java:46)
at org.testng.internal.TestInvoker$MethodInvocationAgent.invoke(TestInvoker.java:824)
at org.testng.internal.TestInvoker.invokeTestMethods(TestInvoker.java:146)
at org.testng.internal.TestMethodWorker.invokeTestMethods(TestMethodWorker.java:146)
at org.testng.internal.TestMethodWorker.run(TestMethodWorker.java:128)
at java.base/java.util.ArrayList.forEach(ArrayList.java:1511)
at org.testng.TestRunner.privateRun(TestRunner.java:794)
at org.testng.TestRunner.run(TestRunner.java:596)
at org.testng.SuiteRunner.runTest(SuiteRunner.java:377)
at org.testng.SuiteRunner.runSequentially(SuiteRunner.java:371)
at org.testng.SuiteRunner.privateRun(SuiteRunner.java:332)
at org.testng.SuiteRunner.run(SuiteRunner.java:276)
at org.testng.SuiteRunnerWorker.runSuite(SuiteRunnerWorker.java:53)
at org.testng.SuiteRunnerWorker.run(SuiteRunnerWorker.java:96)
at org.testng.TestNG.runSuitesSequentially(TestNG.java:1212)
at org.testng.TestNG.runSuitesLocally(TestNG.java:1134)
at org.testng.TestNG.runSuites(TestNG.java:1063)
at org.testng.TestNG.run(TestNG.java:1031)
at org.testng.remote.AbstractRemoteTestNG.run(AbstractRemoteTestNG.java:115)
at org.testng.remote.RemoteTestNG.initAndRun(RemoteTestNG.java:251)
at org.testng.remote.RemoteTestNG.main(RemoteTestNG.java:77)
]]>
    </failure>
  </testcase> <!-- validateColumnName_BKP -->
  <system-out>
    <![CDATA[Executing Snowflake query :: SELECT COLUMN_NAME FROM DEV_ENT_RAW.INFORMATION_SCHEMA.COLUMNS WHERE TABLE_NAME='JOBTYPE'and TABLE_SCHEMA='ST_HUTCHINSON_MATILLION'
Executing Snowflake query :: SELECT COLUMN_NAME FROM CURATED_DATAMART.INFORMATION_SCHEMA.COLUMNS WHERE TABLE_NAME='STR_JOBTYPE'and TABLE_SCHEMA='ST_BKP_HUTCHINSON'
Executing Snowflake query :: SELECT COLUMN_NAME FROM DEV_ENT_CURATED.INFORMATION_SCHEMA.COLUMNS WHERE TABLE_NAME='DIM_JOBTYPE'and TABLE_SCHEMA='MASTER_DIMENSIONS'
Column names for RAW Table --> JOBTYPE :: [CREATEDBY_ID, CREATEDON, ISSMARTDISPATCHEDBYDEFAULTINAPI, MODIFIEDON, PROJECTLABELS, DURATION, PROJECTEDVALUEADJUSTMENT, COMPOVERTIMERATE, IMAGE, NOCHARGE, COMPCODE, COMPSTANDARDRATE, MAXIMUMMATERIALCOSTINPERCENT, PRIORITY, ISTUNEUP, LIKELIHOOD, ACTIVE, COMPDOUBLEOVERTIMERATE, ID, IMPORTID, ISAUTODISPATCHED, CLASS, SUMMARY, MINIMUMMATERIALCOSTINPERCENT, ENFORCERECURRINGSERVICEEVENTSELECTION, NAME, SOLDTHRESHOLD]
Column names for DataMart Table --> STR_JOBTYPE :: [CLASS, CREATEDBY_ID, ENFORCERECURRINGSERVICEEVENTSELECTION, PRIORITY, PROJECTLABELS, SOLDTHRESHOLD, ACTIVE_FLAG, CREATEDON, RECORD_CREATE_DATE, SUMMARY, COMPSTANDARDRATE, IMPORTID, MINIMUMMATERIALCOSTINPERCENT, LIKELIHOOD, COMPDOUBLEOVERTIMERATE, COMPOVERTIMERATE, ISAUTODISPATCHED, MASTER_ID, TENANT_TYPE, IMAGE, NOCHARGE, DURATION, ISTUNEUP, MAXIMUMMATERIALCOSTINPERCENT, MODIFIEDON, RECORD_UPDATE_DATE, NAME, PROJECTEDVALUEADJUSTMENT, ACTIVE, COMPCODE, ID]
Column names for Curated Table --> DIM_JOBTYPE :: [COMPOVERTIMERATE, PROJECTLABELS, RECORD_UPDATED_BY, MAXIMUMMATERIALCOSTINPERCENT, SUMMARY, NAME, COMPDOUBLEOVERTIMERATE, CREATEDBY_ID, DURATION, ISAUTODISPATCHED, RECORD_UPDATE_DATE, COMPSTANDARDRATE, NOCHARGE, IMPORTID, TENANT_TYPE, ACTIVE, ENFORCERECURRINGSERVICEEVENTSELECTION, ID, ISTUNEUP, CLASS, COMPCODE, MINIMUMMATERIALCOSTINPERCENT, PRIORITY, CREATEDON, LIKELIHOOD, RECORD_CREATE_DATE, SOLDTHRESHOLD, IMAGE, MODIFIEDON, PROJECTEDVALUEADJUSTMENT]
Column Name found in Datamart and Curated Table :: CREATEDBY_ID
Column Name found in Datamart and Curated Table :: CREATEDON
Column Name not found in Datamart and Curated Table :: ISSMARTDISPATCHEDBYDEFAULTINAPI
Column Name found in Datamart and Curated Table :: MODIFIEDON
Column Name found in Datamart and Curated Table :: PROJECTLABELS
Column Name found in Datamart and Curated Table :: DURATION
Column Name found in Datamart and Curated Table :: PROJECTEDVALUEADJUSTMENT
Column Name found in Datamart and Curated Table :: COMPOVERTIMERATE
Column Name found in Datamart and Curated Table :: IMAGE
Column Name found in Datamart and Curated Table :: NOCHARGE
Column Name found in Datamart and Curated Table :: COMPCODE
Column Name found in Datamart and Curated Table :: COMPSTANDARDRATE
Column Name found in Datamart and Curated Table :: MAXIMUMMATERIALCOSTINPERCENT
Column Name found in Datamart and Curated Table :: PRIORITY
Column Name found in Datamart and Curated Table :: ISTUNEUP
Column Name found in Datamart and Curated Table :: LIKELIHOOD
Column Name found in Datamart and Curated Table :: ACTIVE
Column Name found in Datamart and Curated Table :: COMPDOUBLEOVERTIMERATE
Column Name found in Datamart and Curated Table :: ID
Column Name found in Datamart and Curated Table :: IMPORTID
Column Name found in Datamart and Curated Table :: ISAUTODISPATCHED
Column Name found in Datamart and Curated Table :: CLASS
Column Name found in Datamart and Curated Table :: SUMMARY
Column Name found in Datamart and Curated Table :: MINIMUMMATERIALCOSTINPERCENT
Column Name found in Datamart and Curated Table :: ENFORCERECURRINGSERVICEEVENTSELECTION
Column Name found in Datamart and Curated Table :: NAME
Column Name found in Datamart and Curated Table :: SOLDTHRESHOLD
Datamart tables contains additional column name like [ACTIVE_FLAG, RECORD_CREATE_DATE, RECORD_UPDATE_DATE, RECORD_UPDATE_DATE, MASTER_ID, TENANT_TYPE]
Curated tables contains additional column name like [RECORD_CREATE_DATE, RECORD_UPDATE_DATE, RECORD_UPDATED_BY, TENANT_TYPE]]]>
  </system-out>
  <testcase classname="testcases.RAW_DATAMART_CURATED.SnowFlake_ColumnValidation_BKPTables" name="validateColumnName_BKP" time="2.091"/>
  <system-out>
    <![CDATA[Executing Snowflake query :: SELECT COLUMN_NAME FROM DEV_ENT_RAW.INFORMATION_SCHEMA.COLUMNS WHERE TABLE_NAME='SKUASSET'and TABLE_SCHEMA='ST_HUTCHINSON_MATILLION'
Executing Snowflake query :: SELECT COLUMN_NAME FROM CURATED_DATAMART.INFORMATION_SCHEMA.COLUMNS WHERE TABLE_NAME='STR_SKUASSET'and TABLE_SCHEMA='ST_BKP_HUTCHINSON'
Executing Snowflake query :: SELECT COLUMN_NAME FROM DEV_ENT_CURATED.INFORMATION_SCHEMA.COLUMNS WHERE TABLE_NAME='DIM_SKUASSET'and TABLE_SCHEMA='MASTER_DIMENSIONS'
Column names for RAW Table --> SKUASSET :: [ACTIVE, OWNER_ID, CREATEDBY_ID, IMPORTID, ORIGINALNAME, TYPE, METADATA, URL, CREATEDON, EXTERNALURL, ALIAS, ID, ISEXTERNAL]
Column names for DataMart Table --> STR_SKUASSET :: [MASTER_ID, RECORD_UPDATE_DATE, ID, ORIGINALNAME, CREATEDBY_ID, METADATA, EXTERNALURL, TENANT_TYPE, TYPE, ACTIVE, ALIAS, RECORD_CREATE_DATE, CREATEDON, ACTIVE_FLAG, ISEXTERNAL, OWNER_ID, IMPORTID, URL]
Column names for Curated Table --> DIM_SKUASSET :: [EXTERNALURL, ORIGINALNAME, TENANT_TYPE, RECORD_UPDATE_DATE, ID, ISEXTERNAL, RECORD_CREATE_DATE, ALIAS, CREATEDON, RECORD_UPDATED_BY, TYPE, ACTIVE, CREATEDBY_ID, OWNER_ID, METADATA, URL, IMPORTID]
Column Name found in Datamart and Curated Table :: ACTIVE
Column Name found in Datamart and Curated Table :: OWNER_ID
Column Name found in Datamart and Curated Table :: CREATEDBY_ID
Column Name found in Datamart and Curated Table :: IMPORTID
Column Name found in Datamart and Curated Table :: ORIGINALNAME
Column Name found in Datamart and Curated Table :: TYPE
Column Name found in Datamart and Curated Table :: METADATA
Column Name found in Datamart and Curated Table :: URL
Column Name found in Datamart and Curated Table :: CREATEDON
Column Name found in Datamart and Curated Table :: EXTERNALURL
Column Name found in Datamart and Curated Table :: ALIAS
Column Name found in Datamart and Curated Table :: ID
Column Name found in Datamart and Curated Table :: ISEXTERNAL
Datamart tables contains additional column name like [ACTIVE_FLAG, RECORD_CREATE_DATE, RECORD_UPDATE_DATE, RECORD_UPDATE_DATE, MASTER_ID, TENANT_TYPE]
Curated tables contains additional column name like [RECORD_CREATE_DATE, RECORD_UPDATE_DATE, RECORD_UPDATED_BY, TENANT_TYPE]]]>
  </system-out>
  <testcase classname="testcases.RAW_DATAMART_CURATED.SnowFlake_ColumnValidation_BKPTables" name="validateColumnName_BKP" time="2.070"/>
  <system-out>
    <![CDATA[Executing Snowflake query :: SELECT COLUMN_NAME FROM DEV_ENT_RAW.INFORMATION_SCHEMA.COLUMNS WHERE TABLE_NAME='ESTIMATE'and TABLE_SCHEMA='ST_HORIZONSERVICES_MATILLION'
Executing Snowflake query :: SELECT COLUMN_NAME FROM CURATED_DATAMART.INFORMATION_SCHEMA.COLUMNS WHERE TABLE_NAME='STR_ESTIMATE'and TABLE_SCHEMA='ST_BKP_HORIZONSERVICES'
Executing Snowflake query :: SELECT COLUMN_NAME FROM DEV_ENT_CURATED.INFORMATION_SCHEMA.COLUMNS WHERE TABLE_NAME='DIM_ESTIMATE'and TABLE_SCHEMA='MASTER_DIMENSIONS'
Column names for RAW Table --> ESTIMATE :: [AUTHORIZEDON, BUSINESSUNIT_ID, MATERIALSKU_ID, SOLDBY_ID, PROPOSALTAGCOLOR, PROJECTOPPORTUNITY_ID, SOLDTYPE, AUTHORIZATIONSIGNATURE, ID, IMPORTID, ISCHANGEORDER, ISRECOMMENDED, OPPORTUNITY_ID, ORDER, PROJECTLABELS, PROPOSALTAGNAME, SOLDON, CLAIM_ID, SOLDINVOICE_ID, FEETOTAL, CREATEDBY_ID, MATERIALSKUREFERENCE_SKUTYPE, PROCUREMENTTYPE, STATUS, MATERIALTAX, ACTIVE, CREATEDON, DISCOUNTTOTAL, MATERIALSKUREFERENCE_SKUID, TOTALCOST, JOB_ID, SOLDBYEMPLOYEE_ID, TAX, SUMMARY, LABORTAX, MODIFIEDON, NAME, TECHNICIANPICKEDSOLDTYPE, TOTAL, RENEWABLEMEMBERSHIP_ID, TECHNICIANSIGNATURE, LOCATION_ID]
Column names for DataMart Table --> STR_ESTIMATE :: [TAX, TECHNICIANSIGNATURE, SOLDINVOICE_ID, RENEWABLEMEMBERSHIP_ID, CREATEDON, DISCOUNTTOTAL, ISCHANGEORDER, PROCUREMENTTYPE, MATERIALSKUREFERENCE_SKUID, TOTALCOST, CLAIM_ID, ISRECOMMENDED, LABORTAX, MASTER_ID, NAME, TECHNICIANPICKEDSOLDTYPE, RECORD_CREATE_DATE, PROJECTOPPORTUNITY_ID, MATERIALSKUREFERENCE_SKUTYPE, TOTAL, RECORD_UPDATE_DATE, ACTIVE_FLAG, ID, OPPORTUNITY_ID, STATUS, SUMMARY, PROPOSALTAGCOLOR, PROJECTLABELS, AUTHORIZATIONSIGNATURE, AUTHORIZEDON, FEETOTAL, SOLDTYPE, IMPORTID, SOLDBYEMPLOYEE_ID, TENANT_TYPE, ACTIVE, JOB_ID, MODIFIEDON, ORDER, SOLDBY_ID, SOLDON, LOCATION_ID, MATERIALTAX, PROPOSALTAGNAME, BUSINESSUNIT_ID, CREATEDBY_ID, MATERIALSKU_ID]
Column names for Curated Table --> DIM_ESTIMATE :: [CREATEDON, DISCOUNTTOTAL, LOCATION_ID, OPPORTUNITY_ID, PROPOSALTAGCOLOR, PROPOSALTAGNAME, SOLDINVOICE_ID, TENANT_TYPE, RECORD_UPDATED_BY, TOTALCOST, ISCHANGEORDER, NAME, BUSINESSUNIT_ID, FEETOTAL, MATERIALSKUREFERENCE_SKUTYPE, ISRECOMMENDED, ORDER, STATUS, TOTAL, SOLDTYPE, AUTHORIZEDON, CREATEDBY_ID, LABORTAX, PROCUREMENTTYPE, SOLDBYEMPLOYEE_ID, SOLDBY_ID, IMPORTID, MATERIALSKU_ID, TAX, TECHNICIANPICKEDSOLDTYPE, RENEWABLEMEMBERSHIP_ID, TECHNICIANSIGNATURE, MODIFIEDON, CLAIM_ID, ID, MATERIALSKUREFERENCE_SKUID, SOLDON, PROJECTLABELS, JOB_ID, ACTIVE, AUTHORIZATIONSIGNATURE, MATERIALTAX, PROJECTOPPORTUNITY_ID, RECORD_CREATE_DATE, SUMMARY, RECORD_UPDATE_DATE]
Column Name found in Datamart and Curated Table :: AUTHORIZEDON
Column Name found in Datamart and Curated Table :: BUSINESSUNIT_ID
Column Name found in Datamart and Curated Table :: MATERIALSKU_ID
Column Name found in Datamart and Curated Table :: SOLDBY_ID
Column Name found in Datamart and Curated Table :: PROPOSALTAGCOLOR
Column Name found in Datamart and Curated Table :: PROJECTOPPORTUNITY_ID
Column Name found in Datamart and Curated Table :: SOLDTYPE
Column Name found in Datamart and Curated Table :: AUTHORIZATIONSIGNATURE
Column Name found in Datamart and Curated Table :: ID
Column Name found in Datamart and Curated Table :: IMPORTID
Column Name found in Datamart and Curated Table :: ISCHANGEORDER
Column Name found in Datamart and Curated Table :: ISRECOMMENDED
Column Name found in Datamart and Curated Table :: OPPORTUNITY_ID
Column Name found in Datamart and Curated Table :: ORDER
Column Name found in Datamart and Curated Table :: PROJECTLABELS
Column Name found in Datamart and Curated Table :: PROPOSALTAGNAME
Column Name found in Datamart and Curated Table :: SOLDON
Column Name found in Datamart and Curated Table :: CLAIM_ID
Column Name found in Datamart and Curated Table :: SOLDINVOICE_ID
Column Name found in Datamart and Curated Table :: FEETOTAL
Column Name found in Datamart and Curated Table :: CREATEDBY_ID
Column Name found in Datamart and Curated Table :: MATERIALSKUREFERENCE_SKUTYPE
Column Name found in Datamart and Curated Table :: PROCUREMENTTYPE
Column Name found in Datamart and Curated Table :: STATUS
Column Name found in Datamart and Curated Table :: MATERIALTAX
Column Name found in Datamart and Curated Table :: ACTIVE
Column Name found in Datamart and Curated Table :: CREATEDON
Column Name found in Datamart and Curated Table :: DISCOUNTTOTAL
Column Name found in Datamart and Curated Table :: MATERIALSKUREFERENCE_SKUID
Column Name found in Datamart and Curated Table :: TOTALCOST
Column Name found in Datamart and Curated Table :: JOB_ID
Column Name found in Datamart and Curated Table :: SOLDBYEMPLOYEE_ID
Column Name found in Datamart and Curated Table :: TAX
Column Name found in Datamart and Curated Table :: SUMMARY
Column Name found in Datamart and Curated Table :: LABORTAX
Column Name found in Datamart and Curated Table :: MODIFIEDON
Column Name found in Datamart and Curated Table :: NAME
Column Name found in Datamart and Curated Table :: TECHNICIANPICKEDSOLDTYPE
Column Name found in Datamart and Curated Table :: TOTAL
Column Name found in Datamart and Curated Table :: RENEWABLEMEMBERSHIP_ID
Column Name found in Datamart and Curated Table :: TECHNICIANSIGNATURE
Column Name found in Datamart and Curated Table :: LOCATION_ID
Datamart tables contains additional column name like [ACTIVE_FLAG, RECORD_CREATE_DATE, RECORD_UPDATE_DATE, RECORD_UPDATE_DATE, MASTER_ID, TENANT_TYPE]
Curated tables contains additional column name like [RECORD_CREATE_DATE, RECORD_UPDATE_DATE, RECORD_UPDATED_BY, TENANT_TYPE]]]>
  </system-out>
  <testcase classname="testcases.RAW_DATAMART_CURATED.SnowFlake_ColumnValidation_BKPTables" name="validateColumnName_BKP" time="2.139"/>
  <system-out>
    <![CDATA[Executing Snowflake query :: SELECT COLUMN_NAME FROM DEV_ENT_RAW.INFORMATION_SCHEMA.COLUMNS WHERE TABLE_NAME='CUSTOMER'and TABLE_SCHEMA='ST_SNELLHEATINGAIR_MATILLION'
Executing Snowflake query :: SELECT COLUMN_NAME FROM CURATED_DATAMART.INFORMATION_SCHEMA.COLUMNS WHERE TABLE_NAME='STR_CUSTOMER'and TABLE_SCHEMA='ST_BKP_SNELLHEATINGAIR'
Executing Snowflake query :: SELECT COLUMN_NAME FROM DEV_ENT_CURATED.INFORMATION_SCHEMA.COLUMNS WHERE TABLE_NAME='DIM_CUSTOMER'and TABLE_SCHEMA='MASTER_DIMENSIONS'
Column names for RAW Table --> CUSTOMER :: [ADDRESS_CITY, AVALARAENTITYCODE, EXCLUDEFROMBULKPRINTING, EXTERNALID, ADDRESS_COUNTRY, ADDRESS_UNIT, DONOTSENDPROMOTIONALEMAILS, DONOTSERVICE, NAME, SHOWMEMBERSAVINGS, ADDRESS_LONGITUDE, MEMBERSHIP_ACTIVATEDBY, MEMBERSHIP_ACTIVATEDFROM, MEMBERSHIP_CANCELLATIONDATE, ADDRESS_STATE, ADDRESS_ISMILITARY, ADDRESS_LATITUDE, BALANCE, DONOTMAIL, IMPORTID, NOCHARGE, TAXEXEMPT, CREATEDON, HEADER, ADDRESS_ZIP, CREATEDBY_ID, MODIFIEDON, PAYMENTTERM_ID, TYPE, ID, ADDRESS_STREET, MEMBERSHIP_FROM, ACTIVE, ADDRESS_ISMANUALCOORDINATES, AR, DONOTCHARGEINTERESTFEE, MEMBERSHIP_TO, STATISTICS_ID]
Column names for DataMart Table --> STR_CUSTOMER :: [ACTIVE, ADDRESS_UNIT, MEMBERSHIP_CANCELLATIONDATE, DONOTSENDPROMOTIONALEMAILS, EXTERNALID, NOCHARGE, ADDRESS_ISMANUALCOORDINATES, DONOTSERVICE, ADDRESS_STATE, TENANT_TYPE, ACTIVE_FLAG, BALANCE, MEMBERSHIP_FROM, PAYMENTTERM_ID, MEMBERSHIP_ACTIVATEDFROM, RECORD_CREATE_DATE, DONOTCHARGEINTERESTFEE, AVALARAENTITYCODE, DONOTMAIL, EXCLUDEFROMBULKPRINTING, ADDRESS_STREET, ADDRESS_ZIP, ID, MEMBERSHIP_ACTIVATEDBY, MODIFIEDON, SHOWMEMBERSAVINGS, ADDRESS_COUNTRY, ADDRESS_ISMILITARY, ADDRESS_LONGITUDE, AR, MASTER_ID, STATISTICS_ID, RECORD_UPDATE_DATE, IMPORTID, ADDRESS_CITY, CREATEDBY_ID, CREATEDON, NAME, TYPE, HEADER, MEMBERSHIP_TO, ADDRESS_LATITUDE, TAXEXEMPT]
Column names for Curated Table --> DIM_CUSTOMER :: [ADDRESS_UNIT, PAYMENTTERM_ID, BALANCE, IMPORTID, ACTIVE, ADDRESS_COUNTRY, ADDRESS_ISMANUALCOORDINATES, ADDRESS_STATE, ADDRESS_ZIP, AR, NAME, MEMBERSHIP_TO, ADDRESS_CITY, ADDRESS_STREET, DONOTSERVICE, MEMBERSHIP_CANCELLATIONDATE, NOCHARGE, HEADER, CREATEDBY_ID, EXTERNALID, MODIFIEDON, DONOTCHARGEINTERESTFEE, MEMBERSHIP_ACTIVATEDBY, RECORD_UPDATE_DATE, RECORD_UPDATED_BY, STATISTICS_ID, CREATEDON, DONOTMAIL, ID, TAXEXEMPT, RECORD_CREATE_DATE, ADDRESS_LATITUDE, ADDRESS_LONGITUDE, AVALARAENTITYCODE, DONOTSENDPROMOTIONALEMAILS, MEMBERSHIP_FROM, TENANT_TYPE, TYPE, ADDRESS_ISMILITARY, MEMBERSHIP_ACTIVATEDFROM, SHOWMEMBERSAVINGS, EXCLUDEFROMBULKPRINTING]
Column Name found in Datamart and Curated Table :: ADDRESS_CITY
Column Name found in Datamart and Curated Table :: AVALARAENTITYCODE
Column Name found in Datamart and Curated Table :: EXCLUDEFROMBULKPRINTING
Column Name found in Datamart and Curated Table :: EXTERNALID
Column Name found in Datamart and Curated Table :: ADDRESS_COUNTRY
Column Name found in Datamart and Curated Table :: ADDRESS_UNIT
Column Name found in Datamart and Curated Table :: DONOTSENDPROMOTIONALEMAILS
Column Name found in Datamart and Curated Table :: DONOTSERVICE
Column Name found in Datamart and Curated Table :: NAME
Column Name found in Datamart and Curated Table :: SHOWMEMBERSAVINGS
Column Name found in Datamart and Curated Table :: ADDRESS_LONGITUDE
Column Name found in Datamart and Curated Table :: MEMBERSHIP_ACTIVATEDBY
Column Name found in Datamart and Curated Table :: MEMBERSHIP_ACTIVATEDFROM
Column Name found in Datamart and Curated Table :: MEMBERSHIP_CANCELLATIONDATE
Column Name found in Datamart and Curated Table :: ADDRESS_STATE
Column Name found in Datamart and Curated Table :: ADDRESS_ISMILITARY
Column Name found in Datamart and Curated Table :: ADDRESS_LATITUDE
Column Name found in Datamart and Curated Table :: BALANCE
Column Name found in Datamart and Curated Table :: DONOTMAIL
Column Name found in Datamart and Curated Table :: IMPORTID
Column Name found in Datamart and Curated Table :: NOCHARGE
Column Name found in Datamart and Curated Table :: TAXEXEMPT
Column Name found in Datamart and Curated Table :: CREATEDON
Column Name found in Datamart and Curated Table :: HEADER
Column Name found in Datamart and Curated Table :: ADDRESS_ZIP
Column Name found in Datamart and Curated Table :: CREATEDBY_ID
Column Name found in Datamart and Curated Table :: MODIFIEDON
Column Name found in Datamart and Curated Table :: PAYMENTTERM_ID
Column Name found in Datamart and Curated Table :: TYPE
Column Name found in Datamart and Curated Table :: ID
Column Name found in Datamart and Curated Table :: ADDRESS_STREET
Column Name found in Datamart and Curated Table :: MEMBERSHIP_FROM
Column Name found in Datamart and Curated Table :: ACTIVE
Column Name found in Datamart and Curated Table :: ADDRESS_ISMANUALCOORDINATES
Column Name found in Datamart and Curated Table :: AR
Column Name found in Datamart and Curated Table :: DONOTCHARGEINTERESTFEE
Column Name found in Datamart and Curated Table :: MEMBERSHIP_TO
Column Name found in Datamart and Curated Table :: STATISTICS_ID
Datamart tables contains additional column name like [ACTIVE_FLAG, RECORD_CREATE_DATE, RECORD_UPDATE_DATE, RECORD_UPDATE_DATE, MASTER_ID, TENANT_TYPE]
Curated tables contains additional column name like [RECORD_CREATE_DATE, RECORD_UPDATE_DATE, RECORD_UPDATED_BY, TENANT_TYPE]]]>
  </system-out>
  <testcase classname="testcases.RAW_DATAMART_CURATED.SnowFlake_ColumnValidation_BKPTables" name="validateColumnName_BKP" time="2.254"/>
  <system-out>
    <![CDATA[Executing Snowflake query :: SELECT COLUMN_NAME FROM DEV_ENT_RAW.INFORMATION_SCHEMA.COLUMNS WHERE TABLE_NAME='NONJOBAPPOINTMENT'and TABLE_SCHEMA='ST_SNELLHEATINGAIR_MATILLION'
Executing Snowflake query :: SELECT COLUMN_NAME FROM CURATED_DATAMART.INFORMATION_SCHEMA.COLUMNS WHERE TABLE_NAME='STR_NONJOBAPPOINTMENT'and TABLE_SCHEMA='ST_BKP_SNELLHEATINGAIR'
Executing Snowflake query :: SELECT COLUMN_NAME FROM DEV_ENT_CURATED.INFORMATION_SCHEMA.COLUMNS WHERE TABLE_NAME='DIM_NONJOBAPPOINTMENT'and TABLE_SCHEMA='MASTER_DIMENSIONS'
Column names for RAW Table --> NONJOBAPPOINTMENT :: []
Column names for DataMart Table --> STR_NONJOBAPPOINTMENT :: [CREATEDBY_ID, TECHNICIAN_ID, ALLDAY, DEFINITION_ID, RECORD_CREATE_DATE, REMOVETECHNICIANFROMCAPACITYPLANNING, TENANT_TYPE, DURATION, IMPORTID, RECORD_UPDATE_DATE, SUMMARY, EXPECTEDDURATION, TIMESHEETCODE_ID, ID, CLEARTECHNICIANVIEW, NAME, START, CREATEDON, ACTIVE_FLAG, ISCOMPLETED, ACTIVE, CLEARDISPATCHBOARD, MASTER_ID, TIMESHEET_ID]
Column names for Curated Table --> DIM_NONJOBAPPOINTMENT :: [IMPORTID, RECORD_UPDATE_DATE, TIMESHEET_ID, ID, ISCOMPLETED, CREATEDON, RECORD_UPDATED_BY, START, CLEARTECHNICIANVIEW, DURATION, EXPECTEDDURATION, ALLDAY, CLEARDISPATCHBOARD, RECORD_CREATE_DATE, TENANT_TYPE, TIMESHEETCODE_ID, NAME, DEFINITION_ID, SUMMARY, ACTIVE, CREATEDBY_ID, REMOVETECHNICIANFROMCAPACITYPLANNING, TECHNICIAN_ID]
Datamart tables contains additional column name like [ACTIVE_FLAG, RECORD_CREATE_DATE, RECORD_UPDATE_DATE, RECORD_UPDATE_DATE, MASTER_ID, TENANT_TYPE]
Curated tables contains additional column name like [RECORD_CREATE_DATE, RECORD_UPDATE_DATE, RECORD_UPDATED_BY, TENANT_TYPE]]]>
  </system-out>
  <testcase classname="testcases.RAW_DATAMART_CURATED.SnowFlake_ColumnValidation_BKPTables" name="validateColumnName_BKP" time="4.621"/>
  <system-out>
    <![CDATA[Executing Snowflake query :: SELECT COLUMN_NAME FROM DEV_ENT_RAW.INFORMATION_SCHEMA.COLUMNS WHERE TABLE_NAME='MATERIALVENDOR'and TABLE_SCHEMA='ST_BILLFENWICK_MATILLION'
Executing Snowflake query :: SELECT COLUMN_NAME FROM CURATED_DATAMART.INFORMATION_SCHEMA.COLUMNS WHERE TABLE_NAME='STR_MATERIALVENDOR'and TABLE_SCHEMA='ST_BKP_BILLFENWICK'
Executing Snowflake query :: SELECT COLUMN_NAME FROM DEV_ENT_CURATED.INFORMATION_SCHEMA.COLUMNS WHERE TABLE_NAME='DIM_MATERIALVENDOR'and TABLE_SCHEMA='MASTER_DIMENSIONS'
Column names for RAW Table --> MATERIALVENDOR :: [ACTIVE, PARTNUMBER, CREATEDON, MEMO, COST, VENDOR_ID, ISPRIMARY, ID, PRIMARYSUBACCOUNT_ID, CREATEDBY_ID, IMPORTID, MATERIAL_ID]
Column names for DataMart Table --> STR_MATERIALVENDOR :: [RECORD_CREATE_DATE, IMPORTID, VENDOR_ID, ACTIVE_FLAG, ISPRIMARY, CREATEDON, ID, COST, MEMO, TENANT_TYPE, ACTIVE, MASTER_ID, CREATEDBY_ID, PARTNUMBER, PRIMARYSUBACCOUNT_ID, MATERIAL_ID, RECORD_UPDATE_DATE]
Column names for Curated Table --> DIM_MATERIALVENDOR :: [ID, MATERIAL_ID, ACTIVE, COST, CREATEDBY_ID, IMPORTID, ISPRIMARY, PRIMARYSUBACCOUNT_ID, RECORD_UPDATE_DATE, TENANT_TYPE, MEMO, RECORD_UPDATED_BY, VENDOR_ID, CREATEDON, PARTNUMBER, RECORD_CREATE_DATE]
Column Name found in Datamart and Curated Table :: ACTIVE
Column Name found in Datamart and Curated Table :: PARTNUMBER
Column Name found in Datamart and Curated Table :: CREATEDON
Column Name found in Datamart and Curated Table :: MEMO
Column Name found in Datamart and Curated Table :: COST
Column Name found in Datamart and Curated Table :: VENDOR_ID
Column Name found in Datamart and Curated Table :: ISPRIMARY
Column Name found in Datamart and Curated Table :: ID
Column Name found in Datamart and Curated Table :: PRIMARYSUBACCOUNT_ID
Column Name found in Datamart and Curated Table :: CREATEDBY_ID
Column Name found in Datamart and Curated Table :: IMPORTID
Column Name found in Datamart and Curated Table :: MATERIAL_ID
Datamart tables contains additional column name like [ACTIVE_FLAG, RECORD_CREATE_DATE, RECORD_UPDATE_DATE, RECORD_UPDATE_DATE, MASTER_ID, TENANT_TYPE]
Curated tables contains additional column name like [RECORD_CREATE_DATE, RECORD_UPDATE_DATE, RECORD_UPDATED_BY, TENANT_TYPE]]]>
  </system-out>
  <testcase classname="testcases.RAW_DATAMART_CURATED.SnowFlake_ColumnValidation_BKPTables" name="validateColumnName_BKP" time="2.360"/>
  <system-out>
    <![CDATA[Executing Snowflake query :: SELECT COLUMN_NAME FROM DEV_ENT_RAW.INFORMATION_SCHEMA.COLUMNS WHERE TABLE_NAME='JOBCOMPLETIONSURVEY'and TABLE_SCHEMA='ST_HENDERSON_MATILLION'
Executing Snowflake query :: SELECT COLUMN_NAME FROM CURATED_DATAMART.INFORMATION_SCHEMA.COLUMNS WHERE TABLE_NAME='STR_JOBCOMPLETIONSURVEY'and TABLE_SCHEMA='ST_BKP_HENDERSON'
Executing Snowflake query :: SELECT COLUMN_NAME FROM DEV_ENT_CURATED.INFORMATION_SCHEMA.COLUMNS WHERE TABLE_NAME='DIM_JOBCOMPLETIONSURVEY'and TABLE_SCHEMA='MASTER_DIMENSIONS'
Column names for RAW Table --> JOBCOMPLETIONSURVEY :: [COMPLETEDON, ISPLANNINGTOUSEAGAIN, ISROUTINECOMPLETED, MEMO, SENTON, RATING, JOBCOMPLETEDON, JOBID, SURVEYTYPE, MODIFIEDON, STATUS, TOKEN, SUBMITCOUNT, ID, RECOMMENDATIONS]
Column names for DataMart Table --> STR_JOBCOMPLETIONSURVEY :: [ISPLANNINGTOUSEAGAIN, MODIFIEDON, ACTIVE_FLAG, RECOMMENDATIONS, STATUS, TOKEN, ISROUTINECOMPLETED, JOBID, MEMO, RATING, SUBMITCOUNT, SURVEYTYPE, ID, SENTON, TENANT_TYPE, JOBCOMPLETEDON, RECORD_UPDATE_DATE, COMPLETEDON, MASTER_ID, RECORD_CREATE_DATE]
Column names for Curated Table --> DIM_JOBCOMPLETIONSURVEY :: [ID, JOBCOMPLETEDON, SUBMITCOUNT, ISROUTINECOMPLETED, MEMO, RECORD_UPDATED_BY, STATUS, JOBID, RECORD_UPDATE_DATE, TENANT_TYPE, MODIFIEDON, SURVEYTYPE, COMPLETEDON, ISPLANNINGTOUSEAGAIN, RATING, SENTON, RECOMMENDATIONS, RECORD_CREATE_DATE, TOKEN]
Column Name found in Datamart and Curated Table :: COMPLETEDON
Column Name found in Datamart and Curated Table :: ISPLANNINGTOUSEAGAIN
Column Name found in Datamart and Curated Table :: ISROUTINECOMPLETED
Column Name found in Datamart and Curated Table :: MEMO
Column Name found in Datamart and Curated Table :: SENTON
Column Name found in Datamart and Curated Table :: RATING
Column Name found in Datamart and Curated Table :: JOBCOMPLETEDON
Column Name found in Datamart and Curated Table :: JOBID
Column Name found in Datamart and Curated Table :: SURVEYTYPE
Column Name found in Datamart and Curated Table :: MODIFIEDON
Column Name found in Datamart and Curated Table :: STATUS
Column Name found in Datamart and Curated Table :: TOKEN
Column Name found in Datamart and Curated Table :: SUBMITCOUNT
Column Name found in Datamart and Curated Table :: ID
Column Name found in Datamart and Curated Table :: RECOMMENDATIONS
Datamart tables contains additional column name like [ACTIVE_FLAG, RECORD_CREATE_DATE, RECORD_UPDATE_DATE, RECORD_UPDATE_DATE, MASTER_ID, TENANT_TYPE]
Curated tables contains additional column name like [RECORD_CREATE_DATE, RECORD_UPDATE_DATE, RECORD_UPDATED_BY, TENANT_TYPE]]]>
  </system-out>
  <testcase classname="testcases.RAW_DATAMART_CURATED.SnowFlake_ColumnValidation_BKPTables" name="validateColumnName_BKP" time="2.756"/>
  <system-out>
    <![CDATA[Executing Snowflake query :: SELECT COLUMN_NAME FROM DEV_ENT_RAW.INFORMATION_SCHEMA.COLUMNS WHERE TABLE_NAME='JOB'and TABLE_SCHEMA='ST_HENDERSON_MATILLION'
Executing Snowflake query :: SELECT COLUMN_NAME FROM CURATED_DATAMART.INFORMATION_SCHEMA.COLUMNS WHERE TABLE_NAME='STR_JOB'and TABLE_SCHEMA='ST_BKP_HENDERSON'
Executing Snowflake query :: SELECT COLUMN_NAME FROM DEV_ENT_CURATED.INFORMATION_SCHEMA.COLUMNS WHERE TABLE_NAME='DIM_JOB'and TABLE_SCHEMA='MASTER_DIMENSIONS'
Column names for RAW Table --> JOB :: [CALLSCRIPTANSWERRECORD_ID, FIRSTAPPOINTMENT_ID, INVOICE_ID, LEADGENERATED_ID, LOCATION_ID, MEMBERSHIP_ID, NOCHARGESOURCE, PREVAILINGWAGEJOBNUMBER, SOLDBY_ID, SUMMARY, LASTAPPOINTMENT_ID, PLANEND, ACTIVE, BUSINESSUNIT_ID, COMPLETIONSURVEYID, ID, TOTAL, CREATEDBY_ID, REASSIGNMENTPENALTY, COMPLETEDON, CREATEDON, GENERATEDFROM_ID, MODIFIEDON, PREDICTEDTOTAL, PROJECT_ID, START, PREDICTEDSALES, SECONDARYJOBNUMBER, UNION, CAMPAIGN_ID, DRIVETIME, END, NUMBER, IMPORTID, ISPREVAILINGWAGE, MANAGEEMPLOYEEEMAIL, MONTHNUMBER, OPPORTUNITYDATE, APPROXIMATEENDDATE, CREATEDFROMESTIMATE_ID, DURATION, RECALLFOR_ID, CUSTOMER_ID, PLANSTART, PRIORITY, PROJECTEDVALUE, SMARTDISPATCHDATA_JOB, LASTCHANGEDBYSMARTDISPATCH, ISTECHNICIANSPECIFIC, ISAUTODISPATCHED, LEAD_ID, NOCHARGE, NOTIFICATIONSENABLED, CUSTOMERPO, ISCONFIRMED, WARRANTYFOR_ID, ALLOTTEDTIME, CREATEDFROMESTIMATESTATUSWHENBOOKING, EXTERNALID, GENERATEDBY_ID, PMDATE, STATUS, APPROXIMATESTARTDATE, LATEPENALTY, OPPORTUNITY_ID, DRIVINGCOST, ESTIMATEDCOST, MANAGEFOLLOWUPEMAIL, PREVAILINGWAGECODE_ID, TYPE_ID]
Column names for DataMart Table --> STR_JOB :: [CREATEDFROMESTIMATE_ID, MONTHNUMBER, NOTIFICATIONSENABLED, PLANEND, WARRANTYFOR_ID, CUSTOMERPO, DRIVETIME, RECORD_UPDATE_DATE, ID, RECALLFOR_ID, SECONDARYJOBNUMBER, RECORD_CREATE_DATE, CALLSCRIPTANSWERRECORD_ID, COMPLETIONSURVEYID, CREATEDBY_ID, CREATEDFROMESTIMATESTATUSWHENBOOKING, CREATEDON, LASTCHANGEDBYSMARTDISPATCH, NOCHARGE, LEADGENERATED_ID, LEAD_ID, TYPE_ID, NUMBER, CAMPAIGN_ID, IMPORTID, PLANSTART, NOCHARGESOURCE, OPPORTUNITYDATE, ACTIVE_FLAG, APPROXIMATESTARTDATE, COMPLETEDON, DURATION, PMDATE, MANAGEFOLLOWUPEMAIL, PREDICTEDTOTAL, PROJECT_ID, SUMMARY, ISTECHNICIANSPECIFIC, EXTERNALID, GENERATEDFROM_ID, ISPREVAILINGWAGE, LATEPENALTY, MODIFIEDON, OPPORTUNITY_ID, SMARTDISPATCHDATA_JOB, STATUS, TENANT_TYPE, APPROXIMATEENDDATE, BUSINESSUNIT_ID, GENERATEDBY_ID, INVOICE_ID, ISCONFIRMED, LOCATION_ID, SOLDBY_ID, PROJECTEDVALUE, REASSIGNMENTPENALTY, ISAUTODISPATCHED, PREVAILINGWAGEJOBNUMBER, ACTIVE, ALLOTTEDTIME, CUSTOMER_ID, DRIVINGCOST, FIRSTAPPOINTMENT_ID, MEMBERSHIP_ID, PREVAILINGWAGECODE_ID, TOTAL, END, LASTAPPOINTMENT_ID, MASTER_ID, PREDICTEDSALES, PRIORITY, START, UNION, ESTIMATEDCOST, MANAGEEMPLOYEEEMAIL]
Column names for Curated Table --> DIM_JOB :: [LASTCHANGEDBYSMARTDISPATCH, PROJECTEDVALUE, TYPE_ID, EXTERNALID, NOCHARGESOURCE, PMDATE, RECALLFOR_ID, START, ACTIVE, ISAUTODISPATCHED, MONTHNUMBER, PRIORITY, CREATEDON, OPPORTUNITYDATE, PREVAILINGWAGEJOBNUMBER, RECORD_CREATE_DATE, CREATEDBY_ID, LASTAPPOINTMENT_ID, MANAGEEMPLOYEEEMAIL, TOTAL, APPROXIMATESTARTDATE, GENERATEDBY_ID, MANAGEFOLLOWUPEMAIL, RECORD_UPDATED_BY, WARRANTYFOR_ID, UNION, CREATEDFROMESTIMATE_ID, REASSIGNMENTPENALTY, PREDICTEDSALES, LATEPENALTY, DURATION, DRIVETIME, STATUS, SUMMARY, IMPORTID, NOTIFICATIONSENABLED, RECORD_UPDATE_DATE, ALLOTTEDTIME, COMPLETEDON, CUSTOMERPO, GENERATEDFROM_ID, ISTECHNICIANSPECIFIC, LOCATION_ID, PLANEND, MODIFIEDON, PREVAILINGWAGECODE_ID, SECONDARYJOBNUMBER, END, OPPORTUNITY_ID, APPROXIMATEENDDATE, BUSINESSUNIT_ID, CALLSCRIPTANSWERRECORD_ID, CUSTOMER_ID, DRIVINGCOST, ESTIMATEDCOST, FIRSTAPPOINTMENT_ID, PROJECT_ID, SOLDBY_ID, NOCHARGE, ISCONFIRMED, LEADGENERATED_ID, CAMPAIGN_ID, COMPLETIONSURVEYID, CREATEDFROMESTIMATESTATUSWHENBOOKING, ID, INVOICE_ID, ISPREVAILINGWAGE, LEAD_ID, MEMBERSHIP_ID, PLANSTART, SMARTDISPATCHDATA_JOB, TENANT_TYPE, PREDICTEDTOTAL, NUMBER]
Column Name found in Datamart and Curated Table :: CALLSCRIPTANSWERRECORD_ID
Column Name found in Datamart and Curated Table :: FIRSTAPPOINTMENT_ID
Column Name found in Datamart and Curated Table :: INVOICE_ID
Column Name found in Datamart and Curated Table :: LEADGENERATED_ID
Column Name found in Datamart and Curated Table :: LOCATION_ID
Column Name found in Datamart and Curated Table :: MEMBERSHIP_ID
Column Name found in Datamart and Curated Table :: NOCHARGESOURCE
Column Name found in Datamart and Curated Table :: PREVAILINGWAGEJOBNUMBER
Column Name found in Datamart and Curated Table :: SOLDBY_ID
Column Name found in Datamart and Curated Table :: SUMMARY
Column Name found in Datamart and Curated Table :: LASTAPPOINTMENT_ID
Column Name found in Datamart and Curated Table :: PLANEND
Column Name found in Datamart and Curated Table :: ACTIVE
Column Name found in Datamart and Curated Table :: BUSINESSUNIT_ID
Column Name found in Datamart and Curated Table :: COMPLETIONSURVEYID
Column Name found in Datamart and Curated Table :: ID
Column Name found in Datamart and Curated Table :: TOTAL
Column Name found in Datamart and Curated Table :: CREATEDBY_ID
Column Name found in Datamart and Curated Table :: REASSIGNMENTPENALTY
Column Name found in Datamart and Curated Table :: COMPLETEDON
Column Name found in Datamart and Curated Table :: CREATEDON
Column Name found in Datamart and Curated Table :: GENERATEDFROM_ID
Column Name found in Datamart and Curated Table :: MODIFIEDON
Column Name found in Datamart and Curated Table :: PREDICTEDTOTAL
Column Name found in Datamart and Curated Table :: PROJECT_ID
Column Name found in Datamart and Curated Table :: START
Column Name found in Datamart and Curated Table :: PREDICTEDSALES
Column Name found in Datamart and Curated Table :: SECONDARYJOBNUMBER
Column Name found in Datamart and Curated Table :: UNION
Column Name found in Datamart and Curated Table :: CAMPAIGN_ID
Column Name found in Datamart and Curated Table :: DRIVETIME
Column Name found in Datamart and Curated Table :: END
Column Name found in Datamart and Curated Table :: NUMBER
Column Name found in Datamart and Curated Table :: IMPORTID
Column Name found in Datamart and Curated Table :: ISPREVAILINGWAGE
Column Name found in Datamart and Curated Table :: MANAGEEMPLOYEEEMAIL
Column Name found in Datamart and Curated Table :: MONTHNUMBER
Column Name found in Datamart and Curated Table :: OPPORTUNITYDATE
Column Name found in Datamart and Curated Table :: APPROXIMATEENDDATE
Column Name found in Datamart and Curated Table :: CREATEDFROMESTIMATE_ID
Column Name found in Datamart and Curated Table :: DURATION
Column Name found in Datamart and Curated Table :: RECALLFOR_ID
Column Name found in Datamart and Curated Table :: CUSTOMER_ID
Column Name found in Datamart and Curated Table :: PLANSTART
Column Name found in Datamart and Curated Table :: PRIORITY
Column Name found in Datamart and Curated Table :: PROJECTEDVALUE
Column Name found in Datamart and Curated Table :: SMARTDISPATCHDATA_JOB
Column Name found in Datamart and Curated Table :: LASTCHANGEDBYSMARTDISPATCH
Column Name found in Datamart and Curated Table :: ISTECHNICIANSPECIFIC
Column Name found in Datamart and Curated Table :: ISAUTODISPATCHED
Column Name found in Datamart and Curated Table :: LEAD_ID
Column Name found in Datamart and Curated Table :: NOCHARGE
Column Name found in Datamart and Curated Table :: NOTIFICATIONSENABLED
Column Name found in Datamart and Curated Table :: CUSTOMERPO
Column Name found in Datamart and Curated Table :: ISCONFIRMED
Column Name found in Datamart and Curated Table :: WARRANTYFOR_ID
Column Name found in Datamart and Curated Table :: ALLOTTEDTIME
Column Name found in Datamart and Curated Table :: CREATEDFROMESTIMATESTATUSWHENBOOKING
Column Name found in Datamart and Curated Table :: EXTERNALID
Column Name found in Datamart and Curated Table :: GENERATEDBY_ID
Column Name found in Datamart and Curated Table :: PMDATE
Column Name found in Datamart and Curated Table :: STATUS
Column Name found in Datamart and Curated Table :: APPROXIMATESTARTDATE
Column Name found in Datamart and Curated Table :: LATEPENALTY
Column Name found in Datamart and Curated Table :: OPPORTUNITY_ID
Column Name found in Datamart and Curated Table :: DRIVINGCOST
Column Name found in Datamart and Curated Table :: ESTIMATEDCOST
Column Name found in Datamart and Curated Table :: MANAGEFOLLOWUPEMAIL
Column Name found in Datamart and Curated Table :: PREVAILINGWAGECODE_ID
Column Name found in Datamart and Curated Table :: TYPE_ID
Datamart tables contains additional column name like [ACTIVE_FLAG, RECORD_CREATE_DATE, RECORD_UPDATE_DATE, RECORD_UPDATE_DATE, MASTER_ID, TENANT_TYPE]
Curated tables contains additional column name like [RECORD_CREATE_DATE, RECORD_UPDATE_DATE, RECORD_UPDATED_BY, TENANT_TYPE]]]>
  </system-out>
  <testcase classname="testcases.RAW_DATAMART_CURATED.SnowFlake_ColumnValidation_BKPTables" name="validateColumnName_BKP" time="2.299"/>
  <system-out>
    <![CDATA[Executing Snowflake query :: SELECT COLUMN_NAME FROM DEV_ENT_RAW.INFORMATION_SCHEMA.COLUMNS WHERE TABLE_NAME='INVOICE'and TABLE_SCHEMA='ST_HUTCHINSON_MATILLION'
Executing Snowflake query :: SELECT COLUMN_NAME FROM CURATED_DATAMART.INFORMATION_SCHEMA.COLUMNS WHERE TABLE_NAME='STR_INVOICE'and TABLE_SCHEMA='ST_BKP_HUTCHINSON'
Executing Snowflake query :: SELECT COLUMN_NAME FROM DEV_ENT_CURATED.INFORMATION_SCHEMA.COLUMNS WHERE TABLE_NAME='FACT_INVOICE'and TABLE_SCHEMA='MASTER_DIMENSIONS'
Column names for RAW Table --> INVOICE :: [ACTIVE, BATCH_ID, BILLINGDATE, IMPORTID, NUMERICNUMBER, STATUS, MATERIALTAX, ADJUSTMENTTO_ID, AUTHORIZATIONSIGNATURE, JOB_ID, PAIDON, PROJECT_ID, BUSINESSUNIT_ID, CUSTOMER_ID, FEETAX, MATERIALSKUREFERENCE_SKUID, TYPE_ID, CONFIGURATION, PROJECTLABELS, TECHNICIANACKNOWLEDGEMENTSIGNATURE, COUNTERSALESLOCATION_ID, LOCATION_ID, MODIFIEDON, NUMBER, COMMISSIONELIGIBILITYDATE, EXTERNALID, PAYROLLDATE, ROYALTY_STATUS, TAX, ID, MATERIALSKUREFERENCE_SKUTYPE, PAYMENTDUEDATE, SUBTOTAL, SUMMARY, FEETOTAL, MEMBERSHIP_ID, ROYALTY_DATE, ACKNOWLEDGEMENTSIGNATURE, CREATEDBY_ID, EXCLUDEFROMPAYROLL, INVOICEDON, TAXZONE_ID, ROYALTY_MEMO, AUTHORIZEDAMOUNT, CREATEDON, INCLUDEINTECHNICIANREPORTS, MATERIALSKU_ID, PAYMENTTERM_ID, TOTAL, LABORTAX, DISCOUNTTOTAL, BALANCE, ROYALTY_SENTON, SIGNATURE, EXPORTID, NETAMOUNT, NEWCONSTRUCTION]
Column names for DataMart Table --> STR_INVOICE :: [AUTHORIZATIONSIGNATURE, BILLINGDATE, CREATEDON, CUSTOMER_ID, EXCLUDEFROMPAYROLL, EXTERNALID, MATERIALSKUREFERENCE_SKUID, PAIDON, NETAMOUNT, NUMBER, PROJECT_ID, PAYMENTTERM_ID, PAYMENTDUEDATE, ROYALTY_STATUS, ACKNOWLEDGEMENTSIGNATURE, ACTIVE, BATCH_ID, FEETAX, ROYALTY_MEMO, TENANT_TYPE, PAYROLLDATE, ACTIVE_FLAG, COMMISSIONELIGIBILITYDATE, JOB_ID, NUMERICNUMBER, PROJECTLABELS, COUNTERSALESLOCATION_ID, IMPORTID, MEMBERSHIP_ID, NEWCONSTRUCTION, ROYALTY_SENTON, RECORD_CREATE_DATE, BALANCE, CREATEDBY_ID, INCLUDEINTECHNICIANREPORTS, MASTER_ID, RECORD_UPDATE_DATE, STATUS, MATERIALTAX, TAX, MATERIALSKUREFERENCE_SKUTYPE, MATERIALSKU_ID, TAXZONE_ID, ROYALTY_DATE, ADJUSTMENTTO_ID, AUTHORIZEDAMOUNT, FEETOTAL, ID, LOCATION_ID, SUBTOTAL, TECHNICIANACKNOWLEDGEMENTSIGNATURE, MODIFIEDON, SIGNATURE, TYPE_ID, BUSINESSUNIT_ID, CONFIGURATION, DISCOUNTTOTAL, EXPORTID, INVOICEDON, LABORTAX, TOTAL, SUMMARY]
Column names for Curated Table --> FACT_INVOICE :: [CONFIGURATION, EXPORTID, EXTERNALID, MATERIALSKUREFERENCE_SKUTYPE, RECORD_UPDATED_BY, ROYALTY_DATE, FEETAX, TAX, TOTAL, BALANCE, BUSINESSUNIT_ID, CREATEDON, PAYMENTDUEDATE, PROJECT_ID, NETAMOUNT, NUMERICNUMBER, ROYALTY_SENTON, NUMBER, DISCOUNTTOTAL, EXCLUDEFROMPAYROLL, INCLUDEINTECHNICIANREPORTS, MODIFIEDON, STATUS, TENANT_TYPE, NEWCONSTRUCTION, ACKNOWLEDGEMENTSIGNATURE, ADJUSTMENTTO_ID, CREATEDBY_ID, CUSTOMER_ID, FEETOTAL, INVOICEDON, PAIDON, TYPE_ID, JOB_ID, LABORTAX, LOCATION_ID, ROYALTY_STATUS, SUMMARY, PROJECTLABELS, MATERIALSKUREFERENCE_SKUID, MATERIALSKU_ID, MEMBERSHIP_ID, COMMISSIONELIGIBILITYDATE, RECORD_CREATE_DATE, RECORD_UPDATE_DATE, SIGNATURE, AUTHORIZATIONSIGNATURE, BILLINGDATE, IMPORTID, TECHNICIANACKNOWLEDGEMENTSIGNATURE, AUTHORIZEDAMOUNT, ID, PAYROLLDATE, ACTIVE, COUNTERSALESLOCATION_ID, PAYMENTTERM_ID, SUBTOTAL, BATCH_ID, MATERIALTAX, ROYALTY_MEMO, TAXZONE_ID]
Column Name found in Datamart and Curated Table :: ACTIVE
Column Name found in Datamart and Curated Table :: BATCH_ID
Column Name found in Datamart and Curated Table :: BILLINGDATE
Column Name found in Datamart and Curated Table :: IMPORTID
Column Name found in Datamart and Curated Table :: NUMERICNUMBER
Column Name found in Datamart and Curated Table :: STATUS
Column Name found in Datamart and Curated Table :: MATERIALTAX
Column Name found in Datamart and Curated Table :: ADJUSTMENTTO_ID
Column Name found in Datamart and Curated Table :: AUTHORIZATIONSIGNATURE
Column Name found in Datamart and Curated Table :: JOB_ID
Column Name found in Datamart and Curated Table :: PAIDON
Column Name found in Datamart and Curated Table :: PROJECT_ID
Column Name found in Datamart and Curated Table :: BUSINESSUNIT_ID
Column Name found in Datamart and Curated Table :: CUSTOMER_ID
Column Name found in Datamart and Curated Table :: FEETAX
Column Name found in Datamart and Curated Table :: MATERIALSKUREFERENCE_SKUID
Column Name found in Datamart and Curated Table :: TYPE_ID
Column Name found in Datamart and Curated Table :: CONFIGURATION
Column Name found in Datamart and Curated Table :: PROJECTLABELS
Column Name found in Datamart and Curated Table :: TECHNICIANACKNOWLEDGEMENTSIGNATURE
Column Name found in Datamart and Curated Table :: COUNTERSALESLOCATION_ID
Column Name found in Datamart and Curated Table :: LOCATION_ID
Column Name found in Datamart and Curated Table :: MODIFIEDON
Column Name found in Datamart and Curated Table :: NUMBER
Column Name found in Datamart and Curated Table :: COMMISSIONELIGIBILITYDATE
Column Name found in Datamart and Curated Table :: EXTERNALID
Column Name found in Datamart and Curated Table :: PAYROLLDATE
Column Name found in Datamart and Curated Table :: ROYALTY_STATUS
Column Name found in Datamart and Curated Table :: TAX
Column Name found in Datamart and Curated Table :: ID
Column Name found in Datamart and Curated Table :: MATERIALSKUREFERENCE_SKUTYPE
Column Name found in Datamart and Curated Table :: PAYMENTDUEDATE
Column Name found in Datamart and Curated Table :: SUBTOTAL
Column Name found in Datamart and Curated Table :: SUMMARY
Column Name found in Datamart and Curated Table :: FEETOTAL
Column Name found in Datamart and Curated Table :: MEMBERSHIP_ID
Column Name found in Datamart and Curated Table :: ROYALTY_DATE
Column Name found in Datamart and Curated Table :: ACKNOWLEDGEMENTSIGNATURE
Column Name found in Datamart and Curated Table :: CREATEDBY_ID
Column Name found in Datamart and Curated Table :: EXCLUDEFROMPAYROLL
Column Name found in Datamart and Curated Table :: INVOICEDON
Column Name found in Datamart and Curated Table :: TAXZONE_ID
Column Name found in Datamart and Curated Table :: ROYALTY_MEMO
Column Name found in Datamart and Curated Table :: AUTHORIZEDAMOUNT
Column Name found in Datamart and Curated Table :: CREATEDON
Column Name found in Datamart and Curated Table :: INCLUDEINTECHNICIANREPORTS
Column Name found in Datamart and Curated Table :: MATERIALSKU_ID
Column Name found in Datamart and Curated Table :: PAYMENTTERM_ID
Column Name found in Datamart and Curated Table :: TOTAL
Column Name found in Datamart and Curated Table :: LABORTAX
Column Name found in Datamart and Curated Table :: DISCOUNTTOTAL
Column Name found in Datamart and Curated Table :: BALANCE
Column Name found in Datamart and Curated Table :: ROYALTY_SENTON
Column Name found in Datamart and Curated Table :: SIGNATURE
Column Name found in Datamart and Curated Table :: EXPORTID
Column Name found in Datamart and Curated Table :: NETAMOUNT
Column Name found in Datamart and Curated Table :: NEWCONSTRUCTION
Datamart tables contains additional column name like [ACTIVE_FLAG, RECORD_CREATE_DATE, RECORD_UPDATE_DATE, RECORD_UPDATE_DATE, MASTER_ID, TENANT_TYPE]
Curated tables contains additional column name like [RECORD_CREATE_DATE, RECORD_UPDATE_DATE, RECORD_UPDATED_BY, TENANT_TYPE]]]>
  </system-out>
  <testcase classname="testcases.RAW_DATAMART_CURATED.SnowFlake_ColumnValidation_BKPTables" name="validateColumnName_BKP" time="2.757"/>
  <system-out>
    <![CDATA[Executing Snowflake query :: SELECT COLUMN_NAME FROM DEV_ENT_RAW.INFORMATION_SCHEMA.COLUMNS WHERE TABLE_NAME='EMPLOYEE'and TABLE_SCHEMA='ST_CASTEEL_MATILLION'
Executing Snowflake query :: SELECT COLUMN_NAME FROM CURATED_DATAMART.INFORMATION_SCHEMA.COLUMNS WHERE TABLE_NAME='STR_EMPLOYEE'and TABLE_SCHEMA='ST_BKP_CASTEEL'
Executing Snowflake query :: SELECT COLUMN_NAME FROM DEV_ENT_CURATED.INFORMATION_SCHEMA.COLUMNS WHERE TABLE_NAME='DIM_EMPLOYEE'and TABLE_SCHEMA='MASTER_DIMENSIONS'
Column names for RAW Table --> EMPLOYEE :: [BIRTHDATE, HOME_CITY, PHONECONFIRMED, MODIFIEDON, SALESFORCEROLE, CREATEDBY_ID, FIRSTNAME, HOME_LATITUDE, HOME_LONGITUDE, IMPORTID, ISEXCLUDEDFROMPAYROLL, MOBILEPHONECONFIRMED, OVERTIMEMODE, POSITION, HOME_STREET, HOME_COUNTRY, LASTNAME, MOBILEPHONE, HOME_ZIP, ACTIVE, CLOCKINOUTREMINDER, EMAIL, PAYROLLBUSINESSUNIT_ID, PAYROLLSTARTPERIOD, STARTDATE, SALESFORCECONTACTID, EMAILCONFIRMED, HOME_ISMANUALCOORDINATES, NAME, OVERTIMEPROFILE_ID, PAYROLLID, PAYFREQUENCY_ID, HOURLYRATE, PHONE, CREATEDON, ID, ISEXTERNAL, MANAGER_ID, MIDDLENAME, HOME_STATE, HOME_UNIT, AGENTID, HOME_ISMILITARY, PHOTO, USER_ID]
Column names for DataMart Table --> STR_EMPLOYEE :: [ACTIVE_FLAG, FIRSTNAME, HOME_STATE, OVERTIMEPROFILE_ID, HOME_COUNTRY, EMAILCONFIRMED, MANAGER_ID, MODIFIEDON, SALESFORCEROLE, PAYROLLBUSINESSUNIT_ID, STARTDATE, HOME_ISMANUALCOORDINATES, PAYROLLID, HOURLYRATE, ISEXCLUDEDFROMPAYROLL, HOME_LONGITUDE, ISEXTERNAL, TENANT_TYPE, ACTIVE, BIRTHDATE, MOBILEPHONE, ID, PHONECONFIRMED, PHOTO, AGENTID, CREATEDBY_ID, HOME_LATITUDE, HOME_ZIP, PHONE, RECORD_UPDATE_DATE, OVERTIMEMODE, LASTNAME, CLOCKINOUTREMINDER, EMAIL, IMPORTID, MASTER_ID, MOBILEPHONECONFIRMED, PAYFREQUENCY_ID, CREATEDON, HOME_CITY, SALESFORCECONTACTID, HOME_STREET, MIDDLENAME, RECORD_CREATE_DATE, HOME_ISMILITARY, HOME_UNIT, NAME, PAYROLLSTARTPERIOD, USER_ID, POSITION]
Column names for Curated Table --> DIM_EMPLOYEE :: [CREATEDON, EMAIL, HOME_COUNTRY, HOME_ISMILITARY, PAYROLLID, PHONECONFIRMED, PAYROLLSTARTPERIOD, STARTDATE, PHONE, EMAILCONFIRMED, MOBILEPHONE, PAYFREQUENCY_ID, USER_ID, HOME_STATE, ISEXTERNAL, SALESFORCEROLE, CLOCKINOUTREMINDER, OVERTIMEMODE, ACTIVE, FIRSTNAME, HOURLYRATE, ISEXCLUDEDFROMPAYROLL, PAYROLLBUSINESSUNIT_ID, SALESFORCECONTACTID, AGENTID, CREATEDBY_ID, MANAGER_ID, HOME_ZIP, ID, IMPORTID, MODIFIEDON, PHOTO, RECORD_CREATE_DATE, BIRTHDATE, HOME_LATITUDE, HOME_STREET, POSITION, MOBILEPHONECONFIRMED, RECORD_UPDATED_BY, HOME_CITY, HOME_ISMANUALCOORDINATES, HOME_LONGITUDE, HOME_UNIT, LASTNAME, MIDDLENAME, TENANT_TYPE, NAME, RECORD_UPDATE_DATE, OVERTIMEPROFILE_ID]
Column Name found in Datamart and Curated Table :: BIRTHDATE
Column Name found in Datamart and Curated Table :: HOME_CITY
Column Name found in Datamart and Curated Table :: PHONECONFIRMED
Column Name found in Datamart and Curated Table :: MODIFIEDON
Column Name found in Datamart and Curated Table :: SALESFORCEROLE
Column Name found in Datamart and Curated Table :: CREATEDBY_ID
Column Name found in Datamart and Curated Table :: FIRSTNAME
Column Name found in Datamart and Curated Table :: HOME_LATITUDE
Column Name found in Datamart and Curated Table :: HOME_LONGITUDE
Column Name found in Datamart and Curated Table :: IMPORTID
Column Name found in Datamart and Curated Table :: ISEXCLUDEDFROMPAYROLL
Column Name found in Datamart and Curated Table :: MOBILEPHONECONFIRMED
Column Name found in Datamart and Curated Table :: OVERTIMEMODE
Column Name found in Datamart and Curated Table :: POSITION
Column Name found in Datamart and Curated Table :: HOME_STREET
Column Name found in Datamart and Curated Table :: HOME_COUNTRY
Column Name found in Datamart and Curated Table :: LASTNAME
Column Name found in Datamart and Curated Table :: MOBILEPHONE
Column Name found in Datamart and Curated Table :: HOME_ZIP
Column Name found in Datamart and Curated Table :: ACTIVE
Column Name found in Datamart and Curated Table :: CLOCKINOUTREMINDER
Column Name found in Datamart and Curated Table :: EMAIL
Column Name found in Datamart and Curated Table :: PAYROLLBUSINESSUNIT_ID
Column Name found in Datamart and Curated Table :: PAYROLLSTARTPERIOD
Column Name found in Datamart and Curated Table :: STARTDATE
Column Name found in Datamart and Curated Table :: SALESFORCECONTACTID
Column Name found in Datamart and Curated Table :: EMAILCONFIRMED
Column Name found in Datamart and Curated Table :: HOME_ISMANUALCOORDINATES
Column Name found in Datamart and Curated Table :: NAME
Column Name found in Datamart and Curated Table :: OVERTIMEPROFILE_ID
Column Name found in Datamart and Curated Table :: PAYROLLID
Column Name found in Datamart and Curated Table :: PAYFREQUENCY_ID
Column Name found in Datamart and Curated Table :: HOURLYRATE
Column Name found in Datamart and Curated Table :: PHONE
Column Name found in Datamart and Curated Table :: CREATEDON
Column Name found in Datamart and Curated Table :: ID
Column Name found in Datamart and Curated Table :: ISEXTERNAL
Column Name found in Datamart and Curated Table :: MANAGER_ID
Column Name found in Datamart and Curated Table :: MIDDLENAME
Column Name found in Datamart and Curated Table :: HOME_STATE
Column Name found in Datamart and Curated Table :: HOME_UNIT
Column Name found in Datamart and Curated Table :: AGENTID
Column Name found in Datamart and Curated Table :: HOME_ISMILITARY
Column Name found in Datamart and Curated Table :: PHOTO
Column Name found in Datamart and Curated Table :: USER_ID
Datamart tables contains additional column name like [ACTIVE_FLAG, RECORD_CREATE_DATE, RECORD_UPDATE_DATE, RECORD_UPDATE_DATE, MASTER_ID, TENANT_TYPE]
Curated tables contains additional column name like [RECORD_CREATE_DATE, RECORD_UPDATE_DATE, RECORD_UPDATED_BY, TENANT_TYPE]]]>
  </system-out>
  <testcase classname="testcases.RAW_DATAMART_CURATED.SnowFlake_ColumnValidation_BKPTables" name="validateColumnName_BKP" time="2.702"/>
  <system-out>
    <![CDATA[Executing Snowflake query :: SELECT COLUMN_NAME FROM DEV_ENT_RAW.INFORMATION_SCHEMA.COLUMNS WHERE TABLE_NAME='CUSTOMER'and TABLE_SCHEMA='ST_MAITZ_MATILLION'
Executing Snowflake query :: SELECT COLUMN_NAME FROM CURATED_DATAMART.INFORMATION_SCHEMA.COLUMNS WHERE TABLE_NAME='STR_CUSTOMER'and TABLE_SCHEMA='ST_BKP_MAITZ'
Executing Snowflake query :: SELECT COLUMN_NAME FROM DEV_ENT_CURATED.INFORMATION_SCHEMA.COLUMNS WHERE TABLE_NAME='DIM_CUSTOMER'and TABLE_SCHEMA='MASTER_DIMENSIONS'
Column names for RAW Table --> CUSTOMER :: [ADDRESS_ISMILITARY, NOCHARGE, EXCLUDEFROMBULKPRINTING, ADDRESS_ZIP, AR, DONOTSERVICE, MEMBERSHIP_TO, MEMBERSHIP_FROM, ADDRESS_ISMANUALCOORDINATES, CREATEDON, DONOTCHARGEINTERESTFEE, DONOTMAIL, STATISTICS_ID, TYPE, ADDRESS_UNIT, ADDRESS_COUNTRY, ADDRESS_LATITUDE, ADDRESS_STREET, CREATEDBY_ID, EXTERNALID, PAYMENTTERM_ID, TAXEXEMPT, MEMBERSHIP_ACTIVATEDFROM, ACTIVE, ADDRESS_CITY, ADDRESS_LONGITUDE, HEADER, SHOWMEMBERSAVINGS, BALANCE, NAME, AVALARAENTITYCODE, IMPORTID, MEMBERSHIP_ACTIVATEDBY, MEMBERSHIP_CANCELLATIONDATE, MODIFIEDON, DONOTSENDPROMOTIONALEMAILS, ID, ADDRESS_STATE]
Column names for DataMart Table --> STR_CUSTOMER :: [EXTERNALID, MEMBERSHIP_ACTIVATEDFROM, MEMBERSHIP_FROM, MODIFIEDON, NOCHARGE, BALANCE, ACTIVE_FLAG, ADDRESS_CITY, ADDRESS_COUNTRY, ADDRESS_ISMANUALCOORDINATES, ADDRESS_LATITUDE, TAXEXEMPT, ADDRESS_ISMILITARY, ADDRESS_ZIP, TENANT_TYPE, CREATEDON, MASTER_ID, SHOWMEMBERSAVINGS, DONOTMAIL, DONOTSENDPROMOTIONALEMAILS, HEADER, TYPE, MEMBERSHIP_CANCELLATIONDATE, ACTIVE, ADDRESS_STATE, MEMBERSHIP_ACTIVATEDBY, RECORD_CREATE_DATE, EXCLUDEFROMBULKPRINTING, ADDRESS_STREET, DONOTSERVICE, PAYMENTTERM_ID, CREATEDBY_ID, RECORD_UPDATE_DATE, ADDRESS_LONGITUDE, ADDRESS_UNIT, AR, AVALARAENTITYCODE, ID, NAME, MEMBERSHIP_TO, DONOTCHARGEINTERESTFEE, STATISTICS_ID, IMPORTID]
Column names for Curated Table --> DIM_CUSTOMER :: [ADDRESS_UNIT, PAYMENTTERM_ID, BALANCE, IMPORTID, ACTIVE, ADDRESS_COUNTRY, ADDRESS_ISMANUALCOORDINATES, ADDRESS_STATE, ADDRESS_ZIP, AR, NAME, MEMBERSHIP_TO, ADDRESS_CITY, ADDRESS_STREET, DONOTSERVICE, MEMBERSHIP_CANCELLATIONDATE, NOCHARGE, HEADER, CREATEDBY_ID, EXTERNALID, MODIFIEDON, DONOTCHARGEINTERESTFEE, MEMBERSHIP_ACTIVATEDBY, RECORD_UPDATE_DATE, RECORD_UPDATED_BY, STATISTICS_ID, CREATEDON, DONOTMAIL, ID, TAXEXEMPT, RECORD_CREATE_DATE, ADDRESS_LATITUDE, ADDRESS_LONGITUDE, AVALARAENTITYCODE, DONOTSENDPROMOTIONALEMAILS, MEMBERSHIP_FROM, TENANT_TYPE, TYPE, ADDRESS_ISMILITARY, MEMBERSHIP_ACTIVATEDFROM, SHOWMEMBERSAVINGS, EXCLUDEFROMBULKPRINTING]
Column Name found in Datamart and Curated Table :: ADDRESS_ISMILITARY
Column Name found in Datamart and Curated Table :: NOCHARGE
Column Name found in Datamart and Curated Table :: EXCLUDEFROMBULKPRINTING
Column Name found in Datamart and Curated Table :: ADDRESS_ZIP
Column Name found in Datamart and Curated Table :: AR
Column Name found in Datamart and Curated Table :: DONOTSERVICE
Column Name found in Datamart and Curated Table :: MEMBERSHIP_TO
Column Name found in Datamart and Curated Table :: MEMBERSHIP_FROM
Column Name found in Datamart and Curated Table :: ADDRESS_ISMANUALCOORDINATES
Column Name found in Datamart and Curated Table :: CREATEDON
Column Name found in Datamart and Curated Table :: DONOTCHARGEINTERESTFEE
Column Name found in Datamart and Curated Table :: DONOTMAIL
Column Name found in Datamart and Curated Table :: STATISTICS_ID
Column Name found in Datamart and Curated Table :: TYPE
Column Name found in Datamart and Curated Table :: ADDRESS_UNIT
Column Name found in Datamart and Curated Table :: ADDRESS_COUNTRY
Column Name found in Datamart and Curated Table :: ADDRESS_LATITUDE
Column Name found in Datamart and Curated Table :: ADDRESS_STREET
Column Name found in Datamart and Curated Table :: CREATEDBY_ID
Column Name found in Datamart and Curated Table :: EXTERNALID
Column Name found in Datamart and Curated Table :: PAYMENTTERM_ID
Column Name found in Datamart and Curated Table :: TAXEXEMPT
Column Name found in Datamart and Curated Table :: MEMBERSHIP_ACTIVATEDFROM
Column Name found in Datamart and Curated Table :: ACTIVE
Column Name found in Datamart and Curated Table :: ADDRESS_CITY
Column Name found in Datamart and Curated Table :: ADDRESS_LONGITUDE
Column Name found in Datamart and Curated Table :: HEADER
Column Name found in Datamart and Curated Table :: SHOWMEMBERSAVINGS
Column Name found in Datamart and Curated Table :: BALANCE
Column Name found in Datamart and Curated Table :: NAME
Column Name found in Datamart and Curated Table :: AVALARAENTITYCODE
Column Name found in Datamart and Curated Table :: IMPORTID
Column Name found in Datamart and Curated Table :: MEMBERSHIP_ACTIVATEDBY
Column Name found in Datamart and Curated Table :: MEMBERSHIP_CANCELLATIONDATE
Column Name found in Datamart and Curated Table :: MODIFIEDON
Column Name found in Datamart and Curated Table :: DONOTSENDPROMOTIONALEMAILS
Column Name found in Datamart and Curated Table :: ID
Column Name found in Datamart and Curated Table :: ADDRESS_STATE
Datamart tables contains additional column name like [ACTIVE_FLAG, RECORD_CREATE_DATE, RECORD_UPDATE_DATE, RECORD_UPDATE_DATE, MASTER_ID, TENANT_TYPE]
Curated tables contains additional column name like [RECORD_CREATE_DATE, RECORD_UPDATE_DATE, RECORD_UPDATED_BY, TENANT_TYPE]]]>
  </system-out>
  <testcase classname="testcases.RAW_DATAMART_CURATED.SnowFlake_ColumnValidation_BKPTables" name="validateColumnName_BKP" time="2.668"/>
  <system-out>
    <![CDATA[Executing Snowflake query :: SELECT COLUMN_NAME FROM DEV_ENT_RAW.INFORMATION_SCHEMA.COLUMNS WHERE TABLE_NAME='CUSTOMER'and TABLE_SCHEMA='ST_FOURPROS_MATILLION'
Executing Snowflake query :: SELECT COLUMN_NAME FROM CURATED_DATAMART.INFORMATION_SCHEMA.COLUMNS WHERE TABLE_NAME='STR_CUSTOMER'and TABLE_SCHEMA='ST_BKP_FOURPROS'
Executing Snowflake query :: SELECT COLUMN_NAME FROM DEV_ENT_CURATED.INFORMATION_SCHEMA.COLUMNS WHERE TABLE_NAME='DIM_CUSTOMER'and TABLE_SCHEMA='MASTER_DIMENSIONS'
Column names for RAW Table --> CUSTOMER :: [ADDRESS_LONGITUDE, STATISTICS_ID, CREATEDON, IMPORTID, MEMBERSHIP_FROM, MEMBERSHIP_TO, TAXEXEMPT, HEADER, SHOWMEMBERSAVINGS, EXTERNALID, CREATEDBY_ID, NOCHARGE, ADDRESS_ISMANUALCOORDINATES, AVALARAENTITYCODE, MEMBERSHIP_CANCELLATIONDATE, TYPE, ADDRESS_LATITUDE, ADDRESS_STATE, ADDRESS_ZIP, AR, DONOTMAIL, DONOTSENDPROMOTIONALEMAILS, ID, PAYMENTTERM_ID, EXCLUDEFROMBULKPRINTING, ACTIVE, ADDRESS_CITY, ADDRESS_COUNTRY, ADDRESS_ISMILITARY, ADDRESS_STREET, DONOTCHARGEINTERESTFEE, MODIFIEDON, BALANCE, MEMBERSHIP_ACTIVATEDFROM, NAME, ADDRESS_UNIT, DONOTSERVICE, MEMBERSHIP_ACTIVATEDBY]
Column names for DataMart Table --> STR_CUSTOMER :: [ADDRESS_ZIP, AVALARAENTITYCODE, MEMBERSHIP_CANCELLATIONDATE, BALANCE, DONOTSENDPROMOTIONALEMAILS, PAYMENTTERM_ID, MEMBERSHIP_ACTIVATEDFROM, MEMBERSHIP_TO, ADDRESS_UNIT, HEADER, DONOTMAIL, MEMBERSHIP_ACTIVATEDBY, ADDRESS_CITY, ADDRESS_ISMANUALCOORDINATES, ADDRESS_LONGITUDE, SHOWMEMBERSAVINGS, CREATEDON, STATISTICS_ID, NOCHARGE, TYPE, ADDRESS_LATITUDE, ADDRESS_STREET, ID, MEMBERSHIP_FROM, NAME, RECORD_CREATE_DATE, ACTIVE, DONOTSERVICE, EXCLUDEFROMBULKPRINTING, MODIFIEDON, TENANT_TYPE, ACTIVE_FLAG, ADDRESS_ISMILITARY, ADDRESS_STATE, AR, DONOTCHARGEINTERESTFEE, ADDRESS_COUNTRY, EXTERNALID, TAXEXEMPT, CREATEDBY_ID, IMPORTID, MASTER_ID, RECORD_UPDATE_DATE]
Column names for Curated Table --> DIM_CUSTOMER :: [ADDRESS_UNIT, PAYMENTTERM_ID, BALANCE, IMPORTID, ACTIVE, ADDRESS_COUNTRY, ADDRESS_ISMANUALCOORDINATES, ADDRESS_STATE, ADDRESS_ZIP, AR, NAME, MEMBERSHIP_TO, ADDRESS_CITY, ADDRESS_STREET, DONOTSERVICE, MEMBERSHIP_CANCELLATIONDATE, NOCHARGE, HEADER, CREATEDBY_ID, EXTERNALID, MODIFIEDON, DONOTCHARGEINTERESTFEE, MEMBERSHIP_ACTIVATEDBY, RECORD_UPDATE_DATE, RECORD_UPDATED_BY, STATISTICS_ID, CREATEDON, DONOTMAIL, ID, TAXEXEMPT, RECORD_CREATE_DATE, ADDRESS_LATITUDE, ADDRESS_LONGITUDE, AVALARAENTITYCODE, DONOTSENDPROMOTIONALEMAILS, MEMBERSHIP_FROM, TENANT_TYPE, TYPE, ADDRESS_ISMILITARY, MEMBERSHIP_ACTIVATEDFROM, SHOWMEMBERSAVINGS, EXCLUDEFROMBULKPRINTING]
Column Name found in Datamart and Curated Table :: ADDRESS_LONGITUDE
Column Name found in Datamart and Curated Table :: STATISTICS_ID
Column Name found in Datamart and Curated Table :: CREATEDON
Column Name found in Datamart and Curated Table :: IMPORTID
Column Name found in Datamart and Curated Table :: MEMBERSHIP_FROM
Column Name found in Datamart and Curated Table :: MEMBERSHIP_TO
Column Name found in Datamart and Curated Table :: TAXEXEMPT
Column Name found in Datamart and Curated Table :: HEADER
Column Name found in Datamart and Curated Table :: SHOWMEMBERSAVINGS
Column Name found in Datamart and Curated Table :: EXTERNALID
Column Name found in Datamart and Curated Table :: CREATEDBY_ID
Column Name found in Datamart and Curated Table :: NOCHARGE
Column Name found in Datamart and Curated Table :: ADDRESS_ISMANUALCOORDINATES
Column Name found in Datamart and Curated Table :: AVALARAENTITYCODE
Column Name found in Datamart and Curated Table :: MEMBERSHIP_CANCELLATIONDATE
Column Name found in Datamart and Curated Table :: TYPE
Column Name found in Datamart and Curated Table :: ADDRESS_LATITUDE
Column Name found in Datamart and Curated Table :: ADDRESS_STATE
Column Name found in Datamart and Curated Table :: ADDRESS_ZIP
Column Name found in Datamart and Curated Table :: AR
Column Name found in Datamart and Curated Table :: DONOTMAIL
Column Name found in Datamart and Curated Table :: DONOTSENDPROMOTIONALEMAILS
Column Name found in Datamart and Curated Table :: ID
Column Name found in Datamart and Curated Table :: PAYMENTTERM_ID
Column Name found in Datamart and Curated Table :: EXCLUDEFROMBULKPRINTING
Column Name found in Datamart and Curated Table :: ACTIVE
Column Name found in Datamart and Curated Table :: ADDRESS_CITY
Column Name found in Datamart and Curated Table :: ADDRESS_COUNTRY
Column Name found in Datamart and Curated Table :: ADDRESS_ISMILITARY
Column Name found in Datamart and Curated Table :: ADDRESS_STREET
Column Name found in Datamart and Curated Table :: DONOTCHARGEINTERESTFEE
Column Name found in Datamart and Curated Table :: MODIFIEDON
Column Name found in Datamart and Curated Table :: BALANCE
Column Name found in Datamart and Curated Table :: MEMBERSHIP_ACTIVATEDFROM
Column Name found in Datamart and Curated Table :: NAME
Column Name found in Datamart and Curated Table :: ADDRESS_UNIT
Column Name found in Datamart and Curated Table :: DONOTSERVICE
Column Name found in Datamart and Curated Table :: MEMBERSHIP_ACTIVATEDBY
Datamart tables contains additional column name like [ACTIVE_FLAG, RECORD_CREATE_DATE, RECORD_UPDATE_DATE, RECORD_UPDATE_DATE, MASTER_ID, TENANT_TYPE]
Curated tables contains additional column name like [RECORD_CREATE_DATE, RECORD_UPDATE_DATE, RECORD_UPDATED_BY, TENANT_TYPE]]]>
  </system-out>
  <testcase classname="testcases.RAW_DATAMART_CURATED.SnowFlake_ColumnValidation_BKPTables" name="validateColumnName_BKP" time="2.349"/>
  <system-out>
    <![CDATA[Executing Snowflake query :: SELECT COLUMN_NAME FROM DEV_ENT_RAW.INFORMATION_SCHEMA.COLUMNS WHERE TABLE_NAME='ESTIMATEITEM'and TABLE_SCHEMA='ST_HENDERSON_MATILLION'
Executing Snowflake query :: SELECT COLUMN_NAME FROM CURATED_DATAMART.INFORMATION_SCHEMA.COLUMNS WHERE TABLE_NAME='STR_ESTIMATEITEM'and TABLE_SCHEMA='ST_BKP_HENDERSON'
Executing Snowflake query :: SELECT COLUMN_NAME FROM DEV_ENT_CURATED.INFORMATION_SCHEMA.COLUMNS WHERE TABLE_NAME='DIM_ESTIMATEITEM'and TABLE_SCHEMA='MASTER_DIMENSIONS'
Column names for RAW Table --> ESTIMATEITEM :: [ACCOUNT, PARENTITEM_ID, ORDER, TAXABLE, CREATEDFROM_ID, INSTALLEDEQUIPMENT_ID, LASTUNITPRICESETBYEMPLOYEE, QUANTITY, ACTIVE, PROJECTLABELS, UNITPRICE, CHARGEABLE, DEMANDSTATUS, ESTIMATE_ID, GENERALLEDGERACCOUNT_ID, ITEMGROUPROOT_ID, MODIFIEDON, TOTALCOST, PAYSSOLDBYRATE, ISHIDDENFROMCUSTOMER, RENEWABLEMEMBERSHIP_ID, COST, EQUIPMENT_ID, ITEMGROUPNAME, MARKUP, MEMBERPRICE, MEMBERSHIPDURATION, SKUREFERENCE_SKUTYPE, ISNOTGOINGTOBEDONE, ADDONFLATAMOUNT, AUTOGLASSITEM_ID, CREATEDBY_ID, IMPORTID, INVOICEITEM_ID, MEMBERSHIPBILLINGFREQUENCY, PRICEMODIFIER_ID, SKUREFERENCE_SKUID, STANDARDPRICE, SOLDBY_ID, ALLOWDISCOUNTS, PROJECTORDER, SKU_ID, SCHEDULEDFLATAMOUNT, COSTOFSALEACCOUNT_ID, CREATEDON, DESCRIPTION, ISADDON, TOTAL, ID, PAYSFLATAMOUNT]
Column names for DataMart Table --> STR_ESTIMATEITEM :: [CREATEDON, MASTER_ID, MODIFIEDON, SCHEDULEDFLATAMOUNT, IMPORTID, CHARGEABLE, ISNOTGOINGTOBEDONE, ITEMGROUPROOT_ID, PRICEMODIFIER_ID, SKU_ID, TENANT_TYPE, PARENTITEM_ID, PROJECTLABELS, SKUREFERENCE_SKUTYPE, MEMBERPRICE, ACTIVE_FLAG, PROJECTORDER, INSTALLEDEQUIPMENT_ID, MEMBERSHIPDURATION, RENEWABLEMEMBERSHIP_ID, SKUREFERENCE_SKUID, ACCOUNT, ADDONFLATAMOUNT, DESCRIPTION, UNITPRICE, CREATEDFROM_ID, EQUIPMENT_ID, ISADDON, MEMBERSHIPBILLINGFREQUENCY, ORDER, TOTAL, TOTALCOST, ITEMGROUPNAME, PAYSSOLDBYRATE, COSTOFSALEACCOUNT_ID, ESTIMATE_ID, INVOICEITEM_ID, LASTUNITPRICESETBYEMPLOYEE, PAYSFLATAMOUNT, QUANTITY, RECORD_CREATE_DATE, ACTIVE, COST, GENERALLEDGERACCOUNT_ID, ISHIDDENFROMCUSTOMER, ID, ALLOWDISCOUNTS, AUTOGLASSITEM_ID, CREATEDBY_ID, DEMANDSTATUS, MARKUP, SOLDBY_ID, RECORD_UPDATE_DATE, TAXABLE, STANDARDPRICE]
Column names for Curated Table --> DIM_ESTIMATEITEM :: [CREATEDON, DEMANDSTATUS, MEMBERPRICE, MEMBERSHIPBILLINGFREQUENCY, MEMBERSHIPDURATION, SKUREFERENCE_SKUTYPE, ADDONFLATAMOUNT, AUTOGLASSITEM_ID, COST, ID, PAYSSOLDBYRATE, STANDARDPRICE, TENANT_TYPE, TOTAL, RECORD_CREATE_DATE, ITEMGROUPROOT_ID, PARENTITEM_ID, ORDER, PROJECTLABELS, SOLDBY_ID, PROJECTORDER, ACTIVE, ALLOWDISCOUNTS, CREATEDFROM_ID, DESCRIPTION, ESTIMATE_ID, MARKUP, ISADDON, CREATEDBY_ID, GENERALLEDGERACCOUNT_ID, INVOICEITEM_ID, PRICEMODIFIER_ID, RECORD_UPDATED_BY, SKUREFERENCE_SKUID, QUANTITY, CHARGEABLE, ISHIDDENFROMCUSTOMER, SKU_ID, COSTOFSALEACCOUNT_ID, ISNOTGOINGTOBEDONE, TOTALCOST, INSTALLEDEQUIPMENT_ID, ITEMGROUPNAME, PAYSFLATAMOUNT, TAXABLE, SCHEDULEDFLATAMOUNT, ACCOUNT, EQUIPMENT_ID, LASTUNITPRICESETBYEMPLOYEE, RENEWABLEMEMBERSHIP_ID, IMPORTID, RECORD_UPDATE_DATE, UNITPRICE, MODIFIEDON]
Column Name found in Datamart and Curated Table :: ACCOUNT
Column Name found in Datamart and Curated Table :: PARENTITEM_ID
Column Name found in Datamart and Curated Table :: ORDER
Column Name found in Datamart and Curated Table :: TAXABLE
Column Name found in Datamart and Curated Table :: CREATEDFROM_ID
Column Name found in Datamart and Curated Table :: INSTALLEDEQUIPMENT_ID
Column Name found in Datamart and Curated Table :: LASTUNITPRICESETBYEMPLOYEE
Column Name found in Datamart and Curated Table :: QUANTITY
Column Name found in Datamart and Curated Table :: ACTIVE
Column Name found in Datamart and Curated Table :: PROJECTLABELS
Column Name found in Datamart and Curated Table :: UNITPRICE
Column Name found in Datamart and Curated Table :: CHARGEABLE
Column Name found in Datamart and Curated Table :: DEMANDSTATUS
Column Name found in Datamart and Curated Table :: ESTIMATE_ID
Column Name found in Datamart and Curated Table :: GENERALLEDGERACCOUNT_ID
Column Name found in Datamart and Curated Table :: ITEMGROUPROOT_ID
Column Name found in Datamart and Curated Table :: MODIFIEDON
Column Name found in Datamart and Curated Table :: TOTALCOST
Column Name found in Datamart and Curated Table :: PAYSSOLDBYRATE
Column Name found in Datamart and Curated Table :: ISHIDDENFROMCUSTOMER
Column Name found in Datamart and Curated Table :: RENEWABLEMEMBERSHIP_ID
Column Name found in Datamart and Curated Table :: COST
Column Name found in Datamart and Curated Table :: EQUIPMENT_ID
Column Name found in Datamart and Curated Table :: ITEMGROUPNAME
Column Name found in Datamart and Curated Table :: MARKUP
Column Name found in Datamart and Curated Table :: MEMBERPRICE
Column Name found in Datamart and Curated Table :: MEMBERSHIPDURATION
Column Name found in Datamart and Curated Table :: SKUREFERENCE_SKUTYPE
Column Name found in Datamart and Curated Table :: ISNOTGOINGTOBEDONE
Column Name found in Datamart and Curated Table :: ADDONFLATAMOUNT
Column Name found in Datamart and Curated Table :: AUTOGLASSITEM_ID
Column Name found in Datamart and Curated Table :: CREATEDBY_ID
Column Name found in Datamart and Curated Table :: IMPORTID
Column Name found in Datamart and Curated Table :: INVOICEITEM_ID
Column Name found in Datamart and Curated Table :: MEMBERSHIPBILLINGFREQUENCY
Column Name found in Datamart and Curated Table :: PRICEMODIFIER_ID
Column Name found in Datamart and Curated Table :: SKUREFERENCE_SKUID
Column Name found in Datamart and Curated Table :: STANDARDPRICE
Column Name found in Datamart and Curated Table :: SOLDBY_ID
Column Name found in Datamart and Curated Table :: ALLOWDISCOUNTS
Column Name found in Datamart and Curated Table :: PROJECTORDER
Column Name found in Datamart and Curated Table :: SKU_ID
Column Name found in Datamart and Curated Table :: SCHEDULEDFLATAMOUNT
Column Name found in Datamart and Curated Table :: COSTOFSALEACCOUNT_ID
Column Name found in Datamart and Curated Table :: CREATEDON
Column Name found in Datamart and Curated Table :: DESCRIPTION
Column Name found in Datamart and Curated Table :: ISADDON
Column Name found in Datamart and Curated Table :: TOTAL
Column Name found in Datamart and Curated Table :: ID
Column Name found in Datamart and Curated Table :: PAYSFLATAMOUNT
Datamart tables contains additional column name like [ACTIVE_FLAG, RECORD_CREATE_DATE, RECORD_UPDATE_DATE, RECORD_UPDATE_DATE, MASTER_ID, TENANT_TYPE]
Curated tables contains additional column name like [RECORD_CREATE_DATE, RECORD_UPDATE_DATE, RECORD_UPDATED_BY, TENANT_TYPE]]]>
  </system-out>
  <testcase classname="testcases.RAW_DATAMART_CURATED.SnowFlake_ColumnValidation_BKPTables" name="validateColumnName_BKP" time="2.072">
    <failure message="The following asserts failed:
	null" type="java.lang.AssertionError">
      <![CDATA[java.lang.AssertionError: The following asserts failed:
null
at org.testng.asserts.SoftAssert.assertAll(SoftAssert.java:47)
at org.testng.asserts.SoftAssert.assertAll(SoftAssert.java:31)
at testcases.RAW_DATAMART_CURATED.SnowFlake_ColumnValidation_BKPTables.validateColumnName_BKP(SnowFlake_ColumnValidation_BKPTables.java:120)
at jdk.internal.reflect.GeneratedMethodAccessor38.invoke(Unknown Source)
at java.base/jdk.internal.reflect.DelegatingMethodAccessorImpl.invoke(DelegatingMethodAccessorImpl.java:43)
at java.base/java.lang.reflect.Method.invoke(Method.java:568)
at org.testng.internal.MethodInvocationHelper.invokeMethod(MethodInvocationHelper.java:133)
at org.testng.internal.TestInvoker.invokeMethod(TestInvoker.java:598)
at org.testng.internal.TestInvoker.invokeTestMethod(TestInvoker.java:173)
at org.testng.internal.MethodRunner.runInSequence(MethodRunner.java:46)
at org.testng.internal.TestInvoker$MethodInvocationAgent.invoke(TestInvoker.java:824)
at org.testng.internal.TestInvoker.invokeTestMethods(TestInvoker.java:146)
at org.testng.internal.TestMethodWorker.invokeTestMethods(TestMethodWorker.java:146)
at org.testng.internal.TestMethodWorker.run(TestMethodWorker.java:128)
at java.base/java.util.ArrayList.forEach(ArrayList.java:1511)
at org.testng.TestRunner.privateRun(TestRunner.java:794)
at org.testng.TestRunner.run(TestRunner.java:596)
at org.testng.SuiteRunner.runTest(SuiteRunner.java:377)
at org.testng.SuiteRunner.runSequentially(SuiteRunner.java:371)
at org.testng.SuiteRunner.privateRun(SuiteRunner.java:332)
at org.testng.SuiteRunner.run(SuiteRunner.java:276)
at org.testng.SuiteRunnerWorker.runSuite(SuiteRunnerWorker.java:53)
at org.testng.SuiteRunnerWorker.run(SuiteRunnerWorker.java:96)
at org.testng.TestNG.runSuitesSequentially(TestNG.java:1212)
at org.testng.TestNG.runSuitesLocally(TestNG.java:1134)
at org.testng.TestNG.runSuites(TestNG.java:1063)
at org.testng.TestNG.run(TestNG.java:1031)
at org.testng.remote.AbstractRemoteTestNG.run(AbstractRemoteTestNG.java:115)
at org.testng.remote.RemoteTestNG.initAndRun(RemoteTestNG.java:251)
at org.testng.remote.RemoteTestNG.main(RemoteTestNG.java:77)
]]>
    </failure>
  </testcase> <!-- validateColumnName_BKP -->
  <system-out>
    <![CDATA[Executing Snowflake query :: SELECT COLUMN_NAME FROM DEV_ENT_RAW.INFORMATION_SCHEMA.COLUMNS WHERE TABLE_NAME='JOBAPPOINTMENT'and TABLE_SCHEMA='ST_HORIZONSERVICES_MATILLION'
Executing Snowflake query :: SELECT COLUMN_NAME FROM CURATED_DATAMART.INFORMATION_SCHEMA.COLUMNS WHERE TABLE_NAME='STR_JOBAPPOINTMENT'and TABLE_SCHEMA='ST_BKP_HORIZONSERVICES'
Executing Snowflake query :: SELECT COLUMN_NAME FROM DEV_ENT_CURATED.INFORMATION_SCHEMA.COLUMNS WHERE TABLE_NAME='DIM_JOBAPPOINTMENT'and TABLE_SCHEMA='MASTER_DIMENSIONS'
Column names for RAW Table --> JOBAPPOINTMENT :: [END, ISUNUSED, NUMBER, SPECIALINSTRUCTIONS, START, ACTIVE, CREATEDBY_ID, ISCONFIRMED, STATUS, IMPORTID, CREATEDON, ID, MODIFIEDON, SMARTDISPATCHDATA_JOBAPPOINTMENT, PLANSTART, MONTHNUMBER, JOB_ID, PLANEND]
Column names for DataMart Table --> STR_JOBAPPOINTMENT :: [CREATEDBY_ID, PLANSTART, RECORD_UPDATE_DATE, MONTHNUMBER, START, ACTIVE_FLAG, PLANEND, IMPORTID, ISCONFIRMED, JOB_ID, ISUNUSED, MASTER_ID, MODIFIEDON, STATUS, END, SMARTDISPATCHDATA_JOBAPPOINTMENT, TENANT_TYPE, ACTIVE, CREATEDON, ID, NUMBER, RECORD_CREATE_DATE]
Column names for Curated Table --> DIM_JOBAPPOINTMENT :: [END, SMARTDISPATCHDATA_JOBAPPOINTMENT, ACTIVE, CREATEDBY_ID, IMPORTID, ISUNUSED, START, ID, JOB_ID, MONTHNUMBER, PLANEND, RECORD_UPDATE_DATE, CREATEDON, RECORD_CREATE_DATE, TENANT_TYPE, PLANSTART, ISCONFIRMED, NUMBER, STATUS, MODIFIEDON, RECORD_UPDATED_BY]
Column Name found in Datamart and Curated Table :: END
Column Name found in Datamart and Curated Table :: ISUNUSED
Column Name found in Datamart and Curated Table :: NUMBER
Column Name not found in Datamart and Curated Table :: SPECIALINSTRUCTIONS
Column Name found in Datamart and Curated Table :: START
Column Name found in Datamart and Curated Table :: ACTIVE
Column Name found in Datamart and Curated Table :: CREATEDBY_ID
Column Name found in Datamart and Curated Table :: ISCONFIRMED
Column Name found in Datamart and Curated Table :: STATUS
Column Name found in Datamart and Curated Table :: IMPORTID
Column Name found in Datamart and Curated Table :: CREATEDON
Column Name found in Datamart and Curated Table :: ID
Column Name found in Datamart and Curated Table :: MODIFIEDON
Column Name found in Datamart and Curated Table :: SMARTDISPATCHDATA_JOBAPPOINTMENT
Column Name found in Datamart and Curated Table :: PLANSTART
Column Name found in Datamart and Curated Table :: MONTHNUMBER
Column Name found in Datamart and Curated Table :: JOB_ID
Column Name found in Datamart and Curated Table :: PLANEND
Datamart tables contains additional column name like [ACTIVE_FLAG, RECORD_CREATE_DATE, RECORD_UPDATE_DATE, RECORD_UPDATE_DATE, MASTER_ID, TENANT_TYPE]
Curated tables contains additional column name like [RECORD_CREATE_DATE, RECORD_UPDATE_DATE, RECORD_UPDATED_BY, TENANT_TYPE]]]>
  </system-out>
  <testcase classname="testcases.RAW_DATAMART_CURATED.SnowFlake_ColumnValidation_BKPTables" name="validateColumnName_BKP" time="2.148"/>
  <system-out>
    <![CDATA[Executing Snowflake query :: SELECT COLUMN_NAME FROM DEV_ENT_RAW.INFORMATION_SCHEMA.COLUMNS WHERE TABLE_NAME='CATEGORY'and TABLE_SCHEMA='ST_HENDERSON_MATILLION'
Executing Snowflake query :: SELECT COLUMN_NAME FROM CURATED_DATAMART.INFORMATION_SCHEMA.COLUMNS WHERE TABLE_NAME='STR_CATEGORY'and TABLE_SCHEMA='ST_BKP_HENDERSON'
Executing Snowflake query :: SELECT COLUMN_NAME FROM DEV_ENT_CURATED.INFORMATION_SCHEMA.COLUMNS WHERE TABLE_NAME='DIM_CATEGORY'and TABLE_SCHEMA='MASTER_DIMENSIONS'
Column names for RAW Table --> CATEGORY :: [SOURCEVERSION, CATEGORYTYPE, CREATEDON, SKUIMAGES, IMAGE, SUPPLIERIMAGES, POSITION, CREATEDBY_ID, IMPORTID, NAME, AVALARACOMMERCIALTAXCODE, AVALARARESIDENTIALTAXCODE, ID, HIDEINMOBILE, SOURCE, EXTERNALID, ACTIVE, BUSINESSUNIT_ID, DESCRIPTION, PARENT_ID]
Column names for DataMart Table --> STR_CATEGORY :: [HIDEINMOBILE, ACTIVE, AVALARARESIDENTIALTAXCODE, CREATEDON, IMPORTID, SOURCEVERSION, NAME, PARENT_ID, IMAGE, SUPPLIERIMAGES, AVALARACOMMERCIALTAXCODE, RECORD_UPDATE_DATE, SKUIMAGES, DESCRIPTION, ID, RECORD_CREATE_DATE, TENANT_TYPE, CATEGORYTYPE, SOURCE, BUSINESSUNIT_ID, EXTERNALID, ACTIVE_FLAG, CREATEDBY_ID, MASTER_ID, POSITION]
Column names for Curated Table --> DIM_CATEGORY :: [AVALARARESIDENTIALTAXCODE, POSITION, SOURCEVERSION, IMAGE, ACTIVE, IMPORTID, NAME, SKUIMAGES, CREATEDBY_ID, PARENT_ID, SOURCE, DESCRIPTION, EXTERNALID, SUPPLIERIMAGES, AVALARACOMMERCIALTAXCODE, BUSINESSUNIT_ID, CATEGORYTYPE, ID, RECORD_UPDATE_DATE, TENANT_TYPE, RECORD_UPDATED_BY, CREATEDON, HIDEINMOBILE, RECORD_CREATE_DATE]
Column Name found in Datamart and Curated Table :: SOURCEVERSION
Column Name found in Datamart and Curated Table :: CATEGORYTYPE
Column Name found in Datamart and Curated Table :: CREATEDON
Column Name found in Datamart and Curated Table :: SKUIMAGES
Column Name found in Datamart and Curated Table :: IMAGE
Column Name found in Datamart and Curated Table :: SUPPLIERIMAGES
Column Name found in Datamart and Curated Table :: POSITION
Column Name found in Datamart and Curated Table :: CREATEDBY_ID
Column Name found in Datamart and Curated Table :: IMPORTID
Column Name found in Datamart and Curated Table :: NAME
Column Name found in Datamart and Curated Table :: AVALARACOMMERCIALTAXCODE
Column Name found in Datamart and Curated Table :: AVALARARESIDENTIALTAXCODE
Column Name found in Datamart and Curated Table :: ID
Column Name found in Datamart and Curated Table :: HIDEINMOBILE
Column Name found in Datamart and Curated Table :: SOURCE
Column Name found in Datamart and Curated Table :: EXTERNALID
Column Name found in Datamart and Curated Table :: ACTIVE
Column Name found in Datamart and Curated Table :: BUSINESSUNIT_ID
Column Name found in Datamart and Curated Table :: DESCRIPTION
Column Name found in Datamart and Curated Table :: PARENT_ID
Datamart tables contains additional column name like [ACTIVE_FLAG, RECORD_CREATE_DATE, RECORD_UPDATE_DATE, RECORD_UPDATE_DATE, MASTER_ID, TENANT_TYPE]
Curated tables contains additional column name like [RECORD_CREATE_DATE, RECORD_UPDATE_DATE, RECORD_UPDATED_BY, TENANT_TYPE]]]>
  </system-out>
  <testcase classname="testcases.RAW_DATAMART_CURATED.SnowFlake_ColumnValidation_BKPTables" name="validateColumnName_BKP" time="2.351"/>
  <system-out>
    <![CDATA[Executing Snowflake query :: SELECT COLUMN_NAME FROM DEV_ENT_RAW.INFORMATION_SCHEMA.COLUMNS WHERE TABLE_NAME='MATERIALVENDORSUBACCOUNT'and TABLE_SCHEMA='ST_EANESHEATING_MATILLION'
Executing Snowflake query :: SELECT COLUMN_NAME FROM CURATED_DATAMART.INFORMATION_SCHEMA.COLUMNS WHERE TABLE_NAME='STR_MATERIALVENDORSUBACCOUNT'and TABLE_SCHEMA='ST_BKP_EANESHEATING'
Executing Snowflake query :: SELECT COLUMN_NAME FROM DEV_ENT_CURATED.INFORMATION_SCHEMA.COLUMNS WHERE TABLE_NAME='DIM_MATERIALVENDORSUBACCOUNT'and TABLE_SCHEMA='MASTER_DIMENSIONS'
Column names for RAW Table --> MATERIALVENDORSUBACCOUNT :: [ACCOUNTNAME, ACTIVE, CREATEDBY_ID, CREATEDON, ID, MATERIALVENDOR_ID, IMPORTID, COST]
Column names for DataMart Table --> STR_MATERIALVENDORSUBACCOUNT :: [RECORD_CREATE_DATE, MATERIALVENDOR_ID, ACTIVE, ID, COST, CREATEDON, ACCOUNTNAME, IMPORTID, RECORD_UPDATE_DATE, TENANT_TYPE, MASTER_ID, ACTIVE_FLAG, CREATEDBY_ID]
Column names for Curated Table --> DIM_MATERIALVENDORSUBACCOUNT :: [RECORD_CREATE_DATE, IMPORTID, ACTIVE, CREATEDBY_ID, CREATEDON, ID, RECORD_UPDATE_DATE, TENANT_TYPE, RECORD_UPDATED_BY, ACCOUNTNAME, MATERIALVENDOR_ID, COST]
Column Name found in Datamart and Curated Table :: ACCOUNTNAME
Column Name found in Datamart and Curated Table :: ACTIVE
Column Name found in Datamart and Curated Table :: CREATEDBY_ID
Column Name found in Datamart and Curated Table :: CREATEDON
Column Name found in Datamart and Curated Table :: ID
Column Name found in Datamart and Curated Table :: MATERIALVENDOR_ID
Column Name found in Datamart and Curated Table :: IMPORTID
Column Name found in Datamart and Curated Table :: COST
Datamart tables contains additional column name like [ACTIVE_FLAG, RECORD_CREATE_DATE, RECORD_UPDATE_DATE, RECORD_UPDATE_DATE, MASTER_ID, TENANT_TYPE]
Curated tables contains additional column name like [RECORD_CREATE_DATE, RECORD_UPDATE_DATE, RECORD_UPDATED_BY, TENANT_TYPE]]]>
  </system-out>
  <testcase classname="testcases.RAW_DATAMART_CURATED.SnowFlake_ColumnValidation_BKPTables" name="validateColumnName_BKP" time="2.254"/>
  <system-out>
    <![CDATA[Executing Snowflake query :: SELECT COLUMN_NAME FROM DEV_ENT_RAW.INFORMATION_SCHEMA.COLUMNS WHERE TABLE_NAME='INVOICEITEM'and TABLE_SCHEMA='ST_GOLDMEDAL_MATILLION'
Executing Snowflake query :: SELECT COLUMN_NAME FROM CURATED_DATAMART.INFORMATION_SCHEMA.COLUMNS WHERE TABLE_NAME='STR_INVOICEITEM'and TABLE_SCHEMA='ST_BKP_GOLDMEDAL'
Executing Snowflake query :: SELECT COLUMN_NAME FROM DEV_ENT_CURATED.INFORMATION_SCHEMA.COLUMNS WHERE TABLE_NAME='DIM_INVOICEITEM'and TABLE_SCHEMA='MASTER_DIMENSIONS'
Column names for RAW Table --> INVOICEITEM :: [COST, COSTOFSALEACCOUNT_ID, ID, INVENTORYBATCH_ID, PRICEMODIFIER_ID, SOLDBY_ID, DATECREATED, PROCUREMENTSOURCE_PURCHASEORDERITEMID, PROCUREMENTSOURCE_SOURCETYPE, SOLDHOURS, TECHNICIANACKNOWLEDGEMENTSIGNATURE, SOLDBYCOMMISSION, BUSINESSUNIT_ID, CROSSSALEGROUP, LASTUNITPRICESETBYEMPLOYEE, SKU_ID, TAXABLE, MEMBERPRICE, MODIFIEDON, PARENTITEM_ID, PAYSSOLDBYRATE, IMPORTID, ISUNITPRICEMANUALLYSET, ITEMGROUPROOT_ID, NOTAX, PROJECTLABELS, SOURCETYPE, TECHNICIANFORBASERATE2_ID, TECHNICIANFORBASERATE3_ID, BASERATE1, BONUS, CREATEDBY_ID, ISADDON, PAYTECHSPECIFICBONUS, TECHNICIANSPLIT3, TECHNICIANFORBASERATE1_ID, WORKFLOWACTION_ID, ACCOUNT, CREATEDON, DISPLAYINAMOUNT, ISOTTASK, ITEMGROUPNAME, UNITPRICE, TECHNICIANSPLIT2, TOTAL, PROCUREMENTSOURCE_ESTIMATEITEMID, PROJECTORDER, BASERATE2, ESTIMATEITEM_ID, EXPORTID, INVENTORYSTATUS, PAYSFLATAMOUNT, PROCUREDFROM_ID, SIGNATURE, USEDMATERIAL_ID, GENERALLEDGERACCOUNT_ID, ISINVENTORY, SKUNAME, PROCUREDFROMESTIMATEITEM_ID, ADDONFLATAMOUNT, INVENTORYLOCATION_ID, INVOICE_ID, SKUREFERENCE_SKUID, SKUREFERENCE_SKUTYPE, COMMISSIONBONUS, INVENTORYWAREHOUSENAME, MARKUP, ORDER, PROCUREMENTSOURCE_REQUISITIONITEMID, SCHEDULEDFLATAMOUNT, TOTALCOST, MEMBERSHIPWORKFLOWACTION, ACTIVE, ALLOWDISCOUNTS, AUTOGLASSITEM_ID, BASERATE3, CHARGEABLE, DEDUCTASJOBCOST, DESCRIPTION, EQUIPMENT_ID, HOURS, TECHNICIAN_ID, QUANTITY, PAYSCOMMISSION, STANDARDPRICE, TECHNICIANSPLIT1]
Column names for DataMart Table --> STR_INVOICEITEM :: [BASERATE3, ID, INVENTORYLOCATION_ID, INVENTORYWAREHOUSENAME, MEMBERSHIPWORKFLOWACTION, PAYSFLATAMOUNT, PAYTECHSPECIFICBONUS, SKU_ID, ESTIMATEITEM_ID, SCHEDULEDFLATAMOUNT, TOTALCOST, SOLDBY_ID, INVOICE_ID, BASERATE1, BONUS, DESCRIPTION, GENERALLEDGERACCOUNT_ID, TECHNICIANFORBASERATE2_ID, UNITPRICE, DISPLAYINAMOUNT, SOLDHOURS, TECHNICIANACKNOWLEDGEMENTSIGNATURE, AUTOGLASSITEM_ID, COMMISSIONBONUS, PARENTITEM_ID, SOURCETYPE, WORKFLOWACTION_ID, ITEMGROUPNAME, ORDER, ADDONFLATAMOUNT, BUSINESSUNIT_ID, CHARGEABLE, CREATEDON, DATECREATED, ISADDON, LASTUNITPRICESETBYEMPLOYEE, PROCUREMENTSOURCE_PURCHASEORDERITEMID, STANDARDPRICE, MASTER_ID, MODIFIEDON, NOTAX, PAYSSOLDBYRATE, SIGNATURE, SOLDBYCOMMISSION, TAXABLE, PROJECTLABELS, TECHNICIANSPLIT1, TENANT_TYPE, TOTAL, CREATEDBY_ID, CROSSSALEGROUP, ISINVENTORY, ITEMGROUPROOT_ID, PRICEMODIFIER_ID, PROCUREDFROMESTIMATEITEM_ID, PROCUREDFROM_ID, PROCUREMENTSOURCE_ESTIMATEITEMID, QUANTITY, SKUREFERENCE_SKUTYPE, TECHNICIANFORBASERATE1_ID, PROCUREMENTSOURCE_REQUISITIONITEMID, ALLOWDISCOUNTS, COST, DEDUCTASJOBCOST, EQUIPMENT_ID, TECHNICIANSPLIT2, MEMBERPRICE, RECORD_CREATE_DATE, PAYSCOMMISSION, TECHNICIANSPLIT3, COSTOFSALEACCOUNT_ID, IMPORTID, RECORD_UPDATE_DATE, BASERATE2, EXPORTID, INVENTORYBATCH_ID, INVENTORYSTATUS, TECHNICIANFORBASERATE3_ID, ACCOUNT, ACTIVE, ACTIVE_FLAG, HOURS, ISOTTASK, ISUNITPRICEMANUALLYSET, MARKUP, PROCUREMENTSOURCE_SOURCETYPE, PROJECTORDER, SKUREFERENCE_SKUID, TECHNICIAN_ID, USEDMATERIAL_ID, SKUNAME]
Column names for Curated Table --> DIM_INVOICEITEM :: [BASERATE2, COST, CROSSSALEGROUP, ISOTTASK, MEMBERPRICE, ORDER, QUANTITY, TOTALCOST, ISUNITPRICEMANUALLYSET, PARENTITEM_ID, PAYSSOLDBYRATE, PAYSCOMMISSION, GENERALLEDGERACCOUNT_ID, BASERATE1, INVENTORYBATCH_ID, INVOICE_ID, SKUREFERENCE_SKUID, BASERATE3, EXPORTID, ISINVENTORY, SKU_ID, INVENTORYSTATUS, SOLDHOURS, TECHNICIAN_ID, TECHNICIANFORBASERATE2_ID, ACCOUNT, ALLOWDISCOUNTS, COMMISSIONBONUS, CREATEDON, IMPORTID, ISADDON, PROCUREMENTSOURCE_SOURCETYPE, NOTAX, PROJECTLABELS, SOLDBY_ID, TECHNICIANFORBASERATE1_ID, TECHNICIANSPLIT1, PAYSFLATAMOUNT, UNITPRICE, BONUS, COSTOFSALEACCOUNT_ID, CREATEDBY_ID, DISPLAYINAMOUNT, PAYTECHSPECIFICBONUS, PRICEMODIFIER_ID, TECHNICIANACKNOWLEDGEMENTSIGNATURE, TECHNICIANSPLIT3, PROCUREMENTSOURCE_PURCHASEORDERITEMID, PROCUREMENTSOURCE_REQUISITIONITEMID, PROJECTORDER, DATECREATED, TECHNICIANFORBASERATE3_ID, ACTIVE, ADDONFLATAMOUNT, BUSINESSUNIT_ID, CHARGEABLE, EQUIPMENT_ID, INVENTORYLOCATION_ID, INVENTORYWAREHOUSENAME, ITEMGROUPNAME, ITEMGROUPROOT_ID, RECORD_UPDATE_DATE, MODIFIEDON, PROCUREDFROM_ID, SCHEDULEDFLATAMOUNT, PROCUREMENTSOURCE_ESTIMATEITEMID, TAXABLE, PROCUREDFROMESTIMATEITEM_ID, AUTOGLASSITEM_ID, HOURS, LASTUNITPRICESETBYEMPLOYEE, MARKUP, USEDMATERIAL_ID, MEMBERSHIPWORKFLOWACTION, SKUREFERENCE_SKUTYPE, SOLDBYCOMMISSION, SOURCETYPE, RECORD_UPDATED_BY, WORKFLOWACTION_ID, DEDUCTASJOBCOST, DESCRIPTION, ESTIMATEITEM_ID, STANDARDPRICE, TECHNICIANSPLIT2, TOTAL, ID, RECORD_CREATE_DATE, SIGNATURE, SKUNAME, TENANT_TYPE]
Column Name found in Datamart and Curated Table :: COST
Column Name found in Datamart and Curated Table :: COSTOFSALEACCOUNT_ID
Column Name found in Datamart and Curated Table :: ID
Column Name found in Datamart and Curated Table :: INVENTORYBATCH_ID
Column Name found in Datamart and Curated Table :: PRICEMODIFIER_ID
Column Name found in Datamart and Curated Table :: SOLDBY_ID
Column Name found in Datamart and Curated Table :: DATECREATED
Column Name found in Datamart and Curated Table :: PROCUREMENTSOURCE_PURCHASEORDERITEMID
Column Name found in Datamart and Curated Table :: PROCUREMENTSOURCE_SOURCETYPE
Column Name found in Datamart and Curated Table :: SOLDHOURS
Column Name found in Datamart and Curated Table :: TECHNICIANACKNOWLEDGEMENTSIGNATURE
Column Name found in Datamart and Curated Table :: SOLDBYCOMMISSION
Column Name found in Datamart and Curated Table :: BUSINESSUNIT_ID
Column Name found in Datamart and Curated Table :: CROSSSALEGROUP
Column Name found in Datamart and Curated Table :: LASTUNITPRICESETBYEMPLOYEE
Column Name found in Datamart and Curated Table :: SKU_ID
Column Name found in Datamart and Curated Table :: TAXABLE
Column Name found in Datamart and Curated Table :: MEMBERPRICE
Column Name found in Datamart and Curated Table :: MODIFIEDON
Column Name found in Datamart and Curated Table :: PARENTITEM_ID
Column Name found in Datamart and Curated Table :: PAYSSOLDBYRATE
Column Name found in Datamart and Curated Table :: IMPORTID
Column Name found in Datamart and Curated Table :: ISUNITPRICEMANUALLYSET
Column Name found in Datamart and Curated Table :: ITEMGROUPROOT_ID
Column Name found in Datamart and Curated Table :: NOTAX
Column Name found in Datamart and Curated Table :: PROJECTLABELS
Column Name found in Datamart and Curated Table :: SOURCETYPE
Column Name found in Datamart and Curated Table :: TECHNICIANFORBASERATE2_ID
Column Name found in Datamart and Curated Table :: TECHNICIANFORBASERATE3_ID
Column Name found in Datamart and Curated Table :: BASERATE1
Column Name found in Datamart and Curated Table :: BONUS
Column Name found in Datamart and Curated Table :: CREATEDBY_ID
Column Name found in Datamart and Curated Table :: ISADDON
Column Name found in Datamart and Curated Table :: PAYTECHSPECIFICBONUS
Column Name found in Datamart and Curated Table :: TECHNICIANSPLIT3
Column Name found in Datamart and Curated Table :: TECHNICIANFORBASERATE1_ID
Column Name found in Datamart and Curated Table :: WORKFLOWACTION_ID
Column Name found in Datamart and Curated Table :: ACCOUNT
Column Name found in Datamart and Curated Table :: CREATEDON
Column Name found in Datamart and Curated Table :: DISPLAYINAMOUNT
Column Name found in Datamart and Curated Table :: ISOTTASK
Column Name found in Datamart and Curated Table :: ITEMGROUPNAME
Column Name found in Datamart and Curated Table :: UNITPRICE
Column Name found in Datamart and Curated Table :: TECHNICIANSPLIT2
Column Name found in Datamart and Curated Table :: TOTAL
Column Name found in Datamart and Curated Table :: PROCUREMENTSOURCE_ESTIMATEITEMID
Column Name found in Datamart and Curated Table :: PROJECTORDER
Column Name found in Datamart and Curated Table :: BASERATE2
Column Name found in Datamart and Curated Table :: ESTIMATEITEM_ID
Column Name found in Datamart and Curated Table :: EXPORTID
Column Name found in Datamart and Curated Table :: INVENTORYSTATUS
Column Name found in Datamart and Curated Table :: PAYSFLATAMOUNT
Column Name found in Datamart and Curated Table :: PROCUREDFROM_ID
Column Name found in Datamart and Curated Table :: SIGNATURE
Column Name found in Datamart and Curated Table :: USEDMATERIAL_ID
Column Name found in Datamart and Curated Table :: GENERALLEDGERACCOUNT_ID
Column Name found in Datamart and Curated Table :: ISINVENTORY
Column Name found in Datamart and Curated Table :: SKUNAME
Column Name found in Datamart and Curated Table :: PROCUREDFROMESTIMATEITEM_ID
Column Name found in Datamart and Curated Table :: ADDONFLATAMOUNT
Column Name found in Datamart and Curated Table :: INVENTORYLOCATION_ID
Column Name found in Datamart and Curated Table :: INVOICE_ID
Column Name found in Datamart and Curated Table :: SKUREFERENCE_SKUID
Column Name found in Datamart and Curated Table :: SKUREFERENCE_SKUTYPE
Column Name found in Datamart and Curated Table :: COMMISSIONBONUS
Column Name found in Datamart and Curated Table :: INVENTORYWAREHOUSENAME
Column Name found in Datamart and Curated Table :: MARKUP
Column Name found in Datamart and Curated Table :: ORDER
Column Name found in Datamart and Curated Table :: PROCUREMENTSOURCE_REQUISITIONITEMID
Column Name found in Datamart and Curated Table :: SCHEDULEDFLATAMOUNT
Column Name found in Datamart and Curated Table :: TOTALCOST
Column Name found in Datamart and Curated Table :: MEMBERSHIPWORKFLOWACTION
Column Name found in Datamart and Curated Table :: ACTIVE
Column Name found in Datamart and Curated Table :: ALLOWDISCOUNTS
Column Name found in Datamart and Curated Table :: AUTOGLASSITEM_ID
Column Name found in Datamart and Curated Table :: BASERATE3
Column Name found in Datamart and Curated Table :: CHARGEABLE
Column Name found in Datamart and Curated Table :: DEDUCTASJOBCOST
Column Name found in Datamart and Curated Table :: DESCRIPTION
Column Name found in Datamart and Curated Table :: EQUIPMENT_ID
Column Name found in Datamart and Curated Table :: HOURS
Column Name found in Datamart and Curated Table :: TECHNICIAN_ID
Column Name found in Datamart and Curated Table :: QUANTITY
Column Name found in Datamart and Curated Table :: PAYSCOMMISSION
Column Name found in Datamart and Curated Table :: STANDARDPRICE
Column Name found in Datamart and Curated Table :: TECHNICIANSPLIT1
Datamart tables contains additional column name like [ACTIVE_FLAG, RECORD_CREATE_DATE, RECORD_UPDATE_DATE, RECORD_UPDATE_DATE, MASTER_ID, TENANT_TYPE]
Curated tables contains additional column name like [RECORD_CREATE_DATE, RECORD_UPDATE_DATE, RECORD_UPDATED_BY, TENANT_TYPE]]]>
  </system-out>
  <testcase classname="testcases.RAW_DATAMART_CURATED.SnowFlake_ColumnValidation_BKPTables" name="validateColumnName_BKP" time="3.606"/>
  <system-out>
    <![CDATA[Executing Snowflake query :: SELECT COLUMN_NAME FROM DEV_ENT_RAW.INFORMATION_SCHEMA.COLUMNS WHERE TABLE_NAME='PAYMENT'and TABLE_SCHEMA='ST_GOLDMEDAL_MATILLION'
Executing Snowflake query :: SELECT COLUMN_NAME FROM CURATED_DATAMART.INFORMATION_SCHEMA.COLUMNS WHERE TABLE_NAME='STR_PAYMENT'and TABLE_SCHEMA='ST_BKP_GOLDMEDAL'
Executing Snowflake query :: SELECT COLUMN_NAME FROM DEV_ENT_CURATED.INFORMATION_SCHEMA.COLUMNS WHERE TABLE_NAME='DIM_PAYMENT'and TABLE_SCHEMA='MASTER_DIMENSIONS'
Column names for RAW Table --> PAYMENT :: [AGREEMENTLANGUAGE, BUSINESSUNIT_ID, BATCH_ID, CUSTOMER_ID, INVOICE_ID, IMPORTID, SETTLEMENTSTATUS, TYPE_ID, UNAPPLIEDAMOUNT, STATUS, PAYMENTDATE, SOURCE, ACTIVE, DEFERREDINTEREST, FINANCINGOPERATOR, APPLIEDON, AUTHORIZATIONSIGNATURE, CREATEDBY_ID, CREDITAVAILABLE, ESTIMATE_ID, PROJECT_ID, SETTLEMENTDATE, METHOD, CREATEDON, EXTERNALID, ID, AMOUNT, CHECKNUMBER, EXPORTID, REFUNDEDAMOUNT, STOREDPAYMENT_ID, MEMO, MODIFIEDON, PAIDON, TRANSACTION, NUMBER, TRANSACTIONSTATUS]
Column names for DataMart Table --> STR_PAYMENT :: [DEFERREDINTEREST, FINANCINGOPERATOR, MASTER_ID, MEMO, RECORD_CREATE_DATE, SETTLEMENTSTATUS, ID, MODIFIEDON, PAYMENTDATE, RECORD_UPDATE_DATE, CUSTOMER_ID, TRANSACTIONSTATUS, ESTIMATE_ID, UNAPPLIEDAMOUNT, ACTIVE_FLAG, PAIDON, PROJECT_ID, TENANT_TYPE, AGREEMENTLANGUAGE, AUTHORIZATIONSIGNATURE, CHECKNUMBER, AMOUNT, SOURCE, CREATEDON, EXTERNALID, NUMBER, STATUS, ACTIVE, BATCH_ID, BUSINESSUNIT_ID, METHOD, REFUNDEDAMOUNT, STOREDPAYMENT_ID, CREDITAVAILABLE, APPLIEDON, IMPORTID, SETTLEMENTDATE, EXPORTID, TRANSACTION, TYPE_ID, CREATEDBY_ID, INVOICE_ID]
Column names for Curated Table --> DIM_PAYMENT :: [DEFERREDINTEREST, PAIDON, SOURCE, TENANT_TYPE, PAYMENTDATE, TYPE_ID, ACTIVE, INVOICE_ID, ESTIMATE_ID, UNAPPLIEDAMOUNT, STATUS, CREATEDBY_ID, CUSTOMER_ID, EXPORTID, IMPORTID, TRANSACTION, MEMO, RECORD_UPDATE_DATE, TRANSACTIONSTATUS, AMOUNT, AUTHORIZATIONSIGNATURE, CHECKNUMBER, MODIFIEDON, EXTERNALID, PROJECT_ID, APPLIEDON, BATCH_ID, CREATEDON, FINANCINGOPERATOR, ID, RECORD_UPDATED_BY, REFUNDEDAMOUNT, SETTLEMENTSTATUS, BUSINESSUNIT_ID, METHOD, AGREEMENTLANGUAGE, CREDITAVAILABLE, NUMBER, RECORD_CREATE_DATE, SETTLEMENTDATE, STOREDPAYMENT_ID]
Column Name found in Datamart and Curated Table :: AGREEMENTLANGUAGE
Column Name found in Datamart and Curated Table :: BUSINESSUNIT_ID
Column Name found in Datamart and Curated Table :: BATCH_ID
Column Name found in Datamart and Curated Table :: CUSTOMER_ID
Column Name found in Datamart and Curated Table :: INVOICE_ID
Column Name found in Datamart and Curated Table :: IMPORTID
Column Name found in Datamart and Curated Table :: SETTLEMENTSTATUS
Column Name found in Datamart and Curated Table :: TYPE_ID
Column Name found in Datamart and Curated Table :: UNAPPLIEDAMOUNT
Column Name found in Datamart and Curated Table :: STATUS
Column Name found in Datamart and Curated Table :: PAYMENTDATE
Column Name found in Datamart and Curated Table :: SOURCE
Column Name found in Datamart and Curated Table :: ACTIVE
Column Name found in Datamart and Curated Table :: DEFERREDINTEREST
Column Name found in Datamart and Curated Table :: FINANCINGOPERATOR
Column Name found in Datamart and Curated Table :: APPLIEDON
Column Name found in Datamart and Curated Table :: AUTHORIZATIONSIGNATURE
Column Name found in Datamart and Curated Table :: CREATEDBY_ID
Column Name found in Datamart and Curated Table :: CREDITAVAILABLE
Column Name found in Datamart and Curated Table :: ESTIMATE_ID
Column Name found in Datamart and Curated Table :: PROJECT_ID
Column Name found in Datamart and Curated Table :: SETTLEMENTDATE
Column Name found in Datamart and Curated Table :: METHOD
Column Name found in Datamart and Curated Table :: CREATEDON
Column Name found in Datamart and Curated Table :: EXTERNALID
Column Name found in Datamart and Curated Table :: ID
Column Name found in Datamart and Curated Table :: AMOUNT
Column Name found in Datamart and Curated Table :: CHECKNUMBER
Column Name found in Datamart and Curated Table :: EXPORTID
Column Name found in Datamart and Curated Table :: REFUNDEDAMOUNT
Column Name found in Datamart and Curated Table :: STOREDPAYMENT_ID
Column Name found in Datamart and Curated Table :: MEMO
Column Name found in Datamart and Curated Table :: MODIFIEDON
Column Name found in Datamart and Curated Table :: PAIDON
Column Name found in Datamart and Curated Table :: TRANSACTION
Column Name found in Datamart and Curated Table :: NUMBER
Column Name found in Datamart and Curated Table :: TRANSACTIONSTATUS
Datamart tables contains additional column name like [ACTIVE_FLAG, RECORD_CREATE_DATE, RECORD_UPDATE_DATE, RECORD_UPDATE_DATE, MASTER_ID, TENANT_TYPE]
Curated tables contains additional column name like [RECORD_CREATE_DATE, RECORD_UPDATE_DATE, RECORD_UPDATED_BY, TENANT_TYPE]]]>
  </system-out>
  <testcase classname="testcases.RAW_DATAMART_CURATED.SnowFlake_ColumnValidation_BKPTables" name="validateColumnName_BKP" time="2.156"/>
  <system-out>
    <![CDATA[Executing Snowflake query :: SELECT COLUMN_NAME FROM DEV_ENT_RAW.INFORMATION_SCHEMA.COLUMNS WHERE TABLE_NAME='JOBASSIGNMENT'and TABLE_SCHEMA='ST_HORIZONSERVICES_MATILLION'
Executing Snowflake query :: SELECT COLUMN_NAME FROM CURATED_DATAMART.INFORMATION_SCHEMA.COLUMNS WHERE TABLE_NAME='STR_JOBASSIGNMENT'and TABLE_SCHEMA='ST_BKP_HORIZONSERVICES'
Executing Snowflake query :: SELECT COLUMN_NAME FROM DEV_ENT_CURATED.INFORMATION_SCHEMA.COLUMNS WHERE TABLE_NAME='DIM_JOBASSIGNMENT'and TABLE_SCHEMA='MASTER_DIMENSIONS'
Column names for RAW Table --> JOBASSIGNMENT :: [TECHNICIAN_ID, CREATEDBY_ID, CREATEDON, ISPAUSED, JOHNMOOREPAYROLLROLE, PROJECTLABELS, COMMISSIONRATE, MODIFIEDON, IMPORTID, PAYTYPE, DRIVETIME_ID, PAYROLLROLE, STATUS, TECHNICIANROLE_ID, JOB_ID, ACTIVE, ID, SPLIT, GROSSPAY]
Column names for DataMart Table --> STR_JOBASSIGNMENT :: [ACTIVE, COMMISSIONRATE, TENANT_TYPE, TECHNICIAN_ID, IMPORTID, CREATEDBY_ID, CREATEDON, ID, JOB_ID, JOHNMOOREPAYROLLROLE, SOURCE_PKEY_SPK, MASTER_ID, DRIVETIME_ID, TECHNICIANROLE_ID, STATUS, GROSSPAY, PAYROLLROLE, PROJECTLABELS, ISPAUSED, RECORD_CREATE_DATE, RECORD_UPDATE_DATE, ACTIVE_FLAG, MODIFIEDON, PAYTYPE, SPLIT]
Column names for Curated Table --> DIM_JOBASSIGNMENT :: [STATUS, COMMISSIONRATE, SPLIT, TECHNICIANROLE_ID, DRIVETIME_ID, GROSSPAY, RECORD_CREATE_DATE, JOHNMOOREPAYROLLROLE, MODIFIEDON, CREATEDBY_ID, ISPAUSED, SOURCE_PKEY_SPK, ID, PROJECTLABELS, RECORD_UPDATED_BY, PAYROLLROLE, JOB_ID, RECORD_UPDATE_DATE, TENANT_TYPE, IMPORTID, TECHNICIAN_ID, PAYTYPE, ACTIVE, CREATEDON]
Column Name found in Datamart and Curated Table :: TECHNICIAN_ID
Column Name found in Datamart and Curated Table :: CREATEDBY_ID
Column Name found in Datamart and Curated Table :: CREATEDON
Column Name found in Datamart and Curated Table :: ISPAUSED
Column Name found in Datamart and Curated Table :: JOHNMOOREPAYROLLROLE
Column Name found in Datamart and Curated Table :: PROJECTLABELS
Column Name found in Datamart and Curated Table :: COMMISSIONRATE
Column Name found in Datamart and Curated Table :: MODIFIEDON
Column Name found in Datamart and Curated Table :: IMPORTID
Column Name found in Datamart and Curated Table :: PAYTYPE
Column Name found in Datamart and Curated Table :: DRIVETIME_ID
Column Name found in Datamart and Curated Table :: PAYROLLROLE
Column Name found in Datamart and Curated Table :: STATUS
Column Name found in Datamart and Curated Table :: TECHNICIANROLE_ID
Column Name found in Datamart and Curated Table :: JOB_ID
Column Name found in Datamart and Curated Table :: ACTIVE
Column Name found in Datamart and Curated Table :: ID
Column Name found in Datamart and Curated Table :: SPLIT
Column Name found in Datamart and Curated Table :: GROSSPAY
Datamart tables contains additional column name like [ACTIVE_FLAG, RECORD_CREATE_DATE, RECORD_UPDATE_DATE, RECORD_UPDATE_DATE, MASTER_ID, TENANT_TYPE]
Curated tables contains additional column name like [RECORD_CREATE_DATE, RECORD_UPDATE_DATE, RECORD_UPDATED_BY, TENANT_TYPE]]]>
  </system-out>
  <testcase classname="testcases.RAW_DATAMART_CURATED.SnowFlake_ColumnValidation_BKPTables" name="validateColumnName_BKP" time="3.171"/>
  <system-out>
    <![CDATA[Executing Snowflake query :: SELECT COLUMN_NAME FROM DEV_ENT_RAW.INFORMATION_SCHEMA.COLUMNS WHERE TABLE_NAME='ZONE'and TABLE_SCHEMA='ST_HARP_MATILLION'
Executing Snowflake query :: SELECT COLUMN_NAME FROM CURATED_DATAMART.INFORMATION_SCHEMA.COLUMNS WHERE TABLE_NAME='STR_ZONE'and TABLE_SCHEMA='ST_BKP_HARP'
Executing Snowflake query :: SELECT COLUMN_NAME FROM DEV_ENT_CURATED.INFORMATION_SCHEMA.COLUMNS WHERE TABLE_NAME='DIM_ZONE'and TABLE_SCHEMA='MASTER_DIMENSIONS'
Column names for RAW Table --> ZONE :: [ACTIVE, MODIFIEDON, CREATEDBY_ID, LOCNNUMBERS, SERVICEDAYSENABLED, TERRITORYNUMBERS, CREATEDON, IMPORTID, MAXDRIVETIMEADJUSTMENT, SERVICEDAYS, COLOR, ZIPS, CITIES, NAME, ID]
Column names for DataMart Table --> STR_ZONE :: [ACTIVE_FLAG, MASTER_ID, TERRITORYNUMBERS, ZIPS, COLOR, SERVICEDAYS, CREATEDON, LOCNNUMBERS, MODIFIEDON, NAME, RECORD_CREATE_DATE, ID, IMPORTID, MAXDRIVETIMEADJUSTMENT, SERVICEDAYSENABLED, ACTIVE, TENANT_TYPE, CITIES, CREATEDBY_ID, RECORD_UPDATE_DATE]
Column names for Curated Table --> DIM_ZONE :: [CREATEDON, ID, ZIPS, CITIES, IMPORTID, LOCNNUMBERS, MODIFIEDON, NAME, SERVICEDAYS, TENANT_TYPE, MAXDRIVETIMEADJUSTMENT, TERRITORYNUMBERS, RECORD_CREATE_DATE, ACTIVE, CREATEDBY_ID, SERVICEDAYSENABLED, RECORD_UPDATE_DATE, COLOR, RECORD_UPDATED_BY]
Column Name found in Datamart and Curated Table :: ACTIVE
Column Name found in Datamart and Curated Table :: MODIFIEDON
Column Name found in Datamart and Curated Table :: CREATEDBY_ID
Column Name found in Datamart and Curated Table :: LOCNNUMBERS
Column Name found in Datamart and Curated Table :: SERVICEDAYSENABLED
Column Name found in Datamart and Curated Table :: TERRITORYNUMBERS
Column Name found in Datamart and Curated Table :: CREATEDON
Column Name found in Datamart and Curated Table :: IMPORTID
Column Name found in Datamart and Curated Table :: MAXDRIVETIMEADJUSTMENT
Column Name found in Datamart and Curated Table :: SERVICEDAYS
Column Name found in Datamart and Curated Table :: COLOR
Column Name found in Datamart and Curated Table :: ZIPS
Column Name found in Datamart and Curated Table :: CITIES
Column Name found in Datamart and Curated Table :: NAME
Column Name found in Datamart and Curated Table :: ID
Datamart tables contains additional column name like [ACTIVE_FLAG, RECORD_CREATE_DATE, RECORD_UPDATE_DATE, RECORD_UPDATE_DATE, MASTER_ID, TENANT_TYPE]
Curated tables contains additional column name like [RECORD_CREATE_DATE, RECORD_UPDATE_DATE, RECORD_UPDATED_BY, TENANT_TYPE]]]>
  </system-out>
  <testcase classname="testcases.RAW_DATAMART_CURATED.SnowFlake_ColumnValidation_BKPTables" name="validateColumnName_BKP" time="2.148"/>
  <system-out>
    <![CDATA[Executing Snowflake query :: SELECT COLUMN_NAME FROM DEV_ENT_RAW.INFORMATION_SCHEMA.COLUMNS WHERE TABLE_NAME='MATERIALVENDOR'and TABLE_SCHEMA='ST_HARP_MATILLION'
Executing Snowflake query :: SELECT COLUMN_NAME FROM CURATED_DATAMART.INFORMATION_SCHEMA.COLUMNS WHERE TABLE_NAME='STR_MATERIALVENDOR'and TABLE_SCHEMA='ST_BKP_HARP'
Executing Snowflake query :: SELECT COLUMN_NAME FROM DEV_ENT_CURATED.INFORMATION_SCHEMA.COLUMNS WHERE TABLE_NAME='DIM_MATERIALVENDOR'and TABLE_SCHEMA='MASTER_DIMENSIONS'
Column names for RAW Table --> MATERIALVENDOR :: [ACTIVE, ID, MATERIAL_ID, PARTNUMBER, VENDOR_ID, CREATEDBY_ID, IMPORTID, CREATEDON, MEMO, COST, ISPRIMARY, PRIMARYSUBACCOUNT_ID]
Column names for DataMart Table --> STR_MATERIALVENDOR :: [TENANT_TYPE, VENDOR_ID, MASTER_ID, ACTIVE_FLAG, IMPORTID, ISPRIMARY, CREATEDBY_ID, MATERIAL_ID, MEMO, COST, PARTNUMBER, PRIMARYSUBACCOUNT_ID, RECORD_CREATE_DATE, ACTIVE, CREATEDON, ID, RECORD_UPDATE_DATE]
Column names for Curated Table --> DIM_MATERIALVENDOR :: [ID, MATERIAL_ID, ACTIVE, COST, CREATEDBY_ID, IMPORTID, ISPRIMARY, PRIMARYSUBACCOUNT_ID, RECORD_UPDATE_DATE, TENANT_TYPE, MEMO, RECORD_UPDATED_BY, VENDOR_ID, CREATEDON, PARTNUMBER, RECORD_CREATE_DATE]
Column Name found in Datamart and Curated Table :: ACTIVE
Column Name found in Datamart and Curated Table :: ID
Column Name found in Datamart and Curated Table :: MATERIAL_ID
Column Name found in Datamart and Curated Table :: PARTNUMBER
Column Name found in Datamart and Curated Table :: VENDOR_ID
Column Name found in Datamart and Curated Table :: CREATEDBY_ID
Column Name found in Datamart and Curated Table :: IMPORTID
Column Name found in Datamart and Curated Table :: CREATEDON
Column Name found in Datamart and Curated Table :: MEMO
Column Name found in Datamart and Curated Table :: COST
Column Name found in Datamart and Curated Table :: ISPRIMARY
Column Name found in Datamart and Curated Table :: PRIMARYSUBACCOUNT_ID
Datamart tables contains additional column name like [ACTIVE_FLAG, RECORD_CREATE_DATE, RECORD_UPDATE_DATE, RECORD_UPDATE_DATE, MASTER_ID, TENANT_TYPE]
Curated tables contains additional column name like [RECORD_CREATE_DATE, RECORD_UPDATE_DATE, RECORD_UPDATED_BY, TENANT_TYPE]]]>
  </system-out>
  <testcase classname="testcases.RAW_DATAMART_CURATED.SnowFlake_ColumnValidation_BKPTables" name="validateColumnName_BKP" time="2.569"/>
  <system-out>
    <![CDATA[Executing Snowflake query :: SELECT COLUMN_NAME FROM DEV_ENT_RAW.INFORMATION_SCHEMA.COLUMNS WHERE TABLE_NAME='CALL'and TABLE_SCHEMA='ST_HDAIR_MATILLION'
Executing Snowflake query :: SELECT COLUMN_NAME FROM CURATED_DATAMART.INFORMATION_SCHEMA.COLUMNS WHERE TABLE_NAME='STR_CALL'and TABLE_SCHEMA='ST_BKP_HDAIR'
Executing Snowflake query :: SELECT COLUMN_NAME FROM DEV_ENT_CURATED.INFORMATION_SCHEMA.COLUMNS WHERE TABLE_NAME='DIM_CALL'and TABLE_SCHEMA='MASTER_DIMENSIONS'
Column names for RAW Table --> CALL :: [MODIFIEDON, VOICEMAILPATH, REASON_ID, REVIEWEDBY_ID, AGENT_ID, IMPORTID, TYPE, WONTREVIEW, JOB_ID, CAMPAIGN_ID, RECORDINGPATH, CREATEDBY_ID, CONVERSIONSCORE, ESTIMATE_ID, FOLLOWUP_ID, FROM, LEAD_ID, REVIEWINGBY_ID, TO, ACTIVE, CREATEDON, EXCUSEMEMO, LOCATION_ID, STATUS, SID, RECORDINGID, CALLSERVICE, CUSTOMER_ID, ID, RECORDINGURL, DIRECTION, DURATION, TAG]
Column names for DataMart Table --> STR_CALL :: [CUSTOMER_ID, FOLLOWUP_ID, ID, LOCATION_ID, RECORDINGURL, TENANT_TYPE, TO, MODIFIEDON, CAMPAIGN_ID, RECORDINGID, RECORDINGPATH, AGENT_ID, CREATEDON, ESTIMATE_ID, JOB_ID, SID, STATUS, WONTREVIEW, CREATEDBY_ID, DURATION, VOICEMAILPATH, IMPORTID, RECORD_UPDATE_DATE, ACTIVE, CALLSERVICE, LEAD_ID, RECORD_CREATE_DATE, TAG, REASON_ID, ACTIVE_FLAG, DIRECTION, REVIEWINGBY_ID, CONVERSIONSCORE, EXCUSEMEMO, FROM, REVIEWEDBY_ID, TYPE, MASTER_ID]
Column names for Curated Table --> DIM_CALL :: [ESTIMATE_ID, REASON_ID, WONTREVIEW, AGENT_ID, DIRECTION, FOLLOWUP_ID, LOCATION_ID, RECORDINGID, TAG, TYPE, CUSTOMER_ID, LEAD_ID, RECORDINGPATH, VOICEMAILPATH, STATUS, CONVERSIONSCORE, FROM, CREATEDBY_ID, DURATION, TENANT_TYPE, ACTIVE, CALLSERVICE, CAMPAIGN_ID, ID, RECORDINGURL, RECORD_UPDATE_DATE, RECORD_CREATE_DATE, JOB_ID, REVIEWEDBY_ID, TO, RECORD_UPDATED_BY, REVIEWINGBY_ID, SID, CREATEDON, EXCUSEMEMO, IMPORTID, MODIFIEDON]
Column Name found in Datamart and Curated Table :: MODIFIEDON
Column Name found in Datamart and Curated Table :: VOICEMAILPATH
Column Name found in Datamart and Curated Table :: REASON_ID
Column Name found in Datamart and Curated Table :: REVIEWEDBY_ID
Column Name found in Datamart and Curated Table :: AGENT_ID
Column Name found in Datamart and Curated Table :: IMPORTID
Column Name found in Datamart and Curated Table :: TYPE
Column Name found in Datamart and Curated Table :: WONTREVIEW
Column Name found in Datamart and Curated Table :: JOB_ID
Column Name found in Datamart and Curated Table :: CAMPAIGN_ID
Column Name found in Datamart and Curated Table :: RECORDINGPATH
Column Name found in Datamart and Curated Table :: CREATEDBY_ID
Column Name found in Datamart and Curated Table :: CONVERSIONSCORE
Column Name found in Datamart and Curated Table :: ESTIMATE_ID
Column Name found in Datamart and Curated Table :: FOLLOWUP_ID
Column Name found in Datamart and Curated Table :: FROM
Column Name found in Datamart and Curated Table :: LEAD_ID
Column Name found in Datamart and Curated Table :: REVIEWINGBY_ID
Column Name found in Datamart and Curated Table :: TO
Column Name found in Datamart and Curated Table :: ACTIVE
Column Name found in Datamart and Curated Table :: CREATEDON
Column Name found in Datamart and Curated Table :: EXCUSEMEMO
Column Name found in Datamart and Curated Table :: LOCATION_ID
Column Name found in Datamart and Curated Table :: STATUS
Column Name found in Datamart and Curated Table :: SID
Column Name found in Datamart and Curated Table :: RECORDINGID
Column Name found in Datamart and Curated Table :: CALLSERVICE
Column Name found in Datamart and Curated Table :: CUSTOMER_ID
Column Name found in Datamart and Curated Table :: ID
Column Name found in Datamart and Curated Table :: RECORDINGURL
Column Name found in Datamart and Curated Table :: DIRECTION
Column Name found in Datamart and Curated Table :: DURATION
Column Name found in Datamart and Curated Table :: TAG
Datamart tables contains additional column name like [ACTIVE_FLAG, RECORD_CREATE_DATE, RECORD_UPDATE_DATE, RECORD_UPDATE_DATE, MASTER_ID, TENANT_TYPE]
Curated tables contains additional column name like [RECORD_CREATE_DATE, RECORD_UPDATE_DATE, RECORD_UPDATED_BY, TENANT_TYPE]]]>
  </system-out>
  <testcase classname="testcases.RAW_DATAMART_CURATED.SnowFlake_ColumnValidation_BKPTables" name="validateColumnName_BKP" time="2.356"/>
  <system-out>
    <![CDATA[Executing Snowflake query :: SELECT COLUMN_NAME FROM DEV_ENT_RAW.INFORMATION_SCHEMA.COLUMNS WHERE TABLE_NAME='PURCHASEORDERITEM'and TABLE_SCHEMA='ST_CASTEEL_MATILLION'
Executing Snowflake query :: SELECT COLUMN_NAME FROM CURATED_DATAMART.INFORMATION_SCHEMA.COLUMNS WHERE TABLE_NAME='STR_PURCHASEORDERITEM'and TABLE_SCHEMA='ST_BKP_CASTEEL'
Executing Snowflake query :: SELECT COLUMN_NAME FROM DEV_ENT_CURATED.INFORMATION_SCHEMA.COLUMNS WHERE TABLE_NAME='DIM_PURCHASEORDERITEM'and TABLE_SCHEMA='MASTER_DIMENSIONS'
Column names for RAW Table --> PURCHASEORDERITEM :: [DESCRIPTION, INVENTORYLOCATION_ID, MATERIALVENDOR_ID, STATUS, TECHNICIANFORBASERATE3_ID, TECHNICIANSPLIT2, BUSINESSUNIT_ID, CHARGEABLEITEM_ID, ISINVENTORY, REQUISITIONITEM_ID, EQUIPMENT_ID, ROLLEDOVERFROMITEM_ID, SKUREFERENCE_SKUTYPE, TECHNICIANSPLIT1, ACTIVE, CREATEDBY_ID, IMPORTID, MATERIAL_ID, MODIFIEDON, PURCHASEORDER_ID, SKU_ID, SKUREFERENCE_SKUID, TECHNICIANFORBASERATE2_ID, SERIALNUMBER, COST, ID, QUANTITY, VENDORPARTNUMBER, EQUIPMENTVENDOR_ID, MARKUP, ROLLOVERQUANTITY, TECHNICIANFORBASERATE1_ID, PROJECTLABELS, SKUVENDOR_ID, UNITOFMEASURE_ID, CREATEDON, TECHNICIANSPLIT3, USEDMATERIAL_ID]
Column names for DataMart Table --> STR_PURCHASEORDERITEM :: [EQUIPMENTVENDOR_ID, PURCHASEORDER_ID, ROLLOVERQUANTITY, SERIALNUMBER, TECHNICIANSPLIT3, MODIFIEDON, ROLLEDOVERFROMITEM_ID, CHARGEABLEITEM_ID, MARKUP, MASTER_ID, SKUREFERENCE_SKUID, MATERIAL_ID, ACTIVE_FLAG, ID, RECORD_CREATE_DATE, SKUREFERENCE_SKUTYPE, STATUS, INVENTORYLOCATION_ID, ISINVENTORY, SKUVENDOR_ID, TECHNICIANFORBASERATE1_ID, TECHNICIANFORBASERATE3_ID, TENANT_TYPE, DESCRIPTION, QUANTITY, COST, EQUIPMENT_ID, TECHNICIANSPLIT1, UNITOFMEASURE_ID, VENDORPARTNUMBER, USEDMATERIAL_ID, BUSINESSUNIT_ID, CREATEDBY_ID, IMPORTID, MATERIALVENDOR_ID, SKU_ID, ACTIVE, CREATEDON, PROJECTLABELS, RECORD_UPDATE_DATE, TECHNICIANSPLIT2, REQUISITIONITEM_ID, TECHNICIANFORBASERATE2_ID]
Column names for Curated Table --> DIM_PURCHASEORDERITEM :: [CREATEDBY_ID, DESCRIPTION, EQUIPMENTVENDOR_ID, EQUIPMENT_ID, MATERIALVENDOR_ID, RECORD_UPDATE_DATE, TECHNICIANFORBASERATE1_ID, MODIFIEDON, UNITOFMEASURE_ID, USEDMATERIAL_ID, TECHNICIANSPLIT2, CHARGEABLEITEM_ID, COST, QUANTITY, TECHNICIANFORBASERATE3_ID, INVENTORYLOCATION_ID, IMPORTID, REQUISITIONITEM_ID, TENANT_TYPE, VENDORPARTNUMBER, SKU_ID, CREATEDON, ID, SKUREFERENCE_SKUTYPE, MARKUP, PROJECTLABELS, PURCHASEORDER_ID, SERIALNUMBER, SKUVENDOR_ID, TECHNICIANSPLIT3, ROLLOVERQUANTITY, STATUS, BUSINESSUNIT_ID, ISINVENTORY, RECORD_CREATE_DATE, ROLLEDOVERFROMITEM_ID, TECHNICIANSPLIT1, SKUREFERENCE_SKUID, ACTIVE, MATERIAL_ID, RECORD_UPDATED_BY, TECHNICIANFORBASERATE2_ID]
Column Name found in Datamart and Curated Table :: DESCRIPTION
Column Name found in Datamart and Curated Table :: INVENTORYLOCATION_ID
Column Name found in Datamart and Curated Table :: MATERIALVENDOR_ID
Column Name found in Datamart and Curated Table :: STATUS
Column Name found in Datamart and Curated Table :: TECHNICIANFORBASERATE3_ID
Column Name found in Datamart and Curated Table :: TECHNICIANSPLIT2
Column Name found in Datamart and Curated Table :: BUSINESSUNIT_ID
Column Name found in Datamart and Curated Table :: CHARGEABLEITEM_ID
Column Name found in Datamart and Curated Table :: ISINVENTORY
Column Name found in Datamart and Curated Table :: REQUISITIONITEM_ID
Column Name found in Datamart and Curated Table :: EQUIPMENT_ID
Column Name found in Datamart and Curated Table :: ROLLEDOVERFROMITEM_ID
Column Name found in Datamart and Curated Table :: SKUREFERENCE_SKUTYPE
Column Name found in Datamart and Curated Table :: TECHNICIANSPLIT1
Column Name found in Datamart and Curated Table :: ACTIVE
Column Name found in Datamart and Curated Table :: CREATEDBY_ID
Column Name found in Datamart and Curated Table :: IMPORTID
Column Name found in Datamart and Curated Table :: MATERIAL_ID
Column Name found in Datamart and Curated Table :: MODIFIEDON
Column Name found in Datamart and Curated Table :: PURCHASEORDER_ID
Column Name found in Datamart and Curated Table :: SKU_ID
Column Name found in Datamart and Curated Table :: SKUREFERENCE_SKUID
Column Name found in Datamart and Curated Table :: TECHNICIANFORBASERATE2_ID
Column Name found in Datamart and Curated Table :: SERIALNUMBER
Column Name found in Datamart and Curated Table :: COST
Column Name found in Datamart and Curated Table :: ID
Column Name found in Datamart and Curated Table :: QUANTITY
Column Name found in Datamart and Curated Table :: VENDORPARTNUMBER
Column Name found in Datamart and Curated Table :: EQUIPMENTVENDOR_ID
Column Name found in Datamart and Curated Table :: MARKUP
Column Name found in Datamart and Curated Table :: ROLLOVERQUANTITY
Column Name found in Datamart and Curated Table :: TECHNICIANFORBASERATE1_ID
Column Name found in Datamart and Curated Table :: PROJECTLABELS
Column Name found in Datamart and Curated Table :: SKUVENDOR_ID
Column Name found in Datamart and Curated Table :: UNITOFMEASURE_ID
Column Name found in Datamart and Curated Table :: CREATEDON
Column Name found in Datamart and Curated Table :: TECHNICIANSPLIT3
Column Name found in Datamart and Curated Table :: USEDMATERIAL_ID
Datamart tables contains additional column name like [ACTIVE_FLAG, RECORD_CREATE_DATE, RECORD_UPDATE_DATE, RECORD_UPDATE_DATE, MASTER_ID, TENANT_TYPE]
Curated tables contains additional column name like [RECORD_CREATE_DATE, RECORD_UPDATE_DATE, RECORD_UPDATED_BY, TENANT_TYPE]]]>
  </system-out>
  <testcase classname="testcases.RAW_DATAMART_CURATED.SnowFlake_ColumnValidation_BKPTables" name="validateColumnName_BKP" time="2.340"/>
  <system-out>
    <![CDATA[Executing Snowflake query :: SELECT COLUMN_NAME FROM DEV_ENT_RAW.INFORMATION_SCHEMA.COLUMNS WHERE TABLE_NAME='INVOICEITEM'and TABLE_SCHEMA='ST_HUTCHINSON_MATILLION'
Executing Snowflake query :: SELECT COLUMN_NAME FROM CURATED_DATAMART.INFORMATION_SCHEMA.COLUMNS WHERE TABLE_NAME='STR_INVOICEITEM'and TABLE_SCHEMA='ST_BKP_HUTCHINSON'
Executing Snowflake query :: SELECT COLUMN_NAME FROM DEV_ENT_CURATED.INFORMATION_SCHEMA.COLUMNS WHERE TABLE_NAME='DIM_INVOICEITEM'and TABLE_SCHEMA='MASTER_DIMENSIONS'
Column names for RAW Table --> INVOICEITEM :: [ACCOUNT, GENERALLEDGERACCOUNT_ID, CHARGEABLE, IMPORTID, ISUNITPRICEMANUALLYSET, PROCUREMENTSOURCE_REQUISITIONITEMID, STANDARDPRICE, TECHNICIAN_ID, TECHNICIANSPLIT3, SKUREFERENCE_SKUTYPE, BASERATE1, BASERATE3, HOURS, ISOTTASK, ITEMGROUPROOT_ID, PAYSFLATAMOUNT, SIGNATURE, COST, COSTOFSALEACCOUNT_ID, CROSSSALEGROUP, INVENTORYWAREHOUSENAME, ITEMGROUPNAME, UNITPRICE, PROJECTLABELS, TOTALCOST, ESTIMATEITEM_ID, INVOICE_ID, MARKUP, PROCUREMENTSOURCE_ESTIMATEITEMID, SCHEDULEDFLATAMOUNT, TOTAL, MODIFIEDON, PAYSSOLDBYRATE, SOLDBY_ID, TECHNICIANFORBASERATE2_ID, DESCRIPTION, DISPLAYINAMOUNT, MEMBERPRICE, NOTAX, SKUNAME, SOLDHOURS, INVENTORYSTATUS, PROCUREMENTSOURCE_PURCHASEORDERITEMID, ADDONFLATAMOUNT, AUTOGLASSITEM_ID, COMMISSIONBONUS, DATECREATED, SKUREFERENCE_SKUID, SOLDBYCOMMISSION, SOURCETYPE, TECHNICIANACKNOWLEDGEMENTSIGNATURE, ORDER, PROCUREMENTSOURCE_SOURCETYPE, SKU_ID, TAXABLE, PRICEMODIFIER_ID, WORKFLOWACTION_ID, ALLOWDISCOUNTS, BASERATE2, BONUS, BUSINESSUNIT_ID, CREATEDBY_ID, DEDUCTASJOBCOST, EQUIPMENT_ID, PARENTITEM_ID, ISADDON, PAYTECHSPECIFICBONUS, PROCUREDFROM_ID, QUANTITY, USEDMATERIAL_ID, ISINVENTORY, PAYSCOMMISSION, ACTIVE, ID, INVENTORYBATCH_ID, MEMBERSHIPWORKFLOWACTION, PROCUREDFROMESTIMATEITEM_ID, CREATEDON, EXPORTID, INVENTORYLOCATION_ID, LASTUNITPRICESETBYEMPLOYEE, TECHNICIANFORBASERATE3_ID, TECHNICIANSPLIT1, TECHNICIANSPLIT2, PROJECTORDER, TECHNICIANFORBASERATE1_ID]
Column names for DataMart Table --> STR_INVOICEITEM :: [BASERATE1, CROSSSALEGROUP, DISPLAYINAMOUNT, EXPORTID, PRICEMODIFIER_ID, PROCUREDFROMESTIMATEITEM_ID, TECHNICIANFORBASERATE1_ID, INVENTORYWAREHOUSENAME, UNITPRICE, SKUNAME, TECHNICIAN_ID, BONUS, MASTER_ID, PROJECTLABELS, CREATEDON, ADDONFLATAMOUNT, GENERALLEDGERACCOUNT_ID, HOURS, ID, ISINVENTORY, INVENTORYLOCATION_ID, PAYSSOLDBYRATE, SKUREFERENCE_SKUTYPE, MEMBERPRICE, PROCUREMENTSOURCE_PURCHASEORDERITEMID, SKU_ID, ACTIVE, COST, DEDUCTASJOBCOST, TECHNICIANACKNOWLEDGEMENTSIGNATURE, PARENTITEM_ID, PROCUREMENTSOURCE_ESTIMATEITEMID, SCHEDULEDFLATAMOUNT, TOTAL, WORKFLOWACTION_ID, NOTAX, SKUREFERENCE_SKUID, SOLDBY_ID, ACCOUNT, ALLOWDISCOUNTS, BASERATE2, COSTOFSALEACCOUNT_ID, CREATEDBY_ID, DATECREATED, ESTIMATEITEM_ID, IMPORTID, INVENTORYSTATUS, SIGNATURE, PAYTECHSPECIFICBONUS, TECHNICIANSPLIT1, USEDMATERIAL_ID, INVENTORYBATCH_ID, SOLDHOURS, LASTUNITPRICESETBYEMPLOYEE, EQUIPMENT_ID, INVOICE_ID, ISADDON, ISOTTASK, ITEMGROUPNAME, STANDARDPRICE, TECHNICIANSPLIT3, MEMBERSHIPWORKFLOWACTION, PAYSFLATAMOUNT, RECORD_CREATE_DATE, SOURCETYPE, QUANTITY, TENANT_TYPE, TECHNICIANFORBASERATE3_ID, AUTOGLASSITEM_ID, BASERATE3, CHARGEABLE, PAYSCOMMISSION, BUSINESSUNIT_ID, COMMISSIONBONUS, DESCRIPTION, MODIFIEDON, PROCUREDFROM_ID, PROCUREMENTSOURCE_SOURCETYPE, SOLDBYCOMMISSION, TECHNICIANFORBASERATE2_ID, MARKUP, ACTIVE_FLAG, ISUNITPRICEMANUALLYSET, ITEMGROUPROOT_ID, ORDER, PROCUREMENTSOURCE_REQUISITIONITEMID, RECORD_UPDATE_DATE, TOTALCOST, PROJECTORDER, TAXABLE, TECHNICIANSPLIT2]
Column names for Curated Table --> DIM_INVOICEITEM :: [BASERATE2, COST, CROSSSALEGROUP, ISOTTASK, MEMBERPRICE, ORDER, QUANTITY, TOTALCOST, ISUNITPRICEMANUALLYSET, PARENTITEM_ID, PAYSSOLDBYRATE, PAYSCOMMISSION, GENERALLEDGERACCOUNT_ID, BASERATE1, INVENTORYBATCH_ID, INVOICE_ID, SKUREFERENCE_SKUID, BASERATE3, EXPORTID, ISINVENTORY, SKU_ID, INVENTORYSTATUS, SOLDHOURS, TECHNICIAN_ID, TECHNICIANFORBASERATE2_ID, ACCOUNT, ALLOWDISCOUNTS, COMMISSIONBONUS, CREATEDON, IMPORTID, ISADDON, PROCUREMENTSOURCE_SOURCETYPE, NOTAX, PROJECTLABELS, SOLDBY_ID, TECHNICIANFORBASERATE1_ID, TECHNICIANSPLIT1, PAYSFLATAMOUNT, UNITPRICE, BONUS, COSTOFSALEACCOUNT_ID, CREATEDBY_ID, DISPLAYINAMOUNT, PAYTECHSPECIFICBONUS, PRICEMODIFIER_ID, TECHNICIANACKNOWLEDGEMENTSIGNATURE, TECHNICIANSPLIT3, PROCUREMENTSOURCE_PURCHASEORDERITEMID, PROCUREMENTSOURCE_REQUISITIONITEMID, PROJECTORDER, DATECREATED, TECHNICIANFORBASERATE3_ID, ACTIVE, ADDONFLATAMOUNT, BUSINESSUNIT_ID, CHARGEABLE, EQUIPMENT_ID, INVENTORYLOCATION_ID, INVENTORYWAREHOUSENAME, ITEMGROUPNAME, ITEMGROUPROOT_ID, RECORD_UPDATE_DATE, MODIFIEDON, PROCUREDFROM_ID, SCHEDULEDFLATAMOUNT, PROCUREMENTSOURCE_ESTIMATEITEMID, TAXABLE, PROCUREDFROMESTIMATEITEM_ID, AUTOGLASSITEM_ID, HOURS, LASTUNITPRICESETBYEMPLOYEE, MARKUP, USEDMATERIAL_ID, MEMBERSHIPWORKFLOWACTION, SKUREFERENCE_SKUTYPE, SOLDBYCOMMISSION, SOURCETYPE, RECORD_UPDATED_BY, WORKFLOWACTION_ID, DEDUCTASJOBCOST, DESCRIPTION, ESTIMATEITEM_ID, STANDARDPRICE, TECHNICIANSPLIT2, TOTAL, ID, RECORD_CREATE_DATE, SIGNATURE, SKUNAME, TENANT_TYPE]
Column Name found in Datamart and Curated Table :: ACCOUNT
Column Name found in Datamart and Curated Table :: GENERALLEDGERACCOUNT_ID
Column Name found in Datamart and Curated Table :: CHARGEABLE
Column Name found in Datamart and Curated Table :: IMPORTID
Column Name found in Datamart and Curated Table :: ISUNITPRICEMANUALLYSET
Column Name found in Datamart and Curated Table :: PROCUREMENTSOURCE_REQUISITIONITEMID
Column Name found in Datamart and Curated Table :: STANDARDPRICE
Column Name found in Datamart and Curated Table :: TECHNICIAN_ID
Column Name found in Datamart and Curated Table :: TECHNICIANSPLIT3
Column Name found in Datamart and Curated Table :: SKUREFERENCE_SKUTYPE
Column Name found in Datamart and Curated Table :: BASERATE1
Column Name found in Datamart and Curated Table :: BASERATE3
Column Name found in Datamart and Curated Table :: HOURS
Column Name found in Datamart and Curated Table :: ISOTTASK
Column Name found in Datamart and Curated Table :: ITEMGROUPROOT_ID
Column Name found in Datamart and Curated Table :: PAYSFLATAMOUNT
Column Name found in Datamart and Curated Table :: SIGNATURE
Column Name found in Datamart and Curated Table :: COST
Column Name found in Datamart and Curated Table :: COSTOFSALEACCOUNT_ID
Column Name found in Datamart and Curated Table :: CROSSSALEGROUP
Column Name found in Datamart and Curated Table :: INVENTORYWAREHOUSENAME
Column Name found in Datamart and Curated Table :: ITEMGROUPNAME
Column Name found in Datamart and Curated Table :: UNITPRICE
Column Name found in Datamart and Curated Table :: PROJECTLABELS
Column Name found in Datamart and Curated Table :: TOTALCOST
Column Name found in Datamart and Curated Table :: ESTIMATEITEM_ID
Column Name found in Datamart and Curated Table :: INVOICE_ID
Column Name found in Datamart and Curated Table :: MARKUP
Column Name found in Datamart and Curated Table :: PROCUREMENTSOURCE_ESTIMATEITEMID
Column Name found in Datamart and Curated Table :: SCHEDULEDFLATAMOUNT
Column Name found in Datamart and Curated Table :: TOTAL
Column Name found in Datamart and Curated Table :: MODIFIEDON
Column Name found in Datamart and Curated Table :: PAYSSOLDBYRATE
Column Name found in Datamart and Curated Table :: SOLDBY_ID
Column Name found in Datamart and Curated Table :: TECHNICIANFORBASERATE2_ID
Column Name found in Datamart and Curated Table :: DESCRIPTION
Column Name found in Datamart and Curated Table :: DISPLAYINAMOUNT
Column Name found in Datamart and Curated Table :: MEMBERPRICE
Column Name found in Datamart and Curated Table :: NOTAX
Column Name found in Datamart and Curated Table :: SKUNAME
Column Name found in Datamart and Curated Table :: SOLDHOURS
Column Name found in Datamart and Curated Table :: INVENTORYSTATUS
Column Name found in Datamart and Curated Table :: PROCUREMENTSOURCE_PURCHASEORDERITEMID
Column Name found in Datamart and Curated Table :: ADDONFLATAMOUNT
Column Name found in Datamart and Curated Table :: AUTOGLASSITEM_ID
Column Name found in Datamart and Curated Table :: COMMISSIONBONUS
Column Name found in Datamart and Curated Table :: DATECREATED
Column Name found in Datamart and Curated Table :: SKUREFERENCE_SKUID
Column Name found in Datamart and Curated Table :: SOLDBYCOMMISSION
Column Name found in Datamart and Curated Table :: SOURCETYPE
Column Name found in Datamart and Curated Table :: TECHNICIANACKNOWLEDGEMENTSIGNATURE
Column Name found in Datamart and Curated Table :: ORDER
Column Name found in Datamart and Curated Table :: PROCUREMENTSOURCE_SOURCETYPE
Column Name found in Datamart and Curated Table :: SKU_ID
Column Name found in Datamart and Curated Table :: TAXABLE
Column Name found in Datamart and Curated Table :: PRICEMODIFIER_ID
Column Name found in Datamart and Curated Table :: WORKFLOWACTION_ID
Column Name found in Datamart and Curated Table :: ALLOWDISCOUNTS
Column Name found in Datamart and Curated Table :: BASERATE2
Column Name found in Datamart and Curated Table :: BONUS
Column Name found in Datamart and Curated Table :: BUSINESSUNIT_ID
Column Name found in Datamart and Curated Table :: CREATEDBY_ID
Column Name found in Datamart and Curated Table :: DEDUCTASJOBCOST
Column Name found in Datamart and Curated Table :: EQUIPMENT_ID
Column Name found in Datamart and Curated Table :: PARENTITEM_ID
Column Name found in Datamart and Curated Table :: ISADDON
Column Name found in Datamart and Curated Table :: PAYTECHSPECIFICBONUS
Column Name found in Datamart and Curated Table :: PROCUREDFROM_ID
Column Name found in Datamart and Curated Table :: QUANTITY
Column Name found in Datamart and Curated Table :: USEDMATERIAL_ID
Column Name found in Datamart and Curated Table :: ISINVENTORY
Column Name found in Datamart and Curated Table :: PAYSCOMMISSION
Column Name found in Datamart and Curated Table :: ACTIVE
Column Name found in Datamart and Curated Table :: ID
Column Name found in Datamart and Curated Table :: INVENTORYBATCH_ID
Column Name found in Datamart and Curated Table :: MEMBERSHIPWORKFLOWACTION
Column Name found in Datamart and Curated Table :: PROCUREDFROMESTIMATEITEM_ID
Column Name found in Datamart and Curated Table :: CREATEDON
Column Name found in Datamart and Curated Table :: EXPORTID
Column Name found in Datamart and Curated Table :: INVENTORYLOCATION_ID
Column Name found in Datamart and Curated Table :: LASTUNITPRICESETBYEMPLOYEE
Column Name found in Datamart and Curated Table :: TECHNICIANFORBASERATE3_ID
Column Name found in Datamart and Curated Table :: TECHNICIANSPLIT1
Column Name found in Datamart and Curated Table :: TECHNICIANSPLIT2
Column Name found in Datamart and Curated Table :: PROJECTORDER
Column Name found in Datamart and Curated Table :: TECHNICIANFORBASERATE1_ID
Datamart tables contains additional column name like [ACTIVE_FLAG, RECORD_CREATE_DATE, RECORD_UPDATE_DATE, RECORD_UPDATE_DATE, MASTER_ID, TENANT_TYPE]
Curated tables contains additional column name like [RECORD_CREATE_DATE, RECORD_UPDATE_DATE, RECORD_UPDATED_BY, TENANT_TYPE]]]>
  </system-out>
  <testcase classname="testcases.RAW_DATAMART_CURATED.SnowFlake_ColumnValidation_BKPTables" name="validateColumnName_BKP" time="3.997"/>
  <system-out>
    <![CDATA[Executing Snowflake query :: SELECT COLUMN_NAME FROM DEV_ENT_RAW.INFORMATION_SCHEMA.COLUMNS WHERE TABLE_NAME='ZONE'and TABLE_SCHEMA='ST_BILLFENWICK_MATILLION'
Executing Snowflake query :: SELECT COLUMN_NAME FROM CURATED_DATAMART.INFORMATION_SCHEMA.COLUMNS WHERE TABLE_NAME='STR_ZONE'and TABLE_SCHEMA='ST_BKP_BILLFENWICK'
Executing Snowflake query :: SELECT COLUMN_NAME FROM DEV_ENT_CURATED.INFORMATION_SCHEMA.COLUMNS WHERE TABLE_NAME='DIM_ZONE'and TABLE_SCHEMA='MASTER_DIMENSIONS'
Column names for RAW Table --> ZONE :: [TERRITORYNUMBERS, CITIES, CREATEDON, NAME, MAXDRIVETIMEADJUSTMENT, SERVICEDAYSENABLED, COLOR, SERVICEDAYS, ZIPS, LOCNNUMBERS, MODIFIEDON, ID, ACTIVE, CREATEDBY_ID, IMPORTID]
Column names for DataMart Table --> STR_ZONE :: [NAME, CITIES, COLOR, MODIFIEDON, RECORD_UPDATE_DATE, SERVICEDAYSENABLED, ACTIVE_FLAG, CREATEDON, IMPORTID, MASTER_ID, TENANT_TYPE, ZIPS, SERVICEDAYS, CREATEDBY_ID, ID, MAXDRIVETIMEADJUSTMENT, RECORD_CREATE_DATE, ACTIVE, LOCNNUMBERS, TERRITORYNUMBERS]
Column names for Curated Table --> DIM_ZONE :: [CREATEDON, ID, ZIPS, CITIES, IMPORTID, LOCNNUMBERS, MODIFIEDON, NAME, SERVICEDAYS, TENANT_TYPE, MAXDRIVETIMEADJUSTMENT, TERRITORYNUMBERS, RECORD_CREATE_DATE, ACTIVE, CREATEDBY_ID, SERVICEDAYSENABLED, RECORD_UPDATE_DATE, COLOR, RECORD_UPDATED_BY]
Column Name found in Datamart and Curated Table :: TERRITORYNUMBERS
Column Name found in Datamart and Curated Table :: CITIES
Column Name found in Datamart and Curated Table :: CREATEDON
Column Name found in Datamart and Curated Table :: NAME
Column Name found in Datamart and Curated Table :: MAXDRIVETIMEADJUSTMENT
Column Name found in Datamart and Curated Table :: SERVICEDAYSENABLED
Column Name found in Datamart and Curated Table :: COLOR
Column Name found in Datamart and Curated Table :: SERVICEDAYS
Column Name found in Datamart and Curated Table :: ZIPS
Column Name found in Datamart and Curated Table :: LOCNNUMBERS
Column Name found in Datamart and Curated Table :: MODIFIEDON
Column Name found in Datamart and Curated Table :: ID
Column Name found in Datamart and Curated Table :: ACTIVE
Column Name found in Datamart and Curated Table :: CREATEDBY_ID
Column Name found in Datamart and Curated Table :: IMPORTID
Datamart tables contains additional column name like [ACTIVE_FLAG, RECORD_CREATE_DATE, RECORD_UPDATE_DATE, RECORD_UPDATE_DATE, MASTER_ID, TENANT_TYPE]
Curated tables contains additional column name like [RECORD_CREATE_DATE, RECORD_UPDATE_DATE, RECORD_UPDATED_BY, TENANT_TYPE]]]>
  </system-out>
  <testcase classname="testcases.RAW_DATAMART_CURATED.SnowFlake_ColumnValidation_BKPTables" name="validateColumnName_BKP" time="2.311">
    <failure message="The following asserts failed:
	null" type="java.lang.AssertionError">
      <![CDATA[java.lang.AssertionError: The following asserts failed:
null
at org.testng.asserts.SoftAssert.assertAll(SoftAssert.java:47)
at org.testng.asserts.SoftAssert.assertAll(SoftAssert.java:31)
at testcases.RAW_DATAMART_CURATED.SnowFlake_ColumnValidation_BKPTables.validateColumnName_BKP(SnowFlake_ColumnValidation_BKPTables.java:120)
at jdk.internal.reflect.GeneratedMethodAccessor38.invoke(Unknown Source)
at java.base/jdk.internal.reflect.DelegatingMethodAccessorImpl.invoke(DelegatingMethodAccessorImpl.java:43)
at java.base/java.lang.reflect.Method.invoke(Method.java:568)
at org.testng.internal.MethodInvocationHelper.invokeMethod(MethodInvocationHelper.java:133)
at org.testng.internal.TestInvoker.invokeMethod(TestInvoker.java:598)
at org.testng.internal.TestInvoker.invokeTestMethod(TestInvoker.java:173)
at org.testng.internal.MethodRunner.runInSequence(MethodRunner.java:46)
at org.testng.internal.TestInvoker$MethodInvocationAgent.invoke(TestInvoker.java:824)
at org.testng.internal.TestInvoker.invokeTestMethods(TestInvoker.java:146)
at org.testng.internal.TestMethodWorker.invokeTestMethods(TestMethodWorker.java:146)
at org.testng.internal.TestMethodWorker.run(TestMethodWorker.java:128)
at java.base/java.util.ArrayList.forEach(ArrayList.java:1511)
at org.testng.TestRunner.privateRun(TestRunner.java:794)
at org.testng.TestRunner.run(TestRunner.java:596)
at org.testng.SuiteRunner.runTest(SuiteRunner.java:377)
at org.testng.SuiteRunner.runSequentially(SuiteRunner.java:371)
at org.testng.SuiteRunner.privateRun(SuiteRunner.java:332)
at org.testng.SuiteRunner.run(SuiteRunner.java:276)
at org.testng.SuiteRunnerWorker.runSuite(SuiteRunnerWorker.java:53)
at org.testng.SuiteRunnerWorker.run(SuiteRunnerWorker.java:96)
at org.testng.TestNG.runSuitesSequentially(TestNG.java:1212)
at org.testng.TestNG.runSuitesLocally(TestNG.java:1134)
at org.testng.TestNG.runSuites(TestNG.java:1063)
at org.testng.TestNG.run(TestNG.java:1031)
at org.testng.remote.AbstractRemoteTestNG.run(AbstractRemoteTestNG.java:115)
at org.testng.remote.RemoteTestNG.initAndRun(RemoteTestNG.java:251)
at org.testng.remote.RemoteTestNG.main(RemoteTestNG.java:77)
]]>
    </failure>
  </testcase> <!-- validateColumnName_BKP -->
  <system-out>
    <![CDATA[Executing Snowflake query :: SELECT COLUMN_NAME FROM DEV_ENT_RAW.INFORMATION_SCHEMA.COLUMNS WHERE TABLE_NAME='JOBAPPOINTMENT'and TABLE_SCHEMA='ST_HARP_MATILLION'
Executing Snowflake query :: SELECT COLUMN_NAME FROM CURATED_DATAMART.INFORMATION_SCHEMA.COLUMNS WHERE TABLE_NAME='STR_JOBAPPOINTMENT'and TABLE_SCHEMA='ST_BKP_HARP'
Executing Snowflake query :: SELECT COLUMN_NAME FROM DEV_ENT_CURATED.INFORMATION_SCHEMA.COLUMNS WHERE TABLE_NAME='DIM_JOBAPPOINTMENT'and TABLE_SCHEMA='MASTER_DIMENSIONS'
Column names for RAW Table --> JOBAPPOINTMENT :: [CREATEDON, ISUNUSED, MODIFIEDON, ID, START, JOB_ID, PLANSTART, STATUS, ACTIVE, CREATEDBY_ID, MONTHNUMBER, SPECIALINSTRUCTIONS, PLANEND, END, IMPORTID, ISCONFIRMED, NUMBER, SMARTDISPATCHDATA_JOBAPPOINTMENT]
Column names for DataMart Table --> STR_JOBAPPOINTMENT :: [CREATEDON, JOB_ID, MODIFIEDON, NUMBER, STATUS, ACTIVE, IMPORTID, TENANT_TYPE, ID, MONTHNUMBER, RECORD_CREATE_DATE, ACTIVE_FLAG, END, PLANEND, SMARTDISPATCHDATA_JOBAPPOINTMENT, MASTER_ID, ISUNUSED, CREATEDBY_ID, PLANSTART, START, ISCONFIRMED, RECORD_UPDATE_DATE]
Column names for Curated Table --> DIM_JOBAPPOINTMENT :: [END, SMARTDISPATCHDATA_JOBAPPOINTMENT, ACTIVE, CREATEDBY_ID, IMPORTID, ISUNUSED, START, ID, JOB_ID, MONTHNUMBER, PLANEND, RECORD_UPDATE_DATE, CREATEDON, RECORD_CREATE_DATE, TENANT_TYPE, PLANSTART, ISCONFIRMED, NUMBER, STATUS, MODIFIEDON, RECORD_UPDATED_BY]
Column Name found in Datamart and Curated Table :: CREATEDON
Column Name found in Datamart and Curated Table :: ISUNUSED
Column Name found in Datamart and Curated Table :: MODIFIEDON
Column Name found in Datamart and Curated Table :: ID
Column Name found in Datamart and Curated Table :: START
Column Name found in Datamart and Curated Table :: JOB_ID
Column Name found in Datamart and Curated Table :: PLANSTART
Column Name found in Datamart and Curated Table :: STATUS
Column Name found in Datamart and Curated Table :: ACTIVE
Column Name found in Datamart and Curated Table :: CREATEDBY_ID
Column Name found in Datamart and Curated Table :: MONTHNUMBER
Column Name not found in Datamart and Curated Table :: SPECIALINSTRUCTIONS
Column Name found in Datamart and Curated Table :: PLANEND
Column Name found in Datamart and Curated Table :: END
Column Name found in Datamart and Curated Table :: IMPORTID
Column Name found in Datamart and Curated Table :: ISCONFIRMED
Column Name found in Datamart and Curated Table :: NUMBER
Column Name found in Datamart and Curated Table :: SMARTDISPATCHDATA_JOBAPPOINTMENT
Datamart tables contains additional column name like [ACTIVE_FLAG, RECORD_CREATE_DATE, RECORD_UPDATE_DATE, RECORD_UPDATE_DATE, MASTER_ID, TENANT_TYPE]
Curated tables contains additional column name like [RECORD_CREATE_DATE, RECORD_UPDATE_DATE, RECORD_UPDATED_BY, TENANT_TYPE]]]>
  </system-out>
  <testcase classname="testcases.RAW_DATAMART_CURATED.SnowFlake_ColumnValidation_BKPTables" name="validateColumnName_BKP" time="2.121"/>
  <system-out>
    <![CDATA[Executing Snowflake query :: SELECT COLUMN_NAME FROM DEV_ENT_RAW.INFORMATION_SCHEMA.COLUMNS WHERE TABLE_NAME='TAGTYPE'and TABLE_SCHEMA='ST_HENDERSON_MATILLION'
Executing Snowflake query :: SELECT COLUMN_NAME FROM CURATED_DATAMART.INFORMATION_SCHEMA.COLUMNS WHERE TABLE_NAME='STR_TAGTYPE'and TABLE_SCHEMA='ST_BKP_HENDERSON'
Executing Snowflake query :: SELECT COLUMN_NAME FROM DEV_ENT_CURATED.INFORMATION_SCHEMA.COLUMNS WHERE TABLE_NAME='DIM_TAGTYPE'and TABLE_SCHEMA='MASTER_DIMENSIONS'
Column names for RAW Table --> TAGTYPE :: [CREATEDBY_ID, ISALWAYSVISIBLE, ISCONVERSIONOPPORTUNITY, CODE, PROJECTEDVALUEADJUSTMENT, ISVISIBLEONDISPATCHBOARD, IMPORTID, ID, FONTCOLOR, IMPORTANCE, ACTIVE, CREATEDON, MODIFIEDON, NAME, COLOR]
Column names for DataMart Table --> STR_TAGTYPE :: [TENANT_TYPE, FONTCOLOR, ISALWAYSVISIBLE, RECORD_UPDATE_DATE, ACTIVE, ACTIVE_FLAG, CODE, ISVISIBLEONDISPATCHBOARD, PROJECTEDVALUEADJUSTMENT, IMPORTANCE, RECORD_CREATE_DATE, COLOR, CREATEDBY_ID, MODIFIEDON, ISCONVERSIONOPPORTUNITY, NAME, CREATEDON, IMPORTID, ID, MASTER_ID]
Column names for Curated Table --> DIM_TAGTYPE :: [ACTIVE, CODE, FONTCOLOR, IMPORTANCE, TENANT_TYPE, NAME, CREATEDBY_ID, ID, MODIFIEDON, RECORD_UPDATED_BY, COLOR, CREATEDON, RECORD_UPDATE_DATE, ISCONVERSIONOPPORTUNITY, PROJECTEDVALUEADJUSTMENT, RECORD_CREATE_DATE, ISALWAYSVISIBLE, IMPORTID, ISVISIBLEONDISPATCHBOARD]
Column Name found in Datamart and Curated Table :: CREATEDBY_ID
Column Name found in Datamart and Curated Table :: ISALWAYSVISIBLE
Column Name found in Datamart and Curated Table :: ISCONVERSIONOPPORTUNITY
Column Name found in Datamart and Curated Table :: CODE
Column Name found in Datamart and Curated Table :: PROJECTEDVALUEADJUSTMENT
Column Name found in Datamart and Curated Table :: ISVISIBLEONDISPATCHBOARD
Column Name found in Datamart and Curated Table :: IMPORTID
Column Name found in Datamart and Curated Table :: ID
Column Name found in Datamart and Curated Table :: FONTCOLOR
Column Name found in Datamart and Curated Table :: IMPORTANCE
Column Name found in Datamart and Curated Table :: ACTIVE
Column Name found in Datamart and Curated Table :: CREATEDON
Column Name found in Datamart and Curated Table :: MODIFIEDON
Column Name found in Datamart and Curated Table :: NAME
Column Name found in Datamart and Curated Table :: COLOR
Datamart tables contains additional column name like [ACTIVE_FLAG, RECORD_CREATE_DATE, RECORD_UPDATE_DATE, RECORD_UPDATE_DATE, MASTER_ID, TENANT_TYPE]
Curated tables contains additional column name like [RECORD_CREATE_DATE, RECORD_UPDATE_DATE, RECORD_UPDATED_BY, TENANT_TYPE]]]>
  </system-out>
</testsuite> <!-- testcases.RAW_DATAMART_CURATED.SnowFlake_ColumnValidation_BKPTables -->
