<?xml version="1.0" encoding="UTF-8"?>
<!-- Generated by org.testng.reporters.JUnitReportReporter -->
<testsuite hostname="BALT-CHN-00" failures="1" tests="4" name="testcases.RAW_DATAMART_CURATED.RowCount" time="586.251" errors="0" timestamp="2021-12-03T18:04:45 IST" skipped="3">
  <testcase classname="testcases.RAW_DATAMART_CURATED.RowCount" name="validate_RowCount_RAW_DATAMART_CUREATED_BKP" time="586.251">
    <failure message="The following asserts failed:
	null,
	null,
	null,
	null,
	null,
	null,
	null,
	null,
	null,
	null,
	null,
	null" type="java.lang.AssertionError">
      <![CDATA[java.lang.AssertionError: The following asserts failed:
null,
null,
null,
null,
null,
null,
null,
null,
null,
null,
null,
null
at org.testng.asserts.SoftAssert.assertAll(SoftAssert.java:47)
at org.testng.asserts.SoftAssert.assertAll(SoftAssert.java:31)
at testcases.RAW_DATAMART_CURATED.RowCount.validate_RowCount_RAW_DATAMART_CUREATED_BKP(RowCount.java:55)
at java.base/jdk.internal.reflect.NativeMethodAccessorImpl.invoke0(Native Method)
at java.base/jdk.internal.reflect.NativeMethodAccessorImpl.invoke(NativeMethodAccessorImpl.java:77)
at java.base/jdk.internal.reflect.DelegatingMethodAccessorImpl.invoke(DelegatingMethodAccessorImpl.java:43)
at java.base/java.lang.reflect.Method.invoke(Method.java:568)
at org.testng.internal.MethodInvocationHelper.invokeMethod(MethodInvocationHelper.java:133)
at org.testng.internal.TestInvoker.invokeMethod(TestInvoker.java:598)
at org.testng.internal.TestInvoker.invokeTestMethod(TestInvoker.java:173)
at org.testng.internal.MethodRunner.runInSequence(MethodRunner.java:46)
at org.testng.internal.TestInvoker$MethodInvocationAgent.invoke(TestInvoker.java:824)
at org.testng.internal.TestInvoker.invokeTestMethods(TestInvoker.java:146)
at org.testng.internal.TestMethodWorker.invokeTestMethods(TestMethodWorker.java:146)
at org.testng.internal.TestMethodWorker.run(TestMethodWorker.java:128)
at java.base/java.util.ArrayList.forEach(ArrayList.java:1511)
at org.testng.TestRunner.privateRun(TestRunner.java:794)
at org.testng.TestRunner.run(TestRunner.java:596)
at org.testng.SuiteRunner.runTest(SuiteRunner.java:377)
at org.testng.SuiteRunner.runSequentially(SuiteRunner.java:371)
at org.testng.SuiteRunner.privateRun(SuiteRunner.java:332)
at org.testng.SuiteRunner.run(SuiteRunner.java:276)
at org.testng.SuiteRunnerWorker.runSuite(SuiteRunnerWorker.java:53)
at org.testng.SuiteRunnerWorker.run(SuiteRunnerWorker.java:96)
at org.testng.TestNG.runSuitesSequentially(TestNG.java:1212)
at org.testng.TestNG.runSuitesLocally(TestNG.java:1134)
at org.testng.TestNG.runSuites(TestNG.java:1063)
at org.testng.TestNG.run(TestNG.java:1031)
at org.testng.remote.AbstractRemoteTestNG.run(AbstractRemoteTestNG.java:115)
at org.testng.remote.RemoteTestNG.initAndRun(RemoteTestNG.java:251)
at org.testng.remote.RemoteTestNG.main(RemoteTestNG.java:77)
]]>
    </failure>
  </testcase> <!-- validate_RowCount_RAW_DATAMART_CUREATED_BKP -->
  <system-out>
    <![CDATA[Executing Snowflake query :: select count(*) as TOTAL from "DEV_ENT_RAW"."ST_BILLFENWICK_MATILLION"."BATCH"
Table Count in Snowflake:: 7572
Executing Snowflake query ::  select count(*) as TOTAL from "CURATED_DATAMART"."ST_BKP_BILLFENWICK"."STR_BATCH"where ACTIVE_FLAG='Y'
Table Count in Snowflake:: 7572
Executing Snowflake query ::  select count(*) as TOTAL from "DEV_ENT_CURATED"."MASTER_DIMENSIONS"."FACT_BATCH"where tenant_type='BILLFENWICK'
Table Count in Snowflake:: 7572
Row Count of Table BATCH is matched for RAW :: 7572 DataMart :: 7572 CURATED :: 7572
Executing Snowflake query :: select count(*) as TOTAL from "DEV_ENT_RAW"."ST_BILLFENWICK_MATILLION"."BUSINESSUNIT"
Table Count in Snowflake:: 15
Executing Snowflake query ::  select count(*) as TOTAL from "CURATED_DATAMART"."ST_BKP_BILLFENWICK"."STR_BUSINESSUNIT"where ACTIVE_FLAG='Y'
Table Count in Snowflake:: 15
Executing Snowflake query ::  select count(*) as TOTAL from "DEV_ENT_CURATED"."MASTER_DIMENSIONS"."DIM_BUSINESSUNIT"where tenant_type='BILLFENWICK'
Table Count in Snowflake:: 15
Row Count of Table BUSINESSUNIT is matched for RAW :: 15 DataMart :: 15 CURATED :: 15
Executing Snowflake query :: select count(*) as TOTAL from "DEV_ENT_RAW"."ST_BILLFENWICK_MATILLION"."CAMPAIGN"
Table Count in Snowflake:: 192
Executing Snowflake query ::  select count(*) as TOTAL from "CURATED_DATAMART"."ST_BKP_BILLFENWICK"."STR_CAMPAIGN"where ACTIVE_FLAG='Y'
Table Count in Snowflake:: 192
Executing Snowflake query ::  select count(*) as TOTAL from "DEV_ENT_CURATED"."MASTER_DIMENSIONS"."DIM_CAMPAIGN"where tenant_type='BILLFENWICK'
Table Count in Snowflake:: 192
Row Count of Table CAMPAIGN is matched for RAW :: 192 DataMart :: 192 CURATED :: 192
Executing Snowflake query :: select count(*) as TOTAL from "DEV_ENT_RAW"."ST_BILLFENWICK_MATILLION"."CANCELJOBREASON"
Table Count in Snowflake:: 31
Executing Snowflake query ::  select count(*) as TOTAL from "CURATED_DATAMART"."ST_BKP_BILLFENWICK"."STR_CANCELJOBREASON"where ACTIVE_FLAG='Y'
Table Count in Snowflake:: 31
Executing Snowflake query ::  select count(*) as TOTAL from "DEV_ENT_CURATED"."MASTER_DIMENSIONS"."DIM_CANCELJOBREASON"where tenant_type='BILLFENWICK'
Table Count in Snowflake:: 31
Row Count of Table CANCELJOBREASON is matched for RAW :: 31 DataMart :: 31 CURATED :: 31
Executing Snowflake query :: select count(*) as TOTAL from "DEV_ENT_RAW"."ST_BILLFENWICK_MATILLION"."COUNTERSALESLOCATION"
Table Count in Snowflake:: 0
Executing Snowflake query ::  select count(*) as TOTAL from "CURATED_DATAMART"."ST_BKP_BILLFENWICK"."STR_COUNTERSALESLOCATION"where ACTIVE_FLAG='Y'
Table Count in Snowflake:: 0
Executing Snowflake query ::  select count(*) as TOTAL from "DEV_ENT_CURATED"."MASTER_DIMENSIONS"."DIM_COUNTERSALESLOCATION"where tenant_type='BILLFENWICK'
Table Count in Snowflake:: 0
Row Count of Table COUNTERSALESLOCATION is matched for RAW :: 0 DataMart :: 0 CURATED :: 0
Executing Snowflake query :: select count(*) as TOTAL from "DEV_ENT_RAW"."ST_BILLFENWICK_MATILLION"."CUSTOMER"
Table Count in Snowflake:: 72226
Executing Snowflake query ::  select count(*) as TOTAL from "CURATED_DATAMART"."ST_BKP_BILLFENWICK"."STR_CUSTOMER"where ACTIVE_FLAG='Y'
Table Count in Snowflake:: 72226
Executing Snowflake query ::  select count(*) as TOTAL from "DEV_ENT_CURATED"."MASTER_DIMENSIONS"."DIM_CUSTOMER"where tenant_type='BILLFENWICK'
Table Count in Snowflake:: 72226
Row Count of Table CUSTOMER is matched for RAW :: 72226 DataMart :: 72226 CURATED :: 72226
Executing Snowflake query :: select count(*) as TOTAL from "DEV_ENT_RAW"."ST_BILLFENWICK_MATILLION"."CUSTOMFIELD"
Table Count in Snowflake:: 172672
Executing Snowflake query ::  select count(*) as TOTAL from "CURATED_DATAMART"."ST_BKP_BILLFENWICK"."STR_CUSTOMFIELD"where ACTIVE_FLAG='Y'
Table Count in Snowflake:: 172672
Executing Snowflake query ::  select count(*) as TOTAL from "DEV_ENT_CURATED"."MASTER_DIMENSIONS"."FACT_CUSTOMFIELD"where tenant_type='BILLFENWICK'
Table Count in Snowflake:: 172672
Row Count of Table CUSTOMFIELD is matched for RAW :: 172672 DataMart :: 172672 CURATED :: 172672
Executing Snowflake query :: select count(*) as TOTAL from "DEV_ENT_RAW"."ST_BILLFENWICK_MATILLION"."DIVISION"
Table Count in Snowflake:: 4
Executing Snowflake query ::  select count(*) as TOTAL from "CURATED_DATAMART"."ST_BKP_BILLFENWICK"."STR_DIVISION"where ACTIVE_FLAG='Y'
Table Count in Snowflake:: 4
Executing Snowflake query ::  select count(*) as TOTAL from "DEV_ENT_CURATED"."MASTER_DIMENSIONS"."DIM_DIVISION"where tenant_type='BILLFENWICK'
Table Count in Snowflake:: 4
Row Count of Table DIVISION is matched for RAW :: 4 DataMart :: 4 CURATED :: 4
Executing Snowflake query :: select count(*) as TOTAL from "DEV_ENT_RAW"."ST_BILLFENWICK_MATILLION"."INVOICE"
Table Count in Snowflake:: 180000
Executing Snowflake query ::  select count(*) as TOTAL from "CURATED_DATAMART"."ST_BKP_BILLFENWICK"."STR_INVOICE"where ACTIVE_FLAG='Y'
Table Count in Snowflake:: 180000
Executing Snowflake query ::  select count(*) as TOTAL from "DEV_ENT_CURATED"."MASTER_DIMENSIONS"."FACT_INVOICE"where tenant_type='BILLFENWICK'
Table Count in Snowflake:: 180000
Row Count of Table INVOICE is matched for RAW :: 180000 DataMart :: 180000 CURATED :: 180000
Executing Snowflake query :: select count(*) as TOTAL from "DEV_ENT_RAW"."ST_BILLFENWICK_MATILLION"."JOB"
Table Count in Snowflake:: 175831
Executing Snowflake query ::  select count(*) as TOTAL from "CURATED_DATAMART"."ST_BKP_BILLFENWICK"."STR_JOB"where ACTIVE_FLAG='Y'
Table Count in Snowflake:: 175831
Executing Snowflake query ::  select count(*) as TOTAL from "DEV_ENT_CURATED"."MASTER_DIMENSIONS"."DIM_JOB"where tenant_type='BILLFENWICK'
Table Count in Snowflake:: 175831
Row Count of Table JOB is matched for RAW :: 175831 DataMart :: 175831 CURATED :: 175831
Executing Snowflake query :: select count(*) as TOTAL from "DEV_ENT_RAW"."ST_BILLFENWICK_MATILLION"."JOBAPPOINTMENT"
Table Count in Snowflake:: 176807
Executing Snowflake query ::  select count(*) as TOTAL from "CURATED_DATAMART"."ST_BKP_BILLFENWICK"."STR_JOBAPPOINTMENT"where ACTIVE_FLAG='Y'
Table Count in Snowflake:: 176807
Executing Snowflake query ::  select count(*) as TOTAL from "DEV_ENT_CURATED"."MASTER_DIMENSIONS"."DIM_JOBAPPOINTMENT"where tenant_type='BILLFENWICK'
Table Count in Snowflake:: 176807
Row Count of Table JOBAPPOINTMENT is matched for RAW :: 176807 DataMart :: 176807 CURATED :: 176807
Executing Snowflake query :: select count(*) as TOTAL from "DEV_ENT_RAW"."ST_BILLFENWICK_MATILLION"."JOBAPPOINTMENTASSIGNMENT"
Table Count in Snowflake:: 251392
Executing Snowflake query ::  select count(*) as TOTAL from "CURATED_DATAMART"."ST_BKP_BILLFENWICK"."STR_JOBAPPOINTMENTASSIGNMENT"where ACTIVE_FLAG='Y'
Table Count in Snowflake:: 251127
Executing Snowflake query ::  select count(*) as TOTAL from "DEV_ENT_CURATED"."MASTER_DIMENSIONS"."DIM_JOBAPPOINTMENTASSIGNMENT"where tenant_type='BILLFENWICK'
Table Count in Snowflake:: 251127
Row Count of Table JOBAPPOINTMENTASSIGNMENT is not matched for RAW :: 251392 DataMart :: 251127 CURATED :: 251127
Executing Snowflake query :: select count(*) as TOTAL from "DEV_ENT_RAW"."ST_BILLFENWICK_MATILLION"."JOBASSIGNMENT"
Table Count in Snowflake:: 250393
Executing Snowflake query ::  select count(*) as TOTAL from "CURATED_DATAMART"."ST_BKP_BILLFENWICK"."STR_JOBASSIGNMENT"where ACTIVE_FLAG='Y'
Table Count in Snowflake:: 250393
Executing Snowflake query ::  select count(*) as TOTAL from "DEV_ENT_CURATED"."MASTER_DIMENSIONS"."DIM_JOBASSIGNMENT"where tenant_type='BILLFENWICK'
Table Count in Snowflake:: 250393
Row Count of Table JOBASSIGNMENT is matched for RAW :: 250393 DataMart :: 250393 CURATED :: 250393
Executing Snowflake query :: select count(*) as TOTAL from "DEV_ENT_RAW"."ST_BILLFENWICK_MATILLION"."JOBCANCELEDLOG"
Table Count in Snowflake:: 8066
Executing Snowflake query ::  select count(*) as TOTAL from "CURATED_DATAMART"."ST_BKP_BILLFENWICK"."STR_JOBCANCELEDLOG"where ACTIVE_FLAG='Y'
Table Count in Snowflake:: 8066
Executing Snowflake query ::  select count(*) as TOTAL from "DEV_ENT_CURATED"."MASTER_DIMENSIONS"."DIM_JOBCANCELEDLOG"where tenant_type='BILLFENWICK'
Table Count in Snowflake:: 8066
Row Count of Table JOBCANCELEDLOG is matched for RAW :: 8066 DataMart :: 8066 CURATED :: 8066
Executing Snowflake query :: select count(*) as TOTAL from "DEV_ENT_RAW"."ST_BILLFENWICK_MATILLION"."JOBTYPE"
Table Count in Snowflake:: 196
Executing Snowflake query ::  select count(*) as TOTAL from "CURATED_DATAMART"."ST_BKP_BILLFENWICK"."STR_JOBTYPE"where ACTIVE_FLAG='Y'
Table Count in Snowflake:: 196
Executing Snowflake query ::  select count(*) as TOTAL from "DEV_ENT_CURATED"."MASTER_DIMENSIONS"."DIM_JOBTYPE"where tenant_type='BILLFENWICK'
Table Count in Snowflake:: 196
Row Count of Table JOBTYPE is matched for RAW :: 196 DataMart :: 196 CURATED :: 196
Executing Snowflake query :: select count(*) as TOTAL from "DEV_ENT_RAW"."ST_BILLFENWICK_MATILLION"."LEAD"
Table Count in Snowflake:: 0
Executing Snowflake query ::  select count(*) as TOTAL from "CURATED_DATAMART"."ST_BKP_BILLFENWICK"."STR_LEAD"where ACTIVE_FLAG='Y'
Table Count in Snowflake:: 0
Executing Snowflake query ::  select count(*) as TOTAL from "DEV_ENT_CURATED"."MASTER_DIMENSIONS"."DIM_LEAD"where tenant_type='BILLFENWICK'
Table Count in Snowflake:: 0
Row Count of Table LEAD is matched for RAW :: 0 DataMart :: 0 CURATED :: 0
Executing Snowflake query :: select count(*) as TOTAL from "DEV_ENT_RAW"."ST_BILLFENWICK_MATILLION"."LOCATION"
Table Count in Snowflake:: 80888
Executing Snowflake query ::  select count(*) as TOTAL from "CURATED_DATAMART"."ST_BKP_BILLFENWICK"."STR_LOCATION"where ACTIVE_FLAG='Y'
Table Count in Snowflake:: 80888
Executing Snowflake query ::  select count(*) as TOTAL from "DEV_ENT_CURATED"."MASTER_DIMENSIONS"."DIM_LOCATION"where tenant_type='BILLFENWICK'
Table Count in Snowflake:: 80888
Row Count of Table LOCATION is matched for RAW :: 80888 DataMart :: 80888 CURATED :: 80888
Executing Snowflake query :: select count(*) as TOTAL from "DEV_ENT_RAW"."ST_BILLFENWICK_MATILLION"."OPPORTUNITY"
Table Count in Snowflake:: 175831
Executing Snowflake query ::  select count(*) as TOTAL from "CURATED_DATAMART"."ST_BKP_BILLFENWICK"."STR_OPPORTUNITY"where ACTIVE_FLAG='Y'
Table Count in Snowflake:: 175831
Executing Snowflake query ::  select count(*) as TOTAL from "DEV_ENT_CURATED"."MASTER_DIMENSIONS"."DIM_OPPORTUNITY"where tenant_type='BILLFENWICK'
Table Count in Snowflake:: 175831
Row Count of Table OPPORTUNITY is matched for RAW :: 175831 DataMart :: 175831 CURATED :: 175831
Executing Snowflake query :: select count(*) as TOTAL from "DEV_ENT_RAW"."ST_BILLFENWICK_MATILLION"."OVERTIMEPROFILE"
Table Count in Snowflake:: 6
Executing Snowflake query ::  select count(*) as TOTAL from "CURATED_DATAMART"."ST_BKP_BILLFENWICK"."STR_OVERTIMEPROFILE"where ACTIVE_FLAG='Y'
Table Count in Snowflake:: 6
Executing Snowflake query ::  select count(*) as TOTAL from "DEV_ENT_CURATED"."MASTER_DIMENSIONS"."DIM_OVERTIMEPROFILE"where tenant_type='BILLFENWICK'
Table Count in Snowflake:: 6
Row Count of Table OVERTIMEPROFILE is matched for RAW :: 6 DataMart :: 6 CURATED :: 6
Executing Snowflake query :: select count(*) as TOTAL from "DEV_ENT_RAW"."ST_BILLFENWICK_MATILLION"."PAYMENTTERM"
Table Count in Snowflake:: 10
Executing Snowflake query ::  select count(*) as TOTAL from "CURATED_DATAMART"."ST_BKP_BILLFENWICK"."STR_PAYMENTTERM"where ACTIVE_FLAG='Y'
Table Count in Snowflake:: 10
Executing Snowflake query ::  select count(*) as TOTAL from "DEV_ENT_CURATED"."MASTER_DIMENSIONS"."DIM_PAYMENTTERM"where tenant_type='BILLFENWICK'
Table Count in Snowflake:: 10
Row Count of Table PAYMENTTERM is matched for RAW :: 10 DataMart :: 10 CURATED :: 10
Executing Snowflake query :: select count(*) as TOTAL from "DEV_ENT_RAW"."ST_BILLFENWICK_MATILLION"."PAYROLLPROFILE"
Table Count in Snowflake:: 1
Executing Snowflake query ::  select count(*) as TOTAL from "CURATED_DATAMART"."ST_BKP_BILLFENWICK"."STR_PAYROLLPROFILE"where ACTIVE_FLAG='Y'
Table Count in Snowflake:: 1
Executing Snowflake query ::  select count(*) as TOTAL from "DEV_ENT_CURATED"."MASTER_DIMENSIONS"."DIM_PAYROLLPROFILE"where tenant_type='BILLFENWICK'
Table Count in Snowflake:: 1
Row Count of Table PAYROLLPROFILE is matched for RAW :: 1 DataMart :: 1 CURATED :: 1
Executing Snowflake query :: select count(*) as TOTAL from "DEV_ENT_RAW"."ST_BILLFENWICK_MATILLION"."PROJECT"
Table Count in Snowflake:: 7158
Executing Snowflake query ::  select count(*) as TOTAL from "CURATED_DATAMART"."ST_BKP_BILLFENWICK"."STR_PROJECT"where ACTIVE_FLAG='Y'
Table Count in Snowflake:: 7158
Executing Snowflake query ::  select count(*) as TOTAL from "DEV_ENT_CURATED"."MASTER_DIMENSIONS"."DIM_PROJECT"where tenant_type='BILLFENWICK'
Table Count in Snowflake:: 7158
Row Count of Table PROJECT is matched for RAW :: 7158 DataMart :: 7158 CURATED :: 7158
Executing Snowflake query :: select count(*) as TOTAL from "DEV_ENT_RAW"."ST_BILLFENWICK_MATILLION"."TAG"
Table Count in Snowflake:: 237591
Executing Snowflake query ::  select count(*) as TOTAL from "CURATED_DATAMART"."ST_BKP_BILLFENWICK"."STR_TAG"where ACTIVE_FLAG='Y'
Table Count in Snowflake:: 237591
Executing Snowflake query ::  select count(*) as TOTAL from "DEV_ENT_CURATED"."MASTER_DIMENSIONS"."DIM_TAG"where tenant_type='BILLFENWICK'
Table Count in Snowflake:: 237591
Row Count of Table TAG is matched for RAW :: 237591 DataMart :: 237591 CURATED :: 237591
Executing Snowflake query :: select count(*) as TOTAL from "DEV_ENT_RAW"."ST_BILLFENWICK_MATILLION"."TAGTYPE"
Table Count in Snowflake:: 214
Executing Snowflake query ::  select count(*) as TOTAL from "CURATED_DATAMART"."ST_BKP_BILLFENWICK"."STR_TAGTYPE"where ACTIVE_FLAG='Y'
Table Count in Snowflake:: 214
Executing Snowflake query ::  select count(*) as TOTAL from "DEV_ENT_CURATED"."MASTER_DIMENSIONS"."DIM_TAGTYPE"where tenant_type='BILLFENWICK'
Table Count in Snowflake:: 214
Row Count of Table TAGTYPE is matched for RAW :: 214 DataMart :: 214 CURATED :: 214
Executing Snowflake query :: select count(*) as TOTAL from "DEV_ENT_RAW"."ST_BILLFENWICK_MATILLION"."TAXZONE"
Table Count in Snowflake:: 0
Executing Snowflake query ::  select count(*) as TOTAL from "CURATED_DATAMART"."ST_BKP_BILLFENWICK"."STR_TAXZONE"where ACTIVE_FLAG='Y'
Table Count in Snowflake:: 0
Executing Snowflake query ::  select count(*) as TOTAL from "DEV_ENT_CURATED"."MASTER_DIMENSIONS"."DIM_TAXZONE"where tenant_type='BILLFENWICK'
Table Count in Snowflake:: 0
Row Count of Table TAXZONE is matched for RAW :: 0 DataMart :: 0 CURATED :: 0
Executing Snowflake query :: select count(*) as TOTAL from "DEV_ENT_RAW"."ST_BILLFENWICK_MATILLION"."TECHNICIAN"
Table Count in Snowflake:: 267
Executing Snowflake query ::  select count(*) as TOTAL from "CURATED_DATAMART"."ST_BKP_BILLFENWICK"."STR_TECHNICIAN"where ACTIVE_FLAG='Y'
Table Count in Snowflake:: 267
Executing Snowflake query ::  select count(*) as TOTAL from "DEV_ENT_CURATED"."MASTER_DIMENSIONS"."DIM_TECHNICIAN"where tenant_type='BILLFENWICK'
Table Count in Snowflake:: 267
Row Count of Table TECHNICIAN is matched for RAW :: 267 DataMart :: 267 CURATED :: 267
Executing Snowflake query :: select count(*) as TOTAL from "DEV_ENT_RAW"."ST_BILLFENWICK_MATILLION"."TRADE"
Table Count in Snowflake:: 1
Executing Snowflake query ::  select count(*) as TOTAL from "CURATED_DATAMART"."ST_BKP_BILLFENWICK"."STR_TRADE"where ACTIVE_FLAG='Y'
Table Count in Snowflake:: 1
Executing Snowflake query ::  select count(*) as TOTAL from "DEV_ENT_CURATED"."MASTER_DIMENSIONS"."DIM_TRADE"where tenant_type='BILLFENWICK'
Table Count in Snowflake:: 1
Row Count of Table TRADE is matched for RAW :: 1 DataMart :: 1 CURATED :: 1
Executing Snowflake query :: select count(*) as TOTAL from "DEV_ENT_RAW"."ST_BILLFENWICK_MATILLION"."TRUCK"
Table Count in Snowflake:: 66
Executing Snowflake query ::  select count(*) as TOTAL from "CURATED_DATAMART"."ST_BKP_BILLFENWICK"."STR_TRUCK"where ACTIVE_FLAG='Y'
Table Count in Snowflake:: 66
Executing Snowflake query ::  select count(*) as TOTAL from "DEV_ENT_CURATED"."MASTER_DIMENSIONS"."DIM_TRUCK"where tenant_type='BILLFENWICK'
Table Count in Snowflake:: 66
Row Count of Table TRUCK is matched for RAW :: 66 DataMart :: 66 CURATED :: 66
Executing Snowflake query :: select count(*) as TOTAL from "DEV_ENT_RAW"."ST_BILLFENWICK_MATILLION"."ZONE"
Table Count in Snowflake:: 12
Executing Snowflake query ::  select count(*) as TOTAL from "CURATED_DATAMART"."ST_BKP_BILLFENWICK"."STR_ZONE"where ACTIVE_FLAG='Y'
Table Count in Snowflake:: 12
Executing Snowflake query ::  select count(*) as TOTAL from "DEV_ENT_CURATED"."MASTER_DIMENSIONS"."DIM_ZONE"where tenant_type='BILLFENWICK'
Table Count in Snowflake:: 12
Row Count of Table ZONE is matched for RAW :: 12 DataMart :: 12 CURATED :: 12
Executing Snowflake query :: select count(*) as TOTAL from "DEV_ENT_RAW"."ST_BILLFENWICK_MATILLION"."TECHNICIANPAYROLL"
Table Count in Snowflake:: 0
Executing Snowflake query ::  select count(*) as TOTAL from "CURATED_DATAMART"."ST_BKP_BILLFENWICK"."STR_TECHNICIANPAYROLL"where ACTIVE_FLAG='Y'
Table Count in Snowflake:: 0
Executing Snowflake query ::  select count(*) as TOTAL from "DEV_ENT_CURATED"."MASTER_DIMENSIONS"."DIM_TECHNICIANPAYROLL"where tenant_type='BILLFENWICK'
Table Count in Snowflake:: 0
Row Count of Table TECHNICIANPAYROLL is matched for RAW :: 0 DataMart :: 0 CURATED :: 0
Executing Snowflake query :: select count(*) as TOTAL from "DEV_ENT_RAW"."ST_BILLFENWICK_MATILLION"."TECHNICIANPAYROLLADJUSTMENT"
Table Count in Snowflake:: 0
Executing Snowflake query ::  select count(*) as TOTAL from "CURATED_DATAMART"."ST_BKP_BILLFENWICK"."STR_TECHNICIANPAYROLLADJUSTMENT"where ACTIVE_FLAG='Y'
Table Count in Snowflake:: 0
Executing Snowflake query ::  select count(*) as TOTAL from "DEV_ENT_CURATED"."MASTER_DIMENSIONS"."DIM_TECHNICIANPAYROLLADJUSTMENT"where tenant_type='BILLFENWICK'
Table Count in Snowflake:: 0
Row Count of Table TECHNICIANPAYROLLADJUSTMENT is matched for RAW :: 0 DataMart :: 0 CURATED :: 0
Executing Snowflake query :: select count(*) as TOTAL from "DEV_ENT_RAW"."ST_BILLFENWICK_MATILLION"."TECHNICIANATTACHEDPROPERTY"
Table Count in Snowflake:: 975
Executing Snowflake query ::  select count(*) as TOTAL from "CURATED_DATAMART"."ST_BKP_BILLFENWICK"."STR_TECHNICIANATTACHEDPROPERTY"where ACTIVE_FLAG='Y'
Table Count in Snowflake:: 975
Executing Snowflake query ::  select count(*) as TOTAL from "DEV_ENT_CURATED"."MASTER_DIMENSIONS"."DIM_TECHNICIANATTACHEDPROPERTY"where tenant_type='BILLFENWICK'
Table Count in Snowflake:: 975
Row Count of Table TECHNICIANATTACHEDPROPERTY is matched for RAW :: 975 DataMart :: 975 CURATED :: 975
Executing Snowflake query :: select count(*) as TOTAL from "DEV_ENT_RAW"."ST_CASTEEL_MATILLION"."BATCH"
Table Count in Snowflake:: 27417
Executing Snowflake query ::  select count(*) as TOTAL from "CURATED_DATAMART"."ST_BKP_CASTEEL"."STR_BATCH"where ACTIVE_FLAG='Y'
Table Count in Snowflake:: 27417
Executing Snowflake query ::  select count(*) as TOTAL from "DEV_ENT_CURATED"."MASTER_DIMENSIONS"."FACT_BATCH"where tenant_type='CASTEEL'
Table Count in Snowflake:: 27417
Row Count of Table BATCH is matched for RAW :: 27417 DataMart :: 27417 CURATED :: 27417
Executing Snowflake query :: select count(*) as TOTAL from "DEV_ENT_RAW"."ST_CASTEEL_MATILLION"."BUSINESSUNIT"
Table Count in Snowflake:: 79
Executing Snowflake query ::  select count(*) as TOTAL from "CURATED_DATAMART"."ST_BKP_CASTEEL"."STR_BUSINESSUNIT"where ACTIVE_FLAG='Y'
Table Count in Snowflake:: 79
Executing Snowflake query ::  select count(*) as TOTAL from "DEV_ENT_CURATED"."MASTER_DIMENSIONS"."DIM_BUSINESSUNIT"where tenant_type='CASTEEL'
Table Count in Snowflake:: 79
Row Count of Table BUSINESSUNIT is matched for RAW :: 79 DataMart :: 79 CURATED :: 79
Executing Snowflake query :: select count(*) as TOTAL from "DEV_ENT_RAW"."ST_CASTEEL_MATILLION"."CAMPAIGN"
Table Count in Snowflake:: 710
Executing Snowflake query ::  select count(*) as TOTAL from "CURATED_DATAMART"."ST_BKP_CASTEEL"."STR_CAMPAIGN"where ACTIVE_FLAG='Y'
Table Count in Snowflake:: 710
Executing Snowflake query ::  select count(*) as TOTAL from "DEV_ENT_CURATED"."MASTER_DIMENSIONS"."DIM_CAMPAIGN"where tenant_type='CASTEEL'
Table Count in Snowflake:: 710
Row Count of Table CAMPAIGN is matched for RAW :: 710 DataMart :: 710 CURATED :: 710
Executing Snowflake query :: select count(*) as TOTAL from "DEV_ENT_RAW"."ST_CASTEEL_MATILLION"."CANCELJOBREASON"
Table Count in Snowflake:: 35
Executing Snowflake query ::  select count(*) as TOTAL from "CURATED_DATAMART"."ST_BKP_CASTEEL"."STR_CANCELJOBREASON"where ACTIVE_FLAG='Y'
Table Count in Snowflake:: 35
Executing Snowflake query ::  select count(*) as TOTAL from "DEV_ENT_CURATED"."MASTER_DIMENSIONS"."DIM_CANCELJOBREASON"where tenant_type='CASTEEL'
Table Count in Snowflake:: 35
Row Count of Table CANCELJOBREASON is matched for RAW :: 35 DataMart :: 35 CURATED :: 35
Executing Snowflake query :: select count(*) as TOTAL from "DEV_ENT_RAW"."ST_CASTEEL_MATILLION"."COUNTERSALESLOCATION"
Table Count in Snowflake:: 2
Executing Snowflake query ::  select count(*) as TOTAL from "CURATED_DATAMART"."ST_BKP_CASTEEL"."STR_COUNTERSALESLOCATION"where ACTIVE_FLAG='Y'
Table Count in Snowflake:: 2
Executing Snowflake query ::  select count(*) as TOTAL from "DEV_ENT_CURATED"."MASTER_DIMENSIONS"."DIM_COUNTERSALESLOCATION"where tenant_type='CASTEEL'
Table Count in Snowflake:: 2
Row Count of Table COUNTERSALESLOCATION is matched for RAW :: 2 DataMart :: 2 CURATED :: 2
Executing Snowflake query :: select count(*) as TOTAL from "DEV_ENT_RAW"."ST_CASTEEL_MATILLION"."CUSTOMER"
Table Count in Snowflake:: 242251
Executing Snowflake query ::  select count(*) as TOTAL from "CURATED_DATAMART"."ST_BKP_CASTEEL"."STR_CUSTOMER"where ACTIVE_FLAG='Y'
Table Count in Snowflake:: 242251
Executing Snowflake query ::  select count(*) as TOTAL from "DEV_ENT_CURATED"."MASTER_DIMENSIONS"."DIM_CUSTOMER"where tenant_type='CASTEEL'
Table Count in Snowflake:: 242251
Row Count of Table CUSTOMER is matched for RAW :: 242251 DataMart :: 242251 CURATED :: 242251
Executing Snowflake query :: select count(*) as TOTAL from "DEV_ENT_RAW"."ST_CASTEEL_MATILLION"."CUSTOMFIELD"
Table Count in Snowflake:: 1237333
Executing Snowflake query ::  select count(*) as TOTAL from "CURATED_DATAMART"."ST_BKP_CASTEEL"."STR_CUSTOMFIELD"where ACTIVE_FLAG='Y'
Table Count in Snowflake:: 1237333
Executing Snowflake query ::  select count(*) as TOTAL from "DEV_ENT_CURATED"."MASTER_DIMENSIONS"."FACT_CUSTOMFIELD"where tenant_type='CASTEEL'
Table Count in Snowflake:: 1237333
Row Count of Table CUSTOMFIELD is matched for RAW :: 1237333 DataMart :: 1237333 CURATED :: 1237333
Executing Snowflake query :: select count(*) as TOTAL from "DEV_ENT_RAW"."ST_CASTEEL_MATILLION"."DIVISION"
Table Count in Snowflake:: 5
Executing Snowflake query ::  select count(*) as TOTAL from "CURATED_DATAMART"."ST_BKP_CASTEEL"."STR_DIVISION"where ACTIVE_FLAG='Y'
Table Count in Snowflake:: 5
Executing Snowflake query ::  select count(*) as TOTAL from "DEV_ENT_CURATED"."MASTER_DIMENSIONS"."DIM_DIVISION"where tenant_type='CASTEEL'
Table Count in Snowflake:: 5
Row Count of Table DIVISION is matched for RAW :: 5 DataMart :: 5 CURATED :: 5
Executing Snowflake query :: select count(*) as TOTAL from "DEV_ENT_RAW"."ST_CASTEEL_MATILLION"."INVOICE"
Table Count in Snowflake:: 1027648
Executing Snowflake query ::  select count(*) as TOTAL from "CURATED_DATAMART"."ST_BKP_CASTEEL"."STR_INVOICE"where ACTIVE_FLAG='Y'
Table Count in Snowflake:: 1027648
Executing Snowflake query ::  select count(*) as TOTAL from "DEV_ENT_CURATED"."MASTER_DIMENSIONS"."FACT_INVOICE"where tenant_type='CASTEEL'
Table Count in Snowflake:: 1027648
Row Count of Table INVOICE is matched for RAW :: 1027648 DataMart :: 1027648 CURATED :: 1027648
Executing Snowflake query :: select count(*) as TOTAL from "DEV_ENT_RAW"."ST_CASTEEL_MATILLION"."JOB"
Table Count in Snowflake:: 997868
Executing Snowflake query ::  select count(*) as TOTAL from "CURATED_DATAMART"."ST_BKP_CASTEEL"."STR_JOB"where ACTIVE_FLAG='Y'
Table Count in Snowflake:: 997868
Executing Snowflake query ::  select count(*) as TOTAL from "DEV_ENT_CURATED"."MASTER_DIMENSIONS"."DIM_JOB"where tenant_type='CASTEEL'
Table Count in Snowflake:: 997868
Row Count of Table JOB is matched for RAW :: 997868 DataMart :: 997868 CURATED :: 997868
Executing Snowflake query :: select count(*) as TOTAL from "DEV_ENT_RAW"."ST_CASTEEL_MATILLION"."JOBAPPOINTMENT"
Table Count in Snowflake:: 998305
Executing Snowflake query ::  select count(*) as TOTAL from "CURATED_DATAMART"."ST_BKP_CASTEEL"."STR_JOBAPPOINTMENT"where ACTIVE_FLAG='Y'
Table Count in Snowflake:: 998305
Executing Snowflake query ::  select count(*) as TOTAL from "DEV_ENT_CURATED"."MASTER_DIMENSIONS"."DIM_JOBAPPOINTMENT"where tenant_type='CASTEEL'
Table Count in Snowflake:: 998305
Row Count of Table JOBAPPOINTMENT is matched for RAW :: 998305 DataMart :: 998305 CURATED :: 998305
Executing Snowflake query :: select count(*) as TOTAL from "DEV_ENT_RAW"."ST_CASTEEL_MATILLION"."JOBAPPOINTMENTASSIGNMENT"
Table Count in Snowflake:: 1039235
Executing Snowflake query ::  select count(*) as TOTAL from "CURATED_DATAMART"."ST_BKP_CASTEEL"."STR_JOBAPPOINTMENTASSIGNMENT"where ACTIVE_FLAG='Y'
Table Count in Snowflake:: 1038813
Executing Snowflake query ::  select count(*) as TOTAL from "DEV_ENT_CURATED"."MASTER_DIMENSIONS"."DIM_JOBAPPOINTMENTASSIGNMENT"where tenant_type='CASTEEL'
Table Count in Snowflake:: 1038813
Row Count of Table JOBAPPOINTMENTASSIGNMENT is not matched for RAW :: 1039235 DataMart :: 1038813 CURATED :: 1038813
Executing Snowflake query :: select count(*) as TOTAL from "DEV_ENT_RAW"."ST_CASTEEL_MATILLION"."JOBASSIGNMENT"
Table Count in Snowflake:: 1038653
Executing Snowflake query ::  select count(*) as TOTAL from "CURATED_DATAMART"."ST_BKP_CASTEEL"."STR_JOBASSIGNMENT"where ACTIVE_FLAG='Y'
Table Count in Snowflake:: 1038653
Executing Snowflake query ::  select count(*) as TOTAL from "DEV_ENT_CURATED"."MASTER_DIMENSIONS"."DIM_JOBASSIGNMENT"where tenant_type='CASTEEL'
Table Count in Snowflake:: 1038653
Row Count of Table JOBASSIGNMENT is matched for RAW :: 1038653 DataMart :: 1038653 CURATED :: 1038653
Executing Snowflake query :: select count(*) as TOTAL from "DEV_ENT_RAW"."ST_CASTEEL_MATILLION"."JOBCANCELEDLOG"
Table Count in Snowflake:: 52401
Executing Snowflake query ::  select count(*) as TOTAL from "CURATED_DATAMART"."ST_BKP_CASTEEL"."STR_JOBCANCELEDLOG"where ACTIVE_FLAG='Y'
Table Count in Snowflake:: 52401
Executing Snowflake query ::  select count(*) as TOTAL from "DEV_ENT_CURATED"."MASTER_DIMENSIONS"."DIM_JOBCANCELEDLOG"where tenant_type='CASTEEL'
Table Count in Snowflake:: 52401
Row Count of Table JOBCANCELEDLOG is matched for RAW :: 52401 DataMart :: 52401 CURATED :: 52401
Executing Snowflake query :: select count(*) as TOTAL from "DEV_ENT_RAW"."ST_CASTEEL_MATILLION"."JOBTYPE"
Table Count in Snowflake:: 317
Executing Snowflake query ::  select count(*) as TOTAL from "CURATED_DATAMART"."ST_BKP_CASTEEL"."STR_JOBTYPE"where ACTIVE_FLAG='Y'
Table Count in Snowflake:: 317
Executing Snowflake query ::  select count(*) as TOTAL from "DEV_ENT_CURATED"."MASTER_DIMENSIONS"."DIM_JOBTYPE"where tenant_type='CASTEEL'
Table Count in Snowflake:: 317
Row Count of Table JOBTYPE is matched for RAW :: 317 DataMart :: 317 CURATED :: 317
Executing Snowflake query :: select count(*) as TOTAL from "DEV_ENT_RAW"."ST_CASTEEL_MATILLION"."LEAD"
Table Count in Snowflake:: 0
Executing Snowflake query ::  select count(*) as TOTAL from "CURATED_DATAMART"."ST_BKP_CASTEEL"."STR_LEAD"where ACTIVE_FLAG='Y'
Table Count in Snowflake:: 0
Executing Snowflake query ::  select count(*) as TOTAL from "DEV_ENT_CURATED"."MASTER_DIMENSIONS"."DIM_LEAD"where tenant_type='CASTEEL'
Table Count in Snowflake:: 0
Row Count of Table LEAD is matched for RAW :: 0 DataMart :: 0 CURATED :: 0
Executing Snowflake query :: select count(*) as TOTAL from "DEV_ENT_RAW"."ST_CASTEEL_MATILLION"."LOCATION"
Table Count in Snowflake:: 253528
Executing Snowflake query ::  select count(*) as TOTAL from "CURATED_DATAMART"."ST_BKP_CASTEEL"."STR_LOCATION"where ACTIVE_FLAG='Y'
Table Count in Snowflake:: 253528
Executing Snowflake query ::  select count(*) as TOTAL from "DEV_ENT_CURATED"."MASTER_DIMENSIONS"."DIM_LOCATION"where tenant_type='CASTEEL'
Table Count in Snowflake:: 253528
Row Count of Table LOCATION is matched for RAW :: 253528 DataMart :: 253528 CURATED :: 253528
Executing Snowflake query :: select count(*) as TOTAL from "DEV_ENT_RAW"."ST_CASTEEL_MATILLION"."OPPORTUNITY"
Table Count in Snowflake:: 997868
Executing Snowflake query ::  select count(*) as TOTAL from "CURATED_DATAMART"."ST_BKP_CASTEEL"."STR_OPPORTUNITY"where ACTIVE_FLAG='Y'
Table Count in Snowflake:: 997868
Executing Snowflake query ::  select count(*) as TOTAL from "DEV_ENT_CURATED"."MASTER_DIMENSIONS"."DIM_OPPORTUNITY"where tenant_type='CASTEEL'
Table Count in Snowflake:: 997868
Row Count of Table OPPORTUNITY is matched for RAW :: 997868 DataMart :: 997868 CURATED :: 997868
Executing Snowflake query :: select count(*) as TOTAL from "DEV_ENT_RAW"."ST_CASTEEL_MATILLION"."OVERTIMEPROFILE"
Table Count in Snowflake:: 6
Executing Snowflake query ::  select count(*) as TOTAL from "CURATED_DATAMART"."ST_BKP_CASTEEL"."STR_OVERTIMEPROFILE"where ACTIVE_FLAG='Y'
Table Count in Snowflake:: 6
Executing Snowflake query ::  select count(*) as TOTAL from "DEV_ENT_CURATED"."MASTER_DIMENSIONS"."DIM_OVERTIMEPROFILE"where tenant_type='CASTEEL'
Table Count in Snowflake:: 6
Row Count of Table OVERTIMEPROFILE is matched for RAW :: 6 DataMart :: 6 CURATED :: 6
Executing Snowflake query :: select count(*) as TOTAL from "DEV_ENT_RAW"."ST_CASTEEL_MATILLION"."PAYMENTTERM"
Table Count in Snowflake:: 6
Executing Snowflake query ::  select count(*) as TOTAL from "CURATED_DATAMART"."ST_BKP_CASTEEL"."STR_PAYMENTTERM"where ACTIVE_FLAG='Y'
Table Count in Snowflake:: 6
Executing Snowflake query ::  select count(*) as TOTAL from "DEV_ENT_CURATED"."MASTER_DIMENSIONS"."DIM_PAYMENTTERM"where tenant_type='CASTEEL'
Table Count in Snowflake:: 6
Row Count of Table PAYMENTTERM is matched for RAW :: 6 DataMart :: 6 CURATED :: 6
Executing Snowflake query :: select count(*) as TOTAL from "DEV_ENT_RAW"."ST_CASTEEL_MATILLION"."PAYROLLPROFILE"
Table Count in Snowflake:: 1
Executing Snowflake query ::  select count(*) as TOTAL from "CURATED_DATAMART"."ST_BKP_CASTEEL"."STR_PAYROLLPROFILE"where ACTIVE_FLAG='Y'
Table Count in Snowflake:: 1
Executing Snowflake query ::  select count(*) as TOTAL from "DEV_ENT_CURATED"."MASTER_DIMENSIONS"."DIM_PAYROLLPROFILE"where tenant_type='CASTEEL'
Table Count in Snowflake:: 1
Row Count of Table PAYROLLPROFILE is matched for RAW :: 1 DataMart :: 1 CURATED :: 1
Executing Snowflake query :: select count(*) as TOTAL from "DEV_ENT_RAW"."ST_CASTEEL_MATILLION"."PROJECT"
Table Count in Snowflake:: 53405
Executing Snowflake query ::  select count(*) as TOTAL from "CURATED_DATAMART"."ST_BKP_CASTEEL"."STR_PROJECT"where ACTIVE_FLAG='Y'
Table Count in Snowflake:: 53405
Executing Snowflake query ::  select count(*) as TOTAL from "DEV_ENT_CURATED"."MASTER_DIMENSIONS"."DIM_PROJECT"where tenant_type='CASTEEL'
Table Count in Snowflake:: 53405
Row Count of Table PROJECT is matched for RAW :: 53405 DataMart :: 53405 CURATED :: 53405
Executing Snowflake query :: select count(*) as TOTAL from "DEV_ENT_RAW"."ST_CASTEEL_MATILLION"."TAG"
Table Count in Snowflake:: 2028191
Executing Snowflake query ::  select count(*) as TOTAL from "CURATED_DATAMART"."ST_BKP_CASTEEL"."STR_TAG"where ACTIVE_FLAG='Y'
Table Count in Snowflake:: 2028191
Executing Snowflake query ::  select count(*) as TOTAL from "DEV_ENT_CURATED"."MASTER_DIMENSIONS"."DIM_TAG"where tenant_type='CASTEEL'
Table Count in Snowflake:: 2028191
Row Count of Table TAG is matched for RAW :: 2028191 DataMart :: 2028191 CURATED :: 2028191
Executing Snowflake query :: select count(*) as TOTAL from "DEV_ENT_RAW"."ST_CASTEEL_MATILLION"."TAGTYPE"
Table Count in Snowflake:: 714
Executing Snowflake query ::  select count(*) as TOTAL from "CURATED_DATAMART"."ST_BKP_CASTEEL"."STR_TAGTYPE"where ACTIVE_FLAG='Y'
Table Count in Snowflake:: 714
Executing Snowflake query ::  select count(*) as TOTAL from "DEV_ENT_CURATED"."MASTER_DIMENSIONS"."DIM_TAGTYPE"where tenant_type='CASTEEL'
Table Count in Snowflake:: 714
Row Count of Table TAGTYPE is matched for RAW :: 714 DataMart :: 714 CURATED :: 714
Executing Snowflake query :: select count(*) as TOTAL from "DEV_ENT_RAW"."ST_CASTEEL_MATILLION"."TAXZONE"
Table Count in Snowflake:: 2
Executing Snowflake query ::  select count(*) as TOTAL from "CURATED_DATAMART"."ST_BKP_CASTEEL"."STR_TAXZONE"where ACTIVE_FLAG='Y'
Table Count in Snowflake:: 2
Executing Snowflake query ::  select count(*) as TOTAL from "DEV_ENT_CURATED"."MASTER_DIMENSIONS"."DIM_TAXZONE"where tenant_type='CASTEEL'
Table Count in Snowflake:: 2
Row Count of Table TAXZONE is matched for RAW :: 2 DataMart :: 2 CURATED :: 2
Executing Snowflake query :: select count(*) as TOTAL from "DEV_ENT_RAW"."ST_CASTEEL_MATILLION"."TECHNICIAN"
Table Count in Snowflake:: 1016
Executing Snowflake query ::  select count(*) as TOTAL from "CURATED_DATAMART"."ST_BKP_CASTEEL"."STR_TECHNICIAN"where ACTIVE_FLAG='Y'
Table Count in Snowflake:: 1016
Executing Snowflake query ::  select count(*) as TOTAL from "DEV_ENT_CURATED"."MASTER_DIMENSIONS"."DIM_TECHNICIAN"where tenant_type='CASTEEL'
Table Count in Snowflake:: 1016
Row Count of Table TECHNICIAN is matched for RAW :: 1016 DataMart :: 1016 CURATED :: 1016
Executing Snowflake query :: select count(*) as TOTAL from "DEV_ENT_RAW"."ST_CASTEEL_MATILLION"."TRADE"
Table Count in Snowflake:: 3
Executing Snowflake query ::  select count(*) as TOTAL from "CURATED_DATAMART"."ST_BKP_CASTEEL"."STR_TRADE"where ACTIVE_FLAG='Y'
Table Count in Snowflake:: 3
Executing Snowflake query ::  select count(*) as TOTAL from "DEV_ENT_CURATED"."MASTER_DIMENSIONS"."DIM_TRADE"where tenant_type='CASTEEL'
Table Count in Snowflake:: 3
Row Count of Table TRADE is matched for RAW :: 3 DataMart :: 3 CURATED :: 3
Executing Snowflake query :: select count(*) as TOTAL from "DEV_ENT_RAW"."ST_CASTEEL_MATILLION"."TRUCK"
Table Count in Snowflake:: 405
Executing Snowflake query ::  select count(*) as TOTAL from "CURATED_DATAMART"."ST_BKP_CASTEEL"."STR_TRUCK"where ACTIVE_FLAG='Y'
Table Count in Snowflake:: 405
Executing Snowflake query ::  select count(*) as TOTAL from "DEV_ENT_CURATED"."MASTER_DIMENSIONS"."DIM_TRUCK"where tenant_type='CASTEEL'
Table Count in Snowflake:: 405
Row Count of Table TRUCK is matched for RAW :: 405 DataMart :: 405 CURATED :: 405
Executing Snowflake query :: select count(*) as TOTAL from "DEV_ENT_RAW"."ST_CASTEEL_MATILLION"."ZONE"
Table Count in Snowflake:: 52
Executing Snowflake query ::  select count(*) as TOTAL from "CURATED_DATAMART"."ST_BKP_CASTEEL"."STR_ZONE"where ACTIVE_FLAG='Y'
Table Count in Snowflake:: 52
Executing Snowflake query ::  select count(*) as TOTAL from "DEV_ENT_CURATED"."MASTER_DIMENSIONS"."DIM_ZONE"where tenant_type='CASTEEL'
Table Count in Snowflake:: 52
Row Count of Table ZONE is matched for RAW :: 52 DataMart :: 52 CURATED :: 52
Executing Snowflake query :: select count(*) as TOTAL from "DEV_ENT_RAW"."ST_CASTEEL_MATILLION"."TECHNICIANPAYROLL"
Table Count in Snowflake:: 27080
Executing Snowflake query ::  select count(*) as TOTAL from "CURATED_DATAMART"."ST_BKP_CASTEEL"."STR_TECHNICIANPAYROLL"where ACTIVE_FLAG='Y'
Table Count in Snowflake:: 27080
Executing Snowflake query ::  select count(*) as TOTAL from "DEV_ENT_CURATED"."MASTER_DIMENSIONS"."DIM_TECHNICIANPAYROLL"where tenant_type='CASTEEL'
Table Count in Snowflake:: 27080
Row Count of Table TECHNICIANPAYROLL is matched for RAW :: 27080 DataMart :: 27080 CURATED :: 27080
Executing Snowflake query :: select count(*) as TOTAL from "DEV_ENT_RAW"."ST_CASTEEL_MATILLION"."TECHNICIANPAYROLLADJUSTMENT"
Table Count in Snowflake:: 341743
Executing Snowflake query ::  select count(*) as TOTAL from "CURATED_DATAMART"."ST_BKP_CASTEEL"."STR_TECHNICIANPAYROLLADJUSTMENT"where ACTIVE_FLAG='Y'
Table Count in Snowflake:: 341743
Executing Snowflake query ::  select count(*) as TOTAL from "DEV_ENT_CURATED"."MASTER_DIMENSIONS"."DIM_TECHNICIANPAYROLLADJUSTMENT"where tenant_type='CASTEEL'
Table Count in Snowflake:: 341743
Row Count of Table TECHNICIANPAYROLLADJUSTMENT is matched for RAW :: 341743 DataMart :: 341743 CURATED :: 341743
Executing Snowflake query :: select count(*) as TOTAL from "DEV_ENT_RAW"."ST_CASTEEL_MATILLION"."TECHNICIANATTACHEDPROPERTY"
Table Count in Snowflake:: 2771
Executing Snowflake query ::  select count(*) as TOTAL from "CURATED_DATAMART"."ST_BKP_CASTEEL"."STR_TECHNICIANATTACHEDPROPERTY"where ACTIVE_FLAG='Y'
Table Count in Snowflake:: 2771
Executing Snowflake query ::  select count(*) as TOTAL from "DEV_ENT_CURATED"."MASTER_DIMENSIONS"."DIM_TECHNICIANATTACHEDPROPERTY"where tenant_type='CASTEEL'
Table Count in Snowflake:: 2771
Row Count of Table TECHNICIANATTACHEDPROPERTY is matched for RAW :: 2771 DataMart :: 2771 CURATED :: 2771
Executing Snowflake query :: select count(*) as TOTAL from "DEV_ENT_RAW"."ST_EANESHEATING_MATILLION"."BATCH"
Table Count in Snowflake:: 4561
Executing Snowflake query ::  select count(*) as TOTAL from "CURATED_DATAMART"."ST_BKP_EANESHEATING"."STR_BATCH"where ACTIVE_FLAG='Y'
Table Count in Snowflake:: 4561
Executing Snowflake query ::  select count(*) as TOTAL from "DEV_ENT_CURATED"."MASTER_DIMENSIONS"."FACT_BATCH"where tenant_type='EANESHEATING'
Table Count in Snowflake:: 4561
Row Count of Table BATCH is matched for RAW :: 4561 DataMart :: 4561 CURATED :: 4561
Executing Snowflake query :: select count(*) as TOTAL from "DEV_ENT_RAW"."ST_EANESHEATING_MATILLION"."BUSINESSUNIT"
Table Count in Snowflake:: 33
Executing Snowflake query ::  select count(*) as TOTAL from "CURATED_DATAMART"."ST_BKP_EANESHEATING"."STR_BUSINESSUNIT"where ACTIVE_FLAG='Y'
Table Count in Snowflake:: 33
Executing Snowflake query ::  select count(*) as TOTAL from "DEV_ENT_CURATED"."MASTER_DIMENSIONS"."DIM_BUSINESSUNIT"where tenant_type='EANESHEATING'
Table Count in Snowflake:: 33
Row Count of Table BUSINESSUNIT is matched for RAW :: 33 DataMart :: 33 CURATED :: 33
Executing Snowflake query :: select count(*) as TOTAL from "DEV_ENT_RAW"."ST_EANESHEATING_MATILLION"."CAMPAIGN"
Table Count in Snowflake:: 80
Executing Snowflake query ::  select count(*) as TOTAL from "CURATED_DATAMART"."ST_BKP_EANESHEATING"."STR_CAMPAIGN"where ACTIVE_FLAG='Y'
Table Count in Snowflake:: 80
Executing Snowflake query ::  select count(*) as TOTAL from "DEV_ENT_CURATED"."MASTER_DIMENSIONS"."DIM_CAMPAIGN"where tenant_type='EANESHEATING'
Table Count in Snowflake:: 80
Row Count of Table CAMPAIGN is matched for RAW :: 80 DataMart :: 80 CURATED :: 80
Executing Snowflake query :: select count(*) as TOTAL from "DEV_ENT_RAW"."ST_EANESHEATING_MATILLION"."CANCELJOBREASON"
Table Count in Snowflake:: 28
Executing Snowflake query ::  select count(*) as TOTAL from "CURATED_DATAMART"."ST_BKP_EANESHEATING"."STR_CANCELJOBREASON"where ACTIVE_FLAG='Y'
Table Count in Snowflake:: 28
Executing Snowflake query ::  select count(*) as TOTAL from "DEV_ENT_CURATED"."MASTER_DIMENSIONS"."DIM_CANCELJOBREASON"where tenant_type='EANESHEATING'
Table Count in Snowflake:: 28
Row Count of Table CANCELJOBREASON is matched for RAW :: 28 DataMart :: 28 CURATED :: 28
Executing Snowflake query :: select count(*) as TOTAL from "DEV_ENT_RAW"."ST_EANESHEATING_MATILLION"."COUNTERSALESLOCATION"
Table Count in Snowflake:: 3
Executing Snowflake query ::  select count(*) as TOTAL from "CURATED_DATAMART"."ST_BKP_EANESHEATING"."STR_COUNTERSALESLOCATION"where ACTIVE_FLAG='Y'
Table Count in Snowflake:: 3
Executing Snowflake query ::  select count(*) as TOTAL from "DEV_ENT_CURATED"."MASTER_DIMENSIONS"."DIM_COUNTERSALESLOCATION"where tenant_type='EANESHEATING'
Table Count in Snowflake:: 3
Row Count of Table COUNTERSALESLOCATION is matched for RAW :: 3 DataMart :: 3 CURATED :: 3
Executing Snowflake query :: select count(*) as TOTAL from "DEV_ENT_RAW"."ST_EANESHEATING_MATILLION"."CUSTOMER"
Table Count in Snowflake:: 62703
Executing Snowflake query ::  select count(*) as TOTAL from "CURATED_DATAMART"."ST_BKP_EANESHEATING"."STR_CUSTOMER"where ACTIVE_FLAG='Y'
Table Count in Snowflake:: 62703
Executing Snowflake query ::  select count(*) as TOTAL from "DEV_ENT_CURATED"."MASTER_DIMENSIONS"."DIM_CUSTOMER"where tenant_type='EANESHEATING'
Table Count in Snowflake:: 62703
Row Count of Table CUSTOMER is matched for RAW :: 62703 DataMart :: 62703 CURATED :: 62703
Executing Snowflake query :: select count(*) as TOTAL from "DEV_ENT_RAW"."ST_EANESHEATING_MATILLION"."CUSTOMFIELD"
Table Count in Snowflake:: 160048
Executing Snowflake query ::  select count(*) as TOTAL from "CURATED_DATAMART"."ST_BKP_EANESHEATING"."STR_CUSTOMFIELD"where ACTIVE_FLAG='Y'
Table Count in Snowflake:: 160048
Executing Snowflake query ::  select count(*) as TOTAL from "DEV_ENT_CURATED"."MASTER_DIMENSIONS"."FACT_CUSTOMFIELD"where tenant_type='EANESHEATING'
Table Count in Snowflake:: 160048
Row Count of Table CUSTOMFIELD is matched for RAW :: 160048 DataMart :: 160048 CURATED :: 160048
Executing Snowflake query :: select count(*) as TOTAL from "DEV_ENT_RAW"."ST_EANESHEATING_MATILLION"."DIVISION"
Table Count in Snowflake:: 4
Executing Snowflake query ::  select count(*) as TOTAL from "CURATED_DATAMART"."ST_BKP_EANESHEATING"."STR_DIVISION"where ACTIVE_FLAG='Y'
Table Count in Snowflake:: 4
Executing Snowflake query ::  select count(*) as TOTAL from "DEV_ENT_CURATED"."MASTER_DIMENSIONS"."DIM_DIVISION"where tenant_type='EANESHEATING'
Table Count in Snowflake:: 4
Row Count of Table DIVISION is matched for RAW :: 4 DataMart :: 4 CURATED :: 4
Executing Snowflake query :: select count(*) as TOTAL from "DEV_ENT_RAW"."ST_EANESHEATING_MATILLION"."INVOICE"
Table Count in Snowflake:: 477448
Executing Snowflake query ::  select count(*) as TOTAL from "CURATED_DATAMART"."ST_BKP_EANESHEATING"."STR_INVOICE"where ACTIVE_FLAG='Y'
Table Count in Snowflake:: 477448
Executing Snowflake query ::  select count(*) as TOTAL from "DEV_ENT_CURATED"."MASTER_DIMENSIONS"."FACT_INVOICE"where tenant_type='EANESHEATING'
Table Count in Snowflake:: 477448
Row Count of Table INVOICE is matched for RAW :: 477448 DataMart :: 477448 CURATED :: 477448
Executing Snowflake query :: select count(*) as TOTAL from "DEV_ENT_RAW"."ST_EANESHEATING_MATILLION"."JOB"
Table Count in Snowflake:: 400992
Executing Snowflake query ::  select count(*) as TOTAL from "CURATED_DATAMART"."ST_BKP_EANESHEATING"."STR_JOB"where ACTIVE_FLAG='Y'
Table Count in Snowflake:: 400992
Executing Snowflake query ::  select count(*) as TOTAL from "DEV_ENT_CURATED"."MASTER_DIMENSIONS"."DIM_JOB"where tenant_type='EANESHEATING'
Table Count in Snowflake:: 400992
Row Count of Table JOB is matched for RAW :: 400992 DataMart :: 400992 CURATED :: 400992
Executing Snowflake query :: select count(*) as TOTAL from "DEV_ENT_RAW"."ST_EANESHEATING_MATILLION"."JOBAPPOINTMENT"
Table Count in Snowflake:: 402009
Executing Snowflake query ::  select count(*) as TOTAL from "CURATED_DATAMART"."ST_BKP_EANESHEATING"."STR_JOBAPPOINTMENT"where ACTIVE_FLAG='Y'
Table Count in Snowflake:: 402009
Executing Snowflake query ::  select count(*) as TOTAL from "DEV_ENT_CURATED"."MASTER_DIMENSIONS"."DIM_JOBAPPOINTMENT"where tenant_type='EANESHEATING'
Table Count in Snowflake:: 402009
Row Count of Table JOBAPPOINTMENT is matched for RAW :: 402009 DataMart :: 402009 CURATED :: 402009
Executing Snowflake query :: select count(*) as TOTAL from "DEV_ENT_RAW"."ST_EANESHEATING_MATILLION"."JOBAPPOINTMENTASSIGNMENT"
Table Count in Snowflake:: 509255
Executing Snowflake query ::  select count(*) as TOTAL from "CURATED_DATAMART"."ST_BKP_EANESHEATING"."STR_JOBAPPOINTMENTASSIGNMENT"where ACTIVE_FLAG='Y'
Table Count in Snowflake:: 509125
Executing Snowflake query ::  select count(*) as TOTAL from "DEV_ENT_CURATED"."MASTER_DIMENSIONS"."DIM_JOBAPPOINTMENTASSIGNMENT"where tenant_type='EANESHEATING'
Table Count in Snowflake:: 509125
Row Count of Table JOBAPPOINTMENTASSIGNMENT is not matched for RAW :: 509255 DataMart :: 509125 CURATED :: 509125
Executing Snowflake query :: select count(*) as TOTAL from "DEV_ENT_RAW"."ST_EANESHEATING_MATILLION"."JOBASSIGNMENT"
Table Count in Snowflake:: 507869
Executing Snowflake query ::  select count(*) as TOTAL from "CURATED_DATAMART"."ST_BKP_EANESHEATING"."STR_JOBASSIGNMENT"where ACTIVE_FLAG='Y'
Table Count in Snowflake:: 507869
Executing Snowflake query ::  select count(*) as TOTAL from "DEV_ENT_CURATED"."MASTER_DIMENSIONS"."DIM_JOBASSIGNMENT"where tenant_type='EANESHEATING'
Table Count in Snowflake:: 507869
Row Count of Table JOBASSIGNMENT is matched for RAW :: 507869 DataMart :: 507869 CURATED :: 507869
Executing Snowflake query :: select count(*) as TOTAL from "DEV_ENT_RAW"."ST_EANESHEATING_MATILLION"."JOBCANCELEDLOG"
Table Count in Snowflake:: 6697
Executing Snowflake query ::  select count(*) as TOTAL from "CURATED_DATAMART"."ST_BKP_EANESHEATING"."STR_JOBCANCELEDLOG"where ACTIVE_FLAG='Y'
Table Count in Snowflake:: 6697
Executing Snowflake query ::  select count(*) as TOTAL from "DEV_ENT_CURATED"."MASTER_DIMENSIONS"."DIM_JOBCANCELEDLOG"where tenant_type='EANESHEATING'
Table Count in Snowflake:: 6697
Row Count of Table JOBCANCELEDLOG is matched for RAW :: 6697 DataMart :: 6697 CURATED :: 6697
Executing Snowflake query :: select count(*) as TOTAL from "DEV_ENT_RAW"."ST_EANESHEATING_MATILLION"."JOBTYPE"
Table Count in Snowflake:: 219
Executing Snowflake query ::  select count(*) as TOTAL from "CURATED_DATAMART"."ST_BKP_EANESHEATING"."STR_JOBTYPE"where ACTIVE_FLAG='Y'
Table Count in Snowflake:: 219
Executing Snowflake query ::  select count(*) as TOTAL from "DEV_ENT_CURATED"."MASTER_DIMENSIONS"."DIM_JOBTYPE"where tenant_type='EANESHEATING'
Table Count in Snowflake:: 219
Row Count of Table JOBTYPE is matched for RAW :: 219 DataMart :: 219 CURATED :: 219
Executing Snowflake query :: select count(*) as TOTAL from "DEV_ENT_RAW"."ST_EANESHEATING_MATILLION"."LEAD"
Table Count in Snowflake:: 0
Executing Snowflake query ::  select count(*) as TOTAL from "CURATED_DATAMART"."ST_BKP_EANESHEATING"."STR_LEAD"where ACTIVE_FLAG='Y'
Table Count in Snowflake:: 0
Executing Snowflake query ::  select count(*) as TOTAL from "DEV_ENT_CURATED"."MASTER_DIMENSIONS"."DIM_LEAD"where tenant_type='EANESHEATING'
Table Count in Snowflake:: 0
Row Count of Table LEAD is matched for RAW :: 0 DataMart :: 0 CURATED :: 0
Executing Snowflake query :: select count(*) as TOTAL from "DEV_ENT_RAW"."ST_EANESHEATING_MATILLION"."LOCATION"
Table Count in Snowflake:: 64974
Executing Snowflake query ::  select count(*) as TOTAL from "CURATED_DATAMART"."ST_BKP_EANESHEATING"."STR_LOCATION"where ACTIVE_FLAG='Y'
Table Count in Snowflake:: 64974
Executing Snowflake query ::  select count(*) as TOTAL from "DEV_ENT_CURATED"."MASTER_DIMENSIONS"."DIM_LOCATION"where tenant_type='EANESHEATING'
Table Count in Snowflake:: 64974
Row Count of Table LOCATION is matched for RAW :: 64974 DataMart :: 64974 CURATED :: 64974
Executing Snowflake query :: select count(*) as TOTAL from "DEV_ENT_RAW"."ST_EANESHEATING_MATILLION"."OPPORTUNITY"
Table Count in Snowflake:: 400992
Executing Snowflake query ::  select count(*) as TOTAL from "CURATED_DATAMART"."ST_BKP_EANESHEATING"."STR_OPPORTUNITY"where ACTIVE_FLAG='Y'
Table Count in Snowflake:: 400992
Executing Snowflake query ::  select count(*) as TOTAL from "DEV_ENT_CURATED"."MASTER_DIMENSIONS"."DIM_OPPORTUNITY"where tenant_type='EANESHEATING'
Table Count in Snowflake:: 400992
Row Count of Table OPPORTUNITY is matched for RAW :: 400992 DataMart :: 400992 CURATED :: 400992
Executing Snowflake query :: select count(*) as TOTAL from "DEV_ENT_RAW"."ST_EANESHEATING_MATILLION"."OVERTIMEPROFILE"
Table Count in Snowflake:: 6
Executing Snowflake query ::  select count(*) as TOTAL from "CURATED_DATAMART"."ST_BKP_EANESHEATING"."STR_OVERTIMEPROFILE"where ACTIVE_FLAG='Y'
Table Count in Snowflake:: 6
Executing Snowflake query ::  select count(*) as TOTAL from "DEV_ENT_CURATED"."MASTER_DIMENSIONS"."DIM_OVERTIMEPROFILE"where tenant_type='EANESHEATING'
Table Count in Snowflake:: 6
Row Count of Table OVERTIMEPROFILE is matched for RAW :: 6 DataMart :: 6 CURATED :: 6
Executing Snowflake query :: select count(*) as TOTAL from "DEV_ENT_RAW"."ST_EANESHEATING_MATILLION"."PAYMENTTERM"
Table Count in Snowflake:: 1
Executing Snowflake query ::  select count(*) as TOTAL from "CURATED_DATAMART"."ST_BKP_EANESHEATING"."STR_PAYMENTTERM"where ACTIVE_FLAG='Y'
Table Count in Snowflake:: 1
Executing Snowflake query ::  select count(*) as TOTAL from "DEV_ENT_CURATED"."MASTER_DIMENSIONS"."DIM_PAYMENTTERM"where tenant_type='EANESHEATING'
Table Count in Snowflake:: 1
Row Count of Table PAYMENTTERM is matched for RAW :: 1 DataMart :: 1 CURATED :: 1
Executing Snowflake query :: select count(*) as TOTAL from "DEV_ENT_RAW"."ST_EANESHEATING_MATILLION"."PAYROLLPROFILE"
Table Count in Snowflake:: 1
Executing Snowflake query ::  select count(*) as TOTAL from "CURATED_DATAMART"."ST_BKP_EANESHEATING"."STR_PAYROLLPROFILE"where ACTIVE_FLAG='Y'
Table Count in Snowflake:: 1
Executing Snowflake query ::  select count(*) as TOTAL from "DEV_ENT_CURATED"."MASTER_DIMENSIONS"."DIM_PAYROLLPROFILE"where tenant_type='EANESHEATING'
Table Count in Snowflake:: 1
Row Count of Table PAYROLLPROFILE is matched for RAW :: 1 DataMart :: 1 CURATED :: 1
Executing Snowflake query :: select count(*) as TOTAL from "DEV_ENT_RAW"."ST_EANESHEATING_MATILLION"."PROJECT"
Table Count in Snowflake:: 6873
Executing Snowflake query ::  select count(*) as TOTAL from "CURATED_DATAMART"."ST_BKP_EANESHEATING"."STR_PROJECT"where ACTIVE_FLAG='Y'
Table Count in Snowflake:: 6873
Executing Snowflake query ::  select count(*) as TOTAL from "DEV_ENT_CURATED"."MASTER_DIMENSIONS"."DIM_PROJECT"where tenant_type='EANESHEATING'
Table Count in Snowflake:: 6873
Row Count of Table PROJECT is matched for RAW :: 6873 DataMart :: 6873 CURATED :: 6873
Executing Snowflake query :: select count(*) as TOTAL from "DEV_ENT_RAW"."ST_EANESHEATING_MATILLION"."TAG"
Table Count in Snowflake:: 234581
Executing Snowflake query ::  select count(*) as TOTAL from "CURATED_DATAMART"."ST_BKP_EANESHEATING"."STR_TAG"where ACTIVE_FLAG='Y'
Table Count in Snowflake:: 234581
Executing Snowflake query ::  select count(*) as TOTAL from "DEV_ENT_CURATED"."MASTER_DIMENSIONS"."DIM_TAG"where tenant_type='EANESHEATING'
Table Count in Snowflake:: 234581
Row Count of Table TAG is matched for RAW :: 234581 DataMart :: 234581 CURATED :: 234581
Executing Snowflake query :: select count(*) as TOTAL from "DEV_ENT_RAW"."ST_EANESHEATING_MATILLION"."TAGTYPE"
Table Count in Snowflake:: 135
Executing Snowflake query ::  select count(*) as TOTAL from "CURATED_DATAMART"."ST_BKP_EANESHEATING"."STR_TAGTYPE"where ACTIVE_FLAG='Y'
Table Count in Snowflake:: 135
Executing Snowflake query ::  select count(*) as TOTAL from "DEV_ENT_CURATED"."MASTER_DIMENSIONS"."DIM_TAGTYPE"where tenant_type='EANESHEATING'
Table Count in Snowflake:: 135
Row Count of Table TAGTYPE is matched for RAW :: 135 DataMart :: 135 CURATED :: 135
Executing Snowflake query :: select count(*) as TOTAL from "DEV_ENT_RAW"."ST_EANESHEATING_MATILLION"."TAXZONE"
Table Count in Snowflake:: 18
Executing Snowflake query ::  select count(*) as TOTAL from "CURATED_DATAMART"."ST_BKP_EANESHEATING"."STR_TAXZONE"where ACTIVE_FLAG='Y'
Table Count in Snowflake:: 18
Executing Snowflake query ::  select count(*) as TOTAL from "DEV_ENT_CURATED"."MASTER_DIMENSIONS"."DIM_TAXZONE"where tenant_type='EANESHEATING'
Table Count in Snowflake:: 18
Row Count of Table TAXZONE is matched for RAW :: 18 DataMart :: 18 CURATED :: 18
Executing Snowflake query :: select count(*) as TOTAL from "DEV_ENT_RAW"."ST_EANESHEATING_MATILLION"."TECHNICIAN"
Table Count in Snowflake:: 485
Executing Snowflake query ::  select count(*) as TOTAL from "CURATED_DATAMART"."ST_BKP_EANESHEATING"."STR_TECHNICIAN"where ACTIVE_FLAG='Y'
Table Count in Snowflake:: 485
Executing Snowflake query ::  select count(*) as TOTAL from "DEV_ENT_CURATED"."MASTER_DIMENSIONS"."DIM_TECHNICIAN"where tenant_type='EANESHEATING'
Table Count in Snowflake:: 485
Row Count of Table TECHNICIAN is matched for RAW :: 485 DataMart :: 485 CURATED :: 485
Executing Snowflake query :: select count(*) as TOTAL from "DEV_ENT_RAW"."ST_EANESHEATING_MATILLION"."TRADE"
Table Count in Snowflake:: 2
Executing Snowflake query ::  select count(*) as TOTAL from "CURATED_DATAMART"."ST_BKP_EANESHEATING"."STR_TRADE"where ACTIVE_FLAG='Y'
Table Count in Snowflake:: 2
Executing Snowflake query ::  select count(*) as TOTAL from "DEV_ENT_CURATED"."MASTER_DIMENSIONS"."DIM_TRADE"where tenant_type='EANESHEATING'
Table Count in Snowflake:: 2
Row Count of Table TRADE is matched for RAW :: 2 DataMart :: 2 CURATED :: 2
Executing Snowflake query :: select count(*) as TOTAL from "DEV_ENT_RAW"."ST_EANESHEATING_MATILLION"."TRUCK"
Table Count in Snowflake:: 81
Executing Snowflake query ::  select count(*) as TOTAL from "CURATED_DATAMART"."ST_BKP_EANESHEATING"."STR_TRUCK"where ACTIVE_FLAG='Y'
Table Count in Snowflake:: 81
Executing Snowflake query ::  select count(*) as TOTAL from "DEV_ENT_CURATED"."MASTER_DIMENSIONS"."DIM_TRUCK"where tenant_type='EANESHEATING'
Table Count in Snowflake:: 81
Row Count of Table TRUCK is matched for RAW :: 81 DataMart :: 81 CURATED :: 81
Executing Snowflake query :: select count(*) as TOTAL from "DEV_ENT_RAW"."ST_EANESHEATING_MATILLION"."ZONE"
Table Count in Snowflake:: 3
Executing Snowflake query ::  select count(*) as TOTAL from "CURATED_DATAMART"."ST_BKP_EANESHEATING"."STR_ZONE"where ACTIVE_FLAG='Y'
Table Count in Snowflake:: 3
Executing Snowflake query ::  select count(*) as TOTAL from "DEV_ENT_CURATED"."MASTER_DIMENSIONS"."DIM_ZONE"where tenant_type='EANESHEATING'
Table Count in Snowflake:: 3
Row Count of Table ZONE is matched for RAW :: 3 DataMart :: 3 CURATED :: 3
Executing Snowflake query :: select count(*) as TOTAL from "DEV_ENT_RAW"."ST_EANESHEATING_MATILLION"."TECHNICIANPAYROLL"
Table Count in Snowflake:: 0
Executing Snowflake query ::  select count(*) as TOTAL from "CURATED_DATAMART"."ST_BKP_EANESHEATING"."STR_TECHNICIANPAYROLL"where ACTIVE_FLAG='Y'
Table Count in Snowflake:: 0
Executing Snowflake query ::  select count(*) as TOTAL from "DEV_ENT_CURATED"."MASTER_DIMENSIONS"."DIM_TECHNICIANPAYROLL"where tenant_type='EANESHEATING'
Table Count in Snowflake:: 0
Row Count of Table TECHNICIANPAYROLL is matched for RAW :: 0 DataMart :: 0 CURATED :: 0
Executing Snowflake query :: select count(*) as TOTAL from "DEV_ENT_RAW"."ST_EANESHEATING_MATILLION"."TECHNICIANPAYROLLADJUSTMENT"
Table Count in Snowflake:: 0
Executing Snowflake query ::  select count(*) as TOTAL from "CURATED_DATAMART"."ST_BKP_EANESHEATING"."STR_TECHNICIANPAYROLLADJUSTMENT"where ACTIVE_FLAG='Y'
Table Count in Snowflake:: 0
Executing Snowflake query ::  select count(*) as TOTAL from "DEV_ENT_CURATED"."MASTER_DIMENSIONS"."DIM_TECHNICIANPAYROLLADJUSTMENT"where tenant_type='EANESHEATING'
Table Count in Snowflake:: 0
Row Count of Table TECHNICIANPAYROLLADJUSTMENT is matched for RAW :: 0 DataMart :: 0 CURATED :: 0
Executing Snowflake query :: select count(*) as TOTAL from "DEV_ENT_RAW"."ST_EANESHEATING_MATILLION"."TECHNICIANATTACHEDPROPERTY"
Table Count in Snowflake:: 824
Executing Snowflake query ::  select count(*) as TOTAL from "CURATED_DATAMART"."ST_BKP_EANESHEATING"."STR_TECHNICIANATTACHEDPROPERTY"where ACTIVE_FLAG='Y'
Table Count in Snowflake:: 824
Executing Snowflake query ::  select count(*) as TOTAL from "DEV_ENT_CURATED"."MASTER_DIMENSIONS"."DIM_TECHNICIANATTACHEDPROPERTY"where tenant_type='EANESHEATING'
Table Count in Snowflake:: 824
Row Count of Table TECHNICIANATTACHEDPROPERTY is matched for RAW :: 824 DataMart :: 824 CURATED :: 824
Executing Snowflake query :: select count(*) as TOTAL from "DEV_ENT_RAW"."ST_FOURPROS_MATILLION"."BATCH"
Table Count in Snowflake:: 3493
Executing Snowflake query ::  select count(*) as TOTAL from "CURATED_DATAMART"."ST_BKP_FOURPROS"."STR_BATCH"where ACTIVE_FLAG='Y'
Table Count in Snowflake:: 3493
Executing Snowflake query ::  select count(*) as TOTAL from "DEV_ENT_CURATED"."MASTER_DIMENSIONS"."FACT_BATCH"where tenant_type='FOURPROS'
Table Count in Snowflake:: 3493
Row Count of Table BATCH is matched for RAW :: 3493 DataMart :: 3493 CURATED :: 3493
Executing Snowflake query :: select count(*) as TOTAL from "DEV_ENT_RAW"."ST_FOURPROS_MATILLION"."BUSINESSUNIT"
Table Count in Snowflake:: 18
Executing Snowflake query ::  select count(*) as TOTAL from "CURATED_DATAMART"."ST_BKP_FOURPROS"."STR_BUSINESSUNIT"where ACTIVE_FLAG='Y'
Table Count in Snowflake:: 18
Executing Snowflake query ::  select count(*) as TOTAL from "DEV_ENT_CURATED"."MASTER_DIMENSIONS"."DIM_BUSINESSUNIT"where tenant_type='FOURPROS'
Table Count in Snowflake:: 18
Row Count of Table BUSINESSUNIT is matched for RAW :: 18 DataMart :: 18 CURATED :: 18
Executing Snowflake query :: select count(*) as TOTAL from "DEV_ENT_RAW"."ST_FOURPROS_MATILLION"."CAMPAIGN"
Table Count in Snowflake:: 177
Executing Snowflake query ::  select count(*) as TOTAL from "CURATED_DATAMART"."ST_BKP_FOURPROS"."STR_CAMPAIGN"where ACTIVE_FLAG='Y'
Table Count in Snowflake:: 177
Executing Snowflake query ::  select count(*) as TOTAL from "DEV_ENT_CURATED"."MASTER_DIMENSIONS"."DIM_CAMPAIGN"where tenant_type='FOURPROS'
Table Count in Snowflake:: 177
Row Count of Table CAMPAIGN is matched for RAW :: 177 DataMart :: 177 CURATED :: 177
Executing Snowflake query :: select count(*) as TOTAL from "DEV_ENT_RAW"."ST_FOURPROS_MATILLION"."CANCELJOBREASON"
Table Count in Snowflake:: 28
Executing Snowflake query ::  select count(*) as TOTAL from "CURATED_DATAMART"."ST_BKP_FOURPROS"."STR_CANCELJOBREASON"where ACTIVE_FLAG='Y'
Table Count in Snowflake:: 28
Executing Snowflake query ::  select count(*) as TOTAL from "DEV_ENT_CURATED"."MASTER_DIMENSIONS"."DIM_CANCELJOBREASON"where tenant_type='FOURPROS'
Table Count in Snowflake:: 28
Row Count of Table CANCELJOBREASON is matched for RAW :: 28 DataMart :: 28 CURATED :: 28
Executing Snowflake query :: select count(*) as TOTAL from "DEV_ENT_RAW"."ST_FOURPROS_MATILLION"."COUNTERSALESLOCATION"
Table Count in Snowflake:: 0
Executing Snowflake query ::  select count(*) as TOTAL from "CURATED_DATAMART"."ST_BKP_FOURPROS"."STR_COUNTERSALESLOCATION"where ACTIVE_FLAG='Y'
Table Count in Snowflake:: 0
Executing Snowflake query ::  select count(*) as TOTAL from "DEV_ENT_CURATED"."MASTER_DIMENSIONS"."DIM_COUNTERSALESLOCATION"where tenant_type='FOURPROS'
Table Count in Snowflake:: 0
Row Count of Table COUNTERSALESLOCATION is matched for RAW :: 0 DataMart :: 0 CURATED :: 0
Executing Snowflake query :: select count(*) as TOTAL from "DEV_ENT_RAW"."ST_FOURPROS_MATILLION"."CUSTOMER"
Table Count in Snowflake:: 47329
Executing Snowflake query ::  select count(*) as TOTAL from "CURATED_DATAMART"."ST_BKP_FOURPROS"."STR_CUSTOMER"where ACTIVE_FLAG='Y'
Table Count in Snowflake:: 47329
Executing Snowflake query ::  select count(*) as TOTAL from "DEV_ENT_CURATED"."MASTER_DIMENSIONS"."DIM_CUSTOMER"where tenant_type='FOURPROS'
Table Count in Snowflake:: 47329
Row Count of Table CUSTOMER is matched for RAW :: 47329 DataMart :: 47329 CURATED :: 47329
Executing Snowflake query :: select count(*) as TOTAL from "DEV_ENT_RAW"."ST_FOURPROS_MATILLION"."CUSTOMFIELD"
Table Count in Snowflake:: 24001
Executing Snowflake query ::  select count(*) as TOTAL from "CURATED_DATAMART"."ST_BKP_FOURPROS"."STR_CUSTOMFIELD"where ACTIVE_FLAG='Y'
Table Count in Snowflake:: 24001
Executing Snowflake query ::  select count(*) as TOTAL from "DEV_ENT_CURATED"."MASTER_DIMENSIONS"."FACT_CUSTOMFIELD"where tenant_type='FOURPROS'
Table Count in Snowflake:: 24001
Row Count of Table CUSTOMFIELD is matched for RAW :: 24001 DataMart :: 24001 CURATED :: 24001
Executing Snowflake query :: select count(*) as TOTAL from "DEV_ENT_RAW"."ST_FOURPROS_MATILLION"."DIVISION"
Table Count in Snowflake:: 4
Executing Snowflake query ::  select count(*) as TOTAL from "CURATED_DATAMART"."ST_BKP_FOURPROS"."STR_DIVISION"where ACTIVE_FLAG='Y'
Table Count in Snowflake:: 4
Executing Snowflake query ::  select count(*) as TOTAL from "DEV_ENT_CURATED"."MASTER_DIMENSIONS"."DIM_DIVISION"where tenant_type='FOURPROS'
Table Count in Snowflake:: 4
Row Count of Table DIVISION is matched for RAW :: 4 DataMart :: 4 CURATED :: 4
Executing Snowflake query :: select count(*) as TOTAL from "DEV_ENT_RAW"."ST_FOURPROS_MATILLION"."INVOICE"
Table Count in Snowflake:: 89820
Executing Snowflake query ::  select count(*) as TOTAL from "CURATED_DATAMART"."ST_BKP_FOURPROS"."STR_INVOICE"where ACTIVE_FLAG='Y'
Table Count in Snowflake:: 89820
Executing Snowflake query ::  select count(*) as TOTAL from "DEV_ENT_CURATED"."MASTER_DIMENSIONS"."FACT_INVOICE"where tenant_type='FOURPROS'
Table Count in Snowflake:: 89820
Row Count of Table INVOICE is matched for RAW :: 89820 DataMart :: 89820 CURATED :: 89820
Executing Snowflake query :: select count(*) as TOTAL from "DEV_ENT_RAW"."ST_FOURPROS_MATILLION"."JOB"
Table Count in Snowflake:: 84984
Executing Snowflake query ::  select count(*) as TOTAL from "CURATED_DATAMART"."ST_BKP_FOURPROS"."STR_JOB"where ACTIVE_FLAG='Y'
Table Count in Snowflake:: 84984
Executing Snowflake query ::  select count(*) as TOTAL from "DEV_ENT_CURATED"."MASTER_DIMENSIONS"."DIM_JOB"where tenant_type='FOURPROS'
Table Count in Snowflake:: 84984
Row Count of Table JOB is matched for RAW :: 84984 DataMart :: 84984 CURATED :: 84984
Executing Snowflake query :: select count(*) as TOTAL from "DEV_ENT_RAW"."ST_FOURPROS_MATILLION"."JOBAPPOINTMENT"
Table Count in Snowflake:: 85559
Executing Snowflake query ::  select count(*) as TOTAL from "CURATED_DATAMART"."ST_BKP_FOURPROS"."STR_JOBAPPOINTMENT"where ACTIVE_FLAG='Y'
Table Count in Snowflake:: 85559
Executing Snowflake query ::  select count(*) as TOTAL from "DEV_ENT_CURATED"."MASTER_DIMENSIONS"."DIM_JOBAPPOINTMENT"where tenant_type='FOURPROS'
Table Count in Snowflake:: 85559
Row Count of Table JOBAPPOINTMENT is matched for RAW :: 85559 DataMart :: 85559 CURATED :: 85559
Executing Snowflake query :: select count(*) as TOTAL from "DEV_ENT_RAW"."ST_FOURPROS_MATILLION"."JOBAPPOINTMENTASSIGNMENT"
Table Count in Snowflake:: 96870
Executing Snowflake query ::  select count(*) as TOTAL from "CURATED_DATAMART"."ST_BKP_FOURPROS"."STR_JOBAPPOINTMENTASSIGNMENT"where ACTIVE_FLAG='Y'
Table Count in Snowflake:: 96798
Executing Snowflake query ::  select count(*) as TOTAL from "DEV_ENT_CURATED"."MASTER_DIMENSIONS"."DIM_JOBAPPOINTMENTASSIGNMENT"where tenant_type='FOURPROS'
Table Count in Snowflake:: 96798
Row Count of Table JOBAPPOINTMENTASSIGNMENT is not matched for RAW :: 96870 DataMart :: 96798 CURATED :: 96798
Executing Snowflake query :: select count(*) as TOTAL from "DEV_ENT_RAW"."ST_FOURPROS_MATILLION"."JOBASSIGNMENT"
Table Count in Snowflake:: 96063
Executing Snowflake query ::  select count(*) as TOTAL from "CURATED_DATAMART"."ST_BKP_FOURPROS"."STR_JOBASSIGNMENT"where ACTIVE_FLAG='Y'
Table Count in Snowflake:: 96063
Executing Snowflake query ::  select count(*) as TOTAL from "DEV_ENT_CURATED"."MASTER_DIMENSIONS"."DIM_JOBASSIGNMENT"where tenant_type='FOURPROS'
Table Count in Snowflake:: 96063
Row Count of Table JOBASSIGNMENT is matched for RAW :: 96063 DataMart :: 96063 CURATED :: 96063
Executing Snowflake query :: select count(*) as TOTAL from "DEV_ENT_RAW"."ST_FOURPROS_MATILLION"."JOBCANCELEDLOG"
Table Count in Snowflake:: 9390
Executing Snowflake query ::  select count(*) as TOTAL from "CURATED_DATAMART"."ST_BKP_FOURPROS"."STR_JOBCANCELEDLOG"where ACTIVE_FLAG='Y'
Table Count in Snowflake:: 9390
Executing Snowflake query ::  select count(*) as TOTAL from "DEV_ENT_CURATED"."MASTER_DIMENSIONS"."DIM_JOBCANCELEDLOG"where tenant_type='FOURPROS'
Table Count in Snowflake:: 9390
Row Count of Table JOBCANCELEDLOG is matched for RAW :: 9390 DataMart :: 9390 CURATED :: 9390
Executing Snowflake query :: select count(*) as TOTAL from "DEV_ENT_RAW"."ST_FOURPROS_MATILLION"."JOBTYPE"
Table Count in Snowflake:: 453
Executing Snowflake query ::  select count(*) as TOTAL from "CURATED_DATAMART"."ST_BKP_FOURPROS"."STR_JOBTYPE"where ACTIVE_FLAG='Y'
Table Count in Snowflake:: 453
Executing Snowflake query ::  select count(*) as TOTAL from "DEV_ENT_CURATED"."MASTER_DIMENSIONS"."DIM_JOBTYPE"where tenant_type='FOURPROS'
Table Count in Snowflake:: 453
Row Count of Table JOBTYPE is matched for RAW :: 453 DataMart :: 453 CURATED :: 453
Executing Snowflake query :: select count(*) as TOTAL from "DEV_ENT_RAW"."ST_FOURPROS_MATILLION"."LEAD"
Table Count in Snowflake:: 2052
Executing Snowflake query ::  select count(*) as TOTAL from "CURATED_DATAMART"."ST_BKP_FOURPROS"."STR_LEAD"where ACTIVE_FLAG='Y'
Table Count in Snowflake:: 2052
Executing Snowflake query ::  select count(*) as TOTAL from "DEV_ENT_CURATED"."MASTER_DIMENSIONS"."DIM_LEAD"where tenant_type='FOURPROS'
Table Count in Snowflake:: 2052
Row Count of Table LEAD is matched for RAW :: 2052 DataMart :: 2052 CURATED :: 2052
Executing Snowflake query :: select count(*) as TOTAL from "DEV_ENT_RAW"."ST_FOURPROS_MATILLION"."LOCATION"
Table Count in Snowflake:: 49555
Executing Snowflake query ::  select count(*) as TOTAL from "CURATED_DATAMART"."ST_BKP_FOURPROS"."STR_LOCATION"where ACTIVE_FLAG='Y'
Table Count in Snowflake:: 49555
Executing Snowflake query ::  select count(*) as TOTAL from "DEV_ENT_CURATED"."MASTER_DIMENSIONS"."DIM_LOCATION"where tenant_type='FOURPROS'
Table Count in Snowflake:: 49555
Row Count of Table LOCATION is matched for RAW :: 49555 DataMart :: 49555 CURATED :: 49555
Executing Snowflake query :: select count(*) as TOTAL from "DEV_ENT_RAW"."ST_FOURPROS_MATILLION"."OPPORTUNITY"
Table Count in Snowflake:: 84984
Executing Snowflake query ::  select count(*) as TOTAL from "CURATED_DATAMART"."ST_BKP_FOURPROS"."STR_OPPORTUNITY"where ACTIVE_FLAG='Y'
Table Count in Snowflake:: 84984
Executing Snowflake query ::  select count(*) as TOTAL from "DEV_ENT_CURATED"."MASTER_DIMENSIONS"."DIM_OPPORTUNITY"where tenant_type='FOURPROS'
Table Count in Snowflake:: 84984
Row Count of Table OPPORTUNITY is matched for RAW :: 84984 DataMart :: 84984 CURATED :: 84984
Executing Snowflake query :: select count(*) as TOTAL from "DEV_ENT_RAW"."ST_FOURPROS_MATILLION"."OVERTIMEPROFILE"
Table Count in Snowflake:: 6
Executing Snowflake query ::  select count(*) as TOTAL from "CURATED_DATAMART"."ST_BKP_FOURPROS"."STR_OVERTIMEPROFILE"where ACTIVE_FLAG='Y'
Table Count in Snowflake:: 6
Executing Snowflake query ::  select count(*) as TOTAL from "DEV_ENT_CURATED"."MASTER_DIMENSIONS"."DIM_OVERTIMEPROFILE"where tenant_type='FOURPROS'
Table Count in Snowflake:: 6
Row Count of Table OVERTIMEPROFILE is matched for RAW :: 6 DataMart :: 6 CURATED :: 6
Executing Snowflake query :: select count(*) as TOTAL from "DEV_ENT_RAW"."ST_FOURPROS_MATILLION"."PAYMENTTERM"
Table Count in Snowflake:: 3
Executing Snowflake query ::  select count(*) as TOTAL from "CURATED_DATAMART"."ST_BKP_FOURPROS"."STR_PAYMENTTERM"where ACTIVE_FLAG='Y'
Table Count in Snowflake:: 3
Executing Snowflake query ::  select count(*) as TOTAL from "DEV_ENT_CURATED"."MASTER_DIMENSIONS"."DIM_PAYMENTTERM"where tenant_type='FOURPROS'
Table Count in Snowflake:: 3
Row Count of Table PAYMENTTERM is matched for RAW :: 3 DataMart :: 3 CURATED :: 3
Executing Snowflake query :: select count(*) as TOTAL from "DEV_ENT_RAW"."ST_FOURPROS_MATILLION"."PAYROLLPROFILE"
Table Count in Snowflake:: 1
Executing Snowflake query ::  select count(*) as TOTAL from "CURATED_DATAMART"."ST_BKP_FOURPROS"."STR_PAYROLLPROFILE"where ACTIVE_FLAG='Y'
Table Count in Snowflake:: 1
Executing Snowflake query ::  select count(*) as TOTAL from "DEV_ENT_CURATED"."MASTER_DIMENSIONS"."DIM_PAYROLLPROFILE"where tenant_type='FOURPROS'
Table Count in Snowflake:: 1
Row Count of Table PAYROLLPROFILE is matched for RAW :: 1 DataMart :: 1 CURATED :: 1
Executing Snowflake query :: select count(*) as TOTAL from "DEV_ENT_RAW"."ST_FOURPROS_MATILLION"."PROJECT"
Table Count in Snowflake:: 8729
Executing Snowflake query ::  select count(*) as TOTAL from "CURATED_DATAMART"."ST_BKP_FOURPROS"."STR_PROJECT"where ACTIVE_FLAG='Y'
Table Count in Snowflake:: 8729
Executing Snowflake query ::  select count(*) as TOTAL from "DEV_ENT_CURATED"."MASTER_DIMENSIONS"."DIM_PROJECT"where tenant_type='FOURPROS'
Table Count in Snowflake:: 8729
Row Count of Table PROJECT is matched for RAW :: 8729 DataMart :: 8729 CURATED :: 8729
Executing Snowflake query :: select count(*) as TOTAL from "DEV_ENT_RAW"."ST_FOURPROS_MATILLION"."TAG"
Table Count in Snowflake:: 52347
Executing Snowflake query ::  select count(*) as TOTAL from "CURATED_DATAMART"."ST_BKP_FOURPROS"."STR_TAG"where ACTIVE_FLAG='Y'
Table Count in Snowflake:: 52347
Executing Snowflake query ::  select count(*) as TOTAL from "DEV_ENT_CURATED"."MASTER_DIMENSIONS"."DIM_TAG"where tenant_type='FOURPROS'
Table Count in Snowflake:: 52347
Row Count of Table TAG is matched for RAW :: 52347 DataMart :: 52347 CURATED :: 52347
Executing Snowflake query :: select count(*) as TOTAL from "DEV_ENT_RAW"."ST_FOURPROS_MATILLION"."TAGTYPE"
Table Count in Snowflake:: 526
Executing Snowflake query ::  select count(*) as TOTAL from "CURATED_DATAMART"."ST_BKP_FOURPROS"."STR_TAGTYPE"where ACTIVE_FLAG='Y'
Table Count in Snowflake:: 526
Executing Snowflake query ::  select count(*) as TOTAL from "DEV_ENT_CURATED"."MASTER_DIMENSIONS"."DIM_TAGTYPE"where tenant_type='FOURPROS'
Table Count in Snowflake:: 526
Row Count of Table TAGTYPE is matched for RAW :: 526 DataMart :: 526 CURATED :: 526
Executing Snowflake query :: select count(*) as TOTAL from "DEV_ENT_RAW"."ST_FOURPROS_MATILLION"."TAXZONE"
Table Count in Snowflake:: 0
Executing Snowflake query ::  select count(*) as TOTAL from "CURATED_DATAMART"."ST_BKP_FOURPROS"."STR_TAXZONE"where ACTIVE_FLAG='Y'
Table Count in Snowflake:: 0
Executing Snowflake query ::  select count(*) as TOTAL from "DEV_ENT_CURATED"."MASTER_DIMENSIONS"."DIM_TAXZONE"where tenant_type='FOURPROS'
Table Count in Snowflake:: 0
Row Count of Table TAXZONE is matched for RAW :: 0 DataMart :: 0 CURATED :: 0
Executing Snowflake query :: select count(*) as TOTAL from "DEV_ENT_RAW"."ST_FOURPROS_MATILLION"."TECHNICIAN"
Table Count in Snowflake:: 350
Executing Snowflake query ::  select count(*) as TOTAL from "CURATED_DATAMART"."ST_BKP_FOURPROS"."STR_TECHNICIAN"where ACTIVE_FLAG='Y'
Table Count in Snowflake:: 350
Executing Snowflake query ::  select count(*) as TOTAL from "DEV_ENT_CURATED"."MASTER_DIMENSIONS"."DIM_TECHNICIAN"where tenant_type='FOURPROS'
Table Count in Snowflake:: 350
Row Count of Table TECHNICIAN is matched for RAW :: 350 DataMart :: 350 CURATED :: 350
Executing Snowflake query :: select count(*) as TOTAL from "DEV_ENT_RAW"."ST_FOURPROS_MATILLION"."TRADE"
Table Count in Snowflake:: 7
Executing Snowflake query ::  select count(*) as TOTAL from "CURATED_DATAMART"."ST_BKP_FOURPROS"."STR_TRADE"where ACTIVE_FLAG='Y'
Table Count in Snowflake:: 7
Executing Snowflake query ::  select count(*) as TOTAL from "DEV_ENT_CURATED"."MASTER_DIMENSIONS"."DIM_TRADE"where tenant_type='FOURPROS'
Table Count in Snowflake:: 7
Row Count of Table TRADE is matched for RAW :: 7 DataMart :: 7 CURATED :: 7
Executing Snowflake query :: select count(*) as TOTAL from "DEV_ENT_RAW"."ST_FOURPROS_MATILLION"."TRUCK"
Table Count in Snowflake:: 269
Executing Snowflake query ::  select count(*) as TOTAL from "CURATED_DATAMART"."ST_BKP_FOURPROS"."STR_TRUCK"where ACTIVE_FLAG='Y'
Table Count in Snowflake:: 269
Executing Snowflake query ::  select count(*) as TOTAL from "DEV_ENT_CURATED"."MASTER_DIMENSIONS"."DIM_TRUCK"where tenant_type='FOURPROS'
Table Count in Snowflake:: 269
Row Count of Table TRUCK is matched for RAW :: 269 DataMart :: 269 CURATED :: 269
Executing Snowflake query :: select count(*) as TOTAL from "DEV_ENT_RAW"."ST_FOURPROS_MATILLION"."ZONE"
Table Count in Snowflake:: 15
Executing Snowflake query ::  select count(*) as TOTAL from "CURATED_DATAMART"."ST_BKP_FOURPROS"."STR_ZONE"where ACTIVE_FLAG='Y'
Table Count in Snowflake:: 15
Executing Snowflake query ::  select count(*) as TOTAL from "DEV_ENT_CURATED"."MASTER_DIMENSIONS"."DIM_ZONE"where tenant_type='FOURPROS'
Table Count in Snowflake:: 15
Row Count of Table ZONE is matched for RAW :: 15 DataMart :: 15 CURATED :: 15
Executing Snowflake query :: select count(*) as TOTAL from "DEV_ENT_RAW"."ST_FOURPROS_MATILLION"."TECHNICIANPAYROLL"
Table Count in Snowflake:: 5141
Executing Snowflake query ::  select count(*) as TOTAL from "CURATED_DATAMART"."ST_BKP_FOURPROS"."STR_TECHNICIANPAYROLL"where ACTIVE_FLAG='Y'
Table Count in Snowflake:: 5141
Executing Snowflake query ::  select count(*) as TOTAL from "DEV_ENT_CURATED"."MASTER_DIMENSIONS"."DIM_TECHNICIANPAYROLL"where tenant_type='FOURPROS'
Table Count in Snowflake:: 5141
Row Count of Table TECHNICIANPAYROLL is matched for RAW :: 5141 DataMart :: 5141 CURATED :: 5141
Executing Snowflake query :: select count(*) as TOTAL from "DEV_ENT_RAW"."ST_FOURPROS_MATILLION"."TECHNICIANPAYROLLADJUSTMENT"
Table Count in Snowflake:: 0
Executing Snowflake query ::  select count(*) as TOTAL from "CURATED_DATAMART"."ST_BKP_FOURPROS"."STR_TECHNICIANPAYROLLADJUSTMENT"where ACTIVE_FLAG='Y'
Table Count in Snowflake:: 0
Executing Snowflake query ::  select count(*) as TOTAL from "DEV_ENT_CURATED"."MASTER_DIMENSIONS"."DIM_TECHNICIANPAYROLLADJUSTMENT"where tenant_type='FOURPROS'
Table Count in Snowflake:: 0
Row Count of Table TECHNICIANPAYROLLADJUSTMENT is matched for RAW :: 0 DataMart :: 0 CURATED :: 0
Executing Snowflake query :: select count(*) as TOTAL from "DEV_ENT_RAW"."ST_FOURPROS_MATILLION"."TECHNICIANATTACHEDPROPERTY"
Table Count in Snowflake:: 1541
Executing Snowflake query ::  select count(*) as TOTAL from "CURATED_DATAMART"."ST_BKP_FOURPROS"."STR_TECHNICIANATTACHEDPROPERTY"where ACTIVE_FLAG='Y'
Table Count in Snowflake:: 1541
Executing Snowflake query ::  select count(*) as TOTAL from "DEV_ENT_CURATED"."MASTER_DIMENSIONS"."DIM_TECHNICIANATTACHEDPROPERTY"where tenant_type='FOURPROS'
Table Count in Snowflake:: 1541
Row Count of Table TECHNICIANATTACHEDPROPERTY is matched for RAW :: 1541 DataMart :: 1541 CURATED :: 1541
Executing Snowflake query :: select count(*) as TOTAL from "DEV_ENT_RAW"."ST_GOLDMEDAL_MATILLION"."BATCH"
Table Count in Snowflake:: 19917
Executing Snowflake query ::  select count(*) as TOTAL from "CURATED_DATAMART"."ST_BKP_GOLDMEDAL"."STR_BATCH"where ACTIVE_FLAG='Y'
Table Count in Snowflake:: 19917
Executing Snowflake query ::  select count(*) as TOTAL from "DEV_ENT_CURATED"."MASTER_DIMENSIONS"."FACT_BATCH"where tenant_type='GOLDMEDAL'
Table Count in Snowflake:: 19917
Row Count of Table BATCH is matched for RAW :: 19917 DataMart :: 19917 CURATED :: 19917
Executing Snowflake query :: select count(*) as TOTAL from "DEV_ENT_RAW"."ST_GOLDMEDAL_MATILLION"."BUSINESSUNIT"
Table Count in Snowflake:: 95
Executing Snowflake query ::  select count(*) as TOTAL from "CURATED_DATAMART"."ST_BKP_GOLDMEDAL"."STR_BUSINESSUNIT"where ACTIVE_FLAG='Y'
Table Count in Snowflake:: 95
Executing Snowflake query ::  select count(*) as TOTAL from "DEV_ENT_CURATED"."MASTER_DIMENSIONS"."DIM_BUSINESSUNIT"where tenant_type='GOLDMEDAL'
Table Count in Snowflake:: 95
Row Count of Table BUSINESSUNIT is matched for RAW :: 95 DataMart :: 95 CURATED :: 95
Executing Snowflake query :: select count(*) as TOTAL from "DEV_ENT_RAW"."ST_GOLDMEDAL_MATILLION"."CAMPAIGN"
Table Count in Snowflake:: 1083
Executing Snowflake query ::  select count(*) as TOTAL from "CURATED_DATAMART"."ST_BKP_GOLDMEDAL"."STR_CAMPAIGN"where ACTIVE_FLAG='Y'
Table Count in Snowflake:: 1083
Executing Snowflake query ::  select count(*) as TOTAL from "DEV_ENT_CURATED"."MASTER_DIMENSIONS"."DIM_CAMPAIGN"where tenant_type='GOLDMEDAL'
Table Count in Snowflake:: 1083
Row Count of Table CAMPAIGN is matched for RAW :: 1083 DataMart :: 1083 CURATED :: 1083
Executing Snowflake query :: select count(*) as TOTAL from "DEV_ENT_RAW"."ST_GOLDMEDAL_MATILLION"."CANCELJOBREASON"
Table Count in Snowflake:: 49
Executing Snowflake query ::  select count(*) as TOTAL from "CURATED_DATAMART"."ST_BKP_GOLDMEDAL"."STR_CANCELJOBREASON"where ACTIVE_FLAG='Y'
Table Count in Snowflake:: 49
Executing Snowflake query ::  select count(*) as TOTAL from "DEV_ENT_CURATED"."MASTER_DIMENSIONS"."DIM_CANCELJOBREASON"where tenant_type='GOLDMEDAL'
Table Count in Snowflake:: 49
Row Count of Table CANCELJOBREASON is matched for RAW :: 49 DataMart :: 49 CURATED :: 49
Executing Snowflake query :: select count(*) as TOTAL from "DEV_ENT_RAW"."ST_GOLDMEDAL_MATILLION"."COUNTERSALESLOCATION"
Table Count in Snowflake:: 0
Executing Snowflake query ::  select count(*) as TOTAL from "CURATED_DATAMART"."ST_BKP_GOLDMEDAL"."STR_COUNTERSALESLOCATION"where ACTIVE_FLAG='Y'
Table Count in Snowflake:: 0
Executing Snowflake query ::  select count(*) as TOTAL from "DEV_ENT_CURATED"."MASTER_DIMENSIONS"."DIM_COUNTERSALESLOCATION"where tenant_type='GOLDMEDAL'
Table Count in Snowflake:: 0
Row Count of Table COUNTERSALESLOCATION is matched for RAW :: 0 DataMart :: 0 CURATED :: 0
Executing Snowflake query :: select count(*) as TOTAL from "DEV_ENT_RAW"."ST_GOLDMEDAL_MATILLION"."CUSTOMER"
Table Count in Snowflake:: 502076
Executing Snowflake query ::  select count(*) as TOTAL from "CURATED_DATAMART"."ST_BKP_GOLDMEDAL"."STR_CUSTOMER"where ACTIVE_FLAG='Y'
Table Count in Snowflake:: 502076
Executing Snowflake query ::  select count(*) as TOTAL from "DEV_ENT_CURATED"."MASTER_DIMENSIONS"."DIM_CUSTOMER"where tenant_type='GOLDMEDAL'
Table Count in Snowflake:: 502076
Row Count of Table CUSTOMER is matched for RAW :: 502076 DataMart :: 502076 CURATED :: 502076
Executing Snowflake query :: select count(*) as TOTAL from "DEV_ENT_RAW"."ST_GOLDMEDAL_MATILLION"."CUSTOMFIELD"
Table Count in Snowflake:: 722188
Executing Snowflake query ::  select count(*) as TOTAL from "CURATED_DATAMART"."ST_BKP_GOLDMEDAL"."STR_CUSTOMFIELD"where ACTIVE_FLAG='Y'
Table Count in Snowflake:: 722188
Executing Snowflake query ::  select count(*) as TOTAL from "DEV_ENT_CURATED"."MASTER_DIMENSIONS"."FACT_CUSTOMFIELD"where tenant_type='GOLDMEDAL'
Table Count in Snowflake:: 722188
Row Count of Table CUSTOMFIELD is matched for RAW :: 722188 DataMart :: 722188 CURATED :: 722188
Executing Snowflake query :: select count(*) as TOTAL from "DEV_ENT_RAW"."ST_GOLDMEDAL_MATILLION"."DIVISION"
Table Count in Snowflake:: 5
Executing Snowflake query ::  select count(*) as TOTAL from "CURATED_DATAMART"."ST_BKP_GOLDMEDAL"."STR_DIVISION"where ACTIVE_FLAG='Y'
Table Count in Snowflake:: 5
Executing Snowflake query ::  select count(*) as TOTAL from "DEV_ENT_CURATED"."MASTER_DIMENSIONS"."DIM_DIVISION"where tenant_type='GOLDMEDAL'
Table Count in Snowflake:: 5
Row Count of Table DIVISION is matched for RAW :: 5 DataMart :: 5 CURATED :: 5
Executing Snowflake query :: select count(*) as TOTAL from "DEV_ENT_RAW"."ST_GOLDMEDAL_MATILLION"."INVOICE"
Table Count in Snowflake:: 1265163
Executing Snowflake query ::  select count(*) as TOTAL from "CURATED_DATAMART"."ST_BKP_GOLDMEDAL"."STR_INVOICE"where ACTIVE_FLAG='Y'
Table Count in Snowflake:: 1265163
Executing Snowflake query ::  select count(*) as TOTAL from "DEV_ENT_CURATED"."MASTER_DIMENSIONS"."FACT_INVOICE"where tenant_type='GOLDMEDAL'
Table Count in Snowflake:: 1265163
Row Count of Table INVOICE is matched for RAW :: 1265163 DataMart :: 1265163 CURATED :: 1265163
Executing Snowflake query :: select count(*) as TOTAL from "DEV_ENT_RAW"."ST_GOLDMEDAL_MATILLION"."JOB"
Table Count in Snowflake:: 1232847
Executing Snowflake query ::  select count(*) as TOTAL from "CURATED_DATAMART"."ST_BKP_GOLDMEDAL"."STR_JOB"where ACTIVE_FLAG='Y'
Table Count in Snowflake:: 1232847
Executing Snowflake query ::  select count(*) as TOTAL from "DEV_ENT_CURATED"."MASTER_DIMENSIONS"."DIM_JOB"where tenant_type='GOLDMEDAL'
Table Count in Snowflake:: 1232847
Row Count of Table JOB is matched for RAW :: 1232847 DataMart :: 1232847 CURATED :: 1232847
Executing Snowflake query :: select count(*) as TOTAL from "DEV_ENT_RAW"."ST_GOLDMEDAL_MATILLION"."JOBAPPOINTMENT"
Table Count in Snowflake:: 1234348
Executing Snowflake query ::  select count(*) as TOTAL from "CURATED_DATAMART"."ST_BKP_GOLDMEDAL"."STR_JOBAPPOINTMENT"where ACTIVE_FLAG='Y'
Table Count in Snowflake:: 1234348
Executing Snowflake query ::  select count(*) as TOTAL from "DEV_ENT_CURATED"."MASTER_DIMENSIONS"."DIM_JOBAPPOINTMENT"where tenant_type='GOLDMEDAL'
Table Count in Snowflake:: 1234348
Row Count of Table JOBAPPOINTMENT is matched for RAW :: 1234348 DataMart :: 1234348 CURATED :: 1234348
Executing Snowflake query :: select count(*) as TOTAL from "DEV_ENT_RAW"."ST_GOLDMEDAL_MATILLION"."JOBAPPOINTMENTASSIGNMENT"
Table Count in Snowflake:: 1260409
Executing Snowflake query ::  select count(*) as TOTAL from "CURATED_DATAMART"."ST_BKP_GOLDMEDAL"."STR_JOBAPPOINTMENTASSIGNMENT"where ACTIVE_FLAG='Y'
Table Count in Snowflake:: 1259784
Executing Snowflake query ::  select count(*) as TOTAL from "DEV_ENT_CURATED"."MASTER_DIMENSIONS"."DIM_JOBAPPOINTMENTASSIGNMENT"where tenant_type='GOLDMEDAL'
Table Count in Snowflake:: 1259784
Row Count of Table JOBAPPOINTMENTASSIGNMENT is not matched for RAW :: 1260409 DataMart :: 1259784 CURATED :: 1259784
Executing Snowflake query :: select count(*) as TOTAL from "DEV_ENT_RAW"."ST_GOLDMEDAL_MATILLION"."JOBASSIGNMENT"
Table Count in Snowflake:: 1259097
Executing Snowflake query ::  select count(*) as TOTAL from "CURATED_DATAMART"."ST_BKP_GOLDMEDAL"."STR_JOBASSIGNMENT"where ACTIVE_FLAG='Y'
Table Count in Snowflake:: 1259097
Executing Snowflake query ::  select count(*) as TOTAL from "DEV_ENT_CURATED"."MASTER_DIMENSIONS"."DIM_JOBASSIGNMENT"where tenant_type='GOLDMEDAL'
Table Count in Snowflake:: 1259097
Row Count of Table JOBASSIGNMENT is matched for RAW :: 1259097 DataMart :: 1259097 CURATED :: 1259097
Executing Snowflake query :: select count(*) as TOTAL from "DEV_ENT_RAW"."ST_GOLDMEDAL_MATILLION"."JOBCANCELEDLOG"
Table Count in Snowflake:: 117234
Executing Snowflake query ::  select count(*) as TOTAL from "CURATED_DATAMART"."ST_BKP_GOLDMEDAL"."STR_JOBCANCELEDLOG"where ACTIVE_FLAG='Y'
Table Count in Snowflake:: 117234
Executing Snowflake query ::  select count(*) as TOTAL from "DEV_ENT_CURATED"."MASTER_DIMENSIONS"."DIM_JOBCANCELEDLOG"where tenant_type='GOLDMEDAL'
Table Count in Snowflake:: 117234
Row Count of Table JOBCANCELEDLOG is matched for RAW :: 117234 DataMart :: 117234 CURATED :: 117234
Executing Snowflake query :: select count(*) as TOTAL from "DEV_ENT_RAW"."ST_GOLDMEDAL_MATILLION"."JOBTYPE"
Table Count in Snowflake:: 1028
Executing Snowflake query ::  select count(*) as TOTAL from "CURATED_DATAMART"."ST_BKP_GOLDMEDAL"."STR_JOBTYPE"where ACTIVE_FLAG='Y'
Table Count in Snowflake:: 1028
Executing Snowflake query ::  select count(*) as TOTAL from "DEV_ENT_CURATED"."MASTER_DIMENSIONS"."DIM_JOBTYPE"where tenant_type='GOLDMEDAL'
Table Count in Snowflake:: 1028
Row Count of Table JOBTYPE is matched for RAW :: 1028 DataMart :: 1028 CURATED :: 1028
Executing Snowflake query :: select count(*) as TOTAL from "DEV_ENT_RAW"."ST_GOLDMEDAL_MATILLION"."LEAD"
Table Count in Snowflake:: 0
Executing Snowflake query ::  select count(*) as TOTAL from "CURATED_DATAMART"."ST_BKP_GOLDMEDAL"."STR_LEAD"where ACTIVE_FLAG='Y'
Table Count in Snowflake:: 0
Executing Snowflake query ::  select count(*) as TOTAL from "DEV_ENT_CURATED"."MASTER_DIMENSIONS"."DIM_LEAD"where tenant_type='GOLDMEDAL'
Table Count in Snowflake:: 0
Row Count of Table LEAD is matched for RAW :: 0 DataMart :: 0 CURATED :: 0
Executing Snowflake query :: select count(*) as TOTAL from "DEV_ENT_RAW"."ST_GOLDMEDAL_MATILLION"."LOCATION"
Table Count in Snowflake:: 507872
Executing Snowflake query ::  select count(*) as TOTAL from "CURATED_DATAMART"."ST_BKP_GOLDMEDAL"."STR_LOCATION"where ACTIVE_FLAG='Y'
Table Count in Snowflake:: 507872
Executing Snowflake query ::  select count(*) as TOTAL from "DEV_ENT_CURATED"."MASTER_DIMENSIONS"."DIM_LOCATION"where tenant_type='GOLDMEDAL'
Table Count in Snowflake:: 507872
Row Count of Table LOCATION is matched for RAW :: 507872 DataMart :: 507872 CURATED :: 507872
Executing Snowflake query :: select count(*) as TOTAL from "DEV_ENT_RAW"."ST_GOLDMEDAL_MATILLION"."OPPORTUNITY"
Table Count in Snowflake:: 1232847
Executing Snowflake query ::  select count(*) as TOTAL from "CURATED_DATAMART"."ST_BKP_GOLDMEDAL"."STR_OPPORTUNITY"where ACTIVE_FLAG='Y'
Table Count in Snowflake:: 1232847
Executing Snowflake query ::  select count(*) as TOTAL from "DEV_ENT_CURATED"."MASTER_DIMENSIONS"."DIM_OPPORTUNITY"where tenant_type='GOLDMEDAL'
Table Count in Snowflake:: 1232847
Row Count of Table OPPORTUNITY is matched for RAW :: 1232847 DataMart :: 1232847 CURATED :: 1232847
Executing Snowflake query :: select count(*) as TOTAL from "DEV_ENT_RAW"."ST_GOLDMEDAL_MATILLION"."OVERTIMEPROFILE"
Table Count in Snowflake:: 6
Executing Snowflake query ::  select count(*) as TOTAL from "CURATED_DATAMART"."ST_BKP_GOLDMEDAL"."STR_OVERTIMEPROFILE"where ACTIVE_FLAG='Y'
Table Count in Snowflake:: 6
Executing Snowflake query ::  select count(*) as TOTAL from "DEV_ENT_CURATED"."MASTER_DIMENSIONS"."DIM_OVERTIMEPROFILE"where tenant_type='GOLDMEDAL'
Table Count in Snowflake:: 6
Row Count of Table OVERTIMEPROFILE is matched for RAW :: 6 DataMart :: 6 CURATED :: 6
Executing Snowflake query :: select count(*) as TOTAL from "DEV_ENT_RAW"."ST_GOLDMEDAL_MATILLION"."PAYMENTTERM"
Table Count in Snowflake:: 10
Executing Snowflake query ::  select count(*) as TOTAL from "CURATED_DATAMART"."ST_BKP_GOLDMEDAL"."STR_PAYMENTTERM"where ACTIVE_FLAG='Y'
Table Count in Snowflake:: 10
Executing Snowflake query ::  select count(*) as TOTAL from "DEV_ENT_CURATED"."MASTER_DIMENSIONS"."DIM_PAYMENTTERM"where tenant_type='GOLDMEDAL'
Table Count in Snowflake:: 10
Row Count of Table PAYMENTTERM is matched for RAW :: 10 DataMart :: 10 CURATED :: 10
Executing Snowflake query :: select count(*) as TOTAL from "DEV_ENT_RAW"."ST_GOLDMEDAL_MATILLION"."PAYROLLPROFILE"
Table Count in Snowflake:: 3
Executing Snowflake query ::  select count(*) as TOTAL from "CURATED_DATAMART"."ST_BKP_GOLDMEDAL"."STR_PAYROLLPROFILE"where ACTIVE_FLAG='Y'
Table Count in Snowflake:: 3
Executing Snowflake query ::  select count(*) as TOTAL from "DEV_ENT_CURATED"."MASTER_DIMENSIONS"."DIM_PAYROLLPROFILE"where tenant_type='GOLDMEDAL'
Table Count in Snowflake:: 3
Row Count of Table PAYROLLPROFILE is matched for RAW :: 3 DataMart :: 3 CURATED :: 3
Executing Snowflake query :: select count(*) as TOTAL from "DEV_ENT_RAW"."ST_GOLDMEDAL_MATILLION"."PROJECT"
Table Count in Snowflake:: 55781
Executing Snowflake query ::  select count(*) as TOTAL from "CURATED_DATAMART"."ST_BKP_GOLDMEDAL"."STR_PROJECT"where ACTIVE_FLAG='Y'
Table Count in Snowflake:: 55781
Executing Snowflake query ::  select count(*) as TOTAL from "DEV_ENT_CURATED"."MASTER_DIMENSIONS"."DIM_PROJECT"where tenant_type='GOLDMEDAL'
Table Count in Snowflake:: 55781
Row Count of Table PROJECT is matched for RAW :: 55781 DataMart :: 55781 CURATED :: 55781
Executing Snowflake query :: select count(*) as TOTAL from "DEV_ENT_RAW"."ST_GOLDMEDAL_MATILLION"."TAG"
Table Count in Snowflake:: 1638602
Executing Snowflake query ::  select count(*) as TOTAL from "CURATED_DATAMART"."ST_BKP_GOLDMEDAL"."STR_TAG"where ACTIVE_FLAG='Y'
Table Count in Snowflake:: 1638602
Executing Snowflake query ::  select count(*) as TOTAL from "DEV_ENT_CURATED"."MASTER_DIMENSIONS"."DIM_TAG"where tenant_type='GOLDMEDAL'
Table Count in Snowflake:: 1638602
Row Count of Table TAG is matched for RAW :: 1638602 DataMart :: 1638602 CURATED :: 1638602
Executing Snowflake query :: select count(*) as TOTAL from "DEV_ENT_RAW"."ST_GOLDMEDAL_MATILLION"."TAGTYPE"
Table Count in Snowflake:: 578
Executing Snowflake query ::  select count(*) as TOTAL from "CURATED_DATAMART"."ST_BKP_GOLDMEDAL"."STR_TAGTYPE"where ACTIVE_FLAG='Y'
Table Count in Snowflake:: 578
Executing Snowflake query ::  select count(*) as TOTAL from "DEV_ENT_CURATED"."MASTER_DIMENSIONS"."DIM_TAGTYPE"where tenant_type='GOLDMEDAL'
Table Count in Snowflake:: 578
Row Count of Table TAGTYPE is matched for RAW :: 578 DataMart :: 578 CURATED :: 578
Executing Snowflake query :: select count(*) as TOTAL from "DEV_ENT_RAW"."ST_GOLDMEDAL_MATILLION"."TAXZONE"
Table Count in Snowflake:: 19
Executing Snowflake query ::  select count(*) as TOTAL from "CURATED_DATAMART"."ST_BKP_GOLDMEDAL"."STR_TAXZONE"where ACTIVE_FLAG='Y'
Table Count in Snowflake:: 19
Executing Snowflake query ::  select count(*) as TOTAL from "DEV_ENT_CURATED"."MASTER_DIMENSIONS"."DIM_TAXZONE"where tenant_type='GOLDMEDAL'
Table Count in Snowflake:: 19
Row Count of Table TAXZONE is matched for RAW :: 19 DataMart :: 19 CURATED :: 19
Executing Snowflake query :: select count(*) as TOTAL from "DEV_ENT_RAW"."ST_GOLDMEDAL_MATILLION"."TECHNICIAN"
Table Count in Snowflake:: 1420
Executing Snowflake query ::  select count(*) as TOTAL from "CURATED_DATAMART"."ST_BKP_GOLDMEDAL"."STR_TECHNICIAN"where ACTIVE_FLAG='Y'
Table Count in Snowflake:: 1420
Executing Snowflake query ::  select count(*) as TOTAL from "DEV_ENT_CURATED"."MASTER_DIMENSIONS"."DIM_TECHNICIAN"where tenant_type='GOLDMEDAL'
Table Count in Snowflake:: 1420
Row Count of Table TECHNICIAN is matched for RAW :: 1420 DataMart :: 1420 CURATED :: 1420
Executing Snowflake query :: select count(*) as TOTAL from "DEV_ENT_RAW"."ST_GOLDMEDAL_MATILLION"."TRADE"
Table Count in Snowflake:: 5
Executing Snowflake query ::  select count(*) as TOTAL from "CURATED_DATAMART"."ST_BKP_GOLDMEDAL"."STR_TRADE"where ACTIVE_FLAG='Y'
Table Count in Snowflake:: 5
Executing Snowflake query ::  select count(*) as TOTAL from "DEV_ENT_CURATED"."MASTER_DIMENSIONS"."DIM_TRADE"where tenant_type='GOLDMEDAL'
Table Count in Snowflake:: 5
Row Count of Table TRADE is matched for RAW :: 5 DataMart :: 5 CURATED :: 5
Executing Snowflake query :: select count(*) as TOTAL from "DEV_ENT_RAW"."ST_GOLDMEDAL_MATILLION"."TRUCK"
Table Count in Snowflake:: 393
Executing Snowflake query ::  select count(*) as TOTAL from "CURATED_DATAMART"."ST_BKP_GOLDMEDAL"."STR_TRUCK"where ACTIVE_FLAG='Y'
Table Count in Snowflake:: 393
Executing Snowflake query ::  select count(*) as TOTAL from "DEV_ENT_CURATED"."MASTER_DIMENSIONS"."DIM_TRUCK"where tenant_type='GOLDMEDAL'
Table Count in Snowflake:: 393
Row Count of Table TRUCK is matched for RAW :: 393 DataMart :: 393 CURATED :: 393
Executing Snowflake query :: select count(*) as TOTAL from "DEV_ENT_RAW"."ST_GOLDMEDAL_MATILLION"."ZONE"
Table Count in Snowflake:: 34
Executing Snowflake query ::  select count(*) as TOTAL from "CURATED_DATAMART"."ST_BKP_GOLDMEDAL"."STR_ZONE"where ACTIVE_FLAG='Y'
Table Count in Snowflake:: 34
Executing Snowflake query ::  select count(*) as TOTAL from "DEV_ENT_CURATED"."MASTER_DIMENSIONS"."DIM_ZONE"where tenant_type='GOLDMEDAL'
Table Count in Snowflake:: 34
Row Count of Table ZONE is matched for RAW :: 34 DataMart :: 34 CURATED :: 34
Executing Snowflake query :: select count(*) as TOTAL from "DEV_ENT_RAW"."ST_GOLDMEDAL_MATILLION"."TECHNICIANPAYROLL"
Table Count in Snowflake:: 38014
Executing Snowflake query ::  select count(*) as TOTAL from "CURATED_DATAMART"."ST_BKP_GOLDMEDAL"."STR_TECHNICIANPAYROLL"where ACTIVE_FLAG='Y'
Table Count in Snowflake:: 38014
Executing Snowflake query ::  select count(*) as TOTAL from "DEV_ENT_CURATED"."MASTER_DIMENSIONS"."DIM_TECHNICIANPAYROLL"where tenant_type='GOLDMEDAL'
Table Count in Snowflake:: 38014
Row Count of Table TECHNICIANPAYROLL is matched for RAW :: 38014 DataMart :: 38014 CURATED :: 38014
Executing Snowflake query :: select count(*) as TOTAL from "DEV_ENT_RAW"."ST_GOLDMEDAL_MATILLION"."TECHNICIANPAYROLLADJUSTMENT"
Table Count in Snowflake:: 108795
Executing Snowflake query ::  select count(*) as TOTAL from "CURATED_DATAMART"."ST_BKP_GOLDMEDAL"."STR_TECHNICIANPAYROLLADJUSTMENT"where ACTIVE_FLAG='Y'
Table Count in Snowflake:: 108795
Executing Snowflake query ::  select count(*) as TOTAL from "DEV_ENT_CURATED"."MASTER_DIMENSIONS"."DIM_TECHNICIANPAYROLLADJUSTMENT"where tenant_type='GOLDMEDAL'
Table Count in Snowflake:: 108795
Row Count of Table TECHNICIANPAYROLLADJUSTMENT is matched for RAW :: 108795 DataMart :: 108795 CURATED :: 108795
Executing Snowflake query :: select count(*) as TOTAL from "DEV_ENT_RAW"."ST_GOLDMEDAL_MATILLION"."TECHNICIANATTACHEDPROPERTY"
Table Count in Snowflake:: 2875
Executing Snowflake query ::  select count(*) as TOTAL from "CURATED_DATAMART"."ST_BKP_GOLDMEDAL"."STR_TECHNICIANATTACHEDPROPERTY"where ACTIVE_FLAG='Y'
Table Count in Snowflake:: 2875
Executing Snowflake query ::  select count(*) as TOTAL from "DEV_ENT_CURATED"."MASTER_DIMENSIONS"."DIM_TECHNICIANATTACHEDPROPERTY"where tenant_type='GOLDMEDAL'
Table Count in Snowflake:: 2875
Row Count of Table TECHNICIANATTACHEDPROPERTY is matched for RAW :: 2875 DataMart :: 2875 CURATED :: 2875
Executing Snowflake query :: select count(*) as TOTAL from "DEV_ENT_RAW"."ST_HARP_MATILLION"."BATCH"
Table Count in Snowflake:: 11044
Executing Snowflake query ::  select count(*) as TOTAL from "CURATED_DATAMART"."ST_BKP_HARP"."STR_BATCH"where ACTIVE_FLAG='Y'
Table Count in Snowflake:: 11044
Executing Snowflake query ::  select count(*) as TOTAL from "DEV_ENT_CURATED"."MASTER_DIMENSIONS"."FACT_BATCH"where tenant_type='HARP'
Table Count in Snowflake:: 11044
Row Count of Table BATCH is matched for RAW :: 11044 DataMart :: 11044 CURATED :: 11044
Executing Snowflake query :: select count(*) as TOTAL from "DEV_ENT_RAW"."ST_HARP_MATILLION"."BUSINESSUNIT"
Table Count in Snowflake:: 35
Executing Snowflake query ::  select count(*) as TOTAL from "CURATED_DATAMART"."ST_BKP_HARP"."STR_BUSINESSUNIT"where ACTIVE_FLAG='Y'
Table Count in Snowflake:: 35
Executing Snowflake query ::  select count(*) as TOTAL from "DEV_ENT_CURATED"."MASTER_DIMENSIONS"."DIM_BUSINESSUNIT"where tenant_type='HARP'
Table Count in Snowflake:: 35
Row Count of Table BUSINESSUNIT is matched for RAW :: 35 DataMart :: 35 CURATED :: 35
Executing Snowflake query :: select count(*) as TOTAL from "DEV_ENT_RAW"."ST_HARP_MATILLION"."CAMPAIGN"
Table Count in Snowflake:: 292
Executing Snowflake query ::  select count(*) as TOTAL from "CURATED_DATAMART"."ST_BKP_HARP"."STR_CAMPAIGN"where ACTIVE_FLAG='Y'
Table Count in Snowflake:: 292
Executing Snowflake query ::  select count(*) as TOTAL from "DEV_ENT_CURATED"."MASTER_DIMENSIONS"."DIM_CAMPAIGN"where tenant_type='HARP'
Table Count in Snowflake:: 292
Row Count of Table CAMPAIGN is matched for RAW :: 292 DataMart :: 292 CURATED :: 292
Executing Snowflake query :: select count(*) as TOTAL from "DEV_ENT_RAW"."ST_HARP_MATILLION"."CANCELJOBREASON"
Table Count in Snowflake:: 24
Executing Snowflake query ::  select count(*) as TOTAL from "CURATED_DATAMART"."ST_BKP_HARP"."STR_CANCELJOBREASON"where ACTIVE_FLAG='Y'
Table Count in Snowflake:: 24
Executing Snowflake query ::  select count(*) as TOTAL from "DEV_ENT_CURATED"."MASTER_DIMENSIONS"."DIM_CANCELJOBREASON"where tenant_type='HARP'
Table Count in Snowflake:: 24
Row Count of Table CANCELJOBREASON is matched for RAW :: 24 DataMart :: 24 CURATED :: 24
Executing Snowflake query :: select count(*) as TOTAL from "DEV_ENT_RAW"."ST_HARP_MATILLION"."COUNTERSALESLOCATION"
Table Count in Snowflake:: 0
Executing Snowflake query ::  select count(*) as TOTAL from "CURATED_DATAMART"."ST_BKP_HARP"."STR_COUNTERSALESLOCATION"where ACTIVE_FLAG='Y'
Table Count in Snowflake:: 0
Executing Snowflake query ::  select count(*) as TOTAL from "DEV_ENT_CURATED"."MASTER_DIMENSIONS"."DIM_COUNTERSALESLOCATION"where tenant_type='HARP'
Table Count in Snowflake:: 0
Row Count of Table COUNTERSALESLOCATION is matched for RAW :: 0 DataMart :: 0 CURATED :: 0
Executing Snowflake query :: select count(*) as TOTAL from "DEV_ENT_RAW"."ST_HARP_MATILLION"."CUSTOMER"
Table Count in Snowflake:: 52938
Executing Snowflake query ::  select count(*) as TOTAL from "CURATED_DATAMART"."ST_BKP_HARP"."STR_CUSTOMER"where ACTIVE_FLAG='Y'
Table Count in Snowflake:: 52938
Executing Snowflake query ::  select count(*) as TOTAL from "DEV_ENT_CURATED"."MASTER_DIMENSIONS"."DIM_CUSTOMER"where tenant_type='HARP'
Table Count in Snowflake:: 52938
Row Count of Table CUSTOMER is matched for RAW :: 52938 DataMart :: 52938 CURATED :: 52938
Executing Snowflake query :: select count(*) as TOTAL from "DEV_ENT_RAW"."ST_HARP_MATILLION"."CUSTOMFIELD"
Table Count in Snowflake:: 287685
Executing Snowflake query ::  select count(*) as TOTAL from "CURATED_DATAMART"."ST_BKP_HARP"."STR_CUSTOMFIELD"where ACTIVE_FLAG='Y'
Table Count in Snowflake:: 287685
Executing Snowflake query ::  select count(*) as TOTAL from "DEV_ENT_CURATED"."MASTER_DIMENSIONS"."FACT_CUSTOMFIELD"where tenant_type='HARP'
Table Count in Snowflake:: 287685
Row Count of Table CUSTOMFIELD is matched for RAW :: 287685 DataMart :: 287685 CURATED :: 287685
Executing Snowflake query :: select count(*) as TOTAL from "DEV_ENT_RAW"."ST_HARP_MATILLION"."DIVISION"
Table Count in Snowflake:: 4
Executing Snowflake query ::  select count(*) as TOTAL from "CURATED_DATAMART"."ST_BKP_HARP"."STR_DIVISION"where ACTIVE_FLAG='Y'
Table Count in Snowflake:: 4
Executing Snowflake query ::  select count(*) as TOTAL from "DEV_ENT_CURATED"."MASTER_DIMENSIONS"."DIM_DIVISION"where tenant_type='HARP'
Table Count in Snowflake:: 4
Row Count of Table DIVISION is matched for RAW :: 4 DataMart :: 4 CURATED :: 4
Executing Snowflake query :: select count(*) as TOTAL from "DEV_ENT_RAW"."ST_HARP_MATILLION"."INVOICE"
Table Count in Snowflake:: 199271
Executing Snowflake query ::  select count(*) as TOTAL from "CURATED_DATAMART"."ST_BKP_HARP"."STR_INVOICE"where ACTIVE_FLAG='Y'
Table Count in Snowflake:: 199271
Executing Snowflake query ::  select count(*) as TOTAL from "DEV_ENT_CURATED"."MASTER_DIMENSIONS"."FACT_INVOICE"where tenant_type='HARP'
Table Count in Snowflake:: 199271
Row Count of Table INVOICE is matched for RAW :: 199271 DataMart :: 199271 CURATED :: 199271
Executing Snowflake query :: select count(*) as TOTAL from "DEV_ENT_RAW"."ST_HARP_MATILLION"."JOB"
Table Count in Snowflake:: 147127
Executing Snowflake query ::  select count(*) as TOTAL from "CURATED_DATAMART"."ST_BKP_HARP"."STR_JOB"where ACTIVE_FLAG='Y'
Table Count in Snowflake:: 147127
Executing Snowflake query ::  select count(*) as TOTAL from "DEV_ENT_CURATED"."MASTER_DIMENSIONS"."DIM_JOB"where tenant_type='HARP'
Table Count in Snowflake:: 147127
Row Count of Table JOB is matched for RAW :: 147127 DataMart :: 147127 CURATED :: 147127
Executing Snowflake query :: select count(*) as TOTAL from "DEV_ENT_RAW"."ST_HARP_MATILLION"."JOBAPPOINTMENT"
Table Count in Snowflake:: 147401
Executing Snowflake query ::  select count(*) as TOTAL from "CURATED_DATAMART"."ST_BKP_HARP"."STR_JOBAPPOINTMENT"where ACTIVE_FLAG='Y'
Table Count in Snowflake:: 147401
Executing Snowflake query ::  select count(*) as TOTAL from "DEV_ENT_CURATED"."MASTER_DIMENSIONS"."DIM_JOBAPPOINTMENT"where tenant_type='HARP'
Table Count in Snowflake:: 147401
Row Count of Table JOBAPPOINTMENT is matched for RAW :: 147401 DataMart :: 147401 CURATED :: 147401
Executing Snowflake query :: select count(*) as TOTAL from "DEV_ENT_RAW"."ST_HARP_MATILLION"."JOBAPPOINTMENTASSIGNMENT"
Table Count in Snowflake:: 176344
Executing Snowflake query ::  select count(*) as TOTAL from "CURATED_DATAMART"."ST_BKP_HARP"."STR_JOBAPPOINTMENTASSIGNMENT"where ACTIVE_FLAG='Y'
Table Count in Snowflake:: 176097
Executing Snowflake query ::  select count(*) as TOTAL from "DEV_ENT_CURATED"."MASTER_DIMENSIONS"."DIM_JOBAPPOINTMENTASSIGNMENT"where tenant_type='HARP'
Table Count in Snowflake:: 176097
Row Count of Table JOBAPPOINTMENTASSIGNMENT is not matched for RAW :: 176344 DataMart :: 176097 CURATED :: 176097
Executing Snowflake query :: select count(*) as TOTAL from "DEV_ENT_RAW"."ST_HARP_MATILLION"."JOBASSIGNMENT"
Table Count in Snowflake:: 175792
Executing Snowflake query ::  select count(*) as TOTAL from "CURATED_DATAMART"."ST_BKP_HARP"."STR_JOBASSIGNMENT"where ACTIVE_FLAG='Y'
Table Count in Snowflake:: 175792
Executing Snowflake query ::  select count(*) as TOTAL from "DEV_ENT_CURATED"."MASTER_DIMENSIONS"."DIM_JOBASSIGNMENT"where tenant_type='HARP'
Table Count in Snowflake:: 175792
Row Count of Table JOBASSIGNMENT is matched for RAW :: 175792 DataMart :: 175792 CURATED :: 175792
Executing Snowflake query :: select count(*) as TOTAL from "DEV_ENT_RAW"."ST_HARP_MATILLION"."JOBCANCELEDLOG"
Table Count in Snowflake:: 13211
Executing Snowflake query ::  select count(*) as TOTAL from "CURATED_DATAMART"."ST_BKP_HARP"."STR_JOBCANCELEDLOG"where ACTIVE_FLAG='Y'
Table Count in Snowflake:: 13211
Executing Snowflake query ::  select count(*) as TOTAL from "DEV_ENT_CURATED"."MASTER_DIMENSIONS"."DIM_JOBCANCELEDLOG"where tenant_type='HARP'
Table Count in Snowflake:: 13211
Row Count of Table JOBCANCELEDLOG is matched for RAW :: 13211 DataMart :: 13211 CURATED :: 13211
Executing Snowflake query :: select count(*) as TOTAL from "DEV_ENT_RAW"."ST_HARP_MATILLION"."JOBTYPE"
Table Count in Snowflake:: 505
Executing Snowflake query ::  select count(*) as TOTAL from "CURATED_DATAMART"."ST_BKP_HARP"."STR_JOBTYPE"where ACTIVE_FLAG='Y'
Table Count in Snowflake:: 505
Executing Snowflake query ::  select count(*) as TOTAL from "DEV_ENT_CURATED"."MASTER_DIMENSIONS"."DIM_JOBTYPE"where tenant_type='HARP'
Table Count in Snowflake:: 505
Row Count of Table JOBTYPE is matched for RAW :: 505 DataMart :: 505 CURATED :: 505
Executing Snowflake query :: select count(*) as TOTAL from "DEV_ENT_RAW"."ST_HARP_MATILLION"."LEAD"
Table Count in Snowflake:: 0
Executing Snowflake query ::  select count(*) as TOTAL from "CURATED_DATAMART"."ST_BKP_HARP"."STR_LEAD"where ACTIVE_FLAG='Y'
Table Count in Snowflake:: 0
Executing Snowflake query ::  select count(*) as TOTAL from "DEV_ENT_CURATED"."MASTER_DIMENSIONS"."DIM_LEAD"where tenant_type='HARP'
Table Count in Snowflake:: 0
Row Count of Table LEAD is matched for RAW :: 0 DataMart :: 0 CURATED :: 0
Executing Snowflake query :: select count(*) as TOTAL from "DEV_ENT_RAW"."ST_HARP_MATILLION"."LOCATION"
Table Count in Snowflake:: 54668
Executing Snowflake query ::  select count(*) as TOTAL from "CURATED_DATAMART"."ST_BKP_HARP"."STR_LOCATION"where ACTIVE_FLAG='Y'
Table Count in Snowflake:: 54668
Executing Snowflake query ::  select count(*) as TOTAL from "DEV_ENT_CURATED"."MASTER_DIMENSIONS"."DIM_LOCATION"where tenant_type='HARP'
Table Count in Snowflake:: 54668
Row Count of Table LOCATION is matched for RAW :: 54668 DataMart :: 54668 CURATED :: 54668
Executing Snowflake query :: select count(*) as TOTAL from "DEV_ENT_RAW"."ST_HARP_MATILLION"."OPPORTUNITY"
Table Count in Snowflake:: 147127
Executing Snowflake query ::  select count(*) as TOTAL from "CURATED_DATAMART"."ST_BKP_HARP"."STR_OPPORTUNITY"where ACTIVE_FLAG='Y'
Table Count in Snowflake:: 147127
Executing Snowflake query ::  select count(*) as TOTAL from "DEV_ENT_CURATED"."MASTER_DIMENSIONS"."DIM_OPPORTUNITY"where tenant_type='HARP'
Table Count in Snowflake:: 147127
Row Count of Table OPPORTUNITY is matched for RAW :: 147127 DataMart :: 147127 CURATED :: 147127
Executing Snowflake query :: select count(*) as TOTAL from "DEV_ENT_RAW"."ST_HARP_MATILLION"."OVERTIMEPROFILE"
Table Count in Snowflake:: 6
Executing Snowflake query ::  select count(*) as TOTAL from "CURATED_DATAMART"."ST_BKP_HARP"."STR_OVERTIMEPROFILE"where ACTIVE_FLAG='Y'
Table Count in Snowflake:: 6
Executing Snowflake query ::  select count(*) as TOTAL from "DEV_ENT_CURATED"."MASTER_DIMENSIONS"."DIM_OVERTIMEPROFILE"where tenant_type='HARP'
Table Count in Snowflake:: 6
Row Count of Table OVERTIMEPROFILE is matched for RAW :: 6 DataMart :: 6 CURATED :: 6
Executing Snowflake query :: select count(*) as TOTAL from "DEV_ENT_RAW"."ST_HARP_MATILLION"."PAYMENTTERM"
Table Count in Snowflake:: 1
Executing Snowflake query ::  select count(*) as TOTAL from "CURATED_DATAMART"."ST_BKP_HARP"."STR_PAYMENTTERM"where ACTIVE_FLAG='Y'
Table Count in Snowflake:: 1
Executing Snowflake query ::  select count(*) as TOTAL from "DEV_ENT_CURATED"."MASTER_DIMENSIONS"."DIM_PAYMENTTERM"where tenant_type='HARP'
Table Count in Snowflake:: 1
Row Count of Table PAYMENTTERM is matched for RAW :: 1 DataMart :: 1 CURATED :: 1
Executing Snowflake query :: select count(*) as TOTAL from "DEV_ENT_RAW"."ST_HARP_MATILLION"."PAYROLLPROFILE"
Table Count in Snowflake:: 1
Executing Snowflake query ::  select count(*) as TOTAL from "CURATED_DATAMART"."ST_BKP_HARP"."STR_PAYROLLPROFILE"where ACTIVE_FLAG='Y'
Table Count in Snowflake:: 1
Executing Snowflake query ::  select count(*) as TOTAL from "DEV_ENT_CURATED"."MASTER_DIMENSIONS"."DIM_PAYROLLPROFILE"where tenant_type='HARP'
Table Count in Snowflake:: 1
Row Count of Table PAYROLLPROFILE is matched for RAW :: 1 DataMart :: 1 CURATED :: 1
Executing Snowflake query :: select count(*) as TOTAL from "DEV_ENT_RAW"."ST_HARP_MATILLION"."PROJECT"
Table Count in Snowflake:: 11020
Executing Snowflake query ::  select count(*) as TOTAL from "CURATED_DATAMART"."ST_BKP_HARP"."STR_PROJECT"where ACTIVE_FLAG='Y'
Table Count in Snowflake:: 11020
Executing Snowflake query ::  select count(*) as TOTAL from "DEV_ENT_CURATED"."MASTER_DIMENSIONS"."DIM_PROJECT"where tenant_type='HARP'
Table Count in Snowflake:: 11020
Row Count of Table PROJECT is matched for RAW :: 11020 DataMart :: 11020 CURATED :: 11020
Executing Snowflake query :: select count(*) as TOTAL from "DEV_ENT_RAW"."ST_HARP_MATILLION"."TAG"
Table Count in Snowflake:: 279352
Executing Snowflake query ::  select count(*) as TOTAL from "CURATED_DATAMART"."ST_BKP_HARP"."STR_TAG"where ACTIVE_FLAG='Y'
Table Count in Snowflake:: 279352
Executing Snowflake query ::  select count(*) as TOTAL from "DEV_ENT_CURATED"."MASTER_DIMENSIONS"."DIM_TAG"where tenant_type='HARP'
Table Count in Snowflake:: 279352
Row Count of Table TAG is matched for RAW :: 279352 DataMart :: 279352 CURATED :: 279352
Executing Snowflake query :: select count(*) as TOTAL from "DEV_ENT_RAW"."ST_HARP_MATILLION"."TAGTYPE"
Table Count in Snowflake:: 358
Executing Snowflake query ::  select count(*) as TOTAL from "CURATED_DATAMART"."ST_BKP_HARP"."STR_TAGTYPE"where ACTIVE_FLAG='Y'
Table Count in Snowflake:: 358
Executing Snowflake query ::  select count(*) as TOTAL from "DEV_ENT_CURATED"."MASTER_DIMENSIONS"."DIM_TAGTYPE"where tenant_type='HARP'
Table Count in Snowflake:: 358
Row Count of Table TAGTYPE is matched for RAW :: 358 DataMart :: 358 CURATED :: 358
Executing Snowflake query :: select count(*) as TOTAL from "DEV_ENT_RAW"."ST_HARP_MATILLION"."TAXZONE"
Table Count in Snowflake:: 9
Executing Snowflake query ::  select count(*) as TOTAL from "CURATED_DATAMART"."ST_BKP_HARP"."STR_TAXZONE"where ACTIVE_FLAG='Y'
Table Count in Snowflake:: 9
Executing Snowflake query ::  select count(*) as TOTAL from "DEV_ENT_CURATED"."MASTER_DIMENSIONS"."DIM_TAXZONE"where tenant_type='HARP'
Table Count in Snowflake:: 9
Row Count of Table TAXZONE is matched for RAW :: 9 DataMart :: 9 CURATED :: 9
Executing Snowflake query :: select count(*) as TOTAL from "DEV_ENT_RAW"."ST_HARP_MATILLION"."TECHNICIAN"
Table Count in Snowflake:: 265
Executing Snowflake query ::  select count(*) as TOTAL from "CURATED_DATAMART"."ST_BKP_HARP"."STR_TECHNICIAN"where ACTIVE_FLAG='Y'
Table Count in Snowflake:: 265
Executing Snowflake query ::  select count(*) as TOTAL from "DEV_ENT_CURATED"."MASTER_DIMENSIONS"."DIM_TECHNICIAN"where tenant_type='HARP'
Table Count in Snowflake:: 265
Row Count of Table TECHNICIAN is matched for RAW :: 265 DataMart :: 265 CURATED :: 265
Executing Snowflake query :: select count(*) as TOTAL from "DEV_ENT_RAW"."ST_HARP_MATILLION"."TRADE"
Table Count in Snowflake:: 2
Executing Snowflake query ::  select count(*) as TOTAL from "CURATED_DATAMART"."ST_BKP_HARP"."STR_TRADE"where ACTIVE_FLAG='Y'
Table Count in Snowflake:: 2
Executing Snowflake query ::  select count(*) as TOTAL from "DEV_ENT_CURATED"."MASTER_DIMENSIONS"."DIM_TRADE"where tenant_type='HARP'
Table Count in Snowflake:: 2
Row Count of Table TRADE is matched for RAW :: 2 DataMart :: 2 CURATED :: 2
Executing Snowflake query :: select count(*) as TOTAL from "DEV_ENT_RAW"."ST_HARP_MATILLION"."TRUCK"
Table Count in Snowflake:: 58
Executing Snowflake query ::  select count(*) as TOTAL from "CURATED_DATAMART"."ST_BKP_HARP"."STR_TRUCK"where ACTIVE_FLAG='Y'
Table Count in Snowflake:: 58
Executing Snowflake query ::  select count(*) as TOTAL from "DEV_ENT_CURATED"."MASTER_DIMENSIONS"."DIM_TRUCK"where tenant_type='HARP'
Table Count in Snowflake:: 58
Row Count of Table TRUCK is matched for RAW :: 58 DataMart :: 58 CURATED :: 58
Executing Snowflake query :: select count(*) as TOTAL from "DEV_ENT_RAW"."ST_HARP_MATILLION"."ZONE"
Table Count in Snowflake:: 20
Executing Snowflake query ::  select count(*) as TOTAL from "CURATED_DATAMART"."ST_BKP_HARP"."STR_ZONE"where ACTIVE_FLAG='Y'
Table Count in Snowflake:: 20
Executing Snowflake query ::  select count(*) as TOTAL from "DEV_ENT_CURATED"."MASTER_DIMENSIONS"."DIM_ZONE"where tenant_type='HARP'
Table Count in Snowflake:: 20
Row Count of Table ZONE is matched for RAW :: 20 DataMart :: 20 CURATED :: 20
Executing Snowflake query :: select count(*) as TOTAL from "DEV_ENT_RAW"."ST_HARP_MATILLION"."TECHNICIANPAYROLL"
Table Count in Snowflake:: 0
Executing Snowflake query ::  select count(*) as TOTAL from "CURATED_DATAMART"."ST_BKP_HARP"."STR_TECHNICIANPAYROLL"where ACTIVE_FLAG='Y'
Table Count in Snowflake:: 0
Executing Snowflake query ::  select count(*) as TOTAL from "DEV_ENT_CURATED"."MASTER_DIMENSIONS"."DIM_TECHNICIANPAYROLL"where tenant_type='HARP'
Table Count in Snowflake:: 0
Row Count of Table TECHNICIANPAYROLL is matched for RAW :: 0 DataMart :: 0 CURATED :: 0
Executing Snowflake query :: select count(*) as TOTAL from "DEV_ENT_RAW"."ST_HARP_MATILLION"."TECHNICIANPAYROLLADJUSTMENT"
Table Count in Snowflake:: 0
Executing Snowflake query ::  select count(*) as TOTAL from "CURATED_DATAMART"."ST_BKP_HARP"."STR_TECHNICIANPAYROLLADJUSTMENT"where ACTIVE_FLAG='Y'
Table Count in Snowflake:: 0
Executing Snowflake query ::  select count(*) as TOTAL from "DEV_ENT_CURATED"."MASTER_DIMENSIONS"."DIM_TECHNICIANPAYROLLADJUSTMENT"where tenant_type='HARP'
Table Count in Snowflake:: 0
Row Count of Table TECHNICIANPAYROLLADJUSTMENT is matched for RAW :: 0 DataMart :: 0 CURATED :: 0
Executing Snowflake query :: select count(*) as TOTAL from "DEV_ENT_RAW"."ST_HARP_MATILLION"."TECHNICIANATTACHEDPROPERTY"
Table Count in Snowflake:: 663
Executing Snowflake query ::  select count(*) as TOTAL from "CURATED_DATAMART"."ST_BKP_HARP"."STR_TECHNICIANATTACHEDPROPERTY"where ACTIVE_FLAG='Y'
Table Count in Snowflake:: 663
Executing Snowflake query ::  select count(*) as TOTAL from "DEV_ENT_CURATED"."MASTER_DIMENSIONS"."DIM_TECHNICIANATTACHEDPROPERTY"where tenant_type='HARP'
Table Count in Snowflake:: 663
Row Count of Table TECHNICIANATTACHEDPROPERTY is matched for RAW :: 663 DataMart :: 663 CURATED :: 663
Executing Snowflake query :: select count(*) as TOTAL from "DEV_ENT_RAW"."ST_HDAIR_MATILLION"."BATCH"
Table Count in Snowflake:: 12330
Executing Snowflake query ::  select count(*) as TOTAL from "CURATED_DATAMART"."ST_BKP_HDAIR"."STR_BATCH"where ACTIVE_FLAG='Y'
Table Count in Snowflake:: 12330
Executing Snowflake query ::  select count(*) as TOTAL from "DEV_ENT_CURATED"."MASTER_DIMENSIONS"."FACT_BATCH"where tenant_type='HDAIR'
Table Count in Snowflake:: 12330
Row Count of Table BATCH is matched for RAW :: 12330 DataMart :: 12330 CURATED :: 12330
Executing Snowflake query :: select count(*) as TOTAL from "DEV_ENT_RAW"."ST_HDAIR_MATILLION"."BUSINESSUNIT"
Table Count in Snowflake:: 93
Executing Snowflake query ::  select count(*) as TOTAL from "CURATED_DATAMART"."ST_BKP_HDAIR"."STR_BUSINESSUNIT"where ACTIVE_FLAG='Y'
Table Count in Snowflake:: 93
Executing Snowflake query ::  select count(*) as TOTAL from "DEV_ENT_CURATED"."MASTER_DIMENSIONS"."DIM_BUSINESSUNIT"where tenant_type='HDAIR'
Table Count in Snowflake:: 93
Row Count of Table BUSINESSUNIT is matched for RAW :: 93 DataMart :: 93 CURATED :: 93
Executing Snowflake query :: select count(*) as TOTAL from "DEV_ENT_RAW"."ST_HDAIR_MATILLION"."CAMPAIGN"
Table Count in Snowflake:: 297
Executing Snowflake query ::  select count(*) as TOTAL from "CURATED_DATAMART"."ST_BKP_HDAIR"."STR_CAMPAIGN"where ACTIVE_FLAG='Y'
Table Count in Snowflake:: 297
Executing Snowflake query ::  select count(*) as TOTAL from "DEV_ENT_CURATED"."MASTER_DIMENSIONS"."DIM_CAMPAIGN"where tenant_type='HDAIR'
Table Count in Snowflake:: 297
Row Count of Table CAMPAIGN is matched for RAW :: 297 DataMart :: 297 CURATED :: 297
Executing Snowflake query :: select count(*) as TOTAL from "DEV_ENT_RAW"."ST_HDAIR_MATILLION"."CANCELJOBREASON"
Table Count in Snowflake:: 30
Executing Snowflake query ::  select count(*) as TOTAL from "CURATED_DATAMART"."ST_BKP_HDAIR"."STR_CANCELJOBREASON"where ACTIVE_FLAG='Y'
Table Count in Snowflake:: 30
Executing Snowflake query ::  select count(*) as TOTAL from "DEV_ENT_CURATED"."MASTER_DIMENSIONS"."DIM_CANCELJOBREASON"where tenant_type='HDAIR'
Table Count in Snowflake:: 30
Row Count of Table CANCELJOBREASON is matched for RAW :: 30 DataMart :: 30 CURATED :: 30
Executing Snowflake query :: select count(*) as TOTAL from "DEV_ENT_RAW"."ST_HDAIR_MATILLION"."COUNTERSALESLOCATION"
Table Count in Snowflake:: 1
Executing Snowflake query ::  select count(*) as TOTAL from "CURATED_DATAMART"."ST_BKP_HDAIR"."STR_COUNTERSALESLOCATION"where ACTIVE_FLAG='Y'
Table Count in Snowflake:: 1
Executing Snowflake query ::  select count(*) as TOTAL from "DEV_ENT_CURATED"."MASTER_DIMENSIONS"."DIM_COUNTERSALESLOCATION"where tenant_type='HDAIR'
Table Count in Snowflake:: 1
Row Count of Table COUNTERSALESLOCATION is matched for RAW :: 1 DataMart :: 1 CURATED :: 1
Executing Snowflake query :: select count(*) as TOTAL from "DEV_ENT_RAW"."ST_HDAIR_MATILLION"."CUSTOMER"
Table Count in Snowflake:: 30751
Executing Snowflake query ::  select count(*) as TOTAL from "CURATED_DATAMART"."ST_BKP_HDAIR"."STR_CUSTOMER"where ACTIVE_FLAG='Y'
Table Count in Snowflake:: 30751
Executing Snowflake query ::  select count(*) as TOTAL from "DEV_ENT_CURATED"."MASTER_DIMENSIONS"."DIM_CUSTOMER"where tenant_type='HDAIR'
Table Count in Snowflake:: 30751
Row Count of Table CUSTOMER is matched for RAW :: 30751 DataMart :: 30751 CURATED :: 30751
Executing Snowflake query :: select count(*) as TOTAL from "DEV_ENT_RAW"."ST_HDAIR_MATILLION"."CUSTOMFIELD"
Table Count in Snowflake:: 293032
Executing Snowflake query ::  select count(*) as TOTAL from "CURATED_DATAMART"."ST_BKP_HDAIR"."STR_CUSTOMFIELD"where ACTIVE_FLAG='Y'
Table Count in Snowflake:: 293032
Executing Snowflake query ::  select count(*) as TOTAL from "DEV_ENT_CURATED"."MASTER_DIMENSIONS"."FACT_CUSTOMFIELD"where tenant_type='HDAIR'
Table Count in Snowflake:: 293032
Row Count of Table CUSTOMFIELD is matched for RAW :: 293032 DataMart :: 293032 CURATED :: 293032
Executing Snowflake query :: select count(*) as TOTAL from "DEV_ENT_RAW"."ST_HDAIR_MATILLION"."DIVISION"
Table Count in Snowflake:: 7
Executing Snowflake query ::  select count(*) as TOTAL from "CURATED_DATAMART"."ST_BKP_HDAIR"."STR_DIVISION"where ACTIVE_FLAG='Y'
Table Count in Snowflake:: 7
Executing Snowflake query ::  select count(*) as TOTAL from "DEV_ENT_CURATED"."MASTER_DIMENSIONS"."DIM_DIVISION"where tenant_type='HDAIR'
Table Count in Snowflake:: 7
Row Count of Table DIVISION is matched for RAW :: 7 DataMart :: 7 CURATED :: 7
Executing Snowflake query :: select count(*) as TOTAL from "DEV_ENT_RAW"."ST_HDAIR_MATILLION"."INVOICE"
Table Count in Snowflake:: 269140
Executing Snowflake query ::  select count(*) as TOTAL from "CURATED_DATAMART"."ST_BKP_HDAIR"."STR_INVOICE"where ACTIVE_FLAG='Y'
Table Count in Snowflake:: 269140
Executing Snowflake query ::  select count(*) as TOTAL from "DEV_ENT_CURATED"."MASTER_DIMENSIONS"."FACT_INVOICE"where tenant_type='HDAIR'
Table Count in Snowflake:: 269140
Row Count of Table INVOICE is matched for RAW :: 269140 DataMart :: 269140 CURATED :: 269140
Executing Snowflake query :: select count(*) as TOTAL from "DEV_ENT_RAW"."ST_HDAIR_MATILLION"."JOB"
Table Count in Snowflake:: 185162
Executing Snowflake query ::  select count(*) as TOTAL from "CURATED_DATAMART"."ST_BKP_HDAIR"."STR_JOB"where ACTIVE_FLAG='Y'
Table Count in Snowflake:: 185162
Executing Snowflake query ::  select count(*) as TOTAL from "DEV_ENT_CURATED"."MASTER_DIMENSIONS"."DIM_JOB"where tenant_type='HDAIR'
Table Count in Snowflake:: 185162
Row Count of Table JOB is matched for RAW :: 185162 DataMart :: 185162 CURATED :: 185162
Executing Snowflake query :: select count(*) as TOTAL from "DEV_ENT_RAW"."ST_HDAIR_MATILLION"."JOBAPPOINTMENT"
Table Count in Snowflake:: 186055
Executing Snowflake query ::  select count(*) as TOTAL from "CURATED_DATAMART"."ST_BKP_HDAIR"."STR_JOBAPPOINTMENT"where ACTIVE_FLAG='Y'
Table Count in Snowflake:: 186055
Executing Snowflake query ::  select count(*) as TOTAL from "DEV_ENT_CURATED"."MASTER_DIMENSIONS"."DIM_JOBAPPOINTMENT"where tenant_type='HDAIR'
Table Count in Snowflake:: 186055
Row Count of Table JOBAPPOINTMENT is matched for RAW :: 186055 DataMart :: 186055 CURATED :: 186055
Executing Snowflake query :: select count(*) as TOTAL from "DEV_ENT_RAW"."ST_HDAIR_MATILLION"."JOBAPPOINTMENTASSIGNMENT"
Table Count in Snowflake:: 171721
Executing Snowflake query ::  select count(*) as TOTAL from "CURATED_DATAMART"."ST_BKP_HDAIR"."STR_JOBAPPOINTMENTASSIGNMENT"where ACTIVE_FLAG='Y'
Table Count in Snowflake:: 171605
Executing Snowflake query ::  select count(*) as TOTAL from "DEV_ENT_CURATED"."MASTER_DIMENSIONS"."DIM_JOBAPPOINTMENTASSIGNMENT"where tenant_type='HDAIR'
Table Count in Snowflake:: 171605
Row Count of Table JOBAPPOINTMENTASSIGNMENT is not matched for RAW :: 171721 DataMart :: 171605 CURATED :: 171605
Executing Snowflake query :: select count(*) as TOTAL from "DEV_ENT_RAW"."ST_HDAIR_MATILLION"."JOBASSIGNMENT"
Table Count in Snowflake:: 169975
Executing Snowflake query ::  select count(*) as TOTAL from "CURATED_DATAMART"."ST_BKP_HDAIR"."STR_JOBASSIGNMENT"where ACTIVE_FLAG='Y'
Table Count in Snowflake:: 169975
Executing Snowflake query ::  select count(*) as TOTAL from "DEV_ENT_CURATED"."MASTER_DIMENSIONS"."DIM_JOBASSIGNMENT"where tenant_type='HDAIR'
Table Count in Snowflake:: 169975
Row Count of Table JOBASSIGNMENT is matched for RAW :: 169975 DataMart :: 169975 CURATED :: 169975
Executing Snowflake query :: select count(*) as TOTAL from "DEV_ENT_RAW"."ST_HDAIR_MATILLION"."JOBCANCELEDLOG"
Table Count in Snowflake:: 8079
Executing Snowflake query ::  select count(*) as TOTAL from "CURATED_DATAMART"."ST_BKP_HDAIR"."STR_JOBCANCELEDLOG"where ACTIVE_FLAG='Y'
Table Count in Snowflake:: 8079
Executing Snowflake query ::  select count(*) as TOTAL from "DEV_ENT_CURATED"."MASTER_DIMENSIONS"."DIM_JOBCANCELEDLOG"where tenant_type='HDAIR'
Table Count in Snowflake:: 8079
Row Count of Table JOBCANCELEDLOG is matched for RAW :: 8079 DataMart :: 8079 CURATED :: 8079
Executing Snowflake query :: select count(*) as TOTAL from "DEV_ENT_RAW"."ST_HDAIR_MATILLION"."JOBTYPE"
Table Count in Snowflake:: 482
Executing Snowflake query ::  select count(*) as TOTAL from "CURATED_DATAMART"."ST_BKP_HDAIR"."STR_JOBTYPE"where ACTIVE_FLAG='Y'
Table Count in Snowflake:: 482
Executing Snowflake query ::  select count(*) as TOTAL from "DEV_ENT_CURATED"."MASTER_DIMENSIONS"."DIM_JOBTYPE"where tenant_type='HDAIR'
Table Count in Snowflake:: 482
Row Count of Table JOBTYPE is matched for RAW :: 482 DataMart :: 482 CURATED :: 482
Executing Snowflake query :: select count(*) as TOTAL from "DEV_ENT_RAW"."ST_HDAIR_MATILLION"."LEAD"
Table Count in Snowflake:: 1429
Executing Snowflake query ::  select count(*) as TOTAL from "CURATED_DATAMART"."ST_BKP_HDAIR"."STR_LEAD"where ACTIVE_FLAG='Y'
Table Count in Snowflake:: 1429
Executing Snowflake query ::  select count(*) as TOTAL from "DEV_ENT_CURATED"."MASTER_DIMENSIONS"."DIM_LEAD"where tenant_type='HDAIR'
Table Count in Snowflake:: 1429
Row Count of Table LEAD is matched for RAW :: 1429 DataMart :: 1429 CURATED :: 1429
Executing Snowflake query :: select count(*) as TOTAL from "DEV_ENT_RAW"."ST_HDAIR_MATILLION"."LOCATION"
Table Count in Snowflake:: 32521
Executing Snowflake query ::  select count(*) as TOTAL from "CURATED_DATAMART"."ST_BKP_HDAIR"."STR_LOCATION"where ACTIVE_FLAG='Y'
Table Count in Snowflake:: 32521
Executing Snowflake query ::  select count(*) as TOTAL from "DEV_ENT_CURATED"."MASTER_DIMENSIONS"."DIM_LOCATION"where tenant_type='HDAIR'
Table Count in Snowflake:: 32521
Row Count of Table LOCATION is matched for RAW :: 32521 DataMart :: 32521 CURATED :: 32521
Executing Snowflake query :: select count(*) as TOTAL from "DEV_ENT_RAW"."ST_HDAIR_MATILLION"."OPPORTUNITY"
Table Count in Snowflake:: 185163
Executing Snowflake query ::  select count(*) as TOTAL from "CURATED_DATAMART"."ST_BKP_HDAIR"."STR_OPPORTUNITY"where ACTIVE_FLAG='Y'
Table Count in Snowflake:: 185163
Executing Snowflake query ::  select count(*) as TOTAL from "DEV_ENT_CURATED"."MASTER_DIMENSIONS"."DIM_OPPORTUNITY"where tenant_type='HDAIR'
Table Count in Snowflake:: 185163
Row Count of Table OPPORTUNITY is matched for RAW :: 185163 DataMart :: 185163 CURATED :: 185163
Executing Snowflake query :: select count(*) as TOTAL from "DEV_ENT_RAW"."ST_HDAIR_MATILLION"."OVERTIMEPROFILE"
Table Count in Snowflake:: 6
Executing Snowflake query ::  select count(*) as TOTAL from "CURATED_DATAMART"."ST_BKP_HDAIR"."STR_OVERTIMEPROFILE"where ACTIVE_FLAG='Y'
Table Count in Snowflake:: 6
Executing Snowflake query ::  select count(*) as TOTAL from "DEV_ENT_CURATED"."MASTER_DIMENSIONS"."DIM_OVERTIMEPROFILE"where tenant_type='HDAIR'
Table Count in Snowflake:: 6
Row Count of Table OVERTIMEPROFILE is matched for RAW :: 6 DataMart :: 6 CURATED :: 6
Executing Snowflake query :: select count(*) as TOTAL from "DEV_ENT_RAW"."ST_HDAIR_MATILLION"."PAYMENTTERM"
Table Count in Snowflake:: 9
Executing Snowflake query ::  select count(*) as TOTAL from "CURATED_DATAMART"."ST_BKP_HDAIR"."STR_PAYMENTTERM"where ACTIVE_FLAG='Y'
Table Count in Snowflake:: 9
Executing Snowflake query ::  select count(*) as TOTAL from "DEV_ENT_CURATED"."MASTER_DIMENSIONS"."DIM_PAYMENTTERM"where tenant_type='HDAIR'
Table Count in Snowflake:: 9
Row Count of Table PAYMENTTERM is matched for RAW :: 9 DataMart :: 9 CURATED :: 9
Executing Snowflake query :: select count(*) as TOTAL from "DEV_ENT_RAW"."ST_HDAIR_MATILLION"."PAYROLLPROFILE"
Table Count in Snowflake:: 1
Executing Snowflake query ::  select count(*) as TOTAL from "CURATED_DATAMART"."ST_BKP_HDAIR"."STR_PAYROLLPROFILE"where ACTIVE_FLAG='Y'
Table Count in Snowflake:: 1
Executing Snowflake query ::  select count(*) as TOTAL from "DEV_ENT_CURATED"."MASTER_DIMENSIONS"."DIM_PAYROLLPROFILE"where tenant_type='HDAIR'
Table Count in Snowflake:: 1
Row Count of Table PAYROLLPROFILE is matched for RAW :: 1 DataMart :: 1 CURATED :: 1
Executing Snowflake query :: select count(*) as TOTAL from "DEV_ENT_RAW"."ST_HDAIR_MATILLION"."PROJECT"
Table Count in Snowflake:: 8473
Executing Snowflake query ::  select count(*) as TOTAL from "CURATED_DATAMART"."ST_BKP_HDAIR"."STR_PROJECT"where ACTIVE_FLAG='Y'
Table Count in Snowflake:: 8473
Executing Snowflake query ::  select count(*) as TOTAL from "DEV_ENT_CURATED"."MASTER_DIMENSIONS"."DIM_PROJECT"where tenant_type='HDAIR'
Table Count in Snowflake:: 8473
Row Count of Table PROJECT is matched for RAW :: 8473 DataMart :: 8473 CURATED :: 8473
Executing Snowflake query :: select count(*) as TOTAL from "DEV_ENT_RAW"."ST_HDAIR_MATILLION"."TAG"
Table Count in Snowflake:: 232079
Executing Snowflake query ::  select count(*) as TOTAL from "CURATED_DATAMART"."ST_BKP_HDAIR"."STR_TAG"where ACTIVE_FLAG='Y'
Table Count in Snowflake:: 232079
Executing Snowflake query ::  select count(*) as TOTAL from "DEV_ENT_CURATED"."MASTER_DIMENSIONS"."DIM_TAG"where tenant_type='HDAIR'
Table Count in Snowflake:: 232079
Row Count of Table TAG is matched for RAW :: 232079 DataMart :: 232079 CURATED :: 232079
Executing Snowflake query :: select count(*) as TOTAL from "DEV_ENT_RAW"."ST_HDAIR_MATILLION"."TAGTYPE"
Table Count in Snowflake:: 550
Executing Snowflake query ::  select count(*) as TOTAL from "CURATED_DATAMART"."ST_BKP_HDAIR"."STR_TAGTYPE"where ACTIVE_FLAG='Y'
Table Count in Snowflake:: 550
Executing Snowflake query ::  select count(*) as TOTAL from "DEV_ENT_CURATED"."MASTER_DIMENSIONS"."DIM_TAGTYPE"where tenant_type='HDAIR'
Table Count in Snowflake:: 550
Row Count of Table TAGTYPE is matched for RAW :: 550 DataMart :: 550 CURATED :: 550
Executing Snowflake query :: select count(*) as TOTAL from "DEV_ENT_RAW"."ST_HDAIR_MATILLION"."TAXZONE"
Table Count in Snowflake:: 25
Executing Snowflake query ::  select count(*) as TOTAL from "CURATED_DATAMART"."ST_BKP_HDAIR"."STR_TAXZONE"where ACTIVE_FLAG='Y'
Table Count in Snowflake:: 25
Executing Snowflake query ::  select count(*) as TOTAL from "DEV_ENT_CURATED"."MASTER_DIMENSIONS"."DIM_TAXZONE"where tenant_type='HDAIR'
Table Count in Snowflake:: 25
Row Count of Table TAXZONE is matched for RAW :: 25 DataMart :: 25 CURATED :: 25
Executing Snowflake query :: select count(*) as TOTAL from "DEV_ENT_RAW"."ST_HDAIR_MATILLION"."TECHNICIAN"
Table Count in Snowflake:: 190
Executing Snowflake query ::  select count(*) as TOTAL from "CURATED_DATAMART"."ST_BKP_HDAIR"."STR_TECHNICIAN"where ACTIVE_FLAG='Y'
Table Count in Snowflake:: 190
Executing Snowflake query ::  select count(*) as TOTAL from "DEV_ENT_CURATED"."MASTER_DIMENSIONS"."DIM_TECHNICIAN"where tenant_type='HDAIR'
Table Count in Snowflake:: 190
Row Count of Table TECHNICIAN is matched for RAW :: 190 DataMart :: 190 CURATED :: 190
Executing Snowflake query :: select count(*) as TOTAL from "DEV_ENT_RAW"."ST_HDAIR_MATILLION"."TRADE"
Table Count in Snowflake:: 4
Executing Snowflake query ::  select count(*) as TOTAL from "CURATED_DATAMART"."ST_BKP_HDAIR"."STR_TRADE"where ACTIVE_FLAG='Y'
Table Count in Snowflake:: 4
Executing Snowflake query ::  select count(*) as TOTAL from "DEV_ENT_CURATED"."MASTER_DIMENSIONS"."DIM_TRADE"where tenant_type='HDAIR'
Table Count in Snowflake:: 4
Row Count of Table TRADE is matched for RAW :: 4 DataMart :: 4 CURATED :: 4
Executing Snowflake query :: select count(*) as TOTAL from "DEV_ENT_RAW"."ST_HDAIR_MATILLION"."TRUCK"
Table Count in Snowflake:: 78
Executing Snowflake query ::  select count(*) as TOTAL from "CURATED_DATAMART"."ST_BKP_HDAIR"."STR_TRUCK"where ACTIVE_FLAG='Y'
Table Count in Snowflake:: 78
Executing Snowflake query ::  select count(*) as TOTAL from "DEV_ENT_CURATED"."MASTER_DIMENSIONS"."DIM_TRUCK"where tenant_type='HDAIR'
Table Count in Snowflake:: 78
Row Count of Table TRUCK is matched for RAW :: 78 DataMart :: 78 CURATED :: 78
Executing Snowflake query :: select count(*) as TOTAL from "DEV_ENT_RAW"."ST_HDAIR_MATILLION"."ZONE"
Table Count in Snowflake:: 11
Executing Snowflake query ::  select count(*) as TOTAL from "CURATED_DATAMART"."ST_BKP_HDAIR"."STR_ZONE"where ACTIVE_FLAG='Y'
Table Count in Snowflake:: 11
Executing Snowflake query ::  select count(*) as TOTAL from "DEV_ENT_CURATED"."MASTER_DIMENSIONS"."DIM_ZONE"where tenant_type='HDAIR'
Table Count in Snowflake:: 11
Row Count of Table ZONE is matched for RAW :: 11 DataMart :: 11 CURATED :: 11
Executing Snowflake query :: select count(*) as TOTAL from "DEV_ENT_RAW"."ST_HDAIR_MATILLION"."TECHNICIANPAYROLL"
Table Count in Snowflake:: 3491
Executing Snowflake query ::  select count(*) as TOTAL from "CURATED_DATAMART"."ST_BKP_HDAIR"."STR_TECHNICIANPAYROLL"where ACTIVE_FLAG='Y'
Table Count in Snowflake:: 3491
Executing Snowflake query ::  select count(*) as TOTAL from "DEV_ENT_CURATED"."MASTER_DIMENSIONS"."DIM_TECHNICIANPAYROLL"where tenant_type='HDAIR'
Table Count in Snowflake:: 3491
Row Count of Table TECHNICIANPAYROLL is matched for RAW :: 3491 DataMart :: 3491 CURATED :: 3491
Executing Snowflake query :: select count(*) as TOTAL from "DEV_ENT_RAW"."ST_HDAIR_MATILLION"."TECHNICIANPAYROLLADJUSTMENT"
Table Count in Snowflake:: 8252
Executing Snowflake query ::  select count(*) as TOTAL from "CURATED_DATAMART"."ST_BKP_HDAIR"."STR_TECHNICIANPAYROLLADJUSTMENT"where ACTIVE_FLAG='Y'
Table Count in Snowflake:: 8255
Executing Snowflake query ::  select count(*) as TOTAL from "DEV_ENT_CURATED"."MASTER_DIMENSIONS"."DIM_TECHNICIANPAYROLLADJUSTMENT"where tenant_type='HDAIR'
Table Count in Snowflake:: 8255
Row Count of Table TECHNICIANPAYROLLADJUSTMENT is matched for RAW :: 8252 DataMart :: 8255 CURATED :: 8255
Executing Snowflake query :: select count(*) as TOTAL from "DEV_ENT_RAW"."ST_HDAIR_MATILLION"."TECHNICIANATTACHEDPROPERTY"
Table Count in Snowflake:: 641
Executing Snowflake query ::  select count(*) as TOTAL from "CURATED_DATAMART"."ST_BKP_HDAIR"."STR_TECHNICIANATTACHEDPROPERTY"where ACTIVE_FLAG='Y'
Table Count in Snowflake:: 641
Executing Snowflake query ::  select count(*) as TOTAL from "DEV_ENT_CURATED"."MASTER_DIMENSIONS"."DIM_TECHNICIANATTACHEDPROPERTY"where tenant_type='HDAIR'
Table Count in Snowflake:: 641
Row Count of Table TECHNICIANATTACHEDPROPERTY is matched for RAW :: 641 DataMart :: 641 CURATED :: 641
Executing Snowflake query :: select count(*) as TOTAL from "DEV_ENT_RAW"."ST_HENDERSON_MATILLION"."BATCH"
Table Count in Snowflake:: 6607
Executing Snowflake query ::  select count(*) as TOTAL from "CURATED_DATAMART"."ST_BKP_HENDERSON"."STR_BATCH"where ACTIVE_FLAG='Y'
Table Count in Snowflake:: 6607
Executing Snowflake query ::  select count(*) as TOTAL from "DEV_ENT_CURATED"."MASTER_DIMENSIONS"."FACT_BATCH"where tenant_type='HENDERSON'
Table Count in Snowflake:: 6607
Row Count of Table BATCH is matched for RAW :: 6607 DataMart :: 6607 CURATED :: 6607
Executing Snowflake query :: select count(*) as TOTAL from "DEV_ENT_RAW"."ST_HENDERSON_MATILLION"."BUSINESSUNIT"
Table Count in Snowflake:: 16
Executing Snowflake query ::  select count(*) as TOTAL from "CURATED_DATAMART"."ST_BKP_HENDERSON"."STR_BUSINESSUNIT"where ACTIVE_FLAG='Y'
Table Count in Snowflake:: 16
Executing Snowflake query ::  select count(*) as TOTAL from "DEV_ENT_CURATED"."MASTER_DIMENSIONS"."DIM_BUSINESSUNIT"where tenant_type='HENDERSON'
Table Count in Snowflake:: 16
Row Count of Table BUSINESSUNIT is matched for RAW :: 16 DataMart :: 16 CURATED :: 16
Executing Snowflake query :: select count(*) as TOTAL from "DEV_ENT_RAW"."ST_HENDERSON_MATILLION"."CAMPAIGN"
Table Count in Snowflake:: 310
Executing Snowflake query ::  select count(*) as TOTAL from "CURATED_DATAMART"."ST_BKP_HENDERSON"."STR_CAMPAIGN"where ACTIVE_FLAG='Y'
Table Count in Snowflake:: 310
Executing Snowflake query ::  select count(*) as TOTAL from "DEV_ENT_CURATED"."MASTER_DIMENSIONS"."DIM_CAMPAIGN"where tenant_type='HENDERSON'
Table Count in Snowflake:: 310
Row Count of Table CAMPAIGN is matched for RAW :: 310 DataMart :: 310 CURATED :: 310
Executing Snowflake query :: select count(*) as TOTAL from "DEV_ENT_RAW"."ST_HENDERSON_MATILLION"."CANCELJOBREASON"
Table Count in Snowflake:: 18
Executing Snowflake query ::  select count(*) as TOTAL from "CURATED_DATAMART"."ST_BKP_HENDERSON"."STR_CANCELJOBREASON"where ACTIVE_FLAG='Y'
Table Count in Snowflake:: 18
Executing Snowflake query ::  select count(*) as TOTAL from "DEV_ENT_CURATED"."MASTER_DIMENSIONS"."DIM_CANCELJOBREASON"where tenant_type='HENDERSON'
Table Count in Snowflake:: 18
Row Count of Table CANCELJOBREASON is matched for RAW :: 18 DataMart :: 18 CURATED :: 18
Executing Snowflake query :: select count(*) as TOTAL from "DEV_ENT_RAW"."ST_HENDERSON_MATILLION"."COUNTERSALESLOCATION"
Table Count in Snowflake:: 0
Executing Snowflake query ::  select count(*) as TOTAL from "CURATED_DATAMART"."ST_BKP_HENDERSON"."STR_COUNTERSALESLOCATION"where ACTIVE_FLAG='Y'
Table Count in Snowflake:: 0
Executing Snowflake query ::  select count(*) as TOTAL from "DEV_ENT_CURATED"."MASTER_DIMENSIONS"."DIM_COUNTERSALESLOCATION"where tenant_type='HENDERSON'
Table Count in Snowflake:: 0
Row Count of Table COUNTERSALESLOCATION is matched for RAW :: 0 DataMart :: 0 CURATED :: 0
Executing Snowflake query :: select count(*) as TOTAL from "DEV_ENT_RAW"."ST_HENDERSON_MATILLION"."CUSTOMER"
Table Count in Snowflake:: 51308
Executing Snowflake query ::  select count(*) as TOTAL from "CURATED_DATAMART"."ST_BKP_HENDERSON"."STR_CUSTOMER"where ACTIVE_FLAG='Y'
Table Count in Snowflake:: 51308
Executing Snowflake query ::  select count(*) as TOTAL from "DEV_ENT_CURATED"."MASTER_DIMENSIONS"."DIM_CUSTOMER"where tenant_type='HENDERSON'
Table Count in Snowflake:: 51308
Row Count of Table CUSTOMER is matched for RAW :: 51308 DataMart :: 51308 CURATED :: 51308
Executing Snowflake query :: select count(*) as TOTAL from "DEV_ENT_RAW"."ST_HENDERSON_MATILLION"."CUSTOMFIELD"
Table Count in Snowflake:: 262052
Executing Snowflake query ::  select count(*) as TOTAL from "CURATED_DATAMART"."ST_BKP_HENDERSON"."STR_CUSTOMFIELD"where ACTIVE_FLAG='Y'
Table Count in Snowflake:: 262052
Executing Snowflake query ::  select count(*) as TOTAL from "DEV_ENT_CURATED"."MASTER_DIMENSIONS"."FACT_CUSTOMFIELD"where tenant_type='HENDERSON'
Table Count in Snowflake:: 262052
Row Count of Table CUSTOMFIELD is matched for RAW :: 262052 DataMart :: 262052 CURATED :: 262052
Executing Snowflake query :: select count(*) as TOTAL from "DEV_ENT_RAW"."ST_HENDERSON_MATILLION"."DIVISION"
Table Count in Snowflake:: 5
Executing Snowflake query ::  select count(*) as TOTAL from "CURATED_DATAMART"."ST_BKP_HENDERSON"."STR_DIVISION"where ACTIVE_FLAG='Y'
Table Count in Snowflake:: 5
Executing Snowflake query ::  select count(*) as TOTAL from "DEV_ENT_CURATED"."MASTER_DIMENSIONS"."DIM_DIVISION"where tenant_type='HENDERSON'
Table Count in Snowflake:: 5
Row Count of Table DIVISION is matched for RAW :: 5 DataMart :: 5 CURATED :: 5
Executing Snowflake query :: select count(*) as TOTAL from "DEV_ENT_RAW"."ST_HENDERSON_MATILLION"."INVOICE"
Table Count in Snowflake:: 272483
Executing Snowflake query ::  select count(*) as TOTAL from "CURATED_DATAMART"."ST_BKP_HENDERSON"."STR_INVOICE"where ACTIVE_FLAG='Y'
Table Count in Snowflake:: 272483
Executing Snowflake query ::  select count(*) as TOTAL from "DEV_ENT_CURATED"."MASTER_DIMENSIONS"."FACT_INVOICE"where tenant_type='HENDERSON'
Table Count in Snowflake:: 272483
Row Count of Table INVOICE is matched for RAW :: 272483 DataMart :: 272483 CURATED :: 272483
Executing Snowflake query :: select count(*) as TOTAL from "DEV_ENT_RAW"."ST_HENDERSON_MATILLION"."JOB"
Table Count in Snowflake:: 255862
Executing Snowflake query ::  select count(*) as TOTAL from "CURATED_DATAMART"."ST_BKP_HENDERSON"."STR_JOB"where ACTIVE_FLAG='Y'
Table Count in Snowflake:: 255862
Executing Snowflake query ::  select count(*) as TOTAL from "DEV_ENT_CURATED"."MASTER_DIMENSIONS"."DIM_JOB"where tenant_type='HENDERSON'
Table Count in Snowflake:: 255862
Row Count of Table JOB is matched for RAW :: 255862 DataMart :: 255862 CURATED :: 255862
Executing Snowflake query :: select count(*) as TOTAL from "DEV_ENT_RAW"."ST_HENDERSON_MATILLION"."JOBAPPOINTMENT"
Table Count in Snowflake:: 256294
Executing Snowflake query ::  select count(*) as TOTAL from "CURATED_DATAMART"."ST_BKP_HENDERSON"."STR_JOBAPPOINTMENT"where ACTIVE_FLAG='Y'
Table Count in Snowflake:: 256294
Executing Snowflake query ::  select count(*) as TOTAL from "DEV_ENT_CURATED"."MASTER_DIMENSIONS"."DIM_JOBAPPOINTMENT"where tenant_type='HENDERSON'
Table Count in Snowflake:: 256294
Row Count of Table JOBAPPOINTMENT is matched for RAW :: 256294 DataMart :: 256294 CURATED :: 256294
Executing Snowflake query :: select count(*) as TOTAL from "DEV_ENT_RAW"."ST_HENDERSON_MATILLION"."JOBAPPOINTMENTASSIGNMENT"
Table Count in Snowflake:: 266740
Executing Snowflake query ::  select count(*) as TOTAL from "CURATED_DATAMART"."ST_BKP_HENDERSON"."STR_JOBAPPOINTMENTASSIGNMENT"where ACTIVE_FLAG='Y'
Table Count in Snowflake:: 266437
Executing Snowflake query ::  select count(*) as TOTAL from "DEV_ENT_CURATED"."MASTER_DIMENSIONS"."DIM_JOBAPPOINTMENTASSIGNMENT"where tenant_type='HENDERSON'
Table Count in Snowflake:: 266437
Row Count of Table JOBAPPOINTMENTASSIGNMENT is not matched for RAW :: 266740 DataMart :: 266437 CURATED :: 266437
Executing Snowflake query :: select count(*) as TOTAL from "DEV_ENT_RAW"."ST_HENDERSON_MATILLION"."JOBASSIGNMENT"
Table Count in Snowflake:: 265849
Executing Snowflake query ::  select count(*) as TOTAL from "CURATED_DATAMART"."ST_BKP_HENDERSON"."STR_JOBASSIGNMENT"where ACTIVE_FLAG='Y'
Table Count in Snowflake:: 265849
Executing Snowflake query ::  select count(*) as TOTAL from "DEV_ENT_CURATED"."MASTER_DIMENSIONS"."DIM_JOBASSIGNMENT"where tenant_type='HENDERSON'
Table Count in Snowflake:: 265849
Row Count of Table JOBASSIGNMENT is matched for RAW :: 265849 DataMart :: 265849 CURATED :: 265849
Executing Snowflake query :: select count(*) as TOTAL from "DEV_ENT_RAW"."ST_HENDERSON_MATILLION"."JOBCANCELEDLOG"
Table Count in Snowflake:: 6692
Executing Snowflake query ::  select count(*) as TOTAL from "CURATED_DATAMART"."ST_BKP_HENDERSON"."STR_JOBCANCELEDLOG"where ACTIVE_FLAG='Y'
Table Count in Snowflake:: 6692
Executing Snowflake query ::  select count(*) as TOTAL from "DEV_ENT_CURATED"."MASTER_DIMENSIONS"."DIM_JOBCANCELEDLOG"where tenant_type='HENDERSON'
Table Count in Snowflake:: 6692
Row Count of Table JOBCANCELEDLOG is matched for RAW :: 6692 DataMart :: 6692 CURATED :: 6692
Executing Snowflake query :: select count(*) as TOTAL from "DEV_ENT_RAW"."ST_HENDERSON_MATILLION"."JOBTYPE"
Table Count in Snowflake:: 625
Executing Snowflake query ::  select count(*) as TOTAL from "CURATED_DATAMART"."ST_BKP_HENDERSON"."STR_JOBTYPE"where ACTIVE_FLAG='Y'
Table Count in Snowflake:: 625
Executing Snowflake query ::  select count(*) as TOTAL from "DEV_ENT_CURATED"."MASTER_DIMENSIONS"."DIM_JOBTYPE"where tenant_type='HENDERSON'
Table Count in Snowflake:: 625
Row Count of Table JOBTYPE is matched for RAW :: 625 DataMart :: 625 CURATED :: 625
Executing Snowflake query :: select count(*) as TOTAL from "DEV_ENT_RAW"."ST_HENDERSON_MATILLION"."LEAD"
Table Count in Snowflake:: 0
Executing Snowflake query ::  select count(*) as TOTAL from "CURATED_DATAMART"."ST_BKP_HENDERSON"."STR_LEAD"where ACTIVE_FLAG='Y'
Table Count in Snowflake:: 0
Executing Snowflake query ::  select count(*) as TOTAL from "DEV_ENT_CURATED"."MASTER_DIMENSIONS"."DIM_LEAD"where tenant_type='HENDERSON'
Table Count in Snowflake:: 0
Row Count of Table LEAD is matched for RAW :: 0 DataMart :: 0 CURATED :: 0
Executing Snowflake query :: select count(*) as TOTAL from "DEV_ENT_RAW"."ST_HENDERSON_MATILLION"."LOCATION"
Table Count in Snowflake:: 57672
Executing Snowflake query ::  select count(*) as TOTAL from "CURATED_DATAMART"."ST_BKP_HENDERSON"."STR_LOCATION"where ACTIVE_FLAG='Y'
Table Count in Snowflake:: 57672
Executing Snowflake query ::  select count(*) as TOTAL from "DEV_ENT_CURATED"."MASTER_DIMENSIONS"."DIM_LOCATION"where tenant_type='HENDERSON'
Table Count in Snowflake:: 57672
Row Count of Table LOCATION is matched for RAW :: 57672 DataMart :: 57672 CURATED :: 57672
Executing Snowflake query :: select count(*) as TOTAL from "DEV_ENT_RAW"."ST_HENDERSON_MATILLION"."OPPORTUNITY"
Table Count in Snowflake:: 255862
Executing Snowflake query ::  select count(*) as TOTAL from "CURATED_DATAMART"."ST_BKP_HENDERSON"."STR_OPPORTUNITY"where ACTIVE_FLAG='Y'
Table Count in Snowflake:: 255862
Executing Snowflake query ::  select count(*) as TOTAL from "DEV_ENT_CURATED"."MASTER_DIMENSIONS"."DIM_OPPORTUNITY"where tenant_type='HENDERSON'
Table Count in Snowflake:: 255862
Row Count of Table OPPORTUNITY is matched for RAW :: 255862 DataMart :: 255862 CURATED :: 255862
Executing Snowflake query :: select count(*) as TOTAL from "DEV_ENT_RAW"."ST_HENDERSON_MATILLION"."OVERTIMEPROFILE"
Table Count in Snowflake:: 6
Executing Snowflake query ::  select count(*) as TOTAL from "CURATED_DATAMART"."ST_BKP_HENDERSON"."STR_OVERTIMEPROFILE"where ACTIVE_FLAG='Y'
Table Count in Snowflake:: 6
Executing Snowflake query ::  select count(*) as TOTAL from "DEV_ENT_CURATED"."MASTER_DIMENSIONS"."DIM_OVERTIMEPROFILE"where tenant_type='HENDERSON'
Table Count in Snowflake:: 6
Row Count of Table OVERTIMEPROFILE is matched for RAW :: 6 DataMart :: 6 CURATED :: 6
Executing Snowflake query :: select count(*) as TOTAL from "DEV_ENT_RAW"."ST_HENDERSON_MATILLION"."PAYMENTTERM"
Table Count in Snowflake:: 1
Executing Snowflake query ::  select count(*) as TOTAL from "CURATED_DATAMART"."ST_BKP_HENDERSON"."STR_PAYMENTTERM"where ACTIVE_FLAG='Y'
Table Count in Snowflake:: 1
Executing Snowflake query ::  select count(*) as TOTAL from "DEV_ENT_CURATED"."MASTER_DIMENSIONS"."DIM_PAYMENTTERM"where tenant_type='HENDERSON'
Table Count in Snowflake:: 1
Row Count of Table PAYMENTTERM is matched for RAW :: 1 DataMart :: 1 CURATED :: 1
Executing Snowflake query :: select count(*) as TOTAL from "DEV_ENT_RAW"."ST_HENDERSON_MATILLION"."PAYROLLPROFILE"
Table Count in Snowflake:: 1
Executing Snowflake query ::  select count(*) as TOTAL from "CURATED_DATAMART"."ST_BKP_HENDERSON"."STR_PAYROLLPROFILE"where ACTIVE_FLAG='Y'
Table Count in Snowflake:: 1
Executing Snowflake query ::  select count(*) as TOTAL from "DEV_ENT_CURATED"."MASTER_DIMENSIONS"."DIM_PAYROLLPROFILE"where tenant_type='HENDERSON'
Table Count in Snowflake:: 1
Row Count of Table PAYROLLPROFILE is matched for RAW :: 1 DataMart :: 1 CURATED :: 1
Executing Snowflake query :: select count(*) as TOTAL from "DEV_ENT_RAW"."ST_HENDERSON_MATILLION"."PROJECT"
Table Count in Snowflake:: 11924
Executing Snowflake query ::  select count(*) as TOTAL from "CURATED_DATAMART"."ST_BKP_HENDERSON"."STR_PROJECT"where ACTIVE_FLAG='Y'
Table Count in Snowflake:: 11924
Executing Snowflake query ::  select count(*) as TOTAL from "DEV_ENT_CURATED"."MASTER_DIMENSIONS"."DIM_PROJECT"where tenant_type='HENDERSON'
Table Count in Snowflake:: 11924
Row Count of Table PROJECT is matched for RAW :: 11924 DataMart :: 11924 CURATED :: 11924
Executing Snowflake query :: select count(*) as TOTAL from "DEV_ENT_RAW"."ST_HENDERSON_MATILLION"."TAG"
Table Count in Snowflake:: 353502
Executing Snowflake query ::  select count(*) as TOTAL from "CURATED_DATAMART"."ST_BKP_HENDERSON"."STR_TAG"where ACTIVE_FLAG='Y'
Table Count in Snowflake:: 353502
Executing Snowflake query ::  select count(*) as TOTAL from "DEV_ENT_CURATED"."MASTER_DIMENSIONS"."DIM_TAG"where tenant_type='HENDERSON'
Table Count in Snowflake:: 353502
Row Count of Table TAG is matched for RAW :: 353502 DataMart :: 353502 CURATED :: 353502
Executing Snowflake query :: select count(*) as TOTAL from "DEV_ENT_RAW"."ST_HENDERSON_MATILLION"."TAGTYPE"
Table Count in Snowflake:: 234
Executing Snowflake query ::  select count(*) as TOTAL from "CURATED_DATAMART"."ST_BKP_HENDERSON"."STR_TAGTYPE"where ACTIVE_FLAG='Y'
Table Count in Snowflake:: 234
Executing Snowflake query ::  select count(*) as TOTAL from "DEV_ENT_CURATED"."MASTER_DIMENSIONS"."DIM_TAGTYPE"where tenant_type='HENDERSON'
Table Count in Snowflake:: 234
Row Count of Table TAGTYPE is matched for RAW :: 234 DataMart :: 234 CURATED :: 234
Executing Snowflake query :: select count(*) as TOTAL from "DEV_ENT_RAW"."ST_HENDERSON_MATILLION"."TAXZONE"
Table Count in Snowflake:: 10
Executing Snowflake query ::  select count(*) as TOTAL from "CURATED_DATAMART"."ST_BKP_HENDERSON"."STR_TAXZONE"where ACTIVE_FLAG='Y'
Table Count in Snowflake:: 10
Executing Snowflake query ::  select count(*) as TOTAL from "DEV_ENT_CURATED"."MASTER_DIMENSIONS"."DIM_TAXZONE"where tenant_type='HENDERSON'
Table Count in Snowflake:: 10
Row Count of Table TAXZONE is matched for RAW :: 10 DataMart :: 10 CURATED :: 10
Executing Snowflake query :: select count(*) as TOTAL from "DEV_ENT_RAW"."ST_HENDERSON_MATILLION"."TECHNICIAN"
Table Count in Snowflake:: 291
Executing Snowflake query ::  select count(*) as TOTAL from "CURATED_DATAMART"."ST_BKP_HENDERSON"."STR_TECHNICIAN"where ACTIVE_FLAG='Y'
Table Count in Snowflake:: 291
Executing Snowflake query ::  select count(*) as TOTAL from "DEV_ENT_CURATED"."MASTER_DIMENSIONS"."DIM_TECHNICIAN"where tenant_type='HENDERSON'
Table Count in Snowflake:: 291
Row Count of Table TECHNICIAN is matched for RAW :: 291 DataMart :: 291 CURATED :: 291
Executing Snowflake query :: select count(*) as TOTAL from "DEV_ENT_RAW"."ST_HENDERSON_MATILLION"."TRADE"
Table Count in Snowflake:: 2
Executing Snowflake query ::  select count(*) as TOTAL from "CURATED_DATAMART"."ST_BKP_HENDERSON"."STR_TRADE"where ACTIVE_FLAG='Y'
Table Count in Snowflake:: 2
Executing Snowflake query ::  select count(*) as TOTAL from "DEV_ENT_CURATED"."MASTER_DIMENSIONS"."DIM_TRADE"where tenant_type='HENDERSON'
Table Count in Snowflake:: 2
Row Count of Table TRADE is matched for RAW :: 2 DataMart :: 2 CURATED :: 2
Executing Snowflake query :: select count(*) as TOTAL from "DEV_ENT_RAW"."ST_HENDERSON_MATILLION"."TRUCK"
Table Count in Snowflake:: 82
Executing Snowflake query ::  select count(*) as TOTAL from "CURATED_DATAMART"."ST_BKP_HENDERSON"."STR_TRUCK"where ACTIVE_FLAG='Y'
Table Count in Snowflake:: 82
Executing Snowflake query ::  select count(*) as TOTAL from "DEV_ENT_CURATED"."MASTER_DIMENSIONS"."DIM_TRUCK"where tenant_type='HENDERSON'
Table Count in Snowflake:: 82
Row Count of Table TRUCK is matched for RAW :: 82 DataMart :: 82 CURATED :: 82
Executing Snowflake query :: select count(*) as TOTAL from "DEV_ENT_RAW"."ST_HENDERSON_MATILLION"."ZONE"
Table Count in Snowflake:: 24
Executing Snowflake query ::  select count(*) as TOTAL from "CURATED_DATAMART"."ST_BKP_HENDERSON"."STR_ZONE"where ACTIVE_FLAG='Y'
Table Count in Snowflake:: 24
Executing Snowflake query ::  select count(*) as TOTAL from "DEV_ENT_CURATED"."MASTER_DIMENSIONS"."DIM_ZONE"where tenant_type='HENDERSON'
Table Count in Snowflake:: 24
Row Count of Table ZONE is matched for RAW :: 24 DataMart :: 24 CURATED :: 24
Executing Snowflake query :: select count(*) as TOTAL from "DEV_ENT_RAW"."ST_HENDERSON_MATILLION"."TECHNICIANPAYROLL"
Table Count in Snowflake:: 0
Executing Snowflake query ::  select count(*) as TOTAL from "CURATED_DATAMART"."ST_BKP_HENDERSON"."STR_TECHNICIANPAYROLL"where ACTIVE_FLAG='Y'
Table Count in Snowflake:: 0
Executing Snowflake query ::  select count(*) as TOTAL from "DEV_ENT_CURATED"."MASTER_DIMENSIONS"."DIM_TECHNICIANPAYROLL"where tenant_type='HENDERSON'
Table Count in Snowflake:: 0
Row Count of Table TECHNICIANPAYROLL is matched for RAW :: 0 DataMart :: 0 CURATED :: 0
Executing Snowflake query :: select count(*) as TOTAL from "DEV_ENT_RAW"."ST_HENDERSON_MATILLION"."TECHNICIANPAYROLLADJUSTMENT"
Table Count in Snowflake:: 0
Executing Snowflake query ::  select count(*) as TOTAL from "CURATED_DATAMART"."ST_BKP_HENDERSON"."STR_TECHNICIANPAYROLLADJUSTMENT"where ACTIVE_FLAG='Y'
Table Count in Snowflake:: 0
Executing Snowflake query ::  select count(*) as TOTAL from "DEV_ENT_CURATED"."MASTER_DIMENSIONS"."DIM_TECHNICIANPAYROLLADJUSTMENT"where tenant_type='HENDERSON'
Table Count in Snowflake:: 0
Row Count of Table TECHNICIANPAYROLLADJUSTMENT is matched for RAW :: 0 DataMart :: 0 CURATED :: 0
Executing Snowflake query :: select count(*) as TOTAL from "DEV_ENT_RAW"."ST_HENDERSON_MATILLION"."TECHNICIANATTACHEDPROPERTY"
Table Count in Snowflake:: 816
Executing Snowflake query ::  select count(*) as TOTAL from "CURATED_DATAMART"."ST_BKP_HENDERSON"."STR_TECHNICIANATTACHEDPROPERTY"where ACTIVE_FLAG='Y'
Table Count in Snowflake:: 816
Executing Snowflake query ::  select count(*) as TOTAL from "DEV_ENT_CURATED"."MASTER_DIMENSIONS"."DIM_TECHNICIANATTACHEDPROPERTY"where tenant_type='HENDERSON'
Table Count in Snowflake:: 816
Row Count of Table TECHNICIANATTACHEDPROPERTY is matched for RAW :: 816 DataMart :: 816 CURATED :: 816
Executing Snowflake query :: select count(*) as TOTAL from "DEV_ENT_RAW"."ST_HORIZONSERVICES_MATILLION"."BATCH"
Table Count in Snowflake:: 32017
Executing Snowflake query ::  select count(*) as TOTAL from "CURATED_DATAMART"."ST_BKP_HORIZONSERVICES"."STR_BATCH"where ACTIVE_FLAG='Y'
Table Count in Snowflake:: 32017
Executing Snowflake query ::  select count(*) as TOTAL from "DEV_ENT_CURATED"."MASTER_DIMENSIONS"."FACT_BATCH"where tenant_type='HORIZONSERVICES'
Table Count in Snowflake:: 32017
Row Count of Table BATCH is matched for RAW :: 32017 DataMart :: 32017 CURATED :: 32017
Executing Snowflake query :: select count(*) as TOTAL from "DEV_ENT_RAW"."ST_HORIZONSERVICES_MATILLION"."BUSINESSUNIT"
Table Count in Snowflake:: 279
Executing Snowflake query ::  select count(*) as TOTAL from "CURATED_DATAMART"."ST_BKP_HORIZONSERVICES"."STR_BUSINESSUNIT"where ACTIVE_FLAG='Y'
Table Count in Snowflake:: 279
Executing Snowflake query ::  select count(*) as TOTAL from "DEV_ENT_CURATED"."MASTER_DIMENSIONS"."DIM_BUSINESSUNIT"where tenant_type='HORIZONSERVICES'
Table Count in Snowflake:: 279
Row Count of Table BUSINESSUNIT is matched for RAW :: 279 DataMart :: 279 CURATED :: 279
Executing Snowflake query :: select count(*) as TOTAL from "DEV_ENT_RAW"."ST_HORIZONSERVICES_MATILLION"."CAMPAIGN"
Table Count in Snowflake:: 3786
Executing Snowflake query ::  select count(*) as TOTAL from "CURATED_DATAMART"."ST_BKP_HORIZONSERVICES"."STR_CAMPAIGN"where ACTIVE_FLAG='Y'
Table Count in Snowflake:: 3786
Executing Snowflake query ::  select count(*) as TOTAL from "DEV_ENT_CURATED"."MASTER_DIMENSIONS"."DIM_CAMPAIGN"where tenant_type='HORIZONSERVICES'
Table Count in Snowflake:: 3786
Row Count of Table CAMPAIGN is matched for RAW :: 3786 DataMart :: 3786 CURATED :: 3786
Executing Snowflake query :: select count(*) as TOTAL from "DEV_ENT_RAW"."ST_HORIZONSERVICES_MATILLION"."CANCELJOBREASON"
Table Count in Snowflake:: 27
Executing Snowflake query ::  select count(*) as TOTAL from "CURATED_DATAMART"."ST_BKP_HORIZONSERVICES"."STR_CANCELJOBREASON"where ACTIVE_FLAG='Y'
Table Count in Snowflake:: 27
Executing Snowflake query ::  select count(*) as TOTAL from "DEV_ENT_CURATED"."MASTER_DIMENSIONS"."DIM_CANCELJOBREASON"where tenant_type='HORIZONSERVICES'
Table Count in Snowflake:: 27
Row Count of Table CANCELJOBREASON is matched for RAW :: 27 DataMart :: 27 CURATED :: 27
Executing Snowflake query :: select count(*) as TOTAL from "DEV_ENT_RAW"."ST_HORIZONSERVICES_MATILLION"."COUNTERSALESLOCATION"
Table Count in Snowflake:: 4
Executing Snowflake query ::  select count(*) as TOTAL from "CURATED_DATAMART"."ST_BKP_HORIZONSERVICES"."STR_COUNTERSALESLOCATION"where ACTIVE_FLAG='Y'
Table Count in Snowflake:: 4
Executing Snowflake query ::  select count(*) as TOTAL from "DEV_ENT_CURATED"."MASTER_DIMENSIONS"."DIM_COUNTERSALESLOCATION"where tenant_type='HORIZONSERVICES'
Table Count in Snowflake:: 4
Row Count of Table COUNTERSALESLOCATION is matched for RAW :: 4 DataMart :: 4 CURATED :: 4
Executing Snowflake query :: select count(*) as TOTAL from "DEV_ENT_RAW"."ST_HORIZONSERVICES_MATILLION"."CUSTOMER"
Table Count in Snowflake:: 1055326
Executing Snowflake query ::  select count(*) as TOTAL from "CURATED_DATAMART"."ST_BKP_HORIZONSERVICES"."STR_CUSTOMER"where ACTIVE_FLAG='Y'
Table Count in Snowflake:: 1055326
Executing Snowflake query ::  select count(*) as TOTAL from "DEV_ENT_CURATED"."MASTER_DIMENSIONS"."DIM_CUSTOMER"where tenant_type='HORIZONSERVICES'
Table Count in Snowflake:: 1055326
Row Count of Table CUSTOMER is matched for RAW :: 1055326 DataMart :: 1055326 CURATED :: 1055326
Executing Snowflake query :: select count(*) as TOTAL from "DEV_ENT_RAW"."ST_HORIZONSERVICES_MATILLION"."CUSTOMFIELD"
Table Count in Snowflake:: 2875356
Executing Snowflake query ::  select count(*) as TOTAL from "CURATED_DATAMART"."ST_BKP_HORIZONSERVICES"."STR_CUSTOMFIELD"where ACTIVE_FLAG='Y'
Table Count in Snowflake:: 2875356
Executing Snowflake query ::  select count(*) as TOTAL from "DEV_ENT_CURATED"."MASTER_DIMENSIONS"."FACT_CUSTOMFIELD"where tenant_type='HORIZONSERVICES'
Table Count in Snowflake:: 2875356
Row Count of Table CUSTOMFIELD is matched for RAW :: 2875356 DataMart :: 2875356 CURATED :: 2875356
Executing Snowflake query :: select count(*) as TOTAL from "DEV_ENT_RAW"."ST_HORIZONSERVICES_MATILLION"."DIVISION"
Table Count in Snowflake:: 10
Executing Snowflake query ::  select count(*) as TOTAL from "CURATED_DATAMART"."ST_BKP_HORIZONSERVICES"."STR_DIVISION"where ACTIVE_FLAG='Y'
Table Count in Snowflake:: 10
Executing Snowflake query ::  select count(*) as TOTAL from "DEV_ENT_CURATED"."MASTER_DIMENSIONS"."DIM_DIVISION"where tenant_type='HORIZONSERVICES'
Table Count in Snowflake:: 10
Row Count of Table DIVISION is matched for RAW :: 10 DataMart :: 10 CURATED :: 10
Executing Snowflake query :: select count(*) as TOTAL from "DEV_ENT_RAW"."ST_HORIZONSERVICES_MATILLION"."INVOICE"
Table Count in Snowflake:: 4448966
Executing Snowflake query ::  select count(*) as TOTAL from "CURATED_DATAMART"."ST_BKP_HORIZONSERVICES"."STR_INVOICE"where ACTIVE_FLAG='Y'
Table Count in Snowflake:: 4448966
Executing Snowflake query ::  select count(*) as TOTAL from "DEV_ENT_CURATED"."MASTER_DIMENSIONS"."FACT_INVOICE"where tenant_type='HORIZONSERVICES'
Table Count in Snowflake:: 4448966
Row Count of Table INVOICE is matched for RAW :: 4448966 DataMart :: 4448966 CURATED :: 4448966
Executing Snowflake query :: select count(*) as TOTAL from "DEV_ENT_RAW"."ST_HORIZONSERVICES_MATILLION"."JOB"
Table Count in Snowflake:: 3880860
Executing Snowflake query ::  select count(*) as TOTAL from "CURATED_DATAMART"."ST_BKP_HORIZONSERVICES"."STR_JOB"where ACTIVE_FLAG='Y'
Table Count in Snowflake:: 3880860
Executing Snowflake query ::  select count(*) as TOTAL from "DEV_ENT_CURATED"."MASTER_DIMENSIONS"."DIM_JOB"where tenant_type='HORIZONSERVICES'
Table Count in Snowflake:: 3880860
Row Count of Table JOB is matched for RAW :: 3880860 DataMart :: 3880860 CURATED :: 3880860
Executing Snowflake query :: select count(*) as TOTAL from "DEV_ENT_RAW"."ST_HORIZONSERVICES_MATILLION"."JOBAPPOINTMENT"
Table Count in Snowflake:: 3881708
Executing Snowflake query ::  select count(*) as TOTAL from "CURATED_DATAMART"."ST_BKP_HORIZONSERVICES"."STR_JOBAPPOINTMENT"where ACTIVE_FLAG='Y'
Table Count in Snowflake:: 3881708
Executing Snowflake query ::  select count(*) as TOTAL from "DEV_ENT_CURATED"."MASTER_DIMENSIONS"."DIM_JOBAPPOINTMENT"where tenant_type='HORIZONSERVICES'
Table Count in Snowflake:: 3881708
Row Count of Table JOBAPPOINTMENT is matched for RAW :: 3881708 DataMart :: 3881708 CURATED :: 3881708
Executing Snowflake query :: select count(*) as TOTAL from "DEV_ENT_RAW"."ST_HORIZONSERVICES_MATILLION"."JOBAPPOINTMENTASSIGNMENT"
Table Count in Snowflake:: 2435665
Executing Snowflake query ::  select count(*) as TOTAL from "CURATED_DATAMART"."ST_BKP_HORIZONSERVICES"."STR_JOBAPPOINTMENTASSIGNMENT"where ACTIVE_FLAG='Y'
Table Count in Snowflake:: 2433791
Executing Snowflake query ::  select count(*) as TOTAL from "DEV_ENT_CURATED"."MASTER_DIMENSIONS"."DIM_JOBAPPOINTMENTASSIGNMENT"where tenant_type='HORIZONSERVICES'
Table Count in Snowflake:: 2433791
Row Count of Table JOBAPPOINTMENTASSIGNMENT is not matched for RAW :: 2435665 DataMart :: 2433791 CURATED :: 2433791
Executing Snowflake query :: select count(*) as TOTAL from "DEV_ENT_RAW"."ST_HORIZONSERVICES_MATILLION"."JOBASSIGNMENT"
Table Count in Snowflake:: 2535926
Executing Snowflake query ::  select count(*) as TOTAL from "CURATED_DATAMART"."ST_BKP_HORIZONSERVICES"."STR_JOBASSIGNMENT"where ACTIVE_FLAG='Y'
Table Count in Snowflake:: 2535926
Executing Snowflake query ::  select count(*) as TOTAL from "DEV_ENT_CURATED"."MASTER_DIMENSIONS"."DIM_JOBASSIGNMENT"where tenant_type='HORIZONSERVICES'
Table Count in Snowflake:: 2535926
Row Count of Table JOBASSIGNMENT is matched for RAW :: 2535926 DataMart :: 2535926 CURATED :: 2535926
Executing Snowflake query :: select count(*) as TOTAL from "DEV_ENT_RAW"."ST_HORIZONSERVICES_MATILLION"."JOBCANCELEDLOG"
Table Count in Snowflake:: 85320
Executing Snowflake query ::  select count(*) as TOTAL from "CURATED_DATAMART"."ST_BKP_HORIZONSERVICES"."STR_JOBCANCELEDLOG"where ACTIVE_FLAG='Y'
Table Count in Snowflake:: 85320
Executing Snowflake query ::  select count(*) as TOTAL from "DEV_ENT_CURATED"."MASTER_DIMENSIONS"."DIM_JOBCANCELEDLOG"where tenant_type='HORIZONSERVICES'
Table Count in Snowflake:: 85320
Row Count of Table JOBCANCELEDLOG is matched for RAW :: 85320 DataMart :: 85320 CURATED :: 85320
Executing Snowflake query :: select count(*) as TOTAL from "DEV_ENT_RAW"."ST_HORIZONSERVICES_MATILLION"."JOBTYPE"
Table Count in Snowflake:: 595
Executing Snowflake query ::  select count(*) as TOTAL from "CURATED_DATAMART"."ST_BKP_HORIZONSERVICES"."STR_JOBTYPE"where ACTIVE_FLAG='Y'
Table Count in Snowflake:: 595
Executing Snowflake query ::  select count(*) as TOTAL from "DEV_ENT_CURATED"."MASTER_DIMENSIONS"."DIM_JOBTYPE"where tenant_type='HORIZONSERVICES'
Table Count in Snowflake:: 595
Row Count of Table JOBTYPE is matched for RAW :: 595 DataMart :: 595 CURATED :: 595
Executing Snowflake query :: select count(*) as TOTAL from "DEV_ENT_RAW"."ST_HORIZONSERVICES_MATILLION"."LEAD"
Table Count in Snowflake:: 0
Executing Snowflake query ::  select count(*) as TOTAL from "CURATED_DATAMART"."ST_BKP_HORIZONSERVICES"."STR_LEAD"where ACTIVE_FLAG='Y'
Table Count in Snowflake:: 0
Executing Snowflake query ::  select count(*) as TOTAL from "DEV_ENT_CURATED"."MASTER_DIMENSIONS"."DIM_LEAD"where tenant_type='HORIZONSERVICES'
Table Count in Snowflake:: 0
Row Count of Table LEAD is matched for RAW :: 0 DataMart :: 0 CURATED :: 0
Executing Snowflake query :: select count(*) as TOTAL from "DEV_ENT_RAW"."ST_HORIZONSERVICES_MATILLION"."LOCATION"
Table Count in Snowflake:: 1091929
Executing Snowflake query ::  select count(*) as TOTAL from "CURATED_DATAMART"."ST_BKP_HORIZONSERVICES"."STR_LOCATION"where ACTIVE_FLAG='Y'
Table Count in Snowflake:: 1091929
Executing Snowflake query ::  select count(*) as TOTAL from "DEV_ENT_CURATED"."MASTER_DIMENSIONS"."DIM_LOCATION"where tenant_type='HORIZONSERVICES'
Table Count in Snowflake:: 1091929
Row Count of Table LOCATION is matched for RAW :: 1091929 DataMart :: 1091929 CURATED :: 1091929
Executing Snowflake query :: select count(*) as TOTAL from "DEV_ENT_RAW"."ST_HORIZONSERVICES_MATILLION"."OPPORTUNITY"
Table Count in Snowflake:: 3880860
Executing Snowflake query ::  select count(*) as TOTAL from "CURATED_DATAMART"."ST_BKP_HORIZONSERVICES"."STR_OPPORTUNITY"where ACTIVE_FLAG='Y'
Table Count in Snowflake:: 3880860
Executing Snowflake query ::  select count(*) as TOTAL from "DEV_ENT_CURATED"."MASTER_DIMENSIONS"."DIM_OPPORTUNITY"where tenant_type='HORIZONSERVICES'
Table Count in Snowflake:: 3880860
Row Count of Table OPPORTUNITY is matched for RAW :: 3880860 DataMart :: 3880860 CURATED :: 3880860
Executing Snowflake query :: select count(*) as TOTAL from "DEV_ENT_RAW"."ST_HORIZONSERVICES_MATILLION"."OVERTIMEPROFILE"
Table Count in Snowflake:: 6
Executing Snowflake query ::  select count(*) as TOTAL from "CURATED_DATAMART"."ST_BKP_HORIZONSERVICES"."STR_OVERTIMEPROFILE"where ACTIVE_FLAG='Y'
Table Count in Snowflake:: 6
Executing Snowflake query ::  select count(*) as TOTAL from "DEV_ENT_CURATED"."MASTER_DIMENSIONS"."DIM_OVERTIMEPROFILE"where tenant_type='HORIZONSERVICES'
Table Count in Snowflake:: 6
Row Count of Table OVERTIMEPROFILE is matched for RAW :: 6 DataMart :: 6 CURATED :: 6
Executing Snowflake query :: select count(*) as TOTAL from "DEV_ENT_RAW"."ST_HORIZONSERVICES_MATILLION"."PAYMENTTERM"
Table Count in Snowflake:: 1
Executing Snowflake query ::  select count(*) as TOTAL from "CURATED_DATAMART"."ST_BKP_HORIZONSERVICES"."STR_PAYMENTTERM"where ACTIVE_FLAG='Y'
Table Count in Snowflake:: 1
Executing Snowflake query ::  select count(*) as TOTAL from "DEV_ENT_CURATED"."MASTER_DIMENSIONS"."DIM_PAYMENTTERM"where tenant_type='HORIZONSERVICES'
Table Count in Snowflake:: 1
Row Count of Table PAYMENTTERM is matched for RAW :: 1 DataMart :: 1 CURATED :: 1
Executing Snowflake query :: select count(*) as TOTAL from "DEV_ENT_RAW"."ST_HORIZONSERVICES_MATILLION"."PAYROLLPROFILE"
Table Count in Snowflake:: 1
Executing Snowflake query ::  select count(*) as TOTAL from "CURATED_DATAMART"."ST_BKP_HORIZONSERVICES"."STR_PAYROLLPROFILE"where ACTIVE_FLAG='Y'
Table Count in Snowflake:: 1
Executing Snowflake query ::  select count(*) as TOTAL from "DEV_ENT_CURATED"."MASTER_DIMENSIONS"."DIM_PAYROLLPROFILE"where tenant_type='HORIZONSERVICES'
Table Count in Snowflake:: 1
Row Count of Table PAYROLLPROFILE is matched for RAW :: 1 DataMart :: 1 CURATED :: 1
Executing Snowflake query :: select count(*) as TOTAL from "DEV_ENT_RAW"."ST_HORIZONSERVICES_MATILLION"."PROJECT"
Table Count in Snowflake:: 153582
Executing Snowflake query ::  select count(*) as TOTAL from "CURATED_DATAMART"."ST_BKP_HORIZONSERVICES"."STR_PROJECT"where ACTIVE_FLAG='Y'
Table Count in Snowflake:: 153582
Executing Snowflake query ::  select count(*) as TOTAL from "DEV_ENT_CURATED"."MASTER_DIMENSIONS"."DIM_PROJECT"where tenant_type='HORIZONSERVICES'
Table Count in Snowflake:: 153582
Row Count of Table PROJECT is matched for RAW :: 153582 DataMart :: 153582 CURATED :: 153582
Executing Snowflake query :: select count(*) as TOTAL from "DEV_ENT_RAW"."ST_HORIZONSERVICES_MATILLION"."TAG"
Table Count in Snowflake:: 6120316
Executing Snowflake query ::  select count(*) as TOTAL from "CURATED_DATAMART"."ST_BKP_HORIZONSERVICES"."STR_TAG"where ACTIVE_FLAG='Y'
Table Count in Snowflake:: 6120316
Executing Snowflake query ::  select count(*) as TOTAL from "DEV_ENT_CURATED"."MASTER_DIMENSIONS"."DIM_TAG"where tenant_type='HORIZONSERVICES'
Table Count in Snowflake:: 6120316
Row Count of Table TAG is matched for RAW :: 6120316 DataMart :: 6120316 CURATED :: 6120316
Executing Snowflake query :: select count(*) as TOTAL from "DEV_ENT_RAW"."ST_HORIZONSERVICES_MATILLION"."TAGTYPE"
Table Count in Snowflake:: 807
Executing Snowflake query ::  select count(*) as TOTAL from "CURATED_DATAMART"."ST_BKP_HORIZONSERVICES"."STR_TAGTYPE"where ACTIVE_FLAG='Y'
Table Count in Snowflake:: 807
Executing Snowflake query ::  select count(*) as TOTAL from "DEV_ENT_CURATED"."MASTER_DIMENSIONS"."DIM_TAGTYPE"where tenant_type='HORIZONSERVICES'
Table Count in Snowflake:: 807
Row Count of Table TAGTYPE is matched for RAW :: 807 DataMart :: 807 CURATED :: 807
Executing Snowflake query :: select count(*) as TOTAL from "DEV_ENT_RAW"."ST_HORIZONSERVICES_MATILLION"."TAXZONE"
Table Count in Snowflake:: 6
Executing Snowflake query ::  select count(*) as TOTAL from "CURATED_DATAMART"."ST_BKP_HORIZONSERVICES"."STR_TAXZONE"where ACTIVE_FLAG='Y'
Table Count in Snowflake:: 6
Executing Snowflake query ::  select count(*) as TOTAL from "DEV_ENT_CURATED"."MASTER_DIMENSIONS"."DIM_TAXZONE"where tenant_type='HORIZONSERVICES'
Table Count in Snowflake:: 6
Row Count of Table TAXZONE is matched for RAW :: 6 DataMart :: 6 CURATED :: 6
Executing Snowflake query :: select count(*) as TOTAL from "DEV_ENT_RAW"."ST_HORIZONSERVICES_MATILLION"."TECHNICIAN"
Table Count in Snowflake:: 4915
Executing Snowflake query ::  select count(*) as TOTAL from "CURATED_DATAMART"."ST_BKP_HORIZONSERVICES"."STR_TECHNICIAN"where ACTIVE_FLAG='Y'
Table Count in Snowflake:: 4915
Executing Snowflake query ::  select count(*) as TOTAL from "DEV_ENT_CURATED"."MASTER_DIMENSIONS"."DIM_TECHNICIAN"where tenant_type='HORIZONSERVICES'
Table Count in Snowflake:: 4915
Row Count of Table TECHNICIAN is matched for RAW :: 4915 DataMart :: 4915 CURATED :: 4915
Executing Snowflake query :: select count(*) as TOTAL from "DEV_ENT_RAW"."ST_HORIZONSERVICES_MATILLION"."TRADE"
Table Count in Snowflake:: 13
Executing Snowflake query ::  select count(*) as TOTAL from "CURATED_DATAMART"."ST_BKP_HORIZONSERVICES"."STR_TRADE"where ACTIVE_FLAG='Y'
Table Count in Snowflake:: 13
Executing Snowflake query ::  select count(*) as TOTAL from "DEV_ENT_CURATED"."MASTER_DIMENSIONS"."DIM_TRADE"where tenant_type='HORIZONSERVICES'
Table Count in Snowflake:: 13
Row Count of Table TRADE is matched for RAW :: 13 DataMart :: 13 CURATED :: 13
Executing Snowflake query :: select count(*) as TOTAL from "DEV_ENT_RAW"."ST_HORIZONSERVICES_MATILLION"."TRUCK"
Table Count in Snowflake:: 678
Executing Snowflake query ::  select count(*) as TOTAL from "CURATED_DATAMART"."ST_BKP_HORIZONSERVICES"."STR_TRUCK"where ACTIVE_FLAG='Y'
Table Count in Snowflake:: 678
Executing Snowflake query ::  select count(*) as TOTAL from "DEV_ENT_CURATED"."MASTER_DIMENSIONS"."DIM_TRUCK"where tenant_type='HORIZONSERVICES'
Table Count in Snowflake:: 678
Row Count of Table TRUCK is matched for RAW :: 678 DataMart :: 678 CURATED :: 678
Executing Snowflake query :: select count(*) as TOTAL from "DEV_ENT_RAW"."ST_HORIZONSERVICES_MATILLION"."ZONE"
Table Count in Snowflake:: 128
Executing Snowflake query ::  select count(*) as TOTAL from "CURATED_DATAMART"."ST_BKP_HORIZONSERVICES"."STR_ZONE"where ACTIVE_FLAG='Y'
Table Count in Snowflake:: 128
Executing Snowflake query ::  select count(*) as TOTAL from "DEV_ENT_CURATED"."MASTER_DIMENSIONS"."DIM_ZONE"where tenant_type='HORIZONSERVICES'
Table Count in Snowflake:: 128
Row Count of Table ZONE is matched for RAW :: 128 DataMart :: 128 CURATED :: 128
Executing Snowflake query :: select count(*) as TOTAL from "DEV_ENT_RAW"."ST_HORIZONSERVICES_MATILLION"."TECHNICIANPAYROLL"
Table Count in Snowflake:: 54516
Executing Snowflake query ::  select count(*) as TOTAL from "CURATED_DATAMART"."ST_BKP_HORIZONSERVICES"."STR_TECHNICIANPAYROLL"where ACTIVE_FLAG='Y'
Table Count in Snowflake:: 54516
Executing Snowflake query ::  select count(*) as TOTAL from "DEV_ENT_CURATED"."MASTER_DIMENSIONS"."DIM_TECHNICIANPAYROLL"where tenant_type='HORIZONSERVICES'
Table Count in Snowflake:: 54516
Row Count of Table TECHNICIANPAYROLL is matched for RAW :: 54516 DataMart :: 54516 CURATED :: 54516
Executing Snowflake query :: select count(*) as TOTAL from "DEV_ENT_RAW"."ST_HORIZONSERVICES_MATILLION"."TECHNICIANPAYROLLADJUSTMENT"
Table Count in Snowflake:: 217744
Executing Snowflake query ::  select count(*) as TOTAL from "CURATED_DATAMART"."ST_BKP_HORIZONSERVICES"."STR_TECHNICIANPAYROLLADJUSTMENT"where ACTIVE_FLAG='Y'
Table Count in Snowflake:: 217748
Executing Snowflake query ::  select count(*) as TOTAL from "DEV_ENT_CURATED"."MASTER_DIMENSIONS"."DIM_TECHNICIANPAYROLLADJUSTMENT"where tenant_type='HORIZONSERVICES'
Table Count in Snowflake:: 217748
Row Count of Table TECHNICIANPAYROLLADJUSTMENT is matched for RAW :: 217744 DataMart :: 217748 CURATED :: 217748
Executing Snowflake query :: select count(*) as TOTAL from "DEV_ENT_RAW"."ST_HORIZONSERVICES_MATILLION"."TECHNICIANATTACHEDPROPERTY"
Table Count in Snowflake:: 7135
Executing Snowflake query ::  select count(*) as TOTAL from "CURATED_DATAMART"."ST_BKP_HORIZONSERVICES"."STR_TECHNICIANATTACHEDPROPERTY"where ACTIVE_FLAG='Y'
Table Count in Snowflake:: 7135
Executing Snowflake query ::  select count(*) as TOTAL from "DEV_ENT_CURATED"."MASTER_DIMENSIONS"."DIM_TECHNICIANATTACHEDPROPERTY"where tenant_type='HORIZONSERVICES'
Table Count in Snowflake:: 7135
Row Count of Table TECHNICIANATTACHEDPROPERTY is matched for RAW :: 7135 DataMart :: 7135 CURATED :: 7135
Executing Snowflake query :: select count(*) as TOTAL from "DEV_ENT_RAW"."ST_MAITZ_MATILLION"."BATCH"
Table Count in Snowflake:: 2631
Executing Snowflake query ::  select count(*) as TOTAL from "CURATED_DATAMART"."ST_BKP_MAITZ"."STR_BATCH"where ACTIVE_FLAG='Y'
Table Count in Snowflake:: 2631
Executing Snowflake query ::  select count(*) as TOTAL from "DEV_ENT_CURATED"."MASTER_DIMENSIONS"."FACT_BATCH"where tenant_type='MAITZ'
Table Count in Snowflake:: 2631
Row Count of Table BATCH is matched for RAW :: 2631 DataMart :: 2631 CURATED :: 2631
Executing Snowflake query :: select count(*) as TOTAL from "DEV_ENT_RAW"."ST_MAITZ_MATILLION"."BUSINESSUNIT"
Table Count in Snowflake:: 9
Executing Snowflake query ::  select count(*) as TOTAL from "CURATED_DATAMART"."ST_BKP_MAITZ"."STR_BUSINESSUNIT"where ACTIVE_FLAG='Y'
Table Count in Snowflake:: 9
Executing Snowflake query ::  select count(*) as TOTAL from "DEV_ENT_CURATED"."MASTER_DIMENSIONS"."DIM_BUSINESSUNIT"where tenant_type='MAITZ'
Table Count in Snowflake:: 9
Row Count of Table BUSINESSUNIT is matched for RAW :: 9 DataMart :: 9 CURATED :: 9
Executing Snowflake query :: select count(*) as TOTAL from "DEV_ENT_RAW"."ST_MAITZ_MATILLION"."CAMPAIGN"
Table Count in Snowflake:: 43
Executing Snowflake query ::  select count(*) as TOTAL from "CURATED_DATAMART"."ST_BKP_MAITZ"."STR_CAMPAIGN"where ACTIVE_FLAG='Y'
Table Count in Snowflake:: 43
Executing Snowflake query ::  select count(*) as TOTAL from "DEV_ENT_CURATED"."MASTER_DIMENSIONS"."DIM_CAMPAIGN"where tenant_type='MAITZ'
Table Count in Snowflake:: 43
Row Count of Table CAMPAIGN is matched for RAW :: 43 DataMart :: 43 CURATED :: 43
Executing Snowflake query :: select count(*) as TOTAL from "DEV_ENT_RAW"."ST_MAITZ_MATILLION"."CANCELJOBREASON"
Table Count in Snowflake:: 20
Executing Snowflake query ::  select count(*) as TOTAL from "CURATED_DATAMART"."ST_BKP_MAITZ"."STR_CANCELJOBREASON"where ACTIVE_FLAG='Y'
Table Count in Snowflake:: 20
Executing Snowflake query ::  select count(*) as TOTAL from "DEV_ENT_CURATED"."MASTER_DIMENSIONS"."DIM_CANCELJOBREASON"where tenant_type='MAITZ'
Table Count in Snowflake:: 20
Row Count of Table CANCELJOBREASON is matched for RAW :: 20 DataMart :: 20 CURATED :: 20
Executing Snowflake query :: select count(*) as TOTAL from "DEV_ENT_RAW"."ST_MAITZ_MATILLION"."COUNTERSALESLOCATION"
Table Count in Snowflake:: 0
Executing Snowflake query ::  select count(*) as TOTAL from "CURATED_DATAMART"."ST_BKP_MAITZ"."STR_COUNTERSALESLOCATION"where ACTIVE_FLAG='Y'
Table Count in Snowflake:: 0
Executing Snowflake query ::  select count(*) as TOTAL from "DEV_ENT_CURATED"."MASTER_DIMENSIONS"."DIM_COUNTERSALESLOCATION"where tenant_type='MAITZ'
Table Count in Snowflake:: 0
Row Count of Table COUNTERSALESLOCATION is matched for RAW :: 0 DataMart :: 0 CURATED :: 0
Executing Snowflake query :: select count(*) as TOTAL from "DEV_ENT_RAW"."ST_MAITZ_MATILLION"."CUSTOMER"
Table Count in Snowflake:: 60172
Executing Snowflake query ::  select count(*) as TOTAL from "CURATED_DATAMART"."ST_BKP_MAITZ"."STR_CUSTOMER"where ACTIVE_FLAG='Y'
Table Count in Snowflake:: 60172
Executing Snowflake query ::  select count(*) as TOTAL from "DEV_ENT_CURATED"."MASTER_DIMENSIONS"."DIM_CUSTOMER"where tenant_type='MAITZ'
Table Count in Snowflake:: 60172
Row Count of Table CUSTOMER is matched for RAW :: 60172 DataMart :: 60172 CURATED :: 60172
Executing Snowflake query :: select count(*) as TOTAL from "DEV_ENT_RAW"."ST_MAITZ_MATILLION"."CUSTOMFIELD"
Table Count in Snowflake:: 22276
Executing Snowflake query ::  select count(*) as TOTAL from "CURATED_DATAMART"."ST_BKP_MAITZ"."STR_CUSTOMFIELD"where ACTIVE_FLAG='Y'
Table Count in Snowflake:: 22276
Executing Snowflake query ::  select count(*) as TOTAL from "DEV_ENT_CURATED"."MASTER_DIMENSIONS"."FACT_CUSTOMFIELD"where tenant_type='MAITZ'
Table Count in Snowflake:: 22276
Row Count of Table CUSTOMFIELD is matched for RAW :: 22276 DataMart :: 22276 CURATED :: 22276
Executing Snowflake query :: select count(*) as TOTAL from "DEV_ENT_RAW"."ST_MAITZ_MATILLION"."DIVISION"
Table Count in Snowflake:: 5
Executing Snowflake query ::  select count(*) as TOTAL from "CURATED_DATAMART"."ST_BKP_MAITZ"."STR_DIVISION"where ACTIVE_FLAG='Y'
Table Count in Snowflake:: 5
Executing Snowflake query ::  select count(*) as TOTAL from "DEV_ENT_CURATED"."MASTER_DIMENSIONS"."DIM_DIVISION"where tenant_type='MAITZ'
Table Count in Snowflake:: 5
Row Count of Table DIVISION is matched for RAW :: 5 DataMart :: 5 CURATED :: 5
Executing Snowflake query :: select count(*) as TOTAL from "DEV_ENT_RAW"."ST_MAITZ_MATILLION"."INVOICE"
Table Count in Snowflake:: 238368
Executing Snowflake query ::  select count(*) as TOTAL from "CURATED_DATAMART"."ST_BKP_MAITZ"."STR_INVOICE"where ACTIVE_FLAG='Y'
Table Count in Snowflake:: 238368
Executing Snowflake query ::  select count(*) as TOTAL from "DEV_ENT_CURATED"."MASTER_DIMENSIONS"."FACT_INVOICE"where tenant_type='MAITZ'
Table Count in Snowflake:: 238368
Row Count of Table INVOICE is matched for RAW :: 238368 DataMart :: 238368 CURATED :: 238368
Executing Snowflake query :: select count(*) as TOTAL from "DEV_ENT_RAW"."ST_MAITZ_MATILLION"."JOB"
Table Count in Snowflake:: 226766
Executing Snowflake query ::  select count(*) as TOTAL from "CURATED_DATAMART"."ST_BKP_MAITZ"."STR_JOB"where ACTIVE_FLAG='Y'
Table Count in Snowflake:: 226766
Executing Snowflake query ::  select count(*) as TOTAL from "DEV_ENT_CURATED"."MASTER_DIMENSIONS"."DIM_JOB"where tenant_type='MAITZ'
Table Count in Snowflake:: 226766
Row Count of Table JOB is matched for RAW :: 226766 DataMart :: 226766 CURATED :: 226766
Executing Snowflake query :: select count(*) as TOTAL from "DEV_ENT_RAW"."ST_MAITZ_MATILLION"."JOBAPPOINTMENT"
Table Count in Snowflake:: 226784
Executing Snowflake query ::  select count(*) as TOTAL from "CURATED_DATAMART"."ST_BKP_MAITZ"."STR_JOBAPPOINTMENT"where ACTIVE_FLAG='Y'
Table Count in Snowflake:: 226784
Executing Snowflake query ::  select count(*) as TOTAL from "DEV_ENT_CURATED"."MASTER_DIMENSIONS"."DIM_JOBAPPOINTMENT"where tenant_type='MAITZ'
Table Count in Snowflake:: 226784
Row Count of Table JOBAPPOINTMENT is matched for RAW :: 226784 DataMart :: 226784 CURATED :: 226784
Executing Snowflake query :: select count(*) as TOTAL from "DEV_ENT_RAW"."ST_MAITZ_MATILLION"."JOBAPPOINTMENTASSIGNMENT"
Table Count in Snowflake:: 234419
Executing Snowflake query ::  select count(*) as TOTAL from "CURATED_DATAMART"."ST_BKP_MAITZ"."STR_JOBAPPOINTMENTASSIGNMENT"where ACTIVE_FLAG='Y'
Table Count in Snowflake:: 234300
Executing Snowflake query ::  select count(*) as TOTAL from "DEV_ENT_CURATED"."MASTER_DIMENSIONS"."DIM_JOBAPPOINTMENTASSIGNMENT"where tenant_type='MAITZ'
Table Count in Snowflake:: 234300
Row Count of Table JOBAPPOINTMENTASSIGNMENT is not matched for RAW :: 234419 DataMart :: 234300 CURATED :: 234300
Executing Snowflake query :: select count(*) as TOTAL from "DEV_ENT_RAW"."ST_MAITZ_MATILLION"."JOBASSIGNMENT"
Table Count in Snowflake:: 234404
Executing Snowflake query ::  select count(*) as TOTAL from "CURATED_DATAMART"."ST_BKP_MAITZ"."STR_JOBASSIGNMENT"where ACTIVE_FLAG='Y'
Table Count in Snowflake:: 234404
Executing Snowflake query ::  select count(*) as TOTAL from "DEV_ENT_CURATED"."MASTER_DIMENSIONS"."DIM_JOBASSIGNMENT"where tenant_type='MAITZ'
Table Count in Snowflake:: 234404
Row Count of Table JOBASSIGNMENT is matched for RAW :: 234404 DataMart :: 234404 CURATED :: 234404
Executing Snowflake query :: select count(*) as TOTAL from "DEV_ENT_RAW"."ST_MAITZ_MATILLION"."JOBCANCELEDLOG"
Table Count in Snowflake:: 2081
Executing Snowflake query ::  select count(*) as TOTAL from "CURATED_DATAMART"."ST_BKP_MAITZ"."STR_JOBCANCELEDLOG"where ACTIVE_FLAG='Y'
Table Count in Snowflake:: 2081
Executing Snowflake query ::  select count(*) as TOTAL from "DEV_ENT_CURATED"."MASTER_DIMENSIONS"."DIM_JOBCANCELEDLOG"where tenant_type='MAITZ'
Table Count in Snowflake:: 2081
Row Count of Table JOBCANCELEDLOG is matched for RAW :: 2081 DataMart :: 2081 CURATED :: 2081
Executing Snowflake query :: select count(*) as TOTAL from "DEV_ENT_RAW"."ST_MAITZ_MATILLION"."JOBTYPE"
Table Count in Snowflake:: 245
Executing Snowflake query ::  select count(*) as TOTAL from "CURATED_DATAMART"."ST_BKP_MAITZ"."STR_JOBTYPE"where ACTIVE_FLAG='Y'
Table Count in Snowflake:: 245
Executing Snowflake query ::  select count(*) as TOTAL from "DEV_ENT_CURATED"."MASTER_DIMENSIONS"."DIM_JOBTYPE"where tenant_type='MAITZ'
Table Count in Snowflake:: 245
Row Count of Table JOBTYPE is matched for RAW :: 245 DataMart :: 245 CURATED :: 245
Executing Snowflake query :: select count(*) as TOTAL from "DEV_ENT_RAW"."ST_MAITZ_MATILLION"."LEAD"
Table Count in Snowflake:: 0
Executing Snowflake query ::  select count(*) as TOTAL from "CURATED_DATAMART"."ST_BKP_MAITZ"."STR_LEAD"where ACTIVE_FLAG='Y'
Table Count in Snowflake:: 0
Executing Snowflake query ::  select count(*) as TOTAL from "DEV_ENT_CURATED"."MASTER_DIMENSIONS"."DIM_LEAD"where tenant_type='MAITZ'
Table Count in Snowflake:: 0
Row Count of Table LEAD is matched for RAW :: 0 DataMart :: 0 CURATED :: 0
Executing Snowflake query :: select count(*) as TOTAL from "DEV_ENT_RAW"."ST_MAITZ_MATILLION"."LOCATION"
Table Count in Snowflake:: 62058
Executing Snowflake query ::  select count(*) as TOTAL from "CURATED_DATAMART"."ST_BKP_MAITZ"."STR_LOCATION"where ACTIVE_FLAG='Y'
Table Count in Snowflake:: 62058
Executing Snowflake query ::  select count(*) as TOTAL from "DEV_ENT_CURATED"."MASTER_DIMENSIONS"."DIM_LOCATION"where tenant_type='MAITZ'
Table Count in Snowflake:: 62058
Row Count of Table LOCATION is matched for RAW :: 62058 DataMart :: 62058 CURATED :: 62058
Executing Snowflake query :: select count(*) as TOTAL from "DEV_ENT_RAW"."ST_MAITZ_MATILLION"."OPPORTUNITY"
Table Count in Snowflake:: 226766
Executing Snowflake query ::  select count(*) as TOTAL from "CURATED_DATAMART"."ST_BKP_MAITZ"."STR_OPPORTUNITY"where ACTIVE_FLAG='Y'
Table Count in Snowflake:: 226766
Executing Snowflake query ::  select count(*) as TOTAL from "DEV_ENT_CURATED"."MASTER_DIMENSIONS"."DIM_OPPORTUNITY"where tenant_type='MAITZ'
Table Count in Snowflake:: 226766
Row Count of Table OPPORTUNITY is matched for RAW :: 226766 DataMart :: 226766 CURATED :: 226766
Executing Snowflake query :: select count(*) as TOTAL from "DEV_ENT_RAW"."ST_MAITZ_MATILLION"."OVERTIMEPROFILE"
Table Count in Snowflake:: 6
Executing Snowflake query ::  select count(*) as TOTAL from "CURATED_DATAMART"."ST_BKP_MAITZ"."STR_OVERTIMEPROFILE"where ACTIVE_FLAG='Y'
Table Count in Snowflake:: 6
Executing Snowflake query ::  select count(*) as TOTAL from "DEV_ENT_CURATED"."MASTER_DIMENSIONS"."DIM_OVERTIMEPROFILE"where tenant_type='MAITZ'
Table Count in Snowflake:: 6
Row Count of Table OVERTIMEPROFILE is matched for RAW :: 6 DataMart :: 6 CURATED :: 6
Executing Snowflake query :: select count(*) as TOTAL from "DEV_ENT_RAW"."ST_MAITZ_MATILLION"."PAYMENTTERM"
Table Count in Snowflake:: 1
Executing Snowflake query ::  select count(*) as TOTAL from "CURATED_DATAMART"."ST_BKP_MAITZ"."STR_PAYMENTTERM"where ACTIVE_FLAG='Y'
Table Count in Snowflake:: 1
Executing Snowflake query ::  select count(*) as TOTAL from "DEV_ENT_CURATED"."MASTER_DIMENSIONS"."DIM_PAYMENTTERM"where tenant_type='MAITZ'
Table Count in Snowflake:: 1
Row Count of Table PAYMENTTERM is matched for RAW :: 1 DataMart :: 1 CURATED :: 1
Executing Snowflake query :: select count(*) as TOTAL from "DEV_ENT_RAW"."ST_MAITZ_MATILLION"."PAYROLLPROFILE"
Table Count in Snowflake:: 1
Executing Snowflake query ::  select count(*) as TOTAL from "CURATED_DATAMART"."ST_BKP_MAITZ"."STR_PAYROLLPROFILE"where ACTIVE_FLAG='Y'
Table Count in Snowflake:: 1
Executing Snowflake query ::  select count(*) as TOTAL from "DEV_ENT_CURATED"."MASTER_DIMENSIONS"."DIM_PAYROLLPROFILE"where tenant_type='MAITZ'
Table Count in Snowflake:: 1
Row Count of Table PAYROLLPROFILE is matched for RAW :: 1 DataMart :: 1 CURATED :: 1
Executing Snowflake query :: select count(*) as TOTAL from "DEV_ENT_RAW"."ST_MAITZ_MATILLION"."PROJECT"
Table Count in Snowflake:: 2043
Executing Snowflake query ::  select count(*) as TOTAL from "CURATED_DATAMART"."ST_BKP_MAITZ"."STR_PROJECT"where ACTIVE_FLAG='Y'
Table Count in Snowflake:: 2043
Executing Snowflake query ::  select count(*) as TOTAL from "DEV_ENT_CURATED"."MASTER_DIMENSIONS"."DIM_PROJECT"where tenant_type='MAITZ'
Table Count in Snowflake:: 2043
Row Count of Table PROJECT is matched for RAW :: 2043 DataMart :: 2043 CURATED :: 2043
Executing Snowflake query :: select count(*) as TOTAL from "DEV_ENT_RAW"."ST_MAITZ_MATILLION"."TAG"
Table Count in Snowflake:: 35982
Executing Snowflake query ::  select count(*) as TOTAL from "CURATED_DATAMART"."ST_BKP_MAITZ"."STR_TAG"where ACTIVE_FLAG='Y'
Table Count in Snowflake:: 35982
Executing Snowflake query ::  select count(*) as TOTAL from "DEV_ENT_CURATED"."MASTER_DIMENSIONS"."DIM_TAG"where tenant_type='MAITZ'
Table Count in Snowflake:: 35982
Row Count of Table TAG is matched for RAW :: 35982 DataMart :: 35982 CURATED :: 35982
Executing Snowflake query :: select count(*) as TOTAL from "DEV_ENT_RAW"."ST_MAITZ_MATILLION"."TAGTYPE"
Table Count in Snowflake:: 430
Executing Snowflake query ::  select count(*) as TOTAL from "CURATED_DATAMART"."ST_BKP_MAITZ"."STR_TAGTYPE"where ACTIVE_FLAG='Y'
Table Count in Snowflake:: 430
Executing Snowflake query ::  select count(*) as TOTAL from "DEV_ENT_CURATED"."MASTER_DIMENSIONS"."DIM_TAGTYPE"where tenant_type='MAITZ'
Table Count in Snowflake:: 430
Row Count of Table TAGTYPE is matched for RAW :: 430 DataMart :: 430 CURATED :: 430
Executing Snowflake query :: select count(*) as TOTAL from "DEV_ENT_RAW"."ST_MAITZ_MATILLION"."TAXZONE"
Table Count in Snowflake:: 0
Executing Snowflake query ::  select count(*) as TOTAL from "CURATED_DATAMART"."ST_BKP_MAITZ"."STR_TAXZONE"where ACTIVE_FLAG='Y'
Table Count in Snowflake:: 0
Executing Snowflake query ::  select count(*) as TOTAL from "DEV_ENT_CURATED"."MASTER_DIMENSIONS"."DIM_TAXZONE"where tenant_type='MAITZ'
Table Count in Snowflake:: 0
Row Count of Table TAXZONE is matched for RAW :: 0 DataMart :: 0 CURATED :: 0
Executing Snowflake query :: select count(*) as TOTAL from "DEV_ENT_RAW"."ST_MAITZ_MATILLION"."TECHNICIAN"
Table Count in Snowflake:: 217
Executing Snowflake query ::  select count(*) as TOTAL from "CURATED_DATAMART"."ST_BKP_MAITZ"."STR_TECHNICIAN"where ACTIVE_FLAG='Y'
Table Count in Snowflake:: 217
Executing Snowflake query ::  select count(*) as TOTAL from "DEV_ENT_CURATED"."MASTER_DIMENSIONS"."DIM_TECHNICIAN"where tenant_type='MAITZ'
Table Count in Snowflake:: 217
Row Count of Table TECHNICIAN is matched for RAW :: 217 DataMart :: 217 CURATED :: 217
Executing Snowflake query :: select count(*) as TOTAL from "DEV_ENT_RAW"."ST_MAITZ_MATILLION"."TRADE"
Table Count in Snowflake:: 12
Executing Snowflake query ::  select count(*) as TOTAL from "CURATED_DATAMART"."ST_BKP_MAITZ"."STR_TRADE"where ACTIVE_FLAG='Y'
Table Count in Snowflake:: 12
Executing Snowflake query ::  select count(*) as TOTAL from "DEV_ENT_CURATED"."MASTER_DIMENSIONS"."DIM_TRADE"where tenant_type='MAITZ'
Table Count in Snowflake:: 12
Row Count of Table TRADE is matched for RAW :: 12 DataMart :: 12 CURATED :: 12
Executing Snowflake query :: select count(*) as TOTAL from "DEV_ENT_RAW"."ST_MAITZ_MATILLION"."TRUCK"
Table Count in Snowflake:: 47
Executing Snowflake query ::  select count(*) as TOTAL from "CURATED_DATAMART"."ST_BKP_MAITZ"."STR_TRUCK"where ACTIVE_FLAG='Y'
Table Count in Snowflake:: 47
Executing Snowflake query ::  select count(*) as TOTAL from "DEV_ENT_CURATED"."MASTER_DIMENSIONS"."DIM_TRUCK"where tenant_type='MAITZ'
Table Count in Snowflake:: 47
Row Count of Table TRUCK is matched for RAW :: 47 DataMart :: 47 CURATED :: 47
Executing Snowflake query :: select count(*) as TOTAL from "DEV_ENT_RAW"."ST_MAITZ_MATILLION"."ZONE"
Table Count in Snowflake:: 21
Executing Snowflake query ::  select count(*) as TOTAL from "CURATED_DATAMART"."ST_BKP_MAITZ"."STR_ZONE"where ACTIVE_FLAG='Y'
Table Count in Snowflake:: 21
Executing Snowflake query ::  select count(*) as TOTAL from "DEV_ENT_CURATED"."MASTER_DIMENSIONS"."DIM_ZONE"where tenant_type='MAITZ'
Table Count in Snowflake:: 21
Row Count of Table ZONE is matched for RAW :: 21 DataMart :: 21 CURATED :: 21
Executing Snowflake query :: select count(*) as TOTAL from "DEV_ENT_RAW"."ST_MAITZ_MATILLION"."TECHNICIANPAYROLL"
Table Count in Snowflake:: 1342
Executing Snowflake query ::  select count(*) as TOTAL from "CURATED_DATAMART"."ST_BKP_MAITZ"."STR_TECHNICIANPAYROLL"where ACTIVE_FLAG='Y'
Table Count in Snowflake:: 1342
Executing Snowflake query ::  select count(*) as TOTAL from "DEV_ENT_CURATED"."MASTER_DIMENSIONS"."DIM_TECHNICIANPAYROLL"where tenant_type='MAITZ'
Table Count in Snowflake:: 1342
Row Count of Table TECHNICIANPAYROLL is matched for RAW :: 1342 DataMart :: 1342 CURATED :: 1342
Executing Snowflake query :: select count(*) as TOTAL from "DEV_ENT_RAW"."ST_MAITZ_MATILLION"."TECHNICIANPAYROLLADJUSTMENT"
Table Count in Snowflake:: 0
Executing Snowflake query ::  select count(*) as TOTAL from "CURATED_DATAMART"."ST_BKP_MAITZ"."STR_TECHNICIANPAYROLLADJUSTMENT"where ACTIVE_FLAG='Y'
Table Count in Snowflake:: 0
Executing Snowflake query ::  select count(*) as TOTAL from "DEV_ENT_CURATED"."MASTER_DIMENSIONS"."DIM_TECHNICIANPAYROLLADJUSTMENT"where tenant_type='MAITZ'
Table Count in Snowflake:: 0
Row Count of Table TECHNICIANPAYROLLADJUSTMENT is matched for RAW :: 0 DataMart :: 0 CURATED :: 0
Executing Snowflake query :: select count(*) as TOTAL from "DEV_ENT_RAW"."ST_MAITZ_MATILLION"."TECHNICIANATTACHEDPROPERTY"
Table Count in Snowflake:: 330
Executing Snowflake query ::  select count(*) as TOTAL from "CURATED_DATAMART"."ST_BKP_MAITZ"."STR_TECHNICIANATTACHEDPROPERTY"where ACTIVE_FLAG='Y'
Table Count in Snowflake:: 330
Executing Snowflake query ::  select count(*) as TOTAL from "DEV_ENT_CURATED"."MASTER_DIMENSIONS"."DIM_TECHNICIANATTACHEDPROPERTY"where tenant_type='MAITZ'
Table Count in Snowflake:: 330
Row Count of Table TECHNICIANATTACHEDPROPERTY is matched for RAW :: 330 DataMart :: 330 CURATED :: 330
Executing Snowflake query :: select count(*) as TOTAL from "DEV_ENT_RAW"."ST_HUTCHINSON_MATILLION"."BATCH"
Table Count in Snowflake:: 4834
Executing Snowflake query ::  select count(*) as TOTAL from "CURATED_DATAMART"."ST_BKP_HUTCHINSON"."STR_BATCH"where ACTIVE_FLAG='Y'
Table Count in Snowflake:: 4834
Executing Snowflake query ::  select count(*) as TOTAL from "DEV_ENT_CURATED"."MASTER_DIMENSIONS"."FACT_BATCH"where tenant_type='HUTCHINSON'
Table Count in Snowflake:: 4834
Row Count of Table BATCH is matched for RAW :: 4834 DataMart :: 4834 CURATED :: 4834
Executing Snowflake query :: select count(*) as TOTAL from "DEV_ENT_RAW"."ST_HUTCHINSON_MATILLION"."BUSINESSUNIT"
Table Count in Snowflake:: 74
Executing Snowflake query ::  select count(*) as TOTAL from "CURATED_DATAMART"."ST_BKP_HUTCHINSON"."STR_BUSINESSUNIT"where ACTIVE_FLAG='Y'
Table Count in Snowflake:: 74
Executing Snowflake query ::  select count(*) as TOTAL from "DEV_ENT_CURATED"."MASTER_DIMENSIONS"."DIM_BUSINESSUNIT"where tenant_type='HUTCHINSON'
Table Count in Snowflake:: 74
Row Count of Table BUSINESSUNIT is matched for RAW :: 74 DataMart :: 74 CURATED :: 74
Executing Snowflake query :: select count(*) as TOTAL from "DEV_ENT_RAW"."ST_HUTCHINSON_MATILLION"."CAMPAIGN"
Table Count in Snowflake:: 253
Executing Snowflake query ::  select count(*) as TOTAL from "CURATED_DATAMART"."ST_BKP_HUTCHINSON"."STR_CAMPAIGN"where ACTIVE_FLAG='Y'
Table Count in Snowflake:: 253
Executing Snowflake query ::  select count(*) as TOTAL from "DEV_ENT_CURATED"."MASTER_DIMENSIONS"."DIM_CAMPAIGN"where tenant_type='HUTCHINSON'
Table Count in Snowflake:: 253
Row Count of Table CAMPAIGN is matched for RAW :: 253 DataMart :: 253 CURATED :: 253
Executing Snowflake query :: select count(*) as TOTAL from "DEV_ENT_RAW"."ST_HUTCHINSON_MATILLION"."CANCELJOBREASON"
Table Count in Snowflake:: 26
Executing Snowflake query ::  select count(*) as TOTAL from "CURATED_DATAMART"."ST_BKP_HUTCHINSON"."STR_CANCELJOBREASON"where ACTIVE_FLAG='Y'
Table Count in Snowflake:: 26
Executing Snowflake query ::  select count(*) as TOTAL from "DEV_ENT_CURATED"."MASTER_DIMENSIONS"."DIM_CANCELJOBREASON"where tenant_type='HUTCHINSON'
Table Count in Snowflake:: 26
Row Count of Table CANCELJOBREASON is matched for RAW :: 26 DataMart :: 26 CURATED :: 26
Executing Snowflake query :: select count(*) as TOTAL from "DEV_ENT_RAW"."ST_HUTCHINSON_MATILLION"."COUNTERSALESLOCATION"
Table Count in Snowflake:: 1
Executing Snowflake query ::  select count(*) as TOTAL from "CURATED_DATAMART"."ST_BKP_HUTCHINSON"."STR_COUNTERSALESLOCATION"where ACTIVE_FLAG='Y'
Table Count in Snowflake:: 1
Executing Snowflake query ::  select count(*) as TOTAL from "DEV_ENT_CURATED"."MASTER_DIMENSIONS"."DIM_COUNTERSALESLOCATION"where tenant_type='HUTCHINSON'
Table Count in Snowflake:: 1
Row Count of Table COUNTERSALESLOCATION is matched for RAW :: 1 DataMart :: 1 CURATED :: 1
Executing Snowflake query :: select count(*) as TOTAL from "DEV_ENT_RAW"."ST_HUTCHINSON_MATILLION"."CUSTOMER"
Table Count in Snowflake:: 162851
Executing Snowflake query ::  select count(*) as TOTAL from "CURATED_DATAMART"."ST_BKP_HUTCHINSON"."STR_CUSTOMER"where ACTIVE_FLAG='Y'
Table Count in Snowflake:: 162851
Executing Snowflake query ::  select count(*) as TOTAL from "DEV_ENT_CURATED"."MASTER_DIMENSIONS"."DIM_CUSTOMER"where tenant_type='HUTCHINSON'
Table Count in Snowflake:: 162851
Row Count of Table CUSTOMER is matched for RAW :: 162851 DataMart :: 162851 CURATED :: 162851
Executing Snowflake query :: select count(*) as TOTAL from "DEV_ENT_RAW"."ST_HUTCHINSON_MATILLION"."CUSTOMFIELD"
Table Count in Snowflake:: 396587
Executing Snowflake query ::  select count(*) as TOTAL from "CURATED_DATAMART"."ST_BKP_HUTCHINSON"."STR_CUSTOMFIELD"where ACTIVE_FLAG='Y'
Table Count in Snowflake:: 396587
Executing Snowflake query ::  select count(*) as TOTAL from "DEV_ENT_CURATED"."MASTER_DIMENSIONS"."FACT_CUSTOMFIELD"where tenant_type='HUTCHINSON'
Table Count in Snowflake:: 396587
Row Count of Table CUSTOMFIELD is matched for RAW :: 396587 DataMart :: 396587 CURATED :: 396587
Executing Snowflake query :: select count(*) as TOTAL from "DEV_ENT_RAW"."ST_HUTCHINSON_MATILLION"."DIVISION"
Table Count in Snowflake:: 4
Executing Snowflake query ::  select count(*) as TOTAL from "CURATED_DATAMART"."ST_BKP_HUTCHINSON"."STR_DIVISION"where ACTIVE_FLAG='Y'
Table Count in Snowflake:: 4
Executing Snowflake query ::  select count(*) as TOTAL from "DEV_ENT_CURATED"."MASTER_DIMENSIONS"."DIM_DIVISION"where tenant_type='HUTCHINSON'
Table Count in Snowflake:: 4
Row Count of Table DIVISION is matched for RAW :: 4 DataMart :: 4 CURATED :: 4
Executing Snowflake query :: select count(*) as TOTAL from "DEV_ENT_RAW"."ST_HUTCHINSON_MATILLION"."INVOICE"
Table Count in Snowflake:: 1436771
Executing Snowflake query ::  select count(*) as TOTAL from "CURATED_DATAMART"."ST_BKP_HUTCHINSON"."STR_INVOICE"where ACTIVE_FLAG='Y'
Table Count in Snowflake:: 1436771
Executing Snowflake query ::  select count(*) as TOTAL from "DEV_ENT_CURATED"."MASTER_DIMENSIONS"."FACT_INVOICE"where tenant_type='HUTCHINSON'
Table Count in Snowflake:: 1436771
Row Count of Table INVOICE is matched for RAW :: 1436771 DataMart :: 1436771 CURATED :: 1436771
Executing Snowflake query :: select count(*) as TOTAL from "DEV_ENT_RAW"."ST_HUTCHINSON_MATILLION"."JOB"
Table Count in Snowflake:: 1159594
Executing Snowflake query ::  select count(*) as TOTAL from "CURATED_DATAMART"."ST_BKP_HUTCHINSON"."STR_JOB"where ACTIVE_FLAG='Y'
Table Count in Snowflake:: 1159594
Executing Snowflake query ::  select count(*) as TOTAL from "DEV_ENT_CURATED"."MASTER_DIMENSIONS"."DIM_JOB"where tenant_type='HUTCHINSON'
Table Count in Snowflake:: 1159594
Row Count of Table JOB is matched for RAW :: 1159594 DataMart :: 1159594 CURATED :: 1159594
Executing Snowflake query :: select count(*) as TOTAL from "DEV_ENT_RAW"."ST_HUTCHINSON_MATILLION"."JOBAPPOINTMENT"
Table Count in Snowflake:: 1166039
Executing Snowflake query ::  select count(*) as TOTAL from "CURATED_DATAMART"."ST_BKP_HUTCHINSON"."STR_JOBAPPOINTMENT"where ACTIVE_FLAG='Y'
Table Count in Snowflake:: 1166039
Executing Snowflake query ::  select count(*) as TOTAL from "DEV_ENT_CURATED"."MASTER_DIMENSIONS"."DIM_JOBAPPOINTMENT"where tenant_type='HUTCHINSON'
Table Count in Snowflake:: 1166039
Row Count of Table JOBAPPOINTMENT is matched for RAW :: 1166039 DataMart :: 1166039 CURATED :: 1166039
Executing Snowflake query :: select count(*) as TOTAL from "DEV_ENT_RAW"."ST_HUTCHINSON_MATILLION"."JOBAPPOINTMENTASSIGNMENT"
Table Count in Snowflake:: 1127923
Executing Snowflake query ::  select count(*) as TOTAL from "CURATED_DATAMART"."ST_BKP_HUTCHINSON"."STR_JOBAPPOINTMENTASSIGNMENT"where ACTIVE_FLAG='Y'
Table Count in Snowflake:: 1127495
Executing Snowflake query ::  select count(*) as TOTAL from "DEV_ENT_CURATED"."MASTER_DIMENSIONS"."DIM_JOBAPPOINTMENTASSIGNMENT"where tenant_type='HUTCHINSON'
Table Count in Snowflake:: 1127495
Row Count of Table JOBAPPOINTMENTASSIGNMENT is not matched for RAW :: 1127923 DataMart :: 1127495 CURATED :: 1127495
Executing Snowflake query :: select count(*) as TOTAL from "DEV_ENT_RAW"."ST_HUTCHINSON_MATILLION"."JOBASSIGNMENT"
Table Count in Snowflake:: 1115400
Executing Snowflake query ::  select count(*) as TOTAL from "CURATED_DATAMART"."ST_BKP_HUTCHINSON"."STR_JOBASSIGNMENT"where ACTIVE_FLAG='Y'
Table Count in Snowflake:: 1115400
Executing Snowflake query ::  select count(*) as TOTAL from "DEV_ENT_CURATED"."MASTER_DIMENSIONS"."DIM_JOBASSIGNMENT"where tenant_type='HUTCHINSON'
Table Count in Snowflake:: 1115400
Row Count of Table JOBASSIGNMENT is matched for RAW :: 1115400 DataMart :: 1115400 CURATED :: 1115400
Executing Snowflake query :: select count(*) as TOTAL from "DEV_ENT_RAW"."ST_HUTCHINSON_MATILLION"."JOBCANCELEDLOG"
Table Count in Snowflake:: 7329
Executing Snowflake query ::  select count(*) as TOTAL from "CURATED_DATAMART"."ST_BKP_HUTCHINSON"."STR_JOBCANCELEDLOG"where ACTIVE_FLAG='Y'
Table Count in Snowflake:: 7329
Executing Snowflake query ::  select count(*) as TOTAL from "DEV_ENT_CURATED"."MASTER_DIMENSIONS"."DIM_JOBCANCELEDLOG"where tenant_type='HUTCHINSON'
Table Count in Snowflake:: 7329
Row Count of Table JOBCANCELEDLOG is matched for RAW :: 7329 DataMart :: 7329 CURATED :: 7329
Executing Snowflake query :: select count(*) as TOTAL from "DEV_ENT_RAW"."ST_HUTCHINSON_MATILLION"."JOBTYPE"
Table Count in Snowflake:: 991
Executing Snowflake query ::  select count(*) as TOTAL from "CURATED_DATAMART"."ST_BKP_HUTCHINSON"."STR_JOBTYPE"where ACTIVE_FLAG='Y'
Table Count in Snowflake:: 991
Executing Snowflake query ::  select count(*) as TOTAL from "DEV_ENT_CURATED"."MASTER_DIMENSIONS"."DIM_JOBTYPE"where tenant_type='HUTCHINSON'
Table Count in Snowflake:: 991
Row Count of Table JOBTYPE is matched for RAW :: 991 DataMart :: 991 CURATED :: 991
Executing Snowflake query :: select count(*) as TOTAL from "DEV_ENT_RAW"."ST_HUTCHINSON_MATILLION"."LEAD"
Table Count in Snowflake:: 0
Executing Snowflake query ::  select count(*) as TOTAL from "CURATED_DATAMART"."ST_BKP_HUTCHINSON"."STR_LEAD"where ACTIVE_FLAG='Y'
Table Count in Snowflake:: 0
Executing Snowflake query ::  select count(*) as TOTAL from "DEV_ENT_CURATED"."MASTER_DIMENSIONS"."DIM_LEAD"where tenant_type='HUTCHINSON'
Table Count in Snowflake:: 0
Row Count of Table LEAD is matched for RAW :: 0 DataMart :: 0 CURATED :: 0
Executing Snowflake query :: select count(*) as TOTAL from "DEV_ENT_RAW"."ST_HUTCHINSON_MATILLION"."LOCATION"
Table Count in Snowflake:: 171523
Executing Snowflake query ::  select count(*) as TOTAL from "CURATED_DATAMART"."ST_BKP_HUTCHINSON"."STR_LOCATION"where ACTIVE_FLAG='Y'
Table Count in Snowflake:: 171523
Executing Snowflake query ::  select count(*) as TOTAL from "DEV_ENT_CURATED"."MASTER_DIMENSIONS"."DIM_LOCATION"where tenant_type='HUTCHINSON'
Table Count in Snowflake:: 171523
Row Count of Table LOCATION is matched for RAW :: 171523 DataMart :: 171523 CURATED :: 171523
Executing Snowflake query :: select count(*) as TOTAL from "DEV_ENT_RAW"."ST_HUTCHINSON_MATILLION"."OPPORTUNITY"
Table Count in Snowflake:: 1159649
Executing Snowflake query ::  select count(*) as TOTAL from "CURATED_DATAMART"."ST_BKP_HUTCHINSON"."STR_OPPORTUNITY"where ACTIVE_FLAG='Y'
Table Count in Snowflake:: 1159649
Executing Snowflake query ::  select count(*) as TOTAL from "DEV_ENT_CURATED"."MASTER_DIMENSIONS"."DIM_OPPORTUNITY"where tenant_type='HUTCHINSON'
Table Count in Snowflake:: 1159649
Row Count of Table OPPORTUNITY is matched for RAW :: 1159649 DataMart :: 1159649 CURATED :: 1159649
Executing Snowflake query :: select count(*) as TOTAL from "DEV_ENT_RAW"."ST_HUTCHINSON_MATILLION"."OVERTIMEPROFILE"
Table Count in Snowflake:: 6
Executing Snowflake query ::  select count(*) as TOTAL from "CURATED_DATAMART"."ST_BKP_HUTCHINSON"."STR_OVERTIMEPROFILE"where ACTIVE_FLAG='Y'
Table Count in Snowflake:: 6
Executing Snowflake query ::  select count(*) as TOTAL from "DEV_ENT_CURATED"."MASTER_DIMENSIONS"."DIM_OVERTIMEPROFILE"where tenant_type='HUTCHINSON'
Table Count in Snowflake:: 6
Row Count of Table OVERTIMEPROFILE is matched for RAW :: 6 DataMart :: 6 CURATED :: 6
Executing Snowflake query :: select count(*) as TOTAL from "DEV_ENT_RAW"."ST_HUTCHINSON_MATILLION"."PAYMENTTERM"
Table Count in Snowflake:: 16
Executing Snowflake query ::  select count(*) as TOTAL from "CURATED_DATAMART"."ST_BKP_HUTCHINSON"."STR_PAYMENTTERM"where ACTIVE_FLAG='Y'
Table Count in Snowflake:: 16
Executing Snowflake query ::  select count(*) as TOTAL from "DEV_ENT_CURATED"."MASTER_DIMENSIONS"."DIM_PAYMENTTERM"where tenant_type='HUTCHINSON'
Table Count in Snowflake:: 16
Row Count of Table PAYMENTTERM is matched for RAW :: 16 DataMart :: 16 CURATED :: 16
Executing Snowflake query :: select count(*) as TOTAL from "DEV_ENT_RAW"."ST_HUTCHINSON_MATILLION"."PAYROLLPROFILE"
Table Count in Snowflake:: 1
Executing Snowflake query ::  select count(*) as TOTAL from "CURATED_DATAMART"."ST_BKP_HUTCHINSON"."STR_PAYROLLPROFILE"where ACTIVE_FLAG='Y'
Table Count in Snowflake:: 1
Executing Snowflake query ::  select count(*) as TOTAL from "DEV_ENT_CURATED"."MASTER_DIMENSIONS"."DIM_PAYROLLPROFILE"where tenant_type='HUTCHINSON'
Table Count in Snowflake:: 1
Row Count of Table PAYROLLPROFILE is matched for RAW :: 1 DataMart :: 1 CURATED :: 1
Executing Snowflake query :: select count(*) as TOTAL from "DEV_ENT_RAW"."ST_HUTCHINSON_MATILLION"."PROJECT"
Table Count in Snowflake:: 252727
Executing Snowflake query ::  select count(*) as TOTAL from "CURATED_DATAMART"."ST_BKP_HUTCHINSON"."STR_PROJECT"where ACTIVE_FLAG='Y'
Table Count in Snowflake:: 252727
Executing Snowflake query ::  select count(*) as TOTAL from "DEV_ENT_CURATED"."MASTER_DIMENSIONS"."DIM_PROJECT"where tenant_type='HUTCHINSON'
Table Count in Snowflake:: 252727
Row Count of Table PROJECT is matched for RAW :: 252727 DataMart :: 252727 CURATED :: 252727
Executing Snowflake query :: select count(*) as TOTAL from "DEV_ENT_RAW"."ST_HUTCHINSON_MATILLION"."TAG"
Table Count in Snowflake:: 543592
Executing Snowflake query ::  select count(*) as TOTAL from "CURATED_DATAMART"."ST_BKP_HUTCHINSON"."STR_TAG"where ACTIVE_FLAG='Y'
Table Count in Snowflake:: 543592
Executing Snowflake query ::  select count(*) as TOTAL from "DEV_ENT_CURATED"."MASTER_DIMENSIONS"."DIM_TAG"where tenant_type='HUTCHINSON'
Table Count in Snowflake:: 543592
Row Count of Table TAG is matched for RAW :: 543592 DataMart :: 543592 CURATED :: 543592
Executing Snowflake query :: select count(*) as TOTAL from "DEV_ENT_RAW"."ST_HUTCHINSON_MATILLION"."TAGTYPE"
Table Count in Snowflake:: 616
Executing Snowflake query ::  select count(*) as TOTAL from "CURATED_DATAMART"."ST_BKP_HUTCHINSON"."STR_TAGTYPE"where ACTIVE_FLAG='Y'
Table Count in Snowflake:: 616
Executing Snowflake query ::  select count(*) as TOTAL from "DEV_ENT_CURATED"."MASTER_DIMENSIONS"."DIM_TAGTYPE"where tenant_type='HUTCHINSON'
Table Count in Snowflake:: 616
Row Count of Table TAGTYPE is matched for RAW :: 616 DataMart :: 616 CURATED :: 616
Executing Snowflake query :: select count(*) as TOTAL from "DEV_ENT_RAW"."ST_HUTCHINSON_MATILLION"."TAXZONE"
Table Count in Snowflake:: 4
Executing Snowflake query ::  select count(*) as TOTAL from "CURATED_DATAMART"."ST_BKP_HUTCHINSON"."STR_TAXZONE"where ACTIVE_FLAG='Y'
Table Count in Snowflake:: 4
Executing Snowflake query ::  select count(*) as TOTAL from "DEV_ENT_CURATED"."MASTER_DIMENSIONS"."DIM_TAXZONE"where tenant_type='HUTCHINSON'
Table Count in Snowflake:: 4
Row Count of Table TAXZONE is matched for RAW :: 4 DataMart :: 4 CURATED :: 4
Executing Snowflake query :: select count(*) as TOTAL from "DEV_ENT_RAW"."ST_HUTCHINSON_MATILLION"."TECHNICIAN"
Table Count in Snowflake:: 998
Executing Snowflake query ::  select count(*) as TOTAL from "CURATED_DATAMART"."ST_BKP_HUTCHINSON"."STR_TECHNICIAN"where ACTIVE_FLAG='Y'
Table Count in Snowflake:: 998
Executing Snowflake query ::  select count(*) as TOTAL from "DEV_ENT_CURATED"."MASTER_DIMENSIONS"."DIM_TECHNICIAN"where tenant_type='HUTCHINSON'
Table Count in Snowflake:: 998
Row Count of Table TECHNICIAN is matched for RAW :: 998 DataMart :: 998 CURATED :: 998
Executing Snowflake query :: select count(*) as TOTAL from "DEV_ENT_RAW"."ST_HUTCHINSON_MATILLION"."TRADE"
Table Count in Snowflake:: 3
Executing Snowflake query ::  select count(*) as TOTAL from "CURATED_DATAMART"."ST_BKP_HUTCHINSON"."STR_TRADE"where ACTIVE_FLAG='Y'
Table Count in Snowflake:: 3
Executing Snowflake query ::  select count(*) as TOTAL from "DEV_ENT_CURATED"."MASTER_DIMENSIONS"."DIM_TRADE"where tenant_type='HUTCHINSON'
Table Count in Snowflake:: 3
Row Count of Table TRADE is matched for RAW :: 3 DataMart :: 3 CURATED :: 3
Executing Snowflake query :: select count(*) as TOTAL from "DEV_ENT_RAW"."ST_HUTCHINSON_MATILLION"."TRUCK"
Table Count in Snowflake:: 68
Executing Snowflake query ::  select count(*) as TOTAL from "CURATED_DATAMART"."ST_BKP_HUTCHINSON"."STR_TRUCK"where ACTIVE_FLAG='Y'
Table Count in Snowflake:: 68
Executing Snowflake query ::  select count(*) as TOTAL from "DEV_ENT_CURATED"."MASTER_DIMENSIONS"."DIM_TRUCK"where tenant_type='HUTCHINSON'
Table Count in Snowflake:: 68
Row Count of Table TRUCK is matched for RAW :: 68 DataMart :: 68 CURATED :: 68
Executing Snowflake query :: select count(*) as TOTAL from "DEV_ENT_RAW"."ST_HUTCHINSON_MATILLION"."ZONE"
Table Count in Snowflake:: 8
Executing Snowflake query ::  select count(*) as TOTAL from "CURATED_DATAMART"."ST_BKP_HUTCHINSON"."STR_ZONE"where ACTIVE_FLAG='Y'
Table Count in Snowflake:: 8
Executing Snowflake query ::  select count(*) as TOTAL from "DEV_ENT_CURATED"."MASTER_DIMENSIONS"."DIM_ZONE"where tenant_type='HUTCHINSON'
Table Count in Snowflake:: 8
Row Count of Table ZONE is matched for RAW :: 8 DataMart :: 8 CURATED :: 8
Executing Snowflake query :: select count(*) as TOTAL from "DEV_ENT_RAW"."ST_HUTCHINSON_MATILLION"."TECHNICIANPAYROLL"
Table Count in Snowflake:: 7271
Executing Snowflake query ::  select count(*) as TOTAL from "CURATED_DATAMART"."ST_BKP_HUTCHINSON"."STR_TECHNICIANPAYROLL"where ACTIVE_FLAG='Y'
Table Count in Snowflake:: 7271
Executing Snowflake query ::  select count(*) as TOTAL from "DEV_ENT_CURATED"."MASTER_DIMENSIONS"."DIM_TECHNICIANPAYROLL"where tenant_type='HUTCHINSON'
Table Count in Snowflake:: 7271
Row Count of Table TECHNICIANPAYROLL is matched for RAW :: 7271 DataMart :: 7271 CURATED :: 7271
Executing Snowflake query :: select count(*) as TOTAL from "DEV_ENT_RAW"."ST_HUTCHINSON_MATILLION"."TECHNICIANPAYROLLADJUSTMENT"
Table Count in Snowflake:: 11648
Executing Snowflake query ::  select count(*) as TOTAL from "CURATED_DATAMART"."ST_BKP_HUTCHINSON"."STR_TECHNICIANPAYROLLADJUSTMENT"where ACTIVE_FLAG='Y'
Table Count in Snowflake:: 11726
Executing Snowflake query ::  select count(*) as TOTAL from "DEV_ENT_CURATED"."MASTER_DIMENSIONS"."DIM_TECHNICIANPAYROLLADJUSTMENT"where tenant_type='HUTCHINSON'
Table Count in Snowflake:: 11726
Row Count of Table TECHNICIANPAYROLLADJUSTMENT is matched for RAW :: 11648 DataMart :: 11726 CURATED :: 11726
Executing Snowflake query :: select count(*) as TOTAL from "DEV_ENT_RAW"."ST_HUTCHINSON_MATILLION"."TECHNICIANATTACHEDPROPERTY"
Table Count in Snowflake:: 1190
Executing Snowflake query ::  select count(*) as TOTAL from "CURATED_DATAMART"."ST_BKP_HUTCHINSON"."STR_TECHNICIANATTACHEDPROPERTY"where ACTIVE_FLAG='Y'
Table Count in Snowflake:: 1190
Executing Snowflake query ::  select count(*) as TOTAL from "DEV_ENT_CURATED"."MASTER_DIMENSIONS"."DIM_TECHNICIANATTACHEDPROPERTY"where tenant_type='HUTCHINSON'
Table Count in Snowflake:: 1190
Row Count of Table TECHNICIANATTACHEDPROPERTY is matched for RAW :: 1190 DataMart :: 1190 CURATED :: 1190
Executing Snowflake query :: select count(*) as TOTAL from "DEV_ENT_RAW"."ST_SNELLHEATINGAIR_MATILLION"."BATCH"
Table Count in Snowflake:: 8194
Executing Snowflake query ::  select count(*) as TOTAL from "CURATED_DATAMART"."ST_BKP_SNELLHEATINGAIR"."STR_BATCH"where ACTIVE_FLAG='Y'
Table Count in Snowflake:: 8194
Executing Snowflake query ::  select count(*) as TOTAL from "DEV_ENT_CURATED"."MASTER_DIMENSIONS"."FACT_BATCH"where tenant_type='SNELLHEATINGAIR'
Table Count in Snowflake:: 8194
Row Count of Table BATCH is matched for RAW :: 8194 DataMart :: 8194 CURATED :: 8194
Executing Snowflake query :: select count(*) as TOTAL from "DEV_ENT_RAW"."ST_SNELLHEATINGAIR_MATILLION"."BUSINESSUNIT"
Table Count in Snowflake:: 30
Executing Snowflake query ::  select count(*) as TOTAL from "CURATED_DATAMART"."ST_BKP_SNELLHEATINGAIR"."STR_BUSINESSUNIT"where ACTIVE_FLAG='Y'
Table Count in Snowflake:: 30
Executing Snowflake query ::  select count(*) as TOTAL from "DEV_ENT_CURATED"."MASTER_DIMENSIONS"."DIM_BUSINESSUNIT"where tenant_type='SNELLHEATINGAIR'
Table Count in Snowflake:: 30
Row Count of Table BUSINESSUNIT is matched for RAW :: 30 DataMart :: 30 CURATED :: 30
Executing Snowflake query :: select count(*) as TOTAL from "DEV_ENT_RAW"."ST_SNELLHEATINGAIR_MATILLION"."CAMPAIGN"
Table Count in Snowflake:: 221
Executing Snowflake query ::  select count(*) as TOTAL from "CURATED_DATAMART"."ST_BKP_SNELLHEATINGAIR"."STR_CAMPAIGN"where ACTIVE_FLAG='Y'
Table Count in Snowflake:: 221
Executing Snowflake query ::  select count(*) as TOTAL from "DEV_ENT_CURATED"."MASTER_DIMENSIONS"."DIM_CAMPAIGN"where tenant_type='SNELLHEATINGAIR'
Table Count in Snowflake:: 221
Row Count of Table CAMPAIGN is matched for RAW :: 221 DataMart :: 221 CURATED :: 221
Executing Snowflake query :: select count(*) as TOTAL from "DEV_ENT_RAW"."ST_SNELLHEATINGAIR_MATILLION"."CANCELJOBREASON"
Table Count in Snowflake:: 22
Executing Snowflake query ::  select count(*) as TOTAL from "CURATED_DATAMART"."ST_BKP_SNELLHEATINGAIR"."STR_CANCELJOBREASON"where ACTIVE_FLAG='Y'
Table Count in Snowflake:: 22
Executing Snowflake query ::  select count(*) as TOTAL from "DEV_ENT_CURATED"."MASTER_DIMENSIONS"."DIM_CANCELJOBREASON"where tenant_type='SNELLHEATINGAIR'
Table Count in Snowflake:: 22
Row Count of Table CANCELJOBREASON is matched for RAW :: 22 DataMart :: 22 CURATED :: 22
Executing Snowflake query :: select count(*) as TOTAL from "DEV_ENT_RAW"."ST_SNELLHEATINGAIR_MATILLION"."COUNTERSALESLOCATION"
Table Count in Snowflake:: 0
Executing Snowflake query ::  select count(*) as TOTAL from "CURATED_DATAMART"."ST_BKP_SNELLHEATINGAIR"."STR_COUNTERSALESLOCATION"where ACTIVE_FLAG='Y'
Table Count in Snowflake:: 0
Executing Snowflake query ::  select count(*) as TOTAL from "DEV_ENT_CURATED"."MASTER_DIMENSIONS"."DIM_COUNTERSALESLOCATION"where tenant_type='SNELLHEATINGAIR'
Table Count in Snowflake:: 0
Row Count of Table COUNTERSALESLOCATION is matched for RAW :: 0 DataMart :: 0 CURATED :: 0
Executing Snowflake query :: select count(*) as TOTAL from "DEV_ENT_RAW"."ST_SNELLHEATINGAIR_MATILLION"."CUSTOMER"
Table Count in Snowflake:: 52018
Executing Snowflake query ::  select count(*) as TOTAL from "CURATED_DATAMART"."ST_BKP_SNELLHEATINGAIR"."STR_CUSTOMER"where ACTIVE_FLAG='Y'
Table Count in Snowflake:: 52018
Executing Snowflake query ::  select count(*) as TOTAL from "DEV_ENT_CURATED"."MASTER_DIMENSIONS"."DIM_CUSTOMER"where tenant_type='SNELLHEATINGAIR'
Table Count in Snowflake:: 52018
Row Count of Table CUSTOMER is matched for RAW :: 52018 DataMart :: 52018 CURATED :: 52018
Executing Snowflake query :: select count(*) as TOTAL from "DEV_ENT_RAW"."ST_SNELLHEATINGAIR_MATILLION"."CUSTOMFIELD"
Table Count in Snowflake:: 295260
Executing Snowflake query ::  select count(*) as TOTAL from "CURATED_DATAMART"."ST_BKP_SNELLHEATINGAIR"."STR_CUSTOMFIELD"where ACTIVE_FLAG='Y'
Table Count in Snowflake:: 295260
Executing Snowflake query ::  select count(*) as TOTAL from "DEV_ENT_CURATED"."MASTER_DIMENSIONS"."FACT_CUSTOMFIELD"where tenant_type='SNELLHEATINGAIR'
Table Count in Snowflake:: 295260
Row Count of Table CUSTOMFIELD is matched for RAW :: 295260 DataMart :: 295260 CURATED :: 295260
Executing Snowflake query :: select count(*) as TOTAL from "DEV_ENT_RAW"."ST_SNELLHEATINGAIR_MATILLION"."DIVISION"
Table Count in Snowflake:: 5
Executing Snowflake query ::  select count(*) as TOTAL from "CURATED_DATAMART"."ST_BKP_SNELLHEATINGAIR"."STR_DIVISION"where ACTIVE_FLAG='Y'
Table Count in Snowflake:: 5
Executing Snowflake query ::  select count(*) as TOTAL from "DEV_ENT_CURATED"."MASTER_DIMENSIONS"."DIM_DIVISION"where tenant_type='SNELLHEATINGAIR'
Table Count in Snowflake:: 5
Row Count of Table DIVISION is matched for RAW :: 5 DataMart :: 5 CURATED :: 5
Executing Snowflake query :: select count(*) as TOTAL from "DEV_ENT_RAW"."ST_SNELLHEATINGAIR_MATILLION"."INVOICE"
Table Count in Snowflake:: 357588
Executing Snowflake query ::  select count(*) as TOTAL from "CURATED_DATAMART"."ST_BKP_SNELLHEATINGAIR"."STR_INVOICE"where ACTIVE_FLAG='Y'
Table Count in Snowflake:: 357588
Executing Snowflake query ::  select count(*) as TOTAL from "DEV_ENT_CURATED"."MASTER_DIMENSIONS"."FACT_INVOICE"where tenant_type='SNELLHEATINGAIR'
Table Count in Snowflake:: 357588
Row Count of Table INVOICE is matched for RAW :: 357588 DataMart :: 357588 CURATED :: 357588
Executing Snowflake query :: select count(*) as TOTAL from "DEV_ENT_RAW"."ST_SNELLHEATINGAIR_MATILLION"."JOB"
Table Count in Snowflake:: 234702
Executing Snowflake query ::  select count(*) as TOTAL from "CURATED_DATAMART"."ST_BKP_SNELLHEATINGAIR"."STR_JOB"where ACTIVE_FLAG='Y'
Table Count in Snowflake:: 234702
Executing Snowflake query ::  select count(*) as TOTAL from "DEV_ENT_CURATED"."MASTER_DIMENSIONS"."DIM_JOB"where tenant_type='SNELLHEATINGAIR'
Table Count in Snowflake:: 234702
Row Count of Table JOB is matched for RAW :: 234702 DataMart :: 234702 CURATED :: 234702
Executing Snowflake query :: select count(*) as TOTAL from "DEV_ENT_RAW"."ST_SNELLHEATINGAIR_MATILLION"."JOBAPPOINTMENT"
Table Count in Snowflake:: 234827
Executing Snowflake query ::  select count(*) as TOTAL from "CURATED_DATAMART"."ST_BKP_SNELLHEATINGAIR"."STR_JOBAPPOINTMENT"where ACTIVE_FLAG='Y'
Table Count in Snowflake:: 234827
Executing Snowflake query ::  select count(*) as TOTAL from "DEV_ENT_CURATED"."MASTER_DIMENSIONS"."DIM_JOBAPPOINTMENT"where tenant_type='SNELLHEATINGAIR'
Table Count in Snowflake:: 234827
Row Count of Table JOBAPPOINTMENT is matched for RAW :: 234827 DataMart :: 234827 CURATED :: 234827
Executing Snowflake query :: select count(*) as TOTAL from "DEV_ENT_RAW"."ST_SNELLHEATINGAIR_MATILLION"."JOBAPPOINTMENTASSIGNMENT"
Table Count in Snowflake:: 187061
Executing Snowflake query ::  select count(*) as TOTAL from "CURATED_DATAMART"."ST_BKP_SNELLHEATINGAIR"."STR_JOBAPPOINTMENTASSIGNMENT"where ACTIVE_FLAG='Y'
Table Count in Snowflake:: 186928
Executing Snowflake query ::  select count(*) as TOTAL from "DEV_ENT_CURATED"."MASTER_DIMENSIONS"."DIM_JOBAPPOINTMENTASSIGNMENT"where tenant_type='SNELLHEATINGAIR'
Table Count in Snowflake:: 186928
Row Count of Table JOBAPPOINTMENTASSIGNMENT is not matched for RAW :: 187061 DataMart :: 186928 CURATED :: 186928
Executing Snowflake query :: select count(*) as TOTAL from "DEV_ENT_RAW"."ST_SNELLHEATINGAIR_MATILLION"."JOBASSIGNMENT"
Table Count in Snowflake:: 186857
Executing Snowflake query ::  select count(*) as TOTAL from "CURATED_DATAMART"."ST_BKP_SNELLHEATINGAIR"."STR_JOBASSIGNMENT"where ACTIVE_FLAG='Y'
Table Count in Snowflake:: 186857
Executing Snowflake query ::  select count(*) as TOTAL from "DEV_ENT_CURATED"."MASTER_DIMENSIONS"."DIM_JOBASSIGNMENT"where tenant_type='SNELLHEATINGAIR'
Table Count in Snowflake:: 186857
Row Count of Table JOBASSIGNMENT is matched for RAW :: 186857 DataMart :: 186857 CURATED :: 186857
Executing Snowflake query :: select count(*) as TOTAL from "DEV_ENT_RAW"."ST_SNELLHEATINGAIR_MATILLION"."JOBCANCELEDLOG"
Table Count in Snowflake:: 6915
Executing Snowflake query ::  select count(*) as TOTAL from "CURATED_DATAMART"."ST_BKP_SNELLHEATINGAIR"."STR_JOBCANCELEDLOG"where ACTIVE_FLAG='Y'
Table Count in Snowflake:: 6915
Executing Snowflake query ::  select count(*) as TOTAL from "DEV_ENT_CURATED"."MASTER_DIMENSIONS"."DIM_JOBCANCELEDLOG"where tenant_type='SNELLHEATINGAIR'
Table Count in Snowflake:: 6915
Row Count of Table JOBCANCELEDLOG is matched for RAW :: 6915 DataMart :: 6915 CURATED :: 6915
Executing Snowflake query :: select count(*) as TOTAL from "DEV_ENT_RAW"."ST_SNELLHEATINGAIR_MATILLION"."JOBTYPE"
Table Count in Snowflake:: 265
Executing Snowflake query ::  select count(*) as TOTAL from "CURATED_DATAMART"."ST_BKP_SNELLHEATINGAIR"."STR_JOBTYPE"where ACTIVE_FLAG='Y'
Table Count in Snowflake:: 265
Executing Snowflake query ::  select count(*) as TOTAL from "DEV_ENT_CURATED"."MASTER_DIMENSIONS"."DIM_JOBTYPE"where tenant_type='SNELLHEATINGAIR'
Table Count in Snowflake:: 265
Row Count of Table JOBTYPE is matched for RAW :: 265 DataMart :: 265 CURATED :: 265
Executing Snowflake query :: select count(*) as TOTAL from "DEV_ENT_RAW"."ST_SNELLHEATINGAIR_MATILLION"."LEAD"
Table Count in Snowflake:: 0
Executing Snowflake query ::  select count(*) as TOTAL from "CURATED_DATAMART"."ST_BKP_SNELLHEATINGAIR"."STR_LEAD"where ACTIVE_FLAG='Y'
Table Count in Snowflake:: 0
Executing Snowflake query ::  select count(*) as TOTAL from "DEV_ENT_CURATED"."MASTER_DIMENSIONS"."DIM_LEAD"where tenant_type='SNELLHEATINGAIR'
Table Count in Snowflake:: 0
Row Count of Table LEAD is matched for RAW :: 0 DataMart :: 0 CURATED :: 0
Executing Snowflake query :: select count(*) as TOTAL from "DEV_ENT_RAW"."ST_SNELLHEATINGAIR_MATILLION"."LOCATION"
Table Count in Snowflake:: 52856
Executing Snowflake query ::  select count(*) as TOTAL from "CURATED_DATAMART"."ST_BKP_SNELLHEATINGAIR"."STR_LOCATION"where ACTIVE_FLAG='Y'
Table Count in Snowflake:: 52856
Executing Snowflake query ::  select count(*) as TOTAL from "DEV_ENT_CURATED"."MASTER_DIMENSIONS"."DIM_LOCATION"where tenant_type='SNELLHEATINGAIR'
Table Count in Snowflake:: 52856
Row Count of Table LOCATION is matched for RAW :: 52856 DataMart :: 52856 CURATED :: 52856
Executing Snowflake query :: select count(*) as TOTAL from "DEV_ENT_RAW"."ST_SNELLHEATINGAIR_MATILLION"."OPPORTUNITY"
Table Count in Snowflake:: 234702
Executing Snowflake query ::  select count(*) as TOTAL from "CURATED_DATAMART"."ST_BKP_SNELLHEATINGAIR"."STR_OPPORTUNITY"where ACTIVE_FLAG='Y'
Table Count in Snowflake:: 234702
Executing Snowflake query ::  select count(*) as TOTAL from "DEV_ENT_CURATED"."MASTER_DIMENSIONS"."DIM_OPPORTUNITY"where tenant_type='SNELLHEATINGAIR'
Table Count in Snowflake:: 234702
Row Count of Table OPPORTUNITY is matched for RAW :: 234702 DataMart :: 234702 CURATED :: 234702
Executing Snowflake query :: select count(*) as TOTAL from "DEV_ENT_RAW"."ST_SNELLHEATINGAIR_MATILLION"."OVERTIMEPROFILE"
Table Count in Snowflake:: 6
Executing Snowflake query ::  select count(*) as TOTAL from "CURATED_DATAMART"."ST_BKP_SNELLHEATINGAIR"."STR_OVERTIMEPROFILE"where ACTIVE_FLAG='Y'
Table Count in Snowflake:: 6
Executing Snowflake query ::  select count(*) as TOTAL from "DEV_ENT_CURATED"."MASTER_DIMENSIONS"."DIM_OVERTIMEPROFILE"where tenant_type='SNELLHEATINGAIR'
Table Count in Snowflake:: 6
Row Count of Table OVERTIMEPROFILE is matched for RAW :: 6 DataMart :: 6 CURATED :: 6
Executing Snowflake query :: select count(*) as TOTAL from "DEV_ENT_RAW"."ST_SNELLHEATINGAIR_MATILLION"."PAYMENTTERM"
Table Count in Snowflake:: 1
Executing Snowflake query ::  select count(*) as TOTAL from "CURATED_DATAMART"."ST_BKP_SNELLHEATINGAIR"."STR_PAYMENTTERM"where ACTIVE_FLAG='Y'
Table Count in Snowflake:: 1
Executing Snowflake query ::  select count(*) as TOTAL from "DEV_ENT_CURATED"."MASTER_DIMENSIONS"."DIM_PAYMENTTERM"where tenant_type='SNELLHEATINGAIR'
Table Count in Snowflake:: 1
Row Count of Table PAYMENTTERM is matched for RAW :: 1 DataMart :: 1 CURATED :: 1
Executing Snowflake query :: select count(*) as TOTAL from "DEV_ENT_RAW"."ST_SNELLHEATINGAIR_MATILLION"."PAYROLLPROFILE"
Table Count in Snowflake:: 1
Executing Snowflake query ::  select count(*) as TOTAL from "CURATED_DATAMART"."ST_BKP_SNELLHEATINGAIR"."STR_PAYROLLPROFILE"where ACTIVE_FLAG='Y'
Table Count in Snowflake:: 1
Executing Snowflake query ::  select count(*) as TOTAL from "DEV_ENT_CURATED"."MASTER_DIMENSIONS"."DIM_PAYROLLPROFILE"where tenant_type='SNELLHEATINGAIR'
Table Count in Snowflake:: 1
Row Count of Table PAYROLLPROFILE is matched for RAW :: 1 DataMart :: 1 CURATED :: 1
Executing Snowflake query :: select count(*) as TOTAL from "DEV_ENT_RAW"."ST_SNELLHEATINGAIR_MATILLION"."PROJECT"
Table Count in Snowflake:: 8343
Executing Snowflake query ::  select count(*) as TOTAL from "CURATED_DATAMART"."ST_BKP_SNELLHEATINGAIR"."STR_PROJECT"where ACTIVE_FLAG='Y'
Table Count in Snowflake:: 8343
Executing Snowflake query ::  select count(*) as TOTAL from "DEV_ENT_CURATED"."MASTER_DIMENSIONS"."DIM_PROJECT"where tenant_type='SNELLHEATINGAIR'
Table Count in Snowflake:: 8343
Row Count of Table PROJECT is matched for RAW :: 8343 DataMart :: 8343 CURATED :: 8343
Executing Snowflake query :: select count(*) as TOTAL from "DEV_ENT_RAW"."ST_SNELLHEATINGAIR_MATILLION"."TAG"
Table Count in Snowflake:: 470890
Executing Snowflake query ::  select count(*) as TOTAL from "CURATED_DATAMART"."ST_BKP_SNELLHEATINGAIR"."STR_TAG"where ACTIVE_FLAG='Y'
Table Count in Snowflake:: 470890
Executing Snowflake query ::  select count(*) as TOTAL from "DEV_ENT_CURATED"."MASTER_DIMENSIONS"."DIM_TAG"where tenant_type='SNELLHEATINGAIR'
Table Count in Snowflake:: 470890
Row Count of Table TAG is matched for RAW :: 470890 DataMart :: 470890 CURATED :: 470890
Executing Snowflake query :: select count(*) as TOTAL from "DEV_ENT_RAW"."ST_SNELLHEATINGAIR_MATILLION"."TAGTYPE"
Table Count in Snowflake:: 284
Executing Snowflake query ::  select count(*) as TOTAL from "CURATED_DATAMART"."ST_BKP_SNELLHEATINGAIR"."STR_TAGTYPE"where ACTIVE_FLAG='Y'
Table Count in Snowflake:: 284
Executing Snowflake query ::  select count(*) as TOTAL from "DEV_ENT_CURATED"."MASTER_DIMENSIONS"."DIM_TAGTYPE"where tenant_type='SNELLHEATINGAIR'
Table Count in Snowflake:: 284
Row Count of Table TAGTYPE is matched for RAW :: 284 DataMart :: 284 CURATED :: 284
Executing Snowflake query :: select count(*) as TOTAL from "DEV_ENT_RAW"."ST_SNELLHEATINGAIR_MATILLION"."TAXZONE"
Table Count in Snowflake:: 9
Executing Snowflake query ::  select count(*) as TOTAL from "CURATED_DATAMART"."ST_BKP_SNELLHEATINGAIR"."STR_TAXZONE"where ACTIVE_FLAG='Y'
Table Count in Snowflake:: 9
Executing Snowflake query ::  select count(*) as TOTAL from "DEV_ENT_CURATED"."MASTER_DIMENSIONS"."DIM_TAXZONE"where tenant_type='SNELLHEATINGAIR'
Table Count in Snowflake:: 9
Row Count of Table TAXZONE is matched for RAW :: 9 DataMart :: 9 CURATED :: 9
Executing Snowflake query :: select count(*) as TOTAL from "DEV_ENT_RAW"."ST_SNELLHEATINGAIR_MATILLION"."TECHNICIAN"
Table Count in Snowflake:: 279
Executing Snowflake query ::  select count(*) as TOTAL from "CURATED_DATAMART"."ST_BKP_SNELLHEATINGAIR"."STR_TECHNICIAN"where ACTIVE_FLAG='Y'
Table Count in Snowflake:: 279
Executing Snowflake query ::  select count(*) as TOTAL from "DEV_ENT_CURATED"."MASTER_DIMENSIONS"."DIM_TECHNICIAN"where tenant_type='SNELLHEATINGAIR'
Table Count in Snowflake:: 279
Row Count of Table TECHNICIAN is matched for RAW :: 279 DataMart :: 279 CURATED :: 279
Executing Snowflake query :: select count(*) as TOTAL from "DEV_ENT_RAW"."ST_SNELLHEATINGAIR_MATILLION"."TRADE"
Table Count in Snowflake:: 3
Executing Snowflake query ::  select count(*) as TOTAL from "CURATED_DATAMART"."ST_BKP_SNELLHEATINGAIR"."STR_TRADE"where ACTIVE_FLAG='Y'
Table Count in Snowflake:: 3
Executing Snowflake query ::  select count(*) as TOTAL from "DEV_ENT_CURATED"."MASTER_DIMENSIONS"."DIM_TRADE"where tenant_type='SNELLHEATINGAIR'
Table Count in Snowflake:: 3
Row Count of Table TRADE is matched for RAW :: 3 DataMart :: 3 CURATED :: 3
Executing Snowflake query :: select count(*) as TOTAL from "DEV_ENT_RAW"."ST_SNELLHEATINGAIR_MATILLION"."TRUCK"
Table Count in Snowflake:: 115
Executing Snowflake query ::  select count(*) as TOTAL from "CURATED_DATAMART"."ST_BKP_SNELLHEATINGAIR"."STR_TRUCK"where ACTIVE_FLAG='Y'
Table Count in Snowflake:: 115
Executing Snowflake query ::  select count(*) as TOTAL from "DEV_ENT_CURATED"."MASTER_DIMENSIONS"."DIM_TRUCK"where tenant_type='SNELLHEATINGAIR'
Table Count in Snowflake:: 115
Row Count of Table TRUCK is matched for RAW :: 115 DataMart :: 115 CURATED :: 115
Executing Snowflake query :: select count(*) as TOTAL from "DEV_ENT_RAW"."ST_SNELLHEATINGAIR_MATILLION"."ZONE"
Table Count in Snowflake:: 9
Executing Snowflake query ::  select count(*) as TOTAL from "CURATED_DATAMART"."ST_BKP_SNELLHEATINGAIR"."STR_ZONE"where ACTIVE_FLAG='Y'
Table Count in Snowflake:: 9
Executing Snowflake query ::  select count(*) as TOTAL from "DEV_ENT_CURATED"."MASTER_DIMENSIONS"."DIM_ZONE"where tenant_type='SNELLHEATINGAIR'
Table Count in Snowflake:: 9
Row Count of Table ZONE is matched for RAW :: 9 DataMart :: 9 CURATED :: 9
Executing Snowflake query :: select count(*) as TOTAL from "DEV_ENT_RAW"."ST_SNELLHEATINGAIR_MATILLION"."TECHNICIANPAYROLL"
Table Count in Snowflake:: 0
Executing Snowflake query ::  select count(*) as TOTAL from "CURATED_DATAMART"."ST_BKP_SNELLHEATINGAIR"."STR_TECHNICIANPAYROLL"where ACTIVE_FLAG='Y'
Table Count in Snowflake:: 0
Executing Snowflake query ::  select count(*) as TOTAL from "DEV_ENT_CURATED"."MASTER_DIMENSIONS"."DIM_TECHNICIANPAYROLL"where tenant_type='SNELLHEATINGAIR'
Table Count in Snowflake:: 0
Row Count of Table TECHNICIANPAYROLL is matched for RAW :: 0 DataMart :: 0 CURATED :: 0
Executing Snowflake query :: select count(*) as TOTAL from "DEV_ENT_RAW"."ST_SNELLHEATINGAIR_MATILLION"."TECHNICIANPAYROLLADJUSTMENT"
Table Count in Snowflake:: 0
Executing Snowflake query ::  select count(*) as TOTAL from "CURATED_DATAMART"."ST_BKP_SNELLHEATINGAIR"."STR_TECHNICIANPAYROLLADJUSTMENT"where ACTIVE_FLAG='Y'
Table Count in Snowflake:: 0
Executing Snowflake query ::  select count(*) as TOTAL from "DEV_ENT_CURATED"."MASTER_DIMENSIONS"."DIM_TECHNICIANPAYROLLADJUSTMENT"where tenant_type='SNELLHEATINGAIR'
Table Count in Snowflake:: 0
Row Count of Table TECHNICIANPAYROLLADJUSTMENT is matched for RAW :: 0 DataMart :: 0 CURATED :: 0
Executing Snowflake query :: select count(*) as TOTAL from "DEV_ENT_RAW"."ST_SNELLHEATINGAIR_MATILLION"."TECHNICIANATTACHEDPROPERTY"
Table Count in Snowflake:: 905
Executing Snowflake query ::  select count(*) as TOTAL from "CURATED_DATAMART"."ST_BKP_SNELLHEATINGAIR"."STR_TECHNICIANATTACHEDPROPERTY"where ACTIVE_FLAG='Y'
Table Count in Snowflake:: 905
Executing Snowflake query ::  select count(*) as TOTAL from "DEV_ENT_CURATED"."MASTER_DIMENSIONS"."DIM_TECHNICIANATTACHEDPROPERTY"where tenant_type='SNELLHEATINGAIR'
Table Count in Snowflake:: 905
Row Count of Table TECHNICIANATTACHEDPROPERTY is matched for RAW :: 905 DataMart :: 905 CURATED :: 905]]>
  </system-out>
  <testcase classname="testcases.RAW_DATAMART_CURATED.RowCount" name="validate_RowCount_RAW_DATAMART_CUREATED_API">
    <skipped/>
  </testcase> <!-- validate_RowCount_RAW_DATAMART_CUREATED_API -->
  <system-out/>
  <testcase classname="testcases.RAW_DATAMART_CURATED.RowCount" name="validate_RowCount_RAW_DATAMART_CUREATED_BKP_API">
    <skipped/>
  </testcase> <!-- validate_RowCount_RAW_DATAMART_CUREATED_BKP_API -->
  <system-out/>
  <testcase classname="testcases.RAW_DATAMART_CURATED.RowCount" name="validate_RowCount_RAW_DATAMART_CUREATED">
    <skipped/>
  </testcase> <!-- validate_RowCount_RAW_DATAMART_CUREATED -->
  <system-out/>
</testsuite> <!-- testcases.RAW_DATAMART_CURATED.RowCount -->
