<?xml version="1.0" encoding="UTF-8"?>
<!-- Generated by org.testng.reporters.JUnitReportReporter -->
<testsuite hostname="BALT-CHN-00" failures="122" tests="204" name="testcases.RAW_DATAMART_CURATED.SnowFlake_RowCount_v1" time="336.629" errors="0" timestamp="2021-12-07T16:15:34 IST" skipped="0">
  <testcase classname="testcases.RAW_DATAMART_CURATED.SnowFlake_RowCount_v1" name="validateColumnName_BKP" time="1.734">
    <failure message="The following asserts failed:
	null,
	null" type="java.lang.AssertionError">
      <![CDATA[java.lang.AssertionError: The following asserts failed:
null,
null
at org.testng.asserts.SoftAssert.assertAll(SoftAssert.java:47)
at org.testng.asserts.SoftAssert.assertAll(SoftAssert.java:31)
at testcases.RAW_DATAMART_CURATED.SnowFlake_RowCount_v1.validateColumnName_BKP(SnowFlake_RowCount_v1.java:39)
at jdk.internal.reflect.GeneratedMethodAccessor38.invoke(Unknown Source)
at java.base/jdk.internal.reflect.DelegatingMethodAccessorImpl.invoke(DelegatingMethodAccessorImpl.java:43)
at java.base/java.lang.reflect.Method.invoke(Method.java:568)
at org.testng.internal.MethodInvocationHelper.invokeMethod(MethodInvocationHelper.java:133)
at org.testng.internal.TestInvoker.invokeMethod(TestInvoker.java:598)
at org.testng.internal.TestInvoker.invokeTestMethod(TestInvoker.java:173)
at org.testng.internal.MethodRunner.runInSequence(MethodRunner.java:46)
at org.testng.internal.TestInvoker$MethodInvocationAgent.invoke(TestInvoker.java:824)
at org.testng.internal.TestInvoker.invokeTestMethods(TestInvoker.java:146)
at org.testng.internal.TestMethodWorker.invokeTestMethods(TestMethodWorker.java:146)
at org.testng.internal.TestMethodWorker.run(TestMethodWorker.java:128)
at java.base/java.util.ArrayList.forEach(ArrayList.java:1511)
at org.testng.TestRunner.privateRun(TestRunner.java:794)
at org.testng.TestRunner.run(TestRunner.java:596)
at org.testng.SuiteRunner.runTest(SuiteRunner.java:377)
at org.testng.SuiteRunner.runSequentially(SuiteRunner.java:371)
at org.testng.SuiteRunner.privateRun(SuiteRunner.java:332)
at org.testng.SuiteRunner.run(SuiteRunner.java:276)
at org.testng.SuiteRunnerWorker.runSuite(SuiteRunnerWorker.java:53)
at org.testng.SuiteRunnerWorker.run(SuiteRunnerWorker.java:96)
at org.testng.TestNG.runSuitesSequentially(TestNG.java:1212)
at org.testng.TestNG.runSuitesLocally(TestNG.java:1134)
at org.testng.TestNG.runSuites(TestNG.java:1063)
at org.testng.TestNG.run(TestNG.java:1031)
at org.testng.remote.AbstractRemoteTestNG.run(AbstractRemoteTestNG.java:115)
at org.testng.remote.RemoteTestNG.initAndRun(RemoteTestNG.java:251)
at org.testng.remote.RemoteTestNG.main(RemoteTestNG.java:77)
]]>
    </failure>
  </testcase> <!-- validateColumnName_BKP -->
  <system-out>
    <![CDATA[Executing Snowflake query :: SELECT count(*) as TOTAL FROM DEV_ENT_RAW.ST_GOLDMEDAL_MATILLION.TECHNICIANPAYROLLADJUSTMENT
Table Count in Snowflake:: 109569
Executing Snowflake query :: select count(*) as TOTAL from CURATED_DATAMART.ST_BKP_GOLDMEDAL.STR_TECHNICIANPAYROLLADJUSTMENT Where ACTIVE_FLAG='Y'
Table Count in Snowflake:: 109559
Executing Snowflake query :: select count(*) as TOTAL from DEV_ENT_CURATED.MASTER_DIMENSIONS.DIM_TECHNICIANPAYROLLADJUSTMENT where tenant_type='GOLDMEDAL' and RECORD_UPDATED_BY='Backup Table'
Snowflake - SQLException at readDB() method :: SQL compilation error: error line 1 at position 130
invalid identifier 'RECORD_UPDATED_BY'
Row Count of Table TECHNICIANPAYROLLADJUSTMENT is not matched for RAW :: 109569 DataMart :: 109559 CURATED :: 0]]>
  </system-out>
  <testcase classname="testcases.RAW_DATAMART_CURATED.SnowFlake_RowCount_v1" name="validateColumnName_BKP" time="1.462"/>
  <system-out>
    <![CDATA[Executing Snowflake query :: SELECT count(*) as TOTAL FROM DEV_ENT_RAW.ST_HENDERSON_MATILLION.TRADE
Table Count in Snowflake:: 2
Executing Snowflake query :: select count(*) as TOTAL from CURATED_DATAMART.ST_BKP_HENDERSON.STR_TRADE Where ACTIVE_FLAG='Y'
Table Count in Snowflake:: 2
Executing Snowflake query :: select count(*) as TOTAL from DEV_ENT_CURATED.MASTER_DIMENSIONS.DIM_TRADE where tenant_type='HENDERSON' and RECORD_UPDATED_BY='Backup Table'
Table Count in Snowflake:: 2
Row Count of Table TRADE is matched for RAW :: 2 DataMart :: 2 CURATED :: 2]]>
  </system-out>
  <testcase classname="testcases.RAW_DATAMART_CURATED.SnowFlake_RowCount_v1" name="validateColumnName_BKP" time="2.237">
    <failure message="The following asserts failed:
	null" type="java.lang.AssertionError">
      <![CDATA[java.lang.AssertionError: The following asserts failed:
null
at org.testng.asserts.SoftAssert.assertAll(SoftAssert.java:47)
at org.testng.asserts.SoftAssert.assertAll(SoftAssert.java:31)
at testcases.RAW_DATAMART_CURATED.SnowFlake_RowCount_v1.validateColumnName_BKP(SnowFlake_RowCount_v1.java:39)
at jdk.internal.reflect.GeneratedMethodAccessor38.invoke(Unknown Source)
at java.base/jdk.internal.reflect.DelegatingMethodAccessorImpl.invoke(DelegatingMethodAccessorImpl.java:43)
at java.base/java.lang.reflect.Method.invoke(Method.java:568)
at org.testng.internal.MethodInvocationHelper.invokeMethod(MethodInvocationHelper.java:133)
at org.testng.internal.TestInvoker.invokeMethod(TestInvoker.java:598)
at org.testng.internal.TestInvoker.invokeTestMethod(TestInvoker.java:173)
at org.testng.internal.MethodRunner.runInSequence(MethodRunner.java:46)
at org.testng.internal.TestInvoker$MethodInvocationAgent.invoke(TestInvoker.java:824)
at org.testng.internal.TestInvoker.invokeTestMethods(TestInvoker.java:146)
at org.testng.internal.TestMethodWorker.invokeTestMethods(TestMethodWorker.java:146)
at org.testng.internal.TestMethodWorker.run(TestMethodWorker.java:128)
at java.base/java.util.ArrayList.forEach(ArrayList.java:1511)
at org.testng.TestRunner.privateRun(TestRunner.java:794)
at org.testng.TestRunner.run(TestRunner.java:596)
at org.testng.SuiteRunner.runTest(SuiteRunner.java:377)
at org.testng.SuiteRunner.runSequentially(SuiteRunner.java:371)
at org.testng.SuiteRunner.privateRun(SuiteRunner.java:332)
at org.testng.SuiteRunner.run(SuiteRunner.java:276)
at org.testng.SuiteRunnerWorker.runSuite(SuiteRunnerWorker.java:53)
at org.testng.SuiteRunnerWorker.run(SuiteRunnerWorker.java:96)
at org.testng.TestNG.runSuitesSequentially(TestNG.java:1212)
at org.testng.TestNG.runSuitesLocally(TestNG.java:1134)
at org.testng.TestNG.runSuites(TestNG.java:1063)
at org.testng.TestNG.run(TestNG.java:1031)
at org.testng.remote.AbstractRemoteTestNG.run(AbstractRemoteTestNG.java:115)
at org.testng.remote.RemoteTestNG.initAndRun(RemoteTestNG.java:251)
at org.testng.remote.RemoteTestNG.main(RemoteTestNG.java:77)
]]>
    </failure>
  </testcase> <!-- validateColumnName_BKP -->
  <system-out>
    <![CDATA[Executing Snowflake query :: SELECT count(*) as TOTAL FROM DEV_ENT_RAW.ST_SNELLHEATINGAIR_MATILLION.PAYMENTTERM
Table Count in Snowflake:: 1
Executing Snowflake query :: select count(*) as TOTAL from CURATED_DATAMART.ST_BKP_SNELLHEATINGAIR.STR_PAYMENTTERM Where ACTIVE_FLAG='Y'
Table Count in Snowflake:: 1
Executing Snowflake query :: select count(*) as TOTAL from DEV_ENT_CURATED.MASTER_DIMENSIONS.DIM_PAYMENTTERM where tenant_type='SNELLHEATINGAIR' and RECORD_UPDATED_BY='Backup Table'
Table Count in Snowflake:: 0
Row Count of Table PAYMENTTERM is not matched for RAW :: 1 DataMart :: 1 CURATED :: 0]]>
  </system-out>
  <testcase classname="testcases.RAW_DATAMART_CURATED.SnowFlake_RowCount_v1" name="validateColumnName_BKP" time="1.427">
    <failure message="The following asserts failed:
	null" type="java.lang.AssertionError">
      <![CDATA[java.lang.AssertionError: The following asserts failed:
null
at org.testng.asserts.SoftAssert.assertAll(SoftAssert.java:47)
at org.testng.asserts.SoftAssert.assertAll(SoftAssert.java:31)
at testcases.RAW_DATAMART_CURATED.SnowFlake_RowCount_v1.validateColumnName_BKP(SnowFlake_RowCount_v1.java:39)
at jdk.internal.reflect.GeneratedMethodAccessor38.invoke(Unknown Source)
at java.base/jdk.internal.reflect.DelegatingMethodAccessorImpl.invoke(DelegatingMethodAccessorImpl.java:43)
at java.base/java.lang.reflect.Method.invoke(Method.java:568)
at org.testng.internal.MethodInvocationHelper.invokeMethod(MethodInvocationHelper.java:133)
at org.testng.internal.TestInvoker.invokeMethod(TestInvoker.java:598)
at org.testng.internal.TestInvoker.invokeTestMethod(TestInvoker.java:173)
at org.testng.internal.MethodRunner.runInSequence(MethodRunner.java:46)
at org.testng.internal.TestInvoker$MethodInvocationAgent.invoke(TestInvoker.java:824)
at org.testng.internal.TestInvoker.invokeTestMethods(TestInvoker.java:146)
at org.testng.internal.TestMethodWorker.invokeTestMethods(TestMethodWorker.java:146)
at org.testng.internal.TestMethodWorker.run(TestMethodWorker.java:128)
at java.base/java.util.ArrayList.forEach(ArrayList.java:1511)
at org.testng.TestRunner.privateRun(TestRunner.java:794)
at org.testng.TestRunner.run(TestRunner.java:596)
at org.testng.SuiteRunner.runTest(SuiteRunner.java:377)
at org.testng.SuiteRunner.runSequentially(SuiteRunner.java:371)
at org.testng.SuiteRunner.privateRun(SuiteRunner.java:332)
at org.testng.SuiteRunner.run(SuiteRunner.java:276)
at org.testng.SuiteRunnerWorker.runSuite(SuiteRunnerWorker.java:53)
at org.testng.SuiteRunnerWorker.run(SuiteRunnerWorker.java:96)
at org.testng.TestNG.runSuitesSequentially(TestNG.java:1212)
at org.testng.TestNG.runSuitesLocally(TestNG.java:1134)
at org.testng.TestNG.runSuites(TestNG.java:1063)
at org.testng.TestNG.run(TestNG.java:1031)
at org.testng.remote.AbstractRemoteTestNG.run(AbstractRemoteTestNG.java:115)
at org.testng.remote.RemoteTestNG.initAndRun(RemoteTestNG.java:251)
at org.testng.remote.RemoteTestNG.main(RemoteTestNG.java:77)
]]>
    </failure>
  </testcase> <!-- validateColumnName_BKP -->
  <system-out>
    <![CDATA[Executing Snowflake query :: SELECT count(*) as TOTAL FROM DEV_ENT_RAW.ST_HDAIR_MATILLION.PAYROLLPROFILE
Snowflake - SQLException at readDB() method :: SQL compilation error:
Object 'DEV_ENT_RAW.ST_HDAIR_MATILLION.PAYROLLPROFILE' does not exist or not authorized.
Executing Snowflake query :: select count(*) as TOTAL from CURATED_DATAMART.ST_BKP_HDAIR.STR_PAYROLLPROFILE Where ACTIVE_FLAG='Y'
Table Count in Snowflake:: 1
Executing Snowflake query :: select count(*) as TOTAL from DEV_ENT_CURATED.MASTER_DIMENSIONS.DIM_PAYROLLPROFILE where tenant_type='HDAIR' and RECORD_UPDATED_BY='Backup Table'
Table Count in Snowflake:: 1
Row Count of Table PAYROLLPROFILE is matched for RAW :: 0 DataMart :: 1 CURATED :: 1]]>
  </system-out>
  <testcase classname="testcases.RAW_DATAMART_CURATED.SnowFlake_RowCount_v1" name="validateColumnName_BKP" time="1.433"/>
  <system-out>
    <![CDATA[Executing Snowflake query :: SELECT count(*) as TOTAL FROM DEV_ENT_RAW.ST_CASTEEL_MATILLION.TAXZONE
Table Count in Snowflake:: 2
Executing Snowflake query :: select count(*) as TOTAL from CURATED_DATAMART.ST_BKP_CASTEEL.STR_TAXZONE Where ACTIVE_FLAG='Y'
Table Count in Snowflake:: 2
Executing Snowflake query :: select count(*) as TOTAL from DEV_ENT_CURATED.MASTER_DIMENSIONS.DIM_TAXZONE where tenant_type='CASTEEL' and RECORD_UPDATED_BY='Backup Table'
Table Count in Snowflake:: 2
Row Count of Table TAXZONE is matched for RAW :: 2 DataMart :: 2 CURATED :: 2]]>
  </system-out>
  <testcase classname="testcases.RAW_DATAMART_CURATED.SnowFlake_RowCount_v1" name="validateColumnName_BKP" time="1.595">
    <failure message="The following asserts failed:
	null" type="java.lang.AssertionError">
      <![CDATA[java.lang.AssertionError: The following asserts failed:
null
at org.testng.asserts.SoftAssert.assertAll(SoftAssert.java:47)
at org.testng.asserts.SoftAssert.assertAll(SoftAssert.java:31)
at testcases.RAW_DATAMART_CURATED.SnowFlake_RowCount_v1.validateColumnName_BKP(SnowFlake_RowCount_v1.java:39)
at java.base/jdk.internal.reflect.NativeMethodAccessorImpl.invoke0(Native Method)
at java.base/jdk.internal.reflect.NativeMethodAccessorImpl.invoke(NativeMethodAccessorImpl.java:77)
at java.base/jdk.internal.reflect.DelegatingMethodAccessorImpl.invoke(DelegatingMethodAccessorImpl.java:43)
at java.base/java.lang.reflect.Method.invoke(Method.java:568)
at org.testng.internal.MethodInvocationHelper.invokeMethod(MethodInvocationHelper.java:133)
at org.testng.internal.TestInvoker.invokeMethod(TestInvoker.java:598)
at org.testng.internal.TestInvoker.invokeTestMethod(TestInvoker.java:173)
at org.testng.internal.MethodRunner.runInSequence(MethodRunner.java:46)
at org.testng.internal.TestInvoker$MethodInvocationAgent.invoke(TestInvoker.java:824)
at org.testng.internal.TestInvoker.invokeTestMethods(TestInvoker.java:146)
at org.testng.internal.TestMethodWorker.invokeTestMethods(TestMethodWorker.java:146)
at org.testng.internal.TestMethodWorker.run(TestMethodWorker.java:128)
at java.base/java.util.ArrayList.forEach(ArrayList.java:1511)
at org.testng.TestRunner.privateRun(TestRunner.java:794)
at org.testng.TestRunner.run(TestRunner.java:596)
at org.testng.SuiteRunner.runTest(SuiteRunner.java:377)
at org.testng.SuiteRunner.runSequentially(SuiteRunner.java:371)
at org.testng.SuiteRunner.privateRun(SuiteRunner.java:332)
at org.testng.SuiteRunner.run(SuiteRunner.java:276)
at org.testng.SuiteRunnerWorker.runSuite(SuiteRunnerWorker.java:53)
at org.testng.SuiteRunnerWorker.run(SuiteRunnerWorker.java:96)
at org.testng.TestNG.runSuitesSequentially(TestNG.java:1212)
at org.testng.TestNG.runSuitesLocally(TestNG.java:1134)
at org.testng.TestNG.runSuites(TestNG.java:1063)
at org.testng.TestNG.run(TestNG.java:1031)
at org.testng.remote.AbstractRemoteTestNG.run(AbstractRemoteTestNG.java:115)
at org.testng.remote.RemoteTestNG.initAndRun(RemoteTestNG.java:251)
at org.testng.remote.RemoteTestNG.main(RemoteTestNG.java:77)
]]>
    </failure>
  </testcase> <!-- validateColumnName_BKP -->
  <system-out>
    <![CDATA[Executing Snowflake query :: SELECT count(*) as TOTAL FROM DEV_ENT_RAW.ST_BILLFENWICK_MATILLION.BATCH
Table Count in Snowflake:: 7595
Executing Snowflake query :: select count(*) as TOTAL from CURATED_DATAMART.ST_BKP_BILLFENWICK.STR_BATCH Where ACTIVE_FLAG='Y'
Table Count in Snowflake:: 7582
Executing Snowflake query :: select count(*) as TOTAL from DEV_ENT_CURATED.MASTER_DIMENSIONS.FACT_BATCH where tenant_type='BILLFENWICK' and RECORD_UPDATED_BY='Backup Table'
Table Count in Snowflake:: 7582
Row Count of Table BATCH is not matched for RAW :: 7595 DataMart :: 7582 CURATED :: 7582]]>
  </system-out>
  <testcase classname="testcases.RAW_DATAMART_CURATED.SnowFlake_RowCount_v1" name="validateColumnName_BKP" time="1.602"/>
  <system-out>
    <![CDATA[Executing Snowflake query :: SELECT count(*) as TOTAL FROM DEV_ENT_RAW.ST_HORIZONSERVICES_MATILLION.OVERTIMEPROFILE
Table Count in Snowflake:: 6
Executing Snowflake query :: select count(*) as TOTAL from CURATED_DATAMART.ST_BKP_HORIZONSERVICES.STR_OVERTIMEPROFILE Where ACTIVE_FLAG='Y'
Table Count in Snowflake:: 6
Executing Snowflake query :: select count(*) as TOTAL from DEV_ENT_CURATED.MASTER_DIMENSIONS.DIM_OVERTIMEPROFILE where tenant_type='HORIZONSERVICES' and RECORD_UPDATED_BY='Backup Table'
Table Count in Snowflake:: 6
Row Count of Table OVERTIMEPROFILE is matched for RAW :: 6 DataMart :: 6 CURATED :: 6]]>
  </system-out>
  <testcase classname="testcases.RAW_DATAMART_CURATED.SnowFlake_RowCount_v1" name="validateColumnName_BKP" time="2.114">
    <failure message="The following asserts failed:
	null" type="java.lang.AssertionError">
      <![CDATA[java.lang.AssertionError: The following asserts failed:
null
at org.testng.asserts.SoftAssert.assertAll(SoftAssert.java:47)
at org.testng.asserts.SoftAssert.assertAll(SoftAssert.java:31)
at testcases.RAW_DATAMART_CURATED.SnowFlake_RowCount_v1.validateColumnName_BKP(SnowFlake_RowCount_v1.java:39)
at jdk.internal.reflect.GeneratedMethodAccessor38.invoke(Unknown Source)
at java.base/jdk.internal.reflect.DelegatingMethodAccessorImpl.invoke(DelegatingMethodAccessorImpl.java:43)
at java.base/java.lang.reflect.Method.invoke(Method.java:568)
at org.testng.internal.MethodInvocationHelper.invokeMethod(MethodInvocationHelper.java:133)
at org.testng.internal.TestInvoker.invokeMethod(TestInvoker.java:598)
at org.testng.internal.TestInvoker.invokeTestMethod(TestInvoker.java:173)
at org.testng.internal.MethodRunner.runInSequence(MethodRunner.java:46)
at org.testng.internal.TestInvoker$MethodInvocationAgent.invoke(TestInvoker.java:824)
at org.testng.internal.TestInvoker.invokeTestMethods(TestInvoker.java:146)
at org.testng.internal.TestMethodWorker.invokeTestMethods(TestMethodWorker.java:146)
at org.testng.internal.TestMethodWorker.run(TestMethodWorker.java:128)
at java.base/java.util.ArrayList.forEach(ArrayList.java:1511)
at org.testng.TestRunner.privateRun(TestRunner.java:794)
at org.testng.TestRunner.run(TestRunner.java:596)
at org.testng.SuiteRunner.runTest(SuiteRunner.java:377)
at org.testng.SuiteRunner.runSequentially(SuiteRunner.java:371)
at org.testng.SuiteRunner.privateRun(SuiteRunner.java:332)
at org.testng.SuiteRunner.run(SuiteRunner.java:276)
at org.testng.SuiteRunnerWorker.runSuite(SuiteRunnerWorker.java:53)
at org.testng.SuiteRunnerWorker.run(SuiteRunnerWorker.java:96)
at org.testng.TestNG.runSuitesSequentially(TestNG.java:1212)
at org.testng.TestNG.runSuitesLocally(TestNG.java:1134)
at org.testng.TestNG.runSuites(TestNG.java:1063)
at org.testng.TestNG.run(TestNG.java:1031)
at org.testng.remote.AbstractRemoteTestNG.run(AbstractRemoteTestNG.java:115)
at org.testng.remote.RemoteTestNG.initAndRun(RemoteTestNG.java:251)
at org.testng.remote.RemoteTestNG.main(RemoteTestNG.java:77)
]]>
    </failure>
  </testcase> <!-- validateColumnName_BKP -->
  <system-out>
    <![CDATA[Executing Snowflake query :: SELECT count(*) as TOTAL FROM DEV_ENT_RAW.ST_CASTEEL_MATILLION.OPPORTUNITY
Table Count in Snowflake:: 998531
Executing Snowflake query :: select count(*) as TOTAL from CURATED_DATAMART.ST_BKP_CASTEEL.STR_OPPORTUNITY Where ACTIVE_FLAG='Y'
Table Count in Snowflake:: 998286
Executing Snowflake query :: select count(*) as TOTAL from DEV_ENT_CURATED.MASTER_DIMENSIONS.DIM_OPPORTUNITY where tenant_type='CASTEEL' and RECORD_UPDATED_BY='Backup Table'
Table Count in Snowflake:: 998286
Row Count of Table OPPORTUNITY is not matched for RAW :: 998531 DataMart :: 998286 CURATED :: 998286]]>
  </system-out>
  <testcase classname="testcases.RAW_DATAMART_CURATED.SnowFlake_RowCount_v1" name="validateColumnName_BKP" time="1.635">
    <failure message="The following asserts failed:
	null" type="java.lang.AssertionError">
      <![CDATA[java.lang.AssertionError: The following asserts failed:
null
at org.testng.asserts.SoftAssert.assertAll(SoftAssert.java:47)
at org.testng.asserts.SoftAssert.assertAll(SoftAssert.java:31)
at testcases.RAW_DATAMART_CURATED.SnowFlake_RowCount_v1.validateColumnName_BKP(SnowFlake_RowCount_v1.java:39)
at jdk.internal.reflect.GeneratedMethodAccessor38.invoke(Unknown Source)
at java.base/jdk.internal.reflect.DelegatingMethodAccessorImpl.invoke(DelegatingMethodAccessorImpl.java:43)
at java.base/java.lang.reflect.Method.invoke(Method.java:568)
at org.testng.internal.MethodInvocationHelper.invokeMethod(MethodInvocationHelper.java:133)
at org.testng.internal.TestInvoker.invokeMethod(TestInvoker.java:598)
at org.testng.internal.TestInvoker.invokeTestMethod(TestInvoker.java:173)
at org.testng.internal.MethodRunner.runInSequence(MethodRunner.java:46)
at org.testng.internal.TestInvoker$MethodInvocationAgent.invoke(TestInvoker.java:824)
at org.testng.internal.TestInvoker.invokeTestMethods(TestInvoker.java:146)
at org.testng.internal.TestMethodWorker.invokeTestMethods(TestMethodWorker.java:146)
at org.testng.internal.TestMethodWorker.run(TestMethodWorker.java:128)
at java.base/java.util.ArrayList.forEach(ArrayList.java:1511)
at org.testng.TestRunner.privateRun(TestRunner.java:794)
at org.testng.TestRunner.run(TestRunner.java:596)
at org.testng.SuiteRunner.runTest(SuiteRunner.java:377)
at org.testng.SuiteRunner.runSequentially(SuiteRunner.java:371)
at org.testng.SuiteRunner.privateRun(SuiteRunner.java:332)
at org.testng.SuiteRunner.run(SuiteRunner.java:276)
at org.testng.SuiteRunnerWorker.runSuite(SuiteRunnerWorker.java:53)
at org.testng.SuiteRunnerWorker.run(SuiteRunnerWorker.java:96)
at org.testng.TestNG.runSuitesSequentially(TestNG.java:1212)
at org.testng.TestNG.runSuitesLocally(TestNG.java:1134)
at org.testng.TestNG.runSuites(TestNG.java:1063)
at org.testng.TestNG.run(TestNG.java:1031)
at org.testng.remote.AbstractRemoteTestNG.run(AbstractRemoteTestNG.java:115)
at org.testng.remote.RemoteTestNG.initAndRun(RemoteTestNG.java:251)
at org.testng.remote.RemoteTestNG.main(RemoteTestNG.java:77)
]]>
    </failure>
  </testcase> <!-- validateColumnName_BKP -->
  <system-out>
    <![CDATA[Executing Snowflake query :: SELECT count(*) as TOTAL FROM DEV_ENT_RAW.ST_HUTCHINSON_MATILLION.JOBCANCELEDLOG
Table Count in Snowflake:: 7421
Executing Snowflake query :: select count(*) as TOTAL from CURATED_DATAMART.ST_BKP_HUTCHINSON.STR_JOBCANCELEDLOG Where ACTIVE_FLAG='Y'
Table Count in Snowflake:: 7416
Executing Snowflake query :: select count(*) as TOTAL from DEV_ENT_CURATED.MASTER_DIMENSIONS.DIM_JOBCANCELEDLOG where tenant_type='HUTCHINSON' and RECORD_UPDATED_BY='Backup Table'
Table Count in Snowflake:: 7416
Row Count of Table JOBCANCELEDLOG is not matched for RAW :: 7421 DataMart :: 7416 CURATED :: 7416]]>
  </system-out>
  <testcase classname="testcases.RAW_DATAMART_CURATED.SnowFlake_RowCount_v1" name="validateColumnName_BKP" time="1.336">
    <failure message="The following asserts failed:
	null" type="java.lang.AssertionError">
      <![CDATA[java.lang.AssertionError: The following asserts failed:
null
at org.testng.asserts.SoftAssert.assertAll(SoftAssert.java:47)
at org.testng.asserts.SoftAssert.assertAll(SoftAssert.java:31)
at testcases.RAW_DATAMART_CURATED.SnowFlake_RowCount_v1.validateColumnName_BKP(SnowFlake_RowCount_v1.java:39)
at jdk.internal.reflect.GeneratedMethodAccessor38.invoke(Unknown Source)
at java.base/jdk.internal.reflect.DelegatingMethodAccessorImpl.invoke(DelegatingMethodAccessorImpl.java:43)
at java.base/java.lang.reflect.Method.invoke(Method.java:568)
at org.testng.internal.MethodInvocationHelper.invokeMethod(MethodInvocationHelper.java:133)
at org.testng.internal.TestInvoker.invokeMethod(TestInvoker.java:598)
at org.testng.internal.TestInvoker.invokeTestMethod(TestInvoker.java:173)
at org.testng.internal.MethodRunner.runInSequence(MethodRunner.java:46)
at org.testng.internal.TestInvoker$MethodInvocationAgent.invoke(TestInvoker.java:824)
at org.testng.internal.TestInvoker.invokeTestMethods(TestInvoker.java:146)
at org.testng.internal.TestMethodWorker.invokeTestMethods(TestMethodWorker.java:146)
at org.testng.internal.TestMethodWorker.run(TestMethodWorker.java:128)
at java.base/java.util.ArrayList.forEach(ArrayList.java:1511)
at org.testng.TestRunner.privateRun(TestRunner.java:794)
at org.testng.TestRunner.run(TestRunner.java:596)
at org.testng.SuiteRunner.runTest(SuiteRunner.java:377)
at org.testng.SuiteRunner.runSequentially(SuiteRunner.java:371)
at org.testng.SuiteRunner.privateRun(SuiteRunner.java:332)
at org.testng.SuiteRunner.run(SuiteRunner.java:276)
at org.testng.SuiteRunnerWorker.runSuite(SuiteRunnerWorker.java:53)
at org.testng.SuiteRunnerWorker.run(SuiteRunnerWorker.java:96)
at org.testng.TestNG.runSuitesSequentially(TestNG.java:1212)
at org.testng.TestNG.runSuitesLocally(TestNG.java:1134)
at org.testng.TestNG.runSuites(TestNG.java:1063)
at org.testng.TestNG.run(TestNG.java:1031)
at org.testng.remote.AbstractRemoteTestNG.run(AbstractRemoteTestNG.java:115)
at org.testng.remote.RemoteTestNG.initAndRun(RemoteTestNG.java:251)
at org.testng.remote.RemoteTestNG.main(RemoteTestNG.java:77)
]]>
    </failure>
  </testcase> <!-- validateColumnName_BKP -->
  <system-out>
    <![CDATA[Executing Snowflake query :: SELECT count(*) as TOTAL FROM DEV_ENT_RAW.ST_HDAIR_MATILLION.TAXZONE
Snowflake - SQLException at readDB() method :: SQL compilation error:
Object 'DEV_ENT_RAW.ST_HDAIR_MATILLION.TAXZONE' does not exist or not authorized.
Executing Snowflake query :: select count(*) as TOTAL from CURATED_DATAMART.ST_BKP_HDAIR.STR_TAXZONE Where ACTIVE_FLAG='Y'
Table Count in Snowflake:: 25
Executing Snowflake query :: select count(*) as TOTAL from DEV_ENT_CURATED.MASTER_DIMENSIONS.DIM_TAXZONE where tenant_type='HDAIR' and RECORD_UPDATED_BY='Backup Table'
Table Count in Snowflake:: 25
Row Count of Table TAXZONE is matched for RAW :: 0 DataMart :: 25 CURATED :: 25]]>
  </system-out>
  <testcase classname="testcases.RAW_DATAMART_CURATED.SnowFlake_RowCount_v1" name="validateColumnName_BKP" time="1.531"/>
  <system-out>
    <![CDATA[Executing Snowflake query :: SELECT count(*) as TOTAL FROM DEV_ENT_RAW.ST_SNELLHEATINGAIR_MATILLION.TRUCK
Table Count in Snowflake:: 115
Executing Snowflake query :: select count(*) as TOTAL from CURATED_DATAMART.ST_BKP_SNELLHEATINGAIR.STR_TRUCK Where ACTIVE_FLAG='Y'
Table Count in Snowflake:: 115
Executing Snowflake query :: select count(*) as TOTAL from DEV_ENT_CURATED.MASTER_DIMENSIONS.DIM_TRUCK where tenant_type='SNELLHEATINGAIR' and RECORD_UPDATED_BY='Backup Table'
Table Count in Snowflake:: 115
Row Count of Table TRUCK is matched for RAW :: 115 DataMart :: 115 CURATED :: 115]]>
  </system-out>
  <testcase classname="testcases.RAW_DATAMART_CURATED.SnowFlake_RowCount_v1" name="validateColumnName_BKP" time="1.470">
    <failure message="The following asserts failed:
	null" type="java.lang.AssertionError">
      <![CDATA[java.lang.AssertionError: The following asserts failed:
null
at org.testng.asserts.SoftAssert.assertAll(SoftAssert.java:47)
at org.testng.asserts.SoftAssert.assertAll(SoftAssert.java:31)
at testcases.RAW_DATAMART_CURATED.SnowFlake_RowCount_v1.validateColumnName_BKP(SnowFlake_RowCount_v1.java:39)
at jdk.internal.reflect.GeneratedMethodAccessor38.invoke(Unknown Source)
at java.base/jdk.internal.reflect.DelegatingMethodAccessorImpl.invoke(DelegatingMethodAccessorImpl.java:43)
at java.base/java.lang.reflect.Method.invoke(Method.java:568)
at org.testng.internal.MethodInvocationHelper.invokeMethod(MethodInvocationHelper.java:133)
at org.testng.internal.TestInvoker.invokeMethod(TestInvoker.java:598)
at org.testng.internal.TestInvoker.invokeTestMethod(TestInvoker.java:173)
at org.testng.internal.MethodRunner.runInSequence(MethodRunner.java:46)
at org.testng.internal.TestInvoker$MethodInvocationAgent.invoke(TestInvoker.java:824)
at org.testng.internal.TestInvoker.invokeTestMethods(TestInvoker.java:146)
at org.testng.internal.TestMethodWorker.invokeTestMethods(TestMethodWorker.java:146)
at org.testng.internal.TestMethodWorker.run(TestMethodWorker.java:128)
at java.base/java.util.ArrayList.forEach(ArrayList.java:1511)
at org.testng.TestRunner.privateRun(TestRunner.java:794)
at org.testng.TestRunner.run(TestRunner.java:596)
at org.testng.SuiteRunner.runTest(SuiteRunner.java:377)
at org.testng.SuiteRunner.runSequentially(SuiteRunner.java:371)
at org.testng.SuiteRunner.privateRun(SuiteRunner.java:332)
at org.testng.SuiteRunner.run(SuiteRunner.java:276)
at org.testng.SuiteRunnerWorker.runSuite(SuiteRunnerWorker.java:53)
at org.testng.SuiteRunnerWorker.run(SuiteRunnerWorker.java:96)
at org.testng.TestNG.runSuitesSequentially(TestNG.java:1212)
at org.testng.TestNG.runSuitesLocally(TestNG.java:1134)
at org.testng.TestNG.runSuites(TestNG.java:1063)
at org.testng.TestNG.run(TestNG.java:1031)
at org.testng.remote.AbstractRemoteTestNG.run(AbstractRemoteTestNG.java:115)
at org.testng.remote.RemoteTestNG.initAndRun(RemoteTestNG.java:251)
at org.testng.remote.RemoteTestNG.main(RemoteTestNG.java:77)
]]>
    </failure>
  </testcase> <!-- validateColumnName_BKP -->
  <system-out>
    <![CDATA[Executing Snowflake query :: SELECT count(*) as TOTAL FROM DEV_ENT_RAW.ST_SNELLHEATINGAIR_MATILLION.JOBAPPOINTMENTASSIGNMENT
Table Count in Snowflake:: 187412
Executing Snowflake query :: select count(*) as TOTAL from CURATED_DATAMART.ST_BKP_SNELLHEATINGAIR.STR_JOBAPPOINTMENTASSIGNMENT Where ACTIVE_FLAG='Y'
Table Count in Snowflake:: 187295
Executing Snowflake query :: select count(*) as TOTAL from DEV_ENT_CURATED.MASTER_DIMENSIONS.DIM_JOBAPPOINTMENTASSIGNMENT where tenant_type='SNELLHEATINGAIR' and RECORD_UPDATED_BY='Backup Table'
Table Count in Snowflake:: 187295
Row Count of Table JOBAPPOINTMENTASSIGNMENT is not matched for RAW :: 187412 DataMart :: 187295 CURATED :: 187295]]>
  </system-out>
  <testcase classname="testcases.RAW_DATAMART_CURATED.SnowFlake_RowCount_v1" name="validateColumnName_BKP" time="1.332"/>
  <system-out>
    <![CDATA[Executing Snowflake query :: SELECT count(*) as TOTAL FROM DEV_ENT_RAW.ST_HUTCHINSON_MATILLION.TAXZONE
Table Count in Snowflake:: 4
Executing Snowflake query :: select count(*) as TOTAL from CURATED_DATAMART.ST_BKP_HUTCHINSON.STR_TAXZONE Where ACTIVE_FLAG='Y'
Table Count in Snowflake:: 4
Executing Snowflake query :: select count(*) as TOTAL from DEV_ENT_CURATED.MASTER_DIMENSIONS.DIM_TAXZONE where tenant_type='HUTCHINSON' and RECORD_UPDATED_BY='Backup Table'
Table Count in Snowflake:: 4
Row Count of Table TAXZONE is matched for RAW :: 4 DataMart :: 4 CURATED :: 4]]>
  </system-out>
  <testcase classname="testcases.RAW_DATAMART_CURATED.SnowFlake_RowCount_v1" name="validateColumnName_BKP" time="2.767"/>
  <system-out>
    <![CDATA[Executing Snowflake query :: SELECT count(*) as TOTAL FROM DEV_ENT_RAW.ST_FOURPROS_MATILLION.TRUCK
Table Count in Snowflake:: 269
Executing Snowflake query :: select count(*) as TOTAL from CURATED_DATAMART.ST_BKP_FOURPROS.STR_TRUCK Where ACTIVE_FLAG='Y'
Table Count in Snowflake:: 269
Executing Snowflake query :: select count(*) as TOTAL from DEV_ENT_CURATED.MASTER_DIMENSIONS.DIM_TRUCK where tenant_type='FOURPROS' and RECORD_UPDATED_BY='Backup Table'
Table Count in Snowflake:: 269
Row Count of Table TRUCK is matched for RAW :: 269 DataMart :: 269 CURATED :: 269]]>
  </system-out>
  <testcase classname="testcases.RAW_DATAMART_CURATED.SnowFlake_RowCount_v1" name="validateColumnName_BKP" time="1.639"/>
  <system-out>
    <![CDATA[Executing Snowflake query :: SELECT count(*) as TOTAL FROM DEV_ENT_RAW.ST_GOLDMEDAL_MATILLION.TAXZONE
Table Count in Snowflake:: 19
Executing Snowflake query :: select count(*) as TOTAL from CURATED_DATAMART.ST_BKP_GOLDMEDAL.STR_TAXZONE Where ACTIVE_FLAG='Y'
Table Count in Snowflake:: 19
Executing Snowflake query :: select count(*) as TOTAL from DEV_ENT_CURATED.MASTER_DIMENSIONS.DIM_TAXZONE where tenant_type='GOLDMEDAL' and RECORD_UPDATED_BY='Backup Table'
Table Count in Snowflake:: 19
Row Count of Table TAXZONE is matched for RAW :: 19 DataMart :: 19 CURATED :: 19]]>
  </system-out>
  <testcase classname="testcases.RAW_DATAMART_CURATED.SnowFlake_RowCount_v1" name="validateColumnName_BKP" time="1.838"/>
  <system-out>
    <![CDATA[Executing Snowflake query :: SELECT count(*) as TOTAL FROM DEV_ENT_RAW.ST_HARP_MATILLION.GROSSPAYITEM
Table Count in Snowflake:: 0
Executing Snowflake query :: select count(*) as TOTAL from CURATED_DATAMART.ST_BKP_HARP.STR_GROSSPAYITEM Where ACTIVE_FLAG='Y'
Table Count in Snowflake:: 0
Executing Snowflake query :: select count(*) as TOTAL from DEV_ENT_CURATED.MASTER_DIMENSIONS.DIM_GROSSPAYITEM where tenant_type='HARP' and RECORD_UPDATED_BY='Backup Table'
Table Count in Snowflake:: 0
Row Count of Table GROSSPAYITEM is matched for RAW :: 0 DataMart :: 0 CURATED :: 0]]>
  </system-out>
  <testcase classname="testcases.RAW_DATAMART_CURATED.SnowFlake_RowCount_v1" name="validateColumnName_BKP" time="1.905">
    <failure message="The following asserts failed:
	null" type="java.lang.AssertionError">
      <![CDATA[java.lang.AssertionError: The following asserts failed:
null
at org.testng.asserts.SoftAssert.assertAll(SoftAssert.java:47)
at org.testng.asserts.SoftAssert.assertAll(SoftAssert.java:31)
at testcases.RAW_DATAMART_CURATED.SnowFlake_RowCount_v1.validateColumnName_BKP(SnowFlake_RowCount_v1.java:39)
at jdk.internal.reflect.GeneratedMethodAccessor38.invoke(Unknown Source)
at java.base/jdk.internal.reflect.DelegatingMethodAccessorImpl.invoke(DelegatingMethodAccessorImpl.java:43)
at java.base/java.lang.reflect.Method.invoke(Method.java:568)
at org.testng.internal.MethodInvocationHelper.invokeMethod(MethodInvocationHelper.java:133)
at org.testng.internal.TestInvoker.invokeMethod(TestInvoker.java:598)
at org.testng.internal.TestInvoker.invokeTestMethod(TestInvoker.java:173)
at org.testng.internal.MethodRunner.runInSequence(MethodRunner.java:46)
at org.testng.internal.TestInvoker$MethodInvocationAgent.invoke(TestInvoker.java:824)
at org.testng.internal.TestInvoker.invokeTestMethods(TestInvoker.java:146)
at org.testng.internal.TestMethodWorker.invokeTestMethods(TestMethodWorker.java:146)
at org.testng.internal.TestMethodWorker.run(TestMethodWorker.java:128)
at java.base/java.util.ArrayList.forEach(ArrayList.java:1511)
at org.testng.TestRunner.privateRun(TestRunner.java:794)
at org.testng.TestRunner.run(TestRunner.java:596)
at org.testng.SuiteRunner.runTest(SuiteRunner.java:377)
at org.testng.SuiteRunner.runSequentially(SuiteRunner.java:371)
at org.testng.SuiteRunner.privateRun(SuiteRunner.java:332)
at org.testng.SuiteRunner.run(SuiteRunner.java:276)
at org.testng.SuiteRunnerWorker.runSuite(SuiteRunnerWorker.java:53)
at org.testng.SuiteRunnerWorker.run(SuiteRunnerWorker.java:96)
at org.testng.TestNG.runSuitesSequentially(TestNG.java:1212)
at org.testng.TestNG.runSuitesLocally(TestNG.java:1134)
at org.testng.TestNG.runSuites(TestNG.java:1063)
at org.testng.TestNG.run(TestNG.java:1031)
at org.testng.remote.AbstractRemoteTestNG.run(AbstractRemoteTestNG.java:115)
at org.testng.remote.RemoteTestNG.initAndRun(RemoteTestNG.java:251)
at org.testng.remote.RemoteTestNG.main(RemoteTestNG.java:77)
]]>
    </failure>
  </testcase> <!-- validateColumnName_BKP -->
  <system-out>
    <![CDATA[Executing Snowflake query :: SELECT count(*) as TOTAL FROM DEV_ENT_RAW.ST_GOLDMEDAL_MATILLION.JOBAPPOINTMENTASSIGNMENT
Table Count in Snowflake:: 1262106
Executing Snowflake query :: select count(*) as TOTAL from CURATED_DATAMART.ST_BKP_GOLDMEDAL.STR_JOBAPPOINTMENTASSIGNMENT Where ACTIVE_FLAG='Y'
Table Count in Snowflake:: 1261438
Executing Snowflake query :: select count(*) as TOTAL from DEV_ENT_CURATED.MASTER_DIMENSIONS.DIM_JOBAPPOINTMENTASSIGNMENT where tenant_type='GOLDMEDAL' and RECORD_UPDATED_BY='Backup Table'
Table Count in Snowflake:: 1261438
Row Count of Table JOBAPPOINTMENTASSIGNMENT is not matched for RAW :: 1262106 DataMart :: 1261438 CURATED :: 1261438]]>
  </system-out>
  <testcase classname="testcases.RAW_DATAMART_CURATED.SnowFlake_RowCount_v1" name="validateColumnName_BKP" time="1.687">
    <failure message="The following asserts failed:
	null" type="java.lang.AssertionError">
      <![CDATA[java.lang.AssertionError: The following asserts failed:
null
at org.testng.asserts.SoftAssert.assertAll(SoftAssert.java:47)
at org.testng.asserts.SoftAssert.assertAll(SoftAssert.java:31)
at testcases.RAW_DATAMART_CURATED.SnowFlake_RowCount_v1.validateColumnName_BKP(SnowFlake_RowCount_v1.java:39)
at jdk.internal.reflect.GeneratedMethodAccessor38.invoke(Unknown Source)
at java.base/jdk.internal.reflect.DelegatingMethodAccessorImpl.invoke(DelegatingMethodAccessorImpl.java:43)
at java.base/java.lang.reflect.Method.invoke(Method.java:568)
at org.testng.internal.MethodInvocationHelper.invokeMethod(MethodInvocationHelper.java:133)
at org.testng.internal.TestInvoker.invokeMethod(TestInvoker.java:598)
at org.testng.internal.TestInvoker.invokeTestMethod(TestInvoker.java:173)
at org.testng.internal.MethodRunner.runInSequence(MethodRunner.java:46)
at org.testng.internal.TestInvoker$MethodInvocationAgent.invoke(TestInvoker.java:824)
at org.testng.internal.TestInvoker.invokeTestMethods(TestInvoker.java:146)
at org.testng.internal.TestMethodWorker.invokeTestMethods(TestMethodWorker.java:146)
at org.testng.internal.TestMethodWorker.run(TestMethodWorker.java:128)
at java.base/java.util.ArrayList.forEach(ArrayList.java:1511)
at org.testng.TestRunner.privateRun(TestRunner.java:794)
at org.testng.TestRunner.run(TestRunner.java:596)
at org.testng.SuiteRunner.runTest(SuiteRunner.java:377)
at org.testng.SuiteRunner.runSequentially(SuiteRunner.java:371)
at org.testng.SuiteRunner.privateRun(SuiteRunner.java:332)
at org.testng.SuiteRunner.run(SuiteRunner.java:276)
at org.testng.SuiteRunnerWorker.runSuite(SuiteRunnerWorker.java:53)
at org.testng.SuiteRunnerWorker.run(SuiteRunnerWorker.java:96)
at org.testng.TestNG.runSuitesSequentially(TestNG.java:1212)
at org.testng.TestNG.runSuitesLocally(TestNG.java:1134)
at org.testng.TestNG.runSuites(TestNG.java:1063)
at org.testng.TestNG.run(TestNG.java:1031)
at org.testng.remote.AbstractRemoteTestNG.run(AbstractRemoteTestNG.java:115)
at org.testng.remote.RemoteTestNG.initAndRun(RemoteTestNG.java:251)
at org.testng.remote.RemoteTestNG.main(RemoteTestNG.java:77)
]]>
    </failure>
  </testcase> <!-- validateColumnName_BKP -->
  <system-out>
    <![CDATA[Executing Snowflake query :: SELECT count(*) as TOTAL FROM DEV_ENT_RAW.ST_SNELLHEATINGAIR_MATILLION.CUSTOMFIELD
Table Count in Snowflake:: 295974
Executing Snowflake query :: select count(*) as TOTAL from CURATED_DATAMART.ST_BKP_SNELLHEATINGAIR.STR_CUSTOMFIELD Where ACTIVE_FLAG='Y'
Table Count in Snowflake:: 295690
Executing Snowflake query :: select count(*) as TOTAL from DEV_ENT_CURATED.MASTER_DIMENSIONS.FACT_CUSTOMFIELD where tenant_type='SNELLHEATINGAIR' and RECORD_UPDATED_BY='Backup Table'
Table Count in Snowflake:: 295690
Row Count of Table CUSTOMFIELD is not matched for RAW :: 295974 DataMart :: 295690 CURATED :: 295690]]>
  </system-out>
  <testcase classname="testcases.RAW_DATAMART_CURATED.SnowFlake_RowCount_v1" name="validateColumnName_BKP" time="1.795">
    <failure message="The following asserts failed:
	null" type="java.lang.AssertionError">
      <![CDATA[java.lang.AssertionError: The following asserts failed:
null
at org.testng.asserts.SoftAssert.assertAll(SoftAssert.java:47)
at org.testng.asserts.SoftAssert.assertAll(SoftAssert.java:31)
at testcases.RAW_DATAMART_CURATED.SnowFlake_RowCount_v1.validateColumnName_BKP(SnowFlake_RowCount_v1.java:39)
at jdk.internal.reflect.GeneratedMethodAccessor38.invoke(Unknown Source)
at java.base/jdk.internal.reflect.DelegatingMethodAccessorImpl.invoke(DelegatingMethodAccessorImpl.java:43)
at java.base/java.lang.reflect.Method.invoke(Method.java:568)
at org.testng.internal.MethodInvocationHelper.invokeMethod(MethodInvocationHelper.java:133)
at org.testng.internal.TestInvoker.invokeMethod(TestInvoker.java:598)
at org.testng.internal.TestInvoker.invokeTestMethod(TestInvoker.java:173)
at org.testng.internal.MethodRunner.runInSequence(MethodRunner.java:46)
at org.testng.internal.TestInvoker$MethodInvocationAgent.invoke(TestInvoker.java:824)
at org.testng.internal.TestInvoker.invokeTestMethods(TestInvoker.java:146)
at org.testng.internal.TestMethodWorker.invokeTestMethods(TestMethodWorker.java:146)
at org.testng.internal.TestMethodWorker.run(TestMethodWorker.java:128)
at java.base/java.util.ArrayList.forEach(ArrayList.java:1511)
at org.testng.TestRunner.privateRun(TestRunner.java:794)
at org.testng.TestRunner.run(TestRunner.java:596)
at org.testng.SuiteRunner.runTest(SuiteRunner.java:377)
at org.testng.SuiteRunner.runSequentially(SuiteRunner.java:371)
at org.testng.SuiteRunner.privateRun(SuiteRunner.java:332)
at org.testng.SuiteRunner.run(SuiteRunner.java:276)
at org.testng.SuiteRunnerWorker.runSuite(SuiteRunnerWorker.java:53)
at org.testng.SuiteRunnerWorker.run(SuiteRunnerWorker.java:96)
at org.testng.TestNG.runSuitesSequentially(TestNG.java:1212)
at org.testng.TestNG.runSuitesLocally(TestNG.java:1134)
at org.testng.TestNG.runSuites(TestNG.java:1063)
at org.testng.TestNG.run(TestNG.java:1031)
at org.testng.remote.AbstractRemoteTestNG.run(AbstractRemoteTestNG.java:115)
at org.testng.remote.RemoteTestNG.initAndRun(RemoteTestNG.java:251)
at org.testng.remote.RemoteTestNG.main(RemoteTestNG.java:77)
]]>
    </failure>
  </testcase> <!-- validateColumnName_BKP -->
  <system-out>
    <![CDATA[Executing Snowflake query :: SELECT count(*) as TOTAL FROM DEV_ENT_RAW.ST_CASTEEL_MATILLION.PAYMENTTERM
Table Count in Snowflake:: 6
Executing Snowflake query :: select count(*) as TOTAL from CURATED_DATAMART.ST_BKP_CASTEEL.STR_PAYMENTTERM Where ACTIVE_FLAG='Y'
Table Count in Snowflake:: 6
Executing Snowflake query :: select count(*) as TOTAL from DEV_ENT_CURATED.MASTER_DIMENSIONS.DIM_PAYMENTTERM where tenant_type='CASTEEL' and RECORD_UPDATED_BY='Backup Table'
Table Count in Snowflake:: 0
Row Count of Table PAYMENTTERM is not matched for RAW :: 6 DataMart :: 6 CURATED :: 0]]>
  </system-out>
  <testcase classname="testcases.RAW_DATAMART_CURATED.SnowFlake_RowCount_v1" name="validateColumnName_BKP" time="1.649"/>
  <system-out>
    <![CDATA[Executing Snowflake query :: SELECT count(*) as TOTAL FROM DEV_ENT_RAW.ST_GOLDMEDAL_MATILLION.TRUCK
Table Count in Snowflake:: 393
Executing Snowflake query :: select count(*) as TOTAL from CURATED_DATAMART.ST_BKP_GOLDMEDAL.STR_TRUCK Where ACTIVE_FLAG='Y'
Table Count in Snowflake:: 393
Executing Snowflake query :: select count(*) as TOTAL from DEV_ENT_CURATED.MASTER_DIMENSIONS.DIM_TRUCK where tenant_type='GOLDMEDAL' and RECORD_UPDATED_BY='Backup Table'
Table Count in Snowflake:: 393
Row Count of Table TRUCK is matched for RAW :: 393 DataMart :: 393 CURATED :: 393]]>
  </system-out>
  <testcase classname="testcases.RAW_DATAMART_CURATED.SnowFlake_RowCount_v1" name="validateColumnName_BKP" time="1.442">
    <failure message="The following asserts failed:
	null" type="java.lang.AssertionError">
      <![CDATA[java.lang.AssertionError: The following asserts failed:
null
at org.testng.asserts.SoftAssert.assertAll(SoftAssert.java:47)
at org.testng.asserts.SoftAssert.assertAll(SoftAssert.java:31)
at testcases.RAW_DATAMART_CURATED.SnowFlake_RowCount_v1.validateColumnName_BKP(SnowFlake_RowCount_v1.java:39)
at jdk.internal.reflect.GeneratedMethodAccessor38.invoke(Unknown Source)
at java.base/jdk.internal.reflect.DelegatingMethodAccessorImpl.invoke(DelegatingMethodAccessorImpl.java:43)
at java.base/java.lang.reflect.Method.invoke(Method.java:568)
at org.testng.internal.MethodInvocationHelper.invokeMethod(MethodInvocationHelper.java:133)
at org.testng.internal.TestInvoker.invokeMethod(TestInvoker.java:598)
at org.testng.internal.TestInvoker.invokeTestMethod(TestInvoker.java:173)
at org.testng.internal.MethodRunner.runInSequence(MethodRunner.java:46)
at org.testng.internal.TestInvoker$MethodInvocationAgent.invoke(TestInvoker.java:824)
at org.testng.internal.TestInvoker.invokeTestMethods(TestInvoker.java:146)
at org.testng.internal.TestMethodWorker.invokeTestMethods(TestMethodWorker.java:146)
at org.testng.internal.TestMethodWorker.run(TestMethodWorker.java:128)
at java.base/java.util.ArrayList.forEach(ArrayList.java:1511)
at org.testng.TestRunner.privateRun(TestRunner.java:794)
at org.testng.TestRunner.run(TestRunner.java:596)
at org.testng.SuiteRunner.runTest(SuiteRunner.java:377)
at org.testng.SuiteRunner.runSequentially(SuiteRunner.java:371)
at org.testng.SuiteRunner.privateRun(SuiteRunner.java:332)
at org.testng.SuiteRunner.run(SuiteRunner.java:276)
at org.testng.SuiteRunnerWorker.runSuite(SuiteRunnerWorker.java:53)
at org.testng.SuiteRunnerWorker.run(SuiteRunnerWorker.java:96)
at org.testng.TestNG.runSuitesSequentially(TestNG.java:1212)
at org.testng.TestNG.runSuitesLocally(TestNG.java:1134)
at org.testng.TestNG.runSuites(TestNG.java:1063)
at org.testng.TestNG.run(TestNG.java:1031)
at org.testng.remote.AbstractRemoteTestNG.run(AbstractRemoteTestNG.java:115)
at org.testng.remote.RemoteTestNG.initAndRun(RemoteTestNG.java:251)
at org.testng.remote.RemoteTestNG.main(RemoteTestNG.java:77)
]]>
    </failure>
  </testcase> <!-- validateColumnName_BKP -->
  <system-out>
    <![CDATA[Executing Snowflake query :: SELECT count(*) as TOTAL FROM DEV_ENT_RAW.ST_EANESHEATING_MATILLION.JOBAPPOINTMENTASSIGNMENT
Snowflake - SQLException at readDB() method :: SQL compilation error:
Object 'DEV_ENT_RAW.ST_EANESHEATING_MATILLION.JOBAPPOINTMENTASSIGNMENT' does not exist or not authorized.
Executing Snowflake query :: select count(*) as TOTAL from CURATED_DATAMART.ST_BKP_EANESHEATING.STR_JOBAPPOINTMENTASSIGNMENT Where ACTIVE_FLAG='Y'
Table Count in Snowflake:: 509720
Executing Snowflake query :: select count(*) as TOTAL from DEV_ENT_CURATED.MASTER_DIMENSIONS.DIM_JOBAPPOINTMENTASSIGNMENT where tenant_type='EANESHEATING' and RECORD_UPDATED_BY='Backup Table'
Table Count in Snowflake:: 509720
Row Count of Table JOBAPPOINTMENTASSIGNMENT is matched for RAW :: 0 DataMart :: 509720 CURATED :: 509720]]>
  </system-out>
  <testcase classname="testcases.RAW_DATAMART_CURATED.SnowFlake_RowCount_v1" name="validateColumnName_BKP" time="2.141">
    <failure message="The following asserts failed:
	null" type="java.lang.AssertionError">
      <![CDATA[java.lang.AssertionError: The following asserts failed:
null
at org.testng.asserts.SoftAssert.assertAll(SoftAssert.java:47)
at org.testng.asserts.SoftAssert.assertAll(SoftAssert.java:31)
at testcases.RAW_DATAMART_CURATED.SnowFlake_RowCount_v1.validateColumnName_BKP(SnowFlake_RowCount_v1.java:39)
at jdk.internal.reflect.GeneratedMethodAccessor38.invoke(Unknown Source)
at java.base/jdk.internal.reflect.DelegatingMethodAccessorImpl.invoke(DelegatingMethodAccessorImpl.java:43)
at java.base/java.lang.reflect.Method.invoke(Method.java:568)
at org.testng.internal.MethodInvocationHelper.invokeMethod(MethodInvocationHelper.java:133)
at org.testng.internal.TestInvoker.invokeMethod(TestInvoker.java:598)
at org.testng.internal.TestInvoker.invokeTestMethod(TestInvoker.java:173)
at org.testng.internal.MethodRunner.runInSequence(MethodRunner.java:46)
at org.testng.internal.TestInvoker$MethodInvocationAgent.invoke(TestInvoker.java:824)
at org.testng.internal.TestInvoker.invokeTestMethods(TestInvoker.java:146)
at org.testng.internal.TestMethodWorker.invokeTestMethods(TestMethodWorker.java:146)
at org.testng.internal.TestMethodWorker.run(TestMethodWorker.java:128)
at java.base/java.util.ArrayList.forEach(ArrayList.java:1511)
at org.testng.TestRunner.privateRun(TestRunner.java:794)
at org.testng.TestRunner.run(TestRunner.java:596)
at org.testng.SuiteRunner.runTest(SuiteRunner.java:377)
at org.testng.SuiteRunner.runSequentially(SuiteRunner.java:371)
at org.testng.SuiteRunner.privateRun(SuiteRunner.java:332)
at org.testng.SuiteRunner.run(SuiteRunner.java:276)
at org.testng.SuiteRunnerWorker.runSuite(SuiteRunnerWorker.java:53)
at org.testng.SuiteRunnerWorker.run(SuiteRunnerWorker.java:96)
at org.testng.TestNG.runSuitesSequentially(TestNG.java:1212)
at org.testng.TestNG.runSuitesLocally(TestNG.java:1134)
at org.testng.TestNG.runSuites(TestNG.java:1063)
at org.testng.TestNG.run(TestNG.java:1031)
at org.testng.remote.AbstractRemoteTestNG.run(AbstractRemoteTestNG.java:115)
at org.testng.remote.RemoteTestNG.initAndRun(RemoteTestNG.java:251)
at org.testng.remote.RemoteTestNG.main(RemoteTestNG.java:77)
]]>
    </failure>
  </testcase> <!-- validateColumnName_BKP -->
  <system-out>
    <![CDATA[Executing Snowflake query :: SELECT count(*) as TOTAL FROM DEV_ENT_RAW.ST_FOURPROS_MATILLION.OPPORTUNITY
Table Count in Snowflake:: 85142
Executing Snowflake query :: select count(*) as TOTAL from CURATED_DATAMART.ST_BKP_FOURPROS.STR_OPPORTUNITY Where ACTIVE_FLAG='Y'
Table Count in Snowflake:: 85089
Executing Snowflake query :: select count(*) as TOTAL from DEV_ENT_CURATED.MASTER_DIMENSIONS.DIM_OPPORTUNITY where tenant_type='FOURPROS' and RECORD_UPDATED_BY='Backup Table'
Table Count in Snowflake:: 85089
Row Count of Table OPPORTUNITY is not matched for RAW :: 85142 DataMart :: 85089 CURATED :: 85089]]>
  </system-out>
  <testcase classname="testcases.RAW_DATAMART_CURATED.SnowFlake_RowCount_v1" name="validateColumnName_BKP" time="1.228">
    <failure message="The following asserts failed:
	null" type="java.lang.AssertionError">
      <![CDATA[java.lang.AssertionError: The following asserts failed:
null
at org.testng.asserts.SoftAssert.assertAll(SoftAssert.java:47)
at org.testng.asserts.SoftAssert.assertAll(SoftAssert.java:31)
at testcases.RAW_DATAMART_CURATED.SnowFlake_RowCount_v1.validateColumnName_BKP(SnowFlake_RowCount_v1.java:39)
at jdk.internal.reflect.GeneratedMethodAccessor38.invoke(Unknown Source)
at java.base/jdk.internal.reflect.DelegatingMethodAccessorImpl.invoke(DelegatingMethodAccessorImpl.java:43)
at java.base/java.lang.reflect.Method.invoke(Method.java:568)
at org.testng.internal.MethodInvocationHelper.invokeMethod(MethodInvocationHelper.java:133)
at org.testng.internal.TestInvoker.invokeMethod(TestInvoker.java:598)
at org.testng.internal.TestInvoker.invokeTestMethod(TestInvoker.java:173)
at org.testng.internal.MethodRunner.runInSequence(MethodRunner.java:46)
at org.testng.internal.TestInvoker$MethodInvocationAgent.invoke(TestInvoker.java:824)
at org.testng.internal.TestInvoker.invokeTestMethods(TestInvoker.java:146)
at org.testng.internal.TestMethodWorker.invokeTestMethods(TestMethodWorker.java:146)
at org.testng.internal.TestMethodWorker.run(TestMethodWorker.java:128)
at java.base/java.util.ArrayList.forEach(ArrayList.java:1511)
at org.testng.TestRunner.privateRun(TestRunner.java:794)
at org.testng.TestRunner.run(TestRunner.java:596)
at org.testng.SuiteRunner.runTest(SuiteRunner.java:377)
at org.testng.SuiteRunner.runSequentially(SuiteRunner.java:371)
at org.testng.SuiteRunner.privateRun(SuiteRunner.java:332)
at org.testng.SuiteRunner.run(SuiteRunner.java:276)
at org.testng.SuiteRunnerWorker.runSuite(SuiteRunnerWorker.java:53)
at org.testng.SuiteRunnerWorker.run(SuiteRunnerWorker.java:96)
at org.testng.TestNG.runSuitesSequentially(TestNG.java:1212)
at org.testng.TestNG.runSuitesLocally(TestNG.java:1134)
at org.testng.TestNG.runSuites(TestNG.java:1063)
at org.testng.TestNG.run(TestNG.java:1031)
at org.testng.remote.AbstractRemoteTestNG.run(AbstractRemoteTestNG.java:115)
at org.testng.remote.RemoteTestNG.initAndRun(RemoteTestNG.java:251)
at org.testng.remote.RemoteTestNG.main(RemoteTestNG.java:77)
]]>
    </failure>
  </testcase> <!-- validateColumnName_BKP -->
  <system-out>
    <![CDATA[Executing Snowflake query :: SELECT count(*) as TOTAL FROM DEV_ENT_RAW.ST_HARP_MATILLION.TECHNICIANPAYROLLADJUSTMENT
Table Count in Snowflake:: 0
Executing Snowflake query :: select count(*) as TOTAL from CURATED_DATAMART.ST_BKP_HARP.STR_TECHNICIANPAYROLLADJUSTMENT Where ACTIVE_FLAG='Y'
Table Count in Snowflake:: 0
Executing Snowflake query :: select count(*) as TOTAL from DEV_ENT_CURATED.MASTER_DIMENSIONS.DIM_TECHNICIANPAYROLLADJUSTMENT where tenant_type='HARP' and RECORD_UPDATED_BY='Backup Table'
Snowflake - SQLException at readDB() method :: SQL compilation error: error line 1 at position 125
invalid identifier 'RECORD_UPDATED_BY'
Row Count of Table TECHNICIANPAYROLLADJUSTMENT is matched for RAW :: 0 DataMart :: 0 CURATED :: 0]]>
  </system-out>
  <testcase classname="testcases.RAW_DATAMART_CURATED.SnowFlake_RowCount_v1" name="validateColumnName_BKP" time="1.439">
    <failure message="The following asserts failed:
	null,
	null" type="java.lang.AssertionError">
      <![CDATA[java.lang.AssertionError: The following asserts failed:
null,
null
at org.testng.asserts.SoftAssert.assertAll(SoftAssert.java:47)
at org.testng.asserts.SoftAssert.assertAll(SoftAssert.java:31)
at testcases.RAW_DATAMART_CURATED.SnowFlake_RowCount_v1.validateColumnName_BKP(SnowFlake_RowCount_v1.java:39)
at jdk.internal.reflect.GeneratedMethodAccessor38.invoke(Unknown Source)
at java.base/jdk.internal.reflect.DelegatingMethodAccessorImpl.invoke(DelegatingMethodAccessorImpl.java:43)
at java.base/java.lang.reflect.Method.invoke(Method.java:568)
at org.testng.internal.MethodInvocationHelper.invokeMethod(MethodInvocationHelper.java:133)
at org.testng.internal.TestInvoker.invokeMethod(TestInvoker.java:598)
at org.testng.internal.TestInvoker.invokeTestMethod(TestInvoker.java:173)
at org.testng.internal.MethodRunner.runInSequence(MethodRunner.java:46)
at org.testng.internal.TestInvoker$MethodInvocationAgent.invoke(TestInvoker.java:824)
at org.testng.internal.TestInvoker.invokeTestMethods(TestInvoker.java:146)
at org.testng.internal.TestMethodWorker.invokeTestMethods(TestMethodWorker.java:146)
at org.testng.internal.TestMethodWorker.run(TestMethodWorker.java:128)
at java.base/java.util.ArrayList.forEach(ArrayList.java:1511)
at org.testng.TestRunner.privateRun(TestRunner.java:794)
at org.testng.TestRunner.run(TestRunner.java:596)
at org.testng.SuiteRunner.runTest(SuiteRunner.java:377)
at org.testng.SuiteRunner.runSequentially(SuiteRunner.java:371)
at org.testng.SuiteRunner.privateRun(SuiteRunner.java:332)
at org.testng.SuiteRunner.run(SuiteRunner.java:276)
at org.testng.SuiteRunnerWorker.runSuite(SuiteRunnerWorker.java:53)
at org.testng.SuiteRunnerWorker.run(SuiteRunnerWorker.java:96)
at org.testng.TestNG.runSuitesSequentially(TestNG.java:1212)
at org.testng.TestNG.runSuitesLocally(TestNG.java:1134)
at org.testng.TestNG.runSuites(TestNG.java:1063)
at org.testng.TestNG.run(TestNG.java:1031)
at org.testng.remote.AbstractRemoteTestNG.run(AbstractRemoteTestNG.java:115)
at org.testng.remote.RemoteTestNG.initAndRun(RemoteTestNG.java:251)
at org.testng.remote.RemoteTestNG.main(RemoteTestNG.java:77)
]]>
    </failure>
  </testcase> <!-- validateColumnName_BKP -->
  <system-out>
    <![CDATA[Executing Snowflake query :: SELECT count(*) as TOTAL FROM DEV_ENT_RAW.ST_HUTCHINSON_MATILLION.TECHNICIANATTACHEDPROPERTY
Table Count in Snowflake:: 1190
Executing Snowflake query :: select count(*) as TOTAL from CURATED_DATAMART.ST_BKP_HUTCHINSON.STR_TECHNICIANATTACHEDPROPERTY Where ACTIVE_FLAG='Y'
Table Count in Snowflake:: 1190
Executing Snowflake query :: select count(*) as TOTAL from DEV_ENT_CURATED.MASTER_DIMENSIONS.DIM_TECHNICIANATTACHEDPROPERTY where tenant_type='HUTCHINSON' and RECORD_UPDATED_BY='Backup Table'
Snowflake - SQLException at readDB() method :: SQL compilation error: error line 1 at position 130
invalid identifier 'RECORD_UPDATED_BY'
Row Count of Table TECHNICIANATTACHEDPROPERTY is not matched for RAW :: 1190 DataMart :: 1190 CURATED :: 0]]>
  </system-out>
  <testcase classname="testcases.RAW_DATAMART_CURATED.SnowFlake_RowCount_v1" name="validateColumnName_BKP" time="2.047">
    <failure message="The following asserts failed:
	null" type="java.lang.AssertionError">
      <![CDATA[java.lang.AssertionError: The following asserts failed:
null
at org.testng.asserts.SoftAssert.assertAll(SoftAssert.java:47)
at org.testng.asserts.SoftAssert.assertAll(SoftAssert.java:31)
at testcases.RAW_DATAMART_CURATED.SnowFlake_RowCount_v1.validateColumnName_BKP(SnowFlake_RowCount_v1.java:39)
at jdk.internal.reflect.GeneratedMethodAccessor38.invoke(Unknown Source)
at java.base/jdk.internal.reflect.DelegatingMethodAccessorImpl.invoke(DelegatingMethodAccessorImpl.java:43)
at java.base/java.lang.reflect.Method.invoke(Method.java:568)
at org.testng.internal.MethodInvocationHelper.invokeMethod(MethodInvocationHelper.java:133)
at org.testng.internal.TestInvoker.invokeMethod(TestInvoker.java:598)
at org.testng.internal.TestInvoker.invokeTestMethod(TestInvoker.java:173)
at org.testng.internal.MethodRunner.runInSequence(MethodRunner.java:46)
at org.testng.internal.TestInvoker$MethodInvocationAgent.invoke(TestInvoker.java:824)
at org.testng.internal.TestInvoker.invokeTestMethods(TestInvoker.java:146)
at org.testng.internal.TestMethodWorker.invokeTestMethods(TestMethodWorker.java:146)
at org.testng.internal.TestMethodWorker.run(TestMethodWorker.java:128)
at java.base/java.util.ArrayList.forEach(ArrayList.java:1511)
at org.testng.TestRunner.privateRun(TestRunner.java:794)
at org.testng.TestRunner.run(TestRunner.java:596)
at org.testng.SuiteRunner.runTest(SuiteRunner.java:377)
at org.testng.SuiteRunner.runSequentially(SuiteRunner.java:371)
at org.testng.SuiteRunner.privateRun(SuiteRunner.java:332)
at org.testng.SuiteRunner.run(SuiteRunner.java:276)
at org.testng.SuiteRunnerWorker.runSuite(SuiteRunnerWorker.java:53)
at org.testng.SuiteRunnerWorker.run(SuiteRunnerWorker.java:96)
at org.testng.TestNG.runSuitesSequentially(TestNG.java:1212)
at org.testng.TestNG.runSuitesLocally(TestNG.java:1134)
at org.testng.TestNG.runSuites(TestNG.java:1063)
at org.testng.TestNG.run(TestNG.java:1031)
at org.testng.remote.AbstractRemoteTestNG.run(AbstractRemoteTestNG.java:115)
at org.testng.remote.RemoteTestNG.initAndRun(RemoteTestNG.java:251)
at org.testng.remote.RemoteTestNG.main(RemoteTestNG.java:77)
]]>
    </failure>
  </testcase> <!-- validateColumnName_BKP -->
  <system-out>
    <![CDATA[Executing Snowflake query :: SELECT count(*) as TOTAL FROM DEV_ENT_RAW.ST_HDAIR_MATILLION.TRADE
Snowflake - SQLException at readDB() method :: SQL compilation error:
Object 'DEV_ENT_RAW.ST_HDAIR_MATILLION.TRADE' does not exist or not authorized.
Executing Snowflake query :: select count(*) as TOTAL from CURATED_DATAMART.ST_BKP_HDAIR.STR_TRADE Where ACTIVE_FLAG='Y'
Table Count in Snowflake:: 4
Executing Snowflake query :: select count(*) as TOTAL from DEV_ENT_CURATED.MASTER_DIMENSIONS.DIM_TRADE where tenant_type='HDAIR' and RECORD_UPDATED_BY='Backup Table'
Table Count in Snowflake:: 4
Row Count of Table TRADE is matched for RAW :: 0 DataMart :: 4 CURATED :: 4]]>
  </system-out>
  <testcase classname="testcases.RAW_DATAMART_CURATED.SnowFlake_RowCount_v1" name="validateColumnName_BKP" time="1.260"/>
  <system-out>
    <![CDATA[Executing Snowflake query :: SELECT count(*) as TOTAL FROM DEV_ENT_RAW.ST_BILLFENWICK_MATILLION.OVERTIMEPROFILE
Table Count in Snowflake:: 6
Executing Snowflake query :: select count(*) as TOTAL from CURATED_DATAMART.ST_BKP_BILLFENWICK.STR_OVERTIMEPROFILE Where ACTIVE_FLAG='Y'
Table Count in Snowflake:: 6
Executing Snowflake query :: select count(*) as TOTAL from DEV_ENT_CURATED.MASTER_DIMENSIONS.DIM_OVERTIMEPROFILE where tenant_type='BILLFENWICK' and RECORD_UPDATED_BY='Backup Table'
Table Count in Snowflake:: 6
Row Count of Table OVERTIMEPROFILE is matched for RAW :: 6 DataMart :: 6 CURATED :: 6]]>
  </system-out>
  <testcase classname="testcases.RAW_DATAMART_CURATED.SnowFlake_RowCount_v1" name="validateColumnName_BKP" time="1.633">
    <failure message="The following asserts failed:
	null,
	null" type="java.lang.AssertionError">
      <![CDATA[java.lang.AssertionError: The following asserts failed:
null,
null
at org.testng.asserts.SoftAssert.assertAll(SoftAssert.java:47)
at org.testng.asserts.SoftAssert.assertAll(SoftAssert.java:31)
at testcases.RAW_DATAMART_CURATED.SnowFlake_RowCount_v1.validateColumnName_BKP(SnowFlake_RowCount_v1.java:39)
at jdk.internal.reflect.GeneratedMethodAccessor38.invoke(Unknown Source)
at java.base/jdk.internal.reflect.DelegatingMethodAccessorImpl.invoke(DelegatingMethodAccessorImpl.java:43)
at java.base/java.lang.reflect.Method.invoke(Method.java:568)
at org.testng.internal.MethodInvocationHelper.invokeMethod(MethodInvocationHelper.java:133)
at org.testng.internal.TestInvoker.invokeMethod(TestInvoker.java:598)
at org.testng.internal.TestInvoker.invokeTestMethod(TestInvoker.java:173)
at org.testng.internal.MethodRunner.runInSequence(MethodRunner.java:46)
at org.testng.internal.TestInvoker$MethodInvocationAgent.invoke(TestInvoker.java:824)
at org.testng.internal.TestInvoker.invokeTestMethods(TestInvoker.java:146)
at org.testng.internal.TestMethodWorker.invokeTestMethods(TestMethodWorker.java:146)
at org.testng.internal.TestMethodWorker.run(TestMethodWorker.java:128)
at java.base/java.util.ArrayList.forEach(ArrayList.java:1511)
at org.testng.TestRunner.privateRun(TestRunner.java:794)
at org.testng.TestRunner.run(TestRunner.java:596)
at org.testng.SuiteRunner.runTest(SuiteRunner.java:377)
at org.testng.SuiteRunner.runSequentially(SuiteRunner.java:371)
at org.testng.SuiteRunner.privateRun(SuiteRunner.java:332)
at org.testng.SuiteRunner.run(SuiteRunner.java:276)
at org.testng.SuiteRunnerWorker.runSuite(SuiteRunnerWorker.java:53)
at org.testng.SuiteRunnerWorker.run(SuiteRunnerWorker.java:96)
at org.testng.TestNG.runSuitesSequentially(TestNG.java:1212)
at org.testng.TestNG.runSuitesLocally(TestNG.java:1134)
at org.testng.TestNG.runSuites(TestNG.java:1063)
at org.testng.TestNG.run(TestNG.java:1031)
at org.testng.remote.AbstractRemoteTestNG.run(AbstractRemoteTestNG.java:115)
at org.testng.remote.RemoteTestNG.initAndRun(RemoteTestNG.java:251)
at org.testng.remote.RemoteTestNG.main(RemoteTestNG.java:77)
]]>
    </failure>
  </testcase> <!-- validateColumnName_BKP -->
  <system-out>
    <![CDATA[Executing Snowflake query :: SELECT count(*) as TOTAL FROM DEV_ENT_RAW.ST_GOLDMEDAL_MATILLION.TECHNICIANPAYROLL
Table Count in Snowflake:: 38262
Executing Snowflake query :: select count(*) as TOTAL from CURATED_DATAMART.ST_BKP_GOLDMEDAL.STR_TECHNICIANPAYROLL Where ACTIVE_FLAG='Y'
Table Count in Snowflake:: 38262
Executing Snowflake query :: select count(*) as TOTAL from DEV_ENT_CURATED.MASTER_DIMENSIONS.DIM_TECHNICIANPAYROLL where tenant_type='GOLDMEDAL' and RECORD_UPDATED_BY='Backup Table'
Snowflake - SQLException at readDB() method :: SQL compilation error: error line 1 at position 120
invalid identifier 'RECORD_UPDATED_BY'
Row Count of Table TECHNICIANPAYROLL is not matched for RAW :: 38262 DataMart :: 38262 CURATED :: 0]]>
  </system-out>
  <testcase classname="testcases.RAW_DATAMART_CURATED.SnowFlake_RowCount_v1" name="validateColumnName_BKP" time="1.269">
    <failure message="The following asserts failed:
	null" type="java.lang.AssertionError">
      <![CDATA[java.lang.AssertionError: The following asserts failed:
null
at org.testng.asserts.SoftAssert.assertAll(SoftAssert.java:47)
at org.testng.asserts.SoftAssert.assertAll(SoftAssert.java:31)
at testcases.RAW_DATAMART_CURATED.SnowFlake_RowCount_v1.validateColumnName_BKP(SnowFlake_RowCount_v1.java:39)
at jdk.internal.reflect.GeneratedMethodAccessor38.invoke(Unknown Source)
at java.base/jdk.internal.reflect.DelegatingMethodAccessorImpl.invoke(DelegatingMethodAccessorImpl.java:43)
at java.base/java.lang.reflect.Method.invoke(Method.java:568)
at org.testng.internal.MethodInvocationHelper.invokeMethod(MethodInvocationHelper.java:133)
at org.testng.internal.TestInvoker.invokeMethod(TestInvoker.java:598)
at org.testng.internal.TestInvoker.invokeTestMethod(TestInvoker.java:173)
at org.testng.internal.MethodRunner.runInSequence(MethodRunner.java:46)
at org.testng.internal.TestInvoker$MethodInvocationAgent.invoke(TestInvoker.java:824)
at org.testng.internal.TestInvoker.invokeTestMethods(TestInvoker.java:146)
at org.testng.internal.TestMethodWorker.invokeTestMethods(TestMethodWorker.java:146)
at org.testng.internal.TestMethodWorker.run(TestMethodWorker.java:128)
at java.base/java.util.ArrayList.forEach(ArrayList.java:1511)
at org.testng.TestRunner.privateRun(TestRunner.java:794)
at org.testng.TestRunner.run(TestRunner.java:596)
at org.testng.SuiteRunner.runTest(SuiteRunner.java:377)
at org.testng.SuiteRunner.runSequentially(SuiteRunner.java:371)
at org.testng.SuiteRunner.privateRun(SuiteRunner.java:332)
at org.testng.SuiteRunner.run(SuiteRunner.java:276)
at org.testng.SuiteRunnerWorker.runSuite(SuiteRunnerWorker.java:53)
at org.testng.SuiteRunnerWorker.run(SuiteRunnerWorker.java:96)
at org.testng.TestNG.runSuitesSequentially(TestNG.java:1212)
at org.testng.TestNG.runSuitesLocally(TestNG.java:1134)
at org.testng.TestNG.runSuites(TestNG.java:1063)
at org.testng.TestNG.run(TestNG.java:1031)
at org.testng.remote.AbstractRemoteTestNG.run(AbstractRemoteTestNG.java:115)
at org.testng.remote.RemoteTestNG.initAndRun(RemoteTestNG.java:251)
at org.testng.remote.RemoteTestNG.main(RemoteTestNG.java:77)
]]>
    </failure>
  </testcase> <!-- validateColumnName_BKP -->
  <system-out>
    <![CDATA[Executing Snowflake query :: SELECT count(*) as TOTAL FROM DEV_ENT_RAW.ST_EANESHEATING_MATILLION.TRADE
Snowflake - SQLException at readDB() method :: SQL compilation error:
Object 'DEV_ENT_RAW.ST_EANESHEATING_MATILLION.TRADE' does not exist or not authorized.
Executing Snowflake query :: select count(*) as TOTAL from CURATED_DATAMART.ST_BKP_EANESHEATING.STR_TRADE Where ACTIVE_FLAG='Y'
Table Count in Snowflake:: 2
Executing Snowflake query :: select count(*) as TOTAL from DEV_ENT_CURATED.MASTER_DIMENSIONS.DIM_TRADE where tenant_type='EANESHEATING' and RECORD_UPDATED_BY='Backup Table'
Table Count in Snowflake:: 2
Row Count of Table TRADE is matched for RAW :: 0 DataMart :: 2 CURATED :: 2]]>
  </system-out>
  <testcase classname="testcases.RAW_DATAMART_CURATED.SnowFlake_RowCount_v1" name="validateColumnName_BKP" time="1.207">
    <failure message="The following asserts failed:
	null" type="java.lang.AssertionError">
      <![CDATA[java.lang.AssertionError: The following asserts failed:
null
at org.testng.asserts.SoftAssert.assertAll(SoftAssert.java:47)
at org.testng.asserts.SoftAssert.assertAll(SoftAssert.java:31)
at testcases.RAW_DATAMART_CURATED.SnowFlake_RowCount_v1.validateColumnName_BKP(SnowFlake_RowCount_v1.java:39)
at jdk.internal.reflect.GeneratedMethodAccessor38.invoke(Unknown Source)
at java.base/jdk.internal.reflect.DelegatingMethodAccessorImpl.invoke(DelegatingMethodAccessorImpl.java:43)
at java.base/java.lang.reflect.Method.invoke(Method.java:568)
at org.testng.internal.MethodInvocationHelper.invokeMethod(MethodInvocationHelper.java:133)
at org.testng.internal.TestInvoker.invokeMethod(TestInvoker.java:598)
at org.testng.internal.TestInvoker.invokeTestMethod(TestInvoker.java:173)
at org.testng.internal.MethodRunner.runInSequence(MethodRunner.java:46)
at org.testng.internal.TestInvoker$MethodInvocationAgent.invoke(TestInvoker.java:824)
at org.testng.internal.TestInvoker.invokeTestMethods(TestInvoker.java:146)
at org.testng.internal.TestMethodWorker.invokeTestMethods(TestMethodWorker.java:146)
at org.testng.internal.TestMethodWorker.run(TestMethodWorker.java:128)
at java.base/java.util.ArrayList.forEach(ArrayList.java:1511)
at org.testng.TestRunner.privateRun(TestRunner.java:794)
at org.testng.TestRunner.run(TestRunner.java:596)
at org.testng.SuiteRunner.runTest(SuiteRunner.java:377)
at org.testng.SuiteRunner.runSequentially(SuiteRunner.java:371)
at org.testng.SuiteRunner.privateRun(SuiteRunner.java:332)
at org.testng.SuiteRunner.run(SuiteRunner.java:276)
at org.testng.SuiteRunnerWorker.runSuite(SuiteRunnerWorker.java:53)
at org.testng.SuiteRunnerWorker.run(SuiteRunnerWorker.java:96)
at org.testng.TestNG.runSuitesSequentially(TestNG.java:1212)
at org.testng.TestNG.runSuitesLocally(TestNG.java:1134)
at org.testng.TestNG.runSuites(TestNG.java:1063)
at org.testng.TestNG.run(TestNG.java:1031)
at org.testng.remote.AbstractRemoteTestNG.run(AbstractRemoteTestNG.java:115)
at org.testng.remote.RemoteTestNG.initAndRun(RemoteTestNG.java:251)
at org.testng.remote.RemoteTestNG.main(RemoteTestNG.java:77)
]]>
    </failure>
  </testcase> <!-- validateColumnName_BKP -->
  <system-out>
    <![CDATA[Executing Snowflake query :: SELECT count(*) as TOTAL FROM DEV_ENT_RAW.ST_EANESHEATING_MATILLION.DIVISION
Snowflake - SQLException at readDB() method :: SQL compilation error:
Object 'DEV_ENT_RAW.ST_EANESHEATING_MATILLION.DIVISION' does not exist or not authorized.
Executing Snowflake query :: select count(*) as TOTAL from CURATED_DATAMART.ST_BKP_EANESHEATING.STR_DIVISION Where ACTIVE_FLAG='Y'
Table Count in Snowflake:: 4
Executing Snowflake query :: select count(*) as TOTAL from DEV_ENT_CURATED.MASTER_DIMENSIONS.DIM_DIVISION where tenant_type='EANESHEATING' and RECORD_UPDATED_BY='Backup Table'
Table Count in Snowflake:: 4
Row Count of Table DIVISION is matched for RAW :: 0 DataMart :: 4 CURATED :: 4]]>
  </system-out>
  <testcase classname="testcases.RAW_DATAMART_CURATED.SnowFlake_RowCount_v1" name="validateColumnName_BKP" time="1.435">
    <failure message="The following asserts failed:
	null" type="java.lang.AssertionError">
      <![CDATA[java.lang.AssertionError: The following asserts failed:
null
at org.testng.asserts.SoftAssert.assertAll(SoftAssert.java:47)
at org.testng.asserts.SoftAssert.assertAll(SoftAssert.java:31)
at testcases.RAW_DATAMART_CURATED.SnowFlake_RowCount_v1.validateColumnName_BKP(SnowFlake_RowCount_v1.java:39)
at jdk.internal.reflect.GeneratedMethodAccessor38.invoke(Unknown Source)
at java.base/jdk.internal.reflect.DelegatingMethodAccessorImpl.invoke(DelegatingMethodAccessorImpl.java:43)
at java.base/java.lang.reflect.Method.invoke(Method.java:568)
at org.testng.internal.MethodInvocationHelper.invokeMethod(MethodInvocationHelper.java:133)
at org.testng.internal.TestInvoker.invokeMethod(TestInvoker.java:598)
at org.testng.internal.TestInvoker.invokeTestMethod(TestInvoker.java:173)
at org.testng.internal.MethodRunner.runInSequence(MethodRunner.java:46)
at org.testng.internal.TestInvoker$MethodInvocationAgent.invoke(TestInvoker.java:824)
at org.testng.internal.TestInvoker.invokeTestMethods(TestInvoker.java:146)
at org.testng.internal.TestMethodWorker.invokeTestMethods(TestMethodWorker.java:146)
at org.testng.internal.TestMethodWorker.run(TestMethodWorker.java:128)
at java.base/java.util.ArrayList.forEach(ArrayList.java:1511)
at org.testng.TestRunner.privateRun(TestRunner.java:794)
at org.testng.TestRunner.run(TestRunner.java:596)
at org.testng.SuiteRunner.runTest(SuiteRunner.java:377)
at org.testng.SuiteRunner.runSequentially(SuiteRunner.java:371)
at org.testng.SuiteRunner.privateRun(SuiteRunner.java:332)
at org.testng.SuiteRunner.run(SuiteRunner.java:276)
at org.testng.SuiteRunnerWorker.runSuite(SuiteRunnerWorker.java:53)
at org.testng.SuiteRunnerWorker.run(SuiteRunnerWorker.java:96)
at org.testng.TestNG.runSuitesSequentially(TestNG.java:1212)
at org.testng.TestNG.runSuitesLocally(TestNG.java:1134)
at org.testng.TestNG.runSuites(TestNG.java:1063)
at org.testng.TestNG.run(TestNG.java:1031)
at org.testng.remote.AbstractRemoteTestNG.run(AbstractRemoteTestNG.java:115)
at org.testng.remote.RemoteTestNG.initAndRun(RemoteTestNG.java:251)
at org.testng.remote.RemoteTestNG.main(RemoteTestNG.java:77)
]]>
    </failure>
  </testcase> <!-- validateColumnName_BKP -->
  <system-out>
    <![CDATA[Executing Snowflake query :: SELECT count(*) as TOTAL FROM DEV_ENT_RAW.ST_FOURPROS_MATILLION.BATCH
Table Count in Snowflake:: 3527
Executing Snowflake query :: select count(*) as TOTAL from CURATED_DATAMART.ST_BKP_FOURPROS.STR_BATCH Where ACTIVE_FLAG='Y'
Table Count in Snowflake:: 3510
Executing Snowflake query :: select count(*) as TOTAL from DEV_ENT_CURATED.MASTER_DIMENSIONS.FACT_BATCH where tenant_type='FOURPROS' and RECORD_UPDATED_BY='Backup Table'
Table Count in Snowflake:: 3510
Row Count of Table BATCH is not matched for RAW :: 3527 DataMart :: 3510 CURATED :: 3510]]>
  </system-out>
  <testcase classname="testcases.RAW_DATAMART_CURATED.SnowFlake_RowCount_v1" name="validateColumnName_BKP" time="1.745">
    <failure message="The following asserts failed:
	null" type="java.lang.AssertionError">
      <![CDATA[java.lang.AssertionError: The following asserts failed:
null
at org.testng.asserts.SoftAssert.assertAll(SoftAssert.java:47)
at org.testng.asserts.SoftAssert.assertAll(SoftAssert.java:31)
at testcases.RAW_DATAMART_CURATED.SnowFlake_RowCount_v1.validateColumnName_BKP(SnowFlake_RowCount_v1.java:39)
at jdk.internal.reflect.GeneratedMethodAccessor38.invoke(Unknown Source)
at java.base/jdk.internal.reflect.DelegatingMethodAccessorImpl.invoke(DelegatingMethodAccessorImpl.java:43)
at java.base/java.lang.reflect.Method.invoke(Method.java:568)
at org.testng.internal.MethodInvocationHelper.invokeMethod(MethodInvocationHelper.java:133)
at org.testng.internal.TestInvoker.invokeMethod(TestInvoker.java:598)
at org.testng.internal.TestInvoker.invokeTestMethod(TestInvoker.java:173)
at org.testng.internal.MethodRunner.runInSequence(MethodRunner.java:46)
at org.testng.internal.TestInvoker$MethodInvocationAgent.invoke(TestInvoker.java:824)
at org.testng.internal.TestInvoker.invokeTestMethods(TestInvoker.java:146)
at org.testng.internal.TestMethodWorker.invokeTestMethods(TestMethodWorker.java:146)
at org.testng.internal.TestMethodWorker.run(TestMethodWorker.java:128)
at java.base/java.util.ArrayList.forEach(ArrayList.java:1511)
at org.testng.TestRunner.privateRun(TestRunner.java:794)
at org.testng.TestRunner.run(TestRunner.java:596)
at org.testng.SuiteRunner.runTest(SuiteRunner.java:377)
at org.testng.SuiteRunner.runSequentially(SuiteRunner.java:371)
at org.testng.SuiteRunner.privateRun(SuiteRunner.java:332)
at org.testng.SuiteRunner.run(SuiteRunner.java:276)
at org.testng.SuiteRunnerWorker.runSuite(SuiteRunnerWorker.java:53)
at org.testng.SuiteRunnerWorker.run(SuiteRunnerWorker.java:96)
at org.testng.TestNG.runSuitesSequentially(TestNG.java:1212)
at org.testng.TestNG.runSuitesLocally(TestNG.java:1134)
at org.testng.TestNG.runSuites(TestNG.java:1063)
at org.testng.TestNG.run(TestNG.java:1031)
at org.testng.remote.AbstractRemoteTestNG.run(AbstractRemoteTestNG.java:115)
at org.testng.remote.RemoteTestNG.initAndRun(RemoteTestNG.java:251)
at org.testng.remote.RemoteTestNG.main(RemoteTestNG.java:77)
]]>
    </failure>
  </testcase> <!-- validateColumnName_BKP -->
  <system-out>
    <![CDATA[Executing Snowflake query :: SELECT count(*) as TOTAL FROM DEV_ENT_RAW.ST_HDAIR_MATILLION.CUSTOMFIELD
Snowflake - SQLException at readDB() method :: SQL compilation error:
Object 'DEV_ENT_RAW.ST_HDAIR_MATILLION.CUSTOMFIELD' does not exist or not authorized.
Executing Snowflake query :: select count(*) as TOTAL from CURATED_DATAMART.ST_BKP_HDAIR.STR_CUSTOMFIELD Where ACTIVE_FLAG='Y'
Table Count in Snowflake:: 293144
Executing Snowflake query :: select count(*) as TOTAL from DEV_ENT_CURATED.MASTER_DIMENSIONS.FACT_CUSTOMFIELD where tenant_type='HDAIR' and RECORD_UPDATED_BY='Backup Table'
Table Count in Snowflake:: 293144
Row Count of Table CUSTOMFIELD is matched for RAW :: 0 DataMart :: 293144 CURATED :: 293144]]>
  </system-out>
  <testcase classname="testcases.RAW_DATAMART_CURATED.SnowFlake_RowCount_v1" name="validateColumnName_BKP" time="1.539">
    <failure message="The following asserts failed:
	null" type="java.lang.AssertionError">
      <![CDATA[java.lang.AssertionError: The following asserts failed:
null
at org.testng.asserts.SoftAssert.assertAll(SoftAssert.java:47)
at org.testng.asserts.SoftAssert.assertAll(SoftAssert.java:31)
at testcases.RAW_DATAMART_CURATED.SnowFlake_RowCount_v1.validateColumnName_BKP(SnowFlake_RowCount_v1.java:39)
at jdk.internal.reflect.GeneratedMethodAccessor38.invoke(Unknown Source)
at java.base/jdk.internal.reflect.DelegatingMethodAccessorImpl.invoke(DelegatingMethodAccessorImpl.java:43)
at java.base/java.lang.reflect.Method.invoke(Method.java:568)
at org.testng.internal.MethodInvocationHelper.invokeMethod(MethodInvocationHelper.java:133)
at org.testng.internal.TestInvoker.invokeMethod(TestInvoker.java:598)
at org.testng.internal.TestInvoker.invokeTestMethod(TestInvoker.java:173)
at org.testng.internal.MethodRunner.runInSequence(MethodRunner.java:46)
at org.testng.internal.TestInvoker$MethodInvocationAgent.invoke(TestInvoker.java:824)
at org.testng.internal.TestInvoker.invokeTestMethods(TestInvoker.java:146)
at org.testng.internal.TestMethodWorker.invokeTestMethods(TestMethodWorker.java:146)
at org.testng.internal.TestMethodWorker.run(TestMethodWorker.java:128)
at java.base/java.util.ArrayList.forEach(ArrayList.java:1511)
at org.testng.TestRunner.privateRun(TestRunner.java:794)
at org.testng.TestRunner.run(TestRunner.java:596)
at org.testng.SuiteRunner.runTest(SuiteRunner.java:377)
at org.testng.SuiteRunner.runSequentially(SuiteRunner.java:371)
at org.testng.SuiteRunner.privateRun(SuiteRunner.java:332)
at org.testng.SuiteRunner.run(SuiteRunner.java:276)
at org.testng.SuiteRunnerWorker.runSuite(SuiteRunnerWorker.java:53)
at org.testng.SuiteRunnerWorker.run(SuiteRunnerWorker.java:96)
at org.testng.TestNG.runSuitesSequentially(TestNG.java:1212)
at org.testng.TestNG.runSuitesLocally(TestNG.java:1134)
at org.testng.TestNG.runSuites(TestNG.java:1063)
at org.testng.TestNG.run(TestNG.java:1031)
at org.testng.remote.AbstractRemoteTestNG.run(AbstractRemoteTestNG.java:115)
at org.testng.remote.RemoteTestNG.initAndRun(RemoteTestNG.java:251)
at org.testng.remote.RemoteTestNG.main(RemoteTestNG.java:77)
]]>
    </failure>
  </testcase> <!-- validateColumnName_BKP -->
  <system-out>
    <![CDATA[Executing Snowflake query :: SELECT count(*) as TOTAL FROM DEV_ENT_RAW.ST_HENDERSON_MATILLION.JOBCANCELEDLOG
Table Count in Snowflake:: 6729
Executing Snowflake query :: select count(*) as TOTAL from CURATED_DATAMART.ST_BKP_HENDERSON.STR_JOBCANCELEDLOG Where ACTIVE_FLAG='Y'
Table Count in Snowflake:: 6721
Executing Snowflake query :: select count(*) as TOTAL from DEV_ENT_CURATED.MASTER_DIMENSIONS.DIM_JOBCANCELEDLOG where tenant_type='HENDERSON' and RECORD_UPDATED_BY='Backup Table'
Table Count in Snowflake:: 6721
Row Count of Table JOBCANCELEDLOG is not matched for RAW :: 6729 DataMart :: 6721 CURATED :: 6721]]>
  </system-out>
  <testcase classname="testcases.RAW_DATAMART_CURATED.SnowFlake_RowCount_v1" name="validateColumnName_BKP" time="1.348"/>
  <system-out>
    <![CDATA[Executing Snowflake query :: SELECT count(*) as TOTAL FROM DEV_ENT_RAW.ST_MAITZ_MATILLION.DIVISION
Table Count in Snowflake:: 5
Executing Snowflake query :: select count(*) as TOTAL from CURATED_DATAMART.ST_BKP_MAITZ.STR_DIVISION Where ACTIVE_FLAG='Y'
Table Count in Snowflake:: 5
Executing Snowflake query :: select count(*) as TOTAL from DEV_ENT_CURATED.MASTER_DIMENSIONS.DIM_DIVISION where tenant_type='MAITZ' and RECORD_UPDATED_BY='Backup Table'
Table Count in Snowflake:: 5
Row Count of Table DIVISION is matched for RAW :: 5 DataMart :: 5 CURATED :: 5]]>
  </system-out>
  <testcase classname="testcases.RAW_DATAMART_CURATED.SnowFlake_RowCount_v1" name="validateColumnName_BKP" time="1.838">
    <failure message="The following asserts failed:
	null" type="java.lang.AssertionError">
      <![CDATA[java.lang.AssertionError: The following asserts failed:
null
at org.testng.asserts.SoftAssert.assertAll(SoftAssert.java:47)
at org.testng.asserts.SoftAssert.assertAll(SoftAssert.java:31)
at testcases.RAW_DATAMART_CURATED.SnowFlake_RowCount_v1.validateColumnName_BKP(SnowFlake_RowCount_v1.java:39)
at jdk.internal.reflect.GeneratedMethodAccessor38.invoke(Unknown Source)
at java.base/jdk.internal.reflect.DelegatingMethodAccessorImpl.invoke(DelegatingMethodAccessorImpl.java:43)
at java.base/java.lang.reflect.Method.invoke(Method.java:568)
at org.testng.internal.MethodInvocationHelper.invokeMethod(MethodInvocationHelper.java:133)
at org.testng.internal.TestInvoker.invokeMethod(TestInvoker.java:598)
at org.testng.internal.TestInvoker.invokeTestMethod(TestInvoker.java:173)
at org.testng.internal.MethodRunner.runInSequence(MethodRunner.java:46)
at org.testng.internal.TestInvoker$MethodInvocationAgent.invoke(TestInvoker.java:824)
at org.testng.internal.TestInvoker.invokeTestMethods(TestInvoker.java:146)
at org.testng.internal.TestMethodWorker.invokeTestMethods(TestMethodWorker.java:146)
at org.testng.internal.TestMethodWorker.run(TestMethodWorker.java:128)
at java.base/java.util.ArrayList.forEach(ArrayList.java:1511)
at org.testng.TestRunner.privateRun(TestRunner.java:794)
at org.testng.TestRunner.run(TestRunner.java:596)
at org.testng.SuiteRunner.runTest(SuiteRunner.java:377)
at org.testng.SuiteRunner.runSequentially(SuiteRunner.java:371)
at org.testng.SuiteRunner.privateRun(SuiteRunner.java:332)
at org.testng.SuiteRunner.run(SuiteRunner.java:276)
at org.testng.SuiteRunnerWorker.runSuite(SuiteRunnerWorker.java:53)
at org.testng.SuiteRunnerWorker.run(SuiteRunnerWorker.java:96)
at org.testng.TestNG.runSuitesSequentially(TestNG.java:1212)
at org.testng.TestNG.runSuitesLocally(TestNG.java:1134)
at org.testng.TestNG.runSuites(TestNG.java:1063)
at org.testng.TestNG.run(TestNG.java:1031)
at org.testng.remote.AbstractRemoteTestNG.run(AbstractRemoteTestNG.java:115)
at org.testng.remote.RemoteTestNG.initAndRun(RemoteTestNG.java:251)
at org.testng.remote.RemoteTestNG.main(RemoteTestNG.java:77)
]]>
    </failure>
  </testcase> <!-- validateColumnName_BKP -->
  <system-out>
    <![CDATA[Executing Snowflake query :: SELECT count(*) as TOTAL FROM DEV_ENT_RAW.ST_MAITZ_MATILLION.JOBCANCELEDLOG
Table Count in Snowflake:: 2119
Executing Snowflake query :: select count(*) as TOTAL from CURATED_DATAMART.ST_BKP_MAITZ.STR_JOBCANCELEDLOG Where ACTIVE_FLAG='Y'
Table Count in Snowflake:: 2112
Executing Snowflake query :: select count(*) as TOTAL from DEV_ENT_CURATED.MASTER_DIMENSIONS.DIM_JOBCANCELEDLOG where tenant_type='MAITZ' and RECORD_UPDATED_BY='Backup Table'
Table Count in Snowflake:: 2112
Row Count of Table JOBCANCELEDLOG is not matched for RAW :: 2119 DataMart :: 2112 CURATED :: 2112]]>
  </system-out>
  <testcase classname="testcases.RAW_DATAMART_CURATED.SnowFlake_RowCount_v1" name="validateColumnName_BKP" time="1.745"/>
  <system-out>
    <![CDATA[Executing Snowflake query :: SELECT count(*) as TOTAL FROM DEV_ENT_RAW.ST_CASTEEL_MATILLION.OVERTIMEPROFILE
Table Count in Snowflake:: 6
Executing Snowflake query :: select count(*) as TOTAL from CURATED_DATAMART.ST_BKP_CASTEEL.STR_OVERTIMEPROFILE Where ACTIVE_FLAG='Y'
Table Count in Snowflake:: 6
Executing Snowflake query :: select count(*) as TOTAL from DEV_ENT_CURATED.MASTER_DIMENSIONS.DIM_OVERTIMEPROFILE where tenant_type='CASTEEL' and RECORD_UPDATED_BY='Backup Table'
Table Count in Snowflake:: 6
Row Count of Table OVERTIMEPROFILE is matched for RAW :: 6 DataMart :: 6 CURATED :: 6]]>
  </system-out>
  <testcase classname="testcases.RAW_DATAMART_CURATED.SnowFlake_RowCount_v1" name="validateColumnName_BKP" time="1.299"/>
  <system-out>
    <![CDATA[Executing Snowflake query :: SELECT count(*) as TOTAL FROM DEV_ENT_RAW.ST_MAITZ_MATILLION.TRADE
Table Count in Snowflake:: 12
Executing Snowflake query :: select count(*) as TOTAL from CURATED_DATAMART.ST_BKP_MAITZ.STR_TRADE Where ACTIVE_FLAG='Y'
Table Count in Snowflake:: 12
Executing Snowflake query :: select count(*) as TOTAL from DEV_ENT_CURATED.MASTER_DIMENSIONS.DIM_TRADE where tenant_type='MAITZ' and RECORD_UPDATED_BY='Backup Table'
Table Count in Snowflake:: 12
Row Count of Table TRADE is matched for RAW :: 12 DataMart :: 12 CURATED :: 12]]>
  </system-out>
  <testcase classname="testcases.RAW_DATAMART_CURATED.SnowFlake_RowCount_v1" name="validateColumnName_BKP" time="1.916">
    <failure message="The following asserts failed:
	null,
	null" type="java.lang.AssertionError">
      <![CDATA[java.lang.AssertionError: The following asserts failed:
null,
null
at org.testng.asserts.SoftAssert.assertAll(SoftAssert.java:47)
at org.testng.asserts.SoftAssert.assertAll(SoftAssert.java:31)
at testcases.RAW_DATAMART_CURATED.SnowFlake_RowCount_v1.validateColumnName_BKP(SnowFlake_RowCount_v1.java:39)
at jdk.internal.reflect.GeneratedMethodAccessor38.invoke(Unknown Source)
at java.base/jdk.internal.reflect.DelegatingMethodAccessorImpl.invoke(DelegatingMethodAccessorImpl.java:43)
at java.base/java.lang.reflect.Method.invoke(Method.java:568)
at org.testng.internal.MethodInvocationHelper.invokeMethod(MethodInvocationHelper.java:133)
at org.testng.internal.TestInvoker.invokeMethod(TestInvoker.java:598)
at org.testng.internal.TestInvoker.invokeTestMethod(TestInvoker.java:173)
at org.testng.internal.MethodRunner.runInSequence(MethodRunner.java:46)
at org.testng.internal.TestInvoker$MethodInvocationAgent.invoke(TestInvoker.java:824)
at org.testng.internal.TestInvoker.invokeTestMethods(TestInvoker.java:146)
at org.testng.internal.TestMethodWorker.invokeTestMethods(TestMethodWorker.java:146)
at org.testng.internal.TestMethodWorker.run(TestMethodWorker.java:128)
at java.base/java.util.ArrayList.forEach(ArrayList.java:1511)
at org.testng.TestRunner.privateRun(TestRunner.java:794)
at org.testng.TestRunner.run(TestRunner.java:596)
at org.testng.SuiteRunner.runTest(SuiteRunner.java:377)
at org.testng.SuiteRunner.runSequentially(SuiteRunner.java:371)
at org.testng.SuiteRunner.privateRun(SuiteRunner.java:332)
at org.testng.SuiteRunner.run(SuiteRunner.java:276)
at org.testng.SuiteRunnerWorker.runSuite(SuiteRunnerWorker.java:53)
at org.testng.SuiteRunnerWorker.run(SuiteRunnerWorker.java:96)
at org.testng.TestNG.runSuitesSequentially(TestNG.java:1212)
at org.testng.TestNG.runSuitesLocally(TestNG.java:1134)
at org.testng.TestNG.runSuites(TestNG.java:1063)
at org.testng.TestNG.run(TestNG.java:1031)
at org.testng.remote.AbstractRemoteTestNG.run(AbstractRemoteTestNG.java:115)
at org.testng.remote.RemoteTestNG.initAndRun(RemoteTestNG.java:251)
at org.testng.remote.RemoteTestNG.main(RemoteTestNG.java:77)
]]>
    </failure>
  </testcase> <!-- validateColumnName_BKP -->
  <system-out>
    <![CDATA[Executing Snowflake query :: SELECT count(*) as TOTAL FROM DEV_ENT_RAW.ST_HUTCHINSON_MATILLION.TECHNICIANPAYROLL
Table Count in Snowflake:: 7463
Executing Snowflake query :: select count(*) as TOTAL from CURATED_DATAMART.ST_BKP_HUTCHINSON.STR_TECHNICIANPAYROLL Where ACTIVE_FLAG='Y'
Table Count in Snowflake:: 7271
Executing Snowflake query :: select count(*) as TOTAL from DEV_ENT_CURATED.MASTER_DIMENSIONS.DIM_TECHNICIANPAYROLL where tenant_type='HUTCHINSON' and RECORD_UPDATED_BY='Backup Table'
Snowflake - SQLException at readDB() method :: SQL compilation error: error line 1 at position 121
invalid identifier 'RECORD_UPDATED_BY'
Row Count of Table TECHNICIANPAYROLL is not matched for RAW :: 7463 DataMart :: 7271 CURATED :: 0]]>
  </system-out>
  <testcase classname="testcases.RAW_DATAMART_CURATED.SnowFlake_RowCount_v1" name="validateColumnName_BKP" time="1.393">
    <failure message="The following asserts failed:
	null" type="java.lang.AssertionError">
      <![CDATA[java.lang.AssertionError: The following asserts failed:
null
at org.testng.asserts.SoftAssert.assertAll(SoftAssert.java:47)
at org.testng.asserts.SoftAssert.assertAll(SoftAssert.java:31)
at testcases.RAW_DATAMART_CURATED.SnowFlake_RowCount_v1.validateColumnName_BKP(SnowFlake_RowCount_v1.java:39)
at jdk.internal.reflect.GeneratedMethodAccessor38.invoke(Unknown Source)
at java.base/jdk.internal.reflect.DelegatingMethodAccessorImpl.invoke(DelegatingMethodAccessorImpl.java:43)
at java.base/java.lang.reflect.Method.invoke(Method.java:568)
at org.testng.internal.MethodInvocationHelper.invokeMethod(MethodInvocationHelper.java:133)
at org.testng.internal.TestInvoker.invokeMethod(TestInvoker.java:598)
at org.testng.internal.TestInvoker.invokeTestMethod(TestInvoker.java:173)
at org.testng.internal.MethodRunner.runInSequence(MethodRunner.java:46)
at org.testng.internal.TestInvoker$MethodInvocationAgent.invoke(TestInvoker.java:824)
at org.testng.internal.TestInvoker.invokeTestMethods(TestInvoker.java:146)
at org.testng.internal.TestMethodWorker.invokeTestMethods(TestMethodWorker.java:146)
at org.testng.internal.TestMethodWorker.run(TestMethodWorker.java:128)
at java.base/java.util.ArrayList.forEach(ArrayList.java:1511)
at org.testng.TestRunner.privateRun(TestRunner.java:794)
at org.testng.TestRunner.run(TestRunner.java:596)
at org.testng.SuiteRunner.runTest(SuiteRunner.java:377)
at org.testng.SuiteRunner.runSequentially(SuiteRunner.java:371)
at org.testng.SuiteRunner.privateRun(SuiteRunner.java:332)
at org.testng.SuiteRunner.run(SuiteRunner.java:276)
at org.testng.SuiteRunnerWorker.runSuite(SuiteRunnerWorker.java:53)
at org.testng.SuiteRunnerWorker.run(SuiteRunnerWorker.java:96)
at org.testng.TestNG.runSuitesSequentially(TestNG.java:1212)
at org.testng.TestNG.runSuitesLocally(TestNG.java:1134)
at org.testng.TestNG.runSuites(TestNG.java:1063)
at org.testng.TestNG.run(TestNG.java:1031)
at org.testng.remote.AbstractRemoteTestNG.run(AbstractRemoteTestNG.java:115)
at org.testng.remote.RemoteTestNG.initAndRun(RemoteTestNG.java:251)
at org.testng.remote.RemoteTestNG.main(RemoteTestNG.java:77)
]]>
    </failure>
  </testcase> <!-- validateColumnName_BKP -->
  <system-out>
    <![CDATA[Executing Snowflake query :: SELECT count(*) as TOTAL FROM DEV_ENT_RAW.ST_EANESHEATING_MATILLION.CUSTOMFIELD
Snowflake - SQLException at readDB() method :: SQL compilation error:
Object 'DEV_ENT_RAW.ST_EANESHEATING_MATILLION.CUSTOMFIELD' does not exist or not authorized.
Executing Snowflake query :: select count(*) as TOTAL from CURATED_DATAMART.ST_BKP_EANESHEATING.STR_CUSTOMFIELD Where ACTIVE_FLAG='Y'
Table Count in Snowflake:: 160419
Executing Snowflake query :: select count(*) as TOTAL from DEV_ENT_CURATED.MASTER_DIMENSIONS.FACT_CUSTOMFIELD where tenant_type='EANESHEATING' and RECORD_UPDATED_BY='Backup Table'
Table Count in Snowflake:: 160419
Row Count of Table CUSTOMFIELD is matched for RAW :: 0 DataMart :: 160419 CURATED :: 160419]]>
  </system-out>
  <testcase classname="testcases.RAW_DATAMART_CURATED.SnowFlake_RowCount_v1" name="validateColumnName_BKP" time="1.338"/>
  <system-out>
    <![CDATA[Executing Snowflake query :: SELECT count(*) as TOTAL FROM DEV_ENT_RAW.ST_BILLFENWICK_MATILLION.TRUCK
Table Count in Snowflake:: 66
Executing Snowflake query :: select count(*) as TOTAL from CURATED_DATAMART.ST_BKP_BILLFENWICK.STR_TRUCK Where ACTIVE_FLAG='Y'
Table Count in Snowflake:: 66
Executing Snowflake query :: select count(*) as TOTAL from DEV_ENT_CURATED.MASTER_DIMENSIONS.DIM_TRUCK where tenant_type='BILLFENWICK' and RECORD_UPDATED_BY='Backup Table'
Table Count in Snowflake:: 66
Row Count of Table TRUCK is matched for RAW :: 66 DataMart :: 66 CURATED :: 66]]>
  </system-out>
  <testcase classname="testcases.RAW_DATAMART_CURATED.SnowFlake_RowCount_v1" name="validateColumnName_BKP" time="1.230"/>
  <system-out>
    <![CDATA[Executing Snowflake query :: SELECT count(*) as TOTAL FROM DEV_ENT_RAW.ST_HENDERSON_MATILLION.GROSSPAYITEM
Table Count in Snowflake:: 0
Executing Snowflake query :: select count(*) as TOTAL from CURATED_DATAMART.ST_BKP_HENDERSON.STR_GROSSPAYITEM Where ACTIVE_FLAG='Y'
Table Count in Snowflake:: 0
Executing Snowflake query :: select count(*) as TOTAL from DEV_ENT_CURATED.MASTER_DIMENSIONS.DIM_GROSSPAYITEM where tenant_type='HENDERSON' and RECORD_UPDATED_BY='Backup Table'
Table Count in Snowflake:: 0
Row Count of Table GROSSPAYITEM is matched for RAW :: 0 DataMart :: 0 CURATED :: 0]]>
  </system-out>
  <testcase classname="testcases.RAW_DATAMART_CURATED.SnowFlake_RowCount_v1" name="validateColumnName_BKP" time="1.239">
    <failure message="The following asserts failed:
	null,
	null,
	null" type="java.lang.AssertionError">
      <![CDATA[java.lang.AssertionError: The following asserts failed:
null,
null,
null
at org.testng.asserts.SoftAssert.assertAll(SoftAssert.java:47)
at org.testng.asserts.SoftAssert.assertAll(SoftAssert.java:31)
at testcases.RAW_DATAMART_CURATED.SnowFlake_RowCount_v1.validateColumnName_BKP(SnowFlake_RowCount_v1.java:39)
at jdk.internal.reflect.GeneratedMethodAccessor38.invoke(Unknown Source)
at java.base/jdk.internal.reflect.DelegatingMethodAccessorImpl.invoke(DelegatingMethodAccessorImpl.java:43)
at java.base/java.lang.reflect.Method.invoke(Method.java:568)
at org.testng.internal.MethodInvocationHelper.invokeMethod(MethodInvocationHelper.java:133)
at org.testng.internal.TestInvoker.invokeMethod(TestInvoker.java:598)
at org.testng.internal.TestInvoker.invokeTestMethod(TestInvoker.java:173)
at org.testng.internal.MethodRunner.runInSequence(MethodRunner.java:46)
at org.testng.internal.TestInvoker$MethodInvocationAgent.invoke(TestInvoker.java:824)
at org.testng.internal.TestInvoker.invokeTestMethods(TestInvoker.java:146)
at org.testng.internal.TestMethodWorker.invokeTestMethods(TestMethodWorker.java:146)
at org.testng.internal.TestMethodWorker.run(TestMethodWorker.java:128)
at java.base/java.util.ArrayList.forEach(ArrayList.java:1511)
at org.testng.TestRunner.privateRun(TestRunner.java:794)
at org.testng.TestRunner.run(TestRunner.java:596)
at org.testng.SuiteRunner.runTest(SuiteRunner.java:377)
at org.testng.SuiteRunner.runSequentially(SuiteRunner.java:371)
at org.testng.SuiteRunner.privateRun(SuiteRunner.java:332)
at org.testng.SuiteRunner.run(SuiteRunner.java:276)
at org.testng.SuiteRunnerWorker.runSuite(SuiteRunnerWorker.java:53)
at org.testng.SuiteRunnerWorker.run(SuiteRunnerWorker.java:96)
at org.testng.TestNG.runSuitesSequentially(TestNG.java:1212)
at org.testng.TestNG.runSuitesLocally(TestNG.java:1134)
at org.testng.TestNG.runSuites(TestNG.java:1063)
at org.testng.TestNG.run(TestNG.java:1031)
at org.testng.remote.AbstractRemoteTestNG.run(AbstractRemoteTestNG.java:115)
at org.testng.remote.RemoteTestNG.initAndRun(RemoteTestNG.java:251)
at org.testng.remote.RemoteTestNG.main(RemoteTestNG.java:77)
]]>
    </failure>
  </testcase> <!-- validateColumnName_BKP -->
  <system-out>
    <![CDATA[Executing Snowflake query :: SELECT count(*) as TOTAL FROM DEV_ENT_RAW.ST_HDAIR_MATILLION.TECHNICIANPAYROLL
Snowflake - SQLException at readDB() method :: SQL compilation error:
Object 'DEV_ENT_RAW.ST_HDAIR_MATILLION.TECHNICIANPAYROLL' does not exist or not authorized.
Executing Snowflake query :: select count(*) as TOTAL from CURATED_DATAMART.ST_BKP_HDAIR.STR_TECHNICIANPAYROLL Where ACTIVE_FLAG='Y'
Table Count in Snowflake:: 3540
Executing Snowflake query :: select count(*) as TOTAL from DEV_ENT_CURATED.MASTER_DIMENSIONS.DIM_TECHNICIANPAYROLL where tenant_type='HDAIR' and RECORD_UPDATED_BY='Backup Table'
Snowflake - SQLException at readDB() method :: SQL compilation error: error line 1 at position 116
invalid identifier 'RECORD_UPDATED_BY'
Row Count of Table TECHNICIANPAYROLL is not matched for RAW :: 0 DataMart :: 3540 CURATED :: 0]]>
  </system-out>
  <testcase classname="testcases.RAW_DATAMART_CURATED.SnowFlake_RowCount_v1" name="validateColumnName_BKP" time="1.253">
    <failure message="The following asserts failed:
	null" type="java.lang.AssertionError">
      <![CDATA[java.lang.AssertionError: The following asserts failed:
null
at org.testng.asserts.SoftAssert.assertAll(SoftAssert.java:47)
at org.testng.asserts.SoftAssert.assertAll(SoftAssert.java:31)
at testcases.RAW_DATAMART_CURATED.SnowFlake_RowCount_v1.validateColumnName_BKP(SnowFlake_RowCount_v1.java:39)
at jdk.internal.reflect.GeneratedMethodAccessor38.invoke(Unknown Source)
at java.base/jdk.internal.reflect.DelegatingMethodAccessorImpl.invoke(DelegatingMethodAccessorImpl.java:43)
at java.base/java.lang.reflect.Method.invoke(Method.java:568)
at org.testng.internal.MethodInvocationHelper.invokeMethod(MethodInvocationHelper.java:133)
at org.testng.internal.TestInvoker.invokeMethod(TestInvoker.java:598)
at org.testng.internal.TestInvoker.invokeTestMethod(TestInvoker.java:173)
at org.testng.internal.MethodRunner.runInSequence(MethodRunner.java:46)
at org.testng.internal.TestInvoker$MethodInvocationAgent.invoke(TestInvoker.java:824)
at org.testng.internal.TestInvoker.invokeTestMethods(TestInvoker.java:146)
at org.testng.internal.TestMethodWorker.invokeTestMethods(TestMethodWorker.java:146)
at org.testng.internal.TestMethodWorker.run(TestMethodWorker.java:128)
at java.base/java.util.ArrayList.forEach(ArrayList.java:1511)
at org.testng.TestRunner.privateRun(TestRunner.java:794)
at org.testng.TestRunner.run(TestRunner.java:596)
at org.testng.SuiteRunner.runTest(SuiteRunner.java:377)
at org.testng.SuiteRunner.runSequentially(SuiteRunner.java:371)
at org.testng.SuiteRunner.privateRun(SuiteRunner.java:332)
at org.testng.SuiteRunner.run(SuiteRunner.java:276)
at org.testng.SuiteRunnerWorker.runSuite(SuiteRunnerWorker.java:53)
at org.testng.SuiteRunnerWorker.run(SuiteRunnerWorker.java:96)
at org.testng.TestNG.runSuitesSequentially(TestNG.java:1212)
at org.testng.TestNG.runSuitesLocally(TestNG.java:1134)
at org.testng.TestNG.runSuites(TestNG.java:1063)
at org.testng.TestNG.run(TestNG.java:1031)
at org.testng.remote.AbstractRemoteTestNG.run(AbstractRemoteTestNG.java:115)
at org.testng.remote.RemoteTestNG.initAndRun(RemoteTestNG.java:251)
at org.testng.remote.RemoteTestNG.main(RemoteTestNG.java:77)
]]>
    </failure>
  </testcase> <!-- validateColumnName_BKP -->
  <system-out>
    <![CDATA[Executing Snowflake query :: SELECT count(*) as TOTAL FROM DEV_ENT_RAW.ST_FOURPROS_MATILLION.PAYMENTTERM
Table Count in Snowflake:: 3
Executing Snowflake query :: select count(*) as TOTAL from CURATED_DATAMART.ST_BKP_FOURPROS.STR_PAYMENTTERM Where ACTIVE_FLAG='Y'
Table Count in Snowflake:: 3
Executing Snowflake query :: select count(*) as TOTAL from DEV_ENT_CURATED.MASTER_DIMENSIONS.DIM_PAYMENTTERM where tenant_type='FOURPROS' and RECORD_UPDATED_BY='Backup Table'
Table Count in Snowflake:: 0
Row Count of Table PAYMENTTERM is not matched for RAW :: 3 DataMart :: 3 CURATED :: 0]]>
  </system-out>
  <testcase classname="testcases.RAW_DATAMART_CURATED.SnowFlake_RowCount_v1" name="validateColumnName_BKP" time="1.127">
    <failure message="The following asserts failed:
	null" type="java.lang.AssertionError">
      <![CDATA[java.lang.AssertionError: The following asserts failed:
null
at org.testng.asserts.SoftAssert.assertAll(SoftAssert.java:47)
at org.testng.asserts.SoftAssert.assertAll(SoftAssert.java:31)
at testcases.RAW_DATAMART_CURATED.SnowFlake_RowCount_v1.validateColumnName_BKP(SnowFlake_RowCount_v1.java:39)
at jdk.internal.reflect.GeneratedMethodAccessor38.invoke(Unknown Source)
at java.base/jdk.internal.reflect.DelegatingMethodAccessorImpl.invoke(DelegatingMethodAccessorImpl.java:43)
at java.base/java.lang.reflect.Method.invoke(Method.java:568)
at org.testng.internal.MethodInvocationHelper.invokeMethod(MethodInvocationHelper.java:133)
at org.testng.internal.TestInvoker.invokeMethod(TestInvoker.java:598)
at org.testng.internal.TestInvoker.invokeTestMethod(TestInvoker.java:173)
at org.testng.internal.MethodRunner.runInSequence(MethodRunner.java:46)
at org.testng.internal.TestInvoker$MethodInvocationAgent.invoke(TestInvoker.java:824)
at org.testng.internal.TestInvoker.invokeTestMethods(TestInvoker.java:146)
at org.testng.internal.TestMethodWorker.invokeTestMethods(TestMethodWorker.java:146)
at org.testng.internal.TestMethodWorker.run(TestMethodWorker.java:128)
at java.base/java.util.ArrayList.forEach(ArrayList.java:1511)
at org.testng.TestRunner.privateRun(TestRunner.java:794)
at org.testng.TestRunner.run(TestRunner.java:596)
at org.testng.SuiteRunner.runTest(SuiteRunner.java:377)
at org.testng.SuiteRunner.runSequentially(SuiteRunner.java:371)
at org.testng.SuiteRunner.privateRun(SuiteRunner.java:332)
at org.testng.SuiteRunner.run(SuiteRunner.java:276)
at org.testng.SuiteRunnerWorker.runSuite(SuiteRunnerWorker.java:53)
at org.testng.SuiteRunnerWorker.run(SuiteRunnerWorker.java:96)
at org.testng.TestNG.runSuitesSequentially(TestNG.java:1212)
at org.testng.TestNG.runSuitesLocally(TestNG.java:1134)
at org.testng.TestNG.runSuites(TestNG.java:1063)
at org.testng.TestNG.run(TestNG.java:1031)
at org.testng.remote.AbstractRemoteTestNG.run(AbstractRemoteTestNG.java:115)
at org.testng.remote.RemoteTestNG.initAndRun(RemoteTestNG.java:251)
at org.testng.remote.RemoteTestNG.main(RemoteTestNG.java:77)
]]>
    </failure>
  </testcase> <!-- validateColumnName_BKP -->
  <system-out>
    <![CDATA[Executing Snowflake query :: SELECT count(*) as TOTAL FROM DEV_ENT_RAW.ST_HDAIR_MATILLION.COUNTERSALESLOCATION
Snowflake - SQLException at readDB() method :: SQL compilation error:
Object 'DEV_ENT_RAW.ST_HDAIR_MATILLION.COUNTERSALESLOCATION' does not exist or not authorized.
Executing Snowflake query :: select count(*) as TOTAL from CURATED_DATAMART.ST_BKP_HDAIR.STR_COUNTERSALESLOCATION Where ACTIVE_FLAG='Y'
Table Count in Snowflake:: 1
Executing Snowflake query :: select count(*) as TOTAL from DEV_ENT_CURATED.MASTER_DIMENSIONS.DIM_COUNTERSALESLOCATION where tenant_type='HDAIR' and RECORD_UPDATED_BY='Backup Table'
Table Count in Snowflake:: 1
Row Count of Table COUNTERSALESLOCATION is matched for RAW :: 0 DataMart :: 1 CURATED :: 1]]>
  </system-out>
  <testcase classname="testcases.RAW_DATAMART_CURATED.SnowFlake_RowCount_v1" name="validateColumnName_BKP" time="1.646">
    <failure message="The following asserts failed:
	null" type="java.lang.AssertionError">
      <![CDATA[java.lang.AssertionError: The following asserts failed:
null
at org.testng.asserts.SoftAssert.assertAll(SoftAssert.java:47)
at org.testng.asserts.SoftAssert.assertAll(SoftAssert.java:31)
at testcases.RAW_DATAMART_CURATED.SnowFlake_RowCount_v1.validateColumnName_BKP(SnowFlake_RowCount_v1.java:39)
at jdk.internal.reflect.GeneratedMethodAccessor38.invoke(Unknown Source)
at java.base/jdk.internal.reflect.DelegatingMethodAccessorImpl.invoke(DelegatingMethodAccessorImpl.java:43)
at java.base/java.lang.reflect.Method.invoke(Method.java:568)
at org.testng.internal.MethodInvocationHelper.invokeMethod(MethodInvocationHelper.java:133)
at org.testng.internal.TestInvoker.invokeMethod(TestInvoker.java:598)
at org.testng.internal.TestInvoker.invokeTestMethod(TestInvoker.java:173)
at org.testng.internal.MethodRunner.runInSequence(MethodRunner.java:46)
at org.testng.internal.TestInvoker$MethodInvocationAgent.invoke(TestInvoker.java:824)
at org.testng.internal.TestInvoker.invokeTestMethods(TestInvoker.java:146)
at org.testng.internal.TestMethodWorker.invokeTestMethods(TestMethodWorker.java:146)
at org.testng.internal.TestMethodWorker.run(TestMethodWorker.java:128)
at java.base/java.util.ArrayList.forEach(ArrayList.java:1511)
at org.testng.TestRunner.privateRun(TestRunner.java:794)
at org.testng.TestRunner.run(TestRunner.java:596)
at org.testng.SuiteRunner.runTest(SuiteRunner.java:377)
at org.testng.SuiteRunner.runSequentially(SuiteRunner.java:371)
at org.testng.SuiteRunner.privateRun(SuiteRunner.java:332)
at org.testng.SuiteRunner.run(SuiteRunner.java:276)
at org.testng.SuiteRunnerWorker.runSuite(SuiteRunnerWorker.java:53)
at org.testng.SuiteRunnerWorker.run(SuiteRunnerWorker.java:96)
at org.testng.TestNG.runSuitesSequentially(TestNG.java:1212)
at org.testng.TestNG.runSuitesLocally(TestNG.java:1134)
at org.testng.TestNG.runSuites(TestNG.java:1063)
at org.testng.TestNG.run(TestNG.java:1031)
at org.testng.remote.AbstractRemoteTestNG.run(AbstractRemoteTestNG.java:115)
at org.testng.remote.RemoteTestNG.initAndRun(RemoteTestNG.java:251)
at org.testng.remote.RemoteTestNG.main(RemoteTestNG.java:77)
]]>
    </failure>
  </testcase> <!-- validateColumnName_BKP -->
  <system-out>
    <![CDATA[Executing Snowflake query :: SELECT count(*) as TOTAL FROM DEV_ENT_RAW.ST_MAITZ_MATILLION.OPPORTUNITY
Table Count in Snowflake:: 226930
Executing Snowflake query :: select count(*) as TOTAL from CURATED_DATAMART.ST_BKP_MAITZ.STR_OPPORTUNITY Where ACTIVE_FLAG='Y'
Table Count in Snowflake:: 226910
Executing Snowflake query :: select count(*) as TOTAL from DEV_ENT_CURATED.MASTER_DIMENSIONS.DIM_OPPORTUNITY where tenant_type='MAITZ' and RECORD_UPDATED_BY='Backup Table'
Table Count in Snowflake:: 226910
Row Count of Table OPPORTUNITY is not matched for RAW :: 226930 DataMart :: 226910 CURATED :: 226910]]>
  </system-out>
  <testcase classname="testcases.RAW_DATAMART_CURATED.SnowFlake_RowCount_v1" name="validateColumnName_BKP" time="2.035"/>
  <system-out>
    <![CDATA[Executing Snowflake query :: SELECT count(*) as TOTAL FROM DEV_ENT_RAW.ST_HENDERSON_MATILLION.TRUCK
Table Count in Snowflake:: 85
Executing Snowflake query :: select count(*) as TOTAL from CURATED_DATAMART.ST_BKP_HENDERSON.STR_TRUCK Where ACTIVE_FLAG='Y'
Table Count in Snowflake:: 85
Executing Snowflake query :: select count(*) as TOTAL from DEV_ENT_CURATED.MASTER_DIMENSIONS.DIM_TRUCK where tenant_type='HENDERSON' and RECORD_UPDATED_BY='Backup Table'
Table Count in Snowflake:: 85
Row Count of Table TRUCK is matched for RAW :: 85 DataMart :: 85 CURATED :: 85]]>
  </system-out>
  <testcase classname="testcases.RAW_DATAMART_CURATED.SnowFlake_RowCount_v1" name="validateColumnName_BKP" time="1.680">
    <failure message="The following asserts failed:
	null" type="java.lang.AssertionError">
      <![CDATA[java.lang.AssertionError: The following asserts failed:
null
at org.testng.asserts.SoftAssert.assertAll(SoftAssert.java:47)
at org.testng.asserts.SoftAssert.assertAll(SoftAssert.java:31)
at testcases.RAW_DATAMART_CURATED.SnowFlake_RowCount_v1.validateColumnName_BKP(SnowFlake_RowCount_v1.java:39)
at jdk.internal.reflect.GeneratedMethodAccessor38.invoke(Unknown Source)
at java.base/jdk.internal.reflect.DelegatingMethodAccessorImpl.invoke(DelegatingMethodAccessorImpl.java:43)
at java.base/java.lang.reflect.Method.invoke(Method.java:568)
at org.testng.internal.MethodInvocationHelper.invokeMethod(MethodInvocationHelper.java:133)
at org.testng.internal.TestInvoker.invokeMethod(TestInvoker.java:598)
at org.testng.internal.TestInvoker.invokeTestMethod(TestInvoker.java:173)
at org.testng.internal.MethodRunner.runInSequence(MethodRunner.java:46)
at org.testng.internal.TestInvoker$MethodInvocationAgent.invoke(TestInvoker.java:824)
at org.testng.internal.TestInvoker.invokeTestMethods(TestInvoker.java:146)
at org.testng.internal.TestMethodWorker.invokeTestMethods(TestMethodWorker.java:146)
at org.testng.internal.TestMethodWorker.run(TestMethodWorker.java:128)
at java.base/java.util.ArrayList.forEach(ArrayList.java:1511)
at org.testng.TestRunner.privateRun(TestRunner.java:794)
at org.testng.TestRunner.run(TestRunner.java:596)
at org.testng.SuiteRunner.runTest(SuiteRunner.java:377)
at org.testng.SuiteRunner.runSequentially(SuiteRunner.java:371)
at org.testng.SuiteRunner.privateRun(SuiteRunner.java:332)
at org.testng.SuiteRunner.run(SuiteRunner.java:276)
at org.testng.SuiteRunnerWorker.runSuite(SuiteRunnerWorker.java:53)
at org.testng.SuiteRunnerWorker.run(SuiteRunnerWorker.java:96)
at org.testng.TestNG.runSuitesSequentially(TestNG.java:1212)
at org.testng.TestNG.runSuitesLocally(TestNG.java:1134)
at org.testng.TestNG.runSuites(TestNG.java:1063)
at org.testng.TestNG.run(TestNG.java:1031)
at org.testng.remote.AbstractRemoteTestNG.run(AbstractRemoteTestNG.java:115)
at org.testng.remote.RemoteTestNG.initAndRun(RemoteTestNG.java:251)
at org.testng.remote.RemoteTestNG.main(RemoteTestNG.java:77)
]]>
    </failure>
  </testcase> <!-- validateColumnName_BKP -->
  <system-out>
    <![CDATA[Executing Snowflake query :: SELECT count(*) as TOTAL FROM DEV_ENT_RAW.ST_HARP_MATILLION.BATCH
Table Count in Snowflake:: 11079
Executing Snowflake query :: select count(*) as TOTAL from CURATED_DATAMART.ST_BKP_HARP.STR_BATCH Where ACTIVE_FLAG='Y'
Table Count in Snowflake:: 11063
Executing Snowflake query :: select count(*) as TOTAL from DEV_ENT_CURATED.MASTER_DIMENSIONS.FACT_BATCH where tenant_type='HARP' and RECORD_UPDATED_BY='Backup Table'
Table Count in Snowflake:: 11063
Row Count of Table BATCH is not matched for RAW :: 11079 DataMart :: 11063 CURATED :: 11063]]>
  </system-out>
  <testcase classname="testcases.RAW_DATAMART_CURATED.SnowFlake_RowCount_v1" name="validateColumnName_BKP" time="1.321">
    <failure message="The following asserts failed:
	null,
	null,
	null" type="java.lang.AssertionError">
      <![CDATA[java.lang.AssertionError: The following asserts failed:
null,
null,
null
at org.testng.asserts.SoftAssert.assertAll(SoftAssert.java:47)
at org.testng.asserts.SoftAssert.assertAll(SoftAssert.java:31)
at testcases.RAW_DATAMART_CURATED.SnowFlake_RowCount_v1.validateColumnName_BKP(SnowFlake_RowCount_v1.java:39)
at jdk.internal.reflect.GeneratedMethodAccessor38.invoke(Unknown Source)
at java.base/jdk.internal.reflect.DelegatingMethodAccessorImpl.invoke(DelegatingMethodAccessorImpl.java:43)
at java.base/java.lang.reflect.Method.invoke(Method.java:568)
at org.testng.internal.MethodInvocationHelper.invokeMethod(MethodInvocationHelper.java:133)
at org.testng.internal.TestInvoker.invokeMethod(TestInvoker.java:598)
at org.testng.internal.TestInvoker.invokeTestMethod(TestInvoker.java:173)
at org.testng.internal.MethodRunner.runInSequence(MethodRunner.java:46)
at org.testng.internal.TestInvoker$MethodInvocationAgent.invoke(TestInvoker.java:824)
at org.testng.internal.TestInvoker.invokeTestMethods(TestInvoker.java:146)
at org.testng.internal.TestMethodWorker.invokeTestMethods(TestMethodWorker.java:146)
at org.testng.internal.TestMethodWorker.run(TestMethodWorker.java:128)
at java.base/java.util.ArrayList.forEach(ArrayList.java:1511)
at org.testng.TestRunner.privateRun(TestRunner.java:794)
at org.testng.TestRunner.run(TestRunner.java:596)
at org.testng.SuiteRunner.runTest(SuiteRunner.java:377)
at org.testng.SuiteRunner.runSequentially(SuiteRunner.java:371)
at org.testng.SuiteRunner.privateRun(SuiteRunner.java:332)
at org.testng.SuiteRunner.run(SuiteRunner.java:276)
at org.testng.SuiteRunnerWorker.runSuite(SuiteRunnerWorker.java:53)
at org.testng.SuiteRunnerWorker.run(SuiteRunnerWorker.java:96)
at org.testng.TestNG.runSuitesSequentially(TestNG.java:1212)
at org.testng.TestNG.runSuitesLocally(TestNG.java:1134)
at org.testng.TestNG.runSuites(TestNG.java:1063)
at org.testng.TestNG.run(TestNG.java:1031)
at org.testng.remote.AbstractRemoteTestNG.run(AbstractRemoteTestNG.java:115)
at org.testng.remote.RemoteTestNG.initAndRun(RemoteTestNG.java:251)
at org.testng.remote.RemoteTestNG.main(RemoteTestNG.java:77)
]]>
    </failure>
  </testcase> <!-- validateColumnName_BKP -->
  <system-out>
    <![CDATA[Executing Snowflake query :: SELECT count(*) as TOTAL FROM DEV_ENT_RAW.ST_EANESHEATING_MATILLION.TECHNICIANATTACHEDPROPERTY
Snowflake - SQLException at readDB() method :: SQL compilation error:
Object 'DEV_ENT_RAW.ST_EANESHEATING_MATILLION.TECHNICIANATTACHEDPROPERTY' does not exist or not authorized.
Executing Snowflake query :: select count(*) as TOTAL from CURATED_DATAMART.ST_BKP_EANESHEATING.STR_TECHNICIANATTACHEDPROPERTY Where ACTIVE_FLAG='Y'
Table Count in Snowflake:: 824
Executing Snowflake query :: select count(*) as TOTAL from DEV_ENT_CURATED.MASTER_DIMENSIONS.DIM_TECHNICIANATTACHEDPROPERTY where tenant_type='EANESHEATING' and RECORD_UPDATED_BY='Backup Table'
Snowflake - SQLException at readDB() method :: SQL compilation error: error line 1 at position 132
invalid identifier 'RECORD_UPDATED_BY'
Row Count of Table TECHNICIANATTACHEDPROPERTY is not matched for RAW :: 0 DataMart :: 824 CURATED :: 0]]>
  </system-out>
  <testcase classname="testcases.RAW_DATAMART_CURATED.SnowFlake_RowCount_v1" name="validateColumnName_BKP" time="1.842"/>
  <system-out>
    <![CDATA[Executing Snowflake query :: SELECT count(*) as TOTAL FROM DEV_ENT_RAW.ST_HORIZONSERVICES_MATILLION.TAXZONE
Table Count in Snowflake:: 6
Executing Snowflake query :: select count(*) as TOTAL from CURATED_DATAMART.ST_BKP_HORIZONSERVICES.STR_TAXZONE Where ACTIVE_FLAG='Y'
Table Count in Snowflake:: 6
Executing Snowflake query :: select count(*) as TOTAL from DEV_ENT_CURATED.MASTER_DIMENSIONS.DIM_TAXZONE where tenant_type='HORIZONSERVICES' and RECORD_UPDATED_BY='Backup Table'
Table Count in Snowflake:: 6
Row Count of Table TAXZONE is matched for RAW :: 6 DataMart :: 6 CURATED :: 6]]>
  </system-out>
  <testcase classname="testcases.RAW_DATAMART_CURATED.SnowFlake_RowCount_v1" name="validateColumnName_BKP" time="1.523">
    <failure message="The following asserts failed:
	null" type="java.lang.AssertionError">
      <![CDATA[java.lang.AssertionError: The following asserts failed:
null
at org.testng.asserts.SoftAssert.assertAll(SoftAssert.java:47)
at org.testng.asserts.SoftAssert.assertAll(SoftAssert.java:31)
at testcases.RAW_DATAMART_CURATED.SnowFlake_RowCount_v1.validateColumnName_BKP(SnowFlake_RowCount_v1.java:39)
at java.base/jdk.internal.reflect.NativeMethodAccessorImpl.invoke0(Native Method)
at java.base/jdk.internal.reflect.NativeMethodAccessorImpl.invoke(NativeMethodAccessorImpl.java:77)
at java.base/jdk.internal.reflect.DelegatingMethodAccessorImpl.invoke(DelegatingMethodAccessorImpl.java:43)
at java.base/java.lang.reflect.Method.invoke(Method.java:568)
at org.testng.internal.MethodInvocationHelper.invokeMethod(MethodInvocationHelper.java:133)
at org.testng.internal.TestInvoker.invokeMethod(TestInvoker.java:598)
at org.testng.internal.TestInvoker.invokeTestMethod(TestInvoker.java:173)
at org.testng.internal.MethodRunner.runInSequence(MethodRunner.java:46)
at org.testng.internal.TestInvoker$MethodInvocationAgent.invoke(TestInvoker.java:824)
at org.testng.internal.TestInvoker.invokeTestMethods(TestInvoker.java:146)
at org.testng.internal.TestMethodWorker.invokeTestMethods(TestMethodWorker.java:146)
at org.testng.internal.TestMethodWorker.run(TestMethodWorker.java:128)
at java.base/java.util.ArrayList.forEach(ArrayList.java:1511)
at org.testng.TestRunner.privateRun(TestRunner.java:794)
at org.testng.TestRunner.run(TestRunner.java:596)
at org.testng.SuiteRunner.runTest(SuiteRunner.java:377)
at org.testng.SuiteRunner.runSequentially(SuiteRunner.java:371)
at org.testng.SuiteRunner.privateRun(SuiteRunner.java:332)
at org.testng.SuiteRunner.run(SuiteRunner.java:276)
at org.testng.SuiteRunnerWorker.runSuite(SuiteRunnerWorker.java:53)
at org.testng.SuiteRunnerWorker.run(SuiteRunnerWorker.java:96)
at org.testng.TestNG.runSuitesSequentially(TestNG.java:1212)
at org.testng.TestNG.runSuitesLocally(TestNG.java:1134)
at org.testng.TestNG.runSuites(TestNG.java:1063)
at org.testng.TestNG.run(TestNG.java:1031)
at org.testng.remote.AbstractRemoteTestNG.run(AbstractRemoteTestNG.java:115)
at org.testng.remote.RemoteTestNG.initAndRun(RemoteTestNG.java:251)
at org.testng.remote.RemoteTestNG.main(RemoteTestNG.java:77)
]]>
    </failure>
  </testcase> <!-- validateColumnName_BKP -->
  <system-out>
    <![CDATA[Executing Snowflake query :: SELECT count(*) as TOTAL FROM DEV_ENT_RAW.ST_BILLFENWICK_MATILLION.OPPORTUNITY
Table Count in Snowflake:: 176143
Executing Snowflake query :: select count(*) as TOTAL from CURATED_DATAMART.ST_BKP_BILLFENWICK.STR_OPPORTUNITY Where ACTIVE_FLAG='Y'
Table Count in Snowflake:: 176005
Executing Snowflake query :: select count(*) as TOTAL from DEV_ENT_CURATED.MASTER_DIMENSIONS.DIM_OPPORTUNITY where tenant_type='BILLFENWICK' and RECORD_UPDATED_BY='Backup Table'
Table Count in Snowflake:: 176005
Row Count of Table OPPORTUNITY is not matched for RAW :: 176143 DataMart :: 176005 CURATED :: 176005]]>
  </system-out>
  <testcase classname="testcases.RAW_DATAMART_CURATED.SnowFlake_RowCount_v1" name="validateColumnName_BKP" time="1.089">
    <failure message="The following asserts failed:
	null,
	null" type="java.lang.AssertionError">
      <![CDATA[java.lang.AssertionError: The following asserts failed:
null,
null
at org.testng.asserts.SoftAssert.assertAll(SoftAssert.java:47)
at org.testng.asserts.SoftAssert.assertAll(SoftAssert.java:31)
at testcases.RAW_DATAMART_CURATED.SnowFlake_RowCount_v1.validateColumnName_BKP(SnowFlake_RowCount_v1.java:39)
at jdk.internal.reflect.GeneratedMethodAccessor38.invoke(Unknown Source)
at java.base/jdk.internal.reflect.DelegatingMethodAccessorImpl.invoke(DelegatingMethodAccessorImpl.java:43)
at java.base/java.lang.reflect.Method.invoke(Method.java:568)
at org.testng.internal.MethodInvocationHelper.invokeMethod(MethodInvocationHelper.java:133)
at org.testng.internal.TestInvoker.invokeMethod(TestInvoker.java:598)
at org.testng.internal.TestInvoker.invokeTestMethod(TestInvoker.java:173)
at org.testng.internal.MethodRunner.runInSequence(MethodRunner.java:46)
at org.testng.internal.TestInvoker$MethodInvocationAgent.invoke(TestInvoker.java:824)
at org.testng.internal.TestInvoker.invokeTestMethods(TestInvoker.java:146)
at org.testng.internal.TestMethodWorker.invokeTestMethods(TestMethodWorker.java:146)
at org.testng.internal.TestMethodWorker.run(TestMethodWorker.java:128)
at java.base/java.util.ArrayList.forEach(ArrayList.java:1511)
at org.testng.TestRunner.privateRun(TestRunner.java:794)
at org.testng.TestRunner.run(TestRunner.java:596)
at org.testng.SuiteRunner.runTest(SuiteRunner.java:377)
at org.testng.SuiteRunner.runSequentially(SuiteRunner.java:371)
at org.testng.SuiteRunner.privateRun(SuiteRunner.java:332)
at org.testng.SuiteRunner.run(SuiteRunner.java:276)
at org.testng.SuiteRunnerWorker.runSuite(SuiteRunnerWorker.java:53)
at org.testng.SuiteRunnerWorker.run(SuiteRunnerWorker.java:96)
at org.testng.TestNG.runSuitesSequentially(TestNG.java:1212)
at org.testng.TestNG.runSuitesLocally(TestNG.java:1134)
at org.testng.TestNG.runSuites(TestNG.java:1063)
at org.testng.TestNG.run(TestNG.java:1031)
at org.testng.remote.AbstractRemoteTestNG.run(AbstractRemoteTestNG.java:115)
at org.testng.remote.RemoteTestNG.initAndRun(RemoteTestNG.java:251)
at org.testng.remote.RemoteTestNG.main(RemoteTestNG.java:77)
]]>
    </failure>
  </testcase> <!-- validateColumnName_BKP -->
  <system-out>
    <![CDATA[Executing Snowflake query :: SELECT count(*) as TOTAL FROM DEV_ENT_RAW.ST_EANESHEATING_MATILLION.TECHNICIANPAYROLL
Snowflake - SQLException at readDB() method :: SQL compilation error:
Object 'DEV_ENT_RAW.ST_EANESHEATING_MATILLION.TECHNICIANPAYROLL' does not exist or not authorized.
Executing Snowflake query :: select count(*) as TOTAL from CURATED_DATAMART.ST_BKP_EANESHEATING.STR_TECHNICIANPAYROLL Where ACTIVE_FLAG='Y'
Table Count in Snowflake:: 0
Executing Snowflake query :: select count(*) as TOTAL from DEV_ENT_CURATED.MASTER_DIMENSIONS.DIM_TECHNICIANPAYROLL where tenant_type='EANESHEATING' and RECORD_UPDATED_BY='Backup Table'
Snowflake - SQLException at readDB() method :: SQL compilation error: error line 1 at position 123
invalid identifier 'RECORD_UPDATED_BY'
Row Count of Table TECHNICIANPAYROLL is matched for RAW :: 0 DataMart :: 0 CURATED :: 0]]>
  </system-out>
  <testcase classname="testcases.RAW_DATAMART_CURATED.SnowFlake_RowCount_v1" name="validateColumnName_BKP" time="1.072">
    <failure message="The following asserts failed:
	null" type="java.lang.AssertionError">
      <![CDATA[java.lang.AssertionError: The following asserts failed:
null
at org.testng.asserts.SoftAssert.assertAll(SoftAssert.java:47)
at org.testng.asserts.SoftAssert.assertAll(SoftAssert.java:31)
at testcases.RAW_DATAMART_CURATED.SnowFlake_RowCount_v1.validateColumnName_BKP(SnowFlake_RowCount_v1.java:39)
at jdk.internal.reflect.GeneratedMethodAccessor38.invoke(Unknown Source)
at java.base/jdk.internal.reflect.DelegatingMethodAccessorImpl.invoke(DelegatingMethodAccessorImpl.java:43)
at java.base/java.lang.reflect.Method.invoke(Method.java:568)
at org.testng.internal.MethodInvocationHelper.invokeMethod(MethodInvocationHelper.java:133)
at org.testng.internal.TestInvoker.invokeMethod(TestInvoker.java:598)
at org.testng.internal.TestInvoker.invokeTestMethod(TestInvoker.java:173)
at org.testng.internal.MethodRunner.runInSequence(MethodRunner.java:46)
at org.testng.internal.TestInvoker$MethodInvocationAgent.invoke(TestInvoker.java:824)
at org.testng.internal.TestInvoker.invokeTestMethods(TestInvoker.java:146)
at org.testng.internal.TestMethodWorker.invokeTestMethods(TestMethodWorker.java:146)
at org.testng.internal.TestMethodWorker.run(TestMethodWorker.java:128)
at java.base/java.util.ArrayList.forEach(ArrayList.java:1511)
at org.testng.TestRunner.privateRun(TestRunner.java:794)
at org.testng.TestRunner.run(TestRunner.java:596)
at org.testng.SuiteRunner.runTest(SuiteRunner.java:377)
at org.testng.SuiteRunner.runSequentially(SuiteRunner.java:371)
at org.testng.SuiteRunner.privateRun(SuiteRunner.java:332)
at org.testng.SuiteRunner.run(SuiteRunner.java:276)
at org.testng.SuiteRunnerWorker.runSuite(SuiteRunnerWorker.java:53)
at org.testng.SuiteRunnerWorker.run(SuiteRunnerWorker.java:96)
at org.testng.TestNG.runSuitesSequentially(TestNG.java:1212)
at org.testng.TestNG.runSuitesLocally(TestNG.java:1134)
at org.testng.TestNG.runSuites(TestNG.java:1063)
at org.testng.TestNG.run(TestNG.java:1031)
at org.testng.remote.AbstractRemoteTestNG.run(AbstractRemoteTestNG.java:115)
at org.testng.remote.RemoteTestNG.initAndRun(RemoteTestNG.java:251)
at org.testng.remote.RemoteTestNG.main(RemoteTestNG.java:77)
]]>
    </failure>
  </testcase> <!-- validateColumnName_BKP -->
  <system-out>
    <![CDATA[Executing Snowflake query :: SELECT count(*) as TOTAL FROM DEV_ENT_RAW.ST_HENDERSON_MATILLION.TECHNICIANPAYROLLADJUSTMENT
Table Count in Snowflake:: 0
Executing Snowflake query :: select count(*) as TOTAL from CURATED_DATAMART.ST_BKP_HENDERSON.STR_TECHNICIANPAYROLLADJUSTMENT Where ACTIVE_FLAG='Y'
Table Count in Snowflake:: 0
Executing Snowflake query :: select count(*) as TOTAL from DEV_ENT_CURATED.MASTER_DIMENSIONS.DIM_TECHNICIANPAYROLLADJUSTMENT where tenant_type='HENDERSON' and RECORD_UPDATED_BY='Backup Table'
Snowflake - SQLException at readDB() method :: SQL compilation error: error line 1 at position 130
invalid identifier 'RECORD_UPDATED_BY'
Row Count of Table TECHNICIANPAYROLLADJUSTMENT is matched for RAW :: 0 DataMart :: 0 CURATED :: 0]]>
  </system-out>
  <testcase classname="testcases.RAW_DATAMART_CURATED.SnowFlake_RowCount_v1" name="validateColumnName_BKP" time="1.612"/>
  <system-out>
    <![CDATA[Executing Snowflake query :: SELECT count(*) as TOTAL FROM DEV_ENT_RAW.ST_FOURPROS_MATILLION.OVERTIMEPROFILE
Table Count in Snowflake:: 6
Executing Snowflake query :: select count(*) as TOTAL from CURATED_DATAMART.ST_BKP_FOURPROS.STR_OVERTIMEPROFILE Where ACTIVE_FLAG='Y'
Table Count in Snowflake:: 6
Executing Snowflake query :: select count(*) as TOTAL from DEV_ENT_CURATED.MASTER_DIMENSIONS.DIM_OVERTIMEPROFILE where tenant_type='FOURPROS' and RECORD_UPDATED_BY='Backup Table'
Table Count in Snowflake:: 6
Row Count of Table OVERTIMEPROFILE is matched for RAW :: 6 DataMart :: 6 CURATED :: 6]]>
  </system-out>
  <testcase classname="testcases.RAW_DATAMART_CURATED.SnowFlake_RowCount_v1" name="validateColumnName_BKP" time="1.035">
    <failure message="The following asserts failed:
	null" type="java.lang.AssertionError">
      <![CDATA[java.lang.AssertionError: The following asserts failed:
null
at org.testng.asserts.SoftAssert.assertAll(SoftAssert.java:47)
at org.testng.asserts.SoftAssert.assertAll(SoftAssert.java:31)
at testcases.RAW_DATAMART_CURATED.SnowFlake_RowCount_v1.validateColumnName_BKP(SnowFlake_RowCount_v1.java:39)
at jdk.internal.reflect.GeneratedMethodAccessor38.invoke(Unknown Source)
at java.base/jdk.internal.reflect.DelegatingMethodAccessorImpl.invoke(DelegatingMethodAccessorImpl.java:43)
at java.base/java.lang.reflect.Method.invoke(Method.java:568)
at org.testng.internal.MethodInvocationHelper.invokeMethod(MethodInvocationHelper.java:133)
at org.testng.internal.TestInvoker.invokeMethod(TestInvoker.java:598)
at org.testng.internal.TestInvoker.invokeTestMethod(TestInvoker.java:173)
at org.testng.internal.MethodRunner.runInSequence(MethodRunner.java:46)
at org.testng.internal.TestInvoker$MethodInvocationAgent.invoke(TestInvoker.java:824)
at org.testng.internal.TestInvoker.invokeTestMethods(TestInvoker.java:146)
at org.testng.internal.TestMethodWorker.invokeTestMethods(TestMethodWorker.java:146)
at org.testng.internal.TestMethodWorker.run(TestMethodWorker.java:128)
at java.base/java.util.ArrayList.forEach(ArrayList.java:1511)
at org.testng.TestRunner.privateRun(TestRunner.java:794)
at org.testng.TestRunner.run(TestRunner.java:596)
at org.testng.SuiteRunner.runTest(SuiteRunner.java:377)
at org.testng.SuiteRunner.runSequentially(SuiteRunner.java:371)
at org.testng.SuiteRunner.privateRun(SuiteRunner.java:332)
at org.testng.SuiteRunner.run(SuiteRunner.java:276)
at org.testng.SuiteRunnerWorker.runSuite(SuiteRunnerWorker.java:53)
at org.testng.SuiteRunnerWorker.run(SuiteRunnerWorker.java:96)
at org.testng.TestNG.runSuitesSequentially(TestNG.java:1212)
at org.testng.TestNG.runSuitesLocally(TestNG.java:1134)
at org.testng.TestNG.runSuites(TestNG.java:1063)
at org.testng.TestNG.run(TestNG.java:1031)
at org.testng.remote.AbstractRemoteTestNG.run(AbstractRemoteTestNG.java:115)
at org.testng.remote.RemoteTestNG.initAndRun(RemoteTestNG.java:251)
at org.testng.remote.RemoteTestNG.main(RemoteTestNG.java:77)
]]>
    </failure>
  </testcase> <!-- validateColumnName_BKP -->
  <system-out>
    <![CDATA[Executing Snowflake query :: SELECT count(*) as TOTAL FROM DEV_ENT_RAW.ST_EANESHEATING_MATILLION.GROSSPAYITEM
Snowflake - SQLException at readDB() method :: SQL compilation error:
Object 'DEV_ENT_RAW.ST_EANESHEATING_MATILLION.GROSSPAYITEM' does not exist or not authorized.
Executing Snowflake query :: select count(*) as TOTAL from CURATED_DATAMART.ST_BKP_EANESHEATING.STR_GROSSPAYITEM Where ACTIVE_FLAG='Y'
Table Count in Snowflake:: 0
Executing Snowflake query :: select count(*) as TOTAL from DEV_ENT_CURATED.MASTER_DIMENSIONS.DIM_GROSSPAYITEM where tenant_type='EANESHEATING' and RECORD_UPDATED_BY='Backup Table'
Table Count in Snowflake:: 0
Row Count of Table GROSSPAYITEM is matched for RAW :: 0 DataMart :: 0 CURATED :: 0]]>
  </system-out>
  <testcase classname="testcases.RAW_DATAMART_CURATED.SnowFlake_RowCount_v1" name="validateColumnName_BKP" time="1.848">
    <failure message="The following asserts failed:
	null" type="java.lang.AssertionError">
      <![CDATA[java.lang.AssertionError: The following asserts failed:
null
at org.testng.asserts.SoftAssert.assertAll(SoftAssert.java:47)
at org.testng.asserts.SoftAssert.assertAll(SoftAssert.java:31)
at testcases.RAW_DATAMART_CURATED.SnowFlake_RowCount_v1.validateColumnName_BKP(SnowFlake_RowCount_v1.java:39)
at jdk.internal.reflect.GeneratedMethodAccessor38.invoke(Unknown Source)
at java.base/jdk.internal.reflect.DelegatingMethodAccessorImpl.invoke(DelegatingMethodAccessorImpl.java:43)
at java.base/java.lang.reflect.Method.invoke(Method.java:568)
at org.testng.internal.MethodInvocationHelper.invokeMethod(MethodInvocationHelper.java:133)
at org.testng.internal.TestInvoker.invokeMethod(TestInvoker.java:598)
at org.testng.internal.TestInvoker.invokeTestMethod(TestInvoker.java:173)
at org.testng.internal.MethodRunner.runInSequence(MethodRunner.java:46)
at org.testng.internal.TestInvoker$MethodInvocationAgent.invoke(TestInvoker.java:824)
at org.testng.internal.TestInvoker.invokeTestMethods(TestInvoker.java:146)
at org.testng.internal.TestMethodWorker.invokeTestMethods(TestMethodWorker.java:146)
at org.testng.internal.TestMethodWorker.run(TestMethodWorker.java:128)
at java.base/java.util.ArrayList.forEach(ArrayList.java:1511)
at org.testng.TestRunner.privateRun(TestRunner.java:794)
at org.testng.TestRunner.run(TestRunner.java:596)
at org.testng.SuiteRunner.runTest(SuiteRunner.java:377)
at org.testng.SuiteRunner.runSequentially(SuiteRunner.java:371)
at org.testng.SuiteRunner.privateRun(SuiteRunner.java:332)
at org.testng.SuiteRunner.run(SuiteRunner.java:276)
at org.testng.SuiteRunnerWorker.runSuite(SuiteRunnerWorker.java:53)
at org.testng.SuiteRunnerWorker.run(SuiteRunnerWorker.java:96)
at org.testng.TestNG.runSuitesSequentially(TestNG.java:1212)
at org.testng.TestNG.runSuitesLocally(TestNG.java:1134)
at org.testng.TestNG.runSuites(TestNG.java:1063)
at org.testng.TestNG.run(TestNG.java:1031)
at org.testng.remote.AbstractRemoteTestNG.run(AbstractRemoteTestNG.java:115)
at org.testng.remote.RemoteTestNG.initAndRun(RemoteTestNG.java:251)
at org.testng.remote.RemoteTestNG.main(RemoteTestNG.java:77)
]]>
    </failure>
  </testcase> <!-- validateColumnName_BKP -->
  <system-out>
    <![CDATA[Executing Snowflake query :: SELECT count(*) as TOTAL FROM DEV_ENT_RAW.ST_SNELLHEATINGAIR_MATILLION.OPPORTUNITY
Table Count in Snowflake:: 234851
Executing Snowflake query :: select count(*) as TOTAL from CURATED_DATAMART.ST_BKP_SNELLHEATINGAIR.STR_OPPORTUNITY Where ACTIVE_FLAG='Y'
Table Count in Snowflake:: 234793
Executing Snowflake query :: select count(*) as TOTAL from DEV_ENT_CURATED.MASTER_DIMENSIONS.DIM_OPPORTUNITY where tenant_type='SNELLHEATINGAIR' and RECORD_UPDATED_BY='Backup Table'
Table Count in Snowflake:: 234793
Row Count of Table OPPORTUNITY is not matched for RAW :: 234851 DataMart :: 234793 CURATED :: 234793]]>
  </system-out>
  <testcase classname="testcases.RAW_DATAMART_CURATED.SnowFlake_RowCount_v1" name="validateColumnName_BKP" time="1.762"/>
  <system-out>
    <![CDATA[Executing Snowflake query :: SELECT count(*) as TOTAL FROM DEV_ENT_RAW.ST_HUTCHINSON_MATILLION.PAYROLLPROFILE
Table Count in Snowflake:: 1
Executing Snowflake query :: select count(*) as TOTAL from CURATED_DATAMART.ST_BKP_HUTCHINSON.STR_PAYROLLPROFILE Where ACTIVE_FLAG='Y'
Table Count in Snowflake:: 1
Executing Snowflake query :: select count(*) as TOTAL from DEV_ENT_CURATED.MASTER_DIMENSIONS.DIM_PAYROLLPROFILE where tenant_type='HUTCHINSON' and RECORD_UPDATED_BY='Backup Table'
Table Count in Snowflake:: 1
Row Count of Table PAYROLLPROFILE is matched for RAW :: 1 DataMart :: 1 CURATED :: 1]]>
  </system-out>
  <testcase classname="testcases.RAW_DATAMART_CURATED.SnowFlake_RowCount_v1" name="validateColumnName_BKP" time="1.323">
    <failure message="The following asserts failed:
	null" type="java.lang.AssertionError">
      <![CDATA[java.lang.AssertionError: The following asserts failed:
null
at org.testng.asserts.SoftAssert.assertAll(SoftAssert.java:47)
at org.testng.asserts.SoftAssert.assertAll(SoftAssert.java:31)
at testcases.RAW_DATAMART_CURATED.SnowFlake_RowCount_v1.validateColumnName_BKP(SnowFlake_RowCount_v1.java:39)
at jdk.internal.reflect.GeneratedMethodAccessor38.invoke(Unknown Source)
at java.base/jdk.internal.reflect.DelegatingMethodAccessorImpl.invoke(DelegatingMethodAccessorImpl.java:43)
at java.base/java.lang.reflect.Method.invoke(Method.java:568)
at org.testng.internal.MethodInvocationHelper.invokeMethod(MethodInvocationHelper.java:133)
at org.testng.internal.TestInvoker.invokeMethod(TestInvoker.java:598)
at org.testng.internal.TestInvoker.invokeTestMethod(TestInvoker.java:173)
at org.testng.internal.MethodRunner.runInSequence(MethodRunner.java:46)
at org.testng.internal.TestInvoker$MethodInvocationAgent.invoke(TestInvoker.java:824)
at org.testng.internal.TestInvoker.invokeTestMethods(TestInvoker.java:146)
at org.testng.internal.TestMethodWorker.invokeTestMethods(TestMethodWorker.java:146)
at org.testng.internal.TestMethodWorker.run(TestMethodWorker.java:128)
at java.base/java.util.ArrayList.forEach(ArrayList.java:1511)
at org.testng.TestRunner.privateRun(TestRunner.java:794)
at org.testng.TestRunner.run(TestRunner.java:596)
at org.testng.SuiteRunner.runTest(SuiteRunner.java:377)
at org.testng.SuiteRunner.runSequentially(SuiteRunner.java:371)
at org.testng.SuiteRunner.privateRun(SuiteRunner.java:332)
at org.testng.SuiteRunner.run(SuiteRunner.java:276)
at org.testng.SuiteRunnerWorker.runSuite(SuiteRunnerWorker.java:53)
at org.testng.SuiteRunnerWorker.run(SuiteRunnerWorker.java:96)
at org.testng.TestNG.runSuitesSequentially(TestNG.java:1212)
at org.testng.TestNG.runSuitesLocally(TestNG.java:1134)
at org.testng.TestNG.runSuites(TestNG.java:1063)
at org.testng.TestNG.run(TestNG.java:1031)
at org.testng.remote.AbstractRemoteTestNG.run(AbstractRemoteTestNG.java:115)
at org.testng.remote.RemoteTestNG.initAndRun(RemoteTestNG.java:251)
at org.testng.remote.RemoteTestNG.main(RemoteTestNG.java:77)
]]>
    </failure>
  </testcase> <!-- validateColumnName_BKP -->
  <system-out>
    <![CDATA[Executing Snowflake query :: SELECT count(*) as TOTAL FROM DEV_ENT_RAW.ST_EANESHEATING_MATILLION.OVERTIMEPROFILE
Snowflake - SQLException at readDB() method :: SQL compilation error:
Object 'DEV_ENT_RAW.ST_EANESHEATING_MATILLION.OVERTIMEPROFILE' does not exist or not authorized.
Executing Snowflake query :: select count(*) as TOTAL from CURATED_DATAMART.ST_BKP_EANESHEATING.STR_OVERTIMEPROFILE Where ACTIVE_FLAG='Y'
Table Count in Snowflake:: 6
Executing Snowflake query :: select count(*) as TOTAL from DEV_ENT_CURATED.MASTER_DIMENSIONS.DIM_OVERTIMEPROFILE where tenant_type='EANESHEATING' and RECORD_UPDATED_BY='Backup Table'
Table Count in Snowflake:: 6
Row Count of Table OVERTIMEPROFILE is matched for RAW :: 0 DataMart :: 6 CURATED :: 6]]>
  </system-out>
  <testcase classname="testcases.RAW_DATAMART_CURATED.SnowFlake_RowCount_v1" name="validateColumnName_BKP" time="1.608">
    <failure message="The following asserts failed:
	null" type="java.lang.AssertionError">
      <![CDATA[java.lang.AssertionError: The following asserts failed:
null
at org.testng.asserts.SoftAssert.assertAll(SoftAssert.java:47)
at org.testng.asserts.SoftAssert.assertAll(SoftAssert.java:31)
at testcases.RAW_DATAMART_CURATED.SnowFlake_RowCount_v1.validateColumnName_BKP(SnowFlake_RowCount_v1.java:39)
at java.base/jdk.internal.reflect.NativeMethodAccessorImpl.invoke0(Native Method)
at java.base/jdk.internal.reflect.NativeMethodAccessorImpl.invoke(NativeMethodAccessorImpl.java:77)
at java.base/jdk.internal.reflect.DelegatingMethodAccessorImpl.invoke(DelegatingMethodAccessorImpl.java:43)
at java.base/java.lang.reflect.Method.invoke(Method.java:568)
at org.testng.internal.MethodInvocationHelper.invokeMethod(MethodInvocationHelper.java:133)
at org.testng.internal.TestInvoker.invokeMethod(TestInvoker.java:598)
at org.testng.internal.TestInvoker.invokeTestMethod(TestInvoker.java:173)
at org.testng.internal.MethodRunner.runInSequence(MethodRunner.java:46)
at org.testng.internal.TestInvoker$MethodInvocationAgent.invoke(TestInvoker.java:824)
at org.testng.internal.TestInvoker.invokeTestMethods(TestInvoker.java:146)
at org.testng.internal.TestMethodWorker.invokeTestMethods(TestMethodWorker.java:146)
at org.testng.internal.TestMethodWorker.run(TestMethodWorker.java:128)
at java.base/java.util.ArrayList.forEach(ArrayList.java:1511)
at org.testng.TestRunner.privateRun(TestRunner.java:794)
at org.testng.TestRunner.run(TestRunner.java:596)
at org.testng.SuiteRunner.runTest(SuiteRunner.java:377)
at org.testng.SuiteRunner.runSequentially(SuiteRunner.java:371)
at org.testng.SuiteRunner.privateRun(SuiteRunner.java:332)
at org.testng.SuiteRunner.run(SuiteRunner.java:276)
at org.testng.SuiteRunnerWorker.runSuite(SuiteRunnerWorker.java:53)
at org.testng.SuiteRunnerWorker.run(SuiteRunnerWorker.java:96)
at org.testng.TestNG.runSuitesSequentially(TestNG.java:1212)
at org.testng.TestNG.runSuitesLocally(TestNG.java:1134)
at org.testng.TestNG.runSuites(TestNG.java:1063)
at org.testng.TestNG.run(TestNG.java:1031)
at org.testng.remote.AbstractRemoteTestNG.run(AbstractRemoteTestNG.java:115)
at org.testng.remote.RemoteTestNG.initAndRun(RemoteTestNG.java:251)
at org.testng.remote.RemoteTestNG.main(RemoteTestNG.java:77)
]]>
    </failure>
  </testcase> <!-- validateColumnName_BKP -->
  <system-out>
    <![CDATA[Executing Snowflake query :: SELECT count(*) as TOTAL FROM DEV_ENT_RAW.ST_BILLFENWICK_MATILLION.TECHNICIANPAYROLL
Table Count in Snowflake:: 0
Executing Snowflake query :: select count(*) as TOTAL from CURATED_DATAMART.ST_BKP_BILLFENWICK.STR_TECHNICIANPAYROLL Where ACTIVE_FLAG='Y'
Table Count in Snowflake:: 0
Executing Snowflake query :: select count(*) as TOTAL from DEV_ENT_CURATED.MASTER_DIMENSIONS.DIM_TECHNICIANPAYROLL where tenant_type='BILLFENWICK' and RECORD_UPDATED_BY='Backup Table'
Snowflake - SQLException at readDB() method :: SQL compilation error: error line 1 at position 122
invalid identifier 'RECORD_UPDATED_BY'
Row Count of Table TECHNICIANPAYROLL is matched for RAW :: 0 DataMart :: 0 CURATED :: 0]]>
  </system-out>
  <testcase classname="testcases.RAW_DATAMART_CURATED.SnowFlake_RowCount_v1" name="validateColumnName_BKP" time="2.159">
    <failure message="The following asserts failed:
	null" type="java.lang.AssertionError">
      <![CDATA[java.lang.AssertionError: The following asserts failed:
null
at org.testng.asserts.SoftAssert.assertAll(SoftAssert.java:47)
at org.testng.asserts.SoftAssert.assertAll(SoftAssert.java:31)
at testcases.RAW_DATAMART_CURATED.SnowFlake_RowCount_v1.validateColumnName_BKP(SnowFlake_RowCount_v1.java:39)
at jdk.internal.reflect.GeneratedMethodAccessor38.invoke(Unknown Source)
at java.base/jdk.internal.reflect.DelegatingMethodAccessorImpl.invoke(DelegatingMethodAccessorImpl.java:43)
at java.base/java.lang.reflect.Method.invoke(Method.java:568)
at org.testng.internal.MethodInvocationHelper.invokeMethod(MethodInvocationHelper.java:133)
at org.testng.internal.TestInvoker.invokeMethod(TestInvoker.java:598)
at org.testng.internal.TestInvoker.invokeTestMethod(TestInvoker.java:173)
at org.testng.internal.MethodRunner.runInSequence(MethodRunner.java:46)
at org.testng.internal.TestInvoker$MethodInvocationAgent.invoke(TestInvoker.java:824)
at org.testng.internal.TestInvoker.invokeTestMethods(TestInvoker.java:146)
at org.testng.internal.TestMethodWorker.invokeTestMethods(TestMethodWorker.java:146)
at org.testng.internal.TestMethodWorker.run(TestMethodWorker.java:128)
at java.base/java.util.ArrayList.forEach(ArrayList.java:1511)
at org.testng.TestRunner.privateRun(TestRunner.java:794)
at org.testng.TestRunner.run(TestRunner.java:596)
at org.testng.SuiteRunner.runTest(SuiteRunner.java:377)
at org.testng.SuiteRunner.runSequentially(SuiteRunner.java:371)
at org.testng.SuiteRunner.privateRun(SuiteRunner.java:332)
at org.testng.SuiteRunner.run(SuiteRunner.java:276)
at org.testng.SuiteRunnerWorker.runSuite(SuiteRunnerWorker.java:53)
at org.testng.SuiteRunnerWorker.run(SuiteRunnerWorker.java:96)
at org.testng.TestNG.runSuitesSequentially(TestNG.java:1212)
at org.testng.TestNG.runSuitesLocally(TestNG.java:1134)
at org.testng.TestNG.runSuites(TestNG.java:1063)
at org.testng.TestNG.run(TestNG.java:1031)
at org.testng.remote.AbstractRemoteTestNG.run(AbstractRemoteTestNG.java:115)
at org.testng.remote.RemoteTestNG.initAndRun(RemoteTestNG.java:251)
at org.testng.remote.RemoteTestNG.main(RemoteTestNG.java:77)
]]>
    </failure>
  </testcase> <!-- validateColumnName_BKP -->
  <system-out>
    <![CDATA[Executing Snowflake query :: SELECT count(*) as TOTAL FROM DEV_ENT_RAW.ST_HENDERSON_MATILLION.BATCH
Table Count in Snowflake:: 6637
Executing Snowflake query :: select count(*) as TOTAL from CURATED_DATAMART.ST_BKP_HENDERSON.STR_BATCH Where ACTIVE_FLAG='Y'
Table Count in Snowflake:: 6636
Executing Snowflake query :: select count(*) as TOTAL from DEV_ENT_CURATED.MASTER_DIMENSIONS.FACT_BATCH where tenant_type='HENDERSON' and RECORD_UPDATED_BY='Backup Table'
Table Count in Snowflake:: 6636
Row Count of Table BATCH is not matched for RAW :: 6637 DataMart :: 6636 CURATED :: 6636]]>
  </system-out>
  <testcase classname="testcases.RAW_DATAMART_CURATED.SnowFlake_RowCount_v1" name="validateColumnName_BKP" time="2.781"/>
  <system-out>
    <![CDATA[Executing Snowflake query :: SELECT count(*) as TOTAL FROM DEV_ENT_RAW.ST_HARP_MATILLION.TRADE
Table Count in Snowflake:: 2
Executing Snowflake query :: select count(*) as TOTAL from CURATED_DATAMART.ST_BKP_HARP.STR_TRADE Where ACTIVE_FLAG='Y'
Table Count in Snowflake:: 2
Executing Snowflake query :: select count(*) as TOTAL from DEV_ENT_CURATED.MASTER_DIMENSIONS.DIM_TRADE where tenant_type='HARP' and RECORD_UPDATED_BY='Backup Table'
Table Count in Snowflake:: 2
Row Count of Table TRADE is matched for RAW :: 2 DataMart :: 2 CURATED :: 2]]>
  </system-out>
  <testcase classname="testcases.RAW_DATAMART_CURATED.SnowFlake_RowCount_v1" name="validateColumnName_BKP" time="2.887"/>
  <system-out>
    <![CDATA[Executing Snowflake query :: SELECT count(*) as TOTAL FROM DEV_ENT_RAW.ST_GOLDMEDAL_MATILLION.OVERTIMEPROFILE
Table Count in Snowflake:: 6
Executing Snowflake query :: select count(*) as TOTAL from CURATED_DATAMART.ST_BKP_GOLDMEDAL.STR_OVERTIMEPROFILE Where ACTIVE_FLAG='Y'
Table Count in Snowflake:: 6
Executing Snowflake query :: select count(*) as TOTAL from DEV_ENT_CURATED.MASTER_DIMENSIONS.DIM_OVERTIMEPROFILE where tenant_type='GOLDMEDAL' and RECORD_UPDATED_BY='Backup Table'
Table Count in Snowflake:: 6
Row Count of Table OVERTIMEPROFILE is matched for RAW :: 6 DataMart :: 6 CURATED :: 6]]>
  </system-out>
  <testcase classname="testcases.RAW_DATAMART_CURATED.SnowFlake_RowCount_v1" name="validateColumnName_BKP" time="1.446"/>
  <system-out>
    <![CDATA[Executing Snowflake query :: SELECT count(*) as TOTAL FROM DEV_ENT_RAW.ST_HORIZONSERVICES_MATILLION.DIVISION
Table Count in Snowflake:: 10
Executing Snowflake query :: select count(*) as TOTAL from CURATED_DATAMART.ST_BKP_HORIZONSERVICES.STR_DIVISION Where ACTIVE_FLAG='Y'
Table Count in Snowflake:: 10
Executing Snowflake query :: select count(*) as TOTAL from DEV_ENT_CURATED.MASTER_DIMENSIONS.DIM_DIVISION where tenant_type='HORIZONSERVICES' and RECORD_UPDATED_BY='Backup Table'
Table Count in Snowflake:: 10
Row Count of Table DIVISION is matched for RAW :: 10 DataMart :: 10 CURATED :: 10]]>
  </system-out>
  <testcase classname="testcases.RAW_DATAMART_CURATED.SnowFlake_RowCount_v1" name="validateColumnName_BKP" time="1.422"/>
  <system-out>
    <![CDATA[Executing Snowflake query :: SELECT count(*) as TOTAL FROM DEV_ENT_RAW.ST_BILLFENWICK_MATILLION.PAYROLLPROFILE
Table Count in Snowflake:: 1
Executing Snowflake query :: select count(*) as TOTAL from CURATED_DATAMART.ST_BKP_BILLFENWICK.STR_PAYROLLPROFILE Where ACTIVE_FLAG='Y'
Table Count in Snowflake:: 1
Executing Snowflake query :: select count(*) as TOTAL from DEV_ENT_CURATED.MASTER_DIMENSIONS.DIM_PAYROLLPROFILE where tenant_type='BILLFENWICK' and RECORD_UPDATED_BY='Backup Table'
Table Count in Snowflake:: 1
Row Count of Table PAYROLLPROFILE is matched for RAW :: 1 DataMart :: 1 CURATED :: 1]]>
  </system-out>
  <testcase classname="testcases.RAW_DATAMART_CURATED.SnowFlake_RowCount_v1" name="validateColumnName_BKP" time="1.618">
    <failure message="The following asserts failed:
	null" type="java.lang.AssertionError">
      <![CDATA[java.lang.AssertionError: The following asserts failed:
null
at org.testng.asserts.SoftAssert.assertAll(SoftAssert.java:47)
at org.testng.asserts.SoftAssert.assertAll(SoftAssert.java:31)
at testcases.RAW_DATAMART_CURATED.SnowFlake_RowCount_v1.validateColumnName_BKP(SnowFlake_RowCount_v1.java:39)
at jdk.internal.reflect.GeneratedMethodAccessor38.invoke(Unknown Source)
at java.base/jdk.internal.reflect.DelegatingMethodAccessorImpl.invoke(DelegatingMethodAccessorImpl.java:43)
at java.base/java.lang.reflect.Method.invoke(Method.java:568)
at org.testng.internal.MethodInvocationHelper.invokeMethod(MethodInvocationHelper.java:133)
at org.testng.internal.TestInvoker.invokeMethod(TestInvoker.java:598)
at org.testng.internal.TestInvoker.invokeTestMethod(TestInvoker.java:173)
at org.testng.internal.MethodRunner.runInSequence(MethodRunner.java:46)
at org.testng.internal.TestInvoker$MethodInvocationAgent.invoke(TestInvoker.java:824)
at org.testng.internal.TestInvoker.invokeTestMethods(TestInvoker.java:146)
at org.testng.internal.TestMethodWorker.invokeTestMethods(TestMethodWorker.java:146)
at org.testng.internal.TestMethodWorker.run(TestMethodWorker.java:128)
at java.base/java.util.ArrayList.forEach(ArrayList.java:1511)
at org.testng.TestRunner.privateRun(TestRunner.java:794)
at org.testng.TestRunner.run(TestRunner.java:596)
at org.testng.SuiteRunner.runTest(SuiteRunner.java:377)
at org.testng.SuiteRunner.runSequentially(SuiteRunner.java:371)
at org.testng.SuiteRunner.privateRun(SuiteRunner.java:332)
at org.testng.SuiteRunner.run(SuiteRunner.java:276)
at org.testng.SuiteRunnerWorker.runSuite(SuiteRunnerWorker.java:53)
at org.testng.SuiteRunnerWorker.run(SuiteRunnerWorker.java:96)
at org.testng.TestNG.runSuitesSequentially(TestNG.java:1212)
at org.testng.TestNG.runSuitesLocally(TestNG.java:1134)
at org.testng.TestNG.runSuites(TestNG.java:1063)
at org.testng.TestNG.run(TestNG.java:1031)
at org.testng.remote.AbstractRemoteTestNG.run(AbstractRemoteTestNG.java:115)
at org.testng.remote.RemoteTestNG.initAndRun(RemoteTestNG.java:251)
at org.testng.remote.RemoteTestNG.main(RemoteTestNG.java:77)
]]>
    </failure>
  </testcase> <!-- validateColumnName_BKP -->
  <system-out>
    <![CDATA[Executing Snowflake query :: SELECT count(*) as TOTAL FROM DEV_ENT_RAW.ST_GOLDMEDAL_MATILLION.BATCH
Table Count in Snowflake:: 19997
Executing Snowflake query :: select count(*) as TOTAL from CURATED_DATAMART.ST_BKP_GOLDMEDAL.STR_BATCH Where ACTIVE_FLAG='Y'
Table Count in Snowflake:: 19958
Executing Snowflake query :: select count(*) as TOTAL from DEV_ENT_CURATED.MASTER_DIMENSIONS.FACT_BATCH where tenant_type='GOLDMEDAL' and RECORD_UPDATED_BY='Backup Table'
Table Count in Snowflake:: 19958
Row Count of Table BATCH is not matched for RAW :: 19997 DataMart :: 19958 CURATED :: 19958]]>
  </system-out>
  <testcase classname="testcases.RAW_DATAMART_CURATED.SnowFlake_RowCount_v1" name="validateColumnName_BKP" time="1.760"/>
  <system-out>
    <![CDATA[Executing Snowflake query :: SELECT count(*) as TOTAL FROM DEV_ENT_RAW.ST_HORIZONSERVICES_MATILLION.TRUCK
Table Count in Snowflake:: 678
Executing Snowflake query :: select count(*) as TOTAL from CURATED_DATAMART.ST_BKP_HORIZONSERVICES.STR_TRUCK Where ACTIVE_FLAG='Y'
Table Count in Snowflake:: 678
Executing Snowflake query :: select count(*) as TOTAL from DEV_ENT_CURATED.MASTER_DIMENSIONS.DIM_TRUCK where tenant_type='HORIZONSERVICES' and RECORD_UPDATED_BY='Backup Table'
Table Count in Snowflake:: 678
Row Count of Table TRUCK is matched for RAW :: 678 DataMart :: 678 CURATED :: 678]]>
  </system-out>
  <testcase classname="testcases.RAW_DATAMART_CURATED.SnowFlake_RowCount_v1" name="validateColumnName_BKP" time="1.432"/>
  <system-out>
    <![CDATA[Executing Snowflake query :: SELECT count(*) as TOTAL FROM DEV_ENT_RAW.ST_HORIZONSERVICES_MATILLION.CUSTOMFIELD
Table Count in Snowflake:: 2877664
Executing Snowflake query :: select count(*) as TOTAL from CURATED_DATAMART.ST_BKP_HORIZONSERVICES.STR_CUSTOMFIELD Where ACTIVE_FLAG='Y'
Table Count in Snowflake:: 2877664
Executing Snowflake query :: select count(*) as TOTAL from DEV_ENT_CURATED.MASTER_DIMENSIONS.FACT_CUSTOMFIELD where tenant_type='HORIZONSERVICES' and RECORD_UPDATED_BY='Backup Table'
Table Count in Snowflake:: 2877664
Row Count of Table CUSTOMFIELD is matched for RAW :: 2877664 DataMart :: 2877664 CURATED :: 2877664]]>
  </system-out>
  <testcase classname="testcases.RAW_DATAMART_CURATED.SnowFlake_RowCount_v1" name="validateColumnName_BKP" time="2.476"/>
  <system-out>
    <![CDATA[Executing Snowflake query :: SELECT count(*) as TOTAL FROM DEV_ENT_RAW.ST_HENDERSON_MATILLION.TAXZONE
Table Count in Snowflake:: 10
Executing Snowflake query :: select count(*) as TOTAL from CURATED_DATAMART.ST_BKP_HENDERSON.STR_TAXZONE Where ACTIVE_FLAG='Y'
Table Count in Snowflake:: 10
Executing Snowflake query :: select count(*) as TOTAL from DEV_ENT_CURATED.MASTER_DIMENSIONS.DIM_TAXZONE where tenant_type='HENDERSON' and RECORD_UPDATED_BY='Backup Table'
Table Count in Snowflake:: 10
Row Count of Table TAXZONE is matched for RAW :: 10 DataMart :: 10 CURATED :: 10]]>
  </system-out>
  <testcase classname="testcases.RAW_DATAMART_CURATED.SnowFlake_RowCount_v1" name="validateColumnName_BKP" time="1.551"/>
  <system-out>
    <![CDATA[Executing Snowflake query :: SELECT count(*) as TOTAL FROM DEV_ENT_RAW.ST_HUTCHINSON_MATILLION.TRADE
Table Count in Snowflake:: 3
Executing Snowflake query :: select count(*) as TOTAL from CURATED_DATAMART.ST_BKP_HUTCHINSON.STR_TRADE Where ACTIVE_FLAG='Y'
Table Count in Snowflake:: 3
Executing Snowflake query :: select count(*) as TOTAL from DEV_ENT_CURATED.MASTER_DIMENSIONS.DIM_TRADE where tenant_type='HUTCHINSON' and RECORD_UPDATED_BY='Backup Table'
Table Count in Snowflake:: 3
Row Count of Table TRADE is matched for RAW :: 3 DataMart :: 3 CURATED :: 3]]>
  </system-out>
  <testcase classname="testcases.RAW_DATAMART_CURATED.SnowFlake_RowCount_v1" name="validateColumnName_BKP" time="1.028">
    <failure message="The following asserts failed:
	null,
	null" type="java.lang.AssertionError">
      <![CDATA[java.lang.AssertionError: The following asserts failed:
null,
null
at org.testng.asserts.SoftAssert.assertAll(SoftAssert.java:47)
at org.testng.asserts.SoftAssert.assertAll(SoftAssert.java:31)
at testcases.RAW_DATAMART_CURATED.SnowFlake_RowCount_v1.validateColumnName_BKP(SnowFlake_RowCount_v1.java:39)
at jdk.internal.reflect.GeneratedMethodAccessor38.invoke(Unknown Source)
at java.base/jdk.internal.reflect.DelegatingMethodAccessorImpl.invoke(DelegatingMethodAccessorImpl.java:43)
at java.base/java.lang.reflect.Method.invoke(Method.java:568)
at org.testng.internal.MethodInvocationHelper.invokeMethod(MethodInvocationHelper.java:133)
at org.testng.internal.TestInvoker.invokeMethod(TestInvoker.java:598)
at org.testng.internal.TestInvoker.invokeTestMethod(TestInvoker.java:173)
at org.testng.internal.MethodRunner.runInSequence(MethodRunner.java:46)
at org.testng.internal.TestInvoker$MethodInvocationAgent.invoke(TestInvoker.java:824)
at org.testng.internal.TestInvoker.invokeTestMethods(TestInvoker.java:146)
at org.testng.internal.TestMethodWorker.invokeTestMethods(TestMethodWorker.java:146)
at org.testng.internal.TestMethodWorker.run(TestMethodWorker.java:128)
at java.base/java.util.ArrayList.forEach(ArrayList.java:1511)
at org.testng.TestRunner.privateRun(TestRunner.java:794)
at org.testng.TestRunner.run(TestRunner.java:596)
at org.testng.SuiteRunner.runTest(SuiteRunner.java:377)
at org.testng.SuiteRunner.runSequentially(SuiteRunner.java:371)
at org.testng.SuiteRunner.privateRun(SuiteRunner.java:332)
at org.testng.SuiteRunner.run(SuiteRunner.java:276)
at org.testng.SuiteRunnerWorker.runSuite(SuiteRunnerWorker.java:53)
at org.testng.SuiteRunnerWorker.run(SuiteRunnerWorker.java:96)
at org.testng.TestNG.runSuitesSequentially(TestNG.java:1212)
at org.testng.TestNG.runSuitesLocally(TestNG.java:1134)
at org.testng.TestNG.runSuites(TestNG.java:1063)
at org.testng.TestNG.run(TestNG.java:1031)
at org.testng.remote.AbstractRemoteTestNG.run(AbstractRemoteTestNG.java:115)
at org.testng.remote.RemoteTestNG.initAndRun(RemoteTestNG.java:251)
at org.testng.remote.RemoteTestNG.main(RemoteTestNG.java:77)
]]>
    </failure>
  </testcase> <!-- validateColumnName_BKP -->
  <system-out>
    <![CDATA[Executing Snowflake query :: SELECT count(*) as TOTAL FROM DEV_ENT_RAW.ST_EANESHEATING_MATILLION.TECHNICIANPAYROLLADJUSTMENT
Snowflake - SQLException at readDB() method :: SQL compilation error:
Object 'DEV_ENT_RAW.ST_EANESHEATING_MATILLION.TECHNICIANPAYROLLADJUSTMENT' does not exist or not authorized.
Executing Snowflake query :: select count(*) as TOTAL from CURATED_DATAMART.ST_BKP_EANESHEATING.STR_TECHNICIANPAYROLLADJUSTMENT Where ACTIVE_FLAG='Y'
Table Count in Snowflake:: 0
Executing Snowflake query :: select count(*) as TOTAL from DEV_ENT_CURATED.MASTER_DIMENSIONS.DIM_TECHNICIANPAYROLLADJUSTMENT where tenant_type='EANESHEATING' and RECORD_UPDATED_BY='Backup Table'
Snowflake - SQLException at readDB() method :: SQL compilation error: error line 1 at position 133
invalid identifier 'RECORD_UPDATED_BY'
Row Count of Table TECHNICIANPAYROLLADJUSTMENT is matched for RAW :: 0 DataMart :: 0 CURATED :: 0]]>
  </system-out>
  <testcase classname="testcases.RAW_DATAMART_CURATED.SnowFlake_RowCount_v1" name="validateColumnName_BKP" time="1.642"/>
  <system-out>
    <![CDATA[Executing Snowflake query :: SELECT count(*) as TOTAL FROM DEV_ENT_RAW.ST_CASTEEL_MATILLION.TRUCK
Table Count in Snowflake:: 405
Executing Snowflake query :: select count(*) as TOTAL from CURATED_DATAMART.ST_BKP_CASTEEL.STR_TRUCK Where ACTIVE_FLAG='Y'
Table Count in Snowflake:: 405
Executing Snowflake query :: select count(*) as TOTAL from DEV_ENT_CURATED.MASTER_DIMENSIONS.DIM_TRUCK where tenant_type='CASTEEL' and RECORD_UPDATED_BY='Backup Table'
Table Count in Snowflake:: 405
Row Count of Table TRUCK is matched for RAW :: 405 DataMart :: 405 CURATED :: 405]]>
  </system-out>
  <testcase classname="testcases.RAW_DATAMART_CURATED.SnowFlake_RowCount_v1" name="validateColumnName_BKP" time="1.863"/>
  <system-out>
    <![CDATA[Executing Snowflake query :: SELECT count(*) as TOTAL FROM DEV_ENT_RAW.ST_MAITZ_MATILLION.COUNTERSALESLOCATION
Table Count in Snowflake:: 0
Executing Snowflake query :: select count(*) as TOTAL from CURATED_DATAMART.ST_BKP_MAITZ.STR_COUNTERSALESLOCATION Where ACTIVE_FLAG='Y'
Table Count in Snowflake:: 0
Executing Snowflake query :: select count(*) as TOTAL from DEV_ENT_CURATED.MASTER_DIMENSIONS.DIM_COUNTERSALESLOCATION where tenant_type='MAITZ' and RECORD_UPDATED_BY='Backup Table'
Table Count in Snowflake:: 0
Row Count of Table COUNTERSALESLOCATION is matched for RAW :: 0 DataMart :: 0 CURATED :: 0]]>
  </system-out>
  <testcase classname="testcases.RAW_DATAMART_CURATED.SnowFlake_RowCount_v1" name="validateColumnName_BKP" time="1.533">
    <failure message="The following asserts failed:
	null" type="java.lang.AssertionError">
      <![CDATA[java.lang.AssertionError: The following asserts failed:
null
at org.testng.asserts.SoftAssert.assertAll(SoftAssert.java:47)
at org.testng.asserts.SoftAssert.assertAll(SoftAssert.java:31)
at testcases.RAW_DATAMART_CURATED.SnowFlake_RowCount_v1.validateColumnName_BKP(SnowFlake_RowCount_v1.java:39)
at jdk.internal.reflect.GeneratedMethodAccessor38.invoke(Unknown Source)
at java.base/jdk.internal.reflect.DelegatingMethodAccessorImpl.invoke(DelegatingMethodAccessorImpl.java:43)
at java.base/java.lang.reflect.Method.invoke(Method.java:568)
at org.testng.internal.MethodInvocationHelper.invokeMethod(MethodInvocationHelper.java:133)
at org.testng.internal.TestInvoker.invokeMethod(TestInvoker.java:598)
at org.testng.internal.TestInvoker.invokeTestMethod(TestInvoker.java:173)
at org.testng.internal.MethodRunner.runInSequence(MethodRunner.java:46)
at org.testng.internal.TestInvoker$MethodInvocationAgent.invoke(TestInvoker.java:824)
at org.testng.internal.TestInvoker.invokeTestMethods(TestInvoker.java:146)
at org.testng.internal.TestMethodWorker.invokeTestMethods(TestMethodWorker.java:146)
at org.testng.internal.TestMethodWorker.run(TestMethodWorker.java:128)
at java.base/java.util.ArrayList.forEach(ArrayList.java:1511)
at org.testng.TestRunner.privateRun(TestRunner.java:794)
at org.testng.TestRunner.run(TestRunner.java:596)
at org.testng.SuiteRunner.runTest(SuiteRunner.java:377)
at org.testng.SuiteRunner.runSequentially(SuiteRunner.java:371)
at org.testng.SuiteRunner.privateRun(SuiteRunner.java:332)
at org.testng.SuiteRunner.run(SuiteRunner.java:276)
at org.testng.SuiteRunnerWorker.runSuite(SuiteRunnerWorker.java:53)
at org.testng.SuiteRunnerWorker.run(SuiteRunnerWorker.java:96)
at org.testng.TestNG.runSuitesSequentially(TestNG.java:1212)
at org.testng.TestNG.runSuitesLocally(TestNG.java:1134)
at org.testng.TestNG.runSuites(TestNG.java:1063)
at org.testng.TestNG.run(TestNG.java:1031)
at org.testng.remote.AbstractRemoteTestNG.run(AbstractRemoteTestNG.java:115)
at org.testng.remote.RemoteTestNG.initAndRun(RemoteTestNG.java:251)
at org.testng.remote.RemoteTestNG.main(RemoteTestNG.java:77)
]]>
    </failure>
  </testcase> <!-- validateColumnName_BKP -->
  <system-out>
    <![CDATA[Executing Snowflake query :: SELECT count(*) as TOTAL FROM DEV_ENT_RAW.ST_MAITZ_MATILLION.JOBAPPOINTMENTASSIGNMENT
Table Count in Snowflake:: 234670
Executing Snowflake query :: select count(*) as TOTAL from CURATED_DATAMART.ST_BKP_MAITZ.STR_JOBAPPOINTMENTASSIGNMENT Where ACTIVE_FLAG='Y'
Table Count in Snowflake:: 234648
Executing Snowflake query :: select count(*) as TOTAL from DEV_ENT_CURATED.MASTER_DIMENSIONS.DIM_JOBAPPOINTMENTASSIGNMENT where tenant_type='MAITZ' and RECORD_UPDATED_BY='Backup Table'
Table Count in Snowflake:: 234648
Row Count of Table JOBAPPOINTMENTASSIGNMENT is not matched for RAW :: 234670 DataMart :: 234648 CURATED :: 234648]]>
  </system-out>
  <testcase classname="testcases.RAW_DATAMART_CURATED.SnowFlake_RowCount_v1" name="validateColumnName_BKP" time="1.207">
    <failure message="The following asserts failed:
	null" type="java.lang.AssertionError">
      <![CDATA[java.lang.AssertionError: The following asserts failed:
null
at org.testng.asserts.SoftAssert.assertAll(SoftAssert.java:47)
at org.testng.asserts.SoftAssert.assertAll(SoftAssert.java:31)
at testcases.RAW_DATAMART_CURATED.SnowFlake_RowCount_v1.validateColumnName_BKP(SnowFlake_RowCount_v1.java:39)
at jdk.internal.reflect.GeneratedMethodAccessor38.invoke(Unknown Source)
at java.base/jdk.internal.reflect.DelegatingMethodAccessorImpl.invoke(DelegatingMethodAccessorImpl.java:43)
at java.base/java.lang.reflect.Method.invoke(Method.java:568)
at org.testng.internal.MethodInvocationHelper.invokeMethod(MethodInvocationHelper.java:133)
at org.testng.internal.TestInvoker.invokeMethod(TestInvoker.java:598)
at org.testng.internal.TestInvoker.invokeTestMethod(TestInvoker.java:173)
at org.testng.internal.MethodRunner.runInSequence(MethodRunner.java:46)
at org.testng.internal.TestInvoker$MethodInvocationAgent.invoke(TestInvoker.java:824)
at org.testng.internal.TestInvoker.invokeTestMethods(TestInvoker.java:146)
at org.testng.internal.TestMethodWorker.invokeTestMethods(TestMethodWorker.java:146)
at org.testng.internal.TestMethodWorker.run(TestMethodWorker.java:128)
at java.base/java.util.ArrayList.forEach(ArrayList.java:1511)
at org.testng.TestRunner.privateRun(TestRunner.java:794)
at org.testng.TestRunner.run(TestRunner.java:596)
at org.testng.SuiteRunner.runTest(SuiteRunner.java:377)
at org.testng.SuiteRunner.runSequentially(SuiteRunner.java:371)
at org.testng.SuiteRunner.privateRun(SuiteRunner.java:332)
at org.testng.SuiteRunner.run(SuiteRunner.java:276)
at org.testng.SuiteRunnerWorker.runSuite(SuiteRunnerWorker.java:53)
at org.testng.SuiteRunnerWorker.run(SuiteRunnerWorker.java:96)
at org.testng.TestNG.runSuitesSequentially(TestNG.java:1212)
at org.testng.TestNG.runSuitesLocally(TestNG.java:1134)
at org.testng.TestNG.runSuites(TestNG.java:1063)
at org.testng.TestNG.run(TestNG.java:1031)
at org.testng.remote.AbstractRemoteTestNG.run(AbstractRemoteTestNG.java:115)
at org.testng.remote.RemoteTestNG.initAndRun(RemoteTestNG.java:251)
at org.testng.remote.RemoteTestNG.main(RemoteTestNG.java:77)
]]>
    </failure>
  </testcase> <!-- validateColumnName_BKP -->
  <system-out>
    <![CDATA[Executing Snowflake query :: SELECT count(*) as TOTAL FROM DEV_ENT_RAW.ST_HORIZONSERVICES_MATILLION.PAYMENTTERM
Table Count in Snowflake:: 1
Executing Snowflake query :: select count(*) as TOTAL from CURATED_DATAMART.ST_BKP_HORIZONSERVICES.STR_PAYMENTTERM Where ACTIVE_FLAG='Y'
Table Count in Snowflake:: 1
Executing Snowflake query :: select count(*) as TOTAL from DEV_ENT_CURATED.MASTER_DIMENSIONS.DIM_PAYMENTTERM where tenant_type='HORIZONSERVICES' and RECORD_UPDATED_BY='Backup Table'
Table Count in Snowflake:: 0
Row Count of Table PAYMENTTERM is not matched for RAW :: 1 DataMart :: 1 CURATED :: 0]]>
  </system-out>
  <testcase classname="testcases.RAW_DATAMART_CURATED.SnowFlake_RowCount_v1" name="validateColumnName_BKP" time="2.363">
    <failure message="The following asserts failed:
	null,
	null" type="java.lang.AssertionError">
      <![CDATA[java.lang.AssertionError: The following asserts failed:
null,
null
at org.testng.asserts.SoftAssert.assertAll(SoftAssert.java:47)
at org.testng.asserts.SoftAssert.assertAll(SoftAssert.java:31)
at testcases.RAW_DATAMART_CURATED.SnowFlake_RowCount_v1.validateColumnName_BKP(SnowFlake_RowCount_v1.java:39)
at jdk.internal.reflect.GeneratedMethodAccessor38.invoke(Unknown Source)
at java.base/jdk.internal.reflect.DelegatingMethodAccessorImpl.invoke(DelegatingMethodAccessorImpl.java:43)
at java.base/java.lang.reflect.Method.invoke(Method.java:568)
at org.testng.internal.MethodInvocationHelper.invokeMethod(MethodInvocationHelper.java:133)
at org.testng.internal.TestInvoker.invokeMethod(TestInvoker.java:598)
at org.testng.internal.TestInvoker.invokeTestMethod(TestInvoker.java:173)
at org.testng.internal.MethodRunner.runInSequence(MethodRunner.java:46)
at org.testng.internal.TestInvoker$MethodInvocationAgent.invoke(TestInvoker.java:824)
at org.testng.internal.TestInvoker.invokeTestMethods(TestInvoker.java:146)
at org.testng.internal.TestMethodWorker.invokeTestMethods(TestMethodWorker.java:146)
at org.testng.internal.TestMethodWorker.run(TestMethodWorker.java:128)
at java.base/java.util.ArrayList.forEach(ArrayList.java:1511)
at org.testng.TestRunner.privateRun(TestRunner.java:794)
at org.testng.TestRunner.run(TestRunner.java:596)
at org.testng.SuiteRunner.runTest(SuiteRunner.java:377)
at org.testng.SuiteRunner.runSequentially(SuiteRunner.java:371)
at org.testng.SuiteRunner.privateRun(SuiteRunner.java:332)
at org.testng.SuiteRunner.run(SuiteRunner.java:276)
at org.testng.SuiteRunnerWorker.runSuite(SuiteRunnerWorker.java:53)
at org.testng.SuiteRunnerWorker.run(SuiteRunnerWorker.java:96)
at org.testng.TestNG.runSuitesSequentially(TestNG.java:1212)
at org.testng.TestNG.runSuitesLocally(TestNG.java:1134)
at org.testng.TestNG.runSuites(TestNG.java:1063)
at org.testng.TestNG.run(TestNG.java:1031)
at org.testng.remote.AbstractRemoteTestNG.run(AbstractRemoteTestNG.java:115)
at org.testng.remote.RemoteTestNG.initAndRun(RemoteTestNG.java:251)
at org.testng.remote.RemoteTestNG.main(RemoteTestNG.java:77)
]]>
    </failure>
  </testcase> <!-- validateColumnName_BKP -->
  <system-out>
    <![CDATA[Executing Snowflake query :: SELECT count(*) as TOTAL FROM DEV_ENT_RAW.ST_FOURPROS_MATILLION.TECHNICIANATTACHEDPROPERTY
Table Count in Snowflake:: 1541
Executing Snowflake query :: select count(*) as TOTAL from CURATED_DATAMART.ST_BKP_FOURPROS.STR_TECHNICIANATTACHEDPROPERTY Where ACTIVE_FLAG='Y'
Table Count in Snowflake:: 1541
Executing Snowflake query :: select count(*) as TOTAL from DEV_ENT_CURATED.MASTER_DIMENSIONS.DIM_TECHNICIANATTACHEDPROPERTY where tenant_type='FOURPROS' and RECORD_UPDATED_BY='Backup Table'
Snowflake - SQLException at readDB() method :: SQL compilation error: error line 1 at position 128
invalid identifier 'RECORD_UPDATED_BY'
Row Count of Table TECHNICIANATTACHEDPROPERTY is not matched for RAW :: 1541 DataMart :: 1541 CURATED :: 0]]>
  </system-out>
  <testcase classname="testcases.RAW_DATAMART_CURATED.SnowFlake_RowCount_v1" name="validateColumnName_BKP" time="1.518">
    <failure message="The following asserts failed:
	null" type="java.lang.AssertionError">
      <![CDATA[java.lang.AssertionError: The following asserts failed:
null
at org.testng.asserts.SoftAssert.assertAll(SoftAssert.java:47)
at org.testng.asserts.SoftAssert.assertAll(SoftAssert.java:31)
at testcases.RAW_DATAMART_CURATED.SnowFlake_RowCount_v1.validateColumnName_BKP(SnowFlake_RowCount_v1.java:39)
at jdk.internal.reflect.GeneratedMethodAccessor38.invoke(Unknown Source)
at java.base/jdk.internal.reflect.DelegatingMethodAccessorImpl.invoke(DelegatingMethodAccessorImpl.java:43)
at java.base/java.lang.reflect.Method.invoke(Method.java:568)
at org.testng.internal.MethodInvocationHelper.invokeMethod(MethodInvocationHelper.java:133)
at org.testng.internal.TestInvoker.invokeMethod(TestInvoker.java:598)
at org.testng.internal.TestInvoker.invokeTestMethod(TestInvoker.java:173)
at org.testng.internal.MethodRunner.runInSequence(MethodRunner.java:46)
at org.testng.internal.TestInvoker$MethodInvocationAgent.invoke(TestInvoker.java:824)
at org.testng.internal.TestInvoker.invokeTestMethods(TestInvoker.java:146)
at org.testng.internal.TestMethodWorker.invokeTestMethods(TestMethodWorker.java:146)
at org.testng.internal.TestMethodWorker.run(TestMethodWorker.java:128)
at java.base/java.util.ArrayList.forEach(ArrayList.java:1511)
at org.testng.TestRunner.privateRun(TestRunner.java:794)
at org.testng.TestRunner.run(TestRunner.java:596)
at org.testng.SuiteRunner.runTest(SuiteRunner.java:377)
at org.testng.SuiteRunner.runSequentially(SuiteRunner.java:371)
at org.testng.SuiteRunner.privateRun(SuiteRunner.java:332)
at org.testng.SuiteRunner.run(SuiteRunner.java:276)
at org.testng.SuiteRunnerWorker.runSuite(SuiteRunnerWorker.java:53)
at org.testng.SuiteRunnerWorker.run(SuiteRunnerWorker.java:96)
at org.testng.TestNG.runSuitesSequentially(TestNG.java:1212)
at org.testng.TestNG.runSuitesLocally(TestNG.java:1134)
at org.testng.TestNG.runSuites(TestNG.java:1063)
at org.testng.TestNG.run(TestNG.java:1031)
at org.testng.remote.AbstractRemoteTestNG.run(AbstractRemoteTestNG.java:115)
at org.testng.remote.RemoteTestNG.initAndRun(RemoteTestNG.java:251)
at org.testng.remote.RemoteTestNG.main(RemoteTestNG.java:77)
]]>
    </failure>
  </testcase> <!-- validateColumnName_BKP -->
  <system-out>
    <![CDATA[Executing Snowflake query :: SELECT count(*) as TOTAL FROM DEV_ENT_RAW.ST_HDAIR_MATILLION.BATCH
Snowflake - SQLException at readDB() method :: SQL compilation error:
Object 'DEV_ENT_RAW.ST_HDAIR_MATILLION.BATCH' does not exist or not authorized.
Executing Snowflake query :: select count(*) as TOTAL from CURATED_DATAMART.ST_BKP_HDAIR.STR_BATCH Where ACTIVE_FLAG='Y'
Table Count in Snowflake:: 12356
Executing Snowflake query :: select count(*) as TOTAL from DEV_ENT_CURATED.MASTER_DIMENSIONS.FACT_BATCH where tenant_type='HDAIR' and RECORD_UPDATED_BY='Backup Table'
Table Count in Snowflake:: 12356
Row Count of Table BATCH is matched for RAW :: 0 DataMart :: 12356 CURATED :: 12356]]>
  </system-out>
  <testcase classname="testcases.RAW_DATAMART_CURATED.SnowFlake_RowCount_v1" name="validateColumnName_BKP" time="1.654"/>
  <system-out>
    <![CDATA[Executing Snowflake query :: SELECT count(*) as TOTAL FROM DEV_ENT_RAW.ST_SNELLHEATINGAIR_MATILLION.GROSSPAYITEM
Table Count in Snowflake:: 0
Executing Snowflake query :: select count(*) as TOTAL from CURATED_DATAMART.ST_BKP_SNELLHEATINGAIR.STR_GROSSPAYITEM Where ACTIVE_FLAG='Y'
Table Count in Snowflake:: 0
Executing Snowflake query :: select count(*) as TOTAL from DEV_ENT_CURATED.MASTER_DIMENSIONS.DIM_GROSSPAYITEM where tenant_type='SNELLHEATINGAIR' and RECORD_UPDATED_BY='Backup Table'
Table Count in Snowflake:: 0
Row Count of Table GROSSPAYITEM is matched for RAW :: 0 DataMart :: 0 CURATED :: 0]]>
  </system-out>
  <testcase classname="testcases.RAW_DATAMART_CURATED.SnowFlake_RowCount_v1" name="validateColumnName_BKP" time="1.328"/>
  <system-out>
    <![CDATA[Executing Snowflake query :: SELECT count(*) as TOTAL FROM DEV_ENT_RAW.ST_FOURPROS_MATILLION.TAXZONE
Table Count in Snowflake:: 0
Executing Snowflake query :: select count(*) as TOTAL from CURATED_DATAMART.ST_BKP_FOURPROS.STR_TAXZONE Where ACTIVE_FLAG='Y'
Table Count in Snowflake:: 0
Executing Snowflake query :: select count(*) as TOTAL from DEV_ENT_CURATED.MASTER_DIMENSIONS.DIM_TAXZONE where tenant_type='FOURPROS' and RECORD_UPDATED_BY='Backup Table'
Table Count in Snowflake:: 0
Row Count of Table TAXZONE is matched for RAW :: 0 DataMart :: 0 CURATED :: 0]]>
  </system-out>
  <testcase classname="testcases.RAW_DATAMART_CURATED.SnowFlake_RowCount_v1" name="validateColumnName_BKP" time="1.837"/>
  <system-out>
    <![CDATA[Executing Snowflake query :: SELECT count(*) as TOTAL FROM DEV_ENT_RAW.ST_HARP_MATILLION.TRUCK
Table Count in Snowflake:: 58
Executing Snowflake query :: select count(*) as TOTAL from CURATED_DATAMART.ST_BKP_HARP.STR_TRUCK Where ACTIVE_FLAG='Y'
Table Count in Snowflake:: 58
Executing Snowflake query :: select count(*) as TOTAL from DEV_ENT_CURATED.MASTER_DIMENSIONS.DIM_TRUCK where tenant_type='HARP' and RECORD_UPDATED_BY='Backup Table'
Table Count in Snowflake:: 58
Row Count of Table TRUCK is matched for RAW :: 58 DataMart :: 58 CURATED :: 58]]>
  </system-out>
  <testcase classname="testcases.RAW_DATAMART_CURATED.SnowFlake_RowCount_v1" name="validateColumnName_BKP" time="1.579">
    <failure message="The following asserts failed:
	null" type="java.lang.AssertionError">
      <![CDATA[java.lang.AssertionError: The following asserts failed:
null
at org.testng.asserts.SoftAssert.assertAll(SoftAssert.java:47)
at org.testng.asserts.SoftAssert.assertAll(SoftAssert.java:31)
at testcases.RAW_DATAMART_CURATED.SnowFlake_RowCount_v1.validateColumnName_BKP(SnowFlake_RowCount_v1.java:39)
at jdk.internal.reflect.GeneratedMethodAccessor38.invoke(Unknown Source)
at java.base/jdk.internal.reflect.DelegatingMethodAccessorImpl.invoke(DelegatingMethodAccessorImpl.java:43)
at java.base/java.lang.reflect.Method.invoke(Method.java:568)
at org.testng.internal.MethodInvocationHelper.invokeMethod(MethodInvocationHelper.java:133)
at org.testng.internal.TestInvoker.invokeMethod(TestInvoker.java:598)
at org.testng.internal.TestInvoker.invokeTestMethod(TestInvoker.java:173)
at org.testng.internal.MethodRunner.runInSequence(MethodRunner.java:46)
at org.testng.internal.TestInvoker$MethodInvocationAgent.invoke(TestInvoker.java:824)
at org.testng.internal.TestInvoker.invokeTestMethods(TestInvoker.java:146)
at org.testng.internal.TestMethodWorker.invokeTestMethods(TestMethodWorker.java:146)
at org.testng.internal.TestMethodWorker.run(TestMethodWorker.java:128)
at java.base/java.util.ArrayList.forEach(ArrayList.java:1511)
at org.testng.TestRunner.privateRun(TestRunner.java:794)
at org.testng.TestRunner.run(TestRunner.java:596)
at org.testng.SuiteRunner.runTest(SuiteRunner.java:377)
at org.testng.SuiteRunner.runSequentially(SuiteRunner.java:371)
at org.testng.SuiteRunner.privateRun(SuiteRunner.java:332)
at org.testng.SuiteRunner.run(SuiteRunner.java:276)
at org.testng.SuiteRunnerWorker.runSuite(SuiteRunnerWorker.java:53)
at org.testng.SuiteRunnerWorker.run(SuiteRunnerWorker.java:96)
at org.testng.TestNG.runSuitesSequentially(TestNG.java:1212)
at org.testng.TestNG.runSuitesLocally(TestNG.java:1134)
at org.testng.TestNG.runSuites(TestNG.java:1063)
at org.testng.TestNG.run(TestNG.java:1031)
at org.testng.remote.AbstractRemoteTestNG.run(AbstractRemoteTestNG.java:115)
at org.testng.remote.RemoteTestNG.initAndRun(RemoteTestNG.java:251)
at org.testng.remote.RemoteTestNG.main(RemoteTestNG.java:77)
]]>
    </failure>
  </testcase> <!-- validateColumnName_BKP -->
  <system-out>
    <![CDATA[Executing Snowflake query :: SELECT count(*) as TOTAL FROM DEV_ENT_RAW.ST_CASTEEL_MATILLION.JOBCANCELEDLOG
Table Count in Snowflake:: 52488
Executing Snowflake query :: select count(*) as TOTAL from CURATED_DATAMART.ST_BKP_CASTEEL.STR_JOBCANCELEDLOG Where ACTIVE_FLAG='Y'
Table Count in Snowflake:: 52458
Executing Snowflake query :: select count(*) as TOTAL from DEV_ENT_CURATED.MASTER_DIMENSIONS.DIM_JOBCANCELEDLOG where tenant_type='CASTEEL' and RECORD_UPDATED_BY='Backup Table'
Table Count in Snowflake:: 52458
Row Count of Table JOBCANCELEDLOG is not matched for RAW :: 52488 DataMart :: 52458 CURATED :: 52458]]>
  </system-out>
  <testcase classname="testcases.RAW_DATAMART_CURATED.SnowFlake_RowCount_v1" name="validateColumnName_BKP" time="1.364">
    <failure message="The following asserts failed:
	null" type="java.lang.AssertionError">
      <![CDATA[java.lang.AssertionError: The following asserts failed:
null
at org.testng.asserts.SoftAssert.assertAll(SoftAssert.java:47)
at org.testng.asserts.SoftAssert.assertAll(SoftAssert.java:31)
at testcases.RAW_DATAMART_CURATED.SnowFlake_RowCount_v1.validateColumnName_BKP(SnowFlake_RowCount_v1.java:39)
at jdk.internal.reflect.GeneratedMethodAccessor38.invoke(Unknown Source)
at java.base/jdk.internal.reflect.DelegatingMethodAccessorImpl.invoke(DelegatingMethodAccessorImpl.java:43)
at java.base/java.lang.reflect.Method.invoke(Method.java:568)
at org.testng.internal.MethodInvocationHelper.invokeMethod(MethodInvocationHelper.java:133)
at org.testng.internal.TestInvoker.invokeMethod(TestInvoker.java:598)
at org.testng.internal.TestInvoker.invokeTestMethod(TestInvoker.java:173)
at org.testng.internal.MethodRunner.runInSequence(MethodRunner.java:46)
at org.testng.internal.TestInvoker$MethodInvocationAgent.invoke(TestInvoker.java:824)
at org.testng.internal.TestInvoker.invokeTestMethods(TestInvoker.java:146)
at org.testng.internal.TestMethodWorker.invokeTestMethods(TestMethodWorker.java:146)
at org.testng.internal.TestMethodWorker.run(TestMethodWorker.java:128)
at java.base/java.util.ArrayList.forEach(ArrayList.java:1511)
at org.testng.TestRunner.privateRun(TestRunner.java:794)
at org.testng.TestRunner.run(TestRunner.java:596)
at org.testng.SuiteRunner.runTest(SuiteRunner.java:377)
at org.testng.SuiteRunner.runSequentially(SuiteRunner.java:371)
at org.testng.SuiteRunner.privateRun(SuiteRunner.java:332)
at org.testng.SuiteRunner.run(SuiteRunner.java:276)
at org.testng.SuiteRunnerWorker.runSuite(SuiteRunnerWorker.java:53)
at org.testng.SuiteRunnerWorker.run(SuiteRunnerWorker.java:96)
at org.testng.TestNG.runSuitesSequentially(TestNG.java:1212)
at org.testng.TestNG.runSuitesLocally(TestNG.java:1134)
at org.testng.TestNG.runSuites(TestNG.java:1063)
at org.testng.TestNG.run(TestNG.java:1031)
at org.testng.remote.AbstractRemoteTestNG.run(AbstractRemoteTestNG.java:115)
at org.testng.remote.RemoteTestNG.initAndRun(RemoteTestNG.java:251)
at org.testng.remote.RemoteTestNG.main(RemoteTestNG.java:77)
]]>
    </failure>
  </testcase> <!-- validateColumnName_BKP -->
  <system-out>
    <![CDATA[Executing Snowflake query :: SELECT count(*) as TOTAL FROM DEV_ENT_RAW.ST_EANESHEATING_MATILLION.TAXZONE
Snowflake - SQLException at readDB() method :: SQL compilation error:
Object 'DEV_ENT_RAW.ST_EANESHEATING_MATILLION.TAXZONE' does not exist or not authorized.
Executing Snowflake query :: select count(*) as TOTAL from CURATED_DATAMART.ST_BKP_EANESHEATING.STR_TAXZONE Where ACTIVE_FLAG='Y'
Table Count in Snowflake:: 18
Executing Snowflake query :: select count(*) as TOTAL from DEV_ENT_CURATED.MASTER_DIMENSIONS.DIM_TAXZONE where tenant_type='EANESHEATING' and RECORD_UPDATED_BY='Backup Table'
Table Count in Snowflake:: 18
Row Count of Table TAXZONE is matched for RAW :: 0 DataMart :: 18 CURATED :: 18]]>
  </system-out>
  <testcase classname="testcases.RAW_DATAMART_CURATED.SnowFlake_RowCount_v1" name="validateColumnName_BKP" time="1.663">
    <failure message="The following asserts failed:
	null" type="java.lang.AssertionError">
      <![CDATA[java.lang.AssertionError: The following asserts failed:
null
at org.testng.asserts.SoftAssert.assertAll(SoftAssert.java:47)
at org.testng.asserts.SoftAssert.assertAll(SoftAssert.java:31)
at testcases.RAW_DATAMART_CURATED.SnowFlake_RowCount_v1.validateColumnName_BKP(SnowFlake_RowCount_v1.java:39)
at jdk.internal.reflect.GeneratedMethodAccessor38.invoke(Unknown Source)
at java.base/jdk.internal.reflect.DelegatingMethodAccessorImpl.invoke(DelegatingMethodAccessorImpl.java:43)
at java.base/java.lang.reflect.Method.invoke(Method.java:568)
at org.testng.internal.MethodInvocationHelper.invokeMethod(MethodInvocationHelper.java:133)
at org.testng.internal.TestInvoker.invokeMethod(TestInvoker.java:598)
at org.testng.internal.TestInvoker.invokeTestMethod(TestInvoker.java:173)
at org.testng.internal.MethodRunner.runInSequence(MethodRunner.java:46)
at org.testng.internal.TestInvoker$MethodInvocationAgent.invoke(TestInvoker.java:824)
at org.testng.internal.TestInvoker.invokeTestMethods(TestInvoker.java:146)
at org.testng.internal.TestMethodWorker.invokeTestMethods(TestMethodWorker.java:146)
at org.testng.internal.TestMethodWorker.run(TestMethodWorker.java:128)
at java.base/java.util.ArrayList.forEach(ArrayList.java:1511)
at org.testng.TestRunner.privateRun(TestRunner.java:794)
at org.testng.TestRunner.run(TestRunner.java:596)
at org.testng.SuiteRunner.runTest(SuiteRunner.java:377)
at org.testng.SuiteRunner.runSequentially(SuiteRunner.java:371)
at org.testng.SuiteRunner.privateRun(SuiteRunner.java:332)
at org.testng.SuiteRunner.run(SuiteRunner.java:276)
at org.testng.SuiteRunnerWorker.runSuite(SuiteRunnerWorker.java:53)
at org.testng.SuiteRunnerWorker.run(SuiteRunnerWorker.java:96)
at org.testng.TestNG.runSuitesSequentially(TestNG.java:1212)
at org.testng.TestNG.runSuitesLocally(TestNG.java:1134)
at org.testng.TestNG.runSuites(TestNG.java:1063)
at org.testng.TestNG.run(TestNG.java:1031)
at org.testng.remote.AbstractRemoteTestNG.run(AbstractRemoteTestNG.java:115)
at org.testng.remote.RemoteTestNG.initAndRun(RemoteTestNG.java:251)
at org.testng.remote.RemoteTestNG.main(RemoteTestNG.java:77)
]]>
    </failure>
  </testcase> <!-- validateColumnName_BKP -->
  <system-out>
    <![CDATA[Executing Snowflake query :: SELECT count(*) as TOTAL FROM DEV_ENT_RAW.ST_HDAIR_MATILLION.DIVISION
Snowflake - SQLException at readDB() method :: SQL compilation error:
Object 'DEV_ENT_RAW.ST_HDAIR_MATILLION.DIVISION' does not exist or not authorized.
Executing Snowflake query :: select count(*) as TOTAL from CURATED_DATAMART.ST_BKP_HDAIR.STR_DIVISION Where ACTIVE_FLAG='Y'
Table Count in Snowflake:: 7
Executing Snowflake query :: select count(*) as TOTAL from DEV_ENT_CURATED.MASTER_DIMENSIONS.DIM_DIVISION where tenant_type='HDAIR' and RECORD_UPDATED_BY='Backup Table'
Table Count in Snowflake:: 7
Row Count of Table DIVISION is matched for RAW :: 0 DataMart :: 7 CURATED :: 7]]>
  </system-out>
  <testcase classname="testcases.RAW_DATAMART_CURATED.SnowFlake_RowCount_v1" name="validateColumnName_BKP" time="2.067">
    <failure message="The following asserts failed:
	null" type="java.lang.AssertionError">
      <![CDATA[java.lang.AssertionError: The following asserts failed:
null
at org.testng.asserts.SoftAssert.assertAll(SoftAssert.java:47)
at org.testng.asserts.SoftAssert.assertAll(SoftAssert.java:31)
at testcases.RAW_DATAMART_CURATED.SnowFlake_RowCount_v1.validateColumnName_BKP(SnowFlake_RowCount_v1.java:39)
at jdk.internal.reflect.GeneratedMethodAccessor38.invoke(Unknown Source)
at java.base/jdk.internal.reflect.DelegatingMethodAccessorImpl.invoke(DelegatingMethodAccessorImpl.java:43)
at java.base/java.lang.reflect.Method.invoke(Method.java:568)
at org.testng.internal.MethodInvocationHelper.invokeMethod(MethodInvocationHelper.java:133)
at org.testng.internal.TestInvoker.invokeMethod(TestInvoker.java:598)
at org.testng.internal.TestInvoker.invokeTestMethod(TestInvoker.java:173)
at org.testng.internal.MethodRunner.runInSequence(MethodRunner.java:46)
at org.testng.internal.TestInvoker$MethodInvocationAgent.invoke(TestInvoker.java:824)
at org.testng.internal.TestInvoker.invokeTestMethods(TestInvoker.java:146)
at org.testng.internal.TestMethodWorker.invokeTestMethods(TestMethodWorker.java:146)
at org.testng.internal.TestMethodWorker.run(TestMethodWorker.java:128)
at java.base/java.util.ArrayList.forEach(ArrayList.java:1511)
at org.testng.TestRunner.privateRun(TestRunner.java:794)
at org.testng.TestRunner.run(TestRunner.java:596)
at org.testng.SuiteRunner.runTest(SuiteRunner.java:377)
at org.testng.SuiteRunner.runSequentially(SuiteRunner.java:371)
at org.testng.SuiteRunner.privateRun(SuiteRunner.java:332)
at org.testng.SuiteRunner.run(SuiteRunner.java:276)
at org.testng.SuiteRunnerWorker.runSuite(SuiteRunnerWorker.java:53)
at org.testng.SuiteRunnerWorker.run(SuiteRunnerWorker.java:96)
at org.testng.TestNG.runSuitesSequentially(TestNG.java:1212)
at org.testng.TestNG.runSuitesLocally(TestNG.java:1134)
at org.testng.TestNG.runSuites(TestNG.java:1063)
at org.testng.TestNG.run(TestNG.java:1031)
at org.testng.remote.AbstractRemoteTestNG.run(AbstractRemoteTestNG.java:115)
at org.testng.remote.RemoteTestNG.initAndRun(RemoteTestNG.java:251)
at org.testng.remote.RemoteTestNG.main(RemoteTestNG.java:77)
]]>
    </failure>
  </testcase> <!-- validateColumnName_BKP -->
  <system-out>
    <![CDATA[Executing Snowflake query :: SELECT count(*) as TOTAL FROM DEV_ENT_RAW.ST_HDAIR_MATILLION.TRUCK
Snowflake - SQLException at readDB() method :: SQL compilation error:
Object 'DEV_ENT_RAW.ST_HDAIR_MATILLION.TRUCK' does not exist or not authorized.
Executing Snowflake query :: select count(*) as TOTAL from CURATED_DATAMART.ST_BKP_HDAIR.STR_TRUCK Where ACTIVE_FLAG='Y'
Table Count in Snowflake:: 78
Executing Snowflake query :: select count(*) as TOTAL from DEV_ENT_CURATED.MASTER_DIMENSIONS.DIM_TRUCK where tenant_type='HDAIR' and RECORD_UPDATED_BY='Backup Table'
Table Count in Snowflake:: 78
Row Count of Table TRUCK is matched for RAW :: 0 DataMart :: 78 CURATED :: 78]]>
  </system-out>
  <testcase classname="testcases.RAW_DATAMART_CURATED.SnowFlake_RowCount_v1" name="validateColumnName_BKP" time="1.770"/>
  <system-out>
    <![CDATA[Executing Snowflake query :: SELECT count(*) as TOTAL FROM DEV_ENT_RAW.ST_BILLFENWICK_MATILLION.COUNTERSALESLOCATION
Table Count in Snowflake:: 0
Executing Snowflake query :: select count(*) as TOTAL from CURATED_DATAMART.ST_BKP_BILLFENWICK.STR_COUNTERSALESLOCATION Where ACTIVE_FLAG='Y'
Table Count in Snowflake:: 0
Executing Snowflake query :: select count(*) as TOTAL from DEV_ENT_CURATED.MASTER_DIMENSIONS.DIM_COUNTERSALESLOCATION where tenant_type='BILLFENWICK' and RECORD_UPDATED_BY='Backup Table'
Table Count in Snowflake:: 0
Row Count of Table COUNTERSALESLOCATION is matched for RAW :: 0 DataMart :: 0 CURATED :: 0]]>
  </system-out>
  <testcase classname="testcases.RAW_DATAMART_CURATED.SnowFlake_RowCount_v1" name="validateColumnName_BKP" time="1.698"/>
  <system-out>
    <![CDATA[Executing Snowflake query :: SELECT count(*) as TOTAL FROM DEV_ENT_RAW.ST_GOLDMEDAL_MATILLION.DIVISION
Table Count in Snowflake:: 5
Executing Snowflake query :: select count(*) as TOTAL from CURATED_DATAMART.ST_BKP_GOLDMEDAL.STR_DIVISION Where ACTIVE_FLAG='Y'
Table Count in Snowflake:: 5
Executing Snowflake query :: select count(*) as TOTAL from DEV_ENT_CURATED.MASTER_DIMENSIONS.DIM_DIVISION where tenant_type='GOLDMEDAL' and RECORD_UPDATED_BY='Backup Table'
Table Count in Snowflake:: 5
Row Count of Table DIVISION is matched for RAW :: 5 DataMart :: 5 CURATED :: 5]]>
  </system-out>
  <testcase classname="testcases.RAW_DATAMART_CURATED.SnowFlake_RowCount_v1" name="validateColumnName_BKP" time="2.997"/>
  <system-out>
    <![CDATA[Executing Snowflake query :: SELECT count(*) as TOTAL FROM DEV_ENT_RAW.ST_MAITZ_MATILLION.TAXZONE
Table Count in Snowflake:: 0
Executing Snowflake query :: select count(*) as TOTAL from CURATED_DATAMART.ST_BKP_MAITZ.STR_TAXZONE Where ACTIVE_FLAG='Y'
Table Count in Snowflake:: 0
Executing Snowflake query :: select count(*) as TOTAL from DEV_ENT_CURATED.MASTER_DIMENSIONS.DIM_TAXZONE where tenant_type='MAITZ' and RECORD_UPDATED_BY='Backup Table'
Table Count in Snowflake:: 0
Row Count of Table TAXZONE is matched for RAW :: 0 DataMart :: 0 CURATED :: 0]]>
  </system-out>
  <testcase classname="testcases.RAW_DATAMART_CURATED.SnowFlake_RowCount_v1" name="validateColumnName_BKP" time="2.226">
    <failure message="The following asserts failed:
	null,
	null" type="java.lang.AssertionError">
      <![CDATA[java.lang.AssertionError: The following asserts failed:
null,
null
at org.testng.asserts.SoftAssert.assertAll(SoftAssert.java:47)
at org.testng.asserts.SoftAssert.assertAll(SoftAssert.java:31)
at testcases.RAW_DATAMART_CURATED.SnowFlake_RowCount_v1.validateColumnName_BKP(SnowFlake_RowCount_v1.java:39)
at jdk.internal.reflect.GeneratedMethodAccessor38.invoke(Unknown Source)
at java.base/jdk.internal.reflect.DelegatingMethodAccessorImpl.invoke(DelegatingMethodAccessorImpl.java:43)
at java.base/java.lang.reflect.Method.invoke(Method.java:568)
at org.testng.internal.MethodInvocationHelper.invokeMethod(MethodInvocationHelper.java:133)
at org.testng.internal.TestInvoker.invokeMethod(TestInvoker.java:598)
at org.testng.internal.TestInvoker.invokeTestMethod(TestInvoker.java:173)
at org.testng.internal.MethodRunner.runInSequence(MethodRunner.java:46)
at org.testng.internal.TestInvoker$MethodInvocationAgent.invoke(TestInvoker.java:824)
at org.testng.internal.TestInvoker.invokeTestMethods(TestInvoker.java:146)
at org.testng.internal.TestMethodWorker.invokeTestMethods(TestMethodWorker.java:146)
at org.testng.internal.TestMethodWorker.run(TestMethodWorker.java:128)
at java.base/java.util.ArrayList.forEach(ArrayList.java:1511)
at org.testng.TestRunner.privateRun(TestRunner.java:794)
at org.testng.TestRunner.run(TestRunner.java:596)
at org.testng.SuiteRunner.runTest(SuiteRunner.java:377)
at org.testng.SuiteRunner.runSequentially(SuiteRunner.java:371)
at org.testng.SuiteRunner.privateRun(SuiteRunner.java:332)
at org.testng.SuiteRunner.run(SuiteRunner.java:276)
at org.testng.SuiteRunnerWorker.runSuite(SuiteRunnerWorker.java:53)
at org.testng.SuiteRunnerWorker.run(SuiteRunnerWorker.java:96)
at org.testng.TestNG.runSuitesSequentially(TestNG.java:1212)
at org.testng.TestNG.runSuitesLocally(TestNG.java:1134)
at org.testng.TestNG.runSuites(TestNG.java:1063)
at org.testng.TestNG.run(TestNG.java:1031)
at org.testng.remote.AbstractRemoteTestNG.run(AbstractRemoteTestNG.java:115)
at org.testng.remote.RemoteTestNG.initAndRun(RemoteTestNG.java:251)
at org.testng.remote.RemoteTestNG.main(RemoteTestNG.java:77)
]]>
    </failure>
  </testcase> <!-- validateColumnName_BKP -->
  <system-out>
    <![CDATA[Executing Snowflake query :: SELECT count(*) as TOTAL FROM DEV_ENT_RAW.ST_HORIZONSERVICES_MATILLION.TECHNICIANPAYROLL
Table Count in Snowflake:: 55108
Executing Snowflake query :: select count(*) as TOTAL from CURATED_DATAMART.ST_BKP_HORIZONSERVICES.STR_TECHNICIANPAYROLL Where ACTIVE_FLAG='Y'
Table Count in Snowflake:: 55108
Executing Snowflake query :: select count(*) as TOTAL from DEV_ENT_CURATED.MASTER_DIMENSIONS.DIM_TECHNICIANPAYROLL where tenant_type='HORIZONSERVICES' and RECORD_UPDATED_BY='Backup Table'
Snowflake - SQLException at readDB() method :: SQL compilation error: error line 1 at position 126
invalid identifier 'RECORD_UPDATED_BY'
Row Count of Table TECHNICIANPAYROLL is not matched for RAW :: 55108 DataMart :: 55108 CURATED :: 0]]>
  </system-out>
  <testcase classname="testcases.RAW_DATAMART_CURATED.SnowFlake_RowCount_v1" name="validateColumnName_BKP" time="1.244"/>
  <system-out>
    <![CDATA[Executing Snowflake query :: SELECT count(*) as TOTAL FROM DEV_ENT_RAW.ST_GOLDMEDAL_MATILLION.COUNTERSALESLOCATION
Table Count in Snowflake:: 0
Executing Snowflake query :: select count(*) as TOTAL from CURATED_DATAMART.ST_BKP_GOLDMEDAL.STR_COUNTERSALESLOCATION Where ACTIVE_FLAG='Y'
Table Count in Snowflake:: 0
Executing Snowflake query :: select count(*) as TOTAL from DEV_ENT_CURATED.MASTER_DIMENSIONS.DIM_COUNTERSALESLOCATION where tenant_type='GOLDMEDAL' and RECORD_UPDATED_BY='Backup Table'
Table Count in Snowflake:: 0
Row Count of Table COUNTERSALESLOCATION is matched for RAW :: 0 DataMart :: 0 CURATED :: 0]]>
  </system-out>
  <testcase classname="testcases.RAW_DATAMART_CURATED.SnowFlake_RowCount_v1" name="validateColumnName_BKP" time="1.616">
    <failure message="The following asserts failed:
	null" type="java.lang.AssertionError">
      <![CDATA[java.lang.AssertionError: The following asserts failed:
null
at org.testng.asserts.SoftAssert.assertAll(SoftAssert.java:47)
at org.testng.asserts.SoftAssert.assertAll(SoftAssert.java:31)
at testcases.RAW_DATAMART_CURATED.SnowFlake_RowCount_v1.validateColumnName_BKP(SnowFlake_RowCount_v1.java:39)
at jdk.internal.reflect.GeneratedMethodAccessor38.invoke(Unknown Source)
at java.base/jdk.internal.reflect.DelegatingMethodAccessorImpl.invoke(DelegatingMethodAccessorImpl.java:43)
at java.base/java.lang.reflect.Method.invoke(Method.java:568)
at org.testng.internal.MethodInvocationHelper.invokeMethod(MethodInvocationHelper.java:133)
at org.testng.internal.TestInvoker.invokeMethod(TestInvoker.java:598)
at org.testng.internal.TestInvoker.invokeTestMethod(TestInvoker.java:173)
at org.testng.internal.MethodRunner.runInSequence(MethodRunner.java:46)
at org.testng.internal.TestInvoker$MethodInvocationAgent.invoke(TestInvoker.java:824)
at org.testng.internal.TestInvoker.invokeTestMethods(TestInvoker.java:146)
at org.testng.internal.TestMethodWorker.invokeTestMethods(TestMethodWorker.java:146)
at org.testng.internal.TestMethodWorker.run(TestMethodWorker.java:128)
at java.base/java.util.ArrayList.forEach(ArrayList.java:1511)
at org.testng.TestRunner.privateRun(TestRunner.java:794)
at org.testng.TestRunner.run(TestRunner.java:596)
at org.testng.SuiteRunner.runTest(SuiteRunner.java:377)
at org.testng.SuiteRunner.runSequentially(SuiteRunner.java:371)
at org.testng.SuiteRunner.privateRun(SuiteRunner.java:332)
at org.testng.SuiteRunner.run(SuiteRunner.java:276)
at org.testng.SuiteRunnerWorker.runSuite(SuiteRunnerWorker.java:53)
at org.testng.SuiteRunnerWorker.run(SuiteRunnerWorker.java:96)
at org.testng.TestNG.runSuitesSequentially(TestNG.java:1212)
at org.testng.TestNG.runSuitesLocally(TestNG.java:1134)
at org.testng.TestNG.runSuites(TestNG.java:1063)
at org.testng.TestNG.run(TestNG.java:1031)
at org.testng.remote.AbstractRemoteTestNG.run(AbstractRemoteTestNG.java:115)
at org.testng.remote.RemoteTestNG.initAndRun(RemoteTestNG.java:251)
at org.testng.remote.RemoteTestNG.main(RemoteTestNG.java:77)
]]>
    </failure>
  </testcase> <!-- validateColumnName_BKP -->
  <system-out>
    <![CDATA[Executing Snowflake query :: SELECT count(*) as TOTAL FROM DEV_ENT_RAW.ST_HUTCHINSON_MATILLION.CUSTOMFIELD
Table Count in Snowflake:: 397318
Executing Snowflake query :: select count(*) as TOTAL from CURATED_DATAMART.ST_BKP_HUTCHINSON.STR_CUSTOMFIELD Where ACTIVE_FLAG='Y'
Table Count in Snowflake:: 397259
Executing Snowflake query :: select count(*) as TOTAL from DEV_ENT_CURATED.MASTER_DIMENSIONS.FACT_CUSTOMFIELD where tenant_type='HUTCHINSON' and RECORD_UPDATED_BY='Backup Table'
Table Count in Snowflake:: 397259
Row Count of Table CUSTOMFIELD is not matched for RAW :: 397318 DataMart :: 397259 CURATED :: 397259]]>
  </system-out>
  <testcase classname="testcases.RAW_DATAMART_CURATED.SnowFlake_RowCount_v1" name="validateColumnName_BKP" time="1.679"/>
  <system-out>
    <![CDATA[Executing Snowflake query :: SELECT count(*) as TOTAL FROM DEV_ENT_RAW.ST_SNELLHEATINGAIR_MATILLION.DIVISION
Table Count in Snowflake:: 5
Executing Snowflake query :: select count(*) as TOTAL from CURATED_DATAMART.ST_BKP_SNELLHEATINGAIR.STR_DIVISION Where ACTIVE_FLAG='Y'
Table Count in Snowflake:: 5
Executing Snowflake query :: select count(*) as TOTAL from DEV_ENT_CURATED.MASTER_DIMENSIONS.DIM_DIVISION where tenant_type='SNELLHEATINGAIR' and RECORD_UPDATED_BY='Backup Table'
Table Count in Snowflake:: 5
Row Count of Table DIVISION is matched for RAW :: 5 DataMart :: 5 CURATED :: 5]]>
  </system-out>
  <testcase classname="testcases.RAW_DATAMART_CURATED.SnowFlake_RowCount_v1" name="validateColumnName_BKP" time="1.349"/>
  <system-out>
    <![CDATA[Executing Snowflake query :: SELECT count(*) as TOTAL FROM DEV_ENT_RAW.ST_CASTEEL_MATILLION.COUNTERSALESLOCATION
Table Count in Snowflake:: 2
Executing Snowflake query :: select count(*) as TOTAL from CURATED_DATAMART.ST_BKP_CASTEEL.STR_COUNTERSALESLOCATION Where ACTIVE_FLAG='Y'
Table Count in Snowflake:: 2
Executing Snowflake query :: select count(*) as TOTAL from DEV_ENT_CURATED.MASTER_DIMENSIONS.DIM_COUNTERSALESLOCATION where tenant_type='CASTEEL' and RECORD_UPDATED_BY='Backup Table'
Table Count in Snowflake:: 2
Row Count of Table COUNTERSALESLOCATION is matched for RAW :: 2 DataMart :: 2 CURATED :: 2]]>
  </system-out>
  <testcase classname="testcases.RAW_DATAMART_CURATED.SnowFlake_RowCount_v1" name="validateColumnName_BKP" time="1.583"/>
  <system-out>
    <![CDATA[Executing Snowflake query :: SELECT count(*) as TOTAL FROM DEV_ENT_RAW.ST_HORIZONSERVICES_MATILLION.OPPORTUNITY
Table Count in Snowflake:: 3881935
Executing Snowflake query :: select count(*) as TOTAL from CURATED_DATAMART.ST_BKP_HORIZONSERVICES.STR_OPPORTUNITY Where ACTIVE_FLAG='Y'
Table Count in Snowflake:: 3881935
Executing Snowflake query :: select count(*) as TOTAL from DEV_ENT_CURATED.MASTER_DIMENSIONS.DIM_OPPORTUNITY where tenant_type='HORIZONSERVICES' and RECORD_UPDATED_BY='Backup Table'
Table Count in Snowflake:: 3881935
Row Count of Table OPPORTUNITY is matched for RAW :: 3881935 DataMart :: 3881935 CURATED :: 3881935]]>
  </system-out>
  <testcase classname="testcases.RAW_DATAMART_CURATED.SnowFlake_RowCount_v1" name="validateColumnName_BKP" time="2.140">
    <failure message="The following asserts failed:
	null" type="java.lang.AssertionError">
      <![CDATA[java.lang.AssertionError: The following asserts failed:
null
at org.testng.asserts.SoftAssert.assertAll(SoftAssert.java:47)
at org.testng.asserts.SoftAssert.assertAll(SoftAssert.java:31)
at testcases.RAW_DATAMART_CURATED.SnowFlake_RowCount_v1.validateColumnName_BKP(SnowFlake_RowCount_v1.java:39)
at jdk.internal.reflect.GeneratedMethodAccessor38.invoke(Unknown Source)
at java.base/jdk.internal.reflect.DelegatingMethodAccessorImpl.invoke(DelegatingMethodAccessorImpl.java:43)
at java.base/java.lang.reflect.Method.invoke(Method.java:568)
at org.testng.internal.MethodInvocationHelper.invokeMethod(MethodInvocationHelper.java:133)
at org.testng.internal.TestInvoker.invokeMethod(TestInvoker.java:598)
at org.testng.internal.TestInvoker.invokeTestMethod(TestInvoker.java:173)
at org.testng.internal.MethodRunner.runInSequence(MethodRunner.java:46)
at org.testng.internal.TestInvoker$MethodInvocationAgent.invoke(TestInvoker.java:824)
at org.testng.internal.TestInvoker.invokeTestMethods(TestInvoker.java:146)
at org.testng.internal.TestMethodWorker.invokeTestMethods(TestMethodWorker.java:146)
at org.testng.internal.TestMethodWorker.run(TestMethodWorker.java:128)
at java.base/java.util.ArrayList.forEach(ArrayList.java:1511)
at org.testng.TestRunner.privateRun(TestRunner.java:794)
at org.testng.TestRunner.run(TestRunner.java:596)
at org.testng.SuiteRunner.runTest(SuiteRunner.java:377)
at org.testng.SuiteRunner.runSequentially(SuiteRunner.java:371)
at org.testng.SuiteRunner.privateRun(SuiteRunner.java:332)
at org.testng.SuiteRunner.run(SuiteRunner.java:276)
at org.testng.SuiteRunnerWorker.runSuite(SuiteRunnerWorker.java:53)
at org.testng.SuiteRunnerWorker.run(SuiteRunnerWorker.java:96)
at org.testng.TestNG.runSuitesSequentially(TestNG.java:1212)
at org.testng.TestNG.runSuitesLocally(TestNG.java:1134)
at org.testng.TestNG.runSuites(TestNG.java:1063)
at org.testng.TestNG.run(TestNG.java:1031)
at org.testng.remote.AbstractRemoteTestNG.run(AbstractRemoteTestNG.java:115)
at org.testng.remote.RemoteTestNG.initAndRun(RemoteTestNG.java:251)
at org.testng.remote.RemoteTestNG.main(RemoteTestNG.java:77)
]]>
    </failure>
  </testcase> <!-- validateColumnName_BKP -->
  <system-out>
    <![CDATA[Executing Snowflake query :: SELECT count(*) as TOTAL FROM DEV_ENT_RAW.ST_CASTEEL_MATILLION.JOBAPPOINTMENTASSIGNMENT
Table Count in Snowflake:: 1040290
Executing Snowflake query :: select count(*) as TOTAL from CURATED_DATAMART.ST_BKP_CASTEEL.STR_JOBAPPOINTMENTASSIGNMENT Where ACTIVE_FLAG='Y'
Table Count in Snowflake:: 1039936
Executing Snowflake query :: select count(*) as TOTAL from DEV_ENT_CURATED.MASTER_DIMENSIONS.DIM_JOBAPPOINTMENTASSIGNMENT where tenant_type='CASTEEL' and RECORD_UPDATED_BY='Backup Table'
Table Count in Snowflake:: 1039936
Row Count of Table JOBAPPOINTMENTASSIGNMENT is not matched for RAW :: 1040290 DataMart :: 1039936 CURATED :: 1039936]]>
  </system-out>
  <testcase classname="testcases.RAW_DATAMART_CURATED.SnowFlake_RowCount_v1" name="validateColumnName_BKP" time="1.423">
    <failure message="The following asserts failed:
	null,
	null" type="java.lang.AssertionError">
      <![CDATA[java.lang.AssertionError: The following asserts failed:
null,
null
at org.testng.asserts.SoftAssert.assertAll(SoftAssert.java:47)
at org.testng.asserts.SoftAssert.assertAll(SoftAssert.java:31)
at testcases.RAW_DATAMART_CURATED.SnowFlake_RowCount_v1.validateColumnName_BKP(SnowFlake_RowCount_v1.java:39)
at jdk.internal.reflect.GeneratedMethodAccessor38.invoke(Unknown Source)
at java.base/jdk.internal.reflect.DelegatingMethodAccessorImpl.invoke(DelegatingMethodAccessorImpl.java:43)
at java.base/java.lang.reflect.Method.invoke(Method.java:568)
at org.testng.internal.MethodInvocationHelper.invokeMethod(MethodInvocationHelper.java:133)
at org.testng.internal.TestInvoker.invokeMethod(TestInvoker.java:598)
at org.testng.internal.TestInvoker.invokeTestMethod(TestInvoker.java:173)
at org.testng.internal.MethodRunner.runInSequence(MethodRunner.java:46)
at org.testng.internal.TestInvoker$MethodInvocationAgent.invoke(TestInvoker.java:824)
at org.testng.internal.TestInvoker.invokeTestMethods(TestInvoker.java:146)
at org.testng.internal.TestMethodWorker.invokeTestMethods(TestMethodWorker.java:146)
at org.testng.internal.TestMethodWorker.run(TestMethodWorker.java:128)
at java.base/java.util.ArrayList.forEach(ArrayList.java:1511)
at org.testng.TestRunner.privateRun(TestRunner.java:794)
at org.testng.TestRunner.run(TestRunner.java:596)
at org.testng.SuiteRunner.runTest(SuiteRunner.java:377)
at org.testng.SuiteRunner.runSequentially(SuiteRunner.java:371)
at org.testng.SuiteRunner.privateRun(SuiteRunner.java:332)
at org.testng.SuiteRunner.run(SuiteRunner.java:276)
at org.testng.SuiteRunnerWorker.runSuite(SuiteRunnerWorker.java:53)
at org.testng.SuiteRunnerWorker.run(SuiteRunnerWorker.java:96)
at org.testng.TestNG.runSuitesSequentially(TestNG.java:1212)
at org.testng.TestNG.runSuitesLocally(TestNG.java:1134)
at org.testng.TestNG.runSuites(TestNG.java:1063)
at org.testng.TestNG.run(TestNG.java:1031)
at org.testng.remote.AbstractRemoteTestNG.run(AbstractRemoteTestNG.java:115)
at org.testng.remote.RemoteTestNG.initAndRun(RemoteTestNG.java:251)
at org.testng.remote.RemoteTestNG.main(RemoteTestNG.java:77)
]]>
    </failure>
  </testcase> <!-- validateColumnName_BKP -->
  <system-out>
    <![CDATA[Executing Snowflake query :: SELECT count(*) as TOTAL FROM DEV_ENT_RAW.ST_FOURPROS_MATILLION.TECHNICIANPAYROLL
Table Count in Snowflake:: 5202
Executing Snowflake query :: select count(*) as TOTAL from CURATED_DATAMART.ST_BKP_FOURPROS.STR_TECHNICIANPAYROLL Where ACTIVE_FLAG='Y'
Table Count in Snowflake:: 5202
Executing Snowflake query :: select count(*) as TOTAL from DEV_ENT_CURATED.MASTER_DIMENSIONS.DIM_TECHNICIANPAYROLL where tenant_type='FOURPROS' and RECORD_UPDATED_BY='Backup Table'
Snowflake - SQLException at readDB() method :: SQL compilation error: error line 1 at position 119
invalid identifier 'RECORD_UPDATED_BY'
Row Count of Table TECHNICIANPAYROLL is not matched for RAW :: 5202 DataMart :: 5202 CURATED :: 0]]>
  </system-out>
  <testcase classname="testcases.RAW_DATAMART_CURATED.SnowFlake_RowCount_v1" name="validateColumnName_BKP" time="1.209"/>
  <system-out>
    <![CDATA[Executing Snowflake query :: SELECT count(*) as TOTAL FROM DEV_ENT_RAW.ST_GOLDMEDAL_MATILLION.GROSSPAYITEM
Table Count in Snowflake:: 0
Executing Snowflake query :: select count(*) as TOTAL from CURATED_DATAMART.ST_BKP_GOLDMEDAL.STR_GROSSPAYITEM Where ACTIVE_FLAG='Y'
Table Count in Snowflake:: 0
Executing Snowflake query :: select count(*) as TOTAL from DEV_ENT_CURATED.MASTER_DIMENSIONS.DIM_GROSSPAYITEM where tenant_type='GOLDMEDAL' and RECORD_UPDATED_BY='Backup Table'
Table Count in Snowflake:: 0
Row Count of Table GROSSPAYITEM is matched for RAW :: 0 DataMart :: 0 CURATED :: 0]]>
  </system-out>
  <testcase classname="testcases.RAW_DATAMART_CURATED.SnowFlake_RowCount_v1" name="validateColumnName_BKP" time="1.022">
    <failure message="The following asserts failed:
	null" type="java.lang.AssertionError">
      <![CDATA[java.lang.AssertionError: The following asserts failed:
null
at org.testng.asserts.SoftAssert.assertAll(SoftAssert.java:47)
at org.testng.asserts.SoftAssert.assertAll(SoftAssert.java:31)
at testcases.RAW_DATAMART_CURATED.SnowFlake_RowCount_v1.validateColumnName_BKP(SnowFlake_RowCount_v1.java:39)
at java.base/jdk.internal.reflect.NativeMethodAccessorImpl.invoke0(Native Method)
at java.base/jdk.internal.reflect.NativeMethodAccessorImpl.invoke(NativeMethodAccessorImpl.java:77)
at java.base/jdk.internal.reflect.DelegatingMethodAccessorImpl.invoke(DelegatingMethodAccessorImpl.java:43)
at java.base/java.lang.reflect.Method.invoke(Method.java:568)
at org.testng.internal.MethodInvocationHelper.invokeMethod(MethodInvocationHelper.java:133)
at org.testng.internal.TestInvoker.invokeMethod(TestInvoker.java:598)
at org.testng.internal.TestInvoker.invokeTestMethod(TestInvoker.java:173)
at org.testng.internal.MethodRunner.runInSequence(MethodRunner.java:46)
at org.testng.internal.TestInvoker$MethodInvocationAgent.invoke(TestInvoker.java:824)
at org.testng.internal.TestInvoker.invokeTestMethods(TestInvoker.java:146)
at org.testng.internal.TestMethodWorker.invokeTestMethods(TestMethodWorker.java:146)
at org.testng.internal.TestMethodWorker.run(TestMethodWorker.java:128)
at java.base/java.util.ArrayList.forEach(ArrayList.java:1511)
at org.testng.TestRunner.privateRun(TestRunner.java:794)
at org.testng.TestRunner.run(TestRunner.java:596)
at org.testng.SuiteRunner.runTest(SuiteRunner.java:377)
at org.testng.SuiteRunner.runSequentially(SuiteRunner.java:371)
at org.testng.SuiteRunner.privateRun(SuiteRunner.java:332)
at org.testng.SuiteRunner.run(SuiteRunner.java:276)
at org.testng.SuiteRunnerWorker.runSuite(SuiteRunnerWorker.java:53)
at org.testng.SuiteRunnerWorker.run(SuiteRunnerWorker.java:96)
at org.testng.TestNG.runSuitesSequentially(TestNG.java:1212)
at org.testng.TestNG.runSuitesLocally(TestNG.java:1134)
at org.testng.TestNG.runSuites(TestNG.java:1063)
at org.testng.TestNG.run(TestNG.java:1031)
at org.testng.remote.AbstractRemoteTestNG.run(AbstractRemoteTestNG.java:115)
at org.testng.remote.RemoteTestNG.initAndRun(RemoteTestNG.java:251)
at org.testng.remote.RemoteTestNG.main(RemoteTestNG.java:77)
]]>
    </failure>
  </testcase> <!-- validateColumnName_BKP -->
  <system-out>
    <![CDATA[Executing Snowflake query :: SELECT count(*) as TOTAL FROM DEV_ENT_RAW.ST_BILLFENWICK_MATILLION.TECHNICIANPAYROLLADJUSTMENT
Table Count in Snowflake:: 0
Executing Snowflake query :: select count(*) as TOTAL from CURATED_DATAMART.ST_BKP_BILLFENWICK.STR_TECHNICIANPAYROLLADJUSTMENT Where ACTIVE_FLAG='Y'
Table Count in Snowflake:: 0
Executing Snowflake query :: select count(*) as TOTAL from DEV_ENT_CURATED.MASTER_DIMENSIONS.DIM_TECHNICIANPAYROLLADJUSTMENT where tenant_type='BILLFENWICK' and RECORD_UPDATED_BY='Backup Table'
Snowflake - SQLException at readDB() method :: SQL compilation error: error line 1 at position 132
invalid identifier 'RECORD_UPDATED_BY'
Row Count of Table TECHNICIANPAYROLLADJUSTMENT is matched for RAW :: 0 DataMart :: 0 CURATED :: 0]]>
  </system-out>
  <testcase classname="testcases.RAW_DATAMART_CURATED.SnowFlake_RowCount_v1" name="validateColumnName_BKP" time="1.441">
    <failure message="The following asserts failed:
	null" type="java.lang.AssertionError">
      <![CDATA[java.lang.AssertionError: The following asserts failed:
null
at org.testng.asserts.SoftAssert.assertAll(SoftAssert.java:47)
at org.testng.asserts.SoftAssert.assertAll(SoftAssert.java:31)
at testcases.RAW_DATAMART_CURATED.SnowFlake_RowCount_v1.validateColumnName_BKP(SnowFlake_RowCount_v1.java:39)
at java.base/jdk.internal.reflect.NativeMethodAccessorImpl.invoke0(Native Method)
at java.base/jdk.internal.reflect.NativeMethodAccessorImpl.invoke(NativeMethodAccessorImpl.java:77)
at java.base/jdk.internal.reflect.DelegatingMethodAccessorImpl.invoke(DelegatingMethodAccessorImpl.java:43)
at java.base/java.lang.reflect.Method.invoke(Method.java:568)
at org.testng.internal.MethodInvocationHelper.invokeMethod(MethodInvocationHelper.java:133)
at org.testng.internal.TestInvoker.invokeMethod(TestInvoker.java:598)
at org.testng.internal.TestInvoker.invokeTestMethod(TestInvoker.java:173)
at org.testng.internal.MethodRunner.runInSequence(MethodRunner.java:46)
at org.testng.internal.TestInvoker$MethodInvocationAgent.invoke(TestInvoker.java:824)
at org.testng.internal.TestInvoker.invokeTestMethods(TestInvoker.java:146)
at org.testng.internal.TestMethodWorker.invokeTestMethods(TestMethodWorker.java:146)
at org.testng.internal.TestMethodWorker.run(TestMethodWorker.java:128)
at java.base/java.util.ArrayList.forEach(ArrayList.java:1511)
at org.testng.TestRunner.privateRun(TestRunner.java:794)
at org.testng.TestRunner.run(TestRunner.java:596)
at org.testng.SuiteRunner.runTest(SuiteRunner.java:377)
at org.testng.SuiteRunner.runSequentially(SuiteRunner.java:371)
at org.testng.SuiteRunner.privateRun(SuiteRunner.java:332)
at org.testng.SuiteRunner.run(SuiteRunner.java:276)
at org.testng.SuiteRunnerWorker.runSuite(SuiteRunnerWorker.java:53)
at org.testng.SuiteRunnerWorker.run(SuiteRunnerWorker.java:96)
at org.testng.TestNG.runSuitesSequentially(TestNG.java:1212)
at org.testng.TestNG.runSuitesLocally(TestNG.java:1134)
at org.testng.TestNG.runSuites(TestNG.java:1063)
at org.testng.TestNG.run(TestNG.java:1031)
at org.testng.remote.AbstractRemoteTestNG.run(AbstractRemoteTestNG.java:115)
at org.testng.remote.RemoteTestNG.initAndRun(RemoteTestNG.java:251)
at org.testng.remote.RemoteTestNG.main(RemoteTestNG.java:77)
]]>
    </failure>
  </testcase> <!-- validateColumnName_BKP -->
  <system-out>
    <![CDATA[Executing Snowflake query :: SELECT count(*) as TOTAL FROM DEV_ENT_RAW.ST_BILLFENWICK_MATILLION.JOBCANCELEDLOG
Table Count in Snowflake:: 8102
Executing Snowflake query :: select count(*) as TOTAL from CURATED_DATAMART.ST_BKP_BILLFENWICK.STR_JOBCANCELEDLOG Where ACTIVE_FLAG='Y'
Table Count in Snowflake:: 8090
Executing Snowflake query :: select count(*) as TOTAL from DEV_ENT_CURATED.MASTER_DIMENSIONS.DIM_JOBCANCELEDLOG where tenant_type='BILLFENWICK' and RECORD_UPDATED_BY='Backup Table'
Table Count in Snowflake:: 8090
Row Count of Table JOBCANCELEDLOG is not matched for RAW :: 8102 DataMart :: 8090 CURATED :: 8090]]>
  </system-out>
  <testcase classname="testcases.RAW_DATAMART_CURATED.SnowFlake_RowCount_v1" name="validateColumnName_BKP" time="1.129">
    <failure message="The following asserts failed:
	null,
	null" type="java.lang.AssertionError">
      <![CDATA[java.lang.AssertionError: The following asserts failed:
null,
null
at org.testng.asserts.SoftAssert.assertAll(SoftAssert.java:47)
at org.testng.asserts.SoftAssert.assertAll(SoftAssert.java:31)
at testcases.RAW_DATAMART_CURATED.SnowFlake_RowCount_v1.validateColumnName_BKP(SnowFlake_RowCount_v1.java:39)
at java.base/jdk.internal.reflect.NativeMethodAccessorImpl.invoke0(Native Method)
at java.base/jdk.internal.reflect.NativeMethodAccessorImpl.invoke(NativeMethodAccessorImpl.java:77)
at java.base/jdk.internal.reflect.DelegatingMethodAccessorImpl.invoke(DelegatingMethodAccessorImpl.java:43)
at java.base/java.lang.reflect.Method.invoke(Method.java:568)
at org.testng.internal.MethodInvocationHelper.invokeMethod(MethodInvocationHelper.java:133)
at org.testng.internal.TestInvoker.invokeMethod(TestInvoker.java:598)
at org.testng.internal.TestInvoker.invokeTestMethod(TestInvoker.java:173)
at org.testng.internal.MethodRunner.runInSequence(MethodRunner.java:46)
at org.testng.internal.TestInvoker$MethodInvocationAgent.invoke(TestInvoker.java:824)
at org.testng.internal.TestInvoker.invokeTestMethods(TestInvoker.java:146)
at org.testng.internal.TestMethodWorker.invokeTestMethods(TestMethodWorker.java:146)
at org.testng.internal.TestMethodWorker.run(TestMethodWorker.java:128)
at java.base/java.util.ArrayList.forEach(ArrayList.java:1511)
at org.testng.TestRunner.privateRun(TestRunner.java:794)
at org.testng.TestRunner.run(TestRunner.java:596)
at org.testng.SuiteRunner.runTest(SuiteRunner.java:377)
at org.testng.SuiteRunner.runSequentially(SuiteRunner.java:371)
at org.testng.SuiteRunner.privateRun(SuiteRunner.java:332)
at org.testng.SuiteRunner.run(SuiteRunner.java:276)
at org.testng.SuiteRunnerWorker.runSuite(SuiteRunnerWorker.java:53)
at org.testng.SuiteRunnerWorker.run(SuiteRunnerWorker.java:96)
at org.testng.TestNG.runSuitesSequentially(TestNG.java:1212)
at org.testng.TestNG.runSuitesLocally(TestNG.java:1134)
at org.testng.TestNG.runSuites(TestNG.java:1063)
at org.testng.TestNG.run(TestNG.java:1031)
at org.testng.remote.AbstractRemoteTestNG.run(AbstractRemoteTestNG.java:115)
at org.testng.remote.RemoteTestNG.initAndRun(RemoteTestNG.java:251)
at org.testng.remote.RemoteTestNG.main(RemoteTestNG.java:77)
]]>
    </failure>
  </testcase> <!-- validateColumnName_BKP -->
  <system-out>
    <![CDATA[Executing Snowflake query :: SELECT count(*) as TOTAL FROM DEV_ENT_RAW.ST_BILLFENWICK_MATILLION.TECHNICIANATTACHEDPROPERTY
Table Count in Snowflake:: 975
Executing Snowflake query :: select count(*) as TOTAL from CURATED_DATAMART.ST_BKP_BILLFENWICK.STR_TECHNICIANATTACHEDPROPERTY Where ACTIVE_FLAG='Y'
Table Count in Snowflake:: 975
Executing Snowflake query :: select count(*) as TOTAL from DEV_ENT_CURATED.MASTER_DIMENSIONS.DIM_TECHNICIANATTACHEDPROPERTY where tenant_type='BILLFENWICK' and RECORD_UPDATED_BY='Backup Table'
Snowflake - SQLException at readDB() method :: SQL compilation error: error line 1 at position 131
invalid identifier 'RECORD_UPDATED_BY'
Row Count of Table TECHNICIANATTACHEDPROPERTY is not matched for RAW :: 975 DataMart :: 975 CURATED :: 0]]>
  </system-out>
  <testcase classname="testcases.RAW_DATAMART_CURATED.SnowFlake_RowCount_v1" name="validateColumnName_BKP" time="1.637"/>
  <system-out>
    <![CDATA[Executing Snowflake query :: SELECT count(*) as TOTAL FROM DEV_ENT_RAW.ST_CASTEEL_MATILLION.GROSSPAYITEM
Table Count in Snowflake:: 0
Executing Snowflake query :: select count(*) as TOTAL from CURATED_DATAMART.ST_BKP_CASTEEL.STR_GROSSPAYITEM Where ACTIVE_FLAG='Y'
Table Count in Snowflake:: 0
Executing Snowflake query :: select count(*) as TOTAL from DEV_ENT_CURATED.MASTER_DIMENSIONS.DIM_GROSSPAYITEM where tenant_type='CASTEEL' and RECORD_UPDATED_BY='Backup Table'
Table Count in Snowflake:: 0
Row Count of Table GROSSPAYITEM is matched for RAW :: 0 DataMart :: 0 CURATED :: 0]]>
  </system-out>
  <testcase classname="testcases.RAW_DATAMART_CURATED.SnowFlake_RowCount_v1" name="validateColumnName_BKP" time="1.500">
    <failure message="The following asserts failed:
	null,
	null" type="java.lang.AssertionError">
      <![CDATA[java.lang.AssertionError: The following asserts failed:
null,
null
at org.testng.asserts.SoftAssert.assertAll(SoftAssert.java:47)
at org.testng.asserts.SoftAssert.assertAll(SoftAssert.java:31)
at testcases.RAW_DATAMART_CURATED.SnowFlake_RowCount_v1.validateColumnName_BKP(SnowFlake_RowCount_v1.java:39)
at jdk.internal.reflect.GeneratedMethodAccessor38.invoke(Unknown Source)
at java.base/jdk.internal.reflect.DelegatingMethodAccessorImpl.invoke(DelegatingMethodAccessorImpl.java:43)
at java.base/java.lang.reflect.Method.invoke(Method.java:568)
at org.testng.internal.MethodInvocationHelper.invokeMethod(MethodInvocationHelper.java:133)
at org.testng.internal.TestInvoker.invokeMethod(TestInvoker.java:598)
at org.testng.internal.TestInvoker.invokeTestMethod(TestInvoker.java:173)
at org.testng.internal.MethodRunner.runInSequence(MethodRunner.java:46)
at org.testng.internal.TestInvoker$MethodInvocationAgent.invoke(TestInvoker.java:824)
at org.testng.internal.TestInvoker.invokeTestMethods(TestInvoker.java:146)
at org.testng.internal.TestMethodWorker.invokeTestMethods(TestMethodWorker.java:146)
at org.testng.internal.TestMethodWorker.run(TestMethodWorker.java:128)
at java.base/java.util.ArrayList.forEach(ArrayList.java:1511)
at org.testng.TestRunner.privateRun(TestRunner.java:794)
at org.testng.TestRunner.run(TestRunner.java:596)
at org.testng.SuiteRunner.runTest(SuiteRunner.java:377)
at org.testng.SuiteRunner.runSequentially(SuiteRunner.java:371)
at org.testng.SuiteRunner.privateRun(SuiteRunner.java:332)
at org.testng.SuiteRunner.run(SuiteRunner.java:276)
at org.testng.SuiteRunnerWorker.runSuite(SuiteRunnerWorker.java:53)
at org.testng.SuiteRunnerWorker.run(SuiteRunnerWorker.java:96)
at org.testng.TestNG.runSuitesSequentially(TestNG.java:1212)
at org.testng.TestNG.runSuitesLocally(TestNG.java:1134)
at org.testng.TestNG.runSuites(TestNG.java:1063)
at org.testng.TestNG.run(TestNG.java:1031)
at org.testng.remote.AbstractRemoteTestNG.run(AbstractRemoteTestNG.java:115)
at org.testng.remote.RemoteTestNG.initAndRun(RemoteTestNG.java:251)
at org.testng.remote.RemoteTestNG.main(RemoteTestNG.java:77)
]]>
    </failure>
  </testcase> <!-- validateColumnName_BKP -->
  <system-out>
    <![CDATA[Executing Snowflake query :: SELECT count(*) as TOTAL FROM DEV_ENT_RAW.ST_CASTEEL_MATILLION.TECHNICIANATTACHEDPROPERTY
Table Count in Snowflake:: 2771
Executing Snowflake query :: select count(*) as TOTAL from CURATED_DATAMART.ST_BKP_CASTEEL.STR_TECHNICIANATTACHEDPROPERTY Where ACTIVE_FLAG='Y'
Table Count in Snowflake:: 2771
Executing Snowflake query :: select count(*) as TOTAL from DEV_ENT_CURATED.MASTER_DIMENSIONS.DIM_TECHNICIANATTACHEDPROPERTY where tenant_type='CASTEEL' and RECORD_UPDATED_BY='Backup Table'
Snowflake - SQLException at readDB() method :: SQL compilation error: error line 1 at position 127
invalid identifier 'RECORD_UPDATED_BY'
Row Count of Table TECHNICIANATTACHEDPROPERTY is not matched for RAW :: 2771 DataMart :: 2771 CURATED :: 0]]>
  </system-out>
  <testcase classname="testcases.RAW_DATAMART_CURATED.SnowFlake_RowCount_v1" name="validateColumnName_BKP" time="1.328">
    <failure message="The following asserts failed:
	null" type="java.lang.AssertionError">
      <![CDATA[java.lang.AssertionError: The following asserts failed:
null
at org.testng.asserts.SoftAssert.assertAll(SoftAssert.java:47)
at org.testng.asserts.SoftAssert.assertAll(SoftAssert.java:31)
at testcases.RAW_DATAMART_CURATED.SnowFlake_RowCount_v1.validateColumnName_BKP(SnowFlake_RowCount_v1.java:39)
at jdk.internal.reflect.GeneratedMethodAccessor38.invoke(Unknown Source)
at java.base/jdk.internal.reflect.DelegatingMethodAccessorImpl.invoke(DelegatingMethodAccessorImpl.java:43)
at java.base/java.lang.reflect.Method.invoke(Method.java:568)
at org.testng.internal.MethodInvocationHelper.invokeMethod(MethodInvocationHelper.java:133)
at org.testng.internal.TestInvoker.invokeMethod(TestInvoker.java:598)
at org.testng.internal.TestInvoker.invokeTestMethod(TestInvoker.java:173)
at org.testng.internal.MethodRunner.runInSequence(MethodRunner.java:46)
at org.testng.internal.TestInvoker$MethodInvocationAgent.invoke(TestInvoker.java:824)
at org.testng.internal.TestInvoker.invokeTestMethods(TestInvoker.java:146)
at org.testng.internal.TestMethodWorker.invokeTestMethods(TestMethodWorker.java:146)
at org.testng.internal.TestMethodWorker.run(TestMethodWorker.java:128)
at java.base/java.util.ArrayList.forEach(ArrayList.java:1511)
at org.testng.TestRunner.privateRun(TestRunner.java:794)
at org.testng.TestRunner.run(TestRunner.java:596)
at org.testng.SuiteRunner.runTest(SuiteRunner.java:377)
at org.testng.SuiteRunner.runSequentially(SuiteRunner.java:371)
at org.testng.SuiteRunner.privateRun(SuiteRunner.java:332)
at org.testng.SuiteRunner.run(SuiteRunner.java:276)
at org.testng.SuiteRunnerWorker.runSuite(SuiteRunnerWorker.java:53)
at org.testng.SuiteRunnerWorker.run(SuiteRunnerWorker.java:96)
at org.testng.TestNG.runSuitesSequentially(TestNG.java:1212)
at org.testng.TestNG.runSuitesLocally(TestNG.java:1134)
at org.testng.TestNG.runSuites(TestNG.java:1063)
at org.testng.TestNG.run(TestNG.java:1031)
at org.testng.remote.AbstractRemoteTestNG.run(AbstractRemoteTestNG.java:115)
at org.testng.remote.RemoteTestNG.initAndRun(RemoteTestNG.java:251)
at org.testng.remote.RemoteTestNG.main(RemoteTestNG.java:77)
]]>
    </failure>
  </testcase> <!-- validateColumnName_BKP -->
  <system-out>
    <![CDATA[Executing Snowflake query :: SELECT count(*) as TOTAL FROM DEV_ENT_RAW.ST_HDAIR_MATILLION.OVERTIMEPROFILE
Snowflake - SQLException at readDB() method :: SQL compilation error:
Object 'DEV_ENT_RAW.ST_HDAIR_MATILLION.OVERTIMEPROFILE' does not exist or not authorized.
Executing Snowflake query :: select count(*) as TOTAL from CURATED_DATAMART.ST_BKP_HDAIR.STR_OVERTIMEPROFILE Where ACTIVE_FLAG='Y'
Table Count in Snowflake:: 6
Executing Snowflake query :: select count(*) as TOTAL from DEV_ENT_CURATED.MASTER_DIMENSIONS.DIM_OVERTIMEPROFILE where tenant_type='HDAIR' and RECORD_UPDATED_BY='Backup Table'
Table Count in Snowflake:: 6
Row Count of Table OVERTIMEPROFILE is matched for RAW :: 0 DataMart :: 6 CURATED :: 6]]>
  </system-out>
  <testcase classname="testcases.RAW_DATAMART_CURATED.SnowFlake_RowCount_v1" name="validateColumnName_BKP" time="1.433">
    <failure message="The following asserts failed:
	null" type="java.lang.AssertionError">
      <![CDATA[java.lang.AssertionError: The following asserts failed:
null
at org.testng.asserts.SoftAssert.assertAll(SoftAssert.java:47)
at org.testng.asserts.SoftAssert.assertAll(SoftAssert.java:31)
at testcases.RAW_DATAMART_CURATED.SnowFlake_RowCount_v1.validateColumnName_BKP(SnowFlake_RowCount_v1.java:39)
at jdk.internal.reflect.GeneratedMethodAccessor38.invoke(Unknown Source)
at java.base/jdk.internal.reflect.DelegatingMethodAccessorImpl.invoke(DelegatingMethodAccessorImpl.java:43)
at java.base/java.lang.reflect.Method.invoke(Method.java:568)
at org.testng.internal.MethodInvocationHelper.invokeMethod(MethodInvocationHelper.java:133)
at org.testng.internal.TestInvoker.invokeMethod(TestInvoker.java:598)
at org.testng.internal.TestInvoker.invokeTestMethod(TestInvoker.java:173)
at org.testng.internal.MethodRunner.runInSequence(MethodRunner.java:46)
at org.testng.internal.TestInvoker$MethodInvocationAgent.invoke(TestInvoker.java:824)
at org.testng.internal.TestInvoker.invokeTestMethods(TestInvoker.java:146)
at org.testng.internal.TestMethodWorker.invokeTestMethods(TestMethodWorker.java:146)
at org.testng.internal.TestMethodWorker.run(TestMethodWorker.java:128)
at java.base/java.util.ArrayList.forEach(ArrayList.java:1511)
at org.testng.TestRunner.privateRun(TestRunner.java:794)
at org.testng.TestRunner.run(TestRunner.java:596)
at org.testng.SuiteRunner.runTest(SuiteRunner.java:377)
at org.testng.SuiteRunner.runSequentially(SuiteRunner.java:371)
at org.testng.SuiteRunner.privateRun(SuiteRunner.java:332)
at org.testng.SuiteRunner.run(SuiteRunner.java:276)
at org.testng.SuiteRunnerWorker.runSuite(SuiteRunnerWorker.java:53)
at org.testng.SuiteRunnerWorker.run(SuiteRunnerWorker.java:96)
at org.testng.TestNG.runSuitesSequentially(TestNG.java:1212)
at org.testng.TestNG.runSuitesLocally(TestNG.java:1134)
at org.testng.TestNG.runSuites(TestNG.java:1063)
at org.testng.TestNG.run(TestNG.java:1031)
at org.testng.remote.AbstractRemoteTestNG.run(AbstractRemoteTestNG.java:115)
at org.testng.remote.RemoteTestNG.initAndRun(RemoteTestNG.java:251)
at org.testng.remote.RemoteTestNG.main(RemoteTestNG.java:77)
]]>
    </failure>
  </testcase> <!-- validateColumnName_BKP -->
  <system-out>
    <![CDATA[Executing Snowflake query :: SELECT count(*) as TOTAL FROM DEV_ENT_RAW.ST_HARP_MATILLION.OPPORTUNITY
Table Count in Snowflake:: 147434
Executing Snowflake query :: select count(*) as TOTAL from CURATED_DATAMART.ST_BKP_HARP.STR_OPPORTUNITY Where ACTIVE_FLAG='Y'
Table Count in Snowflake:: 147312
Executing Snowflake query :: select count(*) as TOTAL from DEV_ENT_CURATED.MASTER_DIMENSIONS.DIM_OPPORTUNITY where tenant_type='HARP' and RECORD_UPDATED_BY='Backup Table'
Table Count in Snowflake:: 147312
Row Count of Table OPPORTUNITY is not matched for RAW :: 147434 DataMart :: 147312 CURATED :: 147312]]>
  </system-out>
  <testcase classname="testcases.RAW_DATAMART_CURATED.SnowFlake_RowCount_v1" name="validateColumnName_BKP" time="1.430">
    <failure message="The following asserts failed:
	null" type="java.lang.AssertionError">
      <![CDATA[java.lang.AssertionError: The following asserts failed:
null
at org.testng.asserts.SoftAssert.assertAll(SoftAssert.java:47)
at org.testng.asserts.SoftAssert.assertAll(SoftAssert.java:31)
at testcases.RAW_DATAMART_CURATED.SnowFlake_RowCount_v1.validateColumnName_BKP(SnowFlake_RowCount_v1.java:39)
at jdk.internal.reflect.GeneratedMethodAccessor38.invoke(Unknown Source)
at java.base/jdk.internal.reflect.DelegatingMethodAccessorImpl.invoke(DelegatingMethodAccessorImpl.java:43)
at java.base/java.lang.reflect.Method.invoke(Method.java:568)
at org.testng.internal.MethodInvocationHelper.invokeMethod(MethodInvocationHelper.java:133)
at org.testng.internal.TestInvoker.invokeMethod(TestInvoker.java:598)
at org.testng.internal.TestInvoker.invokeTestMethod(TestInvoker.java:173)
at org.testng.internal.MethodRunner.runInSequence(MethodRunner.java:46)
at org.testng.internal.TestInvoker$MethodInvocationAgent.invoke(TestInvoker.java:824)
at org.testng.internal.TestInvoker.invokeTestMethods(TestInvoker.java:146)
at org.testng.internal.TestMethodWorker.invokeTestMethods(TestMethodWorker.java:146)
at org.testng.internal.TestMethodWorker.run(TestMethodWorker.java:128)
at java.base/java.util.ArrayList.forEach(ArrayList.java:1511)
at org.testng.TestRunner.privateRun(TestRunner.java:794)
at org.testng.TestRunner.run(TestRunner.java:596)
at org.testng.SuiteRunner.runTest(SuiteRunner.java:377)
at org.testng.SuiteRunner.runSequentially(SuiteRunner.java:371)
at org.testng.SuiteRunner.privateRun(SuiteRunner.java:332)
at org.testng.SuiteRunner.run(SuiteRunner.java:276)
at org.testng.SuiteRunnerWorker.runSuite(SuiteRunnerWorker.java:53)
at org.testng.SuiteRunnerWorker.run(SuiteRunnerWorker.java:96)
at org.testng.TestNG.runSuitesSequentially(TestNG.java:1212)
at org.testng.TestNG.runSuitesLocally(TestNG.java:1134)
at org.testng.TestNG.runSuites(TestNG.java:1063)
at org.testng.TestNG.run(TestNG.java:1031)
at org.testng.remote.AbstractRemoteTestNG.run(AbstractRemoteTestNG.java:115)
at org.testng.remote.RemoteTestNG.initAndRun(RemoteTestNG.java:251)
at org.testng.remote.RemoteTestNG.main(RemoteTestNG.java:77)
]]>
    </failure>
  </testcase> <!-- validateColumnName_BKP -->
  <system-out>
    <![CDATA[Executing Snowflake query :: SELECT count(*) as TOTAL FROM DEV_ENT_RAW.ST_HENDERSON_MATILLION.OPPORTUNITY
Table Count in Snowflake:: 256125
Executing Snowflake query :: select count(*) as TOTAL from CURATED_DATAMART.ST_BKP_HENDERSON.STR_OPPORTUNITY Where ACTIVE_FLAG='Y'
Table Count in Snowflake:: 256090
Executing Snowflake query :: select count(*) as TOTAL from DEV_ENT_CURATED.MASTER_DIMENSIONS.DIM_OPPORTUNITY where tenant_type='HENDERSON' and RECORD_UPDATED_BY='Backup Table'
Table Count in Snowflake:: 256090
Row Count of Table OPPORTUNITY is not matched for RAW :: 256125 DataMart :: 256090 CURATED :: 256090]]>
  </system-out>
  <testcase classname="testcases.RAW_DATAMART_CURATED.SnowFlake_RowCount_v1" name="validateColumnName_BKP" time="1.408">
    <failure message="The following asserts failed:
	null" type="java.lang.AssertionError">
      <![CDATA[java.lang.AssertionError: The following asserts failed:
null
at org.testng.asserts.SoftAssert.assertAll(SoftAssert.java:47)
at org.testng.asserts.SoftAssert.assertAll(SoftAssert.java:31)
at testcases.RAW_DATAMART_CURATED.SnowFlake_RowCount_v1.validateColumnName_BKP(SnowFlake_RowCount_v1.java:39)
at jdk.internal.reflect.GeneratedMethodAccessor38.invoke(Unknown Source)
at java.base/jdk.internal.reflect.DelegatingMethodAccessorImpl.invoke(DelegatingMethodAccessorImpl.java:43)
at java.base/java.lang.reflect.Method.invoke(Method.java:568)
at org.testng.internal.MethodInvocationHelper.invokeMethod(MethodInvocationHelper.java:133)
at org.testng.internal.TestInvoker.invokeMethod(TestInvoker.java:598)
at org.testng.internal.TestInvoker.invokeTestMethod(TestInvoker.java:173)
at org.testng.internal.MethodRunner.runInSequence(MethodRunner.java:46)
at org.testng.internal.TestInvoker$MethodInvocationAgent.invoke(TestInvoker.java:824)
at org.testng.internal.TestInvoker.invokeTestMethods(TestInvoker.java:146)
at org.testng.internal.TestMethodWorker.invokeTestMethods(TestMethodWorker.java:146)
at org.testng.internal.TestMethodWorker.run(TestMethodWorker.java:128)
at java.base/java.util.ArrayList.forEach(ArrayList.java:1511)
at org.testng.TestRunner.privateRun(TestRunner.java:794)
at org.testng.TestRunner.run(TestRunner.java:596)
at org.testng.SuiteRunner.runTest(SuiteRunner.java:377)
at org.testng.SuiteRunner.runSequentially(SuiteRunner.java:371)
at org.testng.SuiteRunner.privateRun(SuiteRunner.java:332)
at org.testng.SuiteRunner.run(SuiteRunner.java:276)
at org.testng.SuiteRunnerWorker.runSuite(SuiteRunnerWorker.java:53)
at org.testng.SuiteRunnerWorker.run(SuiteRunnerWorker.java:96)
at org.testng.TestNG.runSuitesSequentially(TestNG.java:1212)
at org.testng.TestNG.runSuitesLocally(TestNG.java:1134)
at org.testng.TestNG.runSuites(TestNG.java:1063)
at org.testng.TestNG.run(TestNG.java:1031)
at org.testng.remote.AbstractRemoteTestNG.run(AbstractRemoteTestNG.java:115)
at org.testng.remote.RemoteTestNG.initAndRun(RemoteTestNG.java:251)
at org.testng.remote.RemoteTestNG.main(RemoteTestNG.java:77)
]]>
    </failure>
  </testcase> <!-- validateColumnName_BKP -->
  <system-out>
    <![CDATA[Executing Snowflake query :: SELECT count(*) as TOTAL FROM DEV_ENT_RAW.ST_HUTCHINSON_MATILLION.PAYMENTTERM
Table Count in Snowflake:: 16
Executing Snowflake query :: select count(*) as TOTAL from CURATED_DATAMART.ST_BKP_HUTCHINSON.STR_PAYMENTTERM Where ACTIVE_FLAG='Y'
Table Count in Snowflake:: 16
Executing Snowflake query :: select count(*) as TOTAL from DEV_ENT_CURATED.MASTER_DIMENSIONS.DIM_PAYMENTTERM where tenant_type='HUTCHINSON' and RECORD_UPDATED_BY='Backup Table'
Table Count in Snowflake:: 0
Row Count of Table PAYMENTTERM is not matched for RAW :: 16 DataMart :: 16 CURATED :: 0]]>
  </system-out>
  <testcase classname="testcases.RAW_DATAMART_CURATED.SnowFlake_RowCount_v1" name="validateColumnName_BKP" time="1.119">
    <failure message="The following asserts failed:
	null" type="java.lang.AssertionError">
      <![CDATA[java.lang.AssertionError: The following asserts failed:
null
at org.testng.asserts.SoftAssert.assertAll(SoftAssert.java:47)
at org.testng.asserts.SoftAssert.assertAll(SoftAssert.java:31)
at testcases.RAW_DATAMART_CURATED.SnowFlake_RowCount_v1.validateColumnName_BKP(SnowFlake_RowCount_v1.java:39)
at jdk.internal.reflect.GeneratedMethodAccessor38.invoke(Unknown Source)
at java.base/jdk.internal.reflect.DelegatingMethodAccessorImpl.invoke(DelegatingMethodAccessorImpl.java:43)
at java.base/java.lang.reflect.Method.invoke(Method.java:568)
at org.testng.internal.MethodInvocationHelper.invokeMethod(MethodInvocationHelper.java:133)
at org.testng.internal.TestInvoker.invokeMethod(TestInvoker.java:598)
at org.testng.internal.TestInvoker.invokeTestMethod(TestInvoker.java:173)
at org.testng.internal.MethodRunner.runInSequence(MethodRunner.java:46)
at org.testng.internal.TestInvoker$MethodInvocationAgent.invoke(TestInvoker.java:824)
at org.testng.internal.TestInvoker.invokeTestMethods(TestInvoker.java:146)
at org.testng.internal.TestMethodWorker.invokeTestMethods(TestMethodWorker.java:146)
at org.testng.internal.TestMethodWorker.run(TestMethodWorker.java:128)
at java.base/java.util.ArrayList.forEach(ArrayList.java:1511)
at org.testng.TestRunner.privateRun(TestRunner.java:794)
at org.testng.TestRunner.run(TestRunner.java:596)
at org.testng.SuiteRunner.runTest(SuiteRunner.java:377)
at org.testng.SuiteRunner.runSequentially(SuiteRunner.java:371)
at org.testng.SuiteRunner.privateRun(SuiteRunner.java:332)
at org.testng.SuiteRunner.run(SuiteRunner.java:276)
at org.testng.SuiteRunnerWorker.runSuite(SuiteRunnerWorker.java:53)
at org.testng.SuiteRunnerWorker.run(SuiteRunnerWorker.java:96)
at org.testng.TestNG.runSuitesSequentially(TestNG.java:1212)
at org.testng.TestNG.runSuitesLocally(TestNG.java:1134)
at org.testng.TestNG.runSuites(TestNG.java:1063)
at org.testng.TestNG.run(TestNG.java:1031)
at org.testng.remote.AbstractRemoteTestNG.run(AbstractRemoteTestNG.java:115)
at org.testng.remote.RemoteTestNG.initAndRun(RemoteTestNG.java:251)
at org.testng.remote.RemoteTestNG.main(RemoteTestNG.java:77)
]]>
    </failure>
  </testcase> <!-- validateColumnName_BKP -->
  <system-out>
    <![CDATA[Executing Snowflake query :: SELECT count(*) as TOTAL FROM DEV_ENT_RAW.ST_SNELLHEATINGAIR_MATILLION.TECHNICIANPAYROLLADJUSTMENT
Table Count in Snowflake:: 0
Executing Snowflake query :: select count(*) as TOTAL from CURATED_DATAMART.ST_BKP_SNELLHEATINGAIR.STR_TECHNICIANPAYROLLADJUSTMENT Where ACTIVE_FLAG='Y'
Table Count in Snowflake:: 0
Executing Snowflake query :: select count(*) as TOTAL from DEV_ENT_CURATED.MASTER_DIMENSIONS.DIM_TECHNICIANPAYROLLADJUSTMENT where tenant_type='SNELLHEATINGAIR' and RECORD_UPDATED_BY='Backup Table'
Snowflake - SQLException at readDB() method :: SQL compilation error: error line 1 at position 136
invalid identifier 'RECORD_UPDATED_BY'
Row Count of Table TECHNICIANPAYROLLADJUSTMENT is matched for RAW :: 0 DataMart :: 0 CURATED :: 0]]>
  </system-out>
  <testcase classname="testcases.RAW_DATAMART_CURATED.SnowFlake_RowCount_v1" name="validateColumnName_BKP" time="1.419">
    <failure message="The following asserts failed:
	null" type="java.lang.AssertionError">
      <![CDATA[java.lang.AssertionError: The following asserts failed:
null
at org.testng.asserts.SoftAssert.assertAll(SoftAssert.java:47)
at org.testng.asserts.SoftAssert.assertAll(SoftAssert.java:31)
at testcases.RAW_DATAMART_CURATED.SnowFlake_RowCount_v1.validateColumnName_BKP(SnowFlake_RowCount_v1.java:39)
at jdk.internal.reflect.GeneratedMethodAccessor38.invoke(Unknown Source)
at java.base/jdk.internal.reflect.DelegatingMethodAccessorImpl.invoke(DelegatingMethodAccessorImpl.java:43)
at java.base/java.lang.reflect.Method.invoke(Method.java:568)
at org.testng.internal.MethodInvocationHelper.invokeMethod(MethodInvocationHelper.java:133)
at org.testng.internal.TestInvoker.invokeMethod(TestInvoker.java:598)
at org.testng.internal.TestInvoker.invokeTestMethod(TestInvoker.java:173)
at org.testng.internal.MethodRunner.runInSequence(MethodRunner.java:46)
at org.testng.internal.TestInvoker$MethodInvocationAgent.invoke(TestInvoker.java:824)
at org.testng.internal.TestInvoker.invokeTestMethods(TestInvoker.java:146)
at org.testng.internal.TestMethodWorker.invokeTestMethods(TestMethodWorker.java:146)
at org.testng.internal.TestMethodWorker.run(TestMethodWorker.java:128)
at java.base/java.util.ArrayList.forEach(ArrayList.java:1511)
at org.testng.TestRunner.privateRun(TestRunner.java:794)
at org.testng.TestRunner.run(TestRunner.java:596)
at org.testng.SuiteRunner.runTest(SuiteRunner.java:377)
at org.testng.SuiteRunner.runSequentially(SuiteRunner.java:371)
at org.testng.SuiteRunner.privateRun(SuiteRunner.java:332)
at org.testng.SuiteRunner.run(SuiteRunner.java:276)
at org.testng.SuiteRunnerWorker.runSuite(SuiteRunnerWorker.java:53)
at org.testng.SuiteRunnerWorker.run(SuiteRunnerWorker.java:96)
at org.testng.TestNG.runSuitesSequentially(TestNG.java:1212)
at org.testng.TestNG.runSuitesLocally(TestNG.java:1134)
at org.testng.TestNG.runSuites(TestNG.java:1063)
at org.testng.TestNG.run(TestNG.java:1031)
at org.testng.remote.AbstractRemoteTestNG.run(AbstractRemoteTestNG.java:115)
at org.testng.remote.RemoteTestNG.initAndRun(RemoteTestNG.java:251)
at org.testng.remote.RemoteTestNG.main(RemoteTestNG.java:77)
]]>
    </failure>
  </testcase> <!-- validateColumnName_BKP -->
  <system-out>
    <![CDATA[Executing Snowflake query :: SELECT count(*) as TOTAL FROM DEV_ENT_RAW.ST_SNELLHEATINGAIR_MATILLION.TECHNICIANPAYROLL
Table Count in Snowflake:: 0
Executing Snowflake query :: select count(*) as TOTAL from CURATED_DATAMART.ST_BKP_SNELLHEATINGAIR.STR_TECHNICIANPAYROLL Where ACTIVE_FLAG='Y'
Table Count in Snowflake:: 0
Executing Snowflake query :: select count(*) as TOTAL from DEV_ENT_CURATED.MASTER_DIMENSIONS.DIM_TECHNICIANPAYROLL where tenant_type='SNELLHEATINGAIR' and RECORD_UPDATED_BY='Backup Table'
Snowflake - SQLException at readDB() method :: SQL compilation error: error line 1 at position 126
invalid identifier 'RECORD_UPDATED_BY'
Row Count of Table TECHNICIANPAYROLL is matched for RAW :: 0 DataMart :: 0 CURATED :: 0]]>
  </system-out>
  <testcase classname="testcases.RAW_DATAMART_CURATED.SnowFlake_RowCount_v1" name="validateColumnName_BKP" time="1.337">
    <failure message="The following asserts failed:
	null,
	null" type="java.lang.AssertionError">
      <![CDATA[java.lang.AssertionError: The following asserts failed:
null,
null
at org.testng.asserts.SoftAssert.assertAll(SoftAssert.java:47)
at org.testng.asserts.SoftAssert.assertAll(SoftAssert.java:31)
at testcases.RAW_DATAMART_CURATED.SnowFlake_RowCount_v1.validateColumnName_BKP(SnowFlake_RowCount_v1.java:39)
at jdk.internal.reflect.GeneratedMethodAccessor38.invoke(Unknown Source)
at java.base/jdk.internal.reflect.DelegatingMethodAccessorImpl.invoke(DelegatingMethodAccessorImpl.java:43)
at java.base/java.lang.reflect.Method.invoke(Method.java:568)
at org.testng.internal.MethodInvocationHelper.invokeMethod(MethodInvocationHelper.java:133)
at org.testng.internal.TestInvoker.invokeMethod(TestInvoker.java:598)
at org.testng.internal.TestInvoker.invokeTestMethod(TestInvoker.java:173)
at org.testng.internal.MethodRunner.runInSequence(MethodRunner.java:46)
at org.testng.internal.TestInvoker$MethodInvocationAgent.invoke(TestInvoker.java:824)
at org.testng.internal.TestInvoker.invokeTestMethods(TestInvoker.java:146)
at org.testng.internal.TestMethodWorker.invokeTestMethods(TestMethodWorker.java:146)
at org.testng.internal.TestMethodWorker.run(TestMethodWorker.java:128)
at java.base/java.util.ArrayList.forEach(ArrayList.java:1511)
at org.testng.TestRunner.privateRun(TestRunner.java:794)
at org.testng.TestRunner.run(TestRunner.java:596)
at org.testng.SuiteRunner.runTest(SuiteRunner.java:377)
at org.testng.SuiteRunner.runSequentially(SuiteRunner.java:371)
at org.testng.SuiteRunner.privateRun(SuiteRunner.java:332)
at org.testng.SuiteRunner.run(SuiteRunner.java:276)
at org.testng.SuiteRunnerWorker.runSuite(SuiteRunnerWorker.java:53)
at org.testng.SuiteRunnerWorker.run(SuiteRunnerWorker.java:96)
at org.testng.TestNG.runSuitesSequentially(TestNG.java:1212)
at org.testng.TestNG.runSuitesLocally(TestNG.java:1134)
at org.testng.TestNG.runSuites(TestNG.java:1063)
at org.testng.TestNG.run(TestNG.java:1031)
at org.testng.remote.AbstractRemoteTestNG.run(AbstractRemoteTestNG.java:115)
at org.testng.remote.RemoteTestNG.initAndRun(RemoteTestNG.java:251)
at org.testng.remote.RemoteTestNG.main(RemoteTestNG.java:77)
]]>
    </failure>
  </testcase> <!-- validateColumnName_BKP -->
  <system-out>
    <![CDATA[Executing Snowflake query :: SELECT count(*) as TOTAL FROM DEV_ENT_RAW.ST_EANESHEATING_MATILLION.PAYMENTTERM
Snowflake - SQLException at readDB() method :: SQL compilation error:
Object 'DEV_ENT_RAW.ST_EANESHEATING_MATILLION.PAYMENTTERM' does not exist or not authorized.
Executing Snowflake query :: select count(*) as TOTAL from CURATED_DATAMART.ST_BKP_EANESHEATING.STR_PAYMENTTERM Where ACTIVE_FLAG='Y'
Table Count in Snowflake:: 1
Executing Snowflake query :: select count(*) as TOTAL from DEV_ENT_CURATED.MASTER_DIMENSIONS.DIM_PAYMENTTERM where tenant_type='EANESHEATING' and RECORD_UPDATED_BY='Backup Table'
Table Count in Snowflake:: 0
Row Count of Table PAYMENTTERM is not matched for RAW :: 0 DataMart :: 1 CURATED :: 0]]>
  </system-out>
  <testcase classname="testcases.RAW_DATAMART_CURATED.SnowFlake_RowCount_v1" name="validateColumnName_BKP" time="1.047">
    <failure message="The following asserts failed:
	null" type="java.lang.AssertionError">
      <![CDATA[java.lang.AssertionError: The following asserts failed:
null
at org.testng.asserts.SoftAssert.assertAll(SoftAssert.java:47)
at org.testng.asserts.SoftAssert.assertAll(SoftAssert.java:31)
at testcases.RAW_DATAMART_CURATED.SnowFlake_RowCount_v1.validateColumnName_BKP(SnowFlake_RowCount_v1.java:39)
at jdk.internal.reflect.GeneratedMethodAccessor38.invoke(Unknown Source)
at java.base/jdk.internal.reflect.DelegatingMethodAccessorImpl.invoke(DelegatingMethodAccessorImpl.java:43)
at java.base/java.lang.reflect.Method.invoke(Method.java:568)
at org.testng.internal.MethodInvocationHelper.invokeMethod(MethodInvocationHelper.java:133)
at org.testng.internal.TestInvoker.invokeMethod(TestInvoker.java:598)
at org.testng.internal.TestInvoker.invokeTestMethod(TestInvoker.java:173)
at org.testng.internal.MethodRunner.runInSequence(MethodRunner.java:46)
at org.testng.internal.TestInvoker$MethodInvocationAgent.invoke(TestInvoker.java:824)
at org.testng.internal.TestInvoker.invokeTestMethods(TestInvoker.java:146)
at org.testng.internal.TestMethodWorker.invokeTestMethods(TestMethodWorker.java:146)
at org.testng.internal.TestMethodWorker.run(TestMethodWorker.java:128)
at java.base/java.util.ArrayList.forEach(ArrayList.java:1511)
at org.testng.TestRunner.privateRun(TestRunner.java:794)
at org.testng.TestRunner.run(TestRunner.java:596)
at org.testng.SuiteRunner.runTest(SuiteRunner.java:377)
at org.testng.SuiteRunner.runSequentially(SuiteRunner.java:371)
at org.testng.SuiteRunner.privateRun(SuiteRunner.java:332)
at org.testng.SuiteRunner.run(SuiteRunner.java:276)
at org.testng.SuiteRunnerWorker.runSuite(SuiteRunnerWorker.java:53)
at org.testng.SuiteRunnerWorker.run(SuiteRunnerWorker.java:96)
at org.testng.TestNG.runSuitesSequentially(TestNG.java:1212)
at org.testng.TestNG.runSuitesLocally(TestNG.java:1134)
at org.testng.TestNG.runSuites(TestNG.java:1063)
at org.testng.TestNG.run(TestNG.java:1031)
at org.testng.remote.AbstractRemoteTestNG.run(AbstractRemoteTestNG.java:115)
at org.testng.remote.RemoteTestNG.initAndRun(RemoteTestNG.java:251)
at org.testng.remote.RemoteTestNG.main(RemoteTestNG.java:77)
]]>
    </failure>
  </testcase> <!-- validateColumnName_BKP -->
  <system-out>
    <![CDATA[Executing Snowflake query :: SELECT count(*) as TOTAL FROM DEV_ENT_RAW.ST_MAITZ_MATILLION.TECHNICIANPAYROLLADJUSTMENT
Table Count in Snowflake:: 0
Executing Snowflake query :: select count(*) as TOTAL from CURATED_DATAMART.ST_BKP_MAITZ.STR_TECHNICIANPAYROLLADJUSTMENT Where ACTIVE_FLAG='Y'
Table Count in Snowflake:: 0
Executing Snowflake query :: select count(*) as TOTAL from DEV_ENT_CURATED.MASTER_DIMENSIONS.DIM_TECHNICIANPAYROLLADJUSTMENT where tenant_type='MAITZ' and RECORD_UPDATED_BY='Backup Table'
Snowflake - SQLException at readDB() method :: SQL compilation error: error line 1 at position 126
invalid identifier 'RECORD_UPDATED_BY'
Row Count of Table TECHNICIANPAYROLLADJUSTMENT is matched for RAW :: 0 DataMart :: 0 CURATED :: 0]]>
  </system-out>
  <testcase classname="testcases.RAW_DATAMART_CURATED.SnowFlake_RowCount_v1" name="validateColumnName_BKP" time="2.085"/>
  <system-out>
    <![CDATA[Executing Snowflake query :: SELECT count(*) as TOTAL FROM DEV_ENT_RAW.ST_MAITZ_MATILLION.PAYROLLPROFILE
Table Count in Snowflake:: 1
Executing Snowflake query :: select count(*) as TOTAL from CURATED_DATAMART.ST_BKP_MAITZ.STR_PAYROLLPROFILE Where ACTIVE_FLAG='Y'
Table Count in Snowflake:: 1
Executing Snowflake query :: select count(*) as TOTAL from DEV_ENT_CURATED.MASTER_DIMENSIONS.DIM_PAYROLLPROFILE where tenant_type='MAITZ' and RECORD_UPDATED_BY='Backup Table'
Table Count in Snowflake:: 1
Row Count of Table PAYROLLPROFILE is matched for RAW :: 1 DataMart :: 1 CURATED :: 1]]>
  </system-out>
  <testcase classname="testcases.RAW_DATAMART_CURATED.SnowFlake_RowCount_v1" name="validateColumnName_BKP" time="1.520">
    <failure message="The following asserts failed:
	null" type="java.lang.AssertionError">
      <![CDATA[java.lang.AssertionError: The following asserts failed:
null
at org.testng.asserts.SoftAssert.assertAll(SoftAssert.java:47)
at org.testng.asserts.SoftAssert.assertAll(SoftAssert.java:31)
at testcases.RAW_DATAMART_CURATED.SnowFlake_RowCount_v1.validateColumnName_BKP(SnowFlake_RowCount_v1.java:39)
at jdk.internal.reflect.GeneratedMethodAccessor38.invoke(Unknown Source)
at java.base/jdk.internal.reflect.DelegatingMethodAccessorImpl.invoke(DelegatingMethodAccessorImpl.java:43)
at java.base/java.lang.reflect.Method.invoke(Method.java:568)
at org.testng.internal.MethodInvocationHelper.invokeMethod(MethodInvocationHelper.java:133)
at org.testng.internal.TestInvoker.invokeMethod(TestInvoker.java:598)
at org.testng.internal.TestInvoker.invokeTestMethod(TestInvoker.java:173)
at org.testng.internal.MethodRunner.runInSequence(MethodRunner.java:46)
at org.testng.internal.TestInvoker$MethodInvocationAgent.invoke(TestInvoker.java:824)
at org.testng.internal.TestInvoker.invokeTestMethods(TestInvoker.java:146)
at org.testng.internal.TestMethodWorker.invokeTestMethods(TestMethodWorker.java:146)
at org.testng.internal.TestMethodWorker.run(TestMethodWorker.java:128)
at java.base/java.util.ArrayList.forEach(ArrayList.java:1511)
at org.testng.TestRunner.privateRun(TestRunner.java:794)
at org.testng.TestRunner.run(TestRunner.java:596)
at org.testng.SuiteRunner.runTest(SuiteRunner.java:377)
at org.testng.SuiteRunner.runSequentially(SuiteRunner.java:371)
at org.testng.SuiteRunner.privateRun(SuiteRunner.java:332)
at org.testng.SuiteRunner.run(SuiteRunner.java:276)
at org.testng.SuiteRunnerWorker.runSuite(SuiteRunnerWorker.java:53)
at org.testng.SuiteRunnerWorker.run(SuiteRunnerWorker.java:96)
at org.testng.TestNG.runSuitesSequentially(TestNG.java:1212)
at org.testng.TestNG.runSuitesLocally(TestNG.java:1134)
at org.testng.TestNG.runSuites(TestNG.java:1063)
at org.testng.TestNG.run(TestNG.java:1031)
at org.testng.remote.AbstractRemoteTestNG.run(AbstractRemoteTestNG.java:115)
at org.testng.remote.RemoteTestNG.initAndRun(RemoteTestNG.java:251)
at org.testng.remote.RemoteTestNG.main(RemoteTestNG.java:77)
]]>
    </failure>
  </testcase> <!-- validateColumnName_BKP -->
  <system-out>
    <![CDATA[Executing Snowflake query :: SELECT count(*) as TOTAL FROM DEV_ENT_RAW.ST_HARP_MATILLION.CUSTOMFIELD
Table Count in Snowflake:: 288839
Executing Snowflake query :: select count(*) as TOTAL from CURATED_DATAMART.ST_BKP_HARP.STR_CUSTOMFIELD Where ACTIVE_FLAG='Y'
Table Count in Snowflake:: 288389
Executing Snowflake query :: select count(*) as TOTAL from DEV_ENT_CURATED.MASTER_DIMENSIONS.FACT_CUSTOMFIELD where tenant_type='HARP' and RECORD_UPDATED_BY='Backup Table'
Table Count in Snowflake:: 288389
Row Count of Table CUSTOMFIELD is not matched for RAW :: 288839 DataMart :: 288389 CURATED :: 288389]]>
  </system-out>
  <testcase classname="testcases.RAW_DATAMART_CURATED.SnowFlake_RowCount_v1" name="validateColumnName_BKP" time="1.927">
    <failure message="The following asserts failed:
	null" type="java.lang.AssertionError">
      <![CDATA[java.lang.AssertionError: The following asserts failed:
null
at org.testng.asserts.SoftAssert.assertAll(SoftAssert.java:47)
at org.testng.asserts.SoftAssert.assertAll(SoftAssert.java:31)
at testcases.RAW_DATAMART_CURATED.SnowFlake_RowCount_v1.validateColumnName_BKP(SnowFlake_RowCount_v1.java:39)
at jdk.internal.reflect.GeneratedMethodAccessor38.invoke(Unknown Source)
at java.base/jdk.internal.reflect.DelegatingMethodAccessorImpl.invoke(DelegatingMethodAccessorImpl.java:43)
at java.base/java.lang.reflect.Method.invoke(Method.java:568)
at org.testng.internal.MethodInvocationHelper.invokeMethod(MethodInvocationHelper.java:133)
at org.testng.internal.TestInvoker.invokeMethod(TestInvoker.java:598)
at org.testng.internal.TestInvoker.invokeTestMethod(TestInvoker.java:173)
at org.testng.internal.MethodRunner.runInSequence(MethodRunner.java:46)
at org.testng.internal.TestInvoker$MethodInvocationAgent.invoke(TestInvoker.java:824)
at org.testng.internal.TestInvoker.invokeTestMethods(TestInvoker.java:146)
at org.testng.internal.TestMethodWorker.invokeTestMethods(TestMethodWorker.java:146)
at org.testng.internal.TestMethodWorker.run(TestMethodWorker.java:128)
at java.base/java.util.ArrayList.forEach(ArrayList.java:1511)
at org.testng.TestRunner.privateRun(TestRunner.java:794)
at org.testng.TestRunner.run(TestRunner.java:596)
at org.testng.SuiteRunner.runTest(SuiteRunner.java:377)
at org.testng.SuiteRunner.runSequentially(SuiteRunner.java:371)
at org.testng.SuiteRunner.privateRun(SuiteRunner.java:332)
at org.testng.SuiteRunner.run(SuiteRunner.java:276)
at org.testng.SuiteRunnerWorker.runSuite(SuiteRunnerWorker.java:53)
at org.testng.SuiteRunnerWorker.run(SuiteRunnerWorker.java:96)
at org.testng.TestNG.runSuitesSequentially(TestNG.java:1212)
at org.testng.TestNG.runSuitesLocally(TestNG.java:1134)
at org.testng.TestNG.runSuites(TestNG.java:1063)
at org.testng.TestNG.run(TestNG.java:1031)
at org.testng.remote.AbstractRemoteTestNG.run(AbstractRemoteTestNG.java:115)
at org.testng.remote.RemoteTestNG.initAndRun(RemoteTestNG.java:251)
at org.testng.remote.RemoteTestNG.main(RemoteTestNG.java:77)
]]>
    </failure>
  </testcase> <!-- validateColumnName_BKP -->
  <system-out>
    <![CDATA[Executing Snowflake query :: SELECT count(*) as TOTAL FROM DEV_ENT_RAW.ST_FOURPROS_MATILLION.GROSSPAYITEM
Table Count in Snowflake:: 154379
Executing Snowflake query :: select count(*) as TOTAL from CURATED_DATAMART.ST_BKP_FOURPROS.STR_GROSSPAYITEM Where ACTIVE_FLAG='Y'
Table Count in Snowflake:: 154166
Executing Snowflake query :: select count(*) as TOTAL from DEV_ENT_CURATED.MASTER_DIMENSIONS.DIM_GROSSPAYITEM where tenant_type='FOURPROS' and RECORD_UPDATED_BY='Backup Table'
Table Count in Snowflake:: 154166
Row Count of Table GROSSPAYITEM is not matched for RAW :: 154379 DataMart :: 154166 CURATED :: 154166]]>
  </system-out>
  <testcase classname="testcases.RAW_DATAMART_CURATED.SnowFlake_RowCount_v1" name="validateColumnName_BKP" time="2.058"/>
  <system-out>
    <![CDATA[Executing Snowflake query :: SELECT count(*) as TOTAL FROM DEV_ENT_RAW.ST_HENDERSON_MATILLION.PAYROLLPROFILE
Table Count in Snowflake:: 1
Executing Snowflake query :: select count(*) as TOTAL from CURATED_DATAMART.ST_BKP_HENDERSON.STR_PAYROLLPROFILE Where ACTIVE_FLAG='Y'
Table Count in Snowflake:: 1
Executing Snowflake query :: select count(*) as TOTAL from DEV_ENT_CURATED.MASTER_DIMENSIONS.DIM_PAYROLLPROFILE where tenant_type='HENDERSON' and RECORD_UPDATED_BY='Backup Table'
Table Count in Snowflake:: 1
Row Count of Table PAYROLLPROFILE is matched for RAW :: 1 DataMart :: 1 CURATED :: 1]]>
  </system-out>
  <testcase classname="testcases.RAW_DATAMART_CURATED.SnowFlake_RowCount_v1" name="validateColumnName_BKP" time="1.462"/>
  <system-out>
    <![CDATA[Executing Snowflake query :: SELECT count(*) as TOTAL FROM DEV_ENT_RAW.ST_BILLFENWICK_MATILLION.DIVISION
Table Count in Snowflake:: 4
Executing Snowflake query :: select count(*) as TOTAL from CURATED_DATAMART.ST_BKP_BILLFENWICK.STR_DIVISION Where ACTIVE_FLAG='Y'
Table Count in Snowflake:: 4
Executing Snowflake query :: select count(*) as TOTAL from DEV_ENT_CURATED.MASTER_DIMENSIONS.DIM_DIVISION where tenant_type='BILLFENWICK' and RECORD_UPDATED_BY='Backup Table'
Table Count in Snowflake:: 4
Row Count of Table DIVISION is matched for RAW :: 4 DataMart :: 4 CURATED :: 4]]>
  </system-out>
  <testcase classname="testcases.RAW_DATAMART_CURATED.SnowFlake_RowCount_v1" name="validateColumnName_BKP" time="1.747"/>
  <system-out>
    <![CDATA[Executing Snowflake query :: SELECT count(*) as TOTAL FROM DEV_ENT_RAW.ST_HUTCHINSON_MATILLION.TRUCK
Table Count in Snowflake:: 68
Executing Snowflake query :: select count(*) as TOTAL from CURATED_DATAMART.ST_BKP_HUTCHINSON.STR_TRUCK Where ACTIVE_FLAG='Y'
Table Count in Snowflake:: 68
Executing Snowflake query :: select count(*) as TOTAL from DEV_ENT_CURATED.MASTER_DIMENSIONS.DIM_TRUCK where tenant_type='HUTCHINSON' and RECORD_UPDATED_BY='Backup Table'
Table Count in Snowflake:: 68
Row Count of Table TRUCK is matched for RAW :: 68 DataMart :: 68 CURATED :: 68]]>
  </system-out>
  <testcase classname="testcases.RAW_DATAMART_CURATED.SnowFlake_RowCount_v1" name="validateColumnName_BKP" time="1.637">
    <failure message="The following asserts failed:
	null,
	null" type="java.lang.AssertionError">
      <![CDATA[java.lang.AssertionError: The following asserts failed:
null,
null
at org.testng.asserts.SoftAssert.assertAll(SoftAssert.java:47)
at org.testng.asserts.SoftAssert.assertAll(SoftAssert.java:31)
at testcases.RAW_DATAMART_CURATED.SnowFlake_RowCount_v1.validateColumnName_BKP(SnowFlake_RowCount_v1.java:39)
at jdk.internal.reflect.GeneratedMethodAccessor38.invoke(Unknown Source)
at java.base/jdk.internal.reflect.DelegatingMethodAccessorImpl.invoke(DelegatingMethodAccessorImpl.java:43)
at java.base/java.lang.reflect.Method.invoke(Method.java:568)
at org.testng.internal.MethodInvocationHelper.invokeMethod(MethodInvocationHelper.java:133)
at org.testng.internal.TestInvoker.invokeMethod(TestInvoker.java:598)
at org.testng.internal.TestInvoker.invokeTestMethod(TestInvoker.java:173)
at org.testng.internal.MethodRunner.runInSequence(MethodRunner.java:46)
at org.testng.internal.TestInvoker$MethodInvocationAgent.invoke(TestInvoker.java:824)
at org.testng.internal.TestInvoker.invokeTestMethods(TestInvoker.java:146)
at org.testng.internal.TestMethodWorker.invokeTestMethods(TestMethodWorker.java:146)
at org.testng.internal.TestMethodWorker.run(TestMethodWorker.java:128)
at java.base/java.util.ArrayList.forEach(ArrayList.java:1511)
at org.testng.TestRunner.privateRun(TestRunner.java:794)
at org.testng.TestRunner.run(TestRunner.java:596)
at org.testng.SuiteRunner.runTest(SuiteRunner.java:377)
at org.testng.SuiteRunner.runSequentially(SuiteRunner.java:371)
at org.testng.SuiteRunner.privateRun(SuiteRunner.java:332)
at org.testng.SuiteRunner.run(SuiteRunner.java:276)
at org.testng.SuiteRunnerWorker.runSuite(SuiteRunnerWorker.java:53)
at org.testng.SuiteRunnerWorker.run(SuiteRunnerWorker.java:96)
at org.testng.TestNG.runSuitesSequentially(TestNG.java:1212)
at org.testng.TestNG.runSuitesLocally(TestNG.java:1134)
at org.testng.TestNG.runSuites(TestNG.java:1063)
at org.testng.TestNG.run(TestNG.java:1031)
at org.testng.remote.AbstractRemoteTestNG.run(AbstractRemoteTestNG.java:115)
at org.testng.remote.RemoteTestNG.initAndRun(RemoteTestNG.java:251)
at org.testng.remote.RemoteTestNG.main(RemoteTestNG.java:77)
]]>
    </failure>
  </testcase> <!-- validateColumnName_BKP -->
  <system-out>
    <![CDATA[Executing Snowflake query :: SELECT count(*) as TOTAL FROM DEV_ENT_RAW.ST_HUTCHINSON_MATILLION.TECHNICIANPAYROLLADJUSTMENT
Table Count in Snowflake:: 11941
Executing Snowflake query :: select count(*) as TOTAL from CURATED_DATAMART.ST_BKP_HUTCHINSON.STR_TECHNICIANPAYROLLADJUSTMENT Where ACTIVE_FLAG='Y'
Table Count in Snowflake:: 12019
Executing Snowflake query :: select count(*) as TOTAL from DEV_ENT_CURATED.MASTER_DIMENSIONS.DIM_TECHNICIANPAYROLLADJUSTMENT where tenant_type='HUTCHINSON' and RECORD_UPDATED_BY='Backup Table'
Snowflake - SQLException at readDB() method :: SQL compilation error: error line 1 at position 131
invalid identifier 'RECORD_UPDATED_BY'
Row Count of Table TECHNICIANPAYROLLADJUSTMENT is not matched for RAW :: 11941 DataMart :: 12019 CURATED :: 0]]>
  </system-out>
  <testcase classname="testcases.RAW_DATAMART_CURATED.SnowFlake_RowCount_v1" name="validateColumnName_BKP" time="1.649"/>
  <system-out>
    <![CDATA[Executing Snowflake query :: SELECT count(*) as TOTAL FROM DEV_ENT_RAW.ST_HARP_MATILLION.COUNTERSALESLOCATION
Table Count in Snowflake:: 0
Executing Snowflake query :: select count(*) as TOTAL from CURATED_DATAMART.ST_BKP_HARP.STR_COUNTERSALESLOCATION Where ACTIVE_FLAG='Y'
Table Count in Snowflake:: 0
Executing Snowflake query :: select count(*) as TOTAL from DEV_ENT_CURATED.MASTER_DIMENSIONS.DIM_COUNTERSALESLOCATION where tenant_type='HARP' and RECORD_UPDATED_BY='Backup Table'
Table Count in Snowflake:: 0
Row Count of Table COUNTERSALESLOCATION is matched for RAW :: 0 DataMart :: 0 CURATED :: 0]]>
  </system-out>
  <testcase classname="testcases.RAW_DATAMART_CURATED.SnowFlake_RowCount_v1" name="validateColumnName_BKP" time="1.627">
    <failure message="The following asserts failed:
	null" type="java.lang.AssertionError">
      <![CDATA[java.lang.AssertionError: The following asserts failed:
null
at org.testng.asserts.SoftAssert.assertAll(SoftAssert.java:47)
at org.testng.asserts.SoftAssert.assertAll(SoftAssert.java:31)
at testcases.RAW_DATAMART_CURATED.SnowFlake_RowCount_v1.validateColumnName_BKP(SnowFlake_RowCount_v1.java:39)
at jdk.internal.reflect.GeneratedMethodAccessor38.invoke(Unknown Source)
at java.base/jdk.internal.reflect.DelegatingMethodAccessorImpl.invoke(DelegatingMethodAccessorImpl.java:43)
at java.base/java.lang.reflect.Method.invoke(Method.java:568)
at org.testng.internal.MethodInvocationHelper.invokeMethod(MethodInvocationHelper.java:133)
at org.testng.internal.TestInvoker.invokeMethod(TestInvoker.java:598)
at org.testng.internal.TestInvoker.invokeTestMethod(TestInvoker.java:173)
at org.testng.internal.MethodRunner.runInSequence(MethodRunner.java:46)
at org.testng.internal.TestInvoker$MethodInvocationAgent.invoke(TestInvoker.java:824)
at org.testng.internal.TestInvoker.invokeTestMethods(TestInvoker.java:146)
at org.testng.internal.TestMethodWorker.invokeTestMethods(TestMethodWorker.java:146)
at org.testng.internal.TestMethodWorker.run(TestMethodWorker.java:128)
at java.base/java.util.ArrayList.forEach(ArrayList.java:1511)
at org.testng.TestRunner.privateRun(TestRunner.java:794)
at org.testng.TestRunner.run(TestRunner.java:596)
at org.testng.SuiteRunner.runTest(SuiteRunner.java:377)
at org.testng.SuiteRunner.runSequentially(SuiteRunner.java:371)
at org.testng.SuiteRunner.privateRun(SuiteRunner.java:332)
at org.testng.SuiteRunner.run(SuiteRunner.java:276)
at org.testng.SuiteRunnerWorker.runSuite(SuiteRunnerWorker.java:53)
at org.testng.SuiteRunnerWorker.run(SuiteRunnerWorker.java:96)
at org.testng.TestNG.runSuitesSequentially(TestNG.java:1212)
at org.testng.TestNG.runSuitesLocally(TestNG.java:1134)
at org.testng.TestNG.runSuites(TestNG.java:1063)
at org.testng.TestNG.run(TestNG.java:1031)
at org.testng.remote.AbstractRemoteTestNG.run(AbstractRemoteTestNG.java:115)
at org.testng.remote.RemoteTestNG.initAndRun(RemoteTestNG.java:251)
at org.testng.remote.RemoteTestNG.main(RemoteTestNG.java:77)
]]>
    </failure>
  </testcase> <!-- validateColumnName_BKP -->
  <system-out>
    <![CDATA[Executing Snowflake query :: SELECT count(*) as TOTAL FROM DEV_ENT_RAW.ST_HARP_MATILLION.PAYMENTTERM
Table Count in Snowflake:: 1
Executing Snowflake query :: select count(*) as TOTAL from CURATED_DATAMART.ST_BKP_HARP.STR_PAYMENTTERM Where ACTIVE_FLAG='Y'
Table Count in Snowflake:: 1
Executing Snowflake query :: select count(*) as TOTAL from DEV_ENT_CURATED.MASTER_DIMENSIONS.DIM_PAYMENTTERM where tenant_type='HARP' and RECORD_UPDATED_BY='Backup Table'
Table Count in Snowflake:: 0
Row Count of Table PAYMENTTERM is not matched for RAW :: 1 DataMart :: 1 CURATED :: 0]]>
  </system-out>
  <testcase classname="testcases.RAW_DATAMART_CURATED.SnowFlake_RowCount_v1" name="validateColumnName_BKP" time="2.032"/>
  <system-out>
    <![CDATA[Executing Snowflake query :: SELECT count(*) as TOTAL FROM DEV_ENT_RAW.ST_SNELLHEATINGAIR_MATILLION.TAXZONE
Table Count in Snowflake:: 9
Executing Snowflake query :: select count(*) as TOTAL from CURATED_DATAMART.ST_BKP_SNELLHEATINGAIR.STR_TAXZONE Where ACTIVE_FLAG='Y'
Table Count in Snowflake:: 9
Executing Snowflake query :: select count(*) as TOTAL from DEV_ENT_CURATED.MASTER_DIMENSIONS.DIM_TAXZONE where tenant_type='SNELLHEATINGAIR' and RECORD_UPDATED_BY='Backup Table'
Table Count in Snowflake:: 9
Row Count of Table TAXZONE is matched for RAW :: 9 DataMart :: 9 CURATED :: 9]]>
  </system-out>
  <testcase classname="testcases.RAW_DATAMART_CURATED.SnowFlake_RowCount_v1" name="validateColumnName_BKP" time="1.330">
    <failure message="The following asserts failed:
	null" type="java.lang.AssertionError">
      <![CDATA[java.lang.AssertionError: The following asserts failed:
null
at org.testng.asserts.SoftAssert.assertAll(SoftAssert.java:47)
at org.testng.asserts.SoftAssert.assertAll(SoftAssert.java:31)
at testcases.RAW_DATAMART_CURATED.SnowFlake_RowCount_v1.validateColumnName_BKP(SnowFlake_RowCount_v1.java:39)
at jdk.internal.reflect.GeneratedMethodAccessor38.invoke(Unknown Source)
at java.base/jdk.internal.reflect.DelegatingMethodAccessorImpl.invoke(DelegatingMethodAccessorImpl.java:43)
at java.base/java.lang.reflect.Method.invoke(Method.java:568)
at org.testng.internal.MethodInvocationHelper.invokeMethod(MethodInvocationHelper.java:133)
at org.testng.internal.TestInvoker.invokeMethod(TestInvoker.java:598)
at org.testng.internal.TestInvoker.invokeTestMethod(TestInvoker.java:173)
at org.testng.internal.MethodRunner.runInSequence(MethodRunner.java:46)
at org.testng.internal.TestInvoker$MethodInvocationAgent.invoke(TestInvoker.java:824)
at org.testng.internal.TestInvoker.invokeTestMethods(TestInvoker.java:146)
at org.testng.internal.TestMethodWorker.invokeTestMethods(TestMethodWorker.java:146)
at org.testng.internal.TestMethodWorker.run(TestMethodWorker.java:128)
at java.base/java.util.ArrayList.forEach(ArrayList.java:1511)
at org.testng.TestRunner.privateRun(TestRunner.java:794)
at org.testng.TestRunner.run(TestRunner.java:596)
at org.testng.SuiteRunner.runTest(SuiteRunner.java:377)
at org.testng.SuiteRunner.runSequentially(SuiteRunner.java:371)
at org.testng.SuiteRunner.privateRun(SuiteRunner.java:332)
at org.testng.SuiteRunner.run(SuiteRunner.java:276)
at org.testng.SuiteRunnerWorker.runSuite(SuiteRunnerWorker.java:53)
at org.testng.SuiteRunnerWorker.run(SuiteRunnerWorker.java:96)
at org.testng.TestNG.runSuitesSequentially(TestNG.java:1212)
at org.testng.TestNG.runSuitesLocally(TestNG.java:1134)
at org.testng.TestNG.runSuites(TestNG.java:1063)
at org.testng.TestNG.run(TestNG.java:1031)
at org.testng.remote.AbstractRemoteTestNG.run(AbstractRemoteTestNG.java:115)
at org.testng.remote.RemoteTestNG.initAndRun(RemoteTestNG.java:251)
at org.testng.remote.RemoteTestNG.main(RemoteTestNG.java:77)
]]>
    </failure>
  </testcase> <!-- validateColumnName_BKP -->
  <system-out>
    <![CDATA[Executing Snowflake query :: SELECT count(*) as TOTAL FROM DEV_ENT_RAW.ST_HARP_MATILLION.JOBCANCELEDLOG
Table Count in Snowflake:: 13284
Executing Snowflake query :: select count(*) as TOTAL from CURATED_DATAMART.ST_BKP_HARP.STR_JOBCANCELEDLOG Where ACTIVE_FLAG='Y'
Table Count in Snowflake:: 13258
Executing Snowflake query :: select count(*) as TOTAL from DEV_ENT_CURATED.MASTER_DIMENSIONS.DIM_JOBCANCELEDLOG where tenant_type='HARP' and RECORD_UPDATED_BY='Backup Table'
Table Count in Snowflake:: 13258
Row Count of Table JOBCANCELEDLOG is not matched for RAW :: 13284 DataMart :: 13258 CURATED :: 13258]]>
  </system-out>
  <testcase classname="testcases.RAW_DATAMART_CURATED.SnowFlake_RowCount_v1" name="validateColumnName_BKP" time="1.515">
    <failure message="The following asserts failed:
	null" type="java.lang.AssertionError">
      <![CDATA[java.lang.AssertionError: The following asserts failed:
null
at org.testng.asserts.SoftAssert.assertAll(SoftAssert.java:47)
at org.testng.asserts.SoftAssert.assertAll(SoftAssert.java:31)
at testcases.RAW_DATAMART_CURATED.SnowFlake_RowCount_v1.validateColumnName_BKP(SnowFlake_RowCount_v1.java:39)
at jdk.internal.reflect.GeneratedMethodAccessor38.invoke(Unknown Source)
at java.base/jdk.internal.reflect.DelegatingMethodAccessorImpl.invoke(DelegatingMethodAccessorImpl.java:43)
at java.base/java.lang.reflect.Method.invoke(Method.java:568)
at org.testng.internal.MethodInvocationHelper.invokeMethod(MethodInvocationHelper.java:133)
at org.testng.internal.TestInvoker.invokeMethod(TestInvoker.java:598)
at org.testng.internal.TestInvoker.invokeTestMethod(TestInvoker.java:173)
at org.testng.internal.MethodRunner.runInSequence(MethodRunner.java:46)
at org.testng.internal.TestInvoker$MethodInvocationAgent.invoke(TestInvoker.java:824)
at org.testng.internal.TestInvoker.invokeTestMethods(TestInvoker.java:146)
at org.testng.internal.TestMethodWorker.invokeTestMethods(TestMethodWorker.java:146)
at org.testng.internal.TestMethodWorker.run(TestMethodWorker.java:128)
at java.base/java.util.ArrayList.forEach(ArrayList.java:1511)
at org.testng.TestRunner.privateRun(TestRunner.java:794)
at org.testng.TestRunner.run(TestRunner.java:596)
at org.testng.SuiteRunner.runTest(SuiteRunner.java:377)
at org.testng.SuiteRunner.runSequentially(SuiteRunner.java:371)
at org.testng.SuiteRunner.privateRun(SuiteRunner.java:332)
at org.testng.SuiteRunner.run(SuiteRunner.java:276)
at org.testng.SuiteRunnerWorker.runSuite(SuiteRunnerWorker.java:53)
at org.testng.SuiteRunnerWorker.run(SuiteRunnerWorker.java:96)
at org.testng.TestNG.runSuitesSequentially(TestNG.java:1212)
at org.testng.TestNG.runSuitesLocally(TestNG.java:1134)
at org.testng.TestNG.runSuites(TestNG.java:1063)
at org.testng.TestNG.run(TestNG.java:1031)
at org.testng.remote.AbstractRemoteTestNG.run(AbstractRemoteTestNG.java:115)
at org.testng.remote.RemoteTestNG.initAndRun(RemoteTestNG.java:251)
at org.testng.remote.RemoteTestNG.main(RemoteTestNG.java:77)
]]>
    </failure>
  </testcase> <!-- validateColumnName_BKP -->
  <system-out>
    <![CDATA[Executing Snowflake query :: SELECT count(*) as TOTAL FROM DEV_ENT_RAW.ST_MAITZ_MATILLION.PAYMENTTERM
Table Count in Snowflake:: 1
Executing Snowflake query :: select count(*) as TOTAL from CURATED_DATAMART.ST_BKP_MAITZ.STR_PAYMENTTERM Where ACTIVE_FLAG='Y'
Table Count in Snowflake:: 1
Executing Snowflake query :: select count(*) as TOTAL from DEV_ENT_CURATED.MASTER_DIMENSIONS.DIM_PAYMENTTERM where tenant_type='MAITZ' and RECORD_UPDATED_BY='Backup Table'
Table Count in Snowflake:: 0
Row Count of Table PAYMENTTERM is not matched for RAW :: 1 DataMart :: 1 CURATED :: 0]]>
  </system-out>
  <testcase classname="testcases.RAW_DATAMART_CURATED.SnowFlake_RowCount_v1" name="validateColumnName_BKP" time="1.552"/>
  <system-out>
    <![CDATA[Executing Snowflake query :: SELECT count(*) as TOTAL FROM DEV_ENT_RAW.ST_MAITZ_MATILLION.OVERTIMEPROFILE
Table Count in Snowflake:: 6
Executing Snowflake query :: select count(*) as TOTAL from CURATED_DATAMART.ST_BKP_MAITZ.STR_OVERTIMEPROFILE Where ACTIVE_FLAG='Y'
Table Count in Snowflake:: 6
Executing Snowflake query :: select count(*) as TOTAL from DEV_ENT_CURATED.MASTER_DIMENSIONS.DIM_OVERTIMEPROFILE where tenant_type='MAITZ' and RECORD_UPDATED_BY='Backup Table'
Table Count in Snowflake:: 6
Row Count of Table OVERTIMEPROFILE is matched for RAW :: 6 DataMart :: 6 CURATED :: 6]]>
  </system-out>
  <testcase classname="testcases.RAW_DATAMART_CURATED.SnowFlake_RowCount_v1" name="validateColumnName_BKP" time="1.432">
    <failure message="The following asserts failed:
	null,
	null,
	null" type="java.lang.AssertionError">
      <![CDATA[java.lang.AssertionError: The following asserts failed:
null,
null,
null
at org.testng.asserts.SoftAssert.assertAll(SoftAssert.java:47)
at org.testng.asserts.SoftAssert.assertAll(SoftAssert.java:31)
at testcases.RAW_DATAMART_CURATED.SnowFlake_RowCount_v1.validateColumnName_BKP(SnowFlake_RowCount_v1.java:39)
at jdk.internal.reflect.GeneratedMethodAccessor38.invoke(Unknown Source)
at java.base/jdk.internal.reflect.DelegatingMethodAccessorImpl.invoke(DelegatingMethodAccessorImpl.java:43)
at java.base/java.lang.reflect.Method.invoke(Method.java:568)
at org.testng.internal.MethodInvocationHelper.invokeMethod(MethodInvocationHelper.java:133)
at org.testng.internal.TestInvoker.invokeMethod(TestInvoker.java:598)
at org.testng.internal.TestInvoker.invokeTestMethod(TestInvoker.java:173)
at org.testng.internal.MethodRunner.runInSequence(MethodRunner.java:46)
at org.testng.internal.TestInvoker$MethodInvocationAgent.invoke(TestInvoker.java:824)
at org.testng.internal.TestInvoker.invokeTestMethods(TestInvoker.java:146)
at org.testng.internal.TestMethodWorker.invokeTestMethods(TestMethodWorker.java:146)
at org.testng.internal.TestMethodWorker.run(TestMethodWorker.java:128)
at java.base/java.util.ArrayList.forEach(ArrayList.java:1511)
at org.testng.TestRunner.privateRun(TestRunner.java:794)
at org.testng.TestRunner.run(TestRunner.java:596)
at org.testng.SuiteRunner.runTest(SuiteRunner.java:377)
at org.testng.SuiteRunner.runSequentially(SuiteRunner.java:371)
at org.testng.SuiteRunner.privateRun(SuiteRunner.java:332)
at org.testng.SuiteRunner.run(SuiteRunner.java:276)
at org.testng.SuiteRunnerWorker.runSuite(SuiteRunnerWorker.java:53)
at org.testng.SuiteRunnerWorker.run(SuiteRunnerWorker.java:96)
at org.testng.TestNG.runSuitesSequentially(TestNG.java:1212)
at org.testng.TestNG.runSuitesLocally(TestNG.java:1134)
at org.testng.TestNG.runSuites(TestNG.java:1063)
at org.testng.TestNG.run(TestNG.java:1031)
at org.testng.remote.AbstractRemoteTestNG.run(AbstractRemoteTestNG.java:115)
at org.testng.remote.RemoteTestNG.initAndRun(RemoteTestNG.java:251)
at org.testng.remote.RemoteTestNG.main(RemoteTestNG.java:77)
]]>
    </failure>
  </testcase> <!-- validateColumnName_BKP -->
  <system-out>
    <![CDATA[Executing Snowflake query :: SELECT count(*) as TOTAL FROM DEV_ENT_RAW.ST_HDAIR_MATILLION.TECHNICIANPAYROLLADJUSTMENT
Snowflake - SQLException at readDB() method :: SQL compilation error:
Object 'DEV_ENT_RAW.ST_HDAIR_MATILLION.TECHNICIANPAYROLLADJUSTMENT' does not exist or not authorized.
Executing Snowflake query :: select count(*) as TOTAL from CURATED_DATAMART.ST_BKP_HDAIR.STR_TECHNICIANPAYROLLADJUSTMENT Where ACTIVE_FLAG='Y'
Table Count in Snowflake:: 8296
Executing Snowflake query :: select count(*) as TOTAL from DEV_ENT_CURATED.MASTER_DIMENSIONS.DIM_TECHNICIANPAYROLLADJUSTMENT where tenant_type='HDAIR' and RECORD_UPDATED_BY='Backup Table'
Snowflake - SQLException at readDB() method :: SQL compilation error: error line 1 at position 126
invalid identifier 'RECORD_UPDATED_BY'
Row Count of Table TECHNICIANPAYROLLADJUSTMENT is not matched for RAW :: 0 DataMart :: 8296 CURATED :: 0]]>
  </system-out>
  <testcase classname="testcases.RAW_DATAMART_CURATED.SnowFlake_RowCount_v1" name="validateColumnName_BKP" time="1.546">
    <failure message="The following asserts failed:
	null" type="java.lang.AssertionError">
      <![CDATA[java.lang.AssertionError: The following asserts failed:
null
at org.testng.asserts.SoftAssert.assertAll(SoftAssert.java:47)
at org.testng.asserts.SoftAssert.assertAll(SoftAssert.java:31)
at testcases.RAW_DATAMART_CURATED.SnowFlake_RowCount_v1.validateColumnName_BKP(SnowFlake_RowCount_v1.java:39)
at jdk.internal.reflect.GeneratedMethodAccessor38.invoke(Unknown Source)
at java.base/jdk.internal.reflect.DelegatingMethodAccessorImpl.invoke(DelegatingMethodAccessorImpl.java:43)
at java.base/java.lang.reflect.Method.invoke(Method.java:568)
at org.testng.internal.MethodInvocationHelper.invokeMethod(MethodInvocationHelper.java:133)
at org.testng.internal.TestInvoker.invokeMethod(TestInvoker.java:598)
at org.testng.internal.TestInvoker.invokeTestMethod(TestInvoker.java:173)
at org.testng.internal.MethodRunner.runInSequence(MethodRunner.java:46)
at org.testng.internal.TestInvoker$MethodInvocationAgent.invoke(TestInvoker.java:824)
at org.testng.internal.TestInvoker.invokeTestMethods(TestInvoker.java:146)
at org.testng.internal.TestMethodWorker.invokeTestMethods(TestMethodWorker.java:146)
at org.testng.internal.TestMethodWorker.run(TestMethodWorker.java:128)
at java.base/java.util.ArrayList.forEach(ArrayList.java:1511)
at org.testng.TestRunner.privateRun(TestRunner.java:794)
at org.testng.TestRunner.run(TestRunner.java:596)
at org.testng.SuiteRunner.runTest(SuiteRunner.java:377)
at org.testng.SuiteRunner.runSequentially(SuiteRunner.java:371)
at org.testng.SuiteRunner.privateRun(SuiteRunner.java:332)
at org.testng.SuiteRunner.run(SuiteRunner.java:276)
at org.testng.SuiteRunnerWorker.runSuite(SuiteRunnerWorker.java:53)
at org.testng.SuiteRunnerWorker.run(SuiteRunnerWorker.java:96)
at org.testng.TestNG.runSuitesSequentially(TestNG.java:1212)
at org.testng.TestNG.runSuitesLocally(TestNG.java:1134)
at org.testng.TestNG.runSuites(TestNG.java:1063)
at org.testng.TestNG.run(TestNG.java:1031)
at org.testng.remote.AbstractRemoteTestNG.run(AbstractRemoteTestNG.java:115)
at org.testng.remote.RemoteTestNG.initAndRun(RemoteTestNG.java:251)
at org.testng.remote.RemoteTestNG.main(RemoteTestNG.java:77)
]]>
    </failure>
  </testcase> <!-- validateColumnName_BKP -->
  <system-out>
    <![CDATA[Executing Snowflake query :: SELECT count(*) as TOTAL FROM DEV_ENT_RAW.ST_HENDERSON_MATILLION.TECHNICIANPAYROLL
Table Count in Snowflake:: 0
Executing Snowflake query :: select count(*) as TOTAL from CURATED_DATAMART.ST_BKP_HENDERSON.STR_TECHNICIANPAYROLL Where ACTIVE_FLAG='Y'
Table Count in Snowflake:: 0
Executing Snowflake query :: select count(*) as TOTAL from DEV_ENT_CURATED.MASTER_DIMENSIONS.DIM_TECHNICIANPAYROLL where tenant_type='HENDERSON' and RECORD_UPDATED_BY='Backup Table'
Snowflake - SQLException at readDB() method :: SQL compilation error: error line 1 at position 120
invalid identifier 'RECORD_UPDATED_BY'
Row Count of Table TECHNICIANPAYROLL is matched for RAW :: 0 DataMart :: 0 CURATED :: 0]]>
  </system-out>
  <testcase classname="testcases.RAW_DATAMART_CURATED.SnowFlake_RowCount_v1" name="validateColumnName_BKP" time="1.643">
    <failure message="The following asserts failed:
	null" type="java.lang.AssertionError">
      <![CDATA[java.lang.AssertionError: The following asserts failed:
null
at org.testng.asserts.SoftAssert.assertAll(SoftAssert.java:47)
at org.testng.asserts.SoftAssert.assertAll(SoftAssert.java:31)
at testcases.RAW_DATAMART_CURATED.SnowFlake_RowCount_v1.validateColumnName_BKP(SnowFlake_RowCount_v1.java:39)
at jdk.internal.reflect.GeneratedMethodAccessor38.invoke(Unknown Source)
at java.base/jdk.internal.reflect.DelegatingMethodAccessorImpl.invoke(DelegatingMethodAccessorImpl.java:43)
at java.base/java.lang.reflect.Method.invoke(Method.java:568)
at org.testng.internal.MethodInvocationHelper.invokeMethod(MethodInvocationHelper.java:133)
at org.testng.internal.TestInvoker.invokeMethod(TestInvoker.java:598)
at org.testng.internal.TestInvoker.invokeTestMethod(TestInvoker.java:173)
at org.testng.internal.MethodRunner.runInSequence(MethodRunner.java:46)
at org.testng.internal.TestInvoker$MethodInvocationAgent.invoke(TestInvoker.java:824)
at org.testng.internal.TestInvoker.invokeTestMethods(TestInvoker.java:146)
at org.testng.internal.TestMethodWorker.invokeTestMethods(TestMethodWorker.java:146)
at org.testng.internal.TestMethodWorker.run(TestMethodWorker.java:128)
at java.base/java.util.ArrayList.forEach(ArrayList.java:1511)
at org.testng.TestRunner.privateRun(TestRunner.java:794)
at org.testng.TestRunner.run(TestRunner.java:596)
at org.testng.SuiteRunner.runTest(SuiteRunner.java:377)
at org.testng.SuiteRunner.runSequentially(SuiteRunner.java:371)
at org.testng.SuiteRunner.privateRun(SuiteRunner.java:332)
at org.testng.SuiteRunner.run(SuiteRunner.java:276)
at org.testng.SuiteRunnerWorker.runSuite(SuiteRunnerWorker.java:53)
at org.testng.SuiteRunnerWorker.run(SuiteRunnerWorker.java:96)
at org.testng.TestNG.runSuitesSequentially(TestNG.java:1212)
at org.testng.TestNG.runSuitesLocally(TestNG.java:1134)
at org.testng.TestNG.runSuites(TestNG.java:1063)
at org.testng.TestNG.run(TestNG.java:1031)
at org.testng.remote.AbstractRemoteTestNG.run(AbstractRemoteTestNG.java:115)
at org.testng.remote.RemoteTestNG.initAndRun(RemoteTestNG.java:251)
at org.testng.remote.RemoteTestNG.main(RemoteTestNG.java:77)
]]>
    </failure>
  </testcase> <!-- validateColumnName_BKP -->
  <system-out>
    <![CDATA[Executing Snowflake query :: SELECT count(*) as TOTAL FROM DEV_ENT_RAW.ST_SNELLHEATINGAIR_MATILLION.JOBCANCELEDLOG
Table Count in Snowflake:: 6941
Executing Snowflake query :: select count(*) as TOTAL from CURATED_DATAMART.ST_BKP_SNELLHEATINGAIR.STR_JOBCANCELEDLOG Where ACTIVE_FLAG='Y'
Table Count in Snowflake:: 6928
Executing Snowflake query :: select count(*) as TOTAL from DEV_ENT_CURATED.MASTER_DIMENSIONS.DIM_JOBCANCELEDLOG where tenant_type='SNELLHEATINGAIR' and RECORD_UPDATED_BY='Backup Table'
Table Count in Snowflake:: 6928
Row Count of Table JOBCANCELEDLOG is not matched for RAW :: 6941 DataMart :: 6928 CURATED :: 6928]]>
  </system-out>
  <testcase classname="testcases.RAW_DATAMART_CURATED.SnowFlake_RowCount_v1" name="validateColumnName_BKP" time="1.397">
    <failure message="The following asserts failed:
	null" type="java.lang.AssertionError">
      <![CDATA[java.lang.AssertionError: The following asserts failed:
null
at org.testng.asserts.SoftAssert.assertAll(SoftAssert.java:47)
at org.testng.asserts.SoftAssert.assertAll(SoftAssert.java:31)
at testcases.RAW_DATAMART_CURATED.SnowFlake_RowCount_v1.validateColumnName_BKP(SnowFlake_RowCount_v1.java:39)
at jdk.internal.reflect.GeneratedMethodAccessor38.invoke(Unknown Source)
at java.base/jdk.internal.reflect.DelegatingMethodAccessorImpl.invoke(DelegatingMethodAccessorImpl.java:43)
at java.base/java.lang.reflect.Method.invoke(Method.java:568)
at org.testng.internal.MethodInvocationHelper.invokeMethod(MethodInvocationHelper.java:133)
at org.testng.internal.TestInvoker.invokeMethod(TestInvoker.java:598)
at org.testng.internal.TestInvoker.invokeTestMethod(TestInvoker.java:173)
at org.testng.internal.MethodRunner.runInSequence(MethodRunner.java:46)
at org.testng.internal.TestInvoker$MethodInvocationAgent.invoke(TestInvoker.java:824)
at org.testng.internal.TestInvoker.invokeTestMethods(TestInvoker.java:146)
at org.testng.internal.TestMethodWorker.invokeTestMethods(TestMethodWorker.java:146)
at org.testng.internal.TestMethodWorker.run(TestMethodWorker.java:128)
at java.base/java.util.ArrayList.forEach(ArrayList.java:1511)
at org.testng.TestRunner.privateRun(TestRunner.java:794)
at org.testng.TestRunner.run(TestRunner.java:596)
at org.testng.SuiteRunner.runTest(SuiteRunner.java:377)
at org.testng.SuiteRunner.runSequentially(SuiteRunner.java:371)
at org.testng.SuiteRunner.privateRun(SuiteRunner.java:332)
at org.testng.SuiteRunner.run(SuiteRunner.java:276)
at org.testng.SuiteRunnerWorker.runSuite(SuiteRunnerWorker.java:53)
at org.testng.SuiteRunnerWorker.run(SuiteRunnerWorker.java:96)
at org.testng.TestNG.runSuitesSequentially(TestNG.java:1212)
at org.testng.TestNG.runSuitesLocally(TestNG.java:1134)
at org.testng.TestNG.runSuites(TestNG.java:1063)
at org.testng.TestNG.run(TestNG.java:1031)
at org.testng.remote.AbstractRemoteTestNG.run(AbstractRemoteTestNG.java:115)
at org.testng.remote.RemoteTestNG.initAndRun(RemoteTestNG.java:251)
at org.testng.remote.RemoteTestNG.main(RemoteTestNG.java:77)
]]>
    </failure>
  </testcase> <!-- validateColumnName_BKP -->
  <system-out>
    <![CDATA[Executing Snowflake query :: SELECT count(*) as TOTAL FROM DEV_ENT_RAW.ST_HDAIR_MATILLION.OPPORTUNITY
Snowflake - SQLException at readDB() method :: SQL compilation error:
Object 'DEV_ENT_RAW.ST_HDAIR_MATILLION.OPPORTUNITY' does not exist or not authorized.
Executing Snowflake query :: select count(*) as TOTAL from CURATED_DATAMART.ST_BKP_HDAIR.STR_OPPORTUNITY Where ACTIVE_FLAG='Y'
Table Count in Snowflake:: 185216
Executing Snowflake query :: select count(*) as TOTAL from DEV_ENT_CURATED.MASTER_DIMENSIONS.DIM_OPPORTUNITY where tenant_type='HDAIR' and RECORD_UPDATED_BY='Backup Table'
Table Count in Snowflake:: 185216
Row Count of Table OPPORTUNITY is matched for RAW :: 0 DataMart :: 185216 CURATED :: 185216]]>
  </system-out>
  <testcase classname="testcases.RAW_DATAMART_CURATED.SnowFlake_RowCount_v1" name="validateColumnName_BKP" time="1.843">
    <failure message="The following asserts failed:
	null" type="java.lang.AssertionError">
      <![CDATA[java.lang.AssertionError: The following asserts failed:
null
at org.testng.asserts.SoftAssert.assertAll(SoftAssert.java:47)
at org.testng.asserts.SoftAssert.assertAll(SoftAssert.java:31)
at testcases.RAW_DATAMART_CURATED.SnowFlake_RowCount_v1.validateColumnName_BKP(SnowFlake_RowCount_v1.java:39)
at jdk.internal.reflect.GeneratedMethodAccessor38.invoke(Unknown Source)
at java.base/jdk.internal.reflect.DelegatingMethodAccessorImpl.invoke(DelegatingMethodAccessorImpl.java:43)
at java.base/java.lang.reflect.Method.invoke(Method.java:568)
at org.testng.internal.MethodInvocationHelper.invokeMethod(MethodInvocationHelper.java:133)
at org.testng.internal.TestInvoker.invokeMethod(TestInvoker.java:598)
at org.testng.internal.TestInvoker.invokeTestMethod(TestInvoker.java:173)
at org.testng.internal.MethodRunner.runInSequence(MethodRunner.java:46)
at org.testng.internal.TestInvoker$MethodInvocationAgent.invoke(TestInvoker.java:824)
at org.testng.internal.TestInvoker.invokeTestMethods(TestInvoker.java:146)
at org.testng.internal.TestMethodWorker.invokeTestMethods(TestMethodWorker.java:146)
at org.testng.internal.TestMethodWorker.run(TestMethodWorker.java:128)
at java.base/java.util.ArrayList.forEach(ArrayList.java:1511)
at org.testng.TestRunner.privateRun(TestRunner.java:794)
at org.testng.TestRunner.run(TestRunner.java:596)
at org.testng.SuiteRunner.runTest(SuiteRunner.java:377)
at org.testng.SuiteRunner.runSequentially(SuiteRunner.java:371)
at org.testng.SuiteRunner.privateRun(SuiteRunner.java:332)
at org.testng.SuiteRunner.run(SuiteRunner.java:276)
at org.testng.SuiteRunnerWorker.runSuite(SuiteRunnerWorker.java:53)
at org.testng.SuiteRunnerWorker.run(SuiteRunnerWorker.java:96)
at org.testng.TestNG.runSuitesSequentially(TestNG.java:1212)
at org.testng.TestNG.runSuitesLocally(TestNG.java:1134)
at org.testng.TestNG.runSuites(TestNG.java:1063)
at org.testng.TestNG.run(TestNG.java:1031)
at org.testng.remote.AbstractRemoteTestNG.run(AbstractRemoteTestNG.java:115)
at org.testng.remote.RemoteTestNG.initAndRun(RemoteTestNG.java:251)
at org.testng.remote.RemoteTestNG.main(RemoteTestNG.java:77)
]]>
    </failure>
  </testcase> <!-- validateColumnName_BKP -->
  <system-out>
    <![CDATA[Executing Snowflake query :: SELECT count(*) as TOTAL FROM DEV_ENT_RAW.ST_EANESHEATING_MATILLION.OPPORTUNITY
Snowflake - SQLException at readDB() method :: SQL compilation error:
Object 'DEV_ENT_RAW.ST_EANESHEATING_MATILLION.OPPORTUNITY' does not exist or not authorized.
Executing Snowflake query :: select count(*) as TOTAL from CURATED_DATAMART.ST_BKP_EANESHEATING.STR_OPPORTUNITY Where ACTIVE_FLAG='Y'
Table Count in Snowflake:: 401204
Executing Snowflake query :: select count(*) as TOTAL from DEV_ENT_CURATED.MASTER_DIMENSIONS.DIM_OPPORTUNITY where tenant_type='EANESHEATING' and RECORD_UPDATED_BY='Backup Table'
Table Count in Snowflake:: 401204
Row Count of Table OPPORTUNITY is matched for RAW :: 0 DataMart :: 401204 CURATED :: 401204]]>
  </system-out>
  <testcase classname="testcases.RAW_DATAMART_CURATED.SnowFlake_RowCount_v1" name="validateColumnName_BKP" time="1.618">
    <failure message="The following asserts failed:
	null" type="java.lang.AssertionError">
      <![CDATA[java.lang.AssertionError: The following asserts failed:
null
at org.testng.asserts.SoftAssert.assertAll(SoftAssert.java:47)
at org.testng.asserts.SoftAssert.assertAll(SoftAssert.java:31)
at testcases.RAW_DATAMART_CURATED.SnowFlake_RowCount_v1.validateColumnName_BKP(SnowFlake_RowCount_v1.java:39)
at jdk.internal.reflect.GeneratedMethodAccessor38.invoke(Unknown Source)
at java.base/jdk.internal.reflect.DelegatingMethodAccessorImpl.invoke(DelegatingMethodAccessorImpl.java:43)
at java.base/java.lang.reflect.Method.invoke(Method.java:568)
at org.testng.internal.MethodInvocationHelper.invokeMethod(MethodInvocationHelper.java:133)
at org.testng.internal.TestInvoker.invokeMethod(TestInvoker.java:598)
at org.testng.internal.TestInvoker.invokeTestMethod(TestInvoker.java:173)
at org.testng.internal.MethodRunner.runInSequence(MethodRunner.java:46)
at org.testng.internal.TestInvoker$MethodInvocationAgent.invoke(TestInvoker.java:824)
at org.testng.internal.TestInvoker.invokeTestMethods(TestInvoker.java:146)
at org.testng.internal.TestMethodWorker.invokeTestMethods(TestMethodWorker.java:146)
at org.testng.internal.TestMethodWorker.run(TestMethodWorker.java:128)
at java.base/java.util.ArrayList.forEach(ArrayList.java:1511)
at org.testng.TestRunner.privateRun(TestRunner.java:794)
at org.testng.TestRunner.run(TestRunner.java:596)
at org.testng.SuiteRunner.runTest(SuiteRunner.java:377)
at org.testng.SuiteRunner.runSequentially(SuiteRunner.java:371)
at org.testng.SuiteRunner.privateRun(SuiteRunner.java:332)
at org.testng.SuiteRunner.run(SuiteRunner.java:276)
at org.testng.SuiteRunnerWorker.runSuite(SuiteRunnerWorker.java:53)
at org.testng.SuiteRunnerWorker.run(SuiteRunnerWorker.java:96)
at org.testng.TestNG.runSuitesSequentially(TestNG.java:1212)
at org.testng.TestNG.runSuitesLocally(TestNG.java:1134)
at org.testng.TestNG.runSuites(TestNG.java:1063)
at org.testng.TestNG.run(TestNG.java:1031)
at org.testng.remote.AbstractRemoteTestNG.run(AbstractRemoteTestNG.java:115)
at org.testng.remote.RemoteTestNG.initAndRun(RemoteTestNG.java:251)
at org.testng.remote.RemoteTestNG.main(RemoteTestNG.java:77)
]]>
    </failure>
  </testcase> <!-- validateColumnName_BKP -->
  <system-out>
    <![CDATA[Executing Snowflake query :: SELECT count(*) as TOTAL FROM DEV_ENT_RAW.ST_HENDERSON_MATILLION.JOBAPPOINTMENTASSIGNMENT
Table Count in Snowflake:: 267376
Executing Snowflake query :: select count(*) as TOTAL from CURATED_DATAMART.ST_BKP_HENDERSON.STR_JOBAPPOINTMENTASSIGNMENT Where ACTIVE_FLAG='Y'
Table Count in Snowflake:: 267309
Executing Snowflake query :: select count(*) as TOTAL from DEV_ENT_CURATED.MASTER_DIMENSIONS.DIM_JOBAPPOINTMENTASSIGNMENT where tenant_type='HENDERSON' and RECORD_UPDATED_BY='Backup Table'
Table Count in Snowflake:: 267309
Row Count of Table JOBAPPOINTMENTASSIGNMENT is not matched for RAW :: 267376 DataMart :: 267309 CURATED :: 267309]]>
  </system-out>
  <testcase classname="testcases.RAW_DATAMART_CURATED.SnowFlake_RowCount_v1" name="validateColumnName_BKP" time="1.335">
    <failure message="The following asserts failed:
	null" type="java.lang.AssertionError">
      <![CDATA[java.lang.AssertionError: The following asserts failed:
null
at org.testng.asserts.SoftAssert.assertAll(SoftAssert.java:47)
at org.testng.asserts.SoftAssert.assertAll(SoftAssert.java:31)
at testcases.RAW_DATAMART_CURATED.SnowFlake_RowCount_v1.validateColumnName_BKP(SnowFlake_RowCount_v1.java:39)
at jdk.internal.reflect.GeneratedMethodAccessor38.invoke(Unknown Source)
at java.base/jdk.internal.reflect.DelegatingMethodAccessorImpl.invoke(DelegatingMethodAccessorImpl.java:43)
at java.base/java.lang.reflect.Method.invoke(Method.java:568)
at org.testng.internal.MethodInvocationHelper.invokeMethod(MethodInvocationHelper.java:133)
at org.testng.internal.TestInvoker.invokeMethod(TestInvoker.java:598)
at org.testng.internal.TestInvoker.invokeTestMethod(TestInvoker.java:173)
at org.testng.internal.MethodRunner.runInSequence(MethodRunner.java:46)
at org.testng.internal.TestInvoker$MethodInvocationAgent.invoke(TestInvoker.java:824)
at org.testng.internal.TestInvoker.invokeTestMethods(TestInvoker.java:146)
at org.testng.internal.TestMethodWorker.invokeTestMethods(TestMethodWorker.java:146)
at org.testng.internal.TestMethodWorker.run(TestMethodWorker.java:128)
at java.base/java.util.ArrayList.forEach(ArrayList.java:1511)
at org.testng.TestRunner.privateRun(TestRunner.java:794)
at org.testng.TestRunner.run(TestRunner.java:596)
at org.testng.SuiteRunner.runTest(SuiteRunner.java:377)
at org.testng.SuiteRunner.runSequentially(SuiteRunner.java:371)
at org.testng.SuiteRunner.privateRun(SuiteRunner.java:332)
at org.testng.SuiteRunner.run(SuiteRunner.java:276)
at org.testng.SuiteRunnerWorker.runSuite(SuiteRunnerWorker.java:53)
at org.testng.SuiteRunnerWorker.run(SuiteRunnerWorker.java:96)
at org.testng.TestNG.runSuitesSequentially(TestNG.java:1212)
at org.testng.TestNG.runSuitesLocally(TestNG.java:1134)
at org.testng.TestNG.runSuites(TestNG.java:1063)
at org.testng.TestNG.run(TestNG.java:1031)
at org.testng.remote.AbstractRemoteTestNG.run(AbstractRemoteTestNG.java:115)
at org.testng.remote.RemoteTestNG.initAndRun(RemoteTestNG.java:251)
at org.testng.remote.RemoteTestNG.main(RemoteTestNG.java:77)
]]>
    </failure>
  </testcase> <!-- validateColumnName_BKP -->
  <system-out>
    <![CDATA[Executing Snowflake query :: SELECT count(*) as TOTAL FROM DEV_ENT_RAW.ST_HDAIR_MATILLION.JOBAPPOINTMENTASSIGNMENT
Snowflake - SQLException at readDB() method :: SQL compilation error:
Object 'DEV_ENT_RAW.ST_HDAIR_MATILLION.JOBAPPOINTMENTASSIGNMENT' does not exist or not authorized.
Executing Snowflake query :: select count(*) as TOTAL from CURATED_DATAMART.ST_BKP_HDAIR.STR_JOBAPPOINTMENTASSIGNMENT Where ACTIVE_FLAG='Y'
Table Count in Snowflake:: 171821
Executing Snowflake query :: select count(*) as TOTAL from DEV_ENT_CURATED.MASTER_DIMENSIONS.DIM_JOBAPPOINTMENTASSIGNMENT where tenant_type='HDAIR' and RECORD_UPDATED_BY='Backup Table'
Table Count in Snowflake:: 171821
Row Count of Table JOBAPPOINTMENTASSIGNMENT is matched for RAW :: 0 DataMart :: 171821 CURATED :: 171821]]>
  </system-out>
  <testcase classname="testcases.RAW_DATAMART_CURATED.SnowFlake_RowCount_v1" name="validateColumnName_BKP" time="1.873"/>
  <system-out>
    <![CDATA[Executing Snowflake query :: SELECT count(*) as TOTAL FROM DEV_ENT_RAW.ST_SNELLHEATINGAIR_MATILLION.TRADE
Table Count in Snowflake:: 3
Executing Snowflake query :: select count(*) as TOTAL from CURATED_DATAMART.ST_BKP_SNELLHEATINGAIR.STR_TRADE Where ACTIVE_FLAG='Y'
Table Count in Snowflake:: 3
Executing Snowflake query :: select count(*) as TOTAL from DEV_ENT_CURATED.MASTER_DIMENSIONS.DIM_TRADE where tenant_type='SNELLHEATINGAIR' and RECORD_UPDATED_BY='Backup Table'
Table Count in Snowflake:: 3
Row Count of Table TRADE is matched for RAW :: 3 DataMart :: 3 CURATED :: 3]]>
  </system-out>
  <testcase classname="testcases.RAW_DATAMART_CURATED.SnowFlake_RowCount_v1" name="validateColumnName_BKP" time="1.993"/>
  <system-out>
    <![CDATA[Executing Snowflake query :: SELECT count(*) as TOTAL FROM DEV_ENT_RAW.ST_GOLDMEDAL_MATILLION.TRADE
Table Count in Snowflake:: 5
Executing Snowflake query :: select count(*) as TOTAL from CURATED_DATAMART.ST_BKP_GOLDMEDAL.STR_TRADE Where ACTIVE_FLAG='Y'
Table Count in Snowflake:: 5
Executing Snowflake query :: select count(*) as TOTAL from DEV_ENT_CURATED.MASTER_DIMENSIONS.DIM_TRADE where tenant_type='GOLDMEDAL' and RECORD_UPDATED_BY='Backup Table'
Table Count in Snowflake:: 5
Row Count of Table TRADE is matched for RAW :: 5 DataMart :: 5 CURATED :: 5]]>
  </system-out>
  <testcase classname="testcases.RAW_DATAMART_CURATED.SnowFlake_RowCount_v1" name="validateColumnName_BKP" time="2.400">
    <failure message="The following asserts failed:
	null" type="java.lang.AssertionError">
      <![CDATA[java.lang.AssertionError: The following asserts failed:
null
at org.testng.asserts.SoftAssert.assertAll(SoftAssert.java:47)
at org.testng.asserts.SoftAssert.assertAll(SoftAssert.java:31)
at testcases.RAW_DATAMART_CURATED.SnowFlake_RowCount_v1.validateColumnName_BKP(SnowFlake_RowCount_v1.java:39)
at jdk.internal.reflect.GeneratedMethodAccessor38.invoke(Unknown Source)
at java.base/jdk.internal.reflect.DelegatingMethodAccessorImpl.invoke(DelegatingMethodAccessorImpl.java:43)
at java.base/java.lang.reflect.Method.invoke(Method.java:568)
at org.testng.internal.MethodInvocationHelper.invokeMethod(MethodInvocationHelper.java:133)
at org.testng.internal.TestInvoker.invokeMethod(TestInvoker.java:598)
at org.testng.internal.TestInvoker.invokeTestMethod(TestInvoker.java:173)
at org.testng.internal.MethodRunner.runInSequence(MethodRunner.java:46)
at org.testng.internal.TestInvoker$MethodInvocationAgent.invoke(TestInvoker.java:824)
at org.testng.internal.TestInvoker.invokeTestMethods(TestInvoker.java:146)
at org.testng.internal.TestMethodWorker.invokeTestMethods(TestMethodWorker.java:146)
at org.testng.internal.TestMethodWorker.run(TestMethodWorker.java:128)
at java.base/java.util.ArrayList.forEach(ArrayList.java:1511)
at org.testng.TestRunner.privateRun(TestRunner.java:794)
at org.testng.TestRunner.run(TestRunner.java:596)
at org.testng.SuiteRunner.runTest(SuiteRunner.java:377)
at org.testng.SuiteRunner.runSequentially(SuiteRunner.java:371)
at org.testng.SuiteRunner.privateRun(SuiteRunner.java:332)
at org.testng.SuiteRunner.run(SuiteRunner.java:276)
at org.testng.SuiteRunnerWorker.runSuite(SuiteRunnerWorker.java:53)
at org.testng.SuiteRunnerWorker.run(SuiteRunnerWorker.java:96)
at org.testng.TestNG.runSuitesSequentially(TestNG.java:1212)
at org.testng.TestNG.runSuitesLocally(TestNG.java:1134)
at org.testng.TestNG.runSuites(TestNG.java:1063)
at org.testng.TestNG.run(TestNG.java:1031)
at org.testng.remote.AbstractRemoteTestNG.run(AbstractRemoteTestNG.java:115)
at org.testng.remote.RemoteTestNG.initAndRun(RemoteTestNG.java:251)
at org.testng.remote.RemoteTestNG.main(RemoteTestNG.java:77)
]]>
    </failure>
  </testcase> <!-- validateColumnName_BKP -->
  <system-out>
    <![CDATA[Executing Snowflake query :: SELECT count(*) as TOTAL FROM DEV_ENT_RAW.ST_HENDERSON_MATILLION.CUSTOMFIELD
Table Count in Snowflake:: 263056
Executing Snowflake query :: select count(*) as TOTAL from CURATED_DATAMART.ST_BKP_HENDERSON.STR_CUSTOMFIELD Where ACTIVE_FLAG='Y'
Table Count in Snowflake:: 262921
Executing Snowflake query :: select count(*) as TOTAL from DEV_ENT_CURATED.MASTER_DIMENSIONS.FACT_CUSTOMFIELD where tenant_type='HENDERSON' and RECORD_UPDATED_BY='Backup Table'
Table Count in Snowflake:: 262921
Row Count of Table CUSTOMFIELD is not matched for RAW :: 263056 DataMart :: 262921 CURATED :: 262921]]>
  </system-out>
  <testcase classname="testcases.RAW_DATAMART_CURATED.SnowFlake_RowCount_v1" name="validateColumnName_BKP" time="2.162"/>
  <system-out>
    <![CDATA[Executing Snowflake query :: SELECT count(*) as TOTAL FROM DEV_ENT_RAW.ST_CASTEEL_MATILLION.DIVISION
Table Count in Snowflake:: 5
Executing Snowflake query :: select count(*) as TOTAL from CURATED_DATAMART.ST_BKP_CASTEEL.STR_DIVISION Where ACTIVE_FLAG='Y'
Table Count in Snowflake:: 5
Executing Snowflake query :: select count(*) as TOTAL from DEV_ENT_CURATED.MASTER_DIMENSIONS.DIM_DIVISION where tenant_type='CASTEEL' and RECORD_UPDATED_BY='Backup Table'
Table Count in Snowflake:: 5
Row Count of Table DIVISION is matched for RAW :: 5 DataMart :: 5 CURATED :: 5]]>
  </system-out>
  <testcase classname="testcases.RAW_DATAMART_CURATED.SnowFlake_RowCount_v1" name="validateColumnName_BKP" time="2.073">
    <failure message="The following asserts failed:
	null" type="java.lang.AssertionError">
      <![CDATA[java.lang.AssertionError: The following asserts failed:
null
at org.testng.asserts.SoftAssert.assertAll(SoftAssert.java:47)
at org.testng.asserts.SoftAssert.assertAll(SoftAssert.java:31)
at testcases.RAW_DATAMART_CURATED.SnowFlake_RowCount_v1.validateColumnName_BKP(SnowFlake_RowCount_v1.java:39)
at jdk.internal.reflect.GeneratedMethodAccessor38.invoke(Unknown Source)
at java.base/jdk.internal.reflect.DelegatingMethodAccessorImpl.invoke(DelegatingMethodAccessorImpl.java:43)
at java.base/java.lang.reflect.Method.invoke(Method.java:568)
at org.testng.internal.MethodInvocationHelper.invokeMethod(MethodInvocationHelper.java:133)
at org.testng.internal.TestInvoker.invokeMethod(TestInvoker.java:598)
at org.testng.internal.TestInvoker.invokeTestMethod(TestInvoker.java:173)
at org.testng.internal.MethodRunner.runInSequence(MethodRunner.java:46)
at org.testng.internal.TestInvoker$MethodInvocationAgent.invoke(TestInvoker.java:824)
at org.testng.internal.TestInvoker.invokeTestMethods(TestInvoker.java:146)
at org.testng.internal.TestMethodWorker.invokeTestMethods(TestMethodWorker.java:146)
at org.testng.internal.TestMethodWorker.run(TestMethodWorker.java:128)
at java.base/java.util.ArrayList.forEach(ArrayList.java:1511)
at org.testng.TestRunner.privateRun(TestRunner.java:794)
at org.testng.TestRunner.run(TestRunner.java:596)
at org.testng.SuiteRunner.runTest(SuiteRunner.java:377)
at org.testng.SuiteRunner.runSequentially(SuiteRunner.java:371)
at org.testng.SuiteRunner.privateRun(SuiteRunner.java:332)
at org.testng.SuiteRunner.run(SuiteRunner.java:276)
at org.testng.SuiteRunnerWorker.runSuite(SuiteRunnerWorker.java:53)
at org.testng.SuiteRunnerWorker.run(SuiteRunnerWorker.java:96)
at org.testng.TestNG.runSuitesSequentially(TestNG.java:1212)
at org.testng.TestNG.runSuitesLocally(TestNG.java:1134)
at org.testng.TestNG.runSuites(TestNG.java:1063)
at org.testng.TestNG.run(TestNG.java:1031)
at org.testng.remote.AbstractRemoteTestNG.run(AbstractRemoteTestNG.java:115)
at org.testng.remote.RemoteTestNG.initAndRun(RemoteTestNG.java:251)
at org.testng.remote.RemoteTestNG.main(RemoteTestNG.java:77)
]]>
    </failure>
  </testcase> <!-- validateColumnName_BKP -->
  <system-out>
    <![CDATA[Executing Snowflake query :: SELECT count(*) as TOTAL FROM DEV_ENT_RAW.ST_EANESHEATING_MATILLION.BATCH
Snowflake - SQLException at readDB() method :: SQL compilation error:
Object 'DEV_ENT_RAW.ST_EANESHEATING_MATILLION.BATCH' does not exist or not authorized.
Executing Snowflake query :: select count(*) as TOTAL from CURATED_DATAMART.ST_BKP_EANESHEATING.STR_BATCH Where ACTIVE_FLAG='Y'
Table Count in Snowflake:: 4597
Executing Snowflake query :: select count(*) as TOTAL from DEV_ENT_CURATED.MASTER_DIMENSIONS.FACT_BATCH where tenant_type='EANESHEATING' and RECORD_UPDATED_BY='Backup Table'
Table Count in Snowflake:: 4597
Row Count of Table BATCH is matched for RAW :: 0 DataMart :: 4597 CURATED :: 4597]]>
  </system-out>
  <testcase classname="testcases.RAW_DATAMART_CURATED.SnowFlake_RowCount_v1" name="validateColumnName_BKP" time="1.329">
    <failure message="The following asserts failed:
	null,
	null" type="java.lang.AssertionError">
      <![CDATA[java.lang.AssertionError: The following asserts failed:
null,
null
at org.testng.asserts.SoftAssert.assertAll(SoftAssert.java:47)
at org.testng.asserts.SoftAssert.assertAll(SoftAssert.java:31)
at testcases.RAW_DATAMART_CURATED.SnowFlake_RowCount_v1.validateColumnName_BKP(SnowFlake_RowCount_v1.java:39)
at jdk.internal.reflect.GeneratedMethodAccessor38.invoke(Unknown Source)
at java.base/jdk.internal.reflect.DelegatingMethodAccessorImpl.invoke(DelegatingMethodAccessorImpl.java:43)
at java.base/java.lang.reflect.Method.invoke(Method.java:568)
at org.testng.internal.MethodInvocationHelper.invokeMethod(MethodInvocationHelper.java:133)
at org.testng.internal.TestInvoker.invokeMethod(TestInvoker.java:598)
at org.testng.internal.TestInvoker.invokeTestMethod(TestInvoker.java:173)
at org.testng.internal.MethodRunner.runInSequence(MethodRunner.java:46)
at org.testng.internal.TestInvoker$MethodInvocationAgent.invoke(TestInvoker.java:824)
at org.testng.internal.TestInvoker.invokeTestMethods(TestInvoker.java:146)
at org.testng.internal.TestMethodWorker.invokeTestMethods(TestMethodWorker.java:146)
at org.testng.internal.TestMethodWorker.run(TestMethodWorker.java:128)
at java.base/java.util.ArrayList.forEach(ArrayList.java:1511)
at org.testng.TestRunner.privateRun(TestRunner.java:794)
at org.testng.TestRunner.run(TestRunner.java:596)
at org.testng.SuiteRunner.runTest(SuiteRunner.java:377)
at org.testng.SuiteRunner.runSequentially(SuiteRunner.java:371)
at org.testng.SuiteRunner.privateRun(SuiteRunner.java:332)
at org.testng.SuiteRunner.run(SuiteRunner.java:276)
at org.testng.SuiteRunnerWorker.runSuite(SuiteRunnerWorker.java:53)
at org.testng.SuiteRunnerWorker.run(SuiteRunnerWorker.java:96)
at org.testng.TestNG.runSuitesSequentially(TestNG.java:1212)
at org.testng.TestNG.runSuitesLocally(TestNG.java:1134)
at org.testng.TestNG.runSuites(TestNG.java:1063)
at org.testng.TestNG.run(TestNG.java:1031)
at org.testng.remote.AbstractRemoteTestNG.run(AbstractRemoteTestNG.java:115)
at org.testng.remote.RemoteTestNG.initAndRun(RemoteTestNG.java:251)
at org.testng.remote.RemoteTestNG.main(RemoteTestNG.java:77)
]]>
    </failure>
  </testcase> <!-- validateColumnName_BKP -->
  <system-out>
    <![CDATA[Executing Snowflake query :: SELECT count(*) as TOTAL FROM DEV_ENT_RAW.ST_GOLDMEDAL_MATILLION.TECHNICIANATTACHEDPROPERTY
Table Count in Snowflake:: 2875
Executing Snowflake query :: select count(*) as TOTAL from CURATED_DATAMART.ST_BKP_GOLDMEDAL.STR_TECHNICIANATTACHEDPROPERTY Where ACTIVE_FLAG='Y'
Table Count in Snowflake:: 2875
Executing Snowflake query :: select count(*) as TOTAL from DEV_ENT_CURATED.MASTER_DIMENSIONS.DIM_TECHNICIANATTACHEDPROPERTY where tenant_type='GOLDMEDAL' and RECORD_UPDATED_BY='Backup Table'
Snowflake - SQLException at readDB() method :: SQL compilation error: error line 1 at position 129
invalid identifier 'RECORD_UPDATED_BY'
Row Count of Table TECHNICIANATTACHEDPROPERTY is not matched for RAW :: 2875 DataMart :: 2875 CURATED :: 0]]>
  </system-out>
  <testcase classname="testcases.RAW_DATAMART_CURATED.SnowFlake_RowCount_v1" name="validateColumnName_BKP" time="1.337">
    <failure message="The following asserts failed:
	null,
	null" type="java.lang.AssertionError">
      <![CDATA[java.lang.AssertionError: The following asserts failed:
null,
null
at org.testng.asserts.SoftAssert.assertAll(SoftAssert.java:47)
at org.testng.asserts.SoftAssert.assertAll(SoftAssert.java:31)
at testcases.RAW_DATAMART_CURATED.SnowFlake_RowCount_v1.validateColumnName_BKP(SnowFlake_RowCount_v1.java:39)
at jdk.internal.reflect.GeneratedMethodAccessor38.invoke(Unknown Source)
at java.base/jdk.internal.reflect.DelegatingMethodAccessorImpl.invoke(DelegatingMethodAccessorImpl.java:43)
at java.base/java.lang.reflect.Method.invoke(Method.java:568)
at org.testng.internal.MethodInvocationHelper.invokeMethod(MethodInvocationHelper.java:133)
at org.testng.internal.TestInvoker.invokeMethod(TestInvoker.java:598)
at org.testng.internal.TestInvoker.invokeTestMethod(TestInvoker.java:173)
at org.testng.internal.MethodRunner.runInSequence(MethodRunner.java:46)
at org.testng.internal.TestInvoker$MethodInvocationAgent.invoke(TestInvoker.java:824)
at org.testng.internal.TestInvoker.invokeTestMethods(TestInvoker.java:146)
at org.testng.internal.TestMethodWorker.invokeTestMethods(TestMethodWorker.java:146)
at org.testng.internal.TestMethodWorker.run(TestMethodWorker.java:128)
at java.base/java.util.ArrayList.forEach(ArrayList.java:1511)
at org.testng.TestRunner.privateRun(TestRunner.java:794)
at org.testng.TestRunner.run(TestRunner.java:596)
at org.testng.SuiteRunner.runTest(SuiteRunner.java:377)
at org.testng.SuiteRunner.runSequentially(SuiteRunner.java:371)
at org.testng.SuiteRunner.privateRun(SuiteRunner.java:332)
at org.testng.SuiteRunner.run(SuiteRunner.java:276)
at org.testng.SuiteRunnerWorker.runSuite(SuiteRunnerWorker.java:53)
at org.testng.SuiteRunnerWorker.run(SuiteRunnerWorker.java:96)
at org.testng.TestNG.runSuitesSequentially(TestNG.java:1212)
at org.testng.TestNG.runSuitesLocally(TestNG.java:1134)
at org.testng.TestNG.runSuites(TestNG.java:1063)
at org.testng.TestNG.run(TestNG.java:1031)
at org.testng.remote.AbstractRemoteTestNG.run(AbstractRemoteTestNG.java:115)
at org.testng.remote.RemoteTestNG.initAndRun(RemoteTestNG.java:251)
at org.testng.remote.RemoteTestNG.main(RemoteTestNG.java:77)
]]>
    </failure>
  </testcase> <!-- validateColumnName_BKP -->
  <system-out>
    <![CDATA[Executing Snowflake query :: SELECT count(*) as TOTAL FROM DEV_ENT_RAW.ST_HORIZONSERVICES_MATILLION.TECHNICIANATTACHEDPROPERTY
Table Count in Snowflake:: 7135
Executing Snowflake query :: select count(*) as TOTAL from CURATED_DATAMART.ST_BKP_HORIZONSERVICES.STR_TECHNICIANATTACHEDPROPERTY Where ACTIVE_FLAG='Y'
Table Count in Snowflake:: 7135
Executing Snowflake query :: select count(*) as TOTAL from DEV_ENT_CURATED.MASTER_DIMENSIONS.DIM_TECHNICIANATTACHEDPROPERTY where tenant_type='HORIZONSERVICES' and RECORD_UPDATED_BY='Backup Table'
Snowflake - SQLException at readDB() method :: SQL compilation error: error line 1 at position 135
invalid identifier 'RECORD_UPDATED_BY'
Row Count of Table TECHNICIANATTACHEDPROPERTY is not matched for RAW :: 7135 DataMart :: 7135 CURATED :: 0]]>
  </system-out>
  <testcase classname="testcases.RAW_DATAMART_CURATED.SnowFlake_RowCount_v1" name="validateColumnName_BKP" time="1.425">
    <failure message="The following asserts failed:
	null" type="java.lang.AssertionError">
      <![CDATA[java.lang.AssertionError: The following asserts failed:
null
at org.testng.asserts.SoftAssert.assertAll(SoftAssert.java:47)
at org.testng.asserts.SoftAssert.assertAll(SoftAssert.java:31)
at testcases.RAW_DATAMART_CURATED.SnowFlake_RowCount_v1.validateColumnName_BKP(SnowFlake_RowCount_v1.java:39)
at jdk.internal.reflect.GeneratedMethodAccessor38.invoke(Unknown Source)
at java.base/jdk.internal.reflect.DelegatingMethodAccessorImpl.invoke(DelegatingMethodAccessorImpl.java:43)
at java.base/java.lang.reflect.Method.invoke(Method.java:568)
at org.testng.internal.MethodInvocationHelper.invokeMethod(MethodInvocationHelper.java:133)
at org.testng.internal.TestInvoker.invokeMethod(TestInvoker.java:598)
at org.testng.internal.TestInvoker.invokeTestMethod(TestInvoker.java:173)
at org.testng.internal.MethodRunner.runInSequence(MethodRunner.java:46)
at org.testng.internal.TestInvoker$MethodInvocationAgent.invoke(TestInvoker.java:824)
at org.testng.internal.TestInvoker.invokeTestMethods(TestInvoker.java:146)
at org.testng.internal.TestMethodWorker.invokeTestMethods(TestMethodWorker.java:146)
at org.testng.internal.TestMethodWorker.run(TestMethodWorker.java:128)
at java.base/java.util.ArrayList.forEach(ArrayList.java:1511)
at org.testng.TestRunner.privateRun(TestRunner.java:794)
at org.testng.TestRunner.run(TestRunner.java:596)
at org.testng.SuiteRunner.runTest(SuiteRunner.java:377)
at org.testng.SuiteRunner.runSequentially(SuiteRunner.java:371)
at org.testng.SuiteRunner.privateRun(SuiteRunner.java:332)
at org.testng.SuiteRunner.run(SuiteRunner.java:276)
at org.testng.SuiteRunnerWorker.runSuite(SuiteRunnerWorker.java:53)
at org.testng.SuiteRunnerWorker.run(SuiteRunnerWorker.java:96)
at org.testng.TestNG.runSuitesSequentially(TestNG.java:1212)
at org.testng.TestNG.runSuitesLocally(TestNG.java:1134)
at org.testng.TestNG.runSuites(TestNG.java:1063)
at org.testng.TestNG.run(TestNG.java:1031)
at org.testng.remote.AbstractRemoteTestNG.run(AbstractRemoteTestNG.java:115)
at org.testng.remote.RemoteTestNG.initAndRun(RemoteTestNG.java:251)
at org.testng.remote.RemoteTestNG.main(RemoteTestNG.java:77)
]]>
    </failure>
  </testcase> <!-- validateColumnName_BKP -->
  <system-out>
    <![CDATA[Executing Snowflake query :: SELECT count(*) as TOTAL FROM DEV_ENT_RAW.ST_MAITZ_MATILLION.CUSTOMFIELD
Table Count in Snowflake:: 22606
Executing Snowflake query :: select count(*) as TOTAL from CURATED_DATAMART.ST_BKP_MAITZ.STR_CUSTOMFIELD Where ACTIVE_FLAG='Y'
Table Count in Snowflake:: 22564
Executing Snowflake query :: select count(*) as TOTAL from DEV_ENT_CURATED.MASTER_DIMENSIONS.FACT_CUSTOMFIELD where tenant_type='MAITZ' and RECORD_UPDATED_BY='Backup Table'
Table Count in Snowflake:: 22564
Row Count of Table CUSTOMFIELD is not matched for RAW :: 22606 DataMart :: 22564 CURATED :: 22564]]>
  </system-out>
  <testcase classname="testcases.RAW_DATAMART_CURATED.SnowFlake_RowCount_v1" name="validateColumnName_BKP" time="1.764"/>
  <system-out>
    <![CDATA[Executing Snowflake query :: SELECT count(*) as TOTAL FROM DEV_ENT_RAW.ST_HENDERSON_MATILLION.OVERTIMEPROFILE
Table Count in Snowflake:: 6
Executing Snowflake query :: select count(*) as TOTAL from CURATED_DATAMART.ST_BKP_HENDERSON.STR_OVERTIMEPROFILE Where ACTIVE_FLAG='Y'
Table Count in Snowflake:: 6
Executing Snowflake query :: select count(*) as TOTAL from DEV_ENT_CURATED.MASTER_DIMENSIONS.DIM_OVERTIMEPROFILE where tenant_type='HENDERSON' and RECORD_UPDATED_BY='Backup Table'
Table Count in Snowflake:: 6
Row Count of Table OVERTIMEPROFILE is matched for RAW :: 6 DataMart :: 6 CURATED :: 6]]>
  </system-out>
  <testcase classname="testcases.RAW_DATAMART_CURATED.SnowFlake_RowCount_v1" name="validateColumnName_BKP" time="1.534">
    <failure message="The following asserts failed:
	null" type="java.lang.AssertionError">
      <![CDATA[java.lang.AssertionError: The following asserts failed:
null
at org.testng.asserts.SoftAssert.assertAll(SoftAssert.java:47)
at org.testng.asserts.SoftAssert.assertAll(SoftAssert.java:31)
at testcases.RAW_DATAMART_CURATED.SnowFlake_RowCount_v1.validateColumnName_BKP(SnowFlake_RowCount_v1.java:39)
at jdk.internal.reflect.GeneratedMethodAccessor38.invoke(Unknown Source)
at java.base/jdk.internal.reflect.DelegatingMethodAccessorImpl.invoke(DelegatingMethodAccessorImpl.java:43)
at java.base/java.lang.reflect.Method.invoke(Method.java:568)
at org.testng.internal.MethodInvocationHelper.invokeMethod(MethodInvocationHelper.java:133)
at org.testng.internal.TestInvoker.invokeMethod(TestInvoker.java:598)
at org.testng.internal.TestInvoker.invokeTestMethod(TestInvoker.java:173)
at org.testng.internal.MethodRunner.runInSequence(MethodRunner.java:46)
at org.testng.internal.TestInvoker$MethodInvocationAgent.invoke(TestInvoker.java:824)
at org.testng.internal.TestInvoker.invokeTestMethods(TestInvoker.java:146)
at org.testng.internal.TestMethodWorker.invokeTestMethods(TestMethodWorker.java:146)
at org.testng.internal.TestMethodWorker.run(TestMethodWorker.java:128)
at java.base/java.util.ArrayList.forEach(ArrayList.java:1511)
at org.testng.TestRunner.privateRun(TestRunner.java:794)
at org.testng.TestRunner.run(TestRunner.java:596)
at org.testng.SuiteRunner.runTest(SuiteRunner.java:377)
at org.testng.SuiteRunner.runSequentially(SuiteRunner.java:371)
at org.testng.SuiteRunner.privateRun(SuiteRunner.java:332)
at org.testng.SuiteRunner.run(SuiteRunner.java:276)
at org.testng.SuiteRunnerWorker.runSuite(SuiteRunnerWorker.java:53)
at org.testng.SuiteRunnerWorker.run(SuiteRunnerWorker.java:96)
at org.testng.TestNG.runSuitesSequentially(TestNG.java:1212)
at org.testng.TestNG.runSuitesLocally(TestNG.java:1134)
at org.testng.TestNG.runSuites(TestNG.java:1063)
at org.testng.TestNG.run(TestNG.java:1031)
at org.testng.remote.AbstractRemoteTestNG.run(AbstractRemoteTestNG.java:115)
at org.testng.remote.RemoteTestNG.initAndRun(RemoteTestNG.java:251)
at org.testng.remote.RemoteTestNG.main(RemoteTestNG.java:77)
]]>
    </failure>
  </testcase> <!-- validateColumnName_BKP -->
  <system-out>
    <![CDATA[Executing Snowflake query :: SELECT count(*) as TOTAL FROM DEV_ENT_RAW.ST_EANESHEATING_MATILLION.PAYROLLPROFILE
Snowflake - SQLException at readDB() method :: SQL compilation error:
Object 'DEV_ENT_RAW.ST_EANESHEATING_MATILLION.PAYROLLPROFILE' does not exist or not authorized.
Executing Snowflake query :: select count(*) as TOTAL from CURATED_DATAMART.ST_BKP_EANESHEATING.STR_PAYROLLPROFILE Where ACTIVE_FLAG='Y'
Table Count in Snowflake:: 1
Executing Snowflake query :: select count(*) as TOTAL from DEV_ENT_CURATED.MASTER_DIMENSIONS.DIM_PAYROLLPROFILE where tenant_type='EANESHEATING' and RECORD_UPDATED_BY='Backup Table'
Table Count in Snowflake:: 1
Row Count of Table PAYROLLPROFILE is matched for RAW :: 0 DataMart :: 1 CURATED :: 1]]>
  </system-out>
  <testcase classname="testcases.RAW_DATAMART_CURATED.SnowFlake_RowCount_v1" name="validateColumnName_BKP" time="1.252"/>
  <system-out>
    <![CDATA[Executing Snowflake query :: SELECT count(*) as TOTAL FROM DEV_ENT_RAW.ST_FOURPROS_MATILLION.COUNTERSALESLOCATION
Table Count in Snowflake:: 0
Executing Snowflake query :: select count(*) as TOTAL from CURATED_DATAMART.ST_BKP_FOURPROS.STR_COUNTERSALESLOCATION Where ACTIVE_FLAG='Y'
Table Count in Snowflake:: 0
Executing Snowflake query :: select count(*) as TOTAL from DEV_ENT_CURATED.MASTER_DIMENSIONS.DIM_COUNTERSALESLOCATION where tenant_type='FOURPROS' and RECORD_UPDATED_BY='Backup Table'
Table Count in Snowflake:: 0
Row Count of Table COUNTERSALESLOCATION is matched for RAW :: 0 DataMart :: 0 CURATED :: 0]]>
  </system-out>
  <testcase classname="testcases.RAW_DATAMART_CURATED.SnowFlake_RowCount_v1" name="validateColumnName_BKP" time="1.261"/>
  <system-out>
    <![CDATA[Executing Snowflake query :: SELECT count(*) as TOTAL FROM DEV_ENT_RAW.ST_HENDERSON_MATILLION.COUNTERSALESLOCATION
Table Count in Snowflake:: 0
Executing Snowflake query :: select count(*) as TOTAL from CURATED_DATAMART.ST_BKP_HENDERSON.STR_COUNTERSALESLOCATION Where ACTIVE_FLAG='Y'
Table Count in Snowflake:: 0
Executing Snowflake query :: select count(*) as TOTAL from DEV_ENT_CURATED.MASTER_DIMENSIONS.DIM_COUNTERSALESLOCATION where tenant_type='HENDERSON' and RECORD_UPDATED_BY='Backup Table'
Table Count in Snowflake:: 0
Row Count of Table COUNTERSALESLOCATION is matched for RAW :: 0 DataMart :: 0 CURATED :: 0]]>
  </system-out>
  <testcase classname="testcases.RAW_DATAMART_CURATED.SnowFlake_RowCount_v1" name="validateColumnName_BKP" time="1.429"/>
  <system-out>
    <![CDATA[Executing Snowflake query :: SELECT count(*) as TOTAL FROM DEV_ENT_RAW.ST_BILLFENWICK_MATILLION.GROSSPAYITEM
Table Count in Snowflake:: 0
Executing Snowflake query :: select count(*) as TOTAL from CURATED_DATAMART.ST_BKP_BILLFENWICK.STR_GROSSPAYITEM Where ACTIVE_FLAG='Y'
Table Count in Snowflake:: 0
Executing Snowflake query :: select count(*) as TOTAL from DEV_ENT_CURATED.MASTER_DIMENSIONS.DIM_GROSSPAYITEM where tenant_type='BILLFENWICK' and RECORD_UPDATED_BY='Backup Table'
Table Count in Snowflake:: 0
Row Count of Table GROSSPAYITEM is matched for RAW :: 0 DataMart :: 0 CURATED :: 0]]>
  </system-out>
  <testcase classname="testcases.RAW_DATAMART_CURATED.SnowFlake_RowCount_v1" name="validateColumnName_BKP" time="1.349"/>
  <system-out>
    <![CDATA[Executing Snowflake query :: SELECT count(*) as TOTAL FROM DEV_ENT_RAW.ST_FOURPROS_MATILLION.PAYROLLPROFILE
Table Count in Snowflake:: 1
Executing Snowflake query :: select count(*) as TOTAL from CURATED_DATAMART.ST_BKP_FOURPROS.STR_PAYROLLPROFILE Where ACTIVE_FLAG='Y'
Table Count in Snowflake:: 1
Executing Snowflake query :: select count(*) as TOTAL from DEV_ENT_CURATED.MASTER_DIMENSIONS.DIM_PAYROLLPROFILE where tenant_type='FOURPROS' and RECORD_UPDATED_BY='Backup Table'
Table Count in Snowflake:: 1
Row Count of Table PAYROLLPROFILE is matched for RAW :: 1 DataMart :: 1 CURATED :: 1]]>
  </system-out>
  <testcase classname="testcases.RAW_DATAMART_CURATED.SnowFlake_RowCount_v1" name="validateColumnName_BKP" time="1.614">
    <failure message="The following asserts failed:
	null" type="java.lang.AssertionError">
      <![CDATA[java.lang.AssertionError: The following asserts failed:
null
at org.testng.asserts.SoftAssert.assertAll(SoftAssert.java:47)
at org.testng.asserts.SoftAssert.assertAll(SoftAssert.java:31)
at testcases.RAW_DATAMART_CURATED.SnowFlake_RowCount_v1.validateColumnName_BKP(SnowFlake_RowCount_v1.java:39)
at jdk.internal.reflect.GeneratedMethodAccessor38.invoke(Unknown Source)
at java.base/jdk.internal.reflect.DelegatingMethodAccessorImpl.invoke(DelegatingMethodAccessorImpl.java:43)
at java.base/java.lang.reflect.Method.invoke(Method.java:568)
at org.testng.internal.MethodInvocationHelper.invokeMethod(MethodInvocationHelper.java:133)
at org.testng.internal.TestInvoker.invokeMethod(TestInvoker.java:598)
at org.testng.internal.TestInvoker.invokeTestMethod(TestInvoker.java:173)
at org.testng.internal.MethodRunner.runInSequence(MethodRunner.java:46)
at org.testng.internal.TestInvoker$MethodInvocationAgent.invoke(TestInvoker.java:824)
at org.testng.internal.TestInvoker.invokeTestMethods(TestInvoker.java:146)
at org.testng.internal.TestMethodWorker.invokeTestMethods(TestMethodWorker.java:146)
at org.testng.internal.TestMethodWorker.run(TestMethodWorker.java:128)
at java.base/java.util.ArrayList.forEach(ArrayList.java:1511)
at org.testng.TestRunner.privateRun(TestRunner.java:794)
at org.testng.TestRunner.run(TestRunner.java:596)
at org.testng.SuiteRunner.runTest(SuiteRunner.java:377)
at org.testng.SuiteRunner.runSequentially(SuiteRunner.java:371)
at org.testng.SuiteRunner.privateRun(SuiteRunner.java:332)
at org.testng.SuiteRunner.run(SuiteRunner.java:276)
at org.testng.SuiteRunnerWorker.runSuite(SuiteRunnerWorker.java:53)
at org.testng.SuiteRunnerWorker.run(SuiteRunnerWorker.java:96)
at org.testng.TestNG.runSuitesSequentially(TestNG.java:1212)
at org.testng.TestNG.runSuitesLocally(TestNG.java:1134)
at org.testng.TestNG.runSuites(TestNG.java:1063)
at org.testng.TestNG.run(TestNG.java:1031)
at org.testng.remote.AbstractRemoteTestNG.run(AbstractRemoteTestNG.java:115)
at org.testng.remote.RemoteTestNG.initAndRun(RemoteTestNG.java:251)
at org.testng.remote.RemoteTestNG.main(RemoteTestNG.java:77)
]]>
    </failure>
  </testcase> <!-- validateColumnName_BKP -->
  <system-out>
    <![CDATA[Executing Snowflake query :: SELECT count(*) as TOTAL FROM DEV_ENT_RAW.ST_CASTEEL_MATILLION.CUSTOMFIELD
Table Count in Snowflake:: 1239931
Executing Snowflake query :: select count(*) as TOTAL from CURATED_DATAMART.ST_BKP_CASTEEL.STR_CUSTOMFIELD Where ACTIVE_FLAG='Y'
Table Count in Snowflake:: 1238933
Executing Snowflake query :: select count(*) as TOTAL from DEV_ENT_CURATED.MASTER_DIMENSIONS.FACT_CUSTOMFIELD where tenant_type='CASTEEL' and RECORD_UPDATED_BY='Backup Table'
Table Count in Snowflake:: 1238933
Row Count of Table CUSTOMFIELD is not matched for RAW :: 1239931 DataMart :: 1238933 CURATED :: 1238933]]>
  </system-out>
  <testcase classname="testcases.RAW_DATAMART_CURATED.SnowFlake_RowCount_v1" name="validateColumnName_BKP" time="1.866"/>
  <system-out>
    <![CDATA[Executing Snowflake query :: SELECT count(*) as TOTAL FROM DEV_ENT_RAW.ST_CASTEEL_MATILLION.TRADE
Table Count in Snowflake:: 3
Executing Snowflake query :: select count(*) as TOTAL from CURATED_DATAMART.ST_BKP_CASTEEL.STR_TRADE Where ACTIVE_FLAG='Y'
Table Count in Snowflake:: 3
Executing Snowflake query :: select count(*) as TOTAL from DEV_ENT_CURATED.MASTER_DIMENSIONS.DIM_TRADE where tenant_type='CASTEEL' and RECORD_UPDATED_BY='Backup Table'
Table Count in Snowflake:: 3
Row Count of Table TRADE is matched for RAW :: 3 DataMart :: 3 CURATED :: 3]]>
  </system-out>
  <testcase classname="testcases.RAW_DATAMART_CURATED.SnowFlake_RowCount_v1" name="validateColumnName_BKP" time="1.324"/>
  <system-out>
    <![CDATA[Executing Snowflake query :: SELECT count(*) as TOTAL FROM DEV_ENT_RAW.ST_HORIZONSERVICES_MATILLION.JOBAPPOINTMENTASSIGNMENT
Table Count in Snowflake:: 2438042
Executing Snowflake query :: select count(*) as TOTAL from CURATED_DATAMART.ST_BKP_HORIZONSERVICES.STR_JOBAPPOINTMENTASSIGNMENT Where ACTIVE_FLAG='Y'
Table Count in Snowflake:: 2438042
Executing Snowflake query :: select count(*) as TOTAL from DEV_ENT_CURATED.MASTER_DIMENSIONS.DIM_JOBAPPOINTMENTASSIGNMENT where tenant_type='HORIZONSERVICES' and RECORD_UPDATED_BY='Backup Table'
Table Count in Snowflake:: 2438042
Row Count of Table JOBAPPOINTMENTASSIGNMENT is matched for RAW :: 2438042 DataMart :: 2438042 CURATED :: 2438042]]>
  </system-out>
  <testcase classname="testcases.RAW_DATAMART_CURATED.SnowFlake_RowCount_v1" name="validateColumnName_BKP" time="1.724">
    <failure message="The following asserts failed:
	null" type="java.lang.AssertionError">
      <![CDATA[java.lang.AssertionError: The following asserts failed:
null
at org.testng.asserts.SoftAssert.assertAll(SoftAssert.java:47)
at org.testng.asserts.SoftAssert.assertAll(SoftAssert.java:31)
at testcases.RAW_DATAMART_CURATED.SnowFlake_RowCount_v1.validateColumnName_BKP(SnowFlake_RowCount_v1.java:39)
at jdk.internal.reflect.GeneratedMethodAccessor38.invoke(Unknown Source)
at java.base/jdk.internal.reflect.DelegatingMethodAccessorImpl.invoke(DelegatingMethodAccessorImpl.java:43)
at java.base/java.lang.reflect.Method.invoke(Method.java:568)
at org.testng.internal.MethodInvocationHelper.invokeMethod(MethodInvocationHelper.java:133)
at org.testng.internal.TestInvoker.invokeMethod(TestInvoker.java:598)
at org.testng.internal.TestInvoker.invokeTestMethod(TestInvoker.java:173)
at org.testng.internal.MethodRunner.runInSequence(MethodRunner.java:46)
at org.testng.internal.TestInvoker$MethodInvocationAgent.invoke(TestInvoker.java:824)
at org.testng.internal.TestInvoker.invokeTestMethods(TestInvoker.java:146)
at org.testng.internal.TestMethodWorker.invokeTestMethods(TestMethodWorker.java:146)
at org.testng.internal.TestMethodWorker.run(TestMethodWorker.java:128)
at java.base/java.util.ArrayList.forEach(ArrayList.java:1511)
at org.testng.TestRunner.privateRun(TestRunner.java:794)
at org.testng.TestRunner.run(TestRunner.java:596)
at org.testng.SuiteRunner.runTest(SuiteRunner.java:377)
at org.testng.SuiteRunner.runSequentially(SuiteRunner.java:371)
at org.testng.SuiteRunner.privateRun(SuiteRunner.java:332)
at org.testng.SuiteRunner.run(SuiteRunner.java:276)
at org.testng.SuiteRunnerWorker.runSuite(SuiteRunnerWorker.java:53)
at org.testng.SuiteRunnerWorker.run(SuiteRunnerWorker.java:96)
at org.testng.TestNG.runSuitesSequentially(TestNG.java:1212)
at org.testng.TestNG.runSuitesLocally(TestNG.java:1134)
at org.testng.TestNG.runSuites(TestNG.java:1063)
at org.testng.TestNG.run(TestNG.java:1031)
at org.testng.remote.AbstractRemoteTestNG.run(AbstractRemoteTestNG.java:115)
at org.testng.remote.RemoteTestNG.initAndRun(RemoteTestNG.java:251)
at org.testng.remote.RemoteTestNG.main(RemoteTestNG.java:77)
]]>
    </failure>
  </testcase> <!-- validateColumnName_BKP -->
  <system-out>
    <![CDATA[Executing Snowflake query :: SELECT count(*) as TOTAL FROM DEV_ENT_RAW.ST_CASTEEL_MATILLION.BATCH
Table Count in Snowflake:: 27463
Executing Snowflake query :: select count(*) as TOTAL from CURATED_DATAMART.ST_BKP_CASTEEL.STR_BATCH Where ACTIVE_FLAG='Y'
Table Count in Snowflake:: 27440
Executing Snowflake query :: select count(*) as TOTAL from DEV_ENT_CURATED.MASTER_DIMENSIONS.FACT_BATCH where tenant_type='CASTEEL' and RECORD_UPDATED_BY='Backup Table'
Table Count in Snowflake:: 27440
Row Count of Table BATCH is not matched for RAW :: 27463 DataMart :: 27440 CURATED :: 27440]]>
  </system-out>
  <testcase classname="testcases.RAW_DATAMART_CURATED.SnowFlake_RowCount_v1" name="validateColumnName_BKP" time="2.355"/>
  <system-out>
    <![CDATA[Executing Snowflake query :: SELECT count(*) as TOTAL FROM DEV_ENT_RAW.ST_FOURPROS_MATILLION.TRADE
Table Count in Snowflake:: 7
Executing Snowflake query :: select count(*) as TOTAL from CURATED_DATAMART.ST_BKP_FOURPROS.STR_TRADE Where ACTIVE_FLAG='Y'
Table Count in Snowflake:: 7
Executing Snowflake query :: select count(*) as TOTAL from DEV_ENT_CURATED.MASTER_DIMENSIONS.DIM_TRADE where tenant_type='FOURPROS' and RECORD_UPDATED_BY='Backup Table'
Table Count in Snowflake:: 7
Row Count of Table TRADE is matched for RAW :: 7 DataMart :: 7 CURATED :: 7]]>
  </system-out>
  <testcase classname="testcases.RAW_DATAMART_CURATED.SnowFlake_RowCount_v1" name="validateColumnName_BKP" time="1.619">
    <failure message="The following asserts failed:
	null,
	null" type="java.lang.AssertionError">
      <![CDATA[java.lang.AssertionError: The following asserts failed:
null,
null
at org.testng.asserts.SoftAssert.assertAll(SoftAssert.java:47)
at org.testng.asserts.SoftAssert.assertAll(SoftAssert.java:31)
at testcases.RAW_DATAMART_CURATED.SnowFlake_RowCount_v1.validateColumnName_BKP(SnowFlake_RowCount_v1.java:39)
at jdk.internal.reflect.GeneratedMethodAccessor38.invoke(Unknown Source)
at java.base/jdk.internal.reflect.DelegatingMethodAccessorImpl.invoke(DelegatingMethodAccessorImpl.java:43)
at java.base/java.lang.reflect.Method.invoke(Method.java:568)
at org.testng.internal.MethodInvocationHelper.invokeMethod(MethodInvocationHelper.java:133)
at org.testng.internal.TestInvoker.invokeMethod(TestInvoker.java:598)
at org.testng.internal.TestInvoker.invokeTestMethod(TestInvoker.java:173)
at org.testng.internal.MethodRunner.runInSequence(MethodRunner.java:46)
at org.testng.internal.TestInvoker$MethodInvocationAgent.invoke(TestInvoker.java:824)
at org.testng.internal.TestInvoker.invokeTestMethods(TestInvoker.java:146)
at org.testng.internal.TestMethodWorker.invokeTestMethods(TestMethodWorker.java:146)
at org.testng.internal.TestMethodWorker.run(TestMethodWorker.java:128)
at java.base/java.util.ArrayList.forEach(ArrayList.java:1511)
at org.testng.TestRunner.privateRun(TestRunner.java:794)
at org.testng.TestRunner.run(TestRunner.java:596)
at org.testng.SuiteRunner.runTest(SuiteRunner.java:377)
at org.testng.SuiteRunner.runSequentially(SuiteRunner.java:371)
at org.testng.SuiteRunner.privateRun(SuiteRunner.java:332)
at org.testng.SuiteRunner.run(SuiteRunner.java:276)
at org.testng.SuiteRunnerWorker.runSuite(SuiteRunnerWorker.java:53)
at org.testng.SuiteRunnerWorker.run(SuiteRunnerWorker.java:96)
at org.testng.TestNG.runSuitesSequentially(TestNG.java:1212)
at org.testng.TestNG.runSuitesLocally(TestNG.java:1134)
at org.testng.TestNG.runSuites(TestNG.java:1063)
at org.testng.TestNG.run(TestNG.java:1031)
at org.testng.remote.AbstractRemoteTestNG.run(AbstractRemoteTestNG.java:115)
at org.testng.remote.RemoteTestNG.initAndRun(RemoteTestNG.java:251)
at org.testng.remote.RemoteTestNG.main(RemoteTestNG.java:77)
]]>
    </failure>
  </testcase> <!-- validateColumnName_BKP -->
  <system-out>
    <![CDATA[Executing Snowflake query :: SELECT count(*) as TOTAL FROM DEV_ENT_RAW.ST_CASTEEL_MATILLION.TECHNICIANPAYROLL
Table Count in Snowflake:: 27305
Executing Snowflake query :: select count(*) as TOTAL from CURATED_DATAMART.ST_BKP_CASTEEL.STR_TECHNICIANPAYROLL Where ACTIVE_FLAG='Y'
Table Count in Snowflake:: 27305
Executing Snowflake query :: select count(*) as TOTAL from DEV_ENT_CURATED.MASTER_DIMENSIONS.DIM_TECHNICIANPAYROLL where tenant_type='CASTEEL' and RECORD_UPDATED_BY='Backup Table'
Snowflake - SQLException at readDB() method :: SQL compilation error: error line 1 at position 118
invalid identifier 'RECORD_UPDATED_BY'
Row Count of Table TECHNICIANPAYROLL is not matched for RAW :: 27305 DataMart :: 27305 CURATED :: 0]]>
  </system-out>
  <testcase classname="testcases.RAW_DATAMART_CURATED.SnowFlake_RowCount_v1" name="validateColumnName_BKP" time="2.236">
    <failure message="The following asserts failed:
	null" type="java.lang.AssertionError">
      <![CDATA[java.lang.AssertionError: The following asserts failed:
null
at org.testng.asserts.SoftAssert.assertAll(SoftAssert.java:47)
at org.testng.asserts.SoftAssert.assertAll(SoftAssert.java:31)
at testcases.RAW_DATAMART_CURATED.SnowFlake_RowCount_v1.validateColumnName_BKP(SnowFlake_RowCount_v1.java:39)
at jdk.internal.reflect.GeneratedMethodAccessor38.invoke(Unknown Source)
at java.base/jdk.internal.reflect.DelegatingMethodAccessorImpl.invoke(DelegatingMethodAccessorImpl.java:43)
at java.base/java.lang.reflect.Method.invoke(Method.java:568)
at org.testng.internal.MethodInvocationHelper.invokeMethod(MethodInvocationHelper.java:133)
at org.testng.internal.TestInvoker.invokeMethod(TestInvoker.java:598)
at org.testng.internal.TestInvoker.invokeTestMethod(TestInvoker.java:173)
at org.testng.internal.MethodRunner.runInSequence(MethodRunner.java:46)
at org.testng.internal.TestInvoker$MethodInvocationAgent.invoke(TestInvoker.java:824)
at org.testng.internal.TestInvoker.invokeTestMethods(TestInvoker.java:146)
at org.testng.internal.TestMethodWorker.invokeTestMethods(TestMethodWorker.java:146)
at org.testng.internal.TestMethodWorker.run(TestMethodWorker.java:128)
at java.base/java.util.ArrayList.forEach(ArrayList.java:1511)
at org.testng.TestRunner.privateRun(TestRunner.java:794)
at org.testng.TestRunner.run(TestRunner.java:596)
at org.testng.SuiteRunner.runTest(SuiteRunner.java:377)
at org.testng.SuiteRunner.runSequentially(SuiteRunner.java:371)
at org.testng.SuiteRunner.privateRun(SuiteRunner.java:332)
at org.testng.SuiteRunner.run(SuiteRunner.java:276)
at org.testng.SuiteRunnerWorker.runSuite(SuiteRunnerWorker.java:53)
at org.testng.SuiteRunnerWorker.run(SuiteRunnerWorker.java:96)
at org.testng.TestNG.runSuitesSequentially(TestNG.java:1212)
at org.testng.TestNG.runSuitesLocally(TestNG.java:1134)
at org.testng.TestNG.runSuites(TestNG.java:1063)
at org.testng.TestNG.run(TestNG.java:1031)
at org.testng.remote.AbstractRemoteTestNG.run(AbstractRemoteTestNG.java:115)
at org.testng.remote.RemoteTestNG.initAndRun(RemoteTestNG.java:251)
at org.testng.remote.RemoteTestNG.main(RemoteTestNG.java:77)
]]>
    </failure>
  </testcase> <!-- validateColumnName_BKP -->
  <system-out>
    <![CDATA[Executing Snowflake query :: SELECT count(*) as TOTAL FROM DEV_ENT_RAW.ST_HARP_MATILLION.JOBAPPOINTMENTASSIGNMENT
Table Count in Snowflake:: 176943
Executing Snowflake query :: select count(*) as TOTAL from CURATED_DATAMART.ST_BKP_HARP.STR_JOBAPPOINTMENTASSIGNMENT Where ACTIVE_FLAG='Y'
Table Count in Snowflake:: 176694
Executing Snowflake query :: select count(*) as TOTAL from DEV_ENT_CURATED.MASTER_DIMENSIONS.DIM_JOBAPPOINTMENTASSIGNMENT where tenant_type='HARP' and RECORD_UPDATED_BY='Backup Table'
Table Count in Snowflake:: 176694
Row Count of Table JOBAPPOINTMENTASSIGNMENT is not matched for RAW :: 176943 DataMart :: 176694 CURATED :: 176694]]>
  </system-out>
  <testcase classname="testcases.RAW_DATAMART_CURATED.SnowFlake_RowCount_v1" name="validateColumnName_BKP" time="1.404">
    <failure message="The following asserts failed:
	null" type="java.lang.AssertionError">
      <![CDATA[java.lang.AssertionError: The following asserts failed:
null
at org.testng.asserts.SoftAssert.assertAll(SoftAssert.java:47)
at org.testng.asserts.SoftAssert.assertAll(SoftAssert.java:31)
at testcases.RAW_DATAMART_CURATED.SnowFlake_RowCount_v1.validateColumnName_BKP(SnowFlake_RowCount_v1.java:39)
at java.base/jdk.internal.reflect.NativeMethodAccessorImpl.invoke0(Native Method)
at java.base/jdk.internal.reflect.NativeMethodAccessorImpl.invoke(NativeMethodAccessorImpl.java:77)
at java.base/jdk.internal.reflect.DelegatingMethodAccessorImpl.invoke(DelegatingMethodAccessorImpl.java:43)
at java.base/java.lang.reflect.Method.invoke(Method.java:568)
at org.testng.internal.MethodInvocationHelper.invokeMethod(MethodInvocationHelper.java:133)
at org.testng.internal.TestInvoker.invokeMethod(TestInvoker.java:598)
at org.testng.internal.TestInvoker.invokeTestMethod(TestInvoker.java:173)
at org.testng.internal.MethodRunner.runInSequence(MethodRunner.java:46)
at org.testng.internal.TestInvoker$MethodInvocationAgent.invoke(TestInvoker.java:824)
at org.testng.internal.TestInvoker.invokeTestMethods(TestInvoker.java:146)
at org.testng.internal.TestMethodWorker.invokeTestMethods(TestMethodWorker.java:146)
at org.testng.internal.TestMethodWorker.run(TestMethodWorker.java:128)
at java.base/java.util.ArrayList.forEach(ArrayList.java:1511)
at org.testng.TestRunner.privateRun(TestRunner.java:794)
at org.testng.TestRunner.run(TestRunner.java:596)
at org.testng.SuiteRunner.runTest(SuiteRunner.java:377)
at org.testng.SuiteRunner.runSequentially(SuiteRunner.java:371)
at org.testng.SuiteRunner.privateRun(SuiteRunner.java:332)
at org.testng.SuiteRunner.run(SuiteRunner.java:276)
at org.testng.SuiteRunnerWorker.runSuite(SuiteRunnerWorker.java:53)
at org.testng.SuiteRunnerWorker.run(SuiteRunnerWorker.java:96)
at org.testng.TestNG.runSuitesSequentially(TestNG.java:1212)
at org.testng.TestNG.runSuitesLocally(TestNG.java:1134)
at org.testng.TestNG.runSuites(TestNG.java:1063)
at org.testng.TestNG.run(TestNG.java:1031)
at org.testng.remote.AbstractRemoteTestNG.run(AbstractRemoteTestNG.java:115)
at org.testng.remote.RemoteTestNG.initAndRun(RemoteTestNG.java:251)
at org.testng.remote.RemoteTestNG.main(RemoteTestNG.java:77)
]]>
    </failure>
  </testcase> <!-- validateColumnName_BKP -->
  <system-out>
    <![CDATA[Executing Snowflake query :: SELECT count(*) as TOTAL FROM DEV_ENT_RAW.ST_BILLFENWICK_MATILLION.PAYMENTTERM
Table Count in Snowflake:: 10
Executing Snowflake query :: select count(*) as TOTAL from CURATED_DATAMART.ST_BKP_BILLFENWICK.STR_PAYMENTTERM Where ACTIVE_FLAG='Y'
Table Count in Snowflake:: 10
Executing Snowflake query :: select count(*) as TOTAL from DEV_ENT_CURATED.MASTER_DIMENSIONS.DIM_PAYMENTTERM where tenant_type='BILLFENWICK' and RECORD_UPDATED_BY='Backup Table'
Table Count in Snowflake:: 0
Row Count of Table PAYMENTTERM is not matched for RAW :: 10 DataMart :: 10 CURATED :: 0]]>
  </system-out>
  <testcase classname="testcases.RAW_DATAMART_CURATED.SnowFlake_RowCount_v1" name="validateColumnName_BKP" time="2.003"/>
  <system-out>
    <![CDATA[Executing Snowflake query :: SELECT count(*) as TOTAL FROM DEV_ENT_RAW.ST_SNELLHEATINGAIR_MATILLION.COUNTERSALESLOCATION
Table Count in Snowflake:: 0
Executing Snowflake query :: select count(*) as TOTAL from CURATED_DATAMART.ST_BKP_SNELLHEATINGAIR.STR_COUNTERSALESLOCATION Where ACTIVE_FLAG='Y'
Table Count in Snowflake:: 0
Executing Snowflake query :: select count(*) as TOTAL from DEV_ENT_CURATED.MASTER_DIMENSIONS.DIM_COUNTERSALESLOCATION where tenant_type='SNELLHEATINGAIR' and RECORD_UPDATED_BY='Backup Table'
Table Count in Snowflake:: 0
Row Count of Table COUNTERSALESLOCATION is matched for RAW :: 0 DataMart :: 0 CURATED :: 0]]>
  </system-out>
  <testcase classname="testcases.RAW_DATAMART_CURATED.SnowFlake_RowCount_v1" name="validateColumnName_BKP" time="1.232">
    <failure message="The following asserts failed:
	null" type="java.lang.AssertionError">
      <![CDATA[java.lang.AssertionError: The following asserts failed:
null
at org.testng.asserts.SoftAssert.assertAll(SoftAssert.java:47)
at org.testng.asserts.SoftAssert.assertAll(SoftAssert.java:31)
at testcases.RAW_DATAMART_CURATED.SnowFlake_RowCount_v1.validateColumnName_BKP(SnowFlake_RowCount_v1.java:39)
at jdk.internal.reflect.GeneratedMethodAccessor38.invoke(Unknown Source)
at java.base/jdk.internal.reflect.DelegatingMethodAccessorImpl.invoke(DelegatingMethodAccessorImpl.java:43)
at java.base/java.lang.reflect.Method.invoke(Method.java:568)
at org.testng.internal.MethodInvocationHelper.invokeMethod(MethodInvocationHelper.java:133)
at org.testng.internal.TestInvoker.invokeMethod(TestInvoker.java:598)
at org.testng.internal.TestInvoker.invokeTestMethod(TestInvoker.java:173)
at org.testng.internal.MethodRunner.runInSequence(MethodRunner.java:46)
at org.testng.internal.TestInvoker$MethodInvocationAgent.invoke(TestInvoker.java:824)
at org.testng.internal.TestInvoker.invokeTestMethods(TestInvoker.java:146)
at org.testng.internal.TestMethodWorker.invokeTestMethods(TestMethodWorker.java:146)
at org.testng.internal.TestMethodWorker.run(TestMethodWorker.java:128)
at java.base/java.util.ArrayList.forEach(ArrayList.java:1511)
at org.testng.TestRunner.privateRun(TestRunner.java:794)
at org.testng.TestRunner.run(TestRunner.java:596)
at org.testng.SuiteRunner.runTest(SuiteRunner.java:377)
at org.testng.SuiteRunner.runSequentially(SuiteRunner.java:371)
at org.testng.SuiteRunner.privateRun(SuiteRunner.java:332)
at org.testng.SuiteRunner.run(SuiteRunner.java:276)
at org.testng.SuiteRunnerWorker.runSuite(SuiteRunnerWorker.java:53)
at org.testng.SuiteRunnerWorker.run(SuiteRunnerWorker.java:96)
at org.testng.TestNG.runSuitesSequentially(TestNG.java:1212)
at org.testng.TestNG.runSuitesLocally(TestNG.java:1134)
at org.testng.TestNG.runSuites(TestNG.java:1063)
at org.testng.TestNG.run(TestNG.java:1031)
at org.testng.remote.AbstractRemoteTestNG.run(AbstractRemoteTestNG.java:115)
at org.testng.remote.RemoteTestNG.initAndRun(RemoteTestNG.java:251)
at org.testng.remote.RemoteTestNG.main(RemoteTestNG.java:77)
]]>
    </failure>
  </testcase> <!-- validateColumnName_BKP -->
  <system-out>
    <![CDATA[Executing Snowflake query :: SELECT count(*) as TOTAL FROM DEV_ENT_RAW.ST_FOURPROS_MATILLION.TECHNICIANPAYROLLADJUSTMENT
Table Count in Snowflake:: 0
Executing Snowflake query :: select count(*) as TOTAL from CURATED_DATAMART.ST_BKP_FOURPROS.STR_TECHNICIANPAYROLLADJUSTMENT Where ACTIVE_FLAG='Y'
Table Count in Snowflake:: 0
Executing Snowflake query :: select count(*) as TOTAL from DEV_ENT_CURATED.MASTER_DIMENSIONS.DIM_TECHNICIANPAYROLLADJUSTMENT where tenant_type='FOURPROS' and RECORD_UPDATED_BY='Backup Table'
Snowflake - SQLException at readDB() method :: SQL compilation error: error line 1 at position 129
invalid identifier 'RECORD_UPDATED_BY'
Row Count of Table TECHNICIANPAYROLLADJUSTMENT is matched for RAW :: 0 DataMart :: 0 CURATED :: 0]]>
  </system-out>
  <testcase classname="testcases.RAW_DATAMART_CURATED.SnowFlake_RowCount_v1" name="validateColumnName_BKP" time="1.274">
    <failure message="The following asserts failed:
	null" type="java.lang.AssertionError">
      <![CDATA[java.lang.AssertionError: The following asserts failed:
null
at org.testng.asserts.SoftAssert.assertAll(SoftAssert.java:47)
at org.testng.asserts.SoftAssert.assertAll(SoftAssert.java:31)
at testcases.RAW_DATAMART_CURATED.SnowFlake_RowCount_v1.validateColumnName_BKP(SnowFlake_RowCount_v1.java:39)
at jdk.internal.reflect.GeneratedMethodAccessor38.invoke(Unknown Source)
at java.base/jdk.internal.reflect.DelegatingMethodAccessorImpl.invoke(DelegatingMethodAccessorImpl.java:43)
at java.base/java.lang.reflect.Method.invoke(Method.java:568)
at org.testng.internal.MethodInvocationHelper.invokeMethod(MethodInvocationHelper.java:133)
at org.testng.internal.TestInvoker.invokeMethod(TestInvoker.java:598)
at org.testng.internal.TestInvoker.invokeTestMethod(TestInvoker.java:173)
at org.testng.internal.MethodRunner.runInSequence(MethodRunner.java:46)
at org.testng.internal.TestInvoker$MethodInvocationAgent.invoke(TestInvoker.java:824)
at org.testng.internal.TestInvoker.invokeTestMethods(TestInvoker.java:146)
at org.testng.internal.TestMethodWorker.invokeTestMethods(TestMethodWorker.java:146)
at org.testng.internal.TestMethodWorker.run(TestMethodWorker.java:128)
at java.base/java.util.ArrayList.forEach(ArrayList.java:1511)
at org.testng.TestRunner.privateRun(TestRunner.java:794)
at org.testng.TestRunner.run(TestRunner.java:596)
at org.testng.SuiteRunner.runTest(SuiteRunner.java:377)
at org.testng.SuiteRunner.runSequentially(SuiteRunner.java:371)
at org.testng.SuiteRunner.privateRun(SuiteRunner.java:332)
at org.testng.SuiteRunner.run(SuiteRunner.java:276)
at org.testng.SuiteRunnerWorker.runSuite(SuiteRunnerWorker.java:53)
at org.testng.SuiteRunnerWorker.run(SuiteRunnerWorker.java:96)
at org.testng.TestNG.runSuitesSequentially(TestNG.java:1212)
at org.testng.TestNG.runSuitesLocally(TestNG.java:1134)
at org.testng.TestNG.runSuites(TestNG.java:1063)
at org.testng.TestNG.run(TestNG.java:1031)
at org.testng.remote.AbstractRemoteTestNG.run(AbstractRemoteTestNG.java:115)
at org.testng.remote.RemoteTestNG.initAndRun(RemoteTestNG.java:251)
at org.testng.remote.RemoteTestNG.main(RemoteTestNG.java:77)
]]>
    </failure>
  </testcase> <!-- validateColumnName_BKP -->
  <system-out>
    <![CDATA[Executing Snowflake query :: SELECT count(*) as TOTAL FROM DEV_ENT_RAW.ST_HARP_MATILLION.TECHNICIANPAYROLL
Table Count in Snowflake:: 0
Executing Snowflake query :: select count(*) as TOTAL from CURATED_DATAMART.ST_BKP_HARP.STR_TECHNICIANPAYROLL Where ACTIVE_FLAG='Y'
Table Count in Snowflake:: 0
Executing Snowflake query :: select count(*) as TOTAL from DEV_ENT_CURATED.MASTER_DIMENSIONS.DIM_TECHNICIANPAYROLL where tenant_type='HARP' and RECORD_UPDATED_BY='Backup Table'
Snowflake - SQLException at readDB() method :: SQL compilation error: error line 1 at position 115
invalid identifier 'RECORD_UPDATED_BY'
Row Count of Table TECHNICIANPAYROLL is matched for RAW :: 0 DataMart :: 0 CURATED :: 0]]>
  </system-out>
  <testcase classname="testcases.RAW_DATAMART_CURATED.SnowFlake_RowCount_v1" name="validateColumnName_BKP" time="1.856"/>
  <system-out>
    <![CDATA[Executing Snowflake query :: SELECT count(*) as TOTAL FROM DEV_ENT_RAW.ST_HENDERSON_MATILLION.DIVISION
Table Count in Snowflake:: 5
Executing Snowflake query :: select count(*) as TOTAL from CURATED_DATAMART.ST_BKP_HENDERSON.STR_DIVISION Where ACTIVE_FLAG='Y'
Table Count in Snowflake:: 5
Executing Snowflake query :: select count(*) as TOTAL from DEV_ENT_CURATED.MASTER_DIMENSIONS.DIM_DIVISION where tenant_type='HENDERSON' and RECORD_UPDATED_BY='Backup Table'
Table Count in Snowflake:: 5
Row Count of Table DIVISION is matched for RAW :: 5 DataMart :: 5 CURATED :: 5]]>
  </system-out>
  <testcase classname="testcases.RAW_DATAMART_CURATED.SnowFlake_RowCount_v1" name="validateColumnName_BKP" time="2.426">
    <failure message="The following asserts failed:
	null" type="java.lang.AssertionError">
      <![CDATA[java.lang.AssertionError: The following asserts failed:
null
at org.testng.asserts.SoftAssert.assertAll(SoftAssert.java:47)
at org.testng.asserts.SoftAssert.assertAll(SoftAssert.java:31)
at testcases.RAW_DATAMART_CURATED.SnowFlake_RowCount_v1.validateColumnName_BKP(SnowFlake_RowCount_v1.java:39)
at jdk.internal.reflect.GeneratedMethodAccessor38.invoke(Unknown Source)
at java.base/jdk.internal.reflect.DelegatingMethodAccessorImpl.invoke(DelegatingMethodAccessorImpl.java:43)
at java.base/java.lang.reflect.Method.invoke(Method.java:568)
at org.testng.internal.MethodInvocationHelper.invokeMethod(MethodInvocationHelper.java:133)
at org.testng.internal.TestInvoker.invokeMethod(TestInvoker.java:598)
at org.testng.internal.TestInvoker.invokeTestMethod(TestInvoker.java:173)
at org.testng.internal.MethodRunner.runInSequence(MethodRunner.java:46)
at org.testng.internal.TestInvoker$MethodInvocationAgent.invoke(TestInvoker.java:824)
at org.testng.internal.TestInvoker.invokeTestMethods(TestInvoker.java:146)
at org.testng.internal.TestMethodWorker.invokeTestMethods(TestMethodWorker.java:146)
at org.testng.internal.TestMethodWorker.run(TestMethodWorker.java:128)
at java.base/java.util.ArrayList.forEach(ArrayList.java:1511)
at org.testng.TestRunner.privateRun(TestRunner.java:794)
at org.testng.TestRunner.run(TestRunner.java:596)
at org.testng.SuiteRunner.runTest(SuiteRunner.java:377)
at org.testng.SuiteRunner.runSequentially(SuiteRunner.java:371)
at org.testng.SuiteRunner.privateRun(SuiteRunner.java:332)
at org.testng.SuiteRunner.run(SuiteRunner.java:276)
at org.testng.SuiteRunnerWorker.runSuite(SuiteRunnerWorker.java:53)
at org.testng.SuiteRunnerWorker.run(SuiteRunnerWorker.java:96)
at org.testng.TestNG.runSuitesSequentially(TestNG.java:1212)
at org.testng.TestNG.runSuitesLocally(TestNG.java:1134)
at org.testng.TestNG.runSuites(TestNG.java:1063)
at org.testng.TestNG.run(TestNG.java:1031)
at org.testng.remote.AbstractRemoteTestNG.run(AbstractRemoteTestNG.java:115)
at org.testng.remote.RemoteTestNG.initAndRun(RemoteTestNG.java:251)
at org.testng.remote.RemoteTestNG.main(RemoteTestNG.java:77)
]]>
    </failure>
  </testcase> <!-- validateColumnName_BKP -->
  <system-out>
    <![CDATA[Executing Snowflake query :: SELECT count(*) as TOTAL FROM DEV_ENT_RAW.ST_FOURPROS_MATILLION.CUSTOMFIELD
Table Count in Snowflake:: 24308
Executing Snowflake query :: select count(*) as TOTAL from CURATED_DATAMART.ST_BKP_FOURPROS.STR_CUSTOMFIELD Where ACTIVE_FLAG='Y'
Table Count in Snowflake:: 24205
Executing Snowflake query :: select count(*) as TOTAL from DEV_ENT_CURATED.MASTER_DIMENSIONS.FACT_CUSTOMFIELD where tenant_type='FOURPROS' and RECORD_UPDATED_BY='Backup Table'
Table Count in Snowflake:: 24205
Row Count of Table CUSTOMFIELD is not matched for RAW :: 24308 DataMart :: 24205 CURATED :: 24205]]>
  </system-out>
  <testcase classname="testcases.RAW_DATAMART_CURATED.SnowFlake_RowCount_v1" name="validateColumnName_BKP" time="2.457">
    <failure message="The following asserts failed:
	null,
	null" type="java.lang.AssertionError">
      <![CDATA[java.lang.AssertionError: The following asserts failed:
null,
null
at org.testng.asserts.SoftAssert.assertAll(SoftAssert.java:47)
at org.testng.asserts.SoftAssert.assertAll(SoftAssert.java:31)
at testcases.RAW_DATAMART_CURATED.SnowFlake_RowCount_v1.validateColumnName_BKP(SnowFlake_RowCount_v1.java:39)
at jdk.internal.reflect.GeneratedMethodAccessor38.invoke(Unknown Source)
at java.base/jdk.internal.reflect.DelegatingMethodAccessorImpl.invoke(DelegatingMethodAccessorImpl.java:43)
at java.base/java.lang.reflect.Method.invoke(Method.java:568)
at org.testng.internal.MethodInvocationHelper.invokeMethod(MethodInvocationHelper.java:133)
at org.testng.internal.TestInvoker.invokeMethod(TestInvoker.java:598)
at org.testng.internal.TestInvoker.invokeTestMethod(TestInvoker.java:173)
at org.testng.internal.MethodRunner.runInSequence(MethodRunner.java:46)
at org.testng.internal.TestInvoker$MethodInvocationAgent.invoke(TestInvoker.java:824)
at org.testng.internal.TestInvoker.invokeTestMethods(TestInvoker.java:146)
at org.testng.internal.TestMethodWorker.invokeTestMethods(TestMethodWorker.java:146)
at org.testng.internal.TestMethodWorker.run(TestMethodWorker.java:128)
at java.base/java.util.ArrayList.forEach(ArrayList.java:1511)
at org.testng.TestRunner.privateRun(TestRunner.java:794)
at org.testng.TestRunner.run(TestRunner.java:596)
at org.testng.SuiteRunner.runTest(SuiteRunner.java:377)
at org.testng.SuiteRunner.runSequentially(SuiteRunner.java:371)
at org.testng.SuiteRunner.privateRun(SuiteRunner.java:332)
at org.testng.SuiteRunner.run(SuiteRunner.java:276)
at org.testng.SuiteRunnerWorker.runSuite(SuiteRunnerWorker.java:53)
at org.testng.SuiteRunnerWorker.run(SuiteRunnerWorker.java:96)
at org.testng.TestNG.runSuitesSequentially(TestNG.java:1212)
at org.testng.TestNG.runSuitesLocally(TestNG.java:1134)
at org.testng.TestNG.runSuites(TestNG.java:1063)
at org.testng.TestNG.run(TestNG.java:1031)
at org.testng.remote.AbstractRemoteTestNG.run(AbstractRemoteTestNG.java:115)
at org.testng.remote.RemoteTestNG.initAndRun(RemoteTestNG.java:251)
at org.testng.remote.RemoteTestNG.main(RemoteTestNG.java:77)
]]>
    </failure>
  </testcase> <!-- validateColumnName_BKP -->
  <system-out>
    <![CDATA[Executing Snowflake query :: SELECT count(*) as TOTAL FROM DEV_ENT_RAW.ST_HDAIR_MATILLION.PAYMENTTERM
Snowflake - SQLException at readDB() method :: SQL compilation error:
Object 'DEV_ENT_RAW.ST_HDAIR_MATILLION.PAYMENTTERM' does not exist or not authorized.
Executing Snowflake query :: select count(*) as TOTAL from CURATED_DATAMART.ST_BKP_HDAIR.STR_PAYMENTTERM Where ACTIVE_FLAG='Y'
Table Count in Snowflake:: 9
Executing Snowflake query :: select count(*) as TOTAL from DEV_ENT_CURATED.MASTER_DIMENSIONS.DIM_PAYMENTTERM where tenant_type='HDAIR' and RECORD_UPDATED_BY='Backup Table'
Table Count in Snowflake:: 0
Row Count of Table PAYMENTTERM is not matched for RAW :: 0 DataMart :: 9 CURATED :: 0]]>
  </system-out>
  <testcase classname="testcases.RAW_DATAMART_CURATED.SnowFlake_RowCount_v1" name="validateColumnName_BKP" time="1.337">
    <failure message="The following asserts failed:
	null" type="java.lang.AssertionError">
      <![CDATA[java.lang.AssertionError: The following asserts failed:
null
at org.testng.asserts.SoftAssert.assertAll(SoftAssert.java:47)
at org.testng.asserts.SoftAssert.assertAll(SoftAssert.java:31)
at testcases.RAW_DATAMART_CURATED.SnowFlake_RowCount_v1.validateColumnName_BKP(SnowFlake_RowCount_v1.java:39)
at jdk.internal.reflect.GeneratedMethodAccessor38.invoke(Unknown Source)
at java.base/jdk.internal.reflect.DelegatingMethodAccessorImpl.invoke(DelegatingMethodAccessorImpl.java:43)
at java.base/java.lang.reflect.Method.invoke(Method.java:568)
at org.testng.internal.MethodInvocationHelper.invokeMethod(MethodInvocationHelper.java:133)
at org.testng.internal.TestInvoker.invokeMethod(TestInvoker.java:598)
at org.testng.internal.TestInvoker.invokeTestMethod(TestInvoker.java:173)
at org.testng.internal.MethodRunner.runInSequence(MethodRunner.java:46)
at org.testng.internal.TestInvoker$MethodInvocationAgent.invoke(TestInvoker.java:824)
at org.testng.internal.TestInvoker.invokeTestMethods(TestInvoker.java:146)
at org.testng.internal.TestMethodWorker.invokeTestMethods(TestMethodWorker.java:146)
at org.testng.internal.TestMethodWorker.run(TestMethodWorker.java:128)
at java.base/java.util.ArrayList.forEach(ArrayList.java:1511)
at org.testng.TestRunner.privateRun(TestRunner.java:794)
at org.testng.TestRunner.run(TestRunner.java:596)
at org.testng.SuiteRunner.runTest(SuiteRunner.java:377)
at org.testng.SuiteRunner.runSequentially(SuiteRunner.java:371)
at org.testng.SuiteRunner.privateRun(SuiteRunner.java:332)
at org.testng.SuiteRunner.run(SuiteRunner.java:276)
at org.testng.SuiteRunnerWorker.runSuite(SuiteRunnerWorker.java:53)
at org.testng.SuiteRunnerWorker.run(SuiteRunnerWorker.java:96)
at org.testng.TestNG.runSuitesSequentially(TestNG.java:1212)
at org.testng.TestNG.runSuitesLocally(TestNG.java:1134)
at org.testng.TestNG.runSuites(TestNG.java:1063)
at org.testng.TestNG.run(TestNG.java:1031)
at org.testng.remote.AbstractRemoteTestNG.run(AbstractRemoteTestNG.java:115)
at org.testng.remote.RemoteTestNG.initAndRun(RemoteTestNG.java:251)
at org.testng.remote.RemoteTestNG.main(RemoteTestNG.java:77)
]]>
    </failure>
  </testcase> <!-- validateColumnName_BKP -->
  <system-out>
    <![CDATA[Executing Snowflake query :: SELECT count(*) as TOTAL FROM DEV_ENT_RAW.ST_FOURPROS_MATILLION.JOBAPPOINTMENTASSIGNMENT
Table Count in Snowflake:: 97098
Executing Snowflake query :: select count(*) as TOTAL from CURATED_DATAMART.ST_BKP_FOURPROS.STR_JOBAPPOINTMENTASSIGNMENT Where ACTIVE_FLAG='Y'
Table Count in Snowflake:: 96990
Executing Snowflake query :: select count(*) as TOTAL from DEV_ENT_CURATED.MASTER_DIMENSIONS.DIM_JOBAPPOINTMENTASSIGNMENT where tenant_type='FOURPROS' and RECORD_UPDATED_BY='Backup Table'
Table Count in Snowflake:: 96990
Row Count of Table JOBAPPOINTMENTASSIGNMENT is not matched for RAW :: 97098 DataMart :: 96990 CURATED :: 96990]]>
  </system-out>
  <testcase classname="testcases.RAW_DATAMART_CURATED.SnowFlake_RowCount_v1" name="validateColumnName_BKP" time="2.152"/>
  <system-out>
    <![CDATA[Executing Snowflake query :: SELECT count(*) as TOTAL FROM DEV_ENT_RAW.ST_HORIZONSERVICES_MATILLION.BATCH
Table Count in Snowflake:: 32103
Executing Snowflake query :: select count(*) as TOTAL from CURATED_DATAMART.ST_BKP_HORIZONSERVICES.STR_BATCH Where ACTIVE_FLAG='Y'
Table Count in Snowflake:: 32103
Executing Snowflake query :: select count(*) as TOTAL from DEV_ENT_CURATED.MASTER_DIMENSIONS.FACT_BATCH where tenant_type='HORIZONSERVICES' and RECORD_UPDATED_BY='Backup Table'
Table Count in Snowflake:: 32103
Row Count of Table BATCH is matched for RAW :: 32103 DataMart :: 32103 CURATED :: 32103]]>
  </system-out>
  <testcase classname="testcases.RAW_DATAMART_CURATED.SnowFlake_RowCount_v1" name="validateColumnName_BKP" time="1.036">
    <failure message="The following asserts failed:
	null" type="java.lang.AssertionError">
      <![CDATA[java.lang.AssertionError: The following asserts failed:
null
at org.testng.asserts.SoftAssert.assertAll(SoftAssert.java:47)
at org.testng.asserts.SoftAssert.assertAll(SoftAssert.java:31)
at testcases.RAW_DATAMART_CURATED.SnowFlake_RowCount_v1.validateColumnName_BKP(SnowFlake_RowCount_v1.java:39)
at jdk.internal.reflect.GeneratedMethodAccessor38.invoke(Unknown Source)
at java.base/jdk.internal.reflect.DelegatingMethodAccessorImpl.invoke(DelegatingMethodAccessorImpl.java:43)
at java.base/java.lang.reflect.Method.invoke(Method.java:568)
at org.testng.internal.MethodInvocationHelper.invokeMethod(MethodInvocationHelper.java:133)
at org.testng.internal.TestInvoker.invokeMethod(TestInvoker.java:598)
at org.testng.internal.TestInvoker.invokeTestMethod(TestInvoker.java:173)
at org.testng.internal.MethodRunner.runInSequence(MethodRunner.java:46)
at org.testng.internal.TestInvoker$MethodInvocationAgent.invoke(TestInvoker.java:824)
at org.testng.internal.TestInvoker.invokeTestMethods(TestInvoker.java:146)
at org.testng.internal.TestMethodWorker.invokeTestMethods(TestMethodWorker.java:146)
at org.testng.internal.TestMethodWorker.run(TestMethodWorker.java:128)
at java.base/java.util.ArrayList.forEach(ArrayList.java:1511)
at org.testng.TestRunner.privateRun(TestRunner.java:794)
at org.testng.TestRunner.run(TestRunner.java:596)
at org.testng.SuiteRunner.runTest(SuiteRunner.java:377)
at org.testng.SuiteRunner.runSequentially(SuiteRunner.java:371)
at org.testng.SuiteRunner.privateRun(SuiteRunner.java:332)
at org.testng.SuiteRunner.run(SuiteRunner.java:276)
at org.testng.SuiteRunnerWorker.runSuite(SuiteRunnerWorker.java:53)
at org.testng.SuiteRunnerWorker.run(SuiteRunnerWorker.java:96)
at org.testng.TestNG.runSuitesSequentially(TestNG.java:1212)
at org.testng.TestNG.runSuitesLocally(TestNG.java:1134)
at org.testng.TestNG.runSuites(TestNG.java:1063)
at org.testng.TestNG.run(TestNG.java:1031)
at org.testng.remote.AbstractRemoteTestNG.run(AbstractRemoteTestNG.java:115)
at org.testng.remote.RemoteTestNG.initAndRun(RemoteTestNG.java:251)
at org.testng.remote.RemoteTestNG.main(RemoteTestNG.java:77)
]]>
    </failure>
  </testcase> <!-- validateColumnName_BKP -->
  <system-out>
    <![CDATA[Executing Snowflake query :: SELECT count(*) as TOTAL FROM DEV_ENT_RAW.ST_HDAIR_MATILLION.JOBCANCELEDLOG
Snowflake - SQLException at readDB() method :: SQL compilation error:
Object 'DEV_ENT_RAW.ST_HDAIR_MATILLION.JOBCANCELEDLOG' does not exist or not authorized.
Executing Snowflake query :: select count(*) as TOTAL from CURATED_DATAMART.ST_BKP_HDAIR.STR_JOBCANCELEDLOG Where ACTIVE_FLAG='Y'
Table Count in Snowflake:: 8097
Executing Snowflake query :: select count(*) as TOTAL from DEV_ENT_CURATED.MASTER_DIMENSIONS.DIM_JOBCANCELEDLOG where tenant_type='HDAIR' and RECORD_UPDATED_BY='Backup Table'
Table Count in Snowflake:: 8097
Row Count of Table JOBCANCELEDLOG is matched for RAW :: 0 DataMart :: 8097 CURATED :: 8097]]>
  </system-out>
  <testcase classname="testcases.RAW_DATAMART_CURATED.SnowFlake_RowCount_v1" name="validateColumnName_BKP" time="3.077"/>
  <system-out>
    <![CDATA[Executing Snowflake query :: SELECT count(*) as TOTAL FROM DEV_ENT_RAW.ST_HORIZONSERVICES_MATILLION.COUNTERSALESLOCATION
Table Count in Snowflake:: 4
Executing Snowflake query :: select count(*) as TOTAL from CURATED_DATAMART.ST_BKP_HORIZONSERVICES.STR_COUNTERSALESLOCATION Where ACTIVE_FLAG='Y'
Table Count in Snowflake:: 4
Executing Snowflake query :: select count(*) as TOTAL from DEV_ENT_CURATED.MASTER_DIMENSIONS.DIM_COUNTERSALESLOCATION where tenant_type='HORIZONSERVICES' and RECORD_UPDATED_BY='Backup Table'
Table Count in Snowflake:: 4
Row Count of Table COUNTERSALESLOCATION is matched for RAW :: 4 DataMart :: 4 CURATED :: 4]]>
  </system-out>
  <testcase classname="testcases.RAW_DATAMART_CURATED.SnowFlake_RowCount_v1" name="validateColumnName_BKP" time="1.627">
    <failure message="The following asserts failed:
	null" type="java.lang.AssertionError">
      <![CDATA[java.lang.AssertionError: The following asserts failed:
null
at org.testng.asserts.SoftAssert.assertAll(SoftAssert.java:47)
at org.testng.asserts.SoftAssert.assertAll(SoftAssert.java:31)
at testcases.RAW_DATAMART_CURATED.SnowFlake_RowCount_v1.validateColumnName_BKP(SnowFlake_RowCount_v1.java:39)
at jdk.internal.reflect.GeneratedMethodAccessor38.invoke(Unknown Source)
at java.base/jdk.internal.reflect.DelegatingMethodAccessorImpl.invoke(DelegatingMethodAccessorImpl.java:43)
at java.base/java.lang.reflect.Method.invoke(Method.java:568)
at org.testng.internal.MethodInvocationHelper.invokeMethod(MethodInvocationHelper.java:133)
at org.testng.internal.TestInvoker.invokeMethod(TestInvoker.java:598)
at org.testng.internal.TestInvoker.invokeTestMethod(TestInvoker.java:173)
at org.testng.internal.MethodRunner.runInSequence(MethodRunner.java:46)
at org.testng.internal.TestInvoker$MethodInvocationAgent.invoke(TestInvoker.java:824)
at org.testng.internal.TestInvoker.invokeTestMethods(TestInvoker.java:146)
at org.testng.internal.TestMethodWorker.invokeTestMethods(TestMethodWorker.java:146)
at org.testng.internal.TestMethodWorker.run(TestMethodWorker.java:128)
at java.base/java.util.ArrayList.forEach(ArrayList.java:1511)
at org.testng.TestRunner.privateRun(TestRunner.java:794)
at org.testng.TestRunner.run(TestRunner.java:596)
at org.testng.SuiteRunner.runTest(SuiteRunner.java:377)
at org.testng.SuiteRunner.runSequentially(SuiteRunner.java:371)
at org.testng.SuiteRunner.privateRun(SuiteRunner.java:332)
at org.testng.SuiteRunner.run(SuiteRunner.java:276)
at org.testng.SuiteRunnerWorker.runSuite(SuiteRunnerWorker.java:53)
at org.testng.SuiteRunnerWorker.run(SuiteRunnerWorker.java:96)
at org.testng.TestNG.runSuitesSequentially(TestNG.java:1212)
at org.testng.TestNG.runSuitesLocally(TestNG.java:1134)
at org.testng.TestNG.runSuites(TestNG.java:1063)
at org.testng.TestNG.run(TestNG.java:1031)
at org.testng.remote.AbstractRemoteTestNG.run(AbstractRemoteTestNG.java:115)
at org.testng.remote.RemoteTestNG.initAndRun(RemoteTestNG.java:251)
at org.testng.remote.RemoteTestNG.main(RemoteTestNG.java:77)
]]>
    </failure>
  </testcase> <!-- validateColumnName_BKP -->
  <system-out>
    <![CDATA[Executing Snowflake query :: SELECT count(*) as TOTAL FROM DEV_ENT_RAW.ST_HENDERSON_MATILLION.PAYMENTTERM
Table Count in Snowflake:: 1
Executing Snowflake query :: select count(*) as TOTAL from CURATED_DATAMART.ST_BKP_HENDERSON.STR_PAYMENTTERM Where ACTIVE_FLAG='Y'
Table Count in Snowflake:: 1
Executing Snowflake query :: select count(*) as TOTAL from DEV_ENT_CURATED.MASTER_DIMENSIONS.DIM_PAYMENTTERM where tenant_type='HENDERSON' and RECORD_UPDATED_BY='Backup Table'
Table Count in Snowflake:: 0
Row Count of Table PAYMENTTERM is not matched for RAW :: 1 DataMart :: 1 CURATED :: 0]]>
  </system-out>
  <testcase classname="testcases.RAW_DATAMART_CURATED.SnowFlake_RowCount_v1" name="validateColumnName_BKP" time="1.942">
    <failure message="The following asserts failed:
	null" type="java.lang.AssertionError">
      <![CDATA[java.lang.AssertionError: The following asserts failed:
null
at org.testng.asserts.SoftAssert.assertAll(SoftAssert.java:47)
at org.testng.asserts.SoftAssert.assertAll(SoftAssert.java:31)
at testcases.RAW_DATAMART_CURATED.SnowFlake_RowCount_v1.validateColumnName_BKP(SnowFlake_RowCount_v1.java:39)
at jdk.internal.reflect.GeneratedMethodAccessor38.invoke(Unknown Source)
at java.base/jdk.internal.reflect.DelegatingMethodAccessorImpl.invoke(DelegatingMethodAccessorImpl.java:43)
at java.base/java.lang.reflect.Method.invoke(Method.java:568)
at org.testng.internal.MethodInvocationHelper.invokeMethod(MethodInvocationHelper.java:133)
at org.testng.internal.TestInvoker.invokeMethod(TestInvoker.java:598)
at org.testng.internal.TestInvoker.invokeTestMethod(TestInvoker.java:173)
at org.testng.internal.MethodRunner.runInSequence(MethodRunner.java:46)
at org.testng.internal.TestInvoker$MethodInvocationAgent.invoke(TestInvoker.java:824)
at org.testng.internal.TestInvoker.invokeTestMethods(TestInvoker.java:146)
at org.testng.internal.TestMethodWorker.invokeTestMethods(TestMethodWorker.java:146)
at org.testng.internal.TestMethodWorker.run(TestMethodWorker.java:128)
at java.base/java.util.ArrayList.forEach(ArrayList.java:1511)
at org.testng.TestRunner.privateRun(TestRunner.java:794)
at org.testng.TestRunner.run(TestRunner.java:596)
at org.testng.SuiteRunner.runTest(SuiteRunner.java:377)
at org.testng.SuiteRunner.runSequentially(SuiteRunner.java:371)
at org.testng.SuiteRunner.privateRun(SuiteRunner.java:332)
at org.testng.SuiteRunner.run(SuiteRunner.java:276)
at org.testng.SuiteRunnerWorker.runSuite(SuiteRunnerWorker.java:53)
at org.testng.SuiteRunnerWorker.run(SuiteRunnerWorker.java:96)
at org.testng.TestNG.runSuitesSequentially(TestNG.java:1212)
at org.testng.TestNG.runSuitesLocally(TestNG.java:1134)
at org.testng.TestNG.runSuites(TestNG.java:1063)
at org.testng.TestNG.run(TestNG.java:1031)
at org.testng.remote.AbstractRemoteTestNG.run(AbstractRemoteTestNG.java:115)
at org.testng.remote.RemoteTestNG.initAndRun(RemoteTestNG.java:251)
at org.testng.remote.RemoteTestNG.main(RemoteTestNG.java:77)
]]>
    </failure>
  </testcase> <!-- validateColumnName_BKP -->
  <system-out>
    <![CDATA[Executing Snowflake query :: SELECT count(*) as TOTAL FROM DEV_ENT_RAW.ST_HUTCHINSON_MATILLION.GROSSPAYITEM
Table Count in Snowflake:: 219649
Executing Snowflake query :: select count(*) as TOTAL from CURATED_DATAMART.ST_BKP_HUTCHINSON.STR_GROSSPAYITEM Where ACTIVE_FLAG='Y'
Table Count in Snowflake:: 219046
Executing Snowflake query :: select count(*) as TOTAL from DEV_ENT_CURATED.MASTER_DIMENSIONS.DIM_GROSSPAYITEM where tenant_type='HUTCHINSON' and RECORD_UPDATED_BY='Backup Table'
Table Count in Snowflake:: 219046
Row Count of Table GROSSPAYITEM is not matched for RAW :: 219649 DataMart :: 219046 CURATED :: 219046]]>
  </system-out>
  <testcase classname="testcases.RAW_DATAMART_CURATED.SnowFlake_RowCount_v1" name="validateColumnName_BKP" time="2.060"/>
  <system-out>
    <![CDATA[Executing Snowflake query :: SELECT count(*) as TOTAL FROM DEV_ENT_RAW.ST_BILLFENWICK_MATILLION.TRADE
Table Count in Snowflake:: 1
Executing Snowflake query :: select count(*) as TOTAL from CURATED_DATAMART.ST_BKP_BILLFENWICK.STR_TRADE Where ACTIVE_FLAG='Y'
Table Count in Snowflake:: 1
Executing Snowflake query :: select count(*) as TOTAL from DEV_ENT_CURATED.MASTER_DIMENSIONS.DIM_TRADE where tenant_type='BILLFENWICK' and RECORD_UPDATED_BY='Backup Table'
Table Count in Snowflake:: 1
Row Count of Table TRADE is matched for RAW :: 1 DataMart :: 1 CURATED :: 1]]>
  </system-out>
  <testcase classname="testcases.RAW_DATAMART_CURATED.SnowFlake_RowCount_v1" name="validateColumnName_BKP" time="1.242"/>
  <system-out>
    <![CDATA[Executing Snowflake query :: SELECT count(*) as TOTAL FROM DEV_ENT_RAW.ST_HORIZONSERVICES_MATILLION.TRADE
Table Count in Snowflake:: 13
Executing Snowflake query :: select count(*) as TOTAL from CURATED_DATAMART.ST_BKP_HORIZONSERVICES.STR_TRADE Where ACTIVE_FLAG='Y'
Table Count in Snowflake:: 13
Executing Snowflake query :: select count(*) as TOTAL from DEV_ENT_CURATED.MASTER_DIMENSIONS.DIM_TRADE where tenant_type='HORIZONSERVICES' and RECORD_UPDATED_BY='Backup Table'
Table Count in Snowflake:: 13
Row Count of Table TRADE is matched for RAW :: 13 DataMart :: 13 CURATED :: 13]]>
  </system-out>
  <testcase classname="testcases.RAW_DATAMART_CURATED.SnowFlake_RowCount_v1" name="validateColumnName_BKP" time="1.951">
    <failure message="The following asserts failed:
	null,
	null" type="java.lang.AssertionError">
      <![CDATA[java.lang.AssertionError: The following asserts failed:
null,
null
at org.testng.asserts.SoftAssert.assertAll(SoftAssert.java:47)
at org.testng.asserts.SoftAssert.assertAll(SoftAssert.java:31)
at testcases.RAW_DATAMART_CURATED.SnowFlake_RowCount_v1.validateColumnName_BKP(SnowFlake_RowCount_v1.java:39)
at jdk.internal.reflect.GeneratedMethodAccessor38.invoke(Unknown Source)
at java.base/jdk.internal.reflect.DelegatingMethodAccessorImpl.invoke(DelegatingMethodAccessorImpl.java:43)
at java.base/java.lang.reflect.Method.invoke(Method.java:568)
at org.testng.internal.MethodInvocationHelper.invokeMethod(MethodInvocationHelper.java:133)
at org.testng.internal.TestInvoker.invokeMethod(TestInvoker.java:598)
at org.testng.internal.TestInvoker.invokeTestMethod(TestInvoker.java:173)
at org.testng.internal.MethodRunner.runInSequence(MethodRunner.java:46)
at org.testng.internal.TestInvoker$MethodInvocationAgent.invoke(TestInvoker.java:824)
at org.testng.internal.TestInvoker.invokeTestMethods(TestInvoker.java:146)
at org.testng.internal.TestMethodWorker.invokeTestMethods(TestMethodWorker.java:146)
at org.testng.internal.TestMethodWorker.run(TestMethodWorker.java:128)
at java.base/java.util.ArrayList.forEach(ArrayList.java:1511)
at org.testng.TestRunner.privateRun(TestRunner.java:794)
at org.testng.TestRunner.run(TestRunner.java:596)
at org.testng.SuiteRunner.runTest(SuiteRunner.java:377)
at org.testng.SuiteRunner.runSequentially(SuiteRunner.java:371)
at org.testng.SuiteRunner.privateRun(SuiteRunner.java:332)
at org.testng.SuiteRunner.run(SuiteRunner.java:276)
at org.testng.SuiteRunnerWorker.runSuite(SuiteRunnerWorker.java:53)
at org.testng.SuiteRunnerWorker.run(SuiteRunnerWorker.java:96)
at org.testng.TestNG.runSuitesSequentially(TestNG.java:1212)
at org.testng.TestNG.runSuitesLocally(TestNG.java:1134)
at org.testng.TestNG.runSuites(TestNG.java:1063)
at org.testng.TestNG.run(TestNG.java:1031)
at org.testng.remote.AbstractRemoteTestNG.run(AbstractRemoteTestNG.java:115)
at org.testng.remote.RemoteTestNG.initAndRun(RemoteTestNG.java:251)
at org.testng.remote.RemoteTestNG.main(RemoteTestNG.java:77)
]]>
    </failure>
  </testcase> <!-- validateColumnName_BKP -->
  <system-out>
    <![CDATA[Executing Snowflake query :: SELECT count(*) as TOTAL FROM DEV_ENT_RAW.ST_HARP_MATILLION.TECHNICIANATTACHEDPROPERTY
Table Count in Snowflake:: 663
Executing Snowflake query :: select count(*) as TOTAL from CURATED_DATAMART.ST_BKP_HARP.STR_TECHNICIANATTACHEDPROPERTY Where ACTIVE_FLAG='Y'
Table Count in Snowflake:: 663
Executing Snowflake query :: select count(*) as TOTAL from DEV_ENT_CURATED.MASTER_DIMENSIONS.DIM_TECHNICIANATTACHEDPROPERTY where tenant_type='HARP' and RECORD_UPDATED_BY='Backup Table'
Snowflake - SQLException at readDB() method :: SQL compilation error: error line 1 at position 124
invalid identifier 'RECORD_UPDATED_BY'
Row Count of Table TECHNICIANATTACHEDPROPERTY is not matched for RAW :: 663 DataMart :: 663 CURATED :: 0]]>
  </system-out>
  <testcase classname="testcases.RAW_DATAMART_CURATED.SnowFlake_RowCount_v1" name="validateColumnName_BKP" time="1.539">
    <failure message="The following asserts failed:
	null" type="java.lang.AssertionError">
      <![CDATA[java.lang.AssertionError: The following asserts failed:
null
at org.testng.asserts.SoftAssert.assertAll(SoftAssert.java:47)
at org.testng.asserts.SoftAssert.assertAll(SoftAssert.java:31)
at testcases.RAW_DATAMART_CURATED.SnowFlake_RowCount_v1.validateColumnName_BKP(SnowFlake_RowCount_v1.java:39)
at jdk.internal.reflect.GeneratedMethodAccessor38.invoke(Unknown Source)
at java.base/jdk.internal.reflect.DelegatingMethodAccessorImpl.invoke(DelegatingMethodAccessorImpl.java:43)
at java.base/java.lang.reflect.Method.invoke(Method.java:568)
at org.testng.internal.MethodInvocationHelper.invokeMethod(MethodInvocationHelper.java:133)
at org.testng.internal.TestInvoker.invokeMethod(TestInvoker.java:598)
at org.testng.internal.TestInvoker.invokeTestMethod(TestInvoker.java:173)
at org.testng.internal.MethodRunner.runInSequence(MethodRunner.java:46)
at org.testng.internal.TestInvoker$MethodInvocationAgent.invoke(TestInvoker.java:824)
at org.testng.internal.TestInvoker.invokeTestMethods(TestInvoker.java:146)
at org.testng.internal.TestMethodWorker.invokeTestMethods(TestMethodWorker.java:146)
at org.testng.internal.TestMethodWorker.run(TestMethodWorker.java:128)
at java.base/java.util.ArrayList.forEach(ArrayList.java:1511)
at org.testng.TestRunner.privateRun(TestRunner.java:794)
at org.testng.TestRunner.run(TestRunner.java:596)
at org.testng.SuiteRunner.runTest(SuiteRunner.java:377)
at org.testng.SuiteRunner.runSequentially(SuiteRunner.java:371)
at org.testng.SuiteRunner.privateRun(SuiteRunner.java:332)
at org.testng.SuiteRunner.run(SuiteRunner.java:276)
at org.testng.SuiteRunnerWorker.runSuite(SuiteRunnerWorker.java:53)
at org.testng.SuiteRunnerWorker.run(SuiteRunnerWorker.java:96)
at org.testng.TestNG.runSuitesSequentially(TestNG.java:1212)
at org.testng.TestNG.runSuitesLocally(TestNG.java:1134)
at org.testng.TestNG.runSuites(TestNG.java:1063)
at org.testng.TestNG.run(TestNG.java:1031)
at org.testng.remote.AbstractRemoteTestNG.run(AbstractRemoteTestNG.java:115)
at org.testng.remote.RemoteTestNG.initAndRun(RemoteTestNG.java:251)
at org.testng.remote.RemoteTestNG.main(RemoteTestNG.java:77)
]]>
    </failure>
  </testcase> <!-- validateColumnName_BKP -->
  <system-out>
    <![CDATA[Executing Snowflake query :: SELECT count(*) as TOTAL FROM DEV_ENT_RAW.ST_FOURPROS_MATILLION.JOBCANCELEDLOG
Table Count in Snowflake:: 9414
Executing Snowflake query :: select count(*) as TOTAL from CURATED_DATAMART.ST_BKP_FOURPROS.STR_JOBCANCELEDLOG Where ACTIVE_FLAG='Y'
Table Count in Snowflake:: 9406
Executing Snowflake query :: select count(*) as TOTAL from DEV_ENT_CURATED.MASTER_DIMENSIONS.DIM_JOBCANCELEDLOG where tenant_type='FOURPROS' and RECORD_UPDATED_BY='Backup Table'
Table Count in Snowflake:: 9406
Row Count of Table JOBCANCELEDLOG is not matched for RAW :: 9414 DataMart :: 9406 CURATED :: 9406]]>
  </system-out>
  <testcase classname="testcases.RAW_DATAMART_CURATED.SnowFlake_RowCount_v1" name="validateColumnName_BKP" time="1.402">
    <failure message="The following asserts failed:
	null,
	null" type="java.lang.AssertionError">
      <![CDATA[java.lang.AssertionError: The following asserts failed:
null,
null
at org.testng.asserts.SoftAssert.assertAll(SoftAssert.java:47)
at org.testng.asserts.SoftAssert.assertAll(SoftAssert.java:31)
at testcases.RAW_DATAMART_CURATED.SnowFlake_RowCount_v1.validateColumnName_BKP(SnowFlake_RowCount_v1.java:39)
at jdk.internal.reflect.GeneratedMethodAccessor38.invoke(Unknown Source)
at java.base/jdk.internal.reflect.DelegatingMethodAccessorImpl.invoke(DelegatingMethodAccessorImpl.java:43)
at java.base/java.lang.reflect.Method.invoke(Method.java:568)
at org.testng.internal.MethodInvocationHelper.invokeMethod(MethodInvocationHelper.java:133)
at org.testng.internal.TestInvoker.invokeMethod(TestInvoker.java:598)
at org.testng.internal.TestInvoker.invokeTestMethod(TestInvoker.java:173)
at org.testng.internal.MethodRunner.runInSequence(MethodRunner.java:46)
at org.testng.internal.TestInvoker$MethodInvocationAgent.invoke(TestInvoker.java:824)
at org.testng.internal.TestInvoker.invokeTestMethods(TestInvoker.java:146)
at org.testng.internal.TestMethodWorker.invokeTestMethods(TestMethodWorker.java:146)
at org.testng.internal.TestMethodWorker.run(TestMethodWorker.java:128)
at java.base/java.util.ArrayList.forEach(ArrayList.java:1511)
at org.testng.TestRunner.privateRun(TestRunner.java:794)
at org.testng.TestRunner.run(TestRunner.java:596)
at org.testng.SuiteRunner.runTest(SuiteRunner.java:377)
at org.testng.SuiteRunner.runSequentially(SuiteRunner.java:371)
at org.testng.SuiteRunner.privateRun(SuiteRunner.java:332)
at org.testng.SuiteRunner.run(SuiteRunner.java:276)
at org.testng.SuiteRunnerWorker.runSuite(SuiteRunnerWorker.java:53)
at org.testng.SuiteRunnerWorker.run(SuiteRunnerWorker.java:96)
at org.testng.TestNG.runSuitesSequentially(TestNG.java:1212)
at org.testng.TestNG.runSuitesLocally(TestNG.java:1134)
at org.testng.TestNG.runSuites(TestNG.java:1063)
at org.testng.TestNG.run(TestNG.java:1031)
at org.testng.remote.AbstractRemoteTestNG.run(AbstractRemoteTestNG.java:115)
at org.testng.remote.RemoteTestNG.initAndRun(RemoteTestNG.java:251)
at org.testng.remote.RemoteTestNG.main(RemoteTestNG.java:77)
]]>
    </failure>
  </testcase> <!-- validateColumnName_BKP -->
  <system-out>
    <![CDATA[Executing Snowflake query :: SELECT count(*) as TOTAL FROM DEV_ENT_RAW.ST_MAITZ_MATILLION.TECHNICIANATTACHEDPROPERTY
Table Count in Snowflake:: 330
Executing Snowflake query :: select count(*) as TOTAL from CURATED_DATAMART.ST_BKP_MAITZ.STR_TECHNICIANATTACHEDPROPERTY Where ACTIVE_FLAG='Y'
Table Count in Snowflake:: 330
Executing Snowflake query :: select count(*) as TOTAL from DEV_ENT_CURATED.MASTER_DIMENSIONS.DIM_TECHNICIANATTACHEDPROPERTY where tenant_type='MAITZ' and RECORD_UPDATED_BY='Backup Table'
Snowflake - SQLException at readDB() method :: SQL compilation error: error line 1 at position 125
invalid identifier 'RECORD_UPDATED_BY'
Row Count of Table TECHNICIANATTACHEDPROPERTY is not matched for RAW :: 330 DataMart :: 330 CURATED :: 0]]>
  </system-out>
  <testcase classname="testcases.RAW_DATAMART_CURATED.SnowFlake_RowCount_v1" name="validateColumnName_BKP" time="1.868"/>
  <system-out>
    <![CDATA[Executing Snowflake query :: SELECT count(*) as TOTAL FROM DEV_ENT_RAW.ST_HARP_MATILLION.DIVISION
Table Count in Snowflake:: 4
Executing Snowflake query :: select count(*) as TOTAL from CURATED_DATAMART.ST_BKP_HARP.STR_DIVISION Where ACTIVE_FLAG='Y'
Table Count in Snowflake:: 4
Executing Snowflake query :: select count(*) as TOTAL from DEV_ENT_CURATED.MASTER_DIMENSIONS.DIM_DIVISION where tenant_type='HARP' and RECORD_UPDATED_BY='Backup Table'
Table Count in Snowflake:: 4
Row Count of Table DIVISION is matched for RAW :: 4 DataMart :: 4 CURATED :: 4]]>
  </system-out>
  <testcase classname="testcases.RAW_DATAMART_CURATED.SnowFlake_RowCount_v1" name="validateColumnName_BKP" time="1.899"/>
  <system-out>
    <![CDATA[Executing Snowflake query :: SELECT count(*) as TOTAL FROM DEV_ENT_RAW.ST_MAITZ_MATILLION.TRUCK
Table Count in Snowflake:: 47
Executing Snowflake query :: select count(*) as TOTAL from CURATED_DATAMART.ST_BKP_MAITZ.STR_TRUCK Where ACTIVE_FLAG='Y'
Table Count in Snowflake:: 47
Executing Snowflake query :: select count(*) as TOTAL from DEV_ENT_CURATED.MASTER_DIMENSIONS.DIM_TRUCK where tenant_type='MAITZ' and RECORD_UPDATED_BY='Backup Table'
Table Count in Snowflake:: 47
Row Count of Table TRUCK is matched for RAW :: 47 DataMart :: 47 CURATED :: 47]]>
  </system-out>
  <testcase classname="testcases.RAW_DATAMART_CURATED.SnowFlake_RowCount_v1" name="validateColumnName_BKP" time="2.248">
    <failure message="The following asserts failed:
	null" type="java.lang.AssertionError">
      <![CDATA[java.lang.AssertionError: The following asserts failed:
null
at org.testng.asserts.SoftAssert.assertAll(SoftAssert.java:47)
at org.testng.asserts.SoftAssert.assertAll(SoftAssert.java:31)
at testcases.RAW_DATAMART_CURATED.SnowFlake_RowCount_v1.validateColumnName_BKP(SnowFlake_RowCount_v1.java:39)
at jdk.internal.reflect.GeneratedMethodAccessor38.invoke(Unknown Source)
at java.base/jdk.internal.reflect.DelegatingMethodAccessorImpl.invoke(DelegatingMethodAccessorImpl.java:43)
at java.base/java.lang.reflect.Method.invoke(Method.java:568)
at org.testng.internal.MethodInvocationHelper.invokeMethod(MethodInvocationHelper.java:133)
at org.testng.internal.TestInvoker.invokeMethod(TestInvoker.java:598)
at org.testng.internal.TestInvoker.invokeTestMethod(TestInvoker.java:173)
at org.testng.internal.MethodRunner.runInSequence(MethodRunner.java:46)
at org.testng.internal.TestInvoker$MethodInvocationAgent.invoke(TestInvoker.java:824)
at org.testng.internal.TestInvoker.invokeTestMethods(TestInvoker.java:146)
at org.testng.internal.TestMethodWorker.invokeTestMethods(TestMethodWorker.java:146)
at org.testng.internal.TestMethodWorker.run(TestMethodWorker.java:128)
at java.base/java.util.ArrayList.forEach(ArrayList.java:1511)
at org.testng.TestRunner.privateRun(TestRunner.java:794)
at org.testng.TestRunner.run(TestRunner.java:596)
at org.testng.SuiteRunner.runTest(SuiteRunner.java:377)
at org.testng.SuiteRunner.runSequentially(SuiteRunner.java:371)
at org.testng.SuiteRunner.privateRun(SuiteRunner.java:332)
at org.testng.SuiteRunner.run(SuiteRunner.java:276)
at org.testng.SuiteRunnerWorker.runSuite(SuiteRunnerWorker.java:53)
at org.testng.SuiteRunnerWorker.run(SuiteRunnerWorker.java:96)
at org.testng.TestNG.runSuitesSequentially(TestNG.java:1212)
at org.testng.TestNG.runSuitesLocally(TestNG.java:1134)
at org.testng.TestNG.runSuites(TestNG.java:1063)
at org.testng.TestNG.run(TestNG.java:1031)
at org.testng.remote.AbstractRemoteTestNG.run(AbstractRemoteTestNG.java:115)
at org.testng.remote.RemoteTestNG.initAndRun(RemoteTestNG.java:251)
at org.testng.remote.RemoteTestNG.main(RemoteTestNG.java:77)
]]>
    </failure>
  </testcase> <!-- validateColumnName_BKP -->
  <system-out>
    <![CDATA[Executing Snowflake query :: SELECT count(*) as TOTAL FROM DEV_ENT_RAW.ST_HDAIR_MATILLION.GROSSPAYITEM
Snowflake - SQLException at readDB() method :: SQL compilation error:
Object 'DEV_ENT_RAW.ST_HDAIR_MATILLION.GROSSPAYITEM' does not exist or not authorized.
Executing Snowflake query :: select count(*) as TOTAL from CURATED_DATAMART.ST_BKP_HDAIR.STR_GROSSPAYITEM Where ACTIVE_FLAG='Y'
Table Count in Snowflake:: 113362
Executing Snowflake query :: select count(*) as TOTAL from DEV_ENT_CURATED.MASTER_DIMENSIONS.DIM_GROSSPAYITEM where tenant_type='HDAIR' and RECORD_UPDATED_BY='Backup Table'
Table Count in Snowflake:: 113362
Row Count of Table GROSSPAYITEM is matched for RAW :: 0 DataMart :: 113362 CURATED :: 113362]]>
  </system-out>
  <testcase classname="testcases.RAW_DATAMART_CURATED.SnowFlake_RowCount_v1" name="validateColumnName_BKP" time="1.445"/>
  <system-out>
    <![CDATA[Executing Snowflake query :: SELECT count(*) as TOTAL FROM DEV_ENT_RAW.ST_SNELLHEATINGAIR_MATILLION.OVERTIMEPROFILE
Table Count in Snowflake:: 6
Executing Snowflake query :: select count(*) as TOTAL from CURATED_DATAMART.ST_BKP_SNELLHEATINGAIR.STR_OVERTIMEPROFILE Where ACTIVE_FLAG='Y'
Table Count in Snowflake:: 6
Executing Snowflake query :: select count(*) as TOTAL from DEV_ENT_CURATED.MASTER_DIMENSIONS.DIM_OVERTIMEPROFILE where tenant_type='SNELLHEATINGAIR' and RECORD_UPDATED_BY='Backup Table'
Table Count in Snowflake:: 6
Row Count of Table OVERTIMEPROFILE is matched for RAW :: 6 DataMart :: 6 CURATED :: 6]]>
  </system-out>
  <testcase classname="testcases.RAW_DATAMART_CURATED.SnowFlake_RowCount_v1" name="validateColumnName_BKP" time="1.638">
    <failure message="The following asserts failed:
	null,
	null" type="java.lang.AssertionError">
      <![CDATA[java.lang.AssertionError: The following asserts failed:
null,
null
at org.testng.asserts.SoftAssert.assertAll(SoftAssert.java:47)
at org.testng.asserts.SoftAssert.assertAll(SoftAssert.java:31)
at testcases.RAW_DATAMART_CURATED.SnowFlake_RowCount_v1.validateColumnName_BKP(SnowFlake_RowCount_v1.java:39)
at jdk.internal.reflect.GeneratedMethodAccessor38.invoke(Unknown Source)
at java.base/jdk.internal.reflect.DelegatingMethodAccessorImpl.invoke(DelegatingMethodAccessorImpl.java:43)
at java.base/java.lang.reflect.Method.invoke(Method.java:568)
at org.testng.internal.MethodInvocationHelper.invokeMethod(MethodInvocationHelper.java:133)
at org.testng.internal.TestInvoker.invokeMethod(TestInvoker.java:598)
at org.testng.internal.TestInvoker.invokeTestMethod(TestInvoker.java:173)
at org.testng.internal.MethodRunner.runInSequence(MethodRunner.java:46)
at org.testng.internal.TestInvoker$MethodInvocationAgent.invoke(TestInvoker.java:824)
at org.testng.internal.TestInvoker.invokeTestMethods(TestInvoker.java:146)
at org.testng.internal.TestMethodWorker.invokeTestMethods(TestMethodWorker.java:146)
at org.testng.internal.TestMethodWorker.run(TestMethodWorker.java:128)
at java.base/java.util.ArrayList.forEach(ArrayList.java:1511)
at org.testng.TestRunner.privateRun(TestRunner.java:794)
at org.testng.TestRunner.run(TestRunner.java:596)
at org.testng.SuiteRunner.runTest(SuiteRunner.java:377)
at org.testng.SuiteRunner.runSequentially(SuiteRunner.java:371)
at org.testng.SuiteRunner.privateRun(SuiteRunner.java:332)
at org.testng.SuiteRunner.run(SuiteRunner.java:276)
at org.testng.SuiteRunnerWorker.runSuite(SuiteRunnerWorker.java:53)
at org.testng.SuiteRunnerWorker.run(SuiteRunnerWorker.java:96)
at org.testng.TestNG.runSuitesSequentially(TestNG.java:1212)
at org.testng.TestNG.runSuitesLocally(TestNG.java:1134)
at org.testng.TestNG.runSuites(TestNG.java:1063)
at org.testng.TestNG.run(TestNG.java:1031)
at org.testng.remote.AbstractRemoteTestNG.run(AbstractRemoteTestNG.java:115)
at org.testng.remote.RemoteTestNG.initAndRun(RemoteTestNG.java:251)
at org.testng.remote.RemoteTestNG.main(RemoteTestNG.java:77)
]]>
    </failure>
  </testcase> <!-- validateColumnName_BKP -->
  <system-out>
    <![CDATA[Executing Snowflake query :: SELECT count(*) as TOTAL FROM DEV_ENT_RAW.ST_SNELLHEATINGAIR_MATILLION.TECHNICIANATTACHEDPROPERTY
Table Count in Snowflake:: 911
Executing Snowflake query :: select count(*) as TOTAL from CURATED_DATAMART.ST_BKP_SNELLHEATINGAIR.STR_TECHNICIANATTACHEDPROPERTY Where ACTIVE_FLAG='Y'
Table Count in Snowflake:: 911
Executing Snowflake query :: select count(*) as TOTAL from DEV_ENT_CURATED.MASTER_DIMENSIONS.DIM_TECHNICIANATTACHEDPROPERTY where tenant_type='SNELLHEATINGAIR' and RECORD_UPDATED_BY='Backup Table'
Snowflake - SQLException at readDB() method :: SQL compilation error: error line 1 at position 135
invalid identifier 'RECORD_UPDATED_BY'
Row Count of Table TECHNICIANATTACHEDPROPERTY is not matched for RAW :: 911 DataMart :: 911 CURATED :: 0]]>
  </system-out>
  <testcase classname="testcases.RAW_DATAMART_CURATED.SnowFlake_RowCount_v1" name="validateColumnName_BKP" time="1.299"/>
  <system-out>
    <![CDATA[Executing Snowflake query :: SELECT count(*) as TOTAL FROM DEV_ENT_RAW.ST_HORIZONSERVICES_MATILLION.JOBCANCELEDLOG
Table Count in Snowflake:: 85522
Executing Snowflake query :: select count(*) as TOTAL from CURATED_DATAMART.ST_BKP_HORIZONSERVICES.STR_JOBCANCELEDLOG Where ACTIVE_FLAG='Y'
Table Count in Snowflake:: 85522
Executing Snowflake query :: select count(*) as TOTAL from DEV_ENT_CURATED.MASTER_DIMENSIONS.DIM_JOBCANCELEDLOG where tenant_type='HORIZONSERVICES' and RECORD_UPDATED_BY='Backup Table'
Table Count in Snowflake:: 85522
Row Count of Table JOBCANCELEDLOG is matched for RAW :: 85522 DataMart :: 85522 CURATED :: 85522]]>
  </system-out>
  <testcase classname="testcases.RAW_DATAMART_CURATED.SnowFlake_RowCount_v1" name="validateColumnName_BKP" time="2.265">
    <failure message="The following asserts failed:
	null" type="java.lang.AssertionError">
      <![CDATA[java.lang.AssertionError: The following asserts failed:
null
at org.testng.asserts.SoftAssert.assertAll(SoftAssert.java:47)
at org.testng.asserts.SoftAssert.assertAll(SoftAssert.java:31)
at testcases.RAW_DATAMART_CURATED.SnowFlake_RowCount_v1.validateColumnName_BKP(SnowFlake_RowCount_v1.java:39)
at jdk.internal.reflect.GeneratedMethodAccessor38.invoke(Unknown Source)
at java.base/jdk.internal.reflect.DelegatingMethodAccessorImpl.invoke(DelegatingMethodAccessorImpl.java:43)
at java.base/java.lang.reflect.Method.invoke(Method.java:568)
at org.testng.internal.MethodInvocationHelper.invokeMethod(MethodInvocationHelper.java:133)
at org.testng.internal.TestInvoker.invokeMethod(TestInvoker.java:598)
at org.testng.internal.TestInvoker.invokeTestMethod(TestInvoker.java:173)
at org.testng.internal.MethodRunner.runInSequence(MethodRunner.java:46)
at org.testng.internal.TestInvoker$MethodInvocationAgent.invoke(TestInvoker.java:824)
at org.testng.internal.TestInvoker.invokeTestMethods(TestInvoker.java:146)
at org.testng.internal.TestMethodWorker.invokeTestMethods(TestMethodWorker.java:146)
at org.testng.internal.TestMethodWorker.run(TestMethodWorker.java:128)
at java.base/java.util.ArrayList.forEach(ArrayList.java:1511)
at org.testng.TestRunner.privateRun(TestRunner.java:794)
at org.testng.TestRunner.run(TestRunner.java:596)
at org.testng.SuiteRunner.runTest(SuiteRunner.java:377)
at org.testng.SuiteRunner.runSequentially(SuiteRunner.java:371)
at org.testng.SuiteRunner.privateRun(SuiteRunner.java:332)
at org.testng.SuiteRunner.run(SuiteRunner.java:276)
at org.testng.SuiteRunnerWorker.runSuite(SuiteRunnerWorker.java:53)
at org.testng.SuiteRunnerWorker.run(SuiteRunnerWorker.java:96)
at org.testng.TestNG.runSuitesSequentially(TestNG.java:1212)
at org.testng.TestNG.runSuitesLocally(TestNG.java:1134)
at org.testng.TestNG.runSuites(TestNG.java:1063)
at org.testng.TestNG.run(TestNG.java:1031)
at org.testng.remote.AbstractRemoteTestNG.run(AbstractRemoteTestNG.java:115)
at org.testng.remote.RemoteTestNG.initAndRun(RemoteTestNG.java:251)
at org.testng.remote.RemoteTestNG.main(RemoteTestNG.java:77)
]]>
    </failure>
  </testcase> <!-- validateColumnName_BKP -->
  <system-out>
    <![CDATA[Executing Snowflake query :: SELECT count(*) as TOTAL FROM DEV_ENT_RAW.ST_GOLDMEDAL_MATILLION.JOBCANCELEDLOG
Table Count in Snowflake:: 117474
Executing Snowflake query :: select count(*) as TOTAL from CURATED_DATAMART.ST_BKP_GOLDMEDAL.STR_JOBCANCELEDLOG Where ACTIVE_FLAG='Y'
Table Count in Snowflake:: 117398
Executing Snowflake query :: select count(*) as TOTAL from DEV_ENT_CURATED.MASTER_DIMENSIONS.DIM_JOBCANCELEDLOG where tenant_type='GOLDMEDAL' and RECORD_UPDATED_BY='Backup Table'
Table Count in Snowflake:: 117398
Row Count of Table JOBCANCELEDLOG is not matched for RAW :: 117474 DataMart :: 117398 CURATED :: 117398]]>
  </system-out>
  <testcase classname="testcases.RAW_DATAMART_CURATED.SnowFlake_RowCount_v1" name="validateColumnName_BKP" time="1.562"/>
  <system-out>
    <![CDATA[Executing Snowflake query :: SELECT count(*) as TOTAL FROM DEV_ENT_RAW.ST_HORIZONSERVICES_MATILLION.GROSSPAYITEM
Table Count in Snowflake:: 2395663
Executing Snowflake query :: select count(*) as TOTAL from CURATED_DATAMART.ST_BKP_HORIZONSERVICES.STR_GROSSPAYITEM Where ACTIVE_FLAG='Y'
Table Count in Snowflake:: 2395663
Executing Snowflake query :: select count(*) as TOTAL from DEV_ENT_CURATED.MASTER_DIMENSIONS.DIM_GROSSPAYITEM where tenant_type='HORIZONSERVICES' and RECORD_UPDATED_BY='Backup Table'
Table Count in Snowflake:: 2395663
Row Count of Table GROSSPAYITEM is matched for RAW :: 2395663 DataMart :: 2395663 CURATED :: 2395663]]>
  </system-out>
  <testcase classname="testcases.RAW_DATAMART_CURATED.SnowFlake_RowCount_v1" name="validateColumnName_BKP" time="1.441"/>
  <system-out>
    <![CDATA[Executing Snowflake query :: SELECT count(*) as TOTAL FROM DEV_ENT_RAW.ST_GOLDMEDAL_MATILLION.PAYROLLPROFILE
Table Count in Snowflake:: 3
Executing Snowflake query :: select count(*) as TOTAL from CURATED_DATAMART.ST_BKP_GOLDMEDAL.STR_PAYROLLPROFILE Where ACTIVE_FLAG='Y'
Table Count in Snowflake:: 3
Executing Snowflake query :: select count(*) as TOTAL from DEV_ENT_CURATED.MASTER_DIMENSIONS.DIM_PAYROLLPROFILE where tenant_type='GOLDMEDAL' and RECORD_UPDATED_BY='Backup Table'
Table Count in Snowflake:: 3
Row Count of Table PAYROLLPROFILE is matched for RAW :: 3 DataMart :: 3 CURATED :: 3]]>
  </system-out>
  <testcase classname="testcases.RAW_DATAMART_CURATED.SnowFlake_RowCount_v1" name="validateColumnName_BKP" time="1.848">
    <failure message="The following asserts failed:
	null" type="java.lang.AssertionError">
      <![CDATA[java.lang.AssertionError: The following asserts failed:
null
at org.testng.asserts.SoftAssert.assertAll(SoftAssert.java:47)
at org.testng.asserts.SoftAssert.assertAll(SoftAssert.java:31)
at testcases.RAW_DATAMART_CURATED.SnowFlake_RowCount_v1.validateColumnName_BKP(SnowFlake_RowCount_v1.java:39)
at jdk.internal.reflect.GeneratedMethodAccessor38.invoke(Unknown Source)
at java.base/jdk.internal.reflect.DelegatingMethodAccessorImpl.invoke(DelegatingMethodAccessorImpl.java:43)
at java.base/java.lang.reflect.Method.invoke(Method.java:568)
at org.testng.internal.MethodInvocationHelper.invokeMethod(MethodInvocationHelper.java:133)
at org.testng.internal.TestInvoker.invokeMethod(TestInvoker.java:598)
at org.testng.internal.TestInvoker.invokeTestMethod(TestInvoker.java:173)
at org.testng.internal.MethodRunner.runInSequence(MethodRunner.java:46)
at org.testng.internal.TestInvoker$MethodInvocationAgent.invoke(TestInvoker.java:824)
at org.testng.internal.TestInvoker.invokeTestMethods(TestInvoker.java:146)
at org.testng.internal.TestMethodWorker.invokeTestMethods(TestMethodWorker.java:146)
at org.testng.internal.TestMethodWorker.run(TestMethodWorker.java:128)
at java.base/java.util.ArrayList.forEach(ArrayList.java:1511)
at org.testng.TestRunner.privateRun(TestRunner.java:794)
at org.testng.TestRunner.run(TestRunner.java:596)
at org.testng.SuiteRunner.runTest(SuiteRunner.java:377)
at org.testng.SuiteRunner.runSequentially(SuiteRunner.java:371)
at org.testng.SuiteRunner.privateRun(SuiteRunner.java:332)
at org.testng.SuiteRunner.run(SuiteRunner.java:276)
at org.testng.SuiteRunnerWorker.runSuite(SuiteRunnerWorker.java:53)
at org.testng.SuiteRunnerWorker.run(SuiteRunnerWorker.java:96)
at org.testng.TestNG.runSuitesSequentially(TestNG.java:1212)
at org.testng.TestNG.runSuitesLocally(TestNG.java:1134)
at org.testng.TestNG.runSuites(TestNG.java:1063)
at org.testng.TestNG.run(TestNG.java:1031)
at org.testng.remote.AbstractRemoteTestNG.run(AbstractRemoteTestNG.java:115)
at org.testng.remote.RemoteTestNG.initAndRun(RemoteTestNG.java:251)
at org.testng.remote.RemoteTestNG.main(RemoteTestNG.java:77)
]]>
    </failure>
  </testcase> <!-- validateColumnName_BKP -->
  <system-out>
    <![CDATA[Executing Snowflake query :: SELECT count(*) as TOTAL FROM DEV_ENT_RAW.ST_EANESHEATING_MATILLION.COUNTERSALESLOCATION
Snowflake - SQLException at readDB() method :: SQL compilation error:
Object 'DEV_ENT_RAW.ST_EANESHEATING_MATILLION.COUNTERSALESLOCATION' does not exist or not authorized.
Executing Snowflake query :: select count(*) as TOTAL from CURATED_DATAMART.ST_BKP_EANESHEATING.STR_COUNTERSALESLOCATION Where ACTIVE_FLAG='Y'
Table Count in Snowflake:: 3
Executing Snowflake query :: select count(*) as TOTAL from DEV_ENT_CURATED.MASTER_DIMENSIONS.DIM_COUNTERSALESLOCATION where tenant_type='EANESHEATING' and RECORD_UPDATED_BY='Backup Table'
Table Count in Snowflake:: 3
Row Count of Table COUNTERSALESLOCATION is matched for RAW :: 0 DataMart :: 3 CURATED :: 3]]>
  </system-out>
  <testcase classname="testcases.RAW_DATAMART_CURATED.SnowFlake_RowCount_v1" name="validateColumnName_BKP" time="1.481"/>
  <system-out>
    <![CDATA[Executing Snowflake query :: SELECT count(*) as TOTAL FROM DEV_ENT_RAW.ST_CASTEEL_MATILLION.PAYROLLPROFILE
Table Count in Snowflake:: 1
Executing Snowflake query :: select count(*) as TOTAL from CURATED_DATAMART.ST_BKP_CASTEEL.STR_PAYROLLPROFILE Where ACTIVE_FLAG='Y'
Table Count in Snowflake:: 1
Executing Snowflake query :: select count(*) as TOTAL from DEV_ENT_CURATED.MASTER_DIMENSIONS.DIM_PAYROLLPROFILE where tenant_type='CASTEEL' and RECORD_UPDATED_BY='Backup Table'
Table Count in Snowflake:: 1
Row Count of Table PAYROLLPROFILE is matched for RAW :: 1 DataMart :: 1 CURATED :: 1]]>
  </system-out>
  <testcase classname="testcases.RAW_DATAMART_CURATED.SnowFlake_RowCount_v1" name="validateColumnName_BKP" time="1.624">
    <failure message="The following asserts failed:
	null" type="java.lang.AssertionError">
      <![CDATA[java.lang.AssertionError: The following asserts failed:
null
at org.testng.asserts.SoftAssert.assertAll(SoftAssert.java:47)
at org.testng.asserts.SoftAssert.assertAll(SoftAssert.java:31)
at testcases.RAW_DATAMART_CURATED.SnowFlake_RowCount_v1.validateColumnName_BKP(SnowFlake_RowCount_v1.java:39)
at jdk.internal.reflect.GeneratedMethodAccessor38.invoke(Unknown Source)
at java.base/jdk.internal.reflect.DelegatingMethodAccessorImpl.invoke(DelegatingMethodAccessorImpl.java:43)
at java.base/java.lang.reflect.Method.invoke(Method.java:568)
at org.testng.internal.MethodInvocationHelper.invokeMethod(MethodInvocationHelper.java:133)
at org.testng.internal.TestInvoker.invokeMethod(TestInvoker.java:598)
at org.testng.internal.TestInvoker.invokeTestMethod(TestInvoker.java:173)
at org.testng.internal.MethodRunner.runInSequence(MethodRunner.java:46)
at org.testng.internal.TestInvoker$MethodInvocationAgent.invoke(TestInvoker.java:824)
at org.testng.internal.TestInvoker.invokeTestMethods(TestInvoker.java:146)
at org.testng.internal.TestMethodWorker.invokeTestMethods(TestMethodWorker.java:146)
at org.testng.internal.TestMethodWorker.run(TestMethodWorker.java:128)
at java.base/java.util.ArrayList.forEach(ArrayList.java:1511)
at org.testng.TestRunner.privateRun(TestRunner.java:794)
at org.testng.TestRunner.run(TestRunner.java:596)
at org.testng.SuiteRunner.runTest(SuiteRunner.java:377)
at org.testng.SuiteRunner.runSequentially(SuiteRunner.java:371)
at org.testng.SuiteRunner.privateRun(SuiteRunner.java:332)
at org.testng.SuiteRunner.run(SuiteRunner.java:276)
at org.testng.SuiteRunnerWorker.runSuite(SuiteRunnerWorker.java:53)
at org.testng.SuiteRunnerWorker.run(SuiteRunnerWorker.java:96)
at org.testng.TestNG.runSuitesSequentially(TestNG.java:1212)
at org.testng.TestNG.runSuitesLocally(TestNG.java:1134)
at org.testng.TestNG.runSuites(TestNG.java:1063)
at org.testng.TestNG.run(TestNG.java:1031)
at org.testng.remote.AbstractRemoteTestNG.run(AbstractRemoteTestNG.java:115)
at org.testng.remote.RemoteTestNG.initAndRun(RemoteTestNG.java:251)
at org.testng.remote.RemoteTestNG.main(RemoteTestNG.java:77)
]]>
    </failure>
  </testcase> <!-- validateColumnName_BKP -->
  <system-out>
    <![CDATA[Executing Snowflake query :: SELECT count(*) as TOTAL FROM DEV_ENT_RAW.ST_HUTCHINSON_MATILLION.JOBAPPOINTMENTASSIGNMENT
Table Count in Snowflake:: 1128857
Executing Snowflake query :: select count(*) as TOTAL from CURATED_DATAMART.ST_BKP_HUTCHINSON.STR_JOBAPPOINTMENTASSIGNMENT Where ACTIVE_FLAG='Y'
Table Count in Snowflake:: 1128766
Executing Snowflake query :: select count(*) as TOTAL from DEV_ENT_CURATED.MASTER_DIMENSIONS.DIM_JOBAPPOINTMENTASSIGNMENT where tenant_type='HUTCHINSON' and RECORD_UPDATED_BY='Backup Table'
Table Count in Snowflake:: 1128766
Row Count of Table JOBAPPOINTMENTASSIGNMENT is not matched for RAW :: 1128857 DataMart :: 1128766 CURATED :: 1128766]]>
  </system-out>
  <testcase classname="testcases.RAW_DATAMART_CURATED.SnowFlake_RowCount_v1" name="validateColumnName_BKP" time="1.745">
    <failure message="The following asserts failed:
	null" type="java.lang.AssertionError">
      <![CDATA[java.lang.AssertionError: The following asserts failed:
null
at org.testng.asserts.SoftAssert.assertAll(SoftAssert.java:47)
at org.testng.asserts.SoftAssert.assertAll(SoftAssert.java:31)
at testcases.RAW_DATAMART_CURATED.SnowFlake_RowCount_v1.validateColumnName_BKP(SnowFlake_RowCount_v1.java:39)
at jdk.internal.reflect.GeneratedMethodAccessor38.invoke(Unknown Source)
at java.base/jdk.internal.reflect.DelegatingMethodAccessorImpl.invoke(DelegatingMethodAccessorImpl.java:43)
at java.base/java.lang.reflect.Method.invoke(Method.java:568)
at org.testng.internal.MethodInvocationHelper.invokeMethod(MethodInvocationHelper.java:133)
at org.testng.internal.TestInvoker.invokeMethod(TestInvoker.java:598)
at org.testng.internal.TestInvoker.invokeTestMethod(TestInvoker.java:173)
at org.testng.internal.MethodRunner.runInSequence(MethodRunner.java:46)
at org.testng.internal.TestInvoker$MethodInvocationAgent.invoke(TestInvoker.java:824)
at org.testng.internal.TestInvoker.invokeTestMethods(TestInvoker.java:146)
at org.testng.internal.TestMethodWorker.invokeTestMethods(TestMethodWorker.java:146)
at org.testng.internal.TestMethodWorker.run(TestMethodWorker.java:128)
at java.base/java.util.ArrayList.forEach(ArrayList.java:1511)
at org.testng.TestRunner.privateRun(TestRunner.java:794)
at org.testng.TestRunner.run(TestRunner.java:596)
at org.testng.SuiteRunner.runTest(SuiteRunner.java:377)
at org.testng.SuiteRunner.runSequentially(SuiteRunner.java:371)
at org.testng.SuiteRunner.privateRun(SuiteRunner.java:332)
at org.testng.SuiteRunner.run(SuiteRunner.java:276)
at org.testng.SuiteRunnerWorker.runSuite(SuiteRunnerWorker.java:53)
at org.testng.SuiteRunnerWorker.run(SuiteRunnerWorker.java:96)
at org.testng.TestNG.runSuitesSequentially(TestNG.java:1212)
at org.testng.TestNG.runSuitesLocally(TestNG.java:1134)
at org.testng.TestNG.runSuites(TestNG.java:1063)
at org.testng.TestNG.run(TestNG.java:1031)
at org.testng.remote.AbstractRemoteTestNG.run(AbstractRemoteTestNG.java:115)
at org.testng.remote.RemoteTestNG.initAndRun(RemoteTestNG.java:251)
at org.testng.remote.RemoteTestNG.main(RemoteTestNG.java:77)
]]>
    </failure>
  </testcase> <!-- validateColumnName_BKP -->
  <system-out>
    <![CDATA[Executing Snowflake query :: SELECT count(*) as TOTAL FROM DEV_ENT_RAW.ST_HUTCHINSON_MATILLION.OPPORTUNITY
Table Count in Snowflake:: 1160019
Executing Snowflake query :: select count(*) as TOTAL from CURATED_DATAMART.ST_BKP_HUTCHINSON.STR_OPPORTUNITY Where ACTIVE_FLAG='Y'
Table Count in Snowflake:: 1159989
Executing Snowflake query :: select count(*) as TOTAL from DEV_ENT_CURATED.MASTER_DIMENSIONS.DIM_OPPORTUNITY where tenant_type='HUTCHINSON' and RECORD_UPDATED_BY='Backup Table'
Table Count in Snowflake:: 1159989
Row Count of Table OPPORTUNITY is not matched for RAW :: 1160019 DataMart :: 1159989 CURATED :: 1159989]]>
  </system-out>
  <testcase classname="testcases.RAW_DATAMART_CURATED.SnowFlake_RowCount_v1" name="validateColumnName_BKP" time="1.230"/>
  <system-out>
    <![CDATA[Executing Snowflake query :: SELECT count(*) as TOTAL FROM DEV_ENT_RAW.ST_HARP_MATILLION.PAYROLLPROFILE
Table Count in Snowflake:: 1
Executing Snowflake query :: select count(*) as TOTAL from CURATED_DATAMART.ST_BKP_HARP.STR_PAYROLLPROFILE Where ACTIVE_FLAG='Y'
Table Count in Snowflake:: 1
Executing Snowflake query :: select count(*) as TOTAL from DEV_ENT_CURATED.MASTER_DIMENSIONS.DIM_PAYROLLPROFILE where tenant_type='HARP' and RECORD_UPDATED_BY='Backup Table'
Table Count in Snowflake:: 1
Row Count of Table PAYROLLPROFILE is matched for RAW :: 1 DataMart :: 1 CURATED :: 1]]>
  </system-out>
  <testcase classname="testcases.RAW_DATAMART_CURATED.SnowFlake_RowCount_v1" name="validateColumnName_BKP" time="1.677">
    <failure message="The following asserts failed:
	null,
	null" type="java.lang.AssertionError">
      <![CDATA[java.lang.AssertionError: The following asserts failed:
null,
null
at org.testng.asserts.SoftAssert.assertAll(SoftAssert.java:47)
at org.testng.asserts.SoftAssert.assertAll(SoftAssert.java:31)
at testcases.RAW_DATAMART_CURATED.SnowFlake_RowCount_v1.validateColumnName_BKP(SnowFlake_RowCount_v1.java:39)
at jdk.internal.reflect.GeneratedMethodAccessor38.invoke(Unknown Source)
at java.base/jdk.internal.reflect.DelegatingMethodAccessorImpl.invoke(DelegatingMethodAccessorImpl.java:43)
at java.base/java.lang.reflect.Method.invoke(Method.java:568)
at org.testng.internal.MethodInvocationHelper.invokeMethod(MethodInvocationHelper.java:133)
at org.testng.internal.TestInvoker.invokeMethod(TestInvoker.java:598)
at org.testng.internal.TestInvoker.invokeTestMethod(TestInvoker.java:173)
at org.testng.internal.MethodRunner.runInSequence(MethodRunner.java:46)
at org.testng.internal.TestInvoker$MethodInvocationAgent.invoke(TestInvoker.java:824)
at org.testng.internal.TestInvoker.invokeTestMethods(TestInvoker.java:146)
at org.testng.internal.TestMethodWorker.invokeTestMethods(TestMethodWorker.java:146)
at org.testng.internal.TestMethodWorker.run(TestMethodWorker.java:128)
at java.base/java.util.ArrayList.forEach(ArrayList.java:1511)
at org.testng.TestRunner.privateRun(TestRunner.java:794)
at org.testng.TestRunner.run(TestRunner.java:596)
at org.testng.SuiteRunner.runTest(SuiteRunner.java:377)
at org.testng.SuiteRunner.runSequentially(SuiteRunner.java:371)
at org.testng.SuiteRunner.privateRun(SuiteRunner.java:332)
at org.testng.SuiteRunner.run(SuiteRunner.java:276)
at org.testng.SuiteRunnerWorker.runSuite(SuiteRunnerWorker.java:53)
at org.testng.SuiteRunnerWorker.run(SuiteRunnerWorker.java:96)
at org.testng.TestNG.runSuitesSequentially(TestNG.java:1212)
at org.testng.TestNG.runSuitesLocally(TestNG.java:1134)
at org.testng.TestNG.runSuites(TestNG.java:1063)
at org.testng.TestNG.run(TestNG.java:1031)
at org.testng.remote.AbstractRemoteTestNG.run(AbstractRemoteTestNG.java:115)
at org.testng.remote.RemoteTestNG.initAndRun(RemoteTestNG.java:251)
at org.testng.remote.RemoteTestNG.main(RemoteTestNG.java:77)
]]>
    </failure>
  </testcase> <!-- validateColumnName_BKP -->
  <system-out>
    <![CDATA[Executing Snowflake query :: SELECT count(*) as TOTAL FROM DEV_ENT_RAW.ST_MAITZ_MATILLION.TECHNICIANPAYROLL
Table Count in Snowflake:: 1392
Executing Snowflake query :: select count(*) as TOTAL from CURATED_DATAMART.ST_BKP_MAITZ.STR_TECHNICIANPAYROLL Where ACTIVE_FLAG='Y'
Table Count in Snowflake:: 1392
Executing Snowflake query :: select count(*) as TOTAL from DEV_ENT_CURATED.MASTER_DIMENSIONS.DIM_TECHNICIANPAYROLL where tenant_type='MAITZ' and RECORD_UPDATED_BY='Backup Table'
Snowflake - SQLException at readDB() method :: SQL compilation error: error line 1 at position 116
invalid identifier 'RECORD_UPDATED_BY'
Row Count of Table TECHNICIANPAYROLL is not matched for RAW :: 1392 DataMart :: 1392 CURATED :: 0]]>
  </system-out>
  <testcase classname="testcases.RAW_DATAMART_CURATED.SnowFlake_RowCount_v1" name="validateColumnName_BKP" time="1.844">
    <failure message="The following asserts failed:
	null,
	null" type="java.lang.AssertionError">
      <![CDATA[java.lang.AssertionError: The following asserts failed:
null,
null
at org.testng.asserts.SoftAssert.assertAll(SoftAssert.java:47)
at org.testng.asserts.SoftAssert.assertAll(SoftAssert.java:31)
at testcases.RAW_DATAMART_CURATED.SnowFlake_RowCount_v1.validateColumnName_BKP(SnowFlake_RowCount_v1.java:39)
at jdk.internal.reflect.GeneratedMethodAccessor38.invoke(Unknown Source)
at java.base/jdk.internal.reflect.DelegatingMethodAccessorImpl.invoke(DelegatingMethodAccessorImpl.java:43)
at java.base/java.lang.reflect.Method.invoke(Method.java:568)
at org.testng.internal.MethodInvocationHelper.invokeMethod(MethodInvocationHelper.java:133)
at org.testng.internal.TestInvoker.invokeMethod(TestInvoker.java:598)
at org.testng.internal.TestInvoker.invokeTestMethod(TestInvoker.java:173)
at org.testng.internal.MethodRunner.runInSequence(MethodRunner.java:46)
at org.testng.internal.TestInvoker$MethodInvocationAgent.invoke(TestInvoker.java:824)
at org.testng.internal.TestInvoker.invokeTestMethods(TestInvoker.java:146)
at org.testng.internal.TestMethodWorker.invokeTestMethods(TestMethodWorker.java:146)
at org.testng.internal.TestMethodWorker.run(TestMethodWorker.java:128)
at java.base/java.util.ArrayList.forEach(ArrayList.java:1511)
at org.testng.TestRunner.privateRun(TestRunner.java:794)
at org.testng.TestRunner.run(TestRunner.java:596)
at org.testng.SuiteRunner.runTest(SuiteRunner.java:377)
at org.testng.SuiteRunner.runSequentially(SuiteRunner.java:371)
at org.testng.SuiteRunner.privateRun(SuiteRunner.java:332)
at org.testng.SuiteRunner.run(SuiteRunner.java:276)
at org.testng.SuiteRunnerWorker.runSuite(SuiteRunnerWorker.java:53)
at org.testng.SuiteRunnerWorker.run(SuiteRunnerWorker.java:96)
at org.testng.TestNG.runSuitesSequentially(TestNG.java:1212)
at org.testng.TestNG.runSuitesLocally(TestNG.java:1134)
at org.testng.TestNG.runSuites(TestNG.java:1063)
at org.testng.TestNG.run(TestNG.java:1031)
at org.testng.remote.AbstractRemoteTestNG.run(AbstractRemoteTestNG.java:115)
at org.testng.remote.RemoteTestNG.initAndRun(RemoteTestNG.java:251)
at org.testng.remote.RemoteTestNG.main(RemoteTestNG.java:77)
]]>
    </failure>
  </testcase> <!-- validateColumnName_BKP -->
  <system-out>
    <![CDATA[Executing Snowflake query :: SELECT count(*) as TOTAL FROM DEV_ENT_RAW.ST_HENDERSON_MATILLION.TECHNICIANATTACHEDPROPERTY
Table Count in Snowflake:: 817
Executing Snowflake query :: select count(*) as TOTAL from CURATED_DATAMART.ST_BKP_HENDERSON.STR_TECHNICIANATTACHEDPROPERTY Where ACTIVE_FLAG='Y'
Table Count in Snowflake:: 817
Executing Snowflake query :: select count(*) as TOTAL from DEV_ENT_CURATED.MASTER_DIMENSIONS.DIM_TECHNICIANATTACHEDPROPERTY where tenant_type='HENDERSON' and RECORD_UPDATED_BY='Backup Table'
Snowflake - SQLException at readDB() method :: SQL compilation error: error line 1 at position 129
invalid identifier 'RECORD_UPDATED_BY'
Row Count of Table TECHNICIANATTACHEDPROPERTY is not matched for RAW :: 817 DataMart :: 817 CURATED :: 0]]>
  </system-out>
  <testcase classname="testcases.RAW_DATAMART_CURATED.SnowFlake_RowCount_v1" name="validateColumnName_BKP" time="1.920">
    <failure message="The following asserts failed:
	null" type="java.lang.AssertionError">
      <![CDATA[java.lang.AssertionError: The following asserts failed:
null
at org.testng.asserts.SoftAssert.assertAll(SoftAssert.java:47)
at org.testng.asserts.SoftAssert.assertAll(SoftAssert.java:31)
at testcases.RAW_DATAMART_CURATED.SnowFlake_RowCount_v1.validateColumnName_BKP(SnowFlake_RowCount_v1.java:39)
at jdk.internal.reflect.GeneratedMethodAccessor38.invoke(Unknown Source)
at java.base/jdk.internal.reflect.DelegatingMethodAccessorImpl.invoke(DelegatingMethodAccessorImpl.java:43)
at java.base/java.lang.reflect.Method.invoke(Method.java:568)
at org.testng.internal.MethodInvocationHelper.invokeMethod(MethodInvocationHelper.java:133)
at org.testng.internal.TestInvoker.invokeMethod(TestInvoker.java:598)
at org.testng.internal.TestInvoker.invokeTestMethod(TestInvoker.java:173)
at org.testng.internal.MethodRunner.runInSequence(MethodRunner.java:46)
at org.testng.internal.TestInvoker$MethodInvocationAgent.invoke(TestInvoker.java:824)
at org.testng.internal.TestInvoker.invokeTestMethods(TestInvoker.java:146)
at org.testng.internal.TestMethodWorker.invokeTestMethods(TestMethodWorker.java:146)
at org.testng.internal.TestMethodWorker.run(TestMethodWorker.java:128)
at java.base/java.util.ArrayList.forEach(ArrayList.java:1511)
at org.testng.TestRunner.privateRun(TestRunner.java:794)
at org.testng.TestRunner.run(TestRunner.java:596)
at org.testng.SuiteRunner.runTest(SuiteRunner.java:377)
at org.testng.SuiteRunner.runSequentially(SuiteRunner.java:371)
at org.testng.SuiteRunner.privateRun(SuiteRunner.java:332)
at org.testng.SuiteRunner.run(SuiteRunner.java:276)
at org.testng.SuiteRunnerWorker.runSuite(SuiteRunnerWorker.java:53)
at org.testng.SuiteRunnerWorker.run(SuiteRunnerWorker.java:96)
at org.testng.TestNG.runSuitesSequentially(TestNG.java:1212)
at org.testng.TestNG.runSuitesLocally(TestNG.java:1134)
at org.testng.TestNG.runSuites(TestNG.java:1063)
at org.testng.TestNG.run(TestNG.java:1031)
at org.testng.remote.AbstractRemoteTestNG.run(AbstractRemoteTestNG.java:115)
at org.testng.remote.RemoteTestNG.initAndRun(RemoteTestNG.java:251)
at org.testng.remote.RemoteTestNG.main(RemoteTestNG.java:77)
]]>
    </failure>
  </testcase> <!-- validateColumnName_BKP -->
  <system-out>
    <![CDATA[Executing Snowflake query :: SELECT count(*) as TOTAL FROM DEV_ENT_RAW.ST_SNELLHEATINGAIR_MATILLION.BATCH
Table Count in Snowflake:: 8214
Executing Snowflake query :: select count(*) as TOTAL from CURATED_DATAMART.ST_BKP_SNELLHEATINGAIR.STR_BATCH Where ACTIVE_FLAG='Y'
Table Count in Snowflake:: 8203
Executing Snowflake query :: select count(*) as TOTAL from DEV_ENT_CURATED.MASTER_DIMENSIONS.FACT_BATCH where tenant_type='SNELLHEATINGAIR' and RECORD_UPDATED_BY='Backup Table'
Table Count in Snowflake:: 8203
Row Count of Table BATCH is not matched for RAW :: 8214 DataMart :: 8203 CURATED :: 8203]]>
  </system-out>
  <testcase classname="testcases.RAW_DATAMART_CURATED.SnowFlake_RowCount_v1" name="validateColumnName_BKP" time="1.164"/>
  <system-out>
    <![CDATA[Executing Snowflake query :: SELECT count(*) as TOTAL FROM DEV_ENT_RAW.ST_BILLFENWICK_MATILLION.TAXZONE
Table Count in Snowflake:: 0
Executing Snowflake query :: select count(*) as TOTAL from CURATED_DATAMART.ST_BKP_BILLFENWICK.STR_TAXZONE Where ACTIVE_FLAG='Y'
Table Count in Snowflake:: 0
Executing Snowflake query :: select count(*) as TOTAL from DEV_ENT_CURATED.MASTER_DIMENSIONS.DIM_TAXZONE where tenant_type='BILLFENWICK' and RECORD_UPDATED_BY='Backup Table'
Table Count in Snowflake:: 0
Row Count of Table TAXZONE is matched for RAW :: 0 DataMart :: 0 CURATED :: 0]]>
  </system-out>
  <testcase classname="testcases.RAW_DATAMART_CURATED.SnowFlake_RowCount_v1" name="validateColumnName_BKP" time="1.557"/>
  <system-out>
    <![CDATA[Executing Snowflake query :: SELECT count(*) as TOTAL FROM DEV_ENT_RAW.ST_HUTCHINSON_MATILLION.DIVISION
Table Count in Snowflake:: 4
Executing Snowflake query :: select count(*) as TOTAL from CURATED_DATAMART.ST_BKP_HUTCHINSON.STR_DIVISION Where ACTIVE_FLAG='Y'
Table Count in Snowflake:: 4
Executing Snowflake query :: select count(*) as TOTAL from DEV_ENT_CURATED.MASTER_DIMENSIONS.DIM_DIVISION where tenant_type='HUTCHINSON' and RECORD_UPDATED_BY='Backup Table'
Table Count in Snowflake:: 4
Row Count of Table DIVISION is matched for RAW :: 4 DataMart :: 4 CURATED :: 4]]>
  </system-out>
  <testcase classname="testcases.RAW_DATAMART_CURATED.SnowFlake_RowCount_v1" name="validateColumnName_BKP" time="1.355"/>
  <system-out>
    <![CDATA[Executing Snowflake query :: SELECT count(*) as TOTAL FROM DEV_ENT_RAW.ST_HUTCHINSON_MATILLION.OVERTIMEPROFILE
Table Count in Snowflake:: 6
Executing Snowflake query :: select count(*) as TOTAL from CURATED_DATAMART.ST_BKP_HUTCHINSON.STR_OVERTIMEPROFILE Where ACTIVE_FLAG='Y'
Table Count in Snowflake:: 6
Executing Snowflake query :: select count(*) as TOTAL from DEV_ENT_CURATED.MASTER_DIMENSIONS.DIM_OVERTIMEPROFILE where tenant_type='HUTCHINSON' and RECORD_UPDATED_BY='Backup Table'
Table Count in Snowflake:: 6
Row Count of Table OVERTIMEPROFILE is matched for RAW :: 6 DataMart :: 6 CURATED :: 6]]>
  </system-out>
  <testcase classname="testcases.RAW_DATAMART_CURATED.SnowFlake_RowCount_v1" name="validateColumnName_BKP" time="1.933">
    <failure message="The following asserts failed:
	null" type="java.lang.AssertionError">
      <![CDATA[java.lang.AssertionError: The following asserts failed:
null
at org.testng.asserts.SoftAssert.assertAll(SoftAssert.java:47)
at org.testng.asserts.SoftAssert.assertAll(SoftAssert.java:31)
at testcases.RAW_DATAMART_CURATED.SnowFlake_RowCount_v1.validateColumnName_BKP(SnowFlake_RowCount_v1.java:39)
at jdk.internal.reflect.GeneratedMethodAccessor38.invoke(Unknown Source)
at java.base/jdk.internal.reflect.DelegatingMethodAccessorImpl.invoke(DelegatingMethodAccessorImpl.java:43)
at java.base/java.lang.reflect.Method.invoke(Method.java:568)
at org.testng.internal.MethodInvocationHelper.invokeMethod(MethodInvocationHelper.java:133)
at org.testng.internal.TestInvoker.invokeMethod(TestInvoker.java:598)
at org.testng.internal.TestInvoker.invokeTestMethod(TestInvoker.java:173)
at org.testng.internal.MethodRunner.runInSequence(MethodRunner.java:46)
at org.testng.internal.TestInvoker$MethodInvocationAgent.invoke(TestInvoker.java:824)
at org.testng.internal.TestInvoker.invokeTestMethods(TestInvoker.java:146)
at org.testng.internal.TestMethodWorker.invokeTestMethods(TestMethodWorker.java:146)
at org.testng.internal.TestMethodWorker.run(TestMethodWorker.java:128)
at java.base/java.util.ArrayList.forEach(ArrayList.java:1511)
at org.testng.TestRunner.privateRun(TestRunner.java:794)
at org.testng.TestRunner.run(TestRunner.java:596)
at org.testng.SuiteRunner.runTest(SuiteRunner.java:377)
at org.testng.SuiteRunner.runSequentially(SuiteRunner.java:371)
at org.testng.SuiteRunner.privateRun(SuiteRunner.java:332)
at org.testng.SuiteRunner.run(SuiteRunner.java:276)
at org.testng.SuiteRunnerWorker.runSuite(SuiteRunnerWorker.java:53)
at org.testng.SuiteRunnerWorker.run(SuiteRunnerWorker.java:96)
at org.testng.TestNG.runSuitesSequentially(TestNG.java:1212)
at org.testng.TestNG.runSuitesLocally(TestNG.java:1134)
at org.testng.TestNG.runSuites(TestNG.java:1063)
at org.testng.TestNG.run(TestNG.java:1031)
at org.testng.remote.AbstractRemoteTestNG.run(AbstractRemoteTestNG.java:115)
at org.testng.remote.RemoteTestNG.initAndRun(RemoteTestNG.java:251)
at org.testng.remote.RemoteTestNG.main(RemoteTestNG.java:77)
]]>
    </failure>
  </testcase> <!-- validateColumnName_BKP -->
  <system-out>
    <![CDATA[Executing Snowflake query :: SELECT count(*) as TOTAL FROM DEV_ENT_RAW.ST_GOLDMEDAL_MATILLION.PAYMENTTERM
Table Count in Snowflake:: 10
Executing Snowflake query :: select count(*) as TOTAL from CURATED_DATAMART.ST_BKP_GOLDMEDAL.STR_PAYMENTTERM Where ACTIVE_FLAG='Y'
Table Count in Snowflake:: 10
Executing Snowflake query :: select count(*) as TOTAL from DEV_ENT_CURATED.MASTER_DIMENSIONS.DIM_PAYMENTTERM where tenant_type='GOLDMEDAL' and RECORD_UPDATED_BY='Backup Table'
Table Count in Snowflake:: 0
Row Count of Table PAYMENTTERM is not matched for RAW :: 10 DataMart :: 10 CURATED :: 0]]>
  </system-out>
  <testcase classname="testcases.RAW_DATAMART_CURATED.SnowFlake_RowCount_v1" name="validateColumnName_BKP" time="1.604">
    <failure message="The following asserts failed:
	null" type="java.lang.AssertionError">
      <![CDATA[java.lang.AssertionError: The following asserts failed:
null
at org.testng.asserts.SoftAssert.assertAll(SoftAssert.java:47)
at org.testng.asserts.SoftAssert.assertAll(SoftAssert.java:31)
at testcases.RAW_DATAMART_CURATED.SnowFlake_RowCount_v1.validateColumnName_BKP(SnowFlake_RowCount_v1.java:39)
at java.base/jdk.internal.reflect.NativeMethodAccessorImpl.invoke0(Native Method)
at java.base/jdk.internal.reflect.NativeMethodAccessorImpl.invoke(NativeMethodAccessorImpl.java:77)
at java.base/jdk.internal.reflect.DelegatingMethodAccessorImpl.invoke(DelegatingMethodAccessorImpl.java:43)
at java.base/java.lang.reflect.Method.invoke(Method.java:568)
at org.testng.internal.MethodInvocationHelper.invokeMethod(MethodInvocationHelper.java:133)
at org.testng.internal.TestInvoker.invokeMethod(TestInvoker.java:598)
at org.testng.internal.TestInvoker.invokeTestMethod(TestInvoker.java:173)
at org.testng.internal.MethodRunner.runInSequence(MethodRunner.java:46)
at org.testng.internal.TestInvoker$MethodInvocationAgent.invoke(TestInvoker.java:824)
at org.testng.internal.TestInvoker.invokeTestMethods(TestInvoker.java:146)
at org.testng.internal.TestMethodWorker.invokeTestMethods(TestMethodWorker.java:146)
at org.testng.internal.TestMethodWorker.run(TestMethodWorker.java:128)
at java.base/java.util.ArrayList.forEach(ArrayList.java:1511)
at org.testng.TestRunner.privateRun(TestRunner.java:794)
at org.testng.TestRunner.run(TestRunner.java:596)
at org.testng.SuiteRunner.runTest(SuiteRunner.java:377)
at org.testng.SuiteRunner.runSequentially(SuiteRunner.java:371)
at org.testng.SuiteRunner.privateRun(SuiteRunner.java:332)
at org.testng.SuiteRunner.run(SuiteRunner.java:276)
at org.testng.SuiteRunnerWorker.runSuite(SuiteRunnerWorker.java:53)
at org.testng.SuiteRunnerWorker.run(SuiteRunnerWorker.java:96)
at org.testng.TestNG.runSuitesSequentially(TestNG.java:1212)
at org.testng.TestNG.runSuitesLocally(TestNG.java:1134)
at org.testng.TestNG.runSuites(TestNG.java:1063)
at org.testng.TestNG.run(TestNG.java:1031)
at org.testng.remote.AbstractRemoteTestNG.run(AbstractRemoteTestNG.java:115)
at org.testng.remote.RemoteTestNG.initAndRun(RemoteTestNG.java:251)
at org.testng.remote.RemoteTestNG.main(RemoteTestNG.java:77)
]]>
    </failure>
  </testcase> <!-- validateColumnName_BKP -->
  <system-out>
    <![CDATA[Executing Snowflake query :: SELECT count(*) as TOTAL FROM DEV_ENT_RAW.ST_BILLFENWICK_MATILLION.CUSTOMFIELD
Table Count in Snowflake:: 173329
Executing Snowflake query :: select count(*) as TOTAL from CURATED_DATAMART.ST_BKP_BILLFENWICK.STR_CUSTOMFIELD Where ACTIVE_FLAG='Y'
Table Count in Snowflake:: 173030
Executing Snowflake query :: select count(*) as TOTAL from DEV_ENT_CURATED.MASTER_DIMENSIONS.FACT_CUSTOMFIELD where tenant_type='BILLFENWICK' and RECORD_UPDATED_BY='Backup Table'
Table Count in Snowflake:: 173030
Row Count of Table CUSTOMFIELD is not matched for RAW :: 173329 DataMart :: 173030 CURATED :: 173030]]>
  </system-out>
  <testcase classname="testcases.RAW_DATAMART_CURATED.SnowFlake_RowCount_v1" name="validateColumnName_BKP" time="1.495">
    <failure message="The following asserts failed:
	null" type="java.lang.AssertionError">
      <![CDATA[java.lang.AssertionError: The following asserts failed:
null
at org.testng.asserts.SoftAssert.assertAll(SoftAssert.java:47)
at org.testng.asserts.SoftAssert.assertAll(SoftAssert.java:31)
at testcases.RAW_DATAMART_CURATED.SnowFlake_RowCount_v1.validateColumnName_BKP(SnowFlake_RowCount_v1.java:39)
at jdk.internal.reflect.GeneratedMethodAccessor38.invoke(Unknown Source)
at java.base/jdk.internal.reflect.DelegatingMethodAccessorImpl.invoke(DelegatingMethodAccessorImpl.java:43)
at java.base/java.lang.reflect.Method.invoke(Method.java:568)
at org.testng.internal.MethodInvocationHelper.invokeMethod(MethodInvocationHelper.java:133)
at org.testng.internal.TestInvoker.invokeMethod(TestInvoker.java:598)
at org.testng.internal.TestInvoker.invokeTestMethod(TestInvoker.java:173)
at org.testng.internal.MethodRunner.runInSequence(MethodRunner.java:46)
at org.testng.internal.TestInvoker$MethodInvocationAgent.invoke(TestInvoker.java:824)
at org.testng.internal.TestInvoker.invokeTestMethods(TestInvoker.java:146)
at org.testng.internal.TestMethodWorker.invokeTestMethods(TestMethodWorker.java:146)
at org.testng.internal.TestMethodWorker.run(TestMethodWorker.java:128)
at java.base/java.util.ArrayList.forEach(ArrayList.java:1511)
at org.testng.TestRunner.privateRun(TestRunner.java:794)
at org.testng.TestRunner.run(TestRunner.java:596)
at org.testng.SuiteRunner.runTest(SuiteRunner.java:377)
at org.testng.SuiteRunner.runSequentially(SuiteRunner.java:371)
at org.testng.SuiteRunner.privateRun(SuiteRunner.java:332)
at org.testng.SuiteRunner.run(SuiteRunner.java:276)
at org.testng.SuiteRunnerWorker.runSuite(SuiteRunnerWorker.java:53)
at org.testng.SuiteRunnerWorker.run(SuiteRunnerWorker.java:96)
at org.testng.TestNG.runSuitesSequentially(TestNG.java:1212)
at org.testng.TestNG.runSuitesLocally(TestNG.java:1134)
at org.testng.TestNG.runSuites(TestNG.java:1063)
at org.testng.TestNG.run(TestNG.java:1031)
at org.testng.remote.AbstractRemoteTestNG.run(AbstractRemoteTestNG.java:115)
at org.testng.remote.RemoteTestNG.initAndRun(RemoteTestNG.java:251)
at org.testng.remote.RemoteTestNG.main(RemoteTestNG.java:77)
]]>
    </failure>
  </testcase> <!-- validateColumnName_BKP -->
  <system-out>
    <![CDATA[Executing Snowflake query :: SELECT count(*) as TOTAL FROM DEV_ENT_RAW.ST_MAITZ_MATILLION.BATCH
Table Count in Snowflake:: 2682
Executing Snowflake query :: select count(*) as TOTAL from CURATED_DATAMART.ST_BKP_MAITZ.STR_BATCH Where ACTIVE_FLAG='Y'
Table Count in Snowflake:: 2678
Executing Snowflake query :: select count(*) as TOTAL from DEV_ENT_CURATED.MASTER_DIMENSIONS.FACT_BATCH where tenant_type='MAITZ' and RECORD_UPDATED_BY='Backup Table'
Table Count in Snowflake:: 2678
Row Count of Table BATCH is not matched for RAW :: 2682 DataMart :: 2678 CURATED :: 2678]]>
  </system-out>
  <testcase classname="testcases.RAW_DATAMART_CURATED.SnowFlake_RowCount_v1" name="validateColumnName_BKP" time="1.717">
    <failure message="The following asserts failed:
	null" type="java.lang.AssertionError">
      <![CDATA[java.lang.AssertionError: The following asserts failed:
null
at org.testng.asserts.SoftAssert.assertAll(SoftAssert.java:47)
at org.testng.asserts.SoftAssert.assertAll(SoftAssert.java:31)
at testcases.RAW_DATAMART_CURATED.SnowFlake_RowCount_v1.validateColumnName_BKP(SnowFlake_RowCount_v1.java:39)
at jdk.internal.reflect.GeneratedMethodAccessor38.invoke(Unknown Source)
at java.base/jdk.internal.reflect.DelegatingMethodAccessorImpl.invoke(DelegatingMethodAccessorImpl.java:43)
at java.base/java.lang.reflect.Method.invoke(Method.java:568)
at org.testng.internal.MethodInvocationHelper.invokeMethod(MethodInvocationHelper.java:133)
at org.testng.internal.TestInvoker.invokeMethod(TestInvoker.java:598)
at org.testng.internal.TestInvoker.invokeTestMethod(TestInvoker.java:173)
at org.testng.internal.MethodRunner.runInSequence(MethodRunner.java:46)
at org.testng.internal.TestInvoker$MethodInvocationAgent.invoke(TestInvoker.java:824)
at org.testng.internal.TestInvoker.invokeTestMethods(TestInvoker.java:146)
at org.testng.internal.TestMethodWorker.invokeTestMethods(TestMethodWorker.java:146)
at org.testng.internal.TestMethodWorker.run(TestMethodWorker.java:128)
at java.base/java.util.ArrayList.forEach(ArrayList.java:1511)
at org.testng.TestRunner.privateRun(TestRunner.java:794)
at org.testng.TestRunner.run(TestRunner.java:596)
at org.testng.SuiteRunner.runTest(SuiteRunner.java:377)
at org.testng.SuiteRunner.runSequentially(SuiteRunner.java:371)
at org.testng.SuiteRunner.privateRun(SuiteRunner.java:332)
at org.testng.SuiteRunner.run(SuiteRunner.java:276)
at org.testng.SuiteRunnerWorker.runSuite(SuiteRunnerWorker.java:53)
at org.testng.SuiteRunnerWorker.run(SuiteRunnerWorker.java:96)
at org.testng.TestNG.runSuitesSequentially(TestNG.java:1212)
at org.testng.TestNG.runSuitesLocally(TestNG.java:1134)
at org.testng.TestNG.runSuites(TestNG.java:1063)
at org.testng.TestNG.run(TestNG.java:1031)
at org.testng.remote.AbstractRemoteTestNG.run(AbstractRemoteTestNG.java:115)
at org.testng.remote.RemoteTestNG.initAndRun(RemoteTestNG.java:251)
at org.testng.remote.RemoteTestNG.main(RemoteTestNG.java:77)
]]>
    </failure>
  </testcase> <!-- validateColumnName_BKP -->
  <system-out>
    <![CDATA[Executing Snowflake query :: SELECT count(*) as TOTAL FROM DEV_ENT_RAW.ST_MAITZ_MATILLION.GROSSPAYITEM
Table Count in Snowflake:: 43740
Executing Snowflake query :: select count(*) as TOTAL from CURATED_DATAMART.ST_BKP_MAITZ.STR_GROSSPAYITEM Where ACTIVE_FLAG='Y'
Table Count in Snowflake:: 43700
Executing Snowflake query :: select count(*) as TOTAL from DEV_ENT_CURATED.MASTER_DIMENSIONS.DIM_GROSSPAYITEM where tenant_type='MAITZ' and RECORD_UPDATED_BY='Backup Table'
Table Count in Snowflake:: 43700
Row Count of Table GROSSPAYITEM is not matched for RAW :: 43740 DataMart :: 43700 CURATED :: 43700]]>
  </system-out>
  <testcase classname="testcases.RAW_DATAMART_CURATED.SnowFlake_RowCount_v1" name="validateColumnName_BKP" time="1.824">
    <failure message="The following asserts failed:
	null" type="java.lang.AssertionError">
      <![CDATA[java.lang.AssertionError: The following asserts failed:
null
at org.testng.asserts.SoftAssert.assertAll(SoftAssert.java:47)
at org.testng.asserts.SoftAssert.assertAll(SoftAssert.java:31)
at testcases.RAW_DATAMART_CURATED.SnowFlake_RowCount_v1.validateColumnName_BKP(SnowFlake_RowCount_v1.java:39)
at jdk.internal.reflect.GeneratedMethodAccessor38.invoke(Unknown Source)
at java.base/jdk.internal.reflect.DelegatingMethodAccessorImpl.invoke(DelegatingMethodAccessorImpl.java:43)
at java.base/java.lang.reflect.Method.invoke(Method.java:568)
at org.testng.internal.MethodInvocationHelper.invokeMethod(MethodInvocationHelper.java:133)
at org.testng.internal.TestInvoker.invokeMethod(TestInvoker.java:598)
at org.testng.internal.TestInvoker.invokeTestMethod(TestInvoker.java:173)
at org.testng.internal.MethodRunner.runInSequence(MethodRunner.java:46)
at org.testng.internal.TestInvoker$MethodInvocationAgent.invoke(TestInvoker.java:824)
at org.testng.internal.TestInvoker.invokeTestMethods(TestInvoker.java:146)
at org.testng.internal.TestMethodWorker.invokeTestMethods(TestMethodWorker.java:146)
at org.testng.internal.TestMethodWorker.run(TestMethodWorker.java:128)
at java.base/java.util.ArrayList.forEach(ArrayList.java:1511)
at org.testng.TestRunner.privateRun(TestRunner.java:794)
at org.testng.TestRunner.run(TestRunner.java:596)
at org.testng.SuiteRunner.runTest(SuiteRunner.java:377)
at org.testng.SuiteRunner.runSequentially(SuiteRunner.java:371)
at org.testng.SuiteRunner.privateRun(SuiteRunner.java:332)
at org.testng.SuiteRunner.run(SuiteRunner.java:276)
at org.testng.SuiteRunnerWorker.runSuite(SuiteRunnerWorker.java:53)
at org.testng.SuiteRunnerWorker.run(SuiteRunnerWorker.java:96)
at org.testng.TestNG.runSuitesSequentially(TestNG.java:1212)
at org.testng.TestNG.runSuitesLocally(TestNG.java:1134)
at org.testng.TestNG.runSuites(TestNG.java:1063)
at org.testng.TestNG.run(TestNG.java:1031)
at org.testng.remote.AbstractRemoteTestNG.run(AbstractRemoteTestNG.java:115)
at org.testng.remote.RemoteTestNG.initAndRun(RemoteTestNG.java:251)
at org.testng.remote.RemoteTestNG.main(RemoteTestNG.java:77)
]]>
    </failure>
  </testcase> <!-- validateColumnName_BKP -->
  <system-out>
    <![CDATA[Executing Snowflake query :: SELECT count(*) as TOTAL FROM DEV_ENT_RAW.ST_GOLDMEDAL_MATILLION.OPPORTUNITY
Table Count in Snowflake:: 1233714
Executing Snowflake query :: select count(*) as TOTAL from CURATED_DATAMART.ST_BKP_GOLDMEDAL.STR_OPPORTUNITY Where ACTIVE_FLAG='Y'
Table Count in Snowflake:: 1233407
Executing Snowflake query :: select count(*) as TOTAL from DEV_ENT_CURATED.MASTER_DIMENSIONS.DIM_OPPORTUNITY where tenant_type='GOLDMEDAL' and RECORD_UPDATED_BY='Backup Table'
Table Count in Snowflake:: 1233407
Row Count of Table OPPORTUNITY is not matched for RAW :: 1233714 DataMart :: 1233407 CURATED :: 1233407]]>
  </system-out>
  <testcase classname="testcases.RAW_DATAMART_CURATED.SnowFlake_RowCount_v1" name="validateColumnName_BKP" time="1.237"/>
  <system-out>
    <![CDATA[Executing Snowflake query :: SELECT count(*) as TOTAL FROM DEV_ENT_RAW.ST_HARP_MATILLION.TAXZONE
Table Count in Snowflake:: 9
Executing Snowflake query :: select count(*) as TOTAL from CURATED_DATAMART.ST_BKP_HARP.STR_TAXZONE Where ACTIVE_FLAG='Y'
Table Count in Snowflake:: 9
Executing Snowflake query :: select count(*) as TOTAL from DEV_ENT_CURATED.MASTER_DIMENSIONS.DIM_TAXZONE where tenant_type='HARP' and RECORD_UPDATED_BY='Backup Table'
Table Count in Snowflake:: 9
Row Count of Table TAXZONE is matched for RAW :: 9 DataMart :: 9 CURATED :: 9]]>
  </system-out>
  <testcase classname="testcases.RAW_DATAMART_CURATED.SnowFlake_RowCount_v1" name="validateColumnName_BKP" time="1.620">
    <failure message="The following asserts failed:
	null" type="java.lang.AssertionError">
      <![CDATA[java.lang.AssertionError: The following asserts failed:
null
at org.testng.asserts.SoftAssert.assertAll(SoftAssert.java:47)
at org.testng.asserts.SoftAssert.assertAll(SoftAssert.java:31)
at testcases.RAW_DATAMART_CURATED.SnowFlake_RowCount_v1.validateColumnName_BKP(SnowFlake_RowCount_v1.java:39)
at jdk.internal.reflect.GeneratedMethodAccessor38.invoke(Unknown Source)
at java.base/jdk.internal.reflect.DelegatingMethodAccessorImpl.invoke(DelegatingMethodAccessorImpl.java:43)
at java.base/java.lang.reflect.Method.invoke(Method.java:568)
at org.testng.internal.MethodInvocationHelper.invokeMethod(MethodInvocationHelper.java:133)
at org.testng.internal.TestInvoker.invokeMethod(TestInvoker.java:598)
at org.testng.internal.TestInvoker.invokeTestMethod(TestInvoker.java:173)
at org.testng.internal.MethodRunner.runInSequence(MethodRunner.java:46)
at org.testng.internal.TestInvoker$MethodInvocationAgent.invoke(TestInvoker.java:824)
at org.testng.internal.TestInvoker.invokeTestMethods(TestInvoker.java:146)
at org.testng.internal.TestMethodWorker.invokeTestMethods(TestMethodWorker.java:146)
at org.testng.internal.TestMethodWorker.run(TestMethodWorker.java:128)
at java.base/java.util.ArrayList.forEach(ArrayList.java:1511)
at org.testng.TestRunner.privateRun(TestRunner.java:794)
at org.testng.TestRunner.run(TestRunner.java:596)
at org.testng.SuiteRunner.runTest(SuiteRunner.java:377)
at org.testng.SuiteRunner.runSequentially(SuiteRunner.java:371)
at org.testng.SuiteRunner.privateRun(SuiteRunner.java:332)
at org.testng.SuiteRunner.run(SuiteRunner.java:276)
at org.testng.SuiteRunnerWorker.runSuite(SuiteRunnerWorker.java:53)
at org.testng.SuiteRunnerWorker.run(SuiteRunnerWorker.java:96)
at org.testng.TestNG.runSuitesSequentially(TestNG.java:1212)
at org.testng.TestNG.runSuitesLocally(TestNG.java:1134)
at org.testng.TestNG.runSuites(TestNG.java:1063)
at org.testng.TestNG.run(TestNG.java:1031)
at org.testng.remote.AbstractRemoteTestNG.run(AbstractRemoteTestNG.java:115)
at org.testng.remote.RemoteTestNG.initAndRun(RemoteTestNG.java:251)
at org.testng.remote.RemoteTestNG.main(RemoteTestNG.java:77)
]]>
    </failure>
  </testcase> <!-- validateColumnName_BKP -->
  <system-out>
    <![CDATA[Executing Snowflake query :: SELECT count(*) as TOTAL FROM DEV_ENT_RAW.ST_HUTCHINSON_MATILLION.BATCH
Table Count in Snowflake:: 4897
Executing Snowflake query :: select count(*) as TOTAL from CURATED_DATAMART.ST_BKP_HUTCHINSON.STR_BATCH Where ACTIVE_FLAG='Y'
Table Count in Snowflake:: 4892
Executing Snowflake query :: select count(*) as TOTAL from DEV_ENT_CURATED.MASTER_DIMENSIONS.FACT_BATCH where tenant_type='HUTCHINSON' and RECORD_UPDATED_BY='Backup Table'
Table Count in Snowflake:: 4892
Row Count of Table BATCH is not matched for RAW :: 4897 DataMart :: 4892 CURATED :: 4892]]>
  </system-out>
  <testcase classname="testcases.RAW_DATAMART_CURATED.SnowFlake_RowCount_v1" name="validateColumnName_BKP" time="2.037">
    <failure message="The following asserts failed:
	null" type="java.lang.AssertionError">
      <![CDATA[java.lang.AssertionError: The following asserts failed:
null
at org.testng.asserts.SoftAssert.assertAll(SoftAssert.java:47)
at org.testng.asserts.SoftAssert.assertAll(SoftAssert.java:31)
at testcases.RAW_DATAMART_CURATED.SnowFlake_RowCount_v1.validateColumnName_BKP(SnowFlake_RowCount_v1.java:39)
at jdk.internal.reflect.GeneratedMethodAccessor38.invoke(Unknown Source)
at java.base/jdk.internal.reflect.DelegatingMethodAccessorImpl.invoke(DelegatingMethodAccessorImpl.java:43)
at java.base/java.lang.reflect.Method.invoke(Method.java:568)
at org.testng.internal.MethodInvocationHelper.invokeMethod(MethodInvocationHelper.java:133)
at org.testng.internal.TestInvoker.invokeMethod(TestInvoker.java:598)
at org.testng.internal.TestInvoker.invokeTestMethod(TestInvoker.java:173)
at org.testng.internal.MethodRunner.runInSequence(MethodRunner.java:46)
at org.testng.internal.TestInvoker$MethodInvocationAgent.invoke(TestInvoker.java:824)
at org.testng.internal.TestInvoker.invokeTestMethods(TestInvoker.java:146)
at org.testng.internal.TestMethodWorker.invokeTestMethods(TestMethodWorker.java:146)
at org.testng.internal.TestMethodWorker.run(TestMethodWorker.java:128)
at java.base/java.util.ArrayList.forEach(ArrayList.java:1511)
at org.testng.TestRunner.privateRun(TestRunner.java:794)
at org.testng.TestRunner.run(TestRunner.java:596)
at org.testng.SuiteRunner.runTest(SuiteRunner.java:377)
at org.testng.SuiteRunner.runSequentially(SuiteRunner.java:371)
at org.testng.SuiteRunner.privateRun(SuiteRunner.java:332)
at org.testng.SuiteRunner.run(SuiteRunner.java:276)
at org.testng.SuiteRunnerWorker.runSuite(SuiteRunnerWorker.java:53)
at org.testng.SuiteRunnerWorker.run(SuiteRunnerWorker.java:96)
at org.testng.TestNG.runSuitesSequentially(TestNG.java:1212)
at org.testng.TestNG.runSuitesLocally(TestNG.java:1134)
at org.testng.TestNG.runSuites(TestNG.java:1063)
at org.testng.TestNG.run(TestNG.java:1031)
at org.testng.remote.AbstractRemoteTestNG.run(AbstractRemoteTestNG.java:115)
at org.testng.remote.RemoteTestNG.initAndRun(RemoteTestNG.java:251)
at org.testng.remote.RemoteTestNG.main(RemoteTestNG.java:77)
]]>
    </failure>
  </testcase> <!-- validateColumnName_BKP -->
  <system-out>
    <![CDATA[Executing Snowflake query :: SELECT count(*) as TOTAL FROM DEV_ENT_RAW.ST_GOLDMEDAL_MATILLION.CUSTOMFIELD
Table Count in Snowflake:: 724945
Executing Snowflake query :: select count(*) as TOTAL from CURATED_DATAMART.ST_BKP_GOLDMEDAL.STR_CUSTOMFIELD Where ACTIVE_FLAG='Y'
Table Count in Snowflake:: 723803
Executing Snowflake query :: select count(*) as TOTAL from DEV_ENT_CURATED.MASTER_DIMENSIONS.FACT_CUSTOMFIELD where tenant_type='GOLDMEDAL' and RECORD_UPDATED_BY='Backup Table'
Table Count in Snowflake:: 723803
Row Count of Table CUSTOMFIELD is not matched for RAW :: 724945 DataMart :: 723803 CURATED :: 723803]]>
  </system-out>
  <testcase classname="testcases.RAW_DATAMART_CURATED.SnowFlake_RowCount_v1" name="validateColumnName_BKP" time="1.507">
    <failure message="The following asserts failed:
	null" type="java.lang.AssertionError">
      <![CDATA[java.lang.AssertionError: The following asserts failed:
null
at org.testng.asserts.SoftAssert.assertAll(SoftAssert.java:47)
at org.testng.asserts.SoftAssert.assertAll(SoftAssert.java:31)
at testcases.RAW_DATAMART_CURATED.SnowFlake_RowCount_v1.validateColumnName_BKP(SnowFlake_RowCount_v1.java:39)
at java.base/jdk.internal.reflect.NativeMethodAccessorImpl.invoke0(Native Method)
at java.base/jdk.internal.reflect.NativeMethodAccessorImpl.invoke(NativeMethodAccessorImpl.java:77)
at java.base/jdk.internal.reflect.DelegatingMethodAccessorImpl.invoke(DelegatingMethodAccessorImpl.java:43)
at java.base/java.lang.reflect.Method.invoke(Method.java:568)
at org.testng.internal.MethodInvocationHelper.invokeMethod(MethodInvocationHelper.java:133)
at org.testng.internal.TestInvoker.invokeMethod(TestInvoker.java:598)
at org.testng.internal.TestInvoker.invokeTestMethod(TestInvoker.java:173)
at org.testng.internal.MethodRunner.runInSequence(MethodRunner.java:46)
at org.testng.internal.TestInvoker$MethodInvocationAgent.invoke(TestInvoker.java:824)
at org.testng.internal.TestInvoker.invokeTestMethods(TestInvoker.java:146)
at org.testng.internal.TestMethodWorker.invokeTestMethods(TestMethodWorker.java:146)
at org.testng.internal.TestMethodWorker.run(TestMethodWorker.java:128)
at java.base/java.util.ArrayList.forEach(ArrayList.java:1511)
at org.testng.TestRunner.privateRun(TestRunner.java:794)
at org.testng.TestRunner.run(TestRunner.java:596)
at org.testng.SuiteRunner.runTest(SuiteRunner.java:377)
at org.testng.SuiteRunner.runSequentially(SuiteRunner.java:371)
at org.testng.SuiteRunner.privateRun(SuiteRunner.java:332)
at org.testng.SuiteRunner.run(SuiteRunner.java:276)
at org.testng.SuiteRunnerWorker.runSuite(SuiteRunnerWorker.java:53)
at org.testng.SuiteRunnerWorker.run(SuiteRunnerWorker.java:96)
at org.testng.TestNG.runSuitesSequentially(TestNG.java:1212)
at org.testng.TestNG.runSuitesLocally(TestNG.java:1134)
at org.testng.TestNG.runSuites(TestNG.java:1063)
at org.testng.TestNG.run(TestNG.java:1031)
at org.testng.remote.AbstractRemoteTestNG.run(AbstractRemoteTestNG.java:115)
at org.testng.remote.RemoteTestNG.initAndRun(RemoteTestNG.java:251)
at org.testng.remote.RemoteTestNG.main(RemoteTestNG.java:77)
]]>
    </failure>
  </testcase> <!-- validateColumnName_BKP -->
  <system-out>
    <![CDATA[Executing Snowflake query :: SELECT count(*) as TOTAL FROM DEV_ENT_RAW.ST_BILLFENWICK_MATILLION.JOBAPPOINTMENTASSIGNMENT
Table Count in Snowflake:: 252012
Executing Snowflake query :: select count(*) as TOTAL from CURATED_DATAMART.ST_BKP_BILLFENWICK.STR_JOBAPPOINTMENTASSIGNMENT Where ACTIVE_FLAG='Y'
Table Count in Snowflake:: 251730
Executing Snowflake query :: select count(*) as TOTAL from DEV_ENT_CURATED.MASTER_DIMENSIONS.DIM_JOBAPPOINTMENTASSIGNMENT where tenant_type='BILLFENWICK' and RECORD_UPDATED_BY='Backup Table'
Table Count in Snowflake:: 251730
Row Count of Table JOBAPPOINTMENTASSIGNMENT is not matched for RAW :: 252012 DataMart :: 251730 CURATED :: 251730]]>
  </system-out>
  <testcase classname="testcases.RAW_DATAMART_CURATED.SnowFlake_RowCount_v1" name="validateColumnName_BKP" time="2.253">
    <failure message="The following asserts failed:
	null,
	null" type="java.lang.AssertionError">
      <![CDATA[java.lang.AssertionError: The following asserts failed:
null,
null
at org.testng.asserts.SoftAssert.assertAll(SoftAssert.java:47)
at org.testng.asserts.SoftAssert.assertAll(SoftAssert.java:31)
at testcases.RAW_DATAMART_CURATED.SnowFlake_RowCount_v1.validateColumnName_BKP(SnowFlake_RowCount_v1.java:39)
at jdk.internal.reflect.GeneratedMethodAccessor38.invoke(Unknown Source)
at java.base/jdk.internal.reflect.DelegatingMethodAccessorImpl.invoke(DelegatingMethodAccessorImpl.java:43)
at java.base/java.lang.reflect.Method.invoke(Method.java:568)
at org.testng.internal.MethodInvocationHelper.invokeMethod(MethodInvocationHelper.java:133)
at org.testng.internal.TestInvoker.invokeMethod(TestInvoker.java:598)
at org.testng.internal.TestInvoker.invokeTestMethod(TestInvoker.java:173)
at org.testng.internal.MethodRunner.runInSequence(MethodRunner.java:46)
at org.testng.internal.TestInvoker$MethodInvocationAgent.invoke(TestInvoker.java:824)
at org.testng.internal.TestInvoker.invokeTestMethods(TestInvoker.java:146)
at org.testng.internal.TestMethodWorker.invokeTestMethods(TestMethodWorker.java:146)
at org.testng.internal.TestMethodWorker.run(TestMethodWorker.java:128)
at java.base/java.util.ArrayList.forEach(ArrayList.java:1511)
at org.testng.TestRunner.privateRun(TestRunner.java:794)
at org.testng.TestRunner.run(TestRunner.java:596)
at org.testng.SuiteRunner.runTest(SuiteRunner.java:377)
at org.testng.SuiteRunner.runSequentially(SuiteRunner.java:371)
at org.testng.SuiteRunner.privateRun(SuiteRunner.java:332)
at org.testng.SuiteRunner.run(SuiteRunner.java:276)
at org.testng.SuiteRunnerWorker.runSuite(SuiteRunnerWorker.java:53)
at org.testng.SuiteRunnerWorker.run(SuiteRunnerWorker.java:96)
at org.testng.TestNG.runSuitesSequentially(TestNG.java:1212)
at org.testng.TestNG.runSuitesLocally(TestNG.java:1134)
at org.testng.TestNG.runSuites(TestNG.java:1063)
at org.testng.TestNG.run(TestNG.java:1031)
at org.testng.remote.AbstractRemoteTestNG.run(AbstractRemoteTestNG.java:115)
at org.testng.remote.RemoteTestNG.initAndRun(RemoteTestNG.java:251)
at org.testng.remote.RemoteTestNG.main(RemoteTestNG.java:77)
]]>
    </failure>
  </testcase> <!-- validateColumnName_BKP -->
  <system-out>
    <![CDATA[Executing Snowflake query :: SELECT count(*) as TOTAL FROM DEV_ENT_RAW.ST_HORIZONSERVICES_MATILLION.TECHNICIANPAYROLLADJUSTMENT
Table Count in Snowflake:: 218593
Executing Snowflake query :: select count(*) as TOTAL from CURATED_DATAMART.ST_BKP_HORIZONSERVICES.STR_TECHNICIANPAYROLLADJUSTMENT Where ACTIVE_FLAG='Y'
Table Count in Snowflake:: 218611
Executing Snowflake query :: select count(*) as TOTAL from DEV_ENT_CURATED.MASTER_DIMENSIONS.DIM_TECHNICIANPAYROLLADJUSTMENT where tenant_type='HORIZONSERVICES' and RECORD_UPDATED_BY='Backup Table'
Snowflake - SQLException at readDB() method :: SQL compilation error: error line 1 at position 136
invalid identifier 'RECORD_UPDATED_BY'
Row Count of Table TECHNICIANPAYROLLADJUSTMENT is not matched for RAW :: 218593 DataMart :: 218611 CURATED :: 0]]>
  </system-out>
  <testcase classname="testcases.RAW_DATAMART_CURATED.SnowFlake_RowCount_v1" name="validateColumnName_BKP" time="2.385">
    <failure message="The following asserts failed:
	null,
	null" type="java.lang.AssertionError">
      <![CDATA[java.lang.AssertionError: The following asserts failed:
null,
null
at org.testng.asserts.SoftAssert.assertAll(SoftAssert.java:47)
at org.testng.asserts.SoftAssert.assertAll(SoftAssert.java:31)
at testcases.RAW_DATAMART_CURATED.SnowFlake_RowCount_v1.validateColumnName_BKP(SnowFlake_RowCount_v1.java:39)
at jdk.internal.reflect.GeneratedMethodAccessor38.invoke(Unknown Source)
at java.base/jdk.internal.reflect.DelegatingMethodAccessorImpl.invoke(DelegatingMethodAccessorImpl.java:43)
at java.base/java.lang.reflect.Method.invoke(Method.java:568)
at org.testng.internal.MethodInvocationHelper.invokeMethod(MethodInvocationHelper.java:133)
at org.testng.internal.TestInvoker.invokeMethod(TestInvoker.java:598)
at org.testng.internal.TestInvoker.invokeTestMethod(TestInvoker.java:173)
at org.testng.internal.MethodRunner.runInSequence(MethodRunner.java:46)
at org.testng.internal.TestInvoker$MethodInvocationAgent.invoke(TestInvoker.java:824)
at org.testng.internal.TestInvoker.invokeTestMethods(TestInvoker.java:146)
at org.testng.internal.TestMethodWorker.invokeTestMethods(TestMethodWorker.java:146)
at org.testng.internal.TestMethodWorker.run(TestMethodWorker.java:128)
at java.base/java.util.ArrayList.forEach(ArrayList.java:1511)
at org.testng.TestRunner.privateRun(TestRunner.java:794)
at org.testng.TestRunner.run(TestRunner.java:596)
at org.testng.SuiteRunner.runTest(SuiteRunner.java:377)
at org.testng.SuiteRunner.runSequentially(SuiteRunner.java:371)
at org.testng.SuiteRunner.privateRun(SuiteRunner.java:332)
at org.testng.SuiteRunner.run(SuiteRunner.java:276)
at org.testng.SuiteRunnerWorker.runSuite(SuiteRunnerWorker.java:53)
at org.testng.SuiteRunnerWorker.run(SuiteRunnerWorker.java:96)
at org.testng.TestNG.runSuitesSequentially(TestNG.java:1212)
at org.testng.TestNG.runSuitesLocally(TestNG.java:1134)
at org.testng.TestNG.runSuites(TestNG.java:1063)
at org.testng.TestNG.run(TestNG.java:1031)
at org.testng.remote.AbstractRemoteTestNG.run(AbstractRemoteTestNG.java:115)
at org.testng.remote.RemoteTestNG.initAndRun(RemoteTestNG.java:251)
at org.testng.remote.RemoteTestNG.main(RemoteTestNG.java:77)
]]>
    </failure>
  </testcase> <!-- validateColumnName_BKP -->
  <system-out>
    <![CDATA[Executing Snowflake query :: SELECT count(*) as TOTAL FROM DEV_ENT_RAW.ST_CASTEEL_MATILLION.TECHNICIANPAYROLLADJUSTMENT
Table Count in Snowflake:: 341795
Executing Snowflake query :: select count(*) as TOTAL from CURATED_DATAMART.ST_BKP_CASTEEL.STR_TECHNICIANPAYROLLADJUSTMENT Where ACTIVE_FLAG='Y'
Table Count in Snowflake:: 341815
Executing Snowflake query :: select count(*) as TOTAL from DEV_ENT_CURATED.MASTER_DIMENSIONS.DIM_TECHNICIANPAYROLLADJUSTMENT where tenant_type='CASTEEL' and RECORD_UPDATED_BY='Backup Table'
Snowflake - SQLException at readDB() method :: SQL compilation error: error line 1 at position 128
invalid identifier 'RECORD_UPDATED_BY'
Row Count of Table TECHNICIANPAYROLLADJUSTMENT is not matched for RAW :: 341795 DataMart :: 341815 CURATED :: 0]]>
  </system-out>
  <testcase classname="testcases.RAW_DATAMART_CURATED.SnowFlake_RowCount_v1" name="validateColumnName_BKP" time="1.194">
    <failure message="The following asserts failed:
	null" type="java.lang.AssertionError">
      <![CDATA[java.lang.AssertionError: The following asserts failed:
null
at org.testng.asserts.SoftAssert.assertAll(SoftAssert.java:47)
at org.testng.asserts.SoftAssert.assertAll(SoftAssert.java:31)
at testcases.RAW_DATAMART_CURATED.SnowFlake_RowCount_v1.validateColumnName_BKP(SnowFlake_RowCount_v1.java:39)
at jdk.internal.reflect.GeneratedMethodAccessor38.invoke(Unknown Source)
at java.base/jdk.internal.reflect.DelegatingMethodAccessorImpl.invoke(DelegatingMethodAccessorImpl.java:43)
at java.base/java.lang.reflect.Method.invoke(Method.java:568)
at org.testng.internal.MethodInvocationHelper.invokeMethod(MethodInvocationHelper.java:133)
at org.testng.internal.TestInvoker.invokeMethod(TestInvoker.java:598)
at org.testng.internal.TestInvoker.invokeTestMethod(TestInvoker.java:173)
at org.testng.internal.MethodRunner.runInSequence(MethodRunner.java:46)
at org.testng.internal.TestInvoker$MethodInvocationAgent.invoke(TestInvoker.java:824)
at org.testng.internal.TestInvoker.invokeTestMethods(TestInvoker.java:146)
at org.testng.internal.TestMethodWorker.invokeTestMethods(TestMethodWorker.java:146)
at org.testng.internal.TestMethodWorker.run(TestMethodWorker.java:128)
at java.base/java.util.ArrayList.forEach(ArrayList.java:1511)
at org.testng.TestRunner.privateRun(TestRunner.java:794)
at org.testng.TestRunner.run(TestRunner.java:596)
at org.testng.SuiteRunner.runTest(SuiteRunner.java:377)
at org.testng.SuiteRunner.runSequentially(SuiteRunner.java:371)
at org.testng.SuiteRunner.privateRun(SuiteRunner.java:332)
at org.testng.SuiteRunner.run(SuiteRunner.java:276)
at org.testng.SuiteRunnerWorker.runSuite(SuiteRunnerWorker.java:53)
at org.testng.SuiteRunnerWorker.run(SuiteRunnerWorker.java:96)
at org.testng.TestNG.runSuitesSequentially(TestNG.java:1212)
at org.testng.TestNG.runSuitesLocally(TestNG.java:1134)
at org.testng.TestNG.runSuites(TestNG.java:1063)
at org.testng.TestNG.run(TestNG.java:1031)
at org.testng.remote.AbstractRemoteTestNG.run(AbstractRemoteTestNG.java:115)
at org.testng.remote.RemoteTestNG.initAndRun(RemoteTestNG.java:251)
at org.testng.remote.RemoteTestNG.main(RemoteTestNG.java:77)
]]>
    </failure>
  </testcase> <!-- validateColumnName_BKP -->
  <system-out>
    <![CDATA[Executing Snowflake query :: SELECT count(*) as TOTAL FROM DEV_ENT_RAW.ST_EANESHEATING_MATILLION.TRUCK
Snowflake - SQLException at readDB() method :: SQL compilation error:
Object 'DEV_ENT_RAW.ST_EANESHEATING_MATILLION.TRUCK' does not exist or not authorized.
Executing Snowflake query :: select count(*) as TOTAL from CURATED_DATAMART.ST_BKP_EANESHEATING.STR_TRUCK Where ACTIVE_FLAG='Y'
Table Count in Snowflake:: 81
Executing Snowflake query :: select count(*) as TOTAL from DEV_ENT_CURATED.MASTER_DIMENSIONS.DIM_TRUCK where tenant_type='EANESHEATING' and RECORD_UPDATED_BY='Backup Table'
Table Count in Snowflake:: 81
Row Count of Table TRUCK is matched for RAW :: 0 DataMart :: 81 CURATED :: 81]]>
  </system-out>
  <testcase classname="testcases.RAW_DATAMART_CURATED.SnowFlake_RowCount_v1" name="validateColumnName_BKP" time="1.856"/>
  <system-out>
    <![CDATA[Executing Snowflake query :: SELECT count(*) as TOTAL FROM DEV_ENT_RAW.ST_HUTCHINSON_MATILLION.COUNTERSALESLOCATION
Table Count in Snowflake:: 1
Executing Snowflake query :: select count(*) as TOTAL from CURATED_DATAMART.ST_BKP_HUTCHINSON.STR_COUNTERSALESLOCATION Where ACTIVE_FLAG='Y'
Table Count in Snowflake:: 1
Executing Snowflake query :: select count(*) as TOTAL from DEV_ENT_CURATED.MASTER_DIMENSIONS.DIM_COUNTERSALESLOCATION where tenant_type='HUTCHINSON' and RECORD_UPDATED_BY='Backup Table'
Table Count in Snowflake:: 1
Row Count of Table COUNTERSALESLOCATION is matched for RAW :: 1 DataMart :: 1 CURATED :: 1]]>
  </system-out>
  <testcase classname="testcases.RAW_DATAMART_CURATED.SnowFlake_RowCount_v1" name="validateColumnName_BKP" time="1.769"/>
  <system-out>
    <![CDATA[Executing Snowflake query :: SELECT count(*) as TOTAL FROM DEV_ENT_RAW.ST_SNELLHEATINGAIR_MATILLION.PAYROLLPROFILE
Table Count in Snowflake:: 1
Executing Snowflake query :: select count(*) as TOTAL from CURATED_DATAMART.ST_BKP_SNELLHEATINGAIR.STR_PAYROLLPROFILE Where ACTIVE_FLAG='Y'
Table Count in Snowflake:: 1
Executing Snowflake query :: select count(*) as TOTAL from DEV_ENT_CURATED.MASTER_DIMENSIONS.DIM_PAYROLLPROFILE where tenant_type='SNELLHEATINGAIR' and RECORD_UPDATED_BY='Backup Table'
Table Count in Snowflake:: 1
Row Count of Table PAYROLLPROFILE is matched for RAW :: 1 DataMart :: 1 CURATED :: 1]]>
  </system-out>
  <testcase classname="testcases.RAW_DATAMART_CURATED.SnowFlake_RowCount_v1" name="validateColumnName_BKP" time="1.317">
    <failure message="The following asserts failed:
	null,
	null,
	null" type="java.lang.AssertionError">
      <![CDATA[java.lang.AssertionError: The following asserts failed:
null,
null,
null
at org.testng.asserts.SoftAssert.assertAll(SoftAssert.java:47)
at org.testng.asserts.SoftAssert.assertAll(SoftAssert.java:31)
at testcases.RAW_DATAMART_CURATED.SnowFlake_RowCount_v1.validateColumnName_BKP(SnowFlake_RowCount_v1.java:39)
at jdk.internal.reflect.GeneratedMethodAccessor38.invoke(Unknown Source)
at java.base/jdk.internal.reflect.DelegatingMethodAccessorImpl.invoke(DelegatingMethodAccessorImpl.java:43)
at java.base/java.lang.reflect.Method.invoke(Method.java:568)
at org.testng.internal.MethodInvocationHelper.invokeMethod(MethodInvocationHelper.java:133)
at org.testng.internal.TestInvoker.invokeMethod(TestInvoker.java:598)
at org.testng.internal.TestInvoker.invokeTestMethod(TestInvoker.java:173)
at org.testng.internal.MethodRunner.runInSequence(MethodRunner.java:46)
at org.testng.internal.TestInvoker$MethodInvocationAgent.invoke(TestInvoker.java:824)
at org.testng.internal.TestInvoker.invokeTestMethods(TestInvoker.java:146)
at org.testng.internal.TestMethodWorker.invokeTestMethods(TestMethodWorker.java:146)
at org.testng.internal.TestMethodWorker.run(TestMethodWorker.java:128)
at java.base/java.util.ArrayList.forEach(ArrayList.java:1511)
at org.testng.TestRunner.privateRun(TestRunner.java:794)
at org.testng.TestRunner.run(TestRunner.java:596)
at org.testng.SuiteRunner.runTest(SuiteRunner.java:377)
at org.testng.SuiteRunner.runSequentially(SuiteRunner.java:371)
at org.testng.SuiteRunner.privateRun(SuiteRunner.java:332)
at org.testng.SuiteRunner.run(SuiteRunner.java:276)
at org.testng.SuiteRunnerWorker.runSuite(SuiteRunnerWorker.java:53)
at org.testng.SuiteRunnerWorker.run(SuiteRunnerWorker.java:96)
at org.testng.TestNG.runSuitesSequentially(TestNG.java:1212)
at org.testng.TestNG.runSuitesLocally(TestNG.java:1134)
at org.testng.TestNG.runSuites(TestNG.java:1063)
at org.testng.TestNG.run(TestNG.java:1031)
at org.testng.remote.AbstractRemoteTestNG.run(AbstractRemoteTestNG.java:115)
at org.testng.remote.RemoteTestNG.initAndRun(RemoteTestNG.java:251)
at org.testng.remote.RemoteTestNG.main(RemoteTestNG.java:77)
]]>
    </failure>
  </testcase> <!-- validateColumnName_BKP -->
  <system-out>
    <![CDATA[Executing Snowflake query :: SELECT count(*) as TOTAL FROM DEV_ENT_RAW.ST_HDAIR_MATILLION.TECHNICIANATTACHEDPROPERTY
Snowflake - SQLException at readDB() method :: SQL compilation error:
Object 'DEV_ENT_RAW.ST_HDAIR_MATILLION.TECHNICIANATTACHEDPROPERTY' does not exist or not authorized.
Executing Snowflake query :: select count(*) as TOTAL from CURATED_DATAMART.ST_BKP_HDAIR.STR_TECHNICIANATTACHEDPROPERTY Where ACTIVE_FLAG='Y'
Table Count in Snowflake:: 641
Executing Snowflake query :: select count(*) as TOTAL from DEV_ENT_CURATED.MASTER_DIMENSIONS.DIM_TECHNICIANATTACHEDPROPERTY where tenant_type='HDAIR' and RECORD_UPDATED_BY='Backup Table'
Snowflake - SQLException at readDB() method :: SQL compilation error: error line 1 at position 125
invalid identifier 'RECORD_UPDATED_BY'
Row Count of Table TECHNICIANATTACHEDPROPERTY is not matched for RAW :: 0 DataMart :: 641 CURATED :: 0]]>
  </system-out>
  <testcase classname="testcases.RAW_DATAMART_CURATED.SnowFlake_RowCount_v1" name="validateColumnName_BKP" time="1.793"/>
  <system-out>
    <![CDATA[Executing Snowflake query :: SELECT count(*) as TOTAL FROM DEV_ENT_RAW.ST_HARP_MATILLION.OVERTIMEPROFILE
Table Count in Snowflake:: 6
Executing Snowflake query :: select count(*) as TOTAL from CURATED_DATAMART.ST_BKP_HARP.STR_OVERTIMEPROFILE Where ACTIVE_FLAG='Y'
Table Count in Snowflake:: 6
Executing Snowflake query :: select count(*) as TOTAL from DEV_ENT_CURATED.MASTER_DIMENSIONS.DIM_OVERTIMEPROFILE where tenant_type='HARP' and RECORD_UPDATED_BY='Backup Table'
Table Count in Snowflake:: 6
Row Count of Table OVERTIMEPROFILE is matched for RAW :: 6 DataMart :: 6 CURATED :: 6]]>
  </system-out>
  <testcase classname="testcases.RAW_DATAMART_CURATED.SnowFlake_RowCount_v1" name="validateColumnName_BKP" time="1.854"/>
  <system-out>
    <![CDATA[Executing Snowflake query :: SELECT count(*) as TOTAL FROM DEV_ENT_RAW.ST_HORIZONSERVICES_MATILLION.PAYROLLPROFILE
Table Count in Snowflake:: 1
Executing Snowflake query :: select count(*) as TOTAL from CURATED_DATAMART.ST_BKP_HORIZONSERVICES.STR_PAYROLLPROFILE Where ACTIVE_FLAG='Y'
Table Count in Snowflake:: 1
Executing Snowflake query :: select count(*) as TOTAL from DEV_ENT_CURATED.MASTER_DIMENSIONS.DIM_PAYROLLPROFILE where tenant_type='HORIZONSERVICES' and RECORD_UPDATED_BY='Backup Table'
Table Count in Snowflake:: 1
Row Count of Table PAYROLLPROFILE is matched for RAW :: 1 DataMart :: 1 CURATED :: 1]]>
  </system-out>
  <testcase classname="testcases.RAW_DATAMART_CURATED.SnowFlake_RowCount_v1" name="validateColumnName_BKP" time="1.318">
    <failure message="The following asserts failed:
	null" type="java.lang.AssertionError">
      <![CDATA[java.lang.AssertionError: The following asserts failed:
null
at org.testng.asserts.SoftAssert.assertAll(SoftAssert.java:47)
at org.testng.asserts.SoftAssert.assertAll(SoftAssert.java:31)
at testcases.RAW_DATAMART_CURATED.SnowFlake_RowCount_v1.validateColumnName_BKP(SnowFlake_RowCount_v1.java:39)
at jdk.internal.reflect.GeneratedMethodAccessor38.invoke(Unknown Source)
at java.base/jdk.internal.reflect.DelegatingMethodAccessorImpl.invoke(DelegatingMethodAccessorImpl.java:43)
at java.base/java.lang.reflect.Method.invoke(Method.java:568)
at org.testng.internal.MethodInvocationHelper.invokeMethod(MethodInvocationHelper.java:133)
at org.testng.internal.TestInvoker.invokeMethod(TestInvoker.java:598)
at org.testng.internal.TestInvoker.invokeTestMethod(TestInvoker.java:173)
at org.testng.internal.MethodRunner.runInSequence(MethodRunner.java:46)
at org.testng.internal.TestInvoker$MethodInvocationAgent.invoke(TestInvoker.java:824)
at org.testng.internal.TestInvoker.invokeTestMethods(TestInvoker.java:146)
at org.testng.internal.TestMethodWorker.invokeTestMethods(TestMethodWorker.java:146)
at org.testng.internal.TestMethodWorker.run(TestMethodWorker.java:128)
at java.base/java.util.ArrayList.forEach(ArrayList.java:1511)
at org.testng.TestRunner.privateRun(TestRunner.java:794)
at org.testng.TestRunner.run(TestRunner.java:596)
at org.testng.SuiteRunner.runTest(SuiteRunner.java:377)
at org.testng.SuiteRunner.runSequentially(SuiteRunner.java:371)
at org.testng.SuiteRunner.privateRun(SuiteRunner.java:332)
at org.testng.SuiteRunner.run(SuiteRunner.java:276)
at org.testng.SuiteRunnerWorker.runSuite(SuiteRunnerWorker.java:53)
at org.testng.SuiteRunnerWorker.run(SuiteRunnerWorker.java:96)
at org.testng.TestNG.runSuitesSequentially(TestNG.java:1212)
at org.testng.TestNG.runSuitesLocally(TestNG.java:1134)
at org.testng.TestNG.runSuites(TestNG.java:1063)
at org.testng.TestNG.run(TestNG.java:1031)
at org.testng.remote.AbstractRemoteTestNG.run(AbstractRemoteTestNG.java:115)
at org.testng.remote.RemoteTestNG.initAndRun(RemoteTestNG.java:251)
at org.testng.remote.RemoteTestNG.main(RemoteTestNG.java:77)
]]>
    </failure>
  </testcase> <!-- validateColumnName_BKP -->
  <system-out>
    <![CDATA[Executing Snowflake query :: SELECT count(*) as TOTAL FROM DEV_ENT_RAW.ST_EANESHEATING_MATILLION.JOBCANCELEDLOG
Snowflake - SQLException at readDB() method :: SQL compilation error:
Object 'DEV_ENT_RAW.ST_EANESHEATING_MATILLION.JOBCANCELEDLOG' does not exist or not authorized.
Executing Snowflake query :: select count(*) as TOTAL from CURATED_DATAMART.ST_BKP_EANESHEATING.STR_JOBCANCELEDLOG Where ACTIVE_FLAG='Y'
Table Count in Snowflake:: 6773
Executing Snowflake query :: select count(*) as TOTAL from DEV_ENT_CURATED.MASTER_DIMENSIONS.DIM_JOBCANCELEDLOG where tenant_type='EANESHEATING' and RECORD_UPDATED_BY='Backup Table'
Table Count in Snowflake:: 6773
Row Count of Table JOBCANCELEDLOG is matched for RAW :: 0 DataMart :: 6773 CURATED :: 6773]]>
  </system-out>
  <testcase classname="testcases.RAW_DATAMART_CURATED.SnowFlake_RowCount_v1" name="validateColumnName_BKP" time="1.858"/>
  <system-out>
    <![CDATA[Executing Snowflake query :: SELECT count(*) as TOTAL FROM DEV_ENT_RAW.ST_FOURPROS_MATILLION.DIVISION
Table Count in Snowflake:: 4
Executing Snowflake query :: select count(*) as TOTAL from CURATED_DATAMART.ST_BKP_FOURPROS.STR_DIVISION Where ACTIVE_FLAG='Y'
Table Count in Snowflake:: 4
Executing Snowflake query :: select count(*) as TOTAL from DEV_ENT_CURATED.MASTER_DIMENSIONS.DIM_DIVISION where tenant_type='FOURPROS' and RECORD_UPDATED_BY='Backup Table'
Table Count in Snowflake:: 4
Row Count of Table DIVISION is matched for RAW :: 4 DataMart :: 4 CURATED :: 4]]>
  </system-out>
</testsuite> <!-- testcases.RAW_DATAMART_CURATED.SnowFlake_RowCount_v1 -->
