<?xml version="1.0" encoding="UTF-8"?>
<!-- Generated by org.testng.reporters.JUnitReportReporter -->
<testsuite hostname="BALT-CHN-00" failures="527" tests="555" name="testcases.RAW_DATAMART_CURATED.SnowFlake_RowCount_Master" time="1274.134" errors="0" timestamp="2021-12-09T11:50:32 IST" skipped="0">
  <testcase classname="testcases.RAW_DATAMART_CURATED.SnowFlake_RowCount_Master" name="Testcase_RowCount_validation" time="1.837">
    <failure message="The following asserts failed:
	null" type="java.lang.AssertionError">
      <![CDATA[java.lang.AssertionError: The following asserts failed:
null
at org.testng.asserts.SoftAssert.assertAll(SoftAssert.java:47)
at org.testng.asserts.SoftAssert.assertAll(SoftAssert.java:31)
at testcases.RAW_DATAMART_CURATED.SnowFlake_RowCount_Master.validate_RowCount_BKP(SnowFlake_RowCount_Master.java:56)
at testcases.RAW_DATAMART_CURATED.SnowFlake_RowCount_Master.Testcase_RowCount_validation(SnowFlake_RowCount_Master.java:25)
at jdk.internal.reflect.GeneratedMethodAccessor13.invoke(Unknown Source)
at java.base/jdk.internal.reflect.DelegatingMethodAccessorImpl.invoke(DelegatingMethodAccessorImpl.java:43)
at java.base/java.lang.reflect.Method.invoke(Method.java:568)
at org.testng.internal.MethodInvocationHelper.invokeMethod(MethodInvocationHelper.java:133)
at org.testng.internal.TestInvoker.invokeMethod(TestInvoker.java:598)
at org.testng.internal.TestInvoker.invokeTestMethod(TestInvoker.java:173)
at org.testng.internal.MethodRunner.runInSequence(MethodRunner.java:46)
at org.testng.internal.TestInvoker$MethodInvocationAgent.invoke(TestInvoker.java:824)
at org.testng.internal.TestInvoker.invokeTestMethods(TestInvoker.java:146)
at org.testng.internal.TestMethodWorker.invokeTestMethods(TestMethodWorker.java:146)
at org.testng.internal.TestMethodWorker.run(TestMethodWorker.java:128)
at java.base/java.util.ArrayList.forEach(ArrayList.java:1511)
at org.testng.TestRunner.privateRun(TestRunner.java:794)
at org.testng.TestRunner.run(TestRunner.java:596)
at org.testng.SuiteRunner.runTest(SuiteRunner.java:377)
at org.testng.SuiteRunner.runSequentially(SuiteRunner.java:371)
at org.testng.SuiteRunner.privateRun(SuiteRunner.java:332)
at org.testng.SuiteRunner.run(SuiteRunner.java:276)
at org.testng.SuiteRunnerWorker.runSuite(SuiteRunnerWorker.java:53)
at org.testng.SuiteRunnerWorker.run(SuiteRunnerWorker.java:96)
at org.testng.TestNG.runSuitesSequentially(TestNG.java:1212)
at org.testng.TestNG.runSuitesLocally(TestNG.java:1134)
at org.testng.TestNG.runSuites(TestNG.java:1063)
at org.testng.TestNG.run(TestNG.java:1031)
at org.testng.remote.AbstractRemoteTestNG.run(AbstractRemoteTestNG.java:115)
at org.testng.remote.RemoteTestNG.initAndRun(RemoteTestNG.java:251)
at org.testng.remote.RemoteTestNG.main(RemoteTestNG.java:77)
]]>
    </failure>
  </testcase> <!-- Testcase_RowCount_validation -->
  <system-out>
    <![CDATA[Executing Snowflake query :: SELECT count(*) as TOTAL FROM DEV_ENT_RAW.ST_HENDERSON_MATILLION.TECHNICIANPAYROLLADJUSTMENT
Table Count in Snowflake:: 0
Executing Snowflake query :: select count(*) as TOTAL from CURATED_DATAMART.ST_BKP_HENDERSON.STR_TECHNICIANPAYROLLADJUSTMENT Where ACTIVE_FLAG='Y'
Table Count in Snowflake:: 0
Executing Snowflake query :: select count(*) as TOTAL from DEV_ENT_CURATED.MASTER_DIMENSIONS.DIM_TECHNICIANPAYROLLADJUSTMENT where tenant_type='HENDERSON' and RECORD_UPDATED_BY='Backup Table'
Snowflake - SQLException at readDB() method :: SQL compilation error: error line 1 at position 130
invalid identifier 'RECORD_UPDATED_BY'
Row Count of Table TECHNICIANPAYROLLADJUSTMENT is matched for RAW :: 0 DataMart :: 0 CURATED :: 0]]>
  </system-out>
  <testcase classname="testcases.RAW_DATAMART_CURATED.SnowFlake_RowCount_Master" name="Testcase_RowCount_validation" time="2.429"/>
  <system-out>
    <![CDATA[Executing Snowflake query :: SELECT count(*) as TOTAL FROM DEV_ENT_RAW.ST_GOLDMEDAL_MATILLION.INVOICE
Table Count in Snowflake:: 1266356
Executing Snowflake query :: select count(*) as TOTAL from CURATED_DATAMART.ST_BKP_GOLDMEDAL.STR_INVOICE Where ACTIVE_FLAG='Y'
Table Count in Snowflake:: 1266505
Executing Snowflake query :: select count(*) as TOTAL from DEV_ENT_CURATED.MASTER_DIMENSIONS.FACT_INVOICE where tenant_type='GOLDMEDAL' and RECORD_UPDATED_BY='Backup Table'
Table Count in Snowflake:: 1503040
Row Count of Table INVOICE is matched for RAW :: 1266356 DataMart :: 1266505 CURATED :: 1503040]]>
  </system-out>
  <testcase classname="testcases.RAW_DATAMART_CURATED.SnowFlake_RowCount_Master" name="Testcase_RowCount_validation" time="1.898">
    <failure message="The following asserts failed:
	null" type="java.lang.AssertionError">
      <![CDATA[java.lang.AssertionError: The following asserts failed:
null
at org.testng.asserts.SoftAssert.assertAll(SoftAssert.java:47)
at org.testng.asserts.SoftAssert.assertAll(SoftAssert.java:31)
at testcases.RAW_DATAMART_CURATED.SnowFlake_RowCount_Master.validate_RowCount_BKP(SnowFlake_RowCount_Master.java:56)
at testcases.RAW_DATAMART_CURATED.SnowFlake_RowCount_Master.Testcase_RowCount_validation(SnowFlake_RowCount_Master.java:25)
at jdk.internal.reflect.GeneratedMethodAccessor13.invoke(Unknown Source)
at java.base/jdk.internal.reflect.DelegatingMethodAccessorImpl.invoke(DelegatingMethodAccessorImpl.java:43)
at java.base/java.lang.reflect.Method.invoke(Method.java:568)
at org.testng.internal.MethodInvocationHelper.invokeMethod(MethodInvocationHelper.java:133)
at org.testng.internal.TestInvoker.invokeMethod(TestInvoker.java:598)
at org.testng.internal.TestInvoker.invokeTestMethod(TestInvoker.java:173)
at org.testng.internal.MethodRunner.runInSequence(MethodRunner.java:46)
at org.testng.internal.TestInvoker$MethodInvocationAgent.invoke(TestInvoker.java:824)
at org.testng.internal.TestInvoker.invokeTestMethods(TestInvoker.java:146)
at org.testng.internal.TestMethodWorker.invokeTestMethods(TestMethodWorker.java:146)
at org.testng.internal.TestMethodWorker.run(TestMethodWorker.java:128)
at java.base/java.util.ArrayList.forEach(ArrayList.java:1511)
at org.testng.TestRunner.privateRun(TestRunner.java:794)
at org.testng.TestRunner.run(TestRunner.java:596)
at org.testng.SuiteRunner.runTest(SuiteRunner.java:377)
at org.testng.SuiteRunner.runSequentially(SuiteRunner.java:371)
at org.testng.SuiteRunner.privateRun(SuiteRunner.java:332)
at org.testng.SuiteRunner.run(SuiteRunner.java:276)
at org.testng.SuiteRunnerWorker.runSuite(SuiteRunnerWorker.java:53)
at org.testng.SuiteRunnerWorker.run(SuiteRunnerWorker.java:96)
at org.testng.TestNG.runSuitesSequentially(TestNG.java:1212)
at org.testng.TestNG.runSuitesLocally(TestNG.java:1134)
at org.testng.TestNG.runSuites(TestNG.java:1063)
at org.testng.TestNG.run(TestNG.java:1031)
at org.testng.remote.AbstractRemoteTestNG.run(AbstractRemoteTestNG.java:115)
at org.testng.remote.RemoteTestNG.initAndRun(RemoteTestNG.java:251)
at org.testng.remote.RemoteTestNG.main(RemoteTestNG.java:77)
]]>
    </failure>
  </testcase> <!-- Testcase_RowCount_validation -->
  <system-out>
    <![CDATA[Executing Snowflake query :: SELECT count(*) as TOTAL FROM DEV_ENT_RAW.ST_SNELLHEATINGAIR_MATILLION.CALLREASON
Table Count in Snowflake:: 48
Executing Snowflake query :: select count(*) as TOTAL from CURATED_DATAMART.ST_BKP_SNELLHEATINGAIR.STR_CALLREASON Where ACTIVE_FLAG='Y'
Table Count in Snowflake:: 48
Executing Snowflake query :: select count(*) as TOTAL from DEV_ENT_CURATED.MASTER_DIMENSIONS.DIM_CALLREASON where tenant_type='SNELLHEATINGAIR' and RECORD_UPDATED_BY='Backup Table'
Table Count in Snowflake:: 42
Row Count of Table CALLREASON is not matched for RAW :: 48 DataMart :: 48 CURATED :: 42]]>
  </system-out>
  <testcase classname="testcases.RAW_DATAMART_CURATED.SnowFlake_RowCount_Master" name="Testcase_RowCount_validation" time="1.957">
    <failure message="The following asserts failed:
	null,
	null" type="java.lang.AssertionError">
      <![CDATA[java.lang.AssertionError: The following asserts failed:
null,
null
at org.testng.asserts.SoftAssert.assertAll(SoftAssert.java:47)
at org.testng.asserts.SoftAssert.assertAll(SoftAssert.java:31)
at testcases.RAW_DATAMART_CURATED.SnowFlake_RowCount_Master.validate_RowCount_BKP(SnowFlake_RowCount_Master.java:56)
at testcases.RAW_DATAMART_CURATED.SnowFlake_RowCount_Master.Testcase_RowCount_validation(SnowFlake_RowCount_Master.java:25)
at jdk.internal.reflect.GeneratedMethodAccessor13.invoke(Unknown Source)
at java.base/jdk.internal.reflect.DelegatingMethodAccessorImpl.invoke(DelegatingMethodAccessorImpl.java:43)
at java.base/java.lang.reflect.Method.invoke(Method.java:568)
at org.testng.internal.MethodInvocationHelper.invokeMethod(MethodInvocationHelper.java:133)
at org.testng.internal.TestInvoker.invokeMethod(TestInvoker.java:598)
at org.testng.internal.TestInvoker.invokeTestMethod(TestInvoker.java:173)
at org.testng.internal.MethodRunner.runInSequence(MethodRunner.java:46)
at org.testng.internal.TestInvoker$MethodInvocationAgent.invoke(TestInvoker.java:824)
at org.testng.internal.TestInvoker.invokeTestMethods(TestInvoker.java:146)
at org.testng.internal.TestMethodWorker.invokeTestMethods(TestMethodWorker.java:146)
at org.testng.internal.TestMethodWorker.run(TestMethodWorker.java:128)
at java.base/java.util.ArrayList.forEach(ArrayList.java:1511)
at org.testng.TestRunner.privateRun(TestRunner.java:794)
at org.testng.TestRunner.run(TestRunner.java:596)
at org.testng.SuiteRunner.runTest(SuiteRunner.java:377)
at org.testng.SuiteRunner.runSequentially(SuiteRunner.java:371)
at org.testng.SuiteRunner.privateRun(SuiteRunner.java:332)
at org.testng.SuiteRunner.run(SuiteRunner.java:276)
at org.testng.SuiteRunnerWorker.runSuite(SuiteRunnerWorker.java:53)
at org.testng.SuiteRunnerWorker.run(SuiteRunnerWorker.java:96)
at org.testng.TestNG.runSuitesSequentially(TestNG.java:1212)
at org.testng.TestNG.runSuitesLocally(TestNG.java:1134)
at org.testng.TestNG.runSuites(TestNG.java:1063)
at org.testng.TestNG.run(TestNG.java:1031)
at org.testng.remote.AbstractRemoteTestNG.run(AbstractRemoteTestNG.java:115)
at org.testng.remote.RemoteTestNG.initAndRun(RemoteTestNG.java:251)
at org.testng.remote.RemoteTestNG.main(RemoteTestNG.java:77)
]]>
    </failure>
  </testcase> <!-- Testcase_RowCount_validation -->
  <system-out>
    <![CDATA[Executing Snowflake query :: SELECT count(*) as TOTAL FROM DEV_ENT_RAW.ST_HORIZONSERVICES_MATILLION.TECHNICIANATTACHEDPROPERTY
Table Count in Snowflake:: 7146
Executing Snowflake query :: select count(*) as TOTAL from CURATED_DATAMART.ST_BKP_HORIZONSERVICES.STR_TECHNICIANATTACHEDPROPERTY Where ACTIVE_FLAG='Y'
Table Count in Snowflake:: 7135
Executing Snowflake query :: select count(*) as TOTAL from DEV_ENT_CURATED.MASTER_DIMENSIONS.DIM_TECHNICIANATTACHEDPROPERTY where tenant_type='HORIZONSERVICES' and RECORD_UPDATED_BY='Backup Table'
Snowflake - SQLException at readDB() method :: SQL compilation error: error line 1 at position 135
invalid identifier 'RECORD_UPDATED_BY'
Row Count of Table TECHNICIANATTACHEDPROPERTY is not matched for RAW :: 7146 DataMart :: 7135 CURATED :: 0]]>
  </system-out>
  <testcase classname="testcases.RAW_DATAMART_CURATED.SnowFlake_RowCount_Master" name="Testcase_RowCount_validation" time="2.079">
    <failure message="The following asserts failed:
	null" type="java.lang.AssertionError">
      <![CDATA[java.lang.AssertionError: The following asserts failed:
null
at org.testng.asserts.SoftAssert.assertAll(SoftAssert.java:47)
at org.testng.asserts.SoftAssert.assertAll(SoftAssert.java:31)
at testcases.RAW_DATAMART_CURATED.SnowFlake_RowCount_Master.validate_RowCount_BKP(SnowFlake_RowCount_Master.java:56)
at testcases.RAW_DATAMART_CURATED.SnowFlake_RowCount_Master.Testcase_RowCount_validation(SnowFlake_RowCount_Master.java:25)
at jdk.internal.reflect.GeneratedMethodAccessor13.invoke(Unknown Source)
at java.base/jdk.internal.reflect.DelegatingMethodAccessorImpl.invoke(DelegatingMethodAccessorImpl.java:43)
at java.base/java.lang.reflect.Method.invoke(Method.java:568)
at org.testng.internal.MethodInvocationHelper.invokeMethod(MethodInvocationHelper.java:133)
at org.testng.internal.TestInvoker.invokeMethod(TestInvoker.java:598)
at org.testng.internal.TestInvoker.invokeTestMethod(TestInvoker.java:173)
at org.testng.internal.MethodRunner.runInSequence(MethodRunner.java:46)
at org.testng.internal.TestInvoker$MethodInvocationAgent.invoke(TestInvoker.java:824)
at org.testng.internal.TestInvoker.invokeTestMethods(TestInvoker.java:146)
at org.testng.internal.TestMethodWorker.invokeTestMethods(TestMethodWorker.java:146)
at org.testng.internal.TestMethodWorker.run(TestMethodWorker.java:128)
at java.base/java.util.ArrayList.forEach(ArrayList.java:1511)
at org.testng.TestRunner.privateRun(TestRunner.java:794)
at org.testng.TestRunner.run(TestRunner.java:596)
at org.testng.SuiteRunner.runTest(SuiteRunner.java:377)
at org.testng.SuiteRunner.runSequentially(SuiteRunner.java:371)
at org.testng.SuiteRunner.privateRun(SuiteRunner.java:332)
at org.testng.SuiteRunner.run(SuiteRunner.java:276)
at org.testng.SuiteRunnerWorker.runSuite(SuiteRunnerWorker.java:53)
at org.testng.SuiteRunnerWorker.run(SuiteRunnerWorker.java:96)
at org.testng.TestNG.runSuitesSequentially(TestNG.java:1212)
at org.testng.TestNG.runSuitesLocally(TestNG.java:1134)
at org.testng.TestNG.runSuites(TestNG.java:1063)
at org.testng.TestNG.run(TestNG.java:1031)
at org.testng.remote.AbstractRemoteTestNG.run(AbstractRemoteTestNG.java:115)
at org.testng.remote.RemoteTestNG.initAndRun(RemoteTestNG.java:251)
at org.testng.remote.RemoteTestNG.main(RemoteTestNG.java:77)
]]>
    </failure>
  </testcase> <!-- Testcase_RowCount_validation -->
  <system-out>
    <![CDATA[Executing Snowflake query :: SELECT count(*) as TOTAL FROM DEV_ENT_RAW.ST_EANESHEATING_MATILLION.SERVICE
Snowflake - SQLException at readDB() method :: SQL compilation error:
Object 'DEV_ENT_RAW.ST_EANESHEATING_MATILLION.SERVICE' does not exist or not authorized.
Executing Snowflake query :: select count(*) as TOTAL from CURATED_DATAMART.ST_BKP_EANESHEATING.STR_SERVICE Where ACTIVE_FLAG='Y'
Table Count in Snowflake:: 2323
Executing Snowflake query :: select count(*) as TOTAL from DEV_ENT_CURATED.MASTER_DIMENSIONS.DIM_SERVICE where tenant_type='EANESHEATING' and RECORD_UPDATED_BY='Backup Table'
Table Count in Snowflake:: 2323
Row Count of Table SERVICE is matched for RAW :: 0 DataMart :: 2323 CURATED :: 2323]]>
  </system-out>
  <testcase classname="testcases.RAW_DATAMART_CURATED.SnowFlake_RowCount_Master" name="Testcase_RowCount_validation" time="1.739">
    <failure message="The following asserts failed:
	null" type="java.lang.AssertionError">
      <![CDATA[java.lang.AssertionError: The following asserts failed:
null
at org.testng.asserts.SoftAssert.assertAll(SoftAssert.java:47)
at org.testng.asserts.SoftAssert.assertAll(SoftAssert.java:31)
at testcases.RAW_DATAMART_CURATED.SnowFlake_RowCount_Master.validate_RowCount_API(SnowFlake_RowCount_Master.java:115)
at testcases.RAW_DATAMART_CURATED.SnowFlake_RowCount_Master.Testcase_RowCount_validation(SnowFlake_RowCount_Master.java:28)
at jdk.internal.reflect.GeneratedMethodAccessor13.invoke(Unknown Source)
at java.base/jdk.internal.reflect.DelegatingMethodAccessorImpl.invoke(DelegatingMethodAccessorImpl.java:43)
at java.base/java.lang.reflect.Method.invoke(Method.java:568)
at org.testng.internal.MethodInvocationHelper.invokeMethod(MethodInvocationHelper.java:133)
at org.testng.internal.TestInvoker.invokeMethod(TestInvoker.java:598)
at org.testng.internal.TestInvoker.invokeTestMethod(TestInvoker.java:173)
at org.testng.internal.MethodRunner.runInSequence(MethodRunner.java:46)
at org.testng.internal.TestInvoker$MethodInvocationAgent.invoke(TestInvoker.java:824)
at org.testng.internal.TestInvoker.invokeTestMethods(TestInvoker.java:146)
at org.testng.internal.TestMethodWorker.invokeTestMethods(TestMethodWorker.java:146)
at org.testng.internal.TestMethodWorker.run(TestMethodWorker.java:128)
at java.base/java.util.ArrayList.forEach(ArrayList.java:1511)
at org.testng.TestRunner.privateRun(TestRunner.java:794)
at org.testng.TestRunner.run(TestRunner.java:596)
at org.testng.SuiteRunner.runTest(SuiteRunner.java:377)
at org.testng.SuiteRunner.runSequentially(SuiteRunner.java:371)
at org.testng.SuiteRunner.privateRun(SuiteRunner.java:332)
at org.testng.SuiteRunner.run(SuiteRunner.java:276)
at org.testng.SuiteRunnerWorker.runSuite(SuiteRunnerWorker.java:53)
at org.testng.SuiteRunnerWorker.run(SuiteRunnerWorker.java:96)
at org.testng.TestNG.runSuitesSequentially(TestNG.java:1212)
at org.testng.TestNG.runSuitesLocally(TestNG.java:1134)
at org.testng.TestNG.runSuites(TestNG.java:1063)
at org.testng.TestNG.run(TestNG.java:1031)
at org.testng.remote.AbstractRemoteTestNG.run(AbstractRemoteTestNG.java:115)
at org.testng.remote.RemoteTestNG.initAndRun(RemoteTestNG.java:251)
at org.testng.remote.RemoteTestNG.main(RemoteTestNG.java:77)
]]>
    </failure>
  </testcase> <!-- Testcase_RowCount_validation -->
  <system-out>
    <![CDATA[Executing Snowflake query :: SELECT count(*) as TOTAL FROM DEV_ENT_RAW.API_MAT.ST_API_ESTIMATEITEM WHERE TENANT_NAME='HDAIR'
Table Count in Snowflake:: 910
Executing Snowflake query :: select count(*) as TOTAL from CURATED_DATAMART.ST_API_HDAIR.STR_API_ESTIMATEITEM WHERE ACTIVE_FLAG='Y'
Table Count in Snowflake:: 609
Executing Snowflake query :: select count(*) as TOTAL from DEV_ENT_CURATED.MASTER_DIMENSIONS.DIM_ESTIMATEITEM WHERE TENANT_TYPE='HDAIR' and RECORD_UPDATED_BY='API ETL'
Table Count in Snowflake:: 609
Row Count of Table ESTIMATEITEM is not matched for APIMAT :: 910 DataMart :: 609
Row Count of Table ESTIMATEITEM is matched for DataMart :: 609 CURATED :: 609]]>
  </system-out>
  <testcase classname="testcases.RAW_DATAMART_CURATED.SnowFlake_RowCount_Master" name="Testcase_RowCount_validation" time="2.674">
    <failure message="The following asserts failed:
	null,
	null" type="java.lang.AssertionError">
      <![CDATA[java.lang.AssertionError: The following asserts failed:
null,
null
at org.testng.asserts.SoftAssert.assertAll(SoftAssert.java:47)
at org.testng.asserts.SoftAssert.assertAll(SoftAssert.java:31)
at testcases.RAW_DATAMART_CURATED.SnowFlake_RowCount_Master.validate_RowCount_API(SnowFlake_RowCount_Master.java:115)
at testcases.RAW_DATAMART_CURATED.SnowFlake_RowCount_Master.Testcase_RowCount_validation(SnowFlake_RowCount_Master.java:28)
at jdk.internal.reflect.GeneratedMethodAccessor13.invoke(Unknown Source)
at java.base/jdk.internal.reflect.DelegatingMethodAccessorImpl.invoke(DelegatingMethodAccessorImpl.java:43)
at java.base/java.lang.reflect.Method.invoke(Method.java:568)
at org.testng.internal.MethodInvocationHelper.invokeMethod(MethodInvocationHelper.java:133)
at org.testng.internal.TestInvoker.invokeMethod(TestInvoker.java:598)
at org.testng.internal.TestInvoker.invokeTestMethod(TestInvoker.java:173)
at org.testng.internal.MethodRunner.runInSequence(MethodRunner.java:46)
at org.testng.internal.TestInvoker$MethodInvocationAgent.invoke(TestInvoker.java:824)
at org.testng.internal.TestInvoker.invokeTestMethods(TestInvoker.java:146)
at org.testng.internal.TestMethodWorker.invokeTestMethods(TestMethodWorker.java:146)
at org.testng.internal.TestMethodWorker.run(TestMethodWorker.java:128)
at java.base/java.util.ArrayList.forEach(ArrayList.java:1511)
at org.testng.TestRunner.privateRun(TestRunner.java:794)
at org.testng.TestRunner.run(TestRunner.java:596)
at org.testng.SuiteRunner.runTest(SuiteRunner.java:377)
at org.testng.SuiteRunner.runSequentially(SuiteRunner.java:371)
at org.testng.SuiteRunner.privateRun(SuiteRunner.java:332)
at org.testng.SuiteRunner.run(SuiteRunner.java:276)
at org.testng.SuiteRunnerWorker.runSuite(SuiteRunnerWorker.java:53)
at org.testng.SuiteRunnerWorker.run(SuiteRunnerWorker.java:96)
at org.testng.TestNG.runSuitesSequentially(TestNG.java:1212)
at org.testng.TestNG.runSuitesLocally(TestNG.java:1134)
at org.testng.TestNG.runSuites(TestNG.java:1063)
at org.testng.TestNG.run(TestNG.java:1031)
at org.testng.remote.AbstractRemoteTestNG.run(AbstractRemoteTestNG.java:115)
at org.testng.remote.RemoteTestNG.initAndRun(RemoteTestNG.java:251)
at org.testng.remote.RemoteTestNG.main(RemoteTestNG.java:77)
]]>
    </failure>
  </testcase> <!-- Testcase_RowCount_validation -->
  <system-out>
    <![CDATA[Executing Snowflake query :: SELECT count(*) as TOTAL FROM DEV_ENT_RAW.API_MAT.ST_API_CUSTOMERMEMBERSHIP WHERE TENANT_NAME='HORIZONSERVICES'
Table Count in Snowflake:: 12111
Executing Snowflake query :: select count(*) as TOTAL from CURATED_DATAMART.ST_API_HORIZONSERVICES.STR_API_CUSTOMERMEMBERSHIP WHERE ACTIVE_FLAG='Y'
Table Count in Snowflake:: 10530
Executing Snowflake query :: select count(*) as TOTAL from DEV_ENT_CURATED.MASTER_DIMENSIONS.DIM_CUSTOMERMEMBERSHIP WHERE TENANT_TYPE='HORIZONSERVICES' and RECORD_UPDATED_BY='API ETL'
Table Count in Snowflake:: 0
Row Count of Table CUSTOMERMEMBERSHIP is not matched for APIMAT :: 12111 DataMart :: 10530
Executing Snowflake query :: select count(*) as TOTAL from DEV_ENT_CURATED.MASTER_DIMENSIONS.DIM_CUSTOMERMEMBERSHIP WHERE TENANT_TYPE='HORIZONSERVICES' and RECORD_UPDATED_BY='Backup Table' AND ID in (select ID from CURATED_DATAMART.ST_API_HORIZONSERVICES.STR_API_CUSTOMERMEMBERSHIP WHERE ACTIVE_FLAG='Y')
Table Count in Snowflake:: 10655
Row Count of Table CUSTOMERMEMBERSHIP is not matched for DataMart :: 10530 CURATED :: 10655]]>
  </system-out>
  <testcase classname="testcases.RAW_DATAMART_CURATED.SnowFlake_RowCount_Master" name="Testcase_RowCount_validation" time="1.502"/>
  <system-out>
    <![CDATA[Executing Snowflake query :: SELECT count(*) as TOTAL FROM DEV_ENT_RAW.ST_SNELLHEATINGAIR_MATILLION.JOBTYPE
Table Count in Snowflake:: 265
Executing Snowflake query :: select count(*) as TOTAL from CURATED_DATAMART.ST_BKP_SNELLHEATINGAIR.STR_JOBTYPE Where ACTIVE_FLAG='Y'
Table Count in Snowflake:: 265
Executing Snowflake query :: select count(*) as TOTAL from DEV_ENT_CURATED.MASTER_DIMENSIONS.DIM_JOBTYPE where tenant_type='SNELLHEATINGAIR' and RECORD_UPDATED_BY='Backup Table'
Table Count in Snowflake:: 265
Row Count of Table JOBTYPE is matched for RAW :: 265 DataMart :: 265 CURATED :: 265]]>
  </system-out>
  <testcase classname="testcases.RAW_DATAMART_CURATED.SnowFlake_RowCount_Master" name="Testcase_RowCount_validation" time="1.555">
    <failure message="The following asserts failed:
	null" type="java.lang.AssertionError">
      <![CDATA[java.lang.AssertionError: The following asserts failed:
null
at org.testng.asserts.SoftAssert.assertAll(SoftAssert.java:47)
at org.testng.asserts.SoftAssert.assertAll(SoftAssert.java:31)
at testcases.RAW_DATAMART_CURATED.SnowFlake_RowCount_Master.validate_RowCount_BKP(SnowFlake_RowCount_Master.java:56)
at testcases.RAW_DATAMART_CURATED.SnowFlake_RowCount_Master.Testcase_RowCount_validation(SnowFlake_RowCount_Master.java:25)
at jdk.internal.reflect.GeneratedMethodAccessor13.invoke(Unknown Source)
at java.base/jdk.internal.reflect.DelegatingMethodAccessorImpl.invoke(DelegatingMethodAccessorImpl.java:43)
at java.base/java.lang.reflect.Method.invoke(Method.java:568)
at org.testng.internal.MethodInvocationHelper.invokeMethod(MethodInvocationHelper.java:133)
at org.testng.internal.TestInvoker.invokeMethod(TestInvoker.java:598)
at org.testng.internal.TestInvoker.invokeTestMethod(TestInvoker.java:173)
at org.testng.internal.MethodRunner.runInSequence(MethodRunner.java:46)
at org.testng.internal.TestInvoker$MethodInvocationAgent.invoke(TestInvoker.java:824)
at org.testng.internal.TestInvoker.invokeTestMethods(TestInvoker.java:146)
at org.testng.internal.TestMethodWorker.invokeTestMethods(TestMethodWorker.java:146)
at org.testng.internal.TestMethodWorker.run(TestMethodWorker.java:128)
at java.base/java.util.ArrayList.forEach(ArrayList.java:1511)
at org.testng.TestRunner.privateRun(TestRunner.java:794)
at org.testng.TestRunner.run(TestRunner.java:596)
at org.testng.SuiteRunner.runTest(SuiteRunner.java:377)
at org.testng.SuiteRunner.runSequentially(SuiteRunner.java:371)
at org.testng.SuiteRunner.privateRun(SuiteRunner.java:332)
at org.testng.SuiteRunner.run(SuiteRunner.java:276)
at org.testng.SuiteRunnerWorker.runSuite(SuiteRunnerWorker.java:53)
at org.testng.SuiteRunnerWorker.run(SuiteRunnerWorker.java:96)
at org.testng.TestNG.runSuitesSequentially(TestNG.java:1212)
at org.testng.TestNG.runSuitesLocally(TestNG.java:1134)
at org.testng.TestNG.runSuites(TestNG.java:1063)
at org.testng.TestNG.run(TestNG.java:1031)
at org.testng.remote.AbstractRemoteTestNG.run(AbstractRemoteTestNG.java:115)
at org.testng.remote.RemoteTestNG.initAndRun(RemoteTestNG.java:251)
at org.testng.remote.RemoteTestNG.main(RemoteTestNG.java:77)
]]>
    </failure>
  </testcase> <!-- Testcase_RowCount_validation -->
  <system-out>
    <![CDATA[Executing Snowflake query :: SELECT count(*) as TOTAL FROM DEV_ENT_RAW.ST_HARP_MATILLION.BUSINESSUNIT
Table Count in Snowflake:: 35
Executing Snowflake query :: select count(*) as TOTAL from CURATED_DATAMART.ST_BKP_HARP.STR_BUSINESSUNIT Where ACTIVE_FLAG='Y'
Table Count in Snowflake:: 70
Executing Snowflake query :: select count(*) as TOTAL from DEV_ENT_CURATED.MASTER_DIMENSIONS.DIM_BUSINESSUNIT where tenant_type='HARP' and RECORD_UPDATED_BY='Backup Table'
Table Count in Snowflake:: 29
Row Count of Table BUSINESSUNIT is not matched for RAW :: 35 DataMart :: 70 CURATED :: 29]]>
  </system-out>
  <testcase classname="testcases.RAW_DATAMART_CURATED.SnowFlake_RowCount_Master" name="Testcase_RowCount_validation" time="1.946">
    <failure message="The following asserts failed:
	null" type="java.lang.AssertionError">
      <![CDATA[java.lang.AssertionError: The following asserts failed:
null
at org.testng.asserts.SoftAssert.assertAll(SoftAssert.java:47)
at org.testng.asserts.SoftAssert.assertAll(SoftAssert.java:31)
at testcases.RAW_DATAMART_CURATED.SnowFlake_RowCount_Master.validate_RowCount_BKP(SnowFlake_RowCount_Master.java:56)
at testcases.RAW_DATAMART_CURATED.SnowFlake_RowCount_Master.Testcase_RowCount_validation(SnowFlake_RowCount_Master.java:25)
at jdk.internal.reflect.GeneratedMethodAccessor13.invoke(Unknown Source)
at java.base/jdk.internal.reflect.DelegatingMethodAccessorImpl.invoke(DelegatingMethodAccessorImpl.java:43)
at java.base/java.lang.reflect.Method.invoke(Method.java:568)
at org.testng.internal.MethodInvocationHelper.invokeMethod(MethodInvocationHelper.java:133)
at org.testng.internal.TestInvoker.invokeMethod(TestInvoker.java:598)
at org.testng.internal.TestInvoker.invokeTestMethod(TestInvoker.java:173)
at org.testng.internal.MethodRunner.runInSequence(MethodRunner.java:46)
at org.testng.internal.TestInvoker$MethodInvocationAgent.invoke(TestInvoker.java:824)
at org.testng.internal.TestInvoker.invokeTestMethods(TestInvoker.java:146)
at org.testng.internal.TestMethodWorker.invokeTestMethods(TestMethodWorker.java:146)
at org.testng.internal.TestMethodWorker.run(TestMethodWorker.java:128)
at java.base/java.util.ArrayList.forEach(ArrayList.java:1511)
at org.testng.TestRunner.privateRun(TestRunner.java:794)
at org.testng.TestRunner.run(TestRunner.java:596)
at org.testng.SuiteRunner.runTest(SuiteRunner.java:377)
at org.testng.SuiteRunner.runSequentially(SuiteRunner.java:371)
at org.testng.SuiteRunner.privateRun(SuiteRunner.java:332)
at org.testng.SuiteRunner.run(SuiteRunner.java:276)
at org.testng.SuiteRunnerWorker.runSuite(SuiteRunnerWorker.java:53)
at org.testng.SuiteRunnerWorker.run(SuiteRunnerWorker.java:96)
at org.testng.TestNG.runSuitesSequentially(TestNG.java:1212)
at org.testng.TestNG.runSuitesLocally(TestNG.java:1134)
at org.testng.TestNG.runSuites(TestNG.java:1063)
at org.testng.TestNG.run(TestNG.java:1031)
at org.testng.remote.AbstractRemoteTestNG.run(AbstractRemoteTestNG.java:115)
at org.testng.remote.RemoteTestNG.initAndRun(RemoteTestNG.java:251)
at org.testng.remote.RemoteTestNG.main(RemoteTestNG.java:77)
]]>
    </failure>
  </testcase> <!-- Testcase_RowCount_validation -->
  <system-out>
    <![CDATA[Executing Snowflake query :: SELECT count(*) as TOTAL FROM DEV_ENT_RAW.ST_EANESHEATING_MATILLION.JOBCANCELEDLOG
Snowflake - SQLException at readDB() method :: SQL compilation error:
Object 'DEV_ENT_RAW.ST_EANESHEATING_MATILLION.JOBCANCELEDLOG' does not exist or not authorized.
Executing Snowflake query :: select count(*) as TOTAL from CURATED_DATAMART.ST_BKP_EANESHEATING.STR_JOBCANCELEDLOG Where ACTIVE_FLAG='Y'
Table Count in Snowflake:: 6819
Executing Snowflake query :: select count(*) as TOTAL from DEV_ENT_CURATED.MASTER_DIMENSIONS.DIM_JOBCANCELEDLOG where tenant_type='EANESHEATING' and RECORD_UPDATED_BY='Backup Table'
Table Count in Snowflake:: 6819
Row Count of Table JOBCANCELEDLOG is matched for RAW :: 0 DataMart :: 6819 CURATED :: 6819]]>
  </system-out>
  <testcase classname="testcases.RAW_DATAMART_CURATED.SnowFlake_RowCount_Master" name="Testcase_RowCount_validation" time="2.558">
    <failure message="The following asserts failed:
	null" type="java.lang.AssertionError">
      <![CDATA[java.lang.AssertionError: The following asserts failed:
null
at org.testng.asserts.SoftAssert.assertAll(SoftAssert.java:47)
at org.testng.asserts.SoftAssert.assertAll(SoftAssert.java:31)
at testcases.RAW_DATAMART_CURATED.SnowFlake_RowCount_Master.validate_RowCount_BKP(SnowFlake_RowCount_Master.java:56)
at testcases.RAW_DATAMART_CURATED.SnowFlake_RowCount_Master.Testcase_RowCount_validation(SnowFlake_RowCount_Master.java:25)
at jdk.internal.reflect.GeneratedMethodAccessor13.invoke(Unknown Source)
at java.base/jdk.internal.reflect.DelegatingMethodAccessorImpl.invoke(DelegatingMethodAccessorImpl.java:43)
at java.base/java.lang.reflect.Method.invoke(Method.java:568)
at org.testng.internal.MethodInvocationHelper.invokeMethod(MethodInvocationHelper.java:133)
at org.testng.internal.TestInvoker.invokeMethod(TestInvoker.java:598)
at org.testng.internal.TestInvoker.invokeTestMethod(TestInvoker.java:173)
at org.testng.internal.MethodRunner.runInSequence(MethodRunner.java:46)
at org.testng.internal.TestInvoker$MethodInvocationAgent.invoke(TestInvoker.java:824)
at org.testng.internal.TestInvoker.invokeTestMethods(TestInvoker.java:146)
at org.testng.internal.TestMethodWorker.invokeTestMethods(TestMethodWorker.java:146)
at org.testng.internal.TestMethodWorker.run(TestMethodWorker.java:128)
at java.base/java.util.ArrayList.forEach(ArrayList.java:1511)
at org.testng.TestRunner.privateRun(TestRunner.java:794)
at org.testng.TestRunner.run(TestRunner.java:596)
at org.testng.SuiteRunner.runTest(SuiteRunner.java:377)
at org.testng.SuiteRunner.runSequentially(SuiteRunner.java:371)
at org.testng.SuiteRunner.privateRun(SuiteRunner.java:332)
at org.testng.SuiteRunner.run(SuiteRunner.java:276)
at org.testng.SuiteRunnerWorker.runSuite(SuiteRunnerWorker.java:53)
at org.testng.SuiteRunnerWorker.run(SuiteRunnerWorker.java:96)
at org.testng.TestNG.runSuitesSequentially(TestNG.java:1212)
at org.testng.TestNG.runSuitesLocally(TestNG.java:1134)
at org.testng.TestNG.runSuites(TestNG.java:1063)
at org.testng.TestNG.run(TestNG.java:1031)
at org.testng.remote.AbstractRemoteTestNG.run(AbstractRemoteTestNG.java:115)
at org.testng.remote.RemoteTestNG.initAndRun(RemoteTestNG.java:251)
at org.testng.remote.RemoteTestNG.main(RemoteTestNG.java:77)
]]>
    </failure>
  </testcase> <!-- Testcase_RowCount_validation -->
  <system-out>
    <![CDATA[Executing Snowflake query :: SELECT count(*) as TOTAL FROM DEV_ENT_RAW.ST_FOURPROS_MATILLION.PAYMENT
Table Count in Snowflake:: 55649
Executing Snowflake query :: select count(*) as TOTAL from CURATED_DATAMART.ST_BKP_FOURPROS.STR_PAYMENT Where ACTIVE_FLAG='Y'
Table Count in Snowflake:: 55577
Executing Snowflake query :: select count(*) as TOTAL from DEV_ENT_CURATED.MASTER_DIMENSIONS.DIM_PAYMENT where tenant_type='FOURPROS' and RECORD_UPDATED_BY='Backup Table'
Table Count in Snowflake:: 55296
Row Count of Table PAYMENT is not matched for RAW :: 55649 DataMart :: 55577 CURATED :: 55296]]>
  </system-out>
  <testcase classname="testcases.RAW_DATAMART_CURATED.SnowFlake_RowCount_Master" name="Testcase_RowCount_validation" time="1.944">
    <failure message="The following asserts failed:
	null,
	null" type="java.lang.AssertionError">
      <![CDATA[java.lang.AssertionError: The following asserts failed:
null,
null
at org.testng.asserts.SoftAssert.assertAll(SoftAssert.java:47)
at org.testng.asserts.SoftAssert.assertAll(SoftAssert.java:31)
at testcases.RAW_DATAMART_CURATED.SnowFlake_RowCount_Master.validate_RowCount_API(SnowFlake_RowCount_Master.java:115)
at testcases.RAW_DATAMART_CURATED.SnowFlake_RowCount_Master.Testcase_RowCount_validation(SnowFlake_RowCount_Master.java:28)
at jdk.internal.reflect.GeneratedMethodAccessor13.invoke(Unknown Source)
at java.base/jdk.internal.reflect.DelegatingMethodAccessorImpl.invoke(DelegatingMethodAccessorImpl.java:43)
at java.base/java.lang.reflect.Method.invoke(Method.java:568)
at org.testng.internal.MethodInvocationHelper.invokeMethod(MethodInvocationHelper.java:133)
at org.testng.internal.TestInvoker.invokeMethod(TestInvoker.java:598)
at org.testng.internal.TestInvoker.invokeTestMethod(TestInvoker.java:173)
at org.testng.internal.MethodRunner.runInSequence(MethodRunner.java:46)
at org.testng.internal.TestInvoker$MethodInvocationAgent.invoke(TestInvoker.java:824)
at org.testng.internal.TestInvoker.invokeTestMethods(TestInvoker.java:146)
at org.testng.internal.TestMethodWorker.invokeTestMethods(TestMethodWorker.java:146)
at org.testng.internal.TestMethodWorker.run(TestMethodWorker.java:128)
at java.base/java.util.ArrayList.forEach(ArrayList.java:1511)
at org.testng.TestRunner.privateRun(TestRunner.java:794)
at org.testng.TestRunner.run(TestRunner.java:596)
at org.testng.SuiteRunner.runTest(SuiteRunner.java:377)
at org.testng.SuiteRunner.runSequentially(SuiteRunner.java:371)
at org.testng.SuiteRunner.privateRun(SuiteRunner.java:332)
at org.testng.SuiteRunner.run(SuiteRunner.java:276)
at org.testng.SuiteRunnerWorker.runSuite(SuiteRunnerWorker.java:53)
at org.testng.SuiteRunnerWorker.run(SuiteRunnerWorker.java:96)
at org.testng.TestNG.runSuitesSequentially(TestNG.java:1212)
at org.testng.TestNG.runSuitesLocally(TestNG.java:1134)
at org.testng.TestNG.runSuites(TestNG.java:1063)
at org.testng.TestNG.run(TestNG.java:1031)
at org.testng.remote.AbstractRemoteTestNG.run(AbstractRemoteTestNG.java:115)
at org.testng.remote.RemoteTestNG.initAndRun(RemoteTestNG.java:251)
at org.testng.remote.RemoteTestNG.main(RemoteTestNG.java:77)
]]>
    </failure>
  </testcase> <!-- Testcase_RowCount_validation -->
  <system-out>
    <![CDATA[Executing Snowflake query :: SELECT count(*) as TOTAL FROM DEV_ENT_RAW.API_MAT.ST_API_CUSTOMERMEMBERSHIP WHERE TENANT_NAME='MAITZ'
Table Count in Snowflake:: 2552
Executing Snowflake query :: select count(*) as TOTAL from CURATED_DATAMART.ST_API_MAITZ.STR_API_CUSTOMERMEMBERSHIP WHERE ACTIVE_FLAG='Y'
Table Count in Snowflake:: 292
Executing Snowflake query :: select count(*) as TOTAL from DEV_ENT_CURATED.MASTER_DIMENSIONS.DIM_CUSTOMERMEMBERSHIP WHERE TENANT_TYPE='MAITZ' and RECORD_UPDATED_BY='API ETL'
Table Count in Snowflake:: 2455
Row Count of Table CUSTOMERMEMBERSHIP is not matched for APIMAT :: 2552 DataMart :: 292
Executing Snowflake query :: select count(*) as TOTAL from DEV_ENT_CURATED.MASTER_DIMENSIONS.DIM_CUSTOMERMEMBERSHIP WHERE TENANT_TYPE='MAITZ' and RECORD_UPDATED_BY='Backup Table' AND ID in (select ID from CURATED_DATAMART.ST_API_MAITZ.STR_API_CUSTOMERMEMBERSHIP WHERE ACTIVE_FLAG='Y')
Table Count in Snowflake:: 8
Row Count of Table CUSTOMERMEMBERSHIP is not matched for DataMart :: 292 CURATED :: 8]]>
  </system-out>
  <testcase classname="testcases.RAW_DATAMART_CURATED.SnowFlake_RowCount_Master" name="Testcase_RowCount_validation" time="2.351">
    <failure message="The following asserts failed:
	null" type="java.lang.AssertionError">
      <![CDATA[java.lang.AssertionError: The following asserts failed:
null
at org.testng.asserts.SoftAssert.assertAll(SoftAssert.java:47)
at org.testng.asserts.SoftAssert.assertAll(SoftAssert.java:31)
at testcases.RAW_DATAMART_CURATED.SnowFlake_RowCount_Master.validate_RowCount_BKP(SnowFlake_RowCount_Master.java:56)
at testcases.RAW_DATAMART_CURATED.SnowFlake_RowCount_Master.Testcase_RowCount_validation(SnowFlake_RowCount_Master.java:25)
at jdk.internal.reflect.GeneratedMethodAccessor13.invoke(Unknown Source)
at java.base/jdk.internal.reflect.DelegatingMethodAccessorImpl.invoke(DelegatingMethodAccessorImpl.java:43)
at java.base/java.lang.reflect.Method.invoke(Method.java:568)
at org.testng.internal.MethodInvocationHelper.invokeMethod(MethodInvocationHelper.java:133)
at org.testng.internal.TestInvoker.invokeMethod(TestInvoker.java:598)
at org.testng.internal.TestInvoker.invokeTestMethod(TestInvoker.java:173)
at org.testng.internal.MethodRunner.runInSequence(MethodRunner.java:46)
at org.testng.internal.TestInvoker$MethodInvocationAgent.invoke(TestInvoker.java:824)
at org.testng.internal.TestInvoker.invokeTestMethods(TestInvoker.java:146)
at org.testng.internal.TestMethodWorker.invokeTestMethods(TestMethodWorker.java:146)
at org.testng.internal.TestMethodWorker.run(TestMethodWorker.java:128)
at java.base/java.util.ArrayList.forEach(ArrayList.java:1511)
at org.testng.TestRunner.privateRun(TestRunner.java:794)
at org.testng.TestRunner.run(TestRunner.java:596)
at org.testng.SuiteRunner.runTest(SuiteRunner.java:377)
at org.testng.SuiteRunner.runSequentially(SuiteRunner.java:371)
at org.testng.SuiteRunner.privateRun(SuiteRunner.java:332)
at org.testng.SuiteRunner.run(SuiteRunner.java:276)
at org.testng.SuiteRunnerWorker.runSuite(SuiteRunnerWorker.java:53)
at org.testng.SuiteRunnerWorker.run(SuiteRunnerWorker.java:96)
at org.testng.TestNG.runSuitesSequentially(TestNG.java:1212)
at org.testng.TestNG.runSuitesLocally(TestNG.java:1134)
at org.testng.TestNG.runSuites(TestNG.java:1063)
at org.testng.TestNG.run(TestNG.java:1031)
at org.testng.remote.AbstractRemoteTestNG.run(AbstractRemoteTestNG.java:115)
at org.testng.remote.RemoteTestNG.initAndRun(RemoteTestNG.java:251)
at org.testng.remote.RemoteTestNG.main(RemoteTestNG.java:77)
]]>
    </failure>
  </testcase> <!-- Testcase_RowCount_validation -->
  <system-out>
    <![CDATA[Executing Snowflake query :: SELECT count(*) as TOTAL FROM DEV_ENT_RAW.ST_HENDERSON_MATILLION.CALLREASON
Table Count in Snowflake:: 62
Executing Snowflake query :: select count(*) as TOTAL from CURATED_DATAMART.ST_BKP_HENDERSON.STR_CALLREASON Where ACTIVE_FLAG='Y'
Table Count in Snowflake:: 62
Executing Snowflake query :: select count(*) as TOTAL from DEV_ENT_CURATED.MASTER_DIMENSIONS.DIM_CALLREASON where tenant_type='HENDERSON' and RECORD_UPDATED_BY='Backup Table'
Table Count in Snowflake:: 57
Row Count of Table CALLREASON is not matched for RAW :: 62 DataMart :: 62 CURATED :: 57]]>
  </system-out>
  <testcase classname="testcases.RAW_DATAMART_CURATED.SnowFlake_RowCount_Master" name="Testcase_RowCount_validation" time="1.825">
    <failure message="The following asserts failed:
	null" type="java.lang.AssertionError">
      <![CDATA[java.lang.AssertionError: The following asserts failed:
null
at org.testng.asserts.SoftAssert.assertAll(SoftAssert.java:47)
at org.testng.asserts.SoftAssert.assertAll(SoftAssert.java:31)
at testcases.RAW_DATAMART_CURATED.SnowFlake_RowCount_Master.validate_RowCount_BKP(SnowFlake_RowCount_Master.java:56)
at testcases.RAW_DATAMART_CURATED.SnowFlake_RowCount_Master.Testcase_RowCount_validation(SnowFlake_RowCount_Master.java:25)
at jdk.internal.reflect.GeneratedMethodAccessor13.invoke(Unknown Source)
at java.base/jdk.internal.reflect.DelegatingMethodAccessorImpl.invoke(DelegatingMethodAccessorImpl.java:43)
at java.base/java.lang.reflect.Method.invoke(Method.java:568)
at org.testng.internal.MethodInvocationHelper.invokeMethod(MethodInvocationHelper.java:133)
at org.testng.internal.TestInvoker.invokeMethod(TestInvoker.java:598)
at org.testng.internal.TestInvoker.invokeTestMethod(TestInvoker.java:173)
at org.testng.internal.MethodRunner.runInSequence(MethodRunner.java:46)
at org.testng.internal.TestInvoker$MethodInvocationAgent.invoke(TestInvoker.java:824)
at org.testng.internal.TestInvoker.invokeTestMethods(TestInvoker.java:146)
at org.testng.internal.TestMethodWorker.invokeTestMethods(TestMethodWorker.java:146)
at org.testng.internal.TestMethodWorker.run(TestMethodWorker.java:128)
at java.base/java.util.ArrayList.forEach(ArrayList.java:1511)
at org.testng.TestRunner.privateRun(TestRunner.java:794)
at org.testng.TestRunner.run(TestRunner.java:596)
at org.testng.SuiteRunner.runTest(SuiteRunner.java:377)
at org.testng.SuiteRunner.runSequentially(SuiteRunner.java:371)
at org.testng.SuiteRunner.privateRun(SuiteRunner.java:332)
at org.testng.SuiteRunner.run(SuiteRunner.java:276)
at org.testng.SuiteRunnerWorker.runSuite(SuiteRunnerWorker.java:53)
at org.testng.SuiteRunnerWorker.run(SuiteRunnerWorker.java:96)
at org.testng.TestNG.runSuitesSequentially(TestNG.java:1212)
at org.testng.TestNG.runSuitesLocally(TestNG.java:1134)
at org.testng.TestNG.runSuites(TestNG.java:1063)
at org.testng.TestNG.run(TestNG.java:1031)
at org.testng.remote.AbstractRemoteTestNG.run(AbstractRemoteTestNG.java:115)
at org.testng.remote.RemoteTestNG.initAndRun(RemoteTestNG.java:251)
at org.testng.remote.RemoteTestNG.main(RemoteTestNG.java:77)
]]>
    </failure>
  </testcase> <!-- Testcase_RowCount_validation -->
  <system-out>
    <![CDATA[Executing Snowflake query :: SELECT count(*) as TOTAL FROM DEV_ENT_RAW.ST_GOLDMEDAL_MATILLION.INVOICEITEM
Table Count in Snowflake:: 2182589
Executing Snowflake query :: select count(*) as TOTAL from CURATED_DATAMART.ST_BKP_GOLDMEDAL.STR_INVOICEITEM Where ACTIVE_FLAG='Y'
Table Count in Snowflake:: 2179927
Executing Snowflake query :: select count(*) as TOTAL from DEV_ENT_CURATED.MASTER_DIMENSIONS.DIM_INVOICEITEM where tenant_type='GOLDMEDAL' and RECORD_UPDATED_BY='Backup Table'
Table Count in Snowflake:: 2179911
Row Count of Table INVOICEITEM is not matched for RAW :: 2182589 DataMart :: 2179927 CURATED :: 2179911]]>
  </system-out>
  <testcase classname="testcases.RAW_DATAMART_CURATED.SnowFlake_RowCount_Master" name="Testcase_RowCount_validation" time="1.434">
    <failure message="The following asserts failed:
	null" type="java.lang.AssertionError">
      <![CDATA[java.lang.AssertionError: The following asserts failed:
null
at org.testng.asserts.SoftAssert.assertAll(SoftAssert.java:47)
at org.testng.asserts.SoftAssert.assertAll(SoftAssert.java:31)
at testcases.RAW_DATAMART_CURATED.SnowFlake_RowCount_Master.validate_RowCount_BKP(SnowFlake_RowCount_Master.java:56)
at testcases.RAW_DATAMART_CURATED.SnowFlake_RowCount_Master.Testcase_RowCount_validation(SnowFlake_RowCount_Master.java:25)
at jdk.internal.reflect.GeneratedMethodAccessor13.invoke(Unknown Source)
at java.base/jdk.internal.reflect.DelegatingMethodAccessorImpl.invoke(DelegatingMethodAccessorImpl.java:43)
at java.base/java.lang.reflect.Method.invoke(Method.java:568)
at org.testng.internal.MethodInvocationHelper.invokeMethod(MethodInvocationHelper.java:133)
at org.testng.internal.TestInvoker.invokeMethod(TestInvoker.java:598)
at org.testng.internal.TestInvoker.invokeTestMethod(TestInvoker.java:173)
at org.testng.internal.MethodRunner.runInSequence(MethodRunner.java:46)
at org.testng.internal.TestInvoker$MethodInvocationAgent.invoke(TestInvoker.java:824)
at org.testng.internal.TestInvoker.invokeTestMethods(TestInvoker.java:146)
at org.testng.internal.TestMethodWorker.invokeTestMethods(TestMethodWorker.java:146)
at org.testng.internal.TestMethodWorker.run(TestMethodWorker.java:128)
at java.base/java.util.ArrayList.forEach(ArrayList.java:1511)
at org.testng.TestRunner.privateRun(TestRunner.java:794)
at org.testng.TestRunner.run(TestRunner.java:596)
at org.testng.SuiteRunner.runTest(SuiteRunner.java:377)
at org.testng.SuiteRunner.runSequentially(SuiteRunner.java:371)
at org.testng.SuiteRunner.privateRun(SuiteRunner.java:332)
at org.testng.SuiteRunner.run(SuiteRunner.java:276)
at org.testng.SuiteRunnerWorker.runSuite(SuiteRunnerWorker.java:53)
at org.testng.SuiteRunnerWorker.run(SuiteRunnerWorker.java:96)
at org.testng.TestNG.runSuitesSequentially(TestNG.java:1212)
at org.testng.TestNG.runSuitesLocally(TestNG.java:1134)
at org.testng.TestNG.runSuites(TestNG.java:1063)
at org.testng.TestNG.run(TestNG.java:1031)
at org.testng.remote.AbstractRemoteTestNG.run(AbstractRemoteTestNG.java:115)
at org.testng.remote.RemoteTestNG.initAndRun(RemoteTestNG.java:251)
at org.testng.remote.RemoteTestNG.main(RemoteTestNG.java:77)
]]>
    </failure>
  </testcase> <!-- Testcase_RowCount_validation -->
  <system-out>
    <![CDATA[Executing Snowflake query :: SELECT count(*) as TOTAL FROM DEV_ENT_RAW.ST_HUTCHINSON_MATILLION.VENDOR
Table Count in Snowflake:: 651
Executing Snowflake query :: select count(*) as TOTAL from CURATED_DATAMART.ST_BKP_HUTCHINSON.STR_VENDOR Where ACTIVE_FLAG='Y'
Table Count in Snowflake:: 650
Executing Snowflake query :: select count(*) as TOTAL from DEV_ENT_CURATED.MASTER_DIMENSIONS.DIM_VENDOR where tenant_type='HUTCHINSON' and RECORD_UPDATED_BY='Backup Table'
Table Count in Snowflake:: 0
Row Count of Table VENDOR is not matched for RAW :: 651 DataMart :: 650 CURATED :: 0]]>
  </system-out>
  <testcase classname="testcases.RAW_DATAMART_CURATED.SnowFlake_RowCount_Master" name="Testcase_RowCount_validation" time="2.153">
    <failure message="The following asserts failed:
	null" type="java.lang.AssertionError">
      <![CDATA[java.lang.AssertionError: The following asserts failed:
null
at org.testng.asserts.SoftAssert.assertAll(SoftAssert.java:47)
at org.testng.asserts.SoftAssert.assertAll(SoftAssert.java:31)
at testcases.RAW_DATAMART_CURATED.SnowFlake_RowCount_Master.validate_RowCount_BKP(SnowFlake_RowCount_Master.java:56)
at testcases.RAW_DATAMART_CURATED.SnowFlake_RowCount_Master.Testcase_RowCount_validation(SnowFlake_RowCount_Master.java:25)
at jdk.internal.reflect.GeneratedMethodAccessor13.invoke(Unknown Source)
at java.base/jdk.internal.reflect.DelegatingMethodAccessorImpl.invoke(DelegatingMethodAccessorImpl.java:43)
at java.base/java.lang.reflect.Method.invoke(Method.java:568)
at org.testng.internal.MethodInvocationHelper.invokeMethod(MethodInvocationHelper.java:133)
at org.testng.internal.TestInvoker.invokeMethod(TestInvoker.java:598)
at org.testng.internal.TestInvoker.invokeTestMethod(TestInvoker.java:173)
at org.testng.internal.MethodRunner.runInSequence(MethodRunner.java:46)
at org.testng.internal.TestInvoker$MethodInvocationAgent.invoke(TestInvoker.java:824)
at org.testng.internal.TestInvoker.invokeTestMethods(TestInvoker.java:146)
at org.testng.internal.TestMethodWorker.invokeTestMethods(TestMethodWorker.java:146)
at org.testng.internal.TestMethodWorker.run(TestMethodWorker.java:128)
at java.base/java.util.ArrayList.forEach(ArrayList.java:1511)
at org.testng.TestRunner.privateRun(TestRunner.java:794)
at org.testng.TestRunner.run(TestRunner.java:596)
at org.testng.SuiteRunner.runTest(SuiteRunner.java:377)
at org.testng.SuiteRunner.runSequentially(SuiteRunner.java:371)
at org.testng.SuiteRunner.privateRun(SuiteRunner.java:332)
at org.testng.SuiteRunner.run(SuiteRunner.java:276)
at org.testng.SuiteRunnerWorker.runSuite(SuiteRunnerWorker.java:53)
at org.testng.SuiteRunnerWorker.run(SuiteRunnerWorker.java:96)
at org.testng.TestNG.runSuitesSequentially(TestNG.java:1212)
at org.testng.TestNG.runSuitesLocally(TestNG.java:1134)
at org.testng.TestNG.runSuites(TestNG.java:1063)
at org.testng.TestNG.run(TestNG.java:1031)
at org.testng.remote.AbstractRemoteTestNG.run(AbstractRemoteTestNG.java:115)
at org.testng.remote.RemoteTestNG.initAndRun(RemoteTestNG.java:251)
at org.testng.remote.RemoteTestNG.main(RemoteTestNG.java:77)
]]>
    </failure>
  </testcase> <!-- Testcase_RowCount_validation -->
  <system-out>
    <![CDATA[Executing Snowflake query :: SELECT count(*) as TOTAL FROM DEV_ENT_RAW.ST_EANESHEATING_MATILLION.TAGTYPE
Snowflake - SQLException at readDB() method :: SQL compilation error:
Object 'DEV_ENT_RAW.ST_EANESHEATING_MATILLION.TAGTYPE' does not exist or not authorized.
Executing Snowflake query :: select count(*) as TOTAL from CURATED_DATAMART.ST_BKP_EANESHEATING.STR_TAGTYPE Where ACTIVE_FLAG='Y'
Table Count in Snowflake:: 550
Executing Snowflake query :: select count(*) as TOTAL from DEV_ENT_CURATED.MASTER_DIMENSIONS.DIM_TAGTYPE where tenant_type='EANESHEATING' and RECORD_UPDATED_BY='Backup Table'
Table Count in Snowflake:: 1264
Row Count of Table TAGTYPE is matched for RAW :: 0 DataMart :: 550 CURATED :: 1264]]>
  </system-out>
  <testcase classname="testcases.RAW_DATAMART_CURATED.SnowFlake_RowCount_Master" name="Testcase_RowCount_validation" time="7.677">
    <failure message="The following asserts failed:
	null" type="java.lang.AssertionError">
      <![CDATA[java.lang.AssertionError: The following asserts failed:
null
at org.testng.asserts.SoftAssert.assertAll(SoftAssert.java:47)
at org.testng.asserts.SoftAssert.assertAll(SoftAssert.java:31)
at testcases.RAW_DATAMART_CURATED.SnowFlake_RowCount_Master.validate_RowCount_BKP(SnowFlake_RowCount_Master.java:56)
at testcases.RAW_DATAMART_CURATED.SnowFlake_RowCount_Master.Testcase_RowCount_validation(SnowFlake_RowCount_Master.java:25)
at jdk.internal.reflect.GeneratedMethodAccessor13.invoke(Unknown Source)
at java.base/jdk.internal.reflect.DelegatingMethodAccessorImpl.invoke(DelegatingMethodAccessorImpl.java:43)
at java.base/java.lang.reflect.Method.invoke(Method.java:568)
at org.testng.internal.MethodInvocationHelper.invokeMethod(MethodInvocationHelper.java:133)
at org.testng.internal.TestInvoker.invokeMethod(TestInvoker.java:598)
at org.testng.internal.TestInvoker.invokeTestMethod(TestInvoker.java:173)
at org.testng.internal.MethodRunner.runInSequence(MethodRunner.java:46)
at org.testng.internal.TestInvoker$MethodInvocationAgent.invoke(TestInvoker.java:824)
at org.testng.internal.TestInvoker.invokeTestMethods(TestInvoker.java:146)
at org.testng.internal.TestMethodWorker.invokeTestMethods(TestMethodWorker.java:146)
at org.testng.internal.TestMethodWorker.run(TestMethodWorker.java:128)
at java.base/java.util.ArrayList.forEach(ArrayList.java:1511)
at org.testng.TestRunner.privateRun(TestRunner.java:794)
at org.testng.TestRunner.run(TestRunner.java:596)
at org.testng.SuiteRunner.runTest(SuiteRunner.java:377)
at org.testng.SuiteRunner.runSequentially(SuiteRunner.java:371)
at org.testng.SuiteRunner.privateRun(SuiteRunner.java:332)
at org.testng.SuiteRunner.run(SuiteRunner.java:276)
at org.testng.SuiteRunnerWorker.runSuite(SuiteRunnerWorker.java:53)
at org.testng.SuiteRunnerWorker.run(SuiteRunnerWorker.java:96)
at org.testng.TestNG.runSuitesSequentially(TestNG.java:1212)
at org.testng.TestNG.runSuitesLocally(TestNG.java:1134)
at org.testng.TestNG.runSuites(TestNG.java:1063)
at org.testng.TestNG.run(TestNG.java:1031)
at org.testng.remote.AbstractRemoteTestNG.run(AbstractRemoteTestNG.java:115)
at org.testng.remote.RemoteTestNG.initAndRun(RemoteTestNG.java:251)
at org.testng.remote.RemoteTestNG.main(RemoteTestNG.java:77)
]]>
    </failure>
  </testcase> <!-- Testcase_RowCount_validation -->
  <system-out>
    <![CDATA[Executing Snowflake query :: SELECT count(*) as TOTAL FROM DEV_ENT_RAW.ST_HUTCHINSON_MATILLION.BATCH
Table Count in Snowflake:: 4937
Executing Snowflake query :: select count(*) as TOTAL from CURATED_DATAMART.ST_BKP_HUTCHINSON.STR_BATCH Where ACTIVE_FLAG='Y'
Table Count in Snowflake:: 4959
Executing Snowflake query :: select count(*) as TOTAL from DEV_ENT_CURATED.MASTER_DIMENSIONS.FACT_BATCH where tenant_type='HUTCHINSON' and RECORD_UPDATED_BY='Backup Table'
Table Count in Snowflake:: 4893
Row Count of Table BATCH is not matched for RAW :: 4937 DataMart :: 4959 CURATED :: 4893]]>
  </system-out>
  <testcase classname="testcases.RAW_DATAMART_CURATED.SnowFlake_RowCount_Master" name="Testcase_RowCount_validation" time="1.913">
    <failure message="The following asserts failed:
	null" type="java.lang.AssertionError">
      <![CDATA[java.lang.AssertionError: The following asserts failed:
null
at org.testng.asserts.SoftAssert.assertAll(SoftAssert.java:47)
at org.testng.asserts.SoftAssert.assertAll(SoftAssert.java:31)
at testcases.RAW_DATAMART_CURATED.SnowFlake_RowCount_Master.validate_RowCount_API(SnowFlake_RowCount_Master.java:115)
at testcases.RAW_DATAMART_CURATED.SnowFlake_RowCount_Master.Testcase_RowCount_validation(SnowFlake_RowCount_Master.java:28)
at jdk.internal.reflect.GeneratedMethodAccessor13.invoke(Unknown Source)
at java.base/jdk.internal.reflect.DelegatingMethodAccessorImpl.invoke(DelegatingMethodAccessorImpl.java:43)
at java.base/java.lang.reflect.Method.invoke(Method.java:568)
at org.testng.internal.MethodInvocationHelper.invokeMethod(MethodInvocationHelper.java:133)
at org.testng.internal.TestInvoker.invokeMethod(TestInvoker.java:598)
at org.testng.internal.TestInvoker.invokeTestMethod(TestInvoker.java:173)
at org.testng.internal.MethodRunner.runInSequence(MethodRunner.java:46)
at org.testng.internal.TestInvoker$MethodInvocationAgent.invoke(TestInvoker.java:824)
at org.testng.internal.TestInvoker.invokeTestMethods(TestInvoker.java:146)
at org.testng.internal.TestMethodWorker.invokeTestMethods(TestMethodWorker.java:146)
at org.testng.internal.TestMethodWorker.run(TestMethodWorker.java:128)
at java.base/java.util.ArrayList.forEach(ArrayList.java:1511)
at org.testng.TestRunner.privateRun(TestRunner.java:794)
at org.testng.TestRunner.run(TestRunner.java:596)
at org.testng.SuiteRunner.runTest(SuiteRunner.java:377)
at org.testng.SuiteRunner.runSequentially(SuiteRunner.java:371)
at org.testng.SuiteRunner.privateRun(SuiteRunner.java:332)
at org.testng.SuiteRunner.run(SuiteRunner.java:276)
at org.testng.SuiteRunnerWorker.runSuite(SuiteRunnerWorker.java:53)
at org.testng.SuiteRunnerWorker.run(SuiteRunnerWorker.java:96)
at org.testng.TestNG.runSuitesSequentially(TestNG.java:1212)
at org.testng.TestNG.runSuitesLocally(TestNG.java:1134)
at org.testng.TestNG.runSuites(TestNG.java:1063)
at org.testng.TestNG.run(TestNG.java:1031)
at org.testng.remote.AbstractRemoteTestNG.run(AbstractRemoteTestNG.java:115)
at org.testng.remote.RemoteTestNG.initAndRun(RemoteTestNG.java:251)
at org.testng.remote.RemoteTestNG.main(RemoteTestNG.java:77)
]]>
    </failure>
  </testcase> <!-- Testcase_RowCount_validation -->
  <system-out>
    <![CDATA[Executing Snowflake query :: SELECT count(*) as TOTAL FROM DEV_ENT_RAW.API_MAT.ST_API_ESTIMATEITEM WHERE TENANT_NAME='BILLFENWICK'
Table Count in Snowflake:: 1608
Executing Snowflake query :: select count(*) as TOTAL from CURATED_DATAMART.ST_API_BILLFENWICK.STR_API_ESTIMATEITEM WHERE ACTIVE_FLAG='Y'
Table Count in Snowflake:: 1261
Executing Snowflake query :: select count(*) as TOTAL from DEV_ENT_CURATED.MASTER_DIMENSIONS.DIM_ESTIMATEITEM WHERE TENANT_TYPE='BILLFENWICK' and RECORD_UPDATED_BY='API ETL'
Table Count in Snowflake:: 1261
Row Count of Table ESTIMATEITEM is not matched for APIMAT :: 1608 DataMart :: 1261
Row Count of Table ESTIMATEITEM is matched for DataMart :: 1261 CURATED :: 1261]]>
  </system-out>
  <testcase classname="testcases.RAW_DATAMART_CURATED.SnowFlake_RowCount_Master" name="Testcase_RowCount_validation" time="1.742">
    <failure message="The following asserts failed:
	null" type="java.lang.AssertionError">
      <![CDATA[java.lang.AssertionError: The following asserts failed:
null
at org.testng.asserts.SoftAssert.assertAll(SoftAssert.java:47)
at org.testng.asserts.SoftAssert.assertAll(SoftAssert.java:31)
at testcases.RAW_DATAMART_CURATED.SnowFlake_RowCount_Master.validate_RowCount_BKP(SnowFlake_RowCount_Master.java:56)
at testcases.RAW_DATAMART_CURATED.SnowFlake_RowCount_Master.Testcase_RowCount_validation(SnowFlake_RowCount_Master.java:25)
at jdk.internal.reflect.GeneratedMethodAccessor13.invoke(Unknown Source)
at java.base/jdk.internal.reflect.DelegatingMethodAccessorImpl.invoke(DelegatingMethodAccessorImpl.java:43)
at java.base/java.lang.reflect.Method.invoke(Method.java:568)
at org.testng.internal.MethodInvocationHelper.invokeMethod(MethodInvocationHelper.java:133)
at org.testng.internal.TestInvoker.invokeMethod(TestInvoker.java:598)
at org.testng.internal.TestInvoker.invokeTestMethod(TestInvoker.java:173)
at org.testng.internal.MethodRunner.runInSequence(MethodRunner.java:46)
at org.testng.internal.TestInvoker$MethodInvocationAgent.invoke(TestInvoker.java:824)
at org.testng.internal.TestInvoker.invokeTestMethods(TestInvoker.java:146)
at org.testng.internal.TestMethodWorker.invokeTestMethods(TestMethodWorker.java:146)
at org.testng.internal.TestMethodWorker.run(TestMethodWorker.java:128)
at java.base/java.util.ArrayList.forEach(ArrayList.java:1511)
at org.testng.TestRunner.privateRun(TestRunner.java:794)
at org.testng.TestRunner.run(TestRunner.java:596)
at org.testng.SuiteRunner.runTest(SuiteRunner.java:377)
at org.testng.SuiteRunner.runSequentially(SuiteRunner.java:371)
at org.testng.SuiteRunner.privateRun(SuiteRunner.java:332)
at org.testng.SuiteRunner.run(SuiteRunner.java:276)
at org.testng.SuiteRunnerWorker.runSuite(SuiteRunnerWorker.java:53)
at org.testng.SuiteRunnerWorker.run(SuiteRunnerWorker.java:96)
at org.testng.TestNG.runSuitesSequentially(TestNG.java:1212)
at org.testng.TestNG.runSuitesLocally(TestNG.java:1134)
at org.testng.TestNG.runSuites(TestNG.java:1063)
at org.testng.TestNG.run(TestNG.java:1031)
at org.testng.remote.AbstractRemoteTestNG.run(AbstractRemoteTestNG.java:115)
at org.testng.remote.RemoteTestNG.initAndRun(RemoteTestNG.java:251)
at org.testng.remote.RemoteTestNG.main(RemoteTestNG.java:77)
]]>
    </failure>
  </testcase> <!-- Testcase_RowCount_validation -->
  <system-out>
    <![CDATA[Executing Snowflake query :: SELECT count(*) as TOTAL FROM DEV_ENT_RAW.ST_MAITZ_MATILLION.PAYMENT
Table Count in Snowflake:: 113941
Executing Snowflake query :: select count(*) as TOTAL from CURATED_DATAMART.ST_BKP_MAITZ.STR_PAYMENT Where ACTIVE_FLAG='Y'
Table Count in Snowflake:: 113816
Executing Snowflake query :: select count(*) as TOTAL from DEV_ENT_CURATED.MASTER_DIMENSIONS.DIM_PAYMENT where tenant_type='MAITZ' and RECORD_UPDATED_BY='Backup Table'
Table Count in Snowflake:: 113456
Row Count of Table PAYMENT is not matched for RAW :: 113941 DataMart :: 113816 CURATED :: 113456]]>
  </system-out>
  <testcase classname="testcases.RAW_DATAMART_CURATED.SnowFlake_RowCount_Master" name="Testcase_RowCount_validation" time="1.738">
    <failure message="The following asserts failed:
	null" type="java.lang.AssertionError">
      <![CDATA[java.lang.AssertionError: The following asserts failed:
null
at org.testng.asserts.SoftAssert.assertAll(SoftAssert.java:47)
at org.testng.asserts.SoftAssert.assertAll(SoftAssert.java:31)
at testcases.RAW_DATAMART_CURATED.SnowFlake_RowCount_Master.validate_RowCount_BKP(SnowFlake_RowCount_Master.java:56)
at testcases.RAW_DATAMART_CURATED.SnowFlake_RowCount_Master.Testcase_RowCount_validation(SnowFlake_RowCount_Master.java:25)
at jdk.internal.reflect.GeneratedMethodAccessor13.invoke(Unknown Source)
at java.base/jdk.internal.reflect.DelegatingMethodAccessorImpl.invoke(DelegatingMethodAccessorImpl.java:43)
at java.base/java.lang.reflect.Method.invoke(Method.java:568)
at org.testng.internal.MethodInvocationHelper.invokeMethod(MethodInvocationHelper.java:133)
at org.testng.internal.TestInvoker.invokeMethod(TestInvoker.java:598)
at org.testng.internal.TestInvoker.invokeTestMethod(TestInvoker.java:173)
at org.testng.internal.MethodRunner.runInSequence(MethodRunner.java:46)
at org.testng.internal.TestInvoker$MethodInvocationAgent.invoke(TestInvoker.java:824)
at org.testng.internal.TestInvoker.invokeTestMethods(TestInvoker.java:146)
at org.testng.internal.TestMethodWorker.invokeTestMethods(TestMethodWorker.java:146)
at org.testng.internal.TestMethodWorker.run(TestMethodWorker.java:128)
at java.base/java.util.ArrayList.forEach(ArrayList.java:1511)
at org.testng.TestRunner.privateRun(TestRunner.java:794)
at org.testng.TestRunner.run(TestRunner.java:596)
at org.testng.SuiteRunner.runTest(SuiteRunner.java:377)
at org.testng.SuiteRunner.runSequentially(SuiteRunner.java:371)
at org.testng.SuiteRunner.privateRun(SuiteRunner.java:332)
at org.testng.SuiteRunner.run(SuiteRunner.java:276)
at org.testng.SuiteRunnerWorker.runSuite(SuiteRunnerWorker.java:53)
at org.testng.SuiteRunnerWorker.run(SuiteRunnerWorker.java:96)
at org.testng.TestNG.runSuitesSequentially(TestNG.java:1212)
at org.testng.TestNG.runSuitesLocally(TestNG.java:1134)
at org.testng.TestNG.runSuites(TestNG.java:1063)
at org.testng.TestNG.run(TestNG.java:1031)
at org.testng.remote.AbstractRemoteTestNG.run(AbstractRemoteTestNG.java:115)
at org.testng.remote.RemoteTestNG.initAndRun(RemoteTestNG.java:251)
at org.testng.remote.RemoteTestNG.main(RemoteTestNG.java:77)
]]>
    </failure>
  </testcase> <!-- Testcase_RowCount_validation -->
  <system-out>
    <![CDATA[Executing Snowflake query :: SELECT count(*) as TOTAL FROM DEV_ENT_RAW.ST_HENDERSON_MATILLION.HOLDJOBREASON
Table Count in Snowflake:: 5
Executing Snowflake query :: select count(*) as TOTAL from CURATED_DATAMART.ST_BKP_HENDERSON.STR_HOLDJOBREASON Where ACTIVE_FLAG='Y'
Table Count in Snowflake:: 5
Executing Snowflake query :: select count(*) as TOTAL from DEV_ENT_CURATED.MASTER_DIMENSIONS.DIM_HOLDJOBREASON where tenant_type='HENDERSON' and RECORD_UPDATED_BY='Backup Table'
Table Count in Snowflake:: 0
Row Count of Table HOLDJOBREASON is not matched for RAW :: 5 DataMart :: 5 CURATED :: 0]]>
  </system-out>
  <testcase classname="testcases.RAW_DATAMART_CURATED.SnowFlake_RowCount_Master" name="Testcase_RowCount_validation" time="2.014">
    <failure message="The following asserts failed:
	null" type="java.lang.AssertionError">
      <![CDATA[java.lang.AssertionError: The following asserts failed:
null
at org.testng.asserts.SoftAssert.assertAll(SoftAssert.java:47)
at org.testng.asserts.SoftAssert.assertAll(SoftAssert.java:31)
at testcases.RAW_DATAMART_CURATED.SnowFlake_RowCount_Master.validate_RowCount_BKP(SnowFlake_RowCount_Master.java:56)
at testcases.RAW_DATAMART_CURATED.SnowFlake_RowCount_Master.Testcase_RowCount_validation(SnowFlake_RowCount_Master.java:25)
at jdk.internal.reflect.GeneratedMethodAccessor13.invoke(Unknown Source)
at java.base/jdk.internal.reflect.DelegatingMethodAccessorImpl.invoke(DelegatingMethodAccessorImpl.java:43)
at java.base/java.lang.reflect.Method.invoke(Method.java:568)
at org.testng.internal.MethodInvocationHelper.invokeMethod(MethodInvocationHelper.java:133)
at org.testng.internal.TestInvoker.invokeMethod(TestInvoker.java:598)
at org.testng.internal.TestInvoker.invokeTestMethod(TestInvoker.java:173)
at org.testng.internal.MethodRunner.runInSequence(MethodRunner.java:46)
at org.testng.internal.TestInvoker$MethodInvocationAgent.invoke(TestInvoker.java:824)
at org.testng.internal.TestInvoker.invokeTestMethods(TestInvoker.java:146)
at org.testng.internal.TestMethodWorker.invokeTestMethods(TestMethodWorker.java:146)
at org.testng.internal.TestMethodWorker.run(TestMethodWorker.java:128)
at java.base/java.util.ArrayList.forEach(ArrayList.java:1511)
at org.testng.TestRunner.privateRun(TestRunner.java:794)
at org.testng.TestRunner.run(TestRunner.java:596)
at org.testng.SuiteRunner.runTest(SuiteRunner.java:377)
at org.testng.SuiteRunner.runSequentially(SuiteRunner.java:371)
at org.testng.SuiteRunner.privateRun(SuiteRunner.java:332)
at org.testng.SuiteRunner.run(SuiteRunner.java:276)
at org.testng.SuiteRunnerWorker.runSuite(SuiteRunnerWorker.java:53)
at org.testng.SuiteRunnerWorker.run(SuiteRunnerWorker.java:96)
at org.testng.TestNG.runSuitesSequentially(TestNG.java:1212)
at org.testng.TestNG.runSuitesLocally(TestNG.java:1134)
at org.testng.TestNG.runSuites(TestNG.java:1063)
at org.testng.TestNG.run(TestNG.java:1031)
at org.testng.remote.AbstractRemoteTestNG.run(AbstractRemoteTestNG.java:115)
at org.testng.remote.RemoteTestNG.initAndRun(RemoteTestNG.java:251)
at org.testng.remote.RemoteTestNG.main(RemoteTestNG.java:77)
]]>
    </failure>
  </testcase> <!-- Testcase_RowCount_validation -->
  <system-out>
    <![CDATA[Executing Snowflake query :: SELECT count(*) as TOTAL FROM DEV_ENT_RAW.ST_EANESHEATING_MATILLION.SKUASSET
Snowflake - SQLException at readDB() method :: SQL compilation error:
Object 'DEV_ENT_RAW.ST_EANESHEATING_MATILLION.SKUASSET' does not exist or not authorized.
Executing Snowflake query :: select count(*) as TOTAL from CURATED_DATAMART.ST_BKP_EANESHEATING.STR_SKUASSET Where ACTIVE_FLAG='Y'
Table Count in Snowflake:: 2857
Executing Snowflake query :: select count(*) as TOTAL from DEV_ENT_CURATED.MASTER_DIMENSIONS.DIM_SKUASSET where tenant_type='EANESHEATING' and RECORD_UPDATED_BY='Backup Table'
Table Count in Snowflake:: 2857
Row Count of Table SKUASSET is matched for RAW :: 0 DataMart :: 2857 CURATED :: 2857]]>
  </system-out>
  <testcase classname="testcases.RAW_DATAMART_CURATED.SnowFlake_RowCount_Master" name="Testcase_RowCount_validation" time="2.664">
    <failure message="The following asserts failed:
	null" type="java.lang.AssertionError">
      <![CDATA[java.lang.AssertionError: The following asserts failed:
null
at org.testng.asserts.SoftAssert.assertAll(SoftAssert.java:47)
at org.testng.asserts.SoftAssert.assertAll(SoftAssert.java:31)
at testcases.RAW_DATAMART_CURATED.SnowFlake_RowCount_Master.validate_RowCount_BKP(SnowFlake_RowCount_Master.java:56)
at testcases.RAW_DATAMART_CURATED.SnowFlake_RowCount_Master.Testcase_RowCount_validation(SnowFlake_RowCount_Master.java:25)
at jdk.internal.reflect.GeneratedMethodAccessor13.invoke(Unknown Source)
at java.base/jdk.internal.reflect.DelegatingMethodAccessorImpl.invoke(DelegatingMethodAccessorImpl.java:43)
at java.base/java.lang.reflect.Method.invoke(Method.java:568)
at org.testng.internal.MethodInvocationHelper.invokeMethod(MethodInvocationHelper.java:133)
at org.testng.internal.TestInvoker.invokeMethod(TestInvoker.java:598)
at org.testng.internal.TestInvoker.invokeTestMethod(TestInvoker.java:173)
at org.testng.internal.MethodRunner.runInSequence(MethodRunner.java:46)
at org.testng.internal.TestInvoker$MethodInvocationAgent.invoke(TestInvoker.java:824)
at org.testng.internal.TestInvoker.invokeTestMethods(TestInvoker.java:146)
at org.testng.internal.TestMethodWorker.invokeTestMethods(TestMethodWorker.java:146)
at org.testng.internal.TestMethodWorker.run(TestMethodWorker.java:128)
at java.base/java.util.ArrayList.forEach(ArrayList.java:1511)
at org.testng.TestRunner.privateRun(TestRunner.java:794)
at org.testng.TestRunner.run(TestRunner.java:596)
at org.testng.SuiteRunner.runTest(SuiteRunner.java:377)
at org.testng.SuiteRunner.runSequentially(SuiteRunner.java:371)
at org.testng.SuiteRunner.privateRun(SuiteRunner.java:332)
at org.testng.SuiteRunner.run(SuiteRunner.java:276)
at org.testng.SuiteRunnerWorker.runSuite(SuiteRunnerWorker.java:53)
at org.testng.SuiteRunnerWorker.run(SuiteRunnerWorker.java:96)
at org.testng.TestNG.runSuitesSequentially(TestNG.java:1212)
at org.testng.TestNG.runSuitesLocally(TestNG.java:1134)
at org.testng.TestNG.runSuites(TestNG.java:1063)
at org.testng.TestNG.run(TestNG.java:1031)
at org.testng.remote.AbstractRemoteTestNG.run(AbstractRemoteTestNG.java:115)
at org.testng.remote.RemoteTestNG.initAndRun(RemoteTestNG.java:251)
at org.testng.remote.RemoteTestNG.main(RemoteTestNG.java:77)
]]>
    </failure>
  </testcase> <!-- Testcase_RowCount_validation -->
  <system-out>
    <![CDATA[Executing Snowflake query :: SELECT count(*) as TOTAL FROM DEV_ENT_RAW.ST_BILLFENWICK_MATILLION.CALLREASON
Table Count in Snowflake:: 42
Executing Snowflake query :: select count(*) as TOTAL from CURATED_DATAMART.ST_BKP_BILLFENWICK.STR_CALLREASON Where ACTIVE_FLAG='Y'
Table Count in Snowflake:: 42
Executing Snowflake query :: select count(*) as TOTAL from DEV_ENT_CURATED.MASTER_DIMENSIONS.DIM_CALLREASON where tenant_type='BILLFENWICK' and RECORD_UPDATED_BY='Backup Table'
Table Count in Snowflake:: 37
Row Count of Table CALLREASON is not matched for RAW :: 42 DataMart :: 42 CURATED :: 37]]>
  </system-out>
  <testcase classname="testcases.RAW_DATAMART_CURATED.SnowFlake_RowCount_Master" name="Testcase_RowCount_validation" time="3.070">
    <failure message="The following asserts failed:
	null" type="java.lang.AssertionError">
      <![CDATA[java.lang.AssertionError: The following asserts failed:
null
at org.testng.asserts.SoftAssert.assertAll(SoftAssert.java:47)
at org.testng.asserts.SoftAssert.assertAll(SoftAssert.java:31)
at testcases.RAW_DATAMART_CURATED.SnowFlake_RowCount_Master.validate_RowCount_BKP(SnowFlake_RowCount_Master.java:56)
at testcases.RAW_DATAMART_CURATED.SnowFlake_RowCount_Master.Testcase_RowCount_validation(SnowFlake_RowCount_Master.java:25)
at jdk.internal.reflect.GeneratedMethodAccessor13.invoke(Unknown Source)
at java.base/jdk.internal.reflect.DelegatingMethodAccessorImpl.invoke(DelegatingMethodAccessorImpl.java:43)
at java.base/java.lang.reflect.Method.invoke(Method.java:568)
at org.testng.internal.MethodInvocationHelper.invokeMethod(MethodInvocationHelper.java:133)
at org.testng.internal.TestInvoker.invokeMethod(TestInvoker.java:598)
at org.testng.internal.TestInvoker.invokeTestMethod(TestInvoker.java:173)
at org.testng.internal.MethodRunner.runInSequence(MethodRunner.java:46)
at org.testng.internal.TestInvoker$MethodInvocationAgent.invoke(TestInvoker.java:824)
at org.testng.internal.TestInvoker.invokeTestMethods(TestInvoker.java:146)
at org.testng.internal.TestMethodWorker.invokeTestMethods(TestMethodWorker.java:146)
at org.testng.internal.TestMethodWorker.run(TestMethodWorker.java:128)
at java.base/java.util.ArrayList.forEach(ArrayList.java:1511)
at org.testng.TestRunner.privateRun(TestRunner.java:794)
at org.testng.TestRunner.run(TestRunner.java:596)
at org.testng.SuiteRunner.runTest(SuiteRunner.java:377)
at org.testng.SuiteRunner.runSequentially(SuiteRunner.java:371)
at org.testng.SuiteRunner.privateRun(SuiteRunner.java:332)
at org.testng.SuiteRunner.run(SuiteRunner.java:276)
at org.testng.SuiteRunnerWorker.runSuite(SuiteRunnerWorker.java:53)
at org.testng.SuiteRunnerWorker.run(SuiteRunnerWorker.java:96)
at org.testng.TestNG.runSuitesSequentially(TestNG.java:1212)
at org.testng.TestNG.runSuitesLocally(TestNG.java:1134)
at org.testng.TestNG.runSuites(TestNG.java:1063)
at org.testng.TestNG.run(TestNG.java:1031)
at org.testng.remote.AbstractRemoteTestNG.run(AbstractRemoteTestNG.java:115)
at org.testng.remote.RemoteTestNG.initAndRun(RemoteTestNG.java:251)
at org.testng.remote.RemoteTestNG.main(RemoteTestNG.java:77)
]]>
    </failure>
  </testcase> <!-- Testcase_RowCount_validation -->
  <system-out>
    <![CDATA[Executing Snowflake query :: SELECT count(*) as TOTAL FROM DEV_ENT_RAW.ST_BILLFENWICK_MATILLION.CALL
Table Count in Snowflake:: 201376
Executing Snowflake query :: select count(*) as TOTAL from CURATED_DATAMART.ST_BKP_BILLFENWICK.STR_CALL Where ACTIVE_FLAG='Y'
Table Count in Snowflake:: 200776
Executing Snowflake query :: select count(*) as TOTAL from DEV_ENT_CURATED.MASTER_DIMENSIONS.DIM_CALL where tenant_type='BILLFENWICK' and RECORD_UPDATED_BY='Backup Table'
Table Count in Snowflake:: 199619
Row Count of Table CALL is not matched for RAW :: 201376 DataMart :: 200776 CURATED :: 199619]]>
  </system-out>
  <testcase classname="testcases.RAW_DATAMART_CURATED.SnowFlake_RowCount_Master" name="Testcase_RowCount_validation" time="1.946">
    <failure message="The following asserts failed:
	null" type="java.lang.AssertionError">
      <![CDATA[java.lang.AssertionError: The following asserts failed:
null
at org.testng.asserts.SoftAssert.assertAll(SoftAssert.java:47)
at org.testng.asserts.SoftAssert.assertAll(SoftAssert.java:31)
at testcases.RAW_DATAMART_CURATED.SnowFlake_RowCount_Master.validate_RowCount_BKP(SnowFlake_RowCount_Master.java:56)
at testcases.RAW_DATAMART_CURATED.SnowFlake_RowCount_Master.Testcase_RowCount_validation(SnowFlake_RowCount_Master.java:25)
at java.base/jdk.internal.reflect.NativeMethodAccessorImpl.invoke0(Native Method)
at java.base/jdk.internal.reflect.NativeMethodAccessorImpl.invoke(NativeMethodAccessorImpl.java:77)
at java.base/jdk.internal.reflect.DelegatingMethodAccessorImpl.invoke(DelegatingMethodAccessorImpl.java:43)
at java.base/java.lang.reflect.Method.invoke(Method.java:568)
at org.testng.internal.MethodInvocationHelper.invokeMethod(MethodInvocationHelper.java:133)
at org.testng.internal.TestInvoker.invokeMethod(TestInvoker.java:598)
at org.testng.internal.TestInvoker.invokeTestMethod(TestInvoker.java:173)
at org.testng.internal.MethodRunner.runInSequence(MethodRunner.java:46)
at org.testng.internal.TestInvoker$MethodInvocationAgent.invoke(TestInvoker.java:824)
at org.testng.internal.TestInvoker.invokeTestMethods(TestInvoker.java:146)
at org.testng.internal.TestMethodWorker.invokeTestMethods(TestMethodWorker.java:146)
at org.testng.internal.TestMethodWorker.run(TestMethodWorker.java:128)
at java.base/java.util.ArrayList.forEach(ArrayList.java:1511)
at org.testng.TestRunner.privateRun(TestRunner.java:794)
at org.testng.TestRunner.run(TestRunner.java:596)
at org.testng.SuiteRunner.runTest(SuiteRunner.java:377)
at org.testng.SuiteRunner.runSequentially(SuiteRunner.java:371)
at org.testng.SuiteRunner.privateRun(SuiteRunner.java:332)
at org.testng.SuiteRunner.run(SuiteRunner.java:276)
at org.testng.SuiteRunnerWorker.runSuite(SuiteRunnerWorker.java:53)
at org.testng.SuiteRunnerWorker.run(SuiteRunnerWorker.java:96)
at org.testng.TestNG.runSuitesSequentially(TestNG.java:1212)
at org.testng.TestNG.runSuitesLocally(TestNG.java:1134)
at org.testng.TestNG.runSuites(TestNG.java:1063)
at org.testng.TestNG.run(TestNG.java:1031)
at org.testng.remote.AbstractRemoteTestNG.run(AbstractRemoteTestNG.java:115)
at org.testng.remote.RemoteTestNG.initAndRun(RemoteTestNG.java:251)
at org.testng.remote.RemoteTestNG.main(RemoteTestNG.java:77)
]]>
    </failure>
  </testcase> <!-- Testcase_RowCount_validation -->
  <system-out>
    <![CDATA[Executing Snowflake query :: SELECT count(*) as TOTAL FROM DEV_ENT_RAW.ST_CASTEEL_MATILLION.BATCH
Table Count in Snowflake:: 27487
Executing Snowflake query :: select count(*) as TOTAL from CURATED_DATAMART.ST_BKP_CASTEEL.STR_BATCH Where ACTIVE_FLAG='Y'
Table Count in Snowflake:: 27462
Executing Snowflake query :: select count(*) as TOTAL from DEV_ENT_CURATED.MASTER_DIMENSIONS.FACT_BATCH where tenant_type='CASTEEL' and RECORD_UPDATED_BY='Backup Table'
Table Count in Snowflake:: 27463
Row Count of Table BATCH is not matched for RAW :: 27487 DataMart :: 27462 CURATED :: 27463]]>
  </system-out>
  <testcase classname="testcases.RAW_DATAMART_CURATED.SnowFlake_RowCount_Master" name="Testcase_RowCount_validation" time="2.554">
    <failure message="The following asserts failed:
	null" type="java.lang.AssertionError">
      <![CDATA[java.lang.AssertionError: The following asserts failed:
null
at org.testng.asserts.SoftAssert.assertAll(SoftAssert.java:47)
at org.testng.asserts.SoftAssert.assertAll(SoftAssert.java:31)
at testcases.RAW_DATAMART_CURATED.SnowFlake_RowCount_Master.validate_RowCount_BKP(SnowFlake_RowCount_Master.java:56)
at testcases.RAW_DATAMART_CURATED.SnowFlake_RowCount_Master.Testcase_RowCount_validation(SnowFlake_RowCount_Master.java:25)
at jdk.internal.reflect.GeneratedMethodAccessor13.invoke(Unknown Source)
at java.base/jdk.internal.reflect.DelegatingMethodAccessorImpl.invoke(DelegatingMethodAccessorImpl.java:43)
at java.base/java.lang.reflect.Method.invoke(Method.java:568)
at org.testng.internal.MethodInvocationHelper.invokeMethod(MethodInvocationHelper.java:133)
at org.testng.internal.TestInvoker.invokeMethod(TestInvoker.java:598)
at org.testng.internal.TestInvoker.invokeTestMethod(TestInvoker.java:173)
at org.testng.internal.MethodRunner.runInSequence(MethodRunner.java:46)
at org.testng.internal.TestInvoker$MethodInvocationAgent.invoke(TestInvoker.java:824)
at org.testng.internal.TestInvoker.invokeTestMethods(TestInvoker.java:146)
at org.testng.internal.TestMethodWorker.invokeTestMethods(TestMethodWorker.java:146)
at org.testng.internal.TestMethodWorker.run(TestMethodWorker.java:128)
at java.base/java.util.ArrayList.forEach(ArrayList.java:1511)
at org.testng.TestRunner.privateRun(TestRunner.java:794)
at org.testng.TestRunner.run(TestRunner.java:596)
at org.testng.SuiteRunner.runTest(SuiteRunner.java:377)
at org.testng.SuiteRunner.runSequentially(SuiteRunner.java:371)
at org.testng.SuiteRunner.privateRun(SuiteRunner.java:332)
at org.testng.SuiteRunner.run(SuiteRunner.java:276)
at org.testng.SuiteRunnerWorker.runSuite(SuiteRunnerWorker.java:53)
at org.testng.SuiteRunnerWorker.run(SuiteRunnerWorker.java:96)
at org.testng.TestNG.runSuitesSequentially(TestNG.java:1212)
at org.testng.TestNG.runSuitesLocally(TestNG.java:1134)
at org.testng.TestNG.runSuites(TestNG.java:1063)
at org.testng.TestNG.run(TestNG.java:1031)
at org.testng.remote.AbstractRemoteTestNG.run(AbstractRemoteTestNG.java:115)
at org.testng.remote.RemoteTestNG.initAndRun(RemoteTestNG.java:251)
at org.testng.remote.RemoteTestNG.main(RemoteTestNG.java:77)
]]>
    </failure>
  </testcase> <!-- Testcase_RowCount_validation -->
  <system-out>
    <![CDATA[Executing Snowflake query :: SELECT count(*) as TOTAL FROM DEV_ENT_RAW.ST_HARP_MATILLION.ESTIMATEITEM
Table Count in Snowflake:: 120554
Executing Snowflake query :: select count(*) as TOTAL from CURATED_DATAMART.ST_BKP_HARP.STR_ESTIMATEITEM Where ACTIVE_FLAG='Y'
Table Count in Snowflake:: 120168
Executing Snowflake query :: select count(*) as TOTAL from DEV_ENT_CURATED.MASTER_DIMENSIONS.DIM_ESTIMATEITEM where tenant_type='HARP' and RECORD_UPDATED_BY='Backup Table'
Table Count in Snowflake:: 12541
Row Count of Table ESTIMATEITEM is not matched for RAW :: 120554 DataMart :: 120168 CURATED :: 12541]]>
  </system-out>
  <testcase classname="testcases.RAW_DATAMART_CURATED.SnowFlake_RowCount_Master" name="Testcase_RowCount_validation" time="3.624">
    <failure message="The following asserts failed:
	null" type="java.lang.AssertionError">
      <![CDATA[java.lang.AssertionError: The following asserts failed:
null
at org.testng.asserts.SoftAssert.assertAll(SoftAssert.java:47)
at org.testng.asserts.SoftAssert.assertAll(SoftAssert.java:31)
at testcases.RAW_DATAMART_CURATED.SnowFlake_RowCount_Master.validate_RowCount_BKP(SnowFlake_RowCount_Master.java:56)
at testcases.RAW_DATAMART_CURATED.SnowFlake_RowCount_Master.Testcase_RowCount_validation(SnowFlake_RowCount_Master.java:25)
at jdk.internal.reflect.GeneratedMethodAccessor13.invoke(Unknown Source)
at java.base/jdk.internal.reflect.DelegatingMethodAccessorImpl.invoke(DelegatingMethodAccessorImpl.java:43)
at java.base/java.lang.reflect.Method.invoke(Method.java:568)
at org.testng.internal.MethodInvocationHelper.invokeMethod(MethodInvocationHelper.java:133)
at org.testng.internal.TestInvoker.invokeMethod(TestInvoker.java:598)
at org.testng.internal.TestInvoker.invokeTestMethod(TestInvoker.java:173)
at org.testng.internal.MethodRunner.runInSequence(MethodRunner.java:46)
at org.testng.internal.TestInvoker$MethodInvocationAgent.invoke(TestInvoker.java:824)
at org.testng.internal.TestInvoker.invokeTestMethods(TestInvoker.java:146)
at org.testng.internal.TestMethodWorker.invokeTestMethods(TestMethodWorker.java:146)
at org.testng.internal.TestMethodWorker.run(TestMethodWorker.java:128)
at java.base/java.util.ArrayList.forEach(ArrayList.java:1511)
at org.testng.TestRunner.privateRun(TestRunner.java:794)
at org.testng.TestRunner.run(TestRunner.java:596)
at org.testng.SuiteRunner.runTest(SuiteRunner.java:377)
at org.testng.SuiteRunner.runSequentially(SuiteRunner.java:371)
at org.testng.SuiteRunner.privateRun(SuiteRunner.java:332)
at org.testng.SuiteRunner.run(SuiteRunner.java:276)
at org.testng.SuiteRunnerWorker.runSuite(SuiteRunnerWorker.java:53)
at org.testng.SuiteRunnerWorker.run(SuiteRunnerWorker.java:96)
at org.testng.TestNG.runSuitesSequentially(TestNG.java:1212)
at org.testng.TestNG.runSuitesLocally(TestNG.java:1134)
at org.testng.TestNG.runSuites(TestNG.java:1063)
at org.testng.TestNG.run(TestNG.java:1031)
at org.testng.remote.AbstractRemoteTestNG.run(AbstractRemoteTestNG.java:115)
at org.testng.remote.RemoteTestNG.initAndRun(RemoteTestNG.java:251)
at org.testng.remote.RemoteTestNG.main(RemoteTestNG.java:77)
]]>
    </failure>
  </testcase> <!-- Testcase_RowCount_validation -->
  <system-out>
    <![CDATA[Executing Snowflake query :: SELECT count(*) as TOTAL FROM DEV_ENT_RAW.ST_CASTEEL_MATILLION.PAYMENT
Table Count in Snowflake:: 520374
Executing Snowflake query :: select count(*) as TOTAL from CURATED_DATAMART.ST_BKP_CASTEEL.STR_PAYMENT Where ACTIVE_FLAG='Y'
Table Count in Snowflake:: 520133
Executing Snowflake query :: select count(*) as TOTAL from DEV_ENT_CURATED.MASTER_DIMENSIONS.DIM_PAYMENT where tenant_type='CASTEEL' and RECORD_UPDATED_BY='Backup Table'
Table Count in Snowflake:: 519695
Row Count of Table PAYMENT is not matched for RAW :: 520374 DataMart :: 520133 CURATED :: 519695]]>
  </system-out>
  <testcase classname="testcases.RAW_DATAMART_CURATED.SnowFlake_RowCount_Master" name="Testcase_RowCount_validation" time="1.760">
    <failure message="The following asserts failed:
	null" type="java.lang.AssertionError">
      <![CDATA[java.lang.AssertionError: The following asserts failed:
null
at org.testng.asserts.SoftAssert.assertAll(SoftAssert.java:47)
at org.testng.asserts.SoftAssert.assertAll(SoftAssert.java:31)
at testcases.RAW_DATAMART_CURATED.SnowFlake_RowCount_Master.validate_RowCount_BKP(SnowFlake_RowCount_Master.java:56)
at testcases.RAW_DATAMART_CURATED.SnowFlake_RowCount_Master.Testcase_RowCount_validation(SnowFlake_RowCount_Master.java:25)
at jdk.internal.reflect.GeneratedMethodAccessor13.invoke(Unknown Source)
at java.base/jdk.internal.reflect.DelegatingMethodAccessorImpl.invoke(DelegatingMethodAccessorImpl.java:43)
at java.base/java.lang.reflect.Method.invoke(Method.java:568)
at org.testng.internal.MethodInvocationHelper.invokeMethod(MethodInvocationHelper.java:133)
at org.testng.internal.TestInvoker.invokeMethod(TestInvoker.java:598)
at org.testng.internal.TestInvoker.invokeTestMethod(TestInvoker.java:173)
at org.testng.internal.MethodRunner.runInSequence(MethodRunner.java:46)
at org.testng.internal.TestInvoker$MethodInvocationAgent.invoke(TestInvoker.java:824)
at org.testng.internal.TestInvoker.invokeTestMethods(TestInvoker.java:146)
at org.testng.internal.TestMethodWorker.invokeTestMethods(TestMethodWorker.java:146)
at org.testng.internal.TestMethodWorker.run(TestMethodWorker.java:128)
at java.base/java.util.ArrayList.forEach(ArrayList.java:1511)
at org.testng.TestRunner.privateRun(TestRunner.java:794)
at org.testng.TestRunner.run(TestRunner.java:596)
at org.testng.SuiteRunner.runTest(SuiteRunner.java:377)
at org.testng.SuiteRunner.runSequentially(SuiteRunner.java:371)
at org.testng.SuiteRunner.privateRun(SuiteRunner.java:332)
at org.testng.SuiteRunner.run(SuiteRunner.java:276)
at org.testng.SuiteRunnerWorker.runSuite(SuiteRunnerWorker.java:53)
at org.testng.SuiteRunnerWorker.run(SuiteRunnerWorker.java:96)
at org.testng.TestNG.runSuitesSequentially(TestNG.java:1212)
at org.testng.TestNG.runSuitesLocally(TestNG.java:1134)
at org.testng.TestNG.runSuites(TestNG.java:1063)
at org.testng.TestNG.run(TestNG.java:1031)
at org.testng.remote.AbstractRemoteTestNG.run(AbstractRemoteTestNG.java:115)
at org.testng.remote.RemoteTestNG.initAndRun(RemoteTestNG.java:251)
at org.testng.remote.RemoteTestNG.main(RemoteTestNG.java:77)
]]>
    </failure>
  </testcase> <!-- Testcase_RowCount_validation -->
  <system-out>
    <![CDATA[Executing Snowflake query :: SELECT count(*) as TOTAL FROM DEV_ENT_RAW.ST_GOLDMEDAL_MATILLION.TECHNICIANSHIFT
Snowflake - SQLException at readDB() method :: SQL compilation error:
Object 'DEV_ENT_RAW.ST_GOLDMEDAL_MATILLION.TECHNICIANSHIFT' does not exist or not authorized.
Executing Snowflake query :: select count(*) as TOTAL from CURATED_DATAMART.ST_BKP_GOLDMEDAL.STR_TECHNICIANSHIFT Where ACTIVE_FLAG='Y'
Table Count in Snowflake:: 111226
Executing Snowflake query :: select count(*) as TOTAL from DEV_ENT_CURATED.MASTER_DIMENSIONS.DIM_TECHNICIANSHIFT where tenant_type='GOLDMEDAL' and RECORD_UPDATED_BY='Backup Table'
Table Count in Snowflake:: 111226
Row Count of Table TECHNICIANSHIFT is matched for RAW :: 0 DataMart :: 111226 CURATED :: 111226]]>
  </system-out>
  <testcase classname="testcases.RAW_DATAMART_CURATED.SnowFlake_RowCount_Master" name="Testcase_RowCount_validation" time="2.456">
    <failure message="The following asserts failed:
	null,
	null" type="java.lang.AssertionError">
      <![CDATA[java.lang.AssertionError: The following asserts failed:
null,
null
at org.testng.asserts.SoftAssert.assertAll(SoftAssert.java:47)
at org.testng.asserts.SoftAssert.assertAll(SoftAssert.java:31)
at testcases.RAW_DATAMART_CURATED.SnowFlake_RowCount_Master.validate_RowCount_API(SnowFlake_RowCount_Master.java:115)
at testcases.RAW_DATAMART_CURATED.SnowFlake_RowCount_Master.Testcase_RowCount_validation(SnowFlake_RowCount_Master.java:28)
at jdk.internal.reflect.GeneratedMethodAccessor13.invoke(Unknown Source)
at java.base/jdk.internal.reflect.DelegatingMethodAccessorImpl.invoke(DelegatingMethodAccessorImpl.java:43)
at java.base/java.lang.reflect.Method.invoke(Method.java:568)
at org.testng.internal.MethodInvocationHelper.invokeMethod(MethodInvocationHelper.java:133)
at org.testng.internal.TestInvoker.invokeMethod(TestInvoker.java:598)
at org.testng.internal.TestInvoker.invokeTestMethod(TestInvoker.java:173)
at org.testng.internal.MethodRunner.runInSequence(MethodRunner.java:46)
at org.testng.internal.TestInvoker$MethodInvocationAgent.invoke(TestInvoker.java:824)
at org.testng.internal.TestInvoker.invokeTestMethods(TestInvoker.java:146)
at org.testng.internal.TestMethodWorker.invokeTestMethods(TestMethodWorker.java:146)
at org.testng.internal.TestMethodWorker.run(TestMethodWorker.java:128)
at java.base/java.util.ArrayList.forEach(ArrayList.java:1511)
at org.testng.TestRunner.privateRun(TestRunner.java:794)
at org.testng.TestRunner.run(TestRunner.java:596)
at org.testng.SuiteRunner.runTest(SuiteRunner.java:377)
at org.testng.SuiteRunner.runSequentially(SuiteRunner.java:371)
at org.testng.SuiteRunner.privateRun(SuiteRunner.java:332)
at org.testng.SuiteRunner.run(SuiteRunner.java:276)
at org.testng.SuiteRunnerWorker.runSuite(SuiteRunnerWorker.java:53)
at org.testng.SuiteRunnerWorker.run(SuiteRunnerWorker.java:96)
at org.testng.TestNG.runSuitesSequentially(TestNG.java:1212)
at org.testng.TestNG.runSuitesLocally(TestNG.java:1134)
at org.testng.TestNG.runSuites(TestNG.java:1063)
at org.testng.TestNG.run(TestNG.java:1031)
at org.testng.remote.AbstractRemoteTestNG.run(AbstractRemoteTestNG.java:115)
at org.testng.remote.RemoteTestNG.initAndRun(RemoteTestNG.java:251)
at org.testng.remote.RemoteTestNG.main(RemoteTestNG.java:77)
]]>
    </failure>
  </testcase> <!-- Testcase_RowCount_validation -->
  <system-out>
    <![CDATA[Executing Snowflake query :: SELECT count(*) as TOTAL FROM DEV_ENT_RAW.API_MAT.ST_API_PROJECT WHERE TENANT_NAME='GOLDMEDAL'
Table Count in Snowflake:: 139
Executing Snowflake query :: select count(*) as TOTAL from CURATED_DATAMART.ST_API_GOLDMEDAL.STR_API_PROJECT WHERE ACTIVE_FLAG='Y'
Table Count in Snowflake:: 74
Executing Snowflake query :: select count(*) as TOTAL from DEV_ENT_CURATED.MASTER_DIMENSIONS.DIM_PROJECT WHERE TENANT_TYPE='GOLDMEDAL' and RECORD_UPDATED_BY='API ETL'
Table Count in Snowflake:: 0
Row Count of Table PROJECT is not matched for APIMAT :: 139 DataMart :: 74
Executing Snowflake query :: select count(*) as TOTAL from DEV_ENT_CURATED.MASTER_DIMENSIONS.DIM_PROJECT WHERE TENANT_TYPE='GOLDMEDAL' and RECORD_UPDATED_BY='Backup Table' AND ID in (select ID from CURATED_DATAMART.ST_API_GOLDMEDAL.STR_API_PROJECT WHERE ACTIVE_FLAG='Y')
Table Count in Snowflake:: 0
Row Count of Table PROJECT is not matched for DataMart :: 74 CURATED :: 0]]>
  </system-out>
  <testcase classname="testcases.RAW_DATAMART_CURATED.SnowFlake_RowCount_Master" name="Testcase_RowCount_validation" time="2.249">
    <failure message="The following asserts failed:
	null,
	null" type="java.lang.AssertionError">
      <![CDATA[java.lang.AssertionError: The following asserts failed:
null,
null
at org.testng.asserts.SoftAssert.assertAll(SoftAssert.java:47)
at org.testng.asserts.SoftAssert.assertAll(SoftAssert.java:31)
at testcases.RAW_DATAMART_CURATED.SnowFlake_RowCount_Master.validate_RowCount_BKP(SnowFlake_RowCount_Master.java:56)
at testcases.RAW_DATAMART_CURATED.SnowFlake_RowCount_Master.Testcase_RowCount_validation(SnowFlake_RowCount_Master.java:25)
at jdk.internal.reflect.GeneratedMethodAccessor13.invoke(Unknown Source)
at java.base/jdk.internal.reflect.DelegatingMethodAccessorImpl.invoke(DelegatingMethodAccessorImpl.java:43)
at java.base/java.lang.reflect.Method.invoke(Method.java:568)
at org.testng.internal.MethodInvocationHelper.invokeMethod(MethodInvocationHelper.java:133)
at org.testng.internal.TestInvoker.invokeMethod(TestInvoker.java:598)
at org.testng.internal.TestInvoker.invokeTestMethod(TestInvoker.java:173)
at org.testng.internal.MethodRunner.runInSequence(MethodRunner.java:46)
at org.testng.internal.TestInvoker$MethodInvocationAgent.invoke(TestInvoker.java:824)
at org.testng.internal.TestInvoker.invokeTestMethods(TestInvoker.java:146)
at org.testng.internal.TestMethodWorker.invokeTestMethods(TestMethodWorker.java:146)
at org.testng.internal.TestMethodWorker.run(TestMethodWorker.java:128)
at java.base/java.util.ArrayList.forEach(ArrayList.java:1511)
at org.testng.TestRunner.privateRun(TestRunner.java:794)
at org.testng.TestRunner.run(TestRunner.java:596)
at org.testng.SuiteRunner.runTest(SuiteRunner.java:377)
at org.testng.SuiteRunner.runSequentially(SuiteRunner.java:371)
at org.testng.SuiteRunner.privateRun(SuiteRunner.java:332)
at org.testng.SuiteRunner.run(SuiteRunner.java:276)
at org.testng.SuiteRunnerWorker.runSuite(SuiteRunnerWorker.java:53)
at org.testng.SuiteRunnerWorker.run(SuiteRunnerWorker.java:96)
at org.testng.TestNG.runSuitesSequentially(TestNG.java:1212)
at org.testng.TestNG.runSuitesLocally(TestNG.java:1134)
at org.testng.TestNG.runSuites(TestNG.java:1063)
at org.testng.TestNG.run(TestNG.java:1031)
at org.testng.remote.AbstractRemoteTestNG.run(AbstractRemoteTestNG.java:115)
at org.testng.remote.RemoteTestNG.initAndRun(RemoteTestNG.java:251)
at org.testng.remote.RemoteTestNG.main(RemoteTestNG.java:77)
]]>
    </failure>
  </testcase> <!-- Testcase_RowCount_validation -->
  <system-out>
    <![CDATA[Executing Snowflake query :: SELECT count(*) as TOTAL FROM DEV_ENT_RAW.ST_EANESHEATING_MATILLION.CALL
Snowflake - SQLException at readDB() method :: SQL compilation error:
Object 'DEV_ENT_RAW.ST_EANESHEATING_MATILLION.CALL' does not exist or not authorized.
Executing Snowflake query :: select count(*) as TOTAL from CURATED_DATAMART.ST_BKP_EANESHEATING.STR_CALL Where ACTIVE_FLAG='Y'
Table Count in Snowflake:: 203006
Executing Snowflake query :: select count(*) as TOTAL from DEV_ENT_CURATED.MASTER_DIMENSIONS.DIM_CALL where tenant_type='EANESHEATING' and RECORD_UPDATED_BY='Backup Table'
Table Count in Snowflake:: 201183
Row Count of Table CALL is not matched for RAW :: 0 DataMart :: 203006 CURATED :: 201183]]>
  </system-out>
  <testcase classname="testcases.RAW_DATAMART_CURATED.SnowFlake_RowCount_Master" name="Testcase_RowCount_validation" time="1.533">
    <failure message="The following asserts failed:
	null,
	null" type="java.lang.AssertionError">
      <![CDATA[java.lang.AssertionError: The following asserts failed:
null,
null
at org.testng.asserts.SoftAssert.assertAll(SoftAssert.java:47)
at org.testng.asserts.SoftAssert.assertAll(SoftAssert.java:31)
at testcases.RAW_DATAMART_CURATED.SnowFlake_RowCount_Master.validate_RowCount_BKP(SnowFlake_RowCount_Master.java:56)
at testcases.RAW_DATAMART_CURATED.SnowFlake_RowCount_Master.Testcase_RowCount_validation(SnowFlake_RowCount_Master.java:25)
at jdk.internal.reflect.GeneratedMethodAccessor13.invoke(Unknown Source)
at java.base/jdk.internal.reflect.DelegatingMethodAccessorImpl.invoke(DelegatingMethodAccessorImpl.java:43)
at java.base/java.lang.reflect.Method.invoke(Method.java:568)
at org.testng.internal.MethodInvocationHelper.invokeMethod(MethodInvocationHelper.java:133)
at org.testng.internal.TestInvoker.invokeMethod(TestInvoker.java:598)
at org.testng.internal.TestInvoker.invokeTestMethod(TestInvoker.java:173)
at org.testng.internal.MethodRunner.runInSequence(MethodRunner.java:46)
at org.testng.internal.TestInvoker$MethodInvocationAgent.invoke(TestInvoker.java:824)
at org.testng.internal.TestInvoker.invokeTestMethods(TestInvoker.java:146)
at org.testng.internal.TestMethodWorker.invokeTestMethods(TestMethodWorker.java:146)
at org.testng.internal.TestMethodWorker.run(TestMethodWorker.java:128)
at java.base/java.util.ArrayList.forEach(ArrayList.java:1511)
at org.testng.TestRunner.privateRun(TestRunner.java:794)
at org.testng.TestRunner.run(TestRunner.java:596)
at org.testng.SuiteRunner.runTest(SuiteRunner.java:377)
at org.testng.SuiteRunner.runSequentially(SuiteRunner.java:371)
at org.testng.SuiteRunner.privateRun(SuiteRunner.java:332)
at org.testng.SuiteRunner.run(SuiteRunner.java:276)
at org.testng.SuiteRunnerWorker.runSuite(SuiteRunnerWorker.java:53)
at org.testng.SuiteRunnerWorker.run(SuiteRunnerWorker.java:96)
at org.testng.TestNG.runSuitesSequentially(TestNG.java:1212)
at org.testng.TestNG.runSuitesLocally(TestNG.java:1134)
at org.testng.TestNG.runSuites(TestNG.java:1063)
at org.testng.TestNG.run(TestNG.java:1031)
at org.testng.remote.AbstractRemoteTestNG.run(AbstractRemoteTestNG.java:115)
at org.testng.remote.RemoteTestNG.initAndRun(RemoteTestNG.java:251)
at org.testng.remote.RemoteTestNG.main(RemoteTestNG.java:77)
]]>
    </failure>
  </testcase> <!-- Testcase_RowCount_validation -->
  <system-out>
    <![CDATA[Executing Snowflake query :: SELECT count(*) as TOTAL FROM DEV_ENT_RAW.ST_HDAIR_MATILLION.PURCHASEORDER
Snowflake - SQLException at readDB() method :: SQL compilation error:
Object 'DEV_ENT_RAW.ST_HDAIR_MATILLION.PURCHASEORDER' does not exist or not authorized.
Executing Snowflake query :: select count(*) as TOTAL from CURATED_DATAMART.ST_BKP_HDAIR.STR_PURCHASEORDER Where ACTIVE_FLAG='Y'
Table Count in Snowflake:: 76177
Executing Snowflake query :: select count(*) as TOTAL from DEV_ENT_CURATED.MASTER_DIMENSIONS.DIM_PURCHASEORDER where tenant_type='HDAIR' and RECORD_UPDATED_BY='Backup Table'
Table Count in Snowflake:: 75693
Row Count of Table PURCHASEORDER is not matched for RAW :: 0 DataMart :: 76177 CURATED :: 75693]]>
  </system-out>
  <testcase classname="testcases.RAW_DATAMART_CURATED.SnowFlake_RowCount_Master" name="Testcase_RowCount_validation" time="2.149">
    <failure message="The following asserts failed:
	null,
	null" type="java.lang.AssertionError">
      <![CDATA[java.lang.AssertionError: The following asserts failed:
null,
null
at org.testng.asserts.SoftAssert.assertAll(SoftAssert.java:47)
at org.testng.asserts.SoftAssert.assertAll(SoftAssert.java:31)
at testcases.RAW_DATAMART_CURATED.SnowFlake_RowCount_Master.validate_RowCount_BKP(SnowFlake_RowCount_Master.java:56)
at testcases.RAW_DATAMART_CURATED.SnowFlake_RowCount_Master.Testcase_RowCount_validation(SnowFlake_RowCount_Master.java:25)
at jdk.internal.reflect.GeneratedMethodAccessor13.invoke(Unknown Source)
at java.base/jdk.internal.reflect.DelegatingMethodAccessorImpl.invoke(DelegatingMethodAccessorImpl.java:43)
at java.base/java.lang.reflect.Method.invoke(Method.java:568)
at org.testng.internal.MethodInvocationHelper.invokeMethod(MethodInvocationHelper.java:133)
at org.testng.internal.TestInvoker.invokeMethod(TestInvoker.java:598)
at org.testng.internal.TestInvoker.invokeTestMethod(TestInvoker.java:173)
at org.testng.internal.MethodRunner.runInSequence(MethodRunner.java:46)
at org.testng.internal.TestInvoker$MethodInvocationAgent.invoke(TestInvoker.java:824)
at org.testng.internal.TestInvoker.invokeTestMethods(TestInvoker.java:146)
at org.testng.internal.TestMethodWorker.invokeTestMethods(TestMethodWorker.java:146)
at org.testng.internal.TestMethodWorker.run(TestMethodWorker.java:128)
at java.base/java.util.ArrayList.forEach(ArrayList.java:1511)
at org.testng.TestRunner.privateRun(TestRunner.java:794)
at org.testng.TestRunner.run(TestRunner.java:596)
at org.testng.SuiteRunner.runTest(SuiteRunner.java:377)
at org.testng.SuiteRunner.runSequentially(SuiteRunner.java:371)
at org.testng.SuiteRunner.privateRun(SuiteRunner.java:332)
at org.testng.SuiteRunner.run(SuiteRunner.java:276)
at org.testng.SuiteRunnerWorker.runSuite(SuiteRunnerWorker.java:53)
at org.testng.SuiteRunnerWorker.run(SuiteRunnerWorker.java:96)
at org.testng.TestNG.runSuitesSequentially(TestNG.java:1212)
at org.testng.TestNG.runSuitesLocally(TestNG.java:1134)
at org.testng.TestNG.runSuites(TestNG.java:1063)
at org.testng.TestNG.run(TestNG.java:1031)
at org.testng.remote.AbstractRemoteTestNG.run(AbstractRemoteTestNG.java:115)
at org.testng.remote.RemoteTestNG.initAndRun(RemoteTestNG.java:251)
at org.testng.remote.RemoteTestNG.main(RemoteTestNG.java:77)
]]>
    </failure>
  </testcase> <!-- Testcase_RowCount_validation -->
  <system-out>
    <![CDATA[Executing Snowflake query :: SELECT count(*) as TOTAL FROM DEV_ENT_RAW.ST_EANESHEATING_MATILLION.CONTACT
Snowflake - SQLException at readDB() method :: SQL compilation error:
Object 'DEV_ENT_RAW.ST_EANESHEATING_MATILLION.CONTACT' does not exist or not authorized.
Executing Snowflake query :: select count(*) as TOTAL from CURATED_DATAMART.ST_BKP_EANESHEATING.STR_CONTACT Where ACTIVE_FLAG='Y'
Table Count in Snowflake:: 183387
Executing Snowflake query :: select count(*) as TOTAL from DEV_ENT_CURATED.MASTER_DIMENSIONS.DIM_CONTACT where tenant_type='EANESHEATING' and RECORD_UPDATED_BY='Backup Table'
Table Count in Snowflake:: 141146
Row Count of Table CONTACT is not matched for RAW :: 0 DataMart :: 183387 CURATED :: 141146]]>
  </system-out>
  <testcase classname="testcases.RAW_DATAMART_CURATED.SnowFlake_RowCount_Master" name="Testcase_RowCount_validation" time="1.635">
    <failure message="The following asserts failed:
	null,
	null" type="java.lang.AssertionError">
      <![CDATA[java.lang.AssertionError: The following asserts failed:
null,
null
at org.testng.asserts.SoftAssert.assertAll(SoftAssert.java:47)
at org.testng.asserts.SoftAssert.assertAll(SoftAssert.java:31)
at testcases.RAW_DATAMART_CURATED.SnowFlake_RowCount_Master.validate_RowCount_BKP(SnowFlake_RowCount_Master.java:56)
at testcases.RAW_DATAMART_CURATED.SnowFlake_RowCount_Master.Testcase_RowCount_validation(SnowFlake_RowCount_Master.java:25)
at jdk.internal.reflect.GeneratedMethodAccessor13.invoke(Unknown Source)
at java.base/jdk.internal.reflect.DelegatingMethodAccessorImpl.invoke(DelegatingMethodAccessorImpl.java:43)
at java.base/java.lang.reflect.Method.invoke(Method.java:568)
at org.testng.internal.MethodInvocationHelper.invokeMethod(MethodInvocationHelper.java:133)
at org.testng.internal.TestInvoker.invokeMethod(TestInvoker.java:598)
at org.testng.internal.TestInvoker.invokeTestMethod(TestInvoker.java:173)
at org.testng.internal.MethodRunner.runInSequence(MethodRunner.java:46)
at org.testng.internal.TestInvoker$MethodInvocationAgent.invoke(TestInvoker.java:824)
at org.testng.internal.TestInvoker.invokeTestMethods(TestInvoker.java:146)
at org.testng.internal.TestMethodWorker.invokeTestMethods(TestMethodWorker.java:146)
at org.testng.internal.TestMethodWorker.run(TestMethodWorker.java:128)
at java.base/java.util.ArrayList.forEach(ArrayList.java:1511)
at org.testng.TestRunner.privateRun(TestRunner.java:794)
at org.testng.TestRunner.run(TestRunner.java:596)
at org.testng.SuiteRunner.runTest(SuiteRunner.java:377)
at org.testng.SuiteRunner.runSequentially(SuiteRunner.java:371)
at org.testng.SuiteRunner.privateRun(SuiteRunner.java:332)
at org.testng.SuiteRunner.run(SuiteRunner.java:276)
at org.testng.SuiteRunnerWorker.runSuite(SuiteRunnerWorker.java:53)
at org.testng.SuiteRunnerWorker.run(SuiteRunnerWorker.java:96)
at org.testng.TestNG.runSuitesSequentially(TestNG.java:1212)
at org.testng.TestNG.runSuitesLocally(TestNG.java:1134)
at org.testng.TestNG.runSuites(TestNG.java:1063)
at org.testng.TestNG.run(TestNG.java:1031)
at org.testng.remote.AbstractRemoteTestNG.run(AbstractRemoteTestNG.java:115)
at org.testng.remote.RemoteTestNG.initAndRun(RemoteTestNG.java:251)
at org.testng.remote.RemoteTestNG.main(RemoteTestNG.java:77)
]]>
    </failure>
  </testcase> <!-- Testcase_RowCount_validation -->
  <system-out>
    <![CDATA[Executing Snowflake query :: SELECT count(*) as TOTAL FROM DEV_ENT_RAW.ST_HUTCHINSON_MATILLION.NONJOBAPPOINTMENT
Snowflake - SQLException at readDB() method :: SQL compilation error:
Object 'DEV_ENT_RAW.ST_HUTCHINSON_MATILLION.NONJOBAPPOINTMENT' does not exist or not authorized.
Executing Snowflake query :: select count(*) as TOTAL from CURATED_DATAMART.ST_BKP_HUTCHINSON.STR_NONJOBAPPOINTMENT Where ACTIVE_FLAG='Y'
Table Count in Snowflake:: 36022
Executing Snowflake query :: select count(*) as TOTAL from DEV_ENT_CURATED.MASTER_DIMENSIONS.DIM_NONJOBAPPOINTMENT where tenant_type='HUTCHINSON' and RECORD_UPDATED_BY='Backup Table'
Table Count in Snowflake:: 35272
Row Count of Table NONJOBAPPOINTMENT is not matched for RAW :: 0 DataMart :: 36022 CURATED :: 35272]]>
  </system-out>
  <testcase classname="testcases.RAW_DATAMART_CURATED.SnowFlake_RowCount_Master" name="Testcase_RowCount_validation" time="1.735">
    <failure message="The following asserts failed:
	null" type="java.lang.AssertionError">
      <![CDATA[java.lang.AssertionError: The following asserts failed:
null
at org.testng.asserts.SoftAssert.assertAll(SoftAssert.java:47)
at org.testng.asserts.SoftAssert.assertAll(SoftAssert.java:31)
at testcases.RAW_DATAMART_CURATED.SnowFlake_RowCount_Master.validate_RowCount_BKP(SnowFlake_RowCount_Master.java:56)
at testcases.RAW_DATAMART_CURATED.SnowFlake_RowCount_Master.Testcase_RowCount_validation(SnowFlake_RowCount_Master.java:25)
at jdk.internal.reflect.GeneratedMethodAccessor13.invoke(Unknown Source)
at java.base/jdk.internal.reflect.DelegatingMethodAccessorImpl.invoke(DelegatingMethodAccessorImpl.java:43)
at java.base/java.lang.reflect.Method.invoke(Method.java:568)
at org.testng.internal.MethodInvocationHelper.invokeMethod(MethodInvocationHelper.java:133)
at org.testng.internal.TestInvoker.invokeMethod(TestInvoker.java:598)
at org.testng.internal.TestInvoker.invokeTestMethod(TestInvoker.java:173)
at org.testng.internal.MethodRunner.runInSequence(MethodRunner.java:46)
at org.testng.internal.TestInvoker$MethodInvocationAgent.invoke(TestInvoker.java:824)
at org.testng.internal.TestInvoker.invokeTestMethods(TestInvoker.java:146)
at org.testng.internal.TestMethodWorker.invokeTestMethods(TestMethodWorker.java:146)
at org.testng.internal.TestMethodWorker.run(TestMethodWorker.java:128)
at java.base/java.util.ArrayList.forEach(ArrayList.java:1511)
at org.testng.TestRunner.privateRun(TestRunner.java:794)
at org.testng.TestRunner.run(TestRunner.java:596)
at org.testng.SuiteRunner.runTest(SuiteRunner.java:377)
at org.testng.SuiteRunner.runSequentially(SuiteRunner.java:371)
at org.testng.SuiteRunner.privateRun(SuiteRunner.java:332)
at org.testng.SuiteRunner.run(SuiteRunner.java:276)
at org.testng.SuiteRunnerWorker.runSuite(SuiteRunnerWorker.java:53)
at org.testng.SuiteRunnerWorker.run(SuiteRunnerWorker.java:96)
at org.testng.TestNG.runSuitesSequentially(TestNG.java:1212)
at org.testng.TestNG.runSuitesLocally(TestNG.java:1134)
at org.testng.TestNG.runSuites(TestNG.java:1063)
at org.testng.TestNG.run(TestNG.java:1031)
at org.testng.remote.AbstractRemoteTestNG.run(AbstractRemoteTestNG.java:115)
at org.testng.remote.RemoteTestNG.initAndRun(RemoteTestNG.java:251)
at org.testng.remote.RemoteTestNG.main(RemoteTestNG.java:77)
]]>
    </failure>
  </testcase> <!-- Testcase_RowCount_validation -->
  <system-out>
    <![CDATA[Executing Snowflake query :: SELECT count(*) as TOTAL FROM DEV_ENT_RAW.ST_HENDERSON_MATILLION.EMPLOYEE
Table Count in Snowflake:: 189
Executing Snowflake query :: select count(*) as TOTAL from CURATED_DATAMART.ST_BKP_HENDERSON.STR_EMPLOYEE Where ACTIVE_FLAG='Y'
Table Count in Snowflake:: 190
Executing Snowflake query :: select count(*) as TOTAL from DEV_ENT_CURATED.MASTER_DIMENSIONS.DIM_EMPLOYEE where tenant_type='HENDERSON' and RECORD_UPDATED_BY='Backup Table'
Table Count in Snowflake:: 167
Row Count of Table EMPLOYEE is not matched for RAW :: 189 DataMart :: 190 CURATED :: 167]]>
  </system-out>
  <testcase classname="testcases.RAW_DATAMART_CURATED.SnowFlake_RowCount_Master" name="Testcase_RowCount_validation" time="1.740">
    <failure message="The following asserts failed:
	null" type="java.lang.AssertionError">
      <![CDATA[java.lang.AssertionError: The following asserts failed:
null
at org.testng.asserts.SoftAssert.assertAll(SoftAssert.java:47)
at org.testng.asserts.SoftAssert.assertAll(SoftAssert.java:31)
at testcases.RAW_DATAMART_CURATED.SnowFlake_RowCount_Master.validate_RowCount_BKP(SnowFlake_RowCount_Master.java:56)
at testcases.RAW_DATAMART_CURATED.SnowFlake_RowCount_Master.Testcase_RowCount_validation(SnowFlake_RowCount_Master.java:25)
at jdk.internal.reflect.GeneratedMethodAccessor13.invoke(Unknown Source)
at java.base/jdk.internal.reflect.DelegatingMethodAccessorImpl.invoke(DelegatingMethodAccessorImpl.java:43)
at java.base/java.lang.reflect.Method.invoke(Method.java:568)
at org.testng.internal.MethodInvocationHelper.invokeMethod(MethodInvocationHelper.java:133)
at org.testng.internal.TestInvoker.invokeMethod(TestInvoker.java:598)
at org.testng.internal.TestInvoker.invokeTestMethod(TestInvoker.java:173)
at org.testng.internal.MethodRunner.runInSequence(MethodRunner.java:46)
at org.testng.internal.TestInvoker$MethodInvocationAgent.invoke(TestInvoker.java:824)
at org.testng.internal.TestInvoker.invokeTestMethods(TestInvoker.java:146)
at org.testng.internal.TestMethodWorker.invokeTestMethods(TestMethodWorker.java:146)
at org.testng.internal.TestMethodWorker.run(TestMethodWorker.java:128)
at java.base/java.util.ArrayList.forEach(ArrayList.java:1511)
at org.testng.TestRunner.privateRun(TestRunner.java:794)
at org.testng.TestRunner.run(TestRunner.java:596)
at org.testng.SuiteRunner.runTest(SuiteRunner.java:377)
at org.testng.SuiteRunner.runSequentially(SuiteRunner.java:371)
at org.testng.SuiteRunner.privateRun(SuiteRunner.java:332)
at org.testng.SuiteRunner.run(SuiteRunner.java:276)
at org.testng.SuiteRunnerWorker.runSuite(SuiteRunnerWorker.java:53)
at org.testng.SuiteRunnerWorker.run(SuiteRunnerWorker.java:96)
at org.testng.TestNG.runSuitesSequentially(TestNG.java:1212)
at org.testng.TestNG.runSuitesLocally(TestNG.java:1134)
at org.testng.TestNG.runSuites(TestNG.java:1063)
at org.testng.TestNG.run(TestNG.java:1031)
at org.testng.remote.AbstractRemoteTestNG.run(AbstractRemoteTestNG.java:115)
at org.testng.remote.RemoteTestNG.initAndRun(RemoteTestNG.java:251)
at org.testng.remote.RemoteTestNG.main(RemoteTestNG.java:77)
]]>
    </failure>
  </testcase> <!-- Testcase_RowCount_validation -->
  <system-out>
    <![CDATA[Executing Snowflake query :: SELECT count(*) as TOTAL FROM DEV_ENT_RAW.ST_HUTCHINSON_MATILLION.INVOICE
Table Count in Snowflake:: 1437738
Executing Snowflake query :: select count(*) as TOTAL from CURATED_DATAMART.ST_BKP_HUTCHINSON.STR_INVOICE Where ACTIVE_FLAG='Y'
Table Count in Snowflake:: 2875070
Executing Snowflake query :: select count(*) as TOTAL from DEV_ENT_CURATED.MASTER_DIMENSIONS.FACT_INVOICE where tenant_type='HUTCHINSON' and RECORD_UPDATED_BY='Backup Table'
Table Count in Snowflake:: 1437738
Row Count of Table INVOICE is not matched for RAW :: 1437738 DataMart :: 2875070 CURATED :: 1437738]]>
  </system-out>
  <testcase classname="testcases.RAW_DATAMART_CURATED.SnowFlake_RowCount_Master" name="Testcase_RowCount_validation" time="1.434">
    <failure message="The following asserts failed:
	null" type="java.lang.AssertionError">
      <![CDATA[java.lang.AssertionError: The following asserts failed:
null
at org.testng.asserts.SoftAssert.assertAll(SoftAssert.java:47)
at org.testng.asserts.SoftAssert.assertAll(SoftAssert.java:31)
at testcases.RAW_DATAMART_CURATED.SnowFlake_RowCount_Master.validate_RowCount_BKP(SnowFlake_RowCount_Master.java:56)
at testcases.RAW_DATAMART_CURATED.SnowFlake_RowCount_Master.Testcase_RowCount_validation(SnowFlake_RowCount_Master.java:25)
at jdk.internal.reflect.GeneratedMethodAccessor13.invoke(Unknown Source)
at java.base/jdk.internal.reflect.DelegatingMethodAccessorImpl.invoke(DelegatingMethodAccessorImpl.java:43)
at java.base/java.lang.reflect.Method.invoke(Method.java:568)
at org.testng.internal.MethodInvocationHelper.invokeMethod(MethodInvocationHelper.java:133)
at org.testng.internal.TestInvoker.invokeMethod(TestInvoker.java:598)
at org.testng.internal.TestInvoker.invokeTestMethod(TestInvoker.java:173)
at org.testng.internal.MethodRunner.runInSequence(MethodRunner.java:46)
at org.testng.internal.TestInvoker$MethodInvocationAgent.invoke(TestInvoker.java:824)
at org.testng.internal.TestInvoker.invokeTestMethods(TestInvoker.java:146)
at org.testng.internal.TestMethodWorker.invokeTestMethods(TestMethodWorker.java:146)
at org.testng.internal.TestMethodWorker.run(TestMethodWorker.java:128)
at java.base/java.util.ArrayList.forEach(ArrayList.java:1511)
at org.testng.TestRunner.privateRun(TestRunner.java:794)
at org.testng.TestRunner.run(TestRunner.java:596)
at org.testng.SuiteRunner.runTest(SuiteRunner.java:377)
at org.testng.SuiteRunner.runSequentially(SuiteRunner.java:371)
at org.testng.SuiteRunner.privateRun(SuiteRunner.java:332)
at org.testng.SuiteRunner.run(SuiteRunner.java:276)
at org.testng.SuiteRunnerWorker.runSuite(SuiteRunnerWorker.java:53)
at org.testng.SuiteRunnerWorker.run(SuiteRunnerWorker.java:96)
at org.testng.TestNG.runSuitesSequentially(TestNG.java:1212)
at org.testng.TestNG.runSuitesLocally(TestNG.java:1134)
at org.testng.TestNG.runSuites(TestNG.java:1063)
at org.testng.TestNG.run(TestNG.java:1031)
at org.testng.remote.AbstractRemoteTestNG.run(AbstractRemoteTestNG.java:115)
at org.testng.remote.RemoteTestNG.initAndRun(RemoteTestNG.java:251)
at org.testng.remote.RemoteTestNG.main(RemoteTestNG.java:77)
]]>
    </failure>
  </testcase> <!-- Testcase_RowCount_validation -->
  <system-out>
    <![CDATA[Executing Snowflake query :: SELECT count(*) as TOTAL FROM DEV_ENT_RAW.ST_SNELLHEATINGAIR_MATILLION.PURCHASEORDER
Table Count in Snowflake:: 16168
Executing Snowflake query :: select count(*) as TOTAL from CURATED_DATAMART.ST_BKP_SNELLHEATINGAIR.STR_PURCHASEORDER Where ACTIVE_FLAG='Y'
Table Count in Snowflake:: 16116
Executing Snowflake query :: select count(*) as TOTAL from DEV_ENT_CURATED.MASTER_DIMENSIONS.DIM_PURCHASEORDER where tenant_type='SNELLHEATINGAIR' and RECORD_UPDATED_BY='Backup Table'
Table Count in Snowflake:: 15843
Row Count of Table PURCHASEORDER is not matched for RAW :: 16168 DataMart :: 16116 CURATED :: 15843]]>
  </system-out>
  <testcase classname="testcases.RAW_DATAMART_CURATED.SnowFlake_RowCount_Master" name="Testcase_RowCount_validation" time="1.876">
    <failure message="The following asserts failed:
	null" type="java.lang.AssertionError">
      <![CDATA[java.lang.AssertionError: The following asserts failed:
null
at org.testng.asserts.SoftAssert.assertAll(SoftAssert.java:47)
at org.testng.asserts.SoftAssert.assertAll(SoftAssert.java:31)
at testcases.RAW_DATAMART_CURATED.SnowFlake_RowCount_Master.validate_RowCount_BKP(SnowFlake_RowCount_Master.java:56)
at testcases.RAW_DATAMART_CURATED.SnowFlake_RowCount_Master.Testcase_RowCount_validation(SnowFlake_RowCount_Master.java:25)
at jdk.internal.reflect.GeneratedMethodAccessor13.invoke(Unknown Source)
at java.base/jdk.internal.reflect.DelegatingMethodAccessorImpl.invoke(DelegatingMethodAccessorImpl.java:43)
at java.base/java.lang.reflect.Method.invoke(Method.java:568)
at org.testng.internal.MethodInvocationHelper.invokeMethod(MethodInvocationHelper.java:133)
at org.testng.internal.TestInvoker.invokeMethod(TestInvoker.java:598)
at org.testng.internal.TestInvoker.invokeTestMethod(TestInvoker.java:173)
at org.testng.internal.MethodRunner.runInSequence(MethodRunner.java:46)
at org.testng.internal.TestInvoker$MethodInvocationAgent.invoke(TestInvoker.java:824)
at org.testng.internal.TestInvoker.invokeTestMethods(TestInvoker.java:146)
at org.testng.internal.TestMethodWorker.invokeTestMethods(TestMethodWorker.java:146)
at org.testng.internal.TestMethodWorker.run(TestMethodWorker.java:128)
at java.base/java.util.ArrayList.forEach(ArrayList.java:1511)
at org.testng.TestRunner.privateRun(TestRunner.java:794)
at org.testng.TestRunner.run(TestRunner.java:596)
at org.testng.SuiteRunner.runTest(SuiteRunner.java:377)
at org.testng.SuiteRunner.runSequentially(SuiteRunner.java:371)
at org.testng.SuiteRunner.privateRun(SuiteRunner.java:332)
at org.testng.SuiteRunner.run(SuiteRunner.java:276)
at org.testng.SuiteRunnerWorker.runSuite(SuiteRunnerWorker.java:53)
at org.testng.SuiteRunnerWorker.run(SuiteRunnerWorker.java:96)
at org.testng.TestNG.runSuitesSequentially(TestNG.java:1212)
at org.testng.TestNG.runSuitesLocally(TestNG.java:1134)
at org.testng.TestNG.runSuites(TestNG.java:1063)
at org.testng.TestNG.run(TestNG.java:1031)
at org.testng.remote.AbstractRemoteTestNG.run(AbstractRemoteTestNG.java:115)
at org.testng.remote.RemoteTestNG.initAndRun(RemoteTestNG.java:251)
at org.testng.remote.RemoteTestNG.main(RemoteTestNG.java:77)
]]>
    </failure>
  </testcase> <!-- Testcase_RowCount_validation -->
  <system-out>
    <![CDATA[Executing Snowflake query :: SELECT count(*) as TOTAL FROM DEV_ENT_RAW.ST_GOLDMEDAL_MATILLION.ESTIMATE
Table Count in Snowflake:: 437207
Executing Snowflake query :: select count(*) as TOTAL from CURATED_DATAMART.ST_BKP_GOLDMEDAL.STR_ESTIMATE Where ACTIVE_FLAG='Y'
Table Count in Snowflake:: 436456
Executing Snowflake query :: select count(*) as TOTAL from DEV_ENT_CURATED.MASTER_DIMENSIONS.DIM_ESTIMATE where tenant_type='GOLDMEDAL' and RECORD_UPDATED_BY='Backup Table'
Table Count in Snowflake:: 434446
Row Count of Table ESTIMATE is not matched for RAW :: 437207 DataMart :: 436456 CURATED :: 434446]]>
  </system-out>
  <testcase classname="testcases.RAW_DATAMART_CURATED.SnowFlake_RowCount_Master" name="Testcase_RowCount_validation" time="1.843">
    <failure message="The following asserts failed:
	null" type="java.lang.AssertionError">
      <![CDATA[java.lang.AssertionError: The following asserts failed:
null
at org.testng.asserts.SoftAssert.assertAll(SoftAssert.java:47)
at org.testng.asserts.SoftAssert.assertAll(SoftAssert.java:31)
at testcases.RAW_DATAMART_CURATED.SnowFlake_RowCount_Master.validate_RowCount_BKP(SnowFlake_RowCount_Master.java:56)
at testcases.RAW_DATAMART_CURATED.SnowFlake_RowCount_Master.Testcase_RowCount_validation(SnowFlake_RowCount_Master.java:25)
at jdk.internal.reflect.GeneratedMethodAccessor13.invoke(Unknown Source)
at java.base/jdk.internal.reflect.DelegatingMethodAccessorImpl.invoke(DelegatingMethodAccessorImpl.java:43)
at java.base/java.lang.reflect.Method.invoke(Method.java:568)
at org.testng.internal.MethodInvocationHelper.invokeMethod(MethodInvocationHelper.java:133)
at org.testng.internal.TestInvoker.invokeMethod(TestInvoker.java:598)
at org.testng.internal.TestInvoker.invokeTestMethod(TestInvoker.java:173)
at org.testng.internal.MethodRunner.runInSequence(MethodRunner.java:46)
at org.testng.internal.TestInvoker$MethodInvocationAgent.invoke(TestInvoker.java:824)
at org.testng.internal.TestInvoker.invokeTestMethods(TestInvoker.java:146)
at org.testng.internal.TestMethodWorker.invokeTestMethods(TestMethodWorker.java:146)
at org.testng.internal.TestMethodWorker.run(TestMethodWorker.java:128)
at java.base/java.util.ArrayList.forEach(ArrayList.java:1511)
at org.testng.TestRunner.privateRun(TestRunner.java:794)
at org.testng.TestRunner.run(TestRunner.java:596)
at org.testng.SuiteRunner.runTest(SuiteRunner.java:377)
at org.testng.SuiteRunner.runSequentially(SuiteRunner.java:371)
at org.testng.SuiteRunner.privateRun(SuiteRunner.java:332)
at org.testng.SuiteRunner.run(SuiteRunner.java:276)
at org.testng.SuiteRunnerWorker.runSuite(SuiteRunnerWorker.java:53)
at org.testng.SuiteRunnerWorker.run(SuiteRunnerWorker.java:96)
at org.testng.TestNG.runSuitesSequentially(TestNG.java:1212)
at org.testng.TestNG.runSuitesLocally(TestNG.java:1134)
at org.testng.TestNG.runSuites(TestNG.java:1063)
at org.testng.TestNG.run(TestNG.java:1031)
at org.testng.remote.AbstractRemoteTestNG.run(AbstractRemoteTestNG.java:115)
at org.testng.remote.RemoteTestNG.initAndRun(RemoteTestNG.java:251)
at org.testng.remote.RemoteTestNG.main(RemoteTestNG.java:77)
]]>
    </failure>
  </testcase> <!-- Testcase_RowCount_validation -->
  <system-out>
    <![CDATA[Executing Snowflake query :: SELECT count(*) as TOTAL FROM DEV_ENT_RAW.ST_HENDERSON_MATILLION.PAYMENTSPLIT
Table Count in Snowflake:: 156993
Executing Snowflake query :: select count(*) as TOTAL from CURATED_DATAMART.ST_BKP_HENDERSON.STR_PAYMENTSPLIT Where ACTIVE_FLAG='Y'
Table Count in Snowflake:: 156878
Executing Snowflake query :: select count(*) as TOTAL from DEV_ENT_CURATED.MASTER_DIMENSIONS.DIM_PAYMENTSPLIT where tenant_type='HENDERSON' and RECORD_UPDATED_BY='Backup Table'
Table Count in Snowflake:: 156878
Row Count of Table PAYMENTSPLIT is not matched for RAW :: 156993 DataMart :: 156878 CURATED :: 156878]]>
  </system-out>
  <testcase classname="testcases.RAW_DATAMART_CURATED.SnowFlake_RowCount_Master" name="Testcase_RowCount_validation" time="2.023">
    <failure message="The following asserts failed:
	null" type="java.lang.AssertionError">
      <![CDATA[java.lang.AssertionError: The following asserts failed:
null
at org.testng.asserts.SoftAssert.assertAll(SoftAssert.java:47)
at org.testng.asserts.SoftAssert.assertAll(SoftAssert.java:31)
at testcases.RAW_DATAMART_CURATED.SnowFlake_RowCount_Master.validate_RowCount_BKP(SnowFlake_RowCount_Master.java:56)
at testcases.RAW_DATAMART_CURATED.SnowFlake_RowCount_Master.Testcase_RowCount_validation(SnowFlake_RowCount_Master.java:25)
at jdk.internal.reflect.GeneratedMethodAccessor13.invoke(Unknown Source)
at java.base/jdk.internal.reflect.DelegatingMethodAccessorImpl.invoke(DelegatingMethodAccessorImpl.java:43)
at java.base/java.lang.reflect.Method.invoke(Method.java:568)
at org.testng.internal.MethodInvocationHelper.invokeMethod(MethodInvocationHelper.java:133)
at org.testng.internal.TestInvoker.invokeMethod(TestInvoker.java:598)
at org.testng.internal.TestInvoker.invokeTestMethod(TestInvoker.java:173)
at org.testng.internal.MethodRunner.runInSequence(MethodRunner.java:46)
at org.testng.internal.TestInvoker$MethodInvocationAgent.invoke(TestInvoker.java:824)
at org.testng.internal.TestInvoker.invokeTestMethods(TestInvoker.java:146)
at org.testng.internal.TestMethodWorker.invokeTestMethods(TestMethodWorker.java:146)
at org.testng.internal.TestMethodWorker.run(TestMethodWorker.java:128)
at java.base/java.util.ArrayList.forEach(ArrayList.java:1511)
at org.testng.TestRunner.privateRun(TestRunner.java:794)
at org.testng.TestRunner.run(TestRunner.java:596)
at org.testng.SuiteRunner.runTest(SuiteRunner.java:377)
at org.testng.SuiteRunner.runSequentially(SuiteRunner.java:371)
at org.testng.SuiteRunner.privateRun(SuiteRunner.java:332)
at org.testng.SuiteRunner.run(SuiteRunner.java:276)
at org.testng.SuiteRunnerWorker.runSuite(SuiteRunnerWorker.java:53)
at org.testng.SuiteRunnerWorker.run(SuiteRunnerWorker.java:96)
at org.testng.TestNG.runSuitesSequentially(TestNG.java:1212)
at org.testng.TestNG.runSuitesLocally(TestNG.java:1134)
at org.testng.TestNG.runSuites(TestNG.java:1063)
at org.testng.TestNG.run(TestNG.java:1031)
at org.testng.remote.AbstractRemoteTestNG.run(AbstractRemoteTestNG.java:115)
at org.testng.remote.RemoteTestNG.initAndRun(RemoteTestNG.java:251)
at org.testng.remote.RemoteTestNG.main(RemoteTestNG.java:77)
]]>
    </failure>
  </testcase> <!-- Testcase_RowCount_validation -->
  <system-out>
    <![CDATA[Executing Snowflake query :: SELECT count(*) as TOTAL FROM DEV_ENT_RAW.ST_EANESHEATING_MATILLION.PAYROLLPROFILE
Snowflake - SQLException at readDB() method :: SQL compilation error:
Object 'DEV_ENT_RAW.ST_EANESHEATING_MATILLION.PAYROLLPROFILE' does not exist or not authorized.
Executing Snowflake query :: select count(*) as TOTAL from CURATED_DATAMART.ST_BKP_EANESHEATING.STR_PAYROLLPROFILE Where ACTIVE_FLAG='Y'
Table Count in Snowflake:: 1
Executing Snowflake query :: select count(*) as TOTAL from DEV_ENT_CURATED.MASTER_DIMENSIONS.DIM_PAYROLLPROFILE where tenant_type='EANESHEATING' and RECORD_UPDATED_BY='Backup Table'
Table Count in Snowflake:: 1
Row Count of Table PAYROLLPROFILE is matched for RAW :: 0 DataMart :: 1 CURATED :: 1]]>
  </system-out>
  <testcase classname="testcases.RAW_DATAMART_CURATED.SnowFlake_RowCount_Master" name="Testcase_RowCount_validation" time="1.566">
    <failure message="The following asserts failed:
	null" type="java.lang.AssertionError">
      <![CDATA[java.lang.AssertionError: The following asserts failed:
null
at org.testng.asserts.SoftAssert.assertAll(SoftAssert.java:47)
at org.testng.asserts.SoftAssert.assertAll(SoftAssert.java:31)
at testcases.RAW_DATAMART_CURATED.SnowFlake_RowCount_Master.validate_RowCount_BKP(SnowFlake_RowCount_Master.java:56)
at testcases.RAW_DATAMART_CURATED.SnowFlake_RowCount_Master.Testcase_RowCount_validation(SnowFlake_RowCount_Master.java:25)
at jdk.internal.reflect.GeneratedMethodAccessor13.invoke(Unknown Source)
at java.base/jdk.internal.reflect.DelegatingMethodAccessorImpl.invoke(DelegatingMethodAccessorImpl.java:43)
at java.base/java.lang.reflect.Method.invoke(Method.java:568)
at org.testng.internal.MethodInvocationHelper.invokeMethod(MethodInvocationHelper.java:133)
at org.testng.internal.TestInvoker.invokeMethod(TestInvoker.java:598)
at org.testng.internal.TestInvoker.invokeTestMethod(TestInvoker.java:173)
at org.testng.internal.MethodRunner.runInSequence(MethodRunner.java:46)
at org.testng.internal.TestInvoker$MethodInvocationAgent.invoke(TestInvoker.java:824)
at org.testng.internal.TestInvoker.invokeTestMethods(TestInvoker.java:146)
at org.testng.internal.TestMethodWorker.invokeTestMethods(TestMethodWorker.java:146)
at org.testng.internal.TestMethodWorker.run(TestMethodWorker.java:128)
at java.base/java.util.ArrayList.forEach(ArrayList.java:1511)
at org.testng.TestRunner.privateRun(TestRunner.java:794)
at org.testng.TestRunner.run(TestRunner.java:596)
at org.testng.SuiteRunner.runTest(SuiteRunner.java:377)
at org.testng.SuiteRunner.runSequentially(SuiteRunner.java:371)
at org.testng.SuiteRunner.privateRun(SuiteRunner.java:332)
at org.testng.SuiteRunner.run(SuiteRunner.java:276)
at org.testng.SuiteRunnerWorker.runSuite(SuiteRunnerWorker.java:53)
at org.testng.SuiteRunnerWorker.run(SuiteRunnerWorker.java:96)
at org.testng.TestNG.runSuitesSequentially(TestNG.java:1212)
at org.testng.TestNG.runSuitesLocally(TestNG.java:1134)
at org.testng.TestNG.runSuites(TestNG.java:1063)
at org.testng.TestNG.run(TestNG.java:1031)
at org.testng.remote.AbstractRemoteTestNG.run(AbstractRemoteTestNG.java:115)
at org.testng.remote.RemoteTestNG.initAndRun(RemoteTestNG.java:251)
at org.testng.remote.RemoteTestNG.main(RemoteTestNG.java:77)
]]>
    </failure>
  </testcase> <!-- Testcase_RowCount_validation -->
  <system-out>
    <![CDATA[Executing Snowflake query :: SELECT count(*) as TOTAL FROM DEV_ENT_RAW.ST_HORIZONSERVICES_MATILLION.TECHNICIAN
Table Count in Snowflake:: 4917
Executing Snowflake query :: select count(*) as TOTAL from CURATED_DATAMART.ST_BKP_HORIZONSERVICES.STR_TECHNICIAN Where ACTIVE_FLAG='Y'
Table Count in Snowflake:: 998
Executing Snowflake query :: select count(*) as TOTAL from DEV_ENT_CURATED.MASTER_DIMENSIONS.DIM_TECHNICIAN where tenant_type='HORIZONSERVICES' and RECORD_UPDATED_BY='Backup Table'
Table Count in Snowflake:: 7223
Row Count of Table TECHNICIAN is not matched for RAW :: 4917 DataMart :: 998 CURATED :: 7223]]>
  </system-out>
  <testcase classname="testcases.RAW_DATAMART_CURATED.SnowFlake_RowCount_Master" name="Testcase_RowCount_validation" time="2.040"/>
  <system-out>
    <![CDATA[Executing Snowflake query :: SELECT count(*) as TOTAL FROM DEV_ENT_RAW.ST_HENDERSON_MATILLION.PAYROLLPROFILE
Table Count in Snowflake:: 1
Executing Snowflake query :: select count(*) as TOTAL from CURATED_DATAMART.ST_BKP_HENDERSON.STR_PAYROLLPROFILE Where ACTIVE_FLAG='Y'
Table Count in Snowflake:: 2
Executing Snowflake query :: select count(*) as TOTAL from DEV_ENT_CURATED.MASTER_DIMENSIONS.DIM_PAYROLLPROFILE where tenant_type='HENDERSON' and RECORD_UPDATED_BY='Backup Table'
Table Count in Snowflake:: 2
Row Count of Table PAYROLLPROFILE is matched for RAW :: 1 DataMart :: 2 CURATED :: 2]]>
  </system-out>
  <testcase classname="testcases.RAW_DATAMART_CURATED.SnowFlake_RowCount_Master" name="Testcase_RowCount_validation" time="2.685">
    <failure message="The following asserts failed:
	null" type="java.lang.AssertionError">
      <![CDATA[java.lang.AssertionError: The following asserts failed:
null
at org.testng.asserts.SoftAssert.assertAll(SoftAssert.java:47)
at org.testng.asserts.SoftAssert.assertAll(SoftAssert.java:31)
at testcases.RAW_DATAMART_CURATED.SnowFlake_RowCount_Master.validate_RowCount_API(SnowFlake_RowCount_Master.java:115)
at testcases.RAW_DATAMART_CURATED.SnowFlake_RowCount_Master.Testcase_RowCount_validation(SnowFlake_RowCount_Master.java:28)
at jdk.internal.reflect.GeneratedMethodAccessor13.invoke(Unknown Source)
at java.base/jdk.internal.reflect.DelegatingMethodAccessorImpl.invoke(DelegatingMethodAccessorImpl.java:43)
at java.base/java.lang.reflect.Method.invoke(Method.java:568)
at org.testng.internal.MethodInvocationHelper.invokeMethod(MethodInvocationHelper.java:133)
at org.testng.internal.TestInvoker.invokeMethod(TestInvoker.java:598)
at org.testng.internal.TestInvoker.invokeTestMethod(TestInvoker.java:173)
at org.testng.internal.MethodRunner.runInSequence(MethodRunner.java:46)
at org.testng.internal.TestInvoker$MethodInvocationAgent.invoke(TestInvoker.java:824)
at org.testng.internal.TestInvoker.invokeTestMethods(TestInvoker.java:146)
at org.testng.internal.TestMethodWorker.invokeTestMethods(TestMethodWorker.java:146)
at org.testng.internal.TestMethodWorker.run(TestMethodWorker.java:128)
at java.base/java.util.ArrayList.forEach(ArrayList.java:1511)
at org.testng.TestRunner.privateRun(TestRunner.java:794)
at org.testng.TestRunner.run(TestRunner.java:596)
at org.testng.SuiteRunner.runTest(SuiteRunner.java:377)
at org.testng.SuiteRunner.runSequentially(SuiteRunner.java:371)
at org.testng.SuiteRunner.privateRun(SuiteRunner.java:332)
at org.testng.SuiteRunner.run(SuiteRunner.java:276)
at org.testng.SuiteRunnerWorker.runSuite(SuiteRunnerWorker.java:53)
at org.testng.SuiteRunnerWorker.run(SuiteRunnerWorker.java:96)
at org.testng.TestNG.runSuitesSequentially(TestNG.java:1212)
at org.testng.TestNG.runSuitesLocally(TestNG.java:1134)
at org.testng.TestNG.runSuites(TestNG.java:1063)
at org.testng.TestNG.run(TestNG.java:1031)
at org.testng.remote.AbstractRemoteTestNG.run(AbstractRemoteTestNG.java:115)
at org.testng.remote.RemoteTestNG.initAndRun(RemoteTestNG.java:251)
at org.testng.remote.RemoteTestNG.main(RemoteTestNG.java:77)
]]>
    </failure>
  </testcase> <!-- Testcase_RowCount_validation -->
  <system-out>
    <![CDATA[Executing Snowflake query :: SELECT count(*) as TOTAL FROM DEV_ENT_RAW.API_MAT.ST_API_ZONE WHERE TENANT_NAME='EANESHEATING'
Table Count in Snowflake:: 3
Executing Snowflake query :: select count(*) as TOTAL from CURATED_DATAMART.ST_API_EANESHEATING.STR_API_ZONE WHERE ACTIVE_FLAG='Y'
Table Count in Snowflake:: 3
Executing Snowflake query :: select count(*) as TOTAL from DEV_ENT_CURATED.MASTER_DIMENSIONS.DIM_ZONE WHERE TENANT_TYPE='EANESHEATING' and RECORD_UPDATED_BY='API ETL'
Table Count in Snowflake:: 1
Row Count of Table ZONE is matched for APIMAT :: 3 DataMart :: 3
Executing Snowflake query :: select count(*) as TOTAL from DEV_ENT_CURATED.MASTER_DIMENSIONS.DIM_ZONE WHERE TENANT_TYPE='EANESHEATING' and RECORD_UPDATED_BY='Backup Table' AND ID in (select ID from CURATED_DATAMART.ST_API_EANESHEATING.STR_API_ZONE WHERE ACTIVE_FLAG='Y')
Table Count in Snowflake:: 2
Row Count of Table ZONE is not matched for DataMart :: 3 CURATED :: 2]]>
  </system-out>
  <testcase classname="testcases.RAW_DATAMART_CURATED.SnowFlake_RowCount_Master" name="Testcase_RowCount_validation" time="1.948">
    <failure message="The following asserts failed:
	null" type="java.lang.AssertionError">
      <![CDATA[java.lang.AssertionError: The following asserts failed:
null
at org.testng.asserts.SoftAssert.assertAll(SoftAssert.java:47)
at org.testng.asserts.SoftAssert.assertAll(SoftAssert.java:31)
at testcases.RAW_DATAMART_CURATED.SnowFlake_RowCount_Master.validate_RowCount_BKP(SnowFlake_RowCount_Master.java:56)
at testcases.RAW_DATAMART_CURATED.SnowFlake_RowCount_Master.Testcase_RowCount_validation(SnowFlake_RowCount_Master.java:25)
at jdk.internal.reflect.GeneratedMethodAccessor13.invoke(Unknown Source)
at java.base/jdk.internal.reflect.DelegatingMethodAccessorImpl.invoke(DelegatingMethodAccessorImpl.java:43)
at java.base/java.lang.reflect.Method.invoke(Method.java:568)
at org.testng.internal.MethodInvocationHelper.invokeMethod(MethodInvocationHelper.java:133)
at org.testng.internal.TestInvoker.invokeMethod(TestInvoker.java:598)
at org.testng.internal.TestInvoker.invokeTestMethod(TestInvoker.java:173)
at org.testng.internal.MethodRunner.runInSequence(MethodRunner.java:46)
at org.testng.internal.TestInvoker$MethodInvocationAgent.invoke(TestInvoker.java:824)
at org.testng.internal.TestInvoker.invokeTestMethods(TestInvoker.java:146)
at org.testng.internal.TestMethodWorker.invokeTestMethods(TestMethodWorker.java:146)
at org.testng.internal.TestMethodWorker.run(TestMethodWorker.java:128)
at java.base/java.util.ArrayList.forEach(ArrayList.java:1511)
at org.testng.TestRunner.privateRun(TestRunner.java:794)
at org.testng.TestRunner.run(TestRunner.java:596)
at org.testng.SuiteRunner.runTest(SuiteRunner.java:377)
at org.testng.SuiteRunner.runSequentially(SuiteRunner.java:371)
at org.testng.SuiteRunner.privateRun(SuiteRunner.java:332)
at org.testng.SuiteRunner.run(SuiteRunner.java:276)
at org.testng.SuiteRunnerWorker.runSuite(SuiteRunnerWorker.java:53)
at org.testng.SuiteRunnerWorker.run(SuiteRunnerWorker.java:96)
at org.testng.TestNG.runSuitesSequentially(TestNG.java:1212)
at org.testng.TestNG.runSuitesLocally(TestNG.java:1134)
at org.testng.TestNG.runSuites(TestNG.java:1063)
at org.testng.TestNG.run(TestNG.java:1031)
at org.testng.remote.AbstractRemoteTestNG.run(AbstractRemoteTestNG.java:115)
at org.testng.remote.RemoteTestNG.initAndRun(RemoteTestNG.java:251)
at org.testng.remote.RemoteTestNG.main(RemoteTestNG.java:77)
]]>
    </failure>
  </testcase> <!-- Testcase_RowCount_validation -->
  <system-out>
    <![CDATA[Executing Snowflake query :: SELECT count(*) as TOTAL FROM DEV_ENT_RAW.ST_EANESHEATING_MATILLION.TAG
Snowflake - SQLException at readDB() method :: SQL compilation error:
Object 'DEV_ENT_RAW.ST_EANESHEATING_MATILLION.TAG' does not exist or not authorized.
Executing Snowflake query :: select count(*) as TOTAL from CURATED_DATAMART.ST_BKP_EANESHEATING.STR_TAG Where ACTIVE_FLAG='Y'
Table Count in Snowflake:: 236083
Executing Snowflake query :: select count(*) as TOTAL from DEV_ENT_CURATED.MASTER_DIMENSIONS.DIM_TAG where tenant_type='EANESHEATING' and RECORD_UPDATED_BY='Backup Table'
Table Count in Snowflake:: 237633
Row Count of Table TAG is matched for RAW :: 0 DataMart :: 236083 CURATED :: 237633]]>
  </system-out>
  <testcase classname="testcases.RAW_DATAMART_CURATED.SnowFlake_RowCount_Master" name="Testcase_RowCount_validation" time="2.734">
    <failure message="The following asserts failed:
	null" type="java.lang.AssertionError">
      <![CDATA[java.lang.AssertionError: The following asserts failed:
null
at org.testng.asserts.SoftAssert.assertAll(SoftAssert.java:47)
at org.testng.asserts.SoftAssert.assertAll(SoftAssert.java:31)
at testcases.RAW_DATAMART_CURATED.SnowFlake_RowCount_Master.validate_RowCount_BKP(SnowFlake_RowCount_Master.java:56)
at testcases.RAW_DATAMART_CURATED.SnowFlake_RowCount_Master.Testcase_RowCount_validation(SnowFlake_RowCount_Master.java:25)
at jdk.internal.reflect.GeneratedMethodAccessor13.invoke(Unknown Source)
at java.base/jdk.internal.reflect.DelegatingMethodAccessorImpl.invoke(DelegatingMethodAccessorImpl.java:43)
at java.base/java.lang.reflect.Method.invoke(Method.java:568)
at org.testng.internal.MethodInvocationHelper.invokeMethod(MethodInvocationHelper.java:133)
at org.testng.internal.TestInvoker.invokeMethod(TestInvoker.java:598)
at org.testng.internal.TestInvoker.invokeTestMethod(TestInvoker.java:173)
at org.testng.internal.MethodRunner.runInSequence(MethodRunner.java:46)
at org.testng.internal.TestInvoker$MethodInvocationAgent.invoke(TestInvoker.java:824)
at org.testng.internal.TestInvoker.invokeTestMethods(TestInvoker.java:146)
at org.testng.internal.TestMethodWorker.invokeTestMethods(TestMethodWorker.java:146)
at org.testng.internal.TestMethodWorker.run(TestMethodWorker.java:128)
at java.base/java.util.ArrayList.forEach(ArrayList.java:1511)
at org.testng.TestRunner.privateRun(TestRunner.java:794)
at org.testng.TestRunner.run(TestRunner.java:596)
at org.testng.SuiteRunner.runTest(SuiteRunner.java:377)
at org.testng.SuiteRunner.runSequentially(SuiteRunner.java:371)
at org.testng.SuiteRunner.privateRun(SuiteRunner.java:332)
at org.testng.SuiteRunner.run(SuiteRunner.java:276)
at org.testng.SuiteRunnerWorker.runSuite(SuiteRunnerWorker.java:53)
at org.testng.SuiteRunnerWorker.run(SuiteRunnerWorker.java:96)
at org.testng.TestNG.runSuitesSequentially(TestNG.java:1212)
at org.testng.TestNG.runSuitesLocally(TestNG.java:1134)
at org.testng.TestNG.runSuites(TestNG.java:1063)
at org.testng.TestNG.run(TestNG.java:1031)
at org.testng.remote.AbstractRemoteTestNG.run(AbstractRemoteTestNG.java:115)
at org.testng.remote.RemoteTestNG.initAndRun(RemoteTestNG.java:251)
at org.testng.remote.RemoteTestNG.main(RemoteTestNG.java:77)
]]>
    </failure>
  </testcase> <!-- Testcase_RowCount_validation -->
  <system-out>
    <![CDATA[Executing Snowflake query :: SELECT count(*) as TOTAL FROM DEV_ENT_RAW.ST_BILLFENWICK_MATILLION.BUSINESSUNIT
Table Count in Snowflake:: 15
Executing Snowflake query :: select count(*) as TOTAL from CURATED_DATAMART.ST_BKP_BILLFENWICK.STR_BUSINESSUNIT Where ACTIVE_FLAG='Y'
Table Count in Snowflake:: 15
Executing Snowflake query :: select count(*) as TOTAL from DEV_ENT_CURATED.MASTER_DIMENSIONS.DIM_BUSINESSUNIT where tenant_type='BILLFENWICK' and RECORD_UPDATED_BY='Backup Table'
Table Count in Snowflake:: 11
Row Count of Table BUSINESSUNIT is not matched for RAW :: 15 DataMart :: 15 CURATED :: 11]]>
  </system-out>
  <testcase classname="testcases.RAW_DATAMART_CURATED.SnowFlake_RowCount_Master" name="Testcase_RowCount_validation" time="2.253">
    <failure message="The following asserts failed:
	null" type="java.lang.AssertionError">
      <![CDATA[java.lang.AssertionError: The following asserts failed:
null
at org.testng.asserts.SoftAssert.assertAll(SoftAssert.java:47)
at org.testng.asserts.SoftAssert.assertAll(SoftAssert.java:31)
at testcases.RAW_DATAMART_CURATED.SnowFlake_RowCount_Master.validate_RowCount_BKP(SnowFlake_RowCount_Master.java:56)
at testcases.RAW_DATAMART_CURATED.SnowFlake_RowCount_Master.Testcase_RowCount_validation(SnowFlake_RowCount_Master.java:25)
at jdk.internal.reflect.GeneratedMethodAccessor13.invoke(Unknown Source)
at java.base/jdk.internal.reflect.DelegatingMethodAccessorImpl.invoke(DelegatingMethodAccessorImpl.java:43)
at java.base/java.lang.reflect.Method.invoke(Method.java:568)
at org.testng.internal.MethodInvocationHelper.invokeMethod(MethodInvocationHelper.java:133)
at org.testng.internal.TestInvoker.invokeMethod(TestInvoker.java:598)
at org.testng.internal.TestInvoker.invokeTestMethod(TestInvoker.java:173)
at org.testng.internal.MethodRunner.runInSequence(MethodRunner.java:46)
at org.testng.internal.TestInvoker$MethodInvocationAgent.invoke(TestInvoker.java:824)
at org.testng.internal.TestInvoker.invokeTestMethods(TestInvoker.java:146)
at org.testng.internal.TestMethodWorker.invokeTestMethods(TestMethodWorker.java:146)
at org.testng.internal.TestMethodWorker.run(TestMethodWorker.java:128)
at java.base/java.util.ArrayList.forEach(ArrayList.java:1511)
at org.testng.TestRunner.privateRun(TestRunner.java:794)
at org.testng.TestRunner.run(TestRunner.java:596)
at org.testng.SuiteRunner.runTest(SuiteRunner.java:377)
at org.testng.SuiteRunner.runSequentially(SuiteRunner.java:371)
at org.testng.SuiteRunner.privateRun(SuiteRunner.java:332)
at org.testng.SuiteRunner.run(SuiteRunner.java:276)
at org.testng.SuiteRunnerWorker.runSuite(SuiteRunnerWorker.java:53)
at org.testng.SuiteRunnerWorker.run(SuiteRunnerWorker.java:96)
at org.testng.TestNG.runSuitesSequentially(TestNG.java:1212)
at org.testng.TestNG.runSuitesLocally(TestNG.java:1134)
at org.testng.TestNG.runSuites(TestNG.java:1063)
at org.testng.TestNG.run(TestNG.java:1031)
at org.testng.remote.AbstractRemoteTestNG.run(AbstractRemoteTestNG.java:115)
at org.testng.remote.RemoteTestNG.initAndRun(RemoteTestNG.java:251)
at org.testng.remote.RemoteTestNG.main(RemoteTestNG.java:77)
]]>
    </failure>
  </testcase> <!-- Testcase_RowCount_validation -->
  <system-out>
    <![CDATA[Executing Snowflake query :: SELECT count(*) as TOTAL FROM DEV_ENT_RAW.ST_CASTEEL_MATILLION.VENDOR
Table Count in Snowflake:: 301
Executing Snowflake query :: select count(*) as TOTAL from CURATED_DATAMART.ST_BKP_CASTEEL.STR_VENDOR Where ACTIVE_FLAG='Y'
Table Count in Snowflake:: 301
Executing Snowflake query :: select count(*) as TOTAL from DEV_ENT_CURATED.MASTER_DIMENSIONS.DIM_VENDOR where tenant_type='CASTEEL' and RECORD_UPDATED_BY='Backup Table'
Table Count in Snowflake:: 0
Row Count of Table VENDOR is not matched for RAW :: 301 DataMart :: 301 CURATED :: 0]]>
  </system-out>
  <testcase classname="testcases.RAW_DATAMART_CURATED.SnowFlake_RowCount_Master" name="Testcase_RowCount_validation" time="3.996">
    <failure message="The following asserts failed:
	null" type="java.lang.AssertionError">
      <![CDATA[java.lang.AssertionError: The following asserts failed:
null
at org.testng.asserts.SoftAssert.assertAll(SoftAssert.java:47)
at org.testng.asserts.SoftAssert.assertAll(SoftAssert.java:31)
at testcases.RAW_DATAMART_CURATED.SnowFlake_RowCount_Master.validate_RowCount_API(SnowFlake_RowCount_Master.java:115)
at testcases.RAW_DATAMART_CURATED.SnowFlake_RowCount_Master.Testcase_RowCount_validation(SnowFlake_RowCount_Master.java:28)
at jdk.internal.reflect.GeneratedMethodAccessor13.invoke(Unknown Source)
at java.base/jdk.internal.reflect.DelegatingMethodAccessorImpl.invoke(DelegatingMethodAccessorImpl.java:43)
at java.base/java.lang.reflect.Method.invoke(Method.java:568)
at org.testng.internal.MethodInvocationHelper.invokeMethod(MethodInvocationHelper.java:133)
at org.testng.internal.TestInvoker.invokeMethod(TestInvoker.java:598)
at org.testng.internal.TestInvoker.invokeTestMethod(TestInvoker.java:173)
at org.testng.internal.MethodRunner.runInSequence(MethodRunner.java:46)
at org.testng.internal.TestInvoker$MethodInvocationAgent.invoke(TestInvoker.java:824)
at org.testng.internal.TestInvoker.invokeTestMethods(TestInvoker.java:146)
at org.testng.internal.TestMethodWorker.invokeTestMethods(TestMethodWorker.java:146)
at org.testng.internal.TestMethodWorker.run(TestMethodWorker.java:128)
at java.base/java.util.ArrayList.forEach(ArrayList.java:1511)
at org.testng.TestRunner.privateRun(TestRunner.java:794)
at org.testng.TestRunner.run(TestRunner.java:596)
at org.testng.SuiteRunner.runTest(SuiteRunner.java:377)
at org.testng.SuiteRunner.runSequentially(SuiteRunner.java:371)
at org.testng.SuiteRunner.privateRun(SuiteRunner.java:332)
at org.testng.SuiteRunner.run(SuiteRunner.java:276)
at org.testng.SuiteRunnerWorker.runSuite(SuiteRunnerWorker.java:53)
at org.testng.SuiteRunnerWorker.run(SuiteRunnerWorker.java:96)
at org.testng.TestNG.runSuitesSequentially(TestNG.java:1212)
at org.testng.TestNG.runSuitesLocally(TestNG.java:1134)
at org.testng.TestNG.runSuites(TestNG.java:1063)
at org.testng.TestNG.run(TestNG.java:1031)
at org.testng.remote.AbstractRemoteTestNG.run(AbstractRemoteTestNG.java:115)
at org.testng.remote.RemoteTestNG.initAndRun(RemoteTestNG.java:251)
at org.testng.remote.RemoteTestNG.main(RemoteTestNG.java:77)
]]>
    </failure>
  </testcase> <!-- Testcase_RowCount_validation -->
  <system-out>
    <![CDATA[Executing Snowflake query :: SELECT count(*) as TOTAL FROM DEV_ENT_RAW.API_MAT.ST_API_CATEGORY WHERE TENANT_NAME='HDAIR'
Table Count in Snowflake:: 658
Executing Snowflake query :: select count(*) as TOTAL from CURATED_DATAMART.ST_API_HDAIR.STR_API_CATEGORY WHERE ACTIVE_FLAG='Y'
Table Count in Snowflake:: 658
Executing Snowflake query :: select count(*) as TOTAL from DEV_ENT_CURATED.MASTER_DIMENSIONS.DIM_CATEGORY WHERE TENANT_TYPE='HDAIR' and RECORD_UPDATED_BY='API ETL'
Table Count in Snowflake:: 0
Row Count of Table CATEGORY is matched for APIMAT :: 658 DataMart :: 658
Executing Snowflake query :: select count(*) as TOTAL from DEV_ENT_CURATED.MASTER_DIMENSIONS.DIM_CATEGORY WHERE TENANT_TYPE='HDAIR' and RECORD_UPDATED_BY='Backup Table' AND ID in (select ID from CURATED_DATAMART.ST_API_HDAIR.STR_API_CATEGORY WHERE ACTIVE_FLAG='Y')
Table Count in Snowflake:: 649
Row Count of Table CATEGORY is not matched for DataMart :: 658 CURATED :: 649]]>
  </system-out>
  <testcase classname="testcases.RAW_DATAMART_CURATED.SnowFlake_RowCount_Master" name="Testcase_RowCount_validation" time="1.415">
    <failure message="The following asserts failed:
	null" type="java.lang.AssertionError">
      <![CDATA[java.lang.AssertionError: The following asserts failed:
null
at org.testng.asserts.SoftAssert.assertAll(SoftAssert.java:47)
at org.testng.asserts.SoftAssert.assertAll(SoftAssert.java:31)
at testcases.RAW_DATAMART_CURATED.SnowFlake_RowCount_Master.validate_RowCount_API(SnowFlake_RowCount_Master.java:115)
at testcases.RAW_DATAMART_CURATED.SnowFlake_RowCount_Master.Testcase_RowCount_validation(SnowFlake_RowCount_Master.java:28)
at jdk.internal.reflect.GeneratedMethodAccessor13.invoke(Unknown Source)
at java.base/jdk.internal.reflect.DelegatingMethodAccessorImpl.invoke(DelegatingMethodAccessorImpl.java:43)
at java.base/java.lang.reflect.Method.invoke(Method.java:568)
at org.testng.internal.MethodInvocationHelper.invokeMethod(MethodInvocationHelper.java:133)
at org.testng.internal.TestInvoker.invokeMethod(TestInvoker.java:598)
at org.testng.internal.TestInvoker.invokeTestMethod(TestInvoker.java:173)
at org.testng.internal.MethodRunner.runInSequence(MethodRunner.java:46)
at org.testng.internal.TestInvoker$MethodInvocationAgent.invoke(TestInvoker.java:824)
at org.testng.internal.TestInvoker.invokeTestMethods(TestInvoker.java:146)
at org.testng.internal.TestMethodWorker.invokeTestMethods(TestMethodWorker.java:146)
at org.testng.internal.TestMethodWorker.run(TestMethodWorker.java:128)
at java.base/java.util.ArrayList.forEach(ArrayList.java:1511)
at org.testng.TestRunner.privateRun(TestRunner.java:794)
at org.testng.TestRunner.run(TestRunner.java:596)
at org.testng.SuiteRunner.runTest(SuiteRunner.java:377)
at org.testng.SuiteRunner.runSequentially(SuiteRunner.java:371)
at org.testng.SuiteRunner.privateRun(SuiteRunner.java:332)
at org.testng.SuiteRunner.run(SuiteRunner.java:276)
at org.testng.SuiteRunnerWorker.runSuite(SuiteRunnerWorker.java:53)
at org.testng.SuiteRunnerWorker.run(SuiteRunnerWorker.java:96)
at org.testng.TestNG.runSuitesSequentially(TestNG.java:1212)
at org.testng.TestNG.runSuitesLocally(TestNG.java:1134)
at org.testng.TestNG.runSuites(TestNG.java:1063)
at org.testng.TestNG.run(TestNG.java:1031)
at org.testng.remote.AbstractRemoteTestNG.run(AbstractRemoteTestNG.java:115)
at org.testng.remote.RemoteTestNG.initAndRun(RemoteTestNG.java:251)
at org.testng.remote.RemoteTestNG.main(RemoteTestNG.java:77)
]]>
    </failure>
  </testcase> <!-- Testcase_RowCount_validation -->
  <system-out>
    <![CDATA[Executing Snowflake query :: SELECT count(*) as TOTAL FROM DEV_ENT_RAW.API_MAT.ST_API_LOCATION WHERE TENANT_NAME='FOURPROS'
Table Count in Snowflake:: 38332
Executing Snowflake query :: select count(*) as TOTAL from CURATED_DATAMART.ST_API_FOURPROS.STR_API_LOCATION WHERE ACTIVE_FLAG='Y'
Table Count in Snowflake:: 0
Executing Snowflake query :: select count(*) as TOTAL from DEV_ENT_CURATED.MASTER_DIMENSIONS.DIM_LOCATION WHERE TENANT_TYPE='FOURPROS' and RECORD_UPDATED_BY='API ETL'
Table Count in Snowflake:: 0
Row Count of Table LOCATION is not matched for APIMAT :: 38332 DataMart :: 0
Row Count of Table LOCATION is matched for DataMart :: 0 CURATED :: 0]]>
  </system-out>
  <testcase classname="testcases.RAW_DATAMART_CURATED.SnowFlake_RowCount_Master" name="Testcase_RowCount_validation" time="1.733">
    <failure message="The following asserts failed:
	null,
	null" type="java.lang.AssertionError">
      <![CDATA[java.lang.AssertionError: The following asserts failed:
null,
null
at org.testng.asserts.SoftAssert.assertAll(SoftAssert.java:47)
at org.testng.asserts.SoftAssert.assertAll(SoftAssert.java:31)
at testcases.RAW_DATAMART_CURATED.SnowFlake_RowCount_Master.validate_RowCount_BKP(SnowFlake_RowCount_Master.java:56)
at testcases.RAW_DATAMART_CURATED.SnowFlake_RowCount_Master.Testcase_RowCount_validation(SnowFlake_RowCount_Master.java:25)
at jdk.internal.reflect.GeneratedMethodAccessor13.invoke(Unknown Source)
at java.base/jdk.internal.reflect.DelegatingMethodAccessorImpl.invoke(DelegatingMethodAccessorImpl.java:43)
at java.base/java.lang.reflect.Method.invoke(Method.java:568)
at org.testng.internal.MethodInvocationHelper.invokeMethod(MethodInvocationHelper.java:133)
at org.testng.internal.TestInvoker.invokeMethod(TestInvoker.java:598)
at org.testng.internal.TestInvoker.invokeTestMethod(TestInvoker.java:173)
at org.testng.internal.MethodRunner.runInSequence(MethodRunner.java:46)
at org.testng.internal.TestInvoker$MethodInvocationAgent.invoke(TestInvoker.java:824)
at org.testng.internal.TestInvoker.invokeTestMethods(TestInvoker.java:146)
at org.testng.internal.TestMethodWorker.invokeTestMethods(TestMethodWorker.java:146)
at org.testng.internal.TestMethodWorker.run(TestMethodWorker.java:128)
at java.base/java.util.ArrayList.forEach(ArrayList.java:1511)
at org.testng.TestRunner.privateRun(TestRunner.java:794)
at org.testng.TestRunner.run(TestRunner.java:596)
at org.testng.SuiteRunner.runTest(SuiteRunner.java:377)
at org.testng.SuiteRunner.runSequentially(SuiteRunner.java:371)
at org.testng.SuiteRunner.privateRun(SuiteRunner.java:332)
at org.testng.SuiteRunner.run(SuiteRunner.java:276)
at org.testng.SuiteRunnerWorker.runSuite(SuiteRunnerWorker.java:53)
at org.testng.SuiteRunnerWorker.run(SuiteRunnerWorker.java:96)
at org.testng.TestNG.runSuitesSequentially(TestNG.java:1212)
at org.testng.TestNG.runSuitesLocally(TestNG.java:1134)
at org.testng.TestNG.runSuites(TestNG.java:1063)
at org.testng.TestNG.run(TestNG.java:1031)
at org.testng.remote.AbstractRemoteTestNG.run(AbstractRemoteTestNG.java:115)
at org.testng.remote.RemoteTestNG.initAndRun(RemoteTestNG.java:251)
at org.testng.remote.RemoteTestNG.main(RemoteTestNG.java:77)
]]>
    </failure>
  </testcase> <!-- Testcase_RowCount_validation -->
  <system-out>
    <![CDATA[Executing Snowflake query :: SELECT count(*) as TOTAL FROM DEV_ENT_RAW.ST_HDAIR_MATILLION.INVOICEITEM
Snowflake - SQLException at readDB() method :: SQL compilation error:
Object 'DEV_ENT_RAW.ST_HDAIR_MATILLION.INVOICEITEM' does not exist or not authorized.
Executing Snowflake query :: select count(*) as TOTAL from CURATED_DATAMART.ST_BKP_HDAIR.STR_INVOICEITEM Where ACTIVE_FLAG='Y'
Table Count in Snowflake:: 409325
Executing Snowflake query :: select count(*) as TOTAL from DEV_ENT_CURATED.MASTER_DIMENSIONS.DIM_INVOICEITEM where tenant_type='HDAIR' and RECORD_UPDATED_BY='Backup Table'
Table Count in Snowflake:: 409029
Row Count of Table INVOICEITEM is not matched for RAW :: 0 DataMart :: 409325 CURATED :: 409029]]>
  </system-out>
  <testcase classname="testcases.RAW_DATAMART_CURATED.SnowFlake_RowCount_Master" name="Testcase_RowCount_validation" time="1.742">
    <failure message="The following asserts failed:
	null,
	null" type="java.lang.AssertionError">
      <![CDATA[java.lang.AssertionError: The following asserts failed:
null,
null
at org.testng.asserts.SoftAssert.assertAll(SoftAssert.java:47)
at org.testng.asserts.SoftAssert.assertAll(SoftAssert.java:31)
at testcases.RAW_DATAMART_CURATED.SnowFlake_RowCount_Master.validate_RowCount_BKP(SnowFlake_RowCount_Master.java:56)
at testcases.RAW_DATAMART_CURATED.SnowFlake_RowCount_Master.Testcase_RowCount_validation(SnowFlake_RowCount_Master.java:25)
at jdk.internal.reflect.GeneratedMethodAccessor13.invoke(Unknown Source)
at java.base/jdk.internal.reflect.DelegatingMethodAccessorImpl.invoke(DelegatingMethodAccessorImpl.java:43)
at java.base/java.lang.reflect.Method.invoke(Method.java:568)
at org.testng.internal.MethodInvocationHelper.invokeMethod(MethodInvocationHelper.java:133)
at org.testng.internal.TestInvoker.invokeMethod(TestInvoker.java:598)
at org.testng.internal.TestInvoker.invokeTestMethod(TestInvoker.java:173)
at org.testng.internal.MethodRunner.runInSequence(MethodRunner.java:46)
at org.testng.internal.TestInvoker$MethodInvocationAgent.invoke(TestInvoker.java:824)
at org.testng.internal.TestInvoker.invokeTestMethods(TestInvoker.java:146)
at org.testng.internal.TestMethodWorker.invokeTestMethods(TestMethodWorker.java:146)
at org.testng.internal.TestMethodWorker.run(TestMethodWorker.java:128)
at java.base/java.util.ArrayList.forEach(ArrayList.java:1511)
at org.testng.TestRunner.privateRun(TestRunner.java:794)
at org.testng.TestRunner.run(TestRunner.java:596)
at org.testng.SuiteRunner.runTest(SuiteRunner.java:377)
at org.testng.SuiteRunner.runSequentially(SuiteRunner.java:371)
at org.testng.SuiteRunner.privateRun(SuiteRunner.java:332)
at org.testng.SuiteRunner.run(SuiteRunner.java:276)
at org.testng.SuiteRunnerWorker.runSuite(SuiteRunnerWorker.java:53)
at org.testng.SuiteRunnerWorker.run(SuiteRunnerWorker.java:96)
at org.testng.TestNG.runSuitesSequentially(TestNG.java:1212)
at org.testng.TestNG.runSuitesLocally(TestNG.java:1134)
at org.testng.TestNG.runSuites(TestNG.java:1063)
at org.testng.TestNG.run(TestNG.java:1031)
at org.testng.remote.AbstractRemoteTestNG.run(AbstractRemoteTestNG.java:115)
at org.testng.remote.RemoteTestNG.initAndRun(RemoteTestNG.java:251)
at org.testng.remote.RemoteTestNG.main(RemoteTestNG.java:77)
]]>
    </failure>
  </testcase> <!-- Testcase_RowCount_validation -->
  <system-out>
    <![CDATA[Executing Snowflake query :: SELECT count(*) as TOTAL FROM DEV_ENT_RAW.ST_EANESHEATING_MATILLION.PURCHASEORDER
Snowflake - SQLException at readDB() method :: SQL compilation error:
Object 'DEV_ENT_RAW.ST_EANESHEATING_MATILLION.PURCHASEORDER' does not exist or not authorized.
Executing Snowflake query :: select count(*) as TOTAL from CURATED_DATAMART.ST_BKP_EANESHEATING.STR_PURCHASEORDER Where ACTIVE_FLAG='Y'
Table Count in Snowflake:: 24413
Executing Snowflake query :: select count(*) as TOTAL from DEV_ENT_CURATED.MASTER_DIMENSIONS.DIM_PURCHASEORDER where tenant_type='EANESHEATING' and RECORD_UPDATED_BY='Backup Table'
Table Count in Snowflake:: 23097
Row Count of Table PURCHASEORDER is not matched for RAW :: 0 DataMart :: 24413 CURATED :: 23097]]>
  </system-out>
  <testcase classname="testcases.RAW_DATAMART_CURATED.SnowFlake_RowCount_Master" name="Testcase_RowCount_validation" time="1.536">
    <failure message="The following asserts failed:
	null" type="java.lang.AssertionError">
      <![CDATA[java.lang.AssertionError: The following asserts failed:
null
at org.testng.asserts.SoftAssert.assertAll(SoftAssert.java:47)
at org.testng.asserts.SoftAssert.assertAll(SoftAssert.java:31)
at testcases.RAW_DATAMART_CURATED.SnowFlake_RowCount_Master.validate_RowCount_API(SnowFlake_RowCount_Master.java:115)
at testcases.RAW_DATAMART_CURATED.SnowFlake_RowCount_Master.Testcase_RowCount_validation(SnowFlake_RowCount_Master.java:28)
at jdk.internal.reflect.GeneratedMethodAccessor13.invoke(Unknown Source)
at java.base/jdk.internal.reflect.DelegatingMethodAccessorImpl.invoke(DelegatingMethodAccessorImpl.java:43)
at java.base/java.lang.reflect.Method.invoke(Method.java:568)
at org.testng.internal.MethodInvocationHelper.invokeMethod(MethodInvocationHelper.java:133)
at org.testng.internal.TestInvoker.invokeMethod(TestInvoker.java:598)
at org.testng.internal.TestInvoker.invokeTestMethod(TestInvoker.java:173)
at org.testng.internal.MethodRunner.runInSequence(MethodRunner.java:46)
at org.testng.internal.TestInvoker$MethodInvocationAgent.invoke(TestInvoker.java:824)
at org.testng.internal.TestInvoker.invokeTestMethods(TestInvoker.java:146)
at org.testng.internal.TestMethodWorker.invokeTestMethods(TestMethodWorker.java:146)
at org.testng.internal.TestMethodWorker.run(TestMethodWorker.java:128)
at java.base/java.util.ArrayList.forEach(ArrayList.java:1511)
at org.testng.TestRunner.privateRun(TestRunner.java:794)
at org.testng.TestRunner.run(TestRunner.java:596)
at org.testng.SuiteRunner.runTest(SuiteRunner.java:377)
at org.testng.SuiteRunner.runSequentially(SuiteRunner.java:371)
at org.testng.SuiteRunner.privateRun(SuiteRunner.java:332)
at org.testng.SuiteRunner.run(SuiteRunner.java:276)
at org.testng.SuiteRunnerWorker.runSuite(SuiteRunnerWorker.java:53)
at org.testng.SuiteRunnerWorker.run(SuiteRunnerWorker.java:96)
at org.testng.TestNG.runSuitesSequentially(TestNG.java:1212)
at org.testng.TestNG.runSuitesLocally(TestNG.java:1134)
at org.testng.TestNG.runSuites(TestNG.java:1063)
at org.testng.TestNG.run(TestNG.java:1031)
at org.testng.remote.AbstractRemoteTestNG.run(AbstractRemoteTestNG.java:115)
at org.testng.remote.RemoteTestNG.initAndRun(RemoteTestNG.java:251)
at org.testng.remote.RemoteTestNG.main(RemoteTestNG.java:77)
]]>
    </failure>
  </testcase> <!-- Testcase_RowCount_validation -->
  <system-out>
    <![CDATA[Executing Snowflake query :: SELECT count(*) as TOTAL FROM DEV_ENT_RAW.API_MAT.ST_API_PURCHASEORDERITEM WHERE TENANT_NAME='HORIZONSERVICES'
Table Count in Snowflake:: 2139
Executing Snowflake query :: select count(*) as TOTAL from CURATED_DATAMART.ST_API_HORIZONSERVICES.STR_API_PURCHASEORDERITEM WHERE ACTIVE_FLAG='Y'
Table Count in Snowflake:: 1123
Executing Snowflake query :: select count(*) as TOTAL from DEV_ENT_CURATED.MASTER_DIMENSIONS.DIM_PURCHASEORDERITEM WHERE TENANT_TYPE='HORIZONSERVICES' and RECORD_UPDATED_BY='API ETL'
Table Count in Snowflake:: 1123
Row Count of Table PURCHASEORDERITEM is not matched for APIMAT :: 2139 DataMart :: 1123
Row Count of Table PURCHASEORDERITEM is matched for DataMart :: 1123 CURATED :: 1123]]>
  </system-out>
  <testcase classname="testcases.RAW_DATAMART_CURATED.SnowFlake_RowCount_Master" name="Testcase_RowCount_validation" time="1.233">
    <failure message="The following asserts failed:
	null,
	null" type="java.lang.AssertionError">
      <![CDATA[java.lang.AssertionError: The following asserts failed:
null,
null
at org.testng.asserts.SoftAssert.assertAll(SoftAssert.java:47)
at org.testng.asserts.SoftAssert.assertAll(SoftAssert.java:31)
at testcases.RAW_DATAMART_CURATED.SnowFlake_RowCount_Master.validate_RowCount_BKP(SnowFlake_RowCount_Master.java:56)
at testcases.RAW_DATAMART_CURATED.SnowFlake_RowCount_Master.Testcase_RowCount_validation(SnowFlake_RowCount_Master.java:25)
at jdk.internal.reflect.GeneratedMethodAccessor13.invoke(Unknown Source)
at java.base/jdk.internal.reflect.DelegatingMethodAccessorImpl.invoke(DelegatingMethodAccessorImpl.java:43)
at java.base/java.lang.reflect.Method.invoke(Method.java:568)
at org.testng.internal.MethodInvocationHelper.invokeMethod(MethodInvocationHelper.java:133)
at org.testng.internal.TestInvoker.invokeMethod(TestInvoker.java:598)
at org.testng.internal.TestInvoker.invokeTestMethod(TestInvoker.java:173)
at org.testng.internal.MethodRunner.runInSequence(MethodRunner.java:46)
at org.testng.internal.TestInvoker$MethodInvocationAgent.invoke(TestInvoker.java:824)
at org.testng.internal.TestInvoker.invokeTestMethods(TestInvoker.java:146)
at org.testng.internal.TestMethodWorker.invokeTestMethods(TestMethodWorker.java:146)
at org.testng.internal.TestMethodWorker.run(TestMethodWorker.java:128)
at java.base/java.util.ArrayList.forEach(ArrayList.java:1511)
at org.testng.TestRunner.privateRun(TestRunner.java:794)
at org.testng.TestRunner.run(TestRunner.java:596)
at org.testng.SuiteRunner.runTest(SuiteRunner.java:377)
at org.testng.SuiteRunner.runSequentially(SuiteRunner.java:371)
at org.testng.SuiteRunner.privateRun(SuiteRunner.java:332)
at org.testng.SuiteRunner.run(SuiteRunner.java:276)
at org.testng.SuiteRunnerWorker.runSuite(SuiteRunnerWorker.java:53)
at org.testng.SuiteRunnerWorker.run(SuiteRunnerWorker.java:96)
at org.testng.TestNG.runSuitesSequentially(TestNG.java:1212)
at org.testng.TestNG.runSuitesLocally(TestNG.java:1134)
at org.testng.TestNG.runSuites(TestNG.java:1063)
at org.testng.TestNG.run(TestNG.java:1031)
at org.testng.remote.AbstractRemoteTestNG.run(AbstractRemoteTestNG.java:115)
at org.testng.remote.RemoteTestNG.initAndRun(RemoteTestNG.java:251)
at org.testng.remote.RemoteTestNG.main(RemoteTestNG.java:77)
]]>
    </failure>
  </testcase> <!-- Testcase_RowCount_validation -->
  <system-out>
    <![CDATA[Executing Snowflake query :: SELECT count(*) as TOTAL FROM DEV_ENT_RAW.ST_HDAIR_MATILLION.EQUIPMENT
Snowflake - SQLException at readDB() method :: SQL compilation error:
Object 'DEV_ENT_RAW.ST_HDAIR_MATILLION.EQUIPMENT' does not exist or not authorized.
Executing Snowflake query :: select count(*) as TOTAL from CURATED_DATAMART.ST_BKP_HDAIR.STR_EQUIPMENT Where ACTIVE_FLAG='Y'
Table Count in Snowflake:: 2114
Executing Snowflake query :: select count(*) as TOTAL from DEV_ENT_CURATED.MASTER_DIMENSIONS.DIM_EQUIPMENT where tenant_type='HDAIR' and RECORD_UPDATED_BY='Backup Table'
Table Count in Snowflake:: 1984
Row Count of Table EQUIPMENT is not matched for RAW :: 0 DataMart :: 2114 CURATED :: 1984]]>
  </system-out>
  <testcase classname="testcases.RAW_DATAMART_CURATED.SnowFlake_RowCount_Master" name="Testcase_RowCount_validation" time="2.670">
    <failure message="The following asserts failed:
	null" type="java.lang.AssertionError">
      <![CDATA[java.lang.AssertionError: The following asserts failed:
null
at org.testng.asserts.SoftAssert.assertAll(SoftAssert.java:47)
at org.testng.asserts.SoftAssert.assertAll(SoftAssert.java:31)
at testcases.RAW_DATAMART_CURATED.SnowFlake_RowCount_Master.validate_RowCount_BKP(SnowFlake_RowCount_Master.java:56)
at testcases.RAW_DATAMART_CURATED.SnowFlake_RowCount_Master.Testcase_RowCount_validation(SnowFlake_RowCount_Master.java:25)
at jdk.internal.reflect.GeneratedMethodAccessor13.invoke(Unknown Source)
at java.base/jdk.internal.reflect.DelegatingMethodAccessorImpl.invoke(DelegatingMethodAccessorImpl.java:43)
at java.base/java.lang.reflect.Method.invoke(Method.java:568)
at org.testng.internal.MethodInvocationHelper.invokeMethod(MethodInvocationHelper.java:133)
at org.testng.internal.TestInvoker.invokeMethod(TestInvoker.java:598)
at org.testng.internal.TestInvoker.invokeTestMethod(TestInvoker.java:173)
at org.testng.internal.MethodRunner.runInSequence(MethodRunner.java:46)
at org.testng.internal.TestInvoker$MethodInvocationAgent.invoke(TestInvoker.java:824)
at org.testng.internal.TestInvoker.invokeTestMethods(TestInvoker.java:146)
at org.testng.internal.TestMethodWorker.invokeTestMethods(TestMethodWorker.java:146)
at org.testng.internal.TestMethodWorker.run(TestMethodWorker.java:128)
at java.base/java.util.ArrayList.forEach(ArrayList.java:1511)
at org.testng.TestRunner.privateRun(TestRunner.java:794)
at org.testng.TestRunner.run(TestRunner.java:596)
at org.testng.SuiteRunner.runTest(SuiteRunner.java:377)
at org.testng.SuiteRunner.runSequentially(SuiteRunner.java:371)
at org.testng.SuiteRunner.privateRun(SuiteRunner.java:332)
at org.testng.SuiteRunner.run(SuiteRunner.java:276)
at org.testng.SuiteRunnerWorker.runSuite(SuiteRunnerWorker.java:53)
at org.testng.SuiteRunnerWorker.run(SuiteRunnerWorker.java:96)
at org.testng.TestNG.runSuitesSequentially(TestNG.java:1212)
at org.testng.TestNG.runSuitesLocally(TestNG.java:1134)
at org.testng.TestNG.runSuites(TestNG.java:1063)
at org.testng.TestNG.run(TestNG.java:1031)
at org.testng.remote.AbstractRemoteTestNG.run(AbstractRemoteTestNG.java:115)
at org.testng.remote.RemoteTestNG.initAndRun(RemoteTestNG.java:251)
at org.testng.remote.RemoteTestNG.main(RemoteTestNG.java:77)
]]>
    </failure>
  </testcase> <!-- Testcase_RowCount_validation -->
  <system-out>
    <![CDATA[Executing Snowflake query :: SELECT count(*) as TOTAL FROM DEV_ENT_RAW.ST_HARP_MATILLION.PAYMENTTERM
Table Count in Snowflake:: 1
Executing Snowflake query :: select count(*) as TOTAL from CURATED_DATAMART.ST_BKP_HARP.STR_PAYMENTTERM Where ACTIVE_FLAG='Y'
Table Count in Snowflake:: 2
Executing Snowflake query :: select count(*) as TOTAL from DEV_ENT_CURATED.MASTER_DIMENSIONS.DIM_PAYMENTTERM where tenant_type='HARP' and RECORD_UPDATED_BY='Backup Table'
Table Count in Snowflake:: 0
Row Count of Table PAYMENTTERM is not matched for RAW :: 1 DataMart :: 2 CURATED :: 0]]>
  </system-out>
  <testcase classname="testcases.RAW_DATAMART_CURATED.SnowFlake_RowCount_Master" name="Testcase_RowCount_validation" time="1.947">
    <failure message="The following asserts failed:
	null" type="java.lang.AssertionError">
      <![CDATA[java.lang.AssertionError: The following asserts failed:
null
at org.testng.asserts.SoftAssert.assertAll(SoftAssert.java:47)
at org.testng.asserts.SoftAssert.assertAll(SoftAssert.java:31)
at testcases.RAW_DATAMART_CURATED.SnowFlake_RowCount_Master.validate_RowCount_BKP(SnowFlake_RowCount_Master.java:56)
at testcases.RAW_DATAMART_CURATED.SnowFlake_RowCount_Master.Testcase_RowCount_validation(SnowFlake_RowCount_Master.java:25)
at jdk.internal.reflect.GeneratedMethodAccessor13.invoke(Unknown Source)
at java.base/jdk.internal.reflect.DelegatingMethodAccessorImpl.invoke(DelegatingMethodAccessorImpl.java:43)
at java.base/java.lang.reflect.Method.invoke(Method.java:568)
at org.testng.internal.MethodInvocationHelper.invokeMethod(MethodInvocationHelper.java:133)
at org.testng.internal.TestInvoker.invokeMethod(TestInvoker.java:598)
at org.testng.internal.TestInvoker.invokeTestMethod(TestInvoker.java:173)
at org.testng.internal.MethodRunner.runInSequence(MethodRunner.java:46)
at org.testng.internal.TestInvoker$MethodInvocationAgent.invoke(TestInvoker.java:824)
at org.testng.internal.TestInvoker.invokeTestMethods(TestInvoker.java:146)
at org.testng.internal.TestMethodWorker.invokeTestMethods(TestMethodWorker.java:146)
at org.testng.internal.TestMethodWorker.run(TestMethodWorker.java:128)
at java.base/java.util.ArrayList.forEach(ArrayList.java:1511)
at org.testng.TestRunner.privateRun(TestRunner.java:794)
at org.testng.TestRunner.run(TestRunner.java:596)
at org.testng.SuiteRunner.runTest(SuiteRunner.java:377)
at org.testng.SuiteRunner.runSequentially(SuiteRunner.java:371)
at org.testng.SuiteRunner.privateRun(SuiteRunner.java:332)
at org.testng.SuiteRunner.run(SuiteRunner.java:276)
at org.testng.SuiteRunnerWorker.runSuite(SuiteRunnerWorker.java:53)
at org.testng.SuiteRunnerWorker.run(SuiteRunnerWorker.java:96)
at org.testng.TestNG.runSuitesSequentially(TestNG.java:1212)
at org.testng.TestNG.runSuitesLocally(TestNG.java:1134)
at org.testng.TestNG.runSuites(TestNG.java:1063)
at org.testng.TestNG.run(TestNG.java:1031)
at org.testng.remote.AbstractRemoteTestNG.run(AbstractRemoteTestNG.java:115)
at org.testng.remote.RemoteTestNG.initAndRun(RemoteTestNG.java:251)
at org.testng.remote.RemoteTestNG.main(RemoteTestNG.java:77)
]]>
    </failure>
  </testcase> <!-- Testcase_RowCount_validation -->
  <system-out>
    <![CDATA[Executing Snowflake query :: SELECT count(*) as TOTAL FROM DEV_ENT_RAW.ST_HENDERSON_MATILLION.PROJECT
Table Count in Snowflake:: 12001
Executing Snowflake query :: select count(*) as TOTAL from CURATED_DATAMART.ST_BKP_HENDERSON.STR_PROJECT Where ACTIVE_FLAG='Y'
Table Count in Snowflake:: 12574
Executing Snowflake query :: select count(*) as TOTAL from DEV_ENT_CURATED.MASTER_DIMENSIONS.DIM_PROJECT where tenant_type='HENDERSON' and RECORD_UPDATED_BY='Backup Table'
Table Count in Snowflake:: 12059
Row Count of Table PROJECT is not matched for RAW :: 12001 DataMart :: 12574 CURATED :: 12059]]>
  </system-out>
  <testcase classname="testcases.RAW_DATAMART_CURATED.SnowFlake_RowCount_Master" name="Testcase_RowCount_validation" time="1.696">
    <failure message="The following asserts failed:
	null" type="java.lang.AssertionError">
      <![CDATA[java.lang.AssertionError: The following asserts failed:
null
at org.testng.asserts.SoftAssert.assertAll(SoftAssert.java:47)
at org.testng.asserts.SoftAssert.assertAll(SoftAssert.java:31)
at testcases.RAW_DATAMART_CURATED.SnowFlake_RowCount_Master.validate_RowCount_BKP(SnowFlake_RowCount_Master.java:56)
at testcases.RAW_DATAMART_CURATED.SnowFlake_RowCount_Master.Testcase_RowCount_validation(SnowFlake_RowCount_Master.java:25)
at jdk.internal.reflect.GeneratedMethodAccessor13.invoke(Unknown Source)
at java.base/jdk.internal.reflect.DelegatingMethodAccessorImpl.invoke(DelegatingMethodAccessorImpl.java:43)
at java.base/java.lang.reflect.Method.invoke(Method.java:568)
at org.testng.internal.MethodInvocationHelper.invokeMethod(MethodInvocationHelper.java:133)
at org.testng.internal.TestInvoker.invokeMethod(TestInvoker.java:598)
at org.testng.internal.TestInvoker.invokeTestMethod(TestInvoker.java:173)
at org.testng.internal.MethodRunner.runInSequence(MethodRunner.java:46)
at org.testng.internal.TestInvoker$MethodInvocationAgent.invoke(TestInvoker.java:824)
at org.testng.internal.TestInvoker.invokeTestMethods(TestInvoker.java:146)
at org.testng.internal.TestMethodWorker.invokeTestMethods(TestMethodWorker.java:146)
at org.testng.internal.TestMethodWorker.run(TestMethodWorker.java:128)
at java.base/java.util.ArrayList.forEach(ArrayList.java:1511)
at org.testng.TestRunner.privateRun(TestRunner.java:794)
at org.testng.TestRunner.run(TestRunner.java:596)
at org.testng.SuiteRunner.runTest(SuiteRunner.java:377)
at org.testng.SuiteRunner.runSequentially(SuiteRunner.java:371)
at org.testng.SuiteRunner.privateRun(SuiteRunner.java:332)
at org.testng.SuiteRunner.run(SuiteRunner.java:276)
at org.testng.SuiteRunnerWorker.runSuite(SuiteRunnerWorker.java:53)
at org.testng.SuiteRunnerWorker.run(SuiteRunnerWorker.java:96)
at org.testng.TestNG.runSuitesSequentially(TestNG.java:1212)
at org.testng.TestNG.runSuitesLocally(TestNG.java:1134)
at org.testng.TestNG.runSuites(TestNG.java:1063)
at org.testng.TestNG.run(TestNG.java:1031)
at org.testng.remote.AbstractRemoteTestNG.run(AbstractRemoteTestNG.java:115)
at org.testng.remote.RemoteTestNG.initAndRun(RemoteTestNG.java:251)
at org.testng.remote.RemoteTestNG.main(RemoteTestNG.java:77)
]]>
    </failure>
  </testcase> <!-- Testcase_RowCount_validation -->
  <system-out>
    <![CDATA[Executing Snowflake query :: SELECT count(*) as TOTAL FROM DEV_ENT_RAW.ST_SNELLHEATINGAIR_MATILLION.CONTACT
Table Count in Snowflake:: 187071
Executing Snowflake query :: select count(*) as TOTAL from CURATED_DATAMART.ST_BKP_SNELLHEATINGAIR.STR_CONTACT Where ACTIVE_FLAG='Y'
Table Count in Snowflake:: 186941
Executing Snowflake query :: select count(*) as TOTAL from DEV_ENT_CURATED.MASTER_DIMENSIONS.DIM_CONTACT where tenant_type='SNELLHEATINGAIR' and RECORD_UPDATED_BY='Backup Table'
Table Count in Snowflake:: 175166
Row Count of Table CONTACT is not matched for RAW :: 187071 DataMart :: 186941 CURATED :: 175166]]>
  </system-out>
  <testcase classname="testcases.RAW_DATAMART_CURATED.SnowFlake_RowCount_Master" name="Testcase_RowCount_validation" time="2.830">
    <failure message="The following asserts failed:
	null,
	null" type="java.lang.AssertionError">
      <![CDATA[java.lang.AssertionError: The following asserts failed:
null,
null
at org.testng.asserts.SoftAssert.assertAll(SoftAssert.java:47)
at org.testng.asserts.SoftAssert.assertAll(SoftAssert.java:31)
at testcases.RAW_DATAMART_CURATED.SnowFlake_RowCount_Master.validate_RowCount_API(SnowFlake_RowCount_Master.java:115)
at testcases.RAW_DATAMART_CURATED.SnowFlake_RowCount_Master.Testcase_RowCount_validation(SnowFlake_RowCount_Master.java:28)
at jdk.internal.reflect.GeneratedMethodAccessor13.invoke(Unknown Source)
at java.base/jdk.internal.reflect.DelegatingMethodAccessorImpl.invoke(DelegatingMethodAccessorImpl.java:43)
at java.base/java.lang.reflect.Method.invoke(Method.java:568)
at org.testng.internal.MethodInvocationHelper.invokeMethod(MethodInvocationHelper.java:133)
at org.testng.internal.TestInvoker.invokeMethod(TestInvoker.java:598)
at org.testng.internal.TestInvoker.invokeTestMethod(TestInvoker.java:173)
at org.testng.internal.MethodRunner.runInSequence(MethodRunner.java:46)
at org.testng.internal.TestInvoker$MethodInvocationAgent.invoke(TestInvoker.java:824)
at org.testng.internal.TestInvoker.invokeTestMethods(TestInvoker.java:146)
at org.testng.internal.TestMethodWorker.invokeTestMethods(TestMethodWorker.java:146)
at org.testng.internal.TestMethodWorker.run(TestMethodWorker.java:128)
at java.base/java.util.ArrayList.forEach(ArrayList.java:1511)
at org.testng.TestRunner.privateRun(TestRunner.java:794)
at org.testng.TestRunner.run(TestRunner.java:596)
at org.testng.SuiteRunner.runTest(SuiteRunner.java:377)
at org.testng.SuiteRunner.runSequentially(SuiteRunner.java:371)
at org.testng.SuiteRunner.privateRun(SuiteRunner.java:332)
at org.testng.SuiteRunner.run(SuiteRunner.java:276)
at org.testng.SuiteRunnerWorker.runSuite(SuiteRunnerWorker.java:53)
at org.testng.SuiteRunnerWorker.run(SuiteRunnerWorker.java:96)
at org.testng.TestNG.runSuitesSequentially(TestNG.java:1212)
at org.testng.TestNG.runSuitesLocally(TestNG.java:1134)
at org.testng.TestNG.runSuites(TestNG.java:1063)
at org.testng.TestNG.run(TestNG.java:1031)
at org.testng.remote.AbstractRemoteTestNG.run(AbstractRemoteTestNG.java:115)
at org.testng.remote.RemoteTestNG.initAndRun(RemoteTestNG.java:251)
at org.testng.remote.RemoteTestNG.main(RemoteTestNG.java:77)
]]>
    </failure>
  </testcase> <!-- Testcase_RowCount_validation -->
  <system-out>
    <![CDATA[Executing Snowflake query :: SELECT count(*) as TOTAL FROM DEV_ENT_RAW.API_MAT.ST_API_CUSTOMERMEMBERSHIP WHERE TENANT_NAME='HARP'
Table Count in Snowflake:: 884
Executing Snowflake query :: select count(*) as TOTAL from CURATED_DATAMART.ST_API_HARP.STR_API_CUSTOMERMEMBERSHIP WHERE ACTIVE_FLAG='Y'
Table Count in Snowflake:: 834
Executing Snowflake query :: select count(*) as TOTAL from DEV_ENT_CURATED.MASTER_DIMENSIONS.DIM_CUSTOMERMEMBERSHIP WHERE TENANT_TYPE='HARP' and RECORD_UPDATED_BY='API ETL'
Table Count in Snowflake:: 13
Row Count of Table CUSTOMERMEMBERSHIP is not matched for APIMAT :: 884 DataMart :: 834
Executing Snowflake query :: select count(*) as TOTAL from DEV_ENT_CURATED.MASTER_DIMENSIONS.DIM_CUSTOMERMEMBERSHIP WHERE TENANT_TYPE='HARP' and RECORD_UPDATED_BY='Backup Table' AND ID in (select ID from CURATED_DATAMART.ST_API_HARP.STR_API_CUSTOMERMEMBERSHIP WHERE ACTIVE_FLAG='Y')
Table Count in Snowflake:: 821
Row Count of Table CUSTOMERMEMBERSHIP is not matched for DataMart :: 834 CURATED :: 821]]>
  </system-out>
  <testcase classname="testcases.RAW_DATAMART_CURATED.SnowFlake_RowCount_Master" name="Testcase_RowCount_validation" time="1.564">
    <failure message="The following asserts failed:
	null" type="java.lang.AssertionError">
      <![CDATA[java.lang.AssertionError: The following asserts failed:
null
at org.testng.asserts.SoftAssert.assertAll(SoftAssert.java:47)
at org.testng.asserts.SoftAssert.assertAll(SoftAssert.java:31)
at testcases.RAW_DATAMART_CURATED.SnowFlake_RowCount_Master.validate_RowCount_BKP(SnowFlake_RowCount_Master.java:56)
at testcases.RAW_DATAMART_CURATED.SnowFlake_RowCount_Master.Testcase_RowCount_validation(SnowFlake_RowCount_Master.java:25)
at jdk.internal.reflect.GeneratedMethodAccessor13.invoke(Unknown Source)
at java.base/jdk.internal.reflect.DelegatingMethodAccessorImpl.invoke(DelegatingMethodAccessorImpl.java:43)
at java.base/java.lang.reflect.Method.invoke(Method.java:568)
at org.testng.internal.MethodInvocationHelper.invokeMethod(MethodInvocationHelper.java:133)
at org.testng.internal.TestInvoker.invokeMethod(TestInvoker.java:598)
at org.testng.internal.TestInvoker.invokeTestMethod(TestInvoker.java:173)
at org.testng.internal.MethodRunner.runInSequence(MethodRunner.java:46)
at org.testng.internal.TestInvoker$MethodInvocationAgent.invoke(TestInvoker.java:824)
at org.testng.internal.TestInvoker.invokeTestMethods(TestInvoker.java:146)
at org.testng.internal.TestMethodWorker.invokeTestMethods(TestMethodWorker.java:146)
at org.testng.internal.TestMethodWorker.run(TestMethodWorker.java:128)
at java.base/java.util.ArrayList.forEach(ArrayList.java:1511)
at org.testng.TestRunner.privateRun(TestRunner.java:794)
at org.testng.TestRunner.run(TestRunner.java:596)
at org.testng.SuiteRunner.runTest(SuiteRunner.java:377)
at org.testng.SuiteRunner.runSequentially(SuiteRunner.java:371)
at org.testng.SuiteRunner.privateRun(SuiteRunner.java:332)
at org.testng.SuiteRunner.run(SuiteRunner.java:276)
at org.testng.SuiteRunnerWorker.runSuite(SuiteRunnerWorker.java:53)
at org.testng.SuiteRunnerWorker.run(SuiteRunnerWorker.java:96)
at org.testng.TestNG.runSuitesSequentially(TestNG.java:1212)
at org.testng.TestNG.runSuitesLocally(TestNG.java:1134)
at org.testng.TestNG.runSuites(TestNG.java:1063)
at org.testng.TestNG.run(TestNG.java:1031)
at org.testng.remote.AbstractRemoteTestNG.run(AbstractRemoteTestNG.java:115)
at org.testng.remote.RemoteTestNG.initAndRun(RemoteTestNG.java:251)
at org.testng.remote.RemoteTestNG.main(RemoteTestNG.java:77)
]]>
    </failure>
  </testcase> <!-- Testcase_RowCount_validation -->
  <system-out>
    <![CDATA[Executing Snowflake query :: SELECT count(*) as TOTAL FROM DEV_ENT_RAW.ST_MAITZ_MATILLION.TECHNICIAN
Table Count in Snowflake:: 217
Executing Snowflake query :: select count(*) as TOTAL from CURATED_DATAMART.ST_BKP_MAITZ.STR_TECHNICIAN Where ACTIVE_FLAG='Y'
Table Count in Snowflake:: 211
Executing Snowflake query :: select count(*) as TOTAL from DEV_ENT_CURATED.MASTER_DIMENSIONS.DIM_TECHNICIAN where tenant_type='MAITZ' and RECORD_UPDATED_BY='Backup Table'
Table Count in Snowflake:: 390
Row Count of Table TECHNICIAN is not matched for RAW :: 217 DataMart :: 211 CURATED :: 390]]>
  </system-out>
  <testcase classname="testcases.RAW_DATAMART_CURATED.SnowFlake_RowCount_Master" name="Testcase_RowCount_validation" time="1.946">
    <failure message="The following asserts failed:
	null" type="java.lang.AssertionError">
      <![CDATA[java.lang.AssertionError: The following asserts failed:
null
at org.testng.asserts.SoftAssert.assertAll(SoftAssert.java:47)
at org.testng.asserts.SoftAssert.assertAll(SoftAssert.java:31)
at testcases.RAW_DATAMART_CURATED.SnowFlake_RowCount_Master.validate_RowCount_BKP(SnowFlake_RowCount_Master.java:56)
at testcases.RAW_DATAMART_CURATED.SnowFlake_RowCount_Master.Testcase_RowCount_validation(SnowFlake_RowCount_Master.java:25)
at jdk.internal.reflect.GeneratedMethodAccessor13.invoke(Unknown Source)
at java.base/jdk.internal.reflect.DelegatingMethodAccessorImpl.invoke(DelegatingMethodAccessorImpl.java:43)
at java.base/java.lang.reflect.Method.invoke(Method.java:568)
at org.testng.internal.MethodInvocationHelper.invokeMethod(MethodInvocationHelper.java:133)
at org.testng.internal.TestInvoker.invokeMethod(TestInvoker.java:598)
at org.testng.internal.TestInvoker.invokeTestMethod(TestInvoker.java:173)
at org.testng.internal.MethodRunner.runInSequence(MethodRunner.java:46)
at org.testng.internal.TestInvoker$MethodInvocationAgent.invoke(TestInvoker.java:824)
at org.testng.internal.TestInvoker.invokeTestMethods(TestInvoker.java:146)
at org.testng.internal.TestMethodWorker.invokeTestMethods(TestMethodWorker.java:146)
at org.testng.internal.TestMethodWorker.run(TestMethodWorker.java:128)
at java.base/java.util.ArrayList.forEach(ArrayList.java:1511)
at org.testng.TestRunner.privateRun(TestRunner.java:794)
at org.testng.TestRunner.run(TestRunner.java:596)
at org.testng.SuiteRunner.runTest(SuiteRunner.java:377)
at org.testng.SuiteRunner.runSequentially(SuiteRunner.java:371)
at org.testng.SuiteRunner.privateRun(SuiteRunner.java:332)
at org.testng.SuiteRunner.run(SuiteRunner.java:276)
at org.testng.SuiteRunnerWorker.runSuite(SuiteRunnerWorker.java:53)
at org.testng.SuiteRunnerWorker.run(SuiteRunnerWorker.java:96)
at org.testng.TestNG.runSuitesSequentially(TestNG.java:1212)
at org.testng.TestNG.runSuitesLocally(TestNG.java:1134)
at org.testng.TestNG.runSuites(TestNG.java:1063)
at org.testng.TestNG.run(TestNG.java:1031)
at org.testng.remote.AbstractRemoteTestNG.run(AbstractRemoteTestNG.java:115)
at org.testng.remote.RemoteTestNG.initAndRun(RemoteTestNG.java:251)
at org.testng.remote.RemoteTestNG.main(RemoteTestNG.java:77)
]]>
    </failure>
  </testcase> <!-- Testcase_RowCount_validation -->
  <system-out>
    <![CDATA[Executing Snowflake query :: SELECT count(*) as TOTAL FROM DEV_ENT_RAW.ST_HUTCHINSON_MATILLION.PAYMENT
Table Count in Snowflake:: 716620
Executing Snowflake query :: select count(*) as TOTAL from CURATED_DATAMART.ST_BKP_HUTCHINSON.STR_PAYMENT Where ACTIVE_FLAG='Y'
Table Count in Snowflake:: 716421
Executing Snowflake query :: select count(*) as TOTAL from DEV_ENT_CURATED.MASTER_DIMENSIONS.DIM_PAYMENT where tenant_type='HUTCHINSON' and RECORD_UPDATED_BY='Backup Table'
Table Count in Snowflake:: 715649
Row Count of Table PAYMENT is not matched for RAW :: 716620 DataMart :: 716421 CURATED :: 715649]]>
  </system-out>
  <testcase classname="testcases.RAW_DATAMART_CURATED.SnowFlake_RowCount_Master" name="Testcase_RowCount_validation" time="1.942">
    <failure message="The following asserts failed:
	null" type="java.lang.AssertionError">
      <![CDATA[java.lang.AssertionError: The following asserts failed:
null
at org.testng.asserts.SoftAssert.assertAll(SoftAssert.java:47)
at org.testng.asserts.SoftAssert.assertAll(SoftAssert.java:31)
at testcases.RAW_DATAMART_CURATED.SnowFlake_RowCount_Master.validate_RowCount_BKP(SnowFlake_RowCount_Master.java:56)
at testcases.RAW_DATAMART_CURATED.SnowFlake_RowCount_Master.Testcase_RowCount_validation(SnowFlake_RowCount_Master.java:25)
at jdk.internal.reflect.GeneratedMethodAccessor13.invoke(Unknown Source)
at java.base/jdk.internal.reflect.DelegatingMethodAccessorImpl.invoke(DelegatingMethodAccessorImpl.java:43)
at java.base/java.lang.reflect.Method.invoke(Method.java:568)
at org.testng.internal.MethodInvocationHelper.invokeMethod(MethodInvocationHelper.java:133)
at org.testng.internal.TestInvoker.invokeMethod(TestInvoker.java:598)
at org.testng.internal.TestInvoker.invokeTestMethod(TestInvoker.java:173)
at org.testng.internal.MethodRunner.runInSequence(MethodRunner.java:46)
at org.testng.internal.TestInvoker$MethodInvocationAgent.invoke(TestInvoker.java:824)
at org.testng.internal.TestInvoker.invokeTestMethods(TestInvoker.java:146)
at org.testng.internal.TestMethodWorker.invokeTestMethods(TestMethodWorker.java:146)
at org.testng.internal.TestMethodWorker.run(TestMethodWorker.java:128)
at java.base/java.util.ArrayList.forEach(ArrayList.java:1511)
at org.testng.TestRunner.privateRun(TestRunner.java:794)
at org.testng.TestRunner.run(TestRunner.java:596)
at org.testng.SuiteRunner.runTest(SuiteRunner.java:377)
at org.testng.SuiteRunner.runSequentially(SuiteRunner.java:371)
at org.testng.SuiteRunner.privateRun(SuiteRunner.java:332)
at org.testng.SuiteRunner.run(SuiteRunner.java:276)
at org.testng.SuiteRunnerWorker.runSuite(SuiteRunnerWorker.java:53)
at org.testng.SuiteRunnerWorker.run(SuiteRunnerWorker.java:96)
at org.testng.TestNG.runSuitesSequentially(TestNG.java:1212)
at org.testng.TestNG.runSuitesLocally(TestNG.java:1134)
at org.testng.TestNG.runSuites(TestNG.java:1063)
at org.testng.TestNG.run(TestNG.java:1031)
at org.testng.remote.AbstractRemoteTestNG.run(AbstractRemoteTestNG.java:115)
at org.testng.remote.RemoteTestNG.initAndRun(RemoteTestNG.java:251)
at org.testng.remote.RemoteTestNG.main(RemoteTestNG.java:77)
]]>
    </failure>
  </testcase> <!-- Testcase_RowCount_validation -->
  <system-out>
    <![CDATA[Executing Snowflake query :: SELECT count(*) as TOTAL FROM DEV_ENT_RAW.ST_SNELLHEATINGAIR_MATILLION.INVOICE
Table Count in Snowflake:: 357810
Executing Snowflake query :: select count(*) as TOTAL from CURATED_DATAMART.ST_BKP_SNELLHEATINGAIR.STR_INVOICE Where ACTIVE_FLAG='Y'
Table Count in Snowflake:: 715492
Executing Snowflake query :: select count(*) as TOTAL from DEV_ENT_CURATED.MASTER_DIMENSIONS.FACT_INVOICE where tenant_type='SNELLHEATINGAIR' and RECORD_UPDATED_BY='Backup Table'
Table Count in Snowflake:: 357810
Row Count of Table INVOICE is not matched for RAW :: 357810 DataMart :: 715492 CURATED :: 357810]]>
  </system-out>
  <testcase classname="testcases.RAW_DATAMART_CURATED.SnowFlake_RowCount_Master" name="Testcase_RowCount_validation" time="4.917">
    <failure message="The following asserts failed:
	null,
	null" type="java.lang.AssertionError">
      <![CDATA[java.lang.AssertionError: The following asserts failed:
null,
null
at org.testng.asserts.SoftAssert.assertAll(SoftAssert.java:47)
at org.testng.asserts.SoftAssert.assertAll(SoftAssert.java:31)
at testcases.RAW_DATAMART_CURATED.SnowFlake_RowCount_Master.validate_RowCount_BKP(SnowFlake_RowCount_Master.java:56)
at testcases.RAW_DATAMART_CURATED.SnowFlake_RowCount_Master.Testcase_RowCount_validation(SnowFlake_RowCount_Master.java:25)
at jdk.internal.reflect.GeneratedMethodAccessor13.invoke(Unknown Source)
at java.base/jdk.internal.reflect.DelegatingMethodAccessorImpl.invoke(DelegatingMethodAccessorImpl.java:43)
at java.base/java.lang.reflect.Method.invoke(Method.java:568)
at org.testng.internal.MethodInvocationHelper.invokeMethod(MethodInvocationHelper.java:133)
at org.testng.internal.TestInvoker.invokeMethod(TestInvoker.java:598)
at org.testng.internal.TestInvoker.invokeTestMethod(TestInvoker.java:173)
at org.testng.internal.MethodRunner.runInSequence(MethodRunner.java:46)
at org.testng.internal.TestInvoker$MethodInvocationAgent.invoke(TestInvoker.java:824)
at org.testng.internal.TestInvoker.invokeTestMethods(TestInvoker.java:146)
at org.testng.internal.TestMethodWorker.invokeTestMethods(TestMethodWorker.java:146)
at org.testng.internal.TestMethodWorker.run(TestMethodWorker.java:128)
at java.base/java.util.ArrayList.forEach(ArrayList.java:1511)
at org.testng.TestRunner.privateRun(TestRunner.java:794)
at org.testng.TestRunner.run(TestRunner.java:596)
at org.testng.SuiteRunner.runTest(SuiteRunner.java:377)
at org.testng.SuiteRunner.runSequentially(SuiteRunner.java:371)
at org.testng.SuiteRunner.privateRun(SuiteRunner.java:332)
at org.testng.SuiteRunner.run(SuiteRunner.java:276)
at org.testng.SuiteRunnerWorker.runSuite(SuiteRunnerWorker.java:53)
at org.testng.SuiteRunnerWorker.run(SuiteRunnerWorker.java:96)
at org.testng.TestNG.runSuitesSequentially(TestNG.java:1212)
at org.testng.TestNG.runSuitesLocally(TestNG.java:1134)
at org.testng.TestNG.runSuites(TestNG.java:1063)
at org.testng.TestNG.run(TestNG.java:1031)
at org.testng.remote.AbstractRemoteTestNG.run(AbstractRemoteTestNG.java:115)
at org.testng.remote.RemoteTestNG.initAndRun(RemoteTestNG.java:251)
at org.testng.remote.RemoteTestNG.main(RemoteTestNG.java:77)
]]>
    </failure>
  </testcase> <!-- Testcase_RowCount_validation -->
  <system-out>
    <![CDATA[Executing Snowflake query :: SELECT count(*) as TOTAL FROM DEV_ENT_RAW.ST_BILLFENWICK_MATILLION.NONJOBAPPOINTMENT
Snowflake - SQLException at readDB() method :: SQL compilation error:
Object 'DEV_ENT_RAW.ST_BILLFENWICK_MATILLION.NONJOBAPPOINTMENT' does not exist or not authorized.
Executing Snowflake query :: select count(*) as TOTAL from CURATED_DATAMART.ST_BKP_BILLFENWICK.STR_NONJOBAPPOINTMENT Where ACTIVE_FLAG='Y'
Table Count in Snowflake:: 45993
Executing Snowflake query :: select count(*) as TOTAL from DEV_ENT_CURATED.MASTER_DIMENSIONS.DIM_NONJOBAPPOINTMENT where tenant_type='BILLFENWICK' and RECORD_UPDATED_BY='Backup Table'
Table Count in Snowflake:: 45742
Row Count of Table NONJOBAPPOINTMENT is not matched for RAW :: 0 DataMart :: 45993 CURATED :: 45742]]>
  </system-out>
  <testcase classname="testcases.RAW_DATAMART_CURATED.SnowFlake_RowCount_Master" name="Testcase_RowCount_validation" time="2.581">
    <failure message="The following asserts failed:
	null" type="java.lang.AssertionError">
      <![CDATA[java.lang.AssertionError: The following asserts failed:
null
at org.testng.asserts.SoftAssert.assertAll(SoftAssert.java:47)
at org.testng.asserts.SoftAssert.assertAll(SoftAssert.java:31)
at testcases.RAW_DATAMART_CURATED.SnowFlake_RowCount_Master.validate_RowCount_API(SnowFlake_RowCount_Master.java:115)
at testcases.RAW_DATAMART_CURATED.SnowFlake_RowCount_Master.Testcase_RowCount_validation(SnowFlake_RowCount_Master.java:28)
at jdk.internal.reflect.GeneratedMethodAccessor13.invoke(Unknown Source)
at java.base/jdk.internal.reflect.DelegatingMethodAccessorImpl.invoke(DelegatingMethodAccessorImpl.java:43)
at java.base/java.lang.reflect.Method.invoke(Method.java:568)
at org.testng.internal.MethodInvocationHelper.invokeMethod(MethodInvocationHelper.java:133)
at org.testng.internal.TestInvoker.invokeMethod(TestInvoker.java:598)
at org.testng.internal.TestInvoker.invokeTestMethod(TestInvoker.java:173)
at org.testng.internal.MethodRunner.runInSequence(MethodRunner.java:46)
at org.testng.internal.TestInvoker$MethodInvocationAgent.invoke(TestInvoker.java:824)
at org.testng.internal.TestInvoker.invokeTestMethods(TestInvoker.java:146)
at org.testng.internal.TestMethodWorker.invokeTestMethods(TestMethodWorker.java:146)
at org.testng.internal.TestMethodWorker.run(TestMethodWorker.java:128)
at java.base/java.util.ArrayList.forEach(ArrayList.java:1511)
at org.testng.TestRunner.privateRun(TestRunner.java:794)
at org.testng.TestRunner.run(TestRunner.java:596)
at org.testng.SuiteRunner.runTest(SuiteRunner.java:377)
at org.testng.SuiteRunner.runSequentially(SuiteRunner.java:371)
at org.testng.SuiteRunner.privateRun(SuiteRunner.java:332)
at org.testng.SuiteRunner.run(SuiteRunner.java:276)
at org.testng.SuiteRunnerWorker.runSuite(SuiteRunnerWorker.java:53)
at org.testng.SuiteRunnerWorker.run(SuiteRunnerWorker.java:96)
at org.testng.TestNG.runSuitesSequentially(TestNG.java:1212)
at org.testng.TestNG.runSuitesLocally(TestNG.java:1134)
at org.testng.TestNG.runSuites(TestNG.java:1063)
at org.testng.TestNG.run(TestNG.java:1031)
at org.testng.remote.AbstractRemoteTestNG.run(AbstractRemoteTestNG.java:115)
at org.testng.remote.RemoteTestNG.initAndRun(RemoteTestNG.java:251)
at org.testng.remote.RemoteTestNG.main(RemoteTestNG.java:77)
]]>
    </failure>
  </testcase> <!-- Testcase_RowCount_validation -->
  <system-out>
    <![CDATA[Executing Snowflake query :: SELECT count(*) as TOTAL FROM DEV_ENT_RAW.API_MAT.ST_API_CATEGORY WHERE TENANT_NAME='EANESHEATING'
Table Count in Snowflake:: 141
Executing Snowflake query :: select count(*) as TOTAL from CURATED_DATAMART.ST_API_EANESHEATING.STR_API_CATEGORY WHERE ACTIVE_FLAG='Y'
Table Count in Snowflake:: 141
Executing Snowflake query :: select count(*) as TOTAL from DEV_ENT_CURATED.MASTER_DIMENSIONS.DIM_CATEGORY WHERE TENANT_TYPE='EANESHEATING' and RECORD_UPDATED_BY='API ETL'
Table Count in Snowflake:: 0
Row Count of Table CATEGORY is matched for APIMAT :: 141 DataMart :: 141
Executing Snowflake query :: select count(*) as TOTAL from DEV_ENT_CURATED.MASTER_DIMENSIONS.DIM_CATEGORY WHERE TENANT_TYPE='EANESHEATING' and RECORD_UPDATED_BY='Backup Table' AND ID in (select ID from CURATED_DATAMART.ST_API_EANESHEATING.STR_API_CATEGORY WHERE ACTIVE_FLAG='Y')
Table Count in Snowflake:: 134
Row Count of Table CATEGORY is not matched for DataMart :: 141 CURATED :: 134]]>
  </system-out>
  <testcase classname="testcases.RAW_DATAMART_CURATED.SnowFlake_RowCount_Master" name="Testcase_RowCount_validation" time="2.056">
    <failure message="The following asserts failed:
	null" type="java.lang.AssertionError">
      <![CDATA[java.lang.AssertionError: The following asserts failed:
null
at org.testng.asserts.SoftAssert.assertAll(SoftAssert.java:47)
at org.testng.asserts.SoftAssert.assertAll(SoftAssert.java:31)
at testcases.RAW_DATAMART_CURATED.SnowFlake_RowCount_Master.validate_RowCount_BKP(SnowFlake_RowCount_Master.java:56)
at testcases.RAW_DATAMART_CURATED.SnowFlake_RowCount_Master.Testcase_RowCount_validation(SnowFlake_RowCount_Master.java:25)
at jdk.internal.reflect.GeneratedMethodAccessor13.invoke(Unknown Source)
at java.base/jdk.internal.reflect.DelegatingMethodAccessorImpl.invoke(DelegatingMethodAccessorImpl.java:43)
at java.base/java.lang.reflect.Method.invoke(Method.java:568)
at org.testng.internal.MethodInvocationHelper.invokeMethod(MethodInvocationHelper.java:133)
at org.testng.internal.TestInvoker.invokeMethod(TestInvoker.java:598)
at org.testng.internal.TestInvoker.invokeTestMethod(TestInvoker.java:173)
at org.testng.internal.MethodRunner.runInSequence(MethodRunner.java:46)
at org.testng.internal.TestInvoker$MethodInvocationAgent.invoke(TestInvoker.java:824)
at org.testng.internal.TestInvoker.invokeTestMethods(TestInvoker.java:146)
at org.testng.internal.TestMethodWorker.invokeTestMethods(TestMethodWorker.java:146)
at org.testng.internal.TestMethodWorker.run(TestMethodWorker.java:128)
at java.base/java.util.ArrayList.forEach(ArrayList.java:1511)
at org.testng.TestRunner.privateRun(TestRunner.java:794)
at org.testng.TestRunner.run(TestRunner.java:596)
at org.testng.SuiteRunner.runTest(SuiteRunner.java:377)
at org.testng.SuiteRunner.runSequentially(SuiteRunner.java:371)
at org.testng.SuiteRunner.privateRun(SuiteRunner.java:332)
at org.testng.SuiteRunner.run(SuiteRunner.java:276)
at org.testng.SuiteRunnerWorker.runSuite(SuiteRunnerWorker.java:53)
at org.testng.SuiteRunnerWorker.run(SuiteRunnerWorker.java:96)
at org.testng.TestNG.runSuitesSequentially(TestNG.java:1212)
at org.testng.TestNG.runSuitesLocally(TestNG.java:1134)
at org.testng.TestNG.runSuites(TestNG.java:1063)
at org.testng.TestNG.run(TestNG.java:1031)
at org.testng.remote.AbstractRemoteTestNG.run(AbstractRemoteTestNG.java:115)
at org.testng.remote.RemoteTestNG.initAndRun(RemoteTestNG.java:251)
at org.testng.remote.RemoteTestNG.main(RemoteTestNG.java:77)
]]>
    </failure>
  </testcase> <!-- Testcase_RowCount_validation -->
  <system-out>
    <![CDATA[Executing Snowflake query :: SELECT count(*) as TOTAL FROM DEV_ENT_RAW.ST_HDAIR_MATILLION.TECHNICIANSHIFT
Snowflake - SQLException at readDB() method :: SQL compilation error:
Object 'DEV_ENT_RAW.ST_HDAIR_MATILLION.TECHNICIANSHIFT' does not exist or not authorized.
Executing Snowflake query :: select count(*) as TOTAL from CURATED_DATAMART.ST_BKP_HDAIR.STR_TECHNICIANSHIFT Where ACTIVE_FLAG='Y'
Table Count in Snowflake:: 120473
Executing Snowflake query :: select count(*) as TOTAL from DEV_ENT_CURATED.MASTER_DIMENSIONS.DIM_TECHNICIANSHIFT where tenant_type='HDAIR' and RECORD_UPDATED_BY='Backup Table'
Table Count in Snowflake:: 120473
Row Count of Table TECHNICIANSHIFT is matched for RAW :: 0 DataMart :: 120473 CURATED :: 120473]]>
  </system-out>
  <testcase classname="testcases.RAW_DATAMART_CURATED.SnowFlake_RowCount_Master" name="Testcase_RowCount_validation" time="2.474">
    <failure message="The following asserts failed:
	null" type="java.lang.AssertionError">
      <![CDATA[java.lang.AssertionError: The following asserts failed:
null
at org.testng.asserts.SoftAssert.assertAll(SoftAssert.java:47)
at org.testng.asserts.SoftAssert.assertAll(SoftAssert.java:31)
at testcases.RAW_DATAMART_CURATED.SnowFlake_RowCount_Master.validate_RowCount_BKP(SnowFlake_RowCount_Master.java:56)
at testcases.RAW_DATAMART_CURATED.SnowFlake_RowCount_Master.Testcase_RowCount_validation(SnowFlake_RowCount_Master.java:25)
at jdk.internal.reflect.GeneratedMethodAccessor13.invoke(Unknown Source)
at java.base/jdk.internal.reflect.DelegatingMethodAccessorImpl.invoke(DelegatingMethodAccessorImpl.java:43)
at java.base/java.lang.reflect.Method.invoke(Method.java:568)
at org.testng.internal.MethodInvocationHelper.invokeMethod(MethodInvocationHelper.java:133)
at org.testng.internal.TestInvoker.invokeMethod(TestInvoker.java:598)
at org.testng.internal.TestInvoker.invokeTestMethod(TestInvoker.java:173)
at org.testng.internal.MethodRunner.runInSequence(MethodRunner.java:46)
at org.testng.internal.TestInvoker$MethodInvocationAgent.invoke(TestInvoker.java:824)
at org.testng.internal.TestInvoker.invokeTestMethods(TestInvoker.java:146)
at org.testng.internal.TestMethodWorker.invokeTestMethods(TestMethodWorker.java:146)
at org.testng.internal.TestMethodWorker.run(TestMethodWorker.java:128)
at java.base/java.util.ArrayList.forEach(ArrayList.java:1511)
at org.testng.TestRunner.privateRun(TestRunner.java:794)
at org.testng.TestRunner.run(TestRunner.java:596)
at org.testng.SuiteRunner.runTest(SuiteRunner.java:377)
at org.testng.SuiteRunner.runSequentially(SuiteRunner.java:371)
at org.testng.SuiteRunner.privateRun(SuiteRunner.java:332)
at org.testng.SuiteRunner.run(SuiteRunner.java:276)
at org.testng.SuiteRunnerWorker.runSuite(SuiteRunnerWorker.java:53)
at org.testng.SuiteRunnerWorker.run(SuiteRunnerWorker.java:96)
at org.testng.TestNG.runSuitesSequentially(TestNG.java:1212)
at org.testng.TestNG.runSuitesLocally(TestNG.java:1134)
at org.testng.TestNG.runSuites(TestNG.java:1063)
at org.testng.TestNG.run(TestNG.java:1031)
at org.testng.remote.AbstractRemoteTestNG.run(AbstractRemoteTestNG.java:115)
at org.testng.remote.RemoteTestNG.initAndRun(RemoteTestNG.java:251)
at org.testng.remote.RemoteTestNG.main(RemoteTestNG.java:77)
]]>
    </failure>
  </testcase> <!-- Testcase_RowCount_validation -->
  <system-out>
    <![CDATA[Executing Snowflake query :: SELECT count(*) as TOTAL FROM DEV_ENT_RAW.ST_BILLFENWICK_MATILLION.MATERIALVENDOR
Table Count in Snowflake:: 165674
Executing Snowflake query :: select count(*) as TOTAL from CURATED_DATAMART.ST_BKP_BILLFENWICK.STR_MATERIALVENDOR Where ACTIVE_FLAG='Y'
Table Count in Snowflake:: 165496
Executing Snowflake query :: select count(*) as TOTAL from DEV_ENT_CURATED.MASTER_DIMENSIONS.DIM_MATERIALVENDOR where tenant_type='BILLFENWICK' and RECORD_UPDATED_BY='Backup Table'
Table Count in Snowflake:: 160697
Row Count of Table MATERIALVENDOR is not matched for RAW :: 165674 DataMart :: 165496 CURATED :: 160697]]>
  </system-out>
  <testcase classname="testcases.RAW_DATAMART_CURATED.SnowFlake_RowCount_Master" name="Testcase_RowCount_validation" time="1.738">
    <failure message="The following asserts failed:
	null" type="java.lang.AssertionError">
      <![CDATA[java.lang.AssertionError: The following asserts failed:
null
at org.testng.asserts.SoftAssert.assertAll(SoftAssert.java:47)
at org.testng.asserts.SoftAssert.assertAll(SoftAssert.java:31)
at testcases.RAW_DATAMART_CURATED.SnowFlake_RowCount_Master.validate_RowCount_BKP(SnowFlake_RowCount_Master.java:56)
at testcases.RAW_DATAMART_CURATED.SnowFlake_RowCount_Master.Testcase_RowCount_validation(SnowFlake_RowCount_Master.java:25)
at jdk.internal.reflect.GeneratedMethodAccessor13.invoke(Unknown Source)
at java.base/jdk.internal.reflect.DelegatingMethodAccessorImpl.invoke(DelegatingMethodAccessorImpl.java:43)
at java.base/java.lang.reflect.Method.invoke(Method.java:568)
at org.testng.internal.MethodInvocationHelper.invokeMethod(MethodInvocationHelper.java:133)
at org.testng.internal.TestInvoker.invokeMethod(TestInvoker.java:598)
at org.testng.internal.TestInvoker.invokeTestMethod(TestInvoker.java:173)
at org.testng.internal.MethodRunner.runInSequence(MethodRunner.java:46)
at org.testng.internal.TestInvoker$MethodInvocationAgent.invoke(TestInvoker.java:824)
at org.testng.internal.TestInvoker.invokeTestMethods(TestInvoker.java:146)
at org.testng.internal.TestMethodWorker.invokeTestMethods(TestMethodWorker.java:146)
at org.testng.internal.TestMethodWorker.run(TestMethodWorker.java:128)
at java.base/java.util.ArrayList.forEach(ArrayList.java:1511)
at org.testng.TestRunner.privateRun(TestRunner.java:794)
at org.testng.TestRunner.run(TestRunner.java:596)
at org.testng.SuiteRunner.runTest(SuiteRunner.java:377)
at org.testng.SuiteRunner.runSequentially(SuiteRunner.java:371)
at org.testng.SuiteRunner.privateRun(SuiteRunner.java:332)
at org.testng.SuiteRunner.run(SuiteRunner.java:276)
at org.testng.SuiteRunnerWorker.runSuite(SuiteRunnerWorker.java:53)
at org.testng.SuiteRunnerWorker.run(SuiteRunnerWorker.java:96)
at org.testng.TestNG.runSuitesSequentially(TestNG.java:1212)
at org.testng.TestNG.runSuitesLocally(TestNG.java:1134)
at org.testng.TestNG.runSuites(TestNG.java:1063)
at org.testng.TestNG.run(TestNG.java:1031)
at org.testng.remote.AbstractRemoteTestNG.run(AbstractRemoteTestNG.java:115)
at org.testng.remote.RemoteTestNG.initAndRun(RemoteTestNG.java:251)
at org.testng.remote.RemoteTestNG.main(RemoteTestNG.java:77)
]]>
    </failure>
  </testcase> <!-- Testcase_RowCount_validation -->
  <system-out>
    <![CDATA[Executing Snowflake query :: SELECT count(*) as TOTAL FROM DEV_ENT_RAW.ST_FOURPROS_MATILLION.MATERIALVENDOR
Table Count in Snowflake:: 33046
Executing Snowflake query :: select count(*) as TOTAL from CURATED_DATAMART.ST_BKP_FOURPROS.STR_MATERIALVENDOR Where ACTIVE_FLAG='Y'
Table Count in Snowflake:: 33045
Executing Snowflake query :: select count(*) as TOTAL from DEV_ENT_CURATED.MASTER_DIMENSIONS.DIM_MATERIALVENDOR where tenant_type='FOURPROS' and RECORD_UPDATED_BY='Backup Table'
Table Count in Snowflake:: 16349
Row Count of Table MATERIALVENDOR is not matched for RAW :: 33046 DataMart :: 33045 CURATED :: 16349]]>
  </system-out>
  <testcase classname="testcases.RAW_DATAMART_CURATED.SnowFlake_RowCount_Master" name="Testcase_RowCount_validation" time="1.656">
    <failure message="The following asserts failed:
	null,
	null" type="java.lang.AssertionError">
      <![CDATA[java.lang.AssertionError: The following asserts failed:
null,
null
at org.testng.asserts.SoftAssert.assertAll(SoftAssert.java:47)
at org.testng.asserts.SoftAssert.assertAll(SoftAssert.java:31)
at testcases.RAW_DATAMART_CURATED.SnowFlake_RowCount_Master.validate_RowCount_BKP(SnowFlake_RowCount_Master.java:56)
at testcases.RAW_DATAMART_CURATED.SnowFlake_RowCount_Master.Testcase_RowCount_validation(SnowFlake_RowCount_Master.java:25)
at jdk.internal.reflect.GeneratedMethodAccessor13.invoke(Unknown Source)
at java.base/jdk.internal.reflect.DelegatingMethodAccessorImpl.invoke(DelegatingMethodAccessorImpl.java:43)
at java.base/java.lang.reflect.Method.invoke(Method.java:568)
at org.testng.internal.MethodInvocationHelper.invokeMethod(MethodInvocationHelper.java:133)
at org.testng.internal.TestInvoker.invokeMethod(TestInvoker.java:598)
at org.testng.internal.TestInvoker.invokeTestMethod(TestInvoker.java:173)
at org.testng.internal.MethodRunner.runInSequence(MethodRunner.java:46)
at org.testng.internal.TestInvoker$MethodInvocationAgent.invoke(TestInvoker.java:824)
at org.testng.internal.TestInvoker.invokeTestMethods(TestInvoker.java:146)
at org.testng.internal.TestMethodWorker.invokeTestMethods(TestMethodWorker.java:146)
at org.testng.internal.TestMethodWorker.run(TestMethodWorker.java:128)
at java.base/java.util.ArrayList.forEach(ArrayList.java:1511)
at org.testng.TestRunner.privateRun(TestRunner.java:794)
at org.testng.TestRunner.run(TestRunner.java:596)
at org.testng.SuiteRunner.runTest(SuiteRunner.java:377)
at org.testng.SuiteRunner.runSequentially(SuiteRunner.java:371)
at org.testng.SuiteRunner.privateRun(SuiteRunner.java:332)
at org.testng.SuiteRunner.run(SuiteRunner.java:276)
at org.testng.SuiteRunnerWorker.runSuite(SuiteRunnerWorker.java:53)
at org.testng.SuiteRunnerWorker.run(SuiteRunnerWorker.java:96)
at org.testng.TestNG.runSuitesSequentially(TestNG.java:1212)
at org.testng.TestNG.runSuitesLocally(TestNG.java:1134)
at org.testng.TestNG.runSuites(TestNG.java:1063)
at org.testng.TestNG.run(TestNG.java:1031)
at org.testng.remote.AbstractRemoteTestNG.run(AbstractRemoteTestNG.java:115)
at org.testng.remote.RemoteTestNG.initAndRun(RemoteTestNG.java:251)
at org.testng.remote.RemoteTestNG.main(RemoteTestNG.java:77)
]]>
    </failure>
  </testcase> <!-- Testcase_RowCount_validation -->
  <system-out>
    <![CDATA[Executing Snowflake query :: SELECT count(*) as TOTAL FROM DEV_ENT_RAW.ST_HORIZONSERVICES_MATILLION.NONJOBAPPOINTMENT
Snowflake - SQLException at readDB() method :: SQL compilation error:
Object 'DEV_ENT_RAW.ST_HORIZONSERVICES_MATILLION.NONJOBAPPOINTMENT' does not exist or not authorized.
Executing Snowflake query :: select count(*) as TOTAL from CURATED_DATAMART.ST_BKP_HORIZONSERVICES.STR_NONJOBAPPOINTMENT Where ACTIVE_FLAG='Y'
Table Count in Snowflake:: 584872
Executing Snowflake query :: select count(*) as TOTAL from DEV_ENT_CURATED.MASTER_DIMENSIONS.DIM_NONJOBAPPOINTMENT where tenant_type='HORIZONSERVICES' and RECORD_UPDATED_BY='Backup Table'
Table Count in Snowflake:: 579372
Row Count of Table NONJOBAPPOINTMENT is not matched for RAW :: 0 DataMart :: 584872 CURATED :: 579372]]>
  </system-out>
  <testcase classname="testcases.RAW_DATAMART_CURATED.SnowFlake_RowCount_Master" name="Testcase_RowCount_validation" time="2.559">
    <failure message="The following asserts failed:
	null" type="java.lang.AssertionError">
      <![CDATA[java.lang.AssertionError: The following asserts failed:
null
at org.testng.asserts.SoftAssert.assertAll(SoftAssert.java:47)
at org.testng.asserts.SoftAssert.assertAll(SoftAssert.java:31)
at testcases.RAW_DATAMART_CURATED.SnowFlake_RowCount_Master.validate_RowCount_BKP(SnowFlake_RowCount_Master.java:56)
at testcases.RAW_DATAMART_CURATED.SnowFlake_RowCount_Master.Testcase_RowCount_validation(SnowFlake_RowCount_Master.java:25)
at jdk.internal.reflect.GeneratedMethodAccessor13.invoke(Unknown Source)
at java.base/jdk.internal.reflect.DelegatingMethodAccessorImpl.invoke(DelegatingMethodAccessorImpl.java:43)
at java.base/java.lang.reflect.Method.invoke(Method.java:568)
at org.testng.internal.MethodInvocationHelper.invokeMethod(MethodInvocationHelper.java:133)
at org.testng.internal.TestInvoker.invokeMethod(TestInvoker.java:598)
at org.testng.internal.TestInvoker.invokeTestMethod(TestInvoker.java:173)
at org.testng.internal.MethodRunner.runInSequence(MethodRunner.java:46)
at org.testng.internal.TestInvoker$MethodInvocationAgent.invoke(TestInvoker.java:824)
at org.testng.internal.TestInvoker.invokeTestMethods(TestInvoker.java:146)
at org.testng.internal.TestMethodWorker.invokeTestMethods(TestMethodWorker.java:146)
at org.testng.internal.TestMethodWorker.run(TestMethodWorker.java:128)
at java.base/java.util.ArrayList.forEach(ArrayList.java:1511)
at org.testng.TestRunner.privateRun(TestRunner.java:794)
at org.testng.TestRunner.run(TestRunner.java:596)
at org.testng.SuiteRunner.runTest(SuiteRunner.java:377)
at org.testng.SuiteRunner.runSequentially(SuiteRunner.java:371)
at org.testng.SuiteRunner.privateRun(SuiteRunner.java:332)
at org.testng.SuiteRunner.run(SuiteRunner.java:276)
at org.testng.SuiteRunnerWorker.runSuite(SuiteRunnerWorker.java:53)
at org.testng.SuiteRunnerWorker.run(SuiteRunnerWorker.java:96)
at org.testng.TestNG.runSuitesSequentially(TestNG.java:1212)
at org.testng.TestNG.runSuitesLocally(TestNG.java:1134)
at org.testng.TestNG.runSuites(TestNG.java:1063)
at org.testng.TestNG.run(TestNG.java:1031)
at org.testng.remote.AbstractRemoteTestNG.run(AbstractRemoteTestNG.java:115)
at org.testng.remote.RemoteTestNG.initAndRun(RemoteTestNG.java:251)
at org.testng.remote.RemoteTestNG.main(RemoteTestNG.java:77)
]]>
    </failure>
  </testcase> <!-- Testcase_RowCount_validation -->
  <system-out>
    <![CDATA[Executing Snowflake query :: SELECT count(*) as TOTAL FROM DEV_ENT_RAW.ST_FOURPROS_MATILLION.EMPLOYEE
Table Count in Snowflake:: 135
Executing Snowflake query :: select count(*) as TOTAL from CURATED_DATAMART.ST_BKP_FOURPROS.STR_EMPLOYEE Where ACTIVE_FLAG='Y'
Table Count in Snowflake:: 133
Executing Snowflake query :: select count(*) as TOTAL from DEV_ENT_CURATED.MASTER_DIMENSIONS.DIM_EMPLOYEE where tenant_type='FOURPROS' and RECORD_UPDATED_BY='Backup Table'
Table Count in Snowflake:: 119
Row Count of Table EMPLOYEE is not matched for RAW :: 135 DataMart :: 133 CURATED :: 119]]>
  </system-out>
  <testcase classname="testcases.RAW_DATAMART_CURATED.SnowFlake_RowCount_Master" name="Testcase_RowCount_validation" time="1.424">
    <failure message="The following asserts failed:
	null" type="java.lang.AssertionError">
      <![CDATA[java.lang.AssertionError: The following asserts failed:
null
at org.testng.asserts.SoftAssert.assertAll(SoftAssert.java:47)
at org.testng.asserts.SoftAssert.assertAll(SoftAssert.java:31)
at testcases.RAW_DATAMART_CURATED.SnowFlake_RowCount_Master.validate_RowCount_API(SnowFlake_RowCount_Master.java:115)
at testcases.RAW_DATAMART_CURATED.SnowFlake_RowCount_Master.Testcase_RowCount_validation(SnowFlake_RowCount_Master.java:28)
at jdk.internal.reflect.GeneratedMethodAccessor13.invoke(Unknown Source)
at java.base/jdk.internal.reflect.DelegatingMethodAccessorImpl.invoke(DelegatingMethodAccessorImpl.java:43)
at java.base/java.lang.reflect.Method.invoke(Method.java:568)
at org.testng.internal.MethodInvocationHelper.invokeMethod(MethodInvocationHelper.java:133)
at org.testng.internal.TestInvoker.invokeMethod(TestInvoker.java:598)
at org.testng.internal.TestInvoker.invokeTestMethod(TestInvoker.java:173)
at org.testng.internal.MethodRunner.runInSequence(MethodRunner.java:46)
at org.testng.internal.TestInvoker$MethodInvocationAgent.invoke(TestInvoker.java:824)
at org.testng.internal.TestInvoker.invokeTestMethods(TestInvoker.java:146)
at org.testng.internal.TestMethodWorker.invokeTestMethods(TestMethodWorker.java:146)
at org.testng.internal.TestMethodWorker.run(TestMethodWorker.java:128)
at java.base/java.util.ArrayList.forEach(ArrayList.java:1511)
at org.testng.TestRunner.privateRun(TestRunner.java:794)
at org.testng.TestRunner.run(TestRunner.java:596)
at org.testng.SuiteRunner.runTest(SuiteRunner.java:377)
at org.testng.SuiteRunner.runSequentially(SuiteRunner.java:371)
at org.testng.SuiteRunner.privateRun(SuiteRunner.java:332)
at org.testng.SuiteRunner.run(SuiteRunner.java:276)
at org.testng.SuiteRunnerWorker.runSuite(SuiteRunnerWorker.java:53)
at org.testng.SuiteRunnerWorker.run(SuiteRunnerWorker.java:96)
at org.testng.TestNG.runSuitesSequentially(TestNG.java:1212)
at org.testng.TestNG.runSuitesLocally(TestNG.java:1134)
at org.testng.TestNG.runSuites(TestNG.java:1063)
at org.testng.TestNG.run(TestNG.java:1031)
at org.testng.remote.AbstractRemoteTestNG.run(AbstractRemoteTestNG.java:115)
at org.testng.remote.RemoteTestNG.initAndRun(RemoteTestNG.java:251)
at org.testng.remote.RemoteTestNG.main(RemoteTestNG.java:77)
]]>
    </failure>
  </testcase> <!-- Testcase_RowCount_validation -->
  <system-out>
    <![CDATA[Executing Snowflake query :: SELECT count(*) as TOTAL FROM DEV_ENT_RAW.API_MAT.ST_API_CONTACT WHERE TENANT_NAME='CASTEEL'
Table Count in Snowflake:: 458357
Executing Snowflake query :: select count(*) as TOTAL from CURATED_DATAMART.ST_API_CASTEEL.STR_API_CONTACT WHERE ACTIVE_FLAG='Y'
Table Count in Snowflake:: 10646
Executing Snowflake query :: select count(*) as TOTAL from DEV_ENT_CURATED.MASTER_DIMENSIONS.DIM_CONTACT WHERE TENANT_TYPE='CASTEEL' and RECORD_UPDATED_BY='API ETL'
Table Count in Snowflake:: 10646
Row Count of Table CONTACT is not matched for APIMAT :: 458357 DataMart :: 10646
Row Count of Table CONTACT is matched for DataMart :: 10646 CURATED :: 10646]]>
  </system-out>
  <testcase classname="testcases.RAW_DATAMART_CURATED.SnowFlake_RowCount_Master" name="Testcase_RowCount_validation" time="1.740">
    <failure message="The following asserts failed:
	null" type="java.lang.AssertionError">
      <![CDATA[java.lang.AssertionError: The following asserts failed:
null
at org.testng.asserts.SoftAssert.assertAll(SoftAssert.java:47)
at org.testng.asserts.SoftAssert.assertAll(SoftAssert.java:31)
at testcases.RAW_DATAMART_CURATED.SnowFlake_RowCount_Master.validate_RowCount_BKP(SnowFlake_RowCount_Master.java:56)
at testcases.RAW_DATAMART_CURATED.SnowFlake_RowCount_Master.Testcase_RowCount_validation(SnowFlake_RowCount_Master.java:25)
at jdk.internal.reflect.GeneratedMethodAccessor13.invoke(Unknown Source)
at java.base/jdk.internal.reflect.DelegatingMethodAccessorImpl.invoke(DelegatingMethodAccessorImpl.java:43)
at java.base/java.lang.reflect.Method.invoke(Method.java:568)
at org.testng.internal.MethodInvocationHelper.invokeMethod(MethodInvocationHelper.java:133)
at org.testng.internal.TestInvoker.invokeMethod(TestInvoker.java:598)
at org.testng.internal.TestInvoker.invokeTestMethod(TestInvoker.java:173)
at org.testng.internal.MethodRunner.runInSequence(MethodRunner.java:46)
at org.testng.internal.TestInvoker$MethodInvocationAgent.invoke(TestInvoker.java:824)
at org.testng.internal.TestInvoker.invokeTestMethods(TestInvoker.java:146)
at org.testng.internal.TestMethodWorker.invokeTestMethods(TestMethodWorker.java:146)
at org.testng.internal.TestMethodWorker.run(TestMethodWorker.java:128)
at java.base/java.util.ArrayList.forEach(ArrayList.java:1511)
at org.testng.TestRunner.privateRun(TestRunner.java:794)
at org.testng.TestRunner.run(TestRunner.java:596)
at org.testng.SuiteRunner.runTest(SuiteRunner.java:377)
at org.testng.SuiteRunner.runSequentially(SuiteRunner.java:371)
at org.testng.SuiteRunner.privateRun(SuiteRunner.java:332)
at org.testng.SuiteRunner.run(SuiteRunner.java:276)
at org.testng.SuiteRunnerWorker.runSuite(SuiteRunnerWorker.java:53)
at org.testng.SuiteRunnerWorker.run(SuiteRunnerWorker.java:96)
at org.testng.TestNG.runSuitesSequentially(TestNG.java:1212)
at org.testng.TestNG.runSuitesLocally(TestNG.java:1134)
at org.testng.TestNG.runSuites(TestNG.java:1063)
at org.testng.TestNG.run(TestNG.java:1031)
at org.testng.remote.AbstractRemoteTestNG.run(AbstractRemoteTestNG.java:115)
at org.testng.remote.RemoteTestNG.initAndRun(RemoteTestNG.java:251)
at org.testng.remote.RemoteTestNG.main(RemoteTestNG.java:77)
]]>
    </failure>
  </testcase> <!-- Testcase_RowCount_validation -->
  <system-out>
    <![CDATA[Executing Snowflake query :: SELECT count(*) as TOTAL FROM DEV_ENT_RAW.ST_HUTCHINSON_MATILLION.PAYMENTSPLIT
Table Count in Snowflake:: 721334
Executing Snowflake query :: select count(*) as TOTAL from CURATED_DATAMART.ST_BKP_HUTCHINSON.STR_PAYMENTSPLIT Where ACTIVE_FLAG='Y'
Table Count in Snowflake:: 720951
Executing Snowflake query :: select count(*) as TOTAL from DEV_ENT_CURATED.MASTER_DIMENSIONS.DIM_PAYMENTSPLIT where tenant_type='HUTCHINSON' and RECORD_UPDATED_BY='Backup Table'
Table Count in Snowflake:: 720951
Row Count of Table PAYMENTSPLIT is not matched for RAW :: 721334 DataMart :: 720951 CURATED :: 720951]]>
  </system-out>
  <testcase classname="testcases.RAW_DATAMART_CURATED.SnowFlake_RowCount_Master" name="Testcase_RowCount_validation" time="1.436">
    <failure message="The following asserts failed:
	null" type="java.lang.AssertionError">
      <![CDATA[java.lang.AssertionError: The following asserts failed:
null
at org.testng.asserts.SoftAssert.assertAll(SoftAssert.java:47)
at org.testng.asserts.SoftAssert.assertAll(SoftAssert.java:31)
at testcases.RAW_DATAMART_CURATED.SnowFlake_RowCount_Master.validate_RowCount_BKP(SnowFlake_RowCount_Master.java:56)
at testcases.RAW_DATAMART_CURATED.SnowFlake_RowCount_Master.Testcase_RowCount_validation(SnowFlake_RowCount_Master.java:25)
at jdk.internal.reflect.GeneratedMethodAccessor13.invoke(Unknown Source)
at java.base/jdk.internal.reflect.DelegatingMethodAccessorImpl.invoke(DelegatingMethodAccessorImpl.java:43)
at java.base/java.lang.reflect.Method.invoke(Method.java:568)
at org.testng.internal.MethodInvocationHelper.invokeMethod(MethodInvocationHelper.java:133)
at org.testng.internal.TestInvoker.invokeMethod(TestInvoker.java:598)
at org.testng.internal.TestInvoker.invokeTestMethod(TestInvoker.java:173)
at org.testng.internal.MethodRunner.runInSequence(MethodRunner.java:46)
at org.testng.internal.TestInvoker$MethodInvocationAgent.invoke(TestInvoker.java:824)
at org.testng.internal.TestInvoker.invokeTestMethods(TestInvoker.java:146)
at org.testng.internal.TestMethodWorker.invokeTestMethods(TestMethodWorker.java:146)
at org.testng.internal.TestMethodWorker.run(TestMethodWorker.java:128)
at java.base/java.util.ArrayList.forEach(ArrayList.java:1511)
at org.testng.TestRunner.privateRun(TestRunner.java:794)
at org.testng.TestRunner.run(TestRunner.java:596)
at org.testng.SuiteRunner.runTest(SuiteRunner.java:377)
at org.testng.SuiteRunner.runSequentially(SuiteRunner.java:371)
at org.testng.SuiteRunner.privateRun(SuiteRunner.java:332)
at org.testng.SuiteRunner.run(SuiteRunner.java:276)
at org.testng.SuiteRunnerWorker.runSuite(SuiteRunnerWorker.java:53)
at org.testng.SuiteRunnerWorker.run(SuiteRunnerWorker.java:96)
at org.testng.TestNG.runSuitesSequentially(TestNG.java:1212)
at org.testng.TestNG.runSuitesLocally(TestNG.java:1134)
at org.testng.TestNG.runSuites(TestNG.java:1063)
at org.testng.TestNG.run(TestNG.java:1031)
at org.testng.remote.AbstractRemoteTestNG.run(AbstractRemoteTestNG.java:115)
at org.testng.remote.RemoteTestNG.initAndRun(RemoteTestNG.java:251)
at org.testng.remote.RemoteTestNG.main(RemoteTestNG.java:77)
]]>
    </failure>
  </testcase> <!-- Testcase_RowCount_validation -->
  <system-out>
    <![CDATA[Executing Snowflake query :: SELECT count(*) as TOTAL FROM DEV_ENT_RAW.ST_SNELLHEATINGAIR_MATILLION.TECHNICIANPAYROLL
Table Count in Snowflake:: 0
Executing Snowflake query :: select count(*) as TOTAL from CURATED_DATAMART.ST_BKP_SNELLHEATINGAIR.STR_TECHNICIANPAYROLL Where ACTIVE_FLAG='Y'
Table Count in Snowflake:: 0
Executing Snowflake query :: select count(*) as TOTAL from DEV_ENT_CURATED.MASTER_DIMENSIONS.DIM_TECHNICIANPAYROLL where tenant_type='SNELLHEATINGAIR' and RECORD_UPDATED_BY='Backup Table'
Snowflake - SQLException at readDB() method :: SQL compilation error: error line 1 at position 126
invalid identifier 'RECORD_UPDATED_BY'
Row Count of Table TECHNICIANPAYROLL is matched for RAW :: 0 DataMart :: 0 CURATED :: 0]]>
  </system-out>
  <testcase classname="testcases.RAW_DATAMART_CURATED.SnowFlake_RowCount_Master" name="Testcase_RowCount_validation" time="2.262">
    <failure message="The following asserts failed:
	null" type="java.lang.AssertionError">
      <![CDATA[java.lang.AssertionError: The following asserts failed:
null
at org.testng.asserts.SoftAssert.assertAll(SoftAssert.java:47)
at org.testng.asserts.SoftAssert.assertAll(SoftAssert.java:31)
at testcases.RAW_DATAMART_CURATED.SnowFlake_RowCount_Master.validate_RowCount_BKP(SnowFlake_RowCount_Master.java:56)
at testcases.RAW_DATAMART_CURATED.SnowFlake_RowCount_Master.Testcase_RowCount_validation(SnowFlake_RowCount_Master.java:25)
at jdk.internal.reflect.GeneratedMethodAccessor13.invoke(Unknown Source)
at java.base/jdk.internal.reflect.DelegatingMethodAccessorImpl.invoke(DelegatingMethodAccessorImpl.java:43)
at java.base/java.lang.reflect.Method.invoke(Method.java:568)
at org.testng.internal.MethodInvocationHelper.invokeMethod(MethodInvocationHelper.java:133)
at org.testng.internal.TestInvoker.invokeMethod(TestInvoker.java:598)
at org.testng.internal.TestInvoker.invokeTestMethod(TestInvoker.java:173)
at org.testng.internal.MethodRunner.runInSequence(MethodRunner.java:46)
at org.testng.internal.TestInvoker$MethodInvocationAgent.invoke(TestInvoker.java:824)
at org.testng.internal.TestInvoker.invokeTestMethods(TestInvoker.java:146)
at org.testng.internal.TestMethodWorker.invokeTestMethods(TestMethodWorker.java:146)
at org.testng.internal.TestMethodWorker.run(TestMethodWorker.java:128)
at java.base/java.util.ArrayList.forEach(ArrayList.java:1511)
at org.testng.TestRunner.privateRun(TestRunner.java:794)
at org.testng.TestRunner.run(TestRunner.java:596)
at org.testng.SuiteRunner.runTest(SuiteRunner.java:377)
at org.testng.SuiteRunner.runSequentially(SuiteRunner.java:371)
at org.testng.SuiteRunner.privateRun(SuiteRunner.java:332)
at org.testng.SuiteRunner.run(SuiteRunner.java:276)
at org.testng.SuiteRunnerWorker.runSuite(SuiteRunnerWorker.java:53)
at org.testng.SuiteRunnerWorker.run(SuiteRunnerWorker.java:96)
at org.testng.TestNG.runSuitesSequentially(TestNG.java:1212)
at org.testng.TestNG.runSuitesLocally(TestNG.java:1134)
at org.testng.TestNG.runSuites(TestNG.java:1063)
at org.testng.TestNG.run(TestNG.java:1031)
at org.testng.remote.AbstractRemoteTestNG.run(AbstractRemoteTestNG.java:115)
at org.testng.remote.RemoteTestNG.initAndRun(RemoteTestNG.java:251)
at org.testng.remote.RemoteTestNG.main(RemoteTestNG.java:77)
]]>
    </failure>
  </testcase> <!-- Testcase_RowCount_validation -->
  <system-out>
    <![CDATA[Executing Snowflake query :: SELECT count(*) as TOTAL FROM DEV_ENT_RAW.ST_HARP_MATILLION.MATERIAL
Table Count in Snowflake:: 11208
Executing Snowflake query :: select count(*) as TOTAL from CURATED_DATAMART.ST_BKP_HARP.STR_MATERIAL Where ACTIVE_FLAG='Y'
Table Count in Snowflake:: 11202
Executing Snowflake query :: select count(*) as TOTAL from DEV_ENT_CURATED.MASTER_DIMENSIONS.DIM_MATERIAL where tenant_type='HARP' and RECORD_UPDATED_BY='Backup Table'
Table Count in Snowflake:: 27654
Row Count of Table MATERIAL is not matched for RAW :: 11208 DataMart :: 11202 CURATED :: 27654]]>
  </system-out>
  <testcase classname="testcases.RAW_DATAMART_CURATED.SnowFlake_RowCount_Master" name="Testcase_RowCount_validation" time="2.291">
    <failure message="The following asserts failed:
	null" type="java.lang.AssertionError">
      <![CDATA[java.lang.AssertionError: The following asserts failed:
null
at org.testng.asserts.SoftAssert.assertAll(SoftAssert.java:47)
at org.testng.asserts.SoftAssert.assertAll(SoftAssert.java:31)
at testcases.RAW_DATAMART_CURATED.SnowFlake_RowCount_Master.validate_RowCount_BKP(SnowFlake_RowCount_Master.java:56)
at testcases.RAW_DATAMART_CURATED.SnowFlake_RowCount_Master.Testcase_RowCount_validation(SnowFlake_RowCount_Master.java:25)
at jdk.internal.reflect.GeneratedMethodAccessor13.invoke(Unknown Source)
at java.base/jdk.internal.reflect.DelegatingMethodAccessorImpl.invoke(DelegatingMethodAccessorImpl.java:43)
at java.base/java.lang.reflect.Method.invoke(Method.java:568)
at org.testng.internal.MethodInvocationHelper.invokeMethod(MethodInvocationHelper.java:133)
at org.testng.internal.TestInvoker.invokeMethod(TestInvoker.java:598)
at org.testng.internal.TestInvoker.invokeTestMethod(TestInvoker.java:173)
at org.testng.internal.MethodRunner.runInSequence(MethodRunner.java:46)
at org.testng.internal.TestInvoker$MethodInvocationAgent.invoke(TestInvoker.java:824)
at org.testng.internal.TestInvoker.invokeTestMethods(TestInvoker.java:146)
at org.testng.internal.TestMethodWorker.invokeTestMethods(TestMethodWorker.java:146)
at org.testng.internal.TestMethodWorker.run(TestMethodWorker.java:128)
at java.base/java.util.ArrayList.forEach(ArrayList.java:1511)
at org.testng.TestRunner.privateRun(TestRunner.java:794)
at org.testng.TestRunner.run(TestRunner.java:596)
at org.testng.SuiteRunner.runTest(SuiteRunner.java:377)
at org.testng.SuiteRunner.runSequentially(SuiteRunner.java:371)
at org.testng.SuiteRunner.privateRun(SuiteRunner.java:332)
at org.testng.SuiteRunner.run(SuiteRunner.java:276)
at org.testng.SuiteRunnerWorker.runSuite(SuiteRunnerWorker.java:53)
at org.testng.SuiteRunnerWorker.run(SuiteRunnerWorker.java:96)
at org.testng.TestNG.runSuitesSequentially(TestNG.java:1212)
at org.testng.TestNG.runSuitesLocally(TestNG.java:1134)
at org.testng.TestNG.runSuites(TestNG.java:1063)
at org.testng.TestNG.run(TestNG.java:1031)
at org.testng.remote.AbstractRemoteTestNG.run(AbstractRemoteTestNG.java:115)
at org.testng.remote.RemoteTestNG.initAndRun(RemoteTestNG.java:251)
at org.testng.remote.RemoteTestNG.main(RemoteTestNG.java:77)
]]>
    </failure>
  </testcase> <!-- Testcase_RowCount_validation -->
  <system-out>
    <![CDATA[Executing Snowflake query :: SELECT count(*) as TOTAL FROM DEV_ENT_RAW.ST_GOLDMEDAL_MATILLION.PURCHASEORDER
Table Count in Snowflake:: 232790
Executing Snowflake query :: select count(*) as TOTAL from CURATED_DATAMART.ST_BKP_GOLDMEDAL.STR_PURCHASEORDER Where ACTIVE_FLAG='Y'
Table Count in Snowflake:: 465133
Executing Snowflake query :: select count(*) as TOTAL from DEV_ENT_CURATED.MASTER_DIMENSIONS.DIM_PURCHASEORDER where tenant_type='GOLDMEDAL' and RECORD_UPDATED_BY='Backup Table'
Table Count in Snowflake:: 232218
Row Count of Table PURCHASEORDER is not matched for RAW :: 232790 DataMart :: 465133 CURATED :: 232218]]>
  </system-out>
  <testcase classname="testcases.RAW_DATAMART_CURATED.SnowFlake_RowCount_Master" name="Testcase_RowCount_validation" time="1.331">
    <failure message="The following asserts failed:
	null" type="java.lang.AssertionError">
      <![CDATA[java.lang.AssertionError: The following asserts failed:
null
at org.testng.asserts.SoftAssert.assertAll(SoftAssert.java:47)
at org.testng.asserts.SoftAssert.assertAll(SoftAssert.java:31)
at testcases.RAW_DATAMART_CURATED.SnowFlake_RowCount_Master.validate_RowCount_BKP(SnowFlake_RowCount_Master.java:56)
at testcases.RAW_DATAMART_CURATED.SnowFlake_RowCount_Master.Testcase_RowCount_validation(SnowFlake_RowCount_Master.java:25)
at jdk.internal.reflect.GeneratedMethodAccessor13.invoke(Unknown Source)
at java.base/jdk.internal.reflect.DelegatingMethodAccessorImpl.invoke(DelegatingMethodAccessorImpl.java:43)
at java.base/java.lang.reflect.Method.invoke(Method.java:568)
at org.testng.internal.MethodInvocationHelper.invokeMethod(MethodInvocationHelper.java:133)
at org.testng.internal.TestInvoker.invokeMethod(TestInvoker.java:598)
at org.testng.internal.TestInvoker.invokeTestMethod(TestInvoker.java:173)
at org.testng.internal.MethodRunner.runInSequence(MethodRunner.java:46)
at org.testng.internal.TestInvoker$MethodInvocationAgent.invoke(TestInvoker.java:824)
at org.testng.internal.TestInvoker.invokeTestMethods(TestInvoker.java:146)
at org.testng.internal.TestMethodWorker.invokeTestMethods(TestMethodWorker.java:146)
at org.testng.internal.TestMethodWorker.run(TestMethodWorker.java:128)
at java.base/java.util.ArrayList.forEach(ArrayList.java:1511)
at org.testng.TestRunner.privateRun(TestRunner.java:794)
at org.testng.TestRunner.run(TestRunner.java:596)
at org.testng.SuiteRunner.runTest(SuiteRunner.java:377)
at org.testng.SuiteRunner.runSequentially(SuiteRunner.java:371)
at org.testng.SuiteRunner.privateRun(SuiteRunner.java:332)
at org.testng.SuiteRunner.run(SuiteRunner.java:276)
at org.testng.SuiteRunnerWorker.runSuite(SuiteRunnerWorker.java:53)
at org.testng.SuiteRunnerWorker.run(SuiteRunnerWorker.java:96)
at org.testng.TestNG.runSuitesSequentially(TestNG.java:1212)
at org.testng.TestNG.runSuitesLocally(TestNG.java:1134)
at org.testng.TestNG.runSuites(TestNG.java:1063)
at org.testng.TestNG.run(TestNG.java:1031)
at org.testng.remote.AbstractRemoteTestNG.run(AbstractRemoteTestNG.java:115)
at org.testng.remote.RemoteTestNG.initAndRun(RemoteTestNG.java:251)
at org.testng.remote.RemoteTestNG.main(RemoteTestNG.java:77)
]]>
    </failure>
  </testcase> <!-- Testcase_RowCount_validation -->
  <system-out>
    <![CDATA[Executing Snowflake query :: SELECT count(*) as TOTAL FROM DEV_ENT_RAW.ST_MAITZ_MATILLION.JOBTYPE
Table Count in Snowflake:: 245
Executing Snowflake query :: select count(*) as TOTAL from CURATED_DATAMART.ST_BKP_MAITZ.STR_JOBTYPE Where ACTIVE_FLAG='Y'
Table Count in Snowflake:: 245
Executing Snowflake query :: select count(*) as TOTAL from DEV_ENT_CURATED.MASTER_DIMENSIONS.DIM_JOBTYPE where tenant_type='MAITZ' and RECORD_UPDATED_BY='Backup Table'
Table Count in Snowflake:: 0
Row Count of Table JOBTYPE is not matched for RAW :: 245 DataMart :: 245 CURATED :: 0]]>
  </system-out>
  <testcase classname="testcases.RAW_DATAMART_CURATED.SnowFlake_RowCount_Master" name="Testcase_RowCount_validation" time="2.592">
    <failure message="The following asserts failed:
	null" type="java.lang.AssertionError">
      <![CDATA[java.lang.AssertionError: The following asserts failed:
null
at org.testng.asserts.SoftAssert.assertAll(SoftAssert.java:47)
at org.testng.asserts.SoftAssert.assertAll(SoftAssert.java:31)
at testcases.RAW_DATAMART_CURATED.SnowFlake_RowCount_Master.validate_RowCount_API(SnowFlake_RowCount_Master.java:115)
at testcases.RAW_DATAMART_CURATED.SnowFlake_RowCount_Master.Testcase_RowCount_validation(SnowFlake_RowCount_Master.java:28)
at jdk.internal.reflect.GeneratedMethodAccessor13.invoke(Unknown Source)
at java.base/jdk.internal.reflect.DelegatingMethodAccessorImpl.invoke(DelegatingMethodAccessorImpl.java:43)
at java.base/java.lang.reflect.Method.invoke(Method.java:568)
at org.testng.internal.MethodInvocationHelper.invokeMethod(MethodInvocationHelper.java:133)
at org.testng.internal.TestInvoker.invokeMethod(TestInvoker.java:598)
at org.testng.internal.TestInvoker.invokeTestMethod(TestInvoker.java:173)
at org.testng.internal.MethodRunner.runInSequence(MethodRunner.java:46)
at org.testng.internal.TestInvoker$MethodInvocationAgent.invoke(TestInvoker.java:824)
at org.testng.internal.TestInvoker.invokeTestMethods(TestInvoker.java:146)
at org.testng.internal.TestMethodWorker.invokeTestMethods(TestMethodWorker.java:146)
at org.testng.internal.TestMethodWorker.run(TestMethodWorker.java:128)
at java.base/java.util.ArrayList.forEach(ArrayList.java:1511)
at org.testng.TestRunner.privateRun(TestRunner.java:794)
at org.testng.TestRunner.run(TestRunner.java:596)
at org.testng.SuiteRunner.runTest(SuiteRunner.java:377)
at org.testng.SuiteRunner.runSequentially(SuiteRunner.java:371)
at org.testng.SuiteRunner.privateRun(SuiteRunner.java:332)
at org.testng.SuiteRunner.run(SuiteRunner.java:276)
at org.testng.SuiteRunnerWorker.runSuite(SuiteRunnerWorker.java:53)
at org.testng.SuiteRunnerWorker.run(SuiteRunnerWorker.java:96)
at org.testng.TestNG.runSuitesSequentially(TestNG.java:1212)
at org.testng.TestNG.runSuitesLocally(TestNG.java:1134)
at org.testng.TestNG.runSuites(TestNG.java:1063)
at org.testng.TestNG.run(TestNG.java:1031)
at org.testng.remote.AbstractRemoteTestNG.run(AbstractRemoteTestNG.java:115)
at org.testng.remote.RemoteTestNG.initAndRun(RemoteTestNG.java:251)
at org.testng.remote.RemoteTestNG.main(RemoteTestNG.java:77)
]]>
    </failure>
  </testcase> <!-- Testcase_RowCount_validation -->
  <system-out>
    <![CDATA[Executing Snowflake query :: SELECT count(*) as TOTAL FROM DEV_ENT_RAW.API_MAT.ST_API_ZONE WHERE TENANT_NAME='GOLDMEDAL'
Table Count in Snowflake:: 34
Executing Snowflake query :: select count(*) as TOTAL from CURATED_DATAMART.ST_API_GOLDMEDAL.STR_API_ZONE WHERE ACTIVE_FLAG='Y'
Table Count in Snowflake:: 34
Executing Snowflake query :: select count(*) as TOTAL from DEV_ENT_CURATED.MASTER_DIMENSIONS.DIM_ZONE WHERE TENANT_TYPE='GOLDMEDAL' and RECORD_UPDATED_BY='API ETL'
Table Count in Snowflake:: 31
Row Count of Table ZONE is matched for APIMAT :: 34 DataMart :: 34
Executing Snowflake query :: select count(*) as TOTAL from DEV_ENT_CURATED.MASTER_DIMENSIONS.DIM_ZONE WHERE TENANT_TYPE='GOLDMEDAL' and RECORD_UPDATED_BY='Backup Table' AND ID in (select ID from CURATED_DATAMART.ST_API_GOLDMEDAL.STR_API_ZONE WHERE ACTIVE_FLAG='Y')
Table Count in Snowflake:: 3
Row Count of Table ZONE is not matched for DataMart :: 34 CURATED :: 3]]>
  </system-out>
  <testcase classname="testcases.RAW_DATAMART_CURATED.SnowFlake_RowCount_Master" name="Testcase_RowCount_validation" time="1.641">
    <failure message="The following asserts failed:
	null" type="java.lang.AssertionError">
      <![CDATA[java.lang.AssertionError: The following asserts failed:
null
at org.testng.asserts.SoftAssert.assertAll(SoftAssert.java:47)
at org.testng.asserts.SoftAssert.assertAll(SoftAssert.java:31)
at testcases.RAW_DATAMART_CURATED.SnowFlake_RowCount_Master.validate_RowCount_BKP(SnowFlake_RowCount_Master.java:56)
at testcases.RAW_DATAMART_CURATED.SnowFlake_RowCount_Master.Testcase_RowCount_validation(SnowFlake_RowCount_Master.java:25)
at jdk.internal.reflect.GeneratedMethodAccessor13.invoke(Unknown Source)
at java.base/jdk.internal.reflect.DelegatingMethodAccessorImpl.invoke(DelegatingMethodAccessorImpl.java:43)
at java.base/java.lang.reflect.Method.invoke(Method.java:568)
at org.testng.internal.MethodInvocationHelper.invokeMethod(MethodInvocationHelper.java:133)
at org.testng.internal.TestInvoker.invokeMethod(TestInvoker.java:598)
at org.testng.internal.TestInvoker.invokeTestMethod(TestInvoker.java:173)
at org.testng.internal.MethodRunner.runInSequence(MethodRunner.java:46)
at org.testng.internal.TestInvoker$MethodInvocationAgent.invoke(TestInvoker.java:824)
at org.testng.internal.TestInvoker.invokeTestMethods(TestInvoker.java:146)
at org.testng.internal.TestMethodWorker.invokeTestMethods(TestMethodWorker.java:146)
at org.testng.internal.TestMethodWorker.run(TestMethodWorker.java:128)
at java.base/java.util.ArrayList.forEach(ArrayList.java:1511)
at org.testng.TestRunner.privateRun(TestRunner.java:794)
at org.testng.TestRunner.run(TestRunner.java:596)
at org.testng.SuiteRunner.runTest(SuiteRunner.java:377)
at org.testng.SuiteRunner.runSequentially(SuiteRunner.java:371)
at org.testng.SuiteRunner.privateRun(SuiteRunner.java:332)
at org.testng.SuiteRunner.run(SuiteRunner.java:276)
at org.testng.SuiteRunnerWorker.runSuite(SuiteRunnerWorker.java:53)
at org.testng.SuiteRunnerWorker.run(SuiteRunnerWorker.java:96)
at org.testng.TestNG.runSuitesSequentially(TestNG.java:1212)
at org.testng.TestNG.runSuitesLocally(TestNG.java:1134)
at org.testng.TestNG.runSuites(TestNG.java:1063)
at org.testng.TestNG.run(TestNG.java:1031)
at org.testng.remote.AbstractRemoteTestNG.run(AbstractRemoteTestNG.java:115)
at org.testng.remote.RemoteTestNG.initAndRun(RemoteTestNG.java:251)
at org.testng.remote.RemoteTestNG.main(RemoteTestNG.java:77)
]]>
    </failure>
  </testcase> <!-- Testcase_RowCount_validation -->
  <system-out>
    <![CDATA[Executing Snowflake query :: SELECT count(*) as TOTAL FROM DEV_ENT_RAW.ST_GOLDMEDAL_MATILLION.SERVICE
Table Count in Snowflake:: 22244
Executing Snowflake query :: select count(*) as TOTAL from CURATED_DATAMART.ST_BKP_GOLDMEDAL.STR_SERVICE Where ACTIVE_FLAG='Y'
Table Count in Snowflake:: 22242
Executing Snowflake query :: select count(*) as TOTAL from DEV_ENT_CURATED.MASTER_DIMENSIONS.DIM_SERVICE where tenant_type='GOLDMEDAL' and RECORD_UPDATED_BY='Backup Table'
Table Count in Snowflake:: 22242
Row Count of Table SERVICE is not matched for RAW :: 22244 DataMart :: 22242 CURATED :: 22242]]>
  </system-out>
  <testcase classname="testcases.RAW_DATAMART_CURATED.SnowFlake_RowCount_Master" name="Testcase_RowCount_validation" time="1.208">
    <failure message="The following asserts failed:
	null" type="java.lang.AssertionError">
      <![CDATA[java.lang.AssertionError: The following asserts failed:
null
at org.testng.asserts.SoftAssert.assertAll(SoftAssert.java:47)
at org.testng.asserts.SoftAssert.assertAll(SoftAssert.java:31)
at testcases.RAW_DATAMART_CURATED.SnowFlake_RowCount_Master.validate_RowCount_BKP(SnowFlake_RowCount_Master.java:56)
at testcases.RAW_DATAMART_CURATED.SnowFlake_RowCount_Master.Testcase_RowCount_validation(SnowFlake_RowCount_Master.java:25)
at jdk.internal.reflect.GeneratedMethodAccessor13.invoke(Unknown Source)
at java.base/jdk.internal.reflect.DelegatingMethodAccessorImpl.invoke(DelegatingMethodAccessorImpl.java:43)
at java.base/java.lang.reflect.Method.invoke(Method.java:568)
at org.testng.internal.MethodInvocationHelper.invokeMethod(MethodInvocationHelper.java:133)
at org.testng.internal.TestInvoker.invokeMethod(TestInvoker.java:598)
at org.testng.internal.TestInvoker.invokeTestMethod(TestInvoker.java:173)
at org.testng.internal.MethodRunner.runInSequence(MethodRunner.java:46)
at org.testng.internal.TestInvoker$MethodInvocationAgent.invoke(TestInvoker.java:824)
at org.testng.internal.TestInvoker.invokeTestMethods(TestInvoker.java:146)
at org.testng.internal.TestMethodWorker.invokeTestMethods(TestMethodWorker.java:146)
at org.testng.internal.TestMethodWorker.run(TestMethodWorker.java:128)
at java.base/java.util.ArrayList.forEach(ArrayList.java:1511)
at org.testng.TestRunner.privateRun(TestRunner.java:794)
at org.testng.TestRunner.run(TestRunner.java:596)
at org.testng.SuiteRunner.runTest(SuiteRunner.java:377)
at org.testng.SuiteRunner.runSequentially(SuiteRunner.java:371)
at org.testng.SuiteRunner.privateRun(SuiteRunner.java:332)
at org.testng.SuiteRunner.run(SuiteRunner.java:276)
at org.testng.SuiteRunnerWorker.runSuite(SuiteRunnerWorker.java:53)
at org.testng.SuiteRunnerWorker.run(SuiteRunnerWorker.java:96)
at org.testng.TestNG.runSuitesSequentially(TestNG.java:1212)
at org.testng.TestNG.runSuitesLocally(TestNG.java:1134)
at org.testng.TestNG.runSuites(TestNG.java:1063)
at org.testng.TestNG.run(TestNG.java:1031)
at org.testng.remote.AbstractRemoteTestNG.run(AbstractRemoteTestNG.java:115)
at org.testng.remote.RemoteTestNG.initAndRun(RemoteTestNG.java:251)
at org.testng.remote.RemoteTestNG.main(RemoteTestNG.java:77)
]]>
    </failure>
  </testcase> <!-- Testcase_RowCount_validation -->
  <system-out>
    <![CDATA[Executing Snowflake query :: SELECT count(*) as TOTAL FROM DEV_ENT_RAW.ST_SNELLHEATINGAIR_MATILLION.TECHNICIANSHIFT
Snowflake - SQLException at readDB() method :: SQL compilation error:
Object 'DEV_ENT_RAW.ST_SNELLHEATINGAIR_MATILLION.TECHNICIANSHIFT' does not exist or not authorized.
Executing Snowflake query :: select count(*) as TOTAL from CURATED_DATAMART.ST_BKP_SNELLHEATINGAIR.STR_TECHNICIANSHIFT Where ACTIVE_FLAG='Y'
Table Count in Snowflake:: 51651
Executing Snowflake query :: select count(*) as TOTAL from DEV_ENT_CURATED.MASTER_DIMENSIONS.DIM_TECHNICIANSHIFT where tenant_type='SNELLHEATINGAIR' and RECORD_UPDATED_BY='Backup Table'
Table Count in Snowflake:: 51651
Row Count of Table TECHNICIANSHIFT is matched for RAW :: 0 DataMart :: 51651 CURATED :: 51651]]>
  </system-out>
  <testcase classname="testcases.RAW_DATAMART_CURATED.SnowFlake_RowCount_Master" name="Testcase_RowCount_validation" time="1.301">
    <failure message="The following asserts failed:
	null,
	null" type="java.lang.AssertionError">
      <![CDATA[java.lang.AssertionError: The following asserts failed:
null,
null
at org.testng.asserts.SoftAssert.assertAll(SoftAssert.java:47)
at org.testng.asserts.SoftAssert.assertAll(SoftAssert.java:31)
at testcases.RAW_DATAMART_CURATED.SnowFlake_RowCount_Master.validate_RowCount_BKP(SnowFlake_RowCount_Master.java:56)
at testcases.RAW_DATAMART_CURATED.SnowFlake_RowCount_Master.Testcase_RowCount_validation(SnowFlake_RowCount_Master.java:25)
at jdk.internal.reflect.GeneratedMethodAccessor13.invoke(Unknown Source)
at java.base/jdk.internal.reflect.DelegatingMethodAccessorImpl.invoke(DelegatingMethodAccessorImpl.java:43)
at java.base/java.lang.reflect.Method.invoke(Method.java:568)
at org.testng.internal.MethodInvocationHelper.invokeMethod(MethodInvocationHelper.java:133)
at org.testng.internal.TestInvoker.invokeMethod(TestInvoker.java:598)
at org.testng.internal.TestInvoker.invokeTestMethod(TestInvoker.java:173)
at org.testng.internal.MethodRunner.runInSequence(MethodRunner.java:46)
at org.testng.internal.TestInvoker$MethodInvocationAgent.invoke(TestInvoker.java:824)
at org.testng.internal.TestInvoker.invokeTestMethods(TestInvoker.java:146)
at org.testng.internal.TestMethodWorker.invokeTestMethods(TestMethodWorker.java:146)
at org.testng.internal.TestMethodWorker.run(TestMethodWorker.java:128)
at java.base/java.util.ArrayList.forEach(ArrayList.java:1511)
at org.testng.TestRunner.privateRun(TestRunner.java:794)
at org.testng.TestRunner.run(TestRunner.java:596)
at org.testng.SuiteRunner.runTest(SuiteRunner.java:377)
at org.testng.SuiteRunner.runSequentially(SuiteRunner.java:371)
at org.testng.SuiteRunner.privateRun(SuiteRunner.java:332)
at org.testng.SuiteRunner.run(SuiteRunner.java:276)
at org.testng.SuiteRunnerWorker.runSuite(SuiteRunnerWorker.java:53)
at org.testng.SuiteRunnerWorker.run(SuiteRunnerWorker.java:96)
at org.testng.TestNG.runSuitesSequentially(TestNG.java:1212)
at org.testng.TestNG.runSuitesLocally(TestNG.java:1134)
at org.testng.TestNG.runSuites(TestNG.java:1063)
at org.testng.TestNG.run(TestNG.java:1031)
at org.testng.remote.AbstractRemoteTestNG.run(AbstractRemoteTestNG.java:115)
at org.testng.remote.RemoteTestNG.initAndRun(RemoteTestNG.java:251)
at org.testng.remote.RemoteTestNG.main(RemoteTestNG.java:77)
]]>
    </failure>
  </testcase> <!-- Testcase_RowCount_validation -->
  <system-out>
    <![CDATA[Executing Snowflake query :: SELECT count(*) as TOTAL FROM DEV_ENT_RAW.ST_SNELLHEATINGAIR_MATILLION.NONJOBAPPOINTMENT
Snowflake - SQLException at readDB() method :: SQL compilation error:
Object 'DEV_ENT_RAW.ST_SNELLHEATINGAIR_MATILLION.NONJOBAPPOINTMENT' does not exist or not authorized.
Executing Snowflake query :: select count(*) as TOTAL from CURATED_DATAMART.ST_BKP_SNELLHEATINGAIR.STR_NONJOBAPPOINTMENT Where ACTIVE_FLAG='Y'
Table Count in Snowflake:: 17010
Executing Snowflake query :: select count(*) as TOTAL from DEV_ENT_CURATED.MASTER_DIMENSIONS.DIM_NONJOBAPPOINTMENT where tenant_type='SNELLHEATINGAIR' and RECORD_UPDATED_BY='Backup Table'
Table Count in Snowflake:: 16759
Row Count of Table NONJOBAPPOINTMENT is not matched for RAW :: 0 DataMart :: 17010 CURATED :: 16759]]>
  </system-out>
  <testcase classname="testcases.RAW_DATAMART_CURATED.SnowFlake_RowCount_Master" name="Testcase_RowCount_validation" time="2.762">
    <failure message="The following asserts failed:
	null" type="java.lang.AssertionError">
      <![CDATA[java.lang.AssertionError: The following asserts failed:
null
at org.testng.asserts.SoftAssert.assertAll(SoftAssert.java:47)
at org.testng.asserts.SoftAssert.assertAll(SoftAssert.java:31)
at testcases.RAW_DATAMART_CURATED.SnowFlake_RowCount_Master.validate_RowCount_BKP(SnowFlake_RowCount_Master.java:56)
at testcases.RAW_DATAMART_CURATED.SnowFlake_RowCount_Master.Testcase_RowCount_validation(SnowFlake_RowCount_Master.java:25)
at jdk.internal.reflect.GeneratedMethodAccessor13.invoke(Unknown Source)
at java.base/jdk.internal.reflect.DelegatingMethodAccessorImpl.invoke(DelegatingMethodAccessorImpl.java:43)
at java.base/java.lang.reflect.Method.invoke(Method.java:568)
at org.testng.internal.MethodInvocationHelper.invokeMethod(MethodInvocationHelper.java:133)
at org.testng.internal.TestInvoker.invokeMethod(TestInvoker.java:598)
at org.testng.internal.TestInvoker.invokeTestMethod(TestInvoker.java:173)
at org.testng.internal.MethodRunner.runInSequence(MethodRunner.java:46)
at org.testng.internal.TestInvoker$MethodInvocationAgent.invoke(TestInvoker.java:824)
at org.testng.internal.TestInvoker.invokeTestMethods(TestInvoker.java:146)
at org.testng.internal.TestMethodWorker.invokeTestMethods(TestMethodWorker.java:146)
at org.testng.internal.TestMethodWorker.run(TestMethodWorker.java:128)
at java.base/java.util.ArrayList.forEach(ArrayList.java:1511)
at org.testng.TestRunner.privateRun(TestRunner.java:794)
at org.testng.TestRunner.run(TestRunner.java:596)
at org.testng.SuiteRunner.runTest(SuiteRunner.java:377)
at org.testng.SuiteRunner.runSequentially(SuiteRunner.java:371)
at org.testng.SuiteRunner.privateRun(SuiteRunner.java:332)
at org.testng.SuiteRunner.run(SuiteRunner.java:276)
at org.testng.SuiteRunnerWorker.runSuite(SuiteRunnerWorker.java:53)
at org.testng.SuiteRunnerWorker.run(SuiteRunnerWorker.java:96)
at org.testng.TestNG.runSuitesSequentially(TestNG.java:1212)
at org.testng.TestNG.runSuitesLocally(TestNG.java:1134)
at org.testng.TestNG.runSuites(TestNG.java:1063)
at org.testng.TestNG.run(TestNG.java:1031)
at org.testng.remote.AbstractRemoteTestNG.run(AbstractRemoteTestNG.java:115)
at org.testng.remote.RemoteTestNG.initAndRun(RemoteTestNG.java:251)
at org.testng.remote.RemoteTestNG.main(RemoteTestNG.java:77)
]]>
    </failure>
  </testcase> <!-- Testcase_RowCount_validation -->
  <system-out>
    <![CDATA[Executing Snowflake query :: SELECT count(*) as TOTAL FROM DEV_ENT_RAW.ST_MAITZ_MATILLION.ESTIMATEITEM
Table Count in Snowflake:: 58452
Executing Snowflake query :: select count(*) as TOTAL from CURATED_DATAMART.ST_BKP_MAITZ.STR_ESTIMATEITEM Where ACTIVE_FLAG='Y'
Table Count in Snowflake:: 58087
Executing Snowflake query :: select count(*) as TOTAL from DEV_ENT_CURATED.MASTER_DIMENSIONS.DIM_ESTIMATEITEM where tenant_type='MAITZ' and RECORD_UPDATED_BY='Backup Table'
Table Count in Snowflake:: 57447
Row Count of Table ESTIMATEITEM is not matched for RAW :: 58452 DataMart :: 58087 CURATED :: 57447]]>
  </system-out>
  <testcase classname="testcases.RAW_DATAMART_CURATED.SnowFlake_RowCount_Master" name="Testcase_RowCount_validation" time="1.518">
    <failure message="The following asserts failed:
	null" type="java.lang.AssertionError">
      <![CDATA[java.lang.AssertionError: The following asserts failed:
null
at org.testng.asserts.SoftAssert.assertAll(SoftAssert.java:47)
at org.testng.asserts.SoftAssert.assertAll(SoftAssert.java:31)
at testcases.RAW_DATAMART_CURATED.SnowFlake_RowCount_Master.validate_RowCount_BKP(SnowFlake_RowCount_Master.java:56)
at testcases.RAW_DATAMART_CURATED.SnowFlake_RowCount_Master.Testcase_RowCount_validation(SnowFlake_RowCount_Master.java:25)
at jdk.internal.reflect.GeneratedMethodAccessor13.invoke(Unknown Source)
at java.base/jdk.internal.reflect.DelegatingMethodAccessorImpl.invoke(DelegatingMethodAccessorImpl.java:43)
at java.base/java.lang.reflect.Method.invoke(Method.java:568)
at org.testng.internal.MethodInvocationHelper.invokeMethod(MethodInvocationHelper.java:133)
at org.testng.internal.TestInvoker.invokeMethod(TestInvoker.java:598)
at org.testng.internal.TestInvoker.invokeTestMethod(TestInvoker.java:173)
at org.testng.internal.MethodRunner.runInSequence(MethodRunner.java:46)
at org.testng.internal.TestInvoker$MethodInvocationAgent.invoke(TestInvoker.java:824)
at org.testng.internal.TestInvoker.invokeTestMethods(TestInvoker.java:146)
at org.testng.internal.TestMethodWorker.invokeTestMethods(TestMethodWorker.java:146)
at org.testng.internal.TestMethodWorker.run(TestMethodWorker.java:128)
at java.base/java.util.ArrayList.forEach(ArrayList.java:1511)
at org.testng.TestRunner.privateRun(TestRunner.java:794)
at org.testng.TestRunner.run(TestRunner.java:596)
at org.testng.SuiteRunner.runTest(SuiteRunner.java:377)
at org.testng.SuiteRunner.runSequentially(SuiteRunner.java:371)
at org.testng.SuiteRunner.privateRun(SuiteRunner.java:332)
at org.testng.SuiteRunner.run(SuiteRunner.java:276)
at org.testng.SuiteRunnerWorker.runSuite(SuiteRunnerWorker.java:53)
at org.testng.SuiteRunnerWorker.run(SuiteRunnerWorker.java:96)
at org.testng.TestNG.runSuitesSequentially(TestNG.java:1212)
at org.testng.TestNG.runSuitesLocally(TestNG.java:1134)
at org.testng.TestNG.runSuites(TestNG.java:1063)
at org.testng.TestNG.run(TestNG.java:1031)
at org.testng.remote.AbstractRemoteTestNG.run(AbstractRemoteTestNG.java:115)
at org.testng.remote.RemoteTestNG.initAndRun(RemoteTestNG.java:251)
at org.testng.remote.RemoteTestNG.main(RemoteTestNG.java:77)
]]>
    </failure>
  </testcase> <!-- Testcase_RowCount_validation -->
  <system-out>
    <![CDATA[Executing Snowflake query :: SELECT count(*) as TOTAL FROM DEV_ENT_RAW.ST_HUTCHINSON_MATILLION.PURCHASEORDERITEM
Table Count in Snowflake:: 20645
Executing Snowflake query :: select count(*) as TOTAL from CURATED_DATAMART.ST_BKP_HUTCHINSON.STR_PURCHASEORDERITEM Where ACTIVE_FLAG='Y'
Table Count in Snowflake:: 20525
Executing Snowflake query :: select count(*) as TOTAL from DEV_ENT_CURATED.MASTER_DIMENSIONS.DIM_PURCHASEORDERITEM where tenant_type='HUTCHINSON' and RECORD_UPDATED_BY='Backup Table'
Table Count in Snowflake:: 20154
Row Count of Table PURCHASEORDERITEM is not matched for RAW :: 20645 DataMart :: 20525 CURATED :: 20154]]>
  </system-out>
  <testcase classname="testcases.RAW_DATAMART_CURATED.SnowFlake_RowCount_Master" name="Testcase_RowCount_validation" time="1.473">
    <failure message="The following asserts failed:
	null" type="java.lang.AssertionError">
      <![CDATA[java.lang.AssertionError: The following asserts failed:
null
at org.testng.asserts.SoftAssert.assertAll(SoftAssert.java:47)
at org.testng.asserts.SoftAssert.assertAll(SoftAssert.java:31)
at testcases.RAW_DATAMART_CURATED.SnowFlake_RowCount_Master.validate_RowCount_API(SnowFlake_RowCount_Master.java:115)
at testcases.RAW_DATAMART_CURATED.SnowFlake_RowCount_Master.Testcase_RowCount_validation(SnowFlake_RowCount_Master.java:28)
at jdk.internal.reflect.GeneratedMethodAccessor13.invoke(Unknown Source)
at java.base/jdk.internal.reflect.DelegatingMethodAccessorImpl.invoke(DelegatingMethodAccessorImpl.java:43)
at java.base/java.lang.reflect.Method.invoke(Method.java:568)
at org.testng.internal.MethodInvocationHelper.invokeMethod(MethodInvocationHelper.java:133)
at org.testng.internal.TestInvoker.invokeMethod(TestInvoker.java:598)
at org.testng.internal.TestInvoker.invokeTestMethod(TestInvoker.java:173)
at org.testng.internal.MethodRunner.runInSequence(MethodRunner.java:46)
at org.testng.internal.TestInvoker$MethodInvocationAgent.invoke(TestInvoker.java:824)
at org.testng.internal.TestInvoker.invokeTestMethods(TestInvoker.java:146)
at org.testng.internal.TestMethodWorker.invokeTestMethods(TestMethodWorker.java:146)
at org.testng.internal.TestMethodWorker.run(TestMethodWorker.java:128)
at java.base/java.util.ArrayList.forEach(ArrayList.java:1511)
at org.testng.TestRunner.privateRun(TestRunner.java:794)
at org.testng.TestRunner.run(TestRunner.java:596)
at org.testng.SuiteRunner.runTest(SuiteRunner.java:377)
at org.testng.SuiteRunner.runSequentially(SuiteRunner.java:371)
at org.testng.SuiteRunner.privateRun(SuiteRunner.java:332)
at org.testng.SuiteRunner.run(SuiteRunner.java:276)
at org.testng.SuiteRunnerWorker.runSuite(SuiteRunnerWorker.java:53)
at org.testng.SuiteRunnerWorker.run(SuiteRunnerWorker.java:96)
at org.testng.TestNG.runSuitesSequentially(TestNG.java:1212)
at org.testng.TestNG.runSuitesLocally(TestNG.java:1134)
at org.testng.TestNG.runSuites(TestNG.java:1063)
at org.testng.TestNG.run(TestNG.java:1031)
at org.testng.remote.AbstractRemoteTestNG.run(AbstractRemoteTestNG.java:115)
at org.testng.remote.RemoteTestNG.initAndRun(RemoteTestNG.java:251)
at org.testng.remote.RemoteTestNG.main(RemoteTestNG.java:77)
]]>
    </failure>
  </testcase> <!-- Testcase_RowCount_validation -->
  <system-out>
    <![CDATA[Executing Snowflake query :: SELECT count(*) as TOTAL FROM DEV_ENT_RAW.API_MAT.ST_API_ESTIMATEITEM WHERE TENANT_NAME='MAITZ'
Table Count in Snowflake:: 3383
Executing Snowflake query :: select count(*) as TOTAL from CURATED_DATAMART.ST_API_MAITZ.STR_API_ESTIMATEITEM WHERE ACTIVE_FLAG='Y'
Table Count in Snowflake:: 2273
Executing Snowflake query :: select count(*) as TOTAL from DEV_ENT_CURATED.MASTER_DIMENSIONS.DIM_ESTIMATEITEM WHERE TENANT_TYPE='MAITZ' and RECORD_UPDATED_BY='API ETL'
Table Count in Snowflake:: 2273
Row Count of Table ESTIMATEITEM is not matched for APIMAT :: 3383 DataMart :: 2273
Row Count of Table ESTIMATEITEM is matched for DataMart :: 2273 CURATED :: 2273]]>
  </system-out>
  <testcase classname="testcases.RAW_DATAMART_CURATED.SnowFlake_RowCount_Master" name="Testcase_RowCount_validation" time="1.738">
    <failure message="The following asserts failed:
	null" type="java.lang.AssertionError">
      <![CDATA[java.lang.AssertionError: The following asserts failed:
null
at org.testng.asserts.SoftAssert.assertAll(SoftAssert.java:47)
at org.testng.asserts.SoftAssert.assertAll(SoftAssert.java:31)
at testcases.RAW_DATAMART_CURATED.SnowFlake_RowCount_Master.validate_RowCount_BKP(SnowFlake_RowCount_Master.java:56)
at testcases.RAW_DATAMART_CURATED.SnowFlake_RowCount_Master.Testcase_RowCount_validation(SnowFlake_RowCount_Master.java:25)
at jdk.internal.reflect.GeneratedMethodAccessor13.invoke(Unknown Source)
at java.base/jdk.internal.reflect.DelegatingMethodAccessorImpl.invoke(DelegatingMethodAccessorImpl.java:43)
at java.base/java.lang.reflect.Method.invoke(Method.java:568)
at org.testng.internal.MethodInvocationHelper.invokeMethod(MethodInvocationHelper.java:133)
at org.testng.internal.TestInvoker.invokeMethod(TestInvoker.java:598)
at org.testng.internal.TestInvoker.invokeTestMethod(TestInvoker.java:173)
at org.testng.internal.MethodRunner.runInSequence(MethodRunner.java:46)
at org.testng.internal.TestInvoker$MethodInvocationAgent.invoke(TestInvoker.java:824)
at org.testng.internal.TestInvoker.invokeTestMethods(TestInvoker.java:146)
at org.testng.internal.TestMethodWorker.invokeTestMethods(TestMethodWorker.java:146)
at org.testng.internal.TestMethodWorker.run(TestMethodWorker.java:128)
at java.base/java.util.ArrayList.forEach(ArrayList.java:1511)
at org.testng.TestRunner.privateRun(TestRunner.java:794)
at org.testng.TestRunner.run(TestRunner.java:596)
at org.testng.SuiteRunner.runTest(SuiteRunner.java:377)
at org.testng.SuiteRunner.runSequentially(SuiteRunner.java:371)
at org.testng.SuiteRunner.privateRun(SuiteRunner.java:332)
at org.testng.SuiteRunner.run(SuiteRunner.java:276)
at org.testng.SuiteRunnerWorker.runSuite(SuiteRunnerWorker.java:53)
at org.testng.SuiteRunnerWorker.run(SuiteRunnerWorker.java:96)
at org.testng.TestNG.runSuitesSequentially(TestNG.java:1212)
at org.testng.TestNG.runSuitesLocally(TestNG.java:1134)
at org.testng.TestNG.runSuites(TestNG.java:1063)
at org.testng.TestNG.run(TestNG.java:1031)
at org.testng.remote.AbstractRemoteTestNG.run(AbstractRemoteTestNG.java:115)
at org.testng.remote.RemoteTestNG.initAndRun(RemoteTestNG.java:251)
at org.testng.remote.RemoteTestNG.main(RemoteTestNG.java:77)
]]>
    </failure>
  </testcase> <!-- Testcase_RowCount_validation -->
  <system-out>
    <![CDATA[Executing Snowflake query :: SELECT count(*) as TOTAL FROM DEV_ENT_RAW.ST_HDAIR_MATILLION.LOCATION
Snowflake - SQLException at readDB() method :: SQL compilation error:
Object 'DEV_ENT_RAW.ST_HDAIR_MATILLION.LOCATION' does not exist or not authorized.
Executing Snowflake query :: select count(*) as TOTAL from CURATED_DATAMART.ST_BKP_HDAIR.STR_LOCATION Where ACTIVE_FLAG='Y'
Table Count in Snowflake:: 32576
Executing Snowflake query :: select count(*) as TOTAL from DEV_ENT_CURATED.MASTER_DIMENSIONS.DIM_LOCATION where tenant_type='HDAIR' and RECORD_UPDATED_BY='Backup Table'
Table Count in Snowflake:: 32589
Row Count of Table LOCATION is matched for RAW :: 0 DataMart :: 32576 CURATED :: 32589]]>
  </system-out>
  <testcase classname="testcases.RAW_DATAMART_CURATED.SnowFlake_RowCount_Master" name="Testcase_RowCount_validation" time="2.131">
    <failure message="The following asserts failed:
	null" type="java.lang.AssertionError">
      <![CDATA[java.lang.AssertionError: The following asserts failed:
null
at org.testng.asserts.SoftAssert.assertAll(SoftAssert.java:47)
at org.testng.asserts.SoftAssert.assertAll(SoftAssert.java:31)
at testcases.RAW_DATAMART_CURATED.SnowFlake_RowCount_Master.validate_RowCount_BKP(SnowFlake_RowCount_Master.java:56)
at testcases.RAW_DATAMART_CURATED.SnowFlake_RowCount_Master.Testcase_RowCount_validation(SnowFlake_RowCount_Master.java:25)
at jdk.internal.reflect.GeneratedMethodAccessor13.invoke(Unknown Source)
at java.base/jdk.internal.reflect.DelegatingMethodAccessorImpl.invoke(DelegatingMethodAccessorImpl.java:43)
at java.base/java.lang.reflect.Method.invoke(Method.java:568)
at org.testng.internal.MethodInvocationHelper.invokeMethod(MethodInvocationHelper.java:133)
at org.testng.internal.TestInvoker.invokeMethod(TestInvoker.java:598)
at org.testng.internal.TestInvoker.invokeTestMethod(TestInvoker.java:173)
at org.testng.internal.MethodRunner.runInSequence(MethodRunner.java:46)
at org.testng.internal.TestInvoker$MethodInvocationAgent.invoke(TestInvoker.java:824)
at org.testng.internal.TestInvoker.invokeTestMethods(TestInvoker.java:146)
at org.testng.internal.TestMethodWorker.invokeTestMethods(TestMethodWorker.java:146)
at org.testng.internal.TestMethodWorker.run(TestMethodWorker.java:128)
at java.base/java.util.ArrayList.forEach(ArrayList.java:1511)
at org.testng.TestRunner.privateRun(TestRunner.java:794)
at org.testng.TestRunner.run(TestRunner.java:596)
at org.testng.SuiteRunner.runTest(SuiteRunner.java:377)
at org.testng.SuiteRunner.runSequentially(SuiteRunner.java:371)
at org.testng.SuiteRunner.privateRun(SuiteRunner.java:332)
at org.testng.SuiteRunner.run(SuiteRunner.java:276)
at org.testng.SuiteRunnerWorker.runSuite(SuiteRunnerWorker.java:53)
at org.testng.SuiteRunnerWorker.run(SuiteRunnerWorker.java:96)
at org.testng.TestNG.runSuitesSequentially(TestNG.java:1212)
at org.testng.TestNG.runSuitesLocally(TestNG.java:1134)
at org.testng.TestNG.runSuites(TestNG.java:1063)
at org.testng.TestNG.run(TestNG.java:1031)
at org.testng.remote.AbstractRemoteTestNG.run(AbstractRemoteTestNG.java:115)
at org.testng.remote.RemoteTestNG.initAndRun(RemoteTestNG.java:251)
at org.testng.remote.RemoteTestNG.main(RemoteTestNG.java:77)
]]>
    </failure>
  </testcase> <!-- Testcase_RowCount_validation -->
  <system-out>
    <![CDATA[Executing Snowflake query :: SELECT count(*) as TOTAL FROM DEV_ENT_RAW.ST_FOURPROS_MATILLION.CUSTOMER
Table Count in Snowflake:: 47493
Executing Snowflake query :: select count(*) as TOTAL from CURATED_DATAMART.ST_BKP_FOURPROS.STR_CUSTOMER Where ACTIVE_FLAG='Y'
Table Count in Snowflake:: 47505
Executing Snowflake query :: select count(*) as TOTAL from DEV_ENT_CURATED.MASTER_DIMENSIONS.DIM_CUSTOMER where tenant_type='FOURPROS' and RECORD_UPDATED_BY='Backup Table'
Table Count in Snowflake:: 47404
Row Count of Table CUSTOMER is not matched for RAW :: 47493 DataMart :: 47505 CURATED :: 47404]]>
  </system-out>
  <testcase classname="testcases.RAW_DATAMART_CURATED.SnowFlake_RowCount_Master" name="Testcase_RowCount_validation" time="1.689">
    <failure message="The following asserts failed:
	null" type="java.lang.AssertionError">
      <![CDATA[java.lang.AssertionError: The following asserts failed:
null
at org.testng.asserts.SoftAssert.assertAll(SoftAssert.java:47)
at org.testng.asserts.SoftAssert.assertAll(SoftAssert.java:31)
at testcases.RAW_DATAMART_CURATED.SnowFlake_RowCount_Master.validate_RowCount_BKP(SnowFlake_RowCount_Master.java:56)
at testcases.RAW_DATAMART_CURATED.SnowFlake_RowCount_Master.Testcase_RowCount_validation(SnowFlake_RowCount_Master.java:25)
at jdk.internal.reflect.GeneratedMethodAccessor13.invoke(Unknown Source)
at java.base/jdk.internal.reflect.DelegatingMethodAccessorImpl.invoke(DelegatingMethodAccessorImpl.java:43)
at java.base/java.lang.reflect.Method.invoke(Method.java:568)
at org.testng.internal.MethodInvocationHelper.invokeMethod(MethodInvocationHelper.java:133)
at org.testng.internal.TestInvoker.invokeMethod(TestInvoker.java:598)
at org.testng.internal.TestInvoker.invokeTestMethod(TestInvoker.java:173)
at org.testng.internal.MethodRunner.runInSequence(MethodRunner.java:46)
at org.testng.internal.TestInvoker$MethodInvocationAgent.invoke(TestInvoker.java:824)
at org.testng.internal.TestInvoker.invokeTestMethods(TestInvoker.java:146)
at org.testng.internal.TestMethodWorker.invokeTestMethods(TestMethodWorker.java:146)
at org.testng.internal.TestMethodWorker.run(TestMethodWorker.java:128)
at java.base/java.util.ArrayList.forEach(ArrayList.java:1511)
at org.testng.TestRunner.privateRun(TestRunner.java:794)
at org.testng.TestRunner.run(TestRunner.java:596)
at org.testng.SuiteRunner.runTest(SuiteRunner.java:377)
at org.testng.SuiteRunner.runSequentially(SuiteRunner.java:371)
at org.testng.SuiteRunner.privateRun(SuiteRunner.java:332)
at org.testng.SuiteRunner.run(SuiteRunner.java:276)
at org.testng.SuiteRunnerWorker.runSuite(SuiteRunnerWorker.java:53)
at org.testng.SuiteRunnerWorker.run(SuiteRunnerWorker.java:96)
at org.testng.TestNG.runSuitesSequentially(TestNG.java:1212)
at org.testng.TestNG.runSuitesLocally(TestNG.java:1134)
at org.testng.TestNG.runSuites(TestNG.java:1063)
at org.testng.TestNG.run(TestNG.java:1031)
at org.testng.remote.AbstractRemoteTestNG.run(AbstractRemoteTestNG.java:115)
at org.testng.remote.RemoteTestNG.initAndRun(RemoteTestNG.java:251)
at org.testng.remote.RemoteTestNG.main(RemoteTestNG.java:77)
]]>
    </failure>
  </testcase> <!-- Testcase_RowCount_validation -->
  <system-out>
    <![CDATA[Executing Snowflake query :: SELECT count(*) as TOTAL FROM DEV_ENT_RAW.ST_HORIZONSERVICES_MATILLION.EQUIPMENT
Table Count in Snowflake:: 3302
Executing Snowflake query :: select count(*) as TOTAL from CURATED_DATAMART.ST_BKP_HORIZONSERVICES.STR_EQUIPMENT Where ACTIVE_FLAG='Y'
Table Count in Snowflake:: 3298
Executing Snowflake query :: select count(*) as TOTAL from DEV_ENT_CURATED.MASTER_DIMENSIONS.DIM_EQUIPMENT where tenant_type='HORIZONSERVICES' and RECORD_UPDATED_BY='Backup Table'
Table Count in Snowflake:: 2829
Row Count of Table EQUIPMENT is not matched for RAW :: 3302 DataMart :: 3298 CURATED :: 2829]]>
  </system-out>
  <testcase classname="testcases.RAW_DATAMART_CURATED.SnowFlake_RowCount_Master" name="Testcase_RowCount_validation" time="1.661">
    <failure message="The following asserts failed:
	null,
	null" type="java.lang.AssertionError">
      <![CDATA[java.lang.AssertionError: The following asserts failed:
null,
null
at org.testng.asserts.SoftAssert.assertAll(SoftAssert.java:47)
at org.testng.asserts.SoftAssert.assertAll(SoftAssert.java:31)
at testcases.RAW_DATAMART_CURATED.SnowFlake_RowCount_Master.validate_RowCount_BKP(SnowFlake_RowCount_Master.java:56)
at testcases.RAW_DATAMART_CURATED.SnowFlake_RowCount_Master.Testcase_RowCount_validation(SnowFlake_RowCount_Master.java:25)
at jdk.internal.reflect.GeneratedMethodAccessor13.invoke(Unknown Source)
at java.base/jdk.internal.reflect.DelegatingMethodAccessorImpl.invoke(DelegatingMethodAccessorImpl.java:43)
at java.base/java.lang.reflect.Method.invoke(Method.java:568)
at org.testng.internal.MethodInvocationHelper.invokeMethod(MethodInvocationHelper.java:133)
at org.testng.internal.TestInvoker.invokeMethod(TestInvoker.java:598)
at org.testng.internal.TestInvoker.invokeTestMethod(TestInvoker.java:173)
at org.testng.internal.MethodRunner.runInSequence(MethodRunner.java:46)
at org.testng.internal.TestInvoker$MethodInvocationAgent.invoke(TestInvoker.java:824)
at org.testng.internal.TestInvoker.invokeTestMethods(TestInvoker.java:146)
at org.testng.internal.TestMethodWorker.invokeTestMethods(TestMethodWorker.java:146)
at org.testng.internal.TestMethodWorker.run(TestMethodWorker.java:128)
at java.base/java.util.ArrayList.forEach(ArrayList.java:1511)
at org.testng.TestRunner.privateRun(TestRunner.java:794)
at org.testng.TestRunner.run(TestRunner.java:596)
at org.testng.SuiteRunner.runTest(SuiteRunner.java:377)
at org.testng.SuiteRunner.runSequentially(SuiteRunner.java:371)
at org.testng.SuiteRunner.privateRun(SuiteRunner.java:332)
at org.testng.SuiteRunner.run(SuiteRunner.java:276)
at org.testng.SuiteRunnerWorker.runSuite(SuiteRunnerWorker.java:53)
at org.testng.SuiteRunnerWorker.run(SuiteRunnerWorker.java:96)
at org.testng.TestNG.runSuitesSequentially(TestNG.java:1212)
at org.testng.TestNG.runSuitesLocally(TestNG.java:1134)
at org.testng.TestNG.runSuites(TestNG.java:1063)
at org.testng.TestNG.run(TestNG.java:1031)
at org.testng.remote.AbstractRemoteTestNG.run(AbstractRemoteTestNG.java:115)
at org.testng.remote.RemoteTestNG.initAndRun(RemoteTestNG.java:251)
at org.testng.remote.RemoteTestNG.main(RemoteTestNG.java:77)
]]>
    </failure>
  </testcase> <!-- Testcase_RowCount_validation -->
  <system-out>
    <![CDATA[Executing Snowflake query :: SELECT count(*) as TOTAL FROM DEV_ENT_RAW.ST_EANESHEATING_MATILLION.EMPLOYEE
Snowflake - SQLException at readDB() method :: SQL compilation error:
Object 'DEV_ENT_RAW.ST_EANESHEATING_MATILLION.EMPLOYEE' does not exist or not authorized.
Executing Snowflake query :: select count(*) as TOTAL from CURATED_DATAMART.ST_BKP_EANESHEATING.STR_EMPLOYEE Where ACTIVE_FLAG='Y'
Table Count in Snowflake:: 120
Executing Snowflake query :: select count(*) as TOTAL from DEV_ENT_CURATED.MASTER_DIMENSIONS.DIM_EMPLOYEE where tenant_type='EANESHEATING' and RECORD_UPDATED_BY='Backup Table'
Table Count in Snowflake:: 85
Row Count of Table EMPLOYEE is not matched for RAW :: 0 DataMart :: 120 CURATED :: 85]]>
  </system-out>
  <testcase classname="testcases.RAW_DATAMART_CURATED.SnowFlake_RowCount_Master" name="Testcase_RowCount_validation" time="2.452">
    <failure message="The following asserts failed:
	null" type="java.lang.AssertionError">
      <![CDATA[java.lang.AssertionError: The following asserts failed:
null
at org.testng.asserts.SoftAssert.assertAll(SoftAssert.java:47)
at org.testng.asserts.SoftAssert.assertAll(SoftAssert.java:31)
at testcases.RAW_DATAMART_CURATED.SnowFlake_RowCount_Master.validate_RowCount_BKP(SnowFlake_RowCount_Master.java:56)
at testcases.RAW_DATAMART_CURATED.SnowFlake_RowCount_Master.Testcase_RowCount_validation(SnowFlake_RowCount_Master.java:25)
at jdk.internal.reflect.GeneratedMethodAccessor13.invoke(Unknown Source)
at java.base/jdk.internal.reflect.DelegatingMethodAccessorImpl.invoke(DelegatingMethodAccessorImpl.java:43)
at java.base/java.lang.reflect.Method.invoke(Method.java:568)
at org.testng.internal.MethodInvocationHelper.invokeMethod(MethodInvocationHelper.java:133)
at org.testng.internal.TestInvoker.invokeMethod(TestInvoker.java:598)
at org.testng.internal.TestInvoker.invokeTestMethod(TestInvoker.java:173)
at org.testng.internal.MethodRunner.runInSequence(MethodRunner.java:46)
at org.testng.internal.TestInvoker$MethodInvocationAgent.invoke(TestInvoker.java:824)
at org.testng.internal.TestInvoker.invokeTestMethods(TestInvoker.java:146)
at org.testng.internal.TestMethodWorker.invokeTestMethods(TestMethodWorker.java:146)
at org.testng.internal.TestMethodWorker.run(TestMethodWorker.java:128)
at java.base/java.util.ArrayList.forEach(ArrayList.java:1511)
at org.testng.TestRunner.privateRun(TestRunner.java:794)
at org.testng.TestRunner.run(TestRunner.java:596)
at org.testng.SuiteRunner.runTest(SuiteRunner.java:377)
at org.testng.SuiteRunner.runSequentially(SuiteRunner.java:371)
at org.testng.SuiteRunner.privateRun(SuiteRunner.java:332)
at org.testng.SuiteRunner.run(SuiteRunner.java:276)
at org.testng.SuiteRunnerWorker.runSuite(SuiteRunnerWorker.java:53)
at org.testng.SuiteRunnerWorker.run(SuiteRunnerWorker.java:96)
at org.testng.TestNG.runSuitesSequentially(TestNG.java:1212)
at org.testng.TestNG.runSuitesLocally(TestNG.java:1134)
at org.testng.TestNG.runSuites(TestNG.java:1063)
at org.testng.TestNG.run(TestNG.java:1031)
at org.testng.remote.AbstractRemoteTestNG.run(AbstractRemoteTestNG.java:115)
at org.testng.remote.RemoteTestNG.initAndRun(RemoteTestNG.java:251)
at org.testng.remote.RemoteTestNG.main(RemoteTestNG.java:77)
]]>
    </failure>
  </testcase> <!-- Testcase_RowCount_validation -->
  <system-out>
    <![CDATA[Executing Snowflake query :: SELECT count(*) as TOTAL FROM DEV_ENT_RAW.ST_FOURPROS_MATILLION.TIMESHEETCODE
Table Count in Snowflake:: 34
Executing Snowflake query :: select count(*) as TOTAL from CURATED_DATAMART.ST_BKP_FOURPROS.STR_TIMESHEETCODE Where ACTIVE_FLAG='Y'
Table Count in Snowflake:: 34
Executing Snowflake query :: select count(*) as TOTAL from DEV_ENT_CURATED.MASTER_DIMENSIONS.DIM_TIMESHEETCODE where tenant_type='FOURPROS' and RECORD_UPDATED_BY='Backup Table'
Table Count in Snowflake:: 33
Row Count of Table TIMESHEETCODE is not matched for RAW :: 34 DataMart :: 34 CURATED :: 33]]>
  </system-out>
  <testcase classname="testcases.RAW_DATAMART_CURATED.SnowFlake_RowCount_Master" name="Testcase_RowCount_validation" time="2.047">
    <failure message="The following asserts failed:
	null" type="java.lang.AssertionError">
      <![CDATA[java.lang.AssertionError: The following asserts failed:
null
at org.testng.asserts.SoftAssert.assertAll(SoftAssert.java:47)
at org.testng.asserts.SoftAssert.assertAll(SoftAssert.java:31)
at testcases.RAW_DATAMART_CURATED.SnowFlake_RowCount_Master.validate_RowCount_API(SnowFlake_RowCount_Master.java:115)
at testcases.RAW_DATAMART_CURATED.SnowFlake_RowCount_Master.Testcase_RowCount_validation(SnowFlake_RowCount_Master.java:28)
at jdk.internal.reflect.GeneratedMethodAccessor13.invoke(Unknown Source)
at java.base/jdk.internal.reflect.DelegatingMethodAccessorImpl.invoke(DelegatingMethodAccessorImpl.java:43)
at java.base/java.lang.reflect.Method.invoke(Method.java:568)
at org.testng.internal.MethodInvocationHelper.invokeMethod(MethodInvocationHelper.java:133)
at org.testng.internal.TestInvoker.invokeMethod(TestInvoker.java:598)
at org.testng.internal.TestInvoker.invokeTestMethod(TestInvoker.java:173)
at org.testng.internal.MethodRunner.runInSequence(MethodRunner.java:46)
at org.testng.internal.TestInvoker$MethodInvocationAgent.invoke(TestInvoker.java:824)
at org.testng.internal.TestInvoker.invokeTestMethods(TestInvoker.java:146)
at org.testng.internal.TestMethodWorker.invokeTestMethods(TestMethodWorker.java:146)
at org.testng.internal.TestMethodWorker.run(TestMethodWorker.java:128)
at java.base/java.util.ArrayList.forEach(ArrayList.java:1511)
at org.testng.TestRunner.privateRun(TestRunner.java:794)
at org.testng.TestRunner.run(TestRunner.java:596)
at org.testng.SuiteRunner.runTest(SuiteRunner.java:377)
at org.testng.SuiteRunner.runSequentially(SuiteRunner.java:371)
at org.testng.SuiteRunner.privateRun(SuiteRunner.java:332)
at org.testng.SuiteRunner.run(SuiteRunner.java:276)
at org.testng.SuiteRunnerWorker.runSuite(SuiteRunnerWorker.java:53)
at org.testng.SuiteRunnerWorker.run(SuiteRunnerWorker.java:96)
at org.testng.TestNG.runSuitesSequentially(TestNG.java:1212)
at org.testng.TestNG.runSuitesLocally(TestNG.java:1134)
at org.testng.TestNG.runSuites(TestNG.java:1063)
at org.testng.TestNG.run(TestNG.java:1031)
at org.testng.remote.AbstractRemoteTestNG.run(AbstractRemoteTestNG.java:115)
at org.testng.remote.RemoteTestNG.initAndRun(RemoteTestNG.java:251)
at org.testng.remote.RemoteTestNG.main(RemoteTestNG.java:77)
]]>
    </failure>
  </testcase> <!-- Testcase_RowCount_validation -->
  <system-out>
    <![CDATA[Executing Snowflake query :: SELECT count(*) as TOTAL FROM DEV_ENT_RAW.API_MAT.ST_API_ESTIMATEITEM WHERE TENANT_NAME='SNELLHEATINGAIR'
Table Count in Snowflake:: 1429
Executing Snowflake query :: select count(*) as TOTAL from CURATED_DATAMART.ST_API_SNELLHEATINGAIR.STR_API_ESTIMATEITEM WHERE ACTIVE_FLAG='Y'
Table Count in Snowflake:: 1288
Executing Snowflake query :: select count(*) as TOTAL from DEV_ENT_CURATED.MASTER_DIMENSIONS.DIM_ESTIMATEITEM WHERE TENANT_TYPE='SNELLHEATINGAIR' and RECORD_UPDATED_BY='API ETL'
Table Count in Snowflake:: 1288
Row Count of Table ESTIMATEITEM is not matched for APIMAT :: 1429 DataMart :: 1288
Row Count of Table ESTIMATEITEM is matched for DataMart :: 1288 CURATED :: 1288]]>
  </system-out>
  <testcase classname="testcases.RAW_DATAMART_CURATED.SnowFlake_RowCount_Master" name="Testcase_RowCount_validation" time="2.479">
    <failure message="The following asserts failed:
	null" type="java.lang.AssertionError">
      <![CDATA[java.lang.AssertionError: The following asserts failed:
null
at org.testng.asserts.SoftAssert.assertAll(SoftAssert.java:47)
at org.testng.asserts.SoftAssert.assertAll(SoftAssert.java:31)
at testcases.RAW_DATAMART_CURATED.SnowFlake_RowCount_Master.validate_RowCount_API(SnowFlake_RowCount_Master.java:115)
at testcases.RAW_DATAMART_CURATED.SnowFlake_RowCount_Master.Testcase_RowCount_validation(SnowFlake_RowCount_Master.java:28)
at jdk.internal.reflect.GeneratedMethodAccessor13.invoke(Unknown Source)
at java.base/jdk.internal.reflect.DelegatingMethodAccessorImpl.invoke(DelegatingMethodAccessorImpl.java:43)
at java.base/java.lang.reflect.Method.invoke(Method.java:568)
at org.testng.internal.MethodInvocationHelper.invokeMethod(MethodInvocationHelper.java:133)
at org.testng.internal.TestInvoker.invokeMethod(TestInvoker.java:598)
at org.testng.internal.TestInvoker.invokeTestMethod(TestInvoker.java:173)
at org.testng.internal.MethodRunner.runInSequence(MethodRunner.java:46)
at org.testng.internal.TestInvoker$MethodInvocationAgent.invoke(TestInvoker.java:824)
at org.testng.internal.TestInvoker.invokeTestMethods(TestInvoker.java:146)
at org.testng.internal.TestMethodWorker.invokeTestMethods(TestMethodWorker.java:146)
at org.testng.internal.TestMethodWorker.run(TestMethodWorker.java:128)
at java.base/java.util.ArrayList.forEach(ArrayList.java:1511)
at org.testng.TestRunner.privateRun(TestRunner.java:794)
at org.testng.TestRunner.run(TestRunner.java:596)
at org.testng.SuiteRunner.runTest(SuiteRunner.java:377)
at org.testng.SuiteRunner.runSequentially(SuiteRunner.java:371)
at org.testng.SuiteRunner.privateRun(SuiteRunner.java:332)
at org.testng.SuiteRunner.run(SuiteRunner.java:276)
at org.testng.SuiteRunnerWorker.runSuite(SuiteRunnerWorker.java:53)
at org.testng.SuiteRunnerWorker.run(SuiteRunnerWorker.java:96)
at org.testng.TestNG.runSuitesSequentially(TestNG.java:1212)
at org.testng.TestNG.runSuitesLocally(TestNG.java:1134)
at org.testng.TestNG.runSuites(TestNG.java:1063)
at org.testng.TestNG.run(TestNG.java:1031)
at org.testng.remote.AbstractRemoteTestNG.run(AbstractRemoteTestNG.java:115)
at org.testng.remote.RemoteTestNG.initAndRun(RemoteTestNG.java:251)
at org.testng.remote.RemoteTestNG.main(RemoteTestNG.java:77)
]]>
    </failure>
  </testcase> <!-- Testcase_RowCount_validation -->
  <system-out>
    <![CDATA[Executing Snowflake query :: SELECT count(*) as TOTAL FROM DEV_ENT_RAW.API_MAT.ST_API_CATEGORY WHERE TENANT_NAME='GOLDMEDAL'
Table Count in Snowflake:: 1456
Executing Snowflake query :: select count(*) as TOTAL from CURATED_DATAMART.ST_API_GOLDMEDAL.STR_API_CATEGORY WHERE ACTIVE_FLAG='Y'
Table Count in Snowflake:: 1456
Executing Snowflake query :: select count(*) as TOTAL from DEV_ENT_CURATED.MASTER_DIMENSIONS.DIM_CATEGORY WHERE TENANT_TYPE='GOLDMEDAL' and RECORD_UPDATED_BY='API ETL'
Table Count in Snowflake:: 0
Row Count of Table CATEGORY is matched for APIMAT :: 1456 DataMart :: 1456
Executing Snowflake query :: select count(*) as TOTAL from DEV_ENT_CURATED.MASTER_DIMENSIONS.DIM_CATEGORY WHERE TENANT_TYPE='GOLDMEDAL' and RECORD_UPDATED_BY='Backup Table' AND ID in (select ID from CURATED_DATAMART.ST_API_GOLDMEDAL.STR_API_CATEGORY WHERE ACTIVE_FLAG='Y')
Table Count in Snowflake:: 1447
Row Count of Table CATEGORY is not matched for DataMart :: 1456 CURATED :: 1447]]>
  </system-out>
  <testcase classname="testcases.RAW_DATAMART_CURATED.SnowFlake_RowCount_Master" name="Testcase_RowCount_validation" time="2.659">
    <failure message="The following asserts failed:
	null,
	null" type="java.lang.AssertionError">
      <![CDATA[java.lang.AssertionError: The following asserts failed:
null,
null
at org.testng.asserts.SoftAssert.assertAll(SoftAssert.java:47)
at org.testng.asserts.SoftAssert.assertAll(SoftAssert.java:31)
at testcases.RAW_DATAMART_CURATED.SnowFlake_RowCount_Master.validate_RowCount_API(SnowFlake_RowCount_Master.java:115)
at testcases.RAW_DATAMART_CURATED.SnowFlake_RowCount_Master.Testcase_RowCount_validation(SnowFlake_RowCount_Master.java:28)
at jdk.internal.reflect.GeneratedMethodAccessor13.invoke(Unknown Source)
at java.base/jdk.internal.reflect.DelegatingMethodAccessorImpl.invoke(DelegatingMethodAccessorImpl.java:43)
at java.base/java.lang.reflect.Method.invoke(Method.java:568)
at org.testng.internal.MethodInvocationHelper.invokeMethod(MethodInvocationHelper.java:133)
at org.testng.internal.TestInvoker.invokeMethod(TestInvoker.java:598)
at org.testng.internal.TestInvoker.invokeTestMethod(TestInvoker.java:173)
at org.testng.internal.MethodRunner.runInSequence(MethodRunner.java:46)
at org.testng.internal.TestInvoker$MethodInvocationAgent.invoke(TestInvoker.java:824)
at org.testng.internal.TestInvoker.invokeTestMethods(TestInvoker.java:146)
at org.testng.internal.TestMethodWorker.invokeTestMethods(TestMethodWorker.java:146)
at org.testng.internal.TestMethodWorker.run(TestMethodWorker.java:128)
at java.base/java.util.ArrayList.forEach(ArrayList.java:1511)
at org.testng.TestRunner.privateRun(TestRunner.java:794)
at org.testng.TestRunner.run(TestRunner.java:596)
at org.testng.SuiteRunner.runTest(SuiteRunner.java:377)
at org.testng.SuiteRunner.runSequentially(SuiteRunner.java:371)
at org.testng.SuiteRunner.privateRun(SuiteRunner.java:332)
at org.testng.SuiteRunner.run(SuiteRunner.java:276)
at org.testng.SuiteRunnerWorker.runSuite(SuiteRunnerWorker.java:53)
at org.testng.SuiteRunnerWorker.run(SuiteRunnerWorker.java:96)
at org.testng.TestNG.runSuitesSequentially(TestNG.java:1212)
at org.testng.TestNG.runSuitesLocally(TestNG.java:1134)
at org.testng.TestNG.runSuites(TestNG.java:1063)
at org.testng.TestNG.run(TestNG.java:1031)
at org.testng.remote.AbstractRemoteTestNG.run(AbstractRemoteTestNG.java:115)
at org.testng.remote.RemoteTestNG.initAndRun(RemoteTestNG.java:251)
at org.testng.remote.RemoteTestNG.main(RemoteTestNG.java:77)
]]>
    </failure>
  </testcase> <!-- Testcase_RowCount_validation -->
  <system-out>
    <![CDATA[Executing Snowflake query :: SELECT count(*) as TOTAL FROM DEV_ENT_RAW.API_MAT.ST_API_CUSTOMER WHERE TENANT_NAME='HDAIR'
Table Count in Snowflake:: 30854
Executing Snowflake query :: select count(*) as TOTAL from CURATED_DATAMART.ST_API_HDAIR.STR_API_CUSTOMER WHERE ACTIVE_FLAG='Y'
Table Count in Snowflake:: 30806
Executing Snowflake query :: select count(*) as TOTAL from DEV_ENT_CURATED.MASTER_DIMENSIONS.DIM_CUSTOMER WHERE TENANT_TYPE='HDAIR' and RECORD_UPDATED_BY='API ETL'
Table Count in Snowflake:: 33
Row Count of Table CUSTOMER is not matched for APIMAT :: 30854 DataMart :: 30806
Executing Snowflake query :: select count(*) as TOTAL from DEV_ENT_CURATED.MASTER_DIMENSIONS.DIM_CUSTOMER WHERE TENANT_TYPE='HDAIR' and RECORD_UPDATED_BY='Backup Table' AND ID in (select ID from CURATED_DATAMART.ST_API_HDAIR.STR_API_CUSTOMER WHERE ACTIVE_FLAG='Y')
Table Count in Snowflake:: 30773
Row Count of Table CUSTOMER is not matched for DataMart :: 30806 CURATED :: 30773]]>
  </system-out>
  <testcase classname="testcases.RAW_DATAMART_CURATED.SnowFlake_RowCount_Master" name="Testcase_RowCount_validation" time="1.474">
    <failure message="The following asserts failed:
	null" type="java.lang.AssertionError">
      <![CDATA[java.lang.AssertionError: The following asserts failed:
null
at org.testng.asserts.SoftAssert.assertAll(SoftAssert.java:47)
at org.testng.asserts.SoftAssert.assertAll(SoftAssert.java:31)
at testcases.RAW_DATAMART_CURATED.SnowFlake_RowCount_Master.validate_RowCount_API(SnowFlake_RowCount_Master.java:115)
at testcases.RAW_DATAMART_CURATED.SnowFlake_RowCount_Master.Testcase_RowCount_validation(SnowFlake_RowCount_Master.java:28)
at jdk.internal.reflect.GeneratedMethodAccessor13.invoke(Unknown Source)
at java.base/jdk.internal.reflect.DelegatingMethodAccessorImpl.invoke(DelegatingMethodAccessorImpl.java:43)
at java.base/java.lang.reflect.Method.invoke(Method.java:568)
at org.testng.internal.MethodInvocationHelper.invokeMethod(MethodInvocationHelper.java:133)
at org.testng.internal.TestInvoker.invokeMethod(TestInvoker.java:598)
at org.testng.internal.TestInvoker.invokeTestMethod(TestInvoker.java:173)
at org.testng.internal.MethodRunner.runInSequence(MethodRunner.java:46)
at org.testng.internal.TestInvoker$MethodInvocationAgent.invoke(TestInvoker.java:824)
at org.testng.internal.TestInvoker.invokeTestMethods(TestInvoker.java:146)
at org.testng.internal.TestMethodWorker.invokeTestMethods(TestMethodWorker.java:146)
at org.testng.internal.TestMethodWorker.run(TestMethodWorker.java:128)
at java.base/java.util.ArrayList.forEach(ArrayList.java:1511)
at org.testng.TestRunner.privateRun(TestRunner.java:794)
at org.testng.TestRunner.run(TestRunner.java:596)
at org.testng.SuiteRunner.runTest(SuiteRunner.java:377)
at org.testng.SuiteRunner.runSequentially(SuiteRunner.java:371)
at org.testng.SuiteRunner.privateRun(SuiteRunner.java:332)
at org.testng.SuiteRunner.run(SuiteRunner.java:276)
at org.testng.SuiteRunnerWorker.runSuite(SuiteRunnerWorker.java:53)
at org.testng.SuiteRunnerWorker.run(SuiteRunnerWorker.java:96)
at org.testng.TestNG.runSuitesSequentially(TestNG.java:1212)
at org.testng.TestNG.runSuitesLocally(TestNG.java:1134)
at org.testng.TestNG.runSuites(TestNG.java:1063)
at org.testng.TestNG.run(TestNG.java:1031)
at org.testng.remote.AbstractRemoteTestNG.run(AbstractRemoteTestNG.java:115)
at org.testng.remote.RemoteTestNG.initAndRun(RemoteTestNG.java:251)
at org.testng.remote.RemoteTestNG.main(RemoteTestNG.java:77)
]]>
    </failure>
  </testcase> <!-- Testcase_RowCount_validation -->
  <system-out>
    <![CDATA[Executing Snowflake query :: SELECT count(*) as TOTAL FROM DEV_ENT_RAW.API_MAT.ST_API_SERVICE WHERE TENANT_NAME='HENDERSON'
Table Count in Snowflake:: 1
Executing Snowflake query :: select count(*) as TOTAL from CURATED_DATAMART.ST_API_HENDERSON.STR_API_SERVICE WHERE ACTIVE_FLAG='Y'
Table Count in Snowflake:: 0
Executing Snowflake query :: select count(*) as TOTAL from DEV_ENT_CURATED.MASTER_DIMENSIONS.DIM_SERVICE WHERE TENANT_TYPE='HENDERSON' and RECORD_UPDATED_BY='API ETL'
Table Count in Snowflake:: 0
Row Count of Table SERVICE is not matched for APIMAT :: 1 DataMart :: 0
Row Count of Table SERVICE is matched for DataMart :: 0 CURATED :: 0]]>
  </system-out>
  <testcase classname="testcases.RAW_DATAMART_CURATED.SnowFlake_RowCount_Master" name="Testcase_RowCount_validation" time="1.834"/>
  <system-out>
    <![CDATA[Executing Snowflake query :: SELECT count(*) as TOTAL FROM DEV_ENT_RAW.ST_CASTEEL_MATILLION.JOBASSIGNMENT
Table Count in Snowflake:: 1040125
Executing Snowflake query :: select count(*) as TOTAL from CURATED_DATAMART.ST_BKP_CASTEEL.STR_JOBASSIGNMENT Where ACTIVE_FLAG='Y'
Table Count in Snowflake:: 1040149
Executing Snowflake query :: select count(*) as TOTAL from DEV_ENT_CURATED.MASTER_DIMENSIONS.DIM_JOBASSIGNMENT where tenant_type='CASTEEL' and RECORD_UPDATED_BY='Backup Table'
Table Count in Snowflake:: 1040149
Row Count of Table JOBASSIGNMENT is matched for RAW :: 1040125 DataMart :: 1040149 CURATED :: 1040149]]>
  </system-out>
  <testcase classname="testcases.RAW_DATAMART_CURATED.SnowFlake_RowCount_Master" name="Testcase_RowCount_validation" time="1.443">
    <failure message="The following asserts failed:
	null" type="java.lang.AssertionError">
      <![CDATA[java.lang.AssertionError: The following asserts failed:
null
at org.testng.asserts.SoftAssert.assertAll(SoftAssert.java:47)
at org.testng.asserts.SoftAssert.assertAll(SoftAssert.java:31)
at testcases.RAW_DATAMART_CURATED.SnowFlake_RowCount_Master.validate_RowCount_BKP(SnowFlake_RowCount_Master.java:56)
at testcases.RAW_DATAMART_CURATED.SnowFlake_RowCount_Master.Testcase_RowCount_validation(SnowFlake_RowCount_Master.java:25)
at jdk.internal.reflect.GeneratedMethodAccessor13.invoke(Unknown Source)
at java.base/jdk.internal.reflect.DelegatingMethodAccessorImpl.invoke(DelegatingMethodAccessorImpl.java:43)
at java.base/java.lang.reflect.Method.invoke(Method.java:568)
at org.testng.internal.MethodInvocationHelper.invokeMethod(MethodInvocationHelper.java:133)
at org.testng.internal.TestInvoker.invokeMethod(TestInvoker.java:598)
at org.testng.internal.TestInvoker.invokeTestMethod(TestInvoker.java:173)
at org.testng.internal.MethodRunner.runInSequence(MethodRunner.java:46)
at org.testng.internal.TestInvoker$MethodInvocationAgent.invoke(TestInvoker.java:824)
at org.testng.internal.TestInvoker.invokeTestMethods(TestInvoker.java:146)
at org.testng.internal.TestMethodWorker.invokeTestMethods(TestMethodWorker.java:146)
at org.testng.internal.TestMethodWorker.run(TestMethodWorker.java:128)
at java.base/java.util.ArrayList.forEach(ArrayList.java:1511)
at org.testng.TestRunner.privateRun(TestRunner.java:794)
at org.testng.TestRunner.run(TestRunner.java:596)
at org.testng.SuiteRunner.runTest(SuiteRunner.java:377)
at org.testng.SuiteRunner.runSequentially(SuiteRunner.java:371)
at org.testng.SuiteRunner.privateRun(SuiteRunner.java:332)
at org.testng.SuiteRunner.run(SuiteRunner.java:276)
at org.testng.SuiteRunnerWorker.runSuite(SuiteRunnerWorker.java:53)
at org.testng.SuiteRunnerWorker.run(SuiteRunnerWorker.java:96)
at org.testng.TestNG.runSuitesSequentially(TestNG.java:1212)
at org.testng.TestNG.runSuitesLocally(TestNG.java:1134)
at org.testng.TestNG.runSuites(TestNG.java:1063)
at org.testng.TestNG.run(TestNG.java:1031)
at org.testng.remote.AbstractRemoteTestNG.run(AbstractRemoteTestNG.java:115)
at org.testng.remote.RemoteTestNG.initAndRun(RemoteTestNG.java:251)
at org.testng.remote.RemoteTestNG.main(RemoteTestNG.java:77)
]]>
    </failure>
  </testcase> <!-- Testcase_RowCount_validation -->
  <system-out>
    <![CDATA[Executing Snowflake query :: SELECT count(*) as TOTAL FROM DEV_ENT_RAW.ST_HARP_MATILLION.JOBCOMPLETIONSURVEY
Table Count in Snowflake:: 3605
Executing Snowflake query :: select count(*) as TOTAL from CURATED_DATAMART.ST_BKP_HARP.STR_JOBCOMPLETIONSURVEY Where ACTIVE_FLAG='Y'
Table Count in Snowflake:: 3520
Executing Snowflake query :: select count(*) as TOTAL from DEV_ENT_CURATED.MASTER_DIMENSIONS.DIM_JOBCOMPLETIONSURVEY where tenant_type='HARP' and RECORD_UPDATED_BY='Backup Table'
Table Count in Snowflake:: 3520
Row Count of Table JOBCOMPLETIONSURVEY is not matched for RAW :: 3605 DataMart :: 3520 CURATED :: 3520]]>
  </system-out>
  <testcase classname="testcases.RAW_DATAMART_CURATED.SnowFlake_RowCount_Master" name="Testcase_RowCount_validation" time="5.176">
    <failure message="The following asserts failed:
	null" type="java.lang.AssertionError">
      <![CDATA[java.lang.AssertionError: The following asserts failed:
null
at org.testng.asserts.SoftAssert.assertAll(SoftAssert.java:47)
at org.testng.asserts.SoftAssert.assertAll(SoftAssert.java:31)
at testcases.RAW_DATAMART_CURATED.SnowFlake_RowCount_Master.validate_RowCount_BKP(SnowFlake_RowCount_Master.java:56)
at testcases.RAW_DATAMART_CURATED.SnowFlake_RowCount_Master.Testcase_RowCount_validation(SnowFlake_RowCount_Master.java:25)
at jdk.internal.reflect.GeneratedMethodAccessor13.invoke(Unknown Source)
at java.base/jdk.internal.reflect.DelegatingMethodAccessorImpl.invoke(DelegatingMethodAccessorImpl.java:43)
at java.base/java.lang.reflect.Method.invoke(Method.java:568)
at org.testng.internal.MethodInvocationHelper.invokeMethod(MethodInvocationHelper.java:133)
at org.testng.internal.TestInvoker.invokeMethod(TestInvoker.java:598)
at org.testng.internal.TestInvoker.invokeTestMethod(TestInvoker.java:173)
at org.testng.internal.MethodRunner.runInSequence(MethodRunner.java:46)
at org.testng.internal.TestInvoker$MethodInvocationAgent.invoke(TestInvoker.java:824)
at org.testng.internal.TestInvoker.invokeTestMethods(TestInvoker.java:146)
at org.testng.internal.TestMethodWorker.invokeTestMethods(TestMethodWorker.java:146)
at org.testng.internal.TestMethodWorker.run(TestMethodWorker.java:128)
at java.base/java.util.ArrayList.forEach(ArrayList.java:1511)
at org.testng.TestRunner.privateRun(TestRunner.java:794)
at org.testng.TestRunner.run(TestRunner.java:596)
at org.testng.SuiteRunner.runTest(SuiteRunner.java:377)
at org.testng.SuiteRunner.runSequentially(SuiteRunner.java:371)
at org.testng.SuiteRunner.privateRun(SuiteRunner.java:332)
at org.testng.SuiteRunner.run(SuiteRunner.java:276)
at org.testng.SuiteRunnerWorker.runSuite(SuiteRunnerWorker.java:53)
at org.testng.SuiteRunnerWorker.run(SuiteRunnerWorker.java:96)
at org.testng.TestNG.runSuitesSequentially(TestNG.java:1212)
at org.testng.TestNG.runSuitesLocally(TestNG.java:1134)
at org.testng.TestNG.runSuites(TestNG.java:1063)
at org.testng.TestNG.run(TestNG.java:1031)
at org.testng.remote.AbstractRemoteTestNG.run(AbstractRemoteTestNG.java:115)
at org.testng.remote.RemoteTestNG.initAndRun(RemoteTestNG.java:251)
at org.testng.remote.RemoteTestNG.main(RemoteTestNG.java:77)
]]>
    </failure>
  </testcase> <!-- Testcase_RowCount_validation -->
  <system-out>
    <![CDATA[Executing Snowflake query :: SELECT count(*) as TOTAL FROM DEV_ENT_RAW.ST_CASTEEL_MATILLION.MATERIALVENDOR
Table Count in Snowflake:: 807571
Executing Snowflake query :: select count(*) as TOTAL from CURATED_DATAMART.ST_BKP_CASTEEL.STR_MATERIALVENDOR Where ACTIVE_FLAG='Y'
Table Count in Snowflake:: 806833
Executing Snowflake query :: select count(*) as TOTAL from DEV_ENT_CURATED.MASTER_DIMENSIONS.DIM_MATERIALVENDOR where tenant_type='CASTEEL' and RECORD_UPDATED_BY='Backup Table'
Table Count in Snowflake:: 799092
Row Count of Table MATERIALVENDOR is not matched for RAW :: 807571 DataMart :: 806833 CURATED :: 799092]]>
  </system-out>
  <testcase classname="testcases.RAW_DATAMART_CURATED.SnowFlake_RowCount_Master" name="Testcase_RowCount_validation" time="1.432">
    <failure message="The following asserts failed:
	null" type="java.lang.AssertionError">
      <![CDATA[java.lang.AssertionError: The following asserts failed:
null
at org.testng.asserts.SoftAssert.assertAll(SoftAssert.java:47)
at org.testng.asserts.SoftAssert.assertAll(SoftAssert.java:31)
at testcases.RAW_DATAMART_CURATED.SnowFlake_RowCount_Master.validate_RowCount_BKP(SnowFlake_RowCount_Master.java:56)
at testcases.RAW_DATAMART_CURATED.SnowFlake_RowCount_Master.Testcase_RowCount_validation(SnowFlake_RowCount_Master.java:25)
at jdk.internal.reflect.GeneratedMethodAccessor13.invoke(Unknown Source)
at java.base/jdk.internal.reflect.DelegatingMethodAccessorImpl.invoke(DelegatingMethodAccessorImpl.java:43)
at java.base/java.lang.reflect.Method.invoke(Method.java:568)
at org.testng.internal.MethodInvocationHelper.invokeMethod(MethodInvocationHelper.java:133)
at org.testng.internal.TestInvoker.invokeMethod(TestInvoker.java:598)
at org.testng.internal.TestInvoker.invokeTestMethod(TestInvoker.java:173)
at org.testng.internal.MethodRunner.runInSequence(MethodRunner.java:46)
at org.testng.internal.TestInvoker$MethodInvocationAgent.invoke(TestInvoker.java:824)
at org.testng.internal.TestInvoker.invokeTestMethods(TestInvoker.java:146)
at org.testng.internal.TestMethodWorker.invokeTestMethods(TestMethodWorker.java:146)
at org.testng.internal.TestMethodWorker.run(TestMethodWorker.java:128)
at java.base/java.util.ArrayList.forEach(ArrayList.java:1511)
at org.testng.TestRunner.privateRun(TestRunner.java:794)
at org.testng.TestRunner.run(TestRunner.java:596)
at org.testng.SuiteRunner.runTest(SuiteRunner.java:377)
at org.testng.SuiteRunner.runSequentially(SuiteRunner.java:371)
at org.testng.SuiteRunner.privateRun(SuiteRunner.java:332)
at org.testng.SuiteRunner.run(SuiteRunner.java:276)
at org.testng.SuiteRunnerWorker.runSuite(SuiteRunnerWorker.java:53)
at org.testng.SuiteRunnerWorker.run(SuiteRunnerWorker.java:96)
at org.testng.TestNG.runSuitesSequentially(TestNG.java:1212)
at org.testng.TestNG.runSuitesLocally(TestNG.java:1134)
at org.testng.TestNG.runSuites(TestNG.java:1063)
at org.testng.TestNG.run(TestNG.java:1031)
at org.testng.remote.AbstractRemoteTestNG.run(AbstractRemoteTestNG.java:115)
at org.testng.remote.RemoteTestNG.initAndRun(RemoteTestNG.java:251)
at org.testng.remote.RemoteTestNG.main(RemoteTestNG.java:77)
]]>
    </failure>
  </testcase> <!-- Testcase_RowCount_validation -->
  <system-out>
    <![CDATA[Executing Snowflake query :: SELECT count(*) as TOTAL FROM DEV_ENT_RAW.ST_FOURPROS_MATILLION.PAYMENTSPLIT
Table Count in Snowflake:: 56771
Executing Snowflake query :: select count(*) as TOTAL from CURATED_DATAMART.ST_BKP_FOURPROS.STR_PAYMENTSPLIT Where ACTIVE_FLAG='Y'
Table Count in Snowflake:: 56692
Executing Snowflake query :: select count(*) as TOTAL from DEV_ENT_CURATED.MASTER_DIMENSIONS.DIM_PAYMENTSPLIT where tenant_type='FOURPROS' and RECORD_UPDATED_BY='Backup Table'
Table Count in Snowflake:: 56692
Row Count of Table PAYMENTSPLIT is not matched for RAW :: 56771 DataMart :: 56692 CURATED :: 56692]]>
  </system-out>
  <testcase classname="testcases.RAW_DATAMART_CURATED.SnowFlake_RowCount_Master" name="Testcase_RowCount_validation" time="1.126">
    <failure message="The following asserts failed:
	null" type="java.lang.AssertionError">
      <![CDATA[java.lang.AssertionError: The following asserts failed:
null
at org.testng.asserts.SoftAssert.assertAll(SoftAssert.java:47)
at org.testng.asserts.SoftAssert.assertAll(SoftAssert.java:31)
at testcases.RAW_DATAMART_CURATED.SnowFlake_RowCount_Master.validate_RowCount_BKP(SnowFlake_RowCount_Master.java:56)
at testcases.RAW_DATAMART_CURATED.SnowFlake_RowCount_Master.Testcase_RowCount_validation(SnowFlake_RowCount_Master.java:25)
at jdk.internal.reflect.GeneratedMethodAccessor13.invoke(Unknown Source)
at java.base/jdk.internal.reflect.DelegatingMethodAccessorImpl.invoke(DelegatingMethodAccessorImpl.java:43)
at java.base/java.lang.reflect.Method.invoke(Method.java:568)
at org.testng.internal.MethodInvocationHelper.invokeMethod(MethodInvocationHelper.java:133)
at org.testng.internal.TestInvoker.invokeMethod(TestInvoker.java:598)
at org.testng.internal.TestInvoker.invokeTestMethod(TestInvoker.java:173)
at org.testng.internal.MethodRunner.runInSequence(MethodRunner.java:46)
at org.testng.internal.TestInvoker$MethodInvocationAgent.invoke(TestInvoker.java:824)
at org.testng.internal.TestInvoker.invokeTestMethods(TestInvoker.java:146)
at org.testng.internal.TestMethodWorker.invokeTestMethods(TestMethodWorker.java:146)
at org.testng.internal.TestMethodWorker.run(TestMethodWorker.java:128)
at java.base/java.util.ArrayList.forEach(ArrayList.java:1511)
at org.testng.TestRunner.privateRun(TestRunner.java:794)
at org.testng.TestRunner.run(TestRunner.java:596)
at org.testng.SuiteRunner.runTest(SuiteRunner.java:377)
at org.testng.SuiteRunner.runSequentially(SuiteRunner.java:371)
at org.testng.SuiteRunner.privateRun(SuiteRunner.java:332)
at org.testng.SuiteRunner.run(SuiteRunner.java:276)
at org.testng.SuiteRunnerWorker.runSuite(SuiteRunnerWorker.java:53)
at org.testng.SuiteRunnerWorker.run(SuiteRunnerWorker.java:96)
at org.testng.TestNG.runSuitesSequentially(TestNG.java:1212)
at org.testng.TestNG.runSuitesLocally(TestNG.java:1134)
at org.testng.TestNG.runSuites(TestNG.java:1063)
at org.testng.TestNG.run(TestNG.java:1031)
at org.testng.remote.AbstractRemoteTestNG.run(AbstractRemoteTestNG.java:115)
at org.testng.remote.RemoteTestNG.initAndRun(RemoteTestNG.java:251)
at org.testng.remote.RemoteTestNG.main(RemoteTestNG.java:77)
]]>
    </failure>
  </testcase> <!-- Testcase_RowCount_validation -->
  <system-out>
    <![CDATA[Executing Snowflake query :: SELECT count(*) as TOTAL FROM DEV_ENT_RAW.ST_HDAIR_MATILLION.MATERIALVENDORSUBACCOUNT
Snowflake - SQLException at readDB() method :: SQL compilation error:
Object 'DEV_ENT_RAW.ST_HDAIR_MATILLION.MATERIALVENDORSUBACCOUNT' does not exist or not authorized.
Executing Snowflake query :: select count(*) as TOTAL from CURATED_DATAMART.ST_BKP_HDAIR.STR_MATERIALVENDORSUBACCOUNT Where ACTIVE_FLAG='Y'
Table Count in Snowflake:: 0
Executing Snowflake query :: select count(*) as TOTAL from DEV_ENT_CURATED.MASTER_DIMENSIONS.DIM_MATERIALVENDORSUBACCOUNT where tenant_type='HDAIR' and RECORD_UPDATED_BY='Backup Table'
Table Count in Snowflake:: 0
Row Count of Table MATERIALVENDORSUBACCOUNT is matched for RAW :: 0 DataMart :: 0 CURATED :: 0]]>
  </system-out>
  <testcase classname="testcases.RAW_DATAMART_CURATED.SnowFlake_RowCount_Master" name="Testcase_RowCount_validation" time="2.462">
    <failure message="The following asserts failed:
	null" type="java.lang.AssertionError">
      <![CDATA[java.lang.AssertionError: The following asserts failed:
null
at org.testng.asserts.SoftAssert.assertAll(SoftAssert.java:47)
at org.testng.asserts.SoftAssert.assertAll(SoftAssert.java:31)
at testcases.RAW_DATAMART_CURATED.SnowFlake_RowCount_Master.validate_RowCount_BKP(SnowFlake_RowCount_Master.java:56)
at testcases.RAW_DATAMART_CURATED.SnowFlake_RowCount_Master.Testcase_RowCount_validation(SnowFlake_RowCount_Master.java:25)
at jdk.internal.reflect.GeneratedMethodAccessor13.invoke(Unknown Source)
at java.base/jdk.internal.reflect.DelegatingMethodAccessorImpl.invoke(DelegatingMethodAccessorImpl.java:43)
at java.base/java.lang.reflect.Method.invoke(Method.java:568)
at org.testng.internal.MethodInvocationHelper.invokeMethod(MethodInvocationHelper.java:133)
at org.testng.internal.TestInvoker.invokeMethod(TestInvoker.java:598)
at org.testng.internal.TestInvoker.invokeTestMethod(TestInvoker.java:173)
at org.testng.internal.MethodRunner.runInSequence(MethodRunner.java:46)
at org.testng.internal.TestInvoker$MethodInvocationAgent.invoke(TestInvoker.java:824)
at org.testng.internal.TestInvoker.invokeTestMethods(TestInvoker.java:146)
at org.testng.internal.TestMethodWorker.invokeTestMethods(TestMethodWorker.java:146)
at org.testng.internal.TestMethodWorker.run(TestMethodWorker.java:128)
at java.base/java.util.ArrayList.forEach(ArrayList.java:1511)
at org.testng.TestRunner.privateRun(TestRunner.java:794)
at org.testng.TestRunner.run(TestRunner.java:596)
at org.testng.SuiteRunner.runTest(SuiteRunner.java:377)
at org.testng.SuiteRunner.runSequentially(SuiteRunner.java:371)
at org.testng.SuiteRunner.privateRun(SuiteRunner.java:332)
at org.testng.SuiteRunner.run(SuiteRunner.java:276)
at org.testng.SuiteRunnerWorker.runSuite(SuiteRunnerWorker.java:53)
at org.testng.SuiteRunnerWorker.run(SuiteRunnerWorker.java:96)
at org.testng.TestNG.runSuitesSequentially(TestNG.java:1212)
at org.testng.TestNG.runSuitesLocally(TestNG.java:1134)
at org.testng.TestNG.runSuites(TestNG.java:1063)
at org.testng.TestNG.run(TestNG.java:1031)
at org.testng.remote.AbstractRemoteTestNG.run(AbstractRemoteTestNG.java:115)
at org.testng.remote.RemoteTestNG.initAndRun(RemoteTestNG.java:251)
at org.testng.remote.RemoteTestNG.main(RemoteTestNG.java:77)
]]>
    </failure>
  </testcase> <!-- Testcase_RowCount_validation -->
  <system-out>
    <![CDATA[Executing Snowflake query :: SELECT count(*) as TOTAL FROM DEV_ENT_RAW.ST_EANESHEATING_MATILLION.INVOICE
Snowflake - SQLException at readDB() method :: SQL compilation error:
Object 'DEV_ENT_RAW.ST_EANESHEATING_MATILLION.INVOICE' does not exist or not authorized.
Executing Snowflake query :: select count(*) as TOTAL from CURATED_DATAMART.ST_BKP_EANESHEATING.STR_INVOICE Where ACTIVE_FLAG='Y'
Table Count in Snowflake:: 495495
Executing Snowflake query :: select count(*) as TOTAL from DEV_ENT_CURATED.MASTER_DIMENSIONS.FACT_INVOICE where tenant_type='EANESHEATING' and RECORD_UPDATED_BY='Backup Table'
Table Count in Snowflake:: 495501
Row Count of Table INVOICE is matched for RAW :: 0 DataMart :: 495495 CURATED :: 495501]]>
  </system-out>
  <testcase classname="testcases.RAW_DATAMART_CURATED.SnowFlake_RowCount_Master" name="Testcase_RowCount_validation" time="2.279">
    <failure message="The following asserts failed:
	null" type="java.lang.AssertionError">
      <![CDATA[java.lang.AssertionError: The following asserts failed:
null
at org.testng.asserts.SoftAssert.assertAll(SoftAssert.java:47)
at org.testng.asserts.SoftAssert.assertAll(SoftAssert.java:31)
at testcases.RAW_DATAMART_CURATED.SnowFlake_RowCount_Master.validate_RowCount_BKP(SnowFlake_RowCount_Master.java:56)
at testcases.RAW_DATAMART_CURATED.SnowFlake_RowCount_Master.Testcase_RowCount_validation(SnowFlake_RowCount_Master.java:25)
at jdk.internal.reflect.GeneratedMethodAccessor13.invoke(Unknown Source)
at java.base/jdk.internal.reflect.DelegatingMethodAccessorImpl.invoke(DelegatingMethodAccessorImpl.java:43)
at java.base/java.lang.reflect.Method.invoke(Method.java:568)
at org.testng.internal.MethodInvocationHelper.invokeMethod(MethodInvocationHelper.java:133)
at org.testng.internal.TestInvoker.invokeMethod(TestInvoker.java:598)
at org.testng.internal.TestInvoker.invokeTestMethod(TestInvoker.java:173)
at org.testng.internal.MethodRunner.runInSequence(MethodRunner.java:46)
at org.testng.internal.TestInvoker$MethodInvocationAgent.invoke(TestInvoker.java:824)
at org.testng.internal.TestInvoker.invokeTestMethods(TestInvoker.java:146)
at org.testng.internal.TestMethodWorker.invokeTestMethods(TestMethodWorker.java:146)
at org.testng.internal.TestMethodWorker.run(TestMethodWorker.java:128)
at java.base/java.util.ArrayList.forEach(ArrayList.java:1511)
at org.testng.TestRunner.privateRun(TestRunner.java:794)
at org.testng.TestRunner.run(TestRunner.java:596)
at org.testng.SuiteRunner.runTest(SuiteRunner.java:377)
at org.testng.SuiteRunner.runSequentially(SuiteRunner.java:371)
at org.testng.SuiteRunner.privateRun(SuiteRunner.java:332)
at org.testng.SuiteRunner.run(SuiteRunner.java:276)
at org.testng.SuiteRunnerWorker.runSuite(SuiteRunnerWorker.java:53)
at org.testng.SuiteRunnerWorker.run(SuiteRunnerWorker.java:96)
at org.testng.TestNG.runSuitesSequentially(TestNG.java:1212)
at org.testng.TestNG.runSuitesLocally(TestNG.java:1134)
at org.testng.TestNG.runSuites(TestNG.java:1063)
at org.testng.TestNG.run(TestNG.java:1031)
at org.testng.remote.AbstractRemoteTestNG.run(AbstractRemoteTestNG.java:115)
at org.testng.remote.RemoteTestNG.initAndRun(RemoteTestNG.java:251)
at org.testng.remote.RemoteTestNG.main(RemoteTestNG.java:77)
]]>
    </failure>
  </testcase> <!-- Testcase_RowCount_validation -->
  <system-out>
    <![CDATA[Executing Snowflake query :: SELECT count(*) as TOTAL FROM DEV_ENT_RAW.ST_HUTCHINSON_MATILLION.MATERIALVENDOR
Table Count in Snowflake:: 18959
Executing Snowflake query :: select count(*) as TOTAL from CURATED_DATAMART.ST_BKP_HUTCHINSON.STR_MATERIALVENDOR Where ACTIVE_FLAG='Y'
Table Count in Snowflake:: 18957
Executing Snowflake query :: select count(*) as TOTAL from DEV_ENT_CURATED.MASTER_DIMENSIONS.DIM_MATERIALVENDOR where tenant_type='HUTCHINSON' and RECORD_UPDATED_BY='Backup Table'
Table Count in Snowflake:: 17334
Row Count of Table MATERIALVENDOR is not matched for RAW :: 18959 DataMart :: 18957 CURATED :: 17334]]>
  </system-out>
  <testcase classname="testcases.RAW_DATAMART_CURATED.SnowFlake_RowCount_Master" name="Testcase_RowCount_validation" time="1.936"/>
  <system-out>
    <![CDATA[Executing Snowflake query :: SELECT count(*) as TOTAL FROM DEV_ENT_RAW.ST_GOLDMEDAL_MATILLION.TECHNICIAN
Table Count in Snowflake:: 1420
Executing Snowflake query :: select count(*) as TOTAL from CURATED_DATAMART.ST_BKP_GOLDMEDAL.STR_TECHNICIAN Where ACTIVE_FLAG='Y'
Table Count in Snowflake:: 1420
Executing Snowflake query :: select count(*) as TOTAL from DEV_ENT_CURATED.MASTER_DIMENSIONS.DIM_TECHNICIAN where tenant_type='GOLDMEDAL' and RECORD_UPDATED_BY='Backup Table'
Table Count in Snowflake:: 1444
Row Count of Table TECHNICIAN is matched for RAW :: 1420 DataMart :: 1420 CURATED :: 1444]]>
  </system-out>
  <testcase classname="testcases.RAW_DATAMART_CURATED.SnowFlake_RowCount_Master" name="Testcase_RowCount_validation" time="4.127">
    <failure message="The following asserts failed:
	null" type="java.lang.AssertionError">
      <![CDATA[java.lang.AssertionError: The following asserts failed:
null
at org.testng.asserts.SoftAssert.assertAll(SoftAssert.java:47)
at org.testng.asserts.SoftAssert.assertAll(SoftAssert.java:31)
at testcases.RAW_DATAMART_CURATED.SnowFlake_RowCount_Master.validate_RowCount_BKP(SnowFlake_RowCount_Master.java:56)
at testcases.RAW_DATAMART_CURATED.SnowFlake_RowCount_Master.Testcase_RowCount_validation(SnowFlake_RowCount_Master.java:25)
at jdk.internal.reflect.GeneratedMethodAccessor13.invoke(Unknown Source)
at java.base/jdk.internal.reflect.DelegatingMethodAccessorImpl.invoke(DelegatingMethodAccessorImpl.java:43)
at java.base/java.lang.reflect.Method.invoke(Method.java:568)
at org.testng.internal.MethodInvocationHelper.invokeMethod(MethodInvocationHelper.java:133)
at org.testng.internal.TestInvoker.invokeMethod(TestInvoker.java:598)
at org.testng.internal.TestInvoker.invokeTestMethod(TestInvoker.java:173)
at org.testng.internal.MethodRunner.runInSequence(MethodRunner.java:46)
at org.testng.internal.TestInvoker$MethodInvocationAgent.invoke(TestInvoker.java:824)
at org.testng.internal.TestInvoker.invokeTestMethods(TestInvoker.java:146)
at org.testng.internal.TestMethodWorker.invokeTestMethods(TestMethodWorker.java:146)
at org.testng.internal.TestMethodWorker.run(TestMethodWorker.java:128)
at java.base/java.util.ArrayList.forEach(ArrayList.java:1511)
at org.testng.TestRunner.privateRun(TestRunner.java:794)
at org.testng.TestRunner.run(TestRunner.java:596)
at org.testng.SuiteRunner.runTest(SuiteRunner.java:377)
at org.testng.SuiteRunner.runSequentially(SuiteRunner.java:371)
at org.testng.SuiteRunner.privateRun(SuiteRunner.java:332)
at org.testng.SuiteRunner.run(SuiteRunner.java:276)
at org.testng.SuiteRunnerWorker.runSuite(SuiteRunnerWorker.java:53)
at org.testng.SuiteRunnerWorker.run(SuiteRunnerWorker.java:96)
at org.testng.TestNG.runSuitesSequentially(TestNG.java:1212)
at org.testng.TestNG.runSuitesLocally(TestNG.java:1134)
at org.testng.TestNG.runSuites(TestNG.java:1063)
at org.testng.TestNG.run(TestNG.java:1031)
at org.testng.remote.AbstractRemoteTestNG.run(AbstractRemoteTestNG.java:115)
at org.testng.remote.RemoteTestNG.initAndRun(RemoteTestNG.java:251)
at org.testng.remote.RemoteTestNG.main(RemoteTestNG.java:77)
]]>
    </failure>
  </testcase> <!-- Testcase_RowCount_validation -->
  <system-out>
    <![CDATA[Executing Snowflake query :: SELECT count(*) as TOTAL FROM DEV_ENT_RAW.ST_BILLFENWICK_MATILLION.EQUIPMENT
Table Count in Snowflake:: 451
Executing Snowflake query :: select count(*) as TOTAL from CURATED_DATAMART.ST_BKP_BILLFENWICK.STR_EQUIPMENT Where ACTIVE_FLAG='Y'
Table Count in Snowflake:: 450
Executing Snowflake query :: select count(*) as TOTAL from DEV_ENT_CURATED.MASTER_DIMENSIONS.DIM_EQUIPMENT where tenant_type='BILLFENWICK' and RECORD_UPDATED_BY='Backup Table'
Table Count in Snowflake:: 367
Row Count of Table EQUIPMENT is not matched for RAW :: 451 DataMart :: 450 CURATED :: 367]]>
  </system-out>
  <testcase classname="testcases.RAW_DATAMART_CURATED.SnowFlake_RowCount_Master" name="Testcase_RowCount_validation" time="1.637">
    <failure message="The following asserts failed:
	null" type="java.lang.AssertionError">
      <![CDATA[java.lang.AssertionError: The following asserts failed:
null
at org.testng.asserts.SoftAssert.assertAll(SoftAssert.java:47)
at org.testng.asserts.SoftAssert.assertAll(SoftAssert.java:31)
at testcases.RAW_DATAMART_CURATED.SnowFlake_RowCount_Master.validate_RowCount_BKP(SnowFlake_RowCount_Master.java:56)
at testcases.RAW_DATAMART_CURATED.SnowFlake_RowCount_Master.Testcase_RowCount_validation(SnowFlake_RowCount_Master.java:25)
at jdk.internal.reflect.GeneratedMethodAccessor13.invoke(Unknown Source)
at java.base/jdk.internal.reflect.DelegatingMethodAccessorImpl.invoke(DelegatingMethodAccessorImpl.java:43)
at java.base/java.lang.reflect.Method.invoke(Method.java:568)
at org.testng.internal.MethodInvocationHelper.invokeMethod(MethodInvocationHelper.java:133)
at org.testng.internal.TestInvoker.invokeMethod(TestInvoker.java:598)
at org.testng.internal.TestInvoker.invokeTestMethod(TestInvoker.java:173)
at org.testng.internal.MethodRunner.runInSequence(MethodRunner.java:46)
at org.testng.internal.TestInvoker$MethodInvocationAgent.invoke(TestInvoker.java:824)
at org.testng.internal.TestInvoker.invokeTestMethods(TestInvoker.java:146)
at org.testng.internal.TestMethodWorker.invokeTestMethods(TestMethodWorker.java:146)
at org.testng.internal.TestMethodWorker.run(TestMethodWorker.java:128)
at java.base/java.util.ArrayList.forEach(ArrayList.java:1511)
at org.testng.TestRunner.privateRun(TestRunner.java:794)
at org.testng.TestRunner.run(TestRunner.java:596)
at org.testng.SuiteRunner.runTest(SuiteRunner.java:377)
at org.testng.SuiteRunner.runSequentially(SuiteRunner.java:371)
at org.testng.SuiteRunner.privateRun(SuiteRunner.java:332)
at org.testng.SuiteRunner.run(SuiteRunner.java:276)
at org.testng.SuiteRunnerWorker.runSuite(SuiteRunnerWorker.java:53)
at org.testng.SuiteRunnerWorker.run(SuiteRunnerWorker.java:96)
at org.testng.TestNG.runSuitesSequentially(TestNG.java:1212)
at org.testng.TestNG.runSuitesLocally(TestNG.java:1134)
at org.testng.TestNG.runSuites(TestNG.java:1063)
at org.testng.TestNG.run(TestNG.java:1031)
at org.testng.remote.AbstractRemoteTestNG.run(AbstractRemoteTestNG.java:115)
at org.testng.remote.RemoteTestNG.initAndRun(RemoteTestNG.java:251)
at org.testng.remote.RemoteTestNG.main(RemoteTestNG.java:77)
]]>
    </failure>
  </testcase> <!-- Testcase_RowCount_validation -->
  <system-out>
    <![CDATA[Executing Snowflake query :: SELECT count(*) as TOTAL FROM DEV_ENT_RAW.ST_HARP_MATILLION.PROJECT
Table Count in Snowflake:: 11094
Executing Snowflake query :: select count(*) as TOTAL from CURATED_DATAMART.ST_BKP_HARP.STR_PROJECT Where ACTIVE_FLAG='Y'
Table Count in Snowflake:: 22170
Executing Snowflake query :: select count(*) as TOTAL from DEV_ENT_CURATED.MASTER_DIMENSIONS.DIM_PROJECT where tenant_type='HARP' and RECORD_UPDATED_BY='Backup Table'
Table Count in Snowflake:: 11141
Row Count of Table PROJECT is not matched for RAW :: 11094 DataMart :: 22170 CURATED :: 11141]]>
  </system-out>
  <testcase classname="testcases.RAW_DATAMART_CURATED.SnowFlake_RowCount_Master" name="Testcase_RowCount_validation" time="2.247">
    <failure message="The following asserts failed:
	null" type="java.lang.AssertionError">
      <![CDATA[java.lang.AssertionError: The following asserts failed:
null
at org.testng.asserts.SoftAssert.assertAll(SoftAssert.java:47)
at org.testng.asserts.SoftAssert.assertAll(SoftAssert.java:31)
at testcases.RAW_DATAMART_CURATED.SnowFlake_RowCount_Master.validate_RowCount_BKP(SnowFlake_RowCount_Master.java:56)
at testcases.RAW_DATAMART_CURATED.SnowFlake_RowCount_Master.Testcase_RowCount_validation(SnowFlake_RowCount_Master.java:25)
at jdk.internal.reflect.GeneratedMethodAccessor13.invoke(Unknown Source)
at java.base/jdk.internal.reflect.DelegatingMethodAccessorImpl.invoke(DelegatingMethodAccessorImpl.java:43)
at java.base/java.lang.reflect.Method.invoke(Method.java:568)
at org.testng.internal.MethodInvocationHelper.invokeMethod(MethodInvocationHelper.java:133)
at org.testng.internal.TestInvoker.invokeMethod(TestInvoker.java:598)
at org.testng.internal.TestInvoker.invokeTestMethod(TestInvoker.java:173)
at org.testng.internal.MethodRunner.runInSequence(MethodRunner.java:46)
at org.testng.internal.TestInvoker$MethodInvocationAgent.invoke(TestInvoker.java:824)
at org.testng.internal.TestInvoker.invokeTestMethods(TestInvoker.java:146)
at org.testng.internal.TestMethodWorker.invokeTestMethods(TestMethodWorker.java:146)
at org.testng.internal.TestMethodWorker.run(TestMethodWorker.java:128)
at java.base/java.util.ArrayList.forEach(ArrayList.java:1511)
at org.testng.TestRunner.privateRun(TestRunner.java:794)
at org.testng.TestRunner.run(TestRunner.java:596)
at org.testng.SuiteRunner.runTest(SuiteRunner.java:377)
at org.testng.SuiteRunner.runSequentially(SuiteRunner.java:371)
at org.testng.SuiteRunner.privateRun(SuiteRunner.java:332)
at org.testng.SuiteRunner.run(SuiteRunner.java:276)
at org.testng.SuiteRunnerWorker.runSuite(SuiteRunnerWorker.java:53)
at org.testng.SuiteRunnerWorker.run(SuiteRunnerWorker.java:96)
at org.testng.TestNG.runSuitesSequentially(TestNG.java:1212)
at org.testng.TestNG.runSuitesLocally(TestNG.java:1134)
at org.testng.TestNG.runSuites(TestNG.java:1063)
at org.testng.TestNG.run(TestNG.java:1031)
at org.testng.remote.AbstractRemoteTestNG.run(AbstractRemoteTestNG.java:115)
at org.testng.remote.RemoteTestNG.initAndRun(RemoteTestNG.java:251)
at org.testng.remote.RemoteTestNG.main(RemoteTestNG.java:77)
]]>
    </failure>
  </testcase> <!-- Testcase_RowCount_validation -->
  <system-out>
    <![CDATA[Executing Snowflake query :: SELECT count(*) as TOTAL FROM DEV_ENT_RAW.ST_CASTEEL_MATILLION.INVOICE
Table Count in Snowflake:: 1028685
Executing Snowflake query :: select count(*) as TOTAL from CURATED_DATAMART.ST_BKP_CASTEEL.STR_INVOICE Where ACTIVE_FLAG='Y'
Table Count in Snowflake:: 1447186
Executing Snowflake query :: select count(*) as TOTAL from DEV_ENT_CURATED.MASTER_DIMENSIONS.FACT_INVOICE where tenant_type='CASTEEL' and RECORD_UPDATED_BY='Backup Table'
Table Count in Snowflake:: 1444944
Row Count of Table INVOICE is not matched for RAW :: 1028685 DataMart :: 1447186 CURATED :: 1444944]]>
  </system-out>
  <testcase classname="testcases.RAW_DATAMART_CURATED.SnowFlake_RowCount_Master" name="Testcase_RowCount_validation" time="2.562">
    <failure message="The following asserts failed:
	null,
	null" type="java.lang.AssertionError">
      <![CDATA[java.lang.AssertionError: The following asserts failed:
null,
null
at org.testng.asserts.SoftAssert.assertAll(SoftAssert.java:47)
at org.testng.asserts.SoftAssert.assertAll(SoftAssert.java:31)
at testcases.RAW_DATAMART_CURATED.SnowFlake_RowCount_Master.validate_RowCount_BKP(SnowFlake_RowCount_Master.java:56)
at testcases.RAW_DATAMART_CURATED.SnowFlake_RowCount_Master.Testcase_RowCount_validation(SnowFlake_RowCount_Master.java:25)
at jdk.internal.reflect.GeneratedMethodAccessor13.invoke(Unknown Source)
at java.base/jdk.internal.reflect.DelegatingMethodAccessorImpl.invoke(DelegatingMethodAccessorImpl.java:43)
at java.base/java.lang.reflect.Method.invoke(Method.java:568)
at org.testng.internal.MethodInvocationHelper.invokeMethod(MethodInvocationHelper.java:133)
at org.testng.internal.TestInvoker.invokeMethod(TestInvoker.java:598)
at org.testng.internal.TestInvoker.invokeTestMethod(TestInvoker.java:173)
at org.testng.internal.MethodRunner.runInSequence(MethodRunner.java:46)
at org.testng.internal.TestInvoker$MethodInvocationAgent.invoke(TestInvoker.java:824)
at org.testng.internal.TestInvoker.invokeTestMethods(TestInvoker.java:146)
at org.testng.internal.TestMethodWorker.invokeTestMethods(TestMethodWorker.java:146)
at org.testng.internal.TestMethodWorker.run(TestMethodWorker.java:128)
at java.base/java.util.ArrayList.forEach(ArrayList.java:1511)
at org.testng.TestRunner.privateRun(TestRunner.java:794)
at org.testng.TestRunner.run(TestRunner.java:596)
at org.testng.SuiteRunner.runTest(SuiteRunner.java:377)
at org.testng.SuiteRunner.runSequentially(SuiteRunner.java:371)
at org.testng.SuiteRunner.privateRun(SuiteRunner.java:332)
at org.testng.SuiteRunner.run(SuiteRunner.java:276)
at org.testng.SuiteRunnerWorker.runSuite(SuiteRunnerWorker.java:53)
at org.testng.SuiteRunnerWorker.run(SuiteRunnerWorker.java:96)
at org.testng.TestNG.runSuitesSequentially(TestNG.java:1212)
at org.testng.TestNG.runSuitesLocally(TestNG.java:1134)
at org.testng.TestNG.runSuites(TestNG.java:1063)
at org.testng.TestNG.run(TestNG.java:1031)
at org.testng.remote.AbstractRemoteTestNG.run(AbstractRemoteTestNG.java:115)
at org.testng.remote.RemoteTestNG.initAndRun(RemoteTestNG.java:251)
at org.testng.remote.RemoteTestNG.main(RemoteTestNG.java:77)
]]>
    </failure>
  </testcase> <!-- Testcase_RowCount_validation -->
  <system-out>
    <![CDATA[Executing Snowflake query :: SELECT count(*) as TOTAL FROM DEV_ENT_RAW.ST_EANESHEATING_MATILLION.BUSINESSUNIT
Snowflake - SQLException at readDB() method :: SQL compilation error:
Object 'DEV_ENT_RAW.ST_EANESHEATING_MATILLION.BUSINESSUNIT' does not exist or not authorized.
Executing Snowflake query :: select count(*) as TOTAL from CURATED_DATAMART.ST_BKP_EANESHEATING.STR_BUSINESSUNIT Where ACTIVE_FLAG='Y'
Table Count in Snowflake:: 33
Executing Snowflake query :: select count(*) as TOTAL from DEV_ENT_CURATED.MASTER_DIMENSIONS.DIM_BUSINESSUNIT where tenant_type='EANESHEATING' and RECORD_UPDATED_BY='Backup Table'
Table Count in Snowflake:: 12
Row Count of Table BUSINESSUNIT is not matched for RAW :: 0 DataMart :: 33 CURATED :: 12]]>
  </system-out>
  <testcase classname="testcases.RAW_DATAMART_CURATED.SnowFlake_RowCount_Master" name="Testcase_RowCount_validation" time="2.254">
    <failure message="The following asserts failed:
	null" type="java.lang.AssertionError">
      <![CDATA[java.lang.AssertionError: The following asserts failed:
null
at org.testng.asserts.SoftAssert.assertAll(SoftAssert.java:47)
at org.testng.asserts.SoftAssert.assertAll(SoftAssert.java:31)
at testcases.RAW_DATAMART_CURATED.SnowFlake_RowCount_Master.validate_RowCount_BKP(SnowFlake_RowCount_Master.java:56)
at testcases.RAW_DATAMART_CURATED.SnowFlake_RowCount_Master.Testcase_RowCount_validation(SnowFlake_RowCount_Master.java:25)
at jdk.internal.reflect.GeneratedMethodAccessor13.invoke(Unknown Source)
at java.base/jdk.internal.reflect.DelegatingMethodAccessorImpl.invoke(DelegatingMethodAccessorImpl.java:43)
at java.base/java.lang.reflect.Method.invoke(Method.java:568)
at org.testng.internal.MethodInvocationHelper.invokeMethod(MethodInvocationHelper.java:133)
at org.testng.internal.TestInvoker.invokeMethod(TestInvoker.java:598)
at org.testng.internal.TestInvoker.invokeTestMethod(TestInvoker.java:173)
at org.testng.internal.MethodRunner.runInSequence(MethodRunner.java:46)
at org.testng.internal.TestInvoker$MethodInvocationAgent.invoke(TestInvoker.java:824)
at org.testng.internal.TestInvoker.invokeTestMethods(TestInvoker.java:146)
at org.testng.internal.TestMethodWorker.invokeTestMethods(TestMethodWorker.java:146)
at org.testng.internal.TestMethodWorker.run(TestMethodWorker.java:128)
at java.base/java.util.ArrayList.forEach(ArrayList.java:1511)
at org.testng.TestRunner.privateRun(TestRunner.java:794)
at org.testng.TestRunner.run(TestRunner.java:596)
at org.testng.SuiteRunner.runTest(SuiteRunner.java:377)
at org.testng.SuiteRunner.runSequentially(SuiteRunner.java:371)
at org.testng.SuiteRunner.privateRun(SuiteRunner.java:332)
at org.testng.SuiteRunner.run(SuiteRunner.java:276)
at org.testng.SuiteRunnerWorker.runSuite(SuiteRunnerWorker.java:53)
at org.testng.SuiteRunnerWorker.run(SuiteRunnerWorker.java:96)
at org.testng.TestNG.runSuitesSequentially(TestNG.java:1212)
at org.testng.TestNG.runSuitesLocally(TestNG.java:1134)
at org.testng.TestNG.runSuites(TestNG.java:1063)
at org.testng.TestNG.run(TestNG.java:1031)
at org.testng.remote.AbstractRemoteTestNG.run(AbstractRemoteTestNG.java:115)
at org.testng.remote.RemoteTestNG.initAndRun(RemoteTestNG.java:251)
at org.testng.remote.RemoteTestNG.main(RemoteTestNG.java:77)
]]>
    </failure>
  </testcase> <!-- Testcase_RowCount_validation -->
  <system-out>
    <![CDATA[Executing Snowflake query :: SELECT count(*) as TOTAL FROM DEV_ENT_RAW.ST_GOLDMEDAL_MATILLION.CUSTOMER
Table Count in Snowflake:: 502538
Executing Snowflake query :: select count(*) as TOTAL from CURATED_DATAMART.ST_BKP_GOLDMEDAL.STR_CUSTOMER Where ACTIVE_FLAG='Y'
Table Count in Snowflake:: 502610
Executing Snowflake query :: select count(*) as TOTAL from DEV_ENT_CURATED.MASTER_DIMENSIONS.DIM_CUSTOMER where tenant_type='GOLDMEDAL' and RECORD_UPDATED_BY='Backup Table'
Table Count in Snowflake:: 501879
Row Count of Table CUSTOMER is not matched for RAW :: 502538 DataMart :: 502610 CURATED :: 501879]]>
  </system-out>
  <testcase classname="testcases.RAW_DATAMART_CURATED.SnowFlake_RowCount_Master" name="Testcase_RowCount_validation" time="1.538">
    <failure message="The following asserts failed:
	null" type="java.lang.AssertionError">
      <![CDATA[java.lang.AssertionError: The following asserts failed:
null
at org.testng.asserts.SoftAssert.assertAll(SoftAssert.java:47)
at org.testng.asserts.SoftAssert.assertAll(SoftAssert.java:31)
at testcases.RAW_DATAMART_CURATED.SnowFlake_RowCount_Master.validate_RowCount_API(SnowFlake_RowCount_Master.java:115)
at testcases.RAW_DATAMART_CURATED.SnowFlake_RowCount_Master.Testcase_RowCount_validation(SnowFlake_RowCount_Master.java:28)
at jdk.internal.reflect.GeneratedMethodAccessor13.invoke(Unknown Source)
at java.base/jdk.internal.reflect.DelegatingMethodAccessorImpl.invoke(DelegatingMethodAccessorImpl.java:43)
at java.base/java.lang.reflect.Method.invoke(Method.java:568)
at org.testng.internal.MethodInvocationHelper.invokeMethod(MethodInvocationHelper.java:133)
at org.testng.internal.TestInvoker.invokeMethod(TestInvoker.java:598)
at org.testng.internal.TestInvoker.invokeTestMethod(TestInvoker.java:173)
at org.testng.internal.MethodRunner.runInSequence(MethodRunner.java:46)
at org.testng.internal.TestInvoker$MethodInvocationAgent.invoke(TestInvoker.java:824)
at org.testng.internal.TestInvoker.invokeTestMethods(TestInvoker.java:146)
at org.testng.internal.TestMethodWorker.invokeTestMethods(TestMethodWorker.java:146)
at org.testng.internal.TestMethodWorker.run(TestMethodWorker.java:128)
at java.base/java.util.ArrayList.forEach(ArrayList.java:1511)
at org.testng.TestRunner.privateRun(TestRunner.java:794)
at org.testng.TestRunner.run(TestRunner.java:596)
at org.testng.SuiteRunner.runTest(SuiteRunner.java:377)
at org.testng.SuiteRunner.runSequentially(SuiteRunner.java:371)
at org.testng.SuiteRunner.privateRun(SuiteRunner.java:332)
at org.testng.SuiteRunner.run(SuiteRunner.java:276)
at org.testng.SuiteRunnerWorker.runSuite(SuiteRunnerWorker.java:53)
at org.testng.SuiteRunnerWorker.run(SuiteRunnerWorker.java:96)
at org.testng.TestNG.runSuitesSequentially(TestNG.java:1212)
at org.testng.TestNG.runSuitesLocally(TestNG.java:1134)
at org.testng.TestNG.runSuites(TestNG.java:1063)
at org.testng.TestNG.run(TestNG.java:1031)
at org.testng.remote.AbstractRemoteTestNG.run(AbstractRemoteTestNG.java:115)
at org.testng.remote.RemoteTestNG.initAndRun(RemoteTestNG.java:251)
at org.testng.remote.RemoteTestNG.main(RemoteTestNG.java:77)
]]>
    </failure>
  </testcase> <!-- Testcase_RowCount_validation -->
  <system-out>
    <![CDATA[Executing Snowflake query :: SELECT count(*) as TOTAL FROM DEV_ENT_RAW.API_MAT.ST_API_ESTIMATEITEM WHERE TENANT_NAME='HENDERSON'
Table Count in Snowflake:: 1083
Executing Snowflake query :: select count(*) as TOTAL from CURATED_DATAMART.ST_API_HENDERSON.STR_API_ESTIMATEITEM WHERE ACTIVE_FLAG='Y'
Table Count in Snowflake:: 904
Executing Snowflake query :: select count(*) as TOTAL from DEV_ENT_CURATED.MASTER_DIMENSIONS.DIM_ESTIMATEITEM WHERE TENANT_TYPE='HENDERSON' and RECORD_UPDATED_BY='API ETL'
Table Count in Snowflake:: 904
Row Count of Table ESTIMATEITEM is not matched for APIMAT :: 1083 DataMart :: 904
Row Count of Table ESTIMATEITEM is matched for DataMart :: 904 CURATED :: 904]]>
  </system-out>
  <testcase classname="testcases.RAW_DATAMART_CURATED.SnowFlake_RowCount_Master" name="Testcase_RowCount_validation" time="2.057">
    <failure message="The following asserts failed:
	null" type="java.lang.AssertionError">
      <![CDATA[java.lang.AssertionError: The following asserts failed:
null
at org.testng.asserts.SoftAssert.assertAll(SoftAssert.java:47)
at org.testng.asserts.SoftAssert.assertAll(SoftAssert.java:31)
at testcases.RAW_DATAMART_CURATED.SnowFlake_RowCount_Master.validate_RowCount_BKP(SnowFlake_RowCount_Master.java:56)
at testcases.RAW_DATAMART_CURATED.SnowFlake_RowCount_Master.Testcase_RowCount_validation(SnowFlake_RowCount_Master.java:25)
at jdk.internal.reflect.GeneratedMethodAccessor13.invoke(Unknown Source)
at java.base/jdk.internal.reflect.DelegatingMethodAccessorImpl.invoke(DelegatingMethodAccessorImpl.java:43)
at java.base/java.lang.reflect.Method.invoke(Method.java:568)
at org.testng.internal.MethodInvocationHelper.invokeMethod(MethodInvocationHelper.java:133)
at org.testng.internal.TestInvoker.invokeMethod(TestInvoker.java:598)
at org.testng.internal.TestInvoker.invokeTestMethod(TestInvoker.java:173)
at org.testng.internal.MethodRunner.runInSequence(MethodRunner.java:46)
at org.testng.internal.TestInvoker$MethodInvocationAgent.invoke(TestInvoker.java:824)
at org.testng.internal.TestInvoker.invokeTestMethods(TestInvoker.java:146)
at org.testng.internal.TestMethodWorker.invokeTestMethods(TestMethodWorker.java:146)
at org.testng.internal.TestMethodWorker.run(TestMethodWorker.java:128)
at java.base/java.util.ArrayList.forEach(ArrayList.java:1511)
at org.testng.TestRunner.privateRun(TestRunner.java:794)
at org.testng.TestRunner.run(TestRunner.java:596)
at org.testng.SuiteRunner.runTest(SuiteRunner.java:377)
at org.testng.SuiteRunner.runSequentially(SuiteRunner.java:371)
at org.testng.SuiteRunner.privateRun(SuiteRunner.java:332)
at org.testng.SuiteRunner.run(SuiteRunner.java:276)
at org.testng.SuiteRunnerWorker.runSuite(SuiteRunnerWorker.java:53)
at org.testng.SuiteRunnerWorker.run(SuiteRunnerWorker.java:96)
at org.testng.TestNG.runSuitesSequentially(TestNG.java:1212)
at org.testng.TestNG.runSuitesLocally(TestNG.java:1134)
at org.testng.TestNG.runSuites(TestNG.java:1063)
at org.testng.TestNG.run(TestNG.java:1031)
at org.testng.remote.AbstractRemoteTestNG.run(AbstractRemoteTestNG.java:115)
at org.testng.remote.RemoteTestNG.initAndRun(RemoteTestNG.java:251)
at org.testng.remote.RemoteTestNG.main(RemoteTestNG.java:77)
]]>
    </failure>
  </testcase> <!-- Testcase_RowCount_validation -->
  <system-out>
    <![CDATA[Executing Snowflake query :: SELECT count(*) as TOTAL FROM DEV_ENT_RAW.ST_BILLFENWICK_MATILLION.PAYMENTSPLIT
Table Count in Snowflake:: 63390
Executing Snowflake query :: select count(*) as TOTAL from CURATED_DATAMART.ST_BKP_BILLFENWICK.STR_PAYMENTSPLIT Where ACTIVE_FLAG='Y'
Table Count in Snowflake:: 63142
Executing Snowflake query :: select count(*) as TOTAL from DEV_ENT_CURATED.MASTER_DIMENSIONS.DIM_PAYMENTSPLIT where tenant_type='BILLFENWICK' and RECORD_UPDATED_BY='Backup Table'
Table Count in Snowflake:: 63142
Row Count of Table PAYMENTSPLIT is not matched for RAW :: 63390 DataMart :: 63142 CURATED :: 63142]]>
  </system-out>
  <testcase classname="testcases.RAW_DATAMART_CURATED.SnowFlake_RowCount_Master" name="Testcase_RowCount_validation" time="2.915">
    <failure message="The following asserts failed:
	null" type="java.lang.AssertionError">
      <![CDATA[java.lang.AssertionError: The following asserts failed:
null
at org.testng.asserts.SoftAssert.assertAll(SoftAssert.java:47)
at org.testng.asserts.SoftAssert.assertAll(SoftAssert.java:31)
at testcases.RAW_DATAMART_CURATED.SnowFlake_RowCount_Master.validate_RowCount_BKP(SnowFlake_RowCount_Master.java:56)
at testcases.RAW_DATAMART_CURATED.SnowFlake_RowCount_Master.Testcase_RowCount_validation(SnowFlake_RowCount_Master.java:25)
at jdk.internal.reflect.GeneratedMethodAccessor13.invoke(Unknown Source)
at java.base/jdk.internal.reflect.DelegatingMethodAccessorImpl.invoke(DelegatingMethodAccessorImpl.java:43)
at java.base/java.lang.reflect.Method.invoke(Method.java:568)
at org.testng.internal.MethodInvocationHelper.invokeMethod(MethodInvocationHelper.java:133)
at org.testng.internal.TestInvoker.invokeMethod(TestInvoker.java:598)
at org.testng.internal.TestInvoker.invokeTestMethod(TestInvoker.java:173)
at org.testng.internal.MethodRunner.runInSequence(MethodRunner.java:46)
at org.testng.internal.TestInvoker$MethodInvocationAgent.invoke(TestInvoker.java:824)
at org.testng.internal.TestInvoker.invokeTestMethods(TestInvoker.java:146)
at org.testng.internal.TestMethodWorker.invokeTestMethods(TestMethodWorker.java:146)
at org.testng.internal.TestMethodWorker.run(TestMethodWorker.java:128)
at java.base/java.util.ArrayList.forEach(ArrayList.java:1511)
at org.testng.TestRunner.privateRun(TestRunner.java:794)
at org.testng.TestRunner.run(TestRunner.java:596)
at org.testng.SuiteRunner.runTest(SuiteRunner.java:377)
at org.testng.SuiteRunner.runSequentially(SuiteRunner.java:371)
at org.testng.SuiteRunner.privateRun(SuiteRunner.java:332)
at org.testng.SuiteRunner.run(SuiteRunner.java:276)
at org.testng.SuiteRunnerWorker.runSuite(SuiteRunnerWorker.java:53)
at org.testng.SuiteRunnerWorker.run(SuiteRunnerWorker.java:96)
at org.testng.TestNG.runSuitesSequentially(TestNG.java:1212)
at org.testng.TestNG.runSuitesLocally(TestNG.java:1134)
at org.testng.TestNG.runSuites(TestNG.java:1063)
at org.testng.TestNG.run(TestNG.java:1031)
at org.testng.remote.AbstractRemoteTestNG.run(AbstractRemoteTestNG.java:115)
at org.testng.remote.RemoteTestNG.initAndRun(RemoteTestNG.java:251)
at org.testng.remote.RemoteTestNG.main(RemoteTestNG.java:77)
]]>
    </failure>
  </testcase> <!-- Testcase_RowCount_validation -->
  <system-out>
    <![CDATA[Executing Snowflake query :: SELECT count(*) as TOTAL FROM DEV_ENT_RAW.ST_GOLDMEDAL_MATILLION.PROJECT
Table Count in Snowflake:: 55987
Executing Snowflake query :: select count(*) as TOTAL from CURATED_DATAMART.ST_BKP_GOLDMEDAL.STR_PROJECT Where ACTIVE_FLAG='Y'
Table Count in Snowflake:: 56015
Executing Snowflake query :: select count(*) as TOTAL from DEV_ENT_CURATED.MASTER_DIMENSIONS.DIM_PROJECT where tenant_type='GOLDMEDAL' and RECORD_UPDATED_BY='Backup Table'
Table Count in Snowflake:: 55872
Row Count of Table PROJECT is not matched for RAW :: 55987 DataMart :: 56015 CURATED :: 55872]]>
  </system-out>
  <testcase classname="testcases.RAW_DATAMART_CURATED.SnowFlake_RowCount_Master" name="Testcase_RowCount_validation" time="1.639">
    <failure message="The following asserts failed:
	null" type="java.lang.AssertionError">
      <![CDATA[java.lang.AssertionError: The following asserts failed:
null
at org.testng.asserts.SoftAssert.assertAll(SoftAssert.java:47)
at org.testng.asserts.SoftAssert.assertAll(SoftAssert.java:31)
at testcases.RAW_DATAMART_CURATED.SnowFlake_RowCount_Master.validate_RowCount_BKP(SnowFlake_RowCount_Master.java:56)
at testcases.RAW_DATAMART_CURATED.SnowFlake_RowCount_Master.Testcase_RowCount_validation(SnowFlake_RowCount_Master.java:25)
at jdk.internal.reflect.GeneratedMethodAccessor13.invoke(Unknown Source)
at java.base/jdk.internal.reflect.DelegatingMethodAccessorImpl.invoke(DelegatingMethodAccessorImpl.java:43)
at java.base/java.lang.reflect.Method.invoke(Method.java:568)
at org.testng.internal.MethodInvocationHelper.invokeMethod(MethodInvocationHelper.java:133)
at org.testng.internal.TestInvoker.invokeMethod(TestInvoker.java:598)
at org.testng.internal.TestInvoker.invokeTestMethod(TestInvoker.java:173)
at org.testng.internal.MethodRunner.runInSequence(MethodRunner.java:46)
at org.testng.internal.TestInvoker$MethodInvocationAgent.invoke(TestInvoker.java:824)
at org.testng.internal.TestInvoker.invokeTestMethods(TestInvoker.java:146)
at org.testng.internal.TestMethodWorker.invokeTestMethods(TestMethodWorker.java:146)
at org.testng.internal.TestMethodWorker.run(TestMethodWorker.java:128)
at java.base/java.util.ArrayList.forEach(ArrayList.java:1511)
at org.testng.TestRunner.privateRun(TestRunner.java:794)
at org.testng.TestRunner.run(TestRunner.java:596)
at org.testng.SuiteRunner.runTest(SuiteRunner.java:377)
at org.testng.SuiteRunner.runSequentially(SuiteRunner.java:371)
at org.testng.SuiteRunner.privateRun(SuiteRunner.java:332)
at org.testng.SuiteRunner.run(SuiteRunner.java:276)
at org.testng.SuiteRunnerWorker.runSuite(SuiteRunnerWorker.java:53)
at org.testng.SuiteRunnerWorker.run(SuiteRunnerWorker.java:96)
at org.testng.TestNG.runSuitesSequentially(TestNG.java:1212)
at org.testng.TestNG.runSuitesLocally(TestNG.java:1134)
at org.testng.TestNG.runSuites(TestNG.java:1063)
at org.testng.TestNG.run(TestNG.java:1031)
at org.testng.remote.AbstractRemoteTestNG.run(AbstractRemoteTestNG.java:115)
at org.testng.remote.RemoteTestNG.initAndRun(RemoteTestNG.java:251)
at org.testng.remote.RemoteTestNG.main(RemoteTestNG.java:77)
]]>
    </failure>
  </testcase> <!-- Testcase_RowCount_validation -->
  <system-out>
    <![CDATA[Executing Snowflake query :: SELECT count(*) as TOTAL FROM DEV_ENT_RAW.ST_GOLDMEDAL_MATILLION.EQUIPMENT
Table Count in Snowflake:: 6126
Executing Snowflake query :: select count(*) as TOTAL from CURATED_DATAMART.ST_BKP_GOLDMEDAL.STR_EQUIPMENT Where ACTIVE_FLAG='Y'
Table Count in Snowflake:: 6126
Executing Snowflake query :: select count(*) as TOTAL from DEV_ENT_CURATED.MASTER_DIMENSIONS.DIM_EQUIPMENT where tenant_type='GOLDMEDAL' and RECORD_UPDATED_BY='Backup Table'
Table Count in Snowflake:: 5501
Row Count of Table EQUIPMENT is not matched for RAW :: 6126 DataMart :: 6126 CURATED :: 5501]]>
  </system-out>
  <testcase classname="testcases.RAW_DATAMART_CURATED.SnowFlake_RowCount_Master" name="Testcase_RowCount_validation" time="2.967">
    <failure message="The following asserts failed:
	null,
	null" type="java.lang.AssertionError">
      <![CDATA[java.lang.AssertionError: The following asserts failed:
null,
null
at org.testng.asserts.SoftAssert.assertAll(SoftAssert.java:47)
at org.testng.asserts.SoftAssert.assertAll(SoftAssert.java:31)
at testcases.RAW_DATAMART_CURATED.SnowFlake_RowCount_Master.validate_RowCount_API(SnowFlake_RowCount_Master.java:115)
at testcases.RAW_DATAMART_CURATED.SnowFlake_RowCount_Master.Testcase_RowCount_validation(SnowFlake_RowCount_Master.java:28)
at jdk.internal.reflect.GeneratedMethodAccessor13.invoke(Unknown Source)
at java.base/jdk.internal.reflect.DelegatingMethodAccessorImpl.invoke(DelegatingMethodAccessorImpl.java:43)
at java.base/java.lang.reflect.Method.invoke(Method.java:568)
at org.testng.internal.MethodInvocationHelper.invokeMethod(MethodInvocationHelper.java:133)
at org.testng.internal.TestInvoker.invokeMethod(TestInvoker.java:598)
at org.testng.internal.TestInvoker.invokeTestMethod(TestInvoker.java:173)
at org.testng.internal.MethodRunner.runInSequence(MethodRunner.java:46)
at org.testng.internal.TestInvoker$MethodInvocationAgent.invoke(TestInvoker.java:824)
at org.testng.internal.TestInvoker.invokeTestMethods(TestInvoker.java:146)
at org.testng.internal.TestMethodWorker.invokeTestMethods(TestMethodWorker.java:146)
at org.testng.internal.TestMethodWorker.run(TestMethodWorker.java:128)
at java.base/java.util.ArrayList.forEach(ArrayList.java:1511)
at org.testng.TestRunner.privateRun(TestRunner.java:794)
at org.testng.TestRunner.run(TestRunner.java:596)
at org.testng.SuiteRunner.runTest(SuiteRunner.java:377)
at org.testng.SuiteRunner.runSequentially(SuiteRunner.java:371)
at org.testng.SuiteRunner.privateRun(SuiteRunner.java:332)
at org.testng.SuiteRunner.run(SuiteRunner.java:276)
at org.testng.SuiteRunnerWorker.runSuite(SuiteRunnerWorker.java:53)
at org.testng.SuiteRunnerWorker.run(SuiteRunnerWorker.java:96)
at org.testng.TestNG.runSuitesSequentially(TestNG.java:1212)
at org.testng.TestNG.runSuitesLocally(TestNG.java:1134)
at org.testng.TestNG.runSuites(TestNG.java:1063)
at org.testng.TestNG.run(TestNG.java:1031)
at org.testng.remote.AbstractRemoteTestNG.run(AbstractRemoteTestNG.java:115)
at org.testng.remote.RemoteTestNG.initAndRun(RemoteTestNG.java:251)
at org.testng.remote.RemoteTestNG.main(RemoteTestNG.java:77)
]]>
    </failure>
  </testcase> <!-- Testcase_RowCount_validation -->
  <system-out>
    <![CDATA[Executing Snowflake query :: SELECT count(*) as TOTAL FROM DEV_ENT_RAW.API_MAT.ST_API_JOB WHERE TENANT_NAME='HORIZONSERVICES'
Table Count in Snowflake:: 12960
Executing Snowflake query :: select count(*) as TOTAL from CURATED_DATAMART.ST_API_HORIZONSERVICES.STR_API_JOB WHERE ACTIVE_FLAG='Y'
Table Count in Snowflake:: 9071
Executing Snowflake query :: select count(*) as TOTAL from DEV_ENT_CURATED.MASTER_DIMENSIONS.DIM_JOB WHERE TENANT_TYPE='HORIZONSERVICES' and RECORD_UPDATED_BY='API ETL'
Table Count in Snowflake:: 0
Row Count of Table JOB is not matched for APIMAT :: 12960 DataMart :: 9071
Executing Snowflake query :: select count(*) as TOTAL from DEV_ENT_CURATED.MASTER_DIMENSIONS.DIM_JOB WHERE TENANT_TYPE='HORIZONSERVICES' and RECORD_UPDATED_BY='Backup Table' AND ID in (select ID from CURATED_DATAMART.ST_API_HORIZONSERVICES.STR_API_JOB WHERE ACTIVE_FLAG='Y')
Table Count in Snowflake:: 9060
Row Count of Table JOB is not matched for DataMart :: 9071 CURATED :: 9060]]>
  </system-out>
  <testcase classname="testcases.RAW_DATAMART_CURATED.SnowFlake_RowCount_Master" name="Testcase_RowCount_validation" time="1.985">
    <failure message="The following asserts failed:
	null" type="java.lang.AssertionError">
      <![CDATA[java.lang.AssertionError: The following asserts failed:
null
at org.testng.asserts.SoftAssert.assertAll(SoftAssert.java:47)
at org.testng.asserts.SoftAssert.assertAll(SoftAssert.java:31)
at testcases.RAW_DATAMART_CURATED.SnowFlake_RowCount_Master.validate_RowCount_BKP(SnowFlake_RowCount_Master.java:56)
at testcases.RAW_DATAMART_CURATED.SnowFlake_RowCount_Master.Testcase_RowCount_validation(SnowFlake_RowCount_Master.java:25)
at jdk.internal.reflect.GeneratedMethodAccessor13.invoke(Unknown Source)
at java.base/jdk.internal.reflect.DelegatingMethodAccessorImpl.invoke(DelegatingMethodAccessorImpl.java:43)
at java.base/java.lang.reflect.Method.invoke(Method.java:568)
at org.testng.internal.MethodInvocationHelper.invokeMethod(MethodInvocationHelper.java:133)
at org.testng.internal.TestInvoker.invokeMethod(TestInvoker.java:598)
at org.testng.internal.TestInvoker.invokeTestMethod(TestInvoker.java:173)
at org.testng.internal.MethodRunner.runInSequence(MethodRunner.java:46)
at org.testng.internal.TestInvoker$MethodInvocationAgent.invoke(TestInvoker.java:824)
at org.testng.internal.TestInvoker.invokeTestMethods(TestInvoker.java:146)
at org.testng.internal.TestMethodWorker.invokeTestMethods(TestMethodWorker.java:146)
at org.testng.internal.TestMethodWorker.run(TestMethodWorker.java:128)
at java.base/java.util.ArrayList.forEach(ArrayList.java:1511)
at org.testng.TestRunner.privateRun(TestRunner.java:794)
at org.testng.TestRunner.run(TestRunner.java:596)
at org.testng.SuiteRunner.runTest(SuiteRunner.java:377)
at org.testng.SuiteRunner.runSequentially(SuiteRunner.java:371)
at org.testng.SuiteRunner.privateRun(SuiteRunner.java:332)
at org.testng.SuiteRunner.run(SuiteRunner.java:276)
at org.testng.SuiteRunnerWorker.runSuite(SuiteRunnerWorker.java:53)
at org.testng.SuiteRunnerWorker.run(SuiteRunnerWorker.java:96)
at org.testng.TestNG.runSuitesSequentially(TestNG.java:1212)
at org.testng.TestNG.runSuitesLocally(TestNG.java:1134)
at org.testng.TestNG.runSuites(TestNG.java:1063)
at org.testng.TestNG.run(TestNG.java:1031)
at org.testng.remote.AbstractRemoteTestNG.run(AbstractRemoteTestNG.java:115)
at org.testng.remote.RemoteTestNG.initAndRun(RemoteTestNG.java:251)
at org.testng.remote.RemoteTestNG.main(RemoteTestNG.java:77)
]]>
    </failure>
  </testcase> <!-- Testcase_RowCount_validation -->
  <system-out>
    <![CDATA[Executing Snowflake query :: SELECT count(*) as TOTAL FROM DEV_ENT_RAW.ST_HORIZONSERVICES_MATILLION.PROJECT
Table Count in Snowflake:: 154106
Executing Snowflake query :: select count(*) as TOTAL from CURATED_DATAMART.ST_BKP_HORIZONSERVICES.STR_PROJECT Where ACTIVE_FLAG='Y'
Table Count in Snowflake:: 153586
Executing Snowflake query :: select count(*) as TOTAL from DEV_ENT_CURATED.MASTER_DIMENSIONS.DIM_PROJECT where tenant_type='HORIZONSERVICES' and RECORD_UPDATED_BY='Backup Table'
Table Count in Snowflake:: 166309
Row Count of Table PROJECT is not matched for RAW :: 154106 DataMart :: 153586 CURATED :: 166309]]>
  </system-out>
  <testcase classname="testcases.RAW_DATAMART_CURATED.SnowFlake_RowCount_Master" name="Testcase_RowCount_validation" time="2.041">
    <failure message="The following asserts failed:
	null" type="java.lang.AssertionError">
      <![CDATA[java.lang.AssertionError: The following asserts failed:
null
at org.testng.asserts.SoftAssert.assertAll(SoftAssert.java:47)
at org.testng.asserts.SoftAssert.assertAll(SoftAssert.java:31)
at testcases.RAW_DATAMART_CURATED.SnowFlake_RowCount_Master.validate_RowCount_API(SnowFlake_RowCount_Master.java:115)
at testcases.RAW_DATAMART_CURATED.SnowFlake_RowCount_Master.Testcase_RowCount_validation(SnowFlake_RowCount_Master.java:28)
at jdk.internal.reflect.GeneratedMethodAccessor13.invoke(Unknown Source)
at java.base/jdk.internal.reflect.DelegatingMethodAccessorImpl.invoke(DelegatingMethodAccessorImpl.java:43)
at java.base/java.lang.reflect.Method.invoke(Method.java:568)
at org.testng.internal.MethodInvocationHelper.invokeMethod(MethodInvocationHelper.java:133)
at org.testng.internal.TestInvoker.invokeMethod(TestInvoker.java:598)
at org.testng.internal.TestInvoker.invokeTestMethod(TestInvoker.java:173)
at org.testng.internal.MethodRunner.runInSequence(MethodRunner.java:46)
at org.testng.internal.TestInvoker$MethodInvocationAgent.invoke(TestInvoker.java:824)
at org.testng.internal.TestInvoker.invokeTestMethods(TestInvoker.java:146)
at org.testng.internal.TestMethodWorker.invokeTestMethods(TestMethodWorker.java:146)
at org.testng.internal.TestMethodWorker.run(TestMethodWorker.java:128)
at java.base/java.util.ArrayList.forEach(ArrayList.java:1511)
at org.testng.TestRunner.privateRun(TestRunner.java:794)
at org.testng.TestRunner.run(TestRunner.java:596)
at org.testng.SuiteRunner.runTest(SuiteRunner.java:377)
at org.testng.SuiteRunner.runSequentially(SuiteRunner.java:371)
at org.testng.SuiteRunner.privateRun(SuiteRunner.java:332)
at org.testng.SuiteRunner.run(SuiteRunner.java:276)
at org.testng.SuiteRunnerWorker.runSuite(SuiteRunnerWorker.java:53)
at org.testng.SuiteRunnerWorker.run(SuiteRunnerWorker.java:96)
at org.testng.TestNG.runSuitesSequentially(TestNG.java:1212)
at org.testng.TestNG.runSuitesLocally(TestNG.java:1134)
at org.testng.TestNG.runSuites(TestNG.java:1063)
at org.testng.TestNG.run(TestNG.java:1031)
at org.testng.remote.AbstractRemoteTestNG.run(AbstractRemoteTestNG.java:115)
at org.testng.remote.RemoteTestNG.initAndRun(RemoteTestNG.java:251)
at org.testng.remote.RemoteTestNG.main(RemoteTestNG.java:77)
]]>
    </failure>
  </testcase> <!-- Testcase_RowCount_validation -->
  <system-out>
    <![CDATA[Executing Snowflake query :: SELECT count(*) as TOTAL FROM DEV_ENT_RAW.API_MAT.ST_API_CATEGORY WHERE TENANT_NAME='MAITZ'
Table Count in Snowflake:: 210
Executing Snowflake query :: select count(*) as TOTAL from CURATED_DATAMART.ST_API_MAITZ.STR_API_CATEGORY WHERE ACTIVE_FLAG='Y'
Table Count in Snowflake:: 210
Executing Snowflake query :: select count(*) as TOTAL from DEV_ENT_CURATED.MASTER_DIMENSIONS.DIM_CATEGORY WHERE TENANT_TYPE='MAITZ' and RECORD_UPDATED_BY='API ETL'
Table Count in Snowflake:: 0
Row Count of Table CATEGORY is matched for APIMAT :: 210 DataMart :: 210
Executing Snowflake query :: select count(*) as TOTAL from DEV_ENT_CURATED.MASTER_DIMENSIONS.DIM_CATEGORY WHERE TENANT_TYPE='MAITZ' and RECORD_UPDATED_BY='Backup Table' AND ID in (select ID from CURATED_DATAMART.ST_API_MAITZ.STR_API_CATEGORY WHERE ACTIVE_FLAG='Y')
Table Count in Snowflake:: 209
Row Count of Table CATEGORY is not matched for DataMart :: 210 CURATED :: 209]]>
  </system-out>
  <testcase classname="testcases.RAW_DATAMART_CURATED.SnowFlake_RowCount_Master" name="Testcase_RowCount_validation" time="2.047">
    <failure message="The following asserts failed:
	null" type="java.lang.AssertionError">
      <![CDATA[java.lang.AssertionError: The following asserts failed:
null
at org.testng.asserts.SoftAssert.assertAll(SoftAssert.java:47)
at org.testng.asserts.SoftAssert.assertAll(SoftAssert.java:31)
at testcases.RAW_DATAMART_CURATED.SnowFlake_RowCount_Master.validate_RowCount_BKP(SnowFlake_RowCount_Master.java:56)
at testcases.RAW_DATAMART_CURATED.SnowFlake_RowCount_Master.Testcase_RowCount_validation(SnowFlake_RowCount_Master.java:25)
at jdk.internal.reflect.GeneratedMethodAccessor13.invoke(Unknown Source)
at java.base/jdk.internal.reflect.DelegatingMethodAccessorImpl.invoke(DelegatingMethodAccessorImpl.java:43)
at java.base/java.lang.reflect.Method.invoke(Method.java:568)
at org.testng.internal.MethodInvocationHelper.invokeMethod(MethodInvocationHelper.java:133)
at org.testng.internal.TestInvoker.invokeMethod(TestInvoker.java:598)
at org.testng.internal.TestInvoker.invokeTestMethod(TestInvoker.java:173)
at org.testng.internal.MethodRunner.runInSequence(MethodRunner.java:46)
at org.testng.internal.TestInvoker$MethodInvocationAgent.invoke(TestInvoker.java:824)
at org.testng.internal.TestInvoker.invokeTestMethods(TestInvoker.java:146)
at org.testng.internal.TestMethodWorker.invokeTestMethods(TestMethodWorker.java:146)
at org.testng.internal.TestMethodWorker.run(TestMethodWorker.java:128)
at java.base/java.util.ArrayList.forEach(ArrayList.java:1511)
at org.testng.TestRunner.privateRun(TestRunner.java:794)
at org.testng.TestRunner.run(TestRunner.java:596)
at org.testng.SuiteRunner.runTest(SuiteRunner.java:377)
at org.testng.SuiteRunner.runSequentially(SuiteRunner.java:371)
at org.testng.SuiteRunner.privateRun(SuiteRunner.java:332)
at org.testng.SuiteRunner.run(SuiteRunner.java:276)
at org.testng.SuiteRunnerWorker.runSuite(SuiteRunnerWorker.java:53)
at org.testng.SuiteRunnerWorker.run(SuiteRunnerWorker.java:96)
at org.testng.TestNG.runSuitesSequentially(TestNG.java:1212)
at org.testng.TestNG.runSuitesLocally(TestNG.java:1134)
at org.testng.TestNG.runSuites(TestNG.java:1063)
at org.testng.TestNG.run(TestNG.java:1031)
at org.testng.remote.AbstractRemoteTestNG.run(AbstractRemoteTestNG.java:115)
at org.testng.remote.RemoteTestNG.initAndRun(RemoteTestNG.java:251)
at org.testng.remote.RemoteTestNG.main(RemoteTestNG.java:77)
]]>
    </failure>
  </testcase> <!-- Testcase_RowCount_validation -->
  <system-out>
    <![CDATA[Executing Snowflake query :: SELECT count(*) as TOTAL FROM DEV_ENT_RAW.ST_MAITZ_MATILLION.JOBCOMPLETIONSURVEY
Table Count in Snowflake:: 981
Executing Snowflake query :: select count(*) as TOTAL from CURATED_DATAMART.ST_BKP_MAITZ.STR_JOBCOMPLETIONSURVEY Where ACTIVE_FLAG='Y'
Table Count in Snowflake:: 973
Executing Snowflake query :: select count(*) as TOTAL from DEV_ENT_CURATED.MASTER_DIMENSIONS.DIM_JOBCOMPLETIONSURVEY where tenant_type='MAITZ' and RECORD_UPDATED_BY='Backup Table'
Table Count in Snowflake:: 973
Row Count of Table JOBCOMPLETIONSURVEY is not matched for RAW :: 981 DataMart :: 973 CURATED :: 973]]>
  </system-out>
  <testcase classname="testcases.RAW_DATAMART_CURATED.SnowFlake_RowCount_Master" name="Testcase_RowCount_validation" time="1.356">
    <failure message="The following asserts failed:
	null" type="java.lang.AssertionError">
      <![CDATA[java.lang.AssertionError: The following asserts failed:
null
at org.testng.asserts.SoftAssert.assertAll(SoftAssert.java:47)
at org.testng.asserts.SoftAssert.assertAll(SoftAssert.java:31)
at testcases.RAW_DATAMART_CURATED.SnowFlake_RowCount_Master.validate_RowCount_BKP(SnowFlake_RowCount_Master.java:56)
at testcases.RAW_DATAMART_CURATED.SnowFlake_RowCount_Master.Testcase_RowCount_validation(SnowFlake_RowCount_Master.java:25)
at jdk.internal.reflect.GeneratedMethodAccessor13.invoke(Unknown Source)
at java.base/jdk.internal.reflect.DelegatingMethodAccessorImpl.invoke(DelegatingMethodAccessorImpl.java:43)
at java.base/java.lang.reflect.Method.invoke(Method.java:568)
at org.testng.internal.MethodInvocationHelper.invokeMethod(MethodInvocationHelper.java:133)
at org.testng.internal.TestInvoker.invokeMethod(TestInvoker.java:598)
at org.testng.internal.TestInvoker.invokeTestMethod(TestInvoker.java:173)
at org.testng.internal.MethodRunner.runInSequence(MethodRunner.java:46)
at org.testng.internal.TestInvoker$MethodInvocationAgent.invoke(TestInvoker.java:824)
at org.testng.internal.TestInvoker.invokeTestMethods(TestInvoker.java:146)
at org.testng.internal.TestMethodWorker.invokeTestMethods(TestMethodWorker.java:146)
at org.testng.internal.TestMethodWorker.run(TestMethodWorker.java:128)
at java.base/java.util.ArrayList.forEach(ArrayList.java:1511)
at org.testng.TestRunner.privateRun(TestRunner.java:794)
at org.testng.TestRunner.run(TestRunner.java:596)
at org.testng.SuiteRunner.runTest(SuiteRunner.java:377)
at org.testng.SuiteRunner.runSequentially(SuiteRunner.java:371)
at org.testng.SuiteRunner.privateRun(SuiteRunner.java:332)
at org.testng.SuiteRunner.run(SuiteRunner.java:276)
at org.testng.SuiteRunnerWorker.runSuite(SuiteRunnerWorker.java:53)
at org.testng.SuiteRunnerWorker.run(SuiteRunnerWorker.java:96)
at org.testng.TestNG.runSuitesSequentially(TestNG.java:1212)
at org.testng.TestNG.runSuitesLocally(TestNG.java:1134)
at org.testng.TestNG.runSuites(TestNG.java:1063)
at org.testng.TestNG.run(TestNG.java:1031)
at org.testng.remote.AbstractRemoteTestNG.run(AbstractRemoteTestNG.java:115)
at org.testng.remote.RemoteTestNG.initAndRun(RemoteTestNG.java:251)
at org.testng.remote.RemoteTestNG.main(RemoteTestNG.java:77)
]]>
    </failure>
  </testcase> <!-- Testcase_RowCount_validation -->
  <system-out>
    <![CDATA[Executing Snowflake query :: SELECT count(*) as TOTAL FROM DEV_ENT_RAW.ST_SNELLHEATINGAIR_MATILLION.CUSTOMERMEMBERSHIP
Table Count in Snowflake:: 21804
Executing Snowflake query :: select count(*) as TOTAL from CURATED_DATAMART.ST_BKP_SNELLHEATINGAIR.STR_CUSTOMERMEMBERSHIP Where ACTIVE_FLAG='Y'
Table Count in Snowflake:: 21787
Executing Snowflake query :: select count(*) as TOTAL from DEV_ENT_CURATED.MASTER_DIMENSIONS.DIM_CUSTOMERMEMBERSHIP where tenant_type='SNELLHEATINGAIR' and RECORD_UPDATED_BY='Backup Table'
Table Count in Snowflake:: 0
Row Count of Table CUSTOMERMEMBERSHIP is not matched for RAW :: 21804 DataMart :: 21787 CURATED :: 0]]>
  </system-out>
  <testcase classname="testcases.RAW_DATAMART_CURATED.SnowFlake_RowCount_Master" name="Testcase_RowCount_validation" time="2.024"/>
  <system-out>
    <![CDATA[Executing Snowflake query :: SELECT count(*) as TOTAL FROM DEV_ENT_RAW.ST_SNELLHEATINGAIR_MATILLION.JOBASSIGNMENT
Table Count in Snowflake:: 187379
Executing Snowflake query :: select count(*) as TOTAL from CURATED_DATAMART.ST_BKP_SNELLHEATINGAIR.STR_JOBASSIGNMENT Where ACTIVE_FLAG='Y'
Table Count in Snowflake:: 187659
Executing Snowflake query :: select count(*) as TOTAL from DEV_ENT_CURATED.MASTER_DIMENSIONS.DIM_JOBASSIGNMENT where tenant_type='SNELLHEATINGAIR' and RECORD_UPDATED_BY='Backup Table'
Table Count in Snowflake:: 187659
Row Count of Table JOBASSIGNMENT is matched for RAW :: 187379 DataMart :: 187659 CURATED :: 187659]]>
  </system-out>
  <testcase classname="testcases.RAW_DATAMART_CURATED.SnowFlake_RowCount_Master" name="Testcase_RowCount_validation" time="5.320">
    <failure message="The following asserts failed:
	null" type="java.lang.AssertionError">
      <![CDATA[java.lang.AssertionError: The following asserts failed:
null
at org.testng.asserts.SoftAssert.assertAll(SoftAssert.java:47)
at org.testng.asserts.SoftAssert.assertAll(SoftAssert.java:31)
at testcases.RAW_DATAMART_CURATED.SnowFlake_RowCount_Master.validate_RowCount_BKP(SnowFlake_RowCount_Master.java:56)
at testcases.RAW_DATAMART_CURATED.SnowFlake_RowCount_Master.Testcase_RowCount_validation(SnowFlake_RowCount_Master.java:25)
at jdk.internal.reflect.GeneratedMethodAccessor13.invoke(Unknown Source)
at java.base/jdk.internal.reflect.DelegatingMethodAccessorImpl.invoke(DelegatingMethodAccessorImpl.java:43)
at java.base/java.lang.reflect.Method.invoke(Method.java:568)
at org.testng.internal.MethodInvocationHelper.invokeMethod(MethodInvocationHelper.java:133)
at org.testng.internal.TestInvoker.invokeMethod(TestInvoker.java:598)
at org.testng.internal.TestInvoker.invokeTestMethod(TestInvoker.java:173)
at org.testng.internal.MethodRunner.runInSequence(MethodRunner.java:46)
at org.testng.internal.TestInvoker$MethodInvocationAgent.invoke(TestInvoker.java:824)
at org.testng.internal.TestInvoker.invokeTestMethods(TestInvoker.java:146)
at org.testng.internal.TestMethodWorker.invokeTestMethods(TestMethodWorker.java:146)
at org.testng.internal.TestMethodWorker.run(TestMethodWorker.java:128)
at java.base/java.util.ArrayList.forEach(ArrayList.java:1511)
at org.testng.TestRunner.privateRun(TestRunner.java:794)
at org.testng.TestRunner.run(TestRunner.java:596)
at org.testng.SuiteRunner.runTest(SuiteRunner.java:377)
at org.testng.SuiteRunner.runSequentially(SuiteRunner.java:371)
at org.testng.SuiteRunner.privateRun(SuiteRunner.java:332)
at org.testng.SuiteRunner.run(SuiteRunner.java:276)
at org.testng.SuiteRunnerWorker.runSuite(SuiteRunnerWorker.java:53)
at org.testng.SuiteRunnerWorker.run(SuiteRunnerWorker.java:96)
at org.testng.TestNG.runSuitesSequentially(TestNG.java:1212)
at org.testng.TestNG.runSuitesLocally(TestNG.java:1134)
at org.testng.TestNG.runSuites(TestNG.java:1063)
at org.testng.TestNG.run(TestNG.java:1031)
at org.testng.remote.AbstractRemoteTestNG.run(AbstractRemoteTestNG.java:115)
at org.testng.remote.RemoteTestNG.initAndRun(RemoteTestNG.java:251)
at org.testng.remote.RemoteTestNG.main(RemoteTestNG.java:77)
]]>
    </failure>
  </testcase> <!-- Testcase_RowCount_validation -->
  <system-out>
    <![CDATA[Executing Snowflake query :: SELECT count(*) as TOTAL FROM DEV_ENT_RAW.ST_HORIZONSERVICES_MATILLION.OPPORTUNITY
Table Count in Snowflake:: 3883859
Executing Snowflake query :: select count(*) as TOTAL from CURATED_DATAMART.ST_BKP_HORIZONSERVICES.STR_OPPORTUNITY Where ACTIVE_FLAG='Y'
Table Count in Snowflake:: 3884870
Executing Snowflake query :: select count(*) as TOTAL from DEV_ENT_CURATED.MASTER_DIMENSIONS.DIM_OPPORTUNITY where tenant_type='HORIZONSERVICES' and RECORD_UPDATED_BY='Backup Table'
Table Count in Snowflake:: 3882066
Row Count of Table OPPORTUNITY is not matched for RAW :: 3883859 DataMart :: 3884870 CURATED :: 3882066]]>
  </system-out>
  <testcase classname="testcases.RAW_DATAMART_CURATED.SnowFlake_RowCount_Master" name="Testcase_RowCount_validation" time="2.583">
    <failure message="The following asserts failed:
	null,
	null" type="java.lang.AssertionError">
      <![CDATA[java.lang.AssertionError: The following asserts failed:
null,
null
at org.testng.asserts.SoftAssert.assertAll(SoftAssert.java:47)
at org.testng.asserts.SoftAssert.assertAll(SoftAssert.java:31)
at testcases.RAW_DATAMART_CURATED.SnowFlake_RowCount_Master.validate_RowCount_API(SnowFlake_RowCount_Master.java:115)
at testcases.RAW_DATAMART_CURATED.SnowFlake_RowCount_Master.Testcase_RowCount_validation(SnowFlake_RowCount_Master.java:28)
at jdk.internal.reflect.GeneratedMethodAccessor13.invoke(Unknown Source)
at java.base/jdk.internal.reflect.DelegatingMethodAccessorImpl.invoke(DelegatingMethodAccessorImpl.java:43)
at java.base/java.lang.reflect.Method.invoke(Method.java:568)
at org.testng.internal.MethodInvocationHelper.invokeMethod(MethodInvocationHelper.java:133)
at org.testng.internal.TestInvoker.invokeMethod(TestInvoker.java:598)
at org.testng.internal.TestInvoker.invokeTestMethod(TestInvoker.java:173)
at org.testng.internal.MethodRunner.runInSequence(MethodRunner.java:46)
at org.testng.internal.TestInvoker$MethodInvocationAgent.invoke(TestInvoker.java:824)
at org.testng.internal.TestInvoker.invokeTestMethods(TestInvoker.java:146)
at org.testng.internal.TestMethodWorker.invokeTestMethods(TestMethodWorker.java:146)
at org.testng.internal.TestMethodWorker.run(TestMethodWorker.java:128)
at java.base/java.util.ArrayList.forEach(ArrayList.java:1511)
at org.testng.TestRunner.privateRun(TestRunner.java:794)
at org.testng.TestRunner.run(TestRunner.java:596)
at org.testng.SuiteRunner.runTest(SuiteRunner.java:377)
at org.testng.SuiteRunner.runSequentially(SuiteRunner.java:371)
at org.testng.SuiteRunner.privateRun(SuiteRunner.java:332)
at org.testng.SuiteRunner.run(SuiteRunner.java:276)
at org.testng.SuiteRunnerWorker.runSuite(SuiteRunnerWorker.java:53)
at org.testng.SuiteRunnerWorker.run(SuiteRunnerWorker.java:96)
at org.testng.TestNG.runSuitesSequentially(TestNG.java:1212)
at org.testng.TestNG.runSuitesLocally(TestNG.java:1134)
at org.testng.TestNG.runSuites(TestNG.java:1063)
at org.testng.TestNG.run(TestNG.java:1031)
at org.testng.remote.AbstractRemoteTestNG.run(AbstractRemoteTestNG.java:115)
at org.testng.remote.RemoteTestNG.initAndRun(RemoteTestNG.java:251)
at org.testng.remote.RemoteTestNG.main(RemoteTestNG.java:77)
]]>
    </failure>
  </testcase> <!-- Testcase_RowCount_validation -->
  <system-out>
    <![CDATA[Executing Snowflake query :: SELECT count(*) as TOTAL FROM DEV_ENT_RAW.API_MAT.ST_API_CUSTOMER WHERE TENANT_NAME='HARP'
Table Count in Snowflake:: 1368
Executing Snowflake query :: select count(*) as TOTAL from CURATED_DATAMART.ST_API_HARP.STR_API_CUSTOMER WHERE ACTIVE_FLAG='Y'
Table Count in Snowflake:: 1224
Executing Snowflake query :: select count(*) as TOTAL from DEV_ENT_CURATED.MASTER_DIMENSIONS.DIM_CUSTOMER WHERE TENANT_TYPE='HARP' and RECORD_UPDATED_BY='API ETL'
Table Count in Snowflake:: 32
Row Count of Table CUSTOMER is not matched for APIMAT :: 1368 DataMart :: 1224
Executing Snowflake query :: select count(*) as TOTAL from DEV_ENT_CURATED.MASTER_DIMENSIONS.DIM_CUSTOMER WHERE TENANT_TYPE='HARP' and RECORD_UPDATED_BY='Backup Table' AND ID in (select ID from CURATED_DATAMART.ST_API_HARP.STR_API_CUSTOMER WHERE ACTIVE_FLAG='Y')
Table Count in Snowflake:: 1192
Row Count of Table CUSTOMER is not matched for DataMart :: 1224 CURATED :: 1192]]>
  </system-out>
  <testcase classname="testcases.RAW_DATAMART_CURATED.SnowFlake_RowCount_Master" name="Testcase_RowCount_validation" time="1.856">
    <failure message="The following asserts failed:
	null" type="java.lang.AssertionError">
      <![CDATA[java.lang.AssertionError: The following asserts failed:
null
at org.testng.asserts.SoftAssert.assertAll(SoftAssert.java:47)
at org.testng.asserts.SoftAssert.assertAll(SoftAssert.java:31)
at testcases.RAW_DATAMART_CURATED.SnowFlake_RowCount_Master.validate_RowCount_BKP(SnowFlake_RowCount_Master.java:56)
at testcases.RAW_DATAMART_CURATED.SnowFlake_RowCount_Master.Testcase_RowCount_validation(SnowFlake_RowCount_Master.java:25)
at jdk.internal.reflect.GeneratedMethodAccessor13.invoke(Unknown Source)
at java.base/jdk.internal.reflect.DelegatingMethodAccessorImpl.invoke(DelegatingMethodAccessorImpl.java:43)
at java.base/java.lang.reflect.Method.invoke(Method.java:568)
at org.testng.internal.MethodInvocationHelper.invokeMethod(MethodInvocationHelper.java:133)
at org.testng.internal.TestInvoker.invokeMethod(TestInvoker.java:598)
at org.testng.internal.TestInvoker.invokeTestMethod(TestInvoker.java:173)
at org.testng.internal.MethodRunner.runInSequence(MethodRunner.java:46)
at org.testng.internal.TestInvoker$MethodInvocationAgent.invoke(TestInvoker.java:824)
at org.testng.internal.TestInvoker.invokeTestMethods(TestInvoker.java:146)
at org.testng.internal.TestMethodWorker.invokeTestMethods(TestMethodWorker.java:146)
at org.testng.internal.TestMethodWorker.run(TestMethodWorker.java:128)
at java.base/java.util.ArrayList.forEach(ArrayList.java:1511)
at org.testng.TestRunner.privateRun(TestRunner.java:794)
at org.testng.TestRunner.run(TestRunner.java:596)
at org.testng.SuiteRunner.runTest(SuiteRunner.java:377)
at org.testng.SuiteRunner.runSequentially(SuiteRunner.java:371)
at org.testng.SuiteRunner.privateRun(SuiteRunner.java:332)
at org.testng.SuiteRunner.run(SuiteRunner.java:276)
at org.testng.SuiteRunnerWorker.runSuite(SuiteRunnerWorker.java:53)
at org.testng.SuiteRunnerWorker.run(SuiteRunnerWorker.java:96)
at org.testng.TestNG.runSuitesSequentially(TestNG.java:1212)
at org.testng.TestNG.runSuitesLocally(TestNG.java:1134)
at org.testng.TestNG.runSuites(TestNG.java:1063)
at org.testng.TestNG.run(TestNG.java:1031)
at org.testng.remote.AbstractRemoteTestNG.run(AbstractRemoteTestNG.java:115)
at org.testng.remote.RemoteTestNG.initAndRun(RemoteTestNG.java:251)
at org.testng.remote.RemoteTestNG.main(RemoteTestNG.java:77)
]]>
    </failure>
  </testcase> <!-- Testcase_RowCount_validation -->
  <system-out>
    <![CDATA[Executing Snowflake query :: SELECT count(*) as TOTAL FROM DEV_ENT_RAW.ST_HORIZONSERVICES_MATILLION.CALL
Table Count in Snowflake:: 1884106
Executing Snowflake query :: select count(*) as TOTAL from CURATED_DATAMART.ST_BKP_HORIZONSERVICES.STR_CALL Where ACTIVE_FLAG='Y'
Table Count in Snowflake:: 1879377
Executing Snowflake query :: select count(*) as TOTAL from DEV_ENT_CURATED.MASTER_DIMENSIONS.DIM_CALL where tenant_type='HORIZONSERVICES' and RECORD_UPDATED_BY='Backup Table'
Table Count in Snowflake:: 1866700
Row Count of Table CALL is not matched for RAW :: 1884106 DataMart :: 1879377 CURATED :: 1866700]]>
  </system-out>
  <testcase classname="testcases.RAW_DATAMART_CURATED.SnowFlake_RowCount_Master" name="Testcase_RowCount_validation" time="4.504">
    <failure message="The following asserts failed:
	null" type="java.lang.AssertionError">
      <![CDATA[java.lang.AssertionError: The following asserts failed:
null
at org.testng.asserts.SoftAssert.assertAll(SoftAssert.java:47)
at org.testng.asserts.SoftAssert.assertAll(SoftAssert.java:31)
at testcases.RAW_DATAMART_CURATED.SnowFlake_RowCount_Master.validate_RowCount_BKP(SnowFlake_RowCount_Master.java:56)
at testcases.RAW_DATAMART_CURATED.SnowFlake_RowCount_Master.Testcase_RowCount_validation(SnowFlake_RowCount_Master.java:25)
at jdk.internal.reflect.GeneratedMethodAccessor13.invoke(Unknown Source)
at java.base/jdk.internal.reflect.DelegatingMethodAccessorImpl.invoke(DelegatingMethodAccessorImpl.java:43)
at java.base/java.lang.reflect.Method.invoke(Method.java:568)
at org.testng.internal.MethodInvocationHelper.invokeMethod(MethodInvocationHelper.java:133)
at org.testng.internal.TestInvoker.invokeMethod(TestInvoker.java:598)
at org.testng.internal.TestInvoker.invokeTestMethod(TestInvoker.java:173)
at org.testng.internal.MethodRunner.runInSequence(MethodRunner.java:46)
at org.testng.internal.TestInvoker$MethodInvocationAgent.invoke(TestInvoker.java:824)
at org.testng.internal.TestInvoker.invokeTestMethods(TestInvoker.java:146)
at org.testng.internal.TestMethodWorker.invokeTestMethods(TestMethodWorker.java:146)
at org.testng.internal.TestMethodWorker.run(TestMethodWorker.java:128)
at java.base/java.util.ArrayList.forEach(ArrayList.java:1511)
at org.testng.TestRunner.privateRun(TestRunner.java:794)
at org.testng.TestRunner.run(TestRunner.java:596)
at org.testng.SuiteRunner.runTest(SuiteRunner.java:377)
at org.testng.SuiteRunner.runSequentially(SuiteRunner.java:371)
at org.testng.SuiteRunner.privateRun(SuiteRunner.java:332)
at org.testng.SuiteRunner.run(SuiteRunner.java:276)
at org.testng.SuiteRunnerWorker.runSuite(SuiteRunnerWorker.java:53)
at org.testng.SuiteRunnerWorker.run(SuiteRunnerWorker.java:96)
at org.testng.TestNG.runSuitesSequentially(TestNG.java:1212)
at org.testng.TestNG.runSuitesLocally(TestNG.java:1134)
at org.testng.TestNG.runSuites(TestNG.java:1063)
at org.testng.TestNG.run(TestNG.java:1031)
at org.testng.remote.AbstractRemoteTestNG.run(AbstractRemoteTestNG.java:115)
at org.testng.remote.RemoteTestNG.initAndRun(RemoteTestNG.java:251)
at org.testng.remote.RemoteTestNG.main(RemoteTestNG.java:77)
]]>
    </failure>
  </testcase> <!-- Testcase_RowCount_validation -->
  <system-out>
    <![CDATA[Executing Snowflake query :: SELECT count(*) as TOTAL FROM DEV_ENT_RAW.ST_HARP_MATILLION.MATERIALVENDOR
Table Count in Snowflake:: 242149
Executing Snowflake query :: select count(*) as TOTAL from CURATED_DATAMART.ST_BKP_HARP.STR_MATERIALVENDOR Where ACTIVE_FLAG='Y'
Table Count in Snowflake:: 241933
Executing Snowflake query :: select count(*) as TOTAL from DEV_ENT_CURATED.MASTER_DIMENSIONS.DIM_MATERIALVENDOR where tenant_type='HARP' and RECORD_UPDATED_BY='Backup Table'
Table Count in Snowflake:: 231155
Row Count of Table MATERIALVENDOR is not matched for RAW :: 242149 DataMart :: 241933 CURATED :: 231155]]>
  </system-out>
  <testcase classname="testcases.RAW_DATAMART_CURATED.SnowFlake_RowCount_Master" name="Testcase_RowCount_validation" time="2.161">
    <failure message="The following asserts failed:
	null,
	null" type="java.lang.AssertionError">
      <![CDATA[java.lang.AssertionError: The following asserts failed:
null,
null
at org.testng.asserts.SoftAssert.assertAll(SoftAssert.java:47)
at org.testng.asserts.SoftAssert.assertAll(SoftAssert.java:31)
at testcases.RAW_DATAMART_CURATED.SnowFlake_RowCount_Master.validate_RowCount_BKP(SnowFlake_RowCount_Master.java:56)
at testcases.RAW_DATAMART_CURATED.SnowFlake_RowCount_Master.Testcase_RowCount_validation(SnowFlake_RowCount_Master.java:25)
at jdk.internal.reflect.GeneratedMethodAccessor13.invoke(Unknown Source)
at java.base/jdk.internal.reflect.DelegatingMethodAccessorImpl.invoke(DelegatingMethodAccessorImpl.java:43)
at java.base/java.lang.reflect.Method.invoke(Method.java:568)
at org.testng.internal.MethodInvocationHelper.invokeMethod(MethodInvocationHelper.java:133)
at org.testng.internal.TestInvoker.invokeMethod(TestInvoker.java:598)
at org.testng.internal.TestInvoker.invokeTestMethod(TestInvoker.java:173)
at org.testng.internal.MethodRunner.runInSequence(MethodRunner.java:46)
at org.testng.internal.TestInvoker$MethodInvocationAgent.invoke(TestInvoker.java:824)
at org.testng.internal.TestInvoker.invokeTestMethods(TestInvoker.java:146)
at org.testng.internal.TestMethodWorker.invokeTestMethods(TestMethodWorker.java:146)
at org.testng.internal.TestMethodWorker.run(TestMethodWorker.java:128)
at java.base/java.util.ArrayList.forEach(ArrayList.java:1511)
at org.testng.TestRunner.privateRun(TestRunner.java:794)
at org.testng.TestRunner.run(TestRunner.java:596)
at org.testng.SuiteRunner.runTest(SuiteRunner.java:377)
at org.testng.SuiteRunner.runSequentially(SuiteRunner.java:371)
at org.testng.SuiteRunner.privateRun(SuiteRunner.java:332)
at org.testng.SuiteRunner.run(SuiteRunner.java:276)
at org.testng.SuiteRunnerWorker.runSuite(SuiteRunnerWorker.java:53)
at org.testng.SuiteRunnerWorker.run(SuiteRunnerWorker.java:96)
at org.testng.TestNG.runSuitesSequentially(TestNG.java:1212)
at org.testng.TestNG.runSuitesLocally(TestNG.java:1134)
at org.testng.TestNG.runSuites(TestNG.java:1063)
at org.testng.TestNG.run(TestNG.java:1031)
at org.testng.remote.AbstractRemoteTestNG.run(AbstractRemoteTestNG.java:115)
at org.testng.remote.RemoteTestNG.initAndRun(RemoteTestNG.java:251)
at org.testng.remote.RemoteTestNG.main(RemoteTestNG.java:77)
]]>
    </failure>
  </testcase> <!-- Testcase_RowCount_validation -->
  <system-out>
    <![CDATA[Executing Snowflake query :: SELECT count(*) as TOTAL FROM DEV_ENT_RAW.ST_HUTCHINSON_MATILLION.TECHNICIANPAYROLLADJUSTMENT
Table Count in Snowflake:: 11941
Executing Snowflake query :: select count(*) as TOTAL from CURATED_DATAMART.ST_BKP_HUTCHINSON.STR_TECHNICIANPAYROLLADJUSTMENT Where ACTIVE_FLAG='Y'
Table Count in Snowflake:: 12019
Executing Snowflake query :: select count(*) as TOTAL from DEV_ENT_CURATED.MASTER_DIMENSIONS.DIM_TECHNICIANPAYROLLADJUSTMENT where tenant_type='HUTCHINSON' and RECORD_UPDATED_BY='Backup Table'
Snowflake - SQLException at readDB() method :: SQL compilation error: error line 1 at position 131
invalid identifier 'RECORD_UPDATED_BY'
Row Count of Table TECHNICIANPAYROLLADJUSTMENT is not matched for RAW :: 11941 DataMart :: 12019 CURATED :: 0]]>
  </system-out>
  <testcase classname="testcases.RAW_DATAMART_CURATED.SnowFlake_RowCount_Master" name="Testcase_RowCount_validation" time="5.254">
    <failure message="The following asserts failed:
	null,
	null" type="java.lang.AssertionError">
      <![CDATA[java.lang.AssertionError: The following asserts failed:
null,
null
at org.testng.asserts.SoftAssert.assertAll(SoftAssert.java:47)
at org.testng.asserts.SoftAssert.assertAll(SoftAssert.java:31)
at testcases.RAW_DATAMART_CURATED.SnowFlake_RowCount_Master.validate_RowCount_BKP(SnowFlake_RowCount_Master.java:56)
at testcases.RAW_DATAMART_CURATED.SnowFlake_RowCount_Master.Testcase_RowCount_validation(SnowFlake_RowCount_Master.java:25)
at jdk.internal.reflect.GeneratedMethodAccessor13.invoke(Unknown Source)
at java.base/jdk.internal.reflect.DelegatingMethodAccessorImpl.invoke(DelegatingMethodAccessorImpl.java:43)
at java.base/java.lang.reflect.Method.invoke(Method.java:568)
at org.testng.internal.MethodInvocationHelper.invokeMethod(MethodInvocationHelper.java:133)
at org.testng.internal.TestInvoker.invokeMethod(TestInvoker.java:598)
at org.testng.internal.TestInvoker.invokeTestMethod(TestInvoker.java:173)
at org.testng.internal.MethodRunner.runInSequence(MethodRunner.java:46)
at org.testng.internal.TestInvoker$MethodInvocationAgent.invoke(TestInvoker.java:824)
at org.testng.internal.TestInvoker.invokeTestMethods(TestInvoker.java:146)
at org.testng.internal.TestMethodWorker.invokeTestMethods(TestMethodWorker.java:146)
at org.testng.internal.TestMethodWorker.run(TestMethodWorker.java:128)
at java.base/java.util.ArrayList.forEach(ArrayList.java:1511)
at org.testng.TestRunner.privateRun(TestRunner.java:794)
at org.testng.TestRunner.run(TestRunner.java:596)
at org.testng.SuiteRunner.runTest(SuiteRunner.java:377)
at org.testng.SuiteRunner.runSequentially(SuiteRunner.java:371)
at org.testng.SuiteRunner.privateRun(SuiteRunner.java:332)
at org.testng.SuiteRunner.run(SuiteRunner.java:276)
at org.testng.SuiteRunnerWorker.runSuite(SuiteRunnerWorker.java:53)
at org.testng.SuiteRunnerWorker.run(SuiteRunnerWorker.java:96)
at org.testng.TestNG.runSuitesSequentially(TestNG.java:1212)
at org.testng.TestNG.runSuitesLocally(TestNG.java:1134)
at org.testng.TestNG.runSuites(TestNG.java:1063)
at org.testng.TestNG.run(TestNG.java:1031)
at org.testng.remote.AbstractRemoteTestNG.run(AbstractRemoteTestNG.java:115)
at org.testng.remote.RemoteTestNG.initAndRun(RemoteTestNG.java:251)
at org.testng.remote.RemoteTestNG.main(RemoteTestNG.java:77)
]]>
    </failure>
  </testcase> <!-- Testcase_RowCount_validation -->
  <system-out>
    <![CDATA[Executing Snowflake query :: SELECT count(*) as TOTAL FROM DEV_ENT_RAW.ST_EANESHEATING_MATILLION.NONJOBAPPOINTMENT
Snowflake - SQLException at readDB() method :: SQL compilation error:
Object 'DEV_ENT_RAW.ST_EANESHEATING_MATILLION.NONJOBAPPOINTMENT' does not exist or not authorized.
Executing Snowflake query :: select count(*) as TOTAL from CURATED_DATAMART.ST_BKP_EANESHEATING.STR_NONJOBAPPOINTMENT Where ACTIVE_FLAG='Y'
Table Count in Snowflake:: 19126
Executing Snowflake query :: select count(*) as TOTAL from DEV_ENT_CURATED.MASTER_DIMENSIONS.DIM_NONJOBAPPOINTMENT where tenant_type='EANESHEATING' and RECORD_UPDATED_BY='Backup Table'
Table Count in Snowflake:: 18874
Row Count of Table NONJOBAPPOINTMENT is not matched for RAW :: 0 DataMart :: 19126 CURATED :: 18874]]>
  </system-out>
  <testcase classname="testcases.RAW_DATAMART_CURATED.SnowFlake_RowCount_Master" name="Testcase_RowCount_validation" time="2.698">
    <failure message="The following asserts failed:
	null" type="java.lang.AssertionError">
      <![CDATA[java.lang.AssertionError: The following asserts failed:
null
at org.testng.asserts.SoftAssert.assertAll(SoftAssert.java:47)
at org.testng.asserts.SoftAssert.assertAll(SoftAssert.java:31)
at testcases.RAW_DATAMART_CURATED.SnowFlake_RowCount_Master.validate_RowCount_BKP(SnowFlake_RowCount_Master.java:56)
at testcases.RAW_DATAMART_CURATED.SnowFlake_RowCount_Master.Testcase_RowCount_validation(SnowFlake_RowCount_Master.java:25)
at jdk.internal.reflect.GeneratedMethodAccessor13.invoke(Unknown Source)
at java.base/jdk.internal.reflect.DelegatingMethodAccessorImpl.invoke(DelegatingMethodAccessorImpl.java:43)
at java.base/java.lang.reflect.Method.invoke(Method.java:568)
at org.testng.internal.MethodInvocationHelper.invokeMethod(MethodInvocationHelper.java:133)
at org.testng.internal.TestInvoker.invokeMethod(TestInvoker.java:598)
at org.testng.internal.TestInvoker.invokeTestMethod(TestInvoker.java:173)
at org.testng.internal.MethodRunner.runInSequence(MethodRunner.java:46)
at org.testng.internal.TestInvoker$MethodInvocationAgent.invoke(TestInvoker.java:824)
at org.testng.internal.TestInvoker.invokeTestMethods(TestInvoker.java:146)
at org.testng.internal.TestMethodWorker.invokeTestMethods(TestMethodWorker.java:146)
at org.testng.internal.TestMethodWorker.run(TestMethodWorker.java:128)
at java.base/java.util.ArrayList.forEach(ArrayList.java:1511)
at org.testng.TestRunner.privateRun(TestRunner.java:794)
at org.testng.TestRunner.run(TestRunner.java:596)
at org.testng.SuiteRunner.runTest(SuiteRunner.java:377)
at org.testng.SuiteRunner.runSequentially(SuiteRunner.java:371)
at org.testng.SuiteRunner.privateRun(SuiteRunner.java:332)
at org.testng.SuiteRunner.run(SuiteRunner.java:276)
at org.testng.SuiteRunnerWorker.runSuite(SuiteRunnerWorker.java:53)
at org.testng.SuiteRunnerWorker.run(SuiteRunnerWorker.java:96)
at org.testng.TestNG.runSuitesSequentially(TestNG.java:1212)
at org.testng.TestNG.runSuitesLocally(TestNG.java:1134)
at org.testng.TestNG.runSuites(TestNG.java:1063)
at org.testng.TestNG.run(TestNG.java:1031)
at org.testng.remote.AbstractRemoteTestNG.run(AbstractRemoteTestNG.java:115)
at org.testng.remote.RemoteTestNG.initAndRun(RemoteTestNG.java:251)
at org.testng.remote.RemoteTestNG.main(RemoteTestNG.java:77)
]]>
    </failure>
  </testcase> <!-- Testcase_RowCount_validation -->
  <system-out>
    <![CDATA[Executing Snowflake query :: SELECT count(*) as TOTAL FROM DEV_ENT_RAW.ST_CASTEEL_MATILLION.CALLREASON
Table Count in Snowflake:: 157
Executing Snowflake query :: select count(*) as TOTAL from CURATED_DATAMART.ST_BKP_CASTEEL.STR_CALLREASON Where ACTIVE_FLAG='Y'
Table Count in Snowflake:: 157
Executing Snowflake query :: select count(*) as TOTAL from DEV_ENT_CURATED.MASTER_DIMENSIONS.DIM_CALLREASON where tenant_type='CASTEEL' and RECORD_UPDATED_BY='Backup Table'
Table Count in Snowflake:: 142
Row Count of Table CALLREASON is not matched for RAW :: 157 DataMart :: 157 CURATED :: 142]]>
  </system-out>
  <testcase classname="testcases.RAW_DATAMART_CURATED.SnowFlake_RowCount_Master" name="Testcase_RowCount_validation" time="1.552">
    <failure message="The following asserts failed:
	null" type="java.lang.AssertionError">
      <![CDATA[java.lang.AssertionError: The following asserts failed:
null
at org.testng.asserts.SoftAssert.assertAll(SoftAssert.java:47)
at org.testng.asserts.SoftAssert.assertAll(SoftAssert.java:31)
at testcases.RAW_DATAMART_CURATED.SnowFlake_RowCount_Master.validate_RowCount_BKP(SnowFlake_RowCount_Master.java:56)
at testcases.RAW_DATAMART_CURATED.SnowFlake_RowCount_Master.Testcase_RowCount_validation(SnowFlake_RowCount_Master.java:25)
at jdk.internal.reflect.GeneratedMethodAccessor13.invoke(Unknown Source)
at java.base/jdk.internal.reflect.DelegatingMethodAccessorImpl.invoke(DelegatingMethodAccessorImpl.java:43)
at java.base/java.lang.reflect.Method.invoke(Method.java:568)
at org.testng.internal.MethodInvocationHelper.invokeMethod(MethodInvocationHelper.java:133)
at org.testng.internal.TestInvoker.invokeMethod(TestInvoker.java:598)
at org.testng.internal.TestInvoker.invokeTestMethod(TestInvoker.java:173)
at org.testng.internal.MethodRunner.runInSequence(MethodRunner.java:46)
at org.testng.internal.TestInvoker$MethodInvocationAgent.invoke(TestInvoker.java:824)
at org.testng.internal.TestInvoker.invokeTestMethods(TestInvoker.java:146)
at org.testng.internal.TestMethodWorker.invokeTestMethods(TestMethodWorker.java:146)
at org.testng.internal.TestMethodWorker.run(TestMethodWorker.java:128)
at java.base/java.util.ArrayList.forEach(ArrayList.java:1511)
at org.testng.TestRunner.privateRun(TestRunner.java:794)
at org.testng.TestRunner.run(TestRunner.java:596)
at org.testng.SuiteRunner.runTest(SuiteRunner.java:377)
at org.testng.SuiteRunner.runSequentially(SuiteRunner.java:371)
at org.testng.SuiteRunner.privateRun(SuiteRunner.java:332)
at org.testng.SuiteRunner.run(SuiteRunner.java:276)
at org.testng.SuiteRunnerWorker.runSuite(SuiteRunnerWorker.java:53)
at org.testng.SuiteRunnerWorker.run(SuiteRunnerWorker.java:96)
at org.testng.TestNG.runSuitesSequentially(TestNG.java:1212)
at org.testng.TestNG.runSuitesLocally(TestNG.java:1134)
at org.testng.TestNG.runSuites(TestNG.java:1063)
at org.testng.TestNG.run(TestNG.java:1031)
at org.testng.remote.AbstractRemoteTestNG.run(AbstractRemoteTestNG.java:115)
at org.testng.remote.RemoteTestNG.initAndRun(RemoteTestNG.java:251)
at org.testng.remote.RemoteTestNG.main(RemoteTestNG.java:77)
]]>
    </failure>
  </testcase> <!-- Testcase_RowCount_validation -->
  <system-out>
    <![CDATA[Executing Snowflake query :: SELECT count(*) as TOTAL FROM DEV_ENT_RAW.ST_HARP_MATILLION.HOLDJOBREASON
Table Count in Snowflake:: 5
Executing Snowflake query :: select count(*) as TOTAL from CURATED_DATAMART.ST_BKP_HARP.STR_HOLDJOBREASON Where ACTIVE_FLAG='Y'
Table Count in Snowflake:: 5
Executing Snowflake query :: select count(*) as TOTAL from DEV_ENT_CURATED.MASTER_DIMENSIONS.DIM_HOLDJOBREASON where tenant_type='HARP' and RECORD_UPDATED_BY='Backup Table'
Table Count in Snowflake:: 0
Row Count of Table HOLDJOBREASON is not matched for RAW :: 5 DataMart :: 5 CURATED :: 0]]>
  </system-out>
  <testcase classname="testcases.RAW_DATAMART_CURATED.SnowFlake_RowCount_Master" name="Testcase_RowCount_validation" time="1.841">
    <failure message="The following asserts failed:
	null" type="java.lang.AssertionError">
      <![CDATA[java.lang.AssertionError: The following asserts failed:
null
at org.testng.asserts.SoftAssert.assertAll(SoftAssert.java:47)
at org.testng.asserts.SoftAssert.assertAll(SoftAssert.java:31)
at testcases.RAW_DATAMART_CURATED.SnowFlake_RowCount_Master.validate_RowCount_BKP(SnowFlake_RowCount_Master.java:56)
at testcases.RAW_DATAMART_CURATED.SnowFlake_RowCount_Master.Testcase_RowCount_validation(SnowFlake_RowCount_Master.java:25)
at jdk.internal.reflect.GeneratedMethodAccessor13.invoke(Unknown Source)
at java.base/jdk.internal.reflect.DelegatingMethodAccessorImpl.invoke(DelegatingMethodAccessorImpl.java:43)
at java.base/java.lang.reflect.Method.invoke(Method.java:568)
at org.testng.internal.MethodInvocationHelper.invokeMethod(MethodInvocationHelper.java:133)
at org.testng.internal.TestInvoker.invokeMethod(TestInvoker.java:598)
at org.testng.internal.TestInvoker.invokeTestMethod(TestInvoker.java:173)
at org.testng.internal.MethodRunner.runInSequence(MethodRunner.java:46)
at org.testng.internal.TestInvoker$MethodInvocationAgent.invoke(TestInvoker.java:824)
at org.testng.internal.TestInvoker.invokeTestMethods(TestInvoker.java:146)
at org.testng.internal.TestMethodWorker.invokeTestMethods(TestMethodWorker.java:146)
at org.testng.internal.TestMethodWorker.run(TestMethodWorker.java:128)
at java.base/java.util.ArrayList.forEach(ArrayList.java:1511)
at org.testng.TestRunner.privateRun(TestRunner.java:794)
at org.testng.TestRunner.run(TestRunner.java:596)
at org.testng.SuiteRunner.runTest(SuiteRunner.java:377)
at org.testng.SuiteRunner.runSequentially(SuiteRunner.java:371)
at org.testng.SuiteRunner.privateRun(SuiteRunner.java:332)
at org.testng.SuiteRunner.run(SuiteRunner.java:276)
at org.testng.SuiteRunnerWorker.runSuite(SuiteRunnerWorker.java:53)
at org.testng.SuiteRunnerWorker.run(SuiteRunnerWorker.java:96)
at org.testng.TestNG.runSuitesSequentially(TestNG.java:1212)
at org.testng.TestNG.runSuitesLocally(TestNG.java:1134)
at org.testng.TestNG.runSuites(TestNG.java:1063)
at org.testng.TestNG.run(TestNG.java:1031)
at org.testng.remote.AbstractRemoteTestNG.run(AbstractRemoteTestNG.java:115)
at org.testng.remote.RemoteTestNG.initAndRun(RemoteTestNG.java:251)
at org.testng.remote.RemoteTestNG.main(RemoteTestNG.java:77)
]]>
    </failure>
  </testcase> <!-- Testcase_RowCount_validation -->
  <system-out>
    <![CDATA[Executing Snowflake query :: SELECT count(*) as TOTAL FROM DEV_ENT_RAW.ST_HARP_MATILLION.CUSTOMERMEMBERSHIP
Table Count in Snowflake:: 15447
Executing Snowflake query :: select count(*) as TOTAL from CURATED_DATAMART.ST_BKP_HARP.STR_CUSTOMERMEMBERSHIP Where ACTIVE_FLAG='Y'
Table Count in Snowflake:: 15429
Executing Snowflake query :: select count(*) as TOTAL from DEV_ENT_CURATED.MASTER_DIMENSIONS.DIM_CUSTOMERMEMBERSHIP where tenant_type='HARP' and RECORD_UPDATED_BY='Backup Table'
Table Count in Snowflake:: 15423
Row Count of Table CUSTOMERMEMBERSHIP is not matched for RAW :: 15447 DataMart :: 15429 CURATED :: 15423]]>
  </system-out>
  <testcase classname="testcases.RAW_DATAMART_CURATED.SnowFlake_RowCount_Master" name="Testcase_RowCount_validation" time="2.567">
    <failure message="The following asserts failed:
	null" type="java.lang.AssertionError">
      <![CDATA[java.lang.AssertionError: The following asserts failed:
null
at org.testng.asserts.SoftAssert.assertAll(SoftAssert.java:47)
at org.testng.asserts.SoftAssert.assertAll(SoftAssert.java:31)
at testcases.RAW_DATAMART_CURATED.SnowFlake_RowCount_Master.validate_RowCount_BKP(SnowFlake_RowCount_Master.java:56)
at testcases.RAW_DATAMART_CURATED.SnowFlake_RowCount_Master.Testcase_RowCount_validation(SnowFlake_RowCount_Master.java:25)
at java.base/jdk.internal.reflect.NativeMethodAccessorImpl.invoke0(Native Method)
at java.base/jdk.internal.reflect.NativeMethodAccessorImpl.invoke(NativeMethodAccessorImpl.java:77)
at java.base/jdk.internal.reflect.DelegatingMethodAccessorImpl.invoke(DelegatingMethodAccessorImpl.java:43)
at java.base/java.lang.reflect.Method.invoke(Method.java:568)
at org.testng.internal.MethodInvocationHelper.invokeMethod(MethodInvocationHelper.java:133)
at org.testng.internal.TestInvoker.invokeMethod(TestInvoker.java:598)
at org.testng.internal.TestInvoker.invokeTestMethod(TestInvoker.java:173)
at org.testng.internal.MethodRunner.runInSequence(MethodRunner.java:46)
at org.testng.internal.TestInvoker$MethodInvocationAgent.invoke(TestInvoker.java:824)
at org.testng.internal.TestInvoker.invokeTestMethods(TestInvoker.java:146)
at org.testng.internal.TestMethodWorker.invokeTestMethods(TestMethodWorker.java:146)
at org.testng.internal.TestMethodWorker.run(TestMethodWorker.java:128)
at java.base/java.util.ArrayList.forEach(ArrayList.java:1511)
at org.testng.TestRunner.privateRun(TestRunner.java:794)
at org.testng.TestRunner.run(TestRunner.java:596)
at org.testng.SuiteRunner.runTest(SuiteRunner.java:377)
at org.testng.SuiteRunner.runSequentially(SuiteRunner.java:371)
at org.testng.SuiteRunner.privateRun(SuiteRunner.java:332)
at org.testng.SuiteRunner.run(SuiteRunner.java:276)
at org.testng.SuiteRunnerWorker.runSuite(SuiteRunnerWorker.java:53)
at org.testng.SuiteRunnerWorker.run(SuiteRunnerWorker.java:96)
at org.testng.TestNG.runSuitesSequentially(TestNG.java:1212)
at org.testng.TestNG.runSuitesLocally(TestNG.java:1134)
at org.testng.TestNG.runSuites(TestNG.java:1063)
at org.testng.TestNG.run(TestNG.java:1031)
at org.testng.remote.AbstractRemoteTestNG.run(AbstractRemoteTestNG.java:115)
at org.testng.remote.RemoteTestNG.initAndRun(RemoteTestNG.java:251)
at org.testng.remote.RemoteTestNG.main(RemoteTestNG.java:77)
]]>
    </failure>
  </testcase> <!-- Testcase_RowCount_validation -->
  <system-out>
    <![CDATA[Executing Snowflake query :: SELECT count(*) as TOTAL FROM DEV_ENT_RAW.ST_BILLFENWICK_MATILLION.PAYMENTTERM
Table Count in Snowflake:: 10
Executing Snowflake query :: select count(*) as TOTAL from CURATED_DATAMART.ST_BKP_BILLFENWICK.STR_PAYMENTTERM Where ACTIVE_FLAG='Y'
Table Count in Snowflake:: 10
Executing Snowflake query :: select count(*) as TOTAL from DEV_ENT_CURATED.MASTER_DIMENSIONS.DIM_PAYMENTTERM where tenant_type='BILLFENWICK' and RECORD_UPDATED_BY='Backup Table'
Table Count in Snowflake:: 0
Row Count of Table PAYMENTTERM is not matched for RAW :: 10 DataMart :: 10 CURATED :: 0]]>
  </system-out>
  <testcase classname="testcases.RAW_DATAMART_CURATED.SnowFlake_RowCount_Master" name="Testcase_RowCount_validation" time="2.252">
    <failure message="The following asserts failed:
	null" type="java.lang.AssertionError">
      <![CDATA[java.lang.AssertionError: The following asserts failed:
null
at org.testng.asserts.SoftAssert.assertAll(SoftAssert.java:47)
at org.testng.asserts.SoftAssert.assertAll(SoftAssert.java:31)
at testcases.RAW_DATAMART_CURATED.SnowFlake_RowCount_Master.validate_RowCount_BKP(SnowFlake_RowCount_Master.java:56)
at testcases.RAW_DATAMART_CURATED.SnowFlake_RowCount_Master.Testcase_RowCount_validation(SnowFlake_RowCount_Master.java:25)
at jdk.internal.reflect.GeneratedMethodAccessor13.invoke(Unknown Source)
at java.base/jdk.internal.reflect.DelegatingMethodAccessorImpl.invoke(DelegatingMethodAccessorImpl.java:43)
at java.base/java.lang.reflect.Method.invoke(Method.java:568)
at org.testng.internal.MethodInvocationHelper.invokeMethod(MethodInvocationHelper.java:133)
at org.testng.internal.TestInvoker.invokeMethod(TestInvoker.java:598)
at org.testng.internal.TestInvoker.invokeTestMethod(TestInvoker.java:173)
at org.testng.internal.MethodRunner.runInSequence(MethodRunner.java:46)
at org.testng.internal.TestInvoker$MethodInvocationAgent.invoke(TestInvoker.java:824)
at org.testng.internal.TestInvoker.invokeTestMethods(TestInvoker.java:146)
at org.testng.internal.TestMethodWorker.invokeTestMethods(TestMethodWorker.java:146)
at org.testng.internal.TestMethodWorker.run(TestMethodWorker.java:128)
at java.base/java.util.ArrayList.forEach(ArrayList.java:1511)
at org.testng.TestRunner.privateRun(TestRunner.java:794)
at org.testng.TestRunner.run(TestRunner.java:596)
at org.testng.SuiteRunner.runTest(SuiteRunner.java:377)
at org.testng.SuiteRunner.runSequentially(SuiteRunner.java:371)
at org.testng.SuiteRunner.privateRun(SuiteRunner.java:332)
at org.testng.SuiteRunner.run(SuiteRunner.java:276)
at org.testng.SuiteRunnerWorker.runSuite(SuiteRunnerWorker.java:53)
at org.testng.SuiteRunnerWorker.run(SuiteRunnerWorker.java:96)
at org.testng.TestNG.runSuitesSequentially(TestNG.java:1212)
at org.testng.TestNG.runSuitesLocally(TestNG.java:1134)
at org.testng.TestNG.runSuites(TestNG.java:1063)
at org.testng.TestNG.run(TestNG.java:1031)
at org.testng.remote.AbstractRemoteTestNG.run(AbstractRemoteTestNG.java:115)
at org.testng.remote.RemoteTestNG.initAndRun(RemoteTestNG.java:251)
at org.testng.remote.RemoteTestNG.main(RemoteTestNG.java:77)
]]>
    </failure>
  </testcase> <!-- Testcase_RowCount_validation -->
  <system-out>
    <![CDATA[Executing Snowflake query :: SELECT count(*) as TOTAL FROM DEV_ENT_RAW.ST_CASTEEL_MATILLION.MATERIAL
Table Count in Snowflake:: 7076
Executing Snowflake query :: select count(*) as TOTAL from CURATED_DATAMART.ST_BKP_CASTEEL.STR_MATERIAL Where ACTIVE_FLAG='Y'
Table Count in Snowflake:: 7068
Executing Snowflake query :: select count(*) as TOTAL from DEV_ENT_CURATED.MASTER_DIMENSIONS.DIM_MATERIAL where tenant_type='CASTEEL' and RECORD_UPDATED_BY='Backup Table'
Table Count in Snowflake:: 23520
Row Count of Table MATERIAL is not matched for RAW :: 7076 DataMart :: 7068 CURATED :: 23520]]>
  </system-out>
  <testcase classname="testcases.RAW_DATAMART_CURATED.SnowFlake_RowCount_Master" name="Testcase_RowCount_validation" time="1.433">
    <failure message="The following asserts failed:
	null" type="java.lang.AssertionError">
      <![CDATA[java.lang.AssertionError: The following asserts failed:
null
at org.testng.asserts.SoftAssert.assertAll(SoftAssert.java:47)
at org.testng.asserts.SoftAssert.assertAll(SoftAssert.java:31)
at testcases.RAW_DATAMART_CURATED.SnowFlake_RowCount_Master.validate_RowCount_BKP(SnowFlake_RowCount_Master.java:56)
at testcases.RAW_DATAMART_CURATED.SnowFlake_RowCount_Master.Testcase_RowCount_validation(SnowFlake_RowCount_Master.java:25)
at jdk.internal.reflect.GeneratedMethodAccessor13.invoke(Unknown Source)
at java.base/jdk.internal.reflect.DelegatingMethodAccessorImpl.invoke(DelegatingMethodAccessorImpl.java:43)
at java.base/java.lang.reflect.Method.invoke(Method.java:568)
at org.testng.internal.MethodInvocationHelper.invokeMethod(MethodInvocationHelper.java:133)
at org.testng.internal.TestInvoker.invokeMethod(TestInvoker.java:598)
at org.testng.internal.TestInvoker.invokeTestMethod(TestInvoker.java:173)
at org.testng.internal.MethodRunner.runInSequence(MethodRunner.java:46)
at org.testng.internal.TestInvoker$MethodInvocationAgent.invoke(TestInvoker.java:824)
at org.testng.internal.TestInvoker.invokeTestMethods(TestInvoker.java:146)
at org.testng.internal.TestMethodWorker.invokeTestMethods(TestMethodWorker.java:146)
at org.testng.internal.TestMethodWorker.run(TestMethodWorker.java:128)
at java.base/java.util.ArrayList.forEach(ArrayList.java:1511)
at org.testng.TestRunner.privateRun(TestRunner.java:794)
at org.testng.TestRunner.run(TestRunner.java:596)
at org.testng.SuiteRunner.runTest(SuiteRunner.java:377)
at org.testng.SuiteRunner.runSequentially(SuiteRunner.java:371)
at org.testng.SuiteRunner.privateRun(SuiteRunner.java:332)
at org.testng.SuiteRunner.run(SuiteRunner.java:276)
at org.testng.SuiteRunnerWorker.runSuite(SuiteRunnerWorker.java:53)
at org.testng.SuiteRunnerWorker.run(SuiteRunnerWorker.java:96)
at org.testng.TestNG.runSuitesSequentially(TestNG.java:1212)
at org.testng.TestNG.runSuitesLocally(TestNG.java:1134)
at org.testng.TestNG.runSuites(TestNG.java:1063)
at org.testng.TestNG.run(TestNG.java:1031)
at org.testng.remote.AbstractRemoteTestNG.run(AbstractRemoteTestNG.java:115)
at org.testng.remote.RemoteTestNG.initAndRun(RemoteTestNG.java:251)
at org.testng.remote.RemoteTestNG.main(RemoteTestNG.java:77)
]]>
    </failure>
  </testcase> <!-- Testcase_RowCount_validation -->
  <system-out>
    <![CDATA[Executing Snowflake query :: SELECT count(*) as TOTAL FROM DEV_ENT_RAW.ST_SNELLHEATINGAIR_MATILLION.EQUIPMENT
Table Count in Snowflake:: 1288
Executing Snowflake query :: select count(*) as TOTAL from CURATED_DATAMART.ST_BKP_SNELLHEATINGAIR.STR_EQUIPMENT Where ACTIVE_FLAG='Y'
Table Count in Snowflake:: 1286
Executing Snowflake query :: select count(*) as TOTAL from DEV_ENT_CURATED.MASTER_DIMENSIONS.DIM_EQUIPMENT where tenant_type='SNELLHEATINGAIR' and RECORD_UPDATED_BY='Backup Table'
Table Count in Snowflake:: 1069
Row Count of Table EQUIPMENT is not matched for RAW :: 1288 DataMart :: 1286 CURATED :: 1069]]>
  </system-out>
  <testcase classname="testcases.RAW_DATAMART_CURATED.SnowFlake_RowCount_Master" name="Testcase_RowCount_validation" time="1.435">
    <failure message="The following asserts failed:
	null,
	null" type="java.lang.AssertionError">
      <![CDATA[java.lang.AssertionError: The following asserts failed:
null,
null
at org.testng.asserts.SoftAssert.assertAll(SoftAssert.java:47)
at org.testng.asserts.SoftAssert.assertAll(SoftAssert.java:31)
at testcases.RAW_DATAMART_CURATED.SnowFlake_RowCount_Master.validate_RowCount_BKP(SnowFlake_RowCount_Master.java:56)
at testcases.RAW_DATAMART_CURATED.SnowFlake_RowCount_Master.Testcase_RowCount_validation(SnowFlake_RowCount_Master.java:25)
at jdk.internal.reflect.GeneratedMethodAccessor13.invoke(Unknown Source)
at java.base/jdk.internal.reflect.DelegatingMethodAccessorImpl.invoke(DelegatingMethodAccessorImpl.java:43)
at java.base/java.lang.reflect.Method.invoke(Method.java:568)
at org.testng.internal.MethodInvocationHelper.invokeMethod(MethodInvocationHelper.java:133)
at org.testng.internal.TestInvoker.invokeMethod(TestInvoker.java:598)
at org.testng.internal.TestInvoker.invokeTestMethod(TestInvoker.java:173)
at org.testng.internal.MethodRunner.runInSequence(MethodRunner.java:46)
at org.testng.internal.TestInvoker$MethodInvocationAgent.invoke(TestInvoker.java:824)
at org.testng.internal.TestInvoker.invokeTestMethods(TestInvoker.java:146)
at org.testng.internal.TestMethodWorker.invokeTestMethods(TestMethodWorker.java:146)
at org.testng.internal.TestMethodWorker.run(TestMethodWorker.java:128)
at java.base/java.util.ArrayList.forEach(ArrayList.java:1511)
at org.testng.TestRunner.privateRun(TestRunner.java:794)
at org.testng.TestRunner.run(TestRunner.java:596)
at org.testng.SuiteRunner.runTest(SuiteRunner.java:377)
at org.testng.SuiteRunner.runSequentially(SuiteRunner.java:371)
at org.testng.SuiteRunner.privateRun(SuiteRunner.java:332)
at org.testng.SuiteRunner.run(SuiteRunner.java:276)
at org.testng.SuiteRunnerWorker.runSuite(SuiteRunnerWorker.java:53)
at org.testng.SuiteRunnerWorker.run(SuiteRunnerWorker.java:96)
at org.testng.TestNG.runSuitesSequentially(TestNG.java:1212)
at org.testng.TestNG.runSuitesLocally(TestNG.java:1134)
at org.testng.TestNG.runSuites(TestNG.java:1063)
at org.testng.TestNG.run(TestNG.java:1031)
at org.testng.remote.AbstractRemoteTestNG.run(AbstractRemoteTestNG.java:115)
at org.testng.remote.RemoteTestNG.initAndRun(RemoteTestNG.java:251)
at org.testng.remote.RemoteTestNG.main(RemoteTestNG.java:77)
]]>
    </failure>
  </testcase> <!-- Testcase_RowCount_validation -->
  <system-out>
    <![CDATA[Executing Snowflake query :: SELECT count(*) as TOTAL FROM DEV_ENT_RAW.ST_FOURPROS_MATILLION.NONJOBAPPOINTMENT
Snowflake - SQLException at readDB() method :: SQL compilation error:
Object 'DEV_ENT_RAW.ST_FOURPROS_MATILLION.NONJOBAPPOINTMENT' does not exist or not authorized.
Executing Snowflake query :: select count(*) as TOTAL from CURATED_DATAMART.ST_BKP_FOURPROS.STR_NONJOBAPPOINTMENT Where ACTIVE_FLAG='Y'
Table Count in Snowflake:: 28784
Executing Snowflake query :: select count(*) as TOTAL from DEV_ENT_CURATED.MASTER_DIMENSIONS.DIM_NONJOBAPPOINTMENT where tenant_type='FOURPROS' and RECORD_UPDATED_BY='Backup Table'
Table Count in Snowflake:: 28284
Row Count of Table NONJOBAPPOINTMENT is not matched for RAW :: 0 DataMart :: 28784 CURATED :: 28284]]>
  </system-out>
  <testcase classname="testcases.RAW_DATAMART_CURATED.SnowFlake_RowCount_Master" name="Testcase_RowCount_validation" time="1.141">
    <failure message="The following asserts failed:
	null,
	null" type="java.lang.AssertionError">
      <![CDATA[java.lang.AssertionError: The following asserts failed:
null,
null
at org.testng.asserts.SoftAssert.assertAll(SoftAssert.java:47)
at org.testng.asserts.SoftAssert.assertAll(SoftAssert.java:31)
at testcases.RAW_DATAMART_CURATED.SnowFlake_RowCount_Master.validate_RowCount_BKP(SnowFlake_RowCount_Master.java:56)
at testcases.RAW_DATAMART_CURATED.SnowFlake_RowCount_Master.Testcase_RowCount_validation(SnowFlake_RowCount_Master.java:25)
at jdk.internal.reflect.GeneratedMethodAccessor13.invoke(Unknown Source)
at java.base/jdk.internal.reflect.DelegatingMethodAccessorImpl.invoke(DelegatingMethodAccessorImpl.java:43)
at java.base/java.lang.reflect.Method.invoke(Method.java:568)
at org.testng.internal.MethodInvocationHelper.invokeMethod(MethodInvocationHelper.java:133)
at org.testng.internal.TestInvoker.invokeMethod(TestInvoker.java:598)
at org.testng.internal.TestInvoker.invokeTestMethod(TestInvoker.java:173)
at org.testng.internal.MethodRunner.runInSequence(MethodRunner.java:46)
at org.testng.internal.TestInvoker$MethodInvocationAgent.invoke(TestInvoker.java:824)
at org.testng.internal.TestInvoker.invokeTestMethods(TestInvoker.java:146)
at org.testng.internal.TestMethodWorker.invokeTestMethods(TestMethodWorker.java:146)
at org.testng.internal.TestMethodWorker.run(TestMethodWorker.java:128)
at java.base/java.util.ArrayList.forEach(ArrayList.java:1511)
at org.testng.TestRunner.privateRun(TestRunner.java:794)
at org.testng.TestRunner.run(TestRunner.java:596)
at org.testng.SuiteRunner.runTest(SuiteRunner.java:377)
at org.testng.SuiteRunner.runSequentially(SuiteRunner.java:371)
at org.testng.SuiteRunner.privateRun(SuiteRunner.java:332)
at org.testng.SuiteRunner.run(SuiteRunner.java:276)
at org.testng.SuiteRunnerWorker.runSuite(SuiteRunnerWorker.java:53)
at org.testng.SuiteRunnerWorker.run(SuiteRunnerWorker.java:96)
at org.testng.TestNG.runSuitesSequentially(TestNG.java:1212)
at org.testng.TestNG.runSuitesLocally(TestNG.java:1134)
at org.testng.TestNG.runSuites(TestNG.java:1063)
at org.testng.TestNG.run(TestNG.java:1031)
at org.testng.remote.AbstractRemoteTestNG.run(AbstractRemoteTestNG.java:115)
at org.testng.remote.RemoteTestNG.initAndRun(RemoteTestNG.java:251)
at org.testng.remote.RemoteTestNG.main(RemoteTestNG.java:77)
]]>
    </failure>
  </testcase> <!-- Testcase_RowCount_validation -->
  <system-out>
    <![CDATA[Executing Snowflake query :: SELECT count(*) as TOTAL FROM DEV_ENT_RAW.ST_EANESHEATING_MATILLION.TECHNICIANPAYROLLADJUSTMENT
Snowflake - SQLException at readDB() method :: SQL compilation error:
Object 'DEV_ENT_RAW.ST_EANESHEATING_MATILLION.TECHNICIANPAYROLLADJUSTMENT' does not exist or not authorized.
Executing Snowflake query :: select count(*) as TOTAL from CURATED_DATAMART.ST_BKP_EANESHEATING.STR_TECHNICIANPAYROLLADJUSTMENT Where ACTIVE_FLAG='Y'
Table Count in Snowflake:: 0
Executing Snowflake query :: select count(*) as TOTAL from DEV_ENT_CURATED.MASTER_DIMENSIONS.DIM_TECHNICIANPAYROLLADJUSTMENT where tenant_type='EANESHEATING' and RECORD_UPDATED_BY='Backup Table'
Snowflake - SQLException at readDB() method :: SQL compilation error: error line 1 at position 133
invalid identifier 'RECORD_UPDATED_BY'
Row Count of Table TECHNICIANPAYROLLADJUSTMENT is matched for RAW :: 0 DataMart :: 0 CURATED :: 0]]>
  </system-out>
  <testcase classname="testcases.RAW_DATAMART_CURATED.SnowFlake_RowCount_Master" name="Testcase_RowCount_validation" time="1.864">
    <failure message="The following asserts failed:
	null" type="java.lang.AssertionError">
      <![CDATA[java.lang.AssertionError: The following asserts failed:
null
at org.testng.asserts.SoftAssert.assertAll(SoftAssert.java:47)
at org.testng.asserts.SoftAssert.assertAll(SoftAssert.java:31)
at testcases.RAW_DATAMART_CURATED.SnowFlake_RowCount_Master.validate_RowCount_BKP(SnowFlake_RowCount_Master.java:56)
at testcases.RAW_DATAMART_CURATED.SnowFlake_RowCount_Master.Testcase_RowCount_validation(SnowFlake_RowCount_Master.java:25)
at jdk.internal.reflect.GeneratedMethodAccessor13.invoke(Unknown Source)
at java.base/jdk.internal.reflect.DelegatingMethodAccessorImpl.invoke(DelegatingMethodAccessorImpl.java:43)
at java.base/java.lang.reflect.Method.invoke(Method.java:568)
at org.testng.internal.MethodInvocationHelper.invokeMethod(MethodInvocationHelper.java:133)
at org.testng.internal.TestInvoker.invokeMethod(TestInvoker.java:598)
at org.testng.internal.TestInvoker.invokeTestMethod(TestInvoker.java:173)
at org.testng.internal.MethodRunner.runInSequence(MethodRunner.java:46)
at org.testng.internal.TestInvoker$MethodInvocationAgent.invoke(TestInvoker.java:824)
at org.testng.internal.TestInvoker.invokeTestMethods(TestInvoker.java:146)
at org.testng.internal.TestMethodWorker.invokeTestMethods(TestMethodWorker.java:146)
at org.testng.internal.TestMethodWorker.run(TestMethodWorker.java:128)
at java.base/java.util.ArrayList.forEach(ArrayList.java:1511)
at org.testng.TestRunner.privateRun(TestRunner.java:794)
at org.testng.TestRunner.run(TestRunner.java:596)
at org.testng.SuiteRunner.runTest(SuiteRunner.java:377)
at org.testng.SuiteRunner.runSequentially(SuiteRunner.java:371)
at org.testng.SuiteRunner.privateRun(SuiteRunner.java:332)
at org.testng.SuiteRunner.run(SuiteRunner.java:276)
at org.testng.SuiteRunnerWorker.runSuite(SuiteRunnerWorker.java:53)
at org.testng.SuiteRunnerWorker.run(SuiteRunnerWorker.java:96)
at org.testng.TestNG.runSuitesSequentially(TestNG.java:1212)
at org.testng.TestNG.runSuitesLocally(TestNG.java:1134)
at org.testng.TestNG.runSuites(TestNG.java:1063)
at org.testng.TestNG.run(TestNG.java:1031)
at org.testng.remote.AbstractRemoteTestNG.run(AbstractRemoteTestNG.java:115)
at org.testng.remote.RemoteTestNG.initAndRun(RemoteTestNG.java:251)
at org.testng.remote.RemoteTestNG.main(RemoteTestNG.java:77)
]]>
    </failure>
  </testcase> <!-- Testcase_RowCount_validation -->
  <system-out>
    <![CDATA[Executing Snowflake query :: SELECT count(*) as TOTAL FROM DEV_ENT_RAW.ST_FOURPROS_MATILLION.CALL
Table Count in Snowflake:: 454394
Executing Snowflake query :: select count(*) as TOTAL from CURATED_DATAMART.ST_BKP_FOURPROS.STR_CALL Where ACTIVE_FLAG='Y'
Table Count in Snowflake:: 453794
Executing Snowflake query :: select count(*) as TOTAL from DEV_ENT_CURATED.MASTER_DIMENSIONS.DIM_CALL where tenant_type='FOURPROS' and RECORD_UPDATED_BY='Backup Table'
Table Count in Snowflake:: 452309
Row Count of Table CALL is not matched for RAW :: 454394 DataMart :: 453794 CURATED :: 452309]]>
  </system-out>
  <testcase classname="testcases.RAW_DATAMART_CURATED.SnowFlake_RowCount_Master" name="Testcase_RowCount_validation" time="1.643"/>
  <system-out>
    <![CDATA[Executing Snowflake query :: SELECT count(*) as TOTAL FROM DEV_ENT_RAW.ST_HORIZONSERVICES_MATILLION.BUSINESSUNIT
Table Count in Snowflake:: 279
Executing Snowflake query :: select count(*) as TOTAL from CURATED_DATAMART.ST_BKP_HORIZONSERVICES.STR_BUSINESSUNIT Where ACTIVE_FLAG='Y'
Table Count in Snowflake:: 279
Executing Snowflake query :: select count(*) as TOTAL from DEV_ENT_CURATED.MASTER_DIMENSIONS.DIM_BUSINESSUNIT where tenant_type='HORIZONSERVICES' and RECORD_UPDATED_BY='Backup Table'
Table Count in Snowflake:: 279
Row Count of Table BUSINESSUNIT is matched for RAW :: 279 DataMart :: 279 CURATED :: 279]]>
  </system-out>
  <testcase classname="testcases.RAW_DATAMART_CURATED.SnowFlake_RowCount_Master" name="Testcase_RowCount_validation" time="2.568">
    <failure message="The following asserts failed:
	null" type="java.lang.AssertionError">
      <![CDATA[java.lang.AssertionError: The following asserts failed:
null
at org.testng.asserts.SoftAssert.assertAll(SoftAssert.java:47)
at org.testng.asserts.SoftAssert.assertAll(SoftAssert.java:31)
at testcases.RAW_DATAMART_CURATED.SnowFlake_RowCount_Master.validate_RowCount_BKP(SnowFlake_RowCount_Master.java:56)
at testcases.RAW_DATAMART_CURATED.SnowFlake_RowCount_Master.Testcase_RowCount_validation(SnowFlake_RowCount_Master.java:25)
at jdk.internal.reflect.GeneratedMethodAccessor13.invoke(Unknown Source)
at java.base/jdk.internal.reflect.DelegatingMethodAccessorImpl.invoke(DelegatingMethodAccessorImpl.java:43)
at java.base/java.lang.reflect.Method.invoke(Method.java:568)
at org.testng.internal.MethodInvocationHelper.invokeMethod(MethodInvocationHelper.java:133)
at org.testng.internal.TestInvoker.invokeMethod(TestInvoker.java:598)
at org.testng.internal.TestInvoker.invokeTestMethod(TestInvoker.java:173)
at org.testng.internal.MethodRunner.runInSequence(MethodRunner.java:46)
at org.testng.internal.TestInvoker$MethodInvocationAgent.invoke(TestInvoker.java:824)
at org.testng.internal.TestInvoker.invokeTestMethods(TestInvoker.java:146)
at org.testng.internal.TestMethodWorker.invokeTestMethods(TestMethodWorker.java:146)
at org.testng.internal.TestMethodWorker.run(TestMethodWorker.java:128)
at java.base/java.util.ArrayList.forEach(ArrayList.java:1511)
at org.testng.TestRunner.privateRun(TestRunner.java:794)
at org.testng.TestRunner.run(TestRunner.java:596)
at org.testng.SuiteRunner.runTest(SuiteRunner.java:377)
at org.testng.SuiteRunner.runSequentially(SuiteRunner.java:371)
at org.testng.SuiteRunner.privateRun(SuiteRunner.java:332)
at org.testng.SuiteRunner.run(SuiteRunner.java:276)
at org.testng.SuiteRunnerWorker.runSuite(SuiteRunnerWorker.java:53)
at org.testng.SuiteRunnerWorker.run(SuiteRunnerWorker.java:96)
at org.testng.TestNG.runSuitesSequentially(TestNG.java:1212)
at org.testng.TestNG.runSuitesLocally(TestNG.java:1134)
at org.testng.TestNG.runSuites(TestNG.java:1063)
at org.testng.TestNG.run(TestNG.java:1031)
at org.testng.remote.AbstractRemoteTestNG.run(AbstractRemoteTestNG.java:115)
at org.testng.remote.RemoteTestNG.initAndRun(RemoteTestNG.java:251)
at org.testng.remote.RemoteTestNG.main(RemoteTestNG.java:77)
]]>
    </failure>
  </testcase> <!-- Testcase_RowCount_validation -->
  <system-out>
    <![CDATA[Executing Snowflake query :: SELECT count(*) as TOTAL FROM DEV_ENT_RAW.ST_FOURPROS_MATILLION.INVOICEITEM
Table Count in Snowflake:: 137005
Executing Snowflake query :: select count(*) as TOTAL from CURATED_DATAMART.ST_BKP_FOURPROS.STR_INVOICEITEM Where ACTIVE_FLAG='Y'
Table Count in Snowflake:: 136713
Executing Snowflake query :: select count(*) as TOTAL from DEV_ENT_CURATED.MASTER_DIMENSIONS.DIM_INVOICEITEM where tenant_type='FOURPROS' and RECORD_UPDATED_BY='Backup Table'
Table Count in Snowflake:: 136713
Row Count of Table INVOICEITEM is not matched for RAW :: 137005 DataMart :: 136713 CURATED :: 136713]]>
  </system-out>
  <testcase classname="testcases.RAW_DATAMART_CURATED.SnowFlake_RowCount_Master" name="Testcase_RowCount_validation" time="1.409">
    <failure message="The following asserts failed:
	null" type="java.lang.AssertionError">
      <![CDATA[java.lang.AssertionError: The following asserts failed:
null
at org.testng.asserts.SoftAssert.assertAll(SoftAssert.java:47)
at org.testng.asserts.SoftAssert.assertAll(SoftAssert.java:31)
at testcases.RAW_DATAMART_CURATED.SnowFlake_RowCount_Master.validate_RowCount_API(SnowFlake_RowCount_Master.java:115)
at testcases.RAW_DATAMART_CURATED.SnowFlake_RowCount_Master.Testcase_RowCount_validation(SnowFlake_RowCount_Master.java:28)
at jdk.internal.reflect.GeneratedMethodAccessor13.invoke(Unknown Source)
at java.base/jdk.internal.reflect.DelegatingMethodAccessorImpl.invoke(DelegatingMethodAccessorImpl.java:43)
at java.base/java.lang.reflect.Method.invoke(Method.java:568)
at org.testng.internal.MethodInvocationHelper.invokeMethod(MethodInvocationHelper.java:133)
at org.testng.internal.TestInvoker.invokeMethod(TestInvoker.java:598)
at org.testng.internal.TestInvoker.invokeTestMethod(TestInvoker.java:173)
at org.testng.internal.MethodRunner.runInSequence(MethodRunner.java:46)
at org.testng.internal.TestInvoker$MethodInvocationAgent.invoke(TestInvoker.java:824)
at org.testng.internal.TestInvoker.invokeTestMethods(TestInvoker.java:146)
at org.testng.internal.TestMethodWorker.invokeTestMethods(TestMethodWorker.java:146)
at org.testng.internal.TestMethodWorker.run(TestMethodWorker.java:128)
at java.base/java.util.ArrayList.forEach(ArrayList.java:1511)
at org.testng.TestRunner.privateRun(TestRunner.java:794)
at org.testng.TestRunner.run(TestRunner.java:596)
at org.testng.SuiteRunner.runTest(SuiteRunner.java:377)
at org.testng.SuiteRunner.runSequentially(SuiteRunner.java:371)
at org.testng.SuiteRunner.privateRun(SuiteRunner.java:332)
at org.testng.SuiteRunner.run(SuiteRunner.java:276)
at org.testng.SuiteRunnerWorker.runSuite(SuiteRunnerWorker.java:53)
at org.testng.SuiteRunnerWorker.run(SuiteRunnerWorker.java:96)
at org.testng.TestNG.runSuitesSequentially(TestNG.java:1212)
at org.testng.TestNG.runSuitesLocally(TestNG.java:1134)
at org.testng.TestNG.runSuites(TestNG.java:1063)
at org.testng.TestNG.run(TestNG.java:1031)
at org.testng.remote.AbstractRemoteTestNG.run(AbstractRemoteTestNG.java:115)
at org.testng.remote.RemoteTestNG.initAndRun(RemoteTestNG.java:251)
at org.testng.remote.RemoteTestNG.main(RemoteTestNG.java:77)
]]>
    </failure>
  </testcase> <!-- Testcase_RowCount_validation -->
  <system-out>
    <![CDATA[Executing Snowflake query :: SELECT count(*) as TOTAL FROM DEV_ENT_RAW.API_MAT.ST_API_LEAD WHERE TENANT_NAME='HDAIR'
Table Count in Snowflake:: 2
Executing Snowflake query :: select count(*) as TOTAL from CURATED_DATAMART.ST_API_HDAIR.STR_API_LEAD WHERE ACTIVE_FLAG='Y'
Table Count in Snowflake:: 0
Executing Snowflake query :: select count(*) as TOTAL from DEV_ENT_CURATED.MASTER_DIMENSIONS.DIM_LEAD WHERE TENANT_TYPE='HDAIR' and RECORD_UPDATED_BY='API ETL'
Table Count in Snowflake:: 0
Row Count of Table LEAD is not matched for APIMAT :: 2 DataMart :: 0
Row Count of Table LEAD is matched for DataMart :: 0 CURATED :: 0]]>
  </system-out>
  <testcase classname="testcases.RAW_DATAMART_CURATED.SnowFlake_RowCount_Master" name="Testcase_RowCount_validation" time="2.674">
    <failure message="The following asserts failed:
	null" type="java.lang.AssertionError">
      <![CDATA[java.lang.AssertionError: The following asserts failed:
null
at org.testng.asserts.SoftAssert.assertAll(SoftAssert.java:47)
at org.testng.asserts.SoftAssert.assertAll(SoftAssert.java:31)
at testcases.RAW_DATAMART_CURATED.SnowFlake_RowCount_Master.validate_RowCount_BKP(SnowFlake_RowCount_Master.java:56)
at testcases.RAW_DATAMART_CURATED.SnowFlake_RowCount_Master.Testcase_RowCount_validation(SnowFlake_RowCount_Master.java:25)
at jdk.internal.reflect.GeneratedMethodAccessor13.invoke(Unknown Source)
at java.base/jdk.internal.reflect.DelegatingMethodAccessorImpl.invoke(DelegatingMethodAccessorImpl.java:43)
at java.base/java.lang.reflect.Method.invoke(Method.java:568)
at org.testng.internal.MethodInvocationHelper.invokeMethod(MethodInvocationHelper.java:133)
at org.testng.internal.TestInvoker.invokeMethod(TestInvoker.java:598)
at org.testng.internal.TestInvoker.invokeTestMethod(TestInvoker.java:173)
at org.testng.internal.MethodRunner.runInSequence(MethodRunner.java:46)
at org.testng.internal.TestInvoker$MethodInvocationAgent.invoke(TestInvoker.java:824)
at org.testng.internal.TestInvoker.invokeTestMethods(TestInvoker.java:146)
at org.testng.internal.TestMethodWorker.invokeTestMethods(TestMethodWorker.java:146)
at org.testng.internal.TestMethodWorker.run(TestMethodWorker.java:128)
at java.base/java.util.ArrayList.forEach(ArrayList.java:1511)
at org.testng.TestRunner.privateRun(TestRunner.java:794)
at org.testng.TestRunner.run(TestRunner.java:596)
at org.testng.SuiteRunner.runTest(SuiteRunner.java:377)
at org.testng.SuiteRunner.runSequentially(SuiteRunner.java:371)
at org.testng.SuiteRunner.privateRun(SuiteRunner.java:332)
at org.testng.SuiteRunner.run(SuiteRunner.java:276)
at org.testng.SuiteRunnerWorker.runSuite(SuiteRunnerWorker.java:53)
at org.testng.SuiteRunnerWorker.run(SuiteRunnerWorker.java:96)
at org.testng.TestNG.runSuitesSequentially(TestNG.java:1212)
at org.testng.TestNG.runSuitesLocally(TestNG.java:1134)
at org.testng.TestNG.runSuites(TestNG.java:1063)
at org.testng.TestNG.run(TestNG.java:1031)
at org.testng.remote.AbstractRemoteTestNG.run(AbstractRemoteTestNG.java:115)
at org.testng.remote.RemoteTestNG.initAndRun(RemoteTestNG.java:251)
at org.testng.remote.RemoteTestNG.main(RemoteTestNG.java:77)
]]>
    </failure>
  </testcase> <!-- Testcase_RowCount_validation -->
  <system-out>
    <![CDATA[Executing Snowflake query :: SELECT count(*) as TOTAL FROM DEV_ENT_RAW.ST_FOURPROS_MATILLION.CONTACT
Table Count in Snowflake:: 168147
Executing Snowflake query :: select count(*) as TOTAL from CURATED_DATAMART.ST_BKP_FOURPROS.STR_CONTACT Where ACTIVE_FLAG='Y'
Table Count in Snowflake:: 167896
Executing Snowflake query :: select count(*) as TOTAL from DEV_ENT_CURATED.MASTER_DIMENSIONS.DIM_CONTACT where tenant_type='FOURPROS' and RECORD_UPDATED_BY='Backup Table'
Table Count in Snowflake:: 102239
Row Count of Table CONTACT is not matched for RAW :: 168147 DataMart :: 167896 CURATED :: 102239]]>
  </system-out>
  <testcase classname="testcases.RAW_DATAMART_CURATED.SnowFlake_RowCount_Master" name="Testcase_RowCount_validation" time="2.047">
    <failure message="The following asserts failed:
	null" type="java.lang.AssertionError">
      <![CDATA[java.lang.AssertionError: The following asserts failed:
null
at org.testng.asserts.SoftAssert.assertAll(SoftAssert.java:47)
at org.testng.asserts.SoftAssert.assertAll(SoftAssert.java:31)
at testcases.RAW_DATAMART_CURATED.SnowFlake_RowCount_Master.validate_RowCount_BKP(SnowFlake_RowCount_Master.java:56)
at testcases.RAW_DATAMART_CURATED.SnowFlake_RowCount_Master.Testcase_RowCount_validation(SnowFlake_RowCount_Master.java:25)
at jdk.internal.reflect.GeneratedMethodAccessor13.invoke(Unknown Source)
at java.base/jdk.internal.reflect.DelegatingMethodAccessorImpl.invoke(DelegatingMethodAccessorImpl.java:43)
at java.base/java.lang.reflect.Method.invoke(Method.java:568)
at org.testng.internal.MethodInvocationHelper.invokeMethod(MethodInvocationHelper.java:133)
at org.testng.internal.TestInvoker.invokeMethod(TestInvoker.java:598)
at org.testng.internal.TestInvoker.invokeTestMethod(TestInvoker.java:173)
at org.testng.internal.MethodRunner.runInSequence(MethodRunner.java:46)
at org.testng.internal.TestInvoker$MethodInvocationAgent.invoke(TestInvoker.java:824)
at org.testng.internal.TestInvoker.invokeTestMethods(TestInvoker.java:146)
at org.testng.internal.TestMethodWorker.invokeTestMethods(TestMethodWorker.java:146)
at org.testng.internal.TestMethodWorker.run(TestMethodWorker.java:128)
at java.base/java.util.ArrayList.forEach(ArrayList.java:1511)
at org.testng.TestRunner.privateRun(TestRunner.java:794)
at org.testng.TestRunner.run(TestRunner.java:596)
at org.testng.SuiteRunner.runTest(SuiteRunner.java:377)
at org.testng.SuiteRunner.runSequentially(SuiteRunner.java:371)
at org.testng.SuiteRunner.privateRun(SuiteRunner.java:332)
at org.testng.SuiteRunner.run(SuiteRunner.java:276)
at org.testng.SuiteRunnerWorker.runSuite(SuiteRunnerWorker.java:53)
at org.testng.SuiteRunnerWorker.run(SuiteRunnerWorker.java:96)
at org.testng.TestNG.runSuitesSequentially(TestNG.java:1212)
at org.testng.TestNG.runSuitesLocally(TestNG.java:1134)
at org.testng.TestNG.runSuites(TestNG.java:1063)
at org.testng.TestNG.run(TestNG.java:1031)
at org.testng.remote.AbstractRemoteTestNG.run(AbstractRemoteTestNG.java:115)
at org.testng.remote.RemoteTestNG.initAndRun(RemoteTestNG.java:251)
at org.testng.remote.RemoteTestNG.main(RemoteTestNG.java:77)
]]>
    </failure>
  </testcase> <!-- Testcase_RowCount_validation -->
  <system-out>
    <![CDATA[Executing Snowflake query :: SELECT count(*) as TOTAL FROM DEV_ENT_RAW.ST_GOLDMEDAL_MATILLION.CONTACT
Table Count in Snowflake:: 1780705
Executing Snowflake query :: select count(*) as TOTAL from CURATED_DATAMART.ST_BKP_GOLDMEDAL.STR_CONTACT Where ACTIVE_FLAG='Y'
Table Count in Snowflake:: 1779862
Executing Snowflake query :: select count(*) as TOTAL from DEV_ENT_CURATED.MASTER_DIMENSIONS.DIM_CONTACT where tenant_type='GOLDMEDAL' and RECORD_UPDATED_BY='Backup Table'
Table Count in Snowflake:: 1770575
Row Count of Table CONTACT is not matched for RAW :: 1780705 DataMart :: 1779862 CURATED :: 1770575]]>
  </system-out>
  <testcase classname="testcases.RAW_DATAMART_CURATED.SnowFlake_RowCount_Master" name="Testcase_RowCount_validation" time="2.411">
    <failure message="The following asserts failed:
	null" type="java.lang.AssertionError">
      <![CDATA[java.lang.AssertionError: The following asserts failed:
null
at org.testng.asserts.SoftAssert.assertAll(SoftAssert.java:47)
at org.testng.asserts.SoftAssert.assertAll(SoftAssert.java:31)
at testcases.RAW_DATAMART_CURATED.SnowFlake_RowCount_Master.validate_RowCount_API(SnowFlake_RowCount_Master.java:115)
at testcases.RAW_DATAMART_CURATED.SnowFlake_RowCount_Master.Testcase_RowCount_validation(SnowFlake_RowCount_Master.java:28)
at jdk.internal.reflect.GeneratedMethodAccessor13.invoke(Unknown Source)
at java.base/jdk.internal.reflect.DelegatingMethodAccessorImpl.invoke(DelegatingMethodAccessorImpl.java:43)
at java.base/java.lang.reflect.Method.invoke(Method.java:568)
at org.testng.internal.MethodInvocationHelper.invokeMethod(MethodInvocationHelper.java:133)
at org.testng.internal.TestInvoker.invokeMethod(TestInvoker.java:598)
at org.testng.internal.TestInvoker.invokeTestMethod(TestInvoker.java:173)
at org.testng.internal.MethodRunner.runInSequence(MethodRunner.java:46)
at org.testng.internal.TestInvoker$MethodInvocationAgent.invoke(TestInvoker.java:824)
at org.testng.internal.TestInvoker.invokeTestMethods(TestInvoker.java:146)
at org.testng.internal.TestMethodWorker.invokeTestMethods(TestMethodWorker.java:146)
at org.testng.internal.TestMethodWorker.run(TestMethodWorker.java:128)
at java.base/java.util.ArrayList.forEach(ArrayList.java:1511)
at org.testng.TestRunner.privateRun(TestRunner.java:794)
at org.testng.TestRunner.run(TestRunner.java:596)
at org.testng.SuiteRunner.runTest(SuiteRunner.java:377)
at org.testng.SuiteRunner.runSequentially(SuiteRunner.java:371)
at org.testng.SuiteRunner.privateRun(SuiteRunner.java:332)
at org.testng.SuiteRunner.run(SuiteRunner.java:276)
at org.testng.SuiteRunnerWorker.runSuite(SuiteRunnerWorker.java:53)
at org.testng.SuiteRunnerWorker.run(SuiteRunnerWorker.java:96)
at org.testng.TestNG.runSuitesSequentially(TestNG.java:1212)
at org.testng.TestNG.runSuitesLocally(TestNG.java:1134)
at org.testng.TestNG.runSuites(TestNG.java:1063)
at org.testng.TestNG.run(TestNG.java:1031)
at org.testng.remote.AbstractRemoteTestNG.run(AbstractRemoteTestNG.java:115)
at org.testng.remote.RemoteTestNG.initAndRun(RemoteTestNG.java:251)
at org.testng.remote.RemoteTestNG.main(RemoteTestNG.java:77)
]]>
    </failure>
  </testcase> <!-- Testcase_RowCount_validation -->
  <system-out>
    <![CDATA[Executing Snowflake query :: SELECT count(*) as TOTAL FROM DEV_ENT_RAW.API_MAT.ST_API_PURCHASEORDERITEM WHERE TENANT_NAME='HUTCHINSON'
Table Count in Snowflake:: 991
Executing Snowflake query :: select count(*) as TOTAL from CURATED_DATAMART.ST_API_HUTCHINSON.STR_API_PURCHASEORDERITEM WHERE ACTIVE_FLAG='Y'
Table Count in Snowflake:: 371
Executing Snowflake query :: select count(*) as TOTAL from DEV_ENT_CURATED.MASTER_DIMENSIONS.DIM_PURCHASEORDERITEM WHERE TENANT_TYPE='HUTCHINSON' and RECORD_UPDATED_BY='API ETL'
Table Count in Snowflake:: 371
Row Count of Table PURCHASEORDERITEM is not matched for APIMAT :: 991 DataMart :: 371
Row Count of Table PURCHASEORDERITEM is matched for DataMart :: 371 CURATED :: 371]]>
  </system-out>
  <testcase classname="testcases.RAW_DATAMART_CURATED.SnowFlake_RowCount_Master" name="Testcase_RowCount_validation" time="2.069">
    <failure message="The following asserts failed:
	null" type="java.lang.AssertionError">
      <![CDATA[java.lang.AssertionError: The following asserts failed:
null
at org.testng.asserts.SoftAssert.assertAll(SoftAssert.java:47)
at org.testng.asserts.SoftAssert.assertAll(SoftAssert.java:31)
at testcases.RAW_DATAMART_CURATED.SnowFlake_RowCount_Master.validate_RowCount_BKP(SnowFlake_RowCount_Master.java:56)
at testcases.RAW_DATAMART_CURATED.SnowFlake_RowCount_Master.Testcase_RowCount_validation(SnowFlake_RowCount_Master.java:25)
at jdk.internal.reflect.GeneratedMethodAccessor13.invoke(Unknown Source)
at java.base/jdk.internal.reflect.DelegatingMethodAccessorImpl.invoke(DelegatingMethodAccessorImpl.java:43)
at java.base/java.lang.reflect.Method.invoke(Method.java:568)
at org.testng.internal.MethodInvocationHelper.invokeMethod(MethodInvocationHelper.java:133)
at org.testng.internal.TestInvoker.invokeMethod(TestInvoker.java:598)
at org.testng.internal.TestInvoker.invokeTestMethod(TestInvoker.java:173)
at org.testng.internal.MethodRunner.runInSequence(MethodRunner.java:46)
at org.testng.internal.TestInvoker$MethodInvocationAgent.invoke(TestInvoker.java:824)
at org.testng.internal.TestInvoker.invokeTestMethods(TestInvoker.java:146)
at org.testng.internal.TestMethodWorker.invokeTestMethods(TestMethodWorker.java:146)
at org.testng.internal.TestMethodWorker.run(TestMethodWorker.java:128)
at java.base/java.util.ArrayList.forEach(ArrayList.java:1511)
at org.testng.TestRunner.privateRun(TestRunner.java:794)
at org.testng.TestRunner.run(TestRunner.java:596)
at org.testng.SuiteRunner.runTest(SuiteRunner.java:377)
at org.testng.SuiteRunner.runSequentially(SuiteRunner.java:371)
at org.testng.SuiteRunner.privateRun(SuiteRunner.java:332)
at org.testng.SuiteRunner.run(SuiteRunner.java:276)
at org.testng.SuiteRunnerWorker.runSuite(SuiteRunnerWorker.java:53)
at org.testng.SuiteRunnerWorker.run(SuiteRunnerWorker.java:96)
at org.testng.TestNG.runSuitesSequentially(TestNG.java:1212)
at org.testng.TestNG.runSuitesLocally(TestNG.java:1134)
at org.testng.TestNG.runSuites(TestNG.java:1063)
at org.testng.TestNG.run(TestNG.java:1031)
at org.testng.remote.AbstractRemoteTestNG.run(AbstractRemoteTestNG.java:115)
at org.testng.remote.RemoteTestNG.initAndRun(RemoteTestNG.java:251)
at org.testng.remote.RemoteTestNG.main(RemoteTestNG.java:77)
]]>
    </failure>
  </testcase> <!-- Testcase_RowCount_validation -->
  <system-out>
    <![CDATA[Executing Snowflake query :: SELECT count(*) as TOTAL FROM DEV_ENT_RAW.ST_HDAIR_MATILLION.INVOICE
Snowflake - SQLException at readDB() method :: SQL compilation error:
Object 'DEV_ENT_RAW.ST_HDAIR_MATILLION.INVOICE' does not exist or not authorized.
Executing Snowflake query :: select count(*) as TOTAL from CURATED_DATAMART.ST_BKP_HDAIR.STR_INVOICE Where ACTIVE_FLAG='Y'
Table Count in Snowflake:: 1539209
Executing Snowflake query :: select count(*) as TOTAL from DEV_ENT_CURATED.MASTER_DIMENSIONS.FACT_INVOICE where tenant_type='HDAIR' and RECORD_UPDATED_BY='Backup Table'
Table Count in Snowflake:: 1539268
Row Count of Table INVOICE is matched for RAW :: 0 DataMart :: 1539209 CURATED :: 1539268]]>
  </system-out>
  <testcase classname="testcases.RAW_DATAMART_CURATED.SnowFlake_RowCount_Master" name="Testcase_RowCount_validation" time="9.299">
    <failure message="The following asserts failed:
	null,
	null" type="java.lang.AssertionError">
      <![CDATA[java.lang.AssertionError: The following asserts failed:
null,
null
at org.testng.asserts.SoftAssert.assertAll(SoftAssert.java:47)
at org.testng.asserts.SoftAssert.assertAll(SoftAssert.java:31)
at testcases.RAW_DATAMART_CURATED.SnowFlake_RowCount_Master.validate_RowCount_BKP(SnowFlake_RowCount_Master.java:56)
at testcases.RAW_DATAMART_CURATED.SnowFlake_RowCount_Master.Testcase_RowCount_validation(SnowFlake_RowCount_Master.java:25)
at jdk.internal.reflect.GeneratedMethodAccessor13.invoke(Unknown Source)
at java.base/jdk.internal.reflect.DelegatingMethodAccessorImpl.invoke(DelegatingMethodAccessorImpl.java:43)
at java.base/java.lang.reflect.Method.invoke(Method.java:568)
at org.testng.internal.MethodInvocationHelper.invokeMethod(MethodInvocationHelper.java:133)
at org.testng.internal.TestInvoker.invokeMethod(TestInvoker.java:598)
at org.testng.internal.TestInvoker.invokeTestMethod(TestInvoker.java:173)
at org.testng.internal.MethodRunner.runInSequence(MethodRunner.java:46)
at org.testng.internal.TestInvoker$MethodInvocationAgent.invoke(TestInvoker.java:824)
at org.testng.internal.TestInvoker.invokeTestMethods(TestInvoker.java:146)
at org.testng.internal.TestMethodWorker.invokeTestMethods(TestMethodWorker.java:146)
at org.testng.internal.TestMethodWorker.run(TestMethodWorker.java:128)
at java.base/java.util.ArrayList.forEach(ArrayList.java:1511)
at org.testng.TestRunner.privateRun(TestRunner.java:794)
at org.testng.TestRunner.run(TestRunner.java:596)
at org.testng.SuiteRunner.runTest(SuiteRunner.java:377)
at org.testng.SuiteRunner.runSequentially(SuiteRunner.java:371)
at org.testng.SuiteRunner.privateRun(SuiteRunner.java:332)
at org.testng.SuiteRunner.run(SuiteRunner.java:276)
at org.testng.SuiteRunnerWorker.runSuite(SuiteRunnerWorker.java:53)
at org.testng.SuiteRunnerWorker.run(SuiteRunnerWorker.java:96)
at org.testng.TestNG.runSuitesSequentially(TestNG.java:1212)
at org.testng.TestNG.runSuitesLocally(TestNG.java:1134)
at org.testng.TestNG.runSuites(TestNG.java:1063)
at org.testng.TestNG.run(TestNG.java:1031)
at org.testng.remote.AbstractRemoteTestNG.run(AbstractRemoteTestNG.java:115)
at org.testng.remote.RemoteTestNG.initAndRun(RemoteTestNG.java:251)
at org.testng.remote.RemoteTestNG.main(RemoteTestNG.java:77)
]]>
    </failure>
  </testcase> <!-- Testcase_RowCount_validation -->
  <system-out>
    <![CDATA[Executing Snowflake query :: SELECT count(*) as TOTAL FROM DEV_ENT_RAW.ST_HORIZONSERVICES_MATILLION.TECHNICIANPAYROLL
Table Count in Snowflake:: 55110
Executing Snowflake query :: select count(*) as TOTAL from CURATED_DATAMART.ST_BKP_HORIZONSERVICES.STR_TECHNICIANPAYROLL Where ACTIVE_FLAG='Y'
Table Count in Snowflake:: 55108
Executing Snowflake query :: select count(*) as TOTAL from DEV_ENT_CURATED.MASTER_DIMENSIONS.DIM_TECHNICIANPAYROLL where tenant_type='HORIZONSERVICES' and RECORD_UPDATED_BY='Backup Table'
Snowflake - SQLException at readDB() method :: SQL compilation error: error line 1 at position 126
invalid identifier 'RECORD_UPDATED_BY'
Row Count of Table TECHNICIANPAYROLL is not matched for RAW :: 55110 DataMart :: 55108 CURATED :: 0]]>
  </system-out>
  <testcase classname="testcases.RAW_DATAMART_CURATED.SnowFlake_RowCount_Master" name="Testcase_RowCount_validation" time="2.559">
    <failure message="The following asserts failed:
	null" type="java.lang.AssertionError">
      <![CDATA[java.lang.AssertionError: The following asserts failed:
null
at org.testng.asserts.SoftAssert.assertAll(SoftAssert.java:47)
at org.testng.asserts.SoftAssert.assertAll(SoftAssert.java:31)
at testcases.RAW_DATAMART_CURATED.SnowFlake_RowCount_Master.validate_RowCount_BKP(SnowFlake_RowCount_Master.java:56)
at testcases.RAW_DATAMART_CURATED.SnowFlake_RowCount_Master.Testcase_RowCount_validation(SnowFlake_RowCount_Master.java:25)
at jdk.internal.reflect.GeneratedMethodAccessor13.invoke(Unknown Source)
at java.base/jdk.internal.reflect.DelegatingMethodAccessorImpl.invoke(DelegatingMethodAccessorImpl.java:43)
at java.base/java.lang.reflect.Method.invoke(Method.java:568)
at org.testng.internal.MethodInvocationHelper.invokeMethod(MethodInvocationHelper.java:133)
at org.testng.internal.TestInvoker.invokeMethod(TestInvoker.java:598)
at org.testng.internal.TestInvoker.invokeTestMethod(TestInvoker.java:173)
at org.testng.internal.MethodRunner.runInSequence(MethodRunner.java:46)
at org.testng.internal.TestInvoker$MethodInvocationAgent.invoke(TestInvoker.java:824)
at org.testng.internal.TestInvoker.invokeTestMethods(TestInvoker.java:146)
at org.testng.internal.TestMethodWorker.invokeTestMethods(TestMethodWorker.java:146)
at org.testng.internal.TestMethodWorker.run(TestMethodWorker.java:128)
at java.base/java.util.ArrayList.forEach(ArrayList.java:1511)
at org.testng.TestRunner.privateRun(TestRunner.java:794)
at org.testng.TestRunner.run(TestRunner.java:596)
at org.testng.SuiteRunner.runTest(SuiteRunner.java:377)
at org.testng.SuiteRunner.runSequentially(SuiteRunner.java:371)
at org.testng.SuiteRunner.privateRun(SuiteRunner.java:332)
at org.testng.SuiteRunner.run(SuiteRunner.java:276)
at org.testng.SuiteRunnerWorker.runSuite(SuiteRunnerWorker.java:53)
at org.testng.SuiteRunnerWorker.run(SuiteRunnerWorker.java:96)
at org.testng.TestNG.runSuitesSequentially(TestNG.java:1212)
at org.testng.TestNG.runSuitesLocally(TestNG.java:1134)
at org.testng.TestNG.runSuites(TestNG.java:1063)
at org.testng.TestNG.run(TestNG.java:1031)
at org.testng.remote.AbstractRemoteTestNG.run(AbstractRemoteTestNG.java:115)
at org.testng.remote.RemoteTestNG.initAndRun(RemoteTestNG.java:251)
at org.testng.remote.RemoteTestNG.main(RemoteTestNG.java:77)
]]>
    </failure>
  </testcase> <!-- Testcase_RowCount_validation -->
  <system-out>
    <![CDATA[Executing Snowflake query :: SELECT count(*) as TOTAL FROM DEV_ENT_RAW.ST_MAITZ_MATILLION.INVOICEITEM
Table Count in Snowflake:: 269877
Executing Snowflake query :: select count(*) as TOTAL from CURATED_DATAMART.ST_BKP_MAITZ.STR_INVOICEITEM Where ACTIVE_FLAG='Y'
Table Count in Snowflake:: 269308
Executing Snowflake query :: select count(*) as TOTAL from DEV_ENT_CURATED.MASTER_DIMENSIONS.DIM_INVOICEITEM where tenant_type='MAITZ' and RECORD_UPDATED_BY='Backup Table'
Table Count in Snowflake:: 268852
Row Count of Table INVOICEITEM is not matched for RAW :: 269877 DataMart :: 269308 CURATED :: 268852]]>
  </system-out>
  <testcase classname="testcases.RAW_DATAMART_CURATED.SnowFlake_RowCount_Master" name="Testcase_RowCount_validation" time="1.840">
    <failure message="The following asserts failed:
	null,
	null" type="java.lang.AssertionError">
      <![CDATA[java.lang.AssertionError: The following asserts failed:
null,
null
at org.testng.asserts.SoftAssert.assertAll(SoftAssert.java:47)
at org.testng.asserts.SoftAssert.assertAll(SoftAssert.java:31)
at testcases.RAW_DATAMART_CURATED.SnowFlake_RowCount_Master.validate_RowCount_BKP(SnowFlake_RowCount_Master.java:56)
at testcases.RAW_DATAMART_CURATED.SnowFlake_RowCount_Master.Testcase_RowCount_validation(SnowFlake_RowCount_Master.java:25)
at jdk.internal.reflect.GeneratedMethodAccessor13.invoke(Unknown Source)
at java.base/jdk.internal.reflect.DelegatingMethodAccessorImpl.invoke(DelegatingMethodAccessorImpl.java:43)
at java.base/java.lang.reflect.Method.invoke(Method.java:568)
at org.testng.internal.MethodInvocationHelper.invokeMethod(MethodInvocationHelper.java:133)
at org.testng.internal.TestInvoker.invokeMethod(TestInvoker.java:598)
at org.testng.internal.TestInvoker.invokeTestMethod(TestInvoker.java:173)
at org.testng.internal.MethodRunner.runInSequence(MethodRunner.java:46)
at org.testng.internal.TestInvoker$MethodInvocationAgent.invoke(TestInvoker.java:824)
at org.testng.internal.TestInvoker.invokeTestMethods(TestInvoker.java:146)
at org.testng.internal.TestMethodWorker.invokeTestMethods(TestMethodWorker.java:146)
at org.testng.internal.TestMethodWorker.run(TestMethodWorker.java:128)
at java.base/java.util.ArrayList.forEach(ArrayList.java:1511)
at org.testng.TestRunner.privateRun(TestRunner.java:794)
at org.testng.TestRunner.run(TestRunner.java:596)
at org.testng.SuiteRunner.runTest(SuiteRunner.java:377)
at org.testng.SuiteRunner.runSequentially(SuiteRunner.java:371)
at org.testng.SuiteRunner.privateRun(SuiteRunner.java:332)
at org.testng.SuiteRunner.run(SuiteRunner.java:276)
at org.testng.SuiteRunnerWorker.runSuite(SuiteRunnerWorker.java:53)
at org.testng.SuiteRunnerWorker.run(SuiteRunnerWorker.java:96)
at org.testng.TestNG.runSuitesSequentially(TestNG.java:1212)
at org.testng.TestNG.runSuitesLocally(TestNG.java:1134)
at org.testng.TestNG.runSuites(TestNG.java:1063)
at org.testng.TestNG.run(TestNG.java:1031)
at org.testng.remote.AbstractRemoteTestNG.run(AbstractRemoteTestNG.java:115)
at org.testng.remote.RemoteTestNG.initAndRun(RemoteTestNG.java:251)
at org.testng.remote.RemoteTestNG.main(RemoteTestNG.java:77)
]]>
    </failure>
  </testcase> <!-- Testcase_RowCount_validation -->
  <system-out>
    <![CDATA[Executing Snowflake query :: SELECT count(*) as TOTAL FROM DEV_ENT_RAW.ST_HDAIR_MATILLION.ESTIMATE
Snowflake - SQLException at readDB() method :: SQL compilation error:
Object 'DEV_ENT_RAW.ST_HDAIR_MATILLION.ESTIMATE' does not exist or not authorized.
Executing Snowflake query :: select count(*) as TOTAL from CURATED_DATAMART.ST_BKP_HDAIR.STR_ESTIMATE Where ACTIVE_FLAG='Y'
Table Count in Snowflake:: 43402
Executing Snowflake query :: select count(*) as TOTAL from DEV_ENT_CURATED.MASTER_DIMENSIONS.DIM_ESTIMATE where tenant_type='HDAIR' and RECORD_UPDATED_BY='Backup Table'
Table Count in Snowflake:: 43201
Row Count of Table ESTIMATE is not matched for RAW :: 0 DataMart :: 43402 CURATED :: 43201]]>
  </system-out>
  <testcase classname="testcases.RAW_DATAMART_CURATED.SnowFlake_RowCount_Master" name="Testcase_RowCount_validation" time="1.415">
    <failure message="The following asserts failed:
	null" type="java.lang.AssertionError">
      <![CDATA[java.lang.AssertionError: The following asserts failed:
null
at org.testng.asserts.SoftAssert.assertAll(SoftAssert.java:47)
at org.testng.asserts.SoftAssert.assertAll(SoftAssert.java:31)
at testcases.RAW_DATAMART_CURATED.SnowFlake_RowCount_Master.validate_RowCount_BKP(SnowFlake_RowCount_Master.java:56)
at testcases.RAW_DATAMART_CURATED.SnowFlake_RowCount_Master.Testcase_RowCount_validation(SnowFlake_RowCount_Master.java:25)
at jdk.internal.reflect.GeneratedMethodAccessor13.invoke(Unknown Source)
at java.base/jdk.internal.reflect.DelegatingMethodAccessorImpl.invoke(DelegatingMethodAccessorImpl.java:43)
at java.base/java.lang.reflect.Method.invoke(Method.java:568)
at org.testng.internal.MethodInvocationHelper.invokeMethod(MethodInvocationHelper.java:133)
at org.testng.internal.TestInvoker.invokeMethod(TestInvoker.java:598)
at org.testng.internal.TestInvoker.invokeTestMethod(TestInvoker.java:173)
at org.testng.internal.MethodRunner.runInSequence(MethodRunner.java:46)
at org.testng.internal.TestInvoker$MethodInvocationAgent.invoke(TestInvoker.java:824)
at org.testng.internal.TestInvoker.invokeTestMethods(TestInvoker.java:146)
at org.testng.internal.TestMethodWorker.invokeTestMethods(TestMethodWorker.java:146)
at org.testng.internal.TestMethodWorker.run(TestMethodWorker.java:128)
at java.base/java.util.ArrayList.forEach(ArrayList.java:1511)
at org.testng.TestRunner.privateRun(TestRunner.java:794)
at org.testng.TestRunner.run(TestRunner.java:596)
at org.testng.SuiteRunner.runTest(SuiteRunner.java:377)
at org.testng.SuiteRunner.runSequentially(SuiteRunner.java:371)
at org.testng.SuiteRunner.privateRun(SuiteRunner.java:332)
at org.testng.SuiteRunner.run(SuiteRunner.java:276)
at org.testng.SuiteRunnerWorker.runSuite(SuiteRunnerWorker.java:53)
at org.testng.SuiteRunnerWorker.run(SuiteRunnerWorker.java:96)
at org.testng.TestNG.runSuitesSequentially(TestNG.java:1212)
at org.testng.TestNG.runSuitesLocally(TestNG.java:1134)
at org.testng.TestNG.runSuites(TestNG.java:1063)
at org.testng.TestNG.run(TestNG.java:1031)
at org.testng.remote.AbstractRemoteTestNG.run(AbstractRemoteTestNG.java:115)
at org.testng.remote.RemoteTestNG.initAndRun(RemoteTestNG.java:251)
at org.testng.remote.RemoteTestNG.main(RemoteTestNG.java:77)
]]>
    </failure>
  </testcase> <!-- Testcase_RowCount_validation -->
  <system-out>
    <![CDATA[Executing Snowflake query :: SELECT count(*) as TOTAL FROM DEV_ENT_RAW.ST_SNELLHEATINGAIR_MATILLION.VENDOR
Table Count in Snowflake:: 59
Executing Snowflake query :: select count(*) as TOTAL from CURATED_DATAMART.ST_BKP_SNELLHEATINGAIR.STR_VENDOR Where ACTIVE_FLAG='Y'
Table Count in Snowflake:: 59
Executing Snowflake query :: select count(*) as TOTAL from DEV_ENT_CURATED.MASTER_DIMENSIONS.DIM_VENDOR where tenant_type='SNELLHEATINGAIR' and RECORD_UPDATED_BY='Backup Table'
Table Count in Snowflake:: 0
Row Count of Table VENDOR is not matched for RAW :: 59 DataMart :: 59 CURATED :: 0]]>
  </system-out>
  <testcase classname="testcases.RAW_DATAMART_CURATED.SnowFlake_RowCount_Master" name="Testcase_RowCount_validation" time="1.944">
    <failure message="The following asserts failed:
	null,
	null" type="java.lang.AssertionError">
      <![CDATA[java.lang.AssertionError: The following asserts failed:
null,
null
at org.testng.asserts.SoftAssert.assertAll(SoftAssert.java:47)
at org.testng.asserts.SoftAssert.assertAll(SoftAssert.java:31)
at testcases.RAW_DATAMART_CURATED.SnowFlake_RowCount_Master.validate_RowCount_BKP(SnowFlake_RowCount_Master.java:56)
at testcases.RAW_DATAMART_CURATED.SnowFlake_RowCount_Master.Testcase_RowCount_validation(SnowFlake_RowCount_Master.java:25)
at jdk.internal.reflect.GeneratedMethodAccessor13.invoke(Unknown Source)
at java.base/jdk.internal.reflect.DelegatingMethodAccessorImpl.invoke(DelegatingMethodAccessorImpl.java:43)
at java.base/java.lang.reflect.Method.invoke(Method.java:568)
at org.testng.internal.MethodInvocationHelper.invokeMethod(MethodInvocationHelper.java:133)
at org.testng.internal.TestInvoker.invokeMethod(TestInvoker.java:598)
at org.testng.internal.TestInvoker.invokeTestMethod(TestInvoker.java:173)
at org.testng.internal.MethodRunner.runInSequence(MethodRunner.java:46)
at org.testng.internal.TestInvoker$MethodInvocationAgent.invoke(TestInvoker.java:824)
at org.testng.internal.TestInvoker.invokeTestMethods(TestInvoker.java:146)
at org.testng.internal.TestMethodWorker.invokeTestMethods(TestMethodWorker.java:146)
at org.testng.internal.TestMethodWorker.run(TestMethodWorker.java:128)
at java.base/java.util.ArrayList.forEach(ArrayList.java:1511)
at org.testng.TestRunner.privateRun(TestRunner.java:794)
at org.testng.TestRunner.run(TestRunner.java:596)
at org.testng.SuiteRunner.runTest(SuiteRunner.java:377)
at org.testng.SuiteRunner.runSequentially(SuiteRunner.java:371)
at org.testng.SuiteRunner.privateRun(SuiteRunner.java:332)
at org.testng.SuiteRunner.run(SuiteRunner.java:276)
at org.testng.SuiteRunnerWorker.runSuite(SuiteRunnerWorker.java:53)
at org.testng.SuiteRunnerWorker.run(SuiteRunnerWorker.java:96)
at org.testng.TestNG.runSuitesSequentially(TestNG.java:1212)
at org.testng.TestNG.runSuitesLocally(TestNG.java:1134)
at org.testng.TestNG.runSuites(TestNG.java:1063)
at org.testng.TestNG.run(TestNG.java:1031)
at org.testng.remote.AbstractRemoteTestNG.run(AbstractRemoteTestNG.java:115)
at org.testng.remote.RemoteTestNG.initAndRun(RemoteTestNG.java:251)
at org.testng.remote.RemoteTestNG.main(RemoteTestNG.java:77)
]]>
    </failure>
  </testcase> <!-- Testcase_RowCount_validation -->
  <system-out>
    <![CDATA[Executing Snowflake query :: SELECT count(*) as TOTAL FROM DEV_ENT_RAW.ST_EANESHEATING_MATILLION.MATERIALVENDOR
Snowflake - SQLException at readDB() method :: SQL compilation error:
Object 'DEV_ENT_RAW.ST_EANESHEATING_MATILLION.MATERIALVENDOR' does not exist or not authorized.
Executing Snowflake query :: select count(*) as TOTAL from CURATED_DATAMART.ST_BKP_EANESHEATING.STR_MATERIALVENDOR Where ACTIVE_FLAG='Y'
Table Count in Snowflake:: 336900
Executing Snowflake query :: select count(*) as TOTAL from DEV_ENT_CURATED.MASTER_DIMENSIONS.DIM_MATERIALVENDOR where tenant_type='EANESHEATING' and RECORD_UPDATED_BY='Backup Table'
Table Count in Snowflake:: 329738
Row Count of Table MATERIALVENDOR is not matched for RAW :: 0 DataMart :: 336900 CURATED :: 329738]]>
  </system-out>
  <testcase classname="testcases.RAW_DATAMART_CURATED.SnowFlake_RowCount_Master" name="Testcase_RowCount_validation" time="1.748">
    <failure message="The following asserts failed:
	null" type="java.lang.AssertionError">
      <![CDATA[java.lang.AssertionError: The following asserts failed:
null
at org.testng.asserts.SoftAssert.assertAll(SoftAssert.java:47)
at org.testng.asserts.SoftAssert.assertAll(SoftAssert.java:31)
at testcases.RAW_DATAMART_CURATED.SnowFlake_RowCount_Master.validate_RowCount_API(SnowFlake_RowCount_Master.java:115)
at testcases.RAW_DATAMART_CURATED.SnowFlake_RowCount_Master.Testcase_RowCount_validation(SnowFlake_RowCount_Master.java:28)
at jdk.internal.reflect.GeneratedMethodAccessor13.invoke(Unknown Source)
at java.base/jdk.internal.reflect.DelegatingMethodAccessorImpl.invoke(DelegatingMethodAccessorImpl.java:43)
at java.base/java.lang.reflect.Method.invoke(Method.java:568)
at org.testng.internal.MethodInvocationHelper.invokeMethod(MethodInvocationHelper.java:133)
at org.testng.internal.TestInvoker.invokeMethod(TestInvoker.java:598)
at org.testng.internal.TestInvoker.invokeTestMethod(TestInvoker.java:173)
at org.testng.internal.MethodRunner.runInSequence(MethodRunner.java:46)
at org.testng.internal.TestInvoker$MethodInvocationAgent.invoke(TestInvoker.java:824)
at org.testng.internal.TestInvoker.invokeTestMethods(TestInvoker.java:146)
at org.testng.internal.TestMethodWorker.invokeTestMethods(TestMethodWorker.java:146)
at org.testng.internal.TestMethodWorker.run(TestMethodWorker.java:128)
at java.base/java.util.ArrayList.forEach(ArrayList.java:1511)
at org.testng.TestRunner.privateRun(TestRunner.java:794)
at org.testng.TestRunner.run(TestRunner.java:596)
at org.testng.SuiteRunner.runTest(SuiteRunner.java:377)
at org.testng.SuiteRunner.runSequentially(SuiteRunner.java:371)
at org.testng.SuiteRunner.privateRun(SuiteRunner.java:332)
at org.testng.SuiteRunner.run(SuiteRunner.java:276)
at org.testng.SuiteRunnerWorker.runSuite(SuiteRunnerWorker.java:53)
at org.testng.SuiteRunnerWorker.run(SuiteRunnerWorker.java:96)
at org.testng.TestNG.runSuitesSequentially(TestNG.java:1212)
at org.testng.TestNG.runSuitesLocally(TestNG.java:1134)
at org.testng.TestNG.runSuites(TestNG.java:1063)
at org.testng.TestNG.run(TestNG.java:1031)
at org.testng.remote.AbstractRemoteTestNG.run(AbstractRemoteTestNG.java:115)
at org.testng.remote.RemoteTestNG.initAndRun(RemoteTestNG.java:251)
at org.testng.remote.RemoteTestNG.main(RemoteTestNG.java:77)
]]>
    </failure>
  </testcase> <!-- Testcase_RowCount_validation -->
  <system-out>
    <![CDATA[Executing Snowflake query :: SELECT count(*) as TOTAL FROM DEV_ENT_RAW.API_MAT.ST_API_SERVICE WHERE TENANT_NAME='HDAIR'
Table Count in Snowflake:: 2
Executing Snowflake query :: select count(*) as TOTAL from CURATED_DATAMART.ST_API_HDAIR.STR_API_SERVICE WHERE ACTIVE_FLAG='Y'
Table Count in Snowflake:: 0
Executing Snowflake query :: select count(*) as TOTAL from DEV_ENT_CURATED.MASTER_DIMENSIONS.DIM_SERVICE WHERE TENANT_TYPE='HDAIR' and RECORD_UPDATED_BY='API ETL'
Table Count in Snowflake:: 0
Row Count of Table SERVICE is not matched for APIMAT :: 2 DataMart :: 0
Row Count of Table SERVICE is matched for DataMart :: 0 CURATED :: 0]]>
  </system-out>
  <testcase classname="testcases.RAW_DATAMART_CURATED.SnowFlake_RowCount_Master" name="Testcase_RowCount_validation" time="2.072">
    <failure message="The following asserts failed:
	null,
	null" type="java.lang.AssertionError">
      <![CDATA[java.lang.AssertionError: The following asserts failed:
null,
null
at org.testng.asserts.SoftAssert.assertAll(SoftAssert.java:47)
at org.testng.asserts.SoftAssert.assertAll(SoftAssert.java:31)
at testcases.RAW_DATAMART_CURATED.SnowFlake_RowCount_Master.validate_RowCount_API(SnowFlake_RowCount_Master.java:115)
at testcases.RAW_DATAMART_CURATED.SnowFlake_RowCount_Master.Testcase_RowCount_validation(SnowFlake_RowCount_Master.java:28)
at jdk.internal.reflect.GeneratedMethodAccessor13.invoke(Unknown Source)
at java.base/jdk.internal.reflect.DelegatingMethodAccessorImpl.invoke(DelegatingMethodAccessorImpl.java:43)
at java.base/java.lang.reflect.Method.invoke(Method.java:568)
at org.testng.internal.MethodInvocationHelper.invokeMethod(MethodInvocationHelper.java:133)
at org.testng.internal.TestInvoker.invokeMethod(TestInvoker.java:598)
at org.testng.internal.TestInvoker.invokeTestMethod(TestInvoker.java:173)
at org.testng.internal.MethodRunner.runInSequence(MethodRunner.java:46)
at org.testng.internal.TestInvoker$MethodInvocationAgent.invoke(TestInvoker.java:824)
at org.testng.internal.TestInvoker.invokeTestMethods(TestInvoker.java:146)
at org.testng.internal.TestMethodWorker.invokeTestMethods(TestMethodWorker.java:146)
at org.testng.internal.TestMethodWorker.run(TestMethodWorker.java:128)
at java.base/java.util.ArrayList.forEach(ArrayList.java:1511)
at org.testng.TestRunner.privateRun(TestRunner.java:794)
at org.testng.TestRunner.run(TestRunner.java:596)
at org.testng.SuiteRunner.runTest(SuiteRunner.java:377)
at org.testng.SuiteRunner.runSequentially(SuiteRunner.java:371)
at org.testng.SuiteRunner.privateRun(SuiteRunner.java:332)
at org.testng.SuiteRunner.run(SuiteRunner.java:276)
at org.testng.SuiteRunnerWorker.runSuite(SuiteRunnerWorker.java:53)
at org.testng.SuiteRunnerWorker.run(SuiteRunnerWorker.java:96)
at org.testng.TestNG.runSuitesSequentially(TestNG.java:1212)
at org.testng.TestNG.runSuitesLocally(TestNG.java:1134)
at org.testng.TestNG.runSuites(TestNG.java:1063)
at org.testng.TestNG.run(TestNG.java:1031)
at org.testng.remote.AbstractRemoteTestNG.run(AbstractRemoteTestNG.java:115)
at org.testng.remote.RemoteTestNG.initAndRun(RemoteTestNG.java:251)
at org.testng.remote.RemoteTestNG.main(RemoteTestNG.java:77)
]]>
    </failure>
  </testcase> <!-- Testcase_RowCount_validation -->
  <system-out>
    <![CDATA[Executing Snowflake query :: SELECT count(*) as TOTAL FROM DEV_ENT_RAW.API_MAT.ST_API_CUSTOMERMEMBERSHIP WHERE TENANT_NAME='HDAIR'
Table Count in Snowflake:: 12602
Executing Snowflake query :: select count(*) as TOTAL from CURATED_DATAMART.ST_API_HDAIR.STR_API_CUSTOMERMEMBERSHIP WHERE ACTIVE_FLAG='Y'
Table Count in Snowflake:: 471
Executing Snowflake query :: select count(*) as TOTAL from DEV_ENT_CURATED.MASTER_DIMENSIONS.DIM_CUSTOMERMEMBERSHIP WHERE TENANT_TYPE='HDAIR' and RECORD_UPDATED_BY='API ETL'
Table Count in Snowflake:: 12483
Row Count of Table CUSTOMERMEMBERSHIP is not matched for APIMAT :: 12602 DataMart :: 471
Executing Snowflake query :: select count(*) as TOTAL from DEV_ENT_CURATED.MASTER_DIMENSIONS.DIM_CUSTOMERMEMBERSHIP WHERE TENANT_TYPE='HDAIR' and RECORD_UPDATED_BY='Backup Table' AND ID in (select ID from CURATED_DATAMART.ST_API_HDAIR.STR_API_CUSTOMERMEMBERSHIP WHERE ACTIVE_FLAG='Y')
Table Count in Snowflake:: 0
Row Count of Table CUSTOMERMEMBERSHIP is not matched for DataMart :: 471 CURATED :: 0]]>
  </system-out>
  <testcase classname="testcases.RAW_DATAMART_CURATED.SnowFlake_RowCount_Master" name="Testcase_RowCount_validation" time="2.051">
    <failure message="The following asserts failed:
	null" type="java.lang.AssertionError">
      <![CDATA[java.lang.AssertionError: The following asserts failed:
null
at org.testng.asserts.SoftAssert.assertAll(SoftAssert.java:47)
at org.testng.asserts.SoftAssert.assertAll(SoftAssert.java:31)
at testcases.RAW_DATAMART_CURATED.SnowFlake_RowCount_Master.validate_RowCount_BKP(SnowFlake_RowCount_Master.java:56)
at testcases.RAW_DATAMART_CURATED.SnowFlake_RowCount_Master.Testcase_RowCount_validation(SnowFlake_RowCount_Master.java:25)
at jdk.internal.reflect.GeneratedMethodAccessor13.invoke(Unknown Source)
at java.base/jdk.internal.reflect.DelegatingMethodAccessorImpl.invoke(DelegatingMethodAccessorImpl.java:43)
at java.base/java.lang.reflect.Method.invoke(Method.java:568)
at org.testng.internal.MethodInvocationHelper.invokeMethod(MethodInvocationHelper.java:133)
at org.testng.internal.TestInvoker.invokeMethod(TestInvoker.java:598)
at org.testng.internal.TestInvoker.invokeTestMethod(TestInvoker.java:173)
at org.testng.internal.MethodRunner.runInSequence(MethodRunner.java:46)
at org.testng.internal.TestInvoker$MethodInvocationAgent.invoke(TestInvoker.java:824)
at org.testng.internal.TestInvoker.invokeTestMethods(TestInvoker.java:146)
at org.testng.internal.TestMethodWorker.invokeTestMethods(TestMethodWorker.java:146)
at org.testng.internal.TestMethodWorker.run(TestMethodWorker.java:128)
at java.base/java.util.ArrayList.forEach(ArrayList.java:1511)
at org.testng.TestRunner.privateRun(TestRunner.java:794)
at org.testng.TestRunner.run(TestRunner.java:596)
at org.testng.SuiteRunner.runTest(SuiteRunner.java:377)
at org.testng.SuiteRunner.runSequentially(SuiteRunner.java:371)
at org.testng.SuiteRunner.privateRun(SuiteRunner.java:332)
at org.testng.SuiteRunner.run(SuiteRunner.java:276)
at org.testng.SuiteRunnerWorker.runSuite(SuiteRunnerWorker.java:53)
at org.testng.SuiteRunnerWorker.run(SuiteRunnerWorker.java:96)
at org.testng.TestNG.runSuitesSequentially(TestNG.java:1212)
at org.testng.TestNG.runSuitesLocally(TestNG.java:1134)
at org.testng.TestNG.runSuites(TestNG.java:1063)
at org.testng.TestNG.run(TestNG.java:1031)
at org.testng.remote.AbstractRemoteTestNG.run(AbstractRemoteTestNG.java:115)
at org.testng.remote.RemoteTestNG.initAndRun(RemoteTestNG.java:251)
at org.testng.remote.RemoteTestNG.main(RemoteTestNG.java:77)
]]>
    </failure>
  </testcase> <!-- Testcase_RowCount_validation -->
  <system-out>
    <![CDATA[Executing Snowflake query :: SELECT count(*) as TOTAL FROM DEV_ENT_RAW.ST_SNELLHEATINGAIR_MATILLION.PAYMENTTERM
Table Count in Snowflake:: 1
Executing Snowflake query :: select count(*) as TOTAL from CURATED_DATAMART.ST_BKP_SNELLHEATINGAIR.STR_PAYMENTTERM Where ACTIVE_FLAG='Y'
Table Count in Snowflake:: 1
Executing Snowflake query :: select count(*) as TOTAL from DEV_ENT_CURATED.MASTER_DIMENSIONS.DIM_PAYMENTTERM where tenant_type='SNELLHEATINGAIR' and RECORD_UPDATED_BY='Backup Table'
Table Count in Snowflake:: 0
Row Count of Table PAYMENTTERM is not matched for RAW :: 1 DataMart :: 1 CURATED :: 0]]>
  </system-out>
  <testcase classname="testcases.RAW_DATAMART_CURATED.SnowFlake_RowCount_Master" name="Testcase_RowCount_validation" time="1.332">
    <failure message="The following asserts failed:
	null" type="java.lang.AssertionError">
      <![CDATA[java.lang.AssertionError: The following asserts failed:
null
at org.testng.asserts.SoftAssert.assertAll(SoftAssert.java:47)
at org.testng.asserts.SoftAssert.assertAll(SoftAssert.java:31)
at testcases.RAW_DATAMART_CURATED.SnowFlake_RowCount_Master.validate_RowCount_BKP(SnowFlake_RowCount_Master.java:56)
at testcases.RAW_DATAMART_CURATED.SnowFlake_RowCount_Master.Testcase_RowCount_validation(SnowFlake_RowCount_Master.java:25)
at jdk.internal.reflect.GeneratedMethodAccessor13.invoke(Unknown Source)
at java.base/jdk.internal.reflect.DelegatingMethodAccessorImpl.invoke(DelegatingMethodAccessorImpl.java:43)
at java.base/java.lang.reflect.Method.invoke(Method.java:568)
at org.testng.internal.MethodInvocationHelper.invokeMethod(MethodInvocationHelper.java:133)
at org.testng.internal.TestInvoker.invokeMethod(TestInvoker.java:598)
at org.testng.internal.TestInvoker.invokeTestMethod(TestInvoker.java:173)
at org.testng.internal.MethodRunner.runInSequence(MethodRunner.java:46)
at org.testng.internal.TestInvoker$MethodInvocationAgent.invoke(TestInvoker.java:824)
at org.testng.internal.TestInvoker.invokeTestMethods(TestInvoker.java:146)
at org.testng.internal.TestMethodWorker.invokeTestMethods(TestMethodWorker.java:146)
at org.testng.internal.TestMethodWorker.run(TestMethodWorker.java:128)
at java.base/java.util.ArrayList.forEach(ArrayList.java:1511)
at org.testng.TestRunner.privateRun(TestRunner.java:794)
at org.testng.TestRunner.run(TestRunner.java:596)
at org.testng.SuiteRunner.runTest(SuiteRunner.java:377)
at org.testng.SuiteRunner.runSequentially(SuiteRunner.java:371)
at org.testng.SuiteRunner.privateRun(SuiteRunner.java:332)
at org.testng.SuiteRunner.run(SuiteRunner.java:276)
at org.testng.SuiteRunnerWorker.runSuite(SuiteRunnerWorker.java:53)
at org.testng.SuiteRunnerWorker.run(SuiteRunnerWorker.java:96)
at org.testng.TestNG.runSuitesSequentially(TestNG.java:1212)
at org.testng.TestNG.runSuitesLocally(TestNG.java:1134)
at org.testng.TestNG.runSuites(TestNG.java:1063)
at org.testng.TestNG.run(TestNG.java:1031)
at org.testng.remote.AbstractRemoteTestNG.run(AbstractRemoteTestNG.java:115)
at org.testng.remote.RemoteTestNG.initAndRun(RemoteTestNG.java:251)
at org.testng.remote.RemoteTestNG.main(RemoteTestNG.java:77)
]]>
    </failure>
  </testcase> <!-- Testcase_RowCount_validation -->
  <system-out>
    <![CDATA[Executing Snowflake query :: SELECT count(*) as TOTAL FROM DEV_ENT_RAW.ST_HENDERSON_MATILLION.BUSINESSUNIT
Table Count in Snowflake:: 16
Executing Snowflake query :: select count(*) as TOTAL from CURATED_DATAMART.ST_BKP_HENDERSON.STR_BUSINESSUNIT Where ACTIVE_FLAG='Y'
Table Count in Snowflake:: 16
Executing Snowflake query :: select count(*) as TOTAL from DEV_ENT_CURATED.MASTER_DIMENSIONS.DIM_BUSINESSUNIT where tenant_type='HENDERSON' and RECORD_UPDATED_BY='Backup Table'
Table Count in Snowflake:: 8
Row Count of Table BUSINESSUNIT is not matched for RAW :: 16 DataMart :: 16 CURATED :: 8]]>
  </system-out>
  <testcase classname="testcases.RAW_DATAMART_CURATED.SnowFlake_RowCount_Master" name="Testcase_RowCount_validation" time="1.740">
    <failure message="The following asserts failed:
	null" type="java.lang.AssertionError">
      <![CDATA[java.lang.AssertionError: The following asserts failed:
null
at org.testng.asserts.SoftAssert.assertAll(SoftAssert.java:47)
at org.testng.asserts.SoftAssert.assertAll(SoftAssert.java:31)
at testcases.RAW_DATAMART_CURATED.SnowFlake_RowCount_Master.validate_RowCount_BKP(SnowFlake_RowCount_Master.java:56)
at testcases.RAW_DATAMART_CURATED.SnowFlake_RowCount_Master.Testcase_RowCount_validation(SnowFlake_RowCount_Master.java:25)
at jdk.internal.reflect.GeneratedMethodAccessor13.invoke(Unknown Source)
at java.base/jdk.internal.reflect.DelegatingMethodAccessorImpl.invoke(DelegatingMethodAccessorImpl.java:43)
at java.base/java.lang.reflect.Method.invoke(Method.java:568)
at org.testng.internal.MethodInvocationHelper.invokeMethod(MethodInvocationHelper.java:133)
at org.testng.internal.TestInvoker.invokeMethod(TestInvoker.java:598)
at org.testng.internal.TestInvoker.invokeTestMethod(TestInvoker.java:173)
at org.testng.internal.MethodRunner.runInSequence(MethodRunner.java:46)
at org.testng.internal.TestInvoker$MethodInvocationAgent.invoke(TestInvoker.java:824)
at org.testng.internal.TestInvoker.invokeTestMethods(TestInvoker.java:146)
at org.testng.internal.TestMethodWorker.invokeTestMethods(TestMethodWorker.java:146)
at org.testng.internal.TestMethodWorker.run(TestMethodWorker.java:128)
at java.base/java.util.ArrayList.forEach(ArrayList.java:1511)
at org.testng.TestRunner.privateRun(TestRunner.java:794)
at org.testng.TestRunner.run(TestRunner.java:596)
at org.testng.SuiteRunner.runTest(SuiteRunner.java:377)
at org.testng.SuiteRunner.runSequentially(SuiteRunner.java:371)
at org.testng.SuiteRunner.privateRun(SuiteRunner.java:332)
at org.testng.SuiteRunner.run(SuiteRunner.java:276)
at org.testng.SuiteRunnerWorker.runSuite(SuiteRunnerWorker.java:53)
at org.testng.SuiteRunnerWorker.run(SuiteRunnerWorker.java:96)
at org.testng.TestNG.runSuitesSequentially(TestNG.java:1212)
at org.testng.TestNG.runSuitesLocally(TestNG.java:1134)
at org.testng.TestNG.runSuites(TestNG.java:1063)
at org.testng.TestNG.run(TestNG.java:1031)
at org.testng.remote.AbstractRemoteTestNG.run(AbstractRemoteTestNG.java:115)
at org.testng.remote.RemoteTestNG.initAndRun(RemoteTestNG.java:251)
at org.testng.remote.RemoteTestNG.main(RemoteTestNG.java:77)
]]>
    </failure>
  </testcase> <!-- Testcase_RowCount_validation -->
  <system-out>
    <![CDATA[Executing Snowflake query :: SELECT count(*) as TOTAL FROM DEV_ENT_RAW.ST_HENDERSON_MATILLION.EQUIPMENT
Table Count in Snowflake:: 2104
Executing Snowflake query :: select count(*) as TOTAL from CURATED_DATAMART.ST_BKP_HENDERSON.STR_EQUIPMENT Where ACTIVE_FLAG='Y'
Table Count in Snowflake:: 2104
Executing Snowflake query :: select count(*) as TOTAL from DEV_ENT_CURATED.MASTER_DIMENSIONS.DIM_EQUIPMENT where tenant_type='HENDERSON' and RECORD_UPDATED_BY='Backup Table'
Table Count in Snowflake:: 2022
Row Count of Table EQUIPMENT is not matched for RAW :: 2104 DataMart :: 2104 CURATED :: 2022]]>
  </system-out>
  <testcase classname="testcases.RAW_DATAMART_CURATED.SnowFlake_RowCount_Master" name="Testcase_RowCount_validation" time="1.397">
    <failure message="The following asserts failed:
	null" type="java.lang.AssertionError">
      <![CDATA[java.lang.AssertionError: The following asserts failed:
null
at org.testng.asserts.SoftAssert.assertAll(SoftAssert.java:47)
at org.testng.asserts.SoftAssert.assertAll(SoftAssert.java:31)
at testcases.RAW_DATAMART_CURATED.SnowFlake_RowCount_Master.validate_RowCount_BKP(SnowFlake_RowCount_Master.java:56)
at testcases.RAW_DATAMART_CURATED.SnowFlake_RowCount_Master.Testcase_RowCount_validation(SnowFlake_RowCount_Master.java:25)
at jdk.internal.reflect.GeneratedMethodAccessor13.invoke(Unknown Source)
at java.base/jdk.internal.reflect.DelegatingMethodAccessorImpl.invoke(DelegatingMethodAccessorImpl.java:43)
at java.base/java.lang.reflect.Method.invoke(Method.java:568)
at org.testng.internal.MethodInvocationHelper.invokeMethod(MethodInvocationHelper.java:133)
at org.testng.internal.TestInvoker.invokeMethod(TestInvoker.java:598)
at org.testng.internal.TestInvoker.invokeTestMethod(TestInvoker.java:173)
at org.testng.internal.MethodRunner.runInSequence(MethodRunner.java:46)
at org.testng.internal.TestInvoker$MethodInvocationAgent.invoke(TestInvoker.java:824)
at org.testng.internal.TestInvoker.invokeTestMethods(TestInvoker.java:146)
at org.testng.internal.TestMethodWorker.invokeTestMethods(TestMethodWorker.java:146)
at org.testng.internal.TestMethodWorker.run(TestMethodWorker.java:128)
at java.base/java.util.ArrayList.forEach(ArrayList.java:1511)
at org.testng.TestRunner.privateRun(TestRunner.java:794)
at org.testng.TestRunner.run(TestRunner.java:596)
at org.testng.SuiteRunner.runTest(SuiteRunner.java:377)
at org.testng.SuiteRunner.runSequentially(SuiteRunner.java:371)
at org.testng.SuiteRunner.privateRun(SuiteRunner.java:332)
at org.testng.SuiteRunner.run(SuiteRunner.java:276)
at org.testng.SuiteRunnerWorker.runSuite(SuiteRunnerWorker.java:53)
at org.testng.SuiteRunnerWorker.run(SuiteRunnerWorker.java:96)
at org.testng.TestNG.runSuitesSequentially(TestNG.java:1212)
at org.testng.TestNG.runSuitesLocally(TestNG.java:1134)
at org.testng.TestNG.runSuites(TestNG.java:1063)
at org.testng.TestNG.run(TestNG.java:1031)
at org.testng.remote.AbstractRemoteTestNG.run(AbstractRemoteTestNG.java:115)
at org.testng.remote.RemoteTestNG.initAndRun(RemoteTestNG.java:251)
at org.testng.remote.RemoteTestNG.main(RemoteTestNG.java:77)
]]>
    </failure>
  </testcase> <!-- Testcase_RowCount_validation -->
  <system-out>
    <![CDATA[Executing Snowflake query :: SELECT count(*) as TOTAL FROM DEV_ENT_RAW.ST_SNELLHEATINGAIR_MATILLION.JOBCOMPLETIONSURVEY
Table Count in Snowflake:: 2535
Executing Snowflake query :: select count(*) as TOTAL from CURATED_DATAMART.ST_BKP_SNELLHEATINGAIR.STR_JOBCOMPLETIONSURVEY Where ACTIVE_FLAG='Y'
Table Count in Snowflake:: 2470
Executing Snowflake query :: select count(*) as TOTAL from DEV_ENT_CURATED.MASTER_DIMENSIONS.DIM_JOBCOMPLETIONSURVEY where tenant_type='SNELLHEATINGAIR' and RECORD_UPDATED_BY='Backup Table'
Table Count in Snowflake:: 2470
Row Count of Table JOBCOMPLETIONSURVEY is not matched for RAW :: 2535 DataMart :: 2470 CURATED :: 2470]]>
  </system-out>
  <testcase classname="testcases.RAW_DATAMART_CURATED.SnowFlake_RowCount_Master" name="Testcase_RowCount_validation" time="2.085">
    <failure message="The following asserts failed:
	null" type="java.lang.AssertionError">
      <![CDATA[java.lang.AssertionError: The following asserts failed:
null
at org.testng.asserts.SoftAssert.assertAll(SoftAssert.java:47)
at org.testng.asserts.SoftAssert.assertAll(SoftAssert.java:31)
at testcases.RAW_DATAMART_CURATED.SnowFlake_RowCount_Master.validate_RowCount_BKP(SnowFlake_RowCount_Master.java:56)
at testcases.RAW_DATAMART_CURATED.SnowFlake_RowCount_Master.Testcase_RowCount_validation(SnowFlake_RowCount_Master.java:25)
at jdk.internal.reflect.GeneratedMethodAccessor13.invoke(Unknown Source)
at java.base/jdk.internal.reflect.DelegatingMethodAccessorImpl.invoke(DelegatingMethodAccessorImpl.java:43)
at java.base/java.lang.reflect.Method.invoke(Method.java:568)
at org.testng.internal.MethodInvocationHelper.invokeMethod(MethodInvocationHelper.java:133)
at org.testng.internal.TestInvoker.invokeMethod(TestInvoker.java:598)
at org.testng.internal.TestInvoker.invokeTestMethod(TestInvoker.java:173)
at org.testng.internal.MethodRunner.runInSequence(MethodRunner.java:46)
at org.testng.internal.TestInvoker$MethodInvocationAgent.invoke(TestInvoker.java:824)
at org.testng.internal.TestInvoker.invokeTestMethods(TestInvoker.java:146)
at org.testng.internal.TestMethodWorker.invokeTestMethods(TestMethodWorker.java:146)
at org.testng.internal.TestMethodWorker.run(TestMethodWorker.java:128)
at java.base/java.util.ArrayList.forEach(ArrayList.java:1511)
at org.testng.TestRunner.privateRun(TestRunner.java:794)
at org.testng.TestRunner.run(TestRunner.java:596)
at org.testng.SuiteRunner.runTest(SuiteRunner.java:377)
at org.testng.SuiteRunner.runSequentially(SuiteRunner.java:371)
at org.testng.SuiteRunner.privateRun(SuiteRunner.java:332)
at org.testng.SuiteRunner.run(SuiteRunner.java:276)
at org.testng.SuiteRunnerWorker.runSuite(SuiteRunnerWorker.java:53)
at org.testng.SuiteRunnerWorker.run(SuiteRunnerWorker.java:96)
at org.testng.TestNG.runSuitesSequentially(TestNG.java:1212)
at org.testng.TestNG.runSuitesLocally(TestNG.java:1134)
at org.testng.TestNG.runSuites(TestNG.java:1063)
at org.testng.TestNG.run(TestNG.java:1031)
at org.testng.remote.AbstractRemoteTestNG.run(AbstractRemoteTestNG.java:115)
at org.testng.remote.RemoteTestNG.initAndRun(RemoteTestNG.java:251)
at org.testng.remote.RemoteTestNG.main(RemoteTestNG.java:77)
]]>
    </failure>
  </testcase> <!-- Testcase_RowCount_validation -->
  <system-out>
    <![CDATA[Executing Snowflake query :: SELECT count(*) as TOTAL FROM DEV_ENT_RAW.ST_FOURPROS_MATILLION.TRUCK
Table Count in Snowflake:: 269
Executing Snowflake query :: select count(*) as TOTAL from CURATED_DATAMART.ST_BKP_FOURPROS.STR_TRUCK Where ACTIVE_FLAG='Y'
Table Count in Snowflake:: 674
Executing Snowflake query :: select count(*) as TOTAL from DEV_ENT_CURATED.MASTER_DIMENSIONS.DIM_TRUCK where tenant_type='FOURPROS' and RECORD_UPDATED_BY='Backup Table'
Table Count in Snowflake:: 269
Row Count of Table TRUCK is not matched for RAW :: 269 DataMart :: 674 CURATED :: 269]]>
  </system-out>
  <testcase classname="testcases.RAW_DATAMART_CURATED.SnowFlake_RowCount_Master" name="Testcase_RowCount_validation" time="2.149">
    <failure message="The following asserts failed:
	null,
	null" type="java.lang.AssertionError">
      <![CDATA[java.lang.AssertionError: The following asserts failed:
null,
null
at org.testng.asserts.SoftAssert.assertAll(SoftAssert.java:47)
at org.testng.asserts.SoftAssert.assertAll(SoftAssert.java:31)
at testcases.RAW_DATAMART_CURATED.SnowFlake_RowCount_Master.validate_RowCount_API(SnowFlake_RowCount_Master.java:115)
at testcases.RAW_DATAMART_CURATED.SnowFlake_RowCount_Master.Testcase_RowCount_validation(SnowFlake_RowCount_Master.java:28)
at jdk.internal.reflect.GeneratedMethodAccessor13.invoke(Unknown Source)
at java.base/jdk.internal.reflect.DelegatingMethodAccessorImpl.invoke(DelegatingMethodAccessorImpl.java:43)
at java.base/java.lang.reflect.Method.invoke(Method.java:568)
at org.testng.internal.MethodInvocationHelper.invokeMethod(MethodInvocationHelper.java:133)
at org.testng.internal.TestInvoker.invokeMethod(TestInvoker.java:598)
at org.testng.internal.TestInvoker.invokeTestMethod(TestInvoker.java:173)
at org.testng.internal.MethodRunner.runInSequence(MethodRunner.java:46)
at org.testng.internal.TestInvoker$MethodInvocationAgent.invoke(TestInvoker.java:824)
at org.testng.internal.TestInvoker.invokeTestMethods(TestInvoker.java:146)
at org.testng.internal.TestMethodWorker.invokeTestMethods(TestMethodWorker.java:146)
at org.testng.internal.TestMethodWorker.run(TestMethodWorker.java:128)
at java.base/java.util.ArrayList.forEach(ArrayList.java:1511)
at org.testng.TestRunner.privateRun(TestRunner.java:794)
at org.testng.TestRunner.run(TestRunner.java:596)
at org.testng.SuiteRunner.runTest(SuiteRunner.java:377)
at org.testng.SuiteRunner.runSequentially(SuiteRunner.java:371)
at org.testng.SuiteRunner.privateRun(SuiteRunner.java:332)
at org.testng.SuiteRunner.run(SuiteRunner.java:276)
at org.testng.SuiteRunnerWorker.runSuite(SuiteRunnerWorker.java:53)
at org.testng.SuiteRunnerWorker.run(SuiteRunnerWorker.java:96)
at org.testng.TestNG.runSuitesSequentially(TestNG.java:1212)
at org.testng.TestNG.runSuitesLocally(TestNG.java:1134)
at org.testng.TestNG.runSuites(TestNG.java:1063)
at org.testng.TestNG.run(TestNG.java:1031)
at org.testng.remote.AbstractRemoteTestNG.run(AbstractRemoteTestNG.java:115)
at org.testng.remote.RemoteTestNG.initAndRun(RemoteTestNG.java:251)
at org.testng.remote.RemoteTestNG.main(RemoteTestNG.java:77)
]]>
    </failure>
  </testcase> <!-- Testcase_RowCount_validation -->
  <system-out>
    <![CDATA[Executing Snowflake query :: SELECT count(*) as TOTAL FROM DEV_ENT_RAW.API_MAT.ST_API_CUSTOMERMEMBERSHIP WHERE TENANT_NAME='SNELLHEATINGAIR'
Table Count in Snowflake:: 1366
Executing Snowflake query :: select count(*) as TOTAL from CURATED_DATAMART.ST_API_SNELLHEATINGAIR.STR_API_CUSTOMERMEMBERSHIP WHERE ACTIVE_FLAG='Y'
Table Count in Snowflake:: 1095
Executing Snowflake query :: select count(*) as TOTAL from DEV_ENT_CURATED.MASTER_DIMENSIONS.DIM_CUSTOMERMEMBERSHIP WHERE TENANT_TYPE='SNELLHEATINGAIR' and RECORD_UPDATED_BY='API ETL'
Table Count in Snowflake:: 21709
Row Count of Table CUSTOMERMEMBERSHIP is not matched for APIMAT :: 1366 DataMart :: 1095
Executing Snowflake query :: select count(*) as TOTAL from DEV_ENT_CURATED.MASTER_DIMENSIONS.DIM_CUSTOMERMEMBERSHIP WHERE TENANT_TYPE='SNELLHEATINGAIR' and RECORD_UPDATED_BY='Backup Table' AND ID in (select ID from CURATED_DATAMART.ST_API_SNELLHEATINGAIR.STR_API_CUSTOMERMEMBERSHIP WHERE ACTIVE_FLAG='Y')
Table Count in Snowflake:: 0
Row Count of Table CUSTOMERMEMBERSHIP is not matched for DataMart :: 1095 CURATED :: 0]]>
  </system-out>
  <testcase classname="testcases.RAW_DATAMART_CURATED.SnowFlake_RowCount_Master" name="Testcase_RowCount_validation" time="2.867">
    <failure message="The following asserts failed:
	null,
	null" type="java.lang.AssertionError">
      <![CDATA[java.lang.AssertionError: The following asserts failed:
null,
null
at org.testng.asserts.SoftAssert.assertAll(SoftAssert.java:47)
at org.testng.asserts.SoftAssert.assertAll(SoftAssert.java:31)
at testcases.RAW_DATAMART_CURATED.SnowFlake_RowCount_Master.validate_RowCount_BKP(SnowFlake_RowCount_Master.java:56)
at testcases.RAW_DATAMART_CURATED.SnowFlake_RowCount_Master.Testcase_RowCount_validation(SnowFlake_RowCount_Master.java:25)
at jdk.internal.reflect.GeneratedMethodAccessor13.invoke(Unknown Source)
at java.base/jdk.internal.reflect.DelegatingMethodAccessorImpl.invoke(DelegatingMethodAccessorImpl.java:43)
at java.base/java.lang.reflect.Method.invoke(Method.java:568)
at org.testng.internal.MethodInvocationHelper.invokeMethod(MethodInvocationHelper.java:133)
at org.testng.internal.TestInvoker.invokeMethod(TestInvoker.java:598)
at org.testng.internal.TestInvoker.invokeTestMethod(TestInvoker.java:173)
at org.testng.internal.MethodRunner.runInSequence(MethodRunner.java:46)
at org.testng.internal.TestInvoker$MethodInvocationAgent.invoke(TestInvoker.java:824)
at org.testng.internal.TestInvoker.invokeTestMethods(TestInvoker.java:146)
at org.testng.internal.TestMethodWorker.invokeTestMethods(TestMethodWorker.java:146)
at org.testng.internal.TestMethodWorker.run(TestMethodWorker.java:128)
at java.base/java.util.ArrayList.forEach(ArrayList.java:1511)
at org.testng.TestRunner.privateRun(TestRunner.java:794)
at org.testng.TestRunner.run(TestRunner.java:596)
at org.testng.SuiteRunner.runTest(SuiteRunner.java:377)
at org.testng.SuiteRunner.runSequentially(SuiteRunner.java:371)
at org.testng.SuiteRunner.privateRun(SuiteRunner.java:332)
at org.testng.SuiteRunner.run(SuiteRunner.java:276)
at org.testng.SuiteRunnerWorker.runSuite(SuiteRunnerWorker.java:53)
at org.testng.SuiteRunnerWorker.run(SuiteRunnerWorker.java:96)
at org.testng.TestNG.runSuitesSequentially(TestNG.java:1212)
at org.testng.TestNG.runSuitesLocally(TestNG.java:1134)
at org.testng.TestNG.runSuites(TestNG.java:1063)
at org.testng.TestNG.run(TestNG.java:1031)
at org.testng.remote.AbstractRemoteTestNG.run(AbstractRemoteTestNG.java:115)
at org.testng.remote.RemoteTestNG.initAndRun(RemoteTestNG.java:251)
at org.testng.remote.RemoteTestNG.main(RemoteTestNG.java:77)
]]>
    </failure>
  </testcase> <!-- Testcase_RowCount_validation -->
  <system-out>
    <![CDATA[Executing Snowflake query :: SELECT count(*) as TOTAL FROM DEV_ENT_RAW.ST_HDAIR_MATILLION.TRUCK
Snowflake - SQLException at readDB() method :: SQL compilation error:
Object 'DEV_ENT_RAW.ST_HDAIR_MATILLION.TRUCK' does not exist or not authorized.
Executing Snowflake query :: select count(*) as TOTAL from CURATED_DATAMART.ST_BKP_HDAIR.STR_TRUCK Where ACTIVE_FLAG='Y'
Table Count in Snowflake:: 79
Executing Snowflake query :: select count(*) as TOTAL from DEV_ENT_CURATED.MASTER_DIMENSIONS.DIM_TRUCK where tenant_type='HDAIR' and RECORD_UPDATED_BY='Backup Table'
Table Count in Snowflake:: 78
Row Count of Table TRUCK is not matched for RAW :: 0 DataMart :: 79 CURATED :: 78]]>
  </system-out>
  <testcase classname="testcases.RAW_DATAMART_CURATED.SnowFlake_RowCount_Master" name="Testcase_RowCount_validation" time="5.836">
    <failure message="The following asserts failed:
	null" type="java.lang.AssertionError">
      <![CDATA[java.lang.AssertionError: The following asserts failed:
null
at org.testng.asserts.SoftAssert.assertAll(SoftAssert.java:47)
at org.testng.asserts.SoftAssert.assertAll(SoftAssert.java:31)
at testcases.RAW_DATAMART_CURATED.SnowFlake_RowCount_Master.validate_RowCount_BKP(SnowFlake_RowCount_Master.java:56)
at testcases.RAW_DATAMART_CURATED.SnowFlake_RowCount_Master.Testcase_RowCount_validation(SnowFlake_RowCount_Master.java:25)
at jdk.internal.reflect.GeneratedMethodAccessor13.invoke(Unknown Source)
at java.base/jdk.internal.reflect.DelegatingMethodAccessorImpl.invoke(DelegatingMethodAccessorImpl.java:43)
at java.base/java.lang.reflect.Method.invoke(Method.java:568)
at org.testng.internal.MethodInvocationHelper.invokeMethod(MethodInvocationHelper.java:133)
at org.testng.internal.TestInvoker.invokeMethod(TestInvoker.java:598)
at org.testng.internal.TestInvoker.invokeTestMethod(TestInvoker.java:173)
at org.testng.internal.MethodRunner.runInSequence(MethodRunner.java:46)
at org.testng.internal.TestInvoker$MethodInvocationAgent.invoke(TestInvoker.java:824)
at org.testng.internal.TestInvoker.invokeTestMethods(TestInvoker.java:146)
at org.testng.internal.TestMethodWorker.invokeTestMethods(TestMethodWorker.java:146)
at org.testng.internal.TestMethodWorker.run(TestMethodWorker.java:128)
at java.base/java.util.ArrayList.forEach(ArrayList.java:1511)
at org.testng.TestRunner.privateRun(TestRunner.java:794)
at org.testng.TestRunner.run(TestRunner.java:596)
at org.testng.SuiteRunner.runTest(SuiteRunner.java:377)
at org.testng.SuiteRunner.runSequentially(SuiteRunner.java:371)
at org.testng.SuiteRunner.privateRun(SuiteRunner.java:332)
at org.testng.SuiteRunner.run(SuiteRunner.java:276)
at org.testng.SuiteRunnerWorker.runSuite(SuiteRunnerWorker.java:53)
at org.testng.SuiteRunnerWorker.run(SuiteRunnerWorker.java:96)
at org.testng.TestNG.runSuitesSequentially(TestNG.java:1212)
at org.testng.TestNG.runSuitesLocally(TestNG.java:1134)
at org.testng.TestNG.runSuites(TestNG.java:1063)
at org.testng.TestNG.run(TestNG.java:1031)
at org.testng.remote.AbstractRemoteTestNG.run(AbstractRemoteTestNG.java:115)
at org.testng.remote.RemoteTestNG.initAndRun(RemoteTestNG.java:251)
at org.testng.remote.RemoteTestNG.main(RemoteTestNG.java:77)
]]>
    </failure>
  </testcase> <!-- Testcase_RowCount_validation -->
  <system-out>
    <![CDATA[Executing Snowflake query :: SELECT count(*) as TOTAL FROM DEV_ENT_RAW.ST_MAITZ_MATILLION.PAYROLLPROFILE
Table Count in Snowflake:: 1
Executing Snowflake query :: select count(*) as TOTAL from CURATED_DATAMART.ST_BKP_MAITZ.STR_PAYROLLPROFILE Where ACTIVE_FLAG='Y'
Table Count in Snowflake:: 3
Executing Snowflake query :: select count(*) as TOTAL from DEV_ENT_CURATED.MASTER_DIMENSIONS.DIM_PAYROLLPROFILE where tenant_type='MAITZ' and RECORD_UPDATED_BY='Backup Table'
Table Count in Snowflake:: 2
Row Count of Table PAYROLLPROFILE is not matched for RAW :: 1 DataMart :: 3 CURATED :: 2]]>
  </system-out>
  <testcase classname="testcases.RAW_DATAMART_CURATED.SnowFlake_RowCount_Master" name="Testcase_RowCount_validation" time="1.537">
    <failure message="The following asserts failed:
	null" type="java.lang.AssertionError">
      <![CDATA[java.lang.AssertionError: The following asserts failed:
null
at org.testng.asserts.SoftAssert.assertAll(SoftAssert.java:47)
at org.testng.asserts.SoftAssert.assertAll(SoftAssert.java:31)
at testcases.RAW_DATAMART_CURATED.SnowFlake_RowCount_Master.validate_RowCount_BKP(SnowFlake_RowCount_Master.java:56)
at testcases.RAW_DATAMART_CURATED.SnowFlake_RowCount_Master.Testcase_RowCount_validation(SnowFlake_RowCount_Master.java:25)
at jdk.internal.reflect.GeneratedMethodAccessor13.invoke(Unknown Source)
at java.base/jdk.internal.reflect.DelegatingMethodAccessorImpl.invoke(DelegatingMethodAccessorImpl.java:43)
at java.base/java.lang.reflect.Method.invoke(Method.java:568)
at org.testng.internal.MethodInvocationHelper.invokeMethod(MethodInvocationHelper.java:133)
at org.testng.internal.TestInvoker.invokeMethod(TestInvoker.java:598)
at org.testng.internal.TestInvoker.invokeTestMethod(TestInvoker.java:173)
at org.testng.internal.MethodRunner.runInSequence(MethodRunner.java:46)
at org.testng.internal.TestInvoker$MethodInvocationAgent.invoke(TestInvoker.java:824)
at org.testng.internal.TestInvoker.invokeTestMethods(TestInvoker.java:146)
at org.testng.internal.TestMethodWorker.invokeTestMethods(TestMethodWorker.java:146)
at org.testng.internal.TestMethodWorker.run(TestMethodWorker.java:128)
at java.base/java.util.ArrayList.forEach(ArrayList.java:1511)
at org.testng.TestRunner.privateRun(TestRunner.java:794)
at org.testng.TestRunner.run(TestRunner.java:596)
at org.testng.SuiteRunner.runTest(SuiteRunner.java:377)
at org.testng.SuiteRunner.runSequentially(SuiteRunner.java:371)
at org.testng.SuiteRunner.privateRun(SuiteRunner.java:332)
at org.testng.SuiteRunner.run(SuiteRunner.java:276)
at org.testng.SuiteRunnerWorker.runSuite(SuiteRunnerWorker.java:53)
at org.testng.SuiteRunnerWorker.run(SuiteRunnerWorker.java:96)
at org.testng.TestNG.runSuitesSequentially(TestNG.java:1212)
at org.testng.TestNG.runSuitesLocally(TestNG.java:1134)
at org.testng.TestNG.runSuites(TestNG.java:1063)
at org.testng.TestNG.run(TestNG.java:1031)
at org.testng.remote.AbstractRemoteTestNG.run(AbstractRemoteTestNG.java:115)
at org.testng.remote.RemoteTestNG.initAndRun(RemoteTestNG.java:251)
at org.testng.remote.RemoteTestNG.main(RemoteTestNG.java:77)
]]>
    </failure>
  </testcase> <!-- Testcase_RowCount_validation -->
  <system-out>
    <![CDATA[Executing Snowflake query :: SELECT count(*) as TOTAL FROM DEV_ENT_RAW.ST_FOURPROS_MATILLION.GROSSPAYITEM
Table Count in Snowflake:: 154705
Executing Snowflake query :: select count(*) as TOTAL from CURATED_DATAMART.ST_BKP_FOURPROS.STR_GROSSPAYITEM Where ACTIVE_FLAG='Y'
Table Count in Snowflake:: 154166
Executing Snowflake query :: select count(*) as TOTAL from DEV_ENT_CURATED.MASTER_DIMENSIONS.DIM_GROSSPAYITEM where tenant_type='FOURPROS' and RECORD_UPDATED_BY='Backup Table'
Table Count in Snowflake:: 154166
Row Count of Table GROSSPAYITEM is not matched for RAW :: 154705 DataMart :: 154166 CURATED :: 154166]]>
  </system-out>
  <testcase classname="testcases.RAW_DATAMART_CURATED.SnowFlake_RowCount_Master" name="Testcase_RowCount_validation" time="1.226">
    <failure message="The following asserts failed:
	null" type="java.lang.AssertionError">
      <![CDATA[java.lang.AssertionError: The following asserts failed:
null
at org.testng.asserts.SoftAssert.assertAll(SoftAssert.java:47)
at org.testng.asserts.SoftAssert.assertAll(SoftAssert.java:31)
at testcases.RAW_DATAMART_CURATED.SnowFlake_RowCount_Master.validate_RowCount_BKP(SnowFlake_RowCount_Master.java:56)
at testcases.RAW_DATAMART_CURATED.SnowFlake_RowCount_Master.Testcase_RowCount_validation(SnowFlake_RowCount_Master.java:25)
at jdk.internal.reflect.GeneratedMethodAccessor13.invoke(Unknown Source)
at java.base/jdk.internal.reflect.DelegatingMethodAccessorImpl.invoke(DelegatingMethodAccessorImpl.java:43)
at java.base/java.lang.reflect.Method.invoke(Method.java:568)
at org.testng.internal.MethodInvocationHelper.invokeMethod(MethodInvocationHelper.java:133)
at org.testng.internal.TestInvoker.invokeMethod(TestInvoker.java:598)
at org.testng.internal.TestInvoker.invokeTestMethod(TestInvoker.java:173)
at org.testng.internal.MethodRunner.runInSequence(MethodRunner.java:46)
at org.testng.internal.TestInvoker$MethodInvocationAgent.invoke(TestInvoker.java:824)
at org.testng.internal.TestInvoker.invokeTestMethods(TestInvoker.java:146)
at org.testng.internal.TestMethodWorker.invokeTestMethods(TestMethodWorker.java:146)
at org.testng.internal.TestMethodWorker.run(TestMethodWorker.java:128)
at java.base/java.util.ArrayList.forEach(ArrayList.java:1511)
at org.testng.TestRunner.privateRun(TestRunner.java:794)
at org.testng.TestRunner.run(TestRunner.java:596)
at org.testng.SuiteRunner.runTest(SuiteRunner.java:377)
at org.testng.SuiteRunner.runSequentially(SuiteRunner.java:371)
at org.testng.SuiteRunner.privateRun(SuiteRunner.java:332)
at org.testng.SuiteRunner.run(SuiteRunner.java:276)
at org.testng.SuiteRunnerWorker.runSuite(SuiteRunnerWorker.java:53)
at org.testng.SuiteRunnerWorker.run(SuiteRunnerWorker.java:96)
at org.testng.TestNG.runSuitesSequentially(TestNG.java:1212)
at org.testng.TestNG.runSuitesLocally(TestNG.java:1134)
at org.testng.TestNG.runSuites(TestNG.java:1063)
at org.testng.TestNG.run(TestNG.java:1031)
at org.testng.remote.AbstractRemoteTestNG.run(AbstractRemoteTestNG.java:115)
at org.testng.remote.RemoteTestNG.initAndRun(RemoteTestNG.java:251)
at org.testng.remote.RemoteTestNG.main(RemoteTestNG.java:77)
]]>
    </failure>
  </testcase> <!-- Testcase_RowCount_validation -->
  <system-out>
    <![CDATA[Executing Snowflake query :: SELECT count(*) as TOTAL FROM DEV_ENT_RAW.ST_HENDERSON_MATILLION.TECHNICIANSHIFT
Snowflake - SQLException at readDB() method :: SQL compilation error:
Object 'DEV_ENT_RAW.ST_HENDERSON_MATILLION.TECHNICIANSHIFT' does not exist or not authorized.
Executing Snowflake query :: select count(*) as TOTAL from CURATED_DATAMART.ST_BKP_HENDERSON.STR_TECHNICIANSHIFT Where ACTIVE_FLAG='Y'
Table Count in Snowflake:: 135237
Executing Snowflake query :: select count(*) as TOTAL from DEV_ENT_CURATED.MASTER_DIMENSIONS.DIM_TECHNICIANSHIFT where tenant_type='HENDERSON' and RECORD_UPDATED_BY='Backup Table'
Table Count in Snowflake:: 135237
Row Count of Table TECHNICIANSHIFT is matched for RAW :: 0 DataMart :: 135237 CURATED :: 135237]]>
  </system-out>
  <testcase classname="testcases.RAW_DATAMART_CURATED.SnowFlake_RowCount_Master" name="Testcase_RowCount_validation" time="1.855">
    <failure message="The following asserts failed:
	null" type="java.lang.AssertionError">
      <![CDATA[java.lang.AssertionError: The following asserts failed:
null
at org.testng.asserts.SoftAssert.assertAll(SoftAssert.java:47)
at org.testng.asserts.SoftAssert.assertAll(SoftAssert.java:31)
at testcases.RAW_DATAMART_CURATED.SnowFlake_RowCount_Master.validate_RowCount_BKP(SnowFlake_RowCount_Master.java:56)
at testcases.RAW_DATAMART_CURATED.SnowFlake_RowCount_Master.Testcase_RowCount_validation(SnowFlake_RowCount_Master.java:25)
at jdk.internal.reflect.GeneratedMethodAccessor13.invoke(Unknown Source)
at java.base/jdk.internal.reflect.DelegatingMethodAccessorImpl.invoke(DelegatingMethodAccessorImpl.java:43)
at java.base/java.lang.reflect.Method.invoke(Method.java:568)
at org.testng.internal.MethodInvocationHelper.invokeMethod(MethodInvocationHelper.java:133)
at org.testng.internal.TestInvoker.invokeMethod(TestInvoker.java:598)
at org.testng.internal.TestInvoker.invokeTestMethod(TestInvoker.java:173)
at org.testng.internal.MethodRunner.runInSequence(MethodRunner.java:46)
at org.testng.internal.TestInvoker$MethodInvocationAgent.invoke(TestInvoker.java:824)
at org.testng.internal.TestInvoker.invokeTestMethods(TestInvoker.java:146)
at org.testng.internal.TestMethodWorker.invokeTestMethods(TestMethodWorker.java:146)
at org.testng.internal.TestMethodWorker.run(TestMethodWorker.java:128)
at java.base/java.util.ArrayList.forEach(ArrayList.java:1511)
at org.testng.TestRunner.privateRun(TestRunner.java:794)
at org.testng.TestRunner.run(TestRunner.java:596)
at org.testng.SuiteRunner.runTest(SuiteRunner.java:377)
at org.testng.SuiteRunner.runSequentially(SuiteRunner.java:371)
at org.testng.SuiteRunner.privateRun(SuiteRunner.java:332)
at org.testng.SuiteRunner.run(SuiteRunner.java:276)
at org.testng.SuiteRunnerWorker.runSuite(SuiteRunnerWorker.java:53)
at org.testng.SuiteRunnerWorker.run(SuiteRunnerWorker.java:96)
at org.testng.TestNG.runSuitesSequentially(TestNG.java:1212)
at org.testng.TestNG.runSuitesLocally(TestNG.java:1134)
at org.testng.TestNG.runSuites(TestNG.java:1063)
at org.testng.TestNG.run(TestNG.java:1031)
at org.testng.remote.AbstractRemoteTestNG.run(AbstractRemoteTestNG.java:115)
at org.testng.remote.RemoteTestNG.initAndRun(RemoteTestNG.java:251)
at org.testng.remote.RemoteTestNG.main(RemoteTestNG.java:77)
]]>
    </failure>
  </testcase> <!-- Testcase_RowCount_validation -->
  <system-out>
    <![CDATA[Executing Snowflake query :: SELECT count(*) as TOTAL FROM DEV_ENT_RAW.ST_SNELLHEATINGAIR_MATILLION.ESTIMATE
Table Count in Snowflake:: 103353
Executing Snowflake query :: select count(*) as TOTAL from CURATED_DATAMART.ST_BKP_SNELLHEATINGAIR.STR_ESTIMATE Where ACTIVE_FLAG='Y'
Table Count in Snowflake:: 103096
Executing Snowflake query :: select count(*) as TOTAL from DEV_ENT_CURATED.MASTER_DIMENSIONS.DIM_ESTIMATE where tenant_type='SNELLHEATINGAIR' and RECORD_UPDATED_BY='Backup Table'
Table Count in Snowflake:: 102476
Row Count of Table ESTIMATE is not matched for RAW :: 103353 DataMart :: 103096 CURATED :: 102476]]>
  </system-out>
  <testcase classname="testcases.RAW_DATAMART_CURATED.SnowFlake_RowCount_Master" name="Testcase_RowCount_validation" time="2.553">
    <failure message="The following asserts failed:
	null" type="java.lang.AssertionError">
      <![CDATA[java.lang.AssertionError: The following asserts failed:
null
at org.testng.asserts.SoftAssert.assertAll(SoftAssert.java:47)
at org.testng.asserts.SoftAssert.assertAll(SoftAssert.java:31)
at testcases.RAW_DATAMART_CURATED.SnowFlake_RowCount_Master.validate_RowCount_BKP(SnowFlake_RowCount_Master.java:56)
at testcases.RAW_DATAMART_CURATED.SnowFlake_RowCount_Master.Testcase_RowCount_validation(SnowFlake_RowCount_Master.java:25)
at jdk.internal.reflect.GeneratedMethodAccessor13.invoke(Unknown Source)
at java.base/jdk.internal.reflect.DelegatingMethodAccessorImpl.invoke(DelegatingMethodAccessorImpl.java:43)
at java.base/java.lang.reflect.Method.invoke(Method.java:568)
at org.testng.internal.MethodInvocationHelper.invokeMethod(MethodInvocationHelper.java:133)
at org.testng.internal.TestInvoker.invokeMethod(TestInvoker.java:598)
at org.testng.internal.TestInvoker.invokeTestMethod(TestInvoker.java:173)
at org.testng.internal.MethodRunner.runInSequence(MethodRunner.java:46)
at org.testng.internal.TestInvoker$MethodInvocationAgent.invoke(TestInvoker.java:824)
at org.testng.internal.TestInvoker.invokeTestMethods(TestInvoker.java:146)
at org.testng.internal.TestMethodWorker.invokeTestMethods(TestMethodWorker.java:146)
at org.testng.internal.TestMethodWorker.run(TestMethodWorker.java:128)
at java.base/java.util.ArrayList.forEach(ArrayList.java:1511)
at org.testng.TestRunner.privateRun(TestRunner.java:794)
at org.testng.TestRunner.run(TestRunner.java:596)
at org.testng.SuiteRunner.runTest(SuiteRunner.java:377)
at org.testng.SuiteRunner.runSequentially(SuiteRunner.java:371)
at org.testng.SuiteRunner.privateRun(SuiteRunner.java:332)
at org.testng.SuiteRunner.run(SuiteRunner.java:276)
at org.testng.SuiteRunnerWorker.runSuite(SuiteRunnerWorker.java:53)
at org.testng.SuiteRunnerWorker.run(SuiteRunnerWorker.java:96)
at org.testng.TestNG.runSuitesSequentially(TestNG.java:1212)
at org.testng.TestNG.runSuitesLocally(TestNG.java:1134)
at org.testng.TestNG.runSuites(TestNG.java:1063)
at org.testng.TestNG.run(TestNG.java:1031)
at org.testng.remote.AbstractRemoteTestNG.run(AbstractRemoteTestNG.java:115)
at org.testng.remote.RemoteTestNG.initAndRun(RemoteTestNG.java:251)
at org.testng.remote.RemoteTestNG.main(RemoteTestNG.java:77)
]]>
    </failure>
  </testcase> <!-- Testcase_RowCount_validation -->
  <system-out>
    <![CDATA[Executing Snowflake query :: SELECT count(*) as TOTAL FROM DEV_ENT_RAW.ST_CASTEEL_MATILLION.JOB
Table Count in Snowflake:: 998789
Executing Snowflake query :: select count(*) as TOTAL from CURATED_DATAMART.ST_BKP_CASTEEL.STR_JOB Where ACTIVE_FLAG='Y'
Table Count in Snowflake:: 1174973
Executing Snowflake query :: select count(*) as TOTAL from DEV_ENT_CURATED.MASTER_DIMENSIONS.DIM_JOB where tenant_type='CASTEEL' and RECORD_UPDATED_BY='Backup Table'
Table Count in Snowflake:: 998286
Row Count of Table JOB is not matched for RAW :: 998789 DataMart :: 1174973 CURATED :: 998286]]>
  </system-out>
  <testcase classname="testcases.RAW_DATAMART_CURATED.SnowFlake_RowCount_Master" name="Testcase_RowCount_validation" time="2.259">
    <failure message="The following asserts failed:
	null" type="java.lang.AssertionError">
      <![CDATA[java.lang.AssertionError: The following asserts failed:
null
at org.testng.asserts.SoftAssert.assertAll(SoftAssert.java:47)
at org.testng.asserts.SoftAssert.assertAll(SoftAssert.java:31)
at testcases.RAW_DATAMART_CURATED.SnowFlake_RowCount_Master.validate_RowCount_BKP(SnowFlake_RowCount_Master.java:56)
at testcases.RAW_DATAMART_CURATED.SnowFlake_RowCount_Master.Testcase_RowCount_validation(SnowFlake_RowCount_Master.java:25)
at jdk.internal.reflect.GeneratedMethodAccessor13.invoke(Unknown Source)
at java.base/jdk.internal.reflect.DelegatingMethodAccessorImpl.invoke(DelegatingMethodAccessorImpl.java:43)
at java.base/java.lang.reflect.Method.invoke(Method.java:568)
at org.testng.internal.MethodInvocationHelper.invokeMethod(MethodInvocationHelper.java:133)
at org.testng.internal.TestInvoker.invokeMethod(TestInvoker.java:598)
at org.testng.internal.TestInvoker.invokeTestMethod(TestInvoker.java:173)
at org.testng.internal.MethodRunner.runInSequence(MethodRunner.java:46)
at org.testng.internal.TestInvoker$MethodInvocationAgent.invoke(TestInvoker.java:824)
at org.testng.internal.TestInvoker.invokeTestMethods(TestInvoker.java:146)
at org.testng.internal.TestMethodWorker.invokeTestMethods(TestMethodWorker.java:146)
at org.testng.internal.TestMethodWorker.run(TestMethodWorker.java:128)
at java.base/java.util.ArrayList.forEach(ArrayList.java:1511)
at org.testng.TestRunner.privateRun(TestRunner.java:794)
at org.testng.TestRunner.run(TestRunner.java:596)
at org.testng.SuiteRunner.runTest(SuiteRunner.java:377)
at org.testng.SuiteRunner.runSequentially(SuiteRunner.java:371)
at org.testng.SuiteRunner.privateRun(SuiteRunner.java:332)
at org.testng.SuiteRunner.run(SuiteRunner.java:276)
at org.testng.SuiteRunnerWorker.runSuite(SuiteRunnerWorker.java:53)
at org.testng.SuiteRunnerWorker.run(SuiteRunnerWorker.java:96)
at org.testng.TestNG.runSuitesSequentially(TestNG.java:1212)
at org.testng.TestNG.runSuitesLocally(TestNG.java:1134)
at org.testng.TestNG.runSuites(TestNG.java:1063)
at org.testng.TestNG.run(TestNG.java:1031)
at org.testng.remote.AbstractRemoteTestNG.run(AbstractRemoteTestNG.java:115)
at org.testng.remote.RemoteTestNG.initAndRun(RemoteTestNG.java:251)
at org.testng.remote.RemoteTestNG.main(RemoteTestNG.java:77)
]]>
    </failure>
  </testcase> <!-- Testcase_RowCount_validation -->
  <system-out>
    <![CDATA[Executing Snowflake query :: SELECT count(*) as TOTAL FROM DEV_ENT_RAW.ST_CASTEEL_MATILLION.JOBAPPOINTMENT
Table Count in Snowflake:: 999235
Executing Snowflake query :: select count(*) as TOTAL from CURATED_DATAMART.ST_BKP_CASTEEL.STR_JOBAPPOINTMENT Where ACTIVE_FLAG='Y'
Table Count in Snowflake:: 998982
Executing Snowflake query :: select count(*) as TOTAL from DEV_ENT_CURATED.MASTER_DIMENSIONS.DIM_JOBAPPOINTMENT where tenant_type='CASTEEL' and RECORD_UPDATED_BY='Backup Table'
Table Count in Snowflake:: 998980
Row Count of Table JOBAPPOINTMENT is not matched for RAW :: 999235 DataMart :: 998982 CURATED :: 998980]]>
  </system-out>
  <testcase classname="testcases.RAW_DATAMART_CURATED.SnowFlake_RowCount_Master" name="Testcase_RowCount_validation" time="1.734"/>
  <system-out>
    <![CDATA[Executing Snowflake query :: SELECT count(*) as TOTAL FROM DEV_ENT_RAW.ST_HUTCHINSON_MATILLION.BUSINESSUNIT
Table Count in Snowflake:: 74
Executing Snowflake query :: select count(*) as TOTAL from CURATED_DATAMART.ST_BKP_HUTCHINSON.STR_BUSINESSUNIT Where ACTIVE_FLAG='Y'
Table Count in Snowflake:: 74
Executing Snowflake query :: select count(*) as TOTAL from DEV_ENT_CURATED.MASTER_DIMENSIONS.DIM_BUSINESSUNIT where tenant_type='HUTCHINSON' and RECORD_UPDATED_BY='Backup Table'
Table Count in Snowflake:: 136
Row Count of Table BUSINESSUNIT is matched for RAW :: 74 DataMart :: 74 CURATED :: 136]]>
  </system-out>
  <testcase classname="testcases.RAW_DATAMART_CURATED.SnowFlake_RowCount_Master" name="Testcase_RowCount_validation" time="2.210">
    <failure message="The following asserts failed:
	null,
	null" type="java.lang.AssertionError">
      <![CDATA[java.lang.AssertionError: The following asserts failed:
null,
null
at org.testng.asserts.SoftAssert.assertAll(SoftAssert.java:47)
at org.testng.asserts.SoftAssert.assertAll(SoftAssert.java:31)
at testcases.RAW_DATAMART_CURATED.SnowFlake_RowCount_Master.validate_RowCount_BKP(SnowFlake_RowCount_Master.java:56)
at testcases.RAW_DATAMART_CURATED.SnowFlake_RowCount_Master.Testcase_RowCount_validation(SnowFlake_RowCount_Master.java:25)
at jdk.internal.reflect.GeneratedMethodAccessor13.invoke(Unknown Source)
at java.base/jdk.internal.reflect.DelegatingMethodAccessorImpl.invoke(DelegatingMethodAccessorImpl.java:43)
at java.base/java.lang.reflect.Method.invoke(Method.java:568)
at org.testng.internal.MethodInvocationHelper.invokeMethod(MethodInvocationHelper.java:133)
at org.testng.internal.TestInvoker.invokeMethod(TestInvoker.java:598)
at org.testng.internal.TestInvoker.invokeTestMethod(TestInvoker.java:173)
at org.testng.internal.MethodRunner.runInSequence(MethodRunner.java:46)
at org.testng.internal.TestInvoker$MethodInvocationAgent.invoke(TestInvoker.java:824)
at org.testng.internal.TestInvoker.invokeTestMethods(TestInvoker.java:146)
at org.testng.internal.TestMethodWorker.invokeTestMethods(TestMethodWorker.java:146)
at org.testng.internal.TestMethodWorker.run(TestMethodWorker.java:128)
at java.base/java.util.ArrayList.forEach(ArrayList.java:1511)
at org.testng.TestRunner.privateRun(TestRunner.java:794)
at org.testng.TestRunner.run(TestRunner.java:596)
at org.testng.SuiteRunner.runTest(SuiteRunner.java:377)
at org.testng.SuiteRunner.runSequentially(SuiteRunner.java:371)
at org.testng.SuiteRunner.privateRun(SuiteRunner.java:332)
at org.testng.SuiteRunner.run(SuiteRunner.java:276)
at org.testng.SuiteRunnerWorker.runSuite(SuiteRunnerWorker.java:53)
at org.testng.SuiteRunnerWorker.run(SuiteRunnerWorker.java:96)
at org.testng.TestNG.runSuitesSequentially(TestNG.java:1212)
at org.testng.TestNG.runSuitesLocally(TestNG.java:1134)
at org.testng.TestNG.runSuites(TestNG.java:1063)
at org.testng.TestNG.run(TestNG.java:1031)
at org.testng.remote.AbstractRemoteTestNG.run(AbstractRemoteTestNG.java:115)
at org.testng.remote.RemoteTestNG.initAndRun(RemoteTestNG.java:251)
at org.testng.remote.RemoteTestNG.main(RemoteTestNG.java:77)
]]>
    </failure>
  </testcase> <!-- Testcase_RowCount_validation -->
  <system-out>
    <![CDATA[Executing Snowflake query :: SELECT count(*) as TOTAL FROM DEV_ENT_RAW.ST_EANESHEATING_MATILLION.OPPORTUNITY
Snowflake - SQLException at readDB() method :: SQL compilation error:
Object 'DEV_ENT_RAW.ST_EANESHEATING_MATILLION.OPPORTUNITY' does not exist or not authorized.
Executing Snowflake query :: select count(*) as TOTAL from CURATED_DATAMART.ST_BKP_EANESHEATING.STR_OPPORTUNITY Where ACTIVE_FLAG='Y'
Table Count in Snowflake:: 401333
Executing Snowflake query :: select count(*) as TOTAL from DEV_ENT_CURATED.MASTER_DIMENSIONS.DIM_OPPORTUNITY where tenant_type='EANESHEATING' and RECORD_UPDATED_BY='Backup Table'
Table Count in Snowflake:: 401257
Row Count of Table OPPORTUNITY is not matched for RAW :: 0 DataMart :: 401333 CURATED :: 401257]]>
  </system-out>
  <testcase classname="testcases.RAW_DATAMART_CURATED.SnowFlake_RowCount_Master" name="Testcase_RowCount_validation" time="2.262">
    <failure message="The following asserts failed:
	null" type="java.lang.AssertionError">
      <![CDATA[java.lang.AssertionError: The following asserts failed:
null
at org.testng.asserts.SoftAssert.assertAll(SoftAssert.java:47)
at org.testng.asserts.SoftAssert.assertAll(SoftAssert.java:31)
at testcases.RAW_DATAMART_CURATED.SnowFlake_RowCount_Master.validate_RowCount_BKP(SnowFlake_RowCount_Master.java:56)
at testcases.RAW_DATAMART_CURATED.SnowFlake_RowCount_Master.Testcase_RowCount_validation(SnowFlake_RowCount_Master.java:25)
at jdk.internal.reflect.GeneratedMethodAccessor13.invoke(Unknown Source)
at java.base/jdk.internal.reflect.DelegatingMethodAccessorImpl.invoke(DelegatingMethodAccessorImpl.java:43)
at java.base/java.lang.reflect.Method.invoke(Method.java:568)
at org.testng.internal.MethodInvocationHelper.invokeMethod(MethodInvocationHelper.java:133)
at org.testng.internal.TestInvoker.invokeMethod(TestInvoker.java:598)
at org.testng.internal.TestInvoker.invokeTestMethod(TestInvoker.java:173)
at org.testng.internal.MethodRunner.runInSequence(MethodRunner.java:46)
at org.testng.internal.TestInvoker$MethodInvocationAgent.invoke(TestInvoker.java:824)
at org.testng.internal.TestInvoker.invokeTestMethods(TestInvoker.java:146)
at org.testng.internal.TestMethodWorker.invokeTestMethods(TestMethodWorker.java:146)
at org.testng.internal.TestMethodWorker.run(TestMethodWorker.java:128)
at java.base/java.util.ArrayList.forEach(ArrayList.java:1511)
at org.testng.TestRunner.privateRun(TestRunner.java:794)
at org.testng.TestRunner.run(TestRunner.java:596)
at org.testng.SuiteRunner.runTest(SuiteRunner.java:377)
at org.testng.SuiteRunner.runSequentially(SuiteRunner.java:371)
at org.testng.SuiteRunner.privateRun(SuiteRunner.java:332)
at org.testng.SuiteRunner.run(SuiteRunner.java:276)
at org.testng.SuiteRunnerWorker.runSuite(SuiteRunnerWorker.java:53)
at org.testng.SuiteRunnerWorker.run(SuiteRunnerWorker.java:96)
at org.testng.TestNG.runSuitesSequentially(TestNG.java:1212)
at org.testng.TestNG.runSuitesLocally(TestNG.java:1134)
at org.testng.TestNG.runSuites(TestNG.java:1063)
at org.testng.TestNG.run(TestNG.java:1031)
at org.testng.remote.AbstractRemoteTestNG.run(AbstractRemoteTestNG.java:115)
at org.testng.remote.RemoteTestNG.initAndRun(RemoteTestNG.java:251)
at org.testng.remote.RemoteTestNG.main(RemoteTestNG.java:77)
]]>
    </failure>
  </testcase> <!-- Testcase_RowCount_validation -->
  <system-out>
    <![CDATA[Executing Snowflake query :: SELECT count(*) as TOTAL FROM DEV_ENT_RAW.ST_CASTEEL_MATILLION.PAYMENTSPLIT
Table Count in Snowflake:: 523633
Executing Snowflake query :: select count(*) as TOTAL from CURATED_DATAMART.ST_BKP_CASTEEL.STR_PAYMENTSPLIT Where ACTIVE_FLAG='Y'
Table Count in Snowflake:: 523300
Executing Snowflake query :: select count(*) as TOTAL from DEV_ENT_CURATED.MASTER_DIMENSIONS.DIM_PAYMENTSPLIT where tenant_type='CASTEEL' and RECORD_UPDATED_BY='Backup Table'
Table Count in Snowflake:: 523300
Row Count of Table PAYMENTSPLIT is not matched for RAW :: 523633 DataMart :: 523300 CURATED :: 523300]]>
  </system-out>
  <testcase classname="testcases.RAW_DATAMART_CURATED.SnowFlake_RowCount_Master" name="Testcase_RowCount_validation" time="2.325"/>
  <system-out>
    <![CDATA[Executing Snowflake query :: SELECT count(*) as TOTAL FROM DEV_ENT_RAW.ST_HENDERSON_MATILLION.JOBTYPE
Table Count in Snowflake:: 625
Executing Snowflake query :: select count(*) as TOTAL from CURATED_DATAMART.ST_BKP_HENDERSON.STR_JOBTYPE Where ACTIVE_FLAG='Y'
Table Count in Snowflake:: 625
Executing Snowflake query :: select count(*) as TOTAL from DEV_ENT_CURATED.MASTER_DIMENSIONS.DIM_JOBTYPE where tenant_type='HENDERSON' and RECORD_UPDATED_BY='Backup Table'
Table Count in Snowflake:: 625
Row Count of Table JOBTYPE is matched for RAW :: 625 DataMart :: 625 CURATED :: 625]]>
  </system-out>
  <testcase classname="testcases.RAW_DATAMART_CURATED.SnowFlake_RowCount_Master" name="Testcase_RowCount_validation" time="1.535">
    <failure message="The following asserts failed:
	null" type="java.lang.AssertionError">
      <![CDATA[java.lang.AssertionError: The following asserts failed:
null
at org.testng.asserts.SoftAssert.assertAll(SoftAssert.java:47)
at org.testng.asserts.SoftAssert.assertAll(SoftAssert.java:31)
at testcases.RAW_DATAMART_CURATED.SnowFlake_RowCount_Master.validate_RowCount_BKP(SnowFlake_RowCount_Master.java:56)
at testcases.RAW_DATAMART_CURATED.SnowFlake_RowCount_Master.Testcase_RowCount_validation(SnowFlake_RowCount_Master.java:25)
at jdk.internal.reflect.GeneratedMethodAccessor13.invoke(Unknown Source)
at java.base/jdk.internal.reflect.DelegatingMethodAccessorImpl.invoke(DelegatingMethodAccessorImpl.java:43)
at java.base/java.lang.reflect.Method.invoke(Method.java:568)
at org.testng.internal.MethodInvocationHelper.invokeMethod(MethodInvocationHelper.java:133)
at org.testng.internal.TestInvoker.invokeMethod(TestInvoker.java:598)
at org.testng.internal.TestInvoker.invokeTestMethod(TestInvoker.java:173)
at org.testng.internal.MethodRunner.runInSequence(MethodRunner.java:46)
at org.testng.internal.TestInvoker$MethodInvocationAgent.invoke(TestInvoker.java:824)
at org.testng.internal.TestInvoker.invokeTestMethods(TestInvoker.java:146)
at org.testng.internal.TestMethodWorker.invokeTestMethods(TestMethodWorker.java:146)
at org.testng.internal.TestMethodWorker.run(TestMethodWorker.java:128)
at java.base/java.util.ArrayList.forEach(ArrayList.java:1511)
at org.testng.TestRunner.privateRun(TestRunner.java:794)
at org.testng.TestRunner.run(TestRunner.java:596)
at org.testng.SuiteRunner.runTest(SuiteRunner.java:377)
at org.testng.SuiteRunner.runSequentially(SuiteRunner.java:371)
at org.testng.SuiteRunner.privateRun(SuiteRunner.java:332)
at org.testng.SuiteRunner.run(SuiteRunner.java:276)
at org.testng.SuiteRunnerWorker.runSuite(SuiteRunnerWorker.java:53)
at org.testng.SuiteRunnerWorker.run(SuiteRunnerWorker.java:96)
at org.testng.TestNG.runSuitesSequentially(TestNG.java:1212)
at org.testng.TestNG.runSuitesLocally(TestNG.java:1134)
at org.testng.TestNG.runSuites(TestNG.java:1063)
at org.testng.TestNG.run(TestNG.java:1031)
at org.testng.remote.AbstractRemoteTestNG.run(AbstractRemoteTestNG.java:115)
at org.testng.remote.RemoteTestNG.initAndRun(RemoteTestNG.java:251)
at org.testng.remote.RemoteTestNG.main(RemoteTestNG.java:77)
]]>
    </failure>
  </testcase> <!-- Testcase_RowCount_validation -->
  <system-out>
    <![CDATA[Executing Snowflake query :: SELECT count(*) as TOTAL FROM DEV_ENT_RAW.ST_MAITZ_MATILLION.VENDOR
Table Count in Snowflake:: 380
Executing Snowflake query :: select count(*) as TOTAL from CURATED_DATAMART.ST_BKP_MAITZ.STR_VENDOR Where ACTIVE_FLAG='Y'
Table Count in Snowflake:: 380
Executing Snowflake query :: select count(*) as TOTAL from DEV_ENT_CURATED.MASTER_DIMENSIONS.DIM_VENDOR where tenant_type='MAITZ' and RECORD_UPDATED_BY='Backup Table'
Table Count in Snowflake:: 0
Row Count of Table VENDOR is not matched for RAW :: 380 DataMart :: 380 CURATED :: 0]]>
  </system-out>
  <testcase classname="testcases.RAW_DATAMART_CURATED.SnowFlake_RowCount_Master" name="Testcase_RowCount_validation" time="3.787">
    <failure message="The following asserts failed:
	null" type="java.lang.AssertionError">
      <![CDATA[java.lang.AssertionError: The following asserts failed:
null
at org.testng.asserts.SoftAssert.assertAll(SoftAssert.java:47)
at org.testng.asserts.SoftAssert.assertAll(SoftAssert.java:31)
at testcases.RAW_DATAMART_CURATED.SnowFlake_RowCount_Master.validate_RowCount_BKP(SnowFlake_RowCount_Master.java:56)
at testcases.RAW_DATAMART_CURATED.SnowFlake_RowCount_Master.Testcase_RowCount_validation(SnowFlake_RowCount_Master.java:25)
at jdk.internal.reflect.GeneratedMethodAccessor13.invoke(Unknown Source)
at java.base/jdk.internal.reflect.DelegatingMethodAccessorImpl.invoke(DelegatingMethodAccessorImpl.java:43)
at java.base/java.lang.reflect.Method.invoke(Method.java:568)
at org.testng.internal.MethodInvocationHelper.invokeMethod(MethodInvocationHelper.java:133)
at org.testng.internal.TestInvoker.invokeMethod(TestInvoker.java:598)
at org.testng.internal.TestInvoker.invokeTestMethod(TestInvoker.java:173)
at org.testng.internal.MethodRunner.runInSequence(MethodRunner.java:46)
at org.testng.internal.TestInvoker$MethodInvocationAgent.invoke(TestInvoker.java:824)
at org.testng.internal.TestInvoker.invokeTestMethods(TestInvoker.java:146)
at org.testng.internal.TestMethodWorker.invokeTestMethods(TestMethodWorker.java:146)
at org.testng.internal.TestMethodWorker.run(TestMethodWorker.java:128)
at java.base/java.util.ArrayList.forEach(ArrayList.java:1511)
at org.testng.TestRunner.privateRun(TestRunner.java:794)
at org.testng.TestRunner.run(TestRunner.java:596)
at org.testng.SuiteRunner.runTest(SuiteRunner.java:377)
at org.testng.SuiteRunner.runSequentially(SuiteRunner.java:371)
at org.testng.SuiteRunner.privateRun(SuiteRunner.java:332)
at org.testng.SuiteRunner.run(SuiteRunner.java:276)
at org.testng.SuiteRunnerWorker.runSuite(SuiteRunnerWorker.java:53)
at org.testng.SuiteRunnerWorker.run(SuiteRunnerWorker.java:96)
at org.testng.TestNG.runSuitesSequentially(TestNG.java:1212)
at org.testng.TestNG.runSuitesLocally(TestNG.java:1134)
at org.testng.TestNG.runSuites(TestNG.java:1063)
at org.testng.TestNG.run(TestNG.java:1031)
at org.testng.remote.AbstractRemoteTestNG.run(AbstractRemoteTestNG.java:115)
at org.testng.remote.RemoteTestNG.initAndRun(RemoteTestNG.java:251)
at org.testng.remote.RemoteTestNG.main(RemoteTestNG.java:77)
]]>
    </failure>
  </testcase> <!-- Testcase_RowCount_validation -->
  <system-out>
    <![CDATA[Executing Snowflake query :: SELECT count(*) as TOTAL FROM DEV_ENT_RAW.ST_BILLFENWICK_MATILLION.INVOICEITEM
Table Count in Snowflake:: 397808
Executing Snowflake query :: select count(*) as TOTAL from CURATED_DATAMART.ST_BKP_BILLFENWICK.STR_INVOICEITEM Where ACTIVE_FLAG='Y'
Table Count in Snowflake:: 396714
Executing Snowflake query :: select count(*) as TOTAL from DEV_ENT_CURATED.MASTER_DIMENSIONS.DIM_INVOICEITEM where tenant_type='BILLFENWICK' and RECORD_UPDATED_BY='Backup Table'
Table Count in Snowflake:: 396696
Row Count of Table INVOICEITEM is not matched for RAW :: 397808 DataMart :: 396714 CURATED :: 396696]]>
  </system-out>
  <testcase classname="testcases.RAW_DATAMART_CURATED.SnowFlake_RowCount_Master" name="Testcase_RowCount_validation" time="1.947">
    <failure message="The following asserts failed:
	null" type="java.lang.AssertionError">
      <![CDATA[java.lang.AssertionError: The following asserts failed:
null
at org.testng.asserts.SoftAssert.assertAll(SoftAssert.java:47)
at org.testng.asserts.SoftAssert.assertAll(SoftAssert.java:31)
at testcases.RAW_DATAMART_CURATED.SnowFlake_RowCount_Master.validate_RowCount_BKP(SnowFlake_RowCount_Master.java:56)
at testcases.RAW_DATAMART_CURATED.SnowFlake_RowCount_Master.Testcase_RowCount_validation(SnowFlake_RowCount_Master.java:25)
at jdk.internal.reflect.GeneratedMethodAccessor13.invoke(Unknown Source)
at java.base/jdk.internal.reflect.DelegatingMethodAccessorImpl.invoke(DelegatingMethodAccessorImpl.java:43)
at java.base/java.lang.reflect.Method.invoke(Method.java:568)
at org.testng.internal.MethodInvocationHelper.invokeMethod(MethodInvocationHelper.java:133)
at org.testng.internal.TestInvoker.invokeMethod(TestInvoker.java:598)
at org.testng.internal.TestInvoker.invokeTestMethod(TestInvoker.java:173)
at org.testng.internal.MethodRunner.runInSequence(MethodRunner.java:46)
at org.testng.internal.TestInvoker$MethodInvocationAgent.invoke(TestInvoker.java:824)
at org.testng.internal.TestInvoker.invokeTestMethods(TestInvoker.java:146)
at org.testng.internal.TestMethodWorker.invokeTestMethods(TestMethodWorker.java:146)
at org.testng.internal.TestMethodWorker.run(TestMethodWorker.java:128)
at java.base/java.util.ArrayList.forEach(ArrayList.java:1511)
at org.testng.TestRunner.privateRun(TestRunner.java:794)
at org.testng.TestRunner.run(TestRunner.java:596)
at org.testng.SuiteRunner.runTest(SuiteRunner.java:377)
at org.testng.SuiteRunner.runSequentially(SuiteRunner.java:371)
at org.testng.SuiteRunner.privateRun(SuiteRunner.java:332)
at org.testng.SuiteRunner.run(SuiteRunner.java:276)
at org.testng.SuiteRunnerWorker.runSuite(SuiteRunnerWorker.java:53)
at org.testng.SuiteRunnerWorker.run(SuiteRunnerWorker.java:96)
at org.testng.TestNG.runSuitesSequentially(TestNG.java:1212)
at org.testng.TestNG.runSuitesLocally(TestNG.java:1134)
at org.testng.TestNG.runSuites(TestNG.java:1063)
at org.testng.TestNG.run(TestNG.java:1031)
at org.testng.remote.AbstractRemoteTestNG.run(AbstractRemoteTestNG.java:115)
at org.testng.remote.RemoteTestNG.initAndRun(RemoteTestNG.java:251)
at org.testng.remote.RemoteTestNG.main(RemoteTestNG.java:77)
]]>
    </failure>
  </testcase> <!-- Testcase_RowCount_validation -->
  <system-out>
    <![CDATA[Executing Snowflake query :: SELECT count(*) as TOTAL FROM DEV_ENT_RAW.ST_MAITZ_MATILLION.MATERIALVENDOR
Table Count in Snowflake:: 108217
Executing Snowflake query :: select count(*) as TOTAL from CURATED_DATAMART.ST_BKP_MAITZ.STR_MATERIALVENDOR Where ACTIVE_FLAG='Y'
Table Count in Snowflake:: 108304
Executing Snowflake query :: select count(*) as TOTAL from DEV_ENT_CURATED.MASTER_DIMENSIONS.DIM_MATERIALVENDOR where tenant_type='MAITZ' and RECORD_UPDATED_BY='Backup Table'
Table Count in Snowflake:: 96976
Row Count of Table MATERIALVENDOR is not matched for RAW :: 108217 DataMart :: 108304 CURATED :: 96976]]>
  </system-out>
  <testcase classname="testcases.RAW_DATAMART_CURATED.SnowFlake_RowCount_Master" name="Testcase_RowCount_validation" time="1.958">
    <failure message="The following asserts failed:
	null,
	null" type="java.lang.AssertionError">
      <![CDATA[java.lang.AssertionError: The following asserts failed:
null,
null
at org.testng.asserts.SoftAssert.assertAll(SoftAssert.java:47)
at org.testng.asserts.SoftAssert.assertAll(SoftAssert.java:31)
at testcases.RAW_DATAMART_CURATED.SnowFlake_RowCount_Master.validate_RowCount_BKP(SnowFlake_RowCount_Master.java:56)
at testcases.RAW_DATAMART_CURATED.SnowFlake_RowCount_Master.Testcase_RowCount_validation(SnowFlake_RowCount_Master.java:25)
at jdk.internal.reflect.GeneratedMethodAccessor13.invoke(Unknown Source)
at java.base/jdk.internal.reflect.DelegatingMethodAccessorImpl.invoke(DelegatingMethodAccessorImpl.java:43)
at java.base/java.lang.reflect.Method.invoke(Method.java:568)
at org.testng.internal.MethodInvocationHelper.invokeMethod(MethodInvocationHelper.java:133)
at org.testng.internal.TestInvoker.invokeMethod(TestInvoker.java:598)
at org.testng.internal.TestInvoker.invokeTestMethod(TestInvoker.java:173)
at org.testng.internal.MethodRunner.runInSequence(MethodRunner.java:46)
at org.testng.internal.TestInvoker$MethodInvocationAgent.invoke(TestInvoker.java:824)
at org.testng.internal.TestInvoker.invokeTestMethods(TestInvoker.java:146)
at org.testng.internal.TestMethodWorker.invokeTestMethods(TestMethodWorker.java:146)
at org.testng.internal.TestMethodWorker.run(TestMethodWorker.java:128)
at java.base/java.util.ArrayList.forEach(ArrayList.java:1511)
at org.testng.TestRunner.privateRun(TestRunner.java:794)
at org.testng.TestRunner.run(TestRunner.java:596)
at org.testng.SuiteRunner.runTest(SuiteRunner.java:377)
at org.testng.SuiteRunner.runSequentially(SuiteRunner.java:371)
at org.testng.SuiteRunner.privateRun(SuiteRunner.java:332)
at org.testng.SuiteRunner.run(SuiteRunner.java:276)
at org.testng.SuiteRunnerWorker.runSuite(SuiteRunnerWorker.java:53)
at org.testng.SuiteRunnerWorker.run(SuiteRunnerWorker.java:96)
at org.testng.TestNG.runSuitesSequentially(TestNG.java:1212)
at org.testng.TestNG.runSuitesLocally(TestNG.java:1134)
at org.testng.TestNG.runSuites(TestNG.java:1063)
at org.testng.TestNG.run(TestNG.java:1031)
at org.testng.remote.AbstractRemoteTestNG.run(AbstractRemoteTestNG.java:115)
at org.testng.remote.RemoteTestNG.initAndRun(RemoteTestNG.java:251)
at org.testng.remote.RemoteTestNG.main(RemoteTestNG.java:77)
]]>
    </failure>
  </testcase> <!-- Testcase_RowCount_validation -->
  <system-out>
    <![CDATA[Executing Snowflake query :: SELECT count(*) as TOTAL FROM DEV_ENT_RAW.ST_GOLDMEDAL_MATILLION.NONJOBAPPOINTMENT
Snowflake - SQLException at readDB() method :: SQL compilation error:
Object 'DEV_ENT_RAW.ST_GOLDMEDAL_MATILLION.NONJOBAPPOINTMENT' does not exist or not authorized.
Executing Snowflake query :: select count(*) as TOTAL from CURATED_DATAMART.ST_BKP_GOLDMEDAL.STR_NONJOBAPPOINTMENT Where ACTIVE_FLAG='Y'
Table Count in Snowflake:: 125159
Executing Snowflake query :: select count(*) as TOTAL from DEV_ENT_CURATED.MASTER_DIMENSIONS.DIM_NONJOBAPPOINTMENT where tenant_type='GOLDMEDAL' and RECORD_UPDATED_BY='Backup Table'
Table Count in Snowflake:: 124656
Row Count of Table NONJOBAPPOINTMENT is not matched for RAW :: 0 DataMart :: 125159 CURATED :: 124656]]>
  </system-out>
  <testcase classname="testcases.RAW_DATAMART_CURATED.SnowFlake_RowCount_Master" name="Testcase_RowCount_validation" time="2.430">
    <failure message="The following asserts failed:
	null" type="java.lang.AssertionError">
      <![CDATA[java.lang.AssertionError: The following asserts failed:
null
at org.testng.asserts.SoftAssert.assertAll(SoftAssert.java:47)
at org.testng.asserts.SoftAssert.assertAll(SoftAssert.java:31)
at testcases.RAW_DATAMART_CURATED.SnowFlake_RowCount_Master.validate_RowCount_BKP(SnowFlake_RowCount_Master.java:56)
at testcases.RAW_DATAMART_CURATED.SnowFlake_RowCount_Master.Testcase_RowCount_validation(SnowFlake_RowCount_Master.java:25)
at jdk.internal.reflect.GeneratedMethodAccessor13.invoke(Unknown Source)
at java.base/jdk.internal.reflect.DelegatingMethodAccessorImpl.invoke(DelegatingMethodAccessorImpl.java:43)
at java.base/java.lang.reflect.Method.invoke(Method.java:568)
at org.testng.internal.MethodInvocationHelper.invokeMethod(MethodInvocationHelper.java:133)
at org.testng.internal.TestInvoker.invokeMethod(TestInvoker.java:598)
at org.testng.internal.TestInvoker.invokeTestMethod(TestInvoker.java:173)
at org.testng.internal.MethodRunner.runInSequence(MethodRunner.java:46)
at org.testng.internal.TestInvoker$MethodInvocationAgent.invoke(TestInvoker.java:824)
at org.testng.internal.TestInvoker.invokeTestMethods(TestInvoker.java:146)
at org.testng.internal.TestMethodWorker.invokeTestMethods(TestMethodWorker.java:146)
at org.testng.internal.TestMethodWorker.run(TestMethodWorker.java:128)
at java.base/java.util.ArrayList.forEach(ArrayList.java:1511)
at org.testng.TestRunner.privateRun(TestRunner.java:794)
at org.testng.TestRunner.run(TestRunner.java:596)
at org.testng.SuiteRunner.runTest(SuiteRunner.java:377)
at org.testng.SuiteRunner.runSequentially(SuiteRunner.java:371)
at org.testng.SuiteRunner.privateRun(SuiteRunner.java:332)
at org.testng.SuiteRunner.run(SuiteRunner.java:276)
at org.testng.SuiteRunnerWorker.runSuite(SuiteRunnerWorker.java:53)
at org.testng.SuiteRunnerWorker.run(SuiteRunnerWorker.java:96)
at org.testng.TestNG.runSuitesSequentially(TestNG.java:1212)
at org.testng.TestNG.runSuitesLocally(TestNG.java:1134)
at org.testng.TestNG.runSuites(TestNG.java:1063)
at org.testng.TestNG.run(TestNG.java:1031)
at org.testng.remote.AbstractRemoteTestNG.run(AbstractRemoteTestNG.java:115)
at org.testng.remote.RemoteTestNG.initAndRun(RemoteTestNG.java:251)
at org.testng.remote.RemoteTestNG.main(RemoteTestNG.java:77)
]]>
    </failure>
  </testcase> <!-- Testcase_RowCount_validation -->
  <system-out>
    <![CDATA[Executing Snowflake query :: SELECT count(*) as TOTAL FROM DEV_ENT_RAW.ST_HARP_MATILLION.ESTIMATE
Table Count in Snowflake:: 66682
Executing Snowflake query :: select count(*) as TOTAL from CURATED_DATAMART.ST_BKP_HARP.STR_ESTIMATE Where ACTIVE_FLAG='Y'
Table Count in Snowflake:: 66500
Executing Snowflake query :: select count(*) as TOTAL from DEV_ENT_CURATED.MASTER_DIMENSIONS.DIM_ESTIMATE where tenant_type='HARP' and RECORD_UPDATED_BY='Backup Table'
Table Count in Snowflake:: 559
Row Count of Table ESTIMATE is not matched for RAW :: 66682 DataMart :: 66500 CURATED :: 559]]>
  </system-out>
  <testcase classname="testcases.RAW_DATAMART_CURATED.SnowFlake_RowCount_Master" name="Testcase_RowCount_validation" time="1.741">
    <failure message="The following asserts failed:
	null" type="java.lang.AssertionError">
      <![CDATA[java.lang.AssertionError: The following asserts failed:
null
at org.testng.asserts.SoftAssert.assertAll(SoftAssert.java:47)
at org.testng.asserts.SoftAssert.assertAll(SoftAssert.java:31)
at testcases.RAW_DATAMART_CURATED.SnowFlake_RowCount_Master.validate_RowCount_BKP(SnowFlake_RowCount_Master.java:56)
at testcases.RAW_DATAMART_CURATED.SnowFlake_RowCount_Master.Testcase_RowCount_validation(SnowFlake_RowCount_Master.java:25)
at jdk.internal.reflect.GeneratedMethodAccessor13.invoke(Unknown Source)
at java.base/jdk.internal.reflect.DelegatingMethodAccessorImpl.invoke(DelegatingMethodAccessorImpl.java:43)
at java.base/java.lang.reflect.Method.invoke(Method.java:568)
at org.testng.internal.MethodInvocationHelper.invokeMethod(MethodInvocationHelper.java:133)
at org.testng.internal.TestInvoker.invokeMethod(TestInvoker.java:598)
at org.testng.internal.TestInvoker.invokeTestMethod(TestInvoker.java:173)
at org.testng.internal.MethodRunner.runInSequence(MethodRunner.java:46)
at org.testng.internal.TestInvoker$MethodInvocationAgent.invoke(TestInvoker.java:824)
at org.testng.internal.TestInvoker.invokeTestMethods(TestInvoker.java:146)
at org.testng.internal.TestMethodWorker.invokeTestMethods(TestMethodWorker.java:146)
at org.testng.internal.TestMethodWorker.run(TestMethodWorker.java:128)
at java.base/java.util.ArrayList.forEach(ArrayList.java:1511)
at org.testng.TestRunner.privateRun(TestRunner.java:794)
at org.testng.TestRunner.run(TestRunner.java:596)
at org.testng.SuiteRunner.runTest(SuiteRunner.java:377)
at org.testng.SuiteRunner.runSequentially(SuiteRunner.java:371)
at org.testng.SuiteRunner.privateRun(SuiteRunner.java:332)
at org.testng.SuiteRunner.run(SuiteRunner.java:276)
at org.testng.SuiteRunnerWorker.runSuite(SuiteRunnerWorker.java:53)
at org.testng.SuiteRunnerWorker.run(SuiteRunnerWorker.java:96)
at org.testng.TestNG.runSuitesSequentially(TestNG.java:1212)
at org.testng.TestNG.runSuitesLocally(TestNG.java:1134)
at org.testng.TestNG.runSuites(TestNG.java:1063)
at org.testng.TestNG.run(TestNG.java:1031)
at org.testng.remote.AbstractRemoteTestNG.run(AbstractRemoteTestNG.java:115)
at org.testng.remote.RemoteTestNG.initAndRun(RemoteTestNG.java:251)
at org.testng.remote.RemoteTestNG.main(RemoteTestNG.java:77)
]]>
    </failure>
  </testcase> <!-- Testcase_RowCount_validation -->
  <system-out>
    <![CDATA[Executing Snowflake query :: SELECT count(*) as TOTAL FROM DEV_ENT_RAW.ST_HENDERSON_MATILLION.JOBAPPOINTMENT
Table Count in Snowflake:: 256678
Executing Snowflake query :: select count(*) as TOTAL from CURATED_DATAMART.ST_BKP_HENDERSON.STR_JOBAPPOINTMENT Where ACTIVE_FLAG='Y'
Table Count in Snowflake:: 256645
Executing Snowflake query :: select count(*) as TOTAL from DEV_ENT_CURATED.MASTER_DIMENSIONS.DIM_JOBAPPOINTMENT where tenant_type='HENDERSON' and RECORD_UPDATED_BY='Backup Table'
Table Count in Snowflake:: 256645
Row Count of Table JOBAPPOINTMENT is not matched for RAW :: 256678 DataMart :: 256645 CURATED :: 256645]]>
  </system-out>
  <testcase classname="testcases.RAW_DATAMART_CURATED.SnowFlake_RowCount_Master" name="Testcase_RowCount_validation" time="3.071">
    <failure message="The following asserts failed:
	null,
	null" type="java.lang.AssertionError">
      <![CDATA[java.lang.AssertionError: The following asserts failed:
null,
null
at org.testng.asserts.SoftAssert.assertAll(SoftAssert.java:47)
at org.testng.asserts.SoftAssert.assertAll(SoftAssert.java:31)
at testcases.RAW_DATAMART_CURATED.SnowFlake_RowCount_Master.validate_RowCount_API(SnowFlake_RowCount_Master.java:115)
at testcases.RAW_DATAMART_CURATED.SnowFlake_RowCount_Master.Testcase_RowCount_validation(SnowFlake_RowCount_Master.java:28)
at jdk.internal.reflect.GeneratedMethodAccessor13.invoke(Unknown Source)
at java.base/jdk.internal.reflect.DelegatingMethodAccessorImpl.invoke(DelegatingMethodAccessorImpl.java:43)
at java.base/java.lang.reflect.Method.invoke(Method.java:568)
at org.testng.internal.MethodInvocationHelper.invokeMethod(MethodInvocationHelper.java:133)
at org.testng.internal.TestInvoker.invokeMethod(TestInvoker.java:598)
at org.testng.internal.TestInvoker.invokeTestMethod(TestInvoker.java:173)
at org.testng.internal.MethodRunner.runInSequence(MethodRunner.java:46)
at org.testng.internal.TestInvoker$MethodInvocationAgent.invoke(TestInvoker.java:824)
at org.testng.internal.TestInvoker.invokeTestMethods(TestInvoker.java:146)
at org.testng.internal.TestMethodWorker.invokeTestMethods(TestMethodWorker.java:146)
at org.testng.internal.TestMethodWorker.run(TestMethodWorker.java:128)
at java.base/java.util.ArrayList.forEach(ArrayList.java:1511)
at org.testng.TestRunner.privateRun(TestRunner.java:794)
at org.testng.TestRunner.run(TestRunner.java:596)
at org.testng.SuiteRunner.runTest(SuiteRunner.java:377)
at org.testng.SuiteRunner.runSequentially(SuiteRunner.java:371)
at org.testng.SuiteRunner.privateRun(SuiteRunner.java:332)
at org.testng.SuiteRunner.run(SuiteRunner.java:276)
at org.testng.SuiteRunnerWorker.runSuite(SuiteRunnerWorker.java:53)
at org.testng.SuiteRunnerWorker.run(SuiteRunnerWorker.java:96)
at org.testng.TestNG.runSuitesSequentially(TestNG.java:1212)
at org.testng.TestNG.runSuitesLocally(TestNG.java:1134)
at org.testng.TestNG.runSuites(TestNG.java:1063)
at org.testng.TestNG.run(TestNG.java:1031)
at org.testng.remote.AbstractRemoteTestNG.run(AbstractRemoteTestNG.java:115)
at org.testng.remote.RemoteTestNG.initAndRun(RemoteTestNG.java:251)
at org.testng.remote.RemoteTestNG.main(RemoteTestNG.java:77)
]]>
    </failure>
  </testcase> <!-- Testcase_RowCount_validation -->
  <system-out>
    <![CDATA[Executing Snowflake query :: SELECT count(*) as TOTAL FROM DEV_ENT_RAW.API_MAT.ST_API_TAG WHERE TENANT_NAME='SNELLHEATINGAIR'
Table Count in Snowflake:: 3484
Executing Snowflake query :: select count(*) as TOTAL from CURATED_DATAMART.ST_API_SNELLHEATINGAIR.STR_API_TAG WHERE ACTIVE_FLAG='Y'
Table Count in Snowflake:: 2894
Executing Snowflake query :: select count(*) as TOTAL from DEV_ENT_CURATED.MASTER_DIMENSIONS.DIM_TAG WHERE TENANT_TYPE='SNELLHEATINGAIR' and RECORD_UPDATED_BY='API ETL'
Table Count in Snowflake:: 0
Row Count of Table TAG is not matched for APIMAT :: 3484 DataMart :: 2894
Executing Snowflake query :: select count(*) as TOTAL from DEV_ENT_CURATED.MASTER_DIMENSIONS.DIM_TAG WHERE TENANT_TYPE='SNELLHEATINGAIR' and RECORD_UPDATED_BY='Backup Table' AND ID in (select ID from CURATED_DATAMART.ST_API_SNELLHEATINGAIR.STR_API_TAG WHERE ACTIVE_FLAG='Y')
Table Count in Snowflake:: 2895
Row Count of Table TAG is not matched for DataMart :: 2894 CURATED :: 2895]]>
  </system-out>
  <testcase classname="testcases.RAW_DATAMART_CURATED.SnowFlake_RowCount_Master" name="Testcase_RowCount_validation" time="1.535">
    <failure message="The following asserts failed:
	null" type="java.lang.AssertionError">
      <![CDATA[java.lang.AssertionError: The following asserts failed:
null
at org.testng.asserts.SoftAssert.assertAll(SoftAssert.java:47)
at org.testng.asserts.SoftAssert.assertAll(SoftAssert.java:31)
at testcases.RAW_DATAMART_CURATED.SnowFlake_RowCount_Master.validate_RowCount_BKP(SnowFlake_RowCount_Master.java:56)
at testcases.RAW_DATAMART_CURATED.SnowFlake_RowCount_Master.Testcase_RowCount_validation(SnowFlake_RowCount_Master.java:25)
at jdk.internal.reflect.GeneratedMethodAccessor13.invoke(Unknown Source)
at java.base/jdk.internal.reflect.DelegatingMethodAccessorImpl.invoke(DelegatingMethodAccessorImpl.java:43)
at java.base/java.lang.reflect.Method.invoke(Method.java:568)
at org.testng.internal.MethodInvocationHelper.invokeMethod(MethodInvocationHelper.java:133)
at org.testng.internal.TestInvoker.invokeMethod(TestInvoker.java:598)
at org.testng.internal.TestInvoker.invokeTestMethod(TestInvoker.java:173)
at org.testng.internal.MethodRunner.runInSequence(MethodRunner.java:46)
at org.testng.internal.TestInvoker$MethodInvocationAgent.invoke(TestInvoker.java:824)
at org.testng.internal.TestInvoker.invokeTestMethods(TestInvoker.java:146)
at org.testng.internal.TestMethodWorker.invokeTestMethods(TestMethodWorker.java:146)
at org.testng.internal.TestMethodWorker.run(TestMethodWorker.java:128)
at java.base/java.util.ArrayList.forEach(ArrayList.java:1511)
at org.testng.TestRunner.privateRun(TestRunner.java:794)
at org.testng.TestRunner.run(TestRunner.java:596)
at org.testng.SuiteRunner.runTest(SuiteRunner.java:377)
at org.testng.SuiteRunner.runSequentially(SuiteRunner.java:371)
at org.testng.SuiteRunner.privateRun(SuiteRunner.java:332)
at org.testng.SuiteRunner.run(SuiteRunner.java:276)
at org.testng.SuiteRunnerWorker.runSuite(SuiteRunnerWorker.java:53)
at org.testng.SuiteRunnerWorker.run(SuiteRunnerWorker.java:96)
at org.testng.TestNG.runSuitesSequentially(TestNG.java:1212)
at org.testng.TestNG.runSuitesLocally(TestNG.java:1134)
at org.testng.TestNG.runSuites(TestNG.java:1063)
at org.testng.TestNG.run(TestNG.java:1031)
at org.testng.remote.AbstractRemoteTestNG.run(AbstractRemoteTestNG.java:115)
at org.testng.remote.RemoteTestNG.initAndRun(RemoteTestNG.java:251)
at org.testng.remote.RemoteTestNG.main(RemoteTestNG.java:77)
]]>
    </failure>
  </testcase> <!-- Testcase_RowCount_validation -->
  <system-out>
    <![CDATA[Executing Snowflake query :: SELECT count(*) as TOTAL FROM DEV_ENT_RAW.ST_HUTCHINSON_MATILLION.HOLDJOBREASON
Table Count in Snowflake:: 6
Executing Snowflake query :: select count(*) as TOTAL from CURATED_DATAMART.ST_BKP_HUTCHINSON.STR_HOLDJOBREASON Where ACTIVE_FLAG='Y'
Table Count in Snowflake:: 6
Executing Snowflake query :: select count(*) as TOTAL from DEV_ENT_CURATED.MASTER_DIMENSIONS.DIM_HOLDJOBREASON where tenant_type='HUTCHINSON' and RECORD_UPDATED_BY='Backup Table'
Table Count in Snowflake:: 0
Row Count of Table HOLDJOBREASON is not matched for RAW :: 6 DataMart :: 6 CURATED :: 0]]>
  </system-out>
  <testcase classname="testcases.RAW_DATAMART_CURATED.SnowFlake_RowCount_Master" name="Testcase_RowCount_validation" time="1.637">
    <failure message="The following asserts failed:
	null" type="java.lang.AssertionError">
      <![CDATA[java.lang.AssertionError: The following asserts failed:
null
at org.testng.asserts.SoftAssert.assertAll(SoftAssert.java:47)
at org.testng.asserts.SoftAssert.assertAll(SoftAssert.java:31)
at testcases.RAW_DATAMART_CURATED.SnowFlake_RowCount_Master.validate_RowCount_API(SnowFlake_RowCount_Master.java:115)
at testcases.RAW_DATAMART_CURATED.SnowFlake_RowCount_Master.Testcase_RowCount_validation(SnowFlake_RowCount_Master.java:28)
at jdk.internal.reflect.GeneratedMethodAccessor13.invoke(Unknown Source)
at java.base/jdk.internal.reflect.DelegatingMethodAccessorImpl.invoke(DelegatingMethodAccessorImpl.java:43)
at java.base/java.lang.reflect.Method.invoke(Method.java:568)
at org.testng.internal.MethodInvocationHelper.invokeMethod(MethodInvocationHelper.java:133)
at org.testng.internal.TestInvoker.invokeMethod(TestInvoker.java:598)
at org.testng.internal.TestInvoker.invokeTestMethod(TestInvoker.java:173)
at org.testng.internal.MethodRunner.runInSequence(MethodRunner.java:46)
at org.testng.internal.TestInvoker$MethodInvocationAgent.invoke(TestInvoker.java:824)
at org.testng.internal.TestInvoker.invokeTestMethods(TestInvoker.java:146)
at org.testng.internal.TestMethodWorker.invokeTestMethods(TestMethodWorker.java:146)
at org.testng.internal.TestMethodWorker.run(TestMethodWorker.java:128)
at java.base/java.util.ArrayList.forEach(ArrayList.java:1511)
at org.testng.TestRunner.privateRun(TestRunner.java:794)
at org.testng.TestRunner.run(TestRunner.java:596)
at org.testng.SuiteRunner.runTest(SuiteRunner.java:377)
at org.testng.SuiteRunner.runSequentially(SuiteRunner.java:371)
at org.testng.SuiteRunner.privateRun(SuiteRunner.java:332)
at org.testng.SuiteRunner.run(SuiteRunner.java:276)
at org.testng.SuiteRunnerWorker.runSuite(SuiteRunnerWorker.java:53)
at org.testng.SuiteRunnerWorker.run(SuiteRunnerWorker.java:96)
at org.testng.TestNG.runSuitesSequentially(TestNG.java:1212)
at org.testng.TestNG.runSuitesLocally(TestNG.java:1134)
at org.testng.TestNG.runSuites(TestNG.java:1063)
at org.testng.TestNG.run(TestNG.java:1031)
at org.testng.remote.AbstractRemoteTestNG.run(AbstractRemoteTestNG.java:115)
at org.testng.remote.RemoteTestNG.initAndRun(RemoteTestNG.java:251)
at org.testng.remote.RemoteTestNG.main(RemoteTestNG.java:77)
]]>
    </failure>
  </testcase> <!-- Testcase_RowCount_validation -->
  <system-out>
    <![CDATA[Executing Snowflake query :: SELECT count(*) as TOTAL FROM DEV_ENT_RAW.API_MAT.ST_API_LOCATION WHERE TENANT_NAME='HDAIR'
Table Count in Snowflake:: 848
Executing Snowflake query :: select count(*) as TOTAL from CURATED_DATAMART.ST_API_HDAIR.STR_API_LOCATION WHERE ACTIVE_FLAG='Y'
Table Count in Snowflake:: 0
Executing Snowflake query :: select count(*) as TOTAL from DEV_ENT_CURATED.MASTER_DIMENSIONS.DIM_LOCATION WHERE TENANT_TYPE='HDAIR' and RECORD_UPDATED_BY='API ETL'
Table Count in Snowflake:: 0
Row Count of Table LOCATION is not matched for APIMAT :: 848 DataMart :: 0
Row Count of Table LOCATION is matched for DataMart :: 0 CURATED :: 0]]>
  </system-out>
  <testcase classname="testcases.RAW_DATAMART_CURATED.SnowFlake_RowCount_Master" name="Testcase_RowCount_validation" time="1.637">
    <failure message="The following asserts failed:
	null" type="java.lang.AssertionError">
      <![CDATA[java.lang.AssertionError: The following asserts failed:
null
at org.testng.asserts.SoftAssert.assertAll(SoftAssert.java:47)
at org.testng.asserts.SoftAssert.assertAll(SoftAssert.java:31)
at testcases.RAW_DATAMART_CURATED.SnowFlake_RowCount_Master.validate_RowCount_BKP(SnowFlake_RowCount_Master.java:56)
at testcases.RAW_DATAMART_CURATED.SnowFlake_RowCount_Master.Testcase_RowCount_validation(SnowFlake_RowCount_Master.java:25)
at jdk.internal.reflect.GeneratedMethodAccessor13.invoke(Unknown Source)
at java.base/jdk.internal.reflect.DelegatingMethodAccessorImpl.invoke(DelegatingMethodAccessorImpl.java:43)
at java.base/java.lang.reflect.Method.invoke(Method.java:568)
at org.testng.internal.MethodInvocationHelper.invokeMethod(MethodInvocationHelper.java:133)
at org.testng.internal.TestInvoker.invokeMethod(TestInvoker.java:598)
at org.testng.internal.TestInvoker.invokeTestMethod(TestInvoker.java:173)
at org.testng.internal.MethodRunner.runInSequence(MethodRunner.java:46)
at org.testng.internal.TestInvoker$MethodInvocationAgent.invoke(TestInvoker.java:824)
at org.testng.internal.TestInvoker.invokeTestMethods(TestInvoker.java:146)
at org.testng.internal.TestMethodWorker.invokeTestMethods(TestMethodWorker.java:146)
at org.testng.internal.TestMethodWorker.run(TestMethodWorker.java:128)
at java.base/java.util.ArrayList.forEach(ArrayList.java:1511)
at org.testng.TestRunner.privateRun(TestRunner.java:794)
at org.testng.TestRunner.run(TestRunner.java:596)
at org.testng.SuiteRunner.runTest(SuiteRunner.java:377)
at org.testng.SuiteRunner.runSequentially(SuiteRunner.java:371)
at org.testng.SuiteRunner.privateRun(SuiteRunner.java:332)
at org.testng.SuiteRunner.run(SuiteRunner.java:276)
at org.testng.SuiteRunnerWorker.runSuite(SuiteRunnerWorker.java:53)
at org.testng.SuiteRunnerWorker.run(SuiteRunnerWorker.java:96)
at org.testng.TestNG.runSuitesSequentially(TestNG.java:1212)
at org.testng.TestNG.runSuitesLocally(TestNG.java:1134)
at org.testng.TestNG.runSuites(TestNG.java:1063)
at org.testng.TestNG.run(TestNG.java:1031)
at org.testng.remote.AbstractRemoteTestNG.run(AbstractRemoteTestNG.java:115)
at org.testng.remote.RemoteTestNG.initAndRun(RemoteTestNG.java:251)
at org.testng.remote.RemoteTestNG.main(RemoteTestNG.java:77)
]]>
    </failure>
  </testcase> <!-- Testcase_RowCount_validation -->
  <system-out>
    <![CDATA[Executing Snowflake query :: SELECT count(*) as TOTAL FROM DEV_ENT_RAW.ST_HUTCHINSON_MATILLION.PROJECT
Table Count in Snowflake:: 252821
Executing Snowflake query :: select count(*) as TOTAL from CURATED_DATAMART.ST_BKP_HUTCHINSON.STR_PROJECT Where ACTIVE_FLAG='Y'
Table Count in Snowflake:: 252886
Executing Snowflake query :: select count(*) as TOTAL from DEV_ENT_CURATED.MASTER_DIMENSIONS.DIM_PROJECT where tenant_type='HUTCHINSON' and RECORD_UPDATED_BY='Backup Table'
Table Count in Snowflake:: 252738
Row Count of Table PROJECT is not matched for RAW :: 252821 DataMart :: 252886 CURATED :: 252738]]>
  </system-out>
  <testcase classname="testcases.RAW_DATAMART_CURATED.SnowFlake_RowCount_Master" name="Testcase_RowCount_validation" time="2.961">
    <failure message="The following asserts failed:
	null" type="java.lang.AssertionError">
      <![CDATA[java.lang.AssertionError: The following asserts failed:
null
at org.testng.asserts.SoftAssert.assertAll(SoftAssert.java:47)
at org.testng.asserts.SoftAssert.assertAll(SoftAssert.java:31)
at testcases.RAW_DATAMART_CURATED.SnowFlake_RowCount_Master.validate_RowCount_BKP(SnowFlake_RowCount_Master.java:56)
at testcases.RAW_DATAMART_CURATED.SnowFlake_RowCount_Master.Testcase_RowCount_validation(SnowFlake_RowCount_Master.java:25)
at jdk.internal.reflect.GeneratedMethodAccessor13.invoke(Unknown Source)
at java.base/jdk.internal.reflect.DelegatingMethodAccessorImpl.invoke(DelegatingMethodAccessorImpl.java:43)
at java.base/java.lang.reflect.Method.invoke(Method.java:568)
at org.testng.internal.MethodInvocationHelper.invokeMethod(MethodInvocationHelper.java:133)
at org.testng.internal.TestInvoker.invokeMethod(TestInvoker.java:598)
at org.testng.internal.TestInvoker.invokeTestMethod(TestInvoker.java:173)
at org.testng.internal.MethodRunner.runInSequence(MethodRunner.java:46)
at org.testng.internal.TestInvoker$MethodInvocationAgent.invoke(TestInvoker.java:824)
at org.testng.internal.TestInvoker.invokeTestMethods(TestInvoker.java:146)
at org.testng.internal.TestMethodWorker.invokeTestMethods(TestMethodWorker.java:146)
at org.testng.internal.TestMethodWorker.run(TestMethodWorker.java:128)
at java.base/java.util.ArrayList.forEach(ArrayList.java:1511)
at org.testng.TestRunner.privateRun(TestRunner.java:794)
at org.testng.TestRunner.run(TestRunner.java:596)
at org.testng.SuiteRunner.runTest(SuiteRunner.java:377)
at org.testng.SuiteRunner.runSequentially(SuiteRunner.java:371)
at org.testng.SuiteRunner.privateRun(SuiteRunner.java:332)
at org.testng.SuiteRunner.run(SuiteRunner.java:276)
at org.testng.SuiteRunnerWorker.runSuite(SuiteRunnerWorker.java:53)
at org.testng.SuiteRunnerWorker.run(SuiteRunnerWorker.java:96)
at org.testng.TestNG.runSuitesSequentially(TestNG.java:1212)
at org.testng.TestNG.runSuitesLocally(TestNG.java:1134)
at org.testng.TestNG.runSuites(TestNG.java:1063)
at org.testng.TestNG.run(TestNG.java:1031)
at org.testng.remote.AbstractRemoteTestNG.run(AbstractRemoteTestNG.java:115)
at org.testng.remote.RemoteTestNG.initAndRun(RemoteTestNG.java:251)
at org.testng.remote.RemoteTestNG.main(RemoteTestNG.java:77)
]]>
    </failure>
  </testcase> <!-- Testcase_RowCount_validation -->
  <system-out>
    <![CDATA[Executing Snowflake query :: SELECT count(*) as TOTAL FROM DEV_ENT_RAW.ST_FOURPROS_MATILLION.INVOICE
Table Count in Snowflake:: 90045
Executing Snowflake query :: select count(*) as TOTAL from CURATED_DATAMART.ST_BKP_FOURPROS.STR_INVOICE Where ACTIVE_FLAG='Y'
Table Count in Snowflake:: 179943
Executing Snowflake query :: select count(*) as TOTAL from DEV_ENT_CURATED.MASTER_DIMENSIONS.FACT_INVOICE where tenant_type='FOURPROS' and RECORD_UPDATED_BY='Backup Table'
Table Count in Snowflake:: 90001
Row Count of Table INVOICE is not matched for RAW :: 90045 DataMart :: 179943 CURATED :: 90001]]>
  </system-out>
  <testcase classname="testcases.RAW_DATAMART_CURATED.SnowFlake_RowCount_Master" name="Testcase_RowCount_validation" time="2.501"/>
  <system-out>
    <![CDATA[Executing Snowflake query :: SELECT count(*) as TOTAL FROM DEV_ENT_RAW.ST_GOLDMEDAL_MATILLION.JOB
Table Count in Snowflake:: 1233998
Executing Snowflake query :: select count(*) as TOTAL from CURATED_DATAMART.ST_BKP_GOLDMEDAL.STR_JOB Where ACTIVE_FLAG='Y'
Table Count in Snowflake:: 1234195
Executing Snowflake query :: select count(*) as TOTAL from DEV_ENT_CURATED.MASTER_DIMENSIONS.DIM_JOB where tenant_type='GOLDMEDAL' and RECORD_UPDATED_BY='Backup Table'
Table Count in Snowflake:: 1409604
Row Count of Table JOB is matched for RAW :: 1233998 DataMart :: 1234195 CURATED :: 1409604]]>
  </system-out>
  <testcase classname="testcases.RAW_DATAMART_CURATED.SnowFlake_RowCount_Master" name="Testcase_RowCount_validation" time="1.406"/>
  <system-out>
    <![CDATA[Executing Snowflake query :: SELECT count(*) as TOTAL FROM DEV_ENT_RAW.ST_SNELLHEATINGAIR_MATILLION.TAGTYPE
Table Count in Snowflake:: 284
Executing Snowflake query :: select count(*) as TOTAL from CURATED_DATAMART.ST_BKP_SNELLHEATINGAIR.STR_TAGTYPE Where ACTIVE_FLAG='Y'
Table Count in Snowflake:: 284
Executing Snowflake query :: select count(*) as TOTAL from DEV_ENT_CURATED.MASTER_DIMENSIONS.DIM_TAGTYPE where tenant_type='SNELLHEATINGAIR' and RECORD_UPDATED_BY='Backup Table'
Table Count in Snowflake:: 284
Row Count of Table TAGTYPE is matched for RAW :: 284 DataMart :: 284 CURATED :: 284]]>
  </system-out>
  <testcase classname="testcases.RAW_DATAMART_CURATED.SnowFlake_RowCount_Master" name="Testcase_RowCount_validation" time="1.640">
    <failure message="The following asserts failed:
	null" type="java.lang.AssertionError">
      <![CDATA[java.lang.AssertionError: The following asserts failed:
null
at org.testng.asserts.SoftAssert.assertAll(SoftAssert.java:47)
at org.testng.asserts.SoftAssert.assertAll(SoftAssert.java:31)
at testcases.RAW_DATAMART_CURATED.SnowFlake_RowCount_Master.validate_RowCount_BKP(SnowFlake_RowCount_Master.java:56)
at testcases.RAW_DATAMART_CURATED.SnowFlake_RowCount_Master.Testcase_RowCount_validation(SnowFlake_RowCount_Master.java:25)
at jdk.internal.reflect.GeneratedMethodAccessor13.invoke(Unknown Source)
at java.base/jdk.internal.reflect.DelegatingMethodAccessorImpl.invoke(DelegatingMethodAccessorImpl.java:43)
at java.base/java.lang.reflect.Method.invoke(Method.java:568)
at org.testng.internal.MethodInvocationHelper.invokeMethod(MethodInvocationHelper.java:133)
at org.testng.internal.TestInvoker.invokeMethod(TestInvoker.java:598)
at org.testng.internal.TestInvoker.invokeTestMethod(TestInvoker.java:173)
at org.testng.internal.MethodRunner.runInSequence(MethodRunner.java:46)
at org.testng.internal.TestInvoker$MethodInvocationAgent.invoke(TestInvoker.java:824)
at org.testng.internal.TestInvoker.invokeTestMethods(TestInvoker.java:146)
at org.testng.internal.TestMethodWorker.invokeTestMethods(TestMethodWorker.java:146)
at org.testng.internal.TestMethodWorker.run(TestMethodWorker.java:128)
at java.base/java.util.ArrayList.forEach(ArrayList.java:1511)
at org.testng.TestRunner.privateRun(TestRunner.java:794)
at org.testng.TestRunner.run(TestRunner.java:596)
at org.testng.SuiteRunner.runTest(SuiteRunner.java:377)
at org.testng.SuiteRunner.runSequentially(SuiteRunner.java:371)
at org.testng.SuiteRunner.privateRun(SuiteRunner.java:332)
at org.testng.SuiteRunner.run(SuiteRunner.java:276)
at org.testng.SuiteRunnerWorker.runSuite(SuiteRunnerWorker.java:53)
at org.testng.SuiteRunnerWorker.run(SuiteRunnerWorker.java:96)
at org.testng.TestNG.runSuitesSequentially(TestNG.java:1212)
at org.testng.TestNG.runSuitesLocally(TestNG.java:1134)
at org.testng.TestNG.runSuites(TestNG.java:1063)
at org.testng.TestNG.run(TestNG.java:1031)
at org.testng.remote.AbstractRemoteTestNG.run(AbstractRemoteTestNG.java:115)
at org.testng.remote.RemoteTestNG.initAndRun(RemoteTestNG.java:251)
at org.testng.remote.RemoteTestNG.main(RemoteTestNG.java:77)
]]>
    </failure>
  </testcase> <!-- Testcase_RowCount_validation -->
  <system-out>
    <![CDATA[Executing Snowflake query :: SELECT count(*) as TOTAL FROM DEV_ENT_RAW.ST_HDAIR_MATILLION.MATERIAL
Snowflake - SQLException at readDB() method :: SQL compilation error:
Object 'DEV_ENT_RAW.ST_HDAIR_MATILLION.MATERIAL' does not exist or not authorized.
Executing Snowflake query :: select count(*) as TOTAL from CURATED_DATAMART.ST_BKP_HDAIR.STR_MATERIAL Where ACTIVE_FLAG='Y'
Table Count in Snowflake:: 8755
Executing Snowflake query :: select count(*) as TOTAL from DEV_ENT_CURATED.MASTER_DIMENSIONS.DIM_MATERIAL where tenant_type='HDAIR' and RECORD_UPDATED_BY='Backup Table'
Table Count in Snowflake:: 25206
Row Count of Table MATERIAL is matched for RAW :: 0 DataMart :: 8755 CURATED :: 25206]]>
  </system-out>
  <testcase classname="testcases.RAW_DATAMART_CURATED.SnowFlake_RowCount_Master" name="Testcase_RowCount_validation" time="3.688">
    <failure message="The following asserts failed:
	null" type="java.lang.AssertionError">
      <![CDATA[java.lang.AssertionError: The following asserts failed:
null
at org.testng.asserts.SoftAssert.assertAll(SoftAssert.java:47)
at org.testng.asserts.SoftAssert.assertAll(SoftAssert.java:31)
at testcases.RAW_DATAMART_CURATED.SnowFlake_RowCount_Master.validate_RowCount_BKP(SnowFlake_RowCount_Master.java:56)
at testcases.RAW_DATAMART_CURATED.SnowFlake_RowCount_Master.Testcase_RowCount_validation(SnowFlake_RowCount_Master.java:25)
at jdk.internal.reflect.GeneratedMethodAccessor13.invoke(Unknown Source)
at java.base/jdk.internal.reflect.DelegatingMethodAccessorImpl.invoke(DelegatingMethodAccessorImpl.java:43)
at java.base/java.lang.reflect.Method.invoke(Method.java:568)
at org.testng.internal.MethodInvocationHelper.invokeMethod(MethodInvocationHelper.java:133)
at org.testng.internal.TestInvoker.invokeMethod(TestInvoker.java:598)
at org.testng.internal.TestInvoker.invokeTestMethod(TestInvoker.java:173)
at org.testng.internal.MethodRunner.runInSequence(MethodRunner.java:46)
at org.testng.internal.TestInvoker$MethodInvocationAgent.invoke(TestInvoker.java:824)
at org.testng.internal.TestInvoker.invokeTestMethods(TestInvoker.java:146)
at org.testng.internal.TestMethodWorker.invokeTestMethods(TestMethodWorker.java:146)
at org.testng.internal.TestMethodWorker.run(TestMethodWorker.java:128)
at java.base/java.util.ArrayList.forEach(ArrayList.java:1511)
at org.testng.TestRunner.privateRun(TestRunner.java:794)
at org.testng.TestRunner.run(TestRunner.java:596)
at org.testng.SuiteRunner.runTest(SuiteRunner.java:377)
at org.testng.SuiteRunner.runSequentially(SuiteRunner.java:371)
at org.testng.SuiteRunner.privateRun(SuiteRunner.java:332)
at org.testng.SuiteRunner.run(SuiteRunner.java:276)
at org.testng.SuiteRunnerWorker.runSuite(SuiteRunnerWorker.java:53)
at org.testng.SuiteRunnerWorker.run(SuiteRunnerWorker.java:96)
at org.testng.TestNG.runSuitesSequentially(TestNG.java:1212)
at org.testng.TestNG.runSuitesLocally(TestNG.java:1134)
at org.testng.TestNG.runSuites(TestNG.java:1063)
at org.testng.TestNG.run(TestNG.java:1031)
at org.testng.remote.AbstractRemoteTestNG.run(AbstractRemoteTestNG.java:115)
at org.testng.remote.RemoteTestNG.initAndRun(RemoteTestNG.java:251)
at org.testng.remote.RemoteTestNG.main(RemoteTestNG.java:77)
]]>
    </failure>
  </testcase> <!-- Testcase_RowCount_validation -->
  <system-out>
    <![CDATA[Executing Snowflake query :: SELECT count(*) as TOTAL FROM DEV_ENT_RAW.ST_BILLFENWICK_MATILLION.ZONE
Table Count in Snowflake:: 12
Executing Snowflake query :: select count(*) as TOTAL from CURATED_DATAMART.ST_BKP_BILLFENWICK.STR_ZONE Where ACTIVE_FLAG='Y'
Table Count in Snowflake:: 12
Executing Snowflake query :: select count(*) as TOTAL from DEV_ENT_CURATED.MASTER_DIMENSIONS.DIM_ZONE where tenant_type='BILLFENWICK' and RECORD_UPDATED_BY='Backup Table'
Table Count in Snowflake:: 0
Row Count of Table ZONE is not matched for RAW :: 12 DataMart :: 12 CURATED :: 0]]>
  </system-out>
  <testcase classname="testcases.RAW_DATAMART_CURATED.SnowFlake_RowCount_Master" name="Testcase_RowCount_validation" time="1.728">
    <failure message="The following asserts failed:
	null" type="java.lang.AssertionError">
      <![CDATA[java.lang.AssertionError: The following asserts failed:
null
at org.testng.asserts.SoftAssert.assertAll(SoftAssert.java:47)
at org.testng.asserts.SoftAssert.assertAll(SoftAssert.java:31)
at testcases.RAW_DATAMART_CURATED.SnowFlake_RowCount_Master.validate_RowCount_BKP(SnowFlake_RowCount_Master.java:56)
at testcases.RAW_DATAMART_CURATED.SnowFlake_RowCount_Master.Testcase_RowCount_validation(SnowFlake_RowCount_Master.java:25)
at jdk.internal.reflect.GeneratedMethodAccessor13.invoke(Unknown Source)
at java.base/jdk.internal.reflect.DelegatingMethodAccessorImpl.invoke(DelegatingMethodAccessorImpl.java:43)
at java.base/java.lang.reflect.Method.invoke(Method.java:568)
at org.testng.internal.MethodInvocationHelper.invokeMethod(MethodInvocationHelper.java:133)
at org.testng.internal.TestInvoker.invokeMethod(TestInvoker.java:598)
at org.testng.internal.TestInvoker.invokeTestMethod(TestInvoker.java:173)
at org.testng.internal.MethodRunner.runInSequence(MethodRunner.java:46)
at org.testng.internal.TestInvoker$MethodInvocationAgent.invoke(TestInvoker.java:824)
at org.testng.internal.TestInvoker.invokeTestMethods(TestInvoker.java:146)
at org.testng.internal.TestMethodWorker.invokeTestMethods(TestMethodWorker.java:146)
at org.testng.internal.TestMethodWorker.run(TestMethodWorker.java:128)
at java.base/java.util.ArrayList.forEach(ArrayList.java:1511)
at org.testng.TestRunner.privateRun(TestRunner.java:794)
at org.testng.TestRunner.run(TestRunner.java:596)
at org.testng.SuiteRunner.runTest(SuiteRunner.java:377)
at org.testng.SuiteRunner.runSequentially(SuiteRunner.java:371)
at org.testng.SuiteRunner.privateRun(SuiteRunner.java:332)
at org.testng.SuiteRunner.run(SuiteRunner.java:276)
at org.testng.SuiteRunnerWorker.runSuite(SuiteRunnerWorker.java:53)
at org.testng.SuiteRunnerWorker.run(SuiteRunnerWorker.java:96)
at org.testng.TestNG.runSuitesSequentially(TestNG.java:1212)
at org.testng.TestNG.runSuitesLocally(TestNG.java:1134)
at org.testng.TestNG.runSuites(TestNG.java:1063)
at org.testng.TestNG.run(TestNG.java:1031)
at org.testng.remote.AbstractRemoteTestNG.run(AbstractRemoteTestNG.java:115)
at org.testng.remote.RemoteTestNG.initAndRun(RemoteTestNG.java:251)
at org.testng.remote.RemoteTestNG.main(RemoteTestNG.java:77)
]]>
    </failure>
  </testcase> <!-- Testcase_RowCount_validation -->
  <system-out>
    <![CDATA[Executing Snowflake query :: SELECT count(*) as TOTAL FROM DEV_ENT_RAW.ST_MAITZ_MATILLION.PAYMENTTERM
Table Count in Snowflake:: 1
Executing Snowflake query :: select count(*) as TOTAL from CURATED_DATAMART.ST_BKP_MAITZ.STR_PAYMENTTERM Where ACTIVE_FLAG='Y'
Table Count in Snowflake:: 2
Executing Snowflake query :: select count(*) as TOTAL from DEV_ENT_CURATED.MASTER_DIMENSIONS.DIM_PAYMENTTERM where tenant_type='MAITZ' and RECORD_UPDATED_BY='Backup Table'
Table Count in Snowflake:: 0
Row Count of Table PAYMENTTERM is not matched for RAW :: 1 DataMart :: 2 CURATED :: 0]]>
  </system-out>
  <testcase classname="testcases.RAW_DATAMART_CURATED.SnowFlake_RowCount_Master" name="Testcase_RowCount_validation" time="2.243">
    <failure message="The following asserts failed:
	null" type="java.lang.AssertionError">
      <![CDATA[java.lang.AssertionError: The following asserts failed:
null
at org.testng.asserts.SoftAssert.assertAll(SoftAssert.java:47)
at org.testng.asserts.SoftAssert.assertAll(SoftAssert.java:31)
at testcases.RAW_DATAMART_CURATED.SnowFlake_RowCount_Master.validate_RowCount_BKP(SnowFlake_RowCount_Master.java:56)
at testcases.RAW_DATAMART_CURATED.SnowFlake_RowCount_Master.Testcase_RowCount_validation(SnowFlake_RowCount_Master.java:25)
at jdk.internal.reflect.GeneratedMethodAccessor13.invoke(Unknown Source)
at java.base/jdk.internal.reflect.DelegatingMethodAccessorImpl.invoke(DelegatingMethodAccessorImpl.java:43)
at java.base/java.lang.reflect.Method.invoke(Method.java:568)
at org.testng.internal.MethodInvocationHelper.invokeMethod(MethodInvocationHelper.java:133)
at org.testng.internal.TestInvoker.invokeMethod(TestInvoker.java:598)
at org.testng.internal.TestInvoker.invokeTestMethod(TestInvoker.java:173)
at org.testng.internal.MethodRunner.runInSequence(MethodRunner.java:46)
at org.testng.internal.TestInvoker$MethodInvocationAgent.invoke(TestInvoker.java:824)
at org.testng.internal.TestInvoker.invokeTestMethods(TestInvoker.java:146)
at org.testng.internal.TestMethodWorker.invokeTestMethods(TestMethodWorker.java:146)
at org.testng.internal.TestMethodWorker.run(TestMethodWorker.java:128)
at java.base/java.util.ArrayList.forEach(ArrayList.java:1511)
at org.testng.TestRunner.privateRun(TestRunner.java:794)
at org.testng.TestRunner.run(TestRunner.java:596)
at org.testng.SuiteRunner.runTest(SuiteRunner.java:377)
at org.testng.SuiteRunner.runSequentially(SuiteRunner.java:371)
at org.testng.SuiteRunner.privateRun(SuiteRunner.java:332)
at org.testng.SuiteRunner.run(SuiteRunner.java:276)
at org.testng.SuiteRunnerWorker.runSuite(SuiteRunnerWorker.java:53)
at org.testng.SuiteRunnerWorker.run(SuiteRunnerWorker.java:96)
at org.testng.TestNG.runSuitesSequentially(TestNG.java:1212)
at org.testng.TestNG.runSuitesLocally(TestNG.java:1134)
at org.testng.TestNG.runSuites(TestNG.java:1063)
at org.testng.TestNG.run(TestNG.java:1031)
at org.testng.remote.AbstractRemoteTestNG.run(AbstractRemoteTestNG.java:115)
at org.testng.remote.RemoteTestNG.initAndRun(RemoteTestNG.java:251)
at org.testng.remote.RemoteTestNG.main(RemoteTestNG.java:77)
]]>
    </failure>
  </testcase> <!-- Testcase_RowCount_validation -->
  <system-out>
    <![CDATA[Executing Snowflake query :: SELECT count(*) as TOTAL FROM DEV_ENT_RAW.ST_HENDERSON_MATILLION.CONTACT
Table Count in Snowflake:: 190866
Executing Snowflake query :: select count(*) as TOTAL from CURATED_DATAMART.ST_BKP_HENDERSON.STR_CONTACT Where ACTIVE_FLAG='Y'
Table Count in Snowflake:: 190641
Executing Snowflake query :: select count(*) as TOTAL from DEV_ENT_CURATED.MASTER_DIMENSIONS.DIM_CONTACT where tenant_type='HENDERSON' and RECORD_UPDATED_BY='Backup Table'
Table Count in Snowflake:: 188010
Row Count of Table CONTACT is not matched for RAW :: 190866 DataMart :: 190641 CURATED :: 188010]]>
  </system-out>
  <testcase classname="testcases.RAW_DATAMART_CURATED.SnowFlake_RowCount_Master" name="Testcase_RowCount_validation" time="1.757">
    <failure message="The following asserts failed:
	null" type="java.lang.AssertionError">
      <![CDATA[java.lang.AssertionError: The following asserts failed:
null
at org.testng.asserts.SoftAssert.assertAll(SoftAssert.java:47)
at org.testng.asserts.SoftAssert.assertAll(SoftAssert.java:31)
at testcases.RAW_DATAMART_CURATED.SnowFlake_RowCount_Master.validate_RowCount_BKP(SnowFlake_RowCount_Master.java:56)
at testcases.RAW_DATAMART_CURATED.SnowFlake_RowCount_Master.Testcase_RowCount_validation(SnowFlake_RowCount_Master.java:25)
at jdk.internal.reflect.GeneratedMethodAccessor13.invoke(Unknown Source)
at java.base/jdk.internal.reflect.DelegatingMethodAccessorImpl.invoke(DelegatingMethodAccessorImpl.java:43)
at java.base/java.lang.reflect.Method.invoke(Method.java:568)
at org.testng.internal.MethodInvocationHelper.invokeMethod(MethodInvocationHelper.java:133)
at org.testng.internal.TestInvoker.invokeMethod(TestInvoker.java:598)
at org.testng.internal.TestInvoker.invokeTestMethod(TestInvoker.java:173)
at org.testng.internal.MethodRunner.runInSequence(MethodRunner.java:46)
at org.testng.internal.TestInvoker$MethodInvocationAgent.invoke(TestInvoker.java:824)
at org.testng.internal.TestInvoker.invokeTestMethods(TestInvoker.java:146)
at org.testng.internal.TestMethodWorker.invokeTestMethods(TestMethodWorker.java:146)
at org.testng.internal.TestMethodWorker.run(TestMethodWorker.java:128)
at java.base/java.util.ArrayList.forEach(ArrayList.java:1511)
at org.testng.TestRunner.privateRun(TestRunner.java:794)
at org.testng.TestRunner.run(TestRunner.java:596)
at org.testng.SuiteRunner.runTest(SuiteRunner.java:377)
at org.testng.SuiteRunner.runSequentially(SuiteRunner.java:371)
at org.testng.SuiteRunner.privateRun(SuiteRunner.java:332)
at org.testng.SuiteRunner.run(SuiteRunner.java:276)
at org.testng.SuiteRunnerWorker.runSuite(SuiteRunnerWorker.java:53)
at org.testng.SuiteRunnerWorker.run(SuiteRunnerWorker.java:96)
at org.testng.TestNG.runSuitesSequentially(TestNG.java:1212)
at org.testng.TestNG.runSuitesLocally(TestNG.java:1134)
at org.testng.TestNG.runSuites(TestNG.java:1063)
at org.testng.TestNG.run(TestNG.java:1031)
at org.testng.remote.AbstractRemoteTestNG.run(AbstractRemoteTestNG.java:115)
at org.testng.remote.RemoteTestNG.initAndRun(RemoteTestNG.java:251)
at org.testng.remote.RemoteTestNG.main(RemoteTestNG.java:77)
]]>
    </failure>
  </testcase> <!-- Testcase_RowCount_validation -->
  <system-out>
    <![CDATA[Executing Snowflake query :: SELECT count(*) as TOTAL FROM DEV_ENT_RAW.ST_HUTCHINSON_MATILLION.SERVICE
Table Count in Snowflake:: 2925
Executing Snowflake query :: select count(*) as TOTAL from CURATED_DATAMART.ST_BKP_HUTCHINSON.STR_SERVICE Where ACTIVE_FLAG='Y'
Table Count in Snowflake:: 2925
Executing Snowflake query :: select count(*) as TOTAL from DEV_ENT_CURATED.MASTER_DIMENSIONS.DIM_SERVICE where tenant_type='HUTCHINSON' and RECORD_UPDATED_BY='Backup Table'
Table Count in Snowflake:: 2924
Row Count of Table SERVICE is not matched for RAW :: 2925 DataMart :: 2925 CURATED :: 2924]]>
  </system-out>
  <testcase classname="testcases.RAW_DATAMART_CURATED.SnowFlake_RowCount_Master" name="Testcase_RowCount_validation" time="1.269">
    <failure message="The following asserts failed:
	null,
	null" type="java.lang.AssertionError">
      <![CDATA[java.lang.AssertionError: The following asserts failed:
null,
null
at org.testng.asserts.SoftAssert.assertAll(SoftAssert.java:47)
at org.testng.asserts.SoftAssert.assertAll(SoftAssert.java:31)
at testcases.RAW_DATAMART_CURATED.SnowFlake_RowCount_Master.validate_RowCount_BKP(SnowFlake_RowCount_Master.java:56)
at testcases.RAW_DATAMART_CURATED.SnowFlake_RowCount_Master.Testcase_RowCount_validation(SnowFlake_RowCount_Master.java:25)
at jdk.internal.reflect.GeneratedMethodAccessor13.invoke(Unknown Source)
at java.base/jdk.internal.reflect.DelegatingMethodAccessorImpl.invoke(DelegatingMethodAccessorImpl.java:43)
at java.base/java.lang.reflect.Method.invoke(Method.java:568)
at org.testng.internal.MethodInvocationHelper.invokeMethod(MethodInvocationHelper.java:133)
at org.testng.internal.TestInvoker.invokeMethod(TestInvoker.java:598)
at org.testng.internal.TestInvoker.invokeTestMethod(TestInvoker.java:173)
at org.testng.internal.MethodRunner.runInSequence(MethodRunner.java:46)
at org.testng.internal.TestInvoker$MethodInvocationAgent.invoke(TestInvoker.java:824)
at org.testng.internal.TestInvoker.invokeTestMethods(TestInvoker.java:146)
at org.testng.internal.TestMethodWorker.invokeTestMethods(TestMethodWorker.java:146)
at org.testng.internal.TestMethodWorker.run(TestMethodWorker.java:128)
at java.base/java.util.ArrayList.forEach(ArrayList.java:1511)
at org.testng.TestRunner.privateRun(TestRunner.java:794)
at org.testng.TestRunner.run(TestRunner.java:596)
at org.testng.SuiteRunner.runTest(SuiteRunner.java:377)
at org.testng.SuiteRunner.runSequentially(SuiteRunner.java:371)
at org.testng.SuiteRunner.privateRun(SuiteRunner.java:332)
at org.testng.SuiteRunner.run(SuiteRunner.java:276)
at org.testng.SuiteRunnerWorker.runSuite(SuiteRunnerWorker.java:53)
at org.testng.SuiteRunnerWorker.run(SuiteRunnerWorker.java:96)
at org.testng.TestNG.runSuitesSequentially(TestNG.java:1212)
at org.testng.TestNG.runSuitesLocally(TestNG.java:1134)
at org.testng.TestNG.runSuites(TestNG.java:1063)
at org.testng.TestNG.run(TestNG.java:1031)
at org.testng.remote.AbstractRemoteTestNG.run(AbstractRemoteTestNG.java:115)
at org.testng.remote.RemoteTestNG.initAndRun(RemoteTestNG.java:251)
at org.testng.remote.RemoteTestNG.main(RemoteTestNG.java:77)
]]>
    </failure>
  </testcase> <!-- Testcase_RowCount_validation -->
  <system-out>
    <![CDATA[Executing Snowflake query :: SELECT count(*) as TOTAL FROM DEV_ENT_RAW.ST_EANESHEATING_MATILLION.JOBCOMPLETIONSURVEY
Snowflake - SQLException at readDB() method :: SQL compilation error:
Object 'DEV_ENT_RAW.ST_EANESHEATING_MATILLION.JOBCOMPLETIONSURVEY' does not exist or not authorized.
Executing Snowflake query :: select count(*) as TOTAL from CURATED_DATAMART.ST_BKP_EANESHEATING.STR_JOBCOMPLETIONSURVEY Where ACTIVE_FLAG='Y'
Table Count in Snowflake:: 2521
Executing Snowflake query :: select count(*) as TOTAL from DEV_ENT_CURATED.MASTER_DIMENSIONS.DIM_JOBCOMPLETIONSURVEY where tenant_type='EANESHEATING' and RECORD_UPDATED_BY='Backup Table'
Table Count in Snowflake:: 2519
Row Count of Table JOBCOMPLETIONSURVEY is not matched for RAW :: 0 DataMart :: 2521 CURATED :: 2519]]>
  </system-out>
  <testcase classname="testcases.RAW_DATAMART_CURATED.SnowFlake_RowCount_Master" name="Testcase_RowCount_validation" time="1.944">
    <failure message="The following asserts failed:
	null" type="java.lang.AssertionError">
      <![CDATA[java.lang.AssertionError: The following asserts failed:
null
at org.testng.asserts.SoftAssert.assertAll(SoftAssert.java:47)
at org.testng.asserts.SoftAssert.assertAll(SoftAssert.java:31)
at testcases.RAW_DATAMART_CURATED.SnowFlake_RowCount_Master.validate_RowCount_BKP(SnowFlake_RowCount_Master.java:56)
at testcases.RAW_DATAMART_CURATED.SnowFlake_RowCount_Master.Testcase_RowCount_validation(SnowFlake_RowCount_Master.java:25)
at jdk.internal.reflect.GeneratedMethodAccessor13.invoke(Unknown Source)
at java.base/jdk.internal.reflect.DelegatingMethodAccessorImpl.invoke(DelegatingMethodAccessorImpl.java:43)
at java.base/java.lang.reflect.Method.invoke(Method.java:568)
at org.testng.internal.MethodInvocationHelper.invokeMethod(MethodInvocationHelper.java:133)
at org.testng.internal.TestInvoker.invokeMethod(TestInvoker.java:598)
at org.testng.internal.TestInvoker.invokeTestMethod(TestInvoker.java:173)
at org.testng.internal.MethodRunner.runInSequence(MethodRunner.java:46)
at org.testng.internal.TestInvoker$MethodInvocationAgent.invoke(TestInvoker.java:824)
at org.testng.internal.TestInvoker.invokeTestMethods(TestInvoker.java:146)
at org.testng.internal.TestMethodWorker.invokeTestMethods(TestMethodWorker.java:146)
at org.testng.internal.TestMethodWorker.run(TestMethodWorker.java:128)
at java.base/java.util.ArrayList.forEach(ArrayList.java:1511)
at org.testng.TestRunner.privateRun(TestRunner.java:794)
at org.testng.TestRunner.run(TestRunner.java:596)
at org.testng.SuiteRunner.runTest(SuiteRunner.java:377)
at org.testng.SuiteRunner.runSequentially(SuiteRunner.java:371)
at org.testng.SuiteRunner.privateRun(SuiteRunner.java:332)
at org.testng.SuiteRunner.run(SuiteRunner.java:276)
at org.testng.SuiteRunnerWorker.runSuite(SuiteRunnerWorker.java:53)
at org.testng.SuiteRunnerWorker.run(SuiteRunnerWorker.java:96)
at org.testng.TestNG.runSuitesSequentially(TestNG.java:1212)
at org.testng.TestNG.runSuitesLocally(TestNG.java:1134)
at org.testng.TestNG.runSuites(TestNG.java:1063)
at org.testng.TestNG.run(TestNG.java:1031)
at org.testng.remote.AbstractRemoteTestNG.run(AbstractRemoteTestNG.java:115)
at org.testng.remote.RemoteTestNG.initAndRun(RemoteTestNG.java:251)
at org.testng.remote.RemoteTestNG.main(RemoteTestNG.java:77)
]]>
    </failure>
  </testcase> <!-- Testcase_RowCount_validation -->
  <system-out>
    <![CDATA[Executing Snowflake query :: SELECT count(*) as TOTAL FROM DEV_ENT_RAW.ST_HUTCHINSON_MATILLION.ZONE
Table Count in Snowflake:: 8
Executing Snowflake query :: select count(*) as TOTAL from CURATED_DATAMART.ST_BKP_HUTCHINSON.STR_ZONE Where ACTIVE_FLAG='Y'
Table Count in Snowflake:: 32
Executing Snowflake query :: select count(*) as TOTAL from DEV_ENT_CURATED.MASTER_DIMENSIONS.DIM_ZONE where tenant_type='HUTCHINSON' and RECORD_UPDATED_BY='Backup Table'
Table Count in Snowflake:: 2
Row Count of Table ZONE is not matched for RAW :: 8 DataMart :: 32 CURATED :: 2]]>
  </system-out>
  <testcase classname="testcases.RAW_DATAMART_CURATED.SnowFlake_RowCount_Master" name="Testcase_RowCount_validation" time="1.822">
    <failure message="The following asserts failed:
	null" type="java.lang.AssertionError">
      <![CDATA[java.lang.AssertionError: The following asserts failed:
null
at org.testng.asserts.SoftAssert.assertAll(SoftAssert.java:47)
at org.testng.asserts.SoftAssert.assertAll(SoftAssert.java:31)
at testcases.RAW_DATAMART_CURATED.SnowFlake_RowCount_Master.validate_RowCount_BKP(SnowFlake_RowCount_Master.java:56)
at testcases.RAW_DATAMART_CURATED.SnowFlake_RowCount_Master.Testcase_RowCount_validation(SnowFlake_RowCount_Master.java:25)
at jdk.internal.reflect.GeneratedMethodAccessor13.invoke(Unknown Source)
at java.base/jdk.internal.reflect.DelegatingMethodAccessorImpl.invoke(DelegatingMethodAccessorImpl.java:43)
at java.base/java.lang.reflect.Method.invoke(Method.java:568)
at org.testng.internal.MethodInvocationHelper.invokeMethod(MethodInvocationHelper.java:133)
at org.testng.internal.TestInvoker.invokeMethod(TestInvoker.java:598)
at org.testng.internal.TestInvoker.invokeTestMethod(TestInvoker.java:173)
at org.testng.internal.MethodRunner.runInSequence(MethodRunner.java:46)
at org.testng.internal.TestInvoker$MethodInvocationAgent.invoke(TestInvoker.java:824)
at org.testng.internal.TestInvoker.invokeTestMethods(TestInvoker.java:146)
at org.testng.internal.TestMethodWorker.invokeTestMethods(TestMethodWorker.java:146)
at org.testng.internal.TestMethodWorker.run(TestMethodWorker.java:128)
at java.base/java.util.ArrayList.forEach(ArrayList.java:1511)
at org.testng.TestRunner.privateRun(TestRunner.java:794)
at org.testng.TestRunner.run(TestRunner.java:596)
at org.testng.SuiteRunner.runTest(SuiteRunner.java:377)
at org.testng.SuiteRunner.runSequentially(SuiteRunner.java:371)
at org.testng.SuiteRunner.privateRun(SuiteRunner.java:332)
at org.testng.SuiteRunner.run(SuiteRunner.java:276)
at org.testng.SuiteRunnerWorker.runSuite(SuiteRunnerWorker.java:53)
at org.testng.SuiteRunnerWorker.run(SuiteRunnerWorker.java:96)
at org.testng.TestNG.runSuitesSequentially(TestNG.java:1212)
at org.testng.TestNG.runSuitesLocally(TestNG.java:1134)
at org.testng.TestNG.runSuites(TestNG.java:1063)
at org.testng.TestNG.run(TestNG.java:1031)
at org.testng.remote.AbstractRemoteTestNG.run(AbstractRemoteTestNG.java:115)
at org.testng.remote.RemoteTestNG.initAndRun(RemoteTestNG.java:251)
at org.testng.remote.RemoteTestNG.main(RemoteTestNG.java:77)
]]>
    </failure>
  </testcase> <!-- Testcase_RowCount_validation -->
  <system-out>
    <![CDATA[Executing Snowflake query :: SELECT count(*) as TOTAL FROM DEV_ENT_RAW.ST_GOLDMEDAL_MATILLION.ZONE
Table Count in Snowflake:: 34
Executing Snowflake query :: select count(*) as TOTAL from CURATED_DATAMART.ST_BKP_GOLDMEDAL.STR_ZONE Where ACTIVE_FLAG='Y'
Table Count in Snowflake:: 34
Executing Snowflake query :: select count(*) as TOTAL from DEV_ENT_CURATED.MASTER_DIMENSIONS.DIM_ZONE where tenant_type='GOLDMEDAL' and RECORD_UPDATED_BY='Backup Table'
Table Count in Snowflake:: 3
Row Count of Table ZONE is not matched for RAW :: 34 DataMart :: 34 CURATED :: 3]]>
  </system-out>
  <testcase classname="testcases.RAW_DATAMART_CURATED.SnowFlake_RowCount_Master" name="Testcase_RowCount_validation" time="1.432">
    <failure message="The following asserts failed:
	null,
	null" type="java.lang.AssertionError">
      <![CDATA[java.lang.AssertionError: The following asserts failed:
null,
null
at org.testng.asserts.SoftAssert.assertAll(SoftAssert.java:47)
at org.testng.asserts.SoftAssert.assertAll(SoftAssert.java:31)
at testcases.RAW_DATAMART_CURATED.SnowFlake_RowCount_Master.validate_RowCount_BKP(SnowFlake_RowCount_Master.java:56)
at testcases.RAW_DATAMART_CURATED.SnowFlake_RowCount_Master.Testcase_RowCount_validation(SnowFlake_RowCount_Master.java:25)
at jdk.internal.reflect.GeneratedMethodAccessor13.invoke(Unknown Source)
at java.base/jdk.internal.reflect.DelegatingMethodAccessorImpl.invoke(DelegatingMethodAccessorImpl.java:43)
at java.base/java.lang.reflect.Method.invoke(Method.java:568)
at org.testng.internal.MethodInvocationHelper.invokeMethod(MethodInvocationHelper.java:133)
at org.testng.internal.TestInvoker.invokeMethod(TestInvoker.java:598)
at org.testng.internal.TestInvoker.invokeTestMethod(TestInvoker.java:173)
at org.testng.internal.MethodRunner.runInSequence(MethodRunner.java:46)
at org.testng.internal.TestInvoker$MethodInvocationAgent.invoke(TestInvoker.java:824)
at org.testng.internal.TestInvoker.invokeTestMethods(TestInvoker.java:146)
at org.testng.internal.TestMethodWorker.invokeTestMethods(TestMethodWorker.java:146)
at org.testng.internal.TestMethodWorker.run(TestMethodWorker.java:128)
at java.base/java.util.ArrayList.forEach(ArrayList.java:1511)
at org.testng.TestRunner.privateRun(TestRunner.java:794)
at org.testng.TestRunner.run(TestRunner.java:596)
at org.testng.SuiteRunner.runTest(SuiteRunner.java:377)
at org.testng.SuiteRunner.runSequentially(SuiteRunner.java:371)
at org.testng.SuiteRunner.privateRun(SuiteRunner.java:332)
at org.testng.SuiteRunner.run(SuiteRunner.java:276)
at org.testng.SuiteRunnerWorker.runSuite(SuiteRunnerWorker.java:53)
at org.testng.SuiteRunnerWorker.run(SuiteRunnerWorker.java:96)
at org.testng.TestNG.runSuitesSequentially(TestNG.java:1212)
at org.testng.TestNG.runSuitesLocally(TestNG.java:1134)
at org.testng.TestNG.runSuites(TestNG.java:1063)
at org.testng.TestNG.run(TestNG.java:1031)
at org.testng.remote.AbstractRemoteTestNG.run(AbstractRemoteTestNG.java:115)
at org.testng.remote.RemoteTestNG.initAndRun(RemoteTestNG.java:251)
at org.testng.remote.RemoteTestNG.main(RemoteTestNG.java:77)
]]>
    </failure>
  </testcase> <!-- Testcase_RowCount_validation -->
  <system-out>
    <![CDATA[Executing Snowflake query :: SELECT count(*) as TOTAL FROM DEV_ENT_RAW.ST_HARP_MATILLION.TECHNICIANATTACHEDPROPERTY
Table Count in Snowflake:: 667
Executing Snowflake query :: select count(*) as TOTAL from CURATED_DATAMART.ST_BKP_HARP.STR_TECHNICIANATTACHEDPROPERTY Where ACTIVE_FLAG='Y'
Table Count in Snowflake:: 663
Executing Snowflake query :: select count(*) as TOTAL from DEV_ENT_CURATED.MASTER_DIMENSIONS.DIM_TECHNICIANATTACHEDPROPERTY where tenant_type='HARP' and RECORD_UPDATED_BY='Backup Table'
Snowflake - SQLException at readDB() method :: SQL compilation error: error line 1 at position 124
invalid identifier 'RECORD_UPDATED_BY'
Row Count of Table TECHNICIANATTACHEDPROPERTY is not matched for RAW :: 667 DataMart :: 663 CURATED :: 0]]>
  </system-out>
  <testcase classname="testcases.RAW_DATAMART_CURATED.SnowFlake_RowCount_Master" name="Testcase_RowCount_validation" time="1.736">
    <failure message="The following asserts failed:
	null,
	null" type="java.lang.AssertionError">
      <![CDATA[java.lang.AssertionError: The following asserts failed:
null,
null
at org.testng.asserts.SoftAssert.assertAll(SoftAssert.java:47)
at org.testng.asserts.SoftAssert.assertAll(SoftAssert.java:31)
at testcases.RAW_DATAMART_CURATED.SnowFlake_RowCount_Master.validate_RowCount_BKP(SnowFlake_RowCount_Master.java:56)
at testcases.RAW_DATAMART_CURATED.SnowFlake_RowCount_Master.Testcase_RowCount_validation(SnowFlake_RowCount_Master.java:25)
at jdk.internal.reflect.GeneratedMethodAccessor13.invoke(Unknown Source)
at java.base/jdk.internal.reflect.DelegatingMethodAccessorImpl.invoke(DelegatingMethodAccessorImpl.java:43)
at java.base/java.lang.reflect.Method.invoke(Method.java:568)
at org.testng.internal.MethodInvocationHelper.invokeMethod(MethodInvocationHelper.java:133)
at org.testng.internal.TestInvoker.invokeMethod(TestInvoker.java:598)
at org.testng.internal.TestInvoker.invokeTestMethod(TestInvoker.java:173)
at org.testng.internal.MethodRunner.runInSequence(MethodRunner.java:46)
at org.testng.internal.TestInvoker$MethodInvocationAgent.invoke(TestInvoker.java:824)
at org.testng.internal.TestInvoker.invokeTestMethods(TestInvoker.java:146)
at org.testng.internal.TestMethodWorker.invokeTestMethods(TestMethodWorker.java:146)
at org.testng.internal.TestMethodWorker.run(TestMethodWorker.java:128)
at java.base/java.util.ArrayList.forEach(ArrayList.java:1511)
at org.testng.TestRunner.privateRun(TestRunner.java:794)
at org.testng.TestRunner.run(TestRunner.java:596)
at org.testng.SuiteRunner.runTest(SuiteRunner.java:377)
at org.testng.SuiteRunner.runSequentially(SuiteRunner.java:371)
at org.testng.SuiteRunner.privateRun(SuiteRunner.java:332)
at org.testng.SuiteRunner.run(SuiteRunner.java:276)
at org.testng.SuiteRunnerWorker.runSuite(SuiteRunnerWorker.java:53)
at org.testng.SuiteRunnerWorker.run(SuiteRunnerWorker.java:96)
at org.testng.TestNG.runSuitesSequentially(TestNG.java:1212)
at org.testng.TestNG.runSuitesLocally(TestNG.java:1134)
at org.testng.TestNG.runSuites(TestNG.java:1063)
at org.testng.TestNG.run(TestNG.java:1031)
at org.testng.remote.AbstractRemoteTestNG.run(AbstractRemoteTestNG.java:115)
at org.testng.remote.RemoteTestNG.initAndRun(RemoteTestNG.java:251)
at org.testng.remote.RemoteTestNG.main(RemoteTestNG.java:77)
]]>
    </failure>
  </testcase> <!-- Testcase_RowCount_validation -->
  <system-out>
    <![CDATA[Executing Snowflake query :: SELECT count(*) as TOTAL FROM DEV_ENT_RAW.ST_GOLDMEDAL_MATILLION.TECHNICIANPAYROLL
Table Count in Snowflake:: 38262
Executing Snowflake query :: select count(*) as TOTAL from CURATED_DATAMART.ST_BKP_GOLDMEDAL.STR_TECHNICIANPAYROLL Where ACTIVE_FLAG='Y'
Table Count in Snowflake:: 38262
Executing Snowflake query :: select count(*) as TOTAL from DEV_ENT_CURATED.MASTER_DIMENSIONS.DIM_TECHNICIANPAYROLL where tenant_type='GOLDMEDAL' and RECORD_UPDATED_BY='Backup Table'
Snowflake - SQLException at readDB() method :: SQL compilation error: error line 1 at position 120
invalid identifier 'RECORD_UPDATED_BY'
Row Count of Table TECHNICIANPAYROLL is not matched for RAW :: 38262 DataMart :: 38262 CURATED :: 0]]>
  </system-out>
  <testcase classname="testcases.RAW_DATAMART_CURATED.SnowFlake_RowCount_Master" name="Testcase_RowCount_validation" time="2.561"/>
  <system-out>
    <![CDATA[Executing Snowflake query :: SELECT count(*) as TOTAL FROM DEV_ENT_RAW.ST_FOURPROS_MATILLION.BATCH
Table Count in Snowflake:: 3538
Executing Snowflake query :: select count(*) as TOTAL from CURATED_DATAMART.ST_BKP_FOURPROS.STR_BATCH Where ACTIVE_FLAG='Y'
Table Count in Snowflake:: 3538
Executing Snowflake query :: select count(*) as TOTAL from DEV_ENT_CURATED.MASTER_DIMENSIONS.FACT_BATCH where tenant_type='FOURPROS' and RECORD_UPDATED_BY='Backup Table'
Table Count in Snowflake:: 3586
Row Count of Table BATCH is matched for RAW :: 3538 DataMart :: 3538 CURATED :: 3586]]>
  </system-out>
  <testcase classname="testcases.RAW_DATAMART_CURATED.SnowFlake_RowCount_Master" name="Testcase_RowCount_validation" time="3.929"/>
  <system-out>
    <![CDATA[Executing Snowflake query :: SELECT count(*) as TOTAL FROM DEV_ENT_RAW.ST_HARP_MATILLION.TRUCK
Table Count in Snowflake:: 58
Executing Snowflake query :: select count(*) as TOTAL from CURATED_DATAMART.ST_BKP_HARP.STR_TRUCK Where ACTIVE_FLAG='Y'
Table Count in Snowflake:: 64
Executing Snowflake query :: select count(*) as TOTAL from DEV_ENT_CURATED.MASTER_DIMENSIONS.DIM_TRUCK where tenant_type='HARP' and RECORD_UPDATED_BY='Backup Table'
Table Count in Snowflake:: 71
Row Count of Table TRUCK is matched for RAW :: 58 DataMart :: 64 CURATED :: 71]]>
  </system-out>
  <testcase classname="testcases.RAW_DATAMART_CURATED.SnowFlake_RowCount_Master" name="Testcase_RowCount_validation" time="1.632">
    <failure message="The following asserts failed:
	null" type="java.lang.AssertionError">
      <![CDATA[java.lang.AssertionError: The following asserts failed:
null
at org.testng.asserts.SoftAssert.assertAll(SoftAssert.java:47)
at org.testng.asserts.SoftAssert.assertAll(SoftAssert.java:31)
at testcases.RAW_DATAMART_CURATED.SnowFlake_RowCount_Master.validate_RowCount_BKP(SnowFlake_RowCount_Master.java:56)
at testcases.RAW_DATAMART_CURATED.SnowFlake_RowCount_Master.Testcase_RowCount_validation(SnowFlake_RowCount_Master.java:25)
at jdk.internal.reflect.GeneratedMethodAccessor13.invoke(Unknown Source)
at java.base/jdk.internal.reflect.DelegatingMethodAccessorImpl.invoke(DelegatingMethodAccessorImpl.java:43)
at java.base/java.lang.reflect.Method.invoke(Method.java:568)
at org.testng.internal.MethodInvocationHelper.invokeMethod(MethodInvocationHelper.java:133)
at org.testng.internal.TestInvoker.invokeMethod(TestInvoker.java:598)
at org.testng.internal.TestInvoker.invokeTestMethod(TestInvoker.java:173)
at org.testng.internal.MethodRunner.runInSequence(MethodRunner.java:46)
at org.testng.internal.TestInvoker$MethodInvocationAgent.invoke(TestInvoker.java:824)
at org.testng.internal.TestInvoker.invokeTestMethods(TestInvoker.java:146)
at org.testng.internal.TestMethodWorker.invokeTestMethods(TestMethodWorker.java:146)
at org.testng.internal.TestMethodWorker.run(TestMethodWorker.java:128)
at java.base/java.util.ArrayList.forEach(ArrayList.java:1511)
at org.testng.TestRunner.privateRun(TestRunner.java:794)
at org.testng.TestRunner.run(TestRunner.java:596)
at org.testng.SuiteRunner.runTest(SuiteRunner.java:377)
at org.testng.SuiteRunner.runSequentially(SuiteRunner.java:371)
at org.testng.SuiteRunner.privateRun(SuiteRunner.java:332)
at org.testng.SuiteRunner.run(SuiteRunner.java:276)
at org.testng.SuiteRunnerWorker.runSuite(SuiteRunnerWorker.java:53)
at org.testng.SuiteRunnerWorker.run(SuiteRunnerWorker.java:96)
at org.testng.TestNG.runSuitesSequentially(TestNG.java:1212)
at org.testng.TestNG.runSuitesLocally(TestNG.java:1134)
at org.testng.TestNG.runSuites(TestNG.java:1063)
at org.testng.TestNG.run(TestNG.java:1031)
at org.testng.remote.AbstractRemoteTestNG.run(AbstractRemoteTestNG.java:115)
at org.testng.remote.RemoteTestNG.initAndRun(RemoteTestNG.java:251)
at org.testng.remote.RemoteTestNG.main(RemoteTestNG.java:77)
]]>
    </failure>
  </testcase> <!-- Testcase_RowCount_validation -->
  <system-out>
    <![CDATA[Executing Snowflake query :: SELECT count(*) as TOTAL FROM DEV_ENT_RAW.ST_FOURPROS_MATILLION.CALLREASON
Table Count in Snowflake:: 39
Executing Snowflake query :: select count(*) as TOTAL from CURATED_DATAMART.ST_BKP_FOURPROS.STR_CALLREASON Where ACTIVE_FLAG='Y'
Table Count in Snowflake:: 39
Executing Snowflake query :: select count(*) as TOTAL from DEV_ENT_CURATED.MASTER_DIMENSIONS.DIM_CALLREASON where tenant_type='FOURPROS' and RECORD_UPDATED_BY='Backup Table'
Table Count in Snowflake:: 34
Row Count of Table CALLREASON is not matched for RAW :: 39 DataMart :: 39 CURATED :: 34]]>
  </system-out>
  <testcase classname="testcases.RAW_DATAMART_CURATED.SnowFlake_RowCount_Master" name="Testcase_RowCount_validation" time="1.582">
    <failure message="The following asserts failed:
	null" type="java.lang.AssertionError">
      <![CDATA[java.lang.AssertionError: The following asserts failed:
null
at org.testng.asserts.SoftAssert.assertAll(SoftAssert.java:47)
at org.testng.asserts.SoftAssert.assertAll(SoftAssert.java:31)
at testcases.RAW_DATAMART_CURATED.SnowFlake_RowCount_Master.validate_RowCount_BKP(SnowFlake_RowCount_Master.java:56)
at testcases.RAW_DATAMART_CURATED.SnowFlake_RowCount_Master.Testcase_RowCount_validation(SnowFlake_RowCount_Master.java:25)
at jdk.internal.reflect.GeneratedMethodAccessor13.invoke(Unknown Source)
at java.base/jdk.internal.reflect.DelegatingMethodAccessorImpl.invoke(DelegatingMethodAccessorImpl.java:43)
at java.base/java.lang.reflect.Method.invoke(Method.java:568)
at org.testng.internal.MethodInvocationHelper.invokeMethod(MethodInvocationHelper.java:133)
at org.testng.internal.TestInvoker.invokeMethod(TestInvoker.java:598)
at org.testng.internal.TestInvoker.invokeTestMethod(TestInvoker.java:173)
at org.testng.internal.MethodRunner.runInSequence(MethodRunner.java:46)
at org.testng.internal.TestInvoker$MethodInvocationAgent.invoke(TestInvoker.java:824)
at org.testng.internal.TestInvoker.invokeTestMethods(TestInvoker.java:146)
at org.testng.internal.TestMethodWorker.invokeTestMethods(TestMethodWorker.java:146)
at org.testng.internal.TestMethodWorker.run(TestMethodWorker.java:128)
at java.base/java.util.ArrayList.forEach(ArrayList.java:1511)
at org.testng.TestRunner.privateRun(TestRunner.java:794)
at org.testng.TestRunner.run(TestRunner.java:596)
at org.testng.SuiteRunner.runTest(SuiteRunner.java:377)
at org.testng.SuiteRunner.runSequentially(SuiteRunner.java:371)
at org.testng.SuiteRunner.privateRun(SuiteRunner.java:332)
at org.testng.SuiteRunner.run(SuiteRunner.java:276)
at org.testng.SuiteRunnerWorker.runSuite(SuiteRunnerWorker.java:53)
at org.testng.SuiteRunnerWorker.run(SuiteRunnerWorker.java:96)
at org.testng.TestNG.runSuitesSequentially(TestNG.java:1212)
at org.testng.TestNG.runSuitesLocally(TestNG.java:1134)
at org.testng.TestNG.runSuites(TestNG.java:1063)
at org.testng.TestNG.run(TestNG.java:1031)
at org.testng.remote.AbstractRemoteTestNG.run(AbstractRemoteTestNG.java:115)
at org.testng.remote.RemoteTestNG.initAndRun(RemoteTestNG.java:251)
at org.testng.remote.RemoteTestNG.main(RemoteTestNG.java:77)
]]>
    </failure>
  </testcase> <!-- Testcase_RowCount_validation -->
  <system-out>
    <![CDATA[Executing Snowflake query :: SELECT count(*) as TOTAL FROM DEV_ENT_RAW.ST_SNELLHEATINGAIR_MATILLION.CALL
Table Count in Snowflake:: 213999
Executing Snowflake query :: select count(*) as TOTAL from CURATED_DATAMART.ST_BKP_SNELLHEATINGAIR.STR_CALL Where ACTIVE_FLAG='Y'
Table Count in Snowflake:: 213552
Executing Snowflake query :: select count(*) as TOTAL from DEV_ENT_CURATED.MASTER_DIMENSIONS.DIM_CALL where tenant_type='SNELLHEATINGAIR' and RECORD_UPDATED_BY='Backup Table'
Table Count in Snowflake:: 212326
Row Count of Table CALL is not matched for RAW :: 213999 DataMart :: 213552 CURATED :: 212326]]>
  </system-out>
  <testcase classname="testcases.RAW_DATAMART_CURATED.SnowFlake_RowCount_Master" name="Testcase_RowCount_validation" time="1.304">
    <failure message="The following asserts failed:
	null" type="java.lang.AssertionError">
      <![CDATA[java.lang.AssertionError: The following asserts failed:
null
at org.testng.asserts.SoftAssert.assertAll(SoftAssert.java:47)
at org.testng.asserts.SoftAssert.assertAll(SoftAssert.java:31)
at testcases.RAW_DATAMART_CURATED.SnowFlake_RowCount_Master.validate_RowCount_BKP(SnowFlake_RowCount_Master.java:56)
at testcases.RAW_DATAMART_CURATED.SnowFlake_RowCount_Master.Testcase_RowCount_validation(SnowFlake_RowCount_Master.java:25)
at jdk.internal.reflect.GeneratedMethodAccessor13.invoke(Unknown Source)
at java.base/jdk.internal.reflect.DelegatingMethodAccessorImpl.invoke(DelegatingMethodAccessorImpl.java:43)
at java.base/java.lang.reflect.Method.invoke(Method.java:568)
at org.testng.internal.MethodInvocationHelper.invokeMethod(MethodInvocationHelper.java:133)
at org.testng.internal.TestInvoker.invokeMethod(TestInvoker.java:598)
at org.testng.internal.TestInvoker.invokeTestMethod(TestInvoker.java:173)
at org.testng.internal.MethodRunner.runInSequence(MethodRunner.java:46)
at org.testng.internal.TestInvoker$MethodInvocationAgent.invoke(TestInvoker.java:824)
at org.testng.internal.TestInvoker.invokeTestMethods(TestInvoker.java:146)
at org.testng.internal.TestMethodWorker.invokeTestMethods(TestMethodWorker.java:146)
at org.testng.internal.TestMethodWorker.run(TestMethodWorker.java:128)
at java.base/java.util.ArrayList.forEach(ArrayList.java:1511)
at org.testng.TestRunner.privateRun(TestRunner.java:794)
at org.testng.TestRunner.run(TestRunner.java:596)
at org.testng.SuiteRunner.runTest(SuiteRunner.java:377)
at org.testng.SuiteRunner.runSequentially(SuiteRunner.java:371)
at org.testng.SuiteRunner.privateRun(SuiteRunner.java:332)
at org.testng.SuiteRunner.run(SuiteRunner.java:276)
at org.testng.SuiteRunnerWorker.runSuite(SuiteRunnerWorker.java:53)
at org.testng.SuiteRunnerWorker.run(SuiteRunnerWorker.java:96)
at org.testng.TestNG.runSuitesSequentially(TestNG.java:1212)
at org.testng.TestNG.runSuitesLocally(TestNG.java:1134)
at org.testng.TestNG.runSuites(TestNG.java:1063)
at org.testng.TestNG.run(TestNG.java:1031)
at org.testng.remote.AbstractRemoteTestNG.run(AbstractRemoteTestNG.java:115)
at org.testng.remote.RemoteTestNG.initAndRun(RemoteTestNG.java:251)
at org.testng.remote.RemoteTestNG.main(RemoteTestNG.java:77)
]]>
    </failure>
  </testcase> <!-- Testcase_RowCount_validation -->
  <system-out>
    <![CDATA[Executing Snowflake query :: SELECT count(*) as TOTAL FROM DEV_ENT_RAW.ST_SNELLHEATINGAIR_MATILLION.ZONE
Table Count in Snowflake:: 9
Executing Snowflake query :: select count(*) as TOTAL from CURATED_DATAMART.ST_BKP_SNELLHEATINGAIR.STR_ZONE Where ACTIVE_FLAG='Y'
Table Count in Snowflake:: 9
Executing Snowflake query :: select count(*) as TOTAL from DEV_ENT_CURATED.MASTER_DIMENSIONS.DIM_ZONE where tenant_type='SNELLHEATINGAIR' and RECORD_UPDATED_BY='Backup Table'
Table Count in Snowflake:: 0
Row Count of Table ZONE is not matched for RAW :: 9 DataMart :: 9 CURATED :: 0]]>
  </system-out>
  <testcase classname="testcases.RAW_DATAMART_CURATED.SnowFlake_RowCount_Master" name="Testcase_RowCount_validation" time="1.639">
    <failure message="The following asserts failed:
	null" type="java.lang.AssertionError">
      <![CDATA[java.lang.AssertionError: The following asserts failed:
null
at org.testng.asserts.SoftAssert.assertAll(SoftAssert.java:47)
at org.testng.asserts.SoftAssert.assertAll(SoftAssert.java:31)
at testcases.RAW_DATAMART_CURATED.SnowFlake_RowCount_Master.validate_RowCount_BKP(SnowFlake_RowCount_Master.java:56)
at testcases.RAW_DATAMART_CURATED.SnowFlake_RowCount_Master.Testcase_RowCount_validation(SnowFlake_RowCount_Master.java:25)
at jdk.internal.reflect.GeneratedMethodAccessor13.invoke(Unknown Source)
at java.base/jdk.internal.reflect.DelegatingMethodAccessorImpl.invoke(DelegatingMethodAccessorImpl.java:43)
at java.base/java.lang.reflect.Method.invoke(Method.java:568)
at org.testng.internal.MethodInvocationHelper.invokeMethod(MethodInvocationHelper.java:133)
at org.testng.internal.TestInvoker.invokeMethod(TestInvoker.java:598)
at org.testng.internal.TestInvoker.invokeTestMethod(TestInvoker.java:173)
at org.testng.internal.MethodRunner.runInSequence(MethodRunner.java:46)
at org.testng.internal.TestInvoker$MethodInvocationAgent.invoke(TestInvoker.java:824)
at org.testng.internal.TestInvoker.invokeTestMethods(TestInvoker.java:146)
at org.testng.internal.TestMethodWorker.invokeTestMethods(TestMethodWorker.java:146)
at org.testng.internal.TestMethodWorker.run(TestMethodWorker.java:128)
at java.base/java.util.ArrayList.forEach(ArrayList.java:1511)
at org.testng.TestRunner.privateRun(TestRunner.java:794)
at org.testng.TestRunner.run(TestRunner.java:596)
at org.testng.SuiteRunner.runTest(SuiteRunner.java:377)
at org.testng.SuiteRunner.runSequentially(SuiteRunner.java:371)
at org.testng.SuiteRunner.privateRun(SuiteRunner.java:332)
at org.testng.SuiteRunner.run(SuiteRunner.java:276)
at org.testng.SuiteRunnerWorker.runSuite(SuiteRunnerWorker.java:53)
at org.testng.SuiteRunnerWorker.run(SuiteRunnerWorker.java:96)
at org.testng.TestNG.runSuitesSequentially(TestNG.java:1212)
at org.testng.TestNG.runSuitesLocally(TestNG.java:1134)
at org.testng.TestNG.runSuites(TestNG.java:1063)
at org.testng.TestNG.run(TestNG.java:1031)
at org.testng.remote.AbstractRemoteTestNG.run(AbstractRemoteTestNG.java:115)
at org.testng.remote.RemoteTestNG.initAndRun(RemoteTestNG.java:251)
at org.testng.remote.RemoteTestNG.main(RemoteTestNG.java:77)
]]>
    </failure>
  </testcase> <!-- Testcase_RowCount_validation -->
  <system-out>
    <![CDATA[Executing Snowflake query :: SELECT count(*) as TOTAL FROM DEV_ENT_RAW.ST_HUTCHINSON_MATILLION.PURCHASEORDER
Table Count in Snowflake:: 14293
Executing Snowflake query :: select count(*) as TOTAL from CURATED_DATAMART.ST_BKP_HUTCHINSON.STR_PURCHASEORDER Where ACTIVE_FLAG='Y'
Table Count in Snowflake:: 14182
Executing Snowflake query :: select count(*) as TOTAL from DEV_ENT_CURATED.MASTER_DIMENSIONS.DIM_PURCHASEORDER where tenant_type='HUTCHINSON' and RECORD_UPDATED_BY='Backup Table'
Table Count in Snowflake:: 12940
Row Count of Table PURCHASEORDER is not matched for RAW :: 14293 DataMart :: 14182 CURATED :: 12940]]>
  </system-out>
  <testcase classname="testcases.RAW_DATAMART_CURATED.SnowFlake_RowCount_Master" name="Testcase_RowCount_validation" time="2.152">
    <failure message="The following asserts failed:
	null" type="java.lang.AssertionError">
      <![CDATA[java.lang.AssertionError: The following asserts failed:
null
at org.testng.asserts.SoftAssert.assertAll(SoftAssert.java:47)
at org.testng.asserts.SoftAssert.assertAll(SoftAssert.java:31)
at testcases.RAW_DATAMART_CURATED.SnowFlake_RowCount_Master.validate_RowCount_BKP(SnowFlake_RowCount_Master.java:56)
at testcases.RAW_DATAMART_CURATED.SnowFlake_RowCount_Master.Testcase_RowCount_validation(SnowFlake_RowCount_Master.java:25)
at jdk.internal.reflect.GeneratedMethodAccessor13.invoke(Unknown Source)
at java.base/jdk.internal.reflect.DelegatingMethodAccessorImpl.invoke(DelegatingMethodAccessorImpl.java:43)
at java.base/java.lang.reflect.Method.invoke(Method.java:568)
at org.testng.internal.MethodInvocationHelper.invokeMethod(MethodInvocationHelper.java:133)
at org.testng.internal.TestInvoker.invokeMethod(TestInvoker.java:598)
at org.testng.internal.TestInvoker.invokeTestMethod(TestInvoker.java:173)
at org.testng.internal.MethodRunner.runInSequence(MethodRunner.java:46)
at org.testng.internal.TestInvoker$MethodInvocationAgent.invoke(TestInvoker.java:824)
at org.testng.internal.TestInvoker.invokeTestMethods(TestInvoker.java:146)
at org.testng.internal.TestMethodWorker.invokeTestMethods(TestMethodWorker.java:146)
at org.testng.internal.TestMethodWorker.run(TestMethodWorker.java:128)
at java.base/java.util.ArrayList.forEach(ArrayList.java:1511)
at org.testng.TestRunner.privateRun(TestRunner.java:794)
at org.testng.TestRunner.run(TestRunner.java:596)
at org.testng.SuiteRunner.runTest(SuiteRunner.java:377)
at org.testng.SuiteRunner.runSequentially(SuiteRunner.java:371)
at org.testng.SuiteRunner.privateRun(SuiteRunner.java:332)
at org.testng.SuiteRunner.run(SuiteRunner.java:276)
at org.testng.SuiteRunnerWorker.runSuite(SuiteRunnerWorker.java:53)
at org.testng.SuiteRunnerWorker.run(SuiteRunnerWorker.java:96)
at org.testng.TestNG.runSuitesSequentially(TestNG.java:1212)
at org.testng.TestNG.runSuitesLocally(TestNG.java:1134)
at org.testng.TestNG.runSuites(TestNG.java:1063)
at org.testng.TestNG.run(TestNG.java:1031)
at org.testng.remote.AbstractRemoteTestNG.run(AbstractRemoteTestNG.java:115)
at org.testng.remote.RemoteTestNG.initAndRun(RemoteTestNG.java:251)
at org.testng.remote.RemoteTestNG.main(RemoteTestNG.java:77)
]]>
    </failure>
  </testcase> <!-- Testcase_RowCount_validation -->
  <system-out>
    <![CDATA[Executing Snowflake query :: SELECT count(*) as TOTAL FROM DEV_ENT_RAW.ST_HUTCHINSON_MATILLION.PAYMENTTERM
Table Count in Snowflake:: 16
Executing Snowflake query :: select count(*) as TOTAL from CURATED_DATAMART.ST_BKP_HUTCHINSON.STR_PAYMENTTERM Where ACTIVE_FLAG='Y'
Table Count in Snowflake:: 17
Executing Snowflake query :: select count(*) as TOTAL from DEV_ENT_CURATED.MASTER_DIMENSIONS.DIM_PAYMENTTERM where tenant_type='HUTCHINSON' and RECORD_UPDATED_BY='Backup Table'
Table Count in Snowflake:: 0
Row Count of Table PAYMENTTERM is not matched for RAW :: 16 DataMart :: 17 CURATED :: 0]]>
  </system-out>
  <testcase classname="testcases.RAW_DATAMART_CURATED.SnowFlake_RowCount_Master" name="Testcase_RowCount_validation" time="2.174">
    <failure message="The following asserts failed:
	null" type="java.lang.AssertionError">
      <![CDATA[java.lang.AssertionError: The following asserts failed:
null
at org.testng.asserts.SoftAssert.assertAll(SoftAssert.java:47)
at org.testng.asserts.SoftAssert.assertAll(SoftAssert.java:31)
at testcases.RAW_DATAMART_CURATED.SnowFlake_RowCount_Master.validate_RowCount_API(SnowFlake_RowCount_Master.java:115)
at testcases.RAW_DATAMART_CURATED.SnowFlake_RowCount_Master.Testcase_RowCount_validation(SnowFlake_RowCount_Master.java:28)
at jdk.internal.reflect.GeneratedMethodAccessor13.invoke(Unknown Source)
at java.base/jdk.internal.reflect.DelegatingMethodAccessorImpl.invoke(DelegatingMethodAccessorImpl.java:43)
at java.base/java.lang.reflect.Method.invoke(Method.java:568)
at org.testng.internal.MethodInvocationHelper.invokeMethod(MethodInvocationHelper.java:133)
at org.testng.internal.TestInvoker.invokeMethod(TestInvoker.java:598)
at org.testng.internal.TestInvoker.invokeTestMethod(TestInvoker.java:173)
at org.testng.internal.MethodRunner.runInSequence(MethodRunner.java:46)
at org.testng.internal.TestInvoker$MethodInvocationAgent.invoke(TestInvoker.java:824)
at org.testng.internal.TestInvoker.invokeTestMethods(TestInvoker.java:146)
at org.testng.internal.TestMethodWorker.invokeTestMethods(TestMethodWorker.java:146)
at org.testng.internal.TestMethodWorker.run(TestMethodWorker.java:128)
at java.base/java.util.ArrayList.forEach(ArrayList.java:1511)
at org.testng.TestRunner.privateRun(TestRunner.java:794)
at org.testng.TestRunner.run(TestRunner.java:596)
at org.testng.SuiteRunner.runTest(SuiteRunner.java:377)
at org.testng.SuiteRunner.runSequentially(SuiteRunner.java:371)
at org.testng.SuiteRunner.privateRun(SuiteRunner.java:332)
at org.testng.SuiteRunner.run(SuiteRunner.java:276)
at org.testng.SuiteRunnerWorker.runSuite(SuiteRunnerWorker.java:53)
at org.testng.SuiteRunnerWorker.run(SuiteRunnerWorker.java:96)
at org.testng.TestNG.runSuitesSequentially(TestNG.java:1212)
at org.testng.TestNG.runSuitesLocally(TestNG.java:1134)
at org.testng.TestNG.runSuites(TestNG.java:1063)
at org.testng.TestNG.run(TestNG.java:1031)
at org.testng.remote.AbstractRemoteTestNG.run(AbstractRemoteTestNG.java:115)
at org.testng.remote.RemoteTestNG.initAndRun(RemoteTestNG.java:251)
at org.testng.remote.RemoteTestNG.main(RemoteTestNG.java:77)
]]>
    </failure>
  </testcase> <!-- Testcase_RowCount_validation -->
  <system-out>
    <![CDATA[Executing Snowflake query :: SELECT count(*) as TOTAL FROM DEV_ENT_RAW.API_MAT.ST_API_MATERIAL WHERE TENANT_NAME='MAITZ'
Table Count in Snowflake:: 10871
Executing Snowflake query :: select count(*) as TOTAL from CURATED_DATAMART.ST_API_MAITZ.STR_API_MATERIAL WHERE ACTIVE_FLAG='Y'
Table Count in Snowflake:: 10871
Executing Snowflake query :: select count(*) as TOTAL from DEV_ENT_CURATED.MASTER_DIMENSIONS.DIM_MATERIAL WHERE TENANT_TYPE='MAITZ' and RECORD_UPDATED_BY='API ETL'
Table Count in Snowflake:: 0
Row Count of Table MATERIAL is matched for APIMAT :: 10871 DataMart :: 10871
Executing Snowflake query :: select count(*) as TOTAL from DEV_ENT_CURATED.MASTER_DIMENSIONS.DIM_MATERIAL WHERE TENANT_TYPE='MAITZ' and RECORD_UPDATED_BY='Backup Table' AND ID in (select ID from CURATED_DATAMART.ST_API_MAITZ.STR_API_MATERIAL WHERE ACTIVE_FLAG='Y')
Table Count in Snowflake:: 10867
Row Count of Table MATERIAL is not matched for DataMart :: 10871 CURATED :: 10867]]>
  </system-out>
  <testcase classname="testcases.RAW_DATAMART_CURATED.SnowFlake_RowCount_Master" name="Testcase_RowCount_validation" time="1.854">
    <failure message="The following asserts failed:
	null" type="java.lang.AssertionError">
      <![CDATA[java.lang.AssertionError: The following asserts failed:
null
at org.testng.asserts.SoftAssert.assertAll(SoftAssert.java:47)
at org.testng.asserts.SoftAssert.assertAll(SoftAssert.java:31)
at testcases.RAW_DATAMART_CURATED.SnowFlake_RowCount_Master.validate_RowCount_BKP(SnowFlake_RowCount_Master.java:56)
at testcases.RAW_DATAMART_CURATED.SnowFlake_RowCount_Master.Testcase_RowCount_validation(SnowFlake_RowCount_Master.java:25)
at jdk.internal.reflect.GeneratedMethodAccessor13.invoke(Unknown Source)
at java.base/jdk.internal.reflect.DelegatingMethodAccessorImpl.invoke(DelegatingMethodAccessorImpl.java:43)
at java.base/java.lang.reflect.Method.invoke(Method.java:568)
at org.testng.internal.MethodInvocationHelper.invokeMethod(MethodInvocationHelper.java:133)
at org.testng.internal.TestInvoker.invokeMethod(TestInvoker.java:598)
at org.testng.internal.TestInvoker.invokeTestMethod(TestInvoker.java:173)
at org.testng.internal.MethodRunner.runInSequence(MethodRunner.java:46)
at org.testng.internal.TestInvoker$MethodInvocationAgent.invoke(TestInvoker.java:824)
at org.testng.internal.TestInvoker.invokeTestMethods(TestInvoker.java:146)
at org.testng.internal.TestMethodWorker.invokeTestMethods(TestMethodWorker.java:146)
at org.testng.internal.TestMethodWorker.run(TestMethodWorker.java:128)
at java.base/java.util.ArrayList.forEach(ArrayList.java:1511)
at org.testng.TestRunner.privateRun(TestRunner.java:794)
at org.testng.TestRunner.run(TestRunner.java:596)
at org.testng.SuiteRunner.runTest(SuiteRunner.java:377)
at org.testng.SuiteRunner.runSequentially(SuiteRunner.java:371)
at org.testng.SuiteRunner.privateRun(SuiteRunner.java:332)
at org.testng.SuiteRunner.run(SuiteRunner.java:276)
at org.testng.SuiteRunnerWorker.runSuite(SuiteRunnerWorker.java:53)
at org.testng.SuiteRunnerWorker.run(SuiteRunnerWorker.java:96)
at org.testng.TestNG.runSuitesSequentially(TestNG.java:1212)
at org.testng.TestNG.runSuitesLocally(TestNG.java:1134)
at org.testng.TestNG.runSuites(TestNG.java:1063)
at org.testng.TestNG.run(TestNG.java:1031)
at org.testng.remote.AbstractRemoteTestNG.run(AbstractRemoteTestNG.java:115)
at org.testng.remote.RemoteTestNG.initAndRun(RemoteTestNG.java:251)
at org.testng.remote.RemoteTestNG.main(RemoteTestNG.java:77)
]]>
    </failure>
  </testcase> <!-- Testcase_RowCount_validation -->
  <system-out>
    <![CDATA[Executing Snowflake query :: SELECT count(*) as TOTAL FROM DEV_ENT_RAW.ST_HUTCHINSON_MATILLION.JOBCOMPLETIONSURVEY
Table Count in Snowflake:: 5238
Executing Snowflake query :: select count(*) as TOTAL from CURATED_DATAMART.ST_BKP_HUTCHINSON.STR_JOBCOMPLETIONSURVEY Where ACTIVE_FLAG='Y'
Table Count in Snowflake:: 5156
Executing Snowflake query :: select count(*) as TOTAL from DEV_ENT_CURATED.MASTER_DIMENSIONS.DIM_JOBCOMPLETIONSURVEY where tenant_type='HUTCHINSON' and RECORD_UPDATED_BY='Backup Table'
Table Count in Snowflake:: 5156
Row Count of Table JOBCOMPLETIONSURVEY is not matched for RAW :: 5238 DataMart :: 5156 CURATED :: 5156]]>
  </system-out>
  <testcase classname="testcases.RAW_DATAMART_CURATED.SnowFlake_RowCount_Master" name="Testcase_RowCount_validation" time="1.747">
    <failure message="The following asserts failed:
	null" type="java.lang.AssertionError">
      <![CDATA[java.lang.AssertionError: The following asserts failed:
null
at org.testng.asserts.SoftAssert.assertAll(SoftAssert.java:47)
at org.testng.asserts.SoftAssert.assertAll(SoftAssert.java:31)
at testcases.RAW_DATAMART_CURATED.SnowFlake_RowCount_Master.validate_RowCount_BKP(SnowFlake_RowCount_Master.java:56)
at testcases.RAW_DATAMART_CURATED.SnowFlake_RowCount_Master.Testcase_RowCount_validation(SnowFlake_RowCount_Master.java:25)
at jdk.internal.reflect.GeneratedMethodAccessor13.invoke(Unknown Source)
at java.base/jdk.internal.reflect.DelegatingMethodAccessorImpl.invoke(DelegatingMethodAccessorImpl.java:43)
at java.base/java.lang.reflect.Method.invoke(Method.java:568)
at org.testng.internal.MethodInvocationHelper.invokeMethod(MethodInvocationHelper.java:133)
at org.testng.internal.TestInvoker.invokeMethod(TestInvoker.java:598)
at org.testng.internal.TestInvoker.invokeTestMethod(TestInvoker.java:173)
at org.testng.internal.MethodRunner.runInSequence(MethodRunner.java:46)
at org.testng.internal.TestInvoker$MethodInvocationAgent.invoke(TestInvoker.java:824)
at org.testng.internal.TestInvoker.invokeTestMethods(TestInvoker.java:146)
at org.testng.internal.TestMethodWorker.invokeTestMethods(TestMethodWorker.java:146)
at org.testng.internal.TestMethodWorker.run(TestMethodWorker.java:128)
at java.base/java.util.ArrayList.forEach(ArrayList.java:1511)
at org.testng.TestRunner.privateRun(TestRunner.java:794)
at org.testng.TestRunner.run(TestRunner.java:596)
at org.testng.SuiteRunner.runTest(SuiteRunner.java:377)
at org.testng.SuiteRunner.runSequentially(SuiteRunner.java:371)
at org.testng.SuiteRunner.privateRun(SuiteRunner.java:332)
at org.testng.SuiteRunner.run(SuiteRunner.java:276)
at org.testng.SuiteRunnerWorker.runSuite(SuiteRunnerWorker.java:53)
at org.testng.SuiteRunnerWorker.run(SuiteRunnerWorker.java:96)
at org.testng.TestNG.runSuitesSequentially(TestNG.java:1212)
at org.testng.TestNG.runSuitesLocally(TestNG.java:1134)
at org.testng.TestNG.runSuites(TestNG.java:1063)
at org.testng.TestNG.run(TestNG.java:1031)
at org.testng.remote.AbstractRemoteTestNG.run(AbstractRemoteTestNG.java:115)
at org.testng.remote.RemoteTestNG.initAndRun(RemoteTestNG.java:251)
at org.testng.remote.RemoteTestNG.main(RemoteTestNG.java:77)
]]>
    </failure>
  </testcase> <!-- Testcase_RowCount_validation -->
  <system-out>
    <![CDATA[Executing Snowflake query :: SELECT count(*) as TOTAL FROM DEV_ENT_RAW.ST_EANESHEATING_MATILLION.MATERIAL
Snowflake - SQLException at readDB() method :: SQL compilation error:
Object 'DEV_ENT_RAW.ST_EANESHEATING_MATILLION.MATERIAL' does not exist or not authorized.
Executing Snowflake query :: select count(*) as TOTAL from CURATED_DATAMART.ST_BKP_EANESHEATING.STR_MATERIAL Where ACTIVE_FLAG='Y'
Table Count in Snowflake:: 5871
Executing Snowflake query :: select count(*) as TOTAL from DEV_ENT_CURATED.MASTER_DIMENSIONS.DIM_MATERIAL where tenant_type='EANESHEATING' and RECORD_UPDATED_BY='Backup Table'
Table Count in Snowflake:: 22323
Row Count of Table MATERIAL is matched for RAW :: 0 DataMart :: 5871 CURATED :: 22323]]>
  </system-out>
  <testcase classname="testcases.RAW_DATAMART_CURATED.SnowFlake_RowCount_Master" name="Testcase_RowCount_validation" time="1.278"/>
  <system-out>
    <![CDATA[Executing Snowflake query :: SELECT count(*) as TOTAL FROM DEV_ENT_RAW.ST_HARP_MATILLION.ZONE
Table Count in Snowflake:: 20
Executing Snowflake query :: select count(*) as TOTAL from CURATED_DATAMART.ST_BKP_HARP.STR_ZONE Where ACTIVE_FLAG='Y'
Table Count in Snowflake:: 20
Executing Snowflake query :: select count(*) as TOTAL from DEV_ENT_CURATED.MASTER_DIMENSIONS.DIM_ZONE where tenant_type='HARP' and RECORD_UPDATED_BY='Backup Table'
Table Count in Snowflake:: 31
Row Count of Table ZONE is matched for RAW :: 20 DataMart :: 20 CURATED :: 31]]>
  </system-out>
  <testcase classname="testcases.RAW_DATAMART_CURATED.SnowFlake_RowCount_Master" name="Testcase_RowCount_validation" time="2.254">
    <failure message="The following asserts failed:
	null" type="java.lang.AssertionError">
      <![CDATA[java.lang.AssertionError: The following asserts failed:
null
at org.testng.asserts.SoftAssert.assertAll(SoftAssert.java:47)
at org.testng.asserts.SoftAssert.assertAll(SoftAssert.java:31)
at testcases.RAW_DATAMART_CURATED.SnowFlake_RowCount_Master.validate_RowCount_BKP(SnowFlake_RowCount_Master.java:56)
at testcases.RAW_DATAMART_CURATED.SnowFlake_RowCount_Master.Testcase_RowCount_validation(SnowFlake_RowCount_Master.java:25)
at jdk.internal.reflect.GeneratedMethodAccessor13.invoke(Unknown Source)
at java.base/jdk.internal.reflect.DelegatingMethodAccessorImpl.invoke(DelegatingMethodAccessorImpl.java:43)
at java.base/java.lang.reflect.Method.invoke(Method.java:568)
at org.testng.internal.MethodInvocationHelper.invokeMethod(MethodInvocationHelper.java:133)
at org.testng.internal.TestInvoker.invokeMethod(TestInvoker.java:598)
at org.testng.internal.TestInvoker.invokeTestMethod(TestInvoker.java:173)
at org.testng.internal.MethodRunner.runInSequence(MethodRunner.java:46)
at org.testng.internal.TestInvoker$MethodInvocationAgent.invoke(TestInvoker.java:824)
at org.testng.internal.TestInvoker.invokeTestMethods(TestInvoker.java:146)
at org.testng.internal.TestMethodWorker.invokeTestMethods(TestMethodWorker.java:146)
at org.testng.internal.TestMethodWorker.run(TestMethodWorker.java:128)
at java.base/java.util.ArrayList.forEach(ArrayList.java:1511)
at org.testng.TestRunner.privateRun(TestRunner.java:794)
at org.testng.TestRunner.run(TestRunner.java:596)
at org.testng.SuiteRunner.runTest(SuiteRunner.java:377)
at org.testng.SuiteRunner.runSequentially(SuiteRunner.java:371)
at org.testng.SuiteRunner.privateRun(SuiteRunner.java:332)
at org.testng.SuiteRunner.run(SuiteRunner.java:276)
at org.testng.SuiteRunnerWorker.runSuite(SuiteRunnerWorker.java:53)
at org.testng.SuiteRunnerWorker.run(SuiteRunnerWorker.java:96)
at org.testng.TestNG.runSuitesSequentially(TestNG.java:1212)
at org.testng.TestNG.runSuitesLocally(TestNG.java:1134)
at org.testng.TestNG.runSuites(TestNG.java:1063)
at org.testng.TestNG.run(TestNG.java:1031)
at org.testng.remote.AbstractRemoteTestNG.run(AbstractRemoteTestNG.java:115)
at org.testng.remote.RemoteTestNG.initAndRun(RemoteTestNG.java:251)
at org.testng.remote.RemoteTestNG.main(RemoteTestNG.java:77)
]]>
    </failure>
  </testcase> <!-- Testcase_RowCount_validation -->
  <system-out>
    <![CDATA[Executing Snowflake query :: SELECT count(*) as TOTAL FROM DEV_ENT_RAW.ST_MAITZ_MATILLION.GROSSPAYITEM
Table Count in Snowflake:: 44045
Executing Snowflake query :: select count(*) as TOTAL from CURATED_DATAMART.ST_BKP_MAITZ.STR_GROSSPAYITEM Where ACTIVE_FLAG='Y'
Table Count in Snowflake:: 43700
Executing Snowflake query :: select count(*) as TOTAL from DEV_ENT_CURATED.MASTER_DIMENSIONS.DIM_GROSSPAYITEM where tenant_type='MAITZ' and RECORD_UPDATED_BY='Backup Table'
Table Count in Snowflake:: 43700
Row Count of Table GROSSPAYITEM is not matched for RAW :: 44045 DataMart :: 43700 CURATED :: 43700]]>
  </system-out>
  <testcase classname="testcases.RAW_DATAMART_CURATED.SnowFlake_RowCount_Master" name="Testcase_RowCount_validation" time="1.638">
    <failure message="The following asserts failed:
	null,
	null" type="java.lang.AssertionError">
      <![CDATA[java.lang.AssertionError: The following asserts failed:
null,
null
at org.testng.asserts.SoftAssert.assertAll(SoftAssert.java:47)
at org.testng.asserts.SoftAssert.assertAll(SoftAssert.java:31)
at testcases.RAW_DATAMART_CURATED.SnowFlake_RowCount_Master.validate_RowCount_BKP(SnowFlake_RowCount_Master.java:56)
at testcases.RAW_DATAMART_CURATED.SnowFlake_RowCount_Master.Testcase_RowCount_validation(SnowFlake_RowCount_Master.java:25)
at java.base/jdk.internal.reflect.NativeMethodAccessorImpl.invoke0(Native Method)
at java.base/jdk.internal.reflect.NativeMethodAccessorImpl.invoke(NativeMethodAccessorImpl.java:77)
at java.base/jdk.internal.reflect.DelegatingMethodAccessorImpl.invoke(DelegatingMethodAccessorImpl.java:43)
at java.base/java.lang.reflect.Method.invoke(Method.java:568)
at org.testng.internal.MethodInvocationHelper.invokeMethod(MethodInvocationHelper.java:133)
at org.testng.internal.TestInvoker.invokeMethod(TestInvoker.java:598)
at org.testng.internal.TestInvoker.invokeTestMethod(TestInvoker.java:173)
at org.testng.internal.MethodRunner.runInSequence(MethodRunner.java:46)
at org.testng.internal.TestInvoker$MethodInvocationAgent.invoke(TestInvoker.java:824)
at org.testng.internal.TestInvoker.invokeTestMethods(TestInvoker.java:146)
at org.testng.internal.TestMethodWorker.invokeTestMethods(TestMethodWorker.java:146)
at org.testng.internal.TestMethodWorker.run(TestMethodWorker.java:128)
at java.base/java.util.ArrayList.forEach(ArrayList.java:1511)
at org.testng.TestRunner.privateRun(TestRunner.java:794)
at org.testng.TestRunner.run(TestRunner.java:596)
at org.testng.SuiteRunner.runTest(SuiteRunner.java:377)
at org.testng.SuiteRunner.runSequentially(SuiteRunner.java:371)
at org.testng.SuiteRunner.privateRun(SuiteRunner.java:332)
at org.testng.SuiteRunner.run(SuiteRunner.java:276)
at org.testng.SuiteRunnerWorker.runSuite(SuiteRunnerWorker.java:53)
at org.testng.SuiteRunnerWorker.run(SuiteRunnerWorker.java:96)
at org.testng.TestNG.runSuitesSequentially(TestNG.java:1212)
at org.testng.TestNG.runSuitesLocally(TestNG.java:1134)
at org.testng.TestNG.runSuites(TestNG.java:1063)
at org.testng.TestNG.run(TestNG.java:1031)
at org.testng.remote.AbstractRemoteTestNG.run(AbstractRemoteTestNG.java:115)
at org.testng.remote.RemoteTestNG.initAndRun(RemoteTestNG.java:251)
at org.testng.remote.RemoteTestNG.main(RemoteTestNG.java:77)
]]>
    </failure>
  </testcase> <!-- Testcase_RowCount_validation -->
  <system-out>
    <![CDATA[Executing Snowflake query :: SELECT count(*) as TOTAL FROM DEV_ENT_RAW.ST_CASTEEL_MATILLION.TECHNICIANPAYROLL
Table Count in Snowflake:: 27305
Executing Snowflake query :: select count(*) as TOTAL from CURATED_DATAMART.ST_BKP_CASTEEL.STR_TECHNICIANPAYROLL Where ACTIVE_FLAG='Y'
Table Count in Snowflake:: 27305
Executing Snowflake query :: select count(*) as TOTAL from DEV_ENT_CURATED.MASTER_DIMENSIONS.DIM_TECHNICIANPAYROLL where tenant_type='CASTEEL' and RECORD_UPDATED_BY='Backup Table'
Snowflake - SQLException at readDB() method :: SQL compilation error: error line 1 at position 118
invalid identifier 'RECORD_UPDATED_BY'
Row Count of Table TECHNICIANPAYROLL is not matched for RAW :: 27305 DataMart :: 27305 CURATED :: 0]]>
  </system-out>
  <testcase classname="testcases.RAW_DATAMART_CURATED.SnowFlake_RowCount_Master" name="Testcase_RowCount_validation" time="1.945">
    <failure message="The following asserts failed:
	null" type="java.lang.AssertionError">
      <![CDATA[java.lang.AssertionError: The following asserts failed:
null
at org.testng.asserts.SoftAssert.assertAll(SoftAssert.java:47)
at org.testng.asserts.SoftAssert.assertAll(SoftAssert.java:31)
at testcases.RAW_DATAMART_CURATED.SnowFlake_RowCount_Master.validate_RowCount_API(SnowFlake_RowCount_Master.java:115)
at testcases.RAW_DATAMART_CURATED.SnowFlake_RowCount_Master.Testcase_RowCount_validation(SnowFlake_RowCount_Master.java:28)
at jdk.internal.reflect.GeneratedMethodAccessor13.invoke(Unknown Source)
at java.base/jdk.internal.reflect.DelegatingMethodAccessorImpl.invoke(DelegatingMethodAccessorImpl.java:43)
at java.base/java.lang.reflect.Method.invoke(Method.java:568)
at org.testng.internal.MethodInvocationHelper.invokeMethod(MethodInvocationHelper.java:133)
at org.testng.internal.TestInvoker.invokeMethod(TestInvoker.java:598)
at org.testng.internal.TestInvoker.invokeTestMethod(TestInvoker.java:173)
at org.testng.internal.MethodRunner.runInSequence(MethodRunner.java:46)
at org.testng.internal.TestInvoker$MethodInvocationAgent.invoke(TestInvoker.java:824)
at org.testng.internal.TestInvoker.invokeTestMethods(TestInvoker.java:146)
at org.testng.internal.TestMethodWorker.invokeTestMethods(TestMethodWorker.java:146)
at org.testng.internal.TestMethodWorker.run(TestMethodWorker.java:128)
at java.base/java.util.ArrayList.forEach(ArrayList.java:1511)
at org.testng.TestRunner.privateRun(TestRunner.java:794)
at org.testng.TestRunner.run(TestRunner.java:596)
at org.testng.SuiteRunner.runTest(SuiteRunner.java:377)
at org.testng.SuiteRunner.runSequentially(SuiteRunner.java:371)
at org.testng.SuiteRunner.privateRun(SuiteRunner.java:332)
at org.testng.SuiteRunner.run(SuiteRunner.java:276)
at org.testng.SuiteRunnerWorker.runSuite(SuiteRunnerWorker.java:53)
at org.testng.SuiteRunnerWorker.run(SuiteRunnerWorker.java:96)
at org.testng.TestNG.runSuitesSequentially(TestNG.java:1212)
at org.testng.TestNG.runSuitesLocally(TestNG.java:1134)
at org.testng.TestNG.runSuites(TestNG.java:1063)
at org.testng.TestNG.run(TestNG.java:1031)
at org.testng.remote.AbstractRemoteTestNG.run(AbstractRemoteTestNG.java:115)
at org.testng.remote.RemoteTestNG.initAndRun(RemoteTestNG.java:251)
at org.testng.remote.RemoteTestNG.main(RemoteTestNG.java:77)
]]>
    </failure>
  </testcase> <!-- Testcase_RowCount_validation -->
  <system-out>
    <![CDATA[Executing Snowflake query :: SELECT count(*) as TOTAL FROM DEV_ENT_RAW.API_MAT.ST_API_ESTIMATEITEM WHERE TENANT_NAME='HUTCHINSON'
Table Count in Snowflake:: 3987
Executing Snowflake query :: select count(*) as TOTAL from CURATED_DATAMART.ST_API_HUTCHINSON.STR_API_ESTIMATEITEM WHERE ACTIVE_FLAG='Y'
Table Count in Snowflake:: 3363
Executing Snowflake query :: select count(*) as TOTAL from DEV_ENT_CURATED.MASTER_DIMENSIONS.DIM_ESTIMATEITEM WHERE TENANT_TYPE='HUTCHINSON' and RECORD_UPDATED_BY='API ETL'
Table Count in Snowflake:: 3363
Row Count of Table ESTIMATEITEM is not matched for APIMAT :: 3987 DataMart :: 3363
Row Count of Table ESTIMATEITEM is matched for DataMart :: 3363 CURATED :: 3363]]>
  </system-out>
  <testcase classname="testcases.RAW_DATAMART_CURATED.SnowFlake_RowCount_Master" name="Testcase_RowCount_validation" time="1.637">
    <failure message="The following asserts failed:
	null" type="java.lang.AssertionError">
      <![CDATA[java.lang.AssertionError: The following asserts failed:
null
at org.testng.asserts.SoftAssert.assertAll(SoftAssert.java:47)
at org.testng.asserts.SoftAssert.assertAll(SoftAssert.java:31)
at testcases.RAW_DATAMART_CURATED.SnowFlake_RowCount_Master.validate_RowCount_BKP(SnowFlake_RowCount_Master.java:56)
at testcases.RAW_DATAMART_CURATED.SnowFlake_RowCount_Master.Testcase_RowCount_validation(SnowFlake_RowCount_Master.java:25)
at jdk.internal.reflect.GeneratedMethodAccessor13.invoke(Unknown Source)
at java.base/jdk.internal.reflect.DelegatingMethodAccessorImpl.invoke(DelegatingMethodAccessorImpl.java:43)
at java.base/java.lang.reflect.Method.invoke(Method.java:568)
at org.testng.internal.MethodInvocationHelper.invokeMethod(MethodInvocationHelper.java:133)
at org.testng.internal.TestInvoker.invokeMethod(TestInvoker.java:598)
at org.testng.internal.TestInvoker.invokeTestMethod(TestInvoker.java:173)
at org.testng.internal.MethodRunner.runInSequence(MethodRunner.java:46)
at org.testng.internal.TestInvoker$MethodInvocationAgent.invoke(TestInvoker.java:824)
at org.testng.internal.TestInvoker.invokeTestMethods(TestInvoker.java:146)
at org.testng.internal.TestMethodWorker.invokeTestMethods(TestMethodWorker.java:146)
at org.testng.internal.TestMethodWorker.run(TestMethodWorker.java:128)
at java.base/java.util.ArrayList.forEach(ArrayList.java:1511)
at org.testng.TestRunner.privateRun(TestRunner.java:794)
at org.testng.TestRunner.run(TestRunner.java:596)
at org.testng.SuiteRunner.runTest(SuiteRunner.java:377)
at org.testng.SuiteRunner.runSequentially(SuiteRunner.java:371)
at org.testng.SuiteRunner.privateRun(SuiteRunner.java:332)
at org.testng.SuiteRunner.run(SuiteRunner.java:276)
at org.testng.SuiteRunnerWorker.runSuite(SuiteRunnerWorker.java:53)
at org.testng.SuiteRunnerWorker.run(SuiteRunnerWorker.java:96)
at org.testng.TestNG.runSuitesSequentially(TestNG.java:1212)
at org.testng.TestNG.runSuitesLocally(TestNG.java:1134)
at org.testng.TestNG.runSuites(TestNG.java:1063)
at org.testng.TestNG.run(TestNG.java:1031)
at org.testng.remote.AbstractRemoteTestNG.run(AbstractRemoteTestNG.java:115)
at org.testng.remote.RemoteTestNG.initAndRun(RemoteTestNG.java:251)
at org.testng.remote.RemoteTestNG.main(RemoteTestNG.java:77)
]]>
    </failure>
  </testcase> <!-- Testcase_RowCount_validation -->
  <system-out>
    <![CDATA[Executing Snowflake query :: SELECT count(*) as TOTAL FROM DEV_ENT_RAW.ST_MAITZ_MATILLION.PROJECT
Table Count in Snowflake:: 2084
Executing Snowflake query :: select count(*) as TOTAL from CURATED_DATAMART.ST_BKP_MAITZ.STR_PROJECT Where ACTIVE_FLAG='Y'
Table Count in Snowflake:: 2113
Executing Snowflake query :: select count(*) as TOTAL from DEV_ENT_CURATED.MASTER_DIMENSIONS.DIM_PROJECT where tenant_type='MAITZ' and RECORD_UPDATED_BY='Backup Table'
Table Count in Snowflake:: 2085
Row Count of Table PROJECT is not matched for RAW :: 2084 DataMart :: 2113 CURATED :: 2085]]>
  </system-out>
  <testcase classname="testcases.RAW_DATAMART_CURATED.SnowFlake_RowCount_Master" name="Testcase_RowCount_validation" time="1.540">
    <failure message="The following asserts failed:
	null,
	null" type="java.lang.AssertionError">
      <![CDATA[java.lang.AssertionError: The following asserts failed:
null,
null
at org.testng.asserts.SoftAssert.assertAll(SoftAssert.java:47)
at org.testng.asserts.SoftAssert.assertAll(SoftAssert.java:31)
at testcases.RAW_DATAMART_CURATED.SnowFlake_RowCount_Master.validate_RowCount_BKP(SnowFlake_RowCount_Master.java:56)
at testcases.RAW_DATAMART_CURATED.SnowFlake_RowCount_Master.Testcase_RowCount_validation(SnowFlake_RowCount_Master.java:25)
at jdk.internal.reflect.GeneratedMethodAccessor13.invoke(Unknown Source)
at java.base/jdk.internal.reflect.DelegatingMethodAccessorImpl.invoke(DelegatingMethodAccessorImpl.java:43)
at java.base/java.lang.reflect.Method.invoke(Method.java:568)
at org.testng.internal.MethodInvocationHelper.invokeMethod(MethodInvocationHelper.java:133)
at org.testng.internal.TestInvoker.invokeMethod(TestInvoker.java:598)
at org.testng.internal.TestInvoker.invokeTestMethod(TestInvoker.java:173)
at org.testng.internal.MethodRunner.runInSequence(MethodRunner.java:46)
at org.testng.internal.TestInvoker$MethodInvocationAgent.invoke(TestInvoker.java:824)
at org.testng.internal.TestInvoker.invokeTestMethods(TestInvoker.java:146)
at org.testng.internal.TestMethodWorker.invokeTestMethods(TestMethodWorker.java:146)
at org.testng.internal.TestMethodWorker.run(TestMethodWorker.java:128)
at java.base/java.util.ArrayList.forEach(ArrayList.java:1511)
at org.testng.TestRunner.privateRun(TestRunner.java:794)
at org.testng.TestRunner.run(TestRunner.java:596)
at org.testng.SuiteRunner.runTest(SuiteRunner.java:377)
at org.testng.SuiteRunner.runSequentially(SuiteRunner.java:371)
at org.testng.SuiteRunner.privateRun(SuiteRunner.java:332)
at org.testng.SuiteRunner.run(SuiteRunner.java:276)
at org.testng.SuiteRunnerWorker.runSuite(SuiteRunnerWorker.java:53)
at org.testng.SuiteRunnerWorker.run(SuiteRunnerWorker.java:96)
at org.testng.TestNG.runSuitesSequentially(TestNG.java:1212)
at org.testng.TestNG.runSuitesLocally(TestNG.java:1134)
at org.testng.TestNG.runSuites(TestNG.java:1063)
at org.testng.TestNG.run(TestNG.java:1031)
at org.testng.remote.AbstractRemoteTestNG.run(AbstractRemoteTestNG.java:115)
at org.testng.remote.RemoteTestNG.initAndRun(RemoteTestNG.java:251)
at org.testng.remote.RemoteTestNG.main(RemoteTestNG.java:77)
]]>
    </failure>
  </testcase> <!-- Testcase_RowCount_validation -->
  <system-out>
    <![CDATA[Executing Snowflake query :: SELECT count(*) as TOTAL FROM DEV_ENT_RAW.ST_EANESHEATING_MATILLION.TECHNICIANPAYROLL
Snowflake - SQLException at readDB() method :: SQL compilation error:
Object 'DEV_ENT_RAW.ST_EANESHEATING_MATILLION.TECHNICIANPAYROLL' does not exist or not authorized.
Executing Snowflake query :: select count(*) as TOTAL from CURATED_DATAMART.ST_BKP_EANESHEATING.STR_TECHNICIANPAYROLL Where ACTIVE_FLAG='Y'
Table Count in Snowflake:: 0
Executing Snowflake query :: select count(*) as TOTAL from DEV_ENT_CURATED.MASTER_DIMENSIONS.DIM_TECHNICIANPAYROLL where tenant_type='EANESHEATING' and RECORD_UPDATED_BY='Backup Table'
Snowflake - SQLException at readDB() method :: SQL compilation error: error line 1 at position 123
invalid identifier 'RECORD_UPDATED_BY'
Row Count of Table TECHNICIANPAYROLL is matched for RAW :: 0 DataMart :: 0 CURATED :: 0]]>
  </system-out>
  <testcase classname="testcases.RAW_DATAMART_CURATED.SnowFlake_RowCount_Master" name="Testcase_RowCount_validation" time="1.583">
    <failure message="The following asserts failed:
	null" type="java.lang.AssertionError">
      <![CDATA[java.lang.AssertionError: The following asserts failed:
null
at org.testng.asserts.SoftAssert.assertAll(SoftAssert.java:47)
at org.testng.asserts.SoftAssert.assertAll(SoftAssert.java:31)
at testcases.RAW_DATAMART_CURATED.SnowFlake_RowCount_Master.validate_RowCount_BKP(SnowFlake_RowCount_Master.java:56)
at testcases.RAW_DATAMART_CURATED.SnowFlake_RowCount_Master.Testcase_RowCount_validation(SnowFlake_RowCount_Master.java:25)
at jdk.internal.reflect.GeneratedMethodAccessor13.invoke(Unknown Source)
at java.base/jdk.internal.reflect.DelegatingMethodAccessorImpl.invoke(DelegatingMethodAccessorImpl.java:43)
at java.base/java.lang.reflect.Method.invoke(Method.java:568)
at org.testng.internal.MethodInvocationHelper.invokeMethod(MethodInvocationHelper.java:133)
at org.testng.internal.TestInvoker.invokeMethod(TestInvoker.java:598)
at org.testng.internal.TestInvoker.invokeTestMethod(TestInvoker.java:173)
at org.testng.internal.MethodRunner.runInSequence(MethodRunner.java:46)
at org.testng.internal.TestInvoker$MethodInvocationAgent.invoke(TestInvoker.java:824)
at org.testng.internal.TestInvoker.invokeTestMethods(TestInvoker.java:146)
at org.testng.internal.TestMethodWorker.invokeTestMethods(TestMethodWorker.java:146)
at org.testng.internal.TestMethodWorker.run(TestMethodWorker.java:128)
at java.base/java.util.ArrayList.forEach(ArrayList.java:1511)
at org.testng.TestRunner.privateRun(TestRunner.java:794)
at org.testng.TestRunner.run(TestRunner.java:596)
at org.testng.SuiteRunner.runTest(SuiteRunner.java:377)
at org.testng.SuiteRunner.runSequentially(SuiteRunner.java:371)
at org.testng.SuiteRunner.privateRun(SuiteRunner.java:332)
at org.testng.SuiteRunner.run(SuiteRunner.java:276)
at org.testng.SuiteRunnerWorker.runSuite(SuiteRunnerWorker.java:53)
at org.testng.SuiteRunnerWorker.run(SuiteRunnerWorker.java:96)
at org.testng.TestNG.runSuitesSequentially(TestNG.java:1212)
at org.testng.TestNG.runSuitesLocally(TestNG.java:1134)
at org.testng.TestNG.runSuites(TestNG.java:1063)
at org.testng.TestNG.run(TestNG.java:1031)
at org.testng.remote.AbstractRemoteTestNG.run(AbstractRemoteTestNG.java:115)
at org.testng.remote.RemoteTestNG.initAndRun(RemoteTestNG.java:251)
at org.testng.remote.RemoteTestNG.main(RemoteTestNG.java:77)
]]>
    </failure>
  </testcase> <!-- Testcase_RowCount_validation -->
  <system-out>
    <![CDATA[Executing Snowflake query :: SELECT count(*) as TOTAL FROM DEV_ENT_RAW.ST_HDAIR_MATILLION.DIVISION
Snowflake - SQLException at readDB() method :: SQL compilation error:
Object 'DEV_ENT_RAW.ST_HDAIR_MATILLION.DIVISION' does not exist or not authorized.
Executing Snowflake query :: select count(*) as TOTAL from CURATED_DATAMART.ST_BKP_HDAIR.STR_DIVISION Where ACTIVE_FLAG='Y'
Table Count in Snowflake:: 7
Executing Snowflake query :: select count(*) as TOTAL from DEV_ENT_CURATED.MASTER_DIMENSIONS.DIM_DIVISION where tenant_type='HDAIR' and RECORD_UPDATED_BY='Backup Table'
Table Count in Snowflake:: 7
Row Count of Table DIVISION is matched for RAW :: 0 DataMart :: 7 CURATED :: 7]]>
  </system-out>
  <testcase classname="testcases.RAW_DATAMART_CURATED.SnowFlake_RowCount_Master" name="Testcase_RowCount_validation" time="2.355">
    <failure message="The following asserts failed:
	null" type="java.lang.AssertionError">
      <![CDATA[java.lang.AssertionError: The following asserts failed:
null
at org.testng.asserts.SoftAssert.assertAll(SoftAssert.java:47)
at org.testng.asserts.SoftAssert.assertAll(SoftAssert.java:31)
at testcases.RAW_DATAMART_CURATED.SnowFlake_RowCount_Master.validate_RowCount_BKP(SnowFlake_RowCount_Master.java:56)
at testcases.RAW_DATAMART_CURATED.SnowFlake_RowCount_Master.Testcase_RowCount_validation(SnowFlake_RowCount_Master.java:25)
at jdk.internal.reflect.GeneratedMethodAccessor13.invoke(Unknown Source)
at java.base/jdk.internal.reflect.DelegatingMethodAccessorImpl.invoke(DelegatingMethodAccessorImpl.java:43)
at java.base/java.lang.reflect.Method.invoke(Method.java:568)
at org.testng.internal.MethodInvocationHelper.invokeMethod(MethodInvocationHelper.java:133)
at org.testng.internal.TestInvoker.invokeMethod(TestInvoker.java:598)
at org.testng.internal.TestInvoker.invokeTestMethod(TestInvoker.java:173)
at org.testng.internal.MethodRunner.runInSequence(MethodRunner.java:46)
at org.testng.internal.TestInvoker$MethodInvocationAgent.invoke(TestInvoker.java:824)
at org.testng.internal.TestInvoker.invokeTestMethods(TestInvoker.java:146)
at org.testng.internal.TestMethodWorker.invokeTestMethods(TestMethodWorker.java:146)
at org.testng.internal.TestMethodWorker.run(TestMethodWorker.java:128)
at java.base/java.util.ArrayList.forEach(ArrayList.java:1511)
at org.testng.TestRunner.privateRun(TestRunner.java:794)
at org.testng.TestRunner.run(TestRunner.java:596)
at org.testng.SuiteRunner.runTest(SuiteRunner.java:377)
at org.testng.SuiteRunner.runSequentially(SuiteRunner.java:371)
at org.testng.SuiteRunner.privateRun(SuiteRunner.java:332)
at org.testng.SuiteRunner.run(SuiteRunner.java:276)
at org.testng.SuiteRunnerWorker.runSuite(SuiteRunnerWorker.java:53)
at org.testng.SuiteRunnerWorker.run(SuiteRunnerWorker.java:96)
at org.testng.TestNG.runSuitesSequentially(TestNG.java:1212)
at org.testng.TestNG.runSuitesLocally(TestNG.java:1134)
at org.testng.TestNG.runSuites(TestNG.java:1063)
at org.testng.TestNG.run(TestNG.java:1031)
at org.testng.remote.AbstractRemoteTestNG.run(AbstractRemoteTestNG.java:115)
at org.testng.remote.RemoteTestNG.initAndRun(RemoteTestNG.java:251)
at org.testng.remote.RemoteTestNG.main(RemoteTestNG.java:77)
]]>
    </failure>
  </testcase> <!-- Testcase_RowCount_validation -->
  <system-out>
    <![CDATA[Executing Snowflake query :: SELECT count(*) as TOTAL FROM DEV_ENT_RAW.ST_HDAIR_MATILLION.JOBCOMPLETIONSURVEY
Snowflake - SQLException at readDB() method :: SQL compilation error:
Object 'DEV_ENT_RAW.ST_HDAIR_MATILLION.JOBCOMPLETIONSURVEY' does not exist or not authorized.
Executing Snowflake query :: select count(*) as TOTAL from CURATED_DATAMART.ST_BKP_HDAIR.STR_JOBCOMPLETIONSURVEY Where ACTIVE_FLAG='Y'
Table Count in Snowflake:: 5643
Executing Snowflake query :: select count(*) as TOTAL from DEV_ENT_CURATED.MASTER_DIMENSIONS.DIM_JOBCOMPLETIONSURVEY where tenant_type='HDAIR' and RECORD_UPDATED_BY='Backup Table'
Table Count in Snowflake:: 5643
Row Count of Table JOBCOMPLETIONSURVEY is matched for RAW :: 0 DataMart :: 5643 CURATED :: 5643]]>
  </system-out>
  <testcase classname="testcases.RAW_DATAMART_CURATED.SnowFlake_RowCount_Master" name="Testcase_RowCount_validation" time="2.502">
    <failure message="The following asserts failed:
	null" type="java.lang.AssertionError">
      <![CDATA[java.lang.AssertionError: The following asserts failed:
null
at org.testng.asserts.SoftAssert.assertAll(SoftAssert.java:47)
at org.testng.asserts.SoftAssert.assertAll(SoftAssert.java:31)
at testcases.RAW_DATAMART_CURATED.SnowFlake_RowCount_Master.validate_RowCount_BKP(SnowFlake_RowCount_Master.java:56)
at testcases.RAW_DATAMART_CURATED.SnowFlake_RowCount_Master.Testcase_RowCount_validation(SnowFlake_RowCount_Master.java:25)
at jdk.internal.reflect.GeneratedMethodAccessor13.invoke(Unknown Source)
at java.base/jdk.internal.reflect.DelegatingMethodAccessorImpl.invoke(DelegatingMethodAccessorImpl.java:43)
at java.base/java.lang.reflect.Method.invoke(Method.java:568)
at org.testng.internal.MethodInvocationHelper.invokeMethod(MethodInvocationHelper.java:133)
at org.testng.internal.TestInvoker.invokeMethod(TestInvoker.java:598)
at org.testng.internal.TestInvoker.invokeTestMethod(TestInvoker.java:173)
at org.testng.internal.MethodRunner.runInSequence(MethodRunner.java:46)
at org.testng.internal.TestInvoker$MethodInvocationAgent.invoke(TestInvoker.java:824)
at org.testng.internal.TestInvoker.invokeTestMethods(TestInvoker.java:146)
at org.testng.internal.TestMethodWorker.invokeTestMethods(TestMethodWorker.java:146)
at org.testng.internal.TestMethodWorker.run(TestMethodWorker.java:128)
at java.base/java.util.ArrayList.forEach(ArrayList.java:1511)
at org.testng.TestRunner.privateRun(TestRunner.java:794)
at org.testng.TestRunner.run(TestRunner.java:596)
at org.testng.SuiteRunner.runTest(SuiteRunner.java:377)
at org.testng.SuiteRunner.runSequentially(SuiteRunner.java:371)
at org.testng.SuiteRunner.privateRun(SuiteRunner.java:332)
at org.testng.SuiteRunner.run(SuiteRunner.java:276)
at org.testng.SuiteRunnerWorker.runSuite(SuiteRunnerWorker.java:53)
at org.testng.SuiteRunnerWorker.run(SuiteRunnerWorker.java:96)
at org.testng.TestNG.runSuitesSequentially(TestNG.java:1212)
at org.testng.TestNG.runSuitesLocally(TestNG.java:1134)
at org.testng.TestNG.runSuites(TestNG.java:1063)
at org.testng.TestNG.run(TestNG.java:1031)
at org.testng.remote.AbstractRemoteTestNG.run(AbstractRemoteTestNG.java:115)
at org.testng.remote.RemoteTestNG.initAndRun(RemoteTestNG.java:251)
at org.testng.remote.RemoteTestNG.main(RemoteTestNG.java:77)
]]>
    </failure>
  </testcase> <!-- Testcase_RowCount_validation -->
  <system-out>
    <![CDATA[Executing Snowflake query :: SELECT count(*) as TOTAL FROM DEV_ENT_RAW.ST_HORIZONSERVICES_MATILLION.MATERIALVENDOR
Table Count in Snowflake:: 1164991
Executing Snowflake query :: select count(*) as TOTAL from CURATED_DATAMART.ST_BKP_HORIZONSERVICES.STR_MATERIALVENDOR Where ACTIVE_FLAG='Y'
Table Count in Snowflake:: 1160817
Executing Snowflake query :: select count(*) as TOTAL from DEV_ENT_CURATED.MASTER_DIMENSIONS.DIM_MATERIALVENDOR where tenant_type='HORIZONSERVICES' and RECORD_UPDATED_BY='Backup Table'
Table Count in Snowflake:: 1136146
Row Count of Table MATERIALVENDOR is not matched for RAW :: 1164991 DataMart :: 1160817 CURATED :: 1136146]]>
  </system-out>
  <testcase classname="testcases.RAW_DATAMART_CURATED.SnowFlake_RowCount_Master" name="Testcase_RowCount_validation" time="1.535">
    <failure message="The following asserts failed:
	null" type="java.lang.AssertionError">
      <![CDATA[java.lang.AssertionError: The following asserts failed:
null
at org.testng.asserts.SoftAssert.assertAll(SoftAssert.java:47)
at org.testng.asserts.SoftAssert.assertAll(SoftAssert.java:31)
at testcases.RAW_DATAMART_CURATED.SnowFlake_RowCount_Master.validate_RowCount_BKP(SnowFlake_RowCount_Master.java:56)
at testcases.RAW_DATAMART_CURATED.SnowFlake_RowCount_Master.Testcase_RowCount_validation(SnowFlake_RowCount_Master.java:25)
at jdk.internal.reflect.GeneratedMethodAccessor13.invoke(Unknown Source)
at java.base/jdk.internal.reflect.DelegatingMethodAccessorImpl.invoke(DelegatingMethodAccessorImpl.java:43)
at java.base/java.lang.reflect.Method.invoke(Method.java:568)
at org.testng.internal.MethodInvocationHelper.invokeMethod(MethodInvocationHelper.java:133)
at org.testng.internal.TestInvoker.invokeMethod(TestInvoker.java:598)
at org.testng.internal.TestInvoker.invokeTestMethod(TestInvoker.java:173)
at org.testng.internal.MethodRunner.runInSequence(MethodRunner.java:46)
at org.testng.internal.TestInvoker$MethodInvocationAgent.invoke(TestInvoker.java:824)
at org.testng.internal.TestInvoker.invokeTestMethods(TestInvoker.java:146)
at org.testng.internal.TestMethodWorker.invokeTestMethods(TestMethodWorker.java:146)
at org.testng.internal.TestMethodWorker.run(TestMethodWorker.java:128)
at java.base/java.util.ArrayList.forEach(ArrayList.java:1511)
at org.testng.TestRunner.privateRun(TestRunner.java:794)
at org.testng.TestRunner.run(TestRunner.java:596)
at org.testng.SuiteRunner.runTest(SuiteRunner.java:377)
at org.testng.SuiteRunner.runSequentially(SuiteRunner.java:371)
at org.testng.SuiteRunner.privateRun(SuiteRunner.java:332)
at org.testng.SuiteRunner.run(SuiteRunner.java:276)
at org.testng.SuiteRunnerWorker.runSuite(SuiteRunnerWorker.java:53)
at org.testng.SuiteRunnerWorker.run(SuiteRunnerWorker.java:96)
at org.testng.TestNG.runSuitesSequentially(TestNG.java:1212)
at org.testng.TestNG.runSuitesLocally(TestNG.java:1134)
at org.testng.TestNG.runSuites(TestNG.java:1063)
at org.testng.TestNG.run(TestNG.java:1031)
at org.testng.remote.AbstractRemoteTestNG.run(AbstractRemoteTestNG.java:115)
at org.testng.remote.RemoteTestNG.initAndRun(RemoteTestNG.java:251)
at org.testng.remote.RemoteTestNG.main(RemoteTestNG.java:77)
]]>
    </failure>
  </testcase> <!-- Testcase_RowCount_validation -->
  <system-out>
    <![CDATA[Executing Snowflake query :: SELECT count(*) as TOTAL FROM DEV_ENT_RAW.ST_HUTCHINSON_MATILLION.ESTIMATEITEM
Table Count in Snowflake:: 142285
Executing Snowflake query :: select count(*) as TOTAL from CURATED_DATAMART.ST_BKP_HUTCHINSON.STR_ESTIMATEITEM Where ACTIVE_FLAG='Y'
Table Count in Snowflake:: 141641
Executing Snowflake query :: select count(*) as TOTAL from DEV_ENT_CURATED.MASTER_DIMENSIONS.DIM_ESTIMATEITEM where tenant_type='HUTCHINSON' and RECORD_UPDATED_BY='Backup Table'
Table Count in Snowflake:: 140127
Row Count of Table ESTIMATEITEM is not matched for RAW :: 142285 DataMart :: 141641 CURATED :: 140127]]>
  </system-out>
  <testcase classname="testcases.RAW_DATAMART_CURATED.SnowFlake_RowCount_Master" name="Testcase_RowCount_validation" time="1.641">
    <failure message="The following asserts failed:
	null" type="java.lang.AssertionError">
      <![CDATA[java.lang.AssertionError: The following asserts failed:
null
at org.testng.asserts.SoftAssert.assertAll(SoftAssert.java:47)
at org.testng.asserts.SoftAssert.assertAll(SoftAssert.java:31)
at testcases.RAW_DATAMART_CURATED.SnowFlake_RowCount_Master.validate_RowCount_BKP(SnowFlake_RowCount_Master.java:56)
at testcases.RAW_DATAMART_CURATED.SnowFlake_RowCount_Master.Testcase_RowCount_validation(SnowFlake_RowCount_Master.java:25)
at jdk.internal.reflect.GeneratedMethodAccessor13.invoke(Unknown Source)
at java.base/jdk.internal.reflect.DelegatingMethodAccessorImpl.invoke(DelegatingMethodAccessorImpl.java:43)
at java.base/java.lang.reflect.Method.invoke(Method.java:568)
at org.testng.internal.MethodInvocationHelper.invokeMethod(MethodInvocationHelper.java:133)
at org.testng.internal.TestInvoker.invokeMethod(TestInvoker.java:598)
at org.testng.internal.TestInvoker.invokeTestMethod(TestInvoker.java:173)
at org.testng.internal.MethodRunner.runInSequence(MethodRunner.java:46)
at org.testng.internal.TestInvoker$MethodInvocationAgent.invoke(TestInvoker.java:824)
at org.testng.internal.TestInvoker.invokeTestMethods(TestInvoker.java:146)
at org.testng.internal.TestMethodWorker.invokeTestMethods(TestMethodWorker.java:146)
at org.testng.internal.TestMethodWorker.run(TestMethodWorker.java:128)
at java.base/java.util.ArrayList.forEach(ArrayList.java:1511)
at org.testng.TestRunner.privateRun(TestRunner.java:794)
at org.testng.TestRunner.run(TestRunner.java:596)
at org.testng.SuiteRunner.runTest(SuiteRunner.java:377)
at org.testng.SuiteRunner.runSequentially(SuiteRunner.java:371)
at org.testng.SuiteRunner.privateRun(SuiteRunner.java:332)
at org.testng.SuiteRunner.run(SuiteRunner.java:276)
at org.testng.SuiteRunnerWorker.runSuite(SuiteRunnerWorker.java:53)
at org.testng.SuiteRunnerWorker.run(SuiteRunnerWorker.java:96)
at org.testng.TestNG.runSuitesSequentially(TestNG.java:1212)
at org.testng.TestNG.runSuitesLocally(TestNG.java:1134)
at org.testng.TestNG.runSuites(TestNG.java:1063)
at org.testng.TestNG.run(TestNG.java:1031)
at org.testng.remote.AbstractRemoteTestNG.run(AbstractRemoteTestNG.java:115)
at org.testng.remote.RemoteTestNG.initAndRun(RemoteTestNG.java:251)
at org.testng.remote.RemoteTestNG.main(RemoteTestNG.java:77)
]]>
    </failure>
  </testcase> <!-- Testcase_RowCount_validation -->
  <system-out>
    <![CDATA[Executing Snowflake query :: SELECT count(*) as TOTAL FROM DEV_ENT_RAW.ST_MAITZ_MATILLION.ESTIMATE
Table Count in Snowflake:: 18845
Executing Snowflake query :: select count(*) as TOTAL from CURATED_DATAMART.ST_BKP_MAITZ.STR_ESTIMATE Where ACTIVE_FLAG='Y'
Table Count in Snowflake:: 18688
Executing Snowflake query :: select count(*) as TOTAL from DEV_ENT_CURATED.MASTER_DIMENSIONS.DIM_ESTIMATE where tenant_type='MAITZ' and RECORD_UPDATED_BY='Backup Table'
Table Count in Snowflake:: 17895
Row Count of Table ESTIMATE is not matched for RAW :: 18845 DataMart :: 18688 CURATED :: 17895]]>
  </system-out>
  <testcase classname="testcases.RAW_DATAMART_CURATED.SnowFlake_RowCount_Master" name="Testcase_RowCount_validation" time="1.654">
    <failure message="The following asserts failed:
	null" type="java.lang.AssertionError">
      <![CDATA[java.lang.AssertionError: The following asserts failed:
null
at org.testng.asserts.SoftAssert.assertAll(SoftAssert.java:47)
at org.testng.asserts.SoftAssert.assertAll(SoftAssert.java:31)
at testcases.RAW_DATAMART_CURATED.SnowFlake_RowCount_Master.validate_RowCount_BKP(SnowFlake_RowCount_Master.java:56)
at testcases.RAW_DATAMART_CURATED.SnowFlake_RowCount_Master.Testcase_RowCount_validation(SnowFlake_RowCount_Master.java:25)
at jdk.internal.reflect.GeneratedMethodAccessor13.invoke(Unknown Source)
at java.base/jdk.internal.reflect.DelegatingMethodAccessorImpl.invoke(DelegatingMethodAccessorImpl.java:43)
at java.base/java.lang.reflect.Method.invoke(Method.java:568)
at org.testng.internal.MethodInvocationHelper.invokeMethod(MethodInvocationHelper.java:133)
at org.testng.internal.TestInvoker.invokeMethod(TestInvoker.java:598)
at org.testng.internal.TestInvoker.invokeTestMethod(TestInvoker.java:173)
at org.testng.internal.MethodRunner.runInSequence(MethodRunner.java:46)
at org.testng.internal.TestInvoker$MethodInvocationAgent.invoke(TestInvoker.java:824)
at org.testng.internal.TestInvoker.invokeTestMethods(TestInvoker.java:146)
at org.testng.internal.TestMethodWorker.invokeTestMethods(TestMethodWorker.java:146)
at org.testng.internal.TestMethodWorker.run(TestMethodWorker.java:128)
at java.base/java.util.ArrayList.forEach(ArrayList.java:1511)
at org.testng.TestRunner.privateRun(TestRunner.java:794)
at org.testng.TestRunner.run(TestRunner.java:596)
at org.testng.SuiteRunner.runTest(SuiteRunner.java:377)
at org.testng.SuiteRunner.runSequentially(SuiteRunner.java:371)
at org.testng.SuiteRunner.privateRun(SuiteRunner.java:332)
at org.testng.SuiteRunner.run(SuiteRunner.java:276)
at org.testng.SuiteRunnerWorker.runSuite(SuiteRunnerWorker.java:53)
at org.testng.SuiteRunnerWorker.run(SuiteRunnerWorker.java:96)
at org.testng.TestNG.runSuitesSequentially(TestNG.java:1212)
at org.testng.TestNG.runSuitesLocally(TestNG.java:1134)
at org.testng.TestNG.runSuites(TestNG.java:1063)
at org.testng.TestNG.run(TestNG.java:1031)
at org.testng.remote.AbstractRemoteTestNG.run(AbstractRemoteTestNG.java:115)
at org.testng.remote.RemoteTestNG.initAndRun(RemoteTestNG.java:251)
at org.testng.remote.RemoteTestNG.main(RemoteTestNG.java:77)
]]>
    </failure>
  </testcase> <!-- Testcase_RowCount_validation -->
  <system-out>
    <![CDATA[Executing Snowflake query :: SELECT count(*) as TOTAL FROM DEV_ENT_RAW.ST_EANESHEATING_MATILLION.JOBAPPOINTMENT
Snowflake - SQLException at readDB() method :: SQL compilation error:
Object 'DEV_ENT_RAW.ST_EANESHEATING_MATILLION.JOBAPPOINTMENT' does not exist or not authorized.
Executing Snowflake query :: select count(*) as TOTAL from CURATED_DATAMART.ST_BKP_EANESHEATING.STR_JOBAPPOINTMENT Where ACTIVE_FLAG='Y'
Table Count in Snowflake:: 403833
Executing Snowflake query :: select count(*) as TOTAL from DEV_ENT_CURATED.MASTER_DIMENSIONS.DIM_JOBAPPOINTMENT where tenant_type='EANESHEATING' and RECORD_UPDATED_BY='Backup Table'
Table Count in Snowflake:: 403833
Row Count of Table JOBAPPOINTMENT is matched for RAW :: 0 DataMart :: 403833 CURATED :: 403833]]>
  </system-out>
  <testcase classname="testcases.RAW_DATAMART_CURATED.SnowFlake_RowCount_Master" name="Testcase_RowCount_validation" time="1.639">
    <failure message="The following asserts failed:
	null" type="java.lang.AssertionError">
      <![CDATA[java.lang.AssertionError: The following asserts failed:
null
at org.testng.asserts.SoftAssert.assertAll(SoftAssert.java:47)
at org.testng.asserts.SoftAssert.assertAll(SoftAssert.java:31)
at testcases.RAW_DATAMART_CURATED.SnowFlake_RowCount_Master.validate_RowCount_BKP(SnowFlake_RowCount_Master.java:56)
at testcases.RAW_DATAMART_CURATED.SnowFlake_RowCount_Master.Testcase_RowCount_validation(SnowFlake_RowCount_Master.java:25)
at jdk.internal.reflect.GeneratedMethodAccessor13.invoke(Unknown Source)
at java.base/jdk.internal.reflect.DelegatingMethodAccessorImpl.invoke(DelegatingMethodAccessorImpl.java:43)
at java.base/java.lang.reflect.Method.invoke(Method.java:568)
at org.testng.internal.MethodInvocationHelper.invokeMethod(MethodInvocationHelper.java:133)
at org.testng.internal.TestInvoker.invokeMethod(TestInvoker.java:598)
at org.testng.internal.TestInvoker.invokeTestMethod(TestInvoker.java:173)
at org.testng.internal.MethodRunner.runInSequence(MethodRunner.java:46)
at org.testng.internal.TestInvoker$MethodInvocationAgent.invoke(TestInvoker.java:824)
at org.testng.internal.TestInvoker.invokeTestMethods(TestInvoker.java:146)
at org.testng.internal.TestMethodWorker.invokeTestMethods(TestMethodWorker.java:146)
at org.testng.internal.TestMethodWorker.run(TestMethodWorker.java:128)
at java.base/java.util.ArrayList.forEach(ArrayList.java:1511)
at org.testng.TestRunner.privateRun(TestRunner.java:794)
at org.testng.TestRunner.run(TestRunner.java:596)
at org.testng.SuiteRunner.runTest(SuiteRunner.java:377)
at org.testng.SuiteRunner.runSequentially(SuiteRunner.java:371)
at org.testng.SuiteRunner.privateRun(SuiteRunner.java:332)
at org.testng.SuiteRunner.run(SuiteRunner.java:276)
at org.testng.SuiteRunnerWorker.runSuite(SuiteRunnerWorker.java:53)
at org.testng.SuiteRunnerWorker.run(SuiteRunnerWorker.java:96)
at org.testng.TestNG.runSuitesSequentially(TestNG.java:1212)
at org.testng.TestNG.runSuitesLocally(TestNG.java:1134)
at org.testng.TestNG.runSuites(TestNG.java:1063)
at org.testng.TestNG.run(TestNG.java:1031)
at org.testng.remote.AbstractRemoteTestNG.run(AbstractRemoteTestNG.java:115)
at org.testng.remote.RemoteTestNG.initAndRun(RemoteTestNG.java:251)
at org.testng.remote.RemoteTestNG.main(RemoteTestNG.java:77)
]]>
    </failure>
  </testcase> <!-- Testcase_RowCount_validation -->
  <system-out>
    <![CDATA[Executing Snowflake query :: SELECT count(*) as TOTAL FROM DEV_ENT_RAW.ST_SNELLHEATINGAIR_MATILLION.INVOICEITEM
Table Count in Snowflake:: 777046
Executing Snowflake query :: select count(*) as TOTAL from CURATED_DATAMART.ST_BKP_SNELLHEATINGAIR.STR_INVOICEITEM Where ACTIVE_FLAG='Y'
Table Count in Snowflake:: 776226
Executing Snowflake query :: select count(*) as TOTAL from DEV_ENT_CURATED.MASTER_DIMENSIONS.DIM_INVOICEITEM where tenant_type='SNELLHEATINGAIR' and RECORD_UPDATED_BY='Backup Table'
Table Count in Snowflake:: 776144
Row Count of Table INVOICEITEM is not matched for RAW :: 777046 DataMart :: 776226 CURATED :: 776144]]>
  </system-out>
  <testcase classname="testcases.RAW_DATAMART_CURATED.SnowFlake_RowCount_Master" name="Testcase_RowCount_validation" time="2.448">
    <failure message="The following asserts failed:
	null,
	null" type="java.lang.AssertionError">
      <![CDATA[java.lang.AssertionError: The following asserts failed:
null,
null
at org.testng.asserts.SoftAssert.assertAll(SoftAssert.java:47)
at org.testng.asserts.SoftAssert.assertAll(SoftAssert.java:31)
at testcases.RAW_DATAMART_CURATED.SnowFlake_RowCount_Master.validate_RowCount_BKP(SnowFlake_RowCount_Master.java:56)
at testcases.RAW_DATAMART_CURATED.SnowFlake_RowCount_Master.Testcase_RowCount_validation(SnowFlake_RowCount_Master.java:25)
at jdk.internal.reflect.GeneratedMethodAccessor13.invoke(Unknown Source)
at java.base/jdk.internal.reflect.DelegatingMethodAccessorImpl.invoke(DelegatingMethodAccessorImpl.java:43)
at java.base/java.lang.reflect.Method.invoke(Method.java:568)
at org.testng.internal.MethodInvocationHelper.invokeMethod(MethodInvocationHelper.java:133)
at org.testng.internal.TestInvoker.invokeMethod(TestInvoker.java:598)
at org.testng.internal.TestInvoker.invokeTestMethod(TestInvoker.java:173)
at org.testng.internal.MethodRunner.runInSequence(MethodRunner.java:46)
at org.testng.internal.TestInvoker$MethodInvocationAgent.invoke(TestInvoker.java:824)
at org.testng.internal.TestInvoker.invokeTestMethods(TestInvoker.java:146)
at org.testng.internal.TestMethodWorker.invokeTestMethods(TestMethodWorker.java:146)
at org.testng.internal.TestMethodWorker.run(TestMethodWorker.java:128)
at java.base/java.util.ArrayList.forEach(ArrayList.java:1511)
at org.testng.TestRunner.privateRun(TestRunner.java:794)
at org.testng.TestRunner.run(TestRunner.java:596)
at org.testng.SuiteRunner.runTest(SuiteRunner.java:377)
at org.testng.SuiteRunner.runSequentially(SuiteRunner.java:371)
at org.testng.SuiteRunner.privateRun(SuiteRunner.java:332)
at org.testng.SuiteRunner.run(SuiteRunner.java:276)
at org.testng.SuiteRunnerWorker.runSuite(SuiteRunnerWorker.java:53)
at org.testng.SuiteRunnerWorker.run(SuiteRunnerWorker.java:96)
at org.testng.TestNG.runSuitesSequentially(TestNG.java:1212)
at org.testng.TestNG.runSuitesLocally(TestNG.java:1134)
at org.testng.TestNG.runSuites(TestNG.java:1063)
at org.testng.TestNG.run(TestNG.java:1031)
at org.testng.remote.AbstractRemoteTestNG.run(AbstractRemoteTestNG.java:115)
at org.testng.remote.RemoteTestNG.initAndRun(RemoteTestNG.java:251)
at org.testng.remote.RemoteTestNG.main(RemoteTestNG.java:77)
]]>
    </failure>
  </testcase> <!-- Testcase_RowCount_validation -->
  <system-out>
    <![CDATA[Executing Snowflake query :: SELECT count(*) as TOTAL FROM DEV_ENT_RAW.ST_HDAIR_MATILLION.CALLREASON
Snowflake - SQLException at readDB() method :: SQL compilation error:
Object 'DEV_ENT_RAW.ST_HDAIR_MATILLION.CALLREASON' does not exist or not authorized.
Executing Snowflake query :: select count(*) as TOTAL from CURATED_DATAMART.ST_BKP_HDAIR.STR_CALLREASON Where ACTIVE_FLAG='Y'
Table Count in Snowflake:: 43
Executing Snowflake query :: select count(*) as TOTAL from DEV_ENT_CURATED.MASTER_DIMENSIONS.DIM_CALLREASON where tenant_type='HDAIR' and RECORD_UPDATED_BY='Backup Table'
Table Count in Snowflake:: 39
Row Count of Table CALLREASON is not matched for RAW :: 0 DataMart :: 43 CURATED :: 39]]>
  </system-out>
  <testcase classname="testcases.RAW_DATAMART_CURATED.SnowFlake_RowCount_Master" name="Testcase_RowCount_validation" time="2.969">
    <failure message="The following asserts failed:
	null" type="java.lang.AssertionError">
      <![CDATA[java.lang.AssertionError: The following asserts failed:
null
at org.testng.asserts.SoftAssert.assertAll(SoftAssert.java:47)
at org.testng.asserts.SoftAssert.assertAll(SoftAssert.java:31)
at testcases.RAW_DATAMART_CURATED.SnowFlake_RowCount_Master.validate_RowCount_BKP(SnowFlake_RowCount_Master.java:56)
at testcases.RAW_DATAMART_CURATED.SnowFlake_RowCount_Master.Testcase_RowCount_validation(SnowFlake_RowCount_Master.java:25)
at jdk.internal.reflect.GeneratedMethodAccessor13.invoke(Unknown Source)
at java.base/jdk.internal.reflect.DelegatingMethodAccessorImpl.invoke(DelegatingMethodAccessorImpl.java:43)
at java.base/java.lang.reflect.Method.invoke(Method.java:568)
at org.testng.internal.MethodInvocationHelper.invokeMethod(MethodInvocationHelper.java:133)
at org.testng.internal.TestInvoker.invokeMethod(TestInvoker.java:598)
at org.testng.internal.TestInvoker.invokeTestMethod(TestInvoker.java:173)
at org.testng.internal.MethodRunner.runInSequence(MethodRunner.java:46)
at org.testng.internal.TestInvoker$MethodInvocationAgent.invoke(TestInvoker.java:824)
at org.testng.internal.TestInvoker.invokeTestMethods(TestInvoker.java:146)
at org.testng.internal.TestMethodWorker.invokeTestMethods(TestMethodWorker.java:146)
at org.testng.internal.TestMethodWorker.run(TestMethodWorker.java:128)
at java.base/java.util.ArrayList.forEach(ArrayList.java:1511)
at org.testng.TestRunner.privateRun(TestRunner.java:794)
at org.testng.TestRunner.run(TestRunner.java:596)
at org.testng.SuiteRunner.runTest(SuiteRunner.java:377)
at org.testng.SuiteRunner.runSequentially(SuiteRunner.java:371)
at org.testng.SuiteRunner.privateRun(SuiteRunner.java:332)
at org.testng.SuiteRunner.run(SuiteRunner.java:276)
at org.testng.SuiteRunnerWorker.runSuite(SuiteRunnerWorker.java:53)
at org.testng.SuiteRunnerWorker.run(SuiteRunnerWorker.java:96)
at org.testng.TestNG.runSuitesSequentially(TestNG.java:1212)
at org.testng.TestNG.runSuitesLocally(TestNG.java:1134)
at org.testng.TestNG.runSuites(TestNG.java:1063)
at org.testng.TestNG.run(TestNG.java:1031)
at org.testng.remote.AbstractRemoteTestNG.run(AbstractRemoteTestNG.java:115)
at org.testng.remote.RemoteTestNG.initAndRun(RemoteTestNG.java:251)
at org.testng.remote.RemoteTestNG.main(RemoteTestNG.java:77)
]]>
    </failure>
  </testcase> <!-- Testcase_RowCount_validation -->
  <system-out>
    <![CDATA[Executing Snowflake query :: SELECT count(*) as TOTAL FROM DEV_ENT_RAW.ST_HDAIR_MATILLION.OVERTIMEPROFILE
Snowflake - SQLException at readDB() method :: SQL compilation error:
Object 'DEV_ENT_RAW.ST_HDAIR_MATILLION.OVERTIMEPROFILE' does not exist or not authorized.
Executing Snowflake query :: select count(*) as TOTAL from CURATED_DATAMART.ST_BKP_HDAIR.STR_OVERTIMEPROFILE Where ACTIVE_FLAG='Y'
Table Count in Snowflake:: 6
Executing Snowflake query :: select count(*) as TOTAL from DEV_ENT_CURATED.MASTER_DIMENSIONS.DIM_OVERTIMEPROFILE where tenant_type='HDAIR' and RECORD_UPDATED_BY='Backup Table'
Table Count in Snowflake:: 6
Row Count of Table OVERTIMEPROFILE is matched for RAW :: 0 DataMart :: 6 CURATED :: 6]]>
  </system-out>
  <testcase classname="testcases.RAW_DATAMART_CURATED.SnowFlake_RowCount_Master" name="Testcase_RowCount_validation" time="5.021">
    <failure message="The following asserts failed:
	null,
	null" type="java.lang.AssertionError">
      <![CDATA[java.lang.AssertionError: The following asserts failed:
null,
null
at org.testng.asserts.SoftAssert.assertAll(SoftAssert.java:47)
at org.testng.asserts.SoftAssert.assertAll(SoftAssert.java:31)
at testcases.RAW_DATAMART_CURATED.SnowFlake_RowCount_Master.validate_RowCount_BKP(SnowFlake_RowCount_Master.java:56)
at testcases.RAW_DATAMART_CURATED.SnowFlake_RowCount_Master.Testcase_RowCount_validation(SnowFlake_RowCount_Master.java:25)
at jdk.internal.reflect.GeneratedMethodAccessor13.invoke(Unknown Source)
at java.base/jdk.internal.reflect.DelegatingMethodAccessorImpl.invoke(DelegatingMethodAccessorImpl.java:43)
at java.base/java.lang.reflect.Method.invoke(Method.java:568)
at org.testng.internal.MethodInvocationHelper.invokeMethod(MethodInvocationHelper.java:133)
at org.testng.internal.TestInvoker.invokeMethod(TestInvoker.java:598)
at org.testng.internal.TestInvoker.invokeTestMethod(TestInvoker.java:173)
at org.testng.internal.MethodRunner.runInSequence(MethodRunner.java:46)
at org.testng.internal.TestInvoker$MethodInvocationAgent.invoke(TestInvoker.java:824)
at org.testng.internal.TestInvoker.invokeTestMethods(TestInvoker.java:146)
at org.testng.internal.TestMethodWorker.invokeTestMethods(TestMethodWorker.java:146)
at org.testng.internal.TestMethodWorker.run(TestMethodWorker.java:128)
at java.base/java.util.ArrayList.forEach(ArrayList.java:1511)
at org.testng.TestRunner.privateRun(TestRunner.java:794)
at org.testng.TestRunner.run(TestRunner.java:596)
at org.testng.SuiteRunner.runTest(SuiteRunner.java:377)
at org.testng.SuiteRunner.runSequentially(SuiteRunner.java:371)
at org.testng.SuiteRunner.privateRun(SuiteRunner.java:332)
at org.testng.SuiteRunner.run(SuiteRunner.java:276)
at org.testng.SuiteRunnerWorker.runSuite(SuiteRunnerWorker.java:53)
at org.testng.SuiteRunnerWorker.run(SuiteRunnerWorker.java:96)
at org.testng.TestNG.runSuitesSequentially(TestNG.java:1212)
at org.testng.TestNG.runSuitesLocally(TestNG.java:1134)
at org.testng.TestNG.runSuites(TestNG.java:1063)
at org.testng.TestNG.run(TestNG.java:1031)
at org.testng.remote.AbstractRemoteTestNG.run(AbstractRemoteTestNG.java:115)
at org.testng.remote.RemoteTestNG.initAndRun(RemoteTestNG.java:251)
at org.testng.remote.RemoteTestNG.main(RemoteTestNG.java:77)
]]>
    </failure>
  </testcase> <!-- Testcase_RowCount_validation -->
  <system-out>
    <![CDATA[Executing Snowflake query :: SELECT count(*) as TOTAL FROM DEV_ENT_RAW.ST_MAITZ_MATILLION.TECHNICIANPAYROLL
Table Count in Snowflake:: 1392
Executing Snowflake query :: select count(*) as TOTAL from CURATED_DATAMART.ST_BKP_MAITZ.STR_TECHNICIANPAYROLL Where ACTIVE_FLAG='Y'
Table Count in Snowflake:: 1392
Executing Snowflake query :: select count(*) as TOTAL from DEV_ENT_CURATED.MASTER_DIMENSIONS.DIM_TECHNICIANPAYROLL where tenant_type='MAITZ' and RECORD_UPDATED_BY='Backup Table'
Snowflake - SQLException at readDB() method :: SQL compilation error: error line 1 at position 116
invalid identifier 'RECORD_UPDATED_BY'
Row Count of Table TECHNICIANPAYROLL is not matched for RAW :: 1392 DataMart :: 1392 CURATED :: 0]]>
  </system-out>
  <testcase classname="testcases.RAW_DATAMART_CURATED.SnowFlake_RowCount_Master" name="Testcase_RowCount_validation" time="1.944">
    <failure message="The following asserts failed:
	null" type="java.lang.AssertionError">
      <![CDATA[java.lang.AssertionError: The following asserts failed:
null
at org.testng.asserts.SoftAssert.assertAll(SoftAssert.java:47)
at org.testng.asserts.SoftAssert.assertAll(SoftAssert.java:31)
at testcases.RAW_DATAMART_CURATED.SnowFlake_RowCount_Master.validate_RowCount_BKP(SnowFlake_RowCount_Master.java:56)
at testcases.RAW_DATAMART_CURATED.SnowFlake_RowCount_Master.Testcase_RowCount_validation(SnowFlake_RowCount_Master.java:25)
at jdk.internal.reflect.GeneratedMethodAccessor13.invoke(Unknown Source)
at java.base/jdk.internal.reflect.DelegatingMethodAccessorImpl.invoke(DelegatingMethodAccessorImpl.java:43)
at java.base/java.lang.reflect.Method.invoke(Method.java:568)
at org.testng.internal.MethodInvocationHelper.invokeMethod(MethodInvocationHelper.java:133)
at org.testng.internal.TestInvoker.invokeMethod(TestInvoker.java:598)
at org.testng.internal.TestInvoker.invokeTestMethod(TestInvoker.java:173)
at org.testng.internal.MethodRunner.runInSequence(MethodRunner.java:46)
at org.testng.internal.TestInvoker$MethodInvocationAgent.invoke(TestInvoker.java:824)
at org.testng.internal.TestInvoker.invokeTestMethods(TestInvoker.java:146)
at org.testng.internal.TestMethodWorker.invokeTestMethods(TestMethodWorker.java:146)
at org.testng.internal.TestMethodWorker.run(TestMethodWorker.java:128)
at java.base/java.util.ArrayList.forEach(ArrayList.java:1511)
at org.testng.TestRunner.privateRun(TestRunner.java:794)
at org.testng.TestRunner.run(TestRunner.java:596)
at org.testng.SuiteRunner.runTest(SuiteRunner.java:377)
at org.testng.SuiteRunner.runSequentially(SuiteRunner.java:371)
at org.testng.SuiteRunner.privateRun(SuiteRunner.java:332)
at org.testng.SuiteRunner.run(SuiteRunner.java:276)
at org.testng.SuiteRunnerWorker.runSuite(SuiteRunnerWorker.java:53)
at org.testng.SuiteRunnerWorker.run(SuiteRunnerWorker.java:96)
at org.testng.TestNG.runSuitesSequentially(TestNG.java:1212)
at org.testng.TestNG.runSuitesLocally(TestNG.java:1134)
at org.testng.TestNG.runSuites(TestNG.java:1063)
at org.testng.TestNG.run(TestNG.java:1031)
at org.testng.remote.AbstractRemoteTestNG.run(AbstractRemoteTestNG.java:115)
at org.testng.remote.RemoteTestNG.initAndRun(RemoteTestNG.java:251)
at org.testng.remote.RemoteTestNG.main(RemoteTestNG.java:77)
]]>
    </failure>
  </testcase> <!-- Testcase_RowCount_validation -->
  <system-out>
    <![CDATA[Executing Snowflake query :: SELECT count(*) as TOTAL FROM DEV_ENT_RAW.ST_HDAIR_MATILLION.JOBASSIGNMENT
Snowflake - SQLException at readDB() method :: SQL compilation error:
Object 'DEV_ENT_RAW.ST_HDAIR_MATILLION.JOBASSIGNMENT' does not exist or not authorized.
Executing Snowflake query :: select count(*) as TOTAL from CURATED_DATAMART.ST_BKP_HDAIR.STR_JOBASSIGNMENT Where ACTIVE_FLAG='Y'
Table Count in Snowflake:: 170414
Executing Snowflake query :: select count(*) as TOTAL from DEV_ENT_CURATED.MASTER_DIMENSIONS.DIM_JOBASSIGNMENT where tenant_type='HDAIR' and RECORD_UPDATED_BY='Backup Table'
Table Count in Snowflake:: 170414
Row Count of Table JOBASSIGNMENT is matched for RAW :: 0 DataMart :: 170414 CURATED :: 170414]]>
  </system-out>
  <testcase classname="testcases.RAW_DATAMART_CURATED.SnowFlake_RowCount_Master" name="Testcase_RowCount_validation" time="1.586">
    <failure message="The following asserts failed:
	null,
	null" type="java.lang.AssertionError">
      <![CDATA[java.lang.AssertionError: The following asserts failed:
null,
null
at org.testng.asserts.SoftAssert.assertAll(SoftAssert.java:47)
at org.testng.asserts.SoftAssert.assertAll(SoftAssert.java:31)
at testcases.RAW_DATAMART_CURATED.SnowFlake_RowCount_Master.validate_RowCount_BKP(SnowFlake_RowCount_Master.java:56)
at testcases.RAW_DATAMART_CURATED.SnowFlake_RowCount_Master.Testcase_RowCount_validation(SnowFlake_RowCount_Master.java:25)
at jdk.internal.reflect.GeneratedMethodAccessor13.invoke(Unknown Source)
at java.base/jdk.internal.reflect.DelegatingMethodAccessorImpl.invoke(DelegatingMethodAccessorImpl.java:43)
at java.base/java.lang.reflect.Method.invoke(Method.java:568)
at org.testng.internal.MethodInvocationHelper.invokeMethod(MethodInvocationHelper.java:133)
at org.testng.internal.TestInvoker.invokeMethod(TestInvoker.java:598)
at org.testng.internal.TestInvoker.invokeTestMethod(TestInvoker.java:173)
at org.testng.internal.MethodRunner.runInSequence(MethodRunner.java:46)
at org.testng.internal.TestInvoker$MethodInvocationAgent.invoke(TestInvoker.java:824)
at org.testng.internal.TestInvoker.invokeTestMethods(TestInvoker.java:146)
at org.testng.internal.TestMethodWorker.invokeTestMethods(TestMethodWorker.java:146)
at org.testng.internal.TestMethodWorker.run(TestMethodWorker.java:128)
at java.base/java.util.ArrayList.forEach(ArrayList.java:1511)
at org.testng.TestRunner.privateRun(TestRunner.java:794)
at org.testng.TestRunner.run(TestRunner.java:596)
at org.testng.SuiteRunner.runTest(SuiteRunner.java:377)
at org.testng.SuiteRunner.runSequentially(SuiteRunner.java:371)
at org.testng.SuiteRunner.privateRun(SuiteRunner.java:332)
at org.testng.SuiteRunner.run(SuiteRunner.java:276)
at org.testng.SuiteRunnerWorker.runSuite(SuiteRunnerWorker.java:53)
at org.testng.SuiteRunnerWorker.run(SuiteRunnerWorker.java:96)
at org.testng.TestNG.runSuitesSequentially(TestNG.java:1212)
at org.testng.TestNG.runSuitesLocally(TestNG.java:1134)
at org.testng.TestNG.runSuites(TestNG.java:1063)
at org.testng.TestNG.run(TestNG.java:1031)
at org.testng.remote.AbstractRemoteTestNG.run(AbstractRemoteTestNG.java:115)
at org.testng.remote.RemoteTestNG.initAndRun(RemoteTestNG.java:251)
at org.testng.remote.RemoteTestNG.main(RemoteTestNG.java:77)
]]>
    </failure>
  </testcase> <!-- Testcase_RowCount_validation -->
  <system-out>
    <![CDATA[Executing Snowflake query :: SELECT count(*) as TOTAL FROM DEV_ENT_RAW.ST_HDAIR_MATILLION.HOLDJOBREASON
Snowflake - SQLException at readDB() method :: SQL compilation error:
Object 'DEV_ENT_RAW.ST_HDAIR_MATILLION.HOLDJOBREASON' does not exist or not authorized.
Executing Snowflake query :: select count(*) as TOTAL from CURATED_DATAMART.ST_BKP_HDAIR.STR_HOLDJOBREASON Where ACTIVE_FLAG='Y'
Table Count in Snowflake:: 9
Executing Snowflake query :: select count(*) as TOTAL from DEV_ENT_CURATED.MASTER_DIMENSIONS.DIM_HOLDJOBREASON where tenant_type='HDAIR' and RECORD_UPDATED_BY='Backup Table'
Table Count in Snowflake:: 0
Row Count of Table HOLDJOBREASON is not matched for RAW :: 0 DataMart :: 9 CURATED :: 0]]>
  </system-out>
  <testcase classname="testcases.RAW_DATAMART_CURATED.SnowFlake_RowCount_Master" name="Testcase_RowCount_validation" time="2.148">
    <failure message="The following asserts failed:
	null" type="java.lang.AssertionError">
      <![CDATA[java.lang.AssertionError: The following asserts failed:
null
at org.testng.asserts.SoftAssert.assertAll(SoftAssert.java:47)
at org.testng.asserts.SoftAssert.assertAll(SoftAssert.java:31)
at testcases.RAW_DATAMART_CURATED.SnowFlake_RowCount_Master.validate_RowCount_API(SnowFlake_RowCount_Master.java:115)
at testcases.RAW_DATAMART_CURATED.SnowFlake_RowCount_Master.Testcase_RowCount_validation(SnowFlake_RowCount_Master.java:28)
at jdk.internal.reflect.GeneratedMethodAccessor13.invoke(Unknown Source)
at java.base/jdk.internal.reflect.DelegatingMethodAccessorImpl.invoke(DelegatingMethodAccessorImpl.java:43)
at java.base/java.lang.reflect.Method.invoke(Method.java:568)
at org.testng.internal.MethodInvocationHelper.invokeMethod(MethodInvocationHelper.java:133)
at org.testng.internal.TestInvoker.invokeMethod(TestInvoker.java:598)
at org.testng.internal.TestInvoker.invokeTestMethod(TestInvoker.java:173)
at org.testng.internal.MethodRunner.runInSequence(MethodRunner.java:46)
at org.testng.internal.TestInvoker$MethodInvocationAgent.invoke(TestInvoker.java:824)
at org.testng.internal.TestInvoker.invokeTestMethods(TestInvoker.java:146)
at org.testng.internal.TestMethodWorker.invokeTestMethods(TestMethodWorker.java:146)
at org.testng.internal.TestMethodWorker.run(TestMethodWorker.java:128)
at java.base/java.util.ArrayList.forEach(ArrayList.java:1511)
at org.testng.TestRunner.privateRun(TestRunner.java:794)
at org.testng.TestRunner.run(TestRunner.java:596)
at org.testng.SuiteRunner.runTest(SuiteRunner.java:377)
at org.testng.SuiteRunner.runSequentially(SuiteRunner.java:371)
at org.testng.SuiteRunner.privateRun(SuiteRunner.java:332)
at org.testng.SuiteRunner.run(SuiteRunner.java:276)
at org.testng.SuiteRunnerWorker.runSuite(SuiteRunnerWorker.java:53)
at org.testng.SuiteRunnerWorker.run(SuiteRunnerWorker.java:96)
at org.testng.TestNG.runSuitesSequentially(TestNG.java:1212)
at org.testng.TestNG.runSuitesLocally(TestNG.java:1134)
at org.testng.TestNG.runSuites(TestNG.java:1063)
at org.testng.TestNG.run(TestNG.java:1031)
at org.testng.remote.AbstractRemoteTestNG.run(AbstractRemoteTestNG.java:115)
at org.testng.remote.RemoteTestNG.initAndRun(RemoteTestNG.java:251)
at org.testng.remote.RemoteTestNG.main(RemoteTestNG.java:77)
]]>
    </failure>
  </testcase> <!-- Testcase_RowCount_validation -->
  <system-out>
    <![CDATA[Executing Snowflake query :: SELECT count(*) as TOTAL FROM DEV_ENT_RAW.API_MAT.ST_API_CATEGORY WHERE TENANT_NAME='HARP'
Table Count in Snowflake:: 587
Executing Snowflake query :: select count(*) as TOTAL from CURATED_DATAMART.ST_API_HARP.STR_API_CATEGORY WHERE ACTIVE_FLAG='Y'
Table Count in Snowflake:: 587
Executing Snowflake query :: select count(*) as TOTAL from DEV_ENT_CURATED.MASTER_DIMENSIONS.DIM_CATEGORY WHERE TENANT_TYPE='HARP' and RECORD_UPDATED_BY='API ETL'
Table Count in Snowflake:: 0
Row Count of Table CATEGORY is matched for APIMAT :: 587 DataMart :: 587
Executing Snowflake query :: select count(*) as TOTAL from DEV_ENT_CURATED.MASTER_DIMENSIONS.DIM_CATEGORY WHERE TENANT_TYPE='HARP' and RECORD_UPDATED_BY='Backup Table' AND ID in (select ID from CURATED_DATAMART.ST_API_HARP.STR_API_CATEGORY WHERE ACTIVE_FLAG='Y')
Table Count in Snowflake:: 578
Row Count of Table CATEGORY is not matched for DataMart :: 587 CURATED :: 578]]>
  </system-out>
  <testcase classname="testcases.RAW_DATAMART_CURATED.SnowFlake_RowCount_Master" name="Testcase_RowCount_validation" time="1.741">
    <failure message="The following asserts failed:
	null" type="java.lang.AssertionError">
      <![CDATA[java.lang.AssertionError: The following asserts failed:
null
at org.testng.asserts.SoftAssert.assertAll(SoftAssert.java:47)
at org.testng.asserts.SoftAssert.assertAll(SoftAssert.java:31)
at testcases.RAW_DATAMART_CURATED.SnowFlake_RowCount_Master.validate_RowCount_BKP(SnowFlake_RowCount_Master.java:56)
at testcases.RAW_DATAMART_CURATED.SnowFlake_RowCount_Master.Testcase_RowCount_validation(SnowFlake_RowCount_Master.java:25)
at jdk.internal.reflect.GeneratedMethodAccessor13.invoke(Unknown Source)
at java.base/jdk.internal.reflect.DelegatingMethodAccessorImpl.invoke(DelegatingMethodAccessorImpl.java:43)
at java.base/java.lang.reflect.Method.invoke(Method.java:568)
at org.testng.internal.MethodInvocationHelper.invokeMethod(MethodInvocationHelper.java:133)
at org.testng.internal.TestInvoker.invokeMethod(TestInvoker.java:598)
at org.testng.internal.TestInvoker.invokeTestMethod(TestInvoker.java:173)
at org.testng.internal.MethodRunner.runInSequence(MethodRunner.java:46)
at org.testng.internal.TestInvoker$MethodInvocationAgent.invoke(TestInvoker.java:824)
at org.testng.internal.TestInvoker.invokeTestMethods(TestInvoker.java:146)
at org.testng.internal.TestMethodWorker.invokeTestMethods(TestMethodWorker.java:146)
at org.testng.internal.TestMethodWorker.run(TestMethodWorker.java:128)
at java.base/java.util.ArrayList.forEach(ArrayList.java:1511)
at org.testng.TestRunner.privateRun(TestRunner.java:794)
at org.testng.TestRunner.run(TestRunner.java:596)
at org.testng.SuiteRunner.runTest(SuiteRunner.java:377)
at org.testng.SuiteRunner.runSequentially(SuiteRunner.java:371)
at org.testng.SuiteRunner.privateRun(SuiteRunner.java:332)
at org.testng.SuiteRunner.run(SuiteRunner.java:276)
at org.testng.SuiteRunnerWorker.runSuite(SuiteRunnerWorker.java:53)
at org.testng.SuiteRunnerWorker.run(SuiteRunnerWorker.java:96)
at org.testng.TestNG.runSuitesSequentially(TestNG.java:1212)
at org.testng.TestNG.runSuitesLocally(TestNG.java:1134)
at org.testng.TestNG.runSuites(TestNG.java:1063)
at org.testng.TestNG.run(TestNG.java:1031)
at org.testng.remote.AbstractRemoteTestNG.run(AbstractRemoteTestNG.java:115)
at org.testng.remote.RemoteTestNG.initAndRun(RemoteTestNG.java:251)
at org.testng.remote.RemoteTestNG.main(RemoteTestNG.java:77)
]]>
    </failure>
  </testcase> <!-- Testcase_RowCount_validation -->
  <system-out>
    <![CDATA[Executing Snowflake query :: SELECT count(*) as TOTAL FROM DEV_ENT_RAW.ST_MAITZ_MATILLION.HOLDJOBREASON
Table Count in Snowflake:: 6
Executing Snowflake query :: select count(*) as TOTAL from CURATED_DATAMART.ST_BKP_MAITZ.STR_HOLDJOBREASON Where ACTIVE_FLAG='Y'
Table Count in Snowflake:: 6
Executing Snowflake query :: select count(*) as TOTAL from DEV_ENT_CURATED.MASTER_DIMENSIONS.DIM_HOLDJOBREASON where tenant_type='MAITZ' and RECORD_UPDATED_BY='Backup Table'
Table Count in Snowflake:: 0
Row Count of Table HOLDJOBREASON is not matched for RAW :: 6 DataMart :: 6 CURATED :: 0]]>
  </system-out>
  <testcase classname="testcases.RAW_DATAMART_CURATED.SnowFlake_RowCount_Master" name="Testcase_RowCount_validation" time="1.568">
    <failure message="The following asserts failed:
	null" type="java.lang.AssertionError">
      <![CDATA[java.lang.AssertionError: The following asserts failed:
null
at org.testng.asserts.SoftAssert.assertAll(SoftAssert.java:47)
at org.testng.asserts.SoftAssert.assertAll(SoftAssert.java:31)
at testcases.RAW_DATAMART_CURATED.SnowFlake_RowCount_Master.validate_RowCount_BKP(SnowFlake_RowCount_Master.java:56)
at testcases.RAW_DATAMART_CURATED.SnowFlake_RowCount_Master.Testcase_RowCount_validation(SnowFlake_RowCount_Master.java:25)
at jdk.internal.reflect.GeneratedMethodAccessor13.invoke(Unknown Source)
at java.base/jdk.internal.reflect.DelegatingMethodAccessorImpl.invoke(DelegatingMethodAccessorImpl.java:43)
at java.base/java.lang.reflect.Method.invoke(Method.java:568)
at org.testng.internal.MethodInvocationHelper.invokeMethod(MethodInvocationHelper.java:133)
at org.testng.internal.TestInvoker.invokeMethod(TestInvoker.java:598)
at org.testng.internal.TestInvoker.invokeTestMethod(TestInvoker.java:173)
at org.testng.internal.MethodRunner.runInSequence(MethodRunner.java:46)
at org.testng.internal.TestInvoker$MethodInvocationAgent.invoke(TestInvoker.java:824)
at org.testng.internal.TestInvoker.invokeTestMethods(TestInvoker.java:146)
at org.testng.internal.TestMethodWorker.invokeTestMethods(TestMethodWorker.java:146)
at org.testng.internal.TestMethodWorker.run(TestMethodWorker.java:128)
at java.base/java.util.ArrayList.forEach(ArrayList.java:1511)
at org.testng.TestRunner.privateRun(TestRunner.java:794)
at org.testng.TestRunner.run(TestRunner.java:596)
at org.testng.SuiteRunner.runTest(SuiteRunner.java:377)
at org.testng.SuiteRunner.runSequentially(SuiteRunner.java:371)
at org.testng.SuiteRunner.privateRun(SuiteRunner.java:332)
at org.testng.SuiteRunner.run(SuiteRunner.java:276)
at org.testng.SuiteRunnerWorker.runSuite(SuiteRunnerWorker.java:53)
at org.testng.SuiteRunnerWorker.run(SuiteRunnerWorker.java:96)
at org.testng.TestNG.runSuitesSequentially(TestNG.java:1212)
at org.testng.TestNG.runSuitesLocally(TestNG.java:1134)
at org.testng.TestNG.runSuites(TestNG.java:1063)
at org.testng.TestNG.run(TestNG.java:1031)
at org.testng.remote.AbstractRemoteTestNG.run(AbstractRemoteTestNG.java:115)
at org.testng.remote.RemoteTestNG.initAndRun(RemoteTestNG.java:251)
at org.testng.remote.RemoteTestNG.main(RemoteTestNG.java:77)
]]>
    </failure>
  </testcase> <!-- Testcase_RowCount_validation -->
  <system-out>
    <![CDATA[Executing Snowflake query :: SELECT count(*) as TOTAL FROM DEV_ENT_RAW.ST_HARP_MATILLION.SERVICE
Table Count in Snowflake:: 2092
Executing Snowflake query :: select count(*) as TOTAL from CURATED_DATAMART.ST_BKP_HARP.STR_SERVICE Where ACTIVE_FLAG='Y'
Table Count in Snowflake:: 2092
Executing Snowflake query :: select count(*) as TOTAL from DEV_ENT_CURATED.MASTER_DIMENSIONS.DIM_SERVICE where tenant_type='HARP' and RECORD_UPDATED_BY='Backup Table'
Table Count in Snowflake:: 2091
Row Count of Table SERVICE is not matched for RAW :: 2092 DataMart :: 2092 CURATED :: 2091]]>
  </system-out>
  <testcase classname="testcases.RAW_DATAMART_CURATED.SnowFlake_RowCount_Master" name="Testcase_RowCount_validation" time="2.072">
    <failure message="The following asserts failed:
	null" type="java.lang.AssertionError">
      <![CDATA[java.lang.AssertionError: The following asserts failed:
null
at org.testng.asserts.SoftAssert.assertAll(SoftAssert.java:47)
at org.testng.asserts.SoftAssert.assertAll(SoftAssert.java:31)
at testcases.RAW_DATAMART_CURATED.SnowFlake_RowCount_Master.validate_RowCount_BKP(SnowFlake_RowCount_Master.java:56)
at testcases.RAW_DATAMART_CURATED.SnowFlake_RowCount_Master.Testcase_RowCount_validation(SnowFlake_RowCount_Master.java:25)
at jdk.internal.reflect.GeneratedMethodAccessor13.invoke(Unknown Source)
at java.base/jdk.internal.reflect.DelegatingMethodAccessorImpl.invoke(DelegatingMethodAccessorImpl.java:43)
at java.base/java.lang.reflect.Method.invoke(Method.java:568)
at org.testng.internal.MethodInvocationHelper.invokeMethod(MethodInvocationHelper.java:133)
at org.testng.internal.TestInvoker.invokeMethod(TestInvoker.java:598)
at org.testng.internal.TestInvoker.invokeTestMethod(TestInvoker.java:173)
at org.testng.internal.MethodRunner.runInSequence(MethodRunner.java:46)
at org.testng.internal.TestInvoker$MethodInvocationAgent.invoke(TestInvoker.java:824)
at org.testng.internal.TestInvoker.invokeTestMethods(TestInvoker.java:146)
at org.testng.internal.TestMethodWorker.invokeTestMethods(TestMethodWorker.java:146)
at org.testng.internal.TestMethodWorker.run(TestMethodWorker.java:128)
at java.base/java.util.ArrayList.forEach(ArrayList.java:1511)
at org.testng.TestRunner.privateRun(TestRunner.java:794)
at org.testng.TestRunner.run(TestRunner.java:596)
at org.testng.SuiteRunner.runTest(SuiteRunner.java:377)
at org.testng.SuiteRunner.runSequentially(SuiteRunner.java:371)
at org.testng.SuiteRunner.privateRun(SuiteRunner.java:332)
at org.testng.SuiteRunner.run(SuiteRunner.java:276)
at org.testng.SuiteRunnerWorker.runSuite(SuiteRunnerWorker.java:53)
at org.testng.SuiteRunnerWorker.run(SuiteRunnerWorker.java:96)
at org.testng.TestNG.runSuitesSequentially(TestNG.java:1212)
at org.testng.TestNG.runSuitesLocally(TestNG.java:1134)
at org.testng.TestNG.runSuites(TestNG.java:1063)
at org.testng.TestNG.run(TestNG.java:1031)
at org.testng.remote.AbstractRemoteTestNG.run(AbstractRemoteTestNG.java:115)
at org.testng.remote.RemoteTestNG.initAndRun(RemoteTestNG.java:251)
at org.testng.remote.RemoteTestNG.main(RemoteTestNG.java:77)
]]>
    </failure>
  </testcase> <!-- Testcase_RowCount_validation -->
  <system-out>
    <![CDATA[Executing Snowflake query :: SELECT count(*) as TOTAL FROM DEV_ENT_RAW.ST_MAITZ_MATILLION.JOBASSIGNMENT
Table Count in Snowflake:: 234816
Executing Snowflake query :: select count(*) as TOTAL from CURATED_DATAMART.ST_BKP_MAITZ.STR_JOBASSIGNMENT Where ACTIVE_FLAG='Y'
Table Count in Snowflake:: 234633
Executing Snowflake query :: select count(*) as TOTAL from DEV_ENT_CURATED.MASTER_DIMENSIONS.DIM_JOBASSIGNMENT where tenant_type='MAITZ' and RECORD_UPDATED_BY='Backup Table'
Table Count in Snowflake:: 241760
Row Count of Table JOBASSIGNMENT is not matched for RAW :: 234816 DataMart :: 234633 CURATED :: 241760]]>
  </system-out>
  <testcase classname="testcases.RAW_DATAMART_CURATED.SnowFlake_RowCount_Master" name="Testcase_RowCount_validation" time="1.839">
    <failure message="The following asserts failed:
	null" type="java.lang.AssertionError">
      <![CDATA[java.lang.AssertionError: The following asserts failed:
null
at org.testng.asserts.SoftAssert.assertAll(SoftAssert.java:47)
at org.testng.asserts.SoftAssert.assertAll(SoftAssert.java:31)
at testcases.RAW_DATAMART_CURATED.SnowFlake_RowCount_Master.validate_RowCount_BKP(SnowFlake_RowCount_Master.java:56)
at testcases.RAW_DATAMART_CURATED.SnowFlake_RowCount_Master.Testcase_RowCount_validation(SnowFlake_RowCount_Master.java:25)
at jdk.internal.reflect.GeneratedMethodAccessor13.invoke(Unknown Source)
at java.base/jdk.internal.reflect.DelegatingMethodAccessorImpl.invoke(DelegatingMethodAccessorImpl.java:43)
at java.base/java.lang.reflect.Method.invoke(Method.java:568)
at org.testng.internal.MethodInvocationHelper.invokeMethod(MethodInvocationHelper.java:133)
at org.testng.internal.TestInvoker.invokeMethod(TestInvoker.java:598)
at org.testng.internal.TestInvoker.invokeTestMethod(TestInvoker.java:173)
at org.testng.internal.MethodRunner.runInSequence(MethodRunner.java:46)
at org.testng.internal.TestInvoker$MethodInvocationAgent.invoke(TestInvoker.java:824)
at org.testng.internal.TestInvoker.invokeTestMethods(TestInvoker.java:146)
at org.testng.internal.TestMethodWorker.invokeTestMethods(TestMethodWorker.java:146)
at org.testng.internal.TestMethodWorker.run(TestMethodWorker.java:128)
at java.base/java.util.ArrayList.forEach(ArrayList.java:1511)
at org.testng.TestRunner.privateRun(TestRunner.java:794)
at org.testng.TestRunner.run(TestRunner.java:596)
at org.testng.SuiteRunner.runTest(SuiteRunner.java:377)
at org.testng.SuiteRunner.runSequentially(SuiteRunner.java:371)
at org.testng.SuiteRunner.privateRun(SuiteRunner.java:332)
at org.testng.SuiteRunner.run(SuiteRunner.java:276)
at org.testng.SuiteRunnerWorker.runSuite(SuiteRunnerWorker.java:53)
at org.testng.SuiteRunnerWorker.run(SuiteRunnerWorker.java:96)
at org.testng.TestNG.runSuitesSequentially(TestNG.java:1212)
at org.testng.TestNG.runSuitesLocally(TestNG.java:1134)
at org.testng.TestNG.runSuites(TestNG.java:1063)
at org.testng.TestNG.run(TestNG.java:1031)
at org.testng.remote.AbstractRemoteTestNG.run(AbstractRemoteTestNG.java:115)
at org.testng.remote.RemoteTestNG.initAndRun(RemoteTestNG.java:251)
at org.testng.remote.RemoteTestNG.main(RemoteTestNG.java:77)
]]>
    </failure>
  </testcase> <!-- Testcase_RowCount_validation -->
  <system-out>
    <![CDATA[Executing Snowflake query :: SELECT count(*) as TOTAL FROM DEV_ENT_RAW.ST_HDAIR_MATILLION.TAXZONE
Snowflake - SQLException at readDB() method :: SQL compilation error:
Object 'DEV_ENT_RAW.ST_HDAIR_MATILLION.TAXZONE' does not exist or not authorized.
Executing Snowflake query :: select count(*) as TOTAL from CURATED_DATAMART.ST_BKP_HDAIR.STR_TAXZONE Where ACTIVE_FLAG='Y'
Table Count in Snowflake:: 25
Executing Snowflake query :: select count(*) as TOTAL from DEV_ENT_CURATED.MASTER_DIMENSIONS.DIM_TAXZONE where tenant_type='HDAIR' and RECORD_UPDATED_BY='Backup Table'
Table Count in Snowflake:: 25
Row Count of Table TAXZONE is matched for RAW :: 0 DataMart :: 25 CURATED :: 25]]>
  </system-out>
  <testcase classname="testcases.RAW_DATAMART_CURATED.SnowFlake_RowCount_Master" name="Testcase_RowCount_validation" time="2.360">
    <failure message="The following asserts failed:
	null" type="java.lang.AssertionError">
      <![CDATA[java.lang.AssertionError: The following asserts failed:
null
at org.testng.asserts.SoftAssert.assertAll(SoftAssert.java:47)
at org.testng.asserts.SoftAssert.assertAll(SoftAssert.java:31)
at testcases.RAW_DATAMART_CURATED.SnowFlake_RowCount_Master.validate_RowCount_BKP(SnowFlake_RowCount_Master.java:56)
at testcases.RAW_DATAMART_CURATED.SnowFlake_RowCount_Master.Testcase_RowCount_validation(SnowFlake_RowCount_Master.java:25)
at jdk.internal.reflect.GeneratedMethodAccessor13.invoke(Unknown Source)
at java.base/jdk.internal.reflect.DelegatingMethodAccessorImpl.invoke(DelegatingMethodAccessorImpl.java:43)
at java.base/java.lang.reflect.Method.invoke(Method.java:568)
at org.testng.internal.MethodInvocationHelper.invokeMethod(MethodInvocationHelper.java:133)
at org.testng.internal.TestInvoker.invokeMethod(TestInvoker.java:598)
at org.testng.internal.TestInvoker.invokeTestMethod(TestInvoker.java:173)
at org.testng.internal.MethodRunner.runInSequence(MethodRunner.java:46)
at org.testng.internal.TestInvoker$MethodInvocationAgent.invoke(TestInvoker.java:824)
at org.testng.internal.TestInvoker.invokeTestMethods(TestInvoker.java:146)
at org.testng.internal.TestMethodWorker.invokeTestMethods(TestMethodWorker.java:146)
at org.testng.internal.TestMethodWorker.run(TestMethodWorker.java:128)
at java.base/java.util.ArrayList.forEach(ArrayList.java:1511)
at org.testng.TestRunner.privateRun(TestRunner.java:794)
at org.testng.TestRunner.run(TestRunner.java:596)
at org.testng.SuiteRunner.runTest(SuiteRunner.java:377)
at org.testng.SuiteRunner.runSequentially(SuiteRunner.java:371)
at org.testng.SuiteRunner.privateRun(SuiteRunner.java:332)
at org.testng.SuiteRunner.run(SuiteRunner.java:276)
at org.testng.SuiteRunnerWorker.runSuite(SuiteRunnerWorker.java:53)
at org.testng.SuiteRunnerWorker.run(SuiteRunnerWorker.java:96)
at org.testng.TestNG.runSuitesSequentially(TestNG.java:1212)
at org.testng.TestNG.runSuitesLocally(TestNG.java:1134)
at org.testng.TestNG.runSuites(TestNG.java:1063)
at org.testng.TestNG.run(TestNG.java:1031)
at org.testng.remote.AbstractRemoteTestNG.run(AbstractRemoteTestNG.java:115)
at org.testng.remote.RemoteTestNG.initAndRun(RemoteTestNG.java:251)
at org.testng.remote.RemoteTestNG.main(RemoteTestNG.java:77)
]]>
    </failure>
  </testcase> <!-- Testcase_RowCount_validation -->
  <system-out>
    <![CDATA[Executing Snowflake query :: SELECT count(*) as TOTAL FROM DEV_ENT_RAW.ST_CASTEEL_MATILLION.INVOICEITEM
Table Count in Snowflake:: 3055244
Executing Snowflake query :: select count(*) as TOTAL from CURATED_DATAMART.ST_BKP_CASTEEL.STR_INVOICEITEM Where ACTIVE_FLAG='Y'
Table Count in Snowflake:: 3051702
Executing Snowflake query :: select count(*) as TOTAL from DEV_ENT_CURATED.MASTER_DIMENSIONS.DIM_INVOICEITEM where tenant_type='CASTEEL' and RECORD_UPDATED_BY='Backup Table'
Table Count in Snowflake:: 3049725
Row Count of Table INVOICEITEM is not matched for RAW :: 3055244 DataMart :: 3051702 CURATED :: 3049725]]>
  </system-out>
  <testcase classname="testcases.RAW_DATAMART_CURATED.SnowFlake_RowCount_Master" name="Testcase_RowCount_validation" time="3.279">
    <failure message="The following asserts failed:
	null" type="java.lang.AssertionError">
      <![CDATA[java.lang.AssertionError: The following asserts failed:
null
at org.testng.asserts.SoftAssert.assertAll(SoftAssert.java:47)
at org.testng.asserts.SoftAssert.assertAll(SoftAssert.java:31)
at testcases.RAW_DATAMART_CURATED.SnowFlake_RowCount_Master.validate_RowCount_BKP(SnowFlake_RowCount_Master.java:56)
at testcases.RAW_DATAMART_CURATED.SnowFlake_RowCount_Master.Testcase_RowCount_validation(SnowFlake_RowCount_Master.java:25)
at jdk.internal.reflect.GeneratedMethodAccessor13.invoke(Unknown Source)
at java.base/jdk.internal.reflect.DelegatingMethodAccessorImpl.invoke(DelegatingMethodAccessorImpl.java:43)
at java.base/java.lang.reflect.Method.invoke(Method.java:568)
at org.testng.internal.MethodInvocationHelper.invokeMethod(MethodInvocationHelper.java:133)
at org.testng.internal.TestInvoker.invokeMethod(TestInvoker.java:598)
at org.testng.internal.TestInvoker.invokeTestMethod(TestInvoker.java:173)
at org.testng.internal.MethodRunner.runInSequence(MethodRunner.java:46)
at org.testng.internal.TestInvoker$MethodInvocationAgent.invoke(TestInvoker.java:824)
at org.testng.internal.TestInvoker.invokeTestMethods(TestInvoker.java:146)
at org.testng.internal.TestMethodWorker.invokeTestMethods(TestMethodWorker.java:146)
at org.testng.internal.TestMethodWorker.run(TestMethodWorker.java:128)
at java.base/java.util.ArrayList.forEach(ArrayList.java:1511)
at org.testng.TestRunner.privateRun(TestRunner.java:794)
at org.testng.TestRunner.run(TestRunner.java:596)
at org.testng.SuiteRunner.runTest(SuiteRunner.java:377)
at org.testng.SuiteRunner.runSequentially(SuiteRunner.java:371)
at org.testng.SuiteRunner.privateRun(SuiteRunner.java:332)
at org.testng.SuiteRunner.run(SuiteRunner.java:276)
at org.testng.SuiteRunnerWorker.runSuite(SuiteRunnerWorker.java:53)
at org.testng.SuiteRunnerWorker.run(SuiteRunnerWorker.java:96)
at org.testng.TestNG.runSuitesSequentially(TestNG.java:1212)
at org.testng.TestNG.runSuitesLocally(TestNG.java:1134)
at org.testng.TestNG.runSuites(TestNG.java:1063)
at org.testng.TestNG.run(TestNG.java:1031)
at org.testng.remote.AbstractRemoteTestNG.run(AbstractRemoteTestNG.java:115)
at org.testng.remote.RemoteTestNG.initAndRun(RemoteTestNG.java:251)
at org.testng.remote.RemoteTestNG.main(RemoteTestNG.java:77)
]]>
    </failure>
  </testcase> <!-- Testcase_RowCount_validation -->
  <system-out>
    <![CDATA[Executing Snowflake query :: SELECT count(*) as TOTAL FROM DEV_ENT_RAW.ST_HDAIR_MATILLION.JOBAPPOINTMENTASSIGNMENT
Snowflake - SQLException at readDB() method :: SQL compilation error:
Object 'DEV_ENT_RAW.ST_HDAIR_MATILLION.JOBAPPOINTMENTASSIGNMENT' does not exist or not authorized.
Executing Snowflake query :: select count(*) as TOTAL from CURATED_DATAMART.ST_BKP_HDAIR.STR_JOBAPPOINTMENTASSIGNMENT Where ACTIVE_FLAG='Y'
Table Count in Snowflake:: 172041
Executing Snowflake query :: select count(*) as TOTAL from DEV_ENT_CURATED.MASTER_DIMENSIONS.DIM_JOBAPPOINTMENTASSIGNMENT where tenant_type='HDAIR' and RECORD_UPDATED_BY='Backup Table'
Table Count in Snowflake:: 172041
Row Count of Table JOBAPPOINTMENTASSIGNMENT is matched for RAW :: 0 DataMart :: 172041 CURATED :: 172041]]>
  </system-out>
  <testcase classname="testcases.RAW_DATAMART_CURATED.SnowFlake_RowCount_Master" name="Testcase_RowCount_validation" time="1.633">
    <failure message="The following asserts failed:
	null" type="java.lang.AssertionError">
      <![CDATA[java.lang.AssertionError: The following asserts failed:
null
at org.testng.asserts.SoftAssert.assertAll(SoftAssert.java:47)
at org.testng.asserts.SoftAssert.assertAll(SoftAssert.java:31)
at testcases.RAW_DATAMART_CURATED.SnowFlake_RowCount_Master.validate_RowCount_BKP(SnowFlake_RowCount_Master.java:56)
at testcases.RAW_DATAMART_CURATED.SnowFlake_RowCount_Master.Testcase_RowCount_validation(SnowFlake_RowCount_Master.java:25)
at java.base/jdk.internal.reflect.NativeMethodAccessorImpl.invoke0(Native Method)
at java.base/jdk.internal.reflect.NativeMethodAccessorImpl.invoke(NativeMethodAccessorImpl.java:77)
at java.base/jdk.internal.reflect.DelegatingMethodAccessorImpl.invoke(DelegatingMethodAccessorImpl.java:43)
at java.base/java.lang.reflect.Method.invoke(Method.java:568)
at org.testng.internal.MethodInvocationHelper.invokeMethod(MethodInvocationHelper.java:133)
at org.testng.internal.TestInvoker.invokeMethod(TestInvoker.java:598)
at org.testng.internal.TestInvoker.invokeTestMethod(TestInvoker.java:173)
at org.testng.internal.MethodRunner.runInSequence(MethodRunner.java:46)
at org.testng.internal.TestInvoker$MethodInvocationAgent.invoke(TestInvoker.java:824)
at org.testng.internal.TestInvoker.invokeTestMethods(TestInvoker.java:146)
at org.testng.internal.TestMethodWorker.invokeTestMethods(TestMethodWorker.java:146)
at org.testng.internal.TestMethodWorker.run(TestMethodWorker.java:128)
at java.base/java.util.ArrayList.forEach(ArrayList.java:1511)
at org.testng.TestRunner.privateRun(TestRunner.java:794)
at org.testng.TestRunner.run(TestRunner.java:596)
at org.testng.SuiteRunner.runTest(SuiteRunner.java:377)
at org.testng.SuiteRunner.runSequentially(SuiteRunner.java:371)
at org.testng.SuiteRunner.privateRun(SuiteRunner.java:332)
at org.testng.SuiteRunner.run(SuiteRunner.java:276)
at org.testng.SuiteRunnerWorker.runSuite(SuiteRunnerWorker.java:53)
at org.testng.SuiteRunnerWorker.run(SuiteRunnerWorker.java:96)
at org.testng.TestNG.runSuitesSequentially(TestNG.java:1212)
at org.testng.TestNG.runSuitesLocally(TestNG.java:1134)
at org.testng.TestNG.runSuites(TestNG.java:1063)
at org.testng.TestNG.run(TestNG.java:1031)
at org.testng.remote.AbstractRemoteTestNG.run(AbstractRemoteTestNG.java:115)
at org.testng.remote.RemoteTestNG.initAndRun(RemoteTestNG.java:251)
at org.testng.remote.RemoteTestNG.main(RemoteTestNG.java:77)
]]>
    </failure>
  </testcase> <!-- Testcase_RowCount_validation -->
  <system-out>
    <![CDATA[Executing Snowflake query :: SELECT count(*) as TOTAL FROM DEV_ENT_RAW.ST_BILLFENWICK_MATILLION.TECHNICIANPAYROLL
Table Count in Snowflake:: 0
Executing Snowflake query :: select count(*) as TOTAL from CURATED_DATAMART.ST_BKP_BILLFENWICK.STR_TECHNICIANPAYROLL Where ACTIVE_FLAG='Y'
Table Count in Snowflake:: 0
Executing Snowflake query :: select count(*) as TOTAL from DEV_ENT_CURATED.MASTER_DIMENSIONS.DIM_TECHNICIANPAYROLL where tenant_type='BILLFENWICK' and RECORD_UPDATED_BY='Backup Table'
Snowflake - SQLException at readDB() method :: SQL compilation error: error line 1 at position 122
invalid identifier 'RECORD_UPDATED_BY'
Row Count of Table TECHNICIANPAYROLL is matched for RAW :: 0 DataMart :: 0 CURATED :: 0]]>
  </system-out>
  <testcase classname="testcases.RAW_DATAMART_CURATED.SnowFlake_RowCount_Master" name="Testcase_RowCount_validation" time="1.508">
    <failure message="The following asserts failed:
	null,
	null" type="java.lang.AssertionError">
      <![CDATA[java.lang.AssertionError: The following asserts failed:
null,
null
at org.testng.asserts.SoftAssert.assertAll(SoftAssert.java:47)
at org.testng.asserts.SoftAssert.assertAll(SoftAssert.java:31)
at testcases.RAW_DATAMART_CURATED.SnowFlake_RowCount_Master.validate_RowCount_BKP(SnowFlake_RowCount_Master.java:56)
at testcases.RAW_DATAMART_CURATED.SnowFlake_RowCount_Master.Testcase_RowCount_validation(SnowFlake_RowCount_Master.java:25)
at jdk.internal.reflect.GeneratedMethodAccessor13.invoke(Unknown Source)
at java.base/jdk.internal.reflect.DelegatingMethodAccessorImpl.invoke(DelegatingMethodAccessorImpl.java:43)
at java.base/java.lang.reflect.Method.invoke(Method.java:568)
at org.testng.internal.MethodInvocationHelper.invokeMethod(MethodInvocationHelper.java:133)
at org.testng.internal.TestInvoker.invokeMethod(TestInvoker.java:598)
at org.testng.internal.TestInvoker.invokeTestMethod(TestInvoker.java:173)
at org.testng.internal.MethodRunner.runInSequence(MethodRunner.java:46)
at org.testng.internal.TestInvoker$MethodInvocationAgent.invoke(TestInvoker.java:824)
at org.testng.internal.TestInvoker.invokeTestMethods(TestInvoker.java:146)
at org.testng.internal.TestMethodWorker.invokeTestMethods(TestMethodWorker.java:146)
at org.testng.internal.TestMethodWorker.run(TestMethodWorker.java:128)
at java.base/java.util.ArrayList.forEach(ArrayList.java:1511)
at org.testng.TestRunner.privateRun(TestRunner.java:794)
at org.testng.TestRunner.run(TestRunner.java:596)
at org.testng.SuiteRunner.runTest(SuiteRunner.java:377)
at org.testng.SuiteRunner.runSequentially(SuiteRunner.java:371)
at org.testng.SuiteRunner.privateRun(SuiteRunner.java:332)
at org.testng.SuiteRunner.run(SuiteRunner.java:276)
at org.testng.SuiteRunnerWorker.runSuite(SuiteRunnerWorker.java:53)
at org.testng.SuiteRunnerWorker.run(SuiteRunnerWorker.java:96)
at org.testng.TestNG.runSuitesSequentially(TestNG.java:1212)
at org.testng.TestNG.runSuitesLocally(TestNG.java:1134)
at org.testng.TestNG.runSuites(TestNG.java:1063)
at org.testng.TestNG.run(TestNG.java:1031)
at org.testng.remote.AbstractRemoteTestNG.run(AbstractRemoteTestNG.java:115)
at org.testng.remote.RemoteTestNG.initAndRun(RemoteTestNG.java:251)
at org.testng.remote.RemoteTestNG.main(RemoteTestNG.java:77)
]]>
    </failure>
  </testcase> <!-- Testcase_RowCount_validation -->
  <system-out>
    <![CDATA[Executing Snowflake query :: SELECT count(*) as TOTAL FROM DEV_ENT_RAW.ST_HDAIR_MATILLION.VENDOR
Snowflake - SQLException at readDB() method :: SQL compilation error:
Object 'DEV_ENT_RAW.ST_HDAIR_MATILLION.VENDOR' does not exist or not authorized.
Executing Snowflake query :: select count(*) as TOTAL from CURATED_DATAMART.ST_BKP_HDAIR.STR_VENDOR Where ACTIVE_FLAG='Y'
Table Count in Snowflake:: 1809
Executing Snowflake query :: select count(*) as TOTAL from DEV_ENT_CURATED.MASTER_DIMENSIONS.DIM_VENDOR where tenant_type='HDAIR' and RECORD_UPDATED_BY='Backup Table'
Table Count in Snowflake:: 0
Row Count of Table VENDOR is not matched for RAW :: 0 DataMart :: 1809 CURATED :: 0]]>
  </system-out>
  <testcase classname="testcases.RAW_DATAMART_CURATED.SnowFlake_RowCount_Master" name="Testcase_RowCount_validation" time="1.647">
    <failure message="The following asserts failed:
	null" type="java.lang.AssertionError">
      <![CDATA[java.lang.AssertionError: The following asserts failed:
null
at org.testng.asserts.SoftAssert.assertAll(SoftAssert.java:47)
at org.testng.asserts.SoftAssert.assertAll(SoftAssert.java:31)
at testcases.RAW_DATAMART_CURATED.SnowFlake_RowCount_Master.validate_RowCount_BKP(SnowFlake_RowCount_Master.java:56)
at testcases.RAW_DATAMART_CURATED.SnowFlake_RowCount_Master.Testcase_RowCount_validation(SnowFlake_RowCount_Master.java:25)
at jdk.internal.reflect.GeneratedMethodAccessor13.invoke(Unknown Source)
at java.base/jdk.internal.reflect.DelegatingMethodAccessorImpl.invoke(DelegatingMethodAccessorImpl.java:43)
at java.base/java.lang.reflect.Method.invoke(Method.java:568)
at org.testng.internal.MethodInvocationHelper.invokeMethod(MethodInvocationHelper.java:133)
at org.testng.internal.TestInvoker.invokeMethod(TestInvoker.java:598)
at org.testng.internal.TestInvoker.invokeTestMethod(TestInvoker.java:173)
at org.testng.internal.MethodRunner.runInSequence(MethodRunner.java:46)
at org.testng.internal.TestInvoker$MethodInvocationAgent.invoke(TestInvoker.java:824)
at org.testng.internal.TestInvoker.invokeTestMethods(TestInvoker.java:146)
at org.testng.internal.TestMethodWorker.invokeTestMethods(TestMethodWorker.java:146)
at org.testng.internal.TestMethodWorker.run(TestMethodWorker.java:128)
at java.base/java.util.ArrayList.forEach(ArrayList.java:1511)
at org.testng.TestRunner.privateRun(TestRunner.java:794)
at org.testng.TestRunner.run(TestRunner.java:596)
at org.testng.SuiteRunner.runTest(SuiteRunner.java:377)
at org.testng.SuiteRunner.runSequentially(SuiteRunner.java:371)
at org.testng.SuiteRunner.privateRun(SuiteRunner.java:332)
at org.testng.SuiteRunner.run(SuiteRunner.java:276)
at org.testng.SuiteRunnerWorker.runSuite(SuiteRunnerWorker.java:53)
at org.testng.SuiteRunnerWorker.run(SuiteRunnerWorker.java:96)
at org.testng.TestNG.runSuitesSequentially(TestNG.java:1212)
at org.testng.TestNG.runSuitesLocally(TestNG.java:1134)
at org.testng.TestNG.runSuites(TestNG.java:1063)
at org.testng.TestNG.run(TestNG.java:1031)
at org.testng.remote.AbstractRemoteTestNG.run(AbstractRemoteTestNG.java:115)
at org.testng.remote.RemoteTestNG.initAndRun(RemoteTestNG.java:251)
at org.testng.remote.RemoteTestNG.main(RemoteTestNG.java:77)
]]>
    </failure>
  </testcase> <!-- Testcase_RowCount_validation -->
  <system-out>
    <![CDATA[Executing Snowflake query :: SELECT count(*) as TOTAL FROM DEV_ENT_RAW.ST_SNELLHEATINGAIR_MATILLION.PURCHASEORDERITEM
Table Count in Snowflake:: 57184
Executing Snowflake query :: select count(*) as TOTAL from CURATED_DATAMART.ST_BKP_SNELLHEATINGAIR.STR_PURCHASEORDERITEM Where ACTIVE_FLAG='Y'
Table Count in Snowflake:: 56971
Executing Snowflake query :: select count(*) as TOTAL from DEV_ENT_CURATED.MASTER_DIMENSIONS.DIM_PURCHASEORDERITEM where tenant_type='SNELLHEATINGAIR' and RECORD_UPDATED_BY='Backup Table'
Table Count in Snowflake:: 50111
Row Count of Table PURCHASEORDERITEM is not matched for RAW :: 57184 DataMart :: 56971 CURATED :: 50111]]>
  </system-out>
  <testcase classname="testcases.RAW_DATAMART_CURATED.SnowFlake_RowCount_Master" name="Testcase_RowCount_validation" time="3.890">
    <failure message="The following asserts failed:
	null" type="java.lang.AssertionError">
      <![CDATA[java.lang.AssertionError: The following asserts failed:
null
at org.testng.asserts.SoftAssert.assertAll(SoftAssert.java:47)
at org.testng.asserts.SoftAssert.assertAll(SoftAssert.java:31)
at testcases.RAW_DATAMART_CURATED.SnowFlake_RowCount_Master.validate_RowCount_API(SnowFlake_RowCount_Master.java:115)
at testcases.RAW_DATAMART_CURATED.SnowFlake_RowCount_Master.Testcase_RowCount_validation(SnowFlake_RowCount_Master.java:28)
at jdk.internal.reflect.GeneratedMethodAccessor13.invoke(Unknown Source)
at java.base/jdk.internal.reflect.DelegatingMethodAccessorImpl.invoke(DelegatingMethodAccessorImpl.java:43)
at java.base/java.lang.reflect.Method.invoke(Method.java:568)
at org.testng.internal.MethodInvocationHelper.invokeMethod(MethodInvocationHelper.java:133)
at org.testng.internal.TestInvoker.invokeMethod(TestInvoker.java:598)
at org.testng.internal.TestInvoker.invokeTestMethod(TestInvoker.java:173)
at org.testng.internal.MethodRunner.runInSequence(MethodRunner.java:46)
at org.testng.internal.TestInvoker$MethodInvocationAgent.invoke(TestInvoker.java:824)
at org.testng.internal.TestInvoker.invokeTestMethods(TestInvoker.java:146)
at org.testng.internal.TestMethodWorker.invokeTestMethods(TestMethodWorker.java:146)
at org.testng.internal.TestMethodWorker.run(TestMethodWorker.java:128)
at java.base/java.util.ArrayList.forEach(ArrayList.java:1511)
at org.testng.TestRunner.privateRun(TestRunner.java:794)
at org.testng.TestRunner.run(TestRunner.java:596)
at org.testng.SuiteRunner.runTest(SuiteRunner.java:377)
at org.testng.SuiteRunner.runSequentially(SuiteRunner.java:371)
at org.testng.SuiteRunner.privateRun(SuiteRunner.java:332)
at org.testng.SuiteRunner.run(SuiteRunner.java:276)
at org.testng.SuiteRunnerWorker.runSuite(SuiteRunnerWorker.java:53)
at org.testng.SuiteRunnerWorker.run(SuiteRunnerWorker.java:96)
at org.testng.TestNG.runSuitesSequentially(TestNG.java:1212)
at org.testng.TestNG.runSuitesLocally(TestNG.java:1134)
at org.testng.TestNG.runSuites(TestNG.java:1063)
at org.testng.TestNG.run(TestNG.java:1031)
at org.testng.remote.AbstractRemoteTestNG.run(AbstractRemoteTestNG.java:115)
at org.testng.remote.RemoteTestNG.initAndRun(RemoteTestNG.java:251)
at org.testng.remote.RemoteTestNG.main(RemoteTestNG.java:77)
]]>
    </failure>
  </testcase> <!-- Testcase_RowCount_validation -->
  <system-out>
    <![CDATA[Executing Snowflake query :: SELECT count(*) as TOTAL FROM DEV_ENT_RAW.API_MAT.ST_API_TAG WHERE TENANT_NAME='HORIZONSERVICES'
Table Count in Snowflake:: 57505
Executing Snowflake query :: select count(*) as TOTAL from CURATED_DATAMART.ST_API_HORIZONSERVICES.STR_API_TAG WHERE ACTIVE_FLAG='Y'
Table Count in Snowflake:: 44862
Executing Snowflake query :: select count(*) as TOTAL from DEV_ENT_CURATED.MASTER_DIMENSIONS.DIM_TAG WHERE TENANT_TYPE='HORIZONSERVICES' and RECORD_UPDATED_BY='API ETL'
Table Count in Snowflake:: 0
Row Count of Table TAG is not matched for APIMAT :: 57505 DataMart :: 44862
Executing Snowflake query :: select count(*) as TOTAL from DEV_ENT_CURATED.MASTER_DIMENSIONS.DIM_TAG WHERE TENANT_TYPE='HORIZONSERVICES' and RECORD_UPDATED_BY='Backup Table' AND ID in (select ID from CURATED_DATAMART.ST_API_HORIZONSERVICES.STR_API_TAG WHERE ACTIVE_FLAG='Y')
Table Count in Snowflake:: 44862
Row Count of Table TAG is matched for DataMart :: 44862 CURATED :: 44862]]>
  </system-out>
  <testcase classname="testcases.RAW_DATAMART_CURATED.SnowFlake_RowCount_Master" name="Testcase_RowCount_validation" time="3.686">
    <failure message="The following asserts failed:
	null" type="java.lang.AssertionError">
      <![CDATA[java.lang.AssertionError: The following asserts failed:
null
at org.testng.asserts.SoftAssert.assertAll(SoftAssert.java:47)
at org.testng.asserts.SoftAssert.assertAll(SoftAssert.java:31)
at testcases.RAW_DATAMART_CURATED.SnowFlake_RowCount_Master.validate_RowCount_BKP(SnowFlake_RowCount_Master.java:56)
at testcases.RAW_DATAMART_CURATED.SnowFlake_RowCount_Master.Testcase_RowCount_validation(SnowFlake_RowCount_Master.java:25)
at jdk.internal.reflect.GeneratedMethodAccessor13.invoke(Unknown Source)
at java.base/jdk.internal.reflect.DelegatingMethodAccessorImpl.invoke(DelegatingMethodAccessorImpl.java:43)
at java.base/java.lang.reflect.Method.invoke(Method.java:568)
at org.testng.internal.MethodInvocationHelper.invokeMethod(MethodInvocationHelper.java:133)
at org.testng.internal.TestInvoker.invokeMethod(TestInvoker.java:598)
at org.testng.internal.TestInvoker.invokeTestMethod(TestInvoker.java:173)
at org.testng.internal.MethodRunner.runInSequence(MethodRunner.java:46)
at org.testng.internal.TestInvoker$MethodInvocationAgent.invoke(TestInvoker.java:824)
at org.testng.internal.TestInvoker.invokeTestMethods(TestInvoker.java:146)
at org.testng.internal.TestMethodWorker.invokeTestMethods(TestMethodWorker.java:146)
at org.testng.internal.TestMethodWorker.run(TestMethodWorker.java:128)
at java.base/java.util.ArrayList.forEach(ArrayList.java:1511)
at org.testng.TestRunner.privateRun(TestRunner.java:794)
at org.testng.TestRunner.run(TestRunner.java:596)
at org.testng.SuiteRunner.runTest(SuiteRunner.java:377)
at org.testng.SuiteRunner.runSequentially(SuiteRunner.java:371)
at org.testng.SuiteRunner.privateRun(SuiteRunner.java:332)
at org.testng.SuiteRunner.run(SuiteRunner.java:276)
at org.testng.SuiteRunnerWorker.runSuite(SuiteRunnerWorker.java:53)
at org.testng.SuiteRunnerWorker.run(SuiteRunnerWorker.java:96)
at org.testng.TestNG.runSuitesSequentially(TestNG.java:1212)
at org.testng.TestNG.runSuitesLocally(TestNG.java:1134)
at org.testng.TestNG.runSuites(TestNG.java:1063)
at org.testng.TestNG.run(TestNG.java:1031)
at org.testng.remote.AbstractRemoteTestNG.run(AbstractRemoteTestNG.java:115)
at org.testng.remote.RemoteTestNG.initAndRun(RemoteTestNG.java:251)
at org.testng.remote.RemoteTestNG.main(RemoteTestNG.java:77)
]]>
    </failure>
  </testcase> <!-- Testcase_RowCount_validation -->
  <system-out>
    <![CDATA[Executing Snowflake query :: SELECT count(*) as TOTAL FROM DEV_ENT_RAW.ST_HARP_MATILLION.TECHNICIANPAYROLLADJUSTMENT
Table Count in Snowflake:: 0
Executing Snowflake query :: select count(*) as TOTAL from CURATED_DATAMART.ST_BKP_HARP.STR_TECHNICIANPAYROLLADJUSTMENT Where ACTIVE_FLAG='Y'
Table Count in Snowflake:: 0
Executing Snowflake query :: select count(*) as TOTAL from DEV_ENT_CURATED.MASTER_DIMENSIONS.DIM_TECHNICIANPAYROLLADJUSTMENT where tenant_type='HARP' and RECORD_UPDATED_BY='Backup Table'
Snowflake - SQLException at readDB() method :: SQL compilation error: error line 1 at position 125
invalid identifier 'RECORD_UPDATED_BY'
Row Count of Table TECHNICIANPAYROLLADJUSTMENT is matched for RAW :: 0 DataMart :: 0 CURATED :: 0]]>
  </system-out>
  <testcase classname="testcases.RAW_DATAMART_CURATED.SnowFlake_RowCount_Master" name="Testcase_RowCount_validation" time="2.041">
    <failure message="The following asserts failed:
	null,
	null" type="java.lang.AssertionError">
      <![CDATA[java.lang.AssertionError: The following asserts failed:
null,
null
at org.testng.asserts.SoftAssert.assertAll(SoftAssert.java:47)
at org.testng.asserts.SoftAssert.assertAll(SoftAssert.java:31)
at testcases.RAW_DATAMART_CURATED.SnowFlake_RowCount_Master.validate_RowCount_BKP(SnowFlake_RowCount_Master.java:56)
at testcases.RAW_DATAMART_CURATED.SnowFlake_RowCount_Master.Testcase_RowCount_validation(SnowFlake_RowCount_Master.java:25)
at jdk.internal.reflect.GeneratedMethodAccessor13.invoke(Unknown Source)
at java.base/jdk.internal.reflect.DelegatingMethodAccessorImpl.invoke(DelegatingMethodAccessorImpl.java:43)
at java.base/java.lang.reflect.Method.invoke(Method.java:568)
at org.testng.internal.MethodInvocationHelper.invokeMethod(MethodInvocationHelper.java:133)
at org.testng.internal.TestInvoker.invokeMethod(TestInvoker.java:598)
at org.testng.internal.TestInvoker.invokeTestMethod(TestInvoker.java:173)
at org.testng.internal.MethodRunner.runInSequence(MethodRunner.java:46)
at org.testng.internal.TestInvoker$MethodInvocationAgent.invoke(TestInvoker.java:824)
at org.testng.internal.TestInvoker.invokeTestMethods(TestInvoker.java:146)
at org.testng.internal.TestMethodWorker.invokeTestMethods(TestMethodWorker.java:146)
at org.testng.internal.TestMethodWorker.run(TestMethodWorker.java:128)
at java.base/java.util.ArrayList.forEach(ArrayList.java:1511)
at org.testng.TestRunner.privateRun(TestRunner.java:794)
at org.testng.TestRunner.run(TestRunner.java:596)
at org.testng.SuiteRunner.runTest(SuiteRunner.java:377)
at org.testng.SuiteRunner.runSequentially(SuiteRunner.java:371)
at org.testng.SuiteRunner.privateRun(SuiteRunner.java:332)
at org.testng.SuiteRunner.run(SuiteRunner.java:276)
at org.testng.SuiteRunnerWorker.runSuite(SuiteRunnerWorker.java:53)
at org.testng.SuiteRunnerWorker.run(SuiteRunnerWorker.java:96)
at org.testng.TestNG.runSuitesSequentially(TestNG.java:1212)
at org.testng.TestNG.runSuitesLocally(TestNG.java:1134)
at org.testng.TestNG.runSuites(TestNG.java:1063)
at org.testng.TestNG.run(TestNG.java:1031)
at org.testng.remote.AbstractRemoteTestNG.run(AbstractRemoteTestNG.java:115)
at org.testng.remote.RemoteTestNG.initAndRun(RemoteTestNG.java:251)
at org.testng.remote.RemoteTestNG.main(RemoteTestNG.java:77)
]]>
    </failure>
  </testcase> <!-- Testcase_RowCount_validation -->
  <system-out>
    <![CDATA[Executing Snowflake query :: SELECT count(*) as TOTAL FROM DEV_ENT_RAW.ST_HDAIR_MATILLION.EMPLOYEE
Snowflake - SQLException at readDB() method :: SQL compilation error:
Object 'DEV_ENT_RAW.ST_HDAIR_MATILLION.EMPLOYEE' does not exist or not authorized.
Executing Snowflake query :: select count(*) as TOTAL from CURATED_DATAMART.ST_BKP_HDAIR.STR_EMPLOYEE Where ACTIVE_FLAG='Y'
Table Count in Snowflake:: 98
Executing Snowflake query :: select count(*) as TOTAL from DEV_ENT_CURATED.MASTER_DIMENSIONS.DIM_EMPLOYEE where tenant_type='HDAIR' and RECORD_UPDATED_BY='Backup Table'
Table Count in Snowflake:: 81
Row Count of Table EMPLOYEE is not matched for RAW :: 0 DataMart :: 98 CURATED :: 81]]>
  </system-out>
  <testcase classname="testcases.RAW_DATAMART_CURATED.SnowFlake_RowCount_Master" name="Testcase_RowCount_validation" time="2.349">
    <failure message="The following asserts failed:
	null" type="java.lang.AssertionError">
      <![CDATA[java.lang.AssertionError: The following asserts failed:
null
at org.testng.asserts.SoftAssert.assertAll(SoftAssert.java:47)
at org.testng.asserts.SoftAssert.assertAll(SoftAssert.java:31)
at testcases.RAW_DATAMART_CURATED.SnowFlake_RowCount_Master.validate_RowCount_BKP(SnowFlake_RowCount_Master.java:56)
at testcases.RAW_DATAMART_CURATED.SnowFlake_RowCount_Master.Testcase_RowCount_validation(SnowFlake_RowCount_Master.java:25)
at jdk.internal.reflect.GeneratedMethodAccessor13.invoke(Unknown Source)
at java.base/jdk.internal.reflect.DelegatingMethodAccessorImpl.invoke(DelegatingMethodAccessorImpl.java:43)
at java.base/java.lang.reflect.Method.invoke(Method.java:568)
at org.testng.internal.MethodInvocationHelper.invokeMethod(MethodInvocationHelper.java:133)
at org.testng.internal.TestInvoker.invokeMethod(TestInvoker.java:598)
at org.testng.internal.TestInvoker.invokeTestMethod(TestInvoker.java:173)
at org.testng.internal.MethodRunner.runInSequence(MethodRunner.java:46)
at org.testng.internal.TestInvoker$MethodInvocationAgent.invoke(TestInvoker.java:824)
at org.testng.internal.TestInvoker.invokeTestMethods(TestInvoker.java:146)
at org.testng.internal.TestMethodWorker.invokeTestMethods(TestMethodWorker.java:146)
at org.testng.internal.TestMethodWorker.run(TestMethodWorker.java:128)
at java.base/java.util.ArrayList.forEach(ArrayList.java:1511)
at org.testng.TestRunner.privateRun(TestRunner.java:794)
at org.testng.TestRunner.run(TestRunner.java:596)
at org.testng.SuiteRunner.runTest(SuiteRunner.java:377)
at org.testng.SuiteRunner.runSequentially(SuiteRunner.java:371)
at org.testng.SuiteRunner.privateRun(SuiteRunner.java:332)
at org.testng.SuiteRunner.run(SuiteRunner.java:276)
at org.testng.SuiteRunnerWorker.runSuite(SuiteRunnerWorker.java:53)
at org.testng.SuiteRunnerWorker.run(SuiteRunnerWorker.java:96)
at org.testng.TestNG.runSuitesSequentially(TestNG.java:1212)
at org.testng.TestNG.runSuitesLocally(TestNG.java:1134)
at org.testng.TestNG.runSuites(TestNG.java:1063)
at org.testng.TestNG.run(TestNG.java:1031)
at org.testng.remote.AbstractRemoteTestNG.run(AbstractRemoteTestNG.java:115)
at org.testng.remote.RemoteTestNG.initAndRun(RemoteTestNG.java:251)
at org.testng.remote.RemoteTestNG.main(RemoteTestNG.java:77)
]]>
    </failure>
  </testcase> <!-- Testcase_RowCount_validation -->
  <system-out>
    <![CDATA[Executing Snowflake query :: SELECT count(*) as TOTAL FROM DEV_ENT_RAW.ST_FOURPROS_MATILLION.PURCHASEORDERITEM
Table Count in Snowflake:: 13355
Executing Snowflake query :: select count(*) as TOTAL from CURATED_DATAMART.ST_BKP_FOURPROS.STR_PURCHASEORDERITEM Where ACTIVE_FLAG='Y'
Table Count in Snowflake:: 13315
Executing Snowflake query :: select count(*) as TOTAL from DEV_ENT_CURATED.MASTER_DIMENSIONS.DIM_PURCHASEORDERITEM where tenant_type='FOURPROS' and RECORD_UPDATED_BY='Backup Table'
Table Count in Snowflake:: 13073
Row Count of Table PURCHASEORDERITEM is not matched for RAW :: 13355 DataMart :: 13315 CURATED :: 13073]]>
  </system-out>
  <testcase classname="testcases.RAW_DATAMART_CURATED.SnowFlake_RowCount_Master" name="Testcase_RowCount_validation" time="1.733">
    <failure message="The following asserts failed:
	null" type="java.lang.AssertionError">
      <![CDATA[java.lang.AssertionError: The following asserts failed:
null
at org.testng.asserts.SoftAssert.assertAll(SoftAssert.java:47)
at org.testng.asserts.SoftAssert.assertAll(SoftAssert.java:31)
at testcases.RAW_DATAMART_CURATED.SnowFlake_RowCount_Master.validate_RowCount_BKP(SnowFlake_RowCount_Master.java:56)
at testcases.RAW_DATAMART_CURATED.SnowFlake_RowCount_Master.Testcase_RowCount_validation(SnowFlake_RowCount_Master.java:25)
at jdk.internal.reflect.GeneratedMethodAccessor13.invoke(Unknown Source)
at java.base/jdk.internal.reflect.DelegatingMethodAccessorImpl.invoke(DelegatingMethodAccessorImpl.java:43)
at java.base/java.lang.reflect.Method.invoke(Method.java:568)
at org.testng.internal.MethodInvocationHelper.invokeMethod(MethodInvocationHelper.java:133)
at org.testng.internal.TestInvoker.invokeMethod(TestInvoker.java:598)
at org.testng.internal.TestInvoker.invokeTestMethod(TestInvoker.java:173)
at org.testng.internal.MethodRunner.runInSequence(MethodRunner.java:46)
at org.testng.internal.TestInvoker$MethodInvocationAgent.invoke(TestInvoker.java:824)
at org.testng.internal.TestInvoker.invokeTestMethods(TestInvoker.java:146)
at org.testng.internal.TestMethodWorker.invokeTestMethods(TestMethodWorker.java:146)
at org.testng.internal.TestMethodWorker.run(TestMethodWorker.java:128)
at java.base/java.util.ArrayList.forEach(ArrayList.java:1511)
at org.testng.TestRunner.privateRun(TestRunner.java:794)
at org.testng.TestRunner.run(TestRunner.java:596)
at org.testng.SuiteRunner.runTest(SuiteRunner.java:377)
at org.testng.SuiteRunner.runSequentially(SuiteRunner.java:371)
at org.testng.SuiteRunner.privateRun(SuiteRunner.java:332)
at org.testng.SuiteRunner.run(SuiteRunner.java:276)
at org.testng.SuiteRunnerWorker.runSuite(SuiteRunnerWorker.java:53)
at org.testng.SuiteRunnerWorker.run(SuiteRunnerWorker.java:96)
at org.testng.TestNG.runSuitesSequentially(TestNG.java:1212)
at org.testng.TestNG.runSuitesLocally(TestNG.java:1134)
at org.testng.TestNG.runSuites(TestNG.java:1063)
at org.testng.TestNG.run(TestNG.java:1031)
at org.testng.remote.AbstractRemoteTestNG.run(AbstractRemoteTestNG.java:115)
at org.testng.remote.RemoteTestNG.initAndRun(RemoteTestNG.java:251)
at org.testng.remote.RemoteTestNG.main(RemoteTestNG.java:77)
]]>
    </failure>
  </testcase> <!-- Testcase_RowCount_validation -->
  <system-out>
    <![CDATA[Executing Snowflake query :: SELECT count(*) as TOTAL FROM DEV_ENT_RAW.ST_HUTCHINSON_MATILLION.EMPLOYEE
Table Count in Snowflake:: 182
Executing Snowflake query :: select count(*) as TOTAL from CURATED_DATAMART.ST_BKP_HUTCHINSON.STR_EMPLOYEE Where ACTIVE_FLAG='Y'
Table Count in Snowflake:: 181
Executing Snowflake query :: select count(*) as TOTAL from DEV_ENT_CURATED.MASTER_DIMENSIONS.DIM_EMPLOYEE where tenant_type='HUTCHINSON' and RECORD_UPDATED_BY='Backup Table'
Table Count in Snowflake:: 148
Row Count of Table EMPLOYEE is not matched for RAW :: 182 DataMart :: 181 CURATED :: 148]]>
  </system-out>
  <testcase classname="testcases.RAW_DATAMART_CURATED.SnowFlake_RowCount_Master" name="Testcase_RowCount_validation" time="1.536">
    <failure message="The following asserts failed:
	null" type="java.lang.AssertionError">
      <![CDATA[java.lang.AssertionError: The following asserts failed:
null
at org.testng.asserts.SoftAssert.assertAll(SoftAssert.java:47)
at org.testng.asserts.SoftAssert.assertAll(SoftAssert.java:31)
at testcases.RAW_DATAMART_CURATED.SnowFlake_RowCount_Master.validate_RowCount_BKP(SnowFlake_RowCount_Master.java:56)
at testcases.RAW_DATAMART_CURATED.SnowFlake_RowCount_Master.Testcase_RowCount_validation(SnowFlake_RowCount_Master.java:25)
at jdk.internal.reflect.GeneratedMethodAccessor13.invoke(Unknown Source)
at java.base/jdk.internal.reflect.DelegatingMethodAccessorImpl.invoke(DelegatingMethodAccessorImpl.java:43)
at java.base/java.lang.reflect.Method.invoke(Method.java:568)
at org.testng.internal.MethodInvocationHelper.invokeMethod(MethodInvocationHelper.java:133)
at org.testng.internal.TestInvoker.invokeMethod(TestInvoker.java:598)
at org.testng.internal.TestInvoker.invokeTestMethod(TestInvoker.java:173)
at org.testng.internal.MethodRunner.runInSequence(MethodRunner.java:46)
at org.testng.internal.TestInvoker$MethodInvocationAgent.invoke(TestInvoker.java:824)
at org.testng.internal.TestInvoker.invokeTestMethods(TestInvoker.java:146)
at org.testng.internal.TestMethodWorker.invokeTestMethods(TestMethodWorker.java:146)
at org.testng.internal.TestMethodWorker.run(TestMethodWorker.java:128)
at java.base/java.util.ArrayList.forEach(ArrayList.java:1511)
at org.testng.TestRunner.privateRun(TestRunner.java:794)
at org.testng.TestRunner.run(TestRunner.java:596)
at org.testng.SuiteRunner.runTest(SuiteRunner.java:377)
at org.testng.SuiteRunner.runSequentially(SuiteRunner.java:371)
at org.testng.SuiteRunner.privateRun(SuiteRunner.java:332)
at org.testng.SuiteRunner.run(SuiteRunner.java:276)
at org.testng.SuiteRunnerWorker.runSuite(SuiteRunnerWorker.java:53)
at org.testng.SuiteRunnerWorker.run(SuiteRunnerWorker.java:96)
at org.testng.TestNG.runSuitesSequentially(TestNG.java:1212)
at org.testng.TestNG.runSuitesLocally(TestNG.java:1134)
at org.testng.TestNG.runSuites(TestNG.java:1063)
at org.testng.TestNG.run(TestNG.java:1031)
at org.testng.remote.AbstractRemoteTestNG.run(AbstractRemoteTestNG.java:115)
at org.testng.remote.RemoteTestNG.initAndRun(RemoteTestNG.java:251)
at org.testng.remote.RemoteTestNG.main(RemoteTestNG.java:77)
]]>
    </failure>
  </testcase> <!-- Testcase_RowCount_validation -->
  <system-out>
    <![CDATA[Executing Snowflake query :: SELECT count(*) as TOTAL FROM DEV_ENT_RAW.ST_HORIZONSERVICES_MATILLION.TECHNICIANSHIFT
Snowflake - SQLException at readDB() method :: SQL compilation error:
Object 'DEV_ENT_RAW.ST_HORIZONSERVICES_MATILLION.TECHNICIANSHIFT' does not exist or not authorized.
Executing Snowflake query :: select count(*) as TOTAL from CURATED_DATAMART.ST_BKP_HORIZONSERVICES.STR_TECHNICIANSHIFT Where ACTIVE_FLAG='Y'
Table Count in Snowflake:: 464269
Executing Snowflake query :: select count(*) as TOTAL from DEV_ENT_CURATED.MASTER_DIMENSIONS.DIM_TECHNICIANSHIFT where tenant_type='HORIZONSERVICES' and RECORD_UPDATED_BY='Backup Table'
Table Count in Snowflake:: 464269
Row Count of Table TECHNICIANSHIFT is matched for RAW :: 0 DataMart :: 464269 CURATED :: 464269]]>
  </system-out>
  <testcase classname="testcases.RAW_DATAMART_CURATED.SnowFlake_RowCount_Master" name="Testcase_RowCount_validation" time="1.841">
    <failure message="The following asserts failed:
	null" type="java.lang.AssertionError">
      <![CDATA[java.lang.AssertionError: The following asserts failed:
null
at org.testng.asserts.SoftAssert.assertAll(SoftAssert.java:47)
at org.testng.asserts.SoftAssert.assertAll(SoftAssert.java:31)
at testcases.RAW_DATAMART_CURATED.SnowFlake_RowCount_Master.validate_RowCount_API(SnowFlake_RowCount_Master.java:115)
at testcases.RAW_DATAMART_CURATED.SnowFlake_RowCount_Master.Testcase_RowCount_validation(SnowFlake_RowCount_Master.java:28)
at jdk.internal.reflect.GeneratedMethodAccessor13.invoke(Unknown Source)
at java.base/jdk.internal.reflect.DelegatingMethodAccessorImpl.invoke(DelegatingMethodAccessorImpl.java:43)
at java.base/java.lang.reflect.Method.invoke(Method.java:568)
at org.testng.internal.MethodInvocationHelper.invokeMethod(MethodInvocationHelper.java:133)
at org.testng.internal.TestInvoker.invokeMethod(TestInvoker.java:598)
at org.testng.internal.TestInvoker.invokeTestMethod(TestInvoker.java:173)
at org.testng.internal.MethodRunner.runInSequence(MethodRunner.java:46)
at org.testng.internal.TestInvoker$MethodInvocationAgent.invoke(TestInvoker.java:824)
at org.testng.internal.TestInvoker.invokeTestMethods(TestInvoker.java:146)
at org.testng.internal.TestMethodWorker.invokeTestMethods(TestMethodWorker.java:146)
at org.testng.internal.TestMethodWorker.run(TestMethodWorker.java:128)
at java.base/java.util.ArrayList.forEach(ArrayList.java:1511)
at org.testng.TestRunner.privateRun(TestRunner.java:794)
at org.testng.TestRunner.run(TestRunner.java:596)
at org.testng.SuiteRunner.runTest(SuiteRunner.java:377)
at org.testng.SuiteRunner.runSequentially(SuiteRunner.java:371)
at org.testng.SuiteRunner.privateRun(SuiteRunner.java:332)
at org.testng.SuiteRunner.run(SuiteRunner.java:276)
at org.testng.SuiteRunnerWorker.runSuite(SuiteRunnerWorker.java:53)
at org.testng.SuiteRunnerWorker.run(SuiteRunnerWorker.java:96)
at org.testng.TestNG.runSuitesSequentially(TestNG.java:1212)
at org.testng.TestNG.runSuitesLocally(TestNG.java:1134)
at org.testng.TestNG.runSuites(TestNG.java:1063)
at org.testng.TestNG.run(TestNG.java:1031)
at org.testng.remote.AbstractRemoteTestNG.run(AbstractRemoteTestNG.java:115)
at org.testng.remote.RemoteTestNG.initAndRun(RemoteTestNG.java:251)
at org.testng.remote.RemoteTestNG.main(RemoteTestNG.java:77)
]]>
    </failure>
  </testcase> <!-- Testcase_RowCount_validation -->
  <system-out>
    <![CDATA[Executing Snowflake query :: SELECT count(*) as TOTAL FROM DEV_ENT_RAW.API_MAT.ST_API_PURCHASEORDERITEM WHERE TENANT_NAME='SNELLHEATINGAIR'
Table Count in Snowflake:: 6883
Executing Snowflake query :: select count(*) as TOTAL from CURATED_DATAMART.ST_API_SNELLHEATINGAIR.STR_API_PURCHASEORDERITEM WHERE ACTIVE_FLAG='Y'
Table Count in Snowflake:: 6860
Executing Snowflake query :: select count(*) as TOTAL from DEV_ENT_CURATED.MASTER_DIMENSIONS.DIM_PURCHASEORDERITEM WHERE TENANT_TYPE='SNELLHEATINGAIR' and RECORD_UPDATED_BY='API ETL'
Table Count in Snowflake:: 6860
Row Count of Table PURCHASEORDERITEM is not matched for APIMAT :: 6883 DataMart :: 6860
Row Count of Table PURCHASEORDERITEM is matched for DataMart :: 6860 CURATED :: 6860]]>
  </system-out>
  <testcase classname="testcases.RAW_DATAMART_CURATED.SnowFlake_RowCount_Master" name="Testcase_RowCount_validation" time="1.535">
    <failure message="The following asserts failed:
	null" type="java.lang.AssertionError">
      <![CDATA[java.lang.AssertionError: The following asserts failed:
null
at org.testng.asserts.SoftAssert.assertAll(SoftAssert.java:47)
at org.testng.asserts.SoftAssert.assertAll(SoftAssert.java:31)
at testcases.RAW_DATAMART_CURATED.SnowFlake_RowCount_Master.validate_RowCount_API(SnowFlake_RowCount_Master.java:115)
at testcases.RAW_DATAMART_CURATED.SnowFlake_RowCount_Master.Testcase_RowCount_validation(SnowFlake_RowCount_Master.java:28)
at jdk.internal.reflect.GeneratedMethodAccessor13.invoke(Unknown Source)
at java.base/jdk.internal.reflect.DelegatingMethodAccessorImpl.invoke(DelegatingMethodAccessorImpl.java:43)
at java.base/java.lang.reflect.Method.invoke(Method.java:568)
at org.testng.internal.MethodInvocationHelper.invokeMethod(MethodInvocationHelper.java:133)
at org.testng.internal.TestInvoker.invokeMethod(TestInvoker.java:598)
at org.testng.internal.TestInvoker.invokeTestMethod(TestInvoker.java:173)
at org.testng.internal.MethodRunner.runInSequence(MethodRunner.java:46)
at org.testng.internal.TestInvoker$MethodInvocationAgent.invoke(TestInvoker.java:824)
at org.testng.internal.TestInvoker.invokeTestMethods(TestInvoker.java:146)
at org.testng.internal.TestMethodWorker.invokeTestMethods(TestMethodWorker.java:146)
at org.testng.internal.TestMethodWorker.run(TestMethodWorker.java:128)
at java.base/java.util.ArrayList.forEach(ArrayList.java:1511)
at org.testng.TestRunner.privateRun(TestRunner.java:794)
at org.testng.TestRunner.run(TestRunner.java:596)
at org.testng.SuiteRunner.runTest(SuiteRunner.java:377)
at org.testng.SuiteRunner.runSequentially(SuiteRunner.java:371)
at org.testng.SuiteRunner.privateRun(SuiteRunner.java:332)
at org.testng.SuiteRunner.run(SuiteRunner.java:276)
at org.testng.SuiteRunnerWorker.runSuite(SuiteRunnerWorker.java:53)
at org.testng.SuiteRunnerWorker.run(SuiteRunnerWorker.java:96)
at org.testng.TestNG.runSuitesSequentially(TestNG.java:1212)
at org.testng.TestNG.runSuitesLocally(TestNG.java:1134)
at org.testng.TestNG.runSuites(TestNG.java:1063)
at org.testng.TestNG.run(TestNG.java:1031)
at org.testng.remote.AbstractRemoteTestNG.run(AbstractRemoteTestNG.java:115)
at org.testng.remote.RemoteTestNG.initAndRun(RemoteTestNG.java:251)
at org.testng.remote.RemoteTestNG.main(RemoteTestNG.java:77)
]]>
    </failure>
  </testcase> <!-- Testcase_RowCount_validation -->
  <system-out>
    <![CDATA[Executing Snowflake query :: SELECT count(*) as TOTAL FROM DEV_ENT_RAW.API_MAT.ST_API_SERVICE WHERE TENANT_NAME='SNELLHEATINGAIR'
Table Count in Snowflake:: 1247
Executing Snowflake query :: select count(*) as TOTAL from CURATED_DATAMART.ST_API_SNELLHEATINGAIR.STR_API_SERVICE WHERE ACTIVE_FLAG='Y'
Table Count in Snowflake:: 0
Executing Snowflake query :: select count(*) as TOTAL from DEV_ENT_CURATED.MASTER_DIMENSIONS.DIM_SERVICE WHERE TENANT_TYPE='SNELLHEATINGAIR' and RECORD_UPDATED_BY='API ETL'
Table Count in Snowflake:: 0
Row Count of Table SERVICE is not matched for APIMAT :: 1247 DataMart :: 0
Row Count of Table SERVICE is matched for DataMart :: 0 CURATED :: 0]]>
  </system-out>
  <testcase classname="testcases.RAW_DATAMART_CURATED.SnowFlake_RowCount_Master" name="Testcase_RowCount_validation" time="2.155">
    <failure message="The following asserts failed:
	null" type="java.lang.AssertionError">
      <![CDATA[java.lang.AssertionError: The following asserts failed:
null
at org.testng.asserts.SoftAssert.assertAll(SoftAssert.java:47)
at org.testng.asserts.SoftAssert.assertAll(SoftAssert.java:31)
at testcases.RAW_DATAMART_CURATED.SnowFlake_RowCount_Master.validate_RowCount_BKP(SnowFlake_RowCount_Master.java:56)
at testcases.RAW_DATAMART_CURATED.SnowFlake_RowCount_Master.Testcase_RowCount_validation(SnowFlake_RowCount_Master.java:25)
at java.base/jdk.internal.reflect.NativeMethodAccessorImpl.invoke0(Native Method)
at java.base/jdk.internal.reflect.NativeMethodAccessorImpl.invoke(NativeMethodAccessorImpl.java:77)
at java.base/jdk.internal.reflect.DelegatingMethodAccessorImpl.invoke(DelegatingMethodAccessorImpl.java:43)
at java.base/java.lang.reflect.Method.invoke(Method.java:568)
at org.testng.internal.MethodInvocationHelper.invokeMethod(MethodInvocationHelper.java:133)
at org.testng.internal.TestInvoker.invokeMethod(TestInvoker.java:598)
at org.testng.internal.TestInvoker.invokeTestMethod(TestInvoker.java:173)
at org.testng.internal.MethodRunner.runInSequence(MethodRunner.java:46)
at org.testng.internal.TestInvoker$MethodInvocationAgent.invoke(TestInvoker.java:824)
at org.testng.internal.TestInvoker.invokeTestMethods(TestInvoker.java:146)
at org.testng.internal.TestMethodWorker.invokeTestMethods(TestMethodWorker.java:146)
at org.testng.internal.TestMethodWorker.run(TestMethodWorker.java:128)
at java.base/java.util.ArrayList.forEach(ArrayList.java:1511)
at org.testng.TestRunner.privateRun(TestRunner.java:794)
at org.testng.TestRunner.run(TestRunner.java:596)
at org.testng.SuiteRunner.runTest(SuiteRunner.java:377)
at org.testng.SuiteRunner.runSequentially(SuiteRunner.java:371)
at org.testng.SuiteRunner.privateRun(SuiteRunner.java:332)
at org.testng.SuiteRunner.run(SuiteRunner.java:276)
at org.testng.SuiteRunnerWorker.runSuite(SuiteRunnerWorker.java:53)
at org.testng.SuiteRunnerWorker.run(SuiteRunnerWorker.java:96)
at org.testng.TestNG.runSuitesSequentially(TestNG.java:1212)
at org.testng.TestNG.runSuitesLocally(TestNG.java:1134)
at org.testng.TestNG.runSuites(TestNG.java:1063)
at org.testng.TestNG.run(TestNG.java:1031)
at org.testng.remote.AbstractRemoteTestNG.run(AbstractRemoteTestNG.java:115)
at org.testng.remote.RemoteTestNG.initAndRun(RemoteTestNG.java:251)
at org.testng.remote.RemoteTestNG.main(RemoteTestNG.java:77)
]]>
    </failure>
  </testcase> <!-- Testcase_RowCount_validation -->
  <system-out>
    <![CDATA[Executing Snowflake query :: SELECT count(*) as TOTAL FROM DEV_ENT_RAW.ST_EANESHEATING_MATILLION.COUNTERSALESLOCATION
Snowflake - SQLException at readDB() method :: SQL compilation error:
Object 'DEV_ENT_RAW.ST_EANESHEATING_MATILLION.COUNTERSALESLOCATION' does not exist or not authorized.
Executing Snowflake query :: select count(*) as TOTAL from CURATED_DATAMART.ST_BKP_EANESHEATING.STR_COUNTERSALESLOCATION Where ACTIVE_FLAG='Y'
Table Count in Snowflake:: 3
Executing Snowflake query :: select count(*) as TOTAL from DEV_ENT_CURATED.MASTER_DIMENSIONS.DIM_COUNTERSALESLOCATION where tenant_type='EANESHEATING' and RECORD_UPDATED_BY='Backup Table'
Table Count in Snowflake:: 3
Row Count of Table COUNTERSALESLOCATION is matched for RAW :: 0 DataMart :: 3 CURATED :: 3]]>
  </system-out>
  <testcase classname="testcases.RAW_DATAMART_CURATED.SnowFlake_RowCount_Master" name="Testcase_RowCount_validation" time="1.840">
    <failure message="The following asserts failed:
	null" type="java.lang.AssertionError">
      <![CDATA[java.lang.AssertionError: The following asserts failed:
null
at org.testng.asserts.SoftAssert.assertAll(SoftAssert.java:47)
at org.testng.asserts.SoftAssert.assertAll(SoftAssert.java:31)
at testcases.RAW_DATAMART_CURATED.SnowFlake_RowCount_Master.validate_RowCount_BKP(SnowFlake_RowCount_Master.java:56)
at testcases.RAW_DATAMART_CURATED.SnowFlake_RowCount_Master.Testcase_RowCount_validation(SnowFlake_RowCount_Master.java:25)
at jdk.internal.reflect.GeneratedMethodAccessor13.invoke(Unknown Source)
at java.base/jdk.internal.reflect.DelegatingMethodAccessorImpl.invoke(DelegatingMethodAccessorImpl.java:43)
at java.base/java.lang.reflect.Method.invoke(Method.java:568)
at org.testng.internal.MethodInvocationHelper.invokeMethod(MethodInvocationHelper.java:133)
at org.testng.internal.TestInvoker.invokeMethod(TestInvoker.java:598)
at org.testng.internal.TestInvoker.invokeTestMethod(TestInvoker.java:173)
at org.testng.internal.MethodRunner.runInSequence(MethodRunner.java:46)
at org.testng.internal.TestInvoker$MethodInvocationAgent.invoke(TestInvoker.java:824)
at org.testng.internal.TestInvoker.invokeTestMethods(TestInvoker.java:146)
at org.testng.internal.TestMethodWorker.invokeTestMethods(TestMethodWorker.java:146)
at org.testng.internal.TestMethodWorker.run(TestMethodWorker.java:128)
at java.base/java.util.ArrayList.forEach(ArrayList.java:1511)
at org.testng.TestRunner.privateRun(TestRunner.java:794)
at org.testng.TestRunner.run(TestRunner.java:596)
at org.testng.SuiteRunner.runTest(SuiteRunner.java:377)
at org.testng.SuiteRunner.runSequentially(SuiteRunner.java:371)
at org.testng.SuiteRunner.privateRun(SuiteRunner.java:332)
at org.testng.SuiteRunner.run(SuiteRunner.java:276)
at org.testng.SuiteRunnerWorker.runSuite(SuiteRunnerWorker.java:53)
at org.testng.SuiteRunnerWorker.run(SuiteRunnerWorker.java:96)
at org.testng.TestNG.runSuitesSequentially(TestNG.java:1212)
at org.testng.TestNG.runSuitesLocally(TestNG.java:1134)
at org.testng.TestNG.runSuites(TestNG.java:1063)
at org.testng.TestNG.run(TestNG.java:1031)
at org.testng.remote.AbstractRemoteTestNG.run(AbstractRemoteTestNG.java:115)
at org.testng.remote.RemoteTestNG.initAndRun(RemoteTestNG.java:251)
at org.testng.remote.RemoteTestNG.main(RemoteTestNG.java:77)
]]>
    </failure>
  </testcase> <!-- Testcase_RowCount_validation -->
  <system-out>
    <![CDATA[Executing Snowflake query :: SELECT count(*) as TOTAL FROM DEV_ENT_RAW.ST_EANESHEATING_MATILLION.PAYMENTSPLIT
Snowflake - SQLException at readDB() method :: SQL compilation error:
Object 'DEV_ENT_RAW.ST_EANESHEATING_MATILLION.PAYMENTSPLIT' does not exist or not authorized.
Executing Snowflake query :: select count(*) as TOTAL from CURATED_DATAMART.ST_BKP_EANESHEATING.STR_PAYMENTSPLIT Where ACTIVE_FLAG='Y'
Table Count in Snowflake:: 233674
Executing Snowflake query :: select count(*) as TOTAL from DEV_ENT_CURATED.MASTER_DIMENSIONS.DIM_PAYMENTSPLIT where tenant_type='EANESHEATING' and RECORD_UPDATED_BY='Backup Table'
Table Count in Snowflake:: 233674
Row Count of Table PAYMENTSPLIT is matched for RAW :: 0 DataMart :: 233674 CURATED :: 233674]]>
  </system-out>
  <testcase classname="testcases.RAW_DATAMART_CURATED.SnowFlake_RowCount_Master" name="Testcase_RowCount_validation" time="1.744">
    <failure message="The following asserts failed:
	null" type="java.lang.AssertionError">
      <![CDATA[java.lang.AssertionError: The following asserts failed:
null
at org.testng.asserts.SoftAssert.assertAll(SoftAssert.java:47)
at org.testng.asserts.SoftAssert.assertAll(SoftAssert.java:31)
at testcases.RAW_DATAMART_CURATED.SnowFlake_RowCount_Master.validate_RowCount_BKP(SnowFlake_RowCount_Master.java:56)
at testcases.RAW_DATAMART_CURATED.SnowFlake_RowCount_Master.Testcase_RowCount_validation(SnowFlake_RowCount_Master.java:25)
at jdk.internal.reflect.GeneratedMethodAccessor13.invoke(Unknown Source)
at java.base/jdk.internal.reflect.DelegatingMethodAccessorImpl.invoke(DelegatingMethodAccessorImpl.java:43)
at java.base/java.lang.reflect.Method.invoke(Method.java:568)
at org.testng.internal.MethodInvocationHelper.invokeMethod(MethodInvocationHelper.java:133)
at org.testng.internal.TestInvoker.invokeMethod(TestInvoker.java:598)
at org.testng.internal.TestInvoker.invokeTestMethod(TestInvoker.java:173)
at org.testng.internal.MethodRunner.runInSequence(MethodRunner.java:46)
at org.testng.internal.TestInvoker$MethodInvocationAgent.invoke(TestInvoker.java:824)
at org.testng.internal.TestInvoker.invokeTestMethods(TestInvoker.java:146)
at org.testng.internal.TestMethodWorker.invokeTestMethods(TestMethodWorker.java:146)
at org.testng.internal.TestMethodWorker.run(TestMethodWorker.java:128)
at java.base/java.util.ArrayList.forEach(ArrayList.java:1511)
at org.testng.TestRunner.privateRun(TestRunner.java:794)
at org.testng.TestRunner.run(TestRunner.java:596)
at org.testng.SuiteRunner.runTest(SuiteRunner.java:377)
at org.testng.SuiteRunner.runSequentially(SuiteRunner.java:371)
at org.testng.SuiteRunner.privateRun(SuiteRunner.java:332)
at org.testng.SuiteRunner.run(SuiteRunner.java:276)
at org.testng.SuiteRunnerWorker.runSuite(SuiteRunnerWorker.java:53)
at org.testng.SuiteRunnerWorker.run(SuiteRunnerWorker.java:96)
at org.testng.TestNG.runSuitesSequentially(TestNG.java:1212)
at org.testng.TestNG.runSuitesLocally(TestNG.java:1134)
at org.testng.TestNG.runSuites(TestNG.java:1063)
at org.testng.TestNG.run(TestNG.java:1031)
at org.testng.remote.AbstractRemoteTestNG.run(AbstractRemoteTestNG.java:115)
at org.testng.remote.RemoteTestNG.initAndRun(RemoteTestNG.java:251)
at org.testng.remote.RemoteTestNG.main(RemoteTestNG.java:77)
]]>
    </failure>
  </testcase> <!-- Testcase_RowCount_validation -->
  <system-out>
    <![CDATA[Executing Snowflake query :: SELECT count(*) as TOTAL FROM DEV_ENT_RAW.ST_BILLFENWICK_MATILLION.CUSTOMERMEMBERSHIP
Table Count in Snowflake:: 1497
Executing Snowflake query :: select count(*) as TOTAL from CURATED_DATAMART.ST_BKP_BILLFENWICK.STR_CUSTOMERMEMBERSHIP Where ACTIVE_FLAG='Y'
Table Count in Snowflake:: 1487
Executing Snowflake query :: select count(*) as TOTAL from DEV_ENT_CURATED.MASTER_DIMENSIONS.DIM_CUSTOMERMEMBERSHIP where tenant_type='BILLFENWICK' and RECORD_UPDATED_BY='Backup Table'
Table Count in Snowflake:: 0
Row Count of Table CUSTOMERMEMBERSHIP is not matched for RAW :: 1497 DataMart :: 1487 CURATED :: 0]]>
  </system-out>
  <testcase classname="testcases.RAW_DATAMART_CURATED.SnowFlake_RowCount_Master" name="Testcase_RowCount_validation" time="2.454">
    <failure message="The following asserts failed:
	null" type="java.lang.AssertionError">
      <![CDATA[java.lang.AssertionError: The following asserts failed:
null
at org.testng.asserts.SoftAssert.assertAll(SoftAssert.java:47)
at org.testng.asserts.SoftAssert.assertAll(SoftAssert.java:31)
at testcases.RAW_DATAMART_CURATED.SnowFlake_RowCount_Master.validate_RowCount_BKP(SnowFlake_RowCount_Master.java:56)
at testcases.RAW_DATAMART_CURATED.SnowFlake_RowCount_Master.Testcase_RowCount_validation(SnowFlake_RowCount_Master.java:25)
at jdk.internal.reflect.GeneratedMethodAccessor13.invoke(Unknown Source)
at java.base/jdk.internal.reflect.DelegatingMethodAccessorImpl.invoke(DelegatingMethodAccessorImpl.java:43)
at java.base/java.lang.reflect.Method.invoke(Method.java:568)
at org.testng.internal.MethodInvocationHelper.invokeMethod(MethodInvocationHelper.java:133)
at org.testng.internal.TestInvoker.invokeMethod(TestInvoker.java:598)
at org.testng.internal.TestInvoker.invokeTestMethod(TestInvoker.java:173)
at org.testng.internal.MethodRunner.runInSequence(MethodRunner.java:46)
at org.testng.internal.TestInvoker$MethodInvocationAgent.invoke(TestInvoker.java:824)
at org.testng.internal.TestInvoker.invokeTestMethods(TestInvoker.java:146)
at org.testng.internal.TestMethodWorker.invokeTestMethods(TestMethodWorker.java:146)
at org.testng.internal.TestMethodWorker.run(TestMethodWorker.java:128)
at java.base/java.util.ArrayList.forEach(ArrayList.java:1511)
at org.testng.TestRunner.privateRun(TestRunner.java:794)
at org.testng.TestRunner.run(TestRunner.java:596)
at org.testng.SuiteRunner.runTest(SuiteRunner.java:377)
at org.testng.SuiteRunner.runSequentially(SuiteRunner.java:371)
at org.testng.SuiteRunner.privateRun(SuiteRunner.java:332)
at org.testng.SuiteRunner.run(SuiteRunner.java:276)
at org.testng.SuiteRunnerWorker.runSuite(SuiteRunnerWorker.java:53)
at org.testng.SuiteRunnerWorker.run(SuiteRunnerWorker.java:96)
at org.testng.TestNG.runSuitesSequentially(TestNG.java:1212)
at org.testng.TestNG.runSuitesLocally(TestNG.java:1134)
at org.testng.TestNG.runSuites(TestNG.java:1063)
at org.testng.TestNG.run(TestNG.java:1031)
at org.testng.remote.AbstractRemoteTestNG.run(AbstractRemoteTestNG.java:115)
at org.testng.remote.RemoteTestNG.initAndRun(RemoteTestNG.java:251)
at org.testng.remote.RemoteTestNG.main(RemoteTestNG.java:77)
]]>
    </failure>
  </testcase> <!-- Testcase_RowCount_validation -->
  <system-out>
    <![CDATA[Executing Snowflake query :: SELECT count(*) as TOTAL FROM DEV_ENT_RAW.ST_BILLFENWICK_MATILLION.CONTACT
Table Count in Snowflake:: 260365
Executing Snowflake query :: select count(*) as TOTAL from CURATED_DATAMART.ST_BKP_BILLFENWICK.STR_CONTACT Where ACTIVE_FLAG='Y'
Table Count in Snowflake:: 259951
Executing Snowflake query :: select count(*) as TOTAL from DEV_ENT_CURATED.MASTER_DIMENSIONS.DIM_CONTACT where tenant_type='BILLFENWICK' and RECORD_UPDATED_BY='Backup Table'
Table Count in Snowflake:: 257979
Row Count of Table CONTACT is not matched for RAW :: 260365 DataMart :: 259951 CURATED :: 257979]]>
  </system-out>
  <testcase classname="testcases.RAW_DATAMART_CURATED.SnowFlake_RowCount_Master" name="Testcase_RowCount_validation" time="1.688">
    <failure message="The following asserts failed:
	null" type="java.lang.AssertionError">
      <![CDATA[java.lang.AssertionError: The following asserts failed:
null
at org.testng.asserts.SoftAssert.assertAll(SoftAssert.java:47)
at org.testng.asserts.SoftAssert.assertAll(SoftAssert.java:31)
at testcases.RAW_DATAMART_CURATED.SnowFlake_RowCount_Master.validate_RowCount_BKP(SnowFlake_RowCount_Master.java:56)
at testcases.RAW_DATAMART_CURATED.SnowFlake_RowCount_Master.Testcase_RowCount_validation(SnowFlake_RowCount_Master.java:25)
at jdk.internal.reflect.GeneratedMethodAccessor13.invoke(Unknown Source)
at java.base/jdk.internal.reflect.DelegatingMethodAccessorImpl.invoke(DelegatingMethodAccessorImpl.java:43)
at java.base/java.lang.reflect.Method.invoke(Method.java:568)
at org.testng.internal.MethodInvocationHelper.invokeMethod(MethodInvocationHelper.java:133)
at org.testng.internal.TestInvoker.invokeMethod(TestInvoker.java:598)
at org.testng.internal.TestInvoker.invokeTestMethod(TestInvoker.java:173)
at org.testng.internal.MethodRunner.runInSequence(MethodRunner.java:46)
at org.testng.internal.TestInvoker$MethodInvocationAgent.invoke(TestInvoker.java:824)
at org.testng.internal.TestInvoker.invokeTestMethods(TestInvoker.java:146)
at org.testng.internal.TestMethodWorker.invokeTestMethods(TestMethodWorker.java:146)
at org.testng.internal.TestMethodWorker.run(TestMethodWorker.java:128)
at java.base/java.util.ArrayList.forEach(ArrayList.java:1511)
at org.testng.TestRunner.privateRun(TestRunner.java:794)
at org.testng.TestRunner.run(TestRunner.java:596)
at org.testng.SuiteRunner.runTest(SuiteRunner.java:377)
at org.testng.SuiteRunner.runSequentially(SuiteRunner.java:371)
at org.testng.SuiteRunner.privateRun(SuiteRunner.java:332)
at org.testng.SuiteRunner.run(SuiteRunner.java:276)
at org.testng.SuiteRunnerWorker.runSuite(SuiteRunnerWorker.java:53)
at org.testng.SuiteRunnerWorker.run(SuiteRunnerWorker.java:96)
at org.testng.TestNG.runSuitesSequentially(TestNG.java:1212)
at org.testng.TestNG.runSuitesLocally(TestNG.java:1134)
at org.testng.TestNG.runSuites(TestNG.java:1063)
at org.testng.TestNG.run(TestNG.java:1031)
at org.testng.remote.AbstractRemoteTestNG.run(AbstractRemoteTestNG.java:115)
at org.testng.remote.RemoteTestNG.initAndRun(RemoteTestNG.java:251)
at org.testng.remote.RemoteTestNG.main(RemoteTestNG.java:77)
]]>
    </failure>
  </testcase> <!-- Testcase_RowCount_validation -->
  <system-out>
    <![CDATA[Executing Snowflake query :: SELECT count(*) as TOTAL FROM DEV_ENT_RAW.ST_HUTCHINSON_MATILLION.CUSTOMERMEMBERSHIP
Table Count in Snowflake:: 41255
Executing Snowflake query :: select count(*) as TOTAL from CURATED_DATAMART.ST_BKP_HUTCHINSON.STR_CUSTOMERMEMBERSHIP Where ACTIVE_FLAG='Y'
Table Count in Snowflake:: 41432
Executing Snowflake query :: select count(*) as TOTAL from DEV_ENT_CURATED.MASTER_DIMENSIONS.DIM_CUSTOMERMEMBERSHIP where tenant_type='HUTCHINSON' and RECORD_UPDATED_BY='Backup Table'
Table Count in Snowflake:: 359
Row Count of Table CUSTOMERMEMBERSHIP is not matched for RAW :: 41255 DataMart :: 41432 CURATED :: 359]]>
  </system-out>
  <testcase classname="testcases.RAW_DATAMART_CURATED.SnowFlake_RowCount_Master" name="Testcase_RowCount_validation" time="1.639">
    <failure message="The following asserts failed:
	null" type="java.lang.AssertionError">
      <![CDATA[java.lang.AssertionError: The following asserts failed:
null
at org.testng.asserts.SoftAssert.assertAll(SoftAssert.java:47)
at org.testng.asserts.SoftAssert.assertAll(SoftAssert.java:31)
at testcases.RAW_DATAMART_CURATED.SnowFlake_RowCount_Master.validate_RowCount_BKP(SnowFlake_RowCount_Master.java:56)
at testcases.RAW_DATAMART_CURATED.SnowFlake_RowCount_Master.Testcase_RowCount_validation(SnowFlake_RowCount_Master.java:25)
at jdk.internal.reflect.GeneratedMethodAccessor13.invoke(Unknown Source)
at java.base/jdk.internal.reflect.DelegatingMethodAccessorImpl.invoke(DelegatingMethodAccessorImpl.java:43)
at java.base/java.lang.reflect.Method.invoke(Method.java:568)
at org.testng.internal.MethodInvocationHelper.invokeMethod(MethodInvocationHelper.java:133)
at org.testng.internal.TestInvoker.invokeMethod(TestInvoker.java:598)
at org.testng.internal.TestInvoker.invokeTestMethod(TestInvoker.java:173)
at org.testng.internal.MethodRunner.runInSequence(MethodRunner.java:46)
at org.testng.internal.TestInvoker$MethodInvocationAgent.invoke(TestInvoker.java:824)
at org.testng.internal.TestInvoker.invokeTestMethods(TestInvoker.java:146)
at org.testng.internal.TestMethodWorker.invokeTestMethods(TestMethodWorker.java:146)
at org.testng.internal.TestMethodWorker.run(TestMethodWorker.java:128)
at java.base/java.util.ArrayList.forEach(ArrayList.java:1511)
at org.testng.TestRunner.privateRun(TestRunner.java:794)
at org.testng.TestRunner.run(TestRunner.java:596)
at org.testng.SuiteRunner.runTest(SuiteRunner.java:377)
at org.testng.SuiteRunner.runSequentially(SuiteRunner.java:371)
at org.testng.SuiteRunner.privateRun(SuiteRunner.java:332)
at org.testng.SuiteRunner.run(SuiteRunner.java:276)
at org.testng.SuiteRunnerWorker.runSuite(SuiteRunnerWorker.java:53)
at org.testng.SuiteRunnerWorker.run(SuiteRunnerWorker.java:96)
at org.testng.TestNG.runSuitesSequentially(TestNG.java:1212)
at org.testng.TestNG.runSuitesLocally(TestNG.java:1134)
at org.testng.TestNG.runSuites(TestNG.java:1063)
at org.testng.TestNG.run(TestNG.java:1031)
at org.testng.remote.AbstractRemoteTestNG.run(AbstractRemoteTestNG.java:115)
at org.testng.remote.RemoteTestNG.initAndRun(RemoteTestNG.java:251)
at org.testng.remote.RemoteTestNG.main(RemoteTestNG.java:77)
]]>
    </failure>
  </testcase> <!-- Testcase_RowCount_validation -->
  <system-out>
    <![CDATA[Executing Snowflake query :: SELECT count(*) as TOTAL FROM DEV_ENT_RAW.ST_HENDERSON_MATILLION.CUSTOMERMEMBERSHIP
Table Count in Snowflake:: 36769
Executing Snowflake query :: select count(*) as TOTAL from CURATED_DATAMART.ST_BKP_HENDERSON.STR_CUSTOMERMEMBERSHIP Where ACTIVE_FLAG='Y'
Table Count in Snowflake:: 36794
Executing Snowflake query :: select count(*) as TOTAL from DEV_ENT_CURATED.MASTER_DIMENSIONS.DIM_CUSTOMERMEMBERSHIP where tenant_type='HENDERSON' and RECORD_UPDATED_BY='Backup Table'
Table Count in Snowflake:: 0
Row Count of Table CUSTOMERMEMBERSHIP is not matched for RAW :: 36769 DataMart :: 36794 CURATED :: 0]]>
  </system-out>
  <testcase classname="testcases.RAW_DATAMART_CURATED.SnowFlake_RowCount_Master" name="Testcase_RowCount_validation" time="2.146">
    <failure message="The following asserts failed:
	null,
	null" type="java.lang.AssertionError">
      <![CDATA[java.lang.AssertionError: The following asserts failed:
null,
null
at org.testng.asserts.SoftAssert.assertAll(SoftAssert.java:47)
at org.testng.asserts.SoftAssert.assertAll(SoftAssert.java:31)
at testcases.RAW_DATAMART_CURATED.SnowFlake_RowCount_Master.validate_RowCount_API(SnowFlake_RowCount_Master.java:115)
at testcases.RAW_DATAMART_CURATED.SnowFlake_RowCount_Master.Testcase_RowCount_validation(SnowFlake_RowCount_Master.java:28)
at jdk.internal.reflect.GeneratedMethodAccessor13.invoke(Unknown Source)
at java.base/jdk.internal.reflect.DelegatingMethodAccessorImpl.invoke(DelegatingMethodAccessorImpl.java:43)
at java.base/java.lang.reflect.Method.invoke(Method.java:568)
at org.testng.internal.MethodInvocationHelper.invokeMethod(MethodInvocationHelper.java:133)
at org.testng.internal.TestInvoker.invokeMethod(TestInvoker.java:598)
at org.testng.internal.TestInvoker.invokeTestMethod(TestInvoker.java:173)
at org.testng.internal.MethodRunner.runInSequence(MethodRunner.java:46)
at org.testng.internal.TestInvoker$MethodInvocationAgent.invoke(TestInvoker.java:824)
at org.testng.internal.TestInvoker.invokeTestMethods(TestInvoker.java:146)
at org.testng.internal.TestMethodWorker.invokeTestMethods(TestMethodWorker.java:146)
at org.testng.internal.TestMethodWorker.run(TestMethodWorker.java:128)
at java.base/java.util.ArrayList.forEach(ArrayList.java:1511)
at org.testng.TestRunner.privateRun(TestRunner.java:794)
at org.testng.TestRunner.run(TestRunner.java:596)
at org.testng.SuiteRunner.runTest(SuiteRunner.java:377)
at org.testng.SuiteRunner.runSequentially(SuiteRunner.java:371)
at org.testng.SuiteRunner.privateRun(SuiteRunner.java:332)
at org.testng.SuiteRunner.run(SuiteRunner.java:276)
at org.testng.SuiteRunnerWorker.runSuite(SuiteRunnerWorker.java:53)
at org.testng.SuiteRunnerWorker.run(SuiteRunnerWorker.java:96)
at org.testng.TestNG.runSuitesSequentially(TestNG.java:1212)
at org.testng.TestNG.runSuitesLocally(TestNG.java:1134)
at org.testng.TestNG.runSuites(TestNG.java:1063)
at org.testng.TestNG.run(TestNG.java:1031)
at org.testng.remote.AbstractRemoteTestNG.run(AbstractRemoteTestNG.java:115)
at org.testng.remote.RemoteTestNG.initAndRun(RemoteTestNG.java:251)
at org.testng.remote.RemoteTestNG.main(RemoteTestNG.java:77)
]]>
    </failure>
  </testcase> <!-- Testcase_RowCount_validation -->
  <system-out>
    <![CDATA[Executing Snowflake query :: SELECT count(*) as TOTAL FROM DEV_ENT_RAW.API_MAT.ST_API_CUSTOMERMEMBERSHIP WHERE TENANT_NAME='HUTCHINSON'
Table Count in Snowflake:: 2797
Executing Snowflake query :: select count(*) as TOTAL from CURATED_DATAMART.ST_API_HUTCHINSON.STR_API_CUSTOMERMEMBERSHIP WHERE ACTIVE_FLAG='Y'
Table Count in Snowflake:: 2078
Executing Snowflake query :: select count(*) as TOTAL from DEV_ENT_CURATED.MASTER_DIMENSIONS.DIM_CUSTOMERMEMBERSHIP WHERE TENANT_TYPE='HUTCHINSON' and RECORD_UPDATED_BY='API ETL'
Table Count in Snowflake:: 40889
Row Count of Table CUSTOMERMEMBERSHIP is not matched for APIMAT :: 2797 DataMart :: 2078
Executing Snowflake query :: select count(*) as TOTAL from DEV_ENT_CURATED.MASTER_DIMENSIONS.DIM_CUSTOMERMEMBERSHIP WHERE TENANT_TYPE='HUTCHINSON' and RECORD_UPDATED_BY='Backup Table' AND ID in (select ID from CURATED_DATAMART.ST_API_HUTCHINSON.STR_API_CUSTOMERMEMBERSHIP WHERE ACTIVE_FLAG='Y')
Table Count in Snowflake:: 94
Row Count of Table CUSTOMERMEMBERSHIP is not matched for DataMart :: 2078 CURATED :: 94]]>
  </system-out>
  <testcase classname="testcases.RAW_DATAMART_CURATED.SnowFlake_RowCount_Master" name="Testcase_RowCount_validation" time="1.927">
    <failure message="The following asserts failed:
	null" type="java.lang.AssertionError">
      <![CDATA[java.lang.AssertionError: The following asserts failed:
null
at org.testng.asserts.SoftAssert.assertAll(SoftAssert.java:47)
at org.testng.asserts.SoftAssert.assertAll(SoftAssert.java:31)
at testcases.RAW_DATAMART_CURATED.SnowFlake_RowCount_Master.validate_RowCount_BKP(SnowFlake_RowCount_Master.java:56)
at testcases.RAW_DATAMART_CURATED.SnowFlake_RowCount_Master.Testcase_RowCount_validation(SnowFlake_RowCount_Master.java:25)
at jdk.internal.reflect.GeneratedMethodAccessor13.invoke(Unknown Source)
at java.base/jdk.internal.reflect.DelegatingMethodAccessorImpl.invoke(DelegatingMethodAccessorImpl.java:43)
at java.base/java.lang.reflect.Method.invoke(Method.java:568)
at org.testng.internal.MethodInvocationHelper.invokeMethod(MethodInvocationHelper.java:133)
at org.testng.internal.TestInvoker.invokeMethod(TestInvoker.java:598)
at org.testng.internal.TestInvoker.invokeTestMethod(TestInvoker.java:173)
at org.testng.internal.MethodRunner.runInSequence(MethodRunner.java:46)
at org.testng.internal.TestInvoker$MethodInvocationAgent.invoke(TestInvoker.java:824)
at org.testng.internal.TestInvoker.invokeTestMethods(TestInvoker.java:146)
at org.testng.internal.TestMethodWorker.invokeTestMethods(TestMethodWorker.java:146)
at org.testng.internal.TestMethodWorker.run(TestMethodWorker.java:128)
at java.base/java.util.ArrayList.forEach(ArrayList.java:1511)
at org.testng.TestRunner.privateRun(TestRunner.java:794)
at org.testng.TestRunner.run(TestRunner.java:596)
at org.testng.SuiteRunner.runTest(SuiteRunner.java:377)
at org.testng.SuiteRunner.runSequentially(SuiteRunner.java:371)
at org.testng.SuiteRunner.privateRun(SuiteRunner.java:332)
at org.testng.SuiteRunner.run(SuiteRunner.java:276)
at org.testng.SuiteRunnerWorker.runSuite(SuiteRunnerWorker.java:53)
at org.testng.SuiteRunnerWorker.run(SuiteRunnerWorker.java:96)
at org.testng.TestNG.runSuitesSequentially(TestNG.java:1212)
at org.testng.TestNG.runSuitesLocally(TestNG.java:1134)
at org.testng.TestNG.runSuites(TestNG.java:1063)
at org.testng.TestNG.run(TestNG.java:1031)
at org.testng.remote.AbstractRemoteTestNG.run(AbstractRemoteTestNG.java:115)
at org.testng.remote.RemoteTestNG.initAndRun(RemoteTestNG.java:251)
at org.testng.remote.RemoteTestNG.main(RemoteTestNG.java:77)
]]>
    </failure>
  </testcase> <!-- Testcase_RowCount_validation -->
  <system-out>
    <![CDATA[Executing Snowflake query :: SELECT count(*) as TOTAL FROM DEV_ENT_RAW.ST_HUTCHINSON_MATILLION.ESTIMATE
Table Count in Snowflake:: 61946
Executing Snowflake query :: select count(*) as TOTAL from CURATED_DATAMART.ST_BKP_HUTCHINSON.STR_ESTIMATE Where ACTIVE_FLAG='Y'
Table Count in Snowflake:: 61631
Executing Snowflake query :: select count(*) as TOTAL from DEV_ENT_CURATED.MASTER_DIMENSIONS.DIM_ESTIMATE where tenant_type='HUTCHINSON' and RECORD_UPDATED_BY='Backup Table'
Table Count in Snowflake:: 60054
Row Count of Table ESTIMATE is not matched for RAW :: 61946 DataMart :: 61631 CURATED :: 60054]]>
  </system-out>
  <testcase classname="testcases.RAW_DATAMART_CURATED.SnowFlake_RowCount_Master" name="Testcase_RowCount_validation" time="2.976">
    <failure message="The following asserts failed:
	null" type="java.lang.AssertionError">
      <![CDATA[java.lang.AssertionError: The following asserts failed:
null
at org.testng.asserts.SoftAssert.assertAll(SoftAssert.java:47)
at org.testng.asserts.SoftAssert.assertAll(SoftAssert.java:31)
at testcases.RAW_DATAMART_CURATED.SnowFlake_RowCount_Master.validate_RowCount_BKP(SnowFlake_RowCount_Master.java:56)
at testcases.RAW_DATAMART_CURATED.SnowFlake_RowCount_Master.Testcase_RowCount_validation(SnowFlake_RowCount_Master.java:25)
at jdk.internal.reflect.GeneratedMethodAccessor13.invoke(Unknown Source)
at java.base/jdk.internal.reflect.DelegatingMethodAccessorImpl.invoke(DelegatingMethodAccessorImpl.java:43)
at java.base/java.lang.reflect.Method.invoke(Method.java:568)
at org.testng.internal.MethodInvocationHelper.invokeMethod(MethodInvocationHelper.java:133)
at org.testng.internal.TestInvoker.invokeMethod(TestInvoker.java:598)
at org.testng.internal.TestInvoker.invokeTestMethod(TestInvoker.java:173)
at org.testng.internal.MethodRunner.runInSequence(MethodRunner.java:46)
at org.testng.internal.TestInvoker$MethodInvocationAgent.invoke(TestInvoker.java:824)
at org.testng.internal.TestInvoker.invokeTestMethods(TestInvoker.java:146)
at org.testng.internal.TestMethodWorker.invokeTestMethods(TestMethodWorker.java:146)
at org.testng.internal.TestMethodWorker.run(TestMethodWorker.java:128)
at java.base/java.util.ArrayList.forEach(ArrayList.java:1511)
at org.testng.TestRunner.privateRun(TestRunner.java:794)
at org.testng.TestRunner.run(TestRunner.java:596)
at org.testng.SuiteRunner.runTest(SuiteRunner.java:377)
at org.testng.SuiteRunner.runSequentially(SuiteRunner.java:371)
at org.testng.SuiteRunner.privateRun(SuiteRunner.java:332)
at org.testng.SuiteRunner.run(SuiteRunner.java:276)
at org.testng.SuiteRunnerWorker.runSuite(SuiteRunnerWorker.java:53)
at org.testng.SuiteRunnerWorker.run(SuiteRunnerWorker.java:96)
at org.testng.TestNG.runSuitesSequentially(TestNG.java:1212)
at org.testng.TestNG.runSuitesLocally(TestNG.java:1134)
at org.testng.TestNG.runSuites(TestNG.java:1063)
at org.testng.TestNG.run(TestNG.java:1031)
at org.testng.remote.AbstractRemoteTestNG.run(AbstractRemoteTestNG.java:115)
at org.testng.remote.RemoteTestNG.initAndRun(RemoteTestNG.java:251)
at org.testng.remote.RemoteTestNG.main(RemoteTestNG.java:77)
]]>
    </failure>
  </testcase> <!-- Testcase_RowCount_validation -->
  <system-out>
    <![CDATA[Executing Snowflake query :: SELECT count(*) as TOTAL FROM DEV_ENT_RAW.ST_FOURPROS_MATILLION.ZONE
Table Count in Snowflake:: 15
Executing Snowflake query :: select count(*) as TOTAL from CURATED_DATAMART.ST_BKP_FOURPROS.STR_ZONE Where ACTIVE_FLAG='Y'
Table Count in Snowflake:: 15
Executing Snowflake query :: select count(*) as TOTAL from DEV_ENT_CURATED.MASTER_DIMENSIONS.DIM_ZONE where tenant_type='FOURPROS' and RECORD_UPDATED_BY='Backup Table'
Table Count in Snowflake:: 0
Row Count of Table ZONE is not matched for RAW :: 15 DataMart :: 15 CURATED :: 0]]>
  </system-out>
  <testcase classname="testcases.RAW_DATAMART_CURATED.SnowFlake_RowCount_Master" name="Testcase_RowCount_validation" time="1.438">
    <failure message="The following asserts failed:
	null,
	null" type="java.lang.AssertionError">
      <![CDATA[java.lang.AssertionError: The following asserts failed:
null,
null
at org.testng.asserts.SoftAssert.assertAll(SoftAssert.java:47)
at org.testng.asserts.SoftAssert.assertAll(SoftAssert.java:31)
at testcases.RAW_DATAMART_CURATED.SnowFlake_RowCount_Master.validate_RowCount_BKP(SnowFlake_RowCount_Master.java:56)
at testcases.RAW_DATAMART_CURATED.SnowFlake_RowCount_Master.Testcase_RowCount_validation(SnowFlake_RowCount_Master.java:25)
at jdk.internal.reflect.GeneratedMethodAccessor13.invoke(Unknown Source)
at java.base/jdk.internal.reflect.DelegatingMethodAccessorImpl.invoke(DelegatingMethodAccessorImpl.java:43)
at java.base/java.lang.reflect.Method.invoke(Method.java:568)
at org.testng.internal.MethodInvocationHelper.invokeMethod(MethodInvocationHelper.java:133)
at org.testng.internal.TestInvoker.invokeMethod(TestInvoker.java:598)
at org.testng.internal.TestInvoker.invokeTestMethod(TestInvoker.java:173)
at org.testng.internal.MethodRunner.runInSequence(MethodRunner.java:46)
at org.testng.internal.TestInvoker$MethodInvocationAgent.invoke(TestInvoker.java:824)
at org.testng.internal.TestInvoker.invokeTestMethods(TestInvoker.java:146)
at org.testng.internal.TestMethodWorker.invokeTestMethods(TestMethodWorker.java:146)
at org.testng.internal.TestMethodWorker.run(TestMethodWorker.java:128)
at java.base/java.util.ArrayList.forEach(ArrayList.java:1511)
at org.testng.TestRunner.privateRun(TestRunner.java:794)
at org.testng.TestRunner.run(TestRunner.java:596)
at org.testng.SuiteRunner.runTest(SuiteRunner.java:377)
at org.testng.SuiteRunner.runSequentially(SuiteRunner.java:371)
at org.testng.SuiteRunner.privateRun(SuiteRunner.java:332)
at org.testng.SuiteRunner.run(SuiteRunner.java:276)
at org.testng.SuiteRunnerWorker.runSuite(SuiteRunnerWorker.java:53)
at org.testng.SuiteRunnerWorker.run(SuiteRunnerWorker.java:96)
at org.testng.TestNG.runSuitesSequentially(TestNG.java:1212)
at org.testng.TestNG.runSuitesLocally(TestNG.java:1134)
at org.testng.TestNG.runSuites(TestNG.java:1063)
at org.testng.TestNG.run(TestNG.java:1031)
at org.testng.remote.AbstractRemoteTestNG.run(AbstractRemoteTestNG.java:115)
at org.testng.remote.RemoteTestNG.initAndRun(RemoteTestNG.java:251)
at org.testng.remote.RemoteTestNG.main(RemoteTestNG.java:77)
]]>
    </failure>
  </testcase> <!-- Testcase_RowCount_validation -->
  <system-out>
    <![CDATA[Executing Snowflake query :: SELECT count(*) as TOTAL FROM DEV_ENT_RAW.ST_HDAIR_MATILLION.CALL
Snowflake - SQLException at readDB() method :: SQL compilation error:
Object 'DEV_ENT_RAW.ST_HDAIR_MATILLION.CALL' does not exist or not authorized.
Executing Snowflake query :: select count(*) as TOTAL from CURATED_DATAMART.ST_BKP_HDAIR.STR_CALL Where ACTIVE_FLAG='Y'
Table Count in Snowflake:: 286773
Executing Snowflake query :: select count(*) as TOTAL from DEV_ENT_CURATED.MASTER_DIMENSIONS.DIM_CALL where tenant_type='HDAIR' and RECORD_UPDATED_BY='Backup Table'
Table Count in Snowflake:: 285590
Row Count of Table CALL is not matched for RAW :: 0 DataMart :: 286773 CURATED :: 285590]]>
  </system-out>
  <testcase classname="testcases.RAW_DATAMART_CURATED.SnowFlake_RowCount_Master" name="Testcase_RowCount_validation" time="1.333">
    <failure message="The following asserts failed:
	null" type="java.lang.AssertionError">
      <![CDATA[java.lang.AssertionError: The following asserts failed:
null
at org.testng.asserts.SoftAssert.assertAll(SoftAssert.java:47)
at org.testng.asserts.SoftAssert.assertAll(SoftAssert.java:31)
at testcases.RAW_DATAMART_CURATED.SnowFlake_RowCount_Master.validate_RowCount_API(SnowFlake_RowCount_Master.java:115)
at testcases.RAW_DATAMART_CURATED.SnowFlake_RowCount_Master.Testcase_RowCount_validation(SnowFlake_RowCount_Master.java:28)
at jdk.internal.reflect.GeneratedMethodAccessor13.invoke(Unknown Source)
at java.base/jdk.internal.reflect.DelegatingMethodAccessorImpl.invoke(DelegatingMethodAccessorImpl.java:43)
at java.base/java.lang.reflect.Method.invoke(Method.java:568)
at org.testng.internal.MethodInvocationHelper.invokeMethod(MethodInvocationHelper.java:133)
at org.testng.internal.TestInvoker.invokeMethod(TestInvoker.java:598)
at org.testng.internal.TestInvoker.invokeTestMethod(TestInvoker.java:173)
at org.testng.internal.MethodRunner.runInSequence(MethodRunner.java:46)
at org.testng.internal.TestInvoker$MethodInvocationAgent.invoke(TestInvoker.java:824)
at org.testng.internal.TestInvoker.invokeTestMethods(TestInvoker.java:146)
at org.testng.internal.TestMethodWorker.invokeTestMethods(TestMethodWorker.java:146)
at org.testng.internal.TestMethodWorker.run(TestMethodWorker.java:128)
at java.base/java.util.ArrayList.forEach(ArrayList.java:1511)
at org.testng.TestRunner.privateRun(TestRunner.java:794)
at org.testng.TestRunner.run(TestRunner.java:596)
at org.testng.SuiteRunner.runTest(SuiteRunner.java:377)
at org.testng.SuiteRunner.runSequentially(SuiteRunner.java:371)
at org.testng.SuiteRunner.privateRun(SuiteRunner.java:332)
at org.testng.SuiteRunner.run(SuiteRunner.java:276)
at org.testng.SuiteRunnerWorker.runSuite(SuiteRunnerWorker.java:53)
at org.testng.SuiteRunnerWorker.run(SuiteRunnerWorker.java:96)
at org.testng.TestNG.runSuitesSequentially(TestNG.java:1212)
at org.testng.TestNG.runSuitesLocally(TestNG.java:1134)
at org.testng.TestNG.runSuites(TestNG.java:1063)
at org.testng.TestNG.run(TestNG.java:1031)
at org.testng.remote.AbstractRemoteTestNG.run(AbstractRemoteTestNG.java:115)
at org.testng.remote.RemoteTestNG.initAndRun(RemoteTestNG.java:251)
at org.testng.remote.RemoteTestNG.main(RemoteTestNG.java:77)
]]>
    </failure>
  </testcase> <!-- Testcase_RowCount_validation -->
  <system-out>
    <![CDATA[Executing Snowflake query :: SELECT count(*) as TOTAL FROM DEV_ENT_RAW.API_MAT.ST_API_PURCHASEORDERITEM WHERE TENANT_NAME='HDAIR'
Table Count in Snowflake:: 543
Executing Snowflake query :: select count(*) as TOTAL from CURATED_DATAMART.ST_API_HDAIR.STR_API_PURCHASEORDERITEM WHERE ACTIVE_FLAG='Y'
Table Count in Snowflake:: 1
Executing Snowflake query :: select count(*) as TOTAL from DEV_ENT_CURATED.MASTER_DIMENSIONS.DIM_PURCHASEORDERITEM WHERE TENANT_TYPE='HDAIR' and RECORD_UPDATED_BY='API ETL'
Table Count in Snowflake:: 1
Row Count of Table PURCHASEORDERITEM is not matched for APIMAT :: 543 DataMart :: 1
Row Count of Table PURCHASEORDERITEM is matched for DataMart :: 1 CURATED :: 1]]>
  </system-out>
  <testcase classname="testcases.RAW_DATAMART_CURATED.SnowFlake_RowCount_Master" name="Testcase_RowCount_validation" time="1.843">
    <failure message="The following asserts failed:
	null" type="java.lang.AssertionError">
      <![CDATA[java.lang.AssertionError: The following asserts failed:
null
at org.testng.asserts.SoftAssert.assertAll(SoftAssert.java:47)
at org.testng.asserts.SoftAssert.assertAll(SoftAssert.java:31)
at testcases.RAW_DATAMART_CURATED.SnowFlake_RowCount_Master.validate_RowCount_API(SnowFlake_RowCount_Master.java:115)
at testcases.RAW_DATAMART_CURATED.SnowFlake_RowCount_Master.Testcase_RowCount_validation(SnowFlake_RowCount_Master.java:28)
at jdk.internal.reflect.GeneratedMethodAccessor13.invoke(Unknown Source)
at java.base/jdk.internal.reflect.DelegatingMethodAccessorImpl.invoke(DelegatingMethodAccessorImpl.java:43)
at java.base/java.lang.reflect.Method.invoke(Method.java:568)
at org.testng.internal.MethodInvocationHelper.invokeMethod(MethodInvocationHelper.java:133)
at org.testng.internal.TestInvoker.invokeMethod(TestInvoker.java:598)
at org.testng.internal.TestInvoker.invokeTestMethod(TestInvoker.java:173)
at org.testng.internal.MethodRunner.runInSequence(MethodRunner.java:46)
at org.testng.internal.TestInvoker$MethodInvocationAgent.invoke(TestInvoker.java:824)
at org.testng.internal.TestInvoker.invokeTestMethods(TestInvoker.java:146)
at org.testng.internal.TestMethodWorker.invokeTestMethods(TestMethodWorker.java:146)
at org.testng.internal.TestMethodWorker.run(TestMethodWorker.java:128)
at java.base/java.util.ArrayList.forEach(ArrayList.java:1511)
at org.testng.TestRunner.privateRun(TestRunner.java:794)
at org.testng.TestRunner.run(TestRunner.java:596)
at org.testng.SuiteRunner.runTest(SuiteRunner.java:377)
at org.testng.SuiteRunner.runSequentially(SuiteRunner.java:371)
at org.testng.SuiteRunner.privateRun(SuiteRunner.java:332)
at org.testng.SuiteRunner.run(SuiteRunner.java:276)
at org.testng.SuiteRunnerWorker.runSuite(SuiteRunnerWorker.java:53)
at org.testng.SuiteRunnerWorker.run(SuiteRunnerWorker.java:96)
at org.testng.TestNG.runSuitesSequentially(TestNG.java:1212)
at org.testng.TestNG.runSuitesLocally(TestNG.java:1134)
at org.testng.TestNG.runSuites(TestNG.java:1063)
at org.testng.TestNG.run(TestNG.java:1031)
at org.testng.remote.AbstractRemoteTestNG.run(AbstractRemoteTestNG.java:115)
at org.testng.remote.RemoteTestNG.initAndRun(RemoteTestNG.java:251)
at org.testng.remote.RemoteTestNG.main(RemoteTestNG.java:77)
]]>
    </failure>
  </testcase> <!-- Testcase_RowCount_validation -->
  <system-out>
    <![CDATA[Executing Snowflake query :: SELECT count(*) as TOTAL FROM DEV_ENT_RAW.API_MAT.ST_API_ESTIMATEITEM WHERE TENANT_NAME='CASTEEL'
Table Count in Snowflake:: 10869
Executing Snowflake query :: select count(*) as TOTAL from CURATED_DATAMART.ST_API_CASTEEL.STR_API_ESTIMATEITEM WHERE ACTIVE_FLAG='Y'
Table Count in Snowflake:: 7510
Executing Snowflake query :: select count(*) as TOTAL from DEV_ENT_CURATED.MASTER_DIMENSIONS.DIM_ESTIMATEITEM WHERE TENANT_TYPE='CASTEEL' and RECORD_UPDATED_BY='API ETL'
Table Count in Snowflake:: 7510
Row Count of Table ESTIMATEITEM is not matched for APIMAT :: 10869 DataMart :: 7510
Row Count of Table ESTIMATEITEM is matched for DataMart :: 7510 CURATED :: 7510]]>
  </system-out>
  <testcase classname="testcases.RAW_DATAMART_CURATED.SnowFlake_RowCount_Master" name="Testcase_RowCount_validation" time="2.663">
    <failure message="The following asserts failed:
	null" type="java.lang.AssertionError">
      <![CDATA[java.lang.AssertionError: The following asserts failed:
null
at org.testng.asserts.SoftAssert.assertAll(SoftAssert.java:47)
at org.testng.asserts.SoftAssert.assertAll(SoftAssert.java:31)
at testcases.RAW_DATAMART_CURATED.SnowFlake_RowCount_Master.validate_RowCount_BKP(SnowFlake_RowCount_Master.java:56)
at testcases.RAW_DATAMART_CURATED.SnowFlake_RowCount_Master.Testcase_RowCount_validation(SnowFlake_RowCount_Master.java:25)
at jdk.internal.reflect.GeneratedMethodAccessor13.invoke(Unknown Source)
at java.base/jdk.internal.reflect.DelegatingMethodAccessorImpl.invoke(DelegatingMethodAccessorImpl.java:43)
at java.base/java.lang.reflect.Method.invoke(Method.java:568)
at org.testng.internal.MethodInvocationHelper.invokeMethod(MethodInvocationHelper.java:133)
at org.testng.internal.TestInvoker.invokeMethod(TestInvoker.java:598)
at org.testng.internal.TestInvoker.invokeTestMethod(TestInvoker.java:173)
at org.testng.internal.MethodRunner.runInSequence(MethodRunner.java:46)
at org.testng.internal.TestInvoker$MethodInvocationAgent.invoke(TestInvoker.java:824)
at org.testng.internal.TestInvoker.invokeTestMethods(TestInvoker.java:146)
at org.testng.internal.TestMethodWorker.invokeTestMethods(TestMethodWorker.java:146)
at org.testng.internal.TestMethodWorker.run(TestMethodWorker.java:128)
at java.base/java.util.ArrayList.forEach(ArrayList.java:1511)
at org.testng.TestRunner.privateRun(TestRunner.java:794)
at org.testng.TestRunner.run(TestRunner.java:596)
at org.testng.SuiteRunner.runTest(SuiteRunner.java:377)
at org.testng.SuiteRunner.runSequentially(SuiteRunner.java:371)
at org.testng.SuiteRunner.privateRun(SuiteRunner.java:332)
at org.testng.SuiteRunner.run(SuiteRunner.java:276)
at org.testng.SuiteRunnerWorker.runSuite(SuiteRunnerWorker.java:53)
at org.testng.SuiteRunnerWorker.run(SuiteRunnerWorker.java:96)
at org.testng.TestNG.runSuitesSequentially(TestNG.java:1212)
at org.testng.TestNG.runSuitesLocally(TestNG.java:1134)
at org.testng.TestNG.runSuites(TestNG.java:1063)
at org.testng.TestNG.run(TestNG.java:1031)
at org.testng.remote.AbstractRemoteTestNG.run(AbstractRemoteTestNG.java:115)
at org.testng.remote.RemoteTestNG.initAndRun(RemoteTestNG.java:251)
at org.testng.remote.RemoteTestNG.main(RemoteTestNG.java:77)
]]>
    </failure>
  </testcase> <!-- Testcase_RowCount_validation -->
  <system-out>
    <![CDATA[Executing Snowflake query :: SELECT count(*) as TOTAL FROM DEV_ENT_RAW.ST_FOURPROS_MATILLION.VENDOR
Table Count in Snowflake:: 85
Executing Snowflake query :: select count(*) as TOTAL from CURATED_DATAMART.ST_BKP_FOURPROS.STR_VENDOR Where ACTIVE_FLAG='Y'
Table Count in Snowflake:: 85
Executing Snowflake query :: select count(*) as TOTAL from DEV_ENT_CURATED.MASTER_DIMENSIONS.DIM_VENDOR where tenant_type='FOURPROS' and RECORD_UPDATED_BY='Backup Table'
Table Count in Snowflake:: 0
Row Count of Table VENDOR is not matched for RAW :: 85 DataMart :: 85 CURATED :: 0]]>
  </system-out>
  <testcase classname="testcases.RAW_DATAMART_CURATED.SnowFlake_RowCount_Master" name="Testcase_RowCount_validation" time="2.134"/>
  <system-out>
    <![CDATA[Executing Snowflake query :: SELECT count(*) as TOTAL FROM DEV_ENT_RAW.ST_FOURPROS_MATILLION.JOBAPPOINTMENT
Table Count in Snowflake:: 85770
Executing Snowflake query :: select count(*) as TOTAL from CURATED_DATAMART.ST_BKP_FOURPROS.STR_JOBAPPOINTMENT Where ACTIVE_FLAG='Y'
Table Count in Snowflake:: 87095
Executing Snowflake query :: select count(*) as TOTAL from DEV_ENT_CURATED.MASTER_DIMENSIONS.DIM_JOBAPPOINTMENT where tenant_type='FOURPROS' and RECORD_UPDATED_BY='Backup Table'
Table Count in Snowflake:: 87095
Row Count of Table JOBAPPOINTMENT is matched for RAW :: 85770 DataMart :: 87095 CURATED :: 87095]]>
  </system-out>
  <testcase classname="testcases.RAW_DATAMART_CURATED.SnowFlake_RowCount_Master" name="Testcase_RowCount_validation" time="3.155">
    <failure message="The following asserts failed:
	null" type="java.lang.AssertionError">
      <![CDATA[java.lang.AssertionError: The following asserts failed:
null
at org.testng.asserts.SoftAssert.assertAll(SoftAssert.java:47)
at org.testng.asserts.SoftAssert.assertAll(SoftAssert.java:31)
at testcases.RAW_DATAMART_CURATED.SnowFlake_RowCount_Master.validate_RowCount_BKP(SnowFlake_RowCount_Master.java:56)
at testcases.RAW_DATAMART_CURATED.SnowFlake_RowCount_Master.Testcase_RowCount_validation(SnowFlake_RowCount_Master.java:25)
at jdk.internal.reflect.GeneratedMethodAccessor13.invoke(Unknown Source)
at java.base/jdk.internal.reflect.DelegatingMethodAccessorImpl.invoke(DelegatingMethodAccessorImpl.java:43)
at java.base/java.lang.reflect.Method.invoke(Method.java:568)
at org.testng.internal.MethodInvocationHelper.invokeMethod(MethodInvocationHelper.java:133)
at org.testng.internal.TestInvoker.invokeMethod(TestInvoker.java:598)
at org.testng.internal.TestInvoker.invokeTestMethod(TestInvoker.java:173)
at org.testng.internal.MethodRunner.runInSequence(MethodRunner.java:46)
at org.testng.internal.TestInvoker$MethodInvocationAgent.invoke(TestInvoker.java:824)
at org.testng.internal.TestInvoker.invokeTestMethods(TestInvoker.java:146)
at org.testng.internal.TestMethodWorker.invokeTestMethods(TestMethodWorker.java:146)
at org.testng.internal.TestMethodWorker.run(TestMethodWorker.java:128)
at java.base/java.util.ArrayList.forEach(ArrayList.java:1511)
at org.testng.TestRunner.privateRun(TestRunner.java:794)
at org.testng.TestRunner.run(TestRunner.java:596)
at org.testng.SuiteRunner.runTest(SuiteRunner.java:377)
at org.testng.SuiteRunner.runSequentially(SuiteRunner.java:371)
at org.testng.SuiteRunner.privateRun(SuiteRunner.java:332)
at org.testng.SuiteRunner.run(SuiteRunner.java:276)
at org.testng.SuiteRunnerWorker.runSuite(SuiteRunnerWorker.java:53)
at org.testng.SuiteRunnerWorker.run(SuiteRunnerWorker.java:96)
at org.testng.TestNG.runSuitesSequentially(TestNG.java:1212)
at org.testng.TestNG.runSuitesLocally(TestNG.java:1134)
at org.testng.TestNG.runSuites(TestNG.java:1063)
at org.testng.TestNG.run(TestNG.java:1031)
at org.testng.remote.AbstractRemoteTestNG.run(AbstractRemoteTestNG.java:115)
at org.testng.remote.RemoteTestNG.initAndRun(RemoteTestNG.java:251)
at org.testng.remote.RemoteTestNG.main(RemoteTestNG.java:77)
]]>
    </failure>
  </testcase> <!-- Testcase_RowCount_validation -->
  <system-out>
    <![CDATA[Executing Snowflake query :: SELECT count(*) as TOTAL FROM DEV_ENT_RAW.ST_BILLFENWICK_MATILLION.MATERIAL
Table Count in Snowflake:: 3337
Executing Snowflake query :: select count(*) as TOTAL from CURATED_DATAMART.ST_BKP_BILLFENWICK.STR_MATERIAL Where ACTIVE_FLAG='Y'
Table Count in Snowflake:: 3334
Executing Snowflake query :: select count(*) as TOTAL from DEV_ENT_CURATED.MASTER_DIMENSIONS.DIM_MATERIAL where tenant_type='BILLFENWICK' and RECORD_UPDATED_BY='Backup Table'
Table Count in Snowflake:: 19786
Row Count of Table MATERIAL is not matched for RAW :: 3337 DataMart :: 3334 CURATED :: 19786]]>
  </system-out>
  <testcase classname="testcases.RAW_DATAMART_CURATED.SnowFlake_RowCount_Master" name="Testcase_RowCount_validation" time="2.253">
    <failure message="The following asserts failed:
	null" type="java.lang.AssertionError">
      <![CDATA[java.lang.AssertionError: The following asserts failed:
null
at org.testng.asserts.SoftAssert.assertAll(SoftAssert.java:47)
at org.testng.asserts.SoftAssert.assertAll(SoftAssert.java:31)
at testcases.RAW_DATAMART_CURATED.SnowFlake_RowCount_Master.validate_RowCount_BKP(SnowFlake_RowCount_Master.java:56)
at testcases.RAW_DATAMART_CURATED.SnowFlake_RowCount_Master.Testcase_RowCount_validation(SnowFlake_RowCount_Master.java:25)
at jdk.internal.reflect.GeneratedMethodAccessor13.invoke(Unknown Source)
at java.base/jdk.internal.reflect.DelegatingMethodAccessorImpl.invoke(DelegatingMethodAccessorImpl.java:43)
at java.base/java.lang.reflect.Method.invoke(Method.java:568)
at org.testng.internal.MethodInvocationHelper.invokeMethod(MethodInvocationHelper.java:133)
at org.testng.internal.TestInvoker.invokeMethod(TestInvoker.java:598)
at org.testng.internal.TestInvoker.invokeTestMethod(TestInvoker.java:173)
at org.testng.internal.MethodRunner.runInSequence(MethodRunner.java:46)
at org.testng.internal.TestInvoker$MethodInvocationAgent.invoke(TestInvoker.java:824)
at org.testng.internal.TestInvoker.invokeTestMethods(TestInvoker.java:146)
at org.testng.internal.TestMethodWorker.invokeTestMethods(TestMethodWorker.java:146)
at org.testng.internal.TestMethodWorker.run(TestMethodWorker.java:128)
at java.base/java.util.ArrayList.forEach(ArrayList.java:1511)
at org.testng.TestRunner.privateRun(TestRunner.java:794)
at org.testng.TestRunner.run(TestRunner.java:596)
at org.testng.SuiteRunner.runTest(SuiteRunner.java:377)
at org.testng.SuiteRunner.runSequentially(SuiteRunner.java:371)
at org.testng.SuiteRunner.privateRun(SuiteRunner.java:332)
at org.testng.SuiteRunner.run(SuiteRunner.java:276)
at org.testng.SuiteRunnerWorker.runSuite(SuiteRunnerWorker.java:53)
at org.testng.SuiteRunnerWorker.run(SuiteRunnerWorker.java:96)
at org.testng.TestNG.runSuitesSequentially(TestNG.java:1212)
at org.testng.TestNG.runSuitesLocally(TestNG.java:1134)
at org.testng.TestNG.runSuites(TestNG.java:1063)
at org.testng.TestNG.run(TestNG.java:1031)
at org.testng.remote.AbstractRemoteTestNG.run(AbstractRemoteTestNG.java:115)
at org.testng.remote.RemoteTestNG.initAndRun(RemoteTestNG.java:251)
at org.testng.remote.RemoteTestNG.main(RemoteTestNG.java:77)
]]>
    </failure>
  </testcase> <!-- Testcase_RowCount_validation -->
  <system-out>
    <![CDATA[Executing Snowflake query :: SELECT count(*) as TOTAL FROM DEV_ENT_RAW.ST_FOURPROS_MATILLION.LEAD
Table Count in Snowflake:: 2064
Executing Snowflake query :: select count(*) as TOTAL from CURATED_DATAMART.ST_BKP_FOURPROS.STR_LEAD Where ACTIVE_FLAG='Y'
Table Count in Snowflake:: 2061
Executing Snowflake query :: select count(*) as TOTAL from DEV_ENT_CURATED.MASTER_DIMENSIONS.DIM_LEAD where tenant_type='FOURPROS' and RECORD_UPDATED_BY='Backup Table'
Table Count in Snowflake:: 2057
Row Count of Table LEAD is not matched for RAW :: 2064 DataMart :: 2061 CURATED :: 2057]]>
  </system-out>
  <testcase classname="testcases.RAW_DATAMART_CURATED.SnowFlake_RowCount_Master" name="Testcase_RowCount_validation" time="2.560">
    <failure message="The following asserts failed:
	null,
	null" type="java.lang.AssertionError">
      <![CDATA[java.lang.AssertionError: The following asserts failed:
null,
null
at org.testng.asserts.SoftAssert.assertAll(SoftAssert.java:47)
at org.testng.asserts.SoftAssert.assertAll(SoftAssert.java:31)
at testcases.RAW_DATAMART_CURATED.SnowFlake_RowCount_Master.validate_RowCount_BKP(SnowFlake_RowCount_Master.java:56)
at testcases.RAW_DATAMART_CURATED.SnowFlake_RowCount_Master.Testcase_RowCount_validation(SnowFlake_RowCount_Master.java:25)
at jdk.internal.reflect.GeneratedMethodAccessor13.invoke(Unknown Source)
at java.base/jdk.internal.reflect.DelegatingMethodAccessorImpl.invoke(DelegatingMethodAccessorImpl.java:43)
at java.base/java.lang.reflect.Method.invoke(Method.java:568)
at org.testng.internal.MethodInvocationHelper.invokeMethod(MethodInvocationHelper.java:133)
at org.testng.internal.TestInvoker.invokeMethod(TestInvoker.java:598)
at org.testng.internal.TestInvoker.invokeTestMethod(TestInvoker.java:173)
at org.testng.internal.MethodRunner.runInSequence(MethodRunner.java:46)
at org.testng.internal.TestInvoker$MethodInvocationAgent.invoke(TestInvoker.java:824)
at org.testng.internal.TestInvoker.invokeTestMethods(TestInvoker.java:146)
at org.testng.internal.TestMethodWorker.invokeTestMethods(TestMethodWorker.java:146)
at org.testng.internal.TestMethodWorker.run(TestMethodWorker.java:128)
at java.base/java.util.ArrayList.forEach(ArrayList.java:1511)
at org.testng.TestRunner.privateRun(TestRunner.java:794)
at org.testng.TestRunner.run(TestRunner.java:596)
at org.testng.SuiteRunner.runTest(SuiteRunner.java:377)
at org.testng.SuiteRunner.runSequentially(SuiteRunner.java:371)
at org.testng.SuiteRunner.privateRun(SuiteRunner.java:332)
at org.testng.SuiteRunner.run(SuiteRunner.java:276)
at org.testng.SuiteRunnerWorker.runSuite(SuiteRunnerWorker.java:53)
at org.testng.SuiteRunnerWorker.run(SuiteRunnerWorker.java:96)
at org.testng.TestNG.runSuitesSequentially(TestNG.java:1212)
at org.testng.TestNG.runSuitesLocally(TestNG.java:1134)
at org.testng.TestNG.runSuites(TestNG.java:1063)
at org.testng.TestNG.run(TestNG.java:1031)
at org.testng.remote.AbstractRemoteTestNG.run(AbstractRemoteTestNG.java:115)
at org.testng.remote.RemoteTestNG.initAndRun(RemoteTestNG.java:251)
at org.testng.remote.RemoteTestNG.main(RemoteTestNG.java:77)
]]>
    </failure>
  </testcase> <!-- Testcase_RowCount_validation -->
  <system-out>
    <![CDATA[Executing Snowflake query :: SELECT count(*) as TOTAL FROM DEV_ENT_RAW.ST_HARP_MATILLION.NONJOBAPPOINTMENT
Snowflake - SQLException at readDB() method :: SQL compilation error:
Object 'DEV_ENT_RAW.ST_HARP_MATILLION.NONJOBAPPOINTMENT' does not exist or not authorized.
Executing Snowflake query :: select count(*) as TOTAL from CURATED_DATAMART.ST_BKP_HARP.STR_NONJOBAPPOINTMENT Where ACTIVE_FLAG='Y'
Table Count in Snowflake:: 30671
Executing Snowflake query :: select count(*) as TOTAL from DEV_ENT_CURATED.MASTER_DIMENSIONS.DIM_NONJOBAPPOINTMENT where tenant_type='HARP' and RECORD_UPDATED_BY='Backup Table'
Table Count in Snowflake:: 30421
Row Count of Table NONJOBAPPOINTMENT is not matched for RAW :: 0 DataMart :: 30671 CURATED :: 30421]]>
  </system-out>
  <testcase classname="testcases.RAW_DATAMART_CURATED.SnowFlake_RowCount_Master" name="Testcase_RowCount_validation" time="2.146">
    <failure message="The following asserts failed:
	null" type="java.lang.AssertionError">
      <![CDATA[java.lang.AssertionError: The following asserts failed:
null
at org.testng.asserts.SoftAssert.assertAll(SoftAssert.java:47)
at org.testng.asserts.SoftAssert.assertAll(SoftAssert.java:31)
at testcases.RAW_DATAMART_CURATED.SnowFlake_RowCount_Master.validate_RowCount_BKP(SnowFlake_RowCount_Master.java:56)
at testcases.RAW_DATAMART_CURATED.SnowFlake_RowCount_Master.Testcase_RowCount_validation(SnowFlake_RowCount_Master.java:25)
at jdk.internal.reflect.GeneratedMethodAccessor13.invoke(Unknown Source)
at java.base/jdk.internal.reflect.DelegatingMethodAccessorImpl.invoke(DelegatingMethodAccessorImpl.java:43)
at java.base/java.lang.reflect.Method.invoke(Method.java:568)
at org.testng.internal.MethodInvocationHelper.invokeMethod(MethodInvocationHelper.java:133)
at org.testng.internal.TestInvoker.invokeMethod(TestInvoker.java:598)
at org.testng.internal.TestInvoker.invokeTestMethod(TestInvoker.java:173)
at org.testng.internal.MethodRunner.runInSequence(MethodRunner.java:46)
at org.testng.internal.TestInvoker$MethodInvocationAgent.invoke(TestInvoker.java:824)
at org.testng.internal.TestInvoker.invokeTestMethods(TestInvoker.java:146)
at org.testng.internal.TestMethodWorker.invokeTestMethods(TestMethodWorker.java:146)
at org.testng.internal.TestMethodWorker.run(TestMethodWorker.java:128)
at java.base/java.util.ArrayList.forEach(ArrayList.java:1511)
at org.testng.TestRunner.privateRun(TestRunner.java:794)
at org.testng.TestRunner.run(TestRunner.java:596)
at org.testng.SuiteRunner.runTest(SuiteRunner.java:377)
at org.testng.SuiteRunner.runSequentially(SuiteRunner.java:371)
at org.testng.SuiteRunner.privateRun(SuiteRunner.java:332)
at org.testng.SuiteRunner.run(SuiteRunner.java:276)
at org.testng.SuiteRunnerWorker.runSuite(SuiteRunnerWorker.java:53)
at org.testng.SuiteRunnerWorker.run(SuiteRunnerWorker.java:96)
at org.testng.TestNG.runSuitesSequentially(TestNG.java:1212)
at org.testng.TestNG.runSuitesLocally(TestNG.java:1134)
at org.testng.TestNG.runSuites(TestNG.java:1063)
at org.testng.TestNG.run(TestNG.java:1031)
at org.testng.remote.AbstractRemoteTestNG.run(AbstractRemoteTestNG.java:115)
at org.testng.remote.RemoteTestNG.initAndRun(RemoteTestNG.java:251)
at org.testng.remote.RemoteTestNG.main(RemoteTestNG.java:77)
]]>
    </failure>
  </testcase> <!-- Testcase_RowCount_validation -->
  <system-out>
    <![CDATA[Executing Snowflake query :: SELECT count(*) as TOTAL FROM DEV_ENT_RAW.ST_HENDERSON_MATILLION.ZONE
Table Count in Snowflake:: 24
Executing Snowflake query :: select count(*) as TOTAL from CURATED_DATAMART.ST_BKP_HENDERSON.STR_ZONE Where ACTIVE_FLAG='Y'
Table Count in Snowflake:: 24
Executing Snowflake query :: select count(*) as TOTAL from DEV_ENT_CURATED.MASTER_DIMENSIONS.DIM_ZONE where tenant_type='HENDERSON' and RECORD_UPDATED_BY='Backup Table'
Table Count in Snowflake:: 5
Row Count of Table ZONE is not matched for RAW :: 24 DataMart :: 24 CURATED :: 5]]>
  </system-out>
  <testcase classname="testcases.RAW_DATAMART_CURATED.SnowFlake_RowCount_Master" name="Testcase_RowCount_validation" time="1.624">
    <failure message="The following asserts failed:
	null" type="java.lang.AssertionError">
      <![CDATA[java.lang.AssertionError: The following asserts failed:
null
at org.testng.asserts.SoftAssert.assertAll(SoftAssert.java:47)
at org.testng.asserts.SoftAssert.assertAll(SoftAssert.java:31)
at testcases.RAW_DATAMART_CURATED.SnowFlake_RowCount_Master.validate_RowCount_BKP(SnowFlake_RowCount_Master.java:56)
at testcases.RAW_DATAMART_CURATED.SnowFlake_RowCount_Master.Testcase_RowCount_validation(SnowFlake_RowCount_Master.java:25)
at jdk.internal.reflect.GeneratedMethodAccessor13.invoke(Unknown Source)
at java.base/jdk.internal.reflect.DelegatingMethodAccessorImpl.invoke(DelegatingMethodAccessorImpl.java:43)
at java.base/java.lang.reflect.Method.invoke(Method.java:568)
at org.testng.internal.MethodInvocationHelper.invokeMethod(MethodInvocationHelper.java:133)
at org.testng.internal.TestInvoker.invokeMethod(TestInvoker.java:598)
at org.testng.internal.TestInvoker.invokeTestMethod(TestInvoker.java:173)
at org.testng.internal.MethodRunner.runInSequence(MethodRunner.java:46)
at org.testng.internal.TestInvoker$MethodInvocationAgent.invoke(TestInvoker.java:824)
at org.testng.internal.TestInvoker.invokeTestMethods(TestInvoker.java:146)
at org.testng.internal.TestMethodWorker.invokeTestMethods(TestMethodWorker.java:146)
at org.testng.internal.TestMethodWorker.run(TestMethodWorker.java:128)
at java.base/java.util.ArrayList.forEach(ArrayList.java:1511)
at org.testng.TestRunner.privateRun(TestRunner.java:794)
at org.testng.TestRunner.run(TestRunner.java:596)
at org.testng.SuiteRunner.runTest(SuiteRunner.java:377)
at org.testng.SuiteRunner.runSequentially(SuiteRunner.java:371)
at org.testng.SuiteRunner.privateRun(SuiteRunner.java:332)
at org.testng.SuiteRunner.run(SuiteRunner.java:276)
at org.testng.SuiteRunnerWorker.runSuite(SuiteRunnerWorker.java:53)
at org.testng.SuiteRunnerWorker.run(SuiteRunnerWorker.java:96)
at org.testng.TestNG.runSuitesSequentially(TestNG.java:1212)
at org.testng.TestNG.runSuitesLocally(TestNG.java:1134)
at org.testng.TestNG.runSuites(TestNG.java:1063)
at org.testng.TestNG.run(TestNG.java:1031)
at org.testng.remote.AbstractRemoteTestNG.run(AbstractRemoteTestNG.java:115)
at org.testng.remote.RemoteTestNG.initAndRun(RemoteTestNG.java:251)
at org.testng.remote.RemoteTestNG.main(RemoteTestNG.java:77)
]]>
    </failure>
  </testcase> <!-- Testcase_RowCount_validation -->
  <system-out>
    <![CDATA[Executing Snowflake query :: SELECT count(*) as TOTAL FROM DEV_ENT_RAW.ST_SNELLHEATINGAIR_MATILLION.ESTIMATEITEM
Table Count in Snowflake:: 170012
Executing Snowflake query :: select count(*) as TOTAL from CURATED_DATAMART.ST_BKP_SNELLHEATINGAIR.STR_ESTIMATEITEM Where ACTIVE_FLAG='Y'
Table Count in Snowflake:: 169614
Executing Snowflake query :: select count(*) as TOTAL from DEV_ENT_CURATED.MASTER_DIMENSIONS.DIM_ESTIMATEITEM where tenant_type='SNELLHEATINGAIR' and RECORD_UPDATED_BY='Backup Table'
Table Count in Snowflake:: 169054
Row Count of Table ESTIMATEITEM is not matched for RAW :: 170012 DataMart :: 169614 CURATED :: 169054]]>
  </system-out>
  <testcase classname="testcases.RAW_DATAMART_CURATED.SnowFlake_RowCount_Master" name="Testcase_RowCount_validation" time="1.294">
    <failure message="The following asserts failed:
	null" type="java.lang.AssertionError">
      <![CDATA[java.lang.AssertionError: The following asserts failed:
null
at org.testng.asserts.SoftAssert.assertAll(SoftAssert.java:47)
at org.testng.asserts.SoftAssert.assertAll(SoftAssert.java:31)
at testcases.RAW_DATAMART_CURATED.SnowFlake_RowCount_Master.validate_RowCount_BKP(SnowFlake_RowCount_Master.java:56)
at testcases.RAW_DATAMART_CURATED.SnowFlake_RowCount_Master.Testcase_RowCount_validation(SnowFlake_RowCount_Master.java:25)
at jdk.internal.reflect.GeneratedMethodAccessor13.invoke(Unknown Source)
at java.base/jdk.internal.reflect.DelegatingMethodAccessorImpl.invoke(DelegatingMethodAccessorImpl.java:43)
at java.base/java.lang.reflect.Method.invoke(Method.java:568)
at org.testng.internal.MethodInvocationHelper.invokeMethod(MethodInvocationHelper.java:133)
at org.testng.internal.TestInvoker.invokeMethod(TestInvoker.java:598)
at org.testng.internal.TestInvoker.invokeTestMethod(TestInvoker.java:173)
at org.testng.internal.MethodRunner.runInSequence(MethodRunner.java:46)
at org.testng.internal.TestInvoker$MethodInvocationAgent.invoke(TestInvoker.java:824)
at org.testng.internal.TestInvoker.invokeTestMethods(TestInvoker.java:146)
at org.testng.internal.TestMethodWorker.invokeTestMethods(TestMethodWorker.java:146)
at org.testng.internal.TestMethodWorker.run(TestMethodWorker.java:128)
at java.base/java.util.ArrayList.forEach(ArrayList.java:1511)
at org.testng.TestRunner.privateRun(TestRunner.java:794)
at org.testng.TestRunner.run(TestRunner.java:596)
at org.testng.SuiteRunner.runTest(SuiteRunner.java:377)
at org.testng.SuiteRunner.runSequentially(SuiteRunner.java:371)
at org.testng.SuiteRunner.privateRun(SuiteRunner.java:332)
at org.testng.SuiteRunner.run(SuiteRunner.java:276)
at org.testng.SuiteRunnerWorker.runSuite(SuiteRunnerWorker.java:53)
at org.testng.SuiteRunnerWorker.run(SuiteRunnerWorker.java:96)
at org.testng.TestNG.runSuitesSequentially(TestNG.java:1212)
at org.testng.TestNG.runSuitesLocally(TestNG.java:1134)
at org.testng.TestNG.runSuites(TestNG.java:1063)
at org.testng.TestNG.run(TestNG.java:1031)
at org.testng.remote.AbstractRemoteTestNG.run(AbstractRemoteTestNG.java:115)
at org.testng.remote.RemoteTestNG.initAndRun(RemoteTestNG.java:251)
at org.testng.remote.RemoteTestNG.main(RemoteTestNG.java:77)
]]>
    </failure>
  </testcase> <!-- Testcase_RowCount_validation -->
  <system-out>
    <![CDATA[Executing Snowflake query :: SELECT count(*) as TOTAL FROM DEV_ENT_RAW.ST_EANESHEATING_MATILLION.MATERIALVENDORSUBACCOUNT
Snowflake - SQLException at readDB() method :: SQL compilation error:
Object 'DEV_ENT_RAW.ST_EANESHEATING_MATILLION.MATERIALVENDORSUBACCOUNT' does not exist or not authorized.
Executing Snowflake query :: select count(*) as TOTAL from CURATED_DATAMART.ST_BKP_EANESHEATING.STR_MATERIALVENDORSUBACCOUNT Where ACTIVE_FLAG='Y'
Table Count in Snowflake:: 0
Executing Snowflake query :: select count(*) as TOTAL from DEV_ENT_CURATED.MASTER_DIMENSIONS.DIM_MATERIALVENDORSUBACCOUNT where tenant_type='EANESHEATING' and RECORD_UPDATED_BY='Backup Table'
Table Count in Snowflake:: 0
Row Count of Table MATERIALVENDORSUBACCOUNT is matched for RAW :: 0 DataMart :: 0 CURATED :: 0]]>
  </system-out>
  <testcase classname="testcases.RAW_DATAMART_CURATED.SnowFlake_RowCount_Master" name="Testcase_RowCount_validation" time="2.758">
    <failure message="The following asserts failed:
	null" type="java.lang.AssertionError">
      <![CDATA[java.lang.AssertionError: The following asserts failed:
null
at org.testng.asserts.SoftAssert.assertAll(SoftAssert.java:47)
at org.testng.asserts.SoftAssert.assertAll(SoftAssert.java:31)
at testcases.RAW_DATAMART_CURATED.SnowFlake_RowCount_Master.validate_RowCount_BKP(SnowFlake_RowCount_Master.java:56)
at testcases.RAW_DATAMART_CURATED.SnowFlake_RowCount_Master.Testcase_RowCount_validation(SnowFlake_RowCount_Master.java:25)
at jdk.internal.reflect.GeneratedMethodAccessor13.invoke(Unknown Source)
at java.base/jdk.internal.reflect.DelegatingMethodAccessorImpl.invoke(DelegatingMethodAccessorImpl.java:43)
at java.base/java.lang.reflect.Method.invoke(Method.java:568)
at org.testng.internal.MethodInvocationHelper.invokeMethod(MethodInvocationHelper.java:133)
at org.testng.internal.TestInvoker.invokeMethod(TestInvoker.java:598)
at org.testng.internal.TestInvoker.invokeTestMethod(TestInvoker.java:173)
at org.testng.internal.MethodRunner.runInSequence(MethodRunner.java:46)
at org.testng.internal.TestInvoker$MethodInvocationAgent.invoke(TestInvoker.java:824)
at org.testng.internal.TestInvoker.invokeTestMethods(TestInvoker.java:146)
at org.testng.internal.TestMethodWorker.invokeTestMethods(TestMethodWorker.java:146)
at org.testng.internal.TestMethodWorker.run(TestMethodWorker.java:128)
at java.base/java.util.ArrayList.forEach(ArrayList.java:1511)
at org.testng.TestRunner.privateRun(TestRunner.java:794)
at org.testng.TestRunner.run(TestRunner.java:596)
at org.testng.SuiteRunner.runTest(SuiteRunner.java:377)
at org.testng.SuiteRunner.runSequentially(SuiteRunner.java:371)
at org.testng.SuiteRunner.privateRun(SuiteRunner.java:332)
at org.testng.SuiteRunner.run(SuiteRunner.java:276)
at org.testng.SuiteRunnerWorker.runSuite(SuiteRunnerWorker.java:53)
at org.testng.SuiteRunnerWorker.run(SuiteRunnerWorker.java:96)
at org.testng.TestNG.runSuitesSequentially(TestNG.java:1212)
at org.testng.TestNG.runSuitesLocally(TestNG.java:1134)
at org.testng.TestNG.runSuites(TestNG.java:1063)
at org.testng.TestNG.run(TestNG.java:1031)
at org.testng.remote.AbstractRemoteTestNG.run(AbstractRemoteTestNG.java:115)
at org.testng.remote.RemoteTestNG.initAndRun(RemoteTestNG.java:251)
at org.testng.remote.RemoteTestNG.main(RemoteTestNG.java:77)
]]>
    </failure>
  </testcase> <!-- Testcase_RowCount_validation -->
  <system-out>
    <![CDATA[Executing Snowflake query :: SELECT count(*) as TOTAL FROM DEV_ENT_RAW.ST_MAITZ_MATILLION.CONTACT
Table Count in Snowflake:: 265491
Executing Snowflake query :: select count(*) as TOTAL from CURATED_DATAMART.ST_BKP_MAITZ.STR_CONTACT Where ACTIVE_FLAG='Y'
Table Count in Snowflake:: 265301
Executing Snowflake query :: select count(*) as TOTAL from DEV_ENT_CURATED.MASTER_DIMENSIONS.DIM_CONTACT where tenant_type='MAITZ' and RECORD_UPDATED_BY='Backup Table'
Table Count in Snowflake:: 232839
Row Count of Table CONTACT is not matched for RAW :: 265491 DataMart :: 265301 CURATED :: 232839]]>
  </system-out>
  <testcase classname="testcases.RAW_DATAMART_CURATED.SnowFlake_RowCount_Master" name="Testcase_RowCount_validation" time="1.947">
    <failure message="The following asserts failed:
	null" type="java.lang.AssertionError">
      <![CDATA[java.lang.AssertionError: The following asserts failed:
null
at org.testng.asserts.SoftAssert.assertAll(SoftAssert.java:47)
at org.testng.asserts.SoftAssert.assertAll(SoftAssert.java:31)
at testcases.RAW_DATAMART_CURATED.SnowFlake_RowCount_Master.validate_RowCount_BKP(SnowFlake_RowCount_Master.java:56)
at testcases.RAW_DATAMART_CURATED.SnowFlake_RowCount_Master.Testcase_RowCount_validation(SnowFlake_RowCount_Master.java:25)
at jdk.internal.reflect.GeneratedMethodAccessor13.invoke(Unknown Source)
at java.base/jdk.internal.reflect.DelegatingMethodAccessorImpl.invoke(DelegatingMethodAccessorImpl.java:43)
at java.base/java.lang.reflect.Method.invoke(Method.java:568)
at org.testng.internal.MethodInvocationHelper.invokeMethod(MethodInvocationHelper.java:133)
at org.testng.internal.TestInvoker.invokeMethod(TestInvoker.java:598)
at org.testng.internal.TestInvoker.invokeTestMethod(TestInvoker.java:173)
at org.testng.internal.MethodRunner.runInSequence(MethodRunner.java:46)
at org.testng.internal.TestInvoker$MethodInvocationAgent.invoke(TestInvoker.java:824)
at org.testng.internal.TestInvoker.invokeTestMethods(TestInvoker.java:146)
at org.testng.internal.TestMethodWorker.invokeTestMethods(TestMethodWorker.java:146)
at org.testng.internal.TestMethodWorker.run(TestMethodWorker.java:128)
at java.base/java.util.ArrayList.forEach(ArrayList.java:1511)
at org.testng.TestRunner.privateRun(TestRunner.java:794)
at org.testng.TestRunner.run(TestRunner.java:596)
at org.testng.SuiteRunner.runTest(SuiteRunner.java:377)
at org.testng.SuiteRunner.runSequentially(SuiteRunner.java:371)
at org.testng.SuiteRunner.privateRun(SuiteRunner.java:332)
at org.testng.SuiteRunner.run(SuiteRunner.java:276)
at org.testng.SuiteRunnerWorker.runSuite(SuiteRunnerWorker.java:53)
at org.testng.SuiteRunnerWorker.run(SuiteRunnerWorker.java:96)
at org.testng.TestNG.runSuitesSequentially(TestNG.java:1212)
at org.testng.TestNG.runSuitesLocally(TestNG.java:1134)
at org.testng.TestNG.runSuites(TestNG.java:1063)
at org.testng.TestNG.run(TestNG.java:1031)
at org.testng.remote.AbstractRemoteTestNG.run(AbstractRemoteTestNG.java:115)
at org.testng.remote.RemoteTestNG.initAndRun(RemoteTestNG.java:251)
at org.testng.remote.RemoteTestNG.main(RemoteTestNG.java:77)
]]>
    </failure>
  </testcase> <!-- Testcase_RowCount_validation -->
  <system-out>
    <![CDATA[Executing Snowflake query :: SELECT count(*) as TOTAL FROM DEV_ENT_RAW.ST_FOURPROS_MATILLION.TECHNICIANSHIFT
Snowflake - SQLException at readDB() method :: SQL compilation error:
Object 'DEV_ENT_RAW.ST_FOURPROS_MATILLION.TECHNICIANSHIFT' does not exist or not authorized.
Executing Snowflake query :: select count(*) as TOTAL from CURATED_DATAMART.ST_BKP_FOURPROS.STR_TECHNICIANSHIFT Where ACTIVE_FLAG='Y'
Table Count in Snowflake:: 60238
Executing Snowflake query :: select count(*) as TOTAL from DEV_ENT_CURATED.MASTER_DIMENSIONS.DIM_TECHNICIANSHIFT where tenant_type='FOURPROS' and RECORD_UPDATED_BY='Backup Table'
Table Count in Snowflake:: 60238
Row Count of Table TECHNICIANSHIFT is matched for RAW :: 0 DataMart :: 60238 CURATED :: 60238]]>
  </system-out>
  <testcase classname="testcases.RAW_DATAMART_CURATED.SnowFlake_RowCount_Master" name="Testcase_RowCount_validation" time="1.873">
    <failure message="The following asserts failed:
	null" type="java.lang.AssertionError">
      <![CDATA[java.lang.AssertionError: The following asserts failed:
null
at org.testng.asserts.SoftAssert.assertAll(SoftAssert.java:47)
at org.testng.asserts.SoftAssert.assertAll(SoftAssert.java:31)
at testcases.RAW_DATAMART_CURATED.SnowFlake_RowCount_Master.validate_RowCount_BKP(SnowFlake_RowCount_Master.java:56)
at testcases.RAW_DATAMART_CURATED.SnowFlake_RowCount_Master.Testcase_RowCount_validation(SnowFlake_RowCount_Master.java:25)
at jdk.internal.reflect.GeneratedMethodAccessor13.invoke(Unknown Source)
at java.base/jdk.internal.reflect.DelegatingMethodAccessorImpl.invoke(DelegatingMethodAccessorImpl.java:43)
at java.base/java.lang.reflect.Method.invoke(Method.java:568)
at org.testng.internal.MethodInvocationHelper.invokeMethod(MethodInvocationHelper.java:133)
at org.testng.internal.TestInvoker.invokeMethod(TestInvoker.java:598)
at org.testng.internal.TestInvoker.invokeTestMethod(TestInvoker.java:173)
at org.testng.internal.MethodRunner.runInSequence(MethodRunner.java:46)
at org.testng.internal.TestInvoker$MethodInvocationAgent.invoke(TestInvoker.java:824)
at org.testng.internal.TestInvoker.invokeTestMethods(TestInvoker.java:146)
at org.testng.internal.TestMethodWorker.invokeTestMethods(TestMethodWorker.java:146)
at org.testng.internal.TestMethodWorker.run(TestMethodWorker.java:128)
at java.base/java.util.ArrayList.forEach(ArrayList.java:1511)
at org.testng.TestRunner.privateRun(TestRunner.java:794)
at org.testng.TestRunner.run(TestRunner.java:596)
at org.testng.SuiteRunner.runTest(SuiteRunner.java:377)
at org.testng.SuiteRunner.runSequentially(SuiteRunner.java:371)
at org.testng.SuiteRunner.privateRun(SuiteRunner.java:332)
at org.testng.SuiteRunner.run(SuiteRunner.java:276)
at org.testng.SuiteRunnerWorker.runSuite(SuiteRunnerWorker.java:53)
at org.testng.SuiteRunnerWorker.run(SuiteRunnerWorker.java:96)
at org.testng.TestNG.runSuitesSequentially(TestNG.java:1212)
at org.testng.TestNG.runSuitesLocally(TestNG.java:1134)
at org.testng.TestNG.runSuites(TestNG.java:1063)
at org.testng.TestNG.run(TestNG.java:1031)
at org.testng.remote.AbstractRemoteTestNG.run(AbstractRemoteTestNG.java:115)
at org.testng.remote.RemoteTestNG.initAndRun(RemoteTestNG.java:251)
at org.testng.remote.RemoteTestNG.main(RemoteTestNG.java:77)
]]>
    </failure>
  </testcase> <!-- Testcase_RowCount_validation -->
  <system-out>
    <![CDATA[Executing Snowflake query :: SELECT count(*) as TOTAL FROM DEV_ENT_RAW.ST_SNELLHEATINGAIR_MATILLION.MATERIALVENDOR
Table Count in Snowflake:: 132521
Executing Snowflake query :: select count(*) as TOTAL from CURATED_DATAMART.ST_BKP_SNELLHEATINGAIR.STR_MATERIALVENDOR Where ACTIVE_FLAG='Y'
Table Count in Snowflake:: 132349
Executing Snowflake query :: select count(*) as TOTAL from DEV_ENT_CURATED.MASTER_DIMENSIONS.DIM_MATERIALVENDOR where tenant_type='SNELLHEATINGAIR' and RECORD_UPDATED_BY='Backup Table'
Table Count in Snowflake:: 126548
Row Count of Table MATERIALVENDOR is not matched for RAW :: 132521 DataMart :: 132349 CURATED :: 126548]]>
  </system-out>
  <testcase classname="testcases.RAW_DATAMART_CURATED.SnowFlake_RowCount_Master" name="Testcase_RowCount_validation" time="1.843">
    <failure message="The following asserts failed:
	null" type="java.lang.AssertionError">
      <![CDATA[java.lang.AssertionError: The following asserts failed:
null
at org.testng.asserts.SoftAssert.assertAll(SoftAssert.java:47)
at org.testng.asserts.SoftAssert.assertAll(SoftAssert.java:31)
at testcases.RAW_DATAMART_CURATED.SnowFlake_RowCount_Master.validate_RowCount_BKP(SnowFlake_RowCount_Master.java:56)
at testcases.RAW_DATAMART_CURATED.SnowFlake_RowCount_Master.Testcase_RowCount_validation(SnowFlake_RowCount_Master.java:25)
at jdk.internal.reflect.GeneratedMethodAccessor13.invoke(Unknown Source)
at java.base/jdk.internal.reflect.DelegatingMethodAccessorImpl.invoke(DelegatingMethodAccessorImpl.java:43)
at java.base/java.lang.reflect.Method.invoke(Method.java:568)
at org.testng.internal.MethodInvocationHelper.invokeMethod(MethodInvocationHelper.java:133)
at org.testng.internal.TestInvoker.invokeMethod(TestInvoker.java:598)
at org.testng.internal.TestInvoker.invokeTestMethod(TestInvoker.java:173)
at org.testng.internal.MethodRunner.runInSequence(MethodRunner.java:46)
at org.testng.internal.TestInvoker$MethodInvocationAgent.invoke(TestInvoker.java:824)
at org.testng.internal.TestInvoker.invokeTestMethods(TestInvoker.java:146)
at org.testng.internal.TestMethodWorker.invokeTestMethods(TestMethodWorker.java:146)
at org.testng.internal.TestMethodWorker.run(TestMethodWorker.java:128)
at java.base/java.util.ArrayList.forEach(ArrayList.java:1511)
at org.testng.TestRunner.privateRun(TestRunner.java:794)
at org.testng.TestRunner.run(TestRunner.java:596)
at org.testng.SuiteRunner.runTest(SuiteRunner.java:377)
at org.testng.SuiteRunner.runSequentially(SuiteRunner.java:371)
at org.testng.SuiteRunner.privateRun(SuiteRunner.java:332)
at org.testng.SuiteRunner.run(SuiteRunner.java:276)
at org.testng.SuiteRunnerWorker.runSuite(SuiteRunnerWorker.java:53)
at org.testng.SuiteRunnerWorker.run(SuiteRunnerWorker.java:96)
at org.testng.TestNG.runSuitesSequentially(TestNG.java:1212)
at org.testng.TestNG.runSuitesLocally(TestNG.java:1134)
at org.testng.TestNG.runSuites(TestNG.java:1063)
at org.testng.TestNG.run(TestNG.java:1031)
at org.testng.remote.AbstractRemoteTestNG.run(AbstractRemoteTestNG.java:115)
at org.testng.remote.RemoteTestNG.initAndRun(RemoteTestNG.java:251)
at org.testng.remote.RemoteTestNG.main(RemoteTestNG.java:77)
]]>
    </failure>
  </testcase> <!-- Testcase_RowCount_validation -->
  <system-out>
    <![CDATA[Executing Snowflake query :: SELECT count(*) as TOTAL FROM DEV_ENT_RAW.ST_MAITZ_MATILLION.ZONE
Table Count in Snowflake:: 21
Executing Snowflake query :: select count(*) as TOTAL from CURATED_DATAMART.ST_BKP_MAITZ.STR_ZONE Where ACTIVE_FLAG='Y'
Table Count in Snowflake:: 21
Executing Snowflake query :: select count(*) as TOTAL from DEV_ENT_CURATED.MASTER_DIMENSIONS.DIM_ZONE where tenant_type='MAITZ' and RECORD_UPDATED_BY='Backup Table'
Table Count in Snowflake:: 0
Row Count of Table ZONE is not matched for RAW :: 21 DataMart :: 21 CURATED :: 0]]>
  </system-out>
  <testcase classname="testcases.RAW_DATAMART_CURATED.SnowFlake_RowCount_Master" name="Testcase_RowCount_validation" time="1.536">
    <failure message="The following asserts failed:
	null,
	null" type="java.lang.AssertionError">
      <![CDATA[java.lang.AssertionError: The following asserts failed:
null,
null
at org.testng.asserts.SoftAssert.assertAll(SoftAssert.java:47)
at org.testng.asserts.SoftAssert.assertAll(SoftAssert.java:31)
at testcases.RAW_DATAMART_CURATED.SnowFlake_RowCount_Master.validate_RowCount_BKP(SnowFlake_RowCount_Master.java:56)
at testcases.RAW_DATAMART_CURATED.SnowFlake_RowCount_Master.Testcase_RowCount_validation(SnowFlake_RowCount_Master.java:25)
at jdk.internal.reflect.GeneratedMethodAccessor13.invoke(Unknown Source)
at java.base/jdk.internal.reflect.DelegatingMethodAccessorImpl.invoke(DelegatingMethodAccessorImpl.java:43)
at java.base/java.lang.reflect.Method.invoke(Method.java:568)
at org.testng.internal.MethodInvocationHelper.invokeMethod(MethodInvocationHelper.java:133)
at org.testng.internal.TestInvoker.invokeMethod(TestInvoker.java:598)
at org.testng.internal.TestInvoker.invokeTestMethod(TestInvoker.java:173)
at org.testng.internal.MethodRunner.runInSequence(MethodRunner.java:46)
at org.testng.internal.TestInvoker$MethodInvocationAgent.invoke(TestInvoker.java:824)
at org.testng.internal.TestInvoker.invokeTestMethods(TestInvoker.java:146)
at org.testng.internal.TestMethodWorker.invokeTestMethods(TestMethodWorker.java:146)
at org.testng.internal.TestMethodWorker.run(TestMethodWorker.java:128)
at java.base/java.util.ArrayList.forEach(ArrayList.java:1511)
at org.testng.TestRunner.privateRun(TestRunner.java:794)
at org.testng.TestRunner.run(TestRunner.java:596)
at org.testng.SuiteRunner.runTest(SuiteRunner.java:377)
at org.testng.SuiteRunner.runSequentially(SuiteRunner.java:371)
at org.testng.SuiteRunner.privateRun(SuiteRunner.java:332)
at org.testng.SuiteRunner.run(SuiteRunner.java:276)
at org.testng.SuiteRunnerWorker.runSuite(SuiteRunnerWorker.java:53)
at org.testng.SuiteRunnerWorker.run(SuiteRunnerWorker.java:96)
at org.testng.TestNG.runSuitesSequentially(TestNG.java:1212)
at org.testng.TestNG.runSuitesLocally(TestNG.java:1134)
at org.testng.TestNG.runSuites(TestNG.java:1063)
at org.testng.TestNG.run(TestNG.java:1031)
at org.testng.remote.AbstractRemoteTestNG.run(AbstractRemoteTestNG.java:115)
at org.testng.remote.RemoteTestNG.initAndRun(RemoteTestNG.java:251)
at org.testng.remote.RemoteTestNG.main(RemoteTestNG.java:77)
]]>
    </failure>
  </testcase> <!-- Testcase_RowCount_validation -->
  <system-out>
    <![CDATA[Executing Snowflake query :: SELECT count(*) as TOTAL FROM DEV_ENT_RAW.ST_EANESHEATING_MATILLION.ESTIMATE
Snowflake - SQLException at readDB() method :: SQL compilation error:
Object 'DEV_ENT_RAW.ST_EANESHEATING_MATILLION.ESTIMATE' does not exist or not authorized.
Executing Snowflake query :: select count(*) as TOTAL from CURATED_DATAMART.ST_BKP_EANESHEATING.STR_ESTIMATE Where ACTIVE_FLAG='Y'
Table Count in Snowflake:: 39443
Executing Snowflake query :: select count(*) as TOTAL from DEV_ENT_CURATED.MASTER_DIMENSIONS.DIM_ESTIMATE where tenant_type='EANESHEATING' and RECORD_UPDATED_BY='Backup Table'
Table Count in Snowflake:: 38541
Row Count of Table ESTIMATE is not matched for RAW :: 0 DataMart :: 39443 CURATED :: 38541]]>
  </system-out>
  <testcase classname="testcases.RAW_DATAMART_CURATED.SnowFlake_RowCount_Master" name="Testcase_RowCount_validation" time="1.797">
    <failure message="The following asserts failed:
	null,
	null" type="java.lang.AssertionError">
      <![CDATA[java.lang.AssertionError: The following asserts failed:
null,
null
at org.testng.asserts.SoftAssert.assertAll(SoftAssert.java:47)
at org.testng.asserts.SoftAssert.assertAll(SoftAssert.java:31)
at testcases.RAW_DATAMART_CURATED.SnowFlake_RowCount_Master.validate_RowCount_BKP(SnowFlake_RowCount_Master.java:56)
at testcases.RAW_DATAMART_CURATED.SnowFlake_RowCount_Master.Testcase_RowCount_validation(SnowFlake_RowCount_Master.java:25)
at jdk.internal.reflect.GeneratedMethodAccessor13.invoke(Unknown Source)
at java.base/jdk.internal.reflect.DelegatingMethodAccessorImpl.invoke(DelegatingMethodAccessorImpl.java:43)
at java.base/java.lang.reflect.Method.invoke(Method.java:568)
at org.testng.internal.MethodInvocationHelper.invokeMethod(MethodInvocationHelper.java:133)
at org.testng.internal.TestInvoker.invokeMethod(TestInvoker.java:598)
at org.testng.internal.TestInvoker.invokeTestMethod(TestInvoker.java:173)
at org.testng.internal.MethodRunner.runInSequence(MethodRunner.java:46)
at org.testng.internal.TestInvoker$MethodInvocationAgent.invoke(TestInvoker.java:824)
at org.testng.internal.TestInvoker.invokeTestMethods(TestInvoker.java:146)
at org.testng.internal.TestMethodWorker.invokeTestMethods(TestMethodWorker.java:146)
at org.testng.internal.TestMethodWorker.run(TestMethodWorker.java:128)
at java.base/java.util.ArrayList.forEach(ArrayList.java:1511)
at org.testng.TestRunner.privateRun(TestRunner.java:794)
at org.testng.TestRunner.run(TestRunner.java:596)
at org.testng.SuiteRunner.runTest(SuiteRunner.java:377)
at org.testng.SuiteRunner.runSequentially(SuiteRunner.java:371)
at org.testng.SuiteRunner.privateRun(SuiteRunner.java:332)
at org.testng.SuiteRunner.run(SuiteRunner.java:276)
at org.testng.SuiteRunnerWorker.runSuite(SuiteRunnerWorker.java:53)
at org.testng.SuiteRunnerWorker.run(SuiteRunnerWorker.java:96)
at org.testng.TestNG.runSuitesSequentially(TestNG.java:1212)
at org.testng.TestNG.runSuitesLocally(TestNG.java:1134)
at org.testng.TestNG.runSuites(TestNG.java:1063)
at org.testng.TestNG.run(TestNG.java:1031)
at org.testng.remote.AbstractRemoteTestNG.run(AbstractRemoteTestNG.java:115)
at org.testng.remote.RemoteTestNG.initAndRun(RemoteTestNG.java:251)
at org.testng.remote.RemoteTestNG.main(RemoteTestNG.java:77)
]]>
    </failure>
  </testcase> <!-- Testcase_RowCount_validation -->
  <system-out>
    <![CDATA[Executing Snowflake query :: SELECT count(*) as TOTAL FROM DEV_ENT_RAW.ST_GOLDMEDAL_MATILLION.TECHNICIANATTACHEDPROPERTY
Table Count in Snowflake:: 2875
Executing Snowflake query :: select count(*) as TOTAL from CURATED_DATAMART.ST_BKP_GOLDMEDAL.STR_TECHNICIANATTACHEDPROPERTY Where ACTIVE_FLAG='Y'
Table Count in Snowflake:: 2875
Executing Snowflake query :: select count(*) as TOTAL from DEV_ENT_CURATED.MASTER_DIMENSIONS.DIM_TECHNICIANATTACHEDPROPERTY where tenant_type='GOLDMEDAL' and RECORD_UPDATED_BY='Backup Table'
Snowflake - SQLException at readDB() method :: SQL compilation error: error line 1 at position 129
invalid identifier 'RECORD_UPDATED_BY'
Row Count of Table TECHNICIANATTACHEDPROPERTY is not matched for RAW :: 2875 DataMart :: 2875 CURATED :: 0]]>
  </system-out>
  <testcase classname="testcases.RAW_DATAMART_CURATED.SnowFlake_RowCount_Master" name="Testcase_RowCount_validation" time="2.556">
    <failure message="The following asserts failed:
	null,
	null" type="java.lang.AssertionError">
      <![CDATA[java.lang.AssertionError: The following asserts failed:
null,
null
at org.testng.asserts.SoftAssert.assertAll(SoftAssert.java:47)
at org.testng.asserts.SoftAssert.assertAll(SoftAssert.java:31)
at testcases.RAW_DATAMART_CURATED.SnowFlake_RowCount_Master.validate_RowCount_BKP(SnowFlake_RowCount_Master.java:56)
at testcases.RAW_DATAMART_CURATED.SnowFlake_RowCount_Master.Testcase_RowCount_validation(SnowFlake_RowCount_Master.java:25)
at jdk.internal.reflect.GeneratedMethodAccessor13.invoke(Unknown Source)
at java.base/jdk.internal.reflect.DelegatingMethodAccessorImpl.invoke(DelegatingMethodAccessorImpl.java:43)
at java.base/java.lang.reflect.Method.invoke(Method.java:568)
at org.testng.internal.MethodInvocationHelper.invokeMethod(MethodInvocationHelper.java:133)
at org.testng.internal.TestInvoker.invokeMethod(TestInvoker.java:598)
at org.testng.internal.TestInvoker.invokeTestMethod(TestInvoker.java:173)
at org.testng.internal.MethodRunner.runInSequence(MethodRunner.java:46)
at org.testng.internal.TestInvoker$MethodInvocationAgent.invoke(TestInvoker.java:824)
at org.testng.internal.TestInvoker.invokeTestMethods(TestInvoker.java:146)
at org.testng.internal.TestMethodWorker.invokeTestMethods(TestMethodWorker.java:146)
at org.testng.internal.TestMethodWorker.run(TestMethodWorker.java:128)
at java.base/java.util.ArrayList.forEach(ArrayList.java:1511)
at org.testng.TestRunner.privateRun(TestRunner.java:794)
at org.testng.TestRunner.run(TestRunner.java:596)
at org.testng.SuiteRunner.runTest(SuiteRunner.java:377)
at org.testng.SuiteRunner.runSequentially(SuiteRunner.java:371)
at org.testng.SuiteRunner.privateRun(SuiteRunner.java:332)
at org.testng.SuiteRunner.run(SuiteRunner.java:276)
at org.testng.SuiteRunnerWorker.runSuite(SuiteRunnerWorker.java:53)
at org.testng.SuiteRunnerWorker.run(SuiteRunnerWorker.java:96)
at org.testng.TestNG.runSuitesSequentially(TestNG.java:1212)
at org.testng.TestNG.runSuitesLocally(TestNG.java:1134)
at org.testng.TestNG.runSuites(TestNG.java:1063)
at org.testng.TestNG.run(TestNG.java:1031)
at org.testng.remote.AbstractRemoteTestNG.run(AbstractRemoteTestNG.java:115)
at org.testng.remote.RemoteTestNG.initAndRun(RemoteTestNG.java:251)
at org.testng.remote.RemoteTestNG.main(RemoteTestNG.java:77)
]]>
    </failure>
  </testcase> <!-- Testcase_RowCount_validation -->
  <system-out>
    <![CDATA[Executing Snowflake query :: SELECT count(*) as TOTAL FROM DEV_ENT_RAW.ST_MAITZ_MATILLION.NONJOBAPPOINTMENT
Snowflake - SQLException at readDB() method :: SQL compilation error:
Object 'DEV_ENT_RAW.ST_MAITZ_MATILLION.NONJOBAPPOINTMENT' does not exist or not authorized.
Executing Snowflake query :: select count(*) as TOTAL from CURATED_DATAMART.ST_BKP_MAITZ.STR_NONJOBAPPOINTMENT Where ACTIVE_FLAG='Y'
Table Count in Snowflake:: 4302
Executing Snowflake query :: select count(*) as TOTAL from DEV_ENT_CURATED.MASTER_DIMENSIONS.DIM_NONJOBAPPOINTMENT where tenant_type='MAITZ' and RECORD_UPDATED_BY='Backup Table'
Table Count in Snowflake:: 4052
Row Count of Table NONJOBAPPOINTMENT is not matched for RAW :: 0 DataMart :: 4302 CURATED :: 4052]]>
  </system-out>
  <testcase classname="testcases.RAW_DATAMART_CURATED.SnowFlake_RowCount_Master" name="Testcase_RowCount_validation" time="1.800">
    <failure message="The following asserts failed:
	null,
	null" type="java.lang.AssertionError">
      <![CDATA[java.lang.AssertionError: The following asserts failed:
null,
null
at org.testng.asserts.SoftAssert.assertAll(SoftAssert.java:47)
at org.testng.asserts.SoftAssert.assertAll(SoftAssert.java:31)
at testcases.RAW_DATAMART_CURATED.SnowFlake_RowCount_Master.validate_RowCount_BKP(SnowFlake_RowCount_Master.java:56)
at testcases.RAW_DATAMART_CURATED.SnowFlake_RowCount_Master.Testcase_RowCount_validation(SnowFlake_RowCount_Master.java:25)
at jdk.internal.reflect.GeneratedMethodAccessor13.invoke(Unknown Source)
at java.base/jdk.internal.reflect.DelegatingMethodAccessorImpl.invoke(DelegatingMethodAccessorImpl.java:43)
at java.base/java.lang.reflect.Method.invoke(Method.java:568)
at org.testng.internal.MethodInvocationHelper.invokeMethod(MethodInvocationHelper.java:133)
at org.testng.internal.TestInvoker.invokeMethod(TestInvoker.java:598)
at org.testng.internal.TestInvoker.invokeTestMethod(TestInvoker.java:173)
at org.testng.internal.MethodRunner.runInSequence(MethodRunner.java:46)
at org.testng.internal.TestInvoker$MethodInvocationAgent.invoke(TestInvoker.java:824)
at org.testng.internal.TestInvoker.invokeTestMethods(TestInvoker.java:146)
at org.testng.internal.TestMethodWorker.invokeTestMethods(TestMethodWorker.java:146)
at org.testng.internal.TestMethodWorker.run(TestMethodWorker.java:128)
at java.base/java.util.ArrayList.forEach(ArrayList.java:1511)
at org.testng.TestRunner.privateRun(TestRunner.java:794)
at org.testng.TestRunner.run(TestRunner.java:596)
at org.testng.SuiteRunner.runTest(SuiteRunner.java:377)
at org.testng.SuiteRunner.runSequentially(SuiteRunner.java:371)
at org.testng.SuiteRunner.privateRun(SuiteRunner.java:332)
at org.testng.SuiteRunner.run(SuiteRunner.java:276)
at org.testng.SuiteRunnerWorker.runSuite(SuiteRunnerWorker.java:53)
at org.testng.SuiteRunnerWorker.run(SuiteRunnerWorker.java:96)
at org.testng.TestNG.runSuitesSequentially(TestNG.java:1212)
at org.testng.TestNG.runSuitesLocally(TestNG.java:1134)
at org.testng.TestNG.runSuites(TestNG.java:1063)
at org.testng.TestNG.run(TestNG.java:1031)
at org.testng.remote.AbstractRemoteTestNG.run(AbstractRemoteTestNG.java:115)
at org.testng.remote.RemoteTestNG.initAndRun(RemoteTestNG.java:251)
at org.testng.remote.RemoteTestNG.main(RemoteTestNG.java:77)
]]>
    </failure>
  </testcase> <!-- Testcase_RowCount_validation -->
  <system-out>
    <![CDATA[Executing Snowflake query :: SELECT count(*) as TOTAL FROM DEV_ENT_RAW.ST_HDAIR_MATILLION.ESTIMATEITEM
Snowflake - SQLException at readDB() method :: SQL compilation error:
Object 'DEV_ENT_RAW.ST_HDAIR_MATILLION.ESTIMATEITEM' does not exist or not authorized.
Executing Snowflake query :: select count(*) as TOTAL from CURATED_DATAMART.ST_BKP_HDAIR.STR_ESTIMATEITEM Where ACTIVE_FLAG='Y'
Table Count in Snowflake:: 232187
Executing Snowflake query :: select count(*) as TOTAL from DEV_ENT_CURATED.MASTER_DIMENSIONS.DIM_ESTIMATEITEM where tenant_type='HDAIR' and RECORD_UPDATED_BY='Backup Table'
Table Count in Snowflake:: 231895
Row Count of Table ESTIMATEITEM is not matched for RAW :: 0 DataMart :: 232187 CURATED :: 231895]]>
  </system-out>
  <testcase classname="testcases.RAW_DATAMART_CURATED.SnowFlake_RowCount_Master" name="Testcase_RowCount_validation" time="2.247">
    <failure message="The following asserts failed:
	null,
	null" type="java.lang.AssertionError">
      <![CDATA[java.lang.AssertionError: The following asserts failed:
null,
null
at org.testng.asserts.SoftAssert.assertAll(SoftAssert.java:47)
at org.testng.asserts.SoftAssert.assertAll(SoftAssert.java:31)
at testcases.RAW_DATAMART_CURATED.SnowFlake_RowCount_Master.validate_RowCount_API(SnowFlake_RowCount_Master.java:115)
at testcases.RAW_DATAMART_CURATED.SnowFlake_RowCount_Master.Testcase_RowCount_validation(SnowFlake_RowCount_Master.java:28)
at jdk.internal.reflect.GeneratedMethodAccessor13.invoke(Unknown Source)
at java.base/jdk.internal.reflect.DelegatingMethodAccessorImpl.invoke(DelegatingMethodAccessorImpl.java:43)
at java.base/java.lang.reflect.Method.invoke(Method.java:568)
at org.testng.internal.MethodInvocationHelper.invokeMethod(MethodInvocationHelper.java:133)
at org.testng.internal.TestInvoker.invokeMethod(TestInvoker.java:598)
at org.testng.internal.TestInvoker.invokeTestMethod(TestInvoker.java:173)
at org.testng.internal.MethodRunner.runInSequence(MethodRunner.java:46)
at org.testng.internal.TestInvoker$MethodInvocationAgent.invoke(TestInvoker.java:824)
at org.testng.internal.TestInvoker.invokeTestMethods(TestInvoker.java:146)
at org.testng.internal.TestMethodWorker.invokeTestMethods(TestMethodWorker.java:146)
at org.testng.internal.TestMethodWorker.run(TestMethodWorker.java:128)
at java.base/java.util.ArrayList.forEach(ArrayList.java:1511)
at org.testng.TestRunner.privateRun(TestRunner.java:794)
at org.testng.TestRunner.run(TestRunner.java:596)
at org.testng.SuiteRunner.runTest(SuiteRunner.java:377)
at org.testng.SuiteRunner.runSequentially(SuiteRunner.java:371)
at org.testng.SuiteRunner.privateRun(SuiteRunner.java:332)
at org.testng.SuiteRunner.run(SuiteRunner.java:276)
at org.testng.SuiteRunnerWorker.runSuite(SuiteRunnerWorker.java:53)
at org.testng.SuiteRunnerWorker.run(SuiteRunnerWorker.java:96)
at org.testng.TestNG.runSuitesSequentially(TestNG.java:1212)
at org.testng.TestNG.runSuitesLocally(TestNG.java:1134)
at org.testng.TestNG.runSuites(TestNG.java:1063)
at org.testng.TestNG.run(TestNG.java:1031)
at org.testng.remote.AbstractRemoteTestNG.run(AbstractRemoteTestNG.java:115)
at org.testng.remote.RemoteTestNG.initAndRun(RemoteTestNG.java:251)
at org.testng.remote.RemoteTestNG.main(RemoteTestNG.java:77)
]]>
    </failure>
  </testcase> <!-- Testcase_RowCount_validation -->
  <system-out>
    <![CDATA[Executing Snowflake query :: SELECT count(*) as TOTAL FROM DEV_ENT_RAW.API_MAT.ST_API_CUSTOMERMEMBERSHIP WHERE TENANT_NAME='HENDERSON'
Table Count in Snowflake:: 2252
Executing Snowflake query :: select count(*) as TOTAL from CURATED_DATAMART.ST_API_HENDERSON.STR_API_CUSTOMERMEMBERSHIP WHERE ACTIVE_FLAG='Y'
Table Count in Snowflake:: 1343
Executing Snowflake query :: select count(*) as TOTAL from DEV_ENT_CURATED.MASTER_DIMENSIONS.DIM_CUSTOMERMEMBERSHIP WHERE TENANT_TYPE='HENDERSON' and RECORD_UPDATED_BY='API ETL'
Table Count in Snowflake:: 36654
Row Count of Table CUSTOMERMEMBERSHIP is not matched for APIMAT :: 2252 DataMart :: 1343
Executing Snowflake query :: select count(*) as TOTAL from DEV_ENT_CURATED.MASTER_DIMENSIONS.DIM_CUSTOMERMEMBERSHIP WHERE TENANT_TYPE='HENDERSON' and RECORD_UPDATED_BY='Backup Table' AND ID in (select ID from CURATED_DATAMART.ST_API_HENDERSON.STR_API_CUSTOMERMEMBERSHIP WHERE ACTIVE_FLAG='Y')
Table Count in Snowflake:: 0
Row Count of Table CUSTOMERMEMBERSHIP is not matched for DataMart :: 1343 CURATED :: 0]]>
  </system-out>
  <testcase classname="testcases.RAW_DATAMART_CURATED.SnowFlake_RowCount_Master" name="Testcase_RowCount_validation" time="1.845">
    <failure message="The following asserts failed:
	null" type="java.lang.AssertionError">
      <![CDATA[java.lang.AssertionError: The following asserts failed:
null
at org.testng.asserts.SoftAssert.assertAll(SoftAssert.java:47)
at org.testng.asserts.SoftAssert.assertAll(SoftAssert.java:31)
at testcases.RAW_DATAMART_CURATED.SnowFlake_RowCount_Master.validate_RowCount_BKP(SnowFlake_RowCount_Master.java:56)
at testcases.RAW_DATAMART_CURATED.SnowFlake_RowCount_Master.Testcase_RowCount_validation(SnowFlake_RowCount_Master.java:25)
at jdk.internal.reflect.GeneratedMethodAccessor13.invoke(Unknown Source)
at java.base/jdk.internal.reflect.DelegatingMethodAccessorImpl.invoke(DelegatingMethodAccessorImpl.java:43)
at java.base/java.lang.reflect.Method.invoke(Method.java:568)
at org.testng.internal.MethodInvocationHelper.invokeMethod(MethodInvocationHelper.java:133)
at org.testng.internal.TestInvoker.invokeMethod(TestInvoker.java:598)
at org.testng.internal.TestInvoker.invokeTestMethod(TestInvoker.java:173)
at org.testng.internal.MethodRunner.runInSequence(MethodRunner.java:46)
at org.testng.internal.TestInvoker$MethodInvocationAgent.invoke(TestInvoker.java:824)
at org.testng.internal.TestInvoker.invokeTestMethods(TestInvoker.java:146)
at org.testng.internal.TestMethodWorker.invokeTestMethods(TestMethodWorker.java:146)
at org.testng.internal.TestMethodWorker.run(TestMethodWorker.java:128)
at java.base/java.util.ArrayList.forEach(ArrayList.java:1511)
at org.testng.TestRunner.privateRun(TestRunner.java:794)
at org.testng.TestRunner.run(TestRunner.java:596)
at org.testng.SuiteRunner.runTest(SuiteRunner.java:377)
at org.testng.SuiteRunner.runSequentially(SuiteRunner.java:371)
at org.testng.SuiteRunner.privateRun(SuiteRunner.java:332)
at org.testng.SuiteRunner.run(SuiteRunner.java:276)
at org.testng.SuiteRunnerWorker.runSuite(SuiteRunnerWorker.java:53)
at org.testng.SuiteRunnerWorker.run(SuiteRunnerWorker.java:96)
at org.testng.TestNG.runSuitesSequentially(TestNG.java:1212)
at org.testng.TestNG.runSuitesLocally(TestNG.java:1134)
at org.testng.TestNG.runSuites(TestNG.java:1063)
at org.testng.TestNG.run(TestNG.java:1031)
at org.testng.remote.AbstractRemoteTestNG.run(AbstractRemoteTestNG.java:115)
at org.testng.remote.RemoteTestNG.initAndRun(RemoteTestNG.java:251)
at org.testng.remote.RemoteTestNG.main(RemoteTestNG.java:77)
]]>
    </failure>
  </testcase> <!-- Testcase_RowCount_validation -->
  <system-out>
    <![CDATA[Executing Snowflake query :: SELECT count(*) as TOTAL FROM DEV_ENT_RAW.ST_GOLDMEDAL_MATILLION.HOLDJOBREASON
Table Count in Snowflake:: 21
Executing Snowflake query :: select count(*) as TOTAL from CURATED_DATAMART.ST_BKP_GOLDMEDAL.STR_HOLDJOBREASON Where ACTIVE_FLAG='Y'
Table Count in Snowflake:: 21
Executing Snowflake query :: select count(*) as TOTAL from DEV_ENT_CURATED.MASTER_DIMENSIONS.DIM_HOLDJOBREASON where tenant_type='GOLDMEDAL' and RECORD_UPDATED_BY='Backup Table'
Table Count in Snowflake:: 0
Row Count of Table HOLDJOBREASON is not matched for RAW :: 21 DataMart :: 21 CURATED :: 0]]>
  </system-out>
  <testcase classname="testcases.RAW_DATAMART_CURATED.SnowFlake_RowCount_Master" name="Testcase_RowCount_validation" time="2.401">
    <failure message="The following asserts failed:
	null" type="java.lang.AssertionError">
      <![CDATA[java.lang.AssertionError: The following asserts failed:
null
at org.testng.asserts.SoftAssert.assertAll(SoftAssert.java:47)
at org.testng.asserts.SoftAssert.assertAll(SoftAssert.java:31)
at testcases.RAW_DATAMART_CURATED.SnowFlake_RowCount_Master.validate_RowCount_BKP(SnowFlake_RowCount_Master.java:56)
at testcases.RAW_DATAMART_CURATED.SnowFlake_RowCount_Master.Testcase_RowCount_validation(SnowFlake_RowCount_Master.java:25)
at jdk.internal.reflect.GeneratedMethodAccessor13.invoke(Unknown Source)
at java.base/jdk.internal.reflect.DelegatingMethodAccessorImpl.invoke(DelegatingMethodAccessorImpl.java:43)
at java.base/java.lang.reflect.Method.invoke(Method.java:568)
at org.testng.internal.MethodInvocationHelper.invokeMethod(MethodInvocationHelper.java:133)
at org.testng.internal.TestInvoker.invokeMethod(TestInvoker.java:598)
at org.testng.internal.TestInvoker.invokeTestMethod(TestInvoker.java:173)
at org.testng.internal.MethodRunner.runInSequence(MethodRunner.java:46)
at org.testng.internal.TestInvoker$MethodInvocationAgent.invoke(TestInvoker.java:824)
at org.testng.internal.TestInvoker.invokeTestMethods(TestInvoker.java:146)
at org.testng.internal.TestMethodWorker.invokeTestMethods(TestMethodWorker.java:146)
at org.testng.internal.TestMethodWorker.run(TestMethodWorker.java:128)
at java.base/java.util.ArrayList.forEach(ArrayList.java:1511)
at org.testng.TestRunner.privateRun(TestRunner.java:794)
at org.testng.TestRunner.run(TestRunner.java:596)
at org.testng.SuiteRunner.runTest(SuiteRunner.java:377)
at org.testng.SuiteRunner.runSequentially(SuiteRunner.java:371)
at org.testng.SuiteRunner.privateRun(SuiteRunner.java:332)
at org.testng.SuiteRunner.run(SuiteRunner.java:276)
at org.testng.SuiteRunnerWorker.runSuite(SuiteRunnerWorker.java:53)
at org.testng.SuiteRunnerWorker.run(SuiteRunnerWorker.java:96)
at org.testng.TestNG.runSuitesSequentially(TestNG.java:1212)
at org.testng.TestNG.runSuitesLocally(TestNG.java:1134)
at org.testng.TestNG.runSuites(TestNG.java:1063)
at org.testng.TestNG.run(TestNG.java:1031)
at org.testng.remote.AbstractRemoteTestNG.run(AbstractRemoteTestNG.java:115)
at org.testng.remote.RemoteTestNG.initAndRun(RemoteTestNG.java:251)
at org.testng.remote.RemoteTestNG.main(RemoteTestNG.java:77)
]]>
    </failure>
  </testcase> <!-- Testcase_RowCount_validation -->
  <system-out>
    <![CDATA[Executing Snowflake query :: SELECT count(*) as TOTAL FROM DEV_ENT_RAW.ST_HDAIR_MATILLION.CUSTOMER
Snowflake - SQLException at readDB() method :: SQL compilation error:
Object 'DEV_ENT_RAW.ST_HDAIR_MATILLION.CUSTOMER' does not exist or not authorized.
Executing Snowflake query :: select count(*) as TOTAL from CURATED_DATAMART.ST_BKP_HDAIR.STR_CUSTOMER Where ACTIVE_FLAG='Y'
Table Count in Snowflake:: 30911
Executing Snowflake query :: select count(*) as TOTAL from DEV_ENT_CURATED.MASTER_DIMENSIONS.DIM_CUSTOMER where tenant_type='HDAIR' and RECORD_UPDATED_BY='Backup Table'
Table Count in Snowflake:: 31396
Row Count of Table CUSTOMER is matched for RAW :: 0 DataMart :: 30911 CURATED :: 31396]]>
  </system-out>
  <testcase classname="testcases.RAW_DATAMART_CURATED.SnowFlake_RowCount_Master" name="Testcase_RowCount_validation" time="1.641">
    <failure message="The following asserts failed:
	null" type="java.lang.AssertionError">
      <![CDATA[java.lang.AssertionError: The following asserts failed:
null
at org.testng.asserts.SoftAssert.assertAll(SoftAssert.java:47)
at org.testng.asserts.SoftAssert.assertAll(SoftAssert.java:31)
at testcases.RAW_DATAMART_CURATED.SnowFlake_RowCount_Master.validate_RowCount_BKP(SnowFlake_RowCount_Master.java:56)
at testcases.RAW_DATAMART_CURATED.SnowFlake_RowCount_Master.Testcase_RowCount_validation(SnowFlake_RowCount_Master.java:25)
at jdk.internal.reflect.GeneratedMethodAccessor13.invoke(Unknown Source)
at java.base/jdk.internal.reflect.DelegatingMethodAccessorImpl.invoke(DelegatingMethodAccessorImpl.java:43)
at java.base/java.lang.reflect.Method.invoke(Method.java:568)
at org.testng.internal.MethodInvocationHelper.invokeMethod(MethodInvocationHelper.java:133)
at org.testng.internal.TestInvoker.invokeMethod(TestInvoker.java:598)
at org.testng.internal.TestInvoker.invokeTestMethod(TestInvoker.java:173)
at org.testng.internal.MethodRunner.runInSequence(MethodRunner.java:46)
at org.testng.internal.TestInvoker$MethodInvocationAgent.invoke(TestInvoker.java:824)
at org.testng.internal.TestInvoker.invokeTestMethods(TestInvoker.java:146)
at org.testng.internal.TestMethodWorker.invokeTestMethods(TestMethodWorker.java:146)
at org.testng.internal.TestMethodWorker.run(TestMethodWorker.java:128)
at java.base/java.util.ArrayList.forEach(ArrayList.java:1511)
at org.testng.TestRunner.privateRun(TestRunner.java:794)
at org.testng.TestRunner.run(TestRunner.java:596)
at org.testng.SuiteRunner.runTest(SuiteRunner.java:377)
at org.testng.SuiteRunner.runSequentially(SuiteRunner.java:371)
at org.testng.SuiteRunner.privateRun(SuiteRunner.java:332)
at org.testng.SuiteRunner.run(SuiteRunner.java:276)
at org.testng.SuiteRunnerWorker.runSuite(SuiteRunnerWorker.java:53)
at org.testng.SuiteRunnerWorker.run(SuiteRunnerWorker.java:96)
at org.testng.TestNG.runSuitesSequentially(TestNG.java:1212)
at org.testng.TestNG.runSuitesLocally(TestNG.java:1134)
at org.testng.TestNG.runSuites(TestNG.java:1063)
at org.testng.TestNG.run(TestNG.java:1031)
at org.testng.remote.AbstractRemoteTestNG.run(AbstractRemoteTestNG.java:115)
at org.testng.remote.RemoteTestNG.initAndRun(RemoteTestNG.java:251)
at org.testng.remote.RemoteTestNG.main(RemoteTestNG.java:77)
]]>
    </failure>
  </testcase> <!-- Testcase_RowCount_validation -->
  <system-out>
    <![CDATA[Executing Snowflake query :: SELECT count(*) as TOTAL FROM DEV_ENT_RAW.ST_HENDERSON_MATILLION.ESTIMATEITEM
Table Count in Snowflake:: 86118
Executing Snowflake query :: select count(*) as TOTAL from CURATED_DATAMART.ST_BKP_HENDERSON.STR_ESTIMATEITEM Where ACTIVE_FLAG='Y'
Table Count in Snowflake:: 85956
Executing Snowflake query :: select count(*) as TOTAL from DEV_ENT_CURATED.MASTER_DIMENSIONS.DIM_ESTIMATEITEM where tenant_type='HENDERSON' and RECORD_UPDATED_BY='Backup Table'
Table Count in Snowflake:: 85685
Row Count of Table ESTIMATEITEM is not matched for RAW :: 86118 DataMart :: 85956 CURATED :: 85685]]>
  </system-out>
  <testcase classname="testcases.RAW_DATAMART_CURATED.SnowFlake_RowCount_Master" name="Testcase_RowCount_validation" time="1.941">
    <failure message="The following asserts failed:
	null" type="java.lang.AssertionError">
      <![CDATA[java.lang.AssertionError: The following asserts failed:
null
at org.testng.asserts.SoftAssert.assertAll(SoftAssert.java:47)
at org.testng.asserts.SoftAssert.assertAll(SoftAssert.java:31)
at testcases.RAW_DATAMART_CURATED.SnowFlake_RowCount_Master.validate_RowCount_BKP(SnowFlake_RowCount_Master.java:56)
at testcases.RAW_DATAMART_CURATED.SnowFlake_RowCount_Master.Testcase_RowCount_validation(SnowFlake_RowCount_Master.java:25)
at jdk.internal.reflect.GeneratedMethodAccessor13.invoke(Unknown Source)
at java.base/jdk.internal.reflect.DelegatingMethodAccessorImpl.invoke(DelegatingMethodAccessorImpl.java:43)
at java.base/java.lang.reflect.Method.invoke(Method.java:568)
at org.testng.internal.MethodInvocationHelper.invokeMethod(MethodInvocationHelper.java:133)
at org.testng.internal.TestInvoker.invokeMethod(TestInvoker.java:598)
at org.testng.internal.TestInvoker.invokeTestMethod(TestInvoker.java:173)
at org.testng.internal.MethodRunner.runInSequence(MethodRunner.java:46)
at org.testng.internal.TestInvoker$MethodInvocationAgent.invoke(TestInvoker.java:824)
at org.testng.internal.TestInvoker.invokeTestMethods(TestInvoker.java:146)
at org.testng.internal.TestMethodWorker.invokeTestMethods(TestMethodWorker.java:146)
at org.testng.internal.TestMethodWorker.run(TestMethodWorker.java:128)
at java.base/java.util.ArrayList.forEach(ArrayList.java:1511)
at org.testng.TestRunner.privateRun(TestRunner.java:794)
at org.testng.TestRunner.run(TestRunner.java:596)
at org.testng.SuiteRunner.runTest(SuiteRunner.java:377)
at org.testng.SuiteRunner.runSequentially(SuiteRunner.java:371)
at org.testng.SuiteRunner.privateRun(SuiteRunner.java:332)
at org.testng.SuiteRunner.run(SuiteRunner.java:276)
at org.testng.SuiteRunnerWorker.runSuite(SuiteRunnerWorker.java:53)
at org.testng.SuiteRunnerWorker.run(SuiteRunnerWorker.java:96)
at org.testng.TestNG.runSuitesSequentially(TestNG.java:1212)
at org.testng.TestNG.runSuitesLocally(TestNG.java:1134)
at org.testng.TestNG.runSuites(TestNG.java:1063)
at org.testng.TestNG.run(TestNG.java:1031)
at org.testng.remote.AbstractRemoteTestNG.run(AbstractRemoteTestNG.java:115)
at org.testng.remote.RemoteTestNG.initAndRun(RemoteTestNG.java:251)
at org.testng.remote.RemoteTestNG.main(RemoteTestNG.java:77)
]]>
    </failure>
  </testcase> <!-- Testcase_RowCount_validation -->
  <system-out>
    <![CDATA[Executing Snowflake query :: SELECT count(*) as TOTAL FROM DEV_ENT_RAW.ST_HARP_MATILLION.CALLREASON
Table Count in Snowflake:: 67
Executing Snowflake query :: select count(*) as TOTAL from CURATED_DATAMART.ST_BKP_HARP.STR_CALLREASON Where ACTIVE_FLAG='Y'
Table Count in Snowflake:: 67
Executing Snowflake query :: select count(*) as TOTAL from DEV_ENT_CURATED.MASTER_DIMENSIONS.DIM_CALLREASON where tenant_type='HARP' and RECORD_UPDATED_BY='Backup Table'
Table Count in Snowflake:: 59
Row Count of Table CALLREASON is not matched for RAW :: 67 DataMart :: 67 CURATED :: 59]]>
  </system-out>
  <testcase classname="testcases.RAW_DATAMART_CURATED.SnowFlake_RowCount_Master" name="Testcase_RowCount_validation" time="1.923">
    <failure message="The following asserts failed:
	null" type="java.lang.AssertionError">
      <![CDATA[java.lang.AssertionError: The following asserts failed:
null
at org.testng.asserts.SoftAssert.assertAll(SoftAssert.java:47)
at org.testng.asserts.SoftAssert.assertAll(SoftAssert.java:31)
at testcases.RAW_DATAMART_CURATED.SnowFlake_RowCount_Master.validate_RowCount_BKP(SnowFlake_RowCount_Master.java:56)
at testcases.RAW_DATAMART_CURATED.SnowFlake_RowCount_Master.Testcase_RowCount_validation(SnowFlake_RowCount_Master.java:25)
at jdk.internal.reflect.GeneratedMethodAccessor13.invoke(Unknown Source)
at java.base/jdk.internal.reflect.DelegatingMethodAccessorImpl.invoke(DelegatingMethodAccessorImpl.java:43)
at java.base/java.lang.reflect.Method.invoke(Method.java:568)
at org.testng.internal.MethodInvocationHelper.invokeMethod(MethodInvocationHelper.java:133)
at org.testng.internal.TestInvoker.invokeMethod(TestInvoker.java:598)
at org.testng.internal.TestInvoker.invokeTestMethod(TestInvoker.java:173)
at org.testng.internal.MethodRunner.runInSequence(MethodRunner.java:46)
at org.testng.internal.TestInvoker$MethodInvocationAgent.invoke(TestInvoker.java:824)
at org.testng.internal.TestInvoker.invokeTestMethods(TestInvoker.java:146)
at org.testng.internal.TestMethodWorker.invokeTestMethods(TestMethodWorker.java:146)
at org.testng.internal.TestMethodWorker.run(TestMethodWorker.java:128)
at java.base/java.util.ArrayList.forEach(ArrayList.java:1511)
at org.testng.TestRunner.privateRun(TestRunner.java:794)
at org.testng.TestRunner.run(TestRunner.java:596)
at org.testng.SuiteRunner.runTest(SuiteRunner.java:377)
at org.testng.SuiteRunner.runSequentially(SuiteRunner.java:371)
at org.testng.SuiteRunner.privateRun(SuiteRunner.java:332)
at org.testng.SuiteRunner.run(SuiteRunner.java:276)
at org.testng.SuiteRunnerWorker.runSuite(SuiteRunnerWorker.java:53)
at org.testng.SuiteRunnerWorker.run(SuiteRunnerWorker.java:96)
at org.testng.TestNG.runSuitesSequentially(TestNG.java:1212)
at org.testng.TestNG.runSuitesLocally(TestNG.java:1134)
at org.testng.TestNG.runSuites(TestNG.java:1063)
at org.testng.TestNG.run(TestNG.java:1031)
at org.testng.remote.AbstractRemoteTestNG.run(AbstractRemoteTestNG.java:115)
at org.testng.remote.RemoteTestNG.initAndRun(RemoteTestNG.java:251)
at org.testng.remote.RemoteTestNG.main(RemoteTestNG.java:77)
]]>
    </failure>
  </testcase> <!-- Testcase_RowCount_validation -->
  <system-out>
    <![CDATA[Executing Snowflake query :: SELECT count(*) as TOTAL FROM DEV_ENT_RAW.ST_HDAIR_MATILLION.PROJECT
Snowflake - SQLException at readDB() method :: SQL compilation error:
Object 'DEV_ENT_RAW.ST_HDAIR_MATILLION.PROJECT' does not exist or not authorized.
Executing Snowflake query :: select count(*) as TOTAL from CURATED_DATAMART.ST_BKP_HDAIR.STR_PROJECT Where ACTIVE_FLAG='Y'
Table Count in Snowflake:: 8486
Executing Snowflake query :: select count(*) as TOTAL from DEV_ENT_CURATED.MASTER_DIMENSIONS.DIM_PROJECT where tenant_type='HDAIR' and RECORD_UPDATED_BY='Backup Table'
Table Count in Snowflake:: 8686
Row Count of Table PROJECT is matched for RAW :: 0 DataMart :: 8486 CURATED :: 8686]]>
  </system-out>
  <testcase classname="testcases.RAW_DATAMART_CURATED.SnowFlake_RowCount_Master" name="Testcase_RowCount_validation" time="1.332">
    <failure message="The following asserts failed:
	null" type="java.lang.AssertionError">
      <![CDATA[java.lang.AssertionError: The following asserts failed:
null
at org.testng.asserts.SoftAssert.assertAll(SoftAssert.java:47)
at org.testng.asserts.SoftAssert.assertAll(SoftAssert.java:31)
at testcases.RAW_DATAMART_CURATED.SnowFlake_RowCount_Master.validate_RowCount_BKP(SnowFlake_RowCount_Master.java:56)
at testcases.RAW_DATAMART_CURATED.SnowFlake_RowCount_Master.Testcase_RowCount_validation(SnowFlake_RowCount_Master.java:25)
at jdk.internal.reflect.GeneratedMethodAccessor13.invoke(Unknown Source)
at java.base/jdk.internal.reflect.DelegatingMethodAccessorImpl.invoke(DelegatingMethodAccessorImpl.java:43)
at java.base/java.lang.reflect.Method.invoke(Method.java:568)
at org.testng.internal.MethodInvocationHelper.invokeMethod(MethodInvocationHelper.java:133)
at org.testng.internal.TestInvoker.invokeMethod(TestInvoker.java:598)
at org.testng.internal.TestInvoker.invokeTestMethod(TestInvoker.java:173)
at org.testng.internal.MethodRunner.runInSequence(MethodRunner.java:46)
at org.testng.internal.TestInvoker$MethodInvocationAgent.invoke(TestInvoker.java:824)
at org.testng.internal.TestInvoker.invokeTestMethods(TestInvoker.java:146)
at org.testng.internal.TestMethodWorker.invokeTestMethods(TestMethodWorker.java:146)
at org.testng.internal.TestMethodWorker.run(TestMethodWorker.java:128)
at java.base/java.util.ArrayList.forEach(ArrayList.java:1511)
at org.testng.TestRunner.privateRun(TestRunner.java:794)
at org.testng.TestRunner.run(TestRunner.java:596)
at org.testng.SuiteRunner.runTest(SuiteRunner.java:377)
at org.testng.SuiteRunner.runSequentially(SuiteRunner.java:371)
at org.testng.SuiteRunner.privateRun(SuiteRunner.java:332)
at org.testng.SuiteRunner.run(SuiteRunner.java:276)
at org.testng.SuiteRunnerWorker.runSuite(SuiteRunnerWorker.java:53)
at org.testng.SuiteRunnerWorker.run(SuiteRunnerWorker.java:96)
at org.testng.TestNG.runSuitesSequentially(TestNG.java:1212)
at org.testng.TestNG.runSuitesLocally(TestNG.java:1134)
at org.testng.TestNG.runSuites(TestNG.java:1063)
at org.testng.TestNG.run(TestNG.java:1031)
at org.testng.remote.AbstractRemoteTestNG.run(AbstractRemoteTestNG.java:115)
at org.testng.remote.RemoteTestNG.initAndRun(RemoteTestNG.java:251)
at org.testng.remote.RemoteTestNG.main(RemoteTestNG.java:77)
]]>
    </failure>
  </testcase> <!-- Testcase_RowCount_validation -->
  <system-out>
    <![CDATA[Executing Snowflake query :: SELECT count(*) as TOTAL FROM DEV_ENT_RAW.ST_HENDERSON_MATILLION.TECHNICIANPAYROLL
Table Count in Snowflake:: 0
Executing Snowflake query :: select count(*) as TOTAL from CURATED_DATAMART.ST_BKP_HENDERSON.STR_TECHNICIANPAYROLL Where ACTIVE_FLAG='Y'
Table Count in Snowflake:: 0
Executing Snowflake query :: select count(*) as TOTAL from DEV_ENT_CURATED.MASTER_DIMENSIONS.DIM_TECHNICIANPAYROLL where tenant_type='HENDERSON' and RECORD_UPDATED_BY='Backup Table'
Snowflake - SQLException at readDB() method :: SQL compilation error: error line 1 at position 120
invalid identifier 'RECORD_UPDATED_BY'
Row Count of Table TECHNICIANPAYROLL is matched for RAW :: 0 DataMart :: 0 CURATED :: 0]]>
  </system-out>
  <testcase classname="testcases.RAW_DATAMART_CURATED.SnowFlake_RowCount_Master" name="Testcase_RowCount_validation" time="1.818">
    <failure message="The following asserts failed:
	null" type="java.lang.AssertionError">
      <![CDATA[java.lang.AssertionError: The following asserts failed:
null
at org.testng.asserts.SoftAssert.assertAll(SoftAssert.java:47)
at org.testng.asserts.SoftAssert.assertAll(SoftAssert.java:31)
at testcases.RAW_DATAMART_CURATED.SnowFlake_RowCount_Master.validate_RowCount_API(SnowFlake_RowCount_Master.java:115)
at testcases.RAW_DATAMART_CURATED.SnowFlake_RowCount_Master.Testcase_RowCount_validation(SnowFlake_RowCount_Master.java:28)
at jdk.internal.reflect.GeneratedMethodAccessor13.invoke(Unknown Source)
at java.base/jdk.internal.reflect.DelegatingMethodAccessorImpl.invoke(DelegatingMethodAccessorImpl.java:43)
at java.base/java.lang.reflect.Method.invoke(Method.java:568)
at org.testng.internal.MethodInvocationHelper.invokeMethod(MethodInvocationHelper.java:133)
at org.testng.internal.TestInvoker.invokeMethod(TestInvoker.java:598)
at org.testng.internal.TestInvoker.invokeTestMethod(TestInvoker.java:173)
at org.testng.internal.MethodRunner.runInSequence(MethodRunner.java:46)
at org.testng.internal.TestInvoker$MethodInvocationAgent.invoke(TestInvoker.java:824)
at org.testng.internal.TestInvoker.invokeTestMethods(TestInvoker.java:146)
at org.testng.internal.TestMethodWorker.invokeTestMethods(TestMethodWorker.java:146)
at org.testng.internal.TestMethodWorker.run(TestMethodWorker.java:128)
at java.base/java.util.ArrayList.forEach(ArrayList.java:1511)
at org.testng.TestRunner.privateRun(TestRunner.java:794)
at org.testng.TestRunner.run(TestRunner.java:596)
at org.testng.SuiteRunner.runTest(SuiteRunner.java:377)
at org.testng.SuiteRunner.runSequentially(SuiteRunner.java:371)
at org.testng.SuiteRunner.privateRun(SuiteRunner.java:332)
at org.testng.SuiteRunner.run(SuiteRunner.java:276)
at org.testng.SuiteRunnerWorker.runSuite(SuiteRunnerWorker.java:53)
at org.testng.SuiteRunnerWorker.run(SuiteRunnerWorker.java:96)
at org.testng.TestNG.runSuitesSequentially(TestNG.java:1212)
at org.testng.TestNG.runSuitesLocally(TestNG.java:1134)
at org.testng.TestNG.runSuites(TestNG.java:1063)
at org.testng.TestNG.run(TestNG.java:1031)
at org.testng.remote.AbstractRemoteTestNG.run(AbstractRemoteTestNG.java:115)
at org.testng.remote.RemoteTestNG.initAndRun(RemoteTestNG.java:251)
at org.testng.remote.RemoteTestNG.main(RemoteTestNG.java:77)
]]>
    </failure>
  </testcase> <!-- Testcase_RowCount_validation -->
  <system-out>
    <![CDATA[Executing Snowflake query :: SELECT count(*) as TOTAL FROM DEV_ENT_RAW.API_MAT.ST_API_SERVICE WHERE TENANT_NAME='MAITZ'
Table Count in Snowflake:: 2
Executing Snowflake query :: select count(*) as TOTAL from CURATED_DATAMART.ST_API_MAITZ.STR_API_SERVICE WHERE ACTIVE_FLAG='Y'
Table Count in Snowflake:: 1
Executing Snowflake query :: select count(*) as TOTAL from DEV_ENT_CURATED.MASTER_DIMENSIONS.DIM_SERVICE WHERE TENANT_TYPE='MAITZ' and RECORD_UPDATED_BY='API ETL'
Table Count in Snowflake:: 1
Row Count of Table SERVICE is not matched for APIMAT :: 2 DataMart :: 1
Row Count of Table SERVICE is matched for DataMart :: 1 CURATED :: 1]]>
  </system-out>
  <testcase classname="testcases.RAW_DATAMART_CURATED.SnowFlake_RowCount_Master" name="Testcase_RowCount_validation" time="2.357">
    <failure message="The following asserts failed:
	null" type="java.lang.AssertionError">
      <![CDATA[java.lang.AssertionError: The following asserts failed:
null
at org.testng.asserts.SoftAssert.assertAll(SoftAssert.java:47)
at org.testng.asserts.SoftAssert.assertAll(SoftAssert.java:31)
at testcases.RAW_DATAMART_CURATED.SnowFlake_RowCount_Master.validate_RowCount_BKP(SnowFlake_RowCount_Master.java:56)
at testcases.RAW_DATAMART_CURATED.SnowFlake_RowCount_Master.Testcase_RowCount_validation(SnowFlake_RowCount_Master.java:25)
at jdk.internal.reflect.GeneratedMethodAccessor13.invoke(Unknown Source)
at java.base/jdk.internal.reflect.DelegatingMethodAccessorImpl.invoke(DelegatingMethodAccessorImpl.java:43)
at java.base/java.lang.reflect.Method.invoke(Method.java:568)
at org.testng.internal.MethodInvocationHelper.invokeMethod(MethodInvocationHelper.java:133)
at org.testng.internal.TestInvoker.invokeMethod(TestInvoker.java:598)
at org.testng.internal.TestInvoker.invokeTestMethod(TestInvoker.java:173)
at org.testng.internal.MethodRunner.runInSequence(MethodRunner.java:46)
at org.testng.internal.TestInvoker$MethodInvocationAgent.invoke(TestInvoker.java:824)
at org.testng.internal.TestInvoker.invokeTestMethods(TestInvoker.java:146)
at org.testng.internal.TestMethodWorker.invokeTestMethods(TestMethodWorker.java:146)
at org.testng.internal.TestMethodWorker.run(TestMethodWorker.java:128)
at java.base/java.util.ArrayList.forEach(ArrayList.java:1511)
at org.testng.TestRunner.privateRun(TestRunner.java:794)
at org.testng.TestRunner.run(TestRunner.java:596)
at org.testng.SuiteRunner.runTest(SuiteRunner.java:377)
at org.testng.SuiteRunner.runSequentially(SuiteRunner.java:371)
at org.testng.SuiteRunner.privateRun(SuiteRunner.java:332)
at org.testng.SuiteRunner.run(SuiteRunner.java:276)
at org.testng.SuiteRunnerWorker.runSuite(SuiteRunnerWorker.java:53)
at org.testng.SuiteRunnerWorker.run(SuiteRunnerWorker.java:96)
at org.testng.TestNG.runSuitesSequentially(TestNG.java:1212)
at org.testng.TestNG.runSuitesLocally(TestNG.java:1134)
at org.testng.TestNG.runSuites(TestNG.java:1063)
at org.testng.TestNG.run(TestNG.java:1031)
at org.testng.remote.AbstractRemoteTestNG.run(AbstractRemoteTestNG.java:115)
at org.testng.remote.RemoteTestNG.initAndRun(RemoteTestNG.java:251)
at org.testng.remote.RemoteTestNG.main(RemoteTestNG.java:77)
]]>
    </failure>
  </testcase> <!-- Testcase_RowCount_validation -->
  <system-out>
    <![CDATA[Executing Snowflake query :: SELECT count(*) as TOTAL FROM DEV_ENT_RAW.ST_HDAIR_MATILLION.COUNTERSALESLOCATION
Snowflake - SQLException at readDB() method :: SQL compilation error:
Object 'DEV_ENT_RAW.ST_HDAIR_MATILLION.COUNTERSALESLOCATION' does not exist or not authorized.
Executing Snowflake query :: select count(*) as TOTAL from CURATED_DATAMART.ST_BKP_HDAIR.STR_COUNTERSALESLOCATION Where ACTIVE_FLAG='Y'
Table Count in Snowflake:: 1
Executing Snowflake query :: select count(*) as TOTAL from DEV_ENT_CURATED.MASTER_DIMENSIONS.DIM_COUNTERSALESLOCATION where tenant_type='HDAIR' and RECORD_UPDATED_BY='Backup Table'
Table Count in Snowflake:: 1
Row Count of Table COUNTERSALESLOCATION is matched for RAW :: 0 DataMart :: 1 CURATED :: 1]]>
  </system-out>
  <testcase classname="testcases.RAW_DATAMART_CURATED.SnowFlake_RowCount_Master" name="Testcase_RowCount_validation" time="2.660">
    <failure message="The following asserts failed:
	null,
	null" type="java.lang.AssertionError">
      <![CDATA[java.lang.AssertionError: The following asserts failed:
null,
null
at org.testng.asserts.SoftAssert.assertAll(SoftAssert.java:47)
at org.testng.asserts.SoftAssert.assertAll(SoftAssert.java:31)
at testcases.RAW_DATAMART_CURATED.SnowFlake_RowCount_Master.validate_RowCount_BKP(SnowFlake_RowCount_Master.java:56)
at testcases.RAW_DATAMART_CURATED.SnowFlake_RowCount_Master.Testcase_RowCount_validation(SnowFlake_RowCount_Master.java:25)
at jdk.internal.reflect.GeneratedMethodAccessor13.invoke(Unknown Source)
at java.base/jdk.internal.reflect.DelegatingMethodAccessorImpl.invoke(DelegatingMethodAccessorImpl.java:43)
at java.base/java.lang.reflect.Method.invoke(Method.java:568)
at org.testng.internal.MethodInvocationHelper.invokeMethod(MethodInvocationHelper.java:133)
at org.testng.internal.TestInvoker.invokeMethod(TestInvoker.java:598)
at org.testng.internal.TestInvoker.invokeTestMethod(TestInvoker.java:173)
at org.testng.internal.MethodRunner.runInSequence(MethodRunner.java:46)
at org.testng.internal.TestInvoker$MethodInvocationAgent.invoke(TestInvoker.java:824)
at org.testng.internal.TestInvoker.invokeTestMethods(TestInvoker.java:146)
at org.testng.internal.TestMethodWorker.invokeTestMethods(TestMethodWorker.java:146)
at org.testng.internal.TestMethodWorker.run(TestMethodWorker.java:128)
at java.base/java.util.ArrayList.forEach(ArrayList.java:1511)
at org.testng.TestRunner.privateRun(TestRunner.java:794)
at org.testng.TestRunner.run(TestRunner.java:596)
at org.testng.SuiteRunner.runTest(SuiteRunner.java:377)
at org.testng.SuiteRunner.runSequentially(SuiteRunner.java:371)
at org.testng.SuiteRunner.privateRun(SuiteRunner.java:332)
at org.testng.SuiteRunner.run(SuiteRunner.java:276)
at org.testng.SuiteRunnerWorker.runSuite(SuiteRunnerWorker.java:53)
at org.testng.SuiteRunnerWorker.run(SuiteRunnerWorker.java:96)
at org.testng.TestNG.runSuitesSequentially(TestNG.java:1212)
at org.testng.TestNG.runSuitesLocally(TestNG.java:1134)
at org.testng.TestNG.runSuites(TestNG.java:1063)
at org.testng.TestNG.run(TestNG.java:1031)
at org.testng.remote.AbstractRemoteTestNG.run(AbstractRemoteTestNG.java:115)
at org.testng.remote.RemoteTestNG.initAndRun(RemoteTestNG.java:251)
at org.testng.remote.RemoteTestNG.main(RemoteTestNG.java:77)
]]>
    </failure>
  </testcase> <!-- Testcase_RowCount_validation -->
  <system-out>
    <![CDATA[Executing Snowflake query :: SELECT count(*) as TOTAL FROM DEV_ENT_RAW.ST_HDAIR_MATILLION.JOBTYPE
Snowflake - SQLException at readDB() method :: SQL compilation error:
Object 'DEV_ENT_RAW.ST_HDAIR_MATILLION.JOBTYPE' does not exist or not authorized.
Executing Snowflake query :: select count(*) as TOTAL from CURATED_DATAMART.ST_BKP_HDAIR.STR_JOBTYPE Where ACTIVE_FLAG='Y'
Table Count in Snowflake:: 1448
Executing Snowflake query :: select count(*) as TOTAL from DEV_ENT_CURATED.MASTER_DIMENSIONS.DIM_JOBTYPE where tenant_type='HDAIR' and RECORD_UPDATED_BY='Backup Table'
Table Count in Snowflake:: 186
Row Count of Table JOBTYPE is not matched for RAW :: 0 DataMart :: 1448 CURATED :: 186]]>
  </system-out>
  <testcase classname="testcases.RAW_DATAMART_CURATED.SnowFlake_RowCount_Master" name="Testcase_RowCount_validation" time="1.628">
    <failure message="The following asserts failed:
	null" type="java.lang.AssertionError">
      <![CDATA[java.lang.AssertionError: The following asserts failed:
null
at org.testng.asserts.SoftAssert.assertAll(SoftAssert.java:47)
at org.testng.asserts.SoftAssert.assertAll(SoftAssert.java:31)
at testcases.RAW_DATAMART_CURATED.SnowFlake_RowCount_Master.validate_RowCount_BKP(SnowFlake_RowCount_Master.java:56)
at testcases.RAW_DATAMART_CURATED.SnowFlake_RowCount_Master.Testcase_RowCount_validation(SnowFlake_RowCount_Master.java:25)
at jdk.internal.reflect.GeneratedMethodAccessor13.invoke(Unknown Source)
at java.base/jdk.internal.reflect.DelegatingMethodAccessorImpl.invoke(DelegatingMethodAccessorImpl.java:43)
at java.base/java.lang.reflect.Method.invoke(Method.java:568)
at org.testng.internal.MethodInvocationHelper.invokeMethod(MethodInvocationHelper.java:133)
at org.testng.internal.TestInvoker.invokeMethod(TestInvoker.java:598)
at org.testng.internal.TestInvoker.invokeTestMethod(TestInvoker.java:173)
at org.testng.internal.MethodRunner.runInSequence(MethodRunner.java:46)
at org.testng.internal.TestInvoker$MethodInvocationAgent.invoke(TestInvoker.java:824)
at org.testng.internal.TestInvoker.invokeTestMethods(TestInvoker.java:146)
at org.testng.internal.TestMethodWorker.invokeTestMethods(TestMethodWorker.java:146)
at org.testng.internal.TestMethodWorker.run(TestMethodWorker.java:128)
at java.base/java.util.ArrayList.forEach(ArrayList.java:1511)
at org.testng.TestRunner.privateRun(TestRunner.java:794)
at org.testng.TestRunner.run(TestRunner.java:596)
at org.testng.SuiteRunner.runTest(SuiteRunner.java:377)
at org.testng.SuiteRunner.runSequentially(SuiteRunner.java:371)
at org.testng.SuiteRunner.privateRun(SuiteRunner.java:332)
at org.testng.SuiteRunner.run(SuiteRunner.java:276)
at org.testng.SuiteRunnerWorker.runSuite(SuiteRunnerWorker.java:53)
at org.testng.SuiteRunnerWorker.run(SuiteRunnerWorker.java:96)
at org.testng.TestNG.runSuitesSequentially(TestNG.java:1212)
at org.testng.TestNG.runSuitesLocally(TestNG.java:1134)
at org.testng.TestNG.runSuites(TestNG.java:1063)
at org.testng.TestNG.run(TestNG.java:1031)
at org.testng.remote.AbstractRemoteTestNG.run(AbstractRemoteTestNG.java:115)
at org.testng.remote.RemoteTestNG.initAndRun(RemoteTestNG.java:251)
at org.testng.remote.RemoteTestNG.main(RemoteTestNG.java:77)
]]>
    </failure>
  </testcase> <!-- Testcase_RowCount_validation -->
  <system-out>
    <![CDATA[Executing Snowflake query :: SELECT count(*) as TOTAL FROM DEV_ENT_RAW.ST_SNELLHEATINGAIR_MATILLION.MATERIAL
Table Count in Snowflake:: 5558
Executing Snowflake query :: select count(*) as TOTAL from CURATED_DATAMART.ST_BKP_SNELLHEATINGAIR.STR_MATERIAL Where ACTIVE_FLAG='Y'
Table Count in Snowflake:: 5553
Executing Snowflake query :: select count(*) as TOTAL from DEV_ENT_CURATED.MASTER_DIMENSIONS.DIM_MATERIAL where tenant_type='SNELLHEATINGAIR' and RECORD_UPDATED_BY='Backup Table'
Table Count in Snowflake:: 22004
Row Count of Table MATERIAL is not matched for RAW :: 5558 DataMart :: 5553 CURATED :: 22004]]>
  </system-out>
  <testcase classname="testcases.RAW_DATAMART_CURATED.SnowFlake_RowCount_Master" name="Testcase_RowCount_validation" time="2.281">
    <failure message="The following asserts failed:
	null" type="java.lang.AssertionError">
      <![CDATA[java.lang.AssertionError: The following asserts failed:
null
at org.testng.asserts.SoftAssert.assertAll(SoftAssert.java:47)
at org.testng.asserts.SoftAssert.assertAll(SoftAssert.java:31)
at testcases.RAW_DATAMART_CURATED.SnowFlake_RowCount_Master.validate_RowCount_BKP(SnowFlake_RowCount_Master.java:56)
at testcases.RAW_DATAMART_CURATED.SnowFlake_RowCount_Master.Testcase_RowCount_validation(SnowFlake_RowCount_Master.java:25)
at jdk.internal.reflect.GeneratedMethodAccessor13.invoke(Unknown Source)
at java.base/jdk.internal.reflect.DelegatingMethodAccessorImpl.invoke(DelegatingMethodAccessorImpl.java:43)
at java.base/java.lang.reflect.Method.invoke(Method.java:568)
at org.testng.internal.MethodInvocationHelper.invokeMethod(MethodInvocationHelper.java:133)
at org.testng.internal.TestInvoker.invokeMethod(TestInvoker.java:598)
at org.testng.internal.TestInvoker.invokeTestMethod(TestInvoker.java:173)
at org.testng.internal.MethodRunner.runInSequence(MethodRunner.java:46)
at org.testng.internal.TestInvoker$MethodInvocationAgent.invoke(TestInvoker.java:824)
at org.testng.internal.TestInvoker.invokeTestMethods(TestInvoker.java:146)
at org.testng.internal.TestMethodWorker.invokeTestMethods(TestMethodWorker.java:146)
at org.testng.internal.TestMethodWorker.run(TestMethodWorker.java:128)
at java.base/java.util.ArrayList.forEach(ArrayList.java:1511)
at org.testng.TestRunner.privateRun(TestRunner.java:794)
at org.testng.TestRunner.run(TestRunner.java:596)
at org.testng.SuiteRunner.runTest(SuiteRunner.java:377)
at org.testng.SuiteRunner.runSequentially(SuiteRunner.java:371)
at org.testng.SuiteRunner.privateRun(SuiteRunner.java:332)
at org.testng.SuiteRunner.run(SuiteRunner.java:276)
at org.testng.SuiteRunnerWorker.runSuite(SuiteRunnerWorker.java:53)
at org.testng.SuiteRunnerWorker.run(SuiteRunnerWorker.java:96)
at org.testng.TestNG.runSuitesSequentially(TestNG.java:1212)
at org.testng.TestNG.runSuitesLocally(TestNG.java:1134)
at org.testng.TestNG.runSuites(TestNG.java:1063)
at org.testng.TestNG.run(TestNG.java:1031)
at org.testng.remote.AbstractRemoteTestNG.run(AbstractRemoteTestNG.java:115)
at org.testng.remote.RemoteTestNG.initAndRun(RemoteTestNG.java:251)
at org.testng.remote.RemoteTestNG.main(RemoteTestNG.java:77)
]]>
    </failure>
  </testcase> <!-- Testcase_RowCount_validation -->
  <system-out>
    <![CDATA[Executing Snowflake query :: SELECT count(*) as TOTAL FROM DEV_ENT_RAW.ST_HARP_MATILLION.TECHNICIANPAYROLL
Table Count in Snowflake:: 0
Executing Snowflake query :: select count(*) as TOTAL from CURATED_DATAMART.ST_BKP_HARP.STR_TECHNICIANPAYROLL Where ACTIVE_FLAG='Y'
Table Count in Snowflake:: 0
Executing Snowflake query :: select count(*) as TOTAL from DEV_ENT_CURATED.MASTER_DIMENSIONS.DIM_TECHNICIANPAYROLL where tenant_type='HARP' and RECORD_UPDATED_BY='Backup Table'
Snowflake - SQLException at readDB() method :: SQL compilation error: error line 1 at position 115
invalid identifier 'RECORD_UPDATED_BY'
Row Count of Table TECHNICIANPAYROLL is matched for RAW :: 0 DataMart :: 0 CURATED :: 0]]>
  </system-out>
  <testcase classname="testcases.RAW_DATAMART_CURATED.SnowFlake_RowCount_Master" name="Testcase_RowCount_validation" time="8.607">
    <failure message="The following asserts failed:
	null,
	null" type="java.lang.AssertionError">
      <![CDATA[java.lang.AssertionError: The following asserts failed:
null,
null
at org.testng.asserts.SoftAssert.assertAll(SoftAssert.java:47)
at org.testng.asserts.SoftAssert.assertAll(SoftAssert.java:31)
at testcases.RAW_DATAMART_CURATED.SnowFlake_RowCount_Master.validate_RowCount_BKP(SnowFlake_RowCount_Master.java:56)
at testcases.RAW_DATAMART_CURATED.SnowFlake_RowCount_Master.Testcase_RowCount_validation(SnowFlake_RowCount_Master.java:25)
at jdk.internal.reflect.GeneratedMethodAccessor13.invoke(Unknown Source)
at java.base/jdk.internal.reflect.DelegatingMethodAccessorImpl.invoke(DelegatingMethodAccessorImpl.java:43)
at java.base/java.lang.reflect.Method.invoke(Method.java:568)
at org.testng.internal.MethodInvocationHelper.invokeMethod(MethodInvocationHelper.java:133)
at org.testng.internal.TestInvoker.invokeMethod(TestInvoker.java:598)
at org.testng.internal.TestInvoker.invokeTestMethod(TestInvoker.java:173)
at org.testng.internal.MethodRunner.runInSequence(MethodRunner.java:46)
at org.testng.internal.TestInvoker$MethodInvocationAgent.invoke(TestInvoker.java:824)
at org.testng.internal.TestInvoker.invokeTestMethods(TestInvoker.java:146)
at org.testng.internal.TestMethodWorker.invokeTestMethods(TestMethodWorker.java:146)
at org.testng.internal.TestMethodWorker.run(TestMethodWorker.java:128)
at java.base/java.util.ArrayList.forEach(ArrayList.java:1511)
at org.testng.TestRunner.privateRun(TestRunner.java:794)
at org.testng.TestRunner.run(TestRunner.java:596)
at org.testng.SuiteRunner.runTest(SuiteRunner.java:377)
at org.testng.SuiteRunner.runSequentially(SuiteRunner.java:371)
at org.testng.SuiteRunner.privateRun(SuiteRunner.java:332)
at org.testng.SuiteRunner.run(SuiteRunner.java:276)
at org.testng.SuiteRunnerWorker.runSuite(SuiteRunnerWorker.java:53)
at org.testng.SuiteRunnerWorker.run(SuiteRunnerWorker.java:96)
at org.testng.TestNG.runSuitesSequentially(TestNG.java:1212)
at org.testng.TestNG.runSuitesLocally(TestNG.java:1134)
at org.testng.TestNG.runSuites(TestNG.java:1063)
at org.testng.TestNG.run(TestNG.java:1031)
at org.testng.remote.AbstractRemoteTestNG.run(AbstractRemoteTestNG.java:115)
at org.testng.remote.RemoteTestNG.initAndRun(RemoteTestNG.java:251)
at org.testng.remote.RemoteTestNG.main(RemoteTestNG.java:77)
]]>
    </failure>
  </testcase> <!-- Testcase_RowCount_validation -->
  <system-out>
    <![CDATA[Executing Snowflake query :: SELECT count(*) as TOTAL FROM DEV_ENT_RAW.ST_HENDERSON_MATILLION.TECHNICIANATTACHEDPROPERTY
Table Count in Snowflake:: 817
Executing Snowflake query :: select count(*) as TOTAL from CURATED_DATAMART.ST_BKP_HENDERSON.STR_TECHNICIANATTACHEDPROPERTY Where ACTIVE_FLAG='Y'
Table Count in Snowflake:: 817
Executing Snowflake query :: select count(*) as TOTAL from DEV_ENT_CURATED.MASTER_DIMENSIONS.DIM_TECHNICIANATTACHEDPROPERTY where tenant_type='HENDERSON' and RECORD_UPDATED_BY='Backup Table'
Snowflake - SQLException at readDB() method :: SQL compilation error: error line 1 at position 129
invalid identifier 'RECORD_UPDATED_BY'
Row Count of Table TECHNICIANATTACHEDPROPERTY is not matched for RAW :: 817 DataMart :: 817 CURATED :: 0]]>
  </system-out>
  <testcase classname="testcases.RAW_DATAMART_CURATED.SnowFlake_RowCount_Master" name="Testcase_RowCount_validation" time="1.955">
    <failure message="The following asserts failed:
	null" type="java.lang.AssertionError">
      <![CDATA[java.lang.AssertionError: The following asserts failed:
null
at org.testng.asserts.SoftAssert.assertAll(SoftAssert.java:47)
at org.testng.asserts.SoftAssert.assertAll(SoftAssert.java:31)
at testcases.RAW_DATAMART_CURATED.SnowFlake_RowCount_Master.validate_RowCount_BKP(SnowFlake_RowCount_Master.java:56)
at testcases.RAW_DATAMART_CURATED.SnowFlake_RowCount_Master.Testcase_RowCount_validation(SnowFlake_RowCount_Master.java:25)
at jdk.internal.reflect.GeneratedMethodAccessor13.invoke(Unknown Source)
at java.base/jdk.internal.reflect.DelegatingMethodAccessorImpl.invoke(DelegatingMethodAccessorImpl.java:43)
at java.base/java.lang.reflect.Method.invoke(Method.java:568)
at org.testng.internal.MethodInvocationHelper.invokeMethod(MethodInvocationHelper.java:133)
at org.testng.internal.TestInvoker.invokeMethod(TestInvoker.java:598)
at org.testng.internal.TestInvoker.invokeTestMethod(TestInvoker.java:173)
at org.testng.internal.MethodRunner.runInSequence(MethodRunner.java:46)
at org.testng.internal.TestInvoker$MethodInvocationAgent.invoke(TestInvoker.java:824)
at org.testng.internal.TestInvoker.invokeTestMethods(TestInvoker.java:146)
at org.testng.internal.TestMethodWorker.invokeTestMethods(TestMethodWorker.java:146)
at org.testng.internal.TestMethodWorker.run(TestMethodWorker.java:128)
at java.base/java.util.ArrayList.forEach(ArrayList.java:1511)
at org.testng.TestRunner.privateRun(TestRunner.java:794)
at org.testng.TestRunner.run(TestRunner.java:596)
at org.testng.SuiteRunner.runTest(SuiteRunner.java:377)
at org.testng.SuiteRunner.runSequentially(SuiteRunner.java:371)
at org.testng.SuiteRunner.privateRun(SuiteRunner.java:332)
at org.testng.SuiteRunner.run(SuiteRunner.java:276)
at org.testng.SuiteRunnerWorker.runSuite(SuiteRunnerWorker.java:53)
at org.testng.SuiteRunnerWorker.run(SuiteRunnerWorker.java:96)
at org.testng.TestNG.runSuitesSequentially(TestNG.java:1212)
at org.testng.TestNG.runSuitesLocally(TestNG.java:1134)
at org.testng.TestNG.runSuites(TestNG.java:1063)
at org.testng.TestNG.run(TestNG.java:1031)
at org.testng.remote.AbstractRemoteTestNG.run(AbstractRemoteTestNG.java:115)
at org.testng.remote.RemoteTestNG.initAndRun(RemoteTestNG.java:251)
at org.testng.remote.RemoteTestNG.main(RemoteTestNG.java:77)
]]>
    </failure>
  </testcase> <!-- Testcase_RowCount_validation -->
  <system-out>
    <![CDATA[Executing Snowflake query :: SELECT count(*) as TOTAL FROM DEV_ENT_RAW.ST_FOURPROS_MATILLION.HOLDJOBREASON
Table Count in Snowflake:: 7
Executing Snowflake query :: select count(*) as TOTAL from CURATED_DATAMART.ST_BKP_FOURPROS.STR_HOLDJOBREASON Where ACTIVE_FLAG='Y'
Table Count in Snowflake:: 7
Executing Snowflake query :: select count(*) as TOTAL from DEV_ENT_CURATED.MASTER_DIMENSIONS.DIM_HOLDJOBREASON where tenant_type='FOURPROS' and RECORD_UPDATED_BY='Backup Table'
Table Count in Snowflake:: 0
Row Count of Table HOLDJOBREASON is not matched for RAW :: 7 DataMart :: 7 CURATED :: 0]]>
  </system-out>
  <testcase classname="testcases.RAW_DATAMART_CURATED.SnowFlake_RowCount_Master" name="Testcase_RowCount_validation" time="2.053">
    <failure message="The following asserts failed:
	null" type="java.lang.AssertionError">
      <![CDATA[java.lang.AssertionError: The following asserts failed:
null
at org.testng.asserts.SoftAssert.assertAll(SoftAssert.java:47)
at org.testng.asserts.SoftAssert.assertAll(SoftAssert.java:31)
at testcases.RAW_DATAMART_CURATED.SnowFlake_RowCount_Master.validate_RowCount_BKP(SnowFlake_RowCount_Master.java:56)
at testcases.RAW_DATAMART_CURATED.SnowFlake_RowCount_Master.Testcase_RowCount_validation(SnowFlake_RowCount_Master.java:25)
at jdk.internal.reflect.GeneratedMethodAccessor13.invoke(Unknown Source)
at java.base/jdk.internal.reflect.DelegatingMethodAccessorImpl.invoke(DelegatingMethodAccessorImpl.java:43)
at java.base/java.lang.reflect.Method.invoke(Method.java:568)
at org.testng.internal.MethodInvocationHelper.invokeMethod(MethodInvocationHelper.java:133)
at org.testng.internal.TestInvoker.invokeMethod(TestInvoker.java:598)
at org.testng.internal.TestInvoker.invokeTestMethod(TestInvoker.java:173)
at org.testng.internal.MethodRunner.runInSequence(MethodRunner.java:46)
at org.testng.internal.TestInvoker$MethodInvocationAgent.invoke(TestInvoker.java:824)
at org.testng.internal.TestInvoker.invokeTestMethods(TestInvoker.java:146)
at org.testng.internal.TestMethodWorker.invokeTestMethods(TestMethodWorker.java:146)
at org.testng.internal.TestMethodWorker.run(TestMethodWorker.java:128)
at java.base/java.util.ArrayList.forEach(ArrayList.java:1511)
at org.testng.TestRunner.privateRun(TestRunner.java:794)
at org.testng.TestRunner.run(TestRunner.java:596)
at org.testng.SuiteRunner.runTest(SuiteRunner.java:377)
at org.testng.SuiteRunner.runSequentially(SuiteRunner.java:371)
at org.testng.SuiteRunner.privateRun(SuiteRunner.java:332)
at org.testng.SuiteRunner.run(SuiteRunner.java:276)
at org.testng.SuiteRunnerWorker.runSuite(SuiteRunnerWorker.java:53)
at org.testng.SuiteRunnerWorker.run(SuiteRunnerWorker.java:96)
at org.testng.TestNG.runSuitesSequentially(TestNG.java:1212)
at org.testng.TestNG.runSuitesLocally(TestNG.java:1134)
at org.testng.TestNG.runSuites(TestNG.java:1063)
at org.testng.TestNG.run(TestNG.java:1031)
at org.testng.remote.AbstractRemoteTestNG.run(AbstractRemoteTestNG.java:115)
at org.testng.remote.RemoteTestNG.initAndRun(RemoteTestNG.java:251)
at org.testng.remote.RemoteTestNG.main(RemoteTestNG.java:77)
]]>
    </failure>
  </testcase> <!-- Testcase_RowCount_validation -->
  <system-out>
    <![CDATA[Executing Snowflake query :: SELECT count(*) as TOTAL FROM DEV_ENT_RAW.ST_HDAIR_MATILLION.JOBCANCELEDLOG
Snowflake - SQLException at readDB() method :: SQL compilation error:
Object 'DEV_ENT_RAW.ST_HDAIR_MATILLION.JOBCANCELEDLOG' does not exist or not authorized.
Executing Snowflake query :: select count(*) as TOTAL from CURATED_DATAMART.ST_BKP_HDAIR.STR_JOBCANCELEDLOG Where ACTIVE_FLAG='Y'
Table Count in Snowflake:: 8131
Executing Snowflake query :: select count(*) as TOTAL from DEV_ENT_CURATED.MASTER_DIMENSIONS.DIM_JOBCANCELEDLOG where tenant_type='HDAIR' and RECORD_UPDATED_BY='Backup Table'
Table Count in Snowflake:: 8131
Row Count of Table JOBCANCELEDLOG is matched for RAW :: 0 DataMart :: 8131 CURATED :: 8131]]>
  </system-out>
  <testcase classname="testcases.RAW_DATAMART_CURATED.SnowFlake_RowCount_Master" name="Testcase_RowCount_validation" time="2.457">
    <failure message="The following asserts failed:
	null" type="java.lang.AssertionError">
      <![CDATA[java.lang.AssertionError: The following asserts failed:
null
at org.testng.asserts.SoftAssert.assertAll(SoftAssert.java:47)
at org.testng.asserts.SoftAssert.assertAll(SoftAssert.java:31)
at testcases.RAW_DATAMART_CURATED.SnowFlake_RowCount_Master.validate_RowCount_BKP(SnowFlake_RowCount_Master.java:56)
at testcases.RAW_DATAMART_CURATED.SnowFlake_RowCount_Master.Testcase_RowCount_validation(SnowFlake_RowCount_Master.java:25)
at java.base/jdk.internal.reflect.NativeMethodAccessorImpl.invoke0(Native Method)
at java.base/jdk.internal.reflect.NativeMethodAccessorImpl.invoke(NativeMethodAccessorImpl.java:77)
at java.base/jdk.internal.reflect.DelegatingMethodAccessorImpl.invoke(DelegatingMethodAccessorImpl.java:43)
at java.base/java.lang.reflect.Method.invoke(Method.java:568)
at org.testng.internal.MethodInvocationHelper.invokeMethod(MethodInvocationHelper.java:133)
at org.testng.internal.TestInvoker.invokeMethod(TestInvoker.java:598)
at org.testng.internal.TestInvoker.invokeTestMethod(TestInvoker.java:173)
at org.testng.internal.MethodRunner.runInSequence(MethodRunner.java:46)
at org.testng.internal.TestInvoker$MethodInvocationAgent.invoke(TestInvoker.java:824)
at org.testng.internal.TestInvoker.invokeTestMethods(TestInvoker.java:146)
at org.testng.internal.TestMethodWorker.invokeTestMethods(TestMethodWorker.java:146)
at org.testng.internal.TestMethodWorker.run(TestMethodWorker.java:128)
at java.base/java.util.ArrayList.forEach(ArrayList.java:1511)
at org.testng.TestRunner.privateRun(TestRunner.java:794)
at org.testng.TestRunner.run(TestRunner.java:596)
at org.testng.SuiteRunner.runTest(SuiteRunner.java:377)
at org.testng.SuiteRunner.runSequentially(SuiteRunner.java:371)
at org.testng.SuiteRunner.privateRun(SuiteRunner.java:332)
at org.testng.SuiteRunner.run(SuiteRunner.java:276)
at org.testng.SuiteRunnerWorker.runSuite(SuiteRunnerWorker.java:53)
at org.testng.SuiteRunnerWorker.run(SuiteRunnerWorker.java:96)
at org.testng.TestNG.runSuitesSequentially(TestNG.java:1212)
at org.testng.TestNG.runSuitesLocally(TestNG.java:1134)
at org.testng.TestNG.runSuites(TestNG.java:1063)
at org.testng.TestNG.run(TestNG.java:1031)
at org.testng.remote.AbstractRemoteTestNG.run(AbstractRemoteTestNG.java:115)
at org.testng.remote.RemoteTestNG.initAndRun(RemoteTestNG.java:251)
at org.testng.remote.RemoteTestNG.main(RemoteTestNG.java:77)
]]>
    </failure>
  </testcase> <!-- Testcase_RowCount_validation -->
  <system-out>
    <![CDATA[Executing Snowflake query :: SELECT count(*) as TOTAL FROM DEV_ENT_RAW.ST_BILLFENWICK_MATILLION.JOBAPPOINTMENTASSIGNMENT
Table Count in Snowflake:: 252197
Executing Snowflake query :: select count(*) as TOTAL from CURATED_DATAMART.ST_BKP_BILLFENWICK.STR_JOBAPPOINTMENTASSIGNMENT Where ACTIVE_FLAG='Y'
Table Count in Snowflake:: 251730
Executing Snowflake query :: select count(*) as TOTAL from DEV_ENT_CURATED.MASTER_DIMENSIONS.DIM_JOBAPPOINTMENTASSIGNMENT where tenant_type='BILLFENWICK' and RECORD_UPDATED_BY='Backup Table'
Table Count in Snowflake:: 251730
Row Count of Table JOBAPPOINTMENTASSIGNMENT is not matched for RAW :: 252197 DataMart :: 251730 CURATED :: 251730]]>
  </system-out>
  <testcase classname="testcases.RAW_DATAMART_CURATED.SnowFlake_RowCount_Master" name="Testcase_RowCount_validation" time="1.445">
    <failure message="The following asserts failed:
	null,
	null,
	null" type="java.lang.AssertionError">
      <![CDATA[java.lang.AssertionError: The following asserts failed:
null,
null,
null
at org.testng.asserts.SoftAssert.assertAll(SoftAssert.java:47)
at org.testng.asserts.SoftAssert.assertAll(SoftAssert.java:31)
at testcases.RAW_DATAMART_CURATED.SnowFlake_RowCount_Master.validate_RowCount_BKP(SnowFlake_RowCount_Master.java:56)
at testcases.RAW_DATAMART_CURATED.SnowFlake_RowCount_Master.Testcase_RowCount_validation(SnowFlake_RowCount_Master.java:25)
at jdk.internal.reflect.GeneratedMethodAccessor13.invoke(Unknown Source)
at java.base/jdk.internal.reflect.DelegatingMethodAccessorImpl.invoke(DelegatingMethodAccessorImpl.java:43)
at java.base/java.lang.reflect.Method.invoke(Method.java:568)
at org.testng.internal.MethodInvocationHelper.invokeMethod(MethodInvocationHelper.java:133)
at org.testng.internal.TestInvoker.invokeMethod(TestInvoker.java:598)
at org.testng.internal.TestInvoker.invokeTestMethod(TestInvoker.java:173)
at org.testng.internal.MethodRunner.runInSequence(MethodRunner.java:46)
at org.testng.internal.TestInvoker$MethodInvocationAgent.invoke(TestInvoker.java:824)
at org.testng.internal.TestInvoker.invokeTestMethods(TestInvoker.java:146)
at org.testng.internal.TestMethodWorker.invokeTestMethods(TestMethodWorker.java:146)
at org.testng.internal.TestMethodWorker.run(TestMethodWorker.java:128)
at java.base/java.util.ArrayList.forEach(ArrayList.java:1511)
at org.testng.TestRunner.privateRun(TestRunner.java:794)
at org.testng.TestRunner.run(TestRunner.java:596)
at org.testng.SuiteRunner.runTest(SuiteRunner.java:377)
at org.testng.SuiteRunner.runSequentially(SuiteRunner.java:371)
at org.testng.SuiteRunner.privateRun(SuiteRunner.java:332)
at org.testng.SuiteRunner.run(SuiteRunner.java:276)
at org.testng.SuiteRunnerWorker.runSuite(SuiteRunnerWorker.java:53)
at org.testng.SuiteRunnerWorker.run(SuiteRunnerWorker.java:96)
at org.testng.TestNG.runSuitesSequentially(TestNG.java:1212)
at org.testng.TestNG.runSuitesLocally(TestNG.java:1134)
at org.testng.TestNG.runSuites(TestNG.java:1063)
at org.testng.TestNG.run(TestNG.java:1031)
at org.testng.remote.AbstractRemoteTestNG.run(AbstractRemoteTestNG.java:115)
at org.testng.remote.RemoteTestNG.initAndRun(RemoteTestNG.java:251)
at org.testng.remote.RemoteTestNG.main(RemoteTestNG.java:77)
]]>
    </failure>
  </testcase> <!-- Testcase_RowCount_validation -->
  <system-out>
    <![CDATA[Executing Snowflake query :: SELECT count(*) as TOTAL FROM DEV_ENT_RAW.ST_HDAIR_MATILLION.TECHNICIANATTACHEDPROPERTY
Snowflake - SQLException at readDB() method :: SQL compilation error:
Object 'DEV_ENT_RAW.ST_HDAIR_MATILLION.TECHNICIANATTACHEDPROPERTY' does not exist or not authorized.
Executing Snowflake query :: select count(*) as TOTAL from CURATED_DATAMART.ST_BKP_HDAIR.STR_TECHNICIANATTACHEDPROPERTY Where ACTIVE_FLAG='Y'
Table Count in Snowflake:: 641
Executing Snowflake query :: select count(*) as TOTAL from DEV_ENT_CURATED.MASTER_DIMENSIONS.DIM_TECHNICIANATTACHEDPROPERTY where tenant_type='HDAIR' and RECORD_UPDATED_BY='Backup Table'
Snowflake - SQLException at readDB() method :: SQL compilation error: error line 1 at position 125
invalid identifier 'RECORD_UPDATED_BY'
Row Count of Table TECHNICIANATTACHEDPROPERTY is not matched for RAW :: 0 DataMart :: 641 CURATED :: 0]]>
  </system-out>
  <testcase classname="testcases.RAW_DATAMART_CURATED.SnowFlake_RowCount_Master" name="Testcase_RowCount_validation" time="3.785">
    <failure message="The following asserts failed:
	null" type="java.lang.AssertionError">
      <![CDATA[java.lang.AssertionError: The following asserts failed:
null
at org.testng.asserts.SoftAssert.assertAll(SoftAssert.java:47)
at org.testng.asserts.SoftAssert.assertAll(SoftAssert.java:31)
at testcases.RAW_DATAMART_CURATED.SnowFlake_RowCount_Master.validate_RowCount_BKP(SnowFlake_RowCount_Master.java:56)
at testcases.RAW_DATAMART_CURATED.SnowFlake_RowCount_Master.Testcase_RowCount_validation(SnowFlake_RowCount_Master.java:25)
at jdk.internal.reflect.GeneratedMethodAccessor13.invoke(Unknown Source)
at java.base/jdk.internal.reflect.DelegatingMethodAccessorImpl.invoke(DelegatingMethodAccessorImpl.java:43)
at java.base/java.lang.reflect.Method.invoke(Method.java:568)
at org.testng.internal.MethodInvocationHelper.invokeMethod(MethodInvocationHelper.java:133)
at org.testng.internal.TestInvoker.invokeMethod(TestInvoker.java:598)
at org.testng.internal.TestInvoker.invokeTestMethod(TestInvoker.java:173)
at org.testng.internal.MethodRunner.runInSequence(MethodRunner.java:46)
at org.testng.internal.TestInvoker$MethodInvocationAgent.invoke(TestInvoker.java:824)
at org.testng.internal.TestInvoker.invokeTestMethods(TestInvoker.java:146)
at org.testng.internal.TestMethodWorker.invokeTestMethods(TestMethodWorker.java:146)
at org.testng.internal.TestMethodWorker.run(TestMethodWorker.java:128)
at java.base/java.util.ArrayList.forEach(ArrayList.java:1511)
at org.testng.TestRunner.privateRun(TestRunner.java:794)
at org.testng.TestRunner.run(TestRunner.java:596)
at org.testng.SuiteRunner.runTest(SuiteRunner.java:377)
at org.testng.SuiteRunner.runSequentially(SuiteRunner.java:371)
at org.testng.SuiteRunner.privateRun(SuiteRunner.java:332)
at org.testng.SuiteRunner.run(SuiteRunner.java:276)
at org.testng.SuiteRunnerWorker.runSuite(SuiteRunnerWorker.java:53)
at org.testng.SuiteRunnerWorker.run(SuiteRunnerWorker.java:96)
at org.testng.TestNG.runSuitesSequentially(TestNG.java:1212)
at org.testng.TestNG.runSuitesLocally(TestNG.java:1134)
at org.testng.TestNG.runSuites(TestNG.java:1063)
at org.testng.TestNG.run(TestNG.java:1031)
at org.testng.remote.AbstractRemoteTestNG.run(AbstractRemoteTestNG.java:115)
at org.testng.remote.RemoteTestNG.initAndRun(RemoteTestNG.java:251)
at org.testng.remote.RemoteTestNG.main(RemoteTestNG.java:77)
]]>
    </failure>
  </testcase> <!-- Testcase_RowCount_validation -->
  <system-out>
    <![CDATA[Executing Snowflake query :: SELECT count(*) as TOTAL FROM DEV_ENT_RAW.ST_HDAIR_MATILLION.TECHNICIAN
Snowflake - SQLException at readDB() method :: SQL compilation error:
Object 'DEV_ENT_RAW.ST_HDAIR_MATILLION.TECHNICIAN' does not exist or not authorized.
Executing Snowflake query :: select count(*) as TOTAL from CURATED_DATAMART.ST_BKP_HDAIR.STR_TECHNICIAN Where ACTIVE_FLAG='Y'
Table Count in Snowflake:: 266
Executing Snowflake query :: select count(*) as TOTAL from DEV_ENT_CURATED.MASTER_DIMENSIONS.DIM_TECHNICIAN where tenant_type='HDAIR' and RECORD_UPDATED_BY='Backup Table'
Table Count in Snowflake:: 424
Row Count of Table TECHNICIAN is matched for RAW :: 0 DataMart :: 266 CURATED :: 424]]>
  </system-out>
  <testcase classname="testcases.RAW_DATAMART_CURATED.SnowFlake_RowCount_Master" name="Testcase_RowCount_validation" time="3.385">
    <failure message="The following asserts failed:
	null,
	null" type="java.lang.AssertionError">
      <![CDATA[java.lang.AssertionError: The following asserts failed:
null,
null
at org.testng.asserts.SoftAssert.assertAll(SoftAssert.java:47)
at org.testng.asserts.SoftAssert.assertAll(SoftAssert.java:31)
at testcases.RAW_DATAMART_CURATED.SnowFlake_RowCount_Master.validate_RowCount_API(SnowFlake_RowCount_Master.java:115)
at testcases.RAW_DATAMART_CURATED.SnowFlake_RowCount_Master.Testcase_RowCount_validation(SnowFlake_RowCount_Master.java:28)
at jdk.internal.reflect.GeneratedMethodAccessor13.invoke(Unknown Source)
at java.base/jdk.internal.reflect.DelegatingMethodAccessorImpl.invoke(DelegatingMethodAccessorImpl.java:43)
at java.base/java.lang.reflect.Method.invoke(Method.java:568)
at org.testng.internal.MethodInvocationHelper.invokeMethod(MethodInvocationHelper.java:133)
at org.testng.internal.TestInvoker.invokeMethod(TestInvoker.java:598)
at org.testng.internal.TestInvoker.invokeTestMethod(TestInvoker.java:173)
at org.testng.internal.MethodRunner.runInSequence(MethodRunner.java:46)
at org.testng.internal.TestInvoker$MethodInvocationAgent.invoke(TestInvoker.java:824)
at org.testng.internal.TestInvoker.invokeTestMethods(TestInvoker.java:146)
at org.testng.internal.TestMethodWorker.invokeTestMethods(TestMethodWorker.java:146)
at org.testng.internal.TestMethodWorker.run(TestMethodWorker.java:128)
at java.base/java.util.ArrayList.forEach(ArrayList.java:1511)
at org.testng.TestRunner.privateRun(TestRunner.java:794)
at org.testng.TestRunner.run(TestRunner.java:596)
at org.testng.SuiteRunner.runTest(SuiteRunner.java:377)
at org.testng.SuiteRunner.runSequentially(SuiteRunner.java:371)
at org.testng.SuiteRunner.privateRun(SuiteRunner.java:332)
at org.testng.SuiteRunner.run(SuiteRunner.java:276)
at org.testng.SuiteRunnerWorker.runSuite(SuiteRunnerWorker.java:53)
at org.testng.SuiteRunnerWorker.run(SuiteRunnerWorker.java:96)
at org.testng.TestNG.runSuitesSequentially(TestNG.java:1212)
at org.testng.TestNG.runSuitesLocally(TestNG.java:1134)
at org.testng.TestNG.runSuites(TestNG.java:1063)
at org.testng.TestNG.run(TestNG.java:1031)
at org.testng.remote.AbstractRemoteTestNG.run(AbstractRemoteTestNG.java:115)
at org.testng.remote.RemoteTestNG.initAndRun(RemoteTestNG.java:251)
at org.testng.remote.RemoteTestNG.main(RemoteTestNG.java:77)
]]>
    </failure>
  </testcase> <!-- Testcase_RowCount_validation -->
  <system-out>
    <![CDATA[Executing Snowflake query :: SELECT count(*) as TOTAL FROM DEV_ENT_RAW.API_MAT.ST_API_INVOICE WHERE TENANT_NAME='HORIZONSERVICES'
Table Count in Snowflake:: 11935
Executing Snowflake query :: select count(*) as TOTAL from CURATED_DATAMART.ST_API_HORIZONSERVICES.STR_API_INVOICE WHERE ACTIVE_FLAG='Y'
Table Count in Snowflake:: 9413
Executing Snowflake query :: select count(*) as TOTAL from DEV_ENT_CURATED.MASTER_DIMENSIONS.FACT_INVOICE WHERE TENANT_TYPE='HORIZONSERVICES' and RECORD_UPDATED_BY='API ETL'
Table Count in Snowflake:: 0
Row Count of Table INVOICE is not matched for APIMAT :: 11935 DataMart :: 9413
Executing Snowflake query :: select count(*) as TOTAL from DEV_ENT_CURATED.MASTER_DIMENSIONS.FACT_INVOICE WHERE TENANT_TYPE='HORIZONSERVICES' and RECORD_UPDATED_BY='Backup Table' AND ID in (select ID from CURATED_DATAMART.ST_API_HORIZONSERVICES.STR_API_INVOICE WHERE ACTIVE_FLAG='Y')
Table Count in Snowflake:: 9402
Row Count of Table INVOICE is not matched for DataMart :: 9413 CURATED :: 9402]]>
  </system-out>
  <testcase classname="testcases.RAW_DATAMART_CURATED.SnowFlake_RowCount_Master" name="Testcase_RowCount_validation" time="2.763">
    <failure message="The following asserts failed:
	null,
	null" type="java.lang.AssertionError">
      <![CDATA[java.lang.AssertionError: The following asserts failed:
null,
null
at org.testng.asserts.SoftAssert.assertAll(SoftAssert.java:47)
at org.testng.asserts.SoftAssert.assertAll(SoftAssert.java:31)
at testcases.RAW_DATAMART_CURATED.SnowFlake_RowCount_Master.validate_RowCount_BKP(SnowFlake_RowCount_Master.java:56)
at testcases.RAW_DATAMART_CURATED.SnowFlake_RowCount_Master.Testcase_RowCount_validation(SnowFlake_RowCount_Master.java:25)
at jdk.internal.reflect.GeneratedMethodAccessor13.invoke(Unknown Source)
at java.base/jdk.internal.reflect.DelegatingMethodAccessorImpl.invoke(DelegatingMethodAccessorImpl.java:43)
at java.base/java.lang.reflect.Method.invoke(Method.java:568)
at org.testng.internal.MethodInvocationHelper.invokeMethod(MethodInvocationHelper.java:133)
at org.testng.internal.TestInvoker.invokeMethod(TestInvoker.java:598)
at org.testng.internal.TestInvoker.invokeTestMethod(TestInvoker.java:173)
at org.testng.internal.MethodRunner.runInSequence(MethodRunner.java:46)
at org.testng.internal.TestInvoker$MethodInvocationAgent.invoke(TestInvoker.java:824)
at org.testng.internal.TestInvoker.invokeTestMethods(TestInvoker.java:146)
at org.testng.internal.TestMethodWorker.invokeTestMethods(TestMethodWorker.java:146)
at org.testng.internal.TestMethodWorker.run(TestMethodWorker.java:128)
at java.base/java.util.ArrayList.forEach(ArrayList.java:1511)
at org.testng.TestRunner.privateRun(TestRunner.java:794)
at org.testng.TestRunner.run(TestRunner.java:596)
at org.testng.SuiteRunner.runTest(SuiteRunner.java:377)
at org.testng.SuiteRunner.runSequentially(SuiteRunner.java:371)
at org.testng.SuiteRunner.privateRun(SuiteRunner.java:332)
at org.testng.SuiteRunner.run(SuiteRunner.java:276)
at org.testng.SuiteRunnerWorker.runSuite(SuiteRunnerWorker.java:53)
at org.testng.SuiteRunnerWorker.run(SuiteRunnerWorker.java:96)
at org.testng.TestNG.runSuitesSequentially(TestNG.java:1212)
at org.testng.TestNG.runSuitesLocally(TestNG.java:1134)
at org.testng.TestNG.runSuites(TestNG.java:1063)
at org.testng.TestNG.run(TestNG.java:1031)
at org.testng.remote.AbstractRemoteTestNG.run(AbstractRemoteTestNG.java:115)
at org.testng.remote.RemoteTestNG.initAndRun(RemoteTestNG.java:251)
at org.testng.remote.RemoteTestNG.main(RemoteTestNG.java:77)
]]>
    </failure>
  </testcase> <!-- Testcase_RowCount_validation -->
  <system-out>
    <![CDATA[Executing Snowflake query :: SELECT count(*) as TOTAL FROM DEV_ENT_RAW.ST_HDAIR_MATILLION.NONJOBAPPOINTMENT
Snowflake - SQLException at readDB() method :: SQL compilation error:
Object 'DEV_ENT_RAW.ST_HDAIR_MATILLION.NONJOBAPPOINTMENT' does not exist or not authorized.
Executing Snowflake query :: select count(*) as TOTAL from CURATED_DATAMART.ST_BKP_HDAIR.STR_NONJOBAPPOINTMENT Where ACTIVE_FLAG='Y'
Table Count in Snowflake:: 31817
Executing Snowflake query :: select count(*) as TOTAL from DEV_ENT_CURATED.MASTER_DIMENSIONS.DIM_NONJOBAPPOINTMENT where tenant_type='HDAIR' and RECORD_UPDATED_BY='Backup Table'
Table Count in Snowflake:: 31567
Row Count of Table NONJOBAPPOINTMENT is not matched for RAW :: 0 DataMart :: 31817 CURATED :: 31567]]>
  </system-out>
  <testcase classname="testcases.RAW_DATAMART_CURATED.SnowFlake_RowCount_Master" name="Testcase_RowCount_validation" time="2.353">
    <failure message="The following asserts failed:
	null,
	null" type="java.lang.AssertionError">
      <![CDATA[java.lang.AssertionError: The following asserts failed:
null,
null
at org.testng.asserts.SoftAssert.assertAll(SoftAssert.java:47)
at org.testng.asserts.SoftAssert.assertAll(SoftAssert.java:31)
at testcases.RAW_DATAMART_CURATED.SnowFlake_RowCount_Master.validate_RowCount_BKP(SnowFlake_RowCount_Master.java:56)
at testcases.RAW_DATAMART_CURATED.SnowFlake_RowCount_Master.Testcase_RowCount_validation(SnowFlake_RowCount_Master.java:25)
at jdk.internal.reflect.GeneratedMethodAccessor13.invoke(Unknown Source)
at java.base/jdk.internal.reflect.DelegatingMethodAccessorImpl.invoke(DelegatingMethodAccessorImpl.java:43)
at java.base/java.lang.reflect.Method.invoke(Method.java:568)
at org.testng.internal.MethodInvocationHelper.invokeMethod(MethodInvocationHelper.java:133)
at org.testng.internal.TestInvoker.invokeMethod(TestInvoker.java:598)
at org.testng.internal.TestInvoker.invokeTestMethod(TestInvoker.java:173)
at org.testng.internal.MethodRunner.runInSequence(MethodRunner.java:46)
at org.testng.internal.TestInvoker$MethodInvocationAgent.invoke(TestInvoker.java:824)
at org.testng.internal.TestInvoker.invokeTestMethods(TestInvoker.java:146)
at org.testng.internal.TestMethodWorker.invokeTestMethods(TestMethodWorker.java:146)
at org.testng.internal.TestMethodWorker.run(TestMethodWorker.java:128)
at java.base/java.util.ArrayList.forEach(ArrayList.java:1511)
at org.testng.TestRunner.privateRun(TestRunner.java:794)
at org.testng.TestRunner.run(TestRunner.java:596)
at org.testng.SuiteRunner.runTest(SuiteRunner.java:377)
at org.testng.SuiteRunner.runSequentially(SuiteRunner.java:371)
at org.testng.SuiteRunner.privateRun(SuiteRunner.java:332)
at org.testng.SuiteRunner.run(SuiteRunner.java:276)
at org.testng.SuiteRunnerWorker.runSuite(SuiteRunnerWorker.java:53)
at org.testng.SuiteRunnerWorker.run(SuiteRunnerWorker.java:96)
at org.testng.TestNG.runSuitesSequentially(TestNG.java:1212)
at org.testng.TestNG.runSuitesLocally(TestNG.java:1134)
at org.testng.TestNG.runSuites(TestNG.java:1063)
at org.testng.TestNG.run(TestNG.java:1031)
at org.testng.remote.AbstractRemoteTestNG.run(AbstractRemoteTestNG.java:115)
at org.testng.remote.RemoteTestNG.initAndRun(RemoteTestNG.java:251)
at org.testng.remote.RemoteTestNG.main(RemoteTestNG.java:77)
]]>
    </failure>
  </testcase> <!-- Testcase_RowCount_validation -->
  <system-out>
    <![CDATA[Executing Snowflake query :: SELECT count(*) as TOTAL FROM DEV_ENT_RAW.ST_HDAIR_MATILLION.MATERIALVENDOR
Snowflake - SQLException at readDB() method :: SQL compilation error:
Object 'DEV_ENT_RAW.ST_HDAIR_MATILLION.MATERIALVENDOR' does not exist or not authorized.
Executing Snowflake query :: select count(*) as TOTAL from CURATED_DATAMART.ST_BKP_HDAIR.STR_MATERIALVENDOR Where ACTIVE_FLAG='Y'
Table Count in Snowflake:: 85615
Executing Snowflake query :: select count(*) as TOTAL from DEV_ENT_CURATED.MASTER_DIMENSIONS.DIM_MATERIALVENDOR where tenant_type='HDAIR' and RECORD_UPDATED_BY='Backup Table'
Table Count in Snowflake:: 76289
Row Count of Table MATERIALVENDOR is not matched for RAW :: 0 DataMart :: 85615 CURATED :: 76289]]>
  </system-out>
  <testcase classname="testcases.RAW_DATAMART_CURATED.SnowFlake_RowCount_Master" name="Testcase_RowCount_validation" time="1.947">
    <failure message="The following asserts failed:
	null" type="java.lang.AssertionError">
      <![CDATA[java.lang.AssertionError: The following asserts failed:
null
at org.testng.asserts.SoftAssert.assertAll(SoftAssert.java:47)
at org.testng.asserts.SoftAssert.assertAll(SoftAssert.java:31)
at testcases.RAW_DATAMART_CURATED.SnowFlake_RowCount_Master.validate_RowCount_BKP(SnowFlake_RowCount_Master.java:56)
at testcases.RAW_DATAMART_CURATED.SnowFlake_RowCount_Master.Testcase_RowCount_validation(SnowFlake_RowCount_Master.java:25)
at jdk.internal.reflect.GeneratedMethodAccessor13.invoke(Unknown Source)
at java.base/jdk.internal.reflect.DelegatingMethodAccessorImpl.invoke(DelegatingMethodAccessorImpl.java:43)
at java.base/java.lang.reflect.Method.invoke(Method.java:568)
at org.testng.internal.MethodInvocationHelper.invokeMethod(MethodInvocationHelper.java:133)
at org.testng.internal.TestInvoker.invokeMethod(TestInvoker.java:598)
at org.testng.internal.TestInvoker.invokeTestMethod(TestInvoker.java:173)
at org.testng.internal.MethodRunner.runInSequence(MethodRunner.java:46)
at org.testng.internal.TestInvoker$MethodInvocationAgent.invoke(TestInvoker.java:824)
at org.testng.internal.TestInvoker.invokeTestMethods(TestInvoker.java:146)
at org.testng.internal.TestMethodWorker.invokeTestMethods(TestMethodWorker.java:146)
at org.testng.internal.TestMethodWorker.run(TestMethodWorker.java:128)
at java.base/java.util.ArrayList.forEach(ArrayList.java:1511)
at org.testng.TestRunner.privateRun(TestRunner.java:794)
at org.testng.TestRunner.run(TestRunner.java:596)
at org.testng.SuiteRunner.runTest(SuiteRunner.java:377)
at org.testng.SuiteRunner.runSequentially(SuiteRunner.java:371)
at org.testng.SuiteRunner.privateRun(SuiteRunner.java:332)
at org.testng.SuiteRunner.run(SuiteRunner.java:276)
at org.testng.SuiteRunnerWorker.runSuite(SuiteRunnerWorker.java:53)
at org.testng.SuiteRunnerWorker.run(SuiteRunnerWorker.java:96)
at org.testng.TestNG.runSuitesSequentially(TestNG.java:1212)
at org.testng.TestNG.runSuitesLocally(TestNG.java:1134)
at org.testng.TestNG.runSuites(TestNG.java:1063)
at org.testng.TestNG.run(TestNG.java:1031)
at org.testng.remote.AbstractRemoteTestNG.run(AbstractRemoteTestNG.java:115)
at org.testng.remote.RemoteTestNG.initAndRun(RemoteTestNG.java:251)
at org.testng.remote.RemoteTestNG.main(RemoteTestNG.java:77)
]]>
    </failure>
  </testcase> <!-- Testcase_RowCount_validation -->
  <system-out>
    <![CDATA[Executing Snowflake query :: SELECT count(*) as TOTAL FROM DEV_ENT_RAW.ST_CASTEEL_MATILLION.ESTIMATEITEM
Table Count in Snowflake:: 1301936
Executing Snowflake query :: select count(*) as TOTAL from CURATED_DATAMART.ST_BKP_CASTEEL.STR_ESTIMATEITEM Where ACTIVE_FLAG='Y'
Table Count in Snowflake:: 1299730
Executing Snowflake query :: select count(*) as TOTAL from DEV_ENT_CURATED.MASTER_DIMENSIONS.DIM_ESTIMATEITEM where tenant_type='CASTEEL' and RECORD_UPDATED_BY='Backup Table'
Table Count in Snowflake:: 1296021
Row Count of Table ESTIMATEITEM is not matched for RAW :: 1301936 DataMart :: 1299730 CURATED :: 1296021]]>
  </system-out>
  <testcase classname="testcases.RAW_DATAMART_CURATED.SnowFlake_RowCount_Master" name="Testcase_RowCount_validation" time="4.833">
    <failure message="The following asserts failed:
	null" type="java.lang.AssertionError">
      <![CDATA[java.lang.AssertionError: The following asserts failed:
null
at org.testng.asserts.SoftAssert.assertAll(SoftAssert.java:47)
at org.testng.asserts.SoftAssert.assertAll(SoftAssert.java:31)
at testcases.RAW_DATAMART_CURATED.SnowFlake_RowCount_Master.validate_RowCount_BKP(SnowFlake_RowCount_Master.java:56)
at testcases.RAW_DATAMART_CURATED.SnowFlake_RowCount_Master.Testcase_RowCount_validation(SnowFlake_RowCount_Master.java:25)
at jdk.internal.reflect.GeneratedMethodAccessor13.invoke(Unknown Source)
at java.base/jdk.internal.reflect.DelegatingMethodAccessorImpl.invoke(DelegatingMethodAccessorImpl.java:43)
at java.base/java.lang.reflect.Method.invoke(Method.java:568)
at org.testng.internal.MethodInvocationHelper.invokeMethod(MethodInvocationHelper.java:133)
at org.testng.internal.TestInvoker.invokeMethod(TestInvoker.java:598)
at org.testng.internal.TestInvoker.invokeTestMethod(TestInvoker.java:173)
at org.testng.internal.MethodRunner.runInSequence(MethodRunner.java:46)
at org.testng.internal.TestInvoker$MethodInvocationAgent.invoke(TestInvoker.java:824)
at org.testng.internal.TestInvoker.invokeTestMethods(TestInvoker.java:146)
at org.testng.internal.TestMethodWorker.invokeTestMethods(TestMethodWorker.java:146)
at org.testng.internal.TestMethodWorker.run(TestMethodWorker.java:128)
at java.base/java.util.ArrayList.forEach(ArrayList.java:1511)
at org.testng.TestRunner.privateRun(TestRunner.java:794)
at org.testng.TestRunner.run(TestRunner.java:596)
at org.testng.SuiteRunner.runTest(SuiteRunner.java:377)
at org.testng.SuiteRunner.runSequentially(SuiteRunner.java:371)
at org.testng.SuiteRunner.privateRun(SuiteRunner.java:332)
at org.testng.SuiteRunner.run(SuiteRunner.java:276)
at org.testng.SuiteRunnerWorker.runSuite(SuiteRunnerWorker.java:53)
at org.testng.SuiteRunnerWorker.run(SuiteRunnerWorker.java:96)
at org.testng.TestNG.runSuitesSequentially(TestNG.java:1212)
at org.testng.TestNG.runSuitesLocally(TestNG.java:1134)
at org.testng.TestNG.runSuites(TestNG.java:1063)
at org.testng.TestNG.run(TestNG.java:1031)
at org.testng.remote.AbstractRemoteTestNG.run(AbstractRemoteTestNG.java:115)
at org.testng.remote.RemoteTestNG.initAndRun(RemoteTestNG.java:251)
at org.testng.remote.RemoteTestNG.main(RemoteTestNG.java:77)
]]>
    </failure>
  </testcase> <!-- Testcase_RowCount_validation -->
  <system-out>
    <![CDATA[Executing Snowflake query :: SELECT count(*) as TOTAL FROM DEV_ENT_RAW.ST_FOURPROS_MATILLION.JOBCOMPLETIONSURVEY
Table Count in Snowflake:: 15935
Executing Snowflake query :: select count(*) as TOTAL from CURATED_DATAMART.ST_BKP_FOURPROS.STR_JOBCOMPLETIONSURVEY Where ACTIVE_FLAG='Y'
Table Count in Snowflake:: 15882
Executing Snowflake query :: select count(*) as TOTAL from DEV_ENT_CURATED.MASTER_DIMENSIONS.DIM_JOBCOMPLETIONSURVEY where tenant_type='FOURPROS' and RECORD_UPDATED_BY='Backup Table'
Table Count in Snowflake:: 15882
Row Count of Table JOBCOMPLETIONSURVEY is not matched for RAW :: 15935 DataMart :: 15882 CURATED :: 15882]]>
  </system-out>
  <testcase classname="testcases.RAW_DATAMART_CURATED.SnowFlake_RowCount_Master" name="Testcase_RowCount_validation" time="2.457">
    <failure message="The following asserts failed:
	null" type="java.lang.AssertionError">
      <![CDATA[java.lang.AssertionError: The following asserts failed:
null
at org.testng.asserts.SoftAssert.assertAll(SoftAssert.java:47)
at org.testng.asserts.SoftAssert.assertAll(SoftAssert.java:31)
at testcases.RAW_DATAMART_CURATED.SnowFlake_RowCount_Master.validate_RowCount_BKP(SnowFlake_RowCount_Master.java:56)
at testcases.RAW_DATAMART_CURATED.SnowFlake_RowCount_Master.Testcase_RowCount_validation(SnowFlake_RowCount_Master.java:25)
at jdk.internal.reflect.GeneratedMethodAccessor13.invoke(Unknown Source)
at java.base/jdk.internal.reflect.DelegatingMethodAccessorImpl.invoke(DelegatingMethodAccessorImpl.java:43)
at java.base/java.lang.reflect.Method.invoke(Method.java:568)
at org.testng.internal.MethodInvocationHelper.invokeMethod(MethodInvocationHelper.java:133)
at org.testng.internal.TestInvoker.invokeMethod(TestInvoker.java:598)
at org.testng.internal.TestInvoker.invokeTestMethod(TestInvoker.java:173)
at org.testng.internal.MethodRunner.runInSequence(MethodRunner.java:46)
at org.testng.internal.TestInvoker$MethodInvocationAgent.invoke(TestInvoker.java:824)
at org.testng.internal.TestInvoker.invokeTestMethods(TestInvoker.java:146)
at org.testng.internal.TestMethodWorker.invokeTestMethods(TestMethodWorker.java:146)
at org.testng.internal.TestMethodWorker.run(TestMethodWorker.java:128)
at java.base/java.util.ArrayList.forEach(ArrayList.java:1511)
at org.testng.TestRunner.privateRun(TestRunner.java:794)
at org.testng.TestRunner.run(TestRunner.java:596)
at org.testng.SuiteRunner.runTest(SuiteRunner.java:377)
at org.testng.SuiteRunner.runSequentially(SuiteRunner.java:371)
at org.testng.SuiteRunner.privateRun(SuiteRunner.java:332)
at org.testng.SuiteRunner.run(SuiteRunner.java:276)
at org.testng.SuiteRunnerWorker.runSuite(SuiteRunnerWorker.java:53)
at org.testng.SuiteRunnerWorker.run(SuiteRunnerWorker.java:96)
at org.testng.TestNG.runSuitesSequentially(TestNG.java:1212)
at org.testng.TestNG.runSuitesLocally(TestNG.java:1134)
at org.testng.TestNG.runSuites(TestNG.java:1063)
at org.testng.TestNG.run(TestNG.java:1031)
at org.testng.remote.AbstractRemoteTestNG.run(AbstractRemoteTestNG.java:115)
at org.testng.remote.RemoteTestNG.initAndRun(RemoteTestNG.java:251)
at org.testng.remote.RemoteTestNG.main(RemoteTestNG.java:77)
]]>
    </failure>
  </testcase> <!-- Testcase_RowCount_validation -->
  <system-out>
    <![CDATA[Executing Snowflake query :: SELECT count(*) as TOTAL FROM DEV_ENT_RAW.ST_HENDERSON_MATILLION.PAYMENT
Table Count in Snowflake:: 154369
Executing Snowflake query :: select count(*) as TOTAL from CURATED_DATAMART.ST_BKP_HENDERSON.STR_PAYMENT Where ACTIVE_FLAG='Y'
Table Count in Snowflake:: 154318
Executing Snowflake query :: select count(*) as TOTAL from DEV_ENT_CURATED.MASTER_DIMENSIONS.DIM_PAYMENT where tenant_type='HENDERSON' and RECORD_UPDATED_BY='Backup Table'
Table Count in Snowflake:: 153941
Row Count of Table PAYMENT is not matched for RAW :: 154369 DataMart :: 154318 CURATED :: 153941]]>
  </system-out>
  <testcase classname="testcases.RAW_DATAMART_CURATED.SnowFlake_RowCount_Master" name="Testcase_RowCount_validation" time="1.984">
    <failure message="The following asserts failed:
	null" type="java.lang.AssertionError">
      <![CDATA[java.lang.AssertionError: The following asserts failed:
null
at org.testng.asserts.SoftAssert.assertAll(SoftAssert.java:47)
at org.testng.asserts.SoftAssert.assertAll(SoftAssert.java:31)
at testcases.RAW_DATAMART_CURATED.SnowFlake_RowCount_Master.validate_RowCount_BKP(SnowFlake_RowCount_Master.java:56)
at testcases.RAW_DATAMART_CURATED.SnowFlake_RowCount_Master.Testcase_RowCount_validation(SnowFlake_RowCount_Master.java:25)
at jdk.internal.reflect.GeneratedMethodAccessor13.invoke(Unknown Source)
at java.base/jdk.internal.reflect.DelegatingMethodAccessorImpl.invoke(DelegatingMethodAccessorImpl.java:43)
at java.base/java.lang.reflect.Method.invoke(Method.java:568)
at org.testng.internal.MethodInvocationHelper.invokeMethod(MethodInvocationHelper.java:133)
at org.testng.internal.TestInvoker.invokeMethod(TestInvoker.java:598)
at org.testng.internal.TestInvoker.invokeTestMethod(TestInvoker.java:173)
at org.testng.internal.MethodRunner.runInSequence(MethodRunner.java:46)
at org.testng.internal.TestInvoker$MethodInvocationAgent.invoke(TestInvoker.java:824)
at org.testng.internal.TestInvoker.invokeTestMethods(TestInvoker.java:146)
at org.testng.internal.TestMethodWorker.invokeTestMethods(TestMethodWorker.java:146)
at org.testng.internal.TestMethodWorker.run(TestMethodWorker.java:128)
at java.base/java.util.ArrayList.forEach(ArrayList.java:1511)
at org.testng.TestRunner.privateRun(TestRunner.java:794)
at org.testng.TestRunner.run(TestRunner.java:596)
at org.testng.SuiteRunner.runTest(SuiteRunner.java:377)
at org.testng.SuiteRunner.runSequentially(SuiteRunner.java:371)
at org.testng.SuiteRunner.privateRun(SuiteRunner.java:332)
at org.testng.SuiteRunner.run(SuiteRunner.java:276)
at org.testng.SuiteRunnerWorker.runSuite(SuiteRunnerWorker.java:53)
at org.testng.SuiteRunnerWorker.run(SuiteRunnerWorker.java:96)
at org.testng.TestNG.runSuitesSequentially(TestNG.java:1212)
at org.testng.TestNG.runSuitesLocally(TestNG.java:1134)
at org.testng.TestNG.runSuites(TestNG.java:1063)
at org.testng.TestNG.run(TestNG.java:1031)
at org.testng.remote.AbstractRemoteTestNG.run(AbstractRemoteTestNG.java:115)
at org.testng.remote.RemoteTestNG.initAndRun(RemoteTestNG.java:251)
at org.testng.remote.RemoteTestNG.main(RemoteTestNG.java:77)
]]>
    </failure>
  </testcase> <!-- Testcase_RowCount_validation -->
  <system-out>
    <![CDATA[Executing Snowflake query :: SELECT count(*) as TOTAL FROM DEV_ENT_RAW.ST_EANESHEATING_MATILLION.OVERTIMEPROFILE
Snowflake - SQLException at readDB() method :: SQL compilation error:
Object 'DEV_ENT_RAW.ST_EANESHEATING_MATILLION.OVERTIMEPROFILE' does not exist or not authorized.
Executing Snowflake query :: select count(*) as TOTAL from CURATED_DATAMART.ST_BKP_EANESHEATING.STR_OVERTIMEPROFILE Where ACTIVE_FLAG='Y'
Table Count in Snowflake:: 6
Executing Snowflake query :: select count(*) as TOTAL from DEV_ENT_CURATED.MASTER_DIMENSIONS.DIM_OVERTIMEPROFILE where tenant_type='EANESHEATING' and RECORD_UPDATED_BY='Backup Table'
Table Count in Snowflake:: 6
Row Count of Table OVERTIMEPROFILE is matched for RAW :: 0 DataMart :: 6 CURATED :: 6]]>
  </system-out>
  <testcase classname="testcases.RAW_DATAMART_CURATED.SnowFlake_RowCount_Master" name="Testcase_RowCount_validation" time="2.143">
    <failure message="The following asserts failed:
	null" type="java.lang.AssertionError">
      <![CDATA[java.lang.AssertionError: The following asserts failed:
null
at org.testng.asserts.SoftAssert.assertAll(SoftAssert.java:47)
at org.testng.asserts.SoftAssert.assertAll(SoftAssert.java:31)
at testcases.RAW_DATAMART_CURATED.SnowFlake_RowCount_Master.validate_RowCount_BKP(SnowFlake_RowCount_Master.java:56)
at testcases.RAW_DATAMART_CURATED.SnowFlake_RowCount_Master.Testcase_RowCount_validation(SnowFlake_RowCount_Master.java:25)
at jdk.internal.reflect.GeneratedMethodAccessor13.invoke(Unknown Source)
at java.base/jdk.internal.reflect.DelegatingMethodAccessorImpl.invoke(DelegatingMethodAccessorImpl.java:43)
at java.base/java.lang.reflect.Method.invoke(Method.java:568)
at org.testng.internal.MethodInvocationHelper.invokeMethod(MethodInvocationHelper.java:133)
at org.testng.internal.TestInvoker.invokeMethod(TestInvoker.java:598)
at org.testng.internal.TestInvoker.invokeTestMethod(TestInvoker.java:173)
at org.testng.internal.MethodRunner.runInSequence(MethodRunner.java:46)
at org.testng.internal.TestInvoker$MethodInvocationAgent.invoke(TestInvoker.java:824)
at org.testng.internal.TestInvoker.invokeTestMethods(TestInvoker.java:146)
at org.testng.internal.TestMethodWorker.invokeTestMethods(TestMethodWorker.java:146)
at org.testng.internal.TestMethodWorker.run(TestMethodWorker.java:128)
at java.base/java.util.ArrayList.forEach(ArrayList.java:1511)
at org.testng.TestRunner.privateRun(TestRunner.java:794)
at org.testng.TestRunner.run(TestRunner.java:596)
at org.testng.SuiteRunner.runTest(SuiteRunner.java:377)
at org.testng.SuiteRunner.runSequentially(SuiteRunner.java:371)
at org.testng.SuiteRunner.privateRun(SuiteRunner.java:332)
at org.testng.SuiteRunner.run(SuiteRunner.java:276)
at org.testng.SuiteRunnerWorker.runSuite(SuiteRunnerWorker.java:53)
at org.testng.SuiteRunnerWorker.run(SuiteRunnerWorker.java:96)
at org.testng.TestNG.runSuitesSequentially(TestNG.java:1212)
at org.testng.TestNG.runSuitesLocally(TestNG.java:1134)
at org.testng.TestNG.runSuites(TestNG.java:1063)
at org.testng.TestNG.run(TestNG.java:1031)
at org.testng.remote.AbstractRemoteTestNG.run(AbstractRemoteTestNG.java:115)
at org.testng.remote.RemoteTestNG.initAndRun(RemoteTestNG.java:251)
at org.testng.remote.RemoteTestNG.main(RemoteTestNG.java:77)
]]>
    </failure>
  </testcase> <!-- Testcase_RowCount_validation -->
  <system-out>
    <![CDATA[Executing Snowflake query :: SELECT count(*) as TOTAL FROM DEV_ENT_RAW.ST_HARP_MATILLION.JOBAPPOINTMENT
Table Count in Snowflake:: 147816
Executing Snowflake query :: select count(*) as TOTAL from CURATED_DATAMART.ST_BKP_HARP.STR_JOBAPPOINTMENT Where ACTIVE_FLAG='Y'
Table Count in Snowflake:: 295591
Executing Snowflake query :: select count(*) as TOTAL from DEV_ENT_CURATED.MASTER_DIMENSIONS.DIM_JOBAPPOINTMENT where tenant_type='HARP' and RECORD_UPDATED_BY='Backup Table'
Table Count in Snowflake:: 148080
Row Count of Table JOBAPPOINTMENT is not matched for RAW :: 147816 DataMart :: 295591 CURATED :: 148080]]>
  </system-out>
  <testcase classname="testcases.RAW_DATAMART_CURATED.SnowFlake_RowCount_Master" name="Testcase_RowCount_validation" time="1.537">
    <failure message="The following asserts failed:
	null" type="java.lang.AssertionError">
      <![CDATA[java.lang.AssertionError: The following asserts failed:
null
at org.testng.asserts.SoftAssert.assertAll(SoftAssert.java:47)
at org.testng.asserts.SoftAssert.assertAll(SoftAssert.java:31)
at testcases.RAW_DATAMART_CURATED.SnowFlake_RowCount_Master.validate_RowCount_API(SnowFlake_RowCount_Master.java:115)
at testcases.RAW_DATAMART_CURATED.SnowFlake_RowCount_Master.Testcase_RowCount_validation(SnowFlake_RowCount_Master.java:28)
at jdk.internal.reflect.GeneratedMethodAccessor13.invoke(Unknown Source)
at java.base/jdk.internal.reflect.DelegatingMethodAccessorImpl.invoke(DelegatingMethodAccessorImpl.java:43)
at java.base/java.lang.reflect.Method.invoke(Method.java:568)
at org.testng.internal.MethodInvocationHelper.invokeMethod(MethodInvocationHelper.java:133)
at org.testng.internal.TestInvoker.invokeMethod(TestInvoker.java:598)
at org.testng.internal.TestInvoker.invokeTestMethod(TestInvoker.java:173)
at org.testng.internal.MethodRunner.runInSequence(MethodRunner.java:46)
at org.testng.internal.TestInvoker$MethodInvocationAgent.invoke(TestInvoker.java:824)
at org.testng.internal.TestInvoker.invokeTestMethods(TestInvoker.java:146)
at org.testng.internal.TestMethodWorker.invokeTestMethods(TestMethodWorker.java:146)
at org.testng.internal.TestMethodWorker.run(TestMethodWorker.java:128)
at java.base/java.util.ArrayList.forEach(ArrayList.java:1511)
at org.testng.TestRunner.privateRun(TestRunner.java:794)
at org.testng.TestRunner.run(TestRunner.java:596)
at org.testng.SuiteRunner.runTest(SuiteRunner.java:377)
at org.testng.SuiteRunner.runSequentially(SuiteRunner.java:371)
at org.testng.SuiteRunner.privateRun(SuiteRunner.java:332)
at org.testng.SuiteRunner.run(SuiteRunner.java:276)
at org.testng.SuiteRunnerWorker.runSuite(SuiteRunnerWorker.java:53)
at org.testng.SuiteRunnerWorker.run(SuiteRunnerWorker.java:96)
at org.testng.TestNG.runSuitesSequentially(TestNG.java:1212)
at org.testng.TestNG.runSuitesLocally(TestNG.java:1134)
at org.testng.TestNG.runSuites(TestNG.java:1063)
at org.testng.TestNG.run(TestNG.java:1031)
at org.testng.remote.AbstractRemoteTestNG.run(AbstractRemoteTestNG.java:115)
at org.testng.remote.RemoteTestNG.initAndRun(RemoteTestNG.java:251)
at org.testng.remote.RemoteTestNG.main(RemoteTestNG.java:77)
]]>
    </failure>
  </testcase> <!-- Testcase_RowCount_validation -->
  <system-out>
    <![CDATA[Executing Snowflake query :: SELECT count(*) as TOTAL FROM DEV_ENT_RAW.API_MAT.ST_API_INVOICEITEM WHERE TENANT_NAME='HORIZONSERVICES'
Table Count in Snowflake:: 25485
Executing Snowflake query :: select count(*) as TOTAL from CURATED_DATAMART.ST_API_HORIZONSERVICES.STR_API_INVOICEITEM WHERE ACTIVE_FLAG='Y'
Table Count in Snowflake:: 0
Executing Snowflake query :: select count(*) as TOTAL from DEV_ENT_CURATED.MASTER_DIMENSIONS.DIM_INVOICEITEM WHERE TENANT_TYPE='HORIZONSERVICES' and RECORD_UPDATED_BY='API ETL'
Table Count in Snowflake:: 0
Row Count of Table INVOICEITEM is not matched for APIMAT :: 25485 DataMart :: 0
Row Count of Table INVOICEITEM is matched for DataMart :: 0 CURATED :: 0]]>
  </system-out>
  <testcase classname="testcases.RAW_DATAMART_CURATED.SnowFlake_RowCount_Master" name="Testcase_RowCount_validation" time="3.269">
    <failure message="The following asserts failed:
	null" type="java.lang.AssertionError">
      <![CDATA[java.lang.AssertionError: The following asserts failed:
null
at org.testng.asserts.SoftAssert.assertAll(SoftAssert.java:47)
at org.testng.asserts.SoftAssert.assertAll(SoftAssert.java:31)
at testcases.RAW_DATAMART_CURATED.SnowFlake_RowCount_Master.validate_RowCount_BKP(SnowFlake_RowCount_Master.java:56)
at testcases.RAW_DATAMART_CURATED.SnowFlake_RowCount_Master.Testcase_RowCount_validation(SnowFlake_RowCount_Master.java:25)
at jdk.internal.reflect.GeneratedMethodAccessor13.invoke(Unknown Source)
at java.base/jdk.internal.reflect.DelegatingMethodAccessorImpl.invoke(DelegatingMethodAccessorImpl.java:43)
at java.base/java.lang.reflect.Method.invoke(Method.java:568)
at org.testng.internal.MethodInvocationHelper.invokeMethod(MethodInvocationHelper.java:133)
at org.testng.internal.TestInvoker.invokeMethod(TestInvoker.java:598)
at org.testng.internal.TestInvoker.invokeTestMethod(TestInvoker.java:173)
at org.testng.internal.MethodRunner.runInSequence(MethodRunner.java:46)
at org.testng.internal.TestInvoker$MethodInvocationAgent.invoke(TestInvoker.java:824)
at org.testng.internal.TestInvoker.invokeTestMethods(TestInvoker.java:146)
at org.testng.internal.TestMethodWorker.invokeTestMethods(TestMethodWorker.java:146)
at org.testng.internal.TestMethodWorker.run(TestMethodWorker.java:128)
at java.base/java.util.ArrayList.forEach(ArrayList.java:1511)
at org.testng.TestRunner.privateRun(TestRunner.java:794)
at org.testng.TestRunner.run(TestRunner.java:596)
at org.testng.SuiteRunner.runTest(SuiteRunner.java:377)
at org.testng.SuiteRunner.runSequentially(SuiteRunner.java:371)
at org.testng.SuiteRunner.privateRun(SuiteRunner.java:332)
at org.testng.SuiteRunner.run(SuiteRunner.java:276)
at org.testng.SuiteRunnerWorker.runSuite(SuiteRunnerWorker.java:53)
at org.testng.SuiteRunnerWorker.run(SuiteRunnerWorker.java:96)
at org.testng.TestNG.runSuitesSequentially(TestNG.java:1212)
at org.testng.TestNG.runSuitesLocally(TestNG.java:1134)
at org.testng.TestNG.runSuites(TestNG.java:1063)
at org.testng.TestNG.run(TestNG.java:1031)
at org.testng.remote.AbstractRemoteTestNG.run(AbstractRemoteTestNG.java:115)
at org.testng.remote.RemoteTestNG.initAndRun(RemoteTestNG.java:251)
at org.testng.remote.RemoteTestNG.main(RemoteTestNG.java:77)
]]>
    </failure>
  </testcase> <!-- Testcase_RowCount_validation -->
  <system-out>
    <![CDATA[Executing Snowflake query :: SELECT count(*) as TOTAL FROM DEV_ENT_RAW.ST_EANESHEATING_MATILLION.LOCATION
Snowflake - SQLException at readDB() method :: SQL compilation error:
Object 'DEV_ENT_RAW.ST_EANESHEATING_MATILLION.LOCATION' does not exist or not authorized.
Executing Snowflake query :: select count(*) as TOTAL from CURATED_DATAMART.ST_BKP_EANESHEATING.STR_LOCATION Where ACTIVE_FLAG='Y'
Table Count in Snowflake:: 65025
Executing Snowflake query :: select count(*) as TOTAL from DEV_ENT_CURATED.MASTER_DIMENSIONS.DIM_LOCATION where tenant_type='EANESHEATING' and RECORD_UPDATED_BY='Backup Table'
Table Count in Snowflake:: 65025
Row Count of Table LOCATION is matched for RAW :: 0 DataMart :: 65025 CURATED :: 65025]]>
  </system-out>
  <testcase classname="testcases.RAW_DATAMART_CURATED.SnowFlake_RowCount_Master" name="Testcase_RowCount_validation" time="1.618"/>
  <system-out>
    <![CDATA[Executing Snowflake query :: SELECT count(*) as TOTAL FROM DEV_ENT_RAW.ST_HARP_MATILLION.CAMPAIGN
Table Count in Snowflake:: 292
Executing Snowflake query :: select count(*) as TOTAL from CURATED_DATAMART.ST_BKP_HARP.STR_CAMPAIGN Where ACTIVE_FLAG='Y'
Table Count in Snowflake:: 293
Executing Snowflake query :: select count(*) as TOTAL from DEV_ENT_CURATED.MASTER_DIMENSIONS.DIM_CAMPAIGN where tenant_type='HARP' and RECORD_UPDATED_BY='Backup Table'
Table Count in Snowflake:: 584
Row Count of Table CAMPAIGN is matched for RAW :: 292 DataMart :: 293 CURATED :: 584]]>
  </system-out>
  <testcase classname="testcases.RAW_DATAMART_CURATED.SnowFlake_RowCount_Master" name="Testcase_RowCount_validation" time="2.044">
    <failure message="The following asserts failed:
	null,
	null" type="java.lang.AssertionError">
      <![CDATA[java.lang.AssertionError: The following asserts failed:
null,
null
at org.testng.asserts.SoftAssert.assertAll(SoftAssert.java:47)
at org.testng.asserts.SoftAssert.assertAll(SoftAssert.java:31)
at testcases.RAW_DATAMART_CURATED.SnowFlake_RowCount_Master.validate_RowCount_BKP(SnowFlake_RowCount_Master.java:56)
at testcases.RAW_DATAMART_CURATED.SnowFlake_RowCount_Master.Testcase_RowCount_validation(SnowFlake_RowCount_Master.java:25)
at jdk.internal.reflect.GeneratedMethodAccessor13.invoke(Unknown Source)
at java.base/jdk.internal.reflect.DelegatingMethodAccessorImpl.invoke(DelegatingMethodAccessorImpl.java:43)
at java.base/java.lang.reflect.Method.invoke(Method.java:568)
at org.testng.internal.MethodInvocationHelper.invokeMethod(MethodInvocationHelper.java:133)
at org.testng.internal.TestInvoker.invokeMethod(TestInvoker.java:598)
at org.testng.internal.TestInvoker.invokeTestMethod(TestInvoker.java:173)
at org.testng.internal.MethodRunner.runInSequence(MethodRunner.java:46)
at org.testng.internal.TestInvoker$MethodInvocationAgent.invoke(TestInvoker.java:824)
at org.testng.internal.TestInvoker.invokeTestMethods(TestInvoker.java:146)
at org.testng.internal.TestMethodWorker.invokeTestMethods(TestMethodWorker.java:146)
at org.testng.internal.TestMethodWorker.run(TestMethodWorker.java:128)
at java.base/java.util.ArrayList.forEach(ArrayList.java:1511)
at org.testng.TestRunner.privateRun(TestRunner.java:794)
at org.testng.TestRunner.run(TestRunner.java:596)
at org.testng.SuiteRunner.runTest(SuiteRunner.java:377)
at org.testng.SuiteRunner.runSequentially(SuiteRunner.java:371)
at org.testng.SuiteRunner.privateRun(SuiteRunner.java:332)
at org.testng.SuiteRunner.run(SuiteRunner.java:276)
at org.testng.SuiteRunnerWorker.runSuite(SuiteRunnerWorker.java:53)
at org.testng.SuiteRunnerWorker.run(SuiteRunnerWorker.java:96)
at org.testng.TestNG.runSuitesSequentially(TestNG.java:1212)
at org.testng.TestNG.runSuitesLocally(TestNG.java:1134)
at org.testng.TestNG.runSuites(TestNG.java:1063)
at org.testng.TestNG.run(TestNG.java:1031)
at org.testng.remote.AbstractRemoteTestNG.run(AbstractRemoteTestNG.java:115)
at org.testng.remote.RemoteTestNG.initAndRun(RemoteTestNG.java:251)
at org.testng.remote.RemoteTestNG.main(RemoteTestNG.java:77)
]]>
    </failure>
  </testcase> <!-- Testcase_RowCount_validation -->
  <system-out>
    <![CDATA[Executing Snowflake query :: SELECT count(*) as TOTAL FROM DEV_ENT_RAW.ST_HDAIR_MATILLION.PAYMENTTERM
Snowflake - SQLException at readDB() method :: SQL compilation error:
Object 'DEV_ENT_RAW.ST_HDAIR_MATILLION.PAYMENTTERM' does not exist or not authorized.
Executing Snowflake query :: select count(*) as TOTAL from CURATED_DATAMART.ST_BKP_HDAIR.STR_PAYMENTTERM Where ACTIVE_FLAG='Y'
Table Count in Snowflake:: 11
Executing Snowflake query :: select count(*) as TOTAL from DEV_ENT_CURATED.MASTER_DIMENSIONS.DIM_PAYMENTTERM where tenant_type='HDAIR' and RECORD_UPDATED_BY='Backup Table'
Table Count in Snowflake:: 0
Row Count of Table PAYMENTTERM is not matched for RAW :: 0 DataMart :: 11 CURATED :: 0]]>
  </system-out>
  <testcase classname="testcases.RAW_DATAMART_CURATED.SnowFlake_RowCount_Master" name="Testcase_RowCount_validation" time="1.629">
    <failure message="The following asserts failed:
	null" type="java.lang.AssertionError">
      <![CDATA[java.lang.AssertionError: The following asserts failed:
null
at org.testng.asserts.SoftAssert.assertAll(SoftAssert.java:47)
at org.testng.asserts.SoftAssert.assertAll(SoftAssert.java:31)
at testcases.RAW_DATAMART_CURATED.SnowFlake_RowCount_Master.validate_RowCount_BKP(SnowFlake_RowCount_Master.java:56)
at testcases.RAW_DATAMART_CURATED.SnowFlake_RowCount_Master.Testcase_RowCount_validation(SnowFlake_RowCount_Master.java:25)
at jdk.internal.reflect.GeneratedMethodAccessor13.invoke(Unknown Source)
at java.base/jdk.internal.reflect.DelegatingMethodAccessorImpl.invoke(DelegatingMethodAccessorImpl.java:43)
at java.base/java.lang.reflect.Method.invoke(Method.java:568)
at org.testng.internal.MethodInvocationHelper.invokeMethod(MethodInvocationHelper.java:133)
at org.testng.internal.TestInvoker.invokeMethod(TestInvoker.java:598)
at org.testng.internal.TestInvoker.invokeTestMethod(TestInvoker.java:173)
at org.testng.internal.MethodRunner.runInSequence(MethodRunner.java:46)
at org.testng.internal.TestInvoker$MethodInvocationAgent.invoke(TestInvoker.java:824)
at org.testng.internal.TestInvoker.invokeTestMethods(TestInvoker.java:146)
at org.testng.internal.TestMethodWorker.invokeTestMethods(TestMethodWorker.java:146)
at org.testng.internal.TestMethodWorker.run(TestMethodWorker.java:128)
at java.base/java.util.ArrayList.forEach(ArrayList.java:1511)
at org.testng.TestRunner.privateRun(TestRunner.java:794)
at org.testng.TestRunner.run(TestRunner.java:596)
at org.testng.SuiteRunner.runTest(SuiteRunner.java:377)
at org.testng.SuiteRunner.runSequentially(SuiteRunner.java:371)
at org.testng.SuiteRunner.privateRun(SuiteRunner.java:332)
at org.testng.SuiteRunner.run(SuiteRunner.java:276)
at org.testng.SuiteRunnerWorker.runSuite(SuiteRunnerWorker.java:53)
at org.testng.SuiteRunnerWorker.run(SuiteRunnerWorker.java:96)
at org.testng.TestNG.runSuitesSequentially(TestNG.java:1212)
at org.testng.TestNG.runSuitesLocally(TestNG.java:1134)
at org.testng.TestNG.runSuites(TestNG.java:1063)
at org.testng.TestNG.run(TestNG.java:1031)
at org.testng.remote.AbstractRemoteTestNG.run(AbstractRemoteTestNG.java:115)
at org.testng.remote.RemoteTestNG.initAndRun(RemoteTestNG.java:251)
at org.testng.remote.RemoteTestNG.main(RemoteTestNG.java:77)
]]>
    </failure>
  </testcase> <!-- Testcase_RowCount_validation -->
  <system-out>
    <![CDATA[Executing Snowflake query :: SELECT count(*) as TOTAL FROM DEV_ENT_RAW.ST_GOLDMEDAL_MATILLION.CALLREASON
Table Count in Snowflake:: 61
Executing Snowflake query :: select count(*) as TOTAL from CURATED_DATAMART.ST_BKP_GOLDMEDAL.STR_CALLREASON Where ACTIVE_FLAG='Y'
Table Count in Snowflake:: 61
Executing Snowflake query :: select count(*) as TOTAL from DEV_ENT_CURATED.MASTER_DIMENSIONS.DIM_CALLREASON where tenant_type='GOLDMEDAL' and RECORD_UPDATED_BY='Backup Table'
Table Count in Snowflake:: 47
Row Count of Table CALLREASON is not matched for RAW :: 61 DataMart :: 61 CURATED :: 47]]>
  </system-out>
  <testcase classname="testcases.RAW_DATAMART_CURATED.SnowFlake_RowCount_Master" name="Testcase_RowCount_validation" time="2.148">
    <failure message="The following asserts failed:
	null" type="java.lang.AssertionError">
      <![CDATA[java.lang.AssertionError: The following asserts failed:
null
at org.testng.asserts.SoftAssert.assertAll(SoftAssert.java:47)
at org.testng.asserts.SoftAssert.assertAll(SoftAssert.java:31)
at testcases.RAW_DATAMART_CURATED.SnowFlake_RowCount_Master.validate_RowCount_BKP(SnowFlake_RowCount_Master.java:56)
at testcases.RAW_DATAMART_CURATED.SnowFlake_RowCount_Master.Testcase_RowCount_validation(SnowFlake_RowCount_Master.java:25)
at jdk.internal.reflect.GeneratedMethodAccessor13.invoke(Unknown Source)
at java.base/jdk.internal.reflect.DelegatingMethodAccessorImpl.invoke(DelegatingMethodAccessorImpl.java:43)
at java.base/java.lang.reflect.Method.invoke(Method.java:568)
at org.testng.internal.MethodInvocationHelper.invokeMethod(MethodInvocationHelper.java:133)
at org.testng.internal.TestInvoker.invokeMethod(TestInvoker.java:598)
at org.testng.internal.TestInvoker.invokeTestMethod(TestInvoker.java:173)
at org.testng.internal.MethodRunner.runInSequence(MethodRunner.java:46)
at org.testng.internal.TestInvoker$MethodInvocationAgent.invoke(TestInvoker.java:824)
at org.testng.internal.TestInvoker.invokeTestMethods(TestInvoker.java:146)
at org.testng.internal.TestMethodWorker.invokeTestMethods(TestMethodWorker.java:146)
at org.testng.internal.TestMethodWorker.run(TestMethodWorker.java:128)
at java.base/java.util.ArrayList.forEach(ArrayList.java:1511)
at org.testng.TestRunner.privateRun(TestRunner.java:794)
at org.testng.TestRunner.run(TestRunner.java:596)
at org.testng.SuiteRunner.runTest(SuiteRunner.java:377)
at org.testng.SuiteRunner.runSequentially(SuiteRunner.java:371)
at org.testng.SuiteRunner.privateRun(SuiteRunner.java:332)
at org.testng.SuiteRunner.run(SuiteRunner.java:276)
at org.testng.SuiteRunnerWorker.runSuite(SuiteRunnerWorker.java:53)
at org.testng.SuiteRunnerWorker.run(SuiteRunnerWorker.java:96)
at org.testng.TestNG.runSuitesSequentially(TestNG.java:1212)
at org.testng.TestNG.runSuitesLocally(TestNG.java:1134)
at org.testng.TestNG.runSuites(TestNG.java:1063)
at org.testng.TestNG.run(TestNG.java:1031)
at org.testng.remote.AbstractRemoteTestNG.run(AbstractRemoteTestNG.java:115)
at org.testng.remote.RemoteTestNG.initAndRun(RemoteTestNG.java:251)
at org.testng.remote.RemoteTestNG.main(RemoteTestNG.java:77)
]]>
    </failure>
  </testcase> <!-- Testcase_RowCount_validation -->
  <system-out>
    <![CDATA[Executing Snowflake query :: SELECT count(*) as TOTAL FROM DEV_ENT_RAW.ST_CASTEEL_MATILLION.ESTIMATE
Table Count in Snowflake:: 447198
Executing Snowflake query :: select count(*) as TOTAL from CURATED_DATAMART.ST_BKP_CASTEEL.STR_ESTIMATE Where ACTIVE_FLAG='Y'
Table Count in Snowflake:: 446600
Executing Snowflake query :: select count(*) as TOTAL from DEV_ENT_CURATED.MASTER_DIMENSIONS.DIM_ESTIMATE where tenant_type='CASTEEL' and RECORD_UPDATED_BY='Backup Table'
Table Count in Snowflake:: 444933
Row Count of Table ESTIMATE is not matched for RAW :: 447198 DataMart :: 446600 CURATED :: 444933]]>
  </system-out>
  <testcase classname="testcases.RAW_DATAMART_CURATED.SnowFlake_RowCount_Master" name="Testcase_RowCount_validation" time="2.741">
    <failure message="The following asserts failed:
	null" type="java.lang.AssertionError">
      <![CDATA[java.lang.AssertionError: The following asserts failed:
null
at org.testng.asserts.SoftAssert.assertAll(SoftAssert.java:47)
at org.testng.asserts.SoftAssert.assertAll(SoftAssert.java:31)
at testcases.RAW_DATAMART_CURATED.SnowFlake_RowCount_Master.validate_RowCount_BKP(SnowFlake_RowCount_Master.java:56)
at testcases.RAW_DATAMART_CURATED.SnowFlake_RowCount_Master.Testcase_RowCount_validation(SnowFlake_RowCount_Master.java:25)
at jdk.internal.reflect.GeneratedMethodAccessor13.invoke(Unknown Source)
at java.base/jdk.internal.reflect.DelegatingMethodAccessorImpl.invoke(DelegatingMethodAccessorImpl.java:43)
at java.base/java.lang.reflect.Method.invoke(Method.java:568)
at org.testng.internal.MethodInvocationHelper.invokeMethod(MethodInvocationHelper.java:133)
at org.testng.internal.TestInvoker.invokeMethod(TestInvoker.java:598)
at org.testng.internal.TestInvoker.invokeTestMethod(TestInvoker.java:173)
at org.testng.internal.MethodRunner.runInSequence(MethodRunner.java:46)
at org.testng.internal.TestInvoker$MethodInvocationAgent.invoke(TestInvoker.java:824)
at org.testng.internal.TestInvoker.invokeTestMethods(TestInvoker.java:146)
at org.testng.internal.TestMethodWorker.invokeTestMethods(TestMethodWorker.java:146)
at org.testng.internal.TestMethodWorker.run(TestMethodWorker.java:128)
at java.base/java.util.ArrayList.forEach(ArrayList.java:1511)
at org.testng.TestRunner.privateRun(TestRunner.java:794)
at org.testng.TestRunner.run(TestRunner.java:596)
at org.testng.SuiteRunner.runTest(SuiteRunner.java:377)
at org.testng.SuiteRunner.runSequentially(SuiteRunner.java:371)
at org.testng.SuiteRunner.privateRun(SuiteRunner.java:332)
at org.testng.SuiteRunner.run(SuiteRunner.java:276)
at org.testng.SuiteRunnerWorker.runSuite(SuiteRunnerWorker.java:53)
at org.testng.SuiteRunnerWorker.run(SuiteRunnerWorker.java:96)
at org.testng.TestNG.runSuitesSequentially(TestNG.java:1212)
at org.testng.TestNG.runSuitesLocally(TestNG.java:1134)
at org.testng.TestNG.runSuites(TestNG.java:1063)
at org.testng.TestNG.run(TestNG.java:1031)
at org.testng.remote.AbstractRemoteTestNG.run(AbstractRemoteTestNG.java:115)
at org.testng.remote.RemoteTestNG.initAndRun(RemoteTestNG.java:251)
at org.testng.remote.RemoteTestNG.main(RemoteTestNG.java:77)
]]>
    </failure>
  </testcase> <!-- Testcase_RowCount_validation -->
  <system-out>
    <![CDATA[Executing Snowflake query :: SELECT count(*) as TOTAL FROM DEV_ENT_RAW.ST_HDAIR_MATILLION.BUSINESSUNIT
Snowflake - SQLException at readDB() method :: SQL compilation error:
Object 'DEV_ENT_RAW.ST_HDAIR_MATILLION.BUSINESSUNIT' does not exist or not authorized.
Executing Snowflake query :: select count(*) as TOTAL from CURATED_DATAMART.ST_BKP_HDAIR.STR_BUSINESSUNIT Where ACTIVE_FLAG='Y'
Table Count in Snowflake:: 93
Executing Snowflake query :: select count(*) as TOTAL from DEV_ENT_CURATED.MASTER_DIMENSIONS.DIM_BUSINESSUNIT where tenant_type='HDAIR' and RECORD_UPDATED_BY='Backup Table'
Table Count in Snowflake:: 112
Row Count of Table BUSINESSUNIT is matched for RAW :: 0 DataMart :: 93 CURATED :: 112]]>
  </system-out>
  <testcase classname="testcases.RAW_DATAMART_CURATED.SnowFlake_RowCount_Master" name="Testcase_RowCount_validation" time="2.664">
    <failure message="The following asserts failed:
	null,
	null" type="java.lang.AssertionError">
      <![CDATA[java.lang.AssertionError: The following asserts failed:
null,
null
at org.testng.asserts.SoftAssert.assertAll(SoftAssert.java:47)
at org.testng.asserts.SoftAssert.assertAll(SoftAssert.java:31)
at testcases.RAW_DATAMART_CURATED.SnowFlake_RowCount_Master.validate_RowCount_API(SnowFlake_RowCount_Master.java:115)
at testcases.RAW_DATAMART_CURATED.SnowFlake_RowCount_Master.Testcase_RowCount_validation(SnowFlake_RowCount_Master.java:28)
at jdk.internal.reflect.GeneratedMethodAccessor13.invoke(Unknown Source)
at java.base/jdk.internal.reflect.DelegatingMethodAccessorImpl.invoke(DelegatingMethodAccessorImpl.java:43)
at java.base/java.lang.reflect.Method.invoke(Method.java:568)
at org.testng.internal.MethodInvocationHelper.invokeMethod(MethodInvocationHelper.java:133)
at org.testng.internal.TestInvoker.invokeMethod(TestInvoker.java:598)
at org.testng.internal.TestInvoker.invokeTestMethod(TestInvoker.java:173)
at org.testng.internal.MethodRunner.runInSequence(MethodRunner.java:46)
at org.testng.internal.TestInvoker$MethodInvocationAgent.invoke(TestInvoker.java:824)
at org.testng.internal.TestInvoker.invokeTestMethods(TestInvoker.java:146)
at org.testng.internal.TestMethodWorker.invokeTestMethods(TestMethodWorker.java:146)
at org.testng.internal.TestMethodWorker.run(TestMethodWorker.java:128)
at java.base/java.util.ArrayList.forEach(ArrayList.java:1511)
at org.testng.TestRunner.privateRun(TestRunner.java:794)
at org.testng.TestRunner.run(TestRunner.java:596)
at org.testng.SuiteRunner.runTest(SuiteRunner.java:377)
at org.testng.SuiteRunner.runSequentially(SuiteRunner.java:371)
at org.testng.SuiteRunner.privateRun(SuiteRunner.java:332)
at org.testng.SuiteRunner.run(SuiteRunner.java:276)
at org.testng.SuiteRunnerWorker.runSuite(SuiteRunnerWorker.java:53)
at org.testng.SuiteRunnerWorker.run(SuiteRunnerWorker.java:96)
at org.testng.TestNG.runSuitesSequentially(TestNG.java:1212)
at org.testng.TestNG.runSuitesLocally(TestNG.java:1134)
at org.testng.TestNG.runSuites(TestNG.java:1063)
at org.testng.TestNG.run(TestNG.java:1031)
at org.testng.remote.AbstractRemoteTestNG.run(AbstractRemoteTestNG.java:115)
at org.testng.remote.RemoteTestNG.initAndRun(RemoteTestNG.java:251)
at org.testng.remote.RemoteTestNG.main(RemoteTestNG.java:77)
]]>
    </failure>
  </testcase> <!-- Testcase_RowCount_validation -->
  <system-out>
    <![CDATA[Executing Snowflake query :: SELECT count(*) as TOTAL FROM DEV_ENT_RAW.API_MAT.ST_API_CATEGORY WHERE TENANT_NAME='BILLFENWICK'
Table Count in Snowflake:: 158
Executing Snowflake query :: select count(*) as TOTAL from CURATED_DATAMART.ST_API_BILLFENWICK.STR_API_CATEGORY WHERE ACTIVE_FLAG='Y'
Table Count in Snowflake:: 157
Executing Snowflake query :: select count(*) as TOTAL from DEV_ENT_CURATED.MASTER_DIMENSIONS.DIM_CATEGORY WHERE TENANT_TYPE='BILLFENWICK' and RECORD_UPDATED_BY='API ETL'
Table Count in Snowflake:: 0
Row Count of Table CATEGORY is not matched for APIMAT :: 158 DataMart :: 157
Executing Snowflake query :: select count(*) as TOTAL from DEV_ENT_CURATED.MASTER_DIMENSIONS.DIM_CATEGORY WHERE TENANT_TYPE='BILLFENWICK' and RECORD_UPDATED_BY='Backup Table' AND ID in (select ID from CURATED_DATAMART.ST_API_BILLFENWICK.STR_API_CATEGORY WHERE ACTIVE_FLAG='Y')
Table Count in Snowflake:: 149
Row Count of Table CATEGORY is not matched for DataMart :: 157 CURATED :: 149]]>
  </system-out>
  <testcase classname="testcases.RAW_DATAMART_CURATED.SnowFlake_RowCount_Master" name="Testcase_RowCount_validation" time="2.032">
    <failure message="The following asserts failed:
	null" type="java.lang.AssertionError">
      <![CDATA[java.lang.AssertionError: The following asserts failed:
null
at org.testng.asserts.SoftAssert.assertAll(SoftAssert.java:47)
at org.testng.asserts.SoftAssert.assertAll(SoftAssert.java:31)
at testcases.RAW_DATAMART_CURATED.SnowFlake_RowCount_Master.validate_RowCount_BKP(SnowFlake_RowCount_Master.java:56)
at testcases.RAW_DATAMART_CURATED.SnowFlake_RowCount_Master.Testcase_RowCount_validation(SnowFlake_RowCount_Master.java:25)
at jdk.internal.reflect.GeneratedMethodAccessor13.invoke(Unknown Source)
at java.base/jdk.internal.reflect.DelegatingMethodAccessorImpl.invoke(DelegatingMethodAccessorImpl.java:43)
at java.base/java.lang.reflect.Method.invoke(Method.java:568)
at org.testng.internal.MethodInvocationHelper.invokeMethod(MethodInvocationHelper.java:133)
at org.testng.internal.TestInvoker.invokeMethod(TestInvoker.java:598)
at org.testng.internal.TestInvoker.invokeTestMethod(TestInvoker.java:173)
at org.testng.internal.MethodRunner.runInSequence(MethodRunner.java:46)
at org.testng.internal.TestInvoker$MethodInvocationAgent.invoke(TestInvoker.java:824)
at org.testng.internal.TestInvoker.invokeTestMethods(TestInvoker.java:146)
at org.testng.internal.TestMethodWorker.invokeTestMethods(TestMethodWorker.java:146)
at org.testng.internal.TestMethodWorker.run(TestMethodWorker.java:128)
at java.base/java.util.ArrayList.forEach(ArrayList.java:1511)
at org.testng.TestRunner.privateRun(TestRunner.java:794)
at org.testng.TestRunner.run(TestRunner.java:596)
at org.testng.SuiteRunner.runTest(SuiteRunner.java:377)
at org.testng.SuiteRunner.runSequentially(SuiteRunner.java:371)
at org.testng.SuiteRunner.privateRun(SuiteRunner.java:332)
at org.testng.SuiteRunner.run(SuiteRunner.java:276)
at org.testng.SuiteRunnerWorker.runSuite(SuiteRunnerWorker.java:53)
at org.testng.SuiteRunnerWorker.run(SuiteRunnerWorker.java:96)
at org.testng.TestNG.runSuitesSequentially(TestNG.java:1212)
at org.testng.TestNG.runSuitesLocally(TestNG.java:1134)
at org.testng.TestNG.runSuites(TestNG.java:1063)
at org.testng.TestNG.run(TestNG.java:1031)
at org.testng.remote.AbstractRemoteTestNG.run(AbstractRemoteTestNG.java:115)
at org.testng.remote.RemoteTestNG.initAndRun(RemoteTestNG.java:251)
at org.testng.remote.RemoteTestNG.main(RemoteTestNG.java:77)
]]>
    </failure>
  </testcase> <!-- Testcase_RowCount_validation -->
  <system-out>
    <![CDATA[Executing Snowflake query :: SELECT count(*) as TOTAL FROM DEV_ENT_RAW.ST_GOLDMEDAL_MATILLION.PAYMENT
Table Count in Snowflake:: 810506
Executing Snowflake query :: select count(*) as TOTAL from CURATED_DATAMART.ST_BKP_GOLDMEDAL.STR_PAYMENT Where ACTIVE_FLAG='Y'
Table Count in Snowflake:: 810211
Executing Snowflake query :: select count(*) as TOTAL from DEV_ENT_CURATED.MASTER_DIMENSIONS.DIM_PAYMENT where tenant_type='GOLDMEDAL' and RECORD_UPDATED_BY='Backup Table'
Table Count in Snowflake:: 809748
Row Count of Table PAYMENT is not matched for RAW :: 810506 DataMart :: 810211 CURATED :: 809748]]>
  </system-out>
  <testcase classname="testcases.RAW_DATAMART_CURATED.SnowFlake_RowCount_Master" name="Testcase_RowCount_validation" time="1.688">
    <failure message="The following asserts failed:
	null" type="java.lang.AssertionError">
      <![CDATA[java.lang.AssertionError: The following asserts failed:
null
at org.testng.asserts.SoftAssert.assertAll(SoftAssert.java:47)
at org.testng.asserts.SoftAssert.assertAll(SoftAssert.java:31)
at testcases.RAW_DATAMART_CURATED.SnowFlake_RowCount_Master.validate_RowCount_BKP(SnowFlake_RowCount_Master.java:56)
at testcases.RAW_DATAMART_CURATED.SnowFlake_RowCount_Master.Testcase_RowCount_validation(SnowFlake_RowCount_Master.java:25)
at jdk.internal.reflect.GeneratedMethodAccessor13.invoke(Unknown Source)
at java.base/jdk.internal.reflect.DelegatingMethodAccessorImpl.invoke(DelegatingMethodAccessorImpl.java:43)
at java.base/java.lang.reflect.Method.invoke(Method.java:568)
at org.testng.internal.MethodInvocationHelper.invokeMethod(MethodInvocationHelper.java:133)
at org.testng.internal.TestInvoker.invokeMethod(TestInvoker.java:598)
at org.testng.internal.TestInvoker.invokeTestMethod(TestInvoker.java:173)
at org.testng.internal.MethodRunner.runInSequence(MethodRunner.java:46)
at org.testng.internal.TestInvoker$MethodInvocationAgent.invoke(TestInvoker.java:824)
at org.testng.internal.TestInvoker.invokeTestMethods(TestInvoker.java:146)
at org.testng.internal.TestMethodWorker.invokeTestMethods(TestMethodWorker.java:146)
at org.testng.internal.TestMethodWorker.run(TestMethodWorker.java:128)
at java.base/java.util.ArrayList.forEach(ArrayList.java:1511)
at org.testng.TestRunner.privateRun(TestRunner.java:794)
at org.testng.TestRunner.run(TestRunner.java:596)
at org.testng.SuiteRunner.runTest(SuiteRunner.java:377)
at org.testng.SuiteRunner.runSequentially(SuiteRunner.java:371)
at org.testng.SuiteRunner.privateRun(SuiteRunner.java:332)
at org.testng.SuiteRunner.run(SuiteRunner.java:276)
at org.testng.SuiteRunnerWorker.runSuite(SuiteRunnerWorker.java:53)
at org.testng.SuiteRunnerWorker.run(SuiteRunnerWorker.java:96)
at org.testng.TestNG.runSuitesSequentially(TestNG.java:1212)
at org.testng.TestNG.runSuitesLocally(TestNG.java:1134)
at org.testng.TestNG.runSuites(TestNG.java:1063)
at org.testng.TestNG.run(TestNG.java:1031)
at org.testng.remote.AbstractRemoteTestNG.run(AbstractRemoteTestNG.java:115)
at org.testng.remote.RemoteTestNG.initAndRun(RemoteTestNG.java:251)
at org.testng.remote.RemoteTestNG.main(RemoteTestNG.java:77)
]]>
    </failure>
  </testcase> <!-- Testcase_RowCount_validation -->
  <system-out>
    <![CDATA[Executing Snowflake query :: SELECT count(*) as TOTAL FROM DEV_ENT_RAW.ST_HORIZONSERVICES_MATILLION.EMPLOYEE
Table Count in Snowflake:: 3940
Executing Snowflake query :: select count(*) as TOTAL from CURATED_DATAMART.ST_BKP_HORIZONSERVICES.STR_EMPLOYEE Where ACTIVE_FLAG='Y'
Table Count in Snowflake:: 3944
Executing Snowflake query :: select count(*) as TOTAL from DEV_ENT_CURATED.MASTER_DIMENSIONS.DIM_EMPLOYEE where tenant_type='HORIZONSERVICES' and RECORD_UPDATED_BY='Backup Table'
Table Count in Snowflake:: 3807
Row Count of Table EMPLOYEE is not matched for RAW :: 3940 DataMart :: 3944 CURATED :: 3807]]>
  </system-out>
  <testcase classname="testcases.RAW_DATAMART_CURATED.SnowFlake_RowCount_Master" name="Testcase_RowCount_validation" time="1.635">
    <failure message="The following asserts failed:
	null" type="java.lang.AssertionError">
      <![CDATA[java.lang.AssertionError: The following asserts failed:
null
at org.testng.asserts.SoftAssert.assertAll(SoftAssert.java:47)
at org.testng.asserts.SoftAssert.assertAll(SoftAssert.java:31)
at testcases.RAW_DATAMART_CURATED.SnowFlake_RowCount_Master.validate_RowCount_BKP(SnowFlake_RowCount_Master.java:56)
at testcases.RAW_DATAMART_CURATED.SnowFlake_RowCount_Master.Testcase_RowCount_validation(SnowFlake_RowCount_Master.java:25)
at jdk.internal.reflect.GeneratedMethodAccessor13.invoke(Unknown Source)
at java.base/jdk.internal.reflect.DelegatingMethodAccessorImpl.invoke(DelegatingMethodAccessorImpl.java:43)
at java.base/java.lang.reflect.Method.invoke(Method.java:568)
at org.testng.internal.MethodInvocationHelper.invokeMethod(MethodInvocationHelper.java:133)
at org.testng.internal.TestInvoker.invokeMethod(TestInvoker.java:598)
at org.testng.internal.TestInvoker.invokeTestMethod(TestInvoker.java:173)
at org.testng.internal.MethodRunner.runInSequence(MethodRunner.java:46)
at org.testng.internal.TestInvoker$MethodInvocationAgent.invoke(TestInvoker.java:824)
at org.testng.internal.TestInvoker.invokeTestMethods(TestInvoker.java:146)
at org.testng.internal.TestMethodWorker.invokeTestMethods(TestMethodWorker.java:146)
at org.testng.internal.TestMethodWorker.run(TestMethodWorker.java:128)
at java.base/java.util.ArrayList.forEach(ArrayList.java:1511)
at org.testng.TestRunner.privateRun(TestRunner.java:794)
at org.testng.TestRunner.run(TestRunner.java:596)
at org.testng.SuiteRunner.runTest(SuiteRunner.java:377)
at org.testng.SuiteRunner.runSequentially(SuiteRunner.java:371)
at org.testng.SuiteRunner.privateRun(SuiteRunner.java:332)
at org.testng.SuiteRunner.run(SuiteRunner.java:276)
at org.testng.SuiteRunnerWorker.runSuite(SuiteRunnerWorker.java:53)
at org.testng.SuiteRunnerWorker.run(SuiteRunnerWorker.java:96)
at org.testng.TestNG.runSuitesSequentially(TestNG.java:1212)
at org.testng.TestNG.runSuitesLocally(TestNG.java:1134)
at org.testng.TestNG.runSuites(TestNG.java:1063)
at org.testng.TestNG.run(TestNG.java:1031)
at org.testng.remote.AbstractRemoteTestNG.run(AbstractRemoteTestNG.java:115)
at org.testng.remote.RemoteTestNG.initAndRun(RemoteTestNG.java:251)
at org.testng.remote.RemoteTestNG.main(RemoteTestNG.java:77)
]]>
    </failure>
  </testcase> <!-- Testcase_RowCount_validation -->
  <system-out>
    <![CDATA[Executing Snowflake query :: SELECT count(*) as TOTAL FROM DEV_ENT_RAW.ST_EANESHEATING_MATILLION.CANCELJOBREASON
Snowflake - SQLException at readDB() method :: SQL compilation error:
Object 'DEV_ENT_RAW.ST_EANESHEATING_MATILLION.CANCELJOBREASON' does not exist or not authorized.
Executing Snowflake query :: select count(*) as TOTAL from CURATED_DATAMART.ST_BKP_EANESHEATING.STR_CANCELJOBREASON Where ACTIVE_FLAG='Y'
Table Count in Snowflake:: 28
Executing Snowflake query :: select count(*) as TOTAL from DEV_ENT_CURATED.MASTER_DIMENSIONS.DIM_CANCELJOBREASON where tenant_type='EANESHEATING' and RECORD_UPDATED_BY='Backup Table'
Table Count in Snowflake:: 28
Row Count of Table CANCELJOBREASON is matched for RAW :: 0 DataMart :: 28 CURATED :: 28]]>
  </system-out>
  <testcase classname="testcases.RAW_DATAMART_CURATED.SnowFlake_RowCount_Master" name="Testcase_RowCount_validation" time="1.944">
    <failure message="The following asserts failed:
	null" type="java.lang.AssertionError">
      <![CDATA[java.lang.AssertionError: The following asserts failed:
null
at org.testng.asserts.SoftAssert.assertAll(SoftAssert.java:47)
at org.testng.asserts.SoftAssert.assertAll(SoftAssert.java:31)
at testcases.RAW_DATAMART_CURATED.SnowFlake_RowCount_Master.validate_RowCount_BKP(SnowFlake_RowCount_Master.java:56)
at testcases.RAW_DATAMART_CURATED.SnowFlake_RowCount_Master.Testcase_RowCount_validation(SnowFlake_RowCount_Master.java:25)
at jdk.internal.reflect.GeneratedMethodAccessor13.invoke(Unknown Source)
at java.base/jdk.internal.reflect.DelegatingMethodAccessorImpl.invoke(DelegatingMethodAccessorImpl.java:43)
at java.base/java.lang.reflect.Method.invoke(Method.java:568)
at org.testng.internal.MethodInvocationHelper.invokeMethod(MethodInvocationHelper.java:133)
at org.testng.internal.TestInvoker.invokeMethod(TestInvoker.java:598)
at org.testng.internal.TestInvoker.invokeTestMethod(TestInvoker.java:173)
at org.testng.internal.MethodRunner.runInSequence(MethodRunner.java:46)
at org.testng.internal.TestInvoker$MethodInvocationAgent.invoke(TestInvoker.java:824)
at org.testng.internal.TestInvoker.invokeTestMethods(TestInvoker.java:146)
at org.testng.internal.TestMethodWorker.invokeTestMethods(TestMethodWorker.java:146)
at org.testng.internal.TestMethodWorker.run(TestMethodWorker.java:128)
at java.base/java.util.ArrayList.forEach(ArrayList.java:1511)
at org.testng.TestRunner.privateRun(TestRunner.java:794)
at org.testng.TestRunner.run(TestRunner.java:596)
at org.testng.SuiteRunner.runTest(SuiteRunner.java:377)
at org.testng.SuiteRunner.runSequentially(SuiteRunner.java:371)
at org.testng.SuiteRunner.privateRun(SuiteRunner.java:332)
at org.testng.SuiteRunner.run(SuiteRunner.java:276)
at org.testng.SuiteRunnerWorker.runSuite(SuiteRunnerWorker.java:53)
at org.testng.SuiteRunnerWorker.run(SuiteRunnerWorker.java:96)
at org.testng.TestNG.runSuitesSequentially(TestNG.java:1212)
at org.testng.TestNG.runSuitesLocally(TestNG.java:1134)
at org.testng.TestNG.runSuites(TestNG.java:1063)
at org.testng.TestNG.run(TestNG.java:1031)
at org.testng.remote.AbstractRemoteTestNG.run(AbstractRemoteTestNG.java:115)
at org.testng.remote.RemoteTestNG.initAndRun(RemoteTestNG.java:251)
at org.testng.remote.RemoteTestNG.main(RemoteTestNG.java:77)
]]>
    </failure>
  </testcase> <!-- Testcase_RowCount_validation -->
  <system-out>
    <![CDATA[Executing Snowflake query :: SELECT count(*) as TOTAL FROM DEV_ENT_RAW.ST_HORIZONSERVICES_MATILLION.CALLREASON
Table Count in Snowflake:: 151
Executing Snowflake query :: select count(*) as TOTAL from CURATED_DATAMART.ST_BKP_HORIZONSERVICES.STR_CALLREASON Where ACTIVE_FLAG='Y'
Table Count in Snowflake:: 151
Executing Snowflake query :: select count(*) as TOTAL from DEV_ENT_CURATED.MASTER_DIMENSIONS.DIM_CALLREASON where tenant_type='HORIZONSERVICES' and RECORD_UPDATED_BY='Backup Table'
Table Count in Snowflake:: 130
Row Count of Table CALLREASON is not matched for RAW :: 151 DataMart :: 151 CURATED :: 130]]>
  </system-out>
  <testcase classname="testcases.RAW_DATAMART_CURATED.SnowFlake_RowCount_Master" name="Testcase_RowCount_validation" time="1.754">
    <failure message="The following asserts failed:
	null" type="java.lang.AssertionError">
      <![CDATA[java.lang.AssertionError: The following asserts failed:
null
at org.testng.asserts.SoftAssert.assertAll(SoftAssert.java:47)
at org.testng.asserts.SoftAssert.assertAll(SoftAssert.java:31)
at testcases.RAW_DATAMART_CURATED.SnowFlake_RowCount_Master.validate_RowCount_BKP(SnowFlake_RowCount_Master.java:56)
at testcases.RAW_DATAMART_CURATED.SnowFlake_RowCount_Master.Testcase_RowCount_validation(SnowFlake_RowCount_Master.java:25)
at jdk.internal.reflect.GeneratedMethodAccessor13.invoke(Unknown Source)
at java.base/jdk.internal.reflect.DelegatingMethodAccessorImpl.invoke(DelegatingMethodAccessorImpl.java:43)
at java.base/java.lang.reflect.Method.invoke(Method.java:568)
at org.testng.internal.MethodInvocationHelper.invokeMethod(MethodInvocationHelper.java:133)
at org.testng.internal.TestInvoker.invokeMethod(TestInvoker.java:598)
at org.testng.internal.TestInvoker.invokeTestMethod(TestInvoker.java:173)
at org.testng.internal.MethodRunner.runInSequence(MethodRunner.java:46)
at org.testng.internal.TestInvoker$MethodInvocationAgent.invoke(TestInvoker.java:824)
at org.testng.internal.TestInvoker.invokeTestMethods(TestInvoker.java:146)
at org.testng.internal.TestMethodWorker.invokeTestMethods(TestMethodWorker.java:146)
at org.testng.internal.TestMethodWorker.run(TestMethodWorker.java:128)
at java.base/java.util.ArrayList.forEach(ArrayList.java:1511)
at org.testng.TestRunner.privateRun(TestRunner.java:794)
at org.testng.TestRunner.run(TestRunner.java:596)
at org.testng.SuiteRunner.runTest(SuiteRunner.java:377)
at org.testng.SuiteRunner.runSequentially(SuiteRunner.java:371)
at org.testng.SuiteRunner.privateRun(SuiteRunner.java:332)
at org.testng.SuiteRunner.run(SuiteRunner.java:276)
at org.testng.SuiteRunnerWorker.runSuite(SuiteRunnerWorker.java:53)
at org.testng.SuiteRunnerWorker.run(SuiteRunnerWorker.java:96)
at org.testng.TestNG.runSuitesSequentially(TestNG.java:1212)
at org.testng.TestNG.runSuitesLocally(TestNG.java:1134)
at org.testng.TestNG.runSuites(TestNG.java:1063)
at org.testng.TestNG.run(TestNG.java:1031)
at org.testng.remote.AbstractRemoteTestNG.run(AbstractRemoteTestNG.java:115)
at org.testng.remote.RemoteTestNG.initAndRun(RemoteTestNG.java:251)
at org.testng.remote.RemoteTestNG.main(RemoteTestNG.java:77)
]]>
    </failure>
  </testcase> <!-- Testcase_RowCount_validation -->
  <system-out>
    <![CDATA[Executing Snowflake query :: SELECT count(*) as TOTAL FROM DEV_ENT_RAW.ST_HORIZONSERVICES_MATILLION.PURCHASEORDER
Table Count in Snowflake:: 86754
Executing Snowflake query :: select count(*) as TOTAL from CURATED_DATAMART.ST_BKP_HORIZONSERVICES.STR_PURCHASEORDER Where ACTIVE_FLAG='Y'
Table Count in Snowflake:: 86278
Executing Snowflake query :: select count(*) as TOTAL from DEV_ENT_CURATED.MASTER_DIMENSIONS.DIM_PURCHASEORDER where tenant_type='HORIZONSERVICES' and RECORD_UPDATED_BY='Backup Table'
Table Count in Snowflake:: 85423
Row Count of Table PURCHASEORDER is not matched for RAW :: 86754 DataMart :: 86278 CURATED :: 85423]]>
  </system-out>
  <testcase classname="testcases.RAW_DATAMART_CURATED.SnowFlake_RowCount_Master" name="Testcase_RowCount_validation" time="2.723">
    <failure message="The following asserts failed:
	null" type="java.lang.AssertionError">
      <![CDATA[java.lang.AssertionError: The following asserts failed:
null
at org.testng.asserts.SoftAssert.assertAll(SoftAssert.java:47)
at org.testng.asserts.SoftAssert.assertAll(SoftAssert.java:31)
at testcases.RAW_DATAMART_CURATED.SnowFlake_RowCount_Master.validate_RowCount_BKP(SnowFlake_RowCount_Master.java:56)
at testcases.RAW_DATAMART_CURATED.SnowFlake_RowCount_Master.Testcase_RowCount_validation(SnowFlake_RowCount_Master.java:25)
at jdk.internal.reflect.GeneratedMethodAccessor13.invoke(Unknown Source)
at java.base/jdk.internal.reflect.DelegatingMethodAccessorImpl.invoke(DelegatingMethodAccessorImpl.java:43)
at java.base/java.lang.reflect.Method.invoke(Method.java:568)
at org.testng.internal.MethodInvocationHelper.invokeMethod(MethodInvocationHelper.java:133)
at org.testng.internal.TestInvoker.invokeMethod(TestInvoker.java:598)
at org.testng.internal.TestInvoker.invokeTestMethod(TestInvoker.java:173)
at org.testng.internal.MethodRunner.runInSequence(MethodRunner.java:46)
at org.testng.internal.TestInvoker$MethodInvocationAgent.invoke(TestInvoker.java:824)
at org.testng.internal.TestInvoker.invokeTestMethods(TestInvoker.java:146)
at org.testng.internal.TestMethodWorker.invokeTestMethods(TestMethodWorker.java:146)
at org.testng.internal.TestMethodWorker.run(TestMethodWorker.java:128)
at java.base/java.util.ArrayList.forEach(ArrayList.java:1511)
at org.testng.TestRunner.privateRun(TestRunner.java:794)
at org.testng.TestRunner.run(TestRunner.java:596)
at org.testng.SuiteRunner.runTest(SuiteRunner.java:377)
at org.testng.SuiteRunner.runSequentially(SuiteRunner.java:371)
at org.testng.SuiteRunner.privateRun(SuiteRunner.java:332)
at org.testng.SuiteRunner.run(SuiteRunner.java:276)
at org.testng.SuiteRunnerWorker.runSuite(SuiteRunnerWorker.java:53)
at org.testng.SuiteRunnerWorker.run(SuiteRunnerWorker.java:96)
at org.testng.TestNG.runSuitesSequentially(TestNG.java:1212)
at org.testng.TestNG.runSuitesLocally(TestNG.java:1134)
at org.testng.TestNG.runSuites(TestNG.java:1063)
at org.testng.TestNG.run(TestNG.java:1031)
at org.testng.remote.AbstractRemoteTestNG.run(AbstractRemoteTestNG.java:115)
at org.testng.remote.RemoteTestNG.initAndRun(RemoteTestNG.java:251)
at org.testng.remote.RemoteTestNG.main(RemoteTestNG.java:77)
]]>
    </failure>
  </testcase> <!-- Testcase_RowCount_validation -->
  <system-out>
    <![CDATA[Executing Snowflake query :: SELECT count(*) as TOTAL FROM DEV_ENT_RAW.ST_BILLFENWICK_MATILLION.PURCHASEORDERITEM
Table Count in Snowflake:: 42406
Executing Snowflake query :: select count(*) as TOTAL from CURATED_DATAMART.ST_BKP_BILLFENWICK.STR_PURCHASEORDERITEM Where ACTIVE_FLAG='Y'
Table Count in Snowflake:: 42256
Executing Snowflake query :: select count(*) as TOTAL from DEV_ENT_CURATED.MASTER_DIMENSIONS.DIM_PURCHASEORDERITEM where tenant_type='BILLFENWICK' and RECORD_UPDATED_BY='Backup Table'
Table Count in Snowflake:: 36222
Row Count of Table PURCHASEORDERITEM is not matched for RAW :: 42406 DataMart :: 42256 CURATED :: 36222]]>
  </system-out>
  <testcase classname="testcases.RAW_DATAMART_CURATED.SnowFlake_RowCount_Master" name="Testcase_RowCount_validation" time="1.885">
    <failure message="The following asserts failed:
	null,
	null" type="java.lang.AssertionError">
      <![CDATA[java.lang.AssertionError: The following asserts failed:
null,
null
at org.testng.asserts.SoftAssert.assertAll(SoftAssert.java:47)
at org.testng.asserts.SoftAssert.assertAll(SoftAssert.java:31)
at testcases.RAW_DATAMART_CURATED.SnowFlake_RowCount_Master.validate_RowCount_BKP(SnowFlake_RowCount_Master.java:56)
at testcases.RAW_DATAMART_CURATED.SnowFlake_RowCount_Master.Testcase_RowCount_validation(SnowFlake_RowCount_Master.java:25)
at jdk.internal.reflect.GeneratedMethodAccessor13.invoke(Unknown Source)
at java.base/jdk.internal.reflect.DelegatingMethodAccessorImpl.invoke(DelegatingMethodAccessorImpl.java:43)
at java.base/java.lang.reflect.Method.invoke(Method.java:568)
at org.testng.internal.MethodInvocationHelper.invokeMethod(MethodInvocationHelper.java:133)
at org.testng.internal.TestInvoker.invokeMethod(TestInvoker.java:598)
at org.testng.internal.TestInvoker.invokeTestMethod(TestInvoker.java:173)
at org.testng.internal.MethodRunner.runInSequence(MethodRunner.java:46)
at org.testng.internal.TestInvoker$MethodInvocationAgent.invoke(TestInvoker.java:824)
at org.testng.internal.TestInvoker.invokeTestMethods(TestInvoker.java:146)
at org.testng.internal.TestMethodWorker.invokeTestMethods(TestMethodWorker.java:146)
at org.testng.internal.TestMethodWorker.run(TestMethodWorker.java:128)
at java.base/java.util.ArrayList.forEach(ArrayList.java:1511)
at org.testng.TestRunner.privateRun(TestRunner.java:794)
at org.testng.TestRunner.run(TestRunner.java:596)
at org.testng.SuiteRunner.runTest(SuiteRunner.java:377)
at org.testng.SuiteRunner.runSequentially(SuiteRunner.java:371)
at org.testng.SuiteRunner.privateRun(SuiteRunner.java:332)
at org.testng.SuiteRunner.run(SuiteRunner.java:276)
at org.testng.SuiteRunnerWorker.runSuite(SuiteRunnerWorker.java:53)
at org.testng.SuiteRunnerWorker.run(SuiteRunnerWorker.java:96)
at org.testng.TestNG.runSuitesSequentially(TestNG.java:1212)
at org.testng.TestNG.runSuitesLocally(TestNG.java:1134)
at org.testng.TestNG.runSuites(TestNG.java:1063)
at org.testng.TestNG.run(TestNG.java:1031)
at org.testng.remote.AbstractRemoteTestNG.run(AbstractRemoteTestNG.java:115)
at org.testng.remote.RemoteTestNG.initAndRun(RemoteTestNG.java:251)
at org.testng.remote.RemoteTestNG.main(RemoteTestNG.java:77)
]]>
    </failure>
  </testcase> <!-- Testcase_RowCount_validation -->
  <system-out>
    <![CDATA[Executing Snowflake query :: SELECT count(*) as TOTAL FROM DEV_ENT_RAW.ST_EANESHEATING_MATILLION.JOBASSIGNMENT
Snowflake - SQLException at readDB() method :: SQL compilation error:
Object 'DEV_ENT_RAW.ST_EANESHEATING_MATILLION.JOBASSIGNMENT' does not exist or not authorized.
Executing Snowflake query :: select count(*) as TOTAL from CURATED_DATAMART.ST_BKP_EANESHEATING.STR_JOBASSIGNMENT Where ACTIVE_FLAG='Y'
Table Count in Snowflake:: 1549063
Executing Snowflake query :: select count(*) as TOTAL from DEV_ENT_CURATED.MASTER_DIMENSIONS.DIM_JOBASSIGNMENT where tenant_type='EANESHEATING' and RECORD_UPDATED_BY='Backup Table'
Table Count in Snowflake:: 508485
Row Count of Table JOBASSIGNMENT is not matched for RAW :: 0 DataMart :: 1549063 CURATED :: 508485]]>
  </system-out>
  <testcase classname="testcases.RAW_DATAMART_CURATED.SnowFlake_RowCount_Master" name="Testcase_RowCount_validation" time="2.659">
    <failure message="The following asserts failed:
	null" type="java.lang.AssertionError">
      <![CDATA[java.lang.AssertionError: The following asserts failed:
null
at org.testng.asserts.SoftAssert.assertAll(SoftAssert.java:47)
at org.testng.asserts.SoftAssert.assertAll(SoftAssert.java:31)
at testcases.RAW_DATAMART_CURATED.SnowFlake_RowCount_Master.validate_RowCount_BKP(SnowFlake_RowCount_Master.java:56)
at testcases.RAW_DATAMART_CURATED.SnowFlake_RowCount_Master.Testcase_RowCount_validation(SnowFlake_RowCount_Master.java:25)
at jdk.internal.reflect.GeneratedMethodAccessor13.invoke(Unknown Source)
at java.base/jdk.internal.reflect.DelegatingMethodAccessorImpl.invoke(DelegatingMethodAccessorImpl.java:43)
at java.base/java.lang.reflect.Method.invoke(Method.java:568)
at org.testng.internal.MethodInvocationHelper.invokeMethod(MethodInvocationHelper.java:133)
at org.testng.internal.TestInvoker.invokeMethod(TestInvoker.java:598)
at org.testng.internal.TestInvoker.invokeTestMethod(TestInvoker.java:173)
at org.testng.internal.MethodRunner.runInSequence(MethodRunner.java:46)
at org.testng.internal.TestInvoker$MethodInvocationAgent.invoke(TestInvoker.java:824)
at org.testng.internal.TestInvoker.invokeTestMethods(TestInvoker.java:146)
at org.testng.internal.TestMethodWorker.invokeTestMethods(TestMethodWorker.java:146)
at org.testng.internal.TestMethodWorker.run(TestMethodWorker.java:128)
at java.base/java.util.ArrayList.forEach(ArrayList.java:1511)
at org.testng.TestRunner.privateRun(TestRunner.java:794)
at org.testng.TestRunner.run(TestRunner.java:596)
at org.testng.SuiteRunner.runTest(SuiteRunner.java:377)
at org.testng.SuiteRunner.runSequentially(SuiteRunner.java:371)
at org.testng.SuiteRunner.privateRun(SuiteRunner.java:332)
at org.testng.SuiteRunner.run(SuiteRunner.java:276)
at org.testng.SuiteRunnerWorker.runSuite(SuiteRunnerWorker.java:53)
at org.testng.SuiteRunnerWorker.run(SuiteRunnerWorker.java:96)
at org.testng.TestNG.runSuitesSequentially(TestNG.java:1212)
at org.testng.TestNG.runSuitesLocally(TestNG.java:1134)
at org.testng.TestNG.runSuites(TestNG.java:1063)
at org.testng.TestNG.run(TestNG.java:1031)
at org.testng.remote.AbstractRemoteTestNG.run(AbstractRemoteTestNG.java:115)
at org.testng.remote.RemoteTestNG.initAndRun(RemoteTestNG.java:251)
at org.testng.remote.RemoteTestNG.main(RemoteTestNG.java:77)
]]>
    </failure>
  </testcase> <!-- Testcase_RowCount_validation -->
  <system-out>
    <![CDATA[Executing Snowflake query :: SELECT count(*) as TOTAL FROM DEV_ENT_RAW.ST_CASTEEL_MATILLION.CUSTOMERMEMBERSHIP
Table Count in Snowflake:: 102091
Executing Snowflake query :: select count(*) as TOTAL from CURATED_DATAMART.ST_BKP_CASTEEL.STR_CUSTOMERMEMBERSHIP Where ACTIVE_FLAG='Y'
Table Count in Snowflake:: 102064
Executing Snowflake query :: select count(*) as TOTAL from DEV_ENT_CURATED.MASTER_DIMENSIONS.DIM_CUSTOMERMEMBERSHIP where tenant_type='CASTEEL' and RECORD_UPDATED_BY='Backup Table'
Table Count in Snowflake:: 102040
Row Count of Table CUSTOMERMEMBERSHIP is not matched for RAW :: 102091 DataMart :: 102064 CURATED :: 102040]]>
  </system-out>
  <testcase classname="testcases.RAW_DATAMART_CURATED.SnowFlake_RowCount_Master" name="Testcase_RowCount_validation" time="1.536">
    <failure message="The following asserts failed:
	null,
	null" type="java.lang.AssertionError">
      <![CDATA[java.lang.AssertionError: The following asserts failed:
null,
null
at org.testng.asserts.SoftAssert.assertAll(SoftAssert.java:47)
at org.testng.asserts.SoftAssert.assertAll(SoftAssert.java:31)
at testcases.RAW_DATAMART_CURATED.SnowFlake_RowCount_Master.validate_RowCount_BKP(SnowFlake_RowCount_Master.java:56)
at testcases.RAW_DATAMART_CURATED.SnowFlake_RowCount_Master.Testcase_RowCount_validation(SnowFlake_RowCount_Master.java:25)
at jdk.internal.reflect.GeneratedMethodAccessor13.invoke(Unknown Source)
at java.base/jdk.internal.reflect.DelegatingMethodAccessorImpl.invoke(DelegatingMethodAccessorImpl.java:43)
at java.base/java.lang.reflect.Method.invoke(Method.java:568)
at org.testng.internal.MethodInvocationHelper.invokeMethod(MethodInvocationHelper.java:133)
at org.testng.internal.TestInvoker.invokeMethod(TestInvoker.java:598)
at org.testng.internal.TestInvoker.invokeTestMethod(TestInvoker.java:173)
at org.testng.internal.MethodRunner.runInSequence(MethodRunner.java:46)
at org.testng.internal.TestInvoker$MethodInvocationAgent.invoke(TestInvoker.java:824)
at org.testng.internal.TestInvoker.invokeTestMethods(TestInvoker.java:146)
at org.testng.internal.TestMethodWorker.invokeTestMethods(TestMethodWorker.java:146)
at org.testng.internal.TestMethodWorker.run(TestMethodWorker.java:128)
at java.base/java.util.ArrayList.forEach(ArrayList.java:1511)
at org.testng.TestRunner.privateRun(TestRunner.java:794)
at org.testng.TestRunner.run(TestRunner.java:596)
at org.testng.SuiteRunner.runTest(SuiteRunner.java:377)
at org.testng.SuiteRunner.runSequentially(SuiteRunner.java:371)
at org.testng.SuiteRunner.privateRun(SuiteRunner.java:332)
at org.testng.SuiteRunner.run(SuiteRunner.java:276)
at org.testng.SuiteRunnerWorker.runSuite(SuiteRunnerWorker.java:53)
at org.testng.SuiteRunnerWorker.run(SuiteRunnerWorker.java:96)
at org.testng.TestNG.runSuitesSequentially(TestNG.java:1212)
at org.testng.TestNG.runSuitesLocally(TestNG.java:1134)
at org.testng.TestNG.runSuites(TestNG.java:1063)
at org.testng.TestNG.run(TestNG.java:1031)
at org.testng.remote.AbstractRemoteTestNG.run(AbstractRemoteTestNG.java:115)
at org.testng.remote.RemoteTestNG.initAndRun(RemoteTestNG.java:251)
at org.testng.remote.RemoteTestNG.main(RemoteTestNG.java:77)
]]>
    </failure>
  </testcase> <!-- Testcase_RowCount_validation -->
  <system-out>
    <![CDATA[Executing Snowflake query :: SELECT count(*) as TOTAL FROM DEV_ENT_RAW.ST_HDAIR_MATILLION.PAYMENT
Snowflake - SQLException at readDB() method :: SQL compilation error:
Object 'DEV_ENT_RAW.ST_HDAIR_MATILLION.PAYMENT' does not exist or not authorized.
Executing Snowflake query :: select count(*) as TOTAL from CURATED_DATAMART.ST_BKP_HDAIR.STR_PAYMENT Where ACTIVE_FLAG='Y'
Table Count in Snowflake:: 183320
Executing Snowflake query :: select count(*) as TOTAL from DEV_ENT_CURATED.MASTER_DIMENSIONS.DIM_PAYMENT where tenant_type='HDAIR' and RECORD_UPDATED_BY='Backup Table'
Table Count in Snowflake:: 183019
Row Count of Table PAYMENT is not matched for RAW :: 0 DataMart :: 183320 CURATED :: 183019]]>
  </system-out>
  <testcase classname="testcases.RAW_DATAMART_CURATED.SnowFlake_RowCount_Master" name="Testcase_RowCount_validation" time="2.658">
    <failure message="The following asserts failed:
	null,
	null" type="java.lang.AssertionError">
      <![CDATA[java.lang.AssertionError: The following asserts failed:
null,
null
at org.testng.asserts.SoftAssert.assertAll(SoftAssert.java:47)
at org.testng.asserts.SoftAssert.assertAll(SoftAssert.java:31)
at testcases.RAW_DATAMART_CURATED.SnowFlake_RowCount_Master.validate_RowCount_API(SnowFlake_RowCount_Master.java:115)
at testcases.RAW_DATAMART_CURATED.SnowFlake_RowCount_Master.Testcase_RowCount_validation(SnowFlake_RowCount_Master.java:28)
at jdk.internal.reflect.GeneratedMethodAccessor13.invoke(Unknown Source)
at java.base/jdk.internal.reflect.DelegatingMethodAccessorImpl.invoke(DelegatingMethodAccessorImpl.java:43)
at java.base/java.lang.reflect.Method.invoke(Method.java:568)
at org.testng.internal.MethodInvocationHelper.invokeMethod(MethodInvocationHelper.java:133)
at org.testng.internal.TestInvoker.invokeMethod(TestInvoker.java:598)
at org.testng.internal.TestInvoker.invokeTestMethod(TestInvoker.java:173)
at org.testng.internal.MethodRunner.runInSequence(MethodRunner.java:46)
at org.testng.internal.TestInvoker$MethodInvocationAgent.invoke(TestInvoker.java:824)
at org.testng.internal.TestInvoker.invokeTestMethods(TestInvoker.java:146)
at org.testng.internal.TestMethodWorker.invokeTestMethods(TestMethodWorker.java:146)
at org.testng.internal.TestMethodWorker.run(TestMethodWorker.java:128)
at java.base/java.util.ArrayList.forEach(ArrayList.java:1511)
at org.testng.TestRunner.privateRun(TestRunner.java:794)
at org.testng.TestRunner.run(TestRunner.java:596)
at org.testng.SuiteRunner.runTest(SuiteRunner.java:377)
at org.testng.SuiteRunner.runSequentially(SuiteRunner.java:371)
at org.testng.SuiteRunner.privateRun(SuiteRunner.java:332)
at org.testng.SuiteRunner.run(SuiteRunner.java:276)
at org.testng.SuiteRunnerWorker.runSuite(SuiteRunnerWorker.java:53)
at org.testng.SuiteRunnerWorker.run(SuiteRunnerWorker.java:96)
at org.testng.TestNG.runSuitesSequentially(TestNG.java:1212)
at org.testng.TestNG.runSuitesLocally(TestNG.java:1134)
at org.testng.TestNG.runSuites(TestNG.java:1063)
at org.testng.TestNG.run(TestNG.java:1031)
at org.testng.remote.AbstractRemoteTestNG.run(AbstractRemoteTestNG.java:115)
at org.testng.remote.RemoteTestNG.initAndRun(RemoteTestNG.java:251)
at org.testng.remote.RemoteTestNG.main(RemoteTestNG.java:77)
]]>
    </failure>
  </testcase> <!-- Testcase_RowCount_validation -->
  <system-out>
    <![CDATA[Executing Snowflake query :: SELECT count(*) as TOTAL FROM DEV_ENT_RAW.API_MAT.ST_API_JOB WHERE TENANT_NAME='FOURPROS'
Table Count in Snowflake:: 85369
Executing Snowflake query :: select count(*) as TOTAL from CURATED_DATAMART.ST_API_FOURPROS.STR_API_JOB WHERE ACTIVE_FLAG='Y'
Table Count in Snowflake:: 84982
Executing Snowflake query :: select count(*) as TOTAL from DEV_ENT_CURATED.MASTER_DIMENSIONS.DIM_JOB WHERE TENANT_TYPE='FOURPROS' and RECORD_UPDATED_BY='API ETL'
Table Count in Snowflake:: 0
Row Count of Table JOB is not matched for APIMAT :: 85369 DataMart :: 84982
Executing Snowflake query :: select count(*) as TOTAL from DEV_ENT_CURATED.MASTER_DIMENSIONS.DIM_JOB WHERE TENANT_TYPE='FOURPROS' and RECORD_UPDATED_BY='Backup Table' AND ID in (select ID from CURATED_DATAMART.ST_API_FOURPROS.STR_API_JOB WHERE ACTIVE_FLAG='Y')
Table Count in Snowflake:: 85097
Row Count of Table JOB is not matched for DataMart :: 84982 CURATED :: 85097]]>
  </system-out>
  <testcase classname="testcases.RAW_DATAMART_CURATED.SnowFlake_RowCount_Master" name="Testcase_RowCount_validation" time="2.081">
    <failure message="The following asserts failed:
	null,
	null" type="java.lang.AssertionError">
      <![CDATA[java.lang.AssertionError: The following asserts failed:
null,
null
at org.testng.asserts.SoftAssert.assertAll(SoftAssert.java:47)
at org.testng.asserts.SoftAssert.assertAll(SoftAssert.java:31)
at testcases.RAW_DATAMART_CURATED.SnowFlake_RowCount_Master.validate_RowCount_BKP(SnowFlake_RowCount_Master.java:56)
at testcases.RAW_DATAMART_CURATED.SnowFlake_RowCount_Master.Testcase_RowCount_validation(SnowFlake_RowCount_Master.java:25)
at jdk.internal.reflect.GeneratedMethodAccessor13.invoke(Unknown Source)
at java.base/jdk.internal.reflect.DelegatingMethodAccessorImpl.invoke(DelegatingMethodAccessorImpl.java:43)
at java.base/java.lang.reflect.Method.invoke(Method.java:568)
at org.testng.internal.MethodInvocationHelper.invokeMethod(MethodInvocationHelper.java:133)
at org.testng.internal.TestInvoker.invokeMethod(TestInvoker.java:598)
at org.testng.internal.TestInvoker.invokeTestMethod(TestInvoker.java:173)
at org.testng.internal.MethodRunner.runInSequence(MethodRunner.java:46)
at org.testng.internal.TestInvoker$MethodInvocationAgent.invoke(TestInvoker.java:824)
at org.testng.internal.TestInvoker.invokeTestMethods(TestInvoker.java:146)
at org.testng.internal.TestMethodWorker.invokeTestMethods(TestMethodWorker.java:146)
at org.testng.internal.TestMethodWorker.run(TestMethodWorker.java:128)
at java.base/java.util.ArrayList.forEach(ArrayList.java:1511)
at org.testng.TestRunner.privateRun(TestRunner.java:794)
at org.testng.TestRunner.run(TestRunner.java:596)
at org.testng.SuiteRunner.runTest(SuiteRunner.java:377)
at org.testng.SuiteRunner.runSequentially(SuiteRunner.java:371)
at org.testng.SuiteRunner.privateRun(SuiteRunner.java:332)
at org.testng.SuiteRunner.run(SuiteRunner.java:276)
at org.testng.SuiteRunnerWorker.runSuite(SuiteRunnerWorker.java:53)
at org.testng.SuiteRunnerWorker.run(SuiteRunnerWorker.java:96)
at org.testng.TestNG.runSuitesSequentially(TestNG.java:1212)
at org.testng.TestNG.runSuitesLocally(TestNG.java:1134)
at org.testng.TestNG.runSuites(TestNG.java:1063)
at org.testng.TestNG.run(TestNG.java:1031)
at org.testng.remote.AbstractRemoteTestNG.run(AbstractRemoteTestNG.java:115)
at org.testng.remote.RemoteTestNG.initAndRun(RemoteTestNG.java:251)
at org.testng.remote.RemoteTestNG.main(RemoteTestNG.java:77)
]]>
    </failure>
  </testcase> <!-- Testcase_RowCount_validation -->
  <system-out>
    <![CDATA[Executing Snowflake query :: SELECT count(*) as TOTAL FROM DEV_ENT_RAW.ST_EANESHEATING_MATILLION.CUSTOMER
Snowflake - SQLException at readDB() method :: SQL compilation error:
Object 'DEV_ENT_RAW.ST_EANESHEATING_MATILLION.CUSTOMER' does not exist or not authorized.
Executing Snowflake query :: select count(*) as TOTAL from CURATED_DATAMART.ST_BKP_EANESHEATING.STR_CUSTOMER Where ACTIVE_FLAG='Y'
Table Count in Snowflake:: 62750
Executing Snowflake query :: select count(*) as TOTAL from DEV_ENT_CURATED.MASTER_DIMENSIONS.DIM_CUSTOMER where tenant_type='EANESHEATING' and RECORD_UPDATED_BY='Backup Table'
Table Count in Snowflake:: 62738
Row Count of Table CUSTOMER is not matched for RAW :: 0 DataMart :: 62750 CURATED :: 62738]]>
  </system-out>
  <testcase classname="testcases.RAW_DATAMART_CURATED.SnowFlake_RowCount_Master" name="Testcase_RowCount_validation" time="1.360">
    <failure message="The following asserts failed:
	null" type="java.lang.AssertionError">
      <![CDATA[java.lang.AssertionError: The following asserts failed:
null
at org.testng.asserts.SoftAssert.assertAll(SoftAssert.java:47)
at org.testng.asserts.SoftAssert.assertAll(SoftAssert.java:31)
at testcases.RAW_DATAMART_CURATED.SnowFlake_RowCount_Master.validate_RowCount_API(SnowFlake_RowCount_Master.java:115)
at testcases.RAW_DATAMART_CURATED.SnowFlake_RowCount_Master.Testcase_RowCount_validation(SnowFlake_RowCount_Master.java:28)
at jdk.internal.reflect.GeneratedMethodAccessor13.invoke(Unknown Source)
at java.base/jdk.internal.reflect.DelegatingMethodAccessorImpl.invoke(DelegatingMethodAccessorImpl.java:43)
at java.base/java.lang.reflect.Method.invoke(Method.java:568)
at org.testng.internal.MethodInvocationHelper.invokeMethod(MethodInvocationHelper.java:133)
at org.testng.internal.TestInvoker.invokeMethod(TestInvoker.java:598)
at org.testng.internal.TestInvoker.invokeTestMethod(TestInvoker.java:173)
at org.testng.internal.MethodRunner.runInSequence(MethodRunner.java:46)
at org.testng.internal.TestInvoker$MethodInvocationAgent.invoke(TestInvoker.java:824)
at org.testng.internal.TestInvoker.invokeTestMethods(TestInvoker.java:146)
at org.testng.internal.TestMethodWorker.invokeTestMethods(TestMethodWorker.java:146)
at org.testng.internal.TestMethodWorker.run(TestMethodWorker.java:128)
at java.base/java.util.ArrayList.forEach(ArrayList.java:1511)
at org.testng.TestRunner.privateRun(TestRunner.java:794)
at org.testng.TestRunner.run(TestRunner.java:596)
at org.testng.SuiteRunner.runTest(SuiteRunner.java:377)
at org.testng.SuiteRunner.runSequentially(SuiteRunner.java:371)
at org.testng.SuiteRunner.privateRun(SuiteRunner.java:332)
at org.testng.SuiteRunner.run(SuiteRunner.java:276)
at org.testng.SuiteRunnerWorker.runSuite(SuiteRunnerWorker.java:53)
at org.testng.SuiteRunnerWorker.run(SuiteRunnerWorker.java:96)
at org.testng.TestNG.runSuitesSequentially(TestNG.java:1212)
at org.testng.TestNG.runSuitesLocally(TestNG.java:1134)
at org.testng.TestNG.runSuites(TestNG.java:1063)
at org.testng.TestNG.run(TestNG.java:1031)
at org.testng.remote.AbstractRemoteTestNG.run(AbstractRemoteTestNG.java:115)
at org.testng.remote.RemoteTestNG.initAndRun(RemoteTestNG.java:251)
at org.testng.remote.RemoteTestNG.main(RemoteTestNG.java:77)
]]>
    </failure>
  </testcase> <!-- Testcase_RowCount_validation -->
  <system-out>
    <![CDATA[Executing Snowflake query :: SELECT count(*) as TOTAL FROM DEV_ENT_RAW.API_MAT.ST_API_INVOICEITEM WHERE TENANT_NAME='FOURPROS'
Table Count in Snowflake:: 2440
Executing Snowflake query :: select count(*) as TOTAL from CURATED_DATAMART.ST_API_FOURPROS.STR_API_INVOICEITEM WHERE ACTIVE_FLAG='Y'
Table Count in Snowflake:: 0
Executing Snowflake query :: select count(*) as TOTAL from DEV_ENT_CURATED.MASTER_DIMENSIONS.DIM_INVOICEITEM WHERE TENANT_TYPE='FOURPROS' and RECORD_UPDATED_BY='API ETL'
Table Count in Snowflake:: 0
Row Count of Table INVOICEITEM is not matched for APIMAT :: 2440 DataMart :: 0
Row Count of Table INVOICEITEM is matched for DataMart :: 0 CURATED :: 0]]>
  </system-out>
  <testcase classname="testcases.RAW_DATAMART_CURATED.SnowFlake_RowCount_Master" name="Testcase_RowCount_validation" time="2.190">
    <failure message="The following asserts failed:
	null" type="java.lang.AssertionError">
      <![CDATA[java.lang.AssertionError: The following asserts failed:
null
at org.testng.asserts.SoftAssert.assertAll(SoftAssert.java:47)
at org.testng.asserts.SoftAssert.assertAll(SoftAssert.java:31)
at testcases.RAW_DATAMART_CURATED.SnowFlake_RowCount_Master.validate_RowCount_BKP(SnowFlake_RowCount_Master.java:56)
at testcases.RAW_DATAMART_CURATED.SnowFlake_RowCount_Master.Testcase_RowCount_validation(SnowFlake_RowCount_Master.java:25)
at jdk.internal.reflect.GeneratedMethodAccessor13.invoke(Unknown Source)
at java.base/jdk.internal.reflect.DelegatingMethodAccessorImpl.invoke(DelegatingMethodAccessorImpl.java:43)
at java.base/java.lang.reflect.Method.invoke(Method.java:568)
at org.testng.internal.MethodInvocationHelper.invokeMethod(MethodInvocationHelper.java:133)
at org.testng.internal.TestInvoker.invokeMethod(TestInvoker.java:598)
at org.testng.internal.TestInvoker.invokeTestMethod(TestInvoker.java:173)
at org.testng.internal.MethodRunner.runInSequence(MethodRunner.java:46)
at org.testng.internal.TestInvoker$MethodInvocationAgent.invoke(TestInvoker.java:824)
at org.testng.internal.TestInvoker.invokeTestMethods(TestInvoker.java:146)
at org.testng.internal.TestMethodWorker.invokeTestMethods(TestMethodWorker.java:146)
at org.testng.internal.TestMethodWorker.run(TestMethodWorker.java:128)
at java.base/java.util.ArrayList.forEach(ArrayList.java:1511)
at org.testng.TestRunner.privateRun(TestRunner.java:794)
at org.testng.TestRunner.run(TestRunner.java:596)
at org.testng.SuiteRunner.runTest(SuiteRunner.java:377)
at org.testng.SuiteRunner.runSequentially(SuiteRunner.java:371)
at org.testng.SuiteRunner.privateRun(SuiteRunner.java:332)
at org.testng.SuiteRunner.run(SuiteRunner.java:276)
at org.testng.SuiteRunnerWorker.runSuite(SuiteRunnerWorker.java:53)
at org.testng.SuiteRunnerWorker.run(SuiteRunnerWorker.java:96)
at org.testng.TestNG.runSuitesSequentially(TestNG.java:1212)
at org.testng.TestNG.runSuitesLocally(TestNG.java:1134)
at org.testng.TestNG.runSuites(TestNG.java:1063)
at org.testng.TestNG.run(TestNG.java:1031)
at org.testng.remote.AbstractRemoteTestNG.run(AbstractRemoteTestNG.java:115)
at org.testng.remote.RemoteTestNG.initAndRun(RemoteTestNG.java:251)
at org.testng.remote.RemoteTestNG.main(RemoteTestNG.java:77)
]]>
    </failure>
  </testcase> <!-- Testcase_RowCount_validation -->
  <system-out>
    <![CDATA[Executing Snowflake query :: SELECT count(*) as TOTAL FROM DEV_ENT_RAW.ST_BILLFENWICK_MATILLION.TAG
Table Count in Snowflake:: 239205
Executing Snowflake query :: select count(*) as TOTAL from CURATED_DATAMART.ST_BKP_BILLFENWICK.STR_TAG Where ACTIVE_FLAG='Y'
Table Count in Snowflake:: 238815
Executing Snowflake query :: select count(*) as TOTAL from DEV_ENT_CURATED.MASTER_DIMENSIONS.DIM_TAG where tenant_type='BILLFENWICK' and RECORD_UPDATED_BY='Backup Table'
Table Count in Snowflake:: 238815
Row Count of Table TAG is not matched for RAW :: 239205 DataMart :: 238815 CURATED :: 238815]]>
  </system-out>
  <testcase classname="testcases.RAW_DATAMART_CURATED.SnowFlake_RowCount_Master" name="Testcase_RowCount_validation" time="1.948">
    <failure message="The following asserts failed:
	null" type="java.lang.AssertionError">
      <![CDATA[java.lang.AssertionError: The following asserts failed:
null
at org.testng.asserts.SoftAssert.assertAll(SoftAssert.java:47)
at org.testng.asserts.SoftAssert.assertAll(SoftAssert.java:31)
at testcases.RAW_DATAMART_CURATED.SnowFlake_RowCount_Master.validate_RowCount_API(SnowFlake_RowCount_Master.java:115)
at testcases.RAW_DATAMART_CURATED.SnowFlake_RowCount_Master.Testcase_RowCount_validation(SnowFlake_RowCount_Master.java:28)
at jdk.internal.reflect.GeneratedMethodAccessor13.invoke(Unknown Source)
at java.base/jdk.internal.reflect.DelegatingMethodAccessorImpl.invoke(DelegatingMethodAccessorImpl.java:43)
at java.base/java.lang.reflect.Method.invoke(Method.java:568)
at org.testng.internal.MethodInvocationHelper.invokeMethod(MethodInvocationHelper.java:133)
at org.testng.internal.TestInvoker.invokeMethod(TestInvoker.java:598)
at org.testng.internal.TestInvoker.invokeTestMethod(TestInvoker.java:173)
at org.testng.internal.MethodRunner.runInSequence(MethodRunner.java:46)
at org.testng.internal.TestInvoker$MethodInvocationAgent.invoke(TestInvoker.java:824)
at org.testng.internal.TestInvoker.invokeTestMethods(TestInvoker.java:146)
at org.testng.internal.TestMethodWorker.invokeTestMethods(TestMethodWorker.java:146)
at org.testng.internal.TestMethodWorker.run(TestMethodWorker.java:128)
at java.base/java.util.ArrayList.forEach(ArrayList.java:1511)
at org.testng.TestRunner.privateRun(TestRunner.java:794)
at org.testng.TestRunner.run(TestRunner.java:596)
at org.testng.SuiteRunner.runTest(SuiteRunner.java:377)
at org.testng.SuiteRunner.runSequentially(SuiteRunner.java:371)
at org.testng.SuiteRunner.privateRun(SuiteRunner.java:332)
at org.testng.SuiteRunner.run(SuiteRunner.java:276)
at org.testng.SuiteRunnerWorker.runSuite(SuiteRunnerWorker.java:53)
at org.testng.SuiteRunnerWorker.run(SuiteRunnerWorker.java:96)
at org.testng.TestNG.runSuitesSequentially(TestNG.java:1212)
at org.testng.TestNG.runSuitesLocally(TestNG.java:1134)
at org.testng.TestNG.runSuites(TestNG.java:1063)
at org.testng.TestNG.run(TestNG.java:1031)
at org.testng.remote.AbstractRemoteTestNG.run(AbstractRemoteTestNG.java:115)
at org.testng.remote.RemoteTestNG.initAndRun(RemoteTestNG.java:251)
at org.testng.remote.RemoteTestNG.main(RemoteTestNG.java:77)
]]>
    </failure>
  </testcase> <!-- Testcase_RowCount_validation -->
  <system-out>
    <![CDATA[Executing Snowflake query :: SELECT count(*) as TOTAL FROM DEV_ENT_RAW.API_MAT.ST_API_CATEGORY WHERE TENANT_NAME='HUTCHINSON'
Table Count in Snowflake:: 280
Executing Snowflake query :: select count(*) as TOTAL from CURATED_DATAMART.ST_API_HUTCHINSON.STR_API_CATEGORY WHERE ACTIVE_FLAG='Y'
Table Count in Snowflake:: 280
Executing Snowflake query :: select count(*) as TOTAL from DEV_ENT_CURATED.MASTER_DIMENSIONS.DIM_CATEGORY WHERE TENANT_TYPE='HUTCHINSON' and RECORD_UPDATED_BY='API ETL'
Table Count in Snowflake:: 0
Row Count of Table CATEGORY is matched for APIMAT :: 280 DataMart :: 280
Executing Snowflake query :: select count(*) as TOTAL from DEV_ENT_CURATED.MASTER_DIMENSIONS.DIM_CATEGORY WHERE TENANT_TYPE='HUTCHINSON' and RECORD_UPDATED_BY='Backup Table' AND ID in (select ID from CURATED_DATAMART.ST_API_HUTCHINSON.STR_API_CATEGORY WHERE ACTIVE_FLAG='Y')
Table Count in Snowflake:: 268
Row Count of Table CATEGORY is not matched for DataMart :: 280 CURATED :: 268]]>
  </system-out>
  <testcase classname="testcases.RAW_DATAMART_CURATED.SnowFlake_RowCount_Master" name="Testcase_RowCount_validation" time="3.304">
    <failure message="The following asserts failed:
	null" type="java.lang.AssertionError">
      <![CDATA[java.lang.AssertionError: The following asserts failed:
null
at org.testng.asserts.SoftAssert.assertAll(SoftAssert.java:47)
at org.testng.asserts.SoftAssert.assertAll(SoftAssert.java:31)
at testcases.RAW_DATAMART_CURATED.SnowFlake_RowCount_Master.validate_RowCount_BKP(SnowFlake_RowCount_Master.java:56)
at testcases.RAW_DATAMART_CURATED.SnowFlake_RowCount_Master.Testcase_RowCount_validation(SnowFlake_RowCount_Master.java:25)
at jdk.internal.reflect.GeneratedMethodAccessor13.invoke(Unknown Source)
at java.base/jdk.internal.reflect.DelegatingMethodAccessorImpl.invoke(DelegatingMethodAccessorImpl.java:43)
at java.base/java.lang.reflect.Method.invoke(Method.java:568)
at org.testng.internal.MethodInvocationHelper.invokeMethod(MethodInvocationHelper.java:133)
at org.testng.internal.TestInvoker.invokeMethod(TestInvoker.java:598)
at org.testng.internal.TestInvoker.invokeTestMethod(TestInvoker.java:173)
at org.testng.internal.MethodRunner.runInSequence(MethodRunner.java:46)
at org.testng.internal.TestInvoker$MethodInvocationAgent.invoke(TestInvoker.java:824)
at org.testng.internal.TestInvoker.invokeTestMethods(TestInvoker.java:146)
at org.testng.internal.TestMethodWorker.invokeTestMethods(TestMethodWorker.java:146)
at org.testng.internal.TestMethodWorker.run(TestMethodWorker.java:128)
at java.base/java.util.ArrayList.forEach(ArrayList.java:1511)
at org.testng.TestRunner.privateRun(TestRunner.java:794)
at org.testng.TestRunner.run(TestRunner.java:596)
at org.testng.SuiteRunner.runTest(SuiteRunner.java:377)
at org.testng.SuiteRunner.runSequentially(SuiteRunner.java:371)
at org.testng.SuiteRunner.privateRun(SuiteRunner.java:332)
at org.testng.SuiteRunner.run(SuiteRunner.java:276)
at org.testng.SuiteRunnerWorker.runSuite(SuiteRunnerWorker.java:53)
at org.testng.SuiteRunnerWorker.run(SuiteRunnerWorker.java:96)
at org.testng.TestNG.runSuitesSequentially(TestNG.java:1212)
at org.testng.TestNG.runSuitesLocally(TestNG.java:1134)
at org.testng.TestNG.runSuites(TestNG.java:1063)
at org.testng.TestNG.run(TestNG.java:1031)
at org.testng.remote.AbstractRemoteTestNG.run(AbstractRemoteTestNG.java:115)
at org.testng.remote.RemoteTestNG.initAndRun(RemoteTestNG.java:251)
at org.testng.remote.RemoteTestNG.main(RemoteTestNG.java:77)
]]>
    </failure>
  </testcase> <!-- Testcase_RowCount_validation -->
  <system-out>
    <![CDATA[Executing Snowflake query :: SELECT count(*) as TOTAL FROM DEV_ENT_RAW.ST_BILLFENWICK_MATILLION.PROJECT
Table Count in Snowflake:: 7222
Executing Snowflake query :: select count(*) as TOTAL from CURATED_DATAMART.ST_BKP_BILLFENWICK.STR_PROJECT Where ACTIVE_FLAG='Y'
Table Count in Snowflake:: 7232
Executing Snowflake query :: select count(*) as TOTAL from DEV_ENT_CURATED.MASTER_DIMENSIONS.DIM_PROJECT where tenant_type='BILLFENWICK' and RECORD_UPDATED_BY='Backup Table'
Table Count in Snowflake:: 7162
Row Count of Table PROJECT is not matched for RAW :: 7222 DataMart :: 7232 CURATED :: 7162]]>
  </system-out>
  <testcase classname="testcases.RAW_DATAMART_CURATED.SnowFlake_RowCount_Master" name="Testcase_RowCount_validation" time="1.308">
    <failure message="The following asserts failed:
	null" type="java.lang.AssertionError">
      <![CDATA[java.lang.AssertionError: The following asserts failed:
null
at org.testng.asserts.SoftAssert.assertAll(SoftAssert.java:47)
at org.testng.asserts.SoftAssert.assertAll(SoftAssert.java:31)
at testcases.RAW_DATAMART_CURATED.SnowFlake_RowCount_Master.validate_RowCount_API(SnowFlake_RowCount_Master.java:115)
at testcases.RAW_DATAMART_CURATED.SnowFlake_RowCount_Master.Testcase_RowCount_validation(SnowFlake_RowCount_Master.java:28)
at jdk.internal.reflect.GeneratedMethodAccessor13.invoke(Unknown Source)
at java.base/jdk.internal.reflect.DelegatingMethodAccessorImpl.invoke(DelegatingMethodAccessorImpl.java:43)
at java.base/java.lang.reflect.Method.invoke(Method.java:568)
at org.testng.internal.MethodInvocationHelper.invokeMethod(MethodInvocationHelper.java:133)
at org.testng.internal.TestInvoker.invokeMethod(TestInvoker.java:598)
at org.testng.internal.TestInvoker.invokeTestMethod(TestInvoker.java:173)
at org.testng.internal.MethodRunner.runInSequence(MethodRunner.java:46)
at org.testng.internal.TestInvoker$MethodInvocationAgent.invoke(TestInvoker.java:824)
at org.testng.internal.TestInvoker.invokeTestMethods(TestInvoker.java:146)
at org.testng.internal.TestMethodWorker.invokeTestMethods(TestMethodWorker.java:146)
at org.testng.internal.TestMethodWorker.run(TestMethodWorker.java:128)
at java.base/java.util.ArrayList.forEach(ArrayList.java:1511)
at org.testng.TestRunner.privateRun(TestRunner.java:794)
at org.testng.TestRunner.run(TestRunner.java:596)
at org.testng.SuiteRunner.runTest(SuiteRunner.java:377)
at org.testng.SuiteRunner.runSequentially(SuiteRunner.java:371)
at org.testng.SuiteRunner.privateRun(SuiteRunner.java:332)
at org.testng.SuiteRunner.run(SuiteRunner.java:276)
at org.testng.SuiteRunnerWorker.runSuite(SuiteRunnerWorker.java:53)
at org.testng.SuiteRunnerWorker.run(SuiteRunnerWorker.java:96)
at org.testng.TestNG.runSuitesSequentially(TestNG.java:1212)
at org.testng.TestNG.runSuitesLocally(TestNG.java:1134)
at org.testng.TestNG.runSuites(TestNG.java:1063)
at org.testng.TestNG.run(TestNG.java:1031)
at org.testng.remote.AbstractRemoteTestNG.run(AbstractRemoteTestNG.java:115)
at org.testng.remote.RemoteTestNG.initAndRun(RemoteTestNG.java:251)
at org.testng.remote.RemoteTestNG.main(RemoteTestNG.java:77)
]]>
    </failure>
  </testcase> <!-- Testcase_RowCount_validation -->
  <system-out>
    <![CDATA[Executing Snowflake query :: SELECT count(*) as TOTAL FROM DEV_ENT_RAW.API_MAT.ST_API_PURCHASEORDERITEM WHERE TENANT_NAME='FOURPROS'
Table Count in Snowflake:: 309
Executing Snowflake query :: select count(*) as TOTAL from CURATED_DATAMART.ST_API_FOURPROS.STR_API_PURCHASEORDERITEM WHERE ACTIVE_FLAG='Y'
Table Count in Snowflake:: 242
Executing Snowflake query :: select count(*) as TOTAL from DEV_ENT_CURATED.MASTER_DIMENSIONS.DIM_PURCHASEORDERITEM WHERE TENANT_TYPE='FOURPROS' and RECORD_UPDATED_BY='API ETL'
Table Count in Snowflake:: 242
Row Count of Table PURCHASEORDERITEM is not matched for APIMAT :: 309 DataMart :: 242
Row Count of Table PURCHASEORDERITEM is matched for DataMart :: 242 CURATED :: 242]]>
  </system-out>
  <testcase classname="testcases.RAW_DATAMART_CURATED.SnowFlake_RowCount_Master" name="Testcase_RowCount_validation" time="3.279">
    <failure message="The following asserts failed:
	null" type="java.lang.AssertionError">
      <![CDATA[java.lang.AssertionError: The following asserts failed:
null
at org.testng.asserts.SoftAssert.assertAll(SoftAssert.java:47)
at org.testng.asserts.SoftAssert.assertAll(SoftAssert.java:31)
at testcases.RAW_DATAMART_CURATED.SnowFlake_RowCount_Master.validate_RowCount_BKP(SnowFlake_RowCount_Master.java:56)
at testcases.RAW_DATAMART_CURATED.SnowFlake_RowCount_Master.Testcase_RowCount_validation(SnowFlake_RowCount_Master.java:25)
at jdk.internal.reflect.GeneratedMethodAccessor13.invoke(Unknown Source)
at java.base/jdk.internal.reflect.DelegatingMethodAccessorImpl.invoke(DelegatingMethodAccessorImpl.java:43)
at java.base/java.lang.reflect.Method.invoke(Method.java:568)
at org.testng.internal.MethodInvocationHelper.invokeMethod(MethodInvocationHelper.java:133)
at org.testng.internal.TestInvoker.invokeMethod(TestInvoker.java:598)
at org.testng.internal.TestInvoker.invokeTestMethod(TestInvoker.java:173)
at org.testng.internal.MethodRunner.runInSequence(MethodRunner.java:46)
at org.testng.internal.TestInvoker$MethodInvocationAgent.invoke(TestInvoker.java:824)
at org.testng.internal.TestInvoker.invokeTestMethods(TestInvoker.java:146)
at org.testng.internal.TestMethodWorker.invokeTestMethods(TestMethodWorker.java:146)
at org.testng.internal.TestMethodWorker.run(TestMethodWorker.java:128)
at java.base/java.util.ArrayList.forEach(ArrayList.java:1511)
at org.testng.TestRunner.privateRun(TestRunner.java:794)
at org.testng.TestRunner.run(TestRunner.java:596)
at org.testng.SuiteRunner.runTest(SuiteRunner.java:377)
at org.testng.SuiteRunner.runSequentially(SuiteRunner.java:371)
at org.testng.SuiteRunner.privateRun(SuiteRunner.java:332)
at org.testng.SuiteRunner.run(SuiteRunner.java:276)
at org.testng.SuiteRunnerWorker.runSuite(SuiteRunnerWorker.java:53)
at org.testng.SuiteRunnerWorker.run(SuiteRunnerWorker.java:96)
at org.testng.TestNG.runSuitesSequentially(TestNG.java:1212)
at org.testng.TestNG.runSuitesLocally(TestNG.java:1134)
at org.testng.TestNG.runSuites(TestNG.java:1063)
at org.testng.TestNG.run(TestNG.java:1031)
at org.testng.remote.AbstractRemoteTestNG.run(AbstractRemoteTestNG.java:115)
at org.testng.remote.RemoteTestNG.initAndRun(RemoteTestNG.java:251)
at org.testng.remote.RemoteTestNG.main(RemoteTestNG.java:77)
]]>
    </failure>
  </testcase> <!-- Testcase_RowCount_validation -->
  <system-out>
    <![CDATA[Executing Snowflake query :: SELECT count(*) as TOTAL FROM DEV_ENT_RAW.ST_FOURPROS_MATILLION.PROJECT
Table Count in Snowflake:: 8745
Executing Snowflake query :: select count(*) as TOTAL from CURATED_DATAMART.ST_BKP_FOURPROS.STR_PROJECT Where ACTIVE_FLAG='Y'
Table Count in Snowflake:: 8805
Executing Snowflake query :: select count(*) as TOTAL from DEV_ENT_CURATED.MASTER_DIMENSIONS.DIM_PROJECT where tenant_type='FOURPROS' and RECORD_UPDATED_BY='Backup Table'
Table Count in Snowflake:: 8740
Row Count of Table PROJECT is not matched for RAW :: 8745 DataMart :: 8805 CURATED :: 8740]]>
  </system-out>
  <testcase classname="testcases.RAW_DATAMART_CURATED.SnowFlake_RowCount_Master" name="Testcase_RowCount_validation" time="1.737">
    <failure message="The following asserts failed:
	null" type="java.lang.AssertionError">
      <![CDATA[java.lang.AssertionError: The following asserts failed:
null
at org.testng.asserts.SoftAssert.assertAll(SoftAssert.java:47)
at org.testng.asserts.SoftAssert.assertAll(SoftAssert.java:31)
at testcases.RAW_DATAMART_CURATED.SnowFlake_RowCount_Master.validate_RowCount_BKP(SnowFlake_RowCount_Master.java:56)
at testcases.RAW_DATAMART_CURATED.SnowFlake_RowCount_Master.Testcase_RowCount_validation(SnowFlake_RowCount_Master.java:25)
at jdk.internal.reflect.GeneratedMethodAccessor13.invoke(Unknown Source)
at java.base/jdk.internal.reflect.DelegatingMethodAccessorImpl.invoke(DelegatingMethodAccessorImpl.java:43)
at java.base/java.lang.reflect.Method.invoke(Method.java:568)
at org.testng.internal.MethodInvocationHelper.invokeMethod(MethodInvocationHelper.java:133)
at org.testng.internal.TestInvoker.invokeMethod(TestInvoker.java:598)
at org.testng.internal.TestInvoker.invokeTestMethod(TestInvoker.java:173)
at org.testng.internal.MethodRunner.runInSequence(MethodRunner.java:46)
at org.testng.internal.TestInvoker$MethodInvocationAgent.invoke(TestInvoker.java:824)
at org.testng.internal.TestInvoker.invokeTestMethods(TestInvoker.java:146)
at org.testng.internal.TestMethodWorker.invokeTestMethods(TestMethodWorker.java:146)
at org.testng.internal.TestMethodWorker.run(TestMethodWorker.java:128)
at java.base/java.util.ArrayList.forEach(ArrayList.java:1511)
at org.testng.TestRunner.privateRun(TestRunner.java:794)
at org.testng.TestRunner.run(TestRunner.java:596)
at org.testng.SuiteRunner.runTest(SuiteRunner.java:377)
at org.testng.SuiteRunner.runSequentially(SuiteRunner.java:371)
at org.testng.SuiteRunner.privateRun(SuiteRunner.java:332)
at org.testng.SuiteRunner.run(SuiteRunner.java:276)
at org.testng.SuiteRunnerWorker.runSuite(SuiteRunnerWorker.java:53)
at org.testng.SuiteRunnerWorker.run(SuiteRunnerWorker.java:96)
at org.testng.TestNG.runSuitesSequentially(TestNG.java:1212)
at org.testng.TestNG.runSuitesLocally(TestNG.java:1134)
at org.testng.TestNG.runSuites(TestNG.java:1063)
at org.testng.TestNG.run(TestNG.java:1031)
at org.testng.remote.AbstractRemoteTestNG.run(AbstractRemoteTestNG.java:115)
at org.testng.remote.RemoteTestNG.initAndRun(RemoteTestNG.java:251)
at org.testng.remote.RemoteTestNG.main(RemoteTestNG.java:77)
]]>
    </failure>
  </testcase> <!-- Testcase_RowCount_validation -->
  <system-out>
    <![CDATA[Executing Snowflake query :: SELECT count(*) as TOTAL FROM DEV_ENT_RAW.ST_HDAIR_MATILLION.CUSTOMFIELD
Snowflake - SQLException at readDB() method :: SQL compilation error:
Object 'DEV_ENT_RAW.ST_HDAIR_MATILLION.CUSTOMFIELD' does not exist or not authorized.
Executing Snowflake query :: select count(*) as TOTAL from CURATED_DATAMART.ST_BKP_HDAIR.STR_CUSTOMFIELD Where ACTIVE_FLAG='Y'
Table Count in Snowflake:: 293322
Executing Snowflake query :: select count(*) as TOTAL from DEV_ENT_CURATED.MASTER_DIMENSIONS.FACT_CUSTOMFIELD where tenant_type='HDAIR' and RECORD_UPDATED_BY='Backup Table'
Table Count in Snowflake:: 293322
Row Count of Table CUSTOMFIELD is matched for RAW :: 0 DataMart :: 293322 CURATED :: 293322]]>
  </system-out>
  <testcase classname="testcases.RAW_DATAMART_CURATED.SnowFlake_RowCount_Master" name="Testcase_RowCount_validation" time="2.957">
    <failure message="The following asserts failed:
	null,
	null" type="java.lang.AssertionError">
      <![CDATA[java.lang.AssertionError: The following asserts failed:
null,
null
at org.testng.asserts.SoftAssert.assertAll(SoftAssert.java:47)
at org.testng.asserts.SoftAssert.assertAll(SoftAssert.java:31)
at testcases.RAW_DATAMART_CURATED.SnowFlake_RowCount_Master.validate_RowCount_API(SnowFlake_RowCount_Master.java:115)
at testcases.RAW_DATAMART_CURATED.SnowFlake_RowCount_Master.Testcase_RowCount_validation(SnowFlake_RowCount_Master.java:28)
at jdk.internal.reflect.GeneratedMethodAccessor13.invoke(Unknown Source)
at java.base/jdk.internal.reflect.DelegatingMethodAccessorImpl.invoke(DelegatingMethodAccessorImpl.java:43)
at java.base/java.lang.reflect.Method.invoke(Method.java:568)
at org.testng.internal.MethodInvocationHelper.invokeMethod(MethodInvocationHelper.java:133)
at org.testng.internal.TestInvoker.invokeMethod(TestInvoker.java:598)
at org.testng.internal.TestInvoker.invokeTestMethod(TestInvoker.java:173)
at org.testng.internal.MethodRunner.runInSequence(MethodRunner.java:46)
at org.testng.internal.TestInvoker$MethodInvocationAgent.invoke(TestInvoker.java:824)
at org.testng.internal.TestInvoker.invokeTestMethods(TestInvoker.java:146)
at org.testng.internal.TestMethodWorker.invokeTestMethods(TestMethodWorker.java:146)
at org.testng.internal.TestMethodWorker.run(TestMethodWorker.java:128)
at java.base/java.util.ArrayList.forEach(ArrayList.java:1511)
at org.testng.TestRunner.privateRun(TestRunner.java:794)
at org.testng.TestRunner.run(TestRunner.java:596)
at org.testng.SuiteRunner.runTest(SuiteRunner.java:377)
at org.testng.SuiteRunner.runSequentially(SuiteRunner.java:371)
at org.testng.SuiteRunner.privateRun(SuiteRunner.java:332)
at org.testng.SuiteRunner.run(SuiteRunner.java:276)
at org.testng.SuiteRunnerWorker.runSuite(SuiteRunnerWorker.java:53)
at org.testng.SuiteRunnerWorker.run(SuiteRunnerWorker.java:96)
at org.testng.TestNG.runSuitesSequentially(TestNG.java:1212)
at org.testng.TestNG.runSuitesLocally(TestNG.java:1134)
at org.testng.TestNG.runSuites(TestNG.java:1063)
at org.testng.TestNG.run(TestNG.java:1031)
at org.testng.remote.AbstractRemoteTestNG.run(AbstractRemoteTestNG.java:115)
at org.testng.remote.RemoteTestNG.initAndRun(RemoteTestNG.java:251)
at org.testng.remote.RemoteTestNG.main(RemoteTestNG.java:77)
]]>
    </failure>
  </testcase> <!-- Testcase_RowCount_validation -->
  <system-out>
    <![CDATA[Executing Snowflake query :: SELECT count(*) as TOTAL FROM DEV_ENT_RAW.API_MAT.ST_API_CUSTOMER WHERE TENANT_NAME='CASTEEL'
Table Count in Snowflake:: 242613
Executing Snowflake query :: select count(*) as TOTAL from CURATED_DATAMART.ST_API_CASTEEL.STR_API_CUSTOMER WHERE ACTIVE_FLAG='Y'
Table Count in Snowflake:: 242521
Executing Snowflake query :: select count(*) as TOTAL from DEV_ENT_CURATED.MASTER_DIMENSIONS.DIM_CUSTOMER WHERE TENANT_TYPE='CASTEEL' and RECORD_UPDATED_BY='API ETL'
Table Count in Snowflake:: 73
Row Count of Table CUSTOMER is not matched for APIMAT :: 242613 DataMart :: 242521
Executing Snowflake query :: select count(*) as TOTAL from DEV_ENT_CURATED.MASTER_DIMENSIONS.DIM_CUSTOMER WHERE TENANT_TYPE='CASTEEL' and RECORD_UPDATED_BY='Backup Table' AND ID in (select ID from CURATED_DATAMART.ST_API_CASTEEL.STR_API_CUSTOMER WHERE ACTIVE_FLAG='Y')
Table Count in Snowflake:: 242448
Row Count of Table CUSTOMER is not matched for DataMart :: 242521 CURATED :: 242448]]>
  </system-out>
  <testcase classname="testcases.RAW_DATAMART_CURATED.SnowFlake_RowCount_Master" name="Testcase_RowCount_validation" time="1.635">
    <failure message="The following asserts failed:
	null" type="java.lang.AssertionError">
      <![CDATA[java.lang.AssertionError: The following asserts failed:
null
at org.testng.asserts.SoftAssert.assertAll(SoftAssert.java:47)
at org.testng.asserts.SoftAssert.assertAll(SoftAssert.java:31)
at testcases.RAW_DATAMART_CURATED.SnowFlake_RowCount_Master.validate_RowCount_BKP(SnowFlake_RowCount_Master.java:56)
at testcases.RAW_DATAMART_CURATED.SnowFlake_RowCount_Master.Testcase_RowCount_validation(SnowFlake_RowCount_Master.java:25)
at jdk.internal.reflect.GeneratedMethodAccessor13.invoke(Unknown Source)
at java.base/jdk.internal.reflect.DelegatingMethodAccessorImpl.invoke(DelegatingMethodAccessorImpl.java:43)
at java.base/java.lang.reflect.Method.invoke(Method.java:568)
at org.testng.internal.MethodInvocationHelper.invokeMethod(MethodInvocationHelper.java:133)
at org.testng.internal.TestInvoker.invokeMethod(TestInvoker.java:598)
at org.testng.internal.TestInvoker.invokeTestMethod(TestInvoker.java:173)
at org.testng.internal.MethodRunner.runInSequence(MethodRunner.java:46)
at org.testng.internal.TestInvoker$MethodInvocationAgent.invoke(TestInvoker.java:824)
at org.testng.internal.TestInvoker.invokeTestMethods(TestInvoker.java:146)
at org.testng.internal.TestMethodWorker.invokeTestMethods(TestMethodWorker.java:146)
at org.testng.internal.TestMethodWorker.run(TestMethodWorker.java:128)
at java.base/java.util.ArrayList.forEach(ArrayList.java:1511)
at org.testng.TestRunner.privateRun(TestRunner.java:794)
at org.testng.TestRunner.run(TestRunner.java:596)
at org.testng.SuiteRunner.runTest(SuiteRunner.java:377)
at org.testng.SuiteRunner.runSequentially(SuiteRunner.java:371)
at org.testng.SuiteRunner.privateRun(SuiteRunner.java:332)
at org.testng.SuiteRunner.run(SuiteRunner.java:276)
at org.testng.SuiteRunnerWorker.runSuite(SuiteRunnerWorker.java:53)
at org.testng.SuiteRunnerWorker.run(SuiteRunnerWorker.java:96)
at org.testng.TestNG.runSuitesSequentially(TestNG.java:1212)
at org.testng.TestNG.runSuitesLocally(TestNG.java:1134)
at org.testng.TestNG.runSuites(TestNG.java:1063)
at org.testng.TestNG.run(TestNG.java:1031)
at org.testng.remote.AbstractRemoteTestNG.run(AbstractRemoteTestNG.java:115)
at org.testng.remote.RemoteTestNG.initAndRun(RemoteTestNG.java:251)
at org.testng.remote.RemoteTestNG.main(RemoteTestNG.java:77)
]]>
    </failure>
  </testcase> <!-- Testcase_RowCount_validation -->
  <system-out>
    <![CDATA[Executing Snowflake query :: SELECT count(*) as TOTAL FROM DEV_ENT_RAW.ST_HDAIR_MATILLION.CANCELJOBREASON
Snowflake - SQLException at readDB() method :: SQL compilation error:
Object 'DEV_ENT_RAW.ST_HDAIR_MATILLION.CANCELJOBREASON' does not exist or not authorized.
Executing Snowflake query :: select count(*) as TOTAL from CURATED_DATAMART.ST_BKP_HDAIR.STR_CANCELJOBREASON Where ACTIVE_FLAG='Y'
Table Count in Snowflake:: 30
Executing Snowflake query :: select count(*) as TOTAL from DEV_ENT_CURATED.MASTER_DIMENSIONS.DIM_CANCELJOBREASON where tenant_type='HDAIR' and RECORD_UPDATED_BY='Backup Table'
Table Count in Snowflake:: 30
Row Count of Table CANCELJOBREASON is matched for RAW :: 0 DataMart :: 30 CURATED :: 30]]>
  </system-out>
  <testcase classname="testcases.RAW_DATAMART_CURATED.SnowFlake_RowCount_Master" name="Testcase_RowCount_validation" time="1.956">
    <failure message="The following asserts failed:
	null" type="java.lang.AssertionError">
      <![CDATA[java.lang.AssertionError: The following asserts failed:
null
at org.testng.asserts.SoftAssert.assertAll(SoftAssert.java:47)
at org.testng.asserts.SoftAssert.assertAll(SoftAssert.java:31)
at testcases.RAW_DATAMART_CURATED.SnowFlake_RowCount_Master.validate_RowCount_BKP(SnowFlake_RowCount_Master.java:56)
at testcases.RAW_DATAMART_CURATED.SnowFlake_RowCount_Master.Testcase_RowCount_validation(SnowFlake_RowCount_Master.java:25)
at jdk.internal.reflect.GeneratedMethodAccessor13.invoke(Unknown Source)
at java.base/jdk.internal.reflect.DelegatingMethodAccessorImpl.invoke(DelegatingMethodAccessorImpl.java:43)
at java.base/java.lang.reflect.Method.invoke(Method.java:568)
at org.testng.internal.MethodInvocationHelper.invokeMethod(MethodInvocationHelper.java:133)
at org.testng.internal.TestInvoker.invokeMethod(TestInvoker.java:598)
at org.testng.internal.TestInvoker.invokeTestMethod(TestInvoker.java:173)
at org.testng.internal.MethodRunner.runInSequence(MethodRunner.java:46)
at org.testng.internal.TestInvoker$MethodInvocationAgent.invoke(TestInvoker.java:824)
at org.testng.internal.TestInvoker.invokeTestMethods(TestInvoker.java:146)
at org.testng.internal.TestMethodWorker.invokeTestMethods(TestMethodWorker.java:146)
at org.testng.internal.TestMethodWorker.run(TestMethodWorker.java:128)
at java.base/java.util.ArrayList.forEach(ArrayList.java:1511)
at org.testng.TestRunner.privateRun(TestRunner.java:794)
at org.testng.TestRunner.run(TestRunner.java:596)
at org.testng.SuiteRunner.runTest(SuiteRunner.java:377)
at org.testng.SuiteRunner.runSequentially(SuiteRunner.java:371)
at org.testng.SuiteRunner.privateRun(SuiteRunner.java:332)
at org.testng.SuiteRunner.run(SuiteRunner.java:276)
at org.testng.SuiteRunnerWorker.runSuite(SuiteRunnerWorker.java:53)
at org.testng.SuiteRunnerWorker.run(SuiteRunnerWorker.java:96)
at org.testng.TestNG.runSuitesSequentially(TestNG.java:1212)
at org.testng.TestNG.runSuitesLocally(TestNG.java:1134)
at org.testng.TestNG.runSuites(TestNG.java:1063)
at org.testng.TestNG.run(TestNG.java:1031)
at org.testng.remote.AbstractRemoteTestNG.run(AbstractRemoteTestNG.java:115)
at org.testng.remote.RemoteTestNG.initAndRun(RemoteTestNG.java:251)
at org.testng.remote.RemoteTestNG.main(RemoteTestNG.java:77)
]]>
    </failure>
  </testcase> <!-- Testcase_RowCount_validation -->
  <system-out>
    <![CDATA[Executing Snowflake query :: SELECT count(*) as TOTAL FROM DEV_ENT_RAW.ST_CASTEEL_MATILLION.EMPLOYEE
Table Count in Snowflake:: 364
Executing Snowflake query :: select count(*) as TOTAL from CURATED_DATAMART.ST_BKP_CASTEEL.STR_EMPLOYEE Where ACTIVE_FLAG='Y'
Table Count in Snowflake:: 366
Executing Snowflake query :: select count(*) as TOTAL from DEV_ENT_CURATED.MASTER_DIMENSIONS.DIM_EMPLOYEE where tenant_type='CASTEEL' and RECORD_UPDATED_BY='Backup Table'
Table Count in Snowflake:: 323
Row Count of Table EMPLOYEE is not matched for RAW :: 364 DataMart :: 366 CURATED :: 323]]>
  </system-out>
  <testcase classname="testcases.RAW_DATAMART_CURATED.SnowFlake_RowCount_Master" name="Testcase_RowCount_validation" time="1.840">
    <failure message="The following asserts failed:
	null" type="java.lang.AssertionError">
      <![CDATA[java.lang.AssertionError: The following asserts failed:
null
at org.testng.asserts.SoftAssert.assertAll(SoftAssert.java:47)
at org.testng.asserts.SoftAssert.assertAll(SoftAssert.java:31)
at testcases.RAW_DATAMART_CURATED.SnowFlake_RowCount_Master.validate_RowCount_BKP(SnowFlake_RowCount_Master.java:56)
at testcases.RAW_DATAMART_CURATED.SnowFlake_RowCount_Master.Testcase_RowCount_validation(SnowFlake_RowCount_Master.java:25)
at jdk.internal.reflect.GeneratedMethodAccessor13.invoke(Unknown Source)
at java.base/jdk.internal.reflect.DelegatingMethodAccessorImpl.invoke(DelegatingMethodAccessorImpl.java:43)
at java.base/java.lang.reflect.Method.invoke(Method.java:568)
at org.testng.internal.MethodInvocationHelper.invokeMethod(MethodInvocationHelper.java:133)
at org.testng.internal.TestInvoker.invokeMethod(TestInvoker.java:598)
at org.testng.internal.TestInvoker.invokeTestMethod(TestInvoker.java:173)
at org.testng.internal.MethodRunner.runInSequence(MethodRunner.java:46)
at org.testng.internal.TestInvoker$MethodInvocationAgent.invoke(TestInvoker.java:824)
at org.testng.internal.TestInvoker.invokeTestMethods(TestInvoker.java:146)
at org.testng.internal.TestMethodWorker.invokeTestMethods(TestMethodWorker.java:146)
at org.testng.internal.TestMethodWorker.run(TestMethodWorker.java:128)
at java.base/java.util.ArrayList.forEach(ArrayList.java:1511)
at org.testng.TestRunner.privateRun(TestRunner.java:794)
at org.testng.TestRunner.run(TestRunner.java:596)
at org.testng.SuiteRunner.runTest(SuiteRunner.java:377)
at org.testng.SuiteRunner.runSequentially(SuiteRunner.java:371)
at org.testng.SuiteRunner.privateRun(SuiteRunner.java:332)
at org.testng.SuiteRunner.run(SuiteRunner.java:276)
at org.testng.SuiteRunnerWorker.runSuite(SuiteRunnerWorker.java:53)
at org.testng.SuiteRunnerWorker.run(SuiteRunnerWorker.java:96)
at org.testng.TestNG.runSuitesSequentially(TestNG.java:1212)
at org.testng.TestNG.runSuitesLocally(TestNG.java:1134)
at org.testng.TestNG.runSuites(TestNG.java:1063)
at org.testng.TestNG.run(TestNG.java:1031)
at org.testng.remote.AbstractRemoteTestNG.run(AbstractRemoteTestNG.java:115)
at org.testng.remote.RemoteTestNG.initAndRun(RemoteTestNG.java:251)
at org.testng.remote.RemoteTestNG.main(RemoteTestNG.java:77)
]]>
    </failure>
  </testcase> <!-- Testcase_RowCount_validation -->
  <system-out>
    <![CDATA[Executing Snowflake query :: SELECT count(*) as TOTAL FROM DEV_ENT_RAW.ST_HENDERSON_MATILLION.INVOICEITEM
Table Count in Snowflake:: 497509
Executing Snowflake query :: select count(*) as TOTAL from CURATED_DATAMART.ST_BKP_HENDERSON.STR_INVOICEITEM Where ACTIVE_FLAG='Y'
Table Count in Snowflake:: 496833
Executing Snowflake query :: select count(*) as TOTAL from DEV_ENT_CURATED.MASTER_DIMENSIONS.DIM_INVOICEITEM where tenant_type='HENDERSON' and RECORD_UPDATED_BY='Backup Table'
Table Count in Snowflake:: 496558
Row Count of Table INVOICEITEM is not matched for RAW :: 497509 DataMart :: 496833 CURATED :: 496558]]>
  </system-out>
  <testcase classname="testcases.RAW_DATAMART_CURATED.SnowFlake_RowCount_Master" name="Testcase_RowCount_validation" time="1.740">
    <failure message="The following asserts failed:
	null" type="java.lang.AssertionError">
      <![CDATA[java.lang.AssertionError: The following asserts failed:
null
at org.testng.asserts.SoftAssert.assertAll(SoftAssert.java:47)
at org.testng.asserts.SoftAssert.assertAll(SoftAssert.java:31)
at testcases.RAW_DATAMART_CURATED.SnowFlake_RowCount_Master.validate_RowCount_BKP(SnowFlake_RowCount_Master.java:56)
at testcases.RAW_DATAMART_CURATED.SnowFlake_RowCount_Master.Testcase_RowCount_validation(SnowFlake_RowCount_Master.java:25)
at jdk.internal.reflect.GeneratedMethodAccessor13.invoke(Unknown Source)
at java.base/jdk.internal.reflect.DelegatingMethodAccessorImpl.invoke(DelegatingMethodAccessorImpl.java:43)
at java.base/java.lang.reflect.Method.invoke(Method.java:568)
at org.testng.internal.MethodInvocationHelper.invokeMethod(MethodInvocationHelper.java:133)
at org.testng.internal.TestInvoker.invokeMethod(TestInvoker.java:598)
at org.testng.internal.TestInvoker.invokeTestMethod(TestInvoker.java:173)
at org.testng.internal.MethodRunner.runInSequence(MethodRunner.java:46)
at org.testng.internal.TestInvoker$MethodInvocationAgent.invoke(TestInvoker.java:824)
at org.testng.internal.TestInvoker.invokeTestMethods(TestInvoker.java:146)
at org.testng.internal.TestMethodWorker.invokeTestMethods(TestMethodWorker.java:146)
at org.testng.internal.TestMethodWorker.run(TestMethodWorker.java:128)
at java.base/java.util.ArrayList.forEach(ArrayList.java:1511)
at org.testng.TestRunner.privateRun(TestRunner.java:794)
at org.testng.TestRunner.run(TestRunner.java:596)
at org.testng.SuiteRunner.runTest(SuiteRunner.java:377)
at org.testng.SuiteRunner.runSequentially(SuiteRunner.java:371)
at org.testng.SuiteRunner.privateRun(SuiteRunner.java:332)
at org.testng.SuiteRunner.run(SuiteRunner.java:276)
at org.testng.SuiteRunnerWorker.runSuite(SuiteRunnerWorker.java:53)
at org.testng.SuiteRunnerWorker.run(SuiteRunnerWorker.java:96)
at org.testng.TestNG.runSuitesSequentially(TestNG.java:1212)
at org.testng.TestNG.runSuitesLocally(TestNG.java:1134)
at org.testng.TestNG.runSuites(TestNG.java:1063)
at org.testng.TestNG.run(TestNG.java:1031)
at org.testng.remote.AbstractRemoteTestNG.run(AbstractRemoteTestNG.java:115)
at org.testng.remote.RemoteTestNG.initAndRun(RemoteTestNG.java:251)
at org.testng.remote.RemoteTestNG.main(RemoteTestNG.java:77)
]]>
    </failure>
  </testcase> <!-- Testcase_RowCount_validation -->
  <system-out>
    <![CDATA[Executing Snowflake query :: SELECT count(*) as TOTAL FROM DEV_ENT_RAW.ST_FOURPROS_MATILLION.EQUIPMENT
Table Count in Snowflake:: 4326
Executing Snowflake query :: select count(*) as TOTAL from CURATED_DATAMART.ST_BKP_FOURPROS.STR_EQUIPMENT Where ACTIVE_FLAG='Y'
Table Count in Snowflake:: 4326
Executing Snowflake query :: select count(*) as TOTAL from DEV_ENT_CURATED.MASTER_DIMENSIONS.DIM_EQUIPMENT where tenant_type='FOURPROS' and RECORD_UPDATED_BY='Backup Table'
Table Count in Snowflake:: 3751
Row Count of Table EQUIPMENT is not matched for RAW :: 4326 DataMart :: 4326 CURATED :: 3751]]>
  </system-out>
  <testcase classname="testcases.RAW_DATAMART_CURATED.SnowFlake_RowCount_Master" name="Testcase_RowCount_validation" time="2.247">
    <failure message="The following asserts failed:
	null,
	null" type="java.lang.AssertionError">
      <![CDATA[java.lang.AssertionError: The following asserts failed:
null,
null
at org.testng.asserts.SoftAssert.assertAll(SoftAssert.java:47)
at org.testng.asserts.SoftAssert.assertAll(SoftAssert.java:31)
at testcases.RAW_DATAMART_CURATED.SnowFlake_RowCount_Master.validate_RowCount_API(SnowFlake_RowCount_Master.java:115)
at testcases.RAW_DATAMART_CURATED.SnowFlake_RowCount_Master.Testcase_RowCount_validation(SnowFlake_RowCount_Master.java:28)
at jdk.internal.reflect.GeneratedMethodAccessor13.invoke(Unknown Source)
at java.base/jdk.internal.reflect.DelegatingMethodAccessorImpl.invoke(DelegatingMethodAccessorImpl.java:43)
at java.base/java.lang.reflect.Method.invoke(Method.java:568)
at org.testng.internal.MethodInvocationHelper.invokeMethod(MethodInvocationHelper.java:133)
at org.testng.internal.TestInvoker.invokeMethod(TestInvoker.java:598)
at org.testng.internal.TestInvoker.invokeTestMethod(TestInvoker.java:173)
at org.testng.internal.MethodRunner.runInSequence(MethodRunner.java:46)
at org.testng.internal.TestInvoker$MethodInvocationAgent.invoke(TestInvoker.java:824)
at org.testng.internal.TestInvoker.invokeTestMethods(TestInvoker.java:146)
at org.testng.internal.TestMethodWorker.invokeTestMethods(TestMethodWorker.java:146)
at org.testng.internal.TestMethodWorker.run(TestMethodWorker.java:128)
at java.base/java.util.ArrayList.forEach(ArrayList.java:1511)
at org.testng.TestRunner.privateRun(TestRunner.java:794)
at org.testng.TestRunner.run(TestRunner.java:596)
at org.testng.SuiteRunner.runTest(SuiteRunner.java:377)
at org.testng.SuiteRunner.runSequentially(SuiteRunner.java:371)
at org.testng.SuiteRunner.privateRun(SuiteRunner.java:332)
at org.testng.SuiteRunner.run(SuiteRunner.java:276)
at org.testng.SuiteRunnerWorker.runSuite(SuiteRunnerWorker.java:53)
at org.testng.SuiteRunnerWorker.run(SuiteRunnerWorker.java:96)
at org.testng.TestNG.runSuitesSequentially(TestNG.java:1212)
at org.testng.TestNG.runSuitesLocally(TestNG.java:1134)
at org.testng.TestNG.runSuites(TestNG.java:1063)
at org.testng.TestNG.run(TestNG.java:1031)
at org.testng.remote.AbstractRemoteTestNG.run(AbstractRemoteTestNG.java:115)
at org.testng.remote.RemoteTestNG.initAndRun(RemoteTestNG.java:251)
at org.testng.remote.RemoteTestNG.main(RemoteTestNG.java:77)
]]>
    </failure>
  </testcase> <!-- Testcase_RowCount_validation -->
  <system-out>
    <![CDATA[Executing Snowflake query :: SELECT count(*) as TOTAL FROM DEV_ENT_RAW.API_MAT.ST_API_CUSTOMERMEMBERSHIP WHERE TENANT_NAME='GOLDMEDAL'
Table Count in Snowflake:: 3228
Executing Snowflake query :: select count(*) as TOTAL from CURATED_DATAMART.ST_API_GOLDMEDAL.STR_API_CUSTOMERMEMBERSHIP WHERE ACTIVE_FLAG='Y'
Table Count in Snowflake:: 2678
Executing Snowflake query :: select count(*) as TOTAL from DEV_ENT_CURATED.MASTER_DIMENSIONS.DIM_CUSTOMERMEMBERSHIP WHERE TENANT_TYPE='GOLDMEDAL' and RECORD_UPDATED_BY='API ETL'
Table Count in Snowflake:: 73866
Row Count of Table CUSTOMERMEMBERSHIP is not matched for APIMAT :: 3228 DataMart :: 2678
Executing Snowflake query :: select count(*) as TOTAL from DEV_ENT_CURATED.MASTER_DIMENSIONS.DIM_CUSTOMERMEMBERSHIP WHERE TENANT_TYPE='GOLDMEDAL' and RECORD_UPDATED_BY='Backup Table' AND ID in (select ID from CURATED_DATAMART.ST_API_GOLDMEDAL.STR_API_CUSTOMERMEMBERSHIP WHERE ACTIVE_FLAG='Y')
Table Count in Snowflake:: 0
Row Count of Table CUSTOMERMEMBERSHIP is not matched for DataMart :: 2678 CURATED :: 0]]>
  </system-out>
  <testcase classname="testcases.RAW_DATAMART_CURATED.SnowFlake_RowCount_Master" name="Testcase_RowCount_validation" time="2.753">
    <failure message="The following asserts failed:
	null" type="java.lang.AssertionError">
      <![CDATA[java.lang.AssertionError: The following asserts failed:
null
at org.testng.asserts.SoftAssert.assertAll(SoftAssert.java:47)
at org.testng.asserts.SoftAssert.assertAll(SoftAssert.java:31)
at testcases.RAW_DATAMART_CURATED.SnowFlake_RowCount_Master.validate_RowCount_API(SnowFlake_RowCount_Master.java:115)
at testcases.RAW_DATAMART_CURATED.SnowFlake_RowCount_Master.Testcase_RowCount_validation(SnowFlake_RowCount_Master.java:28)
at jdk.internal.reflect.GeneratedMethodAccessor13.invoke(Unknown Source)
at java.base/jdk.internal.reflect.DelegatingMethodAccessorImpl.invoke(DelegatingMethodAccessorImpl.java:43)
at java.base/java.lang.reflect.Method.invoke(Method.java:568)
at org.testng.internal.MethodInvocationHelper.invokeMethod(MethodInvocationHelper.java:133)
at org.testng.internal.TestInvoker.invokeMethod(TestInvoker.java:598)
at org.testng.internal.TestInvoker.invokeTestMethod(TestInvoker.java:173)
at org.testng.internal.MethodRunner.runInSequence(MethodRunner.java:46)
at org.testng.internal.TestInvoker$MethodInvocationAgent.invoke(TestInvoker.java:824)
at org.testng.internal.TestInvoker.invokeTestMethods(TestInvoker.java:146)
at org.testng.internal.TestMethodWorker.invokeTestMethods(TestMethodWorker.java:146)
at org.testng.internal.TestMethodWorker.run(TestMethodWorker.java:128)
at java.base/java.util.ArrayList.forEach(ArrayList.java:1511)
at org.testng.TestRunner.privateRun(TestRunner.java:794)
at org.testng.TestRunner.run(TestRunner.java:596)
at org.testng.SuiteRunner.runTest(SuiteRunner.java:377)
at org.testng.SuiteRunner.runSequentially(SuiteRunner.java:371)
at org.testng.SuiteRunner.privateRun(SuiteRunner.java:332)
at org.testng.SuiteRunner.run(SuiteRunner.java:276)
at org.testng.SuiteRunnerWorker.runSuite(SuiteRunnerWorker.java:53)
at org.testng.SuiteRunnerWorker.run(SuiteRunnerWorker.java:96)
at org.testng.TestNG.runSuitesSequentially(TestNG.java:1212)
at org.testng.TestNG.runSuitesLocally(TestNG.java:1134)
at org.testng.TestNG.runSuites(TestNG.java:1063)
at org.testng.TestNG.run(TestNG.java:1031)
at org.testng.remote.AbstractRemoteTestNG.run(AbstractRemoteTestNG.java:115)
at org.testng.remote.RemoteTestNG.initAndRun(RemoteTestNG.java:251)
at org.testng.remote.RemoteTestNG.main(RemoteTestNG.java:77)
]]>
    </failure>
  </testcase> <!-- Testcase_RowCount_validation -->
  <system-out>
    <![CDATA[Executing Snowflake query :: SELECT count(*) as TOTAL FROM DEV_ENT_RAW.API_MAT.ST_API_CATEGORY WHERE TENANT_NAME='FOURPROS'
Table Count in Snowflake:: 1094
Executing Snowflake query :: select count(*) as TOTAL from CURATED_DATAMART.ST_API_FOURPROS.STR_API_CATEGORY WHERE ACTIVE_FLAG='Y'
Table Count in Snowflake:: 1094
Executing Snowflake query :: select count(*) as TOTAL from DEV_ENT_CURATED.MASTER_DIMENSIONS.DIM_CATEGORY WHERE TENANT_TYPE='FOURPROS' and RECORD_UPDATED_BY='API ETL'
Table Count in Snowflake:: 0
Row Count of Table CATEGORY is matched for APIMAT :: 1094 DataMart :: 1094
Executing Snowflake query :: select count(*) as TOTAL from DEV_ENT_CURATED.MASTER_DIMENSIONS.DIM_CATEGORY WHERE TENANT_TYPE='FOURPROS' and RECORD_UPDATED_BY='Backup Table' AND ID in (select ID from CURATED_DATAMART.ST_API_FOURPROS.STR_API_CATEGORY WHERE ACTIVE_FLAG='Y')
Table Count in Snowflake:: 1083
Row Count of Table CATEGORY is not matched for DataMart :: 1094 CURATED :: 1083]]>
  </system-out>
  <testcase classname="testcases.RAW_DATAMART_CURATED.SnowFlake_RowCount_Master" name="Testcase_RowCount_validation" time="1.326">
    <failure message="The following asserts failed:
	null,
	null" type="java.lang.AssertionError">
      <![CDATA[java.lang.AssertionError: The following asserts failed:
null,
null
at org.testng.asserts.SoftAssert.assertAll(SoftAssert.java:47)
at org.testng.asserts.SoftAssert.assertAll(SoftAssert.java:31)
at testcases.RAW_DATAMART_CURATED.SnowFlake_RowCount_Master.validate_RowCount_BKP(SnowFlake_RowCount_Master.java:56)
at testcases.RAW_DATAMART_CURATED.SnowFlake_RowCount_Master.Testcase_RowCount_validation(SnowFlake_RowCount_Master.java:25)
at jdk.internal.reflect.GeneratedMethodAccessor13.invoke(Unknown Source)
at java.base/jdk.internal.reflect.DelegatingMethodAccessorImpl.invoke(DelegatingMethodAccessorImpl.java:43)
at java.base/java.lang.reflect.Method.invoke(Method.java:568)
at org.testng.internal.MethodInvocationHelper.invokeMethod(MethodInvocationHelper.java:133)
at org.testng.internal.TestInvoker.invokeMethod(TestInvoker.java:598)
at org.testng.internal.TestInvoker.invokeTestMethod(TestInvoker.java:173)
at org.testng.internal.MethodRunner.runInSequence(MethodRunner.java:46)
at org.testng.internal.TestInvoker$MethodInvocationAgent.invoke(TestInvoker.java:824)
at org.testng.internal.TestInvoker.invokeTestMethods(TestInvoker.java:146)
at org.testng.internal.TestMethodWorker.invokeTestMethods(TestMethodWorker.java:146)
at org.testng.internal.TestMethodWorker.run(TestMethodWorker.java:128)
at java.base/java.util.ArrayList.forEach(ArrayList.java:1511)
at org.testng.TestRunner.privateRun(TestRunner.java:794)
at org.testng.TestRunner.run(TestRunner.java:596)
at org.testng.SuiteRunner.runTest(SuiteRunner.java:377)
at org.testng.SuiteRunner.runSequentially(SuiteRunner.java:371)
at org.testng.SuiteRunner.privateRun(SuiteRunner.java:332)
at org.testng.SuiteRunner.run(SuiteRunner.java:276)
at org.testng.SuiteRunnerWorker.runSuite(SuiteRunnerWorker.java:53)
at org.testng.SuiteRunnerWorker.run(SuiteRunnerWorker.java:96)
at org.testng.TestNG.runSuitesSequentially(TestNG.java:1212)
at org.testng.TestNG.runSuitesLocally(TestNG.java:1134)
at org.testng.TestNG.runSuites(TestNG.java:1063)
at org.testng.TestNG.run(TestNG.java:1031)
at org.testng.remote.AbstractRemoteTestNG.run(AbstractRemoteTestNG.java:115)
at org.testng.remote.RemoteTestNG.initAndRun(RemoteTestNG.java:251)
at org.testng.remote.RemoteTestNG.main(RemoteTestNG.java:77)
]]>
    </failure>
  </testcase> <!-- Testcase_RowCount_validation -->
  <system-out>
    <![CDATA[Executing Snowflake query :: SELECT count(*) as TOTAL FROM DEV_ENT_RAW.ST_EANESHEATING_MATILLION.ZONE
Snowflake - SQLException at readDB() method :: SQL compilation error:
Object 'DEV_ENT_RAW.ST_EANESHEATING_MATILLION.ZONE' does not exist or not authorized.
Executing Snowflake query :: select count(*) as TOTAL from CURATED_DATAMART.ST_BKP_EANESHEATING.STR_ZONE Where ACTIVE_FLAG='Y'
Table Count in Snowflake:: 3
Executing Snowflake query :: select count(*) as TOTAL from DEV_ENT_CURATED.MASTER_DIMENSIONS.DIM_ZONE where tenant_type='EANESHEATING' and RECORD_UPDATED_BY='Backup Table'
Table Count in Snowflake:: 2
Row Count of Table ZONE is not matched for RAW :: 0 DataMart :: 3 CURATED :: 2]]>
  </system-out>
  <testcase classname="testcases.RAW_DATAMART_CURATED.SnowFlake_RowCount_Master" name="Testcase_RowCount_validation" time="2.254">
    <failure message="The following asserts failed:
	null" type="java.lang.AssertionError">
      <![CDATA[java.lang.AssertionError: The following asserts failed:
null
at org.testng.asserts.SoftAssert.assertAll(SoftAssert.java:47)
at org.testng.asserts.SoftAssert.assertAll(SoftAssert.java:31)
at testcases.RAW_DATAMART_CURATED.SnowFlake_RowCount_Master.validate_RowCount_BKP(SnowFlake_RowCount_Master.java:56)
at testcases.RAW_DATAMART_CURATED.SnowFlake_RowCount_Master.Testcase_RowCount_validation(SnowFlake_RowCount_Master.java:25)
at jdk.internal.reflect.GeneratedMethodAccessor13.invoke(Unknown Source)
at java.base/jdk.internal.reflect.DelegatingMethodAccessorImpl.invoke(DelegatingMethodAccessorImpl.java:43)
at java.base/java.lang.reflect.Method.invoke(Method.java:568)
at org.testng.internal.MethodInvocationHelper.invokeMethod(MethodInvocationHelper.java:133)
at org.testng.internal.TestInvoker.invokeMethod(TestInvoker.java:598)
at org.testng.internal.TestInvoker.invokeTestMethod(TestInvoker.java:173)
at org.testng.internal.MethodRunner.runInSequence(MethodRunner.java:46)
at org.testng.internal.TestInvoker$MethodInvocationAgent.invoke(TestInvoker.java:824)
at org.testng.internal.TestInvoker.invokeTestMethods(TestInvoker.java:146)
at org.testng.internal.TestMethodWorker.invokeTestMethods(TestMethodWorker.java:146)
at org.testng.internal.TestMethodWorker.run(TestMethodWorker.java:128)
at java.base/java.util.ArrayList.forEach(ArrayList.java:1511)
at org.testng.TestRunner.privateRun(TestRunner.java:794)
at org.testng.TestRunner.run(TestRunner.java:596)
at org.testng.SuiteRunner.runTest(SuiteRunner.java:377)
at org.testng.SuiteRunner.runSequentially(SuiteRunner.java:371)
at org.testng.SuiteRunner.privateRun(SuiteRunner.java:332)
at org.testng.SuiteRunner.run(SuiteRunner.java:276)
at org.testng.SuiteRunnerWorker.runSuite(SuiteRunnerWorker.java:53)
at org.testng.SuiteRunnerWorker.run(SuiteRunnerWorker.java:96)
at org.testng.TestNG.runSuitesSequentially(TestNG.java:1212)
at org.testng.TestNG.runSuitesLocally(TestNG.java:1134)
at org.testng.TestNG.runSuites(TestNG.java:1063)
at org.testng.TestNG.run(TestNG.java:1031)
at org.testng.remote.AbstractRemoteTestNG.run(AbstractRemoteTestNG.java:115)
at org.testng.remote.RemoteTestNG.initAndRun(RemoteTestNG.java:251)
at org.testng.remote.RemoteTestNG.main(RemoteTestNG.java:77)
]]>
    </failure>
  </testcase> <!-- Testcase_RowCount_validation -->
  <system-out>
    <![CDATA[Executing Snowflake query :: SELECT count(*) as TOTAL FROM DEV_ENT_RAW.ST_HDAIR_MATILLION.LEAD
Snowflake - SQLException at readDB() method :: SQL compilation error:
Object 'DEV_ENT_RAW.ST_HDAIR_MATILLION.LEAD' does not exist or not authorized.
Executing Snowflake query :: select count(*) as TOTAL from CURATED_DATAMART.ST_BKP_HDAIR.STR_LEAD Where ACTIVE_FLAG='Y'
Table Count in Snowflake:: 1431
Executing Snowflake query :: select count(*) as TOTAL from DEV_ENT_CURATED.MASTER_DIMENSIONS.DIM_LEAD where tenant_type='HDAIR' and RECORD_UPDATED_BY='Backup Table'
Table Count in Snowflake:: 2862
Row Count of Table LEAD is matched for RAW :: 0 DataMart :: 1431 CURATED :: 2862]]>
  </system-out>
  <testcase classname="testcases.RAW_DATAMART_CURATED.SnowFlake_RowCount_Master" name="Testcase_RowCount_validation" time="1.433">
    <failure message="The following asserts failed:
	null" type="java.lang.AssertionError">
      <![CDATA[java.lang.AssertionError: The following asserts failed:
null
at org.testng.asserts.SoftAssert.assertAll(SoftAssert.java:47)
at org.testng.asserts.SoftAssert.assertAll(SoftAssert.java:31)
at testcases.RAW_DATAMART_CURATED.SnowFlake_RowCount_Master.validate_RowCount_BKP(SnowFlake_RowCount_Master.java:56)
at testcases.RAW_DATAMART_CURATED.SnowFlake_RowCount_Master.Testcase_RowCount_validation(SnowFlake_RowCount_Master.java:25)
at jdk.internal.reflect.GeneratedMethodAccessor13.invoke(Unknown Source)
at java.base/jdk.internal.reflect.DelegatingMethodAccessorImpl.invoke(DelegatingMethodAccessorImpl.java:43)
at java.base/java.lang.reflect.Method.invoke(Method.java:568)
at org.testng.internal.MethodInvocationHelper.invokeMethod(MethodInvocationHelper.java:133)
at org.testng.internal.TestInvoker.invokeMethod(TestInvoker.java:598)
at org.testng.internal.TestInvoker.invokeTestMethod(TestInvoker.java:173)
at org.testng.internal.MethodRunner.runInSequence(MethodRunner.java:46)
at org.testng.internal.TestInvoker$MethodInvocationAgent.invoke(TestInvoker.java:824)
at org.testng.internal.TestInvoker.invokeTestMethods(TestInvoker.java:146)
at org.testng.internal.TestMethodWorker.invokeTestMethods(TestMethodWorker.java:146)
at org.testng.internal.TestMethodWorker.run(TestMethodWorker.java:128)
at java.base/java.util.ArrayList.forEach(ArrayList.java:1511)
at org.testng.TestRunner.privateRun(TestRunner.java:794)
at org.testng.TestRunner.run(TestRunner.java:596)
at org.testng.SuiteRunner.runTest(SuiteRunner.java:377)
at org.testng.SuiteRunner.runSequentially(SuiteRunner.java:371)
at org.testng.SuiteRunner.privateRun(SuiteRunner.java:332)
at org.testng.SuiteRunner.run(SuiteRunner.java:276)
at org.testng.SuiteRunnerWorker.runSuite(SuiteRunnerWorker.java:53)
at org.testng.SuiteRunnerWorker.run(SuiteRunnerWorker.java:96)
at org.testng.TestNG.runSuitesSequentially(TestNG.java:1212)
at org.testng.TestNG.runSuitesLocally(TestNG.java:1134)
at org.testng.TestNG.runSuites(TestNG.java:1063)
at org.testng.TestNG.run(TestNG.java:1031)
at org.testng.remote.AbstractRemoteTestNG.run(AbstractRemoteTestNG.java:115)
at org.testng.remote.RemoteTestNG.initAndRun(RemoteTestNG.java:251)
at org.testng.remote.RemoteTestNG.main(RemoteTestNG.java:77)
]]>
    </failure>
  </testcase> <!-- Testcase_RowCount_validation -->
  <system-out>
    <![CDATA[Executing Snowflake query :: SELECT count(*) as TOTAL FROM DEV_ENT_RAW.ST_EANESHEATING_MATILLION.CATEGORY
Snowflake - SQLException at readDB() method :: SQL compilation error:
Object 'DEV_ENT_RAW.ST_EANESHEATING_MATILLION.CATEGORY' does not exist or not authorized.
Executing Snowflake query :: select count(*) as TOTAL from CURATED_DATAMART.ST_BKP_EANESHEATING.STR_CATEGORY Where ACTIVE_FLAG='Y'
Table Count in Snowflake:: 351
Executing Snowflake query :: select count(*) as TOTAL from DEV_ENT_CURATED.MASTER_DIMENSIONS.DIM_CATEGORY where tenant_type='EANESHEATING' and RECORD_UPDATED_BY='Backup Table'
Table Count in Snowflake:: 351
Row Count of Table CATEGORY is matched for RAW :: 0 DataMart :: 351 CURATED :: 351]]>
  </system-out>
  <testcase classname="testcases.RAW_DATAMART_CURATED.SnowFlake_RowCount_Master" name="Testcase_RowCount_validation" time="1.948">
    <failure message="The following asserts failed:
	null" type="java.lang.AssertionError">
      <![CDATA[java.lang.AssertionError: The following asserts failed:
null
at org.testng.asserts.SoftAssert.assertAll(SoftAssert.java:47)
at org.testng.asserts.SoftAssert.assertAll(SoftAssert.java:31)
at testcases.RAW_DATAMART_CURATED.SnowFlake_RowCount_Master.validate_RowCount_BKP(SnowFlake_RowCount_Master.java:56)
at testcases.RAW_DATAMART_CURATED.SnowFlake_RowCount_Master.Testcase_RowCount_validation(SnowFlake_RowCount_Master.java:25)
at jdk.internal.reflect.GeneratedMethodAccessor13.invoke(Unknown Source)
at java.base/jdk.internal.reflect.DelegatingMethodAccessorImpl.invoke(DelegatingMethodAccessorImpl.java:43)
at java.base/java.lang.reflect.Method.invoke(Method.java:568)
at org.testng.internal.MethodInvocationHelper.invokeMethod(MethodInvocationHelper.java:133)
at org.testng.internal.TestInvoker.invokeMethod(TestInvoker.java:598)
at org.testng.internal.TestInvoker.invokeTestMethod(TestInvoker.java:173)
at org.testng.internal.MethodRunner.runInSequence(MethodRunner.java:46)
at org.testng.internal.TestInvoker$MethodInvocationAgent.invoke(TestInvoker.java:824)
at org.testng.internal.TestInvoker.invokeTestMethods(TestInvoker.java:146)
at org.testng.internal.TestMethodWorker.invokeTestMethods(TestMethodWorker.java:146)
at org.testng.internal.TestMethodWorker.run(TestMethodWorker.java:128)
at java.base/java.util.ArrayList.forEach(ArrayList.java:1511)
at org.testng.TestRunner.privateRun(TestRunner.java:794)
at org.testng.TestRunner.run(TestRunner.java:596)
at org.testng.SuiteRunner.runTest(SuiteRunner.java:377)
at org.testng.SuiteRunner.runSequentially(SuiteRunner.java:371)
at org.testng.SuiteRunner.privateRun(SuiteRunner.java:332)
at org.testng.SuiteRunner.run(SuiteRunner.java:276)
at org.testng.SuiteRunnerWorker.runSuite(SuiteRunnerWorker.java:53)
at org.testng.SuiteRunnerWorker.run(SuiteRunnerWorker.java:96)
at org.testng.TestNG.runSuitesSequentially(TestNG.java:1212)
at org.testng.TestNG.runSuitesLocally(TestNG.java:1134)
at org.testng.TestNG.runSuites(TestNG.java:1063)
at org.testng.TestNG.run(TestNG.java:1031)
at org.testng.remote.AbstractRemoteTestNG.run(AbstractRemoteTestNG.java:115)
at org.testng.remote.RemoteTestNG.initAndRun(RemoteTestNG.java:251)
at org.testng.remote.RemoteTestNG.main(RemoteTestNG.java:77)
]]>
    </failure>
  </testcase> <!-- Testcase_RowCount_validation -->
  <system-out>
    <![CDATA[Executing Snowflake query :: SELECT count(*) as TOTAL FROM DEV_ENT_RAW.ST_FOURPROS_MATILLION.TAG
Table Count in Snowflake:: 53024
Executing Snowflake query :: select count(*) as TOTAL from CURATED_DATAMART.ST_BKP_FOURPROS.STR_TAG Where ACTIVE_FLAG='Y'
Table Count in Snowflake:: 52811
Executing Snowflake query :: select count(*) as TOTAL from DEV_ENT_CURATED.MASTER_DIMENSIONS.DIM_TAG where tenant_type='FOURPROS' and RECORD_UPDATED_BY='Backup Table'
Table Count in Snowflake:: 52815
Row Count of Table TAG is not matched for RAW :: 53024 DataMart :: 52811 CURATED :: 52815]]>
  </system-out>
  <testcase classname="testcases.RAW_DATAMART_CURATED.SnowFlake_RowCount_Master" name="Testcase_RowCount_validation" time="1.742">
    <failure message="The following asserts failed:
	null" type="java.lang.AssertionError">
      <![CDATA[java.lang.AssertionError: The following asserts failed:
null
at org.testng.asserts.SoftAssert.assertAll(SoftAssert.java:47)
at org.testng.asserts.SoftAssert.assertAll(SoftAssert.java:31)
at testcases.RAW_DATAMART_CURATED.SnowFlake_RowCount_Master.validate_RowCount_BKP(SnowFlake_RowCount_Master.java:56)
at testcases.RAW_DATAMART_CURATED.SnowFlake_RowCount_Master.Testcase_RowCount_validation(SnowFlake_RowCount_Master.java:25)
at jdk.internal.reflect.GeneratedMethodAccessor13.invoke(Unknown Source)
at java.base/jdk.internal.reflect.DelegatingMethodAccessorImpl.invoke(DelegatingMethodAccessorImpl.java:43)
at java.base/java.lang.reflect.Method.invoke(Method.java:568)
at org.testng.internal.MethodInvocationHelper.invokeMethod(MethodInvocationHelper.java:133)
at org.testng.internal.TestInvoker.invokeMethod(TestInvoker.java:598)
at org.testng.internal.TestInvoker.invokeTestMethod(TestInvoker.java:173)
at org.testng.internal.MethodRunner.runInSequence(MethodRunner.java:46)
at org.testng.internal.TestInvoker$MethodInvocationAgent.invoke(TestInvoker.java:824)
at org.testng.internal.TestInvoker.invokeTestMethods(TestInvoker.java:146)
at org.testng.internal.TestMethodWorker.invokeTestMethods(TestMethodWorker.java:146)
at org.testng.internal.TestMethodWorker.run(TestMethodWorker.java:128)
at java.base/java.util.ArrayList.forEach(ArrayList.java:1511)
at org.testng.TestRunner.privateRun(TestRunner.java:794)
at org.testng.TestRunner.run(TestRunner.java:596)
at org.testng.SuiteRunner.runTest(SuiteRunner.java:377)
at org.testng.SuiteRunner.runSequentially(SuiteRunner.java:371)
at org.testng.SuiteRunner.privateRun(SuiteRunner.java:332)
at org.testng.SuiteRunner.run(SuiteRunner.java:276)
at org.testng.SuiteRunnerWorker.runSuite(SuiteRunnerWorker.java:53)
at org.testng.SuiteRunnerWorker.run(SuiteRunnerWorker.java:96)
at org.testng.TestNG.runSuitesSequentially(TestNG.java:1212)
at org.testng.TestNG.runSuitesLocally(TestNG.java:1134)
at org.testng.TestNG.runSuites(TestNG.java:1063)
at org.testng.TestNG.run(TestNG.java:1031)
at org.testng.remote.AbstractRemoteTestNG.run(AbstractRemoteTestNG.java:115)
at org.testng.remote.RemoteTestNG.initAndRun(RemoteTestNG.java:251)
at org.testng.remote.RemoteTestNG.main(RemoteTestNG.java:77)
]]>
    </failure>
  </testcase> <!-- Testcase_RowCount_validation -->
  <system-out>
    <![CDATA[Executing Snowflake query :: SELECT count(*) as TOTAL FROM DEV_ENT_RAW.ST_MAITZ_MATILLION.BUSINESSUNIT
Table Count in Snowflake:: 9
Executing Snowflake query :: select count(*) as TOTAL from CURATED_DATAMART.ST_BKP_MAITZ.STR_BUSINESSUNIT Where ACTIVE_FLAG='Y'
Table Count in Snowflake:: 24
Executing Snowflake query :: select count(*) as TOTAL from DEV_ENT_CURATED.MASTER_DIMENSIONS.DIM_BUSINESSUNIT where tenant_type='MAITZ' and RECORD_UPDATED_BY='Backup Table'
Table Count in Snowflake:: 17
Row Count of Table BUSINESSUNIT is not matched for RAW :: 9 DataMart :: 24 CURATED :: 17]]>
  </system-out>
  <testcase classname="testcases.RAW_DATAMART_CURATED.SnowFlake_RowCount_Master" name="Testcase_RowCount_validation" time="1.433">
    <failure message="The following asserts failed:
	null" type="java.lang.AssertionError">
      <![CDATA[java.lang.AssertionError: The following asserts failed:
null
at org.testng.asserts.SoftAssert.assertAll(SoftAssert.java:47)
at org.testng.asserts.SoftAssert.assertAll(SoftAssert.java:31)
at testcases.RAW_DATAMART_CURATED.SnowFlake_RowCount_Master.validate_RowCount_API(SnowFlake_RowCount_Master.java:115)
at testcases.RAW_DATAMART_CURATED.SnowFlake_RowCount_Master.Testcase_RowCount_validation(SnowFlake_RowCount_Master.java:28)
at jdk.internal.reflect.GeneratedMethodAccessor13.invoke(Unknown Source)
at java.base/jdk.internal.reflect.DelegatingMethodAccessorImpl.invoke(DelegatingMethodAccessorImpl.java:43)
at java.base/java.lang.reflect.Method.invoke(Method.java:568)
at org.testng.internal.MethodInvocationHelper.invokeMethod(MethodInvocationHelper.java:133)
at org.testng.internal.TestInvoker.invokeMethod(TestInvoker.java:598)
at org.testng.internal.TestInvoker.invokeTestMethod(TestInvoker.java:173)
at org.testng.internal.MethodRunner.runInSequence(MethodRunner.java:46)
at org.testng.internal.TestInvoker$MethodInvocationAgent.invoke(TestInvoker.java:824)
at org.testng.internal.TestInvoker.invokeTestMethods(TestInvoker.java:146)
at org.testng.internal.TestMethodWorker.invokeTestMethods(TestMethodWorker.java:146)
at org.testng.internal.TestMethodWorker.run(TestMethodWorker.java:128)
at java.base/java.util.ArrayList.forEach(ArrayList.java:1511)
at org.testng.TestRunner.privateRun(TestRunner.java:794)
at org.testng.TestRunner.run(TestRunner.java:596)
at org.testng.SuiteRunner.runTest(SuiteRunner.java:377)
at org.testng.SuiteRunner.runSequentially(SuiteRunner.java:371)
at org.testng.SuiteRunner.privateRun(SuiteRunner.java:332)
at org.testng.SuiteRunner.run(SuiteRunner.java:276)
at org.testng.SuiteRunnerWorker.runSuite(SuiteRunnerWorker.java:53)
at org.testng.SuiteRunnerWorker.run(SuiteRunnerWorker.java:96)
at org.testng.TestNG.runSuitesSequentially(TestNG.java:1212)
at org.testng.TestNG.runSuitesLocally(TestNG.java:1134)
at org.testng.TestNG.runSuites(TestNG.java:1063)
at org.testng.TestNG.run(TestNG.java:1031)
at org.testng.remote.AbstractRemoteTestNG.run(AbstractRemoteTestNG.java:115)
at org.testng.remote.RemoteTestNG.initAndRun(RemoteTestNG.java:251)
at org.testng.remote.RemoteTestNG.main(RemoteTestNG.java:77)
]]>
    </failure>
  </testcase> <!-- Testcase_RowCount_validation -->
  <system-out>
    <![CDATA[Executing Snowflake query :: SELECT count(*) as TOTAL FROM DEV_ENT_RAW.API_MAT.ST_API_INVOICEITEM WHERE TENANT_NAME='SNELLHEATINGAIR'
Table Count in Snowflake:: 2944
Executing Snowflake query :: select count(*) as TOTAL from CURATED_DATAMART.ST_API_SNELLHEATINGAIR.STR_API_INVOICEITEM WHERE ACTIVE_FLAG='Y'
Table Count in Snowflake:: 0
Executing Snowflake query :: select count(*) as TOTAL from DEV_ENT_CURATED.MASTER_DIMENSIONS.DIM_INVOICEITEM WHERE TENANT_TYPE='SNELLHEATINGAIR' and RECORD_UPDATED_BY='API ETL'
Table Count in Snowflake:: 0
Row Count of Table INVOICEITEM is not matched for APIMAT :: 2944 DataMart :: 0
Row Count of Table INVOICEITEM is matched for DataMart :: 0 CURATED :: 0]]>
  </system-out>
  <testcase classname="testcases.RAW_DATAMART_CURATED.SnowFlake_RowCount_Master" name="Testcase_RowCount_validation" time="2.661">
    <failure message="The following asserts failed:
	null,
	null" type="java.lang.AssertionError">
      <![CDATA[java.lang.AssertionError: The following asserts failed:
null,
null
at org.testng.asserts.SoftAssert.assertAll(SoftAssert.java:47)
at org.testng.asserts.SoftAssert.assertAll(SoftAssert.java:31)
at testcases.RAW_DATAMART_CURATED.SnowFlake_RowCount_Master.validate_RowCount_BKP(SnowFlake_RowCount_Master.java:56)
at testcases.RAW_DATAMART_CURATED.SnowFlake_RowCount_Master.Testcase_RowCount_validation(SnowFlake_RowCount_Master.java:25)
at jdk.internal.reflect.GeneratedMethodAccessor13.invoke(Unknown Source)
at java.base/jdk.internal.reflect.DelegatingMethodAccessorImpl.invoke(DelegatingMethodAccessorImpl.java:43)
at java.base/java.lang.reflect.Method.invoke(Method.java:568)
at org.testng.internal.MethodInvocationHelper.invokeMethod(MethodInvocationHelper.java:133)
at org.testng.internal.TestInvoker.invokeMethod(TestInvoker.java:598)
at org.testng.internal.TestInvoker.invokeTestMethod(TestInvoker.java:173)
at org.testng.internal.MethodRunner.runInSequence(MethodRunner.java:46)
at org.testng.internal.TestInvoker$MethodInvocationAgent.invoke(TestInvoker.java:824)
at org.testng.internal.TestInvoker.invokeTestMethods(TestInvoker.java:146)
at org.testng.internal.TestMethodWorker.invokeTestMethods(TestMethodWorker.java:146)
at org.testng.internal.TestMethodWorker.run(TestMethodWorker.java:128)
at java.base/java.util.ArrayList.forEach(ArrayList.java:1511)
at org.testng.TestRunner.privateRun(TestRunner.java:794)
at org.testng.TestRunner.run(TestRunner.java:596)
at org.testng.SuiteRunner.runTest(SuiteRunner.java:377)
at org.testng.SuiteRunner.runSequentially(SuiteRunner.java:371)
at org.testng.SuiteRunner.privateRun(SuiteRunner.java:332)
at org.testng.SuiteRunner.run(SuiteRunner.java:276)
at org.testng.SuiteRunnerWorker.runSuite(SuiteRunnerWorker.java:53)
at org.testng.SuiteRunnerWorker.run(SuiteRunnerWorker.java:96)
at org.testng.TestNG.runSuitesSequentially(TestNG.java:1212)
at org.testng.TestNG.runSuitesLocally(TestNG.java:1134)
at org.testng.TestNG.runSuites(TestNG.java:1063)
at org.testng.TestNG.run(TestNG.java:1031)
at org.testng.remote.AbstractRemoteTestNG.run(AbstractRemoteTestNG.java:115)
at org.testng.remote.RemoteTestNG.initAndRun(RemoteTestNG.java:251)
at org.testng.remote.RemoteTestNG.main(RemoteTestNG.java:77)
]]>
    </failure>
  </testcase> <!-- Testcase_RowCount_validation -->
  <system-out>
    <![CDATA[Executing Snowflake query :: SELECT count(*) as TOTAL FROM DEV_ENT_RAW.ST_EANESHEATING_MATILLION.PAYMENT
Snowflake - SQLException at readDB() method :: SQL compilation error:
Object 'DEV_ENT_RAW.ST_EANESHEATING_MATILLION.PAYMENT' does not exist or not authorized.
Executing Snowflake query :: select count(*) as TOTAL from CURATED_DATAMART.ST_BKP_EANESHEATING.STR_PAYMENT Where ACTIVE_FLAG='Y'
Table Count in Snowflake:: 233077
Executing Snowflake query :: select count(*) as TOTAL from DEV_ENT_CURATED.MASTER_DIMENSIONS.DIM_PAYMENT where tenant_type='EANESHEATING' and RECORD_UPDATED_BY='Backup Table'
Table Count in Snowflake:: 232759
Row Count of Table PAYMENT is not matched for RAW :: 0 DataMart :: 233077 CURATED :: 232759]]>
  </system-out>
  <testcase classname="testcases.RAW_DATAMART_CURATED.SnowFlake_RowCount_Master" name="Testcase_RowCount_validation" time="2.683">
    <failure message="The following asserts failed:
	null" type="java.lang.AssertionError">
      <![CDATA[java.lang.AssertionError: The following asserts failed:
null
at org.testng.asserts.SoftAssert.assertAll(SoftAssert.java:47)
at org.testng.asserts.SoftAssert.assertAll(SoftAssert.java:31)
at testcases.RAW_DATAMART_CURATED.SnowFlake_RowCount_Master.validate_RowCount_BKP(SnowFlake_RowCount_Master.java:56)
at testcases.RAW_DATAMART_CURATED.SnowFlake_RowCount_Master.Testcase_RowCount_validation(SnowFlake_RowCount_Master.java:25)
at jdk.internal.reflect.GeneratedMethodAccessor13.invoke(Unknown Source)
at java.base/jdk.internal.reflect.DelegatingMethodAccessorImpl.invoke(DelegatingMethodAccessorImpl.java:43)
at java.base/java.lang.reflect.Method.invoke(Method.java:568)
at org.testng.internal.MethodInvocationHelper.invokeMethod(MethodInvocationHelper.java:133)
at org.testng.internal.TestInvoker.invokeMethod(TestInvoker.java:598)
at org.testng.internal.TestInvoker.invokeTestMethod(TestInvoker.java:173)
at org.testng.internal.MethodRunner.runInSequence(MethodRunner.java:46)
at org.testng.internal.TestInvoker$MethodInvocationAgent.invoke(TestInvoker.java:824)
at org.testng.internal.TestInvoker.invokeTestMethods(TestInvoker.java:146)
at org.testng.internal.TestMethodWorker.invokeTestMethods(TestMethodWorker.java:146)
at org.testng.internal.TestMethodWorker.run(TestMethodWorker.java:128)
at java.base/java.util.ArrayList.forEach(ArrayList.java:1511)
at org.testng.TestRunner.privateRun(TestRunner.java:794)
at org.testng.TestRunner.run(TestRunner.java:596)
at org.testng.SuiteRunner.runTest(SuiteRunner.java:377)
at org.testng.SuiteRunner.runSequentially(SuiteRunner.java:371)
at org.testng.SuiteRunner.privateRun(SuiteRunner.java:332)
at org.testng.SuiteRunner.run(SuiteRunner.java:276)
at org.testng.SuiteRunnerWorker.runSuite(SuiteRunnerWorker.java:53)
at org.testng.SuiteRunnerWorker.run(SuiteRunnerWorker.java:96)
at org.testng.TestNG.runSuitesSequentially(TestNG.java:1212)
at org.testng.TestNG.runSuitesLocally(TestNG.java:1134)
at org.testng.TestNG.runSuites(TestNG.java:1063)
at org.testng.TestNG.run(TestNG.java:1031)
at org.testng.remote.AbstractRemoteTestNG.run(AbstractRemoteTestNG.java:115)
at org.testng.remote.RemoteTestNG.initAndRun(RemoteTestNG.java:251)
at org.testng.remote.RemoteTestNG.main(RemoteTestNG.java:77)
]]>
    </failure>
  </testcase> <!-- Testcase_RowCount_validation -->
  <system-out>
    <![CDATA[Executing Snowflake query :: SELECT count(*) as TOTAL FROM DEV_ENT_RAW.ST_GOLDMEDAL_MATILLION.EMPLOYEE
Table Count in Snowflake:: 490
Executing Snowflake query :: select count(*) as TOTAL from CURATED_DATAMART.ST_BKP_GOLDMEDAL.STR_EMPLOYEE Where ACTIVE_FLAG='Y'
Table Count in Snowflake:: 490
Executing Snowflake query :: select count(*) as TOTAL from DEV_ENT_CURATED.MASTER_DIMENSIONS.DIM_EMPLOYEE where tenant_type='GOLDMEDAL' and RECORD_UPDATED_BY='Backup Table'
Table Count in Snowflake:: 425
Row Count of Table EMPLOYEE is not matched for RAW :: 490 DataMart :: 490 CURATED :: 425]]>
  </system-out>
  <testcase classname="testcases.RAW_DATAMART_CURATED.SnowFlake_RowCount_Master" name="Testcase_RowCount_validation" time="2.356">
    <failure message="The following asserts failed:
	null" type="java.lang.AssertionError">
      <![CDATA[java.lang.AssertionError: The following asserts failed:
null
at org.testng.asserts.SoftAssert.assertAll(SoftAssert.java:47)
at org.testng.asserts.SoftAssert.assertAll(SoftAssert.java:31)
at testcases.RAW_DATAMART_CURATED.SnowFlake_RowCount_Master.validate_RowCount_BKP(SnowFlake_RowCount_Master.java:56)
at testcases.RAW_DATAMART_CURATED.SnowFlake_RowCount_Master.Testcase_RowCount_validation(SnowFlake_RowCount_Master.java:25)
at jdk.internal.reflect.GeneratedMethodAccessor13.invoke(Unknown Source)
at java.base/jdk.internal.reflect.DelegatingMethodAccessorImpl.invoke(DelegatingMethodAccessorImpl.java:43)
at java.base/java.lang.reflect.Method.invoke(Method.java:568)
at org.testng.internal.MethodInvocationHelper.invokeMethod(MethodInvocationHelper.java:133)
at org.testng.internal.TestInvoker.invokeMethod(TestInvoker.java:598)
at org.testng.internal.TestInvoker.invokeTestMethod(TestInvoker.java:173)
at org.testng.internal.MethodRunner.runInSequence(MethodRunner.java:46)
at org.testng.internal.TestInvoker$MethodInvocationAgent.invoke(TestInvoker.java:824)
at org.testng.internal.TestInvoker.invokeTestMethods(TestInvoker.java:146)
at org.testng.internal.TestMethodWorker.invokeTestMethods(TestMethodWorker.java:146)
at org.testng.internal.TestMethodWorker.run(TestMethodWorker.java:128)
at java.base/java.util.ArrayList.forEach(ArrayList.java:1511)
at org.testng.TestRunner.privateRun(TestRunner.java:794)
at org.testng.TestRunner.run(TestRunner.java:596)
at org.testng.SuiteRunner.runTest(SuiteRunner.java:377)
at org.testng.SuiteRunner.runSequentially(SuiteRunner.java:371)
at org.testng.SuiteRunner.privateRun(SuiteRunner.java:332)
at org.testng.SuiteRunner.run(SuiteRunner.java:276)
at org.testng.SuiteRunnerWorker.runSuite(SuiteRunnerWorker.java:53)
at org.testng.SuiteRunnerWorker.run(SuiteRunnerWorker.java:96)
at org.testng.TestNG.runSuitesSequentially(TestNG.java:1212)
at org.testng.TestNG.runSuitesLocally(TestNG.java:1134)
at org.testng.TestNG.runSuites(TestNG.java:1063)
at org.testng.TestNG.run(TestNG.java:1031)
at org.testng.remote.AbstractRemoteTestNG.run(AbstractRemoteTestNG.java:115)
at org.testng.remote.RemoteTestNG.initAndRun(RemoteTestNG.java:251)
at org.testng.remote.RemoteTestNG.main(RemoteTestNG.java:77)
]]>
    </failure>
  </testcase> <!-- Testcase_RowCount_validation -->
  <system-out>
    <![CDATA[Executing Snowflake query :: SELECT count(*) as TOTAL FROM DEV_ENT_RAW.ST_CASTEEL_MATILLION.JOBCOMPLETIONSURVEY
Table Count in Snowflake:: 80448
Executing Snowflake query :: select count(*) as TOTAL from CURATED_DATAMART.ST_BKP_CASTEEL.STR_JOBCOMPLETIONSURVEY Where ACTIVE_FLAG='Y'
Table Count in Snowflake:: 80276
Executing Snowflake query :: select count(*) as TOTAL from DEV_ENT_CURATED.MASTER_DIMENSIONS.DIM_JOBCOMPLETIONSURVEY where tenant_type='CASTEEL' and RECORD_UPDATED_BY='Backup Table'
Table Count in Snowflake:: 80174
Row Count of Table JOBCOMPLETIONSURVEY is not matched for RAW :: 80448 DataMart :: 80276 CURATED :: 80174]]>
  </system-out>
  <testcase classname="testcases.RAW_DATAMART_CURATED.SnowFlake_RowCount_Master" name="Testcase_RowCount_validation" time="2.865">
    <failure message="The following asserts failed:
	null" type="java.lang.AssertionError">
      <![CDATA[java.lang.AssertionError: The following asserts failed:
null
at org.testng.asserts.SoftAssert.assertAll(SoftAssert.java:47)
at org.testng.asserts.SoftAssert.assertAll(SoftAssert.java:31)
at testcases.RAW_DATAMART_CURATED.SnowFlake_RowCount_Master.validate_RowCount_BKP(SnowFlake_RowCount_Master.java:56)
at testcases.RAW_DATAMART_CURATED.SnowFlake_RowCount_Master.Testcase_RowCount_validation(SnowFlake_RowCount_Master.java:25)
at jdk.internal.reflect.GeneratedMethodAccessor13.invoke(Unknown Source)
at java.base/jdk.internal.reflect.DelegatingMethodAccessorImpl.invoke(DelegatingMethodAccessorImpl.java:43)
at java.base/java.lang.reflect.Method.invoke(Method.java:568)
at org.testng.internal.MethodInvocationHelper.invokeMethod(MethodInvocationHelper.java:133)
at org.testng.internal.TestInvoker.invokeMethod(TestInvoker.java:598)
at org.testng.internal.TestInvoker.invokeTestMethod(TestInvoker.java:173)
at org.testng.internal.MethodRunner.runInSequence(MethodRunner.java:46)
at org.testng.internal.TestInvoker$MethodInvocationAgent.invoke(TestInvoker.java:824)
at org.testng.internal.TestInvoker.invokeTestMethods(TestInvoker.java:146)
at org.testng.internal.TestMethodWorker.invokeTestMethods(TestMethodWorker.java:146)
at org.testng.internal.TestMethodWorker.run(TestMethodWorker.java:128)
at java.base/java.util.ArrayList.forEach(ArrayList.java:1511)
at org.testng.TestRunner.privateRun(TestRunner.java:794)
at org.testng.TestRunner.run(TestRunner.java:596)
at org.testng.SuiteRunner.runTest(SuiteRunner.java:377)
at org.testng.SuiteRunner.runSequentially(SuiteRunner.java:371)
at org.testng.SuiteRunner.privateRun(SuiteRunner.java:332)
at org.testng.SuiteRunner.run(SuiteRunner.java:276)
at org.testng.SuiteRunnerWorker.runSuite(SuiteRunnerWorker.java:53)
at org.testng.SuiteRunnerWorker.run(SuiteRunnerWorker.java:96)
at org.testng.TestNG.runSuitesSequentially(TestNG.java:1212)
at org.testng.TestNG.runSuitesLocally(TestNG.java:1134)
at org.testng.TestNG.runSuites(TestNG.java:1063)
at org.testng.TestNG.run(TestNG.java:1031)
at org.testng.remote.AbstractRemoteTestNG.run(AbstractRemoteTestNG.java:115)
at org.testng.remote.RemoteTestNG.initAndRun(RemoteTestNG.java:251)
at org.testng.remote.RemoteTestNG.main(RemoteTestNG.java:77)
]]>
    </failure>
  </testcase> <!-- Testcase_RowCount_validation -->
  <system-out>
    <![CDATA[Executing Snowflake query :: SELECT count(*) as TOTAL FROM DEV_ENT_RAW.ST_HENDERSON_MATILLION.PURCHASEORDER
Table Count in Snowflake:: 74439
Executing Snowflake query :: select count(*) as TOTAL from CURATED_DATAMART.ST_BKP_HENDERSON.STR_PURCHASEORDER Where ACTIVE_FLAG='Y'
Table Count in Snowflake:: 74433
Executing Snowflake query :: select count(*) as TOTAL from DEV_ENT_CURATED.MASTER_DIMENSIONS.DIM_PURCHASEORDER where tenant_type='HENDERSON' and RECORD_UPDATED_BY='Backup Table'
Table Count in Snowflake:: 74048
Row Count of Table PURCHASEORDER is not matched for RAW :: 74439 DataMart :: 74433 CURATED :: 74048]]>
  </system-out>
  <testcase classname="testcases.RAW_DATAMART_CURATED.SnowFlake_RowCount_Master" name="Testcase_RowCount_validation" time="2.149">
    <failure message="The following asserts failed:
	null" type="java.lang.AssertionError">
      <![CDATA[java.lang.AssertionError: The following asserts failed:
null
at org.testng.asserts.SoftAssert.assertAll(SoftAssert.java:47)
at org.testng.asserts.SoftAssert.assertAll(SoftAssert.java:31)
at testcases.RAW_DATAMART_CURATED.SnowFlake_RowCount_Master.validate_RowCount_BKP(SnowFlake_RowCount_Master.java:56)
at testcases.RAW_DATAMART_CURATED.SnowFlake_RowCount_Master.Testcase_RowCount_validation(SnowFlake_RowCount_Master.java:25)
at jdk.internal.reflect.GeneratedMethodAccessor13.invoke(Unknown Source)
at java.base/jdk.internal.reflect.DelegatingMethodAccessorImpl.invoke(DelegatingMethodAccessorImpl.java:43)
at java.base/java.lang.reflect.Method.invoke(Method.java:568)
at org.testng.internal.MethodInvocationHelper.invokeMethod(MethodInvocationHelper.java:133)
at org.testng.internal.TestInvoker.invokeMethod(TestInvoker.java:598)
at org.testng.internal.TestInvoker.invokeTestMethod(TestInvoker.java:173)
at org.testng.internal.MethodRunner.runInSequence(MethodRunner.java:46)
at org.testng.internal.TestInvoker$MethodInvocationAgent.invoke(TestInvoker.java:824)
at org.testng.internal.TestInvoker.invokeTestMethods(TestInvoker.java:146)
at org.testng.internal.TestMethodWorker.invokeTestMethods(TestMethodWorker.java:146)
at org.testng.internal.TestMethodWorker.run(TestMethodWorker.java:128)
at java.base/java.util.ArrayList.forEach(ArrayList.java:1511)
at org.testng.TestRunner.privateRun(TestRunner.java:794)
at org.testng.TestRunner.run(TestRunner.java:596)
at org.testng.SuiteRunner.runTest(SuiteRunner.java:377)
at org.testng.SuiteRunner.runSequentially(SuiteRunner.java:371)
at org.testng.SuiteRunner.privateRun(SuiteRunner.java:332)
at org.testng.SuiteRunner.run(SuiteRunner.java:276)
at org.testng.SuiteRunnerWorker.runSuite(SuiteRunnerWorker.java:53)
at org.testng.SuiteRunnerWorker.run(SuiteRunnerWorker.java:96)
at org.testng.TestNG.runSuitesSequentially(TestNG.java:1212)
at org.testng.TestNG.runSuitesLocally(TestNG.java:1134)
at org.testng.TestNG.runSuites(TestNG.java:1063)
at org.testng.TestNG.run(TestNG.java:1031)
at org.testng.remote.AbstractRemoteTestNG.run(AbstractRemoteTestNG.java:115)
at org.testng.remote.RemoteTestNG.initAndRun(RemoteTestNG.java:251)
at org.testng.remote.RemoteTestNG.main(RemoteTestNG.java:77)
]]>
    </failure>
  </testcase> <!-- Testcase_RowCount_validation -->
  <system-out>
    <![CDATA[Executing Snowflake query :: SELECT count(*) as TOTAL FROM DEV_ENT_RAW.ST_MAITZ_MATILLION.PURCHASEORDER
Table Count in Snowflake:: 2195
Executing Snowflake query :: select count(*) as TOTAL from CURATED_DATAMART.ST_BKP_MAITZ.STR_PURCHASEORDER Where ACTIVE_FLAG='Y'
Table Count in Snowflake:: 2188
Executing Snowflake query :: select count(*) as TOTAL from DEV_ENT_CURATED.MASTER_DIMENSIONS.DIM_PURCHASEORDER where tenant_type='MAITZ' and RECORD_UPDATED_BY='Backup Table'
Table Count in Snowflake:: 1922
Row Count of Table PURCHASEORDER is not matched for RAW :: 2195 DataMart :: 2188 CURATED :: 1922]]>
  </system-out>
  <testcase classname="testcases.RAW_DATAMART_CURATED.SnowFlake_RowCount_Master" name="Testcase_RowCount_validation" time="1.390">
    <failure message="The following asserts failed:
	null,
	null" type="java.lang.AssertionError">
      <![CDATA[java.lang.AssertionError: The following asserts failed:
null,
null
at org.testng.asserts.SoftAssert.assertAll(SoftAssert.java:47)
at org.testng.asserts.SoftAssert.assertAll(SoftAssert.java:31)
at testcases.RAW_DATAMART_CURATED.SnowFlake_RowCount_Master.validate_RowCount_BKP(SnowFlake_RowCount_Master.java:56)
at testcases.RAW_DATAMART_CURATED.SnowFlake_RowCount_Master.Testcase_RowCount_validation(SnowFlake_RowCount_Master.java:25)
at java.base/jdk.internal.reflect.NativeMethodAccessorImpl.invoke0(Native Method)
at java.base/jdk.internal.reflect.NativeMethodAccessorImpl.invoke(NativeMethodAccessorImpl.java:77)
at java.base/jdk.internal.reflect.DelegatingMethodAccessorImpl.invoke(DelegatingMethodAccessorImpl.java:43)
at java.base/java.lang.reflect.Method.invoke(Method.java:568)
at org.testng.internal.MethodInvocationHelper.invokeMethod(MethodInvocationHelper.java:133)
at org.testng.internal.TestInvoker.invokeMethod(TestInvoker.java:598)
at org.testng.internal.TestInvoker.invokeTestMethod(TestInvoker.java:173)
at org.testng.internal.MethodRunner.runInSequence(MethodRunner.java:46)
at org.testng.internal.TestInvoker$MethodInvocationAgent.invoke(TestInvoker.java:824)
at org.testng.internal.TestInvoker.invokeTestMethods(TestInvoker.java:146)
at org.testng.internal.TestMethodWorker.invokeTestMethods(TestMethodWorker.java:146)
at org.testng.internal.TestMethodWorker.run(TestMethodWorker.java:128)
at java.base/java.util.ArrayList.forEach(ArrayList.java:1511)
at org.testng.TestRunner.privateRun(TestRunner.java:794)
at org.testng.TestRunner.run(TestRunner.java:596)
at org.testng.SuiteRunner.runTest(SuiteRunner.java:377)
at org.testng.SuiteRunner.runSequentially(SuiteRunner.java:371)
at org.testng.SuiteRunner.privateRun(SuiteRunner.java:332)
at org.testng.SuiteRunner.run(SuiteRunner.java:276)
at org.testng.SuiteRunnerWorker.runSuite(SuiteRunnerWorker.java:53)
at org.testng.SuiteRunnerWorker.run(SuiteRunnerWorker.java:96)
at org.testng.TestNG.runSuitesSequentially(TestNG.java:1212)
at org.testng.TestNG.runSuitesLocally(TestNG.java:1134)
at org.testng.TestNG.runSuites(TestNG.java:1063)
at org.testng.TestNG.run(TestNG.java:1031)
at org.testng.remote.AbstractRemoteTestNG.run(AbstractRemoteTestNG.java:115)
at org.testng.remote.RemoteTestNG.initAndRun(RemoteTestNG.java:251)
at org.testng.remote.RemoteTestNG.main(RemoteTestNG.java:77)
]]>
    </failure>
  </testcase> <!-- Testcase_RowCount_validation -->
  <system-out>
    <![CDATA[Executing Snowflake query :: SELECT count(*) as TOTAL FROM DEV_ENT_RAW.ST_CASTEEL_MATILLION.TECHNICIANPAYROLLADJUSTMENT
Table Count in Snowflake:: 341923
Executing Snowflake query :: select count(*) as TOTAL from CURATED_DATAMART.ST_BKP_CASTEEL.STR_TECHNICIANPAYROLLADJUSTMENT Where ACTIVE_FLAG='Y'
Table Count in Snowflake:: 341815
Executing Snowflake query :: select count(*) as TOTAL from DEV_ENT_CURATED.MASTER_DIMENSIONS.DIM_TECHNICIANPAYROLLADJUSTMENT where tenant_type='CASTEEL' and RECORD_UPDATED_BY='Backup Table'
Snowflake - SQLException at readDB() method :: SQL compilation error: error line 1 at position 128
invalid identifier 'RECORD_UPDATED_BY'
Row Count of Table TECHNICIANPAYROLLADJUSTMENT is not matched for RAW :: 341923 DataMart :: 341815 CURATED :: 0]]>
  </system-out>
  <testcase classname="testcases.RAW_DATAMART_CURATED.SnowFlake_RowCount_Master" name="Testcase_RowCount_validation" time="2.245">
    <failure message="The following asserts failed:
	null" type="java.lang.AssertionError">
      <![CDATA[java.lang.AssertionError: The following asserts failed:
null
at org.testng.asserts.SoftAssert.assertAll(SoftAssert.java:47)
at org.testng.asserts.SoftAssert.assertAll(SoftAssert.java:31)
at testcases.RAW_DATAMART_CURATED.SnowFlake_RowCount_Master.validate_RowCount_BKP(SnowFlake_RowCount_Master.java:56)
at testcases.RAW_DATAMART_CURATED.SnowFlake_RowCount_Master.Testcase_RowCount_validation(SnowFlake_RowCount_Master.java:25)
at jdk.internal.reflect.GeneratedMethodAccessor13.invoke(Unknown Source)
at java.base/jdk.internal.reflect.DelegatingMethodAccessorImpl.invoke(DelegatingMethodAccessorImpl.java:43)
at java.base/java.lang.reflect.Method.invoke(Method.java:568)
at org.testng.internal.MethodInvocationHelper.invokeMethod(MethodInvocationHelper.java:133)
at org.testng.internal.TestInvoker.invokeMethod(TestInvoker.java:598)
at org.testng.internal.TestInvoker.invokeTestMethod(TestInvoker.java:173)
at org.testng.internal.MethodRunner.runInSequence(MethodRunner.java:46)
at org.testng.internal.TestInvoker$MethodInvocationAgent.invoke(TestInvoker.java:824)
at org.testng.internal.TestInvoker.invokeTestMethods(TestInvoker.java:146)
at org.testng.internal.TestMethodWorker.invokeTestMethods(TestMethodWorker.java:146)
at org.testng.internal.TestMethodWorker.run(TestMethodWorker.java:128)
at java.base/java.util.ArrayList.forEach(ArrayList.java:1511)
at org.testng.TestRunner.privateRun(TestRunner.java:794)
at org.testng.TestRunner.run(TestRunner.java:596)
at org.testng.SuiteRunner.runTest(SuiteRunner.java:377)
at org.testng.SuiteRunner.runSequentially(SuiteRunner.java:371)
at org.testng.SuiteRunner.privateRun(SuiteRunner.java:332)
at org.testng.SuiteRunner.run(SuiteRunner.java:276)
at org.testng.SuiteRunnerWorker.runSuite(SuiteRunnerWorker.java:53)
at org.testng.SuiteRunnerWorker.run(SuiteRunnerWorker.java:96)
at org.testng.TestNG.runSuitesSequentially(TestNG.java:1212)
at org.testng.TestNG.runSuitesLocally(TestNG.java:1134)
at org.testng.TestNG.runSuites(TestNG.java:1063)
at org.testng.TestNG.run(TestNG.java:1031)
at org.testng.remote.AbstractRemoteTestNG.run(AbstractRemoteTestNG.java:115)
at org.testng.remote.RemoteTestNG.initAndRun(RemoteTestNG.java:251)
at org.testng.remote.RemoteTestNG.main(RemoteTestNG.java:77)
]]>
    </failure>
  </testcase> <!-- Testcase_RowCount_validation -->
  <system-out>
    <![CDATA[Executing Snowflake query :: SELECT count(*) as TOTAL FROM DEV_ENT_RAW.ST_HUTCHINSON_MATILLION.CONTACT
Table Count in Snowflake:: 578456
Executing Snowflake query :: select count(*) as TOTAL from CURATED_DATAMART.ST_BKP_HUTCHINSON.STR_CONTACT Where ACTIVE_FLAG='Y'
Table Count in Snowflake:: 382573
Executing Snowflake query :: select count(*) as TOTAL from DEV_ENT_CURATED.MASTER_DIMENSIONS.DIM_CONTACT where tenant_type='HUTCHINSON' and RECORD_UPDATED_BY='Backup Table'
Table Count in Snowflake:: 381522
Row Count of Table CONTACT is not matched for RAW :: 578456 DataMart :: 382573 CURATED :: 381522]]>
  </system-out>
  <testcase classname="testcases.RAW_DATAMART_CURATED.SnowFlake_RowCount_Master" name="Testcase_RowCount_validation" time="2.048">
    <failure message="The following asserts failed:
	null" type="java.lang.AssertionError">
      <![CDATA[java.lang.AssertionError: The following asserts failed:
null
at org.testng.asserts.SoftAssert.assertAll(SoftAssert.java:47)
at org.testng.asserts.SoftAssert.assertAll(SoftAssert.java:31)
at testcases.RAW_DATAMART_CURATED.SnowFlake_RowCount_Master.validate_RowCount_API(SnowFlake_RowCount_Master.java:115)
at testcases.RAW_DATAMART_CURATED.SnowFlake_RowCount_Master.Testcase_RowCount_validation(SnowFlake_RowCount_Master.java:28)
at jdk.internal.reflect.GeneratedMethodAccessor13.invoke(Unknown Source)
at java.base/jdk.internal.reflect.DelegatingMethodAccessorImpl.invoke(DelegatingMethodAccessorImpl.java:43)
at java.base/java.lang.reflect.Method.invoke(Method.java:568)
at org.testng.internal.MethodInvocationHelper.invokeMethod(MethodInvocationHelper.java:133)
at org.testng.internal.TestInvoker.invokeMethod(TestInvoker.java:598)
at org.testng.internal.TestInvoker.invokeTestMethod(TestInvoker.java:173)
at org.testng.internal.MethodRunner.runInSequence(MethodRunner.java:46)
at org.testng.internal.TestInvoker$MethodInvocationAgent.invoke(TestInvoker.java:824)
at org.testng.internal.TestInvoker.invokeTestMethods(TestInvoker.java:146)
at org.testng.internal.TestMethodWorker.invokeTestMethods(TestMethodWorker.java:146)
at org.testng.internal.TestMethodWorker.run(TestMethodWorker.java:128)
at java.base/java.util.ArrayList.forEach(ArrayList.java:1511)
at org.testng.TestRunner.privateRun(TestRunner.java:794)
at org.testng.TestRunner.run(TestRunner.java:596)
at org.testng.SuiteRunner.runTest(SuiteRunner.java:377)
at org.testng.SuiteRunner.runSequentially(SuiteRunner.java:371)
at org.testng.SuiteRunner.privateRun(SuiteRunner.java:332)
at org.testng.SuiteRunner.run(SuiteRunner.java:276)
at org.testng.SuiteRunnerWorker.runSuite(SuiteRunnerWorker.java:53)
at org.testng.SuiteRunnerWorker.run(SuiteRunnerWorker.java:96)
at org.testng.TestNG.runSuitesSequentially(TestNG.java:1212)
at org.testng.TestNG.runSuitesLocally(TestNG.java:1134)
at org.testng.TestNG.runSuites(TestNG.java:1063)
at org.testng.TestNG.run(TestNG.java:1031)
at org.testng.remote.AbstractRemoteTestNG.run(AbstractRemoteTestNG.java:115)
at org.testng.remote.RemoteTestNG.initAndRun(RemoteTestNG.java:251)
at org.testng.remote.RemoteTestNG.main(RemoteTestNG.java:77)
]]>
    </failure>
  </testcase> <!-- Testcase_RowCount_validation -->
  <system-out>
    <![CDATA[Executing Snowflake query :: SELECT count(*) as TOTAL FROM DEV_ENT_RAW.API_MAT.ST_API_INVOICEITEM WHERE TENANT_NAME='BILLFENWICK'
Table Count in Snowflake:: 1253
Executing Snowflake query :: select count(*) as TOTAL from CURATED_DATAMART.ST_API_BILLFENWICK.STR_API_INVOICEITEM WHERE ACTIVE_FLAG='Y'
Table Count in Snowflake:: 0
Executing Snowflake query :: select count(*) as TOTAL from DEV_ENT_CURATED.MASTER_DIMENSIONS.DIM_INVOICEITEM WHERE TENANT_TYPE='BILLFENWICK' and RECORD_UPDATED_BY='API ETL'
Table Count in Snowflake:: 0
Row Count of Table INVOICEITEM is not matched for APIMAT :: 1253 DataMart :: 0
Row Count of Table INVOICEITEM is matched for DataMart :: 0 CURATED :: 0]]>
  </system-out>
  <testcase classname="testcases.RAW_DATAMART_CURATED.SnowFlake_RowCount_Master" name="Testcase_RowCount_validation" time="2.337"/>
  <system-out>
    <![CDATA[Executing Snowflake query :: SELECT count(*) as TOTAL FROM DEV_ENT_RAW.ST_GOLDMEDAL_MATILLION.TAG
Table Count in Snowflake:: 1642212
Executing Snowflake query :: select count(*) as TOTAL from CURATED_DATAMART.ST_BKP_GOLDMEDAL.STR_TAG Where ACTIVE_FLAG='Y'
Table Count in Snowflake:: 1642212
Executing Snowflake query :: select count(*) as TOTAL from DEV_ENT_CURATED.MASTER_DIMENSIONS.DIM_TAG where tenant_type='GOLDMEDAL' and RECORD_UPDATED_BY='Backup Table'
Table Count in Snowflake:: 1642212
Row Count of Table TAG is matched for RAW :: 1642212 DataMart :: 1642212 CURATED :: 1642212]]>
  </system-out>
  <testcase classname="testcases.RAW_DATAMART_CURATED.SnowFlake_RowCount_Master" name="Testcase_RowCount_validation" time="1.328">
    <failure message="The following asserts failed:
	null,
	null" type="java.lang.AssertionError">
      <![CDATA[java.lang.AssertionError: The following asserts failed:
null,
null
at org.testng.asserts.SoftAssert.assertAll(SoftAssert.java:47)
at org.testng.asserts.SoftAssert.assertAll(SoftAssert.java:31)
at testcases.RAW_DATAMART_CURATED.SnowFlake_RowCount_Master.validate_RowCount_BKP(SnowFlake_RowCount_Master.java:56)
at testcases.RAW_DATAMART_CURATED.SnowFlake_RowCount_Master.Testcase_RowCount_validation(SnowFlake_RowCount_Master.java:25)
at java.base/jdk.internal.reflect.NativeMethodAccessorImpl.invoke0(Native Method)
at java.base/jdk.internal.reflect.NativeMethodAccessorImpl.invoke(NativeMethodAccessorImpl.java:77)
at java.base/jdk.internal.reflect.DelegatingMethodAccessorImpl.invoke(DelegatingMethodAccessorImpl.java:43)
at java.base/java.lang.reflect.Method.invoke(Method.java:568)
at org.testng.internal.MethodInvocationHelper.invokeMethod(MethodInvocationHelper.java:133)
at org.testng.internal.TestInvoker.invokeMethod(TestInvoker.java:598)
at org.testng.internal.TestInvoker.invokeTestMethod(TestInvoker.java:173)
at org.testng.internal.MethodRunner.runInSequence(MethodRunner.java:46)
at org.testng.internal.TestInvoker$MethodInvocationAgent.invoke(TestInvoker.java:824)
at org.testng.internal.TestInvoker.invokeTestMethods(TestInvoker.java:146)
at org.testng.internal.TestMethodWorker.invokeTestMethods(TestMethodWorker.java:146)
at org.testng.internal.TestMethodWorker.run(TestMethodWorker.java:128)
at java.base/java.util.ArrayList.forEach(ArrayList.java:1511)
at org.testng.TestRunner.privateRun(TestRunner.java:794)
at org.testng.TestRunner.run(TestRunner.java:596)
at org.testng.SuiteRunner.runTest(SuiteRunner.java:377)
at org.testng.SuiteRunner.runSequentially(SuiteRunner.java:371)
at org.testng.SuiteRunner.privateRun(SuiteRunner.java:332)
at org.testng.SuiteRunner.run(SuiteRunner.java:276)
at org.testng.SuiteRunnerWorker.runSuite(SuiteRunnerWorker.java:53)
at org.testng.SuiteRunnerWorker.run(SuiteRunnerWorker.java:96)
at org.testng.TestNG.runSuitesSequentially(TestNG.java:1212)
at org.testng.TestNG.runSuitesLocally(TestNG.java:1134)
at org.testng.TestNG.runSuites(TestNG.java:1063)
at org.testng.TestNG.run(TestNG.java:1031)
at org.testng.remote.AbstractRemoteTestNG.run(AbstractRemoteTestNG.java:115)
at org.testng.remote.RemoteTestNG.initAndRun(RemoteTestNG.java:251)
at org.testng.remote.RemoteTestNG.main(RemoteTestNG.java:77)
]]>
    </failure>
  </testcase> <!-- Testcase_RowCount_validation -->
  <system-out>
    <![CDATA[Executing Snowflake query :: SELECT count(*) as TOTAL FROM DEV_ENT_RAW.ST_CASTEEL_MATILLION.TECHNICIANATTACHEDPROPERTY
Table Count in Snowflake:: 2771
Executing Snowflake query :: select count(*) as TOTAL from CURATED_DATAMART.ST_BKP_CASTEEL.STR_TECHNICIANATTACHEDPROPERTY Where ACTIVE_FLAG='Y'
Table Count in Snowflake:: 2771
Executing Snowflake query :: select count(*) as TOTAL from DEV_ENT_CURATED.MASTER_DIMENSIONS.DIM_TECHNICIANATTACHEDPROPERTY where tenant_type='CASTEEL' and RECORD_UPDATED_BY='Backup Table'
Snowflake - SQLException at readDB() method :: SQL compilation error: error line 1 at position 127
invalid identifier 'RECORD_UPDATED_BY'
Row Count of Table TECHNICIANATTACHEDPROPERTY is not matched for RAW :: 2771 DataMart :: 2771 CURATED :: 0]]>
  </system-out>
  <testcase classname="testcases.RAW_DATAMART_CURATED.SnowFlake_RowCount_Master" name="Testcase_RowCount_validation" time="5.853"/>
  <system-out>
    <![CDATA[Executing Snowflake query :: SELECT count(*) as TOTAL FROM DEV_ENT_RAW.ST_FOURPROS_MATILLION.JOBASSIGNMENT
Table Count in Snowflake:: 96358
Executing Snowflake query :: select count(*) as TOTAL from CURATED_DATAMART.ST_BKP_FOURPROS.STR_JOBASSIGNMENT Where ACTIVE_FLAG='Y'
Table Count in Snowflake:: 97746
Executing Snowflake query :: select count(*) as TOTAL from DEV_ENT_CURATED.MASTER_DIMENSIONS.DIM_JOBASSIGNMENT where tenant_type='FOURPROS' and RECORD_UPDATED_BY='Backup Table'
Table Count in Snowflake:: 1130953
Row Count of Table JOBASSIGNMENT is matched for RAW :: 96358 DataMart :: 97746 CURATED :: 1130953]]>
  </system-out>
  <testcase classname="testcases.RAW_DATAMART_CURATED.SnowFlake_RowCount_Master" name="Testcase_RowCount_validation" time="2.367">
    <failure message="The following asserts failed:
	null" type="java.lang.AssertionError">
      <![CDATA[java.lang.AssertionError: The following asserts failed:
null
at org.testng.asserts.SoftAssert.assertAll(SoftAssert.java:47)
at org.testng.asserts.SoftAssert.assertAll(SoftAssert.java:31)
at testcases.RAW_DATAMART_CURATED.SnowFlake_RowCount_Master.validate_RowCount_BKP(SnowFlake_RowCount_Master.java:56)
at testcases.RAW_DATAMART_CURATED.SnowFlake_RowCount_Master.Testcase_RowCount_validation(SnowFlake_RowCount_Master.java:25)
at jdk.internal.reflect.GeneratedMethodAccessor13.invoke(Unknown Source)
at java.base/jdk.internal.reflect.DelegatingMethodAccessorImpl.invoke(DelegatingMethodAccessorImpl.java:43)
at java.base/java.lang.reflect.Method.invoke(Method.java:568)
at org.testng.internal.MethodInvocationHelper.invokeMethod(MethodInvocationHelper.java:133)
at org.testng.internal.TestInvoker.invokeMethod(TestInvoker.java:598)
at org.testng.internal.TestInvoker.invokeTestMethod(TestInvoker.java:173)
at org.testng.internal.MethodRunner.runInSequence(MethodRunner.java:46)
at org.testng.internal.TestInvoker$MethodInvocationAgent.invoke(TestInvoker.java:824)
at org.testng.internal.TestInvoker.invokeTestMethods(TestInvoker.java:146)
at org.testng.internal.TestMethodWorker.invokeTestMethods(TestMethodWorker.java:146)
at org.testng.internal.TestMethodWorker.run(TestMethodWorker.java:128)
at java.base/java.util.ArrayList.forEach(ArrayList.java:1511)
at org.testng.TestRunner.privateRun(TestRunner.java:794)
at org.testng.TestRunner.run(TestRunner.java:596)
at org.testng.SuiteRunner.runTest(SuiteRunner.java:377)
at org.testng.SuiteRunner.runSequentially(SuiteRunner.java:371)
at org.testng.SuiteRunner.privateRun(SuiteRunner.java:332)
at org.testng.SuiteRunner.run(SuiteRunner.java:276)
at org.testng.SuiteRunnerWorker.runSuite(SuiteRunnerWorker.java:53)
at org.testng.SuiteRunnerWorker.run(SuiteRunnerWorker.java:96)
at org.testng.TestNG.runSuitesSequentially(TestNG.java:1212)
at org.testng.TestNG.runSuitesLocally(TestNG.java:1134)
at org.testng.TestNG.runSuites(TestNG.java:1063)
at org.testng.TestNG.run(TestNG.java:1031)
at org.testng.remote.AbstractRemoteTestNG.run(AbstractRemoteTestNG.java:115)
at org.testng.remote.RemoteTestNG.initAndRun(RemoteTestNG.java:251)
at org.testng.remote.RemoteTestNG.main(RemoteTestNG.java:77)
]]>
    </failure>
  </testcase> <!-- Testcase_RowCount_validation -->
  <system-out>
    <![CDATA[Executing Snowflake query :: SELECT count(*) as TOTAL FROM DEV_ENT_RAW.ST_HENDERSON_MATILLION.CALL
Table Count in Snowflake:: 224951
Executing Snowflake query :: select count(*) as TOTAL from CURATED_DATAMART.ST_BKP_HENDERSON.STR_CALL Where ACTIVE_FLAG='Y'
Table Count in Snowflake:: 224981
Executing Snowflake query :: select count(*) as TOTAL from DEV_ENT_CURATED.MASTER_DIMENSIONS.DIM_CALL where tenant_type='HENDERSON' and RECORD_UPDATED_BY='Backup Table'
Table Count in Snowflake:: 222946
Row Count of Table CALL is not matched for RAW :: 224951 DataMart :: 224981 CURATED :: 222946]]>
  </system-out>
  <testcase classname="testcases.RAW_DATAMART_CURATED.SnowFlake_RowCount_Master" name="Testcase_RowCount_validation" time="4.820">
    <failure message="The following asserts failed:
	null" type="java.lang.AssertionError">
      <![CDATA[java.lang.AssertionError: The following asserts failed:
null
at org.testng.asserts.SoftAssert.assertAll(SoftAssert.java:47)
at org.testng.asserts.SoftAssert.assertAll(SoftAssert.java:31)
at testcases.RAW_DATAMART_CURATED.SnowFlake_RowCount_Master.validate_RowCount_BKP(SnowFlake_RowCount_Master.java:56)
at testcases.RAW_DATAMART_CURATED.SnowFlake_RowCount_Master.Testcase_RowCount_validation(SnowFlake_RowCount_Master.java:25)
at jdk.internal.reflect.GeneratedMethodAccessor13.invoke(Unknown Source)
at java.base/jdk.internal.reflect.DelegatingMethodAccessorImpl.invoke(DelegatingMethodAccessorImpl.java:43)
at java.base/java.lang.reflect.Method.invoke(Method.java:568)
at org.testng.internal.MethodInvocationHelper.invokeMethod(MethodInvocationHelper.java:133)
at org.testng.internal.TestInvoker.invokeMethod(TestInvoker.java:598)
at org.testng.internal.TestInvoker.invokeTestMethod(TestInvoker.java:173)
at org.testng.internal.MethodRunner.runInSequence(MethodRunner.java:46)
at org.testng.internal.TestInvoker$MethodInvocationAgent.invoke(TestInvoker.java:824)
at org.testng.internal.TestInvoker.invokeTestMethods(TestInvoker.java:146)
at org.testng.internal.TestMethodWorker.invokeTestMethods(TestMethodWorker.java:146)
at org.testng.internal.TestMethodWorker.run(TestMethodWorker.java:128)
at java.base/java.util.ArrayList.forEach(ArrayList.java:1511)
at org.testng.TestRunner.privateRun(TestRunner.java:794)
at org.testng.TestRunner.run(TestRunner.java:596)
at org.testng.SuiteRunner.runTest(SuiteRunner.java:377)
at org.testng.SuiteRunner.runSequentially(SuiteRunner.java:371)
at org.testng.SuiteRunner.privateRun(SuiteRunner.java:332)
at org.testng.SuiteRunner.run(SuiteRunner.java:276)
at org.testng.SuiteRunnerWorker.runSuite(SuiteRunnerWorker.java:53)
at org.testng.SuiteRunnerWorker.run(SuiteRunnerWorker.java:96)
at org.testng.TestNG.runSuitesSequentially(TestNG.java:1212)
at org.testng.TestNG.runSuitesLocally(TestNG.java:1134)
at org.testng.TestNG.runSuites(TestNG.java:1063)
at org.testng.TestNG.run(TestNG.java:1031)
at org.testng.remote.AbstractRemoteTestNG.run(AbstractRemoteTestNG.java:115)
at org.testng.remote.RemoteTestNG.initAndRun(RemoteTestNG.java:251)
at org.testng.remote.RemoteTestNG.main(RemoteTestNG.java:77)
]]>
    </failure>
  </testcase> <!-- Testcase_RowCount_validation -->
  <system-out>
    <![CDATA[Executing Snowflake query :: SELECT count(*) as TOTAL FROM DEV_ENT_RAW.ST_HENDERSON_MATILLION.TAXZONE
Table Count in Snowflake:: 10
Executing Snowflake query :: select count(*) as TOTAL from CURATED_DATAMART.ST_BKP_HENDERSON.STR_TAXZONE Where ACTIVE_FLAG='Y'
Table Count in Snowflake:: 45
Executing Snowflake query :: select count(*) as TOTAL from DEV_ENT_CURATED.MASTER_DIMENSIONS.DIM_TAXZONE where tenant_type='HENDERSON' and RECORD_UPDATED_BY='Backup Table'
Table Count in Snowflake:: 35
Row Count of Table TAXZONE is not matched for RAW :: 10 DataMart :: 45 CURATED :: 35]]>
  </system-out>
  <testcase classname="testcases.RAW_DATAMART_CURATED.SnowFlake_RowCount_Master" name="Testcase_RowCount_validation" time="1.845">
    <failure message="The following asserts failed:
	null" type="java.lang.AssertionError">
      <![CDATA[java.lang.AssertionError: The following asserts failed:
null
at org.testng.asserts.SoftAssert.assertAll(SoftAssert.java:47)
at org.testng.asserts.SoftAssert.assertAll(SoftAssert.java:31)
at testcases.RAW_DATAMART_CURATED.SnowFlake_RowCount_Master.validate_RowCount_BKP(SnowFlake_RowCount_Master.java:56)
at testcases.RAW_DATAMART_CURATED.SnowFlake_RowCount_Master.Testcase_RowCount_validation(SnowFlake_RowCount_Master.java:25)
at jdk.internal.reflect.GeneratedMethodAccessor13.invoke(Unknown Source)
at java.base/jdk.internal.reflect.DelegatingMethodAccessorImpl.invoke(DelegatingMethodAccessorImpl.java:43)
at java.base/java.lang.reflect.Method.invoke(Method.java:568)
at org.testng.internal.MethodInvocationHelper.invokeMethod(MethodInvocationHelper.java:133)
at org.testng.internal.TestInvoker.invokeMethod(TestInvoker.java:598)
at org.testng.internal.TestInvoker.invokeTestMethod(TestInvoker.java:173)
at org.testng.internal.MethodRunner.runInSequence(MethodRunner.java:46)
at org.testng.internal.TestInvoker$MethodInvocationAgent.invoke(TestInvoker.java:824)
at org.testng.internal.TestInvoker.invokeTestMethods(TestInvoker.java:146)
at org.testng.internal.TestMethodWorker.invokeTestMethods(TestMethodWorker.java:146)
at org.testng.internal.TestMethodWorker.run(TestMethodWorker.java:128)
at java.base/java.util.ArrayList.forEach(ArrayList.java:1511)
at org.testng.TestRunner.privateRun(TestRunner.java:794)
at org.testng.TestRunner.run(TestRunner.java:596)
at org.testng.SuiteRunner.runTest(SuiteRunner.java:377)
at org.testng.SuiteRunner.runSequentially(SuiteRunner.java:371)
at org.testng.SuiteRunner.privateRun(SuiteRunner.java:332)
at org.testng.SuiteRunner.run(SuiteRunner.java:276)
at org.testng.SuiteRunnerWorker.runSuite(SuiteRunnerWorker.java:53)
at org.testng.SuiteRunnerWorker.run(SuiteRunnerWorker.java:96)
at org.testng.TestNG.runSuitesSequentially(TestNG.java:1212)
at org.testng.TestNG.runSuitesLocally(TestNG.java:1134)
at org.testng.TestNG.runSuites(TestNG.java:1063)
at org.testng.TestNG.run(TestNG.java:1031)
at org.testng.remote.AbstractRemoteTestNG.run(AbstractRemoteTestNG.java:115)
at org.testng.remote.RemoteTestNG.initAndRun(RemoteTestNG.java:251)
at org.testng.remote.RemoteTestNG.main(RemoteTestNG.java:77)
]]>
    </failure>
  </testcase> <!-- Testcase_RowCount_validation -->
  <system-out>
    <![CDATA[Executing Snowflake query :: SELECT count(*) as TOTAL FROM DEV_ENT_RAW.ST_HDAIR_MATILLION.TAGTYPE
Snowflake - SQLException at readDB() method :: SQL compilation error:
Object 'DEV_ENT_RAW.ST_HDAIR_MATILLION.TAGTYPE' does not exist or not authorized.
Executing Snowflake query :: select count(*) as TOTAL from CURATED_DATAMART.ST_BKP_HDAIR.STR_TAGTYPE Where ACTIVE_FLAG='Y'
Table Count in Snowflake:: 616
Executing Snowflake query :: select count(*) as TOTAL from DEV_ENT_CURATED.MASTER_DIMENSIONS.DIM_TAGTYPE where tenant_type='HDAIR' and RECORD_UPDATED_BY='Backup Table'
Table Count in Snowflake:: 1166
Row Count of Table TAGTYPE is matched for RAW :: 0 DataMart :: 616 CURATED :: 1166]]>
  </system-out>
  <testcase classname="testcases.RAW_DATAMART_CURATED.SnowFlake_RowCount_Master" name="Testcase_RowCount_validation" time="1.850">
    <failure message="The following asserts failed:
	null" type="java.lang.AssertionError">
      <![CDATA[java.lang.AssertionError: The following asserts failed:
null
at org.testng.asserts.SoftAssert.assertAll(SoftAssert.java:47)
at org.testng.asserts.SoftAssert.assertAll(SoftAssert.java:31)
at testcases.RAW_DATAMART_CURATED.SnowFlake_RowCount_Master.validate_RowCount_BKP(SnowFlake_RowCount_Master.java:56)
at testcases.RAW_DATAMART_CURATED.SnowFlake_RowCount_Master.Testcase_RowCount_validation(SnowFlake_RowCount_Master.java:25)
at jdk.internal.reflect.GeneratedMethodAccessor13.invoke(Unknown Source)
at java.base/jdk.internal.reflect.DelegatingMethodAccessorImpl.invoke(DelegatingMethodAccessorImpl.java:43)
at java.base/java.lang.reflect.Method.invoke(Method.java:568)
at org.testng.internal.MethodInvocationHelper.invokeMethod(MethodInvocationHelper.java:133)
at org.testng.internal.TestInvoker.invokeMethod(TestInvoker.java:598)
at org.testng.internal.TestInvoker.invokeTestMethod(TestInvoker.java:173)
at org.testng.internal.MethodRunner.runInSequence(MethodRunner.java:46)
at org.testng.internal.TestInvoker$MethodInvocationAgent.invoke(TestInvoker.java:824)
at org.testng.internal.TestInvoker.invokeTestMethods(TestInvoker.java:146)
at org.testng.internal.TestMethodWorker.invokeTestMethods(TestMethodWorker.java:146)
at org.testng.internal.TestMethodWorker.run(TestMethodWorker.java:128)
at java.base/java.util.ArrayList.forEach(ArrayList.java:1511)
at org.testng.TestRunner.privateRun(TestRunner.java:794)
at org.testng.TestRunner.run(TestRunner.java:596)
at org.testng.SuiteRunner.runTest(SuiteRunner.java:377)
at org.testng.SuiteRunner.runSequentially(SuiteRunner.java:371)
at org.testng.SuiteRunner.privateRun(SuiteRunner.java:332)
at org.testng.SuiteRunner.run(SuiteRunner.java:276)
at org.testng.SuiteRunnerWorker.runSuite(SuiteRunnerWorker.java:53)
at org.testng.SuiteRunnerWorker.run(SuiteRunnerWorker.java:96)
at org.testng.TestNG.runSuitesSequentially(TestNG.java:1212)
at org.testng.TestNG.runSuitesLocally(TestNG.java:1134)
at org.testng.TestNG.runSuites(TestNG.java:1063)
at org.testng.TestNG.run(TestNG.java:1031)
at org.testng.remote.AbstractRemoteTestNG.run(AbstractRemoteTestNG.java:115)
at org.testng.remote.RemoteTestNG.initAndRun(RemoteTestNG.java:251)
at org.testng.remote.RemoteTestNG.main(RemoteTestNG.java:77)
]]>
    </failure>
  </testcase> <!-- Testcase_RowCount_validation -->
  <system-out>
    <![CDATA[Executing Snowflake query :: SELECT count(*) as TOTAL FROM DEV_ENT_RAW.ST_HARP_MATILLION.VENDOR
Table Count in Snowflake:: 833
Executing Snowflake query :: select count(*) as TOTAL from CURATED_DATAMART.ST_BKP_HARP.STR_VENDOR Where ACTIVE_FLAG='Y'
Table Count in Snowflake:: 833
Executing Snowflake query :: select count(*) as TOTAL from DEV_ENT_CURATED.MASTER_DIMENSIONS.DIM_VENDOR where tenant_type='HARP' and RECORD_UPDATED_BY='Backup Table'
Table Count in Snowflake:: 0
Row Count of Table VENDOR is not matched for RAW :: 833 DataMart :: 833 CURATED :: 0]]>
  </system-out>
  <testcase classname="testcases.RAW_DATAMART_CURATED.SnowFlake_RowCount_Master" name="Testcase_RowCount_validation" time="1.632">
    <failure message="The following asserts failed:
	null" type="java.lang.AssertionError">
      <![CDATA[java.lang.AssertionError: The following asserts failed:
null
at org.testng.asserts.SoftAssert.assertAll(SoftAssert.java:47)
at org.testng.asserts.SoftAssert.assertAll(SoftAssert.java:31)
at testcases.RAW_DATAMART_CURATED.SnowFlake_RowCount_Master.validate_RowCount_BKP(SnowFlake_RowCount_Master.java:56)
at testcases.RAW_DATAMART_CURATED.SnowFlake_RowCount_Master.Testcase_RowCount_validation(SnowFlake_RowCount_Master.java:25)
at jdk.internal.reflect.GeneratedMethodAccessor13.invoke(Unknown Source)
at java.base/jdk.internal.reflect.DelegatingMethodAccessorImpl.invoke(DelegatingMethodAccessorImpl.java:43)
at java.base/java.lang.reflect.Method.invoke(Method.java:568)
at org.testng.internal.MethodInvocationHelper.invokeMethod(MethodInvocationHelper.java:133)
at org.testng.internal.TestInvoker.invokeMethod(TestInvoker.java:598)
at org.testng.internal.TestInvoker.invokeTestMethod(TestInvoker.java:173)
at org.testng.internal.MethodRunner.runInSequence(MethodRunner.java:46)
at org.testng.internal.TestInvoker$MethodInvocationAgent.invoke(TestInvoker.java:824)
at org.testng.internal.TestInvoker.invokeTestMethods(TestInvoker.java:146)
at org.testng.internal.TestMethodWorker.invokeTestMethods(TestMethodWorker.java:146)
at org.testng.internal.TestMethodWorker.run(TestMethodWorker.java:128)
at java.base/java.util.ArrayList.forEach(ArrayList.java:1511)
at org.testng.TestRunner.privateRun(TestRunner.java:794)
at org.testng.TestRunner.run(TestRunner.java:596)
at org.testng.SuiteRunner.runTest(SuiteRunner.java:377)
at org.testng.SuiteRunner.runSequentially(SuiteRunner.java:371)
at org.testng.SuiteRunner.privateRun(SuiteRunner.java:332)
at org.testng.SuiteRunner.run(SuiteRunner.java:276)
at org.testng.SuiteRunnerWorker.runSuite(SuiteRunnerWorker.java:53)
at org.testng.SuiteRunnerWorker.run(SuiteRunnerWorker.java:96)
at org.testng.TestNG.runSuitesSequentially(TestNG.java:1212)
at org.testng.TestNG.runSuitesLocally(TestNG.java:1134)
at org.testng.TestNG.runSuites(TestNG.java:1063)
at org.testng.TestNG.run(TestNG.java:1031)
at org.testng.remote.AbstractRemoteTestNG.run(AbstractRemoteTestNG.java:115)
at org.testng.remote.RemoteTestNG.initAndRun(RemoteTestNG.java:251)
at org.testng.remote.RemoteTestNG.main(RemoteTestNG.java:77)
]]>
    </failure>
  </testcase> <!-- Testcase_RowCount_validation -->
  <system-out>
    <![CDATA[Executing Snowflake query :: SELECT count(*) as TOTAL FROM DEV_ENT_RAW.ST_EANESHEATING_MATILLION.GROSSPAYITEM
Snowflake - SQLException at readDB() method :: SQL compilation error:
Object 'DEV_ENT_RAW.ST_EANESHEATING_MATILLION.GROSSPAYITEM' does not exist or not authorized.
Executing Snowflake query :: select count(*) as TOTAL from CURATED_DATAMART.ST_BKP_EANESHEATING.STR_GROSSPAYITEM Where ACTIVE_FLAG='Y'
Table Count in Snowflake:: 0
Executing Snowflake query :: select count(*) as TOTAL from DEV_ENT_CURATED.MASTER_DIMENSIONS.DIM_GROSSPAYITEM where tenant_type='EANESHEATING' and RECORD_UPDATED_BY='Backup Table'
Table Count in Snowflake:: 0
Row Count of Table GROSSPAYITEM is matched for RAW :: 0 DataMart :: 0 CURATED :: 0]]>
  </system-out>
  <testcase classname="testcases.RAW_DATAMART_CURATED.SnowFlake_RowCount_Master" name="Testcase_RowCount_validation" time="1.721">
    <failure message="The following asserts failed:
	null" type="java.lang.AssertionError">
      <![CDATA[java.lang.AssertionError: The following asserts failed:
null
at org.testng.asserts.SoftAssert.assertAll(SoftAssert.java:47)
at org.testng.asserts.SoftAssert.assertAll(SoftAssert.java:31)
at testcases.RAW_DATAMART_CURATED.SnowFlake_RowCount_Master.validate_RowCount_API(SnowFlake_RowCount_Master.java:115)
at testcases.RAW_DATAMART_CURATED.SnowFlake_RowCount_Master.Testcase_RowCount_validation(SnowFlake_RowCount_Master.java:28)
at jdk.internal.reflect.GeneratedMethodAccessor13.invoke(Unknown Source)
at java.base/jdk.internal.reflect.DelegatingMethodAccessorImpl.invoke(DelegatingMethodAccessorImpl.java:43)
at java.base/java.lang.reflect.Method.invoke(Method.java:568)
at org.testng.internal.MethodInvocationHelper.invokeMethod(MethodInvocationHelper.java:133)
at org.testng.internal.TestInvoker.invokeMethod(TestInvoker.java:598)
at org.testng.internal.TestInvoker.invokeTestMethod(TestInvoker.java:173)
at org.testng.internal.MethodRunner.runInSequence(MethodRunner.java:46)
at org.testng.internal.TestInvoker$MethodInvocationAgent.invoke(TestInvoker.java:824)
at org.testng.internal.TestInvoker.invokeTestMethods(TestInvoker.java:146)
at org.testng.internal.TestMethodWorker.invokeTestMethods(TestMethodWorker.java:146)
at org.testng.internal.TestMethodWorker.run(TestMethodWorker.java:128)
at java.base/java.util.ArrayList.forEach(ArrayList.java:1511)
at org.testng.TestRunner.privateRun(TestRunner.java:794)
at org.testng.TestRunner.run(TestRunner.java:596)
at org.testng.SuiteRunner.runTest(SuiteRunner.java:377)
at org.testng.SuiteRunner.runSequentially(SuiteRunner.java:371)
at org.testng.SuiteRunner.privateRun(SuiteRunner.java:332)
at org.testng.SuiteRunner.run(SuiteRunner.java:276)
at org.testng.SuiteRunnerWorker.runSuite(SuiteRunnerWorker.java:53)
at org.testng.SuiteRunnerWorker.run(SuiteRunnerWorker.java:96)
at org.testng.TestNG.runSuitesSequentially(TestNG.java:1212)
at org.testng.TestNG.runSuitesLocally(TestNG.java:1134)
at org.testng.TestNG.runSuites(TestNG.java:1063)
at org.testng.TestNG.run(TestNG.java:1031)
at org.testng.remote.AbstractRemoteTestNG.run(AbstractRemoteTestNG.java:115)
at org.testng.remote.RemoteTestNG.initAndRun(RemoteTestNG.java:251)
at org.testng.remote.RemoteTestNG.main(RemoteTestNG.java:77)
]]>
    </failure>
  </testcase> <!-- Testcase_RowCount_validation -->
  <system-out>
    <![CDATA[Executing Snowflake query :: SELECT count(*) as TOTAL FROM DEV_ENT_RAW.API_MAT.ST_API_ESTIMATEITEM WHERE TENANT_NAME='FOURPROS'
Table Count in Snowflake:: 50813
Executing Snowflake query :: select count(*) as TOTAL from CURATED_DATAMART.ST_API_FOURPROS.STR_API_ESTIMATEITEM WHERE ACTIVE_FLAG='Y'
Table Count in Snowflake:: 50068
Executing Snowflake query :: select count(*) as TOTAL from DEV_ENT_CURATED.MASTER_DIMENSIONS.DIM_ESTIMATEITEM WHERE TENANT_TYPE='FOURPROS' and RECORD_UPDATED_BY='API ETL'
Table Count in Snowflake:: 50068
Row Count of Table ESTIMATEITEM is not matched for APIMAT :: 50813 DataMart :: 50068
Row Count of Table ESTIMATEITEM is matched for DataMart :: 50068 CURATED :: 50068]]>
  </system-out>
  <testcase classname="testcases.RAW_DATAMART_CURATED.SnowFlake_RowCount_Master" name="Testcase_RowCount_validation" time="1.747">
    <failure message="The following asserts failed:
	null,
	null" type="java.lang.AssertionError">
      <![CDATA[java.lang.AssertionError: The following asserts failed:
null,
null
at org.testng.asserts.SoftAssert.assertAll(SoftAssert.java:47)
at org.testng.asserts.SoftAssert.assertAll(SoftAssert.java:31)
at testcases.RAW_DATAMART_CURATED.SnowFlake_RowCount_Master.validate_RowCount_BKP(SnowFlake_RowCount_Master.java:56)
at testcases.RAW_DATAMART_CURATED.SnowFlake_RowCount_Master.Testcase_RowCount_validation(SnowFlake_RowCount_Master.java:25)
at jdk.internal.reflect.GeneratedMethodAccessor13.invoke(Unknown Source)
at java.base/jdk.internal.reflect.DelegatingMethodAccessorImpl.invoke(DelegatingMethodAccessorImpl.java:43)
at java.base/java.lang.reflect.Method.invoke(Method.java:568)
at org.testng.internal.MethodInvocationHelper.invokeMethod(MethodInvocationHelper.java:133)
at org.testng.internal.TestInvoker.invokeMethod(TestInvoker.java:598)
at org.testng.internal.TestInvoker.invokeTestMethod(TestInvoker.java:173)
at org.testng.internal.MethodRunner.runInSequence(MethodRunner.java:46)
at org.testng.internal.TestInvoker$MethodInvocationAgent.invoke(TestInvoker.java:824)
at org.testng.internal.TestInvoker.invokeTestMethods(TestInvoker.java:146)
at org.testng.internal.TestMethodWorker.invokeTestMethods(TestMethodWorker.java:146)
at org.testng.internal.TestMethodWorker.run(TestMethodWorker.java:128)
at java.base/java.util.ArrayList.forEach(ArrayList.java:1511)
at org.testng.TestRunner.privateRun(TestRunner.java:794)
at org.testng.TestRunner.run(TestRunner.java:596)
at org.testng.SuiteRunner.runTest(SuiteRunner.java:377)
at org.testng.SuiteRunner.runSequentially(SuiteRunner.java:371)
at org.testng.SuiteRunner.privateRun(SuiteRunner.java:332)
at org.testng.SuiteRunner.run(SuiteRunner.java:276)
at org.testng.SuiteRunnerWorker.runSuite(SuiteRunnerWorker.java:53)
at org.testng.SuiteRunnerWorker.run(SuiteRunnerWorker.java:96)
at org.testng.TestNG.runSuitesSequentially(TestNG.java:1212)
at org.testng.TestNG.runSuitesLocally(TestNG.java:1134)
at org.testng.TestNG.runSuites(TestNG.java:1063)
at org.testng.TestNG.run(TestNG.java:1031)
at org.testng.remote.AbstractRemoteTestNG.run(AbstractRemoteTestNG.java:115)
at org.testng.remote.RemoteTestNG.initAndRun(RemoteTestNG.java:251)
at org.testng.remote.RemoteTestNG.main(RemoteTestNG.java:77)
]]>
    </failure>
  </testcase> <!-- Testcase_RowCount_validation -->
  <system-out>
    <![CDATA[Executing Snowflake query :: SELECT count(*) as TOTAL FROM DEV_ENT_RAW.ST_HUTCHINSON_MATILLION.TECHNICIANATTACHEDPROPERTY
Table Count in Snowflake:: 1189
Executing Snowflake query :: select count(*) as TOTAL from CURATED_DATAMART.ST_BKP_HUTCHINSON.STR_TECHNICIANATTACHEDPROPERTY Where ACTIVE_FLAG='Y'
Table Count in Snowflake:: 1190
Executing Snowflake query :: select count(*) as TOTAL from DEV_ENT_CURATED.MASTER_DIMENSIONS.DIM_TECHNICIANATTACHEDPROPERTY where tenant_type='HUTCHINSON' and RECORD_UPDATED_BY='Backup Table'
Snowflake - SQLException at readDB() method :: SQL compilation error: error line 1 at position 130
invalid identifier 'RECORD_UPDATED_BY'
Row Count of Table TECHNICIANATTACHEDPROPERTY is not matched for RAW :: 1189 DataMart :: 1190 CURATED :: 0]]>
  </system-out>
  <testcase classname="testcases.RAW_DATAMART_CURATED.SnowFlake_RowCount_Master" name="Testcase_RowCount_validation" time="3.114">
    <failure message="The following asserts failed:
	null" type="java.lang.AssertionError">
      <![CDATA[java.lang.AssertionError: The following asserts failed:
null
at org.testng.asserts.SoftAssert.assertAll(SoftAssert.java:47)
at org.testng.asserts.SoftAssert.assertAll(SoftAssert.java:31)
at testcases.RAW_DATAMART_CURATED.SnowFlake_RowCount_Master.validate_RowCount_BKP(SnowFlake_RowCount_Master.java:56)
at testcases.RAW_DATAMART_CURATED.SnowFlake_RowCount_Master.Testcase_RowCount_validation(SnowFlake_RowCount_Master.java:25)
at jdk.internal.reflect.GeneratedMethodAccessor13.invoke(Unknown Source)
at java.base/jdk.internal.reflect.DelegatingMethodAccessorImpl.invoke(DelegatingMethodAccessorImpl.java:43)
at java.base/java.lang.reflect.Method.invoke(Method.java:568)
at org.testng.internal.MethodInvocationHelper.invokeMethod(MethodInvocationHelper.java:133)
at org.testng.internal.TestInvoker.invokeMethod(TestInvoker.java:598)
at org.testng.internal.TestInvoker.invokeTestMethod(TestInvoker.java:173)
at org.testng.internal.MethodRunner.runInSequence(MethodRunner.java:46)
at org.testng.internal.TestInvoker$MethodInvocationAgent.invoke(TestInvoker.java:824)
at org.testng.internal.TestInvoker.invokeTestMethods(TestInvoker.java:146)
at org.testng.internal.TestMethodWorker.invokeTestMethods(TestMethodWorker.java:146)
at org.testng.internal.TestMethodWorker.run(TestMethodWorker.java:128)
at java.base/java.util.ArrayList.forEach(ArrayList.java:1511)
at org.testng.TestRunner.privateRun(TestRunner.java:794)
at org.testng.TestRunner.run(TestRunner.java:596)
at org.testng.SuiteRunner.runTest(SuiteRunner.java:377)
at org.testng.SuiteRunner.runSequentially(SuiteRunner.java:371)
at org.testng.SuiteRunner.privateRun(SuiteRunner.java:332)
at org.testng.SuiteRunner.run(SuiteRunner.java:276)
at org.testng.SuiteRunnerWorker.runSuite(SuiteRunnerWorker.java:53)
at org.testng.SuiteRunnerWorker.run(SuiteRunnerWorker.java:96)
at org.testng.TestNG.runSuitesSequentially(TestNG.java:1212)
at org.testng.TestNG.runSuitesLocally(TestNG.java:1134)
at org.testng.TestNG.runSuites(TestNG.java:1063)
at org.testng.TestNG.run(TestNG.java:1031)
at org.testng.remote.AbstractRemoteTestNG.run(AbstractRemoteTestNG.java:115)
at org.testng.remote.RemoteTestNG.initAndRun(RemoteTestNG.java:251)
at org.testng.remote.RemoteTestNG.main(RemoteTestNG.java:77)
]]>
    </failure>
  </testcase> <!-- Testcase_RowCount_validation -->
  <system-out>
    <![CDATA[Executing Snowflake query :: SELECT count(*) as TOTAL FROM DEV_ENT_RAW.ST_CASTEEL_MATILLION.PROJECT
Table Count in Snowflake:: 53542
Executing Snowflake query :: select count(*) as TOTAL from CURATED_DATAMART.ST_BKP_CASTEEL.STR_PROJECT Where ACTIVE_FLAG='Y'
Table Count in Snowflake:: 53551
Executing Snowflake query :: select count(*) as TOTAL from DEV_ENT_CURATED.MASTER_DIMENSIONS.DIM_PROJECT where tenant_type='CASTEEL' and RECORD_UPDATED_BY='Backup Table'
Table Count in Snowflake:: 53516
Row Count of Table PROJECT is not matched for RAW :: 53542 DataMart :: 53551 CURATED :: 53516]]>
  </system-out>
  <testcase classname="testcases.RAW_DATAMART_CURATED.SnowFlake_RowCount_Master" name="Testcase_RowCount_validation" time="2.147">
    <failure message="The following asserts failed:
	null" type="java.lang.AssertionError">
      <![CDATA[java.lang.AssertionError: The following asserts failed:
null
at org.testng.asserts.SoftAssert.assertAll(SoftAssert.java:47)
at org.testng.asserts.SoftAssert.assertAll(SoftAssert.java:31)
at testcases.RAW_DATAMART_CURATED.SnowFlake_RowCount_Master.validate_RowCount_BKP(SnowFlake_RowCount_Master.java:56)
at testcases.RAW_DATAMART_CURATED.SnowFlake_RowCount_Master.Testcase_RowCount_validation(SnowFlake_RowCount_Master.java:25)
at jdk.internal.reflect.GeneratedMethodAccessor13.invoke(Unknown Source)
at java.base/jdk.internal.reflect.DelegatingMethodAccessorImpl.invoke(DelegatingMethodAccessorImpl.java:43)
at java.base/java.lang.reflect.Method.invoke(Method.java:568)
at org.testng.internal.MethodInvocationHelper.invokeMethod(MethodInvocationHelper.java:133)
at org.testng.internal.TestInvoker.invokeMethod(TestInvoker.java:598)
at org.testng.internal.TestInvoker.invokeTestMethod(TestInvoker.java:173)
at org.testng.internal.MethodRunner.runInSequence(MethodRunner.java:46)
at org.testng.internal.TestInvoker$MethodInvocationAgent.invoke(TestInvoker.java:824)
at org.testng.internal.TestInvoker.invokeTestMethods(TestInvoker.java:146)
at org.testng.internal.TestMethodWorker.invokeTestMethods(TestMethodWorker.java:146)
at org.testng.internal.TestMethodWorker.run(TestMethodWorker.java:128)
at java.base/java.util.ArrayList.forEach(ArrayList.java:1511)
at org.testng.TestRunner.privateRun(TestRunner.java:794)
at org.testng.TestRunner.run(TestRunner.java:596)
at org.testng.SuiteRunner.runTest(SuiteRunner.java:377)
at org.testng.SuiteRunner.runSequentially(SuiteRunner.java:371)
at org.testng.SuiteRunner.privateRun(SuiteRunner.java:332)
at org.testng.SuiteRunner.run(SuiteRunner.java:276)
at org.testng.SuiteRunnerWorker.runSuite(SuiteRunnerWorker.java:53)
at org.testng.SuiteRunnerWorker.run(SuiteRunnerWorker.java:96)
at org.testng.TestNG.runSuitesSequentially(TestNG.java:1212)
at org.testng.TestNG.runSuitesLocally(TestNG.java:1134)
at org.testng.TestNG.runSuites(TestNG.java:1063)
at org.testng.TestNG.run(TestNG.java:1031)
at org.testng.remote.AbstractRemoteTestNG.run(AbstractRemoteTestNG.java:115)
at org.testng.remote.RemoteTestNG.initAndRun(RemoteTestNG.java:251)
at org.testng.remote.RemoteTestNG.main(RemoteTestNG.java:77)
]]>
    </failure>
  </testcase> <!-- Testcase_RowCount_validation -->
  <system-out>
    <![CDATA[Executing Snowflake query :: SELECT count(*) as TOTAL FROM DEV_ENT_RAW.ST_HORIZONSERVICES_MATILLION.JOBCOMPLETIONSURVEY
Table Count in Snowflake:: 23025
Executing Snowflake query :: select count(*) as TOTAL from CURATED_DATAMART.ST_BKP_HORIZONSERVICES.STR_JOBCOMPLETIONSURVEY Where ACTIVE_FLAG='Y'
Table Count in Snowflake:: 22409
Executing Snowflake query :: select count(*) as TOTAL from DEV_ENT_CURATED.MASTER_DIMENSIONS.DIM_JOBCOMPLETIONSURVEY where tenant_type='HORIZONSERVICES' and RECORD_UPDATED_BY='Backup Table'
Table Count in Snowflake:: 22407
Row Count of Table JOBCOMPLETIONSURVEY is not matched for RAW :: 23025 DataMart :: 22409 CURATED :: 22407]]>
  </system-out>
  <testcase classname="testcases.RAW_DATAMART_CURATED.SnowFlake_RowCount_Master" name="Testcase_RowCount_validation" time="2.554">
    <failure message="The following asserts failed:
	null" type="java.lang.AssertionError">
      <![CDATA[java.lang.AssertionError: The following asserts failed:
null
at org.testng.asserts.SoftAssert.assertAll(SoftAssert.java:47)
at org.testng.asserts.SoftAssert.assertAll(SoftAssert.java:31)
at testcases.RAW_DATAMART_CURATED.SnowFlake_RowCount_Master.validate_RowCount_API(SnowFlake_RowCount_Master.java:115)
at testcases.RAW_DATAMART_CURATED.SnowFlake_RowCount_Master.Testcase_RowCount_validation(SnowFlake_RowCount_Master.java:28)
at jdk.internal.reflect.GeneratedMethodAccessor13.invoke(Unknown Source)
at java.base/jdk.internal.reflect.DelegatingMethodAccessorImpl.invoke(DelegatingMethodAccessorImpl.java:43)
at java.base/java.lang.reflect.Method.invoke(Method.java:568)
at org.testng.internal.MethodInvocationHelper.invokeMethod(MethodInvocationHelper.java:133)
at org.testng.internal.TestInvoker.invokeMethod(TestInvoker.java:598)
at org.testng.internal.TestInvoker.invokeTestMethod(TestInvoker.java:173)
at org.testng.internal.MethodRunner.runInSequence(MethodRunner.java:46)
at org.testng.internal.TestInvoker$MethodInvocationAgent.invoke(TestInvoker.java:824)
at org.testng.internal.TestInvoker.invokeTestMethods(TestInvoker.java:146)
at org.testng.internal.TestMethodWorker.invokeTestMethods(TestMethodWorker.java:146)
at org.testng.internal.TestMethodWorker.run(TestMethodWorker.java:128)
at java.base/java.util.ArrayList.forEach(ArrayList.java:1511)
at org.testng.TestRunner.privateRun(TestRunner.java:794)
at org.testng.TestRunner.run(TestRunner.java:596)
at org.testng.SuiteRunner.runTest(SuiteRunner.java:377)
at org.testng.SuiteRunner.runSequentially(SuiteRunner.java:371)
at org.testng.SuiteRunner.privateRun(SuiteRunner.java:332)
at org.testng.SuiteRunner.run(SuiteRunner.java:276)
at org.testng.SuiteRunnerWorker.runSuite(SuiteRunnerWorker.java:53)
at org.testng.SuiteRunnerWorker.run(SuiteRunnerWorker.java:96)
at org.testng.TestNG.runSuitesSequentially(TestNG.java:1212)
at org.testng.TestNG.runSuitesLocally(TestNG.java:1134)
at org.testng.TestNG.runSuites(TestNG.java:1063)
at org.testng.TestNG.run(TestNG.java:1031)
at org.testng.remote.AbstractRemoteTestNG.run(AbstractRemoteTestNG.java:115)
at org.testng.remote.RemoteTestNG.initAndRun(RemoteTestNG.java:251)
at org.testng.remote.RemoteTestNG.main(RemoteTestNG.java:77)
]]>
    </failure>
  </testcase> <!-- Testcase_RowCount_validation -->
  <system-out>
    <![CDATA[Executing Snowflake query :: SELECT count(*) as TOTAL FROM DEV_ENT_RAW.API_MAT.ST_API_CUSTOMERMEMBERSHIP WHERE TENANT_NAME='EANESHEATING'
Table Count in Snowflake:: 17474
Executing Snowflake query :: select count(*) as TOTAL from CURATED_DATAMART.ST_API_EANESHEATING.STR_API_CUSTOMERMEMBERSHIP WHERE ACTIVE_FLAG='Y'
Table Count in Snowflake:: 14909
Executing Snowflake query :: select count(*) as TOTAL from DEV_ENT_CURATED.MASTER_DIMENSIONS.DIM_CUSTOMERMEMBERSHIP WHERE TENANT_TYPE='EANESHEATING' and RECORD_UPDATED_BY='API ETL'
Table Count in Snowflake:: 0
Row Count of Table CUSTOMERMEMBERSHIP is not matched for APIMAT :: 17474 DataMart :: 14909
Executing Snowflake query :: select count(*) as TOTAL from DEV_ENT_CURATED.MASTER_DIMENSIONS.DIM_CUSTOMERMEMBERSHIP WHERE TENANT_TYPE='EANESHEATING' and RECORD_UPDATED_BY='Backup Table' AND ID in (select ID from CURATED_DATAMART.ST_API_EANESHEATING.STR_API_CUSTOMERMEMBERSHIP WHERE ACTIVE_FLAG='Y')
Table Count in Snowflake:: 14909
Row Count of Table CUSTOMERMEMBERSHIP is matched for DataMart :: 14909 CURATED :: 14909]]>
  </system-out>
  <testcase classname="testcases.RAW_DATAMART_CURATED.SnowFlake_RowCount_Master" name="Testcase_RowCount_validation" time="2.247">
    <failure message="The following asserts failed:
	null" type="java.lang.AssertionError">
      <![CDATA[java.lang.AssertionError: The following asserts failed:
null
at org.testng.asserts.SoftAssert.assertAll(SoftAssert.java:47)
at org.testng.asserts.SoftAssert.assertAll(SoftAssert.java:31)
at testcases.RAW_DATAMART_CURATED.SnowFlake_RowCount_Master.validate_RowCount_BKP(SnowFlake_RowCount_Master.java:56)
at testcases.RAW_DATAMART_CURATED.SnowFlake_RowCount_Master.Testcase_RowCount_validation(SnowFlake_RowCount_Master.java:25)
at jdk.internal.reflect.GeneratedMethodAccessor13.invoke(Unknown Source)
at java.base/jdk.internal.reflect.DelegatingMethodAccessorImpl.invoke(DelegatingMethodAccessorImpl.java:43)
at java.base/java.lang.reflect.Method.invoke(Method.java:568)
at org.testng.internal.MethodInvocationHelper.invokeMethod(MethodInvocationHelper.java:133)
at org.testng.internal.TestInvoker.invokeMethod(TestInvoker.java:598)
at org.testng.internal.TestInvoker.invokeTestMethod(TestInvoker.java:173)
at org.testng.internal.MethodRunner.runInSequence(MethodRunner.java:46)
at org.testng.internal.TestInvoker$MethodInvocationAgent.invoke(TestInvoker.java:824)
at org.testng.internal.TestInvoker.invokeTestMethods(TestInvoker.java:146)
at org.testng.internal.TestMethodWorker.invokeTestMethods(TestMethodWorker.java:146)
at org.testng.internal.TestMethodWorker.run(TestMethodWorker.java:128)
at java.base/java.util.ArrayList.forEach(ArrayList.java:1511)
at org.testng.TestRunner.privateRun(TestRunner.java:794)
at org.testng.TestRunner.run(TestRunner.java:596)
at org.testng.SuiteRunner.runTest(SuiteRunner.java:377)
at org.testng.SuiteRunner.runSequentially(SuiteRunner.java:371)
at org.testng.SuiteRunner.privateRun(SuiteRunner.java:332)
at org.testng.SuiteRunner.run(SuiteRunner.java:276)
at org.testng.SuiteRunnerWorker.runSuite(SuiteRunnerWorker.java:53)
at org.testng.SuiteRunnerWorker.run(SuiteRunnerWorker.java:96)
at org.testng.TestNG.runSuitesSequentially(TestNG.java:1212)
at org.testng.TestNG.runSuitesLocally(TestNG.java:1134)
at org.testng.TestNG.runSuites(TestNG.java:1063)
at org.testng.TestNG.run(TestNG.java:1031)
at org.testng.remote.AbstractRemoteTestNG.run(AbstractRemoteTestNG.java:115)
at org.testng.remote.RemoteTestNG.initAndRun(RemoteTestNG.java:251)
at org.testng.remote.RemoteTestNG.main(RemoteTestNG.java:77)
]]>
    </failure>
  </testcase> <!-- Testcase_RowCount_validation -->
  <system-out>
    <![CDATA[Executing Snowflake query :: SELECT count(*) as TOTAL FROM DEV_ENT_RAW.ST_HARP_MATILLION.JOB
Table Count in Snowflake:: 147531
Executing Snowflake query :: select count(*) as TOTAL from CURATED_DATAMART.ST_BKP_HARP.STR_JOB Where ACTIVE_FLAG='Y'
Table Count in Snowflake:: 151281
Executing Snowflake query :: select count(*) as TOTAL from DEV_ENT_CURATED.MASTER_DIMENSIONS.DIM_JOB where tenant_type='HARP' and RECORD_UPDATED_BY='Backup Table'
Table Count in Snowflake:: 149330
Row Count of Table JOB is not matched for RAW :: 147531 DataMart :: 151281 CURATED :: 149330]]>
  </system-out>
  <testcase classname="testcases.RAW_DATAMART_CURATED.SnowFlake_RowCount_Master" name="Testcase_RowCount_validation" time="1.518">
    <failure message="The following asserts failed:
	null" type="java.lang.AssertionError">
      <![CDATA[java.lang.AssertionError: The following asserts failed:
null
at org.testng.asserts.SoftAssert.assertAll(SoftAssert.java:47)
at org.testng.asserts.SoftAssert.assertAll(SoftAssert.java:31)
at testcases.RAW_DATAMART_CURATED.SnowFlake_RowCount_Master.validate_RowCount_BKP(SnowFlake_RowCount_Master.java:56)
at testcases.RAW_DATAMART_CURATED.SnowFlake_RowCount_Master.Testcase_RowCount_validation(SnowFlake_RowCount_Master.java:25)
at jdk.internal.reflect.GeneratedMethodAccessor13.invoke(Unknown Source)
at java.base/jdk.internal.reflect.DelegatingMethodAccessorImpl.invoke(DelegatingMethodAccessorImpl.java:43)
at java.base/java.lang.reflect.Method.invoke(Method.java:568)
at org.testng.internal.MethodInvocationHelper.invokeMethod(MethodInvocationHelper.java:133)
at org.testng.internal.TestInvoker.invokeMethod(TestInvoker.java:598)
at org.testng.internal.TestInvoker.invokeTestMethod(TestInvoker.java:173)
at org.testng.internal.MethodRunner.runInSequence(MethodRunner.java:46)
at org.testng.internal.TestInvoker$MethodInvocationAgent.invoke(TestInvoker.java:824)
at org.testng.internal.TestInvoker.invokeTestMethods(TestInvoker.java:146)
at org.testng.internal.TestMethodWorker.invokeTestMethods(TestMethodWorker.java:146)
at org.testng.internal.TestMethodWorker.run(TestMethodWorker.java:128)
at java.base/java.util.ArrayList.forEach(ArrayList.java:1511)
at org.testng.TestRunner.privateRun(TestRunner.java:794)
at org.testng.TestRunner.run(TestRunner.java:596)
at org.testng.SuiteRunner.runTest(SuiteRunner.java:377)
at org.testng.SuiteRunner.runSequentially(SuiteRunner.java:371)
at org.testng.SuiteRunner.privateRun(SuiteRunner.java:332)
at org.testng.SuiteRunner.run(SuiteRunner.java:276)
at org.testng.SuiteRunnerWorker.runSuite(SuiteRunnerWorker.java:53)
at org.testng.SuiteRunnerWorker.run(SuiteRunnerWorker.java:96)
at org.testng.TestNG.runSuitesSequentially(TestNG.java:1212)
at org.testng.TestNG.runSuitesLocally(TestNG.java:1134)
at org.testng.TestNG.runSuites(TestNG.java:1063)
at org.testng.TestNG.run(TestNG.java:1031)
at org.testng.remote.AbstractRemoteTestNG.run(AbstractRemoteTestNG.java:115)
at org.testng.remote.RemoteTestNG.initAndRun(RemoteTestNG.java:251)
at org.testng.remote.RemoteTestNG.main(RemoteTestNG.java:77)
]]>
    </failure>
  </testcase> <!-- Testcase_RowCount_validation -->
  <system-out>
    <![CDATA[Executing Snowflake query :: SELECT count(*) as TOTAL FROM DEV_ENT_RAW.ST_EANESHEATING_MATILLION.TECHNICIANSHIFT
Snowflake - SQLException at readDB() method :: SQL compilation error:
Object 'DEV_ENT_RAW.ST_EANESHEATING_MATILLION.TECHNICIANSHIFT' does not exist or not authorized.
Executing Snowflake query :: select count(*) as TOTAL from CURATED_DATAMART.ST_BKP_EANESHEATING.STR_TECHNICIANSHIFT Where ACTIVE_FLAG='Y'
Table Count in Snowflake:: 24573
Executing Snowflake query :: select count(*) as TOTAL from DEV_ENT_CURATED.MASTER_DIMENSIONS.DIM_TECHNICIANSHIFT where tenant_type='EANESHEATING' and RECORD_UPDATED_BY='Backup Table'
Table Count in Snowflake:: 24573
Row Count of Table TECHNICIANSHIFT is matched for RAW :: 0 DataMart :: 24573 CURATED :: 24573]]>
  </system-out>
  <testcase classname="testcases.RAW_DATAMART_CURATED.SnowFlake_RowCount_Master" name="Testcase_RowCount_validation" time="2.030">
    <failure message="The following asserts failed:
	null" type="java.lang.AssertionError">
      <![CDATA[java.lang.AssertionError: The following asserts failed:
null
at org.testng.asserts.SoftAssert.assertAll(SoftAssert.java:47)
at org.testng.asserts.SoftAssert.assertAll(SoftAssert.java:31)
at testcases.RAW_DATAMART_CURATED.SnowFlake_RowCount_Master.validate_RowCount_BKP(SnowFlake_RowCount_Master.java:56)
at testcases.RAW_DATAMART_CURATED.SnowFlake_RowCount_Master.Testcase_RowCount_validation(SnowFlake_RowCount_Master.java:25)
at jdk.internal.reflect.GeneratedMethodAccessor13.invoke(Unknown Source)
at java.base/jdk.internal.reflect.DelegatingMethodAccessorImpl.invoke(DelegatingMethodAccessorImpl.java:43)
at java.base/java.lang.reflect.Method.invoke(Method.java:568)
at org.testng.internal.MethodInvocationHelper.invokeMethod(MethodInvocationHelper.java:133)
at org.testng.internal.TestInvoker.invokeMethod(TestInvoker.java:598)
at org.testng.internal.TestInvoker.invokeTestMethod(TestInvoker.java:173)
at org.testng.internal.MethodRunner.runInSequence(MethodRunner.java:46)
at org.testng.internal.TestInvoker$MethodInvocationAgent.invoke(TestInvoker.java:824)
at org.testng.internal.TestInvoker.invokeTestMethods(TestInvoker.java:146)
at org.testng.internal.TestMethodWorker.invokeTestMethods(TestMethodWorker.java:146)
at org.testng.internal.TestMethodWorker.run(TestMethodWorker.java:128)
at java.base/java.util.ArrayList.forEach(ArrayList.java:1511)
at org.testng.TestRunner.privateRun(TestRunner.java:794)
at org.testng.TestRunner.run(TestRunner.java:596)
at org.testng.SuiteRunner.runTest(SuiteRunner.java:377)
at org.testng.SuiteRunner.runSequentially(SuiteRunner.java:371)
at org.testng.SuiteRunner.privateRun(SuiteRunner.java:332)
at org.testng.SuiteRunner.run(SuiteRunner.java:276)
at org.testng.SuiteRunnerWorker.runSuite(SuiteRunnerWorker.java:53)
at org.testng.SuiteRunnerWorker.run(SuiteRunnerWorker.java:96)
at org.testng.TestNG.runSuitesSequentially(TestNG.java:1212)
at org.testng.TestNG.runSuitesLocally(TestNG.java:1134)
at org.testng.TestNG.runSuites(TestNG.java:1063)
at org.testng.TestNG.run(TestNG.java:1031)
at org.testng.remote.AbstractRemoteTestNG.run(AbstractRemoteTestNG.java:115)
at org.testng.remote.RemoteTestNG.initAndRun(RemoteTestNG.java:251)
at org.testng.remote.RemoteTestNG.main(RemoteTestNG.java:77)
]]>
    </failure>
  </testcase> <!-- Testcase_RowCount_validation -->
  <system-out>
    <![CDATA[Executing Snowflake query :: SELECT count(*) as TOTAL FROM DEV_ENT_RAW.ST_HDAIR_MATILLION.JOBAPPOINTMENT
Snowflake - SQLException at readDB() method :: SQL compilation error:
Object 'DEV_ENT_RAW.ST_HDAIR_MATILLION.JOBAPPOINTMENT' does not exist or not authorized.
Executing Snowflake query :: select count(*) as TOTAL from CURATED_DATAMART.ST_BKP_HDAIR.STR_JOBAPPOINTMENT Where ACTIVE_FLAG='Y'
Table Count in Snowflake:: 1352810
Executing Snowflake query :: select count(*) as TOTAL from DEV_ENT_CURATED.MASTER_DIMENSIONS.DIM_JOBAPPOINTMENT where tenant_type='HDAIR' and RECORD_UPDATED_BY='Backup Table'
Table Count in Snowflake:: 1352810
Row Count of Table JOBAPPOINTMENT is matched for RAW :: 0 DataMart :: 1352810 CURATED :: 1352810]]>
  </system-out>
  <testcase classname="testcases.RAW_DATAMART_CURATED.SnowFlake_RowCount_Master" name="Testcase_RowCount_validation" time="2.561">
    <failure message="The following asserts failed:
	null" type="java.lang.AssertionError">
      <![CDATA[java.lang.AssertionError: The following asserts failed:
null
at org.testng.asserts.SoftAssert.assertAll(SoftAssert.java:47)
at org.testng.asserts.SoftAssert.assertAll(SoftAssert.java:31)
at testcases.RAW_DATAMART_CURATED.SnowFlake_RowCount_Master.validate_RowCount_BKP(SnowFlake_RowCount_Master.java:56)
at testcases.RAW_DATAMART_CURATED.SnowFlake_RowCount_Master.Testcase_RowCount_validation(SnowFlake_RowCount_Master.java:25)
at jdk.internal.reflect.GeneratedMethodAccessor13.invoke(Unknown Source)
at java.base/jdk.internal.reflect.DelegatingMethodAccessorImpl.invoke(DelegatingMethodAccessorImpl.java:43)
at java.base/java.lang.reflect.Method.invoke(Method.java:568)
at org.testng.internal.MethodInvocationHelper.invokeMethod(MethodInvocationHelper.java:133)
at org.testng.internal.TestInvoker.invokeMethod(TestInvoker.java:598)
at org.testng.internal.TestInvoker.invokeTestMethod(TestInvoker.java:173)
at org.testng.internal.MethodRunner.runInSequence(MethodRunner.java:46)
at org.testng.internal.TestInvoker$MethodInvocationAgent.invoke(TestInvoker.java:824)
at org.testng.internal.TestInvoker.invokeTestMethods(TestInvoker.java:146)
at org.testng.internal.TestMethodWorker.invokeTestMethods(TestMethodWorker.java:146)
at org.testng.internal.TestMethodWorker.run(TestMethodWorker.java:128)
at java.base/java.util.ArrayList.forEach(ArrayList.java:1511)
at org.testng.TestRunner.privateRun(TestRunner.java:794)
at org.testng.TestRunner.run(TestRunner.java:596)
at org.testng.SuiteRunner.runTest(SuiteRunner.java:377)
at org.testng.SuiteRunner.runSequentially(SuiteRunner.java:371)
at org.testng.SuiteRunner.privateRun(SuiteRunner.java:332)
at org.testng.SuiteRunner.run(SuiteRunner.java:276)
at org.testng.SuiteRunnerWorker.runSuite(SuiteRunnerWorker.java:53)
at org.testng.SuiteRunnerWorker.run(SuiteRunnerWorker.java:96)
at org.testng.TestNG.runSuitesSequentially(TestNG.java:1212)
at org.testng.TestNG.runSuitesLocally(TestNG.java:1134)
at org.testng.TestNG.runSuites(TestNG.java:1063)
at org.testng.TestNG.run(TestNG.java:1031)
at org.testng.remote.AbstractRemoteTestNG.run(AbstractRemoteTestNG.java:115)
at org.testng.remote.RemoteTestNG.initAndRun(RemoteTestNG.java:251)
at org.testng.remote.RemoteTestNG.main(RemoteTestNG.java:77)
]]>
    </failure>
  </testcase> <!-- Testcase_RowCount_validation -->
  <system-out>
    <![CDATA[Executing Snowflake query :: SELECT count(*) as TOTAL FROM DEV_ENT_RAW.ST_FOURPROS_MATILLION.PURCHASEORDER
Table Count in Snowflake:: 9613
Executing Snowflake query :: select count(*) as TOTAL from CURATED_DATAMART.ST_BKP_FOURPROS.STR_PURCHASEORDER Where ACTIVE_FLAG='Y'
Table Count in Snowflake:: 9580
Executing Snowflake query :: select count(*) as TOTAL from DEV_ENT_CURATED.MASTER_DIMENSIONS.DIM_PURCHASEORDER where tenant_type='FOURPROS' and RECORD_UPDATED_BY='Backup Table'
Table Count in Snowflake:: 5125
Row Count of Table PURCHASEORDER is not matched for RAW :: 9613 DataMart :: 9580 CURATED :: 5125]]>
  </system-out>
  <testcase classname="testcases.RAW_DATAMART_CURATED.SnowFlake_RowCount_Master" name="Testcase_RowCount_validation" time="1.490">
    <failure message="The following asserts failed:
	null" type="java.lang.AssertionError">
      <![CDATA[java.lang.AssertionError: The following asserts failed:
null
at org.testng.asserts.SoftAssert.assertAll(SoftAssert.java:47)
at org.testng.asserts.SoftAssert.assertAll(SoftAssert.java:31)
at testcases.RAW_DATAMART_CURATED.SnowFlake_RowCount_Master.validate_RowCount_BKP(SnowFlake_RowCount_Master.java:56)
at testcases.RAW_DATAMART_CURATED.SnowFlake_RowCount_Master.Testcase_RowCount_validation(SnowFlake_RowCount_Master.java:25)
at jdk.internal.reflect.GeneratedMethodAccessor13.invoke(Unknown Source)
at java.base/jdk.internal.reflect.DelegatingMethodAccessorImpl.invoke(DelegatingMethodAccessorImpl.java:43)
at java.base/java.lang.reflect.Method.invoke(Method.java:568)
at org.testng.internal.MethodInvocationHelper.invokeMethod(MethodInvocationHelper.java:133)
at org.testng.internal.TestInvoker.invokeMethod(TestInvoker.java:598)
at org.testng.internal.TestInvoker.invokeTestMethod(TestInvoker.java:173)
at org.testng.internal.MethodRunner.runInSequence(MethodRunner.java:46)
at org.testng.internal.TestInvoker$MethodInvocationAgent.invoke(TestInvoker.java:824)
at org.testng.internal.TestInvoker.invokeTestMethods(TestInvoker.java:146)
at org.testng.internal.TestMethodWorker.invokeTestMethods(TestMethodWorker.java:146)
at org.testng.internal.TestMethodWorker.run(TestMethodWorker.java:128)
at java.base/java.util.ArrayList.forEach(ArrayList.java:1511)
at org.testng.TestRunner.privateRun(TestRunner.java:794)
at org.testng.TestRunner.run(TestRunner.java:596)
at org.testng.SuiteRunner.runTest(SuiteRunner.java:377)
at org.testng.SuiteRunner.runSequentially(SuiteRunner.java:371)
at org.testng.SuiteRunner.privateRun(SuiteRunner.java:332)
at org.testng.SuiteRunner.run(SuiteRunner.java:276)
at org.testng.SuiteRunnerWorker.runSuite(SuiteRunnerWorker.java:53)
at org.testng.SuiteRunnerWorker.run(SuiteRunnerWorker.java:96)
at org.testng.TestNG.runSuitesSequentially(TestNG.java:1212)
at org.testng.TestNG.runSuitesLocally(TestNG.java:1134)
at org.testng.TestNG.runSuites(TestNG.java:1063)
at org.testng.TestNG.run(TestNG.java:1031)
at org.testng.remote.AbstractRemoteTestNG.run(AbstractRemoteTestNG.java:115)
at org.testng.remote.RemoteTestNG.initAndRun(RemoteTestNG.java:251)
at org.testng.remote.RemoteTestNG.main(RemoteTestNG.java:77)
]]>
    </failure>
  </testcase> <!-- Testcase_RowCount_validation -->
  <system-out>
    <![CDATA[Executing Snowflake query :: SELECT count(*) as TOTAL FROM DEV_ENT_RAW.ST_HUTCHINSON_MATILLION.CUSTOMER
Table Count in Snowflake:: 163086
Executing Snowflake query :: select count(*) as TOTAL from CURATED_DATAMART.ST_BKP_HUTCHINSON.STR_CUSTOMER Where ACTIVE_FLAG='Y'
Table Count in Snowflake:: 163026
Executing Snowflake query :: select count(*) as TOTAL from DEV_ENT_CURATED.MASTER_DIMENSIONS.DIM_CUSTOMER where tenant_type='HUTCHINSON' and RECORD_UPDATED_BY='Backup Table'
Table Count in Snowflake:: 163026
Row Count of Table CUSTOMER is not matched for RAW :: 163086 DataMart :: 163026 CURATED :: 163026]]>
  </system-out>
  <testcase classname="testcases.RAW_DATAMART_CURATED.SnowFlake_RowCount_Master" name="Testcase_RowCount_validation" time="1.759">
    <failure message="The following asserts failed:
	null" type="java.lang.AssertionError">
      <![CDATA[java.lang.AssertionError: The following asserts failed:
null
at org.testng.asserts.SoftAssert.assertAll(SoftAssert.java:47)
at org.testng.asserts.SoftAssert.assertAll(SoftAssert.java:31)
at testcases.RAW_DATAMART_CURATED.SnowFlake_RowCount_Master.validate_RowCount_API(SnowFlake_RowCount_Master.java:115)
at testcases.RAW_DATAMART_CURATED.SnowFlake_RowCount_Master.Testcase_RowCount_validation(SnowFlake_RowCount_Master.java:28)
at jdk.internal.reflect.GeneratedMethodAccessor13.invoke(Unknown Source)
at java.base/jdk.internal.reflect.DelegatingMethodAccessorImpl.invoke(DelegatingMethodAccessorImpl.java:43)
at java.base/java.lang.reflect.Method.invoke(Method.java:568)
at org.testng.internal.MethodInvocationHelper.invokeMethod(MethodInvocationHelper.java:133)
at org.testng.internal.TestInvoker.invokeMethod(TestInvoker.java:598)
at org.testng.internal.TestInvoker.invokeTestMethod(TestInvoker.java:173)
at org.testng.internal.MethodRunner.runInSequence(MethodRunner.java:46)
at org.testng.internal.TestInvoker$MethodInvocationAgent.invoke(TestInvoker.java:824)
at org.testng.internal.TestInvoker.invokeTestMethods(TestInvoker.java:146)
at org.testng.internal.TestMethodWorker.invokeTestMethods(TestMethodWorker.java:146)
at org.testng.internal.TestMethodWorker.run(TestMethodWorker.java:128)
at java.base/java.util.ArrayList.forEach(ArrayList.java:1511)
at org.testng.TestRunner.privateRun(TestRunner.java:794)
at org.testng.TestRunner.run(TestRunner.java:596)
at org.testng.SuiteRunner.runTest(SuiteRunner.java:377)
at org.testng.SuiteRunner.runSequentially(SuiteRunner.java:371)
at org.testng.SuiteRunner.privateRun(SuiteRunner.java:332)
at org.testng.SuiteRunner.run(SuiteRunner.java:276)
at org.testng.SuiteRunnerWorker.runSuite(SuiteRunnerWorker.java:53)
at org.testng.SuiteRunnerWorker.run(SuiteRunnerWorker.java:96)
at org.testng.TestNG.runSuitesSequentially(TestNG.java:1212)
at org.testng.TestNG.runSuitesLocally(TestNG.java:1134)
at org.testng.TestNG.runSuites(TestNG.java:1063)
at org.testng.TestNG.run(TestNG.java:1031)
at org.testng.remote.AbstractRemoteTestNG.run(AbstractRemoteTestNG.java:115)
at org.testng.remote.RemoteTestNG.initAndRun(RemoteTestNG.java:251)
at org.testng.remote.RemoteTestNG.main(RemoteTestNG.java:77)
]]>
    </failure>
  </testcase> <!-- Testcase_RowCount_validation -->
  <system-out>
    <![CDATA[Executing Snowflake query :: SELECT count(*) as TOTAL FROM DEV_ENT_RAW.API_MAT.ST_API_ESTIMATEITEM WHERE TENANT_NAME='EANESHEATING'
Table Count in Snowflake:: 2684
Executing Snowflake query :: select count(*) as TOTAL from CURATED_DATAMART.ST_API_EANESHEATING.STR_API_ESTIMATEITEM WHERE ACTIVE_FLAG='Y'
Table Count in Snowflake:: 2018
Executing Snowflake query :: select count(*) as TOTAL from DEV_ENT_CURATED.MASTER_DIMENSIONS.DIM_ESTIMATEITEM WHERE TENANT_TYPE='EANESHEATING' and RECORD_UPDATED_BY='API ETL'
Table Count in Snowflake:: 2018
Row Count of Table ESTIMATEITEM is not matched for APIMAT :: 2684 DataMart :: 2018
Row Count of Table ESTIMATEITEM is matched for DataMart :: 2018 CURATED :: 2018]]>
  </system-out>
  <testcase classname="testcases.RAW_DATAMART_CURATED.SnowFlake_RowCount_Master" name="Testcase_RowCount_validation" time="1.556">
    <failure message="The following asserts failed:
	null,
	null" type="java.lang.AssertionError">
      <![CDATA[java.lang.AssertionError: The following asserts failed:
null,
null
at org.testng.asserts.SoftAssert.assertAll(SoftAssert.java:47)
at org.testng.asserts.SoftAssert.assertAll(SoftAssert.java:31)
at testcases.RAW_DATAMART_CURATED.SnowFlake_RowCount_Master.validate_RowCount_BKP(SnowFlake_RowCount_Master.java:56)
at testcases.RAW_DATAMART_CURATED.SnowFlake_RowCount_Master.Testcase_RowCount_validation(SnowFlake_RowCount_Master.java:25)
at jdk.internal.reflect.GeneratedMethodAccessor13.invoke(Unknown Source)
at java.base/jdk.internal.reflect.DelegatingMethodAccessorImpl.invoke(DelegatingMethodAccessorImpl.java:43)
at java.base/java.lang.reflect.Method.invoke(Method.java:568)
at org.testng.internal.MethodInvocationHelper.invokeMethod(MethodInvocationHelper.java:133)
at org.testng.internal.TestInvoker.invokeMethod(TestInvoker.java:598)
at org.testng.internal.TestInvoker.invokeTestMethod(TestInvoker.java:173)
at org.testng.internal.MethodRunner.runInSequence(MethodRunner.java:46)
at org.testng.internal.TestInvoker$MethodInvocationAgent.invoke(TestInvoker.java:824)
at org.testng.internal.TestInvoker.invokeTestMethods(TestInvoker.java:146)
at org.testng.internal.TestMethodWorker.invokeTestMethods(TestMethodWorker.java:146)
at org.testng.internal.TestMethodWorker.run(TestMethodWorker.java:128)
at java.base/java.util.ArrayList.forEach(ArrayList.java:1511)
at org.testng.TestRunner.privateRun(TestRunner.java:794)
at org.testng.TestRunner.run(TestRunner.java:596)
at org.testng.SuiteRunner.runTest(SuiteRunner.java:377)
at org.testng.SuiteRunner.runSequentially(SuiteRunner.java:371)
at org.testng.SuiteRunner.privateRun(SuiteRunner.java:332)
at org.testng.SuiteRunner.run(SuiteRunner.java:276)
at org.testng.SuiteRunnerWorker.runSuite(SuiteRunnerWorker.java:53)
at org.testng.SuiteRunnerWorker.run(SuiteRunnerWorker.java:96)
at org.testng.TestNG.runSuitesSequentially(TestNG.java:1212)
at org.testng.TestNG.runSuitesLocally(TestNG.java:1134)
at org.testng.TestNG.runSuites(TestNG.java:1063)
at org.testng.TestNG.run(TestNG.java:1031)
at org.testng.remote.AbstractRemoteTestNG.run(AbstractRemoteTestNG.java:115)
at org.testng.remote.RemoteTestNG.initAndRun(RemoteTestNG.java:251)
at org.testng.remote.RemoteTestNG.main(RemoteTestNG.java:77)
]]>
    </failure>
  </testcase> <!-- Testcase_RowCount_validation -->
  <system-out>
    <![CDATA[Executing Snowflake query :: SELECT count(*) as TOTAL FROM DEV_ENT_RAW.ST_EANESHEATING_MATILLION.VENDOR
Snowflake - SQLException at readDB() method :: SQL compilation error:
Object 'DEV_ENT_RAW.ST_EANESHEATING_MATILLION.VENDOR' does not exist or not authorized.
Executing Snowflake query :: select count(*) as TOTAL from CURATED_DATAMART.ST_BKP_EANESHEATING.STR_VENDOR Where ACTIVE_FLAG='Y'
Table Count in Snowflake:: 113
Executing Snowflake query :: select count(*) as TOTAL from DEV_ENT_CURATED.MASTER_DIMENSIONS.DIM_VENDOR where tenant_type='EANESHEATING' and RECORD_UPDATED_BY='Backup Table'
Table Count in Snowflake:: 0
Row Count of Table VENDOR is not matched for RAW :: 0 DataMart :: 113 CURATED :: 0]]>
  </system-out>
  <testcase classname="testcases.RAW_DATAMART_CURATED.SnowFlake_RowCount_Master" name="Testcase_RowCount_validation" time="2.559">
    <failure message="The following asserts failed:
	null" type="java.lang.AssertionError">
      <![CDATA[java.lang.AssertionError: The following asserts failed:
null
at org.testng.asserts.SoftAssert.assertAll(SoftAssert.java:47)
at org.testng.asserts.SoftAssert.assertAll(SoftAssert.java:31)
at testcases.RAW_DATAMART_CURATED.SnowFlake_RowCount_Master.validate_RowCount_BKP(SnowFlake_RowCount_Master.java:56)
at testcases.RAW_DATAMART_CURATED.SnowFlake_RowCount_Master.Testcase_RowCount_validation(SnowFlake_RowCount_Master.java:25)
at jdk.internal.reflect.GeneratedMethodAccessor13.invoke(Unknown Source)
at java.base/jdk.internal.reflect.DelegatingMethodAccessorImpl.invoke(DelegatingMethodAccessorImpl.java:43)
at java.base/java.lang.reflect.Method.invoke(Method.java:568)
at org.testng.internal.MethodInvocationHelper.invokeMethod(MethodInvocationHelper.java:133)
at org.testng.internal.TestInvoker.invokeMethod(TestInvoker.java:598)
at org.testng.internal.TestInvoker.invokeTestMethod(TestInvoker.java:173)
at org.testng.internal.MethodRunner.runInSequence(MethodRunner.java:46)
at org.testng.internal.TestInvoker$MethodInvocationAgent.invoke(TestInvoker.java:824)
at org.testng.internal.TestInvoker.invokeTestMethods(TestInvoker.java:146)
at org.testng.internal.TestMethodWorker.invokeTestMethods(TestMethodWorker.java:146)
at org.testng.internal.TestMethodWorker.run(TestMethodWorker.java:128)
at java.base/java.util.ArrayList.forEach(ArrayList.java:1511)
at org.testng.TestRunner.privateRun(TestRunner.java:794)
at org.testng.TestRunner.run(TestRunner.java:596)
at org.testng.SuiteRunner.runTest(SuiteRunner.java:377)
at org.testng.SuiteRunner.runSequentially(SuiteRunner.java:371)
at org.testng.SuiteRunner.privateRun(SuiteRunner.java:332)
at org.testng.SuiteRunner.run(SuiteRunner.java:276)
at org.testng.SuiteRunnerWorker.runSuite(SuiteRunnerWorker.java:53)
at org.testng.SuiteRunnerWorker.run(SuiteRunnerWorker.java:96)
at org.testng.TestNG.runSuitesSequentially(TestNG.java:1212)
at org.testng.TestNG.runSuitesLocally(TestNG.java:1134)
at org.testng.TestNG.runSuites(TestNG.java:1063)
at org.testng.TestNG.run(TestNG.java:1031)
at org.testng.remote.AbstractRemoteTestNG.run(AbstractRemoteTestNG.java:115)
at org.testng.remote.RemoteTestNG.initAndRun(RemoteTestNG.java:251)
at org.testng.remote.RemoteTestNG.main(RemoteTestNG.java:77)
]]>
    </failure>
  </testcase> <!-- Testcase_RowCount_validation -->
  <system-out>
    <![CDATA[Executing Snowflake query :: SELECT count(*) as TOTAL FROM DEV_ENT_RAW.ST_MAITZ_MATILLION.CALL
Table Count in Snowflake:: 49990
Executing Snowflake query :: select count(*) as TOTAL from CURATED_DATAMART.ST_BKP_MAITZ.STR_CALL Where ACTIVE_FLAG='Y'
Table Count in Snowflake:: 50005
Executing Snowflake query :: select count(*) as TOTAL from DEV_ENT_CURATED.MASTER_DIMENSIONS.DIM_CALL where tenant_type='MAITZ' and RECORD_UPDATED_BY='Backup Table'
Table Count in Snowflake:: 47916
Row Count of Table CALL is not matched for RAW :: 49990 DataMart :: 50005 CURATED :: 47916]]>
  </system-out>
  <testcase classname="testcases.RAW_DATAMART_CURATED.SnowFlake_RowCount_Master" name="Testcase_RowCount_validation" time="2.341">
    <failure message="The following asserts failed:
	null" type="java.lang.AssertionError">
      <![CDATA[java.lang.AssertionError: The following asserts failed:
null
at org.testng.asserts.SoftAssert.assertAll(SoftAssert.java:47)
at org.testng.asserts.SoftAssert.assertAll(SoftAssert.java:31)
at testcases.RAW_DATAMART_CURATED.SnowFlake_RowCount_Master.validate_RowCount_API(SnowFlake_RowCount_Master.java:115)
at testcases.RAW_DATAMART_CURATED.SnowFlake_RowCount_Master.Testcase_RowCount_validation(SnowFlake_RowCount_Master.java:28)
at jdk.internal.reflect.GeneratedMethodAccessor13.invoke(Unknown Source)
at java.base/jdk.internal.reflect.DelegatingMethodAccessorImpl.invoke(DelegatingMethodAccessorImpl.java:43)
at java.base/java.lang.reflect.Method.invoke(Method.java:568)
at org.testng.internal.MethodInvocationHelper.invokeMethod(MethodInvocationHelper.java:133)
at org.testng.internal.TestInvoker.invokeMethod(TestInvoker.java:598)
at org.testng.internal.TestInvoker.invokeTestMethod(TestInvoker.java:173)
at org.testng.internal.MethodRunner.runInSequence(MethodRunner.java:46)
at org.testng.internal.TestInvoker$MethodInvocationAgent.invoke(TestInvoker.java:824)
at org.testng.internal.TestInvoker.invokeTestMethods(TestInvoker.java:146)
at org.testng.internal.TestMethodWorker.invokeTestMethods(TestMethodWorker.java:146)
at org.testng.internal.TestMethodWorker.run(TestMethodWorker.java:128)
at java.base/java.util.ArrayList.forEach(ArrayList.java:1511)
at org.testng.TestRunner.privateRun(TestRunner.java:794)
at org.testng.TestRunner.run(TestRunner.java:596)
at org.testng.SuiteRunner.runTest(SuiteRunner.java:377)
at org.testng.SuiteRunner.runSequentially(SuiteRunner.java:371)
at org.testng.SuiteRunner.privateRun(SuiteRunner.java:332)
at org.testng.SuiteRunner.run(SuiteRunner.java:276)
at org.testng.SuiteRunnerWorker.runSuite(SuiteRunnerWorker.java:53)
at org.testng.SuiteRunnerWorker.run(SuiteRunnerWorker.java:96)
at org.testng.TestNG.runSuitesSequentially(TestNG.java:1212)
at org.testng.TestNG.runSuitesLocally(TestNG.java:1134)
at org.testng.TestNG.runSuites(TestNG.java:1063)
at org.testng.TestNG.run(TestNG.java:1031)
at org.testng.remote.AbstractRemoteTestNG.run(AbstractRemoteTestNG.java:115)
at org.testng.remote.RemoteTestNG.initAndRun(RemoteTestNG.java:251)
at org.testng.remote.RemoteTestNG.main(RemoteTestNG.java:77)
]]>
    </failure>
  </testcase> <!-- Testcase_RowCount_validation -->
  <system-out>
    <![CDATA[Executing Snowflake query :: SELECT count(*) as TOTAL FROM DEV_ENT_RAW.API_MAT.ST_API_ESTIMATEITEM WHERE TENANT_NAME='HARP'
Table Count in Snowflake:: 109177
Executing Snowflake query :: select count(*) as TOTAL from CURATED_DATAMART.ST_API_HARP.STR_API_ESTIMATEITEM WHERE ACTIVE_FLAG='Y'
Table Count in Snowflake:: 108759
Executing Snowflake query :: select count(*) as TOTAL from DEV_ENT_CURATED.MASTER_DIMENSIONS.DIM_ESTIMATEITEM WHERE TENANT_TYPE='HARP' and RECORD_UPDATED_BY='API ETL'
Table Count in Snowflake:: 108759
Row Count of Table ESTIMATEITEM is not matched for APIMAT :: 109177 DataMart :: 108759
Row Count of Table ESTIMATEITEM is matched for DataMart :: 108759 CURATED :: 108759]]>
  </system-out>
  <testcase classname="testcases.RAW_DATAMART_CURATED.SnowFlake_RowCount_Master" name="Testcase_RowCount_validation" time="2.053">
    <failure message="The following asserts failed:
	null,
	null" type="java.lang.AssertionError">
      <![CDATA[java.lang.AssertionError: The following asserts failed:
null,
null
at org.testng.asserts.SoftAssert.assertAll(SoftAssert.java:47)
at org.testng.asserts.SoftAssert.assertAll(SoftAssert.java:31)
at testcases.RAW_DATAMART_CURATED.SnowFlake_RowCount_Master.validate_RowCount_BKP(SnowFlake_RowCount_Master.java:56)
at testcases.RAW_DATAMART_CURATED.SnowFlake_RowCount_Master.Testcase_RowCount_validation(SnowFlake_RowCount_Master.java:25)
at jdk.internal.reflect.GeneratedMethodAccessor13.invoke(Unknown Source)
at java.base/jdk.internal.reflect.DelegatingMethodAccessorImpl.invoke(DelegatingMethodAccessorImpl.java:43)
at java.base/java.lang.reflect.Method.invoke(Method.java:568)
at org.testng.internal.MethodInvocationHelper.invokeMethod(MethodInvocationHelper.java:133)
at org.testng.internal.TestInvoker.invokeMethod(TestInvoker.java:598)
at org.testng.internal.TestInvoker.invokeTestMethod(TestInvoker.java:173)
at org.testng.internal.MethodRunner.runInSequence(MethodRunner.java:46)
at org.testng.internal.TestInvoker$MethodInvocationAgent.invoke(TestInvoker.java:824)
at org.testng.internal.TestInvoker.invokeTestMethods(TestInvoker.java:146)
at org.testng.internal.TestMethodWorker.invokeTestMethods(TestMethodWorker.java:146)
at org.testng.internal.TestMethodWorker.run(TestMethodWorker.java:128)
at java.base/java.util.ArrayList.forEach(ArrayList.java:1511)
at org.testng.TestRunner.privateRun(TestRunner.java:794)
at org.testng.TestRunner.run(TestRunner.java:596)
at org.testng.SuiteRunner.runTest(SuiteRunner.java:377)
at org.testng.SuiteRunner.runSequentially(SuiteRunner.java:371)
at org.testng.SuiteRunner.privateRun(SuiteRunner.java:332)
at org.testng.SuiteRunner.run(SuiteRunner.java:276)
at org.testng.SuiteRunnerWorker.runSuite(SuiteRunnerWorker.java:53)
at org.testng.SuiteRunnerWorker.run(SuiteRunnerWorker.java:96)
at org.testng.TestNG.runSuitesSequentially(TestNG.java:1212)
at org.testng.TestNG.runSuitesLocally(TestNG.java:1134)
at org.testng.TestNG.runSuites(TestNG.java:1063)
at org.testng.TestNG.run(TestNG.java:1031)
at org.testng.remote.AbstractRemoteTestNG.run(AbstractRemoteTestNG.java:115)
at org.testng.remote.RemoteTestNG.initAndRun(RemoteTestNG.java:251)
at org.testng.remote.RemoteTestNG.main(RemoteTestNG.java:77)
]]>
    </failure>
  </testcase> <!-- Testcase_RowCount_validation -->
  <system-out>
    <![CDATA[Executing Snowflake query :: SELECT count(*) as TOTAL FROM DEV_ENT_RAW.ST_GOLDMEDAL_MATILLION.TECHNICIANPAYROLLADJUSTMENT
Table Count in Snowflake:: 109963
Executing Snowflake query :: select count(*) as TOTAL from CURATED_DATAMART.ST_BKP_GOLDMEDAL.STR_TECHNICIANPAYROLLADJUSTMENT Where ACTIVE_FLAG='Y'
Table Count in Snowflake:: 109559
Executing Snowflake query :: select count(*) as TOTAL from DEV_ENT_CURATED.MASTER_DIMENSIONS.DIM_TECHNICIANPAYROLLADJUSTMENT where tenant_type='GOLDMEDAL' and RECORD_UPDATED_BY='Backup Table'
Snowflake - SQLException at readDB() method :: SQL compilation error: error line 1 at position 130
invalid identifier 'RECORD_UPDATED_BY'
Row Count of Table TECHNICIANPAYROLLADJUSTMENT is not matched for RAW :: 109963 DataMart :: 109559 CURATED :: 0]]>
  </system-out>
  <testcase classname="testcases.RAW_DATAMART_CURATED.SnowFlake_RowCount_Master" name="Testcase_RowCount_validation" time="1.892">
    <failure message="The following asserts failed:
	null" type="java.lang.AssertionError">
      <![CDATA[java.lang.AssertionError: The following asserts failed:
null
at org.testng.asserts.SoftAssert.assertAll(SoftAssert.java:47)
at org.testng.asserts.SoftAssert.assertAll(SoftAssert.java:31)
at testcases.RAW_DATAMART_CURATED.SnowFlake_RowCount_Master.validate_RowCount_API(SnowFlake_RowCount_Master.java:115)
at testcases.RAW_DATAMART_CURATED.SnowFlake_RowCount_Master.Testcase_RowCount_validation(SnowFlake_RowCount_Master.java:28)
at jdk.internal.reflect.GeneratedMethodAccessor13.invoke(Unknown Source)
at java.base/jdk.internal.reflect.DelegatingMethodAccessorImpl.invoke(DelegatingMethodAccessorImpl.java:43)
at java.base/java.lang.reflect.Method.invoke(Method.java:568)
at org.testng.internal.MethodInvocationHelper.invokeMethod(MethodInvocationHelper.java:133)
at org.testng.internal.TestInvoker.invokeMethod(TestInvoker.java:598)
at org.testng.internal.TestInvoker.invokeTestMethod(TestInvoker.java:173)
at org.testng.internal.MethodRunner.runInSequence(MethodRunner.java:46)
at org.testng.internal.TestInvoker$MethodInvocationAgent.invoke(TestInvoker.java:824)
at org.testng.internal.TestInvoker.invokeTestMethods(TestInvoker.java:146)
at org.testng.internal.TestMethodWorker.invokeTestMethods(TestMethodWorker.java:146)
at org.testng.internal.TestMethodWorker.run(TestMethodWorker.java:128)
at java.base/java.util.ArrayList.forEach(ArrayList.java:1511)
at org.testng.TestRunner.privateRun(TestRunner.java:794)
at org.testng.TestRunner.run(TestRunner.java:596)
at org.testng.SuiteRunner.runTest(SuiteRunner.java:377)
at org.testng.SuiteRunner.runSequentially(SuiteRunner.java:371)
at org.testng.SuiteRunner.privateRun(SuiteRunner.java:332)
at org.testng.SuiteRunner.run(SuiteRunner.java:276)
at org.testng.SuiteRunnerWorker.runSuite(SuiteRunnerWorker.java:53)
at org.testng.SuiteRunnerWorker.run(SuiteRunnerWorker.java:96)
at org.testng.TestNG.runSuitesSequentially(TestNG.java:1212)
at org.testng.TestNG.runSuitesLocally(TestNG.java:1134)
at org.testng.TestNG.runSuites(TestNG.java:1063)
at org.testng.TestNG.run(TestNG.java:1031)
at org.testng.remote.AbstractRemoteTestNG.run(AbstractRemoteTestNG.java:115)
at org.testng.remote.RemoteTestNG.initAndRun(RemoteTestNG.java:251)
at org.testng.remote.RemoteTestNG.main(RemoteTestNG.java:77)
]]>
    </failure>
  </testcase> <!-- Testcase_RowCount_validation -->
  <system-out>
    <![CDATA[Executing Snowflake query :: SELECT count(*) as TOTAL FROM DEV_ENT_RAW.API_MAT.ST_API_PURCHASEORDERITEM WHERE TENANT_NAME='BILLFENWICK'
Table Count in Snowflake:: 6049
Executing Snowflake query :: select count(*) as TOTAL from CURATED_DATAMART.ST_API_BILLFENWICK.STR_API_PURCHASEORDERITEM WHERE ACTIVE_FLAG='Y'
Table Count in Snowflake:: 6034
Executing Snowflake query :: select count(*) as TOTAL from DEV_ENT_CURATED.MASTER_DIMENSIONS.DIM_PURCHASEORDERITEM WHERE TENANT_TYPE='BILLFENWICK' and RECORD_UPDATED_BY='API ETL'
Table Count in Snowflake:: 6034
Row Count of Table PURCHASEORDERITEM is not matched for APIMAT :: 6049 DataMart :: 6034
Row Count of Table PURCHASEORDERITEM is matched for DataMart :: 6034 CURATED :: 6034]]>
  </system-out>
  <testcase classname="testcases.RAW_DATAMART_CURATED.SnowFlake_RowCount_Master" name="Testcase_RowCount_validation" time="1.433">
    <failure message="The following asserts failed:
	null" type="java.lang.AssertionError">
      <![CDATA[java.lang.AssertionError: The following asserts failed:
null
at org.testng.asserts.SoftAssert.assertAll(SoftAssert.java:47)
at org.testng.asserts.SoftAssert.assertAll(SoftAssert.java:31)
at testcases.RAW_DATAMART_CURATED.SnowFlake_RowCount_Master.validate_RowCount_BKP(SnowFlake_RowCount_Master.java:56)
at testcases.RAW_DATAMART_CURATED.SnowFlake_RowCount_Master.Testcase_RowCount_validation(SnowFlake_RowCount_Master.java:25)
at jdk.internal.reflect.GeneratedMethodAccessor13.invoke(Unknown Source)
at java.base/jdk.internal.reflect.DelegatingMethodAccessorImpl.invoke(DelegatingMethodAccessorImpl.java:43)
at java.base/java.lang.reflect.Method.invoke(Method.java:568)
at org.testng.internal.MethodInvocationHelper.invokeMethod(MethodInvocationHelper.java:133)
at org.testng.internal.TestInvoker.invokeMethod(TestInvoker.java:598)
at org.testng.internal.TestInvoker.invokeTestMethod(TestInvoker.java:173)
at org.testng.internal.MethodRunner.runInSequence(MethodRunner.java:46)
at org.testng.internal.TestInvoker$MethodInvocationAgent.invoke(TestInvoker.java:824)
at org.testng.internal.TestInvoker.invokeTestMethods(TestInvoker.java:146)
at org.testng.internal.TestMethodWorker.invokeTestMethods(TestMethodWorker.java:146)
at org.testng.internal.TestMethodWorker.run(TestMethodWorker.java:128)
at java.base/java.util.ArrayList.forEach(ArrayList.java:1511)
at org.testng.TestRunner.privateRun(TestRunner.java:794)
at org.testng.TestRunner.run(TestRunner.java:596)
at org.testng.SuiteRunner.runTest(SuiteRunner.java:377)
at org.testng.SuiteRunner.runSequentially(SuiteRunner.java:371)
at org.testng.SuiteRunner.privateRun(SuiteRunner.java:332)
at org.testng.SuiteRunner.run(SuiteRunner.java:276)
at org.testng.SuiteRunnerWorker.runSuite(SuiteRunnerWorker.java:53)
at org.testng.SuiteRunnerWorker.run(SuiteRunnerWorker.java:96)
at org.testng.TestNG.runSuitesSequentially(TestNG.java:1212)
at org.testng.TestNG.runSuitesLocally(TestNG.java:1134)
at org.testng.TestNG.runSuites(TestNG.java:1063)
at org.testng.TestNG.run(TestNG.java:1031)
at org.testng.remote.AbstractRemoteTestNG.run(AbstractRemoteTestNG.java:115)
at org.testng.remote.RemoteTestNG.initAndRun(RemoteTestNG.java:251)
at org.testng.remote.RemoteTestNG.main(RemoteTestNG.java:77)
]]>
    </failure>
  </testcase> <!-- Testcase_RowCount_validation -->
  <system-out>
    <![CDATA[Executing Snowflake query :: SELECT count(*) as TOTAL FROM DEV_ENT_RAW.ST_EANESHEATING_MATILLION.TRADE
Snowflake - SQLException at readDB() method :: SQL compilation error:
Object 'DEV_ENT_RAW.ST_EANESHEATING_MATILLION.TRADE' does not exist or not authorized.
Executing Snowflake query :: select count(*) as TOTAL from CURATED_DATAMART.ST_BKP_EANESHEATING.STR_TRADE Where ACTIVE_FLAG='Y'
Table Count in Snowflake:: 2
Executing Snowflake query :: select count(*) as TOTAL from DEV_ENT_CURATED.MASTER_DIMENSIONS.DIM_TRADE where tenant_type='EANESHEATING' and RECORD_UPDATED_BY='Backup Table'
Table Count in Snowflake:: 2
Row Count of Table TRADE is matched for RAW :: 0 DataMart :: 2 CURATED :: 2]]>
  </system-out>
  <testcase classname="testcases.RAW_DATAMART_CURATED.SnowFlake_RowCount_Master" name="Testcase_RowCount_validation" time="2.697">
    <failure message="The following asserts failed:
	null,
	null" type="java.lang.AssertionError">
      <![CDATA[java.lang.AssertionError: The following asserts failed:
null,
null
at org.testng.asserts.SoftAssert.assertAll(SoftAssert.java:47)
at org.testng.asserts.SoftAssert.assertAll(SoftAssert.java:31)
at testcases.RAW_DATAMART_CURATED.SnowFlake_RowCount_Master.validate_RowCount_API(SnowFlake_RowCount_Master.java:115)
at testcases.RAW_DATAMART_CURATED.SnowFlake_RowCount_Master.Testcase_RowCount_validation(SnowFlake_RowCount_Master.java:28)
at jdk.internal.reflect.GeneratedMethodAccessor13.invoke(Unknown Source)
at java.base/jdk.internal.reflect.DelegatingMethodAccessorImpl.invoke(DelegatingMethodAccessorImpl.java:43)
at java.base/java.lang.reflect.Method.invoke(Method.java:568)
at org.testng.internal.MethodInvocationHelper.invokeMethod(MethodInvocationHelper.java:133)
at org.testng.internal.TestInvoker.invokeMethod(TestInvoker.java:598)
at org.testng.internal.TestInvoker.invokeTestMethod(TestInvoker.java:173)
at org.testng.internal.MethodRunner.runInSequence(MethodRunner.java:46)
at org.testng.internal.TestInvoker$MethodInvocationAgent.invoke(TestInvoker.java:824)
at org.testng.internal.TestInvoker.invokeTestMethods(TestInvoker.java:146)
at org.testng.internal.TestMethodWorker.invokeTestMethods(TestMethodWorker.java:146)
at org.testng.internal.TestMethodWorker.run(TestMethodWorker.java:128)
at java.base/java.util.ArrayList.forEach(ArrayList.java:1511)
at org.testng.TestRunner.privateRun(TestRunner.java:794)
at org.testng.TestRunner.run(TestRunner.java:596)
at org.testng.SuiteRunner.runTest(SuiteRunner.java:377)
at org.testng.SuiteRunner.runSequentially(SuiteRunner.java:371)
at org.testng.SuiteRunner.privateRun(SuiteRunner.java:332)
at org.testng.SuiteRunner.run(SuiteRunner.java:276)
at org.testng.SuiteRunnerWorker.runSuite(SuiteRunnerWorker.java:53)
at org.testng.SuiteRunnerWorker.run(SuiteRunnerWorker.java:96)
at org.testng.TestNG.runSuitesSequentially(TestNG.java:1212)
at org.testng.TestNG.runSuitesLocally(TestNG.java:1134)
at org.testng.TestNG.runSuites(TestNG.java:1063)
at org.testng.TestNG.run(TestNG.java:1031)
at org.testng.remote.AbstractRemoteTestNG.run(AbstractRemoteTestNG.java:115)
at org.testng.remote.RemoteTestNG.initAndRun(RemoteTestNG.java:251)
at org.testng.remote.RemoteTestNG.main(RemoteTestNG.java:77)
]]>
    </failure>
  </testcase> <!-- Testcase_RowCount_validation -->
  <system-out>
    <![CDATA[Executing Snowflake query :: SELECT count(*) as TOTAL FROM DEV_ENT_RAW.API_MAT.ST_API_JOBASSIGNMENT WHERE TENANT_NAME='FOURPROS'
Table Count in Snowflake:: 96355
Executing Snowflake query :: select count(*) as TOTAL from CURATED_DATAMART.ST_API_FOURPROS.STR_API_JOBASSIGNMENT WHERE ACTIVE_FLAG='Y'
Table Count in Snowflake:: 96020
Executing Snowflake query :: select count(*) as TOTAL from DEV_ENT_CURATED.MASTER_DIMENSIONS.DIM_JOBASSIGNMENT WHERE TENANT_TYPE='FOURPROS' and RECORD_UPDATED_BY='API ETL'
Table Count in Snowflake:: 0
Row Count of Table JOBASSIGNMENT is not matched for APIMAT :: 96355 DataMart :: 96020
Executing Snowflake query :: select count(*) as TOTAL from DEV_ENT_CURATED.MASTER_DIMENSIONS.DIM_JOBASSIGNMENT WHERE TENANT_TYPE='FOURPROS' and RECORD_UPDATED_BY='Backup Table' AND ID in (select ID from CURATED_DATAMART.ST_API_FOURPROS.STR_API_JOBASSIGNMENT WHERE ACTIVE_FLAG='Y')
Table Count in Snowflake:: 96945
Row Count of Table JOBASSIGNMENT is not matched for DataMart :: 96020 CURATED :: 96945]]>
  </system-out>
  <testcase classname="testcases.RAW_DATAMART_CURATED.SnowFlake_RowCount_Master" name="Testcase_RowCount_validation" time="6.450">
    <failure message="The following asserts failed:
	null,
	null" type="java.lang.AssertionError">
      <![CDATA[java.lang.AssertionError: The following asserts failed:
null,
null
at org.testng.asserts.SoftAssert.assertAll(SoftAssert.java:47)
at org.testng.asserts.SoftAssert.assertAll(SoftAssert.java:31)
at testcases.RAW_DATAMART_CURATED.SnowFlake_RowCount_Master.validate_RowCount_BKP(SnowFlake_RowCount_Master.java:56)
at testcases.RAW_DATAMART_CURATED.SnowFlake_RowCount_Master.Testcase_RowCount_validation(SnowFlake_RowCount_Master.java:25)
at jdk.internal.reflect.GeneratedMethodAccessor13.invoke(Unknown Source)
at java.base/jdk.internal.reflect.DelegatingMethodAccessorImpl.invoke(DelegatingMethodAccessorImpl.java:43)
at java.base/java.lang.reflect.Method.invoke(Method.java:568)
at org.testng.internal.MethodInvocationHelper.invokeMethod(MethodInvocationHelper.java:133)
at org.testng.internal.TestInvoker.invokeMethod(TestInvoker.java:598)
at org.testng.internal.TestInvoker.invokeTestMethod(TestInvoker.java:173)
at org.testng.internal.MethodRunner.runInSequence(MethodRunner.java:46)
at org.testng.internal.TestInvoker$MethodInvocationAgent.invoke(TestInvoker.java:824)
at org.testng.internal.TestInvoker.invokeTestMethods(TestInvoker.java:146)
at org.testng.internal.TestMethodWorker.invokeTestMethods(TestMethodWorker.java:146)
at org.testng.internal.TestMethodWorker.run(TestMethodWorker.java:128)
at java.base/java.util.ArrayList.forEach(ArrayList.java:1511)
at org.testng.TestRunner.privateRun(TestRunner.java:794)
at org.testng.TestRunner.run(TestRunner.java:596)
at org.testng.SuiteRunner.runTest(SuiteRunner.java:377)
at org.testng.SuiteRunner.runSequentially(SuiteRunner.java:371)
at org.testng.SuiteRunner.privateRun(SuiteRunner.java:332)
at org.testng.SuiteRunner.run(SuiteRunner.java:276)
at org.testng.SuiteRunnerWorker.runSuite(SuiteRunnerWorker.java:53)
at org.testng.SuiteRunnerWorker.run(SuiteRunnerWorker.java:96)
at org.testng.TestNG.runSuitesSequentially(TestNG.java:1212)
at org.testng.TestNG.runSuitesLocally(TestNG.java:1134)
at org.testng.TestNG.runSuites(TestNG.java:1063)
at org.testng.TestNG.run(TestNG.java:1031)
at org.testng.remote.AbstractRemoteTestNG.run(AbstractRemoteTestNG.java:115)
at org.testng.remote.RemoteTestNG.initAndRun(RemoteTestNG.java:251)
at org.testng.remote.RemoteTestNG.main(RemoteTestNG.java:77)
]]>
    </failure>
  </testcase> <!-- Testcase_RowCount_validation -->
  <system-out>
    <![CDATA[Executing Snowflake query :: SELECT count(*) as TOTAL FROM DEV_ENT_RAW.ST_HORIZONSERVICES_MATILLION.TECHNICIANPAYROLLADJUSTMENT
Table Count in Snowflake:: 219248
Executing Snowflake query :: select count(*) as TOTAL from CURATED_DATAMART.ST_BKP_HORIZONSERVICES.STR_TECHNICIANPAYROLLADJUSTMENT Where ACTIVE_FLAG='Y'
Table Count in Snowflake:: 218611
Executing Snowflake query :: select count(*) as TOTAL from DEV_ENT_CURATED.MASTER_DIMENSIONS.DIM_TECHNICIANPAYROLLADJUSTMENT where tenant_type='HORIZONSERVICES' and RECORD_UPDATED_BY='Backup Table'
Snowflake - SQLException at readDB() method :: SQL compilation error: error line 1 at position 136
invalid identifier 'RECORD_UPDATED_BY'
Row Count of Table TECHNICIANPAYROLLADJUSTMENT is not matched for RAW :: 219248 DataMart :: 218611 CURATED :: 0]]>
  </system-out>
  <testcase classname="testcases.RAW_DATAMART_CURATED.SnowFlake_RowCount_Master" name="Testcase_RowCount_validation" time="2.051">
    <failure message="The following asserts failed:
	null" type="java.lang.AssertionError">
      <![CDATA[java.lang.AssertionError: The following asserts failed:
null
at org.testng.asserts.SoftAssert.assertAll(SoftAssert.java:47)
at org.testng.asserts.SoftAssert.assertAll(SoftAssert.java:31)
at testcases.RAW_DATAMART_CURATED.SnowFlake_RowCount_Master.validate_RowCount_BKP(SnowFlake_RowCount_Master.java:56)
at testcases.RAW_DATAMART_CURATED.SnowFlake_RowCount_Master.Testcase_RowCount_validation(SnowFlake_RowCount_Master.java:25)
at jdk.internal.reflect.GeneratedMethodAccessor13.invoke(Unknown Source)
at java.base/jdk.internal.reflect.DelegatingMethodAccessorImpl.invoke(DelegatingMethodAccessorImpl.java:43)
at java.base/java.lang.reflect.Method.invoke(Method.java:568)
at org.testng.internal.MethodInvocationHelper.invokeMethod(MethodInvocationHelper.java:133)
at org.testng.internal.TestInvoker.invokeMethod(TestInvoker.java:598)
at org.testng.internal.TestInvoker.invokeTestMethod(TestInvoker.java:173)
at org.testng.internal.MethodRunner.runInSequence(MethodRunner.java:46)
at org.testng.internal.TestInvoker$MethodInvocationAgent.invoke(TestInvoker.java:824)
at org.testng.internal.TestInvoker.invokeTestMethods(TestInvoker.java:146)
at org.testng.internal.TestMethodWorker.invokeTestMethods(TestMethodWorker.java:146)
at org.testng.internal.TestMethodWorker.run(TestMethodWorker.java:128)
at java.base/java.util.ArrayList.forEach(ArrayList.java:1511)
at org.testng.TestRunner.privateRun(TestRunner.java:794)
at org.testng.TestRunner.run(TestRunner.java:596)
at org.testng.SuiteRunner.runTest(SuiteRunner.java:377)
at org.testng.SuiteRunner.runSequentially(SuiteRunner.java:371)
at org.testng.SuiteRunner.privateRun(SuiteRunner.java:332)
at org.testng.SuiteRunner.run(SuiteRunner.java:276)
at org.testng.SuiteRunnerWorker.runSuite(SuiteRunnerWorker.java:53)
at org.testng.SuiteRunnerWorker.run(SuiteRunnerWorker.java:96)
at org.testng.TestNG.runSuitesSequentially(TestNG.java:1212)
at org.testng.TestNG.runSuitesLocally(TestNG.java:1134)
at org.testng.TestNG.runSuites(TestNG.java:1063)
at org.testng.TestNG.run(TestNG.java:1031)
at org.testng.remote.AbstractRemoteTestNG.run(AbstractRemoteTestNG.java:115)
at org.testng.remote.RemoteTestNG.initAndRun(RemoteTestNG.java:251)
at org.testng.remote.RemoteTestNG.main(RemoteTestNG.java:77)
]]>
    </failure>
  </testcase> <!-- Testcase_RowCount_validation -->
  <system-out>
    <![CDATA[Executing Snowflake query :: SELECT count(*) as TOTAL FROM DEV_ENT_RAW.ST_SNELLHEATINGAIR_MATILLION.PROJECT
Table Count in Snowflake:: 8379
Executing Snowflake query :: select count(*) as TOTAL from CURATED_DATAMART.ST_BKP_SNELLHEATINGAIR.STR_PROJECT Where ACTIVE_FLAG='Y'
Table Count in Snowflake:: 16743
Executing Snowflake query :: select count(*) as TOTAL from DEV_ENT_CURATED.MASTER_DIMENSIONS.DIM_PROJECT where tenant_type='SNELLHEATINGAIR' and RECORD_UPDATED_BY='Backup Table'
Table Count in Snowflake:: 8550
Row Count of Table PROJECT is not matched for RAW :: 8379 DataMart :: 16743 CURATED :: 8550]]>
  </system-out>
  <testcase classname="testcases.RAW_DATAMART_CURATED.SnowFlake_RowCount_Master" name="Testcase_RowCount_validation" time="3.329">
    <failure message="The following asserts failed:
	null" type="java.lang.AssertionError">
      <![CDATA[java.lang.AssertionError: The following asserts failed:
null
at org.testng.asserts.SoftAssert.assertAll(SoftAssert.java:47)
at org.testng.asserts.SoftAssert.assertAll(SoftAssert.java:31)
at testcases.RAW_DATAMART_CURATED.SnowFlake_RowCount_Master.validate_RowCount_BKP(SnowFlake_RowCount_Master.java:56)
at testcases.RAW_DATAMART_CURATED.SnowFlake_RowCount_Master.Testcase_RowCount_validation(SnowFlake_RowCount_Master.java:25)
at jdk.internal.reflect.GeneratedMethodAccessor13.invoke(Unknown Source)
at java.base/jdk.internal.reflect.DelegatingMethodAccessorImpl.invoke(DelegatingMethodAccessorImpl.java:43)
at java.base/java.lang.reflect.Method.invoke(Method.java:568)
at org.testng.internal.MethodInvocationHelper.invokeMethod(MethodInvocationHelper.java:133)
at org.testng.internal.TestInvoker.invokeMethod(TestInvoker.java:598)
at org.testng.internal.TestInvoker.invokeTestMethod(TestInvoker.java:173)
at org.testng.internal.MethodRunner.runInSequence(MethodRunner.java:46)
at org.testng.internal.TestInvoker$MethodInvocationAgent.invoke(TestInvoker.java:824)
at org.testng.internal.TestInvoker.invokeTestMethods(TestInvoker.java:146)
at org.testng.internal.TestMethodWorker.invokeTestMethods(TestMethodWorker.java:146)
at org.testng.internal.TestMethodWorker.run(TestMethodWorker.java:128)
at java.base/java.util.ArrayList.forEach(ArrayList.java:1511)
at org.testng.TestRunner.privateRun(TestRunner.java:794)
at org.testng.TestRunner.run(TestRunner.java:596)
at org.testng.SuiteRunner.runTest(SuiteRunner.java:377)
at org.testng.SuiteRunner.runSequentially(SuiteRunner.java:371)
at org.testng.SuiteRunner.privateRun(SuiteRunner.java:332)
at org.testng.SuiteRunner.run(SuiteRunner.java:276)
at org.testng.SuiteRunnerWorker.runSuite(SuiteRunnerWorker.java:53)
at org.testng.SuiteRunnerWorker.run(SuiteRunnerWorker.java:96)
at org.testng.TestNG.runSuitesSequentially(TestNG.java:1212)
at org.testng.TestNG.runSuitesLocally(TestNG.java:1134)
at org.testng.TestNG.runSuites(TestNG.java:1063)
at org.testng.TestNG.run(TestNG.java:1031)
at org.testng.remote.AbstractRemoteTestNG.run(AbstractRemoteTestNG.java:115)
at org.testng.remote.RemoteTestNG.initAndRun(RemoteTestNG.java:251)
at org.testng.remote.RemoteTestNG.main(RemoteTestNG.java:77)
]]>
    </failure>
  </testcase> <!-- Testcase_RowCount_validation -->
  <system-out>
    <![CDATA[Executing Snowflake query :: SELECT count(*) as TOTAL FROM DEV_ENT_RAW.ST_HARP_MATILLION.INVOICE
Table Count in Snowflake:: 199788
Executing Snowflake query :: select count(*) as TOTAL from CURATED_DATAMART.ST_BKP_HARP.STR_INVOICE Where ACTIVE_FLAG='Y'
Table Count in Snowflake:: 399271
Executing Snowflake query :: select count(*) as TOTAL from DEV_ENT_CURATED.MASTER_DIMENSIONS.FACT_INVOICE where tenant_type='HARP' and RECORD_UPDATED_BY='Backup Table'
Table Count in Snowflake:: 203717
Row Count of Table INVOICE is not matched for RAW :: 199788 DataMart :: 399271 CURATED :: 203717]]>
  </system-out>
  <testcase classname="testcases.RAW_DATAMART_CURATED.SnowFlake_RowCount_Master" name="Testcase_RowCount_validation" time="1.635">
    <failure message="The following asserts failed:
	null" type="java.lang.AssertionError">
      <![CDATA[java.lang.AssertionError: The following asserts failed:
null
at org.testng.asserts.SoftAssert.assertAll(SoftAssert.java:47)
at org.testng.asserts.SoftAssert.assertAll(SoftAssert.java:31)
at testcases.RAW_DATAMART_CURATED.SnowFlake_RowCount_Master.validate_RowCount_BKP(SnowFlake_RowCount_Master.java:56)
at testcases.RAW_DATAMART_CURATED.SnowFlake_RowCount_Master.Testcase_RowCount_validation(SnowFlake_RowCount_Master.java:25)
at jdk.internal.reflect.GeneratedMethodAccessor13.invoke(Unknown Source)
at java.base/jdk.internal.reflect.DelegatingMethodAccessorImpl.invoke(DelegatingMethodAccessorImpl.java:43)
at java.base/java.lang.reflect.Method.invoke(Method.java:568)
at org.testng.internal.MethodInvocationHelper.invokeMethod(MethodInvocationHelper.java:133)
at org.testng.internal.TestInvoker.invokeMethod(TestInvoker.java:598)
at org.testng.internal.TestInvoker.invokeTestMethod(TestInvoker.java:173)
at org.testng.internal.MethodRunner.runInSequence(MethodRunner.java:46)
at org.testng.internal.TestInvoker$MethodInvocationAgent.invoke(TestInvoker.java:824)
at org.testng.internal.TestInvoker.invokeTestMethods(TestInvoker.java:146)
at org.testng.internal.TestMethodWorker.invokeTestMethods(TestMethodWorker.java:146)
at org.testng.internal.TestMethodWorker.run(TestMethodWorker.java:128)
at java.base/java.util.ArrayList.forEach(ArrayList.java:1511)
at org.testng.TestRunner.privateRun(TestRunner.java:794)
at org.testng.TestRunner.run(TestRunner.java:596)
at org.testng.SuiteRunner.runTest(SuiteRunner.java:377)
at org.testng.SuiteRunner.runSequentially(SuiteRunner.java:371)
at org.testng.SuiteRunner.privateRun(SuiteRunner.java:332)
at org.testng.SuiteRunner.run(SuiteRunner.java:276)
at org.testng.SuiteRunnerWorker.runSuite(SuiteRunnerWorker.java:53)
at org.testng.SuiteRunnerWorker.run(SuiteRunnerWorker.java:96)
at org.testng.TestNG.runSuitesSequentially(TestNG.java:1212)
at org.testng.TestNG.runSuitesLocally(TestNG.java:1134)
at org.testng.TestNG.runSuites(TestNG.java:1063)
at org.testng.TestNG.run(TestNG.java:1031)
at org.testng.remote.AbstractRemoteTestNG.run(AbstractRemoteTestNG.java:115)
at org.testng.remote.RemoteTestNG.initAndRun(RemoteTestNG.java:251)
at org.testng.remote.RemoteTestNG.main(RemoteTestNG.java:77)
]]>
    </failure>
  </testcase> <!-- Testcase_RowCount_validation -->
  <system-out>
    <![CDATA[Executing Snowflake query :: SELECT count(*) as TOTAL FROM DEV_ENT_RAW.ST_MAITZ_MATILLION.EQUIPMENT
Table Count in Snowflake:: 1255
Executing Snowflake query :: select count(*) as TOTAL from CURATED_DATAMART.ST_BKP_MAITZ.STR_EQUIPMENT Where ACTIVE_FLAG='Y'
Table Count in Snowflake:: 1255
Executing Snowflake query :: select count(*) as TOTAL from DEV_ENT_CURATED.MASTER_DIMENSIONS.DIM_EQUIPMENT where tenant_type='MAITZ' and RECORD_UPDATED_BY='Backup Table'
Table Count in Snowflake:: 1191
Row Count of Table EQUIPMENT is not matched for RAW :: 1255 DataMart :: 1255 CURATED :: 1191]]>
  </system-out>
  <testcase classname="testcases.RAW_DATAMART_CURATED.SnowFlake_RowCount_Master" name="Testcase_RowCount_validation" time="1.550">
    <failure message="The following asserts failed:
	null" type="java.lang.AssertionError">
      <![CDATA[java.lang.AssertionError: The following asserts failed:
null
at org.testng.asserts.SoftAssert.assertAll(SoftAssert.java:47)
at org.testng.asserts.SoftAssert.assertAll(SoftAssert.java:31)
at testcases.RAW_DATAMART_CURATED.SnowFlake_RowCount_Master.validate_RowCount_BKP(SnowFlake_RowCount_Master.java:56)
at testcases.RAW_DATAMART_CURATED.SnowFlake_RowCount_Master.Testcase_RowCount_validation(SnowFlake_RowCount_Master.java:25)
at jdk.internal.reflect.GeneratedMethodAccessor13.invoke(Unknown Source)
at java.base/jdk.internal.reflect.DelegatingMethodAccessorImpl.invoke(DelegatingMethodAccessorImpl.java:43)
at java.base/java.lang.reflect.Method.invoke(Method.java:568)
at org.testng.internal.MethodInvocationHelper.invokeMethod(MethodInvocationHelper.java:133)
at org.testng.internal.TestInvoker.invokeMethod(TestInvoker.java:598)
at org.testng.internal.TestInvoker.invokeTestMethod(TestInvoker.java:173)
at org.testng.internal.MethodRunner.runInSequence(MethodRunner.java:46)
at org.testng.internal.TestInvoker$MethodInvocationAgent.invoke(TestInvoker.java:824)
at org.testng.internal.TestInvoker.invokeTestMethods(TestInvoker.java:146)
at org.testng.internal.TestMethodWorker.invokeTestMethods(TestMethodWorker.java:146)
at org.testng.internal.TestMethodWorker.run(TestMethodWorker.java:128)
at java.base/java.util.ArrayList.forEach(ArrayList.java:1511)
at org.testng.TestRunner.privateRun(TestRunner.java:794)
at org.testng.TestRunner.run(TestRunner.java:596)
at org.testng.SuiteRunner.runTest(SuiteRunner.java:377)
at org.testng.SuiteRunner.runSequentially(SuiteRunner.java:371)
at org.testng.SuiteRunner.privateRun(SuiteRunner.java:332)
at org.testng.SuiteRunner.run(SuiteRunner.java:276)
at org.testng.SuiteRunnerWorker.runSuite(SuiteRunnerWorker.java:53)
at org.testng.SuiteRunnerWorker.run(SuiteRunnerWorker.java:96)
at org.testng.TestNG.runSuitesSequentially(TestNG.java:1212)
at org.testng.TestNG.runSuitesLocally(TestNG.java:1134)
at org.testng.TestNG.runSuites(TestNG.java:1063)
at org.testng.TestNG.run(TestNG.java:1031)
at org.testng.remote.AbstractRemoteTestNG.run(AbstractRemoteTestNG.java:115)
at org.testng.remote.RemoteTestNG.initAndRun(RemoteTestNG.java:251)
at org.testng.remote.RemoteTestNG.main(RemoteTestNG.java:77)
]]>
    </failure>
  </testcase> <!-- Testcase_RowCount_validation -->
  <system-out>
    <![CDATA[Executing Snowflake query :: SELECT count(*) as TOTAL FROM DEV_ENT_RAW.ST_HARP_MATILLION.PURCHASEORDERITEM
Table Count in Snowflake:: 92454
Executing Snowflake query :: select count(*) as TOTAL from CURATED_DATAMART.ST_BKP_HARP.STR_PURCHASEORDERITEM Where ACTIVE_FLAG='Y'
Table Count in Snowflake:: 92302
Executing Snowflake query :: select count(*) as TOTAL from DEV_ENT_CURATED.MASTER_DIMENSIONS.DIM_PURCHASEORDERITEM where tenant_type='HARP' and RECORD_UPDATED_BY='Backup Table'
Table Count in Snowflake:: 91926
Row Count of Table PURCHASEORDERITEM is not matched for RAW :: 92454 DataMart :: 92302 CURATED :: 91926]]>
  </system-out>
  <testcase classname="testcases.RAW_DATAMART_CURATED.SnowFlake_RowCount_Master" name="Testcase_RowCount_validation" time="2.521">
    <failure message="The following asserts failed:
	null,
	null" type="java.lang.AssertionError">
      <![CDATA[java.lang.AssertionError: The following asserts failed:
null,
null
at org.testng.asserts.SoftAssert.assertAll(SoftAssert.java:47)
at org.testng.asserts.SoftAssert.assertAll(SoftAssert.java:31)
at testcases.RAW_DATAMART_CURATED.SnowFlake_RowCount_Master.validate_RowCount_API(SnowFlake_RowCount_Master.java:115)
at testcases.RAW_DATAMART_CURATED.SnowFlake_RowCount_Master.Testcase_RowCount_validation(SnowFlake_RowCount_Master.java:28)
at jdk.internal.reflect.GeneratedMethodAccessor13.invoke(Unknown Source)
at java.base/jdk.internal.reflect.DelegatingMethodAccessorImpl.invoke(DelegatingMethodAccessorImpl.java:43)
at java.base/java.lang.reflect.Method.invoke(Method.java:568)
at org.testng.internal.MethodInvocationHelper.invokeMethod(MethodInvocationHelper.java:133)
at org.testng.internal.TestInvoker.invokeMethod(TestInvoker.java:598)
at org.testng.internal.TestInvoker.invokeTestMethod(TestInvoker.java:173)
at org.testng.internal.MethodRunner.runInSequence(MethodRunner.java:46)
at org.testng.internal.TestInvoker$MethodInvocationAgent.invoke(TestInvoker.java:824)
at org.testng.internal.TestInvoker.invokeTestMethods(TestInvoker.java:146)
at org.testng.internal.TestMethodWorker.invokeTestMethods(TestMethodWorker.java:146)
at org.testng.internal.TestMethodWorker.run(TestMethodWorker.java:128)
at java.base/java.util.ArrayList.forEach(ArrayList.java:1511)
at org.testng.TestRunner.privateRun(TestRunner.java:794)
at org.testng.TestRunner.run(TestRunner.java:596)
at org.testng.SuiteRunner.runTest(SuiteRunner.java:377)
at org.testng.SuiteRunner.runSequentially(SuiteRunner.java:371)
at org.testng.SuiteRunner.privateRun(SuiteRunner.java:332)
at org.testng.SuiteRunner.run(SuiteRunner.java:276)
at org.testng.SuiteRunnerWorker.runSuite(SuiteRunnerWorker.java:53)
at org.testng.SuiteRunnerWorker.run(SuiteRunnerWorker.java:96)
at org.testng.TestNG.runSuitesSequentially(TestNG.java:1212)
at org.testng.TestNG.runSuitesLocally(TestNG.java:1134)
at org.testng.TestNG.runSuites(TestNG.java:1063)
at org.testng.TestNG.run(TestNG.java:1031)
at org.testng.remote.AbstractRemoteTestNG.run(AbstractRemoteTestNG.java:115)
at org.testng.remote.RemoteTestNG.initAndRun(RemoteTestNG.java:251)
at org.testng.remote.RemoteTestNG.main(RemoteTestNG.java:77)
]]>
    </failure>
  </testcase> <!-- Testcase_RowCount_validation -->
  <system-out>
    <![CDATA[Executing Snowflake query :: SELECT count(*) as TOTAL FROM DEV_ENT_RAW.API_MAT.ST_API_JOBASSIGNMENT WHERE TENANT_NAME='MAITZ'
Table Count in Snowflake:: 2170
Executing Snowflake query :: select count(*) as TOTAL from CURATED_DATAMART.ST_API_MAITZ.STR_API_JOBASSIGNMENT WHERE ACTIVE_FLAG='Y'
Table Count in Snowflake:: 1376
Executing Snowflake query :: select count(*) as TOTAL from DEV_ENT_CURATED.MASTER_DIMENSIONS.DIM_JOBASSIGNMENT WHERE TENANT_TYPE='MAITZ' and RECORD_UPDATED_BY='API ETL'
Table Count in Snowflake:: 0
Row Count of Table JOBASSIGNMENT is not matched for APIMAT :: 2170 DataMart :: 1376
Executing Snowflake query :: select count(*) as TOTAL from DEV_ENT_CURATED.MASTER_DIMENSIONS.DIM_JOBASSIGNMENT WHERE TENANT_TYPE='MAITZ' and RECORD_UPDATED_BY='Backup Table' AND ID in (select ID from CURATED_DATAMART.ST_API_MAITZ.STR_API_JOBASSIGNMENT WHERE ACTIVE_FLAG='Y')
Table Count in Snowflake:: 1383
Row Count of Table JOBASSIGNMENT is not matched for DataMart :: 1376 CURATED :: 1383]]>
  </system-out>
  <testcase classname="testcases.RAW_DATAMART_CURATED.SnowFlake_RowCount_Master" name="Testcase_RowCount_validation" time="3.709">
    <failure message="The following asserts failed:
	null" type="java.lang.AssertionError">
      <![CDATA[java.lang.AssertionError: The following asserts failed:
null
at org.testng.asserts.SoftAssert.assertAll(SoftAssert.java:47)
at org.testng.asserts.SoftAssert.assertAll(SoftAssert.java:31)
at testcases.RAW_DATAMART_CURATED.SnowFlake_RowCount_Master.validate_RowCount_BKP(SnowFlake_RowCount_Master.java:56)
at testcases.RAW_DATAMART_CURATED.SnowFlake_RowCount_Master.Testcase_RowCount_validation(SnowFlake_RowCount_Master.java:25)
at jdk.internal.reflect.GeneratedMethodAccessor13.invoke(Unknown Source)
at java.base/jdk.internal.reflect.DelegatingMethodAccessorImpl.invoke(DelegatingMethodAccessorImpl.java:43)
at java.base/java.lang.reflect.Method.invoke(Method.java:568)
at org.testng.internal.MethodInvocationHelper.invokeMethod(MethodInvocationHelper.java:133)
at org.testng.internal.TestInvoker.invokeMethod(TestInvoker.java:598)
at org.testng.internal.TestInvoker.invokeTestMethod(TestInvoker.java:173)
at org.testng.internal.MethodRunner.runInSequence(MethodRunner.java:46)
at org.testng.internal.TestInvoker$MethodInvocationAgent.invoke(TestInvoker.java:824)
at org.testng.internal.TestInvoker.invokeTestMethods(TestInvoker.java:146)
at org.testng.internal.TestMethodWorker.invokeTestMethods(TestMethodWorker.java:146)
at org.testng.internal.TestMethodWorker.run(TestMethodWorker.java:128)
at java.base/java.util.ArrayList.forEach(ArrayList.java:1511)
at org.testng.TestRunner.privateRun(TestRunner.java:794)
at org.testng.TestRunner.run(TestRunner.java:596)
at org.testng.SuiteRunner.runTest(SuiteRunner.java:377)
at org.testng.SuiteRunner.runSequentially(SuiteRunner.java:371)
at org.testng.SuiteRunner.privateRun(SuiteRunner.java:332)
at org.testng.SuiteRunner.run(SuiteRunner.java:276)
at org.testng.SuiteRunnerWorker.runSuite(SuiteRunnerWorker.java:53)
at org.testng.SuiteRunnerWorker.run(SuiteRunnerWorker.java:96)
at org.testng.TestNG.runSuitesSequentially(TestNG.java:1212)
at org.testng.TestNG.runSuitesLocally(TestNG.java:1134)
at org.testng.TestNG.runSuites(TestNG.java:1063)
at org.testng.TestNG.run(TestNG.java:1031)
at org.testng.remote.AbstractRemoteTestNG.run(AbstractRemoteTestNG.java:115)
at org.testng.remote.RemoteTestNG.initAndRun(RemoteTestNG.java:251)
at org.testng.remote.RemoteTestNG.main(RemoteTestNG.java:77)
]]>
    </failure>
  </testcase> <!-- Testcase_RowCount_validation -->
  <system-out>
    <![CDATA[Executing Snowflake query :: SELECT count(*) as TOTAL FROM DEV_ENT_RAW.ST_GOLDMEDAL_MATILLION.BATCH
Table Count in Snowflake:: 20034
Executing Snowflake query :: select count(*) as TOTAL from CURATED_DATAMART.ST_BKP_GOLDMEDAL.STR_BATCH Where ACTIVE_FLAG='Y'
Table Count in Snowflake:: 20034
Executing Snowflake query :: select count(*) as TOTAL from DEV_ENT_CURATED.MASTER_DIMENSIONS.FACT_BATCH where tenant_type='GOLDMEDAL' and RECORD_UPDATED_BY='Backup Table'
Table Count in Snowflake:: 20003
Row Count of Table BATCH is not matched for RAW :: 20034 DataMart :: 20034 CURATED :: 20003]]>
  </system-out>
  <testcase classname="testcases.RAW_DATAMART_CURATED.SnowFlake_RowCount_Master" name="Testcase_RowCount_validation" time="2.933">
    <failure message="The following asserts failed:
	null" type="java.lang.AssertionError">
      <![CDATA[java.lang.AssertionError: The following asserts failed:
null
at org.testng.asserts.SoftAssert.assertAll(SoftAssert.java:47)
at org.testng.asserts.SoftAssert.assertAll(SoftAssert.java:31)
at testcases.RAW_DATAMART_CURATED.SnowFlake_RowCount_Master.validate_RowCount_BKP(SnowFlake_RowCount_Master.java:56)
at testcases.RAW_DATAMART_CURATED.SnowFlake_RowCount_Master.Testcase_RowCount_validation(SnowFlake_RowCount_Master.java:25)
at jdk.internal.reflect.GeneratedMethodAccessor13.invoke(Unknown Source)
at java.base/jdk.internal.reflect.DelegatingMethodAccessorImpl.invoke(DelegatingMethodAccessorImpl.java:43)
at java.base/java.lang.reflect.Method.invoke(Method.java:568)
at org.testng.internal.MethodInvocationHelper.invokeMethod(MethodInvocationHelper.java:133)
at org.testng.internal.TestInvoker.invokeMethod(TestInvoker.java:598)
at org.testng.internal.TestInvoker.invokeTestMethod(TestInvoker.java:173)
at org.testng.internal.MethodRunner.runInSequence(MethodRunner.java:46)
at org.testng.internal.TestInvoker$MethodInvocationAgent.invoke(TestInvoker.java:824)
at org.testng.internal.TestInvoker.invokeTestMethods(TestInvoker.java:146)
at org.testng.internal.TestMethodWorker.invokeTestMethods(TestMethodWorker.java:146)
at org.testng.internal.TestMethodWorker.run(TestMethodWorker.java:128)
at java.base/java.util.ArrayList.forEach(ArrayList.java:1511)
at org.testng.TestRunner.privateRun(TestRunner.java:794)
at org.testng.TestRunner.run(TestRunner.java:596)
at org.testng.SuiteRunner.runTest(SuiteRunner.java:377)
at org.testng.SuiteRunner.runSequentially(SuiteRunner.java:371)
at org.testng.SuiteRunner.privateRun(SuiteRunner.java:332)
at org.testng.SuiteRunner.run(SuiteRunner.java:276)
at org.testng.SuiteRunnerWorker.runSuite(SuiteRunnerWorker.java:53)
at org.testng.SuiteRunnerWorker.run(SuiteRunnerWorker.java:96)
at org.testng.TestNG.runSuitesSequentially(TestNG.java:1212)
at org.testng.TestNG.runSuitesLocally(TestNG.java:1134)
at org.testng.TestNG.runSuites(TestNG.java:1063)
at org.testng.TestNG.run(TestNG.java:1031)
at org.testng.remote.AbstractRemoteTestNG.run(AbstractRemoteTestNG.java:115)
at org.testng.remote.RemoteTestNG.initAndRun(RemoteTestNG.java:251)
at org.testng.remote.RemoteTestNG.main(RemoteTestNG.java:77)
]]>
    </failure>
  </testcase> <!-- Testcase_RowCount_validation -->
  <system-out>
    <![CDATA[Executing Snowflake query :: SELECT count(*) as TOTAL FROM DEV_ENT_RAW.ST_GOLDMEDAL_MATILLION.ESTIMATEITEM
Table Count in Snowflake:: 1101824
Executing Snowflake query :: select count(*) as TOTAL from CURATED_DATAMART.ST_BKP_GOLDMEDAL.STR_ESTIMATEITEM Where ACTIVE_FLAG='Y'
Table Count in Snowflake:: 1100004
Executing Snowflake query :: select count(*) as TOTAL from DEV_ENT_CURATED.MASTER_DIMENSIONS.DIM_ESTIMATEITEM where tenant_type='GOLDMEDAL' and RECORD_UPDATED_BY='Backup Table'
Table Count in Snowflake:: 1098223
Row Count of Table ESTIMATEITEM is not matched for RAW :: 1101824 DataMart :: 1100004 CURATED :: 1098223]]>
  </system-out>
  <testcase classname="testcases.RAW_DATAMART_CURATED.SnowFlake_RowCount_Master" name="Testcase_RowCount_validation" time="1.638">
    <failure message="The following asserts failed:
	null" type="java.lang.AssertionError">
      <![CDATA[java.lang.AssertionError: The following asserts failed:
null
at org.testng.asserts.SoftAssert.assertAll(SoftAssert.java:47)
at org.testng.asserts.SoftAssert.assertAll(SoftAssert.java:31)
at testcases.RAW_DATAMART_CURATED.SnowFlake_RowCount_Master.validate_RowCount_API(SnowFlake_RowCount_Master.java:115)
at testcases.RAW_DATAMART_CURATED.SnowFlake_RowCount_Master.Testcase_RowCount_validation(SnowFlake_RowCount_Master.java:28)
at jdk.internal.reflect.GeneratedMethodAccessor13.invoke(Unknown Source)
at java.base/jdk.internal.reflect.DelegatingMethodAccessorImpl.invoke(DelegatingMethodAccessorImpl.java:43)
at java.base/java.lang.reflect.Method.invoke(Method.java:568)
at org.testng.internal.MethodInvocationHelper.invokeMethod(MethodInvocationHelper.java:133)
at org.testng.internal.TestInvoker.invokeMethod(TestInvoker.java:598)
at org.testng.internal.TestInvoker.invokeTestMethod(TestInvoker.java:173)
at org.testng.internal.MethodRunner.runInSequence(MethodRunner.java:46)
at org.testng.internal.TestInvoker$MethodInvocationAgent.invoke(TestInvoker.java:824)
at org.testng.internal.TestInvoker.invokeTestMethods(TestInvoker.java:146)
at org.testng.internal.TestMethodWorker.invokeTestMethods(TestMethodWorker.java:146)
at org.testng.internal.TestMethodWorker.run(TestMethodWorker.java:128)
at java.base/java.util.ArrayList.forEach(ArrayList.java:1511)
at org.testng.TestRunner.privateRun(TestRunner.java:794)
at org.testng.TestRunner.run(TestRunner.java:596)
at org.testng.SuiteRunner.runTest(SuiteRunner.java:377)
at org.testng.SuiteRunner.runSequentially(SuiteRunner.java:371)
at org.testng.SuiteRunner.privateRun(SuiteRunner.java:332)
at org.testng.SuiteRunner.run(SuiteRunner.java:276)
at org.testng.SuiteRunnerWorker.runSuite(SuiteRunnerWorker.java:53)
at org.testng.SuiteRunnerWorker.run(SuiteRunnerWorker.java:96)
at org.testng.TestNG.runSuitesSequentially(TestNG.java:1212)
at org.testng.TestNG.runSuitesLocally(TestNG.java:1134)
at org.testng.TestNG.runSuites(TestNG.java:1063)
at org.testng.TestNG.run(TestNG.java:1031)
at org.testng.remote.AbstractRemoteTestNG.run(AbstractRemoteTestNG.java:115)
at org.testng.remote.RemoteTestNG.initAndRun(RemoteTestNG.java:251)
at org.testng.remote.RemoteTestNG.main(RemoteTestNG.java:77)
]]>
    </failure>
  </testcase> <!-- Testcase_RowCount_validation -->
  <system-out>
    <![CDATA[Executing Snowflake query :: SELECT count(*) as TOTAL FROM DEV_ENT_RAW.API_MAT.ST_API_ESTIMATEITEM WHERE TENANT_NAME='GOLDMEDAL'
Table Count in Snowflake:: 6614
Executing Snowflake query :: select count(*) as TOTAL from CURATED_DATAMART.ST_API_GOLDMEDAL.STR_API_ESTIMATEITEM WHERE ACTIVE_FLAG='Y'
Table Count in Snowflake:: 5165
Executing Snowflake query :: select count(*) as TOTAL from DEV_ENT_CURATED.MASTER_DIMENSIONS.DIM_ESTIMATEITEM WHERE TENANT_TYPE='GOLDMEDAL' and RECORD_UPDATED_BY='API ETL'
Table Count in Snowflake:: 5165
Row Count of Table ESTIMATEITEM is not matched for APIMAT :: 6614 DataMart :: 5165
Row Count of Table ESTIMATEITEM is matched for DataMart :: 5165 CURATED :: 5165]]>
  </system-out>
  <testcase classname="testcases.RAW_DATAMART_CURATED.SnowFlake_RowCount_Master" name="Testcase_RowCount_validation" time="2.044">
    <failure message="The following asserts failed:
	null" type="java.lang.AssertionError">
      <![CDATA[java.lang.AssertionError: The following asserts failed:
null
at org.testng.asserts.SoftAssert.assertAll(SoftAssert.java:47)
at org.testng.asserts.SoftAssert.assertAll(SoftAssert.java:31)
at testcases.RAW_DATAMART_CURATED.SnowFlake_RowCount_Master.validate_RowCount_BKP(SnowFlake_RowCount_Master.java:56)
at testcases.RAW_DATAMART_CURATED.SnowFlake_RowCount_Master.Testcase_RowCount_validation(SnowFlake_RowCount_Master.java:25)
at jdk.internal.reflect.GeneratedMethodAccessor13.invoke(Unknown Source)
at java.base/jdk.internal.reflect.DelegatingMethodAccessorImpl.invoke(DelegatingMethodAccessorImpl.java:43)
at java.base/java.lang.reflect.Method.invoke(Method.java:568)
at org.testng.internal.MethodInvocationHelper.invokeMethod(MethodInvocationHelper.java:133)
at org.testng.internal.TestInvoker.invokeMethod(TestInvoker.java:598)
at org.testng.internal.TestInvoker.invokeTestMethod(TestInvoker.java:173)
at org.testng.internal.MethodRunner.runInSequence(MethodRunner.java:46)
at org.testng.internal.TestInvoker$MethodInvocationAgent.invoke(TestInvoker.java:824)
at org.testng.internal.TestInvoker.invokeTestMethods(TestInvoker.java:146)
at org.testng.internal.TestMethodWorker.invokeTestMethods(TestMethodWorker.java:146)
at org.testng.internal.TestMethodWorker.run(TestMethodWorker.java:128)
at java.base/java.util.ArrayList.forEach(ArrayList.java:1511)
at org.testng.TestRunner.privateRun(TestRunner.java:794)
at org.testng.TestRunner.run(TestRunner.java:596)
at org.testng.SuiteRunner.runTest(SuiteRunner.java:377)
at org.testng.SuiteRunner.runSequentially(SuiteRunner.java:371)
at org.testng.SuiteRunner.privateRun(SuiteRunner.java:332)
at org.testng.SuiteRunner.run(SuiteRunner.java:276)
at org.testng.SuiteRunnerWorker.runSuite(SuiteRunnerWorker.java:53)
at org.testng.SuiteRunnerWorker.run(SuiteRunnerWorker.java:96)
at org.testng.TestNG.runSuitesSequentially(TestNG.java:1212)
at org.testng.TestNG.runSuitesLocally(TestNG.java:1134)
at org.testng.TestNG.runSuites(TestNG.java:1063)
at org.testng.TestNG.run(TestNG.java:1031)
at org.testng.remote.AbstractRemoteTestNG.run(AbstractRemoteTestNG.java:115)
at org.testng.remote.RemoteTestNG.initAndRun(RemoteTestNG.java:251)
at org.testng.remote.RemoteTestNG.main(RemoteTestNG.java:77)
]]>
    </failure>
  </testcase> <!-- Testcase_RowCount_validation -->
  <system-out>
    <![CDATA[Executing Snowflake query :: SELECT count(*) as TOTAL FROM DEV_ENT_RAW.ST_SNELLHEATINGAIR_MATILLION.SKUASSET
Table Count in Snowflake:: 384
Executing Snowflake query :: select count(*) as TOTAL from CURATED_DATAMART.ST_BKP_SNELLHEATINGAIR.STR_SKUASSET Where ACTIVE_FLAG='Y'
Table Count in Snowflake:: 383
Executing Snowflake query :: select count(*) as TOTAL from DEV_ENT_CURATED.MASTER_DIMENSIONS.DIM_SKUASSET where tenant_type='SNELLHEATINGAIR' and RECORD_UPDATED_BY='Backup Table'
Table Count in Snowflake:: 383
Row Count of Table SKUASSET is not matched for RAW :: 384 DataMart :: 383 CURATED :: 383]]>
  </system-out>
  <testcase classname="testcases.RAW_DATAMART_CURATED.SnowFlake_RowCount_Master" name="Testcase_RowCount_validation" time="3.462">
    <failure message="The following asserts failed:
	null,
	null" type="java.lang.AssertionError">
      <![CDATA[java.lang.AssertionError: The following asserts failed:
null,
null
at org.testng.asserts.SoftAssert.assertAll(SoftAssert.java:47)
at org.testng.asserts.SoftAssert.assertAll(SoftAssert.java:31)
at testcases.RAW_DATAMART_CURATED.SnowFlake_RowCount_Master.validate_RowCount_API(SnowFlake_RowCount_Master.java:115)
at testcases.RAW_DATAMART_CURATED.SnowFlake_RowCount_Master.Testcase_RowCount_validation(SnowFlake_RowCount_Master.java:28)
at jdk.internal.reflect.GeneratedMethodAccessor13.invoke(Unknown Source)
at java.base/jdk.internal.reflect.DelegatingMethodAccessorImpl.invoke(DelegatingMethodAccessorImpl.java:43)
at java.base/java.lang.reflect.Method.invoke(Method.java:568)
at org.testng.internal.MethodInvocationHelper.invokeMethod(MethodInvocationHelper.java:133)
at org.testng.internal.TestInvoker.invokeMethod(TestInvoker.java:598)
at org.testng.internal.TestInvoker.invokeTestMethod(TestInvoker.java:173)
at org.testng.internal.MethodRunner.runInSequence(MethodRunner.java:46)
at org.testng.internal.TestInvoker$MethodInvocationAgent.invoke(TestInvoker.java:824)
at org.testng.internal.TestInvoker.invokeTestMethods(TestInvoker.java:146)
at org.testng.internal.TestMethodWorker.invokeTestMethods(TestMethodWorker.java:146)
at org.testng.internal.TestMethodWorker.run(TestMethodWorker.java:128)
at java.base/java.util.ArrayList.forEach(ArrayList.java:1511)
at org.testng.TestRunner.privateRun(TestRunner.java:794)
at org.testng.TestRunner.run(TestRunner.java:596)
at org.testng.SuiteRunner.runTest(SuiteRunner.java:377)
at org.testng.SuiteRunner.runSequentially(SuiteRunner.java:371)
at org.testng.SuiteRunner.privateRun(SuiteRunner.java:332)
at org.testng.SuiteRunner.run(SuiteRunner.java:276)
at org.testng.SuiteRunnerWorker.runSuite(SuiteRunnerWorker.java:53)
at org.testng.SuiteRunnerWorker.run(SuiteRunnerWorker.java:96)
at org.testng.TestNG.runSuitesSequentially(TestNG.java:1212)
at org.testng.TestNG.runSuitesLocally(TestNG.java:1134)
at org.testng.TestNG.runSuites(TestNG.java:1063)
at org.testng.TestNG.run(TestNG.java:1031)
at org.testng.remote.AbstractRemoteTestNG.run(AbstractRemoteTestNG.java:115)
at org.testng.remote.RemoteTestNG.initAndRun(RemoteTestNG.java:251)
at org.testng.remote.RemoteTestNG.main(RemoteTestNG.java:77)
]]>
    </failure>
  </testcase> <!-- Testcase_RowCount_validation -->
  <system-out>
    <![CDATA[Executing Snowflake query :: SELECT count(*) as TOTAL FROM DEV_ENT_RAW.API_MAT.ST_API_CUSTOMERMEMBERSHIP WHERE TENANT_NAME='FOURPROS'
Table Count in Snowflake:: 1905
Executing Snowflake query :: select count(*) as TOTAL from CURATED_DATAMART.ST_API_FOURPROS.STR_API_CUSTOMERMEMBERSHIP WHERE ACTIVE_FLAG='Y'
Table Count in Snowflake:: 1803
Executing Snowflake query :: select count(*) as TOTAL from DEV_ENT_CURATED.MASTER_DIMENSIONS.DIM_CUSTOMERMEMBERSHIP WHERE TENANT_TYPE='FOURPROS' and RECORD_UPDATED_BY='API ETL'
Table Count in Snowflake:: 3433
Row Count of Table CUSTOMERMEMBERSHIP is not matched for APIMAT :: 1905 DataMart :: 1803
Executing Snowflake query :: select count(*) as TOTAL from DEV_ENT_CURATED.MASTER_DIMENSIONS.DIM_CUSTOMERMEMBERSHIP WHERE TENANT_TYPE='FOURPROS' and RECORD_UPDATED_BY='Backup Table' AND ID in (select ID from CURATED_DATAMART.ST_API_FOURPROS.STR_API_CUSTOMERMEMBERSHIP WHERE ACTIVE_FLAG='Y')
Table Count in Snowflake:: 0
Row Count of Table CUSTOMERMEMBERSHIP is not matched for DataMart :: 1803 CURATED :: 0]]>
  </system-out>
  <testcase classname="testcases.RAW_DATAMART_CURATED.SnowFlake_RowCount_Master" name="Testcase_RowCount_validation" time="1.447">
    <failure message="The following asserts failed:
	null,
	null" type="java.lang.AssertionError">
      <![CDATA[java.lang.AssertionError: The following asserts failed:
null,
null
at org.testng.asserts.SoftAssert.assertAll(SoftAssert.java:47)
at org.testng.asserts.SoftAssert.assertAll(SoftAssert.java:31)
at testcases.RAW_DATAMART_CURATED.SnowFlake_RowCount_Master.validate_RowCount_BKP(SnowFlake_RowCount_Master.java:56)
at testcases.RAW_DATAMART_CURATED.SnowFlake_RowCount_Master.Testcase_RowCount_validation(SnowFlake_RowCount_Master.java:25)
at jdk.internal.reflect.GeneratedMethodAccessor13.invoke(Unknown Source)
at java.base/jdk.internal.reflect.DelegatingMethodAccessorImpl.invoke(DelegatingMethodAccessorImpl.java:43)
at java.base/java.lang.reflect.Method.invoke(Method.java:568)
at org.testng.internal.MethodInvocationHelper.invokeMethod(MethodInvocationHelper.java:133)
at org.testng.internal.TestInvoker.invokeMethod(TestInvoker.java:598)
at org.testng.internal.TestInvoker.invokeTestMethod(TestInvoker.java:173)
at org.testng.internal.MethodRunner.runInSequence(MethodRunner.java:46)
at org.testng.internal.TestInvoker$MethodInvocationAgent.invoke(TestInvoker.java:824)
at org.testng.internal.TestInvoker.invokeTestMethods(TestInvoker.java:146)
at org.testng.internal.TestMethodWorker.invokeTestMethods(TestMethodWorker.java:146)
at org.testng.internal.TestMethodWorker.run(TestMethodWorker.java:128)
at java.base/java.util.ArrayList.forEach(ArrayList.java:1511)
at org.testng.TestRunner.privateRun(TestRunner.java:794)
at org.testng.TestRunner.run(TestRunner.java:596)
at org.testng.SuiteRunner.runTest(SuiteRunner.java:377)
at org.testng.SuiteRunner.runSequentially(SuiteRunner.java:371)
at org.testng.SuiteRunner.privateRun(SuiteRunner.java:332)
at org.testng.SuiteRunner.run(SuiteRunner.java:276)
at org.testng.SuiteRunnerWorker.runSuite(SuiteRunnerWorker.java:53)
at org.testng.SuiteRunnerWorker.run(SuiteRunnerWorker.java:96)
at org.testng.TestNG.runSuitesSequentially(TestNG.java:1212)
at org.testng.TestNG.runSuitesLocally(TestNG.java:1134)
at org.testng.TestNG.runSuites(TestNG.java:1063)
at org.testng.TestNG.run(TestNG.java:1031)
at org.testng.remote.AbstractRemoteTestNG.run(AbstractRemoteTestNG.java:115)
at org.testng.remote.RemoteTestNG.initAndRun(RemoteTestNG.java:251)
at org.testng.remote.RemoteTestNG.main(RemoteTestNG.java:77)
]]>
    </failure>
  </testcase> <!-- Testcase_RowCount_validation -->
  <system-out>
    <![CDATA[Executing Snowflake query :: SELECT count(*) as TOTAL FROM DEV_ENT_RAW.ST_EANESHEATING_MATILLION.HOLDJOBREASON
Snowflake - SQLException at readDB() method :: SQL compilation error:
Object 'DEV_ENT_RAW.ST_EANESHEATING_MATILLION.HOLDJOBREASON' does not exist or not authorized.
Executing Snowflake query :: select count(*) as TOTAL from CURATED_DATAMART.ST_BKP_EANESHEATING.STR_HOLDJOBREASON Where ACTIVE_FLAG='Y'
Table Count in Snowflake:: 6
Executing Snowflake query :: select count(*) as TOTAL from DEV_ENT_CURATED.MASTER_DIMENSIONS.DIM_HOLDJOBREASON where tenant_type='EANESHEATING' and RECORD_UPDATED_BY='Backup Table'
Table Count in Snowflake:: 0
Row Count of Table HOLDJOBREASON is not matched for RAW :: 0 DataMart :: 6 CURATED :: 0]]>
  </system-out>
  <testcase classname="testcases.RAW_DATAMART_CURATED.SnowFlake_RowCount_Master" name="Testcase_RowCount_validation" time="2.462">
    <failure message="The following asserts failed:
	null" type="java.lang.AssertionError">
      <![CDATA[java.lang.AssertionError: The following asserts failed:
null
at org.testng.asserts.SoftAssert.assertAll(SoftAssert.java:47)
at org.testng.asserts.SoftAssert.assertAll(SoftAssert.java:31)
at testcases.RAW_DATAMART_CURATED.SnowFlake_RowCount_Master.validate_RowCount_API(SnowFlake_RowCount_Master.java:115)
at testcases.RAW_DATAMART_CURATED.SnowFlake_RowCount_Master.Testcase_RowCount_validation(SnowFlake_RowCount_Master.java:28)
at jdk.internal.reflect.GeneratedMethodAccessor13.invoke(Unknown Source)
at java.base/jdk.internal.reflect.DelegatingMethodAccessorImpl.invoke(DelegatingMethodAccessorImpl.java:43)
at java.base/java.lang.reflect.Method.invoke(Method.java:568)
at org.testng.internal.MethodInvocationHelper.invokeMethod(MethodInvocationHelper.java:133)
at org.testng.internal.TestInvoker.invokeMethod(TestInvoker.java:598)
at org.testng.internal.TestInvoker.invokeTestMethod(TestInvoker.java:173)
at org.testng.internal.MethodRunner.runInSequence(MethodRunner.java:46)
at org.testng.internal.TestInvoker$MethodInvocationAgent.invoke(TestInvoker.java:824)
at org.testng.internal.TestInvoker.invokeTestMethods(TestInvoker.java:146)
at org.testng.internal.TestMethodWorker.invokeTestMethods(TestMethodWorker.java:146)
at org.testng.internal.TestMethodWorker.run(TestMethodWorker.java:128)
at java.base/java.util.ArrayList.forEach(ArrayList.java:1511)
at org.testng.TestRunner.privateRun(TestRunner.java:794)
at org.testng.TestRunner.run(TestRunner.java:596)
at org.testng.SuiteRunner.runTest(SuiteRunner.java:377)
at org.testng.SuiteRunner.runSequentially(SuiteRunner.java:371)
at org.testng.SuiteRunner.privateRun(SuiteRunner.java:332)
at org.testng.SuiteRunner.run(SuiteRunner.java:276)
at org.testng.SuiteRunnerWorker.runSuite(SuiteRunnerWorker.java:53)
at org.testng.SuiteRunnerWorker.run(SuiteRunnerWorker.java:96)
at org.testng.TestNG.runSuitesSequentially(TestNG.java:1212)
at org.testng.TestNG.runSuitesLocally(TestNG.java:1134)
at org.testng.TestNG.runSuites(TestNG.java:1063)
at org.testng.TestNG.run(TestNG.java:1031)
at org.testng.remote.AbstractRemoteTestNG.run(AbstractRemoteTestNG.java:115)
at org.testng.remote.RemoteTestNG.initAndRun(RemoteTestNG.java:251)
at org.testng.remote.RemoteTestNG.main(RemoteTestNG.java:77)
]]>
    </failure>
  </testcase> <!-- Testcase_RowCount_validation -->
  <system-out>
    <![CDATA[Executing Snowflake query :: SELECT count(*) as TOTAL FROM DEV_ENT_RAW.API_MAT.ST_API_INVOICE WHERE TENANT_NAME='HUTCHINSON'
Table Count in Snowflake:: 2759
Executing Snowflake query :: select count(*) as TOTAL from CURATED_DATAMART.ST_API_HUTCHINSON.STR_API_INVOICE WHERE ACTIVE_FLAG='Y'
Table Count in Snowflake:: 2268
Executing Snowflake query :: select count(*) as TOTAL from DEV_ENT_CURATED.MASTER_DIMENSIONS.FACT_INVOICE WHERE TENANT_TYPE='HUTCHINSON' and RECORD_UPDATED_BY='API ETL'
Table Count in Snowflake:: 0
Row Count of Table INVOICE is not matched for APIMAT :: 2759 DataMart :: 2268
Executing Snowflake query :: select count(*) as TOTAL from DEV_ENT_CURATED.MASTER_DIMENSIONS.FACT_INVOICE WHERE TENANT_TYPE='HUTCHINSON' and RECORD_UPDATED_BY='Backup Table' AND ID in (select ID from CURATED_DATAMART.ST_API_HUTCHINSON.STR_API_INVOICE WHERE ACTIVE_FLAG='Y')
Table Count in Snowflake:: 2268
Row Count of Table INVOICE is matched for DataMart :: 2268 CURATED :: 2268]]>
  </system-out>
  <testcase classname="testcases.RAW_DATAMART_CURATED.SnowFlake_RowCount_Master" name="Testcase_RowCount_validation" time="2.222">
    <failure message="The following asserts failed:
	null,
	null" type="java.lang.AssertionError">
      <![CDATA[java.lang.AssertionError: The following asserts failed:
null,
null
at org.testng.asserts.SoftAssert.assertAll(SoftAssert.java:47)
at org.testng.asserts.SoftAssert.assertAll(SoftAssert.java:31)
at testcases.RAW_DATAMART_CURATED.SnowFlake_RowCount_Master.validate_RowCount_API(SnowFlake_RowCount_Master.java:115)
at testcases.RAW_DATAMART_CURATED.SnowFlake_RowCount_Master.Testcase_RowCount_validation(SnowFlake_RowCount_Master.java:28)
at jdk.internal.reflect.GeneratedMethodAccessor13.invoke(Unknown Source)
at java.base/jdk.internal.reflect.DelegatingMethodAccessorImpl.invoke(DelegatingMethodAccessorImpl.java:43)
at java.base/java.lang.reflect.Method.invoke(Method.java:568)
at org.testng.internal.MethodInvocationHelper.invokeMethod(MethodInvocationHelper.java:133)
at org.testng.internal.TestInvoker.invokeMethod(TestInvoker.java:598)
at org.testng.internal.TestInvoker.invokeTestMethod(TestInvoker.java:173)
at org.testng.internal.MethodRunner.runInSequence(MethodRunner.java:46)
at org.testng.internal.TestInvoker$MethodInvocationAgent.invoke(TestInvoker.java:824)
at org.testng.internal.TestInvoker.invokeTestMethods(TestInvoker.java:146)
at org.testng.internal.TestMethodWorker.invokeTestMethods(TestMethodWorker.java:146)
at org.testng.internal.TestMethodWorker.run(TestMethodWorker.java:128)
at java.base/java.util.ArrayList.forEach(ArrayList.java:1511)
at org.testng.TestRunner.privateRun(TestRunner.java:794)
at org.testng.TestRunner.run(TestRunner.java:596)
at org.testng.SuiteRunner.runTest(SuiteRunner.java:377)
at org.testng.SuiteRunner.runSequentially(SuiteRunner.java:371)
at org.testng.SuiteRunner.privateRun(SuiteRunner.java:332)
at org.testng.SuiteRunner.run(SuiteRunner.java:276)
at org.testng.SuiteRunnerWorker.runSuite(SuiteRunnerWorker.java:53)
at org.testng.SuiteRunnerWorker.run(SuiteRunnerWorker.java:96)
at org.testng.TestNG.runSuitesSequentially(TestNG.java:1212)
at org.testng.TestNG.runSuitesLocally(TestNG.java:1134)
at org.testng.TestNG.runSuites(TestNG.java:1063)
at org.testng.TestNG.run(TestNG.java:1031)
at org.testng.remote.AbstractRemoteTestNG.run(AbstractRemoteTestNG.java:115)
at org.testng.remote.RemoteTestNG.initAndRun(RemoteTestNG.java:251)
at org.testng.remote.RemoteTestNG.main(RemoteTestNG.java:77)
]]>
    </failure>
  </testcase> <!-- Testcase_RowCount_validation -->
  <system-out>
    <![CDATA[Executing Snowflake query :: SELECT count(*) as TOTAL FROM DEV_ENT_RAW.API_MAT.ST_API_CUSTOMERMEMBERSHIP WHERE TENANT_NAME='BILLFENWICK'
Table Count in Snowflake:: 156
Executing Snowflake query :: select count(*) as TOTAL from CURATED_DATAMART.ST_API_BILLFENWICK.STR_API_CUSTOMERMEMBERSHIP WHERE ACTIVE_FLAG='Y'
Table Count in Snowflake:: 76
Executing Snowflake query :: select count(*) as TOTAL from DEV_ENT_CURATED.MASTER_DIMENSIONS.DIM_CUSTOMERMEMBERSHIP WHERE TENANT_TYPE='BILLFENWICK' and RECORD_UPDATED_BY='API ETL'
Table Count in Snowflake:: 1483
Row Count of Table CUSTOMERMEMBERSHIP is not matched for APIMAT :: 156 DataMart :: 76
Executing Snowflake query :: select count(*) as TOTAL from DEV_ENT_CURATED.MASTER_DIMENSIONS.DIM_CUSTOMERMEMBERSHIP WHERE TENANT_TYPE='BILLFENWICK' and RECORD_UPDATED_BY='Backup Table' AND ID in (select ID from CURATED_DATAMART.ST_API_BILLFENWICK.STR_API_CUSTOMERMEMBERSHIP WHERE ACTIVE_FLAG='Y')
Table Count in Snowflake:: 0
Row Count of Table CUSTOMERMEMBERSHIP is not matched for DataMart :: 76 CURATED :: 0]]>
  </system-out>
  <testcase classname="testcases.RAW_DATAMART_CURATED.SnowFlake_RowCount_Master" name="Testcase_RowCount_validation" time="2.337">
    <failure message="The following asserts failed:
	null,
	null" type="java.lang.AssertionError">
      <![CDATA[java.lang.AssertionError: The following asserts failed:
null,
null
at org.testng.asserts.SoftAssert.assertAll(SoftAssert.java:47)
at org.testng.asserts.SoftAssert.assertAll(SoftAssert.java:31)
at testcases.RAW_DATAMART_CURATED.SnowFlake_RowCount_Master.validate_RowCount_BKP(SnowFlake_RowCount_Master.java:56)
at testcases.RAW_DATAMART_CURATED.SnowFlake_RowCount_Master.Testcase_RowCount_validation(SnowFlake_RowCount_Master.java:25)
at jdk.internal.reflect.GeneratedMethodAccessor13.invoke(Unknown Source)
at java.base/jdk.internal.reflect.DelegatingMethodAccessorImpl.invoke(DelegatingMethodAccessorImpl.java:43)
at java.base/java.lang.reflect.Method.invoke(Method.java:568)
at org.testng.internal.MethodInvocationHelper.invokeMethod(MethodInvocationHelper.java:133)
at org.testng.internal.TestInvoker.invokeMethod(TestInvoker.java:598)
at org.testng.internal.TestInvoker.invokeTestMethod(TestInvoker.java:173)
at org.testng.internal.MethodRunner.runInSequence(MethodRunner.java:46)
at org.testng.internal.TestInvoker$MethodInvocationAgent.invoke(TestInvoker.java:824)
at org.testng.internal.TestInvoker.invokeTestMethods(TestInvoker.java:146)
at org.testng.internal.TestMethodWorker.invokeTestMethods(TestMethodWorker.java:146)
at org.testng.internal.TestMethodWorker.run(TestMethodWorker.java:128)
at java.base/java.util.ArrayList.forEach(ArrayList.java:1511)
at org.testng.TestRunner.privateRun(TestRunner.java:794)
at org.testng.TestRunner.run(TestRunner.java:596)
at org.testng.SuiteRunner.runTest(SuiteRunner.java:377)
at org.testng.SuiteRunner.runSequentially(SuiteRunner.java:371)
at org.testng.SuiteRunner.privateRun(SuiteRunner.java:332)
at org.testng.SuiteRunner.run(SuiteRunner.java:276)
at org.testng.SuiteRunnerWorker.runSuite(SuiteRunnerWorker.java:53)
at org.testng.SuiteRunnerWorker.run(SuiteRunnerWorker.java:96)
at org.testng.TestNG.runSuitesSequentially(TestNG.java:1212)
at org.testng.TestNG.runSuitesLocally(TestNG.java:1134)
at org.testng.TestNG.runSuites(TestNG.java:1063)
at org.testng.TestNG.run(TestNG.java:1031)
at org.testng.remote.AbstractRemoteTestNG.run(AbstractRemoteTestNG.java:115)
at org.testng.remote.RemoteTestNG.initAndRun(RemoteTestNG.java:251)
at org.testng.remote.RemoteTestNG.main(RemoteTestNG.java:77)
]]>
    </failure>
  </testcase> <!-- Testcase_RowCount_validation -->
  <system-out>
    <![CDATA[Executing Snowflake query :: SELECT count(*) as TOTAL FROM DEV_ENT_RAW.ST_EANESHEATING_MATILLION.INVOICEITEM
Snowflake - SQLException at readDB() method :: SQL compilation error:
Object 'DEV_ENT_RAW.ST_EANESHEATING_MATILLION.INVOICEITEM' does not exist or not authorized.
Executing Snowflake query :: select count(*) as TOTAL from CURATED_DATAMART.ST_BKP_EANESHEATING.STR_INVOICEITEM Where ACTIVE_FLAG='Y'
Table Count in Snowflake:: 1208719
Executing Snowflake query :: select count(*) as TOTAL from DEV_ENT_CURATED.MASTER_DIMENSIONS.DIM_INVOICEITEM where tenant_type='EANESHEATING' and RECORD_UPDATED_BY='Backup Table'
Table Count in Snowflake:: 1208340
Row Count of Table INVOICEITEM is not matched for RAW :: 0 DataMart :: 1208719 CURATED :: 1208340]]>
  </system-out>
  <testcase classname="testcases.RAW_DATAMART_CURATED.SnowFlake_RowCount_Master" name="Testcase_RowCount_validation" time="1.732">
    <failure message="The following asserts failed:
	null" type="java.lang.AssertionError">
      <![CDATA[java.lang.AssertionError: The following asserts failed:
null
at org.testng.asserts.SoftAssert.assertAll(SoftAssert.java:47)
at org.testng.asserts.SoftAssert.assertAll(SoftAssert.java:31)
at testcases.RAW_DATAMART_CURATED.SnowFlake_RowCount_Master.validate_RowCount_API(SnowFlake_RowCount_Master.java:115)
at testcases.RAW_DATAMART_CURATED.SnowFlake_RowCount_Master.Testcase_RowCount_validation(SnowFlake_RowCount_Master.java:28)
at jdk.internal.reflect.GeneratedMethodAccessor13.invoke(Unknown Source)
at java.base/jdk.internal.reflect.DelegatingMethodAccessorImpl.invoke(DelegatingMethodAccessorImpl.java:43)
at java.base/java.lang.reflect.Method.invoke(Method.java:568)
at org.testng.internal.MethodInvocationHelper.invokeMethod(MethodInvocationHelper.java:133)
at org.testng.internal.TestInvoker.invokeMethod(TestInvoker.java:598)
at org.testng.internal.TestInvoker.invokeTestMethod(TestInvoker.java:173)
at org.testng.internal.MethodRunner.runInSequence(MethodRunner.java:46)
at org.testng.internal.TestInvoker$MethodInvocationAgent.invoke(TestInvoker.java:824)
at org.testng.internal.TestInvoker.invokeTestMethods(TestInvoker.java:146)
at org.testng.internal.TestMethodWorker.invokeTestMethods(TestMethodWorker.java:146)
at org.testng.internal.TestMethodWorker.run(TestMethodWorker.java:128)
at java.base/java.util.ArrayList.forEach(ArrayList.java:1511)
at org.testng.TestRunner.privateRun(TestRunner.java:794)
at org.testng.TestRunner.run(TestRunner.java:596)
at org.testng.SuiteRunner.runTest(SuiteRunner.java:377)
at org.testng.SuiteRunner.runSequentially(SuiteRunner.java:371)
at org.testng.SuiteRunner.privateRun(SuiteRunner.java:332)
at org.testng.SuiteRunner.run(SuiteRunner.java:276)
at org.testng.SuiteRunnerWorker.runSuite(SuiteRunnerWorker.java:53)
at org.testng.SuiteRunnerWorker.run(SuiteRunnerWorker.java:96)
at org.testng.TestNG.runSuitesSequentially(TestNG.java:1212)
at org.testng.TestNG.runSuitesLocally(TestNG.java:1134)
at org.testng.TestNG.runSuites(TestNG.java:1063)
at org.testng.TestNG.run(TestNG.java:1031)
at org.testng.remote.AbstractRemoteTestNG.run(AbstractRemoteTestNG.java:115)
at org.testng.remote.RemoteTestNG.initAndRun(RemoteTestNG.java:251)
at org.testng.remote.RemoteTestNG.main(RemoteTestNG.java:77)
]]>
    </failure>
  </testcase> <!-- Testcase_RowCount_validation -->
  <system-out>
    <![CDATA[Executing Snowflake query :: SELECT count(*) as TOTAL FROM DEV_ENT_RAW.API_MAT.ST_API_ESTIMATEITEM WHERE TENANT_NAME='HORIZONSERVICES'
Table Count in Snowflake:: 21133
Executing Snowflake query :: select count(*) as TOTAL from CURATED_DATAMART.ST_API_HORIZONSERVICES.STR_API_ESTIMATEITEM WHERE ACTIVE_FLAG='Y'
Table Count in Snowflake:: 16980
Executing Snowflake query :: select count(*) as TOTAL from DEV_ENT_CURATED.MASTER_DIMENSIONS.DIM_ESTIMATEITEM WHERE TENANT_TYPE='HORIZONSERVICES' and RECORD_UPDATED_BY='API ETL'
Table Count in Snowflake:: 16980
Row Count of Table ESTIMATEITEM is not matched for APIMAT :: 21133 DataMart :: 16980
Row Count of Table ESTIMATEITEM is matched for DataMart :: 16980 CURATED :: 16980]]>
  </system-out>
  <testcase classname="testcases.RAW_DATAMART_CURATED.SnowFlake_RowCount_Master" name="Testcase_RowCount_validation" time="1.969">
    <failure message="The following asserts failed:
	null" type="java.lang.AssertionError">
      <![CDATA[java.lang.AssertionError: The following asserts failed:
null
at org.testng.asserts.SoftAssert.assertAll(SoftAssert.java:47)
at org.testng.asserts.SoftAssert.assertAll(SoftAssert.java:31)
at testcases.RAW_DATAMART_CURATED.SnowFlake_RowCount_Master.validate_RowCount_BKP(SnowFlake_RowCount_Master.java:56)
at testcases.RAW_DATAMART_CURATED.SnowFlake_RowCount_Master.Testcase_RowCount_validation(SnowFlake_RowCount_Master.java:25)
at jdk.internal.reflect.GeneratedMethodAccessor13.invoke(Unknown Source)
at java.base/jdk.internal.reflect.DelegatingMethodAccessorImpl.invoke(DelegatingMethodAccessorImpl.java:43)
at java.base/java.lang.reflect.Method.invoke(Method.java:568)
at org.testng.internal.MethodInvocationHelper.invokeMethod(MethodInvocationHelper.java:133)
at org.testng.internal.TestInvoker.invokeMethod(TestInvoker.java:598)
at org.testng.internal.TestInvoker.invokeTestMethod(TestInvoker.java:173)
at org.testng.internal.MethodRunner.runInSequence(MethodRunner.java:46)
at org.testng.internal.TestInvoker$MethodInvocationAgent.invoke(TestInvoker.java:824)
at org.testng.internal.TestInvoker.invokeTestMethods(TestInvoker.java:146)
at org.testng.internal.TestMethodWorker.invokeTestMethods(TestMethodWorker.java:146)
at org.testng.internal.TestMethodWorker.run(TestMethodWorker.java:128)
at java.base/java.util.ArrayList.forEach(ArrayList.java:1511)
at org.testng.TestRunner.privateRun(TestRunner.java:794)
at org.testng.TestRunner.run(TestRunner.java:596)
at org.testng.SuiteRunner.runTest(SuiteRunner.java:377)
at org.testng.SuiteRunner.runSequentially(SuiteRunner.java:371)
at org.testng.SuiteRunner.privateRun(SuiteRunner.java:332)
at org.testng.SuiteRunner.run(SuiteRunner.java:276)
at org.testng.SuiteRunnerWorker.runSuite(SuiteRunnerWorker.java:53)
at org.testng.SuiteRunnerWorker.run(SuiteRunnerWorker.java:96)
at org.testng.TestNG.runSuitesSequentially(TestNG.java:1212)
at org.testng.TestNG.runSuitesLocally(TestNG.java:1134)
at org.testng.TestNG.runSuites(TestNG.java:1063)
at org.testng.TestNG.run(TestNG.java:1031)
at org.testng.remote.AbstractRemoteTestNG.run(AbstractRemoteTestNG.java:115)
at org.testng.remote.RemoteTestNG.initAndRun(RemoteTestNG.java:251)
at org.testng.remote.RemoteTestNG.main(RemoteTestNG.java:77)
]]>
    </failure>
  </testcase> <!-- Testcase_RowCount_validation -->
  <system-out>
    <![CDATA[Executing Snowflake query :: SELECT count(*) as TOTAL FROM DEV_ENT_RAW.ST_MAITZ_MATILLION.CUSTOMERMEMBERSHIP
Table Count in Snowflake:: 2463
Executing Snowflake query :: select count(*) as TOTAL from CURATED_DATAMART.ST_BKP_MAITZ.STR_CUSTOMERMEMBERSHIP Where ACTIVE_FLAG='Y'
Table Count in Snowflake:: 2510
Executing Snowflake query :: select count(*) as TOTAL from DEV_ENT_CURATED.MASTER_DIMENSIONS.DIM_CUSTOMERMEMBERSHIP where tenant_type='MAITZ' and RECORD_UPDATED_BY='Backup Table'
Table Count in Snowflake:: 19
Row Count of Table CUSTOMERMEMBERSHIP is not matched for RAW :: 2463 DataMart :: 2510 CURATED :: 19]]>
  </system-out>
  <testcase classname="testcases.RAW_DATAMART_CURATED.SnowFlake_RowCount_Master" name="Testcase_RowCount_validation" time="1.634">
    <failure message="The following asserts failed:
	null,
	null" type="java.lang.AssertionError">
      <![CDATA[java.lang.AssertionError: The following asserts failed:
null,
null
at org.testng.asserts.SoftAssert.assertAll(SoftAssert.java:47)
at org.testng.asserts.SoftAssert.assertAll(SoftAssert.java:31)
at testcases.RAW_DATAMART_CURATED.SnowFlake_RowCount_Master.validate_RowCount_BKP(SnowFlake_RowCount_Master.java:56)
at testcases.RAW_DATAMART_CURATED.SnowFlake_RowCount_Master.Testcase_RowCount_validation(SnowFlake_RowCount_Master.java:25)
at jdk.internal.reflect.GeneratedMethodAccessor13.invoke(Unknown Source)
at java.base/jdk.internal.reflect.DelegatingMethodAccessorImpl.invoke(DelegatingMethodAccessorImpl.java:43)
at java.base/java.lang.reflect.Method.invoke(Method.java:568)
at org.testng.internal.MethodInvocationHelper.invokeMethod(MethodInvocationHelper.java:133)
at org.testng.internal.TestInvoker.invokeMethod(TestInvoker.java:598)
at org.testng.internal.TestInvoker.invokeTestMethod(TestInvoker.java:173)
at org.testng.internal.MethodRunner.runInSequence(MethodRunner.java:46)
at org.testng.internal.TestInvoker$MethodInvocationAgent.invoke(TestInvoker.java:824)
at org.testng.internal.TestInvoker.invokeTestMethods(TestInvoker.java:146)
at org.testng.internal.TestMethodWorker.invokeTestMethods(TestMethodWorker.java:146)
at org.testng.internal.TestMethodWorker.run(TestMethodWorker.java:128)
at java.base/java.util.ArrayList.forEach(ArrayList.java:1511)
at org.testng.TestRunner.privateRun(TestRunner.java:794)
at org.testng.TestRunner.run(TestRunner.java:596)
at org.testng.SuiteRunner.runTest(SuiteRunner.java:377)
at org.testng.SuiteRunner.runSequentially(SuiteRunner.java:371)
at org.testng.SuiteRunner.privateRun(SuiteRunner.java:332)
at org.testng.SuiteRunner.run(SuiteRunner.java:276)
at org.testng.SuiteRunnerWorker.runSuite(SuiteRunnerWorker.java:53)
at org.testng.SuiteRunnerWorker.run(SuiteRunnerWorker.java:96)
at org.testng.TestNG.runSuitesSequentially(TestNG.java:1212)
at org.testng.TestNG.runSuitesLocally(TestNG.java:1134)
at org.testng.TestNG.runSuites(TestNG.java:1063)
at org.testng.TestNG.run(TestNG.java:1031)
at org.testng.remote.AbstractRemoteTestNG.run(AbstractRemoteTestNG.java:115)
at org.testng.remote.RemoteTestNG.initAndRun(RemoteTestNG.java:251)
at org.testng.remote.RemoteTestNG.main(RemoteTestNG.java:77)
]]>
    </failure>
  </testcase> <!-- Testcase_RowCount_validation -->
  <system-out>
    <![CDATA[Executing Snowflake query :: SELECT count(*) as TOTAL FROM DEV_ENT_RAW.ST_HENDERSON_MATILLION.NONJOBAPPOINTMENT
Snowflake - SQLException at readDB() method :: SQL compilation error:
Object 'DEV_ENT_RAW.ST_HENDERSON_MATILLION.NONJOBAPPOINTMENT' does not exist or not authorized.
Executing Snowflake query :: select count(*) as TOTAL from CURATED_DATAMART.ST_BKP_HENDERSON.STR_NONJOBAPPOINTMENT Where ACTIVE_FLAG='Y'
Table Count in Snowflake:: 26652
Executing Snowflake query :: select count(*) as TOTAL from DEV_ENT_CURATED.MASTER_DIMENSIONS.DIM_NONJOBAPPOINTMENT where tenant_type='HENDERSON' and RECORD_UPDATED_BY='Backup Table'
Table Count in Snowflake:: 26402
Row Count of Table NONJOBAPPOINTMENT is not matched for RAW :: 0 DataMart :: 26652 CURATED :: 26402]]>
  </system-out>
  <testcase classname="testcases.RAW_DATAMART_CURATED.SnowFlake_RowCount_Master" name="Testcase_RowCount_validation" time="1.941">
    <failure message="The following asserts failed:
	null" type="java.lang.AssertionError">
      <![CDATA[java.lang.AssertionError: The following asserts failed:
null
at org.testng.asserts.SoftAssert.assertAll(SoftAssert.java:47)
at org.testng.asserts.SoftAssert.assertAll(SoftAssert.java:31)
at testcases.RAW_DATAMART_CURATED.SnowFlake_RowCount_Master.validate_RowCount_API(SnowFlake_RowCount_Master.java:115)
at testcases.RAW_DATAMART_CURATED.SnowFlake_RowCount_Master.Testcase_RowCount_validation(SnowFlake_RowCount_Master.java:28)
at jdk.internal.reflect.GeneratedMethodAccessor13.invoke(Unknown Source)
at java.base/jdk.internal.reflect.DelegatingMethodAccessorImpl.invoke(DelegatingMethodAccessorImpl.java:43)
at java.base/java.lang.reflect.Method.invoke(Method.java:568)
at org.testng.internal.MethodInvocationHelper.invokeMethod(MethodInvocationHelper.java:133)
at org.testng.internal.TestInvoker.invokeMethod(TestInvoker.java:598)
at org.testng.internal.TestInvoker.invokeTestMethod(TestInvoker.java:173)
at org.testng.internal.MethodRunner.runInSequence(MethodRunner.java:46)
at org.testng.internal.TestInvoker$MethodInvocationAgent.invoke(TestInvoker.java:824)
at org.testng.internal.TestInvoker.invokeTestMethods(TestInvoker.java:146)
at org.testng.internal.TestMethodWorker.invokeTestMethods(TestMethodWorker.java:146)
at org.testng.internal.TestMethodWorker.run(TestMethodWorker.java:128)
at java.base/java.util.ArrayList.forEach(ArrayList.java:1511)
at org.testng.TestRunner.privateRun(TestRunner.java:794)
at org.testng.TestRunner.run(TestRunner.java:596)
at org.testng.SuiteRunner.runTest(SuiteRunner.java:377)
at org.testng.SuiteRunner.runSequentially(SuiteRunner.java:371)
at org.testng.SuiteRunner.privateRun(SuiteRunner.java:332)
at org.testng.SuiteRunner.run(SuiteRunner.java:276)
at org.testng.SuiteRunnerWorker.runSuite(SuiteRunnerWorker.java:53)
at org.testng.SuiteRunnerWorker.run(SuiteRunnerWorker.java:96)
at org.testng.TestNG.runSuitesSequentially(TestNG.java:1212)
at org.testng.TestNG.runSuitesLocally(TestNG.java:1134)
at org.testng.TestNG.runSuites(TestNG.java:1063)
at org.testng.TestNG.run(TestNG.java:1031)
at org.testng.remote.AbstractRemoteTestNG.run(AbstractRemoteTestNG.java:115)
at org.testng.remote.RemoteTestNG.initAndRun(RemoteTestNG.java:251)
at org.testng.remote.RemoteTestNG.main(RemoteTestNG.java:77)
]]>
    </failure>
  </testcase> <!-- Testcase_RowCount_validation -->
  <system-out>
    <![CDATA[Executing Snowflake query :: SELECT count(*) as TOTAL FROM DEV_ENT_RAW.API_MAT.ST_API_CATEGORY WHERE TENANT_NAME='SNELLHEATINGAIR'
Table Count in Snowflake:: 186
Executing Snowflake query :: select count(*) as TOTAL from CURATED_DATAMART.ST_API_SNELLHEATINGAIR.STR_API_CATEGORY WHERE ACTIVE_FLAG='Y'
Table Count in Snowflake:: 186
Executing Snowflake query :: select count(*) as TOTAL from DEV_ENT_CURATED.MASTER_DIMENSIONS.DIM_CATEGORY WHERE TENANT_TYPE='SNELLHEATINGAIR' and RECORD_UPDATED_BY='API ETL'
Table Count in Snowflake:: 0
Row Count of Table CATEGORY is matched for APIMAT :: 186 DataMart :: 186
Executing Snowflake query :: select count(*) as TOTAL from DEV_ENT_CURATED.MASTER_DIMENSIONS.DIM_CATEGORY WHERE TENANT_TYPE='SNELLHEATINGAIR' and RECORD_UPDATED_BY='Backup Table' AND ID in (select ID from CURATED_DATAMART.ST_API_SNELLHEATINGAIR.STR_API_CATEGORY WHERE ACTIVE_FLAG='Y')
Table Count in Snowflake:: 179
Row Count of Table CATEGORY is not matched for DataMart :: 186 CURATED :: 179]]>
  </system-out>
  <testcase classname="testcases.RAW_DATAMART_CURATED.SnowFlake_RowCount_Master" name="Testcase_RowCount_validation" time="2.144">
    <failure message="The following asserts failed:
	null" type="java.lang.AssertionError">
      <![CDATA[java.lang.AssertionError: The following asserts failed:
null
at org.testng.asserts.SoftAssert.assertAll(SoftAssert.java:47)
at org.testng.asserts.SoftAssert.assertAll(SoftAssert.java:31)
at testcases.RAW_DATAMART_CURATED.SnowFlake_RowCount_Master.validate_RowCount_BKP(SnowFlake_RowCount_Master.java:56)
at testcases.RAW_DATAMART_CURATED.SnowFlake_RowCount_Master.Testcase_RowCount_validation(SnowFlake_RowCount_Master.java:25)
at jdk.internal.reflect.GeneratedMethodAccessor13.invoke(Unknown Source)
at java.base/jdk.internal.reflect.DelegatingMethodAccessorImpl.invoke(DelegatingMethodAccessorImpl.java:43)
at java.base/java.lang.reflect.Method.invoke(Method.java:568)
at org.testng.internal.MethodInvocationHelper.invokeMethod(MethodInvocationHelper.java:133)
at org.testng.internal.TestInvoker.invokeMethod(TestInvoker.java:598)
at org.testng.internal.TestInvoker.invokeTestMethod(TestInvoker.java:173)
at org.testng.internal.MethodRunner.runInSequence(MethodRunner.java:46)
at org.testng.internal.TestInvoker$MethodInvocationAgent.invoke(TestInvoker.java:824)
at org.testng.internal.TestInvoker.invokeTestMethods(TestInvoker.java:146)
at org.testng.internal.TestMethodWorker.invokeTestMethods(TestMethodWorker.java:146)
at org.testng.internal.TestMethodWorker.run(TestMethodWorker.java:128)
at java.base/java.util.ArrayList.forEach(ArrayList.java:1511)
at org.testng.TestRunner.privateRun(TestRunner.java:794)
at org.testng.TestRunner.run(TestRunner.java:596)
at org.testng.SuiteRunner.runTest(SuiteRunner.java:377)
at org.testng.SuiteRunner.runSequentially(SuiteRunner.java:371)
at org.testng.SuiteRunner.privateRun(SuiteRunner.java:332)
at org.testng.SuiteRunner.run(SuiteRunner.java:276)
at org.testng.SuiteRunnerWorker.runSuite(SuiteRunnerWorker.java:53)
at org.testng.SuiteRunnerWorker.run(SuiteRunnerWorker.java:96)
at org.testng.TestNG.runSuitesSequentially(TestNG.java:1212)
at org.testng.TestNG.runSuitesLocally(TestNG.java:1134)
at org.testng.TestNG.runSuites(TestNG.java:1063)
at org.testng.TestNG.run(TestNG.java:1031)
at org.testng.remote.AbstractRemoteTestNG.run(AbstractRemoteTestNG.java:115)
at org.testng.remote.RemoteTestNG.initAndRun(RemoteTestNG.java:251)
at org.testng.remote.RemoteTestNG.main(RemoteTestNG.java:77)
]]>
    </failure>
  </testcase> <!-- Testcase_RowCount_validation -->
  <system-out>
    <![CDATA[Executing Snowflake query :: SELECT count(*) as TOTAL FROM DEV_ENT_RAW.ST_HORIZONSERVICES_MATILLION.ESTIMATE
Table Count in Snowflake:: 868045
Executing Snowflake query :: select count(*) as TOTAL from CURATED_DATAMART.ST_BKP_HORIZONSERVICES.STR_ESTIMATE Where ACTIVE_FLAG='Y'
Table Count in Snowflake:: 865391
Executing Snowflake query :: select count(*) as TOTAL from DEV_ENT_CURATED.MASTER_DIMENSIONS.DIM_ESTIMATE where tenant_type='HORIZONSERVICES' and RECORD_UPDATED_BY='Backup Table'
Table Count in Snowflake:: 859472
Row Count of Table ESTIMATE is not matched for RAW :: 868045 DataMart :: 865391 CURATED :: 859472]]>
  </system-out>
  <testcase classname="testcases.RAW_DATAMART_CURATED.SnowFlake_RowCount_Master" name="Testcase_RowCount_validation" time="2.350">
    <failure message="The following asserts failed:
	null" type="java.lang.AssertionError">
      <![CDATA[java.lang.AssertionError: The following asserts failed:
null
at org.testng.asserts.SoftAssert.assertAll(SoftAssert.java:47)
at org.testng.asserts.SoftAssert.assertAll(SoftAssert.java:31)
at testcases.RAW_DATAMART_CURATED.SnowFlake_RowCount_Master.validate_RowCount_BKP(SnowFlake_RowCount_Master.java:56)
at testcases.RAW_DATAMART_CURATED.SnowFlake_RowCount_Master.Testcase_RowCount_validation(SnowFlake_RowCount_Master.java:25)
at jdk.internal.reflect.GeneratedMethodAccessor13.invoke(Unknown Source)
at java.base/jdk.internal.reflect.DelegatingMethodAccessorImpl.invoke(DelegatingMethodAccessorImpl.java:43)
at java.base/java.lang.reflect.Method.invoke(Method.java:568)
at org.testng.internal.MethodInvocationHelper.invokeMethod(MethodInvocationHelper.java:133)
at org.testng.internal.TestInvoker.invokeMethod(TestInvoker.java:598)
at org.testng.internal.TestInvoker.invokeTestMethod(TestInvoker.java:173)
at org.testng.internal.MethodRunner.runInSequence(MethodRunner.java:46)
at org.testng.internal.TestInvoker$MethodInvocationAgent.invoke(TestInvoker.java:824)
at org.testng.internal.TestInvoker.invokeTestMethods(TestInvoker.java:146)
at org.testng.internal.TestMethodWorker.invokeTestMethods(TestMethodWorker.java:146)
at org.testng.internal.TestMethodWorker.run(TestMethodWorker.java:128)
at java.base/java.util.ArrayList.forEach(ArrayList.java:1511)
at org.testng.TestRunner.privateRun(TestRunner.java:794)
at org.testng.TestRunner.run(TestRunner.java:596)
at org.testng.SuiteRunner.runTest(SuiteRunner.java:377)
at org.testng.SuiteRunner.runSequentially(SuiteRunner.java:371)
at org.testng.SuiteRunner.privateRun(SuiteRunner.java:332)
at org.testng.SuiteRunner.run(SuiteRunner.java:276)
at org.testng.SuiteRunnerWorker.runSuite(SuiteRunnerWorker.java:53)
at org.testng.SuiteRunnerWorker.run(SuiteRunnerWorker.java:96)
at org.testng.TestNG.runSuitesSequentially(TestNG.java:1212)
at org.testng.TestNG.runSuitesLocally(TestNG.java:1134)
at org.testng.TestNG.runSuites(TestNG.java:1063)
at org.testng.TestNG.run(TestNG.java:1031)
at org.testng.remote.AbstractRemoteTestNG.run(AbstractRemoteTestNG.java:115)
at org.testng.remote.RemoteTestNG.initAndRun(RemoteTestNG.java:251)
at org.testng.remote.RemoteTestNG.main(RemoteTestNG.java:77)
]]>
    </failure>
  </testcase> <!-- Testcase_RowCount_validation -->
  <system-out>
    <![CDATA[Executing Snowflake query :: SELECT count(*) as TOTAL FROM DEV_ENT_RAW.ST_CASTEEL_MATILLION.TIMESHEETCODE
Table Count in Snowflake:: 16
Executing Snowflake query :: select count(*) as TOTAL from CURATED_DATAMART.ST_BKP_CASTEEL.STR_TIMESHEETCODE Where ACTIVE_FLAG='Y'
Table Count in Snowflake:: 16
Executing Snowflake query :: select count(*) as TOTAL from DEV_ENT_CURATED.MASTER_DIMENSIONS.DIM_TIMESHEETCODE where tenant_type='CASTEEL' and RECORD_UPDATED_BY='Backup Table'
Table Count in Snowflake:: 15
Row Count of Table TIMESHEETCODE is not matched for RAW :: 16 DataMart :: 16 CURATED :: 15]]>
  </system-out>
  <testcase classname="testcases.RAW_DATAMART_CURATED.SnowFlake_RowCount_Master" name="Testcase_RowCount_validation" time="1.738">
    <failure message="The following asserts failed:
	null,
	null,
	null" type="java.lang.AssertionError">
      <![CDATA[java.lang.AssertionError: The following asserts failed:
null,
null,
null
at org.testng.asserts.SoftAssert.assertAll(SoftAssert.java:47)
at org.testng.asserts.SoftAssert.assertAll(SoftAssert.java:31)
at testcases.RAW_DATAMART_CURATED.SnowFlake_RowCount_Master.validate_RowCount_BKP(SnowFlake_RowCount_Master.java:56)
at testcases.RAW_DATAMART_CURATED.SnowFlake_RowCount_Master.Testcase_RowCount_validation(SnowFlake_RowCount_Master.java:25)
at jdk.internal.reflect.GeneratedMethodAccessor13.invoke(Unknown Source)
at java.base/jdk.internal.reflect.DelegatingMethodAccessorImpl.invoke(DelegatingMethodAccessorImpl.java:43)
at java.base/java.lang.reflect.Method.invoke(Method.java:568)
at org.testng.internal.MethodInvocationHelper.invokeMethod(MethodInvocationHelper.java:133)
at org.testng.internal.TestInvoker.invokeMethod(TestInvoker.java:598)
at org.testng.internal.TestInvoker.invokeTestMethod(TestInvoker.java:173)
at org.testng.internal.MethodRunner.runInSequence(MethodRunner.java:46)
at org.testng.internal.TestInvoker$MethodInvocationAgent.invoke(TestInvoker.java:824)
at org.testng.internal.TestInvoker.invokeTestMethods(TestInvoker.java:146)
at org.testng.internal.TestMethodWorker.invokeTestMethods(TestMethodWorker.java:146)
at org.testng.internal.TestMethodWorker.run(TestMethodWorker.java:128)
at java.base/java.util.ArrayList.forEach(ArrayList.java:1511)
at org.testng.TestRunner.privateRun(TestRunner.java:794)
at org.testng.TestRunner.run(TestRunner.java:596)
at org.testng.SuiteRunner.runTest(SuiteRunner.java:377)
at org.testng.SuiteRunner.runSequentially(SuiteRunner.java:371)
at org.testng.SuiteRunner.privateRun(SuiteRunner.java:332)
at org.testng.SuiteRunner.run(SuiteRunner.java:276)
at org.testng.SuiteRunnerWorker.runSuite(SuiteRunnerWorker.java:53)
at org.testng.SuiteRunnerWorker.run(SuiteRunnerWorker.java:96)
at org.testng.TestNG.runSuitesSequentially(TestNG.java:1212)
at org.testng.TestNG.runSuitesLocally(TestNG.java:1134)
at org.testng.TestNG.runSuites(TestNG.java:1063)
at org.testng.TestNG.run(TestNG.java:1031)
at org.testng.remote.AbstractRemoteTestNG.run(AbstractRemoteTestNG.java:115)
at org.testng.remote.RemoteTestNG.initAndRun(RemoteTestNG.java:251)
at org.testng.remote.RemoteTestNG.main(RemoteTestNG.java:77)
]]>
    </failure>
  </testcase> <!-- Testcase_RowCount_validation -->
  <system-out>
    <![CDATA[Executing Snowflake query :: SELECT count(*) as TOTAL FROM DEV_ENT_RAW.ST_HDAIR_MATILLION.TECHNICIANPAYROLL
Snowflake - SQLException at readDB() method :: SQL compilation error:
Object 'DEV_ENT_RAW.ST_HDAIR_MATILLION.TECHNICIANPAYROLL' does not exist or not authorized.
Executing Snowflake query :: select count(*) as TOTAL from CURATED_DATAMART.ST_BKP_HDAIR.STR_TECHNICIANPAYROLL Where ACTIVE_FLAG='Y'
Table Count in Snowflake:: 3540
Executing Snowflake query :: select count(*) as TOTAL from DEV_ENT_CURATED.MASTER_DIMENSIONS.DIM_TECHNICIANPAYROLL where tenant_type='HDAIR' and RECORD_UPDATED_BY='Backup Table'
Snowflake - SQLException at readDB() method :: SQL compilation error: error line 1 at position 116
invalid identifier 'RECORD_UPDATED_BY'
Row Count of Table TECHNICIANPAYROLL is not matched for RAW :: 0 DataMart :: 3540 CURATED :: 0]]>
  </system-out>
  <testcase classname="testcases.RAW_DATAMART_CURATED.SnowFlake_RowCount_Master" name="Testcase_RowCount_validation" time="1.639">
    <failure message="The following asserts failed:
	null" type="java.lang.AssertionError">
      <![CDATA[java.lang.AssertionError: The following asserts failed:
null
at org.testng.asserts.SoftAssert.assertAll(SoftAssert.java:47)
at org.testng.asserts.SoftAssert.assertAll(SoftAssert.java:31)
at testcases.RAW_DATAMART_CURATED.SnowFlake_RowCount_Master.validate_RowCount_BKP(SnowFlake_RowCount_Master.java:56)
at testcases.RAW_DATAMART_CURATED.SnowFlake_RowCount_Master.Testcase_RowCount_validation(SnowFlake_RowCount_Master.java:25)
at jdk.internal.reflect.GeneratedMethodAccessor13.invoke(Unknown Source)
at java.base/jdk.internal.reflect.DelegatingMethodAccessorImpl.invoke(DelegatingMethodAccessorImpl.java:43)
at java.base/java.lang.reflect.Method.invoke(Method.java:568)
at org.testng.internal.MethodInvocationHelper.invokeMethod(MethodInvocationHelper.java:133)
at org.testng.internal.TestInvoker.invokeMethod(TestInvoker.java:598)
at org.testng.internal.TestInvoker.invokeTestMethod(TestInvoker.java:173)
at org.testng.internal.MethodRunner.runInSequence(MethodRunner.java:46)
at org.testng.internal.TestInvoker$MethodInvocationAgent.invoke(TestInvoker.java:824)
at org.testng.internal.TestInvoker.invokeTestMethods(TestInvoker.java:146)
at org.testng.internal.TestMethodWorker.invokeTestMethods(TestMethodWorker.java:146)
at org.testng.internal.TestMethodWorker.run(TestMethodWorker.java:128)
at java.base/java.util.ArrayList.forEach(ArrayList.java:1511)
at org.testng.TestRunner.privateRun(TestRunner.java:794)
at org.testng.TestRunner.run(TestRunner.java:596)
at org.testng.SuiteRunner.runTest(SuiteRunner.java:377)
at org.testng.SuiteRunner.runSequentially(SuiteRunner.java:371)
at org.testng.SuiteRunner.privateRun(SuiteRunner.java:332)
at org.testng.SuiteRunner.run(SuiteRunner.java:276)
at org.testng.SuiteRunnerWorker.runSuite(SuiteRunnerWorker.java:53)
at org.testng.SuiteRunnerWorker.run(SuiteRunnerWorker.java:96)
at org.testng.TestNG.runSuitesSequentially(TestNG.java:1212)
at org.testng.TestNG.runSuitesLocally(TestNG.java:1134)
at org.testng.TestNG.runSuites(TestNG.java:1063)
at org.testng.TestNG.run(TestNG.java:1031)
at org.testng.remote.AbstractRemoteTestNG.run(AbstractRemoteTestNG.java:115)
at org.testng.remote.RemoteTestNG.initAndRun(RemoteTestNG.java:251)
at org.testng.remote.RemoteTestNG.main(RemoteTestNG.java:77)
]]>
    </failure>
  </testcase> <!-- Testcase_RowCount_validation -->
  <system-out>
    <![CDATA[Executing Snowflake query :: SELECT count(*) as TOTAL FROM DEV_ENT_RAW.ST_SNELLHEATINGAIR_MATILLION.TECHNICIANPAYROLLADJUSTMENT
Table Count in Snowflake:: 0
Executing Snowflake query :: select count(*) as TOTAL from CURATED_DATAMART.ST_BKP_SNELLHEATINGAIR.STR_TECHNICIANPAYROLLADJUSTMENT Where ACTIVE_FLAG='Y'
Table Count in Snowflake:: 0
Executing Snowflake query :: select count(*) as TOTAL from DEV_ENT_CURATED.MASTER_DIMENSIONS.DIM_TECHNICIANPAYROLLADJUSTMENT where tenant_type='SNELLHEATINGAIR' and RECORD_UPDATED_BY='Backup Table'
Snowflake - SQLException at readDB() method :: SQL compilation error: error line 1 at position 136
invalid identifier 'RECORD_UPDATED_BY'
Row Count of Table TECHNICIANPAYROLLADJUSTMENT is matched for RAW :: 0 DataMart :: 0 CURATED :: 0]]>
  </system-out>
  <testcase classname="testcases.RAW_DATAMART_CURATED.SnowFlake_RowCount_Master" name="Testcase_RowCount_validation" time="2.147">
    <failure message="The following asserts failed:
	null" type="java.lang.AssertionError">
      <![CDATA[java.lang.AssertionError: The following asserts failed:
null
at org.testng.asserts.SoftAssert.assertAll(SoftAssert.java:47)
at org.testng.asserts.SoftAssert.assertAll(SoftAssert.java:31)
at testcases.RAW_DATAMART_CURATED.SnowFlake_RowCount_Master.validate_RowCount_BKP(SnowFlake_RowCount_Master.java:56)
at testcases.RAW_DATAMART_CURATED.SnowFlake_RowCount_Master.Testcase_RowCount_validation(SnowFlake_RowCount_Master.java:25)
at jdk.internal.reflect.GeneratedMethodAccessor13.invoke(Unknown Source)
at java.base/jdk.internal.reflect.DelegatingMethodAccessorImpl.invoke(DelegatingMethodAccessorImpl.java:43)
at java.base/java.lang.reflect.Method.invoke(Method.java:568)
at org.testng.internal.MethodInvocationHelper.invokeMethod(MethodInvocationHelper.java:133)
at org.testng.internal.TestInvoker.invokeMethod(TestInvoker.java:598)
at org.testng.internal.TestInvoker.invokeTestMethod(TestInvoker.java:173)
at org.testng.internal.MethodRunner.runInSequence(MethodRunner.java:46)
at org.testng.internal.TestInvoker$MethodInvocationAgent.invoke(TestInvoker.java:824)
at org.testng.internal.TestInvoker.invokeTestMethods(TestInvoker.java:146)
at org.testng.internal.TestMethodWorker.invokeTestMethods(TestMethodWorker.java:146)
at org.testng.internal.TestMethodWorker.run(TestMethodWorker.java:128)
at java.base/java.util.ArrayList.forEach(ArrayList.java:1511)
at org.testng.TestRunner.privateRun(TestRunner.java:794)
at org.testng.TestRunner.run(TestRunner.java:596)
at org.testng.SuiteRunner.runTest(SuiteRunner.java:377)
at org.testng.SuiteRunner.runSequentially(SuiteRunner.java:371)
at org.testng.SuiteRunner.privateRun(SuiteRunner.java:332)
at org.testng.SuiteRunner.run(SuiteRunner.java:276)
at org.testng.SuiteRunnerWorker.runSuite(SuiteRunnerWorker.java:53)
at org.testng.SuiteRunnerWorker.run(SuiteRunnerWorker.java:96)
at org.testng.TestNG.runSuitesSequentially(TestNG.java:1212)
at org.testng.TestNG.runSuitesLocally(TestNG.java:1134)
at org.testng.TestNG.runSuites(TestNG.java:1063)
at org.testng.TestNG.run(TestNG.java:1031)
at org.testng.remote.AbstractRemoteTestNG.run(AbstractRemoteTestNG.java:115)
at org.testng.remote.RemoteTestNG.initAndRun(RemoteTestNG.java:251)
at org.testng.remote.RemoteTestNG.main(RemoteTestNG.java:77)
]]>
    </failure>
  </testcase> <!-- Testcase_RowCount_validation -->
  <system-out>
    <![CDATA[Executing Snowflake query :: SELECT count(*) as TOTAL FROM DEV_ENT_RAW.ST_SNELLHEATINGAIR_MATILLION.OPPORTUNITY
Table Count in Snowflake:: 234908
Executing Snowflake query :: select count(*) as TOTAL from CURATED_DATAMART.ST_BKP_SNELLHEATINGAIR.STR_OPPORTUNITY Where ACTIVE_FLAG='Y'
Table Count in Snowflake:: 234924
Executing Snowflake query :: select count(*) as TOTAL from DEV_ENT_CURATED.MASTER_DIMENSIONS.DIM_OPPORTUNITY where tenant_type='SNELLHEATINGAIR' and RECORD_UPDATED_BY='Backup Table'
Table Count in Snowflake:: 234922
Row Count of Table OPPORTUNITY is not matched for RAW :: 234908 DataMart :: 234924 CURATED :: 234922]]>
  </system-out>
  <testcase classname="testcases.RAW_DATAMART_CURATED.SnowFlake_RowCount_Master" name="Testcase_RowCount_validation" time="1.732">
    <failure message="The following asserts failed:
	null" type="java.lang.AssertionError">
      <![CDATA[java.lang.AssertionError: The following asserts failed:
null
at org.testng.asserts.SoftAssert.assertAll(SoftAssert.java:47)
at org.testng.asserts.SoftAssert.assertAll(SoftAssert.java:31)
at testcases.RAW_DATAMART_CURATED.SnowFlake_RowCount_Master.validate_RowCount_BKP(SnowFlake_RowCount_Master.java:56)
at testcases.RAW_DATAMART_CURATED.SnowFlake_RowCount_Master.Testcase_RowCount_validation(SnowFlake_RowCount_Master.java:25)
at jdk.internal.reflect.GeneratedMethodAccessor13.invoke(Unknown Source)
at java.base/jdk.internal.reflect.DelegatingMethodAccessorImpl.invoke(DelegatingMethodAccessorImpl.java:43)
at java.base/java.lang.reflect.Method.invoke(Method.java:568)
at org.testng.internal.MethodInvocationHelper.invokeMethod(MethodInvocationHelper.java:133)
at org.testng.internal.TestInvoker.invokeMethod(TestInvoker.java:598)
at org.testng.internal.TestInvoker.invokeTestMethod(TestInvoker.java:173)
at org.testng.internal.MethodRunner.runInSequence(MethodRunner.java:46)
at org.testng.internal.TestInvoker$MethodInvocationAgent.invoke(TestInvoker.java:824)
at org.testng.internal.TestInvoker.invokeTestMethods(TestInvoker.java:146)
at org.testng.internal.TestMethodWorker.invokeTestMethods(TestMethodWorker.java:146)
at org.testng.internal.TestMethodWorker.run(TestMethodWorker.java:128)
at java.base/java.util.ArrayList.forEach(ArrayList.java:1511)
at org.testng.TestRunner.privateRun(TestRunner.java:794)
at org.testng.TestRunner.run(TestRunner.java:596)
at org.testng.SuiteRunner.runTest(SuiteRunner.java:377)
at org.testng.SuiteRunner.runSequentially(SuiteRunner.java:371)
at org.testng.SuiteRunner.privateRun(SuiteRunner.java:332)
at org.testng.SuiteRunner.run(SuiteRunner.java:276)
at org.testng.SuiteRunnerWorker.runSuite(SuiteRunnerWorker.java:53)
at org.testng.SuiteRunnerWorker.run(SuiteRunnerWorker.java:96)
at org.testng.TestNG.runSuitesSequentially(TestNG.java:1212)
at org.testng.TestNG.runSuitesLocally(TestNG.java:1134)
at org.testng.TestNG.runSuites(TestNG.java:1063)
at org.testng.TestNG.run(TestNG.java:1031)
at org.testng.remote.AbstractRemoteTestNG.run(AbstractRemoteTestNG.java:115)
at org.testng.remote.RemoteTestNG.initAndRun(RemoteTestNG.java:251)
at org.testng.remote.RemoteTestNG.main(RemoteTestNG.java:77)
]]>
    </failure>
  </testcase> <!-- Testcase_RowCount_validation -->
  <system-out>
    <![CDATA[Executing Snowflake query :: SELECT count(*) as TOTAL FROM DEV_ENT_RAW.ST_SNELLHEATINGAIR_MATILLION.PAYMENT
Table Count in Snowflake:: 274488
Executing Snowflake query :: select count(*) as TOTAL from CURATED_DATAMART.ST_BKP_SNELLHEATINGAIR.STR_PAYMENT Where ACTIVE_FLAG='Y'
Table Count in Snowflake:: 274144
Executing Snowflake query :: select count(*) as TOTAL from DEV_ENT_CURATED.MASTER_DIMENSIONS.DIM_PAYMENT where tenant_type='SNELLHEATINGAIR' and RECORD_UPDATED_BY='Backup Table'
Table Count in Snowflake:: 270274
Row Count of Table PAYMENT is not matched for RAW :: 274488 DataMart :: 274144 CURATED :: 270274]]>
  </system-out>
  <testcase classname="testcases.RAW_DATAMART_CURATED.SnowFlake_RowCount_Master" name="Testcase_RowCount_validation" time="9.744">
    <failure message="The following asserts failed:
	null" type="java.lang.AssertionError">
      <![CDATA[java.lang.AssertionError: The following asserts failed:
null
at org.testng.asserts.SoftAssert.assertAll(SoftAssert.java:47)
at org.testng.asserts.SoftAssert.assertAll(SoftAssert.java:31)
at testcases.RAW_DATAMART_CURATED.SnowFlake_RowCount_Master.validate_RowCount_BKP(SnowFlake_RowCount_Master.java:56)
at testcases.RAW_DATAMART_CURATED.SnowFlake_RowCount_Master.Testcase_RowCount_validation(SnowFlake_RowCount_Master.java:25)
at jdk.internal.reflect.GeneratedMethodAccessor13.invoke(Unknown Source)
at java.base/jdk.internal.reflect.DelegatingMethodAccessorImpl.invoke(DelegatingMethodAccessorImpl.java:43)
at java.base/java.lang.reflect.Method.invoke(Method.java:568)
at org.testng.internal.MethodInvocationHelper.invokeMethod(MethodInvocationHelper.java:133)
at org.testng.internal.TestInvoker.invokeMethod(TestInvoker.java:598)
at org.testng.internal.TestInvoker.invokeTestMethod(TestInvoker.java:173)
at org.testng.internal.MethodRunner.runInSequence(MethodRunner.java:46)
at org.testng.internal.TestInvoker$MethodInvocationAgent.invoke(TestInvoker.java:824)
at org.testng.internal.TestInvoker.invokeTestMethods(TestInvoker.java:146)
at org.testng.internal.TestMethodWorker.invokeTestMethods(TestMethodWorker.java:146)
at org.testng.internal.TestMethodWorker.run(TestMethodWorker.java:128)
at java.base/java.util.ArrayList.forEach(ArrayList.java:1511)
at org.testng.TestRunner.privateRun(TestRunner.java:794)
at org.testng.TestRunner.run(TestRunner.java:596)
at org.testng.SuiteRunner.runTest(SuiteRunner.java:377)
at org.testng.SuiteRunner.runSequentially(SuiteRunner.java:371)
at org.testng.SuiteRunner.privateRun(SuiteRunner.java:332)
at org.testng.SuiteRunner.run(SuiteRunner.java:276)
at org.testng.SuiteRunnerWorker.runSuite(SuiteRunnerWorker.java:53)
at org.testng.SuiteRunnerWorker.run(SuiteRunnerWorker.java:96)
at org.testng.TestNG.runSuitesSequentially(TestNG.java:1212)
at org.testng.TestNG.runSuitesLocally(TestNG.java:1134)
at org.testng.TestNG.runSuites(TestNG.java:1063)
at org.testng.TestNG.run(TestNG.java:1031)
at org.testng.remote.AbstractRemoteTestNG.run(AbstractRemoteTestNG.java:115)
at org.testng.remote.RemoteTestNG.initAndRun(RemoteTestNG.java:251)
at org.testng.remote.RemoteTestNG.main(RemoteTestNG.java:77)
]]>
    </failure>
  </testcase> <!-- Testcase_RowCount_validation -->
  <system-out>
    <![CDATA[Executing Snowflake query :: SELECT count(*) as TOTAL FROM DEV_ENT_RAW.ST_HORIZONSERVICES_MATILLION.PAYMENTTERM
Table Count in Snowflake:: 1
Executing Snowflake query :: select count(*) as TOTAL from CURATED_DATAMART.ST_BKP_HORIZONSERVICES.STR_PAYMENTTERM Where ACTIVE_FLAG='Y'
Table Count in Snowflake:: 6
Executing Snowflake query :: select count(*) as TOTAL from DEV_ENT_CURATED.MASTER_DIMENSIONS.DIM_PAYMENTTERM where tenant_type='HORIZONSERVICES' and RECORD_UPDATED_BY='Backup Table'
Table Count in Snowflake:: 0
Row Count of Table PAYMENTTERM is not matched for RAW :: 1 DataMart :: 6 CURATED :: 0]]>
  </system-out>
  <testcase classname="testcases.RAW_DATAMART_CURATED.SnowFlake_RowCount_Master" name="Testcase_RowCount_validation" time="2.038">
    <failure message="The following asserts failed:
	null" type="java.lang.AssertionError">
      <![CDATA[java.lang.AssertionError: The following asserts failed:
null
at org.testng.asserts.SoftAssert.assertAll(SoftAssert.java:47)
at org.testng.asserts.SoftAssert.assertAll(SoftAssert.java:31)
at testcases.RAW_DATAMART_CURATED.SnowFlake_RowCount_Master.validate_RowCount_BKP(SnowFlake_RowCount_Master.java:56)
at testcases.RAW_DATAMART_CURATED.SnowFlake_RowCount_Master.Testcase_RowCount_validation(SnowFlake_RowCount_Master.java:25)
at jdk.internal.reflect.GeneratedMethodAccessor13.invoke(Unknown Source)
at java.base/jdk.internal.reflect.DelegatingMethodAccessorImpl.invoke(DelegatingMethodAccessorImpl.java:43)
at java.base/java.lang.reflect.Method.invoke(Method.java:568)
at org.testng.internal.MethodInvocationHelper.invokeMethod(MethodInvocationHelper.java:133)
at org.testng.internal.TestInvoker.invokeMethod(TestInvoker.java:598)
at org.testng.internal.TestInvoker.invokeTestMethod(TestInvoker.java:173)
at org.testng.internal.MethodRunner.runInSequence(MethodRunner.java:46)
at org.testng.internal.TestInvoker$MethodInvocationAgent.invoke(TestInvoker.java:824)
at org.testng.internal.TestInvoker.invokeTestMethods(TestInvoker.java:146)
at org.testng.internal.TestMethodWorker.invokeTestMethods(TestMethodWorker.java:146)
at org.testng.internal.TestMethodWorker.run(TestMethodWorker.java:128)
at java.base/java.util.ArrayList.forEach(ArrayList.java:1511)
at org.testng.TestRunner.privateRun(TestRunner.java:794)
at org.testng.TestRunner.run(TestRunner.java:596)
at org.testng.SuiteRunner.runTest(SuiteRunner.java:377)
at org.testng.SuiteRunner.runSequentially(SuiteRunner.java:371)
at org.testng.SuiteRunner.privateRun(SuiteRunner.java:332)
at org.testng.SuiteRunner.run(SuiteRunner.java:276)
at org.testng.SuiteRunnerWorker.runSuite(SuiteRunnerWorker.java:53)
at org.testng.SuiteRunnerWorker.run(SuiteRunnerWorker.java:96)
at org.testng.TestNG.runSuitesSequentially(TestNG.java:1212)
at org.testng.TestNG.runSuitesLocally(TestNG.java:1134)
at org.testng.TestNG.runSuites(TestNG.java:1063)
at org.testng.TestNG.run(TestNG.java:1031)
at org.testng.remote.AbstractRemoteTestNG.run(AbstractRemoteTestNG.java:115)
at org.testng.remote.RemoteTestNG.initAndRun(RemoteTestNG.java:251)
at org.testng.remote.RemoteTestNG.main(RemoteTestNG.java:77)
]]>
    </failure>
  </testcase> <!-- Testcase_RowCount_validation -->
  <system-out>
    <![CDATA[Executing Snowflake query :: SELECT count(*) as TOTAL FROM DEV_ENT_RAW.ST_HARP_MATILLION.JOBTYPE
Table Count in Snowflake:: 505
Executing Snowflake query :: select count(*) as TOTAL from CURATED_DATAMART.ST_BKP_HARP.STR_JOBTYPE Where ACTIVE_FLAG='Y'
Table Count in Snowflake:: 1010
Executing Snowflake query :: select count(*) as TOTAL from DEV_ENT_CURATED.MASTER_DIMENSIONS.DIM_JOBTYPE where tenant_type='HARP' and RECORD_UPDATED_BY='Backup Table'
Table Count in Snowflake:: 183
Row Count of Table JOBTYPE is not matched for RAW :: 505 DataMart :: 1010 CURATED :: 183]]>
  </system-out>
  <testcase classname="testcases.RAW_DATAMART_CURATED.SnowFlake_RowCount_Master" name="Testcase_RowCount_validation" time="2.350">
    <failure message="The following asserts failed:
	null" type="java.lang.AssertionError">
      <![CDATA[java.lang.AssertionError: The following asserts failed:
null
at org.testng.asserts.SoftAssert.assertAll(SoftAssert.java:47)
at org.testng.asserts.SoftAssert.assertAll(SoftAssert.java:31)
at testcases.RAW_DATAMART_CURATED.SnowFlake_RowCount_Master.validate_RowCount_BKP(SnowFlake_RowCount_Master.java:56)
at testcases.RAW_DATAMART_CURATED.SnowFlake_RowCount_Master.Testcase_RowCount_validation(SnowFlake_RowCount_Master.java:25)
at jdk.internal.reflect.GeneratedMethodAccessor13.invoke(Unknown Source)
at java.base/jdk.internal.reflect.DelegatingMethodAccessorImpl.invoke(DelegatingMethodAccessorImpl.java:43)
at java.base/java.lang.reflect.Method.invoke(Method.java:568)
at org.testng.internal.MethodInvocationHelper.invokeMethod(MethodInvocationHelper.java:133)
at org.testng.internal.TestInvoker.invokeMethod(TestInvoker.java:598)
at org.testng.internal.TestInvoker.invokeTestMethod(TestInvoker.java:173)
at org.testng.internal.MethodRunner.runInSequence(MethodRunner.java:46)
at org.testng.internal.TestInvoker$MethodInvocationAgent.invoke(TestInvoker.java:824)
at org.testng.internal.TestInvoker.invokeTestMethods(TestInvoker.java:146)
at org.testng.internal.TestMethodWorker.invokeTestMethods(TestMethodWorker.java:146)
at org.testng.internal.TestMethodWorker.run(TestMethodWorker.java:128)
at java.base/java.util.ArrayList.forEach(ArrayList.java:1511)
at org.testng.TestRunner.privateRun(TestRunner.java:794)
at org.testng.TestRunner.run(TestRunner.java:596)
at org.testng.SuiteRunner.runTest(SuiteRunner.java:377)
at org.testng.SuiteRunner.runSequentially(SuiteRunner.java:371)
at org.testng.SuiteRunner.privateRun(SuiteRunner.java:332)
at org.testng.SuiteRunner.run(SuiteRunner.java:276)
at org.testng.SuiteRunnerWorker.runSuite(SuiteRunnerWorker.java:53)
at org.testng.SuiteRunnerWorker.run(SuiteRunnerWorker.java:96)
at org.testng.TestNG.runSuitesSequentially(TestNG.java:1212)
at org.testng.TestNG.runSuitesLocally(TestNG.java:1134)
at org.testng.TestNG.runSuites(TestNG.java:1063)
at org.testng.TestNG.run(TestNG.java:1031)
at org.testng.remote.AbstractRemoteTestNG.run(AbstractRemoteTestNG.java:115)
at org.testng.remote.RemoteTestNG.initAndRun(RemoteTestNG.java:251)
at org.testng.remote.RemoteTestNG.main(RemoteTestNG.java:77)
]]>
    </failure>
  </testcase> <!-- Testcase_RowCount_validation -->
  <system-out>
    <![CDATA[Executing Snowflake query :: SELECT count(*) as TOTAL FROM DEV_ENT_RAW.ST_CASTEEL_MATILLION.BUSINESSUNIT
Table Count in Snowflake:: 79
Executing Snowflake query :: select count(*) as TOTAL from CURATED_DATAMART.ST_BKP_CASTEEL.STR_BUSINESSUNIT Where ACTIVE_FLAG='Y'
Table Count in Snowflake:: 79
Executing Snowflake query :: select count(*) as TOTAL from DEV_ENT_CURATED.MASTER_DIMENSIONS.DIM_BUSINESSUNIT where tenant_type='CASTEEL' and RECORD_UPDATED_BY='Backup Table'
Table Count in Snowflake:: 55
Row Count of Table BUSINESSUNIT is not matched for RAW :: 79 DataMart :: 79 CURATED :: 55]]>
  </system-out>
  <testcase classname="testcases.RAW_DATAMART_CURATED.SnowFlake_RowCount_Master" name="Testcase_RowCount_validation" time="1.722">
    <failure message="The following asserts failed:
	null" type="java.lang.AssertionError">
      <![CDATA[java.lang.AssertionError: The following asserts failed:
null
at org.testng.asserts.SoftAssert.assertAll(SoftAssert.java:47)
at org.testng.asserts.SoftAssert.assertAll(SoftAssert.java:31)
at testcases.RAW_DATAMART_CURATED.SnowFlake_RowCount_Master.validate_RowCount_BKP(SnowFlake_RowCount_Master.java:56)
at testcases.RAW_DATAMART_CURATED.SnowFlake_RowCount_Master.Testcase_RowCount_validation(SnowFlake_RowCount_Master.java:25)
at jdk.internal.reflect.GeneratedMethodAccessor13.invoke(Unknown Source)
at java.base/jdk.internal.reflect.DelegatingMethodAccessorImpl.invoke(DelegatingMethodAccessorImpl.java:43)
at java.base/java.lang.reflect.Method.invoke(Method.java:568)
at org.testng.internal.MethodInvocationHelper.invokeMethod(MethodInvocationHelper.java:133)
at org.testng.internal.TestInvoker.invokeMethod(TestInvoker.java:598)
at org.testng.internal.TestInvoker.invokeTestMethod(TestInvoker.java:173)
at org.testng.internal.MethodRunner.runInSequence(MethodRunner.java:46)
at org.testng.internal.TestInvoker$MethodInvocationAgent.invoke(TestInvoker.java:824)
at org.testng.internal.TestInvoker.invokeTestMethods(TestInvoker.java:146)
at org.testng.internal.TestMethodWorker.invokeTestMethods(TestMethodWorker.java:146)
at org.testng.internal.TestMethodWorker.run(TestMethodWorker.java:128)
at java.base/java.util.ArrayList.forEach(ArrayList.java:1511)
at org.testng.TestRunner.privateRun(TestRunner.java:794)
at org.testng.TestRunner.run(TestRunner.java:596)
at org.testng.SuiteRunner.runTest(SuiteRunner.java:377)
at org.testng.SuiteRunner.runSequentially(SuiteRunner.java:371)
at org.testng.SuiteRunner.privateRun(SuiteRunner.java:332)
at org.testng.SuiteRunner.run(SuiteRunner.java:276)
at org.testng.SuiteRunnerWorker.runSuite(SuiteRunnerWorker.java:53)
at org.testng.SuiteRunnerWorker.run(SuiteRunnerWorker.java:96)
at org.testng.TestNG.runSuitesSequentially(TestNG.java:1212)
at org.testng.TestNG.runSuitesLocally(TestNG.java:1134)
at org.testng.TestNG.runSuites(TestNG.java:1063)
at org.testng.TestNG.run(TestNG.java:1031)
at org.testng.remote.AbstractRemoteTestNG.run(AbstractRemoteTestNG.java:115)
at org.testng.remote.RemoteTestNG.initAndRun(RemoteTestNG.java:251)
at org.testng.remote.RemoteTestNG.main(RemoteTestNG.java:77)
]]>
    </failure>
  </testcase> <!-- Testcase_RowCount_validation -->
  <system-out>
    <![CDATA[Executing Snowflake query :: SELECT count(*) as TOTAL FROM DEV_ENT_RAW.ST_EANESHEATING_MATILLION.TIMESHEETCODE
Snowflake - SQLException at readDB() method :: SQL compilation error:
Object 'DEV_ENT_RAW.ST_EANESHEATING_MATILLION.TIMESHEETCODE' does not exist or not authorized.
Executing Snowflake query :: select count(*) as TOTAL from CURATED_DATAMART.ST_BKP_EANESHEATING.STR_TIMESHEETCODE Where ACTIVE_FLAG='Y'
Table Count in Snowflake:: 13
Executing Snowflake query :: select count(*) as TOTAL from DEV_ENT_CURATED.MASTER_DIMENSIONS.DIM_TIMESHEETCODE where tenant_type='EANESHEATING' and RECORD_UPDATED_BY='Backup Table'
Table Count in Snowflake:: 13
Row Count of Table TIMESHEETCODE is matched for RAW :: 0 DataMart :: 13 CURATED :: 13]]>
  </system-out>
  <testcase classname="testcases.RAW_DATAMART_CURATED.SnowFlake_RowCount_Master" name="Testcase_RowCount_validation" time="1.733">
    <failure message="The following asserts failed:
	null" type="java.lang.AssertionError">
      <![CDATA[java.lang.AssertionError: The following asserts failed:
null
at org.testng.asserts.SoftAssert.assertAll(SoftAssert.java:47)
at org.testng.asserts.SoftAssert.assertAll(SoftAssert.java:31)
at testcases.RAW_DATAMART_CURATED.SnowFlake_RowCount_Master.validate_RowCount_BKP(SnowFlake_RowCount_Master.java:56)
at testcases.RAW_DATAMART_CURATED.SnowFlake_RowCount_Master.Testcase_RowCount_validation(SnowFlake_RowCount_Master.java:25)
at jdk.internal.reflect.GeneratedMethodAccessor13.invoke(Unknown Source)
at java.base/jdk.internal.reflect.DelegatingMethodAccessorImpl.invoke(DelegatingMethodAccessorImpl.java:43)
at java.base/java.lang.reflect.Method.invoke(Method.java:568)
at org.testng.internal.MethodInvocationHelper.invokeMethod(MethodInvocationHelper.java:133)
at org.testng.internal.TestInvoker.invokeMethod(TestInvoker.java:598)
at org.testng.internal.TestInvoker.invokeTestMethod(TestInvoker.java:173)
at org.testng.internal.MethodRunner.runInSequence(MethodRunner.java:46)
at org.testng.internal.TestInvoker$MethodInvocationAgent.invoke(TestInvoker.java:824)
at org.testng.internal.TestInvoker.invokeTestMethods(TestInvoker.java:146)
at org.testng.internal.TestMethodWorker.invokeTestMethods(TestMethodWorker.java:146)
at org.testng.internal.TestMethodWorker.run(TestMethodWorker.java:128)
at java.base/java.util.ArrayList.forEach(ArrayList.java:1511)
at org.testng.TestRunner.privateRun(TestRunner.java:794)
at org.testng.TestRunner.run(TestRunner.java:596)
at org.testng.SuiteRunner.runTest(SuiteRunner.java:377)
at org.testng.SuiteRunner.runSequentially(SuiteRunner.java:371)
at org.testng.SuiteRunner.privateRun(SuiteRunner.java:332)
at org.testng.SuiteRunner.run(SuiteRunner.java:276)
at org.testng.SuiteRunnerWorker.runSuite(SuiteRunnerWorker.java:53)
at org.testng.SuiteRunnerWorker.run(SuiteRunnerWorker.java:96)
at org.testng.TestNG.runSuitesSequentially(TestNG.java:1212)
at org.testng.TestNG.runSuitesLocally(TestNG.java:1134)
at org.testng.TestNG.runSuites(TestNG.java:1063)
at org.testng.TestNG.run(TestNG.java:1031)
at org.testng.remote.AbstractRemoteTestNG.run(AbstractRemoteTestNG.java:115)
at org.testng.remote.RemoteTestNG.initAndRun(RemoteTestNG.java:251)
at org.testng.remote.RemoteTestNG.main(RemoteTestNG.java:77)
]]>
    </failure>
  </testcase> <!-- Testcase_RowCount_validation -->
  <system-out>
    <![CDATA[Executing Snowflake query :: SELECT count(*) as TOTAL FROM DEV_ENT_RAW.ST_HARP_MATILLION.INVOICEITEM
Table Count in Snowflake:: 520933
Executing Snowflake query :: select count(*) as TOTAL from CURATED_DATAMART.ST_BKP_HARP.STR_INVOICEITEM Where ACTIVE_FLAG='Y'
Table Count in Snowflake:: 519721
Executing Snowflake query :: select count(*) as TOTAL from DEV_ENT_CURATED.MASTER_DIMENSIONS.DIM_INVOICEITEM where tenant_type='HARP' and RECORD_UPDATED_BY='Backup Table'
Table Count in Snowflake:: 519126
Row Count of Table INVOICEITEM is not matched for RAW :: 520933 DataMart :: 519721 CURATED :: 519126]]>
  </system-out>
  <testcase classname="testcases.RAW_DATAMART_CURATED.SnowFlake_RowCount_Master" name="Testcase_RowCount_validation" time="1.547">
    <failure message="The following asserts failed:
	null" type="java.lang.AssertionError">
      <![CDATA[java.lang.AssertionError: The following asserts failed:
null
at org.testng.asserts.SoftAssert.assertAll(SoftAssert.java:47)
at org.testng.asserts.SoftAssert.assertAll(SoftAssert.java:31)
at testcases.RAW_DATAMART_CURATED.SnowFlake_RowCount_Master.validate_RowCount_BKP(SnowFlake_RowCount_Master.java:56)
at testcases.RAW_DATAMART_CURATED.SnowFlake_RowCount_Master.Testcase_RowCount_validation(SnowFlake_RowCount_Master.java:25)
at jdk.internal.reflect.GeneratedMethodAccessor13.invoke(Unknown Source)
at java.base/jdk.internal.reflect.DelegatingMethodAccessorImpl.invoke(DelegatingMethodAccessorImpl.java:43)
at java.base/java.lang.reflect.Method.invoke(Method.java:568)
at org.testng.internal.MethodInvocationHelper.invokeMethod(MethodInvocationHelper.java:133)
at org.testng.internal.TestInvoker.invokeMethod(TestInvoker.java:598)
at org.testng.internal.TestInvoker.invokeTestMethod(TestInvoker.java:173)
at org.testng.internal.MethodRunner.runInSequence(MethodRunner.java:46)
at org.testng.internal.TestInvoker$MethodInvocationAgent.invoke(TestInvoker.java:824)
at org.testng.internal.TestInvoker.invokeTestMethods(TestInvoker.java:146)
at org.testng.internal.TestMethodWorker.invokeTestMethods(TestMethodWorker.java:146)
at org.testng.internal.TestMethodWorker.run(TestMethodWorker.java:128)
at java.base/java.util.ArrayList.forEach(ArrayList.java:1511)
at org.testng.TestRunner.privateRun(TestRunner.java:794)
at org.testng.TestRunner.run(TestRunner.java:596)
at org.testng.SuiteRunner.runTest(SuiteRunner.java:377)
at org.testng.SuiteRunner.runSequentially(SuiteRunner.java:371)
at org.testng.SuiteRunner.privateRun(SuiteRunner.java:332)
at org.testng.SuiteRunner.run(SuiteRunner.java:276)
at org.testng.SuiteRunnerWorker.runSuite(SuiteRunnerWorker.java:53)
at org.testng.SuiteRunnerWorker.run(SuiteRunnerWorker.java:96)
at org.testng.TestNG.runSuitesSequentially(TestNG.java:1212)
at org.testng.TestNG.runSuitesLocally(TestNG.java:1134)
at org.testng.TestNG.runSuites(TestNG.java:1063)
at org.testng.TestNG.run(TestNG.java:1031)
at org.testng.remote.AbstractRemoteTestNG.run(AbstractRemoteTestNG.java:115)
at org.testng.remote.RemoteTestNG.initAndRun(RemoteTestNG.java:251)
at org.testng.remote.RemoteTestNG.main(RemoteTestNG.java:77)
]]>
    </failure>
  </testcase> <!-- Testcase_RowCount_validation -->
  <system-out>
    <![CDATA[Executing Snowflake query :: SELECT count(*) as TOTAL FROM DEV_ENT_RAW.ST_HARP_MATILLION.EQUIPMENT
Table Count in Snowflake:: 775
Executing Snowflake query :: select count(*) as TOTAL from CURATED_DATAMART.ST_BKP_HARP.STR_EQUIPMENT Where ACTIVE_FLAG='Y'
Table Count in Snowflake:: 775
Executing Snowflake query :: select count(*) as TOTAL from DEV_ENT_CURATED.MASTER_DIMENSIONS.DIM_EQUIPMENT where tenant_type='HARP' and RECORD_UPDATED_BY='Backup Table'
Table Count in Snowflake:: 584
Row Count of Table EQUIPMENT is not matched for RAW :: 775 DataMart :: 775 CURATED :: 584]]>
  </system-out>
  <testcase classname="testcases.RAW_DATAMART_CURATED.SnowFlake_RowCount_Master" name="Testcase_RowCount_validation" time="2.458">
    <failure message="The following asserts failed:
	null,
	null,
	null" type="java.lang.AssertionError">
      <![CDATA[java.lang.AssertionError: The following asserts failed:
null,
null,
null
at org.testng.asserts.SoftAssert.assertAll(SoftAssert.java:47)
at org.testng.asserts.SoftAssert.assertAll(SoftAssert.java:31)
at testcases.RAW_DATAMART_CURATED.SnowFlake_RowCount_Master.validate_RowCount_BKP(SnowFlake_RowCount_Master.java:56)
at testcases.RAW_DATAMART_CURATED.SnowFlake_RowCount_Master.Testcase_RowCount_validation(SnowFlake_RowCount_Master.java:25)
at jdk.internal.reflect.GeneratedMethodAccessor13.invoke(Unknown Source)
at java.base/jdk.internal.reflect.DelegatingMethodAccessorImpl.invoke(DelegatingMethodAccessorImpl.java:43)
at java.base/java.lang.reflect.Method.invoke(Method.java:568)
at org.testng.internal.MethodInvocationHelper.invokeMethod(MethodInvocationHelper.java:133)
at org.testng.internal.TestInvoker.invokeMethod(TestInvoker.java:598)
at org.testng.internal.TestInvoker.invokeTestMethod(TestInvoker.java:173)
at org.testng.internal.MethodRunner.runInSequence(MethodRunner.java:46)
at org.testng.internal.TestInvoker$MethodInvocationAgent.invoke(TestInvoker.java:824)
at org.testng.internal.TestInvoker.invokeTestMethods(TestInvoker.java:146)
at org.testng.internal.TestMethodWorker.invokeTestMethods(TestMethodWorker.java:146)
at org.testng.internal.TestMethodWorker.run(TestMethodWorker.java:128)
at java.base/java.util.ArrayList.forEach(ArrayList.java:1511)
at org.testng.TestRunner.privateRun(TestRunner.java:794)
at org.testng.TestRunner.run(TestRunner.java:596)
at org.testng.SuiteRunner.runTest(SuiteRunner.java:377)
at org.testng.SuiteRunner.runSequentially(SuiteRunner.java:371)
at org.testng.SuiteRunner.privateRun(SuiteRunner.java:332)
at org.testng.SuiteRunner.run(SuiteRunner.java:276)
at org.testng.SuiteRunnerWorker.runSuite(SuiteRunnerWorker.java:53)
at org.testng.SuiteRunnerWorker.run(SuiteRunnerWorker.java:96)
at org.testng.TestNG.runSuitesSequentially(TestNG.java:1212)
at org.testng.TestNG.runSuitesLocally(TestNG.java:1134)
at org.testng.TestNG.runSuites(TestNG.java:1063)
at org.testng.TestNG.run(TestNG.java:1031)
at org.testng.remote.AbstractRemoteTestNG.run(AbstractRemoteTestNG.java:115)
at org.testng.remote.RemoteTestNG.initAndRun(RemoteTestNG.java:251)
at org.testng.remote.RemoteTestNG.main(RemoteTestNG.java:77)
]]>
    </failure>
  </testcase> <!-- Testcase_RowCount_validation -->
  <system-out>
    <![CDATA[Executing Snowflake query :: SELECT count(*) as TOTAL FROM DEV_ENT_RAW.ST_HDAIR_MATILLION.TECHNICIANPAYROLLADJUSTMENT
Snowflake - SQLException at readDB() method :: SQL compilation error:
Object 'DEV_ENT_RAW.ST_HDAIR_MATILLION.TECHNICIANPAYROLLADJUSTMENT' does not exist or not authorized.
Executing Snowflake query :: select count(*) as TOTAL from CURATED_DATAMART.ST_BKP_HDAIR.STR_TECHNICIANPAYROLLADJUSTMENT Where ACTIVE_FLAG='Y'
Table Count in Snowflake:: 8296
Executing Snowflake query :: select count(*) as TOTAL from DEV_ENT_CURATED.MASTER_DIMENSIONS.DIM_TECHNICIANPAYROLLADJUSTMENT where tenant_type='HDAIR' and RECORD_UPDATED_BY='Backup Table'
Snowflake - SQLException at readDB() method :: SQL compilation error: error line 1 at position 126
invalid identifier 'RECORD_UPDATED_BY'
Row Count of Table TECHNICIANPAYROLLADJUSTMENT is not matched for RAW :: 0 DataMart :: 8296 CURATED :: 0]]>
  </system-out>
  <testcase classname="testcases.RAW_DATAMART_CURATED.SnowFlake_RowCount_Master" name="Testcase_RowCount_validation" time="1.662">
    <failure message="The following asserts failed:
	null,
	null" type="java.lang.AssertionError">
      <![CDATA[java.lang.AssertionError: The following asserts failed:
null,
null
at org.testng.asserts.SoftAssert.assertAll(SoftAssert.java:47)
at org.testng.asserts.SoftAssert.assertAll(SoftAssert.java:31)
at testcases.RAW_DATAMART_CURATED.SnowFlake_RowCount_Master.validate_RowCount_BKP(SnowFlake_RowCount_Master.java:56)
at testcases.RAW_DATAMART_CURATED.SnowFlake_RowCount_Master.Testcase_RowCount_validation(SnowFlake_RowCount_Master.java:25)
at jdk.internal.reflect.GeneratedMethodAccessor13.invoke(Unknown Source)
at java.base/jdk.internal.reflect.DelegatingMethodAccessorImpl.invoke(DelegatingMethodAccessorImpl.java:43)
at java.base/java.lang.reflect.Method.invoke(Method.java:568)
at org.testng.internal.MethodInvocationHelper.invokeMethod(MethodInvocationHelper.java:133)
at org.testng.internal.TestInvoker.invokeMethod(TestInvoker.java:598)
at org.testng.internal.TestInvoker.invokeTestMethod(TestInvoker.java:173)
at org.testng.internal.MethodRunner.runInSequence(MethodRunner.java:46)
at org.testng.internal.TestInvoker$MethodInvocationAgent.invoke(TestInvoker.java:824)
at org.testng.internal.TestInvoker.invokeTestMethods(TestInvoker.java:146)
at org.testng.internal.TestMethodWorker.invokeTestMethods(TestMethodWorker.java:146)
at org.testng.internal.TestMethodWorker.run(TestMethodWorker.java:128)
at java.base/java.util.ArrayList.forEach(ArrayList.java:1511)
at org.testng.TestRunner.privateRun(TestRunner.java:794)
at org.testng.TestRunner.run(TestRunner.java:596)
at org.testng.SuiteRunner.runTest(SuiteRunner.java:377)
at org.testng.SuiteRunner.runSequentially(SuiteRunner.java:371)
at org.testng.SuiteRunner.privateRun(SuiteRunner.java:332)
at org.testng.SuiteRunner.run(SuiteRunner.java:276)
at org.testng.SuiteRunnerWorker.runSuite(SuiteRunnerWorker.java:53)
at org.testng.SuiteRunnerWorker.run(SuiteRunnerWorker.java:96)
at org.testng.TestNG.runSuitesSequentially(TestNG.java:1212)
at org.testng.TestNG.runSuitesLocally(TestNG.java:1134)
at org.testng.TestNG.runSuites(TestNG.java:1063)
at org.testng.TestNG.run(TestNG.java:1031)
at org.testng.remote.AbstractRemoteTestNG.run(AbstractRemoteTestNG.java:115)
at org.testng.remote.RemoteTestNG.initAndRun(RemoteTestNG.java:251)
at org.testng.remote.RemoteTestNG.main(RemoteTestNG.java:77)
]]>
    </failure>
  </testcase> <!-- Testcase_RowCount_validation -->
  <system-out>
    <![CDATA[Executing Snowflake query :: SELECT count(*) as TOTAL FROM DEV_ENT_RAW.ST_EANESHEATING_MATILLION.PAYMENTTERM
Snowflake - SQLException at readDB() method :: SQL compilation error:
Object 'DEV_ENT_RAW.ST_EANESHEATING_MATILLION.PAYMENTTERM' does not exist or not authorized.
Executing Snowflake query :: select count(*) as TOTAL from CURATED_DATAMART.ST_BKP_EANESHEATING.STR_PAYMENTTERM Where ACTIVE_FLAG='Y'
Table Count in Snowflake:: 3
Executing Snowflake query :: select count(*) as TOTAL from DEV_ENT_CURATED.MASTER_DIMENSIONS.DIM_PAYMENTTERM where tenant_type='EANESHEATING' and RECORD_UPDATED_BY='Backup Table'
Table Count in Snowflake:: 0
Row Count of Table PAYMENTTERM is not matched for RAW :: 0 DataMart :: 3 CURATED :: 0]]>
  </system-out>
  <testcase classname="testcases.RAW_DATAMART_CURATED.SnowFlake_RowCount_Master" name="Testcase_RowCount_validation" time="5.018">
    <failure message="The following asserts failed:
	null" type="java.lang.AssertionError">
      <![CDATA[java.lang.AssertionError: The following asserts failed:
null
at org.testng.asserts.SoftAssert.assertAll(SoftAssert.java:47)
at org.testng.asserts.SoftAssert.assertAll(SoftAssert.java:31)
at testcases.RAW_DATAMART_CURATED.SnowFlake_RowCount_Master.validate_RowCount_BKP(SnowFlake_RowCount_Master.java:56)
at testcases.RAW_DATAMART_CURATED.SnowFlake_RowCount_Master.Testcase_RowCount_validation(SnowFlake_RowCount_Master.java:25)
at jdk.internal.reflect.GeneratedMethodAccessor13.invoke(Unknown Source)
at java.base/jdk.internal.reflect.DelegatingMethodAccessorImpl.invoke(DelegatingMethodAccessorImpl.java:43)
at java.base/java.lang.reflect.Method.invoke(Method.java:568)
at org.testng.internal.MethodInvocationHelper.invokeMethod(MethodInvocationHelper.java:133)
at org.testng.internal.TestInvoker.invokeMethod(TestInvoker.java:598)
at org.testng.internal.TestInvoker.invokeTestMethod(TestInvoker.java:173)
at org.testng.internal.MethodRunner.runInSequence(MethodRunner.java:46)
at org.testng.internal.TestInvoker$MethodInvocationAgent.invoke(TestInvoker.java:824)
at org.testng.internal.TestInvoker.invokeTestMethods(TestInvoker.java:146)
at org.testng.internal.TestMethodWorker.invokeTestMethods(TestMethodWorker.java:146)
at org.testng.internal.TestMethodWorker.run(TestMethodWorker.java:128)
at java.base/java.util.ArrayList.forEach(ArrayList.java:1511)
at org.testng.TestRunner.privateRun(TestRunner.java:794)
at org.testng.TestRunner.run(TestRunner.java:596)
at org.testng.SuiteRunner.runTest(SuiteRunner.java:377)
at org.testng.SuiteRunner.runSequentially(SuiteRunner.java:371)
at org.testng.SuiteRunner.privateRun(SuiteRunner.java:332)
at org.testng.SuiteRunner.run(SuiteRunner.java:276)
at org.testng.SuiteRunnerWorker.runSuite(SuiteRunnerWorker.java:53)
at org.testng.SuiteRunnerWorker.run(SuiteRunnerWorker.java:96)
at org.testng.TestNG.runSuitesSequentially(TestNG.java:1212)
at org.testng.TestNG.runSuitesLocally(TestNG.java:1134)
at org.testng.TestNG.runSuites(TestNG.java:1063)
at org.testng.TestNG.run(TestNG.java:1031)
at org.testng.remote.AbstractRemoteTestNG.run(AbstractRemoteTestNG.java:115)
at org.testng.remote.RemoteTestNG.initAndRun(RemoteTestNG.java:251)
at org.testng.remote.RemoteTestNG.main(RemoteTestNG.java:77)
]]>
    </failure>
  </testcase> <!-- Testcase_RowCount_validation -->
  <system-out>
    <![CDATA[Executing Snowflake query :: SELECT count(*) as TOTAL FROM DEV_ENT_RAW.ST_CASTEEL_MATILLION.CALL
Table Count in Snowflake:: 1563779
Executing Snowflake query :: select count(*) as TOTAL from CURATED_DATAMART.ST_BKP_CASTEEL.STR_CALL Where ACTIVE_FLAG='Y'
Table Count in Snowflake:: 1562206
Executing Snowflake query :: select count(*) as TOTAL from DEV_ENT_CURATED.MASTER_DIMENSIONS.DIM_CALL where tenant_type='CASTEEL' and RECORD_UPDATED_BY='Backup Table'
Table Count in Snowflake:: 1556650
Row Count of Table CALL is not matched for RAW :: 1563779 DataMart :: 1562206 CURATED :: 1556650]]>
  </system-out>
  <testcase classname="testcases.RAW_DATAMART_CURATED.SnowFlake_RowCount_Master" name="Testcase_RowCount_validation" time="2.762">
    <failure message="The following asserts failed:
	null,
	null" type="java.lang.AssertionError">
      <![CDATA[java.lang.AssertionError: The following asserts failed:
null,
null
at org.testng.asserts.SoftAssert.assertAll(SoftAssert.java:47)
at org.testng.asserts.SoftAssert.assertAll(SoftAssert.java:31)
at testcases.RAW_DATAMART_CURATED.SnowFlake_RowCount_Master.validate_RowCount_BKP(SnowFlake_RowCount_Master.java:56)
at testcases.RAW_DATAMART_CURATED.SnowFlake_RowCount_Master.Testcase_RowCount_validation(SnowFlake_RowCount_Master.java:25)
at jdk.internal.reflect.GeneratedMethodAccessor13.invoke(Unknown Source)
at java.base/jdk.internal.reflect.DelegatingMethodAccessorImpl.invoke(DelegatingMethodAccessorImpl.java:43)
at java.base/java.lang.reflect.Method.invoke(Method.java:568)
at org.testng.internal.MethodInvocationHelper.invokeMethod(MethodInvocationHelper.java:133)
at org.testng.internal.TestInvoker.invokeMethod(TestInvoker.java:598)
at org.testng.internal.TestInvoker.invokeTestMethod(TestInvoker.java:173)
at org.testng.internal.MethodRunner.runInSequence(MethodRunner.java:46)
at org.testng.internal.TestInvoker$MethodInvocationAgent.invoke(TestInvoker.java:824)
at org.testng.internal.TestInvoker.invokeTestMethods(TestInvoker.java:146)
at org.testng.internal.TestMethodWorker.invokeTestMethods(TestMethodWorker.java:146)
at org.testng.internal.TestMethodWorker.run(TestMethodWorker.java:128)
at java.base/java.util.ArrayList.forEach(ArrayList.java:1511)
at org.testng.TestRunner.privateRun(TestRunner.java:794)
at org.testng.TestRunner.run(TestRunner.java:596)
at org.testng.SuiteRunner.runTest(SuiteRunner.java:377)
at org.testng.SuiteRunner.runSequentially(SuiteRunner.java:371)
at org.testng.SuiteRunner.privateRun(SuiteRunner.java:332)
at org.testng.SuiteRunner.run(SuiteRunner.java:276)
at org.testng.SuiteRunnerWorker.runSuite(SuiteRunnerWorker.java:53)
at org.testng.SuiteRunnerWorker.run(SuiteRunnerWorker.java:96)
at org.testng.TestNG.runSuitesSequentially(TestNG.java:1212)
at org.testng.TestNG.runSuitesLocally(TestNG.java:1134)
at org.testng.TestNG.runSuites(TestNG.java:1063)
at org.testng.TestNG.run(TestNG.java:1031)
at org.testng.remote.AbstractRemoteTestNG.run(AbstractRemoteTestNG.java:115)
at org.testng.remote.RemoteTestNG.initAndRun(RemoteTestNG.java:251)
at org.testng.remote.RemoteTestNG.main(RemoteTestNG.java:77)
]]>
    </failure>
  </testcase> <!-- Testcase_RowCount_validation -->
  <system-out>
    <![CDATA[Executing Snowflake query :: SELECT count(*) as TOTAL FROM DEV_ENT_RAW.ST_FOURPROS_MATILLION.TECHNICIANPAYROLL
Table Count in Snowflake:: 5202
Executing Snowflake query :: select count(*) as TOTAL from CURATED_DATAMART.ST_BKP_FOURPROS.STR_TECHNICIANPAYROLL Where ACTIVE_FLAG='Y'
Table Count in Snowflake:: 5202
Executing Snowflake query :: select count(*) as TOTAL from DEV_ENT_CURATED.MASTER_DIMENSIONS.DIM_TECHNICIANPAYROLL where tenant_type='FOURPROS' and RECORD_UPDATED_BY='Backup Table'
Snowflake - SQLException at readDB() method :: SQL compilation error: error line 1 at position 119
invalid identifier 'RECORD_UPDATED_BY'
Row Count of Table TECHNICIANPAYROLL is not matched for RAW :: 5202 DataMart :: 5202 CURATED :: 0]]>
  </system-out>
  <testcase classname="testcases.RAW_DATAMART_CURATED.SnowFlake_RowCount_Master" name="Testcase_RowCount_validation" time="2.257">
    <failure message="The following asserts failed:
	null" type="java.lang.AssertionError">
      <![CDATA[java.lang.AssertionError: The following asserts failed:
null
at org.testng.asserts.SoftAssert.assertAll(SoftAssert.java:47)
at org.testng.asserts.SoftAssert.assertAll(SoftAssert.java:31)
at testcases.RAW_DATAMART_CURATED.SnowFlake_RowCount_Master.validate_RowCount_BKP(SnowFlake_RowCount_Master.java:56)
at testcases.RAW_DATAMART_CURATED.SnowFlake_RowCount_Master.Testcase_RowCount_validation(SnowFlake_RowCount_Master.java:25)
at jdk.internal.reflect.GeneratedMethodAccessor13.invoke(Unknown Source)
at java.base/jdk.internal.reflect.DelegatingMethodAccessorImpl.invoke(DelegatingMethodAccessorImpl.java:43)
at java.base/java.lang.reflect.Method.invoke(Method.java:568)
at org.testng.internal.MethodInvocationHelper.invokeMethod(MethodInvocationHelper.java:133)
at org.testng.internal.TestInvoker.invokeMethod(TestInvoker.java:598)
at org.testng.internal.TestInvoker.invokeTestMethod(TestInvoker.java:173)
at org.testng.internal.MethodRunner.runInSequence(MethodRunner.java:46)
at org.testng.internal.TestInvoker$MethodInvocationAgent.invoke(TestInvoker.java:824)
at org.testng.internal.TestInvoker.invokeTestMethods(TestInvoker.java:146)
at org.testng.internal.TestMethodWorker.invokeTestMethods(TestMethodWorker.java:146)
at org.testng.internal.TestMethodWorker.run(TestMethodWorker.java:128)
at java.base/java.util.ArrayList.forEach(ArrayList.java:1511)
at org.testng.TestRunner.privateRun(TestRunner.java:794)
at org.testng.TestRunner.run(TestRunner.java:596)
at org.testng.SuiteRunner.runTest(SuiteRunner.java:377)
at org.testng.SuiteRunner.runSequentially(SuiteRunner.java:371)
at org.testng.SuiteRunner.privateRun(SuiteRunner.java:332)
at org.testng.SuiteRunner.run(SuiteRunner.java:276)
at org.testng.SuiteRunnerWorker.runSuite(SuiteRunnerWorker.java:53)
at org.testng.SuiteRunnerWorker.run(SuiteRunnerWorker.java:96)
at org.testng.TestNG.runSuitesSequentially(TestNG.java:1212)
at org.testng.TestNG.runSuitesLocally(TestNG.java:1134)
at org.testng.TestNG.runSuites(TestNG.java:1063)
at org.testng.TestNG.run(TestNG.java:1031)
at org.testng.remote.AbstractRemoteTestNG.run(AbstractRemoteTestNG.java:115)
at org.testng.remote.RemoteTestNG.initAndRun(RemoteTestNG.java:251)
at org.testng.remote.RemoteTestNG.main(RemoteTestNG.java:77)
]]>
    </failure>
  </testcase> <!-- Testcase_RowCount_validation -->
  <system-out>
    <![CDATA[Executing Snowflake query :: SELECT count(*) as TOTAL FROM DEV_ENT_RAW.ST_BILLFENWICK_MATILLION.JOBAPPOINTMENT
Table Count in Snowflake:: 177224
Executing Snowflake query :: select count(*) as TOTAL from CURATED_DATAMART.ST_BKP_BILLFENWICK.STR_JOBAPPOINTMENT Where ACTIVE_FLAG='Y'
Table Count in Snowflake:: 177821
Executing Snowflake query :: select count(*) as TOTAL from DEV_ENT_CURATED.MASTER_DIMENSIONS.DIM_JOBAPPOINTMENT where tenant_type='BILLFENWICK' and RECORD_UPDATED_BY='Backup Table'
Table Count in Snowflake:: 177032
Row Count of Table JOBAPPOINTMENT is not matched for RAW :: 177224 DataMart :: 177821 CURATED :: 177032]]>
  </system-out>
  <testcase classname="testcases.RAW_DATAMART_CURATED.SnowFlake_RowCount_Master" name="Testcase_RowCount_validation" time="5.218">
    <failure message="The following asserts failed:
	null" type="java.lang.AssertionError">
      <![CDATA[java.lang.AssertionError: The following asserts failed:
null
at org.testng.asserts.SoftAssert.assertAll(SoftAssert.java:47)
at org.testng.asserts.SoftAssert.assertAll(SoftAssert.java:31)
at testcases.RAW_DATAMART_CURATED.SnowFlake_RowCount_Master.validate_RowCount_BKP(SnowFlake_RowCount_Master.java:56)
at testcases.RAW_DATAMART_CURATED.SnowFlake_RowCount_Master.Testcase_RowCount_validation(SnowFlake_RowCount_Master.java:25)
at jdk.internal.reflect.GeneratedMethodAccessor13.invoke(Unknown Source)
at java.base/jdk.internal.reflect.DelegatingMethodAccessorImpl.invoke(DelegatingMethodAccessorImpl.java:43)
at java.base/java.lang.reflect.Method.invoke(Method.java:568)
at org.testng.internal.MethodInvocationHelper.invokeMethod(MethodInvocationHelper.java:133)
at org.testng.internal.TestInvoker.invokeMethod(TestInvoker.java:598)
at org.testng.internal.TestInvoker.invokeTestMethod(TestInvoker.java:173)
at org.testng.internal.MethodRunner.runInSequence(MethodRunner.java:46)
at org.testng.internal.TestInvoker$MethodInvocationAgent.invoke(TestInvoker.java:824)
at org.testng.internal.TestInvoker.invokeTestMethods(TestInvoker.java:146)
at org.testng.internal.TestMethodWorker.invokeTestMethods(TestMethodWorker.java:146)
at org.testng.internal.TestMethodWorker.run(TestMethodWorker.java:128)
at java.base/java.util.ArrayList.forEach(ArrayList.java:1511)
at org.testng.TestRunner.privateRun(TestRunner.java:794)
at org.testng.TestRunner.run(TestRunner.java:596)
at org.testng.SuiteRunner.runTest(SuiteRunner.java:377)
at org.testng.SuiteRunner.runSequentially(SuiteRunner.java:371)
at org.testng.SuiteRunner.privateRun(SuiteRunner.java:332)
at org.testng.SuiteRunner.run(SuiteRunner.java:276)
at org.testng.SuiteRunnerWorker.runSuite(SuiteRunnerWorker.java:53)
at org.testng.SuiteRunnerWorker.run(SuiteRunnerWorker.java:96)
at org.testng.TestNG.runSuitesSequentially(TestNG.java:1212)
at org.testng.TestNG.runSuitesLocally(TestNG.java:1134)
at org.testng.TestNG.runSuites(TestNG.java:1063)
at org.testng.TestNG.run(TestNG.java:1031)
at org.testng.remote.AbstractRemoteTestNG.run(AbstractRemoteTestNG.java:115)
at org.testng.remote.RemoteTestNG.initAndRun(RemoteTestNG.java:251)
at org.testng.remote.RemoteTestNG.main(RemoteTestNG.java:77)
]]>
    </failure>
  </testcase> <!-- Testcase_RowCount_validation -->
  <system-out>
    <![CDATA[Executing Snowflake query :: SELECT count(*) as TOTAL FROM DEV_ENT_RAW.ST_BILLFENWICK_MATILLION.JOBCOMPLETIONSURVEY
Table Count in Snowflake:: 4972
Executing Snowflake query :: select count(*) as TOTAL from CURATED_DATAMART.ST_BKP_BILLFENWICK.STR_JOBCOMPLETIONSURVEY Where ACTIVE_FLAG='Y'
Table Count in Snowflake:: 4837
Executing Snowflake query :: select count(*) as TOTAL from DEV_ENT_CURATED.MASTER_DIMENSIONS.DIM_JOBCOMPLETIONSURVEY where tenant_type='BILLFENWICK' and RECORD_UPDATED_BY='Backup Table'
Table Count in Snowflake:: 4837
Row Count of Table JOBCOMPLETIONSURVEY is not matched for RAW :: 4972 DataMart :: 4837 CURATED :: 4837]]>
  </system-out>
  <testcase classname="testcases.RAW_DATAMART_CURATED.SnowFlake_RowCount_Master" name="Testcase_RowCount_validation" time="3.857">
    <failure message="The following asserts failed:
	null" type="java.lang.AssertionError">
      <![CDATA[java.lang.AssertionError: The following asserts failed:
null
at org.testng.asserts.SoftAssert.assertAll(SoftAssert.java:47)
at org.testng.asserts.SoftAssert.assertAll(SoftAssert.java:31)
at testcases.RAW_DATAMART_CURATED.SnowFlake_RowCount_Master.validate_RowCount_BKP(SnowFlake_RowCount_Master.java:56)
at testcases.RAW_DATAMART_CURATED.SnowFlake_RowCount_Master.Testcase_RowCount_validation(SnowFlake_RowCount_Master.java:25)
at jdk.internal.reflect.GeneratedMethodAccessor13.invoke(Unknown Source)
at java.base/jdk.internal.reflect.DelegatingMethodAccessorImpl.invoke(DelegatingMethodAccessorImpl.java:43)
at java.base/java.lang.reflect.Method.invoke(Method.java:568)
at org.testng.internal.MethodInvocationHelper.invokeMethod(MethodInvocationHelper.java:133)
at org.testng.internal.TestInvoker.invokeMethod(TestInvoker.java:598)
at org.testng.internal.TestInvoker.invokeTestMethod(TestInvoker.java:173)
at org.testng.internal.MethodRunner.runInSequence(MethodRunner.java:46)
at org.testng.internal.TestInvoker$MethodInvocationAgent.invoke(TestInvoker.java:824)
at org.testng.internal.TestInvoker.invokeTestMethods(TestInvoker.java:146)
at org.testng.internal.TestMethodWorker.invokeTestMethods(TestMethodWorker.java:146)
at org.testng.internal.TestMethodWorker.run(TestMethodWorker.java:128)
at java.base/java.util.ArrayList.forEach(ArrayList.java:1511)
at org.testng.TestRunner.privateRun(TestRunner.java:794)
at org.testng.TestRunner.run(TestRunner.java:596)
at org.testng.SuiteRunner.runTest(SuiteRunner.java:377)
at org.testng.SuiteRunner.runSequentially(SuiteRunner.java:371)
at org.testng.SuiteRunner.privateRun(SuiteRunner.java:332)
at org.testng.SuiteRunner.run(SuiteRunner.java:276)
at org.testng.SuiteRunnerWorker.runSuite(SuiteRunnerWorker.java:53)
at org.testng.SuiteRunnerWorker.run(SuiteRunnerWorker.java:96)
at org.testng.TestNG.runSuitesSequentially(TestNG.java:1212)
at org.testng.TestNG.runSuitesLocally(TestNG.java:1134)
at org.testng.TestNG.runSuites(TestNG.java:1063)
at org.testng.TestNG.run(TestNG.java:1031)
at org.testng.remote.AbstractRemoteTestNG.run(AbstractRemoteTestNG.java:115)
at org.testng.remote.RemoteTestNG.initAndRun(RemoteTestNG.java:251)
at org.testng.remote.RemoteTestNG.main(RemoteTestNG.java:77)
]]>
    </failure>
  </testcase> <!-- Testcase_RowCount_validation -->
  <system-out>
    <![CDATA[Executing Snowflake query :: SELECT count(*) as TOTAL FROM DEV_ENT_RAW.ST_CASTEEL_MATILLION.CONTACT
Table Count in Snowflake:: 947292
Executing Snowflake query :: select count(*) as TOTAL from CURATED_DATAMART.ST_BKP_CASTEEL.STR_CONTACT Where ACTIVE_FLAG='Y'
Table Count in Snowflake:: 946774
Executing Snowflake query :: select count(*) as TOTAL from DEV_ENT_CURATED.MASTER_DIMENSIONS.DIM_CONTACT where tenant_type='CASTEEL' and RECORD_UPDATED_BY='Backup Table'
Table Count in Snowflake:: 936128
Row Count of Table CONTACT is not matched for RAW :: 947292 DataMart :: 946774 CURATED :: 936128]]>
  </system-out>
  <testcase classname="testcases.RAW_DATAMART_CURATED.SnowFlake_RowCount_Master" name="Testcase_RowCount_validation" time="2.105">
    <failure message="The following asserts failed:
	null" type="java.lang.AssertionError">
      <![CDATA[java.lang.AssertionError: The following asserts failed:
null
at org.testng.asserts.SoftAssert.assertAll(SoftAssert.java:47)
at org.testng.asserts.SoftAssert.assertAll(SoftAssert.java:31)
at testcases.RAW_DATAMART_CURATED.SnowFlake_RowCount_Master.validate_RowCount_BKP(SnowFlake_RowCount_Master.java:56)
at testcases.RAW_DATAMART_CURATED.SnowFlake_RowCount_Master.Testcase_RowCount_validation(SnowFlake_RowCount_Master.java:25)
at jdk.internal.reflect.GeneratedMethodAccessor13.invoke(Unknown Source)
at java.base/jdk.internal.reflect.DelegatingMethodAccessorImpl.invoke(DelegatingMethodAccessorImpl.java:43)
at java.base/java.lang.reflect.Method.invoke(Method.java:568)
at org.testng.internal.MethodInvocationHelper.invokeMethod(MethodInvocationHelper.java:133)
at org.testng.internal.TestInvoker.invokeMethod(TestInvoker.java:598)
at org.testng.internal.TestInvoker.invokeTestMethod(TestInvoker.java:173)
at org.testng.internal.MethodRunner.runInSequence(MethodRunner.java:46)
at org.testng.internal.TestInvoker$MethodInvocationAgent.invoke(TestInvoker.java:824)
at org.testng.internal.TestInvoker.invokeTestMethods(TestInvoker.java:146)
at org.testng.internal.TestMethodWorker.invokeTestMethods(TestMethodWorker.java:146)
at org.testng.internal.TestMethodWorker.run(TestMethodWorker.java:128)
at java.base/java.util.ArrayList.forEach(ArrayList.java:1511)
at org.testng.TestRunner.privateRun(TestRunner.java:794)
at org.testng.TestRunner.run(TestRunner.java:596)
at org.testng.SuiteRunner.runTest(SuiteRunner.java:377)
at org.testng.SuiteRunner.runSequentially(SuiteRunner.java:371)
at org.testng.SuiteRunner.privateRun(SuiteRunner.java:332)
at org.testng.SuiteRunner.run(SuiteRunner.java:276)
at org.testng.SuiteRunnerWorker.runSuite(SuiteRunnerWorker.java:53)
at org.testng.SuiteRunnerWorker.run(SuiteRunnerWorker.java:96)
at org.testng.TestNG.runSuitesSequentially(TestNG.java:1212)
at org.testng.TestNG.runSuitesLocally(TestNG.java:1134)
at org.testng.TestNG.runSuites(TestNG.java:1063)
at org.testng.TestNG.run(TestNG.java:1031)
at org.testng.remote.AbstractRemoteTestNG.run(AbstractRemoteTestNG.java:115)
at org.testng.remote.RemoteTestNG.initAndRun(RemoteTestNG.java:251)
at org.testng.remote.RemoteTestNG.main(RemoteTestNG.java:77)
]]>
    </failure>
  </testcase> <!-- Testcase_RowCount_validation -->
  <system-out>
    <![CDATA[Executing Snowflake query :: SELECT count(*) as TOTAL FROM DEV_ENT_RAW.ST_SNELLHEATINGAIR_MATILLION.CUSTOMER
Table Count in Snowflake:: 52079
Executing Snowflake query :: select count(*) as TOTAL from CURATED_DATAMART.ST_BKP_SNELLHEATINGAIR.STR_CUSTOMER Where ACTIVE_FLAG='Y'
Table Count in Snowflake:: 52052
Executing Snowflake query :: select count(*) as TOTAL from DEV_ENT_CURATED.MASTER_DIMENSIONS.DIM_CUSTOMER where tenant_type='SNELLHEATINGAIR' and RECORD_UPDATED_BY='Backup Table'
Table Count in Snowflake:: 52488
Row Count of Table CUSTOMER is not matched for RAW :: 52079 DataMart :: 52052 CURATED :: 52488]]>
  </system-out>
  <testcase classname="testcases.RAW_DATAMART_CURATED.SnowFlake_RowCount_Master" name="Testcase_RowCount_validation" time="2.344"/>
  <system-out>
    <![CDATA[Executing Snowflake query :: SELECT count(*) as TOTAL FROM DEV_ENT_RAW.ST_MAITZ_MATILLION.JOB
Table Count in Snowflake:: 226992
Executing Snowflake query :: select count(*) as TOTAL from CURATED_DATAMART.ST_BKP_MAITZ.STR_JOB Where ACTIVE_FLAG='Y'
Table Count in Snowflake:: 4110769
Executing Snowflake query :: select count(*) as TOTAL from DEV_ENT_CURATED.MASTER_DIMENSIONS.DIM_JOB where tenant_type='MAITZ' and RECORD_UPDATED_BY='Backup Table'
Table Count in Snowflake:: 5497216
Row Count of Table JOB is matched for RAW :: 226992 DataMart :: 4110769 CURATED :: 5497216]]>
  </system-out>
  <testcase classname="testcases.RAW_DATAMART_CURATED.SnowFlake_RowCount_Master" name="Testcase_RowCount_validation" time="3.277">
    <failure message="The following asserts failed:
	null,
	null" type="java.lang.AssertionError">
      <![CDATA[java.lang.AssertionError: The following asserts failed:
null,
null
at org.testng.asserts.SoftAssert.assertAll(SoftAssert.java:47)
at org.testng.asserts.SoftAssert.assertAll(SoftAssert.java:31)
at testcases.RAW_DATAMART_CURATED.SnowFlake_RowCount_Master.validate_RowCount_API(SnowFlake_RowCount_Master.java:115)
at testcases.RAW_DATAMART_CURATED.SnowFlake_RowCount_Master.Testcase_RowCount_validation(SnowFlake_RowCount_Master.java:28)
at jdk.internal.reflect.GeneratedMethodAccessor13.invoke(Unknown Source)
at java.base/jdk.internal.reflect.DelegatingMethodAccessorImpl.invoke(DelegatingMethodAccessorImpl.java:43)
at java.base/java.lang.reflect.Method.invoke(Method.java:568)
at org.testng.internal.MethodInvocationHelper.invokeMethod(MethodInvocationHelper.java:133)
at org.testng.internal.TestInvoker.invokeMethod(TestInvoker.java:598)
at org.testng.internal.TestInvoker.invokeTestMethod(TestInvoker.java:173)
at org.testng.internal.MethodRunner.runInSequence(MethodRunner.java:46)
at org.testng.internal.TestInvoker$MethodInvocationAgent.invoke(TestInvoker.java:824)
at org.testng.internal.TestInvoker.invokeTestMethods(TestInvoker.java:146)
at org.testng.internal.TestMethodWorker.invokeTestMethods(TestMethodWorker.java:146)
at org.testng.internal.TestMethodWorker.run(TestMethodWorker.java:128)
at java.base/java.util.ArrayList.forEach(ArrayList.java:1511)
at org.testng.TestRunner.privateRun(TestRunner.java:794)
at org.testng.TestRunner.run(TestRunner.java:596)
at org.testng.SuiteRunner.runTest(SuiteRunner.java:377)
at org.testng.SuiteRunner.runSequentially(SuiteRunner.java:371)
at org.testng.SuiteRunner.privateRun(SuiteRunner.java:332)
at org.testng.SuiteRunner.run(SuiteRunner.java:276)
at org.testng.SuiteRunnerWorker.runSuite(SuiteRunnerWorker.java:53)
at org.testng.SuiteRunnerWorker.run(SuiteRunnerWorker.java:96)
at org.testng.TestNG.runSuitesSequentially(TestNG.java:1212)
at org.testng.TestNG.runSuitesLocally(TestNG.java:1134)
at org.testng.TestNG.runSuites(TestNG.java:1063)
at org.testng.TestNG.run(TestNG.java:1031)
at org.testng.remote.AbstractRemoteTestNG.run(AbstractRemoteTestNG.java:115)
at org.testng.remote.RemoteTestNG.initAndRun(RemoteTestNG.java:251)
at org.testng.remote.RemoteTestNG.main(RemoteTestNG.java:77)
]]>
    </failure>
  </testcase> <!-- Testcase_RowCount_validation -->
  <system-out>
    <![CDATA[Executing Snowflake query :: SELECT count(*) as TOTAL FROM DEV_ENT_RAW.API_MAT.ST_API_JOBAPPOINTMENT WHERE TENANT_NAME='SNELLHEATINGAIR'
Table Count in Snowflake:: 913
Executing Snowflake query :: select count(*) as TOTAL from CURATED_DATAMART.ST_API_SNELLHEATINGAIR.STR_API_JOBAPPOINTMENT WHERE ACTIVE_FLAG='Y'
Table Count in Snowflake:: 747
Executing Snowflake query :: select count(*) as TOTAL from DEV_ENT_CURATED.MASTER_DIMENSIONS.DIM_JOBAPPOINTMENT WHERE TENANT_TYPE='SNELLHEATINGAIR' and RECORD_UPDATED_BY='API ETL'
Table Count in Snowflake:: 0
Row Count of Table JOBAPPOINTMENT is not matched for APIMAT :: 913 DataMart :: 747
Executing Snowflake query :: select count(*) as TOTAL from DEV_ENT_CURATED.MASTER_DIMENSIONS.DIM_JOBAPPOINTMENT WHERE TENANT_TYPE='SNELLHEATINGAIR' and RECORD_UPDATED_BY='Backup Table' AND ID in (select ID from CURATED_DATAMART.ST_API_SNELLHEATINGAIR.STR_API_JOBAPPOINTMENT WHERE ACTIVE_FLAG='Y')
Table Count in Snowflake:: 1494
Row Count of Table JOBAPPOINTMENT is not matched for DataMart :: 747 CURATED :: 1494]]>
  </system-out>
  <testcase classname="testcases.RAW_DATAMART_CURATED.SnowFlake_RowCount_Master" name="Testcase_RowCount_validation" time="1.739">
    <failure message="The following asserts failed:
	null" type="java.lang.AssertionError">
      <![CDATA[java.lang.AssertionError: The following asserts failed:
null
at org.testng.asserts.SoftAssert.assertAll(SoftAssert.java:47)
at org.testng.asserts.SoftAssert.assertAll(SoftAssert.java:31)
at testcases.RAW_DATAMART_CURATED.SnowFlake_RowCount_Master.validate_RowCount_BKP(SnowFlake_RowCount_Master.java:56)
at testcases.RAW_DATAMART_CURATED.SnowFlake_RowCount_Master.Testcase_RowCount_validation(SnowFlake_RowCount_Master.java:25)
at java.base/jdk.internal.reflect.NativeMethodAccessorImpl.invoke0(Native Method)
at java.base/jdk.internal.reflect.NativeMethodAccessorImpl.invoke(NativeMethodAccessorImpl.java:77)
at java.base/jdk.internal.reflect.DelegatingMethodAccessorImpl.invoke(DelegatingMethodAccessorImpl.java:43)
at java.base/java.lang.reflect.Method.invoke(Method.java:568)
at org.testng.internal.MethodInvocationHelper.invokeMethod(MethodInvocationHelper.java:133)
at org.testng.internal.TestInvoker.invokeMethod(TestInvoker.java:598)
at org.testng.internal.TestInvoker.invokeTestMethod(TestInvoker.java:173)
at org.testng.internal.MethodRunner.runInSequence(MethodRunner.java:46)
at org.testng.internal.TestInvoker$MethodInvocationAgent.invoke(TestInvoker.java:824)
at org.testng.internal.TestInvoker.invokeTestMethods(TestInvoker.java:146)
at org.testng.internal.TestMethodWorker.invokeTestMethods(TestMethodWorker.java:146)
at org.testng.internal.TestMethodWorker.run(TestMethodWorker.java:128)
at java.base/java.util.ArrayList.forEach(ArrayList.java:1511)
at org.testng.TestRunner.privateRun(TestRunner.java:794)
at org.testng.TestRunner.run(TestRunner.java:596)
at org.testng.SuiteRunner.runTest(SuiteRunner.java:377)
at org.testng.SuiteRunner.runSequentially(SuiteRunner.java:371)
at org.testng.SuiteRunner.privateRun(SuiteRunner.java:332)
at org.testng.SuiteRunner.run(SuiteRunner.java:276)
at org.testng.SuiteRunnerWorker.runSuite(SuiteRunnerWorker.java:53)
at org.testng.SuiteRunnerWorker.run(SuiteRunnerWorker.java:96)
at org.testng.TestNG.runSuitesSequentially(TestNG.java:1212)
at org.testng.TestNG.runSuitesLocally(TestNG.java:1134)
at org.testng.TestNG.runSuites(TestNG.java:1063)
at org.testng.TestNG.run(TestNG.java:1031)
at org.testng.remote.AbstractRemoteTestNG.run(AbstractRemoteTestNG.java:115)
at org.testng.remote.RemoteTestNG.initAndRun(RemoteTestNG.java:251)
at org.testng.remote.RemoteTestNG.main(RemoteTestNG.java:77)
]]>
    </failure>
  </testcase> <!-- Testcase_RowCount_validation -->
  <system-out>
    <![CDATA[Executing Snowflake query :: SELECT count(*) as TOTAL FROM DEV_ENT_RAW.ST_CASTEEL_MATILLION.PAYMENTTERM
Table Count in Snowflake:: 6
Executing Snowflake query :: select count(*) as TOTAL from CURATED_DATAMART.ST_BKP_CASTEEL.STR_PAYMENTTERM Where ACTIVE_FLAG='Y'
Table Count in Snowflake:: 12
Executing Snowflake query :: select count(*) as TOTAL from DEV_ENT_CURATED.MASTER_DIMENSIONS.DIM_PAYMENTTERM where tenant_type='CASTEEL' and RECORD_UPDATED_BY='Backup Table'
Table Count in Snowflake:: 0
Row Count of Table PAYMENTTERM is not matched for RAW :: 6 DataMart :: 12 CURATED :: 0]]>
  </system-out>
  <testcase classname="testcases.RAW_DATAMART_CURATED.SnowFlake_RowCount_Master" name="Testcase_RowCount_validation" time="2.866">
    <failure message="The following asserts failed:
	null" type="java.lang.AssertionError">
      <![CDATA[java.lang.AssertionError: The following asserts failed:
null
at org.testng.asserts.SoftAssert.assertAll(SoftAssert.java:47)
at org.testng.asserts.SoftAssert.assertAll(SoftAssert.java:31)
at testcases.RAW_DATAMART_CURATED.SnowFlake_RowCount_Master.validate_RowCount_API(SnowFlake_RowCount_Master.java:115)
at testcases.RAW_DATAMART_CURATED.SnowFlake_RowCount_Master.Testcase_RowCount_validation(SnowFlake_RowCount_Master.java:28)
at jdk.internal.reflect.GeneratedMethodAccessor13.invoke(Unknown Source)
at java.base/jdk.internal.reflect.DelegatingMethodAccessorImpl.invoke(DelegatingMethodAccessorImpl.java:43)
at java.base/java.lang.reflect.Method.invoke(Method.java:568)
at org.testng.internal.MethodInvocationHelper.invokeMethod(MethodInvocationHelper.java:133)
at org.testng.internal.TestInvoker.invokeMethod(TestInvoker.java:598)
at org.testng.internal.TestInvoker.invokeTestMethod(TestInvoker.java:173)
at org.testng.internal.MethodRunner.runInSequence(MethodRunner.java:46)
at org.testng.internal.TestInvoker$MethodInvocationAgent.invoke(TestInvoker.java:824)
at org.testng.internal.TestInvoker.invokeTestMethods(TestInvoker.java:146)
at org.testng.internal.TestMethodWorker.invokeTestMethods(TestMethodWorker.java:146)
at org.testng.internal.TestMethodWorker.run(TestMethodWorker.java:128)
at java.base/java.util.ArrayList.forEach(ArrayList.java:1511)
at org.testng.TestRunner.privateRun(TestRunner.java:794)
at org.testng.TestRunner.run(TestRunner.java:596)
at org.testng.SuiteRunner.runTest(SuiteRunner.java:377)
at org.testng.SuiteRunner.runSequentially(SuiteRunner.java:371)
at org.testng.SuiteRunner.privateRun(SuiteRunner.java:332)
at org.testng.SuiteRunner.run(SuiteRunner.java:276)
at org.testng.SuiteRunnerWorker.runSuite(SuiteRunnerWorker.java:53)
at org.testng.SuiteRunnerWorker.run(SuiteRunnerWorker.java:96)
at org.testng.TestNG.runSuitesSequentially(TestNG.java:1212)
at org.testng.TestNG.runSuitesLocally(TestNG.java:1134)
at org.testng.TestNG.runSuites(TestNG.java:1063)
at org.testng.TestNG.run(TestNG.java:1031)
at org.testng.remote.AbstractRemoteTestNG.run(AbstractRemoteTestNG.java:115)
at org.testng.remote.RemoteTestNG.initAndRun(RemoteTestNG.java:251)
at org.testng.remote.RemoteTestNG.main(RemoteTestNG.java:77)
]]>
    </failure>
  </testcase> <!-- Testcase_RowCount_validation -->
  <system-out>
    <![CDATA[Executing Snowflake query :: SELECT count(*) as TOTAL FROM DEV_ENT_RAW.API_MAT.ST_API_ZONE WHERE TENANT_NAME='HARP'
Table Count in Snowflake:: 20
Executing Snowflake query :: select count(*) as TOTAL from CURATED_DATAMART.ST_API_HARP.STR_API_ZONE WHERE ACTIVE_FLAG='Y'
Table Count in Snowflake:: 20
Executing Snowflake query :: select count(*) as TOTAL from DEV_ENT_CURATED.MASTER_DIMENSIONS.DIM_ZONE WHERE TENANT_TYPE='HARP' and RECORD_UPDATED_BY='API ETL'
Table Count in Snowflake:: 13
Row Count of Table ZONE is matched for APIMAT :: 20 DataMart :: 20
Executing Snowflake query :: select count(*) as TOTAL from DEV_ENT_CURATED.MASTER_DIMENSIONS.DIM_ZONE WHERE TENANT_TYPE='HARP' and RECORD_UPDATED_BY='Backup Table' AND ID in (select ID from CURATED_DATAMART.ST_API_HARP.STR_API_ZONE WHERE ACTIVE_FLAG='Y')
Table Count in Snowflake:: 7
Row Count of Table ZONE is not matched for DataMart :: 20 CURATED :: 7]]>
  </system-out>
  <testcase classname="testcases.RAW_DATAMART_CURATED.SnowFlake_RowCount_Master" name="Testcase_RowCount_validation" time="2.954">
    <failure message="The following asserts failed:
	null" type="java.lang.AssertionError">
      <![CDATA[java.lang.AssertionError: The following asserts failed:
null
at org.testng.asserts.SoftAssert.assertAll(SoftAssert.java:47)
at org.testng.asserts.SoftAssert.assertAll(SoftAssert.java:31)
at testcases.RAW_DATAMART_CURATED.SnowFlake_RowCount_Master.validate_RowCount_BKP(SnowFlake_RowCount_Master.java:56)
at testcases.RAW_DATAMART_CURATED.SnowFlake_RowCount_Master.Testcase_RowCount_validation(SnowFlake_RowCount_Master.java:25)
at jdk.internal.reflect.GeneratedMethodAccessor13.invoke(Unknown Source)
at java.base/jdk.internal.reflect.DelegatingMethodAccessorImpl.invoke(DelegatingMethodAccessorImpl.java:43)
at java.base/java.lang.reflect.Method.invoke(Method.java:568)
at org.testng.internal.MethodInvocationHelper.invokeMethod(MethodInvocationHelper.java:133)
at org.testng.internal.TestInvoker.invokeMethod(TestInvoker.java:598)
at org.testng.internal.TestInvoker.invokeTestMethod(TestInvoker.java:173)
at org.testng.internal.MethodRunner.runInSequence(MethodRunner.java:46)
at org.testng.internal.TestInvoker$MethodInvocationAgent.invoke(TestInvoker.java:824)
at org.testng.internal.TestInvoker.invokeTestMethods(TestInvoker.java:146)
at org.testng.internal.TestMethodWorker.invokeTestMethods(TestMethodWorker.java:146)
at org.testng.internal.TestMethodWorker.run(TestMethodWorker.java:128)
at java.base/java.util.ArrayList.forEach(ArrayList.java:1511)
at org.testng.TestRunner.privateRun(TestRunner.java:794)
at org.testng.TestRunner.run(TestRunner.java:596)
at org.testng.SuiteRunner.runTest(SuiteRunner.java:377)
at org.testng.SuiteRunner.runSequentially(SuiteRunner.java:371)
at org.testng.SuiteRunner.privateRun(SuiteRunner.java:332)
at org.testng.SuiteRunner.run(SuiteRunner.java:276)
at org.testng.SuiteRunnerWorker.runSuite(SuiteRunnerWorker.java:53)
at org.testng.SuiteRunnerWorker.run(SuiteRunnerWorker.java:96)
at org.testng.TestNG.runSuitesSequentially(TestNG.java:1212)
at org.testng.TestNG.runSuitesLocally(TestNG.java:1134)
at org.testng.TestNG.runSuites(TestNG.java:1063)
at org.testng.TestNG.run(TestNG.java:1031)
at org.testng.remote.AbstractRemoteTestNG.run(AbstractRemoteTestNG.java:115)
at org.testng.remote.RemoteTestNG.initAndRun(RemoteTestNG.java:251)
at org.testng.remote.RemoteTestNG.main(RemoteTestNG.java:77)
]]>
    </failure>
  </testcase> <!-- Testcase_RowCount_validation -->
  <system-out>
    <![CDATA[Executing Snowflake query :: SELECT count(*) as TOTAL FROM DEV_ENT_RAW.ST_HDAIR_MATILLION.TRADE
Snowflake - SQLException at readDB() method :: SQL compilation error:
Object 'DEV_ENT_RAW.ST_HDAIR_MATILLION.TRADE' does not exist or not authorized.
Executing Snowflake query :: select count(*) as TOTAL from CURATED_DATAMART.ST_BKP_HDAIR.STR_TRADE Where ACTIVE_FLAG='Y'
Table Count in Snowflake:: 4
Executing Snowflake query :: select count(*) as TOTAL from DEV_ENT_CURATED.MASTER_DIMENSIONS.DIM_TRADE where tenant_type='HDAIR' and RECORD_UPDATED_BY='Backup Table'
Table Count in Snowflake:: 4
Row Count of Table TRADE is matched for RAW :: 0 DataMart :: 4 CURATED :: 4]]>
  </system-out>
  <testcase classname="testcases.RAW_DATAMART_CURATED.SnowFlake_RowCount_Master" name="Testcase_RowCount_validation" time="1.895">
    <failure message="The following asserts failed:
	null,
	null" type="java.lang.AssertionError">
      <![CDATA[java.lang.AssertionError: The following asserts failed:
null,
null
at org.testng.asserts.SoftAssert.assertAll(SoftAssert.java:47)
at org.testng.asserts.SoftAssert.assertAll(SoftAssert.java:31)
at testcases.RAW_DATAMART_CURATED.SnowFlake_RowCount_Master.validate_RowCount_BKP(SnowFlake_RowCount_Master.java:56)
at testcases.RAW_DATAMART_CURATED.SnowFlake_RowCount_Master.Testcase_RowCount_validation(SnowFlake_RowCount_Master.java:25)
at jdk.internal.reflect.GeneratedMethodAccessor13.invoke(Unknown Source)
at java.base/jdk.internal.reflect.DelegatingMethodAccessorImpl.invoke(DelegatingMethodAccessorImpl.java:43)
at java.base/java.lang.reflect.Method.invoke(Method.java:568)
at org.testng.internal.MethodInvocationHelper.invokeMethod(MethodInvocationHelper.java:133)
at org.testng.internal.TestInvoker.invokeMethod(TestInvoker.java:598)
at org.testng.internal.TestInvoker.invokeTestMethod(TestInvoker.java:173)
at org.testng.internal.MethodRunner.runInSequence(MethodRunner.java:46)
at org.testng.internal.TestInvoker$MethodInvocationAgent.invoke(TestInvoker.java:824)
at org.testng.internal.TestInvoker.invokeTestMethods(TestInvoker.java:146)
at org.testng.internal.TestMethodWorker.invokeTestMethods(TestMethodWorker.java:146)
at org.testng.internal.TestMethodWorker.run(TestMethodWorker.java:128)
at java.base/java.util.ArrayList.forEach(ArrayList.java:1511)
at org.testng.TestRunner.privateRun(TestRunner.java:794)
at org.testng.TestRunner.run(TestRunner.java:596)
at org.testng.SuiteRunner.runTest(SuiteRunner.java:377)
at org.testng.SuiteRunner.runSequentially(SuiteRunner.java:371)
at org.testng.SuiteRunner.privateRun(SuiteRunner.java:332)
at org.testng.SuiteRunner.run(SuiteRunner.java:276)
at org.testng.SuiteRunnerWorker.runSuite(SuiteRunnerWorker.java:53)
at org.testng.SuiteRunnerWorker.run(SuiteRunnerWorker.java:96)
at org.testng.TestNG.runSuitesSequentially(TestNG.java:1212)
at org.testng.TestNG.runSuitesLocally(TestNG.java:1134)
at org.testng.TestNG.runSuites(TestNG.java:1063)
at org.testng.TestNG.run(TestNG.java:1031)
at org.testng.remote.AbstractRemoteTestNG.run(AbstractRemoteTestNG.java:115)
at org.testng.remote.RemoteTestNG.initAndRun(RemoteTestNG.java:251)
at org.testng.remote.RemoteTestNG.main(RemoteTestNG.java:77)
]]>
    </failure>
  </testcase> <!-- Testcase_RowCount_validation -->
  <system-out>
    <![CDATA[Executing Snowflake query :: SELECT count(*) as TOTAL FROM DEV_ENT_RAW.ST_CASTEEL_MATILLION.NONJOBAPPOINTMENT
Snowflake - SQLException at readDB() method :: SQL compilation error:
Object 'DEV_ENT_RAW.ST_CASTEEL_MATILLION.NONJOBAPPOINTMENT' does not exist or not authorized.
Executing Snowflake query :: select count(*) as TOTAL from CURATED_DATAMART.ST_BKP_CASTEEL.STR_NONJOBAPPOINTMENT Where ACTIVE_FLAG='Y'
Table Count in Snowflake:: 127197
Executing Snowflake query :: select count(*) as TOTAL from DEV_ENT_CURATED.MASTER_DIMENSIONS.DIM_NONJOBAPPOINTMENT where tenant_type='CASTEEL' and RECORD_UPDATED_BY='Backup Table'
Table Count in Snowflake:: 126688
Row Count of Table NONJOBAPPOINTMENT is not matched for RAW :: 0 DataMart :: 127197 CURATED :: 126688]]>
  </system-out>
  <testcase classname="testcases.RAW_DATAMART_CURATED.SnowFlake_RowCount_Master" name="Testcase_RowCount_validation" time="2.361">
    <failure message="The following asserts failed:
	null" type="java.lang.AssertionError">
      <![CDATA[java.lang.AssertionError: The following asserts failed:
null
at org.testng.asserts.SoftAssert.assertAll(SoftAssert.java:47)
at org.testng.asserts.SoftAssert.assertAll(SoftAssert.java:31)
at testcases.RAW_DATAMART_CURATED.SnowFlake_RowCount_Master.validate_RowCount_API(SnowFlake_RowCount_Master.java:115)
at testcases.RAW_DATAMART_CURATED.SnowFlake_RowCount_Master.Testcase_RowCount_validation(SnowFlake_RowCount_Master.java:28)
at jdk.internal.reflect.GeneratedMethodAccessor13.invoke(Unknown Source)
at java.base/jdk.internal.reflect.DelegatingMethodAccessorImpl.invoke(DelegatingMethodAccessorImpl.java:43)
at java.base/java.lang.reflect.Method.invoke(Method.java:568)
at org.testng.internal.MethodInvocationHelper.invokeMethod(MethodInvocationHelper.java:133)
at org.testng.internal.TestInvoker.invokeMethod(TestInvoker.java:598)
at org.testng.internal.TestInvoker.invokeTestMethod(TestInvoker.java:173)
at org.testng.internal.MethodRunner.runInSequence(MethodRunner.java:46)
at org.testng.internal.TestInvoker$MethodInvocationAgent.invoke(TestInvoker.java:824)
at org.testng.internal.TestInvoker.invokeTestMethods(TestInvoker.java:146)
at org.testng.internal.TestMethodWorker.invokeTestMethods(TestMethodWorker.java:146)
at org.testng.internal.TestMethodWorker.run(TestMethodWorker.java:128)
at java.base/java.util.ArrayList.forEach(ArrayList.java:1511)
at org.testng.TestRunner.privateRun(TestRunner.java:794)
at org.testng.TestRunner.run(TestRunner.java:596)
at org.testng.SuiteRunner.runTest(SuiteRunner.java:377)
at org.testng.SuiteRunner.runSequentially(SuiteRunner.java:371)
at org.testng.SuiteRunner.privateRun(SuiteRunner.java:332)
at org.testng.SuiteRunner.run(SuiteRunner.java:276)
at org.testng.SuiteRunnerWorker.runSuite(SuiteRunnerWorker.java:53)
at org.testng.SuiteRunnerWorker.run(SuiteRunnerWorker.java:96)
at org.testng.TestNG.runSuitesSequentially(TestNG.java:1212)
at org.testng.TestNG.runSuitesLocally(TestNG.java:1134)
at org.testng.TestNG.runSuites(TestNG.java:1063)
at org.testng.TestNG.run(TestNG.java:1031)
at org.testng.remote.AbstractRemoteTestNG.run(AbstractRemoteTestNG.java:115)
at org.testng.remote.RemoteTestNG.initAndRun(RemoteTestNG.java:251)
at org.testng.remote.RemoteTestNG.main(RemoteTestNG.java:77)
]]>
    </failure>
  </testcase> <!-- Testcase_RowCount_validation -->
  <system-out>
    <![CDATA[Executing Snowflake query :: SELECT count(*) as TOTAL FROM DEV_ENT_RAW.API_MAT.ST_API_LEAD WHERE TENANT_NAME='FOURPROS'
Table Count in Snowflake:: 6
Executing Snowflake query :: select count(*) as TOTAL from CURATED_DATAMART.ST_API_FOURPROS.STR_API_LEAD WHERE ACTIVE_FLAG='Y'
Table Count in Snowflake:: 0
Executing Snowflake query :: select count(*) as TOTAL from DEV_ENT_CURATED.MASTER_DIMENSIONS.DIM_LEAD WHERE TENANT_TYPE='FOURPROS' and RECORD_UPDATED_BY='API ETL'
Table Count in Snowflake:: 0
Row Count of Table LEAD is not matched for APIMAT :: 6 DataMart :: 0
Row Count of Table LEAD is matched for DataMart :: 0 CURATED :: 0]]>
  </system-out>
  <testcase classname="testcases.RAW_DATAMART_CURATED.SnowFlake_RowCount_Master" name="Testcase_RowCount_validation" time="1.842">
    <failure message="The following asserts failed:
	null" type="java.lang.AssertionError">
      <![CDATA[java.lang.AssertionError: The following asserts failed:
null
at org.testng.asserts.SoftAssert.assertAll(SoftAssert.java:47)
at org.testng.asserts.SoftAssert.assertAll(SoftAssert.java:31)
at testcases.RAW_DATAMART_CURATED.SnowFlake_RowCount_Master.validate_RowCount_BKP(SnowFlake_RowCount_Master.java:56)
at testcases.RAW_DATAMART_CURATED.SnowFlake_RowCount_Master.Testcase_RowCount_validation(SnowFlake_RowCount_Master.java:25)
at jdk.internal.reflect.GeneratedMethodAccessor13.invoke(Unknown Source)
at java.base/jdk.internal.reflect.DelegatingMethodAccessorImpl.invoke(DelegatingMethodAccessorImpl.java:43)
at java.base/java.lang.reflect.Method.invoke(Method.java:568)
at org.testng.internal.MethodInvocationHelper.invokeMethod(MethodInvocationHelper.java:133)
at org.testng.internal.TestInvoker.invokeMethod(TestInvoker.java:598)
at org.testng.internal.TestInvoker.invokeTestMethod(TestInvoker.java:173)
at org.testng.internal.MethodRunner.runInSequence(MethodRunner.java:46)
at org.testng.internal.TestInvoker$MethodInvocationAgent.invoke(TestInvoker.java:824)
at org.testng.internal.TestInvoker.invokeTestMethods(TestInvoker.java:146)
at org.testng.internal.TestMethodWorker.invokeTestMethods(TestMethodWorker.java:146)
at org.testng.internal.TestMethodWorker.run(TestMethodWorker.java:128)
at java.base/java.util.ArrayList.forEach(ArrayList.java:1511)
at org.testng.TestRunner.privateRun(TestRunner.java:794)
at org.testng.TestRunner.run(TestRunner.java:596)
at org.testng.SuiteRunner.runTest(SuiteRunner.java:377)
at org.testng.SuiteRunner.runSequentially(SuiteRunner.java:371)
at org.testng.SuiteRunner.privateRun(SuiteRunner.java:332)
at org.testng.SuiteRunner.run(SuiteRunner.java:276)
at org.testng.SuiteRunnerWorker.runSuite(SuiteRunnerWorker.java:53)
at org.testng.SuiteRunnerWorker.run(SuiteRunnerWorker.java:96)
at org.testng.TestNG.runSuitesSequentially(TestNG.java:1212)
at org.testng.TestNG.runSuitesLocally(TestNG.java:1134)
at org.testng.TestNG.runSuites(TestNG.java:1063)
at org.testng.TestNG.run(TestNG.java:1031)
at org.testng.remote.AbstractRemoteTestNG.run(AbstractRemoteTestNG.java:115)
at org.testng.remote.RemoteTestNG.initAndRun(RemoteTestNG.java:251)
at org.testng.remote.RemoteTestNG.main(RemoteTestNG.java:77)
]]>
    </failure>
  </testcase> <!-- Testcase_RowCount_validation -->
  <system-out>
    <![CDATA[Executing Snowflake query :: SELECT count(*) as TOTAL FROM DEV_ENT_RAW.ST_MAITZ_MATILLION.TECHNICIANSHIFT
Snowflake - SQLException at readDB() method :: SQL compilation error:
Object 'DEV_ENT_RAW.ST_MAITZ_MATILLION.TECHNICIANSHIFT' does not exist or not authorized.
Executing Snowflake query :: select count(*) as TOTAL from CURATED_DATAMART.ST_BKP_MAITZ.STR_TECHNICIANSHIFT Where ACTIVE_FLAG='Y'
Table Count in Snowflake:: 14591
Executing Snowflake query :: select count(*) as TOTAL from DEV_ENT_CURATED.MASTER_DIMENSIONS.DIM_TECHNICIANSHIFT where tenant_type='MAITZ' and RECORD_UPDATED_BY='Backup Table'
Table Count in Snowflake:: 14591
Row Count of Table TECHNICIANSHIFT is matched for RAW :: 0 DataMart :: 14591 CURATED :: 14591]]>
  </system-out>
  <testcase classname="testcases.RAW_DATAMART_CURATED.SnowFlake_RowCount_Master" name="Testcase_RowCount_validation" time="2.392"/>
  <system-out>
    <![CDATA[Executing Snowflake query :: SELECT count(*) as TOTAL FROM DEV_ENT_RAW.ST_HUTCHINSON_MATILLION.JOBTYPE
Table Count in Snowflake:: 991
Executing Snowflake query :: select count(*) as TOTAL from CURATED_DATAMART.ST_BKP_HUTCHINSON.STR_JOBTYPE Where ACTIVE_FLAG='Y'
Table Count in Snowflake:: 991
Executing Snowflake query :: select count(*) as TOTAL from DEV_ENT_CURATED.MASTER_DIMENSIONS.DIM_JOBTYPE where tenant_type='HUTCHINSON' and RECORD_UPDATED_BY='Backup Table'
Table Count in Snowflake:: 991
Row Count of Table JOBTYPE is matched for RAW :: 991 DataMart :: 991 CURATED :: 991]]>
  </system-out>
  <testcase classname="testcases.RAW_DATAMART_CURATED.SnowFlake_RowCount_Master" name="Testcase_RowCount_validation" time="2.378">
    <failure message="The following asserts failed:
	null" type="java.lang.AssertionError">
      <![CDATA[java.lang.AssertionError: The following asserts failed:
null
at org.testng.asserts.SoftAssert.assertAll(SoftAssert.java:47)
at org.testng.asserts.SoftAssert.assertAll(SoftAssert.java:31)
at testcases.RAW_DATAMART_CURATED.SnowFlake_RowCount_Master.validate_RowCount_BKP(SnowFlake_RowCount_Master.java:56)
at testcases.RAW_DATAMART_CURATED.SnowFlake_RowCount_Master.Testcase_RowCount_validation(SnowFlake_RowCount_Master.java:25)
at jdk.internal.reflect.GeneratedMethodAccessor13.invoke(Unknown Source)
at java.base/jdk.internal.reflect.DelegatingMethodAccessorImpl.invoke(DelegatingMethodAccessorImpl.java:43)
at java.base/java.lang.reflect.Method.invoke(Method.java:568)
at org.testng.internal.MethodInvocationHelper.invokeMethod(MethodInvocationHelper.java:133)
at org.testng.internal.TestInvoker.invokeMethod(TestInvoker.java:598)
at org.testng.internal.TestInvoker.invokeTestMethod(TestInvoker.java:173)
at org.testng.internal.MethodRunner.runInSequence(MethodRunner.java:46)
at org.testng.internal.TestInvoker$MethodInvocationAgent.invoke(TestInvoker.java:824)
at org.testng.internal.TestInvoker.invokeTestMethods(TestInvoker.java:146)
at org.testng.internal.TestMethodWorker.invokeTestMethods(TestMethodWorker.java:146)
at org.testng.internal.TestMethodWorker.run(TestMethodWorker.java:128)
at java.base/java.util.ArrayList.forEach(ArrayList.java:1511)
at org.testng.TestRunner.privateRun(TestRunner.java:794)
at org.testng.TestRunner.run(TestRunner.java:596)
at org.testng.SuiteRunner.runTest(SuiteRunner.java:377)
at org.testng.SuiteRunner.runSequentially(SuiteRunner.java:371)
at org.testng.SuiteRunner.privateRun(SuiteRunner.java:332)
at org.testng.SuiteRunner.run(SuiteRunner.java:276)
at org.testng.SuiteRunnerWorker.runSuite(SuiteRunnerWorker.java:53)
at org.testng.SuiteRunnerWorker.run(SuiteRunnerWorker.java:96)
at org.testng.TestNG.runSuitesSequentially(TestNG.java:1212)
at org.testng.TestNG.runSuitesLocally(TestNG.java:1134)
at org.testng.TestNG.runSuites(TestNG.java:1063)
at org.testng.TestNG.run(TestNG.java:1031)
at org.testng.remote.AbstractRemoteTestNG.run(AbstractRemoteTestNG.java:115)
at org.testng.remote.RemoteTestNG.initAndRun(RemoteTestNG.java:251)
at org.testng.remote.RemoteTestNG.main(RemoteTestNG.java:77)
]]>
    </failure>
  </testcase> <!-- Testcase_RowCount_validation -->
  <system-out>
    <![CDATA[Executing Snowflake query :: SELECT count(*) as TOTAL FROM DEV_ENT_RAW.ST_CASTEEL_MATILLION.TECHNICIAN
Table Count in Snowflake:: 1016
Executing Snowflake query :: select count(*) as TOTAL from CURATED_DATAMART.ST_BKP_CASTEEL.STR_TECHNICIAN Where ACTIVE_FLAG='Y'
Table Count in Snowflake:: 1016
Executing Snowflake query :: select count(*) as TOTAL from DEV_ENT_CURATED.MASTER_DIMENSIONS.DIM_TECHNICIAN where tenant_type='CASTEEL' and RECORD_UPDATED_BY='Backup Table'
Table Count in Snowflake:: 645
Row Count of Table TECHNICIAN is not matched for RAW :: 1016 DataMart :: 1016 CURATED :: 645]]>
  </system-out>
  <testcase classname="testcases.RAW_DATAMART_CURATED.SnowFlake_RowCount_Master" name="Testcase_RowCount_validation" time="2.864">
    <failure message="The following asserts failed:
	null" type="java.lang.AssertionError">
      <![CDATA[java.lang.AssertionError: The following asserts failed:
null
at org.testng.asserts.SoftAssert.assertAll(SoftAssert.java:47)
at org.testng.asserts.SoftAssert.assertAll(SoftAssert.java:31)
at testcases.RAW_DATAMART_CURATED.SnowFlake_RowCount_Master.validate_RowCount_BKP(SnowFlake_RowCount_Master.java:56)
at testcases.RAW_DATAMART_CURATED.SnowFlake_RowCount_Master.Testcase_RowCount_validation(SnowFlake_RowCount_Master.java:25)
at jdk.internal.reflect.GeneratedMethodAccessor13.invoke(Unknown Source)
at java.base/jdk.internal.reflect.DelegatingMethodAccessorImpl.invoke(DelegatingMethodAccessorImpl.java:43)
at java.base/java.lang.reflect.Method.invoke(Method.java:568)
at org.testng.internal.MethodInvocationHelper.invokeMethod(MethodInvocationHelper.java:133)
at org.testng.internal.TestInvoker.invokeMethod(TestInvoker.java:598)
at org.testng.internal.TestInvoker.invokeTestMethod(TestInvoker.java:173)
at org.testng.internal.MethodRunner.runInSequence(MethodRunner.java:46)
at org.testng.internal.TestInvoker$MethodInvocationAgent.invoke(TestInvoker.java:824)
at org.testng.internal.TestInvoker.invokeTestMethods(TestInvoker.java:146)
at org.testng.internal.TestMethodWorker.invokeTestMethods(TestMethodWorker.java:146)
at org.testng.internal.TestMethodWorker.run(TestMethodWorker.java:128)
at java.base/java.util.ArrayList.forEach(ArrayList.java:1511)
at org.testng.TestRunner.privateRun(TestRunner.java:794)
at org.testng.TestRunner.run(TestRunner.java:596)
at org.testng.SuiteRunner.runTest(SuiteRunner.java:377)
at org.testng.SuiteRunner.runSequentially(SuiteRunner.java:371)
at org.testng.SuiteRunner.privateRun(SuiteRunner.java:332)
at org.testng.SuiteRunner.run(SuiteRunner.java:276)
at org.testng.SuiteRunnerWorker.runSuite(SuiteRunnerWorker.java:53)
at org.testng.SuiteRunnerWorker.run(SuiteRunnerWorker.java:96)
at org.testng.TestNG.runSuitesSequentially(TestNG.java:1212)
at org.testng.TestNG.runSuitesLocally(TestNG.java:1134)
at org.testng.TestNG.runSuites(TestNG.java:1063)
at org.testng.TestNG.run(TestNG.java:1031)
at org.testng.remote.AbstractRemoteTestNG.run(AbstractRemoteTestNG.java:115)
at org.testng.remote.RemoteTestNG.initAndRun(RemoteTestNG.java:251)
at org.testng.remote.RemoteTestNG.main(RemoteTestNG.java:77)
]]>
    </failure>
  </testcase> <!-- Testcase_RowCount_validation -->
  <system-out>
    <![CDATA[Executing Snowflake query :: SELECT count(*) as TOTAL FROM DEV_ENT_RAW.ST_CASTEEL_MATILLION.PURCHASEORDERITEM
Table Count in Snowflake:: 168848
Executing Snowflake query :: select count(*) as TOTAL from CURATED_DATAMART.ST_BKP_CASTEEL.STR_PURCHASEORDERITEM Where ACTIVE_FLAG='Y'
Table Count in Snowflake:: 168353
Executing Snowflake query :: select count(*) as TOTAL from DEV_ENT_CURATED.MASTER_DIMENSIONS.DIM_PURCHASEORDERITEM where tenant_type='CASTEEL' and RECORD_UPDATED_BY='Backup Table'
Table Count in Snowflake:: 168353
Row Count of Table PURCHASEORDERITEM is not matched for RAW :: 168848 DataMart :: 168353 CURATED :: 168353]]>
  </system-out>
  <testcase classname="testcases.RAW_DATAMART_CURATED.SnowFlake_RowCount_Master" name="Testcase_RowCount_validation" time="1.706">
    <failure message="The following asserts failed:
	null" type="java.lang.AssertionError">
      <![CDATA[java.lang.AssertionError: The following asserts failed:
null
at org.testng.asserts.SoftAssert.assertAll(SoftAssert.java:47)
at org.testng.asserts.SoftAssert.assertAll(SoftAssert.java:31)
at testcases.RAW_DATAMART_CURATED.SnowFlake_RowCount_Master.validate_RowCount_BKP(SnowFlake_RowCount_Master.java:56)
at testcases.RAW_DATAMART_CURATED.SnowFlake_RowCount_Master.Testcase_RowCount_validation(SnowFlake_RowCount_Master.java:25)
at jdk.internal.reflect.GeneratedMethodAccessor13.invoke(Unknown Source)
at java.base/jdk.internal.reflect.DelegatingMethodAccessorImpl.invoke(DelegatingMethodAccessorImpl.java:43)
at java.base/java.lang.reflect.Method.invoke(Method.java:568)
at org.testng.internal.MethodInvocationHelper.invokeMethod(MethodInvocationHelper.java:133)
at org.testng.internal.TestInvoker.invokeMethod(TestInvoker.java:598)
at org.testng.internal.TestInvoker.invokeTestMethod(TestInvoker.java:173)
at org.testng.internal.MethodRunner.runInSequence(MethodRunner.java:46)
at org.testng.internal.TestInvoker$MethodInvocationAgent.invoke(TestInvoker.java:824)
at org.testng.internal.TestInvoker.invokeTestMethods(TestInvoker.java:146)
at org.testng.internal.TestMethodWorker.invokeTestMethods(TestMethodWorker.java:146)
at org.testng.internal.TestMethodWorker.run(TestMethodWorker.java:128)
at java.base/java.util.ArrayList.forEach(ArrayList.java:1511)
at org.testng.TestRunner.privateRun(TestRunner.java:794)
at org.testng.TestRunner.run(TestRunner.java:596)
at org.testng.SuiteRunner.runTest(SuiteRunner.java:377)
at org.testng.SuiteRunner.runSequentially(SuiteRunner.java:371)
at org.testng.SuiteRunner.privateRun(SuiteRunner.java:332)
at org.testng.SuiteRunner.run(SuiteRunner.java:276)
at org.testng.SuiteRunnerWorker.runSuite(SuiteRunnerWorker.java:53)
at org.testng.SuiteRunnerWorker.run(SuiteRunnerWorker.java:96)
at org.testng.TestNG.runSuitesSequentially(TestNG.java:1212)
at org.testng.TestNG.runSuitesLocally(TestNG.java:1134)
at org.testng.TestNG.runSuites(TestNG.java:1063)
at org.testng.TestNG.run(TestNG.java:1031)
at org.testng.remote.AbstractRemoteTestNG.run(AbstractRemoteTestNG.java:115)
at org.testng.remote.RemoteTestNG.initAndRun(RemoteTestNG.java:251)
at org.testng.remote.RemoteTestNG.main(RemoteTestNG.java:77)
]]>
    </failure>
  </testcase> <!-- Testcase_RowCount_validation -->
  <system-out>
    <![CDATA[Executing Snowflake query :: SELECT count(*) as TOTAL FROM DEV_ENT_RAW.ST_HUTCHINSON_MATILLION.JOBASSIGNMENT
Table Count in Snowflake:: 1116547
Executing Snowflake query :: select count(*) as TOTAL from CURATED_DATAMART.ST_BKP_HUTCHINSON.STR_JOBASSIGNMENT Where ACTIVE_FLAG='Y'
Table Count in Snowflake:: 1116227
Executing Snowflake query :: select count(*) as TOTAL from DEV_ENT_CURATED.MASTER_DIMENSIONS.DIM_JOBASSIGNMENT where tenant_type='HUTCHINSON' and RECORD_UPDATED_BY='Backup Table'
Table Count in Snowflake:: 1121330
Row Count of Table JOBASSIGNMENT is not matched for RAW :: 1116547 DataMart :: 1116227 CURATED :: 1121330]]>
  </system-out>
  <testcase classname="testcases.RAW_DATAMART_CURATED.SnowFlake_RowCount_Master" name="Testcase_RowCount_validation" time="2.656">
    <failure message="The following asserts failed:
	null,
	null" type="java.lang.AssertionError">
      <![CDATA[java.lang.AssertionError: The following asserts failed:
null,
null
at org.testng.asserts.SoftAssert.assertAll(SoftAssert.java:47)
at org.testng.asserts.SoftAssert.assertAll(SoftAssert.java:31)
at testcases.RAW_DATAMART_CURATED.SnowFlake_RowCount_Master.validate_RowCount_API(SnowFlake_RowCount_Master.java:115)
at testcases.RAW_DATAMART_CURATED.SnowFlake_RowCount_Master.Testcase_RowCount_validation(SnowFlake_RowCount_Master.java:28)
at jdk.internal.reflect.GeneratedMethodAccessor13.invoke(Unknown Source)
at java.base/jdk.internal.reflect.DelegatingMethodAccessorImpl.invoke(DelegatingMethodAccessorImpl.java:43)
at java.base/java.lang.reflect.Method.invoke(Method.java:568)
at org.testng.internal.MethodInvocationHelper.invokeMethod(MethodInvocationHelper.java:133)
at org.testng.internal.TestInvoker.invokeMethod(TestInvoker.java:598)
at org.testng.internal.TestInvoker.invokeTestMethod(TestInvoker.java:173)
at org.testng.internal.MethodRunner.runInSequence(MethodRunner.java:46)
at org.testng.internal.TestInvoker$MethodInvocationAgent.invoke(TestInvoker.java:824)
at org.testng.internal.TestInvoker.invokeTestMethods(TestInvoker.java:146)
at org.testng.internal.TestMethodWorker.invokeTestMethods(TestMethodWorker.java:146)
at org.testng.internal.TestMethodWorker.run(TestMethodWorker.java:128)
at java.base/java.util.ArrayList.forEach(ArrayList.java:1511)
at org.testng.TestRunner.privateRun(TestRunner.java:794)
at org.testng.TestRunner.run(TestRunner.java:596)
at org.testng.SuiteRunner.runTest(SuiteRunner.java:377)
at org.testng.SuiteRunner.runSequentially(SuiteRunner.java:371)
at org.testng.SuiteRunner.privateRun(SuiteRunner.java:332)
at org.testng.SuiteRunner.run(SuiteRunner.java:276)
at org.testng.SuiteRunnerWorker.runSuite(SuiteRunnerWorker.java:53)
at org.testng.SuiteRunnerWorker.run(SuiteRunnerWorker.java:96)
at org.testng.TestNG.runSuitesSequentially(TestNG.java:1212)
at org.testng.TestNG.runSuitesLocally(TestNG.java:1134)
at org.testng.TestNG.runSuites(TestNG.java:1063)
at org.testng.TestNG.run(TestNG.java:1031)
at org.testng.remote.AbstractRemoteTestNG.run(AbstractRemoteTestNG.java:115)
at org.testng.remote.RemoteTestNG.initAndRun(RemoteTestNG.java:251)
at org.testng.remote.RemoteTestNG.main(RemoteTestNG.java:77)
]]>
    </failure>
  </testcase> <!-- Testcase_RowCount_validation -->
  <system-out>
    <![CDATA[Executing Snowflake query :: SELECT count(*) as TOTAL FROM DEV_ENT_RAW.API_MAT.ST_API_CUSTOMER WHERE TENANT_NAME='HORIZONSERVICES'
Table Count in Snowflake:: 74396
Executing Snowflake query :: select count(*) as TOTAL from CURATED_DATAMART.ST_API_HORIZONSERVICES.STR_API_CUSTOMER WHERE ACTIVE_FLAG='Y'
Table Count in Snowflake:: 72295
Executing Snowflake query :: select count(*) as TOTAL from DEV_ENT_CURATED.MASTER_DIMENSIONS.DIM_CUSTOMER WHERE TENANT_TYPE='HORIZONSERVICES' and RECORD_UPDATED_BY='API ETL'
Table Count in Snowflake:: 0
Row Count of Table CUSTOMER is not matched for APIMAT :: 74396 DataMart :: 72295
Executing Snowflake query :: select count(*) as TOTAL from DEV_ENT_CURATED.MASTER_DIMENSIONS.DIM_CUSTOMER WHERE TENANT_TYPE='HORIZONSERVICES' and RECORD_UPDATED_BY='Backup Table' AND ID in (select ID from CURATED_DATAMART.ST_API_HORIZONSERVICES.STR_API_CUSTOMER WHERE ACTIVE_FLAG='Y')
Table Count in Snowflake:: 70721
Row Count of Table CUSTOMER is not matched for DataMart :: 72295 CURATED :: 70721]]>
  </system-out>
  <testcase classname="testcases.RAW_DATAMART_CURATED.SnowFlake_RowCount_Master" name="Testcase_RowCount_validation" time="1.726">
    <failure message="The following asserts failed:
	null" type="java.lang.AssertionError">
      <![CDATA[java.lang.AssertionError: The following asserts failed:
null
at org.testng.asserts.SoftAssert.assertAll(SoftAssert.java:47)
at org.testng.asserts.SoftAssert.assertAll(SoftAssert.java:31)
at testcases.RAW_DATAMART_CURATED.SnowFlake_RowCount_Master.validate_RowCount_API(SnowFlake_RowCount_Master.java:115)
at testcases.RAW_DATAMART_CURATED.SnowFlake_RowCount_Master.Testcase_RowCount_validation(SnowFlake_RowCount_Master.java:28)
at jdk.internal.reflect.GeneratedMethodAccessor13.invoke(Unknown Source)
at java.base/jdk.internal.reflect.DelegatingMethodAccessorImpl.invoke(DelegatingMethodAccessorImpl.java:43)
at java.base/java.lang.reflect.Method.invoke(Method.java:568)
at org.testng.internal.MethodInvocationHelper.invokeMethod(MethodInvocationHelper.java:133)
at org.testng.internal.TestInvoker.invokeMethod(TestInvoker.java:598)
at org.testng.internal.TestInvoker.invokeTestMethod(TestInvoker.java:173)
at org.testng.internal.MethodRunner.runInSequence(MethodRunner.java:46)
at org.testng.internal.TestInvoker$MethodInvocationAgent.invoke(TestInvoker.java:824)
at org.testng.internal.TestInvoker.invokeTestMethods(TestInvoker.java:146)
at org.testng.internal.TestMethodWorker.invokeTestMethods(TestMethodWorker.java:146)
at org.testng.internal.TestMethodWorker.run(TestMethodWorker.java:128)
at java.base/java.util.ArrayList.forEach(ArrayList.java:1511)
at org.testng.TestRunner.privateRun(TestRunner.java:794)
at org.testng.TestRunner.run(TestRunner.java:596)
at org.testng.SuiteRunner.runTest(SuiteRunner.java:377)
at org.testng.SuiteRunner.runSequentially(SuiteRunner.java:371)
at org.testng.SuiteRunner.privateRun(SuiteRunner.java:332)
at org.testng.SuiteRunner.run(SuiteRunner.java:276)
at org.testng.SuiteRunnerWorker.runSuite(SuiteRunnerWorker.java:53)
at org.testng.SuiteRunnerWorker.run(SuiteRunnerWorker.java:96)
at org.testng.TestNG.runSuitesSequentially(TestNG.java:1212)
at org.testng.TestNG.runSuitesLocally(TestNG.java:1134)
at org.testng.TestNG.runSuites(TestNG.java:1063)
at org.testng.TestNG.run(TestNG.java:1031)
at org.testng.remote.AbstractRemoteTestNG.run(AbstractRemoteTestNG.java:115)
at org.testng.remote.RemoteTestNG.initAndRun(RemoteTestNG.java:251)
at org.testng.remote.RemoteTestNG.main(RemoteTestNG.java:77)
]]>
    </failure>
  </testcase> <!-- Testcase_RowCount_validation -->
  <system-out>
    <![CDATA[Executing Snowflake query :: SELECT count(*) as TOTAL FROM DEV_ENT_RAW.API_MAT.ST_API_SERVICE WHERE TENANT_NAME='FOURPROS'
Table Count in Snowflake:: 1
Executing Snowflake query :: select count(*) as TOTAL from CURATED_DATAMART.ST_API_FOURPROS.STR_API_SERVICE WHERE ACTIVE_FLAG='Y'
Table Count in Snowflake:: 0
Executing Snowflake query :: select count(*) as TOTAL from DEV_ENT_CURATED.MASTER_DIMENSIONS.DIM_SERVICE WHERE TENANT_TYPE='FOURPROS' and RECORD_UPDATED_BY='API ETL'
Table Count in Snowflake:: 0
Row Count of Table SERVICE is not matched for APIMAT :: 1 DataMart :: 0
Row Count of Table SERVICE is matched for DataMart :: 0 CURATED :: 0]]>
  </system-out>
  <testcase classname="testcases.RAW_DATAMART_CURATED.SnowFlake_RowCount_Master" name="Testcase_RowCount_validation" time="3.016">
    <failure message="The following asserts failed:
	null,
	null" type="java.lang.AssertionError">
      <![CDATA[java.lang.AssertionError: The following asserts failed:
null,
null
at org.testng.asserts.SoftAssert.assertAll(SoftAssert.java:47)
at org.testng.asserts.SoftAssert.assertAll(SoftAssert.java:31)
at testcases.RAW_DATAMART_CURATED.SnowFlake_RowCount_Master.validate_RowCount_API(SnowFlake_RowCount_Master.java:115)
at testcases.RAW_DATAMART_CURATED.SnowFlake_RowCount_Master.Testcase_RowCount_validation(SnowFlake_RowCount_Master.java:28)
at jdk.internal.reflect.GeneratedMethodAccessor13.invoke(Unknown Source)
at java.base/jdk.internal.reflect.DelegatingMethodAccessorImpl.invoke(DelegatingMethodAccessorImpl.java:43)
at java.base/java.lang.reflect.Method.invoke(Method.java:568)
at org.testng.internal.MethodInvocationHelper.invokeMethod(MethodInvocationHelper.java:133)
at org.testng.internal.TestInvoker.invokeMethod(TestInvoker.java:598)
at org.testng.internal.TestInvoker.invokeTestMethod(TestInvoker.java:173)
at org.testng.internal.MethodRunner.runInSequence(MethodRunner.java:46)
at org.testng.internal.TestInvoker$MethodInvocationAgent.invoke(TestInvoker.java:824)
at org.testng.internal.TestInvoker.invokeTestMethods(TestInvoker.java:146)
at org.testng.internal.TestMethodWorker.invokeTestMethods(TestMethodWorker.java:146)
at org.testng.internal.TestMethodWorker.run(TestMethodWorker.java:128)
at java.base/java.util.ArrayList.forEach(ArrayList.java:1511)
at org.testng.TestRunner.privateRun(TestRunner.java:794)
at org.testng.TestRunner.run(TestRunner.java:596)
at org.testng.SuiteRunner.runTest(SuiteRunner.java:377)
at org.testng.SuiteRunner.runSequentially(SuiteRunner.java:371)
at org.testng.SuiteRunner.privateRun(SuiteRunner.java:332)
at org.testng.SuiteRunner.run(SuiteRunner.java:276)
at org.testng.SuiteRunnerWorker.runSuite(SuiteRunnerWorker.java:53)
at org.testng.SuiteRunnerWorker.run(SuiteRunnerWorker.java:96)
at org.testng.TestNG.runSuitesSequentially(TestNG.java:1212)
at org.testng.TestNG.runSuitesLocally(TestNG.java:1134)
at org.testng.TestNG.runSuites(TestNG.java:1063)
at org.testng.TestNG.run(TestNG.java:1031)
at org.testng.remote.AbstractRemoteTestNG.run(AbstractRemoteTestNG.java:115)
at org.testng.remote.RemoteTestNG.initAndRun(RemoteTestNG.java:251)
at org.testng.remote.RemoteTestNG.main(RemoteTestNG.java:77)
]]>
    </failure>
  </testcase> <!-- Testcase_RowCount_validation -->
  <system-out>
    <![CDATA[Executing Snowflake query :: SELECT count(*) as TOTAL FROM DEV_ENT_RAW.API_MAT.ST_API_JOBASSIGNMENT WHERE TENANT_NAME='HUTCHINSON'
Table Count in Snowflake:: 4107
Executing Snowflake query :: select count(*) as TOTAL from CURATED_DATAMART.ST_API_HUTCHINSON.STR_API_JOBASSIGNMENT WHERE ACTIVE_FLAG='Y'
Table Count in Snowflake:: 3286
Executing Snowflake query :: select count(*) as TOTAL from DEV_ENT_CURATED.MASTER_DIMENSIONS.DIM_JOBASSIGNMENT WHERE TENANT_TYPE='HUTCHINSON' and RECORD_UPDATED_BY='API ETL'
Table Count in Snowflake:: 0
Row Count of Table JOBASSIGNMENT is not matched for APIMAT :: 4107 DataMart :: 3286
Executing Snowflake query :: select count(*) as TOTAL from DEV_ENT_CURATED.MASTER_DIMENSIONS.DIM_JOBASSIGNMENT WHERE TENANT_TYPE='HUTCHINSON' and RECORD_UPDATED_BY='Backup Table' AND ID in (select ID from CURATED_DATAMART.ST_API_HUTCHINSON.STR_API_JOBASSIGNMENT WHERE ACTIVE_FLAG='Y')
Table Count in Snowflake:: 3334
Row Count of Table JOBASSIGNMENT is not matched for DataMart :: 3286 CURATED :: 3334]]>
  </system-out>
  <testcase classname="testcases.RAW_DATAMART_CURATED.SnowFlake_RowCount_Master" name="Testcase_RowCount_validation" time="2.155">
    <failure message="The following asserts failed:
	null" type="java.lang.AssertionError">
      <![CDATA[java.lang.AssertionError: The following asserts failed:
null
at org.testng.asserts.SoftAssert.assertAll(SoftAssert.java:47)
at org.testng.asserts.SoftAssert.assertAll(SoftAssert.java:31)
at testcases.RAW_DATAMART_CURATED.SnowFlake_RowCount_Master.validate_RowCount_BKP(SnowFlake_RowCount_Master.java:56)
at testcases.RAW_DATAMART_CURATED.SnowFlake_RowCount_Master.Testcase_RowCount_validation(SnowFlake_RowCount_Master.java:25)
at jdk.internal.reflect.GeneratedMethodAccessor13.invoke(Unknown Source)
at java.base/jdk.internal.reflect.DelegatingMethodAccessorImpl.invoke(DelegatingMethodAccessorImpl.java:43)
at java.base/java.lang.reflect.Method.invoke(Method.java:568)
at org.testng.internal.MethodInvocationHelper.invokeMethod(MethodInvocationHelper.java:133)
at org.testng.internal.TestInvoker.invokeMethod(TestInvoker.java:598)
at org.testng.internal.TestInvoker.invokeTestMethod(TestInvoker.java:173)
at org.testng.internal.MethodRunner.runInSequence(MethodRunner.java:46)
at org.testng.internal.TestInvoker$MethodInvocationAgent.invoke(TestInvoker.java:824)
at org.testng.internal.TestInvoker.invokeTestMethods(TestInvoker.java:146)
at org.testng.internal.TestMethodWorker.invokeTestMethods(TestMethodWorker.java:146)
at org.testng.internal.TestMethodWorker.run(TestMethodWorker.java:128)
at java.base/java.util.ArrayList.forEach(ArrayList.java:1511)
at org.testng.TestRunner.privateRun(TestRunner.java:794)
at org.testng.TestRunner.run(TestRunner.java:596)
at org.testng.SuiteRunner.runTest(SuiteRunner.java:377)
at org.testng.SuiteRunner.runSequentially(SuiteRunner.java:371)
at org.testng.SuiteRunner.privateRun(SuiteRunner.java:332)
at org.testng.SuiteRunner.run(SuiteRunner.java:276)
at org.testng.SuiteRunnerWorker.runSuite(SuiteRunnerWorker.java:53)
at org.testng.SuiteRunnerWorker.run(SuiteRunnerWorker.java:96)
at org.testng.TestNG.runSuitesSequentially(TestNG.java:1212)
at org.testng.TestNG.runSuitesLocally(TestNG.java:1134)
at org.testng.TestNG.runSuites(TestNG.java:1063)
at org.testng.TestNG.run(TestNG.java:1031)
at org.testng.remote.AbstractRemoteTestNG.run(AbstractRemoteTestNG.java:115)
at org.testng.remote.RemoteTestNG.initAndRun(RemoteTestNG.java:251)
at org.testng.remote.RemoteTestNG.main(RemoteTestNG.java:77)
]]>
    </failure>
  </testcase> <!-- Testcase_RowCount_validation -->
  <system-out>
    <![CDATA[Executing Snowflake query :: SELECT count(*) as TOTAL FROM DEV_ENT_RAW.ST_BILLFENWICK_MATILLION.EMPLOYEE
Table Count in Snowflake:: 159
Executing Snowflake query :: select count(*) as TOTAL from CURATED_DATAMART.ST_BKP_BILLFENWICK.STR_EMPLOYEE Where ACTIVE_FLAG='Y'
Table Count in Snowflake:: 158
Executing Snowflake query :: select count(*) as TOTAL from DEV_ENT_CURATED.MASTER_DIMENSIONS.DIM_EMPLOYEE where tenant_type='BILLFENWICK' and RECORD_UPDATED_BY='Backup Table'
Table Count in Snowflake:: 136
Row Count of Table EMPLOYEE is not matched for RAW :: 159 DataMart :: 158 CURATED :: 136]]>
  </system-out>
  <testcase classname="testcases.RAW_DATAMART_CURATED.SnowFlake_RowCount_Master" name="Testcase_RowCount_validation" time="2.965">
    <failure message="The following asserts failed:
	null,
	null" type="java.lang.AssertionError">
      <![CDATA[java.lang.AssertionError: The following asserts failed:
null,
null
at org.testng.asserts.SoftAssert.assertAll(SoftAssert.java:47)
at org.testng.asserts.SoftAssert.assertAll(SoftAssert.java:31)
at testcases.RAW_DATAMART_CURATED.SnowFlake_RowCount_Master.validate_RowCount_BKP(SnowFlake_RowCount_Master.java:56)
at testcases.RAW_DATAMART_CURATED.SnowFlake_RowCount_Master.Testcase_RowCount_validation(SnowFlake_RowCount_Master.java:25)
at jdk.internal.reflect.GeneratedMethodAccessor13.invoke(Unknown Source)
at java.base/jdk.internal.reflect.DelegatingMethodAccessorImpl.invoke(DelegatingMethodAccessorImpl.java:43)
at java.base/java.lang.reflect.Method.invoke(Method.java:568)
at org.testng.internal.MethodInvocationHelper.invokeMethod(MethodInvocationHelper.java:133)
at org.testng.internal.TestInvoker.invokeMethod(TestInvoker.java:598)
at org.testng.internal.TestInvoker.invokeTestMethod(TestInvoker.java:173)
at org.testng.internal.MethodRunner.runInSequence(MethodRunner.java:46)
at org.testng.internal.TestInvoker$MethodInvocationAgent.invoke(TestInvoker.java:824)
at org.testng.internal.TestInvoker.invokeTestMethods(TestInvoker.java:146)
at org.testng.internal.TestMethodWorker.invokeTestMethods(TestMethodWorker.java:146)
at org.testng.internal.TestMethodWorker.run(TestMethodWorker.java:128)
at java.base/java.util.ArrayList.forEach(ArrayList.java:1511)
at org.testng.TestRunner.privateRun(TestRunner.java:794)
at org.testng.TestRunner.run(TestRunner.java:596)
at org.testng.SuiteRunner.runTest(SuiteRunner.java:377)
at org.testng.SuiteRunner.runSequentially(SuiteRunner.java:371)
at org.testng.SuiteRunner.privateRun(SuiteRunner.java:332)
at org.testng.SuiteRunner.run(SuiteRunner.java:276)
at org.testng.SuiteRunnerWorker.runSuite(SuiteRunnerWorker.java:53)
at org.testng.SuiteRunnerWorker.run(SuiteRunnerWorker.java:96)
at org.testng.TestNG.runSuitesSequentially(TestNG.java:1212)
at org.testng.TestNG.runSuitesLocally(TestNG.java:1134)
at org.testng.TestNG.runSuites(TestNG.java:1063)
at org.testng.TestNG.run(TestNG.java:1031)
at org.testng.remote.AbstractRemoteTestNG.run(AbstractRemoteTestNG.java:115)
at org.testng.remote.RemoteTestNG.initAndRun(RemoteTestNG.java:251)
at org.testng.remote.RemoteTestNG.main(RemoteTestNG.java:77)
]]>
    </failure>
  </testcase> <!-- Testcase_RowCount_validation -->
  <system-out>
    <![CDATA[Executing Snowflake query :: SELECT count(*) as TOTAL FROM DEV_ENT_RAW.ST_EANESHEATING_MATILLION.PROJECT
Snowflake - SQLException at readDB() method :: SQL compilation error:
Object 'DEV_ENT_RAW.ST_EANESHEATING_MATILLION.PROJECT' does not exist or not authorized.
Executing Snowflake query :: select count(*) as TOTAL from CURATED_DATAMART.ST_BKP_EANESHEATING.STR_PROJECT Where ACTIVE_FLAG='Y'
Table Count in Snowflake:: 6986
Executing Snowflake query :: select count(*) as TOTAL from DEV_ENT_CURATED.MASTER_DIMENSIONS.DIM_PROJECT where tenant_type='EANESHEATING' and RECORD_UPDATED_BY='Backup Table'
Table Count in Snowflake:: 6921
Row Count of Table PROJECT is not matched for RAW :: 0 DataMart :: 6986 CURATED :: 6921]]>
  </system-out>
  <testcase classname="testcases.RAW_DATAMART_CURATED.SnowFlake_RowCount_Master" name="Testcase_RowCount_validation" time="1.639">
    <failure message="The following asserts failed:
	null,
	null" type="java.lang.AssertionError">
      <![CDATA[java.lang.AssertionError: The following asserts failed:
null,
null
at org.testng.asserts.SoftAssert.assertAll(SoftAssert.java:47)
at org.testng.asserts.SoftAssert.assertAll(SoftAssert.java:31)
at testcases.RAW_DATAMART_CURATED.SnowFlake_RowCount_Master.validate_RowCount_BKP(SnowFlake_RowCount_Master.java:56)
at testcases.RAW_DATAMART_CURATED.SnowFlake_RowCount_Master.Testcase_RowCount_validation(SnowFlake_RowCount_Master.java:25)
at jdk.internal.reflect.GeneratedMethodAccessor13.invoke(Unknown Source)
at java.base/jdk.internal.reflect.DelegatingMethodAccessorImpl.invoke(DelegatingMethodAccessorImpl.java:43)
at java.base/java.lang.reflect.Method.invoke(Method.java:568)
at org.testng.internal.MethodInvocationHelper.invokeMethod(MethodInvocationHelper.java:133)
at org.testng.internal.TestInvoker.invokeMethod(TestInvoker.java:598)
at org.testng.internal.TestInvoker.invokeTestMethod(TestInvoker.java:173)
at org.testng.internal.MethodRunner.runInSequence(MethodRunner.java:46)
at org.testng.internal.TestInvoker$MethodInvocationAgent.invoke(TestInvoker.java:824)
at org.testng.internal.TestInvoker.invokeTestMethods(TestInvoker.java:146)
at org.testng.internal.TestMethodWorker.invokeTestMethods(TestMethodWorker.java:146)
at org.testng.internal.TestMethodWorker.run(TestMethodWorker.java:128)
at java.base/java.util.ArrayList.forEach(ArrayList.java:1511)
at org.testng.TestRunner.privateRun(TestRunner.java:794)
at org.testng.TestRunner.run(TestRunner.java:596)
at org.testng.SuiteRunner.runTest(SuiteRunner.java:377)
at org.testng.SuiteRunner.runSequentially(SuiteRunner.java:371)
at org.testng.SuiteRunner.privateRun(SuiteRunner.java:332)
at org.testng.SuiteRunner.run(SuiteRunner.java:276)
at org.testng.SuiteRunnerWorker.runSuite(SuiteRunnerWorker.java:53)
at org.testng.SuiteRunnerWorker.run(SuiteRunnerWorker.java:96)
at org.testng.TestNG.runSuitesSequentially(TestNG.java:1212)
at org.testng.TestNG.runSuitesLocally(TestNG.java:1134)
at org.testng.TestNG.runSuites(TestNG.java:1063)
at org.testng.TestNG.run(TestNG.java:1031)
at org.testng.remote.AbstractRemoteTestNG.run(AbstractRemoteTestNG.java:115)
at org.testng.remote.RemoteTestNG.initAndRun(RemoteTestNG.java:251)
at org.testng.remote.RemoteTestNG.main(RemoteTestNG.java:77)
]]>
    </failure>
  </testcase> <!-- Testcase_RowCount_validation -->
  <system-out>
    <![CDATA[Executing Snowflake query :: SELECT count(*) as TOTAL FROM DEV_ENT_RAW.ST_EANESHEATING_MATILLION.ESTIMATEITEM
Snowflake - SQLException at readDB() method :: SQL compilation error:
Object 'DEV_ENT_RAW.ST_EANESHEATING_MATILLION.ESTIMATEITEM' does not exist or not authorized.
Executing Snowflake query :: select count(*) as TOTAL from CURATED_DATAMART.ST_BKP_EANESHEATING.STR_ESTIMATEITEM Where ACTIVE_FLAG='Y'
Table Count in Snowflake:: 97715
Executing Snowflake query :: select count(*) as TOTAL from DEV_ENT_CURATED.MASTER_DIMENSIONS.DIM_ESTIMATEITEM where tenant_type='EANESHEATING' and RECORD_UPDATED_BY='Backup Table'
Table Count in Snowflake:: 96667
Row Count of Table ESTIMATEITEM is not matched for RAW :: 0 DataMart :: 97715 CURATED :: 96667]]>
  </system-out>
  <testcase classname="testcases.RAW_DATAMART_CURATED.SnowFlake_RowCount_Master" name="Testcase_RowCount_validation" time="1.942">
    <failure message="The following asserts failed:
	null" type="java.lang.AssertionError">
      <![CDATA[java.lang.AssertionError: The following asserts failed:
null
at org.testng.asserts.SoftAssert.assertAll(SoftAssert.java:47)
at org.testng.asserts.SoftAssert.assertAll(SoftAssert.java:31)
at testcases.RAW_DATAMART_CURATED.SnowFlake_RowCount_Master.validate_RowCount_BKP(SnowFlake_RowCount_Master.java:56)
at testcases.RAW_DATAMART_CURATED.SnowFlake_RowCount_Master.Testcase_RowCount_validation(SnowFlake_RowCount_Master.java:25)
at jdk.internal.reflect.GeneratedMethodAccessor13.invoke(Unknown Source)
at java.base/jdk.internal.reflect.DelegatingMethodAccessorImpl.invoke(DelegatingMethodAccessorImpl.java:43)
at java.base/java.lang.reflect.Method.invoke(Method.java:568)
at org.testng.internal.MethodInvocationHelper.invokeMethod(MethodInvocationHelper.java:133)
at org.testng.internal.TestInvoker.invokeMethod(TestInvoker.java:598)
at org.testng.internal.TestInvoker.invokeTestMethod(TestInvoker.java:173)
at org.testng.internal.MethodRunner.runInSequence(MethodRunner.java:46)
at org.testng.internal.TestInvoker$MethodInvocationAgent.invoke(TestInvoker.java:824)
at org.testng.internal.TestInvoker.invokeTestMethods(TestInvoker.java:146)
at org.testng.internal.TestMethodWorker.invokeTestMethods(TestMethodWorker.java:146)
at org.testng.internal.TestMethodWorker.run(TestMethodWorker.java:128)
at java.base/java.util.ArrayList.forEach(ArrayList.java:1511)
at org.testng.TestRunner.privateRun(TestRunner.java:794)
at org.testng.TestRunner.run(TestRunner.java:596)
at org.testng.SuiteRunner.runTest(SuiteRunner.java:377)
at org.testng.SuiteRunner.runSequentially(SuiteRunner.java:371)
at org.testng.SuiteRunner.privateRun(SuiteRunner.java:332)
at org.testng.SuiteRunner.run(SuiteRunner.java:276)
at org.testng.SuiteRunnerWorker.runSuite(SuiteRunnerWorker.java:53)
at org.testng.SuiteRunnerWorker.run(SuiteRunnerWorker.java:96)
at org.testng.TestNG.runSuitesSequentially(TestNG.java:1212)
at org.testng.TestNG.runSuitesLocally(TestNG.java:1134)
at org.testng.TestNG.runSuites(TestNG.java:1063)
at org.testng.TestNG.run(TestNG.java:1031)
at org.testng.remote.AbstractRemoteTestNG.run(AbstractRemoteTestNG.java:115)
at org.testng.remote.RemoteTestNG.initAndRun(RemoteTestNG.java:251)
at org.testng.remote.RemoteTestNG.main(RemoteTestNG.java:77)
]]>
    </failure>
  </testcase> <!-- Testcase_RowCount_validation -->
  <system-out>
    <![CDATA[Executing Snowflake query :: SELECT count(*) as TOTAL FROM DEV_ENT_RAW.ST_HDAIR_MATILLION.TAG
Snowflake - SQLException at readDB() method :: SQL compilation error:
Object 'DEV_ENT_RAW.ST_HDAIR_MATILLION.TAG' does not exist or not authorized.
Executing Snowflake query :: select count(*) as TOTAL from CURATED_DATAMART.ST_BKP_HDAIR.STR_TAG Where ACTIVE_FLAG='Y'
Table Count in Snowflake:: 232916
Executing Snowflake query :: select count(*) as TOTAL from DEV_ENT_CURATED.MASTER_DIMENSIONS.DIM_TAG where tenant_type='HDAIR' and RECORD_UPDATED_BY='Backup Table'
Table Count in Snowflake:: 233373
Row Count of Table TAG is matched for RAW :: 0 DataMart :: 232916 CURATED :: 233373]]>
  </system-out>
  <testcase classname="testcases.RAW_DATAMART_CURATED.SnowFlake_RowCount_Master" name="Testcase_RowCount_validation" time="1.820">
    <failure message="The following asserts failed:
	null,
	null" type="java.lang.AssertionError">
      <![CDATA[java.lang.AssertionError: The following asserts failed:
null,
null
at org.testng.asserts.SoftAssert.assertAll(SoftAssert.java:47)
at org.testng.asserts.SoftAssert.assertAll(SoftAssert.java:31)
at testcases.RAW_DATAMART_CURATED.SnowFlake_RowCount_Master.validate_RowCount_BKP(SnowFlake_RowCount_Master.java:56)
at testcases.RAW_DATAMART_CURATED.SnowFlake_RowCount_Master.Testcase_RowCount_validation(SnowFlake_RowCount_Master.java:25)
at jdk.internal.reflect.GeneratedMethodAccessor13.invoke(Unknown Source)
at java.base/jdk.internal.reflect.DelegatingMethodAccessorImpl.invoke(DelegatingMethodAccessorImpl.java:43)
at java.base/java.lang.reflect.Method.invoke(Method.java:568)
at org.testng.internal.MethodInvocationHelper.invokeMethod(MethodInvocationHelper.java:133)
at org.testng.internal.TestInvoker.invokeMethod(TestInvoker.java:598)
at org.testng.internal.TestInvoker.invokeTestMethod(TestInvoker.java:173)
at org.testng.internal.MethodRunner.runInSequence(MethodRunner.java:46)
at org.testng.internal.TestInvoker$MethodInvocationAgent.invoke(TestInvoker.java:824)
at org.testng.internal.TestInvoker.invokeTestMethods(TestInvoker.java:146)
at org.testng.internal.TestMethodWorker.invokeTestMethods(TestMethodWorker.java:146)
at org.testng.internal.TestMethodWorker.run(TestMethodWorker.java:128)
at java.base/java.util.ArrayList.forEach(ArrayList.java:1511)
at org.testng.TestRunner.privateRun(TestRunner.java:794)
at org.testng.TestRunner.run(TestRunner.java:596)
at org.testng.SuiteRunner.runTest(SuiteRunner.java:377)
at org.testng.SuiteRunner.runSequentially(SuiteRunner.java:371)
at org.testng.SuiteRunner.privateRun(SuiteRunner.java:332)
at org.testng.SuiteRunner.run(SuiteRunner.java:276)
at org.testng.SuiteRunnerWorker.runSuite(SuiteRunnerWorker.java:53)
at org.testng.SuiteRunnerWorker.run(SuiteRunnerWorker.java:96)
at org.testng.TestNG.runSuitesSequentially(TestNG.java:1212)
at org.testng.TestNG.runSuitesLocally(TestNG.java:1134)
at org.testng.TestNG.runSuites(TestNG.java:1063)
at org.testng.TestNG.run(TestNG.java:1031)
at org.testng.remote.AbstractRemoteTestNG.run(AbstractRemoteTestNG.java:115)
at org.testng.remote.RemoteTestNG.initAndRun(RemoteTestNG.java:251)
at org.testng.remote.RemoteTestNG.main(RemoteTestNG.java:77)
]]>
    </failure>
  </testcase> <!-- Testcase_RowCount_validation -->
  <system-out>
    <![CDATA[Executing Snowflake query :: SELECT count(*) as TOTAL FROM DEV_ENT_RAW.ST_HDAIR_MATILLION.ZONE
Snowflake - SQLException at readDB() method :: SQL compilation error:
Object 'DEV_ENT_RAW.ST_HDAIR_MATILLION.ZONE' does not exist or not authorized.
Executing Snowflake query :: select count(*) as TOTAL from CURATED_DATAMART.ST_BKP_HDAIR.STR_ZONE Where ACTIVE_FLAG='Y'
Table Count in Snowflake:: 35
Executing Snowflake query :: select count(*) as TOTAL from DEV_ENT_CURATED.MASTER_DIMENSIONS.DIM_ZONE where tenant_type='HDAIR' and RECORD_UPDATED_BY='Backup Table'
Table Count in Snowflake:: 1
Row Count of Table ZONE is not matched for RAW :: 0 DataMart :: 35 CURATED :: 1]]>
  </system-out>
  <testcase classname="testcases.RAW_DATAMART_CURATED.SnowFlake_RowCount_Master" name="Testcase_RowCount_validation" time="2.960">
    <failure message="The following asserts failed:
	null" type="java.lang.AssertionError">
      <![CDATA[java.lang.AssertionError: The following asserts failed:
null
at org.testng.asserts.SoftAssert.assertAll(SoftAssert.java:47)
at org.testng.asserts.SoftAssert.assertAll(SoftAssert.java:31)
at testcases.RAW_DATAMART_CURATED.SnowFlake_RowCount_Master.validate_RowCount_BKP(SnowFlake_RowCount_Master.java:56)
at testcases.RAW_DATAMART_CURATED.SnowFlake_RowCount_Master.Testcase_RowCount_validation(SnowFlake_RowCount_Master.java:25)
at jdk.internal.reflect.GeneratedMethodAccessor13.invoke(Unknown Source)
at java.base/jdk.internal.reflect.DelegatingMethodAccessorImpl.invoke(DelegatingMethodAccessorImpl.java:43)
at java.base/java.lang.reflect.Method.invoke(Method.java:568)
at org.testng.internal.MethodInvocationHelper.invokeMethod(MethodInvocationHelper.java:133)
at org.testng.internal.TestInvoker.invokeMethod(TestInvoker.java:598)
at org.testng.internal.TestInvoker.invokeTestMethod(TestInvoker.java:173)
at org.testng.internal.MethodRunner.runInSequence(MethodRunner.java:46)
at org.testng.internal.TestInvoker$MethodInvocationAgent.invoke(TestInvoker.java:824)
at org.testng.internal.TestInvoker.invokeTestMethods(TestInvoker.java:146)
at org.testng.internal.TestMethodWorker.invokeTestMethods(TestMethodWorker.java:146)
at org.testng.internal.TestMethodWorker.run(TestMethodWorker.java:128)
at java.base/java.util.ArrayList.forEach(ArrayList.java:1511)
at org.testng.TestRunner.privateRun(TestRunner.java:794)
at org.testng.TestRunner.run(TestRunner.java:596)
at org.testng.SuiteRunner.runTest(SuiteRunner.java:377)
at org.testng.SuiteRunner.runSequentially(SuiteRunner.java:371)
at org.testng.SuiteRunner.privateRun(SuiteRunner.java:332)
at org.testng.SuiteRunner.run(SuiteRunner.java:276)
at org.testng.SuiteRunnerWorker.runSuite(SuiteRunnerWorker.java:53)
at org.testng.SuiteRunnerWorker.run(SuiteRunnerWorker.java:96)
at org.testng.TestNG.runSuitesSequentially(TestNG.java:1212)
at org.testng.TestNG.runSuitesLocally(TestNG.java:1134)
at org.testng.TestNG.runSuites(TestNG.java:1063)
at org.testng.TestNG.run(TestNG.java:1031)
at org.testng.remote.AbstractRemoteTestNG.run(AbstractRemoteTestNG.java:115)
at org.testng.remote.RemoteTestNG.initAndRun(RemoteTestNG.java:251)
at org.testng.remote.RemoteTestNG.main(RemoteTestNG.java:77)
]]>
    </failure>
  </testcase> <!-- Testcase_RowCount_validation -->
  <system-out>
    <![CDATA[Executing Snowflake query :: SELECT count(*) as TOTAL FROM DEV_ENT_RAW.ST_HORIZONSERVICES_MATILLION.JOBASSIGNMENT
Table Count in Snowflake:: 2542931
Executing Snowflake query :: select count(*) as TOTAL from CURATED_DATAMART.ST_BKP_HORIZONSERVICES.STR_JOBASSIGNMENT Where ACTIVE_FLAG='Y'
Table Count in Snowflake:: 5083553
Executing Snowflake query :: select count(*) as TOTAL from DEV_ENT_CURATED.MASTER_DIMENSIONS.DIM_JOBASSIGNMENT where tenant_type='HORIZONSERVICES' and RECORD_UPDATED_BY='Backup Table'
Table Count in Snowflake:: 2538296
Row Count of Table JOBASSIGNMENT is not matched for RAW :: 2542931 DataMart :: 5083553 CURATED :: 2538296]]>
  </system-out>
  <testcase classname="testcases.RAW_DATAMART_CURATED.SnowFlake_RowCount_Master" name="Testcase_RowCount_validation" time="3.949">
    <failure message="The following asserts failed:
	null,
	null" type="java.lang.AssertionError">
      <![CDATA[java.lang.AssertionError: The following asserts failed:
null,
null
at org.testng.asserts.SoftAssert.assertAll(SoftAssert.java:47)
at org.testng.asserts.SoftAssert.assertAll(SoftAssert.java:31)
at testcases.RAW_DATAMART_CURATED.SnowFlake_RowCount_Master.validate_RowCount_API(SnowFlake_RowCount_Master.java:115)
at testcases.RAW_DATAMART_CURATED.SnowFlake_RowCount_Master.Testcase_RowCount_validation(SnowFlake_RowCount_Master.java:28)
at jdk.internal.reflect.GeneratedMethodAccessor13.invoke(Unknown Source)
at java.base/jdk.internal.reflect.DelegatingMethodAccessorImpl.invoke(DelegatingMethodAccessorImpl.java:43)
at java.base/java.lang.reflect.Method.invoke(Method.java:568)
at org.testng.internal.MethodInvocationHelper.invokeMethod(MethodInvocationHelper.java:133)
at org.testng.internal.TestInvoker.invokeMethod(TestInvoker.java:598)
at org.testng.internal.TestInvoker.invokeTestMethod(TestInvoker.java:173)
at org.testng.internal.MethodRunner.runInSequence(MethodRunner.java:46)
at org.testng.internal.TestInvoker$MethodInvocationAgent.invoke(TestInvoker.java:824)
at org.testng.internal.TestInvoker.invokeTestMethods(TestInvoker.java:146)
at org.testng.internal.TestMethodWorker.invokeTestMethods(TestMethodWorker.java:146)
at org.testng.internal.TestMethodWorker.run(TestMethodWorker.java:128)
at java.base/java.util.ArrayList.forEach(ArrayList.java:1511)
at org.testng.TestRunner.privateRun(TestRunner.java:794)
at org.testng.TestRunner.run(TestRunner.java:596)
at org.testng.SuiteRunner.runTest(SuiteRunner.java:377)
at org.testng.SuiteRunner.runSequentially(SuiteRunner.java:371)
at org.testng.SuiteRunner.privateRun(SuiteRunner.java:332)
at org.testng.SuiteRunner.run(SuiteRunner.java:276)
at org.testng.SuiteRunnerWorker.runSuite(SuiteRunnerWorker.java:53)
at org.testng.SuiteRunnerWorker.run(SuiteRunnerWorker.java:96)
at org.testng.TestNG.runSuitesSequentially(TestNG.java:1212)
at org.testng.TestNG.runSuitesLocally(TestNG.java:1134)
at org.testng.TestNG.runSuites(TestNG.java:1063)
at org.testng.TestNG.run(TestNG.java:1031)
at org.testng.remote.AbstractRemoteTestNG.run(AbstractRemoteTestNG.java:115)
at org.testng.remote.RemoteTestNG.initAndRun(RemoteTestNG.java:251)
at org.testng.remote.RemoteTestNG.main(RemoteTestNG.java:77)
]]>
    </failure>
  </testcase> <!-- Testcase_RowCount_validation -->
  <system-out>
    <![CDATA[Executing Snowflake query :: SELECT count(*) as TOTAL FROM DEV_ENT_RAW.API_MAT.ST_API_CUSTOMER WHERE TENANT_NAME='BILLFENWICK'
Table Count in Snowflake:: 952
Executing Snowflake query :: select count(*) as TOTAL from CURATED_DATAMART.ST_API_BILLFENWICK.STR_API_CUSTOMER WHERE ACTIVE_FLAG='Y'
Table Count in Snowflake:: 835
Executing Snowflake query :: select count(*) as TOTAL from DEV_ENT_CURATED.MASTER_DIMENSIONS.DIM_CUSTOMER WHERE TENANT_TYPE='BILLFENWICK' and RECORD_UPDATED_BY='API ETL'
Table Count in Snowflake:: 46
Row Count of Table CUSTOMER is not matched for APIMAT :: 952 DataMart :: 835
Executing Snowflake query :: select count(*) as TOTAL from DEV_ENT_CURATED.MASTER_DIMENSIONS.DIM_CUSTOMER WHERE TENANT_TYPE='BILLFENWICK' and RECORD_UPDATED_BY='Backup Table' AND ID in (select ID from CURATED_DATAMART.ST_API_BILLFENWICK.STR_API_CUSTOMER WHERE ACTIVE_FLAG='Y')
Table Count in Snowflake:: 789
Row Count of Table CUSTOMER is not matched for DataMart :: 835 CURATED :: 789]]>
  </system-out>
  <testcase classname="testcases.RAW_DATAMART_CURATED.SnowFlake_RowCount_Master" name="Testcase_RowCount_validation" time="1.637">
    <failure message="The following asserts failed:
	null" type="java.lang.AssertionError">
      <![CDATA[java.lang.AssertionError: The following asserts failed:
null
at org.testng.asserts.SoftAssert.assertAll(SoftAssert.java:47)
at org.testng.asserts.SoftAssert.assertAll(SoftAssert.java:31)
at testcases.RAW_DATAMART_CURATED.SnowFlake_RowCount_Master.validate_RowCount_BKP(SnowFlake_RowCount_Master.java:56)
at testcases.RAW_DATAMART_CURATED.SnowFlake_RowCount_Master.Testcase_RowCount_validation(SnowFlake_RowCount_Master.java:25)
at jdk.internal.reflect.GeneratedMethodAccessor13.invoke(Unknown Source)
at java.base/jdk.internal.reflect.DelegatingMethodAccessorImpl.invoke(DelegatingMethodAccessorImpl.java:43)
at java.base/java.lang.reflect.Method.invoke(Method.java:568)
at org.testng.internal.MethodInvocationHelper.invokeMethod(MethodInvocationHelper.java:133)
at org.testng.internal.TestInvoker.invokeMethod(TestInvoker.java:598)
at org.testng.internal.TestInvoker.invokeTestMethod(TestInvoker.java:173)
at org.testng.internal.MethodRunner.runInSequence(MethodRunner.java:46)
at org.testng.internal.TestInvoker$MethodInvocationAgent.invoke(TestInvoker.java:824)
at org.testng.internal.TestInvoker.invokeTestMethods(TestInvoker.java:146)
at org.testng.internal.TestMethodWorker.invokeTestMethods(TestMethodWorker.java:146)
at org.testng.internal.TestMethodWorker.run(TestMethodWorker.java:128)
at java.base/java.util.ArrayList.forEach(ArrayList.java:1511)
at org.testng.TestRunner.privateRun(TestRunner.java:794)
at org.testng.TestRunner.run(TestRunner.java:596)
at org.testng.SuiteRunner.runTest(SuiteRunner.java:377)
at org.testng.SuiteRunner.runSequentially(SuiteRunner.java:371)
at org.testng.SuiteRunner.privateRun(SuiteRunner.java:332)
at org.testng.SuiteRunner.run(SuiteRunner.java:276)
at org.testng.SuiteRunnerWorker.runSuite(SuiteRunnerWorker.java:53)
at org.testng.SuiteRunnerWorker.run(SuiteRunnerWorker.java:96)
at org.testng.TestNG.runSuitesSequentially(TestNG.java:1212)
at org.testng.TestNG.runSuitesLocally(TestNG.java:1134)
at org.testng.TestNG.runSuites(TestNG.java:1063)
at org.testng.TestNG.run(TestNG.java:1031)
at org.testng.remote.AbstractRemoteTestNG.run(AbstractRemoteTestNG.java:115)
at org.testng.remote.RemoteTestNG.initAndRun(RemoteTestNG.java:251)
at org.testng.remote.RemoteTestNG.main(RemoteTestNG.java:77)
]]>
    </failure>
  </testcase> <!-- Testcase_RowCount_validation -->
  <system-out>
    <![CDATA[Executing Snowflake query :: SELECT count(*) as TOTAL FROM DEV_ENT_RAW.ST_SNELLHEATINGAIR_MATILLION.BUSINESSUNIT
Table Count in Snowflake:: 30
Executing Snowflake query :: select count(*) as TOTAL from CURATED_DATAMART.ST_BKP_SNELLHEATINGAIR.STR_BUSINESSUNIT Where ACTIVE_FLAG='Y'
Table Count in Snowflake:: 39
Executing Snowflake query :: select count(*) as TOTAL from DEV_ENT_CURATED.MASTER_DIMENSIONS.DIM_BUSINESSUNIT where tenant_type='SNELLHEATINGAIR' and RECORD_UPDATED_BY='Backup Table'
Table Count in Snowflake:: 33
Row Count of Table BUSINESSUNIT is not matched for RAW :: 30 DataMart :: 39 CURATED :: 33]]>
  </system-out>
  <testcase classname="testcases.RAW_DATAMART_CURATED.SnowFlake_RowCount_Master" name="Testcase_RowCount_validation" time="3.328">
    <failure message="The following asserts failed:
	null,
	null" type="java.lang.AssertionError">
      <![CDATA[java.lang.AssertionError: The following asserts failed:
null,
null
at org.testng.asserts.SoftAssert.assertAll(SoftAssert.java:47)
at org.testng.asserts.SoftAssert.assertAll(SoftAssert.java:31)
at testcases.RAW_DATAMART_CURATED.SnowFlake_RowCount_Master.validate_RowCount_API(SnowFlake_RowCount_Master.java:115)
at testcases.RAW_DATAMART_CURATED.SnowFlake_RowCount_Master.Testcase_RowCount_validation(SnowFlake_RowCount_Master.java:28)
at jdk.internal.reflect.GeneratedMethodAccessor13.invoke(Unknown Source)
at java.base/jdk.internal.reflect.DelegatingMethodAccessorImpl.invoke(DelegatingMethodAccessorImpl.java:43)
at java.base/java.lang.reflect.Method.invoke(Method.java:568)
at org.testng.internal.MethodInvocationHelper.invokeMethod(MethodInvocationHelper.java:133)
at org.testng.internal.TestInvoker.invokeMethod(TestInvoker.java:598)
at org.testng.internal.TestInvoker.invokeTestMethod(TestInvoker.java:173)
at org.testng.internal.MethodRunner.runInSequence(MethodRunner.java:46)
at org.testng.internal.TestInvoker$MethodInvocationAgent.invoke(TestInvoker.java:824)
at org.testng.internal.TestInvoker.invokeTestMethods(TestInvoker.java:146)
at org.testng.internal.TestMethodWorker.invokeTestMethods(TestMethodWorker.java:146)
at org.testng.internal.TestMethodWorker.run(TestMethodWorker.java:128)
at java.base/java.util.ArrayList.forEach(ArrayList.java:1511)
at org.testng.TestRunner.privateRun(TestRunner.java:794)
at org.testng.TestRunner.run(TestRunner.java:596)
at org.testng.SuiteRunner.runTest(SuiteRunner.java:377)
at org.testng.SuiteRunner.runSequentially(SuiteRunner.java:371)
at org.testng.SuiteRunner.privateRun(SuiteRunner.java:332)
at org.testng.SuiteRunner.run(SuiteRunner.java:276)
at org.testng.SuiteRunnerWorker.runSuite(SuiteRunnerWorker.java:53)
at org.testng.SuiteRunnerWorker.run(SuiteRunnerWorker.java:96)
at org.testng.TestNG.runSuitesSequentially(TestNG.java:1212)
at org.testng.TestNG.runSuitesLocally(TestNG.java:1134)
at org.testng.TestNG.runSuites(TestNG.java:1063)
at org.testng.TestNG.run(TestNG.java:1031)
at org.testng.remote.AbstractRemoteTestNG.run(AbstractRemoteTestNG.java:115)
at org.testng.remote.RemoteTestNG.initAndRun(RemoteTestNG.java:251)
at org.testng.remote.RemoteTestNG.main(RemoteTestNG.java:77)
]]>
    </failure>
  </testcase> <!-- Testcase_RowCount_validation -->
  <system-out>
    <![CDATA[Executing Snowflake query :: SELECT count(*) as TOTAL FROM DEV_ENT_RAW.API_MAT.ST_API_MATERIAL WHERE TENANT_NAME='HORIZONSERVICES'
Table Count in Snowflake:: 28633
Executing Snowflake query :: select count(*) as TOTAL from CURATED_DATAMART.ST_API_HORIZONSERVICES.STR_API_MATERIAL WHERE ACTIVE_FLAG='Y'
Table Count in Snowflake:: 28618
Executing Snowflake query :: select count(*) as TOTAL from DEV_ENT_CURATED.MASTER_DIMENSIONS.DIM_MATERIAL WHERE TENANT_TYPE='HORIZONSERVICES' and RECORD_UPDATED_BY='API ETL'
Table Count in Snowflake:: 0
Row Count of Table MATERIAL is not matched for APIMAT :: 28633 DataMart :: 28618
Executing Snowflake query :: select count(*) as TOTAL from DEV_ENT_CURATED.MASTER_DIMENSIONS.DIM_MATERIAL WHERE TENANT_TYPE='HORIZONSERVICES' and RECORD_UPDATED_BY='Backup Table' AND ID in (select ID from CURATED_DATAMART.ST_API_HORIZONSERVICES.STR_API_MATERIAL WHERE ACTIVE_FLAG='Y')
Table Count in Snowflake:: 28615
Row Count of Table MATERIAL is not matched for DataMart :: 28618 CURATED :: 28615]]>
  </system-out>
  <testcase classname="testcases.RAW_DATAMART_CURATED.SnowFlake_RowCount_Master" name="Testcase_RowCount_validation" time="2.767">
    <failure message="The following asserts failed:
	null" type="java.lang.AssertionError">
      <![CDATA[java.lang.AssertionError: The following asserts failed:
null
at org.testng.asserts.SoftAssert.assertAll(SoftAssert.java:47)
at org.testng.asserts.SoftAssert.assertAll(SoftAssert.java:31)
at testcases.RAW_DATAMART_CURATED.SnowFlake_RowCount_Master.validate_RowCount_BKP(SnowFlake_RowCount_Master.java:56)
at testcases.RAW_DATAMART_CURATED.SnowFlake_RowCount_Master.Testcase_RowCount_validation(SnowFlake_RowCount_Master.java:25)
at jdk.internal.reflect.GeneratedMethodAccessor13.invoke(Unknown Source)
at java.base/jdk.internal.reflect.DelegatingMethodAccessorImpl.invoke(DelegatingMethodAccessorImpl.java:43)
at java.base/java.lang.reflect.Method.invoke(Method.java:568)
at org.testng.internal.MethodInvocationHelper.invokeMethod(MethodInvocationHelper.java:133)
at org.testng.internal.TestInvoker.invokeMethod(TestInvoker.java:598)
at org.testng.internal.TestInvoker.invokeTestMethod(TestInvoker.java:173)
at org.testng.internal.MethodRunner.runInSequence(MethodRunner.java:46)
at org.testng.internal.TestInvoker$MethodInvocationAgent.invoke(TestInvoker.java:824)
at org.testng.internal.TestInvoker.invokeTestMethods(TestInvoker.java:146)
at org.testng.internal.TestMethodWorker.invokeTestMethods(TestMethodWorker.java:146)
at org.testng.internal.TestMethodWorker.run(TestMethodWorker.java:128)
at java.base/java.util.ArrayList.forEach(ArrayList.java:1511)
at org.testng.TestRunner.privateRun(TestRunner.java:794)
at org.testng.TestRunner.run(TestRunner.java:596)
at org.testng.SuiteRunner.runTest(SuiteRunner.java:377)
at org.testng.SuiteRunner.runSequentially(SuiteRunner.java:371)
at org.testng.SuiteRunner.privateRun(SuiteRunner.java:332)
at org.testng.SuiteRunner.run(SuiteRunner.java:276)
at org.testng.SuiteRunnerWorker.runSuite(SuiteRunnerWorker.java:53)
at org.testng.SuiteRunnerWorker.run(SuiteRunnerWorker.java:96)
at org.testng.TestNG.runSuitesSequentially(TestNG.java:1212)
at org.testng.TestNG.runSuitesLocally(TestNG.java:1134)
at org.testng.TestNG.runSuites(TestNG.java:1063)
at org.testng.TestNG.run(TestNG.java:1031)
at org.testng.remote.AbstractRemoteTestNG.run(AbstractRemoteTestNG.java:115)
at org.testng.remote.RemoteTestNG.initAndRun(RemoteTestNG.java:251)
at org.testng.remote.RemoteTestNG.main(RemoteTestNG.java:77)
]]>
    </failure>
  </testcase> <!-- Testcase_RowCount_validation -->
  <system-out>
    <![CDATA[Executing Snowflake query :: SELECT count(*) as TOTAL FROM DEV_ENT_RAW.ST_HUTCHINSON_MATILLION.GROSSPAYITEM
Table Count in Snowflake:: 220622
Executing Snowflake query :: select count(*) as TOTAL from CURATED_DATAMART.ST_BKP_HUTCHINSON.STR_GROSSPAYITEM Where ACTIVE_FLAG='Y'
Table Count in Snowflake:: 219046
Executing Snowflake query :: select count(*) as TOTAL from DEV_ENT_CURATED.MASTER_DIMENSIONS.DIM_GROSSPAYITEM where tenant_type='HUTCHINSON' and RECORD_UPDATED_BY='Backup Table'
Table Count in Snowflake:: 219046
Row Count of Table GROSSPAYITEM is not matched for RAW :: 220622 DataMart :: 219046 CURATED :: 219046]]>
  </system-out>
  <testcase classname="testcases.RAW_DATAMART_CURATED.SnowFlake_RowCount_Master" name="Testcase_RowCount_validation" time="2.321"/>
  <system-out>
    <![CDATA[Executing Snowflake query :: SELECT count(*) as TOTAL FROM DEV_ENT_RAW.ST_FOURPROS_MATILLION.JOB
Table Count in Snowflake:: 85185
Executing Snowflake query :: select count(*) as TOTAL from CURATED_DATAMART.ST_BKP_FOURPROS.STR_JOB Where ACTIVE_FLAG='Y'
Table Count in Snowflake:: 85424
Executing Snowflake query :: select count(*) as TOTAL from DEV_ENT_CURATED.MASTER_DIMENSIONS.DIM_JOB where tenant_type='FOURPROS' and RECORD_UPDATED_BY='Backup Table'
Table Count in Snowflake:: 260850
Row Count of Table JOB is matched for RAW :: 85185 DataMart :: 85424 CURATED :: 260850]]>
  </system-out>
  <testcase classname="testcases.RAW_DATAMART_CURATED.SnowFlake_RowCount_Master" name="Testcase_RowCount_validation" time="1.989">
    <failure message="The following asserts failed:
	null" type="java.lang.AssertionError">
      <![CDATA[java.lang.AssertionError: The following asserts failed:
null
at org.testng.asserts.SoftAssert.assertAll(SoftAssert.java:47)
at org.testng.asserts.SoftAssert.assertAll(SoftAssert.java:31)
at testcases.RAW_DATAMART_CURATED.SnowFlake_RowCount_Master.validate_RowCount_BKP(SnowFlake_RowCount_Master.java:56)
at testcases.RAW_DATAMART_CURATED.SnowFlake_RowCount_Master.Testcase_RowCount_validation(SnowFlake_RowCount_Master.java:25)
at jdk.internal.reflect.GeneratedMethodAccessor13.invoke(Unknown Source)
at java.base/jdk.internal.reflect.DelegatingMethodAccessorImpl.invoke(DelegatingMethodAccessorImpl.java:43)
at java.base/java.lang.reflect.Method.invoke(Method.java:568)
at org.testng.internal.MethodInvocationHelper.invokeMethod(MethodInvocationHelper.java:133)
at org.testng.internal.TestInvoker.invokeMethod(TestInvoker.java:598)
at org.testng.internal.TestInvoker.invokeTestMethod(TestInvoker.java:173)
at org.testng.internal.MethodRunner.runInSequence(MethodRunner.java:46)
at org.testng.internal.TestInvoker$MethodInvocationAgent.invoke(TestInvoker.java:824)
at org.testng.internal.TestInvoker.invokeTestMethods(TestInvoker.java:146)
at org.testng.internal.TestMethodWorker.invokeTestMethods(TestMethodWorker.java:146)
at org.testng.internal.TestMethodWorker.run(TestMethodWorker.java:128)
at java.base/java.util.ArrayList.forEach(ArrayList.java:1511)
at org.testng.TestRunner.privateRun(TestRunner.java:794)
at org.testng.TestRunner.run(TestRunner.java:596)
at org.testng.SuiteRunner.runTest(SuiteRunner.java:377)
at org.testng.SuiteRunner.runSequentially(SuiteRunner.java:371)
at org.testng.SuiteRunner.privateRun(SuiteRunner.java:332)
at org.testng.SuiteRunner.run(SuiteRunner.java:276)
at org.testng.SuiteRunnerWorker.runSuite(SuiteRunnerWorker.java:53)
at org.testng.SuiteRunnerWorker.run(SuiteRunnerWorker.java:96)
at org.testng.TestNG.runSuitesSequentially(TestNG.java:1212)
at org.testng.TestNG.runSuitesLocally(TestNG.java:1134)
at org.testng.TestNG.runSuites(TestNG.java:1063)
at org.testng.TestNG.run(TestNG.java:1031)
at org.testng.remote.AbstractRemoteTestNG.run(AbstractRemoteTestNG.java:115)
at org.testng.remote.RemoteTestNG.initAndRun(RemoteTestNG.java:251)
at org.testng.remote.RemoteTestNG.main(RemoteTestNG.java:77)
]]>
    </failure>
  </testcase> <!-- Testcase_RowCount_validation -->
  <system-out>
    <![CDATA[Executing Snowflake query :: SELECT count(*) as TOTAL FROM DEV_ENT_RAW.ST_EANESHEATING_MATILLION.CAMPAIGN
Snowflake - SQLException at readDB() method :: SQL compilation error:
Object 'DEV_ENT_RAW.ST_EANESHEATING_MATILLION.CAMPAIGN' does not exist or not authorized.
Executing Snowflake query :: select count(*) as TOTAL from CURATED_DATAMART.ST_BKP_EANESHEATING.STR_CAMPAIGN Where ACTIVE_FLAG='Y'
Table Count in Snowflake:: 80
Executing Snowflake query :: select count(*) as TOTAL from DEV_ENT_CURATED.MASTER_DIMENSIONS.DIM_CAMPAIGN where tenant_type='EANESHEATING' and RECORD_UPDATED_BY='Backup Table'
Table Count in Snowflake:: 80
Row Count of Table CAMPAIGN is matched for RAW :: 0 DataMart :: 80 CURATED :: 80]]>
  </system-out>
  <testcase classname="testcases.RAW_DATAMART_CURATED.SnowFlake_RowCount_Master" name="Testcase_RowCount_validation" time="1.740">
    <failure message="The following asserts failed:
	null" type="java.lang.AssertionError">
      <![CDATA[java.lang.AssertionError: The following asserts failed:
null
at org.testng.asserts.SoftAssert.assertAll(SoftAssert.java:47)
at org.testng.asserts.SoftAssert.assertAll(SoftAssert.java:31)
at testcases.RAW_DATAMART_CURATED.SnowFlake_RowCount_Master.validate_RowCount_BKP(SnowFlake_RowCount_Master.java:56)
at testcases.RAW_DATAMART_CURATED.SnowFlake_RowCount_Master.Testcase_RowCount_validation(SnowFlake_RowCount_Master.java:25)
at jdk.internal.reflect.GeneratedMethodAccessor13.invoke(Unknown Source)
at java.base/jdk.internal.reflect.DelegatingMethodAccessorImpl.invoke(DelegatingMethodAccessorImpl.java:43)
at java.base/java.lang.reflect.Method.invoke(Method.java:568)
at org.testng.internal.MethodInvocationHelper.invokeMethod(MethodInvocationHelper.java:133)
at org.testng.internal.TestInvoker.invokeMethod(TestInvoker.java:598)
at org.testng.internal.TestInvoker.invokeTestMethod(TestInvoker.java:173)
at org.testng.internal.MethodRunner.runInSequence(MethodRunner.java:46)
at org.testng.internal.TestInvoker$MethodInvocationAgent.invoke(TestInvoker.java:824)
at org.testng.internal.TestInvoker.invokeTestMethods(TestInvoker.java:146)
at org.testng.internal.TestMethodWorker.invokeTestMethods(TestMethodWorker.java:146)
at org.testng.internal.TestMethodWorker.run(TestMethodWorker.java:128)
at java.base/java.util.ArrayList.forEach(ArrayList.java:1511)
at org.testng.TestRunner.privateRun(TestRunner.java:794)
at org.testng.TestRunner.run(TestRunner.java:596)
at org.testng.SuiteRunner.runTest(SuiteRunner.java:377)
at org.testng.SuiteRunner.runSequentially(SuiteRunner.java:371)
at org.testng.SuiteRunner.privateRun(SuiteRunner.java:332)
at org.testng.SuiteRunner.run(SuiteRunner.java:276)
at org.testng.SuiteRunnerWorker.runSuite(SuiteRunnerWorker.java:53)
at org.testng.SuiteRunnerWorker.run(SuiteRunnerWorker.java:96)
at org.testng.TestNG.runSuitesSequentially(TestNG.java:1212)
at org.testng.TestNG.runSuitesLocally(TestNG.java:1134)
at org.testng.TestNG.runSuites(TestNG.java:1063)
at org.testng.TestNG.run(TestNG.java:1031)
at org.testng.remote.AbstractRemoteTestNG.run(AbstractRemoteTestNG.java:115)
at org.testng.remote.RemoteTestNG.initAndRun(RemoteTestNG.java:251)
at org.testng.remote.RemoteTestNG.main(RemoteTestNG.java:77)
]]>
    </failure>
  </testcase> <!-- Testcase_RowCount_validation -->
  <system-out>
    <![CDATA[Executing Snowflake query :: SELECT count(*) as TOTAL FROM DEV_ENT_RAW.ST_HENDERSON_MATILLION.PURCHASEORDERITEM
Table Count in Snowflake:: 115153
Executing Snowflake query :: select count(*) as TOTAL from CURATED_DATAMART.ST_BKP_HENDERSON.STR_PURCHASEORDERITEM Where ACTIVE_FLAG='Y'
Table Count in Snowflake:: 115144
Executing Snowflake query :: select count(*) as TOTAL from DEV_ENT_CURATED.MASTER_DIMENSIONS.DIM_PURCHASEORDERITEM where tenant_type='HENDERSON' and RECORD_UPDATED_BY='Backup Table'
Table Count in Snowflake:: 114830
Row Count of Table PURCHASEORDERITEM is not matched for RAW :: 115153 DataMart :: 115144 CURATED :: 114830]]>
  </system-out>
  <testcase classname="testcases.RAW_DATAMART_CURATED.SnowFlake_RowCount_Master" name="Testcase_RowCount_validation" time="2.008">
    <failure message="The following asserts failed:
	null" type="java.lang.AssertionError">
      <![CDATA[java.lang.AssertionError: The following asserts failed:
null
at org.testng.asserts.SoftAssert.assertAll(SoftAssert.java:47)
at org.testng.asserts.SoftAssert.assertAll(SoftAssert.java:31)
at testcases.RAW_DATAMART_CURATED.SnowFlake_RowCount_Master.validate_RowCount_BKP(SnowFlake_RowCount_Master.java:56)
at testcases.RAW_DATAMART_CURATED.SnowFlake_RowCount_Master.Testcase_RowCount_validation(SnowFlake_RowCount_Master.java:25)
at jdk.internal.reflect.GeneratedMethodAccessor13.invoke(Unknown Source)
at java.base/jdk.internal.reflect.DelegatingMethodAccessorImpl.invoke(DelegatingMethodAccessorImpl.java:43)
at java.base/java.lang.reflect.Method.invoke(Method.java:568)
at org.testng.internal.MethodInvocationHelper.invokeMethod(MethodInvocationHelper.java:133)
at org.testng.internal.TestInvoker.invokeMethod(TestInvoker.java:598)
at org.testng.internal.TestInvoker.invokeTestMethod(TestInvoker.java:173)
at org.testng.internal.MethodRunner.runInSequence(MethodRunner.java:46)
at org.testng.internal.TestInvoker$MethodInvocationAgent.invoke(TestInvoker.java:824)
at org.testng.internal.TestInvoker.invokeTestMethods(TestInvoker.java:146)
at org.testng.internal.TestMethodWorker.invokeTestMethods(TestMethodWorker.java:146)
at org.testng.internal.TestMethodWorker.run(TestMethodWorker.java:128)
at java.base/java.util.ArrayList.forEach(ArrayList.java:1511)
at org.testng.TestRunner.privateRun(TestRunner.java:794)
at org.testng.TestRunner.run(TestRunner.java:596)
at org.testng.SuiteRunner.runTest(SuiteRunner.java:377)
at org.testng.SuiteRunner.runSequentially(SuiteRunner.java:371)
at org.testng.SuiteRunner.privateRun(SuiteRunner.java:332)
at org.testng.SuiteRunner.run(SuiteRunner.java:276)
at org.testng.SuiteRunnerWorker.runSuite(SuiteRunnerWorker.java:53)
at org.testng.SuiteRunnerWorker.run(SuiteRunnerWorker.java:96)
at org.testng.TestNG.runSuitesSequentially(TestNG.java:1212)
at org.testng.TestNG.runSuitesLocally(TestNG.java:1134)
at org.testng.TestNG.runSuites(TestNG.java:1063)
at org.testng.TestNG.run(TestNG.java:1031)
at org.testng.remote.AbstractRemoteTestNG.run(AbstractRemoteTestNG.java:115)
at org.testng.remote.RemoteTestNG.initAndRun(RemoteTestNG.java:251)
at org.testng.remote.RemoteTestNG.main(RemoteTestNG.java:77)
]]>
    </failure>
  </testcase> <!-- Testcase_RowCount_validation -->
  <system-out>
    <![CDATA[Executing Snowflake query :: SELECT count(*) as TOTAL FROM DEV_ENT_RAW.ST_HDAIR_MATILLION.BATCH
Snowflake - SQLException at readDB() method :: SQL compilation error:
Object 'DEV_ENT_RAW.ST_HDAIR_MATILLION.BATCH' does not exist or not authorized.
Executing Snowflake query :: select count(*) as TOTAL from CURATED_DATAMART.ST_BKP_HDAIR.STR_BATCH Where ACTIVE_FLAG='Y'
Table Count in Snowflake:: 12378
Executing Snowflake query :: select count(*) as TOTAL from DEV_ENT_CURATED.MASTER_DIMENSIONS.FACT_BATCH where tenant_type='HDAIR' and RECORD_UPDATED_BY='Backup Table'
Table Count in Snowflake:: 12419
Row Count of Table BATCH is matched for RAW :: 0 DataMart :: 12378 CURATED :: 12419]]>
  </system-out>
  <testcase classname="testcases.RAW_DATAMART_CURATED.SnowFlake_RowCount_Master" name="Testcase_RowCount_validation" time="1.649">
    <failure message="The following asserts failed:
	null" type="java.lang.AssertionError">
      <![CDATA[java.lang.AssertionError: The following asserts failed:
null
at org.testng.asserts.SoftAssert.assertAll(SoftAssert.java:47)
at org.testng.asserts.SoftAssert.assertAll(SoftAssert.java:31)
at testcases.RAW_DATAMART_CURATED.SnowFlake_RowCount_Master.validate_RowCount_BKP(SnowFlake_RowCount_Master.java:56)
at testcases.RAW_DATAMART_CURATED.SnowFlake_RowCount_Master.Testcase_RowCount_validation(SnowFlake_RowCount_Master.java:25)
at jdk.internal.reflect.GeneratedMethodAccessor13.invoke(Unknown Source)
at java.base/jdk.internal.reflect.DelegatingMethodAccessorImpl.invoke(DelegatingMethodAccessorImpl.java:43)
at java.base/java.lang.reflect.Method.invoke(Method.java:568)
at org.testng.internal.MethodInvocationHelper.invokeMethod(MethodInvocationHelper.java:133)
at org.testng.internal.TestInvoker.invokeMethod(TestInvoker.java:598)
at org.testng.internal.TestInvoker.invokeTestMethod(TestInvoker.java:173)
at org.testng.internal.MethodRunner.runInSequence(MethodRunner.java:46)
at org.testng.internal.TestInvoker$MethodInvocationAgent.invoke(TestInvoker.java:824)
at org.testng.internal.TestInvoker.invokeTestMethods(TestInvoker.java:146)
at org.testng.internal.TestMethodWorker.invokeTestMethods(TestMethodWorker.java:146)
at org.testng.internal.TestMethodWorker.run(TestMethodWorker.java:128)
at java.base/java.util.ArrayList.forEach(ArrayList.java:1511)
at org.testng.TestRunner.privateRun(TestRunner.java:794)
at org.testng.TestRunner.run(TestRunner.java:596)
at org.testng.SuiteRunner.runTest(SuiteRunner.java:377)
at org.testng.SuiteRunner.runSequentially(SuiteRunner.java:371)
at org.testng.SuiteRunner.privateRun(SuiteRunner.java:332)
at org.testng.SuiteRunner.run(SuiteRunner.java:276)
at org.testng.SuiteRunnerWorker.runSuite(SuiteRunnerWorker.java:53)
at org.testng.SuiteRunnerWorker.run(SuiteRunnerWorker.java:96)
at org.testng.TestNG.runSuitesSequentially(TestNG.java:1212)
at org.testng.TestNG.runSuitesLocally(TestNG.java:1134)
at org.testng.TestNG.runSuites(TestNG.java:1063)
at org.testng.TestNG.run(TestNG.java:1031)
at org.testng.remote.AbstractRemoteTestNG.run(AbstractRemoteTestNG.java:115)
at org.testng.remote.RemoteTestNG.initAndRun(RemoteTestNG.java:251)
at org.testng.remote.RemoteTestNG.main(RemoteTestNG.java:77)
]]>
    </failure>
  </testcase> <!-- Testcase_RowCount_validation -->
  <system-out>
    <![CDATA[Executing Snowflake query :: SELECT count(*) as TOTAL FROM DEV_ENT_RAW.ST_EANESHEATING_MATILLION.TECHNICIAN
Snowflake - SQLException at readDB() method :: SQL compilation error:
Object 'DEV_ENT_RAW.ST_EANESHEATING_MATILLION.TECHNICIAN' does not exist or not authorized.
Executing Snowflake query :: select count(*) as TOTAL from CURATED_DATAMART.ST_BKP_EANESHEATING.STR_TECHNICIAN Where ACTIVE_FLAG='Y'
Table Count in Snowflake:: 280
Executing Snowflake query :: select count(*) as TOTAL from DEV_ENT_CURATED.MASTER_DIMENSIONS.DIM_TECHNICIAN where tenant_type='EANESHEATING' and RECORD_UPDATED_BY='Backup Table'
Table Count in Snowflake:: 1326
Row Count of Table TECHNICIAN is matched for RAW :: 0 DataMart :: 280 CURATED :: 1326]]>
  </system-out>
  <testcase classname="testcases.RAW_DATAMART_CURATED.SnowFlake_RowCount_Master" name="Testcase_RowCount_validation" time="1.391">
    <failure message="The following asserts failed:
	null" type="java.lang.AssertionError">
      <![CDATA[java.lang.AssertionError: The following asserts failed:
null
at org.testng.asserts.SoftAssert.assertAll(SoftAssert.java:47)
at org.testng.asserts.SoftAssert.assertAll(SoftAssert.java:31)
at testcases.RAW_DATAMART_CURATED.SnowFlake_RowCount_Master.validate_RowCount_BKP(SnowFlake_RowCount_Master.java:56)
at testcases.RAW_DATAMART_CURATED.SnowFlake_RowCount_Master.Testcase_RowCount_validation(SnowFlake_RowCount_Master.java:25)
at jdk.internal.reflect.GeneratedMethodAccessor13.invoke(Unknown Source)
at java.base/jdk.internal.reflect.DelegatingMethodAccessorImpl.invoke(DelegatingMethodAccessorImpl.java:43)
at java.base/java.lang.reflect.Method.invoke(Method.java:568)
at org.testng.internal.MethodInvocationHelper.invokeMethod(MethodInvocationHelper.java:133)
at org.testng.internal.TestInvoker.invokeMethod(TestInvoker.java:598)
at org.testng.internal.TestInvoker.invokeTestMethod(TestInvoker.java:173)
at org.testng.internal.MethodRunner.runInSequence(MethodRunner.java:46)
at org.testng.internal.TestInvoker$MethodInvocationAgent.invoke(TestInvoker.java:824)
at org.testng.internal.TestInvoker.invokeTestMethods(TestInvoker.java:146)
at org.testng.internal.TestMethodWorker.invokeTestMethods(TestMethodWorker.java:146)
at org.testng.internal.TestMethodWorker.run(TestMethodWorker.java:128)
at java.base/java.util.ArrayList.forEach(ArrayList.java:1511)
at org.testng.TestRunner.privateRun(TestRunner.java:794)
at org.testng.TestRunner.run(TestRunner.java:596)
at org.testng.SuiteRunner.runTest(SuiteRunner.java:377)
at org.testng.SuiteRunner.runSequentially(SuiteRunner.java:371)
at org.testng.SuiteRunner.privateRun(SuiteRunner.java:332)
at org.testng.SuiteRunner.run(SuiteRunner.java:276)
at org.testng.SuiteRunnerWorker.runSuite(SuiteRunnerWorker.java:53)
at org.testng.SuiteRunnerWorker.run(SuiteRunnerWorker.java:96)
at org.testng.TestNG.runSuitesSequentially(TestNG.java:1212)
at org.testng.TestNG.runSuitesLocally(TestNG.java:1134)
at org.testng.TestNG.runSuites(TestNG.java:1063)
at org.testng.TestNG.run(TestNG.java:1031)
at org.testng.remote.AbstractRemoteTestNG.run(AbstractRemoteTestNG.java:115)
at org.testng.remote.RemoteTestNG.initAndRun(RemoteTestNG.java:251)
at org.testng.remote.RemoteTestNG.main(RemoteTestNG.java:77)
]]>
    </failure>
  </testcase> <!-- Testcase_RowCount_validation -->
  <system-out>
    <![CDATA[Executing Snowflake query :: SELECT count(*) as TOTAL FROM DEV_ENT_RAW.ST_HORIZONSERVICES_MATILLION.JOBTYPE
Table Count in Snowflake:: 595
Executing Snowflake query :: select count(*) as TOTAL from CURATED_DATAMART.ST_BKP_HORIZONSERVICES.STR_JOBTYPE Where ACTIVE_FLAG='Y'
Table Count in Snowflake:: 595
Executing Snowflake query :: select count(*) as TOTAL from DEV_ENT_CURATED.MASTER_DIMENSIONS.DIM_JOBTYPE where tenant_type='HORIZONSERVICES' and RECORD_UPDATED_BY='Backup Table'
Table Count in Snowflake:: 288
Row Count of Table JOBTYPE is not matched for RAW :: 595 DataMart :: 595 CURATED :: 288]]>
  </system-out>
  <testcase classname="testcases.RAW_DATAMART_CURATED.SnowFlake_RowCount_Master" name="Testcase_RowCount_validation" time="1.632">
    <failure message="The following asserts failed:
	null,
	null" type="java.lang.AssertionError">
      <![CDATA[java.lang.AssertionError: The following asserts failed:
null,
null
at org.testng.asserts.SoftAssert.assertAll(SoftAssert.java:47)
at org.testng.asserts.SoftAssert.assertAll(SoftAssert.java:31)
at testcases.RAW_DATAMART_CURATED.SnowFlake_RowCount_Master.validate_RowCount_BKP(SnowFlake_RowCount_Master.java:56)
at testcases.RAW_DATAMART_CURATED.SnowFlake_RowCount_Master.Testcase_RowCount_validation(SnowFlake_RowCount_Master.java:25)
at jdk.internal.reflect.GeneratedMethodAccessor13.invoke(Unknown Source)
at java.base/jdk.internal.reflect.DelegatingMethodAccessorImpl.invoke(DelegatingMethodAccessorImpl.java:43)
at java.base/java.lang.reflect.Method.invoke(Method.java:568)
at org.testng.internal.MethodInvocationHelper.invokeMethod(MethodInvocationHelper.java:133)
at org.testng.internal.TestInvoker.invokeMethod(TestInvoker.java:598)
at org.testng.internal.TestInvoker.invokeTestMethod(TestInvoker.java:173)
at org.testng.internal.MethodRunner.runInSequence(MethodRunner.java:46)
at org.testng.internal.TestInvoker$MethodInvocationAgent.invoke(TestInvoker.java:824)
at org.testng.internal.TestInvoker.invokeTestMethods(TestInvoker.java:146)
at org.testng.internal.TestMethodWorker.invokeTestMethods(TestMethodWorker.java:146)
at org.testng.internal.TestMethodWorker.run(TestMethodWorker.java:128)
at java.base/java.util.ArrayList.forEach(ArrayList.java:1511)
at org.testng.TestRunner.privateRun(TestRunner.java:794)
at org.testng.TestRunner.run(TestRunner.java:596)
at org.testng.SuiteRunner.runTest(SuiteRunner.java:377)
at org.testng.SuiteRunner.runSequentially(SuiteRunner.java:371)
at org.testng.SuiteRunner.privateRun(SuiteRunner.java:332)
at org.testng.SuiteRunner.run(SuiteRunner.java:276)
at org.testng.SuiteRunnerWorker.runSuite(SuiteRunnerWorker.java:53)
at org.testng.SuiteRunnerWorker.run(SuiteRunnerWorker.java:96)
at org.testng.TestNG.runSuitesSequentially(TestNG.java:1212)
at org.testng.TestNG.runSuitesLocally(TestNG.java:1134)
at org.testng.TestNG.runSuites(TestNG.java:1063)
at org.testng.TestNG.run(TestNG.java:1031)
at org.testng.remote.AbstractRemoteTestNG.run(AbstractRemoteTestNG.java:115)
at org.testng.remote.RemoteTestNG.initAndRun(RemoteTestNG.java:251)
at org.testng.remote.RemoteTestNG.main(RemoteTestNG.java:77)
]]>
    </failure>
  </testcase> <!-- Testcase_RowCount_validation -->
  <system-out>
    <![CDATA[Executing Snowflake query :: SELECT count(*) as TOTAL FROM DEV_ENT_RAW.ST_HDAIR_MATILLION.PURCHASEORDERITEM
Snowflake - SQLException at readDB() method :: SQL compilation error:
Object 'DEV_ENT_RAW.ST_HDAIR_MATILLION.PURCHASEORDERITEM' does not exist or not authorized.
Executing Snowflake query :: select count(*) as TOTAL from CURATED_DATAMART.ST_BKP_HDAIR.STR_PURCHASEORDERITEM Where ACTIVE_FLAG='Y'
Table Count in Snowflake:: 112678
Executing Snowflake query :: select count(*) as TOTAL from DEV_ENT_CURATED.MASTER_DIMENSIONS.DIM_PURCHASEORDERITEM where tenant_type='HDAIR' and RECORD_UPDATED_BY='Backup Table'
Table Count in Snowflake:: 112677
Row Count of Table PURCHASEORDERITEM is not matched for RAW :: 0 DataMart :: 112678 CURATED :: 112677]]>
  </system-out>
  <testcase classname="testcases.RAW_DATAMART_CURATED.SnowFlake_RowCount_Master" name="Testcase_RowCount_validation" time="3.153">
    <failure message="The following asserts failed:
	null" type="java.lang.AssertionError">
      <![CDATA[java.lang.AssertionError: The following asserts failed:
null
at org.testng.asserts.SoftAssert.assertAll(SoftAssert.java:47)
at org.testng.asserts.SoftAssert.assertAll(SoftAssert.java:31)
at testcases.RAW_DATAMART_CURATED.SnowFlake_RowCount_Master.validate_RowCount_API(SnowFlake_RowCount_Master.java:115)
at testcases.RAW_DATAMART_CURATED.SnowFlake_RowCount_Master.Testcase_RowCount_validation(SnowFlake_RowCount_Master.java:28)
at jdk.internal.reflect.GeneratedMethodAccessor13.invoke(Unknown Source)
at java.base/jdk.internal.reflect.DelegatingMethodAccessorImpl.invoke(DelegatingMethodAccessorImpl.java:43)
at java.base/java.lang.reflect.Method.invoke(Method.java:568)
at org.testng.internal.MethodInvocationHelper.invokeMethod(MethodInvocationHelper.java:133)
at org.testng.internal.TestInvoker.invokeMethod(TestInvoker.java:598)
at org.testng.internal.TestInvoker.invokeTestMethod(TestInvoker.java:173)
at org.testng.internal.MethodRunner.runInSequence(MethodRunner.java:46)
at org.testng.internal.TestInvoker$MethodInvocationAgent.invoke(TestInvoker.java:824)
at org.testng.internal.TestInvoker.invokeTestMethods(TestInvoker.java:146)
at org.testng.internal.TestMethodWorker.invokeTestMethods(TestMethodWorker.java:146)
at org.testng.internal.TestMethodWorker.run(TestMethodWorker.java:128)
at java.base/java.util.ArrayList.forEach(ArrayList.java:1511)
at org.testng.TestRunner.privateRun(TestRunner.java:794)
at org.testng.TestRunner.run(TestRunner.java:596)
at org.testng.SuiteRunner.runTest(SuiteRunner.java:377)
at org.testng.SuiteRunner.runSequentially(SuiteRunner.java:371)
at org.testng.SuiteRunner.privateRun(SuiteRunner.java:332)
at org.testng.SuiteRunner.run(SuiteRunner.java:276)
at org.testng.SuiteRunnerWorker.runSuite(SuiteRunnerWorker.java:53)
at org.testng.SuiteRunnerWorker.run(SuiteRunnerWorker.java:96)
at org.testng.TestNG.runSuitesSequentially(TestNG.java:1212)
at org.testng.TestNG.runSuitesLocally(TestNG.java:1134)
at org.testng.TestNG.runSuites(TestNG.java:1063)
at org.testng.TestNG.run(TestNG.java:1031)
at org.testng.remote.AbstractRemoteTestNG.run(AbstractRemoteTestNG.java:115)
at org.testng.remote.RemoteTestNG.initAndRun(RemoteTestNG.java:251)
at org.testng.remote.RemoteTestNG.main(RemoteTestNG.java:77)
]]>
    </failure>
  </testcase> <!-- Testcase_RowCount_validation -->
  <system-out>
    <![CDATA[Executing Snowflake query :: SELECT count(*) as TOTAL FROM DEV_ENT_RAW.API_MAT.ST_API_CANCELJOBREASON WHERE TENANT_NAME='FOURPROS'
Table Count in Snowflake:: 28
Executing Snowflake query :: select count(*) as TOTAL from CURATED_DATAMART.ST_API_FOURPROS.STR_API_CANCELJOBREASON WHERE ACTIVE_FLAG='Y'
Table Count in Snowflake:: 28
Executing Snowflake query :: select count(*) as TOTAL from DEV_ENT_CURATED.MASTER_DIMENSIONS.DIM_CANCELJOBREASON WHERE TENANT_TYPE='FOURPROS' and RECORD_UPDATED_BY='API ETL'
Table Count in Snowflake:: 0
Row Count of Table CANCELJOBREASON is matched for APIMAT :: 28 DataMart :: 28
Executing Snowflake query :: select count(*) as TOTAL from DEV_ENT_CURATED.MASTER_DIMENSIONS.DIM_CANCELJOBREASON WHERE TENANT_TYPE='FOURPROS' and RECORD_UPDATED_BY='Backup Table' AND ID in (select ID from CURATED_DATAMART.ST_API_FOURPROS.STR_API_CANCELJOBREASON WHERE ACTIVE_FLAG='Y')
Table Count in Snowflake:: 27
Row Count of Table CANCELJOBREASON is not matched for DataMart :: 28 CURATED :: 27]]>
  </system-out>
  <testcase classname="testcases.RAW_DATAMART_CURATED.SnowFlake_RowCount_Master" name="Testcase_RowCount_validation" time="2.662">
    <failure message="The following asserts failed:
	null" type="java.lang.AssertionError">
      <![CDATA[java.lang.AssertionError: The following asserts failed:
null
at org.testng.asserts.SoftAssert.assertAll(SoftAssert.java:47)
at org.testng.asserts.SoftAssert.assertAll(SoftAssert.java:31)
at testcases.RAW_DATAMART_CURATED.SnowFlake_RowCount_Master.validate_RowCount_BKP(SnowFlake_RowCount_Master.java:56)
at testcases.RAW_DATAMART_CURATED.SnowFlake_RowCount_Master.Testcase_RowCount_validation(SnowFlake_RowCount_Master.java:25)
at jdk.internal.reflect.GeneratedMethodAccessor13.invoke(Unknown Source)
at java.base/jdk.internal.reflect.DelegatingMethodAccessorImpl.invoke(DelegatingMethodAccessorImpl.java:43)
at java.base/java.lang.reflect.Method.invoke(Method.java:568)
at org.testng.internal.MethodInvocationHelper.invokeMethod(MethodInvocationHelper.java:133)
at org.testng.internal.TestInvoker.invokeMethod(TestInvoker.java:598)
at org.testng.internal.TestInvoker.invokeTestMethod(TestInvoker.java:173)
at org.testng.internal.MethodRunner.runInSequence(MethodRunner.java:46)
at org.testng.internal.TestInvoker$MethodInvocationAgent.invoke(TestInvoker.java:824)
at org.testng.internal.TestInvoker.invokeTestMethods(TestInvoker.java:146)
at org.testng.internal.TestMethodWorker.invokeTestMethods(TestMethodWorker.java:146)
at org.testng.internal.TestMethodWorker.run(TestMethodWorker.java:128)
at java.base/java.util.ArrayList.forEach(ArrayList.java:1511)
at org.testng.TestRunner.privateRun(TestRunner.java:794)
at org.testng.TestRunner.run(TestRunner.java:596)
at org.testng.SuiteRunner.runTest(SuiteRunner.java:377)
at org.testng.SuiteRunner.runSequentially(SuiteRunner.java:371)
at org.testng.SuiteRunner.privateRun(SuiteRunner.java:332)
at org.testng.SuiteRunner.run(SuiteRunner.java:276)
at org.testng.SuiteRunnerWorker.runSuite(SuiteRunnerWorker.java:53)
at org.testng.SuiteRunnerWorker.run(SuiteRunnerWorker.java:96)
at org.testng.TestNG.runSuitesSequentially(TestNG.java:1212)
at org.testng.TestNG.runSuitesLocally(TestNG.java:1134)
at org.testng.TestNG.runSuites(TestNG.java:1063)
at org.testng.TestNG.run(TestNG.java:1031)
at org.testng.remote.AbstractRemoteTestNG.run(AbstractRemoteTestNG.java:115)
at org.testng.remote.RemoteTestNG.initAndRun(RemoteTestNG.java:251)
at org.testng.remote.RemoteTestNG.main(RemoteTestNG.java:77)
]]>
    </failure>
  </testcase> <!-- Testcase_RowCount_validation -->
  <system-out>
    <![CDATA[Executing Snowflake query :: SELECT count(*) as TOTAL FROM DEV_ENT_RAW.ST_BILLFENWICK_MATILLION.TECHNICIAN
Table Count in Snowflake:: 267
Executing Snowflake query :: select count(*) as TOTAL from CURATED_DATAMART.ST_BKP_BILLFENWICK.STR_TECHNICIAN Where ACTIVE_FLAG='Y'
Table Count in Snowflake:: 28
Executing Snowflake query :: select count(*) as TOTAL from DEV_ENT_CURATED.MASTER_DIMENSIONS.DIM_TECHNICIAN where tenant_type='BILLFENWICK' and RECORD_UPDATED_BY='Backup Table'
Table Count in Snowflake:: 5153
Row Count of Table TECHNICIAN is not matched for RAW :: 267 DataMart :: 28 CURATED :: 5153]]>
  </system-out>
  <testcase classname="testcases.RAW_DATAMART_CURATED.SnowFlake_RowCount_Master" name="Testcase_RowCount_validation" time="1.480">
    <failure message="The following asserts failed:
	null,
	null" type="java.lang.AssertionError">
      <![CDATA[java.lang.AssertionError: The following asserts failed:
null,
null
at org.testng.asserts.SoftAssert.assertAll(SoftAssert.java:47)
at org.testng.asserts.SoftAssert.assertAll(SoftAssert.java:31)
at testcases.RAW_DATAMART_CURATED.SnowFlake_RowCount_Master.validate_RowCount_BKP(SnowFlake_RowCount_Master.java:56)
at testcases.RAW_DATAMART_CURATED.SnowFlake_RowCount_Master.Testcase_RowCount_validation(SnowFlake_RowCount_Master.java:25)
at jdk.internal.reflect.GeneratedMethodAccessor13.invoke(Unknown Source)
at java.base/jdk.internal.reflect.DelegatingMethodAccessorImpl.invoke(DelegatingMethodAccessorImpl.java:43)
at java.base/java.lang.reflect.Method.invoke(Method.java:568)
at org.testng.internal.MethodInvocationHelper.invokeMethod(MethodInvocationHelper.java:133)
at org.testng.internal.TestInvoker.invokeMethod(TestInvoker.java:598)
at org.testng.internal.TestInvoker.invokeTestMethod(TestInvoker.java:173)
at org.testng.internal.MethodRunner.runInSequence(MethodRunner.java:46)
at org.testng.internal.TestInvoker$MethodInvocationAgent.invoke(TestInvoker.java:824)
at org.testng.internal.TestInvoker.invokeTestMethods(TestInvoker.java:146)
at org.testng.internal.TestMethodWorker.invokeTestMethods(TestMethodWorker.java:146)
at org.testng.internal.TestMethodWorker.run(TestMethodWorker.java:128)
at java.base/java.util.ArrayList.forEach(ArrayList.java:1511)
at org.testng.TestRunner.privateRun(TestRunner.java:794)
at org.testng.TestRunner.run(TestRunner.java:596)
at org.testng.SuiteRunner.runTest(SuiteRunner.java:377)
at org.testng.SuiteRunner.runSequentially(SuiteRunner.java:371)
at org.testng.SuiteRunner.privateRun(SuiteRunner.java:332)
at org.testng.SuiteRunner.run(SuiteRunner.java:276)
at org.testng.SuiteRunnerWorker.runSuite(SuiteRunnerWorker.java:53)
at org.testng.SuiteRunnerWorker.run(SuiteRunnerWorker.java:96)
at org.testng.TestNG.runSuitesSequentially(TestNG.java:1212)
at org.testng.TestNG.runSuitesLocally(TestNG.java:1134)
at org.testng.TestNG.runSuites(TestNG.java:1063)
at org.testng.TestNG.run(TestNG.java:1031)
at org.testng.remote.AbstractRemoteTestNG.run(AbstractRemoteTestNG.java:115)
at org.testng.remote.RemoteTestNG.initAndRun(RemoteTestNG.java:251)
at org.testng.remote.RemoteTestNG.main(RemoteTestNG.java:77)
]]>
    </failure>
  </testcase> <!-- Testcase_RowCount_validation -->
  <system-out>
    <![CDATA[Executing Snowflake query :: SELECT count(*) as TOTAL FROM DEV_ENT_RAW.ST_EANESHEATING_MATILLION.CUSTOMERMEMBERSHIP
Snowflake - SQLException at readDB() method :: SQL compilation error:
Object 'DEV_ENT_RAW.ST_EANESHEATING_MATILLION.CUSTOMERMEMBERSHIP' does not exist or not authorized.
Executing Snowflake query :: select count(*) as TOTAL from CURATED_DATAMART.ST_BKP_EANESHEATING.STR_CUSTOMERMEMBERSHIP Where ACTIVE_FLAG='Y'
Table Count in Snowflake:: 17367
Executing Snowflake query :: select count(*) as TOTAL from DEV_ENT_CURATED.MASTER_DIMENSIONS.DIM_CUSTOMERMEMBERSHIP where tenant_type='EANESHEATING' and RECORD_UPDATED_BY='Backup Table'
Table Count in Snowflake:: 17347
Row Count of Table CUSTOMERMEMBERSHIP is not matched for RAW :: 0 DataMart :: 17367 CURATED :: 17347]]>
  </system-out>
  <testcase classname="testcases.RAW_DATAMART_CURATED.SnowFlake_RowCount_Master" name="Testcase_RowCount_validation" time="3.324">
    <failure message="The following asserts failed:
	null" type="java.lang.AssertionError">
      <![CDATA[java.lang.AssertionError: The following asserts failed:
null
at org.testng.asserts.SoftAssert.assertAll(SoftAssert.java:47)
at org.testng.asserts.SoftAssert.assertAll(SoftAssert.java:31)
at testcases.RAW_DATAMART_CURATED.SnowFlake_RowCount_Master.validate_RowCount_BKP(SnowFlake_RowCount_Master.java:56)
at testcases.RAW_DATAMART_CURATED.SnowFlake_RowCount_Master.Testcase_RowCount_validation(SnowFlake_RowCount_Master.java:25)
at jdk.internal.reflect.GeneratedMethodAccessor13.invoke(Unknown Source)
at java.base/jdk.internal.reflect.DelegatingMethodAccessorImpl.invoke(DelegatingMethodAccessorImpl.java:43)
at java.base/java.lang.reflect.Method.invoke(Method.java:568)
at org.testng.internal.MethodInvocationHelper.invokeMethod(MethodInvocationHelper.java:133)
at org.testng.internal.TestInvoker.invokeMethod(TestInvoker.java:598)
at org.testng.internal.TestInvoker.invokeTestMethod(TestInvoker.java:173)
at org.testng.internal.MethodRunner.runInSequence(MethodRunner.java:46)
at org.testng.internal.TestInvoker$MethodInvocationAgent.invoke(TestInvoker.java:824)
at org.testng.internal.TestInvoker.invokeTestMethods(TestInvoker.java:146)
at org.testng.internal.TestMethodWorker.invokeTestMethods(TestMethodWorker.java:146)
at org.testng.internal.TestMethodWorker.run(TestMethodWorker.java:128)
at java.base/java.util.ArrayList.forEach(ArrayList.java:1511)
at org.testng.TestRunner.privateRun(TestRunner.java:794)
at org.testng.TestRunner.run(TestRunner.java:596)
at org.testng.SuiteRunner.runTest(SuiteRunner.java:377)
at org.testng.SuiteRunner.runSequentially(SuiteRunner.java:371)
at org.testng.SuiteRunner.privateRun(SuiteRunner.java:332)
at org.testng.SuiteRunner.run(SuiteRunner.java:276)
at org.testng.SuiteRunnerWorker.runSuite(SuiteRunnerWorker.java:53)
at org.testng.SuiteRunnerWorker.run(SuiteRunnerWorker.java:96)
at org.testng.TestNG.runSuitesSequentially(TestNG.java:1212)
at org.testng.TestNG.runSuitesLocally(TestNG.java:1134)
at org.testng.TestNG.runSuites(TestNG.java:1063)
at org.testng.TestNG.run(TestNG.java:1031)
at org.testng.remote.AbstractRemoteTestNG.run(AbstractRemoteTestNG.java:115)
at org.testng.remote.RemoteTestNG.initAndRun(RemoteTestNG.java:251)
at org.testng.remote.RemoteTestNG.main(RemoteTestNG.java:77)
]]>
    </failure>
  </testcase> <!-- Testcase_RowCount_validation -->
  <system-out>
    <![CDATA[Executing Snowflake query :: SELECT count(*) as TOTAL FROM DEV_ENT_RAW.ST_GOLDMEDAL_MATILLION.PAYMENTTERM
Table Count in Snowflake:: 10
Executing Snowflake query :: select count(*) as TOTAL from CURATED_DATAMART.ST_BKP_GOLDMEDAL.STR_PAYMENTTERM Where ACTIVE_FLAG='Y'
Table Count in Snowflake:: 19
Executing Snowflake query :: select count(*) as TOTAL from DEV_ENT_CURATED.MASTER_DIMENSIONS.DIM_PAYMENTTERM where tenant_type='GOLDMEDAL' and RECORD_UPDATED_BY='Backup Table'
Table Count in Snowflake:: 0
Row Count of Table PAYMENTTERM is not matched for RAW :: 10 DataMart :: 19 CURATED :: 0]]>
  </system-out>
  <testcase classname="testcases.RAW_DATAMART_CURATED.SnowFlake_RowCount_Master" name="Testcase_RowCount_validation" time="2.230"/>
  <system-out>
    <![CDATA[Executing Snowflake query :: SELECT count(*) as TOTAL FROM DEV_ENT_RAW.ST_FOURPROS_MATILLION.BUSINESSUNIT
Table Count in Snowflake:: 18
Executing Snowflake query :: select count(*) as TOTAL from CURATED_DATAMART.ST_BKP_FOURPROS.STR_BUSINESSUNIT Where ACTIVE_FLAG='Y'
Table Count in Snowflake:: 113
Executing Snowflake query :: select count(*) as TOTAL from DEV_ENT_CURATED.MASTER_DIMENSIONS.DIM_BUSINESSUNIT where tenant_type='FOURPROS' and RECORD_UPDATED_BY='Backup Table'
Table Count in Snowflake:: 136
Row Count of Table BUSINESSUNIT is matched for RAW :: 18 DataMart :: 113 CURATED :: 136]]>
  </system-out>
  <testcase classname="testcases.RAW_DATAMART_CURATED.SnowFlake_RowCount_Master" name="Testcase_RowCount_validation" time="3.373">
    <failure message="The following asserts failed:
	null,
	null" type="java.lang.AssertionError">
      <![CDATA[java.lang.AssertionError: The following asserts failed:
null,
null
at org.testng.asserts.SoftAssert.assertAll(SoftAssert.java:47)
at org.testng.asserts.SoftAssert.assertAll(SoftAssert.java:31)
at testcases.RAW_DATAMART_CURATED.SnowFlake_RowCount_Master.validate_RowCount_BKP(SnowFlake_RowCount_Master.java:56)
at testcases.RAW_DATAMART_CURATED.SnowFlake_RowCount_Master.Testcase_RowCount_validation(SnowFlake_RowCount_Master.java:25)
at jdk.internal.reflect.GeneratedMethodAccessor13.invoke(Unknown Source)
at java.base/jdk.internal.reflect.DelegatingMethodAccessorImpl.invoke(DelegatingMethodAccessorImpl.java:43)
at java.base/java.lang.reflect.Method.invoke(Method.java:568)
at org.testng.internal.MethodInvocationHelper.invokeMethod(MethodInvocationHelper.java:133)
at org.testng.internal.TestInvoker.invokeMethod(TestInvoker.java:598)
at org.testng.internal.TestInvoker.invokeTestMethod(TestInvoker.java:173)
at org.testng.internal.MethodRunner.runInSequence(MethodRunner.java:46)
at org.testng.internal.TestInvoker$MethodInvocationAgent.invoke(TestInvoker.java:824)
at org.testng.internal.TestInvoker.invokeTestMethods(TestInvoker.java:146)
at org.testng.internal.TestMethodWorker.invokeTestMethods(TestMethodWorker.java:146)
at org.testng.internal.TestMethodWorker.run(TestMethodWorker.java:128)
at java.base/java.util.ArrayList.forEach(ArrayList.java:1511)
at org.testng.TestRunner.privateRun(TestRunner.java:794)
at org.testng.TestRunner.run(TestRunner.java:596)
at org.testng.SuiteRunner.runTest(SuiteRunner.java:377)
at org.testng.SuiteRunner.runSequentially(SuiteRunner.java:371)
at org.testng.SuiteRunner.privateRun(SuiteRunner.java:332)
at org.testng.SuiteRunner.run(SuiteRunner.java:276)
at org.testng.SuiteRunnerWorker.runSuite(SuiteRunnerWorker.java:53)
at org.testng.SuiteRunnerWorker.run(SuiteRunnerWorker.java:96)
at org.testng.TestNG.runSuitesSequentially(TestNG.java:1212)
at org.testng.TestNG.runSuitesLocally(TestNG.java:1134)
at org.testng.TestNG.runSuites(TestNG.java:1063)
at org.testng.TestNG.run(TestNG.java:1031)
at org.testng.remote.AbstractRemoteTestNG.run(AbstractRemoteTestNG.java:115)
at org.testng.remote.RemoteTestNG.initAndRun(RemoteTestNG.java:251)
at org.testng.remote.RemoteTestNG.main(RemoteTestNG.java:77)
]]>
    </failure>
  </testcase> <!-- Testcase_RowCount_validation -->
  <system-out>
    <![CDATA[Executing Snowflake query :: SELECT count(*) as TOTAL FROM DEV_ENT_RAW.ST_HDAIR_MATILLION.OPPORTUNITY
Snowflake - SQLException at readDB() method :: SQL compilation error:
Object 'DEV_ENT_RAW.ST_HDAIR_MATILLION.OPPORTUNITY' does not exist or not authorized.
Executing Snowflake query :: select count(*) as TOTAL from CURATED_DATAMART.ST_BKP_HDAIR.STR_OPPORTUNITY Where ACTIVE_FLAG='Y'
Table Count in Snowflake:: 185687
Executing Snowflake query :: select count(*) as TOTAL from DEV_ENT_CURATED.MASTER_DIMENSIONS.DIM_OPPORTUNITY where tenant_type='HDAIR' and RECORD_UPDATED_BY='Backup Table'
Table Count in Snowflake:: 185686
Row Count of Table OPPORTUNITY is not matched for RAW :: 0 DataMart :: 185687 CURATED :: 185686]]>
  </system-out>
  <testcase classname="testcases.RAW_DATAMART_CURATED.SnowFlake_RowCount_Master" name="Testcase_RowCount_validation" time="5.317">
    <failure message="The following asserts failed:
	null" type="java.lang.AssertionError">
      <![CDATA[java.lang.AssertionError: The following asserts failed:
null
at org.testng.asserts.SoftAssert.assertAll(SoftAssert.java:47)
at org.testng.asserts.SoftAssert.assertAll(SoftAssert.java:31)
at testcases.RAW_DATAMART_CURATED.SnowFlake_RowCount_Master.validate_RowCount_BKP(SnowFlake_RowCount_Master.java:56)
at testcases.RAW_DATAMART_CURATED.SnowFlake_RowCount_Master.Testcase_RowCount_validation(SnowFlake_RowCount_Master.java:25)
at jdk.internal.reflect.GeneratedMethodAccessor13.invoke(Unknown Source)
at java.base/jdk.internal.reflect.DelegatingMethodAccessorImpl.invoke(DelegatingMethodAccessorImpl.java:43)
at java.base/java.lang.reflect.Method.invoke(Method.java:568)
at org.testng.internal.MethodInvocationHelper.invokeMethod(MethodInvocationHelper.java:133)
at org.testng.internal.TestInvoker.invokeMethod(TestInvoker.java:598)
at org.testng.internal.TestInvoker.invokeTestMethod(TestInvoker.java:173)
at org.testng.internal.MethodRunner.runInSequence(MethodRunner.java:46)
at org.testng.internal.TestInvoker$MethodInvocationAgent.invoke(TestInvoker.java:824)
at org.testng.internal.TestInvoker.invokeTestMethods(TestInvoker.java:146)
at org.testng.internal.TestMethodWorker.invokeTestMethods(TestMethodWorker.java:146)
at org.testng.internal.TestMethodWorker.run(TestMethodWorker.java:128)
at java.base/java.util.ArrayList.forEach(ArrayList.java:1511)
at org.testng.TestRunner.privateRun(TestRunner.java:794)
at org.testng.TestRunner.run(TestRunner.java:596)
at org.testng.SuiteRunner.runTest(SuiteRunner.java:377)
at org.testng.SuiteRunner.runSequentially(SuiteRunner.java:371)
at org.testng.SuiteRunner.privateRun(SuiteRunner.java:332)
at org.testng.SuiteRunner.run(SuiteRunner.java:276)
at org.testng.SuiteRunnerWorker.runSuite(SuiteRunnerWorker.java:53)
at org.testng.SuiteRunnerWorker.run(SuiteRunnerWorker.java:96)
at org.testng.TestNG.runSuitesSequentially(TestNG.java:1212)
at org.testng.TestNG.runSuitesLocally(TestNG.java:1134)
at org.testng.TestNG.runSuites(TestNG.java:1063)
at org.testng.TestNG.run(TestNG.java:1031)
at org.testng.remote.AbstractRemoteTestNG.run(AbstractRemoteTestNG.java:115)
at org.testng.remote.RemoteTestNG.initAndRun(RemoteTestNG.java:251)
at org.testng.remote.RemoteTestNG.main(RemoteTestNG.java:77)
]]>
    </failure>
  </testcase> <!-- Testcase_RowCount_validation -->
  <system-out>
    <![CDATA[Executing Snowflake query :: SELECT count(*) as TOTAL FROM DEV_ENT_RAW.ST_HENDERSON_MATILLION.PAYMENTTERM
Table Count in Snowflake:: 1
Executing Snowflake query :: select count(*) as TOTAL from CURATED_DATAMART.ST_BKP_HENDERSON.STR_PAYMENTTERM Where ACTIVE_FLAG='Y'
Table Count in Snowflake:: 17
Executing Snowflake query :: select count(*) as TOTAL from DEV_ENT_CURATED.MASTER_DIMENSIONS.DIM_PAYMENTTERM where tenant_type='HENDERSON' and RECORD_UPDATED_BY='Backup Table'
Table Count in Snowflake:: 0
Row Count of Table PAYMENTTERM is not matched for RAW :: 1 DataMart :: 17 CURATED :: 0]]>
  </system-out>
  <testcase classname="testcases.RAW_DATAMART_CURATED.SnowFlake_RowCount_Master" name="Testcase_RowCount_validation" time="1.643">
    <failure message="The following asserts failed:
	null" type="java.lang.AssertionError">
      <![CDATA[java.lang.AssertionError: The following asserts failed:
null
at org.testng.asserts.SoftAssert.assertAll(SoftAssert.java:47)
at org.testng.asserts.SoftAssert.assertAll(SoftAssert.java:31)
at testcases.RAW_DATAMART_CURATED.SnowFlake_RowCount_Master.validate_RowCount_BKP(SnowFlake_RowCount_Master.java:56)
at testcases.RAW_DATAMART_CURATED.SnowFlake_RowCount_Master.Testcase_RowCount_validation(SnowFlake_RowCount_Master.java:25)
at jdk.internal.reflect.GeneratedMethodAccessor13.invoke(Unknown Source)
at java.base/jdk.internal.reflect.DelegatingMethodAccessorImpl.invoke(DelegatingMethodAccessorImpl.java:43)
at java.base/java.lang.reflect.Method.invoke(Method.java:568)
at org.testng.internal.MethodInvocationHelper.invokeMethod(MethodInvocationHelper.java:133)
at org.testng.internal.TestInvoker.invokeMethod(TestInvoker.java:598)
at org.testng.internal.TestInvoker.invokeTestMethod(TestInvoker.java:173)
at org.testng.internal.MethodRunner.runInSequence(MethodRunner.java:46)
at org.testng.internal.TestInvoker$MethodInvocationAgent.invoke(TestInvoker.java:824)
at org.testng.internal.TestInvoker.invokeTestMethods(TestInvoker.java:146)
at org.testng.internal.TestMethodWorker.invokeTestMethods(TestMethodWorker.java:146)
at org.testng.internal.TestMethodWorker.run(TestMethodWorker.java:128)
at java.base/java.util.ArrayList.forEach(ArrayList.java:1511)
at org.testng.TestRunner.privateRun(TestRunner.java:794)
at org.testng.TestRunner.run(TestRunner.java:596)
at org.testng.SuiteRunner.runTest(SuiteRunner.java:377)
at org.testng.SuiteRunner.runSequentially(SuiteRunner.java:371)
at org.testng.SuiteRunner.privateRun(SuiteRunner.java:332)
at org.testng.SuiteRunner.run(SuiteRunner.java:276)
at org.testng.SuiteRunnerWorker.runSuite(SuiteRunnerWorker.java:53)
at org.testng.SuiteRunnerWorker.run(SuiteRunnerWorker.java:96)
at org.testng.TestNG.runSuitesSequentially(TestNG.java:1212)
at org.testng.TestNG.runSuitesLocally(TestNG.java:1134)
at org.testng.TestNG.runSuites(TestNG.java:1063)
at org.testng.TestNG.run(TestNG.java:1031)
at org.testng.remote.AbstractRemoteTestNG.run(AbstractRemoteTestNG.java:115)
at org.testng.remote.RemoteTestNG.initAndRun(RemoteTestNG.java:251)
at org.testng.remote.RemoteTestNG.main(RemoteTestNG.java:77)
]]>
    </failure>
  </testcase> <!-- Testcase_RowCount_validation -->
  <system-out>
    <![CDATA[Executing Snowflake query :: SELECT count(*) as TOTAL FROM DEV_ENT_RAW.ST_HUTCHINSON_MATILLION.CALLREASON
Table Count in Snowflake:: 30
Executing Snowflake query :: select count(*) as TOTAL from CURATED_DATAMART.ST_BKP_HUTCHINSON.STR_CALLREASON Where ACTIVE_FLAG='Y'
Table Count in Snowflake:: 30
Executing Snowflake query :: select count(*) as TOTAL from DEV_ENT_CURATED.MASTER_DIMENSIONS.DIM_CALLREASON where tenant_type='HUTCHINSON' and RECORD_UPDATED_BY='Backup Table'
Table Count in Snowflake:: 26
Row Count of Table CALLREASON is not matched for RAW :: 30 DataMart :: 30 CURATED :: 26]]>
  </system-out>
  <testcase classname="testcases.RAW_DATAMART_CURATED.SnowFlake_RowCount_Master" name="Testcase_RowCount_validation" time="2.152">
    <failure message="The following asserts failed:
	null" type="java.lang.AssertionError">
      <![CDATA[java.lang.AssertionError: The following asserts failed:
null
at org.testng.asserts.SoftAssert.assertAll(SoftAssert.java:47)
at org.testng.asserts.SoftAssert.assertAll(SoftAssert.java:31)
at testcases.RAW_DATAMART_CURATED.SnowFlake_RowCount_Master.validate_RowCount_BKP(SnowFlake_RowCount_Master.java:56)
at testcases.RAW_DATAMART_CURATED.SnowFlake_RowCount_Master.Testcase_RowCount_validation(SnowFlake_RowCount_Master.java:25)
at jdk.internal.reflect.GeneratedMethodAccessor13.invoke(Unknown Source)
at java.base/jdk.internal.reflect.DelegatingMethodAccessorImpl.invoke(DelegatingMethodAccessorImpl.java:43)
at java.base/java.lang.reflect.Method.invoke(Method.java:568)
at org.testng.internal.MethodInvocationHelper.invokeMethod(MethodInvocationHelper.java:133)
at org.testng.internal.TestInvoker.invokeMethod(TestInvoker.java:598)
at org.testng.internal.TestInvoker.invokeTestMethod(TestInvoker.java:173)
at org.testng.internal.MethodRunner.runInSequence(MethodRunner.java:46)
at org.testng.internal.TestInvoker$MethodInvocationAgent.invoke(TestInvoker.java:824)
at org.testng.internal.TestInvoker.invokeTestMethods(TestInvoker.java:146)
at org.testng.internal.TestMethodWorker.invokeTestMethods(TestMethodWorker.java:146)
at org.testng.internal.TestMethodWorker.run(TestMethodWorker.java:128)
at java.base/java.util.ArrayList.forEach(ArrayList.java:1511)
at org.testng.TestRunner.privateRun(TestRunner.java:794)
at org.testng.TestRunner.run(TestRunner.java:596)
at org.testng.SuiteRunner.runTest(SuiteRunner.java:377)
at org.testng.SuiteRunner.runSequentially(SuiteRunner.java:371)
at org.testng.SuiteRunner.privateRun(SuiteRunner.java:332)
at org.testng.SuiteRunner.run(SuiteRunner.java:276)
at org.testng.SuiteRunnerWorker.runSuite(SuiteRunnerWorker.java:53)
at org.testng.SuiteRunnerWorker.run(SuiteRunnerWorker.java:96)
at org.testng.TestNG.runSuitesSequentially(TestNG.java:1212)
at org.testng.TestNG.runSuitesLocally(TestNG.java:1134)
at org.testng.TestNG.runSuites(TestNG.java:1063)
at org.testng.TestNG.run(TestNG.java:1031)
at org.testng.remote.AbstractRemoteTestNG.run(AbstractRemoteTestNG.java:115)
at org.testng.remote.RemoteTestNG.initAndRun(RemoteTestNG.java:251)
at org.testng.remote.RemoteTestNG.main(RemoteTestNG.java:77)
]]>
    </failure>
  </testcase> <!-- Testcase_RowCount_validation -->
  <system-out>
    <![CDATA[Executing Snowflake query :: SELECT count(*) as TOTAL FROM DEV_ENT_RAW.ST_BILLFENWICK_MATILLION.ESTIMATEITEM
Table Count in Snowflake:: 127906
Executing Snowflake query :: select count(*) as TOTAL from CURATED_DATAMART.ST_BKP_BILLFENWICK.STR_ESTIMATEITEM Where ACTIVE_FLAG='Y'
Table Count in Snowflake:: 127418
Executing Snowflake query :: select count(*) as TOTAL from DEV_ENT_CURATED.MASTER_DIMENSIONS.DIM_ESTIMATEITEM where tenant_type='BILLFENWICK' and RECORD_UPDATED_BY='Backup Table'
Table Count in Snowflake:: 127013
Row Count of Table ESTIMATEITEM is not matched for RAW :: 127906 DataMart :: 127418 CURATED :: 127013]]>
  </system-out>
  <testcase classname="testcases.RAW_DATAMART_CURATED.SnowFlake_RowCount_Master" name="Testcase_RowCount_validation" time="20.587"/>
  <system-out>
    <![CDATA[Executing Snowflake query :: SELECT count(*) as TOTAL FROM DEV_ENT_RAW.ST_HENDERSON_MATILLION.BATCH
Table Count in Snowflake:: 6649
Executing Snowflake query :: select count(*) as TOTAL from CURATED_DATAMART.ST_BKP_HENDERSON.STR_BATCH Where ACTIVE_FLAG='Y'
Table Count in Snowflake:: 6658
Executing Snowflake query :: select count(*) as TOTAL from DEV_ENT_CURATED.MASTER_DIMENSIONS.FACT_BATCH where tenant_type='HENDERSON' and RECORD_UPDATED_BY='Backup Table'
Table Count in Snowflake:: 6672
Row Count of Table BATCH is matched for RAW :: 6649 DataMart :: 6658 CURATED :: 6672]]>
  </system-out>
  <testcase classname="testcases.RAW_DATAMART_CURATED.SnowFlake_RowCount_Master" name="Testcase_RowCount_validation" time="2.497">
    <failure message="The following asserts failed:
	null,
	null" type="java.lang.AssertionError">
      <![CDATA[java.lang.AssertionError: The following asserts failed:
null,
null
at org.testng.asserts.SoftAssert.assertAll(SoftAssert.java:47)
at org.testng.asserts.SoftAssert.assertAll(SoftAssert.java:31)
at testcases.RAW_DATAMART_CURATED.SnowFlake_RowCount_Master.validate_RowCount_API(SnowFlake_RowCount_Master.java:115)
at testcases.RAW_DATAMART_CURATED.SnowFlake_RowCount_Master.Testcase_RowCount_validation(SnowFlake_RowCount_Master.java:28)
at jdk.internal.reflect.GeneratedMethodAccessor13.invoke(Unknown Source)
at java.base/jdk.internal.reflect.DelegatingMethodAccessorImpl.invoke(DelegatingMethodAccessorImpl.java:43)
at java.base/java.lang.reflect.Method.invoke(Method.java:568)
at org.testng.internal.MethodInvocationHelper.invokeMethod(MethodInvocationHelper.java:133)
at org.testng.internal.TestInvoker.invokeMethod(TestInvoker.java:598)
at org.testng.internal.TestInvoker.invokeTestMethod(TestInvoker.java:173)
at org.testng.internal.MethodRunner.runInSequence(MethodRunner.java:46)
at org.testng.internal.TestInvoker$MethodInvocationAgent.invoke(TestInvoker.java:824)
at org.testng.internal.TestInvoker.invokeTestMethods(TestInvoker.java:146)
at org.testng.internal.TestMethodWorker.invokeTestMethods(TestMethodWorker.java:146)
at org.testng.internal.TestMethodWorker.run(TestMethodWorker.java:128)
at java.base/java.util.ArrayList.forEach(ArrayList.java:1511)
at org.testng.TestRunner.privateRun(TestRunner.java:794)
at org.testng.TestRunner.run(TestRunner.java:596)
at org.testng.SuiteRunner.runTest(SuiteRunner.java:377)
at org.testng.SuiteRunner.runSequentially(SuiteRunner.java:371)
at org.testng.SuiteRunner.privateRun(SuiteRunner.java:332)
at org.testng.SuiteRunner.run(SuiteRunner.java:276)
at org.testng.SuiteRunnerWorker.runSuite(SuiteRunnerWorker.java:53)
at org.testng.SuiteRunnerWorker.run(SuiteRunnerWorker.java:96)
at org.testng.TestNG.runSuitesSequentially(TestNG.java:1212)
at org.testng.TestNG.runSuitesLocally(TestNG.java:1134)
at org.testng.TestNG.runSuites(TestNG.java:1063)
at org.testng.TestNG.run(TestNG.java:1031)
at org.testng.remote.AbstractRemoteTestNG.run(AbstractRemoteTestNG.java:115)
at org.testng.remote.RemoteTestNG.initAndRun(RemoteTestNG.java:251)
at org.testng.remote.RemoteTestNG.main(RemoteTestNG.java:77)
]]>
    </failure>
  </testcase> <!-- Testcase_RowCount_validation -->
  <system-out>
    <![CDATA[Executing Snowflake query :: SELECT count(*) as TOTAL FROM DEV_ENT_RAW.API_MAT.ST_API_CUSTOMERMEMBERSHIP WHERE TENANT_NAME='CASTEEL'
Table Count in Snowflake:: 102108
Executing Snowflake query :: select count(*) as TOTAL from CURATED_DATAMART.ST_API_CASTEEL.STR_API_CUSTOMERMEMBERSHIP WHERE ACTIVE_FLAG='Y'
Table Count in Snowflake:: 2279
Executing Snowflake query :: select count(*) as TOTAL from DEV_ENT_CURATED.MASTER_DIMENSIONS.DIM_CUSTOMERMEMBERSHIP WHERE TENANT_TYPE='CASTEEL' and RECORD_UPDATED_BY='API ETL'
Table Count in Snowflake:: 0
Row Count of Table CUSTOMERMEMBERSHIP is not matched for APIMAT :: 102108 DataMart :: 2279
Executing Snowflake query :: select count(*) as TOTAL from DEV_ENT_CURATED.MASTER_DIMENSIONS.DIM_CUSTOMERMEMBERSHIP WHERE TENANT_TYPE='CASTEEL' and RECORD_UPDATED_BY='Backup Table' AND ID in (select ID from CURATED_DATAMART.ST_API_CASTEEL.STR_API_CUSTOMERMEMBERSHIP WHERE ACTIVE_FLAG='Y')
Table Count in Snowflake:: 2266
Row Count of Table CUSTOMERMEMBERSHIP is not matched for DataMart :: 2279 CURATED :: 2266]]>
  </system-out>
  <testcase classname="testcases.RAW_DATAMART_CURATED.SnowFlake_RowCount_Master" name="Testcase_RowCount_validation" time="2.338"/>
  <system-out>
    <![CDATA[Executing Snowflake query :: SELECT count(*) as TOTAL FROM DEV_ENT_RAW.ST_MAITZ_MATILLION.CUSTOMER
Table Count in Snowflake:: 60270
Executing Snowflake query :: select count(*) as TOTAL from CURATED_DATAMART.ST_BKP_MAITZ.STR_CUSTOMER Where ACTIVE_FLAG='Y'
Table Count in Snowflake:: 60270
Executing Snowflake query :: select count(*) as TOTAL from DEV_ENT_CURATED.MASTER_DIMENSIONS.DIM_CUSTOMER where tenant_type='MAITZ' and RECORD_UPDATED_BY='Backup Table'
Table Count in Snowflake:: 66496
Row Count of Table CUSTOMER is matched for RAW :: 60270 DataMart :: 60270 CURATED :: 66496]]>
  </system-out>
  <testcase classname="testcases.RAW_DATAMART_CURATED.SnowFlake_RowCount_Master" name="Testcase_RowCount_validation" time="3.173">
    <failure message="The following asserts failed:
	null" type="java.lang.AssertionError">
      <![CDATA[java.lang.AssertionError: The following asserts failed:
null
at org.testng.asserts.SoftAssert.assertAll(SoftAssert.java:47)
at org.testng.asserts.SoftAssert.assertAll(SoftAssert.java:31)
at testcases.RAW_DATAMART_CURATED.SnowFlake_RowCount_Master.validate_RowCount_API(SnowFlake_RowCount_Master.java:115)
at testcases.RAW_DATAMART_CURATED.SnowFlake_RowCount_Master.Testcase_RowCount_validation(SnowFlake_RowCount_Master.java:28)
at jdk.internal.reflect.GeneratedMethodAccessor13.invoke(Unknown Source)
at java.base/jdk.internal.reflect.DelegatingMethodAccessorImpl.invoke(DelegatingMethodAccessorImpl.java:43)
at java.base/java.lang.reflect.Method.invoke(Method.java:568)
at org.testng.internal.MethodInvocationHelper.invokeMethod(MethodInvocationHelper.java:133)
at org.testng.internal.TestInvoker.invokeMethod(TestInvoker.java:598)
at org.testng.internal.TestInvoker.invokeTestMethod(TestInvoker.java:173)
at org.testng.internal.MethodRunner.runInSequence(MethodRunner.java:46)
at org.testng.internal.TestInvoker$MethodInvocationAgent.invoke(TestInvoker.java:824)
at org.testng.internal.TestInvoker.invokeTestMethods(TestInvoker.java:146)
at org.testng.internal.TestMethodWorker.invokeTestMethods(TestMethodWorker.java:146)
at org.testng.internal.TestMethodWorker.run(TestMethodWorker.java:128)
at java.base/java.util.ArrayList.forEach(ArrayList.java:1511)
at org.testng.TestRunner.privateRun(TestRunner.java:794)
at org.testng.TestRunner.run(TestRunner.java:596)
at org.testng.SuiteRunner.runTest(SuiteRunner.java:377)
at org.testng.SuiteRunner.runSequentially(SuiteRunner.java:371)
at org.testng.SuiteRunner.privateRun(SuiteRunner.java:332)
at org.testng.SuiteRunner.run(SuiteRunner.java:276)
at org.testng.SuiteRunnerWorker.runSuite(SuiteRunnerWorker.java:53)
at org.testng.SuiteRunnerWorker.run(SuiteRunnerWorker.java:96)
at org.testng.TestNG.runSuitesSequentially(TestNG.java:1212)
at org.testng.TestNG.runSuitesLocally(TestNG.java:1134)
at org.testng.TestNG.runSuites(TestNG.java:1063)
at org.testng.TestNG.run(TestNG.java:1031)
at org.testng.remote.AbstractRemoteTestNG.run(AbstractRemoteTestNG.java:115)
at org.testng.remote.RemoteTestNG.initAndRun(RemoteTestNG.java:251)
at org.testng.remote.RemoteTestNG.main(RemoteTestNG.java:77)
]]>
    </failure>
  </testcase> <!-- Testcase_RowCount_validation -->
  <system-out>
    <![CDATA[Executing Snowflake query :: SELECT count(*) as TOTAL FROM DEV_ENT_RAW.API_MAT.ST_API_INVOICE WHERE TENANT_NAME='MAITZ'
Table Count in Snowflake:: 1435
Executing Snowflake query :: select count(*) as TOTAL from CURATED_DATAMART.ST_API_MAITZ.STR_API_INVOICE WHERE ACTIVE_FLAG='Y'
Table Count in Snowflake:: 977
Executing Snowflake query :: select count(*) as TOTAL from DEV_ENT_CURATED.MASTER_DIMENSIONS.FACT_INVOICE WHERE TENANT_TYPE='MAITZ' and RECORD_UPDATED_BY='API ETL'
Table Count in Snowflake:: 0
Row Count of Table INVOICE is not matched for APIMAT :: 1435 DataMart :: 977
Executing Snowflake query :: select count(*) as TOTAL from DEV_ENT_CURATED.MASTER_DIMENSIONS.FACT_INVOICE WHERE TENANT_TYPE='MAITZ' and RECORD_UPDATED_BY='Backup Table' AND ID in (select ID from CURATED_DATAMART.ST_API_MAITZ.STR_API_INVOICE WHERE ACTIVE_FLAG='Y')
Table Count in Snowflake:: 977
Row Count of Table INVOICE is matched for DataMart :: 977 CURATED :: 977]]>
  </system-out>
  <testcase classname="testcases.RAW_DATAMART_CURATED.SnowFlake_RowCount_Master" name="Testcase_RowCount_validation" time="1.844">
    <failure message="The following asserts failed:
	null" type="java.lang.AssertionError">
      <![CDATA[java.lang.AssertionError: The following asserts failed:
null
at org.testng.asserts.SoftAssert.assertAll(SoftAssert.java:47)
at org.testng.asserts.SoftAssert.assertAll(SoftAssert.java:31)
at testcases.RAW_DATAMART_CURATED.SnowFlake_RowCount_Master.validate_RowCount_BKP(SnowFlake_RowCount_Master.java:56)
at testcases.RAW_DATAMART_CURATED.SnowFlake_RowCount_Master.Testcase_RowCount_validation(SnowFlake_RowCount_Master.java:25)
at jdk.internal.reflect.GeneratedMethodAccessor13.invoke(Unknown Source)
at java.base/jdk.internal.reflect.DelegatingMethodAccessorImpl.invoke(DelegatingMethodAccessorImpl.java:43)
at java.base/java.lang.reflect.Method.invoke(Method.java:568)
at org.testng.internal.MethodInvocationHelper.invokeMethod(MethodInvocationHelper.java:133)
at org.testng.internal.TestInvoker.invokeMethod(TestInvoker.java:598)
at org.testng.internal.TestInvoker.invokeTestMethod(TestInvoker.java:173)
at org.testng.internal.MethodRunner.runInSequence(MethodRunner.java:46)
at org.testng.internal.TestInvoker$MethodInvocationAgent.invoke(TestInvoker.java:824)
at org.testng.internal.TestInvoker.invokeTestMethods(TestInvoker.java:146)
at org.testng.internal.TestMethodWorker.invokeTestMethods(TestMethodWorker.java:146)
at org.testng.internal.TestMethodWorker.run(TestMethodWorker.java:128)
at java.base/java.util.ArrayList.forEach(ArrayList.java:1511)
at org.testng.TestRunner.privateRun(TestRunner.java:794)
at org.testng.TestRunner.run(TestRunner.java:596)
at org.testng.SuiteRunner.runTest(SuiteRunner.java:377)
at org.testng.SuiteRunner.runSequentially(SuiteRunner.java:371)
at org.testng.SuiteRunner.privateRun(SuiteRunner.java:332)
at org.testng.SuiteRunner.run(SuiteRunner.java:276)
at org.testng.SuiteRunnerWorker.runSuite(SuiteRunnerWorker.java:53)
at org.testng.SuiteRunnerWorker.run(SuiteRunnerWorker.java:96)
at org.testng.TestNG.runSuitesSequentially(TestNG.java:1212)
at org.testng.TestNG.runSuitesLocally(TestNG.java:1134)
at org.testng.TestNG.runSuites(TestNG.java:1063)
at org.testng.TestNG.run(TestNG.java:1031)
at org.testng.remote.AbstractRemoteTestNG.run(AbstractRemoteTestNG.java:115)
at org.testng.remote.RemoteTestNG.initAndRun(RemoteTestNG.java:251)
at org.testng.remote.RemoteTestNG.main(RemoteTestNG.java:77)
]]>
    </failure>
  </testcase> <!-- Testcase_RowCount_validation -->
  <system-out>
    <![CDATA[Executing Snowflake query :: SELECT count(*) as TOTAL FROM DEV_ENT_RAW.ST_SNELLHEATINGAIR_MATILLION.PAYMENTSPLIT
Table Count in Snowflake:: 280204
Executing Snowflake query :: select count(*) as TOTAL from CURATED_DATAMART.ST_BKP_SNELLHEATINGAIR.STR_PAYMENTSPLIT Where ACTIVE_FLAG='Y'
Table Count in Snowflake:: 279512
Executing Snowflake query :: select count(*) as TOTAL from DEV_ENT_CURATED.MASTER_DIMENSIONS.DIM_PAYMENTSPLIT where tenant_type='SNELLHEATINGAIR' and RECORD_UPDATED_BY='Backup Table'
Table Count in Snowflake:: 279512
Row Count of Table PAYMENTSPLIT is not matched for RAW :: 280204 DataMart :: 279512 CURATED :: 279512]]>
  </system-out>
  <testcase classname="testcases.RAW_DATAMART_CURATED.SnowFlake_RowCount_Master" name="Testcase_RowCount_validation" time="2.250">
    <failure message="The following asserts failed:
	null" type="java.lang.AssertionError">
      <![CDATA[java.lang.AssertionError: The following asserts failed:
null
at org.testng.asserts.SoftAssert.assertAll(SoftAssert.java:47)
at org.testng.asserts.SoftAssert.assertAll(SoftAssert.java:31)
at testcases.RAW_DATAMART_CURATED.SnowFlake_RowCount_Master.validate_RowCount_BKP(SnowFlake_RowCount_Master.java:56)
at testcases.RAW_DATAMART_CURATED.SnowFlake_RowCount_Master.Testcase_RowCount_validation(SnowFlake_RowCount_Master.java:25)
at jdk.internal.reflect.GeneratedMethodAccessor13.invoke(Unknown Source)
at java.base/jdk.internal.reflect.DelegatingMethodAccessorImpl.invoke(DelegatingMethodAccessorImpl.java:43)
at java.base/java.lang.reflect.Method.invoke(Method.java:568)
at org.testng.internal.MethodInvocationHelper.invokeMethod(MethodInvocationHelper.java:133)
at org.testng.internal.TestInvoker.invokeMethod(TestInvoker.java:598)
at org.testng.internal.TestInvoker.invokeTestMethod(TestInvoker.java:173)
at org.testng.internal.MethodRunner.runInSequence(MethodRunner.java:46)
at org.testng.internal.TestInvoker$MethodInvocationAgent.invoke(TestInvoker.java:824)
at org.testng.internal.TestInvoker.invokeTestMethods(TestInvoker.java:146)
at org.testng.internal.TestMethodWorker.invokeTestMethods(TestMethodWorker.java:146)
at org.testng.internal.TestMethodWorker.run(TestMethodWorker.java:128)
at java.base/java.util.ArrayList.forEach(ArrayList.java:1511)
at org.testng.TestRunner.privateRun(TestRunner.java:794)
at org.testng.TestRunner.run(TestRunner.java:596)
at org.testng.SuiteRunner.runTest(SuiteRunner.java:377)
at org.testng.SuiteRunner.runSequentially(SuiteRunner.java:371)
at org.testng.SuiteRunner.privateRun(SuiteRunner.java:332)
at org.testng.SuiteRunner.run(SuiteRunner.java:276)
at org.testng.SuiteRunnerWorker.runSuite(SuiteRunnerWorker.java:53)
at org.testng.SuiteRunnerWorker.run(SuiteRunnerWorker.java:96)
at org.testng.TestNG.runSuitesSequentially(TestNG.java:1212)
at org.testng.TestNG.runSuitesLocally(TestNG.java:1134)
at org.testng.TestNG.runSuites(TestNG.java:1063)
at org.testng.TestNG.run(TestNG.java:1031)
at org.testng.remote.AbstractRemoteTestNG.run(AbstractRemoteTestNG.java:115)
at org.testng.remote.RemoteTestNG.initAndRun(RemoteTestNG.java:251)
at org.testng.remote.RemoteTestNG.main(RemoteTestNG.java:77)
]]>
    </failure>
  </testcase> <!-- Testcase_RowCount_validation -->
  <system-out>
    <![CDATA[Executing Snowflake query :: SELECT count(*) as TOTAL FROM DEV_ENT_RAW.ST_MAITZ_MATILLION.TRADE
Table Count in Snowflake:: 12
Executing Snowflake query :: select count(*) as TOTAL from CURATED_DATAMART.ST_BKP_MAITZ.STR_TRADE Where ACTIVE_FLAG='Y'
Table Count in Snowflake:: 15
Executing Snowflake query :: select count(*) as TOTAL from DEV_ENT_CURATED.MASTER_DIMENSIONS.DIM_TRADE where tenant_type='MAITZ' and RECORD_UPDATED_BY='Backup Table'
Table Count in Snowflake:: 12
Row Count of Table TRADE is not matched for RAW :: 12 DataMart :: 15 CURATED :: 12]]>
  </system-out>
  <testcase classname="testcases.RAW_DATAMART_CURATED.SnowFlake_RowCount_Master" name="Testcase_RowCount_validation" time="2.157">
    <failure message="The following asserts failed:
	null" type="java.lang.AssertionError">
      <![CDATA[java.lang.AssertionError: The following asserts failed:
null
at org.testng.asserts.SoftAssert.assertAll(SoftAssert.java:47)
at org.testng.asserts.SoftAssert.assertAll(SoftAssert.java:31)
at testcases.RAW_DATAMART_CURATED.SnowFlake_RowCount_Master.validate_RowCount_BKP(SnowFlake_RowCount_Master.java:56)
at testcases.RAW_DATAMART_CURATED.SnowFlake_RowCount_Master.Testcase_RowCount_validation(SnowFlake_RowCount_Master.java:25)
at jdk.internal.reflect.GeneratedMethodAccessor13.invoke(Unknown Source)
at java.base/jdk.internal.reflect.DelegatingMethodAccessorImpl.invoke(DelegatingMethodAccessorImpl.java:43)
at java.base/java.lang.reflect.Method.invoke(Method.java:568)
at org.testng.internal.MethodInvocationHelper.invokeMethod(MethodInvocationHelper.java:133)
at org.testng.internal.TestInvoker.invokeMethod(TestInvoker.java:598)
at org.testng.internal.TestInvoker.invokeTestMethod(TestInvoker.java:173)
at org.testng.internal.MethodRunner.runInSequence(MethodRunner.java:46)
at org.testng.internal.TestInvoker$MethodInvocationAgent.invoke(TestInvoker.java:824)
at org.testng.internal.TestInvoker.invokeTestMethods(TestInvoker.java:146)
at org.testng.internal.TestMethodWorker.invokeTestMethods(TestMethodWorker.java:146)
at org.testng.internal.TestMethodWorker.run(TestMethodWorker.java:128)
at java.base/java.util.ArrayList.forEach(ArrayList.java:1511)
at org.testng.TestRunner.privateRun(TestRunner.java:794)
at org.testng.TestRunner.run(TestRunner.java:596)
at org.testng.SuiteRunner.runTest(SuiteRunner.java:377)
at org.testng.SuiteRunner.runSequentially(SuiteRunner.java:371)
at org.testng.SuiteRunner.privateRun(SuiteRunner.java:332)
at org.testng.SuiteRunner.run(SuiteRunner.java:276)
at org.testng.SuiteRunnerWorker.runSuite(SuiteRunnerWorker.java:53)
at org.testng.SuiteRunnerWorker.run(SuiteRunnerWorker.java:96)
at org.testng.TestNG.runSuitesSequentially(TestNG.java:1212)
at org.testng.TestNG.runSuitesLocally(TestNG.java:1134)
at org.testng.TestNG.runSuites(TestNG.java:1063)
at org.testng.TestNG.run(TestNG.java:1031)
at org.testng.remote.AbstractRemoteTestNG.run(AbstractRemoteTestNG.java:115)
at org.testng.remote.RemoteTestNG.initAndRun(RemoteTestNG.java:251)
at org.testng.remote.RemoteTestNG.main(RemoteTestNG.java:77)
]]>
    </failure>
  </testcase> <!-- Testcase_RowCount_validation -->
  <system-out>
    <![CDATA[Executing Snowflake query :: SELECT count(*) as TOTAL FROM DEV_ENT_RAW.ST_GOLDMEDAL_MATILLION.CALL
Table Count in Snowflake:: 1778755
Executing Snowflake query :: select count(*) as TOTAL from CURATED_DATAMART.ST_BKP_GOLDMEDAL.STR_CALL Where ACTIVE_FLAG='Y'
Table Count in Snowflake:: 1777272
Executing Snowflake query :: select count(*) as TOTAL from DEV_ENT_CURATED.MASTER_DIMENSIONS.DIM_CALL where tenant_type='GOLDMEDAL' and RECORD_UPDATED_BY='Backup Table'
Table Count in Snowflake:: 1771492
Row Count of Table CALL is not matched for RAW :: 1778755 DataMart :: 1777272 CURATED :: 1771492]]>
  </system-out>
  <testcase classname="testcases.RAW_DATAMART_CURATED.SnowFlake_RowCount_Master" name="Testcase_RowCount_validation" time="1.552">
    <failure message="The following asserts failed:
	null" type="java.lang.AssertionError">
      <![CDATA[java.lang.AssertionError: The following asserts failed:
null
at org.testng.asserts.SoftAssert.assertAll(SoftAssert.java:47)
at org.testng.asserts.SoftAssert.assertAll(SoftAssert.java:31)
at testcases.RAW_DATAMART_CURATED.SnowFlake_RowCount_Master.validate_RowCount_BKP(SnowFlake_RowCount_Master.java:56)
at testcases.RAW_DATAMART_CURATED.SnowFlake_RowCount_Master.Testcase_RowCount_validation(SnowFlake_RowCount_Master.java:25)
at jdk.internal.reflect.GeneratedMethodAccessor13.invoke(Unknown Source)
at java.base/jdk.internal.reflect.DelegatingMethodAccessorImpl.invoke(DelegatingMethodAccessorImpl.java:43)
at java.base/java.lang.reflect.Method.invoke(Method.java:568)
at org.testng.internal.MethodInvocationHelper.invokeMethod(MethodInvocationHelper.java:133)
at org.testng.internal.TestInvoker.invokeMethod(TestInvoker.java:598)
at org.testng.internal.TestInvoker.invokeTestMethod(TestInvoker.java:173)
at org.testng.internal.MethodRunner.runInSequence(MethodRunner.java:46)
at org.testng.internal.TestInvoker$MethodInvocationAgent.invoke(TestInvoker.java:824)
at org.testng.internal.TestInvoker.invokeTestMethods(TestInvoker.java:146)
at org.testng.internal.TestMethodWorker.invokeTestMethods(TestMethodWorker.java:146)
at org.testng.internal.TestMethodWorker.run(TestMethodWorker.java:128)
at java.base/java.util.ArrayList.forEach(ArrayList.java:1511)
at org.testng.TestRunner.privateRun(TestRunner.java:794)
at org.testng.TestRunner.run(TestRunner.java:596)
at org.testng.SuiteRunner.runTest(SuiteRunner.java:377)
at org.testng.SuiteRunner.runSequentially(SuiteRunner.java:371)
at org.testng.SuiteRunner.privateRun(SuiteRunner.java:332)
at org.testng.SuiteRunner.run(SuiteRunner.java:276)
at org.testng.SuiteRunnerWorker.runSuite(SuiteRunnerWorker.java:53)
at org.testng.SuiteRunnerWorker.run(SuiteRunnerWorker.java:96)
at org.testng.TestNG.runSuitesSequentially(TestNG.java:1212)
at org.testng.TestNG.runSuitesLocally(TestNG.java:1134)
at org.testng.TestNG.runSuites(TestNG.java:1063)
at org.testng.TestNG.run(TestNG.java:1031)
at org.testng.remote.AbstractRemoteTestNG.run(AbstractRemoteTestNG.java:115)
at org.testng.remote.RemoteTestNG.initAndRun(RemoteTestNG.java:251)
at org.testng.remote.RemoteTestNG.main(RemoteTestNG.java:77)
]]>
    </failure>
  </testcase> <!-- Testcase_RowCount_validation -->
  <system-out>
    <![CDATA[Executing Snowflake query :: SELECT count(*) as TOTAL FROM DEV_ENT_RAW.ST_HUTCHINSON_MATILLION.EQUIPMENT
Table Count in Snowflake:: 630
Executing Snowflake query :: select count(*) as TOTAL from CURATED_DATAMART.ST_BKP_HUTCHINSON.STR_EQUIPMENT Where ACTIVE_FLAG='Y'
Table Count in Snowflake:: 630
Executing Snowflake query :: select count(*) as TOTAL from DEV_ENT_CURATED.MASTER_DIMENSIONS.DIM_EQUIPMENT where tenant_type='HUTCHINSON' and RECORD_UPDATED_BY='Backup Table'
Table Count in Snowflake:: 550
Row Count of Table EQUIPMENT is not matched for RAW :: 630 DataMart :: 630 CURATED :: 550]]>
  </system-out>
  <testcase classname="testcases.RAW_DATAMART_CURATED.SnowFlake_RowCount_Master" name="Testcase_RowCount_validation" time="1.951">
    <failure message="The following asserts failed:
	null,
	null" type="java.lang.AssertionError">
      <![CDATA[java.lang.AssertionError: The following asserts failed:
null,
null
at org.testng.asserts.SoftAssert.assertAll(SoftAssert.java:47)
at org.testng.asserts.SoftAssert.assertAll(SoftAssert.java:31)
at testcases.RAW_DATAMART_CURATED.SnowFlake_RowCount_Master.validate_RowCount_BKP(SnowFlake_RowCount_Master.java:56)
at testcases.RAW_DATAMART_CURATED.SnowFlake_RowCount_Master.Testcase_RowCount_validation(SnowFlake_RowCount_Master.java:25)
at jdk.internal.reflect.GeneratedMethodAccessor13.invoke(Unknown Source)
at java.base/jdk.internal.reflect.DelegatingMethodAccessorImpl.invoke(DelegatingMethodAccessorImpl.java:43)
at java.base/java.lang.reflect.Method.invoke(Method.java:568)
at org.testng.internal.MethodInvocationHelper.invokeMethod(MethodInvocationHelper.java:133)
at org.testng.internal.TestInvoker.invokeMethod(TestInvoker.java:598)
at org.testng.internal.TestInvoker.invokeTestMethod(TestInvoker.java:173)
at org.testng.internal.MethodRunner.runInSequence(MethodRunner.java:46)
at org.testng.internal.TestInvoker$MethodInvocationAgent.invoke(TestInvoker.java:824)
at org.testng.internal.TestInvoker.invokeTestMethods(TestInvoker.java:146)
at org.testng.internal.TestMethodWorker.invokeTestMethods(TestMethodWorker.java:146)
at org.testng.internal.TestMethodWorker.run(TestMethodWorker.java:128)
at java.base/java.util.ArrayList.forEach(ArrayList.java:1511)
at org.testng.TestRunner.privateRun(TestRunner.java:794)
at org.testng.TestRunner.run(TestRunner.java:596)
at org.testng.SuiteRunner.runTest(SuiteRunner.java:377)
at org.testng.SuiteRunner.runSequentially(SuiteRunner.java:371)
at org.testng.SuiteRunner.privateRun(SuiteRunner.java:332)
at org.testng.SuiteRunner.run(SuiteRunner.java:276)
at org.testng.SuiteRunnerWorker.runSuite(SuiteRunnerWorker.java:53)
at org.testng.SuiteRunnerWorker.run(SuiteRunnerWorker.java:96)
at org.testng.TestNG.runSuitesSequentially(TestNG.java:1212)
at org.testng.TestNG.runSuitesLocally(TestNG.java:1134)
at org.testng.TestNG.runSuites(TestNG.java:1063)
at org.testng.TestNG.run(TestNG.java:1031)
at org.testng.remote.AbstractRemoteTestNG.run(AbstractRemoteTestNG.java:115)
at org.testng.remote.RemoteTestNG.initAndRun(RemoteTestNG.java:251)
at org.testng.remote.RemoteTestNG.main(RemoteTestNG.java:77)
]]>
    </failure>
  </testcase> <!-- Testcase_RowCount_validation -->
  <system-out>
    <![CDATA[Executing Snowflake query :: SELECT count(*) as TOTAL FROM DEV_ENT_RAW.ST_HDAIR_MATILLION.CONTACT
Snowflake - SQLException at readDB() method :: SQL compilation error:
Object 'DEV_ENT_RAW.ST_HDAIR_MATILLION.CONTACT' does not exist or not authorized.
Executing Snowflake query :: select count(*) as TOTAL from CURATED_DATAMART.ST_BKP_HDAIR.STR_CONTACT Where ACTIVE_FLAG='Y'
Table Count in Snowflake:: 112285
Executing Snowflake query :: select count(*) as TOTAL from DEV_ENT_CURATED.MASTER_DIMENSIONS.DIM_CONTACT where tenant_type='HDAIR' and RECORD_UPDATED_BY='Backup Table'
Table Count in Snowflake:: 110056
Row Count of Table CONTACT is not matched for RAW :: 0 DataMart :: 112285 CURATED :: 110056]]>
  </system-out>
  <testcase classname="testcases.RAW_DATAMART_CURATED.SnowFlake_RowCount_Master" name="Testcase_RowCount_validation" time="1.758">
    <failure message="The following asserts failed:
	null,
	null" type="java.lang.AssertionError">
      <![CDATA[java.lang.AssertionError: The following asserts failed:
null,
null
at org.testng.asserts.SoftAssert.assertAll(SoftAssert.java:47)
at org.testng.asserts.SoftAssert.assertAll(SoftAssert.java:31)
at testcases.RAW_DATAMART_CURATED.SnowFlake_RowCount_Master.validate_RowCount_BKP(SnowFlake_RowCount_Master.java:56)
at testcases.RAW_DATAMART_CURATED.SnowFlake_RowCount_Master.Testcase_RowCount_validation(SnowFlake_RowCount_Master.java:25)
at jdk.internal.reflect.GeneratedMethodAccessor13.invoke(Unknown Source)
at java.base/jdk.internal.reflect.DelegatingMethodAccessorImpl.invoke(DelegatingMethodAccessorImpl.java:43)
at java.base/java.lang.reflect.Method.invoke(Method.java:568)
at org.testng.internal.MethodInvocationHelper.invokeMethod(MethodInvocationHelper.java:133)
at org.testng.internal.TestInvoker.invokeMethod(TestInvoker.java:598)
at org.testng.internal.TestInvoker.invokeTestMethod(TestInvoker.java:173)
at org.testng.internal.MethodRunner.runInSequence(MethodRunner.java:46)
at org.testng.internal.TestInvoker$MethodInvocationAgent.invoke(TestInvoker.java:824)
at org.testng.internal.TestInvoker.invokeTestMethods(TestInvoker.java:146)
at org.testng.internal.TestMethodWorker.invokeTestMethods(TestMethodWorker.java:146)
at org.testng.internal.TestMethodWorker.run(TestMethodWorker.java:128)
at java.base/java.util.ArrayList.forEach(ArrayList.java:1511)
at org.testng.TestRunner.privateRun(TestRunner.java:794)
at org.testng.TestRunner.run(TestRunner.java:596)
at org.testng.SuiteRunner.runTest(SuiteRunner.java:377)
at org.testng.SuiteRunner.runSequentially(SuiteRunner.java:371)
at org.testng.SuiteRunner.privateRun(SuiteRunner.java:332)
at org.testng.SuiteRunner.run(SuiteRunner.java:276)
at org.testng.SuiteRunnerWorker.runSuite(SuiteRunnerWorker.java:53)
at org.testng.SuiteRunnerWorker.run(SuiteRunnerWorker.java:96)
at org.testng.TestNG.runSuitesSequentially(TestNG.java:1212)
at org.testng.TestNG.runSuitesLocally(TestNG.java:1134)
at org.testng.TestNG.runSuites(TestNG.java:1063)
at org.testng.TestNG.run(TestNG.java:1031)
at org.testng.remote.AbstractRemoteTestNG.run(AbstractRemoteTestNG.java:115)
at org.testng.remote.RemoteTestNG.initAndRun(RemoteTestNG.java:251)
at org.testng.remote.RemoteTestNG.main(RemoteTestNG.java:77)
]]>
    </failure>
  </testcase> <!-- Testcase_RowCount_validation -->
  <system-out>
    <![CDATA[Executing Snowflake query :: SELECT count(*) as TOTAL FROM DEV_ENT_RAW.ST_HDAIR_MATILLION.TIMESHEETCODE
Snowflake - SQLException at readDB() method :: SQL compilation error:
Object 'DEV_ENT_RAW.ST_HDAIR_MATILLION.TIMESHEETCODE' does not exist or not authorized.
Executing Snowflake query :: select count(*) as TOTAL from CURATED_DATAMART.ST_BKP_HDAIR.STR_TIMESHEETCODE Where ACTIVE_FLAG='Y'
Table Count in Snowflake:: 47
Executing Snowflake query :: select count(*) as TOTAL from DEV_ENT_CURATED.MASTER_DIMENSIONS.DIM_TIMESHEETCODE where tenant_type='HDAIR' and RECORD_UPDATED_BY='Backup Table'
Table Count in Snowflake:: 46
Row Count of Table TIMESHEETCODE is not matched for RAW :: 0 DataMart :: 47 CURATED :: 46]]>
  </system-out>
  <testcase classname="testcases.RAW_DATAMART_CURATED.SnowFlake_RowCount_Master" name="Testcase_RowCount_validation" time="2.540">
    <failure message="The following asserts failed:
	null" type="java.lang.AssertionError">
      <![CDATA[java.lang.AssertionError: The following asserts failed:
null
at org.testng.asserts.SoftAssert.assertAll(SoftAssert.java:47)
at org.testng.asserts.SoftAssert.assertAll(SoftAssert.java:31)
at testcases.RAW_DATAMART_CURATED.SnowFlake_RowCount_Master.validate_RowCount_BKP(SnowFlake_RowCount_Master.java:56)
at testcases.RAW_DATAMART_CURATED.SnowFlake_RowCount_Master.Testcase_RowCount_validation(SnowFlake_RowCount_Master.java:25)
at jdk.internal.reflect.GeneratedMethodAccessor13.invoke(Unknown Source)
at java.base/jdk.internal.reflect.DelegatingMethodAccessorImpl.invoke(DelegatingMethodAccessorImpl.java:43)
at java.base/java.lang.reflect.Method.invoke(Method.java:568)
at org.testng.internal.MethodInvocationHelper.invokeMethod(MethodInvocationHelper.java:133)
at org.testng.internal.TestInvoker.invokeMethod(TestInvoker.java:598)
at org.testng.internal.TestInvoker.invokeTestMethod(TestInvoker.java:173)
at org.testng.internal.MethodRunner.runInSequence(MethodRunner.java:46)
at org.testng.internal.TestInvoker$MethodInvocationAgent.invoke(TestInvoker.java:824)
at org.testng.internal.TestInvoker.invokeTestMethods(TestInvoker.java:146)
at org.testng.internal.TestMethodWorker.invokeTestMethods(TestMethodWorker.java:146)
at org.testng.internal.TestMethodWorker.run(TestMethodWorker.java:128)
at java.base/java.util.ArrayList.forEach(ArrayList.java:1511)
at org.testng.TestRunner.privateRun(TestRunner.java:794)
at org.testng.TestRunner.run(TestRunner.java:596)
at org.testng.SuiteRunner.runTest(SuiteRunner.java:377)
at org.testng.SuiteRunner.runSequentially(SuiteRunner.java:371)
at org.testng.SuiteRunner.privateRun(SuiteRunner.java:332)
at org.testng.SuiteRunner.run(SuiteRunner.java:276)
at org.testng.SuiteRunnerWorker.runSuite(SuiteRunnerWorker.java:53)
at org.testng.SuiteRunnerWorker.run(SuiteRunnerWorker.java:96)
at org.testng.TestNG.runSuitesSequentially(TestNG.java:1212)
at org.testng.TestNG.runSuitesLocally(TestNG.java:1134)
at org.testng.TestNG.runSuites(TestNG.java:1063)
at org.testng.TestNG.run(TestNG.java:1031)
at org.testng.remote.AbstractRemoteTestNG.run(AbstractRemoteTestNG.java:115)
at org.testng.remote.RemoteTestNG.initAndRun(RemoteTestNG.java:251)
at org.testng.remote.RemoteTestNG.main(RemoteTestNG.java:77)
]]>
    </failure>
  </testcase> <!-- Testcase_RowCount_validation -->
  <system-out>
    <![CDATA[Executing Snowflake query :: SELECT count(*) as TOTAL FROM DEV_ENT_RAW.ST_HORIZONSERVICES_MATILLION.PAYMENT
Table Count in Snowflake:: 2073629
Executing Snowflake query :: select count(*) as TOTAL from CURATED_DATAMART.ST_BKP_HORIZONSERVICES.STR_PAYMENT Where ACTIVE_FLAG='Y'
Table Count in Snowflake:: 2072018
Executing Snowflake query :: select count(*) as TOTAL from DEV_ENT_CURATED.MASTER_DIMENSIONS.DIM_PAYMENT where tenant_type='HORIZONSERVICES' and RECORD_UPDATED_BY='Backup Table'
Table Count in Snowflake:: 2070304
Row Count of Table PAYMENT is not matched for RAW :: 2073629 DataMart :: 2072018 CURATED :: 2070304]]>
  </system-out>
  <testcase classname="testcases.RAW_DATAMART_CURATED.SnowFlake_RowCount_Master" name="Testcase_RowCount_validation" time="2.159">
    <failure message="The following asserts failed:
	null" type="java.lang.AssertionError">
      <![CDATA[java.lang.AssertionError: The following asserts failed:
null
at org.testng.asserts.SoftAssert.assertAll(SoftAssert.java:47)
at org.testng.asserts.SoftAssert.assertAll(SoftAssert.java:31)
at testcases.RAW_DATAMART_CURATED.SnowFlake_RowCount_Master.validate_RowCount_BKP(SnowFlake_RowCount_Master.java:56)
at testcases.RAW_DATAMART_CURATED.SnowFlake_RowCount_Master.Testcase_RowCount_validation(SnowFlake_RowCount_Master.java:25)
at jdk.internal.reflect.GeneratedMethodAccessor13.invoke(Unknown Source)
at java.base/jdk.internal.reflect.DelegatingMethodAccessorImpl.invoke(DelegatingMethodAccessorImpl.java:43)
at java.base/java.lang.reflect.Method.invoke(Method.java:568)
at org.testng.internal.MethodInvocationHelper.invokeMethod(MethodInvocationHelper.java:133)
at org.testng.internal.TestInvoker.invokeMethod(TestInvoker.java:598)
at org.testng.internal.TestInvoker.invokeTestMethod(TestInvoker.java:173)
at org.testng.internal.MethodRunner.runInSequence(MethodRunner.java:46)
at org.testng.internal.TestInvoker$MethodInvocationAgent.invoke(TestInvoker.java:824)
at org.testng.internal.TestInvoker.invokeTestMethods(TestInvoker.java:146)
at org.testng.internal.TestMethodWorker.invokeTestMethods(TestMethodWorker.java:146)
at org.testng.internal.TestMethodWorker.run(TestMethodWorker.java:128)
at java.base/java.util.ArrayList.forEach(ArrayList.java:1511)
at org.testng.TestRunner.privateRun(TestRunner.java:794)
at org.testng.TestRunner.run(TestRunner.java:596)
at org.testng.SuiteRunner.runTest(SuiteRunner.java:377)
at org.testng.SuiteRunner.runSequentially(SuiteRunner.java:371)
at org.testng.SuiteRunner.privateRun(SuiteRunner.java:332)
at org.testng.SuiteRunner.run(SuiteRunner.java:276)
at org.testng.SuiteRunnerWorker.runSuite(SuiteRunnerWorker.java:53)
at org.testng.SuiteRunnerWorker.run(SuiteRunnerWorker.java:96)
at org.testng.TestNG.runSuitesSequentially(TestNG.java:1212)
at org.testng.TestNG.runSuitesLocally(TestNG.java:1134)
at org.testng.TestNG.runSuites(TestNG.java:1063)
at org.testng.TestNG.run(TestNG.java:1031)
at org.testng.remote.AbstractRemoteTestNG.run(AbstractRemoteTestNG.java:115)
at org.testng.remote.RemoteTestNG.initAndRun(RemoteTestNG.java:251)
at org.testng.remote.RemoteTestNG.main(RemoteTestNG.java:77)
]]>
    </failure>
  </testcase> <!-- Testcase_RowCount_validation -->
  <system-out>
    <![CDATA[Executing Snowflake query :: SELECT count(*) as TOTAL FROM DEV_ENT_RAW.ST_HUTCHINSON_MATILLION.CALL
Table Count in Snowflake:: 153983
Executing Snowflake query :: select count(*) as TOTAL from CURATED_DATAMART.ST_BKP_HUTCHINSON.STR_CALL Where ACTIVE_FLAG='Y'
Table Count in Snowflake:: 153898
Executing Snowflake query :: select count(*) as TOTAL from DEV_ENT_CURATED.MASTER_DIMENSIONS.DIM_CALL where tenant_type='HUTCHINSON' and RECORD_UPDATED_BY='Backup Table'
Table Count in Snowflake:: 150634
Row Count of Table CALL is not matched for RAW :: 153983 DataMart :: 153898 CURATED :: 150634]]>
  </system-out>
  <testcase classname="testcases.RAW_DATAMART_CURATED.SnowFlake_RowCount_Master" name="Testcase_RowCount_validation" time="3.382">
    <failure message="The following asserts failed:
	null" type="java.lang.AssertionError">
      <![CDATA[java.lang.AssertionError: The following asserts failed:
null
at org.testng.asserts.SoftAssert.assertAll(SoftAssert.java:47)
at org.testng.asserts.SoftAssert.assertAll(SoftAssert.java:31)
at testcases.RAW_DATAMART_CURATED.SnowFlake_RowCount_Master.validate_RowCount_BKP(SnowFlake_RowCount_Master.java:56)
at testcases.RAW_DATAMART_CURATED.SnowFlake_RowCount_Master.Testcase_RowCount_validation(SnowFlake_RowCount_Master.java:25)
at jdk.internal.reflect.GeneratedMethodAccessor13.invoke(Unknown Source)
at java.base/jdk.internal.reflect.DelegatingMethodAccessorImpl.invoke(DelegatingMethodAccessorImpl.java:43)
at java.base/java.lang.reflect.Method.invoke(Method.java:568)
at org.testng.internal.MethodInvocationHelper.invokeMethod(MethodInvocationHelper.java:133)
at org.testng.internal.TestInvoker.invokeMethod(TestInvoker.java:598)
at org.testng.internal.TestInvoker.invokeTestMethod(TestInvoker.java:173)
at org.testng.internal.MethodRunner.runInSequence(MethodRunner.java:46)
at org.testng.internal.TestInvoker$MethodInvocationAgent.invoke(TestInvoker.java:824)
at org.testng.internal.TestInvoker.invokeTestMethods(TestInvoker.java:146)
at org.testng.internal.TestMethodWorker.invokeTestMethods(TestMethodWorker.java:146)
at org.testng.internal.TestMethodWorker.run(TestMethodWorker.java:128)
at java.base/java.util.ArrayList.forEach(ArrayList.java:1511)
at org.testng.TestRunner.privateRun(TestRunner.java:794)
at org.testng.TestRunner.run(TestRunner.java:596)
at org.testng.SuiteRunner.runTest(SuiteRunner.java:377)
at org.testng.SuiteRunner.runSequentially(SuiteRunner.java:371)
at org.testng.SuiteRunner.privateRun(SuiteRunner.java:332)
at org.testng.SuiteRunner.run(SuiteRunner.java:276)
at org.testng.SuiteRunnerWorker.runSuite(SuiteRunnerWorker.java:53)
at org.testng.SuiteRunnerWorker.run(SuiteRunnerWorker.java:96)
at org.testng.TestNG.runSuitesSequentially(TestNG.java:1212)
at org.testng.TestNG.runSuitesLocally(TestNG.java:1134)
at org.testng.TestNG.runSuites(TestNG.java:1063)
at org.testng.TestNG.run(TestNG.java:1031)
at org.testng.remote.AbstractRemoteTestNG.run(AbstractRemoteTestNG.java:115)
at org.testng.remote.RemoteTestNG.initAndRun(RemoteTestNG.java:251)
at org.testng.remote.RemoteTestNG.main(RemoteTestNG.java:77)
]]>
    </failure>
  </testcase> <!-- Testcase_RowCount_validation -->
  <system-out>
    <![CDATA[Executing Snowflake query :: SELECT count(*) as TOTAL FROM DEV_ENT_RAW.ST_CASTEEL_MATILLION.ZONE
Table Count in Snowflake:: 52
Executing Snowflake query :: select count(*) as TOTAL from CURATED_DATAMART.ST_BKP_CASTEEL.STR_ZONE Where ACTIVE_FLAG='Y'
Table Count in Snowflake:: 52
Executing Snowflake query :: select count(*) as TOTAL from DEV_ENT_CURATED.MASTER_DIMENSIONS.DIM_ZONE where tenant_type='CASTEEL' and RECORD_UPDATED_BY='Backup Table'
Table Count in Snowflake:: 0
Row Count of Table ZONE is not matched for RAW :: 52 DataMart :: 52 CURATED :: 0]]>
  </system-out>
  <testcase classname="testcases.RAW_DATAMART_CURATED.SnowFlake_RowCount_Master" name="Testcase_RowCount_validation" time="3.158">
    <failure message="The following asserts failed:
	null,
	null" type="java.lang.AssertionError">
      <![CDATA[java.lang.AssertionError: The following asserts failed:
null,
null
at org.testng.asserts.SoftAssert.assertAll(SoftAssert.java:47)
at org.testng.asserts.SoftAssert.assertAll(SoftAssert.java:31)
at testcases.RAW_DATAMART_CURATED.SnowFlake_RowCount_Master.validate_RowCount_BKP(SnowFlake_RowCount_Master.java:56)
at testcases.RAW_DATAMART_CURATED.SnowFlake_RowCount_Master.Testcase_RowCount_validation(SnowFlake_RowCount_Master.java:25)
at jdk.internal.reflect.GeneratedMethodAccessor13.invoke(Unknown Source)
at java.base/jdk.internal.reflect.DelegatingMethodAccessorImpl.invoke(DelegatingMethodAccessorImpl.java:43)
at java.base/java.lang.reflect.Method.invoke(Method.java:568)
at org.testng.internal.MethodInvocationHelper.invokeMethod(MethodInvocationHelper.java:133)
at org.testng.internal.TestInvoker.invokeMethod(TestInvoker.java:598)
at org.testng.internal.TestInvoker.invokeTestMethod(TestInvoker.java:173)
at org.testng.internal.MethodRunner.runInSequence(MethodRunner.java:46)
at org.testng.internal.TestInvoker$MethodInvocationAgent.invoke(TestInvoker.java:824)
at org.testng.internal.TestInvoker.invokeTestMethods(TestInvoker.java:146)
at org.testng.internal.TestMethodWorker.invokeTestMethods(TestMethodWorker.java:146)
at org.testng.internal.TestMethodWorker.run(TestMethodWorker.java:128)
at java.base/java.util.ArrayList.forEach(ArrayList.java:1511)
at org.testng.TestRunner.privateRun(TestRunner.java:794)
at org.testng.TestRunner.run(TestRunner.java:596)
at org.testng.SuiteRunner.runTest(SuiteRunner.java:377)
at org.testng.SuiteRunner.runSequentially(SuiteRunner.java:371)
at org.testng.SuiteRunner.privateRun(SuiteRunner.java:332)
at org.testng.SuiteRunner.run(SuiteRunner.java:276)
at org.testng.SuiteRunnerWorker.runSuite(SuiteRunnerWorker.java:53)
at org.testng.SuiteRunnerWorker.run(SuiteRunnerWorker.java:96)
at org.testng.TestNG.runSuitesSequentially(TestNG.java:1212)
at org.testng.TestNG.runSuitesLocally(TestNG.java:1134)
at org.testng.TestNG.runSuites(TestNG.java:1063)
at org.testng.TestNG.run(TestNG.java:1031)
at org.testng.remote.AbstractRemoteTestNG.run(AbstractRemoteTestNG.java:115)
at org.testng.remote.RemoteTestNG.initAndRun(RemoteTestNG.java:251)
at org.testng.remote.RemoteTestNG.main(RemoteTestNG.java:77)
]]>
    </failure>
  </testcase> <!-- Testcase_RowCount_validation -->
  <system-out>
    <![CDATA[Executing Snowflake query :: SELECT count(*) as TOTAL FROM DEV_ENT_RAW.ST_HUTCHINSON_MATILLION.TECHNICIANPAYROLL
Table Count in Snowflake:: 7463
Executing Snowflake query :: select count(*) as TOTAL from CURATED_DATAMART.ST_BKP_HUTCHINSON.STR_TECHNICIANPAYROLL Where ACTIVE_FLAG='Y'
Table Count in Snowflake:: 7271
Executing Snowflake query :: select count(*) as TOTAL from DEV_ENT_CURATED.MASTER_DIMENSIONS.DIM_TECHNICIANPAYROLL where tenant_type='HUTCHINSON' and RECORD_UPDATED_BY='Backup Table'
Snowflake - SQLException at readDB() method :: SQL compilation error: error line 1 at position 121
invalid identifier 'RECORD_UPDATED_BY'
Row Count of Table TECHNICIANPAYROLL is not matched for RAW :: 7463 DataMart :: 7271 CURATED :: 0]]>
  </system-out>
  <testcase classname="testcases.RAW_DATAMART_CURATED.SnowFlake_RowCount_Master" name="Testcase_RowCount_validation" time="1.737">
    <failure message="The following asserts failed:
	null" type="java.lang.AssertionError">
      <![CDATA[java.lang.AssertionError: The following asserts failed:
null
at org.testng.asserts.SoftAssert.assertAll(SoftAssert.java:47)
at org.testng.asserts.SoftAssert.assertAll(SoftAssert.java:31)
at testcases.RAW_DATAMART_CURATED.SnowFlake_RowCount_Master.validate_RowCount_BKP(SnowFlake_RowCount_Master.java:56)
at testcases.RAW_DATAMART_CURATED.SnowFlake_RowCount_Master.Testcase_RowCount_validation(SnowFlake_RowCount_Master.java:25)
at jdk.internal.reflect.GeneratedMethodAccessor13.invoke(Unknown Source)
at java.base/jdk.internal.reflect.DelegatingMethodAccessorImpl.invoke(DelegatingMethodAccessorImpl.java:43)
at java.base/java.lang.reflect.Method.invoke(Method.java:568)
at org.testng.internal.MethodInvocationHelper.invokeMethod(MethodInvocationHelper.java:133)
at org.testng.internal.TestInvoker.invokeMethod(TestInvoker.java:598)
at org.testng.internal.TestInvoker.invokeTestMethod(TestInvoker.java:173)
at org.testng.internal.MethodRunner.runInSequence(MethodRunner.java:46)
at org.testng.internal.TestInvoker$MethodInvocationAgent.invoke(TestInvoker.java:824)
at org.testng.internal.TestInvoker.invokeTestMethods(TestInvoker.java:146)
at org.testng.internal.TestMethodWorker.invokeTestMethods(TestMethodWorker.java:146)
at org.testng.internal.TestMethodWorker.run(TestMethodWorker.java:128)
at java.base/java.util.ArrayList.forEach(ArrayList.java:1511)
at org.testng.TestRunner.privateRun(TestRunner.java:794)
at org.testng.TestRunner.run(TestRunner.java:596)
at org.testng.SuiteRunner.runTest(SuiteRunner.java:377)
at org.testng.SuiteRunner.runSequentially(SuiteRunner.java:371)
at org.testng.SuiteRunner.privateRun(SuiteRunner.java:332)
at org.testng.SuiteRunner.run(SuiteRunner.java:276)
at org.testng.SuiteRunnerWorker.runSuite(SuiteRunnerWorker.java:53)
at org.testng.SuiteRunnerWorker.run(SuiteRunnerWorker.java:96)
at org.testng.TestNG.runSuitesSequentially(TestNG.java:1212)
at org.testng.TestNG.runSuitesLocally(TestNG.java:1134)
at org.testng.TestNG.runSuites(TestNG.java:1063)
at org.testng.TestNG.run(TestNG.java:1031)
at org.testng.remote.AbstractRemoteTestNG.run(AbstractRemoteTestNG.java:115)
at org.testng.remote.RemoteTestNG.initAndRun(RemoteTestNG.java:251)
at org.testng.remote.RemoteTestNG.main(RemoteTestNG.java:77)
]]>
    </failure>
  </testcase> <!-- Testcase_RowCount_validation -->
  <system-out>
    <![CDATA[Executing Snowflake query :: SELECT count(*) as TOTAL FROM DEV_ENT_RAW.ST_EANESHEATING_MATILLION.TAXZONE
Snowflake - SQLException at readDB() method :: SQL compilation error:
Object 'DEV_ENT_RAW.ST_EANESHEATING_MATILLION.TAXZONE' does not exist or not authorized.
Executing Snowflake query :: select count(*) as TOTAL from CURATED_DATAMART.ST_BKP_EANESHEATING.STR_TAXZONE Where ACTIVE_FLAG='Y'
Table Count in Snowflake:: 18
Executing Snowflake query :: select count(*) as TOTAL from DEV_ENT_CURATED.MASTER_DIMENSIONS.DIM_TAXZONE where tenant_type='EANESHEATING' and RECORD_UPDATED_BY='Backup Table'
Table Count in Snowflake:: 18
Row Count of Table TAXZONE is matched for RAW :: 0 DataMart :: 18 CURATED :: 18]]>
  </system-out>
  <testcase classname="testcases.RAW_DATAMART_CURATED.SnowFlake_RowCount_Master" name="Testcase_RowCount_validation" time="1.955">
    <failure message="The following asserts failed:
	null" type="java.lang.AssertionError">
      <![CDATA[java.lang.AssertionError: The following asserts failed:
null
at org.testng.asserts.SoftAssert.assertAll(SoftAssert.java:47)
at org.testng.asserts.SoftAssert.assertAll(SoftAssert.java:31)
at testcases.RAW_DATAMART_CURATED.SnowFlake_RowCount_Master.validate_RowCount_BKP(SnowFlake_RowCount_Master.java:56)
at testcases.RAW_DATAMART_CURATED.SnowFlake_RowCount_Master.Testcase_RowCount_validation(SnowFlake_RowCount_Master.java:25)
at jdk.internal.reflect.GeneratedMethodAccessor13.invoke(Unknown Source)
at java.base/jdk.internal.reflect.DelegatingMethodAccessorImpl.invoke(DelegatingMethodAccessorImpl.java:43)
at java.base/java.lang.reflect.Method.invoke(Method.java:568)
at org.testng.internal.MethodInvocationHelper.invokeMethod(MethodInvocationHelper.java:133)
at org.testng.internal.TestInvoker.invokeMethod(TestInvoker.java:598)
at org.testng.internal.TestInvoker.invokeTestMethod(TestInvoker.java:173)
at org.testng.internal.MethodRunner.runInSequence(MethodRunner.java:46)
at org.testng.internal.TestInvoker$MethodInvocationAgent.invoke(TestInvoker.java:824)
at org.testng.internal.TestInvoker.invokeTestMethods(TestInvoker.java:146)
at org.testng.internal.TestMethodWorker.invokeTestMethods(TestMethodWorker.java:146)
at org.testng.internal.TestMethodWorker.run(TestMethodWorker.java:128)
at java.base/java.util.ArrayList.forEach(ArrayList.java:1511)
at org.testng.TestRunner.privateRun(TestRunner.java:794)
at org.testng.TestRunner.run(TestRunner.java:596)
at org.testng.SuiteRunner.runTest(SuiteRunner.java:377)
at org.testng.SuiteRunner.runSequentially(SuiteRunner.java:371)
at org.testng.SuiteRunner.privateRun(SuiteRunner.java:332)
at org.testng.SuiteRunner.run(SuiteRunner.java:276)
at org.testng.SuiteRunnerWorker.runSuite(SuiteRunnerWorker.java:53)
at org.testng.SuiteRunnerWorker.run(SuiteRunnerWorker.java:96)
at org.testng.TestNG.runSuitesSequentially(TestNG.java:1212)
at org.testng.TestNG.runSuitesLocally(TestNG.java:1134)
at org.testng.TestNG.runSuites(TestNG.java:1063)
at org.testng.TestNG.run(TestNG.java:1031)
at org.testng.remote.AbstractRemoteTestNG.run(AbstractRemoteTestNG.java:115)
at org.testng.remote.RemoteTestNG.initAndRun(RemoteTestNG.java:251)
at org.testng.remote.RemoteTestNG.main(RemoteTestNG.java:77)
]]>
    </failure>
  </testcase> <!-- Testcase_RowCount_validation -->
  <system-out>
    <![CDATA[Executing Snowflake query :: SELECT count(*) as TOTAL FROM DEV_ENT_RAW.ST_HARP_MATILLION.PAYMENTSPLIT
Table Count in Snowflake:: 134385
Executing Snowflake query :: select count(*) as TOTAL from CURATED_DATAMART.ST_BKP_HARP.STR_PAYMENTSPLIT Where ACTIVE_FLAG='Y'
Table Count in Snowflake:: 134201
Executing Snowflake query :: select count(*) as TOTAL from DEV_ENT_CURATED.MASTER_DIMENSIONS.DIM_PAYMENTSPLIT where tenant_type='HARP' and RECORD_UPDATED_BY='Backup Table'
Table Count in Snowflake:: 134201
Row Count of Table PAYMENTSPLIT is not matched for RAW :: 134385 DataMart :: 134201 CURATED :: 134201]]>
  </system-out>
  <testcase classname="testcases.RAW_DATAMART_CURATED.SnowFlake_RowCount_Master" name="Testcase_RowCount_validation" time="3.172">
    <failure message="The following asserts failed:
	null" type="java.lang.AssertionError">
      <![CDATA[java.lang.AssertionError: The following asserts failed:
null
at org.testng.asserts.SoftAssert.assertAll(SoftAssert.java:47)
at org.testng.asserts.SoftAssert.assertAll(SoftAssert.java:31)
at testcases.RAW_DATAMART_CURATED.SnowFlake_RowCount_Master.validate_RowCount_BKP(SnowFlake_RowCount_Master.java:56)
at testcases.RAW_DATAMART_CURATED.SnowFlake_RowCount_Master.Testcase_RowCount_validation(SnowFlake_RowCount_Master.java:25)
at jdk.internal.reflect.GeneratedMethodAccessor13.invoke(Unknown Source)
at java.base/jdk.internal.reflect.DelegatingMethodAccessorImpl.invoke(DelegatingMethodAccessorImpl.java:43)
at java.base/java.lang.reflect.Method.invoke(Method.java:568)
at org.testng.internal.MethodInvocationHelper.invokeMethod(MethodInvocationHelper.java:133)
at org.testng.internal.TestInvoker.invokeMethod(TestInvoker.java:598)
at org.testng.internal.TestInvoker.invokeTestMethod(TestInvoker.java:173)
at org.testng.internal.MethodRunner.runInSequence(MethodRunner.java:46)
at org.testng.internal.TestInvoker$MethodInvocationAgent.invoke(TestInvoker.java:824)
at org.testng.internal.TestInvoker.invokeTestMethods(TestInvoker.java:146)
at org.testng.internal.TestMethodWorker.invokeTestMethods(TestMethodWorker.java:146)
at org.testng.internal.TestMethodWorker.run(TestMethodWorker.java:128)
at java.base/java.util.ArrayList.forEach(ArrayList.java:1511)
at org.testng.TestRunner.privateRun(TestRunner.java:794)
at org.testng.TestRunner.run(TestRunner.java:596)
at org.testng.SuiteRunner.runTest(SuiteRunner.java:377)
at org.testng.SuiteRunner.runSequentially(SuiteRunner.java:371)
at org.testng.SuiteRunner.privateRun(SuiteRunner.java:332)
at org.testng.SuiteRunner.run(SuiteRunner.java:276)
at org.testng.SuiteRunnerWorker.runSuite(SuiteRunnerWorker.java:53)
at org.testng.SuiteRunnerWorker.run(SuiteRunnerWorker.java:96)
at org.testng.TestNG.runSuitesSequentially(TestNG.java:1212)
at org.testng.TestNG.runSuitesLocally(TestNG.java:1134)
at org.testng.TestNG.runSuites(TestNG.java:1063)
at org.testng.TestNG.run(TestNG.java:1031)
at org.testng.remote.AbstractRemoteTestNG.run(AbstractRemoteTestNG.java:115)
at org.testng.remote.RemoteTestNG.initAndRun(RemoteTestNG.java:251)
at org.testng.remote.RemoteTestNG.main(RemoteTestNG.java:77)
]]>
    </failure>
  </testcase> <!-- Testcase_RowCount_validation -->
  <system-out>
    <![CDATA[Executing Snowflake query :: SELECT count(*) as TOTAL FROM DEV_ENT_RAW.ST_BILLFENWICK_MATILLION.VENDOR
Table Count in Snowflake:: 125
Executing Snowflake query :: select count(*) as TOTAL from CURATED_DATAMART.ST_BKP_BILLFENWICK.STR_VENDOR Where ACTIVE_FLAG='Y'
Table Count in Snowflake:: 125
Executing Snowflake query :: select count(*) as TOTAL from DEV_ENT_CURATED.MASTER_DIMENSIONS.DIM_VENDOR where tenant_type='BILLFENWICK' and RECORD_UPDATED_BY='Backup Table'
Table Count in Snowflake:: 0
Row Count of Table VENDOR is not matched for RAW :: 125 DataMart :: 125 CURATED :: 0]]>
  </system-out>
  <testcase classname="testcases.RAW_DATAMART_CURATED.SnowFlake_RowCount_Master" name="Testcase_RowCount_validation" time="1.864">
    <failure message="The following asserts failed:
	null" type="java.lang.AssertionError">
      <![CDATA[java.lang.AssertionError: The following asserts failed:
null
at org.testng.asserts.SoftAssert.assertAll(SoftAssert.java:47)
at org.testng.asserts.SoftAssert.assertAll(SoftAssert.java:31)
at testcases.RAW_DATAMART_CURATED.SnowFlake_RowCount_Master.validate_RowCount_BKP(SnowFlake_RowCount_Master.java:56)
at testcases.RAW_DATAMART_CURATED.SnowFlake_RowCount_Master.Testcase_RowCount_validation(SnowFlake_RowCount_Master.java:25)
at jdk.internal.reflect.GeneratedMethodAccessor13.invoke(Unknown Source)
at java.base/jdk.internal.reflect.DelegatingMethodAccessorImpl.invoke(DelegatingMethodAccessorImpl.java:43)
at java.base/java.lang.reflect.Method.invoke(Method.java:568)
at org.testng.internal.MethodInvocationHelper.invokeMethod(MethodInvocationHelper.java:133)
at org.testng.internal.TestInvoker.invokeMethod(TestInvoker.java:598)
at org.testng.internal.TestInvoker.invokeTestMethod(TestInvoker.java:173)
at org.testng.internal.MethodRunner.runInSequence(MethodRunner.java:46)
at org.testng.internal.TestInvoker$MethodInvocationAgent.invoke(TestInvoker.java:824)
at org.testng.internal.TestInvoker.invokeTestMethods(TestInvoker.java:146)
at org.testng.internal.TestMethodWorker.invokeTestMethods(TestMethodWorker.java:146)
at org.testng.internal.TestMethodWorker.run(TestMethodWorker.java:128)
at java.base/java.util.ArrayList.forEach(ArrayList.java:1511)
at org.testng.TestRunner.privateRun(TestRunner.java:794)
at org.testng.TestRunner.run(TestRunner.java:596)
at org.testng.SuiteRunner.runTest(SuiteRunner.java:377)
at org.testng.SuiteRunner.runSequentially(SuiteRunner.java:371)
at org.testng.SuiteRunner.privateRun(SuiteRunner.java:332)
at org.testng.SuiteRunner.run(SuiteRunner.java:276)
at org.testng.SuiteRunnerWorker.runSuite(SuiteRunnerWorker.java:53)
at org.testng.SuiteRunnerWorker.run(SuiteRunnerWorker.java:96)
at org.testng.TestNG.runSuitesSequentially(TestNG.java:1212)
at org.testng.TestNG.runSuitesLocally(TestNG.java:1134)
at org.testng.TestNG.runSuites(TestNG.java:1063)
at org.testng.TestNG.run(TestNG.java:1031)
at org.testng.remote.AbstractRemoteTestNG.run(AbstractRemoteTestNG.java:115)
at org.testng.remote.RemoteTestNG.initAndRun(RemoteTestNG.java:251)
at org.testng.remote.RemoteTestNG.main(RemoteTestNG.java:77)
]]>
    </failure>
  </testcase> <!-- Testcase_RowCount_validation -->
  <system-out>
    <![CDATA[Executing Snowflake query :: SELECT count(*) as TOTAL FROM DEV_ENT_RAW.ST_HARP_MATILLION.EMPLOYEE
Table Count in Snowflake:: 199
Executing Snowflake query :: select count(*) as TOTAL from CURATED_DATAMART.ST_BKP_HARP.STR_EMPLOYEE Where ACTIVE_FLAG='Y'
Table Count in Snowflake:: 199
Executing Snowflake query :: select count(*) as TOTAL from DEV_ENT_CURATED.MASTER_DIMENSIONS.DIM_EMPLOYEE where tenant_type='HARP' and RECORD_UPDATED_BY='Backup Table'
Table Count in Snowflake:: 6
Row Count of Table EMPLOYEE is not matched for RAW :: 199 DataMart :: 199 CURATED :: 6]]>
  </system-out>
  <testcase classname="testcases.RAW_DATAMART_CURATED.SnowFlake_RowCount_Master" name="Testcase_RowCount_validation" time="2.678">
    <failure message="The following asserts failed:
	null,
	null" type="java.lang.AssertionError">
      <![CDATA[java.lang.AssertionError: The following asserts failed:
null,
null
at org.testng.asserts.SoftAssert.assertAll(SoftAssert.java:47)
at org.testng.asserts.SoftAssert.assertAll(SoftAssert.java:31)
at testcases.RAW_DATAMART_CURATED.SnowFlake_RowCount_Master.validate_RowCount_API(SnowFlake_RowCount_Master.java:115)
at testcases.RAW_DATAMART_CURATED.SnowFlake_RowCount_Master.Testcase_RowCount_validation(SnowFlake_RowCount_Master.java:28)
at jdk.internal.reflect.GeneratedMethodAccessor13.invoke(Unknown Source)
at java.base/jdk.internal.reflect.DelegatingMethodAccessorImpl.invoke(DelegatingMethodAccessorImpl.java:43)
at java.base/java.lang.reflect.Method.invoke(Method.java:568)
at org.testng.internal.MethodInvocationHelper.invokeMethod(MethodInvocationHelper.java:133)
at org.testng.internal.TestInvoker.invokeMethod(TestInvoker.java:598)
at org.testng.internal.TestInvoker.invokeTestMethod(TestInvoker.java:173)
at org.testng.internal.MethodRunner.runInSequence(MethodRunner.java:46)
at org.testng.internal.TestInvoker$MethodInvocationAgent.invoke(TestInvoker.java:824)
at org.testng.internal.TestInvoker.invokeTestMethods(TestInvoker.java:146)
at org.testng.internal.TestMethodWorker.invokeTestMethods(TestMethodWorker.java:146)
at org.testng.internal.TestMethodWorker.run(TestMethodWorker.java:128)
at java.base/java.util.ArrayList.forEach(ArrayList.java:1511)
at org.testng.TestRunner.privateRun(TestRunner.java:794)
at org.testng.TestRunner.run(TestRunner.java:596)
at org.testng.SuiteRunner.runTest(SuiteRunner.java:377)
at org.testng.SuiteRunner.runSequentially(SuiteRunner.java:371)
at org.testng.SuiteRunner.privateRun(SuiteRunner.java:332)
at org.testng.SuiteRunner.run(SuiteRunner.java:276)
at org.testng.SuiteRunnerWorker.runSuite(SuiteRunnerWorker.java:53)
at org.testng.SuiteRunnerWorker.run(SuiteRunnerWorker.java:96)
at org.testng.TestNG.runSuitesSequentially(TestNG.java:1212)
at org.testng.TestNG.runSuitesLocally(TestNG.java:1134)
at org.testng.TestNG.runSuites(TestNG.java:1063)
at org.testng.TestNG.run(TestNG.java:1031)
at org.testng.remote.AbstractRemoteTestNG.run(AbstractRemoteTestNG.java:115)
at org.testng.remote.RemoteTestNG.initAndRun(RemoteTestNG.java:251)
at org.testng.remote.RemoteTestNG.main(RemoteTestNG.java:77)
]]>
    </failure>
  </testcase> <!-- Testcase_RowCount_validation -->
  <system-out>
    <![CDATA[Executing Snowflake query :: SELECT count(*) as TOTAL FROM DEV_ENT_RAW.API_MAT.ST_API_JOBASSIGNMENT WHERE TENANT_NAME='HORIZONSERVICES'
Table Count in Snowflake:: 22471
Executing Snowflake query :: select count(*) as TOTAL from CURATED_DATAMART.ST_API_HORIZONSERVICES.STR_API_JOBASSIGNMENT WHERE ACTIVE_FLAG='Y'
Table Count in Snowflake:: 17181
Executing Snowflake query :: select count(*) as TOTAL from DEV_ENT_CURATED.MASTER_DIMENSIONS.DIM_JOBASSIGNMENT WHERE TENANT_TYPE='HORIZONSERVICES' and RECORD_UPDATED_BY='API ETL'
Table Count in Snowflake:: 0
Row Count of Table JOBASSIGNMENT is not matched for APIMAT :: 22471 DataMart :: 17181
Executing Snowflake query :: select count(*) as TOTAL from DEV_ENT_CURATED.MASTER_DIMENSIONS.DIM_JOBASSIGNMENT WHERE TENANT_TYPE='HORIZONSERVICES' and RECORD_UPDATED_BY='Backup Table' AND ID in (select ID from CURATED_DATAMART.ST_API_HORIZONSERVICES.STR_API_JOBASSIGNMENT WHERE ACTIVE_FLAG='Y')
Table Count in Snowflake:: 17161
Row Count of Table JOBASSIGNMENT is not matched for DataMart :: 17181 CURATED :: 17161]]>
  </system-out>
  <testcase classname="testcases.RAW_DATAMART_CURATED.SnowFlake_RowCount_Master" name="Testcase_RowCount_validation" time="2.956">
    <failure message="The following asserts failed:
	null" type="java.lang.AssertionError">
      <![CDATA[java.lang.AssertionError: The following asserts failed:
null
at org.testng.asserts.SoftAssert.assertAll(SoftAssert.java:47)
at org.testng.asserts.SoftAssert.assertAll(SoftAssert.java:31)
at testcases.RAW_DATAMART_CURATED.SnowFlake_RowCount_Master.validate_RowCount_BKP(SnowFlake_RowCount_Master.java:56)
at testcases.RAW_DATAMART_CURATED.SnowFlake_RowCount_Master.Testcase_RowCount_validation(SnowFlake_RowCount_Master.java:25)
at jdk.internal.reflect.GeneratedMethodAccessor13.invoke(Unknown Source)
at java.base/jdk.internal.reflect.DelegatingMethodAccessorImpl.invoke(DelegatingMethodAccessorImpl.java:43)
at java.base/java.lang.reflect.Method.invoke(Method.java:568)
at org.testng.internal.MethodInvocationHelper.invokeMethod(MethodInvocationHelper.java:133)
at org.testng.internal.TestInvoker.invokeMethod(TestInvoker.java:598)
at org.testng.internal.TestInvoker.invokeTestMethod(TestInvoker.java:173)
at org.testng.internal.MethodRunner.runInSequence(MethodRunner.java:46)
at org.testng.internal.TestInvoker$MethodInvocationAgent.invoke(TestInvoker.java:824)
at org.testng.internal.TestInvoker.invokeTestMethods(TestInvoker.java:146)
at org.testng.internal.TestMethodWorker.invokeTestMethods(TestMethodWorker.java:146)
at org.testng.internal.TestMethodWorker.run(TestMethodWorker.java:128)
at java.base/java.util.ArrayList.forEach(ArrayList.java:1511)
at org.testng.TestRunner.privateRun(TestRunner.java:794)
at org.testng.TestRunner.run(TestRunner.java:596)
at org.testng.SuiteRunner.runTest(SuiteRunner.java:377)
at org.testng.SuiteRunner.runSequentially(SuiteRunner.java:371)
at org.testng.SuiteRunner.privateRun(SuiteRunner.java:332)
at org.testng.SuiteRunner.run(SuiteRunner.java:276)
at org.testng.SuiteRunnerWorker.runSuite(SuiteRunnerWorker.java:53)
at org.testng.SuiteRunnerWorker.run(SuiteRunnerWorker.java:96)
at org.testng.TestNG.runSuitesSequentially(TestNG.java:1212)
at org.testng.TestNG.runSuitesLocally(TestNG.java:1134)
at org.testng.TestNG.runSuites(TestNG.java:1063)
at org.testng.TestNG.run(TestNG.java:1031)
at org.testng.remote.AbstractRemoteTestNG.run(AbstractRemoteTestNG.java:115)
at org.testng.remote.RemoteTestNG.initAndRun(RemoteTestNG.java:251)
at org.testng.remote.RemoteTestNG.main(RemoteTestNG.java:77)
]]>
    </failure>
  </testcase> <!-- Testcase_RowCount_validation -->
  <system-out>
    <![CDATA[Executing Snowflake query :: SELECT count(*) as TOTAL FROM DEV_ENT_RAW.ST_BILLFENWICK_MATILLION.HOLDJOBREASON
Table Count in Snowflake:: 5
Executing Snowflake query :: select count(*) as TOTAL from CURATED_DATAMART.ST_BKP_BILLFENWICK.STR_HOLDJOBREASON Where ACTIVE_FLAG='Y'
Table Count in Snowflake:: 5
Executing Snowflake query :: select count(*) as TOTAL from DEV_ENT_CURATED.MASTER_DIMENSIONS.DIM_HOLDJOBREASON where tenant_type='BILLFENWICK' and RECORD_UPDATED_BY='Backup Table'
Table Count in Snowflake:: 0
Row Count of Table HOLDJOBREASON is not matched for RAW :: 5 DataMart :: 5 CURATED :: 0]]>
  </system-out>
  <testcase classname="testcases.RAW_DATAMART_CURATED.SnowFlake_RowCount_Master" name="Testcase_RowCount_validation" time="2.560">
    <failure message="The following asserts failed:
	null" type="java.lang.AssertionError">
      <![CDATA[java.lang.AssertionError: The following asserts failed:
null
at org.testng.asserts.SoftAssert.assertAll(SoftAssert.java:47)
at org.testng.asserts.SoftAssert.assertAll(SoftAssert.java:31)
at testcases.RAW_DATAMART_CURATED.SnowFlake_RowCount_Master.validate_RowCount_BKP(SnowFlake_RowCount_Master.java:56)
at testcases.RAW_DATAMART_CURATED.SnowFlake_RowCount_Master.Testcase_RowCount_validation(SnowFlake_RowCount_Master.java:25)
at jdk.internal.reflect.GeneratedMethodAccessor13.invoke(Unknown Source)
at java.base/jdk.internal.reflect.DelegatingMethodAccessorImpl.invoke(DelegatingMethodAccessorImpl.java:43)
at java.base/java.lang.reflect.Method.invoke(Method.java:568)
at org.testng.internal.MethodInvocationHelper.invokeMethod(MethodInvocationHelper.java:133)
at org.testng.internal.TestInvoker.invokeMethod(TestInvoker.java:598)
at org.testng.internal.TestInvoker.invokeTestMethod(TestInvoker.java:173)
at org.testng.internal.MethodRunner.runInSequence(MethodRunner.java:46)
at org.testng.internal.TestInvoker$MethodInvocationAgent.invoke(TestInvoker.java:824)
at org.testng.internal.TestInvoker.invokeTestMethods(TestInvoker.java:146)
at org.testng.internal.TestMethodWorker.invokeTestMethods(TestMethodWorker.java:146)
at org.testng.internal.TestMethodWorker.run(TestMethodWorker.java:128)
at java.base/java.util.ArrayList.forEach(ArrayList.java:1511)
at org.testng.TestRunner.privateRun(TestRunner.java:794)
at org.testng.TestRunner.run(TestRunner.java:596)
at org.testng.SuiteRunner.runTest(SuiteRunner.java:377)
at org.testng.SuiteRunner.runSequentially(SuiteRunner.java:371)
at org.testng.SuiteRunner.privateRun(SuiteRunner.java:332)
at org.testng.SuiteRunner.run(SuiteRunner.java:276)
at org.testng.SuiteRunnerWorker.runSuite(SuiteRunnerWorker.java:53)
at org.testng.SuiteRunnerWorker.run(SuiteRunnerWorker.java:96)
at org.testng.TestNG.runSuitesSequentially(TestNG.java:1212)
at org.testng.TestNG.runSuitesLocally(TestNG.java:1134)
at org.testng.TestNG.runSuites(TestNG.java:1063)
at org.testng.TestNG.run(TestNG.java:1031)
at org.testng.remote.AbstractRemoteTestNG.run(AbstractRemoteTestNG.java:115)
at org.testng.remote.RemoteTestNG.initAndRun(RemoteTestNG.java:251)
at org.testng.remote.RemoteTestNG.main(RemoteTestNG.java:77)
]]>
    </failure>
  </testcase> <!-- Testcase_RowCount_validation -->
  <system-out>
    <![CDATA[Executing Snowflake query :: SELECT count(*) as TOTAL FROM DEV_ENT_RAW.ST_EANESHEATING_MATILLION.JOBTYPE
Snowflake - SQLException at readDB() method :: SQL compilation error:
Object 'DEV_ENT_RAW.ST_EANESHEATING_MATILLION.JOBTYPE' does not exist or not authorized.
Executing Snowflake query :: select count(*) as TOTAL from CURATED_DATAMART.ST_BKP_EANESHEATING.STR_JOBTYPE Where ACTIVE_FLAG='Y'
Table Count in Snowflake:: 219
Executing Snowflake query :: select count(*) as TOTAL from DEV_ENT_CURATED.MASTER_DIMENSIONS.DIM_JOBTYPE where tenant_type='EANESHEATING' and RECORD_UPDATED_BY='Backup Table'
Table Count in Snowflake:: 219
Row Count of Table JOBTYPE is matched for RAW :: 0 DataMart :: 219 CURATED :: 219]]>
  </system-out>
  <testcase classname="testcases.RAW_DATAMART_CURATED.SnowFlake_RowCount_Master" name="Testcase_RowCount_validation" time="1.526">
    <failure message="The following asserts failed:
	null" type="java.lang.AssertionError">
      <![CDATA[java.lang.AssertionError: The following asserts failed:
null
at org.testng.asserts.SoftAssert.assertAll(SoftAssert.java:47)
at org.testng.asserts.SoftAssert.assertAll(SoftAssert.java:31)
at testcases.RAW_DATAMART_CURATED.SnowFlake_RowCount_Master.validate_RowCount_BKP(SnowFlake_RowCount_Master.java:56)
at testcases.RAW_DATAMART_CURATED.SnowFlake_RowCount_Master.Testcase_RowCount_validation(SnowFlake_RowCount_Master.java:25)
at jdk.internal.reflect.GeneratedMethodAccessor13.invoke(Unknown Source)
at java.base/jdk.internal.reflect.DelegatingMethodAccessorImpl.invoke(DelegatingMethodAccessorImpl.java:43)
at java.base/java.lang.reflect.Method.invoke(Method.java:568)
at org.testng.internal.MethodInvocationHelper.invokeMethod(MethodInvocationHelper.java:133)
at org.testng.internal.TestInvoker.invokeMethod(TestInvoker.java:598)
at org.testng.internal.TestInvoker.invokeTestMethod(TestInvoker.java:173)
at org.testng.internal.MethodRunner.runInSequence(MethodRunner.java:46)
at org.testng.internal.TestInvoker$MethodInvocationAgent.invoke(TestInvoker.java:824)
at org.testng.internal.TestInvoker.invokeTestMethods(TestInvoker.java:146)
at org.testng.internal.TestMethodWorker.invokeTestMethods(TestMethodWorker.java:146)
at org.testng.internal.TestMethodWorker.run(TestMethodWorker.java:128)
at java.base/java.util.ArrayList.forEach(ArrayList.java:1511)
at org.testng.TestRunner.privateRun(TestRunner.java:794)
at org.testng.TestRunner.run(TestRunner.java:596)
at org.testng.SuiteRunner.runTest(SuiteRunner.java:377)
at org.testng.SuiteRunner.runSequentially(SuiteRunner.java:371)
at org.testng.SuiteRunner.privateRun(SuiteRunner.java:332)
at org.testng.SuiteRunner.run(SuiteRunner.java:276)
at org.testng.SuiteRunnerWorker.runSuite(SuiteRunnerWorker.java:53)
at org.testng.SuiteRunnerWorker.run(SuiteRunnerWorker.java:96)
at org.testng.TestNG.runSuitesSequentially(TestNG.java:1212)
at org.testng.TestNG.runSuitesLocally(TestNG.java:1134)
at org.testng.TestNG.runSuites(TestNG.java:1063)
at org.testng.TestNG.run(TestNG.java:1031)
at org.testng.remote.AbstractRemoteTestNG.run(AbstractRemoteTestNG.java:115)
at org.testng.remote.RemoteTestNG.initAndRun(RemoteTestNG.java:251)
at org.testng.remote.RemoteTestNG.main(RemoteTestNG.java:77)
]]>
    </failure>
  </testcase> <!-- Testcase_RowCount_validation -->
  <system-out>
    <![CDATA[Executing Snowflake query :: SELECT count(*) as TOTAL FROM DEV_ENT_RAW.ST_HDAIR_MATILLION.SKUASSET
Snowflake - SQLException at readDB() method :: SQL compilation error:
Object 'DEV_ENT_RAW.ST_HDAIR_MATILLION.SKUASSET' does not exist or not authorized.
Executing Snowflake query :: select count(*) as TOTAL from CURATED_DATAMART.ST_BKP_HDAIR.STR_SKUASSET Where ACTIVE_FLAG='Y'
Table Count in Snowflake:: 5845
Executing Snowflake query :: select count(*) as TOTAL from DEV_ENT_CURATED.MASTER_DIMENSIONS.DIM_SKUASSET where tenant_type='HDAIR' and RECORD_UPDATED_BY='Backup Table'
Table Count in Snowflake:: 5845
Row Count of Table SKUASSET is matched for RAW :: 0 DataMart :: 5845 CURATED :: 5845]]>
  </system-out>
  <testcase classname="testcases.RAW_DATAMART_CURATED.SnowFlake_RowCount_Master" name="Testcase_RowCount_validation" time="2.207">
    <failure message="The following asserts failed:
	null" type="java.lang.AssertionError">
      <![CDATA[java.lang.AssertionError: The following asserts failed:
null
at org.testng.asserts.SoftAssert.assertAll(SoftAssert.java:47)
at org.testng.asserts.SoftAssert.assertAll(SoftAssert.java:31)
at testcases.RAW_DATAMART_CURATED.SnowFlake_RowCount_Master.validate_RowCount_BKP(SnowFlake_RowCount_Master.java:56)
at testcases.RAW_DATAMART_CURATED.SnowFlake_RowCount_Master.Testcase_RowCount_validation(SnowFlake_RowCount_Master.java:25)
at jdk.internal.reflect.GeneratedMethodAccessor13.invoke(Unknown Source)
at java.base/jdk.internal.reflect.DelegatingMethodAccessorImpl.invoke(DelegatingMethodAccessorImpl.java:43)
at java.base/java.lang.reflect.Method.invoke(Method.java:568)
at org.testng.internal.MethodInvocationHelper.invokeMethod(MethodInvocationHelper.java:133)
at org.testng.internal.TestInvoker.invokeMethod(TestInvoker.java:598)
at org.testng.internal.TestInvoker.invokeTestMethod(TestInvoker.java:173)
at org.testng.internal.MethodRunner.runInSequence(MethodRunner.java:46)
at org.testng.internal.TestInvoker$MethodInvocationAgent.invoke(TestInvoker.java:824)
at org.testng.internal.TestInvoker.invokeTestMethods(TestInvoker.java:146)
at org.testng.internal.TestMethodWorker.invokeTestMethods(TestMethodWorker.java:146)
at org.testng.internal.TestMethodWorker.run(TestMethodWorker.java:128)
at java.base/java.util.ArrayList.forEach(ArrayList.java:1511)
at org.testng.TestRunner.privateRun(TestRunner.java:794)
at org.testng.TestRunner.run(TestRunner.java:596)
at org.testng.SuiteRunner.runTest(SuiteRunner.java:377)
at org.testng.SuiteRunner.runSequentially(SuiteRunner.java:371)
at org.testng.SuiteRunner.privateRun(SuiteRunner.java:332)
at org.testng.SuiteRunner.run(SuiteRunner.java:276)
at org.testng.SuiteRunnerWorker.runSuite(SuiteRunnerWorker.java:53)
at org.testng.SuiteRunnerWorker.run(SuiteRunnerWorker.java:96)
at org.testng.TestNG.runSuitesSequentially(TestNG.java:1212)
at org.testng.TestNG.runSuitesLocally(TestNG.java:1134)
at org.testng.TestNG.runSuites(TestNG.java:1063)
at org.testng.TestNG.run(TestNG.java:1031)
at org.testng.remote.AbstractRemoteTestNG.run(AbstractRemoteTestNG.java:115)
at org.testng.remote.RemoteTestNG.initAndRun(RemoteTestNG.java:251)
at org.testng.remote.RemoteTestNG.main(RemoteTestNG.java:77)
]]>
    </failure>
  </testcase> <!-- Testcase_RowCount_validation -->
  <system-out>
    <![CDATA[Executing Snowflake query :: SELECT count(*) as TOTAL FROM DEV_ENT_RAW.ST_MAITZ_MATILLION.SERVICE
Table Count in Snowflake:: 2489
Executing Snowflake query :: select count(*) as TOTAL from CURATED_DATAMART.ST_BKP_MAITZ.STR_SERVICE Where ACTIVE_FLAG='Y'
Table Count in Snowflake:: 2489
Executing Snowflake query :: select count(*) as TOTAL from DEV_ENT_CURATED.MASTER_DIMENSIONS.DIM_SERVICE where tenant_type='MAITZ' and RECORD_UPDATED_BY='Backup Table'
Table Count in Snowflake:: 2488
Row Count of Table SERVICE is not matched for RAW :: 2489 DataMart :: 2489 CURATED :: 2488]]>
  </system-out>
  <testcase classname="testcases.RAW_DATAMART_CURATED.SnowFlake_RowCount_Master" name="Testcase_RowCount_validation" time="2.696">
    <failure message="The following asserts failed:
	null,
	null" type="java.lang.AssertionError">
      <![CDATA[java.lang.AssertionError: The following asserts failed:
null,
null
at org.testng.asserts.SoftAssert.assertAll(SoftAssert.java:47)
at org.testng.asserts.SoftAssert.assertAll(SoftAssert.java:31)
at testcases.RAW_DATAMART_CURATED.SnowFlake_RowCount_Master.validate_RowCount_API(SnowFlake_RowCount_Master.java:115)
at testcases.RAW_DATAMART_CURATED.SnowFlake_RowCount_Master.Testcase_RowCount_validation(SnowFlake_RowCount_Master.java:28)
at jdk.internal.reflect.GeneratedMethodAccessor13.invoke(Unknown Source)
at java.base/jdk.internal.reflect.DelegatingMethodAccessorImpl.invoke(DelegatingMethodAccessorImpl.java:43)
at java.base/java.lang.reflect.Method.invoke(Method.java:568)
at org.testng.internal.MethodInvocationHelper.invokeMethod(MethodInvocationHelper.java:133)
at org.testng.internal.TestInvoker.invokeMethod(TestInvoker.java:598)
at org.testng.internal.TestInvoker.invokeTestMethod(TestInvoker.java:173)
at org.testng.internal.MethodRunner.runInSequence(MethodRunner.java:46)
at org.testng.internal.TestInvoker$MethodInvocationAgent.invoke(TestInvoker.java:824)
at org.testng.internal.TestInvoker.invokeTestMethods(TestInvoker.java:146)
at org.testng.internal.TestMethodWorker.invokeTestMethods(TestMethodWorker.java:146)
at org.testng.internal.TestMethodWorker.run(TestMethodWorker.java:128)
at java.base/java.util.ArrayList.forEach(ArrayList.java:1511)
at org.testng.TestRunner.privateRun(TestRunner.java:794)
at org.testng.TestRunner.run(TestRunner.java:596)
at org.testng.SuiteRunner.runTest(SuiteRunner.java:377)
at org.testng.SuiteRunner.runSequentially(SuiteRunner.java:371)
at org.testng.SuiteRunner.privateRun(SuiteRunner.java:332)
at org.testng.SuiteRunner.run(SuiteRunner.java:276)
at org.testng.SuiteRunnerWorker.runSuite(SuiteRunnerWorker.java:53)
at org.testng.SuiteRunnerWorker.run(SuiteRunnerWorker.java:96)
at org.testng.TestNG.runSuitesSequentially(TestNG.java:1212)
at org.testng.TestNG.runSuitesLocally(TestNG.java:1134)
at org.testng.TestNG.runSuites(TestNG.java:1063)
at org.testng.TestNG.run(TestNG.java:1031)
at org.testng.remote.AbstractRemoteTestNG.run(AbstractRemoteTestNG.java:115)
at org.testng.remote.RemoteTestNG.initAndRun(RemoteTestNG.java:251)
at org.testng.remote.RemoteTestNG.main(RemoteTestNG.java:77)
]]>
    </failure>
  </testcase> <!-- Testcase_RowCount_validation -->
  <system-out>
    <![CDATA[Executing Snowflake query :: SELECT count(*) as TOTAL FROM DEV_ENT_RAW.API_MAT.ST_API_LOCATION WHERE TENANT_NAME='HORIZONSERVICES'
Table Count in Snowflake:: 9152
Executing Snowflake query :: select count(*) as TOTAL from CURATED_DATAMART.ST_API_HORIZONSERVICES.STR_API_LOCATION WHERE ACTIVE_FLAG='Y'
Table Count in Snowflake:: 7039
Executing Snowflake query :: select count(*) as TOTAL from DEV_ENT_CURATED.MASTER_DIMENSIONS.DIM_LOCATION WHERE TENANT_TYPE='HORIZONSERVICES' and RECORD_UPDATED_BY='API ETL'
Table Count in Snowflake:: 0
Row Count of Table LOCATION is not matched for APIMAT :: 9152 DataMart :: 7039
Executing Snowflake query :: select count(*) as TOTAL from DEV_ENT_CURATED.MASTER_DIMENSIONS.DIM_LOCATION WHERE TENANT_TYPE='HORIZONSERVICES' and RECORD_UPDATED_BY='Backup Table' AND ID in (select ID from CURATED_DATAMART.ST_API_HORIZONSERVICES.STR_API_LOCATION WHERE ACTIVE_FLAG='Y')
Table Count in Snowflake:: 7037
Row Count of Table LOCATION is not matched for DataMart :: 7039 CURATED :: 7037]]>
  </system-out>
  <testcase classname="testcases.RAW_DATAMART_CURATED.SnowFlake_RowCount_Master" name="Testcase_RowCount_validation" time="4.144">
    <failure message="The following asserts failed:
	null,
	null" type="java.lang.AssertionError">
      <![CDATA[java.lang.AssertionError: The following asserts failed:
null,
null
at org.testng.asserts.SoftAssert.assertAll(SoftAssert.java:47)
at org.testng.asserts.SoftAssert.assertAll(SoftAssert.java:31)
at testcases.RAW_DATAMART_CURATED.SnowFlake_RowCount_Master.validate_RowCount_BKP(SnowFlake_RowCount_Master.java:56)
at testcases.RAW_DATAMART_CURATED.SnowFlake_RowCount_Master.Testcase_RowCount_validation(SnowFlake_RowCount_Master.java:25)
at java.base/jdk.internal.reflect.NativeMethodAccessorImpl.invoke0(Native Method)
at java.base/jdk.internal.reflect.NativeMethodAccessorImpl.invoke(NativeMethodAccessorImpl.java:77)
at java.base/jdk.internal.reflect.DelegatingMethodAccessorImpl.invoke(DelegatingMethodAccessorImpl.java:43)
at java.base/java.lang.reflect.Method.invoke(Method.java:568)
at org.testng.internal.MethodInvocationHelper.invokeMethod(MethodInvocationHelper.java:133)
at org.testng.internal.TestInvoker.invokeMethod(TestInvoker.java:598)
at org.testng.internal.TestInvoker.invokeTestMethod(TestInvoker.java:173)
at org.testng.internal.MethodRunner.runInSequence(MethodRunner.java:46)
at org.testng.internal.TestInvoker$MethodInvocationAgent.invoke(TestInvoker.java:824)
at org.testng.internal.TestInvoker.invokeTestMethods(TestInvoker.java:146)
at org.testng.internal.TestMethodWorker.invokeTestMethods(TestMethodWorker.java:146)
at org.testng.internal.TestMethodWorker.run(TestMethodWorker.java:128)
at java.base/java.util.ArrayList.forEach(ArrayList.java:1511)
at org.testng.TestRunner.privateRun(TestRunner.java:794)
at org.testng.TestRunner.run(TestRunner.java:596)
at org.testng.SuiteRunner.runTest(SuiteRunner.java:377)
at org.testng.SuiteRunner.runSequentially(SuiteRunner.java:371)
at org.testng.SuiteRunner.privateRun(SuiteRunner.java:332)
at org.testng.SuiteRunner.run(SuiteRunner.java:276)
at org.testng.SuiteRunnerWorker.runSuite(SuiteRunnerWorker.java:53)
at org.testng.SuiteRunnerWorker.run(SuiteRunnerWorker.java:96)
at org.testng.TestNG.runSuitesSequentially(TestNG.java:1212)
at org.testng.TestNG.runSuitesLocally(TestNG.java:1134)
at org.testng.TestNG.runSuites(TestNG.java:1063)
at org.testng.TestNG.run(TestNG.java:1031)
at org.testng.remote.AbstractRemoteTestNG.run(AbstractRemoteTestNG.java:115)
at org.testng.remote.RemoteTestNG.initAndRun(RemoteTestNG.java:251)
at org.testng.remote.RemoteTestNG.main(RemoteTestNG.java:77)
]]>
    </failure>
  </testcase> <!-- Testcase_RowCount_validation -->
  <system-out>
    <![CDATA[Executing Snowflake query :: SELECT count(*) as TOTAL FROM DEV_ENT_RAW.ST_EANESHEATING_MATILLION.BATCH
Snowflake - SQLException at readDB() method :: SQL compilation error:
Object 'DEV_ENT_RAW.ST_EANESHEATING_MATILLION.BATCH' does not exist or not authorized.
Executing Snowflake query :: select count(*) as TOTAL from CURATED_DATAMART.ST_BKP_EANESHEATING.STR_BATCH Where ACTIVE_FLAG='Y'
Table Count in Snowflake:: 4710
Executing Snowflake query :: select count(*) as TOTAL from DEV_ENT_CURATED.MASTER_DIMENSIONS.FACT_BATCH where tenant_type='EANESHEATING' and RECORD_UPDATED_BY='Backup Table'
Table Count in Snowflake:: 4669
Row Count of Table BATCH is not matched for RAW :: 0 DataMart :: 4710 CURATED :: 4669]]>
  </system-out>
  <testcase classname="testcases.RAW_DATAMART_CURATED.SnowFlake_RowCount_Master" name="Testcase_RowCount_validation" time="1.761">
    <failure message="The following asserts failed:
	null" type="java.lang.AssertionError">
      <![CDATA[java.lang.AssertionError: The following asserts failed:
null
at org.testng.asserts.SoftAssert.assertAll(SoftAssert.java:47)
at org.testng.asserts.SoftAssert.assertAll(SoftAssert.java:31)
at testcases.RAW_DATAMART_CURATED.SnowFlake_RowCount_Master.validate_RowCount_BKP(SnowFlake_RowCount_Master.java:56)
at testcases.RAW_DATAMART_CURATED.SnowFlake_RowCount_Master.Testcase_RowCount_validation(SnowFlake_RowCount_Master.java:25)
at jdk.internal.reflect.GeneratedMethodAccessor13.invoke(Unknown Source)
at java.base/jdk.internal.reflect.DelegatingMethodAccessorImpl.invoke(DelegatingMethodAccessorImpl.java:43)
at java.base/java.lang.reflect.Method.invoke(Method.java:568)
at org.testng.internal.MethodInvocationHelper.invokeMethod(MethodInvocationHelper.java:133)
at org.testng.internal.TestInvoker.invokeMethod(TestInvoker.java:598)
at org.testng.internal.TestInvoker.invokeTestMethod(TestInvoker.java:173)
at org.testng.internal.MethodRunner.runInSequence(MethodRunner.java:46)
at org.testng.internal.TestInvoker$MethodInvocationAgent.invoke(TestInvoker.java:824)
at org.testng.internal.TestInvoker.invokeTestMethods(TestInvoker.java:146)
at org.testng.internal.TestMethodWorker.invokeTestMethods(TestMethodWorker.java:146)
at org.testng.internal.TestMethodWorker.run(TestMethodWorker.java:128)
at java.base/java.util.ArrayList.forEach(ArrayList.java:1511)
at org.testng.TestRunner.privateRun(TestRunner.java:794)
at org.testng.TestRunner.run(TestRunner.java:596)
at org.testng.SuiteRunner.runTest(SuiteRunner.java:377)
at org.testng.SuiteRunner.runSequentially(SuiteRunner.java:371)
at org.testng.SuiteRunner.privateRun(SuiteRunner.java:332)
at org.testng.SuiteRunner.run(SuiteRunner.java:276)
at org.testng.SuiteRunnerWorker.runSuite(SuiteRunnerWorker.java:53)
at org.testng.SuiteRunnerWorker.run(SuiteRunnerWorker.java:96)
at org.testng.TestNG.runSuitesSequentially(TestNG.java:1212)
at org.testng.TestNG.runSuitesLocally(TestNG.java:1134)
at org.testng.TestNG.runSuites(TestNG.java:1063)
at org.testng.TestNG.run(TestNG.java:1031)
at org.testng.remote.AbstractRemoteTestNG.run(AbstractRemoteTestNG.java:115)
at org.testng.remote.RemoteTestNG.initAndRun(RemoteTestNG.java:251)
at org.testng.remote.RemoteTestNG.main(RemoteTestNG.java:77)
]]>
    </failure>
  </testcase> <!-- Testcase_RowCount_validation -->
  <system-out>
    <![CDATA[Executing Snowflake query :: SELECT count(*) as TOTAL FROM DEV_ENT_RAW.ST_HDAIR_MATILLION.PAYMENTSPLIT
Snowflake - SQLException at readDB() method :: SQL compilation error:
Object 'DEV_ENT_RAW.ST_HDAIR_MATILLION.PAYMENTSPLIT' does not exist or not authorized.
Executing Snowflake query :: select count(*) as TOTAL from CURATED_DATAMART.ST_BKP_HDAIR.STR_PAYMENTSPLIT Where ACTIVE_FLAG='Y'
Table Count in Snowflake:: 188749
Executing Snowflake query :: select count(*) as TOTAL from DEV_ENT_CURATED.MASTER_DIMENSIONS.DIM_PAYMENTSPLIT where tenant_type='HDAIR' and RECORD_UPDATED_BY='Backup Table'
Table Count in Snowflake:: 188749
Row Count of Table PAYMENTSPLIT is matched for RAW :: 0 DataMart :: 188749 CURATED :: 188749]]>
  </system-out>
  <testcase classname="testcases.RAW_DATAMART_CURATED.SnowFlake_RowCount_Master" name="Testcase_RowCount_validation" time="2.766">
    <failure message="The following asserts failed:
	null" type="java.lang.AssertionError">
      <![CDATA[java.lang.AssertionError: The following asserts failed:
null
at org.testng.asserts.SoftAssert.assertAll(SoftAssert.java:47)
at org.testng.asserts.SoftAssert.assertAll(SoftAssert.java:31)
at testcases.RAW_DATAMART_CURATED.SnowFlake_RowCount_Master.validate_RowCount_BKP(SnowFlake_RowCount_Master.java:56)
at testcases.RAW_DATAMART_CURATED.SnowFlake_RowCount_Master.Testcase_RowCount_validation(SnowFlake_RowCount_Master.java:25)
at jdk.internal.reflect.GeneratedMethodAccessor13.invoke(Unknown Source)
at java.base/jdk.internal.reflect.DelegatingMethodAccessorImpl.invoke(DelegatingMethodAccessorImpl.java:43)
at java.base/java.lang.reflect.Method.invoke(Method.java:568)
at org.testng.internal.MethodInvocationHelper.invokeMethod(MethodInvocationHelper.java:133)
at org.testng.internal.TestInvoker.invokeMethod(TestInvoker.java:598)
at org.testng.internal.TestInvoker.invokeTestMethod(TestInvoker.java:173)
at org.testng.internal.MethodRunner.runInSequence(MethodRunner.java:46)
at org.testng.internal.TestInvoker$MethodInvocationAgent.invoke(TestInvoker.java:824)
at org.testng.internal.TestInvoker.invokeTestMethods(TestInvoker.java:146)
at org.testng.internal.TestMethodWorker.invokeTestMethods(TestMethodWorker.java:146)
at org.testng.internal.TestMethodWorker.run(TestMethodWorker.java:128)
at java.base/java.util.ArrayList.forEach(ArrayList.java:1511)
at org.testng.TestRunner.privateRun(TestRunner.java:794)
at org.testng.TestRunner.run(TestRunner.java:596)
at org.testng.SuiteRunner.runTest(SuiteRunner.java:377)
at org.testng.SuiteRunner.runSequentially(SuiteRunner.java:371)
at org.testng.SuiteRunner.privateRun(SuiteRunner.java:332)
at org.testng.SuiteRunner.run(SuiteRunner.java:276)
at org.testng.SuiteRunnerWorker.runSuite(SuiteRunnerWorker.java:53)
at org.testng.SuiteRunnerWorker.run(SuiteRunnerWorker.java:96)
at org.testng.TestNG.runSuitesSequentially(TestNG.java:1212)
at org.testng.TestNG.runSuitesLocally(TestNG.java:1134)
at org.testng.TestNG.runSuites(TestNG.java:1063)
at org.testng.TestNG.run(TestNG.java:1031)
at org.testng.remote.AbstractRemoteTestNG.run(AbstractRemoteTestNG.java:115)
at org.testng.remote.RemoteTestNG.initAndRun(RemoteTestNG.java:251)
at org.testng.remote.RemoteTestNG.main(RemoteTestNG.java:77)
]]>
    </failure>
  </testcase> <!-- Testcase_RowCount_validation -->
  <system-out>
    <![CDATA[Executing Snowflake query :: SELECT count(*) as TOTAL FROM DEV_ENT_RAW.ST_HDAIR_MATILLION.CATEGORY
Snowflake - SQLException at readDB() method :: SQL compilation error:
Object 'DEV_ENT_RAW.ST_HDAIR_MATILLION.CATEGORY' does not exist or not authorized.
Executing Snowflake query :: select count(*) as TOTAL from CURATED_DATAMART.ST_BKP_HDAIR.STR_CATEGORY Where ACTIVE_FLAG='Y'
Table Count in Snowflake:: 1286
Executing Snowflake query :: select count(*) as TOTAL from DEV_ENT_CURATED.MASTER_DIMENSIONS.DIM_CATEGORY where tenant_type='HDAIR' and RECORD_UPDATED_BY='Backup Table'
Table Count in Snowflake:: 1286
Row Count of Table CATEGORY is matched for RAW :: 0 DataMart :: 1286 CURATED :: 1286]]>
  </system-out>
  <testcase classname="testcases.RAW_DATAMART_CURATED.SnowFlake_RowCount_Master" name="Testcase_RowCount_validation" time="2.048">
    <failure message="The following asserts failed:
	null" type="java.lang.AssertionError">
      <![CDATA[java.lang.AssertionError: The following asserts failed:
null
at org.testng.asserts.SoftAssert.assertAll(SoftAssert.java:47)
at org.testng.asserts.SoftAssert.assertAll(SoftAssert.java:31)
at testcases.RAW_DATAMART_CURATED.SnowFlake_RowCount_Master.validate_RowCount_BKP(SnowFlake_RowCount_Master.java:56)
at testcases.RAW_DATAMART_CURATED.SnowFlake_RowCount_Master.Testcase_RowCount_validation(SnowFlake_RowCount_Master.java:25)
at jdk.internal.reflect.GeneratedMethodAccessor13.invoke(Unknown Source)
at java.base/jdk.internal.reflect.DelegatingMethodAccessorImpl.invoke(DelegatingMethodAccessorImpl.java:43)
at java.base/java.lang.reflect.Method.invoke(Method.java:568)
at org.testng.internal.MethodInvocationHelper.invokeMethod(MethodInvocationHelper.java:133)
at org.testng.internal.TestInvoker.invokeMethod(TestInvoker.java:598)
at org.testng.internal.TestInvoker.invokeTestMethod(TestInvoker.java:173)
at org.testng.internal.MethodRunner.runInSequence(MethodRunner.java:46)
at org.testng.internal.TestInvoker$MethodInvocationAgent.invoke(TestInvoker.java:824)
at org.testng.internal.TestInvoker.invokeTestMethods(TestInvoker.java:146)
at org.testng.internal.TestMethodWorker.invokeTestMethods(TestMethodWorker.java:146)
at org.testng.internal.TestMethodWorker.run(TestMethodWorker.java:128)
at java.base/java.util.ArrayList.forEach(ArrayList.java:1511)
at org.testng.TestRunner.privateRun(TestRunner.java:794)
at org.testng.TestRunner.run(TestRunner.java:596)
at org.testng.SuiteRunner.runTest(SuiteRunner.java:377)
at org.testng.SuiteRunner.runSequentially(SuiteRunner.java:371)
at org.testng.SuiteRunner.privateRun(SuiteRunner.java:332)
at org.testng.SuiteRunner.run(SuiteRunner.java:276)
at org.testng.SuiteRunnerWorker.runSuite(SuiteRunnerWorker.java:53)
at org.testng.SuiteRunnerWorker.run(SuiteRunnerWorker.java:96)
at org.testng.TestNG.runSuitesSequentially(TestNG.java:1212)
at org.testng.TestNG.runSuitesLocally(TestNG.java:1134)
at org.testng.TestNG.runSuites(TestNG.java:1063)
at org.testng.TestNG.run(TestNG.java:1031)
at org.testng.remote.AbstractRemoteTestNG.run(AbstractRemoteTestNG.java:115)
at org.testng.remote.RemoteTestNG.initAndRun(RemoteTestNG.java:251)
at org.testng.remote.RemoteTestNG.main(RemoteTestNG.java:77)
]]>
    </failure>
  </testcase> <!-- Testcase_RowCount_validation -->
  <system-out>
    <![CDATA[Executing Snowflake query :: SELECT count(*) as TOTAL FROM DEV_ENT_RAW.ST_HORIZONSERVICES_MATILLION.VENDOR
Table Count in Snowflake:: 8389
Executing Snowflake query :: select count(*) as TOTAL from CURATED_DATAMART.ST_BKP_HORIZONSERVICES.STR_VENDOR Where ACTIVE_FLAG='Y'
Table Count in Snowflake:: 8389
Executing Snowflake query :: select count(*) as TOTAL from DEV_ENT_CURATED.MASTER_DIMENSIONS.DIM_VENDOR where tenant_type='HORIZONSERVICES' and RECORD_UPDATED_BY='Backup Table'
Table Count in Snowflake:: 0
Row Count of Table VENDOR is not matched for RAW :: 8389 DataMart :: 8389 CURATED :: 0]]>
  </system-out>
  <testcase classname="testcases.RAW_DATAMART_CURATED.SnowFlake_RowCount_Master" name="Testcase_RowCount_validation" time="2.355">
    <failure message="The following asserts failed:
	null" type="java.lang.AssertionError">
      <![CDATA[java.lang.AssertionError: The following asserts failed:
null
at org.testng.asserts.SoftAssert.assertAll(SoftAssert.java:47)
at org.testng.asserts.SoftAssert.assertAll(SoftAssert.java:31)
at testcases.RAW_DATAMART_CURATED.SnowFlake_RowCount_Master.validate_RowCount_BKP(SnowFlake_RowCount_Master.java:56)
at testcases.RAW_DATAMART_CURATED.SnowFlake_RowCount_Master.Testcase_RowCount_validation(SnowFlake_RowCount_Master.java:25)
at jdk.internal.reflect.GeneratedMethodAccessor13.invoke(Unknown Source)
at java.base/jdk.internal.reflect.DelegatingMethodAccessorImpl.invoke(DelegatingMethodAccessorImpl.java:43)
at java.base/java.lang.reflect.Method.invoke(Method.java:568)
at org.testng.internal.MethodInvocationHelper.invokeMethod(MethodInvocationHelper.java:133)
at org.testng.internal.TestInvoker.invokeMethod(TestInvoker.java:598)
at org.testng.internal.TestInvoker.invokeTestMethod(TestInvoker.java:173)
at org.testng.internal.MethodRunner.runInSequence(MethodRunner.java:46)
at org.testng.internal.TestInvoker$MethodInvocationAgent.invoke(TestInvoker.java:824)
at org.testng.internal.TestInvoker.invokeTestMethods(TestInvoker.java:146)
at org.testng.internal.TestMethodWorker.invokeTestMethods(TestMethodWorker.java:146)
at org.testng.internal.TestMethodWorker.run(TestMethodWorker.java:128)
at java.base/java.util.ArrayList.forEach(ArrayList.java:1511)
at org.testng.TestRunner.privateRun(TestRunner.java:794)
at org.testng.TestRunner.run(TestRunner.java:596)
at org.testng.SuiteRunner.runTest(SuiteRunner.java:377)
at org.testng.SuiteRunner.runSequentially(SuiteRunner.java:371)
at org.testng.SuiteRunner.privateRun(SuiteRunner.java:332)
at org.testng.SuiteRunner.run(SuiteRunner.java:276)
at org.testng.SuiteRunnerWorker.runSuite(SuiteRunnerWorker.java:53)
at org.testng.SuiteRunnerWorker.run(SuiteRunnerWorker.java:96)
at org.testng.TestNG.runSuitesSequentially(TestNG.java:1212)
at org.testng.TestNG.runSuitesLocally(TestNG.java:1134)
at org.testng.TestNG.runSuites(TestNG.java:1063)
at org.testng.TestNG.run(TestNG.java:1031)
at org.testng.remote.AbstractRemoteTestNG.run(AbstractRemoteTestNG.java:115)
at org.testng.remote.RemoteTestNG.initAndRun(RemoteTestNG.java:251)
at org.testng.remote.RemoteTestNG.main(RemoteTestNG.java:77)
]]>
    </failure>
  </testcase> <!-- Testcase_RowCount_validation -->
  <system-out>
    <![CDATA[Executing Snowflake query :: SELECT count(*) as TOTAL FROM DEV_ENT_RAW.ST_HDAIR_MATILLION.PAYROLLPROFILE
Snowflake - SQLException at readDB() method :: SQL compilation error:
Object 'DEV_ENT_RAW.ST_HDAIR_MATILLION.PAYROLLPROFILE' does not exist or not authorized.
Executing Snowflake query :: select count(*) as TOTAL from CURATED_DATAMART.ST_BKP_HDAIR.STR_PAYROLLPROFILE Where ACTIVE_FLAG='Y'
Table Count in Snowflake:: 1
Executing Snowflake query :: select count(*) as TOTAL from DEV_ENT_CURATED.MASTER_DIMENSIONS.DIM_PAYROLLPROFILE where tenant_type='HDAIR' and RECORD_UPDATED_BY='Backup Table'
Table Count in Snowflake:: 1
Row Count of Table PAYROLLPROFILE is matched for RAW :: 0 DataMart :: 1 CURATED :: 1]]>
  </system-out>
  <testcase classname="testcases.RAW_DATAMART_CURATED.SnowFlake_RowCount_Master" name="Testcase_RowCount_validation" time="2.043">
    <failure message="The following asserts failed:
	null,
	null" type="java.lang.AssertionError">
      <![CDATA[java.lang.AssertionError: The following asserts failed:
null,
null
at org.testng.asserts.SoftAssert.assertAll(SoftAssert.java:47)
at org.testng.asserts.SoftAssert.assertAll(SoftAssert.java:31)
at testcases.RAW_DATAMART_CURATED.SnowFlake_RowCount_Master.validate_RowCount_BKP(SnowFlake_RowCount_Master.java:56)
at testcases.RAW_DATAMART_CURATED.SnowFlake_RowCount_Master.Testcase_RowCount_validation(SnowFlake_RowCount_Master.java:25)
at jdk.internal.reflect.GeneratedMethodAccessor13.invoke(Unknown Source)
at java.base/jdk.internal.reflect.DelegatingMethodAccessorImpl.invoke(DelegatingMethodAccessorImpl.java:43)
at java.base/java.lang.reflect.Method.invoke(Method.java:568)
at org.testng.internal.MethodInvocationHelper.invokeMethod(MethodInvocationHelper.java:133)
at org.testng.internal.TestInvoker.invokeMethod(TestInvoker.java:598)
at org.testng.internal.TestInvoker.invokeTestMethod(TestInvoker.java:173)
at org.testng.internal.MethodRunner.runInSequence(MethodRunner.java:46)
at org.testng.internal.TestInvoker$MethodInvocationAgent.invoke(TestInvoker.java:824)
at org.testng.internal.TestInvoker.invokeTestMethods(TestInvoker.java:146)
at org.testng.internal.TestMethodWorker.invokeTestMethods(TestMethodWorker.java:146)
at org.testng.internal.TestMethodWorker.run(TestMethodWorker.java:128)
at java.base/java.util.ArrayList.forEach(ArrayList.java:1511)
at org.testng.TestRunner.privateRun(TestRunner.java:794)
at org.testng.TestRunner.run(TestRunner.java:596)
at org.testng.SuiteRunner.runTest(SuiteRunner.java:377)
at org.testng.SuiteRunner.runSequentially(SuiteRunner.java:371)
at org.testng.SuiteRunner.privateRun(SuiteRunner.java:332)
at org.testng.SuiteRunner.run(SuiteRunner.java:276)
at org.testng.SuiteRunnerWorker.runSuite(SuiteRunnerWorker.java:53)
at org.testng.SuiteRunnerWorker.run(SuiteRunnerWorker.java:96)
at org.testng.TestNG.runSuitesSequentially(TestNG.java:1212)
at org.testng.TestNG.runSuitesLocally(TestNG.java:1134)
at org.testng.TestNG.runSuites(TestNG.java:1063)
at org.testng.TestNG.run(TestNG.java:1031)
at org.testng.remote.AbstractRemoteTestNG.run(AbstractRemoteTestNG.java:115)
at org.testng.remote.RemoteTestNG.initAndRun(RemoteTestNG.java:251)
at org.testng.remote.RemoteTestNG.main(RemoteTestNG.java:77)
]]>
    </failure>
  </testcase> <!-- Testcase_RowCount_validation -->
  <system-out>
    <![CDATA[Executing Snowflake query :: SELECT count(*) as TOTAL FROM DEV_ENT_RAW.ST_EANESHEATING_MATILLION.PURCHASEORDERITEM
Snowflake - SQLException at readDB() method :: SQL compilation error:
Object 'DEV_ENT_RAW.ST_EANESHEATING_MATILLION.PURCHASEORDERITEM' does not exist or not authorized.
Executing Snowflake query :: select count(*) as TOTAL from CURATED_DATAMART.ST_BKP_EANESHEATING.STR_PURCHASEORDERITEM Where ACTIVE_FLAG='Y'
Table Count in Snowflake:: 76265
Executing Snowflake query :: select count(*) as TOTAL from DEV_ENT_CURATED.MASTER_DIMENSIONS.DIM_PURCHASEORDERITEM where tenant_type='EANESHEATING' and RECORD_UPDATED_BY='Backup Table'
Table Count in Snowflake:: 75468
Row Count of Table PURCHASEORDERITEM is not matched for RAW :: 0 DataMart :: 76265 CURATED :: 75468]]>
  </system-out>
  <testcase classname="testcases.RAW_DATAMART_CURATED.SnowFlake_RowCount_Master" name="Testcase_RowCount_validation" time="3.199">
    <failure message="The following asserts failed:
	null" type="java.lang.AssertionError">
      <![CDATA[java.lang.AssertionError: The following asserts failed:
null
at org.testng.asserts.SoftAssert.assertAll(SoftAssert.java:47)
at org.testng.asserts.SoftAssert.assertAll(SoftAssert.java:31)
at testcases.RAW_DATAMART_CURATED.SnowFlake_RowCount_Master.validate_RowCount_BKP(SnowFlake_RowCount_Master.java:56)
at testcases.RAW_DATAMART_CURATED.SnowFlake_RowCount_Master.Testcase_RowCount_validation(SnowFlake_RowCount_Master.java:25)
at jdk.internal.reflect.GeneratedMethodAccessor13.invoke(Unknown Source)
at java.base/jdk.internal.reflect.DelegatingMethodAccessorImpl.invoke(DelegatingMethodAccessorImpl.java:43)
at java.base/java.lang.reflect.Method.invoke(Method.java:568)
at org.testng.internal.MethodInvocationHelper.invokeMethod(MethodInvocationHelper.java:133)
at org.testng.internal.TestInvoker.invokeMethod(TestInvoker.java:598)
at org.testng.internal.TestInvoker.invokeTestMethod(TestInvoker.java:173)
at org.testng.internal.MethodRunner.runInSequence(MethodRunner.java:46)
at org.testng.internal.TestInvoker$MethodInvocationAgent.invoke(TestInvoker.java:824)
at org.testng.internal.TestInvoker.invokeTestMethods(TestInvoker.java:146)
at org.testng.internal.TestMethodWorker.invokeTestMethods(TestMethodWorker.java:146)
at org.testng.internal.TestMethodWorker.run(TestMethodWorker.java:128)
at java.base/java.util.ArrayList.forEach(ArrayList.java:1511)
at org.testng.TestRunner.privateRun(TestRunner.java:794)
at org.testng.TestRunner.run(TestRunner.java:596)
at org.testng.SuiteRunner.runTest(SuiteRunner.java:377)
at org.testng.SuiteRunner.runSequentially(SuiteRunner.java:371)
at org.testng.SuiteRunner.privateRun(SuiteRunner.java:332)
at org.testng.SuiteRunner.run(SuiteRunner.java:276)
at org.testng.SuiteRunnerWorker.runSuite(SuiteRunnerWorker.java:53)
at org.testng.SuiteRunnerWorker.run(SuiteRunnerWorker.java:96)
at org.testng.TestNG.runSuitesSequentially(TestNG.java:1212)
at org.testng.TestNG.runSuitesLocally(TestNG.java:1134)
at org.testng.TestNG.runSuites(TestNG.java:1063)
at org.testng.TestNG.run(TestNG.java:1031)
at org.testng.remote.AbstractRemoteTestNG.run(AbstractRemoteTestNG.java:115)
at org.testng.remote.RemoteTestNG.initAndRun(RemoteTestNG.java:251)
at org.testng.remote.RemoteTestNG.main(RemoteTestNG.java:77)
]]>
    </failure>
  </testcase> <!-- Testcase_RowCount_validation -->
  <system-out>
    <![CDATA[Executing Snowflake query :: SELECT count(*) as TOTAL FROM DEV_ENT_RAW.ST_HENDERSON_MATILLION.MATERIALVENDOR
Table Count in Snowflake:: 202623
Executing Snowflake query :: select count(*) as TOTAL from CURATED_DATAMART.ST_BKP_HENDERSON.STR_MATERIALVENDOR Where ACTIVE_FLAG='Y'
Table Count in Snowflake:: 202621
Executing Snowflake query :: select count(*) as TOTAL from DEV_ENT_CURATED.MASTER_DIMENSIONS.DIM_MATERIALVENDOR where tenant_type='HENDERSON' and RECORD_UPDATED_BY='Backup Table'
Table Count in Snowflake:: 193229
Row Count of Table MATERIALVENDOR is not matched for RAW :: 202623 DataMart :: 202621 CURATED :: 193229]]>
  </system-out>
  <testcase classname="testcases.RAW_DATAMART_CURATED.SnowFlake_RowCount_Master" name="Testcase_RowCount_validation" time="2.046">
    <failure message="The following asserts failed:
	null" type="java.lang.AssertionError">
      <![CDATA[java.lang.AssertionError: The following asserts failed:
null
at org.testng.asserts.SoftAssert.assertAll(SoftAssert.java:47)
at org.testng.asserts.SoftAssert.assertAll(SoftAssert.java:31)
at testcases.RAW_DATAMART_CURATED.SnowFlake_RowCount_Master.validate_RowCount_BKP(SnowFlake_RowCount_Master.java:56)
at testcases.RAW_DATAMART_CURATED.SnowFlake_RowCount_Master.Testcase_RowCount_validation(SnowFlake_RowCount_Master.java:25)
at jdk.internal.reflect.GeneratedMethodAccessor13.invoke(Unknown Source)
at java.base/jdk.internal.reflect.DelegatingMethodAccessorImpl.invoke(DelegatingMethodAccessorImpl.java:43)
at java.base/java.lang.reflect.Method.invoke(Method.java:568)
at org.testng.internal.MethodInvocationHelper.invokeMethod(MethodInvocationHelper.java:133)
at org.testng.internal.TestInvoker.invokeMethod(TestInvoker.java:598)
at org.testng.internal.TestInvoker.invokeTestMethod(TestInvoker.java:173)
at org.testng.internal.MethodRunner.runInSequence(MethodRunner.java:46)
at org.testng.internal.TestInvoker$MethodInvocationAgent.invoke(TestInvoker.java:824)
at org.testng.internal.TestInvoker.invokeTestMethods(TestInvoker.java:146)
at org.testng.internal.TestMethodWorker.invokeTestMethods(TestMethodWorker.java:146)
at org.testng.internal.TestMethodWorker.run(TestMethodWorker.java:128)
at java.base/java.util.ArrayList.forEach(ArrayList.java:1511)
at org.testng.TestRunner.privateRun(TestRunner.java:794)
at org.testng.TestRunner.run(TestRunner.java:596)
at org.testng.SuiteRunner.runTest(SuiteRunner.java:377)
at org.testng.SuiteRunner.runSequentially(SuiteRunner.java:371)
at org.testng.SuiteRunner.privateRun(SuiteRunner.java:332)
at org.testng.SuiteRunner.run(SuiteRunner.java:276)
at org.testng.SuiteRunnerWorker.runSuite(SuiteRunnerWorker.java:53)
at org.testng.SuiteRunnerWorker.run(SuiteRunnerWorker.java:96)
at org.testng.TestNG.runSuitesSequentially(TestNG.java:1212)
at org.testng.TestNG.runSuitesLocally(TestNG.java:1134)
at org.testng.TestNG.runSuites(TestNG.java:1063)
at org.testng.TestNG.run(TestNG.java:1031)
at org.testng.remote.AbstractRemoteTestNG.run(AbstractRemoteTestNG.java:115)
at org.testng.remote.RemoteTestNG.initAndRun(RemoteTestNG.java:251)
at org.testng.remote.RemoteTestNG.main(RemoteTestNG.java:77)
]]>
    </failure>
  </testcase> <!-- Testcase_RowCount_validation -->
  <system-out>
    <![CDATA[Executing Snowflake query :: SELECT count(*) as TOTAL FROM DEV_ENT_RAW.ST_MAITZ_MATILLION.PURCHASEORDERITEM
Table Count in Snowflake:: 8907
Executing Snowflake query :: select count(*) as TOTAL from CURATED_DATAMART.ST_BKP_MAITZ.STR_PURCHASEORDERITEM Where ACTIVE_FLAG='Y'
Table Count in Snowflake:: 8871
Executing Snowflake query :: select count(*) as TOTAL from DEV_ENT_CURATED.MASTER_DIMENSIONS.DIM_PURCHASEORDERITEM where tenant_type='MAITZ' and RECORD_UPDATED_BY='Backup Table'
Table Count in Snowflake:: 7665
Row Count of Table PURCHASEORDERITEM is not matched for RAW :: 8907 DataMart :: 8871 CURATED :: 7665]]>
  </system-out>
  <testcase classname="testcases.RAW_DATAMART_CURATED.SnowFlake_RowCount_Master" name="Testcase_RowCount_validation" time="2.043">
    <failure message="The following asserts failed:
	null" type="java.lang.AssertionError">
      <![CDATA[java.lang.AssertionError: The following asserts failed:
null
at org.testng.asserts.SoftAssert.assertAll(SoftAssert.java:47)
at org.testng.asserts.SoftAssert.assertAll(SoftAssert.java:31)
at testcases.RAW_DATAMART_CURATED.SnowFlake_RowCount_Master.validate_RowCount_BKP(SnowFlake_RowCount_Master.java:56)
at testcases.RAW_DATAMART_CURATED.SnowFlake_RowCount_Master.Testcase_RowCount_validation(SnowFlake_RowCount_Master.java:25)
at jdk.internal.reflect.GeneratedMethodAccessor13.invoke(Unknown Source)
at java.base/jdk.internal.reflect.DelegatingMethodAccessorImpl.invoke(DelegatingMethodAccessorImpl.java:43)
at java.base/java.lang.reflect.Method.invoke(Method.java:568)
at org.testng.internal.MethodInvocationHelper.invokeMethod(MethodInvocationHelper.java:133)
at org.testng.internal.TestInvoker.invokeMethod(TestInvoker.java:598)
at org.testng.internal.TestInvoker.invokeTestMethod(TestInvoker.java:173)
at org.testng.internal.MethodRunner.runInSequence(MethodRunner.java:46)
at org.testng.internal.TestInvoker$MethodInvocationAgent.invoke(TestInvoker.java:824)
at org.testng.internal.TestInvoker.invokeTestMethods(TestInvoker.java:146)
at org.testng.internal.TestMethodWorker.invokeTestMethods(TestMethodWorker.java:146)
at org.testng.internal.TestMethodWorker.run(TestMethodWorker.java:128)
at java.base/java.util.ArrayList.forEach(ArrayList.java:1511)
at org.testng.TestRunner.privateRun(TestRunner.java:794)
at org.testng.TestRunner.run(TestRunner.java:596)
at org.testng.SuiteRunner.runTest(SuiteRunner.java:377)
at org.testng.SuiteRunner.runSequentially(SuiteRunner.java:371)
at org.testng.SuiteRunner.privateRun(SuiteRunner.java:332)
at org.testng.SuiteRunner.run(SuiteRunner.java:276)
at org.testng.SuiteRunnerWorker.runSuite(SuiteRunnerWorker.java:53)
at org.testng.SuiteRunnerWorker.run(SuiteRunnerWorker.java:96)
at org.testng.TestNG.runSuitesSequentially(TestNG.java:1212)
at org.testng.TestNG.runSuitesLocally(TestNG.java:1134)
at org.testng.TestNG.runSuites(TestNG.java:1063)
at org.testng.TestNG.run(TestNG.java:1031)
at org.testng.remote.AbstractRemoteTestNG.run(AbstractRemoteTestNG.java:115)
at org.testng.remote.RemoteTestNG.initAndRun(RemoteTestNG.java:251)
at org.testng.remote.RemoteTestNG.main(RemoteTestNG.java:77)
]]>
    </failure>
  </testcase> <!-- Testcase_RowCount_validation -->
  <system-out>
    <![CDATA[Executing Snowflake query :: SELECT count(*) as TOTAL FROM DEV_ENT_RAW.ST_FOURPROS_MATILLION.PAYMENTTERM
Table Count in Snowflake:: 3
Executing Snowflake query :: select count(*) as TOTAL from CURATED_DATAMART.ST_BKP_FOURPROS.STR_PAYMENTTERM Where ACTIVE_FLAG='Y'
Table Count in Snowflake:: 3
Executing Snowflake query :: select count(*) as TOTAL from DEV_ENT_CURATED.MASTER_DIMENSIONS.DIM_PAYMENTTERM where tenant_type='FOURPROS' and RECORD_UPDATED_BY='Backup Table'
Table Count in Snowflake:: 0
Row Count of Table PAYMENTTERM is not matched for RAW :: 3 DataMart :: 3 CURATED :: 0]]>
  </system-out>
  <testcase classname="testcases.RAW_DATAMART_CURATED.SnowFlake_RowCount_Master" name="Testcase_RowCount_validation" time="2.968">
    <failure message="The following asserts failed:
	null" type="java.lang.AssertionError">
      <![CDATA[java.lang.AssertionError: The following asserts failed:
null
at org.testng.asserts.SoftAssert.assertAll(SoftAssert.java:47)
at org.testng.asserts.SoftAssert.assertAll(SoftAssert.java:31)
at testcases.RAW_DATAMART_CURATED.SnowFlake_RowCount_Master.validate_RowCount_BKP(SnowFlake_RowCount_Master.java:56)
at testcases.RAW_DATAMART_CURATED.SnowFlake_RowCount_Master.Testcase_RowCount_validation(SnowFlake_RowCount_Master.java:25)
at jdk.internal.reflect.GeneratedMethodAccessor13.invoke(Unknown Source)
at java.base/jdk.internal.reflect.DelegatingMethodAccessorImpl.invoke(DelegatingMethodAccessorImpl.java:43)
at java.base/java.lang.reflect.Method.invoke(Method.java:568)
at org.testng.internal.MethodInvocationHelper.invokeMethod(MethodInvocationHelper.java:133)
at org.testng.internal.TestInvoker.invokeMethod(TestInvoker.java:598)
at org.testng.internal.TestInvoker.invokeTestMethod(TestInvoker.java:173)
at org.testng.internal.MethodRunner.runInSequence(MethodRunner.java:46)
at org.testng.internal.TestInvoker$MethodInvocationAgent.invoke(TestInvoker.java:824)
at org.testng.internal.TestInvoker.invokeTestMethods(TestInvoker.java:146)
at org.testng.internal.TestMethodWorker.invokeTestMethods(TestMethodWorker.java:146)
at org.testng.internal.TestMethodWorker.run(TestMethodWorker.java:128)
at java.base/java.util.ArrayList.forEach(ArrayList.java:1511)
at org.testng.TestRunner.privateRun(TestRunner.java:794)
at org.testng.TestRunner.run(TestRunner.java:596)
at org.testng.SuiteRunner.runTest(SuiteRunner.java:377)
at org.testng.SuiteRunner.runSequentially(SuiteRunner.java:371)
at org.testng.SuiteRunner.privateRun(SuiteRunner.java:332)
at org.testng.SuiteRunner.run(SuiteRunner.java:276)
at org.testng.SuiteRunnerWorker.runSuite(SuiteRunnerWorker.java:53)
at org.testng.SuiteRunnerWorker.run(SuiteRunnerWorker.java:96)
at org.testng.TestNG.runSuitesSequentially(TestNG.java:1212)
at org.testng.TestNG.runSuitesLocally(TestNG.java:1134)
at org.testng.TestNG.runSuites(TestNG.java:1063)
at org.testng.TestNG.run(TestNG.java:1031)
at org.testng.remote.AbstractRemoteTestNG.run(AbstractRemoteTestNG.java:115)
at org.testng.remote.RemoteTestNG.initAndRun(RemoteTestNG.java:251)
at org.testng.remote.RemoteTestNG.main(RemoteTestNG.java:77)
]]>
    </failure>
  </testcase> <!-- Testcase_RowCount_validation -->
  <system-out>
    <![CDATA[Executing Snowflake query :: SELECT count(*) as TOTAL FROM DEV_ENT_RAW.ST_GOLDMEDAL_MATILLION.MATERIAL
Table Count in Snowflake:: 65373
Executing Snowflake query :: select count(*) as TOTAL from CURATED_DATAMART.ST_BKP_GOLDMEDAL.STR_MATERIAL Where ACTIVE_FLAG='Y'
Table Count in Snowflake:: 65361
Executing Snowflake query :: select count(*) as TOTAL from DEV_ENT_CURATED.MASTER_DIMENSIONS.DIM_MATERIAL where tenant_type='GOLDMEDAL' and RECORD_UPDATED_BY='Backup Table'
Table Count in Snowflake:: 81812
Row Count of Table MATERIAL is not matched for RAW :: 65373 DataMart :: 65361 CURATED :: 81812]]>
  </system-out>
  <testcase classname="testcases.RAW_DATAMART_CURATED.SnowFlake_RowCount_Master" name="Testcase_RowCount_validation" time="2.462">
    <failure message="The following asserts failed:
	null" type="java.lang.AssertionError">
      <![CDATA[java.lang.AssertionError: The following asserts failed:
null
at org.testng.asserts.SoftAssert.assertAll(SoftAssert.java:47)
at org.testng.asserts.SoftAssert.assertAll(SoftAssert.java:31)
at testcases.RAW_DATAMART_CURATED.SnowFlake_RowCount_Master.validate_RowCount_BKP(SnowFlake_RowCount_Master.java:56)
at testcases.RAW_DATAMART_CURATED.SnowFlake_RowCount_Master.Testcase_RowCount_validation(SnowFlake_RowCount_Master.java:25)
at jdk.internal.reflect.GeneratedMethodAccessor13.invoke(Unknown Source)
at java.base/jdk.internal.reflect.DelegatingMethodAccessorImpl.invoke(DelegatingMethodAccessorImpl.java:43)
at java.base/java.lang.reflect.Method.invoke(Method.java:568)
at org.testng.internal.MethodInvocationHelper.invokeMethod(MethodInvocationHelper.java:133)
at org.testng.internal.TestInvoker.invokeMethod(TestInvoker.java:598)
at org.testng.internal.TestInvoker.invokeTestMethod(TestInvoker.java:173)
at org.testng.internal.MethodRunner.runInSequence(MethodRunner.java:46)
at org.testng.internal.TestInvoker$MethodInvocationAgent.invoke(TestInvoker.java:824)
at org.testng.internal.TestInvoker.invokeTestMethods(TestInvoker.java:146)
at org.testng.internal.TestMethodWorker.invokeTestMethods(TestMethodWorker.java:146)
at org.testng.internal.TestMethodWorker.run(TestMethodWorker.java:128)
at java.base/java.util.ArrayList.forEach(ArrayList.java:1511)
at org.testng.TestRunner.privateRun(TestRunner.java:794)
at org.testng.TestRunner.run(TestRunner.java:596)
at org.testng.SuiteRunner.runTest(SuiteRunner.java:377)
at org.testng.SuiteRunner.runSequentially(SuiteRunner.java:371)
at org.testng.SuiteRunner.privateRun(SuiteRunner.java:332)
at org.testng.SuiteRunner.run(SuiteRunner.java:276)
at org.testng.SuiteRunnerWorker.runSuite(SuiteRunnerWorker.java:53)
at org.testng.SuiteRunnerWorker.run(SuiteRunnerWorker.java:96)
at org.testng.TestNG.runSuitesSequentially(TestNG.java:1212)
at org.testng.TestNG.runSuitesLocally(TestNG.java:1134)
at org.testng.TestNG.runSuites(TestNG.java:1063)
at org.testng.TestNG.run(TestNG.java:1031)
at org.testng.remote.AbstractRemoteTestNG.run(AbstractRemoteTestNG.java:115)
at org.testng.remote.RemoteTestNG.initAndRun(RemoteTestNG.java:251)
at org.testng.remote.RemoteTestNG.main(RemoteTestNG.java:77)
]]>
    </failure>
  </testcase> <!-- Testcase_RowCount_validation -->
  <system-out>
    <![CDATA[Executing Snowflake query :: SELECT count(*) as TOTAL FROM DEV_ENT_RAW.ST_HORIZONSERVICES_MATILLION.CONTACT
Table Count in Snowflake:: 4077624
Executing Snowflake query :: select count(*) as TOTAL from CURATED_DATAMART.ST_BKP_HORIZONSERVICES.STR_CONTACT Where ACTIVE_FLAG='Y'
Table Count in Snowflake:: 4075854
Executing Snowflake query :: select count(*) as TOTAL from DEV_ENT_CURATED.MASTER_DIMENSIONS.DIM_CONTACT where tenant_type='HORIZONSERVICES' and RECORD_UPDATED_BY='Backup Table'
Table Count in Snowflake:: 3885692
Row Count of Table CONTACT is not matched for RAW :: 4077624 DataMart :: 4075854 CURATED :: 3885692]]>
  </system-out>
  <testcase classname="testcases.RAW_DATAMART_CURATED.SnowFlake_RowCount_Master" name="Testcase_RowCount_validation" time="1.824">
    <failure message="The following asserts failed:
	null" type="java.lang.AssertionError">
      <![CDATA[java.lang.AssertionError: The following asserts failed:
null
at org.testng.asserts.SoftAssert.assertAll(SoftAssert.java:47)
at org.testng.asserts.SoftAssert.assertAll(SoftAssert.java:31)
at testcases.RAW_DATAMART_CURATED.SnowFlake_RowCount_Master.validate_RowCount_API(SnowFlake_RowCount_Master.java:115)
at testcases.RAW_DATAMART_CURATED.SnowFlake_RowCount_Master.Testcase_RowCount_validation(SnowFlake_RowCount_Master.java:28)
at jdk.internal.reflect.GeneratedMethodAccessor13.invoke(Unknown Source)
at java.base/jdk.internal.reflect.DelegatingMethodAccessorImpl.invoke(DelegatingMethodAccessorImpl.java:43)
at java.base/java.lang.reflect.Method.invoke(Method.java:568)
at org.testng.internal.MethodInvocationHelper.invokeMethod(MethodInvocationHelper.java:133)
at org.testng.internal.TestInvoker.invokeMethod(TestInvoker.java:598)
at org.testng.internal.TestInvoker.invokeTestMethod(TestInvoker.java:173)
at org.testng.internal.MethodRunner.runInSequence(MethodRunner.java:46)
at org.testng.internal.TestInvoker$MethodInvocationAgent.invoke(TestInvoker.java:824)
at org.testng.internal.TestInvoker.invokeTestMethods(TestInvoker.java:146)
at org.testng.internal.TestMethodWorker.invokeTestMethods(TestMethodWorker.java:146)
at org.testng.internal.TestMethodWorker.run(TestMethodWorker.java:128)
at java.base/java.util.ArrayList.forEach(ArrayList.java:1511)
at org.testng.TestRunner.privateRun(TestRunner.java:794)
at org.testng.TestRunner.run(TestRunner.java:596)
at org.testng.SuiteRunner.runTest(SuiteRunner.java:377)
at org.testng.SuiteRunner.runSequentially(SuiteRunner.java:371)
at org.testng.SuiteRunner.privateRun(SuiteRunner.java:332)
at org.testng.SuiteRunner.run(SuiteRunner.java:276)
at org.testng.SuiteRunnerWorker.runSuite(SuiteRunnerWorker.java:53)
at org.testng.SuiteRunnerWorker.run(SuiteRunnerWorker.java:96)
at org.testng.TestNG.runSuitesSequentially(TestNG.java:1212)
at org.testng.TestNG.runSuitesLocally(TestNG.java:1134)
at org.testng.TestNG.runSuites(TestNG.java:1063)
at org.testng.TestNG.run(TestNG.java:1031)
at org.testng.remote.AbstractRemoteTestNG.run(AbstractRemoteTestNG.java:115)
at org.testng.remote.RemoteTestNG.initAndRun(RemoteTestNG.java:251)
at org.testng.remote.RemoteTestNG.main(RemoteTestNG.java:77)
]]>
    </failure>
  </testcase> <!-- Testcase_RowCount_validation -->
  <system-out>
    <![CDATA[Executing Snowflake query :: SELECT count(*) as TOTAL FROM DEV_ENT_RAW.API_MAT.ST_API_CATEGORY WHERE TENANT_NAME='HORIZONSERVICES'
Table Count in Snowflake:: 572
Executing Snowflake query :: select count(*) as TOTAL from CURATED_DATAMART.ST_API_HORIZONSERVICES.STR_API_CATEGORY WHERE ACTIVE_FLAG='Y'
Table Count in Snowflake:: 572
Executing Snowflake query :: select count(*) as TOTAL from DEV_ENT_CURATED.MASTER_DIMENSIONS.DIM_CATEGORY WHERE TENANT_TYPE='HORIZONSERVICES' and RECORD_UPDATED_BY='API ETL'
Table Count in Snowflake:: 0
Row Count of Table CATEGORY is matched for APIMAT :: 572 DataMart :: 572
Executing Snowflake query :: select count(*) as TOTAL from DEV_ENT_CURATED.MASTER_DIMENSIONS.DIM_CATEGORY WHERE TENANT_TYPE='HORIZONSERVICES' and RECORD_UPDATED_BY='Backup Table' AND ID in (select ID from CURATED_DATAMART.ST_API_HORIZONSERVICES.STR_API_CATEGORY WHERE ACTIVE_FLAG='Y')
Table Count in Snowflake:: 564
Row Count of Table CATEGORY is not matched for DataMart :: 572 CURATED :: 564]]>
  </system-out>
  <testcase classname="testcases.RAW_DATAMART_CURATED.SnowFlake_RowCount_Master" name="Testcase_RowCount_validation" time="5.577">
    <failure message="The following asserts failed:
	null" type="java.lang.AssertionError">
      <![CDATA[java.lang.AssertionError: The following asserts failed:
null
at org.testng.asserts.SoftAssert.assertAll(SoftAssert.java:47)
at org.testng.asserts.SoftAssert.assertAll(SoftAssert.java:31)
at testcases.RAW_DATAMART_CURATED.SnowFlake_RowCount_Master.validate_RowCount_BKP(SnowFlake_RowCount_Master.java:56)
at testcases.RAW_DATAMART_CURATED.SnowFlake_RowCount_Master.Testcase_RowCount_validation(SnowFlake_RowCount_Master.java:25)
at jdk.internal.reflect.GeneratedMethodAccessor13.invoke(Unknown Source)
at java.base/jdk.internal.reflect.DelegatingMethodAccessorImpl.invoke(DelegatingMethodAccessorImpl.java:43)
at java.base/java.lang.reflect.Method.invoke(Method.java:568)
at org.testng.internal.MethodInvocationHelper.invokeMethod(MethodInvocationHelper.java:133)
at org.testng.internal.TestInvoker.invokeMethod(TestInvoker.java:598)
at org.testng.internal.TestInvoker.invokeTestMethod(TestInvoker.java:173)
at org.testng.internal.MethodRunner.runInSequence(MethodRunner.java:46)
at org.testng.internal.TestInvoker$MethodInvocationAgent.invoke(TestInvoker.java:824)
at org.testng.internal.TestInvoker.invokeTestMethods(TestInvoker.java:146)
at org.testng.internal.TestMethodWorker.invokeTestMethods(TestMethodWorker.java:146)
at org.testng.internal.TestMethodWorker.run(TestMethodWorker.java:128)
at java.base/java.util.ArrayList.forEach(ArrayList.java:1511)
at org.testng.TestRunner.privateRun(TestRunner.java:794)
at org.testng.TestRunner.run(TestRunner.java:596)
at org.testng.SuiteRunner.runTest(SuiteRunner.java:377)
at org.testng.SuiteRunner.runSequentially(SuiteRunner.java:371)
at org.testng.SuiteRunner.privateRun(SuiteRunner.java:332)
at org.testng.SuiteRunner.run(SuiteRunner.java:276)
at org.testng.SuiteRunnerWorker.runSuite(SuiteRunnerWorker.java:53)
at org.testng.SuiteRunnerWorker.run(SuiteRunnerWorker.java:96)
at org.testng.TestNG.runSuitesSequentially(TestNG.java:1212)
at org.testng.TestNG.runSuitesLocally(TestNG.java:1134)
at org.testng.TestNG.runSuites(TestNG.java:1063)
at org.testng.TestNG.run(TestNG.java:1031)
at org.testng.remote.AbstractRemoteTestNG.run(AbstractRemoteTestNG.java:115)
at org.testng.remote.RemoteTestNG.initAndRun(RemoteTestNG.java:251)
at org.testng.remote.RemoteTestNG.main(RemoteTestNG.java:77)
]]>
    </failure>
  </testcase> <!-- Testcase_RowCount_validation -->
  <system-out>
    <![CDATA[Executing Snowflake query :: SELECT count(*) as TOTAL FROM DEV_ENT_RAW.ST_MAITZ_MATILLION.TECHNICIANPAYROLLADJUSTMENT
Table Count in Snowflake:: 0
Executing Snowflake query :: select count(*) as TOTAL from CURATED_DATAMART.ST_BKP_MAITZ.STR_TECHNICIANPAYROLLADJUSTMENT Where ACTIVE_FLAG='Y'
Table Count in Snowflake:: 0
Executing Snowflake query :: select count(*) as TOTAL from DEV_ENT_CURATED.MASTER_DIMENSIONS.DIM_TECHNICIANPAYROLLADJUSTMENT where tenant_type='MAITZ' and RECORD_UPDATED_BY='Backup Table'
Snowflake - SQLException at readDB() method :: SQL compilation error: error line 1 at position 126
invalid identifier 'RECORD_UPDATED_BY'
Row Count of Table TECHNICIANPAYROLLADJUSTMENT is matched for RAW :: 0 DataMart :: 0 CURATED :: 0]]>
  </system-out>
  <testcase classname="testcases.RAW_DATAMART_CURATED.SnowFlake_RowCount_Master" name="Testcase_RowCount_validation" time="2.354">
    <failure message="The following asserts failed:
	null" type="java.lang.AssertionError">
      <![CDATA[java.lang.AssertionError: The following asserts failed:
null
at org.testng.asserts.SoftAssert.assertAll(SoftAssert.java:47)
at org.testng.asserts.SoftAssert.assertAll(SoftAssert.java:31)
at testcases.RAW_DATAMART_CURATED.SnowFlake_RowCount_Master.validate_RowCount_BKP(SnowFlake_RowCount_Master.java:56)
at testcases.RAW_DATAMART_CURATED.SnowFlake_RowCount_Master.Testcase_RowCount_validation(SnowFlake_RowCount_Master.java:25)
at java.base/jdk.internal.reflect.NativeMethodAccessorImpl.invoke0(Native Method)
at java.base/jdk.internal.reflect.NativeMethodAccessorImpl.invoke(NativeMethodAccessorImpl.java:77)
at java.base/jdk.internal.reflect.DelegatingMethodAccessorImpl.invoke(DelegatingMethodAccessorImpl.java:43)
at java.base/java.lang.reflect.Method.invoke(Method.java:568)
at org.testng.internal.MethodInvocationHelper.invokeMethod(MethodInvocationHelper.java:133)
at org.testng.internal.TestInvoker.invokeMethod(TestInvoker.java:598)
at org.testng.internal.TestInvoker.invokeTestMethod(TestInvoker.java:173)
at org.testng.internal.MethodRunner.runInSequence(MethodRunner.java:46)
at org.testng.internal.TestInvoker$MethodInvocationAgent.invoke(TestInvoker.java:824)
at org.testng.internal.TestInvoker.invokeTestMethods(TestInvoker.java:146)
at org.testng.internal.TestMethodWorker.invokeTestMethods(TestMethodWorker.java:146)
at org.testng.internal.TestMethodWorker.run(TestMethodWorker.java:128)
at java.base/java.util.ArrayList.forEach(ArrayList.java:1511)
at org.testng.TestRunner.privateRun(TestRunner.java:794)
at org.testng.TestRunner.run(TestRunner.java:596)
at org.testng.SuiteRunner.runTest(SuiteRunner.java:377)
at org.testng.SuiteRunner.runSequentially(SuiteRunner.java:371)
at org.testng.SuiteRunner.privateRun(SuiteRunner.java:332)
at org.testng.SuiteRunner.run(SuiteRunner.java:276)
at org.testng.SuiteRunnerWorker.runSuite(SuiteRunnerWorker.java:53)
at org.testng.SuiteRunnerWorker.run(SuiteRunnerWorker.java:96)
at org.testng.TestNG.runSuitesSequentially(TestNG.java:1212)
at org.testng.TestNG.runSuitesLocally(TestNG.java:1134)
at org.testng.TestNG.runSuites(TestNG.java:1063)
at org.testng.TestNG.run(TestNG.java:1031)
at org.testng.remote.AbstractRemoteTestNG.run(AbstractRemoteTestNG.java:115)
at org.testng.remote.RemoteTestNG.initAndRun(RemoteTestNG.java:251)
at org.testng.remote.RemoteTestNG.main(RemoteTestNG.java:77)
]]>
    </failure>
  </testcase> <!-- Testcase_RowCount_validation -->
  <system-out>
    <![CDATA[Executing Snowflake query :: SELECT count(*) as TOTAL FROM DEV_ENT_RAW.ST_CASTEEL_MATILLION.OPPORTUNITY
Table Count in Snowflake:: 998789
Executing Snowflake query :: select count(*) as TOTAL from CURATED_DATAMART.ST_BKP_CASTEEL.STR_OPPORTUNITY Where ACTIVE_FLAG='Y'
Table Count in Snowflake:: 998394
Executing Snowflake query :: select count(*) as TOTAL from DEV_ENT_CURATED.MASTER_DIMENSIONS.DIM_OPPORTUNITY where tenant_type='CASTEEL' and RECORD_UPDATED_BY='Backup Table'
Table Count in Snowflake:: 998391
Row Count of Table OPPORTUNITY is not matched for RAW :: 998789 DataMart :: 998394 CURATED :: 998391]]>
  </system-out>
  <testcase classname="testcases.RAW_DATAMART_CURATED.SnowFlake_RowCount_Master" name="Testcase_RowCount_validation" time="3.072">
    <failure message="The following asserts failed:
	null" type="java.lang.AssertionError">
      <![CDATA[java.lang.AssertionError: The following asserts failed:
null
at org.testng.asserts.SoftAssert.assertAll(SoftAssert.java:47)
at org.testng.asserts.SoftAssert.assertAll(SoftAssert.java:31)
at testcases.RAW_DATAMART_CURATED.SnowFlake_RowCount_Master.validate_RowCount_BKP(SnowFlake_RowCount_Master.java:56)
at testcases.RAW_DATAMART_CURATED.SnowFlake_RowCount_Master.Testcase_RowCount_validation(SnowFlake_RowCount_Master.java:25)
at jdk.internal.reflect.GeneratedMethodAccessor13.invoke(Unknown Source)
at java.base/jdk.internal.reflect.DelegatingMethodAccessorImpl.invoke(DelegatingMethodAccessorImpl.java:43)
at java.base/java.lang.reflect.Method.invoke(Method.java:568)
at org.testng.internal.MethodInvocationHelper.invokeMethod(MethodInvocationHelper.java:133)
at org.testng.internal.TestInvoker.invokeMethod(TestInvoker.java:598)
at org.testng.internal.TestInvoker.invokeTestMethod(TestInvoker.java:173)
at org.testng.internal.MethodRunner.runInSequence(MethodRunner.java:46)
at org.testng.internal.TestInvoker$MethodInvocationAgent.invoke(TestInvoker.java:824)
at org.testng.internal.TestInvoker.invokeTestMethods(TestInvoker.java:146)
at org.testng.internal.TestMethodWorker.invokeTestMethods(TestMethodWorker.java:146)
at org.testng.internal.TestMethodWorker.run(TestMethodWorker.java:128)
at java.base/java.util.ArrayList.forEach(ArrayList.java:1511)
at org.testng.TestRunner.privateRun(TestRunner.java:794)
at org.testng.TestRunner.run(TestRunner.java:596)
at org.testng.SuiteRunner.runTest(SuiteRunner.java:377)
at org.testng.SuiteRunner.runSequentially(SuiteRunner.java:371)
at org.testng.SuiteRunner.privateRun(SuiteRunner.java:332)
at org.testng.SuiteRunner.run(SuiteRunner.java:276)
at org.testng.SuiteRunnerWorker.runSuite(SuiteRunnerWorker.java:53)
at org.testng.SuiteRunnerWorker.run(SuiteRunnerWorker.java:96)
at org.testng.TestNG.runSuitesSequentially(TestNG.java:1212)
at org.testng.TestNG.runSuitesLocally(TestNG.java:1134)
at org.testng.TestNG.runSuites(TestNG.java:1063)
at org.testng.TestNG.run(TestNG.java:1031)
at org.testng.remote.AbstractRemoteTestNG.run(AbstractRemoteTestNG.java:115)
at org.testng.remote.RemoteTestNG.initAndRun(RemoteTestNG.java:251)
at org.testng.remote.RemoteTestNG.main(RemoteTestNG.java:77)
]]>
    </failure>
  </testcase> <!-- Testcase_RowCount_validation -->
  <system-out>
    <![CDATA[Executing Snowflake query :: SELECT count(*) as TOTAL FROM DEV_ENT_RAW.ST_HENDERSON_MATILLION.CUSTOMER
Table Count in Snowflake:: 51469
Executing Snowflake query :: select count(*) as TOTAL from CURATED_DATAMART.ST_BKP_HENDERSON.STR_CUSTOMER Where ACTIVE_FLAG='Y'
Table Count in Snowflake:: 52029
Executing Snowflake query :: select count(*) as TOTAL from DEV_ENT_CURATED.MASTER_DIMENSIONS.DIM_CUSTOMER where tenant_type='HENDERSON' and RECORD_UPDATED_BY='Backup Table'
Table Count in Snowflake:: 51506
Row Count of Table CUSTOMER is not matched for RAW :: 51469 DataMart :: 52029 CURATED :: 51506]]>
  </system-out>
  <testcase classname="testcases.RAW_DATAMART_CURATED.SnowFlake_RowCount_Master" name="Testcase_RowCount_validation" time="1.945">
    <failure message="The following asserts failed:
	null" type="java.lang.AssertionError">
      <![CDATA[java.lang.AssertionError: The following asserts failed:
null
at org.testng.asserts.SoftAssert.assertAll(SoftAssert.java:47)
at org.testng.asserts.SoftAssert.assertAll(SoftAssert.java:31)
at testcases.RAW_DATAMART_CURATED.SnowFlake_RowCount_Master.validate_RowCount_BKP(SnowFlake_RowCount_Master.java:56)
at testcases.RAW_DATAMART_CURATED.SnowFlake_RowCount_Master.Testcase_RowCount_validation(SnowFlake_RowCount_Master.java:25)
at jdk.internal.reflect.GeneratedMethodAccessor13.invoke(Unknown Source)
at java.base/jdk.internal.reflect.DelegatingMethodAccessorImpl.invoke(DelegatingMethodAccessorImpl.java:43)
at java.base/java.lang.reflect.Method.invoke(Method.java:568)
at org.testng.internal.MethodInvocationHelper.invokeMethod(MethodInvocationHelper.java:133)
at org.testng.internal.TestInvoker.invokeMethod(TestInvoker.java:598)
at org.testng.internal.TestInvoker.invokeTestMethod(TestInvoker.java:173)
at org.testng.internal.MethodRunner.runInSequence(MethodRunner.java:46)
at org.testng.internal.TestInvoker$MethodInvocationAgent.invoke(TestInvoker.java:824)
at org.testng.internal.TestInvoker.invokeTestMethods(TestInvoker.java:146)
at org.testng.internal.TestMethodWorker.invokeTestMethods(TestMethodWorker.java:146)
at org.testng.internal.TestMethodWorker.run(TestMethodWorker.java:128)
at java.base/java.util.ArrayList.forEach(ArrayList.java:1511)
at org.testng.TestRunner.privateRun(TestRunner.java:794)
at org.testng.TestRunner.run(TestRunner.java:596)
at org.testng.SuiteRunner.runTest(SuiteRunner.java:377)
at org.testng.SuiteRunner.runSequentially(SuiteRunner.java:371)
at org.testng.SuiteRunner.privateRun(SuiteRunner.java:332)
at org.testng.SuiteRunner.run(SuiteRunner.java:276)
at org.testng.SuiteRunnerWorker.runSuite(SuiteRunnerWorker.java:53)
at org.testng.SuiteRunnerWorker.run(SuiteRunnerWorker.java:96)
at org.testng.TestNG.runSuitesSequentially(TestNG.java:1212)
at org.testng.TestNG.runSuitesLocally(TestNG.java:1134)
at org.testng.TestNG.runSuites(TestNG.java:1063)
at org.testng.TestNG.run(TestNG.java:1031)
at org.testng.remote.AbstractRemoteTestNG.run(AbstractRemoteTestNG.java:115)
at org.testng.remote.RemoteTestNG.initAndRun(RemoteTestNG.java:251)
at org.testng.remote.RemoteTestNG.main(RemoteTestNG.java:77)
]]>
    </failure>
  </testcase> <!-- Testcase_RowCount_validation -->
  <system-out>
    <![CDATA[Executing Snowflake query :: SELECT count(*) as TOTAL FROM DEV_ENT_RAW.ST_MAITZ_MATILLION.PAYMENTSPLIT
Table Count in Snowflake:: 115628
Executing Snowflake query :: select count(*) as TOTAL from CURATED_DATAMART.ST_BKP_MAITZ.STR_PAYMENTSPLIT Where ACTIVE_FLAG='Y'
Table Count in Snowflake:: 115452
Executing Snowflake query :: select count(*) as TOTAL from DEV_ENT_CURATED.MASTER_DIMENSIONS.DIM_PAYMENTSPLIT where tenant_type='MAITZ' and RECORD_UPDATED_BY='Backup Table'
Table Count in Snowflake:: 115452
Row Count of Table PAYMENTSPLIT is not matched for RAW :: 115628 DataMart :: 115452 CURATED :: 115452]]>
  </system-out>
  <testcase classname="testcases.RAW_DATAMART_CURATED.SnowFlake_RowCount_Master" name="Testcase_RowCount_validation" time="2.884">
    <failure message="The following asserts failed:
	null,
	null" type="java.lang.AssertionError">
      <![CDATA[java.lang.AssertionError: The following asserts failed:
null,
null
at org.testng.asserts.SoftAssert.assertAll(SoftAssert.java:47)
at org.testng.asserts.SoftAssert.assertAll(SoftAssert.java:31)
at testcases.RAW_DATAMART_CURATED.SnowFlake_RowCount_Master.validate_RowCount_BKP(SnowFlake_RowCount_Master.java:56)
at testcases.RAW_DATAMART_CURATED.SnowFlake_RowCount_Master.Testcase_RowCount_validation(SnowFlake_RowCount_Master.java:25)
at jdk.internal.reflect.GeneratedMethodAccessor13.invoke(Unknown Source)
at java.base/jdk.internal.reflect.DelegatingMethodAccessorImpl.invoke(DelegatingMethodAccessorImpl.java:43)
at java.base/java.lang.reflect.Method.invoke(Method.java:568)
at org.testng.internal.MethodInvocationHelper.invokeMethod(MethodInvocationHelper.java:133)
at org.testng.internal.TestInvoker.invokeMethod(TestInvoker.java:598)
at org.testng.internal.TestInvoker.invokeTestMethod(TestInvoker.java:173)
at org.testng.internal.MethodRunner.runInSequence(MethodRunner.java:46)
at org.testng.internal.TestInvoker$MethodInvocationAgent.invoke(TestInvoker.java:824)
at org.testng.internal.TestInvoker.invokeTestMethods(TestInvoker.java:146)
at org.testng.internal.TestMethodWorker.invokeTestMethods(TestMethodWorker.java:146)
at org.testng.internal.TestMethodWorker.run(TestMethodWorker.java:128)
at java.base/java.util.ArrayList.forEach(ArrayList.java:1511)
at org.testng.TestRunner.privateRun(TestRunner.java:794)
at org.testng.TestRunner.run(TestRunner.java:596)
at org.testng.SuiteRunner.runTest(SuiteRunner.java:377)
at org.testng.SuiteRunner.runSequentially(SuiteRunner.java:371)
at org.testng.SuiteRunner.privateRun(SuiteRunner.java:332)
at org.testng.SuiteRunner.run(SuiteRunner.java:276)
at org.testng.SuiteRunnerWorker.runSuite(SuiteRunnerWorker.java:53)
at org.testng.SuiteRunnerWorker.run(SuiteRunnerWorker.java:96)
at org.testng.TestNG.runSuitesSequentially(TestNG.java:1212)
at org.testng.TestNG.runSuitesLocally(TestNG.java:1134)
at org.testng.TestNG.runSuites(TestNG.java:1063)
at org.testng.TestNG.run(TestNG.java:1031)
at org.testng.remote.AbstractRemoteTestNG.run(AbstractRemoteTestNG.java:115)
at org.testng.remote.RemoteTestNG.initAndRun(RemoteTestNG.java:251)
at org.testng.remote.RemoteTestNG.main(RemoteTestNG.java:77)
]]>
    </failure>
  </testcase> <!-- Testcase_RowCount_validation -->
  <system-out>
    <![CDATA[Executing Snowflake query :: SELECT count(*) as TOTAL FROM DEV_ENT_RAW.ST_HDAIR_MATILLION.JOB
Snowflake - SQLException at readDB() method :: SQL compilation error:
Object 'DEV_ENT_RAW.ST_HDAIR_MATILLION.JOB' does not exist or not authorized.
Executing Snowflake query :: select count(*) as TOTAL from CURATED_DATAMART.ST_BKP_HDAIR.STR_JOB Where ACTIVE_FLAG='Y'
Table Count in Snowflake:: 186679
Executing Snowflake query :: select count(*) as TOTAL from DEV_ENT_CURATED.MASTER_DIMENSIONS.DIM_JOB where tenant_type='HDAIR' and RECORD_UPDATED_BY='Backup Table'
Table Count in Snowflake:: 186160
Row Count of Table JOB is not matched for RAW :: 0 DataMart :: 186679 CURATED :: 186160]]>
  </system-out>
  <testcase classname="testcases.RAW_DATAMART_CURATED.SnowFlake_RowCount_Master" name="Testcase_RowCount_validation" time="3.258">
    <failure message="The following asserts failed:
	null" type="java.lang.AssertionError">
      <![CDATA[java.lang.AssertionError: The following asserts failed:
null
at org.testng.asserts.SoftAssert.assertAll(SoftAssert.java:47)
at org.testng.asserts.SoftAssert.assertAll(SoftAssert.java:31)
at testcases.RAW_DATAMART_CURATED.SnowFlake_RowCount_Master.validate_RowCount_BKP(SnowFlake_RowCount_Master.java:56)
at testcases.RAW_DATAMART_CURATED.SnowFlake_RowCount_Master.Testcase_RowCount_validation(SnowFlake_RowCount_Master.java:25)
at jdk.internal.reflect.GeneratedMethodAccessor13.invoke(Unknown Source)
at java.base/jdk.internal.reflect.DelegatingMethodAccessorImpl.invoke(DelegatingMethodAccessorImpl.java:43)
at java.base/java.lang.reflect.Method.invoke(Method.java:568)
at org.testng.internal.MethodInvocationHelper.invokeMethod(MethodInvocationHelper.java:133)
at org.testng.internal.TestInvoker.invokeMethod(TestInvoker.java:598)
at org.testng.internal.TestInvoker.invokeTestMethod(TestInvoker.java:173)
at org.testng.internal.MethodRunner.runInSequence(MethodRunner.java:46)
at org.testng.internal.TestInvoker$MethodInvocationAgent.invoke(TestInvoker.java:824)
at org.testng.internal.TestInvoker.invokeTestMethods(TestInvoker.java:146)
at org.testng.internal.TestMethodWorker.invokeTestMethods(TestMethodWorker.java:146)
at org.testng.internal.TestMethodWorker.run(TestMethodWorker.java:128)
at java.base/java.util.ArrayList.forEach(ArrayList.java:1511)
at org.testng.TestRunner.privateRun(TestRunner.java:794)
at org.testng.TestRunner.run(TestRunner.java:596)
at org.testng.SuiteRunner.runTest(SuiteRunner.java:377)
at org.testng.SuiteRunner.runSequentially(SuiteRunner.java:371)
at org.testng.SuiteRunner.privateRun(SuiteRunner.java:332)
at org.testng.SuiteRunner.run(SuiteRunner.java:276)
at org.testng.SuiteRunnerWorker.runSuite(SuiteRunnerWorker.java:53)
at org.testng.SuiteRunnerWorker.run(SuiteRunnerWorker.java:96)
at org.testng.TestNG.runSuitesSequentially(TestNG.java:1212)
at org.testng.TestNG.runSuitesLocally(TestNG.java:1134)
at org.testng.TestNG.runSuites(TestNG.java:1063)
at org.testng.TestNG.run(TestNG.java:1031)
at org.testng.remote.AbstractRemoteTestNG.run(AbstractRemoteTestNG.java:115)
at org.testng.remote.RemoteTestNG.initAndRun(RemoteTestNG.java:251)
at org.testng.remote.RemoteTestNG.main(RemoteTestNG.java:77)
]]>
    </failure>
  </testcase> <!-- Testcase_RowCount_validation -->
  <system-out>
    <![CDATA[Executing Snowflake query :: SELECT count(*) as TOTAL FROM DEV_ENT_RAW.ST_FOURPROS_MATILLION.ESTIMATEITEM
Table Count in Snowflake:: 241040
Executing Snowflake query :: select count(*) as TOTAL from CURATED_DATAMART.ST_BKP_FOURPROS.STR_ESTIMATEITEM Where ACTIVE_FLAG='Y'
Table Count in Snowflake:: 240648
Executing Snowflake query :: select count(*) as TOTAL from DEV_ENT_CURATED.MASTER_DIMENSIONS.DIM_ESTIMATEITEM where tenant_type='FOURPROS' and RECORD_UPDATED_BY='Backup Table'
Table Count in Snowflake:: 239880
Row Count of Table ESTIMATEITEM is not matched for RAW :: 241040 DataMart :: 240648 CURATED :: 239880]]>
  </system-out>
  <testcase classname="testcases.RAW_DATAMART_CURATED.SnowFlake_RowCount_Master" name="Testcase_RowCount_validation" time="1.934">
    <failure message="The following asserts failed:
	null" type="java.lang.AssertionError">
      <![CDATA[java.lang.AssertionError: The following asserts failed:
null
at org.testng.asserts.SoftAssert.assertAll(SoftAssert.java:47)
at org.testng.asserts.SoftAssert.assertAll(SoftAssert.java:31)
at testcases.RAW_DATAMART_CURATED.SnowFlake_RowCount_Master.validate_RowCount_BKP(SnowFlake_RowCount_Master.java:56)
at testcases.RAW_DATAMART_CURATED.SnowFlake_RowCount_Master.Testcase_RowCount_validation(SnowFlake_RowCount_Master.java:25)
at jdk.internal.reflect.GeneratedMethodAccessor13.invoke(Unknown Source)
at java.base/jdk.internal.reflect.DelegatingMethodAccessorImpl.invoke(DelegatingMethodAccessorImpl.java:43)
at java.base/java.lang.reflect.Method.invoke(Method.java:568)
at org.testng.internal.MethodInvocationHelper.invokeMethod(MethodInvocationHelper.java:133)
at org.testng.internal.TestInvoker.invokeMethod(TestInvoker.java:598)
at org.testng.internal.TestInvoker.invokeTestMethod(TestInvoker.java:173)
at org.testng.internal.MethodRunner.runInSequence(MethodRunner.java:46)
at org.testng.internal.TestInvoker$MethodInvocationAgent.invoke(TestInvoker.java:824)
at org.testng.internal.TestInvoker.invokeTestMethods(TestInvoker.java:146)
at org.testng.internal.TestMethodWorker.invokeTestMethods(TestMethodWorker.java:146)
at org.testng.internal.TestMethodWorker.run(TestMethodWorker.java:128)
at java.base/java.util.ArrayList.forEach(ArrayList.java:1511)
at org.testng.TestRunner.privateRun(TestRunner.java:794)
at org.testng.TestRunner.run(TestRunner.java:596)
at org.testng.SuiteRunner.runTest(SuiteRunner.java:377)
at org.testng.SuiteRunner.runSequentially(SuiteRunner.java:371)
at org.testng.SuiteRunner.privateRun(SuiteRunner.java:332)
at org.testng.SuiteRunner.run(SuiteRunner.java:276)
at org.testng.SuiteRunnerWorker.runSuite(SuiteRunnerWorker.java:53)
at org.testng.SuiteRunnerWorker.run(SuiteRunnerWorker.java:96)
at org.testng.TestNG.runSuitesSequentially(TestNG.java:1212)
at org.testng.TestNG.runSuitesLocally(TestNG.java:1134)
at org.testng.TestNG.runSuites(TestNG.java:1063)
at org.testng.TestNG.run(TestNG.java:1031)
at org.testng.remote.AbstractRemoteTestNG.run(AbstractRemoteTestNG.java:115)
at org.testng.remote.RemoteTestNG.initAndRun(RemoteTestNG.java:251)
at org.testng.remote.RemoteTestNG.main(RemoteTestNG.java:77)
]]>
    </failure>
  </testcase> <!-- Testcase_RowCount_validation -->
  <system-out>
    <![CDATA[Executing Snowflake query :: SELECT count(*) as TOTAL FROM DEV_ENT_RAW.ST_HARP_MATILLION.PURCHASEORDER
Table Count in Snowflake:: 33405
Executing Snowflake query :: select count(*) as TOTAL from CURATED_DATAMART.ST_BKP_HARP.STR_PURCHASEORDER Where ACTIVE_FLAG='Y'
Table Count in Snowflake:: 33330
Executing Snowflake query :: select count(*) as TOTAL from DEV_ENT_CURATED.MASTER_DIMENSIONS.DIM_PURCHASEORDER where tenant_type='HARP' and RECORD_UPDATED_BY='Backup Table'
Table Count in Snowflake:: 32911
Row Count of Table PURCHASEORDER is not matched for RAW :: 33405 DataMart :: 33330 CURATED :: 32911]]>
  </system-out>
  <testcase classname="testcases.RAW_DATAMART_CURATED.SnowFlake_RowCount_Master" name="Testcase_RowCount_validation" time="2.565">
    <failure message="The following asserts failed:
	null" type="java.lang.AssertionError">
      <![CDATA[java.lang.AssertionError: The following asserts failed:
null
at org.testng.asserts.SoftAssert.assertAll(SoftAssert.java:47)
at org.testng.asserts.SoftAssert.assertAll(SoftAssert.java:31)
at testcases.RAW_DATAMART_CURATED.SnowFlake_RowCount_Master.validate_RowCount_BKP(SnowFlake_RowCount_Master.java:56)
at testcases.RAW_DATAMART_CURATED.SnowFlake_RowCount_Master.Testcase_RowCount_validation(SnowFlake_RowCount_Master.java:25)
at jdk.internal.reflect.GeneratedMethodAccessor13.invoke(Unknown Source)
at java.base/jdk.internal.reflect.DelegatingMethodAccessorImpl.invoke(DelegatingMethodAccessorImpl.java:43)
at java.base/java.lang.reflect.Method.invoke(Method.java:568)
at org.testng.internal.MethodInvocationHelper.invokeMethod(MethodInvocationHelper.java:133)
at org.testng.internal.TestInvoker.invokeMethod(TestInvoker.java:598)
at org.testng.internal.TestInvoker.invokeTestMethod(TestInvoker.java:173)
at org.testng.internal.MethodRunner.runInSequence(MethodRunner.java:46)
at org.testng.internal.TestInvoker$MethodInvocationAgent.invoke(TestInvoker.java:824)
at org.testng.internal.TestInvoker.invokeTestMethods(TestInvoker.java:146)
at org.testng.internal.TestMethodWorker.invokeTestMethods(TestMethodWorker.java:146)
at org.testng.internal.TestMethodWorker.run(TestMethodWorker.java:128)
at java.base/java.util.ArrayList.forEach(ArrayList.java:1511)
at org.testng.TestRunner.privateRun(TestRunner.java:794)
at org.testng.TestRunner.run(TestRunner.java:596)
at org.testng.SuiteRunner.runTest(SuiteRunner.java:377)
at org.testng.SuiteRunner.runSequentially(SuiteRunner.java:371)
at org.testng.SuiteRunner.privateRun(SuiteRunner.java:332)
at org.testng.SuiteRunner.run(SuiteRunner.java:276)
at org.testng.SuiteRunnerWorker.runSuite(SuiteRunnerWorker.java:53)
at org.testng.SuiteRunnerWorker.run(SuiteRunnerWorker.java:96)
at org.testng.TestNG.runSuitesSequentially(TestNG.java:1212)
at org.testng.TestNG.runSuitesLocally(TestNG.java:1134)
at org.testng.TestNG.runSuites(TestNG.java:1063)
at org.testng.TestNG.run(TestNG.java:1031)
at org.testng.remote.AbstractRemoteTestNG.run(AbstractRemoteTestNG.java:115)
at org.testng.remote.RemoteTestNG.initAndRun(RemoteTestNG.java:251)
at org.testng.remote.RemoteTestNG.main(RemoteTestNG.java:77)
]]>
    </failure>
  </testcase> <!-- Testcase_RowCount_validation -->
  <system-out>
    <![CDATA[Executing Snowflake query :: SELECT count(*) as TOTAL FROM DEV_ENT_RAW.ST_CASTEEL_MATILLION.PURCHASEORDER
Table Count in Snowflake:: 119365
Executing Snowflake query :: select count(*) as TOTAL from CURATED_DATAMART.ST_BKP_CASTEEL.STR_PURCHASEORDER Where ACTIVE_FLAG='Y'
Table Count in Snowflake:: 119156
Executing Snowflake query :: select count(*) as TOTAL from DEV_ENT_CURATED.MASTER_DIMENSIONS.DIM_PURCHASEORDER where tenant_type='CASTEEL' and RECORD_UPDATED_BY='Backup Table'
Table Count in Snowflake:: 118283
Row Count of Table PURCHASEORDER is not matched for RAW :: 119365 DataMart :: 119156 CURATED :: 118283]]>
  </system-out>
  <testcase classname="testcases.RAW_DATAMART_CURATED.SnowFlake_RowCount_Master" name="Testcase_RowCount_validation" time="1.432">
    <failure message="The following asserts failed:
	null" type="java.lang.AssertionError">
      <![CDATA[java.lang.AssertionError: The following asserts failed:
null
at org.testng.asserts.SoftAssert.assertAll(SoftAssert.java:47)
at org.testng.asserts.SoftAssert.assertAll(SoftAssert.java:31)
at testcases.RAW_DATAMART_CURATED.SnowFlake_RowCount_Master.validate_RowCount_BKP(SnowFlake_RowCount_Master.java:56)
at testcases.RAW_DATAMART_CURATED.SnowFlake_RowCount_Master.Testcase_RowCount_validation(SnowFlake_RowCount_Master.java:25)
at jdk.internal.reflect.GeneratedMethodAccessor13.invoke(Unknown Source)
at java.base/jdk.internal.reflect.DelegatingMethodAccessorImpl.invoke(DelegatingMethodAccessorImpl.java:43)
at java.base/java.lang.reflect.Method.invoke(Method.java:568)
at org.testng.internal.MethodInvocationHelper.invokeMethod(MethodInvocationHelper.java:133)
at org.testng.internal.TestInvoker.invokeMethod(TestInvoker.java:598)
at org.testng.internal.TestInvoker.invokeTestMethod(TestInvoker.java:173)
at org.testng.internal.MethodRunner.runInSequence(MethodRunner.java:46)
at org.testng.internal.TestInvoker$MethodInvocationAgent.invoke(TestInvoker.java:824)
at org.testng.internal.TestInvoker.invokeTestMethods(TestInvoker.java:146)
at org.testng.internal.TestMethodWorker.invokeTestMethods(TestMethodWorker.java:146)
at org.testng.internal.TestMethodWorker.run(TestMethodWorker.java:128)
at java.base/java.util.ArrayList.forEach(ArrayList.java:1511)
at org.testng.TestRunner.privateRun(TestRunner.java:794)
at org.testng.TestRunner.run(TestRunner.java:596)
at org.testng.SuiteRunner.runTest(SuiteRunner.java:377)
at org.testng.SuiteRunner.runSequentially(SuiteRunner.java:371)
at org.testng.SuiteRunner.privateRun(SuiteRunner.java:332)
at org.testng.SuiteRunner.run(SuiteRunner.java:276)
at org.testng.SuiteRunnerWorker.runSuite(SuiteRunnerWorker.java:53)
at org.testng.SuiteRunnerWorker.run(SuiteRunnerWorker.java:96)
at org.testng.TestNG.runSuitesSequentially(TestNG.java:1212)
at org.testng.TestNG.runSuitesLocally(TestNG.java:1134)
at org.testng.TestNG.runSuites(TestNG.java:1063)
at org.testng.TestNG.run(TestNG.java:1031)
at org.testng.remote.AbstractRemoteTestNG.run(AbstractRemoteTestNG.java:115)
at org.testng.remote.RemoteTestNG.initAndRun(RemoteTestNG.java:251)
at org.testng.remote.RemoteTestNG.main(RemoteTestNG.java:77)
]]>
    </failure>
  </testcase> <!-- Testcase_RowCount_validation -->
  <system-out>
    <![CDATA[Executing Snowflake query :: SELECT count(*) as TOTAL FROM DEV_ENT_RAW.ST_GOLDMEDAL_MATILLION.PURCHASEORDERITEM
Table Count in Snowflake:: 314629
Executing Snowflake query :: select count(*) as TOTAL from CURATED_DATAMART.ST_BKP_GOLDMEDAL.STR_PURCHASEORDERITEM Where ACTIVE_FLAG='Y'
Table Count in Snowflake:: 314161
Executing Snowflake query :: select count(*) as TOTAL from DEV_ENT_CURATED.MASTER_DIMENSIONS.DIM_PURCHASEORDERITEM where tenant_type='GOLDMEDAL' and RECORD_UPDATED_BY='Backup Table'
Table Count in Snowflake:: 314075
Row Count of Table PURCHASEORDERITEM is not matched for RAW :: 314629 DataMart :: 314161 CURATED :: 314075]]>
  </system-out>
  <testcase classname="testcases.RAW_DATAMART_CURATED.SnowFlake_RowCount_Master" name="Testcase_RowCount_validation" time="2.409">
    <failure message="The following asserts failed:
	null" type="java.lang.AssertionError">
      <![CDATA[java.lang.AssertionError: The following asserts failed:
null
at org.testng.asserts.SoftAssert.assertAll(SoftAssert.java:47)
at org.testng.asserts.SoftAssert.assertAll(SoftAssert.java:31)
at testcases.RAW_DATAMART_CURATED.SnowFlake_RowCount_Master.validate_RowCount_BKP(SnowFlake_RowCount_Master.java:56)
at testcases.RAW_DATAMART_CURATED.SnowFlake_RowCount_Master.Testcase_RowCount_validation(SnowFlake_RowCount_Master.java:25)
at java.base/jdk.internal.reflect.NativeMethodAccessorImpl.invoke0(Native Method)
at java.base/jdk.internal.reflect.NativeMethodAccessorImpl.invoke(NativeMethodAccessorImpl.java:77)
at java.base/jdk.internal.reflect.DelegatingMethodAccessorImpl.invoke(DelegatingMethodAccessorImpl.java:43)
at java.base/java.lang.reflect.Method.invoke(Method.java:568)
at org.testng.internal.MethodInvocationHelper.invokeMethod(MethodInvocationHelper.java:133)
at org.testng.internal.TestInvoker.invokeMethod(TestInvoker.java:598)
at org.testng.internal.TestInvoker.invokeTestMethod(TestInvoker.java:173)
at org.testng.internal.MethodRunner.runInSequence(MethodRunner.java:46)
at org.testng.internal.TestInvoker$MethodInvocationAgent.invoke(TestInvoker.java:824)
at org.testng.internal.TestInvoker.invokeTestMethods(TestInvoker.java:146)
at org.testng.internal.TestMethodWorker.invokeTestMethods(TestMethodWorker.java:146)
at org.testng.internal.TestMethodWorker.run(TestMethodWorker.java:128)
at java.base/java.util.ArrayList.forEach(ArrayList.java:1511)
at org.testng.TestRunner.privateRun(TestRunner.java:794)
at org.testng.TestRunner.run(TestRunner.java:596)
at org.testng.SuiteRunner.runTest(SuiteRunner.java:377)
at org.testng.SuiteRunner.runSequentially(SuiteRunner.java:371)
at org.testng.SuiteRunner.privateRun(SuiteRunner.java:332)
at org.testng.SuiteRunner.run(SuiteRunner.java:276)
at org.testng.SuiteRunnerWorker.runSuite(SuiteRunnerWorker.java:53)
at org.testng.SuiteRunnerWorker.run(SuiteRunnerWorker.java:96)
at org.testng.TestNG.runSuitesSequentially(TestNG.java:1212)
at org.testng.TestNG.runSuitesLocally(TestNG.java:1134)
at org.testng.TestNG.runSuites(TestNG.java:1063)
at org.testng.TestNG.run(TestNG.java:1031)
at org.testng.remote.AbstractRemoteTestNG.run(AbstractRemoteTestNG.java:115)
at org.testng.remote.RemoteTestNG.initAndRun(RemoteTestNG.java:251)
at org.testng.remote.RemoteTestNG.main(RemoteTestNG.java:77)
]]>
    </failure>
  </testcase> <!-- Testcase_RowCount_validation -->
  <system-out>
    <![CDATA[Executing Snowflake query :: SELECT count(*) as TOTAL FROM DEV_ENT_RAW.ST_BILLFENWICK_MATILLION.BATCH
Table Count in Snowflake:: 7601
Executing Snowflake query :: select count(*) as TOTAL from CURATED_DATAMART.ST_BKP_BILLFENWICK.STR_BATCH Where ACTIVE_FLAG='Y'
Table Count in Snowflake:: 7578
Executing Snowflake query :: select count(*) as TOTAL from DEV_ENT_CURATED.MASTER_DIMENSIONS.FACT_BATCH where tenant_type='BILLFENWICK' and RECORD_UPDATED_BY='Backup Table'
Table Count in Snowflake:: 7662
Row Count of Table BATCH is not matched for RAW :: 7601 DataMart :: 7578 CURATED :: 7662]]>
  </system-out>
  <testcase classname="testcases.RAW_DATAMART_CURATED.SnowFlake_RowCount_Master" name="Testcase_RowCount_validation" time="1.741">
    <failure message="The following asserts failed:
	null" type="java.lang.AssertionError">
      <![CDATA[java.lang.AssertionError: The following asserts failed:
null
at org.testng.asserts.SoftAssert.assertAll(SoftAssert.java:47)
at org.testng.asserts.SoftAssert.assertAll(SoftAssert.java:31)
at testcases.RAW_DATAMART_CURATED.SnowFlake_RowCount_Master.validate_RowCount_API(SnowFlake_RowCount_Master.java:115)
at testcases.RAW_DATAMART_CURATED.SnowFlake_RowCount_Master.Testcase_RowCount_validation(SnowFlake_RowCount_Master.java:28)
at jdk.internal.reflect.GeneratedMethodAccessor13.invoke(Unknown Source)
at java.base/jdk.internal.reflect.DelegatingMethodAccessorImpl.invoke(DelegatingMethodAccessorImpl.java:43)
at java.base/java.lang.reflect.Method.invoke(Method.java:568)
at org.testng.internal.MethodInvocationHelper.invokeMethod(MethodInvocationHelper.java:133)
at org.testng.internal.TestInvoker.invokeMethod(TestInvoker.java:598)
at org.testng.internal.TestInvoker.invokeTestMethod(TestInvoker.java:173)
at org.testng.internal.MethodRunner.runInSequence(MethodRunner.java:46)
at org.testng.internal.TestInvoker$MethodInvocationAgent.invoke(TestInvoker.java:824)
at org.testng.internal.TestInvoker.invokeTestMethods(TestInvoker.java:146)
at org.testng.internal.TestMethodWorker.invokeTestMethods(TestMethodWorker.java:146)
at org.testng.internal.TestMethodWorker.run(TestMethodWorker.java:128)
at java.base/java.util.ArrayList.forEach(ArrayList.java:1511)
at org.testng.TestRunner.privateRun(TestRunner.java:794)
at org.testng.TestRunner.run(TestRunner.java:596)
at org.testng.SuiteRunner.runTest(SuiteRunner.java:377)
at org.testng.SuiteRunner.runSequentially(SuiteRunner.java:371)
at org.testng.SuiteRunner.privateRun(SuiteRunner.java:332)
at org.testng.SuiteRunner.run(SuiteRunner.java:276)
at org.testng.SuiteRunnerWorker.runSuite(SuiteRunnerWorker.java:53)
at org.testng.SuiteRunnerWorker.run(SuiteRunnerWorker.java:96)
at org.testng.TestNG.runSuitesSequentially(TestNG.java:1212)
at org.testng.TestNG.runSuitesLocally(TestNG.java:1134)
at org.testng.TestNG.runSuites(TestNG.java:1063)
at org.testng.TestNG.run(TestNG.java:1031)
at org.testng.remote.AbstractRemoteTestNG.run(AbstractRemoteTestNG.java:115)
at org.testng.remote.RemoteTestNG.initAndRun(RemoteTestNG.java:251)
at org.testng.remote.RemoteTestNG.main(RemoteTestNG.java:77)
]]>
    </failure>
  </testcase> <!-- Testcase_RowCount_validation -->
  <system-out>
    <![CDATA[Executing Snowflake query :: SELECT count(*) as TOTAL FROM DEV_ENT_RAW.API_MAT.ST_API_INVOICEITEM WHERE TENANT_NAME='GOLDMEDAL'
Table Count in Snowflake:: 8072
Executing Snowflake query :: select count(*) as TOTAL from CURATED_DATAMART.ST_API_GOLDMEDAL.STR_API_INVOICEITEM WHERE ACTIVE_FLAG='Y'
Table Count in Snowflake:: 0
Executing Snowflake query :: select count(*) as TOTAL from DEV_ENT_CURATED.MASTER_DIMENSIONS.DIM_INVOICEITEM WHERE TENANT_TYPE='GOLDMEDAL' and RECORD_UPDATED_BY='API ETL'
Table Count in Snowflake:: 0
Row Count of Table INVOICEITEM is not matched for APIMAT :: 8072 DataMart :: 0
Row Count of Table INVOICEITEM is matched for DataMart :: 0 CURATED :: 0]]>
  </system-out>
  <testcase classname="testcases.RAW_DATAMART_CURATED.SnowFlake_RowCount_Master" name="Testcase_RowCount_validation" time="2.868">
    <failure message="The following asserts failed:
	null" type="java.lang.AssertionError">
      <![CDATA[java.lang.AssertionError: The following asserts failed:
null
at org.testng.asserts.SoftAssert.assertAll(SoftAssert.java:47)
at org.testng.asserts.SoftAssert.assertAll(SoftAssert.java:31)
at testcases.RAW_DATAMART_CURATED.SnowFlake_RowCount_Master.validate_RowCount_BKP(SnowFlake_RowCount_Master.java:56)
at testcases.RAW_DATAMART_CURATED.SnowFlake_RowCount_Master.Testcase_RowCount_validation(SnowFlake_RowCount_Master.java:25)
at jdk.internal.reflect.GeneratedMethodAccessor13.invoke(Unknown Source)
at java.base/jdk.internal.reflect.DelegatingMethodAccessorImpl.invoke(DelegatingMethodAccessorImpl.java:43)
at java.base/java.lang.reflect.Method.invoke(Method.java:568)
at org.testng.internal.MethodInvocationHelper.invokeMethod(MethodInvocationHelper.java:133)
at org.testng.internal.TestInvoker.invokeMethod(TestInvoker.java:598)
at org.testng.internal.TestInvoker.invokeTestMethod(TestInvoker.java:173)
at org.testng.internal.MethodRunner.runInSequence(MethodRunner.java:46)
at org.testng.internal.TestInvoker$MethodInvocationAgent.invoke(TestInvoker.java:824)
at org.testng.internal.TestInvoker.invokeTestMethods(TestInvoker.java:146)
at org.testng.internal.TestMethodWorker.invokeTestMethods(TestMethodWorker.java:146)
at org.testng.internal.TestMethodWorker.run(TestMethodWorker.java:128)
at java.base/java.util.ArrayList.forEach(ArrayList.java:1511)
at org.testng.TestRunner.privateRun(TestRunner.java:794)
at org.testng.TestRunner.run(TestRunner.java:596)
at org.testng.SuiteRunner.runTest(SuiteRunner.java:377)
at org.testng.SuiteRunner.runSequentially(SuiteRunner.java:371)
at org.testng.SuiteRunner.privateRun(SuiteRunner.java:332)
at org.testng.SuiteRunner.run(SuiteRunner.java:276)
at org.testng.SuiteRunnerWorker.runSuite(SuiteRunnerWorker.java:53)
at org.testng.SuiteRunnerWorker.run(SuiteRunnerWorker.java:96)
at org.testng.TestNG.runSuitesSequentially(TestNG.java:1212)
at org.testng.TestNG.runSuitesLocally(TestNG.java:1134)
at org.testng.TestNG.runSuites(TestNG.java:1063)
at org.testng.TestNG.run(TestNG.java:1031)
at org.testng.remote.AbstractRemoteTestNG.run(AbstractRemoteTestNG.java:115)
at org.testng.remote.RemoteTestNG.initAndRun(RemoteTestNG.java:251)
at org.testng.remote.RemoteTestNG.main(RemoteTestNG.java:77)
]]>
    </failure>
  </testcase> <!-- Testcase_RowCount_validation -->
  <system-out>
    <![CDATA[Executing Snowflake query :: SELECT count(*) as TOTAL FROM DEV_ENT_RAW.ST_HENDERSON_MATILLION.ESTIMATE
Table Count in Snowflake:: 68010
Executing Snowflake query :: select count(*) as TOTAL from CURATED_DATAMART.ST_BKP_HENDERSON.STR_ESTIMATE Where ACTIVE_FLAG='Y'
Table Count in Snowflake:: 67891
Executing Snowflake query :: select count(*) as TOTAL from DEV_ENT_CURATED.MASTER_DIMENSIONS.DIM_ESTIMATE where tenant_type='HENDERSON' and RECORD_UPDATED_BY='Backup Table'
Table Count in Snowflake:: 67437
Row Count of Table ESTIMATE is not matched for RAW :: 68010 DataMart :: 67891 CURATED :: 67437]]>
  </system-out>
  <testcase classname="testcases.RAW_DATAMART_CURATED.SnowFlake_RowCount_Master" name="Testcase_RowCount_validation" time="1.642">
    <failure message="The following asserts failed:
	null" type="java.lang.AssertionError">
      <![CDATA[java.lang.AssertionError: The following asserts failed:
null
at org.testng.asserts.SoftAssert.assertAll(SoftAssert.java:47)
at org.testng.asserts.SoftAssert.assertAll(SoftAssert.java:31)
at testcases.RAW_DATAMART_CURATED.SnowFlake_RowCount_Master.validate_RowCount_BKP(SnowFlake_RowCount_Master.java:56)
at testcases.RAW_DATAMART_CURATED.SnowFlake_RowCount_Master.Testcase_RowCount_validation(SnowFlake_RowCount_Master.java:25)
at jdk.internal.reflect.GeneratedMethodAccessor13.invoke(Unknown Source)
at java.base/jdk.internal.reflect.DelegatingMethodAccessorImpl.invoke(DelegatingMethodAccessorImpl.java:43)
at java.base/java.lang.reflect.Method.invoke(Method.java:568)
at org.testng.internal.MethodInvocationHelper.invokeMethod(MethodInvocationHelper.java:133)
at org.testng.internal.TestInvoker.invokeMethod(TestInvoker.java:598)
at org.testng.internal.TestInvoker.invokeTestMethod(TestInvoker.java:173)
at org.testng.internal.MethodRunner.runInSequence(MethodRunner.java:46)
at org.testng.internal.TestInvoker$MethodInvocationAgent.invoke(TestInvoker.java:824)
at org.testng.internal.TestInvoker.invokeTestMethods(TestInvoker.java:146)
at org.testng.internal.TestMethodWorker.invokeTestMethods(TestMethodWorker.java:146)
at org.testng.internal.TestMethodWorker.run(TestMethodWorker.java:128)
at java.base/java.util.ArrayList.forEach(ArrayList.java:1511)
at org.testng.TestRunner.privateRun(TestRunner.java:794)
at org.testng.TestRunner.run(TestRunner.java:596)
at org.testng.SuiteRunner.runTest(SuiteRunner.java:377)
at org.testng.SuiteRunner.runSequentially(SuiteRunner.java:371)
at org.testng.SuiteRunner.privateRun(SuiteRunner.java:332)
at org.testng.SuiteRunner.run(SuiteRunner.java:276)
at org.testng.SuiteRunnerWorker.runSuite(SuiteRunnerWorker.java:53)
at org.testng.SuiteRunnerWorker.run(SuiteRunnerWorker.java:96)
at org.testng.TestNG.runSuitesSequentially(TestNG.java:1212)
at org.testng.TestNG.runSuitesLocally(TestNG.java:1134)
at org.testng.TestNG.runSuites(TestNG.java:1063)
at org.testng.TestNG.run(TestNG.java:1031)
at org.testng.remote.AbstractRemoteTestNG.run(AbstractRemoteTestNG.java:115)
at org.testng.remote.RemoteTestNG.initAndRun(RemoteTestNG.java:251)
at org.testng.remote.RemoteTestNG.main(RemoteTestNG.java:77)
]]>
    </failure>
  </testcase> <!-- Testcase_RowCount_validation -->
  <system-out>
    <![CDATA[Executing Snowflake query :: SELECT count(*) as TOTAL FROM DEV_ENT_RAW.ST_HENDERSON_MATILLION.VENDOR
Table Count in Snowflake:: 889
Executing Snowflake query :: select count(*) as TOTAL from CURATED_DATAMART.ST_BKP_HENDERSON.STR_VENDOR Where ACTIVE_FLAG='Y'
Table Count in Snowflake:: 889
Executing Snowflake query :: select count(*) as TOTAL from DEV_ENT_CURATED.MASTER_DIMENSIONS.DIM_VENDOR where tenant_type='HENDERSON' and RECORD_UPDATED_BY='Backup Table'
Table Count in Snowflake:: 0
Row Count of Table VENDOR is not matched for RAW :: 889 DataMart :: 889 CURATED :: 0]]>
  </system-out>
  <testcase classname="testcases.RAW_DATAMART_CURATED.SnowFlake_RowCount_Master" name="Testcase_RowCount_validation" time="3.291">
    <failure message="The following asserts failed:
	null" type="java.lang.AssertionError">
      <![CDATA[java.lang.AssertionError: The following asserts failed:
null
at org.testng.asserts.SoftAssert.assertAll(SoftAssert.java:47)
at org.testng.asserts.SoftAssert.assertAll(SoftAssert.java:31)
at testcases.RAW_DATAMART_CURATED.SnowFlake_RowCount_Master.validate_RowCount_BKP(SnowFlake_RowCount_Master.java:56)
at testcases.RAW_DATAMART_CURATED.SnowFlake_RowCount_Master.Testcase_RowCount_validation(SnowFlake_RowCount_Master.java:25)
at jdk.internal.reflect.GeneratedMethodAccessor13.invoke(Unknown Source)
at java.base/jdk.internal.reflect.DelegatingMethodAccessorImpl.invoke(DelegatingMethodAccessorImpl.java:43)
at java.base/java.lang.reflect.Method.invoke(Method.java:568)
at org.testng.internal.MethodInvocationHelper.invokeMethod(MethodInvocationHelper.java:133)
at org.testng.internal.TestInvoker.invokeMethod(TestInvoker.java:598)
at org.testng.internal.TestInvoker.invokeTestMethod(TestInvoker.java:173)
at org.testng.internal.MethodRunner.runInSequence(MethodRunner.java:46)
at org.testng.internal.TestInvoker$MethodInvocationAgent.invoke(TestInvoker.java:824)
at org.testng.internal.TestInvoker.invokeTestMethods(TestInvoker.java:146)
at org.testng.internal.TestMethodWorker.invokeTestMethods(TestMethodWorker.java:146)
at org.testng.internal.TestMethodWorker.run(TestMethodWorker.java:128)
at java.base/java.util.ArrayList.forEach(ArrayList.java:1511)
at org.testng.TestRunner.privateRun(TestRunner.java:794)
at org.testng.TestRunner.run(TestRunner.java:596)
at org.testng.SuiteRunner.runTest(SuiteRunner.java:377)
at org.testng.SuiteRunner.runSequentially(SuiteRunner.java:371)
at org.testng.SuiteRunner.privateRun(SuiteRunner.java:332)
at org.testng.SuiteRunner.run(SuiteRunner.java:276)
at org.testng.SuiteRunnerWorker.runSuite(SuiteRunnerWorker.java:53)
at org.testng.SuiteRunnerWorker.run(SuiteRunnerWorker.java:96)
at org.testng.TestNG.runSuitesSequentially(TestNG.java:1212)
at org.testng.TestNG.runSuitesLocally(TestNG.java:1134)
at org.testng.TestNG.runSuites(TestNG.java:1063)
at org.testng.TestNG.run(TestNG.java:1031)
at org.testng.remote.AbstractRemoteTestNG.run(AbstractRemoteTestNG.java:115)
at org.testng.remote.RemoteTestNG.initAndRun(RemoteTestNG.java:251)
at org.testng.remote.RemoteTestNG.main(RemoteTestNG.java:77)
]]>
    </failure>
  </testcase> <!-- Testcase_RowCount_validation -->
  <system-out>
    <![CDATA[Executing Snowflake query :: SELECT count(*) as TOTAL FROM DEV_ENT_RAW.ST_HORIZONSERVICES_MATILLION.JOBAPPOINTMENT
Table Count in Snowflake:: 3884726
Executing Snowflake query :: select count(*) as TOTAL from CURATED_DATAMART.ST_BKP_HORIZONSERVICES.STR_JOBAPPOINTMENT Where ACTIVE_FLAG='Y'
Table Count in Snowflake:: 4523475
Executing Snowflake query :: select count(*) as TOTAL from DEV_ENT_CURATED.MASTER_DIMENSIONS.DIM_JOBAPPOINTMENT where tenant_type='HORIZONSERVICES' and RECORD_UPDATED_BY='Backup Table'
Table Count in Snowflake:: 4523331
Row Count of Table JOBAPPOINTMENT is not matched for RAW :: 3884726 DataMart :: 4523475 CURATED :: 4523331]]>
  </system-out>
  <testcase classname="testcases.RAW_DATAMART_CURATED.SnowFlake_RowCount_Master" name="Testcase_RowCount_validation" time="1.742">
    <failure message="The following asserts failed:
	null,
	null" type="java.lang.AssertionError">
      <![CDATA[java.lang.AssertionError: The following asserts failed:
null,
null
at org.testng.asserts.SoftAssert.assertAll(SoftAssert.java:47)
at org.testng.asserts.SoftAssert.assertAll(SoftAssert.java:31)
at testcases.RAW_DATAMART_CURATED.SnowFlake_RowCount_Master.validate_RowCount_BKP(SnowFlake_RowCount_Master.java:56)
at testcases.RAW_DATAMART_CURATED.SnowFlake_RowCount_Master.Testcase_RowCount_validation(SnowFlake_RowCount_Master.java:25)
at jdk.internal.reflect.GeneratedMethodAccessor13.invoke(Unknown Source)
at java.base/jdk.internal.reflect.DelegatingMethodAccessorImpl.invoke(DelegatingMethodAccessorImpl.java:43)
at java.base/java.lang.reflect.Method.invoke(Method.java:568)
at org.testng.internal.MethodInvocationHelper.invokeMethod(MethodInvocationHelper.java:133)
at org.testng.internal.TestInvoker.invokeMethod(TestInvoker.java:598)
at org.testng.internal.TestInvoker.invokeTestMethod(TestInvoker.java:173)
at org.testng.internal.MethodRunner.runInSequence(MethodRunner.java:46)
at org.testng.internal.TestInvoker$MethodInvocationAgent.invoke(TestInvoker.java:824)
at org.testng.internal.TestInvoker.invokeTestMethods(TestInvoker.java:146)
at org.testng.internal.TestMethodWorker.invokeTestMethods(TestMethodWorker.java:146)
at org.testng.internal.TestMethodWorker.run(TestMethodWorker.java:128)
at java.base/java.util.ArrayList.forEach(ArrayList.java:1511)
at org.testng.TestRunner.privateRun(TestRunner.java:794)
at org.testng.TestRunner.run(TestRunner.java:596)
at org.testng.SuiteRunner.runTest(SuiteRunner.java:377)
at org.testng.SuiteRunner.runSequentially(SuiteRunner.java:371)
at org.testng.SuiteRunner.privateRun(SuiteRunner.java:332)
at org.testng.SuiteRunner.run(SuiteRunner.java:276)
at org.testng.SuiteRunnerWorker.runSuite(SuiteRunnerWorker.java:53)
at org.testng.SuiteRunnerWorker.run(SuiteRunnerWorker.java:96)
at org.testng.TestNG.runSuitesSequentially(TestNG.java:1212)
at org.testng.TestNG.runSuitesLocally(TestNG.java:1134)
at org.testng.TestNG.runSuites(TestNG.java:1063)
at org.testng.TestNG.run(TestNG.java:1031)
at org.testng.remote.AbstractRemoteTestNG.run(AbstractRemoteTestNG.java:115)
at org.testng.remote.RemoteTestNG.initAndRun(RemoteTestNG.java:251)
at org.testng.remote.RemoteTestNG.main(RemoteTestNG.java:77)
]]>
    </failure>
  </testcase> <!-- Testcase_RowCount_validation -->
  <system-out>
    <![CDATA[Executing Snowflake query :: SELECT count(*) as TOTAL FROM DEV_ENT_RAW.ST_EANESHEATING_MATILLION.EQUIPMENT
Snowflake - SQLException at readDB() method :: SQL compilation error:
Object 'DEV_ENT_RAW.ST_EANESHEATING_MATILLION.EQUIPMENT' does not exist or not authorized.
Executing Snowflake query :: select count(*) as TOTAL from CURATED_DATAMART.ST_BKP_EANESHEATING.STR_EQUIPMENT Where ACTIVE_FLAG='Y'
Table Count in Snowflake:: 2684
Executing Snowflake query :: select count(*) as TOTAL from DEV_ENT_CURATED.MASTER_DIMENSIONS.DIM_EQUIPMENT where tenant_type='EANESHEATING' and RECORD_UPDATED_BY='Backup Table'
Table Count in Snowflake:: 1736
Row Count of Table EQUIPMENT is not matched for RAW :: 0 DataMart :: 2684 CURATED :: 1736]]>
  </system-out>
  <testcase classname="testcases.RAW_DATAMART_CURATED.SnowFlake_RowCount_Master" name="Testcase_RowCount_validation" time="2.043">
    <failure message="The following asserts failed:
	null" type="java.lang.AssertionError">
      <![CDATA[java.lang.AssertionError: The following asserts failed:
null
at org.testng.asserts.SoftAssert.assertAll(SoftAssert.java:47)
at org.testng.asserts.SoftAssert.assertAll(SoftAssert.java:31)
at testcases.RAW_DATAMART_CURATED.SnowFlake_RowCount_Master.validate_RowCount_API(SnowFlake_RowCount_Master.java:115)
at testcases.RAW_DATAMART_CURATED.SnowFlake_RowCount_Master.Testcase_RowCount_validation(SnowFlake_RowCount_Master.java:28)
at jdk.internal.reflect.GeneratedMethodAccessor13.invoke(Unknown Source)
at java.base/jdk.internal.reflect.DelegatingMethodAccessorImpl.invoke(DelegatingMethodAccessorImpl.java:43)
at java.base/java.lang.reflect.Method.invoke(Method.java:568)
at org.testng.internal.MethodInvocationHelper.invokeMethod(MethodInvocationHelper.java:133)
at org.testng.internal.TestInvoker.invokeMethod(TestInvoker.java:598)
at org.testng.internal.TestInvoker.invokeTestMethod(TestInvoker.java:173)
at org.testng.internal.MethodRunner.runInSequence(MethodRunner.java:46)
at org.testng.internal.TestInvoker$MethodInvocationAgent.invoke(TestInvoker.java:824)
at org.testng.internal.TestInvoker.invokeTestMethods(TestInvoker.java:146)
at org.testng.internal.TestMethodWorker.invokeTestMethods(TestMethodWorker.java:146)
at org.testng.internal.TestMethodWorker.run(TestMethodWorker.java:128)
at java.base/java.util.ArrayList.forEach(ArrayList.java:1511)
at org.testng.TestRunner.privateRun(TestRunner.java:794)
at org.testng.TestRunner.run(TestRunner.java:596)
at org.testng.SuiteRunner.runTest(SuiteRunner.java:377)
at org.testng.SuiteRunner.runSequentially(SuiteRunner.java:371)
at org.testng.SuiteRunner.privateRun(SuiteRunner.java:332)
at org.testng.SuiteRunner.run(SuiteRunner.java:276)
at org.testng.SuiteRunnerWorker.runSuite(SuiteRunnerWorker.java:53)
at org.testng.SuiteRunnerWorker.run(SuiteRunnerWorker.java:96)
at org.testng.TestNG.runSuitesSequentially(TestNG.java:1212)
at org.testng.TestNG.runSuitesLocally(TestNG.java:1134)
at org.testng.TestNG.runSuites(TestNG.java:1063)
at org.testng.TestNG.run(TestNG.java:1031)
at org.testng.remote.AbstractRemoteTestNG.run(AbstractRemoteTestNG.java:115)
at org.testng.remote.RemoteTestNG.initAndRun(RemoteTestNG.java:251)
at org.testng.remote.RemoteTestNG.main(RemoteTestNG.java:77)
]]>
    </failure>
  </testcase> <!-- Testcase_RowCount_validation -->
  <system-out>
    <![CDATA[Executing Snowflake query :: SELECT count(*) as TOTAL FROM DEV_ENT_RAW.API_MAT.ST_API_PURCHASEORDERITEM WHERE TENANT_NAME='CASTEEL'
Table Count in Snowflake:: 864
Executing Snowflake query :: select count(*) as TOTAL from CURATED_DATAMART.ST_API_CASTEEL.STR_API_PURCHASEORDERITEM WHERE ACTIVE_FLAG='Y'
Table Count in Snowflake:: 0
Executing Snowflake query :: select count(*) as TOTAL from DEV_ENT_CURATED.MASTER_DIMENSIONS.DIM_PURCHASEORDERITEM WHERE TENANT_TYPE='CASTEEL' and RECORD_UPDATED_BY='API ETL'
Table Count in Snowflake:: 0
Row Count of Table PURCHASEORDERITEM is not matched for APIMAT :: 864 DataMart :: 0
Row Count of Table PURCHASEORDERITEM is matched for DataMart :: 0 CURATED :: 0]]>
  </system-out>
  <testcase classname="testcases.RAW_DATAMART_CURATED.SnowFlake_RowCount_Master" name="Testcase_RowCount_validation" time="1.431">
    <failure message="The following asserts failed:
	null" type="java.lang.AssertionError">
      <![CDATA[java.lang.AssertionError: The following asserts failed:
null
at org.testng.asserts.SoftAssert.assertAll(SoftAssert.java:47)
at org.testng.asserts.SoftAssert.assertAll(SoftAssert.java:31)
at testcases.RAW_DATAMART_CURATED.SnowFlake_RowCount_Master.validate_RowCount_BKP(SnowFlake_RowCount_Master.java:56)
at testcases.RAW_DATAMART_CURATED.SnowFlake_RowCount_Master.Testcase_RowCount_validation(SnowFlake_RowCount_Master.java:25)
at jdk.internal.reflect.GeneratedMethodAccessor13.invoke(Unknown Source)
at java.base/jdk.internal.reflect.DelegatingMethodAccessorImpl.invoke(DelegatingMethodAccessorImpl.java:43)
at java.base/java.lang.reflect.Method.invoke(Method.java:568)
at org.testng.internal.MethodInvocationHelper.invokeMethod(MethodInvocationHelper.java:133)
at org.testng.internal.TestInvoker.invokeMethod(TestInvoker.java:598)
at org.testng.internal.TestInvoker.invokeTestMethod(TestInvoker.java:173)
at org.testng.internal.MethodRunner.runInSequence(MethodRunner.java:46)
at org.testng.internal.TestInvoker$MethodInvocationAgent.invoke(TestInvoker.java:824)
at org.testng.internal.TestInvoker.invokeTestMethods(TestInvoker.java:146)
at org.testng.internal.TestMethodWorker.invokeTestMethods(TestMethodWorker.java:146)
at org.testng.internal.TestMethodWorker.run(TestMethodWorker.java:128)
at java.base/java.util.ArrayList.forEach(ArrayList.java:1511)
at org.testng.TestRunner.privateRun(TestRunner.java:794)
at org.testng.TestRunner.run(TestRunner.java:596)
at org.testng.SuiteRunner.runTest(SuiteRunner.java:377)
at org.testng.SuiteRunner.runSequentially(SuiteRunner.java:371)
at org.testng.SuiteRunner.privateRun(SuiteRunner.java:332)
at org.testng.SuiteRunner.run(SuiteRunner.java:276)
at org.testng.SuiteRunnerWorker.runSuite(SuiteRunnerWorker.java:53)
at org.testng.SuiteRunnerWorker.run(SuiteRunnerWorker.java:96)
at org.testng.TestNG.runSuitesSequentially(TestNG.java:1212)
at org.testng.TestNG.runSuitesLocally(TestNG.java:1134)
at org.testng.TestNG.runSuites(TestNG.java:1063)
at org.testng.TestNG.run(TestNG.java:1031)
at org.testng.remote.AbstractRemoteTestNG.run(AbstractRemoteTestNG.java:115)
at org.testng.remote.RemoteTestNG.initAndRun(RemoteTestNG.java:251)
at org.testng.remote.RemoteTestNG.main(RemoteTestNG.java:77)
]]>
    </failure>
  </testcase> <!-- Testcase_RowCount_validation -->
  <system-out>
    <![CDATA[Executing Snowflake query :: SELECT count(*) as TOTAL FROM DEV_ENT_RAW.ST_CASTEEL_MATILLION.HOLDJOBREASON
Table Count in Snowflake:: 6
Executing Snowflake query :: select count(*) as TOTAL from CURATED_DATAMART.ST_BKP_CASTEEL.STR_HOLDJOBREASON Where ACTIVE_FLAG='Y'
Table Count in Snowflake:: 6
Executing Snowflake query :: select count(*) as TOTAL from DEV_ENT_CURATED.MASTER_DIMENSIONS.DIM_HOLDJOBREASON where tenant_type='CASTEEL' and RECORD_UPDATED_BY='Backup Table'
Table Count in Snowflake:: 0
Row Count of Table HOLDJOBREASON is not matched for RAW :: 6 DataMart :: 6 CURATED :: 0]]>
  </system-out>
  <testcase classname="testcases.RAW_DATAMART_CURATED.SnowFlake_RowCount_Master" name="Testcase_RowCount_validation" time="2.088">
    <failure message="The following asserts failed:
	null" type="java.lang.AssertionError">
      <![CDATA[java.lang.AssertionError: The following asserts failed:
null
at org.testng.asserts.SoftAssert.assertAll(SoftAssert.java:47)
at org.testng.asserts.SoftAssert.assertAll(SoftAssert.java:31)
at testcases.RAW_DATAMART_CURATED.SnowFlake_RowCount_Master.validate_RowCount_BKP(SnowFlake_RowCount_Master.java:56)
at testcases.RAW_DATAMART_CURATED.SnowFlake_RowCount_Master.Testcase_RowCount_validation(SnowFlake_RowCount_Master.java:25)
at java.base/jdk.internal.reflect.NativeMethodAccessorImpl.invoke0(Native Method)
at java.base/jdk.internal.reflect.NativeMethodAccessorImpl.invoke(NativeMethodAccessorImpl.java:77)
at java.base/jdk.internal.reflect.DelegatingMethodAccessorImpl.invoke(DelegatingMethodAccessorImpl.java:43)
at java.base/java.lang.reflect.Method.invoke(Method.java:568)
at org.testng.internal.MethodInvocationHelper.invokeMethod(MethodInvocationHelper.java:133)
at org.testng.internal.TestInvoker.invokeMethod(TestInvoker.java:598)
at org.testng.internal.TestInvoker.invokeTestMethod(TestInvoker.java:173)
at org.testng.internal.MethodRunner.runInSequence(MethodRunner.java:46)
at org.testng.internal.TestInvoker$MethodInvocationAgent.invoke(TestInvoker.java:824)
at org.testng.internal.TestInvoker.invokeTestMethods(TestInvoker.java:146)
at org.testng.internal.TestMethodWorker.invokeTestMethods(TestMethodWorker.java:146)
at org.testng.internal.TestMethodWorker.run(TestMethodWorker.java:128)
at java.base/java.util.ArrayList.forEach(ArrayList.java:1511)
at org.testng.TestRunner.privateRun(TestRunner.java:794)
at org.testng.TestRunner.run(TestRunner.java:596)
at org.testng.SuiteRunner.runTest(SuiteRunner.java:377)
at org.testng.SuiteRunner.runSequentially(SuiteRunner.java:371)
at org.testng.SuiteRunner.privateRun(SuiteRunner.java:332)
at org.testng.SuiteRunner.run(SuiteRunner.java:276)
at org.testng.SuiteRunnerWorker.runSuite(SuiteRunnerWorker.java:53)
at org.testng.SuiteRunnerWorker.run(SuiteRunnerWorker.java:96)
at org.testng.TestNG.runSuitesSequentially(TestNG.java:1212)
at org.testng.TestNG.runSuitesLocally(TestNG.java:1134)
at org.testng.TestNG.runSuites(TestNG.java:1063)
at org.testng.TestNG.run(TestNG.java:1031)
at org.testng.remote.AbstractRemoteTestNG.run(AbstractRemoteTestNG.java:115)
at org.testng.remote.RemoteTestNG.initAndRun(RemoteTestNG.java:251)
at org.testng.remote.RemoteTestNG.main(RemoteTestNG.java:77)
]]>
    </failure>
  </testcase> <!-- Testcase_RowCount_validation -->
  <system-out>
    <![CDATA[Executing Snowflake query :: SELECT count(*) as TOTAL FROM DEV_ENT_RAW.ST_EANESHEATING_MATILLION.DIVISION
Snowflake - SQLException at readDB() method :: SQL compilation error:
Object 'DEV_ENT_RAW.ST_EANESHEATING_MATILLION.DIVISION' does not exist or not authorized.
Executing Snowflake query :: select count(*) as TOTAL from CURATED_DATAMART.ST_BKP_EANESHEATING.STR_DIVISION Where ACTIVE_FLAG='Y'
Table Count in Snowflake:: 4
Executing Snowflake query :: select count(*) as TOTAL from DEV_ENT_CURATED.MASTER_DIMENSIONS.DIM_DIVISION where tenant_type='EANESHEATING' and RECORD_UPDATED_BY='Backup Table'
Table Count in Snowflake:: 4
Row Count of Table DIVISION is matched for RAW :: 0 DataMart :: 4 CURATED :: 4]]>
  </system-out>
  <testcase classname="testcases.RAW_DATAMART_CURATED.SnowFlake_RowCount_Master" name="Testcase_RowCount_validation" time="1.949">
    <failure message="The following asserts failed:
	null" type="java.lang.AssertionError">
      <![CDATA[java.lang.AssertionError: The following asserts failed:
null
at org.testng.asserts.SoftAssert.assertAll(SoftAssert.java:47)
at org.testng.asserts.SoftAssert.assertAll(SoftAssert.java:31)
at testcases.RAW_DATAMART_CURATED.SnowFlake_RowCount_Master.validate_RowCount_BKP(SnowFlake_RowCount_Master.java:56)
at testcases.RAW_DATAMART_CURATED.SnowFlake_RowCount_Master.Testcase_RowCount_validation(SnowFlake_RowCount_Master.java:25)
at jdk.internal.reflect.GeneratedMethodAccessor13.invoke(Unknown Source)
at java.base/jdk.internal.reflect.DelegatingMethodAccessorImpl.invoke(DelegatingMethodAccessorImpl.java:43)
at java.base/java.lang.reflect.Method.invoke(Method.java:568)
at org.testng.internal.MethodInvocationHelper.invokeMethod(MethodInvocationHelper.java:133)
at org.testng.internal.TestInvoker.invokeMethod(TestInvoker.java:598)
at org.testng.internal.TestInvoker.invokeTestMethod(TestInvoker.java:173)
at org.testng.internal.MethodRunner.runInSequence(MethodRunner.java:46)
at org.testng.internal.TestInvoker$MethodInvocationAgent.invoke(TestInvoker.java:824)
at org.testng.internal.TestInvoker.invokeTestMethods(TestInvoker.java:146)
at org.testng.internal.TestMethodWorker.invokeTestMethods(TestMethodWorker.java:146)
at org.testng.internal.TestMethodWorker.run(TestMethodWorker.java:128)
at java.base/java.util.ArrayList.forEach(ArrayList.java:1511)
at org.testng.TestRunner.privateRun(TestRunner.java:794)
at org.testng.TestRunner.run(TestRunner.java:596)
at org.testng.SuiteRunner.runTest(SuiteRunner.java:377)
at org.testng.SuiteRunner.runSequentially(SuiteRunner.java:371)
at org.testng.SuiteRunner.privateRun(SuiteRunner.java:332)
at org.testng.SuiteRunner.run(SuiteRunner.java:276)
at org.testng.SuiteRunnerWorker.runSuite(SuiteRunnerWorker.java:53)
at org.testng.SuiteRunnerWorker.run(SuiteRunnerWorker.java:96)
at org.testng.TestNG.runSuitesSequentially(TestNG.java:1212)
at org.testng.TestNG.runSuitesLocally(TestNG.java:1134)
at org.testng.TestNG.runSuites(TestNG.java:1063)
at org.testng.TestNG.run(TestNG.java:1031)
at org.testng.remote.AbstractRemoteTestNG.run(AbstractRemoteTestNG.java:115)
at org.testng.remote.RemoteTestNG.initAndRun(RemoteTestNG.java:251)
at org.testng.remote.RemoteTestNG.main(RemoteTestNG.java:77)
]]>
    </failure>
  </testcase> <!-- Testcase_RowCount_validation -->
  <system-out>
    <![CDATA[Executing Snowflake query :: SELECT count(*) as TOTAL FROM DEV_ENT_RAW.ST_HARP_MATILLION.CALL
Table Count in Snowflake:: 292023
Executing Snowflake query :: select count(*) as TOTAL from CURATED_DATAMART.ST_BKP_HARP.STR_CALL Where ACTIVE_FLAG='Y'
Table Count in Snowflake:: 291100
Executing Snowflake query :: select count(*) as TOTAL from DEV_ENT_CURATED.MASTER_DIMENSIONS.DIM_CALL where tenant_type='HARP' and RECORD_UPDATED_BY='Backup Table'
Table Count in Snowflake:: 277398
Row Count of Table CALL is not matched for RAW :: 292023 DataMart :: 291100 CURATED :: 277398]]>
  </system-out>
  <testcase classname="testcases.RAW_DATAMART_CURATED.SnowFlake_RowCount_Master" name="Testcase_RowCount_validation" time="1.852">
    <failure message="The following asserts failed:
	null,
	null" type="java.lang.AssertionError">
      <![CDATA[java.lang.AssertionError: The following asserts failed:
null,
null
at org.testng.asserts.SoftAssert.assertAll(SoftAssert.java:47)
at org.testng.asserts.SoftAssert.assertAll(SoftAssert.java:31)
at testcases.RAW_DATAMART_CURATED.SnowFlake_RowCount_Master.validate_RowCount_BKP(SnowFlake_RowCount_Master.java:56)
at testcases.RAW_DATAMART_CURATED.SnowFlake_RowCount_Master.Testcase_RowCount_validation(SnowFlake_RowCount_Master.java:25)
at java.base/jdk.internal.reflect.NativeMethodAccessorImpl.invoke0(Native Method)
at java.base/jdk.internal.reflect.NativeMethodAccessorImpl.invoke(NativeMethodAccessorImpl.java:77)
at java.base/jdk.internal.reflect.DelegatingMethodAccessorImpl.invoke(DelegatingMethodAccessorImpl.java:43)
at java.base/java.lang.reflect.Method.invoke(Method.java:568)
at org.testng.internal.MethodInvocationHelper.invokeMethod(MethodInvocationHelper.java:133)
at org.testng.internal.TestInvoker.invokeMethod(TestInvoker.java:598)
at org.testng.internal.TestInvoker.invokeTestMethod(TestInvoker.java:173)
at org.testng.internal.MethodRunner.runInSequence(MethodRunner.java:46)
at org.testng.internal.TestInvoker$MethodInvocationAgent.invoke(TestInvoker.java:824)
at org.testng.internal.TestInvoker.invokeTestMethods(TestInvoker.java:146)
at org.testng.internal.TestMethodWorker.invokeTestMethods(TestMethodWorker.java:146)
at org.testng.internal.TestMethodWorker.run(TestMethodWorker.java:128)
at java.base/java.util.ArrayList.forEach(ArrayList.java:1511)
at org.testng.TestRunner.privateRun(TestRunner.java:794)
at org.testng.TestRunner.run(TestRunner.java:596)
at org.testng.SuiteRunner.runTest(SuiteRunner.java:377)
at org.testng.SuiteRunner.runSequentially(SuiteRunner.java:371)
at org.testng.SuiteRunner.privateRun(SuiteRunner.java:332)
at org.testng.SuiteRunner.run(SuiteRunner.java:276)
at org.testng.SuiteRunnerWorker.runSuite(SuiteRunnerWorker.java:53)
at org.testng.SuiteRunnerWorker.run(SuiteRunnerWorker.java:96)
at org.testng.TestNG.runSuitesSequentially(TestNG.java:1212)
at org.testng.TestNG.runSuitesLocally(TestNG.java:1134)
at org.testng.TestNG.runSuites(TestNG.java:1063)
at org.testng.TestNG.run(TestNG.java:1031)
at org.testng.remote.AbstractRemoteTestNG.run(AbstractRemoteTestNG.java:115)
at org.testng.remote.RemoteTestNG.initAndRun(RemoteTestNG.java:251)
at org.testng.remote.RemoteTestNG.main(RemoteTestNG.java:77)
]]>
    </failure>
  </testcase> <!-- Testcase_RowCount_validation -->
  <system-out>
    <![CDATA[Executing Snowflake query :: SELECT count(*) as TOTAL FROM DEV_ENT_RAW.ST_BILLFENWICK_MATILLION.TECHNICIANATTACHEDPROPERTY
Table Count in Snowflake:: 975
Executing Snowflake query :: select count(*) as TOTAL from CURATED_DATAMART.ST_BKP_BILLFENWICK.STR_TECHNICIANATTACHEDPROPERTY Where ACTIVE_FLAG='Y'
Table Count in Snowflake:: 975
Executing Snowflake query :: select count(*) as TOTAL from DEV_ENT_CURATED.MASTER_DIMENSIONS.DIM_TECHNICIANATTACHEDPROPERTY where tenant_type='BILLFENWICK' and RECORD_UPDATED_BY='Backup Table'
Snowflake - SQLException at readDB() method :: SQL compilation error: error line 1 at position 131
invalid identifier 'RECORD_UPDATED_BY'
Row Count of Table TECHNICIANATTACHEDPROPERTY is not matched for RAW :: 975 DataMart :: 975 CURATED :: 0]]>
  </system-out>
  <testcase classname="testcases.RAW_DATAMART_CURATED.SnowFlake_RowCount_Master" name="Testcase_RowCount_validation" time="1.414">
    <failure message="The following asserts failed:
	null" type="java.lang.AssertionError">
      <![CDATA[java.lang.AssertionError: The following asserts failed:
null
at org.testng.asserts.SoftAssert.assertAll(SoftAssert.java:47)
at org.testng.asserts.SoftAssert.assertAll(SoftAssert.java:31)
at testcases.RAW_DATAMART_CURATED.SnowFlake_RowCount_Master.validate_RowCount_BKP(SnowFlake_RowCount_Master.java:56)
at testcases.RAW_DATAMART_CURATED.SnowFlake_RowCount_Master.Testcase_RowCount_validation(SnowFlake_RowCount_Master.java:25)
at java.base/jdk.internal.reflect.NativeMethodAccessorImpl.invoke0(Native Method)
at java.base/jdk.internal.reflect.NativeMethodAccessorImpl.invoke(NativeMethodAccessorImpl.java:77)
at java.base/jdk.internal.reflect.DelegatingMethodAccessorImpl.invoke(DelegatingMethodAccessorImpl.java:43)
at java.base/java.lang.reflect.Method.invoke(Method.java:568)
at org.testng.internal.MethodInvocationHelper.invokeMethod(MethodInvocationHelper.java:133)
at org.testng.internal.TestInvoker.invokeMethod(TestInvoker.java:598)
at org.testng.internal.TestInvoker.invokeTestMethod(TestInvoker.java:173)
at org.testng.internal.MethodRunner.runInSequence(MethodRunner.java:46)
at org.testng.internal.TestInvoker$MethodInvocationAgent.invoke(TestInvoker.java:824)
at org.testng.internal.TestInvoker.invokeTestMethods(TestInvoker.java:146)
at org.testng.internal.TestMethodWorker.invokeTestMethods(TestMethodWorker.java:146)
at org.testng.internal.TestMethodWorker.run(TestMethodWorker.java:128)
at java.base/java.util.ArrayList.forEach(ArrayList.java:1511)
at org.testng.TestRunner.privateRun(TestRunner.java:794)
at org.testng.TestRunner.run(TestRunner.java:596)
at org.testng.SuiteRunner.runTest(SuiteRunner.java:377)
at org.testng.SuiteRunner.runSequentially(SuiteRunner.java:371)
at org.testng.SuiteRunner.privateRun(SuiteRunner.java:332)
at org.testng.SuiteRunner.run(SuiteRunner.java:276)
at org.testng.SuiteRunnerWorker.runSuite(SuiteRunnerWorker.java:53)
at org.testng.SuiteRunnerWorker.run(SuiteRunnerWorker.java:96)
at org.testng.TestNG.runSuitesSequentially(TestNG.java:1212)
at org.testng.TestNG.runSuitesLocally(TestNG.java:1134)
at org.testng.TestNG.runSuites(TestNG.java:1063)
at org.testng.TestNG.run(TestNG.java:1031)
at org.testng.remote.AbstractRemoteTestNG.run(AbstractRemoteTestNG.java:115)
at org.testng.remote.RemoteTestNG.initAndRun(RemoteTestNG.java:251)
at org.testng.remote.RemoteTestNG.main(RemoteTestNG.java:77)
]]>
    </failure>
  </testcase> <!-- Testcase_RowCount_validation -->
  <system-out>
    <![CDATA[Executing Snowflake query :: SELECT count(*) as TOTAL FROM DEV_ENT_RAW.ST_BILLFENWICK_MATILLION.TECHNICIANPAYROLLADJUSTMENT
Table Count in Snowflake:: 0
Executing Snowflake query :: select count(*) as TOTAL from CURATED_DATAMART.ST_BKP_BILLFENWICK.STR_TECHNICIANPAYROLLADJUSTMENT Where ACTIVE_FLAG='Y'
Table Count in Snowflake:: 0
Executing Snowflake query :: select count(*) as TOTAL from DEV_ENT_CURATED.MASTER_DIMENSIONS.DIM_TECHNICIANPAYROLLADJUSTMENT where tenant_type='BILLFENWICK' and RECORD_UPDATED_BY='Backup Table'
Snowflake - SQLException at readDB() method :: SQL compilation error: error line 1 at position 132
invalid identifier 'RECORD_UPDATED_BY'
Row Count of Table TECHNICIANPAYROLLADJUSTMENT is matched for RAW :: 0 DataMart :: 0 CURATED :: 0]]>
  </system-out>
  <testcase classname="testcases.RAW_DATAMART_CURATED.SnowFlake_RowCount_Master" name="Testcase_RowCount_validation" time="1.434">
    <failure message="The following asserts failed:
	null" type="java.lang.AssertionError">
      <![CDATA[java.lang.AssertionError: The following asserts failed:
null
at org.testng.asserts.SoftAssert.assertAll(SoftAssert.java:47)
at org.testng.asserts.SoftAssert.assertAll(SoftAssert.java:31)
at testcases.RAW_DATAMART_CURATED.SnowFlake_RowCount_Master.validate_RowCount_API(SnowFlake_RowCount_Master.java:115)
at testcases.RAW_DATAMART_CURATED.SnowFlake_RowCount_Master.Testcase_RowCount_validation(SnowFlake_RowCount_Master.java:28)
at jdk.internal.reflect.GeneratedMethodAccessor13.invoke(Unknown Source)
at java.base/jdk.internal.reflect.DelegatingMethodAccessorImpl.invoke(DelegatingMethodAccessorImpl.java:43)
at java.base/java.lang.reflect.Method.invoke(Method.java:568)
at org.testng.internal.MethodInvocationHelper.invokeMethod(MethodInvocationHelper.java:133)
at org.testng.internal.TestInvoker.invokeMethod(TestInvoker.java:598)
at org.testng.internal.TestInvoker.invokeTestMethod(TestInvoker.java:173)
at org.testng.internal.MethodRunner.runInSequence(MethodRunner.java:46)
at org.testng.internal.TestInvoker$MethodInvocationAgent.invoke(TestInvoker.java:824)
at org.testng.internal.TestInvoker.invokeTestMethods(TestInvoker.java:146)
at org.testng.internal.TestMethodWorker.invokeTestMethods(TestMethodWorker.java:146)
at org.testng.internal.TestMethodWorker.run(TestMethodWorker.java:128)
at java.base/java.util.ArrayList.forEach(ArrayList.java:1511)
at org.testng.TestRunner.privateRun(TestRunner.java:794)
at org.testng.TestRunner.run(TestRunner.java:596)
at org.testng.SuiteRunner.runTest(SuiteRunner.java:377)
at org.testng.SuiteRunner.runSequentially(SuiteRunner.java:371)
at org.testng.SuiteRunner.privateRun(SuiteRunner.java:332)
at org.testng.SuiteRunner.run(SuiteRunner.java:276)
at org.testng.SuiteRunnerWorker.runSuite(SuiteRunnerWorker.java:53)
at org.testng.SuiteRunnerWorker.run(SuiteRunnerWorker.java:96)
at org.testng.TestNG.runSuitesSequentially(TestNG.java:1212)
at org.testng.TestNG.runSuitesLocally(TestNG.java:1134)
at org.testng.TestNG.runSuites(TestNG.java:1063)
at org.testng.TestNG.run(TestNG.java:1031)
at org.testng.remote.AbstractRemoteTestNG.run(AbstractRemoteTestNG.java:115)
at org.testng.remote.RemoteTestNG.initAndRun(RemoteTestNG.java:251)
at org.testng.remote.RemoteTestNG.main(RemoteTestNG.java:77)
]]>
    </failure>
  </testcase> <!-- Testcase_RowCount_validation -->
  <system-out>
    <![CDATA[Executing Snowflake query :: SELECT count(*) as TOTAL FROM DEV_ENT_RAW.API_MAT.ST_API_PURCHASEORDERITEM WHERE TENANT_NAME='HENDERSON'
Table Count in Snowflake:: 304
Executing Snowflake query :: select count(*) as TOTAL from CURATED_DATAMART.ST_API_HENDERSON.STR_API_PURCHASEORDERITEM WHERE ACTIVE_FLAG='Y'
Table Count in Snowflake:: 254
Executing Snowflake query :: select count(*) as TOTAL from DEV_ENT_CURATED.MASTER_DIMENSIONS.DIM_PURCHASEORDERITEM WHERE TENANT_TYPE='HENDERSON' and RECORD_UPDATED_BY='API ETL'
Table Count in Snowflake:: 254
Row Count of Table PURCHASEORDERITEM is not matched for APIMAT :: 304 DataMart :: 254
Row Count of Table PURCHASEORDERITEM is matched for DataMart :: 254 CURATED :: 254]]>
  </system-out>
  <testcase classname="testcases.RAW_DATAMART_CURATED.SnowFlake_RowCount_Master" name="Testcase_RowCount_validation" time="2.549">
    <failure message="The following asserts failed:
	null" type="java.lang.AssertionError">
      <![CDATA[java.lang.AssertionError: The following asserts failed:
null
at org.testng.asserts.SoftAssert.assertAll(SoftAssert.java:47)
at org.testng.asserts.SoftAssert.assertAll(SoftAssert.java:31)
at testcases.RAW_DATAMART_CURATED.SnowFlake_RowCount_Master.validate_RowCount_BKP(SnowFlake_RowCount_Master.java:56)
at testcases.RAW_DATAMART_CURATED.SnowFlake_RowCount_Master.Testcase_RowCount_validation(SnowFlake_RowCount_Master.java:25)
at jdk.internal.reflect.GeneratedMethodAccessor13.invoke(Unknown Source)
at java.base/jdk.internal.reflect.DelegatingMethodAccessorImpl.invoke(DelegatingMethodAccessorImpl.java:43)
at java.base/java.lang.reflect.Method.invoke(Method.java:568)
at org.testng.internal.MethodInvocationHelper.invokeMethod(MethodInvocationHelper.java:133)
at org.testng.internal.TestInvoker.invokeMethod(TestInvoker.java:598)
at org.testng.internal.TestInvoker.invokeTestMethod(TestInvoker.java:173)
at org.testng.internal.MethodRunner.runInSequence(MethodRunner.java:46)
at org.testng.internal.TestInvoker$MethodInvocationAgent.invoke(TestInvoker.java:824)
at org.testng.internal.TestInvoker.invokeTestMethods(TestInvoker.java:146)
at org.testng.internal.TestMethodWorker.invokeTestMethods(TestMethodWorker.java:146)
at org.testng.internal.TestMethodWorker.run(TestMethodWorker.java:128)
at java.base/java.util.ArrayList.forEach(ArrayList.java:1511)
at org.testng.TestRunner.privateRun(TestRunner.java:794)
at org.testng.TestRunner.run(TestRunner.java:596)
at org.testng.SuiteRunner.runTest(SuiteRunner.java:377)
at org.testng.SuiteRunner.runSequentially(SuiteRunner.java:371)
at org.testng.SuiteRunner.privateRun(SuiteRunner.java:332)
at org.testng.SuiteRunner.run(SuiteRunner.java:276)
at org.testng.SuiteRunnerWorker.runSuite(SuiteRunnerWorker.java:53)
at org.testng.SuiteRunnerWorker.run(SuiteRunnerWorker.java:96)
at org.testng.TestNG.runSuitesSequentially(TestNG.java:1212)
at org.testng.TestNG.runSuitesLocally(TestNG.java:1134)
at org.testng.TestNG.runSuites(TestNG.java:1063)
at org.testng.TestNG.run(TestNG.java:1031)
at org.testng.remote.AbstractRemoteTestNG.run(AbstractRemoteTestNG.java:115)
at org.testng.remote.RemoteTestNG.initAndRun(RemoteTestNG.java:251)
at org.testng.remote.RemoteTestNG.main(RemoteTestNG.java:77)
]]>
    </failure>
  </testcase> <!-- Testcase_RowCount_validation -->
  <system-out>
    <![CDATA[Executing Snowflake query :: SELECT count(*) as TOTAL FROM DEV_ENT_RAW.ST_CASTEEL_MATILLION.EQUIPMENT
Table Count in Snowflake:: 2304
Executing Snowflake query :: select count(*) as TOTAL from CURATED_DATAMART.ST_BKP_CASTEEL.STR_EQUIPMENT Where ACTIVE_FLAG='Y'
Table Count in Snowflake:: 2304
Executing Snowflake query :: select count(*) as TOTAL from DEV_ENT_CURATED.MASTER_DIMENSIONS.DIM_EQUIPMENT where tenant_type='CASTEEL' and RECORD_UPDATED_BY='Backup Table'
Table Count in Snowflake:: 1672
Row Count of Table EQUIPMENT is not matched for RAW :: 2304 DataMart :: 2304 CURATED :: 1672]]>
  </system-out>
  <testcase classname="testcases.RAW_DATAMART_CURATED.SnowFlake_RowCount_Master" name="Testcase_RowCount_validation" time="1.835">
    <failure message="The following asserts failed:
	null" type="java.lang.AssertionError">
      <![CDATA[java.lang.AssertionError: The following asserts failed:
null
at org.testng.asserts.SoftAssert.assertAll(SoftAssert.java:47)
at org.testng.asserts.SoftAssert.assertAll(SoftAssert.java:31)
at testcases.RAW_DATAMART_CURATED.SnowFlake_RowCount_Master.validate_RowCount_BKP(SnowFlake_RowCount_Master.java:56)
at testcases.RAW_DATAMART_CURATED.SnowFlake_RowCount_Master.Testcase_RowCount_validation(SnowFlake_RowCount_Master.java:25)
at jdk.internal.reflect.GeneratedMethodAccessor13.invoke(Unknown Source)
at java.base/jdk.internal.reflect.DelegatingMethodAccessorImpl.invoke(DelegatingMethodAccessorImpl.java:43)
at java.base/java.lang.reflect.Method.invoke(Method.java:568)
at org.testng.internal.MethodInvocationHelper.invokeMethod(MethodInvocationHelper.java:133)
at org.testng.internal.TestInvoker.invokeMethod(TestInvoker.java:598)
at org.testng.internal.TestInvoker.invokeTestMethod(TestInvoker.java:173)
at org.testng.internal.MethodRunner.runInSequence(MethodRunner.java:46)
at org.testng.internal.TestInvoker$MethodInvocationAgent.invoke(TestInvoker.java:824)
at org.testng.internal.TestInvoker.invokeTestMethods(TestInvoker.java:146)
at org.testng.internal.TestMethodWorker.invokeTestMethods(TestMethodWorker.java:146)
at org.testng.internal.TestMethodWorker.run(TestMethodWorker.java:128)
at java.base/java.util.ArrayList.forEach(ArrayList.java:1511)
at org.testng.TestRunner.privateRun(TestRunner.java:794)
at org.testng.TestRunner.run(TestRunner.java:596)
at org.testng.SuiteRunner.runTest(SuiteRunner.java:377)
at org.testng.SuiteRunner.runSequentially(SuiteRunner.java:371)
at org.testng.SuiteRunner.privateRun(SuiteRunner.java:332)
at org.testng.SuiteRunner.run(SuiteRunner.java:276)
at org.testng.SuiteRunnerWorker.runSuite(SuiteRunnerWorker.java:53)
at org.testng.SuiteRunnerWorker.run(SuiteRunnerWorker.java:96)
at org.testng.TestNG.runSuitesSequentially(TestNG.java:1212)
at org.testng.TestNG.runSuitesLocally(TestNG.java:1134)
at org.testng.TestNG.runSuites(TestNG.java:1063)
at org.testng.TestNG.run(TestNG.java:1031)
at org.testng.remote.AbstractRemoteTestNG.run(AbstractRemoteTestNG.java:115)
at org.testng.remote.RemoteTestNG.initAndRun(RemoteTestNG.java:251)
at org.testng.remote.RemoteTestNG.main(RemoteTestNG.java:77)
]]>
    </failure>
  </testcase> <!-- Testcase_RowCount_validation -->
  <system-out>
    <![CDATA[Executing Snowflake query :: SELECT count(*) as TOTAL FROM DEV_ENT_RAW.ST_EANESHEATING_MATILLION.TRUCK
Snowflake - SQLException at readDB() method :: SQL compilation error:
Object 'DEV_ENT_RAW.ST_EANESHEATING_MATILLION.TRUCK' does not exist or not authorized.
Executing Snowflake query :: select count(*) as TOTAL from CURATED_DATAMART.ST_BKP_EANESHEATING.STR_TRUCK Where ACTIVE_FLAG='Y'
Table Count in Snowflake:: 81
Executing Snowflake query :: select count(*) as TOTAL from DEV_ENT_CURATED.MASTER_DIMENSIONS.DIM_TRUCK where tenant_type='EANESHEATING' and RECORD_UPDATED_BY='Backup Table'
Table Count in Snowflake:: 311
Row Count of Table TRUCK is matched for RAW :: 0 DataMart :: 81 CURATED :: 311]]>
  </system-out>
  <testcase classname="testcases.RAW_DATAMART_CURATED.SnowFlake_RowCount_Master" name="Testcase_RowCount_validation" time="1.854">
    <failure message="The following asserts failed:
	null" type="java.lang.AssertionError">
      <![CDATA[java.lang.AssertionError: The following asserts failed:
null
at org.testng.asserts.SoftAssert.assertAll(SoftAssert.java:47)
at org.testng.asserts.SoftAssert.assertAll(SoftAssert.java:31)
at testcases.RAW_DATAMART_CURATED.SnowFlake_RowCount_Master.validate_RowCount_BKP(SnowFlake_RowCount_Master.java:56)
at testcases.RAW_DATAMART_CURATED.SnowFlake_RowCount_Master.Testcase_RowCount_validation(SnowFlake_RowCount_Master.java:25)
at jdk.internal.reflect.GeneratedMethodAccessor13.invoke(Unknown Source)
at java.base/jdk.internal.reflect.DelegatingMethodAccessorImpl.invoke(DelegatingMethodAccessorImpl.java:43)
at java.base/java.lang.reflect.Method.invoke(Method.java:568)
at org.testng.internal.MethodInvocationHelper.invokeMethod(MethodInvocationHelper.java:133)
at org.testng.internal.TestInvoker.invokeMethod(TestInvoker.java:598)
at org.testng.internal.TestInvoker.invokeTestMethod(TestInvoker.java:173)
at org.testng.internal.MethodRunner.runInSequence(MethodRunner.java:46)
at org.testng.internal.TestInvoker$MethodInvocationAgent.invoke(TestInvoker.java:824)
at org.testng.internal.TestInvoker.invokeTestMethods(TestInvoker.java:146)
at org.testng.internal.TestMethodWorker.invokeTestMethods(TestMethodWorker.java:146)
at org.testng.internal.TestMethodWorker.run(TestMethodWorker.java:128)
at java.base/java.util.ArrayList.forEach(ArrayList.java:1511)
at org.testng.TestRunner.privateRun(TestRunner.java:794)
at org.testng.TestRunner.run(TestRunner.java:596)
at org.testng.SuiteRunner.runTest(SuiteRunner.java:377)
at org.testng.SuiteRunner.runSequentially(SuiteRunner.java:371)
at org.testng.SuiteRunner.privateRun(SuiteRunner.java:332)
at org.testng.SuiteRunner.run(SuiteRunner.java:276)
at org.testng.SuiteRunnerWorker.runSuite(SuiteRunnerWorker.java:53)
at org.testng.SuiteRunnerWorker.run(SuiteRunnerWorker.java:96)
at org.testng.TestNG.runSuitesSequentially(TestNG.java:1212)
at org.testng.TestNG.runSuitesLocally(TestNG.java:1134)
at org.testng.TestNG.runSuites(TestNG.java:1063)
at org.testng.TestNG.run(TestNG.java:1031)
at org.testng.remote.AbstractRemoteTestNG.run(AbstractRemoteTestNG.java:115)
at org.testng.remote.RemoteTestNG.initAndRun(RemoteTestNG.java:251)
at org.testng.remote.RemoteTestNG.main(RemoteTestNG.java:77)
]]>
    </failure>
  </testcase> <!-- Testcase_RowCount_validation -->
  <system-out>
    <![CDATA[Executing Snowflake query :: SELECT count(*) as TOTAL FROM DEV_ENT_RAW.ST_FOURPROS_MATILLION.ESTIMATE
Table Count in Snowflake:: 60327
Executing Snowflake query :: select count(*) as TOTAL from CURATED_DATAMART.ST_BKP_FOURPROS.STR_ESTIMATE Where ACTIVE_FLAG='Y'
Table Count in Snowflake:: 60203
Executing Snowflake query :: select count(*) as TOTAL from DEV_ENT_CURATED.MASTER_DIMENSIONS.DIM_ESTIMATE where tenant_type='FOURPROS' and RECORD_UPDATED_BY='Backup Table'
Table Count in Snowflake:: 5502
Row Count of Table ESTIMATE is not matched for RAW :: 60327 DataMart :: 60203 CURATED :: 5502]]>
  </system-out>
  <testcase classname="testcases.RAW_DATAMART_CURATED.SnowFlake_RowCount_Master" name="Testcase_RowCount_validation" time="1.936">
    <failure message="The following asserts failed:
	null" type="java.lang.AssertionError">
      <![CDATA[java.lang.AssertionError: The following asserts failed:
null
at org.testng.asserts.SoftAssert.assertAll(SoftAssert.java:47)
at org.testng.asserts.SoftAssert.assertAll(SoftAssert.java:31)
at testcases.RAW_DATAMART_CURATED.SnowFlake_RowCount_Master.validate_RowCount_BKP(SnowFlake_RowCount_Master.java:56)
at testcases.RAW_DATAMART_CURATED.SnowFlake_RowCount_Master.Testcase_RowCount_validation(SnowFlake_RowCount_Master.java:25)
at jdk.internal.reflect.GeneratedMethodAccessor13.invoke(Unknown Source)
at java.base/jdk.internal.reflect.DelegatingMethodAccessorImpl.invoke(DelegatingMethodAccessorImpl.java:43)
at java.base/java.lang.reflect.Method.invoke(Method.java:568)
at org.testng.internal.MethodInvocationHelper.invokeMethod(MethodInvocationHelper.java:133)
at org.testng.internal.TestInvoker.invokeMethod(TestInvoker.java:598)
at org.testng.internal.TestInvoker.invokeTestMethod(TestInvoker.java:173)
at org.testng.internal.MethodRunner.runInSequence(MethodRunner.java:46)
at org.testng.internal.TestInvoker$MethodInvocationAgent.invoke(TestInvoker.java:824)
at org.testng.internal.TestInvoker.invokeTestMethods(TestInvoker.java:146)
at org.testng.internal.TestMethodWorker.invokeTestMethods(TestMethodWorker.java:146)
at org.testng.internal.TestMethodWorker.run(TestMethodWorker.java:128)
at java.base/java.util.ArrayList.forEach(ArrayList.java:1511)
at org.testng.TestRunner.privateRun(TestRunner.java:794)
at org.testng.TestRunner.run(TestRunner.java:596)
at org.testng.SuiteRunner.runTest(SuiteRunner.java:377)
at org.testng.SuiteRunner.runSequentially(SuiteRunner.java:371)
at org.testng.SuiteRunner.privateRun(SuiteRunner.java:332)
at org.testng.SuiteRunner.run(SuiteRunner.java:276)
at org.testng.SuiteRunnerWorker.runSuite(SuiteRunnerWorker.java:53)
at org.testng.SuiteRunnerWorker.run(SuiteRunnerWorker.java:96)
at org.testng.TestNG.runSuitesSequentially(TestNG.java:1212)
at org.testng.TestNG.runSuitesLocally(TestNG.java:1134)
at org.testng.TestNG.runSuites(TestNG.java:1063)
at org.testng.TestNG.run(TestNG.java:1031)
at org.testng.remote.AbstractRemoteTestNG.run(AbstractRemoteTestNG.java:115)
at org.testng.remote.RemoteTestNG.initAndRun(RemoteTestNG.java:251)
at org.testng.remote.RemoteTestNG.main(RemoteTestNG.java:77)
]]>
    </failure>
  </testcase> <!-- Testcase_RowCount_validation -->
  <system-out>
    <![CDATA[Executing Snowflake query :: SELECT count(*) as TOTAL FROM DEV_ENT_RAW.ST_HUTCHINSON_MATILLION.TECHNICIAN
Table Count in Snowflake:: 998
Executing Snowflake query :: select count(*) as TOTAL from CURATED_DATAMART.ST_BKP_HUTCHINSON.STR_TECHNICIAN Where ACTIVE_FLAG='Y'
Table Count in Snowflake:: 291
Executing Snowflake query :: select count(*) as TOTAL from DEV_ENT_CURATED.MASTER_DIMENSIONS.DIM_TECHNICIAN where tenant_type='HUTCHINSON' and RECORD_UPDATED_BY='Backup Table'
Table Count in Snowflake:: 935
Row Count of Table TECHNICIAN is not matched for RAW :: 998 DataMart :: 291 CURATED :: 935]]>
  </system-out>
  <testcase classname="testcases.RAW_DATAMART_CURATED.SnowFlake_RowCount_Master" name="Testcase_RowCount_validation" time="2.783">
    <failure message="The following asserts failed:
	null" type="java.lang.AssertionError">
      <![CDATA[java.lang.AssertionError: The following asserts failed:
null
at org.testng.asserts.SoftAssert.assertAll(SoftAssert.java:47)
at org.testng.asserts.SoftAssert.assertAll(SoftAssert.java:31)
at testcases.RAW_DATAMART_CURATED.SnowFlake_RowCount_Master.validate_RowCount_BKP(SnowFlake_RowCount_Master.java:56)
at testcases.RAW_DATAMART_CURATED.SnowFlake_RowCount_Master.Testcase_RowCount_validation(SnowFlake_RowCount_Master.java:25)
at jdk.internal.reflect.GeneratedMethodAccessor13.invoke(Unknown Source)
at java.base/jdk.internal.reflect.DelegatingMethodAccessorImpl.invoke(DelegatingMethodAccessorImpl.java:43)
at java.base/java.lang.reflect.Method.invoke(Method.java:568)
at org.testng.internal.MethodInvocationHelper.invokeMethod(MethodInvocationHelper.java:133)
at org.testng.internal.TestInvoker.invokeMethod(TestInvoker.java:598)
at org.testng.internal.TestInvoker.invokeTestMethod(TestInvoker.java:173)
at org.testng.internal.MethodRunner.runInSequence(MethodRunner.java:46)
at org.testng.internal.TestInvoker$MethodInvocationAgent.invoke(TestInvoker.java:824)
at org.testng.internal.TestInvoker.invokeTestMethods(TestInvoker.java:146)
at org.testng.internal.TestMethodWorker.invokeTestMethods(TestMethodWorker.java:146)
at org.testng.internal.TestMethodWorker.run(TestMethodWorker.java:128)
at java.base/java.util.ArrayList.forEach(ArrayList.java:1511)
at org.testng.TestRunner.privateRun(TestRunner.java:794)
at org.testng.TestRunner.run(TestRunner.java:596)
at org.testng.SuiteRunner.runTest(SuiteRunner.java:377)
at org.testng.SuiteRunner.runSequentially(SuiteRunner.java:371)
at org.testng.SuiteRunner.privateRun(SuiteRunner.java:332)
at org.testng.SuiteRunner.run(SuiteRunner.java:276)
at org.testng.SuiteRunnerWorker.runSuite(SuiteRunnerWorker.java:53)
at org.testng.SuiteRunnerWorker.run(SuiteRunnerWorker.java:96)
at org.testng.TestNG.runSuitesSequentially(TestNG.java:1212)
at org.testng.TestNG.runSuitesLocally(TestNG.java:1134)
at org.testng.TestNG.runSuites(TestNG.java:1063)
at org.testng.TestNG.run(TestNG.java:1031)
at org.testng.remote.AbstractRemoteTestNG.run(AbstractRemoteTestNG.java:115)
at org.testng.remote.RemoteTestNG.initAndRun(RemoteTestNG.java:251)
at org.testng.remote.RemoteTestNG.main(RemoteTestNG.java:77)
]]>
    </failure>
  </testcase> <!-- Testcase_RowCount_validation -->
  <system-out>
    <![CDATA[Executing Snowflake query :: SELECT count(*) as TOTAL FROM DEV_ENT_RAW.ST_HARP_MATILLION.CONTACT
Table Count in Snowflake:: 199919
Executing Snowflake query :: select count(*) as TOTAL from CURATED_DATAMART.ST_BKP_HARP.STR_CONTACT Where ACTIVE_FLAG='Y'
Table Count in Snowflake:: 199697
Executing Snowflake query :: select count(*) as TOTAL from DEV_ENT_CURATED.MASTER_DIMENSIONS.DIM_CONTACT where tenant_type='HARP' and RECORD_UPDATED_BY='Backup Table'
Table Count in Snowflake:: 196846
Row Count of Table CONTACT is not matched for RAW :: 199919 DataMart :: 199697 CURATED :: 196846]]>
  </system-out>
  <testcase classname="testcases.RAW_DATAMART_CURATED.SnowFlake_RowCount_Master" name="Testcase_RowCount_validation" time="1.430">
    <failure message="The following asserts failed:
	null" type="java.lang.AssertionError">
      <![CDATA[java.lang.AssertionError: The following asserts failed:
null
at org.testng.asserts.SoftAssert.assertAll(SoftAssert.java:47)
at org.testng.asserts.SoftAssert.assertAll(SoftAssert.java:31)
at testcases.RAW_DATAMART_CURATED.SnowFlake_RowCount_Master.validate_RowCount_BKP(SnowFlake_RowCount_Master.java:56)
at testcases.RAW_DATAMART_CURATED.SnowFlake_RowCount_Master.Testcase_RowCount_validation(SnowFlake_RowCount_Master.java:25)
at jdk.internal.reflect.GeneratedMethodAccessor13.invoke(Unknown Source)
at java.base/jdk.internal.reflect.DelegatingMethodAccessorImpl.invoke(DelegatingMethodAccessorImpl.java:43)
at java.base/java.lang.reflect.Method.invoke(Method.java:568)
at org.testng.internal.MethodInvocationHelper.invokeMethod(MethodInvocationHelper.java:133)
at org.testng.internal.TestInvoker.invokeMethod(TestInvoker.java:598)
at org.testng.internal.TestInvoker.invokeTestMethod(TestInvoker.java:173)
at org.testng.internal.MethodRunner.runInSequence(MethodRunner.java:46)
at org.testng.internal.TestInvoker$MethodInvocationAgent.invoke(TestInvoker.java:824)
at org.testng.internal.TestInvoker.invokeTestMethods(TestInvoker.java:146)
at org.testng.internal.TestMethodWorker.invokeTestMethods(TestMethodWorker.java:146)
at org.testng.internal.TestMethodWorker.run(TestMethodWorker.java:128)
at java.base/java.util.ArrayList.forEach(ArrayList.java:1511)
at org.testng.TestRunner.privateRun(TestRunner.java:794)
at org.testng.TestRunner.run(TestRunner.java:596)
at org.testng.SuiteRunner.runTest(SuiteRunner.java:377)
at org.testng.SuiteRunner.runSequentially(SuiteRunner.java:371)
at org.testng.SuiteRunner.privateRun(SuiteRunner.java:332)
at org.testng.SuiteRunner.run(SuiteRunner.java:276)
at org.testng.SuiteRunnerWorker.runSuite(SuiteRunnerWorker.java:53)
at org.testng.SuiteRunnerWorker.run(SuiteRunnerWorker.java:96)
at org.testng.TestNG.runSuitesSequentially(TestNG.java:1212)
at org.testng.TestNG.runSuitesLocally(TestNG.java:1134)
at org.testng.TestNG.runSuites(TestNG.java:1063)
at org.testng.TestNG.run(TestNG.java:1031)
at org.testng.remote.AbstractRemoteTestNG.run(AbstractRemoteTestNG.java:115)
at org.testng.remote.RemoteTestNG.initAndRun(RemoteTestNG.java:251)
at org.testng.remote.RemoteTestNG.main(RemoteTestNG.java:77)
]]>
    </failure>
  </testcase> <!-- Testcase_RowCount_validation -->
  <system-out>
    <![CDATA[Executing Snowflake query :: SELECT count(*) as TOTAL FROM DEV_ENT_RAW.ST_MAITZ_MATILLION.EMPLOYEE
Table Count in Snowflake:: 66
Executing Snowflake query :: select count(*) as TOTAL from CURATED_DATAMART.ST_BKP_MAITZ.STR_EMPLOYEE Where ACTIVE_FLAG='Y'
Table Count in Snowflake:: 66
Executing Snowflake query :: select count(*) as TOTAL from DEV_ENT_CURATED.MASTER_DIMENSIONS.DIM_EMPLOYEE where tenant_type='MAITZ' and RECORD_UPDATED_BY='Backup Table'
Table Count in Snowflake:: 48
Row Count of Table EMPLOYEE is not matched for RAW :: 66 DataMart :: 66 CURATED :: 48]]>
  </system-out>
  <testcase classname="testcases.RAW_DATAMART_CURATED.SnowFlake_RowCount_Master" name="Testcase_RowCount_validation" time="1.944">
    <failure message="The following asserts failed:
	null" type="java.lang.AssertionError">
      <![CDATA[java.lang.AssertionError: The following asserts failed:
null
at org.testng.asserts.SoftAssert.assertAll(SoftAssert.java:47)
at org.testng.asserts.SoftAssert.assertAll(SoftAssert.java:31)
at testcases.RAW_DATAMART_CURATED.SnowFlake_RowCount_Master.validate_RowCount_BKP(SnowFlake_RowCount_Master.java:56)
at testcases.RAW_DATAMART_CURATED.SnowFlake_RowCount_Master.Testcase_RowCount_validation(SnowFlake_RowCount_Master.java:25)
at jdk.internal.reflect.GeneratedMethodAccessor13.invoke(Unknown Source)
at java.base/jdk.internal.reflect.DelegatingMethodAccessorImpl.invoke(DelegatingMethodAccessorImpl.java:43)
at java.base/java.lang.reflect.Method.invoke(Method.java:568)
at org.testng.internal.MethodInvocationHelper.invokeMethod(MethodInvocationHelper.java:133)
at org.testng.internal.TestInvoker.invokeMethod(TestInvoker.java:598)
at org.testng.internal.TestInvoker.invokeTestMethod(TestInvoker.java:173)
at org.testng.internal.MethodRunner.runInSequence(MethodRunner.java:46)
at org.testng.internal.TestInvoker$MethodInvocationAgent.invoke(TestInvoker.java:824)
at org.testng.internal.TestInvoker.invokeTestMethods(TestInvoker.java:146)
at org.testng.internal.TestMethodWorker.invokeTestMethods(TestMethodWorker.java:146)
at org.testng.internal.TestMethodWorker.run(TestMethodWorker.java:128)
at java.base/java.util.ArrayList.forEach(ArrayList.java:1511)
at org.testng.TestRunner.privateRun(TestRunner.java:794)
at org.testng.TestRunner.run(TestRunner.java:596)
at org.testng.SuiteRunner.runTest(SuiteRunner.java:377)
at org.testng.SuiteRunner.runSequentially(SuiteRunner.java:371)
at org.testng.SuiteRunner.privateRun(SuiteRunner.java:332)
at org.testng.SuiteRunner.run(SuiteRunner.java:276)
at org.testng.SuiteRunnerWorker.runSuite(SuiteRunnerWorker.java:53)
at org.testng.SuiteRunnerWorker.run(SuiteRunnerWorker.java:96)
at org.testng.TestNG.runSuitesSequentially(TestNG.java:1212)
at org.testng.TestNG.runSuitesLocally(TestNG.java:1134)
at org.testng.TestNG.runSuites(TestNG.java:1063)
at org.testng.TestNG.run(TestNG.java:1031)
at org.testng.remote.AbstractRemoteTestNG.run(AbstractRemoteTestNG.java:115)
at org.testng.remote.RemoteTestNG.initAndRun(RemoteTestNG.java:251)
at org.testng.remote.RemoteTestNG.main(RemoteTestNG.java:77)
]]>
    </failure>
  </testcase> <!-- Testcase_RowCount_validation -->
  <system-out>
    <![CDATA[Executing Snowflake query :: SELECT count(*) as TOTAL FROM DEV_ENT_RAW.ST_SNELLHEATINGAIR_MATILLION.HOLDJOBREASON
Table Count in Snowflake:: 5
Executing Snowflake query :: select count(*) as TOTAL from CURATED_DATAMART.ST_BKP_SNELLHEATINGAIR.STR_HOLDJOBREASON Where ACTIVE_FLAG='Y'
Table Count in Snowflake:: 5
Executing Snowflake query :: select count(*) as TOTAL from DEV_ENT_CURATED.MASTER_DIMENSIONS.DIM_HOLDJOBREASON where tenant_type='SNELLHEATINGAIR' and RECORD_UPDATED_BY='Backup Table'
Table Count in Snowflake:: 0
Row Count of Table HOLDJOBREASON is not matched for RAW :: 5 DataMart :: 5 CURATED :: 0]]>
  </system-out>
  <testcase classname="testcases.RAW_DATAMART_CURATED.SnowFlake_RowCount_Master" name="Testcase_RowCount_validation" time="1.596">
    <failure message="The following asserts failed:
	null" type="java.lang.AssertionError">
      <![CDATA[java.lang.AssertionError: The following asserts failed:
null
at org.testng.asserts.SoftAssert.assertAll(SoftAssert.java:47)
at org.testng.asserts.SoftAssert.assertAll(SoftAssert.java:31)
at testcases.RAW_DATAMART_CURATED.SnowFlake_RowCount_Master.validate_RowCount_BKP(SnowFlake_RowCount_Master.java:56)
at testcases.RAW_DATAMART_CURATED.SnowFlake_RowCount_Master.Testcase_RowCount_validation(SnowFlake_RowCount_Master.java:25)
at jdk.internal.reflect.GeneratedMethodAccessor13.invoke(Unknown Source)
at java.base/jdk.internal.reflect.DelegatingMethodAccessorImpl.invoke(DelegatingMethodAccessorImpl.java:43)
at java.base/java.lang.reflect.Method.invoke(Method.java:568)
at org.testng.internal.MethodInvocationHelper.invokeMethod(MethodInvocationHelper.java:133)
at org.testng.internal.TestInvoker.invokeMethod(TestInvoker.java:598)
at org.testng.internal.TestInvoker.invokeTestMethod(TestInvoker.java:173)
at org.testng.internal.MethodRunner.runInSequence(MethodRunner.java:46)
at org.testng.internal.TestInvoker$MethodInvocationAgent.invoke(TestInvoker.java:824)
at org.testng.internal.TestInvoker.invokeTestMethods(TestInvoker.java:146)
at org.testng.internal.TestMethodWorker.invokeTestMethods(TestMethodWorker.java:146)
at org.testng.internal.TestMethodWorker.run(TestMethodWorker.java:128)
at java.base/java.util.ArrayList.forEach(ArrayList.java:1511)
at org.testng.TestRunner.privateRun(TestRunner.java:794)
at org.testng.TestRunner.run(TestRunner.java:596)
at org.testng.SuiteRunner.runTest(SuiteRunner.java:377)
at org.testng.SuiteRunner.runSequentially(SuiteRunner.java:371)
at org.testng.SuiteRunner.privateRun(SuiteRunner.java:332)
at org.testng.SuiteRunner.run(SuiteRunner.java:276)
at org.testng.SuiteRunnerWorker.runSuite(SuiteRunnerWorker.java:53)
at org.testng.SuiteRunnerWorker.run(SuiteRunnerWorker.java:96)
at org.testng.TestNG.runSuitesSequentially(TestNG.java:1212)
at org.testng.TestNG.runSuitesLocally(TestNG.java:1134)
at org.testng.TestNG.runSuites(TestNG.java:1063)
at org.testng.TestNG.run(TestNG.java:1031)
at org.testng.remote.AbstractRemoteTestNG.run(AbstractRemoteTestNG.java:115)
at org.testng.remote.RemoteTestNG.initAndRun(RemoteTestNG.java:251)
at org.testng.remote.RemoteTestNG.main(RemoteTestNG.java:77)
]]>
    </failure>
  </testcase> <!-- Testcase_RowCount_validation -->
  <system-out>
    <![CDATA[Executing Snowflake query :: SELECT count(*) as TOTAL FROM DEV_ENT_RAW.ST_HUTCHINSON_MATILLION.JOBAPPOINTMENT
Table Count in Snowflake:: 1166623
Executing Snowflake query :: select count(*) as TOTAL from CURATED_DATAMART.ST_BKP_HUTCHINSON.STR_JOBAPPOINTMENT Where ACTIVE_FLAG='Y'
Table Count in Snowflake:: 1166430
Executing Snowflake query :: select count(*) as TOTAL from DEV_ENT_CURATED.MASTER_DIMENSIONS.DIM_JOBAPPOINTMENT where tenant_type='HUTCHINSON' and RECORD_UPDATED_BY='Backup Table'
Table Count in Snowflake:: 1393378
Row Count of Table JOBAPPOINTMENT is not matched for RAW :: 1166623 DataMart :: 1166430 CURATED :: 1393378]]>
  </system-out>
  <testcase classname="testcases.RAW_DATAMART_CURATED.SnowFlake_RowCount_Master" name="Testcase_RowCount_validation" time="1.429">
    <failure message="The following asserts failed:
	null" type="java.lang.AssertionError">
      <![CDATA[java.lang.AssertionError: The following asserts failed:
null
at org.testng.asserts.SoftAssert.assertAll(SoftAssert.java:47)
at org.testng.asserts.SoftAssert.assertAll(SoftAssert.java:31)
at testcases.RAW_DATAMART_CURATED.SnowFlake_RowCount_Master.validate_RowCount_BKP(SnowFlake_RowCount_Master.java:56)
at testcases.RAW_DATAMART_CURATED.SnowFlake_RowCount_Master.Testcase_RowCount_validation(SnowFlake_RowCount_Master.java:25)
at jdk.internal.reflect.GeneratedMethodAccessor13.invoke(Unknown Source)
at java.base/jdk.internal.reflect.DelegatingMethodAccessorImpl.invoke(DelegatingMethodAccessorImpl.java:43)
at java.base/java.lang.reflect.Method.invoke(Method.java:568)
at org.testng.internal.MethodInvocationHelper.invokeMethod(MethodInvocationHelper.java:133)
at org.testng.internal.TestInvoker.invokeMethod(TestInvoker.java:598)
at org.testng.internal.TestInvoker.invokeTestMethod(TestInvoker.java:173)
at org.testng.internal.MethodRunner.runInSequence(MethodRunner.java:46)
at org.testng.internal.TestInvoker$MethodInvocationAgent.invoke(TestInvoker.java:824)
at org.testng.internal.TestInvoker.invokeTestMethods(TestInvoker.java:146)
at org.testng.internal.TestMethodWorker.invokeTestMethods(TestMethodWorker.java:146)
at org.testng.internal.TestMethodWorker.run(TestMethodWorker.java:128)
at java.base/java.util.ArrayList.forEach(ArrayList.java:1511)
at org.testng.TestRunner.privateRun(TestRunner.java:794)
at org.testng.TestRunner.run(TestRunner.java:596)
at org.testng.SuiteRunner.runTest(SuiteRunner.java:377)
at org.testng.SuiteRunner.runSequentially(SuiteRunner.java:371)
at org.testng.SuiteRunner.privateRun(SuiteRunner.java:332)
at org.testng.SuiteRunner.run(SuiteRunner.java:276)
at org.testng.SuiteRunnerWorker.runSuite(SuiteRunnerWorker.java:53)
at org.testng.SuiteRunnerWorker.run(SuiteRunnerWorker.java:96)
at org.testng.TestNG.runSuitesSequentially(TestNG.java:1212)
at org.testng.TestNG.runSuitesLocally(TestNG.java:1134)
at org.testng.TestNG.runSuites(TestNG.java:1063)
at org.testng.TestNG.run(TestNG.java:1031)
at org.testng.remote.AbstractRemoteTestNG.run(AbstractRemoteTestNG.java:115)
at org.testng.remote.RemoteTestNG.initAndRun(RemoteTestNG.java:251)
at org.testng.remote.RemoteTestNG.main(RemoteTestNG.java:77)
]]>
    </failure>
  </testcase> <!-- Testcase_RowCount_validation -->
  <system-out>
    <![CDATA[Executing Snowflake query :: SELECT count(*) as TOTAL FROM DEV_ENT_RAW.ST_SNELLHEATINGAIR_MATILLION.TAG
Table Count in Snowflake:: 472462
Executing Snowflake query :: select count(*) as TOTAL from CURATED_DATAMART.ST_BKP_SNELLHEATINGAIR.STR_TAG Where ACTIVE_FLAG='Y'
Table Count in Snowflake:: 471575
Executing Snowflake query :: select count(*) as TOTAL from DEV_ENT_CURATED.MASTER_DIMENSIONS.DIM_TAG where tenant_type='SNELLHEATINGAIR' and RECORD_UPDATED_BY='Backup Table'
Table Count in Snowflake:: 472165
Row Count of Table TAG is not matched for RAW :: 472462 DataMart :: 471575 CURATED :: 472165]]>
  </system-out>
  <testcase classname="testcases.RAW_DATAMART_CURATED.SnowFlake_RowCount_Master" name="Testcase_RowCount_validation" time="2.145">
    <failure message="The following asserts failed:
	null" type="java.lang.AssertionError">
      <![CDATA[java.lang.AssertionError: The following asserts failed:
null
at org.testng.asserts.SoftAssert.assertAll(SoftAssert.java:47)
at org.testng.asserts.SoftAssert.assertAll(SoftAssert.java:31)
at testcases.RAW_DATAMART_CURATED.SnowFlake_RowCount_Master.validate_RowCount_BKP(SnowFlake_RowCount_Master.java:56)
at testcases.RAW_DATAMART_CURATED.SnowFlake_RowCount_Master.Testcase_RowCount_validation(SnowFlake_RowCount_Master.java:25)
at jdk.internal.reflect.GeneratedMethodAccessor13.invoke(Unknown Source)
at java.base/jdk.internal.reflect.DelegatingMethodAccessorImpl.invoke(DelegatingMethodAccessorImpl.java:43)
at java.base/java.lang.reflect.Method.invoke(Method.java:568)
at org.testng.internal.MethodInvocationHelper.invokeMethod(MethodInvocationHelper.java:133)
at org.testng.internal.TestInvoker.invokeMethod(TestInvoker.java:598)
at org.testng.internal.TestInvoker.invokeTestMethod(TestInvoker.java:173)
at org.testng.internal.MethodRunner.runInSequence(MethodRunner.java:46)
at org.testng.internal.TestInvoker$MethodInvocationAgent.invoke(TestInvoker.java:824)
at org.testng.internal.TestInvoker.invokeTestMethods(TestInvoker.java:146)
at org.testng.internal.TestMethodWorker.invokeTestMethods(TestMethodWorker.java:146)
at org.testng.internal.TestMethodWorker.run(TestMethodWorker.java:128)
at java.base/java.util.ArrayList.forEach(ArrayList.java:1511)
at org.testng.TestRunner.privateRun(TestRunner.java:794)
at org.testng.TestRunner.run(TestRunner.java:596)
at org.testng.SuiteRunner.runTest(SuiteRunner.java:377)
at org.testng.SuiteRunner.runSequentially(SuiteRunner.java:371)
at org.testng.SuiteRunner.privateRun(SuiteRunner.java:332)
at org.testng.SuiteRunner.run(SuiteRunner.java:276)
at org.testng.SuiteRunnerWorker.runSuite(SuiteRunnerWorker.java:53)
at org.testng.SuiteRunnerWorker.run(SuiteRunnerWorker.java:96)
at org.testng.TestNG.runSuitesSequentially(TestNG.java:1212)
at org.testng.TestNG.runSuitesLocally(TestNG.java:1134)
at org.testng.TestNG.runSuites(TestNG.java:1063)
at org.testng.TestNG.run(TestNG.java:1031)
at org.testng.remote.AbstractRemoteTestNG.run(AbstractRemoteTestNG.java:115)
at org.testng.remote.RemoteTestNG.initAndRun(RemoteTestNG.java:251)
at org.testng.remote.RemoteTestNG.main(RemoteTestNG.java:77)
]]>
    </failure>
  </testcase> <!-- Testcase_RowCount_validation -->
  <system-out>
    <![CDATA[Executing Snowflake query :: SELECT count(*) as TOTAL FROM DEV_ENT_RAW.ST_SNELLHEATINGAIR_MATILLION.BATCH
Table Count in Snowflake:: 8220
Executing Snowflake query :: select count(*) as TOTAL from CURATED_DATAMART.ST_BKP_SNELLHEATINGAIR.STR_BATCH Where ACTIVE_FLAG='Y'
Table Count in Snowflake:: 8268
Executing Snowflake query :: select count(*) as TOTAL from DEV_ENT_CURATED.MASTER_DIMENSIONS.FACT_BATCH where tenant_type='SNELLHEATINGAIR' and RECORD_UPDATED_BY='Backup Table'
Table Count in Snowflake:: 8203
Row Count of Table BATCH is not matched for RAW :: 8220 DataMart :: 8268 CURATED :: 8203]]>
  </system-out>
  <testcase classname="testcases.RAW_DATAMART_CURATED.SnowFlake_RowCount_Master" name="Testcase_RowCount_validation" time="2.074">
    <failure message="The following asserts failed:
	null" type="java.lang.AssertionError">
      <![CDATA[java.lang.AssertionError: The following asserts failed:
null
at org.testng.asserts.SoftAssert.assertAll(SoftAssert.java:47)
at org.testng.asserts.SoftAssert.assertAll(SoftAssert.java:31)
at testcases.RAW_DATAMART_CURATED.SnowFlake_RowCount_Master.validate_RowCount_BKP(SnowFlake_RowCount_Master.java:56)
at testcases.RAW_DATAMART_CURATED.SnowFlake_RowCount_Master.Testcase_RowCount_validation(SnowFlake_RowCount_Master.java:25)
at jdk.internal.reflect.GeneratedMethodAccessor13.invoke(Unknown Source)
at java.base/jdk.internal.reflect.DelegatingMethodAccessorImpl.invoke(DelegatingMethodAccessorImpl.java:43)
at java.base/java.lang.reflect.Method.invoke(Method.java:568)
at org.testng.internal.MethodInvocationHelper.invokeMethod(MethodInvocationHelper.java:133)
at org.testng.internal.TestInvoker.invokeMethod(TestInvoker.java:598)
at org.testng.internal.TestInvoker.invokeTestMethod(TestInvoker.java:173)
at org.testng.internal.MethodRunner.runInSequence(MethodRunner.java:46)
at org.testng.internal.TestInvoker$MethodInvocationAgent.invoke(TestInvoker.java:824)
at org.testng.internal.TestInvoker.invokeTestMethods(TestInvoker.java:146)
at org.testng.internal.TestMethodWorker.invokeTestMethods(TestMethodWorker.java:146)
at org.testng.internal.TestMethodWorker.run(TestMethodWorker.java:128)
at java.base/java.util.ArrayList.forEach(ArrayList.java:1511)
at org.testng.TestRunner.privateRun(TestRunner.java:794)
at org.testng.TestRunner.run(TestRunner.java:596)
at org.testng.SuiteRunner.runTest(SuiteRunner.java:377)
at org.testng.SuiteRunner.runSequentially(SuiteRunner.java:371)
at org.testng.SuiteRunner.privateRun(SuiteRunner.java:332)
at org.testng.SuiteRunner.run(SuiteRunner.java:276)
at org.testng.SuiteRunnerWorker.runSuite(SuiteRunnerWorker.java:53)
at org.testng.SuiteRunnerWorker.run(SuiteRunnerWorker.java:96)
at org.testng.TestNG.runSuitesSequentially(TestNG.java:1212)
at org.testng.TestNG.runSuitesLocally(TestNG.java:1134)
at org.testng.TestNG.runSuites(TestNG.java:1063)
at org.testng.TestNG.run(TestNG.java:1031)
at org.testng.remote.AbstractRemoteTestNG.run(AbstractRemoteTestNG.java:115)
at org.testng.remote.RemoteTestNG.initAndRun(RemoteTestNG.java:251)
at org.testng.remote.RemoteTestNG.main(RemoteTestNG.java:77)
]]>
    </failure>
  </testcase> <!-- Testcase_RowCount_validation -->
  <system-out>
    <![CDATA[Executing Snowflake query :: SELECT count(*) as TOTAL FROM DEV_ENT_RAW.ST_GOLDMEDAL_MATILLION.VENDOR
Table Count in Snowflake:: 2402
Executing Snowflake query :: select count(*) as TOTAL from CURATED_DATAMART.ST_BKP_GOLDMEDAL.STR_VENDOR Where ACTIVE_FLAG='Y'
Table Count in Snowflake:: 2402
Executing Snowflake query :: select count(*) as TOTAL from DEV_ENT_CURATED.MASTER_DIMENSIONS.DIM_VENDOR where tenant_type='GOLDMEDAL' and RECORD_UPDATED_BY='Backup Table'
Table Count in Snowflake:: 0
Row Count of Table VENDOR is not matched for RAW :: 2402 DataMart :: 2402 CURATED :: 0]]>
  </system-out>
  <testcase classname="testcases.RAW_DATAMART_CURATED.SnowFlake_RowCount_Master" name="Testcase_RowCount_validation" time="1.944">
    <failure message="The following asserts failed:
	null" type="java.lang.AssertionError">
      <![CDATA[java.lang.AssertionError: The following asserts failed:
null
at org.testng.asserts.SoftAssert.assertAll(SoftAssert.java:47)
at org.testng.asserts.SoftAssert.assertAll(SoftAssert.java:31)
at testcases.RAW_DATAMART_CURATED.SnowFlake_RowCount_Master.validate_RowCount_BKP(SnowFlake_RowCount_Master.java:56)
at testcases.RAW_DATAMART_CURATED.SnowFlake_RowCount_Master.Testcase_RowCount_validation(SnowFlake_RowCount_Master.java:25)
at jdk.internal.reflect.GeneratedMethodAccessor13.invoke(Unknown Source)
at java.base/jdk.internal.reflect.DelegatingMethodAccessorImpl.invoke(DelegatingMethodAccessorImpl.java:43)
at java.base/java.lang.reflect.Method.invoke(Method.java:568)
at org.testng.internal.MethodInvocationHelper.invokeMethod(MethodInvocationHelper.java:133)
at org.testng.internal.TestInvoker.invokeMethod(TestInvoker.java:598)
at org.testng.internal.TestInvoker.invokeTestMethod(TestInvoker.java:173)
at org.testng.internal.MethodRunner.runInSequence(MethodRunner.java:46)
at org.testng.internal.TestInvoker$MethodInvocationAgent.invoke(TestInvoker.java:824)
at org.testng.internal.TestInvoker.invokeTestMethods(TestInvoker.java:146)
at org.testng.internal.TestMethodWorker.invokeTestMethods(TestMethodWorker.java:146)
at org.testng.internal.TestMethodWorker.run(TestMethodWorker.java:128)
at java.base/java.util.ArrayList.forEach(ArrayList.java:1511)
at org.testng.TestRunner.privateRun(TestRunner.java:794)
at org.testng.TestRunner.run(TestRunner.java:596)
at org.testng.SuiteRunner.runTest(SuiteRunner.java:377)
at org.testng.SuiteRunner.runSequentially(SuiteRunner.java:371)
at org.testng.SuiteRunner.privateRun(SuiteRunner.java:332)
at org.testng.SuiteRunner.run(SuiteRunner.java:276)
at org.testng.SuiteRunnerWorker.runSuite(SuiteRunnerWorker.java:53)
at org.testng.SuiteRunnerWorker.run(SuiteRunnerWorker.java:96)
at org.testng.TestNG.runSuitesSequentially(TestNG.java:1212)
at org.testng.TestNG.runSuitesLocally(TestNG.java:1134)
at org.testng.TestNG.runSuites(TestNG.java:1063)
at org.testng.TestNG.run(TestNG.java:1031)
at org.testng.remote.AbstractRemoteTestNG.run(AbstractRemoteTestNG.java:115)
at org.testng.remote.RemoteTestNG.initAndRun(RemoteTestNG.java:251)
at org.testng.remote.RemoteTestNG.main(RemoteTestNG.java:77)
]]>
    </failure>
  </testcase> <!-- Testcase_RowCount_validation -->
  <system-out>
    <![CDATA[Executing Snowflake query :: SELECT count(*) as TOTAL FROM DEV_ENT_RAW.ST_MAITZ_MATILLION.CALLREASON
Table Count in Snowflake:: 37
Executing Snowflake query :: select count(*) as TOTAL from CURATED_DATAMART.ST_BKP_MAITZ.STR_CALLREASON Where ACTIVE_FLAG='Y'
Table Count in Snowflake:: 37
Executing Snowflake query :: select count(*) as TOTAL from DEV_ENT_CURATED.MASTER_DIMENSIONS.DIM_CALLREASON where tenant_type='MAITZ' and RECORD_UPDATED_BY='Backup Table'
Table Count in Snowflake:: 30
Row Count of Table CALLREASON is not matched for RAW :: 37 DataMart :: 37 CURATED :: 30]]>
  </system-out>
  <testcase classname="testcases.RAW_DATAMART_CURATED.SnowFlake_RowCount_Master" name="Testcase_RowCount_validation" time="2.106">
    <failure message="The following asserts failed:
	null,
	null" type="java.lang.AssertionError">
      <![CDATA[java.lang.AssertionError: The following asserts failed:
null,
null
at org.testng.asserts.SoftAssert.assertAll(SoftAssert.java:47)
at org.testng.asserts.SoftAssert.assertAll(SoftAssert.java:31)
at testcases.RAW_DATAMART_CURATED.SnowFlake_RowCount_Master.validate_RowCount_BKP(SnowFlake_RowCount_Master.java:56)
at testcases.RAW_DATAMART_CURATED.SnowFlake_RowCount_Master.Testcase_RowCount_validation(SnowFlake_RowCount_Master.java:25)
at jdk.internal.reflect.GeneratedMethodAccessor13.invoke(Unknown Source)
at java.base/jdk.internal.reflect.DelegatingMethodAccessorImpl.invoke(DelegatingMethodAccessorImpl.java:43)
at java.base/java.lang.reflect.Method.invoke(Method.java:568)
at org.testng.internal.MethodInvocationHelper.invokeMethod(MethodInvocationHelper.java:133)
at org.testng.internal.TestInvoker.invokeMethod(TestInvoker.java:598)
at org.testng.internal.TestInvoker.invokeTestMethod(TestInvoker.java:173)
at org.testng.internal.MethodRunner.runInSequence(MethodRunner.java:46)
at org.testng.internal.TestInvoker$MethodInvocationAgent.invoke(TestInvoker.java:824)
at org.testng.internal.TestInvoker.invokeTestMethods(TestInvoker.java:146)
at org.testng.internal.TestMethodWorker.invokeTestMethods(TestMethodWorker.java:146)
at org.testng.internal.TestMethodWorker.run(TestMethodWorker.java:128)
at java.base/java.util.ArrayList.forEach(ArrayList.java:1511)
at org.testng.TestRunner.privateRun(TestRunner.java:794)
at org.testng.TestRunner.run(TestRunner.java:596)
at org.testng.SuiteRunner.runTest(SuiteRunner.java:377)
at org.testng.SuiteRunner.runSequentially(SuiteRunner.java:371)
at org.testng.SuiteRunner.privateRun(SuiteRunner.java:332)
at org.testng.SuiteRunner.run(SuiteRunner.java:276)
at org.testng.SuiteRunnerWorker.runSuite(SuiteRunnerWorker.java:53)
at org.testng.SuiteRunnerWorker.run(SuiteRunnerWorker.java:96)
at org.testng.TestNG.runSuitesSequentially(TestNG.java:1212)
at org.testng.TestNG.runSuitesLocally(TestNG.java:1134)
at org.testng.TestNG.runSuites(TestNG.java:1063)
at org.testng.TestNG.run(TestNG.java:1031)
at org.testng.remote.AbstractRemoteTestNG.run(AbstractRemoteTestNG.java:115)
at org.testng.remote.RemoteTestNG.initAndRun(RemoteTestNG.java:251)
at org.testng.remote.RemoteTestNG.main(RemoteTestNG.java:77)
]]>
    </failure>
  </testcase> <!-- Testcase_RowCount_validation -->
  <system-out>
    <![CDATA[Executing Snowflake query :: SELECT count(*) as TOTAL FROM DEV_ENT_RAW.ST_HDAIR_MATILLION.CUSTOMERMEMBERSHIP
Snowflake - SQLException at readDB() method :: SQL compilation error:
Object 'DEV_ENT_RAW.ST_HDAIR_MATILLION.CUSTOMERMEMBERSHIP' does not exist or not authorized.
Executing Snowflake query :: select count(*) as TOTAL from CURATED_DATAMART.ST_BKP_HDAIR.STR_CUSTOMERMEMBERSHIP Where ACTIVE_FLAG='Y'
Table Count in Snowflake:: 12522
Executing Snowflake query :: select count(*) as TOTAL from DEV_ENT_CURATED.MASTER_DIMENSIONS.DIM_CUSTOMERMEMBERSHIP where tenant_type='HDAIR' and RECORD_UPDATED_BY='Backup Table'
Table Count in Snowflake:: 0
Row Count of Table CUSTOMERMEMBERSHIP is not matched for RAW :: 0 DataMart :: 12522 CURATED :: 0]]>
  </system-out>
  <testcase classname="testcases.RAW_DATAMART_CURATED.SnowFlake_RowCount_Master" name="Testcase_RowCount_validation" time="2.304"/>
  <system-out>
    <![CDATA[Executing Snowflake query :: SELECT count(*) as TOTAL FROM DEV_ENT_RAW.ST_GOLDMEDAL_MATILLION.JOBAPPOINTMENT
Table Count in Snowflake:: 1235513
Executing Snowflake query :: select count(*) as TOTAL from CURATED_DATAMART.ST_BKP_GOLDMEDAL.STR_JOBAPPOINTMENT Where ACTIVE_FLAG='Y'
Table Count in Snowflake:: 1235579
Executing Snowflake query :: select count(*) as TOTAL from DEV_ENT_CURATED.MASTER_DIMENSIONS.DIM_JOBAPPOINTMENT where tenant_type='GOLDMEDAL' and RECORD_UPDATED_BY='Backup Table'
Table Count in Snowflake:: 1235579
Row Count of Table JOBAPPOINTMENT is matched for RAW :: 1235513 DataMart :: 1235579 CURATED :: 1235579]]>
  </system-out>
  <testcase classname="testcases.RAW_DATAMART_CURATED.SnowFlake_RowCount_Master" name="Testcase_RowCount_validation" time="1.511">
    <failure message="The following asserts failed:
	null" type="java.lang.AssertionError">
      <![CDATA[java.lang.AssertionError: The following asserts failed:
null
at org.testng.asserts.SoftAssert.assertAll(SoftAssert.java:47)
at org.testng.asserts.SoftAssert.assertAll(SoftAssert.java:31)
at testcases.RAW_DATAMART_CURATED.SnowFlake_RowCount_Master.validate_RowCount_BKP(SnowFlake_RowCount_Master.java:56)
at testcases.RAW_DATAMART_CURATED.SnowFlake_RowCount_Master.Testcase_RowCount_validation(SnowFlake_RowCount_Master.java:25)
at jdk.internal.reflect.GeneratedMethodAccessor13.invoke(Unknown Source)
at java.base/jdk.internal.reflect.DelegatingMethodAccessorImpl.invoke(DelegatingMethodAccessorImpl.java:43)
at java.base/java.lang.reflect.Method.invoke(Method.java:568)
at org.testng.internal.MethodInvocationHelper.invokeMethod(MethodInvocationHelper.java:133)
at org.testng.internal.TestInvoker.invokeMethod(TestInvoker.java:598)
at org.testng.internal.TestInvoker.invokeTestMethod(TestInvoker.java:173)
at org.testng.internal.MethodRunner.runInSequence(MethodRunner.java:46)
at org.testng.internal.TestInvoker$MethodInvocationAgent.invoke(TestInvoker.java:824)
at org.testng.internal.TestInvoker.invokeTestMethods(TestInvoker.java:146)
at org.testng.internal.TestMethodWorker.invokeTestMethods(TestMethodWorker.java:146)
at org.testng.internal.TestMethodWorker.run(TestMethodWorker.java:128)
at java.base/java.util.ArrayList.forEach(ArrayList.java:1511)
at org.testng.TestRunner.privateRun(TestRunner.java:794)
at org.testng.TestRunner.run(TestRunner.java:596)
at org.testng.SuiteRunner.runTest(SuiteRunner.java:377)
at org.testng.SuiteRunner.runSequentially(SuiteRunner.java:371)
at org.testng.SuiteRunner.privateRun(SuiteRunner.java:332)
at org.testng.SuiteRunner.run(SuiteRunner.java:276)
at org.testng.SuiteRunnerWorker.runSuite(SuiteRunnerWorker.java:53)
at org.testng.SuiteRunnerWorker.run(SuiteRunnerWorker.java:96)
at org.testng.TestNG.runSuitesSequentially(TestNG.java:1212)
at org.testng.TestNG.runSuitesLocally(TestNG.java:1134)
at org.testng.TestNG.runSuites(TestNG.java:1063)
at org.testng.TestNG.run(TestNG.java:1031)
at org.testng.remote.AbstractRemoteTestNG.run(AbstractRemoteTestNG.java:115)
at org.testng.remote.RemoteTestNG.initAndRun(RemoteTestNG.java:251)
at org.testng.remote.RemoteTestNG.main(RemoteTestNG.java:77)
]]>
    </failure>
  </testcase> <!-- Testcase_RowCount_validation -->
  <system-out>
    <![CDATA[Executing Snowflake query :: SELECT count(*) as TOTAL FROM DEV_ENT_RAW.ST_CASTEEL_MATILLION.TECHNICIANSHIFT
Snowflake - SQLException at readDB() method :: SQL compilation error:
Object 'DEV_ENT_RAW.ST_CASTEEL_MATILLION.TECHNICIANSHIFT' does not exist or not authorized.
Executing Snowflake query :: select count(*) as TOTAL from CURATED_DATAMART.ST_BKP_CASTEEL.STR_TECHNICIANSHIFT Where ACTIVE_FLAG='Y'
Table Count in Snowflake:: 139525
Executing Snowflake query :: select count(*) as TOTAL from DEV_ENT_CURATED.MASTER_DIMENSIONS.DIM_TECHNICIANSHIFT where tenant_type='CASTEEL' and RECORD_UPDATED_BY='Backup Table'
Table Count in Snowflake:: 139525
Row Count of Table TECHNICIANSHIFT is matched for RAW :: 0 DataMart :: 139525 CURATED :: 139525]]>
  </system-out>
  <testcase classname="testcases.RAW_DATAMART_CURATED.SnowFlake_RowCount_Master" name="Testcase_RowCount_validation" time="5.434">
    <failure message="The following asserts failed:
	null" type="java.lang.AssertionError">
      <![CDATA[java.lang.AssertionError: The following asserts failed:
null
at org.testng.asserts.SoftAssert.assertAll(SoftAssert.java:47)
at org.testng.asserts.SoftAssert.assertAll(SoftAssert.java:31)
at testcases.RAW_DATAMART_CURATED.SnowFlake_RowCount_Master.validate_RowCount_BKP(SnowFlake_RowCount_Master.java:56)
at testcases.RAW_DATAMART_CURATED.SnowFlake_RowCount_Master.Testcase_RowCount_validation(SnowFlake_RowCount_Master.java:25)
at jdk.internal.reflect.GeneratedMethodAccessor13.invoke(Unknown Source)
at java.base/jdk.internal.reflect.DelegatingMethodAccessorImpl.invoke(DelegatingMethodAccessorImpl.java:43)
at java.base/java.lang.reflect.Method.invoke(Method.java:568)
at org.testng.internal.MethodInvocationHelper.invokeMethod(MethodInvocationHelper.java:133)
at org.testng.internal.TestInvoker.invokeMethod(TestInvoker.java:598)
at org.testng.internal.TestInvoker.invokeTestMethod(TestInvoker.java:173)
at org.testng.internal.MethodRunner.runInSequence(MethodRunner.java:46)
at org.testng.internal.TestInvoker$MethodInvocationAgent.invoke(TestInvoker.java:824)
at org.testng.internal.TestInvoker.invokeTestMethods(TestInvoker.java:146)
at org.testng.internal.TestMethodWorker.invokeTestMethods(TestMethodWorker.java:146)
at org.testng.internal.TestMethodWorker.run(TestMethodWorker.java:128)
at java.base/java.util.ArrayList.forEach(ArrayList.java:1511)
at org.testng.TestRunner.privateRun(TestRunner.java:794)
at org.testng.TestRunner.run(TestRunner.java:596)
at org.testng.SuiteRunner.runTest(SuiteRunner.java:377)
at org.testng.SuiteRunner.runSequentially(SuiteRunner.java:371)
at org.testng.SuiteRunner.privateRun(SuiteRunner.java:332)
at org.testng.SuiteRunner.run(SuiteRunner.java:276)
at org.testng.SuiteRunnerWorker.runSuite(SuiteRunnerWorker.java:53)
at org.testng.SuiteRunnerWorker.run(SuiteRunnerWorker.java:96)
at org.testng.TestNG.runSuitesSequentially(TestNG.java:1212)
at org.testng.TestNG.runSuitesLocally(TestNG.java:1134)
at org.testng.TestNG.runSuites(TestNG.java:1063)
at org.testng.TestNG.run(TestNG.java:1031)
at org.testng.remote.AbstractRemoteTestNG.run(AbstractRemoteTestNG.java:115)
at org.testng.remote.RemoteTestNG.initAndRun(RemoteTestNG.java:251)
at org.testng.remote.RemoteTestNG.main(RemoteTestNG.java:77)
]]>
    </failure>
  </testcase> <!-- Testcase_RowCount_validation -->
  <system-out>
    <![CDATA[Executing Snowflake query :: SELECT count(*) as TOTAL FROM DEV_ENT_RAW.ST_MAITZ_MATILLION.OPPORTUNITY
Table Count in Snowflake:: 226992
Executing Snowflake query :: select count(*) as TOTAL from CURATED_DATAMART.ST_BKP_MAITZ.STR_OPPORTUNITY Where ACTIVE_FLAG='Y'
Table Count in Snowflake:: 226910
Executing Snowflake query :: select count(*) as TOTAL from DEV_ENT_CURATED.MASTER_DIMENSIONS.DIM_OPPORTUNITY where tenant_type='MAITZ' and RECORD_UPDATED_BY='Backup Table'
Table Count in Snowflake:: 1400316
Row Count of Table OPPORTUNITY is not matched for RAW :: 226992 DataMart :: 226910 CURATED :: 1400316]]>
  </system-out>
  <testcase classname="testcases.RAW_DATAMART_CURATED.SnowFlake_RowCount_Master" name="Testcase_RowCount_validation" time="1.758">
    <failure message="The following asserts failed:
	null" type="java.lang.AssertionError">
      <![CDATA[java.lang.AssertionError: The following asserts failed:
null
at org.testng.asserts.SoftAssert.assertAll(SoftAssert.java:47)
at org.testng.asserts.SoftAssert.assertAll(SoftAssert.java:31)
at testcases.RAW_DATAMART_CURATED.SnowFlake_RowCount_Master.validate_RowCount_BKP(SnowFlake_RowCount_Master.java:56)
at testcases.RAW_DATAMART_CURATED.SnowFlake_RowCount_Master.Testcase_RowCount_validation(SnowFlake_RowCount_Master.java:25)
at jdk.internal.reflect.GeneratedMethodAccessor13.invoke(Unknown Source)
at java.base/jdk.internal.reflect.DelegatingMethodAccessorImpl.invoke(DelegatingMethodAccessorImpl.java:43)
at java.base/java.lang.reflect.Method.invoke(Method.java:568)
at org.testng.internal.MethodInvocationHelper.invokeMethod(MethodInvocationHelper.java:133)
at org.testng.internal.TestInvoker.invokeMethod(TestInvoker.java:598)
at org.testng.internal.TestInvoker.invokeTestMethod(TestInvoker.java:173)
at org.testng.internal.MethodRunner.runInSequence(MethodRunner.java:46)
at org.testng.internal.TestInvoker$MethodInvocationAgent.invoke(TestInvoker.java:824)
at org.testng.internal.TestInvoker.invokeTestMethods(TestInvoker.java:146)
at org.testng.internal.TestMethodWorker.invokeTestMethods(TestMethodWorker.java:146)
at org.testng.internal.TestMethodWorker.run(TestMethodWorker.java:128)
at java.base/java.util.ArrayList.forEach(ArrayList.java:1511)
at org.testng.TestRunner.privateRun(TestRunner.java:794)
at org.testng.TestRunner.run(TestRunner.java:596)
at org.testng.SuiteRunner.runTest(SuiteRunner.java:377)
at org.testng.SuiteRunner.runSequentially(SuiteRunner.java:371)
at org.testng.SuiteRunner.privateRun(SuiteRunner.java:332)
at org.testng.SuiteRunner.run(SuiteRunner.java:276)
at org.testng.SuiteRunnerWorker.runSuite(SuiteRunnerWorker.java:53)
at org.testng.SuiteRunnerWorker.run(SuiteRunnerWorker.java:96)
at org.testng.TestNG.runSuitesSequentially(TestNG.java:1212)
at org.testng.TestNG.runSuitesLocally(TestNG.java:1134)
at org.testng.TestNG.runSuites(TestNG.java:1063)
at org.testng.TestNG.run(TestNG.java:1031)
at org.testng.remote.AbstractRemoteTestNG.run(AbstractRemoteTestNG.java:115)
at org.testng.remote.RemoteTestNG.initAndRun(RemoteTestNG.java:251)
at org.testng.remote.RemoteTestNG.main(RemoteTestNG.java:77)
]]>
    </failure>
  </testcase> <!-- Testcase_RowCount_validation -->
  <system-out>
    <![CDATA[Executing Snowflake query :: SELECT count(*) as TOTAL FROM DEV_ENT_RAW.ST_HDAIR_MATILLION.SERVICE
Snowflake - SQLException at readDB() method :: SQL compilation error:
Object 'DEV_ENT_RAW.ST_HDAIR_MATILLION.SERVICE' does not exist or not authorized.
Executing Snowflake query :: select count(*) as TOTAL from CURATED_DATAMART.ST_BKP_HDAIR.STR_SERVICE Where ACTIVE_FLAG='Y'
Table Count in Snowflake:: 5629
Executing Snowflake query :: select count(*) as TOTAL from DEV_ENT_CURATED.MASTER_DIMENSIONS.DIM_SERVICE where tenant_type='HDAIR' and RECORD_UPDATED_BY='Backup Table'
Table Count in Snowflake:: 5629
Row Count of Table SERVICE is matched for RAW :: 0 DataMart :: 5629 CURATED :: 5629]]>
  </system-out>
  <testcase classname="testcases.RAW_DATAMART_CURATED.SnowFlake_RowCount_Master" name="Testcase_RowCount_validation" time="2.253">
    <failure message="The following asserts failed:
	null" type="java.lang.AssertionError">
      <![CDATA[java.lang.AssertionError: The following asserts failed:
null
at org.testng.asserts.SoftAssert.assertAll(SoftAssert.java:47)
at org.testng.asserts.SoftAssert.assertAll(SoftAssert.java:31)
at testcases.RAW_DATAMART_CURATED.SnowFlake_RowCount_Master.validate_RowCount_API(SnowFlake_RowCount_Master.java:115)
at testcases.RAW_DATAMART_CURATED.SnowFlake_RowCount_Master.Testcase_RowCount_validation(SnowFlake_RowCount_Master.java:28)
at jdk.internal.reflect.GeneratedMethodAccessor13.invoke(Unknown Source)
at java.base/jdk.internal.reflect.DelegatingMethodAccessorImpl.invoke(DelegatingMethodAccessorImpl.java:43)
at java.base/java.lang.reflect.Method.invoke(Method.java:568)
at org.testng.internal.MethodInvocationHelper.invokeMethod(MethodInvocationHelper.java:133)
at org.testng.internal.TestInvoker.invokeMethod(TestInvoker.java:598)
at org.testng.internal.TestInvoker.invokeTestMethod(TestInvoker.java:173)
at org.testng.internal.MethodRunner.runInSequence(MethodRunner.java:46)
at org.testng.internal.TestInvoker$MethodInvocationAgent.invoke(TestInvoker.java:824)
at org.testng.internal.TestInvoker.invokeTestMethods(TestInvoker.java:146)
at org.testng.internal.TestMethodWorker.invokeTestMethods(TestMethodWorker.java:146)
at org.testng.internal.TestMethodWorker.run(TestMethodWorker.java:128)
at java.base/java.util.ArrayList.forEach(ArrayList.java:1511)
at org.testng.TestRunner.privateRun(TestRunner.java:794)
at org.testng.TestRunner.run(TestRunner.java:596)
at org.testng.SuiteRunner.runTest(SuiteRunner.java:377)
at org.testng.SuiteRunner.runSequentially(SuiteRunner.java:371)
at org.testng.SuiteRunner.privateRun(SuiteRunner.java:332)
at org.testng.SuiteRunner.run(SuiteRunner.java:276)
at org.testng.SuiteRunnerWorker.runSuite(SuiteRunnerWorker.java:53)
at org.testng.SuiteRunnerWorker.run(SuiteRunnerWorker.java:96)
at org.testng.TestNG.runSuitesSequentially(TestNG.java:1212)
at org.testng.TestNG.runSuitesLocally(TestNG.java:1134)
at org.testng.TestNG.runSuites(TestNG.java:1063)
at org.testng.TestNG.run(TestNG.java:1031)
at org.testng.remote.AbstractRemoteTestNG.run(AbstractRemoteTestNG.java:115)
at org.testng.remote.RemoteTestNG.initAndRun(RemoteTestNG.java:251)
at org.testng.remote.RemoteTestNG.main(RemoteTestNG.java:77)
]]>
    </failure>
  </testcase> <!-- Testcase_RowCount_validation -->
  <system-out>
    <![CDATA[Executing Snowflake query :: SELECT count(*) as TOTAL FROM DEV_ENT_RAW.API_MAT.ST_API_SERVICE WHERE TENANT_NAME='GOLDMEDAL'
Table Count in Snowflake:: 1
Executing Snowflake query :: select count(*) as TOTAL from CURATED_DATAMART.ST_API_GOLDMEDAL.STR_API_SERVICE WHERE ACTIVE_FLAG='Y'
Table Count in Snowflake:: 0
Executing Snowflake query :: select count(*) as TOTAL from DEV_ENT_CURATED.MASTER_DIMENSIONS.DIM_SERVICE WHERE TENANT_TYPE='GOLDMEDAL' and RECORD_UPDATED_BY='API ETL'
Table Count in Snowflake:: 0
Row Count of Table SERVICE is not matched for APIMAT :: 1 DataMart :: 0
Row Count of Table SERVICE is matched for DataMart :: 0 CURATED :: 0]]>
  </system-out>
  <testcase classname="testcases.RAW_DATAMART_CURATED.SnowFlake_RowCount_Master" name="Testcase_RowCount_validation" time="1.624"/>
  <system-out>
    <![CDATA[Executing Snowflake query :: SELECT count(*) as TOTAL FROM DEV_ENT_RAW.ST_MAITZ_MATILLION.JOBAPPOINTMENT
Table Count in Snowflake:: 227011
Executing Snowflake query :: select count(*) as TOTAL from CURATED_DATAMART.ST_BKP_MAITZ.STR_JOBAPPOINTMENT Where ACTIVE_FLAG='Y'
Table Count in Snowflake:: 453939
Executing Snowflake query :: select count(*) as TOTAL from DEV_ENT_CURATED.MASTER_DIMENSIONS.DIM_JOBAPPOINTMENT where tenant_type='MAITZ' and RECORD_UPDATED_BY='Backup Table'
Table Count in Snowflake:: 680967
Row Count of Table JOBAPPOINTMENT is matched for RAW :: 227011 DataMart :: 453939 CURATED :: 680967]]>
  </system-out>
  <testcase classname="testcases.RAW_DATAMART_CURATED.SnowFlake_RowCount_Master" name="Testcase_RowCount_validation" time="2.354">
    <failure message="The following asserts failed:
	null" type="java.lang.AssertionError">
      <![CDATA[java.lang.AssertionError: The following asserts failed:
null
at org.testng.asserts.SoftAssert.assertAll(SoftAssert.java:47)
at org.testng.asserts.SoftAssert.assertAll(SoftAssert.java:31)
at testcases.RAW_DATAMART_CURATED.SnowFlake_RowCount_Master.validate_RowCount_BKP(SnowFlake_RowCount_Master.java:56)
at testcases.RAW_DATAMART_CURATED.SnowFlake_RowCount_Master.Testcase_RowCount_validation(SnowFlake_RowCount_Master.java:25)
at jdk.internal.reflect.GeneratedMethodAccessor13.invoke(Unknown Source)
at java.base/jdk.internal.reflect.DelegatingMethodAccessorImpl.invoke(DelegatingMethodAccessorImpl.java:43)
at java.base/java.lang.reflect.Method.invoke(Method.java:568)
at org.testng.internal.MethodInvocationHelper.invokeMethod(MethodInvocationHelper.java:133)
at org.testng.internal.TestInvoker.invokeMethod(TestInvoker.java:598)
at org.testng.internal.TestInvoker.invokeTestMethod(TestInvoker.java:173)
at org.testng.internal.MethodRunner.runInSequence(MethodRunner.java:46)
at org.testng.internal.TestInvoker$MethodInvocationAgent.invoke(TestInvoker.java:824)
at org.testng.internal.TestInvoker.invokeTestMethods(TestInvoker.java:146)
at org.testng.internal.TestMethodWorker.invokeTestMethods(TestMethodWorker.java:146)
at org.testng.internal.TestMethodWorker.run(TestMethodWorker.java:128)
at java.base/java.util.ArrayList.forEach(ArrayList.java:1511)
at org.testng.TestRunner.privateRun(TestRunner.java:794)
at org.testng.TestRunner.run(TestRunner.java:596)
at org.testng.SuiteRunner.runTest(SuiteRunner.java:377)
at org.testng.SuiteRunner.runSequentially(SuiteRunner.java:371)
at org.testng.SuiteRunner.privateRun(SuiteRunner.java:332)
at org.testng.SuiteRunner.run(SuiteRunner.java:276)
at org.testng.SuiteRunnerWorker.runSuite(SuiteRunnerWorker.java:53)
at org.testng.SuiteRunnerWorker.run(SuiteRunnerWorker.java:96)
at org.testng.TestNG.runSuitesSequentially(TestNG.java:1212)
at org.testng.TestNG.runSuitesLocally(TestNG.java:1134)
at org.testng.TestNG.runSuites(TestNG.java:1063)
at org.testng.TestNG.run(TestNG.java:1031)
at org.testng.remote.AbstractRemoteTestNG.run(AbstractRemoteTestNG.java:115)
at org.testng.remote.RemoteTestNG.initAndRun(RemoteTestNG.java:251)
at org.testng.remote.RemoteTestNG.main(RemoteTestNG.java:77)
]]>
    </failure>
  </testcase> <!-- Testcase_RowCount_validation -->
  <system-out>
    <![CDATA[Executing Snowflake query :: SELECT count(*) as TOTAL FROM DEV_ENT_RAW.ST_HUTCHINSON_MATILLION.OPPORTUNITY
Table Count in Snowflake:: 1160163
Executing Snowflake query :: select count(*) as TOTAL from CURATED_DATAMART.ST_BKP_HUTCHINSON.STR_OPPORTUNITY Where ACTIVE_FLAG='Y'
Table Count in Snowflake:: 1160049
Executing Snowflake query :: select count(*) as TOTAL from DEV_ENT_CURATED.MASTER_DIMENSIONS.DIM_OPPORTUNITY where tenant_type='HUTCHINSON' and RECORD_UPDATED_BY='Backup Table'
Table Count in Snowflake:: 1159989
Row Count of Table OPPORTUNITY is not matched for RAW :: 1160163 DataMart :: 1160049 CURATED :: 1159989]]>
  </system-out>
  <testcase classname="testcases.RAW_DATAMART_CURATED.SnowFlake_RowCount_Master" name="Testcase_RowCount_validation" time="1.738">
    <failure message="The following asserts failed:
	null,
	null" type="java.lang.AssertionError">
      <![CDATA[java.lang.AssertionError: The following asserts failed:
null,
null
at org.testng.asserts.SoftAssert.assertAll(SoftAssert.java:47)
at org.testng.asserts.SoftAssert.assertAll(SoftAssert.java:31)
at testcases.RAW_DATAMART_CURATED.SnowFlake_RowCount_Master.validate_RowCount_BKP(SnowFlake_RowCount_Master.java:56)
at testcases.RAW_DATAMART_CURATED.SnowFlake_RowCount_Master.Testcase_RowCount_validation(SnowFlake_RowCount_Master.java:25)
at jdk.internal.reflect.GeneratedMethodAccessor13.invoke(Unknown Source)
at java.base/jdk.internal.reflect.DelegatingMethodAccessorImpl.invoke(DelegatingMethodAccessorImpl.java:43)
at java.base/java.lang.reflect.Method.invoke(Method.java:568)
at org.testng.internal.MethodInvocationHelper.invokeMethod(MethodInvocationHelper.java:133)
at org.testng.internal.TestInvoker.invokeMethod(TestInvoker.java:598)
at org.testng.internal.TestInvoker.invokeTestMethod(TestInvoker.java:173)
at org.testng.internal.MethodRunner.runInSequence(MethodRunner.java:46)
at org.testng.internal.TestInvoker$MethodInvocationAgent.invoke(TestInvoker.java:824)
at org.testng.internal.TestInvoker.invokeTestMethods(TestInvoker.java:146)
at org.testng.internal.TestMethodWorker.invokeTestMethods(TestMethodWorker.java:146)
at org.testng.internal.TestMethodWorker.run(TestMethodWorker.java:128)
at java.base/java.util.ArrayList.forEach(ArrayList.java:1511)
at org.testng.TestRunner.privateRun(TestRunner.java:794)
at org.testng.TestRunner.run(TestRunner.java:596)
at org.testng.SuiteRunner.runTest(SuiteRunner.java:377)
at org.testng.SuiteRunner.runSequentially(SuiteRunner.java:371)
at org.testng.SuiteRunner.privateRun(SuiteRunner.java:332)
at org.testng.SuiteRunner.run(SuiteRunner.java:276)
at org.testng.SuiteRunnerWorker.runSuite(SuiteRunnerWorker.java:53)
at org.testng.SuiteRunnerWorker.run(SuiteRunnerWorker.java:96)
at org.testng.TestNG.runSuitesSequentially(TestNG.java:1212)
at org.testng.TestNG.runSuitesLocally(TestNG.java:1134)
at org.testng.TestNG.runSuites(TestNG.java:1063)
at org.testng.TestNG.run(TestNG.java:1031)
at org.testng.remote.AbstractRemoteTestNG.run(AbstractRemoteTestNG.java:115)
at org.testng.remote.RemoteTestNG.initAndRun(RemoteTestNG.java:251)
at org.testng.remote.RemoteTestNG.main(RemoteTestNG.java:77)
]]>
    </failure>
  </testcase> <!-- Testcase_RowCount_validation -->
  <system-out>
    <![CDATA[Executing Snowflake query :: SELECT count(*) as TOTAL FROM DEV_ENT_RAW.ST_EANESHEATING_MATILLION.JOB
Snowflake - SQLException at readDB() method :: SQL compilation error:
Object 'DEV_ENT_RAW.ST_EANESHEATING_MATILLION.JOB' does not exist or not authorized.
Executing Snowflake query :: select count(*) as TOTAL from CURATED_DATAMART.ST_BKP_EANESHEATING.STR_JOB Where ACTIVE_FLAG='Y'
Table Count in Snowflake:: 403222
Executing Snowflake query :: select count(*) as TOTAL from DEV_ENT_CURATED.MASTER_DIMENSIONS.DIM_JOB where tenant_type='EANESHEATING' and RECORD_UPDATED_BY='Backup Table'
Table Count in Snowflake:: 401204
Row Count of Table JOB is not matched for RAW :: 0 DataMart :: 403222 CURATED :: 401204]]>
  </system-out>
  <testcase classname="testcases.RAW_DATAMART_CURATED.SnowFlake_RowCount_Master" name="Testcase_RowCount_validation" time="2.414">
    <failure message="The following asserts failed:
	null" type="java.lang.AssertionError">
      <![CDATA[java.lang.AssertionError: The following asserts failed:
null
at org.testng.asserts.SoftAssert.assertAll(SoftAssert.java:47)
at org.testng.asserts.SoftAssert.assertAll(SoftAssert.java:31)
at testcases.RAW_DATAMART_CURATED.SnowFlake_RowCount_Master.validate_RowCount_BKP(SnowFlake_RowCount_Master.java:56)
at testcases.RAW_DATAMART_CURATED.SnowFlake_RowCount_Master.Testcase_RowCount_validation(SnowFlake_RowCount_Master.java:25)
at jdk.internal.reflect.GeneratedMethodAccessor13.invoke(Unknown Source)
at java.base/jdk.internal.reflect.DelegatingMethodAccessorImpl.invoke(DelegatingMethodAccessorImpl.java:43)
at java.base/java.lang.reflect.Method.invoke(Method.java:568)
at org.testng.internal.MethodInvocationHelper.invokeMethod(MethodInvocationHelper.java:133)
at org.testng.internal.TestInvoker.invokeMethod(TestInvoker.java:598)
at org.testng.internal.TestInvoker.invokeTestMethod(TestInvoker.java:173)
at org.testng.internal.MethodRunner.runInSequence(MethodRunner.java:46)
at org.testng.internal.TestInvoker$MethodInvocationAgent.invoke(TestInvoker.java:824)
at org.testng.internal.TestInvoker.invokeTestMethods(TestInvoker.java:146)
at org.testng.internal.TestMethodWorker.invokeTestMethods(TestMethodWorker.java:146)
at org.testng.internal.TestMethodWorker.run(TestMethodWorker.java:128)
at java.base/java.util.ArrayList.forEach(ArrayList.java:1511)
at org.testng.TestRunner.privateRun(TestRunner.java:794)
at org.testng.TestRunner.run(TestRunner.java:596)
at org.testng.SuiteRunner.runTest(SuiteRunner.java:377)
at org.testng.SuiteRunner.runSequentially(SuiteRunner.java:371)
at org.testng.SuiteRunner.privateRun(SuiteRunner.java:332)
at org.testng.SuiteRunner.run(SuiteRunner.java:276)
at org.testng.SuiteRunnerWorker.runSuite(SuiteRunnerWorker.java:53)
at org.testng.SuiteRunnerWorker.run(SuiteRunnerWorker.java:96)
at org.testng.TestNG.runSuitesSequentially(TestNG.java:1212)
at org.testng.TestNG.runSuitesLocally(TestNG.java:1134)
at org.testng.TestNG.runSuites(TestNG.java:1063)
at org.testng.TestNG.run(TestNG.java:1031)
at org.testng.remote.AbstractRemoteTestNG.run(AbstractRemoteTestNG.java:115)
at org.testng.remote.RemoteTestNG.initAndRun(RemoteTestNG.java:251)
at org.testng.remote.RemoteTestNG.main(RemoteTestNG.java:77)
]]>
    </failure>
  </testcase> <!-- Testcase_RowCount_validation -->
  <system-out>
    <![CDATA[Executing Snowflake query :: SELECT count(*) as TOTAL FROM DEV_ENT_RAW.ST_HORIZONSERVICES_MATILLION.PURCHASEORDERITEM
Table Count in Snowflake:: 314263
Executing Snowflake query :: select count(*) as TOTAL from CURATED_DATAMART.ST_BKP_HORIZONSERVICES.STR_PURCHASEORDERITEM Where ACTIVE_FLAG='Y'
Table Count in Snowflake:: 312317
Executing Snowflake query :: select count(*) as TOTAL from DEV_ENT_CURATED.MASTER_DIMENSIONS.DIM_PURCHASEORDERITEM where tenant_type='HORIZONSERVICES' and RECORD_UPDATED_BY='Backup Table'
Table Count in Snowflake:: 311194
Row Count of Table PURCHASEORDERITEM is not matched for RAW :: 314263 DataMart :: 312317 CURATED :: 311194]]>
  </system-out>
  <testcase classname="testcases.RAW_DATAMART_CURATED.SnowFlake_RowCount_Master" name="Testcase_RowCount_validation" time="2.146">
    <failure message="The following asserts failed:
	null" type="java.lang.AssertionError">
      <![CDATA[java.lang.AssertionError: The following asserts failed:
null
at org.testng.asserts.SoftAssert.assertAll(SoftAssert.java:47)
at org.testng.asserts.SoftAssert.assertAll(SoftAssert.java:31)
at testcases.RAW_DATAMART_CURATED.SnowFlake_RowCount_Master.validate_RowCount_BKP(SnowFlake_RowCount_Master.java:56)
at testcases.RAW_DATAMART_CURATED.SnowFlake_RowCount_Master.Testcase_RowCount_validation(SnowFlake_RowCount_Master.java:25)
at jdk.internal.reflect.GeneratedMethodAccessor13.invoke(Unknown Source)
at java.base/jdk.internal.reflect.DelegatingMethodAccessorImpl.invoke(DelegatingMethodAccessorImpl.java:43)
at java.base/java.lang.reflect.Method.invoke(Method.java:568)
at org.testng.internal.MethodInvocationHelper.invokeMethod(MethodInvocationHelper.java:133)
at org.testng.internal.TestInvoker.invokeMethod(TestInvoker.java:598)
at org.testng.internal.TestInvoker.invokeTestMethod(TestInvoker.java:173)
at org.testng.internal.MethodRunner.runInSequence(MethodRunner.java:46)
at org.testng.internal.TestInvoker$MethodInvocationAgent.invoke(TestInvoker.java:824)
at org.testng.internal.TestInvoker.invokeTestMethods(TestInvoker.java:146)
at org.testng.internal.TestMethodWorker.invokeTestMethods(TestMethodWorker.java:146)
at org.testng.internal.TestMethodWorker.run(TestMethodWorker.java:128)
at java.base/java.util.ArrayList.forEach(ArrayList.java:1511)
at org.testng.TestRunner.privateRun(TestRunner.java:794)
at org.testng.TestRunner.run(TestRunner.java:596)
at org.testng.SuiteRunner.runTest(SuiteRunner.java:377)
at org.testng.SuiteRunner.runSequentially(SuiteRunner.java:371)
at org.testng.SuiteRunner.privateRun(SuiteRunner.java:332)
at org.testng.SuiteRunner.run(SuiteRunner.java:276)
at org.testng.SuiteRunnerWorker.runSuite(SuiteRunnerWorker.java:53)
at org.testng.SuiteRunnerWorker.run(SuiteRunnerWorker.java:96)
at org.testng.TestNG.runSuitesSequentially(TestNG.java:1212)
at org.testng.TestNG.runSuitesLocally(TestNG.java:1134)
at org.testng.TestNG.runSuites(TestNG.java:1063)
at org.testng.TestNG.run(TestNG.java:1031)
at org.testng.remote.AbstractRemoteTestNG.run(AbstractRemoteTestNG.java:115)
at org.testng.remote.RemoteTestNG.initAndRun(RemoteTestNG.java:251)
at org.testng.remote.RemoteTestNG.main(RemoteTestNG.java:77)
]]>
    </failure>
  </testcase> <!-- Testcase_RowCount_validation -->
  <system-out>
    <![CDATA[Executing Snowflake query :: SELECT count(*) as TOTAL FROM DEV_ENT_RAW.ST_GOLDMEDAL_MATILLION.JOBCOMPLETIONSURVEY
Table Count in Snowflake:: 14656
Executing Snowflake query :: select count(*) as TOTAL from CURATED_DATAMART.ST_BKP_GOLDMEDAL.STR_JOBCOMPLETIONSURVEY Where ACTIVE_FLAG='Y'
Table Count in Snowflake:: 14453
Executing Snowflake query :: select count(*) as TOTAL from DEV_ENT_CURATED.MASTER_DIMENSIONS.DIM_JOBCOMPLETIONSURVEY where tenant_type='GOLDMEDAL' and RECORD_UPDATED_BY='Backup Table'
Table Count in Snowflake:: 14453
Row Count of Table JOBCOMPLETIONSURVEY is not matched for RAW :: 14656 DataMart :: 14453 CURATED :: 14453]]>
  </system-out>
  <testcase classname="testcases.RAW_DATAMART_CURATED.SnowFlake_RowCount_Master" name="Testcase_RowCount_validation" time="2.863">
    <failure message="The following asserts failed:
	null" type="java.lang.AssertionError">
      <![CDATA[java.lang.AssertionError: The following asserts failed:
null
at org.testng.asserts.SoftAssert.assertAll(SoftAssert.java:47)
at org.testng.asserts.SoftAssert.assertAll(SoftAssert.java:31)
at testcases.RAW_DATAMART_CURATED.SnowFlake_RowCount_Master.validate_RowCount_BKP(SnowFlake_RowCount_Master.java:56)
at testcases.RAW_DATAMART_CURATED.SnowFlake_RowCount_Master.Testcase_RowCount_validation(SnowFlake_RowCount_Master.java:25)
at jdk.internal.reflect.GeneratedMethodAccessor13.invoke(Unknown Source)
at java.base/jdk.internal.reflect.DelegatingMethodAccessorImpl.invoke(DelegatingMethodAccessorImpl.java:43)
at java.base/java.lang.reflect.Method.invoke(Method.java:568)
at org.testng.internal.MethodInvocationHelper.invokeMethod(MethodInvocationHelper.java:133)
at org.testng.internal.TestInvoker.invokeMethod(TestInvoker.java:598)
at org.testng.internal.TestInvoker.invokeTestMethod(TestInvoker.java:173)
at org.testng.internal.MethodRunner.runInSequence(MethodRunner.java:46)
at org.testng.internal.TestInvoker$MethodInvocationAgent.invoke(TestInvoker.java:824)
at org.testng.internal.TestInvoker.invokeTestMethods(TestInvoker.java:146)
at org.testng.internal.TestMethodWorker.invokeTestMethods(TestMethodWorker.java:146)
at org.testng.internal.TestMethodWorker.run(TestMethodWorker.java:128)
at java.base/java.util.ArrayList.forEach(ArrayList.java:1511)
at org.testng.TestRunner.privateRun(TestRunner.java:794)
at org.testng.TestRunner.run(TestRunner.java:596)
at org.testng.SuiteRunner.runTest(SuiteRunner.java:377)
at org.testng.SuiteRunner.runSequentially(SuiteRunner.java:371)
at org.testng.SuiteRunner.privateRun(SuiteRunner.java:332)
at org.testng.SuiteRunner.run(SuiteRunner.java:276)
at org.testng.SuiteRunnerWorker.runSuite(SuiteRunnerWorker.java:53)
at org.testng.SuiteRunnerWorker.run(SuiteRunnerWorker.java:96)
at org.testng.TestNG.runSuitesSequentially(TestNG.java:1212)
at org.testng.TestNG.runSuitesLocally(TestNG.java:1134)
at org.testng.TestNG.runSuites(TestNG.java:1063)
at org.testng.TestNG.run(TestNG.java:1031)
at org.testng.remote.AbstractRemoteTestNG.run(AbstractRemoteTestNG.java:115)
at org.testng.remote.RemoteTestNG.initAndRun(RemoteTestNG.java:251)
at org.testng.remote.RemoteTestNG.main(RemoteTestNG.java:77)
]]>
    </failure>
  </testcase> <!-- Testcase_RowCount_validation -->
  <system-out>
    <![CDATA[Executing Snowflake query :: SELECT count(*) as TOTAL FROM DEV_ENT_RAW.ST_BILLFENWICK_MATILLION.JOBASSIGNMENT
Table Count in Snowflake:: 251182
Executing Snowflake query :: select count(*) as TOTAL from CURATED_DATAMART.ST_BKP_BILLFENWICK.STR_JOBASSIGNMENT Where ACTIVE_FLAG='Y'
Table Count in Snowflake:: 257650
Executing Snowflake query :: select count(*) as TOTAL from DEV_ENT_CURATED.MASTER_DIMENSIONS.DIM_JOBASSIGNMENT where tenant_type='BILLFENWICK' and RECORD_UPDATED_BY='Backup Table'
Table Count in Snowflake:: 250725
Row Count of Table JOBASSIGNMENT is not matched for RAW :: 251182 DataMart :: 257650 CURATED :: 250725]]>
  </system-out>
  <testcase classname="testcases.RAW_DATAMART_CURATED.SnowFlake_RowCount_Master" name="Testcase_RowCount_validation" time="1.611">
    <failure message="The following asserts failed:
	null" type="java.lang.AssertionError">
      <![CDATA[java.lang.AssertionError: The following asserts failed:
null
at org.testng.asserts.SoftAssert.assertAll(SoftAssert.java:47)
at org.testng.asserts.SoftAssert.assertAll(SoftAssert.java:31)
at testcases.RAW_DATAMART_CURATED.SnowFlake_RowCount_Master.validate_RowCount_BKP(SnowFlake_RowCount_Master.java:56)
at testcases.RAW_DATAMART_CURATED.SnowFlake_RowCount_Master.Testcase_RowCount_validation(SnowFlake_RowCount_Master.java:25)
at jdk.internal.reflect.GeneratedMethodAccessor13.invoke(Unknown Source)
at java.base/jdk.internal.reflect.DelegatingMethodAccessorImpl.invoke(DelegatingMethodAccessorImpl.java:43)
at java.base/java.lang.reflect.Method.invoke(Method.java:568)
at org.testng.internal.MethodInvocationHelper.invokeMethod(MethodInvocationHelper.java:133)
at org.testng.internal.TestInvoker.invokeMethod(TestInvoker.java:598)
at org.testng.internal.TestInvoker.invokeTestMethod(TestInvoker.java:173)
at org.testng.internal.MethodRunner.runInSequence(MethodRunner.java:46)
at org.testng.internal.TestInvoker$MethodInvocationAgent.invoke(TestInvoker.java:824)
at org.testng.internal.TestInvoker.invokeTestMethods(TestInvoker.java:146)
at org.testng.internal.TestMethodWorker.invokeTestMethods(TestMethodWorker.java:146)
at org.testng.internal.TestMethodWorker.run(TestMethodWorker.java:128)
at java.base/java.util.ArrayList.forEach(ArrayList.java:1511)
at org.testng.TestRunner.privateRun(TestRunner.java:794)
at org.testng.TestRunner.run(TestRunner.java:596)
at org.testng.SuiteRunner.runTest(SuiteRunner.java:377)
at org.testng.SuiteRunner.runSequentially(SuiteRunner.java:371)
at org.testng.SuiteRunner.privateRun(SuiteRunner.java:332)
at org.testng.SuiteRunner.run(SuiteRunner.java:276)
at org.testng.SuiteRunnerWorker.runSuite(SuiteRunnerWorker.java:53)
at org.testng.SuiteRunnerWorker.run(SuiteRunnerWorker.java:96)
at org.testng.TestNG.runSuitesSequentially(TestNG.java:1212)
at org.testng.TestNG.runSuitesLocally(TestNG.java:1134)
at org.testng.TestNG.runSuites(TestNG.java:1063)
at org.testng.TestNG.run(TestNG.java:1031)
at org.testng.remote.AbstractRemoteTestNG.run(AbstractRemoteTestNG.java:115)
at org.testng.remote.RemoteTestNG.initAndRun(RemoteTestNG.java:251)
at org.testng.remote.RemoteTestNG.main(RemoteTestNG.java:77)
]]>
    </failure>
  </testcase> <!-- Testcase_RowCount_validation -->
  <system-out>
    <![CDATA[Executing Snowflake query :: SELECT count(*) as TOTAL FROM DEV_ENT_RAW.ST_HARP_MATILLION.TECHNICIANSHIFT
Snowflake - SQLException at readDB() method :: SQL compilation error:
Object 'DEV_ENT_RAW.ST_HARP_MATILLION.TECHNICIANSHIFT' does not exist or not authorized.
Executing Snowflake query :: select count(*) as TOTAL from CURATED_DATAMART.ST_BKP_HARP.STR_TECHNICIANSHIFT Where ACTIVE_FLAG='Y'
Table Count in Snowflake:: 38101
Executing Snowflake query :: select count(*) as TOTAL from DEV_ENT_CURATED.MASTER_DIMENSIONS.DIM_TECHNICIANSHIFT where tenant_type='HARP' and RECORD_UPDATED_BY='Backup Table'
Table Count in Snowflake:: 38101
Row Count of Table TECHNICIANSHIFT is matched for RAW :: 0 DataMart :: 38101 CURATED :: 38101]]>
  </system-out>
  <testcase classname="testcases.RAW_DATAMART_CURATED.SnowFlake_RowCount_Master" name="Testcase_RowCount_validation" time="1.741">
    <failure message="The following asserts failed:
	null" type="java.lang.AssertionError">
      <![CDATA[java.lang.AssertionError: The following asserts failed:
null
at org.testng.asserts.SoftAssert.assertAll(SoftAssert.java:47)
at org.testng.asserts.SoftAssert.assertAll(SoftAssert.java:31)
at testcases.RAW_DATAMART_CURATED.SnowFlake_RowCount_Master.validate_RowCount_BKP(SnowFlake_RowCount_Master.java:56)
at testcases.RAW_DATAMART_CURATED.SnowFlake_RowCount_Master.Testcase_RowCount_validation(SnowFlake_RowCount_Master.java:25)
at jdk.internal.reflect.GeneratedMethodAccessor13.invoke(Unknown Source)
at java.base/jdk.internal.reflect.DelegatingMethodAccessorImpl.invoke(DelegatingMethodAccessorImpl.java:43)
at java.base/java.lang.reflect.Method.invoke(Method.java:568)
at org.testng.internal.MethodInvocationHelper.invokeMethod(MethodInvocationHelper.java:133)
at org.testng.internal.TestInvoker.invokeMethod(TestInvoker.java:598)
at org.testng.internal.TestInvoker.invokeTestMethod(TestInvoker.java:173)
at org.testng.internal.MethodRunner.runInSequence(MethodRunner.java:46)
at org.testng.internal.TestInvoker$MethodInvocationAgent.invoke(TestInvoker.java:824)
at org.testng.internal.TestInvoker.invokeTestMethods(TestInvoker.java:146)
at org.testng.internal.TestMethodWorker.invokeTestMethods(TestMethodWorker.java:146)
at org.testng.internal.TestMethodWorker.run(TestMethodWorker.java:128)
at java.base/java.util.ArrayList.forEach(ArrayList.java:1511)
at org.testng.TestRunner.privateRun(TestRunner.java:794)
at org.testng.TestRunner.run(TestRunner.java:596)
at org.testng.SuiteRunner.runTest(SuiteRunner.java:377)
at org.testng.SuiteRunner.runSequentially(SuiteRunner.java:371)
at org.testng.SuiteRunner.privateRun(SuiteRunner.java:332)
at org.testng.SuiteRunner.run(SuiteRunner.java:276)
at org.testng.SuiteRunnerWorker.runSuite(SuiteRunnerWorker.java:53)
at org.testng.SuiteRunnerWorker.run(SuiteRunnerWorker.java:96)
at org.testng.TestNG.runSuitesSequentially(TestNG.java:1212)
at org.testng.TestNG.runSuitesLocally(TestNG.java:1134)
at org.testng.TestNG.runSuites(TestNG.java:1063)
at org.testng.TestNG.run(TestNG.java:1031)
at org.testng.remote.AbstractRemoteTestNG.run(AbstractRemoteTestNG.java:115)
at org.testng.remote.RemoteTestNG.initAndRun(RemoteTestNG.java:251)
at org.testng.remote.RemoteTestNG.main(RemoteTestNG.java:77)
]]>
    </failure>
  </testcase> <!-- Testcase_RowCount_validation -->
  <system-out>
    <![CDATA[Executing Snowflake query :: SELECT count(*) as TOTAL FROM DEV_ENT_RAW.ST_HORIZONSERVICES_MATILLION.HOLDJOBREASON
Table Count in Snowflake:: 6
Executing Snowflake query :: select count(*) as TOTAL from CURATED_DATAMART.ST_BKP_HORIZONSERVICES.STR_HOLDJOBREASON Where ACTIVE_FLAG='Y'
Table Count in Snowflake:: 6
Executing Snowflake query :: select count(*) as TOTAL from DEV_ENT_CURATED.MASTER_DIMENSIONS.DIM_HOLDJOBREASON where tenant_type='HORIZONSERVICES' and RECORD_UPDATED_BY='Backup Table'
Table Count in Snowflake:: 0
Row Count of Table HOLDJOBREASON is not matched for RAW :: 6 DataMart :: 6 CURATED :: 0]]>
  </system-out>
  <testcase classname="testcases.RAW_DATAMART_CURATED.SnowFlake_RowCount_Master" name="Testcase_RowCount_validation" time="2.763">
    <failure message="The following asserts failed:
	null,
	null" type="java.lang.AssertionError">
      <![CDATA[java.lang.AssertionError: The following asserts failed:
null,
null
at org.testng.asserts.SoftAssert.assertAll(SoftAssert.java:47)
at org.testng.asserts.SoftAssert.assertAll(SoftAssert.java:31)
at testcases.RAW_DATAMART_CURATED.SnowFlake_RowCount_Master.validate_RowCount_BKP(SnowFlake_RowCount_Master.java:56)
at testcases.RAW_DATAMART_CURATED.SnowFlake_RowCount_Master.Testcase_RowCount_validation(SnowFlake_RowCount_Master.java:25)
at jdk.internal.reflect.GeneratedMethodAccessor13.invoke(Unknown Source)
at java.base/jdk.internal.reflect.DelegatingMethodAccessorImpl.invoke(DelegatingMethodAccessorImpl.java:43)
at java.base/java.lang.reflect.Method.invoke(Method.java:568)
at org.testng.internal.MethodInvocationHelper.invokeMethod(MethodInvocationHelper.java:133)
at org.testng.internal.TestInvoker.invokeMethod(TestInvoker.java:598)
at org.testng.internal.TestInvoker.invokeTestMethod(TestInvoker.java:173)
at org.testng.internal.MethodRunner.runInSequence(MethodRunner.java:46)
at org.testng.internal.TestInvoker$MethodInvocationAgent.invoke(TestInvoker.java:824)
at org.testng.internal.TestInvoker.invokeTestMethods(TestInvoker.java:146)
at org.testng.internal.TestMethodWorker.invokeTestMethods(TestMethodWorker.java:146)
at org.testng.internal.TestMethodWorker.run(TestMethodWorker.java:128)
at java.base/java.util.ArrayList.forEach(ArrayList.java:1511)
at org.testng.TestRunner.privateRun(TestRunner.java:794)
at org.testng.TestRunner.run(TestRunner.java:596)
at org.testng.SuiteRunner.runTest(SuiteRunner.java:377)
at org.testng.SuiteRunner.runSequentially(SuiteRunner.java:371)
at org.testng.SuiteRunner.privateRun(SuiteRunner.java:332)
at org.testng.SuiteRunner.run(SuiteRunner.java:276)
at org.testng.SuiteRunnerWorker.runSuite(SuiteRunnerWorker.java:53)
at org.testng.SuiteRunnerWorker.run(SuiteRunnerWorker.java:96)
at org.testng.TestNG.runSuitesSequentially(TestNG.java:1212)
at org.testng.TestNG.runSuitesLocally(TestNG.java:1134)
at org.testng.TestNG.runSuites(TestNG.java:1063)
at org.testng.TestNG.run(TestNG.java:1031)
at org.testng.remote.AbstractRemoteTestNG.run(AbstractRemoteTestNG.java:115)
at org.testng.remote.RemoteTestNG.initAndRun(RemoteTestNG.java:251)
at org.testng.remote.RemoteTestNG.main(RemoteTestNG.java:77)
]]>
    </failure>
  </testcase> <!-- Testcase_RowCount_validation -->
  <system-out>
    <![CDATA[Executing Snowflake query :: SELECT count(*) as TOTAL FROM DEV_ENT_RAW.ST_HDAIR_MATILLION.CAMPAIGN
Snowflake - SQLException at readDB() method :: SQL compilation error:
Object 'DEV_ENT_RAW.ST_HDAIR_MATILLION.CAMPAIGN' does not exist or not authorized.
Executing Snowflake query :: select count(*) as TOTAL from CURATED_DATAMART.ST_BKP_HDAIR.STR_CAMPAIGN Where ACTIVE_FLAG='Y'
Table Count in Snowflake:: 298
Executing Snowflake query :: select count(*) as TOTAL from DEV_ENT_CURATED.MASTER_DIMENSIONS.DIM_CAMPAIGN where tenant_type='HDAIR' and RECORD_UPDATED_BY='Backup Table'
Table Count in Snowflake:: 297
Row Count of Table CAMPAIGN is not matched for RAW :: 0 DataMart :: 298 CURATED :: 297]]>
  </system-out>
  <testcase classname="testcases.RAW_DATAMART_CURATED.SnowFlake_RowCount_Master" name="Testcase_RowCount_validation" time="2.212">
    <failure message="The following asserts failed:
	null" type="java.lang.AssertionError">
      <![CDATA[java.lang.AssertionError: The following asserts failed:
null
at org.testng.asserts.SoftAssert.assertAll(SoftAssert.java:47)
at org.testng.asserts.SoftAssert.assertAll(SoftAssert.java:31)
at testcases.RAW_DATAMART_CURATED.SnowFlake_RowCount_Master.validate_RowCount_BKP(SnowFlake_RowCount_Master.java:56)
at testcases.RAW_DATAMART_CURATED.SnowFlake_RowCount_Master.Testcase_RowCount_validation(SnowFlake_RowCount_Master.java:25)
at jdk.internal.reflect.GeneratedMethodAccessor13.invoke(Unknown Source)
at java.base/jdk.internal.reflect.DelegatingMethodAccessorImpl.invoke(DelegatingMethodAccessorImpl.java:43)
at java.base/java.lang.reflect.Method.invoke(Method.java:568)
at org.testng.internal.MethodInvocationHelper.invokeMethod(MethodInvocationHelper.java:133)
at org.testng.internal.TestInvoker.invokeMethod(TestInvoker.java:598)
at org.testng.internal.TestInvoker.invokeTestMethod(TestInvoker.java:173)
at org.testng.internal.MethodRunner.runInSequence(MethodRunner.java:46)
at org.testng.internal.TestInvoker$MethodInvocationAgent.invoke(TestInvoker.java:824)
at org.testng.internal.TestInvoker.invokeTestMethods(TestInvoker.java:146)
at org.testng.internal.TestMethodWorker.invokeTestMethods(TestMethodWorker.java:146)
at org.testng.internal.TestMethodWorker.run(TestMethodWorker.java:128)
at java.base/java.util.ArrayList.forEach(ArrayList.java:1511)
at org.testng.TestRunner.privateRun(TestRunner.java:794)
at org.testng.TestRunner.run(TestRunner.java:596)
at org.testng.SuiteRunner.runTest(SuiteRunner.java:377)
at org.testng.SuiteRunner.runSequentially(SuiteRunner.java:371)
at org.testng.SuiteRunner.privateRun(SuiteRunner.java:332)
at org.testng.SuiteRunner.run(SuiteRunner.java:276)
at org.testng.SuiteRunnerWorker.runSuite(SuiteRunnerWorker.java:53)
at org.testng.SuiteRunnerWorker.run(SuiteRunnerWorker.java:96)
at org.testng.TestNG.runSuitesSequentially(TestNG.java:1212)
at org.testng.TestNG.runSuitesLocally(TestNG.java:1134)
at org.testng.TestNG.runSuites(TestNG.java:1063)
at org.testng.TestNG.run(TestNG.java:1031)
at org.testng.remote.AbstractRemoteTestNG.run(AbstractRemoteTestNG.java:115)
at org.testng.remote.RemoteTestNG.initAndRun(RemoteTestNG.java:251)
at org.testng.remote.RemoteTestNG.main(RemoteTestNG.java:77)
]]>
    </failure>
  </testcase> <!-- Testcase_RowCount_validation -->
  <system-out>
    <![CDATA[Executing Snowflake query :: SELECT count(*) as TOTAL FROM DEV_ENT_RAW.ST_HORIZONSERVICES_MATILLION.PAYMENTSPLIT
Table Count in Snowflake:: 2094327
Executing Snowflake query :: select count(*) as TOTAL from CURATED_DATAMART.ST_BKP_HORIZONSERVICES.STR_PAYMENTSPLIT Where ACTIVE_FLAG='Y'
Table Count in Snowflake:: 2092564
Executing Snowflake query :: select count(*) as TOTAL from DEV_ENT_CURATED.MASTER_DIMENSIONS.DIM_PAYMENTSPLIT where tenant_type='HORIZONSERVICES' and RECORD_UPDATED_BY='Backup Table'
Table Count in Snowflake:: 2092563
Row Count of Table PAYMENTSPLIT is not matched for RAW :: 2094327 DataMart :: 2092564 CURATED :: 2092563]]>
  </system-out>
  <testcase classname="testcases.RAW_DATAMART_CURATED.SnowFlake_RowCount_Master" name="Testcase_RowCount_validation" time="2.067">
    <failure message="The following asserts failed:
	null" type="java.lang.AssertionError">
      <![CDATA[java.lang.AssertionError: The following asserts failed:
null
at org.testng.asserts.SoftAssert.assertAll(SoftAssert.java:47)
at org.testng.asserts.SoftAssert.assertAll(SoftAssert.java:31)
at testcases.RAW_DATAMART_CURATED.SnowFlake_RowCount_Master.validate_RowCount_BKP(SnowFlake_RowCount_Master.java:56)
at testcases.RAW_DATAMART_CURATED.SnowFlake_RowCount_Master.Testcase_RowCount_validation(SnowFlake_RowCount_Master.java:25)
at jdk.internal.reflect.GeneratedMethodAccessor13.invoke(Unknown Source)
at java.base/jdk.internal.reflect.DelegatingMethodAccessorImpl.invoke(DelegatingMethodAccessorImpl.java:43)
at java.base/java.lang.reflect.Method.invoke(Method.java:568)
at org.testng.internal.MethodInvocationHelper.invokeMethod(MethodInvocationHelper.java:133)
at org.testng.internal.TestInvoker.invokeMethod(TestInvoker.java:598)
at org.testng.internal.TestInvoker.invokeTestMethod(TestInvoker.java:173)
at org.testng.internal.MethodRunner.runInSequence(MethodRunner.java:46)
at org.testng.internal.TestInvoker$MethodInvocationAgent.invoke(TestInvoker.java:824)
at org.testng.internal.TestInvoker.invokeTestMethods(TestInvoker.java:146)
at org.testng.internal.TestMethodWorker.invokeTestMethods(TestMethodWorker.java:146)
at org.testng.internal.TestMethodWorker.run(TestMethodWorker.java:128)
at java.base/java.util.ArrayList.forEach(ArrayList.java:1511)
at org.testng.TestRunner.privateRun(TestRunner.java:794)
at org.testng.TestRunner.run(TestRunner.java:596)
at org.testng.SuiteRunner.runTest(SuiteRunner.java:377)
at org.testng.SuiteRunner.runSequentially(SuiteRunner.java:371)
at org.testng.SuiteRunner.privateRun(SuiteRunner.java:332)
at org.testng.SuiteRunner.run(SuiteRunner.java:276)
at org.testng.SuiteRunnerWorker.runSuite(SuiteRunnerWorker.java:53)
at org.testng.SuiteRunnerWorker.run(SuiteRunnerWorker.java:96)
at org.testng.TestNG.runSuitesSequentially(TestNG.java:1212)
at org.testng.TestNG.runSuitesLocally(TestNG.java:1134)
at org.testng.TestNG.runSuites(TestNG.java:1063)
at org.testng.TestNG.run(TestNG.java:1031)
at org.testng.remote.AbstractRemoteTestNG.run(AbstractRemoteTestNG.java:115)
at org.testng.remote.RemoteTestNG.initAndRun(RemoteTestNG.java:251)
at org.testng.remote.RemoteTestNG.main(RemoteTestNG.java:77)
]]>
    </failure>
  </testcase> <!-- Testcase_RowCount_validation -->
  <system-out>
    <![CDATA[Executing Snowflake query :: SELECT count(*) as TOTAL FROM DEV_ENT_RAW.ST_GOLDMEDAL_MATILLION.JOBASSIGNMENT
Table Count in Snowflake:: 1261442
Executing Snowflake query :: select count(*) as TOTAL from CURATED_DATAMART.ST_BKP_GOLDMEDAL.STR_JOBASSIGNMENT Where ACTIVE_FLAG='Y'
Table Count in Snowflake:: 1260827
Executing Snowflake query :: select count(*) as TOTAL from DEV_ENT_CURATED.MASTER_DIMENSIONS.DIM_JOBASSIGNMENT where tenant_type='GOLDMEDAL' and RECORD_UPDATED_BY='Backup Table'
Table Count in Snowflake:: 1261701
Row Count of Table JOBASSIGNMENT is not matched for RAW :: 1261442 DataMart :: 1260827 CURATED :: 1261701]]>
  </system-out>
  <testcase classname="testcases.RAW_DATAMART_CURATED.SnowFlake_RowCount_Master" name="Testcase_RowCount_validation" time="3.137">
    <failure message="The following asserts failed:
	null" type="java.lang.AssertionError">
      <![CDATA[java.lang.AssertionError: The following asserts failed:
null
at org.testng.asserts.SoftAssert.assertAll(SoftAssert.java:47)
at org.testng.asserts.SoftAssert.assertAll(SoftAssert.java:31)
at testcases.RAW_DATAMART_CURATED.SnowFlake_RowCount_Master.validate_RowCount_BKP(SnowFlake_RowCount_Master.java:56)
at testcases.RAW_DATAMART_CURATED.SnowFlake_RowCount_Master.Testcase_RowCount_validation(SnowFlake_RowCount_Master.java:25)
at jdk.internal.reflect.GeneratedMethodAccessor13.invoke(Unknown Source)
at java.base/jdk.internal.reflect.DelegatingMethodAccessorImpl.invoke(DelegatingMethodAccessorImpl.java:43)
at java.base/java.lang.reflect.Method.invoke(Method.java:568)
at org.testng.internal.MethodInvocationHelper.invokeMethod(MethodInvocationHelper.java:133)
at org.testng.internal.TestInvoker.invokeMethod(TestInvoker.java:598)
at org.testng.internal.TestInvoker.invokeTestMethod(TestInvoker.java:173)
at org.testng.internal.MethodRunner.runInSequence(MethodRunner.java:46)
at org.testng.internal.TestInvoker$MethodInvocationAgent.invoke(TestInvoker.java:824)
at org.testng.internal.TestInvoker.invokeTestMethods(TestInvoker.java:146)
at org.testng.internal.TestMethodWorker.invokeTestMethods(TestMethodWorker.java:146)
at org.testng.internal.TestMethodWorker.run(TestMethodWorker.java:128)
at java.base/java.util.ArrayList.forEach(ArrayList.java:1511)
at org.testng.TestRunner.privateRun(TestRunner.java:794)
at org.testng.TestRunner.run(TestRunner.java:596)
at org.testng.SuiteRunner.runTest(SuiteRunner.java:377)
at org.testng.SuiteRunner.runSequentially(SuiteRunner.java:371)
at org.testng.SuiteRunner.privateRun(SuiteRunner.java:332)
at org.testng.SuiteRunner.run(SuiteRunner.java:276)
at org.testng.SuiteRunnerWorker.runSuite(SuiteRunnerWorker.java:53)
at org.testng.SuiteRunnerWorker.run(SuiteRunnerWorker.java:96)
at org.testng.TestNG.runSuitesSequentially(TestNG.java:1212)
at org.testng.TestNG.runSuitesLocally(TestNG.java:1134)
at org.testng.TestNG.runSuites(TestNG.java:1063)
at org.testng.TestNG.run(TestNG.java:1031)
at org.testng.remote.AbstractRemoteTestNG.run(AbstractRemoteTestNG.java:115)
at org.testng.remote.RemoteTestNG.initAndRun(RemoteTestNG.java:251)
at org.testng.remote.RemoteTestNG.main(RemoteTestNG.java:77)
]]>
    </failure>
  </testcase> <!-- Testcase_RowCount_validation -->
  <system-out>
    <![CDATA[Executing Snowflake query :: SELECT count(*) as TOTAL FROM DEV_ENT_RAW.ST_BILLFENWICK_MATILLION.PURCHASEORDER
Table Count in Snowflake:: 14790
Executing Snowflake query :: select count(*) as TOTAL from CURATED_DATAMART.ST_BKP_BILLFENWICK.STR_PURCHASEORDER Where ACTIVE_FLAG='Y'
Table Count in Snowflake:: 14741
Executing Snowflake query :: select count(*) as TOTAL from DEV_ENT_CURATED.MASTER_DIMENSIONS.DIM_PURCHASEORDER where tenant_type='BILLFENWICK' and RECORD_UPDATED_BY='Backup Table'
Table Count in Snowflake:: 14468
Row Count of Table PURCHASEORDER is not matched for RAW :: 14790 DataMart :: 14741 CURATED :: 14468]]>
  </system-out>
  <testcase classname="testcases.RAW_DATAMART_CURATED.SnowFlake_RowCount_Master" name="Testcase_RowCount_validation" time="2.135">
    <failure message="The following asserts failed:
	null" type="java.lang.AssertionError">
      <![CDATA[java.lang.AssertionError: The following asserts failed:
null
at org.testng.asserts.SoftAssert.assertAll(SoftAssert.java:47)
at org.testng.asserts.SoftAssert.assertAll(SoftAssert.java:31)
at testcases.RAW_DATAMART_CURATED.SnowFlake_RowCount_Master.validate_RowCount_API(SnowFlake_RowCount_Master.java:115)
at testcases.RAW_DATAMART_CURATED.SnowFlake_RowCount_Master.Testcase_RowCount_validation(SnowFlake_RowCount_Master.java:28)
at jdk.internal.reflect.GeneratedMethodAccessor13.invoke(Unknown Source)
at java.base/jdk.internal.reflect.DelegatingMethodAccessorImpl.invoke(DelegatingMethodAccessorImpl.java:43)
at java.base/java.lang.reflect.Method.invoke(Method.java:568)
at org.testng.internal.MethodInvocationHelper.invokeMethod(MethodInvocationHelper.java:133)
at org.testng.internal.TestInvoker.invokeMethod(TestInvoker.java:598)
at org.testng.internal.TestInvoker.invokeTestMethod(TestInvoker.java:173)
at org.testng.internal.MethodRunner.runInSequence(MethodRunner.java:46)
at org.testng.internal.TestInvoker$MethodInvocationAgent.invoke(TestInvoker.java:824)
at org.testng.internal.TestInvoker.invokeTestMethods(TestInvoker.java:146)
at org.testng.internal.TestMethodWorker.invokeTestMethods(TestMethodWorker.java:146)
at org.testng.internal.TestMethodWorker.run(TestMethodWorker.java:128)
at java.base/java.util.ArrayList.forEach(ArrayList.java:1511)
at org.testng.TestRunner.privateRun(TestRunner.java:794)
at org.testng.TestRunner.run(TestRunner.java:596)
at org.testng.SuiteRunner.runTest(SuiteRunner.java:377)
at org.testng.SuiteRunner.runSequentially(SuiteRunner.java:371)
at org.testng.SuiteRunner.privateRun(SuiteRunner.java:332)
at org.testng.SuiteRunner.run(SuiteRunner.java:276)
at org.testng.SuiteRunnerWorker.runSuite(SuiteRunnerWorker.java:53)
at org.testng.SuiteRunnerWorker.run(SuiteRunnerWorker.java:96)
at org.testng.TestNG.runSuitesSequentially(TestNG.java:1212)
at org.testng.TestNG.runSuitesLocally(TestNG.java:1134)
at org.testng.TestNG.runSuites(TestNG.java:1063)
at org.testng.TestNG.run(TestNG.java:1031)
at org.testng.remote.AbstractRemoteTestNG.run(AbstractRemoteTestNG.java:115)
at org.testng.remote.RemoteTestNG.initAndRun(RemoteTestNG.java:251)
at org.testng.remote.RemoteTestNG.main(RemoteTestNG.java:77)
]]>
    </failure>
  </testcase> <!-- Testcase_RowCount_validation -->
  <system-out>
    <![CDATA[Executing Snowflake query :: SELECT count(*) as TOTAL FROM DEV_ENT_RAW.API_MAT.ST_API_ZONE WHERE TENANT_NAME='HENDERSON'
Table Count in Snowflake:: 24
Executing Snowflake query :: select count(*) as TOTAL from CURATED_DATAMART.ST_API_HENDERSON.STR_API_ZONE WHERE ACTIVE_FLAG='Y'
Table Count in Snowflake:: 24
Executing Snowflake query :: select count(*) as TOTAL from DEV_ENT_CURATED.MASTER_DIMENSIONS.DIM_ZONE WHERE TENANT_TYPE='HENDERSON' and RECORD_UPDATED_BY='API ETL'
Table Count in Snowflake:: 19
Row Count of Table ZONE is matched for APIMAT :: 24 DataMart :: 24
Executing Snowflake query :: select count(*) as TOTAL from DEV_ENT_CURATED.MASTER_DIMENSIONS.DIM_ZONE WHERE TENANT_TYPE='HENDERSON' and RECORD_UPDATED_BY='Backup Table' AND ID in (select ID from CURATED_DATAMART.ST_API_HENDERSON.STR_API_ZONE WHERE ACTIVE_FLAG='Y')
Table Count in Snowflake:: 5
Row Count of Table ZONE is not matched for DataMart :: 24 CURATED :: 5]]>
  </system-out>
  <testcase classname="testcases.RAW_DATAMART_CURATED.SnowFlake_RowCount_Master" name="Testcase_RowCount_validation" time="3.272">
    <failure message="The following asserts failed:
	null" type="java.lang.AssertionError">
      <![CDATA[java.lang.AssertionError: The following asserts failed:
null
at org.testng.asserts.SoftAssert.assertAll(SoftAssert.java:47)
at org.testng.asserts.SoftAssert.assertAll(SoftAssert.java:31)
at testcases.RAW_DATAMART_CURATED.SnowFlake_RowCount_Master.validate_RowCount_API(SnowFlake_RowCount_Master.java:115)
at testcases.RAW_DATAMART_CURATED.SnowFlake_RowCount_Master.Testcase_RowCount_validation(SnowFlake_RowCount_Master.java:28)
at jdk.internal.reflect.GeneratedMethodAccessor13.invoke(Unknown Source)
at java.base/jdk.internal.reflect.DelegatingMethodAccessorImpl.invoke(DelegatingMethodAccessorImpl.java:43)
at java.base/java.lang.reflect.Method.invoke(Method.java:568)
at org.testng.internal.MethodInvocationHelper.invokeMethod(MethodInvocationHelper.java:133)
at org.testng.internal.TestInvoker.invokeMethod(TestInvoker.java:598)
at org.testng.internal.TestInvoker.invokeTestMethod(TestInvoker.java:173)
at org.testng.internal.MethodRunner.runInSequence(MethodRunner.java:46)
at org.testng.internal.TestInvoker$MethodInvocationAgent.invoke(TestInvoker.java:824)
at org.testng.internal.TestInvoker.invokeTestMethods(TestInvoker.java:146)
at org.testng.internal.TestMethodWorker.invokeTestMethods(TestMethodWorker.java:146)
at org.testng.internal.TestMethodWorker.run(TestMethodWorker.java:128)
at java.base/java.util.ArrayList.forEach(ArrayList.java:1511)
at org.testng.TestRunner.privateRun(TestRunner.java:794)
at org.testng.TestRunner.run(TestRunner.java:596)
at org.testng.SuiteRunner.runTest(SuiteRunner.java:377)
at org.testng.SuiteRunner.runSequentially(SuiteRunner.java:371)
at org.testng.SuiteRunner.privateRun(SuiteRunner.java:332)
at org.testng.SuiteRunner.run(SuiteRunner.java:276)
at org.testng.SuiteRunnerWorker.runSuite(SuiteRunnerWorker.java:53)
at org.testng.SuiteRunnerWorker.run(SuiteRunnerWorker.java:96)
at org.testng.TestNG.runSuitesSequentially(TestNG.java:1212)
at org.testng.TestNG.runSuitesLocally(TestNG.java:1134)
at org.testng.TestNG.runSuites(TestNG.java:1063)
at org.testng.TestNG.run(TestNG.java:1031)
at org.testng.remote.AbstractRemoteTestNG.run(AbstractRemoteTestNG.java:115)
at org.testng.remote.RemoteTestNG.initAndRun(RemoteTestNG.java:251)
at org.testng.remote.RemoteTestNG.main(RemoteTestNG.java:77)
]]>
    </failure>
  </testcase> <!-- Testcase_RowCount_validation -->
  <system-out>
    <![CDATA[Executing Snowflake query :: SELECT count(*) as TOTAL FROM DEV_ENT_RAW.API_MAT.ST_API_JOBAPPOINTMENT WHERE TENANT_NAME='HORIZONSERVICES'
Table Count in Snowflake:: 11348
Executing Snowflake query :: select count(*) as TOTAL from CURATED_DATAMART.ST_API_HORIZONSERVICES.STR_API_JOBAPPOINTMENT WHERE ACTIVE_FLAG='Y'
Table Count in Snowflake:: 9001
Executing Snowflake query :: select count(*) as TOTAL from DEV_ENT_CURATED.MASTER_DIMENSIONS.DIM_JOBAPPOINTMENT WHERE TENANT_TYPE='HORIZONSERVICES' and RECORD_UPDATED_BY='API ETL'
Table Count in Snowflake:: 0
Row Count of Table JOBAPPOINTMENT is not matched for APIMAT :: 11348 DataMart :: 9001
Executing Snowflake query :: select count(*) as TOTAL from DEV_ENT_CURATED.MASTER_DIMENSIONS.DIM_JOBAPPOINTMENT WHERE TENANT_TYPE='HORIZONSERVICES' and RECORD_UPDATED_BY='Backup Table' AND ID in (select ID from CURATED_DATAMART.ST_API_HORIZONSERVICES.STR_API_JOBAPPOINTMENT WHERE ACTIVE_FLAG='Y')
Table Count in Snowflake:: 9001
Row Count of Table JOBAPPOINTMENT is matched for DataMart :: 9001 CURATED :: 9001]]>
  </system-out>
  <testcase classname="testcases.RAW_DATAMART_CURATED.SnowFlake_RowCount_Master" name="Testcase_RowCount_validation" time="3.288">
    <failure message="The following asserts failed:
	null" type="java.lang.AssertionError">
      <![CDATA[java.lang.AssertionError: The following asserts failed:
null
at org.testng.asserts.SoftAssert.assertAll(SoftAssert.java:47)
at org.testng.asserts.SoftAssert.assertAll(SoftAssert.java:31)
at testcases.RAW_DATAMART_CURATED.SnowFlake_RowCount_Master.validate_RowCount_BKP(SnowFlake_RowCount_Master.java:56)
at testcases.RAW_DATAMART_CURATED.SnowFlake_RowCount_Master.Testcase_RowCount_validation(SnowFlake_RowCount_Master.java:25)
at jdk.internal.reflect.GeneratedMethodAccessor13.invoke(Unknown Source)
at java.base/jdk.internal.reflect.DelegatingMethodAccessorImpl.invoke(DelegatingMethodAccessorImpl.java:43)
at java.base/java.lang.reflect.Method.invoke(Method.java:568)
at org.testng.internal.MethodInvocationHelper.invokeMethod(MethodInvocationHelper.java:133)
at org.testng.internal.TestInvoker.invokeMethod(TestInvoker.java:598)
at org.testng.internal.TestInvoker.invokeTestMethod(TestInvoker.java:173)
at org.testng.internal.MethodRunner.runInSequence(MethodRunner.java:46)
at org.testng.internal.TestInvoker$MethodInvocationAgent.invoke(TestInvoker.java:824)
at org.testng.internal.TestInvoker.invokeTestMethods(TestInvoker.java:146)
at org.testng.internal.TestMethodWorker.invokeTestMethods(TestMethodWorker.java:146)
at org.testng.internal.TestMethodWorker.run(TestMethodWorker.java:128)
at java.base/java.util.ArrayList.forEach(ArrayList.java:1511)
at org.testng.TestRunner.privateRun(TestRunner.java:794)
at org.testng.TestRunner.run(TestRunner.java:596)
at org.testng.SuiteRunner.runTest(SuiteRunner.java:377)
at org.testng.SuiteRunner.runSequentially(SuiteRunner.java:371)
at org.testng.SuiteRunner.privateRun(SuiteRunner.java:332)
at org.testng.SuiteRunner.run(SuiteRunner.java:276)
at org.testng.SuiteRunnerWorker.runSuite(SuiteRunnerWorker.java:53)
at org.testng.SuiteRunnerWorker.run(SuiteRunnerWorker.java:96)
at org.testng.TestNG.runSuitesSequentially(TestNG.java:1212)
at org.testng.TestNG.runSuitesLocally(TestNG.java:1134)
at org.testng.TestNG.runSuites(TestNG.java:1063)
at org.testng.TestNG.run(TestNG.java:1031)
at org.testng.remote.AbstractRemoteTestNG.run(AbstractRemoteTestNG.java:115)
at org.testng.remote.RemoteTestNG.initAndRun(RemoteTestNG.java:251)
at org.testng.remote.RemoteTestNG.main(RemoteTestNG.java:77)
]]>
    </failure>
  </testcase> <!-- Testcase_RowCount_validation -->
  <system-out>
    <![CDATA[Executing Snowflake query :: SELECT count(*) as TOTAL FROM DEV_ENT_RAW.ST_GOLDMEDAL_MATILLION.PAYMENTSPLIT
Table Count in Snowflake:: 815580
Executing Snowflake query :: select count(*) as TOTAL from CURATED_DATAMART.ST_BKP_GOLDMEDAL.STR_PAYMENTSPLIT Where ACTIVE_FLAG='Y'
Table Count in Snowflake:: 815210
Executing Snowflake query :: select count(*) as TOTAL from DEV_ENT_CURATED.MASTER_DIMENSIONS.DIM_PAYMENTSPLIT where tenant_type='GOLDMEDAL' and RECORD_UPDATED_BY='Backup Table'
Table Count in Snowflake:: 815204
Row Count of Table PAYMENTSPLIT is not matched for RAW :: 815580 DataMart :: 815210 CURATED :: 815204]]>
  </system-out>
  <testcase classname="testcases.RAW_DATAMART_CURATED.SnowFlake_RowCount_Master" name="Testcase_RowCount_validation" time="1.943">
    <failure message="The following asserts failed:
	null" type="java.lang.AssertionError">
      <![CDATA[java.lang.AssertionError: The following asserts failed:
null
at org.testng.asserts.SoftAssert.assertAll(SoftAssert.java:47)
at org.testng.asserts.SoftAssert.assertAll(SoftAssert.java:31)
at testcases.RAW_DATAMART_CURATED.SnowFlake_RowCount_Master.validate_RowCount_BKP(SnowFlake_RowCount_Master.java:56)
at testcases.RAW_DATAMART_CURATED.SnowFlake_RowCount_Master.Testcase_RowCount_validation(SnowFlake_RowCount_Master.java:25)
at jdk.internal.reflect.GeneratedMethodAccessor13.invoke(Unknown Source)
at java.base/jdk.internal.reflect.DelegatingMethodAccessorImpl.invoke(DelegatingMethodAccessorImpl.java:43)
at java.base/java.lang.reflect.Method.invoke(Method.java:568)
at org.testng.internal.MethodInvocationHelper.invokeMethod(MethodInvocationHelper.java:133)
at org.testng.internal.TestInvoker.invokeMethod(TestInvoker.java:598)
at org.testng.internal.TestInvoker.invokeTestMethod(TestInvoker.java:173)
at org.testng.internal.MethodRunner.runInSequence(MethodRunner.java:46)
at org.testng.internal.TestInvoker$MethodInvocationAgent.invoke(TestInvoker.java:824)
at org.testng.internal.TestInvoker.invokeTestMethods(TestInvoker.java:146)
at org.testng.internal.TestMethodWorker.invokeTestMethods(TestMethodWorker.java:146)
at org.testng.internal.TestMethodWorker.run(TestMethodWorker.java:128)
at java.base/java.util.ArrayList.forEach(ArrayList.java:1511)
at org.testng.TestRunner.privateRun(TestRunner.java:794)
at org.testng.TestRunner.run(TestRunner.java:596)
at org.testng.SuiteRunner.runTest(SuiteRunner.java:377)
at org.testng.SuiteRunner.runSequentially(SuiteRunner.java:371)
at org.testng.SuiteRunner.privateRun(SuiteRunner.java:332)
at org.testng.SuiteRunner.run(SuiteRunner.java:276)
at org.testng.SuiteRunnerWorker.runSuite(SuiteRunnerWorker.java:53)
at org.testng.SuiteRunnerWorker.run(SuiteRunnerWorker.java:96)
at org.testng.TestNG.runSuitesSequentially(TestNG.java:1212)
at org.testng.TestNG.runSuitesLocally(TestNG.java:1134)
at org.testng.TestNG.runSuites(TestNG.java:1063)
at org.testng.TestNG.run(TestNG.java:1031)
at org.testng.remote.AbstractRemoteTestNG.run(AbstractRemoteTestNG.java:115)
at org.testng.remote.RemoteTestNG.initAndRun(RemoteTestNG.java:251)
at org.testng.remote.RemoteTestNG.main(RemoteTestNG.java:77)
]]>
    </failure>
  </testcase> <!-- Testcase_RowCount_validation -->
  <system-out>
    <![CDATA[Executing Snowflake query :: SELECT count(*) as TOTAL FROM DEV_ENT_RAW.ST_FOURPROS_MATILLION.OPPORTUNITY
Table Count in Snowflake:: 85185
Executing Snowflake query :: select count(*) as TOTAL from CURATED_DATAMART.ST_BKP_FOURPROS.STR_OPPORTUNITY Where ACTIVE_FLAG='Y'
Table Count in Snowflake:: 85172
Executing Snowflake query :: select count(*) as TOTAL from DEV_ENT_CURATED.MASTER_DIMENSIONS.DIM_OPPORTUNITY where tenant_type='FOURPROS' and RECORD_UPDATED_BY='Backup Table'
Table Count in Snowflake:: 85142
Row Count of Table OPPORTUNITY is not matched for RAW :: 85185 DataMart :: 85172 CURATED :: 85142]]>
  </system-out>
  <testcase classname="testcases.RAW_DATAMART_CURATED.SnowFlake_RowCount_Master" name="Testcase_RowCount_validation" time="2.629">
    <failure message="The following asserts failed:
	null" type="java.lang.AssertionError">
      <![CDATA[java.lang.AssertionError: The following asserts failed:
null
at org.testng.asserts.SoftAssert.assertAll(SoftAssert.java:47)
at org.testng.asserts.SoftAssert.assertAll(SoftAssert.java:31)
at testcases.RAW_DATAMART_CURATED.SnowFlake_RowCount_Master.validate_RowCount_BKP(SnowFlake_RowCount_Master.java:56)
at testcases.RAW_DATAMART_CURATED.SnowFlake_RowCount_Master.Testcase_RowCount_validation(SnowFlake_RowCount_Master.java:25)
at jdk.internal.reflect.GeneratedMethodAccessor13.invoke(Unknown Source)
at java.base/jdk.internal.reflect.DelegatingMethodAccessorImpl.invoke(DelegatingMethodAccessorImpl.java:43)
at java.base/java.lang.reflect.Method.invoke(Method.java:568)
at org.testng.internal.MethodInvocationHelper.invokeMethod(MethodInvocationHelper.java:133)
at org.testng.internal.TestInvoker.invokeMethod(TestInvoker.java:598)
at org.testng.internal.TestInvoker.invokeTestMethod(TestInvoker.java:173)
at org.testng.internal.MethodRunner.runInSequence(MethodRunner.java:46)
at org.testng.internal.TestInvoker$MethodInvocationAgent.invoke(TestInvoker.java:824)
at org.testng.internal.TestInvoker.invokeTestMethods(TestInvoker.java:146)
at org.testng.internal.TestMethodWorker.invokeTestMethods(TestMethodWorker.java:146)
at org.testng.internal.TestMethodWorker.run(TestMethodWorker.java:128)
at java.base/java.util.ArrayList.forEach(ArrayList.java:1511)
at org.testng.TestRunner.privateRun(TestRunner.java:794)
at org.testng.TestRunner.run(TestRunner.java:596)
at org.testng.SuiteRunner.runTest(SuiteRunner.java:377)
at org.testng.SuiteRunner.runSequentially(SuiteRunner.java:371)
at org.testng.SuiteRunner.privateRun(SuiteRunner.java:332)
at org.testng.SuiteRunner.run(SuiteRunner.java:276)
at org.testng.SuiteRunnerWorker.runSuite(SuiteRunnerWorker.java:53)
at org.testng.SuiteRunnerWorker.run(SuiteRunnerWorker.java:96)
at org.testng.TestNG.runSuitesSequentially(TestNG.java:1212)
at org.testng.TestNG.runSuitesLocally(TestNG.java:1134)
at org.testng.TestNG.runSuites(TestNG.java:1063)
at org.testng.TestNG.run(TestNG.java:1031)
at org.testng.remote.AbstractRemoteTestNG.run(AbstractRemoteTestNG.java:115)
at org.testng.remote.RemoteTestNG.initAndRun(RemoteTestNG.java:251)
at org.testng.remote.RemoteTestNG.main(RemoteTestNG.java:77)
]]>
    </failure>
  </testcase> <!-- Testcase_RowCount_validation -->
  <system-out>
    <![CDATA[Executing Snowflake query :: SELECT count(*) as TOTAL FROM DEV_ENT_RAW.ST_BILLFENWICK_MATILLION.ESTIMATE
Table Count in Snowflake:: 57960
Executing Snowflake query :: select count(*) as TOTAL from CURATED_DATAMART.ST_BKP_BILLFENWICK.STR_ESTIMATE Where ACTIVE_FLAG='Y'
Table Count in Snowflake:: 57713
Executing Snowflake query :: select count(*) as TOTAL from DEV_ENT_CURATED.MASTER_DIMENSIONS.DIM_ESTIMATE where tenant_type='BILLFENWICK' and RECORD_UPDATED_BY='Backup Table'
Table Count in Snowflake:: 57316
Row Count of Table ESTIMATE is not matched for RAW :: 57960 DataMart :: 57713 CURATED :: 57316]]>
  </system-out>
  <testcase classname="testcases.RAW_DATAMART_CURATED.SnowFlake_RowCount_Master" name="Testcase_RowCount_validation" time="2.542"/>
  <system-out>
    <![CDATA[Executing Snowflake query :: SELECT count(*) as TOTAL FROM DEV_ENT_RAW.API_MAT.ST_API_CANCELJOBREASON WHERE TENANT_NAME='EANESHEATING'
Table Count in Snowflake:: 28
Executing Snowflake query :: select count(*) as TOTAL from CURATED_DATAMART.ST_API_EANESHEATING.STR_API_CANCELJOBREASON WHERE ACTIVE_FLAG='Y'
Table Count in Snowflake:: 28
Executing Snowflake query :: select count(*) as TOTAL from DEV_ENT_CURATED.MASTER_DIMENSIONS.DIM_CANCELJOBREASON WHERE TENANT_TYPE='EANESHEATING' and RECORD_UPDATED_BY='API ETL'
Table Count in Snowflake:: 0
Row Count of Table CANCELJOBREASON is matched for APIMAT :: 28 DataMart :: 28
Executing Snowflake query :: select count(*) as TOTAL from DEV_ENT_CURATED.MASTER_DIMENSIONS.DIM_CANCELJOBREASON WHERE TENANT_TYPE='EANESHEATING' and RECORD_UPDATED_BY='Backup Table' AND ID in (select ID from CURATED_DATAMART.ST_API_EANESHEATING.STR_API_CANCELJOBREASON WHERE ACTIVE_FLAG='Y')
Table Count in Snowflake:: 28
Row Count of Table CANCELJOBREASON is matched for DataMart :: 28 CURATED :: 28]]>
  </system-out>
  <testcase classname="testcases.RAW_DATAMART_CURATED.SnowFlake_RowCount_Master" name="Testcase_RowCount_validation" time="1.600">
    <failure message="The following asserts failed:
	null" type="java.lang.AssertionError">
      <![CDATA[java.lang.AssertionError: The following asserts failed:
null
at org.testng.asserts.SoftAssert.assertAll(SoftAssert.java:47)
at org.testng.asserts.SoftAssert.assertAll(SoftAssert.java:31)
at testcases.RAW_DATAMART_CURATED.SnowFlake_RowCount_Master.validate_RowCount_BKP(SnowFlake_RowCount_Master.java:56)
at testcases.RAW_DATAMART_CURATED.SnowFlake_RowCount_Master.Testcase_RowCount_validation(SnowFlake_RowCount_Master.java:25)
at jdk.internal.reflect.GeneratedMethodAccessor13.invoke(Unknown Source)
at java.base/jdk.internal.reflect.DelegatingMethodAccessorImpl.invoke(DelegatingMethodAccessorImpl.java:43)
at java.base/java.lang.reflect.Method.invoke(Method.java:568)
at org.testng.internal.MethodInvocationHelper.invokeMethod(MethodInvocationHelper.java:133)
at org.testng.internal.TestInvoker.invokeMethod(TestInvoker.java:598)
at org.testng.internal.TestInvoker.invokeTestMethod(TestInvoker.java:173)
at org.testng.internal.MethodRunner.runInSequence(MethodRunner.java:46)
at org.testng.internal.TestInvoker$MethodInvocationAgent.invoke(TestInvoker.java:824)
at org.testng.internal.TestInvoker.invokeTestMethods(TestInvoker.java:146)
at org.testng.internal.TestMethodWorker.invokeTestMethods(TestMethodWorker.java:146)
at org.testng.internal.TestMethodWorker.run(TestMethodWorker.java:128)
at java.base/java.util.ArrayList.forEach(ArrayList.java:1511)
at org.testng.TestRunner.privateRun(TestRunner.java:794)
at org.testng.TestRunner.run(TestRunner.java:596)
at org.testng.SuiteRunner.runTest(SuiteRunner.java:377)
at org.testng.SuiteRunner.runSequentially(SuiteRunner.java:371)
at org.testng.SuiteRunner.privateRun(SuiteRunner.java:332)
at org.testng.SuiteRunner.run(SuiteRunner.java:276)
at org.testng.SuiteRunnerWorker.runSuite(SuiteRunnerWorker.java:53)
at org.testng.SuiteRunnerWorker.run(SuiteRunnerWorker.java:96)
at org.testng.TestNG.runSuitesSequentially(TestNG.java:1212)
at org.testng.TestNG.runSuitesLocally(TestNG.java:1134)
at org.testng.TestNG.runSuites(TestNG.java:1063)
at org.testng.TestNG.run(TestNG.java:1031)
at org.testng.remote.AbstractRemoteTestNG.run(AbstractRemoteTestNG.java:115)
at org.testng.remote.RemoteTestNG.initAndRun(RemoteTestNG.java:251)
at org.testng.remote.RemoteTestNG.main(RemoteTestNG.java:77)
]]>
    </failure>
  </testcase> <!-- Testcase_RowCount_validation -->
  <system-out>
    <![CDATA[Executing Snowflake query :: SELECT count(*) as TOTAL FROM DEV_ENT_RAW.ST_SNELLHEATINGAIR_MATILLION.EMPLOYEE
Table Count in Snowflake:: 222
Executing Snowflake query :: select count(*) as TOTAL from CURATED_DATAMART.ST_BKP_SNELLHEATINGAIR.STR_EMPLOYEE Where ACTIVE_FLAG='Y'
Table Count in Snowflake:: 222
Executing Snowflake query :: select count(*) as TOTAL from DEV_ENT_CURATED.MASTER_DIMENSIONS.DIM_EMPLOYEE where tenant_type='SNELLHEATINGAIR' and RECORD_UPDATED_BY='Backup Table'
Table Count in Snowflake:: 168
Row Count of Table EMPLOYEE is not matched for RAW :: 222 DataMart :: 222 CURATED :: 168]]>
  </system-out>
  <testcase classname="testcases.RAW_DATAMART_CURATED.SnowFlake_RowCount_Master" name="Testcase_RowCount_validation" time="2.029">
    <failure message="The following asserts failed:
	null,
	null" type="java.lang.AssertionError">
      <![CDATA[java.lang.AssertionError: The following asserts failed:
null,
null
at org.testng.asserts.SoftAssert.assertAll(SoftAssert.java:47)
at org.testng.asserts.SoftAssert.assertAll(SoftAssert.java:31)
at testcases.RAW_DATAMART_CURATED.SnowFlake_RowCount_Master.validate_RowCount_BKP(SnowFlake_RowCount_Master.java:56)
at testcases.RAW_DATAMART_CURATED.SnowFlake_RowCount_Master.Testcase_RowCount_validation(SnowFlake_RowCount_Master.java:25)
at jdk.internal.reflect.GeneratedMethodAccessor13.invoke(Unknown Source)
at java.base/jdk.internal.reflect.DelegatingMethodAccessorImpl.invoke(DelegatingMethodAccessorImpl.java:43)
at java.base/java.lang.reflect.Method.invoke(Method.java:568)
at org.testng.internal.MethodInvocationHelper.invokeMethod(MethodInvocationHelper.java:133)
at org.testng.internal.TestInvoker.invokeMethod(TestInvoker.java:598)
at org.testng.internal.TestInvoker.invokeTestMethod(TestInvoker.java:173)
at org.testng.internal.MethodRunner.runInSequence(MethodRunner.java:46)
at org.testng.internal.TestInvoker$MethodInvocationAgent.invoke(TestInvoker.java:824)
at org.testng.internal.TestInvoker.invokeTestMethods(TestInvoker.java:146)
at org.testng.internal.TestMethodWorker.invokeTestMethods(TestMethodWorker.java:146)
at org.testng.internal.TestMethodWorker.run(TestMethodWorker.java:128)
at java.base/java.util.ArrayList.forEach(ArrayList.java:1511)
at org.testng.TestRunner.privateRun(TestRunner.java:794)
at org.testng.TestRunner.run(TestRunner.java:596)
at org.testng.SuiteRunner.runTest(SuiteRunner.java:377)
at org.testng.SuiteRunner.runSequentially(SuiteRunner.java:371)
at org.testng.SuiteRunner.privateRun(SuiteRunner.java:332)
at org.testng.SuiteRunner.run(SuiteRunner.java:276)
at org.testng.SuiteRunnerWorker.runSuite(SuiteRunnerWorker.java:53)
at org.testng.SuiteRunnerWorker.run(SuiteRunnerWorker.java:96)
at org.testng.TestNG.runSuitesSequentially(TestNG.java:1212)
at org.testng.TestNG.runSuitesLocally(TestNG.java:1134)
at org.testng.TestNG.runSuites(TestNG.java:1063)
at org.testng.TestNG.run(TestNG.java:1031)
at org.testng.remote.AbstractRemoteTestNG.run(AbstractRemoteTestNG.java:115)
at org.testng.remote.RemoteTestNG.initAndRun(RemoteTestNG.java:251)
at org.testng.remote.RemoteTestNG.main(RemoteTestNG.java:77)
]]>
    </failure>
  </testcase> <!-- Testcase_RowCount_validation -->
  <system-out>
    <![CDATA[Executing Snowflake query :: SELECT count(*) as TOTAL FROM DEV_ENT_RAW.ST_SNELLHEATINGAIR_MATILLION.TECHNICIANATTACHEDPROPERTY
Table Count in Snowflake:: 911
Executing Snowflake query :: select count(*) as TOTAL from CURATED_DATAMART.ST_BKP_SNELLHEATINGAIR.STR_TECHNICIANATTACHEDPROPERTY Where ACTIVE_FLAG='Y'
Table Count in Snowflake:: 911
Executing Snowflake query :: select count(*) as TOTAL from DEV_ENT_CURATED.MASTER_DIMENSIONS.DIM_TECHNICIANATTACHEDPROPERTY where tenant_type='SNELLHEATINGAIR' and RECORD_UPDATED_BY='Backup Table'
Snowflake - SQLException at readDB() method :: SQL compilation error: error line 1 at position 135
invalid identifier 'RECORD_UPDATED_BY'
Row Count of Table TECHNICIANATTACHEDPROPERTY is not matched for RAW :: 911 DataMart :: 911 CURATED :: 0]]>
  </system-out>
  <testcase classname="testcases.RAW_DATAMART_CURATED.SnowFlake_RowCount_Master" name="Testcase_RowCount_validation" time="2.199">
    <failure message="The following asserts failed:
	null" type="java.lang.AssertionError">
      <![CDATA[java.lang.AssertionError: The following asserts failed:
null
at org.testng.asserts.SoftAssert.assertAll(SoftAssert.java:47)
at org.testng.asserts.SoftAssert.assertAll(SoftAssert.java:31)
at testcases.RAW_DATAMART_CURATED.SnowFlake_RowCount_Master.validate_RowCount_BKP(SnowFlake_RowCount_Master.java:56)
at testcases.RAW_DATAMART_CURATED.SnowFlake_RowCount_Master.Testcase_RowCount_validation(SnowFlake_RowCount_Master.java:25)
at jdk.internal.reflect.GeneratedMethodAccessor13.invoke(Unknown Source)
at java.base/jdk.internal.reflect.DelegatingMethodAccessorImpl.invoke(DelegatingMethodAccessorImpl.java:43)
at java.base/java.lang.reflect.Method.invoke(Method.java:568)
at org.testng.internal.MethodInvocationHelper.invokeMethod(MethodInvocationHelper.java:133)
at org.testng.internal.TestInvoker.invokeMethod(TestInvoker.java:598)
at org.testng.internal.TestInvoker.invokeTestMethod(TestInvoker.java:173)
at org.testng.internal.MethodRunner.runInSequence(MethodRunner.java:46)
at org.testng.internal.TestInvoker$MethodInvocationAgent.invoke(TestInvoker.java:824)
at org.testng.internal.TestInvoker.invokeTestMethods(TestInvoker.java:146)
at org.testng.internal.TestMethodWorker.invokeTestMethods(TestMethodWorker.java:146)
at org.testng.internal.TestMethodWorker.run(TestMethodWorker.java:128)
at java.base/java.util.ArrayList.forEach(ArrayList.java:1511)
at org.testng.TestRunner.privateRun(TestRunner.java:794)
at org.testng.TestRunner.run(TestRunner.java:596)
at org.testng.SuiteRunner.runTest(SuiteRunner.java:377)
at org.testng.SuiteRunner.runSequentially(SuiteRunner.java:371)
at org.testng.SuiteRunner.privateRun(SuiteRunner.java:332)
at org.testng.SuiteRunner.run(SuiteRunner.java:276)
at org.testng.SuiteRunnerWorker.runSuite(SuiteRunnerWorker.java:53)
at org.testng.SuiteRunnerWorker.run(SuiteRunnerWorker.java:96)
at org.testng.TestNG.runSuitesSequentially(TestNG.java:1212)
at org.testng.TestNG.runSuitesLocally(TestNG.java:1134)
at org.testng.TestNG.runSuites(TestNG.java:1063)
at org.testng.TestNG.run(TestNG.java:1031)
at org.testng.remote.AbstractRemoteTestNG.run(AbstractRemoteTestNG.java:115)
at org.testng.remote.RemoteTestNG.initAndRun(RemoteTestNG.java:251)
at org.testng.remote.RemoteTestNG.main(RemoteTestNG.java:77)
]]>
    </failure>
  </testcase> <!-- Testcase_RowCount_validation -->
  <system-out>
    <![CDATA[Executing Snowflake query :: SELECT count(*) as TOTAL FROM DEV_ENT_RAW.ST_HDAIR_MATILLION.GROSSPAYITEM
Snowflake - SQLException at readDB() method :: SQL compilation error:
Object 'DEV_ENT_RAW.ST_HDAIR_MATILLION.GROSSPAYITEM' does not exist or not authorized.
Executing Snowflake query :: select count(*) as TOTAL from CURATED_DATAMART.ST_BKP_HDAIR.STR_GROSSPAYITEM Where ACTIVE_FLAG='Y'
Table Count in Snowflake:: 113362
Executing Snowflake query :: select count(*) as TOTAL from DEV_ENT_CURATED.MASTER_DIMENSIONS.DIM_GROSSPAYITEM where tenant_type='HDAIR' and RECORD_UPDATED_BY='Backup Table'
Table Count in Snowflake:: 113362
Row Count of Table GROSSPAYITEM is matched for RAW :: 0 DataMart :: 113362 CURATED :: 113362]]>
  </system-out>
  <testcase classname="testcases.RAW_DATAMART_CURATED.SnowFlake_RowCount_Master" name="Testcase_RowCount_validation" time="2.449">
    <failure message="The following asserts failed:
	null" type="java.lang.AssertionError">
      <![CDATA[java.lang.AssertionError: The following asserts failed:
null
at org.testng.asserts.SoftAssert.assertAll(SoftAssert.java:47)
at org.testng.asserts.SoftAssert.assertAll(SoftAssert.java:31)
at testcases.RAW_DATAMART_CURATED.SnowFlake_RowCount_Master.validate_RowCount_API(SnowFlake_RowCount_Master.java:115)
at testcases.RAW_DATAMART_CURATED.SnowFlake_RowCount_Master.Testcase_RowCount_validation(SnowFlake_RowCount_Master.java:28)
at jdk.internal.reflect.GeneratedMethodAccessor13.invoke(Unknown Source)
at java.base/jdk.internal.reflect.DelegatingMethodAccessorImpl.invoke(DelegatingMethodAccessorImpl.java:43)
at java.base/java.lang.reflect.Method.invoke(Method.java:568)
at org.testng.internal.MethodInvocationHelper.invokeMethod(MethodInvocationHelper.java:133)
at org.testng.internal.TestInvoker.invokeMethod(TestInvoker.java:598)
at org.testng.internal.TestInvoker.invokeTestMethod(TestInvoker.java:173)
at org.testng.internal.MethodRunner.runInSequence(MethodRunner.java:46)
at org.testng.internal.TestInvoker$MethodInvocationAgent.invoke(TestInvoker.java:824)
at org.testng.internal.TestInvoker.invokeTestMethods(TestInvoker.java:146)
at org.testng.internal.TestMethodWorker.invokeTestMethods(TestMethodWorker.java:146)
at org.testng.internal.TestMethodWorker.run(TestMethodWorker.java:128)
at java.base/java.util.ArrayList.forEach(ArrayList.java:1511)
at org.testng.TestRunner.privateRun(TestRunner.java:794)
at org.testng.TestRunner.run(TestRunner.java:596)
at org.testng.SuiteRunner.runTest(SuiteRunner.java:377)
at org.testng.SuiteRunner.runSequentially(SuiteRunner.java:371)
at org.testng.SuiteRunner.privateRun(SuiteRunner.java:332)
at org.testng.SuiteRunner.run(SuiteRunner.java:276)
at org.testng.SuiteRunnerWorker.runSuite(SuiteRunnerWorker.java:53)
at org.testng.SuiteRunnerWorker.run(SuiteRunnerWorker.java:96)
at org.testng.TestNG.runSuitesSequentially(TestNG.java:1212)
at org.testng.TestNG.runSuitesLocally(TestNG.java:1134)
at org.testng.TestNG.runSuites(TestNG.java:1063)
at org.testng.TestNG.run(TestNG.java:1031)
at org.testng.remote.AbstractRemoteTestNG.run(AbstractRemoteTestNG.java:115)
at org.testng.remote.RemoteTestNG.initAndRun(RemoteTestNG.java:251)
at org.testng.remote.RemoteTestNG.main(RemoteTestNG.java:77)
]]>
    </failure>
  </testcase> <!-- Testcase_RowCount_validation -->
  <system-out>
    <![CDATA[Executing Snowflake query :: SELECT count(*) as TOTAL FROM DEV_ENT_RAW.API_MAT.ST_API_ZONE WHERE TENANT_NAME='HDAIR'
Table Count in Snowflake:: 11
Executing Snowflake query :: select count(*) as TOTAL from CURATED_DATAMART.ST_API_HDAIR.STR_API_ZONE WHERE ACTIVE_FLAG='Y'
Table Count in Snowflake:: 11
Executing Snowflake query :: select count(*) as TOTAL from DEV_ENT_CURATED.MASTER_DIMENSIONS.DIM_ZONE WHERE TENANT_TYPE='HDAIR' and RECORD_UPDATED_BY='API ETL'
Table Count in Snowflake:: 10
Row Count of Table ZONE is matched for APIMAT :: 11 DataMart :: 11
Executing Snowflake query :: select count(*) as TOTAL from DEV_ENT_CURATED.MASTER_DIMENSIONS.DIM_ZONE WHERE TENANT_TYPE='HDAIR' and RECORD_UPDATED_BY='Backup Table' AND ID in (select ID from CURATED_DATAMART.ST_API_HDAIR.STR_API_ZONE WHERE ACTIVE_FLAG='Y')
Table Count in Snowflake:: 1
Row Count of Table ZONE is not matched for DataMart :: 11 CURATED :: 1]]>
  </system-out>
  <testcase classname="testcases.RAW_DATAMART_CURATED.SnowFlake_RowCount_Master" name="Testcase_RowCount_validation" time="1.513">
    <failure message="The following asserts failed:
	null" type="java.lang.AssertionError">
      <![CDATA[java.lang.AssertionError: The following asserts failed:
null
at org.testng.asserts.SoftAssert.assertAll(SoftAssert.java:47)
at org.testng.asserts.SoftAssert.assertAll(SoftAssert.java:31)
at testcases.RAW_DATAMART_CURATED.SnowFlake_RowCount_Master.validate_RowCount_BKP(SnowFlake_RowCount_Master.java:56)
at testcases.RAW_DATAMART_CURATED.SnowFlake_RowCount_Master.Testcase_RowCount_validation(SnowFlake_RowCount_Master.java:25)
at jdk.internal.reflect.GeneratedMethodAccessor13.invoke(Unknown Source)
at java.base/jdk.internal.reflect.DelegatingMethodAccessorImpl.invoke(DelegatingMethodAccessorImpl.java:43)
at java.base/java.lang.reflect.Method.invoke(Method.java:568)
at org.testng.internal.MethodInvocationHelper.invokeMethod(MethodInvocationHelper.java:133)
at org.testng.internal.TestInvoker.invokeMethod(TestInvoker.java:598)
at org.testng.internal.TestInvoker.invokeTestMethod(TestInvoker.java:173)
at org.testng.internal.MethodRunner.runInSequence(MethodRunner.java:46)
at org.testng.internal.TestInvoker$MethodInvocationAgent.invoke(TestInvoker.java:824)
at org.testng.internal.TestInvoker.invokeTestMethods(TestInvoker.java:146)
at org.testng.internal.TestMethodWorker.invokeTestMethods(TestMethodWorker.java:146)
at org.testng.internal.TestMethodWorker.run(TestMethodWorker.java:128)
at java.base/java.util.ArrayList.forEach(ArrayList.java:1511)
at org.testng.TestRunner.privateRun(TestRunner.java:794)
at org.testng.TestRunner.run(TestRunner.java:596)
at org.testng.SuiteRunner.runTest(SuiteRunner.java:377)
at org.testng.SuiteRunner.runSequentially(SuiteRunner.java:371)
at org.testng.SuiteRunner.privateRun(SuiteRunner.java:332)
at org.testng.SuiteRunner.run(SuiteRunner.java:276)
at org.testng.SuiteRunnerWorker.runSuite(SuiteRunnerWorker.java:53)
at org.testng.SuiteRunnerWorker.run(SuiteRunnerWorker.java:96)
at org.testng.TestNG.runSuitesSequentially(TestNG.java:1212)
at org.testng.TestNG.runSuitesLocally(TestNG.java:1134)
at org.testng.TestNG.runSuites(TestNG.java:1063)
at org.testng.TestNG.run(TestNG.java:1031)
at org.testng.remote.AbstractRemoteTestNG.run(AbstractRemoteTestNG.java:115)
at org.testng.remote.RemoteTestNG.initAndRun(RemoteTestNG.java:251)
at org.testng.remote.RemoteTestNG.main(RemoteTestNG.java:77)
]]>
    </failure>
  </testcase> <!-- Testcase_RowCount_validation -->
  <system-out>
    <![CDATA[Executing Snowflake query :: SELECT count(*) as TOTAL FROM DEV_ENT_RAW.ST_GOLDMEDAL_MATILLION.CUSTOMERMEMBERSHIP
Table Count in Snowflake:: 102055
Executing Snowflake query :: select count(*) as TOTAL from CURATED_DATAMART.ST_BKP_GOLDMEDAL.STR_CUSTOMERMEMBERSHIP Where ACTIVE_FLAG='Y'
Table Count in Snowflake:: 102033
Executing Snowflake query :: select count(*) as TOTAL from DEV_ENT_CURATED.MASTER_DIMENSIONS.DIM_CUSTOMERMEMBERSHIP where tenant_type='GOLDMEDAL' and RECORD_UPDATED_BY='Backup Table'
Table Count in Snowflake:: 0
Row Count of Table CUSTOMERMEMBERSHIP is not matched for RAW :: 102055 DataMart :: 102033 CURATED :: 0]]>
  </system-out>
  <testcase classname="testcases.RAW_DATAMART_CURATED.SnowFlake_RowCount_Master" name="Testcase_RowCount_validation" time="1.779">
    <failure message="The following asserts failed:
	null" type="java.lang.AssertionError">
      <![CDATA[java.lang.AssertionError: The following asserts failed:
null
at org.testng.asserts.SoftAssert.assertAll(SoftAssert.java:47)
at org.testng.asserts.SoftAssert.assertAll(SoftAssert.java:31)
at testcases.RAW_DATAMART_CURATED.SnowFlake_RowCount_Master.validate_RowCount_BKP(SnowFlake_RowCount_Master.java:56)
at testcases.RAW_DATAMART_CURATED.SnowFlake_RowCount_Master.Testcase_RowCount_validation(SnowFlake_RowCount_Master.java:25)
at jdk.internal.reflect.GeneratedMethodAccessor13.invoke(Unknown Source)
at java.base/jdk.internal.reflect.DelegatingMethodAccessorImpl.invoke(DelegatingMethodAccessorImpl.java:43)
at java.base/java.lang.reflect.Method.invoke(Method.java:568)
at org.testng.internal.MethodInvocationHelper.invokeMethod(MethodInvocationHelper.java:133)
at org.testng.internal.TestInvoker.invokeMethod(TestInvoker.java:598)
at org.testng.internal.TestInvoker.invokeTestMethod(TestInvoker.java:173)
at org.testng.internal.MethodRunner.runInSequence(MethodRunner.java:46)
at org.testng.internal.TestInvoker$MethodInvocationAgent.invoke(TestInvoker.java:824)
at org.testng.internal.TestInvoker.invokeTestMethods(TestInvoker.java:146)
at org.testng.internal.TestMethodWorker.invokeTestMethods(TestMethodWorker.java:146)
at org.testng.internal.TestMethodWorker.run(TestMethodWorker.java:128)
at java.base/java.util.ArrayList.forEach(ArrayList.java:1511)
at org.testng.TestRunner.privateRun(TestRunner.java:794)
at org.testng.TestRunner.run(TestRunner.java:596)
at org.testng.SuiteRunner.runTest(SuiteRunner.java:377)
at org.testng.SuiteRunner.runSequentially(SuiteRunner.java:371)
at org.testng.SuiteRunner.privateRun(SuiteRunner.java:332)
at org.testng.SuiteRunner.run(SuiteRunner.java:276)
at org.testng.SuiteRunnerWorker.runSuite(SuiteRunnerWorker.java:53)
at org.testng.SuiteRunnerWorker.run(SuiteRunnerWorker.java:96)
at org.testng.TestNG.runSuitesSequentially(TestNG.java:1212)
at org.testng.TestNG.runSuitesLocally(TestNG.java:1134)
at org.testng.TestNG.runSuites(TestNG.java:1063)
at org.testng.TestNG.run(TestNG.java:1031)
at org.testng.remote.AbstractRemoteTestNG.run(AbstractRemoteTestNG.java:115)
at org.testng.remote.RemoteTestNG.initAndRun(RemoteTestNG.java:251)
at org.testng.remote.RemoteTestNG.main(RemoteTestNG.java:77)
]]>
    </failure>
  </testcase> <!-- Testcase_RowCount_validation -->
  <system-out>
    <![CDATA[Executing Snowflake query :: SELECT count(*) as TOTAL FROM DEV_ENT_RAW.ST_SNELLHEATINGAIR_MATILLION.TRUCK
Table Count in Snowflake:: 115
Executing Snowflake query :: select count(*) as TOTAL from CURATED_DATAMART.ST_BKP_SNELLHEATINGAIR.STR_TRUCK Where ACTIVE_FLAG='Y'
Table Count in Snowflake:: 230
Executing Snowflake query :: select count(*) as TOTAL from DEV_ENT_CURATED.MASTER_DIMENSIONS.DIM_TRUCK where tenant_type='SNELLHEATINGAIR' and RECORD_UPDATED_BY='Backup Table'
Table Count in Snowflake:: 143
Row Count of Table TRUCK is not matched for RAW :: 115 DataMart :: 230 CURATED :: 143]]>
  </system-out>
  <testcase classname="testcases.RAW_DATAMART_CURATED.SnowFlake_RowCount_Master" name="Testcase_RowCount_validation" time="1.845">
    <failure message="The following asserts failed:
	null" type="java.lang.AssertionError">
      <![CDATA[java.lang.AssertionError: The following asserts failed:
null
at org.testng.asserts.SoftAssert.assertAll(SoftAssert.java:47)
at org.testng.asserts.SoftAssert.assertAll(SoftAssert.java:31)
at testcases.RAW_DATAMART_CURATED.SnowFlake_RowCount_Master.validate_RowCount_BKP(SnowFlake_RowCount_Master.java:56)
at testcases.RAW_DATAMART_CURATED.SnowFlake_RowCount_Master.Testcase_RowCount_validation(SnowFlake_RowCount_Master.java:25)
at jdk.internal.reflect.GeneratedMethodAccessor13.invoke(Unknown Source)
at java.base/jdk.internal.reflect.DelegatingMethodAccessorImpl.invoke(DelegatingMethodAccessorImpl.java:43)
at java.base/java.lang.reflect.Method.invoke(Method.java:568)
at org.testng.internal.MethodInvocationHelper.invokeMethod(MethodInvocationHelper.java:133)
at org.testng.internal.TestInvoker.invokeMethod(TestInvoker.java:598)
at org.testng.internal.TestInvoker.invokeTestMethod(TestInvoker.java:173)
at org.testng.internal.MethodRunner.runInSequence(MethodRunner.java:46)
at org.testng.internal.TestInvoker$MethodInvocationAgent.invoke(TestInvoker.java:824)
at org.testng.internal.TestInvoker.invokeTestMethods(TestInvoker.java:146)
at org.testng.internal.TestMethodWorker.invokeTestMethods(TestMethodWorker.java:146)
at org.testng.internal.TestMethodWorker.run(TestMethodWorker.java:128)
at java.base/java.util.ArrayList.forEach(ArrayList.java:1511)
at org.testng.TestRunner.privateRun(TestRunner.java:794)
at org.testng.TestRunner.run(TestRunner.java:596)
at org.testng.SuiteRunner.runTest(SuiteRunner.java:377)
at org.testng.SuiteRunner.runSequentially(SuiteRunner.java:371)
at org.testng.SuiteRunner.privateRun(SuiteRunner.java:332)
at org.testng.SuiteRunner.run(SuiteRunner.java:276)
at org.testng.SuiteRunnerWorker.runSuite(SuiteRunnerWorker.java:53)
at org.testng.SuiteRunnerWorker.run(SuiteRunnerWorker.java:96)
at org.testng.TestNG.runSuitesSequentially(TestNG.java:1212)
at org.testng.TestNG.runSuitesLocally(TestNG.java:1134)
at org.testng.TestNG.runSuites(TestNG.java:1063)
at org.testng.TestNG.run(TestNG.java:1031)
at org.testng.remote.AbstractRemoteTestNG.run(AbstractRemoteTestNG.java:115)
at org.testng.remote.RemoteTestNG.initAndRun(RemoteTestNG.java:251)
at org.testng.remote.RemoteTestNG.main(RemoteTestNG.java:77)
]]>
    </failure>
  </testcase> <!-- Testcase_RowCount_validation -->
  <system-out>
    <![CDATA[Executing Snowflake query :: SELECT count(*) as TOTAL FROM DEV_ENT_RAW.ST_BILLFENWICK_MATILLION.TECHNICIANSHIFT
Snowflake - SQLException at readDB() method :: SQL compilation error:
Object 'DEV_ENT_RAW.ST_BILLFENWICK_MATILLION.TECHNICIANSHIFT' does not exist or not authorized.
Executing Snowflake query :: select count(*) as TOTAL from CURATED_DATAMART.ST_BKP_BILLFENWICK.STR_TECHNICIANSHIFT Where ACTIVE_FLAG='Y'
Table Count in Snowflake:: 59180
Executing Snowflake query :: select count(*) as TOTAL from DEV_ENT_CURATED.MASTER_DIMENSIONS.DIM_TECHNICIANSHIFT where tenant_type='BILLFENWICK' and RECORD_UPDATED_BY='Backup Table'
Table Count in Snowflake:: 59180
Row Count of Table TECHNICIANSHIFT is matched for RAW :: 0 DataMart :: 59180 CURATED :: 59180]]>
  </system-out>
  <testcase classname="testcases.RAW_DATAMART_CURATED.SnowFlake_RowCount_Master" name="Testcase_RowCount_validation" time="1.231">
    <failure message="The following asserts failed:
	null" type="java.lang.AssertionError">
      <![CDATA[java.lang.AssertionError: The following asserts failed:
null
at org.testng.asserts.SoftAssert.assertAll(SoftAssert.java:47)
at org.testng.asserts.SoftAssert.assertAll(SoftAssert.java:31)
at testcases.RAW_DATAMART_CURATED.SnowFlake_RowCount_Master.validate_RowCount_BKP(SnowFlake_RowCount_Master.java:56)
at testcases.RAW_DATAMART_CURATED.SnowFlake_RowCount_Master.Testcase_RowCount_validation(SnowFlake_RowCount_Master.java:25)
at jdk.internal.reflect.GeneratedMethodAccessor13.invoke(Unknown Source)
at java.base/jdk.internal.reflect.DelegatingMethodAccessorImpl.invoke(DelegatingMethodAccessorImpl.java:43)
at java.base/java.lang.reflect.Method.invoke(Method.java:568)
at org.testng.internal.MethodInvocationHelper.invokeMethod(MethodInvocationHelper.java:133)
at org.testng.internal.TestInvoker.invokeMethod(TestInvoker.java:598)
at org.testng.internal.TestInvoker.invokeTestMethod(TestInvoker.java:173)
at org.testng.internal.MethodRunner.runInSequence(MethodRunner.java:46)
at org.testng.internal.TestInvoker$MethodInvocationAgent.invoke(TestInvoker.java:824)
at org.testng.internal.TestInvoker.invokeTestMethods(TestInvoker.java:146)
at org.testng.internal.TestMethodWorker.invokeTestMethods(TestMethodWorker.java:146)
at org.testng.internal.TestMethodWorker.run(TestMethodWorker.java:128)
at java.base/java.util.ArrayList.forEach(ArrayList.java:1511)
at org.testng.TestRunner.privateRun(TestRunner.java:794)
at org.testng.TestRunner.run(TestRunner.java:596)
at org.testng.SuiteRunner.runTest(SuiteRunner.java:377)
at org.testng.SuiteRunner.runSequentially(SuiteRunner.java:371)
at org.testng.SuiteRunner.privateRun(SuiteRunner.java:332)
at org.testng.SuiteRunner.run(SuiteRunner.java:276)
at org.testng.SuiteRunnerWorker.runSuite(SuiteRunnerWorker.java:53)
at org.testng.SuiteRunnerWorker.run(SuiteRunnerWorker.java:96)
at org.testng.TestNG.runSuitesSequentially(TestNG.java:1212)
at org.testng.TestNG.runSuitesLocally(TestNG.java:1134)
at org.testng.TestNG.runSuites(TestNG.java:1063)
at org.testng.TestNG.run(TestNG.java:1031)
at org.testng.remote.AbstractRemoteTestNG.run(AbstractRemoteTestNG.java:115)
at org.testng.remote.RemoteTestNG.initAndRun(RemoteTestNG.java:251)
at org.testng.remote.RemoteTestNG.main(RemoteTestNG.java:77)
]]>
    </failure>
  </testcase> <!-- Testcase_RowCount_validation -->
  <system-out>
    <![CDATA[Executing Snowflake query :: SELECT count(*) as TOTAL FROM DEV_ENT_RAW.ST_HUTCHINSON_MATILLION.TECHNICIANSHIFT
Snowflake - SQLException at readDB() method :: SQL compilation error:
Object 'DEV_ENT_RAW.ST_HUTCHINSON_MATILLION.TECHNICIANSHIFT' does not exist or not authorized.
Executing Snowflake query :: select count(*) as TOTAL from CURATED_DATAMART.ST_BKP_HUTCHINSON.STR_TECHNICIANSHIFT Where ACTIVE_FLAG='Y'
Table Count in Snowflake:: 30027
Executing Snowflake query :: select count(*) as TOTAL from DEV_ENT_CURATED.MASTER_DIMENSIONS.DIM_TECHNICIANSHIFT where tenant_type='HUTCHINSON' and RECORD_UPDATED_BY='Backup Table'
Table Count in Snowflake:: 30027
Row Count of Table TECHNICIANSHIFT is matched for RAW :: 0 DataMart :: 30027 CURATED :: 30027]]>
  </system-out>
  <testcase classname="testcases.RAW_DATAMART_CURATED.SnowFlake_RowCount_Master" name="Testcase_RowCount_validation" time="2.051">
    <failure message="The following asserts failed:
	null" type="java.lang.AssertionError">
      <![CDATA[java.lang.AssertionError: The following asserts failed:
null
at org.testng.asserts.SoftAssert.assertAll(SoftAssert.java:47)
at org.testng.asserts.SoftAssert.assertAll(SoftAssert.java:31)
at testcases.RAW_DATAMART_CURATED.SnowFlake_RowCount_Master.validate_RowCount_API(SnowFlake_RowCount_Master.java:115)
at testcases.RAW_DATAMART_CURATED.SnowFlake_RowCount_Master.Testcase_RowCount_validation(SnowFlake_RowCount_Master.java:28)
at jdk.internal.reflect.GeneratedMethodAccessor13.invoke(Unknown Source)
at java.base/jdk.internal.reflect.DelegatingMethodAccessorImpl.invoke(DelegatingMethodAccessorImpl.java:43)
at java.base/java.lang.reflect.Method.invoke(Method.java:568)
at org.testng.internal.MethodInvocationHelper.invokeMethod(MethodInvocationHelper.java:133)
at org.testng.internal.TestInvoker.invokeMethod(TestInvoker.java:598)
at org.testng.internal.TestInvoker.invokeTestMethod(TestInvoker.java:173)
at org.testng.internal.MethodRunner.runInSequence(MethodRunner.java:46)
at org.testng.internal.TestInvoker$MethodInvocationAgent.invoke(TestInvoker.java:824)
at org.testng.internal.TestInvoker.invokeTestMethods(TestInvoker.java:146)
at org.testng.internal.TestMethodWorker.invokeTestMethods(TestMethodWorker.java:146)
at org.testng.internal.TestMethodWorker.run(TestMethodWorker.java:128)
at java.base/java.util.ArrayList.forEach(ArrayList.java:1511)
at org.testng.TestRunner.privateRun(TestRunner.java:794)
at org.testng.TestRunner.run(TestRunner.java:596)
at org.testng.SuiteRunner.runTest(SuiteRunner.java:377)
at org.testng.SuiteRunner.runSequentially(SuiteRunner.java:371)
at org.testng.SuiteRunner.privateRun(SuiteRunner.java:332)
at org.testng.SuiteRunner.run(SuiteRunner.java:276)
at org.testng.SuiteRunnerWorker.runSuite(SuiteRunnerWorker.java:53)
at org.testng.SuiteRunnerWorker.run(SuiteRunnerWorker.java:96)
at org.testng.TestNG.runSuitesSequentially(TestNG.java:1212)
at org.testng.TestNG.runSuitesLocally(TestNG.java:1134)
at org.testng.TestNG.runSuites(TestNG.java:1063)
at org.testng.TestNG.run(TestNG.java:1031)
at org.testng.remote.AbstractRemoteTestNG.run(AbstractRemoteTestNG.java:115)
at org.testng.remote.RemoteTestNG.initAndRun(RemoteTestNG.java:251)
at org.testng.remote.RemoteTestNG.main(RemoteTestNG.java:77)
]]>
    </failure>
  </testcase> <!-- Testcase_RowCount_validation -->
  <system-out>
    <![CDATA[Executing Snowflake query :: SELECT count(*) as TOTAL FROM DEV_ENT_RAW.API_MAT.ST_API_CATEGORY WHERE TENANT_NAME='HENDERSON'
Table Count in Snowflake:: 279
Executing Snowflake query :: select count(*) as TOTAL from CURATED_DATAMART.ST_API_HENDERSON.STR_API_CATEGORY WHERE ACTIVE_FLAG='Y'
Table Count in Snowflake:: 279
Executing Snowflake query :: select count(*) as TOTAL from DEV_ENT_CURATED.MASTER_DIMENSIONS.DIM_CATEGORY WHERE TENANT_TYPE='HENDERSON' and RECORD_UPDATED_BY='API ETL'
Table Count in Snowflake:: 0
Row Count of Table CATEGORY is matched for APIMAT :: 279 DataMart :: 279
Executing Snowflake query :: select count(*) as TOTAL from DEV_ENT_CURATED.MASTER_DIMENSIONS.DIM_CATEGORY WHERE TENANT_TYPE='HENDERSON' and RECORD_UPDATED_BY='Backup Table' AND ID in (select ID from CURATED_DATAMART.ST_API_HENDERSON.STR_API_CATEGORY WHERE ACTIVE_FLAG='Y')
Table Count in Snowflake:: 271
Row Count of Table CATEGORY is not matched for DataMart :: 279 CURATED :: 271]]>
  </system-out>
  <testcase classname="testcases.RAW_DATAMART_CURATED.SnowFlake_RowCount_Master" name="Testcase_RowCount_validation" time="2.137">
    <failure message="The following asserts failed:
	null" type="java.lang.AssertionError">
      <![CDATA[java.lang.AssertionError: The following asserts failed:
null
at org.testng.asserts.SoftAssert.assertAll(SoftAssert.java:47)
at org.testng.asserts.SoftAssert.assertAll(SoftAssert.java:31)
at testcases.RAW_DATAMART_CURATED.SnowFlake_RowCount_Master.validate_RowCount_BKP(SnowFlake_RowCount_Master.java:56)
at testcases.RAW_DATAMART_CURATED.SnowFlake_RowCount_Master.Testcase_RowCount_validation(SnowFlake_RowCount_Master.java:25)
at jdk.internal.reflect.GeneratedMethodAccessor13.invoke(Unknown Source)
at java.base/jdk.internal.reflect.DelegatingMethodAccessorImpl.invoke(DelegatingMethodAccessorImpl.java:43)
at java.base/java.lang.reflect.Method.invoke(Method.java:568)
at org.testng.internal.MethodInvocationHelper.invokeMethod(MethodInvocationHelper.java:133)
at org.testng.internal.TestInvoker.invokeMethod(TestInvoker.java:598)
at org.testng.internal.TestInvoker.invokeTestMethod(TestInvoker.java:173)
at org.testng.internal.MethodRunner.runInSequence(MethodRunner.java:46)
at org.testng.internal.TestInvoker$MethodInvocationAgent.invoke(TestInvoker.java:824)
at org.testng.internal.TestInvoker.invokeTestMethods(TestInvoker.java:146)
at org.testng.internal.TestMethodWorker.invokeTestMethods(TestMethodWorker.java:146)
at org.testng.internal.TestMethodWorker.run(TestMethodWorker.java:128)
at java.base/java.util.ArrayList.forEach(ArrayList.java:1511)
at org.testng.TestRunner.privateRun(TestRunner.java:794)
at org.testng.TestRunner.run(TestRunner.java:596)
at org.testng.SuiteRunner.runTest(SuiteRunner.java:377)
at org.testng.SuiteRunner.runSequentially(SuiteRunner.java:371)
at org.testng.SuiteRunner.privateRun(SuiteRunner.java:332)
at org.testng.SuiteRunner.run(SuiteRunner.java:276)
at org.testng.SuiteRunnerWorker.runSuite(SuiteRunnerWorker.java:53)
at org.testng.SuiteRunnerWorker.run(SuiteRunnerWorker.java:96)
at org.testng.TestNG.runSuitesSequentially(TestNG.java:1212)
at org.testng.TestNG.runSuitesLocally(TestNG.java:1134)
at org.testng.TestNG.runSuites(TestNG.java:1063)
at org.testng.TestNG.run(TestNG.java:1031)
at org.testng.remote.AbstractRemoteTestNG.run(AbstractRemoteTestNG.java:115)
at org.testng.remote.RemoteTestNG.initAndRun(RemoteTestNG.java:251)
at org.testng.remote.RemoteTestNG.main(RemoteTestNG.java:77)
]]>
    </failure>
  </testcase> <!-- Testcase_RowCount_validation -->
  <system-out>
    <![CDATA[Executing Snowflake query :: SELECT count(*) as TOTAL FROM DEV_ENT_RAW.ST_HARP_MATILLION.PAYMENT
Table Count in Snowflake:: 130845
Executing Snowflake query :: select count(*) as TOTAL from CURATED_DATAMART.ST_BKP_HARP.STR_PAYMENT Where ACTIVE_FLAG='Y'
Table Count in Snowflake:: 130700
Executing Snowflake query :: select count(*) as TOTAL from DEV_ENT_CURATED.MASTER_DIMENSIONS.DIM_PAYMENT where tenant_type='HARP' and RECORD_UPDATED_BY='Backup Table'
Table Count in Snowflake:: 130396
Row Count of Table PAYMENT is not matched for RAW :: 130845 DataMart :: 130700 CURATED :: 130396]]>
  </system-out>
  <testcase classname="testcases.RAW_DATAMART_CURATED.SnowFlake_RowCount_Master" name="Testcase_RowCount_validation" time="2.152">
    <failure message="The following asserts failed:
	null" type="java.lang.AssertionError">
      <![CDATA[java.lang.AssertionError: The following asserts failed:
null
at org.testng.asserts.SoftAssert.assertAll(SoftAssert.java:47)
at org.testng.asserts.SoftAssert.assertAll(SoftAssert.java:31)
at testcases.RAW_DATAMART_CURATED.SnowFlake_RowCount_Master.validate_RowCount_BKP(SnowFlake_RowCount_Master.java:56)
at testcases.RAW_DATAMART_CURATED.SnowFlake_RowCount_Master.Testcase_RowCount_validation(SnowFlake_RowCount_Master.java:25)
at jdk.internal.reflect.GeneratedMethodAccessor13.invoke(Unknown Source)
at java.base/jdk.internal.reflect.DelegatingMethodAccessorImpl.invoke(DelegatingMethodAccessorImpl.java:43)
at java.base/java.lang.reflect.Method.invoke(Method.java:568)
at org.testng.internal.MethodInvocationHelper.invokeMethod(MethodInvocationHelper.java:133)
at org.testng.internal.TestInvoker.invokeMethod(TestInvoker.java:598)
at org.testng.internal.TestInvoker.invokeTestMethod(TestInvoker.java:173)
at org.testng.internal.MethodRunner.runInSequence(MethodRunner.java:46)
at org.testng.internal.TestInvoker$MethodInvocationAgent.invoke(TestInvoker.java:824)
at org.testng.internal.TestInvoker.invokeTestMethods(TestInvoker.java:146)
at org.testng.internal.TestMethodWorker.invokeTestMethods(TestMethodWorker.java:146)
at org.testng.internal.TestMethodWorker.run(TestMethodWorker.java:128)
at java.base/java.util.ArrayList.forEach(ArrayList.java:1511)
at org.testng.TestRunner.privateRun(TestRunner.java:794)
at org.testng.TestRunner.run(TestRunner.java:596)
at org.testng.SuiteRunner.runTest(SuiteRunner.java:377)
at org.testng.SuiteRunner.runSequentially(SuiteRunner.java:371)
at org.testng.SuiteRunner.privateRun(SuiteRunner.java:332)
at org.testng.SuiteRunner.run(SuiteRunner.java:276)
at org.testng.SuiteRunnerWorker.runSuite(SuiteRunnerWorker.java:53)
at org.testng.SuiteRunnerWorker.run(SuiteRunnerWorker.java:96)
at org.testng.TestNG.runSuitesSequentially(TestNG.java:1212)
at org.testng.TestNG.runSuitesLocally(TestNG.java:1134)
at org.testng.TestNG.runSuites(TestNG.java:1063)
at org.testng.TestNG.run(TestNG.java:1031)
at org.testng.remote.AbstractRemoteTestNG.run(AbstractRemoteTestNG.java:115)
at org.testng.remote.RemoteTestNG.initAndRun(RemoteTestNG.java:251)
at org.testng.remote.RemoteTestNG.main(RemoteTestNG.java:77)
]]>
    </failure>
  </testcase> <!-- Testcase_RowCount_validation -->
  <system-out>
    <![CDATA[Executing Snowflake query :: SELECT count(*) as TOTAL FROM DEV_ENT_RAW.ST_HUTCHINSON_MATILLION.INVOICEITEM
Table Count in Snowflake:: 669116
Executing Snowflake query :: select count(*) as TOTAL from CURATED_DATAMART.ST_BKP_HUTCHINSON.STR_INVOICEITEM Where ACTIVE_FLAG='Y'
Table Count in Snowflake:: 668447
Executing Snowflake query :: select count(*) as TOTAL from DEV_ENT_CURATED.MASTER_DIMENSIONS.DIM_INVOICEITEM where tenant_type='HUTCHINSON' and RECORD_UPDATED_BY='Backup Table'
Table Count in Snowflake:: 668026
Row Count of Table INVOICEITEM is not matched for RAW :: 669116 DataMart :: 668447 CURATED :: 668026]]>
  </system-out>
  <testcase classname="testcases.RAW_DATAMART_CURATED.SnowFlake_RowCount_Master" name="Testcase_RowCount_validation" time="1.979">
    <failure message="The following asserts failed:
	null" type="java.lang.AssertionError">
      <![CDATA[java.lang.AssertionError: The following asserts failed:
null
at org.testng.asserts.SoftAssert.assertAll(SoftAssert.java:47)
at org.testng.asserts.SoftAssert.assertAll(SoftAssert.java:31)
at testcases.RAW_DATAMART_CURATED.SnowFlake_RowCount_Master.validate_RowCount_API(SnowFlake_RowCount_Master.java:115)
at testcases.RAW_DATAMART_CURATED.SnowFlake_RowCount_Master.Testcase_RowCount_validation(SnowFlake_RowCount_Master.java:28)
at jdk.internal.reflect.GeneratedMethodAccessor13.invoke(Unknown Source)
at java.base/jdk.internal.reflect.DelegatingMethodAccessorImpl.invoke(DelegatingMethodAccessorImpl.java:43)
at java.base/java.lang.reflect.Method.invoke(Method.java:568)
at org.testng.internal.MethodInvocationHelper.invokeMethod(MethodInvocationHelper.java:133)
at org.testng.internal.TestInvoker.invokeMethod(TestInvoker.java:598)
at org.testng.internal.TestInvoker.invokeTestMethod(TestInvoker.java:173)
at org.testng.internal.MethodRunner.runInSequence(MethodRunner.java:46)
at org.testng.internal.TestInvoker$MethodInvocationAgent.invoke(TestInvoker.java:824)
at org.testng.internal.TestInvoker.invokeTestMethods(TestInvoker.java:146)
at org.testng.internal.TestMethodWorker.invokeTestMethods(TestMethodWorker.java:146)
at org.testng.internal.TestMethodWorker.run(TestMethodWorker.java:128)
at java.base/java.util.ArrayList.forEach(ArrayList.java:1511)
at org.testng.TestRunner.privateRun(TestRunner.java:794)
at org.testng.TestRunner.run(TestRunner.java:596)
at org.testng.SuiteRunner.runTest(SuiteRunner.java:377)
at org.testng.SuiteRunner.runSequentially(SuiteRunner.java:371)
at org.testng.SuiteRunner.privateRun(SuiteRunner.java:332)
at org.testng.SuiteRunner.run(SuiteRunner.java:276)
at org.testng.SuiteRunnerWorker.runSuite(SuiteRunnerWorker.java:53)
at org.testng.SuiteRunnerWorker.run(SuiteRunnerWorker.java:96)
at org.testng.TestNG.runSuitesSequentially(TestNG.java:1212)
at org.testng.TestNG.runSuitesLocally(TestNG.java:1134)
at org.testng.TestNG.runSuites(TestNG.java:1063)
at org.testng.TestNG.run(TestNG.java:1031)
at org.testng.remote.AbstractRemoteTestNG.run(AbstractRemoteTestNG.java:115)
at org.testng.remote.RemoteTestNG.initAndRun(RemoteTestNG.java:251)
at org.testng.remote.RemoteTestNG.main(RemoteTestNG.java:77)
]]>
    </failure>
  </testcase> <!-- Testcase_RowCount_validation -->
  <system-out>
    <![CDATA[Executing Snowflake query :: SELECT count(*) as TOTAL FROM DEV_ENT_RAW.API_MAT.ST_API_CATEGORY WHERE TENANT_NAME='CASTEEL'
Table Count in Snowflake:: 1241
Executing Snowflake query :: select count(*) as TOTAL from CURATED_DATAMART.ST_API_CASTEEL.STR_API_CATEGORY WHERE ACTIVE_FLAG='Y'
Table Count in Snowflake:: 1241
Executing Snowflake query :: select count(*) as TOTAL from DEV_ENT_CURATED.MASTER_DIMENSIONS.DIM_CATEGORY WHERE TENANT_TYPE='CASTEEL' and RECORD_UPDATED_BY='API ETL'
Table Count in Snowflake:: 0
Row Count of Table CATEGORY is matched for APIMAT :: 1241 DataMart :: 1241
Executing Snowflake query :: select count(*) as TOTAL from DEV_ENT_CURATED.MASTER_DIMENSIONS.DIM_CATEGORY WHERE TENANT_TYPE='CASTEEL' and RECORD_UPDATED_BY='Backup Table' AND ID in (select ID from CURATED_DATAMART.ST_API_CASTEEL.STR_API_CATEGORY WHERE ACTIVE_FLAG='Y')
Table Count in Snowflake:: 1231
Row Count of Table CATEGORY is not matched for DataMart :: 1241 CURATED :: 1231]]>
  </system-out>
  <testcase classname="testcases.RAW_DATAMART_CURATED.SnowFlake_RowCount_Master" name="Testcase_RowCount_validation" time="2.716">
    <failure message="The following asserts failed:
	null" type="java.lang.AssertionError">
      <![CDATA[java.lang.AssertionError: The following asserts failed:
null
at org.testng.asserts.SoftAssert.assertAll(SoftAssert.java:47)
at org.testng.asserts.SoftAssert.assertAll(SoftAssert.java:31)
at testcases.RAW_DATAMART_CURATED.SnowFlake_RowCount_Master.validate_RowCount_BKP(SnowFlake_RowCount_Master.java:56)
at testcases.RAW_DATAMART_CURATED.SnowFlake_RowCount_Master.Testcase_RowCount_validation(SnowFlake_RowCount_Master.java:25)
at java.base/jdk.internal.reflect.NativeMethodAccessorImpl.invoke0(Native Method)
at java.base/jdk.internal.reflect.NativeMethodAccessorImpl.invoke(NativeMethodAccessorImpl.java:77)
at java.base/jdk.internal.reflect.DelegatingMethodAccessorImpl.invoke(DelegatingMethodAccessorImpl.java:43)
at java.base/java.lang.reflect.Method.invoke(Method.java:568)
at org.testng.internal.MethodInvocationHelper.invokeMethod(MethodInvocationHelper.java:133)
at org.testng.internal.TestInvoker.invokeMethod(TestInvoker.java:598)
at org.testng.internal.TestInvoker.invokeTestMethod(TestInvoker.java:173)
at org.testng.internal.MethodRunner.runInSequence(MethodRunner.java:46)
at org.testng.internal.TestInvoker$MethodInvocationAgent.invoke(TestInvoker.java:824)
at org.testng.internal.TestInvoker.invokeTestMethods(TestInvoker.java:146)
at org.testng.internal.TestMethodWorker.invokeTestMethods(TestMethodWorker.java:146)
at org.testng.internal.TestMethodWorker.run(TestMethodWorker.java:128)
at java.base/java.util.ArrayList.forEach(ArrayList.java:1511)
at org.testng.TestRunner.privateRun(TestRunner.java:794)
at org.testng.TestRunner.run(TestRunner.java:596)
at org.testng.SuiteRunner.runTest(SuiteRunner.java:377)
at org.testng.SuiteRunner.runSequentially(SuiteRunner.java:371)
at org.testng.SuiteRunner.privateRun(SuiteRunner.java:332)
at org.testng.SuiteRunner.run(SuiteRunner.java:276)
at org.testng.SuiteRunnerWorker.runSuite(SuiteRunnerWorker.java:53)
at org.testng.SuiteRunnerWorker.run(SuiteRunnerWorker.java:96)
at org.testng.TestNG.runSuitesSequentially(TestNG.java:1212)
at org.testng.TestNG.runSuitesLocally(TestNG.java:1134)
at org.testng.TestNG.runSuites(TestNG.java:1063)
at org.testng.TestNG.run(TestNG.java:1031)
at org.testng.remote.AbstractRemoteTestNG.run(AbstractRemoteTestNG.java:115)
at org.testng.remote.RemoteTestNG.initAndRun(RemoteTestNG.java:251)
at org.testng.remote.RemoteTestNG.main(RemoteTestNG.java:77)
]]>
    </failure>
  </testcase> <!-- Testcase_RowCount_validation -->
  <system-out>
    <![CDATA[Executing Snowflake query :: SELECT count(*) as TOTAL FROM DEV_ENT_RAW.ST_EANESHEATING_MATILLION.CUSTOMFIELD
Snowflake - SQLException at readDB() method :: SQL compilation error:
Object 'DEV_ENT_RAW.ST_EANESHEATING_MATILLION.CUSTOMFIELD' does not exist or not authorized.
Executing Snowflake query :: select count(*) as TOTAL from CURATED_DATAMART.ST_BKP_EANESHEATING.STR_CUSTOMFIELD Where ACTIVE_FLAG='Y'
Table Count in Snowflake:: 160561
Executing Snowflake query :: select count(*) as TOTAL from DEV_ENT_CURATED.MASTER_DIMENSIONS.FACT_CUSTOMFIELD where tenant_type='EANESHEATING' and RECORD_UPDATED_BY='Backup Table'
Table Count in Snowflake:: 160561
Row Count of Table CUSTOMFIELD is matched for RAW :: 0 DataMart :: 160561 CURATED :: 160561]]>
  </system-out>
  <testcase classname="testcases.RAW_DATAMART_CURATED.SnowFlake_RowCount_Master" name="Testcase_RowCount_validation" time="1.631">
    <failure message="The following asserts failed:
	null" type="java.lang.AssertionError">
      <![CDATA[java.lang.AssertionError: The following asserts failed:
null
at org.testng.asserts.SoftAssert.assertAll(SoftAssert.java:47)
at org.testng.asserts.SoftAssert.assertAll(SoftAssert.java:31)
at testcases.RAW_DATAMART_CURATED.SnowFlake_RowCount_Master.validate_RowCount_BKP(SnowFlake_RowCount_Master.java:56)
at testcases.RAW_DATAMART_CURATED.SnowFlake_RowCount_Master.Testcase_RowCount_validation(SnowFlake_RowCount_Master.java:25)
at jdk.internal.reflect.GeneratedMethodAccessor13.invoke(Unknown Source)
at java.base/jdk.internal.reflect.DelegatingMethodAccessorImpl.invoke(DelegatingMethodAccessorImpl.java:43)
at java.base/java.lang.reflect.Method.invoke(Method.java:568)
at org.testng.internal.MethodInvocationHelper.invokeMethod(MethodInvocationHelper.java:133)
at org.testng.internal.TestInvoker.invokeMethod(TestInvoker.java:598)
at org.testng.internal.TestInvoker.invokeTestMethod(TestInvoker.java:173)
at org.testng.internal.MethodRunner.runInSequence(MethodRunner.java:46)
at org.testng.internal.TestInvoker$MethodInvocationAgent.invoke(TestInvoker.java:824)
at org.testng.internal.TestInvoker.invokeTestMethods(TestInvoker.java:146)
at org.testng.internal.TestMethodWorker.invokeTestMethods(TestMethodWorker.java:146)
at org.testng.internal.TestMethodWorker.run(TestMethodWorker.java:128)
at java.base/java.util.ArrayList.forEach(ArrayList.java:1511)
at org.testng.TestRunner.privateRun(TestRunner.java:794)
at org.testng.TestRunner.run(TestRunner.java:596)
at org.testng.SuiteRunner.runTest(SuiteRunner.java:377)
at org.testng.SuiteRunner.runSequentially(SuiteRunner.java:371)
at org.testng.SuiteRunner.privateRun(SuiteRunner.java:332)
at org.testng.SuiteRunner.run(SuiteRunner.java:276)
at org.testng.SuiteRunnerWorker.runSuite(SuiteRunnerWorker.java:53)
at org.testng.SuiteRunnerWorker.run(SuiteRunnerWorker.java:96)
at org.testng.TestNG.runSuitesSequentially(TestNG.java:1212)
at org.testng.TestNG.runSuitesLocally(TestNG.java:1134)
at org.testng.TestNG.runSuites(TestNG.java:1063)
at org.testng.TestNG.run(TestNG.java:1031)
at org.testng.remote.AbstractRemoteTestNG.run(AbstractRemoteTestNG.java:115)
at org.testng.remote.RemoteTestNG.initAndRun(RemoteTestNG.java:251)
at org.testng.remote.RemoteTestNG.main(RemoteTestNG.java:77)
]]>
    </failure>
  </testcase> <!-- Testcase_RowCount_validation -->
  <system-out>
    <![CDATA[Executing Snowflake query :: SELECT count(*) as TOTAL FROM DEV_ENT_RAW.ST_FOURPROS_MATILLION.TECHNICIANPAYROLLADJUSTMENT
Table Count in Snowflake:: 0
Executing Snowflake query :: select count(*) as TOTAL from CURATED_DATAMART.ST_BKP_FOURPROS.STR_TECHNICIANPAYROLLADJUSTMENT Where ACTIVE_FLAG='Y'
Table Count in Snowflake:: 0
Executing Snowflake query :: select count(*) as TOTAL from DEV_ENT_CURATED.MASTER_DIMENSIONS.DIM_TECHNICIANPAYROLLADJUSTMENT where tenant_type='FOURPROS' and RECORD_UPDATED_BY='Backup Table'
Snowflake - SQLException at readDB() method :: SQL compilation error: error line 1 at position 129
invalid identifier 'RECORD_UPDATED_BY'
Row Count of Table TECHNICIANPAYROLLADJUSTMENT is matched for RAW :: 0 DataMart :: 0 CURATED :: 0]]>
  </system-out>
  <testcase classname="testcases.RAW_DATAMART_CURATED.SnowFlake_RowCount_Master" name="Testcase_RowCount_validation" time="1.747">
    <failure message="The following asserts failed:
	null" type="java.lang.AssertionError">
      <![CDATA[java.lang.AssertionError: The following asserts failed:
null
at org.testng.asserts.SoftAssert.assertAll(SoftAssert.java:47)
at org.testng.asserts.SoftAssert.assertAll(SoftAssert.java:31)
at testcases.RAW_DATAMART_CURATED.SnowFlake_RowCount_Master.validate_RowCount_BKP(SnowFlake_RowCount_Master.java:56)
at testcases.RAW_DATAMART_CURATED.SnowFlake_RowCount_Master.Testcase_RowCount_validation(SnowFlake_RowCount_Master.java:25)
at jdk.internal.reflect.GeneratedMethodAccessor13.invoke(Unknown Source)
at java.base/jdk.internal.reflect.DelegatingMethodAccessorImpl.invoke(DelegatingMethodAccessorImpl.java:43)
at java.base/java.lang.reflect.Method.invoke(Method.java:568)
at org.testng.internal.MethodInvocationHelper.invokeMethod(MethodInvocationHelper.java:133)
at org.testng.internal.TestInvoker.invokeMethod(TestInvoker.java:598)
at org.testng.internal.TestInvoker.invokeTestMethod(TestInvoker.java:173)
at org.testng.internal.MethodRunner.runInSequence(MethodRunner.java:46)
at org.testng.internal.TestInvoker$MethodInvocationAgent.invoke(TestInvoker.java:824)
at org.testng.internal.TestInvoker.invokeTestMethods(TestInvoker.java:146)
at org.testng.internal.TestMethodWorker.invokeTestMethods(TestMethodWorker.java:146)
at org.testng.internal.TestMethodWorker.run(TestMethodWorker.java:128)
at java.base/java.util.ArrayList.forEach(ArrayList.java:1511)
at org.testng.TestRunner.privateRun(TestRunner.java:794)
at org.testng.TestRunner.run(TestRunner.java:596)
at org.testng.SuiteRunner.runTest(SuiteRunner.java:377)
at org.testng.SuiteRunner.runSequentially(SuiteRunner.java:371)
at org.testng.SuiteRunner.privateRun(SuiteRunner.java:332)
at org.testng.SuiteRunner.run(SuiteRunner.java:276)
at org.testng.SuiteRunnerWorker.runSuite(SuiteRunnerWorker.java:53)
at org.testng.SuiteRunnerWorker.run(SuiteRunnerWorker.java:96)
at org.testng.TestNG.runSuitesSequentially(TestNG.java:1212)
at org.testng.TestNG.runSuitesLocally(TestNG.java:1134)
at org.testng.TestNG.runSuites(TestNG.java:1063)
at org.testng.TestNG.run(TestNG.java:1031)
at org.testng.remote.AbstractRemoteTestNG.run(AbstractRemoteTestNG.java:115)
at org.testng.remote.RemoteTestNG.initAndRun(RemoteTestNG.java:251)
at org.testng.remote.RemoteTestNG.main(RemoteTestNG.java:77)
]]>
    </failure>
  </testcase> <!-- Testcase_RowCount_validation -->
  <system-out>
    <![CDATA[Executing Snowflake query :: SELECT count(*) as TOTAL FROM DEV_ENT_RAW.ST_EANESHEATING_MATILLION.LEAD
Snowflake - SQLException at readDB() method :: SQL compilation error:
Object 'DEV_ENT_RAW.ST_EANESHEATING_MATILLION.LEAD' does not exist or not authorized.
Executing Snowflake query :: select count(*) as TOTAL from CURATED_DATAMART.ST_BKP_EANESHEATING.STR_LEAD Where ACTIVE_FLAG='Y'
Table Count in Snowflake:: 0
Executing Snowflake query :: select count(*) as TOTAL from DEV_ENT_CURATED.MASTER_DIMENSIONS.DIM_LEAD where tenant_type='EANESHEATING' and RECORD_UPDATED_BY='Backup Table'
Table Count in Snowflake:: 0
Row Count of Table LEAD is matched for RAW :: 0 DataMart :: 0 CURATED :: 0]]>
  </system-out>
  <testcase classname="testcases.RAW_DATAMART_CURATED.SnowFlake_RowCount_Master" name="Testcase_RowCount_validation" time="2.235"/>
  <system-out>
    <![CDATA[Executing Snowflake query :: SELECT count(*) as TOTAL FROM DEV_ENT_RAW.ST_HENDERSON_MATILLION.INVOICE
Table Count in Snowflake:: 272893
Executing Snowflake query :: select count(*) as TOTAL from CURATED_DATAMART.ST_BKP_HENDERSON.STR_INVOICE Where ACTIVE_FLAG='Y'
Table Count in Snowflake:: 561334
Executing Snowflake query :: select count(*) as TOTAL from DEV_ENT_CURATED.MASTER_DIMENSIONS.FACT_INVOICE where tenant_type='HENDERSON' and RECORD_UPDATED_BY='Backup Table'
Table Count in Snowflake:: 561334
Row Count of Table INVOICE is matched for RAW :: 272893 DataMart :: 561334 CURATED :: 561334]]>
  </system-out>
  <testcase classname="testcases.RAW_DATAMART_CURATED.SnowFlake_RowCount_Master" name="Testcase_RowCount_validation" time="4.800">
    <failure message="The following asserts failed:
	null" type="java.lang.AssertionError">
      <![CDATA[java.lang.AssertionError: The following asserts failed:
null
at org.testng.asserts.SoftAssert.assertAll(SoftAssert.java:47)
at org.testng.asserts.SoftAssert.assertAll(SoftAssert.java:31)
at testcases.RAW_DATAMART_CURATED.SnowFlake_RowCount_Master.validate_RowCount_BKP(SnowFlake_RowCount_Master.java:56)
at testcases.RAW_DATAMART_CURATED.SnowFlake_RowCount_Master.Testcase_RowCount_validation(SnowFlake_RowCount_Master.java:25)
at jdk.internal.reflect.GeneratedMethodAccessor13.invoke(Unknown Source)
at java.base/jdk.internal.reflect.DelegatingMethodAccessorImpl.invoke(DelegatingMethodAccessorImpl.java:43)
at java.base/java.lang.reflect.Method.invoke(Method.java:568)
at org.testng.internal.MethodInvocationHelper.invokeMethod(MethodInvocationHelper.java:133)
at org.testng.internal.TestInvoker.invokeMethod(TestInvoker.java:598)
at org.testng.internal.TestInvoker.invokeTestMethod(TestInvoker.java:173)
at org.testng.internal.MethodRunner.runInSequence(MethodRunner.java:46)
at org.testng.internal.TestInvoker$MethodInvocationAgent.invoke(TestInvoker.java:824)
at org.testng.internal.TestInvoker.invokeTestMethods(TestInvoker.java:146)
at org.testng.internal.TestMethodWorker.invokeTestMethods(TestMethodWorker.java:146)
at org.testng.internal.TestMethodWorker.run(TestMethodWorker.java:128)
at java.base/java.util.ArrayList.forEach(ArrayList.java:1511)
at org.testng.TestRunner.privateRun(TestRunner.java:794)
at org.testng.TestRunner.run(TestRunner.java:596)
at org.testng.SuiteRunner.runTest(SuiteRunner.java:377)
at org.testng.SuiteRunner.runSequentially(SuiteRunner.java:371)
at org.testng.SuiteRunner.privateRun(SuiteRunner.java:332)
at org.testng.SuiteRunner.run(SuiteRunner.java:276)
at org.testng.SuiteRunnerWorker.runSuite(SuiteRunnerWorker.java:53)
at org.testng.SuiteRunnerWorker.run(SuiteRunnerWorker.java:96)
at org.testng.TestNG.runSuitesSequentially(TestNG.java:1212)
at org.testng.TestNG.runSuitesLocally(TestNG.java:1134)
at org.testng.TestNG.runSuites(TestNG.java:1063)
at org.testng.TestNG.run(TestNG.java:1031)
at org.testng.remote.AbstractRemoteTestNG.run(AbstractRemoteTestNG.java:115)
at org.testng.remote.RemoteTestNG.initAndRun(RemoteTestNG.java:251)
at org.testng.remote.RemoteTestNG.main(RemoteTestNG.java:77)
]]>
    </failure>
  </testcase> <!-- Testcase_RowCount_validation -->
  <system-out>
    <![CDATA[Executing Snowflake query :: SELECT count(*) as TOTAL FROM DEV_ENT_RAW.ST_MAITZ_MATILLION.BATCH
Table Count in Snowflake:: 2704
Executing Snowflake query :: select count(*) as TOTAL from CURATED_DATAMART.ST_BKP_MAITZ.STR_BATCH Where ACTIVE_FLAG='Y'
Table Count in Snowflake:: 2893
Executing Snowflake query :: select count(*) as TOTAL from DEV_ENT_CURATED.MASTER_DIMENSIONS.FACT_BATCH where tenant_type='MAITZ' and RECORD_UPDATED_BY='Backup Table'
Table Count in Snowflake:: 2678
Row Count of Table BATCH is not matched for RAW :: 2704 DataMart :: 2893 CURATED :: 2678]]>
  </system-out>
  <testcase classname="testcases.RAW_DATAMART_CURATED.SnowFlake_RowCount_Master" name="Testcase_RowCount_validation" time="2.361">
    <failure message="The following asserts failed:
	null" type="java.lang.AssertionError">
      <![CDATA[java.lang.AssertionError: The following asserts failed:
null
at org.testng.asserts.SoftAssert.assertAll(SoftAssert.java:47)
at org.testng.asserts.SoftAssert.assertAll(SoftAssert.java:31)
at testcases.RAW_DATAMART_CURATED.SnowFlake_RowCount_Master.validate_RowCount_BKP(SnowFlake_RowCount_Master.java:56)
at testcases.RAW_DATAMART_CURATED.SnowFlake_RowCount_Master.Testcase_RowCount_validation(SnowFlake_RowCount_Master.java:25)
at jdk.internal.reflect.GeneratedMethodAccessor13.invoke(Unknown Source)
at java.base/jdk.internal.reflect.DelegatingMethodAccessorImpl.invoke(DelegatingMethodAccessorImpl.java:43)
at java.base/java.lang.reflect.Method.invoke(Method.java:568)
at org.testng.internal.MethodInvocationHelper.invokeMethod(MethodInvocationHelper.java:133)
at org.testng.internal.TestInvoker.invokeMethod(TestInvoker.java:598)
at org.testng.internal.TestInvoker.invokeTestMethod(TestInvoker.java:173)
at org.testng.internal.MethodRunner.runInSequence(MethodRunner.java:46)
at org.testng.internal.TestInvoker$MethodInvocationAgent.invoke(TestInvoker.java:824)
at org.testng.internal.TestInvoker.invokeTestMethods(TestInvoker.java:146)
at org.testng.internal.TestMethodWorker.invokeTestMethods(TestMethodWorker.java:146)
at org.testng.internal.TestMethodWorker.run(TestMethodWorker.java:128)
at java.base/java.util.ArrayList.forEach(ArrayList.java:1511)
at org.testng.TestRunner.privateRun(TestRunner.java:794)
at org.testng.TestRunner.run(TestRunner.java:596)
at org.testng.SuiteRunner.runTest(SuiteRunner.java:377)
at org.testng.SuiteRunner.runSequentially(SuiteRunner.java:371)
at org.testng.SuiteRunner.privateRun(SuiteRunner.java:332)
at org.testng.SuiteRunner.run(SuiteRunner.java:276)
at org.testng.SuiteRunnerWorker.runSuite(SuiteRunnerWorker.java:53)
at org.testng.SuiteRunnerWorker.run(SuiteRunnerWorker.java:96)
at org.testng.TestNG.runSuitesSequentially(TestNG.java:1212)
at org.testng.TestNG.runSuitesLocally(TestNG.java:1134)
at org.testng.TestNG.runSuites(TestNG.java:1063)
at org.testng.TestNG.run(TestNG.java:1031)
at org.testng.remote.AbstractRemoteTestNG.run(AbstractRemoteTestNG.java:115)
at org.testng.remote.RemoteTestNG.initAndRun(RemoteTestNG.java:251)
at org.testng.remote.RemoteTestNG.main(RemoteTestNG.java:77)
]]>
    </failure>
  </testcase> <!-- Testcase_RowCount_validation -->
  <system-out>
    <![CDATA[Executing Snowflake query :: SELECT count(*) as TOTAL FROM DEV_ENT_RAW.ST_GOLDMEDAL_MATILLION.MATERIALVENDOR
Table Count in Snowflake:: 275509
Executing Snowflake query :: select count(*) as TOTAL from CURATED_DATAMART.ST_BKP_GOLDMEDAL.STR_MATERIALVENDOR Where ACTIVE_FLAG='Y'
Table Count in Snowflake:: 268996
Executing Snowflake query :: select count(*) as TOTAL from DEV_ENT_CURATED.MASTER_DIMENSIONS.DIM_MATERIALVENDOR where tenant_type='GOLDMEDAL' and RECORD_UPDATED_BY='Backup Table'
Table Count in Snowflake:: 247412
Row Count of Table MATERIALVENDOR is not matched for RAW :: 275509 DataMart :: 268996 CURATED :: 247412]]>
  </system-out>
  <testcase classname="testcases.RAW_DATAMART_CURATED.SnowFlake_RowCount_Master" name="Testcase_RowCount_validation" time="2.156">
    <failure message="The following asserts failed:
	null" type="java.lang.AssertionError">
      <![CDATA[java.lang.AssertionError: The following asserts failed:
null
at org.testng.asserts.SoftAssert.assertAll(SoftAssert.java:47)
at org.testng.asserts.SoftAssert.assertAll(SoftAssert.java:31)
at testcases.RAW_DATAMART_CURATED.SnowFlake_RowCount_Master.validate_RowCount_BKP(SnowFlake_RowCount_Master.java:56)
at testcases.RAW_DATAMART_CURATED.SnowFlake_RowCount_Master.Testcase_RowCount_validation(SnowFlake_RowCount_Master.java:25)
at jdk.internal.reflect.GeneratedMethodAccessor13.invoke(Unknown Source)
at java.base/jdk.internal.reflect.DelegatingMethodAccessorImpl.invoke(DelegatingMethodAccessorImpl.java:43)
at java.base/java.lang.reflect.Method.invoke(Method.java:568)
at org.testng.internal.MethodInvocationHelper.invokeMethod(MethodInvocationHelper.java:133)
at org.testng.internal.TestInvoker.invokeMethod(TestInvoker.java:598)
at org.testng.internal.TestInvoker.invokeTestMethod(TestInvoker.java:173)
at org.testng.internal.MethodRunner.runInSequence(MethodRunner.java:46)
at org.testng.internal.TestInvoker$MethodInvocationAgent.invoke(TestInvoker.java:824)
at org.testng.internal.TestInvoker.invokeTestMethods(TestInvoker.java:146)
at org.testng.internal.TestMethodWorker.invokeTestMethods(TestMethodWorker.java:146)
at org.testng.internal.TestMethodWorker.run(TestMethodWorker.java:128)
at java.base/java.util.ArrayList.forEach(ArrayList.java:1511)
at org.testng.TestRunner.privateRun(TestRunner.java:794)
at org.testng.TestRunner.run(TestRunner.java:596)
at org.testng.SuiteRunner.runTest(SuiteRunner.java:377)
at org.testng.SuiteRunner.runSequentially(SuiteRunner.java:371)
at org.testng.SuiteRunner.privateRun(SuiteRunner.java:332)
at org.testng.SuiteRunner.run(SuiteRunner.java:276)
at org.testng.SuiteRunnerWorker.runSuite(SuiteRunnerWorker.java:53)
at org.testng.SuiteRunnerWorker.run(SuiteRunnerWorker.java:96)
at org.testng.TestNG.runSuitesSequentially(TestNG.java:1212)
at org.testng.TestNG.runSuitesLocally(TestNG.java:1134)
at org.testng.TestNG.runSuites(TestNG.java:1063)
at org.testng.TestNG.run(TestNG.java:1031)
at org.testng.remote.AbstractRemoteTestNG.run(AbstractRemoteTestNG.java:115)
at org.testng.remote.RemoteTestNG.initAndRun(RemoteTestNG.java:251)
at org.testng.remote.RemoteTestNG.main(RemoteTestNG.java:77)
]]>
    </failure>
  </testcase> <!-- Testcase_RowCount_validation -->
  <system-out>
    <![CDATA[Executing Snowflake query :: SELECT count(*) as TOTAL FROM DEV_ENT_RAW.ST_HENDERSON_MATILLION.JOBCOMPLETIONSURVEY
Table Count in Snowflake:: 2653
Executing Snowflake query :: select count(*) as TOTAL from CURATED_DATAMART.ST_BKP_HENDERSON.STR_JOBCOMPLETIONSURVEY Where ACTIVE_FLAG='Y'
Table Count in Snowflake:: 2604
Executing Snowflake query :: select count(*) as TOTAL from DEV_ENT_CURATED.MASTER_DIMENSIONS.DIM_JOBCOMPLETIONSURVEY where tenant_type='HENDERSON' and RECORD_UPDATED_BY='Backup Table'
Table Count in Snowflake:: 2604
Row Count of Table JOBCOMPLETIONSURVEY is not matched for RAW :: 2653 DataMart :: 2604 CURATED :: 2604]]>
  </system-out>
  <testcase classname="testcases.RAW_DATAMART_CURATED.SnowFlake_RowCount_Master" name="Testcase_RowCount_validation" time="2.048">
    <failure message="The following asserts failed:
	null" type="java.lang.AssertionError">
      <![CDATA[java.lang.AssertionError: The following asserts failed:
null
at org.testng.asserts.SoftAssert.assertAll(SoftAssert.java:47)
at org.testng.asserts.SoftAssert.assertAll(SoftAssert.java:31)
at testcases.RAW_DATAMART_CURATED.SnowFlake_RowCount_Master.validate_RowCount_API(SnowFlake_RowCount_Master.java:115)
at testcases.RAW_DATAMART_CURATED.SnowFlake_RowCount_Master.Testcase_RowCount_validation(SnowFlake_RowCount_Master.java:28)
at jdk.internal.reflect.GeneratedMethodAccessor13.invoke(Unknown Source)
at java.base/jdk.internal.reflect.DelegatingMethodAccessorImpl.invoke(DelegatingMethodAccessorImpl.java:43)
at java.base/java.lang.reflect.Method.invoke(Method.java:568)
at org.testng.internal.MethodInvocationHelper.invokeMethod(MethodInvocationHelper.java:133)
at org.testng.internal.TestInvoker.invokeMethod(TestInvoker.java:598)
at org.testng.internal.TestInvoker.invokeTestMethod(TestInvoker.java:173)
at org.testng.internal.MethodRunner.runInSequence(MethodRunner.java:46)
at org.testng.internal.TestInvoker$MethodInvocationAgent.invoke(TestInvoker.java:824)
at org.testng.internal.TestInvoker.invokeTestMethods(TestInvoker.java:146)
at org.testng.internal.TestMethodWorker.invokeTestMethods(TestMethodWorker.java:146)
at org.testng.internal.TestMethodWorker.run(TestMethodWorker.java:128)
at java.base/java.util.ArrayList.forEach(ArrayList.java:1511)
at org.testng.TestRunner.privateRun(TestRunner.java:794)
at org.testng.TestRunner.run(TestRunner.java:596)
at org.testng.SuiteRunner.runTest(SuiteRunner.java:377)
at org.testng.SuiteRunner.runSequentially(SuiteRunner.java:371)
at org.testng.SuiteRunner.privateRun(SuiteRunner.java:332)
at org.testng.SuiteRunner.run(SuiteRunner.java:276)
at org.testng.SuiteRunnerWorker.runSuite(SuiteRunnerWorker.java:53)
at org.testng.SuiteRunnerWorker.run(SuiteRunnerWorker.java:96)
at org.testng.TestNG.runSuitesSequentially(TestNG.java:1212)
at org.testng.TestNG.runSuitesLocally(TestNG.java:1134)
at org.testng.TestNG.runSuites(TestNG.java:1063)
at org.testng.TestNG.run(TestNG.java:1031)
at org.testng.remote.AbstractRemoteTestNG.run(AbstractRemoteTestNG.java:115)
at org.testng.remote.RemoteTestNG.initAndRun(RemoteTestNG.java:251)
at org.testng.remote.RemoteTestNG.main(RemoteTestNG.java:77)
]]>
    </failure>
  </testcase> <!-- Testcase_RowCount_validation -->
  <system-out>
    <![CDATA[Executing Snowflake query :: SELECT count(*) as TOTAL FROM DEV_ENT_RAW.API_MAT.ST_API_ZONE WHERE TENANT_NAME='HUTCHINSON'
Table Count in Snowflake:: 8
Executing Snowflake query :: select count(*) as TOTAL from CURATED_DATAMART.ST_API_HUTCHINSON.STR_API_ZONE WHERE ACTIVE_FLAG='Y'
Table Count in Snowflake:: 8
Executing Snowflake query :: select count(*) as TOTAL from DEV_ENT_CURATED.MASTER_DIMENSIONS.DIM_ZONE WHERE TENANT_TYPE='HUTCHINSON' and RECORD_UPDATED_BY='API ETL'
Table Count in Snowflake:: 6
Row Count of Table ZONE is matched for APIMAT :: 8 DataMart :: 8
Executing Snowflake query :: select count(*) as TOTAL from DEV_ENT_CURATED.MASTER_DIMENSIONS.DIM_ZONE WHERE TENANT_TYPE='HUTCHINSON' and RECORD_UPDATED_BY='Backup Table' AND ID in (select ID from CURATED_DATAMART.ST_API_HUTCHINSON.STR_API_ZONE WHERE ACTIVE_FLAG='Y')
Table Count in Snowflake:: 2
Row Count of Table ZONE is not matched for DataMart :: 8 CURATED :: 2]]>
  </system-out>
  <testcase classname="testcases.RAW_DATAMART_CURATED.SnowFlake_RowCount_Master" name="Testcase_RowCount_validation" time="2.048">
    <failure message="The following asserts failed:
	null" type="java.lang.AssertionError">
      <![CDATA[java.lang.AssertionError: The following asserts failed:
null
at org.testng.asserts.SoftAssert.assertAll(SoftAssert.java:47)
at org.testng.asserts.SoftAssert.assertAll(SoftAssert.java:31)
at testcases.RAW_DATAMART_CURATED.SnowFlake_RowCount_Master.validate_RowCount_BKP(SnowFlake_RowCount_Master.java:56)
at testcases.RAW_DATAMART_CURATED.SnowFlake_RowCount_Master.Testcase_RowCount_validation(SnowFlake_RowCount_Master.java:25)
at jdk.internal.reflect.GeneratedMethodAccessor13.invoke(Unknown Source)
at java.base/jdk.internal.reflect.DelegatingMethodAccessorImpl.invoke(DelegatingMethodAccessorImpl.java:43)
at java.base/java.lang.reflect.Method.invoke(Method.java:568)
at org.testng.internal.MethodInvocationHelper.invokeMethod(MethodInvocationHelper.java:133)
at org.testng.internal.TestInvoker.invokeMethod(TestInvoker.java:598)
at org.testng.internal.TestInvoker.invokeTestMethod(TestInvoker.java:173)
at org.testng.internal.MethodRunner.runInSequence(MethodRunner.java:46)
at org.testng.internal.TestInvoker$MethodInvocationAgent.invoke(TestInvoker.java:824)
at org.testng.internal.TestInvoker.invokeTestMethods(TestInvoker.java:146)
at org.testng.internal.TestMethodWorker.invokeTestMethods(TestMethodWorker.java:146)
at org.testng.internal.TestMethodWorker.run(TestMethodWorker.java:128)
at java.base/java.util.ArrayList.forEach(ArrayList.java:1511)
at org.testng.TestRunner.privateRun(TestRunner.java:794)
at org.testng.TestRunner.run(TestRunner.java:596)
at org.testng.SuiteRunner.runTest(SuiteRunner.java:377)
at org.testng.SuiteRunner.runSequentially(SuiteRunner.java:371)
at org.testng.SuiteRunner.privateRun(SuiteRunner.java:332)
at org.testng.SuiteRunner.run(SuiteRunner.java:276)
at org.testng.SuiteRunnerWorker.runSuite(SuiteRunnerWorker.java:53)
at org.testng.SuiteRunnerWorker.run(SuiteRunnerWorker.java:96)
at org.testng.TestNG.runSuitesSequentially(TestNG.java:1212)
at org.testng.TestNG.runSuitesLocally(TestNG.java:1134)
at org.testng.TestNG.runSuites(TestNG.java:1063)
at org.testng.TestNG.run(TestNG.java:1031)
at org.testng.remote.AbstractRemoteTestNG.run(AbstractRemoteTestNG.java:115)
at org.testng.remote.RemoteTestNG.initAndRun(RemoteTestNG.java:251)
at org.testng.remote.RemoteTestNG.main(RemoteTestNG.java:77)
]]>
    </failure>
  </testcase> <!-- Testcase_RowCount_validation -->
  <system-out>
    <![CDATA[Executing Snowflake query :: SELECT count(*) as TOTAL FROM DEV_ENT_RAW.ST_EANESHEATING_MATILLION.JOBAPPOINTMENTASSIGNMENT
Snowflake - SQLException at readDB() method :: SQL compilation error:
Object 'DEV_ENT_RAW.ST_EANESHEATING_MATILLION.JOBAPPOINTMENTASSIGNMENT' does not exist or not authorized.
Executing Snowflake query :: select count(*) as TOTAL from CURATED_DATAMART.ST_BKP_EANESHEATING.STR_JOBAPPOINTMENTASSIGNMENT Where ACTIVE_FLAG='Y'
Table Count in Snowflake:: 509912
Executing Snowflake query :: select count(*) as TOTAL from DEV_ENT_CURATED.MASTER_DIMENSIONS.DIM_JOBAPPOINTMENTASSIGNMENT where tenant_type='EANESHEATING' and RECORD_UPDATED_BY='Backup Table'
Table Count in Snowflake:: 509912
Row Count of Table JOBAPPOINTMENTASSIGNMENT is matched for RAW :: 0 DataMart :: 509912 CURATED :: 509912]]>
  </system-out>
  <testcase classname="testcases.RAW_DATAMART_CURATED.SnowFlake_RowCount_Master" name="Testcase_RowCount_validation" time="2.715">
    <failure message="The following asserts failed:
	null,
	null" type="java.lang.AssertionError">
      <![CDATA[java.lang.AssertionError: The following asserts failed:
null,
null
at org.testng.asserts.SoftAssert.assertAll(SoftAssert.java:47)
at org.testng.asserts.SoftAssert.assertAll(SoftAssert.java:31)
at testcases.RAW_DATAMART_CURATED.SnowFlake_RowCount_Master.validate_RowCount_BKP(SnowFlake_RowCount_Master.java:56)
at testcases.RAW_DATAMART_CURATED.SnowFlake_RowCount_Master.Testcase_RowCount_validation(SnowFlake_RowCount_Master.java:25)
at jdk.internal.reflect.GeneratedMethodAccessor13.invoke(Unknown Source)
at java.base/jdk.internal.reflect.DelegatingMethodAccessorImpl.invoke(DelegatingMethodAccessorImpl.java:43)
at java.base/java.lang.reflect.Method.invoke(Method.java:568)
at org.testng.internal.MethodInvocationHelper.invokeMethod(MethodInvocationHelper.java:133)
at org.testng.internal.TestInvoker.invokeMethod(TestInvoker.java:598)
at org.testng.internal.TestInvoker.invokeTestMethod(TestInvoker.java:173)
at org.testng.internal.MethodRunner.runInSequence(MethodRunner.java:46)
at org.testng.internal.TestInvoker$MethodInvocationAgent.invoke(TestInvoker.java:824)
at org.testng.internal.TestInvoker.invokeTestMethods(TestInvoker.java:146)
at org.testng.internal.TestMethodWorker.invokeTestMethods(TestMethodWorker.java:146)
at org.testng.internal.TestMethodWorker.run(TestMethodWorker.java:128)
at java.base/java.util.ArrayList.forEach(ArrayList.java:1511)
at org.testng.TestRunner.privateRun(TestRunner.java:794)
at org.testng.TestRunner.run(TestRunner.java:596)
at org.testng.SuiteRunner.runTest(SuiteRunner.java:377)
at org.testng.SuiteRunner.runSequentially(SuiteRunner.java:371)
at org.testng.SuiteRunner.privateRun(SuiteRunner.java:332)
at org.testng.SuiteRunner.run(SuiteRunner.java:276)
at org.testng.SuiteRunnerWorker.runSuite(SuiteRunnerWorker.java:53)
at org.testng.SuiteRunnerWorker.run(SuiteRunnerWorker.java:96)
at org.testng.TestNG.runSuitesSequentially(TestNG.java:1212)
at org.testng.TestNG.runSuitesLocally(TestNG.java:1134)
at org.testng.TestNG.runSuites(TestNG.java:1063)
at org.testng.TestNG.run(TestNG.java:1031)
at org.testng.remote.AbstractRemoteTestNG.run(AbstractRemoteTestNG.java:115)
at org.testng.remote.RemoteTestNG.initAndRun(RemoteTestNG.java:251)
at org.testng.remote.RemoteTestNG.main(RemoteTestNG.java:77)
]]>
    </failure>
  </testcase> <!-- Testcase_RowCount_validation -->
  <system-out>
    <![CDATA[Executing Snowflake query :: SELECT count(*) as TOTAL FROM DEV_ENT_RAW.ST_MAITZ_MATILLION.TECHNICIANATTACHEDPROPERTY
Table Count in Snowflake:: 330
Executing Snowflake query :: select count(*) as TOTAL from CURATED_DATAMART.ST_BKP_MAITZ.STR_TECHNICIANATTACHEDPROPERTY Where ACTIVE_FLAG='Y'
Table Count in Snowflake:: 330
Executing Snowflake query :: select count(*) as TOTAL from DEV_ENT_CURATED.MASTER_DIMENSIONS.DIM_TECHNICIANATTACHEDPROPERTY where tenant_type='MAITZ' and RECORD_UPDATED_BY='Backup Table'
Snowflake - SQLException at readDB() method :: SQL compilation error: error line 1 at position 125
invalid identifier 'RECORD_UPDATED_BY'
Row Count of Table TECHNICIANATTACHEDPROPERTY is not matched for RAW :: 330 DataMart :: 330 CURATED :: 0]]>
  </system-out>
  <testcase classname="testcases.RAW_DATAMART_CURATED.SnowFlake_RowCount_Master" name="Testcase_RowCount_validation" time="2.770">
    <failure message="The following asserts failed:
	null,
	null" type="java.lang.AssertionError">
      <![CDATA[java.lang.AssertionError: The following asserts failed:
null,
null
at org.testng.asserts.SoftAssert.assertAll(SoftAssert.java:47)
at org.testng.asserts.SoftAssert.assertAll(SoftAssert.java:31)
at testcases.RAW_DATAMART_CURATED.SnowFlake_RowCount_Master.validate_RowCount_BKP(SnowFlake_RowCount_Master.java:56)
at testcases.RAW_DATAMART_CURATED.SnowFlake_RowCount_Master.Testcase_RowCount_validation(SnowFlake_RowCount_Master.java:25)
at jdk.internal.reflect.GeneratedMethodAccessor13.invoke(Unknown Source)
at java.base/jdk.internal.reflect.DelegatingMethodAccessorImpl.invoke(DelegatingMethodAccessorImpl.java:43)
at java.base/java.lang.reflect.Method.invoke(Method.java:568)
at org.testng.internal.MethodInvocationHelper.invokeMethod(MethodInvocationHelper.java:133)
at org.testng.internal.TestInvoker.invokeMethod(TestInvoker.java:598)
at org.testng.internal.TestInvoker.invokeTestMethod(TestInvoker.java:173)
at org.testng.internal.MethodRunner.runInSequence(MethodRunner.java:46)
at org.testng.internal.TestInvoker$MethodInvocationAgent.invoke(TestInvoker.java:824)
at org.testng.internal.TestInvoker.invokeTestMethods(TestInvoker.java:146)
at org.testng.internal.TestMethodWorker.invokeTestMethods(TestMethodWorker.java:146)
at org.testng.internal.TestMethodWorker.run(TestMethodWorker.java:128)
at java.base/java.util.ArrayList.forEach(ArrayList.java:1511)
at org.testng.TestRunner.privateRun(TestRunner.java:794)
at org.testng.TestRunner.run(TestRunner.java:596)
at org.testng.SuiteRunner.runTest(SuiteRunner.java:377)
at org.testng.SuiteRunner.runSequentially(SuiteRunner.java:371)
at org.testng.SuiteRunner.privateRun(SuiteRunner.java:332)
at org.testng.SuiteRunner.run(SuiteRunner.java:276)
at org.testng.SuiteRunnerWorker.runSuite(SuiteRunnerWorker.java:53)
at org.testng.SuiteRunnerWorker.run(SuiteRunnerWorker.java:96)
at org.testng.TestNG.runSuitesSequentially(TestNG.java:1212)
at org.testng.TestNG.runSuitesLocally(TestNG.java:1134)
at org.testng.TestNG.runSuites(TestNG.java:1063)
at org.testng.TestNG.run(TestNG.java:1031)
at org.testng.remote.AbstractRemoteTestNG.run(AbstractRemoteTestNG.java:115)
at org.testng.remote.RemoteTestNG.initAndRun(RemoteTestNG.java:251)
at org.testng.remote.RemoteTestNG.main(RemoteTestNG.java:77)
]]>
    </failure>
  </testcase> <!-- Testcase_RowCount_validation -->
  <system-out>
    <![CDATA[Executing Snowflake query :: SELECT count(*) as TOTAL FROM DEV_ENT_RAW.ST_FOURPROS_MATILLION.TECHNICIANATTACHEDPROPERTY
Table Count in Snowflake:: 1541
Executing Snowflake query :: select count(*) as TOTAL from CURATED_DATAMART.ST_BKP_FOURPROS.STR_TECHNICIANATTACHEDPROPERTY Where ACTIVE_FLAG='Y'
Table Count in Snowflake:: 1541
Executing Snowflake query :: select count(*) as TOTAL from DEV_ENT_CURATED.MASTER_DIMENSIONS.DIM_TECHNICIANATTACHEDPROPERTY where tenant_type='FOURPROS' and RECORD_UPDATED_BY='Backup Table'
Snowflake - SQLException at readDB() method :: SQL compilation error: error line 1 at position 128
invalid identifier 'RECORD_UPDATED_BY'
Row Count of Table TECHNICIANATTACHEDPROPERTY is not matched for RAW :: 1541 DataMart :: 1541 CURATED :: 0]]>
  </system-out>
  <testcase classname="testcases.RAW_DATAMART_CURATED.SnowFlake_RowCount_Master" name="Testcase_RowCount_validation" time="1.740">
    <failure message="The following asserts failed:
	null" type="java.lang.AssertionError">
      <![CDATA[java.lang.AssertionError: The following asserts failed:
null
at org.testng.asserts.SoftAssert.assertAll(SoftAssert.java:47)
at org.testng.asserts.SoftAssert.assertAll(SoftAssert.java:31)
at testcases.RAW_DATAMART_CURATED.SnowFlake_RowCount_Master.validate_RowCount_BKP(SnowFlake_RowCount_Master.java:56)
at testcases.RAW_DATAMART_CURATED.SnowFlake_RowCount_Master.Testcase_RowCount_validation(SnowFlake_RowCount_Master.java:25)
at jdk.internal.reflect.GeneratedMethodAccessor13.invoke(Unknown Source)
at java.base/jdk.internal.reflect.DelegatingMethodAccessorImpl.invoke(DelegatingMethodAccessorImpl.java:43)
at java.base/java.lang.reflect.Method.invoke(Method.java:568)
at org.testng.internal.MethodInvocationHelper.invokeMethod(MethodInvocationHelper.java:133)
at org.testng.internal.TestInvoker.invokeMethod(TestInvoker.java:598)
at org.testng.internal.TestInvoker.invokeTestMethod(TestInvoker.java:173)
at org.testng.internal.MethodRunner.runInSequence(MethodRunner.java:46)
at org.testng.internal.TestInvoker$MethodInvocationAgent.invoke(TestInvoker.java:824)
at org.testng.internal.TestInvoker.invokeTestMethods(TestInvoker.java:146)
at org.testng.internal.TestMethodWorker.invokeTestMethods(TestMethodWorker.java:146)
at org.testng.internal.TestMethodWorker.run(TestMethodWorker.java:128)
at java.base/java.util.ArrayList.forEach(ArrayList.java:1511)
at org.testng.TestRunner.privateRun(TestRunner.java:794)
at org.testng.TestRunner.run(TestRunner.java:596)
at org.testng.SuiteRunner.runTest(SuiteRunner.java:377)
at org.testng.SuiteRunner.runSequentially(SuiteRunner.java:371)
at org.testng.SuiteRunner.privateRun(SuiteRunner.java:332)
at org.testng.SuiteRunner.run(SuiteRunner.java:276)
at org.testng.SuiteRunnerWorker.runSuite(SuiteRunnerWorker.java:53)
at org.testng.SuiteRunnerWorker.run(SuiteRunnerWorker.java:96)
at org.testng.TestNG.runSuitesSequentially(TestNG.java:1212)
at org.testng.TestNG.runSuitesLocally(TestNG.java:1134)
at org.testng.TestNG.runSuites(TestNG.java:1063)
at org.testng.TestNG.run(TestNG.java:1031)
at org.testng.remote.AbstractRemoteTestNG.run(AbstractRemoteTestNG.java:115)
at org.testng.remote.RemoteTestNG.initAndRun(RemoteTestNG.java:251)
at org.testng.remote.RemoteTestNG.main(RemoteTestNG.java:77)
]]>
    </failure>
  </testcase> <!-- Testcase_RowCount_validation -->
  <system-out>
    <![CDATA[Executing Snowflake query :: SELECT count(*) as TOTAL FROM DEV_ENT_RAW.ST_HORIZONSERVICES_MATILLION.ESTIMATEITEM
Table Count in Snowflake:: 1591188
Executing Snowflake query :: select count(*) as TOTAL from CURATED_DATAMART.ST_BKP_HORIZONSERVICES.STR_ESTIMATEITEM Where ACTIVE_FLAG='Y'
Table Count in Snowflake:: 1585033
Executing Snowflake query :: select count(*) as TOTAL from DEV_ENT_CURATED.MASTER_DIMENSIONS.DIM_ESTIMATEITEM where tenant_type='HORIZONSERVICES' and RECORD_UPDATED_BY='Backup Table'
Table Count in Snowflake:: 1578304
Row Count of Table ESTIMATEITEM is not matched for RAW :: 1591188 DataMart :: 1585033 CURATED :: 1578304]]>
  </system-out>
  <testcase classname="testcases.RAW_DATAMART_CURATED.SnowFlake_RowCount_Master" name="Testcase_RowCount_validation" time="3.478">
    <failure message="The following asserts failed:
	null" type="java.lang.AssertionError">
      <![CDATA[java.lang.AssertionError: The following asserts failed:
null
at org.testng.asserts.SoftAssert.assertAll(SoftAssert.java:47)
at org.testng.asserts.SoftAssert.assertAll(SoftAssert.java:31)
at testcases.RAW_DATAMART_CURATED.SnowFlake_RowCount_Master.validate_RowCount_BKP(SnowFlake_RowCount_Master.java:56)
at testcases.RAW_DATAMART_CURATED.SnowFlake_RowCount_Master.Testcase_RowCount_validation(SnowFlake_RowCount_Master.java:25)
at jdk.internal.reflect.GeneratedMethodAccessor13.invoke(Unknown Source)
at java.base/jdk.internal.reflect.DelegatingMethodAccessorImpl.invoke(DelegatingMethodAccessorImpl.java:43)
at java.base/java.lang.reflect.Method.invoke(Method.java:568)
at org.testng.internal.MethodInvocationHelper.invokeMethod(MethodInvocationHelper.java:133)
at org.testng.internal.TestInvoker.invokeMethod(TestInvoker.java:598)
at org.testng.internal.TestInvoker.invokeTestMethod(TestInvoker.java:173)
at org.testng.internal.MethodRunner.runInSequence(MethodRunner.java:46)
at org.testng.internal.TestInvoker$MethodInvocationAgent.invoke(TestInvoker.java:824)
at org.testng.internal.TestInvoker.invokeTestMethods(TestInvoker.java:146)
at org.testng.internal.TestMethodWorker.invokeTestMethods(TestMethodWorker.java:146)
at org.testng.internal.TestMethodWorker.run(TestMethodWorker.java:128)
at java.base/java.util.ArrayList.forEach(ArrayList.java:1511)
at org.testng.TestRunner.privateRun(TestRunner.java:794)
at org.testng.TestRunner.run(TestRunner.java:596)
at org.testng.SuiteRunner.runTest(SuiteRunner.java:377)
at org.testng.SuiteRunner.runSequentially(SuiteRunner.java:371)
at org.testng.SuiteRunner.privateRun(SuiteRunner.java:332)
at org.testng.SuiteRunner.run(SuiteRunner.java:276)
at org.testng.SuiteRunnerWorker.runSuite(SuiteRunnerWorker.java:53)
at org.testng.SuiteRunnerWorker.run(SuiteRunnerWorker.java:96)
at org.testng.TestNG.runSuitesSequentially(TestNG.java:1212)
at org.testng.TestNG.runSuitesLocally(TestNG.java:1134)
at org.testng.TestNG.runSuites(TestNG.java:1063)
at org.testng.TestNG.run(TestNG.java:1031)
at org.testng.remote.AbstractRemoteTestNG.run(AbstractRemoteTestNG.java:115)
at org.testng.remote.RemoteTestNG.initAndRun(RemoteTestNG.java:251)
at org.testng.remote.RemoteTestNG.main(RemoteTestNG.java:77)
]]>
    </failure>
  </testcase> <!-- Testcase_RowCount_validation -->
  <system-out>
    <![CDATA[Executing Snowflake query :: SELECT count(*) as TOTAL FROM DEV_ENT_RAW.ST_BILLFENWICK_MATILLION.PAYMENT
Table Count in Snowflake:: 62152
Executing Snowflake query :: select count(*) as TOTAL from CURATED_DATAMART.ST_BKP_BILLFENWICK.STR_PAYMENT Where ACTIVE_FLAG='Y'
Table Count in Snowflake:: 62108
Executing Snowflake query :: select count(*) as TOTAL from DEV_ENT_CURATED.MASTER_DIMENSIONS.DIM_PAYMENT where tenant_type='BILLFENWICK' and RECORD_UPDATED_BY='Backup Table'
Table Count in Snowflake:: 61643
Row Count of Table PAYMENT is not matched for RAW :: 62152 DataMart :: 62108 CURATED :: 61643]]>
  </system-out>
  <testcase classname="testcases.RAW_DATAMART_CURATED.SnowFlake_RowCount_Master" name="Testcase_RowCount_validation" time="1.316">
    <failure message="The following asserts failed:
	null,
	null,
	null" type="java.lang.AssertionError">
      <![CDATA[java.lang.AssertionError: The following asserts failed:
null,
null,
null
at org.testng.asserts.SoftAssert.assertAll(SoftAssert.java:47)
at org.testng.asserts.SoftAssert.assertAll(SoftAssert.java:31)
at testcases.RAW_DATAMART_CURATED.SnowFlake_RowCount_Master.validate_RowCount_BKP(SnowFlake_RowCount_Master.java:56)
at testcases.RAW_DATAMART_CURATED.SnowFlake_RowCount_Master.Testcase_RowCount_validation(SnowFlake_RowCount_Master.java:25)
at jdk.internal.reflect.GeneratedMethodAccessor13.invoke(Unknown Source)
at java.base/jdk.internal.reflect.DelegatingMethodAccessorImpl.invoke(DelegatingMethodAccessorImpl.java:43)
at java.base/java.lang.reflect.Method.invoke(Method.java:568)
at org.testng.internal.MethodInvocationHelper.invokeMethod(MethodInvocationHelper.java:133)
at org.testng.internal.TestInvoker.invokeMethod(TestInvoker.java:598)
at org.testng.internal.TestInvoker.invokeTestMethod(TestInvoker.java:173)
at org.testng.internal.MethodRunner.runInSequence(MethodRunner.java:46)
at org.testng.internal.TestInvoker$MethodInvocationAgent.invoke(TestInvoker.java:824)
at org.testng.internal.TestInvoker.invokeTestMethods(TestInvoker.java:146)
at org.testng.internal.TestMethodWorker.invokeTestMethods(TestMethodWorker.java:146)
at org.testng.internal.TestMethodWorker.run(TestMethodWorker.java:128)
at java.base/java.util.ArrayList.forEach(ArrayList.java:1511)
at org.testng.TestRunner.privateRun(TestRunner.java:794)
at org.testng.TestRunner.run(TestRunner.java:596)
at org.testng.SuiteRunner.runTest(SuiteRunner.java:377)
at org.testng.SuiteRunner.runSequentially(SuiteRunner.java:371)
at org.testng.SuiteRunner.privateRun(SuiteRunner.java:332)
at org.testng.SuiteRunner.run(SuiteRunner.java:276)
at org.testng.SuiteRunnerWorker.runSuite(SuiteRunnerWorker.java:53)
at org.testng.SuiteRunnerWorker.run(SuiteRunnerWorker.java:96)
at org.testng.TestNG.runSuitesSequentially(TestNG.java:1212)
at org.testng.TestNG.runSuitesLocally(TestNG.java:1134)
at org.testng.TestNG.runSuites(TestNG.java:1063)
at org.testng.TestNG.run(TestNG.java:1031)
at org.testng.remote.AbstractRemoteTestNG.run(AbstractRemoteTestNG.java:115)
at org.testng.remote.RemoteTestNG.initAndRun(RemoteTestNG.java:251)
at org.testng.remote.RemoteTestNG.main(RemoteTestNG.java:77)
]]>
    </failure>
  </testcase> <!-- Testcase_RowCount_validation -->
  <system-out>
    <![CDATA[Executing Snowflake query :: SELECT count(*) as TOTAL FROM DEV_ENT_RAW.ST_EANESHEATING_MATILLION.TECHNICIANATTACHEDPROPERTY
Snowflake - SQLException at readDB() method :: SQL compilation error:
Object 'DEV_ENT_RAW.ST_EANESHEATING_MATILLION.TECHNICIANATTACHEDPROPERTY' does not exist or not authorized.
Executing Snowflake query :: select count(*) as TOTAL from CURATED_DATAMART.ST_BKP_EANESHEATING.STR_TECHNICIANATTACHEDPROPERTY Where ACTIVE_FLAG='Y'
Table Count in Snowflake:: 824
Executing Snowflake query :: select count(*) as TOTAL from DEV_ENT_CURATED.MASTER_DIMENSIONS.DIM_TECHNICIANATTACHEDPROPERTY where tenant_type='EANESHEATING' and RECORD_UPDATED_BY='Backup Table'
Snowflake - SQLException at readDB() method :: SQL compilation error: error line 1 at position 132
invalid identifier 'RECORD_UPDATED_BY'
Row Count of Table TECHNICIANATTACHEDPROPERTY is not matched for RAW :: 0 DataMart :: 824 CURATED :: 0]]>
  </system-out>
  <testcase classname="testcases.RAW_DATAMART_CURATED.SnowFlake_RowCount_Master" name="Testcase_RowCount_validation" time="1.747">
    <failure message="The following asserts failed:
	null" type="java.lang.AssertionError">
      <![CDATA[java.lang.AssertionError: The following asserts failed:
null
at org.testng.asserts.SoftAssert.assertAll(SoftAssert.java:47)
at org.testng.asserts.SoftAssert.assertAll(SoftAssert.java:31)
at testcases.RAW_DATAMART_CURATED.SnowFlake_RowCount_Master.validate_RowCount_BKP(SnowFlake_RowCount_Master.java:56)
at testcases.RAW_DATAMART_CURATED.SnowFlake_RowCount_Master.Testcase_RowCount_validation(SnowFlake_RowCount_Master.java:25)
at jdk.internal.reflect.GeneratedMethodAccessor13.invoke(Unknown Source)
at java.base/jdk.internal.reflect.DelegatingMethodAccessorImpl.invoke(DelegatingMethodAccessorImpl.java:43)
at java.base/java.lang.reflect.Method.invoke(Method.java:568)
at org.testng.internal.MethodInvocationHelper.invokeMethod(MethodInvocationHelper.java:133)
at org.testng.internal.TestInvoker.invokeMethod(TestInvoker.java:598)
at org.testng.internal.TestInvoker.invokeTestMethod(TestInvoker.java:173)
at org.testng.internal.MethodRunner.runInSequence(MethodRunner.java:46)
at org.testng.internal.TestInvoker$MethodInvocationAgent.invoke(TestInvoker.java:824)
at org.testng.internal.TestInvoker.invokeTestMethods(TestInvoker.java:146)
at org.testng.internal.TestMethodWorker.invokeTestMethods(TestMethodWorker.java:146)
at org.testng.internal.TestMethodWorker.run(TestMethodWorker.java:128)
at java.base/java.util.ArrayList.forEach(ArrayList.java:1511)
at org.testng.TestRunner.privateRun(TestRunner.java:794)
at org.testng.TestRunner.run(TestRunner.java:596)
at org.testng.SuiteRunner.runTest(SuiteRunner.java:377)
at org.testng.SuiteRunner.runSequentially(SuiteRunner.java:371)
at org.testng.SuiteRunner.privateRun(SuiteRunner.java:332)
at org.testng.SuiteRunner.run(SuiteRunner.java:276)
at org.testng.SuiteRunnerWorker.runSuite(SuiteRunnerWorker.java:53)
at org.testng.SuiteRunnerWorker.run(SuiteRunnerWorker.java:96)
at org.testng.TestNG.runSuitesSequentially(TestNG.java:1212)
at org.testng.TestNG.runSuitesLocally(TestNG.java:1134)
at org.testng.TestNG.runSuites(TestNG.java:1063)
at org.testng.TestNG.run(TestNG.java:1031)
at org.testng.remote.AbstractRemoteTestNG.run(AbstractRemoteTestNG.java:115)
at org.testng.remote.RemoteTestNG.initAndRun(RemoteTestNG.java:251)
at org.testng.remote.RemoteTestNG.main(RemoteTestNG.java:77)
]]>
    </failure>
  </testcase> <!-- Testcase_RowCount_validation -->
  <system-out>
    <![CDATA[Executing Snowflake query :: SELECT count(*) as TOTAL FROM DEV_ENT_RAW.ST_FOURPROS_MATILLION.CAMPAIGN
Table Count in Snowflake:: 178
Executing Snowflake query :: select count(*) as TOTAL from CURATED_DATAMART.ST_BKP_FOURPROS.STR_CAMPAIGN Where ACTIVE_FLAG='Y'
Table Count in Snowflake:: 177
Executing Snowflake query :: select count(*) as TOTAL from DEV_ENT_CURATED.MASTER_DIMENSIONS.DIM_CAMPAIGN where tenant_type='FOURPROS' and RECORD_UPDATED_BY='Backup Table'
Table Count in Snowflake:: 180
Row Count of Table CAMPAIGN is not matched for RAW :: 178 DataMart :: 177 CURATED :: 180]]>
  </system-out>
  <testcase classname="testcases.RAW_DATAMART_CURATED.SnowFlake_RowCount_Master" name="Testcase_RowCount_validation" time="2.105">
    <failure message="The following asserts failed:
	null,
	null" type="java.lang.AssertionError">
      <![CDATA[java.lang.AssertionError: The following asserts failed:
null,
null
at org.testng.asserts.SoftAssert.assertAll(SoftAssert.java:47)
at org.testng.asserts.SoftAssert.assertAll(SoftAssert.java:31)
at testcases.RAW_DATAMART_CURATED.SnowFlake_RowCount_Master.validate_RowCount_BKP(SnowFlake_RowCount_Master.java:56)
at testcases.RAW_DATAMART_CURATED.SnowFlake_RowCount_Master.Testcase_RowCount_validation(SnowFlake_RowCount_Master.java:25)
at jdk.internal.reflect.GeneratedMethodAccessor13.invoke(Unknown Source)
at java.base/jdk.internal.reflect.DelegatingMethodAccessorImpl.invoke(DelegatingMethodAccessorImpl.java:43)
at java.base/java.lang.reflect.Method.invoke(Method.java:568)
at org.testng.internal.MethodInvocationHelper.invokeMethod(MethodInvocationHelper.java:133)
at org.testng.internal.TestInvoker.invokeMethod(TestInvoker.java:598)
at org.testng.internal.TestInvoker.invokeTestMethod(TestInvoker.java:173)
at org.testng.internal.MethodRunner.runInSequence(MethodRunner.java:46)
at org.testng.internal.TestInvoker$MethodInvocationAgent.invoke(TestInvoker.java:824)
at org.testng.internal.TestInvoker.invokeTestMethods(TestInvoker.java:146)
at org.testng.internal.TestMethodWorker.invokeTestMethods(TestMethodWorker.java:146)
at org.testng.internal.TestMethodWorker.run(TestMethodWorker.java:128)
at java.base/java.util.ArrayList.forEach(ArrayList.java:1511)
at org.testng.TestRunner.privateRun(TestRunner.java:794)
at org.testng.TestRunner.run(TestRunner.java:596)
at org.testng.SuiteRunner.runTest(SuiteRunner.java:377)
at org.testng.SuiteRunner.runSequentially(SuiteRunner.java:371)
at org.testng.SuiteRunner.privateRun(SuiteRunner.java:332)
at org.testng.SuiteRunner.run(SuiteRunner.java:276)
at org.testng.SuiteRunnerWorker.runSuite(SuiteRunnerWorker.java:53)
at org.testng.SuiteRunnerWorker.run(SuiteRunnerWorker.java:96)
at org.testng.TestNG.runSuitesSequentially(TestNG.java:1212)
at org.testng.TestNG.runSuitesLocally(TestNG.java:1134)
at org.testng.TestNG.runSuites(TestNG.java:1063)
at org.testng.TestNG.run(TestNG.java:1031)
at org.testng.remote.AbstractRemoteTestNG.run(AbstractRemoteTestNG.java:115)
at org.testng.remote.RemoteTestNG.initAndRun(RemoteTestNG.java:251)
at org.testng.remote.RemoteTestNG.main(RemoteTestNG.java:77)
]]>
    </failure>
  </testcase> <!-- Testcase_RowCount_validation -->
  <system-out>
    <![CDATA[Executing Snowflake query :: SELECT count(*) as TOTAL FROM DEV_ENT_RAW.ST_EANESHEATING_MATILLION.CALLREASON
Snowflake - SQLException at readDB() method :: SQL compilation error:
Object 'DEV_ENT_RAW.ST_EANESHEATING_MATILLION.CALLREASON' does not exist or not authorized.
Executing Snowflake query :: select count(*) as TOTAL from CURATED_DATAMART.ST_BKP_EANESHEATING.STR_CALLREASON Where ACTIVE_FLAG='Y'
Table Count in Snowflake:: 36
Executing Snowflake query :: select count(*) as TOTAL from DEV_ENT_CURATED.MASTER_DIMENSIONS.DIM_CALLREASON where tenant_type='EANESHEATING' and RECORD_UPDATED_BY='Backup Table'
Table Count in Snowflake:: 33
Row Count of Table CALLREASON is not matched for RAW :: 0 DataMart :: 36 CURATED :: 33]]>
  </system-out>
  <testcase classname="testcases.RAW_DATAMART_CURATED.SnowFlake_RowCount_Master" name="Testcase_RowCount_validation" time="2.662">
    <failure message="The following asserts failed:
	null" type="java.lang.AssertionError">
      <![CDATA[java.lang.AssertionError: The following asserts failed:
null
at org.testng.asserts.SoftAssert.assertAll(SoftAssert.java:47)
at org.testng.asserts.SoftAssert.assertAll(SoftAssert.java:31)
at testcases.RAW_DATAMART_CURATED.SnowFlake_RowCount_Master.validate_RowCount_BKP(SnowFlake_RowCount_Master.java:56)
at testcases.RAW_DATAMART_CURATED.SnowFlake_RowCount_Master.Testcase_RowCount_validation(SnowFlake_RowCount_Master.java:25)
at jdk.internal.reflect.GeneratedMethodAccessor13.invoke(Unknown Source)
at java.base/jdk.internal.reflect.DelegatingMethodAccessorImpl.invoke(DelegatingMethodAccessorImpl.java:43)
at java.base/java.lang.reflect.Method.invoke(Method.java:568)
at org.testng.internal.MethodInvocationHelper.invokeMethod(MethodInvocationHelper.java:133)
at org.testng.internal.TestInvoker.invokeMethod(TestInvoker.java:598)
at org.testng.internal.TestInvoker.invokeTestMethod(TestInvoker.java:173)
at org.testng.internal.MethodRunner.runInSequence(MethodRunner.java:46)
at org.testng.internal.TestInvoker$MethodInvocationAgent.invoke(TestInvoker.java:824)
at org.testng.internal.TestInvoker.invokeTestMethods(TestInvoker.java:146)
at org.testng.internal.TestMethodWorker.invokeTestMethods(TestMethodWorker.java:146)
at org.testng.internal.TestMethodWorker.run(TestMethodWorker.java:128)
at java.base/java.util.ArrayList.forEach(ArrayList.java:1511)
at org.testng.TestRunner.privateRun(TestRunner.java:794)
at org.testng.TestRunner.run(TestRunner.java:596)
at org.testng.SuiteRunner.runTest(SuiteRunner.java:377)
at org.testng.SuiteRunner.runSequentially(SuiteRunner.java:371)
at org.testng.SuiteRunner.privateRun(SuiteRunner.java:332)
at org.testng.SuiteRunner.run(SuiteRunner.java:276)
at org.testng.SuiteRunnerWorker.runSuite(SuiteRunnerWorker.java:53)
at org.testng.SuiteRunnerWorker.run(SuiteRunnerWorker.java:96)
at org.testng.TestNG.runSuitesSequentially(TestNG.java:1212)
at org.testng.TestNG.runSuitesLocally(TestNG.java:1134)
at org.testng.TestNG.runSuites(TestNG.java:1063)
at org.testng.TestNG.run(TestNG.java:1031)
at org.testng.remote.AbstractRemoteTestNG.run(AbstractRemoteTestNG.java:115)
at org.testng.remote.RemoteTestNG.initAndRun(RemoteTestNG.java:251)
at org.testng.remote.RemoteTestNG.main(RemoteTestNG.java:77)
]]>
    </failure>
  </testcase> <!-- Testcase_RowCount_validation -->
  <system-out>
    <![CDATA[Executing Snowflake query :: SELECT count(*) as TOTAL FROM DEV_ENT_RAW.ST_FOURPROS_MATILLION.CUSTOMERMEMBERSHIP
Table Count in Snowflake:: 1819
Executing Snowflake query :: select count(*) as TOTAL from CURATED_DATAMART.ST_BKP_FOURPROS.STR_CUSTOMERMEMBERSHIP Where ACTIVE_FLAG='Y'
Table Count in Snowflake:: 1812
Executing Snowflake query :: select count(*) as TOTAL from DEV_ENT_CURATED.MASTER_DIMENSIONS.DIM_CUSTOMERMEMBERSHIP where tenant_type='FOURPROS' and RECORD_UPDATED_BY='Backup Table'
Table Count in Snowflake:: 0
Row Count of Table CUSTOMERMEMBERSHIP is not matched for RAW :: 1819 DataMart :: 1812 CURATED :: 0]]>
  </system-out>
  <testcase classname="testcases.RAW_DATAMART_CURATED.SnowFlake_RowCount_Master" name="Testcase_RowCount_validation" time="1.638">
    <failure message="The following asserts failed:
	null" type="java.lang.AssertionError">
      <![CDATA[java.lang.AssertionError: The following asserts failed:
null
at org.testng.asserts.SoftAssert.assertAll(SoftAssert.java:47)
at org.testng.asserts.SoftAssert.assertAll(SoftAssert.java:31)
at testcases.RAW_DATAMART_CURATED.SnowFlake_RowCount_Master.validate_RowCount_BKP(SnowFlake_RowCount_Master.java:56)
at testcases.RAW_DATAMART_CURATED.SnowFlake_RowCount_Master.Testcase_RowCount_validation(SnowFlake_RowCount_Master.java:25)
at jdk.internal.reflect.GeneratedMethodAccessor13.invoke(Unknown Source)
at java.base/jdk.internal.reflect.DelegatingMethodAccessorImpl.invoke(DelegatingMethodAccessorImpl.java:43)
at java.base/java.lang.reflect.Method.invoke(Method.java:568)
at org.testng.internal.MethodInvocationHelper.invokeMethod(MethodInvocationHelper.java:133)
at org.testng.internal.TestInvoker.invokeMethod(TestInvoker.java:598)
at org.testng.internal.TestInvoker.invokeTestMethod(TestInvoker.java:173)
at org.testng.internal.MethodRunner.runInSequence(MethodRunner.java:46)
at org.testng.internal.TestInvoker$MethodInvocationAgent.invoke(TestInvoker.java:824)
at org.testng.internal.TestInvoker.invokeTestMethods(TestInvoker.java:146)
at org.testng.internal.TestMethodWorker.invokeTestMethods(TestMethodWorker.java:146)
at org.testng.internal.TestMethodWorker.run(TestMethodWorker.java:128)
at java.base/java.util.ArrayList.forEach(ArrayList.java:1511)
at org.testng.TestRunner.privateRun(TestRunner.java:794)
at org.testng.TestRunner.run(TestRunner.java:596)
at org.testng.SuiteRunner.runTest(SuiteRunner.java:377)
at org.testng.SuiteRunner.runSequentially(SuiteRunner.java:371)
at org.testng.SuiteRunner.privateRun(SuiteRunner.java:332)
at org.testng.SuiteRunner.run(SuiteRunner.java:276)
at org.testng.SuiteRunnerWorker.runSuite(SuiteRunnerWorker.java:53)
at org.testng.SuiteRunnerWorker.run(SuiteRunnerWorker.java:96)
at org.testng.TestNG.runSuitesSequentially(TestNG.java:1212)
at org.testng.TestNG.runSuitesLocally(TestNG.java:1134)
at org.testng.TestNG.runSuites(TestNG.java:1063)
at org.testng.TestNG.run(TestNG.java:1031)
at org.testng.remote.AbstractRemoteTestNG.run(AbstractRemoteTestNG.java:115)
at org.testng.remote.RemoteTestNG.initAndRun(RemoteTestNG.java:251)
at org.testng.remote.RemoteTestNG.main(RemoteTestNG.java:77)
]]>
    </failure>
  </testcase> <!-- Testcase_RowCount_validation -->
  <system-out>
    <![CDATA[Executing Snowflake query :: SELECT count(*) as TOTAL FROM DEV_ENT_RAW.ST_HENDERSON_MATILLION.TECHNICIAN
Table Count in Snowflake:: 291
Executing Snowflake query :: select count(*) as TOTAL from CURATED_DATAMART.ST_BKP_HENDERSON.STR_TECHNICIAN Where ACTIVE_FLAG='Y'
Table Count in Snowflake:: 190
Executing Snowflake query :: select count(*) as TOTAL from DEV_ENT_CURATED.MASTER_DIMENSIONS.DIM_TECHNICIAN where tenant_type='HENDERSON' and RECORD_UPDATED_BY='Backup Table'
Table Count in Snowflake:: 52
Row Count of Table TECHNICIAN is not matched for RAW :: 291 DataMart :: 190 CURATED :: 52]]>
  </system-out>
</testsuite> <!-- testcases.RAW_DATAMART_CURATED.SnowFlake_RowCount_Master -->
