<?xml version="1.0" encoding="UTF-8"?>
<!-- Generated by org.testng.reporters.JUnitReportReporter -->
<testsuite hostname="BALT-CHN-00" failures="24" tests="492" name="testcases.RAW_DATAMART_CURATED.SnowFlake_ColumnValidation_APITables" time="1353.429" errors="0" timestamp="2021-12-07T13:40:13 IST" skipped="0">
  <testcase classname="testcases.RAW_DATAMART_CURATED.SnowFlake_ColumnValidation_APITables" name="validateColumnName_BKP" time="2.261"/>
  <system-out>
    <![CDATA[Executing Snowflake query :: SELECT COLUMN_NAME FROM DEV_ENT_RAW.INFORMATION_SCHEMA.COLUMNS WHERE TABLE_NAME='ST_API_PAYMENT'and TABLE_SCHEMA='API_MAT'
Executing Snowflake query :: SELECT COLUMN_NAME FROM CURATED_DATAMART.INFORMATION_SCHEMA.COLUMNS WHERE TABLE_NAME='STR_API_PAYMENT'and TABLE_SCHEMA='ST_API_BILLFENWICK'
Executing Snowflake query :: SELECT COLUMN_NAME FROM DEV_ENT_CURATED.INFORMATION_SCHEMA.COLUMNS WHERE TABLE_NAME='DIM_PAYMENT'and TABLE_SCHEMA='MASTER_DIMENSIONS'
Column names for RAW Table --> ST_API_PAYMENT :: [AGREEMENTLANGUAGE, FINANCINGOPERATOR, TRANSACTIONSTATUS, INVOICE_ID, CHECKNUMBER, AMOUNT, SETTLEMENTDATE, PROJECT_ID, BUSINESSUNIT_ID, CREATEDBY_ID, CREATEDON, CREDITAVAILABLE, UNAPPLIEDAMOUNT, EXPORTID, AUTHORIZATIONSIGNATURE, BATCH_ID, DEFERREDINTEREST, EXTERNALID, METHOD, MEMO, STATUS, ACTIVE, CUSTOMER_ID, ESTIMATE_ID, NUMBER, SETTLEMENTSTATUS, SOURCE, STOREDPAYMENT_ID, ID, IMPORTID, PAIDON, MODIFIEDON, TYPE_ID, REFUNDEDAMOUNT, TRANSACTION, APPLIEDON, PAYMENTDATE, TENANT_TYPE]
Column names for DataMart Table --> STR_API_PAYMENT :: [MEMO, METHOD, ESTIMATE_ID, SETTLEMENTDATE, STOREDPAYMENT_ID, TRANSACTIONSTATUS, ACTIVE_FLAG, BATCH_ID, CHECKNUMBER, CREATEDON, MODIFIEDON, SOURCE, CUSTOMER_ID, PAYMENTDATE, RECORD_UPDATE_DATE, SETTLEMENTSTATUS, TYPE_ID, UNAPPLIEDAMOUNT, TENANT_TYPE, MASTER_ID, AUTHORIZATIONSIGNATURE, EXTERNALID, RECORD_CREATE_DATE, AGREEMENTLANGUAGE, AMOUNT, APPLIEDON, DEFERREDINTEREST, FINANCINGOPERATOR, PROJECT_ID, STATUS, ID, ACTIVE, NUMBER, PAIDON, EXPORTID, IMPORTID, BUSINESSUNIT_ID, CREATEDBY_ID, REFUNDEDAMOUNT, TRANSACTION, CREDITAVAILABLE, INVOICE_ID]
Column names for Curated Table --> DIM_PAYMENT :: [DEFERREDINTEREST, PAIDON, SOURCE, TENANT_TYPE, PAYMENTDATE, TYPE_ID, ACTIVE, INVOICE_ID, ESTIMATE_ID, UNAPPLIEDAMOUNT, STATUS, CREATEDBY_ID, CUSTOMER_ID, EXPORTID, IMPORTID, TRANSACTION, MEMO, RECORD_UPDATE_DATE, TRANSACTIONSTATUS, AMOUNT, AUTHORIZATIONSIGNATURE, CHECKNUMBER, MODIFIEDON, EXTERNALID, PROJECT_ID, APPLIEDON, BATCH_ID, CREATEDON, FINANCINGOPERATOR, ID, RECORD_UPDATED_BY, REFUNDEDAMOUNT, SETTLEMENTSTATUS, BUSINESSUNIT_ID, METHOD, AGREEMENTLANGUAGE, CREDITAVAILABLE, NUMBER, RECORD_CREATE_DATE, SETTLEMENTDATE, STOREDPAYMENT_ID]
Column Name found in Datamart and Curated Table :: AGREEMENTLANGUAGE
Column Name found in Datamart and Curated Table :: FINANCINGOPERATOR
Column Name found in Datamart and Curated Table :: TRANSACTIONSTATUS
Column Name found in Datamart and Curated Table :: INVOICE_ID
Column Name found in Datamart and Curated Table :: CHECKNUMBER
Column Name found in Datamart and Curated Table :: AMOUNT
Column Name found in Datamart and Curated Table :: SETTLEMENTDATE
Column Name found in Datamart and Curated Table :: PROJECT_ID
Column Name found in Datamart and Curated Table :: BUSINESSUNIT_ID
Column Name found in Datamart and Curated Table :: CREATEDBY_ID
Column Name found in Datamart and Curated Table :: CREATEDON
Column Name found in Datamart and Curated Table :: CREDITAVAILABLE
Column Name found in Datamart and Curated Table :: UNAPPLIEDAMOUNT
Column Name found in Datamart and Curated Table :: EXPORTID
Column Name found in Datamart and Curated Table :: AUTHORIZATIONSIGNATURE
Column Name found in Datamart and Curated Table :: BATCH_ID
Column Name found in Datamart and Curated Table :: DEFERREDINTEREST
Column Name found in Datamart and Curated Table :: EXTERNALID
Column Name found in Datamart and Curated Table :: METHOD
Column Name found in Datamart and Curated Table :: MEMO
Column Name found in Datamart and Curated Table :: STATUS
Column Name found in Datamart and Curated Table :: ACTIVE
Column Name found in Datamart and Curated Table :: CUSTOMER_ID
Column Name found in Datamart and Curated Table :: ESTIMATE_ID
Column Name found in Datamart and Curated Table :: NUMBER
Column Name found in Datamart and Curated Table :: SETTLEMENTSTATUS
Column Name found in Datamart and Curated Table :: SOURCE
Column Name found in Datamart and Curated Table :: STOREDPAYMENT_ID
Column Name found in Datamart and Curated Table :: ID
Column Name found in Datamart and Curated Table :: IMPORTID
Column Name found in Datamart and Curated Table :: PAIDON
Column Name found in Datamart and Curated Table :: MODIFIEDON
Column Name found in Datamart and Curated Table :: TYPE_ID
Column Name found in Datamart and Curated Table :: REFUNDEDAMOUNT
Column Name found in Datamart and Curated Table :: TRANSACTION
Column Name found in Datamart and Curated Table :: APPLIEDON
Column Name found in Datamart and Curated Table :: PAYMENTDATE
Column Name found in Datamart and Curated Table :: TENANT_TYPE
Datamart tables contains additional column name like [ACTIVE_FLAG, RECORD_CREATE_DATE, RECORD_UPDATE_DATE, MASTER_ID]
Curated tables contains additional column name like [RECORD_CREATE_DATE, RECORD_UPDATE_DATE, RECORD_UPDATED_BY]]]>
  </system-out>
  <testcase classname="testcases.RAW_DATAMART_CURATED.SnowFlake_ColumnValidation_APITables" name="validateColumnName_BKP" time="2.458"/>
  <system-out>
    <![CDATA[Executing Snowflake query :: SELECT COLUMN_NAME FROM DEV_ENT_RAW.INFORMATION_SCHEMA.COLUMNS WHERE TABLE_NAME='ST_API_CONTACT'and TABLE_SCHEMA='API_MAT'
Executing Snowflake query :: SELECT COLUMN_NAME FROM CURATED_DATAMART.INFORMATION_SCHEMA.COLUMNS WHERE TABLE_NAME='STR_API_CONTACT'and TABLE_SCHEMA='ST_API_HENDERSON'
Executing Snowflake query :: SELECT COLUMN_NAME FROM DEV_ENT_CURATED.INFORMATION_SCHEMA.COLUMNS WHERE TABLE_NAME='DIM_CONTACT'and TABLE_SCHEMA='MASTER_DIMENSIONS'
Column names for RAW Table --> ST_API_CONTACT :: [OWNER_ID, VALUE, ACTIVE, MEMO, INVOICESTATEMENTNOTIFICATION, ID, TYPE, IMPORTID, MARKETINGUPDATESENABLED, CREATEDON, JOBREMINDERSENABLED, CREATEDBY_ID, MESSAGESENABLED, MODIFIEDON, REVERSEPHONE, TENANT_TYPE]
Column names for DataMart Table --> STR_API_CONTACT :: [ACTIVE, MEMO, ACTIVE_FLAG, VALUE, JOBREMINDERSENABLED, REVERSEPHONE, IMPORTID, INVOICESTATEMENTNOTIFICATION, MODIFIEDON, RECORD_CREATE_DATE, RECORD_UPDATE_DATE, TYPE, CREATEDBY_ID, CREATEDON, ID, MASTER_ID, MESSAGESENABLED, MARKETINGUPDATESENABLED, OWNER_ID, TENANT_TYPE]
Column names for Curated Table --> DIM_CONTACT :: [MESSAGESENABLED, MODIFIEDON, CREATEDON, MEMO, OWNER_ID, CREATEDBY_ID, MARKETINGUPDATESENABLED, REVERSEPHONE, ID, IMPORTID, JOBREMINDERSENABLED, INVOICESTATEMENTNOTIFICATION, RECORD_CREATE_DATE, RECORD_UPDATED_BY, TENANT_TYPE, ACTIVE, RECORD_UPDATE_DATE, VALUE, TYPE]
Column Name found in Datamart and Curated Table :: OWNER_ID
Column Name found in Datamart and Curated Table :: VALUE
Column Name found in Datamart and Curated Table :: ACTIVE
Column Name found in Datamart and Curated Table :: MEMO
Column Name found in Datamart and Curated Table :: INVOICESTATEMENTNOTIFICATION
Column Name found in Datamart and Curated Table :: ID
Column Name found in Datamart and Curated Table :: TYPE
Column Name found in Datamart and Curated Table :: IMPORTID
Column Name found in Datamart and Curated Table :: MARKETINGUPDATESENABLED
Column Name found in Datamart and Curated Table :: CREATEDON
Column Name found in Datamart and Curated Table :: JOBREMINDERSENABLED
Column Name found in Datamart and Curated Table :: CREATEDBY_ID
Column Name found in Datamart and Curated Table :: MESSAGESENABLED
Column Name found in Datamart and Curated Table :: MODIFIEDON
Column Name found in Datamart and Curated Table :: REVERSEPHONE
Column Name found in Datamart and Curated Table :: TENANT_TYPE
Datamart tables contains additional column name like [ACTIVE_FLAG, RECORD_CREATE_DATE, RECORD_UPDATE_DATE, MASTER_ID]
Curated tables contains additional column name like [RECORD_CREATE_DATE, RECORD_UPDATE_DATE, RECORD_UPDATED_BY]]]>
  </system-out>
  <testcase classname="testcases.RAW_DATAMART_CURATED.SnowFlake_ColumnValidation_APITables" name="validateColumnName_BKP" time="2.258"/>
  <system-out>
    <![CDATA[Executing Snowflake query :: SELECT COLUMN_NAME FROM DEV_ENT_RAW.INFORMATION_SCHEMA.COLUMNS WHERE TABLE_NAME='ST_API_LEAD'and TABLE_SCHEMA='API_MAT'
Executing Snowflake query :: SELECT COLUMN_NAME FROM CURATED_DATAMART.INFORMATION_SCHEMA.COLUMNS WHERE TABLE_NAME='STR_API_LEAD'and TABLE_SCHEMA='ST_API_HARP'
Executing Snowflake query :: SELECT COLUMN_NAME FROM DEV_ENT_CURATED.INFORMATION_SCHEMA.COLUMNS WHERE TABLE_NAME='DIM_LEAD'and TABLE_SCHEMA='MASTER_DIMENSIONS'
Column names for RAW Table --> ST_API_LEAD :: [CREATEDBY_ID, ID, CREATEDON, PRIORITY, PROJECT_ID, STATUS, ESTIMATE_ID, JOBTYPE_ID, MODIFIEDON, SUMMARY, CUSTOMER_ID, LOCATION_ID, CAMPAIGN_ID, LATESTFOLLOWUPDATE, ACTIVE, BUSINESSUNIT_ID, IMPORTID, TENANT_TYPE]
Column names for DataMart Table --> STR_API_LEAD :: [ACTIVE_FLAG, TENANT_TYPE, CAMPAIGN_ID, MASTER_ID, MODIFIEDON, RECORD_CREATE_DATE, RECORD_UPDATE_DATE, JOBTYPE_ID, BUSINESSUNIT_ID, CUSTOMER_ID, PRIORITY, STATUS, CREATEDON, ID, LOCATION_ID, MD5_VALUE, IMPORTID, CREATEDBY_ID, ESTIMATE_ID, SUMMARY, ACTIVE, LATESTFOLLOWUPDATE, PROJECT_ID]
Column names for Curated Table --> DIM_LEAD :: [PRIORITY, ESTIMATE_ID, MD5_VALUE, MODIFIEDON, TENANT_TYPE, RECORD_UPDATED_BY, CUSTOMER_ID, PROJECT_ID, RECORD_CREATE_DATE, IMPORTID, STATUS, ACTIVE, BUSINESSUNIT_ID, CAMPAIGN_ID, CREATEDON, JOBTYPE_ID, LOCATION_ID, RECORD_UPDATE_DATE, CREATEDBY_ID, ID, LATESTFOLLOWUPDATE, SUMMARY]
Column Name found in Datamart and Curated Table :: CREATEDBY_ID
Column Name found in Datamart and Curated Table :: ID
Column Name found in Datamart and Curated Table :: CREATEDON
Column Name found in Datamart and Curated Table :: PRIORITY
Column Name found in Datamart and Curated Table :: PROJECT_ID
Column Name found in Datamart and Curated Table :: STATUS
Column Name found in Datamart and Curated Table :: ESTIMATE_ID
Column Name found in Datamart and Curated Table :: JOBTYPE_ID
Column Name found in Datamart and Curated Table :: MODIFIEDON
Column Name found in Datamart and Curated Table :: SUMMARY
Column Name found in Datamart and Curated Table :: CUSTOMER_ID
Column Name found in Datamart and Curated Table :: LOCATION_ID
Column Name found in Datamart and Curated Table :: CAMPAIGN_ID
Column Name found in Datamart and Curated Table :: LATESTFOLLOWUPDATE
Column Name found in Datamart and Curated Table :: ACTIVE
Column Name found in Datamart and Curated Table :: BUSINESSUNIT_ID
Column Name found in Datamart and Curated Table :: IMPORTID
Column Name found in Datamart and Curated Table :: TENANT_TYPE
Datamart tables contains additional column name like [ACTIVE_FLAG, RECORD_CREATE_DATE, RECORD_UPDATE_DATE, MASTER_ID]
Curated tables contains additional column name like [RECORD_CREATE_DATE, RECORD_UPDATE_DATE, RECORD_UPDATED_BY]]]>
  </system-out>
  <testcase classname="testcases.RAW_DATAMART_CURATED.SnowFlake_ColumnValidation_APITables" name="validateColumnName_BKP" time="2.130"/>
  <system-out>
    <![CDATA[Executing Snowflake query :: SELECT COLUMN_NAME FROM DEV_ENT_RAW.INFORMATION_SCHEMA.COLUMNS WHERE TABLE_NAME='ST_API_PAYMENT'and TABLE_SCHEMA='API_MAT'
Executing Snowflake query :: SELECT COLUMN_NAME FROM CURATED_DATAMART.INFORMATION_SCHEMA.COLUMNS WHERE TABLE_NAME='STR_API_PAYMENT'and TABLE_SCHEMA='ST_API_GOLDMEDAL'
Executing Snowflake query :: SELECT COLUMN_NAME FROM DEV_ENT_CURATED.INFORMATION_SCHEMA.COLUMNS WHERE TABLE_NAME='DIM_PAYMENT'and TABLE_SCHEMA='MASTER_DIMENSIONS'
Column names for RAW Table --> ST_API_PAYMENT :: [AGREEMENTLANGUAGE, FINANCINGOPERATOR, TRANSACTIONSTATUS, INVOICE_ID, CHECKNUMBER, AMOUNT, SETTLEMENTDATE, PROJECT_ID, BUSINESSUNIT_ID, CREATEDBY_ID, CREATEDON, CREDITAVAILABLE, UNAPPLIEDAMOUNT, EXPORTID, AUTHORIZATIONSIGNATURE, BATCH_ID, DEFERREDINTEREST, EXTERNALID, METHOD, MEMO, STATUS, ACTIVE, CUSTOMER_ID, ESTIMATE_ID, NUMBER, SETTLEMENTSTATUS, SOURCE, STOREDPAYMENT_ID, ID, IMPORTID, PAIDON, MODIFIEDON, TYPE_ID, REFUNDEDAMOUNT, TRANSACTION, APPLIEDON, PAYMENTDATE, TENANT_TYPE]
Column names for DataMart Table --> STR_API_PAYMENT :: [APPLIEDON, BUSINESSUNIT_ID, DEFERREDINTEREST, SOURCE, ESTIMATE_ID, SETTLEMENTSTATUS, TENANT_TYPE, STOREDPAYMENT_ID, TRANSACTION, AGREEMENTLANGUAGE, BATCH_ID, MASTER_ID, TRANSACTIONSTATUS, RECORD_UPDATE_DATE, CREDITAVAILABLE, MODIFIEDON, RECORD_CREATE_DATE, EXTERNALID, AUTHORIZATIONSIGNATURE, CREATEDBY_ID, METHOD, NUMBER, PAYMENTDATE, SETTLEMENTDATE, ACTIVE_FLAG, CHECKNUMBER, CREATEDON, CUSTOMER_ID, PAIDON, PROJECT_ID, STATUS, AMOUNT, TYPE_ID, UNAPPLIEDAMOUNT, ACTIVE, EXPORTID, INVOICE_ID, FINANCINGOPERATOR, ID, IMPORTID, REFUNDEDAMOUNT, MEMO]
Column names for Curated Table --> DIM_PAYMENT :: [DEFERREDINTEREST, PAIDON, SOURCE, TENANT_TYPE, PAYMENTDATE, TYPE_ID, ACTIVE, INVOICE_ID, ESTIMATE_ID, UNAPPLIEDAMOUNT, STATUS, CREATEDBY_ID, CUSTOMER_ID, EXPORTID, IMPORTID, TRANSACTION, MEMO, RECORD_UPDATE_DATE, TRANSACTIONSTATUS, AMOUNT, AUTHORIZATIONSIGNATURE, CHECKNUMBER, MODIFIEDON, EXTERNALID, PROJECT_ID, APPLIEDON, BATCH_ID, CREATEDON, FINANCINGOPERATOR, ID, RECORD_UPDATED_BY, REFUNDEDAMOUNT, SETTLEMENTSTATUS, BUSINESSUNIT_ID, METHOD, AGREEMENTLANGUAGE, CREDITAVAILABLE, NUMBER, RECORD_CREATE_DATE, SETTLEMENTDATE, STOREDPAYMENT_ID]
Column Name found in Datamart and Curated Table :: AGREEMENTLANGUAGE
Column Name found in Datamart and Curated Table :: FINANCINGOPERATOR
Column Name found in Datamart and Curated Table :: TRANSACTIONSTATUS
Column Name found in Datamart and Curated Table :: INVOICE_ID
Column Name found in Datamart and Curated Table :: CHECKNUMBER
Column Name found in Datamart and Curated Table :: AMOUNT
Column Name found in Datamart and Curated Table :: SETTLEMENTDATE
Column Name found in Datamart and Curated Table :: PROJECT_ID
Column Name found in Datamart and Curated Table :: BUSINESSUNIT_ID
Column Name found in Datamart and Curated Table :: CREATEDBY_ID
Column Name found in Datamart and Curated Table :: CREATEDON
Column Name found in Datamart and Curated Table :: CREDITAVAILABLE
Column Name found in Datamart and Curated Table :: UNAPPLIEDAMOUNT
Column Name found in Datamart and Curated Table :: EXPORTID
Column Name found in Datamart and Curated Table :: AUTHORIZATIONSIGNATURE
Column Name found in Datamart and Curated Table :: BATCH_ID
Column Name found in Datamart and Curated Table :: DEFERREDINTEREST
Column Name found in Datamart and Curated Table :: EXTERNALID
Column Name found in Datamart and Curated Table :: METHOD
Column Name found in Datamart and Curated Table :: MEMO
Column Name found in Datamart and Curated Table :: STATUS
Column Name found in Datamart and Curated Table :: ACTIVE
Column Name found in Datamart and Curated Table :: CUSTOMER_ID
Column Name found in Datamart and Curated Table :: ESTIMATE_ID
Column Name found in Datamart and Curated Table :: NUMBER
Column Name found in Datamart and Curated Table :: SETTLEMENTSTATUS
Column Name found in Datamart and Curated Table :: SOURCE
Column Name found in Datamart and Curated Table :: STOREDPAYMENT_ID
Column Name found in Datamart and Curated Table :: ID
Column Name found in Datamart and Curated Table :: IMPORTID
Column Name found in Datamart and Curated Table :: PAIDON
Column Name found in Datamart and Curated Table :: MODIFIEDON
Column Name found in Datamart and Curated Table :: TYPE_ID
Column Name found in Datamart and Curated Table :: REFUNDEDAMOUNT
Column Name found in Datamart and Curated Table :: TRANSACTION
Column Name found in Datamart and Curated Table :: APPLIEDON
Column Name found in Datamart and Curated Table :: PAYMENTDATE
Column Name found in Datamart and Curated Table :: TENANT_TYPE
Datamart tables contains additional column name like [ACTIVE_FLAG, RECORD_CREATE_DATE, RECORD_UPDATE_DATE, MASTER_ID]
Curated tables contains additional column name like [RECORD_CREATE_DATE, RECORD_UPDATE_DATE, RECORD_UPDATED_BY]]]>
  </system-out>
  <testcase classname="testcases.RAW_DATAMART_CURATED.SnowFlake_ColumnValidation_APITables" name="validateColumnName_BKP" time="2.355"/>
  <system-out>
    <![CDATA[Executing Snowflake query :: SELECT COLUMN_NAME FROM DEV_ENT_RAW.INFORMATION_SCHEMA.COLUMNS WHERE TABLE_NAME='ST_API_JOB'and TABLE_SCHEMA='API_MAT'
Executing Snowflake query :: SELECT COLUMN_NAME FROM CURATED_DATAMART.INFORMATION_SCHEMA.COLUMNS WHERE TABLE_NAME='STR_API_JOB'and TABLE_SCHEMA='ST_API_HORIZONSERVICES'
Executing Snowflake query :: SELECT COLUMN_NAME FROM DEV_ENT_CURATED.INFORMATION_SCHEMA.COLUMNS WHERE TABLE_NAME='DIM_JOB'and TABLE_SCHEMA='MASTER_DIMENSIONS'
Column names for RAW Table --> ST_API_JOB :: [ACTIVE, CUSTOMER_ID, MANAGEEMPLOYEEEMAIL, MONTHNUMBER, NOCHARGESOURCE, START, CAMPAIGN_ID, LASTCHANGEDBYSMARTDISPATCH, OPPORTUNITYDATE, PREVAILINGWAGEJOBNUMBER, PROJECT_ID, PRIORITY, DRIVETIME, PLANEND, PREDICTEDTOTAL, STATUS, TOTAL, APPROXIMATESTARTDATE, ESTIMATEDCOST, IMPORTID, PROJECTEDVALUE, CREATEDFROMESTIMATESTATUSWHENBOOKING, ISAUTODISPATCHED, NOTIFICATIONSENABLED, COMPLETEDON, CREATEDBY_ID, CUSTOMERPO, ID, LEADGENERATED_ID, LOCATION_ID, PMDATE, PREVAILINGWAGECODE_ID, APPROXIMATEENDDATE, COMPLETIONSURVEYID, CREATEDON, REASSIGNMENTPENALTY, NUMBER, CREATEDFROMESTIMATE_ID, ISCONFIRMED, LATEPENALTY, OPPORTUNITY_ID, PLANSTART, DRIVINGCOST, GENERATEDFROM_ID, SOLDBY_ID, RECALLFOR_ID, CALLSCRIPTANSWERRECORD_ID, DURATION, INVOICE_ID, ISPREVAILINGWAGE, NOCHARGE, SMARTDISPATCHDATA_JOB, LASTAPPOINTMENT_ID, BUSINESSUNIT_ID, FIRSTAPPOINTMENT_ID, GENERATEDBY_ID, ISTECHNICIANSPECIFIC, UNION, WARRANTYFOR_ID, MEMBERSHIP_ID, TYPE_ID, MODIFIEDON, ALLOTTEDTIME, END, EXTERNALID, SECONDARYJOBNUMBER, LEAD_ID, MANAGEFOLLOWUPEMAIL, PREDICTEDSALES, SUMMARY, TENANT_TYPE]
Column names for DataMart Table --> STR_API_JOB :: [ALLOTTEDTIME, BUSINESSUNIT_ID, COMPLETEDON, COMPLETIONSURVEYID, CUSTOMER_ID, ESTIMATEDCOST, NUMBER, PLANEND, PRIORITY, SMARTDISPATCHDATA_JOB, CREATEDFROMESTIMATE_ID, LASTAPPOINTMENT_ID, MEMBERSHIP_ID, TENANT_TYPE, ISCONFIRMED, ACTIVE, APPROXIMATESTARTDATE, ISTECHNICIANSPECIFIC, MANAGEEMPLOYEEEMAIL, MANAGEFOLLOWUPEMAIL, NOCHARGE, START, ISAUTODISPATCHED, MONTHNUMBER, PLANSTART, PROJECTEDVALUE, RECORD_CREATE_DATE, OPPORTUNITYDATE, MASTER_ID, NOTIFICATIONSENABLED, DRIVETIME, INVOICE_ID, REASSIGNMENTPENALTY, WARRANTYFOR_ID, TOTAL, APPROXIMATEENDDATE, CALLSCRIPTANSWERRECORD_ID, CREATEDBY_ID, GENERATEDFROM_ID, OPPORTUNITY_ID, PMDATE, SUMMARY, PREDICTEDSALES, END, GENERATEDBY_ID, ISPREVAILINGWAGE, LATEPENALTY, FIRSTAPPOINTMENT_ID, IMPORTID, MODIFIEDON, PREDICTEDTOTAL, PREVAILINGWAGECODE_ID, ACTIVE_FLAG, CREATEDON, CUSTOMERPO, NOCHARGESOURCE, RECALLFOR_ID, UNION, ID, RECORD_UPDATE_DATE, CAMPAIGN_ID, DRIVINGCOST, LEADGENERATED_ID, LOCATION_ID, STATUS, EXTERNALID, LASTCHANGEDBYSMARTDISPATCH, LEAD_ID, PREVAILINGWAGEJOBNUMBER, SECONDARYJOBNUMBER, DURATION, PROJECT_ID, CREATEDFROMESTIMATESTATUSWHENBOOKING, SOLDBY_ID, TYPE_ID]
Column names for Curated Table --> DIM_JOB :: [LASTCHANGEDBYSMARTDISPATCH, PROJECTEDVALUE, TYPE_ID, EXTERNALID, NOCHARGESOURCE, PMDATE, RECALLFOR_ID, START, ACTIVE, ISAUTODISPATCHED, MONTHNUMBER, PRIORITY, CREATEDON, OPPORTUNITYDATE, PREVAILINGWAGEJOBNUMBER, RECORD_CREATE_DATE, CREATEDBY_ID, LASTAPPOINTMENT_ID, MANAGEEMPLOYEEEMAIL, TOTAL, APPROXIMATESTARTDATE, GENERATEDBY_ID, MANAGEFOLLOWUPEMAIL, RECORD_UPDATED_BY, WARRANTYFOR_ID, UNION, CREATEDFROMESTIMATE_ID, REASSIGNMENTPENALTY, PREDICTEDSALES, LATEPENALTY, DURATION, DRIVETIME, STATUS, SUMMARY, IMPORTID, NOTIFICATIONSENABLED, RECORD_UPDATE_DATE, ALLOTTEDTIME, COMPLETEDON, CUSTOMERPO, GENERATEDFROM_ID, ISTECHNICIANSPECIFIC, LOCATION_ID, PLANEND, MODIFIEDON, PREVAILINGWAGECODE_ID, SECONDARYJOBNUMBER, END, OPPORTUNITY_ID, APPROXIMATEENDDATE, BUSINESSUNIT_ID, CALLSCRIPTANSWERRECORD_ID, CUSTOMER_ID, DRIVINGCOST, ESTIMATEDCOST, FIRSTAPPOINTMENT_ID, PROJECT_ID, SOLDBY_ID, NOCHARGE, ISCONFIRMED, LEADGENERATED_ID, CAMPAIGN_ID, COMPLETIONSURVEYID, CREATEDFROMESTIMATESTATUSWHENBOOKING, ID, INVOICE_ID, ISPREVAILINGWAGE, LEAD_ID, MEMBERSHIP_ID, PLANSTART, SMARTDISPATCHDATA_JOB, TENANT_TYPE, PREDICTEDTOTAL, NUMBER]
Column Name found in Datamart and Curated Table :: ACTIVE
Column Name found in Datamart and Curated Table :: CUSTOMER_ID
Column Name found in Datamart and Curated Table :: MANAGEEMPLOYEEEMAIL
Column Name found in Datamart and Curated Table :: MONTHNUMBER
Column Name found in Datamart and Curated Table :: NOCHARGESOURCE
Column Name found in Datamart and Curated Table :: START
Column Name found in Datamart and Curated Table :: CAMPAIGN_ID
Column Name found in Datamart and Curated Table :: LASTCHANGEDBYSMARTDISPATCH
Column Name found in Datamart and Curated Table :: OPPORTUNITYDATE
Column Name found in Datamart and Curated Table :: PREVAILINGWAGEJOBNUMBER
Column Name found in Datamart and Curated Table :: PROJECT_ID
Column Name found in Datamart and Curated Table :: PRIORITY
Column Name found in Datamart and Curated Table :: DRIVETIME
Column Name found in Datamart and Curated Table :: PLANEND
Column Name found in Datamart and Curated Table :: PREDICTEDTOTAL
Column Name found in Datamart and Curated Table :: STATUS
Column Name found in Datamart and Curated Table :: TOTAL
Column Name found in Datamart and Curated Table :: APPROXIMATESTARTDATE
Column Name found in Datamart and Curated Table :: ESTIMATEDCOST
Column Name found in Datamart and Curated Table :: IMPORTID
Column Name found in Datamart and Curated Table :: PROJECTEDVALUE
Column Name found in Datamart and Curated Table :: CREATEDFROMESTIMATESTATUSWHENBOOKING
Column Name found in Datamart and Curated Table :: ISAUTODISPATCHED
Column Name found in Datamart and Curated Table :: NOTIFICATIONSENABLED
Column Name found in Datamart and Curated Table :: COMPLETEDON
Column Name found in Datamart and Curated Table :: CREATEDBY_ID
Column Name found in Datamart and Curated Table :: CUSTOMERPO
Column Name found in Datamart and Curated Table :: ID
Column Name found in Datamart and Curated Table :: LEADGENERATED_ID
Column Name found in Datamart and Curated Table :: LOCATION_ID
Column Name found in Datamart and Curated Table :: PMDATE
Column Name found in Datamart and Curated Table :: PREVAILINGWAGECODE_ID
Column Name found in Datamart and Curated Table :: APPROXIMATEENDDATE
Column Name found in Datamart and Curated Table :: COMPLETIONSURVEYID
Column Name found in Datamart and Curated Table :: CREATEDON
Column Name found in Datamart and Curated Table :: REASSIGNMENTPENALTY
Column Name found in Datamart and Curated Table :: NUMBER
Column Name found in Datamart and Curated Table :: CREATEDFROMESTIMATE_ID
Column Name found in Datamart and Curated Table :: ISCONFIRMED
Column Name found in Datamart and Curated Table :: LATEPENALTY
Column Name found in Datamart and Curated Table :: OPPORTUNITY_ID
Column Name found in Datamart and Curated Table :: PLANSTART
Column Name found in Datamart and Curated Table :: DRIVINGCOST
Column Name found in Datamart and Curated Table :: GENERATEDFROM_ID
Column Name found in Datamart and Curated Table :: SOLDBY_ID
Column Name found in Datamart and Curated Table :: RECALLFOR_ID
Column Name found in Datamart and Curated Table :: CALLSCRIPTANSWERRECORD_ID
Column Name found in Datamart and Curated Table :: DURATION
Column Name found in Datamart and Curated Table :: INVOICE_ID
Column Name found in Datamart and Curated Table :: ISPREVAILINGWAGE
Column Name found in Datamart and Curated Table :: NOCHARGE
Column Name found in Datamart and Curated Table :: SMARTDISPATCHDATA_JOB
Column Name found in Datamart and Curated Table :: LASTAPPOINTMENT_ID
Column Name found in Datamart and Curated Table :: BUSINESSUNIT_ID
Column Name found in Datamart and Curated Table :: FIRSTAPPOINTMENT_ID
Column Name found in Datamart and Curated Table :: GENERATEDBY_ID
Column Name found in Datamart and Curated Table :: ISTECHNICIANSPECIFIC
Column Name found in Datamart and Curated Table :: UNION
Column Name found in Datamart and Curated Table :: WARRANTYFOR_ID
Column Name found in Datamart and Curated Table :: MEMBERSHIP_ID
Column Name found in Datamart and Curated Table :: TYPE_ID
Column Name found in Datamart and Curated Table :: MODIFIEDON
Column Name found in Datamart and Curated Table :: ALLOTTEDTIME
Column Name found in Datamart and Curated Table :: END
Column Name found in Datamart and Curated Table :: EXTERNALID
Column Name found in Datamart and Curated Table :: SECONDARYJOBNUMBER
Column Name found in Datamart and Curated Table :: LEAD_ID
Column Name found in Datamart and Curated Table :: MANAGEFOLLOWUPEMAIL
Column Name found in Datamart and Curated Table :: PREDICTEDSALES
Column Name found in Datamart and Curated Table :: SUMMARY
Column Name found in Datamart and Curated Table :: TENANT_TYPE
Datamart tables contains additional column name like [ACTIVE_FLAG, RECORD_CREATE_DATE, RECORD_UPDATE_DATE, MASTER_ID]
Curated tables contains additional column name like [RECORD_CREATE_DATE, RECORD_UPDATE_DATE, RECORD_UPDATED_BY]]]>
  </system-out>
  <testcase classname="testcases.RAW_DATAMART_CURATED.SnowFlake_ColumnValidation_APITables" name="validateColumnName_BKP" time="2.405"/>
  <system-out>
    <![CDATA[Executing Snowflake query :: SELECT COLUMN_NAME FROM DEV_ENT_RAW.INFORMATION_SCHEMA.COLUMNS WHERE TABLE_NAME='ST_API_JOBASSIGNMENT'and TABLE_SCHEMA='API_MAT'
Executing Snowflake query :: SELECT COLUMN_NAME FROM CURATED_DATAMART.INFORMATION_SCHEMA.COLUMNS WHERE TABLE_NAME='STR_API_JOBASSIGNMENT'and TABLE_SCHEMA='ST_API_FOURPROS'
Executing Snowflake query :: SELECT COLUMN_NAME FROM DEV_ENT_CURATED.INFORMATION_SCHEMA.COLUMNS WHERE TABLE_NAME='DIM_JOBASSIGNMENT'and TABLE_SCHEMA='MASTER_DIMENSIONS'
Column names for RAW Table --> ST_API_JOBASSIGNMENT :: [CREATEDBY_ID, IMPORTID, TECHNICIANROLE_ID, DRIVETIME_ID, ISPAUSED, JOHNMOOREPAYROLLROLE, ACTIVE, COMMISSIONRATE, CREATEDON, GROSSPAY, ID, SPLIT, PAYROLLROLE, PROJECTLABELS, PAYTYPE, TECHNICIAN_ID, JOB_ID, MODIFIEDON, STATUS, TENANT_TYPE]
Column names for DataMart Table --> STR_API_JOBASSIGNMENT :: [COMMISSIONRATE, TECHNICIAN_ID, ID, CREATEDBY_ID, PAYROLLROLE, RECORD_CREATE_DATE, RECORD_UPDATE_DATE, TENANT_TYPE, DRIVETIME_ID, MODIFIEDON, STATUS, ACTIVE, GROSSPAY, ACTIVE_FLAG, CREATEDON, JOB_ID, MASTER_ID, SPLIT, TECHNICIANROLE_ID, JOHNMOOREPAYROLLROLE, PAYTYPE, IMPORTID, ISPAUSED, PROJECTLABELS]
Column names for Curated Table --> DIM_JOBASSIGNMENT :: [STATUS, COMMISSIONRATE, SPLIT, TECHNICIANROLE_ID, DRIVETIME_ID, GROSSPAY, RECORD_CREATE_DATE, JOHNMOOREPAYROLLROLE, MODIFIEDON, CREATEDBY_ID, ISPAUSED, SOURCE_PKEY_SPK, ID, PROJECTLABELS, RECORD_UPDATED_BY, PAYROLLROLE, JOB_ID, RECORD_UPDATE_DATE, TENANT_TYPE, IMPORTID, TECHNICIAN_ID, PAYTYPE, ACTIVE, CREATEDON]
Column Name found in Datamart and Curated Table :: CREATEDBY_ID
Column Name found in Datamart and Curated Table :: IMPORTID
Column Name found in Datamart and Curated Table :: TECHNICIANROLE_ID
Column Name found in Datamart and Curated Table :: DRIVETIME_ID
Column Name found in Datamart and Curated Table :: ISPAUSED
Column Name found in Datamart and Curated Table :: JOHNMOOREPAYROLLROLE
Column Name found in Datamart and Curated Table :: ACTIVE
Column Name found in Datamart and Curated Table :: COMMISSIONRATE
Column Name found in Datamart and Curated Table :: CREATEDON
Column Name found in Datamart and Curated Table :: GROSSPAY
Column Name found in Datamart and Curated Table :: ID
Column Name found in Datamart and Curated Table :: SPLIT
Column Name found in Datamart and Curated Table :: PAYROLLROLE
Column Name found in Datamart and Curated Table :: PROJECTLABELS
Column Name found in Datamart and Curated Table :: PAYTYPE
Column Name found in Datamart and Curated Table :: TECHNICIAN_ID
Column Name found in Datamart and Curated Table :: JOB_ID
Column Name found in Datamart and Curated Table :: MODIFIEDON
Column Name found in Datamart and Curated Table :: STATUS
Column Name found in Datamart and Curated Table :: TENANT_TYPE
Datamart tables contains additional column name like [ACTIVE_FLAG, RECORD_CREATE_DATE, RECORD_UPDATE_DATE, MASTER_ID]
Curated tables contains additional column name like [RECORD_CREATE_DATE, RECORD_UPDATE_DATE, RECORD_UPDATED_BY]]]>
  </system-out>
  <testcase classname="testcases.RAW_DATAMART_CURATED.SnowFlake_ColumnValidation_APITables" name="validateColumnName_BKP" time="3.176"/>
  <system-out>
    <![CDATA[Executing Snowflake query :: SELECT COLUMN_NAME FROM DEV_ENT_RAW.INFORMATION_SCHEMA.COLUMNS WHERE TABLE_NAME='ST_API_INVOICEITEM'and TABLE_SCHEMA='API_MAT'
Executing Snowflake query :: SELECT COLUMN_NAME FROM CURATED_DATAMART.INFORMATION_SCHEMA.COLUMNS WHERE TABLE_NAME='STR_API_INVOICEITEM'and TABLE_SCHEMA='ST_API_HORIZONSERVICES'
Executing Snowflake query :: SELECT COLUMN_NAME FROM DEV_ENT_CURATED.INFORMATION_SCHEMA.COLUMNS WHERE TABLE_NAME='DIM_INVOICEITEM'and TABLE_SCHEMA='MASTER_DIMENSIONS'
Column names for RAW Table --> ST_API_INVOICEITEM :: [ALLOWDISCOUNTS, AUTOGLASSITEM_ID, HOURS, STANDARDPRICE, MODIFIEDON, PROJECTLABELS, SOLDBYCOMMISSION, ISINVENTORY, MARKUP, PAYSSOLDBYRATE, PROCUREDFROMESTIMATEITEM_ID, PROJECTORDER, SKU_ID, TECHNICIANSPLIT3, UNITPRICE, IMPORTID, LASTUNITPRICESETBYEMPLOYEE, SKUNAME, MEMBERSHIPWORKFLOWACTION, BASERATE1, BASERATE2, DATECREATED, EQUIPMENT_ID, ID, INVENTORYSTATUS, ITEMGROUPNAME, TECHNICIANFORBASERATE1_ID, QUANTITY, SOLDBY_ID, PARENTITEM_ID, SOLDHOURS, NOTAX, COST, CREATEDBY_ID, EXPORTID, ISADDON, ISOTTASK, CREATEDON, ISUNITPRICEMANUALLYSET, PAYSFLATAMOUNT, TECHNICIAN_ID, BASERATE3, CHARGEABLE, COMMISSIONBONUS, DESCRIPTION, TECHNICIANACKNOWLEDGEMENTSIGNATURE, INVENTORYLOCATION_ID, ORDER, SCHEDULEDFLATAMOUNT, SOURCETYPE, TECHNICIANSPLIT1, INVENTORYWAREHOUSENAME, ACCOUNT, ADDONFLATAMOUNT, PRICEMODIFIER_ID, SKUREFERENCE_SKUTYPE, TECHNICIANFORBASERATE3_ID, PAYTECHSPECIFICBONUS, TECHNICIANFORBASERATE2_ID, TECHNICIANSPLIT2, USEDMATERIAL_ID, ACTIVE, BONUS, COSTOFSALEACCOUNT_ID, GENERALLEDGERACCOUNT_ID, INVENTORYBATCH_ID, INVOICE_ID, PAYSCOMMISSION, SKUREFERENCE_SKUID, TAXABLE, TOTAL, BUSINESSUNIT_ID, DEDUCTASJOBCOST, DISPLAYINAMOUNT, ESTIMATEITEM_ID, ITEMGROUPROOT_ID, MEMBERPRICE, PROCUREDFROM_ID, SIGNATURE, TOTALCOST, CROSSSALEGROUP, WORKFLOWACTION_ID, TENANT_TYPE]
Column names for DataMart Table --> STR_API_INVOICEITEM :: [AUTOGLASSITEM_ID, CREATEDBY_ID, DEDUCTASJOBCOST, INVOICE_ID, PAYTECHSPECIFICBONUS, EQUIPMENT_ID, ISOTTASK, MODIFIEDON, SKU_ID, TECHNICIANSPLIT1, COST, CROSSSALEGROUP, ID, INVENTORYWAREHOUSENAME, ITEMGROUPROOT_ID, PARENTITEM_ID, PAYSFLATAMOUNT, ISADDON, PROJECTORDER, TECHNICIANSPLIT3, PROCUREMENTSOURCE_REQUISITIONITEMID, TECHNICIAN_ID, ISUNITPRICEMANUALLYSET, QUANTITY, RECORD_CREATE_DATE, ALLOWDISCOUNTS, HOURS, INVENTORYLOCATION_ID, INVENTORYSTATUS, ITEMGROUPNAME, MARKUP, GENERALLEDGERACCOUNT_ID, MASTER_ID, PAYSSOLDBYRATE, PRICEMODIFIER_ID, PROCUREDFROMESTIMATEITEM_ID, WORKFLOWACTION_ID, PROCUREMENTSOURCE_PURCHASEORDERITEMID, TECHNICIANACKNOWLEDGEMENTSIGNATURE, SOLDBYCOMMISSION, EXPORTID, BASERATE1, COMMISSIONBONUS, COSTOFSALEACCOUNT_ID, ESTIMATEITEM_ID, IMPORTID, MEMBERPRICE, PROJECTLABELS, SIGNATURE, TECHNICIANSPLIT2, BUSINESSUNIT_ID, INVENTORYBATCH_ID, PROCUREMENTSOURCE_SOURCETYPE, TENANT_TYPE, TECHNICIANFORBASERATE3_ID, ACCOUNT, DATECREATED, SOLDBY_ID, SOURCETYPE, DESCRIPTION, ISINVENTORY, SOLDHOURS, TECHNICIANFORBASERATE1_ID, TOTAL, ACTIVE_FLAG, BONUS, LASTUNITPRICESETBYEMPLOYEE, DISPLAYINAMOUNT, TOTALCOST, UNITPRICE, ORDER, ACTIVE, BASERATE2, RECORD_UPDATE_DATE, TECHNICIANFORBASERATE2_ID, NOTAX, SKUREFERENCE_SKUID, SKUREFERENCE_SKUTYPE, SKUNAME, TAXABLE, CHARGEABLE, BASERATE3, CREATEDON, MEMBERSHIPWORKFLOWACTION, PROCUREDFROM_ID, PROCUREMENTSOURCE_ESTIMATEITEMID, ADDONFLATAMOUNT, PAYSCOMMISSION, USEDMATERIAL_ID, STANDARDPRICE, SCHEDULEDFLATAMOUNT]
Column names for Curated Table --> DIM_INVOICEITEM :: [BASERATE2, COST, CROSSSALEGROUP, ISOTTASK, MEMBERPRICE, ORDER, QUANTITY, TOTALCOST, ISUNITPRICEMANUALLYSET, PARENTITEM_ID, PAYSSOLDBYRATE, PAYSCOMMISSION, GENERALLEDGERACCOUNT_ID, BASERATE1, INVENTORYBATCH_ID, INVOICE_ID, SKUREFERENCE_SKUID, BASERATE3, EXPORTID, ISINVENTORY, SKU_ID, INVENTORYSTATUS, SOLDHOURS, TECHNICIAN_ID, TECHNICIANFORBASERATE2_ID, ACCOUNT, ALLOWDISCOUNTS, COMMISSIONBONUS, CREATEDON, IMPORTID, ISADDON, PROCUREMENTSOURCE_SOURCETYPE, NOTAX, PROJECTLABELS, SOLDBY_ID, TECHNICIANFORBASERATE1_ID, TECHNICIANSPLIT1, PAYSFLATAMOUNT, UNITPRICE, BONUS, COSTOFSALEACCOUNT_ID, CREATEDBY_ID, DISPLAYINAMOUNT, PAYTECHSPECIFICBONUS, PRICEMODIFIER_ID, TECHNICIANACKNOWLEDGEMENTSIGNATURE, TECHNICIANSPLIT3, PROCUREMENTSOURCE_PURCHASEORDERITEMID, PROCUREMENTSOURCE_REQUISITIONITEMID, PROJECTORDER, DATECREATED, TECHNICIANFORBASERATE3_ID, ACTIVE, ADDONFLATAMOUNT, BUSINESSUNIT_ID, CHARGEABLE, EQUIPMENT_ID, INVENTORYLOCATION_ID, INVENTORYWAREHOUSENAME, ITEMGROUPNAME, ITEMGROUPROOT_ID, RECORD_UPDATE_DATE, MODIFIEDON, PROCUREDFROM_ID, SCHEDULEDFLATAMOUNT, PROCUREMENTSOURCE_ESTIMATEITEMID, TAXABLE, PROCUREDFROMESTIMATEITEM_ID, AUTOGLASSITEM_ID, HOURS, LASTUNITPRICESETBYEMPLOYEE, MARKUP, USEDMATERIAL_ID, MEMBERSHIPWORKFLOWACTION, SKUREFERENCE_SKUTYPE, SOLDBYCOMMISSION, SOURCETYPE, RECORD_UPDATED_BY, WORKFLOWACTION_ID, DEDUCTASJOBCOST, DESCRIPTION, ESTIMATEITEM_ID, STANDARDPRICE, TECHNICIANSPLIT2, TOTAL, ID, RECORD_CREATE_DATE, SIGNATURE, SKUNAME, TENANT_TYPE]
Column Name found in Datamart and Curated Table :: ALLOWDISCOUNTS
Column Name found in Datamart and Curated Table :: AUTOGLASSITEM_ID
Column Name found in Datamart and Curated Table :: HOURS
Column Name found in Datamart and Curated Table :: STANDARDPRICE
Column Name found in Datamart and Curated Table :: MODIFIEDON
Column Name found in Datamart and Curated Table :: PROJECTLABELS
Column Name found in Datamart and Curated Table :: SOLDBYCOMMISSION
Column Name found in Datamart and Curated Table :: ISINVENTORY
Column Name found in Datamart and Curated Table :: MARKUP
Column Name found in Datamart and Curated Table :: PAYSSOLDBYRATE
Column Name found in Datamart and Curated Table :: PROCUREDFROMESTIMATEITEM_ID
Column Name found in Datamart and Curated Table :: PROJECTORDER
Column Name found in Datamart and Curated Table :: SKU_ID
Column Name found in Datamart and Curated Table :: TECHNICIANSPLIT3
Column Name found in Datamart and Curated Table :: UNITPRICE
Column Name found in Datamart and Curated Table :: IMPORTID
Column Name found in Datamart and Curated Table :: LASTUNITPRICESETBYEMPLOYEE
Column Name found in Datamart and Curated Table :: SKUNAME
Column Name found in Datamart and Curated Table :: MEMBERSHIPWORKFLOWACTION
Column Name found in Datamart and Curated Table :: BASERATE1
Column Name found in Datamart and Curated Table :: BASERATE2
Column Name found in Datamart and Curated Table :: DATECREATED
Column Name found in Datamart and Curated Table :: EQUIPMENT_ID
Column Name found in Datamart and Curated Table :: ID
Column Name found in Datamart and Curated Table :: INVENTORYSTATUS
Column Name found in Datamart and Curated Table :: ITEMGROUPNAME
Column Name found in Datamart and Curated Table :: TECHNICIANFORBASERATE1_ID
Column Name found in Datamart and Curated Table :: QUANTITY
Column Name found in Datamart and Curated Table :: SOLDBY_ID
Column Name found in Datamart and Curated Table :: PARENTITEM_ID
Column Name found in Datamart and Curated Table :: SOLDHOURS
Column Name found in Datamart and Curated Table :: NOTAX
Column Name found in Datamart and Curated Table :: COST
Column Name found in Datamart and Curated Table :: CREATEDBY_ID
Column Name found in Datamart and Curated Table :: EXPORTID
Column Name found in Datamart and Curated Table :: ISADDON
Column Name found in Datamart and Curated Table :: ISOTTASK
Column Name found in Datamart and Curated Table :: CREATEDON
Column Name found in Datamart and Curated Table :: ISUNITPRICEMANUALLYSET
Column Name found in Datamart and Curated Table :: PAYSFLATAMOUNT
Column Name found in Datamart and Curated Table :: TECHNICIAN_ID
Column Name found in Datamart and Curated Table :: BASERATE3
Column Name found in Datamart and Curated Table :: CHARGEABLE
Column Name found in Datamart and Curated Table :: COMMISSIONBONUS
Column Name found in Datamart and Curated Table :: DESCRIPTION
Column Name found in Datamart and Curated Table :: TECHNICIANACKNOWLEDGEMENTSIGNATURE
Column Name found in Datamart and Curated Table :: INVENTORYLOCATION_ID
Column Name found in Datamart and Curated Table :: ORDER
Column Name found in Datamart and Curated Table :: SCHEDULEDFLATAMOUNT
Column Name found in Datamart and Curated Table :: SOURCETYPE
Column Name found in Datamart and Curated Table :: TECHNICIANSPLIT1
Column Name found in Datamart and Curated Table :: INVENTORYWAREHOUSENAME
Column Name found in Datamart and Curated Table :: ACCOUNT
Column Name found in Datamart and Curated Table :: ADDONFLATAMOUNT
Column Name found in Datamart and Curated Table :: PRICEMODIFIER_ID
Column Name found in Datamart and Curated Table :: SKUREFERENCE_SKUTYPE
Column Name found in Datamart and Curated Table :: TECHNICIANFORBASERATE3_ID
Column Name found in Datamart and Curated Table :: PAYTECHSPECIFICBONUS
Column Name found in Datamart and Curated Table :: TECHNICIANFORBASERATE2_ID
Column Name found in Datamart and Curated Table :: TECHNICIANSPLIT2
Column Name found in Datamart and Curated Table :: USEDMATERIAL_ID
Column Name found in Datamart and Curated Table :: ACTIVE
Column Name found in Datamart and Curated Table :: BONUS
Column Name found in Datamart and Curated Table :: COSTOFSALEACCOUNT_ID
Column Name found in Datamart and Curated Table :: GENERALLEDGERACCOUNT_ID
Column Name found in Datamart and Curated Table :: INVENTORYBATCH_ID
Column Name found in Datamart and Curated Table :: INVOICE_ID
Column Name found in Datamart and Curated Table :: PAYSCOMMISSION
Column Name found in Datamart and Curated Table :: SKUREFERENCE_SKUID
Column Name found in Datamart and Curated Table :: TAXABLE
Column Name found in Datamart and Curated Table :: TOTAL
Column Name found in Datamart and Curated Table :: BUSINESSUNIT_ID
Column Name found in Datamart and Curated Table :: DEDUCTASJOBCOST
Column Name found in Datamart and Curated Table :: DISPLAYINAMOUNT
Column Name found in Datamart and Curated Table :: ESTIMATEITEM_ID
Column Name found in Datamart and Curated Table :: ITEMGROUPROOT_ID
Column Name found in Datamart and Curated Table :: MEMBERPRICE
Column Name found in Datamart and Curated Table :: PROCUREDFROM_ID
Column Name found in Datamart and Curated Table :: SIGNATURE
Column Name found in Datamart and Curated Table :: TOTALCOST
Column Name found in Datamart and Curated Table :: CROSSSALEGROUP
Column Name found in Datamart and Curated Table :: WORKFLOWACTION_ID
Column Name found in Datamart and Curated Table :: TENANT_TYPE
Datamart tables contains additional column name like [ACTIVE_FLAG, RECORD_CREATE_DATE, RECORD_UPDATE_DATE, MASTER_ID]
Curated tables contains additional column name like [RECORD_CREATE_DATE, RECORD_UPDATE_DATE, RECORD_UPDATED_BY]]]>
  </system-out>
  <testcase classname="testcases.RAW_DATAMART_CURATED.SnowFlake_ColumnValidation_APITables" name="validateColumnName_BKP" time="2.400"/>
  <system-out>
    <![CDATA[Executing Snowflake query :: SELECT COLUMN_NAME FROM DEV_ENT_RAW.INFORMATION_SCHEMA.COLUMNS WHERE TABLE_NAME='ST_API_EQUIPMENT'and TABLE_SCHEMA='API_MAT'
Executing Snowflake query :: SELECT COLUMN_NAME FROM CURATED_DATAMART.INFORMATION_SCHEMA.COLUMNS WHERE TABLE_NAME='STR_API_EQUIPMENT'and TABLE_SCHEMA='ST_API_MAITZ'
Executing Snowflake query :: SELECT COLUMN_NAME FROM DEV_ENT_CURATED.INFORMATION_SCHEMA.COLUMNS WHERE TABLE_NAME='DIM_EQUIPMENT'and TABLE_SCHEMA='MASTER_DIMENSIONS'
Column names for RAW Table --> ST_API_EQUIPMENT :: [BUSINESSUNIT_ID, HOURS, IMPORTID, TAXABLE, MANUFACTURER, MODIFIEDON, NAME, PAYSSOLDBYRATE, PAYTECHSPECIFICBONUS, SCHEDULEDFLATAMOUNT, SOURCEVERSION, ACCOUNT, CREATEDBY_ID, SOURCE, WARRANTYRESERVE, BONUS, ADDONMEMBERPRICE, COST, ISSERIALIZED, MANUFACTURERWARRANTY_DESCRIPTION, EXCLUDEFROMPRICEBOOKWIZARD, ORIGINAL_ID, PRIMARYVENDOR_ID, ALLOWDISCOUNTS, COPIEDFROM_ID, CREATEDON, PAYSFLATAMOUNT, SERIALIZEDON, DISPLAYNAME, ACTIVE, ARCHIVED, AVALARACOMMERCIALTAXCODE, CROSSSALEGROUP, PAYSCOMMISSION, UNITOFMEASURE, DISPLAYINAMOUNT, EXTERNALID, ID, INVENTORYENABLEDON, SUPPLIERIMAGES, SYNCDATE, ADDONFLATAMOUNT, ISINVENTORY, TYPE_ID, SERVICEPROVIDERWARRANTY_DURATION, AVALARARESIDENTIALTAXCODE, COMMISSIONBONUS, IMAGES, MODEL, INVENTORYENABLEDBY_ID, PRICE, ADDONPRICE, ASSETACCOUNT_ID, CATEGORY_ID, GENERALLEDGERACCOUNT_ID, LOYALTYPROGRAMELIGIBLE, COSTOFSALEACCOUNT_ID, DESCRIPTION, MANUFACTURERWARRANTY_DURATION, PROVIDER_ID, SERVICEPROVIDERWARRANTY_DESCRIPTION, MEMBERPRICE, TENANT_TYPE]
Column names for DataMart Table --> STR_API_EQUIPMENT :: [COPIEDFROM_ID, CROSSSALEGROUP, ISSERIALIZED, BRAND, PRIMARYVENDOR_ID, SERVICEPROVIDERWARRANTY_DESCRIPTION, MASTER_ID, AVALARACOMMERCIALTAXCODE, ID, TAXABLE, ADDONPRICE, MANUFACTURERWARRANTY_DURATION, RECORD_UPDATE_DATE, COSTOFSALEACCOUNT_ID, ADDONMEMBERPRICE, ARCHIVED, BUSINESSUNIT_ID, DISPLAYINAMOUNT, EXTERNALID, SERIALIZEDON, PAYSCOMMISSION, SOURCEVERSION, ACTIVE_FLAG, ADDONFLATAMOUNT, DESCRIPTION, MODEL, PAYSFLATAMOUNT, PROVIDER_ID, DISPLAYNAME, GENERALLEDGERACCOUNT_ID, MEMBERPRICE, TYPE_ID, SUPPLIERIMAGES, ALLOWDISCOUNTS, ASSETACCOUNT_ID, CATEGORY_ID, CREATEDBY_ID, CREATEDON, SOURCE, TENANT_TYPE, COMMISSIONBONUS, PAYSSOLDBYRATE, PAYTECHSPECIFICBONUS, RECORD_CREATE_DATE, SCHEDULEDFLATAMOUNT, ACCOUNT, COST, IMAGES, INVENTORYENABLEDBY_ID, INVENTORYENABLEDON, MODIFIEDON, IMPORTID, MANUFACTURERWARRANTY_DESCRIPTION, SERVICEPROVIDERWARRANTY_DURATION, NAME, ORIGINAL_ID, PRICE, UNITOFMEASURE, ACTIVE, AVALARARESIDENTIALTAXCODE, BONUS, HOURS, ISINVENTORY, LOYALTYPROGRAMELIGIBLE, MANUFACTURER, EXCLUDEFROMPRICEBOOKWIZARD, SYNCDATE, WARRANTYRESERVE]
Column names for Curated Table --> DIM_EQUIPMENT :: [ASSETACCOUNT_ID, COMMISSIONBONUS, COSTOFSALEACCOUNT_ID, MODEL, SCHEDULEDFLATAMOUNT, COPIEDFROM_ID, ISSERIALIZED, PAYSFLATAMOUNT, PAYTECHSPECIFICBONUS, RECORD_CREATE_DATE, SERVICEPROVIDERWARRANTY_DURATION, ID, AVALARACOMMERCIALTAXCODE, BONUS, HOURS, LOYALTYPROGRAMELIGIBLE, SOURCE, SERIALIZEDON, ADDONPRICE, EXCLUDEFROMPRICEBOOKWIZARD, PAYSCOMMISSION, ISINVENTORY, MODIFIEDON, ACTIVE, ADDONMEMBERPRICE, CREATEDON, EXTERNALID, PRIMARYVENDOR_ID, BUSINESSUNIT_ID, NAME, PAYSSOLDBYRATE, SYNCDATE, AVALARARESIDENTIALTAXCODE, BRAND, CREATEDBY_ID, DISPLAYINAMOUNT, MANUFACTURERWARRANTY_DESCRIPTION, TENANT_TYPE, MANUFACTURER, PROVIDER_ID, SOURCEVERSION, RECORD_UPDATED_BY, ACCOUNT, ADDONFLATAMOUNT, COST, DISPLAYNAME, INVENTORYENABLEDBY_ID, TAXABLE, ARCHIVED, RECORD_UPDATE_DATE, DESCRIPTION, CATEGORY_ID, ALLOWDISCOUNTS, GENERALLEDGERACCOUNT_ID, INVENTORYENABLEDON, PRICE, TYPE_ID, SUPPLIERIMAGES, UNITOFMEASURE, CROSSSALEGROUP, IMAGES, IMPORTID, ORIGINAL_ID, SERVICEPROVIDERWARRANTY_DESCRIPTION, MEMBERPRICE, WARRANTYRESERVE, MANUFACTURERWARRANTY_DURATION]
Column Name found in Datamart and Curated Table :: BUSINESSUNIT_ID
Column Name found in Datamart and Curated Table :: HOURS
Column Name found in Datamart and Curated Table :: IMPORTID
Column Name found in Datamart and Curated Table :: TAXABLE
Column Name found in Datamart and Curated Table :: MANUFACTURER
Column Name found in Datamart and Curated Table :: MODIFIEDON
Column Name found in Datamart and Curated Table :: NAME
Column Name found in Datamart and Curated Table :: PAYSSOLDBYRATE
Column Name found in Datamart and Curated Table :: PAYTECHSPECIFICBONUS
Column Name found in Datamart and Curated Table :: SCHEDULEDFLATAMOUNT
Column Name found in Datamart and Curated Table :: SOURCEVERSION
Column Name found in Datamart and Curated Table :: ACCOUNT
Column Name found in Datamart and Curated Table :: CREATEDBY_ID
Column Name found in Datamart and Curated Table :: SOURCE
Column Name found in Datamart and Curated Table :: WARRANTYRESERVE
Column Name found in Datamart and Curated Table :: BONUS
Column Name found in Datamart and Curated Table :: ADDONMEMBERPRICE
Column Name found in Datamart and Curated Table :: COST
Column Name found in Datamart and Curated Table :: ISSERIALIZED
Column Name found in Datamart and Curated Table :: MANUFACTURERWARRANTY_DESCRIPTION
Column Name found in Datamart and Curated Table :: EXCLUDEFROMPRICEBOOKWIZARD
Column Name found in Datamart and Curated Table :: ORIGINAL_ID
Column Name found in Datamart and Curated Table :: PRIMARYVENDOR_ID
Column Name found in Datamart and Curated Table :: ALLOWDISCOUNTS
Column Name found in Datamart and Curated Table :: COPIEDFROM_ID
Column Name found in Datamart and Curated Table :: CREATEDON
Column Name found in Datamart and Curated Table :: PAYSFLATAMOUNT
Column Name found in Datamart and Curated Table :: SERIALIZEDON
Column Name found in Datamart and Curated Table :: DISPLAYNAME
Column Name found in Datamart and Curated Table :: ACTIVE
Column Name found in Datamart and Curated Table :: ARCHIVED
Column Name found in Datamart and Curated Table :: AVALARACOMMERCIALTAXCODE
Column Name found in Datamart and Curated Table :: CROSSSALEGROUP
Column Name found in Datamart and Curated Table :: PAYSCOMMISSION
Column Name found in Datamart and Curated Table :: UNITOFMEASURE
Column Name found in Datamart and Curated Table :: DISPLAYINAMOUNT
Column Name found in Datamart and Curated Table :: EXTERNALID
Column Name found in Datamart and Curated Table :: ID
Column Name found in Datamart and Curated Table :: INVENTORYENABLEDON
Column Name found in Datamart and Curated Table :: SUPPLIERIMAGES
Column Name found in Datamart and Curated Table :: SYNCDATE
Column Name found in Datamart and Curated Table :: ADDONFLATAMOUNT
Column Name found in Datamart and Curated Table :: ISINVENTORY
Column Name found in Datamart and Curated Table :: TYPE_ID
Column Name found in Datamart and Curated Table :: SERVICEPROVIDERWARRANTY_DURATION
Column Name found in Datamart and Curated Table :: AVALARARESIDENTIALTAXCODE
Column Name found in Datamart and Curated Table :: COMMISSIONBONUS
Column Name found in Datamart and Curated Table :: IMAGES
Column Name found in Datamart and Curated Table :: MODEL
Column Name found in Datamart and Curated Table :: INVENTORYENABLEDBY_ID
Column Name found in Datamart and Curated Table :: PRICE
Column Name found in Datamart and Curated Table :: ADDONPRICE
Column Name found in Datamart and Curated Table :: ASSETACCOUNT_ID
Column Name found in Datamart and Curated Table :: CATEGORY_ID
Column Name found in Datamart and Curated Table :: GENERALLEDGERACCOUNT_ID
Column Name found in Datamart and Curated Table :: LOYALTYPROGRAMELIGIBLE
Column Name found in Datamart and Curated Table :: COSTOFSALEACCOUNT_ID
Column Name found in Datamart and Curated Table :: DESCRIPTION
Column Name found in Datamart and Curated Table :: MANUFACTURERWARRANTY_DURATION
Column Name found in Datamart and Curated Table :: PROVIDER_ID
Column Name found in Datamart and Curated Table :: SERVICEPROVIDERWARRANTY_DESCRIPTION
Column Name found in Datamart and Curated Table :: MEMBERPRICE
Column Name found in Datamart and Curated Table :: TENANT_TYPE
Datamart tables contains additional column name like [ACTIVE_FLAG, RECORD_CREATE_DATE, RECORD_UPDATE_DATE, MASTER_ID]
Curated tables contains additional column name like [RECORD_CREATE_DATE, RECORD_UPDATE_DATE, RECORD_UPDATED_BY]]]>
  </system-out>
  <testcase classname="testcases.RAW_DATAMART_CURATED.SnowFlake_ColumnValidation_APITables" name="validateColumnName_BKP" time="3.885"/>
  <system-out>
    <![CDATA[Executing Snowflake query :: SELECT COLUMN_NAME FROM DEV_ENT_RAW.INFORMATION_SCHEMA.COLUMNS WHERE TABLE_NAME='ST_API_JOBAPPOINTMENT'and TABLE_SCHEMA='API_MAT'
Executing Snowflake query :: SELECT COLUMN_NAME FROM CURATED_DATAMART.INFORMATION_SCHEMA.COLUMNS WHERE TABLE_NAME='STR_API_JOBAPPOINTMENT'and TABLE_SCHEMA='ST_API_FOURPROS'
Executing Snowflake query :: SELECT COLUMN_NAME FROM DEV_ENT_CURATED.INFORMATION_SCHEMA.COLUMNS WHERE TABLE_NAME='DIM_JOBAPPOINTMENT'and TABLE_SCHEMA='MASTER_DIMENSIONS'
Column names for RAW Table --> ST_API_JOBAPPOINTMENT :: [END, SMARTDISPATCHDATA_JOBAPPOINTMENT, STATUS, JOB_ID, PLANEND, CREATEDON, IMPORTID, ISCONFIRMED, MODIFIEDON, START, NUMBER, CREATEDBY_ID, ID, ACTIVE, PLANSTART, ISUNUSED, MONTHNUMBER, TENANT_TYPE]
Column names for DataMart Table --> STR_API_JOBAPPOINTMENT :: [ACTIVE_FLAG, END, START, ISUNUSED, MODIFIEDON, JOB_ID, RECORD_CREATE_DATE, MONTHNUMBER, NUMBER, ID, RECORD_UPDATE_DATE, TENANT_TYPE, STATUS, MASTER_ID, CREATEDON, ISCONFIRMED, SMARTDISPATCHDATA_JOBAPPOINTMENT, ACTIVE, CREATEDBY_ID, IMPORTID, PLANSTART, PLANEND]
Column names for Curated Table --> DIM_JOBAPPOINTMENT :: [END, SMARTDISPATCHDATA_JOBAPPOINTMENT, ACTIVE, CREATEDBY_ID, IMPORTID, ISUNUSED, START, ID, JOB_ID, MONTHNUMBER, PLANEND, RECORD_UPDATE_DATE, CREATEDON, RECORD_CREATE_DATE, TENANT_TYPE, PLANSTART, ISCONFIRMED, NUMBER, SPECIALINSTRUCTIONS, STATUS, MODIFIEDON, RECORD_UPDATED_BY]
Column Name found in Datamart and Curated Table :: END
Column Name found in Datamart and Curated Table :: SMARTDISPATCHDATA_JOBAPPOINTMENT
Column Name found in Datamart and Curated Table :: STATUS
Column Name found in Datamart and Curated Table :: JOB_ID
Column Name found in Datamart and Curated Table :: PLANEND
Column Name found in Datamart and Curated Table :: CREATEDON
Column Name found in Datamart and Curated Table :: IMPORTID
Column Name found in Datamart and Curated Table :: ISCONFIRMED
Column Name found in Datamart and Curated Table :: MODIFIEDON
Column Name found in Datamart and Curated Table :: START
Column Name found in Datamart and Curated Table :: NUMBER
Column Name found in Datamart and Curated Table :: CREATEDBY_ID
Column Name found in Datamart and Curated Table :: ID
Column Name found in Datamart and Curated Table :: ACTIVE
Column Name found in Datamart and Curated Table :: PLANSTART
Column Name found in Datamart and Curated Table :: ISUNUSED
Column Name found in Datamart and Curated Table :: MONTHNUMBER
Column Name found in Datamart and Curated Table :: TENANT_TYPE
Datamart tables contains additional column name like [ACTIVE_FLAG, RECORD_CREATE_DATE, RECORD_UPDATE_DATE, MASTER_ID]
Curated tables contains additional column name like [RECORD_CREATE_DATE, RECORD_UPDATE_DATE, RECORD_UPDATED_BY]]]>
  </system-out>
  <testcase classname="testcases.RAW_DATAMART_CURATED.SnowFlake_ColumnValidation_APITables" name="validateColumnName_BKP" time="2.446"/>
  <system-out>
    <![CDATA[Executing Snowflake query :: SELECT COLUMN_NAME FROM DEV_ENT_RAW.INFORMATION_SCHEMA.COLUMNS WHERE TABLE_NAME='ST_API_CUSTOMERMEMBERSHIP'and TABLE_SCHEMA='API_MAT'
Executing Snowflake query :: SELECT COLUMN_NAME FROM CURATED_DATAMART.INFORMATION_SCHEMA.COLUMNS WHERE TABLE_NAME='STR_API_CUSTOMERMEMBERSHIP'and TABLE_SCHEMA='ST_API_HUTCHINSON'
Executing Snowflake query :: SELECT COLUMN_NAME FROM DEV_ENT_CURATED.INFORMATION_SCHEMA.COLUMNS WHERE TABLE_NAME='DIM_CUSTOMERMEMBERSHIP'and TABLE_SCHEMA='MASTER_DIMENSIONS'
Column names for RAW Table --> ST_API_CUSTOMERMEMBERSHIP :: [CREATEDBY_ID, NEXTSCHEDULEDBILLDATE, DURATION, PAYMENTTYPE_ID, CANCELLATIONDATE, CUSTOMERPO, RENEWALDURATION, FOLLOWUPSTATUS, ID, LOCATION_ID, RENEWALMEMBERSHIPTASKREFERENCE_SKUID, PREVIOUSRECURRINGLOCATION_ID, RECURRINGLOCATION_ID, TYPE_ID, MODIFIEDON, ACTIVATEDFROM_ID, BILLINGFREQUENCY, CREATEDON, INVOICETEMPLATE_ID, MEMO, RENEWALMEMBERSHIPTASKREFERENCE_SKUTYPE, BILLINGTEMPLATE_ID, INITIALDEFERREDREVENUE, IMPORTID, ACTIVATEDBY_ID, BILLINGPREFERENCE, BUSINESSUNIT_ID, CUSTOMER_ID, FOLLOWUPCUSTOMSTATUS_ID, STATUS, EXPIREDAT, ACTIVE, BILLINGCOVERAGEPERIOD, FROM, RENEWALBILLINGFREQUENCY, RENEWEDBY_ID, CANCELATIONBALANCEINVOICE_ID, FOLLOWUPON, BILLINGEMAIL_ID, CANCELATIONBUYOUTINVOICE_ID, FIRSTSCHEDULEDBILLDATE, CANCELATIONINVOICE_ID, RENEWALMEMBERSHIPTASK_ID, SOLDBY_ID, TO, PAYMENTMETHOD_ID, TENANT_TYPE]
Column names for DataMart Table --> STR_API_CUSTOMERMEMBERSHIP :: [ACTIVE_FLAG, ID, INITIALDEFERREDREVENUE, RECORD_UPDATE_DATE, RECURRINGLOCATION_ID, BUSINESSUNIT_ID, EXPIREDAT, ACTIVATEDBY_ID, ACTIVE, BILLINGCOVERAGEPERIOD, BILLINGFREQUENCY, CANCELATIONBUYOUTINVOICE_ID, CUSTOMERPO, IMPORTID, NEXTSCHEDULEDBILLDATE, DURATION, CUSTOMER_ID, BILLINGEMAIL_ID, CREATEDBY_ID, FIRSTSCHEDULEDBILLDATE, PAYMENTMETHOD_ID, MEMO, RENEWALDURATION, FROM, CANCELATIONINVOICE_ID, CANCELLATIONDATE, PAYMENTTYPE_ID, RENEWALMEMBERSHIPTASKREFERENCE_SKUTYPE, RECORD_CREATE_DATE, RENEWALBILLINGFREQUENCY, STATUS, FOLLOWUPCUSTOMSTATUS_ID, INVOICETEMPLATE_ID, MODIFIEDON, TYPE_ID, SOLDBY_ID, CANCELATIONBALANCEINVOICE_ID, RENEWALMEMBERSHIPTASKREFERENCE_SKUID, PREVIOUSRECURRINGLOCATION_ID, CREATEDON, RENEWEDBY_ID, TENANT_TYPE, FOLLOWUPON, MASTER_ID, ACTIVATEDFROM_ID, BILLINGPREFERENCE, BILLINGTEMPLATE_ID, TO, LOCATION_ID, FOLLOWUPSTATUS, RENEWALMEMBERSHIPTASK_ID]
Column names for Curated Table --> DIM_CUSTOMERMEMBERSHIP :: [BILLINGFREQUENCY, CREATEDBY_ID, MODIFIEDON, PAYMENTTYPE_ID, RECURRINGLOCATION_ID, ACTIVE, BILLINGEMAIL_ID, FIRSTSCHEDULEDBILLDATE, RENEWALMEMBERSHIPTASKREFERENCE_SKUTYPE, TENANT_TYPE, ACTIVATEDBY_ID, BUSINESSUNIT_ID, CREATEDON, ID, INITIALDEFERREDREVENUE, CUSTOMERPO, FOLLOWUPSTATUS, RENEWALDURATION, RECORD_UPDATED_BY, BILLINGTEMPLATE_ID, FOLLOWUPCUSTOMSTATUS_ID, PAYMENTMETHOD_ID, RECORD_UPDATE_DATE, SOLDBY_ID, TYPE_ID, RENEWALMEMBERSHIPTASK_ID, BILLINGPREFERENCE, EXPIREDAT, NEXTSCHEDULEDBILLDATE, ACTIVATEDFROM_ID, CANCELATIONBALANCEINVOICE_ID, FROM, RECORD_CREATE_DATE, RENEWALMEMBERSHIPTASKREFERENCE_SKUID, TO, FOLLOWUPON, BILLINGCOVERAGEPERIOD, CUSTOMER_ID, DURATION, IMPORTID, RENEWALBILLINGFREQUENCY, STATUS, MEMO, CANCELATIONINVOICE_ID, CANCELLATIONDATE, PREVIOUSRECURRINGLOCATION_ID, CANCELATIONBUYOUTINVOICE_ID, INVOICETEMPLATE_ID, LOCATION_ID, RENEWEDBY_ID]
Column Name found in Datamart and Curated Table :: CREATEDBY_ID
Column Name found in Datamart and Curated Table :: NEXTSCHEDULEDBILLDATE
Column Name found in Datamart and Curated Table :: DURATION
Column Name found in Datamart and Curated Table :: PAYMENTTYPE_ID
Column Name found in Datamart and Curated Table :: CANCELLATIONDATE
Column Name found in Datamart and Curated Table :: CUSTOMERPO
Column Name found in Datamart and Curated Table :: RENEWALDURATION
Column Name found in Datamart and Curated Table :: FOLLOWUPSTATUS
Column Name found in Datamart and Curated Table :: ID
Column Name found in Datamart and Curated Table :: LOCATION_ID
Column Name found in Datamart and Curated Table :: RENEWALMEMBERSHIPTASKREFERENCE_SKUID
Column Name found in Datamart and Curated Table :: PREVIOUSRECURRINGLOCATION_ID
Column Name found in Datamart and Curated Table :: RECURRINGLOCATION_ID
Column Name found in Datamart and Curated Table :: TYPE_ID
Column Name found in Datamart and Curated Table :: MODIFIEDON
Column Name found in Datamart and Curated Table :: ACTIVATEDFROM_ID
Column Name found in Datamart and Curated Table :: BILLINGFREQUENCY
Column Name found in Datamart and Curated Table :: CREATEDON
Column Name found in Datamart and Curated Table :: INVOICETEMPLATE_ID
Column Name found in Datamart and Curated Table :: MEMO
Column Name found in Datamart and Curated Table :: RENEWALMEMBERSHIPTASKREFERENCE_SKUTYPE
Column Name found in Datamart and Curated Table :: BILLINGTEMPLATE_ID
Column Name found in Datamart and Curated Table :: INITIALDEFERREDREVENUE
Column Name found in Datamart and Curated Table :: IMPORTID
Column Name found in Datamart and Curated Table :: ACTIVATEDBY_ID
Column Name found in Datamart and Curated Table :: BILLINGPREFERENCE
Column Name found in Datamart and Curated Table :: BUSINESSUNIT_ID
Column Name found in Datamart and Curated Table :: CUSTOMER_ID
Column Name found in Datamart and Curated Table :: FOLLOWUPCUSTOMSTATUS_ID
Column Name found in Datamart and Curated Table :: STATUS
Column Name found in Datamart and Curated Table :: EXPIREDAT
Column Name found in Datamart and Curated Table :: ACTIVE
Column Name found in Datamart and Curated Table :: BILLINGCOVERAGEPERIOD
Column Name found in Datamart and Curated Table :: FROM
Column Name found in Datamart and Curated Table :: RENEWALBILLINGFREQUENCY
Column Name found in Datamart and Curated Table :: RENEWEDBY_ID
Column Name found in Datamart and Curated Table :: CANCELATIONBALANCEINVOICE_ID
Column Name found in Datamart and Curated Table :: FOLLOWUPON
Column Name found in Datamart and Curated Table :: BILLINGEMAIL_ID
Column Name found in Datamart and Curated Table :: CANCELATIONBUYOUTINVOICE_ID
Column Name found in Datamart and Curated Table :: FIRSTSCHEDULEDBILLDATE
Column Name found in Datamart and Curated Table :: CANCELATIONINVOICE_ID
Column Name found in Datamart and Curated Table :: RENEWALMEMBERSHIPTASK_ID
Column Name found in Datamart and Curated Table :: SOLDBY_ID
Column Name found in Datamart and Curated Table :: TO
Column Name found in Datamart and Curated Table :: PAYMENTMETHOD_ID
Column Name found in Datamart and Curated Table :: TENANT_TYPE
Datamart tables contains additional column name like [ACTIVE_FLAG, RECORD_CREATE_DATE, RECORD_UPDATE_DATE, MASTER_ID]
Curated tables contains additional column name like [RECORD_CREATE_DATE, RECORD_UPDATE_DATE, RECORD_UPDATED_BY]]]>
  </system-out>
  <testcase classname="testcases.RAW_DATAMART_CURATED.SnowFlake_ColumnValidation_APITables" name="validateColumnName_BKP" time="2.041"/>
  <system-out>
    <![CDATA[Executing Snowflake query :: SELECT COLUMN_NAME FROM DEV_ENT_RAW.INFORMATION_SCHEMA.COLUMNS WHERE TABLE_NAME='ST_API_EQUIPMENT'and TABLE_SCHEMA='API_MAT'
Executing Snowflake query :: SELECT COLUMN_NAME FROM CURATED_DATAMART.INFORMATION_SCHEMA.COLUMNS WHERE TABLE_NAME='STR_API_EQUIPMENT'and TABLE_SCHEMA='ST_API_GOLDMEDAL'
Executing Snowflake query :: SELECT COLUMN_NAME FROM DEV_ENT_CURATED.INFORMATION_SCHEMA.COLUMNS WHERE TABLE_NAME='DIM_EQUIPMENT'and TABLE_SCHEMA='MASTER_DIMENSIONS'
Column names for RAW Table --> ST_API_EQUIPMENT :: [BUSINESSUNIT_ID, HOURS, IMPORTID, TAXABLE, MANUFACTURER, MODIFIEDON, NAME, PAYSSOLDBYRATE, PAYTECHSPECIFICBONUS, SCHEDULEDFLATAMOUNT, SOURCEVERSION, ACCOUNT, CREATEDBY_ID, SOURCE, WARRANTYRESERVE, BONUS, ADDONMEMBERPRICE, COST, ISSERIALIZED, MANUFACTURERWARRANTY_DESCRIPTION, EXCLUDEFROMPRICEBOOKWIZARD, ORIGINAL_ID, PRIMARYVENDOR_ID, ALLOWDISCOUNTS, COPIEDFROM_ID, CREATEDON, PAYSFLATAMOUNT, SERIALIZEDON, DISPLAYNAME, ACTIVE, ARCHIVED, AVALARACOMMERCIALTAXCODE, CROSSSALEGROUP, PAYSCOMMISSION, UNITOFMEASURE, DISPLAYINAMOUNT, EXTERNALID, ID, INVENTORYENABLEDON, SUPPLIERIMAGES, SYNCDATE, ADDONFLATAMOUNT, ISINVENTORY, TYPE_ID, SERVICEPROVIDERWARRANTY_DURATION, AVALARARESIDENTIALTAXCODE, COMMISSIONBONUS, IMAGES, MODEL, INVENTORYENABLEDBY_ID, PRICE, ADDONPRICE, ASSETACCOUNT_ID, CATEGORY_ID, GENERALLEDGERACCOUNT_ID, LOYALTYPROGRAMELIGIBLE, COSTOFSALEACCOUNT_ID, DESCRIPTION, MANUFACTURERWARRANTY_DURATION, PROVIDER_ID, SERVICEPROVIDERWARRANTY_DESCRIPTION, MEMBERPRICE, TENANT_TYPE]
Column names for DataMart Table --> STR_API_EQUIPMENT :: [BUSINESSUNIT_ID, ISINVENTORY, LOYALTYPROGRAMELIGIBLE, SERVICEPROVIDERWARRANTY_DURATION, RECORD_UPDATE_DATE, PAYTECHSPECIFICBONUS, ARCHIVED, COPIEDFROM_ID, HOURS, IMPORTID, MANUFACTURERWARRANTY_DESCRIPTION, AVALARARESIDENTIALTAXCODE, CROSSSALEGROUP, SOURCE, COST, GENERALLEDGERACCOUNT_ID, ACTIVE_FLAG, CATEGORY_ID, MEMBERPRICE, SERIALIZEDON, TYPE_ID, PAYSCOMMISSION, PRICE, SYNCDATE, ACTIVE, ASSETACCOUNT_ID, INVENTORYENABLEDBY_ID, INVENTORYENABLEDON, ISSERIALIZED, MODEL, PROVIDER_ID, SCHEDULEDFLATAMOUNT, TAXABLE, ACCOUNT, ADDONFLATAMOUNT, ADDONPRICE, BRAND, SUPPLIERIMAGES, COMMISSIONBONUS, DESCRIPTION, PAYSSOLDBYRATE, SOURCEVERSION, PAYSFLATAMOUNT, ADDONMEMBERPRICE, COSTOFSALEACCOUNT_ID, CREATEDBY_ID, DISPLAYNAME, MASTER_ID, ID, MODIFIEDON, BONUS, EXCLUDEFROMPRICEBOOKWIZARD, EXTERNALID, MANUFACTURERWARRANTY_DURATION, NAME, CREATEDON, ORIGINAL_ID, TENANT_TYPE, ALLOWDISCOUNTS, AVALARACOMMERCIALTAXCODE, DISPLAYINAMOUNT, UNITOFMEASURE, IMAGES, MANUFACTURER, PRIMARYVENDOR_ID, SERVICEPROVIDERWARRANTY_DESCRIPTION, WARRANTYRESERVE, RECORD_CREATE_DATE]
Column names for Curated Table --> DIM_EQUIPMENT :: [ASSETACCOUNT_ID, COMMISSIONBONUS, COSTOFSALEACCOUNT_ID, MODEL, SCHEDULEDFLATAMOUNT, COPIEDFROM_ID, ISSERIALIZED, PAYSFLATAMOUNT, PAYTECHSPECIFICBONUS, RECORD_CREATE_DATE, SERVICEPROVIDERWARRANTY_DURATION, ID, AVALARACOMMERCIALTAXCODE, BONUS, HOURS, LOYALTYPROGRAMELIGIBLE, SOURCE, SERIALIZEDON, ADDONPRICE, EXCLUDEFROMPRICEBOOKWIZARD, PAYSCOMMISSION, ISINVENTORY, MODIFIEDON, ACTIVE, ADDONMEMBERPRICE, CREATEDON, EXTERNALID, PRIMARYVENDOR_ID, BUSINESSUNIT_ID, NAME, PAYSSOLDBYRATE, SYNCDATE, AVALARARESIDENTIALTAXCODE, BRAND, CREATEDBY_ID, DISPLAYINAMOUNT, MANUFACTURERWARRANTY_DESCRIPTION, TENANT_TYPE, MANUFACTURER, PROVIDER_ID, SOURCEVERSION, RECORD_UPDATED_BY, ACCOUNT, ADDONFLATAMOUNT, COST, DISPLAYNAME, INVENTORYENABLEDBY_ID, TAXABLE, ARCHIVED, RECORD_UPDATE_DATE, DESCRIPTION, CATEGORY_ID, ALLOWDISCOUNTS, GENERALLEDGERACCOUNT_ID, INVENTORYENABLEDON, PRICE, TYPE_ID, SUPPLIERIMAGES, UNITOFMEASURE, CROSSSALEGROUP, IMAGES, IMPORTID, ORIGINAL_ID, SERVICEPROVIDERWARRANTY_DESCRIPTION, MEMBERPRICE, WARRANTYRESERVE, MANUFACTURERWARRANTY_DURATION]
Column Name found in Datamart and Curated Table :: BUSINESSUNIT_ID
Column Name found in Datamart and Curated Table :: HOURS
Column Name found in Datamart and Curated Table :: IMPORTID
Column Name found in Datamart and Curated Table :: TAXABLE
Column Name found in Datamart and Curated Table :: MANUFACTURER
Column Name found in Datamart and Curated Table :: MODIFIEDON
Column Name found in Datamart and Curated Table :: NAME
Column Name found in Datamart and Curated Table :: PAYSSOLDBYRATE
Column Name found in Datamart and Curated Table :: PAYTECHSPECIFICBONUS
Column Name found in Datamart and Curated Table :: SCHEDULEDFLATAMOUNT
Column Name found in Datamart and Curated Table :: SOURCEVERSION
Column Name found in Datamart and Curated Table :: ACCOUNT
Column Name found in Datamart and Curated Table :: CREATEDBY_ID
Column Name found in Datamart and Curated Table :: SOURCE
Column Name found in Datamart and Curated Table :: WARRANTYRESERVE
Column Name found in Datamart and Curated Table :: BONUS
Column Name found in Datamart and Curated Table :: ADDONMEMBERPRICE
Column Name found in Datamart and Curated Table :: COST
Column Name found in Datamart and Curated Table :: ISSERIALIZED
Column Name found in Datamart and Curated Table :: MANUFACTURERWARRANTY_DESCRIPTION
Column Name found in Datamart and Curated Table :: EXCLUDEFROMPRICEBOOKWIZARD
Column Name found in Datamart and Curated Table :: ORIGINAL_ID
Column Name found in Datamart and Curated Table :: PRIMARYVENDOR_ID
Column Name found in Datamart and Curated Table :: ALLOWDISCOUNTS
Column Name found in Datamart and Curated Table :: COPIEDFROM_ID
Column Name found in Datamart and Curated Table :: CREATEDON
Column Name found in Datamart and Curated Table :: PAYSFLATAMOUNT
Column Name found in Datamart and Curated Table :: SERIALIZEDON
Column Name found in Datamart and Curated Table :: DISPLAYNAME
Column Name found in Datamart and Curated Table :: ACTIVE
Column Name found in Datamart and Curated Table :: ARCHIVED
Column Name found in Datamart and Curated Table :: AVALARACOMMERCIALTAXCODE
Column Name found in Datamart and Curated Table :: CROSSSALEGROUP
Column Name found in Datamart and Curated Table :: PAYSCOMMISSION
Column Name found in Datamart and Curated Table :: UNITOFMEASURE
Column Name found in Datamart and Curated Table :: DISPLAYINAMOUNT
Column Name found in Datamart and Curated Table :: EXTERNALID
Column Name found in Datamart and Curated Table :: ID
Column Name found in Datamart and Curated Table :: INVENTORYENABLEDON
Column Name found in Datamart and Curated Table :: SUPPLIERIMAGES
Column Name found in Datamart and Curated Table :: SYNCDATE
Column Name found in Datamart and Curated Table :: ADDONFLATAMOUNT
Column Name found in Datamart and Curated Table :: ISINVENTORY
Column Name found in Datamart and Curated Table :: TYPE_ID
Column Name found in Datamart and Curated Table :: SERVICEPROVIDERWARRANTY_DURATION
Column Name found in Datamart and Curated Table :: AVALARARESIDENTIALTAXCODE
Column Name found in Datamart and Curated Table :: COMMISSIONBONUS
Column Name found in Datamart and Curated Table :: IMAGES
Column Name found in Datamart and Curated Table :: MODEL
Column Name found in Datamart and Curated Table :: INVENTORYENABLEDBY_ID
Column Name found in Datamart and Curated Table :: PRICE
Column Name found in Datamart and Curated Table :: ADDONPRICE
Column Name found in Datamart and Curated Table :: ASSETACCOUNT_ID
Column Name found in Datamart and Curated Table :: CATEGORY_ID
Column Name found in Datamart and Curated Table :: GENERALLEDGERACCOUNT_ID
Column Name found in Datamart and Curated Table :: LOYALTYPROGRAMELIGIBLE
Column Name found in Datamart and Curated Table :: COSTOFSALEACCOUNT_ID
Column Name found in Datamart and Curated Table :: DESCRIPTION
Column Name found in Datamart and Curated Table :: MANUFACTURERWARRANTY_DURATION
Column Name found in Datamart and Curated Table :: PROVIDER_ID
Column Name found in Datamart and Curated Table :: SERVICEPROVIDERWARRANTY_DESCRIPTION
Column Name found in Datamart and Curated Table :: MEMBERPRICE
Column Name found in Datamart and Curated Table :: TENANT_TYPE
Datamart tables contains additional column name like [ACTIVE_FLAG, RECORD_CREATE_DATE, RECORD_UPDATE_DATE, MASTER_ID]
Curated tables contains additional column name like [RECORD_CREATE_DATE, RECORD_UPDATE_DATE, RECORD_UPDATED_BY]]]>
  </system-out>
  <testcase classname="testcases.RAW_DATAMART_CURATED.SnowFlake_ColumnValidation_APITables" name="validateColumnName_BKP" time="2.675"/>
  <system-out>
    <![CDATA[Executing Snowflake query :: SELECT COLUMN_NAME FROM DEV_ENT_RAW.INFORMATION_SCHEMA.COLUMNS WHERE TABLE_NAME='ST_API_LOCATION'and TABLE_SCHEMA='API_MAT'
Executing Snowflake query :: SELECT COLUMN_NAME FROM CURATED_DATAMART.INFORMATION_SCHEMA.COLUMNS WHERE TABLE_NAME='STR_API_LOCATION'and TABLE_SCHEMA='ST_API_EANESHEATING'
Executing Snowflake query :: SELECT COLUMN_NAME FROM DEV_ENT_CURATED.INFORMATION_SCHEMA.COLUMNS WHERE TABLE_NAME='DIM_LOCATION'and TABLE_SCHEMA='MASTER_DIMENSIONS'
Column names for RAW Table --> ST_API_LOCATION :: [ADDRESS_ISMANUALCOORDINATES, ADDRESS_LATITUDE, CREATEDON, RECURRINGSERVICE_RECURRENCEINTERVAL, ADDRESS_ISMILITARY, ADDRESS_STATE, CUSTOMER_ID, IMPORTID, AUTOLONGITUDE, TAXABLE, RECURRINGSERVICE_TYPE, ACTIVE, ADDRESS_COUNTRY, ADDRESS_UNIT, AVALARAENTITYCODE, ESTIMATEDTAX, ID, TAXEXEMPT, ISPREVAILINGWAGE, RECURRINGSERVICE_ACTIVATEDFROM, ADDRESS_ZIP, PREFERREDTECHNICIAN_ID, RECURRINGSERVICE_FROM, SUMMARY, RECURRINGSERVICE_MEMO, ADDRESS_CITY, AUTOLATITUDE, ZONE_ID, DONOTSENDTECHNICIAN_ID, ADDRESS_LONGITUDE, MODIFIEDON, NAME, NOCHARGE, RECURRINGSERVICE_CANCELLATIONDATE, TAXZONE_ID, ADDRESS_STREET, CREATEDBY_ID, RECURRINGSERVICE_TO, RECURRINGSERVICE_ACTIVATEDBY, TENANT_TYPE]
Column names for DataMart Table --> STR_API_LOCATION :: [ADDRESS_COUNTRY, ADDRESS_ISMANUALCOORDINATES, CREATEDON, RECURRINGSERVICE_MEMO, RECURRINGSERVICE_CANCELLATIONDATE, ADDRESS_CITY, ISPREVAILINGWAGE, TAXABLE, MASTER_ID, ACTIVE, ADDRESS_LONGITUDE, CUSTOMER_ID, RECURRINGSERVICE_FROM, MODIFIEDON, TENANT_TYPE, ZONE_ID, ADDRESS_STATE, AUTOLONGITUDE, ID, RECORD_CREATE_DATE, ADDRESS_ZIP, AVALARAENTITYCODE, ESTIMATEDTAX, NAME, RECURRINGSERVICE_TO, ADDRESS_STREET, ADDRESS_UNIT, CREATEDBY_ID, DONOTSENDTECHNICIAN_ID, IMPORTID, RECORD_UPDATE_DATE, RECURRINGSERVICE_ACTIVATEDBY, SUMMARY, RECURRINGSERVICE_RECURRENCEINTERVAL, PREFERREDTECHNICIAN_ID, RECURRINGSERVICE_TYPE, ADDRESS_LATITUDE, NOCHARGE, ACTIVE_FLAG, ADDRESS_ISMILITARY, AUTOLATITUDE, RECURRINGSERVICE_ACTIVATEDFROM, TAXZONE_ID, TAXEXEMPT]
Column names for Curated Table --> DIM_LOCATION :: [ADDRESS_UNIT, AUTOLONGITUDE, RECURRINGSERVICE_ACTIVATEDFROM, RECURRINGSERVICE_TO, TAXABLE, ADDRESS_CITY, ADDRESS_LATITUDE, IMPORTID, NAME, RECURRINGSERVICE_MEMO, ADDRESS_LONGITUDE, ADDRESS_STATE, ADDRESS_STREET, DONOTSENDTECHNICIAN_ID, MODIFIEDON, TAXZONE_ID, ADDRESS_ISMANUALCOORDINATES, ESTIMATEDTAX, ISPREVAILINGWAGE, RECURRINGSERVICE_ACTIVATEDBY, AUTOLATITUDE, RECORD_UPDATED_BY, RECORD_UPDATE_DATE, SUMMARY, CUSTOMER_ID, ZONE_ID, TENANT_TYPE, ADDRESS_COUNTRY, ADDRESS_ZIP, NOCHARGE, RECURRINGSERVICE_FROM, RECURRINGSERVICE_RECURRENCEINTERVAL, CREATEDON, RECORD_CREATE_DATE, AVALARAENTITYCODE, RECURRINGSERVICE_CANCELLATIONDATE, RECURRINGSERVICE_TYPE, PREFERREDTECHNICIAN_ID, ACTIVE, ADDRESS_ISMILITARY, CREATEDBY_ID, ID, TAXEXEMPT]
Column Name found in Datamart and Curated Table :: ADDRESS_ISMANUALCOORDINATES
Column Name found in Datamart and Curated Table :: ADDRESS_LATITUDE
Column Name found in Datamart and Curated Table :: CREATEDON
Column Name found in Datamart and Curated Table :: RECURRINGSERVICE_RECURRENCEINTERVAL
Column Name found in Datamart and Curated Table :: ADDRESS_ISMILITARY
Column Name found in Datamart and Curated Table :: ADDRESS_STATE
Column Name found in Datamart and Curated Table :: CUSTOMER_ID
Column Name found in Datamart and Curated Table :: IMPORTID
Column Name found in Datamart and Curated Table :: AUTOLONGITUDE
Column Name found in Datamart and Curated Table :: TAXABLE
Column Name found in Datamart and Curated Table :: RECURRINGSERVICE_TYPE
Column Name found in Datamart and Curated Table :: ACTIVE
Column Name found in Datamart and Curated Table :: ADDRESS_COUNTRY
Column Name found in Datamart and Curated Table :: ADDRESS_UNIT
Column Name found in Datamart and Curated Table :: AVALARAENTITYCODE
Column Name found in Datamart and Curated Table :: ESTIMATEDTAX
Column Name found in Datamart and Curated Table :: ID
Column Name found in Datamart and Curated Table :: TAXEXEMPT
Column Name found in Datamart and Curated Table :: ISPREVAILINGWAGE
Column Name found in Datamart and Curated Table :: RECURRINGSERVICE_ACTIVATEDFROM
Column Name found in Datamart and Curated Table :: ADDRESS_ZIP
Column Name found in Datamart and Curated Table :: PREFERREDTECHNICIAN_ID
Column Name found in Datamart and Curated Table :: RECURRINGSERVICE_FROM
Column Name found in Datamart and Curated Table :: SUMMARY
Column Name found in Datamart and Curated Table :: RECURRINGSERVICE_MEMO
Column Name found in Datamart and Curated Table :: ADDRESS_CITY
Column Name found in Datamart and Curated Table :: AUTOLATITUDE
Column Name found in Datamart and Curated Table :: ZONE_ID
Column Name found in Datamart and Curated Table :: DONOTSENDTECHNICIAN_ID
Column Name found in Datamart and Curated Table :: ADDRESS_LONGITUDE
Column Name found in Datamart and Curated Table :: MODIFIEDON
Column Name found in Datamart and Curated Table :: NAME
Column Name found in Datamart and Curated Table :: NOCHARGE
Column Name found in Datamart and Curated Table :: RECURRINGSERVICE_CANCELLATIONDATE
Column Name found in Datamart and Curated Table :: TAXZONE_ID
Column Name found in Datamart and Curated Table :: ADDRESS_STREET
Column Name found in Datamart and Curated Table :: CREATEDBY_ID
Column Name found in Datamart and Curated Table :: RECURRINGSERVICE_TO
Column Name found in Datamart and Curated Table :: RECURRINGSERVICE_ACTIVATEDBY
Column Name found in Datamart and Curated Table :: TENANT_TYPE
Datamart tables contains additional column name like [ACTIVE_FLAG, RECORD_CREATE_DATE, RECORD_UPDATE_DATE, MASTER_ID]
Curated tables contains additional column name like [RECORD_CREATE_DATE, RECORD_UPDATE_DATE, RECORD_UPDATED_BY]]]>
  </system-out>
  <testcase classname="testcases.RAW_DATAMART_CURATED.SnowFlake_ColumnValidation_APITables" name="validateColumnName_BKP" time="2.146"/>
  <system-out>
    <![CDATA[Executing Snowflake query :: SELECT COLUMN_NAME FROM DEV_ENT_RAW.INFORMATION_SCHEMA.COLUMNS WHERE TABLE_NAME='ST_API_TIMESHEETCODE'and TABLE_SCHEMA='API_MAT'
Executing Snowflake query :: SELECT COLUMN_NAME FROM CURATED_DATAMART.INFORMATION_SCHEMA.COLUMNS WHERE TABLE_NAME='STR_API_TIMESHEETCODE'and TABLE_SCHEMA='ST_API_GOLDMEDAL'
Executing Snowflake query :: SELECT COLUMN_NAME FROM DEV_ENT_CURATED.INFORMATION_SCHEMA.COLUMNS WHERE TABLE_NAME='DIM_TIMESHEETCODE'and TABLE_SCHEMA='MASTER_DIMENSIONS'
Column names for RAW Table --> ST_API_TIMESHEETCODE :: [ADDRESS_ZIP, ROUTEAROUNDNJA, IMPORTID, RATEMULTIPLIER, STANDARDPAYROLLCONTROLCODE_ID, ADDRESS_COUNTRY, CODE, COUNTONJOBCOUNTER, OVERTIMEPAYROLLCONTROLCODE_ID, PAYROLLPOSTINGGROUP_ID, OVERTIMEPAYCODE_ID, ADDRESS_STREET, BUSINESSUNIT_ID, EXCLUDEABSENTEVENT, HOURLYRATE, SENDALERTSONMOBILE, VISIBILITY, ACTIVE, ID, TYPE, ADDRESS_ISMILITARY, ADDRESS_STATE, CREATEDBY_ID, APPLICABLEEMPLOYEETYPE, DOUBLEOVERTIMEPAYCODE_ID, GEOFENCECLOCKINMODE, STANDARDPAYCODE_ID, ADDRESS_LONGITUDE, DEDUCTCOMMUTETIME, EVENTNAME, STPAYCODE, ENABLESIMPLECLOCKINOUT, OTPAYCODE, CREATEDON, ADDRESS_CITY, ADDRESS_ISMANUALCOORDINATES, ADDRESS_LATITUDE, ADDRESS_UNIT, DESCRIPTION, ISDEFAULTSHOPTIME, CUSTOMHOURLYRATE, ISAUTOCLOCKINENABLED, TENANT_TYPE]
Column names for DataMart Table --> STR_API_TIMESHEETCODE :: [ADDRESS_CITY, CREATEDON, DESCRIPTION, ID, ROUTEAROUNDNJA, ADDRESS_LONGITUDE, EVENTNAME, ADDRESS_ISMANUALCOORDINATES, ADDRESS_ISMILITARY, APPLICABLEEMPLOYEETYPE, OVERTIMEPAYCODE_ID, ADDRESS_STATE, ADDRESS_ZIP, STPAYCODE, VISIBILITY, OTPAYCODE, ADDRESS_STREET, ADDRESS_UNIT, HOURLYRATE, IMPORTID, ISDEFAULTSHOPTIME, BUSINESSUNIT_ID, OVERTIMEPAYROLLCONTROLCODE_ID, TENANT_TYPE, CREATEDBY_ID, ENABLESIMPLECLOCKINOUT, EXCLUDEABSENTEVENT, STANDARDPAYCODE_ID, STANDARDPAYROLLCONTROLCODE_ID, GEOFENCECLOCKINMODE, RECORD_UPDATE_DATE, ACTIVE, CODE, COUNTONJOBCOUNTER, ISAUTOCLOCKINENABLED, SENDALERTSONMOBILE, TYPE, CUSTOMHOURLYRATE, ADDRESS_COUNTRY, ADDRESS_LATITUDE, DEDUCTCOMMUTETIME, DOUBLEOVERTIMEPAYCODE_ID, MASTER_ID, PAYROLLPOSTINGGROUP_ID, ACTIVE_FLAG, RECORD_CREATE_DATE, RATEMULTIPLIER]
Column names for Curated Table --> DIM_TIMESHEETCODE :: [ADDRESS_STREET, ADDRESS_ZIP, CUSTOMHOURLYRATE, DOUBLEOVERTIMEPAYCODE_ID, ENABLESIMPLECLOCKINOUT, DESCRIPTION, ADDRESS_ISMANUALCOORDINATES, ADDRESS_LONGITUDE, IMPORTID, CREATEDON, DEDUCTCOMMUTETIME, ID, ADDRESS_LATITUDE, CREATEDBY_ID, GEOFENCECLOCKINMODE, ROUTEAROUNDNJA, HOURLYRATE, RECORD_UPDATED_BY, RECORD_UPDATE_DATE, ADDRESS_UNIT, CODE, STANDARDPAYCODE_ID, OTPAYCODE, STPAYCODE, APPLICABLEEMPLOYEETYPE, OVERTIMEPAYCODE_ID, RATEMULTIPLIER, STANDARDPAYROLLCONTROLCODE_ID, EXCLUDEABSENTEVENT, PAYROLLPOSTINGGROUP_ID, TYPE, VISIBILITY, OVERTIMEPAYROLLCONTROLCODE_ID, ADDRESS_ISMILITARY, ADDRESS_STATE, ISDEFAULTSHOPTIME, ACTIVE, ADDRESS_CITY, BUSINESSUNIT_ID, COUNTONJOBCOUNTER, EVENTNAME, SENDALERTSONMOBILE, ADDRESS_COUNTRY, ISAUTOCLOCKINENABLED, TENANT_TYPE, RECORD_CREATE_DATE]
Column Name found in Datamart and Curated Table :: ADDRESS_ZIP
Column Name found in Datamart and Curated Table :: ROUTEAROUNDNJA
Column Name found in Datamart and Curated Table :: IMPORTID
Column Name found in Datamart and Curated Table :: RATEMULTIPLIER
Column Name found in Datamart and Curated Table :: STANDARDPAYROLLCONTROLCODE_ID
Column Name found in Datamart and Curated Table :: ADDRESS_COUNTRY
Column Name found in Datamart and Curated Table :: CODE
Column Name found in Datamart and Curated Table :: COUNTONJOBCOUNTER
Column Name found in Datamart and Curated Table :: OVERTIMEPAYROLLCONTROLCODE_ID
Column Name found in Datamart and Curated Table :: PAYROLLPOSTINGGROUP_ID
Column Name found in Datamart and Curated Table :: OVERTIMEPAYCODE_ID
Column Name found in Datamart and Curated Table :: ADDRESS_STREET
Column Name found in Datamart and Curated Table :: BUSINESSUNIT_ID
Column Name found in Datamart and Curated Table :: EXCLUDEABSENTEVENT
Column Name found in Datamart and Curated Table :: HOURLYRATE
Column Name found in Datamart and Curated Table :: SENDALERTSONMOBILE
Column Name found in Datamart and Curated Table :: VISIBILITY
Column Name found in Datamart and Curated Table :: ACTIVE
Column Name found in Datamart and Curated Table :: ID
Column Name found in Datamart and Curated Table :: TYPE
Column Name found in Datamart and Curated Table :: ADDRESS_ISMILITARY
Column Name found in Datamart and Curated Table :: ADDRESS_STATE
Column Name found in Datamart and Curated Table :: CREATEDBY_ID
Column Name found in Datamart and Curated Table :: APPLICABLEEMPLOYEETYPE
Column Name found in Datamart and Curated Table :: DOUBLEOVERTIMEPAYCODE_ID
Column Name found in Datamart and Curated Table :: GEOFENCECLOCKINMODE
Column Name found in Datamart and Curated Table :: STANDARDPAYCODE_ID
Column Name found in Datamart and Curated Table :: ADDRESS_LONGITUDE
Column Name found in Datamart and Curated Table :: DEDUCTCOMMUTETIME
Column Name found in Datamart and Curated Table :: EVENTNAME
Column Name found in Datamart and Curated Table :: STPAYCODE
Column Name found in Datamart and Curated Table :: ENABLESIMPLECLOCKINOUT
Column Name found in Datamart and Curated Table :: OTPAYCODE
Column Name found in Datamart and Curated Table :: CREATEDON
Column Name found in Datamart and Curated Table :: ADDRESS_CITY
Column Name found in Datamart and Curated Table :: ADDRESS_ISMANUALCOORDINATES
Column Name found in Datamart and Curated Table :: ADDRESS_LATITUDE
Column Name found in Datamart and Curated Table :: ADDRESS_UNIT
Column Name found in Datamart and Curated Table :: DESCRIPTION
Column Name found in Datamart and Curated Table :: ISDEFAULTSHOPTIME
Column Name found in Datamart and Curated Table :: CUSTOMHOURLYRATE
Column Name found in Datamart and Curated Table :: ISAUTOCLOCKINENABLED
Column Name found in Datamart and Curated Table :: TENANT_TYPE
Datamart tables contains additional column name like [ACTIVE_FLAG, RECORD_CREATE_DATE, RECORD_UPDATE_DATE, MASTER_ID]
Curated tables contains additional column name like [RECORD_CREATE_DATE, RECORD_UPDATE_DATE, RECORD_UPDATED_BY]]]>
  </system-out>
  <testcase classname="testcases.RAW_DATAMART_CURATED.SnowFlake_ColumnValidation_APITables" name="validateColumnName_BKP" time="2.416">
    <failure message="The following asserts failed:
	null,
	null" type="java.lang.AssertionError">
      <![CDATA[java.lang.AssertionError: The following asserts failed:
null,
null
at org.testng.asserts.SoftAssert.assertAll(SoftAssert.java:47)
at org.testng.asserts.SoftAssert.assertAll(SoftAssert.java:31)
at testcases.RAW_DATAMART_CURATED.SnowFlake_ColumnValidation_APITables.validateColumnName_BKP(SnowFlake_ColumnValidation_APITables.java:128)
at jdk.internal.reflect.GeneratedMethodAccessor38.invoke(Unknown Source)
at java.base/jdk.internal.reflect.DelegatingMethodAccessorImpl.invoke(DelegatingMethodAccessorImpl.java:43)
at java.base/java.lang.reflect.Method.invoke(Method.java:568)
at org.testng.internal.MethodInvocationHelper.invokeMethod(MethodInvocationHelper.java:133)
at org.testng.internal.TestInvoker.invokeMethod(TestInvoker.java:598)
at org.testng.internal.TestInvoker.invokeTestMethod(TestInvoker.java:173)
at org.testng.internal.MethodRunner.runInSequence(MethodRunner.java:46)
at org.testng.internal.TestInvoker$MethodInvocationAgent.invoke(TestInvoker.java:824)
at org.testng.internal.TestInvoker.invokeTestMethods(TestInvoker.java:146)
at org.testng.internal.TestMethodWorker.invokeTestMethods(TestMethodWorker.java:146)
at org.testng.internal.TestMethodWorker.run(TestMethodWorker.java:128)
at java.base/java.util.ArrayList.forEach(ArrayList.java:1511)
at org.testng.TestRunner.privateRun(TestRunner.java:794)
at org.testng.TestRunner.run(TestRunner.java:596)
at org.testng.SuiteRunner.runTest(SuiteRunner.java:377)
at org.testng.SuiteRunner.runSequentially(SuiteRunner.java:371)
at org.testng.SuiteRunner.privateRun(SuiteRunner.java:332)
at org.testng.SuiteRunner.run(SuiteRunner.java:276)
at org.testng.SuiteRunnerWorker.runSuite(SuiteRunnerWorker.java:53)
at org.testng.SuiteRunnerWorker.run(SuiteRunnerWorker.java:96)
at org.testng.TestNG.runSuitesSequentially(TestNG.java:1212)
at org.testng.TestNG.runSuitesLocally(TestNG.java:1134)
at org.testng.TestNG.runSuites(TestNG.java:1063)
at org.testng.TestNG.run(TestNG.java:1031)
at org.testng.remote.AbstractRemoteTestNG.run(AbstractRemoteTestNG.java:115)
at org.testng.remote.RemoteTestNG.initAndRun(RemoteTestNG.java:251)
at org.testng.remote.RemoteTestNG.main(RemoteTestNG.java:77)
]]>
    </failure>
  </testcase> <!-- validateColumnName_BKP -->
  <system-out>
    <![CDATA[Executing Snowflake query :: SELECT COLUMN_NAME FROM DEV_ENT_RAW.INFORMATION_SCHEMA.COLUMNS WHERE TABLE_NAME='ST_API_PROJECT'and TABLE_SCHEMA='API_MAT'
Executing Snowflake query :: SELECT COLUMN_NAME FROM CURATED_DATAMART.INFORMATION_SCHEMA.COLUMNS WHERE TABLE_NAME='STR_API_PROJECT'and TABLE_SCHEMA='ST_API_BILLFENWICK'
Executing Snowflake query :: SELECT COLUMN_NAME FROM DEV_ENT_CURATED.INFORMATION_SCHEMA.COLUMNS WHERE TABLE_NAME='DIM_PROJECT'and TABLE_SCHEMA='MASTER_DIMENSIONS'
Column names for RAW Table --> ST_API_PROJECT :: [ACTIVE, AREITEMSREORDERED, CUSTOMER_ID, NAME, NUMBER, PROJECTSETTINGSTYPE, TECHNICIANSIGNATURE, SUMMARY, MODIFIEDON, ACKNOWLEDGEMENTSIGNATURE, COMPLETEDON, COMPLETIONPERCENT, COSTTOCOMPLETE, CREATEDBY_ID, CREATEDON, IMPORTID, COMPLETEDONACTUAL, ID, CONTRACTESTIMATE_ID, AUTHORIZATIONSIGNATURE, CONTRACTSTARTDATE, STARTEDON, CONTRACTFOR, ISRETAINAGEENABLED, ISPREVAILINGWAGE, LOCATION_ID, PAYMENTTERM_ID, RETAINAGEPERCENT, REVENUERECOGNITIONMETHOD, TENANT_TYPE]
Column names for DataMart Table --> STR_API_PROJECT :: [AUTHORIZATIONSIGNATURE, ID, NUMBER, CONTRACTSTARTDATE, COMPLETEDON, CONTRACTFOR, CREATEDON, STARTEDON, COMPLETEDONACTUAL, LOCATION_ID, RECORD_UPDATE_DATE, ISRETAINAGEENABLED, TECHNICIANSIGNATURE, IMPORTID, RETAINAGEPERCENT, ACKNOWLEDGEMENTSIGNATURE, ACTIVE_FLAG, MODIFIEDON, PROJECTSETTINGSTYPE, SUMMARY, TENANT_TYPE, ACTIVE, AREITEMSREORDERED, CONTRACTESTIMATE_ID, CREATEDBY_ID, CUSTOMER_ID, ISPREVAILINGWAGE, MASTER_ID, MD5_VALUE, NAME, COMPLETIONPERCENT, RECORD_CREATE_DATE, PAYMENTTERM_ID]
Column names for Curated Table --> DIM_PROJECT :: [RECORD_UPDATE_DATE, ACTIVE, AUTHORIZATIONSIGNATURE, COMPLETEDON, RETAINAGEPERCENT, IMPORTID, CONTRACTFOR, CONTRACTSTARTDATE, ID, ISRETAINAGEENABLED, RECORD_CREATE_DATE, RECORD_UPDATED_BY, TENANT_TYPE, PROJECTSETTINGSTYPE, TECHNICIANSIGNATURE, ISPREVAILINGWAGE, MD5_VALUE, NAME, PAYMENTTERM_ID, COMPLETEDONACTUAL, CUSTOMER_ID, NUMBER, AREITEMSREORDERED, CREATEDON, LOCATION_ID, MODIFIEDON, STARTEDON, ACKNOWLEDGEMENTSIGNATURE, COMPLETIONPERCENT, CONTRACTESTIMATE_ID, SUMMARY, CREATEDBY_ID, REVENUERECOGNITIONMETHOD]
Column Name found in Datamart and Curated Table :: ACTIVE
Column Name found in Datamart and Curated Table :: AREITEMSREORDERED
Column Name found in Datamart and Curated Table :: CUSTOMER_ID
Column Name found in Datamart and Curated Table :: NAME
Column Name found in Datamart and Curated Table :: NUMBER
Column Name found in Datamart and Curated Table :: PROJECTSETTINGSTYPE
Column Name found in Datamart and Curated Table :: TECHNICIANSIGNATURE
Column Name found in Datamart and Curated Table :: SUMMARY
Column Name found in Datamart and Curated Table :: MODIFIEDON
Column Name found in Datamart and Curated Table :: ACKNOWLEDGEMENTSIGNATURE
Column Name found in Datamart and Curated Table :: COMPLETEDON
Column Name found in Datamart and Curated Table :: COMPLETIONPERCENT
Column Name not found in Datamart and Curated Table :: COSTTOCOMPLETE
Column Name found in Datamart and Curated Table :: CREATEDBY_ID
Column Name found in Datamart and Curated Table :: CREATEDON
Column Name found in Datamart and Curated Table :: IMPORTID
Column Name found in Datamart and Curated Table :: COMPLETEDONACTUAL
Column Name found in Datamart and Curated Table :: ID
Column Name found in Datamart and Curated Table :: CONTRACTESTIMATE_ID
Column Name found in Datamart and Curated Table :: AUTHORIZATIONSIGNATURE
Column Name found in Datamart and Curated Table :: CONTRACTSTARTDATE
Column Name found in Datamart and Curated Table :: STARTEDON
Column Name found in Datamart and Curated Table :: CONTRACTFOR
Column Name found in Datamart and Curated Table :: ISRETAINAGEENABLED
Column Name found in Datamart and Curated Table :: ISPREVAILINGWAGE
Column Name found in Datamart and Curated Table :: LOCATION_ID
Column Name found in Datamart and Curated Table :: PAYMENTTERM_ID
Column Name found in Datamart and Curated Table :: RETAINAGEPERCENT
Column Name not found in Datamart and Curated Table :: REVENUERECOGNITIONMETHOD
Column Name found in Datamart and Curated Table :: TENANT_TYPE
Datamart tables contains additional column name like [ACTIVE_FLAG, RECORD_CREATE_DATE, RECORD_UPDATE_DATE, MASTER_ID]
Curated tables contains additional column name like [RECORD_CREATE_DATE, RECORD_UPDATE_DATE, RECORD_UPDATED_BY]]]>
  </system-out>
  <testcase classname="testcases.RAW_DATAMART_CURATED.SnowFlake_ColumnValidation_APITables" name="validateColumnName_BKP" time="2.484"/>
  <system-out>
    <![CDATA[Executing Snowflake query :: SELECT COLUMN_NAME FROM DEV_ENT_RAW.INFORMATION_SCHEMA.COLUMNS WHERE TABLE_NAME='ST_API_MATERIAL'and TABLE_SCHEMA='API_MAT'
Executing Snowflake query :: SELECT COLUMN_NAME FROM CURATED_DATAMART.INFORMATION_SCHEMA.COLUMNS WHERE TABLE_NAME='STR_API_MATERIAL'and TABLE_SCHEMA='ST_API_HARP'
Executing Snowflake query :: SELECT COLUMN_NAME FROM DEV_ENT_CURATED.INFORMATION_SCHEMA.COLUMNS WHERE TABLE_NAME='DIM_MATERIAL'and TABLE_SCHEMA='MASTER_DIMENSIONS'
Column names for RAW Table --> ST_API_MATERIAL :: [CATEGORY_ID, COSTOFSALEACCOUNT_ID, DISPLAYINAMOUNT, SOLDBYCOMMISSION, ARCHIVED, AVALARACOMMERCIALTAXCODE, BONUS, COMMISSIONBONUS, EXCLUDEFROMPRICEBOOKWIZARD, INVENTORYENABLEDON, PURCHASEORDERLIMITS_FLATAMOUNT, LOYALTYPROGRAMELIGIBLE, ACCOUNT, BUSINESSUNIT_ID, CREATEDON, NOTAX, ORIGINAL_ID, PROVIDER_ID, SERIALIZEDON, UNITOFMEASURE, IMPORTID, DISPLAYNAME, ASSETACCOUNT_ID, COPIEDFROM_ID, ISSERIALIZED, PAYSFLATAMOUNT, PRICE, GENERALLEDGERACCOUNT_ID, ID, ISINVENTORY, ACTIVE, AVALARARESIDENTIALTAXCODE, EXTERNALID, IMAGES, PRIMARYVENDOR_ID, TAXABLE, USEFIXEDMATERIALPRICE, DEDUCTASJOBCOST, SOURCEVERSION, SYNCDATE, MODIFIEDON, ADDONMEMBERPRICE, COST, NAME, PAYSCOMMISSION, PAYSSOLDBYRATE, DESCRIPTION, HOURS, SCHEDULEDFLATAMOUNT, SOURCE, ADDONFLATAMOUNT, ADDONPRICE, AUTOGLASSTYPE, CROSSSALEGROUP, PAYTECHSPECIFICBONUS, PURCHASEORDERLIMITS_REVENUEPERCENT, SUPPLIERIMAGES, CREATEDBY_ID, MEMBERPRICE, INVENTORYENABLEDBY_ID, TENANT_TYPE]
Column names for DataMart Table --> STR_API_MATERIAL :: [ACTIVE, ADDONMEMBERPRICE, ASSETACCOUNT_ID, CREATEDBY_ID, EXTERNALID, GENERALLEDGERACCOUNT_ID, NOTAX, CATEGORY_ID, DESCRIPTION, IMAGES, PRIMARYVENDOR_ID, ISINVENTORY, NAME, MODIFIEDON, CREATEDON, MASTER_ID, BONUS, PAYSSOLDBYRATE, SOURCEVERSION, SCHEDULEDFLATAMOUNT, SOLDBYCOMMISSION, ARCHIVED, EXCLUDEFROMPRICEBOOKWIZARD, MEMBERPRICE, ORIGINAL_ID, AVALARACOMMERCIALTAXCODE, IMPORTID, RECORD_CREATE_DATE, PURCHASEORDERLIMITS_REVENUEPERCENT, RECORD_UPDATE_DATE, SOURCE, USEFIXEDMATERIALPRICE, BUSINESSUNIT_ID, DISPLAYINAMOUNT, DEDUCTASJOBCOST, INVENTORYENABLEDON, SYNCDATE, UNITOFMEASURE, ACTIVE_FLAG, ADDONPRICE, AUTOGLASSTYPE, AVALARARESIDENTIALTAXCODE, COPIEDFROM_ID, COSTOFSALEACCOUNT_ID, PRICE, CROSSSALEGROUP, PROVIDER_ID, ACCOUNT, ADDONFLATAMOUNT, COST, DISPLAYNAME, HOURS, ID, PAYSFLATAMOUNT, PAYTECHSPECIFICBONUS, SERIALIZEDON, SUPPLIERIMAGES, TAXABLE, INVENTORYENABLEDBY_ID, PAYSCOMMISSION, ISSERIALIZED, COMMISSIONBONUS, PURCHASEORDERLIMITS_FLATAMOUNT, LOYALTYPROGRAMELIGIBLE, TENANT_TYPE]
Column names for Curated Table --> DIM_MATERIAL :: [BUSINESSUNIT_ID, DEDUCTASJOBCOST, HOURS, MEMBERPRICE, MODIFIEDON, SCHEDULEDFLATAMOUNT, ARCHIVED, BONUS, COST, EXCLUDEFROMPRICEBOOKWIZARD, INVENTORYENABLEDON, SOURCE, ID, RECORD_UPDATED_BY, RECORD_UPDATE_DATE, ADDONPRICE, ASSETACCOUNT_ID, AVALARARESIDENTIALTAXCODE, DESCRIPTION, IMPORTID, ISSERIALIZED, PAYSSOLDBYRATE, ISINVENTORY, NOTAX, CREATEDBY_ID, PRIMARYVENDOR_ID, SERIALIZEDON, GENERALLEDGERACCOUNT_ID, RECORD_CREATE_DATE, CROSSSALEGROUP, SOLDBYCOMMISSION, ACTIVE, CATEGORY_ID, EXTERNALID, NAME, USEFIXEDMATERIALPRICE, INVENTORYENABLEDBY_ID, PAYTECHSPECIFICBONUS, PROVIDER_ID, PURCHASEORDERLIMITS_REVENUEPERCENT, SUPPLIERIMAGES, ACCOUNT, ADDONFLATAMOUNT, COMMISSIONBONUS, CREATEDON, PAYSCOMMISSION, DISPLAYINAMOUNT, SOURCEVERSION, COSTOFSALEACCOUNT_ID, DISPLAYNAME, IMAGES, ORIGINAL_ID, TAXABLE, COPIEDFROM_ID, UNITOFMEASURE, ADDONMEMBERPRICE, AUTOGLASSTYPE, AVALARACOMMERCIALTAXCODE, LOYALTYPROGRAMELIGIBLE, PRICE, PURCHASEORDERLIMITS_FLATAMOUNT, SYNCDATE, TENANT_TYPE, PAYSFLATAMOUNT]
Column Name found in Datamart and Curated Table :: CATEGORY_ID
Column Name found in Datamart and Curated Table :: COSTOFSALEACCOUNT_ID
Column Name found in Datamart and Curated Table :: DISPLAYINAMOUNT
Column Name found in Datamart and Curated Table :: SOLDBYCOMMISSION
Column Name found in Datamart and Curated Table :: ARCHIVED
Column Name found in Datamart and Curated Table :: AVALARACOMMERCIALTAXCODE
Column Name found in Datamart and Curated Table :: BONUS
Column Name found in Datamart and Curated Table :: COMMISSIONBONUS
Column Name found in Datamart and Curated Table :: EXCLUDEFROMPRICEBOOKWIZARD
Column Name found in Datamart and Curated Table :: INVENTORYENABLEDON
Column Name found in Datamart and Curated Table :: PURCHASEORDERLIMITS_FLATAMOUNT
Column Name found in Datamart and Curated Table :: LOYALTYPROGRAMELIGIBLE
Column Name found in Datamart and Curated Table :: ACCOUNT
Column Name found in Datamart and Curated Table :: BUSINESSUNIT_ID
Column Name found in Datamart and Curated Table :: CREATEDON
Column Name found in Datamart and Curated Table :: NOTAX
Column Name found in Datamart and Curated Table :: ORIGINAL_ID
Column Name found in Datamart and Curated Table :: PROVIDER_ID
Column Name found in Datamart and Curated Table :: SERIALIZEDON
Column Name found in Datamart and Curated Table :: UNITOFMEASURE
Column Name found in Datamart and Curated Table :: IMPORTID
Column Name found in Datamart and Curated Table :: DISPLAYNAME
Column Name found in Datamart and Curated Table :: ASSETACCOUNT_ID
Column Name found in Datamart and Curated Table :: COPIEDFROM_ID
Column Name found in Datamart and Curated Table :: ISSERIALIZED
Column Name found in Datamart and Curated Table :: PAYSFLATAMOUNT
Column Name found in Datamart and Curated Table :: PRICE
Column Name found in Datamart and Curated Table :: GENERALLEDGERACCOUNT_ID
Column Name found in Datamart and Curated Table :: ID
Column Name found in Datamart and Curated Table :: ISINVENTORY
Column Name found in Datamart and Curated Table :: ACTIVE
Column Name found in Datamart and Curated Table :: AVALARARESIDENTIALTAXCODE
Column Name found in Datamart and Curated Table :: EXTERNALID
Column Name found in Datamart and Curated Table :: IMAGES
Column Name found in Datamart and Curated Table :: PRIMARYVENDOR_ID
Column Name found in Datamart and Curated Table :: TAXABLE
Column Name found in Datamart and Curated Table :: USEFIXEDMATERIALPRICE
Column Name found in Datamart and Curated Table :: DEDUCTASJOBCOST
Column Name found in Datamart and Curated Table :: SOURCEVERSION
Column Name found in Datamart and Curated Table :: SYNCDATE
Column Name found in Datamart and Curated Table :: MODIFIEDON
Column Name found in Datamart and Curated Table :: ADDONMEMBERPRICE
Column Name found in Datamart and Curated Table :: COST
Column Name found in Datamart and Curated Table :: NAME
Column Name found in Datamart and Curated Table :: PAYSCOMMISSION
Column Name found in Datamart and Curated Table :: PAYSSOLDBYRATE
Column Name found in Datamart and Curated Table :: DESCRIPTION
Column Name found in Datamart and Curated Table :: HOURS
Column Name found in Datamart and Curated Table :: SCHEDULEDFLATAMOUNT
Column Name found in Datamart and Curated Table :: SOURCE
Column Name found in Datamart and Curated Table :: ADDONFLATAMOUNT
Column Name found in Datamart and Curated Table :: ADDONPRICE
Column Name found in Datamart and Curated Table :: AUTOGLASSTYPE
Column Name found in Datamart and Curated Table :: CROSSSALEGROUP
Column Name found in Datamart and Curated Table :: PAYTECHSPECIFICBONUS
Column Name found in Datamart and Curated Table :: PURCHASEORDERLIMITS_REVENUEPERCENT
Column Name found in Datamart and Curated Table :: SUPPLIERIMAGES
Column Name found in Datamart and Curated Table :: CREATEDBY_ID
Column Name found in Datamart and Curated Table :: MEMBERPRICE
Column Name found in Datamart and Curated Table :: INVENTORYENABLEDBY_ID
Column Name found in Datamart and Curated Table :: TENANT_TYPE
Datamart tables contains additional column name like [ACTIVE_FLAG, RECORD_CREATE_DATE, RECORD_UPDATE_DATE, MASTER_ID]
Curated tables contains additional column name like [RECORD_CREATE_DATE, RECORD_UPDATE_DATE, RECORD_UPDATED_BY]]]>
  </system-out>
  <testcase classname="testcases.RAW_DATAMART_CURATED.SnowFlake_ColumnValidation_APITables" name="validateColumnName_BKP" time="3.384"/>
  <system-out>
    <![CDATA[Executing Snowflake query :: SELECT COLUMN_NAME FROM DEV_ENT_RAW.INFORMATION_SCHEMA.COLUMNS WHERE TABLE_NAME='ST_API_INVOICEITEM'and TABLE_SCHEMA='API_MAT'
Executing Snowflake query :: SELECT COLUMN_NAME FROM CURATED_DATAMART.INFORMATION_SCHEMA.COLUMNS WHERE TABLE_NAME='STR_API_INVOICEITEM'and TABLE_SCHEMA='ST_API_CASTEEL'
Executing Snowflake query :: SELECT COLUMN_NAME FROM DEV_ENT_CURATED.INFORMATION_SCHEMA.COLUMNS WHERE TABLE_NAME='DIM_INVOICEITEM'and TABLE_SCHEMA='MASTER_DIMENSIONS'
Column names for RAW Table --> ST_API_INVOICEITEM :: [ALLOWDISCOUNTS, AUTOGLASSITEM_ID, HOURS, STANDARDPRICE, MODIFIEDON, PROJECTLABELS, SOLDBYCOMMISSION, ISINVENTORY, MARKUP, PAYSSOLDBYRATE, PROCUREDFROMESTIMATEITEM_ID, PROJECTORDER, SKU_ID, TECHNICIANSPLIT3, UNITPRICE, IMPORTID, LASTUNITPRICESETBYEMPLOYEE, SKUNAME, MEMBERSHIPWORKFLOWACTION, BASERATE1, BASERATE2, DATECREATED, EQUIPMENT_ID, ID, INVENTORYSTATUS, ITEMGROUPNAME, TECHNICIANFORBASERATE1_ID, QUANTITY, SOLDBY_ID, PARENTITEM_ID, SOLDHOURS, NOTAX, COST, CREATEDBY_ID, EXPORTID, ISADDON, ISOTTASK, CREATEDON, ISUNITPRICEMANUALLYSET, PAYSFLATAMOUNT, TECHNICIAN_ID, BASERATE3, CHARGEABLE, COMMISSIONBONUS, DESCRIPTION, TECHNICIANACKNOWLEDGEMENTSIGNATURE, INVENTORYLOCATION_ID, ORDER, SCHEDULEDFLATAMOUNT, SOURCETYPE, TECHNICIANSPLIT1, INVENTORYWAREHOUSENAME, ACCOUNT, ADDONFLATAMOUNT, PRICEMODIFIER_ID, SKUREFERENCE_SKUTYPE, TECHNICIANFORBASERATE3_ID, PAYTECHSPECIFICBONUS, TECHNICIANFORBASERATE2_ID, TECHNICIANSPLIT2, USEDMATERIAL_ID, ACTIVE, BONUS, COSTOFSALEACCOUNT_ID, GENERALLEDGERACCOUNT_ID, INVENTORYBATCH_ID, INVOICE_ID, PAYSCOMMISSION, SKUREFERENCE_SKUID, TAXABLE, TOTAL, BUSINESSUNIT_ID, DEDUCTASJOBCOST, DISPLAYINAMOUNT, ESTIMATEITEM_ID, ITEMGROUPROOT_ID, MEMBERPRICE, PROCUREDFROM_ID, SIGNATURE, TOTALCOST, CROSSSALEGROUP, WORKFLOWACTION_ID, TENANT_TYPE]
Column names for DataMart Table --> STR_API_INVOICEITEM :: [ALLOWDISCOUNTS, BASERATE3, BUSINESSUNIT_ID, COSTOFSALEACCOUNT_ID, DATECREATED, INVENTORYBATCH_ID, CREATEDBY_ID, PROCUREMENTSOURCE_PURCHASEORDERITEMID, SIGNATURE, SOLDBY_ID, UNITPRICE, TENANT_TYPE, RECORD_CREATE_DATE, HOURS, ISINVENTORY, MASTER_ID, PRICEMODIFIER_ID, PROCUREMENTSOURCE_SOURCETYPE, PAYTECHSPECIFICBONUS, PROCUREMENTSOURCE_REQUISITIONITEMID, SKU_ID, SOLDBYCOMMISSION, TECHNICIANSPLIT1, TECHNICIANSPLIT2, USEDMATERIAL_ID, SOURCETYPE, AUTOGLASSITEM_ID, COMMISSIONBONUS, COST, CROSSSALEGROUP, DISPLAYINAMOUNT, INVENTORYLOCATION_ID, ISOTTASK, MARKUP, MEMBERPRICE, PAYSCOMMISSION, PROCUREDFROMESTIMATEITEM_ID, QUANTITY, TECHNICIANSPLIT3, DESCRIPTION, RECORD_UPDATE_DATE, TECHNICIANFORBASERATE3_ID, WORKFLOWACTION_ID, SKUNAME, ACCOUNT, ACTIVE, ADDONFLATAMOUNT, BASERATE2, CREATEDON, GENERALLEDGERACCOUNT_ID, PAYSFLATAMOUNT, PROJECTLABELS, SOLDHOURS, TOTALCOST, ESTIMATEITEM_ID, PROCUREMENTSOURCE_ESTIMATEITEMID, ACTIVE_FLAG, BONUS, INVOICE_ID, TAXABLE, TECHNICIAN_ID, DEDUCTASJOBCOST, ORDER, SKUREFERENCE_SKUTYPE, TOTAL, EXPORTID, IMPORTID, ITEMGROUPNAME, MEMBERSHIPWORKFLOWACTION, MODIFIEDON, PROCUREDFROM_ID, INVENTORYWAREHOUSENAME, PROJECTORDER, SKUREFERENCE_SKUID, PARENTITEM_ID, BASERATE1, EQUIPMENT_ID, ISADDON, ITEMGROUPROOT_ID, SCHEDULEDFLATAMOUNT, TECHNICIANFORBASERATE2_ID, TECHNICIANACKNOWLEDGEMENTSIGNATURE, CHARGEABLE, INVENTORYSTATUS, ISUNITPRICEMANUALLYSET, STANDARDPRICE, LASTUNITPRICESETBYEMPLOYEE, NOTAX, PAYSSOLDBYRATE, ID, TECHNICIANFORBASERATE1_ID]
Column names for Curated Table --> DIM_INVOICEITEM :: [BASERATE2, COST, CROSSSALEGROUP, ISOTTASK, MEMBERPRICE, ORDER, QUANTITY, TOTALCOST, ISUNITPRICEMANUALLYSET, PARENTITEM_ID, PAYSSOLDBYRATE, PAYSCOMMISSION, GENERALLEDGERACCOUNT_ID, BASERATE1, INVENTORYBATCH_ID, INVOICE_ID, SKUREFERENCE_SKUID, BASERATE3, EXPORTID, ISINVENTORY, SKU_ID, INVENTORYSTATUS, SOLDHOURS, TECHNICIAN_ID, TECHNICIANFORBASERATE2_ID, ACCOUNT, ALLOWDISCOUNTS, COMMISSIONBONUS, CREATEDON, IMPORTID, ISADDON, PROCUREMENTSOURCE_SOURCETYPE, NOTAX, PROJECTLABELS, SOLDBY_ID, TECHNICIANFORBASERATE1_ID, TECHNICIANSPLIT1, PAYSFLATAMOUNT, UNITPRICE, BONUS, COSTOFSALEACCOUNT_ID, CREATEDBY_ID, DISPLAYINAMOUNT, PAYTECHSPECIFICBONUS, PRICEMODIFIER_ID, TECHNICIANACKNOWLEDGEMENTSIGNATURE, TECHNICIANSPLIT3, PROCUREMENTSOURCE_PURCHASEORDERITEMID, PROCUREMENTSOURCE_REQUISITIONITEMID, PROJECTORDER, DATECREATED, TECHNICIANFORBASERATE3_ID, ACTIVE, ADDONFLATAMOUNT, BUSINESSUNIT_ID, CHARGEABLE, EQUIPMENT_ID, INVENTORYLOCATION_ID, INVENTORYWAREHOUSENAME, ITEMGROUPNAME, ITEMGROUPROOT_ID, RECORD_UPDATE_DATE, MODIFIEDON, PROCUREDFROM_ID, SCHEDULEDFLATAMOUNT, PROCUREMENTSOURCE_ESTIMATEITEMID, TAXABLE, PROCUREDFROMESTIMATEITEM_ID, AUTOGLASSITEM_ID, HOURS, LASTUNITPRICESETBYEMPLOYEE, MARKUP, USEDMATERIAL_ID, MEMBERSHIPWORKFLOWACTION, SKUREFERENCE_SKUTYPE, SOLDBYCOMMISSION, SOURCETYPE, RECORD_UPDATED_BY, WORKFLOWACTION_ID, DEDUCTASJOBCOST, DESCRIPTION, ESTIMATEITEM_ID, STANDARDPRICE, TECHNICIANSPLIT2, TOTAL, ID, RECORD_CREATE_DATE, SIGNATURE, SKUNAME, TENANT_TYPE]
Column Name found in Datamart and Curated Table :: ALLOWDISCOUNTS
Column Name found in Datamart and Curated Table :: AUTOGLASSITEM_ID
Column Name found in Datamart and Curated Table :: HOURS
Column Name found in Datamart and Curated Table :: STANDARDPRICE
Column Name found in Datamart and Curated Table :: MODIFIEDON
Column Name found in Datamart and Curated Table :: PROJECTLABELS
Column Name found in Datamart and Curated Table :: SOLDBYCOMMISSION
Column Name found in Datamart and Curated Table :: ISINVENTORY
Column Name found in Datamart and Curated Table :: MARKUP
Column Name found in Datamart and Curated Table :: PAYSSOLDBYRATE
Column Name found in Datamart and Curated Table :: PROCUREDFROMESTIMATEITEM_ID
Column Name found in Datamart and Curated Table :: PROJECTORDER
Column Name found in Datamart and Curated Table :: SKU_ID
Column Name found in Datamart and Curated Table :: TECHNICIANSPLIT3
Column Name found in Datamart and Curated Table :: UNITPRICE
Column Name found in Datamart and Curated Table :: IMPORTID
Column Name found in Datamart and Curated Table :: LASTUNITPRICESETBYEMPLOYEE
Column Name found in Datamart and Curated Table :: SKUNAME
Column Name found in Datamart and Curated Table :: MEMBERSHIPWORKFLOWACTION
Column Name found in Datamart and Curated Table :: BASERATE1
Column Name found in Datamart and Curated Table :: BASERATE2
Column Name found in Datamart and Curated Table :: DATECREATED
Column Name found in Datamart and Curated Table :: EQUIPMENT_ID
Column Name found in Datamart and Curated Table :: ID
Column Name found in Datamart and Curated Table :: INVENTORYSTATUS
Column Name found in Datamart and Curated Table :: ITEMGROUPNAME
Column Name found in Datamart and Curated Table :: TECHNICIANFORBASERATE1_ID
Column Name found in Datamart and Curated Table :: QUANTITY
Column Name found in Datamart and Curated Table :: SOLDBY_ID
Column Name found in Datamart and Curated Table :: PARENTITEM_ID
Column Name found in Datamart and Curated Table :: SOLDHOURS
Column Name found in Datamart and Curated Table :: NOTAX
Column Name found in Datamart and Curated Table :: COST
Column Name found in Datamart and Curated Table :: CREATEDBY_ID
Column Name found in Datamart and Curated Table :: EXPORTID
Column Name found in Datamart and Curated Table :: ISADDON
Column Name found in Datamart and Curated Table :: ISOTTASK
Column Name found in Datamart and Curated Table :: CREATEDON
Column Name found in Datamart and Curated Table :: ISUNITPRICEMANUALLYSET
Column Name found in Datamart and Curated Table :: PAYSFLATAMOUNT
Column Name found in Datamart and Curated Table :: TECHNICIAN_ID
Column Name found in Datamart and Curated Table :: BASERATE3
Column Name found in Datamart and Curated Table :: CHARGEABLE
Column Name found in Datamart and Curated Table :: COMMISSIONBONUS
Column Name found in Datamart and Curated Table :: DESCRIPTION
Column Name found in Datamart and Curated Table :: TECHNICIANACKNOWLEDGEMENTSIGNATURE
Column Name found in Datamart and Curated Table :: INVENTORYLOCATION_ID
Column Name found in Datamart and Curated Table :: ORDER
Column Name found in Datamart and Curated Table :: SCHEDULEDFLATAMOUNT
Column Name found in Datamart and Curated Table :: SOURCETYPE
Column Name found in Datamart and Curated Table :: TECHNICIANSPLIT1
Column Name found in Datamart and Curated Table :: INVENTORYWAREHOUSENAME
Column Name found in Datamart and Curated Table :: ACCOUNT
Column Name found in Datamart and Curated Table :: ADDONFLATAMOUNT
Column Name found in Datamart and Curated Table :: PRICEMODIFIER_ID
Column Name found in Datamart and Curated Table :: SKUREFERENCE_SKUTYPE
Column Name found in Datamart and Curated Table :: TECHNICIANFORBASERATE3_ID
Column Name found in Datamart and Curated Table :: PAYTECHSPECIFICBONUS
Column Name found in Datamart and Curated Table :: TECHNICIANFORBASERATE2_ID
Column Name found in Datamart and Curated Table :: TECHNICIANSPLIT2
Column Name found in Datamart and Curated Table :: USEDMATERIAL_ID
Column Name found in Datamart and Curated Table :: ACTIVE
Column Name found in Datamart and Curated Table :: BONUS
Column Name found in Datamart and Curated Table :: COSTOFSALEACCOUNT_ID
Column Name found in Datamart and Curated Table :: GENERALLEDGERACCOUNT_ID
Column Name found in Datamart and Curated Table :: INVENTORYBATCH_ID
Column Name found in Datamart and Curated Table :: INVOICE_ID
Column Name found in Datamart and Curated Table :: PAYSCOMMISSION
Column Name found in Datamart and Curated Table :: SKUREFERENCE_SKUID
Column Name found in Datamart and Curated Table :: TAXABLE
Column Name found in Datamart and Curated Table :: TOTAL
Column Name found in Datamart and Curated Table :: BUSINESSUNIT_ID
Column Name found in Datamart and Curated Table :: DEDUCTASJOBCOST
Column Name found in Datamart and Curated Table :: DISPLAYINAMOUNT
Column Name found in Datamart and Curated Table :: ESTIMATEITEM_ID
Column Name found in Datamart and Curated Table :: ITEMGROUPROOT_ID
Column Name found in Datamart and Curated Table :: MEMBERPRICE
Column Name found in Datamart and Curated Table :: PROCUREDFROM_ID
Column Name found in Datamart and Curated Table :: SIGNATURE
Column Name found in Datamart and Curated Table :: TOTALCOST
Column Name found in Datamart and Curated Table :: CROSSSALEGROUP
Column Name found in Datamart and Curated Table :: WORKFLOWACTION_ID
Column Name found in Datamart and Curated Table :: TENANT_TYPE
Datamart tables contains additional column name like [ACTIVE_FLAG, RECORD_CREATE_DATE, RECORD_UPDATE_DATE, MASTER_ID]
Curated tables contains additional column name like [RECORD_CREATE_DATE, RECORD_UPDATE_DATE, RECORD_UPDATED_BY]]]>
  </system-out>
  <testcase classname="testcases.RAW_DATAMART_CURATED.SnowFlake_ColumnValidation_APITables" name="validateColumnName_BKP" time="2.588"/>
  <system-out>
    <![CDATA[Executing Snowflake query :: SELECT COLUMN_NAME FROM DEV_ENT_RAW.INFORMATION_SCHEMA.COLUMNS WHERE TABLE_NAME='ST_API_INVOICEITEM'and TABLE_SCHEMA='API_MAT'
Executing Snowflake query :: SELECT COLUMN_NAME FROM CURATED_DATAMART.INFORMATION_SCHEMA.COLUMNS WHERE TABLE_NAME='STR_API_INVOICEITEM'and TABLE_SCHEMA='ST_API_EANESHEATING'
Executing Snowflake query :: SELECT COLUMN_NAME FROM DEV_ENT_CURATED.INFORMATION_SCHEMA.COLUMNS WHERE TABLE_NAME='DIM_INVOICEITEM'and TABLE_SCHEMA='MASTER_DIMENSIONS'
Column names for RAW Table --> ST_API_INVOICEITEM :: [ALLOWDISCOUNTS, AUTOGLASSITEM_ID, HOURS, STANDARDPRICE, MODIFIEDON, PROJECTLABELS, SOLDBYCOMMISSION, ISINVENTORY, MARKUP, PAYSSOLDBYRATE, PROCUREDFROMESTIMATEITEM_ID, PROJECTORDER, SKU_ID, TECHNICIANSPLIT3, UNITPRICE, IMPORTID, LASTUNITPRICESETBYEMPLOYEE, SKUNAME, MEMBERSHIPWORKFLOWACTION, BASERATE1, BASERATE2, DATECREATED, EQUIPMENT_ID, ID, INVENTORYSTATUS, ITEMGROUPNAME, TECHNICIANFORBASERATE1_ID, QUANTITY, SOLDBY_ID, PARENTITEM_ID, SOLDHOURS, NOTAX, COST, CREATEDBY_ID, EXPORTID, ISADDON, ISOTTASK, CREATEDON, ISUNITPRICEMANUALLYSET, PAYSFLATAMOUNT, TECHNICIAN_ID, BASERATE3, CHARGEABLE, COMMISSIONBONUS, DESCRIPTION, TECHNICIANACKNOWLEDGEMENTSIGNATURE, INVENTORYLOCATION_ID, ORDER, SCHEDULEDFLATAMOUNT, SOURCETYPE, TECHNICIANSPLIT1, INVENTORYWAREHOUSENAME, ACCOUNT, ADDONFLATAMOUNT, PRICEMODIFIER_ID, SKUREFERENCE_SKUTYPE, TECHNICIANFORBASERATE3_ID, PAYTECHSPECIFICBONUS, TECHNICIANFORBASERATE2_ID, TECHNICIANSPLIT2, USEDMATERIAL_ID, ACTIVE, BONUS, COSTOFSALEACCOUNT_ID, GENERALLEDGERACCOUNT_ID, INVENTORYBATCH_ID, INVOICE_ID, PAYSCOMMISSION, SKUREFERENCE_SKUID, TAXABLE, TOTAL, BUSINESSUNIT_ID, DEDUCTASJOBCOST, DISPLAYINAMOUNT, ESTIMATEITEM_ID, ITEMGROUPROOT_ID, MEMBERPRICE, PROCUREDFROM_ID, SIGNATURE, TOTALCOST, CROSSSALEGROUP, WORKFLOWACTION_ID, TENANT_TYPE]
Column names for DataMart Table --> STR_API_INVOICEITEM :: [ACTIVE, AUTOGLASSITEM_ID, BASERATE3, EXPORTID, NOTAX, TOTAL, MARKUP, PROCUREMENTSOURCE_REQUISITIONITEMID, TENANT_TYPE, UNITPRICE, STANDARDPRICE, TECHNICIANFORBASERATE3_ID, PROCUREDFROMESTIMATEITEM_ID, ALLOWDISCOUNTS, CROSSSALEGROUP, DISPLAYINAMOUNT, ESTIMATEITEM_ID, MASTER_ID, PRICEMODIFIER_ID, PROJECTORDER, SKUNAME, TECHNICIAN_ID, PAYSCOMMISSION, PAYSFLATAMOUNT, TECHNICIANFORBASERATE1_ID, SIGNATURE, EQUIPMENT_ID, HOURS, INVENTORYBATCH_ID, PARENTITEM_ID, PROCUREMENTSOURCE_PURCHASEORDERITEMID, SKUREFERENCE_SKUID, IMPORTID, ISADDON, MODIFIEDON, SOLDBYCOMMISSION, DEDUCTASJOBCOST, ISINVENTORY, MEMBERPRICE, QUANTITY, RECORD_UPDATE_DATE, CREATEDBY_ID, ISOTTASK, MEMBERSHIPWORKFLOWACTION, PROJECTLABELS, RECORD_CREATE_DATE, TECHNICIANFORBASERATE2_ID, SOURCETYPE, WORKFLOWACTION_ID, USEDMATERIAL_ID, ACTIVE_FLAG, BUSINESSUNIT_ID, CHARGEABLE, COSTOFSALEACCOUNT_ID, PAYSSOLDBYRATE, PROCUREDFROM_ID, PROCUREMENTSOURCE_SOURCETYPE, PROCUREMENTSOURCE_ESTIMATEITEMID, COST, DATECREATED, BASERATE2, CREATEDON, ID, TECHNICIANSPLIT2, ISUNITPRICEMANUALLYSET, LASTUNITPRICESETBYEMPLOYEE, TAXABLE, TOTALCOST, TECHNICIANSPLIT1, SOLDBY_ID, ACCOUNT, BONUS, INVENTORYLOCATION_ID, INVOICE_ID, TECHNICIANSPLIT3, SKUREFERENCE_SKUTYPE, SKU_ID, TECHNICIANACKNOWLEDGEMENTSIGNATURE, SCHEDULEDFLATAMOUNT, ADDONFLATAMOUNT, BASERATE1, DESCRIPTION, GENERALLEDGERACCOUNT_ID, INVENTORYSTATUS, PAYTECHSPECIFICBONUS, COMMISSIONBONUS, INVENTORYWAREHOUSENAME, ITEMGROUPROOT_ID, ORDER, SOLDHOURS, ITEMGROUPNAME]
Column names for Curated Table --> DIM_INVOICEITEM :: [BASERATE2, COST, CROSSSALEGROUP, ISOTTASK, MEMBERPRICE, ORDER, QUANTITY, TOTALCOST, ISUNITPRICEMANUALLYSET, PARENTITEM_ID, PAYSSOLDBYRATE, PAYSCOMMISSION, GENERALLEDGERACCOUNT_ID, BASERATE1, INVENTORYBATCH_ID, INVOICE_ID, SKUREFERENCE_SKUID, BASERATE3, EXPORTID, ISINVENTORY, SKU_ID, INVENTORYSTATUS, SOLDHOURS, TECHNICIAN_ID, TECHNICIANFORBASERATE2_ID, ACCOUNT, ALLOWDISCOUNTS, COMMISSIONBONUS, CREATEDON, IMPORTID, ISADDON, PROCUREMENTSOURCE_SOURCETYPE, NOTAX, PROJECTLABELS, SOLDBY_ID, TECHNICIANFORBASERATE1_ID, TECHNICIANSPLIT1, PAYSFLATAMOUNT, UNITPRICE, BONUS, COSTOFSALEACCOUNT_ID, CREATEDBY_ID, DISPLAYINAMOUNT, PAYTECHSPECIFICBONUS, PRICEMODIFIER_ID, TECHNICIANACKNOWLEDGEMENTSIGNATURE, TECHNICIANSPLIT3, PROCUREMENTSOURCE_PURCHASEORDERITEMID, PROCUREMENTSOURCE_REQUISITIONITEMID, PROJECTORDER, DATECREATED, TECHNICIANFORBASERATE3_ID, ACTIVE, ADDONFLATAMOUNT, BUSINESSUNIT_ID, CHARGEABLE, EQUIPMENT_ID, INVENTORYLOCATION_ID, INVENTORYWAREHOUSENAME, ITEMGROUPNAME, ITEMGROUPROOT_ID, RECORD_UPDATE_DATE, MODIFIEDON, PROCUREDFROM_ID, SCHEDULEDFLATAMOUNT, PROCUREMENTSOURCE_ESTIMATEITEMID, TAXABLE, PROCUREDFROMESTIMATEITEM_ID, AUTOGLASSITEM_ID, HOURS, LASTUNITPRICESETBYEMPLOYEE, MARKUP, USEDMATERIAL_ID, MEMBERSHIPWORKFLOWACTION, SKUREFERENCE_SKUTYPE, SOLDBYCOMMISSION, SOURCETYPE, RECORD_UPDATED_BY, WORKFLOWACTION_ID, DEDUCTASJOBCOST, DESCRIPTION, ESTIMATEITEM_ID, STANDARDPRICE, TECHNICIANSPLIT2, TOTAL, ID, RECORD_CREATE_DATE, SIGNATURE, SKUNAME, TENANT_TYPE]
Column Name found in Datamart and Curated Table :: ALLOWDISCOUNTS
Column Name found in Datamart and Curated Table :: AUTOGLASSITEM_ID
Column Name found in Datamart and Curated Table :: HOURS
Column Name found in Datamart and Curated Table :: STANDARDPRICE
Column Name found in Datamart and Curated Table :: MODIFIEDON
Column Name found in Datamart and Curated Table :: PROJECTLABELS
Column Name found in Datamart and Curated Table :: SOLDBYCOMMISSION
Column Name found in Datamart and Curated Table :: ISINVENTORY
Column Name found in Datamart and Curated Table :: MARKUP
Column Name found in Datamart and Curated Table :: PAYSSOLDBYRATE
Column Name found in Datamart and Curated Table :: PROCUREDFROMESTIMATEITEM_ID
Column Name found in Datamart and Curated Table :: PROJECTORDER
Column Name found in Datamart and Curated Table :: SKU_ID
Column Name found in Datamart and Curated Table :: TECHNICIANSPLIT3
Column Name found in Datamart and Curated Table :: UNITPRICE
Column Name found in Datamart and Curated Table :: IMPORTID
Column Name found in Datamart and Curated Table :: LASTUNITPRICESETBYEMPLOYEE
Column Name found in Datamart and Curated Table :: SKUNAME
Column Name found in Datamart and Curated Table :: MEMBERSHIPWORKFLOWACTION
Column Name found in Datamart and Curated Table :: BASERATE1
Column Name found in Datamart and Curated Table :: BASERATE2
Column Name found in Datamart and Curated Table :: DATECREATED
Column Name found in Datamart and Curated Table :: EQUIPMENT_ID
Column Name found in Datamart and Curated Table :: ID
Column Name found in Datamart and Curated Table :: INVENTORYSTATUS
Column Name found in Datamart and Curated Table :: ITEMGROUPNAME
Column Name found in Datamart and Curated Table :: TECHNICIANFORBASERATE1_ID
Column Name found in Datamart and Curated Table :: QUANTITY
Column Name found in Datamart and Curated Table :: SOLDBY_ID
Column Name found in Datamart and Curated Table :: PARENTITEM_ID
Column Name found in Datamart and Curated Table :: SOLDHOURS
Column Name found in Datamart and Curated Table :: NOTAX
Column Name found in Datamart and Curated Table :: COST
Column Name found in Datamart and Curated Table :: CREATEDBY_ID
Column Name found in Datamart and Curated Table :: EXPORTID
Column Name found in Datamart and Curated Table :: ISADDON
Column Name found in Datamart and Curated Table :: ISOTTASK
Column Name found in Datamart and Curated Table :: CREATEDON
Column Name found in Datamart and Curated Table :: ISUNITPRICEMANUALLYSET
Column Name found in Datamart and Curated Table :: PAYSFLATAMOUNT
Column Name found in Datamart and Curated Table :: TECHNICIAN_ID
Column Name found in Datamart and Curated Table :: BASERATE3
Column Name found in Datamart and Curated Table :: CHARGEABLE
Column Name found in Datamart and Curated Table :: COMMISSIONBONUS
Column Name found in Datamart and Curated Table :: DESCRIPTION
Column Name found in Datamart and Curated Table :: TECHNICIANACKNOWLEDGEMENTSIGNATURE
Column Name found in Datamart and Curated Table :: INVENTORYLOCATION_ID
Column Name found in Datamart and Curated Table :: ORDER
Column Name found in Datamart and Curated Table :: SCHEDULEDFLATAMOUNT
Column Name found in Datamart and Curated Table :: SOURCETYPE
Column Name found in Datamart and Curated Table :: TECHNICIANSPLIT1
Column Name found in Datamart and Curated Table :: INVENTORYWAREHOUSENAME
Column Name found in Datamart and Curated Table :: ACCOUNT
Column Name found in Datamart and Curated Table :: ADDONFLATAMOUNT
Column Name found in Datamart and Curated Table :: PRICEMODIFIER_ID
Column Name found in Datamart and Curated Table :: SKUREFERENCE_SKUTYPE
Column Name found in Datamart and Curated Table :: TECHNICIANFORBASERATE3_ID
Column Name found in Datamart and Curated Table :: PAYTECHSPECIFICBONUS
Column Name found in Datamart and Curated Table :: TECHNICIANFORBASERATE2_ID
Column Name found in Datamart and Curated Table :: TECHNICIANSPLIT2
Column Name found in Datamart and Curated Table :: USEDMATERIAL_ID
Column Name found in Datamart and Curated Table :: ACTIVE
Column Name found in Datamart and Curated Table :: BONUS
Column Name found in Datamart and Curated Table :: COSTOFSALEACCOUNT_ID
Column Name found in Datamart and Curated Table :: GENERALLEDGERACCOUNT_ID
Column Name found in Datamart and Curated Table :: INVENTORYBATCH_ID
Column Name found in Datamart and Curated Table :: INVOICE_ID
Column Name found in Datamart and Curated Table :: PAYSCOMMISSION
Column Name found in Datamart and Curated Table :: SKUREFERENCE_SKUID
Column Name found in Datamart and Curated Table :: TAXABLE
Column Name found in Datamart and Curated Table :: TOTAL
Column Name found in Datamart and Curated Table :: BUSINESSUNIT_ID
Column Name found in Datamart and Curated Table :: DEDUCTASJOBCOST
Column Name found in Datamart and Curated Table :: DISPLAYINAMOUNT
Column Name found in Datamart and Curated Table :: ESTIMATEITEM_ID
Column Name found in Datamart and Curated Table :: ITEMGROUPROOT_ID
Column Name found in Datamart and Curated Table :: MEMBERPRICE
Column Name found in Datamart and Curated Table :: PROCUREDFROM_ID
Column Name found in Datamart and Curated Table :: SIGNATURE
Column Name found in Datamart and Curated Table :: TOTALCOST
Column Name found in Datamart and Curated Table :: CROSSSALEGROUP
Column Name found in Datamart and Curated Table :: WORKFLOWACTION_ID
Column Name found in Datamart and Curated Table :: TENANT_TYPE
Datamart tables contains additional column name like [ACTIVE_FLAG, RECORD_CREATE_DATE, RECORD_UPDATE_DATE, MASTER_ID]
Curated tables contains additional column name like [RECORD_CREATE_DATE, RECORD_UPDATE_DATE, RECORD_UPDATED_BY]]]>
  </system-out>
  <testcase classname="testcases.RAW_DATAMART_CURATED.SnowFlake_ColumnValidation_APITables" name="validateColumnName_BKP" time="2.037"/>
  <system-out>
    <![CDATA[Executing Snowflake query :: SELECT COLUMN_NAME FROM DEV_ENT_RAW.INFORMATION_SCHEMA.COLUMNS WHERE TABLE_NAME='ST_API_CONTACT'and TABLE_SCHEMA='API_MAT'
Executing Snowflake query :: SELECT COLUMN_NAME FROM CURATED_DATAMART.INFORMATION_SCHEMA.COLUMNS WHERE TABLE_NAME='STR_API_CONTACT'and TABLE_SCHEMA='ST_API_FOURPROS'
Executing Snowflake query :: SELECT COLUMN_NAME FROM DEV_ENT_CURATED.INFORMATION_SCHEMA.COLUMNS WHERE TABLE_NAME='DIM_CONTACT'and TABLE_SCHEMA='MASTER_DIMENSIONS'
Column names for RAW Table --> ST_API_CONTACT :: [OWNER_ID, VALUE, ACTIVE, MEMO, INVOICESTATEMENTNOTIFICATION, ID, TYPE, IMPORTID, MARKETINGUPDATESENABLED, CREATEDON, JOBREMINDERSENABLED, CREATEDBY_ID, MESSAGESENABLED, MODIFIEDON, REVERSEPHONE, TENANT_TYPE]
Column names for DataMart Table --> STR_API_CONTACT :: [MESSAGESENABLED, VALUE, MODIFIEDON, ACTIVE_FLAG, INVOICESTATEMENTNOTIFICATION, MEMO, TENANT_TYPE, ID, MARKETINGUPDATESENABLED, CREATEDON, MASTER_ID, IMPORTID, RECORD_CREATE_DATE, RECORD_UPDATE_DATE, TYPE, REVERSEPHONE, ACTIVE, CREATEDBY_ID, JOBREMINDERSENABLED, OWNER_ID]
Column names for Curated Table --> DIM_CONTACT :: [MESSAGESENABLED, MODIFIEDON, CREATEDON, MEMO, OWNER_ID, CREATEDBY_ID, MARKETINGUPDATESENABLED, REVERSEPHONE, ID, IMPORTID, JOBREMINDERSENABLED, INVOICESTATEMENTNOTIFICATION, RECORD_CREATE_DATE, RECORD_UPDATED_BY, TENANT_TYPE, ACTIVE, RECORD_UPDATE_DATE, VALUE, TYPE]
Column Name found in Datamart and Curated Table :: OWNER_ID
Column Name found in Datamart and Curated Table :: VALUE
Column Name found in Datamart and Curated Table :: ACTIVE
Column Name found in Datamart and Curated Table :: MEMO
Column Name found in Datamart and Curated Table :: INVOICESTATEMENTNOTIFICATION
Column Name found in Datamart and Curated Table :: ID
Column Name found in Datamart and Curated Table :: TYPE
Column Name found in Datamart and Curated Table :: IMPORTID
Column Name found in Datamart and Curated Table :: MARKETINGUPDATESENABLED
Column Name found in Datamart and Curated Table :: CREATEDON
Column Name found in Datamart and Curated Table :: JOBREMINDERSENABLED
Column Name found in Datamart and Curated Table :: CREATEDBY_ID
Column Name found in Datamart and Curated Table :: MESSAGESENABLED
Column Name found in Datamart and Curated Table :: MODIFIEDON
Column Name found in Datamart and Curated Table :: REVERSEPHONE
Column Name found in Datamart and Curated Table :: TENANT_TYPE
Datamart tables contains additional column name like [ACTIVE_FLAG, RECORD_CREATE_DATE, RECORD_UPDATE_DATE, MASTER_ID]
Curated tables contains additional column name like [RECORD_CREATE_DATE, RECORD_UPDATE_DATE, RECORD_UPDATED_BY]]]>
  </system-out>
  <testcase classname="testcases.RAW_DATAMART_CURATED.SnowFlake_ColumnValidation_APITables" name="validateColumnName_BKP" time="2.127"/>
  <system-out>
    <![CDATA[Executing Snowflake query :: SELECT COLUMN_NAME FROM DEV_ENT_RAW.INFORMATION_SCHEMA.COLUMNS WHERE TABLE_NAME='ST_API_PAYMENT'and TABLE_SCHEMA='API_MAT'
Executing Snowflake query :: SELECT COLUMN_NAME FROM CURATED_DATAMART.INFORMATION_SCHEMA.COLUMNS WHERE TABLE_NAME='STR_API_PAYMENT'and TABLE_SCHEMA='ST_API_EANESHEATING'
Executing Snowflake query :: SELECT COLUMN_NAME FROM DEV_ENT_CURATED.INFORMATION_SCHEMA.COLUMNS WHERE TABLE_NAME='DIM_PAYMENT'and TABLE_SCHEMA='MASTER_DIMENSIONS'
Column names for RAW Table --> ST_API_PAYMENT :: [AGREEMENTLANGUAGE, FINANCINGOPERATOR, TRANSACTIONSTATUS, INVOICE_ID, CHECKNUMBER, AMOUNT, SETTLEMENTDATE, PROJECT_ID, BUSINESSUNIT_ID, CREATEDBY_ID, CREATEDON, CREDITAVAILABLE, UNAPPLIEDAMOUNT, EXPORTID, AUTHORIZATIONSIGNATURE, BATCH_ID, DEFERREDINTEREST, EXTERNALID, METHOD, MEMO, STATUS, ACTIVE, CUSTOMER_ID, ESTIMATE_ID, NUMBER, SETTLEMENTSTATUS, SOURCE, STOREDPAYMENT_ID, ID, IMPORTID, PAIDON, MODIFIEDON, TYPE_ID, REFUNDEDAMOUNT, TRANSACTION, APPLIEDON, PAYMENTDATE, TENANT_TYPE]
Column names for DataMart Table --> STR_API_PAYMENT :: [MASTER_ID, SOURCE, RECORD_UPDATE_DATE, EXTERNALID, PROJECT_ID, PAIDON, EXPORTID, REFUNDEDAMOUNT, ACTIVE, AGREEMENTLANGUAGE, CHECKNUMBER, CREATEDON, INVOICE_ID, CREDITAVAILABLE, TRANSACTIONSTATUS, BUSINESSUNIT_ID, AUTHORIZATIONSIGNATURE, CREATEDBY_ID, CUSTOMER_ID, ID, NUMBER, TYPE_ID, TRANSACTION, ACTIVE_FLAG, AMOUNT, MEMO, APPLIEDON, BATCH_ID, IMPORTID, MODIFIEDON, SETTLEMENTDATE, STOREDPAYMENT_ID, DEFERREDINTEREST, ESTIMATE_ID, FINANCINGOPERATOR, METHOD, RECORD_CREATE_DATE, STATUS, UNAPPLIEDAMOUNT, PAYMENTDATE, SETTLEMENTSTATUS, TENANT_TYPE]
Column names for Curated Table --> DIM_PAYMENT :: [DEFERREDINTEREST, PAIDON, SOURCE, TENANT_TYPE, PAYMENTDATE, TYPE_ID, ACTIVE, INVOICE_ID, ESTIMATE_ID, UNAPPLIEDAMOUNT, STATUS, CREATEDBY_ID, CUSTOMER_ID, EXPORTID, IMPORTID, TRANSACTION, MEMO, RECORD_UPDATE_DATE, TRANSACTIONSTATUS, AMOUNT, AUTHORIZATIONSIGNATURE, CHECKNUMBER, MODIFIEDON, EXTERNALID, PROJECT_ID, APPLIEDON, BATCH_ID, CREATEDON, FINANCINGOPERATOR, ID, RECORD_UPDATED_BY, REFUNDEDAMOUNT, SETTLEMENTSTATUS, BUSINESSUNIT_ID, METHOD, AGREEMENTLANGUAGE, CREDITAVAILABLE, NUMBER, RECORD_CREATE_DATE, SETTLEMENTDATE, STOREDPAYMENT_ID]
Column Name found in Datamart and Curated Table :: AGREEMENTLANGUAGE
Column Name found in Datamart and Curated Table :: FINANCINGOPERATOR
Column Name found in Datamart and Curated Table :: TRANSACTIONSTATUS
Column Name found in Datamart and Curated Table :: INVOICE_ID
Column Name found in Datamart and Curated Table :: CHECKNUMBER
Column Name found in Datamart and Curated Table :: AMOUNT
Column Name found in Datamart and Curated Table :: SETTLEMENTDATE
Column Name found in Datamart and Curated Table :: PROJECT_ID
Column Name found in Datamart and Curated Table :: BUSINESSUNIT_ID
Column Name found in Datamart and Curated Table :: CREATEDBY_ID
Column Name found in Datamart and Curated Table :: CREATEDON
Column Name found in Datamart and Curated Table :: CREDITAVAILABLE
Column Name found in Datamart and Curated Table :: UNAPPLIEDAMOUNT
Column Name found in Datamart and Curated Table :: EXPORTID
Column Name found in Datamart and Curated Table :: AUTHORIZATIONSIGNATURE
Column Name found in Datamart and Curated Table :: BATCH_ID
Column Name found in Datamart and Curated Table :: DEFERREDINTEREST
Column Name found in Datamart and Curated Table :: EXTERNALID
Column Name found in Datamart and Curated Table :: METHOD
Column Name found in Datamart and Curated Table :: MEMO
Column Name found in Datamart and Curated Table :: STATUS
Column Name found in Datamart and Curated Table :: ACTIVE
Column Name found in Datamart and Curated Table :: CUSTOMER_ID
Column Name found in Datamart and Curated Table :: ESTIMATE_ID
Column Name found in Datamart and Curated Table :: NUMBER
Column Name found in Datamart and Curated Table :: SETTLEMENTSTATUS
Column Name found in Datamart and Curated Table :: SOURCE
Column Name found in Datamart and Curated Table :: STOREDPAYMENT_ID
Column Name found in Datamart and Curated Table :: ID
Column Name found in Datamart and Curated Table :: IMPORTID
Column Name found in Datamart and Curated Table :: PAIDON
Column Name found in Datamart and Curated Table :: MODIFIEDON
Column Name found in Datamart and Curated Table :: TYPE_ID
Column Name found in Datamart and Curated Table :: REFUNDEDAMOUNT
Column Name found in Datamart and Curated Table :: TRANSACTION
Column Name found in Datamart and Curated Table :: APPLIEDON
Column Name found in Datamart and Curated Table :: PAYMENTDATE
Column Name found in Datamart and Curated Table :: TENANT_TYPE
Datamart tables contains additional column name like [ACTIVE_FLAG, RECORD_CREATE_DATE, RECORD_UPDATE_DATE, MASTER_ID]
Curated tables contains additional column name like [RECORD_CREATE_DATE, RECORD_UPDATE_DATE, RECORD_UPDATED_BY]]]>
  </system-out>
  <testcase classname="testcases.RAW_DATAMART_CURATED.SnowFlake_ColumnValidation_APITables" name="validateColumnName_BKP" time="3.083"/>
  <system-out>
    <![CDATA[Executing Snowflake query :: SELECT COLUMN_NAME FROM DEV_ENT_RAW.INFORMATION_SCHEMA.COLUMNS WHERE TABLE_NAME='ST_API_CATEGORY'and TABLE_SCHEMA='API_MAT'
Executing Snowflake query :: SELECT COLUMN_NAME FROM CURATED_DATAMART.INFORMATION_SCHEMA.COLUMNS WHERE TABLE_NAME='STR_API_CATEGORY'and TABLE_SCHEMA='ST_API_HARP'
Executing Snowflake query :: SELECT COLUMN_NAME FROM DEV_ENT_CURATED.INFORMATION_SCHEMA.COLUMNS WHERE TABLE_NAME='DIM_CATEGORY'and TABLE_SCHEMA='MASTER_DIMENSIONS'
Column names for RAW Table --> ST_API_CATEGORY :: [SOURCEVERSION, SUPPLIERIMAGES, CREATEDBY_ID, CREATEDON, IMAGE, CATEGORYTYPE, HIDEINMOBILE, ID, IMPORTID, PARENT_ID, BUSINESSUNIT_ID, SOURCE, ACTIVE, AVALARACOMMERCIALTAXCODE, DESCRIPTION, AVALARARESIDENTIALTAXCODE, NAME, SKUIMAGES, POSITION, EXTERNALID, TENANT_TYPE]
Column names for DataMart Table --> STR_API_CATEGORY :: [CATEGORYTYPE, SUPPLIERIMAGES, ACTIVE_FLAG, PARENT_ID, SOURCEVERSION, ACTIVE, AVALARACOMMERCIALTAXCODE, CREATEDBY_ID, IMPORTID, AVALARARESIDENTIALTAXCODE, BUSINESSUNIT_ID, RECORD_CREATE_DATE, HIDEINMOBILE, NAME, SOURCE, TENANT_TYPE, POSITION, CREATEDON, IMAGE, MASTER_ID, RECORD_UPDATE_DATE, DESCRIPTION, EXTERNALID, ID, SKUIMAGES]
Column names for Curated Table --> DIM_CATEGORY :: [AVALARARESIDENTIALTAXCODE, POSITION, SOURCEVERSION, IMAGE, ACTIVE, IMPORTID, NAME, SKUIMAGES, CREATEDBY_ID, PARENT_ID, SOURCE, DESCRIPTION, EXTERNALID, SUPPLIERIMAGES, AVALARACOMMERCIALTAXCODE, BUSINESSUNIT_ID, CATEGORYTYPE, ID, RECORD_UPDATE_DATE, TENANT_TYPE, RECORD_UPDATED_BY, CREATEDON, HIDEINMOBILE, RECORD_CREATE_DATE]
Column Name found in Datamart and Curated Table :: SOURCEVERSION
Column Name found in Datamart and Curated Table :: SUPPLIERIMAGES
Column Name found in Datamart and Curated Table :: CREATEDBY_ID
Column Name found in Datamart and Curated Table :: CREATEDON
Column Name found in Datamart and Curated Table :: IMAGE
Column Name found in Datamart and Curated Table :: CATEGORYTYPE
Column Name found in Datamart and Curated Table :: HIDEINMOBILE
Column Name found in Datamart and Curated Table :: ID
Column Name found in Datamart and Curated Table :: IMPORTID
Column Name found in Datamart and Curated Table :: PARENT_ID
Column Name found in Datamart and Curated Table :: BUSINESSUNIT_ID
Column Name found in Datamart and Curated Table :: SOURCE
Column Name found in Datamart and Curated Table :: ACTIVE
Column Name found in Datamart and Curated Table :: AVALARACOMMERCIALTAXCODE
Column Name found in Datamart and Curated Table :: DESCRIPTION
Column Name found in Datamart and Curated Table :: AVALARARESIDENTIALTAXCODE
Column Name found in Datamart and Curated Table :: NAME
Column Name found in Datamart and Curated Table :: SKUIMAGES
Column Name found in Datamart and Curated Table :: POSITION
Column Name found in Datamart and Curated Table :: EXTERNALID
Column Name found in Datamart and Curated Table :: TENANT_TYPE
Datamart tables contains additional column name like [ACTIVE_FLAG, RECORD_CREATE_DATE, RECORD_UPDATE_DATE, MASTER_ID]
Curated tables contains additional column name like [RECORD_CREATE_DATE, RECORD_UPDATE_DATE, RECORD_UPDATED_BY]]]>
  </system-out>
  <testcase classname="testcases.RAW_DATAMART_CURATED.SnowFlake_ColumnValidation_APITables" name="validateColumnName_BKP" time="2.657"/>
  <system-out>
    <![CDATA[Executing Snowflake query :: SELECT COLUMN_NAME FROM DEV_ENT_RAW.INFORMATION_SCHEMA.COLUMNS WHERE TABLE_NAME='ST_API_ZONE'and TABLE_SCHEMA='API_MAT'
Executing Snowflake query :: SELECT COLUMN_NAME FROM CURATED_DATAMART.INFORMATION_SCHEMA.COLUMNS WHERE TABLE_NAME='STR_API_ZONE'and TABLE_SCHEMA='ST_API_MAITZ'
Executing Snowflake query :: SELECT COLUMN_NAME FROM DEV_ENT_CURATED.INFORMATION_SCHEMA.COLUMNS WHERE TABLE_NAME='DIM_ZONE'and TABLE_SCHEMA='MASTER_DIMENSIONS'
Column names for RAW Table --> ST_API_ZONE :: [LOCNNUMBERS, MODIFIEDON, CREATEDON, COLOR, ID, SERVICEDAYSENABLED, CREATEDBY_ID, IMPORTID, ACTIVE, NAME, TERRITORYNUMBERS, CITIES, SERVICEDAYS, ZIPS, MAXDRIVETIMEADJUSTMENT, TENANT_TYPE]
Column names for DataMart Table --> STR_API_ZONE :: [MAXDRIVETIMEADJUSTMENT, RECORD_UPDATE_DATE, TENANT_TYPE, NAME, RECORD_CREATE_DATE, ID, IMPORTID, MASTER_ID, ACTIVE, LOCNNUMBERS, SERVICEDAYS, ACTIVE_FLAG, CITIES, MODIFIEDON, TERRITORYNUMBERS, COLOR, CREATEDBY_ID, CREATEDON, ZIPS, SERVICEDAYSENABLED]
Column names for Curated Table --> DIM_ZONE :: [CREATEDON, ID, ZIPS, CITIES, IMPORTID, LOCNNUMBERS, MODIFIEDON, NAME, SERVICEDAYS, TENANT_TYPE, MAXDRIVETIMEADJUSTMENT, TERRITORYNUMBERS, RECORD_CREATE_DATE, ACTIVE, CREATEDBY_ID, SERVICEDAYSENABLED, RECORD_UPDATE_DATE, COLOR, RECORD_UPDATED_BY]
Column Name found in Datamart and Curated Table :: LOCNNUMBERS
Column Name found in Datamart and Curated Table :: MODIFIEDON
Column Name found in Datamart and Curated Table :: CREATEDON
Column Name found in Datamart and Curated Table :: COLOR
Column Name found in Datamart and Curated Table :: ID
Column Name found in Datamart and Curated Table :: SERVICEDAYSENABLED
Column Name found in Datamart and Curated Table :: CREATEDBY_ID
Column Name found in Datamart and Curated Table :: IMPORTID
Column Name found in Datamart and Curated Table :: ACTIVE
Column Name found in Datamart and Curated Table :: NAME
Column Name found in Datamart and Curated Table :: TERRITORYNUMBERS
Column Name found in Datamart and Curated Table :: CITIES
Column Name found in Datamart and Curated Table :: SERVICEDAYS
Column Name found in Datamart and Curated Table :: ZIPS
Column Name found in Datamart and Curated Table :: MAXDRIVETIMEADJUSTMENT
Column Name found in Datamart and Curated Table :: TENANT_TYPE
Datamart tables contains additional column name like [ACTIVE_FLAG, RECORD_CREATE_DATE, RECORD_UPDATE_DATE, MASTER_ID]
Curated tables contains additional column name like [RECORD_CREATE_DATE, RECORD_UPDATE_DATE, RECORD_UPDATED_BY]]]>
  </system-out>
  <testcase classname="testcases.RAW_DATAMART_CURATED.SnowFlake_ColumnValidation_APITables" name="validateColumnName_BKP" time="2.229"/>
  <system-out>
    <![CDATA[Executing Snowflake query :: SELECT COLUMN_NAME FROM DEV_ENT_RAW.INFORMATION_SCHEMA.COLUMNS WHERE TABLE_NAME='ST_API_TAGTYPE'and TABLE_SCHEMA='API_MAT'
Executing Snowflake query :: SELECT COLUMN_NAME FROM CURATED_DATAMART.INFORMATION_SCHEMA.COLUMNS WHERE TABLE_NAME='STR_API_TAGTYPE'and TABLE_SCHEMA='ST_API_HENDERSON'
Executing Snowflake query :: SELECT COLUMN_NAME FROM DEV_ENT_CURATED.INFORMATION_SCHEMA.COLUMNS WHERE TABLE_NAME='DIM_TAGTYPE'and TABLE_SCHEMA='MASTER_DIMENSIONS'
Column names for RAW Table --> ST_API_TAGTYPE :: [ID, ISVISIBLEONDISPATCHBOARD, CODE, COLOR, ISALWAYSVISIBLE, ACTIVE, MODIFIEDON, CREATEDON, IMPORTANCE, FONTCOLOR, ISCONVERSIONOPPORTUNITY, NAME, CREATEDBY_ID, IMPORTID, PROJECTEDVALUEADJUSTMENT, TENANT_TYPE]
Column names for DataMart Table --> STR_API_TAGTYPE :: [ACTIVE_FLAG, CREATEDBY_ID, CREATEDON, FONTCOLOR, NAME, IMPORTID, ISVISIBLEONDISPATCHBOARD, RECORD_UPDATE_DATE, ACTIVE, CODE, COLOR, ISCONVERSIONOPPORTUNITY, PROJECTEDVALUEADJUSTMENT, TENANT_TYPE, MASTER_ID, RECORD_CREATE_DATE, IMPORTANCE, ID, ISALWAYSVISIBLE, MODIFIEDON]
Column names for Curated Table --> DIM_TAGTYPE :: [ACTIVE, CODE, FONTCOLOR, IMPORTANCE, TENANT_TYPE, NAME, CREATEDBY_ID, ID, MODIFIEDON, RECORD_UPDATED_BY, COLOR, CREATEDON, RECORD_UPDATE_DATE, ISCONVERSIONOPPORTUNITY, PROJECTEDVALUEADJUSTMENT, RECORD_CREATE_DATE, ISALWAYSVISIBLE, IMPORTID, ISVISIBLEONDISPATCHBOARD]
Column Name found in Datamart and Curated Table :: ID
Column Name found in Datamart and Curated Table :: ISVISIBLEONDISPATCHBOARD
Column Name found in Datamart and Curated Table :: CODE
Column Name found in Datamart and Curated Table :: COLOR
Column Name found in Datamart and Curated Table :: ISALWAYSVISIBLE
Column Name found in Datamart and Curated Table :: ACTIVE
Column Name found in Datamart and Curated Table :: MODIFIEDON
Column Name found in Datamart and Curated Table :: CREATEDON
Column Name found in Datamart and Curated Table :: IMPORTANCE
Column Name found in Datamart and Curated Table :: FONTCOLOR
Column Name found in Datamart and Curated Table :: ISCONVERSIONOPPORTUNITY
Column Name found in Datamart and Curated Table :: NAME
Column Name found in Datamart and Curated Table :: CREATEDBY_ID
Column Name found in Datamart and Curated Table :: IMPORTID
Column Name found in Datamart and Curated Table :: PROJECTEDVALUEADJUSTMENT
Column Name found in Datamart and Curated Table :: TENANT_TYPE
Datamart tables contains additional column name like [ACTIVE_FLAG, RECORD_CREATE_DATE, RECORD_UPDATE_DATE, MASTER_ID]
Curated tables contains additional column name like [RECORD_CREATE_DATE, RECORD_UPDATE_DATE, RECORD_UPDATED_BY]]]>
  </system-out>
  <testcase classname="testcases.RAW_DATAMART_CURATED.SnowFlake_ColumnValidation_APITables" name="validateColumnName_BKP" time="3.401"/>
  <system-out>
    <![CDATA[Executing Snowflake query :: SELECT COLUMN_NAME FROM DEV_ENT_RAW.INFORMATION_SCHEMA.COLUMNS WHERE TABLE_NAME='ST_API_BUSINESSUNIT'and TABLE_SCHEMA='API_MAT'
Executing Snowflake query :: SELECT COLUMN_NAME FROM CURATED_DATAMART.INFORMATION_SCHEMA.COLUMNS WHERE TABLE_NAME='STR_API_BUSINESSUNIT'and TABLE_SCHEMA='ST_API_BILLFENWICK'
Executing Snowflake query :: SELECT COLUMN_NAME FROM DEV_ENT_CURATED.INFORMATION_SCHEMA.COLUMNS WHERE TABLE_NAME='DIM_BUSINESSUNIT'and TABLE_SCHEMA='MASTER_DIMENSIONS'
Column names for RAW Table --> ST_API_BUSINESSUNIT :: [ADDRESS_ZIP, CORPORATECONTRACTNUMBER, CREDITCARDPROCESSORLOGIN, DATA, FRANCHISEEINFO_NAME, FRANCHISEEINFO_TRUCKSOPERATING, INVOICEHEADER, MATERIALSKUREFERENCE_SKUTYPE, OFFERWORKERSCOMPENSATION, PAYROLLIDLETIMEDOUBLEOVERTIMEPAYCODE_ID, CREATEDBY_ID, FRANCHISEEINFO_COMMENTS, INSURANCECOMPANYPHONE, MATERIALSKU_ID, PAYROLLFLATFEEMINIMUM, SERVICEFINANCEDEALERNAME, PAYROLLSOLDBYPAYCODE, CONSTRUCTION, INSURANCECOMPANYNAME, ENABLEWORKORDERS, FINANCEITACCOUNTEMAIL, PAYROLLTYPE, PHONENUMBER, POSTDATE, TRADE_ID, WORLDPAYSUBID, PAYROLLJOBHOURSSTANDARDPAYCODE_ID, PAYROLLTASKBONUSPAYCODE, PAYROLLJOBHOURSOTPAYCODE, ACTIVATIONLOCKED, ADDRESS_STATE, COMMISSIONCALCULATION, OFFERCOMMERCIALGENERALLIABILITY, PAYROLLTASKBONUSPAYCODENEW, ADDRESS_STREET, JOBBOOKEDALERTRECIPIENTS, MINIMUMROYALTYFEE, QUICKBOOKSROOTSALESACCOUNT, TURNSCONTRACTORID, FRANCHISEEINFO_PIVOTALNUMBER, MEALAPPOINTMENT_ID, NOCHARGECOMMERCIAL, PAYROLLPERCENTAGEFEEMINIMUM, PAYROLLTURNOVERBONUSPAYCODENEW, ADDRESS_ISMILITARY, CURRENCY, OVERTIMEMODE, ADDRESS_LATITUDE, BANKACCOUNTPROCESSOR_ID, DIVISIONNAME, FINANCEITPARTNERID, MODIFIEDON, PAYMENTPROCESSOR, QUICKBOOKSCLASS, SERVICEFINANCEDEALERID, WORLDPAYACCOUNTID, AUTHORIZATIONAGREEMENT_ORIGINALFILENAME, CREATEDON, DIVISION_ID, ENABLEWORKORDERSEQUIPMENTFORMATTING, ESTIMATEAUTHORIZATIONPARAGRAPH, HIDEPRICES, NAME, NAVISIONOVERTIMEEARNINGCODE, NOCHARGE, PAYMENTOPTIONS, PAYROLLSOLDBYPAYCODENEW, PAYROLLTURNOVERBONUSPAYCODE, PAYROLLIDLETIMESTANDARDPAYCODE_ID, THREEDAYCANCELATIONPARAGRAPH, PAYROLLWEIGHTEDOVERTIMEPAYCODE_ID, AUTHORIZATIONPARAGRAPH, ACKNOWLEDGEMENTAGREEMENT_FILENAME, ADDRESS_CITY, ADDRESS_ISMANUALCOORDINATES, ADDRESS_UNIT, CALIFORNIACOMPLIANTCONTRACTDOCUMENTS, EMAIL, IMPORTID, ADDRESS_LONGITUDE, GOAL, OFFICIALNAME, PAYROLLFLATFEE, PAYROLLIDLETIMEOVERTIMEPAYCODE_ID, PAYROLLJOBHOURSDOUBLEOVERTIMEPAYCODE_ID, QUICKBOOKSOAUTHSETTINGS, PAYROLLCOSTMARKUP, TGLBONUS, PAYROLLIDLETIMESTPAYCODE, ACTIVE, ACKNOWLEDGEMENTAGREEMENT_ORIGINALFILENAME, ADDRESS_COUNTRY, AUTHORIZATIONAGREEMENT_FILENAME, CREDITCARDPROCESSORKEY, CREDITCARDPROCESSOR_ID, FINANCEITAUTHTOKEN, FRANCHISEEINFO_CONTRACT, INVOICEMESSAGE, NAVISIONSTANDARDTIMEEARNINGCODE, PAYROLLEXPENSEDEDUCTIONTRIGGER, PAYROLLIDLETIMEOTPAYCODE, PAYROLLWEIGHTEDOTPAYCODE, DEFAULTTAXRATE, ID, PAYROLLPERCENTAGEFEE, PAYROLLJOBHOURSOVERTIMEPAYCODE_ID, WARRANTYRATE, GREENSKYMERCHANTID, PAYROLLJOBHOURSSTPAYCODE, LOGO, NAVISIONGLCODE, SELLERFEE, ACKNOWLEDGEMENTPARAGRAPH, EXTERNALID, HVACDASHBOARDSECTIONS, INTACCTENTITY_ID, FRANCHISEEINFO_GST, LICENSENUMBER, NOCHARGERESIDENTIAL, INTEGRATEDREFUNDS_ID, MATERIALSKUREFERENCE_SKUID, TURNOVERMINIMUMTHRESHOLD, PAYROLLINVOICEBONUSPAYCODE_ID, WORLDPAYMERCHANTPIN, TENANT_TYPE]
Column names for DataMart Table --> STR_API_BUSINESSUNIT :: [ADDRESS_UNIT, BCCEMAIL, CREATEDON, DEFAULTTAXRATE, MATERIALSKUREFERENCE_SKUTYPE, PAYMENTOPTIONS, PAYMENTPROCESSOR, AUTHORIZATIONAGREEMENT_FILENAME, CURRENCY, EMAIL, INVOICEHEADER, MINIMUMROYALTYFEE, NAVISIONSTANDARDTIMEEARNINGCODE, PAYROLLIDLETIMEOVERTIMEPAYCODE_ID, INVOICEMESSAGE, QUICKBOOKSCLASS, ADDRESS_LONGITUDE, ACKNOWLEDGEMENTAGREEMENT_FILENAME, ACTIVE_FLAG, FRANCHISEEINFO_NAME, INSURANCECOMPANYPHONE, LICENSENUMBER, NOCHARGECOMMERCIAL, PAYROLLTURNOVERBONUSPAYCODE, POSTDATE, WORLDPAYSUBID, QUICKBOOKSROOTSALESACCOUNT, ACTIVE, ADDRESS_STATE, CORPORATECONTRACTNUMBER, GOAL, HVACDASHBOARDSECTIONS, MODIFIEDON, PAYROLLEXPENSEDEDUCTIONTRIGGER, AUTHORIZATIONAGREEMENT_ORIGINALFILENAME, IMPORTID, MEALAPPOINTMENT_ID, PAYROLLINVOICEBONUSPAYCODE_ID, PAYROLLPERCENTAGEFEE, RECORD_UPDATE_DATE, TENANT_TYPE, WORLDPAYACCOUNTID, MATERIALSKU_ID, NOCHARGERESIDENTIAL, ACKNOWLEDGEMENTPARAGRAPH, ACTIVATIONLOCKED, BANKACCOUNTPROCESSOR_ID, CALIFORNIACOMPLIANTCONTRACTDOCUMENTS, ENABLEWORKORDERS, FINANCEITAUTHTOKEN, INTEGRATEDREFUNDS_ID, LOGO, WARRANTYRATE, FRANCHISEEINFO_GST, NAVISIONOVERTIMEEARNINGCODE, OFFERWORKERSCOMPENSATION, SELLERFEE, TRADE_ID, NOCHARGE, SERVICEFINANCEDEALERNAME, PAYROLLIDLETIMESTANDARDPAYCODE_ID, PAYROLLJOBHOURSDOUBLEOVERTIMEPAYCODE_ID, ADDRESS_COUNTRY, ADDRESS_ZIP, COMMISSIONCALCULATION, DIVISION_ID, ESTIMATEAUTHORIZATIONPARAGRAPH, FINANCEITPARTNERID, FRANCHISEEINFO_TRUCKSOPERATING, INSURANCECOMPANYNAME, NAVISIONGLCODE, PAYROLLTASKBONUSPAYCODENEW, CREDITCARDPROCESSOR_ID, JOBBOOKEDALERTRECIPIENTS, PAYROLLCOSTMARKUP, PAYROLLFLATFEE, PAYROLLIDLETIMEDOUBLEOVERTIMEPAYCODE_ID, PAYROLLSOLDBYPAYCODE, PAYROLLTYPE, TURNOVERMINIMUMTHRESHOLD, PHONENUMBER, ADDRESS_ISMANUALCOORDINATES, ADDRESS_CITY, ADDRESS_ISMILITARY, ADDRESS_STREET, CREDITCARDPROCESSORKEY, MASTER_ID, QUICKBOOKSOAUTHSETTINGS, CONSTRUCTION, OFFERCOMMERCIALGENERALLIABILITY, PAYROLLPERCENTAGEFEEMINIMUM, PAYROLLTASKBONUSPAYCODE, PAYROLLWEIGHTEDOTPAYCODE, RECORD_CREATE_DATE, HIDEPRICES, PAYROLLJOBHOURSOVERTIMEPAYCODE_ID, ACKNOWLEDGEMENTAGREEMENT_ORIGINALFILENAME, ADDRESS_LATITUDE, AUTHORIZATIONPARAGRAPH, DIVISIONNAME, ENABLEWORKORDERSEQUIPMENTFORMATTING, NAME, PAYROLLTURNOVERBONUSPAYCODENEW, CREATEDBY_ID, FINANCEITACCOUNTEMAIL, FRANCHISEEINFO_COMMENTS, INTACCTENTITY_ID, MATERIALSKUREFERENCE_SKUID, PAYROLLFLATFEEMINIMUM, SERVICEFINANCEDEALERID, TGLBONUS, TURNSCONTRACTORID, WORLDPAYMERCHANTPIN, PAYROLLJOBHOURSSTPAYCODE, PAYROLLIDLETIMESTPAYCODE, PAYROLLWEIGHTEDOVERTIMEPAYCODE_ID, EXTERNALID, FRANCHISEEINFO_CONTRACT, OVERTIMEMODE, PAYROLLJOBHOURSSTANDARDPAYCODE_ID, THREEDAYCANCELATIONPARAGRAPH, CREDITCARDPROCESSORLOGIN, DATA, FRANCHISEEINFO_PIVOTALNUMBER, GREENSKYMERCHANTID, ID, OFFICIALNAME, PAYROLLJOBHOURSOTPAYCODE, PAYROLLSOLDBYPAYCODENEW, PAYROLLIDLETIMEOTPAYCODE]
Column names for Curated Table --> DIM_BUSINESSUNIT :: [ADDRESS_COUNTRY, ADDRESS_STREET, BANKACCOUNTPROCESSOR_ID, MEALAPPOINTMENT_ID, CREATEDBY_ID, DIVISION_ID, OFFERCOMMERCIALGENERALLIABILITY, PAYMENTPROCESSOR, PAYROLLJOBHOURSSTANDARDPAYCODE_ID, PAYROLLSOLDBYPAYCODE, TGLBONUS, NAME, PAYROLLCOSTMARKUP, PAYROLLJOBHOURSDOUBLEOVERTIMEPAYCODE_ID, LICENSENUMBER, LOGO, OVERTIMEMODE, ACKNOWLEDGEMENTAGREEMENT_ORIGINALFILENAME, AUTHORIZATIONPARAGRAPH, FINANCEITPARTNERID, WARRANTYRATE, FINANCEITACCOUNTEMAIL, PAYROLLTYPE, QUICKBOOKSCLASS, QUICKBOOKSOAUTHSETTINGS, GREENSKYMERCHANTID, CREDITCARDPROCESSORKEY, CREDITCARDPROCESSORLOGIN, CREDITCARDPROCESSOR_ID, DEFAULTTAXRATE, FRANCHISEEINFO_COMMENTS, HVACDASHBOARDSECTIONS, MODIFIEDON, WORLDPAYACCOUNTID, PAYROLLIDLETIMEDOUBLEOVERTIMEPAYCODE_ID, TENANT_TYPE, FRANCHISEEINFO_GST, RECORD_CREATE_DATE, NOCHARGE, PAYMENTOPTIONS, PAYROLLPERCENTAGEFEE, PAYROLLSOLDBYPAYCODENEW, ADDRESS_LONGITUDE, ADDRESS_ZIP, CREATEDON, INTEGRATEDREFUNDS_ID, JOBBOOKEDALERTRECIPIENTS, NAVISIONOVERTIMEEARNINGCODE, PAYROLLINVOICEBONUSPAYCODE_ID, ACTIVE, ADDRESS_STATE, AUTHORIZATIONAGREEMENT_ORIGINALFILENAME, ENABLEWORKORDERS, MATERIALSKU_ID, NAVISIONSTANDARDTIMEEARNINGCODE, PAYROLLJOBHOURSSTPAYCODE, POSTDATE, ADDRESS_ISMILITARY, ADDRESS_LATITUDE, ADDRESS_UNIT, CALIFORNIACOMPLIANTCONTRACTDOCUMENTS, ENABLEWORKORDERSEQUIPMENTFORMATTING, HIDEPRICES, INVOICEHEADER, COMMISSIONCALCULATION, EMAIL, FRANCHISEEINFO_TRUCKSOPERATING, PAYROLLIDLETIMESTANDARDPAYCODE_ID, PAYROLLIDLETIMESTPAYCODE, TRADE_ID, AUTHORIZATIONAGREEMENT_FILENAME, SERVICEFINANCEDEALERID, WORLDPAYMERCHANTPIN, BCCEMAIL, OFFERWORKERSCOMPENSATION, NAVISIONGLCODE, WORLDPAYSUBID, ACKNOWLEDGEMENTAGREEMENT_FILENAME, ACTIVATIONLOCKED, DIVISIONNAME, FINANCEITAUTHTOKEN, FRANCHISEEINFO_PIVOTALNUMBER, INSURANCECOMPANYNAME, PAYROLLWEIGHTEDOVERTIMEPAYCODE_ID, TURNSCONTRACTORID, FRANCHISEEINFO_NAME, MINIMUMROYALTYFEE, PAYROLLEXPENSEDEDUCTIONTRIGGER, PAYROLLPERCENTAGEFEEMINIMUM, RECORD_UPDATED_BY, SERVICEFINANCEDEALERNAME, ESTIMATEAUTHORIZATIONPARAGRAPH, TURNOVERMINIMUMTHRESHOLD, PAYROLLIDLETIMEOVERTIMEPAYCODE_ID, RECORD_UPDATE_DATE, ACKNOWLEDGEMENTPARAGRAPH, ADDRESS_ISMANUALCOORDINATES, INVOICEMESSAGE, MATERIALSKUREFERENCE_SKUID, MATERIALSKUREFERENCE_SKUTYPE, PAYROLLIDLETIMEOTPAYCODE, PAYROLLJOBHOURSOTPAYCODE, PAYROLLJOBHOURSOVERTIMEPAYCODE_ID, CONSTRUCTION, CORPORATECONTRACTNUMBER, DATA, NOCHARGECOMMERCIAL, NOCHARGERESIDENTIAL, PAYROLLTASKBONUSPAYCODE, PAYROLLTASKBONUSPAYCODENEW, QUICKBOOKSROOTSALESACCOUNT, ID, PAYROLLTURNOVERBONUSPAYCODENEW, ADDRESS_CITY, CURRENCY, GOAL, IMPORTID, INSURANCECOMPANYPHONE, PAYROLLTURNOVERBONUSPAYCODE, OFFICIALNAME, PAYROLLFLATFEE, PHONENUMBER, SELLERFEE, THREEDAYCANCELATIONPARAGRAPH, FRANCHISEEINFO_CONTRACT, PAYROLLFLATFEEMINIMUM, PAYROLLWEIGHTEDOTPAYCODE, INTACCTENTITY_ID, EXTERNALID]
Column Name found in Datamart and Curated Table :: ADDRESS_ZIP
Column Name found in Datamart and Curated Table :: CORPORATECONTRACTNUMBER
Column Name found in Datamart and Curated Table :: CREDITCARDPROCESSORLOGIN
Column Name found in Datamart and Curated Table :: DATA
Column Name found in Datamart and Curated Table :: FRANCHISEEINFO_NAME
Column Name found in Datamart and Curated Table :: FRANCHISEEINFO_TRUCKSOPERATING
Column Name found in Datamart and Curated Table :: INVOICEHEADER
Column Name found in Datamart and Curated Table :: MATERIALSKUREFERENCE_SKUTYPE
Column Name found in Datamart and Curated Table :: OFFERWORKERSCOMPENSATION
Column Name found in Datamart and Curated Table :: PAYROLLIDLETIMEDOUBLEOVERTIMEPAYCODE_ID
Column Name found in Datamart and Curated Table :: CREATEDBY_ID
Column Name found in Datamart and Curated Table :: FRANCHISEEINFO_COMMENTS
Column Name found in Datamart and Curated Table :: INSURANCECOMPANYPHONE
Column Name found in Datamart and Curated Table :: MATERIALSKU_ID
Column Name found in Datamart and Curated Table :: PAYROLLFLATFEEMINIMUM
Column Name found in Datamart and Curated Table :: SERVICEFINANCEDEALERNAME
Column Name found in Datamart and Curated Table :: PAYROLLSOLDBYPAYCODE
Column Name found in Datamart and Curated Table :: CONSTRUCTION
Column Name found in Datamart and Curated Table :: INSURANCECOMPANYNAME
Column Name found in Datamart and Curated Table :: ENABLEWORKORDERS
Column Name found in Datamart and Curated Table :: FINANCEITACCOUNTEMAIL
Column Name found in Datamart and Curated Table :: PAYROLLTYPE
Column Name found in Datamart and Curated Table :: PHONENUMBER
Column Name found in Datamart and Curated Table :: POSTDATE
Column Name found in Datamart and Curated Table :: TRADE_ID
Column Name found in Datamart and Curated Table :: WORLDPAYSUBID
Column Name found in Datamart and Curated Table :: PAYROLLJOBHOURSSTANDARDPAYCODE_ID
Column Name found in Datamart and Curated Table :: PAYROLLTASKBONUSPAYCODE
Column Name found in Datamart and Curated Table :: PAYROLLJOBHOURSOTPAYCODE
Column Name found in Datamart and Curated Table :: ACTIVATIONLOCKED
Column Name found in Datamart and Curated Table :: ADDRESS_STATE
Column Name found in Datamart and Curated Table :: COMMISSIONCALCULATION
Column Name found in Datamart and Curated Table :: OFFERCOMMERCIALGENERALLIABILITY
Column Name found in Datamart and Curated Table :: PAYROLLTASKBONUSPAYCODENEW
Column Name found in Datamart and Curated Table :: ADDRESS_STREET
Column Name found in Datamart and Curated Table :: JOBBOOKEDALERTRECIPIENTS
Column Name found in Datamart and Curated Table :: MINIMUMROYALTYFEE
Column Name found in Datamart and Curated Table :: QUICKBOOKSROOTSALESACCOUNT
Column Name found in Datamart and Curated Table :: TURNSCONTRACTORID
Column Name found in Datamart and Curated Table :: FRANCHISEEINFO_PIVOTALNUMBER
Column Name found in Datamart and Curated Table :: MEALAPPOINTMENT_ID
Column Name found in Datamart and Curated Table :: NOCHARGECOMMERCIAL
Column Name found in Datamart and Curated Table :: PAYROLLPERCENTAGEFEEMINIMUM
Column Name found in Datamart and Curated Table :: PAYROLLTURNOVERBONUSPAYCODENEW
Column Name found in Datamart and Curated Table :: ADDRESS_ISMILITARY
Column Name found in Datamart and Curated Table :: CURRENCY
Column Name found in Datamart and Curated Table :: OVERTIMEMODE
Column Name found in Datamart and Curated Table :: ADDRESS_LATITUDE
Column Name found in Datamart and Curated Table :: BANKACCOUNTPROCESSOR_ID
Column Name found in Datamart and Curated Table :: DIVISIONNAME
Column Name found in Datamart and Curated Table :: FINANCEITPARTNERID
Column Name found in Datamart and Curated Table :: MODIFIEDON
Column Name found in Datamart and Curated Table :: PAYMENTPROCESSOR
Column Name found in Datamart and Curated Table :: QUICKBOOKSCLASS
Column Name found in Datamart and Curated Table :: SERVICEFINANCEDEALERID
Column Name found in Datamart and Curated Table :: WORLDPAYACCOUNTID
Column Name found in Datamart and Curated Table :: AUTHORIZATIONAGREEMENT_ORIGINALFILENAME
Column Name found in Datamart and Curated Table :: CREATEDON
Column Name found in Datamart and Curated Table :: DIVISION_ID
Column Name found in Datamart and Curated Table :: ENABLEWORKORDERSEQUIPMENTFORMATTING
Column Name found in Datamart and Curated Table :: ESTIMATEAUTHORIZATIONPARAGRAPH
Column Name found in Datamart and Curated Table :: HIDEPRICES
Column Name found in Datamart and Curated Table :: NAME
Column Name found in Datamart and Curated Table :: NAVISIONOVERTIMEEARNINGCODE
Column Name found in Datamart and Curated Table :: NOCHARGE
Column Name found in Datamart and Curated Table :: PAYMENTOPTIONS
Column Name found in Datamart and Curated Table :: PAYROLLSOLDBYPAYCODENEW
Column Name found in Datamart and Curated Table :: PAYROLLTURNOVERBONUSPAYCODE
Column Name found in Datamart and Curated Table :: PAYROLLIDLETIMESTANDARDPAYCODE_ID
Column Name found in Datamart and Curated Table :: THREEDAYCANCELATIONPARAGRAPH
Column Name found in Datamart and Curated Table :: PAYROLLWEIGHTEDOVERTIMEPAYCODE_ID
Column Name found in Datamart and Curated Table :: AUTHORIZATIONPARAGRAPH
Column Name found in Datamart and Curated Table :: ACKNOWLEDGEMENTAGREEMENT_FILENAME
Column Name found in Datamart and Curated Table :: ADDRESS_CITY
Column Name found in Datamart and Curated Table :: ADDRESS_ISMANUALCOORDINATES
Column Name found in Datamart and Curated Table :: ADDRESS_UNIT
Column Name found in Datamart and Curated Table :: CALIFORNIACOMPLIANTCONTRACTDOCUMENTS
Column Name found in Datamart and Curated Table :: EMAIL
Column Name found in Datamart and Curated Table :: IMPORTID
Column Name found in Datamart and Curated Table :: ADDRESS_LONGITUDE
Column Name found in Datamart and Curated Table :: GOAL
Column Name found in Datamart and Curated Table :: OFFICIALNAME
Column Name found in Datamart and Curated Table :: PAYROLLFLATFEE
Column Name found in Datamart and Curated Table :: PAYROLLIDLETIMEOVERTIMEPAYCODE_ID
Column Name found in Datamart and Curated Table :: PAYROLLJOBHOURSDOUBLEOVERTIMEPAYCODE_ID
Column Name found in Datamart and Curated Table :: QUICKBOOKSOAUTHSETTINGS
Column Name found in Datamart and Curated Table :: PAYROLLCOSTMARKUP
Column Name found in Datamart and Curated Table :: TGLBONUS
Column Name found in Datamart and Curated Table :: PAYROLLIDLETIMESTPAYCODE
Column Name found in Datamart and Curated Table :: ACTIVE
Column Name found in Datamart and Curated Table :: ACKNOWLEDGEMENTAGREEMENT_ORIGINALFILENAME
Column Name found in Datamart and Curated Table :: ADDRESS_COUNTRY
Column Name found in Datamart and Curated Table :: AUTHORIZATIONAGREEMENT_FILENAME
Column Name found in Datamart and Curated Table :: CREDITCARDPROCESSORKEY
Column Name found in Datamart and Curated Table :: CREDITCARDPROCESSOR_ID
Column Name found in Datamart and Curated Table :: FINANCEITAUTHTOKEN
Column Name found in Datamart and Curated Table :: FRANCHISEEINFO_CONTRACT
Column Name found in Datamart and Curated Table :: INVOICEMESSAGE
Column Name found in Datamart and Curated Table :: NAVISIONSTANDARDTIMEEARNINGCODE
Column Name found in Datamart and Curated Table :: PAYROLLEXPENSEDEDUCTIONTRIGGER
Column Name found in Datamart and Curated Table :: PAYROLLIDLETIMEOTPAYCODE
Column Name found in Datamart and Curated Table :: PAYROLLWEIGHTEDOTPAYCODE
Column Name found in Datamart and Curated Table :: DEFAULTTAXRATE
Column Name found in Datamart and Curated Table :: ID
Column Name found in Datamart and Curated Table :: PAYROLLPERCENTAGEFEE
Column Name found in Datamart and Curated Table :: PAYROLLJOBHOURSOVERTIMEPAYCODE_ID
Column Name found in Datamart and Curated Table :: WARRANTYRATE
Column Name found in Datamart and Curated Table :: GREENSKYMERCHANTID
Column Name found in Datamart and Curated Table :: PAYROLLJOBHOURSSTPAYCODE
Column Name found in Datamart and Curated Table :: LOGO
Column Name found in Datamart and Curated Table :: NAVISIONGLCODE
Column Name found in Datamart and Curated Table :: SELLERFEE
Column Name found in Datamart and Curated Table :: ACKNOWLEDGEMENTPARAGRAPH
Column Name found in Datamart and Curated Table :: EXTERNALID
Column Name found in Datamart and Curated Table :: HVACDASHBOARDSECTIONS
Column Name found in Datamart and Curated Table :: INTACCTENTITY_ID
Column Name found in Datamart and Curated Table :: FRANCHISEEINFO_GST
Column Name found in Datamart and Curated Table :: LICENSENUMBER
Column Name found in Datamart and Curated Table :: NOCHARGERESIDENTIAL
Column Name found in Datamart and Curated Table :: INTEGRATEDREFUNDS_ID
Column Name found in Datamart and Curated Table :: MATERIALSKUREFERENCE_SKUID
Column Name found in Datamart and Curated Table :: TURNOVERMINIMUMTHRESHOLD
Column Name found in Datamart and Curated Table :: PAYROLLINVOICEBONUSPAYCODE_ID
Column Name found in Datamart and Curated Table :: WORLDPAYMERCHANTPIN
Column Name found in Datamart and Curated Table :: TENANT_TYPE
Datamart tables contains additional column name like [ACTIVE_FLAG, RECORD_CREATE_DATE, RECORD_UPDATE_DATE, MASTER_ID]
Curated tables contains additional column name like [RECORD_CREATE_DATE, RECORD_UPDATE_DATE, RECORD_UPDATED_BY]]]>
  </system-out>
  <testcase classname="testcases.RAW_DATAMART_CURATED.SnowFlake_ColumnValidation_APITables" name="validateColumnName_BKP" time="2.456"/>
  <system-out>
    <![CDATA[Executing Snowflake query :: SELECT COLUMN_NAME FROM DEV_ENT_RAW.INFORMATION_SCHEMA.COLUMNS WHERE TABLE_NAME='ST_API_LOCATION'and TABLE_SCHEMA='API_MAT'
Executing Snowflake query :: SELECT COLUMN_NAME FROM CURATED_DATAMART.INFORMATION_SCHEMA.COLUMNS WHERE TABLE_NAME='STR_API_LOCATION'and TABLE_SCHEMA='ST_API_MAITZ'
Executing Snowflake query :: SELECT COLUMN_NAME FROM DEV_ENT_CURATED.INFORMATION_SCHEMA.COLUMNS WHERE TABLE_NAME='DIM_LOCATION'and TABLE_SCHEMA='MASTER_DIMENSIONS'
Column names for RAW Table --> ST_API_LOCATION :: [ADDRESS_ISMANUALCOORDINATES, ADDRESS_LATITUDE, CREATEDON, RECURRINGSERVICE_RECURRENCEINTERVAL, ADDRESS_ISMILITARY, ADDRESS_STATE, CUSTOMER_ID, IMPORTID, AUTOLONGITUDE, TAXABLE, RECURRINGSERVICE_TYPE, ACTIVE, ADDRESS_COUNTRY, ADDRESS_UNIT, AVALARAENTITYCODE, ESTIMATEDTAX, ID, TAXEXEMPT, ISPREVAILINGWAGE, RECURRINGSERVICE_ACTIVATEDFROM, ADDRESS_ZIP, PREFERREDTECHNICIAN_ID, RECURRINGSERVICE_FROM, SUMMARY, RECURRINGSERVICE_MEMO, ADDRESS_CITY, AUTOLATITUDE, ZONE_ID, DONOTSENDTECHNICIAN_ID, ADDRESS_LONGITUDE, MODIFIEDON, NAME, NOCHARGE, RECURRINGSERVICE_CANCELLATIONDATE, TAXZONE_ID, ADDRESS_STREET, CREATEDBY_ID, RECURRINGSERVICE_TO, RECURRINGSERVICE_ACTIVATEDBY, TENANT_TYPE]
Column names for DataMart Table --> STR_API_LOCATION :: [ACTIVE, ADDRESS_CITY, DONOTSENDTECHNICIAN_ID, SUMMARY, RECURRINGSERVICE_MEMO, ADDRESS_STATE, CREATEDBY_ID, ISPREVAILINGWAGE, NOCHARGE, RECURRINGSERVICE_ACTIVATEDBY, RECURRINGSERVICE_TYPE, ADDRESS_LONGITUDE, AUTOLATITUDE, CREATEDON, ID, TAXEXEMPT, IMPORTID, RECORD_CREATE_DATE, ADDRESS_ISMANUALCOORDINATES, ADDRESS_ISMILITARY, MASTER_ID, TENANT_TYPE, PREFERREDTECHNICIAN_ID, ZONE_ID, ADDRESS_ZIP, MODIFIEDON, TAXZONE_ID, ESTIMATEDTAX, ADDRESS_LATITUDE, AVALARAENTITYCODE, NAME, RECURRINGSERVICE_TO, ADDRESS_STREET, ADDRESS_UNIT, RECORD_UPDATE_DATE, RECURRINGSERVICE_ACTIVATEDFROM, ACTIVE_FLAG, ADDRESS_COUNTRY, CUSTOMER_ID, RECURRINGSERVICE_CANCELLATIONDATE, AUTOLONGITUDE, RECURRINGSERVICE_FROM, TAXABLE, RECURRINGSERVICE_RECURRENCEINTERVAL]
Column names for Curated Table --> DIM_LOCATION :: [ADDRESS_UNIT, AUTOLONGITUDE, RECURRINGSERVICE_ACTIVATEDFROM, RECURRINGSERVICE_TO, TAXABLE, ADDRESS_CITY, ADDRESS_LATITUDE, IMPORTID, NAME, RECURRINGSERVICE_MEMO, ADDRESS_LONGITUDE, ADDRESS_STATE, ADDRESS_STREET, DONOTSENDTECHNICIAN_ID, MODIFIEDON, TAXZONE_ID, ADDRESS_ISMANUALCOORDINATES, ESTIMATEDTAX, ISPREVAILINGWAGE, RECURRINGSERVICE_ACTIVATEDBY, AUTOLATITUDE, RECORD_UPDATED_BY, RECORD_UPDATE_DATE, SUMMARY, CUSTOMER_ID, ZONE_ID, TENANT_TYPE, ADDRESS_COUNTRY, ADDRESS_ZIP, NOCHARGE, RECURRINGSERVICE_FROM, RECURRINGSERVICE_RECURRENCEINTERVAL, CREATEDON, RECORD_CREATE_DATE, AVALARAENTITYCODE, RECURRINGSERVICE_CANCELLATIONDATE, RECURRINGSERVICE_TYPE, PREFERREDTECHNICIAN_ID, ACTIVE, ADDRESS_ISMILITARY, CREATEDBY_ID, ID, TAXEXEMPT]
Column Name found in Datamart and Curated Table :: ADDRESS_ISMANUALCOORDINATES
Column Name found in Datamart and Curated Table :: ADDRESS_LATITUDE
Column Name found in Datamart and Curated Table :: CREATEDON
Column Name found in Datamart and Curated Table :: RECURRINGSERVICE_RECURRENCEINTERVAL
Column Name found in Datamart and Curated Table :: ADDRESS_ISMILITARY
Column Name found in Datamart and Curated Table :: ADDRESS_STATE
Column Name found in Datamart and Curated Table :: CUSTOMER_ID
Column Name found in Datamart and Curated Table :: IMPORTID
Column Name found in Datamart and Curated Table :: AUTOLONGITUDE
Column Name found in Datamart and Curated Table :: TAXABLE
Column Name found in Datamart and Curated Table :: RECURRINGSERVICE_TYPE
Column Name found in Datamart and Curated Table :: ACTIVE
Column Name found in Datamart and Curated Table :: ADDRESS_COUNTRY
Column Name found in Datamart and Curated Table :: ADDRESS_UNIT
Column Name found in Datamart and Curated Table :: AVALARAENTITYCODE
Column Name found in Datamart and Curated Table :: ESTIMATEDTAX
Column Name found in Datamart and Curated Table :: ID
Column Name found in Datamart and Curated Table :: TAXEXEMPT
Column Name found in Datamart and Curated Table :: ISPREVAILINGWAGE
Column Name found in Datamart and Curated Table :: RECURRINGSERVICE_ACTIVATEDFROM
Column Name found in Datamart and Curated Table :: ADDRESS_ZIP
Column Name found in Datamart and Curated Table :: PREFERREDTECHNICIAN_ID
Column Name found in Datamart and Curated Table :: RECURRINGSERVICE_FROM
Column Name found in Datamart and Curated Table :: SUMMARY
Column Name found in Datamart and Curated Table :: RECURRINGSERVICE_MEMO
Column Name found in Datamart and Curated Table :: ADDRESS_CITY
Column Name found in Datamart and Curated Table :: AUTOLATITUDE
Column Name found in Datamart and Curated Table :: ZONE_ID
Column Name found in Datamart and Curated Table :: DONOTSENDTECHNICIAN_ID
Column Name found in Datamart and Curated Table :: ADDRESS_LONGITUDE
Column Name found in Datamart and Curated Table :: MODIFIEDON
Column Name found in Datamart and Curated Table :: NAME
Column Name found in Datamart and Curated Table :: NOCHARGE
Column Name found in Datamart and Curated Table :: RECURRINGSERVICE_CANCELLATIONDATE
Column Name found in Datamart and Curated Table :: TAXZONE_ID
Column Name found in Datamart and Curated Table :: ADDRESS_STREET
Column Name found in Datamart and Curated Table :: CREATEDBY_ID
Column Name found in Datamart and Curated Table :: RECURRINGSERVICE_TO
Column Name found in Datamart and Curated Table :: RECURRINGSERVICE_ACTIVATEDBY
Column Name found in Datamart and Curated Table :: TENANT_TYPE
Datamart tables contains additional column name like [ACTIVE_FLAG, RECORD_CREATE_DATE, RECORD_UPDATE_DATE, MASTER_ID]
Curated tables contains additional column name like [RECORD_CREATE_DATE, RECORD_UPDATE_DATE, RECORD_UPDATED_BY]]]>
  </system-out>
  <testcase classname="testcases.RAW_DATAMART_CURATED.SnowFlake_ColumnValidation_APITables" name="validateColumnName_BKP" time="2.143"/>
  <system-out>
    <![CDATA[Executing Snowflake query :: SELECT COLUMN_NAME FROM DEV_ENT_RAW.INFORMATION_SCHEMA.COLUMNS WHERE TABLE_NAME='ST_API_JOBCOMPLETIONSURVEY'and TABLE_SCHEMA='API_MAT'
Executing Snowflake query :: SELECT COLUMN_NAME FROM CURATED_DATAMART.INFORMATION_SCHEMA.COLUMNS WHERE TABLE_NAME='STR_API_JOBCOMPLETIONSURVEY'and TABLE_SCHEMA='ST_API_HDAIR'
Executing Snowflake query :: SELECT COLUMN_NAME FROM DEV_ENT_CURATED.INFORMATION_SCHEMA.COLUMNS WHERE TABLE_NAME='DIM_JOBCOMPLETIONSURVEY'and TABLE_SCHEMA='MASTER_DIMENSIONS'
Column names for RAW Table --> ST_API_JOBCOMPLETIONSURVEY :: [SENTON, ISPLANNINGTOUSEAGAIN, ISROUTINECOMPLETED, MEMO, RECOMMENDATIONS, STATUS, TOKEN, ID, JOBCOMPLETEDON, SUBMITCOUNT, JOBID, MODIFIEDON, COMPLETEDON, RATING, SURVEYTYPE, TENANT_TYPE]
Column names for DataMart Table --> STR_API_JOBCOMPLETIONSURVEY :: [MASTER_ID, MEMO, RATING, RECOMMENDATIONS, ID, ISROUTINECOMPLETED, RECORD_UPDATE_DATE, SENTON, SUBMITCOUNT, ACTIVE_FLAG, COMPLETEDON, JOBCOMPLETEDON, RECORD_CREATE_DATE, ISPLANNINGTOUSEAGAIN, MODIFIEDON, TENANT_TYPE, JOBID, STATUS, TOKEN, SURVEYTYPE]
Column names for Curated Table --> DIM_JOBCOMPLETIONSURVEY :: [ID, JOBCOMPLETEDON, SUBMITCOUNT, ISROUTINECOMPLETED, MEMO, RECORD_UPDATED_BY, STATUS, JOBID, RECORD_UPDATE_DATE, TENANT_TYPE, MODIFIEDON, SURVEYTYPE, COMPLETEDON, ISPLANNINGTOUSEAGAIN, RATING, SENTON, RECOMMENDATIONS, RECORD_CREATE_DATE, TOKEN]
Column Name found in Datamart and Curated Table :: SENTON
Column Name found in Datamart and Curated Table :: ISPLANNINGTOUSEAGAIN
Column Name found in Datamart and Curated Table :: ISROUTINECOMPLETED
Column Name found in Datamart and Curated Table :: MEMO
Column Name found in Datamart and Curated Table :: RECOMMENDATIONS
Column Name found in Datamart and Curated Table :: STATUS
Column Name found in Datamart and Curated Table :: TOKEN
Column Name found in Datamart and Curated Table :: ID
Column Name found in Datamart and Curated Table :: JOBCOMPLETEDON
Column Name found in Datamart and Curated Table :: SUBMITCOUNT
Column Name found in Datamart and Curated Table :: JOBID
Column Name found in Datamart and Curated Table :: MODIFIEDON
Column Name found in Datamart and Curated Table :: COMPLETEDON
Column Name found in Datamart and Curated Table :: RATING
Column Name found in Datamart and Curated Table :: SURVEYTYPE
Column Name found in Datamart and Curated Table :: TENANT_TYPE
Datamart tables contains additional column name like [ACTIVE_FLAG, RECORD_CREATE_DATE, RECORD_UPDATE_DATE, MASTER_ID]
Curated tables contains additional column name like [RECORD_CREATE_DATE, RECORD_UPDATE_DATE, RECORD_UPDATED_BY]]]>
  </system-out>
  <testcase classname="testcases.RAW_DATAMART_CURATED.SnowFlake_ColumnValidation_APITables" name="validateColumnName_BKP" time="2.462"/>
  <system-out>
    <![CDATA[Executing Snowflake query :: SELECT COLUMN_NAME FROM DEV_ENT_RAW.INFORMATION_SCHEMA.COLUMNS WHERE TABLE_NAME='ST_API_INVOICEITEM'and TABLE_SCHEMA='API_MAT'
Executing Snowflake query :: SELECT COLUMN_NAME FROM CURATED_DATAMART.INFORMATION_SCHEMA.COLUMNS WHERE TABLE_NAME='STR_API_INVOICEITEM'and TABLE_SCHEMA='ST_API_FOURPROS'
Executing Snowflake query :: SELECT COLUMN_NAME FROM DEV_ENT_CURATED.INFORMATION_SCHEMA.COLUMNS WHERE TABLE_NAME='DIM_INVOICEITEM'and TABLE_SCHEMA='MASTER_DIMENSIONS'
Column names for RAW Table --> ST_API_INVOICEITEM :: [ALLOWDISCOUNTS, AUTOGLASSITEM_ID, HOURS, STANDARDPRICE, MODIFIEDON, PROJECTLABELS, SOLDBYCOMMISSION, ISINVENTORY, MARKUP, PAYSSOLDBYRATE, PROCUREDFROMESTIMATEITEM_ID, PROJECTORDER, SKU_ID, TECHNICIANSPLIT3, UNITPRICE, IMPORTID, LASTUNITPRICESETBYEMPLOYEE, SKUNAME, MEMBERSHIPWORKFLOWACTION, BASERATE1, BASERATE2, DATECREATED, EQUIPMENT_ID, ID, INVENTORYSTATUS, ITEMGROUPNAME, TECHNICIANFORBASERATE1_ID, QUANTITY, SOLDBY_ID, PARENTITEM_ID, SOLDHOURS, NOTAX, COST, CREATEDBY_ID, EXPORTID, ISADDON, ISOTTASK, CREATEDON, ISUNITPRICEMANUALLYSET, PAYSFLATAMOUNT, TECHNICIAN_ID, BASERATE3, CHARGEABLE, COMMISSIONBONUS, DESCRIPTION, TECHNICIANACKNOWLEDGEMENTSIGNATURE, INVENTORYLOCATION_ID, ORDER, SCHEDULEDFLATAMOUNT, SOURCETYPE, TECHNICIANSPLIT1, INVENTORYWAREHOUSENAME, ACCOUNT, ADDONFLATAMOUNT, PRICEMODIFIER_ID, SKUREFERENCE_SKUTYPE, TECHNICIANFORBASERATE3_ID, PAYTECHSPECIFICBONUS, TECHNICIANFORBASERATE2_ID, TECHNICIANSPLIT2, USEDMATERIAL_ID, ACTIVE, BONUS, COSTOFSALEACCOUNT_ID, GENERALLEDGERACCOUNT_ID, INVENTORYBATCH_ID, INVOICE_ID, PAYSCOMMISSION, SKUREFERENCE_SKUID, TAXABLE, TOTAL, BUSINESSUNIT_ID, DEDUCTASJOBCOST, DISPLAYINAMOUNT, ESTIMATEITEM_ID, ITEMGROUPROOT_ID, MEMBERPRICE, PROCUREDFROM_ID, SIGNATURE, TOTALCOST, CROSSSALEGROUP, WORKFLOWACTION_ID, TENANT_TYPE]
Column names for DataMart Table --> STR_API_INVOICEITEM :: [ACTIVE_FLAG, BONUS, GENERALLEDGERACCOUNT_ID, ID, ISOTTASK, PROCUREDFROMESTIMATEITEM_ID, DATECREATED, UNITPRICE, BUSINESSUNIT_ID, CHARGEABLE, COMMISSIONBONUS, INVENTORYSTATUS, DESCRIPTION, NOTAX, ORDER, PAYSFLATAMOUNT, PRICEMODIFIER_ID, PROJECTLABELS, BASERATE1, PAYSCOMMISSION, TAXABLE, WORKFLOWACTION_ID, IMPORTID, ISUNITPRICEMANUALLYSET, PROCUREMENTSOURCE_ESTIMATEITEMID, TOTAL, TOTALCOST, INVENTORYLOCATION_ID, ACCOUNT, ACTIVE, ALLOWDISCOUNTS, ESTIMATEITEM_ID, INVENTORYWAREHOUSENAME, ISADDON, MARKUP, PROCUREMENTSOURCE_REQUISITIONITEMID, SKU_ID, TECHNICIANSPLIT2, TENANT_TYPE, TECHNICIANSPLIT1, CREATEDBY_ID, ISINVENTORY, PARENTITEM_ID, RECORD_CREATE_DATE, SKUREFERENCE_SKUID, EQUIPMENT_ID, PROCUREMENTSOURCE_PURCHASEORDERITEMID, PROJECTORDER, TECHNICIANFORBASERATE2_ID, SKUNAME, SOURCETYPE, TECHNICIANFORBASERATE3_ID, CREATEDON, CROSSSALEGROUP, EXPORTID, HOURS, MASTER_ID, MODIFIEDON, PAYSSOLDBYRATE, DISPLAYINAMOUNT, INVOICE_ID, MEMBERPRICE, RECORD_UPDATE_DATE, SOLDBYCOMMISSION, SOLDHOURS, MEMBERSHIPWORKFLOWACTION, SKUREFERENCE_SKUTYPE, AUTOGLASSITEM_ID, COST, ITEMGROUPROOT_ID, LASTUNITPRICESETBYEMPLOYEE, PROCUREMENTSOURCE_SOURCETYPE, QUANTITY, TECHNICIANSPLIT3, USEDMATERIAL_ID, TECHNICIANFORBASERATE1_ID, TECHNICIAN_ID, TECHNICIANACKNOWLEDGEMENTSIGNATURE, ADDONFLATAMOUNT, BASERATE3, COSTOFSALEACCOUNT_ID, DEDUCTASJOBCOST, INVENTORYBATCH_ID, ITEMGROUPNAME, PROCUREDFROM_ID, SIGNATURE, SOLDBY_ID, BASERATE2, SCHEDULEDFLATAMOUNT, STANDARDPRICE, PAYTECHSPECIFICBONUS]
Column names for Curated Table --> DIM_INVOICEITEM :: [BASERATE2, COST, CROSSSALEGROUP, ISOTTASK, MEMBERPRICE, ORDER, QUANTITY, TOTALCOST, ISUNITPRICEMANUALLYSET, PARENTITEM_ID, PAYSSOLDBYRATE, PAYSCOMMISSION, GENERALLEDGERACCOUNT_ID, BASERATE1, INVENTORYBATCH_ID, INVOICE_ID, SKUREFERENCE_SKUID, BASERATE3, EXPORTID, ISINVENTORY, SKU_ID, INVENTORYSTATUS, SOLDHOURS, TECHNICIAN_ID, TECHNICIANFORBASERATE2_ID, ACCOUNT, ALLOWDISCOUNTS, COMMISSIONBONUS, CREATEDON, IMPORTID, ISADDON, PROCUREMENTSOURCE_SOURCETYPE, NOTAX, PROJECTLABELS, SOLDBY_ID, TECHNICIANFORBASERATE1_ID, TECHNICIANSPLIT1, PAYSFLATAMOUNT, UNITPRICE, BONUS, COSTOFSALEACCOUNT_ID, CREATEDBY_ID, DISPLAYINAMOUNT, PAYTECHSPECIFICBONUS, PRICEMODIFIER_ID, TECHNICIANACKNOWLEDGEMENTSIGNATURE, TECHNICIANSPLIT3, PROCUREMENTSOURCE_PURCHASEORDERITEMID, PROCUREMENTSOURCE_REQUISITIONITEMID, PROJECTORDER, DATECREATED, TECHNICIANFORBASERATE3_ID, ACTIVE, ADDONFLATAMOUNT, BUSINESSUNIT_ID, CHARGEABLE, EQUIPMENT_ID, INVENTORYLOCATION_ID, INVENTORYWAREHOUSENAME, ITEMGROUPNAME, ITEMGROUPROOT_ID, RECORD_UPDATE_DATE, MODIFIEDON, PROCUREDFROM_ID, SCHEDULEDFLATAMOUNT, PROCUREMENTSOURCE_ESTIMATEITEMID, TAXABLE, PROCUREDFROMESTIMATEITEM_ID, AUTOGLASSITEM_ID, HOURS, LASTUNITPRICESETBYEMPLOYEE, MARKUP, USEDMATERIAL_ID, MEMBERSHIPWORKFLOWACTION, SKUREFERENCE_SKUTYPE, SOLDBYCOMMISSION, SOURCETYPE, RECORD_UPDATED_BY, WORKFLOWACTION_ID, DEDUCTASJOBCOST, DESCRIPTION, ESTIMATEITEM_ID, STANDARDPRICE, TECHNICIANSPLIT2, TOTAL, ID, RECORD_CREATE_DATE, SIGNATURE, SKUNAME, TENANT_TYPE]
Column Name found in Datamart and Curated Table :: ALLOWDISCOUNTS
Column Name found in Datamart and Curated Table :: AUTOGLASSITEM_ID
Column Name found in Datamart and Curated Table :: HOURS
Column Name found in Datamart and Curated Table :: STANDARDPRICE
Column Name found in Datamart and Curated Table :: MODIFIEDON
Column Name found in Datamart and Curated Table :: PROJECTLABELS
Column Name found in Datamart and Curated Table :: SOLDBYCOMMISSION
Column Name found in Datamart and Curated Table :: ISINVENTORY
Column Name found in Datamart and Curated Table :: MARKUP
Column Name found in Datamart and Curated Table :: PAYSSOLDBYRATE
Column Name found in Datamart and Curated Table :: PROCUREDFROMESTIMATEITEM_ID
Column Name found in Datamart and Curated Table :: PROJECTORDER
Column Name found in Datamart and Curated Table :: SKU_ID
Column Name found in Datamart and Curated Table :: TECHNICIANSPLIT3
Column Name found in Datamart and Curated Table :: UNITPRICE
Column Name found in Datamart and Curated Table :: IMPORTID
Column Name found in Datamart and Curated Table :: LASTUNITPRICESETBYEMPLOYEE
Column Name found in Datamart and Curated Table :: SKUNAME
Column Name found in Datamart and Curated Table :: MEMBERSHIPWORKFLOWACTION
Column Name found in Datamart and Curated Table :: BASERATE1
Column Name found in Datamart and Curated Table :: BASERATE2
Column Name found in Datamart and Curated Table :: DATECREATED
Column Name found in Datamart and Curated Table :: EQUIPMENT_ID
Column Name found in Datamart and Curated Table :: ID
Column Name found in Datamart and Curated Table :: INVENTORYSTATUS
Column Name found in Datamart and Curated Table :: ITEMGROUPNAME
Column Name found in Datamart and Curated Table :: TECHNICIANFORBASERATE1_ID
Column Name found in Datamart and Curated Table :: QUANTITY
Column Name found in Datamart and Curated Table :: SOLDBY_ID
Column Name found in Datamart and Curated Table :: PARENTITEM_ID
Column Name found in Datamart and Curated Table :: SOLDHOURS
Column Name found in Datamart and Curated Table :: NOTAX
Column Name found in Datamart and Curated Table :: COST
Column Name found in Datamart and Curated Table :: CREATEDBY_ID
Column Name found in Datamart and Curated Table :: EXPORTID
Column Name found in Datamart and Curated Table :: ISADDON
Column Name found in Datamart and Curated Table :: ISOTTASK
Column Name found in Datamart and Curated Table :: CREATEDON
Column Name found in Datamart and Curated Table :: ISUNITPRICEMANUALLYSET
Column Name found in Datamart and Curated Table :: PAYSFLATAMOUNT
Column Name found in Datamart and Curated Table :: TECHNICIAN_ID
Column Name found in Datamart and Curated Table :: BASERATE3
Column Name found in Datamart and Curated Table :: CHARGEABLE
Column Name found in Datamart and Curated Table :: COMMISSIONBONUS
Column Name found in Datamart and Curated Table :: DESCRIPTION
Column Name found in Datamart and Curated Table :: TECHNICIANACKNOWLEDGEMENTSIGNATURE
Column Name found in Datamart and Curated Table :: INVENTORYLOCATION_ID
Column Name found in Datamart and Curated Table :: ORDER
Column Name found in Datamart and Curated Table :: SCHEDULEDFLATAMOUNT
Column Name found in Datamart and Curated Table :: SOURCETYPE
Column Name found in Datamart and Curated Table :: TECHNICIANSPLIT1
Column Name found in Datamart and Curated Table :: INVENTORYWAREHOUSENAME
Column Name found in Datamart and Curated Table :: ACCOUNT
Column Name found in Datamart and Curated Table :: ADDONFLATAMOUNT
Column Name found in Datamart and Curated Table :: PRICEMODIFIER_ID
Column Name found in Datamart and Curated Table :: SKUREFERENCE_SKUTYPE
Column Name found in Datamart and Curated Table :: TECHNICIANFORBASERATE3_ID
Column Name found in Datamart and Curated Table :: PAYTECHSPECIFICBONUS
Column Name found in Datamart and Curated Table :: TECHNICIANFORBASERATE2_ID
Column Name found in Datamart and Curated Table :: TECHNICIANSPLIT2
Column Name found in Datamart and Curated Table :: USEDMATERIAL_ID
Column Name found in Datamart and Curated Table :: ACTIVE
Column Name found in Datamart and Curated Table :: BONUS
Column Name found in Datamart and Curated Table :: COSTOFSALEACCOUNT_ID
Column Name found in Datamart and Curated Table :: GENERALLEDGERACCOUNT_ID
Column Name found in Datamart and Curated Table :: INVENTORYBATCH_ID
Column Name found in Datamart and Curated Table :: INVOICE_ID
Column Name found in Datamart and Curated Table :: PAYSCOMMISSION
Column Name found in Datamart and Curated Table :: SKUREFERENCE_SKUID
Column Name found in Datamart and Curated Table :: TAXABLE
Column Name found in Datamart and Curated Table :: TOTAL
Column Name found in Datamart and Curated Table :: BUSINESSUNIT_ID
Column Name found in Datamart and Curated Table :: DEDUCTASJOBCOST
Column Name found in Datamart and Curated Table :: DISPLAYINAMOUNT
Column Name found in Datamart and Curated Table :: ESTIMATEITEM_ID
Column Name found in Datamart and Curated Table :: ITEMGROUPROOT_ID
Column Name found in Datamart and Curated Table :: MEMBERPRICE
Column Name found in Datamart and Curated Table :: PROCUREDFROM_ID
Column Name found in Datamart and Curated Table :: SIGNATURE
Column Name found in Datamart and Curated Table :: TOTALCOST
Column Name found in Datamart and Curated Table :: CROSSSALEGROUP
Column Name found in Datamart and Curated Table :: WORKFLOWACTION_ID
Column Name found in Datamart and Curated Table :: TENANT_TYPE
Datamart tables contains additional column name like [ACTIVE_FLAG, RECORD_CREATE_DATE, RECORD_UPDATE_DATE, MASTER_ID]
Curated tables contains additional column name like [RECORD_CREATE_DATE, RECORD_UPDATE_DATE, RECORD_UPDATED_BY]]]>
  </system-out>
  <testcase classname="testcases.RAW_DATAMART_CURATED.SnowFlake_ColumnValidation_APITables" name="validateColumnName_BKP" time="2.661"/>
  <system-out>
    <![CDATA[Executing Snowflake query :: SELECT COLUMN_NAME FROM DEV_ENT_RAW.INFORMATION_SCHEMA.COLUMNS WHERE TABLE_NAME='ST_API_CALL'and TABLE_SCHEMA='API_MAT'
Executing Snowflake query :: SELECT COLUMN_NAME FROM CURATED_DATAMART.INFORMATION_SCHEMA.COLUMNS WHERE TABLE_NAME='STR_API_CALL'and TABLE_SCHEMA='ST_API_CASTEEL'
Executing Snowflake query :: SELECT COLUMN_NAME FROM DEV_ENT_CURATED.INFORMATION_SCHEMA.COLUMNS WHERE TABLE_NAME='DIM_CALL'and TABLE_SCHEMA='MASTER_DIMENSIONS'
Column names for RAW Table --> ST_API_CALL :: [DURATION, CALLSERVICE, CREATEDON, CUSTOMER_ID, REASON_ID, RECORDINGURL, VOICEMAILPATH, CONVERSIONSCORE, TAG, AGENT_ID, DIRECTION, ESTIMATE_ID, FROM, STATUS, MODIFIEDON, EXCUSEMEMO, LOCATION_ID, RECORDINGID, SID, TO, IMPORTID, TYPE, JOB_ID, FOLLOWUP_ID, ID, REVIEWINGBY_ID, WONTREVIEW, ACTIVE, CAMPAIGN_ID, CREATEDBY_ID, REVIEWEDBY_ID, RECORDINGPATH, LEAD_ID, TENANT_TYPE]
Column names for DataMart Table --> STR_API_CALL :: [REVIEWEDBY_ID, CAMPAIGN_ID, CONVERSIONSCORE, CREATEDON, JOB_ID, MASTER_ID, TENANT_TYPE, ACTIVE_FLAG, DURATION, LEAD_ID, TYPE, EXCUSEMEMO, REASON_ID, CUSTOMER_ID, ID, RECORD_CREATE_DATE, REVIEWINGBY_ID, TO, FROM, IMPORTID, DIRECTION, ESTIMATE_ID, RECORD_UPDATE_DATE, TAG, VOICEMAILPATH, ACTIVE, CALLSERVICE, FOLLOWUP_ID, RECORDINGPATH, STATUS, SID, WONTREVIEW, AGENT_ID, LOCATION_ID, MODIFIEDON, RECORDINGURL, CREATEDBY_ID, RECORDINGID]
Column names for Curated Table --> DIM_CALL :: [ESTIMATE_ID, REASON_ID, WONTREVIEW, AGENT_ID, DIRECTION, FOLLOWUP_ID, LOCATION_ID, RECORDINGID, TAG, TYPE, CUSTOMER_ID, LEAD_ID, RECORDINGPATH, VOICEMAILPATH, STATUS, CONVERSIONSCORE, FROM, CREATEDBY_ID, DURATION, TENANT_TYPE, ACTIVE, CALLSERVICE, CAMPAIGN_ID, ID, RECORDINGURL, RECORD_UPDATE_DATE, RECORD_CREATE_DATE, JOB_ID, REVIEWEDBY_ID, TO, RECORD_UPDATED_BY, REVIEWINGBY_ID, SID, CREATEDON, EXCUSEMEMO, IMPORTID, MODIFIEDON]
Column Name found in Datamart and Curated Table :: DURATION
Column Name found in Datamart and Curated Table :: CALLSERVICE
Column Name found in Datamart and Curated Table :: CREATEDON
Column Name found in Datamart and Curated Table :: CUSTOMER_ID
Column Name found in Datamart and Curated Table :: REASON_ID
Column Name found in Datamart and Curated Table :: RECORDINGURL
Column Name found in Datamart and Curated Table :: VOICEMAILPATH
Column Name found in Datamart and Curated Table :: CONVERSIONSCORE
Column Name found in Datamart and Curated Table :: TAG
Column Name found in Datamart and Curated Table :: AGENT_ID
Column Name found in Datamart and Curated Table :: DIRECTION
Column Name found in Datamart and Curated Table :: ESTIMATE_ID
Column Name found in Datamart and Curated Table :: FROM
Column Name found in Datamart and Curated Table :: STATUS
Column Name found in Datamart and Curated Table :: MODIFIEDON
Column Name found in Datamart and Curated Table :: EXCUSEMEMO
Column Name found in Datamart and Curated Table :: LOCATION_ID
Column Name found in Datamart and Curated Table :: RECORDINGID
Column Name found in Datamart and Curated Table :: SID
Column Name found in Datamart and Curated Table :: TO
Column Name found in Datamart and Curated Table :: IMPORTID
Column Name found in Datamart and Curated Table :: TYPE
Column Name found in Datamart and Curated Table :: JOB_ID
Column Name found in Datamart and Curated Table :: FOLLOWUP_ID
Column Name found in Datamart and Curated Table :: ID
Column Name found in Datamart and Curated Table :: REVIEWINGBY_ID
Column Name found in Datamart and Curated Table :: WONTREVIEW
Column Name found in Datamart and Curated Table :: ACTIVE
Column Name found in Datamart and Curated Table :: CAMPAIGN_ID
Column Name found in Datamart and Curated Table :: CREATEDBY_ID
Column Name found in Datamart and Curated Table :: REVIEWEDBY_ID
Column Name found in Datamart and Curated Table :: RECORDINGPATH
Column Name found in Datamart and Curated Table :: LEAD_ID
Column Name found in Datamart and Curated Table :: TENANT_TYPE
Datamart tables contains additional column name like [ACTIVE_FLAG, RECORD_CREATE_DATE, RECORD_UPDATE_DATE, MASTER_ID]
Curated tables contains additional column name like [RECORD_CREATE_DATE, RECORD_UPDATE_DATE, RECORD_UPDATED_BY]]]>
  </system-out>
  <testcase classname="testcases.RAW_DATAMART_CURATED.SnowFlake_ColumnValidation_APITables" name="validateColumnName_BKP" time="3.071"/>
  <system-out>
    <![CDATA[Executing Snowflake query :: SELECT COLUMN_NAME FROM DEV_ENT_RAW.INFORMATION_SCHEMA.COLUMNS WHERE TABLE_NAME='ST_API_CALL'and TABLE_SCHEMA='API_MAT'
Executing Snowflake query :: SELECT COLUMN_NAME FROM CURATED_DATAMART.INFORMATION_SCHEMA.COLUMNS WHERE TABLE_NAME='STR_API_CALL'and TABLE_SCHEMA='ST_API_HENDERSON'
Executing Snowflake query :: SELECT COLUMN_NAME FROM DEV_ENT_CURATED.INFORMATION_SCHEMA.COLUMNS WHERE TABLE_NAME='DIM_CALL'and TABLE_SCHEMA='MASTER_DIMENSIONS'
Column names for RAW Table --> ST_API_CALL :: [DURATION, CALLSERVICE, CREATEDON, CUSTOMER_ID, REASON_ID, RECORDINGURL, VOICEMAILPATH, CONVERSIONSCORE, TAG, AGENT_ID, DIRECTION, ESTIMATE_ID, FROM, STATUS, MODIFIEDON, EXCUSEMEMO, LOCATION_ID, RECORDINGID, SID, TO, IMPORTID, TYPE, JOB_ID, FOLLOWUP_ID, ID, REVIEWINGBY_ID, WONTREVIEW, ACTIVE, CAMPAIGN_ID, CREATEDBY_ID, REVIEWEDBY_ID, RECORDINGPATH, LEAD_ID, TENANT_TYPE]
Column names for DataMart Table --> STR_API_CALL :: [CAMPAIGN_ID, ACTIVE, CUSTOMER_ID, ESTIMATE_ID, EXCUSEMEMO, RECORDINGPATH, TYPE, CALLSERVICE, CONVERSIONSCORE, FOLLOWUP_ID, TAG, STATUS, DURATION, LEAD_ID, RECORD_CREATE_DATE, SID, TENANT_TYPE, WONTREVIEW, RECORDINGID, REVIEWINGBY_ID, RECORDINGURL, AGENT_ID, CREATEDBY_ID, CREATEDON, DIRECTION, JOB_ID, VOICEMAILPATH, IMPORTID, TO, ACTIVE_FLAG, FROM, MASTER_ID, MODIFIEDON, LOCATION_ID, RECORD_UPDATE_DATE, REVIEWEDBY_ID, ID, REASON_ID]
Column names for Curated Table --> DIM_CALL :: [ESTIMATE_ID, REASON_ID, WONTREVIEW, AGENT_ID, DIRECTION, FOLLOWUP_ID, LOCATION_ID, RECORDINGID, TAG, TYPE, CUSTOMER_ID, LEAD_ID, RECORDINGPATH, VOICEMAILPATH, STATUS, CONVERSIONSCORE, FROM, CREATEDBY_ID, DURATION, TENANT_TYPE, ACTIVE, CALLSERVICE, CAMPAIGN_ID, ID, RECORDINGURL, RECORD_UPDATE_DATE, RECORD_CREATE_DATE, JOB_ID, REVIEWEDBY_ID, TO, RECORD_UPDATED_BY, REVIEWINGBY_ID, SID, CREATEDON, EXCUSEMEMO, IMPORTID, MODIFIEDON]
Column Name found in Datamart and Curated Table :: DURATION
Column Name found in Datamart and Curated Table :: CALLSERVICE
Column Name found in Datamart and Curated Table :: CREATEDON
Column Name found in Datamart and Curated Table :: CUSTOMER_ID
Column Name found in Datamart and Curated Table :: REASON_ID
Column Name found in Datamart and Curated Table :: RECORDINGURL
Column Name found in Datamart and Curated Table :: VOICEMAILPATH
Column Name found in Datamart and Curated Table :: CONVERSIONSCORE
Column Name found in Datamart and Curated Table :: TAG
Column Name found in Datamart and Curated Table :: AGENT_ID
Column Name found in Datamart and Curated Table :: DIRECTION
Column Name found in Datamart and Curated Table :: ESTIMATE_ID
Column Name found in Datamart and Curated Table :: FROM
Column Name found in Datamart and Curated Table :: STATUS
Column Name found in Datamart and Curated Table :: MODIFIEDON
Column Name found in Datamart and Curated Table :: EXCUSEMEMO
Column Name found in Datamart and Curated Table :: LOCATION_ID
Column Name found in Datamart and Curated Table :: RECORDINGID
Column Name found in Datamart and Curated Table :: SID
Column Name found in Datamart and Curated Table :: TO
Column Name found in Datamart and Curated Table :: IMPORTID
Column Name found in Datamart and Curated Table :: TYPE
Column Name found in Datamart and Curated Table :: JOB_ID
Column Name found in Datamart and Curated Table :: FOLLOWUP_ID
Column Name found in Datamart and Curated Table :: ID
Column Name found in Datamart and Curated Table :: REVIEWINGBY_ID
Column Name found in Datamart and Curated Table :: WONTREVIEW
Column Name found in Datamart and Curated Table :: ACTIVE
Column Name found in Datamart and Curated Table :: CAMPAIGN_ID
Column Name found in Datamart and Curated Table :: CREATEDBY_ID
Column Name found in Datamart and Curated Table :: REVIEWEDBY_ID
Column Name found in Datamart and Curated Table :: RECORDINGPATH
Column Name found in Datamart and Curated Table :: LEAD_ID
Column Name found in Datamart and Curated Table :: TENANT_TYPE
Datamart tables contains additional column name like [ACTIVE_FLAG, RECORD_CREATE_DATE, RECORD_UPDATE_DATE, MASTER_ID]
Curated tables contains additional column name like [RECORD_CREATE_DATE, RECORD_UPDATE_DATE, RECORD_UPDATED_BY]]]>
  </system-out>
  <testcase classname="testcases.RAW_DATAMART_CURATED.SnowFlake_ColumnValidation_APITables" name="validateColumnName_BKP" time="2.560"/>
  <system-out>
    <![CDATA[Executing Snowflake query :: SELECT COLUMN_NAME FROM DEV_ENT_RAW.INFORMATION_SCHEMA.COLUMNS WHERE TABLE_NAME='ST_API_JOBTYPE'and TABLE_SCHEMA='API_MAT'
Executing Snowflake query :: SELECT COLUMN_NAME FROM CURATED_DATAMART.INFORMATION_SCHEMA.COLUMNS WHERE TABLE_NAME='STR_API_JOBTYPE'and TABLE_SCHEMA='ST_API_HARP'
Executing Snowflake query :: SELECT COLUMN_NAME FROM DEV_ENT_CURATED.INFORMATION_SCHEMA.COLUMNS WHERE TABLE_NAME='DIM_JOBTYPE'and TABLE_SCHEMA='MASTER_DIMENSIONS'
Column names for RAW Table --> ST_API_JOBTYPE :: [ACTIVE, COMPSTANDARDRATE, ENFORCERECURRINGSERVICEEVENTSELECTION, COMPDOUBLEOVERTIMERATE, COMPOVERTIMERATE, MODIFIEDON, IMAGE, ISAUTODISPATCHED, ISTUNEUP, NAME, CLASS, PRIORITY, IMPORTID, SOLDTHRESHOLD, NOCHARGE, CREATEDBY_ID, CREATEDON, MAXIMUMMATERIALCOSTINPERCENT, PROJECTEDVALUEADJUSTMENT, ID, DURATION, COMPCODE, MINIMUMMATERIALCOSTINPERCENT, SUMMARY, PROJECTLABELS, LIKELIHOOD, TENANT_TYPE]
Column names for DataMart Table --> STR_API_JOBTYPE :: [CLASS, DURATION, NOCHARGE, TENANT_TYPE, SUMMARY, PROJECTEDVALUEADJUSTMENT, ID, ISAUTODISPATCHED, MAXIMUMMATERIALCOSTINPERCENT, ACTIVE_FLAG, ENFORCERECURRINGSERVICEEVENTSELECTION, COMPSTANDARDRATE, ISTUNEUP, ACTIVE, COMPCODE, IMAGE, IMPORTID, PROJECTLABELS, MINIMUMMATERIALCOSTINPERCENT, COMPDOUBLEOVERTIMERATE, COMPOVERTIMERATE, CREATEDBY_ID, CREATEDON, LIKELIHOOD, MODIFIEDON, RECORD_CREATE_DATE, RECORD_UPDATE_DATE, NAME, PRIORITY, SOLDTHRESHOLD, MASTER_ID]
Column names for Curated Table --> DIM_JOBTYPE :: [COMPOVERTIMERATE, PROJECTLABELS, RECORD_UPDATED_BY, MAXIMUMMATERIALCOSTINPERCENT, SUMMARY, NAME, COMPDOUBLEOVERTIMERATE, CREATEDBY_ID, DURATION, ISAUTODISPATCHED, RECORD_UPDATE_DATE, COMPSTANDARDRATE, NOCHARGE, IMPORTID, TENANT_TYPE, ACTIVE, ENFORCERECURRINGSERVICEEVENTSELECTION, ID, ISSMARTDISPATCHEDBYDEFAULTINAPI, ISTUNEUP, CLASS, COMPCODE, MINIMUMMATERIALCOSTINPERCENT, PRIORITY, CREATEDON, LIKELIHOOD, RECORD_CREATE_DATE, SOLDTHRESHOLD, IMAGE, MODIFIEDON, PROJECTEDVALUEADJUSTMENT]
Column Name found in Datamart and Curated Table :: ACTIVE
Column Name found in Datamart and Curated Table :: COMPSTANDARDRATE
Column Name found in Datamart and Curated Table :: ENFORCERECURRINGSERVICEEVENTSELECTION
Column Name found in Datamart and Curated Table :: COMPDOUBLEOVERTIMERATE
Column Name found in Datamart and Curated Table :: COMPOVERTIMERATE
Column Name found in Datamart and Curated Table :: MODIFIEDON
Column Name found in Datamart and Curated Table :: IMAGE
Column Name found in Datamart and Curated Table :: ISAUTODISPATCHED
Column Name found in Datamart and Curated Table :: ISTUNEUP
Column Name found in Datamart and Curated Table :: NAME
Column Name found in Datamart and Curated Table :: CLASS
Column Name found in Datamart and Curated Table :: PRIORITY
Column Name found in Datamart and Curated Table :: IMPORTID
Column Name found in Datamart and Curated Table :: SOLDTHRESHOLD
Column Name found in Datamart and Curated Table :: NOCHARGE
Column Name found in Datamart and Curated Table :: CREATEDBY_ID
Column Name found in Datamart and Curated Table :: CREATEDON
Column Name found in Datamart and Curated Table :: MAXIMUMMATERIALCOSTINPERCENT
Column Name found in Datamart and Curated Table :: PROJECTEDVALUEADJUSTMENT
Column Name found in Datamart and Curated Table :: ID
Column Name found in Datamart and Curated Table :: DURATION
Column Name found in Datamart and Curated Table :: COMPCODE
Column Name found in Datamart and Curated Table :: MINIMUMMATERIALCOSTINPERCENT
Column Name found in Datamart and Curated Table :: SUMMARY
Column Name found in Datamart and Curated Table :: PROJECTLABELS
Column Name found in Datamart and Curated Table :: LIKELIHOOD
Column Name found in Datamart and Curated Table :: TENANT_TYPE
Datamart tables contains additional column name like [ACTIVE_FLAG, RECORD_CREATE_DATE, RECORD_UPDATE_DATE, MASTER_ID]
Curated tables contains additional column name like [RECORD_CREATE_DATE, RECORD_UPDATE_DATE, RECORD_UPDATED_BY]]]>
  </system-out>
  <testcase classname="testcases.RAW_DATAMART_CURATED.SnowFlake_ColumnValidation_APITables" name="validateColumnName_BKP" time="2.877"/>
  <system-out>
    <![CDATA[Executing Snowflake query :: SELECT COLUMN_NAME FROM DEV_ENT_RAW.INFORMATION_SCHEMA.COLUMNS WHERE TABLE_NAME='ST_API_JOBTYPE'and TABLE_SCHEMA='API_MAT'
Executing Snowflake query :: SELECT COLUMN_NAME FROM CURATED_DATAMART.INFORMATION_SCHEMA.COLUMNS WHERE TABLE_NAME='STR_API_JOBTYPE'and TABLE_SCHEMA='ST_API_HENDERSON'
Executing Snowflake query :: SELECT COLUMN_NAME FROM DEV_ENT_CURATED.INFORMATION_SCHEMA.COLUMNS WHERE TABLE_NAME='DIM_JOBTYPE'and TABLE_SCHEMA='MASTER_DIMENSIONS'
Column names for RAW Table --> ST_API_JOBTYPE :: [ACTIVE, COMPSTANDARDRATE, ENFORCERECURRINGSERVICEEVENTSELECTION, COMPDOUBLEOVERTIMERATE, COMPOVERTIMERATE, MODIFIEDON, IMAGE, ISAUTODISPATCHED, ISTUNEUP, NAME, CLASS, PRIORITY, IMPORTID, SOLDTHRESHOLD, NOCHARGE, CREATEDBY_ID, CREATEDON, MAXIMUMMATERIALCOSTINPERCENT, PROJECTEDVALUEADJUSTMENT, ID, DURATION, COMPCODE, MINIMUMMATERIALCOSTINPERCENT, SUMMARY, PROJECTLABELS, LIKELIHOOD, TENANT_TYPE]
Column names for DataMart Table --> STR_API_JOBTYPE :: [MASTER_ID, MAXIMUMMATERIALCOSTINPERCENT, RECORD_UPDATE_DATE, ISTUNEUP, LIKELIHOOD, COMPSTANDARDRATE, CREATEDBY_ID, CREATEDON, IMAGE, ISAUTODISPATCHED, IMPORTID, MODIFIEDON, PRIORITY, PROJECTEDVALUEADJUSTMENT, ACTIVE, PROJECTLABELS, ACTIVE_FLAG, CLASS, DURATION, ID, NOCHARGE, COMPCODE, COMPDOUBLEOVERTIMERATE, COMPOVERTIMERATE, ENFORCERECURRINGSERVICEEVENTSELECTION, MINIMUMMATERIALCOSTINPERCENT, RECORD_CREATE_DATE, SOLDTHRESHOLD, SUMMARY, TENANT_TYPE, NAME]
Column names for Curated Table --> DIM_JOBTYPE :: [COMPOVERTIMERATE, PROJECTLABELS, RECORD_UPDATED_BY, MAXIMUMMATERIALCOSTINPERCENT, SUMMARY, NAME, COMPDOUBLEOVERTIMERATE, CREATEDBY_ID, DURATION, ISAUTODISPATCHED, RECORD_UPDATE_DATE, COMPSTANDARDRATE, NOCHARGE, IMPORTID, TENANT_TYPE, ACTIVE, ENFORCERECURRINGSERVICEEVENTSELECTION, ID, ISSMARTDISPATCHEDBYDEFAULTINAPI, ISTUNEUP, CLASS, COMPCODE, MINIMUMMATERIALCOSTINPERCENT, PRIORITY, CREATEDON, LIKELIHOOD, RECORD_CREATE_DATE, SOLDTHRESHOLD, IMAGE, MODIFIEDON, PROJECTEDVALUEADJUSTMENT]
Column Name found in Datamart and Curated Table :: ACTIVE
Column Name found in Datamart and Curated Table :: COMPSTANDARDRATE
Column Name found in Datamart and Curated Table :: ENFORCERECURRINGSERVICEEVENTSELECTION
Column Name found in Datamart and Curated Table :: COMPDOUBLEOVERTIMERATE
Column Name found in Datamart and Curated Table :: COMPOVERTIMERATE
Column Name found in Datamart and Curated Table :: MODIFIEDON
Column Name found in Datamart and Curated Table :: IMAGE
Column Name found in Datamart and Curated Table :: ISAUTODISPATCHED
Column Name found in Datamart and Curated Table :: ISTUNEUP
Column Name found in Datamart and Curated Table :: NAME
Column Name found in Datamart and Curated Table :: CLASS
Column Name found in Datamart and Curated Table :: PRIORITY
Column Name found in Datamart and Curated Table :: IMPORTID
Column Name found in Datamart and Curated Table :: SOLDTHRESHOLD
Column Name found in Datamart and Curated Table :: NOCHARGE
Column Name found in Datamart and Curated Table :: CREATEDBY_ID
Column Name found in Datamart and Curated Table :: CREATEDON
Column Name found in Datamart and Curated Table :: MAXIMUMMATERIALCOSTINPERCENT
Column Name found in Datamart and Curated Table :: PROJECTEDVALUEADJUSTMENT
Column Name found in Datamart and Curated Table :: ID
Column Name found in Datamart and Curated Table :: DURATION
Column Name found in Datamart and Curated Table :: COMPCODE
Column Name found in Datamart and Curated Table :: MINIMUMMATERIALCOSTINPERCENT
Column Name found in Datamart and Curated Table :: SUMMARY
Column Name found in Datamart and Curated Table :: PROJECTLABELS
Column Name found in Datamart and Curated Table :: LIKELIHOOD
Column Name found in Datamart and Curated Table :: TENANT_TYPE
Datamart tables contains additional column name like [ACTIVE_FLAG, RECORD_CREATE_DATE, RECORD_UPDATE_DATE, MASTER_ID]
Curated tables contains additional column name like [RECORD_CREATE_DATE, RECORD_UPDATE_DATE, RECORD_UPDATED_BY]]]>
  </system-out>
  <testcase classname="testcases.RAW_DATAMART_CURATED.SnowFlake_ColumnValidation_APITables" name="validateColumnName_BKP" time="4.080"/>
  <system-out>
    <![CDATA[Executing Snowflake query :: SELECT COLUMN_NAME FROM DEV_ENT_RAW.INFORMATION_SCHEMA.COLUMNS WHERE TABLE_NAME='ST_API_MATERIAL'and TABLE_SCHEMA='API_MAT'
Executing Snowflake query :: SELECT COLUMN_NAME FROM CURATED_DATAMART.INFORMATION_SCHEMA.COLUMNS WHERE TABLE_NAME='STR_API_MATERIAL'and TABLE_SCHEMA='ST_API_HENDERSON'
Executing Snowflake query :: SELECT COLUMN_NAME FROM DEV_ENT_CURATED.INFORMATION_SCHEMA.COLUMNS WHERE TABLE_NAME='DIM_MATERIAL'and TABLE_SCHEMA='MASTER_DIMENSIONS'
Column names for RAW Table --> ST_API_MATERIAL :: [CATEGORY_ID, COSTOFSALEACCOUNT_ID, DISPLAYINAMOUNT, SOLDBYCOMMISSION, ARCHIVED, AVALARACOMMERCIALTAXCODE, BONUS, COMMISSIONBONUS, EXCLUDEFROMPRICEBOOKWIZARD, INVENTORYENABLEDON, PURCHASEORDERLIMITS_FLATAMOUNT, LOYALTYPROGRAMELIGIBLE, ACCOUNT, BUSINESSUNIT_ID, CREATEDON, NOTAX, ORIGINAL_ID, PROVIDER_ID, SERIALIZEDON, UNITOFMEASURE, IMPORTID, DISPLAYNAME, ASSETACCOUNT_ID, COPIEDFROM_ID, ISSERIALIZED, PAYSFLATAMOUNT, PRICE, GENERALLEDGERACCOUNT_ID, ID, ISINVENTORY, ACTIVE, AVALARARESIDENTIALTAXCODE, EXTERNALID, IMAGES, PRIMARYVENDOR_ID, TAXABLE, USEFIXEDMATERIALPRICE, DEDUCTASJOBCOST, SOURCEVERSION, SYNCDATE, MODIFIEDON, ADDONMEMBERPRICE, COST, NAME, PAYSCOMMISSION, PAYSSOLDBYRATE, DESCRIPTION, HOURS, SCHEDULEDFLATAMOUNT, SOURCE, ADDONFLATAMOUNT, ADDONPRICE, AUTOGLASSTYPE, CROSSSALEGROUP, PAYTECHSPECIFICBONUS, PURCHASEORDERLIMITS_REVENUEPERCENT, SUPPLIERIMAGES, CREATEDBY_ID, MEMBERPRICE, INVENTORYENABLEDBY_ID, TENANT_TYPE]
Column names for DataMart Table --> STR_API_MATERIAL :: [BONUS, COST, IMAGES, ISSERIALIZED, MEMBERPRICE, PAYTECHSPECIFICBONUS, PRICE, SYNCDATE, PRIMARYVENDOR_ID, PURCHASEORDERLIMITS_REVENUEPERCENT, SOURCEVERSION, ISINVENTORY, RECORD_CREATE_DATE, MASTER_ID, ADDONFLATAMOUNT, COMMISSIONBONUS, HOURS, LOYALTYPROGRAMELIGIBLE, NAME, ORIGINAL_ID, SOLDBYCOMMISSION, UNITOFMEASURE, INVENTORYENABLEDON, USEFIXEDMATERIALPRICE, PAYSFLATAMOUNT, TENANT_TYPE, ARCHIVED, BUSINESSUNIT_ID, COSTOFSALEACCOUNT_ID, CROSSSALEGROUP, DISPLAYINAMOUNT, TAXABLE, ACCOUNT, ACTIVE, ADDONMEMBERPRICE, AVALARACOMMERCIALTAXCODE, CREATEDBY_ID, EXCLUDEFROMPRICEBOOKWIZARD, GENERALLEDGERACCOUNT_ID, IMPORTID, PAYSSOLDBYRATE, RECORD_UPDATE_DATE, SUPPLIERIMAGES, AUTOGLASSTYPE, NOTAX, PAYSCOMMISSION, SCHEDULEDFLATAMOUNT, ADDONPRICE, CATEGORY_ID, DESCRIPTION, ID, COPIEDFROM_ID, CREATEDON, MODIFIEDON, EXTERNALID, ACTIVE_FLAG, ASSETACCOUNT_ID, AVALARARESIDENTIALTAXCODE, DISPLAYNAME, INVENTORYENABLEDBY_ID, PROVIDER_ID, PURCHASEORDERLIMITS_FLATAMOUNT, DEDUCTASJOBCOST, SOURCE, SERIALIZEDON]
Column names for Curated Table --> DIM_MATERIAL :: [BUSINESSUNIT_ID, DEDUCTASJOBCOST, HOURS, MEMBERPRICE, MODIFIEDON, SCHEDULEDFLATAMOUNT, ARCHIVED, BONUS, COST, EXCLUDEFROMPRICEBOOKWIZARD, INVENTORYENABLEDON, SOURCE, ID, RECORD_UPDATED_BY, RECORD_UPDATE_DATE, ADDONPRICE, ASSETACCOUNT_ID, AVALARARESIDENTIALTAXCODE, DESCRIPTION, IMPORTID, ISSERIALIZED, PAYSSOLDBYRATE, ISINVENTORY, NOTAX, CREATEDBY_ID, PRIMARYVENDOR_ID, SERIALIZEDON, GENERALLEDGERACCOUNT_ID, RECORD_CREATE_DATE, CROSSSALEGROUP, SOLDBYCOMMISSION, ACTIVE, CATEGORY_ID, EXTERNALID, NAME, USEFIXEDMATERIALPRICE, INVENTORYENABLEDBY_ID, PAYTECHSPECIFICBONUS, PROVIDER_ID, PURCHASEORDERLIMITS_REVENUEPERCENT, SUPPLIERIMAGES, ACCOUNT, ADDONFLATAMOUNT, COMMISSIONBONUS, CREATEDON, PAYSCOMMISSION, DISPLAYINAMOUNT, SOURCEVERSION, COSTOFSALEACCOUNT_ID, DISPLAYNAME, IMAGES, ORIGINAL_ID, TAXABLE, COPIEDFROM_ID, UNITOFMEASURE, ADDONMEMBERPRICE, AUTOGLASSTYPE, AVALARACOMMERCIALTAXCODE, LOYALTYPROGRAMELIGIBLE, PRICE, PURCHASEORDERLIMITS_FLATAMOUNT, SYNCDATE, TENANT_TYPE, PAYSFLATAMOUNT]
Column Name found in Datamart and Curated Table :: CATEGORY_ID
Column Name found in Datamart and Curated Table :: COSTOFSALEACCOUNT_ID
Column Name found in Datamart and Curated Table :: DISPLAYINAMOUNT
Column Name found in Datamart and Curated Table :: SOLDBYCOMMISSION
Column Name found in Datamart and Curated Table :: ARCHIVED
Column Name found in Datamart and Curated Table :: AVALARACOMMERCIALTAXCODE
Column Name found in Datamart and Curated Table :: BONUS
Column Name found in Datamart and Curated Table :: COMMISSIONBONUS
Column Name found in Datamart and Curated Table :: EXCLUDEFROMPRICEBOOKWIZARD
Column Name found in Datamart and Curated Table :: INVENTORYENABLEDON
Column Name found in Datamart and Curated Table :: PURCHASEORDERLIMITS_FLATAMOUNT
Column Name found in Datamart and Curated Table :: LOYALTYPROGRAMELIGIBLE
Column Name found in Datamart and Curated Table :: ACCOUNT
Column Name found in Datamart and Curated Table :: BUSINESSUNIT_ID
Column Name found in Datamart and Curated Table :: CREATEDON
Column Name found in Datamart and Curated Table :: NOTAX
Column Name found in Datamart and Curated Table :: ORIGINAL_ID
Column Name found in Datamart and Curated Table :: PROVIDER_ID
Column Name found in Datamart and Curated Table :: SERIALIZEDON
Column Name found in Datamart and Curated Table :: UNITOFMEASURE
Column Name found in Datamart and Curated Table :: IMPORTID
Column Name found in Datamart and Curated Table :: DISPLAYNAME
Column Name found in Datamart and Curated Table :: ASSETACCOUNT_ID
Column Name found in Datamart and Curated Table :: COPIEDFROM_ID
Column Name found in Datamart and Curated Table :: ISSERIALIZED
Column Name found in Datamart and Curated Table :: PAYSFLATAMOUNT
Column Name found in Datamart and Curated Table :: PRICE
Column Name found in Datamart and Curated Table :: GENERALLEDGERACCOUNT_ID
Column Name found in Datamart and Curated Table :: ID
Column Name found in Datamart and Curated Table :: ISINVENTORY
Column Name found in Datamart and Curated Table :: ACTIVE
Column Name found in Datamart and Curated Table :: AVALARARESIDENTIALTAXCODE
Column Name found in Datamart and Curated Table :: EXTERNALID
Column Name found in Datamart and Curated Table :: IMAGES
Column Name found in Datamart and Curated Table :: PRIMARYVENDOR_ID
Column Name found in Datamart and Curated Table :: TAXABLE
Column Name found in Datamart and Curated Table :: USEFIXEDMATERIALPRICE
Column Name found in Datamart and Curated Table :: DEDUCTASJOBCOST
Column Name found in Datamart and Curated Table :: SOURCEVERSION
Column Name found in Datamart and Curated Table :: SYNCDATE
Column Name found in Datamart and Curated Table :: MODIFIEDON
Column Name found in Datamart and Curated Table :: ADDONMEMBERPRICE
Column Name found in Datamart and Curated Table :: COST
Column Name found in Datamart and Curated Table :: NAME
Column Name found in Datamart and Curated Table :: PAYSCOMMISSION
Column Name found in Datamart and Curated Table :: PAYSSOLDBYRATE
Column Name found in Datamart and Curated Table :: DESCRIPTION
Column Name found in Datamart and Curated Table :: HOURS
Column Name found in Datamart and Curated Table :: SCHEDULEDFLATAMOUNT
Column Name found in Datamart and Curated Table :: SOURCE
Column Name found in Datamart and Curated Table :: ADDONFLATAMOUNT
Column Name found in Datamart and Curated Table :: ADDONPRICE
Column Name found in Datamart and Curated Table :: AUTOGLASSTYPE
Column Name found in Datamart and Curated Table :: CROSSSALEGROUP
Column Name found in Datamart and Curated Table :: PAYTECHSPECIFICBONUS
Column Name found in Datamart and Curated Table :: PURCHASEORDERLIMITS_REVENUEPERCENT
Column Name found in Datamart and Curated Table :: SUPPLIERIMAGES
Column Name found in Datamart and Curated Table :: CREATEDBY_ID
Column Name found in Datamart and Curated Table :: MEMBERPRICE
Column Name found in Datamart and Curated Table :: INVENTORYENABLEDBY_ID
Column Name found in Datamart and Curated Table :: TENANT_TYPE
Datamart tables contains additional column name like [ACTIVE_FLAG, RECORD_CREATE_DATE, RECORD_UPDATE_DATE, MASTER_ID]
Curated tables contains additional column name like [RECORD_CREATE_DATE, RECORD_UPDATE_DATE, RECORD_UPDATED_BY]]]>
  </system-out>
  <testcase classname="testcases.RAW_DATAMART_CURATED.SnowFlake_ColumnValidation_APITables" name="validateColumnName_BKP" time="2.163"/>
  <system-out>
    <![CDATA[Executing Snowflake query :: SELECT COLUMN_NAME FROM DEV_ENT_RAW.INFORMATION_SCHEMA.COLUMNS WHERE TABLE_NAME='ST_API_CUSTOMERMEMBERSHIP'and TABLE_SCHEMA='API_MAT'
Executing Snowflake query :: SELECT COLUMN_NAME FROM CURATED_DATAMART.INFORMATION_SCHEMA.COLUMNS WHERE TABLE_NAME='STR_API_CUSTOMERMEMBERSHIP'and TABLE_SCHEMA='ST_API_HENDERSON'
Executing Snowflake query :: SELECT COLUMN_NAME FROM DEV_ENT_CURATED.INFORMATION_SCHEMA.COLUMNS WHERE TABLE_NAME='DIM_CUSTOMERMEMBERSHIP'and TABLE_SCHEMA='MASTER_DIMENSIONS'
Column names for RAW Table --> ST_API_CUSTOMERMEMBERSHIP :: [CREATEDBY_ID, NEXTSCHEDULEDBILLDATE, DURATION, PAYMENTTYPE_ID, CANCELLATIONDATE, CUSTOMERPO, RENEWALDURATION, FOLLOWUPSTATUS, ID, LOCATION_ID, RENEWALMEMBERSHIPTASKREFERENCE_SKUID, PREVIOUSRECURRINGLOCATION_ID, RECURRINGLOCATION_ID, TYPE_ID, MODIFIEDON, ACTIVATEDFROM_ID, BILLINGFREQUENCY, CREATEDON, INVOICETEMPLATE_ID, MEMO, RENEWALMEMBERSHIPTASKREFERENCE_SKUTYPE, BILLINGTEMPLATE_ID, INITIALDEFERREDREVENUE, IMPORTID, ACTIVATEDBY_ID, BILLINGPREFERENCE, BUSINESSUNIT_ID, CUSTOMER_ID, FOLLOWUPCUSTOMSTATUS_ID, STATUS, EXPIREDAT, ACTIVE, BILLINGCOVERAGEPERIOD, FROM, RENEWALBILLINGFREQUENCY, RENEWEDBY_ID, CANCELATIONBALANCEINVOICE_ID, FOLLOWUPON, BILLINGEMAIL_ID, CANCELATIONBUYOUTINVOICE_ID, FIRSTSCHEDULEDBILLDATE, CANCELATIONINVOICE_ID, RENEWALMEMBERSHIPTASK_ID, SOLDBY_ID, TO, PAYMENTMETHOD_ID, TENANT_TYPE]
Column names for DataMart Table --> STR_API_CUSTOMERMEMBERSHIP :: [BILLINGEMAIL_ID, CANCELATIONINVOICE_ID, CREATEDON, IMPORTID, NEXTSCHEDULEDBILLDATE, TYPE_ID, CANCELLATIONDATE, CUSTOMER_ID, RENEWALMEMBERSHIPTASKREFERENCE_SKUID, PREVIOUSRECURRINGLOCATION_ID, FOLLOWUPSTATUS, EXPIREDAT, FROM, INVOICETEMPLATE_ID, MODIFIEDON, RENEWALMEMBERSHIPTASKREFERENCE_SKUTYPE, RECORD_CREATE_DATE, RENEWALMEMBERSHIPTASK_ID, MASTER_ID, SOLDBY_ID, ACTIVE, RECORD_UPDATE_DATE, RENEWALDURATION, PAYMENTTYPE_ID, INITIALDEFERREDREVENUE, BILLINGFREQUENCY, BUSINESSUNIT_ID, CANCELATIONBALANCEINVOICE_ID, RENEWEDBY_ID, FOLLOWUPCUSTOMSTATUS_ID, CUSTOMERPO, TENANT_TYPE, ACTIVATEDBY_ID, ACTIVATEDFROM_ID, ID, RECURRINGLOCATION_ID, RENEWALBILLINGFREQUENCY, CANCELATIONBUYOUTINVOICE_ID, LOCATION_ID, FOLLOWUPON, ACTIVE_FLAG, BILLINGTEMPLATE_ID, FIRSTSCHEDULEDBILLDATE, BILLINGPREFERENCE, CREATEDBY_ID, PAYMENTMETHOD_ID, STATUS, BILLINGCOVERAGEPERIOD, DURATION, MEMO, TO]
Column names for Curated Table --> DIM_CUSTOMERMEMBERSHIP :: [BILLINGFREQUENCY, CREATEDBY_ID, MODIFIEDON, PAYMENTTYPE_ID, RECURRINGLOCATION_ID, ACTIVE, BILLINGEMAIL_ID, FIRSTSCHEDULEDBILLDATE, RENEWALMEMBERSHIPTASKREFERENCE_SKUTYPE, TENANT_TYPE, ACTIVATEDBY_ID, BUSINESSUNIT_ID, CREATEDON, ID, INITIALDEFERREDREVENUE, CUSTOMERPO, FOLLOWUPSTATUS, RENEWALDURATION, RECORD_UPDATED_BY, BILLINGTEMPLATE_ID, FOLLOWUPCUSTOMSTATUS_ID, PAYMENTMETHOD_ID, RECORD_UPDATE_DATE, SOLDBY_ID, TYPE_ID, RENEWALMEMBERSHIPTASK_ID, BILLINGPREFERENCE, EXPIREDAT, NEXTSCHEDULEDBILLDATE, ACTIVATEDFROM_ID, CANCELATIONBALANCEINVOICE_ID, FROM, RECORD_CREATE_DATE, RENEWALMEMBERSHIPTASKREFERENCE_SKUID, TO, FOLLOWUPON, BILLINGCOVERAGEPERIOD, CUSTOMER_ID, DURATION, IMPORTID, RENEWALBILLINGFREQUENCY, STATUS, MEMO, CANCELATIONINVOICE_ID, CANCELLATIONDATE, PREVIOUSRECURRINGLOCATION_ID, CANCELATIONBUYOUTINVOICE_ID, INVOICETEMPLATE_ID, LOCATION_ID, RENEWEDBY_ID]
Column Name found in Datamart and Curated Table :: CREATEDBY_ID
Column Name found in Datamart and Curated Table :: NEXTSCHEDULEDBILLDATE
Column Name found in Datamart and Curated Table :: DURATION
Column Name found in Datamart and Curated Table :: PAYMENTTYPE_ID
Column Name found in Datamart and Curated Table :: CANCELLATIONDATE
Column Name found in Datamart and Curated Table :: CUSTOMERPO
Column Name found in Datamart and Curated Table :: RENEWALDURATION
Column Name found in Datamart and Curated Table :: FOLLOWUPSTATUS
Column Name found in Datamart and Curated Table :: ID
Column Name found in Datamart and Curated Table :: LOCATION_ID
Column Name found in Datamart and Curated Table :: RENEWALMEMBERSHIPTASKREFERENCE_SKUID
Column Name found in Datamart and Curated Table :: PREVIOUSRECURRINGLOCATION_ID
Column Name found in Datamart and Curated Table :: RECURRINGLOCATION_ID
Column Name found in Datamart and Curated Table :: TYPE_ID
Column Name found in Datamart and Curated Table :: MODIFIEDON
Column Name found in Datamart and Curated Table :: ACTIVATEDFROM_ID
Column Name found in Datamart and Curated Table :: BILLINGFREQUENCY
Column Name found in Datamart and Curated Table :: CREATEDON
Column Name found in Datamart and Curated Table :: INVOICETEMPLATE_ID
Column Name found in Datamart and Curated Table :: MEMO
Column Name found in Datamart and Curated Table :: RENEWALMEMBERSHIPTASKREFERENCE_SKUTYPE
Column Name found in Datamart and Curated Table :: BILLINGTEMPLATE_ID
Column Name found in Datamart and Curated Table :: INITIALDEFERREDREVENUE
Column Name found in Datamart and Curated Table :: IMPORTID
Column Name found in Datamart and Curated Table :: ACTIVATEDBY_ID
Column Name found in Datamart and Curated Table :: BILLINGPREFERENCE
Column Name found in Datamart and Curated Table :: BUSINESSUNIT_ID
Column Name found in Datamart and Curated Table :: CUSTOMER_ID
Column Name found in Datamart and Curated Table :: FOLLOWUPCUSTOMSTATUS_ID
Column Name found in Datamart and Curated Table :: STATUS
Column Name found in Datamart and Curated Table :: EXPIREDAT
Column Name found in Datamart and Curated Table :: ACTIVE
Column Name found in Datamart and Curated Table :: BILLINGCOVERAGEPERIOD
Column Name found in Datamart and Curated Table :: FROM
Column Name found in Datamart and Curated Table :: RENEWALBILLINGFREQUENCY
Column Name found in Datamart and Curated Table :: RENEWEDBY_ID
Column Name found in Datamart and Curated Table :: CANCELATIONBALANCEINVOICE_ID
Column Name found in Datamart and Curated Table :: FOLLOWUPON
Column Name found in Datamart and Curated Table :: BILLINGEMAIL_ID
Column Name found in Datamart and Curated Table :: CANCELATIONBUYOUTINVOICE_ID
Column Name found in Datamart and Curated Table :: FIRSTSCHEDULEDBILLDATE
Column Name found in Datamart and Curated Table :: CANCELATIONINVOICE_ID
Column Name found in Datamart and Curated Table :: RENEWALMEMBERSHIPTASK_ID
Column Name found in Datamart and Curated Table :: SOLDBY_ID
Column Name found in Datamart and Curated Table :: TO
Column Name found in Datamart and Curated Table :: PAYMENTMETHOD_ID
Column Name found in Datamart and Curated Table :: TENANT_TYPE
Datamart tables contains additional column name like [ACTIVE_FLAG, RECORD_CREATE_DATE, RECORD_UPDATE_DATE, MASTER_ID]
Curated tables contains additional column name like [RECORD_CREATE_DATE, RECORD_UPDATE_DATE, RECORD_UPDATED_BY]]]>
  </system-out>
  <testcase classname="testcases.RAW_DATAMART_CURATED.SnowFlake_ColumnValidation_APITables" name="validateColumnName_BKP" time="2.446"/>
  <system-out>
    <![CDATA[Executing Snowflake query :: SELECT COLUMN_NAME FROM DEV_ENT_RAW.INFORMATION_SCHEMA.COLUMNS WHERE TABLE_NAME='ST_API_ZONE'and TABLE_SCHEMA='API_MAT'
Executing Snowflake query :: SELECT COLUMN_NAME FROM CURATED_DATAMART.INFORMATION_SCHEMA.COLUMNS WHERE TABLE_NAME='STR_API_ZONE'and TABLE_SCHEMA='ST_API_SNELLHEATINGAIR'
Executing Snowflake query :: SELECT COLUMN_NAME FROM DEV_ENT_CURATED.INFORMATION_SCHEMA.COLUMNS WHERE TABLE_NAME='DIM_ZONE'and TABLE_SCHEMA='MASTER_DIMENSIONS'
Column names for RAW Table --> ST_API_ZONE :: [LOCNNUMBERS, MODIFIEDON, CREATEDON, COLOR, ID, SERVICEDAYSENABLED, CREATEDBY_ID, IMPORTID, ACTIVE, NAME, TERRITORYNUMBERS, CITIES, SERVICEDAYS, ZIPS, MAXDRIVETIMEADJUSTMENT, TENANT_TYPE]
Column names for DataMart Table --> STR_API_ZONE :: [CREATEDON, LOCNNUMBERS, NAME, RECORD_CREATE_DATE, ZIPS, RECORD_UPDATE_DATE, SERVICEDAYSENABLED, TERRITORYNUMBERS, MASTER_ID, MODIFIEDON, ACTIVE, MAXDRIVETIMEADJUSTMENT, CITIES, IMPORTID, TENANT_TYPE, CREATEDBY_ID, SERVICEDAYS, ACTIVE_FLAG, COLOR, ID]
Column names for Curated Table --> DIM_ZONE :: [CREATEDON, ID, ZIPS, CITIES, IMPORTID, LOCNNUMBERS, MODIFIEDON, NAME, SERVICEDAYS, TENANT_TYPE, MAXDRIVETIMEADJUSTMENT, TERRITORYNUMBERS, RECORD_CREATE_DATE, ACTIVE, CREATEDBY_ID, SERVICEDAYSENABLED, RECORD_UPDATE_DATE, COLOR, RECORD_UPDATED_BY]
Column Name found in Datamart and Curated Table :: LOCNNUMBERS
Column Name found in Datamart and Curated Table :: MODIFIEDON
Column Name found in Datamart and Curated Table :: CREATEDON
Column Name found in Datamart and Curated Table :: COLOR
Column Name found in Datamart and Curated Table :: ID
Column Name found in Datamart and Curated Table :: SERVICEDAYSENABLED
Column Name found in Datamart and Curated Table :: CREATEDBY_ID
Column Name found in Datamart and Curated Table :: IMPORTID
Column Name found in Datamart and Curated Table :: ACTIVE
Column Name found in Datamart and Curated Table :: NAME
Column Name found in Datamart and Curated Table :: TERRITORYNUMBERS
Column Name found in Datamart and Curated Table :: CITIES
Column Name found in Datamart and Curated Table :: SERVICEDAYS
Column Name found in Datamart and Curated Table :: ZIPS
Column Name found in Datamart and Curated Table :: MAXDRIVETIMEADJUSTMENT
Column Name found in Datamart and Curated Table :: TENANT_TYPE
Datamart tables contains additional column name like [ACTIVE_FLAG, RECORD_CREATE_DATE, RECORD_UPDATE_DATE, MASTER_ID]
Curated tables contains additional column name like [RECORD_CREATE_DATE, RECORD_UPDATE_DATE, RECORD_UPDATED_BY]]]>
  </system-out>
  <testcase classname="testcases.RAW_DATAMART_CURATED.SnowFlake_ColumnValidation_APITables" name="validateColumnName_BKP" time="2.228"/>
  <system-out>
    <![CDATA[Executing Snowflake query :: SELECT COLUMN_NAME FROM DEV_ENT_RAW.INFORMATION_SCHEMA.COLUMNS WHERE TABLE_NAME='ST_API_CATEGORY'and TABLE_SCHEMA='API_MAT'
Executing Snowflake query :: SELECT COLUMN_NAME FROM CURATED_DATAMART.INFORMATION_SCHEMA.COLUMNS WHERE TABLE_NAME='STR_API_CATEGORY'and TABLE_SCHEMA='ST_API_HENDERSON'
Executing Snowflake query :: SELECT COLUMN_NAME FROM DEV_ENT_CURATED.INFORMATION_SCHEMA.COLUMNS WHERE TABLE_NAME='DIM_CATEGORY'and TABLE_SCHEMA='MASTER_DIMENSIONS'
Column names for RAW Table --> ST_API_CATEGORY :: [SOURCEVERSION, SUPPLIERIMAGES, CREATEDBY_ID, CREATEDON, IMAGE, CATEGORYTYPE, HIDEINMOBILE, ID, IMPORTID, PARENT_ID, BUSINESSUNIT_ID, SOURCE, ACTIVE, AVALARACOMMERCIALTAXCODE, DESCRIPTION, AVALARARESIDENTIALTAXCODE, NAME, SKUIMAGES, POSITION, EXTERNALID, TENANT_TYPE]
Column names for DataMart Table --> STR_API_CATEGORY :: [HIDEINMOBILE, SKUIMAGES, EXTERNALID, RECORD_CREATE_DATE, CREATEDON, IMPORTID, MASTER_ID, SOURCE, AVALARACOMMERCIALTAXCODE, ACTIVE_FLAG, CREATEDBY_ID, ID, TENANT_TYPE, AVALARARESIDENTIALTAXCODE, IMAGE, SOURCEVERSION, CATEGORYTYPE, PARENT_ID, ACTIVE, POSITION, SUPPLIERIMAGES, DESCRIPTION, BUSINESSUNIT_ID, NAME, RECORD_UPDATE_DATE]
Column names for Curated Table --> DIM_CATEGORY :: [AVALARARESIDENTIALTAXCODE, POSITION, SOURCEVERSION, IMAGE, ACTIVE, IMPORTID, NAME, SKUIMAGES, CREATEDBY_ID, PARENT_ID, SOURCE, DESCRIPTION, EXTERNALID, SUPPLIERIMAGES, AVALARACOMMERCIALTAXCODE, BUSINESSUNIT_ID, CATEGORYTYPE, ID, RECORD_UPDATE_DATE, TENANT_TYPE, RECORD_UPDATED_BY, CREATEDON, HIDEINMOBILE, RECORD_CREATE_DATE]
Column Name found in Datamart and Curated Table :: SOURCEVERSION
Column Name found in Datamart and Curated Table :: SUPPLIERIMAGES
Column Name found in Datamart and Curated Table :: CREATEDBY_ID
Column Name found in Datamart and Curated Table :: CREATEDON
Column Name found in Datamart and Curated Table :: IMAGE
Column Name found in Datamart and Curated Table :: CATEGORYTYPE
Column Name found in Datamart and Curated Table :: HIDEINMOBILE
Column Name found in Datamart and Curated Table :: ID
Column Name found in Datamart and Curated Table :: IMPORTID
Column Name found in Datamart and Curated Table :: PARENT_ID
Column Name found in Datamart and Curated Table :: BUSINESSUNIT_ID
Column Name found in Datamart and Curated Table :: SOURCE
Column Name found in Datamart and Curated Table :: ACTIVE
Column Name found in Datamart and Curated Table :: AVALARACOMMERCIALTAXCODE
Column Name found in Datamart and Curated Table :: DESCRIPTION
Column Name found in Datamart and Curated Table :: AVALARARESIDENTIALTAXCODE
Column Name found in Datamart and Curated Table :: NAME
Column Name found in Datamart and Curated Table :: SKUIMAGES
Column Name found in Datamart and Curated Table :: POSITION
Column Name found in Datamart and Curated Table :: EXTERNALID
Column Name found in Datamart and Curated Table :: TENANT_TYPE
Datamart tables contains additional column name like [ACTIVE_FLAG, RECORD_CREATE_DATE, RECORD_UPDATE_DATE, MASTER_ID]
Curated tables contains additional column name like [RECORD_CREATE_DATE, RECORD_UPDATE_DATE, RECORD_UPDATED_BY]]]>
  </system-out>
  <testcase classname="testcases.RAW_DATAMART_CURATED.SnowFlake_ColumnValidation_APITables" name="validateColumnName_BKP" time="2.666"/>
  <system-out>
    <![CDATA[Executing Snowflake query :: SELECT COLUMN_NAME FROM DEV_ENT_RAW.INFORMATION_SCHEMA.COLUMNS WHERE TABLE_NAME='ST_API_HOLDJOBREASON'and TABLE_SCHEMA='API_MAT'
Executing Snowflake query :: SELECT COLUMN_NAME FROM CURATED_DATAMART.INFORMATION_SCHEMA.COLUMNS WHERE TABLE_NAME='STR_API_HOLDJOBREASON'and TABLE_SCHEMA='ST_API_HARP'
Executing Snowflake query :: SELECT COLUMN_NAME FROM DEV_ENT_CURATED.INFORMATION_SCHEMA.COLUMNS WHERE TABLE_NAME='DIM_HOLDJOBREASON'and TABLE_SCHEMA='MASTER_DIMENSIONS'
Column names for RAW Table --> ST_API_HOLDJOBREASON :: [ID, ACTIVE, MODIFIEDON, CREATEDBY_ID, CREATEDON, NAME, IMPORTID, TENANT_TYPE]
Column names for DataMart Table --> STR_API_HOLDJOBREASON :: [ACTIVE_FLAG, RECORD_CREATE_DATE, NAME, RECORD_UPDATE_DATE, TENANT_TYPE, CREATEDBY_ID, IMPORTID, MODIFIEDON, ACTIVE, CREATEDON, ID, MASTER_ID]
Column names for Curated Table --> DIM_HOLDJOBREASON :: [ACTIVE, ID, NAME, RECORD_UPDATED_BY, CREATEDON, MODIFIEDON, RECORD_CREATE_DATE, RECORD_UPDATE_DATE, TENANT_TYPE, IMPORTID, CREATEDBY_ID]
Column Name found in Datamart and Curated Table :: ID
Column Name found in Datamart and Curated Table :: ACTIVE
Column Name found in Datamart and Curated Table :: MODIFIEDON
Column Name found in Datamart and Curated Table :: CREATEDBY_ID
Column Name found in Datamart and Curated Table :: CREATEDON
Column Name found in Datamart and Curated Table :: NAME
Column Name found in Datamart and Curated Table :: IMPORTID
Column Name found in Datamart and Curated Table :: TENANT_TYPE
Datamart tables contains additional column name like [ACTIVE_FLAG, RECORD_CREATE_DATE, RECORD_UPDATE_DATE, MASTER_ID]
Curated tables contains additional column name like [RECORD_CREATE_DATE, RECORD_UPDATE_DATE, RECORD_UPDATED_BY]]]>
  </system-out>
  <testcase classname="testcases.RAW_DATAMART_CURATED.SnowFlake_ColumnValidation_APITables" name="validateColumnName_BKP" time="2.352"/>
  <system-out>
    <![CDATA[Executing Snowflake query :: SELECT COLUMN_NAME FROM DEV_ENT_RAW.INFORMATION_SCHEMA.COLUMNS WHERE TABLE_NAME='ST_API_ESTIMATEITEM'and TABLE_SCHEMA='API_MAT'
Executing Snowflake query :: SELECT COLUMN_NAME FROM CURATED_DATAMART.INFORMATION_SCHEMA.COLUMNS WHERE TABLE_NAME='STR_API_ESTIMATEITEM'and TABLE_SCHEMA='ST_API_HARP'
Executing Snowflake query :: SELECT COLUMN_NAME FROM DEV_ENT_CURATED.INFORMATION_SCHEMA.COLUMNS WHERE TABLE_NAME='DIM_ESTIMATEITEM'and TABLE_SCHEMA='MASTER_DIMENSIONS'
Column names for RAW Table --> ST_API_ESTIMATEITEM :: [ESTIMATE_ID, ID, INSTALLEDEQUIPMENT_ID, SCHEDULEDFLATAMOUNT, AUTOGLASSITEM_ID, COST, ISADDON, ITEMGROUPROOT_ID, RENEWABLEMEMBERSHIP_ID, UNITPRICE, MARKUP, PROJECTLABELS, SKUREFERENCE_SKUTYPE, SOLDBY_ID, SKUREFERENCE_SKUID, ACTIVE, CHARGEABLE, CREATEDFROM_ID, MEMBERSHIPDURATION, PROJECTORDER, QUANTITY, COSTOFSALEACCOUNT_ID, ADDONFLATAMOUNT, EQUIPMENT_ID, STANDARDPRICE, ACCOUNT, GENERALLEDGERACCOUNT_ID, TOTALCOST, MODIFIEDON, SKU_ID, DESCRIPTION, INVOICEITEM_ID, LASTUNITPRICESETBYEMPLOYEE, MEMBERPRICE, PAYSSOLDBYRATE, IMPORTID, ISNOTGOINGTOBEDONE, TAXABLE, ITEMGROUPNAME, ALLOWDISCOUNTS, DEMANDSTATUS, MEMBERSHIPBILLINGFREQUENCY, PARENTITEM_ID, PAYSFLATAMOUNT, TOTAL, CREATEDBY_ID, CREATEDON, PRICEMODIFIER_ID, ORDER, TENANT_TYPE]
Column names for DataMart Table --> STR_API_ESTIMATEITEM :: [ALLOWDISCOUNTS, CREATEDON, PAYSSOLDBYRATE, QUANTITY, TENANT_TYPE, TOTAL, UNITPRICE, MEMBERSHIPDURATION, COST, COSTOFSALEACCOUNT_ID, EQUIPMENT_ID, DESCRIPTION, ESTIMATE_ID, MEMBERSHIPBILLINGFREQUENCY, PROJECTORDER, RECORD_CREATE_DATE, AUTOGLASSITEM_ID, SOLDBY_ID, TOTALCOST, ADDONFLATAMOUNT, ISHIDDENFROMCUSTOMER, MARKUP, ORDER, RECORD_UPDATED_BY, RENEWABLEMEMBERSHIP_ID, SKUREFERENCE_SKUTYPE, STANDARDPRICE, MEMBERPRICE, ID, INVOICEITEM_ID, ITEMGROUPROOT_ID, LASTUNITPRICESETBYEMPLOYEE, ITEMGROUPNAME, SCHEDULEDFLATAMOUNT, CHARGEABLE, PAYSFLATAMOUNT, PRICEMODIFIER_ID, DEMANDSTATUS, INSTALLEDEQUIPMENT_ID, RECORD_UPDATE_DATE, SKU_ID, ACCOUNT, CREATEDBY_ID, IMPORTID, MASTER_ID, CREATEDFROM_ID, GENERALLEDGERACCOUNT_ID, ISADDON, MODIFIEDON, PROJECTLABELS, TAXABLE, ACTIVE, ACTIVE_FLAG, ISNOTGOINGTOBEDONE, PARENTITEM_ID, SKUREFERENCE_SKUID]
Column names for Curated Table --> DIM_ESTIMATEITEM :: [CREATEDON, DEMANDSTATUS, MEMBERPRICE, MEMBERSHIPBILLINGFREQUENCY, MEMBERSHIPDURATION, SKUREFERENCE_SKUTYPE, ADDONFLATAMOUNT, AUTOGLASSITEM_ID, COST, ID, PAYSSOLDBYRATE, STANDARDPRICE, TENANT_TYPE, TOTAL, RECORD_CREATE_DATE, ITEMGROUPROOT_ID, PARENTITEM_ID, ORDER, PROJECTLABELS, SOLDBY_ID, PROJECTORDER, ACTIVE, ALLOWDISCOUNTS, CREATEDFROM_ID, DESCRIPTION, ESTIMATE_ID, MARKUP, ISADDON, CREATEDBY_ID, GENERALLEDGERACCOUNT_ID, INVOICEITEM_ID, PRICEMODIFIER_ID, RECORD_UPDATED_BY, SKUREFERENCE_SKUID, QUANTITY, CHARGEABLE, ISHIDDENFROMCUSTOMER, SKU_ID, COSTOFSALEACCOUNT_ID, ISNOTGOINGTOBEDONE, TOTALCOST, INSTALLEDEQUIPMENT_ID, ITEMGROUPNAME, PAYSFLATAMOUNT, TAXABLE, SCHEDULEDFLATAMOUNT, ACCOUNT, EQUIPMENT_ID, LASTUNITPRICESETBYEMPLOYEE, RENEWABLEMEMBERSHIP_ID, IMPORTID, RECORD_UPDATE_DATE, UNITPRICE, MODIFIEDON]
Column Name found in Datamart and Curated Table :: ESTIMATE_ID
Column Name found in Datamart and Curated Table :: ID
Column Name found in Datamart and Curated Table :: INSTALLEDEQUIPMENT_ID
Column Name found in Datamart and Curated Table :: SCHEDULEDFLATAMOUNT
Column Name found in Datamart and Curated Table :: AUTOGLASSITEM_ID
Column Name found in Datamart and Curated Table :: COST
Column Name found in Datamart and Curated Table :: ISADDON
Column Name found in Datamart and Curated Table :: ITEMGROUPROOT_ID
Column Name found in Datamart and Curated Table :: RENEWABLEMEMBERSHIP_ID
Column Name found in Datamart and Curated Table :: UNITPRICE
Column Name found in Datamart and Curated Table :: MARKUP
Column Name found in Datamart and Curated Table :: PROJECTLABELS
Column Name found in Datamart and Curated Table :: SKUREFERENCE_SKUTYPE
Column Name found in Datamart and Curated Table :: SOLDBY_ID
Column Name found in Datamart and Curated Table :: SKUREFERENCE_SKUID
Column Name found in Datamart and Curated Table :: ACTIVE
Column Name found in Datamart and Curated Table :: CHARGEABLE
Column Name found in Datamart and Curated Table :: CREATEDFROM_ID
Column Name found in Datamart and Curated Table :: MEMBERSHIPDURATION
Column Name found in Datamart and Curated Table :: PROJECTORDER
Column Name found in Datamart and Curated Table :: QUANTITY
Column Name found in Datamart and Curated Table :: COSTOFSALEACCOUNT_ID
Column Name found in Datamart and Curated Table :: ADDONFLATAMOUNT
Column Name found in Datamart and Curated Table :: EQUIPMENT_ID
Column Name found in Datamart and Curated Table :: STANDARDPRICE
Column Name found in Datamart and Curated Table :: ACCOUNT
Column Name found in Datamart and Curated Table :: GENERALLEDGERACCOUNT_ID
Column Name found in Datamart and Curated Table :: TOTALCOST
Column Name found in Datamart and Curated Table :: MODIFIEDON
Column Name found in Datamart and Curated Table :: SKU_ID
Column Name found in Datamart and Curated Table :: DESCRIPTION
Column Name found in Datamart and Curated Table :: INVOICEITEM_ID
Column Name found in Datamart and Curated Table :: LASTUNITPRICESETBYEMPLOYEE
Column Name found in Datamart and Curated Table :: MEMBERPRICE
Column Name found in Datamart and Curated Table :: PAYSSOLDBYRATE
Column Name found in Datamart and Curated Table :: IMPORTID
Column Name found in Datamart and Curated Table :: ISNOTGOINGTOBEDONE
Column Name found in Datamart and Curated Table :: TAXABLE
Column Name found in Datamart and Curated Table :: ITEMGROUPNAME
Column Name found in Datamart and Curated Table :: ALLOWDISCOUNTS
Column Name found in Datamart and Curated Table :: DEMANDSTATUS
Column Name found in Datamart and Curated Table :: MEMBERSHIPBILLINGFREQUENCY
Column Name found in Datamart and Curated Table :: PARENTITEM_ID
Column Name found in Datamart and Curated Table :: PAYSFLATAMOUNT
Column Name found in Datamart and Curated Table :: TOTAL
Column Name found in Datamart and Curated Table :: CREATEDBY_ID
Column Name found in Datamart and Curated Table :: CREATEDON
Column Name found in Datamart and Curated Table :: PRICEMODIFIER_ID
Column Name found in Datamart and Curated Table :: ORDER
Column Name found in Datamart and Curated Table :: TENANT_TYPE
Datamart tables contains additional column name like [ACTIVE_FLAG, RECORD_CREATE_DATE, RECORD_UPDATE_DATE, MASTER_ID]
Curated tables contains additional column name like [RECORD_CREATE_DATE, RECORD_UPDATE_DATE, RECORD_UPDATED_BY]]]>
  </system-out>
  <testcase classname="testcases.RAW_DATAMART_CURATED.SnowFlake_ColumnValidation_APITables" name="validateColumnName_BKP" time="2.759"/>
  <system-out>
    <![CDATA[Executing Snowflake query :: SELECT COLUMN_NAME FROM DEV_ENT_RAW.INFORMATION_SCHEMA.COLUMNS WHERE TABLE_NAME='ST_API_MATERIAL'and TABLE_SCHEMA='API_MAT'
Executing Snowflake query :: SELECT COLUMN_NAME FROM CURATED_DATAMART.INFORMATION_SCHEMA.COLUMNS WHERE TABLE_NAME='STR_API_MATERIAL'and TABLE_SCHEMA='ST_API_GOLDMEDAL'
Executing Snowflake query :: SELECT COLUMN_NAME FROM DEV_ENT_CURATED.INFORMATION_SCHEMA.COLUMNS WHERE TABLE_NAME='DIM_MATERIAL'and TABLE_SCHEMA='MASTER_DIMENSIONS'
Column names for RAW Table --> ST_API_MATERIAL :: [CATEGORY_ID, COSTOFSALEACCOUNT_ID, DISPLAYINAMOUNT, SOLDBYCOMMISSION, ARCHIVED, AVALARACOMMERCIALTAXCODE, BONUS, COMMISSIONBONUS, EXCLUDEFROMPRICEBOOKWIZARD, INVENTORYENABLEDON, PURCHASEORDERLIMITS_FLATAMOUNT, LOYALTYPROGRAMELIGIBLE, ACCOUNT, BUSINESSUNIT_ID, CREATEDON, NOTAX, ORIGINAL_ID, PROVIDER_ID, SERIALIZEDON, UNITOFMEASURE, IMPORTID, DISPLAYNAME, ASSETACCOUNT_ID, COPIEDFROM_ID, ISSERIALIZED, PAYSFLATAMOUNT, PRICE, GENERALLEDGERACCOUNT_ID, ID, ISINVENTORY, ACTIVE, AVALARARESIDENTIALTAXCODE, EXTERNALID, IMAGES, PRIMARYVENDOR_ID, TAXABLE, USEFIXEDMATERIALPRICE, DEDUCTASJOBCOST, SOURCEVERSION, SYNCDATE, MODIFIEDON, ADDONMEMBERPRICE, COST, NAME, PAYSCOMMISSION, PAYSSOLDBYRATE, DESCRIPTION, HOURS, SCHEDULEDFLATAMOUNT, SOURCE, ADDONFLATAMOUNT, ADDONPRICE, AUTOGLASSTYPE, CROSSSALEGROUP, PAYTECHSPECIFICBONUS, PURCHASEORDERLIMITS_REVENUEPERCENT, SUPPLIERIMAGES, CREATEDBY_ID, MEMBERPRICE, INVENTORYENABLEDBY_ID, TENANT_TYPE]
Column names for DataMart Table --> STR_API_MATERIAL :: [ACTIVE, UNITOFMEASURE, PAYSFLATAMOUNT, PRICE, ADDONPRICE, AVALARARESIDENTIALTAXCODE, COMMISSIONBONUS, ISSERIALIZED, MASTER_ID, NOTAX, PAYSCOMMISSION, BONUS, COSTOFSALEACCOUNT_ID, PROVIDER_ID, TAXABLE, PURCHASEORDERLIMITS_REVENUEPERCENT, AUTOGLASSTYPE, ACCOUNT, AVALARACOMMERCIALTAXCODE, CREATEDON, CROSSSALEGROUP, IMAGES, RECORD_UPDATE_DATE, SOURCEVERSION, INVENTORYENABLEDON, PAYTECHSPECIFICBONUS, ARCHIVED, ASSETACCOUNT_ID, COPIEDFROM_ID, EXTERNALID, ISINVENTORY, SUPPLIERIMAGES, PRIMARYVENDOR_ID, SCHEDULEDFLATAMOUNT, ADDONFLATAMOUNT, CATEGORY_ID, COST, EXCLUDEFROMPRICEBOOKWIZARD, RECORD_CREATE_DATE, ADDONMEMBERPRICE, DESCRIPTION, GENERALLEDGERACCOUNT_ID, IMPORTID, INVENTORYENABLEDBY_ID, LOYALTYPROGRAMELIGIBLE, NAME, PAYSSOLDBYRATE, USEFIXEDMATERIALPRICE, DISPLAYNAME, HOURS, SERIALIZEDON, SOLDBYCOMMISSION, ACTIVE_FLAG, DEDUCTASJOBCOST, DISPLAYINAMOUNT, MEMBERPRICE, SYNCDATE, ID, SOURCE, TENANT_TYPE, MODIFIEDON, CREATEDBY_ID, BUSINESSUNIT_ID, ORIGINAL_ID, PURCHASEORDERLIMITS_FLATAMOUNT]
Column names for Curated Table --> DIM_MATERIAL :: [BUSINESSUNIT_ID, DEDUCTASJOBCOST, HOURS, MEMBERPRICE, MODIFIEDON, SCHEDULEDFLATAMOUNT, ARCHIVED, BONUS, COST, EXCLUDEFROMPRICEBOOKWIZARD, INVENTORYENABLEDON, SOURCE, ID, RECORD_UPDATED_BY, RECORD_UPDATE_DATE, ADDONPRICE, ASSETACCOUNT_ID, AVALARARESIDENTIALTAXCODE, DESCRIPTION, IMPORTID, ISSERIALIZED, PAYSSOLDBYRATE, ISINVENTORY, NOTAX, CREATEDBY_ID, PRIMARYVENDOR_ID, SERIALIZEDON, GENERALLEDGERACCOUNT_ID, RECORD_CREATE_DATE, CROSSSALEGROUP, SOLDBYCOMMISSION, ACTIVE, CATEGORY_ID, EXTERNALID, NAME, USEFIXEDMATERIALPRICE, INVENTORYENABLEDBY_ID, PAYTECHSPECIFICBONUS, PROVIDER_ID, PURCHASEORDERLIMITS_REVENUEPERCENT, SUPPLIERIMAGES, ACCOUNT, ADDONFLATAMOUNT, COMMISSIONBONUS, CREATEDON, PAYSCOMMISSION, DISPLAYINAMOUNT, SOURCEVERSION, COSTOFSALEACCOUNT_ID, DISPLAYNAME, IMAGES, ORIGINAL_ID, TAXABLE, COPIEDFROM_ID, UNITOFMEASURE, ADDONMEMBERPRICE, AUTOGLASSTYPE, AVALARACOMMERCIALTAXCODE, LOYALTYPROGRAMELIGIBLE, PRICE, PURCHASEORDERLIMITS_FLATAMOUNT, SYNCDATE, TENANT_TYPE, PAYSFLATAMOUNT]
Column Name found in Datamart and Curated Table :: CATEGORY_ID
Column Name found in Datamart and Curated Table :: COSTOFSALEACCOUNT_ID
Column Name found in Datamart and Curated Table :: DISPLAYINAMOUNT
Column Name found in Datamart and Curated Table :: SOLDBYCOMMISSION
Column Name found in Datamart and Curated Table :: ARCHIVED
Column Name found in Datamart and Curated Table :: AVALARACOMMERCIALTAXCODE
Column Name found in Datamart and Curated Table :: BONUS
Column Name found in Datamart and Curated Table :: COMMISSIONBONUS
Column Name found in Datamart and Curated Table :: EXCLUDEFROMPRICEBOOKWIZARD
Column Name found in Datamart and Curated Table :: INVENTORYENABLEDON
Column Name found in Datamart and Curated Table :: PURCHASEORDERLIMITS_FLATAMOUNT
Column Name found in Datamart and Curated Table :: LOYALTYPROGRAMELIGIBLE
Column Name found in Datamart and Curated Table :: ACCOUNT
Column Name found in Datamart and Curated Table :: BUSINESSUNIT_ID
Column Name found in Datamart and Curated Table :: CREATEDON
Column Name found in Datamart and Curated Table :: NOTAX
Column Name found in Datamart and Curated Table :: ORIGINAL_ID
Column Name found in Datamart and Curated Table :: PROVIDER_ID
Column Name found in Datamart and Curated Table :: SERIALIZEDON
Column Name found in Datamart and Curated Table :: UNITOFMEASURE
Column Name found in Datamart and Curated Table :: IMPORTID
Column Name found in Datamart and Curated Table :: DISPLAYNAME
Column Name found in Datamart and Curated Table :: ASSETACCOUNT_ID
Column Name found in Datamart and Curated Table :: COPIEDFROM_ID
Column Name found in Datamart and Curated Table :: ISSERIALIZED
Column Name found in Datamart and Curated Table :: PAYSFLATAMOUNT
Column Name found in Datamart and Curated Table :: PRICE
Column Name found in Datamart and Curated Table :: GENERALLEDGERACCOUNT_ID
Column Name found in Datamart and Curated Table :: ID
Column Name found in Datamart and Curated Table :: ISINVENTORY
Column Name found in Datamart and Curated Table :: ACTIVE
Column Name found in Datamart and Curated Table :: AVALARARESIDENTIALTAXCODE
Column Name found in Datamart and Curated Table :: EXTERNALID
Column Name found in Datamart and Curated Table :: IMAGES
Column Name found in Datamart and Curated Table :: PRIMARYVENDOR_ID
Column Name found in Datamart and Curated Table :: TAXABLE
Column Name found in Datamart and Curated Table :: USEFIXEDMATERIALPRICE
Column Name found in Datamart and Curated Table :: DEDUCTASJOBCOST
Column Name found in Datamart and Curated Table :: SOURCEVERSION
Column Name found in Datamart and Curated Table :: SYNCDATE
Column Name found in Datamart and Curated Table :: MODIFIEDON
Column Name found in Datamart and Curated Table :: ADDONMEMBERPRICE
Column Name found in Datamart and Curated Table :: COST
Column Name found in Datamart and Curated Table :: NAME
Column Name found in Datamart and Curated Table :: PAYSCOMMISSION
Column Name found in Datamart and Curated Table :: PAYSSOLDBYRATE
Column Name found in Datamart and Curated Table :: DESCRIPTION
Column Name found in Datamart and Curated Table :: HOURS
Column Name found in Datamart and Curated Table :: SCHEDULEDFLATAMOUNT
Column Name found in Datamart and Curated Table :: SOURCE
Column Name found in Datamart and Curated Table :: ADDONFLATAMOUNT
Column Name found in Datamart and Curated Table :: ADDONPRICE
Column Name found in Datamart and Curated Table :: AUTOGLASSTYPE
Column Name found in Datamart and Curated Table :: CROSSSALEGROUP
Column Name found in Datamart and Curated Table :: PAYTECHSPECIFICBONUS
Column Name found in Datamart and Curated Table :: PURCHASEORDERLIMITS_REVENUEPERCENT
Column Name found in Datamart and Curated Table :: SUPPLIERIMAGES
Column Name found in Datamart and Curated Table :: CREATEDBY_ID
Column Name found in Datamart and Curated Table :: MEMBERPRICE
Column Name found in Datamart and Curated Table :: INVENTORYENABLEDBY_ID
Column Name found in Datamart and Curated Table :: TENANT_TYPE
Datamart tables contains additional column name like [ACTIVE_FLAG, RECORD_CREATE_DATE, RECORD_UPDATE_DATE, MASTER_ID]
Curated tables contains additional column name like [RECORD_CREATE_DATE, RECORD_UPDATE_DATE, RECORD_UPDATED_BY]]]>
  </system-out>
  <testcase classname="testcases.RAW_DATAMART_CURATED.SnowFlake_ColumnValidation_APITables" name="validateColumnName_BKP" time="3.174"/>
  <system-out>
    <![CDATA[Executing Snowflake query :: SELECT COLUMN_NAME FROM DEV_ENT_RAW.INFORMATION_SCHEMA.COLUMNS WHERE TABLE_NAME='ST_API_EQUIPMENT'and TABLE_SCHEMA='API_MAT'
Executing Snowflake query :: SELECT COLUMN_NAME FROM CURATED_DATAMART.INFORMATION_SCHEMA.COLUMNS WHERE TABLE_NAME='STR_API_EQUIPMENT'and TABLE_SCHEMA='ST_API_HORIZONSERVICES'
Executing Snowflake query :: SELECT COLUMN_NAME FROM DEV_ENT_CURATED.INFORMATION_SCHEMA.COLUMNS WHERE TABLE_NAME='DIM_EQUIPMENT'and TABLE_SCHEMA='MASTER_DIMENSIONS'
Column names for RAW Table --> ST_API_EQUIPMENT :: [BUSINESSUNIT_ID, HOURS, IMPORTID, TAXABLE, MANUFACTURER, MODIFIEDON, NAME, PAYSSOLDBYRATE, PAYTECHSPECIFICBONUS, SCHEDULEDFLATAMOUNT, SOURCEVERSION, ACCOUNT, CREATEDBY_ID, SOURCE, WARRANTYRESERVE, BONUS, ADDONMEMBERPRICE, COST, ISSERIALIZED, MANUFACTURERWARRANTY_DESCRIPTION, EXCLUDEFROMPRICEBOOKWIZARD, ORIGINAL_ID, PRIMARYVENDOR_ID, ALLOWDISCOUNTS, COPIEDFROM_ID, CREATEDON, PAYSFLATAMOUNT, SERIALIZEDON, DISPLAYNAME, ACTIVE, ARCHIVED, AVALARACOMMERCIALTAXCODE, CROSSSALEGROUP, PAYSCOMMISSION, UNITOFMEASURE, DISPLAYINAMOUNT, EXTERNALID, ID, INVENTORYENABLEDON, SUPPLIERIMAGES, SYNCDATE, ADDONFLATAMOUNT, ISINVENTORY, TYPE_ID, SERVICEPROVIDERWARRANTY_DURATION, AVALARARESIDENTIALTAXCODE, COMMISSIONBONUS, IMAGES, MODEL, INVENTORYENABLEDBY_ID, PRICE, ADDONPRICE, ASSETACCOUNT_ID, CATEGORY_ID, GENERALLEDGERACCOUNT_ID, LOYALTYPROGRAMELIGIBLE, COSTOFSALEACCOUNT_ID, DESCRIPTION, MANUFACTURERWARRANTY_DURATION, PROVIDER_ID, SERVICEPROVIDERWARRANTY_DESCRIPTION, MEMBERPRICE, TENANT_TYPE]
Column names for DataMart Table --> STR_API_EQUIPMENT :: [AVALARACOMMERCIALTAXCODE, BONUS, CATEGORY_ID, COPIEDFROM_ID, DESCRIPTION, MODEL, SERVICEPROVIDERWARRANTY_DESCRIPTION, SOURCEVERSION, MODIFIEDON, ORIGINAL_ID, PAYSFLATAMOUNT, SOURCE, HOURS, BRAND, DISPLAYNAME, IMPORTID, MANUFACTURERWARRANTY_DURATION, BUSINESSUNIT_ID, COST, DISPLAYINAMOUNT, SUPPLIERIMAGES, ALLOWDISCOUNTS, CREATEDBY_ID, INVENTORYENABLEDON, MEMBERPRICE, PAYSCOMMISSION, SYNCDATE, ISSERIALIZED, LOYALTYPROGRAMELIGIBLE, TAXABLE, TYPE_ID, COSTOFSALEACCOUNT_ID, MANUFACTURER, PRICE, RECORD_UPDATE_DATE, TENANT_TYPE, ACTIVE, CROSSSALEGROUP, EXCLUDEFROMPRICEBOOKWIZARD, INVENTORYENABLEDBY_ID, SERVICEPROVIDERWARRANTY_DURATION, UNITOFMEASURE, ACTIVE_FLAG, ADDONPRICE, COMMISSIONBONUS, EXTERNALID, ISINVENTORY, PAYTECHSPECIFICBONUS, PROVIDER_ID, PAYSSOLDBYRATE, IMAGES, GENERALLEDGERACCOUNT_ID, AVALARARESIDENTIALTAXCODE, MANUFACTURERWARRANTY_DESCRIPTION, MASTER_ID, NAME, SCHEDULEDFLATAMOUNT, SERIALIZEDON, RECORD_CREATE_DATE, ACCOUNT, ADDONMEMBERPRICE, ARCHIVED, ASSETACCOUNT_ID, CREATEDON, ADDONFLATAMOUNT, ID, PRIMARYVENDOR_ID, WARRANTYRESERVE]
Column names for Curated Table --> DIM_EQUIPMENT :: [ASSETACCOUNT_ID, COMMISSIONBONUS, COSTOFSALEACCOUNT_ID, MODEL, SCHEDULEDFLATAMOUNT, COPIEDFROM_ID, ISSERIALIZED, PAYSFLATAMOUNT, PAYTECHSPECIFICBONUS, RECORD_CREATE_DATE, SERVICEPROVIDERWARRANTY_DURATION, ID, AVALARACOMMERCIALTAXCODE, BONUS, HOURS, LOYALTYPROGRAMELIGIBLE, SOURCE, SERIALIZEDON, ADDONPRICE, EXCLUDEFROMPRICEBOOKWIZARD, PAYSCOMMISSION, ISINVENTORY, MODIFIEDON, ACTIVE, ADDONMEMBERPRICE, CREATEDON, EXTERNALID, PRIMARYVENDOR_ID, BUSINESSUNIT_ID, NAME, PAYSSOLDBYRATE, SYNCDATE, AVALARARESIDENTIALTAXCODE, BRAND, CREATEDBY_ID, DISPLAYINAMOUNT, MANUFACTURERWARRANTY_DESCRIPTION, TENANT_TYPE, MANUFACTURER, PROVIDER_ID, SOURCEVERSION, RECORD_UPDATED_BY, ACCOUNT, ADDONFLATAMOUNT, COST, DISPLAYNAME, INVENTORYENABLEDBY_ID, TAXABLE, ARCHIVED, RECORD_UPDATE_DATE, DESCRIPTION, CATEGORY_ID, ALLOWDISCOUNTS, GENERALLEDGERACCOUNT_ID, INVENTORYENABLEDON, PRICE, TYPE_ID, SUPPLIERIMAGES, UNITOFMEASURE, CROSSSALEGROUP, IMAGES, IMPORTID, ORIGINAL_ID, SERVICEPROVIDERWARRANTY_DESCRIPTION, MEMBERPRICE, WARRANTYRESERVE, MANUFACTURERWARRANTY_DURATION]
Column Name found in Datamart and Curated Table :: BUSINESSUNIT_ID
Column Name found in Datamart and Curated Table :: HOURS
Column Name found in Datamart and Curated Table :: IMPORTID
Column Name found in Datamart and Curated Table :: TAXABLE
Column Name found in Datamart and Curated Table :: MANUFACTURER
Column Name found in Datamart and Curated Table :: MODIFIEDON
Column Name found in Datamart and Curated Table :: NAME
Column Name found in Datamart and Curated Table :: PAYSSOLDBYRATE
Column Name found in Datamart and Curated Table :: PAYTECHSPECIFICBONUS
Column Name found in Datamart and Curated Table :: SCHEDULEDFLATAMOUNT
Column Name found in Datamart and Curated Table :: SOURCEVERSION
Column Name found in Datamart and Curated Table :: ACCOUNT
Column Name found in Datamart and Curated Table :: CREATEDBY_ID
Column Name found in Datamart and Curated Table :: SOURCE
Column Name found in Datamart and Curated Table :: WARRANTYRESERVE
Column Name found in Datamart and Curated Table :: BONUS
Column Name found in Datamart and Curated Table :: ADDONMEMBERPRICE
Column Name found in Datamart and Curated Table :: COST
Column Name found in Datamart and Curated Table :: ISSERIALIZED
Column Name found in Datamart and Curated Table :: MANUFACTURERWARRANTY_DESCRIPTION
Column Name found in Datamart and Curated Table :: EXCLUDEFROMPRICEBOOKWIZARD
Column Name found in Datamart and Curated Table :: ORIGINAL_ID
Column Name found in Datamart and Curated Table :: PRIMARYVENDOR_ID
Column Name found in Datamart and Curated Table :: ALLOWDISCOUNTS
Column Name found in Datamart and Curated Table :: COPIEDFROM_ID
Column Name found in Datamart and Curated Table :: CREATEDON
Column Name found in Datamart and Curated Table :: PAYSFLATAMOUNT
Column Name found in Datamart and Curated Table :: SERIALIZEDON
Column Name found in Datamart and Curated Table :: DISPLAYNAME
Column Name found in Datamart and Curated Table :: ACTIVE
Column Name found in Datamart and Curated Table :: ARCHIVED
Column Name found in Datamart and Curated Table :: AVALARACOMMERCIALTAXCODE
Column Name found in Datamart and Curated Table :: CROSSSALEGROUP
Column Name found in Datamart and Curated Table :: PAYSCOMMISSION
Column Name found in Datamart and Curated Table :: UNITOFMEASURE
Column Name found in Datamart and Curated Table :: DISPLAYINAMOUNT
Column Name found in Datamart and Curated Table :: EXTERNALID
Column Name found in Datamart and Curated Table :: ID
Column Name found in Datamart and Curated Table :: INVENTORYENABLEDON
Column Name found in Datamart and Curated Table :: SUPPLIERIMAGES
Column Name found in Datamart and Curated Table :: SYNCDATE
Column Name found in Datamart and Curated Table :: ADDONFLATAMOUNT
Column Name found in Datamart and Curated Table :: ISINVENTORY
Column Name found in Datamart and Curated Table :: TYPE_ID
Column Name found in Datamart and Curated Table :: SERVICEPROVIDERWARRANTY_DURATION
Column Name found in Datamart and Curated Table :: AVALARARESIDENTIALTAXCODE
Column Name found in Datamart and Curated Table :: COMMISSIONBONUS
Column Name found in Datamart and Curated Table :: IMAGES
Column Name found in Datamart and Curated Table :: MODEL
Column Name found in Datamart and Curated Table :: INVENTORYENABLEDBY_ID
Column Name found in Datamart and Curated Table :: PRICE
Column Name found in Datamart and Curated Table :: ADDONPRICE
Column Name found in Datamart and Curated Table :: ASSETACCOUNT_ID
Column Name found in Datamart and Curated Table :: CATEGORY_ID
Column Name found in Datamart and Curated Table :: GENERALLEDGERACCOUNT_ID
Column Name found in Datamart and Curated Table :: LOYALTYPROGRAMELIGIBLE
Column Name found in Datamart and Curated Table :: COSTOFSALEACCOUNT_ID
Column Name found in Datamart and Curated Table :: DESCRIPTION
Column Name found in Datamart and Curated Table :: MANUFACTURERWARRANTY_DURATION
Column Name found in Datamart and Curated Table :: PROVIDER_ID
Column Name found in Datamart and Curated Table :: SERVICEPROVIDERWARRANTY_DESCRIPTION
Column Name found in Datamart and Curated Table :: MEMBERPRICE
Column Name found in Datamart and Curated Table :: TENANT_TYPE
Datamart tables contains additional column name like [ACTIVE_FLAG, RECORD_CREATE_DATE, RECORD_UPDATE_DATE, MASTER_ID]
Curated tables contains additional column name like [RECORD_CREATE_DATE, RECORD_UPDATE_DATE, RECORD_UPDATED_BY]]]>
  </system-out>
  <testcase classname="testcases.RAW_DATAMART_CURATED.SnowFlake_ColumnValidation_APITables" name="validateColumnName_BKP" time="2.361"/>
  <system-out>
    <![CDATA[Executing Snowflake query :: SELECT COLUMN_NAME FROM DEV_ENT_RAW.INFORMATION_SCHEMA.COLUMNS WHERE TABLE_NAME='ST_API_TAGTYPE'and TABLE_SCHEMA='API_MAT'
Executing Snowflake query :: SELECT COLUMN_NAME FROM CURATED_DATAMART.INFORMATION_SCHEMA.COLUMNS WHERE TABLE_NAME='STR_API_TAGTYPE'and TABLE_SCHEMA='ST_API_SNELLHEATINGAIR'
Executing Snowflake query :: SELECT COLUMN_NAME FROM DEV_ENT_CURATED.INFORMATION_SCHEMA.COLUMNS WHERE TABLE_NAME='DIM_TAGTYPE'and TABLE_SCHEMA='MASTER_DIMENSIONS'
Column names for RAW Table --> ST_API_TAGTYPE :: [ID, ISVISIBLEONDISPATCHBOARD, CODE, COLOR, ISALWAYSVISIBLE, ACTIVE, MODIFIEDON, CREATEDON, IMPORTANCE, FONTCOLOR, ISCONVERSIONOPPORTUNITY, NAME, CREATEDBY_ID, IMPORTID, PROJECTEDVALUEADJUSTMENT, TENANT_TYPE]
Column names for DataMart Table --> STR_API_TAGTYPE :: [FONTCOLOR, ISCONVERSIONOPPORTUNITY, ISVISIBLEONDISPATCHBOARD, ACTIVE_FLAG, ID, NAME, COLOR, CREATEDON, IMPORTID, RECORD_UPDATE_DATE, ISALWAYSVISIBLE, MASTER_ID, CREATEDBY_ID, PROJECTEDVALUEADJUSTMENT, TENANT_TYPE, ACTIVE, CODE, IMPORTANCE, MODIFIEDON, RECORD_CREATE_DATE]
Column names for Curated Table --> DIM_TAGTYPE :: [ACTIVE, CODE, FONTCOLOR, IMPORTANCE, TENANT_TYPE, NAME, CREATEDBY_ID, ID, MODIFIEDON, RECORD_UPDATED_BY, COLOR, CREATEDON, RECORD_UPDATE_DATE, ISCONVERSIONOPPORTUNITY, PROJECTEDVALUEADJUSTMENT, RECORD_CREATE_DATE, ISALWAYSVISIBLE, IMPORTID, ISVISIBLEONDISPATCHBOARD]
Column Name found in Datamart and Curated Table :: ID
Column Name found in Datamart and Curated Table :: ISVISIBLEONDISPATCHBOARD
Column Name found in Datamart and Curated Table :: CODE
Column Name found in Datamart and Curated Table :: COLOR
Column Name found in Datamart and Curated Table :: ISALWAYSVISIBLE
Column Name found in Datamart and Curated Table :: ACTIVE
Column Name found in Datamart and Curated Table :: MODIFIEDON
Column Name found in Datamart and Curated Table :: CREATEDON
Column Name found in Datamart and Curated Table :: IMPORTANCE
Column Name found in Datamart and Curated Table :: FONTCOLOR
Column Name found in Datamart and Curated Table :: ISCONVERSIONOPPORTUNITY
Column Name found in Datamart and Curated Table :: NAME
Column Name found in Datamart and Curated Table :: CREATEDBY_ID
Column Name found in Datamart and Curated Table :: IMPORTID
Column Name found in Datamart and Curated Table :: PROJECTEDVALUEADJUSTMENT
Column Name found in Datamart and Curated Table :: TENANT_TYPE
Datamart tables contains additional column name like [ACTIVE_FLAG, RECORD_CREATE_DATE, RECORD_UPDATE_DATE, MASTER_ID]
Curated tables contains additional column name like [RECORD_CREATE_DATE, RECORD_UPDATE_DATE, RECORD_UPDATED_BY]]]>
  </system-out>
  <testcase classname="testcases.RAW_DATAMART_CURATED.SnowFlake_ColumnValidation_APITables" name="validateColumnName_BKP" time="3.075"/>
  <system-out>
    <![CDATA[Executing Snowflake query :: SELECT COLUMN_NAME FROM DEV_ENT_RAW.INFORMATION_SCHEMA.COLUMNS WHERE TABLE_NAME='ST_API_TIMESHEETCODE'and TABLE_SCHEMA='API_MAT'
Executing Snowflake query :: SELECT COLUMN_NAME FROM CURATED_DATAMART.INFORMATION_SCHEMA.COLUMNS WHERE TABLE_NAME='STR_API_TIMESHEETCODE'and TABLE_SCHEMA='ST_API_MAITZ'
Executing Snowflake query :: SELECT COLUMN_NAME FROM DEV_ENT_CURATED.INFORMATION_SCHEMA.COLUMNS WHERE TABLE_NAME='DIM_TIMESHEETCODE'and TABLE_SCHEMA='MASTER_DIMENSIONS'
Column names for RAW Table --> ST_API_TIMESHEETCODE :: [ADDRESS_ZIP, ROUTEAROUNDNJA, IMPORTID, RATEMULTIPLIER, STANDARDPAYROLLCONTROLCODE_ID, ADDRESS_COUNTRY, CODE, COUNTONJOBCOUNTER, OVERTIMEPAYROLLCONTROLCODE_ID, PAYROLLPOSTINGGROUP_ID, OVERTIMEPAYCODE_ID, ADDRESS_STREET, BUSINESSUNIT_ID, EXCLUDEABSENTEVENT, HOURLYRATE, SENDALERTSONMOBILE, VISIBILITY, ACTIVE, ID, TYPE, ADDRESS_ISMILITARY, ADDRESS_STATE, CREATEDBY_ID, APPLICABLEEMPLOYEETYPE, DOUBLEOVERTIMEPAYCODE_ID, GEOFENCECLOCKINMODE, STANDARDPAYCODE_ID, ADDRESS_LONGITUDE, DEDUCTCOMMUTETIME, EVENTNAME, STPAYCODE, ENABLESIMPLECLOCKINOUT, OTPAYCODE, CREATEDON, ADDRESS_CITY, ADDRESS_ISMANUALCOORDINATES, ADDRESS_LATITUDE, ADDRESS_UNIT, DESCRIPTION, ISDEFAULTSHOPTIME, CUSTOMHOURLYRATE, ISAUTOCLOCKINENABLED, TENANT_TYPE]
Column names for DataMart Table --> STR_API_TIMESHEETCODE :: [ACTIVE_FLAG, ADDRESS_STREET, COUNTONJOBCOUNTER, CREATEDBY_ID, CUSTOMHOURLYRATE, EVENTNAME, STPAYCODE, ADDRESS_LONGITUDE, CODE, DEDUCTCOMMUTETIME, EXCLUDEABSENTEVENT, ROUTEAROUNDNJA, STANDARDPAYROLLCONTROLCODE_ID, ISAUTOCLOCKINENABLED, ACTIVE, ADDRESS_LATITUDE, CREATEDON, IMPORTID, OVERTIMEPAYCODE_ID, OVERTIMEPAYROLLCONTROLCODE_ID, OTPAYCODE, TENANT_TYPE, ADDRESS_STATE, ADDRESS_UNIT, APPLICABLEEMPLOYEETYPE, HOURLYRATE, ADDRESS_ZIP, ADDRESS_CITY, DESCRIPTION, MASTER_ID, ADDRESS_COUNTRY, RATEMULTIPLIER, ENABLESIMPLECLOCKINOUT, DOUBLEOVERTIMEPAYCODE_ID, SENDALERTSONMOBILE, BUSINESSUNIT_ID, GEOFENCECLOCKINMODE, ADDRESS_ISMANUALCOORDINATES, ADDRESS_ISMILITARY, ID, PAYROLLPOSTINGGROUP_ID, RECORD_CREATE_DATE, RECORD_UPDATE_DATE, ISDEFAULTSHOPTIME, TYPE, VISIBILITY, STANDARDPAYCODE_ID]
Column names for Curated Table --> DIM_TIMESHEETCODE :: [ADDRESS_STREET, ADDRESS_ZIP, CUSTOMHOURLYRATE, DOUBLEOVERTIMEPAYCODE_ID, ENABLESIMPLECLOCKINOUT, DESCRIPTION, ADDRESS_ISMANUALCOORDINATES, ADDRESS_LONGITUDE, IMPORTID, CREATEDON, DEDUCTCOMMUTETIME, ID, ADDRESS_LATITUDE, CREATEDBY_ID, GEOFENCECLOCKINMODE, ROUTEAROUNDNJA, HOURLYRATE, RECORD_UPDATED_BY, RECORD_UPDATE_DATE, ADDRESS_UNIT, CODE, STANDARDPAYCODE_ID, OTPAYCODE, STPAYCODE, APPLICABLEEMPLOYEETYPE, OVERTIMEPAYCODE_ID, RATEMULTIPLIER, STANDARDPAYROLLCONTROLCODE_ID, EXCLUDEABSENTEVENT, PAYROLLPOSTINGGROUP_ID, TYPE, VISIBILITY, OVERTIMEPAYROLLCONTROLCODE_ID, ADDRESS_ISMILITARY, ADDRESS_STATE, ISDEFAULTSHOPTIME, ACTIVE, ADDRESS_CITY, BUSINESSUNIT_ID, COUNTONJOBCOUNTER, EVENTNAME, SENDALERTSONMOBILE, ADDRESS_COUNTRY, ISAUTOCLOCKINENABLED, TENANT_TYPE, RECORD_CREATE_DATE]
Column Name found in Datamart and Curated Table :: ADDRESS_ZIP
Column Name found in Datamart and Curated Table :: ROUTEAROUNDNJA
Column Name found in Datamart and Curated Table :: IMPORTID
Column Name found in Datamart and Curated Table :: RATEMULTIPLIER
Column Name found in Datamart and Curated Table :: STANDARDPAYROLLCONTROLCODE_ID
Column Name found in Datamart and Curated Table :: ADDRESS_COUNTRY
Column Name found in Datamart and Curated Table :: CODE
Column Name found in Datamart and Curated Table :: COUNTONJOBCOUNTER
Column Name found in Datamart and Curated Table :: OVERTIMEPAYROLLCONTROLCODE_ID
Column Name found in Datamart and Curated Table :: PAYROLLPOSTINGGROUP_ID
Column Name found in Datamart and Curated Table :: OVERTIMEPAYCODE_ID
Column Name found in Datamart and Curated Table :: ADDRESS_STREET
Column Name found in Datamart and Curated Table :: BUSINESSUNIT_ID
Column Name found in Datamart and Curated Table :: EXCLUDEABSENTEVENT
Column Name found in Datamart and Curated Table :: HOURLYRATE
Column Name found in Datamart and Curated Table :: SENDALERTSONMOBILE
Column Name found in Datamart and Curated Table :: VISIBILITY
Column Name found in Datamart and Curated Table :: ACTIVE
Column Name found in Datamart and Curated Table :: ID
Column Name found in Datamart and Curated Table :: TYPE
Column Name found in Datamart and Curated Table :: ADDRESS_ISMILITARY
Column Name found in Datamart and Curated Table :: ADDRESS_STATE
Column Name found in Datamart and Curated Table :: CREATEDBY_ID
Column Name found in Datamart and Curated Table :: APPLICABLEEMPLOYEETYPE
Column Name found in Datamart and Curated Table :: DOUBLEOVERTIMEPAYCODE_ID
Column Name found in Datamart and Curated Table :: GEOFENCECLOCKINMODE
Column Name found in Datamart and Curated Table :: STANDARDPAYCODE_ID
Column Name found in Datamart and Curated Table :: ADDRESS_LONGITUDE
Column Name found in Datamart and Curated Table :: DEDUCTCOMMUTETIME
Column Name found in Datamart and Curated Table :: EVENTNAME
Column Name found in Datamart and Curated Table :: STPAYCODE
Column Name found in Datamart and Curated Table :: ENABLESIMPLECLOCKINOUT
Column Name found in Datamart and Curated Table :: OTPAYCODE
Column Name found in Datamart and Curated Table :: CREATEDON
Column Name found in Datamart and Curated Table :: ADDRESS_CITY
Column Name found in Datamart and Curated Table :: ADDRESS_ISMANUALCOORDINATES
Column Name found in Datamart and Curated Table :: ADDRESS_LATITUDE
Column Name found in Datamart and Curated Table :: ADDRESS_UNIT
Column Name found in Datamart and Curated Table :: DESCRIPTION
Column Name found in Datamart and Curated Table :: ISDEFAULTSHOPTIME
Column Name found in Datamart and Curated Table :: CUSTOMHOURLYRATE
Column Name found in Datamart and Curated Table :: ISAUTOCLOCKINENABLED
Column Name found in Datamart and Curated Table :: TENANT_TYPE
Datamart tables contains additional column name like [ACTIVE_FLAG, RECORD_CREATE_DATE, RECORD_UPDATE_DATE, MASTER_ID]
Curated tables contains additional column name like [RECORD_CREATE_DATE, RECORD_UPDATE_DATE, RECORD_UPDATED_BY]]]>
  </system-out>
  <testcase classname="testcases.RAW_DATAMART_CURATED.SnowFlake_ColumnValidation_APITables" name="validateColumnName_BKP" time="2.872"/>
  <system-out>
    <![CDATA[Executing Snowflake query :: SELECT COLUMN_NAME FROM DEV_ENT_RAW.INFORMATION_SCHEMA.COLUMNS WHERE TABLE_NAME='ST_API_CUSTOMER'and TABLE_SCHEMA='API_MAT'
Executing Snowflake query :: SELECT COLUMN_NAME FROM CURATED_DATAMART.INFORMATION_SCHEMA.COLUMNS WHERE TABLE_NAME='STR_API_CUSTOMER'and TABLE_SCHEMA='ST_API_HARP'
Executing Snowflake query :: SELECT COLUMN_NAME FROM DEV_ENT_CURATED.INFORMATION_SCHEMA.COLUMNS WHERE TABLE_NAME='DIM_CUSTOMER'and TABLE_SCHEMA='MASTER_DIMENSIONS'
Column names for RAW Table --> ST_API_CUSTOMER :: [ADDRESS_ISMANUALCOORDINATES, ADDRESS_ISMILITARY, ADDRESS_LATITUDE, ADDRESS_LONGITUDE, CREATEDON, NAME, IMPORTID, AR, CREATEDBY_ID, ADDRESS_COUNTRY, DONOTCHARGEINTERESTFEE, DONOTSENDPROMOTIONALEMAILS, HEADER, TAXEXEMPT, ADDRESS_UNIT, SHOWMEMBERSAVINGS, ADDRESS_STATE, MEMBERSHIP_ACTIVATEDFROM, MEMBERSHIP_TO, STATISTICS_ID, BALANCE, EXCLUDEFROMBULKPRINTING, MEMBERSHIP_ACTIVATEDBY, MODIFIEDON, ID, TYPE, ACTIVE, ADDRESS_CITY, AVALARAENTITYCODE, EXTERNALID, ADDRESS_ZIP, PAYMENTTERM_ID, MEMBERSHIP_CANCELLATIONDATE, ADDRESS_STREET, DONOTMAIL, DONOTSERVICE, MEMBERSHIP_FROM, NOCHARGE, TENANT_TYPE]
Column names for DataMart Table --> STR_API_CUSTOMER :: [ACTIVE, ACTIVE_FLAG, ADDRESS_ISMILITARY, ADDRESS_LATITUDE, ADDRESS_LONGITUDE, ADDRESS_UNIT, HEADER, RECORD_UPDATE_DATE, CREATEDBY_ID, DONOTSENDPROMOTIONALEMAILS, ADDRESS_CITY, ADDRESS_COUNTRY, CREATEDON, IMPORTID, MEMBERSHIP_TO, PAYMENTTERM_ID, BALANCE, MEMBERSHIP_FROM, NOCHARGE, NAME, ADDRESS_ZIP, AVALARAENTITYCODE, DONOTCHARGEINTERESTFEE, EXTERNALID, MEMBERSHIP_CANCELLATIONDATE, RECORD_CREATE_DATE, MEMBERSHIP_ACTIVATEDBY, ADDRESS_STREET, MEMBERSHIP_ACTIVATEDFROM, STATISTICS_ID, ADDRESS_STATE, MASTER_ID, DONOTSERVICE, TYPE, TAXEXEMPT, ADDRESS_ISMANUALCOORDINATES, AR, MODIFIEDON, TENANT_TYPE, DONOTMAIL, EXCLUDEFROMBULKPRINTING, ID, SHOWMEMBERSAVINGS]
Column names for Curated Table --> DIM_CUSTOMER :: [ADDRESS_UNIT, PAYMENTTERM_ID, BALANCE, IMPORTID, ACTIVE, ADDRESS_COUNTRY, ADDRESS_ISMANUALCOORDINATES, ADDRESS_STATE, ADDRESS_ZIP, AR, NAME, MEMBERSHIP_TO, ADDRESS_CITY, ADDRESS_STREET, DONOTSERVICE, MEMBERSHIP_CANCELLATIONDATE, NOCHARGE, HEADER, CREATEDBY_ID, EXTERNALID, MODIFIEDON, DONOTCHARGEINTERESTFEE, MEMBERSHIP_ACTIVATEDBY, RECORD_UPDATE_DATE, RECORD_UPDATED_BY, STATISTICS_ID, CREATEDON, DONOTMAIL, ID, TAXEXEMPT, RECORD_CREATE_DATE, ADDRESS_LATITUDE, ADDRESS_LONGITUDE, AVALARAENTITYCODE, DONOTSENDPROMOTIONALEMAILS, MEMBERSHIP_FROM, TENANT_TYPE, TYPE, ADDRESS_ISMILITARY, MEMBERSHIP_ACTIVATEDFROM, SHOWMEMBERSAVINGS, EXCLUDEFROMBULKPRINTING]
Column Name found in Datamart and Curated Table :: ADDRESS_ISMANUALCOORDINATES
Column Name found in Datamart and Curated Table :: ADDRESS_ISMILITARY
Column Name found in Datamart and Curated Table :: ADDRESS_LATITUDE
Column Name found in Datamart and Curated Table :: ADDRESS_LONGITUDE
Column Name found in Datamart and Curated Table :: CREATEDON
Column Name found in Datamart and Curated Table :: NAME
Column Name found in Datamart and Curated Table :: IMPORTID
Column Name found in Datamart and Curated Table :: AR
Column Name found in Datamart and Curated Table :: CREATEDBY_ID
Column Name found in Datamart and Curated Table :: ADDRESS_COUNTRY
Column Name found in Datamart and Curated Table :: DONOTCHARGEINTERESTFEE
Column Name found in Datamart and Curated Table :: DONOTSENDPROMOTIONALEMAILS
Column Name found in Datamart and Curated Table :: HEADER
Column Name found in Datamart and Curated Table :: TAXEXEMPT
Column Name found in Datamart and Curated Table :: ADDRESS_UNIT
Column Name found in Datamart and Curated Table :: SHOWMEMBERSAVINGS
Column Name found in Datamart and Curated Table :: ADDRESS_STATE
Column Name found in Datamart and Curated Table :: MEMBERSHIP_ACTIVATEDFROM
Column Name found in Datamart and Curated Table :: MEMBERSHIP_TO
Column Name found in Datamart and Curated Table :: STATISTICS_ID
Column Name found in Datamart and Curated Table :: BALANCE
Column Name found in Datamart and Curated Table :: EXCLUDEFROMBULKPRINTING
Column Name found in Datamart and Curated Table :: MEMBERSHIP_ACTIVATEDBY
Column Name found in Datamart and Curated Table :: MODIFIEDON
Column Name found in Datamart and Curated Table :: ID
Column Name found in Datamart and Curated Table :: TYPE
Column Name found in Datamart and Curated Table :: ACTIVE
Column Name found in Datamart and Curated Table :: ADDRESS_CITY
Column Name found in Datamart and Curated Table :: AVALARAENTITYCODE
Column Name found in Datamart and Curated Table :: EXTERNALID
Column Name found in Datamart and Curated Table :: ADDRESS_ZIP
Column Name found in Datamart and Curated Table :: PAYMENTTERM_ID
Column Name found in Datamart and Curated Table :: MEMBERSHIP_CANCELLATIONDATE
Column Name found in Datamart and Curated Table :: ADDRESS_STREET
Column Name found in Datamart and Curated Table :: DONOTMAIL
Column Name found in Datamart and Curated Table :: DONOTSERVICE
Column Name found in Datamart and Curated Table :: MEMBERSHIP_FROM
Column Name found in Datamart and Curated Table :: NOCHARGE
Column Name found in Datamart and Curated Table :: TENANT_TYPE
Datamart tables contains additional column name like [ACTIVE_FLAG, RECORD_CREATE_DATE, RECORD_UPDATE_DATE, MASTER_ID]
Curated tables contains additional column name like [RECORD_CREATE_DATE, RECORD_UPDATE_DATE, RECORD_UPDATED_BY]]]>
  </system-out>
  <testcase classname="testcases.RAW_DATAMART_CURATED.SnowFlake_ColumnValidation_APITables" name="validateColumnName_BKP" time="2.357"/>
  <system-out>
    <![CDATA[Executing Snowflake query :: SELECT COLUMN_NAME FROM DEV_ENT_RAW.INFORMATION_SCHEMA.COLUMNS WHERE TABLE_NAME='ST_API_CUSTOMER'and TABLE_SCHEMA='API_MAT'
Executing Snowflake query :: SELECT COLUMN_NAME FROM CURATED_DATAMART.INFORMATION_SCHEMA.COLUMNS WHERE TABLE_NAME='STR_API_CUSTOMER'and TABLE_SCHEMA='ST_API_HUTCHINSON'
Executing Snowflake query :: SELECT COLUMN_NAME FROM DEV_ENT_CURATED.INFORMATION_SCHEMA.COLUMNS WHERE TABLE_NAME='DIM_CUSTOMER'and TABLE_SCHEMA='MASTER_DIMENSIONS'
Column names for RAW Table --> ST_API_CUSTOMER :: [ADDRESS_ISMANUALCOORDINATES, ADDRESS_ISMILITARY, ADDRESS_LATITUDE, ADDRESS_LONGITUDE, CREATEDON, NAME, IMPORTID, AR, CREATEDBY_ID, ADDRESS_COUNTRY, DONOTCHARGEINTERESTFEE, DONOTSENDPROMOTIONALEMAILS, HEADER, TAXEXEMPT, ADDRESS_UNIT, SHOWMEMBERSAVINGS, ADDRESS_STATE, MEMBERSHIP_ACTIVATEDFROM, MEMBERSHIP_TO, STATISTICS_ID, BALANCE, EXCLUDEFROMBULKPRINTING, MEMBERSHIP_ACTIVATEDBY, MODIFIEDON, ID, TYPE, ACTIVE, ADDRESS_CITY, AVALARAENTITYCODE, EXTERNALID, ADDRESS_ZIP, PAYMENTTERM_ID, MEMBERSHIP_CANCELLATIONDATE, ADDRESS_STREET, DONOTMAIL, DONOTSERVICE, MEMBERSHIP_FROM, NOCHARGE, TENANT_TYPE]
Column names for DataMart Table --> STR_API_CUSTOMER :: [ACTIVE, ADDRESS_CITY, ADDRESS_STATE, DONOTSENDPROMOTIONALEMAILS, SHOWMEMBERSAVINGS, ADDRESS_COUNTRY, CREATEDON, HEADER, ADDRESS_STREET, NOCHARGE, ADDRESS_LONGITUDE, DONOTMAIL, MEMBERSHIP_ACTIVATEDFROM, MEMBERSHIP_CANCELLATIONDATE, TENANT_TYPE, ADDRESS_ISMILITARY, IMPORTID, ADDRESS_UNIT, ADDRESS_ZIP, MEMBERSHIP_TO, EXCLUDEFROMBULKPRINTING, MODIFIEDON, RECORD_CREATE_DATE, NAME, ADDRESS_ISMANUALCOORDINATES, AVALARAENTITYCODE, BALANCE, MEMBERSHIP_ACTIVATEDBY, MEMBERSHIP_FROM, STATISTICS_ID, TYPE, CREATEDBY_ID, TAXEXEMPT, MASTER_ID, DONOTSERVICE, RECORD_UPDATE_DATE, AR, ACTIVE_FLAG, ADDRESS_LATITUDE, DONOTCHARGEINTERESTFEE, EXTERNALID, ID, PAYMENTTERM_ID]
Column names for Curated Table --> DIM_CUSTOMER :: [ADDRESS_UNIT, PAYMENTTERM_ID, BALANCE, IMPORTID, ACTIVE, ADDRESS_COUNTRY, ADDRESS_ISMANUALCOORDINATES, ADDRESS_STATE, ADDRESS_ZIP, AR, NAME, MEMBERSHIP_TO, ADDRESS_CITY, ADDRESS_STREET, DONOTSERVICE, MEMBERSHIP_CANCELLATIONDATE, NOCHARGE, HEADER, CREATEDBY_ID, EXTERNALID, MODIFIEDON, DONOTCHARGEINTERESTFEE, MEMBERSHIP_ACTIVATEDBY, RECORD_UPDATE_DATE, RECORD_UPDATED_BY, STATISTICS_ID, CREATEDON, DONOTMAIL, ID, TAXEXEMPT, RECORD_CREATE_DATE, ADDRESS_LATITUDE, ADDRESS_LONGITUDE, AVALARAENTITYCODE, DONOTSENDPROMOTIONALEMAILS, MEMBERSHIP_FROM, TENANT_TYPE, TYPE, ADDRESS_ISMILITARY, MEMBERSHIP_ACTIVATEDFROM, SHOWMEMBERSAVINGS, EXCLUDEFROMBULKPRINTING]
Column Name found in Datamart and Curated Table :: ADDRESS_ISMANUALCOORDINATES
Column Name found in Datamart and Curated Table :: ADDRESS_ISMILITARY
Column Name found in Datamart and Curated Table :: ADDRESS_LATITUDE
Column Name found in Datamart and Curated Table :: ADDRESS_LONGITUDE
Column Name found in Datamart and Curated Table :: CREATEDON
Column Name found in Datamart and Curated Table :: NAME
Column Name found in Datamart and Curated Table :: IMPORTID
Column Name found in Datamart and Curated Table :: AR
Column Name found in Datamart and Curated Table :: CREATEDBY_ID
Column Name found in Datamart and Curated Table :: ADDRESS_COUNTRY
Column Name found in Datamart and Curated Table :: DONOTCHARGEINTERESTFEE
Column Name found in Datamart and Curated Table :: DONOTSENDPROMOTIONALEMAILS
Column Name found in Datamart and Curated Table :: HEADER
Column Name found in Datamart and Curated Table :: TAXEXEMPT
Column Name found in Datamart and Curated Table :: ADDRESS_UNIT
Column Name found in Datamart and Curated Table :: SHOWMEMBERSAVINGS
Column Name found in Datamart and Curated Table :: ADDRESS_STATE
Column Name found in Datamart and Curated Table :: MEMBERSHIP_ACTIVATEDFROM
Column Name found in Datamart and Curated Table :: MEMBERSHIP_TO
Column Name found in Datamart and Curated Table :: STATISTICS_ID
Column Name found in Datamart and Curated Table :: BALANCE
Column Name found in Datamart and Curated Table :: EXCLUDEFROMBULKPRINTING
Column Name found in Datamart and Curated Table :: MEMBERSHIP_ACTIVATEDBY
Column Name found in Datamart and Curated Table :: MODIFIEDON
Column Name found in Datamart and Curated Table :: ID
Column Name found in Datamart and Curated Table :: TYPE
Column Name found in Datamart and Curated Table :: ACTIVE
Column Name found in Datamart and Curated Table :: ADDRESS_CITY
Column Name found in Datamart and Curated Table :: AVALARAENTITYCODE
Column Name found in Datamart and Curated Table :: EXTERNALID
Column Name found in Datamart and Curated Table :: ADDRESS_ZIP
Column Name found in Datamart and Curated Table :: PAYMENTTERM_ID
Column Name found in Datamart and Curated Table :: MEMBERSHIP_CANCELLATIONDATE
Column Name found in Datamart and Curated Table :: ADDRESS_STREET
Column Name found in Datamart and Curated Table :: DONOTMAIL
Column Name found in Datamart and Curated Table :: DONOTSERVICE
Column Name found in Datamart and Curated Table :: MEMBERSHIP_FROM
Column Name found in Datamart and Curated Table :: NOCHARGE
Column Name found in Datamart and Curated Table :: TENANT_TYPE
Datamart tables contains additional column name like [ACTIVE_FLAG, RECORD_CREATE_DATE, RECORD_UPDATE_DATE, MASTER_ID]
Curated tables contains additional column name like [RECORD_CREATE_DATE, RECORD_UPDATE_DATE, RECORD_UPDATED_BY]]]>
  </system-out>
  <testcase classname="testcases.RAW_DATAMART_CURATED.SnowFlake_ColumnValidation_APITables" name="validateColumnName_BKP" time="2.443"/>
  <system-out>
    <![CDATA[Executing Snowflake query :: SELECT COLUMN_NAME FROM DEV_ENT_RAW.INFORMATION_SCHEMA.COLUMNS WHERE TABLE_NAME='ST_API_JOBAPPOINTMENT'and TABLE_SCHEMA='API_MAT'
Executing Snowflake query :: SELECT COLUMN_NAME FROM CURATED_DATAMART.INFORMATION_SCHEMA.COLUMNS WHERE TABLE_NAME='STR_API_JOBAPPOINTMENT'and TABLE_SCHEMA='ST_API_MAITZ'
Executing Snowflake query :: SELECT COLUMN_NAME FROM DEV_ENT_CURATED.INFORMATION_SCHEMA.COLUMNS WHERE TABLE_NAME='DIM_JOBAPPOINTMENT'and TABLE_SCHEMA='MASTER_DIMENSIONS'
Column names for RAW Table --> ST_API_JOBAPPOINTMENT :: [END, SMARTDISPATCHDATA_JOBAPPOINTMENT, STATUS, JOB_ID, PLANEND, CREATEDON, IMPORTID, ISCONFIRMED, MODIFIEDON, START, NUMBER, CREATEDBY_ID, ID, ACTIVE, PLANSTART, ISUNUSED, MONTHNUMBER, TENANT_TYPE]
Column names for DataMart Table --> STR_API_JOBAPPOINTMENT :: [CREATEDBY_ID, TENANT_TYPE, JOB_ID, PLANEND, RECORD_CREATE_DATE, IMPORTID, MASTER_ID, END, ID, NUMBER, SMARTDISPATCHDATA_JOBAPPOINTMENT, CREATEDON, ISUNUSED, MODIFIEDON, MONTHNUMBER, ACTIVE_FLAG, PLANSTART, STATUS, ACTIVE, ISCONFIRMED, RECORD_UPDATE_DATE, START]
Column names for Curated Table --> DIM_JOBAPPOINTMENT :: [END, SMARTDISPATCHDATA_JOBAPPOINTMENT, ACTIVE, CREATEDBY_ID, IMPORTID, ISUNUSED, START, ID, JOB_ID, MONTHNUMBER, PLANEND, RECORD_UPDATE_DATE, CREATEDON, RECORD_CREATE_DATE, TENANT_TYPE, PLANSTART, ISCONFIRMED, NUMBER, SPECIALINSTRUCTIONS, STATUS, MODIFIEDON, RECORD_UPDATED_BY]
Column Name found in Datamart and Curated Table :: END
Column Name found in Datamart and Curated Table :: SMARTDISPATCHDATA_JOBAPPOINTMENT
Column Name found in Datamart and Curated Table :: STATUS
Column Name found in Datamart and Curated Table :: JOB_ID
Column Name found in Datamart and Curated Table :: PLANEND
Column Name found in Datamart and Curated Table :: CREATEDON
Column Name found in Datamart and Curated Table :: IMPORTID
Column Name found in Datamart and Curated Table :: ISCONFIRMED
Column Name found in Datamart and Curated Table :: MODIFIEDON
Column Name found in Datamart and Curated Table :: START
Column Name found in Datamart and Curated Table :: NUMBER
Column Name found in Datamart and Curated Table :: CREATEDBY_ID
Column Name found in Datamart and Curated Table :: ID
Column Name found in Datamart and Curated Table :: ACTIVE
Column Name found in Datamart and Curated Table :: PLANSTART
Column Name found in Datamart and Curated Table :: ISUNUSED
Column Name found in Datamart and Curated Table :: MONTHNUMBER
Column Name found in Datamart and Curated Table :: TENANT_TYPE
Datamart tables contains additional column name like [ACTIVE_FLAG, RECORD_CREATE_DATE, RECORD_UPDATE_DATE, MASTER_ID]
Curated tables contains additional column name like [RECORD_CREATE_DATE, RECORD_UPDATE_DATE, RECORD_UPDATED_BY]]]>
  </system-out>
  <testcase classname="testcases.RAW_DATAMART_CURATED.SnowFlake_ColumnValidation_APITables" name="validateColumnName_BKP" time="2.483"/>
  <system-out>
    <![CDATA[Executing Snowflake query :: SELECT COLUMN_NAME FROM DEV_ENT_RAW.INFORMATION_SCHEMA.COLUMNS WHERE TABLE_NAME='ST_API_CUSTOMER'and TABLE_SCHEMA='API_MAT'
Executing Snowflake query :: SELECT COLUMN_NAME FROM CURATED_DATAMART.INFORMATION_SCHEMA.COLUMNS WHERE TABLE_NAME='STR_API_CUSTOMER'and TABLE_SCHEMA='ST_API_HDAIR'
Executing Snowflake query :: SELECT COLUMN_NAME FROM DEV_ENT_CURATED.INFORMATION_SCHEMA.COLUMNS WHERE TABLE_NAME='DIM_CUSTOMER'and TABLE_SCHEMA='MASTER_DIMENSIONS'
Column names for RAW Table --> ST_API_CUSTOMER :: [ADDRESS_ISMANUALCOORDINATES, ADDRESS_ISMILITARY, ADDRESS_LATITUDE, ADDRESS_LONGITUDE, CREATEDON, NAME, IMPORTID, AR, CREATEDBY_ID, ADDRESS_COUNTRY, DONOTCHARGEINTERESTFEE, DONOTSENDPROMOTIONALEMAILS, HEADER, TAXEXEMPT, ADDRESS_UNIT, SHOWMEMBERSAVINGS, ADDRESS_STATE, MEMBERSHIP_ACTIVATEDFROM, MEMBERSHIP_TO, STATISTICS_ID, BALANCE, EXCLUDEFROMBULKPRINTING, MEMBERSHIP_ACTIVATEDBY, MODIFIEDON, ID, TYPE, ACTIVE, ADDRESS_CITY, AVALARAENTITYCODE, EXTERNALID, ADDRESS_ZIP, PAYMENTTERM_ID, MEMBERSHIP_CANCELLATIONDATE, ADDRESS_STREET, DONOTMAIL, DONOTSERVICE, MEMBERSHIP_FROM, NOCHARGE, TENANT_TYPE]
Column names for DataMart Table --> STR_API_CUSTOMER :: [ADDRESS_ZIP, TYPE, AR, MEMBERSHIP_ACTIVATEDFROM, ADDRESS_LATITUDE, CREATEDON, DONOTMAIL, HEADER, ADDRESS_CITY, ADDRESS_ISMANUALCOORDINATES, ADDRESS_ISMILITARY, MASTER_ID, SHOWMEMBERSAVINGS, ACTIVE_FLAG, BALANCE, DONOTCHARGEINTERESTFEE, ID, MEMBERSHIP_ACTIVATEDBY, RECORD_UPDATE_DATE, IMPORTID, AVALARAENTITYCODE, MODIFIEDON, TENANT_TYPE, PAYMENTTERM_ID, DONOTSERVICE, MEMBERSHIP_FROM, STATISTICS_ID, TAXEXEMPT, RECORD_CREATE_DATE, NOCHARGE, ACTIVE, ADDRESS_LONGITUDE, ADDRESS_UNIT, CREATEDBY_ID, EXCLUDEFROMBULKPRINTING, MEMBERSHIP_TO, ADDRESS_STREET, ADDRESS_COUNTRY, EXTERNALID, NAME, ADDRESS_STATE, DONOTSENDPROMOTIONALEMAILS, MEMBERSHIP_CANCELLATIONDATE]
Column names for Curated Table --> DIM_CUSTOMER :: [ADDRESS_UNIT, PAYMENTTERM_ID, BALANCE, IMPORTID, ACTIVE, ADDRESS_COUNTRY, ADDRESS_ISMANUALCOORDINATES, ADDRESS_STATE, ADDRESS_ZIP, AR, NAME, MEMBERSHIP_TO, ADDRESS_CITY, ADDRESS_STREET, DONOTSERVICE, MEMBERSHIP_CANCELLATIONDATE, NOCHARGE, HEADER, CREATEDBY_ID, EXTERNALID, MODIFIEDON, DONOTCHARGEINTERESTFEE, MEMBERSHIP_ACTIVATEDBY, RECORD_UPDATE_DATE, RECORD_UPDATED_BY, STATISTICS_ID, CREATEDON, DONOTMAIL, ID, TAXEXEMPT, RECORD_CREATE_DATE, ADDRESS_LATITUDE, ADDRESS_LONGITUDE, AVALARAENTITYCODE, DONOTSENDPROMOTIONALEMAILS, MEMBERSHIP_FROM, TENANT_TYPE, TYPE, ADDRESS_ISMILITARY, MEMBERSHIP_ACTIVATEDFROM, SHOWMEMBERSAVINGS, EXCLUDEFROMBULKPRINTING]
Column Name found in Datamart and Curated Table :: ADDRESS_ISMANUALCOORDINATES
Column Name found in Datamart and Curated Table :: ADDRESS_ISMILITARY
Column Name found in Datamart and Curated Table :: ADDRESS_LATITUDE
Column Name found in Datamart and Curated Table :: ADDRESS_LONGITUDE
Column Name found in Datamart and Curated Table :: CREATEDON
Column Name found in Datamart and Curated Table :: NAME
Column Name found in Datamart and Curated Table :: IMPORTID
Column Name found in Datamart and Curated Table :: AR
Column Name found in Datamart and Curated Table :: CREATEDBY_ID
Column Name found in Datamart and Curated Table :: ADDRESS_COUNTRY
Column Name found in Datamart and Curated Table :: DONOTCHARGEINTERESTFEE
Column Name found in Datamart and Curated Table :: DONOTSENDPROMOTIONALEMAILS
Column Name found in Datamart and Curated Table :: HEADER
Column Name found in Datamart and Curated Table :: TAXEXEMPT
Column Name found in Datamart and Curated Table :: ADDRESS_UNIT
Column Name found in Datamart and Curated Table :: SHOWMEMBERSAVINGS
Column Name found in Datamart and Curated Table :: ADDRESS_STATE
Column Name found in Datamart and Curated Table :: MEMBERSHIP_ACTIVATEDFROM
Column Name found in Datamart and Curated Table :: MEMBERSHIP_TO
Column Name found in Datamart and Curated Table :: STATISTICS_ID
Column Name found in Datamart and Curated Table :: BALANCE
Column Name found in Datamart and Curated Table :: EXCLUDEFROMBULKPRINTING
Column Name found in Datamart and Curated Table :: MEMBERSHIP_ACTIVATEDBY
Column Name found in Datamart and Curated Table :: MODIFIEDON
Column Name found in Datamart and Curated Table :: ID
Column Name found in Datamart and Curated Table :: TYPE
Column Name found in Datamart and Curated Table :: ACTIVE
Column Name found in Datamart and Curated Table :: ADDRESS_CITY
Column Name found in Datamart and Curated Table :: AVALARAENTITYCODE
Column Name found in Datamart and Curated Table :: EXTERNALID
Column Name found in Datamart and Curated Table :: ADDRESS_ZIP
Column Name found in Datamart and Curated Table :: PAYMENTTERM_ID
Column Name found in Datamart and Curated Table :: MEMBERSHIP_CANCELLATIONDATE
Column Name found in Datamart and Curated Table :: ADDRESS_STREET
Column Name found in Datamart and Curated Table :: DONOTMAIL
Column Name found in Datamart and Curated Table :: DONOTSERVICE
Column Name found in Datamart and Curated Table :: MEMBERSHIP_FROM
Column Name found in Datamart and Curated Table :: NOCHARGE
Column Name found in Datamart and Curated Table :: TENANT_TYPE
Datamart tables contains additional column name like [ACTIVE_FLAG, RECORD_CREATE_DATE, RECORD_UPDATE_DATE, MASTER_ID]
Curated tables contains additional column name like [RECORD_CREATE_DATE, RECORD_UPDATE_DATE, RECORD_UPDATED_BY]]]>
  </system-out>
  <testcase classname="testcases.RAW_DATAMART_CURATED.SnowFlake_ColumnValidation_APITables" name="validateColumnName_BKP" time="3.405"/>
  <system-out>
    <![CDATA[Executing Snowflake query :: SELECT COLUMN_NAME FROM DEV_ENT_RAW.INFORMATION_SCHEMA.COLUMNS WHERE TABLE_NAME='ST_API_PAYMENT'and TABLE_SCHEMA='API_MAT'
Executing Snowflake query :: SELECT COLUMN_NAME FROM CURATED_DATAMART.INFORMATION_SCHEMA.COLUMNS WHERE TABLE_NAME='STR_API_PAYMENT'and TABLE_SCHEMA='ST_API_SNELLHEATINGAIR'
Executing Snowflake query :: SELECT COLUMN_NAME FROM DEV_ENT_CURATED.INFORMATION_SCHEMA.COLUMNS WHERE TABLE_NAME='DIM_PAYMENT'and TABLE_SCHEMA='MASTER_DIMENSIONS'
Column names for RAW Table --> ST_API_PAYMENT :: [AGREEMENTLANGUAGE, FINANCINGOPERATOR, TRANSACTIONSTATUS, INVOICE_ID, CHECKNUMBER, AMOUNT, SETTLEMENTDATE, PROJECT_ID, BUSINESSUNIT_ID, CREATEDBY_ID, CREATEDON, CREDITAVAILABLE, UNAPPLIEDAMOUNT, EXPORTID, AUTHORIZATIONSIGNATURE, BATCH_ID, DEFERREDINTEREST, EXTERNALID, METHOD, MEMO, STATUS, ACTIVE, CUSTOMER_ID, ESTIMATE_ID, NUMBER, SETTLEMENTSTATUS, SOURCE, STOREDPAYMENT_ID, ID, IMPORTID, PAIDON, MODIFIEDON, TYPE_ID, REFUNDEDAMOUNT, TRANSACTION, APPLIEDON, PAYMENTDATE, TENANT_TYPE]
Column names for DataMart Table --> STR_API_PAYMENT :: [ACTIVE_FLAG, CREDITAVAILABLE, ESTIMATE_ID, EXPORTID, MEMO, TENANT_TYPE, AGREEMENTLANGUAGE, DEFERREDINTEREST, FINANCINGOPERATOR, PROJECT_ID, CUSTOMER_ID, SETTLEMENTDATE, SOURCE, MASTER_ID, AMOUNT, APPLIEDON, PAIDON, STOREDPAYMENT_ID, METHOD, BUSINESSUNIT_ID, CREATEDBY_ID, NUMBER, SETTLEMENTSTATUS, UNAPPLIEDAMOUNT, BATCH_ID, TYPE_ID, INVOICE_ID, ACTIVE, CREATEDON, ID, MODIFIEDON, RECORD_CREATE_DATE, RECORD_UPDATE_DATE, REFUNDEDAMOUNT, TRANSACTION, AUTHORIZATIONSIGNATURE, CHECKNUMBER, EXTERNALID, IMPORTID, PAYMENTDATE, STATUS, TRANSACTIONSTATUS]
Column names for Curated Table --> DIM_PAYMENT :: [DEFERREDINTEREST, PAIDON, SOURCE, TENANT_TYPE, PAYMENTDATE, TYPE_ID, ACTIVE, INVOICE_ID, ESTIMATE_ID, UNAPPLIEDAMOUNT, STATUS, CREATEDBY_ID, CUSTOMER_ID, EXPORTID, IMPORTID, TRANSACTION, MEMO, RECORD_UPDATE_DATE, TRANSACTIONSTATUS, AMOUNT, AUTHORIZATIONSIGNATURE, CHECKNUMBER, MODIFIEDON, EXTERNALID, PROJECT_ID, APPLIEDON, BATCH_ID, CREATEDON, FINANCINGOPERATOR, ID, RECORD_UPDATED_BY, REFUNDEDAMOUNT, SETTLEMENTSTATUS, BUSINESSUNIT_ID, METHOD, AGREEMENTLANGUAGE, CREDITAVAILABLE, NUMBER, RECORD_CREATE_DATE, SETTLEMENTDATE, STOREDPAYMENT_ID]
Column Name found in Datamart and Curated Table :: AGREEMENTLANGUAGE
Column Name found in Datamart and Curated Table :: FINANCINGOPERATOR
Column Name found in Datamart and Curated Table :: TRANSACTIONSTATUS
Column Name found in Datamart and Curated Table :: INVOICE_ID
Column Name found in Datamart and Curated Table :: CHECKNUMBER
Column Name found in Datamart and Curated Table :: AMOUNT
Column Name found in Datamart and Curated Table :: SETTLEMENTDATE
Column Name found in Datamart and Curated Table :: PROJECT_ID
Column Name found in Datamart and Curated Table :: BUSINESSUNIT_ID
Column Name found in Datamart and Curated Table :: CREATEDBY_ID
Column Name found in Datamart and Curated Table :: CREATEDON
Column Name found in Datamart and Curated Table :: CREDITAVAILABLE
Column Name found in Datamart and Curated Table :: UNAPPLIEDAMOUNT
Column Name found in Datamart and Curated Table :: EXPORTID
Column Name found in Datamart and Curated Table :: AUTHORIZATIONSIGNATURE
Column Name found in Datamart and Curated Table :: BATCH_ID
Column Name found in Datamart and Curated Table :: DEFERREDINTEREST
Column Name found in Datamart and Curated Table :: EXTERNALID
Column Name found in Datamart and Curated Table :: METHOD
Column Name found in Datamart and Curated Table :: MEMO
Column Name found in Datamart and Curated Table :: STATUS
Column Name found in Datamart and Curated Table :: ACTIVE
Column Name found in Datamart and Curated Table :: CUSTOMER_ID
Column Name found in Datamart and Curated Table :: ESTIMATE_ID
Column Name found in Datamart and Curated Table :: NUMBER
Column Name found in Datamart and Curated Table :: SETTLEMENTSTATUS
Column Name found in Datamart and Curated Table :: SOURCE
Column Name found in Datamart and Curated Table :: STOREDPAYMENT_ID
Column Name found in Datamart and Curated Table :: ID
Column Name found in Datamart and Curated Table :: IMPORTID
Column Name found in Datamart and Curated Table :: PAIDON
Column Name found in Datamart and Curated Table :: MODIFIEDON
Column Name found in Datamart and Curated Table :: TYPE_ID
Column Name found in Datamart and Curated Table :: REFUNDEDAMOUNT
Column Name found in Datamart and Curated Table :: TRANSACTION
Column Name found in Datamart and Curated Table :: APPLIEDON
Column Name found in Datamart and Curated Table :: PAYMENTDATE
Column Name found in Datamart and Curated Table :: TENANT_TYPE
Datamart tables contains additional column name like [ACTIVE_FLAG, RECORD_CREATE_DATE, RECORD_UPDATE_DATE, MASTER_ID]
Curated tables contains additional column name like [RECORD_CREATE_DATE, RECORD_UPDATE_DATE, RECORD_UPDATED_BY]]]>
  </system-out>
  <testcase classname="testcases.RAW_DATAMART_CURATED.SnowFlake_ColumnValidation_APITables" name="validateColumnName_BKP" time="2.678"/>
  <system-out>
    <![CDATA[Executing Snowflake query :: SELECT COLUMN_NAME FROM DEV_ENT_RAW.INFORMATION_SCHEMA.COLUMNS WHERE TABLE_NAME='ST_API_PAYMENTSPLIT'and TABLE_SCHEMA='API_MAT'
Executing Snowflake query :: SELECT COLUMN_NAME FROM CURATED_DATAMART.INFORMATION_SCHEMA.COLUMNS WHERE TABLE_NAME='STR_API_PAYMENTSPLIT'and TABLE_SCHEMA='ST_API_SNELLHEATINGAIR'
Executing Snowflake query :: SELECT COLUMN_NAME FROM DEV_ENT_CURATED.INFORMATION_SCHEMA.COLUMNS WHERE TABLE_NAME='DIM_PAYMENTSPLIT'and TABLE_SCHEMA='MASTER_DIMENSIONS'
Column names for RAW Table --> ST_API_PAYMENTSPLIT :: [ID, MODIFIEDON, AMOUNT, PAYMENT_ID, PAYSELLERCOMMISSION, IMPORTID, INVOICE_ID, CREATEDON, CREATEDBY_ID, ACTIVE, TENANT_TYPE]
Column names for DataMart Table --> STR_API_PAYMENTSPLIT :: [MODIFIEDON, CREATEDON, INVOICE_ID, TENANT_TYPE, CREATEDBY_ID, MASTER_ID, PAYSELLERCOMMISSION, ACTIVE, AMOUNT, RECORD_CREATE_DATE, ACTIVE_FLAG, PAYMENT_ID, RECORD_UPDATE_DATE, IMPORTID, ID]
Column names for Curated Table --> DIM_PAYMENTSPLIT :: [IMPORTID, PAYSELLERCOMMISSION, CREATEDON, PAYMENT_ID, TENANT_TYPE, MODIFIEDON, AMOUNT, CREATEDBY_ID, INVOICE_ID, ID, RECORD_UPDATED_BY, RECORD_UPDATE_DATE, ACTIVE, RECORD_CREATE_DATE]
Column Name found in Datamart and Curated Table :: ID
Column Name found in Datamart and Curated Table :: MODIFIEDON
Column Name found in Datamart and Curated Table :: AMOUNT
Column Name found in Datamart and Curated Table :: PAYMENT_ID
Column Name found in Datamart and Curated Table :: PAYSELLERCOMMISSION
Column Name found in Datamart and Curated Table :: IMPORTID
Column Name found in Datamart and Curated Table :: INVOICE_ID
Column Name found in Datamart and Curated Table :: CREATEDON
Column Name found in Datamart and Curated Table :: CREATEDBY_ID
Column Name found in Datamart and Curated Table :: ACTIVE
Column Name found in Datamart and Curated Table :: TENANT_TYPE
Datamart tables contains additional column name like [ACTIVE_FLAG, RECORD_CREATE_DATE, RECORD_UPDATE_DATE, MASTER_ID]
Curated tables contains additional column name like [RECORD_CREATE_DATE, RECORD_UPDATE_DATE, RECORD_UPDATED_BY]]]>
  </system-out>
  <testcase classname="testcases.RAW_DATAMART_CURATED.SnowFlake_ColumnValidation_APITables" name="validateColumnName_BKP" time="2.973"/>
  <system-out>
    <![CDATA[Executing Snowflake query :: SELECT COLUMN_NAME FROM DEV_ENT_RAW.INFORMATION_SCHEMA.COLUMNS WHERE TABLE_NAME='ST_API_MATERIALVENDOR'and TABLE_SCHEMA='API_MAT'
Executing Snowflake query :: SELECT COLUMN_NAME FROM CURATED_DATAMART.INFORMATION_SCHEMA.COLUMNS WHERE TABLE_NAME='STR_API_MATERIALVENDOR'and TABLE_SCHEMA='ST_API_HORIZONSERVICES'
Executing Snowflake query :: SELECT COLUMN_NAME FROM DEV_ENT_CURATED.INFORMATION_SCHEMA.COLUMNS WHERE TABLE_NAME='DIM_MATERIALVENDOR'and TABLE_SCHEMA='MASTER_DIMENSIONS'
Column names for RAW Table --> ST_API_MATERIALVENDOR :: [ACTIVE, CREATEDON, MEMO, VENDOR_ID, CREATEDBY_ID, COST, ID, ISPRIMARY, IMPORTID, PRIMARYSUBACCOUNT_ID, MATERIAL_ID, PARTNUMBER, TENANT_TYPE]
Column names for DataMart Table --> STR_API_MATERIALVENDOR :: [MATERIAL_ID, MASTER_ID, RECORD_CREATE_DATE, ACTIVE, RECORD_UPDATE_DATE, MEMO, ACTIVE_FLAG, COST, PRIMARYSUBACCOUNT_ID, TENANT_TYPE, ID, VENDOR_ID, CREATEDBY_ID, CREATEDON, ISPRIMARY, PARTNUMBER, IMPORTID]
Column names for Curated Table --> DIM_MATERIALVENDOR :: [ID, MATERIAL_ID, ACTIVE, COST, CREATEDBY_ID, IMPORTID, ISPRIMARY, PRIMARYSUBACCOUNT_ID, RECORD_UPDATE_DATE, TENANT_TYPE, MEMO, RECORD_UPDATED_BY, VENDOR_ID, CREATEDON, PARTNUMBER, RECORD_CREATE_DATE]
Column Name found in Datamart and Curated Table :: ACTIVE
Column Name found in Datamart and Curated Table :: CREATEDON
Column Name found in Datamart and Curated Table :: MEMO
Column Name found in Datamart and Curated Table :: VENDOR_ID
Column Name found in Datamart and Curated Table :: CREATEDBY_ID
Column Name found in Datamart and Curated Table :: COST
Column Name found in Datamart and Curated Table :: ID
Column Name found in Datamart and Curated Table :: ISPRIMARY
Column Name found in Datamart and Curated Table :: IMPORTID
Column Name found in Datamart and Curated Table :: PRIMARYSUBACCOUNT_ID
Column Name found in Datamart and Curated Table :: MATERIAL_ID
Column Name found in Datamart and Curated Table :: PARTNUMBER
Column Name found in Datamart and Curated Table :: TENANT_TYPE
Datamart tables contains additional column name like [ACTIVE_FLAG, RECORD_CREATE_DATE, RECORD_UPDATE_DATE, MASTER_ID]
Curated tables contains additional column name like [RECORD_CREATE_DATE, RECORD_UPDATE_DATE, RECORD_UPDATED_BY]]]>
  </system-out>
  <testcase classname="testcases.RAW_DATAMART_CURATED.SnowFlake_ColumnValidation_APITables" name="validateColumnName_BKP" time="4.540"/>
  <system-out>
    <![CDATA[Executing Snowflake query :: SELECT COLUMN_NAME FROM DEV_ENT_RAW.INFORMATION_SCHEMA.COLUMNS WHERE TABLE_NAME='ST_API_TIMESHEETCODE'and TABLE_SCHEMA='API_MAT'
Executing Snowflake query :: SELECT COLUMN_NAME FROM CURATED_DATAMART.INFORMATION_SCHEMA.COLUMNS WHERE TABLE_NAME='STR_API_TIMESHEETCODE'and TABLE_SCHEMA='ST_API_HDAIR'
Executing Snowflake query :: SELECT COLUMN_NAME FROM DEV_ENT_CURATED.INFORMATION_SCHEMA.COLUMNS WHERE TABLE_NAME='DIM_TIMESHEETCODE'and TABLE_SCHEMA='MASTER_DIMENSIONS'
Column names for RAW Table --> ST_API_TIMESHEETCODE :: [ADDRESS_ZIP, ROUTEAROUNDNJA, IMPORTID, RATEMULTIPLIER, STANDARDPAYROLLCONTROLCODE_ID, ADDRESS_COUNTRY, CODE, COUNTONJOBCOUNTER, OVERTIMEPAYROLLCONTROLCODE_ID, PAYROLLPOSTINGGROUP_ID, OVERTIMEPAYCODE_ID, ADDRESS_STREET, BUSINESSUNIT_ID, EXCLUDEABSENTEVENT, HOURLYRATE, SENDALERTSONMOBILE, VISIBILITY, ACTIVE, ID, TYPE, ADDRESS_ISMILITARY, ADDRESS_STATE, CREATEDBY_ID, APPLICABLEEMPLOYEETYPE, DOUBLEOVERTIMEPAYCODE_ID, GEOFENCECLOCKINMODE, STANDARDPAYCODE_ID, ADDRESS_LONGITUDE, DEDUCTCOMMUTETIME, EVENTNAME, STPAYCODE, ENABLESIMPLECLOCKINOUT, OTPAYCODE, CREATEDON, ADDRESS_CITY, ADDRESS_ISMANUALCOORDINATES, ADDRESS_LATITUDE, ADDRESS_UNIT, DESCRIPTION, ISDEFAULTSHOPTIME, CUSTOMHOURLYRATE, ISAUTOCLOCKINENABLED, TENANT_TYPE]
Column names for DataMart Table --> STR_API_TIMESHEETCODE :: [ADDRESS_CITY, CREATEDBY_ID, ID, MASTER_ID, OTPAYCODE, VISIBILITY, ACTIVE_FLAG, ADDRESS_LATITUDE, ADDRESS_ZIP, BUSINESSUNIT_ID, ENABLESIMPLECLOCKINOUT, OVERTIMEPAYCODE_ID, PAYROLLPOSTINGGROUP_ID, TYPE, ADDRESS_UNIT, COUNTONJOBCOUNTER, GEOFENCECLOCKINMODE, APPLICABLEEMPLOYEETYPE, SENDALERTSONMOBILE, STANDARDPAYROLLCONTROLCODE_ID, ADDRESS_COUNTRY, ADDRESS_ISMILITARY, ADDRESS_STREET, ISAUTOCLOCKINENABLED, OVERTIMEPAYROLLCONTROLCODE_ID, ROUTEAROUNDNJA, ADDRESS_ISMANUALCOORDINATES, EVENTNAME, HOURLYRATE, RECORD_UPDATE_DATE, STANDARDPAYCODE_ID, CREATEDON, IMPORTID, ISDEFAULTSHOPTIME, DEDUCTCOMMUTETIME, EXCLUDEABSENTEVENT, TENANT_TYPE, CODE, ACTIVE, ADDRESS_LONGITUDE, ADDRESS_STATE, DESCRIPTION, RATEMULTIPLIER, STPAYCODE, CUSTOMHOURLYRATE, DOUBLEOVERTIMEPAYCODE_ID, RECORD_CREATE_DATE]
Column names for Curated Table --> DIM_TIMESHEETCODE :: [ADDRESS_STREET, ADDRESS_ZIP, CUSTOMHOURLYRATE, DOUBLEOVERTIMEPAYCODE_ID, ENABLESIMPLECLOCKINOUT, DESCRIPTION, ADDRESS_ISMANUALCOORDINATES, ADDRESS_LONGITUDE, IMPORTID, CREATEDON, DEDUCTCOMMUTETIME, ID, ADDRESS_LATITUDE, CREATEDBY_ID, GEOFENCECLOCKINMODE, ROUTEAROUNDNJA, HOURLYRATE, RECORD_UPDATED_BY, RECORD_UPDATE_DATE, ADDRESS_UNIT, CODE, STANDARDPAYCODE_ID, OTPAYCODE, STPAYCODE, APPLICABLEEMPLOYEETYPE, OVERTIMEPAYCODE_ID, RATEMULTIPLIER, STANDARDPAYROLLCONTROLCODE_ID, EXCLUDEABSENTEVENT, PAYROLLPOSTINGGROUP_ID, TYPE, VISIBILITY, OVERTIMEPAYROLLCONTROLCODE_ID, ADDRESS_ISMILITARY, ADDRESS_STATE, ISDEFAULTSHOPTIME, ACTIVE, ADDRESS_CITY, BUSINESSUNIT_ID, COUNTONJOBCOUNTER, EVENTNAME, SENDALERTSONMOBILE, ADDRESS_COUNTRY, ISAUTOCLOCKINENABLED, TENANT_TYPE, RECORD_CREATE_DATE]
Column Name found in Datamart and Curated Table :: ADDRESS_ZIP
Column Name found in Datamart and Curated Table :: ROUTEAROUNDNJA
Column Name found in Datamart and Curated Table :: IMPORTID
Column Name found in Datamart and Curated Table :: RATEMULTIPLIER
Column Name found in Datamart and Curated Table :: STANDARDPAYROLLCONTROLCODE_ID
Column Name found in Datamart and Curated Table :: ADDRESS_COUNTRY
Column Name found in Datamart and Curated Table :: CODE
Column Name found in Datamart and Curated Table :: COUNTONJOBCOUNTER
Column Name found in Datamart and Curated Table :: OVERTIMEPAYROLLCONTROLCODE_ID
Column Name found in Datamart and Curated Table :: PAYROLLPOSTINGGROUP_ID
Column Name found in Datamart and Curated Table :: OVERTIMEPAYCODE_ID
Column Name found in Datamart and Curated Table :: ADDRESS_STREET
Column Name found in Datamart and Curated Table :: BUSINESSUNIT_ID
Column Name found in Datamart and Curated Table :: EXCLUDEABSENTEVENT
Column Name found in Datamart and Curated Table :: HOURLYRATE
Column Name found in Datamart and Curated Table :: SENDALERTSONMOBILE
Column Name found in Datamart and Curated Table :: VISIBILITY
Column Name found in Datamart and Curated Table :: ACTIVE
Column Name found in Datamart and Curated Table :: ID
Column Name found in Datamart and Curated Table :: TYPE
Column Name found in Datamart and Curated Table :: ADDRESS_ISMILITARY
Column Name found in Datamart and Curated Table :: ADDRESS_STATE
Column Name found in Datamart and Curated Table :: CREATEDBY_ID
Column Name found in Datamart and Curated Table :: APPLICABLEEMPLOYEETYPE
Column Name found in Datamart and Curated Table :: DOUBLEOVERTIMEPAYCODE_ID
Column Name found in Datamart and Curated Table :: GEOFENCECLOCKINMODE
Column Name found in Datamart and Curated Table :: STANDARDPAYCODE_ID
Column Name found in Datamart and Curated Table :: ADDRESS_LONGITUDE
Column Name found in Datamart and Curated Table :: DEDUCTCOMMUTETIME
Column Name found in Datamart and Curated Table :: EVENTNAME
Column Name found in Datamart and Curated Table :: STPAYCODE
Column Name found in Datamart and Curated Table :: ENABLESIMPLECLOCKINOUT
Column Name found in Datamart and Curated Table :: OTPAYCODE
Column Name found in Datamart and Curated Table :: CREATEDON
Column Name found in Datamart and Curated Table :: ADDRESS_CITY
Column Name found in Datamart and Curated Table :: ADDRESS_ISMANUALCOORDINATES
Column Name found in Datamart and Curated Table :: ADDRESS_LATITUDE
Column Name found in Datamart and Curated Table :: ADDRESS_UNIT
Column Name found in Datamart and Curated Table :: DESCRIPTION
Column Name found in Datamart and Curated Table :: ISDEFAULTSHOPTIME
Column Name found in Datamart and Curated Table :: CUSTOMHOURLYRATE
Column Name found in Datamart and Curated Table :: ISAUTOCLOCKINENABLED
Column Name found in Datamart and Curated Table :: TENANT_TYPE
Datamart tables contains additional column name like [ACTIVE_FLAG, RECORD_CREATE_DATE, RECORD_UPDATE_DATE, MASTER_ID]
Curated tables contains additional column name like [RECORD_CREATE_DATE, RECORD_UPDATE_DATE, RECORD_UPDATED_BY]]]>
  </system-out>
  <testcase classname="testcases.RAW_DATAMART_CURATED.SnowFlake_ColumnValidation_APITables" name="validateColumnName_BKP" time="2.842"/>
  <system-out>
    <![CDATA[Executing Snowflake query :: SELECT COLUMN_NAME FROM DEV_ENT_RAW.INFORMATION_SCHEMA.COLUMNS WHERE TABLE_NAME='ST_API_PURCHASEORDER'and TABLE_SCHEMA='API_MAT'
Executing Snowflake query :: SELECT COLUMN_NAME FROM CURATED_DATAMART.INFORMATION_SCHEMA.COLUMNS WHERE TABLE_NAME='STR_API_PURCHASEORDER'and TABLE_SCHEMA='ST_API_GOLDMEDAL'
Executing Snowflake query :: SELECT COLUMN_NAME FROM DEV_ENT_CURATED.INFORMATION_SCHEMA.COLUMNS WHERE TABLE_NAME='DIM_PURCHASEORDER'and TABLE_SCHEMA='MASTER_DIMENSIONS'
Column names for RAW Table --> ST_API_PURCHASEORDER :: [CANCELEDBY_ID, CANCELEDREASON, INVENTORYLOCATION_ID, POVENDOR_ID, SHIPTO_CITY, SHIPTO_LATITUDE, STATUS, TECHNICIAN_ID, AMOUNT, BUSINESSUNIT_ID, CREATEDBY_ID, ISTIMEANDMATERIAL, SENDSTATUS, SHIPPING, SHIPTO_UNIT, TAXSCHEMA, TRUCK_ID, TYPE_ID, VENDORINVOICENUMBER, PROJECTLABELS, SHIPTO_COUNTRY, EXPORTID, MARKUP, SHIPTO_STREET, IMPORTID, NUMBER, TAX, TAXRATE, VENDOR, CANCELEDON, CREATEDON, DATE, MODIFIEDON, ERRORMESSAGE, REQUIREDON, SHIPTO_LONGITUDE, ACTIVE, REQUISITION_ID, SHIPTO_ISMILITARY, GROUPINGOPTION, PROJECT_ID, SENDINGMETHOD, SHIPTO_ZIP, RECEIVEDON, SUMMARY, BATCH_ID, EXTERNALID, ID, INVOICE_ID, JOB_ID, NOCHARGE, SHIPTO_ISMANUALCOORDINATES, SHIPTO_STATE, SENTON, SHIPTODESCRIPTION, TENANT_TYPE]
Column names for DataMart Table --> STR_API_PURCHASEORDER :: [CANCELEDON, INVOICE_ID, NOCHARGE, RECEIVEDON, SENTON, SHIPTO_ISMILITARY, TECHNICIAN_ID, SHIPTO_ISMANUALCOORDINATES, VENDOR, ACTIVE_FLAG, MARKUP, RECORD_CREATE_DATE, TAXSCHEMA, TYPE_ID, DATE, SHIPTO_COUNTRY, ACTIVE, GROUPINGOPTION, ROLLEDOVERFROMPURCHASEORDER_ID, SHIPTODESCRIPTION, SHIPTO_STATE, TRUCK_ID, SENDINGMETHOD, TAXRATE, ERRORMESSAGE, ISTIMEANDMATERIAL, SHIPTO_UNIT, NUMBER, SHIPPING, STATUS, SUMMARY, TENANT_TYPE, CANCELEDBY_ID, CANCELEDREASON, CREATEDBY_ID, IMPORTID, POVENDOR_ID, SHIPTO_CITY, SHIPTO_STREET, MASTER_ID, EXPORTID, BUSINESSUNIT_ID, CREATEDON, MODIFIEDON, SHIPTO_LATITUDE, VENDORINVOICENUMBER, ID, REQUIREDON, TAX, AMOUNT, BATCH_ID, SENDSTATUS, SHIPTO_LONGITUDE, SHIPTO_ZIP, EXTERNALID, PROJECT_ID, RECORD_UPDATE_DATE, INVENTORYLOCATION_ID, JOB_ID, PROJECTLABELS, REQUISITION_ID]
Column names for Curated Table --> DIM_PURCHASEORDER :: [ACTIVE, CANCELEDBY_ID, CANCELEDON, RECORD_CREATE_DATE, TRUCK_ID, ROLLEDOVERFROMPURCHASEORDER_ID, SHIPTO_LONGITUDE, TAXSCHEMA, BUSINESSUNIT_ID, POVENDOR_ID, SHIPTO_ISMANUALCOORDINATES, SHIPTO_ISMILITARY, CREATEDON, RECORD_UPDATE_DATE, NUMBER, AMOUNT, DATE, ERRORMESSAGE, EXPORTID, GROUPINGOPTION, INVOICE_ID, MODIFIEDON, PROJECT_ID, SHIPTO_COUNTRY, STATUS, RECORD_UPDATED_BY, TECHNICIAN_ID, SHIPTO_STATE, MARKUP, REQUISITION_ID, SENDSTATUS, SHIPTO_LATITUDE, SHIPTO_STREET, INVENTORYLOCATION_ID, TYPE_ID, BATCH_ID, CREATEDBY_ID, SENTON, PROJECTLABELS, SENDINGMETHOD, SHIPTO_CITY, TAXRATE, EXTERNALID, ID, TAX, VENDOR, IMPORTID, NOCHARGE, SHIPTO_ZIP, SUMMARY, TENANT_TYPE, SHIPPING, CANCELEDREASON, ISTIMEANDMATERIAL, JOB_ID, RECEIVEDON, SHIPTODESCRIPTION, SHIPTO_UNIT, VENDORINVOICENUMBER, REQUIREDON]
Column Name found in Datamart and Curated Table :: CANCELEDBY_ID
Column Name found in Datamart and Curated Table :: CANCELEDREASON
Column Name found in Datamart and Curated Table :: INVENTORYLOCATION_ID
Column Name found in Datamart and Curated Table :: POVENDOR_ID
Column Name found in Datamart and Curated Table :: SHIPTO_CITY
Column Name found in Datamart and Curated Table :: SHIPTO_LATITUDE
Column Name found in Datamart and Curated Table :: STATUS
Column Name found in Datamart and Curated Table :: TECHNICIAN_ID
Column Name found in Datamart and Curated Table :: AMOUNT
Column Name found in Datamart and Curated Table :: BUSINESSUNIT_ID
Column Name found in Datamart and Curated Table :: CREATEDBY_ID
Column Name found in Datamart and Curated Table :: ISTIMEANDMATERIAL
Column Name found in Datamart and Curated Table :: SENDSTATUS
Column Name found in Datamart and Curated Table :: SHIPPING
Column Name found in Datamart and Curated Table :: SHIPTO_UNIT
Column Name found in Datamart and Curated Table :: TAXSCHEMA
Column Name found in Datamart and Curated Table :: TRUCK_ID
Column Name found in Datamart and Curated Table :: TYPE_ID
Column Name found in Datamart and Curated Table :: VENDORINVOICENUMBER
Column Name found in Datamart and Curated Table :: PROJECTLABELS
Column Name found in Datamart and Curated Table :: SHIPTO_COUNTRY
Column Name found in Datamart and Curated Table :: EXPORTID
Column Name found in Datamart and Curated Table :: MARKUP
Column Name found in Datamart and Curated Table :: SHIPTO_STREET
Column Name found in Datamart and Curated Table :: IMPORTID
Column Name found in Datamart and Curated Table :: NUMBER
Column Name found in Datamart and Curated Table :: TAX
Column Name found in Datamart and Curated Table :: TAXRATE
Column Name found in Datamart and Curated Table :: VENDOR
Column Name found in Datamart and Curated Table :: CANCELEDON
Column Name found in Datamart and Curated Table :: CREATEDON
Column Name found in Datamart and Curated Table :: DATE
Column Name found in Datamart and Curated Table :: MODIFIEDON
Column Name found in Datamart and Curated Table :: ERRORMESSAGE
Column Name found in Datamart and Curated Table :: REQUIREDON
Column Name found in Datamart and Curated Table :: SHIPTO_LONGITUDE
Column Name found in Datamart and Curated Table :: ACTIVE
Column Name found in Datamart and Curated Table :: REQUISITION_ID
Column Name found in Datamart and Curated Table :: SHIPTO_ISMILITARY
Column Name found in Datamart and Curated Table :: GROUPINGOPTION
Column Name found in Datamart and Curated Table :: PROJECT_ID
Column Name found in Datamart and Curated Table :: SENDINGMETHOD
Column Name found in Datamart and Curated Table :: SHIPTO_ZIP
Column Name found in Datamart and Curated Table :: RECEIVEDON
Column Name found in Datamart and Curated Table :: SUMMARY
Column Name found in Datamart and Curated Table :: BATCH_ID
Column Name found in Datamart and Curated Table :: EXTERNALID
Column Name found in Datamart and Curated Table :: ID
Column Name found in Datamart and Curated Table :: INVOICE_ID
Column Name found in Datamart and Curated Table :: JOB_ID
Column Name found in Datamart and Curated Table :: NOCHARGE
Column Name found in Datamart and Curated Table :: SHIPTO_ISMANUALCOORDINATES
Column Name found in Datamart and Curated Table :: SHIPTO_STATE
Column Name found in Datamart and Curated Table :: SENTON
Column Name found in Datamart and Curated Table :: SHIPTODESCRIPTION
Column Name found in Datamart and Curated Table :: TENANT_TYPE
Datamart tables contains additional column name like [ACTIVE_FLAG, RECORD_CREATE_DATE, RECORD_UPDATE_DATE, MASTER_ID]
Curated tables contains additional column name like [RECORD_CREATE_DATE, RECORD_UPDATE_DATE, RECORD_UPDATED_BY]]]>
  </system-out>
  <testcase classname="testcases.RAW_DATAMART_CURATED.SnowFlake_ColumnValidation_APITables" name="validateColumnName_BKP" time="2.558"/>
  <system-out>
    <![CDATA[Executing Snowflake query :: SELECT COLUMN_NAME FROM DEV_ENT_RAW.INFORMATION_SCHEMA.COLUMNS WHERE TABLE_NAME='ST_API_SKUASSET'and TABLE_SCHEMA='API_MAT'
Executing Snowflake query :: SELECT COLUMN_NAME FROM CURATED_DATAMART.INFORMATION_SCHEMA.COLUMNS WHERE TABLE_NAME='STR_API_SKUASSET'and TABLE_SCHEMA='ST_API_MAITZ'
Executing Snowflake query :: SELECT COLUMN_NAME FROM DEV_ENT_CURATED.INFORMATION_SCHEMA.COLUMNS WHERE TABLE_NAME='DIM_SKUASSET'and TABLE_SCHEMA='MASTER_DIMENSIONS'
Column names for RAW Table --> ST_API_SKUASSET :: [ISEXTERNAL, IMPORTID, ACTIVE, ORIGINALNAME, ALIAS, CREATEDBY_ID, ID, OWNER_ID, URL, METADATA, TYPE, CREATEDON, EXTERNALURL, TENANT_TYPE]
Column names for DataMart Table --> STR_API_SKUASSET :: [ACTIVE, IMPORTID, MASTER_ID, ORIGINALNAME, OWNER_ID, URL, CREATEDBY_ID, CREATEDON, ID, RECORD_UPDATE_DATE, TYPE, ACTIVE_FLAG, EXTERNALURL, ISEXTERNAL, METADATA, ALIAS, RECORD_CREATE_DATE, TENANT_TYPE]
Column names for Curated Table --> DIM_SKUASSET :: [EXTERNALURL, ORIGINALNAME, TENANT_TYPE, RECORD_UPDATE_DATE, ID, ISEXTERNAL, RECORD_CREATE_DATE, ALIAS, CREATEDON, RECORD_UPDATED_BY, TYPE, ACTIVE, CREATEDBY_ID, OWNER_ID, METADATA, URL, IMPORTID]
Column Name found in Datamart and Curated Table :: ISEXTERNAL
Column Name found in Datamart and Curated Table :: IMPORTID
Column Name found in Datamart and Curated Table :: ACTIVE
Column Name found in Datamart and Curated Table :: ORIGINALNAME
Column Name found in Datamart and Curated Table :: ALIAS
Column Name found in Datamart and Curated Table :: CREATEDBY_ID
Column Name found in Datamart and Curated Table :: ID
Column Name found in Datamart and Curated Table :: OWNER_ID
Column Name found in Datamart and Curated Table :: URL
Column Name found in Datamart and Curated Table :: METADATA
Column Name found in Datamart and Curated Table :: TYPE
Column Name found in Datamart and Curated Table :: CREATEDON
Column Name found in Datamart and Curated Table :: EXTERNALURL
Column Name found in Datamart and Curated Table :: TENANT_TYPE
Datamart tables contains additional column name like [ACTIVE_FLAG, RECORD_CREATE_DATE, RECORD_UPDATE_DATE, MASTER_ID]
Curated tables contains additional column name like [RECORD_CREATE_DATE, RECORD_UPDATE_DATE, RECORD_UPDATED_BY]]]>
  </system-out>
  <testcase classname="testcases.RAW_DATAMART_CURATED.SnowFlake_ColumnValidation_APITables" name="validateColumnName_BKP" time="2.459"/>
  <system-out>
    <![CDATA[Executing Snowflake query :: SELECT COLUMN_NAME FROM DEV_ENT_RAW.INFORMATION_SCHEMA.COLUMNS WHERE TABLE_NAME='ST_API_CUSTOMER'and TABLE_SCHEMA='API_MAT'
Executing Snowflake query :: SELECT COLUMN_NAME FROM CURATED_DATAMART.INFORMATION_SCHEMA.COLUMNS WHERE TABLE_NAME='STR_API_CUSTOMER'and TABLE_SCHEMA='ST_API_HORIZONSERVICES'
Executing Snowflake query :: SELECT COLUMN_NAME FROM DEV_ENT_CURATED.INFORMATION_SCHEMA.COLUMNS WHERE TABLE_NAME='DIM_CUSTOMER'and TABLE_SCHEMA='MASTER_DIMENSIONS'
Column names for RAW Table --> ST_API_CUSTOMER :: [ADDRESS_ISMANUALCOORDINATES, ADDRESS_ISMILITARY, ADDRESS_LATITUDE, ADDRESS_LONGITUDE, CREATEDON, NAME, IMPORTID, AR, CREATEDBY_ID, ADDRESS_COUNTRY, DONOTCHARGEINTERESTFEE, DONOTSENDPROMOTIONALEMAILS, HEADER, TAXEXEMPT, ADDRESS_UNIT, SHOWMEMBERSAVINGS, ADDRESS_STATE, MEMBERSHIP_ACTIVATEDFROM, MEMBERSHIP_TO, STATISTICS_ID, BALANCE, EXCLUDEFROMBULKPRINTING, MEMBERSHIP_ACTIVATEDBY, MODIFIEDON, ID, TYPE, ACTIVE, ADDRESS_CITY, AVALARAENTITYCODE, EXTERNALID, ADDRESS_ZIP, PAYMENTTERM_ID, MEMBERSHIP_CANCELLATIONDATE, ADDRESS_STREET, DONOTMAIL, DONOTSERVICE, MEMBERSHIP_FROM, NOCHARGE, TENANT_TYPE]
Column names for DataMart Table --> STR_API_CUSTOMER :: [DONOTSERVICE, ID, MEMBERSHIP_TO, MODIFIEDON, TENANT_TYPE, ADDRESS_LONGITUDE, BALANCE, EXTERNALID, HEADER, TYPE, MEMBERSHIP_CANCELLATIONDATE, ADDRESS_ZIP, MASTER_ID, NOCHARGE, SHOWMEMBERSAVINGS, IMPORTID, RECORD_UPDATE_DATE, ADDRESS_CITY, ADDRESS_LATITUDE, DONOTMAIL, STATISTICS_ID, RECORD_CREATE_DATE, AVALARAENTITYCODE, TAXEXEMPT, CREATEDBY_ID, NAME, ADDRESS_COUNTRY, ADDRESS_ISMANUALCOORDINATES, DONOTCHARGEINTERESTFEE, MEMBERSHIP_ACTIVATEDFROM, PAYMENTTERM_ID, EXCLUDEFROMBULKPRINTING, MEMBERSHIP_ACTIVATEDBY, MEMBERSHIP_FROM, ACTIVE, ACTIVE_FLAG, ADDRESS_UNIT, AR, CREATEDON, DONOTSENDPROMOTIONALEMAILS, ADDRESS_ISMILITARY, ADDRESS_STATE, ADDRESS_STREET]
Column names for Curated Table --> DIM_CUSTOMER :: [ADDRESS_UNIT, PAYMENTTERM_ID, BALANCE, IMPORTID, ACTIVE, ADDRESS_COUNTRY, ADDRESS_ISMANUALCOORDINATES, ADDRESS_STATE, ADDRESS_ZIP, AR, NAME, MEMBERSHIP_TO, ADDRESS_CITY, ADDRESS_STREET, DONOTSERVICE, MEMBERSHIP_CANCELLATIONDATE, NOCHARGE, HEADER, CREATEDBY_ID, EXTERNALID, MODIFIEDON, DONOTCHARGEINTERESTFEE, MEMBERSHIP_ACTIVATEDBY, RECORD_UPDATE_DATE, RECORD_UPDATED_BY, STATISTICS_ID, CREATEDON, DONOTMAIL, ID, TAXEXEMPT, RECORD_CREATE_DATE, ADDRESS_LATITUDE, ADDRESS_LONGITUDE, AVALARAENTITYCODE, DONOTSENDPROMOTIONALEMAILS, MEMBERSHIP_FROM, TENANT_TYPE, TYPE, ADDRESS_ISMILITARY, MEMBERSHIP_ACTIVATEDFROM, SHOWMEMBERSAVINGS, EXCLUDEFROMBULKPRINTING]
Column Name found in Datamart and Curated Table :: ADDRESS_ISMANUALCOORDINATES
Column Name found in Datamart and Curated Table :: ADDRESS_ISMILITARY
Column Name found in Datamart and Curated Table :: ADDRESS_LATITUDE
Column Name found in Datamart and Curated Table :: ADDRESS_LONGITUDE
Column Name found in Datamart and Curated Table :: CREATEDON
Column Name found in Datamart and Curated Table :: NAME
Column Name found in Datamart and Curated Table :: IMPORTID
Column Name found in Datamart and Curated Table :: AR
Column Name found in Datamart and Curated Table :: CREATEDBY_ID
Column Name found in Datamart and Curated Table :: ADDRESS_COUNTRY
Column Name found in Datamart and Curated Table :: DONOTCHARGEINTERESTFEE
Column Name found in Datamart and Curated Table :: DONOTSENDPROMOTIONALEMAILS
Column Name found in Datamart and Curated Table :: HEADER
Column Name found in Datamart and Curated Table :: TAXEXEMPT
Column Name found in Datamart and Curated Table :: ADDRESS_UNIT
Column Name found in Datamart and Curated Table :: SHOWMEMBERSAVINGS
Column Name found in Datamart and Curated Table :: ADDRESS_STATE
Column Name found in Datamart and Curated Table :: MEMBERSHIP_ACTIVATEDFROM
Column Name found in Datamart and Curated Table :: MEMBERSHIP_TO
Column Name found in Datamart and Curated Table :: STATISTICS_ID
Column Name found in Datamart and Curated Table :: BALANCE
Column Name found in Datamart and Curated Table :: EXCLUDEFROMBULKPRINTING
Column Name found in Datamart and Curated Table :: MEMBERSHIP_ACTIVATEDBY
Column Name found in Datamart and Curated Table :: MODIFIEDON
Column Name found in Datamart and Curated Table :: ID
Column Name found in Datamart and Curated Table :: TYPE
Column Name found in Datamart and Curated Table :: ACTIVE
Column Name found in Datamart and Curated Table :: ADDRESS_CITY
Column Name found in Datamart and Curated Table :: AVALARAENTITYCODE
Column Name found in Datamart and Curated Table :: EXTERNALID
Column Name found in Datamart and Curated Table :: ADDRESS_ZIP
Column Name found in Datamart and Curated Table :: PAYMENTTERM_ID
Column Name found in Datamart and Curated Table :: MEMBERSHIP_CANCELLATIONDATE
Column Name found in Datamart and Curated Table :: ADDRESS_STREET
Column Name found in Datamart and Curated Table :: DONOTMAIL
Column Name found in Datamart and Curated Table :: DONOTSERVICE
Column Name found in Datamart and Curated Table :: MEMBERSHIP_FROM
Column Name found in Datamart and Curated Table :: NOCHARGE
Column Name found in Datamart and Curated Table :: TENANT_TYPE
Datamart tables contains additional column name like [ACTIVE_FLAG, RECORD_CREATE_DATE, RECORD_UPDATE_DATE, MASTER_ID]
Curated tables contains additional column name like [RECORD_CREATE_DATE, RECORD_UPDATE_DATE, RECORD_UPDATED_BY]]]>
  </system-out>
  <testcase classname="testcases.RAW_DATAMART_CURATED.SnowFlake_ColumnValidation_APITables" name="validateColumnName_BKP" time="3.180"/>
  <system-out>
    <![CDATA[Executing Snowflake query :: SELECT COLUMN_NAME FROM DEV_ENT_RAW.INFORMATION_SCHEMA.COLUMNS WHERE TABLE_NAME='ST_API_LOCATION'and TABLE_SCHEMA='API_MAT'
Executing Snowflake query :: SELECT COLUMN_NAME FROM CURATED_DATAMART.INFORMATION_SCHEMA.COLUMNS WHERE TABLE_NAME='STR_API_LOCATION'and TABLE_SCHEMA='ST_API_HORIZONSERVICES'
Executing Snowflake query :: SELECT COLUMN_NAME FROM DEV_ENT_CURATED.INFORMATION_SCHEMA.COLUMNS WHERE TABLE_NAME='DIM_LOCATION'and TABLE_SCHEMA='MASTER_DIMENSIONS'
Column names for RAW Table --> ST_API_LOCATION :: [ADDRESS_ISMANUALCOORDINATES, ADDRESS_LATITUDE, CREATEDON, RECURRINGSERVICE_RECURRENCEINTERVAL, ADDRESS_ISMILITARY, ADDRESS_STATE, CUSTOMER_ID, IMPORTID, AUTOLONGITUDE, TAXABLE, RECURRINGSERVICE_TYPE, ACTIVE, ADDRESS_COUNTRY, ADDRESS_UNIT, AVALARAENTITYCODE, ESTIMATEDTAX, ID, TAXEXEMPT, ISPREVAILINGWAGE, RECURRINGSERVICE_ACTIVATEDFROM, ADDRESS_ZIP, PREFERREDTECHNICIAN_ID, RECURRINGSERVICE_FROM, SUMMARY, RECURRINGSERVICE_MEMO, ADDRESS_CITY, AUTOLATITUDE, ZONE_ID, DONOTSENDTECHNICIAN_ID, ADDRESS_LONGITUDE, MODIFIEDON, NAME, NOCHARGE, RECURRINGSERVICE_CANCELLATIONDATE, TAXZONE_ID, ADDRESS_STREET, CREATEDBY_ID, RECURRINGSERVICE_TO, RECURRINGSERVICE_ACTIVATEDBY, TENANT_TYPE]
Column names for DataMart Table --> STR_API_LOCATION :: [ADDRESS_ZIP, MASTER_ID, RECURRINGSERVICE_ACTIVATEDBY, TAXZONE_ID, SUMMARY, ZONE_ID, CUSTOMER_ID, NAME, ADDRESS_STREET, CREATEDON, RECORD_CREATE_DATE, RECURRINGSERVICE_ACTIVATEDFROM, RECURRINGSERVICE_TYPE, AUTOLONGITUDE, ID, RECURRINGSERVICE_MEMO, ACTIVE_FLAG, ADDRESS_LONGITUDE, ESTIMATEDTAX, ADDRESS_ISMILITARY, ADDRESS_LATITUDE, AVALARAENTITYCODE, PREFERREDTECHNICIAN_ID, TAXEXEMPT, ADDRESS_COUNTRY, ADDRESS_ISMANUALCOORDINATES, ADDRESS_STATE, CREATEDBY_ID, ISPREVAILINGWAGE, NOCHARGE, ACTIVE, AUTOLATITUDE, DONOTSENDTECHNICIAN_ID, MODIFIEDON, RECORD_UPDATE_DATE, RECURRINGSERVICE_CANCELLATIONDATE, RECURRINGSERVICE_RECURRENCEINTERVAL, RECURRINGSERVICE_FROM, ADDRESS_CITY, ADDRESS_UNIT, IMPORTID, TAXABLE, RECURRINGSERVICE_TO, TENANT_TYPE]
Column names for Curated Table --> DIM_LOCATION :: [ADDRESS_UNIT, AUTOLONGITUDE, RECURRINGSERVICE_ACTIVATEDFROM, RECURRINGSERVICE_TO, TAXABLE, ADDRESS_CITY, ADDRESS_LATITUDE, IMPORTID, NAME, RECURRINGSERVICE_MEMO, ADDRESS_LONGITUDE, ADDRESS_STATE, ADDRESS_STREET, DONOTSENDTECHNICIAN_ID, MODIFIEDON, TAXZONE_ID, ADDRESS_ISMANUALCOORDINATES, ESTIMATEDTAX, ISPREVAILINGWAGE, RECURRINGSERVICE_ACTIVATEDBY, AUTOLATITUDE, RECORD_UPDATED_BY, RECORD_UPDATE_DATE, SUMMARY, CUSTOMER_ID, ZONE_ID, TENANT_TYPE, ADDRESS_COUNTRY, ADDRESS_ZIP, NOCHARGE, RECURRINGSERVICE_FROM, RECURRINGSERVICE_RECURRENCEINTERVAL, CREATEDON, RECORD_CREATE_DATE, AVALARAENTITYCODE, RECURRINGSERVICE_CANCELLATIONDATE, RECURRINGSERVICE_TYPE, PREFERREDTECHNICIAN_ID, ACTIVE, ADDRESS_ISMILITARY, CREATEDBY_ID, ID, TAXEXEMPT]
Column Name found in Datamart and Curated Table :: ADDRESS_ISMANUALCOORDINATES
Column Name found in Datamart and Curated Table :: ADDRESS_LATITUDE
Column Name found in Datamart and Curated Table :: CREATEDON
Column Name found in Datamart and Curated Table :: RECURRINGSERVICE_RECURRENCEINTERVAL
Column Name found in Datamart and Curated Table :: ADDRESS_ISMILITARY
Column Name found in Datamart and Curated Table :: ADDRESS_STATE
Column Name found in Datamart and Curated Table :: CUSTOMER_ID
Column Name found in Datamart and Curated Table :: IMPORTID
Column Name found in Datamart and Curated Table :: AUTOLONGITUDE
Column Name found in Datamart and Curated Table :: TAXABLE
Column Name found in Datamart and Curated Table :: RECURRINGSERVICE_TYPE
Column Name found in Datamart and Curated Table :: ACTIVE
Column Name found in Datamart and Curated Table :: ADDRESS_COUNTRY
Column Name found in Datamart and Curated Table :: ADDRESS_UNIT
Column Name found in Datamart and Curated Table :: AVALARAENTITYCODE
Column Name found in Datamart and Curated Table :: ESTIMATEDTAX
Column Name found in Datamart and Curated Table :: ID
Column Name found in Datamart and Curated Table :: TAXEXEMPT
Column Name found in Datamart and Curated Table :: ISPREVAILINGWAGE
Column Name found in Datamart and Curated Table :: RECURRINGSERVICE_ACTIVATEDFROM
Column Name found in Datamart and Curated Table :: ADDRESS_ZIP
Column Name found in Datamart and Curated Table :: PREFERREDTECHNICIAN_ID
Column Name found in Datamart and Curated Table :: RECURRINGSERVICE_FROM
Column Name found in Datamart and Curated Table :: SUMMARY
Column Name found in Datamart and Curated Table :: RECURRINGSERVICE_MEMO
Column Name found in Datamart and Curated Table :: ADDRESS_CITY
Column Name found in Datamart and Curated Table :: AUTOLATITUDE
Column Name found in Datamart and Curated Table :: ZONE_ID
Column Name found in Datamart and Curated Table :: DONOTSENDTECHNICIAN_ID
Column Name found in Datamart and Curated Table :: ADDRESS_LONGITUDE
Column Name found in Datamart and Curated Table :: MODIFIEDON
Column Name found in Datamart and Curated Table :: NAME
Column Name found in Datamart and Curated Table :: NOCHARGE
Column Name found in Datamart and Curated Table :: RECURRINGSERVICE_CANCELLATIONDATE
Column Name found in Datamart and Curated Table :: TAXZONE_ID
Column Name found in Datamart and Curated Table :: ADDRESS_STREET
Column Name found in Datamart and Curated Table :: CREATEDBY_ID
Column Name found in Datamart and Curated Table :: RECURRINGSERVICE_TO
Column Name found in Datamart and Curated Table :: RECURRINGSERVICE_ACTIVATEDBY
Column Name found in Datamart and Curated Table :: TENANT_TYPE
Datamart tables contains additional column name like [ACTIVE_FLAG, RECORD_CREATE_DATE, RECORD_UPDATE_DATE, MASTER_ID]
Curated tables contains additional column name like [RECORD_CREATE_DATE, RECORD_UPDATE_DATE, RECORD_UPDATED_BY]]]>
  </system-out>
  <testcase classname="testcases.RAW_DATAMART_CURATED.SnowFlake_ColumnValidation_APITables" name="validateColumnName_BKP" time="2.400"/>
  <system-out>
    <![CDATA[Executing Snowflake query :: SELECT COLUMN_NAME FROM DEV_ENT_RAW.INFORMATION_SCHEMA.COLUMNS WHERE TABLE_NAME='ST_API_CUSTOMERMEMBERSHIP'and TABLE_SCHEMA='API_MAT'
Executing Snowflake query :: SELECT COLUMN_NAME FROM CURATED_DATAMART.INFORMATION_SCHEMA.COLUMNS WHERE TABLE_NAME='STR_API_CUSTOMERMEMBERSHIP'and TABLE_SCHEMA='ST_API_CASTEEL'
Executing Snowflake query :: SELECT COLUMN_NAME FROM DEV_ENT_CURATED.INFORMATION_SCHEMA.COLUMNS WHERE TABLE_NAME='DIM_CUSTOMERMEMBERSHIP'and TABLE_SCHEMA='MASTER_DIMENSIONS'
Column names for RAW Table --> ST_API_CUSTOMERMEMBERSHIP :: [CREATEDBY_ID, NEXTSCHEDULEDBILLDATE, DURATION, PAYMENTTYPE_ID, CANCELLATIONDATE, CUSTOMERPO, RENEWALDURATION, FOLLOWUPSTATUS, ID, LOCATION_ID, RENEWALMEMBERSHIPTASKREFERENCE_SKUID, PREVIOUSRECURRINGLOCATION_ID, RECURRINGLOCATION_ID, TYPE_ID, MODIFIEDON, ACTIVATEDFROM_ID, BILLINGFREQUENCY, CREATEDON, INVOICETEMPLATE_ID, MEMO, RENEWALMEMBERSHIPTASKREFERENCE_SKUTYPE, BILLINGTEMPLATE_ID, INITIALDEFERREDREVENUE, IMPORTID, ACTIVATEDBY_ID, BILLINGPREFERENCE, BUSINESSUNIT_ID, CUSTOMER_ID, FOLLOWUPCUSTOMSTATUS_ID, STATUS, EXPIREDAT, ACTIVE, BILLINGCOVERAGEPERIOD, FROM, RENEWALBILLINGFREQUENCY, RENEWEDBY_ID, CANCELATIONBALANCEINVOICE_ID, FOLLOWUPON, BILLINGEMAIL_ID, CANCELATIONBUYOUTINVOICE_ID, FIRSTSCHEDULEDBILLDATE, CANCELATIONINVOICE_ID, RENEWALMEMBERSHIPTASK_ID, SOLDBY_ID, TO, PAYMENTMETHOD_ID, TENANT_TYPE]
Column names for DataMart Table --> STR_API_CUSTOMERMEMBERSHIP :: [CANCELATIONBALANCEINVOICE_ID, CANCELATIONINVOICE_ID, CREATEDBY_ID, CUSTOMERPO, FROM, MASTER_ID, NEXTSCHEDULEDBILLDATE, SOLDBY_ID, CANCELLATIONDATE, CREATEDON, INITIALDEFERREDREVENUE, RECORD_UPDATE_DATE, RECURRINGLOCATION_ID, FOLLOWUPSTATUS, RENEWALMEMBERSHIPTASKREFERENCE_SKUTYPE, DURATION, ACTIVE, BILLINGPREFERENCE, ACTIVATEDFROM_ID, PAYMENTMETHOD_ID, FIRSTSCHEDULEDBILLDATE, TO, BILLINGFREQUENCY, EXPIREDAT, FOLLOWUPON, MEMO, RECORD_CREATE_DATE, RENEWALMEMBERSHIPTASK_ID, PREVIOUSRECURRINGLOCATION_ID, STATUS, TYPE_ID, ACTIVATEDBY_ID, ACTIVE_FLAG, BILLINGTEMPLATE_ID, RENEWALBILLINGFREQUENCY, RENEWEDBY_ID, CANCELATIONBUYOUTINVOICE_ID, MODIFIEDON, PAYMENTTYPE_ID, INVOICETEMPLATE_ID, BILLINGCOVERAGEPERIOD, BILLINGEMAIL_ID, CUSTOMER_ID, IMPORTID, LOCATION_ID, RENEWALDURATION, TENANT_TYPE, BUSINESSUNIT_ID, FOLLOWUPCUSTOMSTATUS_ID, ID, RENEWALMEMBERSHIPTASKREFERENCE_SKUID]
Column names for Curated Table --> DIM_CUSTOMERMEMBERSHIP :: [BILLINGFREQUENCY, CREATEDBY_ID, MODIFIEDON, PAYMENTTYPE_ID, RECURRINGLOCATION_ID, ACTIVE, BILLINGEMAIL_ID, FIRSTSCHEDULEDBILLDATE, RENEWALMEMBERSHIPTASKREFERENCE_SKUTYPE, TENANT_TYPE, ACTIVATEDBY_ID, BUSINESSUNIT_ID, CREATEDON, ID, INITIALDEFERREDREVENUE, CUSTOMERPO, FOLLOWUPSTATUS, RENEWALDURATION, RECORD_UPDATED_BY, BILLINGTEMPLATE_ID, FOLLOWUPCUSTOMSTATUS_ID, PAYMENTMETHOD_ID, RECORD_UPDATE_DATE, SOLDBY_ID, TYPE_ID, RENEWALMEMBERSHIPTASK_ID, BILLINGPREFERENCE, EXPIREDAT, NEXTSCHEDULEDBILLDATE, ACTIVATEDFROM_ID, CANCELATIONBALANCEINVOICE_ID, FROM, RECORD_CREATE_DATE, RENEWALMEMBERSHIPTASKREFERENCE_SKUID, TO, FOLLOWUPON, BILLINGCOVERAGEPERIOD, CUSTOMER_ID, DURATION, IMPORTID, RENEWALBILLINGFREQUENCY, STATUS, MEMO, CANCELATIONINVOICE_ID, CANCELLATIONDATE, PREVIOUSRECURRINGLOCATION_ID, CANCELATIONBUYOUTINVOICE_ID, INVOICETEMPLATE_ID, LOCATION_ID, RENEWEDBY_ID]
Column Name found in Datamart and Curated Table :: CREATEDBY_ID
Column Name found in Datamart and Curated Table :: NEXTSCHEDULEDBILLDATE
Column Name found in Datamart and Curated Table :: DURATION
Column Name found in Datamart and Curated Table :: PAYMENTTYPE_ID
Column Name found in Datamart and Curated Table :: CANCELLATIONDATE
Column Name found in Datamart and Curated Table :: CUSTOMERPO
Column Name found in Datamart and Curated Table :: RENEWALDURATION
Column Name found in Datamart and Curated Table :: FOLLOWUPSTATUS
Column Name found in Datamart and Curated Table :: ID
Column Name found in Datamart and Curated Table :: LOCATION_ID
Column Name found in Datamart and Curated Table :: RENEWALMEMBERSHIPTASKREFERENCE_SKUID
Column Name found in Datamart and Curated Table :: PREVIOUSRECURRINGLOCATION_ID
Column Name found in Datamart and Curated Table :: RECURRINGLOCATION_ID
Column Name found in Datamart and Curated Table :: TYPE_ID
Column Name found in Datamart and Curated Table :: MODIFIEDON
Column Name found in Datamart and Curated Table :: ACTIVATEDFROM_ID
Column Name found in Datamart and Curated Table :: BILLINGFREQUENCY
Column Name found in Datamart and Curated Table :: CREATEDON
Column Name found in Datamart and Curated Table :: INVOICETEMPLATE_ID
Column Name found in Datamart and Curated Table :: MEMO
Column Name found in Datamart and Curated Table :: RENEWALMEMBERSHIPTASKREFERENCE_SKUTYPE
Column Name found in Datamart and Curated Table :: BILLINGTEMPLATE_ID
Column Name found in Datamart and Curated Table :: INITIALDEFERREDREVENUE
Column Name found in Datamart and Curated Table :: IMPORTID
Column Name found in Datamart and Curated Table :: ACTIVATEDBY_ID
Column Name found in Datamart and Curated Table :: BILLINGPREFERENCE
Column Name found in Datamart and Curated Table :: BUSINESSUNIT_ID
Column Name found in Datamart and Curated Table :: CUSTOMER_ID
Column Name found in Datamart and Curated Table :: FOLLOWUPCUSTOMSTATUS_ID
Column Name found in Datamart and Curated Table :: STATUS
Column Name found in Datamart and Curated Table :: EXPIREDAT
Column Name found in Datamart and Curated Table :: ACTIVE
Column Name found in Datamart and Curated Table :: BILLINGCOVERAGEPERIOD
Column Name found in Datamart and Curated Table :: FROM
Column Name found in Datamart and Curated Table :: RENEWALBILLINGFREQUENCY
Column Name found in Datamart and Curated Table :: RENEWEDBY_ID
Column Name found in Datamart and Curated Table :: CANCELATIONBALANCEINVOICE_ID
Column Name found in Datamart and Curated Table :: FOLLOWUPON
Column Name found in Datamart and Curated Table :: BILLINGEMAIL_ID
Column Name found in Datamart and Curated Table :: CANCELATIONBUYOUTINVOICE_ID
Column Name found in Datamart and Curated Table :: FIRSTSCHEDULEDBILLDATE
Column Name found in Datamart and Curated Table :: CANCELATIONINVOICE_ID
Column Name found in Datamart and Curated Table :: RENEWALMEMBERSHIPTASK_ID
Column Name found in Datamart and Curated Table :: SOLDBY_ID
Column Name found in Datamart and Curated Table :: TO
Column Name found in Datamart and Curated Table :: PAYMENTMETHOD_ID
Column Name found in Datamart and Curated Table :: TENANT_TYPE
Datamart tables contains additional column name like [ACTIVE_FLAG, RECORD_CREATE_DATE, RECORD_UPDATE_DATE, MASTER_ID]
Curated tables contains additional column name like [RECORD_CREATE_DATE, RECORD_UPDATE_DATE, RECORD_UPDATED_BY]]]>
  </system-out>
  <testcase classname="testcases.RAW_DATAMART_CURATED.SnowFlake_ColumnValidation_APITables" name="validateColumnName_BKP" time="2.090"/>
  <system-out>
    <![CDATA[Executing Snowflake query :: SELECT COLUMN_NAME FROM DEV_ENT_RAW.INFORMATION_SCHEMA.COLUMNS WHERE TABLE_NAME='ST_API_EMPLOYEE'and TABLE_SCHEMA='API_MAT'
Executing Snowflake query :: SELECT COLUMN_NAME FROM CURATED_DATAMART.INFORMATION_SCHEMA.COLUMNS WHERE TABLE_NAME='STR_API_EMPLOYEE'and TABLE_SCHEMA='ST_API_HARP'
Executing Snowflake query :: SELECT COLUMN_NAME FROM DEV_ENT_CURATED.INFORMATION_SCHEMA.COLUMNS WHERE TABLE_NAME='DIM_EMPLOYEE'and TABLE_SCHEMA='MASTER_DIMENSIONS'
Column names for RAW Table --> ST_API_EMPLOYEE :: [HOME_ISMILITARY, HOME_STATE, HOME_UNIT, MANAGER_ID, MOBILEPHONE, PAYROLLID, PHONE, OVERTIMEMODE, PHOTO, PAYROLLBUSINESSUNIT_ID, ACTIVE, AGENTID, CLOCKINOUTREMINDER, EMAILCONFIRMED, FIRSTNAME, PAYFREQUENCY_ID, HOME_ZIP, NAME, HOME_LONGITUDE, HOME_LATITUDE, LASTNAME, SALESFORCEROLE, CREATEDON, USER_ID, IMPORTID, ID, SALESFORCECONTACTID, BIRTHDATE, CREATEDBY_ID, EMAIL, HOME_COUNTRY, HOME_STREET, HOURLYRATE, STARTDATE, MOBILEPHONECONFIRMED, PAYROLLSTARTPERIOD, PHONECONFIRMED, POSITION, HOME_CITY, ISEXTERNAL, HOME_ISMANUALCOORDINATES, MIDDLENAME, MODIFIEDON, OVERTIMEPROFILE_ID, TENANT_TYPE]
Column names for DataMart Table --> STR_API_EMPLOYEE :: [MIDDLENAME, MASTER_ID, PHONECONFIRMED, AGENTID, SALESFORCEROLE, RECORD_UPDATE_DATE, ACTIVE_FLAG, CREATEDBY_ID, HOME_LONGITUDE, ID, ISEXCLUDEDFROMPAYROLL, MODIFIEDON, PAYFREQUENCY_ID, LASTNAME, STARTDATE, CREATEDON, HOME_CITY, HOME_COUNTRY, PHONE, RECORD_CREATE_DATE, PHOTO, MANAGER_ID, HOME_LATITUDE, HOURLYRATE, MOBILEPHONE, OVERTIMEMODE, BIRTHDATE, EMAILCONFIRMED, HOME_STATE, MOBILEPHONECONFIRMED, NAME, OVERTIMEPROFILE_ID, IMPORTID, ISEXTERNAL, PAYROLLBUSINESSUNIT_ID, PAYROLLID, PAYROLLSTARTPERIOD, POSITION, ACTIVE, EMAIL, FIRSTNAME, HOME_ISMANUALCOORDINATES, HOME_STREET, HOME_ZIP, TENANT_TYPE, USER_ID, CLOCKINOUTREMINDER, HOME_ISMILITARY, HOME_UNIT, SALESFORCECONTACTID]
Column names for Curated Table --> DIM_EMPLOYEE :: [CREATEDON, EMAIL, HOME_COUNTRY, HOME_ISMILITARY, PAYROLLID, PHONECONFIRMED, PAYROLLSTARTPERIOD, STARTDATE, PHONE, EMAILCONFIRMED, MOBILEPHONE, PAYFREQUENCY_ID, USER_ID, HOME_STATE, ISEXTERNAL, SALESFORCEROLE, CLOCKINOUTREMINDER, OVERTIMEMODE, ACTIVE, FIRSTNAME, HOURLYRATE, ISEXCLUDEDFROMPAYROLL, PAYROLLBUSINESSUNIT_ID, SALESFORCECONTACTID, AGENTID, CREATEDBY_ID, MANAGER_ID, HOME_ZIP, ID, IMPORTID, MODIFIEDON, PHOTO, RECORD_CREATE_DATE, BIRTHDATE, HOME_LATITUDE, HOME_STREET, POSITION, MOBILEPHONECONFIRMED, RECORD_UPDATED_BY, HOME_CITY, HOME_ISMANUALCOORDINATES, HOME_LONGITUDE, HOME_UNIT, LASTNAME, MIDDLENAME, TENANT_TYPE, NAME, RECORD_UPDATE_DATE, OVERTIMEPROFILE_ID]
Column Name found in Datamart and Curated Table :: HOME_ISMILITARY
Column Name found in Datamart and Curated Table :: HOME_STATE
Column Name found in Datamart and Curated Table :: HOME_UNIT
Column Name found in Datamart and Curated Table :: MANAGER_ID
Column Name found in Datamart and Curated Table :: MOBILEPHONE
Column Name found in Datamart and Curated Table :: PAYROLLID
Column Name found in Datamart and Curated Table :: PHONE
Column Name found in Datamart and Curated Table :: OVERTIMEMODE
Column Name found in Datamart and Curated Table :: PHOTO
Column Name found in Datamart and Curated Table :: PAYROLLBUSINESSUNIT_ID
Column Name found in Datamart and Curated Table :: ACTIVE
Column Name found in Datamart and Curated Table :: AGENTID
Column Name found in Datamart and Curated Table :: CLOCKINOUTREMINDER
Column Name found in Datamart and Curated Table :: EMAILCONFIRMED
Column Name found in Datamart and Curated Table :: FIRSTNAME
Column Name found in Datamart and Curated Table :: PAYFREQUENCY_ID
Column Name found in Datamart and Curated Table :: HOME_ZIP
Column Name found in Datamart and Curated Table :: NAME
Column Name found in Datamart and Curated Table :: HOME_LONGITUDE
Column Name found in Datamart and Curated Table :: HOME_LATITUDE
Column Name found in Datamart and Curated Table :: LASTNAME
Column Name found in Datamart and Curated Table :: SALESFORCEROLE
Column Name found in Datamart and Curated Table :: CREATEDON
Column Name found in Datamart and Curated Table :: USER_ID
Column Name found in Datamart and Curated Table :: IMPORTID
Column Name found in Datamart and Curated Table :: ID
Column Name found in Datamart and Curated Table :: SALESFORCECONTACTID
Column Name found in Datamart and Curated Table :: BIRTHDATE
Column Name found in Datamart and Curated Table :: CREATEDBY_ID
Column Name found in Datamart and Curated Table :: EMAIL
Column Name found in Datamart and Curated Table :: HOME_COUNTRY
Column Name found in Datamart and Curated Table :: HOME_STREET
Column Name found in Datamart and Curated Table :: HOURLYRATE
Column Name found in Datamart and Curated Table :: STARTDATE
Column Name found in Datamart and Curated Table :: MOBILEPHONECONFIRMED
Column Name found in Datamart and Curated Table :: PAYROLLSTARTPERIOD
Column Name found in Datamart and Curated Table :: PHONECONFIRMED
Column Name found in Datamart and Curated Table :: POSITION
Column Name found in Datamart and Curated Table :: HOME_CITY
Column Name found in Datamart and Curated Table :: ISEXTERNAL
Column Name found in Datamart and Curated Table :: HOME_ISMANUALCOORDINATES
Column Name found in Datamart and Curated Table :: MIDDLENAME
Column Name found in Datamart and Curated Table :: MODIFIEDON
Column Name found in Datamart and Curated Table :: OVERTIMEPROFILE_ID
Column Name found in Datamart and Curated Table :: TENANT_TYPE
Datamart tables contains additional column name like [ACTIVE_FLAG, RECORD_CREATE_DATE, RECORD_UPDATE_DATE, MASTER_ID]
Curated tables contains additional column name like [RECORD_CREATE_DATE, RECORD_UPDATE_DATE, RECORD_UPDATED_BY]]]>
  </system-out>
  <testcase classname="testcases.RAW_DATAMART_CURATED.SnowFlake_ColumnValidation_APITables" name="validateColumnName_BKP" time="2.676"/>
  <system-out>
    <![CDATA[Executing Snowflake query :: SELECT COLUMN_NAME FROM DEV_ENT_RAW.INFORMATION_SCHEMA.COLUMNS WHERE TABLE_NAME='ST_API_EMPLOYEE'and TABLE_SCHEMA='API_MAT'
Executing Snowflake query :: SELECT COLUMN_NAME FROM CURATED_DATAMART.INFORMATION_SCHEMA.COLUMNS WHERE TABLE_NAME='STR_API_EMPLOYEE'and TABLE_SCHEMA='ST_API_HDAIR'
Executing Snowflake query :: SELECT COLUMN_NAME FROM DEV_ENT_CURATED.INFORMATION_SCHEMA.COLUMNS WHERE TABLE_NAME='DIM_EMPLOYEE'and TABLE_SCHEMA='MASTER_DIMENSIONS'
Column names for RAW Table --> ST_API_EMPLOYEE :: [HOME_ISMILITARY, HOME_STATE, HOME_UNIT, MANAGER_ID, MOBILEPHONE, PAYROLLID, PHONE, OVERTIMEMODE, PHOTO, PAYROLLBUSINESSUNIT_ID, ACTIVE, AGENTID, CLOCKINOUTREMINDER, EMAILCONFIRMED, FIRSTNAME, PAYFREQUENCY_ID, HOME_ZIP, NAME, HOME_LONGITUDE, HOME_LATITUDE, LASTNAME, SALESFORCEROLE, CREATEDON, USER_ID, IMPORTID, ID, SALESFORCECONTACTID, BIRTHDATE, CREATEDBY_ID, EMAIL, HOME_COUNTRY, HOME_STREET, HOURLYRATE, STARTDATE, MOBILEPHONECONFIRMED, PAYROLLSTARTPERIOD, PHONECONFIRMED, POSITION, HOME_CITY, ISEXTERNAL, HOME_ISMANUALCOORDINATES, MIDDLENAME, MODIFIEDON, OVERTIMEPROFILE_ID, TENANT_TYPE]
Column names for DataMart Table --> STR_API_EMPLOYEE :: [HOME_STREET, MASTER_ID, MIDDLENAME, POSITION, PHONE, ACTIVE_FLAG, RECORD_CREATE_DATE, SALESFORCECONTACTID, PAYROLLSTARTPERIOD, CLOCKINOUTREMINDER, CREATEDON, EMAIL, HOME_LATITUDE, HOME_UNIT, MANAGER_ID, PAYROLLID, HOME_STATE, HOME_LONGITUDE, HOURLYRATE, IMPORTID, PHOTO, RECORD_UPDATE_DATE, SALESFORCEROLE, PAYFREQUENCY_ID, USER_ID, ISEXCLUDEDFROMPAYROLL, HOME_ISMANUALCOORDINATES, HOME_ZIP, MODIFIEDON, STARTDATE, HOME_COUNTRY, TENANT_TYPE, FIRSTNAME, ACTIVE, CREATEDBY_ID, NAME, OVERTIMEMODE, EMAILCONFIRMED, ID, ISEXTERNAL, PHONECONFIRMED, AGENTID, BIRTHDATE, HOME_CITY, HOME_ISMILITARY, LASTNAME, MOBILEPHONE, PAYROLLBUSINESSUNIT_ID, MOBILEPHONECONFIRMED, OVERTIMEPROFILE_ID]
Column names for Curated Table --> DIM_EMPLOYEE :: [CREATEDON, EMAIL, HOME_COUNTRY, HOME_ISMILITARY, PAYROLLID, PHONECONFIRMED, PAYROLLSTARTPERIOD, STARTDATE, PHONE, EMAILCONFIRMED, MOBILEPHONE, PAYFREQUENCY_ID, USER_ID, HOME_STATE, ISEXTERNAL, SALESFORCEROLE, CLOCKINOUTREMINDER, OVERTIMEMODE, ACTIVE, FIRSTNAME, HOURLYRATE, ISEXCLUDEDFROMPAYROLL, PAYROLLBUSINESSUNIT_ID, SALESFORCECONTACTID, AGENTID, CREATEDBY_ID, MANAGER_ID, HOME_ZIP, ID, IMPORTID, MODIFIEDON, PHOTO, RECORD_CREATE_DATE, BIRTHDATE, HOME_LATITUDE, HOME_STREET, POSITION, MOBILEPHONECONFIRMED, RECORD_UPDATED_BY, HOME_CITY, HOME_ISMANUALCOORDINATES, HOME_LONGITUDE, HOME_UNIT, LASTNAME, MIDDLENAME, TENANT_TYPE, NAME, RECORD_UPDATE_DATE, OVERTIMEPROFILE_ID]
Column Name found in Datamart and Curated Table :: HOME_ISMILITARY
Column Name found in Datamart and Curated Table :: HOME_STATE
Column Name found in Datamart and Curated Table :: HOME_UNIT
Column Name found in Datamart and Curated Table :: MANAGER_ID
Column Name found in Datamart and Curated Table :: MOBILEPHONE
Column Name found in Datamart and Curated Table :: PAYROLLID
Column Name found in Datamart and Curated Table :: PHONE
Column Name found in Datamart and Curated Table :: OVERTIMEMODE
Column Name found in Datamart and Curated Table :: PHOTO
Column Name found in Datamart and Curated Table :: PAYROLLBUSINESSUNIT_ID
Column Name found in Datamart and Curated Table :: ACTIVE
Column Name found in Datamart and Curated Table :: AGENTID
Column Name found in Datamart and Curated Table :: CLOCKINOUTREMINDER
Column Name found in Datamart and Curated Table :: EMAILCONFIRMED
Column Name found in Datamart and Curated Table :: FIRSTNAME
Column Name found in Datamart and Curated Table :: PAYFREQUENCY_ID
Column Name found in Datamart and Curated Table :: HOME_ZIP
Column Name found in Datamart and Curated Table :: NAME
Column Name found in Datamart and Curated Table :: HOME_LONGITUDE
Column Name found in Datamart and Curated Table :: HOME_LATITUDE
Column Name found in Datamart and Curated Table :: LASTNAME
Column Name found in Datamart and Curated Table :: SALESFORCEROLE
Column Name found in Datamart and Curated Table :: CREATEDON
Column Name found in Datamart and Curated Table :: USER_ID
Column Name found in Datamart and Curated Table :: IMPORTID
Column Name found in Datamart and Curated Table :: ID
Column Name found in Datamart and Curated Table :: SALESFORCECONTACTID
Column Name found in Datamart and Curated Table :: BIRTHDATE
Column Name found in Datamart and Curated Table :: CREATEDBY_ID
Column Name found in Datamart and Curated Table :: EMAIL
Column Name found in Datamart and Curated Table :: HOME_COUNTRY
Column Name found in Datamart and Curated Table :: HOME_STREET
Column Name found in Datamart and Curated Table :: HOURLYRATE
Column Name found in Datamart and Curated Table :: STARTDATE
Column Name found in Datamart and Curated Table :: MOBILEPHONECONFIRMED
Column Name found in Datamart and Curated Table :: PAYROLLSTARTPERIOD
Column Name found in Datamart and Curated Table :: PHONECONFIRMED
Column Name found in Datamart and Curated Table :: POSITION
Column Name found in Datamart and Curated Table :: HOME_CITY
Column Name found in Datamart and Curated Table :: ISEXTERNAL
Column Name found in Datamart and Curated Table :: HOME_ISMANUALCOORDINATES
Column Name found in Datamart and Curated Table :: MIDDLENAME
Column Name found in Datamart and Curated Table :: MODIFIEDON
Column Name found in Datamart and Curated Table :: OVERTIMEPROFILE_ID
Column Name found in Datamart and Curated Table :: TENANT_TYPE
Datamart tables contains additional column name like [ACTIVE_FLAG, RECORD_CREATE_DATE, RECORD_UPDATE_DATE, MASTER_ID]
Curated tables contains additional column name like [RECORD_CREATE_DATE, RECORD_UPDATE_DATE, RECORD_UPDATED_BY]]]>
  </system-out>
  <testcase classname="testcases.RAW_DATAMART_CURATED.SnowFlake_ColumnValidation_APITables" name="validateColumnName_BKP" time="2.565"/>
  <system-out>
    <![CDATA[Executing Snowflake query :: SELECT COLUMN_NAME FROM DEV_ENT_RAW.INFORMATION_SCHEMA.COLUMNS WHERE TABLE_NAME='ST_API_JOB'and TABLE_SCHEMA='API_MAT'
Executing Snowflake query :: SELECT COLUMN_NAME FROM CURATED_DATAMART.INFORMATION_SCHEMA.COLUMNS WHERE TABLE_NAME='STR_API_JOB'and TABLE_SCHEMA='ST_API_BILLFENWICK'
Executing Snowflake query :: SELECT COLUMN_NAME FROM DEV_ENT_CURATED.INFORMATION_SCHEMA.COLUMNS WHERE TABLE_NAME='DIM_JOB'and TABLE_SCHEMA='MASTER_DIMENSIONS'
Column names for RAW Table --> ST_API_JOB :: [ACTIVE, CUSTOMER_ID, MANAGEEMPLOYEEEMAIL, MONTHNUMBER, NOCHARGESOURCE, START, CAMPAIGN_ID, LASTCHANGEDBYSMARTDISPATCH, OPPORTUNITYDATE, PREVAILINGWAGEJOBNUMBER, PROJECT_ID, PRIORITY, DRIVETIME, PLANEND, PREDICTEDTOTAL, STATUS, TOTAL, APPROXIMATESTARTDATE, ESTIMATEDCOST, IMPORTID, PROJECTEDVALUE, CREATEDFROMESTIMATESTATUSWHENBOOKING, ISAUTODISPATCHED, NOTIFICATIONSENABLED, COMPLETEDON, CREATEDBY_ID, CUSTOMERPO, ID, LEADGENERATED_ID, LOCATION_ID, PMDATE, PREVAILINGWAGECODE_ID, APPROXIMATEENDDATE, COMPLETIONSURVEYID, CREATEDON, REASSIGNMENTPENALTY, NUMBER, CREATEDFROMESTIMATE_ID, ISCONFIRMED, LATEPENALTY, OPPORTUNITY_ID, PLANSTART, DRIVINGCOST, GENERATEDFROM_ID, SOLDBY_ID, RECALLFOR_ID, CALLSCRIPTANSWERRECORD_ID, DURATION, INVOICE_ID, ISPREVAILINGWAGE, NOCHARGE, SMARTDISPATCHDATA_JOB, LASTAPPOINTMENT_ID, BUSINESSUNIT_ID, FIRSTAPPOINTMENT_ID, GENERATEDBY_ID, ISTECHNICIANSPECIFIC, UNION, WARRANTYFOR_ID, MEMBERSHIP_ID, TYPE_ID, MODIFIEDON, ALLOTTEDTIME, END, EXTERNALID, SECONDARYJOBNUMBER, LEAD_ID, MANAGEFOLLOWUPEMAIL, PREDICTEDSALES, SUMMARY, TENANT_TYPE]
Column names for DataMart Table --> STR_API_JOB :: [DRIVETIME, GENERATEDBY_ID, ISAUTODISPATCHED, LEAD_ID, MODIFIEDON, STATUS, OPPORTUNITYDATE, SMARTDISPATCHDATA_JOB, BUSINESSUNIT_ID, EXTERNALID, MANAGEEMPLOYEEEMAIL, PREVAILINGWAGECODE_ID, LATEPENALTY, RECALLFOR_ID, SUMMARY, UNION, ACTIVE_FLAG, ALLOTTEDTIME, CAMPAIGN_ID, CREATEDBY_ID, DURATION, CREATEDFROMESTIMATESTATUSWHENBOOKING, CREATEDFROMESTIMATE_ID, MASTER_ID, MEMBERSHIP_ID, CUSTOMER_ID, TYPE_ID, APPROXIMATEENDDATE, APPROXIMATESTARTDATE, COMPLETIONSURVEYID, CREATEDON, ID, PLANEND, WARRANTYFOR_ID, FIRSTAPPOINTMENT_ID, PRIORITY, PROJECT_ID, RECORD_UPDATE_DATE, TENANT_TYPE, NUMBER, RECORD_CREATE_DATE, ISCONFIRMED, IMPORTID, LEADGENERATED_ID, MANAGEFOLLOWUPEMAIL, ISPREVAILINGWAGE, PMDATE, START, LASTCHANGEDBYSMARTDISPATCH, DRIVINGCOST, ESTIMATEDCOST, GENERATEDFROM_ID, PLANSTART, PREDICTEDTOTAL, COMPLETEDON, PROJECTEDVALUE, NOTIFICATIONSENABLED, ACTIVE, CALLSCRIPTANSWERRECORD_ID, INVOICE_ID, NOCHARGESOURCE, LASTAPPOINTMENT_ID, LOCATION_ID, REASSIGNMENTPENALTY, SECONDARYJOBNUMBER, CUSTOMERPO, END, ISTECHNICIANSPECIFIC, MONTHNUMBER, SOLDBY_ID, OPPORTUNITY_ID, PREDICTEDSALES, PREVAILINGWAGEJOBNUMBER, NOCHARGE, TOTAL]
Column names for Curated Table --> DIM_JOB :: [LASTCHANGEDBYSMARTDISPATCH, PROJECTEDVALUE, TYPE_ID, EXTERNALID, NOCHARGESOURCE, PMDATE, RECALLFOR_ID, START, ACTIVE, ISAUTODISPATCHED, MONTHNUMBER, PRIORITY, CREATEDON, OPPORTUNITYDATE, PREVAILINGWAGEJOBNUMBER, RECORD_CREATE_DATE, CREATEDBY_ID, LASTAPPOINTMENT_ID, MANAGEEMPLOYEEEMAIL, TOTAL, APPROXIMATESTARTDATE, GENERATEDBY_ID, MANAGEFOLLOWUPEMAIL, RECORD_UPDATED_BY, WARRANTYFOR_ID, UNION, CREATEDFROMESTIMATE_ID, REASSIGNMENTPENALTY, PREDICTEDSALES, LATEPENALTY, DURATION, DRIVETIME, STATUS, SUMMARY, IMPORTID, NOTIFICATIONSENABLED, RECORD_UPDATE_DATE, ALLOTTEDTIME, COMPLETEDON, CUSTOMERPO, GENERATEDFROM_ID, ISTECHNICIANSPECIFIC, LOCATION_ID, PLANEND, MODIFIEDON, PREVAILINGWAGECODE_ID, SECONDARYJOBNUMBER, END, OPPORTUNITY_ID, APPROXIMATEENDDATE, BUSINESSUNIT_ID, CALLSCRIPTANSWERRECORD_ID, CUSTOMER_ID, DRIVINGCOST, ESTIMATEDCOST, FIRSTAPPOINTMENT_ID, PROJECT_ID, SOLDBY_ID, NOCHARGE, ISCONFIRMED, LEADGENERATED_ID, CAMPAIGN_ID, COMPLETIONSURVEYID, CREATEDFROMESTIMATESTATUSWHENBOOKING, ID, INVOICE_ID, ISPREVAILINGWAGE, LEAD_ID, MEMBERSHIP_ID, PLANSTART, SMARTDISPATCHDATA_JOB, TENANT_TYPE, PREDICTEDTOTAL, NUMBER]
Column Name found in Datamart and Curated Table :: ACTIVE
Column Name found in Datamart and Curated Table :: CUSTOMER_ID
Column Name found in Datamart and Curated Table :: MANAGEEMPLOYEEEMAIL
Column Name found in Datamart and Curated Table :: MONTHNUMBER
Column Name found in Datamart and Curated Table :: NOCHARGESOURCE
Column Name found in Datamart and Curated Table :: START
Column Name found in Datamart and Curated Table :: CAMPAIGN_ID
Column Name found in Datamart and Curated Table :: LASTCHANGEDBYSMARTDISPATCH
Column Name found in Datamart and Curated Table :: OPPORTUNITYDATE
Column Name found in Datamart and Curated Table :: PREVAILINGWAGEJOBNUMBER
Column Name found in Datamart and Curated Table :: PROJECT_ID
Column Name found in Datamart and Curated Table :: PRIORITY
Column Name found in Datamart and Curated Table :: DRIVETIME
Column Name found in Datamart and Curated Table :: PLANEND
Column Name found in Datamart and Curated Table :: PREDICTEDTOTAL
Column Name found in Datamart and Curated Table :: STATUS
Column Name found in Datamart and Curated Table :: TOTAL
Column Name found in Datamart and Curated Table :: APPROXIMATESTARTDATE
Column Name found in Datamart and Curated Table :: ESTIMATEDCOST
Column Name found in Datamart and Curated Table :: IMPORTID
Column Name found in Datamart and Curated Table :: PROJECTEDVALUE
Column Name found in Datamart and Curated Table :: CREATEDFROMESTIMATESTATUSWHENBOOKING
Column Name found in Datamart and Curated Table :: ISAUTODISPATCHED
Column Name found in Datamart and Curated Table :: NOTIFICATIONSENABLED
Column Name found in Datamart and Curated Table :: COMPLETEDON
Column Name found in Datamart and Curated Table :: CREATEDBY_ID
Column Name found in Datamart and Curated Table :: CUSTOMERPO
Column Name found in Datamart and Curated Table :: ID
Column Name found in Datamart and Curated Table :: LEADGENERATED_ID
Column Name found in Datamart and Curated Table :: LOCATION_ID
Column Name found in Datamart and Curated Table :: PMDATE
Column Name found in Datamart and Curated Table :: PREVAILINGWAGECODE_ID
Column Name found in Datamart and Curated Table :: APPROXIMATEENDDATE
Column Name found in Datamart and Curated Table :: COMPLETIONSURVEYID
Column Name found in Datamart and Curated Table :: CREATEDON
Column Name found in Datamart and Curated Table :: REASSIGNMENTPENALTY
Column Name found in Datamart and Curated Table :: NUMBER
Column Name found in Datamart and Curated Table :: CREATEDFROMESTIMATE_ID
Column Name found in Datamart and Curated Table :: ISCONFIRMED
Column Name found in Datamart and Curated Table :: LATEPENALTY
Column Name found in Datamart and Curated Table :: OPPORTUNITY_ID
Column Name found in Datamart and Curated Table :: PLANSTART
Column Name found in Datamart and Curated Table :: DRIVINGCOST
Column Name found in Datamart and Curated Table :: GENERATEDFROM_ID
Column Name found in Datamart and Curated Table :: SOLDBY_ID
Column Name found in Datamart and Curated Table :: RECALLFOR_ID
Column Name found in Datamart and Curated Table :: CALLSCRIPTANSWERRECORD_ID
Column Name found in Datamart and Curated Table :: DURATION
Column Name found in Datamart and Curated Table :: INVOICE_ID
Column Name found in Datamart and Curated Table :: ISPREVAILINGWAGE
Column Name found in Datamart and Curated Table :: NOCHARGE
Column Name found in Datamart and Curated Table :: SMARTDISPATCHDATA_JOB
Column Name found in Datamart and Curated Table :: LASTAPPOINTMENT_ID
Column Name found in Datamart and Curated Table :: BUSINESSUNIT_ID
Column Name found in Datamart and Curated Table :: FIRSTAPPOINTMENT_ID
Column Name found in Datamart and Curated Table :: GENERATEDBY_ID
Column Name found in Datamart and Curated Table :: ISTECHNICIANSPECIFIC
Column Name found in Datamart and Curated Table :: UNION
Column Name found in Datamart and Curated Table :: WARRANTYFOR_ID
Column Name found in Datamart and Curated Table :: MEMBERSHIP_ID
Column Name found in Datamart and Curated Table :: TYPE_ID
Column Name found in Datamart and Curated Table :: MODIFIEDON
Column Name found in Datamart and Curated Table :: ALLOTTEDTIME
Column Name found in Datamart and Curated Table :: END
Column Name found in Datamart and Curated Table :: EXTERNALID
Column Name found in Datamart and Curated Table :: SECONDARYJOBNUMBER
Column Name found in Datamart and Curated Table :: LEAD_ID
Column Name found in Datamart and Curated Table :: MANAGEFOLLOWUPEMAIL
Column Name found in Datamart and Curated Table :: PREDICTEDSALES
Column Name found in Datamart and Curated Table :: SUMMARY
Column Name found in Datamart and Curated Table :: TENANT_TYPE
Datamart tables contains additional column name like [ACTIVE_FLAG, RECORD_CREATE_DATE, RECORD_UPDATE_DATE, MASTER_ID]
Curated tables contains additional column name like [RECORD_CREATE_DATE, RECORD_UPDATE_DATE, RECORD_UPDATED_BY]]]>
  </system-out>
  <testcase classname="testcases.RAW_DATAMART_CURATED.SnowFlake_ColumnValidation_APITables" name="validateColumnName_BKP" time="2.176">
    <failure message="The following asserts failed:
	null,
	null" type="java.lang.AssertionError">
      <![CDATA[java.lang.AssertionError: The following asserts failed:
null,
null
at org.testng.asserts.SoftAssert.assertAll(SoftAssert.java:47)
at org.testng.asserts.SoftAssert.assertAll(SoftAssert.java:31)
at testcases.RAW_DATAMART_CURATED.SnowFlake_ColumnValidation_APITables.validateColumnName_BKP(SnowFlake_ColumnValidation_APITables.java:128)
at jdk.internal.reflect.GeneratedMethodAccessor38.invoke(Unknown Source)
at java.base/jdk.internal.reflect.DelegatingMethodAccessorImpl.invoke(DelegatingMethodAccessorImpl.java:43)
at java.base/java.lang.reflect.Method.invoke(Method.java:568)
at org.testng.internal.MethodInvocationHelper.invokeMethod(MethodInvocationHelper.java:133)
at org.testng.internal.TestInvoker.invokeMethod(TestInvoker.java:598)
at org.testng.internal.TestInvoker.invokeTestMethod(TestInvoker.java:173)
at org.testng.internal.MethodRunner.runInSequence(MethodRunner.java:46)
at org.testng.internal.TestInvoker$MethodInvocationAgent.invoke(TestInvoker.java:824)
at org.testng.internal.TestInvoker.invokeTestMethods(TestInvoker.java:146)
at org.testng.internal.TestMethodWorker.invokeTestMethods(TestMethodWorker.java:146)
at org.testng.internal.TestMethodWorker.run(TestMethodWorker.java:128)
at java.base/java.util.ArrayList.forEach(ArrayList.java:1511)
at org.testng.TestRunner.privateRun(TestRunner.java:794)
at org.testng.TestRunner.run(TestRunner.java:596)
at org.testng.SuiteRunner.runTest(SuiteRunner.java:377)
at org.testng.SuiteRunner.runSequentially(SuiteRunner.java:371)
at org.testng.SuiteRunner.privateRun(SuiteRunner.java:332)
at org.testng.SuiteRunner.run(SuiteRunner.java:276)
at org.testng.SuiteRunnerWorker.runSuite(SuiteRunnerWorker.java:53)
at org.testng.SuiteRunnerWorker.run(SuiteRunnerWorker.java:96)
at org.testng.TestNG.runSuitesSequentially(TestNG.java:1212)
at org.testng.TestNG.runSuitesLocally(TestNG.java:1134)
at org.testng.TestNG.runSuites(TestNG.java:1063)
at org.testng.TestNG.run(TestNG.java:1031)
at org.testng.remote.AbstractRemoteTestNG.run(AbstractRemoteTestNG.java:115)
at org.testng.remote.RemoteTestNG.initAndRun(RemoteTestNG.java:251)
at org.testng.remote.RemoteTestNG.main(RemoteTestNG.java:77)
]]>
    </failure>
  </testcase> <!-- validateColumnName_BKP -->
  <system-out>
    <![CDATA[Executing Snowflake query :: SELECT COLUMN_NAME FROM DEV_ENT_RAW.INFORMATION_SCHEMA.COLUMNS WHERE TABLE_NAME='ST_API_PROJECT'and TABLE_SCHEMA='API_MAT'
Executing Snowflake query :: SELECT COLUMN_NAME FROM CURATED_DATAMART.INFORMATION_SCHEMA.COLUMNS WHERE TABLE_NAME='STR_API_PROJECT'and TABLE_SCHEMA='ST_API_HUTCHINSON'
Executing Snowflake query :: SELECT COLUMN_NAME FROM DEV_ENT_CURATED.INFORMATION_SCHEMA.COLUMNS WHERE TABLE_NAME='DIM_PROJECT'and TABLE_SCHEMA='MASTER_DIMENSIONS'
Column names for RAW Table --> ST_API_PROJECT :: [ACTIVE, AREITEMSREORDERED, CUSTOMER_ID, NAME, NUMBER, PROJECTSETTINGSTYPE, TECHNICIANSIGNATURE, SUMMARY, MODIFIEDON, ACKNOWLEDGEMENTSIGNATURE, COMPLETEDON, COMPLETIONPERCENT, COSTTOCOMPLETE, CREATEDBY_ID, CREATEDON, IMPORTID, COMPLETEDONACTUAL, ID, CONTRACTESTIMATE_ID, AUTHORIZATIONSIGNATURE, CONTRACTSTARTDATE, STARTEDON, CONTRACTFOR, ISRETAINAGEENABLED, ISPREVAILINGWAGE, LOCATION_ID, PAYMENTTERM_ID, RETAINAGEPERCENT, REVENUERECOGNITIONMETHOD, TENANT_TYPE]
Column names for DataMart Table --> STR_API_PROJECT :: [CONTRACTFOR, CREATEDON, NUMBER, COMPLETEDONACTUAL, CREATEDBY_ID, COMPLETIONPERCENT, CONTRACTSTARTDATE, ISPREVAILINGWAGE, PAYMENTTERM_ID, RECORD_UPDATE_DATE, RETAINAGEPERCENT, STARTEDON, ACKNOWLEDGEMENTSIGNATURE, PROJECTSETTINGSTYPE, TECHNICIANSIGNATURE, AUTHORIZATIONSIGNATURE, ISRETAINAGEENABLED, NAME, ACTIVE_FLAG, AREITEMSREORDERED, IMPORTID, MASTER_ID, TENANT_TYPE, ID, ACTIVE, COMPLETEDON, CONTRACTESTIMATE_ID, LOCATION_ID, MD5_VALUE, MODIFIEDON, RECORD_CREATE_DATE, SUMMARY, CUSTOMER_ID]
Column names for Curated Table --> DIM_PROJECT :: [RECORD_UPDATE_DATE, ACTIVE, AUTHORIZATIONSIGNATURE, COMPLETEDON, RETAINAGEPERCENT, IMPORTID, CONTRACTFOR, CONTRACTSTARTDATE, ID, ISRETAINAGEENABLED, RECORD_CREATE_DATE, RECORD_UPDATED_BY, TENANT_TYPE, PROJECTSETTINGSTYPE, TECHNICIANSIGNATURE, ISPREVAILINGWAGE, MD5_VALUE, NAME, PAYMENTTERM_ID, COMPLETEDONACTUAL, CUSTOMER_ID, NUMBER, AREITEMSREORDERED, CREATEDON, LOCATION_ID, MODIFIEDON, STARTEDON, ACKNOWLEDGEMENTSIGNATURE, COMPLETIONPERCENT, CONTRACTESTIMATE_ID, SUMMARY, CREATEDBY_ID, REVENUERECOGNITIONMETHOD]
Column Name found in Datamart and Curated Table :: ACTIVE
Column Name found in Datamart and Curated Table :: AREITEMSREORDERED
Column Name found in Datamart and Curated Table :: CUSTOMER_ID
Column Name found in Datamart and Curated Table :: NAME
Column Name found in Datamart and Curated Table :: NUMBER
Column Name found in Datamart and Curated Table :: PROJECTSETTINGSTYPE
Column Name found in Datamart and Curated Table :: TECHNICIANSIGNATURE
Column Name found in Datamart and Curated Table :: SUMMARY
Column Name found in Datamart and Curated Table :: MODIFIEDON
Column Name found in Datamart and Curated Table :: ACKNOWLEDGEMENTSIGNATURE
Column Name found in Datamart and Curated Table :: COMPLETEDON
Column Name found in Datamart and Curated Table :: COMPLETIONPERCENT
Column Name not found in Datamart and Curated Table :: COSTTOCOMPLETE
Column Name found in Datamart and Curated Table :: CREATEDBY_ID
Column Name found in Datamart and Curated Table :: CREATEDON
Column Name found in Datamart and Curated Table :: IMPORTID
Column Name found in Datamart and Curated Table :: COMPLETEDONACTUAL
Column Name found in Datamart and Curated Table :: ID
Column Name found in Datamart and Curated Table :: CONTRACTESTIMATE_ID
Column Name found in Datamart and Curated Table :: AUTHORIZATIONSIGNATURE
Column Name found in Datamart and Curated Table :: CONTRACTSTARTDATE
Column Name found in Datamart and Curated Table :: STARTEDON
Column Name found in Datamart and Curated Table :: CONTRACTFOR
Column Name found in Datamart and Curated Table :: ISRETAINAGEENABLED
Column Name found in Datamart and Curated Table :: ISPREVAILINGWAGE
Column Name found in Datamart and Curated Table :: LOCATION_ID
Column Name found in Datamart and Curated Table :: PAYMENTTERM_ID
Column Name found in Datamart and Curated Table :: RETAINAGEPERCENT
Column Name not found in Datamart and Curated Table :: REVENUERECOGNITIONMETHOD
Column Name found in Datamart and Curated Table :: TENANT_TYPE
Datamart tables contains additional column name like [ACTIVE_FLAG, RECORD_CREATE_DATE, RECORD_UPDATE_DATE, MASTER_ID]
Curated tables contains additional column name like [RECORD_CREATE_DATE, RECORD_UPDATE_DATE, RECORD_UPDATED_BY]]]>
  </system-out>
  <testcase classname="testcases.RAW_DATAMART_CURATED.SnowFlake_ColumnValidation_APITables" name="validateColumnName_BKP" time="2.716"/>
  <system-out>
    <![CDATA[Executing Snowflake query :: SELECT COLUMN_NAME FROM DEV_ENT_RAW.INFORMATION_SCHEMA.COLUMNS WHERE TABLE_NAME='ST_API_TECHNICIANSHIFT'and TABLE_SCHEMA='API_MAT'
Executing Snowflake query :: SELECT COLUMN_NAME FROM CURATED_DATAMART.INFORMATION_SCHEMA.COLUMNS WHERE TABLE_NAME='STR_API_TECHNICIANSHIFT'and TABLE_SCHEMA='ST_API_EANESHEATING'
Executing Snowflake query :: SELECT COLUMN_NAME FROM DEV_ENT_CURATED.INFORMATION_SCHEMA.COLUMNS WHERE TABLE_NAME='DIM_TECHNICIANSHIFT'and TABLE_SCHEMA='MASTER_DIMENSIONS'
Column names for RAW Table --> ST_API_TECHNICIANSHIFT :: [END, ENDDATE, STARTTIME, ENDTIME, START, TECHNICIAN_ID, ACTIVE, BATCH, CREATEDBY_ID, TITLE, ID, IMPORTID, SHIFTTYPE, STARTDATE, CREATEDON, NOTE, TIMESHEET_ID, TIMESHEETCODE_ID, TENANT_TYPE]
Column names for DataMart Table --> STR_API_TECHNICIANSHIFT :: [IMPORTID, RECORD_UPDATE_DATE, ACTIVE_FLAG, MASTER_ID, BATCH, SHIFTTYPE, CREATEDON, TECHNICIAN_ID, TITLE, CREATEDBY_ID, END, NOTE, STARTDATE, ENDTIME, ACTIVE, ID, ENDDATE, STARTTIME, TENANT_TYPE, TIMESHEETCODE_ID, TIMESHEET_ID, START, RECORD_CREATE_DATE]
Column names for Curated Table --> DIM_TECHNICIANSHIFT :: [CREATEDON, TENANT_TYPE, TITLE, ACTIVE, NOTE, RECORD_CREATE_DATE, END, ID, RECORD_UPDATED_BY, TIMESHEETCODE_ID, IMPORTID, RECORD_UPDATE_DATE, STARTTIME, TECHNICIAN_ID, TIMESHEET_ID, CREATEDBY_ID, ENDDATE, START, SHIFTTYPE, BATCH, ENDTIME, STARTDATE]
Column Name found in Datamart and Curated Table :: END
Column Name found in Datamart and Curated Table :: ENDDATE
Column Name found in Datamart and Curated Table :: STARTTIME
Column Name found in Datamart and Curated Table :: ENDTIME
Column Name found in Datamart and Curated Table :: START
Column Name found in Datamart and Curated Table :: TECHNICIAN_ID
Column Name found in Datamart and Curated Table :: ACTIVE
Column Name found in Datamart and Curated Table :: BATCH
Column Name found in Datamart and Curated Table :: CREATEDBY_ID
Column Name found in Datamart and Curated Table :: TITLE
Column Name found in Datamart and Curated Table :: ID
Column Name found in Datamart and Curated Table :: IMPORTID
Column Name found in Datamart and Curated Table :: SHIFTTYPE
Column Name found in Datamart and Curated Table :: STARTDATE
Column Name found in Datamart and Curated Table :: CREATEDON
Column Name found in Datamart and Curated Table :: NOTE
Column Name found in Datamart and Curated Table :: TIMESHEET_ID
Column Name found in Datamart and Curated Table :: TIMESHEETCODE_ID
Column Name found in Datamart and Curated Table :: TENANT_TYPE
Datamart tables contains additional column name like [ACTIVE_FLAG, RECORD_CREATE_DATE, RECORD_UPDATE_DATE, MASTER_ID]
Curated tables contains additional column name like [RECORD_CREATE_DATE, RECORD_UPDATE_DATE, RECORD_UPDATED_BY]]]>
  </system-out>
  <testcase classname="testcases.RAW_DATAMART_CURATED.SnowFlake_ColumnValidation_APITables" name="validateColumnName_BKP" time="2.657"/>
  <system-out>
    <![CDATA[Executing Snowflake query :: SELECT COLUMN_NAME FROM DEV_ENT_RAW.INFORMATION_SCHEMA.COLUMNS WHERE TABLE_NAME='ST_API_MATERIALVENDOR'and TABLE_SCHEMA='API_MAT'
Executing Snowflake query :: SELECT COLUMN_NAME FROM CURATED_DATAMART.INFORMATION_SCHEMA.COLUMNS WHERE TABLE_NAME='STR_API_MATERIALVENDOR'and TABLE_SCHEMA='ST_API_GOLDMEDAL'
Executing Snowflake query :: SELECT COLUMN_NAME FROM DEV_ENT_CURATED.INFORMATION_SCHEMA.COLUMNS WHERE TABLE_NAME='DIM_MATERIALVENDOR'and TABLE_SCHEMA='MASTER_DIMENSIONS'
Column names for RAW Table --> ST_API_MATERIALVENDOR :: [ACTIVE, CREATEDON, MEMO, VENDOR_ID, CREATEDBY_ID, COST, ID, ISPRIMARY, IMPORTID, PRIMARYSUBACCOUNT_ID, MATERIAL_ID, PARTNUMBER, TENANT_TYPE]
Column names for DataMart Table --> STR_API_MATERIALVENDOR :: [MEMO, RECORD_UPDATE_DATE, CREATEDON, COST, PARTNUMBER, TENANT_TYPE, ACTIVE_FLAG, MATERIAL_ID, PRIMARYSUBACCOUNT_ID, RECORD_CREATE_DATE, ID, ACTIVE, CREATEDBY_ID, ISPRIMARY, IMPORTID, MASTER_ID, VENDOR_ID]
Column names for Curated Table --> DIM_MATERIALVENDOR :: [ID, MATERIAL_ID, ACTIVE, COST, CREATEDBY_ID, IMPORTID, ISPRIMARY, PRIMARYSUBACCOUNT_ID, RECORD_UPDATE_DATE, TENANT_TYPE, MEMO, RECORD_UPDATED_BY, VENDOR_ID, CREATEDON, PARTNUMBER, RECORD_CREATE_DATE]
Column Name found in Datamart and Curated Table :: ACTIVE
Column Name found in Datamart and Curated Table :: CREATEDON
Column Name found in Datamart and Curated Table :: MEMO
Column Name found in Datamart and Curated Table :: VENDOR_ID
Column Name found in Datamart and Curated Table :: CREATEDBY_ID
Column Name found in Datamart and Curated Table :: COST
Column Name found in Datamart and Curated Table :: ID
Column Name found in Datamart and Curated Table :: ISPRIMARY
Column Name found in Datamart and Curated Table :: IMPORTID
Column Name found in Datamart and Curated Table :: PRIMARYSUBACCOUNT_ID
Column Name found in Datamart and Curated Table :: MATERIAL_ID
Column Name found in Datamart and Curated Table :: PARTNUMBER
Column Name found in Datamart and Curated Table :: TENANT_TYPE
Datamart tables contains additional column name like [ACTIVE_FLAG, RECORD_CREATE_DATE, RECORD_UPDATE_DATE, MASTER_ID]
Curated tables contains additional column name like [RECORD_CREATE_DATE, RECORD_UPDATE_DATE, RECORD_UPDATED_BY]]]>
  </system-out>
  <testcase classname="testcases.RAW_DATAMART_CURATED.SnowFlake_ColumnValidation_APITables" name="validateColumnName_BKP" time="2.255"/>
  <system-out>
    <![CDATA[Executing Snowflake query :: SELECT COLUMN_NAME FROM DEV_ENT_RAW.INFORMATION_SCHEMA.COLUMNS WHERE TABLE_NAME='ST_API_JOBCOMPLETIONSURVEY'and TABLE_SCHEMA='API_MAT'
Executing Snowflake query :: SELECT COLUMN_NAME FROM CURATED_DATAMART.INFORMATION_SCHEMA.COLUMNS WHERE TABLE_NAME='STR_API_JOBCOMPLETIONSURVEY'and TABLE_SCHEMA='ST_API_HENDERSON'
Executing Snowflake query :: SELECT COLUMN_NAME FROM DEV_ENT_CURATED.INFORMATION_SCHEMA.COLUMNS WHERE TABLE_NAME='DIM_JOBCOMPLETIONSURVEY'and TABLE_SCHEMA='MASTER_DIMENSIONS'
Column names for RAW Table --> ST_API_JOBCOMPLETIONSURVEY :: [SENTON, ISPLANNINGTOUSEAGAIN, ISROUTINECOMPLETED, MEMO, RECOMMENDATIONS, STATUS, TOKEN, ID, JOBCOMPLETEDON, SUBMITCOUNT, JOBID, MODIFIEDON, COMPLETEDON, RATING, SURVEYTYPE, TENANT_TYPE]
Column names for DataMart Table --> STR_API_JOBCOMPLETIONSURVEY :: [JOBCOMPLETEDON, ACTIVE_FLAG, RECOMMENDATIONS, RECORD_UPDATE_DATE, SUBMITCOUNT, MASTER_ID, RECORD_CREATE_DATE, STATUS, TOKEN, SURVEYTYPE, SENTON, TENANT_TYPE, COMPLETEDON, ISROUTINECOMPLETED, ID, MEMO, JOBID, MODIFIEDON, ISPLANNINGTOUSEAGAIN, RATING]
Column names for Curated Table --> DIM_JOBCOMPLETIONSURVEY :: [ID, JOBCOMPLETEDON, SUBMITCOUNT, ISROUTINECOMPLETED, MEMO, RECORD_UPDATED_BY, STATUS, JOBID, RECORD_UPDATE_DATE, TENANT_TYPE, MODIFIEDON, SURVEYTYPE, COMPLETEDON, ISPLANNINGTOUSEAGAIN, RATING, SENTON, RECOMMENDATIONS, RECORD_CREATE_DATE, TOKEN]
Column Name found in Datamart and Curated Table :: SENTON
Column Name found in Datamart and Curated Table :: ISPLANNINGTOUSEAGAIN
Column Name found in Datamart and Curated Table :: ISROUTINECOMPLETED
Column Name found in Datamart and Curated Table :: MEMO
Column Name found in Datamart and Curated Table :: RECOMMENDATIONS
Column Name found in Datamart and Curated Table :: STATUS
Column Name found in Datamart and Curated Table :: TOKEN
Column Name found in Datamart and Curated Table :: ID
Column Name found in Datamart and Curated Table :: JOBCOMPLETEDON
Column Name found in Datamart and Curated Table :: SUBMITCOUNT
Column Name found in Datamart and Curated Table :: JOBID
Column Name found in Datamart and Curated Table :: MODIFIEDON
Column Name found in Datamart and Curated Table :: COMPLETEDON
Column Name found in Datamart and Curated Table :: RATING
Column Name found in Datamart and Curated Table :: SURVEYTYPE
Column Name found in Datamart and Curated Table :: TENANT_TYPE
Datamart tables contains additional column name like [ACTIVE_FLAG, RECORD_CREATE_DATE, RECORD_UPDATE_DATE, MASTER_ID]
Curated tables contains additional column name like [RECORD_CREATE_DATE, RECORD_UPDATE_DATE, RECORD_UPDATED_BY]]]>
  </system-out>
  <testcase classname="testcases.RAW_DATAMART_CURATED.SnowFlake_ColumnValidation_APITables" name="validateColumnName_BKP" time="2.201"/>
  <system-out>
    <![CDATA[Executing Snowflake query :: SELECT COLUMN_NAME FROM DEV_ENT_RAW.INFORMATION_SCHEMA.COLUMNS WHERE TABLE_NAME='ST_API_CAMPAIGN'and TABLE_SCHEMA='API_MAT'
Executing Snowflake query :: SELECT COLUMN_NAME FROM CURATED_DATAMART.INFORMATION_SCHEMA.COLUMNS WHERE TABLE_NAME='STR_API_CAMPAIGN'and TABLE_SCHEMA='ST_API_BILLFENWICK'
Executing Snowflake query :: SELECT COLUMN_NAME FROM DEV_ENT_CURATED.INFORMATION_SCHEMA.COLUMNS WHERE TABLE_NAME='DIM_CAMPAIGN'and TABLE_SCHEMA='MASTER_DIMENSIONS'
Column names for RAW Table --> ST_API_CAMPAIGN :: [COST, CATEGORY_ID, ID, ACTIVE, BUSINESSUNIT_ID, MODIFIEDBY_ID, DNIS, IMAGE, NAME, IMPORTID, MODIFIEDON, CREATEDBY_ID, CREATEDON, TENANT_TYPE]
Column names for DataMart Table --> STR_API_CAMPAIGN :: [ID, MASTER_ID, BUSINESSUNIT_ID, MODIFIEDON, NAME, IMPORTID, RECORD_CREATE_DATE, TENANT_TYPE, ACTIVE_FLAG, CREATEDBY_ID, MODIFIEDBY_ID, COST, IMAGE, RECORD_UPDATE_DATE, CREATEDON, DNIS, ACTIVE, CATEGORY_ID]
Column names for Curated Table --> DIM_CAMPAIGN :: [IMAGE, MODIFIEDBY_ID, CATEGORY_ID, NAME, RECORD_CREATE_DATE, ACTIVE, COST, CREATEDBY_ID, IMPORTID, CREATEDON, BUSINESSUNIT_ID, ID, RECORD_UPDATED_BY, MODIFIEDON, DNIS, RECORD_UPDATE_DATE, TENANT_TYPE]
Column Name found in Datamart and Curated Table :: COST
Column Name found in Datamart and Curated Table :: CATEGORY_ID
Column Name found in Datamart and Curated Table :: ID
Column Name found in Datamart and Curated Table :: ACTIVE
Column Name found in Datamart and Curated Table :: BUSINESSUNIT_ID
Column Name found in Datamart and Curated Table :: MODIFIEDBY_ID
Column Name found in Datamart and Curated Table :: DNIS
Column Name found in Datamart and Curated Table :: IMAGE
Column Name found in Datamart and Curated Table :: NAME
Column Name found in Datamart and Curated Table :: IMPORTID
Column Name found in Datamart and Curated Table :: MODIFIEDON
Column Name found in Datamart and Curated Table :: CREATEDBY_ID
Column Name found in Datamart and Curated Table :: CREATEDON
Column Name found in Datamart and Curated Table :: TENANT_TYPE
Datamart tables contains additional column name like [ACTIVE_FLAG, RECORD_CREATE_DATE, RECORD_UPDATE_DATE, MASTER_ID]
Curated tables contains additional column name like [RECORD_CREATE_DATE, RECORD_UPDATE_DATE, RECORD_UPDATED_BY]]]>
  </system-out>
  <testcase classname="testcases.RAW_DATAMART_CURATED.SnowFlake_ColumnValidation_APITables" name="validateColumnName_BKP" time="3.236">
    <failure message="The following asserts failed:
	null" type="java.lang.AssertionError">
      <![CDATA[java.lang.AssertionError: The following asserts failed:
null
at org.testng.asserts.SoftAssert.assertAll(SoftAssert.java:47)
at org.testng.asserts.SoftAssert.assertAll(SoftAssert.java:31)
at testcases.RAW_DATAMART_CURATED.SnowFlake_ColumnValidation_APITables.validateColumnName_BKP(SnowFlake_ColumnValidation_APITables.java:128)
at jdk.internal.reflect.GeneratedMethodAccessor38.invoke(Unknown Source)
at java.base/jdk.internal.reflect.DelegatingMethodAccessorImpl.invoke(DelegatingMethodAccessorImpl.java:43)
at java.base/java.lang.reflect.Method.invoke(Method.java:568)
at org.testng.internal.MethodInvocationHelper.invokeMethod(MethodInvocationHelper.java:133)
at org.testng.internal.TestInvoker.invokeMethod(TestInvoker.java:598)
at org.testng.internal.TestInvoker.invokeTestMethod(TestInvoker.java:173)
at org.testng.internal.MethodRunner.runInSequence(MethodRunner.java:46)
at org.testng.internal.TestInvoker$MethodInvocationAgent.invoke(TestInvoker.java:824)
at org.testng.internal.TestInvoker.invokeTestMethods(TestInvoker.java:146)
at org.testng.internal.TestMethodWorker.invokeTestMethods(TestMethodWorker.java:146)
at org.testng.internal.TestMethodWorker.run(TestMethodWorker.java:128)
at java.base/java.util.ArrayList.forEach(ArrayList.java:1511)
at org.testng.TestRunner.privateRun(TestRunner.java:794)
at org.testng.TestRunner.run(TestRunner.java:596)
at org.testng.SuiteRunner.runTest(SuiteRunner.java:377)
at org.testng.SuiteRunner.runSequentially(SuiteRunner.java:371)
at org.testng.SuiteRunner.privateRun(SuiteRunner.java:332)
at org.testng.SuiteRunner.run(SuiteRunner.java:276)
at org.testng.SuiteRunnerWorker.runSuite(SuiteRunnerWorker.java:53)
at org.testng.SuiteRunnerWorker.run(SuiteRunnerWorker.java:96)
at org.testng.TestNG.runSuitesSequentially(TestNG.java:1212)
at org.testng.TestNG.runSuitesLocally(TestNG.java:1134)
at org.testng.TestNG.runSuites(TestNG.java:1063)
at org.testng.TestNG.run(TestNG.java:1031)
at org.testng.remote.AbstractRemoteTestNG.run(AbstractRemoteTestNG.java:115)
at org.testng.remote.RemoteTestNG.initAndRun(RemoteTestNG.java:251)
at org.testng.remote.RemoteTestNG.main(RemoteTestNG.java:77)
]]>
    </failure>
  </testcase> <!-- validateColumnName_BKP -->
  <system-out>
    <![CDATA[Executing Snowflake query :: SELECT COLUMN_NAME FROM DEV_ENT_RAW.INFORMATION_SCHEMA.COLUMNS WHERE TABLE_NAME='ST_API_TECHNICIAN'and TABLE_SCHEMA='API_MAT'
Executing Snowflake query :: SELECT COLUMN_NAME FROM CURATED_DATAMART.INFORMATION_SCHEMA.COLUMNS WHERE TABLE_NAME='STR_API_TECHNICIAN'and TABLE_SCHEMA='ST_API_HARP'
Executing Snowflake query :: SELECT COLUMN_NAME FROM DEV_ENT_CURATED.INFORMATION_SCHEMA.COLUMNS WHERE TABLE_NAME='DIM_TECHNICIAN'and TABLE_SCHEMA='MASTER_DIMENSIONS'
Column names for RAW Table --> ST_API_TECHNICIAN :: [ADDONCREWSPLITCOMMISSIONRATE, ATLASBUTLERTECHNICIANROLE, FIRSTDRIVERULE, HOME_ISMANUALCOORDINATES, NAVISIONEMPLOYEEID, PAYROLLID, PAYROLLPOSTINGGROUP_ID, SALESFACTOR, SALESFORCECONTACTID, PAYROLLREPORTVERSION, STANDARDWORKTYPECODE_ID, MUHULINK, COMMISSIONRATE, HOME_ISMILITARY, LICENSE, GOALIMAGE, IMPORTID, MOBILEPHONECONFIRMED, PAYTYPE, MANAGER_ID, SHIFTSTART, NAME, ADDONSOLOCOMMISSIONRATE, BIO, BUSINESSUNIT_ID, HOME_CITY, ID, ISMANAGEDTECH, PROJECTLABELS, SCHEDULEDSOLOCOMMISSIONRATE, BIRTHDATE, HOME_COUNTRY, PHOTO, TURNOVERBONUS, USER_ID, WILLIAMSTECHNICIANROLE, ZONE_ID, OVERTIMEPROFILE_ID, CREATEDON, TODAYREVENUE_TECHNICIAN, ACTIVE, DEFAULTPAYROLLADJUSTMENTRATE, ISAUTODISPATCHED, LASTNAME, ISEXTERNAL, SHIFTEND, SCHEDULEDCREWSPLITCOMMISSIONRATE, DAILYGOAL, APPOINTMENT_ID, BURDENRATE, HOME_ZIP, PAYROLLSTARTPERIOD, STATUSUPDATEDON, OVERTIMEWORKTYPECODE_ID, PAYROLLPROFILE_ID, PAYROLLROLE, PAYROLLSTARTDATE, SOLDBYRATE, ISEXCLUDEDFROMPAYROLL, COORDINATESUPDATEDON, EMAIL, EMAILCONFIRMED, HOME_LATITUDE, OVERTIMEPAYROLLCONTROLCODE_ID, PAYPERIOD, STANDARDPAYROLLCONTROLCODE_ID, CHECKEDIN, DEFAULTLABORTYPE_ID, JOBFILTER, PAYFREQUENCY_ID, MOBILEPHONE, OUTBOUNDCALLERID, SCHEDULEDMULTITECHCOMMISSIONRATE, STARTDATE, CURRENTVALUE, DEDUCTCOMMUTETIMEFROMFIRSTDRIVE, FIRSTNAME, MEALTIME, MEMO, PHONECONFIRMED, SHOWJOBAPPOINTMENTRESCHEDULEALERT, DISPATCHNOTIFICATIONS, JOB_ID, LATITUDE, MIDDLENAME, ROUTESTATISTICS_TECHNICIAN, CREATEDBY_ID, PHONE, QBREPID, SMARTDISPATCHSETTINGS_TECHNICIAN, STATUS, UNION, HOME_UNIT, HOURLYRATE, INVENTORYWAREHOUSENAME, INVOICINGHOURLYRATE, TYPE, ADDONMULTITECHCOMMISSIONRATE, COLOR, HOME_STATE, MODIFIEDON, OVERALLSALESFACTOR_TECHNICIAN, POSITION, TEAM, COMMUTETIME, HOME_LONGITUDE, HOME_STREET, LOCATION_TECHNICIAN, OVERTIMEMODE, PROJECTEDVALUE, LONGITUDE, TRUCK_ID, TENANT_TYPE]
Column names for DataMart Table --> STR_API_TECHNICIAN :: [COMMUTETIME, CURRENTVALUE, FLEET_ID, MODIFIEDON, COORDINATESUPDATEDON, LONGITUDE, QBREPID, STANDARDWORKTYPECODE_ID, OVERTIMEPAYROLLCONTROLCODE_ID, ROUTESTATISTICS_TECHNICIAN, TODAYREVENUE_TECHNICIAN, TURNOVERBONUS, DAILYGOAL, DEFAULTPAYROLLADJUSTMENTRATE, EMAIL, FIRSTDRIVERULE, HOME_LATITUDE, ID, IMPORTID, JOBFILTER, SCHEDULEDMULTITECHCOMMISSIONRATE, SHIFTSTART, DEFAULTLABORTYPE_ID, NAME, PAYPERIOD, PAYROLLID, STATUSUPDATEDON, RECORD_UPDATE_DATE, ZONE_ID, ISAUTODISPATCHED, INVENTORYWAREHOUSENAME, PAYROLLSTARTPERIOD, ATLASBUTLERTECHNICIANROLE, BUSINESSUNIT_ID, CREATEDBY_ID, DEDUCTCOMMUTETIMEFROMFIRSTDRIVE, HOME_COUNTRY, INVOICINGHOURLYRATE, MASTER_ID, PAYROLLROLE, ISMANAGEDTECH, LOCATION_TECHNICIAN, MEALTIME, PHOTO, SALESFACTOR, SMARTDISPATCHSETTINGS_TECHNICIAN, UNION, STARTDATE, ACTIVE_FLAG, ADDONCREWSPLITCOMMISSIONRATE, ADDONSOLOCOMMISSIONRATE, HOME_CITY, LASTNAME, SCHEDULEDSOLOCOMMISSIONRATE, EMAILCONFIRMED, LICENSE, OUTBOUNDCALLERID, SHIFTEND, TEAM, MIDDLENAME, MOBILEPHONECONFIRMED, PAYTYPE, USER_ID, ACTIVE, HOME_UNIT, NAVISIONEMPLOYEEID, STANDARDPAYROLLCONTROLCODE_ID, COMMISSIONRATE, MEMO, PAYROLLPROFILE_ID, POSITION, SHOWJOBAPPOINTMENTRESCHEDULEALERT, STATUS, TRUCK_ID, TYPE, MUHULINK, RECORD_CREATE_DATE, PAYROLLREPORTVERSION, ADDONMULTITECHCOMMISSIONRATE, CREATEDON, HOME_ISMILITARY, OVERTIMEWORKTYPECODE_ID, PAYROLLSTARTDATE, DISPATCHNOTIFICATIONS, GOALIMAGE, ISEXTERNAL, WILLIAMSTECHNICIANROLE, SOLDBYRATE, JOB_ID, BIO, BIRTHDATE, BURDENRATE, COLOR, HOME_ZIP, MANAGER_ID, HOME_ISMANUALCOORDINATES, OVERTIMEPROFILE_ID, SALESFORCECONTACTID, TENANT_TYPE, LATITUDE, APPOINTMENT_ID, CHECKEDIN, FIRSTNAME, HOME_STATE, HOURLYRATE, MOBILEPHONE, HOME_LONGITUDE, HOME_STREET, OVERTIMEMODE, PROJECTEDVALUE, OVERALLSALESFACTOR_TECHNICIAN, PAYROLLPOSTINGGROUP_ID, PHONE, PHONECONFIRMED, SCHEDULEDCREWSPLITCOMMISSIONRATE, PAYFREQUENCY_ID, PROJECTLABELS]
Column names for Curated Table --> DIM_TECHNICIAN :: [ADDONCREWSPLITCOMMISSIONRATE, COMMUTETIME, DEFAULTLABORTYPE_ID, EMAILCONFIRMED, FIRSTNAME, FLEET_ID, HOME_COUNTRY, HOME_UNIT, MOBILEPHONE, PHONECONFIRMED, ISEXCLUDEDFROMPAYROLL, OVERALLSALESFACTOR_TECHNICIAN, TURNOVERBONUS, PAYPERIOD, PAYROLLROLE, PAYROLLSTARTDATE, BIRTHDATE, HOME_ISMANUALCOORDINATES, HOME_ISMILITARY, INVENTORYWAREHOUSENAME, JOBFILTER, MEMO, PAYFREQUENCY_ID, POSITION, ID, ISAUTODISPATCHED, LICENSE, TEAM, SCHEDULEDCREWSPLITCOMMISSIONRATE, SALESFACTOR, ADDONSOLOCOMMISSIONRATE, CURRENTVALUE, DAILYGOAL, DEDUCTCOMMUTETIMEFROMFIRSTDRIVE, MANAGER_ID, OVERTIMEPROFILE_ID, SHIFTSTART, SHOWJOBAPPOINTMENTRESCHEDULEALERT, SMARTDISPATCHSETTINGS_TECHNICIAN, GOALIMAGE, MODIFIEDON, PAYROLLID, PAYROLLREPORTVERSION, RECORD_CREATE_DATE, TODAYREVENUE_TECHNICIAN, TYPE, PROJECTLABELS, SCHEDULEDSOLOCOMMISSIONRATE, LONGITUDE, ADDONMULTITECHCOMMISSIONRATE, APPOINTMENT_ID, CHECKEDIN, COLOR, CREATEDON, DISPATCHNOTIFICATIONS, IMPORTID, LASTNAME, MOBILEPHONECONFIRMED, STATUSUPDATEDON, ZONE_ID, HOME_STATE, NAME, NAVISIONEMPLOYEEID, PAYROLLPOSTINGGROUP_ID, PHOTO, MEALTIME, PROJECTEDVALUE, STANDARDPAYROLLCONTROLCODE_ID, OVERTIMEMODE, BURDENRATE, FIRSTDRIVERULE, JOB_ID, PAYROLLPROFILE_ID, QBREPID, ROUTESTATISTICS_TECHNICIAN, STARTDATE, TRUCK_ID, USER_ID, STANDARDWORKTYPECODE_ID, MIDDLENAME, COMMISSIONRATE, CREATEDBY_ID, HOME_LONGITUDE, HOME_ZIP, HOURLYRATE, LATITUDE, SCHEDULEDMULTITECHCOMMISSIONRATE, BUSINESSUNIT_ID, OUTBOUNDCALLERID, RECORD_UPDATED_BY, STATUS, MUHULINK, OVERTIMEPAYROLLCONTROLCODE_ID, UNION, PAYTYPE, INVOICINGHOURLYRATE, RECORD_UPDATE_DATE, COORDINATESUPDATEDON, LOCATION_TECHNICIAN, EMAIL, HOME_CITY, ISEXTERNAL, OVERTIMEWORKTYPECODE_ID, PAYROLLSTARTPERIOD, SHIFTEND, WILLIAMSTECHNICIANROLE, TENANT_TYPE, ACTIVE, ATLASBUTLERTECHNICIANROLE, BIO, DEFAULTPAYROLLADJUSTMENTRATE, HOME_LATITUDE, HOME_STREET, ISMANAGEDTECH, PHONE, SALESFORCECONTACTID, SOLDBYRATE]
Column Name found in Datamart and Curated Table :: ADDONCREWSPLITCOMMISSIONRATE
Column Name found in Datamart and Curated Table :: ATLASBUTLERTECHNICIANROLE
Column Name found in Datamart and Curated Table :: FIRSTDRIVERULE
Column Name found in Datamart and Curated Table :: HOME_ISMANUALCOORDINATES
Column Name found in Datamart and Curated Table :: NAVISIONEMPLOYEEID
Column Name found in Datamart and Curated Table :: PAYROLLID
Column Name found in Datamart and Curated Table :: PAYROLLPOSTINGGROUP_ID
Column Name found in Datamart and Curated Table :: SALESFACTOR
Column Name found in Datamart and Curated Table :: SALESFORCECONTACTID
Column Name found in Datamart and Curated Table :: PAYROLLREPORTVERSION
Column Name found in Datamart and Curated Table :: STANDARDWORKTYPECODE_ID
Column Name found in Datamart and Curated Table :: MUHULINK
Column Name found in Datamart and Curated Table :: COMMISSIONRATE
Column Name found in Datamart and Curated Table :: HOME_ISMILITARY
Column Name found in Datamart and Curated Table :: LICENSE
Column Name found in Datamart and Curated Table :: GOALIMAGE
Column Name found in Datamart and Curated Table :: IMPORTID
Column Name found in Datamart and Curated Table :: MOBILEPHONECONFIRMED
Column Name found in Datamart and Curated Table :: PAYTYPE
Column Name found in Datamart and Curated Table :: MANAGER_ID
Column Name found in Datamart and Curated Table :: SHIFTSTART
Column Name found in Datamart and Curated Table :: NAME
Column Name found in Datamart and Curated Table :: ADDONSOLOCOMMISSIONRATE
Column Name found in Datamart and Curated Table :: BIO
Column Name found in Datamart and Curated Table :: BUSINESSUNIT_ID
Column Name found in Datamart and Curated Table :: HOME_CITY
Column Name found in Datamart and Curated Table :: ID
Column Name found in Datamart and Curated Table :: ISMANAGEDTECH
Column Name found in Datamart and Curated Table :: PROJECTLABELS
Column Name found in Datamart and Curated Table :: SCHEDULEDSOLOCOMMISSIONRATE
Column Name found in Datamart and Curated Table :: BIRTHDATE
Column Name found in Datamart and Curated Table :: HOME_COUNTRY
Column Name found in Datamart and Curated Table :: PHOTO
Column Name found in Datamart and Curated Table :: TURNOVERBONUS
Column Name found in Datamart and Curated Table :: USER_ID
Column Name found in Datamart and Curated Table :: WILLIAMSTECHNICIANROLE
Column Name found in Datamart and Curated Table :: ZONE_ID
Column Name found in Datamart and Curated Table :: OVERTIMEPROFILE_ID
Column Name found in Datamart and Curated Table :: CREATEDON
Column Name found in Datamart and Curated Table :: TODAYREVENUE_TECHNICIAN
Column Name found in Datamart and Curated Table :: ACTIVE
Column Name found in Datamart and Curated Table :: DEFAULTPAYROLLADJUSTMENTRATE
Column Name found in Datamart and Curated Table :: ISAUTODISPATCHED
Column Name found in Datamart and Curated Table :: LASTNAME
Column Name found in Datamart and Curated Table :: ISEXTERNAL
Column Name found in Datamart and Curated Table :: SHIFTEND
Column Name found in Datamart and Curated Table :: SCHEDULEDCREWSPLITCOMMISSIONRATE
Column Name found in Datamart and Curated Table :: DAILYGOAL
Column Name found in Datamart and Curated Table :: APPOINTMENT_ID
Column Name found in Datamart and Curated Table :: BURDENRATE
Column Name found in Datamart and Curated Table :: HOME_ZIP
Column Name found in Datamart and Curated Table :: PAYROLLSTARTPERIOD
Column Name found in Datamart and Curated Table :: STATUSUPDATEDON
Column Name found in Datamart and Curated Table :: OVERTIMEWORKTYPECODE_ID
Column Name found in Datamart and Curated Table :: PAYROLLPROFILE_ID
Column Name found in Datamart and Curated Table :: PAYROLLROLE
Column Name found in Datamart and Curated Table :: PAYROLLSTARTDATE
Column Name found in Datamart and Curated Table :: SOLDBYRATE
Column Name not found in Datamart and Curated Table :: ISEXCLUDEDFROMPAYROLL
Column Name found in Datamart and Curated Table :: COORDINATESUPDATEDON
Column Name found in Datamart and Curated Table :: EMAIL
Column Name found in Datamart and Curated Table :: EMAILCONFIRMED
Column Name found in Datamart and Curated Table :: HOME_LATITUDE
Column Name found in Datamart and Curated Table :: OVERTIMEPAYROLLCONTROLCODE_ID
Column Name found in Datamart and Curated Table :: PAYPERIOD
Column Name found in Datamart and Curated Table :: STANDARDPAYROLLCONTROLCODE_ID
Column Name found in Datamart and Curated Table :: CHECKEDIN
Column Name found in Datamart and Curated Table :: DEFAULTLABORTYPE_ID
Column Name found in Datamart and Curated Table :: JOBFILTER
Column Name found in Datamart and Curated Table :: PAYFREQUENCY_ID
Column Name found in Datamart and Curated Table :: MOBILEPHONE
Column Name found in Datamart and Curated Table :: OUTBOUNDCALLERID
Column Name found in Datamart and Curated Table :: SCHEDULEDMULTITECHCOMMISSIONRATE
Column Name found in Datamart and Curated Table :: STARTDATE
Column Name found in Datamart and Curated Table :: CURRENTVALUE
Column Name found in Datamart and Curated Table :: DEDUCTCOMMUTETIMEFROMFIRSTDRIVE
Column Name found in Datamart and Curated Table :: FIRSTNAME
Column Name found in Datamart and Curated Table :: MEALTIME
Column Name found in Datamart and Curated Table :: MEMO
Column Name found in Datamart and Curated Table :: PHONECONFIRMED
Column Name found in Datamart and Curated Table :: SHOWJOBAPPOINTMENTRESCHEDULEALERT
Column Name found in Datamart and Curated Table :: DISPATCHNOTIFICATIONS
Column Name found in Datamart and Curated Table :: JOB_ID
Column Name found in Datamart and Curated Table :: LATITUDE
Column Name found in Datamart and Curated Table :: MIDDLENAME
Column Name found in Datamart and Curated Table :: ROUTESTATISTICS_TECHNICIAN
Column Name found in Datamart and Curated Table :: CREATEDBY_ID
Column Name found in Datamart and Curated Table :: PHONE
Column Name found in Datamart and Curated Table :: QBREPID
Column Name found in Datamart and Curated Table :: SMARTDISPATCHSETTINGS_TECHNICIAN
Column Name found in Datamart and Curated Table :: STATUS
Column Name found in Datamart and Curated Table :: UNION
Column Name found in Datamart and Curated Table :: HOME_UNIT
Column Name found in Datamart and Curated Table :: HOURLYRATE
Column Name found in Datamart and Curated Table :: INVENTORYWAREHOUSENAME
Column Name found in Datamart and Curated Table :: INVOICINGHOURLYRATE
Column Name found in Datamart and Curated Table :: TYPE
Column Name found in Datamart and Curated Table :: ADDONMULTITECHCOMMISSIONRATE
Column Name found in Datamart and Curated Table :: COLOR
Column Name found in Datamart and Curated Table :: HOME_STATE
Column Name found in Datamart and Curated Table :: MODIFIEDON
Column Name found in Datamart and Curated Table :: OVERALLSALESFACTOR_TECHNICIAN
Column Name found in Datamart and Curated Table :: POSITION
Column Name found in Datamart and Curated Table :: TEAM
Column Name found in Datamart and Curated Table :: COMMUTETIME
Column Name found in Datamart and Curated Table :: HOME_LONGITUDE
Column Name found in Datamart and Curated Table :: HOME_STREET
Column Name found in Datamart and Curated Table :: LOCATION_TECHNICIAN
Column Name found in Datamart and Curated Table :: OVERTIMEMODE
Column Name found in Datamart and Curated Table :: PROJECTEDVALUE
Column Name found in Datamart and Curated Table :: LONGITUDE
Column Name found in Datamart and Curated Table :: TRUCK_ID
Column Name found in Datamart and Curated Table :: TENANT_TYPE
Datamart tables contains additional column name like [ACTIVE_FLAG, RECORD_CREATE_DATE, RECORD_UPDATE_DATE, MASTER_ID]
Curated tables contains additional column name like [RECORD_CREATE_DATE, RECORD_UPDATE_DATE, RECORD_UPDATED_BY]]]>
  </system-out>
  <testcase classname="testcases.RAW_DATAMART_CURATED.SnowFlake_ColumnValidation_APITables" name="validateColumnName_BKP" time="2.762"/>
  <system-out>
    <![CDATA[Executing Snowflake query :: SELECT COLUMN_NAME FROM DEV_ENT_RAW.INFORMATION_SCHEMA.COLUMNS WHERE TABLE_NAME='ST_API_CUSTOMER'and TABLE_SCHEMA='API_MAT'
Executing Snowflake query :: SELECT COLUMN_NAME FROM CURATED_DATAMART.INFORMATION_SCHEMA.COLUMNS WHERE TABLE_NAME='STR_API_CUSTOMER'and TABLE_SCHEMA='ST_API_BILLFENWICK'
Executing Snowflake query :: SELECT COLUMN_NAME FROM DEV_ENT_CURATED.INFORMATION_SCHEMA.COLUMNS WHERE TABLE_NAME='DIM_CUSTOMER'and TABLE_SCHEMA='MASTER_DIMENSIONS'
Column names for RAW Table --> ST_API_CUSTOMER :: [ADDRESS_ISMANUALCOORDINATES, ADDRESS_ISMILITARY, ADDRESS_LATITUDE, ADDRESS_LONGITUDE, CREATEDON, NAME, IMPORTID, AR, CREATEDBY_ID, ADDRESS_COUNTRY, DONOTCHARGEINTERESTFEE, DONOTSENDPROMOTIONALEMAILS, HEADER, TAXEXEMPT, ADDRESS_UNIT, SHOWMEMBERSAVINGS, ADDRESS_STATE, MEMBERSHIP_ACTIVATEDFROM, MEMBERSHIP_TO, STATISTICS_ID, BALANCE, EXCLUDEFROMBULKPRINTING, MEMBERSHIP_ACTIVATEDBY, MODIFIEDON, ID, TYPE, ACTIVE, ADDRESS_CITY, AVALARAENTITYCODE, EXTERNALID, ADDRESS_ZIP, PAYMENTTERM_ID, MEMBERSHIP_CANCELLATIONDATE, ADDRESS_STREET, DONOTMAIL, DONOTSERVICE, MEMBERSHIP_FROM, NOCHARGE, TENANT_TYPE]
Column names for DataMart Table --> STR_API_CUSTOMER :: [ADDRESS_UNIT, CREATEDBY_ID, IMPORTID, TYPE, ADDRESS_STATE, MEMBERSHIP_ACTIVATEDFROM, RECORD_CREATE_DATE, ADDRESS_LATITUDE, ADDRESS_STREET, DONOTCHARGEINTERESTFEE, MEMBERSHIP_FROM, CREATEDON, MODIFIEDON, TENANT_TYPE, ACTIVE, ADDRESS_LONGITUDE, ADDRESS_ZIP, MEMBERSHIP_ACTIVATEDBY, NAME, RECORD_UPDATE_DATE, AVALARAENTITYCODE, BALANCE, EXTERNALID, ACTIVE_FLAG, ADDRESS_ISMILITARY, MASTER_ID, MEMBERSHIP_CANCELLATIONDATE, PAYMENTTERM_ID, SHOWMEMBERSAVINGS, TAXEXEMPT, DONOTSENDPROMOTIONALEMAILS, EXCLUDEFROMBULKPRINTING, ID, ADDRESS_CITY, ADDRESS_COUNTRY, ADDRESS_ISMANUALCOORDINATES, AR, NOCHARGE, HEADER, MEMBERSHIP_TO, STATISTICS_ID, DONOTSERVICE, DONOTMAIL]
Column names for Curated Table --> DIM_CUSTOMER :: [ADDRESS_UNIT, PAYMENTTERM_ID, BALANCE, IMPORTID, ACTIVE, ADDRESS_COUNTRY, ADDRESS_ISMANUALCOORDINATES, ADDRESS_STATE, ADDRESS_ZIP, AR, NAME, MEMBERSHIP_TO, ADDRESS_CITY, ADDRESS_STREET, DONOTSERVICE, MEMBERSHIP_CANCELLATIONDATE, NOCHARGE, HEADER, CREATEDBY_ID, EXTERNALID, MODIFIEDON, DONOTCHARGEINTERESTFEE, MEMBERSHIP_ACTIVATEDBY, RECORD_UPDATE_DATE, RECORD_UPDATED_BY, STATISTICS_ID, CREATEDON, DONOTMAIL, ID, TAXEXEMPT, RECORD_CREATE_DATE, ADDRESS_LATITUDE, ADDRESS_LONGITUDE, AVALARAENTITYCODE, DONOTSENDPROMOTIONALEMAILS, MEMBERSHIP_FROM, TENANT_TYPE, TYPE, ADDRESS_ISMILITARY, MEMBERSHIP_ACTIVATEDFROM, SHOWMEMBERSAVINGS, EXCLUDEFROMBULKPRINTING]
Column Name found in Datamart and Curated Table :: ADDRESS_ISMANUALCOORDINATES
Column Name found in Datamart and Curated Table :: ADDRESS_ISMILITARY
Column Name found in Datamart and Curated Table :: ADDRESS_LATITUDE
Column Name found in Datamart and Curated Table :: ADDRESS_LONGITUDE
Column Name found in Datamart and Curated Table :: CREATEDON
Column Name found in Datamart and Curated Table :: NAME
Column Name found in Datamart and Curated Table :: IMPORTID
Column Name found in Datamart and Curated Table :: AR
Column Name found in Datamart and Curated Table :: CREATEDBY_ID
Column Name found in Datamart and Curated Table :: ADDRESS_COUNTRY
Column Name found in Datamart and Curated Table :: DONOTCHARGEINTERESTFEE
Column Name found in Datamart and Curated Table :: DONOTSENDPROMOTIONALEMAILS
Column Name found in Datamart and Curated Table :: HEADER
Column Name found in Datamart and Curated Table :: TAXEXEMPT
Column Name found in Datamart and Curated Table :: ADDRESS_UNIT
Column Name found in Datamart and Curated Table :: SHOWMEMBERSAVINGS
Column Name found in Datamart and Curated Table :: ADDRESS_STATE
Column Name found in Datamart and Curated Table :: MEMBERSHIP_ACTIVATEDFROM
Column Name found in Datamart and Curated Table :: MEMBERSHIP_TO
Column Name found in Datamart and Curated Table :: STATISTICS_ID
Column Name found in Datamart and Curated Table :: BALANCE
Column Name found in Datamart and Curated Table :: EXCLUDEFROMBULKPRINTING
Column Name found in Datamart and Curated Table :: MEMBERSHIP_ACTIVATEDBY
Column Name found in Datamart and Curated Table :: MODIFIEDON
Column Name found in Datamart and Curated Table :: ID
Column Name found in Datamart and Curated Table :: TYPE
Column Name found in Datamart and Curated Table :: ACTIVE
Column Name found in Datamart and Curated Table :: ADDRESS_CITY
Column Name found in Datamart and Curated Table :: AVALARAENTITYCODE
Column Name found in Datamart and Curated Table :: EXTERNALID
Column Name found in Datamart and Curated Table :: ADDRESS_ZIP
Column Name found in Datamart and Curated Table :: PAYMENTTERM_ID
Column Name found in Datamart and Curated Table :: MEMBERSHIP_CANCELLATIONDATE
Column Name found in Datamart and Curated Table :: ADDRESS_STREET
Column Name found in Datamart and Curated Table :: DONOTMAIL
Column Name found in Datamart and Curated Table :: DONOTSERVICE
Column Name found in Datamart and Curated Table :: MEMBERSHIP_FROM
Column Name found in Datamart and Curated Table :: NOCHARGE
Column Name found in Datamart and Curated Table :: TENANT_TYPE
Datamart tables contains additional column name like [ACTIVE_FLAG, RECORD_CREATE_DATE, RECORD_UPDATE_DATE, MASTER_ID]
Curated tables contains additional column name like [RECORD_CREATE_DATE, RECORD_UPDATE_DATE, RECORD_UPDATED_BY]]]>
  </system-out>
  <testcase classname="testcases.RAW_DATAMART_CURATED.SnowFlake_ColumnValidation_APITables" name="validateColumnName_BKP" time="2.349"/>
  <system-out>
    <![CDATA[Executing Snowflake query :: SELECT COLUMN_NAME FROM DEV_ENT_RAW.INFORMATION_SCHEMA.COLUMNS WHERE TABLE_NAME='ST_API_SERVICE'and TABLE_SCHEMA='API_MAT'
Executing Snowflake query :: SELECT COLUMN_NAME FROM CURATED_DATAMART.INFORMATION_SCHEMA.COLUMNS WHERE TABLE_NAME='STR_API_SERVICE'and TABLE_SCHEMA='ST_API_HARP'
Executing Snowflake query :: SELECT COLUMN_NAME FROM DEV_ENT_CURATED.INFORMATION_SCHEMA.COLUMNS WHERE TABLE_NAME='DIM_SERVICE'and TABLE_SCHEMA='MASTER_DIMENSIONS'
Column names for RAW Table --> ST_API_SERVICE :: [BASERATE1, CATEGORY_ID, ID, MEMBERSHIP, QBITEMNAME, SYNCDATE, ACCOUNT, ACTIVE, ALLOWDISCOUNTS, BASERATE3, NOTAX, GENERATEDTAGTARGETS, MEMBERSHIPTYPE_ID, ORIGINAL_ID, ADDONPRICE, ISOTTASK, MEMBERSHIPACTION, AVALARACOMMERCIALTAXCODE, BUSINESSUNIT_ID, EXTERNALID, MEMBERSHIPYEARS, PRICE, SOLDBYCOMMISSION, DISPATCHFEE, ADDONFLATAMOUNT, COMMISSIONBONUS, DISPLAYNAME, HOURS, ISDEFERREDREVENUE, WARRANTY_DURATION, PURCHASEORDERLIMITS_FLATAMOUNT, WORKFLOWACTION_ID, BASERATE2, CROSSSALEGROUP, MODIFIEDON, MINIMUMLABORHOURS, NAME, PURCHASEORDERLIMITS_REVENUEPERCENT, IMPORTID, ADDONMEMBERPRICE, ALLOWAPPLYTAGSTOENTITIES, BONUS, GENERALLEDGERACCOUNT_ID, PAYSCOMMISSION, COST, EXCLUDEFROMPRICEBOOKWIZARD, IMAGES, LOYALTYPROGRAMELIGIBLE, SCHEDULEDFLATAMOUNT, SOURCEVERSION, TAXABLE, MEMBERPRICE, ARCHIVED, AUTOGLASSTYPE, AVALARARESIDENTIALTAXCODE, CREATEDON, DESCRIPTION, ISTIMEANDMATERIAL, MEMBERSHIPMONTHS, PAYSFLATAMOUNT, PAYTECHSPECIFICBONUS, PROVIDER_ID, COPIEDFROM_ID, DISPLAYINAMOUNT, SOURCE, SUPPLIERIMAGES, CREATEDBY_ID, ISLABOR, PAYSSOLDBYRATE, WARRANTY_DESCRIPTION, RECURRINGSERVICETYPE_ID, TENANT_TYPE]
Column names for DataMart Table --> STR_API_SERVICE :: [ACCOUNT, ADDONFLATAMOUNT, CREATEDON, GENERALLEDGERACCOUNT_ID, ISLABOR, MINIMUMLABORHOURS, MODIFIEDON, TENANT_TYPE, BUSINESSUNIT_ID, PAYSFLATAMOUNT, ADDONMEMBERPRICE, BASERATE2, BASERATE3, LOYALTYPROGRAMELIGIBLE, MEMBERSHIPACTION, PAYSSOLDBYRATE, RECORD_UPDATE_DATE, ID, ISTIMEANDMATERIAL, PRICE, ACTIVE, ARCHIVED, COST, DESCRIPTION, DISPLAYNAME, EXCLUDEFROMPRICEBOOKWIZARD, ISDEFERREDREVENUE, QBITEMNAME, PAYTECHSPECIFICBONUS, WORKFLOWACTION_ID, ALLOWAPPLYTAGSTOENTITIES, ALLOWDISCOUNTS, CREATEDBY_ID, DISPLAYINAMOUNT, EXTERNALID, GENERATEDTAGTARGETS, MASTER_ID, PROVIDER_ID, PURCHASEORDERLIMITS_REVENUEPERCENT, RECORD_CREATE_DATE, DISPATCHFEE, IMAGES, PAYSCOMMISSION, BONUS, COMMISSIONBONUS, AUTOGLASSTYPE, MEMBERSHIPYEARS, NAME, ORIGINAL_ID, RECURRINGSERVICETYPE_ID, SCHEDULEDFLATAMOUNT, SOLDBYCOMMISSION, PURCHASEORDERLIMITS_FLATAMOUNT, AVALARACOMMERCIALTAXCODE, BASERATE1, COPIEDFROM_ID, SOURCE, WARRANTY_DURATION, ADDONPRICE, AVALARARESIDENTIALTAXCODE, HOURS, NOTAX, SYNCDATE, IMPORTID, SUPPLIERIMAGES, TAXABLE, ACTIVE_FLAG, CATEGORY_ID, CROSSSALEGROUP, ISOTTASK, MEMBERPRICE, MEMBERSHIP, MEMBERSHIPMONTHS, MEMBERSHIPTYPE_ID, WARRANTY_DESCRIPTION, SOURCEVERSION]
Column names for Curated Table --> DIM_SERVICE :: [ACCOUNT, ALLOWDISCOUNTS, BASERATE3, DESCRIPTION, DISPATCHFEE, ISOTTASK, MEMBERSHIP, SOLDBYCOMMISSION, DISPLAYNAME, AUTOGLASSTYPE, AVALARACOMMERCIALTAXCODE, BUSINESSUNIT_ID, COMMISSIONBONUS, NOTAX, EXTERNALID, PRICE, CATEGORY_ID, CREATEDON, CROSSSALEGROUP, MEMBERSHIPYEARS, PAYSFLATAMOUNT, PAYSSOLDBYRATE, WARRANTY_DURATION, MODIFIEDON, RECORD_CREATE_DATE, TAXABLE, MEMBERSHIPACTION, ADDONMEMBERPRICE, BONUS, COPIEDFROM_ID, ISDEFERREDREVENUE, SOURCE, ARCHIVED, BASERATE1, PURCHASEORDERLIMITS_REVENUEPERCENT, RECURRINGSERVICETYPE_ID, SOURCEVERSION, ALLOWAPPLYTAGSTOENTITIES, AVALARARESIDENTIALTAXCODE, DISPLAYINAMOUNT, GENERATEDTAGTARGETS, ISTIMEANDMATERIAL, PROVIDER_ID, ADDONFLATAMOUNT, COST, GENERALLEDGERACCOUNT_ID, MEMBERSHIPTYPE_ID, QBITEMNAME, WARRANTY_DESCRIPTION, EXCLUDEFROMPRICEBOOKWIZARD, ID, IMAGES, RECORD_UPDATED_BY, RECORD_UPDATE_DATE, NAME, ACTIVE, ADDONPRICE, LOYALTYPROGRAMELIGIBLE, PAYTECHSPECIFICBONUS, SUPPLIERIMAGES, HOURS, IMPORTID, MINIMUMLABORHOURS, PAYSCOMMISSION, WORKFLOWACTION_ID, MEMBERPRICE, BASERATE2, CREATEDBY_ID, MEMBERSHIPMONTHS, ORIGINAL_ID, SYNCDATE, ISLABOR, PURCHASEORDERLIMITS_FLATAMOUNT, TENANT_TYPE, SCHEDULEDFLATAMOUNT]
Column Name found in Datamart and Curated Table :: BASERATE1
Column Name found in Datamart and Curated Table :: CATEGORY_ID
Column Name found in Datamart and Curated Table :: ID
Column Name found in Datamart and Curated Table :: MEMBERSHIP
Column Name found in Datamart and Curated Table :: QBITEMNAME
Column Name found in Datamart and Curated Table :: SYNCDATE
Column Name found in Datamart and Curated Table :: ACCOUNT
Column Name found in Datamart and Curated Table :: ACTIVE
Column Name found in Datamart and Curated Table :: ALLOWDISCOUNTS
Column Name found in Datamart and Curated Table :: BASERATE3
Column Name found in Datamart and Curated Table :: NOTAX
Column Name found in Datamart and Curated Table :: GENERATEDTAGTARGETS
Column Name found in Datamart and Curated Table :: MEMBERSHIPTYPE_ID
Column Name found in Datamart and Curated Table :: ORIGINAL_ID
Column Name found in Datamart and Curated Table :: ADDONPRICE
Column Name found in Datamart and Curated Table :: ISOTTASK
Column Name found in Datamart and Curated Table :: MEMBERSHIPACTION
Column Name found in Datamart and Curated Table :: AVALARACOMMERCIALTAXCODE
Column Name found in Datamart and Curated Table :: BUSINESSUNIT_ID
Column Name found in Datamart and Curated Table :: EXTERNALID
Column Name found in Datamart and Curated Table :: MEMBERSHIPYEARS
Column Name found in Datamart and Curated Table :: PRICE
Column Name found in Datamart and Curated Table :: SOLDBYCOMMISSION
Column Name found in Datamart and Curated Table :: DISPATCHFEE
Column Name found in Datamart and Curated Table :: ADDONFLATAMOUNT
Column Name found in Datamart and Curated Table :: COMMISSIONBONUS
Column Name found in Datamart and Curated Table :: DISPLAYNAME
Column Name found in Datamart and Curated Table :: HOURS
Column Name found in Datamart and Curated Table :: ISDEFERREDREVENUE
Column Name found in Datamart and Curated Table :: WARRANTY_DURATION
Column Name found in Datamart and Curated Table :: PURCHASEORDERLIMITS_FLATAMOUNT
Column Name found in Datamart and Curated Table :: WORKFLOWACTION_ID
Column Name found in Datamart and Curated Table :: BASERATE2
Column Name found in Datamart and Curated Table :: CROSSSALEGROUP
Column Name found in Datamart and Curated Table :: MODIFIEDON
Column Name found in Datamart and Curated Table :: MINIMUMLABORHOURS
Column Name found in Datamart and Curated Table :: NAME
Column Name found in Datamart and Curated Table :: PURCHASEORDERLIMITS_REVENUEPERCENT
Column Name found in Datamart and Curated Table :: IMPORTID
Column Name found in Datamart and Curated Table :: ADDONMEMBERPRICE
Column Name found in Datamart and Curated Table :: ALLOWAPPLYTAGSTOENTITIES
Column Name found in Datamart and Curated Table :: BONUS
Column Name found in Datamart and Curated Table :: GENERALLEDGERACCOUNT_ID
Column Name found in Datamart and Curated Table :: PAYSCOMMISSION
Column Name found in Datamart and Curated Table :: COST
Column Name found in Datamart and Curated Table :: EXCLUDEFROMPRICEBOOKWIZARD
Column Name found in Datamart and Curated Table :: IMAGES
Column Name found in Datamart and Curated Table :: LOYALTYPROGRAMELIGIBLE
Column Name found in Datamart and Curated Table :: SCHEDULEDFLATAMOUNT
Column Name found in Datamart and Curated Table :: SOURCEVERSION
Column Name found in Datamart and Curated Table :: TAXABLE
Column Name found in Datamart and Curated Table :: MEMBERPRICE
Column Name found in Datamart and Curated Table :: ARCHIVED
Column Name found in Datamart and Curated Table :: AUTOGLASSTYPE
Column Name found in Datamart and Curated Table :: AVALARARESIDENTIALTAXCODE
Column Name found in Datamart and Curated Table :: CREATEDON
Column Name found in Datamart and Curated Table :: DESCRIPTION
Column Name found in Datamart and Curated Table :: ISTIMEANDMATERIAL
Column Name found in Datamart and Curated Table :: MEMBERSHIPMONTHS
Column Name found in Datamart and Curated Table :: PAYSFLATAMOUNT
Column Name found in Datamart and Curated Table :: PAYTECHSPECIFICBONUS
Column Name found in Datamart and Curated Table :: PROVIDER_ID
Column Name found in Datamart and Curated Table :: COPIEDFROM_ID
Column Name found in Datamart and Curated Table :: DISPLAYINAMOUNT
Column Name found in Datamart and Curated Table :: SOURCE
Column Name found in Datamart and Curated Table :: SUPPLIERIMAGES
Column Name found in Datamart and Curated Table :: CREATEDBY_ID
Column Name found in Datamart and Curated Table :: ISLABOR
Column Name found in Datamart and Curated Table :: PAYSSOLDBYRATE
Column Name found in Datamart and Curated Table :: WARRANTY_DESCRIPTION
Column Name found in Datamart and Curated Table :: RECURRINGSERVICETYPE_ID
Column Name found in Datamart and Curated Table :: TENANT_TYPE
Datamart tables contains additional column name like [ACTIVE_FLAG, RECORD_CREATE_DATE, RECORD_UPDATE_DATE, MASTER_ID]
Curated tables contains additional column name like [RECORD_CREATE_DATE, RECORD_UPDATE_DATE, RECORD_UPDATED_BY]]]>
  </system-out>
  <testcase classname="testcases.RAW_DATAMART_CURATED.SnowFlake_ColumnValidation_APITables" name="validateColumnName_BKP" time="2.742"/>
  <system-out>
    <![CDATA[Executing Snowflake query :: SELECT COLUMN_NAME FROM DEV_ENT_RAW.INFORMATION_SCHEMA.COLUMNS WHERE TABLE_NAME='ST_API_LOCATION'and TABLE_SCHEMA='API_MAT'
Executing Snowflake query :: SELECT COLUMN_NAME FROM CURATED_DATAMART.INFORMATION_SCHEMA.COLUMNS WHERE TABLE_NAME='STR_API_LOCATION'and TABLE_SCHEMA='ST_API_HDAIR'
Executing Snowflake query :: SELECT COLUMN_NAME FROM DEV_ENT_CURATED.INFORMATION_SCHEMA.COLUMNS WHERE TABLE_NAME='DIM_LOCATION'and TABLE_SCHEMA='MASTER_DIMENSIONS'
Column names for RAW Table --> ST_API_LOCATION :: [ADDRESS_ISMANUALCOORDINATES, ADDRESS_LATITUDE, CREATEDON, RECURRINGSERVICE_RECURRENCEINTERVAL, ADDRESS_ISMILITARY, ADDRESS_STATE, CUSTOMER_ID, IMPORTID, AUTOLONGITUDE, TAXABLE, RECURRINGSERVICE_TYPE, ACTIVE, ADDRESS_COUNTRY, ADDRESS_UNIT, AVALARAENTITYCODE, ESTIMATEDTAX, ID, TAXEXEMPT, ISPREVAILINGWAGE, RECURRINGSERVICE_ACTIVATEDFROM, ADDRESS_ZIP, PREFERREDTECHNICIAN_ID, RECURRINGSERVICE_FROM, SUMMARY, RECURRINGSERVICE_MEMO, ADDRESS_CITY, AUTOLATITUDE, ZONE_ID, DONOTSENDTECHNICIAN_ID, ADDRESS_LONGITUDE, MODIFIEDON, NAME, NOCHARGE, RECURRINGSERVICE_CANCELLATIONDATE, TAXZONE_ID, ADDRESS_STREET, CREATEDBY_ID, RECURRINGSERVICE_TO, RECURRINGSERVICE_ACTIVATEDBY, TENANT_TYPE]
Column names for DataMart Table --> STR_API_LOCATION :: [AUTOLONGITUDE, CREATEDON, RECORD_CREATE_DATE, TAXEXEMPT, ACTIVE_FLAG, ADDRESS_ZIP, ESTIMATEDTAX, NOCHARGE, TAXABLE, RECURRINGSERVICE_RECURRENCEINTERVAL, RECURRINGSERVICE_ACTIVATEDBY, DONOTSENDTECHNICIAN_ID, RECURRINGSERVICE_TO, SUMMARY, ADDRESS_ISMANUALCOORDINATES, AUTOLATITUDE, PREFERREDTECHNICIAN_ID, ISPREVAILINGWAGE, RECORD_UPDATE_DATE, ACTIVE, ADDRESS_ISMILITARY, ADDRESS_LONGITUDE, AVALARAENTITYCODE, CREATEDBY_ID, MODIFIEDON, TAXZONE_ID, MASTER_ID, NAME, RECURRINGSERVICE_ACTIVATEDFROM, ADDRESS_LATITUDE, CUSTOMER_ID, IMPORTID, RECURRINGSERVICE_TYPE, RECURRINGSERVICE_MEMO, ADDRESS_CITY, ADDRESS_COUNTRY, ADDRESS_STATE, ADDRESS_STREET, ID, RECURRINGSERVICE_FROM, TENANT_TYPE, ADDRESS_UNIT, RECURRINGSERVICE_CANCELLATIONDATE, ZONE_ID]
Column names for Curated Table --> DIM_LOCATION :: [ADDRESS_UNIT, AUTOLONGITUDE, RECURRINGSERVICE_ACTIVATEDFROM, RECURRINGSERVICE_TO, TAXABLE, ADDRESS_CITY, ADDRESS_LATITUDE, IMPORTID, NAME, RECURRINGSERVICE_MEMO, ADDRESS_LONGITUDE, ADDRESS_STATE, ADDRESS_STREET, DONOTSENDTECHNICIAN_ID, MODIFIEDON, TAXZONE_ID, ADDRESS_ISMANUALCOORDINATES, ESTIMATEDTAX, ISPREVAILINGWAGE, RECURRINGSERVICE_ACTIVATEDBY, AUTOLATITUDE, RECORD_UPDATED_BY, RECORD_UPDATE_DATE, SUMMARY, CUSTOMER_ID, ZONE_ID, TENANT_TYPE, ADDRESS_COUNTRY, ADDRESS_ZIP, NOCHARGE, RECURRINGSERVICE_FROM, RECURRINGSERVICE_RECURRENCEINTERVAL, CREATEDON, RECORD_CREATE_DATE, AVALARAENTITYCODE, RECURRINGSERVICE_CANCELLATIONDATE, RECURRINGSERVICE_TYPE, PREFERREDTECHNICIAN_ID, ACTIVE, ADDRESS_ISMILITARY, CREATEDBY_ID, ID, TAXEXEMPT]
Column Name found in Datamart and Curated Table :: ADDRESS_ISMANUALCOORDINATES
Column Name found in Datamart and Curated Table :: ADDRESS_LATITUDE
Column Name found in Datamart and Curated Table :: CREATEDON
Column Name found in Datamart and Curated Table :: RECURRINGSERVICE_RECURRENCEINTERVAL
Column Name found in Datamart and Curated Table :: ADDRESS_ISMILITARY
Column Name found in Datamart and Curated Table :: ADDRESS_STATE
Column Name found in Datamart and Curated Table :: CUSTOMER_ID
Column Name found in Datamart and Curated Table :: IMPORTID
Column Name found in Datamart and Curated Table :: AUTOLONGITUDE
Column Name found in Datamart and Curated Table :: TAXABLE
Column Name found in Datamart and Curated Table :: RECURRINGSERVICE_TYPE
Column Name found in Datamart and Curated Table :: ACTIVE
Column Name found in Datamart and Curated Table :: ADDRESS_COUNTRY
Column Name found in Datamart and Curated Table :: ADDRESS_UNIT
Column Name found in Datamart and Curated Table :: AVALARAENTITYCODE
Column Name found in Datamart and Curated Table :: ESTIMATEDTAX
Column Name found in Datamart and Curated Table :: ID
Column Name found in Datamart and Curated Table :: TAXEXEMPT
Column Name found in Datamart and Curated Table :: ISPREVAILINGWAGE
Column Name found in Datamart and Curated Table :: RECURRINGSERVICE_ACTIVATEDFROM
Column Name found in Datamart and Curated Table :: ADDRESS_ZIP
Column Name found in Datamart and Curated Table :: PREFERREDTECHNICIAN_ID
Column Name found in Datamart and Curated Table :: RECURRINGSERVICE_FROM
Column Name found in Datamart and Curated Table :: SUMMARY
Column Name found in Datamart and Curated Table :: RECURRINGSERVICE_MEMO
Column Name found in Datamart and Curated Table :: ADDRESS_CITY
Column Name found in Datamart and Curated Table :: AUTOLATITUDE
Column Name found in Datamart and Curated Table :: ZONE_ID
Column Name found in Datamart and Curated Table :: DONOTSENDTECHNICIAN_ID
Column Name found in Datamart and Curated Table :: ADDRESS_LONGITUDE
Column Name found in Datamart and Curated Table :: MODIFIEDON
Column Name found in Datamart and Curated Table :: NAME
Column Name found in Datamart and Curated Table :: NOCHARGE
Column Name found in Datamart and Curated Table :: RECURRINGSERVICE_CANCELLATIONDATE
Column Name found in Datamart and Curated Table :: TAXZONE_ID
Column Name found in Datamart and Curated Table :: ADDRESS_STREET
Column Name found in Datamart and Curated Table :: CREATEDBY_ID
Column Name found in Datamart and Curated Table :: RECURRINGSERVICE_TO
Column Name found in Datamart and Curated Table :: RECURRINGSERVICE_ACTIVATEDBY
Column Name found in Datamart and Curated Table :: TENANT_TYPE
Datamart tables contains additional column name like [ACTIVE_FLAG, RECORD_CREATE_DATE, RECORD_UPDATE_DATE, MASTER_ID]
Curated tables contains additional column name like [RECORD_CREATE_DATE, RECORD_UPDATE_DATE, RECORD_UPDATED_BY]]]>
  </system-out>
  <testcase classname="testcases.RAW_DATAMART_CURATED.SnowFlake_ColumnValidation_APITables" name="validateColumnName_BKP" time="2.693"/>
  <system-out>
    <![CDATA[Executing Snowflake query :: SELECT COLUMN_NAME FROM DEV_ENT_RAW.INFORMATION_SCHEMA.COLUMNS WHERE TABLE_NAME='ST_API_ESTIMATE'and TABLE_SCHEMA='API_MAT'
Executing Snowflake query :: SELECT COLUMN_NAME FROM CURATED_DATAMART.INFORMATION_SCHEMA.COLUMNS WHERE TABLE_NAME='STR_API_ESTIMATE'and TABLE_SCHEMA='ST_API_FOURPROS'
Executing Snowflake query :: SELECT COLUMN_NAME FROM DEV_ENT_CURATED.INFORMATION_SCHEMA.COLUMNS WHERE TABLE_NAME='DIM_ESTIMATE'and TABLE_SCHEMA='MASTER_DIMENSIONS'
Column names for RAW Table --> ST_API_ESTIMATE :: [BUSINESSUNIT_ID, JOB_ID, MATERIALTAX, PROJECTLABELS, STATUS, PROPOSALTAGCOLOR, CLAIM_ID, ISCHANGEORDER, MATERIALSKUREFERENCE_SKUID, MODIFIEDON, SUMMARY, TECHNICIANPICKEDSOLDTYPE, ISRECOMMENDED, PROPOSALTAGNAME, CREATEDBY_ID, TAX, AUTHORIZEDON, ORDER, OPPORTUNITY_ID, FEETOTAL, IMPORTID, LABORTAX, SOLDBY_ID, SOLDINVOICE_ID, AUTHORIZATIONSIGNATURE, LOCATION_ID, PROCUREMENTTYPE, SOLDBYEMPLOYEE_ID, DISCOUNTTOTAL, TECHNICIANSIGNATURE, ACTIVE, MATERIALSKU_ID, MATERIALSKUREFERENCE_SKUTYPE, RENEWABLEMEMBERSHIP_ID, NAME, SOLDON, TOTALCOST, CREATEDON, TOTAL, ID, SOLDTYPE, PROJECTOPPORTUNITY_ID, TENANT_TYPE]
Column names for DataMart Table --> STR_API_ESTIMATE :: [AUTHORIZEDON, LOCATION_ID, OPPORTUNITY_ID, STATUS, RECORD_CREATE_DATE, SUMMARY, ACTIVE, BUSINESSUNIT_ID, ACTIVE_FLAG, FEETOTAL, SOLDON, TENANT_TYPE, RENEWABLEMEMBERSHIP_ID, AUTHORIZATIONSIGNATURE, CREATEDBY_ID, CREATEDON, ISCHANGEORDER, PROPOSALTAGNAME, MODIFIEDON, CLAIM_ID, DISCOUNTTOTAL, JOB_ID, LABORTAX, MATERIALTAX, RECORD_UPDATE_DATE, SOLDBYEMPLOYEE_ID, ID, PROJECTLABELS, PROPOSALTAGCOLOR, SOLDBY_ID, IMPORTID, MATERIALSKU_ID, ORDER, TOTALCOST, SOLDTYPE, TOTAL, ISRECOMMENDED, NAME, SOLDINVOICE_ID, MATERIALSKUREFERENCE_SKUID, TECHNICIANSIGNATURE, TECHNICIANPICKEDSOLDTYPE, MASTER_ID, MATERIALSKUREFERENCE_SKUTYPE, PROJECTOPPORTUNITY_ID, TAX, PROCUREMENTTYPE]
Column names for Curated Table --> DIM_ESTIMATE :: [CREATEDON, DISCOUNTTOTAL, LOCATION_ID, OPPORTUNITY_ID, PROPOSALTAGCOLOR, PROPOSALTAGNAME, SOLDINVOICE_ID, TENANT_TYPE, RECORD_UPDATED_BY, TOTALCOST, ISCHANGEORDER, NAME, BUSINESSUNIT_ID, FEETOTAL, MATERIALSKUREFERENCE_SKUTYPE, ISRECOMMENDED, ORDER, STATUS, TOTAL, SOLDTYPE, AUTHORIZEDON, CREATEDBY_ID, LABORTAX, PROCUREMENTTYPE, SOLDBYEMPLOYEE_ID, SOLDBY_ID, IMPORTID, MATERIALSKU_ID, TAX, TECHNICIANPICKEDSOLDTYPE, RENEWABLEMEMBERSHIP_ID, TECHNICIANSIGNATURE, MODIFIEDON, CLAIM_ID, ID, MATERIALSKUREFERENCE_SKUID, SOLDON, PROJECTLABELS, JOB_ID, ACTIVE, AUTHORIZATIONSIGNATURE, MATERIALTAX, PROJECTOPPORTUNITY_ID, RECORD_CREATE_DATE, SUMMARY, RECORD_UPDATE_DATE]
Column Name found in Datamart and Curated Table :: BUSINESSUNIT_ID
Column Name found in Datamart and Curated Table :: JOB_ID
Column Name found in Datamart and Curated Table :: MATERIALTAX
Column Name found in Datamart and Curated Table :: PROJECTLABELS
Column Name found in Datamart and Curated Table :: STATUS
Column Name found in Datamart and Curated Table :: PROPOSALTAGCOLOR
Column Name found in Datamart and Curated Table :: CLAIM_ID
Column Name found in Datamart and Curated Table :: ISCHANGEORDER
Column Name found in Datamart and Curated Table :: MATERIALSKUREFERENCE_SKUID
Column Name found in Datamart and Curated Table :: MODIFIEDON
Column Name found in Datamart and Curated Table :: SUMMARY
Column Name found in Datamart and Curated Table :: TECHNICIANPICKEDSOLDTYPE
Column Name found in Datamart and Curated Table :: ISRECOMMENDED
Column Name found in Datamart and Curated Table :: PROPOSALTAGNAME
Column Name found in Datamart and Curated Table :: CREATEDBY_ID
Column Name found in Datamart and Curated Table :: TAX
Column Name found in Datamart and Curated Table :: AUTHORIZEDON
Column Name found in Datamart and Curated Table :: ORDER
Column Name found in Datamart and Curated Table :: OPPORTUNITY_ID
Column Name found in Datamart and Curated Table :: FEETOTAL
Column Name found in Datamart and Curated Table :: IMPORTID
Column Name found in Datamart and Curated Table :: LABORTAX
Column Name found in Datamart and Curated Table :: SOLDBY_ID
Column Name found in Datamart and Curated Table :: SOLDINVOICE_ID
Column Name found in Datamart and Curated Table :: AUTHORIZATIONSIGNATURE
Column Name found in Datamart and Curated Table :: LOCATION_ID
Column Name found in Datamart and Curated Table :: PROCUREMENTTYPE
Column Name found in Datamart and Curated Table :: SOLDBYEMPLOYEE_ID
Column Name found in Datamart and Curated Table :: DISCOUNTTOTAL
Column Name found in Datamart and Curated Table :: TECHNICIANSIGNATURE
Column Name found in Datamart and Curated Table :: ACTIVE
Column Name found in Datamart and Curated Table :: MATERIALSKU_ID
Column Name found in Datamart and Curated Table :: MATERIALSKUREFERENCE_SKUTYPE
Column Name found in Datamart and Curated Table :: RENEWABLEMEMBERSHIP_ID
Column Name found in Datamart and Curated Table :: NAME
Column Name found in Datamart and Curated Table :: SOLDON
Column Name found in Datamart and Curated Table :: TOTALCOST
Column Name found in Datamart and Curated Table :: CREATEDON
Column Name found in Datamart and Curated Table :: TOTAL
Column Name found in Datamart and Curated Table :: ID
Column Name found in Datamart and Curated Table :: SOLDTYPE
Column Name found in Datamart and Curated Table :: PROJECTOPPORTUNITY_ID
Column Name found in Datamart and Curated Table :: TENANT_TYPE
Datamart tables contains additional column name like [ACTIVE_FLAG, RECORD_CREATE_DATE, RECORD_UPDATE_DATE, MASTER_ID]
Curated tables contains additional column name like [RECORD_CREATE_DATE, RECORD_UPDATE_DATE, RECORD_UPDATED_BY]]]>
  </system-out>
  <testcase classname="testcases.RAW_DATAMART_CURATED.SnowFlake_ColumnValidation_APITables" name="validateColumnName_BKP" time="2.179"/>
  <system-out>
    <![CDATA[Executing Snowflake query :: SELECT COLUMN_NAME FROM DEV_ENT_RAW.INFORMATION_SCHEMA.COLUMNS WHERE TABLE_NAME='ST_API_MATERIALVENDORSUBACCOUNT'and TABLE_SCHEMA='API_MAT'
Executing Snowflake query :: SELECT COLUMN_NAME FROM CURATED_DATAMART.INFORMATION_SCHEMA.COLUMNS WHERE TABLE_NAME='STR_API_MATERIALVENDORSUBACCOUNT'and TABLE_SCHEMA='ST_API_HARP'
Executing Snowflake query :: SELECT COLUMN_NAME FROM DEV_ENT_CURATED.INFORMATION_SCHEMA.COLUMNS WHERE TABLE_NAME='DIM_MATERIALVENDORSUBACCOUNT'and TABLE_SCHEMA='MASTER_DIMENSIONS'
Column names for RAW Table --> ST_API_MATERIALVENDORSUBACCOUNT :: [MATERIALVENDOR_ID, ACCOUNTNAME, ACTIVE, COST, CREATEDBY_ID, ID, CREATEDON, IMPORTID, TENANT_TYPE]
Column names for DataMart Table --> STR_API_MATERIALVENDORSUBACCOUNT :: [ACCOUNTNAME, CREATEDBY_ID, COST, ID, IMPORTID, ACTIVE, CREATEDON, ACTIVE_FLAG, MATERIALVENDOR_ID, TENANT_TYPE, RECORD_CREATE_DATE, MASTER_ID, RECORD_UPDATE_DATE]
Column names for Curated Table --> DIM_MATERIALVENDORSUBACCOUNT :: [RECORD_CREATE_DATE, IMPORTID, ACTIVE, CREATEDBY_ID, CREATEDON, ID, RECORD_UPDATE_DATE, TENANT_TYPE, RECORD_UPDATED_BY, ACCOUNTNAME, MATERIALVENDOR_ID, COST]
Column Name found in Datamart and Curated Table :: MATERIALVENDOR_ID
Column Name found in Datamart and Curated Table :: ACCOUNTNAME
Column Name found in Datamart and Curated Table :: ACTIVE
Column Name found in Datamart and Curated Table :: COST
Column Name found in Datamart and Curated Table :: CREATEDBY_ID
Column Name found in Datamart and Curated Table :: ID
Column Name found in Datamart and Curated Table :: CREATEDON
Column Name found in Datamart and Curated Table :: IMPORTID
Column Name found in Datamart and Curated Table :: TENANT_TYPE
Datamart tables contains additional column name like [ACTIVE_FLAG, RECORD_CREATE_DATE, RECORD_UPDATE_DATE, MASTER_ID]
Curated tables contains additional column name like [RECORD_CREATE_DATE, RECORD_UPDATE_DATE, RECORD_UPDATED_BY]]]>
  </system-out>
  <testcase classname="testcases.RAW_DATAMART_CURATED.SnowFlake_ColumnValidation_APITables" name="validateColumnName_BKP" time="2.141"/>
  <system-out>
    <![CDATA[Executing Snowflake query :: SELECT COLUMN_NAME FROM DEV_ENT_RAW.INFORMATION_SCHEMA.COLUMNS WHERE TABLE_NAME='ST_API_NONJOBAPPOINTMENT'and TABLE_SCHEMA='API_MAT'
Executing Snowflake query :: SELECT COLUMN_NAME FROM CURATED_DATAMART.INFORMATION_SCHEMA.COLUMNS WHERE TABLE_NAME='STR_API_NONJOBAPPOINTMENT'and TABLE_SCHEMA='ST_API_BILLFENWICK'
Executing Snowflake query :: SELECT COLUMN_NAME FROM DEV_ENT_CURATED.INFORMATION_SCHEMA.COLUMNS WHERE TABLE_NAME='DIM_NONJOBAPPOINTMENT'and TABLE_SCHEMA='MASTER_DIMENSIONS'
Column names for RAW Table --> ST_API_NONJOBAPPOINTMENT :: [CREATEDBY_ID, IMPORTID, ALLDAY, DEFINITION_ID, ISCOMPLETED, TIMESHEETCODE_ID, CLEARDISPATCHBOARD, ACTIVE, CLEARTECHNICIANVIEW, REMOVETECHNICIANFROMCAPACITYPLANNING, SUMMARY, ID, TECHNICIAN_ID, CREATEDON, TIMESHEET_ID, NAME, EXPECTEDDURATION, START, DURATION, TENANT_TYPE]
Column names for DataMart Table --> STR_API_NONJOBAPPOINTMENT :: [DEFINITION_ID, SUMMARY, ACTIVE_FLAG, CREATEDON, ID, ISCOMPLETED, MASTER_ID, TIMESHEETCODE_ID, CLEARTECHNICIANVIEW, DURATION, CLEARDISPATCHBOARD, RECORD_UPDATE_DATE, START, TECHNICIAN_ID, TIMESHEET_ID, ALLDAY, IMPORTID, NAME, RECORD_CREATE_DATE, ACTIVE, REMOVETECHNICIANFROMCAPACITYPLANNING, TENANT_TYPE, CREATEDBY_ID, EXPECTEDDURATION]
Column names for Curated Table --> DIM_NONJOBAPPOINTMENT :: [IMPORTID, RECORD_UPDATE_DATE, TIMESHEET_ID, ID, ISCOMPLETED, CREATEDON, RECORD_UPDATED_BY, START, CLEARTECHNICIANVIEW, DURATION, EXPECTEDDURATION, ALLDAY, CLEARDISPATCHBOARD, RECORD_CREATE_DATE, TENANT_TYPE, TIMESHEETCODE_ID, NAME, DEFINITION_ID, SUMMARY, ACTIVE, CREATEDBY_ID, REMOVETECHNICIANFROMCAPACITYPLANNING, TECHNICIAN_ID]
Column Name found in Datamart and Curated Table :: CREATEDBY_ID
Column Name found in Datamart and Curated Table :: IMPORTID
Column Name found in Datamart and Curated Table :: ALLDAY
Column Name found in Datamart and Curated Table :: DEFINITION_ID
Column Name found in Datamart and Curated Table :: ISCOMPLETED
Column Name found in Datamart and Curated Table :: TIMESHEETCODE_ID
Column Name found in Datamart and Curated Table :: CLEARDISPATCHBOARD
Column Name found in Datamart and Curated Table :: ACTIVE
Column Name found in Datamart and Curated Table :: CLEARTECHNICIANVIEW
Column Name found in Datamart and Curated Table :: REMOVETECHNICIANFROMCAPACITYPLANNING
Column Name found in Datamart and Curated Table :: SUMMARY
Column Name found in Datamart and Curated Table :: ID
Column Name found in Datamart and Curated Table :: TECHNICIAN_ID
Column Name found in Datamart and Curated Table :: CREATEDON
Column Name found in Datamart and Curated Table :: TIMESHEET_ID
Column Name found in Datamart and Curated Table :: NAME
Column Name found in Datamart and Curated Table :: EXPECTEDDURATION
Column Name found in Datamart and Curated Table :: START
Column Name found in Datamart and Curated Table :: DURATION
Column Name found in Datamart and Curated Table :: TENANT_TYPE
Datamart tables contains additional column name like [ACTIVE_FLAG, RECORD_CREATE_DATE, RECORD_UPDATE_DATE, MASTER_ID]
Curated tables contains additional column name like [RECORD_CREATE_DATE, RECORD_UPDATE_DATE, RECORD_UPDATED_BY]]]>
  </system-out>
  <testcase classname="testcases.RAW_DATAMART_CURATED.SnowFlake_ColumnValidation_APITables" name="validateColumnName_BKP" time="3.357"/>
  <system-out>
    <![CDATA[Executing Snowflake query :: SELECT COLUMN_NAME FROM DEV_ENT_RAW.INFORMATION_SCHEMA.COLUMNS WHERE TABLE_NAME='ST_API_MATERIALVENDOR'and TABLE_SCHEMA='API_MAT'
Executing Snowflake query :: SELECT COLUMN_NAME FROM CURATED_DATAMART.INFORMATION_SCHEMA.COLUMNS WHERE TABLE_NAME='STR_API_MATERIALVENDOR'and TABLE_SCHEMA='ST_API_HDAIR'
Executing Snowflake query :: SELECT COLUMN_NAME FROM DEV_ENT_CURATED.INFORMATION_SCHEMA.COLUMNS WHERE TABLE_NAME='DIM_MATERIALVENDOR'and TABLE_SCHEMA='MASTER_DIMENSIONS'
Column names for RAW Table --> ST_API_MATERIALVENDOR :: [ACTIVE, CREATEDON, MEMO, VENDOR_ID, CREATEDBY_ID, COST, ID, ISPRIMARY, IMPORTID, PRIMARYSUBACCOUNT_ID, MATERIAL_ID, PARTNUMBER, TENANT_TYPE]
Column names for DataMart Table --> STR_API_MATERIALVENDOR :: [RECORD_UPDATE_DATE, IMPORTID, ISPRIMARY, TENANT_TYPE, RECORD_CREATE_DATE, VENDOR_ID, MEMO, PRIMARYSUBACCOUNT_ID, PARTNUMBER, COST, CREATEDBY_ID, MASTER_ID, ACTIVE_FLAG, ACTIVE, CREATEDON, ID, MATERIAL_ID]
Column names for Curated Table --> DIM_MATERIALVENDOR :: [ID, MATERIAL_ID, ACTIVE, COST, CREATEDBY_ID, IMPORTID, ISPRIMARY, PRIMARYSUBACCOUNT_ID, RECORD_UPDATE_DATE, TENANT_TYPE, MEMO, RECORD_UPDATED_BY, VENDOR_ID, CREATEDON, PARTNUMBER, RECORD_CREATE_DATE]
Column Name found in Datamart and Curated Table :: ACTIVE
Column Name found in Datamart and Curated Table :: CREATEDON
Column Name found in Datamart and Curated Table :: MEMO
Column Name found in Datamart and Curated Table :: VENDOR_ID
Column Name found in Datamart and Curated Table :: CREATEDBY_ID
Column Name found in Datamart and Curated Table :: COST
Column Name found in Datamart and Curated Table :: ID
Column Name found in Datamart and Curated Table :: ISPRIMARY
Column Name found in Datamart and Curated Table :: IMPORTID
Column Name found in Datamart and Curated Table :: PRIMARYSUBACCOUNT_ID
Column Name found in Datamart and Curated Table :: MATERIAL_ID
Column Name found in Datamart and Curated Table :: PARTNUMBER
Column Name found in Datamart and Curated Table :: TENANT_TYPE
Datamart tables contains additional column name like [ACTIVE_FLAG, RECORD_CREATE_DATE, RECORD_UPDATE_DATE, MASTER_ID]
Curated tables contains additional column name like [RECORD_CREATE_DATE, RECORD_UPDATE_DATE, RECORD_UPDATED_BY]]]>
  </system-out>
  <testcase classname="testcases.RAW_DATAMART_CURATED.SnowFlake_ColumnValidation_APITables" name="validateColumnName_BKP" time="3.695"/>
  <system-out>
    <![CDATA[Executing Snowflake query :: SELECT COLUMN_NAME FROM DEV_ENT_RAW.INFORMATION_SCHEMA.COLUMNS WHERE TABLE_NAME='ST_API_TIMESHEETCODE'and TABLE_SCHEMA='API_MAT'
Executing Snowflake query :: SELECT COLUMN_NAME FROM CURATED_DATAMART.INFORMATION_SCHEMA.COLUMNS WHERE TABLE_NAME='STR_API_TIMESHEETCODE'and TABLE_SCHEMA='ST_API_HENDERSON'
Executing Snowflake query :: SELECT COLUMN_NAME FROM DEV_ENT_CURATED.INFORMATION_SCHEMA.COLUMNS WHERE TABLE_NAME='DIM_TIMESHEETCODE'and TABLE_SCHEMA='MASTER_DIMENSIONS'
Column names for RAW Table --> ST_API_TIMESHEETCODE :: [ADDRESS_ZIP, ROUTEAROUNDNJA, IMPORTID, RATEMULTIPLIER, STANDARDPAYROLLCONTROLCODE_ID, ADDRESS_COUNTRY, CODE, COUNTONJOBCOUNTER, OVERTIMEPAYROLLCONTROLCODE_ID, PAYROLLPOSTINGGROUP_ID, OVERTIMEPAYCODE_ID, ADDRESS_STREET, BUSINESSUNIT_ID, EXCLUDEABSENTEVENT, HOURLYRATE, SENDALERTSONMOBILE, VISIBILITY, ACTIVE, ID, TYPE, ADDRESS_ISMILITARY, ADDRESS_STATE, CREATEDBY_ID, APPLICABLEEMPLOYEETYPE, DOUBLEOVERTIMEPAYCODE_ID, GEOFENCECLOCKINMODE, STANDARDPAYCODE_ID, ADDRESS_LONGITUDE, DEDUCTCOMMUTETIME, EVENTNAME, STPAYCODE, ENABLESIMPLECLOCKINOUT, OTPAYCODE, CREATEDON, ADDRESS_CITY, ADDRESS_ISMANUALCOORDINATES, ADDRESS_LATITUDE, ADDRESS_UNIT, DESCRIPTION, ISDEFAULTSHOPTIME, CUSTOMHOURLYRATE, ISAUTOCLOCKINENABLED, TENANT_TYPE]
Column names for DataMart Table --> STR_API_TIMESHEETCODE :: [ADDRESS_CITY, ADDRESS_ZIP, APPLICABLEEMPLOYEETYPE, EVENTNAME, STPAYCODE, BUSINESSUNIT_ID, DOUBLEOVERTIMEPAYCODE_ID, ADDRESS_STATE, ADDRESS_UNIT, CREATEDBY_ID, VISIBILITY, STANDARDPAYCODE_ID, TYPE, CREATEDON, CUSTOMHOURLYRATE, ADDRESS_ISMANUALCOORDINATES, ADDRESS_STREET, ENABLESIMPLECLOCKINOUT, ID, STANDARDPAYROLLCONTROLCODE_ID, DESCRIPTION, ISDEFAULTSHOPTIME, OVERTIMEPAYCODE_ID, RECORD_UPDATE_DATE, TENANT_TYPE, IMPORTID, MASTER_ID, OTPAYCODE, ADDRESS_COUNTRY, ADDRESS_ISMILITARY, GEOFENCECLOCKINMODE, PAYROLLPOSTINGGROUP_ID, RECORD_CREATE_DATE, RATEMULTIPLIER, ADDRESS_LATITUDE, ADDRESS_LONGITUDE, COUNTONJOBCOUNTER, DEDUCTCOMMUTETIME, EXCLUDEABSENTEVENT, ISAUTOCLOCKINENABLED, HOURLYRATE, SENDALERTSONMOBILE, ACTIVE, ACTIVE_FLAG, CODE, OVERTIMEPAYROLLCONTROLCODE_ID, ROUTEAROUNDNJA]
Column names for Curated Table --> DIM_TIMESHEETCODE :: [ADDRESS_STREET, ADDRESS_ZIP, CUSTOMHOURLYRATE, DOUBLEOVERTIMEPAYCODE_ID, ENABLESIMPLECLOCKINOUT, DESCRIPTION, ADDRESS_ISMANUALCOORDINATES, ADDRESS_LONGITUDE, IMPORTID, CREATEDON, DEDUCTCOMMUTETIME, ID, ADDRESS_LATITUDE, CREATEDBY_ID, GEOFENCECLOCKINMODE, ROUTEAROUNDNJA, HOURLYRATE, RECORD_UPDATED_BY, RECORD_UPDATE_DATE, ADDRESS_UNIT, CODE, STANDARDPAYCODE_ID, OTPAYCODE, STPAYCODE, APPLICABLEEMPLOYEETYPE, OVERTIMEPAYCODE_ID, RATEMULTIPLIER, STANDARDPAYROLLCONTROLCODE_ID, EXCLUDEABSENTEVENT, PAYROLLPOSTINGGROUP_ID, TYPE, VISIBILITY, OVERTIMEPAYROLLCONTROLCODE_ID, ADDRESS_ISMILITARY, ADDRESS_STATE, ISDEFAULTSHOPTIME, ACTIVE, ADDRESS_CITY, BUSINESSUNIT_ID, COUNTONJOBCOUNTER, EVENTNAME, SENDALERTSONMOBILE, ADDRESS_COUNTRY, ISAUTOCLOCKINENABLED, TENANT_TYPE, RECORD_CREATE_DATE]
Column Name found in Datamart and Curated Table :: ADDRESS_ZIP
Column Name found in Datamart and Curated Table :: ROUTEAROUNDNJA
Column Name found in Datamart and Curated Table :: IMPORTID
Column Name found in Datamart and Curated Table :: RATEMULTIPLIER
Column Name found in Datamart and Curated Table :: STANDARDPAYROLLCONTROLCODE_ID
Column Name found in Datamart and Curated Table :: ADDRESS_COUNTRY
Column Name found in Datamart and Curated Table :: CODE
Column Name found in Datamart and Curated Table :: COUNTONJOBCOUNTER
Column Name found in Datamart and Curated Table :: OVERTIMEPAYROLLCONTROLCODE_ID
Column Name found in Datamart and Curated Table :: PAYROLLPOSTINGGROUP_ID
Column Name found in Datamart and Curated Table :: OVERTIMEPAYCODE_ID
Column Name found in Datamart and Curated Table :: ADDRESS_STREET
Column Name found in Datamart and Curated Table :: BUSINESSUNIT_ID
Column Name found in Datamart and Curated Table :: EXCLUDEABSENTEVENT
Column Name found in Datamart and Curated Table :: HOURLYRATE
Column Name found in Datamart and Curated Table :: SENDALERTSONMOBILE
Column Name found in Datamart and Curated Table :: VISIBILITY
Column Name found in Datamart and Curated Table :: ACTIVE
Column Name found in Datamart and Curated Table :: ID
Column Name found in Datamart and Curated Table :: TYPE
Column Name found in Datamart and Curated Table :: ADDRESS_ISMILITARY
Column Name found in Datamart and Curated Table :: ADDRESS_STATE
Column Name found in Datamart and Curated Table :: CREATEDBY_ID
Column Name found in Datamart and Curated Table :: APPLICABLEEMPLOYEETYPE
Column Name found in Datamart and Curated Table :: DOUBLEOVERTIMEPAYCODE_ID
Column Name found in Datamart and Curated Table :: GEOFENCECLOCKINMODE
Column Name found in Datamart and Curated Table :: STANDARDPAYCODE_ID
Column Name found in Datamart and Curated Table :: ADDRESS_LONGITUDE
Column Name found in Datamart and Curated Table :: DEDUCTCOMMUTETIME
Column Name found in Datamart and Curated Table :: EVENTNAME
Column Name found in Datamart and Curated Table :: STPAYCODE
Column Name found in Datamart and Curated Table :: ENABLESIMPLECLOCKINOUT
Column Name found in Datamart and Curated Table :: OTPAYCODE
Column Name found in Datamart and Curated Table :: CREATEDON
Column Name found in Datamart and Curated Table :: ADDRESS_CITY
Column Name found in Datamart and Curated Table :: ADDRESS_ISMANUALCOORDINATES
Column Name found in Datamart and Curated Table :: ADDRESS_LATITUDE
Column Name found in Datamart and Curated Table :: ADDRESS_UNIT
Column Name found in Datamart and Curated Table :: DESCRIPTION
Column Name found in Datamart and Curated Table :: ISDEFAULTSHOPTIME
Column Name found in Datamart and Curated Table :: CUSTOMHOURLYRATE
Column Name found in Datamart and Curated Table :: ISAUTOCLOCKINENABLED
Column Name found in Datamart and Curated Table :: TENANT_TYPE
Datamart tables contains additional column name like [ACTIVE_FLAG, RECORD_CREATE_DATE, RECORD_UPDATE_DATE, MASTER_ID]
Curated tables contains additional column name like [RECORD_CREATE_DATE, RECORD_UPDATE_DATE, RECORD_UPDATED_BY]]]>
  </system-out>
  <testcase classname="testcases.RAW_DATAMART_CURATED.SnowFlake_ColumnValidation_APITables" name="validateColumnName_BKP" time="2.607"/>
  <system-out>
    <![CDATA[Executing Snowflake query :: SELECT COLUMN_NAME FROM DEV_ENT_RAW.INFORMATION_SCHEMA.COLUMNS WHERE TABLE_NAME='ST_API_TECHNICIANSHIFT'and TABLE_SCHEMA='API_MAT'
Executing Snowflake query :: SELECT COLUMN_NAME FROM CURATED_DATAMART.INFORMATION_SCHEMA.COLUMNS WHERE TABLE_NAME='STR_API_TECHNICIANSHIFT'and TABLE_SCHEMA='ST_API_HORIZONSERVICES'
Executing Snowflake query :: SELECT COLUMN_NAME FROM DEV_ENT_CURATED.INFORMATION_SCHEMA.COLUMNS WHERE TABLE_NAME='DIM_TECHNICIANSHIFT'and TABLE_SCHEMA='MASTER_DIMENSIONS'
Column names for RAW Table --> ST_API_TECHNICIANSHIFT :: [END, ENDDATE, STARTTIME, ENDTIME, START, TECHNICIAN_ID, ACTIVE, BATCH, CREATEDBY_ID, TITLE, ID, IMPORTID, SHIFTTYPE, STARTDATE, CREATEDON, NOTE, TIMESHEET_ID, TIMESHEETCODE_ID, TENANT_TYPE]
Column names for DataMart Table --> STR_API_TECHNICIANSHIFT :: [CREATEDON, ENDDATE, ENDTIME, TENANT_TYPE, TITLE, START, ACTIVE, SHIFTTYPE, STARTTIME, TECHNICIAN_ID, END, MASTER_ID, ACTIVE_FLAG, BATCH, CREATEDBY_ID, RECORD_UPDATE_DATE, NOTE, TIMESHEETCODE_ID, TIMESHEET_ID, ID, IMPORTID, RECORD_CREATE_DATE, STARTDATE]
Column names for Curated Table --> DIM_TECHNICIANSHIFT :: [CREATEDON, TENANT_TYPE, TITLE, ACTIVE, NOTE, RECORD_CREATE_DATE, END, ID, RECORD_UPDATED_BY, TIMESHEETCODE_ID, IMPORTID, RECORD_UPDATE_DATE, STARTTIME, TECHNICIAN_ID, TIMESHEET_ID, CREATEDBY_ID, ENDDATE, START, SHIFTTYPE, BATCH, ENDTIME, STARTDATE]
Column Name found in Datamart and Curated Table :: END
Column Name found in Datamart and Curated Table :: ENDDATE
Column Name found in Datamart and Curated Table :: STARTTIME
Column Name found in Datamart and Curated Table :: ENDTIME
Column Name found in Datamart and Curated Table :: START
Column Name found in Datamart and Curated Table :: TECHNICIAN_ID
Column Name found in Datamart and Curated Table :: ACTIVE
Column Name found in Datamart and Curated Table :: BATCH
Column Name found in Datamart and Curated Table :: CREATEDBY_ID
Column Name found in Datamart and Curated Table :: TITLE
Column Name found in Datamart and Curated Table :: ID
Column Name found in Datamart and Curated Table :: IMPORTID
Column Name found in Datamart and Curated Table :: SHIFTTYPE
Column Name found in Datamart and Curated Table :: STARTDATE
Column Name found in Datamart and Curated Table :: CREATEDON
Column Name found in Datamart and Curated Table :: NOTE
Column Name found in Datamart and Curated Table :: TIMESHEET_ID
Column Name found in Datamart and Curated Table :: TIMESHEETCODE_ID
Column Name found in Datamart and Curated Table :: TENANT_TYPE
Datamart tables contains additional column name like [ACTIVE_FLAG, RECORD_CREATE_DATE, RECORD_UPDATE_DATE, MASTER_ID]
Curated tables contains additional column name like [RECORD_CREATE_DATE, RECORD_UPDATE_DATE, RECORD_UPDATED_BY]]]>
  </system-out>
  <testcase classname="testcases.RAW_DATAMART_CURATED.SnowFlake_ColumnValidation_APITables" name="validateColumnName_BKP" time="2.741"/>
  <system-out>
    <![CDATA[Executing Snowflake query :: SELECT COLUMN_NAME FROM DEV_ENT_RAW.INFORMATION_SCHEMA.COLUMNS WHERE TABLE_NAME='ST_API_CALLREASON'and TABLE_SCHEMA='API_MAT'
Executing Snowflake query :: SELECT COLUMN_NAME FROM CURATED_DATAMART.INFORMATION_SCHEMA.COLUMNS WHERE TABLE_NAME='STR_API_CALLREASON'and TABLE_SCHEMA='ST_API_SNELLHEATINGAIR'
Executing Snowflake query :: SELECT COLUMN_NAME FROM DEV_ENT_CURATED.INFORMATION_SCHEMA.COLUMNS WHERE TABLE_NAME='DIM_CALLREASON'and TABLE_SCHEMA='MASTER_DIMENSIONS'
Column names for RAW Table --> ST_API_CALLREASON :: [CREATEDBY_ID, CREATEDON, ID, IMPORTID, ACTIVE, LEAD, MODIFIEDON, NAME, TENANT_TYPE]
Column names for DataMart Table --> STR_API_CALLREASON :: [IMPORTID, ACTIVE_FLAG, ID, MODIFIEDON, ACTIVE, LEAD, CREATEDON, NAME, RECORD_UPDATE_DATE, CREATEDBY_ID, MASTER_ID, RECORD_CREATE_DATE, TENANT_TYPE]
Column names for Curated Table --> DIM_CALLREASON :: [CREATEDBY_ID, RECORD_CREATE_DATE, MODIFIEDON, LEAD, RECORD_UPDATED_BY, ACTIVE, ID, CREATEDON, IMPORTID, NAME, TENANT_TYPE, RECORD_UPDATE_DATE]
Column Name found in Datamart and Curated Table :: CREATEDBY_ID
Column Name found in Datamart and Curated Table :: CREATEDON
Column Name found in Datamart and Curated Table :: ID
Column Name found in Datamart and Curated Table :: IMPORTID
Column Name found in Datamart and Curated Table :: ACTIVE
Column Name found in Datamart and Curated Table :: LEAD
Column Name found in Datamart and Curated Table :: MODIFIEDON
Column Name found in Datamart and Curated Table :: NAME
Column Name found in Datamart and Curated Table :: TENANT_TYPE
Datamart tables contains additional column name like [ACTIVE_FLAG, RECORD_CREATE_DATE, RECORD_UPDATE_DATE, MASTER_ID]
Curated tables contains additional column name like [RECORD_CREATE_DATE, RECORD_UPDATE_DATE, RECORD_UPDATED_BY]]]>
  </system-out>
  <testcase classname="testcases.RAW_DATAMART_CURATED.SnowFlake_ColumnValidation_APITables" name="validateColumnName_BKP" time="3.084"/>
  <system-out>
    <![CDATA[Executing Snowflake query :: SELECT COLUMN_NAME FROM DEV_ENT_RAW.INFORMATION_SCHEMA.COLUMNS WHERE TABLE_NAME='ST_API_INVOICE'and TABLE_SCHEMA='API_MAT'
Executing Snowflake query :: SELECT COLUMN_NAME FROM CURATED_DATAMART.INFORMATION_SCHEMA.COLUMNS WHERE TABLE_NAME='STR_API_INVOICE'and TABLE_SCHEMA='ST_API_SNELLHEATINGAIR'
Executing Snowflake query :: SELECT COLUMN_NAME FROM DEV_ENT_CURATED.INFORMATION_SCHEMA.COLUMNS WHERE TABLE_NAME='FACT_INVOICE'and TABLE_SCHEMA='MASTER_DIMENSIONS'
Column names for RAW Table --> ST_API_INVOICE :: [COMMISSIONELIGIBILITYDATE, TYPE_ID, NEWCONSTRUCTION, ACTIVE, BATCH_ID, DISCOUNTTOTAL, NETAMOUNT, ROYALTY_SENTON, SUMMARY, TECHNICIANACKNOWLEDGEMENTSIGNATURE, CREATEDBY_ID, ADJUSTMENTTO_ID, EXPORTID, EXTERNALID, INVOICEDON, PAIDON, PAYMENTTERM_ID, MODIFIEDON, MATERIALSKUREFERENCE_SKUTYPE, MEMBERSHIP_ID, STATUS, TAX, TAXZONE_ID, COUNTERSALESLOCATION_ID, NUMERICNUMBER, ROYALTY_STATUS, BUSINESSUNIT_ID, CONFIGURATION, CREATEDON, CUSTOMER_ID, JOB_ID, LOCATION_ID, ROYALTY_DATE, ACKNOWLEDGEMENTSIGNATURE, BALANCE, BILLINGDATE, EXCLUDEFROMPAYROLL, MATERIALTAX, AUTHORIZATIONSIGNATURE, PAYMENTDUEDATE, PROJECTLABELS, AUTHORIZEDAMOUNT, ID, INCLUDEINTECHNICIANREPORTS, MATERIALSKUREFERENCE_SKUID, PAYROLLDATE, SIGNATURE, SUBTOTAL, LABORTAX, MATERIALSKU_ID, ROYALTY_MEMO, TOTAL, FEETAX, IMPORTID, NUMBER, PROJECT_ID, FEETOTAL, TENANT_TYPE]
Column names for DataMart Table --> STR_API_INVOICE :: [ACKNOWLEDGEMENTSIGNATURE, CUSTOMER_ID, EXPORTID, TYPE_ID, EXCLUDEFROMPAYROLL, LOCATION_ID, NUMBER, PAYROLLDATE, ROYALTY_SENTON, TAX, SUMMARY, ADJUSTMENTTO_ID, EXTERNALID, MEMBERSHIP_ID, PAIDON, IMPORTID, MASTER_ID, TAXZONE_ID, SUBTOTAL, MATERIALSKU_ID, CREATEDBY_ID, FEETAX, STATUS, TENANT_TYPE, MODIFIEDON, RECORD_CREATE_DATE, AUTHORIZEDAMOUNT, BATCH_ID, MATERIALTAX, PAYMENTDUEDATE, TECHNICIANACKNOWLEDGEMENTSIGNATURE, BALANCE, BILLINGDATE, INCLUDEINTECHNICIANREPORTS, NETAMOUNT, NEWCONSTRUCTION, ROYALTY_DATE, ROYALTY_STATUS, CONFIGURATION, DISCOUNTTOTAL, FEETOTAL, INVOICEDON, MATERIALSKUREFERENCE_SKUTYPE, LABORTAX, NUMERICNUMBER, PROJECTLABELS, ACTIVE, ACTIVE_FLAG, AUTHORIZATIONSIGNATURE, BUSINESSUNIT_ID, CREATEDON, ID, ROYALTY_MEMO, TOTAL, JOB_ID, COUNTERSALESLOCATION_ID, COMMISSIONELIGIBILITYDATE, PROJECT_ID, SIGNATURE, MATERIALSKUREFERENCE_SKUID, RECORD_UPDATE_DATE, PAYMENTTERM_ID]
Column names for Curated Table --> FACT_INVOICE :: [CONFIGURATION, EXPORTID, EXTERNALID, MATERIALSKUREFERENCE_SKUTYPE, RECORD_UPDATED_BY, ROYALTY_DATE, FEETAX, TAX, TOTAL, BALANCE, BUSINESSUNIT_ID, CREATEDON, PAYMENTDUEDATE, PROJECT_ID, NETAMOUNT, NUMERICNUMBER, ROYALTY_SENTON, NUMBER, DISCOUNTTOTAL, EXCLUDEFROMPAYROLL, INCLUDEINTECHNICIANREPORTS, MODIFIEDON, STATUS, TENANT_TYPE, NEWCONSTRUCTION, ACKNOWLEDGEMENTSIGNATURE, ADJUSTMENTTO_ID, CREATEDBY_ID, CUSTOMER_ID, FEETOTAL, INVOICEDON, PAIDON, TYPE_ID, JOB_ID, LABORTAX, LOCATION_ID, ROYALTY_STATUS, SUMMARY, PROJECTLABELS, MATERIALSKUREFERENCE_SKUID, MATERIALSKU_ID, MEMBERSHIP_ID, COMMISSIONELIGIBILITYDATE, RECORD_CREATE_DATE, RECORD_UPDATE_DATE, SIGNATURE, AUTHORIZATIONSIGNATURE, BILLINGDATE, IMPORTID, TECHNICIANACKNOWLEDGEMENTSIGNATURE, AUTHORIZEDAMOUNT, ID, PAYROLLDATE, ACTIVE, COUNTERSALESLOCATION_ID, PAYMENTTERM_ID, SUBTOTAL, BATCH_ID, MATERIALTAX, ROYALTY_MEMO, TAXZONE_ID]
Column Name found in Datamart and Curated Table :: COMMISSIONELIGIBILITYDATE
Column Name found in Datamart and Curated Table :: TYPE_ID
Column Name found in Datamart and Curated Table :: NEWCONSTRUCTION
Column Name found in Datamart and Curated Table :: ACTIVE
Column Name found in Datamart and Curated Table :: BATCH_ID
Column Name found in Datamart and Curated Table :: DISCOUNTTOTAL
Column Name found in Datamart and Curated Table :: NETAMOUNT
Column Name found in Datamart and Curated Table :: ROYALTY_SENTON
Column Name found in Datamart and Curated Table :: SUMMARY
Column Name found in Datamart and Curated Table :: TECHNICIANACKNOWLEDGEMENTSIGNATURE
Column Name found in Datamart and Curated Table :: CREATEDBY_ID
Column Name found in Datamart and Curated Table :: ADJUSTMENTTO_ID
Column Name found in Datamart and Curated Table :: EXPORTID
Column Name found in Datamart and Curated Table :: EXTERNALID
Column Name found in Datamart and Curated Table :: INVOICEDON
Column Name found in Datamart and Curated Table :: PAIDON
Column Name found in Datamart and Curated Table :: PAYMENTTERM_ID
Column Name found in Datamart and Curated Table :: MODIFIEDON
Column Name found in Datamart and Curated Table :: MATERIALSKUREFERENCE_SKUTYPE
Column Name found in Datamart and Curated Table :: MEMBERSHIP_ID
Column Name found in Datamart and Curated Table :: STATUS
Column Name found in Datamart and Curated Table :: TAX
Column Name found in Datamart and Curated Table :: TAXZONE_ID
Column Name found in Datamart and Curated Table :: COUNTERSALESLOCATION_ID
Column Name found in Datamart and Curated Table :: NUMERICNUMBER
Column Name found in Datamart and Curated Table :: ROYALTY_STATUS
Column Name found in Datamart and Curated Table :: BUSINESSUNIT_ID
Column Name found in Datamart and Curated Table :: CONFIGURATION
Column Name found in Datamart and Curated Table :: CREATEDON
Column Name found in Datamart and Curated Table :: CUSTOMER_ID
Column Name found in Datamart and Curated Table :: JOB_ID
Column Name found in Datamart and Curated Table :: LOCATION_ID
Column Name found in Datamart and Curated Table :: ROYALTY_DATE
Column Name found in Datamart and Curated Table :: ACKNOWLEDGEMENTSIGNATURE
Column Name found in Datamart and Curated Table :: BALANCE
Column Name found in Datamart and Curated Table :: BILLINGDATE
Column Name found in Datamart and Curated Table :: EXCLUDEFROMPAYROLL
Column Name found in Datamart and Curated Table :: MATERIALTAX
Column Name found in Datamart and Curated Table :: AUTHORIZATIONSIGNATURE
Column Name found in Datamart and Curated Table :: PAYMENTDUEDATE
Column Name found in Datamart and Curated Table :: PROJECTLABELS
Column Name found in Datamart and Curated Table :: AUTHORIZEDAMOUNT
Column Name found in Datamart and Curated Table :: ID
Column Name found in Datamart and Curated Table :: INCLUDEINTECHNICIANREPORTS
Column Name found in Datamart and Curated Table :: MATERIALSKUREFERENCE_SKUID
Column Name found in Datamart and Curated Table :: PAYROLLDATE
Column Name found in Datamart and Curated Table :: SIGNATURE
Column Name found in Datamart and Curated Table :: SUBTOTAL
Column Name found in Datamart and Curated Table :: LABORTAX
Column Name found in Datamart and Curated Table :: MATERIALSKU_ID
Column Name found in Datamart and Curated Table :: ROYALTY_MEMO
Column Name found in Datamart and Curated Table :: TOTAL
Column Name found in Datamart and Curated Table :: FEETAX
Column Name found in Datamart and Curated Table :: IMPORTID
Column Name found in Datamart and Curated Table :: NUMBER
Column Name found in Datamart and Curated Table :: PROJECT_ID
Column Name found in Datamart and Curated Table :: FEETOTAL
Column Name found in Datamart and Curated Table :: TENANT_TYPE
Datamart tables contains additional column name like [ACTIVE_FLAG, RECORD_CREATE_DATE, RECORD_UPDATE_DATE, MASTER_ID]
Curated tables contains additional column name like [RECORD_CREATE_DATE, RECORD_UPDATE_DATE, RECORD_UPDATED_BY]]]>
  </system-out>
  <testcase classname="testcases.RAW_DATAMART_CURATED.SnowFlake_ColumnValidation_APITables" name="validateColumnName_BKP" time="2.173"/>
  <system-out>
    <![CDATA[Executing Snowflake query :: SELECT COLUMN_NAME FROM DEV_ENT_RAW.INFORMATION_SCHEMA.COLUMNS WHERE TABLE_NAME='ST_API_CANCELJOBREASON'and TABLE_SCHEMA='API_MAT'
Executing Snowflake query :: SELECT COLUMN_NAME FROM CURATED_DATAMART.INFORMATION_SCHEMA.COLUMNS WHERE TABLE_NAME='STR_API_CANCELJOBREASON'and TABLE_SCHEMA='ST_API_MAITZ'
Executing Snowflake query :: SELECT COLUMN_NAME FROM DEV_ENT_CURATED.INFORMATION_SCHEMA.COLUMNS WHERE TABLE_NAME='DIM_CANCELJOBREASON'and TABLE_SCHEMA='MASTER_DIMENSIONS'
Column names for RAW Table --> ST_API_CANCELJOBREASON :: [CREATEDBY_ID, CREATEDON, ID, IMPORTID, MODIFIEDON, NAME, ACTIVE, TENANT_TYPE]
Column names for DataMart Table --> STR_API_CANCELJOBREASON :: [ACTIVE_FLAG, MODIFIEDON, TENANT_TYPE, ACTIVE, MASTER_ID, CREATEDBY_ID, CREATEDON, ID, IMPORTID, NAME, RECORD_CREATE_DATE, RECORD_UPDATE_DATE]
Column names for Curated Table --> DIM_CANCELJOBREASON :: [ID, IMPORTID, TENANT_TYPE, MODIFIEDON, CREATEDON, RECORD_UPDATED_BY, RECORD_UPDATE_DATE, RECORD_CREATE_DATE, ACTIVE, CREATEDBY_ID, NAME]
Column Name found in Datamart and Curated Table :: CREATEDBY_ID
Column Name found in Datamart and Curated Table :: CREATEDON
Column Name found in Datamart and Curated Table :: ID
Column Name found in Datamart and Curated Table :: IMPORTID
Column Name found in Datamart and Curated Table :: MODIFIEDON
Column Name found in Datamart and Curated Table :: NAME
Column Name found in Datamart and Curated Table :: ACTIVE
Column Name found in Datamart and Curated Table :: TENANT_TYPE
Datamart tables contains additional column name like [ACTIVE_FLAG, RECORD_CREATE_DATE, RECORD_UPDATE_DATE, MASTER_ID]
Curated tables contains additional column name like [RECORD_CREATE_DATE, RECORD_UPDATE_DATE, RECORD_UPDATED_BY]]]>
  </system-out>
  <testcase classname="testcases.RAW_DATAMART_CURATED.SnowFlake_ColumnValidation_APITables" name="validateColumnName_BKP" time="2.665"/>
  <system-out>
    <![CDATA[Executing Snowflake query :: SELECT COLUMN_NAME FROM DEV_ENT_RAW.INFORMATION_SCHEMA.COLUMNS WHERE TABLE_NAME='ST_API_NONJOBAPPOINTMENT'and TABLE_SCHEMA='API_MAT'
Executing Snowflake query :: SELECT COLUMN_NAME FROM CURATED_DATAMART.INFORMATION_SCHEMA.COLUMNS WHERE TABLE_NAME='STR_API_NONJOBAPPOINTMENT'and TABLE_SCHEMA='ST_API_HUTCHINSON'
Executing Snowflake query :: SELECT COLUMN_NAME FROM DEV_ENT_CURATED.INFORMATION_SCHEMA.COLUMNS WHERE TABLE_NAME='DIM_NONJOBAPPOINTMENT'and TABLE_SCHEMA='MASTER_DIMENSIONS'
Column names for RAW Table --> ST_API_NONJOBAPPOINTMENT :: [CREATEDBY_ID, IMPORTID, ALLDAY, DEFINITION_ID, ISCOMPLETED, TIMESHEETCODE_ID, CLEARDISPATCHBOARD, ACTIVE, CLEARTECHNICIANVIEW, REMOVETECHNICIANFROMCAPACITYPLANNING, SUMMARY, ID, TECHNICIAN_ID, CREATEDON, TIMESHEET_ID, NAME, EXPECTEDDURATION, START, DURATION, TENANT_TYPE]
Column names for DataMart Table --> STR_API_NONJOBAPPOINTMENT :: [ACTIVE, TIMESHEET_ID, TIMESHEETCODE_ID, RECORD_UPDATE_DATE, SUMMARY, RECORD_CREATE_DATE, ACTIVE_FLAG, ID, DEFINITION_ID, EXPECTEDDURATION, ISCOMPLETED, TECHNICIAN_ID, ALLDAY, DURATION, IMPORTID, TENANT_TYPE, CLEARDISPATCHBOARD, CLEARTECHNICIANVIEW, CREATEDON, MASTER_ID, NAME, START, CREATEDBY_ID, REMOVETECHNICIANFROMCAPACITYPLANNING]
Column names for Curated Table --> DIM_NONJOBAPPOINTMENT :: [IMPORTID, RECORD_UPDATE_DATE, TIMESHEET_ID, ID, ISCOMPLETED, CREATEDON, RECORD_UPDATED_BY, START, CLEARTECHNICIANVIEW, DURATION, EXPECTEDDURATION, ALLDAY, CLEARDISPATCHBOARD, RECORD_CREATE_DATE, TENANT_TYPE, TIMESHEETCODE_ID, NAME, DEFINITION_ID, SUMMARY, ACTIVE, CREATEDBY_ID, REMOVETECHNICIANFROMCAPACITYPLANNING, TECHNICIAN_ID]
Column Name found in Datamart and Curated Table :: CREATEDBY_ID
Column Name found in Datamart and Curated Table :: IMPORTID
Column Name found in Datamart and Curated Table :: ALLDAY
Column Name found in Datamart and Curated Table :: DEFINITION_ID
Column Name found in Datamart and Curated Table :: ISCOMPLETED
Column Name found in Datamart and Curated Table :: TIMESHEETCODE_ID
Column Name found in Datamart and Curated Table :: CLEARDISPATCHBOARD
Column Name found in Datamart and Curated Table :: ACTIVE
Column Name found in Datamart and Curated Table :: CLEARTECHNICIANVIEW
Column Name found in Datamart and Curated Table :: REMOVETECHNICIANFROMCAPACITYPLANNING
Column Name found in Datamart and Curated Table :: SUMMARY
Column Name found in Datamart and Curated Table :: ID
Column Name found in Datamart and Curated Table :: TECHNICIAN_ID
Column Name found in Datamart and Curated Table :: CREATEDON
Column Name found in Datamart and Curated Table :: TIMESHEET_ID
Column Name found in Datamart and Curated Table :: NAME
Column Name found in Datamart and Curated Table :: EXPECTEDDURATION
Column Name found in Datamart and Curated Table :: START
Column Name found in Datamart and Curated Table :: DURATION
Column Name found in Datamart and Curated Table :: TENANT_TYPE
Datamart tables contains additional column name like [ACTIVE_FLAG, RECORD_CREATE_DATE, RECORD_UPDATE_DATE, MASTER_ID]
Curated tables contains additional column name like [RECORD_CREATE_DATE, RECORD_UPDATE_DATE, RECORD_UPDATED_BY]]]>
  </system-out>
  <testcase classname="testcases.RAW_DATAMART_CURATED.SnowFlake_ColumnValidation_APITables" name="validateColumnName_BKP" time="2.083"/>
  <system-out>
    <![CDATA[Executing Snowflake query :: SELECT COLUMN_NAME FROM DEV_ENT_RAW.INFORMATION_SCHEMA.COLUMNS WHERE TABLE_NAME='ST_API_VENDOR'and TABLE_SCHEMA='API_MAT'
Executing Snowflake query :: SELECT COLUMN_NAME FROM CURATED_DATAMART.INFORMATION_SCHEMA.COLUMNS WHERE TABLE_NAME='STR_API_VENDOR'and TABLE_SCHEMA='ST_API_GOLDMEDAL'
Executing Snowflake query :: SELECT COLUMN_NAME FROM DEV_ENT_CURATED.INFORMATION_SCHEMA.COLUMNS WHERE TABLE_NAME='DIM_VENDOR'and TABLE_SCHEMA='MASTER_DIMENSIONS'
Column names for RAW Table --> ST_API_VENDOR :: [DELIVERYOPTION, REMITTANCEVENDOR_ID, LASTNAME, TAXRATE, ACTIVE, CREATEDON, VENDORADDRESS_ISMANUALCOORDINATES, IMPORTID, ISTRUCKREPLENISHMENT, PHONE, ID, VENDORADDRESS_STREET, FAX, VENDORADDRESS_LATITUDE, CREATEDBY_ID, EMAIL, EXTERNALID, FIRSTNAME, MEMO, RESTRICTEDMOBILECREATION, VENDORADDRESS_COUNTRY, VENDORADDRESS_LONGITUDE, VENDORADDRESS_CITY, NAME, VENDORADDRESS_ISMILITARY, VENDORQUICKBOOKSITEM, VENDORADDRESS_UNIT, VENDORADDRESS_ZIP, VENDORADDRESS_STATE, MODIFIEDON, PAYMENTTERM_ID, ADDRESS, TENANT_TYPE]
Column names for DataMart Table --> STR_API_VENDOR :: [EXTERNALID, RECORD_CREATE_DATE, VENDORADDRESS_STATE, RECORD_UPDATE_DATE, VENDORADDRESS_LONGITUDE, VENDORADDRESS_ISMILITARY, CREATEDBY_ID, MEMO, TAXRATE, VENDORADDRESS_CITY, DELIVERYOPTION, EMAIL, PAYMENTTERM_ID, FAX, VENDORADDRESS_ISMANUALCOORDINATES, ISTRUCKREPLENISHMENT, RESTRICTEDMOBILECREATION, VENDORQUICKBOOKSITEM, MODIFIEDON, ADDRESS, IMPORTID, LASTNAME, MASTER_ID, VENDORADDRESS_STREET, REMITTANCEVENDOR_ID, VENDORADDRESS_ZIP, VENDORADDRESS_LATITUDE, CREATEDON, NAME, VENDORADDRESS_COUNTRY, TENANT_TYPE, VENDORADDRESS_UNIT, ACTIVE_FLAG, FIRSTNAME, ACTIVE, ID, PHONE]
Column names for Curated Table --> DIM_VENDOR :: [DELIVERYOPTION, EXTERNALID, VENDORADDRESS_LATITUDE, VENDORADDRESS_ISMILITARY, VENDORADDRESS_STREET, EMAIL, ID, MEMO, PHONE, TAXRATE, VENDORADDRESS_ZIP, VENDORADDRESS_CITY, ACTIVE, ADDRESS, FAX, ISTRUCKREPLENISHMENT, VENDORADDRESS_STATE, REMITTANCEVENDOR_ID, FIRSTNAME, NAME, VENDORADDRESS_COUNTRY, LASTNAME, RECORD_UPDATE_DATE, VENDORADDRESS_UNIT, MODIFIEDON, CREATEDBY_ID, RECORD_CREATE_DATE, TENANT_TYPE, VENDORADDRESS_LONGITUDE, CREATEDON, IMPORTID, VENDORADDRESS_ISMANUALCOORDINATES, RESTRICTEDMOBILECREATION, PAYMENTTERM_ID, RECORD_UPDATED_BY, VENDORQUICKBOOKSITEM]
Column Name found in Datamart and Curated Table :: DELIVERYOPTION
Column Name found in Datamart and Curated Table :: REMITTANCEVENDOR_ID
Column Name found in Datamart and Curated Table :: LASTNAME
Column Name found in Datamart and Curated Table :: TAXRATE
Column Name found in Datamart and Curated Table :: ACTIVE
Column Name found in Datamart and Curated Table :: CREATEDON
Column Name found in Datamart and Curated Table :: VENDORADDRESS_ISMANUALCOORDINATES
Column Name found in Datamart and Curated Table :: IMPORTID
Column Name found in Datamart and Curated Table :: ISTRUCKREPLENISHMENT
Column Name found in Datamart and Curated Table :: PHONE
Column Name found in Datamart and Curated Table :: ID
Column Name found in Datamart and Curated Table :: VENDORADDRESS_STREET
Column Name found in Datamart and Curated Table :: FAX
Column Name found in Datamart and Curated Table :: VENDORADDRESS_LATITUDE
Column Name found in Datamart and Curated Table :: CREATEDBY_ID
Column Name found in Datamart and Curated Table :: EMAIL
Column Name found in Datamart and Curated Table :: EXTERNALID
Column Name found in Datamart and Curated Table :: FIRSTNAME
Column Name found in Datamart and Curated Table :: MEMO
Column Name found in Datamart and Curated Table :: RESTRICTEDMOBILECREATION
Column Name found in Datamart and Curated Table :: VENDORADDRESS_COUNTRY
Column Name found in Datamart and Curated Table :: VENDORADDRESS_LONGITUDE
Column Name found in Datamart and Curated Table :: VENDORADDRESS_CITY
Column Name found in Datamart and Curated Table :: NAME
Column Name found in Datamart and Curated Table :: VENDORADDRESS_ISMILITARY
Column Name found in Datamart and Curated Table :: VENDORQUICKBOOKSITEM
Column Name found in Datamart and Curated Table :: VENDORADDRESS_UNIT
Column Name found in Datamart and Curated Table :: VENDORADDRESS_ZIP
Column Name found in Datamart and Curated Table :: VENDORADDRESS_STATE
Column Name found in Datamart and Curated Table :: MODIFIEDON
Column Name found in Datamart and Curated Table :: PAYMENTTERM_ID
Column Name found in Datamart and Curated Table :: ADDRESS
Column Name found in Datamart and Curated Table :: TENANT_TYPE
Datamart tables contains additional column name like [ACTIVE_FLAG, RECORD_CREATE_DATE, RECORD_UPDATE_DATE, MASTER_ID]
Curated tables contains additional column name like [RECORD_CREATE_DATE, RECORD_UPDATE_DATE, RECORD_UPDATED_BY]]]>
  </system-out>
  <testcase classname="testcases.RAW_DATAMART_CURATED.SnowFlake_ColumnValidation_APITables" name="validateColumnName_BKP" time="2.181"/>
  <system-out>
    <![CDATA[Executing Snowflake query :: SELECT COLUMN_NAME FROM DEV_ENT_RAW.INFORMATION_SCHEMA.COLUMNS WHERE TABLE_NAME='ST_API_MATERIAL'and TABLE_SCHEMA='API_MAT'
Executing Snowflake query :: SELECT COLUMN_NAME FROM CURATED_DATAMART.INFORMATION_SCHEMA.COLUMNS WHERE TABLE_NAME='STR_API_MATERIAL'and TABLE_SCHEMA='ST_API_HDAIR'
Executing Snowflake query :: SELECT COLUMN_NAME FROM DEV_ENT_CURATED.INFORMATION_SCHEMA.COLUMNS WHERE TABLE_NAME='DIM_MATERIAL'and TABLE_SCHEMA='MASTER_DIMENSIONS'
Column names for RAW Table --> ST_API_MATERIAL :: [CATEGORY_ID, COSTOFSALEACCOUNT_ID, DISPLAYINAMOUNT, SOLDBYCOMMISSION, ARCHIVED, AVALARACOMMERCIALTAXCODE, BONUS, COMMISSIONBONUS, EXCLUDEFROMPRICEBOOKWIZARD, INVENTORYENABLEDON, PURCHASEORDERLIMITS_FLATAMOUNT, LOYALTYPROGRAMELIGIBLE, ACCOUNT, BUSINESSUNIT_ID, CREATEDON, NOTAX, ORIGINAL_ID, PROVIDER_ID, SERIALIZEDON, UNITOFMEASURE, IMPORTID, DISPLAYNAME, ASSETACCOUNT_ID, COPIEDFROM_ID, ISSERIALIZED, PAYSFLATAMOUNT, PRICE, GENERALLEDGERACCOUNT_ID, ID, ISINVENTORY, ACTIVE, AVALARARESIDENTIALTAXCODE, EXTERNALID, IMAGES, PRIMARYVENDOR_ID, TAXABLE, USEFIXEDMATERIALPRICE, DEDUCTASJOBCOST, SOURCEVERSION, SYNCDATE, MODIFIEDON, ADDONMEMBERPRICE, COST, NAME, PAYSCOMMISSION, PAYSSOLDBYRATE, DESCRIPTION, HOURS, SCHEDULEDFLATAMOUNT, SOURCE, ADDONFLATAMOUNT, ADDONPRICE, AUTOGLASSTYPE, CROSSSALEGROUP, PAYTECHSPECIFICBONUS, PURCHASEORDERLIMITS_REVENUEPERCENT, SUPPLIERIMAGES, CREATEDBY_ID, MEMBERPRICE, INVENTORYENABLEDBY_ID, TENANT_TYPE]
Column names for DataMart Table --> STR_API_MATERIAL :: [ASSETACCOUNT_ID, COPIEDFROM_ID, LOYALTYPROGRAMELIGIBLE, SERIALIZEDON, SYNCDATE, ISSERIALIZED, AUTOGLASSTYPE, AVALARACOMMERCIALTAXCODE, DISPLAYNAME, PRIMARYVENDOR_ID, COST, ISINVENTORY, ORIGINAL_ID, TENANT_TYPE, ACTIVE_FLAG, ADDONPRICE, AVALARARESIDENTIALTAXCODE, BUSINESSUNIT_ID, COMMISSIONBONUS, CROSSSALEGROUP, HOURS, IMAGES, IMPORTID, NAME, RECORD_CREATE_DATE, BONUS, SCHEDULEDFLATAMOUNT, ACCOUNT, ADDONFLATAMOUNT, MASTER_ID, ID, INVENTORYENABLEDON, PAYSFLATAMOUNT, PAYTECHSPECIFICBONUS, PURCHASEORDERLIMITS_FLATAMOUNT, UNITOFMEASURE, INVENTORYENABLEDBY_ID, SUPPLIERIMAGES, PURCHASEORDERLIMITS_REVENUEPERCENT, ARCHIVED, COSTOFSALEACCOUNT_ID, MODIFIEDON, PAYSCOMMISSION, PROVIDER_ID, TAXABLE, SOLDBYCOMMISSION, CATEGORY_ID, CREATEDBY_ID, DEDUCTASJOBCOST, PRICE, RECORD_UPDATE_DATE, SOURCEVERSION, EXTERNALID, NOTAX, USEFIXEDMATERIALPRICE, ACTIVE, ADDONMEMBERPRICE, CREATEDON, EXCLUDEFROMPRICEBOOKWIZARD, PAYSSOLDBYRATE, DESCRIPTION, DISPLAYINAMOUNT, GENERALLEDGERACCOUNT_ID, MEMBERPRICE, SOURCE]
Column names for Curated Table --> DIM_MATERIAL :: [BUSINESSUNIT_ID, DEDUCTASJOBCOST, HOURS, MEMBERPRICE, MODIFIEDON, SCHEDULEDFLATAMOUNT, ARCHIVED, BONUS, COST, EXCLUDEFROMPRICEBOOKWIZARD, INVENTORYENABLEDON, SOURCE, ID, RECORD_UPDATED_BY, RECORD_UPDATE_DATE, ADDONPRICE, ASSETACCOUNT_ID, AVALARARESIDENTIALTAXCODE, DESCRIPTION, IMPORTID, ISSERIALIZED, PAYSSOLDBYRATE, ISINVENTORY, NOTAX, CREATEDBY_ID, PRIMARYVENDOR_ID, SERIALIZEDON, GENERALLEDGERACCOUNT_ID, RECORD_CREATE_DATE, CROSSSALEGROUP, SOLDBYCOMMISSION, ACTIVE, CATEGORY_ID, EXTERNALID, NAME, USEFIXEDMATERIALPRICE, INVENTORYENABLEDBY_ID, PAYTECHSPECIFICBONUS, PROVIDER_ID, PURCHASEORDERLIMITS_REVENUEPERCENT, SUPPLIERIMAGES, ACCOUNT, ADDONFLATAMOUNT, COMMISSIONBONUS, CREATEDON, PAYSCOMMISSION, DISPLAYINAMOUNT, SOURCEVERSION, COSTOFSALEACCOUNT_ID, DISPLAYNAME, IMAGES, ORIGINAL_ID, TAXABLE, COPIEDFROM_ID, UNITOFMEASURE, ADDONMEMBERPRICE, AUTOGLASSTYPE, AVALARACOMMERCIALTAXCODE, LOYALTYPROGRAMELIGIBLE, PRICE, PURCHASEORDERLIMITS_FLATAMOUNT, SYNCDATE, TENANT_TYPE, PAYSFLATAMOUNT]
Column Name found in Datamart and Curated Table :: CATEGORY_ID
Column Name found in Datamart and Curated Table :: COSTOFSALEACCOUNT_ID
Column Name found in Datamart and Curated Table :: DISPLAYINAMOUNT
Column Name found in Datamart and Curated Table :: SOLDBYCOMMISSION
Column Name found in Datamart and Curated Table :: ARCHIVED
Column Name found in Datamart and Curated Table :: AVALARACOMMERCIALTAXCODE
Column Name found in Datamart and Curated Table :: BONUS
Column Name found in Datamart and Curated Table :: COMMISSIONBONUS
Column Name found in Datamart and Curated Table :: EXCLUDEFROMPRICEBOOKWIZARD
Column Name found in Datamart and Curated Table :: INVENTORYENABLEDON
Column Name found in Datamart and Curated Table :: PURCHASEORDERLIMITS_FLATAMOUNT
Column Name found in Datamart and Curated Table :: LOYALTYPROGRAMELIGIBLE
Column Name found in Datamart and Curated Table :: ACCOUNT
Column Name found in Datamart and Curated Table :: BUSINESSUNIT_ID
Column Name found in Datamart and Curated Table :: CREATEDON
Column Name found in Datamart and Curated Table :: NOTAX
Column Name found in Datamart and Curated Table :: ORIGINAL_ID
Column Name found in Datamart and Curated Table :: PROVIDER_ID
Column Name found in Datamart and Curated Table :: SERIALIZEDON
Column Name found in Datamart and Curated Table :: UNITOFMEASURE
Column Name found in Datamart and Curated Table :: IMPORTID
Column Name found in Datamart and Curated Table :: DISPLAYNAME
Column Name found in Datamart and Curated Table :: ASSETACCOUNT_ID
Column Name found in Datamart and Curated Table :: COPIEDFROM_ID
Column Name found in Datamart and Curated Table :: ISSERIALIZED
Column Name found in Datamart and Curated Table :: PAYSFLATAMOUNT
Column Name found in Datamart and Curated Table :: PRICE
Column Name found in Datamart and Curated Table :: GENERALLEDGERACCOUNT_ID
Column Name found in Datamart and Curated Table :: ID
Column Name found in Datamart and Curated Table :: ISINVENTORY
Column Name found in Datamart and Curated Table :: ACTIVE
Column Name found in Datamart and Curated Table :: AVALARARESIDENTIALTAXCODE
Column Name found in Datamart and Curated Table :: EXTERNALID
Column Name found in Datamart and Curated Table :: IMAGES
Column Name found in Datamart and Curated Table :: PRIMARYVENDOR_ID
Column Name found in Datamart and Curated Table :: TAXABLE
Column Name found in Datamart and Curated Table :: USEFIXEDMATERIALPRICE
Column Name found in Datamart and Curated Table :: DEDUCTASJOBCOST
Column Name found in Datamart and Curated Table :: SOURCEVERSION
Column Name found in Datamart and Curated Table :: SYNCDATE
Column Name found in Datamart and Curated Table :: MODIFIEDON
Column Name found in Datamart and Curated Table :: ADDONMEMBERPRICE
Column Name found in Datamart and Curated Table :: COST
Column Name found in Datamart and Curated Table :: NAME
Column Name found in Datamart and Curated Table :: PAYSCOMMISSION
Column Name found in Datamart and Curated Table :: PAYSSOLDBYRATE
Column Name found in Datamart and Curated Table :: DESCRIPTION
Column Name found in Datamart and Curated Table :: HOURS
Column Name found in Datamart and Curated Table :: SCHEDULEDFLATAMOUNT
Column Name found in Datamart and Curated Table :: SOURCE
Column Name found in Datamart and Curated Table :: ADDONFLATAMOUNT
Column Name found in Datamart and Curated Table :: ADDONPRICE
Column Name found in Datamart and Curated Table :: AUTOGLASSTYPE
Column Name found in Datamart and Curated Table :: CROSSSALEGROUP
Column Name found in Datamart and Curated Table :: PAYTECHSPECIFICBONUS
Column Name found in Datamart and Curated Table :: PURCHASEORDERLIMITS_REVENUEPERCENT
Column Name found in Datamart and Curated Table :: SUPPLIERIMAGES
Column Name found in Datamart and Curated Table :: CREATEDBY_ID
Column Name found in Datamart and Curated Table :: MEMBERPRICE
Column Name found in Datamart and Curated Table :: INVENTORYENABLEDBY_ID
Column Name found in Datamart and Curated Table :: TENANT_TYPE
Datamart tables contains additional column name like [ACTIVE_FLAG, RECORD_CREATE_DATE, RECORD_UPDATE_DATE, MASTER_ID]
Curated tables contains additional column name like [RECORD_CREATE_DATE, RECORD_UPDATE_DATE, RECORD_UPDATED_BY]]]>
  </system-out>
  <testcase classname="testcases.RAW_DATAMART_CURATED.SnowFlake_ColumnValidation_APITables" name="validateColumnName_BKP" time="2.456"/>
  <system-out>
    <![CDATA[Executing Snowflake query :: SELECT COLUMN_NAME FROM DEV_ENT_RAW.INFORMATION_SCHEMA.COLUMNS WHERE TABLE_NAME='ST_API_CUSTOMER'and TABLE_SCHEMA='API_MAT'
Executing Snowflake query :: SELECT COLUMN_NAME FROM CURATED_DATAMART.INFORMATION_SCHEMA.COLUMNS WHERE TABLE_NAME='STR_API_CUSTOMER'and TABLE_SCHEMA='ST_API_CASTEEL'
Executing Snowflake query :: SELECT COLUMN_NAME FROM DEV_ENT_CURATED.INFORMATION_SCHEMA.COLUMNS WHERE TABLE_NAME='DIM_CUSTOMER'and TABLE_SCHEMA='MASTER_DIMENSIONS'
Column names for RAW Table --> ST_API_CUSTOMER :: [ADDRESS_ISMANUALCOORDINATES, ADDRESS_ISMILITARY, ADDRESS_LATITUDE, ADDRESS_LONGITUDE, CREATEDON, NAME, IMPORTID, AR, CREATEDBY_ID, ADDRESS_COUNTRY, DONOTCHARGEINTERESTFEE, DONOTSENDPROMOTIONALEMAILS, HEADER, TAXEXEMPT, ADDRESS_UNIT, SHOWMEMBERSAVINGS, ADDRESS_STATE, MEMBERSHIP_ACTIVATEDFROM, MEMBERSHIP_TO, STATISTICS_ID, BALANCE, EXCLUDEFROMBULKPRINTING, MEMBERSHIP_ACTIVATEDBY, MODIFIEDON, ID, TYPE, ACTIVE, ADDRESS_CITY, AVALARAENTITYCODE, EXTERNALID, ADDRESS_ZIP, PAYMENTTERM_ID, MEMBERSHIP_CANCELLATIONDATE, ADDRESS_STREET, DONOTMAIL, DONOTSERVICE, MEMBERSHIP_FROM, NOCHARGE, TENANT_TYPE]
Column names for DataMart Table --> STR_API_CUSTOMER :: [ADDRESS_STATE, AR, BALANCE, CREATEDON, MASTER_ID, MEMBERSHIP_CANCELLATIONDATE, RECORD_CREATE_DATE, RECORD_UPDATE_DATE, NAME, IMPORTID, ADDRESS_ZIP, CREATEDBY_ID, DONOTMAIL, EXCLUDEFROMBULKPRINTING, ADDRESS_CITY, ADDRESS_ISMILITARY, DONOTSENDPROMOTIONALEMAILS, MEMBERSHIP_TO, DONOTCHARGEINTERESTFEE, ADDRESS_LATITUDE, ADDRESS_STREET, ADDRESS_UNIT, MEMBERSHIP_ACTIVATEDBY, TENANT_TYPE, NOCHARGE, ADDRESS_LONGITUDE, MEMBERSHIP_FROM, TAXEXEMPT, MODIFIEDON, PAYMENTTERM_ID, ACTIVE, ACTIVE_FLAG, AVALARAENTITYCODE, EXTERNALID, ADDRESS_ISMANUALCOORDINATES, ID, TYPE, STATISTICS_ID, ADDRESS_COUNTRY, HEADER, MEMBERSHIP_ACTIVATEDFROM, SHOWMEMBERSAVINGS, DONOTSERVICE]
Column names for Curated Table --> DIM_CUSTOMER :: [ADDRESS_UNIT, PAYMENTTERM_ID, BALANCE, IMPORTID, ACTIVE, ADDRESS_COUNTRY, ADDRESS_ISMANUALCOORDINATES, ADDRESS_STATE, ADDRESS_ZIP, AR, NAME, MEMBERSHIP_TO, ADDRESS_CITY, ADDRESS_STREET, DONOTSERVICE, MEMBERSHIP_CANCELLATIONDATE, NOCHARGE, HEADER, CREATEDBY_ID, EXTERNALID, MODIFIEDON, DONOTCHARGEINTERESTFEE, MEMBERSHIP_ACTIVATEDBY, RECORD_UPDATE_DATE, RECORD_UPDATED_BY, STATISTICS_ID, CREATEDON, DONOTMAIL, ID, TAXEXEMPT, RECORD_CREATE_DATE, ADDRESS_LATITUDE, ADDRESS_LONGITUDE, AVALARAENTITYCODE, DONOTSENDPROMOTIONALEMAILS, MEMBERSHIP_FROM, TENANT_TYPE, TYPE, ADDRESS_ISMILITARY, MEMBERSHIP_ACTIVATEDFROM, SHOWMEMBERSAVINGS, EXCLUDEFROMBULKPRINTING]
Column Name found in Datamart and Curated Table :: ADDRESS_ISMANUALCOORDINATES
Column Name found in Datamart and Curated Table :: ADDRESS_ISMILITARY
Column Name found in Datamart and Curated Table :: ADDRESS_LATITUDE
Column Name found in Datamart and Curated Table :: ADDRESS_LONGITUDE
Column Name found in Datamart and Curated Table :: CREATEDON
Column Name found in Datamart and Curated Table :: NAME
Column Name found in Datamart and Curated Table :: IMPORTID
Column Name found in Datamart and Curated Table :: AR
Column Name found in Datamart and Curated Table :: CREATEDBY_ID
Column Name found in Datamart and Curated Table :: ADDRESS_COUNTRY
Column Name found in Datamart and Curated Table :: DONOTCHARGEINTERESTFEE
Column Name found in Datamart and Curated Table :: DONOTSENDPROMOTIONALEMAILS
Column Name found in Datamart and Curated Table :: HEADER
Column Name found in Datamart and Curated Table :: TAXEXEMPT
Column Name found in Datamart and Curated Table :: ADDRESS_UNIT
Column Name found in Datamart and Curated Table :: SHOWMEMBERSAVINGS
Column Name found in Datamart and Curated Table :: ADDRESS_STATE
Column Name found in Datamart and Curated Table :: MEMBERSHIP_ACTIVATEDFROM
Column Name found in Datamart and Curated Table :: MEMBERSHIP_TO
Column Name found in Datamart and Curated Table :: STATISTICS_ID
Column Name found in Datamart and Curated Table :: BALANCE
Column Name found in Datamart and Curated Table :: EXCLUDEFROMBULKPRINTING
Column Name found in Datamart and Curated Table :: MEMBERSHIP_ACTIVATEDBY
Column Name found in Datamart and Curated Table :: MODIFIEDON
Column Name found in Datamart and Curated Table :: ID
Column Name found in Datamart and Curated Table :: TYPE
Column Name found in Datamart and Curated Table :: ACTIVE
Column Name found in Datamart and Curated Table :: ADDRESS_CITY
Column Name found in Datamart and Curated Table :: AVALARAENTITYCODE
Column Name found in Datamart and Curated Table :: EXTERNALID
Column Name found in Datamart and Curated Table :: ADDRESS_ZIP
Column Name found in Datamart and Curated Table :: PAYMENTTERM_ID
Column Name found in Datamart and Curated Table :: MEMBERSHIP_CANCELLATIONDATE
Column Name found in Datamart and Curated Table :: ADDRESS_STREET
Column Name found in Datamart and Curated Table :: DONOTMAIL
Column Name found in Datamart and Curated Table :: DONOTSERVICE
Column Name found in Datamart and Curated Table :: MEMBERSHIP_FROM
Column Name found in Datamart and Curated Table :: NOCHARGE
Column Name found in Datamart and Curated Table :: TENANT_TYPE
Datamart tables contains additional column name like [ACTIVE_FLAG, RECORD_CREATE_DATE, RECORD_UPDATE_DATE, MASTER_ID]
Curated tables contains additional column name like [RECORD_CREATE_DATE, RECORD_UPDATE_DATE, RECORD_UPDATED_BY]]]>
  </system-out>
  <testcase classname="testcases.RAW_DATAMART_CURATED.SnowFlake_ColumnValidation_APITables" name="validateColumnName_BKP" time="2.549"/>
  <system-out>
    <![CDATA[Executing Snowflake query :: SELECT COLUMN_NAME FROM DEV_ENT_RAW.INFORMATION_SCHEMA.COLUMNS WHERE TABLE_NAME='ST_API_EQUIPMENT'and TABLE_SCHEMA='API_MAT'
Executing Snowflake query :: SELECT COLUMN_NAME FROM CURATED_DATAMART.INFORMATION_SCHEMA.COLUMNS WHERE TABLE_NAME='STR_API_EQUIPMENT'and TABLE_SCHEMA='ST_API_HUTCHINSON'
Executing Snowflake query :: SELECT COLUMN_NAME FROM DEV_ENT_CURATED.INFORMATION_SCHEMA.COLUMNS WHERE TABLE_NAME='DIM_EQUIPMENT'and TABLE_SCHEMA='MASTER_DIMENSIONS'
Column names for RAW Table --> ST_API_EQUIPMENT :: [BUSINESSUNIT_ID, HOURS, IMPORTID, TAXABLE, MANUFACTURER, MODIFIEDON, NAME, PAYSSOLDBYRATE, PAYTECHSPECIFICBONUS, SCHEDULEDFLATAMOUNT, SOURCEVERSION, ACCOUNT, CREATEDBY_ID, SOURCE, WARRANTYRESERVE, BONUS, ADDONMEMBERPRICE, COST, ISSERIALIZED, MANUFACTURERWARRANTY_DESCRIPTION, EXCLUDEFROMPRICEBOOKWIZARD, ORIGINAL_ID, PRIMARYVENDOR_ID, ALLOWDISCOUNTS, COPIEDFROM_ID, CREATEDON, PAYSFLATAMOUNT, SERIALIZEDON, DISPLAYNAME, ACTIVE, ARCHIVED, AVALARACOMMERCIALTAXCODE, CROSSSALEGROUP, PAYSCOMMISSION, UNITOFMEASURE, DISPLAYINAMOUNT, EXTERNALID, ID, INVENTORYENABLEDON, SUPPLIERIMAGES, SYNCDATE, ADDONFLATAMOUNT, ISINVENTORY, TYPE_ID, SERVICEPROVIDERWARRANTY_DURATION, AVALARARESIDENTIALTAXCODE, COMMISSIONBONUS, IMAGES, MODEL, INVENTORYENABLEDBY_ID, PRICE, ADDONPRICE, ASSETACCOUNT_ID, CATEGORY_ID, GENERALLEDGERACCOUNT_ID, LOYALTYPROGRAMELIGIBLE, COSTOFSALEACCOUNT_ID, DESCRIPTION, MANUFACTURERWARRANTY_DURATION, PROVIDER_ID, SERVICEPROVIDERWARRANTY_DESCRIPTION, MEMBERPRICE, TENANT_TYPE]
Column names for DataMart Table --> STR_API_EQUIPMENT :: [ACTIVE, BONUS, CATEGORY_ID, EXCLUDEFROMPRICEBOOKWIZARD, GENERALLEDGERACCOUNT_ID, IMAGES, PAYSCOMMISSION, ID, PAYSFLATAMOUNT, SOURCE, ADDONPRICE, IMPORTID, PRIMARYVENDOR_ID, LOYALTYPROGRAMELIGIBLE, MANUFACTURER, MASTER_ID, MODEL, ORIGINAL_ID, SERVICEPROVIDERWARRANTY_DESCRIPTION, SUPPLIERIMAGES, WARRANTYRESERVE, ARCHIVED, COSTOFSALEACCOUNT_ID, HOURS, INVENTORYENABLEDON, SCHEDULEDFLATAMOUNT, AVALARACOMMERCIALTAXCODE, SERVICEPROVIDERWARRANTY_DURATION, PAYTECHSPECIFICBONUS, CROSSSALEGROUP, AVALARARESIDENTIALTAXCODE, MEMBERPRICE, MODIFIEDON, BRAND, ISSERIALIZED, ACCOUNT, BUSINESSUNIT_ID, COMMISSIONBONUS, COST, TYPE_ID, MANUFACTURERWARRANTY_DESCRIPTION, RECORD_UPDATE_DATE, UNITOFMEASURE, ADDONFLATAMOUNT, ALLOWDISCOUNTS, COPIEDFROM_ID, DISPLAYINAMOUNT, EXTERNALID, NAME, DISPLAYNAME, ISINVENTORY, CREATEDBY_ID, PRICE, SYNCDATE, ASSETACCOUNT_ID, INVENTORYENABLEDBY_ID, RECORD_CREATE_DATE, TENANT_TYPE, SOURCEVERSION, ACTIVE_FLAG, ADDONMEMBERPRICE, CREATEDON, MANUFACTURERWARRANTY_DURATION, PROVIDER_ID, DESCRIPTION, TAXABLE, PAYSSOLDBYRATE, SERIALIZEDON]
Column names for Curated Table --> DIM_EQUIPMENT :: [ASSETACCOUNT_ID, COMMISSIONBONUS, COSTOFSALEACCOUNT_ID, MODEL, SCHEDULEDFLATAMOUNT, COPIEDFROM_ID, ISSERIALIZED, PAYSFLATAMOUNT, PAYTECHSPECIFICBONUS, RECORD_CREATE_DATE, SERVICEPROVIDERWARRANTY_DURATION, ID, AVALARACOMMERCIALTAXCODE, BONUS, HOURS, LOYALTYPROGRAMELIGIBLE, SOURCE, SERIALIZEDON, ADDONPRICE, EXCLUDEFROMPRICEBOOKWIZARD, PAYSCOMMISSION, ISINVENTORY, MODIFIEDON, ACTIVE, ADDONMEMBERPRICE, CREATEDON, EXTERNALID, PRIMARYVENDOR_ID, BUSINESSUNIT_ID, NAME, PAYSSOLDBYRATE, SYNCDATE, AVALARARESIDENTIALTAXCODE, BRAND, CREATEDBY_ID, DISPLAYINAMOUNT, MANUFACTURERWARRANTY_DESCRIPTION, TENANT_TYPE, MANUFACTURER, PROVIDER_ID, SOURCEVERSION, RECORD_UPDATED_BY, ACCOUNT, ADDONFLATAMOUNT, COST, DISPLAYNAME, INVENTORYENABLEDBY_ID, TAXABLE, ARCHIVED, RECORD_UPDATE_DATE, DESCRIPTION, CATEGORY_ID, ALLOWDISCOUNTS, GENERALLEDGERACCOUNT_ID, INVENTORYENABLEDON, PRICE, TYPE_ID, SUPPLIERIMAGES, UNITOFMEASURE, CROSSSALEGROUP, IMAGES, IMPORTID, ORIGINAL_ID, SERVICEPROVIDERWARRANTY_DESCRIPTION, MEMBERPRICE, WARRANTYRESERVE, MANUFACTURERWARRANTY_DURATION]
Column Name found in Datamart and Curated Table :: BUSINESSUNIT_ID
Column Name found in Datamart and Curated Table :: HOURS
Column Name found in Datamart and Curated Table :: IMPORTID
Column Name found in Datamart and Curated Table :: TAXABLE
Column Name found in Datamart and Curated Table :: MANUFACTURER
Column Name found in Datamart and Curated Table :: MODIFIEDON
Column Name found in Datamart and Curated Table :: NAME
Column Name found in Datamart and Curated Table :: PAYSSOLDBYRATE
Column Name found in Datamart and Curated Table :: PAYTECHSPECIFICBONUS
Column Name found in Datamart and Curated Table :: SCHEDULEDFLATAMOUNT
Column Name found in Datamart and Curated Table :: SOURCEVERSION
Column Name found in Datamart and Curated Table :: ACCOUNT
Column Name found in Datamart and Curated Table :: CREATEDBY_ID
Column Name found in Datamart and Curated Table :: SOURCE
Column Name found in Datamart and Curated Table :: WARRANTYRESERVE
Column Name found in Datamart and Curated Table :: BONUS
Column Name found in Datamart and Curated Table :: ADDONMEMBERPRICE
Column Name found in Datamart and Curated Table :: COST
Column Name found in Datamart and Curated Table :: ISSERIALIZED
Column Name found in Datamart and Curated Table :: MANUFACTURERWARRANTY_DESCRIPTION
Column Name found in Datamart and Curated Table :: EXCLUDEFROMPRICEBOOKWIZARD
Column Name found in Datamart and Curated Table :: ORIGINAL_ID
Column Name found in Datamart and Curated Table :: PRIMARYVENDOR_ID
Column Name found in Datamart and Curated Table :: ALLOWDISCOUNTS
Column Name found in Datamart and Curated Table :: COPIEDFROM_ID
Column Name found in Datamart and Curated Table :: CREATEDON
Column Name found in Datamart and Curated Table :: PAYSFLATAMOUNT
Column Name found in Datamart and Curated Table :: SERIALIZEDON
Column Name found in Datamart and Curated Table :: DISPLAYNAME
Column Name found in Datamart and Curated Table :: ACTIVE
Column Name found in Datamart and Curated Table :: ARCHIVED
Column Name found in Datamart and Curated Table :: AVALARACOMMERCIALTAXCODE
Column Name found in Datamart and Curated Table :: CROSSSALEGROUP
Column Name found in Datamart and Curated Table :: PAYSCOMMISSION
Column Name found in Datamart and Curated Table :: UNITOFMEASURE
Column Name found in Datamart and Curated Table :: DISPLAYINAMOUNT
Column Name found in Datamart and Curated Table :: EXTERNALID
Column Name found in Datamart and Curated Table :: ID
Column Name found in Datamart and Curated Table :: INVENTORYENABLEDON
Column Name found in Datamart and Curated Table :: SUPPLIERIMAGES
Column Name found in Datamart and Curated Table :: SYNCDATE
Column Name found in Datamart and Curated Table :: ADDONFLATAMOUNT
Column Name found in Datamart and Curated Table :: ISINVENTORY
Column Name found in Datamart and Curated Table :: TYPE_ID
Column Name found in Datamart and Curated Table :: SERVICEPROVIDERWARRANTY_DURATION
Column Name found in Datamart and Curated Table :: AVALARARESIDENTIALTAXCODE
Column Name found in Datamart and Curated Table :: COMMISSIONBONUS
Column Name found in Datamart and Curated Table :: IMAGES
Column Name found in Datamart and Curated Table :: MODEL
Column Name found in Datamart and Curated Table :: INVENTORYENABLEDBY_ID
Column Name found in Datamart and Curated Table :: PRICE
Column Name found in Datamart and Curated Table :: ADDONPRICE
Column Name found in Datamart and Curated Table :: ASSETACCOUNT_ID
Column Name found in Datamart and Curated Table :: CATEGORY_ID
Column Name found in Datamart and Curated Table :: GENERALLEDGERACCOUNT_ID
Column Name found in Datamart and Curated Table :: LOYALTYPROGRAMELIGIBLE
Column Name found in Datamart and Curated Table :: COSTOFSALEACCOUNT_ID
Column Name found in Datamart and Curated Table :: DESCRIPTION
Column Name found in Datamart and Curated Table :: MANUFACTURERWARRANTY_DURATION
Column Name found in Datamart and Curated Table :: PROVIDER_ID
Column Name found in Datamart and Curated Table :: SERVICEPROVIDERWARRANTY_DESCRIPTION
Column Name found in Datamart and Curated Table :: MEMBERPRICE
Column Name found in Datamart and Curated Table :: TENANT_TYPE
Datamart tables contains additional column name like [ACTIVE_FLAG, RECORD_CREATE_DATE, RECORD_UPDATE_DATE, MASTER_ID]
Curated tables contains additional column name like [RECORD_CREATE_DATE, RECORD_UPDATE_DATE, RECORD_UPDATED_BY]]]>
  </system-out>
  <testcase classname="testcases.RAW_DATAMART_CURATED.SnowFlake_ColumnValidation_APITables" name="validateColumnName_BKP" time="2.550"/>
  <system-out>
    <![CDATA[Executing Snowflake query :: SELECT COLUMN_NAME FROM DEV_ENT_RAW.INFORMATION_SCHEMA.COLUMNS WHERE TABLE_NAME='ST_API_CONTACT'and TABLE_SCHEMA='API_MAT'
Executing Snowflake query :: SELECT COLUMN_NAME FROM CURATED_DATAMART.INFORMATION_SCHEMA.COLUMNS WHERE TABLE_NAME='STR_API_CONTACT'and TABLE_SCHEMA='ST_API_HARP'
Executing Snowflake query :: SELECT COLUMN_NAME FROM DEV_ENT_CURATED.INFORMATION_SCHEMA.COLUMNS WHERE TABLE_NAME='DIM_CONTACT'and TABLE_SCHEMA='MASTER_DIMENSIONS'
Column names for RAW Table --> ST_API_CONTACT :: [OWNER_ID, VALUE, ACTIVE, MEMO, INVOICESTATEMENTNOTIFICATION, ID, TYPE, IMPORTID, MARKETINGUPDATESENABLED, CREATEDON, JOBREMINDERSENABLED, CREATEDBY_ID, MESSAGESENABLED, MODIFIEDON, REVERSEPHONE, TENANT_TYPE]
Column names for DataMart Table --> STR_API_CONTACT :: [IMPORTID, OWNER_ID, REVERSEPHONE, ID, CREATEDON, RECORD_UPDATE_DATE, ACTIVE_FLAG, MEMO, RECORD_CREATE_DATE, TYPE, VALUE, MARKETINGUPDATESENABLED, MODIFIEDON, TENANT_TYPE, ACTIVE, CREATEDBY_ID, INVOICESTATEMENTNOTIFICATION, JOBREMINDERSENABLED, MASTER_ID, MESSAGESENABLED]
Column names for Curated Table --> DIM_CONTACT :: [MESSAGESENABLED, MODIFIEDON, CREATEDON, MEMO, OWNER_ID, CREATEDBY_ID, MARKETINGUPDATESENABLED, REVERSEPHONE, ID, IMPORTID, JOBREMINDERSENABLED, INVOICESTATEMENTNOTIFICATION, RECORD_CREATE_DATE, RECORD_UPDATED_BY, TENANT_TYPE, ACTIVE, RECORD_UPDATE_DATE, VALUE, TYPE]
Column Name found in Datamart and Curated Table :: OWNER_ID
Column Name found in Datamart and Curated Table :: VALUE
Column Name found in Datamart and Curated Table :: ACTIVE
Column Name found in Datamart and Curated Table :: MEMO
Column Name found in Datamart and Curated Table :: INVOICESTATEMENTNOTIFICATION
Column Name found in Datamart and Curated Table :: ID
Column Name found in Datamart and Curated Table :: TYPE
Column Name found in Datamart and Curated Table :: IMPORTID
Column Name found in Datamart and Curated Table :: MARKETINGUPDATESENABLED
Column Name found in Datamart and Curated Table :: CREATEDON
Column Name found in Datamart and Curated Table :: JOBREMINDERSENABLED
Column Name found in Datamart and Curated Table :: CREATEDBY_ID
Column Name found in Datamart and Curated Table :: MESSAGESENABLED
Column Name found in Datamart and Curated Table :: MODIFIEDON
Column Name found in Datamart and Curated Table :: REVERSEPHONE
Column Name found in Datamart and Curated Table :: TENANT_TYPE
Datamart tables contains additional column name like [ACTIVE_FLAG, RECORD_CREATE_DATE, RECORD_UPDATE_DATE, MASTER_ID]
Curated tables contains additional column name like [RECORD_CREATE_DATE, RECORD_UPDATE_DATE, RECORD_UPDATED_BY]]]>
  </system-out>
  <testcase classname="testcases.RAW_DATAMART_CURATED.SnowFlake_ColumnValidation_APITables" name="validateColumnName_BKP" time="4.400"/>
  <system-out>
    <![CDATA[Executing Snowflake query :: SELECT COLUMN_NAME FROM DEV_ENT_RAW.INFORMATION_SCHEMA.COLUMNS WHERE TABLE_NAME='ST_API_ESTIMATE'and TABLE_SCHEMA='API_MAT'
Executing Snowflake query :: SELECT COLUMN_NAME FROM CURATED_DATAMART.INFORMATION_SCHEMA.COLUMNS WHERE TABLE_NAME='STR_API_ESTIMATE'and TABLE_SCHEMA='ST_API_HORIZONSERVICES'
Executing Snowflake query :: SELECT COLUMN_NAME FROM DEV_ENT_CURATED.INFORMATION_SCHEMA.COLUMNS WHERE TABLE_NAME='DIM_ESTIMATE'and TABLE_SCHEMA='MASTER_DIMENSIONS'
Column names for RAW Table --> ST_API_ESTIMATE :: [BUSINESSUNIT_ID, JOB_ID, MATERIALTAX, PROJECTLABELS, STATUS, PROPOSALTAGCOLOR, CLAIM_ID, ISCHANGEORDER, MATERIALSKUREFERENCE_SKUID, MODIFIEDON, SUMMARY, TECHNICIANPICKEDSOLDTYPE, ISRECOMMENDED, PROPOSALTAGNAME, CREATEDBY_ID, TAX, AUTHORIZEDON, ORDER, OPPORTUNITY_ID, FEETOTAL, IMPORTID, LABORTAX, SOLDBY_ID, SOLDINVOICE_ID, AUTHORIZATIONSIGNATURE, LOCATION_ID, PROCUREMENTTYPE, SOLDBYEMPLOYEE_ID, DISCOUNTTOTAL, TECHNICIANSIGNATURE, ACTIVE, MATERIALSKU_ID, MATERIALSKUREFERENCE_SKUTYPE, RENEWABLEMEMBERSHIP_ID, NAME, SOLDON, TOTALCOST, CREATEDON, TOTAL, ID, SOLDTYPE, PROJECTOPPORTUNITY_ID, TENANT_TYPE]
Column names for DataMart Table --> STR_API_ESTIMATE :: [ACTIVE, AUTHORIZATIONSIGNATURE, BUSINESSUNIT_ID, LABORTAX, SOLDTYPE, STATUS, MATERIALSKUREFERENCE_SKUTYPE, PROPOSALTAGNAME, IMPORTID, PROJECTOPPORTUNITY_ID, TECHNICIANPICKEDSOLDTYPE, LOCATION_ID, MODIFIEDON, ORDER, RENEWABLEMEMBERSHIP_ID, SOLDBY_ID, AUTHORIZEDON, FEETOTAL, PROCUREMENTTYPE, SUMMARY, OPPORTUNITY_ID, RECORD_UPDATE_DATE, RECORD_CREATE_DATE, CREATEDBY_ID, ID, ISCHANGEORDER, SOLDINVOICE_ID, TAX, TOTAL, TOTALCOST, PROPOSALTAGCOLOR, TENANT_TYPE, ACTIVE_FLAG, MATERIALSKUREFERENCE_SKUID, PROJECTLABELS, ISRECOMMENDED, MASTER_ID, SOLDON, TECHNICIANSIGNATURE, CREATEDON, JOB_ID, MATERIALSKU_ID, NAME, MATERIALTAX, CLAIM_ID, DISCOUNTTOTAL, SOLDBYEMPLOYEE_ID]
Column names for Curated Table --> DIM_ESTIMATE :: [CREATEDON, DISCOUNTTOTAL, LOCATION_ID, OPPORTUNITY_ID, PROPOSALTAGCOLOR, PROPOSALTAGNAME, SOLDINVOICE_ID, TENANT_TYPE, RECORD_UPDATED_BY, TOTALCOST, ISCHANGEORDER, NAME, BUSINESSUNIT_ID, FEETOTAL, MATERIALSKUREFERENCE_SKUTYPE, ISRECOMMENDED, ORDER, STATUS, TOTAL, SOLDTYPE, AUTHORIZEDON, CREATEDBY_ID, LABORTAX, PROCUREMENTTYPE, SOLDBYEMPLOYEE_ID, SOLDBY_ID, IMPORTID, MATERIALSKU_ID, TAX, TECHNICIANPICKEDSOLDTYPE, RENEWABLEMEMBERSHIP_ID, TECHNICIANSIGNATURE, MODIFIEDON, CLAIM_ID, ID, MATERIALSKUREFERENCE_SKUID, SOLDON, PROJECTLABELS, JOB_ID, ACTIVE, AUTHORIZATIONSIGNATURE, MATERIALTAX, PROJECTOPPORTUNITY_ID, RECORD_CREATE_DATE, SUMMARY, RECORD_UPDATE_DATE]
Column Name found in Datamart and Curated Table :: BUSINESSUNIT_ID
Column Name found in Datamart and Curated Table :: JOB_ID
Column Name found in Datamart and Curated Table :: MATERIALTAX
Column Name found in Datamart and Curated Table :: PROJECTLABELS
Column Name found in Datamart and Curated Table :: STATUS
Column Name found in Datamart and Curated Table :: PROPOSALTAGCOLOR
Column Name found in Datamart and Curated Table :: CLAIM_ID
Column Name found in Datamart and Curated Table :: ISCHANGEORDER
Column Name found in Datamart and Curated Table :: MATERIALSKUREFERENCE_SKUID
Column Name found in Datamart and Curated Table :: MODIFIEDON
Column Name found in Datamart and Curated Table :: SUMMARY
Column Name found in Datamart and Curated Table :: TECHNICIANPICKEDSOLDTYPE
Column Name found in Datamart and Curated Table :: ISRECOMMENDED
Column Name found in Datamart and Curated Table :: PROPOSALTAGNAME
Column Name found in Datamart and Curated Table :: CREATEDBY_ID
Column Name found in Datamart and Curated Table :: TAX
Column Name found in Datamart and Curated Table :: AUTHORIZEDON
Column Name found in Datamart and Curated Table :: ORDER
Column Name found in Datamart and Curated Table :: OPPORTUNITY_ID
Column Name found in Datamart and Curated Table :: FEETOTAL
Column Name found in Datamart and Curated Table :: IMPORTID
Column Name found in Datamart and Curated Table :: LABORTAX
Column Name found in Datamart and Curated Table :: SOLDBY_ID
Column Name found in Datamart and Curated Table :: SOLDINVOICE_ID
Column Name found in Datamart and Curated Table :: AUTHORIZATIONSIGNATURE
Column Name found in Datamart and Curated Table :: LOCATION_ID
Column Name found in Datamart and Curated Table :: PROCUREMENTTYPE
Column Name found in Datamart and Curated Table :: SOLDBYEMPLOYEE_ID
Column Name found in Datamart and Curated Table :: DISCOUNTTOTAL
Column Name found in Datamart and Curated Table :: TECHNICIANSIGNATURE
Column Name found in Datamart and Curated Table :: ACTIVE
Column Name found in Datamart and Curated Table :: MATERIALSKU_ID
Column Name found in Datamart and Curated Table :: MATERIALSKUREFERENCE_SKUTYPE
Column Name found in Datamart and Curated Table :: RENEWABLEMEMBERSHIP_ID
Column Name found in Datamart and Curated Table :: NAME
Column Name found in Datamart and Curated Table :: SOLDON
Column Name found in Datamart and Curated Table :: TOTALCOST
Column Name found in Datamart and Curated Table :: CREATEDON
Column Name found in Datamart and Curated Table :: TOTAL
Column Name found in Datamart and Curated Table :: ID
Column Name found in Datamart and Curated Table :: SOLDTYPE
Column Name found in Datamart and Curated Table :: PROJECTOPPORTUNITY_ID
Column Name found in Datamart and Curated Table :: TENANT_TYPE
Datamart tables contains additional column name like [ACTIVE_FLAG, RECORD_CREATE_DATE, RECORD_UPDATE_DATE, MASTER_ID]
Curated tables contains additional column name like [RECORD_CREATE_DATE, RECORD_UPDATE_DATE, RECORD_UPDATED_BY]]]>
  </system-out>
  <testcase classname="testcases.RAW_DATAMART_CURATED.SnowFlake_ColumnValidation_APITables" name="validateColumnName_BKP" time="2.889"/>
  <system-out>
    <![CDATA[Executing Snowflake query :: SELECT COLUMN_NAME FROM DEV_ENT_RAW.INFORMATION_SCHEMA.COLUMNS WHERE TABLE_NAME='ST_API_JOB'and TABLE_SCHEMA='API_MAT'
Executing Snowflake query :: SELECT COLUMN_NAME FROM CURATED_DATAMART.INFORMATION_SCHEMA.COLUMNS WHERE TABLE_NAME='STR_API_JOB'and TABLE_SCHEMA='ST_API_HARP'
Executing Snowflake query :: SELECT COLUMN_NAME FROM DEV_ENT_CURATED.INFORMATION_SCHEMA.COLUMNS WHERE TABLE_NAME='DIM_JOB'and TABLE_SCHEMA='MASTER_DIMENSIONS'
Column names for RAW Table --> ST_API_JOB :: [ACTIVE, CUSTOMER_ID, MANAGEEMPLOYEEEMAIL, MONTHNUMBER, NOCHARGESOURCE, START, CAMPAIGN_ID, LASTCHANGEDBYSMARTDISPATCH, OPPORTUNITYDATE, PREVAILINGWAGEJOBNUMBER, PROJECT_ID, PRIORITY, DRIVETIME, PLANEND, PREDICTEDTOTAL, STATUS, TOTAL, APPROXIMATESTARTDATE, ESTIMATEDCOST, IMPORTID, PROJECTEDVALUE, CREATEDFROMESTIMATESTATUSWHENBOOKING, ISAUTODISPATCHED, NOTIFICATIONSENABLED, COMPLETEDON, CREATEDBY_ID, CUSTOMERPO, ID, LEADGENERATED_ID, LOCATION_ID, PMDATE, PREVAILINGWAGECODE_ID, APPROXIMATEENDDATE, COMPLETIONSURVEYID, CREATEDON, REASSIGNMENTPENALTY, NUMBER, CREATEDFROMESTIMATE_ID, ISCONFIRMED, LATEPENALTY, OPPORTUNITY_ID, PLANSTART, DRIVINGCOST, GENERATEDFROM_ID, SOLDBY_ID, RECALLFOR_ID, CALLSCRIPTANSWERRECORD_ID, DURATION, INVOICE_ID, ISPREVAILINGWAGE, NOCHARGE, SMARTDISPATCHDATA_JOB, LASTAPPOINTMENT_ID, BUSINESSUNIT_ID, FIRSTAPPOINTMENT_ID, GENERATEDBY_ID, ISTECHNICIANSPECIFIC, UNION, WARRANTYFOR_ID, MEMBERSHIP_ID, TYPE_ID, MODIFIEDON, ALLOTTEDTIME, END, EXTERNALID, SECONDARYJOBNUMBER, LEAD_ID, MANAGEFOLLOWUPEMAIL, PREDICTEDSALES, SUMMARY, TENANT_TYPE]
Column names for DataMart Table --> STR_API_JOB :: [ALLOTTEDTIME, COMPLETEDON, DURATION, LEADGENERATED_ID, OPPORTUNITYDATE, PROJECTEDVALUE, UNION, WARRANTYFOR_ID, MANAGEEMPLOYEEEMAIL, TYPE_ID, PREVAILINGWAGECODE_ID, CALLSCRIPTANSWERRECORD_ID, CREATEDON, DRIVINGCOST, MANAGEFOLLOWUPEMAIL, FIRSTAPPOINTMENT_ID, GENERATEDBY_ID, LASTAPPOINTMENT_ID, PREVAILINGWAGEJOBNUMBER, ACTIVE_FLAG, ID, PLANEND, PLANSTART, PREDICTEDTOTAL, CREATEDFROMESTIMATESTATUSWHENBOOKING, REASSIGNMENTPENALTY, SECONDARYJOBNUMBER, CREATEDBY_ID, CREATEDFROMESTIMATE_ID, DRIVETIME, ESTIMATEDCOST, IMPORTID, ISPREVAILINGWAGE, NOTIFICATIONSENABLED, NUMBER, PROJECT_ID, INVOICE_ID, OPPORTUNITY_ID, CAMPAIGN_ID, GENERATEDFROM_ID, ISAUTODISPATCHED, MONTHNUMBER, NOCHARGE, RECALLFOR_ID, SMARTDISPATCHDATA_JOB, TENANT_TYPE, RECORD_UPDATE_DATE, MODIFIEDON, APPROXIMATEENDDATE, END, ISCONFIRMED, LATEPENALTY, PRIORITY, RECORD_CREATE_DATE, PMDATE, START, SUMMARY, MEMBERSHIP_ID, ACTIVE, APPROXIMATESTARTDATE, BUSINESSUNIT_ID, EXTERNALID, LOCATION_ID, PREDICTEDSALES, ISTECHNICIANSPECIFIC, SOLDBY_ID, COMPLETIONSURVEYID, CUSTOMERPO, NOCHARGESOURCE, STATUS, CUSTOMER_ID, LEAD_ID, MASTER_ID, TOTAL, LASTCHANGEDBYSMARTDISPATCH]
Column names for Curated Table --> DIM_JOB :: [LASTCHANGEDBYSMARTDISPATCH, PROJECTEDVALUE, TYPE_ID, EXTERNALID, NOCHARGESOURCE, PMDATE, RECALLFOR_ID, START, ACTIVE, ISAUTODISPATCHED, MONTHNUMBER, PRIORITY, CREATEDON, OPPORTUNITYDATE, PREVAILINGWAGEJOBNUMBER, RECORD_CREATE_DATE, CREATEDBY_ID, LASTAPPOINTMENT_ID, MANAGEEMPLOYEEEMAIL, TOTAL, APPROXIMATESTARTDATE, GENERATEDBY_ID, MANAGEFOLLOWUPEMAIL, RECORD_UPDATED_BY, WARRANTYFOR_ID, UNION, CREATEDFROMESTIMATE_ID, REASSIGNMENTPENALTY, PREDICTEDSALES, LATEPENALTY, DURATION, DRIVETIME, STATUS, SUMMARY, IMPORTID, NOTIFICATIONSENABLED, RECORD_UPDATE_DATE, ALLOTTEDTIME, COMPLETEDON, CUSTOMERPO, GENERATEDFROM_ID, ISTECHNICIANSPECIFIC, LOCATION_ID, PLANEND, MODIFIEDON, PREVAILINGWAGECODE_ID, SECONDARYJOBNUMBER, END, OPPORTUNITY_ID, APPROXIMATEENDDATE, BUSINESSUNIT_ID, CALLSCRIPTANSWERRECORD_ID, CUSTOMER_ID, DRIVINGCOST, ESTIMATEDCOST, FIRSTAPPOINTMENT_ID, PROJECT_ID, SOLDBY_ID, NOCHARGE, ISCONFIRMED, LEADGENERATED_ID, CAMPAIGN_ID, COMPLETIONSURVEYID, CREATEDFROMESTIMATESTATUSWHENBOOKING, ID, INVOICE_ID, ISPREVAILINGWAGE, LEAD_ID, MEMBERSHIP_ID, PLANSTART, SMARTDISPATCHDATA_JOB, TENANT_TYPE, PREDICTEDTOTAL, NUMBER]
Column Name found in Datamart and Curated Table :: ACTIVE
Column Name found in Datamart and Curated Table :: CUSTOMER_ID
Column Name found in Datamart and Curated Table :: MANAGEEMPLOYEEEMAIL
Column Name found in Datamart and Curated Table :: MONTHNUMBER
Column Name found in Datamart and Curated Table :: NOCHARGESOURCE
Column Name found in Datamart and Curated Table :: START
Column Name found in Datamart and Curated Table :: CAMPAIGN_ID
Column Name found in Datamart and Curated Table :: LASTCHANGEDBYSMARTDISPATCH
Column Name found in Datamart and Curated Table :: OPPORTUNITYDATE
Column Name found in Datamart and Curated Table :: PREVAILINGWAGEJOBNUMBER
Column Name found in Datamart and Curated Table :: PROJECT_ID
Column Name found in Datamart and Curated Table :: PRIORITY
Column Name found in Datamart and Curated Table :: DRIVETIME
Column Name found in Datamart and Curated Table :: PLANEND
Column Name found in Datamart and Curated Table :: PREDICTEDTOTAL
Column Name found in Datamart and Curated Table :: STATUS
Column Name found in Datamart and Curated Table :: TOTAL
Column Name found in Datamart and Curated Table :: APPROXIMATESTARTDATE
Column Name found in Datamart and Curated Table :: ESTIMATEDCOST
Column Name found in Datamart and Curated Table :: IMPORTID
Column Name found in Datamart and Curated Table :: PROJECTEDVALUE
Column Name found in Datamart and Curated Table :: CREATEDFROMESTIMATESTATUSWHENBOOKING
Column Name found in Datamart and Curated Table :: ISAUTODISPATCHED
Column Name found in Datamart and Curated Table :: NOTIFICATIONSENABLED
Column Name found in Datamart and Curated Table :: COMPLETEDON
Column Name found in Datamart and Curated Table :: CREATEDBY_ID
Column Name found in Datamart and Curated Table :: CUSTOMERPO
Column Name found in Datamart and Curated Table :: ID
Column Name found in Datamart and Curated Table :: LEADGENERATED_ID
Column Name found in Datamart and Curated Table :: LOCATION_ID
Column Name found in Datamart and Curated Table :: PMDATE
Column Name found in Datamart and Curated Table :: PREVAILINGWAGECODE_ID
Column Name found in Datamart and Curated Table :: APPROXIMATEENDDATE
Column Name found in Datamart and Curated Table :: COMPLETIONSURVEYID
Column Name found in Datamart and Curated Table :: CREATEDON
Column Name found in Datamart and Curated Table :: REASSIGNMENTPENALTY
Column Name found in Datamart and Curated Table :: NUMBER
Column Name found in Datamart and Curated Table :: CREATEDFROMESTIMATE_ID
Column Name found in Datamart and Curated Table :: ISCONFIRMED
Column Name found in Datamart and Curated Table :: LATEPENALTY
Column Name found in Datamart and Curated Table :: OPPORTUNITY_ID
Column Name found in Datamart and Curated Table :: PLANSTART
Column Name found in Datamart and Curated Table :: DRIVINGCOST
Column Name found in Datamart and Curated Table :: GENERATEDFROM_ID
Column Name found in Datamart and Curated Table :: SOLDBY_ID
Column Name found in Datamart and Curated Table :: RECALLFOR_ID
Column Name found in Datamart and Curated Table :: CALLSCRIPTANSWERRECORD_ID
Column Name found in Datamart and Curated Table :: DURATION
Column Name found in Datamart and Curated Table :: INVOICE_ID
Column Name found in Datamart and Curated Table :: ISPREVAILINGWAGE
Column Name found in Datamart and Curated Table :: NOCHARGE
Column Name found in Datamart and Curated Table :: SMARTDISPATCHDATA_JOB
Column Name found in Datamart and Curated Table :: LASTAPPOINTMENT_ID
Column Name found in Datamart and Curated Table :: BUSINESSUNIT_ID
Column Name found in Datamart and Curated Table :: FIRSTAPPOINTMENT_ID
Column Name found in Datamart and Curated Table :: GENERATEDBY_ID
Column Name found in Datamart and Curated Table :: ISTECHNICIANSPECIFIC
Column Name found in Datamart and Curated Table :: UNION
Column Name found in Datamart and Curated Table :: WARRANTYFOR_ID
Column Name found in Datamart and Curated Table :: MEMBERSHIP_ID
Column Name found in Datamart and Curated Table :: TYPE_ID
Column Name found in Datamart and Curated Table :: MODIFIEDON
Column Name found in Datamart and Curated Table :: ALLOTTEDTIME
Column Name found in Datamart and Curated Table :: END
Column Name found in Datamart and Curated Table :: EXTERNALID
Column Name found in Datamart and Curated Table :: SECONDARYJOBNUMBER
Column Name found in Datamart and Curated Table :: LEAD_ID
Column Name found in Datamart and Curated Table :: MANAGEFOLLOWUPEMAIL
Column Name found in Datamart and Curated Table :: PREDICTEDSALES
Column Name found in Datamart and Curated Table :: SUMMARY
Column Name found in Datamart and Curated Table :: TENANT_TYPE
Datamart tables contains additional column name like [ACTIVE_FLAG, RECORD_CREATE_DATE, RECORD_UPDATE_DATE, MASTER_ID]
Curated tables contains additional column name like [RECORD_CREATE_DATE, RECORD_UPDATE_DATE, RECORD_UPDATED_BY]]]>
  </system-out>
  <testcase classname="testcases.RAW_DATAMART_CURATED.SnowFlake_ColumnValidation_APITables" name="validateColumnName_BKP" time="2.033"/>
  <system-out>
    <![CDATA[Executing Snowflake query :: SELECT COLUMN_NAME FROM DEV_ENT_RAW.INFORMATION_SCHEMA.COLUMNS WHERE TABLE_NAME='ST_API_JOBASSIGNMENT'and TABLE_SCHEMA='API_MAT'
Executing Snowflake query :: SELECT COLUMN_NAME FROM CURATED_DATAMART.INFORMATION_SCHEMA.COLUMNS WHERE TABLE_NAME='STR_API_JOBASSIGNMENT'and TABLE_SCHEMA='ST_API_HDAIR'
Executing Snowflake query :: SELECT COLUMN_NAME FROM DEV_ENT_CURATED.INFORMATION_SCHEMA.COLUMNS WHERE TABLE_NAME='DIM_JOBASSIGNMENT'and TABLE_SCHEMA='MASTER_DIMENSIONS'
Column names for RAW Table --> ST_API_JOBASSIGNMENT :: [CREATEDBY_ID, IMPORTID, TECHNICIANROLE_ID, DRIVETIME_ID, ISPAUSED, JOHNMOOREPAYROLLROLE, ACTIVE, COMMISSIONRATE, CREATEDON, GROSSPAY, ID, SPLIT, PAYROLLROLE, PROJECTLABELS, PAYTYPE, TECHNICIAN_ID, JOB_ID, MODIFIEDON, STATUS, TENANT_TYPE]
Column names for DataMart Table --> STR_API_JOBASSIGNMENT :: [CREATEDBY_ID, MODIFIEDON, PAYROLLROLE, JOB_ID, STATUS, GROSSPAY, ID, ACTIVE, RECORD_CREATE_DATE, PROJECTLABELS, PAYTYPE, DRIVETIME_ID, ISPAUSED, MASTER_ID, TENANT_TYPE, ACTIVE_FLAG, COMMISSIONRATE, SPLIT, TECHNICIANROLE_ID, RECORD_UPDATE_DATE, CREATEDON, IMPORTID, JOHNMOOREPAYROLLROLE, TECHNICIAN_ID]
Column names for Curated Table --> DIM_JOBASSIGNMENT :: [STATUS, COMMISSIONRATE, SPLIT, TECHNICIANROLE_ID, DRIVETIME_ID, GROSSPAY, RECORD_CREATE_DATE, JOHNMOOREPAYROLLROLE, MODIFIEDON, CREATEDBY_ID, ISPAUSED, SOURCE_PKEY_SPK, ID, PROJECTLABELS, RECORD_UPDATED_BY, PAYROLLROLE, JOB_ID, RECORD_UPDATE_DATE, TENANT_TYPE, IMPORTID, TECHNICIAN_ID, PAYTYPE, ACTIVE, CREATEDON]
Column Name found in Datamart and Curated Table :: CREATEDBY_ID
Column Name found in Datamart and Curated Table :: IMPORTID
Column Name found in Datamart and Curated Table :: TECHNICIANROLE_ID
Column Name found in Datamart and Curated Table :: DRIVETIME_ID
Column Name found in Datamart and Curated Table :: ISPAUSED
Column Name found in Datamart and Curated Table :: JOHNMOOREPAYROLLROLE
Column Name found in Datamart and Curated Table :: ACTIVE
Column Name found in Datamart and Curated Table :: COMMISSIONRATE
Column Name found in Datamart and Curated Table :: CREATEDON
Column Name found in Datamart and Curated Table :: GROSSPAY
Column Name found in Datamart and Curated Table :: ID
Column Name found in Datamart and Curated Table :: SPLIT
Column Name found in Datamart and Curated Table :: PAYROLLROLE
Column Name found in Datamart and Curated Table :: PROJECTLABELS
Column Name found in Datamart and Curated Table :: PAYTYPE
Column Name found in Datamart and Curated Table :: TECHNICIAN_ID
Column Name found in Datamart and Curated Table :: JOB_ID
Column Name found in Datamart and Curated Table :: MODIFIEDON
Column Name found in Datamart and Curated Table :: STATUS
Column Name found in Datamart and Curated Table :: TENANT_TYPE
Datamart tables contains additional column name like [ACTIVE_FLAG, RECORD_CREATE_DATE, RECORD_UPDATE_DATE, MASTER_ID]
Curated tables contains additional column name like [RECORD_CREATE_DATE, RECORD_UPDATE_DATE, RECORD_UPDATED_BY]]]>
  </system-out>
  <testcase classname="testcases.RAW_DATAMART_CURATED.SnowFlake_ColumnValidation_APITables" name="validateColumnName_BKP" time="2.559"/>
  <system-out>
    <![CDATA[Executing Snowflake query :: SELECT COLUMN_NAME FROM DEV_ENT_RAW.INFORMATION_SCHEMA.COLUMNS WHERE TABLE_NAME='ST_API_JOBASSIGNMENT'and TABLE_SCHEMA='API_MAT'
Executing Snowflake query :: SELECT COLUMN_NAME FROM CURATED_DATAMART.INFORMATION_SCHEMA.COLUMNS WHERE TABLE_NAME='STR_API_JOBASSIGNMENT'and TABLE_SCHEMA='ST_API_CASTEEL'
Executing Snowflake query :: SELECT COLUMN_NAME FROM DEV_ENT_CURATED.INFORMATION_SCHEMA.COLUMNS WHERE TABLE_NAME='DIM_JOBASSIGNMENT'and TABLE_SCHEMA='MASTER_DIMENSIONS'
Column names for RAW Table --> ST_API_JOBASSIGNMENT :: [CREATEDBY_ID, IMPORTID, TECHNICIANROLE_ID, DRIVETIME_ID, ISPAUSED, JOHNMOOREPAYROLLROLE, ACTIVE, COMMISSIONRATE, CREATEDON, GROSSPAY, ID, SPLIT, PAYROLLROLE, PROJECTLABELS, PAYTYPE, TECHNICIAN_ID, JOB_ID, MODIFIEDON, STATUS, TENANT_TYPE]
Column names for DataMart Table --> STR_API_JOBASSIGNMENT :: [SPLIT, STATUS, ACTIVE, IMPORTID, MASTER_ID, TECHNICIAN_ID, MODIFIEDON, PAYTYPE, ACTIVE_FLAG, RECORD_CREATE_DATE, CREATEDBY_ID, CREATEDON, ISPAUSED, PAYROLLROLE, TENANT_TYPE, JOB_ID, GROSSPAY, JOHNMOOREPAYROLLROLE, TECHNICIANROLE_ID, PROJECTLABELS, COMMISSIONRATE, ID, RECORD_UPDATE_DATE, DRIVETIME_ID]
Column names for Curated Table --> DIM_JOBASSIGNMENT :: [STATUS, COMMISSIONRATE, SPLIT, TECHNICIANROLE_ID, DRIVETIME_ID, GROSSPAY, RECORD_CREATE_DATE, JOHNMOOREPAYROLLROLE, MODIFIEDON, CREATEDBY_ID, ISPAUSED, SOURCE_PKEY_SPK, ID, PROJECTLABELS, RECORD_UPDATED_BY, PAYROLLROLE, JOB_ID, RECORD_UPDATE_DATE, TENANT_TYPE, IMPORTID, TECHNICIAN_ID, PAYTYPE, ACTIVE, CREATEDON]
Column Name found in Datamart and Curated Table :: CREATEDBY_ID
Column Name found in Datamart and Curated Table :: IMPORTID
Column Name found in Datamart and Curated Table :: TECHNICIANROLE_ID
Column Name found in Datamart and Curated Table :: DRIVETIME_ID
Column Name found in Datamart and Curated Table :: ISPAUSED
Column Name found in Datamart and Curated Table :: JOHNMOOREPAYROLLROLE
Column Name found in Datamart and Curated Table :: ACTIVE
Column Name found in Datamart and Curated Table :: COMMISSIONRATE
Column Name found in Datamart and Curated Table :: CREATEDON
Column Name found in Datamart and Curated Table :: GROSSPAY
Column Name found in Datamart and Curated Table :: ID
Column Name found in Datamart and Curated Table :: SPLIT
Column Name found in Datamart and Curated Table :: PAYROLLROLE
Column Name found in Datamart and Curated Table :: PROJECTLABELS
Column Name found in Datamart and Curated Table :: PAYTYPE
Column Name found in Datamart and Curated Table :: TECHNICIAN_ID
Column Name found in Datamart and Curated Table :: JOB_ID
Column Name found in Datamart and Curated Table :: MODIFIEDON
Column Name found in Datamart and Curated Table :: STATUS
Column Name found in Datamart and Curated Table :: TENANT_TYPE
Datamart tables contains additional column name like [ACTIVE_FLAG, RECORD_CREATE_DATE, RECORD_UPDATE_DATE, MASTER_ID]
Curated tables contains additional column name like [RECORD_CREATE_DATE, RECORD_UPDATE_DATE, RECORD_UPDATED_BY]]]>
  </system-out>
  <testcase classname="testcases.RAW_DATAMART_CURATED.SnowFlake_ColumnValidation_APITables" name="validateColumnName_BKP" time="2.361"/>
  <system-out>
    <![CDATA[Executing Snowflake query :: SELECT COLUMN_NAME FROM DEV_ENT_RAW.INFORMATION_SCHEMA.COLUMNS WHERE TABLE_NAME='ST_API_PURCHASEORDER'and TABLE_SCHEMA='API_MAT'
Executing Snowflake query :: SELECT COLUMN_NAME FROM CURATED_DATAMART.INFORMATION_SCHEMA.COLUMNS WHERE TABLE_NAME='STR_API_PURCHASEORDER'and TABLE_SCHEMA='ST_API_HARP'
Executing Snowflake query :: SELECT COLUMN_NAME FROM DEV_ENT_CURATED.INFORMATION_SCHEMA.COLUMNS WHERE TABLE_NAME='DIM_PURCHASEORDER'and TABLE_SCHEMA='MASTER_DIMENSIONS'
Column names for RAW Table --> ST_API_PURCHASEORDER :: [CANCELEDBY_ID, CANCELEDREASON, INVENTORYLOCATION_ID, POVENDOR_ID, SHIPTO_CITY, SHIPTO_LATITUDE, STATUS, TECHNICIAN_ID, AMOUNT, BUSINESSUNIT_ID, CREATEDBY_ID, ISTIMEANDMATERIAL, SENDSTATUS, SHIPPING, SHIPTO_UNIT, TAXSCHEMA, TRUCK_ID, TYPE_ID, VENDORINVOICENUMBER, PROJECTLABELS, SHIPTO_COUNTRY, EXPORTID, MARKUP, SHIPTO_STREET, IMPORTID, NUMBER, TAX, TAXRATE, VENDOR, CANCELEDON, CREATEDON, DATE, MODIFIEDON, ERRORMESSAGE, REQUIREDON, SHIPTO_LONGITUDE, ACTIVE, REQUISITION_ID, SHIPTO_ISMILITARY, GROUPINGOPTION, PROJECT_ID, SENDINGMETHOD, SHIPTO_ZIP, RECEIVEDON, SUMMARY, BATCH_ID, EXTERNALID, ID, INVOICE_ID, JOB_ID, NOCHARGE, SHIPTO_ISMANUALCOORDINATES, SHIPTO_STATE, SENTON, SHIPTODESCRIPTION, TENANT_TYPE]
Column names for DataMart Table --> STR_API_PURCHASEORDER :: [BUSINESSUNIT_ID, ERRORMESSAGE, EXTERNALID, PROJECT_ID, SENDSTATUS, TECHNICIAN_ID, ISTIMEANDMATERIAL, SHIPTO_CITY, TYPE_ID, TENANT_TYPE, ACTIVE, CANCELEDBY_ID, CREATEDBY_ID, EXPORTID, MODIFIEDON, SHIPTO_LONGITUDE, TAXSCHEMA, JOB_ID, PROJECTLABELS, DATE, SENTON, TAXRATE, SENDINGMETHOD, TAX, VENDOR, BATCH_ID, RECORD_CREATE_DATE, REQUISITION_ID, TRUCK_ID, ACTIVE_FLAG, CANCELEDON, GROUPINGOPTION, REQUIREDON, SHIPTO_COUNTRY, SHIPTO_ZIP, NUMBER, SHIPTO_ISMANUALCOORDINATES, SHIPTO_STREET, CANCELEDREASON, MASTER_ID, POVENDOR_ID, ROLLEDOVERFROMPURCHASEORDER_ID, SHIPPING, VENDORINVOICENUMBER, MARKUP, STATUS, SHIPTO_UNIT, SHIPTO_ISMILITARY, AMOUNT, CREATEDON, NOCHARGE, SHIPTODESCRIPTION, SHIPTO_LATITUDE, INVENTORYLOCATION_ID, SHIPTO_STATE, RECORD_UPDATE_DATE, ID, IMPORTID, INVOICE_ID, RECEIVEDON, SUMMARY]
Column names for Curated Table --> DIM_PURCHASEORDER :: [ACTIVE, CANCELEDBY_ID, CANCELEDON, RECORD_CREATE_DATE, TRUCK_ID, ROLLEDOVERFROMPURCHASEORDER_ID, SHIPTO_LONGITUDE, TAXSCHEMA, BUSINESSUNIT_ID, POVENDOR_ID, SHIPTO_ISMANUALCOORDINATES, SHIPTO_ISMILITARY, CREATEDON, RECORD_UPDATE_DATE, NUMBER, AMOUNT, DATE, ERRORMESSAGE, EXPORTID, GROUPINGOPTION, INVOICE_ID, MODIFIEDON, PROJECT_ID, SHIPTO_COUNTRY, STATUS, RECORD_UPDATED_BY, TECHNICIAN_ID, SHIPTO_STATE, MARKUP, REQUISITION_ID, SENDSTATUS, SHIPTO_LATITUDE, SHIPTO_STREET, INVENTORYLOCATION_ID, TYPE_ID, BATCH_ID, CREATEDBY_ID, SENTON, PROJECTLABELS, SENDINGMETHOD, SHIPTO_CITY, TAXRATE, EXTERNALID, ID, TAX, VENDOR, IMPORTID, NOCHARGE, SHIPTO_ZIP, SUMMARY, TENANT_TYPE, SHIPPING, CANCELEDREASON, ISTIMEANDMATERIAL, JOB_ID, RECEIVEDON, SHIPTODESCRIPTION, SHIPTO_UNIT, VENDORINVOICENUMBER, REQUIREDON]
Column Name found in Datamart and Curated Table :: CANCELEDBY_ID
Column Name found in Datamart and Curated Table :: CANCELEDREASON
Column Name found in Datamart and Curated Table :: INVENTORYLOCATION_ID
Column Name found in Datamart and Curated Table :: POVENDOR_ID
Column Name found in Datamart and Curated Table :: SHIPTO_CITY
Column Name found in Datamart and Curated Table :: SHIPTO_LATITUDE
Column Name found in Datamart and Curated Table :: STATUS
Column Name found in Datamart and Curated Table :: TECHNICIAN_ID
Column Name found in Datamart and Curated Table :: AMOUNT
Column Name found in Datamart and Curated Table :: BUSINESSUNIT_ID
Column Name found in Datamart and Curated Table :: CREATEDBY_ID
Column Name found in Datamart and Curated Table :: ISTIMEANDMATERIAL
Column Name found in Datamart and Curated Table :: SENDSTATUS
Column Name found in Datamart and Curated Table :: SHIPPING
Column Name found in Datamart and Curated Table :: SHIPTO_UNIT
Column Name found in Datamart and Curated Table :: TAXSCHEMA
Column Name found in Datamart and Curated Table :: TRUCK_ID
Column Name found in Datamart and Curated Table :: TYPE_ID
Column Name found in Datamart and Curated Table :: VENDORINVOICENUMBER
Column Name found in Datamart and Curated Table :: PROJECTLABELS
Column Name found in Datamart and Curated Table :: SHIPTO_COUNTRY
Column Name found in Datamart and Curated Table :: EXPORTID
Column Name found in Datamart and Curated Table :: MARKUP
Column Name found in Datamart and Curated Table :: SHIPTO_STREET
Column Name found in Datamart and Curated Table :: IMPORTID
Column Name found in Datamart and Curated Table :: NUMBER
Column Name found in Datamart and Curated Table :: TAX
Column Name found in Datamart and Curated Table :: TAXRATE
Column Name found in Datamart and Curated Table :: VENDOR
Column Name found in Datamart and Curated Table :: CANCELEDON
Column Name found in Datamart and Curated Table :: CREATEDON
Column Name found in Datamart and Curated Table :: DATE
Column Name found in Datamart and Curated Table :: MODIFIEDON
Column Name found in Datamart and Curated Table :: ERRORMESSAGE
Column Name found in Datamart and Curated Table :: REQUIREDON
Column Name found in Datamart and Curated Table :: SHIPTO_LONGITUDE
Column Name found in Datamart and Curated Table :: ACTIVE
Column Name found in Datamart and Curated Table :: REQUISITION_ID
Column Name found in Datamart and Curated Table :: SHIPTO_ISMILITARY
Column Name found in Datamart and Curated Table :: GROUPINGOPTION
Column Name found in Datamart and Curated Table :: PROJECT_ID
Column Name found in Datamart and Curated Table :: SENDINGMETHOD
Column Name found in Datamart and Curated Table :: SHIPTO_ZIP
Column Name found in Datamart and Curated Table :: RECEIVEDON
Column Name found in Datamart and Curated Table :: SUMMARY
Column Name found in Datamart and Curated Table :: BATCH_ID
Column Name found in Datamart and Curated Table :: EXTERNALID
Column Name found in Datamart and Curated Table :: ID
Column Name found in Datamart and Curated Table :: INVOICE_ID
Column Name found in Datamart and Curated Table :: JOB_ID
Column Name found in Datamart and Curated Table :: NOCHARGE
Column Name found in Datamart and Curated Table :: SHIPTO_ISMANUALCOORDINATES
Column Name found in Datamart and Curated Table :: SHIPTO_STATE
Column Name found in Datamart and Curated Table :: SENTON
Column Name found in Datamart and Curated Table :: SHIPTODESCRIPTION
Column Name found in Datamart and Curated Table :: TENANT_TYPE
Datamart tables contains additional column name like [ACTIVE_FLAG, RECORD_CREATE_DATE, RECORD_UPDATE_DATE, MASTER_ID]
Curated tables contains additional column name like [RECORD_CREATE_DATE, RECORD_UPDATE_DATE, RECORD_UPDATED_BY]]]>
  </system-out>
  <testcase classname="testcases.RAW_DATAMART_CURATED.SnowFlake_ColumnValidation_APITables" name="validateColumnName_BKP" time="3.356"/>
  <system-out>
    <![CDATA[Executing Snowflake query :: SELECT COLUMN_NAME FROM DEV_ENT_RAW.INFORMATION_SCHEMA.COLUMNS WHERE TABLE_NAME='ST_API_ESTIMATE'and TABLE_SCHEMA='API_MAT'
Executing Snowflake query :: SELECT COLUMN_NAME FROM CURATED_DATAMART.INFORMATION_SCHEMA.COLUMNS WHERE TABLE_NAME='STR_API_ESTIMATE'and TABLE_SCHEMA='ST_API_SNELLHEATINGAIR'
Executing Snowflake query :: SELECT COLUMN_NAME FROM DEV_ENT_CURATED.INFORMATION_SCHEMA.COLUMNS WHERE TABLE_NAME='DIM_ESTIMATE'and TABLE_SCHEMA='MASTER_DIMENSIONS'
Column names for RAW Table --> ST_API_ESTIMATE :: [BUSINESSUNIT_ID, JOB_ID, MATERIALTAX, PROJECTLABELS, STATUS, PROPOSALTAGCOLOR, CLAIM_ID, ISCHANGEORDER, MATERIALSKUREFERENCE_SKUID, MODIFIEDON, SUMMARY, TECHNICIANPICKEDSOLDTYPE, ISRECOMMENDED, PROPOSALTAGNAME, CREATEDBY_ID, TAX, AUTHORIZEDON, ORDER, OPPORTUNITY_ID, FEETOTAL, IMPORTID, LABORTAX, SOLDBY_ID, SOLDINVOICE_ID, AUTHORIZATIONSIGNATURE, LOCATION_ID, PROCUREMENTTYPE, SOLDBYEMPLOYEE_ID, DISCOUNTTOTAL, TECHNICIANSIGNATURE, ACTIVE, MATERIALSKU_ID, MATERIALSKUREFERENCE_SKUTYPE, RENEWABLEMEMBERSHIP_ID, NAME, SOLDON, TOTALCOST, CREATEDON, TOTAL, ID, SOLDTYPE, PROJECTOPPORTUNITY_ID, TENANT_TYPE]
Column names for DataMart Table --> STR_API_ESTIMATE :: [ACTIVE_FLAG, DISCOUNTTOTAL, JOB_ID, BUSINESSUNIT_ID, ISRECOMMENDED, LABORTAX, SOLDBY_ID, OPPORTUNITY_ID, RENEWABLEMEMBERSHIP_ID, TAX, CLAIM_ID, IMPORTID, ISCHANGEORDER, ORDER, RECORD_CREATE_DATE, SUMMARY, TECHNICIANPICKEDSOLDTYPE, PROJECTOPPORTUNITY_ID, RECORD_UPDATE_DATE, TENANT_TYPE, AUTHORIZATIONSIGNATURE, AUTHORIZEDON, FEETOTAL, SOLDTYPE, MASTER_ID, MATERIALSKUREFERENCE_SKUID, SOLDON, SOLDBYEMPLOYEE_ID, MATERIALTAX, SOLDINVOICE_ID, MATERIALSKUREFERENCE_SKUTYPE, MODIFIEDON, PROCUREMENTTYPE, PROPOSALTAGCOLOR, CREATEDBY_ID, CREATEDON, ID, MATERIALSKU_ID, STATUS, TECHNICIANSIGNATURE, TOTALCOST, TOTAL, ACTIVE, LOCATION_ID, PROPOSALTAGNAME, PROJECTLABELS, NAME]
Column names for Curated Table --> DIM_ESTIMATE :: [CREATEDON, DISCOUNTTOTAL, LOCATION_ID, OPPORTUNITY_ID, PROPOSALTAGCOLOR, PROPOSALTAGNAME, SOLDINVOICE_ID, TENANT_TYPE, RECORD_UPDATED_BY, TOTALCOST, ISCHANGEORDER, NAME, BUSINESSUNIT_ID, FEETOTAL, MATERIALSKUREFERENCE_SKUTYPE, ISRECOMMENDED, ORDER, STATUS, TOTAL, SOLDTYPE, AUTHORIZEDON, CREATEDBY_ID, LABORTAX, PROCUREMENTTYPE, SOLDBYEMPLOYEE_ID, SOLDBY_ID, IMPORTID, MATERIALSKU_ID, TAX, TECHNICIANPICKEDSOLDTYPE, RENEWABLEMEMBERSHIP_ID, TECHNICIANSIGNATURE, MODIFIEDON, CLAIM_ID, ID, MATERIALSKUREFERENCE_SKUID, SOLDON, PROJECTLABELS, JOB_ID, ACTIVE, AUTHORIZATIONSIGNATURE, MATERIALTAX, PROJECTOPPORTUNITY_ID, RECORD_CREATE_DATE, SUMMARY, RECORD_UPDATE_DATE]
Column Name found in Datamart and Curated Table :: BUSINESSUNIT_ID
Column Name found in Datamart and Curated Table :: JOB_ID
Column Name found in Datamart and Curated Table :: MATERIALTAX
Column Name found in Datamart and Curated Table :: PROJECTLABELS
Column Name found in Datamart and Curated Table :: STATUS
Column Name found in Datamart and Curated Table :: PROPOSALTAGCOLOR
Column Name found in Datamart and Curated Table :: CLAIM_ID
Column Name found in Datamart and Curated Table :: ISCHANGEORDER
Column Name found in Datamart and Curated Table :: MATERIALSKUREFERENCE_SKUID
Column Name found in Datamart and Curated Table :: MODIFIEDON
Column Name found in Datamart and Curated Table :: SUMMARY
Column Name found in Datamart and Curated Table :: TECHNICIANPICKEDSOLDTYPE
Column Name found in Datamart and Curated Table :: ISRECOMMENDED
Column Name found in Datamart and Curated Table :: PROPOSALTAGNAME
Column Name found in Datamart and Curated Table :: CREATEDBY_ID
Column Name found in Datamart and Curated Table :: TAX
Column Name found in Datamart and Curated Table :: AUTHORIZEDON
Column Name found in Datamart and Curated Table :: ORDER
Column Name found in Datamart and Curated Table :: OPPORTUNITY_ID
Column Name found in Datamart and Curated Table :: FEETOTAL
Column Name found in Datamart and Curated Table :: IMPORTID
Column Name found in Datamart and Curated Table :: LABORTAX
Column Name found in Datamart and Curated Table :: SOLDBY_ID
Column Name found in Datamart and Curated Table :: SOLDINVOICE_ID
Column Name found in Datamart and Curated Table :: AUTHORIZATIONSIGNATURE
Column Name found in Datamart and Curated Table :: LOCATION_ID
Column Name found in Datamart and Curated Table :: PROCUREMENTTYPE
Column Name found in Datamart and Curated Table :: SOLDBYEMPLOYEE_ID
Column Name found in Datamart and Curated Table :: DISCOUNTTOTAL
Column Name found in Datamart and Curated Table :: TECHNICIANSIGNATURE
Column Name found in Datamart and Curated Table :: ACTIVE
Column Name found in Datamart and Curated Table :: MATERIALSKU_ID
Column Name found in Datamart and Curated Table :: MATERIALSKUREFERENCE_SKUTYPE
Column Name found in Datamart and Curated Table :: RENEWABLEMEMBERSHIP_ID
Column Name found in Datamart and Curated Table :: NAME
Column Name found in Datamart and Curated Table :: SOLDON
Column Name found in Datamart and Curated Table :: TOTALCOST
Column Name found in Datamart and Curated Table :: CREATEDON
Column Name found in Datamart and Curated Table :: TOTAL
Column Name found in Datamart and Curated Table :: ID
Column Name found in Datamart and Curated Table :: SOLDTYPE
Column Name found in Datamart and Curated Table :: PROJECTOPPORTUNITY_ID
Column Name found in Datamart and Curated Table :: TENANT_TYPE
Datamart tables contains additional column name like [ACTIVE_FLAG, RECORD_CREATE_DATE, RECORD_UPDATE_DATE, MASTER_ID]
Curated tables contains additional column name like [RECORD_CREATE_DATE, RECORD_UPDATE_DATE, RECORD_UPDATED_BY]]]>
  </system-out>
  <testcase classname="testcases.RAW_DATAMART_CURATED.SnowFlake_ColumnValidation_APITables" name="validateColumnName_BKP" time="2.663"/>
  <system-out>
    <![CDATA[Executing Snowflake query :: SELECT COLUMN_NAME FROM DEV_ENT_RAW.INFORMATION_SCHEMA.COLUMNS WHERE TABLE_NAME='ST_API_CATEGORY'and TABLE_SCHEMA='API_MAT'
Executing Snowflake query :: SELECT COLUMN_NAME FROM CURATED_DATAMART.INFORMATION_SCHEMA.COLUMNS WHERE TABLE_NAME='STR_API_CATEGORY'and TABLE_SCHEMA='ST_API_HUTCHINSON'
Executing Snowflake query :: SELECT COLUMN_NAME FROM DEV_ENT_CURATED.INFORMATION_SCHEMA.COLUMNS WHERE TABLE_NAME='DIM_CATEGORY'and TABLE_SCHEMA='MASTER_DIMENSIONS'
Column names for RAW Table --> ST_API_CATEGORY :: [SOURCEVERSION, SUPPLIERIMAGES, CREATEDBY_ID, CREATEDON, IMAGE, CATEGORYTYPE, HIDEINMOBILE, ID, IMPORTID, PARENT_ID, BUSINESSUNIT_ID, SOURCE, ACTIVE, AVALARACOMMERCIALTAXCODE, DESCRIPTION, AVALARARESIDENTIALTAXCODE, NAME, SKUIMAGES, POSITION, EXTERNALID, TENANT_TYPE]
Column names for DataMart Table --> STR_API_CATEGORY :: [SOURCE, SOURCEVERSION, PARENT_ID, RECORD_UPDATE_DATE, EXTERNALID, HIDEINMOBILE, IMAGE, MASTER_ID, TENANT_TYPE, ACTIVE, CREATEDBY_ID, BUSINESSUNIT_ID, ID, IMPORTID, POSITION, ACTIVE_FLAG, AVALARACOMMERCIALTAXCODE, RECORD_CREATE_DATE, NAME, SKUIMAGES, DESCRIPTION, AVALARARESIDENTIALTAXCODE, CATEGORYTYPE, CREATEDON, SUPPLIERIMAGES]
Column names for Curated Table --> DIM_CATEGORY :: [AVALARARESIDENTIALTAXCODE, POSITION, SOURCEVERSION, IMAGE, ACTIVE, IMPORTID, NAME, SKUIMAGES, CREATEDBY_ID, PARENT_ID, SOURCE, DESCRIPTION, EXTERNALID, SUPPLIERIMAGES, AVALARACOMMERCIALTAXCODE, BUSINESSUNIT_ID, CATEGORYTYPE, ID, RECORD_UPDATE_DATE, TENANT_TYPE, RECORD_UPDATED_BY, CREATEDON, HIDEINMOBILE, RECORD_CREATE_DATE]
Column Name found in Datamart and Curated Table :: SOURCEVERSION
Column Name found in Datamart and Curated Table :: SUPPLIERIMAGES
Column Name found in Datamart and Curated Table :: CREATEDBY_ID
Column Name found in Datamart and Curated Table :: CREATEDON
Column Name found in Datamart and Curated Table :: IMAGE
Column Name found in Datamart and Curated Table :: CATEGORYTYPE
Column Name found in Datamart and Curated Table :: HIDEINMOBILE
Column Name found in Datamart and Curated Table :: ID
Column Name found in Datamart and Curated Table :: IMPORTID
Column Name found in Datamart and Curated Table :: PARENT_ID
Column Name found in Datamart and Curated Table :: BUSINESSUNIT_ID
Column Name found in Datamart and Curated Table :: SOURCE
Column Name found in Datamart and Curated Table :: ACTIVE
Column Name found in Datamart and Curated Table :: AVALARACOMMERCIALTAXCODE
Column Name found in Datamart and Curated Table :: DESCRIPTION
Column Name found in Datamart and Curated Table :: AVALARARESIDENTIALTAXCODE
Column Name found in Datamart and Curated Table :: NAME
Column Name found in Datamart and Curated Table :: SKUIMAGES
Column Name found in Datamart and Curated Table :: POSITION
Column Name found in Datamart and Curated Table :: EXTERNALID
Column Name found in Datamart and Curated Table :: TENANT_TYPE
Datamart tables contains additional column name like [ACTIVE_FLAG, RECORD_CREATE_DATE, RECORD_UPDATE_DATE, MASTER_ID]
Curated tables contains additional column name like [RECORD_CREATE_DATE, RECORD_UPDATE_DATE, RECORD_UPDATED_BY]]]>
  </system-out>
  <testcase classname="testcases.RAW_DATAMART_CURATED.SnowFlake_ColumnValidation_APITables" name="validateColumnName_BKP" time="2.630"/>
  <system-out>
    <![CDATA[Executing Snowflake query :: SELECT COLUMN_NAME FROM DEV_ENT_RAW.INFORMATION_SCHEMA.COLUMNS WHERE TABLE_NAME='ST_API_NONJOBAPPOINTMENT'and TABLE_SCHEMA='API_MAT'
Executing Snowflake query :: SELECT COLUMN_NAME FROM CURATED_DATAMART.INFORMATION_SCHEMA.COLUMNS WHERE TABLE_NAME='STR_API_NONJOBAPPOINTMENT'and TABLE_SCHEMA='ST_API_SNELLHEATINGAIR'
Executing Snowflake query :: SELECT COLUMN_NAME FROM DEV_ENT_CURATED.INFORMATION_SCHEMA.COLUMNS WHERE TABLE_NAME='DIM_NONJOBAPPOINTMENT'and TABLE_SCHEMA='MASTER_DIMENSIONS'
Column names for RAW Table --> ST_API_NONJOBAPPOINTMENT :: [CREATEDBY_ID, IMPORTID, ALLDAY, DEFINITION_ID, ISCOMPLETED, TIMESHEETCODE_ID, CLEARDISPATCHBOARD, ACTIVE, CLEARTECHNICIANVIEW, REMOVETECHNICIANFROMCAPACITYPLANNING, SUMMARY, ID, TECHNICIAN_ID, CREATEDON, TIMESHEET_ID, NAME, EXPECTEDDURATION, START, DURATION, TENANT_TYPE]
Column names for DataMart Table --> STR_API_NONJOBAPPOINTMENT :: [CREATEDBY_ID, CREATEDON, DEFINITION_ID, TIMESHEET_ID, ACTIVE, EXPECTEDDURATION, ID, IMPORTID, REMOVETECHNICIANFROMCAPACITYPLANNING, DURATION, MASTER_ID, START, TENANT_TYPE, TIMESHEETCODE_ID, NAME, ACTIVE_FLAG, CLEARDISPATCHBOARD, ISCOMPLETED, RECORD_UPDATE_DATE, TECHNICIAN_ID, RECORD_CREATE_DATE, ALLDAY, CLEARTECHNICIANVIEW, SUMMARY]
Column names for Curated Table --> DIM_NONJOBAPPOINTMENT :: [IMPORTID, RECORD_UPDATE_DATE, TIMESHEET_ID, ID, ISCOMPLETED, CREATEDON, RECORD_UPDATED_BY, START, CLEARTECHNICIANVIEW, DURATION, EXPECTEDDURATION, ALLDAY, CLEARDISPATCHBOARD, RECORD_CREATE_DATE, TENANT_TYPE, TIMESHEETCODE_ID, NAME, DEFINITION_ID, SUMMARY, ACTIVE, CREATEDBY_ID, REMOVETECHNICIANFROMCAPACITYPLANNING, TECHNICIAN_ID]
Column Name found in Datamart and Curated Table :: CREATEDBY_ID
Column Name found in Datamart and Curated Table :: IMPORTID
Column Name found in Datamart and Curated Table :: ALLDAY
Column Name found in Datamart and Curated Table :: DEFINITION_ID
Column Name found in Datamart and Curated Table :: ISCOMPLETED
Column Name found in Datamart and Curated Table :: TIMESHEETCODE_ID
Column Name found in Datamart and Curated Table :: CLEARDISPATCHBOARD
Column Name found in Datamart and Curated Table :: ACTIVE
Column Name found in Datamart and Curated Table :: CLEARTECHNICIANVIEW
Column Name found in Datamart and Curated Table :: REMOVETECHNICIANFROMCAPACITYPLANNING
Column Name found in Datamart and Curated Table :: SUMMARY
Column Name found in Datamart and Curated Table :: ID
Column Name found in Datamart and Curated Table :: TECHNICIAN_ID
Column Name found in Datamart and Curated Table :: CREATEDON
Column Name found in Datamart and Curated Table :: TIMESHEET_ID
Column Name found in Datamart and Curated Table :: NAME
Column Name found in Datamart and Curated Table :: EXPECTEDDURATION
Column Name found in Datamart and Curated Table :: START
Column Name found in Datamart and Curated Table :: DURATION
Column Name found in Datamart and Curated Table :: TENANT_TYPE
Datamart tables contains additional column name like [ACTIVE_FLAG, RECORD_CREATE_DATE, RECORD_UPDATE_DATE, MASTER_ID]
Curated tables contains additional column name like [RECORD_CREATE_DATE, RECORD_UPDATE_DATE, RECORD_UPDATED_BY]]]>
  </system-out>
  <testcase classname="testcases.RAW_DATAMART_CURATED.SnowFlake_ColumnValidation_APITables" name="validateColumnName_BKP" time="2.453"/>
  <system-out>
    <![CDATA[Executing Snowflake query :: SELECT COLUMN_NAME FROM DEV_ENT_RAW.INFORMATION_SCHEMA.COLUMNS WHERE TABLE_NAME='ST_API_CATEGORY'and TABLE_SCHEMA='API_MAT'
Executing Snowflake query :: SELECT COLUMN_NAME FROM CURATED_DATAMART.INFORMATION_SCHEMA.COLUMNS WHERE TABLE_NAME='STR_API_CATEGORY'and TABLE_SCHEMA='ST_API_SNELLHEATINGAIR'
Executing Snowflake query :: SELECT COLUMN_NAME FROM DEV_ENT_CURATED.INFORMATION_SCHEMA.COLUMNS WHERE TABLE_NAME='DIM_CATEGORY'and TABLE_SCHEMA='MASTER_DIMENSIONS'
Column names for RAW Table --> ST_API_CATEGORY :: [SOURCEVERSION, SUPPLIERIMAGES, CREATEDBY_ID, CREATEDON, IMAGE, CATEGORYTYPE, HIDEINMOBILE, ID, IMPORTID, PARENT_ID, BUSINESSUNIT_ID, SOURCE, ACTIVE, AVALARACOMMERCIALTAXCODE, DESCRIPTION, AVALARARESIDENTIALTAXCODE, NAME, SKUIMAGES, POSITION, EXTERNALID, TENANT_TYPE]
Column names for DataMart Table --> STR_API_CATEGORY :: [CATEGORYTYPE, SOURCEVERSION, IMAGE, NAME, RECORD_UPDATE_DATE, CREATEDBY_ID, EXTERNALID, MASTER_ID, PARENT_ID, POSITION, AVALARACOMMERCIALTAXCODE, CREATEDON, ID, IMPORTID, SOURCE, SUPPLIERIMAGES, ACTIVE, ACTIVE_FLAG, RECORD_CREATE_DATE, TENANT_TYPE, SKUIMAGES, BUSINESSUNIT_ID, DESCRIPTION, AVALARARESIDENTIALTAXCODE, HIDEINMOBILE]
Column names for Curated Table --> DIM_CATEGORY :: [AVALARARESIDENTIALTAXCODE, POSITION, SOURCEVERSION, IMAGE, ACTIVE, IMPORTID, NAME, SKUIMAGES, CREATEDBY_ID, PARENT_ID, SOURCE, DESCRIPTION, EXTERNALID, SUPPLIERIMAGES, AVALARACOMMERCIALTAXCODE, BUSINESSUNIT_ID, CATEGORYTYPE, ID, RECORD_UPDATE_DATE, TENANT_TYPE, RECORD_UPDATED_BY, CREATEDON, HIDEINMOBILE, RECORD_CREATE_DATE]
Column Name found in Datamart and Curated Table :: SOURCEVERSION
Column Name found in Datamart and Curated Table :: SUPPLIERIMAGES
Column Name found in Datamart and Curated Table :: CREATEDBY_ID
Column Name found in Datamart and Curated Table :: CREATEDON
Column Name found in Datamart and Curated Table :: IMAGE
Column Name found in Datamart and Curated Table :: CATEGORYTYPE
Column Name found in Datamart and Curated Table :: HIDEINMOBILE
Column Name found in Datamart and Curated Table :: ID
Column Name found in Datamart and Curated Table :: IMPORTID
Column Name found in Datamart and Curated Table :: PARENT_ID
Column Name found in Datamart and Curated Table :: BUSINESSUNIT_ID
Column Name found in Datamart and Curated Table :: SOURCE
Column Name found in Datamart and Curated Table :: ACTIVE
Column Name found in Datamart and Curated Table :: AVALARACOMMERCIALTAXCODE
Column Name found in Datamart and Curated Table :: DESCRIPTION
Column Name found in Datamart and Curated Table :: AVALARARESIDENTIALTAXCODE
Column Name found in Datamart and Curated Table :: NAME
Column Name found in Datamart and Curated Table :: SKUIMAGES
Column Name found in Datamart and Curated Table :: POSITION
Column Name found in Datamart and Curated Table :: EXTERNALID
Column Name found in Datamart and Curated Table :: TENANT_TYPE
Datamart tables contains additional column name like [ACTIVE_FLAG, RECORD_CREATE_DATE, RECORD_UPDATE_DATE, MASTER_ID]
Curated tables contains additional column name like [RECORD_CREATE_DATE, RECORD_UPDATE_DATE, RECORD_UPDATED_BY]]]>
  </system-out>
  <testcase classname="testcases.RAW_DATAMART_CURATED.SnowFlake_ColumnValidation_APITables" name="validateColumnName_BKP" time="2.377"/>
  <system-out>
    <![CDATA[Executing Snowflake query :: SELECT COLUMN_NAME FROM DEV_ENT_RAW.INFORMATION_SCHEMA.COLUMNS WHERE TABLE_NAME='ST_API_EMPLOYEE'and TABLE_SCHEMA='API_MAT'
Executing Snowflake query :: SELECT COLUMN_NAME FROM CURATED_DATAMART.INFORMATION_SCHEMA.COLUMNS WHERE TABLE_NAME='STR_API_EMPLOYEE'and TABLE_SCHEMA='ST_API_EANESHEATING'
Executing Snowflake query :: SELECT COLUMN_NAME FROM DEV_ENT_CURATED.INFORMATION_SCHEMA.COLUMNS WHERE TABLE_NAME='DIM_EMPLOYEE'and TABLE_SCHEMA='MASTER_DIMENSIONS'
Column names for RAW Table --> ST_API_EMPLOYEE :: [HOME_ISMILITARY, HOME_STATE, HOME_UNIT, MANAGER_ID, MOBILEPHONE, PAYROLLID, PHONE, OVERTIMEMODE, PHOTO, PAYROLLBUSINESSUNIT_ID, ACTIVE, AGENTID, CLOCKINOUTREMINDER, EMAILCONFIRMED, FIRSTNAME, PAYFREQUENCY_ID, HOME_ZIP, NAME, HOME_LONGITUDE, HOME_LATITUDE, LASTNAME, SALESFORCEROLE, CREATEDON, USER_ID, IMPORTID, ID, SALESFORCECONTACTID, BIRTHDATE, CREATEDBY_ID, EMAIL, HOME_COUNTRY, HOME_STREET, HOURLYRATE, STARTDATE, MOBILEPHONECONFIRMED, PAYROLLSTARTPERIOD, PHONECONFIRMED, POSITION, HOME_CITY, ISEXTERNAL, HOME_ISMANUALCOORDINATES, MIDDLENAME, MODIFIEDON, OVERTIMEPROFILE_ID, TENANT_TYPE]
Column names for DataMart Table --> STR_API_EMPLOYEE :: [AGENTID, CREATEDON, POSITION, USER_ID, MIDDLENAME, MODIFIEDON, HOME_LONGITUDE, PHOTO, STARTDATE, HOME_STREET, HOME_UNIT, ISEXCLUDEDFROMPAYROLL, OVERTIMEMODE, SALESFORCECONTACTID, ACTIVE, EMAILCONFIRMED, MANAGER_ID, PHONECONFIRMED, RECORD_CREATE_DATE, PAYROLLSTARTPERIOD, HOME_ZIP, ID, IMPORTID, ISEXTERNAL, MOBILEPHONECONFIRMED, CLOCKINOUTREMINDER, FIRSTNAME, HOME_CITY, HOME_ISMILITARY, HOME_STATE, RECORD_UPDATE_DATE, EMAIL, BIRTHDATE, CREATEDBY_ID, HOME_COUNTRY, HOME_ISMANUALCOORDINATES, HOURLYRATE, PAYROLLID, TENANT_TYPE, LASTNAME, OVERTIMEPROFILE_ID, PHONE, SALESFORCEROLE, ACTIVE_FLAG, HOME_LATITUDE, MASTER_ID, MOBILEPHONE, NAME, PAYROLLBUSINESSUNIT_ID, PAYFREQUENCY_ID]
Column names for Curated Table --> DIM_EMPLOYEE :: [CREATEDON, EMAIL, HOME_COUNTRY, HOME_ISMILITARY, PAYROLLID, PHONECONFIRMED, PAYROLLSTARTPERIOD, STARTDATE, PHONE, EMAILCONFIRMED, MOBILEPHONE, PAYFREQUENCY_ID, USER_ID, HOME_STATE, ISEXTERNAL, SALESFORCEROLE, CLOCKINOUTREMINDER, OVERTIMEMODE, ACTIVE, FIRSTNAME, HOURLYRATE, ISEXCLUDEDFROMPAYROLL, PAYROLLBUSINESSUNIT_ID, SALESFORCECONTACTID, AGENTID, CREATEDBY_ID, MANAGER_ID, HOME_ZIP, ID, IMPORTID, MODIFIEDON, PHOTO, RECORD_CREATE_DATE, BIRTHDATE, HOME_LATITUDE, HOME_STREET, POSITION, MOBILEPHONECONFIRMED, RECORD_UPDATED_BY, HOME_CITY, HOME_ISMANUALCOORDINATES, HOME_LONGITUDE, HOME_UNIT, LASTNAME, MIDDLENAME, TENANT_TYPE, NAME, RECORD_UPDATE_DATE, OVERTIMEPROFILE_ID]
Column Name found in Datamart and Curated Table :: HOME_ISMILITARY
Column Name found in Datamart and Curated Table :: HOME_STATE
Column Name found in Datamart and Curated Table :: HOME_UNIT
Column Name found in Datamart and Curated Table :: MANAGER_ID
Column Name found in Datamart and Curated Table :: MOBILEPHONE
Column Name found in Datamart and Curated Table :: PAYROLLID
Column Name found in Datamart and Curated Table :: PHONE
Column Name found in Datamart and Curated Table :: OVERTIMEMODE
Column Name found in Datamart and Curated Table :: PHOTO
Column Name found in Datamart and Curated Table :: PAYROLLBUSINESSUNIT_ID
Column Name found in Datamart and Curated Table :: ACTIVE
Column Name found in Datamart and Curated Table :: AGENTID
Column Name found in Datamart and Curated Table :: CLOCKINOUTREMINDER
Column Name found in Datamart and Curated Table :: EMAILCONFIRMED
Column Name found in Datamart and Curated Table :: FIRSTNAME
Column Name found in Datamart and Curated Table :: PAYFREQUENCY_ID
Column Name found in Datamart and Curated Table :: HOME_ZIP
Column Name found in Datamart and Curated Table :: NAME
Column Name found in Datamart and Curated Table :: HOME_LONGITUDE
Column Name found in Datamart and Curated Table :: HOME_LATITUDE
Column Name found in Datamart and Curated Table :: LASTNAME
Column Name found in Datamart and Curated Table :: SALESFORCEROLE
Column Name found in Datamart and Curated Table :: CREATEDON
Column Name found in Datamart and Curated Table :: USER_ID
Column Name found in Datamart and Curated Table :: IMPORTID
Column Name found in Datamart and Curated Table :: ID
Column Name found in Datamart and Curated Table :: SALESFORCECONTACTID
Column Name found in Datamart and Curated Table :: BIRTHDATE
Column Name found in Datamart and Curated Table :: CREATEDBY_ID
Column Name found in Datamart and Curated Table :: EMAIL
Column Name found in Datamart and Curated Table :: HOME_COUNTRY
Column Name found in Datamart and Curated Table :: HOME_STREET
Column Name found in Datamart and Curated Table :: HOURLYRATE
Column Name found in Datamart and Curated Table :: STARTDATE
Column Name found in Datamart and Curated Table :: MOBILEPHONECONFIRMED
Column Name found in Datamart and Curated Table :: PAYROLLSTARTPERIOD
Column Name found in Datamart and Curated Table :: PHONECONFIRMED
Column Name found in Datamart and Curated Table :: POSITION
Column Name found in Datamart and Curated Table :: HOME_CITY
Column Name found in Datamart and Curated Table :: ISEXTERNAL
Column Name found in Datamart and Curated Table :: HOME_ISMANUALCOORDINATES
Column Name found in Datamart and Curated Table :: MIDDLENAME
Column Name found in Datamart and Curated Table :: MODIFIEDON
Column Name found in Datamart and Curated Table :: OVERTIMEPROFILE_ID
Column Name found in Datamart and Curated Table :: TENANT_TYPE
Datamart tables contains additional column name like [ACTIVE_FLAG, RECORD_CREATE_DATE, RECORD_UPDATE_DATE, MASTER_ID]
Curated tables contains additional column name like [RECORD_CREATE_DATE, RECORD_UPDATE_DATE, RECORD_UPDATED_BY]]]>
  </system-out>
  <testcase classname="testcases.RAW_DATAMART_CURATED.SnowFlake_ColumnValidation_APITables" name="validateColumnName_BKP" time="2.157"/>
  <system-out>
    <![CDATA[Executing Snowflake query :: SELECT COLUMN_NAME FROM DEV_ENT_RAW.INFORMATION_SCHEMA.COLUMNS WHERE TABLE_NAME='ST_API_ZONE'and TABLE_SCHEMA='API_MAT'
Executing Snowflake query :: SELECT COLUMN_NAME FROM CURATED_DATAMART.INFORMATION_SCHEMA.COLUMNS WHERE TABLE_NAME='STR_API_ZONE'and TABLE_SCHEMA='ST_API_FOURPROS'
Executing Snowflake query :: SELECT COLUMN_NAME FROM DEV_ENT_CURATED.INFORMATION_SCHEMA.COLUMNS WHERE TABLE_NAME='DIM_ZONE'and TABLE_SCHEMA='MASTER_DIMENSIONS'
Column names for RAW Table --> ST_API_ZONE :: [LOCNNUMBERS, MODIFIEDON, CREATEDON, COLOR, ID, SERVICEDAYSENABLED, CREATEDBY_ID, IMPORTID, ACTIVE, NAME, TERRITORYNUMBERS, CITIES, SERVICEDAYS, ZIPS, MAXDRIVETIMEADJUSTMENT, TENANT_TYPE]
Column names for DataMart Table --> STR_API_ZONE :: [ACTIVE, CREATEDON, SERVICEDAYSENABLED, CREATEDBY_ID, ZIPS, LOCNNUMBERS, MASTER_ID, MODIFIEDON, SERVICEDAYS, RECORD_CREATE_DATE, TERRITORYNUMBERS, ACTIVE_FLAG, ID, RECORD_UPDATE_DATE, TENANT_TYPE, MAXDRIVETIMEADJUSTMENT, IMPORTID, CITIES, COLOR, NAME]
Column names for Curated Table --> DIM_ZONE :: [CREATEDON, ID, ZIPS, CITIES, IMPORTID, LOCNNUMBERS, MODIFIEDON, NAME, SERVICEDAYS, TENANT_TYPE, MAXDRIVETIMEADJUSTMENT, TERRITORYNUMBERS, RECORD_CREATE_DATE, ACTIVE, CREATEDBY_ID, SERVICEDAYSENABLED, RECORD_UPDATE_DATE, COLOR, RECORD_UPDATED_BY]
Column Name found in Datamart and Curated Table :: LOCNNUMBERS
Column Name found in Datamart and Curated Table :: MODIFIEDON
Column Name found in Datamart and Curated Table :: CREATEDON
Column Name found in Datamart and Curated Table :: COLOR
Column Name found in Datamart and Curated Table :: ID
Column Name found in Datamart and Curated Table :: SERVICEDAYSENABLED
Column Name found in Datamart and Curated Table :: CREATEDBY_ID
Column Name found in Datamart and Curated Table :: IMPORTID
Column Name found in Datamart and Curated Table :: ACTIVE
Column Name found in Datamart and Curated Table :: NAME
Column Name found in Datamart and Curated Table :: TERRITORYNUMBERS
Column Name found in Datamart and Curated Table :: CITIES
Column Name found in Datamart and Curated Table :: SERVICEDAYS
Column Name found in Datamart and Curated Table :: ZIPS
Column Name found in Datamart and Curated Table :: MAXDRIVETIMEADJUSTMENT
Column Name found in Datamart and Curated Table :: TENANT_TYPE
Datamart tables contains additional column name like [ACTIVE_FLAG, RECORD_CREATE_DATE, RECORD_UPDATE_DATE, MASTER_ID]
Curated tables contains additional column name like [RECORD_CREATE_DATE, RECORD_UPDATE_DATE, RECORD_UPDATED_BY]]]>
  </system-out>
  <testcase classname="testcases.RAW_DATAMART_CURATED.SnowFlake_ColumnValidation_APITables" name="validateColumnName_BKP" time="2.869"/>
  <system-out>
    <![CDATA[Executing Snowflake query :: SELECT COLUMN_NAME FROM DEV_ENT_RAW.INFORMATION_SCHEMA.COLUMNS WHERE TABLE_NAME='ST_API_BUSINESSUNIT'and TABLE_SCHEMA='API_MAT'
Executing Snowflake query :: SELECT COLUMN_NAME FROM CURATED_DATAMART.INFORMATION_SCHEMA.COLUMNS WHERE TABLE_NAME='STR_API_BUSINESSUNIT'and TABLE_SCHEMA='ST_API_GOLDMEDAL'
Executing Snowflake query :: SELECT COLUMN_NAME FROM DEV_ENT_CURATED.INFORMATION_SCHEMA.COLUMNS WHERE TABLE_NAME='DIM_BUSINESSUNIT'and TABLE_SCHEMA='MASTER_DIMENSIONS'
Column names for RAW Table --> ST_API_BUSINESSUNIT :: [ADDRESS_ZIP, CORPORATECONTRACTNUMBER, CREDITCARDPROCESSORLOGIN, DATA, FRANCHISEEINFO_NAME, FRANCHISEEINFO_TRUCKSOPERATING, INVOICEHEADER, MATERIALSKUREFERENCE_SKUTYPE, OFFERWORKERSCOMPENSATION, PAYROLLIDLETIMEDOUBLEOVERTIMEPAYCODE_ID, CREATEDBY_ID, FRANCHISEEINFO_COMMENTS, INSURANCECOMPANYPHONE, MATERIALSKU_ID, PAYROLLFLATFEEMINIMUM, SERVICEFINANCEDEALERNAME, PAYROLLSOLDBYPAYCODE, CONSTRUCTION, INSURANCECOMPANYNAME, ENABLEWORKORDERS, FINANCEITACCOUNTEMAIL, PAYROLLTYPE, PHONENUMBER, POSTDATE, TRADE_ID, WORLDPAYSUBID, PAYROLLJOBHOURSSTANDARDPAYCODE_ID, PAYROLLTASKBONUSPAYCODE, PAYROLLJOBHOURSOTPAYCODE, ACTIVATIONLOCKED, ADDRESS_STATE, COMMISSIONCALCULATION, OFFERCOMMERCIALGENERALLIABILITY, PAYROLLTASKBONUSPAYCODENEW, ADDRESS_STREET, JOBBOOKEDALERTRECIPIENTS, MINIMUMROYALTYFEE, QUICKBOOKSROOTSALESACCOUNT, TURNSCONTRACTORID, FRANCHISEEINFO_PIVOTALNUMBER, MEALAPPOINTMENT_ID, NOCHARGECOMMERCIAL, PAYROLLPERCENTAGEFEEMINIMUM, PAYROLLTURNOVERBONUSPAYCODENEW, ADDRESS_ISMILITARY, CURRENCY, OVERTIMEMODE, ADDRESS_LATITUDE, BANKACCOUNTPROCESSOR_ID, DIVISIONNAME, FINANCEITPARTNERID, MODIFIEDON, PAYMENTPROCESSOR, QUICKBOOKSCLASS, SERVICEFINANCEDEALERID, WORLDPAYACCOUNTID, AUTHORIZATIONAGREEMENT_ORIGINALFILENAME, CREATEDON, DIVISION_ID, ENABLEWORKORDERSEQUIPMENTFORMATTING, ESTIMATEAUTHORIZATIONPARAGRAPH, HIDEPRICES, NAME, NAVISIONOVERTIMEEARNINGCODE, NOCHARGE, PAYMENTOPTIONS, PAYROLLSOLDBYPAYCODENEW, PAYROLLTURNOVERBONUSPAYCODE, PAYROLLIDLETIMESTANDARDPAYCODE_ID, THREEDAYCANCELATIONPARAGRAPH, PAYROLLWEIGHTEDOVERTIMEPAYCODE_ID, AUTHORIZATIONPARAGRAPH, ACKNOWLEDGEMENTAGREEMENT_FILENAME, ADDRESS_CITY, ADDRESS_ISMANUALCOORDINATES, ADDRESS_UNIT, CALIFORNIACOMPLIANTCONTRACTDOCUMENTS, EMAIL, IMPORTID, ADDRESS_LONGITUDE, GOAL, OFFICIALNAME, PAYROLLFLATFEE, PAYROLLIDLETIMEOVERTIMEPAYCODE_ID, PAYROLLJOBHOURSDOUBLEOVERTIMEPAYCODE_ID, QUICKBOOKSOAUTHSETTINGS, PAYROLLCOSTMARKUP, TGLBONUS, PAYROLLIDLETIMESTPAYCODE, ACTIVE, ACKNOWLEDGEMENTAGREEMENT_ORIGINALFILENAME, ADDRESS_COUNTRY, AUTHORIZATIONAGREEMENT_FILENAME, CREDITCARDPROCESSORKEY, CREDITCARDPROCESSOR_ID, FINANCEITAUTHTOKEN, FRANCHISEEINFO_CONTRACT, INVOICEMESSAGE, NAVISIONSTANDARDTIMEEARNINGCODE, PAYROLLEXPENSEDEDUCTIONTRIGGER, PAYROLLIDLETIMEOTPAYCODE, PAYROLLWEIGHTEDOTPAYCODE, DEFAULTTAXRATE, ID, PAYROLLPERCENTAGEFEE, PAYROLLJOBHOURSOVERTIMEPAYCODE_ID, WARRANTYRATE, GREENSKYMERCHANTID, PAYROLLJOBHOURSSTPAYCODE, LOGO, NAVISIONGLCODE, SELLERFEE, ACKNOWLEDGEMENTPARAGRAPH, EXTERNALID, HVACDASHBOARDSECTIONS, INTACCTENTITY_ID, FRANCHISEEINFO_GST, LICENSENUMBER, NOCHARGERESIDENTIAL, INTEGRATEDREFUNDS_ID, MATERIALSKUREFERENCE_SKUID, TURNOVERMINIMUMTHRESHOLD, PAYROLLINVOICEBONUSPAYCODE_ID, WORLDPAYMERCHANTPIN, TENANT_TYPE]
Column names for DataMart Table --> STR_API_BUSINESSUNIT :: [ACTIVE, CREDITCARDPROCESSOR_ID, FINANCEITACCOUNTEMAIL, GOAL, INVOICEMESSAGE, NAVISIONGLCODE, TURNSCONTRACTORID, EXTERNALID, FINANCEITAUTHTOKEN, INSURANCECOMPANYPHONE, PAYROLLFLATFEE, PAYROLLTASKBONUSPAYCODENEW, PAYROLLTYPE, SERVICEFINANCEDEALERNAME, BANKACCOUNTPROCESSOR_ID, CALIFORNIACOMPLIANTCONTRACTDOCUMENTS, IMPORTID, OFFERWORKERSCOMPENSATION, ACKNOWLEDGEMENTAGREEMENT_FILENAME, ADDRESS_ISMANUALCOORDINATES, ADDRESS_LONGITUDE, CREATEDBY_ID, CREDITCARDPROCESSORKEY, ENABLEWORKORDERSEQUIPMENTFORMATTING, POSTDATE, PAYROLLIDLETIMEOVERTIMEPAYCODE_ID, PAYROLLJOBHOURSOTPAYCODE, QUICKBOOKSROOTSALESACCOUNT, PAYROLLTURNOVERBONUSPAYCODENEW, PAYROLLWEIGHTEDOVERTIMEPAYCODE_ID, QUICKBOOKSCLASS, RECORD_UPDATE_DATE, ACTIVE_FLAG, ADDRESS_COUNTRY, ADDRESS_STREET, AUTHORIZATIONPARAGRAPH, DIVISIONNAME, NAME, OFFICIALNAME, INVOICEHEADER, PAYROLLCOSTMARKUP, THREEDAYCANCELATIONPARAGRAPH, TURNOVERMINIMUMTHRESHOLD, EMAIL, OVERTIMEMODE, MATERIALSKU_ID, TENANT_TYPE, ACKNOWLEDGEMENTAGREEMENT_ORIGINALFILENAME, ADDRESS_CITY, COMMISSIONCALCULATION, CREATEDON, INTACCTENTITY_ID, INTEGRATEDREFUNDS_ID, PAYMENTOPTIONS, TRADE_ID, ADDRESS_ZIP, CORPORATECONTRACTNUMBER, FRANCHISEEINFO_COMMENTS, ID, MEALAPPOINTMENT_ID, MINIMUMROYALTYFEE, PAYROLLJOBHOURSOVERTIMEPAYCODE_ID, PAYROLLSOLDBYPAYCODE, WORLDPAYSUBID, QUICKBOOKSOAUTHSETTINGS, PAYROLLIDLETIMESTPAYCODE, FINANCEITPARTNERID, FRANCHISEEINFO_CONTRACT, PAYMENTPROCESSOR, PHONENUMBER, PAYROLLIDLETIMEOTPAYCODE, ADDRESS_STATE, CONSTRUCTION, CURRENCY, DIVISION_ID, INSURANCECOMPANYNAME, LICENSENUMBER, WORLDPAYMERCHANTPIN, AUTHORIZATIONAGREEMENT_FILENAME, DATA, PAYROLLJOBHOURSDOUBLEOVERTIMEPAYCODE_ID, TGLBONUS, ADDRESS_ISMILITARY, FRANCHISEEINFO_TRUCKSOPERATING, MASTER_ID, NAVISIONOVERTIMEEARNINGCODE, WARRANTYRATE, CREDITCARDPROCESSORLOGIN, ESTIMATEAUTHORIZATIONPARAGRAPH, FRANCHISEEINFO_PIVOTALNUMBER, PAYROLLIDLETIMESTANDARDPAYCODE_ID, PAYROLLJOBHOURSSTPAYCODE, PAYROLLSOLDBYPAYCODENEW, PAYROLLWEIGHTEDOTPAYCODE, FRANCHISEEINFO_NAME, NOCHARGE, ACKNOWLEDGEMENTPARAGRAPH, ADDRESS_UNIT, AUTHORIZATIONAGREEMENT_ORIGINALFILENAME, GREENSKYMERCHANTID, HVACDASHBOARDSECTIONS, JOBBOOKEDALERTRECIPIENTS, LOGO, MATERIALSKUREFERENCE_SKUID, OFFERCOMMERCIALGENERALLIABILITY, PAYROLLFLATFEEMINIMUM, PAYROLLIDLETIMEDOUBLEOVERTIMEPAYCODE_ID, RECORD_CREATE_DATE, WORLDPAYACCOUNTID, ENABLEWORKORDERS, HIDEPRICES, MATERIALSKUREFERENCE_SKUTYPE, NAVISIONSTANDARDTIMEEARNINGCODE, PAYROLLEXPENSEDEDUCTIONTRIGGER, PAYROLLPERCENTAGEFEE, SERVICEFINANCEDEALERID, PAYROLLJOBHOURSSTANDARDPAYCODE_ID, NOCHARGECOMMERCIAL, NOCHARGERESIDENTIAL, ACTIVATIONLOCKED, ADDRESS_LATITUDE, BCCEMAIL, FRANCHISEEINFO_GST, PAYROLLPERCENTAGEFEEMINIMUM, PAYROLLTURNOVERBONUSPAYCODE, SELLERFEE, MODIFIEDON, PAYROLLINVOICEBONUSPAYCODE_ID, PAYROLLTASKBONUSPAYCODE, DEFAULTTAXRATE]
Column names for Curated Table --> DIM_BUSINESSUNIT :: [ADDRESS_COUNTRY, ADDRESS_STREET, BANKACCOUNTPROCESSOR_ID, MEALAPPOINTMENT_ID, CREATEDBY_ID, DIVISION_ID, OFFERCOMMERCIALGENERALLIABILITY, PAYMENTPROCESSOR, PAYROLLJOBHOURSSTANDARDPAYCODE_ID, PAYROLLSOLDBYPAYCODE, TGLBONUS, NAME, PAYROLLCOSTMARKUP, PAYROLLJOBHOURSDOUBLEOVERTIMEPAYCODE_ID, LICENSENUMBER, LOGO, OVERTIMEMODE, ACKNOWLEDGEMENTAGREEMENT_ORIGINALFILENAME, AUTHORIZATIONPARAGRAPH, FINANCEITPARTNERID, WARRANTYRATE, FINANCEITACCOUNTEMAIL, PAYROLLTYPE, QUICKBOOKSCLASS, QUICKBOOKSOAUTHSETTINGS, GREENSKYMERCHANTID, CREDITCARDPROCESSORKEY, CREDITCARDPROCESSORLOGIN, CREDITCARDPROCESSOR_ID, DEFAULTTAXRATE, FRANCHISEEINFO_COMMENTS, HVACDASHBOARDSECTIONS, MODIFIEDON, WORLDPAYACCOUNTID, PAYROLLIDLETIMEDOUBLEOVERTIMEPAYCODE_ID, TENANT_TYPE, FRANCHISEEINFO_GST, RECORD_CREATE_DATE, NOCHARGE, PAYMENTOPTIONS, PAYROLLPERCENTAGEFEE, PAYROLLSOLDBYPAYCODENEW, ADDRESS_LONGITUDE, ADDRESS_ZIP, CREATEDON, INTEGRATEDREFUNDS_ID, JOBBOOKEDALERTRECIPIENTS, NAVISIONOVERTIMEEARNINGCODE, PAYROLLINVOICEBONUSPAYCODE_ID, ACTIVE, ADDRESS_STATE, AUTHORIZATIONAGREEMENT_ORIGINALFILENAME, ENABLEWORKORDERS, MATERIALSKU_ID, NAVISIONSTANDARDTIMEEARNINGCODE, PAYROLLJOBHOURSSTPAYCODE, POSTDATE, ADDRESS_ISMILITARY, ADDRESS_LATITUDE, ADDRESS_UNIT, CALIFORNIACOMPLIANTCONTRACTDOCUMENTS, ENABLEWORKORDERSEQUIPMENTFORMATTING, HIDEPRICES, INVOICEHEADER, COMMISSIONCALCULATION, EMAIL, FRANCHISEEINFO_TRUCKSOPERATING, PAYROLLIDLETIMESTANDARDPAYCODE_ID, PAYROLLIDLETIMESTPAYCODE, TRADE_ID, AUTHORIZATIONAGREEMENT_FILENAME, SERVICEFINANCEDEALERID, WORLDPAYMERCHANTPIN, BCCEMAIL, OFFERWORKERSCOMPENSATION, NAVISIONGLCODE, WORLDPAYSUBID, ACKNOWLEDGEMENTAGREEMENT_FILENAME, ACTIVATIONLOCKED, DIVISIONNAME, FINANCEITAUTHTOKEN, FRANCHISEEINFO_PIVOTALNUMBER, INSURANCECOMPANYNAME, PAYROLLWEIGHTEDOVERTIMEPAYCODE_ID, TURNSCONTRACTORID, FRANCHISEEINFO_NAME, MINIMUMROYALTYFEE, PAYROLLEXPENSEDEDUCTIONTRIGGER, PAYROLLPERCENTAGEFEEMINIMUM, RECORD_UPDATED_BY, SERVICEFINANCEDEALERNAME, ESTIMATEAUTHORIZATIONPARAGRAPH, TURNOVERMINIMUMTHRESHOLD, PAYROLLIDLETIMEOVERTIMEPAYCODE_ID, RECORD_UPDATE_DATE, ACKNOWLEDGEMENTPARAGRAPH, ADDRESS_ISMANUALCOORDINATES, INVOICEMESSAGE, MATERIALSKUREFERENCE_SKUID, MATERIALSKUREFERENCE_SKUTYPE, PAYROLLIDLETIMEOTPAYCODE, PAYROLLJOBHOURSOTPAYCODE, PAYROLLJOBHOURSOVERTIMEPAYCODE_ID, CONSTRUCTION, CORPORATECONTRACTNUMBER, DATA, NOCHARGECOMMERCIAL, NOCHARGERESIDENTIAL, PAYROLLTASKBONUSPAYCODE, PAYROLLTASKBONUSPAYCODENEW, QUICKBOOKSROOTSALESACCOUNT, ID, PAYROLLTURNOVERBONUSPAYCODENEW, ADDRESS_CITY, CURRENCY, GOAL, IMPORTID, INSURANCECOMPANYPHONE, PAYROLLTURNOVERBONUSPAYCODE, OFFICIALNAME, PAYROLLFLATFEE, PHONENUMBER, SELLERFEE, THREEDAYCANCELATIONPARAGRAPH, FRANCHISEEINFO_CONTRACT, PAYROLLFLATFEEMINIMUM, PAYROLLWEIGHTEDOTPAYCODE, INTACCTENTITY_ID, EXTERNALID]
Column Name found in Datamart and Curated Table :: ADDRESS_ZIP
Column Name found in Datamart and Curated Table :: CORPORATECONTRACTNUMBER
Column Name found in Datamart and Curated Table :: CREDITCARDPROCESSORLOGIN
Column Name found in Datamart and Curated Table :: DATA
Column Name found in Datamart and Curated Table :: FRANCHISEEINFO_NAME
Column Name found in Datamart and Curated Table :: FRANCHISEEINFO_TRUCKSOPERATING
Column Name found in Datamart and Curated Table :: INVOICEHEADER
Column Name found in Datamart and Curated Table :: MATERIALSKUREFERENCE_SKUTYPE
Column Name found in Datamart and Curated Table :: OFFERWORKERSCOMPENSATION
Column Name found in Datamart and Curated Table :: PAYROLLIDLETIMEDOUBLEOVERTIMEPAYCODE_ID
Column Name found in Datamart and Curated Table :: CREATEDBY_ID
Column Name found in Datamart and Curated Table :: FRANCHISEEINFO_COMMENTS
Column Name found in Datamart and Curated Table :: INSURANCECOMPANYPHONE
Column Name found in Datamart and Curated Table :: MATERIALSKU_ID
Column Name found in Datamart and Curated Table :: PAYROLLFLATFEEMINIMUM
Column Name found in Datamart and Curated Table :: SERVICEFINANCEDEALERNAME
Column Name found in Datamart and Curated Table :: PAYROLLSOLDBYPAYCODE
Column Name found in Datamart and Curated Table :: CONSTRUCTION
Column Name found in Datamart and Curated Table :: INSURANCECOMPANYNAME
Column Name found in Datamart and Curated Table :: ENABLEWORKORDERS
Column Name found in Datamart and Curated Table :: FINANCEITACCOUNTEMAIL
Column Name found in Datamart and Curated Table :: PAYROLLTYPE
Column Name found in Datamart and Curated Table :: PHONENUMBER
Column Name found in Datamart and Curated Table :: POSTDATE
Column Name found in Datamart and Curated Table :: TRADE_ID
Column Name found in Datamart and Curated Table :: WORLDPAYSUBID
Column Name found in Datamart and Curated Table :: PAYROLLJOBHOURSSTANDARDPAYCODE_ID
Column Name found in Datamart and Curated Table :: PAYROLLTASKBONUSPAYCODE
Column Name found in Datamart and Curated Table :: PAYROLLJOBHOURSOTPAYCODE
Column Name found in Datamart and Curated Table :: ACTIVATIONLOCKED
Column Name found in Datamart and Curated Table :: ADDRESS_STATE
Column Name found in Datamart and Curated Table :: COMMISSIONCALCULATION
Column Name found in Datamart and Curated Table :: OFFERCOMMERCIALGENERALLIABILITY
Column Name found in Datamart and Curated Table :: PAYROLLTASKBONUSPAYCODENEW
Column Name found in Datamart and Curated Table :: ADDRESS_STREET
Column Name found in Datamart and Curated Table :: JOBBOOKEDALERTRECIPIENTS
Column Name found in Datamart and Curated Table :: MINIMUMROYALTYFEE
Column Name found in Datamart and Curated Table :: QUICKBOOKSROOTSALESACCOUNT
Column Name found in Datamart and Curated Table :: TURNSCONTRACTORID
Column Name found in Datamart and Curated Table :: FRANCHISEEINFO_PIVOTALNUMBER
Column Name found in Datamart and Curated Table :: MEALAPPOINTMENT_ID
Column Name found in Datamart and Curated Table :: NOCHARGECOMMERCIAL
Column Name found in Datamart and Curated Table :: PAYROLLPERCENTAGEFEEMINIMUM
Column Name found in Datamart and Curated Table :: PAYROLLTURNOVERBONUSPAYCODENEW
Column Name found in Datamart and Curated Table :: ADDRESS_ISMILITARY
Column Name found in Datamart and Curated Table :: CURRENCY
Column Name found in Datamart and Curated Table :: OVERTIMEMODE
Column Name found in Datamart and Curated Table :: ADDRESS_LATITUDE
Column Name found in Datamart and Curated Table :: BANKACCOUNTPROCESSOR_ID
Column Name found in Datamart and Curated Table :: DIVISIONNAME
Column Name found in Datamart and Curated Table :: FINANCEITPARTNERID
Column Name found in Datamart and Curated Table :: MODIFIEDON
Column Name found in Datamart and Curated Table :: PAYMENTPROCESSOR
Column Name found in Datamart and Curated Table :: QUICKBOOKSCLASS
Column Name found in Datamart and Curated Table :: SERVICEFINANCEDEALERID
Column Name found in Datamart and Curated Table :: WORLDPAYACCOUNTID
Column Name found in Datamart and Curated Table :: AUTHORIZATIONAGREEMENT_ORIGINALFILENAME
Column Name found in Datamart and Curated Table :: CREATEDON
Column Name found in Datamart and Curated Table :: DIVISION_ID
Column Name found in Datamart and Curated Table :: ENABLEWORKORDERSEQUIPMENTFORMATTING
Column Name found in Datamart and Curated Table :: ESTIMATEAUTHORIZATIONPARAGRAPH
Column Name found in Datamart and Curated Table :: HIDEPRICES
Column Name found in Datamart and Curated Table :: NAME
Column Name found in Datamart and Curated Table :: NAVISIONOVERTIMEEARNINGCODE
Column Name found in Datamart and Curated Table :: NOCHARGE
Column Name found in Datamart and Curated Table :: PAYMENTOPTIONS
Column Name found in Datamart and Curated Table :: PAYROLLSOLDBYPAYCODENEW
Column Name found in Datamart and Curated Table :: PAYROLLTURNOVERBONUSPAYCODE
Column Name found in Datamart and Curated Table :: PAYROLLIDLETIMESTANDARDPAYCODE_ID
Column Name found in Datamart and Curated Table :: THREEDAYCANCELATIONPARAGRAPH
Column Name found in Datamart and Curated Table :: PAYROLLWEIGHTEDOVERTIMEPAYCODE_ID
Column Name found in Datamart and Curated Table :: AUTHORIZATIONPARAGRAPH
Column Name found in Datamart and Curated Table :: ACKNOWLEDGEMENTAGREEMENT_FILENAME
Column Name found in Datamart and Curated Table :: ADDRESS_CITY
Column Name found in Datamart and Curated Table :: ADDRESS_ISMANUALCOORDINATES
Column Name found in Datamart and Curated Table :: ADDRESS_UNIT
Column Name found in Datamart and Curated Table :: CALIFORNIACOMPLIANTCONTRACTDOCUMENTS
Column Name found in Datamart and Curated Table :: EMAIL
Column Name found in Datamart and Curated Table :: IMPORTID
Column Name found in Datamart and Curated Table :: ADDRESS_LONGITUDE
Column Name found in Datamart and Curated Table :: GOAL
Column Name found in Datamart and Curated Table :: OFFICIALNAME
Column Name found in Datamart and Curated Table :: PAYROLLFLATFEE
Column Name found in Datamart and Curated Table :: PAYROLLIDLETIMEOVERTIMEPAYCODE_ID
Column Name found in Datamart and Curated Table :: PAYROLLJOBHOURSDOUBLEOVERTIMEPAYCODE_ID
Column Name found in Datamart and Curated Table :: QUICKBOOKSOAUTHSETTINGS
Column Name found in Datamart and Curated Table :: PAYROLLCOSTMARKUP
Column Name found in Datamart and Curated Table :: TGLBONUS
Column Name found in Datamart and Curated Table :: PAYROLLIDLETIMESTPAYCODE
Column Name found in Datamart and Curated Table :: ACTIVE
Column Name found in Datamart and Curated Table :: ACKNOWLEDGEMENTAGREEMENT_ORIGINALFILENAME
Column Name found in Datamart and Curated Table :: ADDRESS_COUNTRY
Column Name found in Datamart and Curated Table :: AUTHORIZATIONAGREEMENT_FILENAME
Column Name found in Datamart and Curated Table :: CREDITCARDPROCESSORKEY
Column Name found in Datamart and Curated Table :: CREDITCARDPROCESSOR_ID
Column Name found in Datamart and Curated Table :: FINANCEITAUTHTOKEN
Column Name found in Datamart and Curated Table :: FRANCHISEEINFO_CONTRACT
Column Name found in Datamart and Curated Table :: INVOICEMESSAGE
Column Name found in Datamart and Curated Table :: NAVISIONSTANDARDTIMEEARNINGCODE
Column Name found in Datamart and Curated Table :: PAYROLLEXPENSEDEDUCTIONTRIGGER
Column Name found in Datamart and Curated Table :: PAYROLLIDLETIMEOTPAYCODE
Column Name found in Datamart and Curated Table :: PAYROLLWEIGHTEDOTPAYCODE
Column Name found in Datamart and Curated Table :: DEFAULTTAXRATE
Column Name found in Datamart and Curated Table :: ID
Column Name found in Datamart and Curated Table :: PAYROLLPERCENTAGEFEE
Column Name found in Datamart and Curated Table :: PAYROLLJOBHOURSOVERTIMEPAYCODE_ID
Column Name found in Datamart and Curated Table :: WARRANTYRATE
Column Name found in Datamart and Curated Table :: GREENSKYMERCHANTID
Column Name found in Datamart and Curated Table :: PAYROLLJOBHOURSSTPAYCODE
Column Name found in Datamart and Curated Table :: LOGO
Column Name found in Datamart and Curated Table :: NAVISIONGLCODE
Column Name found in Datamart and Curated Table :: SELLERFEE
Column Name found in Datamart and Curated Table :: ACKNOWLEDGEMENTPARAGRAPH
Column Name found in Datamart and Curated Table :: EXTERNALID
Column Name found in Datamart and Curated Table :: HVACDASHBOARDSECTIONS
Column Name found in Datamart and Curated Table :: INTACCTENTITY_ID
Column Name found in Datamart and Curated Table :: FRANCHISEEINFO_GST
Column Name found in Datamart and Curated Table :: LICENSENUMBER
Column Name found in Datamart and Curated Table :: NOCHARGERESIDENTIAL
Column Name found in Datamart and Curated Table :: INTEGRATEDREFUNDS_ID
Column Name found in Datamart and Curated Table :: MATERIALSKUREFERENCE_SKUID
Column Name found in Datamart and Curated Table :: TURNOVERMINIMUMTHRESHOLD
Column Name found in Datamart and Curated Table :: PAYROLLINVOICEBONUSPAYCODE_ID
Column Name found in Datamart and Curated Table :: WORLDPAYMERCHANTPIN
Column Name found in Datamart and Curated Table :: TENANT_TYPE
Datamart tables contains additional column name like [ACTIVE_FLAG, RECORD_CREATE_DATE, RECORD_UPDATE_DATE, MASTER_ID]
Curated tables contains additional column name like [RECORD_CREATE_DATE, RECORD_UPDATE_DATE, RECORD_UPDATED_BY]]]>
  </system-out>
  <testcase classname="testcases.RAW_DATAMART_CURATED.SnowFlake_ColumnValidation_APITables" name="validateColumnName_BKP" time="3.083"/>
  <system-out>
    <![CDATA[Executing Snowflake query :: SELECT COLUMN_NAME FROM DEV_ENT_RAW.INFORMATION_SCHEMA.COLUMNS WHERE TABLE_NAME='ST_API_BUSINESSUNIT'and TABLE_SCHEMA='API_MAT'
Executing Snowflake query :: SELECT COLUMN_NAME FROM CURATED_DATAMART.INFORMATION_SCHEMA.COLUMNS WHERE TABLE_NAME='STR_API_BUSINESSUNIT'and TABLE_SCHEMA='ST_API_HUTCHINSON'
Executing Snowflake query :: SELECT COLUMN_NAME FROM DEV_ENT_CURATED.INFORMATION_SCHEMA.COLUMNS WHERE TABLE_NAME='DIM_BUSINESSUNIT'and TABLE_SCHEMA='MASTER_DIMENSIONS'
Column names for RAW Table --> ST_API_BUSINESSUNIT :: [ADDRESS_ZIP, CORPORATECONTRACTNUMBER, CREDITCARDPROCESSORLOGIN, DATA, FRANCHISEEINFO_NAME, FRANCHISEEINFO_TRUCKSOPERATING, INVOICEHEADER, MATERIALSKUREFERENCE_SKUTYPE, OFFERWORKERSCOMPENSATION, PAYROLLIDLETIMEDOUBLEOVERTIMEPAYCODE_ID, CREATEDBY_ID, FRANCHISEEINFO_COMMENTS, INSURANCECOMPANYPHONE, MATERIALSKU_ID, PAYROLLFLATFEEMINIMUM, SERVICEFINANCEDEALERNAME, PAYROLLSOLDBYPAYCODE, CONSTRUCTION, INSURANCECOMPANYNAME, ENABLEWORKORDERS, FINANCEITACCOUNTEMAIL, PAYROLLTYPE, PHONENUMBER, POSTDATE, TRADE_ID, WORLDPAYSUBID, PAYROLLJOBHOURSSTANDARDPAYCODE_ID, PAYROLLTASKBONUSPAYCODE, PAYROLLJOBHOURSOTPAYCODE, ACTIVATIONLOCKED, ADDRESS_STATE, COMMISSIONCALCULATION, OFFERCOMMERCIALGENERALLIABILITY, PAYROLLTASKBONUSPAYCODENEW, ADDRESS_STREET, JOBBOOKEDALERTRECIPIENTS, MINIMUMROYALTYFEE, QUICKBOOKSROOTSALESACCOUNT, TURNSCONTRACTORID, FRANCHISEEINFO_PIVOTALNUMBER, MEALAPPOINTMENT_ID, NOCHARGECOMMERCIAL, PAYROLLPERCENTAGEFEEMINIMUM, PAYROLLTURNOVERBONUSPAYCODENEW, ADDRESS_ISMILITARY, CURRENCY, OVERTIMEMODE, ADDRESS_LATITUDE, BANKACCOUNTPROCESSOR_ID, DIVISIONNAME, FINANCEITPARTNERID, MODIFIEDON, PAYMENTPROCESSOR, QUICKBOOKSCLASS, SERVICEFINANCEDEALERID, WORLDPAYACCOUNTID, AUTHORIZATIONAGREEMENT_ORIGINALFILENAME, CREATEDON, DIVISION_ID, ENABLEWORKORDERSEQUIPMENTFORMATTING, ESTIMATEAUTHORIZATIONPARAGRAPH, HIDEPRICES, NAME, NAVISIONOVERTIMEEARNINGCODE, NOCHARGE, PAYMENTOPTIONS, PAYROLLSOLDBYPAYCODENEW, PAYROLLTURNOVERBONUSPAYCODE, PAYROLLIDLETIMESTANDARDPAYCODE_ID, THREEDAYCANCELATIONPARAGRAPH, PAYROLLWEIGHTEDOVERTIMEPAYCODE_ID, AUTHORIZATIONPARAGRAPH, ACKNOWLEDGEMENTAGREEMENT_FILENAME, ADDRESS_CITY, ADDRESS_ISMANUALCOORDINATES, ADDRESS_UNIT, CALIFORNIACOMPLIANTCONTRACTDOCUMENTS, EMAIL, IMPORTID, ADDRESS_LONGITUDE, GOAL, OFFICIALNAME, PAYROLLFLATFEE, PAYROLLIDLETIMEOVERTIMEPAYCODE_ID, PAYROLLJOBHOURSDOUBLEOVERTIMEPAYCODE_ID, QUICKBOOKSOAUTHSETTINGS, PAYROLLCOSTMARKUP, TGLBONUS, PAYROLLIDLETIMESTPAYCODE, ACTIVE, ACKNOWLEDGEMENTAGREEMENT_ORIGINALFILENAME, ADDRESS_COUNTRY, AUTHORIZATIONAGREEMENT_FILENAME, CREDITCARDPROCESSORKEY, CREDITCARDPROCESSOR_ID, FINANCEITAUTHTOKEN, FRANCHISEEINFO_CONTRACT, INVOICEMESSAGE, NAVISIONSTANDARDTIMEEARNINGCODE, PAYROLLEXPENSEDEDUCTIONTRIGGER, PAYROLLIDLETIMEOTPAYCODE, PAYROLLWEIGHTEDOTPAYCODE, DEFAULTTAXRATE, ID, PAYROLLPERCENTAGEFEE, PAYROLLJOBHOURSOVERTIMEPAYCODE_ID, WARRANTYRATE, GREENSKYMERCHANTID, PAYROLLJOBHOURSSTPAYCODE, LOGO, NAVISIONGLCODE, SELLERFEE, ACKNOWLEDGEMENTPARAGRAPH, EXTERNALID, HVACDASHBOARDSECTIONS, INTACCTENTITY_ID, FRANCHISEEINFO_GST, LICENSENUMBER, NOCHARGERESIDENTIAL, INTEGRATEDREFUNDS_ID, MATERIALSKUREFERENCE_SKUID, TURNOVERMINIMUMTHRESHOLD, PAYROLLINVOICEBONUSPAYCODE_ID, WORLDPAYMERCHANTPIN, TENANT_TYPE]
Column names for DataMart Table --> STR_API_BUSINESSUNIT :: [ACKNOWLEDGEMENTPARAGRAPH, ADDRESS_ISMANUALCOORDINATES, ADDRESS_LATITUDE, ADDRESS_LONGITUDE, ADDRESS_STATE, ADDRESS_UNIT, EMAIL, NOCHARGERESIDENTIAL, QUICKBOOKSCLASS, SELLERFEE, COMMISSIONCALCULATION, CREDITCARDPROCESSORKEY, GREENSKYMERCHANTID, POSTDATE, FRANCHISEEINFO_TRUCKSOPERATING, NAME, RECORD_UPDATE_DATE, WORLDPAYACCOUNTID, FRANCHISEEINFO_CONTRACT, PAYROLLPERCENTAGEFEE, AUTHORIZATIONAGREEMENT_FILENAME, CORPORATECONTRACTNUMBER, CREATEDON, FRANCHISEEINFO_NAME, GOAL, MATERIALSKUREFERENCE_SKUID, HVACDASHBOARDSECTIONS, MODIFIEDON, PAYROLLJOBHOURSDOUBLEOVERTIMEPAYCODE_ID, TRADE_ID, WORLDPAYSUBID, MINIMUMROYALTYFEE, ACTIVATIONLOCKED, ACTIVE_FLAG, ADDRESS_CITY, ID, PAYROLLPERCENTAGEFEEMINIMUM, RECORD_CREATE_DATE, ESTIMATEAUTHORIZATIONPARAGRAPH, FINANCEITAUTHTOKEN, NAVISIONOVERTIMEEARNINGCODE, NAVISIONSTANDARDTIMEEARNINGCODE, PAYROLLIDLETIMEDOUBLEOVERTIMEPAYCODE_ID, THREEDAYCANCELATIONPARAGRAPH, OFFICIALNAME, PAYROLLIDLETIMEOTPAYCODE, QUICKBOOKSROOTSALESACCOUNT, AUTHORIZATIONPARAGRAPH, PAYROLLWEIGHTEDOTPAYCODE, BANKACCOUNTPROCESSOR_ID, CONSTRUCTION, CURRENCY, ENABLEWORKORDERS, EXTERNALID, JOBBOOKEDALERTRECIPIENTS, MATERIALSKU_ID, OFFERCOMMERCIALGENERALLIABILITY, OVERTIMEMODE, FINANCEITPARTNERID, FRANCHISEEINFO_GST, PAYROLLJOBHOURSSTANDARDPAYCODE_ID, SERVICEFINANCEDEALERID, INVOICEHEADER, MATERIALSKUREFERENCE_SKUTYPE, PAYROLLSOLDBYPAYCODE, ADDRESS_COUNTRY, ADDRESS_ZIP, BCCEMAIL, INVOICEMESSAGE, NOCHARGE, PAYROLLIDLETIMESTANDARDPAYCODE_ID, PAYROLLSOLDBYPAYCODENEW, CREDITCARDPROCESSOR_ID, FRANCHISEEINFO_COMMENTS, PAYMENTPROCESSOR, WORLDPAYMERCHANTPIN, PAYROLLTYPE, DEFAULTTAXRATE, PAYROLLTURNOVERBONUSPAYCODE, ACKNOWLEDGEMENTAGREEMENT_ORIGINALFILENAME, ACTIVE, FINANCEITACCOUNTEMAIL, IMPORTID, OFFERWORKERSCOMPENSATION, PAYROLLEXPENSEDEDUCTIONTRIGGER, QUICKBOOKSOAUTHSETTINGS, TGLBONUS, TURNOVERMINIMUMTHRESHOLD, TURNSCONTRACTORID, LICENSENUMBER, MEALAPPOINTMENT_ID, PAYROLLWEIGHTEDOVERTIMEPAYCODE_ID, TENANT_TYPE, WARRANTYRATE, PAYROLLTASKBONUSPAYCODENEW, NAVISIONGLCODE, PAYROLLJOBHOURSOVERTIMEPAYCODE_ID, CALIFORNIACOMPLIANTCONTRACTDOCUMENTS, DIVISIONNAME, NOCHARGECOMMERCIAL, PAYROLLIDLETIMEOVERTIMEPAYCODE_ID, SERVICEFINANCEDEALERNAME, DATA, DIVISION_ID, ENABLEWORKORDERSEQUIPMENTFORMATTING, HIDEPRICES, INTEGRATEDREFUNDS_ID, PAYROLLCOSTMARKUP, PAYROLLTURNOVERBONUSPAYCODENEW, INSURANCECOMPANYNAME, PAYROLLFLATFEEMINIMUM, FRANCHISEEINFO_PIVOTALNUMBER, PAYROLLJOBHOURSSTPAYCODE, ACKNOWLEDGEMENTAGREEMENT_FILENAME, ADDRESS_ISMILITARY, ADDRESS_STREET, AUTHORIZATIONAGREEMENT_ORIGINALFILENAME, INTACCTENTITY_ID, LOGO, PAYROLLINVOICEBONUSPAYCODE_ID, CREATEDBY_ID, CREDITCARDPROCESSORLOGIN, MASTER_ID, PAYROLLJOBHOURSOTPAYCODE, PHONENUMBER, INSURANCECOMPANYPHONE, PAYROLLFLATFEE, PAYROLLIDLETIMESTPAYCODE, PAYROLLTASKBONUSPAYCODE, PAYMENTOPTIONS]
Column names for Curated Table --> DIM_BUSINESSUNIT :: [ADDRESS_COUNTRY, ADDRESS_STREET, BANKACCOUNTPROCESSOR_ID, MEALAPPOINTMENT_ID, CREATEDBY_ID, DIVISION_ID, OFFERCOMMERCIALGENERALLIABILITY, PAYMENTPROCESSOR, PAYROLLJOBHOURSSTANDARDPAYCODE_ID, PAYROLLSOLDBYPAYCODE, TGLBONUS, NAME, PAYROLLCOSTMARKUP, PAYROLLJOBHOURSDOUBLEOVERTIMEPAYCODE_ID, LICENSENUMBER, LOGO, OVERTIMEMODE, ACKNOWLEDGEMENTAGREEMENT_ORIGINALFILENAME, AUTHORIZATIONPARAGRAPH, FINANCEITPARTNERID, WARRANTYRATE, FINANCEITACCOUNTEMAIL, PAYROLLTYPE, QUICKBOOKSCLASS, QUICKBOOKSOAUTHSETTINGS, GREENSKYMERCHANTID, CREDITCARDPROCESSORKEY, CREDITCARDPROCESSORLOGIN, CREDITCARDPROCESSOR_ID, DEFAULTTAXRATE, FRANCHISEEINFO_COMMENTS, HVACDASHBOARDSECTIONS, MODIFIEDON, WORLDPAYACCOUNTID, PAYROLLIDLETIMEDOUBLEOVERTIMEPAYCODE_ID, TENANT_TYPE, FRANCHISEEINFO_GST, RECORD_CREATE_DATE, NOCHARGE, PAYMENTOPTIONS, PAYROLLPERCENTAGEFEE, PAYROLLSOLDBYPAYCODENEW, ADDRESS_LONGITUDE, ADDRESS_ZIP, CREATEDON, INTEGRATEDREFUNDS_ID, JOBBOOKEDALERTRECIPIENTS, NAVISIONOVERTIMEEARNINGCODE, PAYROLLINVOICEBONUSPAYCODE_ID, ACTIVE, ADDRESS_STATE, AUTHORIZATIONAGREEMENT_ORIGINALFILENAME, ENABLEWORKORDERS, MATERIALSKU_ID, NAVISIONSTANDARDTIMEEARNINGCODE, PAYROLLJOBHOURSSTPAYCODE, POSTDATE, ADDRESS_ISMILITARY, ADDRESS_LATITUDE, ADDRESS_UNIT, CALIFORNIACOMPLIANTCONTRACTDOCUMENTS, ENABLEWORKORDERSEQUIPMENTFORMATTING, HIDEPRICES, INVOICEHEADER, COMMISSIONCALCULATION, EMAIL, FRANCHISEEINFO_TRUCKSOPERATING, PAYROLLIDLETIMESTANDARDPAYCODE_ID, PAYROLLIDLETIMESTPAYCODE, TRADE_ID, AUTHORIZATIONAGREEMENT_FILENAME, SERVICEFINANCEDEALERID, WORLDPAYMERCHANTPIN, BCCEMAIL, OFFERWORKERSCOMPENSATION, NAVISIONGLCODE, WORLDPAYSUBID, ACKNOWLEDGEMENTAGREEMENT_FILENAME, ACTIVATIONLOCKED, DIVISIONNAME, FINANCEITAUTHTOKEN, FRANCHISEEINFO_PIVOTALNUMBER, INSURANCECOMPANYNAME, PAYROLLWEIGHTEDOVERTIMEPAYCODE_ID, TURNSCONTRACTORID, FRANCHISEEINFO_NAME, MINIMUMROYALTYFEE, PAYROLLEXPENSEDEDUCTIONTRIGGER, PAYROLLPERCENTAGEFEEMINIMUM, RECORD_UPDATED_BY, SERVICEFINANCEDEALERNAME, ESTIMATEAUTHORIZATIONPARAGRAPH, TURNOVERMINIMUMTHRESHOLD, PAYROLLIDLETIMEOVERTIMEPAYCODE_ID, RECORD_UPDATE_DATE, ACKNOWLEDGEMENTPARAGRAPH, ADDRESS_ISMANUALCOORDINATES, INVOICEMESSAGE, MATERIALSKUREFERENCE_SKUID, MATERIALSKUREFERENCE_SKUTYPE, PAYROLLIDLETIMEOTPAYCODE, PAYROLLJOBHOURSOTPAYCODE, PAYROLLJOBHOURSOVERTIMEPAYCODE_ID, CONSTRUCTION, CORPORATECONTRACTNUMBER, DATA, NOCHARGECOMMERCIAL, NOCHARGERESIDENTIAL, PAYROLLTASKBONUSPAYCODE, PAYROLLTASKBONUSPAYCODENEW, QUICKBOOKSROOTSALESACCOUNT, ID, PAYROLLTURNOVERBONUSPAYCODENEW, ADDRESS_CITY, CURRENCY, GOAL, IMPORTID, INSURANCECOMPANYPHONE, PAYROLLTURNOVERBONUSPAYCODE, OFFICIALNAME, PAYROLLFLATFEE, PHONENUMBER, SELLERFEE, THREEDAYCANCELATIONPARAGRAPH, FRANCHISEEINFO_CONTRACT, PAYROLLFLATFEEMINIMUM, PAYROLLWEIGHTEDOTPAYCODE, INTACCTENTITY_ID, EXTERNALID]
Column Name found in Datamart and Curated Table :: ADDRESS_ZIP
Column Name found in Datamart and Curated Table :: CORPORATECONTRACTNUMBER
Column Name found in Datamart and Curated Table :: CREDITCARDPROCESSORLOGIN
Column Name found in Datamart and Curated Table :: DATA
Column Name found in Datamart and Curated Table :: FRANCHISEEINFO_NAME
Column Name found in Datamart and Curated Table :: FRANCHISEEINFO_TRUCKSOPERATING
Column Name found in Datamart and Curated Table :: INVOICEHEADER
Column Name found in Datamart and Curated Table :: MATERIALSKUREFERENCE_SKUTYPE
Column Name found in Datamart and Curated Table :: OFFERWORKERSCOMPENSATION
Column Name found in Datamart and Curated Table :: PAYROLLIDLETIMEDOUBLEOVERTIMEPAYCODE_ID
Column Name found in Datamart and Curated Table :: CREATEDBY_ID
Column Name found in Datamart and Curated Table :: FRANCHISEEINFO_COMMENTS
Column Name found in Datamart and Curated Table :: INSURANCECOMPANYPHONE
Column Name found in Datamart and Curated Table :: MATERIALSKU_ID
Column Name found in Datamart and Curated Table :: PAYROLLFLATFEEMINIMUM
Column Name found in Datamart and Curated Table :: SERVICEFINANCEDEALERNAME
Column Name found in Datamart and Curated Table :: PAYROLLSOLDBYPAYCODE
Column Name found in Datamart and Curated Table :: CONSTRUCTION
Column Name found in Datamart and Curated Table :: INSURANCECOMPANYNAME
Column Name found in Datamart and Curated Table :: ENABLEWORKORDERS
Column Name found in Datamart and Curated Table :: FINANCEITACCOUNTEMAIL
Column Name found in Datamart and Curated Table :: PAYROLLTYPE
Column Name found in Datamart and Curated Table :: PHONENUMBER
Column Name found in Datamart and Curated Table :: POSTDATE
Column Name found in Datamart and Curated Table :: TRADE_ID
Column Name found in Datamart and Curated Table :: WORLDPAYSUBID
Column Name found in Datamart and Curated Table :: PAYROLLJOBHOURSSTANDARDPAYCODE_ID
Column Name found in Datamart and Curated Table :: PAYROLLTASKBONUSPAYCODE
Column Name found in Datamart and Curated Table :: PAYROLLJOBHOURSOTPAYCODE
Column Name found in Datamart and Curated Table :: ACTIVATIONLOCKED
Column Name found in Datamart and Curated Table :: ADDRESS_STATE
Column Name found in Datamart and Curated Table :: COMMISSIONCALCULATION
Column Name found in Datamart and Curated Table :: OFFERCOMMERCIALGENERALLIABILITY
Column Name found in Datamart and Curated Table :: PAYROLLTASKBONUSPAYCODENEW
Column Name found in Datamart and Curated Table :: ADDRESS_STREET
Column Name found in Datamart and Curated Table :: JOBBOOKEDALERTRECIPIENTS
Column Name found in Datamart and Curated Table :: MINIMUMROYALTYFEE
Column Name found in Datamart and Curated Table :: QUICKBOOKSROOTSALESACCOUNT
Column Name found in Datamart and Curated Table :: TURNSCONTRACTORID
Column Name found in Datamart and Curated Table :: FRANCHISEEINFO_PIVOTALNUMBER
Column Name found in Datamart and Curated Table :: MEALAPPOINTMENT_ID
Column Name found in Datamart and Curated Table :: NOCHARGECOMMERCIAL
Column Name found in Datamart and Curated Table :: PAYROLLPERCENTAGEFEEMINIMUM
Column Name found in Datamart and Curated Table :: PAYROLLTURNOVERBONUSPAYCODENEW
Column Name found in Datamart and Curated Table :: ADDRESS_ISMILITARY
Column Name found in Datamart and Curated Table :: CURRENCY
Column Name found in Datamart and Curated Table :: OVERTIMEMODE
Column Name found in Datamart and Curated Table :: ADDRESS_LATITUDE
Column Name found in Datamart and Curated Table :: BANKACCOUNTPROCESSOR_ID
Column Name found in Datamart and Curated Table :: DIVISIONNAME
Column Name found in Datamart and Curated Table :: FINANCEITPARTNERID
Column Name found in Datamart and Curated Table :: MODIFIEDON
Column Name found in Datamart and Curated Table :: PAYMENTPROCESSOR
Column Name found in Datamart and Curated Table :: QUICKBOOKSCLASS
Column Name found in Datamart and Curated Table :: SERVICEFINANCEDEALERID
Column Name found in Datamart and Curated Table :: WORLDPAYACCOUNTID
Column Name found in Datamart and Curated Table :: AUTHORIZATIONAGREEMENT_ORIGINALFILENAME
Column Name found in Datamart and Curated Table :: CREATEDON
Column Name found in Datamart and Curated Table :: DIVISION_ID
Column Name found in Datamart and Curated Table :: ENABLEWORKORDERSEQUIPMENTFORMATTING
Column Name found in Datamart and Curated Table :: ESTIMATEAUTHORIZATIONPARAGRAPH
Column Name found in Datamart and Curated Table :: HIDEPRICES
Column Name found in Datamart and Curated Table :: NAME
Column Name found in Datamart and Curated Table :: NAVISIONOVERTIMEEARNINGCODE
Column Name found in Datamart and Curated Table :: NOCHARGE
Column Name found in Datamart and Curated Table :: PAYMENTOPTIONS
Column Name found in Datamart and Curated Table :: PAYROLLSOLDBYPAYCODENEW
Column Name found in Datamart and Curated Table :: PAYROLLTURNOVERBONUSPAYCODE
Column Name found in Datamart and Curated Table :: PAYROLLIDLETIMESTANDARDPAYCODE_ID
Column Name found in Datamart and Curated Table :: THREEDAYCANCELATIONPARAGRAPH
Column Name found in Datamart and Curated Table :: PAYROLLWEIGHTEDOVERTIMEPAYCODE_ID
Column Name found in Datamart and Curated Table :: AUTHORIZATIONPARAGRAPH
Column Name found in Datamart and Curated Table :: ACKNOWLEDGEMENTAGREEMENT_FILENAME
Column Name found in Datamart and Curated Table :: ADDRESS_CITY
Column Name found in Datamart and Curated Table :: ADDRESS_ISMANUALCOORDINATES
Column Name found in Datamart and Curated Table :: ADDRESS_UNIT
Column Name found in Datamart and Curated Table :: CALIFORNIACOMPLIANTCONTRACTDOCUMENTS
Column Name found in Datamart and Curated Table :: EMAIL
Column Name found in Datamart and Curated Table :: IMPORTID
Column Name found in Datamart and Curated Table :: ADDRESS_LONGITUDE
Column Name found in Datamart and Curated Table :: GOAL
Column Name found in Datamart and Curated Table :: OFFICIALNAME
Column Name found in Datamart and Curated Table :: PAYROLLFLATFEE
Column Name found in Datamart and Curated Table :: PAYROLLIDLETIMEOVERTIMEPAYCODE_ID
Column Name found in Datamart and Curated Table :: PAYROLLJOBHOURSDOUBLEOVERTIMEPAYCODE_ID
Column Name found in Datamart and Curated Table :: QUICKBOOKSOAUTHSETTINGS
Column Name found in Datamart and Curated Table :: PAYROLLCOSTMARKUP
Column Name found in Datamart and Curated Table :: TGLBONUS
Column Name found in Datamart and Curated Table :: PAYROLLIDLETIMESTPAYCODE
Column Name found in Datamart and Curated Table :: ACTIVE
Column Name found in Datamart and Curated Table :: ACKNOWLEDGEMENTAGREEMENT_ORIGINALFILENAME
Column Name found in Datamart and Curated Table :: ADDRESS_COUNTRY
Column Name found in Datamart and Curated Table :: AUTHORIZATIONAGREEMENT_FILENAME
Column Name found in Datamart and Curated Table :: CREDITCARDPROCESSORKEY
Column Name found in Datamart and Curated Table :: CREDITCARDPROCESSOR_ID
Column Name found in Datamart and Curated Table :: FINANCEITAUTHTOKEN
Column Name found in Datamart and Curated Table :: FRANCHISEEINFO_CONTRACT
Column Name found in Datamart and Curated Table :: INVOICEMESSAGE
Column Name found in Datamart and Curated Table :: NAVISIONSTANDARDTIMEEARNINGCODE
Column Name found in Datamart and Curated Table :: PAYROLLEXPENSEDEDUCTIONTRIGGER
Column Name found in Datamart and Curated Table :: PAYROLLIDLETIMEOTPAYCODE
Column Name found in Datamart and Curated Table :: PAYROLLWEIGHTEDOTPAYCODE
Column Name found in Datamart and Curated Table :: DEFAULTTAXRATE
Column Name found in Datamart and Curated Table :: ID
Column Name found in Datamart and Curated Table :: PAYROLLPERCENTAGEFEE
Column Name found in Datamart and Curated Table :: PAYROLLJOBHOURSOVERTIMEPAYCODE_ID
Column Name found in Datamart and Curated Table :: WARRANTYRATE
Column Name found in Datamart and Curated Table :: GREENSKYMERCHANTID
Column Name found in Datamart and Curated Table :: PAYROLLJOBHOURSSTPAYCODE
Column Name found in Datamart and Curated Table :: LOGO
Column Name found in Datamart and Curated Table :: NAVISIONGLCODE
Column Name found in Datamart and Curated Table :: SELLERFEE
Column Name found in Datamart and Curated Table :: ACKNOWLEDGEMENTPARAGRAPH
Column Name found in Datamart and Curated Table :: EXTERNALID
Column Name found in Datamart and Curated Table :: HVACDASHBOARDSECTIONS
Column Name found in Datamart and Curated Table :: INTACCTENTITY_ID
Column Name found in Datamart and Curated Table :: FRANCHISEEINFO_GST
Column Name found in Datamart and Curated Table :: LICENSENUMBER
Column Name found in Datamart and Curated Table :: NOCHARGERESIDENTIAL
Column Name found in Datamart and Curated Table :: INTEGRATEDREFUNDS_ID
Column Name found in Datamart and Curated Table :: MATERIALSKUREFERENCE_SKUID
Column Name found in Datamart and Curated Table :: TURNOVERMINIMUMTHRESHOLD
Column Name found in Datamart and Curated Table :: PAYROLLINVOICEBONUSPAYCODE_ID
Column Name found in Datamart and Curated Table :: WORLDPAYMERCHANTPIN
Column Name found in Datamart and Curated Table :: TENANT_TYPE
Datamart tables contains additional column name like [ACTIVE_FLAG, RECORD_CREATE_DATE, RECORD_UPDATE_DATE, MASTER_ID]
Curated tables contains additional column name like [RECORD_CREATE_DATE, RECORD_UPDATE_DATE, RECORD_UPDATED_BY]]]>
  </system-out>
  <testcase classname="testcases.RAW_DATAMART_CURATED.SnowFlake_ColumnValidation_APITables" name="validateColumnName_BKP" time="3.297"/>
  <system-out>
    <![CDATA[Executing Snowflake query :: SELECT COLUMN_NAME FROM DEV_ENT_RAW.INFORMATION_SCHEMA.COLUMNS WHERE TABLE_NAME='ST_API_EQUIPMENT'and TABLE_SCHEMA='API_MAT'
Executing Snowflake query :: SELECT COLUMN_NAME FROM CURATED_DATAMART.INFORMATION_SCHEMA.COLUMNS WHERE TABLE_NAME='STR_API_EQUIPMENT'and TABLE_SCHEMA='ST_API_SNELLHEATINGAIR'
Executing Snowflake query :: SELECT COLUMN_NAME FROM DEV_ENT_CURATED.INFORMATION_SCHEMA.COLUMNS WHERE TABLE_NAME='DIM_EQUIPMENT'and TABLE_SCHEMA='MASTER_DIMENSIONS'
Column names for RAW Table --> ST_API_EQUIPMENT :: [BUSINESSUNIT_ID, HOURS, IMPORTID, TAXABLE, MANUFACTURER, MODIFIEDON, NAME, PAYSSOLDBYRATE, PAYTECHSPECIFICBONUS, SCHEDULEDFLATAMOUNT, SOURCEVERSION, ACCOUNT, CREATEDBY_ID, SOURCE, WARRANTYRESERVE, BONUS, ADDONMEMBERPRICE, COST, ISSERIALIZED, MANUFACTURERWARRANTY_DESCRIPTION, EXCLUDEFROMPRICEBOOKWIZARD, ORIGINAL_ID, PRIMARYVENDOR_ID, ALLOWDISCOUNTS, COPIEDFROM_ID, CREATEDON, PAYSFLATAMOUNT, SERIALIZEDON, DISPLAYNAME, ACTIVE, ARCHIVED, AVALARACOMMERCIALTAXCODE, CROSSSALEGROUP, PAYSCOMMISSION, UNITOFMEASURE, DISPLAYINAMOUNT, EXTERNALID, ID, INVENTORYENABLEDON, SUPPLIERIMAGES, SYNCDATE, ADDONFLATAMOUNT, ISINVENTORY, TYPE_ID, SERVICEPROVIDERWARRANTY_DURATION, AVALARARESIDENTIALTAXCODE, COMMISSIONBONUS, IMAGES, MODEL, INVENTORYENABLEDBY_ID, PRICE, ADDONPRICE, ASSETACCOUNT_ID, CATEGORY_ID, GENERALLEDGERACCOUNT_ID, LOYALTYPROGRAMELIGIBLE, COSTOFSALEACCOUNT_ID, DESCRIPTION, MANUFACTURERWARRANTY_DURATION, PROVIDER_ID, SERVICEPROVIDERWARRANTY_DESCRIPTION, MEMBERPRICE, TENANT_TYPE]
Column names for DataMart Table --> STR_API_EQUIPMENT :: [ADDONMEMBERPRICE, ADDONPRICE, COMMISSIONBONUS, COSTOFSALEACCOUNT_ID, WARRANTYRESERVE, BONUS, COST, MEMBERPRICE, PAYTECHSPECIFICBONUS, ID, INVENTORYENABLEDBY_ID, SUPPLIERIMAGES, RECORD_CREATE_DATE, ACCOUNT, SCHEDULEDFLATAMOUNT, COPIEDFROM_ID, GENERALLEDGERACCOUNT_ID, MANUFACTURERWARRANTY_DURATION, SERVICEPROVIDERWARRANTY_DESCRIPTION, SOURCE, SOURCEVERSION, TYPE_ID, INVENTORYENABLEDON, ORIGINAL_ID, ACTIVE_FLAG, ADDONFLATAMOUNT, CREATEDON, DESCRIPTION, MASTER_ID, PAYSFLATAMOUNT, CREATEDBY_ID, IMPORTID, ISSERIALIZED, ACTIVE, ALLOWDISCOUNTS, ASSETACCOUNT_ID, CATEGORY_ID, NAME, PAYSSOLDBYRATE, PRICE, PROVIDER_ID, SERIALIZEDON, CROSSSALEGROUP, HOURS, MANUFACTURERWARRANTY_DESCRIPTION, PRIMARYVENDOR_ID, TAXABLE, DISPLAYINAMOUNT, MANUFACTURER, PAYSCOMMISSION, RECORD_UPDATE_DATE, SYNCDATE, BUSINESSUNIT_ID, DISPLAYNAME, EXTERNALID, TENANT_TYPE, AVALARACOMMERCIALTAXCODE, IMAGES, ISINVENTORY, MODIFIEDON, ARCHIVED, AVALARARESIDENTIALTAXCODE, EXCLUDEFROMPRICEBOOKWIZARD, LOYALTYPROGRAMELIGIBLE, MODEL, UNITOFMEASURE, BRAND, SERVICEPROVIDERWARRANTY_DURATION]
Column names for Curated Table --> DIM_EQUIPMENT :: [ASSETACCOUNT_ID, COMMISSIONBONUS, COSTOFSALEACCOUNT_ID, MODEL, SCHEDULEDFLATAMOUNT, COPIEDFROM_ID, ISSERIALIZED, PAYSFLATAMOUNT, PAYTECHSPECIFICBONUS, RECORD_CREATE_DATE, SERVICEPROVIDERWARRANTY_DURATION, ID, AVALARACOMMERCIALTAXCODE, BONUS, HOURS, LOYALTYPROGRAMELIGIBLE, SOURCE, SERIALIZEDON, ADDONPRICE, EXCLUDEFROMPRICEBOOKWIZARD, PAYSCOMMISSION, ISINVENTORY, MODIFIEDON, ACTIVE, ADDONMEMBERPRICE, CREATEDON, EXTERNALID, PRIMARYVENDOR_ID, BUSINESSUNIT_ID, NAME, PAYSSOLDBYRATE, SYNCDATE, AVALARARESIDENTIALTAXCODE, BRAND, CREATEDBY_ID, DISPLAYINAMOUNT, MANUFACTURERWARRANTY_DESCRIPTION, TENANT_TYPE, MANUFACTURER, PROVIDER_ID, SOURCEVERSION, RECORD_UPDATED_BY, ACCOUNT, ADDONFLATAMOUNT, COST, DISPLAYNAME, INVENTORYENABLEDBY_ID, TAXABLE, ARCHIVED, RECORD_UPDATE_DATE, DESCRIPTION, CATEGORY_ID, ALLOWDISCOUNTS, GENERALLEDGERACCOUNT_ID, INVENTORYENABLEDON, PRICE, TYPE_ID, SUPPLIERIMAGES, UNITOFMEASURE, CROSSSALEGROUP, IMAGES, IMPORTID, ORIGINAL_ID, SERVICEPROVIDERWARRANTY_DESCRIPTION, MEMBERPRICE, WARRANTYRESERVE, MANUFACTURERWARRANTY_DURATION]
Column Name found in Datamart and Curated Table :: BUSINESSUNIT_ID
Column Name found in Datamart and Curated Table :: HOURS
Column Name found in Datamart and Curated Table :: IMPORTID
Column Name found in Datamart and Curated Table :: TAXABLE
Column Name found in Datamart and Curated Table :: MANUFACTURER
Column Name found in Datamart and Curated Table :: MODIFIEDON
Column Name found in Datamart and Curated Table :: NAME
Column Name found in Datamart and Curated Table :: PAYSSOLDBYRATE
Column Name found in Datamart and Curated Table :: PAYTECHSPECIFICBONUS
Column Name found in Datamart and Curated Table :: SCHEDULEDFLATAMOUNT
Column Name found in Datamart and Curated Table :: SOURCEVERSION
Column Name found in Datamart and Curated Table :: ACCOUNT
Column Name found in Datamart and Curated Table :: CREATEDBY_ID
Column Name found in Datamart and Curated Table :: SOURCE
Column Name found in Datamart and Curated Table :: WARRANTYRESERVE
Column Name found in Datamart and Curated Table :: BONUS
Column Name found in Datamart and Curated Table :: ADDONMEMBERPRICE
Column Name found in Datamart and Curated Table :: COST
Column Name found in Datamart and Curated Table :: ISSERIALIZED
Column Name found in Datamart and Curated Table :: MANUFACTURERWARRANTY_DESCRIPTION
Column Name found in Datamart and Curated Table :: EXCLUDEFROMPRICEBOOKWIZARD
Column Name found in Datamart and Curated Table :: ORIGINAL_ID
Column Name found in Datamart and Curated Table :: PRIMARYVENDOR_ID
Column Name found in Datamart and Curated Table :: ALLOWDISCOUNTS
Column Name found in Datamart and Curated Table :: COPIEDFROM_ID
Column Name found in Datamart and Curated Table :: CREATEDON
Column Name found in Datamart and Curated Table :: PAYSFLATAMOUNT
Column Name found in Datamart and Curated Table :: SERIALIZEDON
Column Name found in Datamart and Curated Table :: DISPLAYNAME
Column Name found in Datamart and Curated Table :: ACTIVE
Column Name found in Datamart and Curated Table :: ARCHIVED
Column Name found in Datamart and Curated Table :: AVALARACOMMERCIALTAXCODE
Column Name found in Datamart and Curated Table :: CROSSSALEGROUP
Column Name found in Datamart and Curated Table :: PAYSCOMMISSION
Column Name found in Datamart and Curated Table :: UNITOFMEASURE
Column Name found in Datamart and Curated Table :: DISPLAYINAMOUNT
Column Name found in Datamart and Curated Table :: EXTERNALID
Column Name found in Datamart and Curated Table :: ID
Column Name found in Datamart and Curated Table :: INVENTORYENABLEDON
Column Name found in Datamart and Curated Table :: SUPPLIERIMAGES
Column Name found in Datamart and Curated Table :: SYNCDATE
Column Name found in Datamart and Curated Table :: ADDONFLATAMOUNT
Column Name found in Datamart and Curated Table :: ISINVENTORY
Column Name found in Datamart and Curated Table :: TYPE_ID
Column Name found in Datamart and Curated Table :: SERVICEPROVIDERWARRANTY_DURATION
Column Name found in Datamart and Curated Table :: AVALARARESIDENTIALTAXCODE
Column Name found in Datamart and Curated Table :: COMMISSIONBONUS
Column Name found in Datamart and Curated Table :: IMAGES
Column Name found in Datamart and Curated Table :: MODEL
Column Name found in Datamart and Curated Table :: INVENTORYENABLEDBY_ID
Column Name found in Datamart and Curated Table :: PRICE
Column Name found in Datamart and Curated Table :: ADDONPRICE
Column Name found in Datamart and Curated Table :: ASSETACCOUNT_ID
Column Name found in Datamart and Curated Table :: CATEGORY_ID
Column Name found in Datamart and Curated Table :: GENERALLEDGERACCOUNT_ID
Column Name found in Datamart and Curated Table :: LOYALTYPROGRAMELIGIBLE
Column Name found in Datamart and Curated Table :: COSTOFSALEACCOUNT_ID
Column Name found in Datamart and Curated Table :: DESCRIPTION
Column Name found in Datamart and Curated Table :: MANUFACTURERWARRANTY_DURATION
Column Name found in Datamart and Curated Table :: PROVIDER_ID
Column Name found in Datamart and Curated Table :: SERVICEPROVIDERWARRANTY_DESCRIPTION
Column Name found in Datamart and Curated Table :: MEMBERPRICE
Column Name found in Datamart and Curated Table :: TENANT_TYPE
Datamart tables contains additional column name like [ACTIVE_FLAG, RECORD_CREATE_DATE, RECORD_UPDATE_DATE, MASTER_ID]
Curated tables contains additional column name like [RECORD_CREATE_DATE, RECORD_UPDATE_DATE, RECORD_UPDATED_BY]]]>
  </system-out>
  <testcase classname="testcases.RAW_DATAMART_CURATED.SnowFlake_ColumnValidation_APITables" name="validateColumnName_BKP" time="2.138"/>
  <system-out>
    <![CDATA[Executing Snowflake query :: SELECT COLUMN_NAME FROM DEV_ENT_RAW.INFORMATION_SCHEMA.COLUMNS WHERE TABLE_NAME='ST_API_CUSTOMERMEMBERSHIP'and TABLE_SCHEMA='API_MAT'
Executing Snowflake query :: SELECT COLUMN_NAME FROM CURATED_DATAMART.INFORMATION_SCHEMA.COLUMNS WHERE TABLE_NAME='STR_API_CUSTOMERMEMBERSHIP'and TABLE_SCHEMA='ST_API_EANESHEATING'
Executing Snowflake query :: SELECT COLUMN_NAME FROM DEV_ENT_CURATED.INFORMATION_SCHEMA.COLUMNS WHERE TABLE_NAME='DIM_CUSTOMERMEMBERSHIP'and TABLE_SCHEMA='MASTER_DIMENSIONS'
Column names for RAW Table --> ST_API_CUSTOMERMEMBERSHIP :: [CREATEDBY_ID, NEXTSCHEDULEDBILLDATE, DURATION, PAYMENTTYPE_ID, CANCELLATIONDATE, CUSTOMERPO, RENEWALDURATION, FOLLOWUPSTATUS, ID, LOCATION_ID, RENEWALMEMBERSHIPTASKREFERENCE_SKUID, PREVIOUSRECURRINGLOCATION_ID, RECURRINGLOCATION_ID, TYPE_ID, MODIFIEDON, ACTIVATEDFROM_ID, BILLINGFREQUENCY, CREATEDON, INVOICETEMPLATE_ID, MEMO, RENEWALMEMBERSHIPTASKREFERENCE_SKUTYPE, BILLINGTEMPLATE_ID, INITIALDEFERREDREVENUE, IMPORTID, ACTIVATEDBY_ID, BILLINGPREFERENCE, BUSINESSUNIT_ID, CUSTOMER_ID, FOLLOWUPCUSTOMSTATUS_ID, STATUS, EXPIREDAT, ACTIVE, BILLINGCOVERAGEPERIOD, FROM, RENEWALBILLINGFREQUENCY, RENEWEDBY_ID, CANCELATIONBALANCEINVOICE_ID, FOLLOWUPON, BILLINGEMAIL_ID, CANCELATIONBUYOUTINVOICE_ID, FIRSTSCHEDULEDBILLDATE, CANCELATIONINVOICE_ID, RENEWALMEMBERSHIPTASK_ID, SOLDBY_ID, TO, PAYMENTMETHOD_ID, TENANT_TYPE]
Column names for DataMart Table --> STR_API_CUSTOMERMEMBERSHIP :: [CANCELATIONBALANCEINVOICE_ID, RECORD_CREATE_DATE, CANCELLATIONDATE, MEMO, RECURRINGLOCATION_ID, SOLDBY_ID, ACTIVE, BUSINESSUNIT_ID, CANCELATIONINVOICE_ID, INVOICETEMPLATE_ID, MODIFIEDON, NEXTSCHEDULEDBILLDATE, RENEWALBILLINGFREQUENCY, FROM, PAYMENTMETHOD_ID, RENEWALDURATION, INITIALDEFERREDREVENUE, ACTIVATEDBY_ID, BILLINGFREQUENCY, BILLINGPREFERENCE, IMPORTID, RENEWEDBY_ID, ID, RENEWALMEMBERSHIPTASKREFERENCE_SKUTYPE, TYPE_ID, CUSTOMERPO, FIRSTSCHEDULEDBILLDATE, FOLLOWUPCUSTOMSTATUS_ID, PREVIOUSRECURRINGLOCATION_ID, RECORD_UPDATE_DATE, BILLINGTEMPLATE_ID, CANCELATIONBUYOUTINVOICE_ID, DURATION, RENEWALMEMBERSHIPTASK_ID, BILLINGEMAIL_ID, CUSTOMER_ID, FOLLOWUPON, PAYMENTTYPE_ID, TENANT_TYPE, RENEWALMEMBERSHIPTASKREFERENCE_SKUID, ACTIVATEDFROM_ID, BILLINGCOVERAGEPERIOD, EXPIREDAT, FOLLOWUPSTATUS, ACTIVE_FLAG, CREATEDON, LOCATION_ID, MASTER_ID, TO, CREATEDBY_ID, STATUS]
Column names for Curated Table --> DIM_CUSTOMERMEMBERSHIP :: [BILLINGFREQUENCY, CREATEDBY_ID, MODIFIEDON, PAYMENTTYPE_ID, RECURRINGLOCATION_ID, ACTIVE, BILLINGEMAIL_ID, FIRSTSCHEDULEDBILLDATE, RENEWALMEMBERSHIPTASKREFERENCE_SKUTYPE, TENANT_TYPE, ACTIVATEDBY_ID, BUSINESSUNIT_ID, CREATEDON, ID, INITIALDEFERREDREVENUE, CUSTOMERPO, FOLLOWUPSTATUS, RENEWALDURATION, RECORD_UPDATED_BY, BILLINGTEMPLATE_ID, FOLLOWUPCUSTOMSTATUS_ID, PAYMENTMETHOD_ID, RECORD_UPDATE_DATE, SOLDBY_ID, TYPE_ID, RENEWALMEMBERSHIPTASK_ID, BILLINGPREFERENCE, EXPIREDAT, NEXTSCHEDULEDBILLDATE, ACTIVATEDFROM_ID, CANCELATIONBALANCEINVOICE_ID, FROM, RECORD_CREATE_DATE, RENEWALMEMBERSHIPTASKREFERENCE_SKUID, TO, FOLLOWUPON, BILLINGCOVERAGEPERIOD, CUSTOMER_ID, DURATION, IMPORTID, RENEWALBILLINGFREQUENCY, STATUS, MEMO, CANCELATIONINVOICE_ID, CANCELLATIONDATE, PREVIOUSRECURRINGLOCATION_ID, CANCELATIONBUYOUTINVOICE_ID, INVOICETEMPLATE_ID, LOCATION_ID, RENEWEDBY_ID]
Column Name found in Datamart and Curated Table :: CREATEDBY_ID
Column Name found in Datamart and Curated Table :: NEXTSCHEDULEDBILLDATE
Column Name found in Datamart and Curated Table :: DURATION
Column Name found in Datamart and Curated Table :: PAYMENTTYPE_ID
Column Name found in Datamart and Curated Table :: CANCELLATIONDATE
Column Name found in Datamart and Curated Table :: CUSTOMERPO
Column Name found in Datamart and Curated Table :: RENEWALDURATION
Column Name found in Datamart and Curated Table :: FOLLOWUPSTATUS
Column Name found in Datamart and Curated Table :: ID
Column Name found in Datamart and Curated Table :: LOCATION_ID
Column Name found in Datamart and Curated Table :: RENEWALMEMBERSHIPTASKREFERENCE_SKUID
Column Name found in Datamart and Curated Table :: PREVIOUSRECURRINGLOCATION_ID
Column Name found in Datamart and Curated Table :: RECURRINGLOCATION_ID
Column Name found in Datamart and Curated Table :: TYPE_ID
Column Name found in Datamart and Curated Table :: MODIFIEDON
Column Name found in Datamart and Curated Table :: ACTIVATEDFROM_ID
Column Name found in Datamart and Curated Table :: BILLINGFREQUENCY
Column Name found in Datamart and Curated Table :: CREATEDON
Column Name found in Datamart and Curated Table :: INVOICETEMPLATE_ID
Column Name found in Datamart and Curated Table :: MEMO
Column Name found in Datamart and Curated Table :: RENEWALMEMBERSHIPTASKREFERENCE_SKUTYPE
Column Name found in Datamart and Curated Table :: BILLINGTEMPLATE_ID
Column Name found in Datamart and Curated Table :: INITIALDEFERREDREVENUE
Column Name found in Datamart and Curated Table :: IMPORTID
Column Name found in Datamart and Curated Table :: ACTIVATEDBY_ID
Column Name found in Datamart and Curated Table :: BILLINGPREFERENCE
Column Name found in Datamart and Curated Table :: BUSINESSUNIT_ID
Column Name found in Datamart and Curated Table :: CUSTOMER_ID
Column Name found in Datamart and Curated Table :: FOLLOWUPCUSTOMSTATUS_ID
Column Name found in Datamart and Curated Table :: STATUS
Column Name found in Datamart and Curated Table :: EXPIREDAT
Column Name found in Datamart and Curated Table :: ACTIVE
Column Name found in Datamart and Curated Table :: BILLINGCOVERAGEPERIOD
Column Name found in Datamart and Curated Table :: FROM
Column Name found in Datamart and Curated Table :: RENEWALBILLINGFREQUENCY
Column Name found in Datamart and Curated Table :: RENEWEDBY_ID
Column Name found in Datamart and Curated Table :: CANCELATIONBALANCEINVOICE_ID
Column Name found in Datamart and Curated Table :: FOLLOWUPON
Column Name found in Datamart and Curated Table :: BILLINGEMAIL_ID
Column Name found in Datamart and Curated Table :: CANCELATIONBUYOUTINVOICE_ID
Column Name found in Datamart and Curated Table :: FIRSTSCHEDULEDBILLDATE
Column Name found in Datamart and Curated Table :: CANCELATIONINVOICE_ID
Column Name found in Datamart and Curated Table :: RENEWALMEMBERSHIPTASK_ID
Column Name found in Datamart and Curated Table :: SOLDBY_ID
Column Name found in Datamart and Curated Table :: TO
Column Name found in Datamart and Curated Table :: PAYMENTMETHOD_ID
Column Name found in Datamart and Curated Table :: TENANT_TYPE
Datamart tables contains additional column name like [ACTIVE_FLAG, RECORD_CREATE_DATE, RECORD_UPDATE_DATE, MASTER_ID]
Curated tables contains additional column name like [RECORD_CREATE_DATE, RECORD_UPDATE_DATE, RECORD_UPDATED_BY]]]>
  </system-out>
  <testcase classname="testcases.RAW_DATAMART_CURATED.SnowFlake_ColumnValidation_APITables" name="validateColumnName_BKP" time="2.340"/>
  <system-out>
    <![CDATA[Executing Snowflake query :: SELECT COLUMN_NAME FROM DEV_ENT_RAW.INFORMATION_SCHEMA.COLUMNS WHERE TABLE_NAME='ST_API_PURCHASEORDERITEM'and TABLE_SCHEMA='API_MAT'
Executing Snowflake query :: SELECT COLUMN_NAME FROM CURATED_DATAMART.INFORMATION_SCHEMA.COLUMNS WHERE TABLE_NAME='STR_API_PURCHASEORDERITEM'and TABLE_SCHEMA='ST_API_HARP'
Executing Snowflake query :: SELECT COLUMN_NAME FROM DEV_ENT_CURATED.INFORMATION_SCHEMA.COLUMNS WHERE TABLE_NAME='DIM_PURCHASEORDERITEM'and TABLE_SCHEMA='MASTER_DIMENSIONS'
Column names for RAW Table --> ST_API_PURCHASEORDERITEM :: [EQUIPMENT_ID, MARKUP, MODIFIEDON, ROLLEDOVERFROMITEM_ID, UNITOFMEASURE_ID, ACTIVE, ID, IMPORTID, PURCHASEORDER_ID, SKUREFERENCE_SKUTYPE, BUSINESSUNIT_ID, ISINVENTORY, VENDORPARTNUMBER, COST, MATERIALVENDOR_ID, SERIALNUMBER, CREATEDON, DESCRIPTION, EQUIPMENTVENDOR_ID, REQUISITIONITEM_ID, TECHNICIANFORBASERATE2_ID, TECHNICIANSPLIT1, TECHNICIANFORBASERATE3_ID, STATUS, CREATEDBY_ID, TECHNICIANFORBASERATE1_ID, MATERIAL_ID, TECHNICIANSPLIT3, CHARGEABLEITEM_ID, INVENTORYLOCATION_ID, QUANTITY, ROLLOVERQUANTITY, SKUVENDOR_ID, PROJECTLABELS, SKUREFERENCE_SKUID, TECHNICIANSPLIT2, USEDMATERIAL_ID, SKU_ID, TENANT_TYPE]
Column names for DataMart Table --> STR_API_PURCHASEORDERITEM :: [CHARGEABLEITEM_ID, COST, ROLLOVERQUANTITY, SKUVENDOR_ID, MATERIALVENDOR_ID, EQUIPMENTVENDOR_ID, SKUREFERENCE_SKUTYPE, TECHNICIANFORBASERATE2_ID, ISINVENTORY, QUANTITY, REQUISITIONITEM_ID, STATUS, TECHNICIANSPLIT3, UNITOFMEASURE_ID, TECHNICIANSPLIT1, ACTIVE_FLAG, BUSINESSUNIT_ID, EQUIPMENT_ID, MATERIAL_ID, SKU_ID, TECHNICIANSPLIT2, PROJECTLABELS, USEDMATERIAL_ID, RECORD_CREATE_DATE, TENANT_TYPE, CREATEDON, IMPORTID, TECHNICIANFORBASERATE3_ID, CREATEDBY_ID, VENDORPARTNUMBER, DESCRIPTION, INVENTORYLOCATION_ID, MARKUP, TECHNICIANFORBASERATE1_ID, SERIALNUMBER, ACTIVE, ID, RECORD_UPDATE_DATE, ROLLEDOVERFROMITEM_ID, SKUREFERENCE_SKUID, MASTER_ID, MODIFIEDON, PURCHASEORDER_ID]
Column names for Curated Table --> DIM_PURCHASEORDERITEM :: [CREATEDBY_ID, DESCRIPTION, EQUIPMENTVENDOR_ID, EQUIPMENT_ID, MATERIALVENDOR_ID, RECORD_UPDATE_DATE, TECHNICIANFORBASERATE1_ID, MODIFIEDON, UNITOFMEASURE_ID, USEDMATERIAL_ID, TECHNICIANSPLIT2, CHARGEABLEITEM_ID, COST, QUANTITY, TECHNICIANFORBASERATE3_ID, INVENTORYLOCATION_ID, IMPORTID, REQUISITIONITEM_ID, TENANT_TYPE, VENDORPARTNUMBER, SKU_ID, CREATEDON, ID, SKUREFERENCE_SKUTYPE, MARKUP, PROJECTLABELS, PURCHASEORDER_ID, SERIALNUMBER, SKUVENDOR_ID, TECHNICIANSPLIT3, ROLLOVERQUANTITY, STATUS, BUSINESSUNIT_ID, ISINVENTORY, RECORD_CREATE_DATE, ROLLEDOVERFROMITEM_ID, TECHNICIANSPLIT1, SKUREFERENCE_SKUID, ACTIVE, MATERIAL_ID, RECORD_UPDATED_BY, TECHNICIANFORBASERATE2_ID]
Column Name found in Datamart and Curated Table :: EQUIPMENT_ID
Column Name found in Datamart and Curated Table :: MARKUP
Column Name found in Datamart and Curated Table :: MODIFIEDON
Column Name found in Datamart and Curated Table :: ROLLEDOVERFROMITEM_ID
Column Name found in Datamart and Curated Table :: UNITOFMEASURE_ID
Column Name found in Datamart and Curated Table :: ACTIVE
Column Name found in Datamart and Curated Table :: ID
Column Name found in Datamart and Curated Table :: IMPORTID
Column Name found in Datamart and Curated Table :: PURCHASEORDER_ID
Column Name found in Datamart and Curated Table :: SKUREFERENCE_SKUTYPE
Column Name found in Datamart and Curated Table :: BUSINESSUNIT_ID
Column Name found in Datamart and Curated Table :: ISINVENTORY
Column Name found in Datamart and Curated Table :: VENDORPARTNUMBER
Column Name found in Datamart and Curated Table :: COST
Column Name found in Datamart and Curated Table :: MATERIALVENDOR_ID
Column Name found in Datamart and Curated Table :: SERIALNUMBER
Column Name found in Datamart and Curated Table :: CREATEDON
Column Name found in Datamart and Curated Table :: DESCRIPTION
Column Name found in Datamart and Curated Table :: EQUIPMENTVENDOR_ID
Column Name found in Datamart and Curated Table :: REQUISITIONITEM_ID
Column Name found in Datamart and Curated Table :: TECHNICIANFORBASERATE2_ID
Column Name found in Datamart and Curated Table :: TECHNICIANSPLIT1
Column Name found in Datamart and Curated Table :: TECHNICIANFORBASERATE3_ID
Column Name found in Datamart and Curated Table :: STATUS
Column Name found in Datamart and Curated Table :: CREATEDBY_ID
Column Name found in Datamart and Curated Table :: TECHNICIANFORBASERATE1_ID
Column Name found in Datamart and Curated Table :: MATERIAL_ID
Column Name found in Datamart and Curated Table :: TECHNICIANSPLIT3
Column Name found in Datamart and Curated Table :: CHARGEABLEITEM_ID
Column Name found in Datamart and Curated Table :: INVENTORYLOCATION_ID
Column Name found in Datamart and Curated Table :: QUANTITY
Column Name found in Datamart and Curated Table :: ROLLOVERQUANTITY
Column Name found in Datamart and Curated Table :: SKUVENDOR_ID
Column Name found in Datamart and Curated Table :: PROJECTLABELS
Column Name found in Datamart and Curated Table :: SKUREFERENCE_SKUID
Column Name found in Datamart and Curated Table :: TECHNICIANSPLIT2
Column Name found in Datamart and Curated Table :: USEDMATERIAL_ID
Column Name found in Datamart and Curated Table :: SKU_ID
Column Name found in Datamart and Curated Table :: TENANT_TYPE
Datamart tables contains additional column name like [ACTIVE_FLAG, RECORD_CREATE_DATE, RECORD_UPDATE_DATE, MASTER_ID]
Curated tables contains additional column name like [RECORD_CREATE_DATE, RECORD_UPDATE_DATE, RECORD_UPDATED_BY]]]>
  </system-out>
  <testcase classname="testcases.RAW_DATAMART_CURATED.SnowFlake_ColumnValidation_APITables" name="validateColumnName_BKP" time="2.360"/>
  <system-out>
    <![CDATA[Executing Snowflake query :: SELECT COLUMN_NAME FROM DEV_ENT_RAW.INFORMATION_SCHEMA.COLUMNS WHERE TABLE_NAME='ST_API_INVOICE'and TABLE_SCHEMA='API_MAT'
Executing Snowflake query :: SELECT COLUMN_NAME FROM CURATED_DATAMART.INFORMATION_SCHEMA.COLUMNS WHERE TABLE_NAME='STR_API_INVOICE'and TABLE_SCHEMA='ST_API_BILLFENWICK'
Executing Snowflake query :: SELECT COLUMN_NAME FROM DEV_ENT_CURATED.INFORMATION_SCHEMA.COLUMNS WHERE TABLE_NAME='FACT_INVOICE'and TABLE_SCHEMA='MASTER_DIMENSIONS'
Column names for RAW Table --> ST_API_INVOICE :: [COMMISSIONELIGIBILITYDATE, TYPE_ID, NEWCONSTRUCTION, ACTIVE, BATCH_ID, DISCOUNTTOTAL, NETAMOUNT, ROYALTY_SENTON, SUMMARY, TECHNICIANACKNOWLEDGEMENTSIGNATURE, CREATEDBY_ID, ADJUSTMENTTO_ID, EXPORTID, EXTERNALID, INVOICEDON, PAIDON, PAYMENTTERM_ID, MODIFIEDON, MATERIALSKUREFERENCE_SKUTYPE, MEMBERSHIP_ID, STATUS, TAX, TAXZONE_ID, COUNTERSALESLOCATION_ID, NUMERICNUMBER, ROYALTY_STATUS, BUSINESSUNIT_ID, CONFIGURATION, CREATEDON, CUSTOMER_ID, JOB_ID, LOCATION_ID, ROYALTY_DATE, ACKNOWLEDGEMENTSIGNATURE, BALANCE, BILLINGDATE, EXCLUDEFROMPAYROLL, MATERIALTAX, AUTHORIZATIONSIGNATURE, PAYMENTDUEDATE, PROJECTLABELS, AUTHORIZEDAMOUNT, ID, INCLUDEINTECHNICIANREPORTS, MATERIALSKUREFERENCE_SKUID, PAYROLLDATE, SIGNATURE, SUBTOTAL, LABORTAX, MATERIALSKU_ID, ROYALTY_MEMO, TOTAL, FEETAX, IMPORTID, NUMBER, PROJECT_ID, FEETOTAL, TENANT_TYPE]
Column names for DataMart Table --> STR_API_INVOICE :: [ACKNOWLEDGEMENTSIGNATURE, AUTHORIZEDAMOUNT, MATERIALSKUREFERENCE_SKUTYPE, ROYALTY_SENTON, ACTIVE_FLAG, INCLUDEINTECHNICIANREPORTS, SIGNATURE, ACTIVE, BATCH_ID, COMMISSIONELIGIBILITYDATE, INVOICEDON, LABORTAX, MATERIALSKUREFERENCE_SKUID, TOTAL, MATERIALTAX, MEMBERSHIP_ID, PAYROLLDATE, PROJECT_ID, ROYALTY_STATUS, NUMERICNUMBER, PAIDON, PROJECTLABELS, RECORD_UPDATE_DATE, TECHNICIANACKNOWLEDGEMENTSIGNATURE, TYPE_ID, FEETOTAL, LOCATION_ID, SUMMARY, TAX, CREATEDON, FEETAX, NETAMOUNT, NEWCONSTRUCTION, PAYMENTTERM_ID, TAXZONE_ID, ADJUSTMENTTO_ID, COUNTERSALESLOCATION_ID, CREATEDBY_ID, DISCOUNTTOTAL, EXCLUDEFROMPAYROLL, EXPORTID, ID, JOB_ID, ROYALTY_DATE, CONFIGURATION, MODIFIEDON, STATUS, BILLINGDATE, BALANCE, EXTERNALID, MASTER_ID, NUMBER, PAYMENTDUEDATE, RECORD_CREATE_DATE, SUBTOTAL, TENANT_TYPE, AUTHORIZATIONSIGNATURE, BUSINESSUNIT_ID, IMPORTID, MATERIALSKU_ID, CUSTOMER_ID, ROYALTY_MEMO]
Column names for Curated Table --> FACT_INVOICE :: [CONFIGURATION, EXPORTID, EXTERNALID, MATERIALSKUREFERENCE_SKUTYPE, RECORD_UPDATED_BY, ROYALTY_DATE, FEETAX, TAX, TOTAL, BALANCE, BUSINESSUNIT_ID, CREATEDON, PAYMENTDUEDATE, PROJECT_ID, NETAMOUNT, NUMERICNUMBER, ROYALTY_SENTON, NUMBER, DISCOUNTTOTAL, EXCLUDEFROMPAYROLL, INCLUDEINTECHNICIANREPORTS, MODIFIEDON, STATUS, TENANT_TYPE, NEWCONSTRUCTION, ACKNOWLEDGEMENTSIGNATURE, ADJUSTMENTTO_ID, CREATEDBY_ID, CUSTOMER_ID, FEETOTAL, INVOICEDON, PAIDON, TYPE_ID, JOB_ID, LABORTAX, LOCATION_ID, ROYALTY_STATUS, SUMMARY, PROJECTLABELS, MATERIALSKUREFERENCE_SKUID, MATERIALSKU_ID, MEMBERSHIP_ID, COMMISSIONELIGIBILITYDATE, RECORD_CREATE_DATE, RECORD_UPDATE_DATE, SIGNATURE, AUTHORIZATIONSIGNATURE, BILLINGDATE, IMPORTID, TECHNICIANACKNOWLEDGEMENTSIGNATURE, AUTHORIZEDAMOUNT, ID, PAYROLLDATE, ACTIVE, COUNTERSALESLOCATION_ID, PAYMENTTERM_ID, SUBTOTAL, BATCH_ID, MATERIALTAX, ROYALTY_MEMO, TAXZONE_ID]
Column Name found in Datamart and Curated Table :: COMMISSIONELIGIBILITYDATE
Column Name found in Datamart and Curated Table :: TYPE_ID
Column Name found in Datamart and Curated Table :: NEWCONSTRUCTION
Column Name found in Datamart and Curated Table :: ACTIVE
Column Name found in Datamart and Curated Table :: BATCH_ID
Column Name found in Datamart and Curated Table :: DISCOUNTTOTAL
Column Name found in Datamart and Curated Table :: NETAMOUNT
Column Name found in Datamart and Curated Table :: ROYALTY_SENTON
Column Name found in Datamart and Curated Table :: SUMMARY
Column Name found in Datamart and Curated Table :: TECHNICIANACKNOWLEDGEMENTSIGNATURE
Column Name found in Datamart and Curated Table :: CREATEDBY_ID
Column Name found in Datamart and Curated Table :: ADJUSTMENTTO_ID
Column Name found in Datamart and Curated Table :: EXPORTID
Column Name found in Datamart and Curated Table :: EXTERNALID
Column Name found in Datamart and Curated Table :: INVOICEDON
Column Name found in Datamart and Curated Table :: PAIDON
Column Name found in Datamart and Curated Table :: PAYMENTTERM_ID
Column Name found in Datamart and Curated Table :: MODIFIEDON
Column Name found in Datamart and Curated Table :: MATERIALSKUREFERENCE_SKUTYPE
Column Name found in Datamart and Curated Table :: MEMBERSHIP_ID
Column Name found in Datamart and Curated Table :: STATUS
Column Name found in Datamart and Curated Table :: TAX
Column Name found in Datamart and Curated Table :: TAXZONE_ID
Column Name found in Datamart and Curated Table :: COUNTERSALESLOCATION_ID
Column Name found in Datamart and Curated Table :: NUMERICNUMBER
Column Name found in Datamart and Curated Table :: ROYALTY_STATUS
Column Name found in Datamart and Curated Table :: BUSINESSUNIT_ID
Column Name found in Datamart and Curated Table :: CONFIGURATION
Column Name found in Datamart and Curated Table :: CREATEDON
Column Name found in Datamart and Curated Table :: CUSTOMER_ID
Column Name found in Datamart and Curated Table :: JOB_ID
Column Name found in Datamart and Curated Table :: LOCATION_ID
Column Name found in Datamart and Curated Table :: ROYALTY_DATE
Column Name found in Datamart and Curated Table :: ACKNOWLEDGEMENTSIGNATURE
Column Name found in Datamart and Curated Table :: BALANCE
Column Name found in Datamart and Curated Table :: BILLINGDATE
Column Name found in Datamart and Curated Table :: EXCLUDEFROMPAYROLL
Column Name found in Datamart and Curated Table :: MATERIALTAX
Column Name found in Datamart and Curated Table :: AUTHORIZATIONSIGNATURE
Column Name found in Datamart and Curated Table :: PAYMENTDUEDATE
Column Name found in Datamart and Curated Table :: PROJECTLABELS
Column Name found in Datamart and Curated Table :: AUTHORIZEDAMOUNT
Column Name found in Datamart and Curated Table :: ID
Column Name found in Datamart and Curated Table :: INCLUDEINTECHNICIANREPORTS
Column Name found in Datamart and Curated Table :: MATERIALSKUREFERENCE_SKUID
Column Name found in Datamart and Curated Table :: PAYROLLDATE
Column Name found in Datamart and Curated Table :: SIGNATURE
Column Name found in Datamart and Curated Table :: SUBTOTAL
Column Name found in Datamart and Curated Table :: LABORTAX
Column Name found in Datamart and Curated Table :: MATERIALSKU_ID
Column Name found in Datamart and Curated Table :: ROYALTY_MEMO
Column Name found in Datamart and Curated Table :: TOTAL
Column Name found in Datamart and Curated Table :: FEETAX
Column Name found in Datamart and Curated Table :: IMPORTID
Column Name found in Datamart and Curated Table :: NUMBER
Column Name found in Datamart and Curated Table :: PROJECT_ID
Column Name found in Datamart and Curated Table :: FEETOTAL
Column Name found in Datamart and Curated Table :: TENANT_TYPE
Datamart tables contains additional column name like [ACTIVE_FLAG, RECORD_CREATE_DATE, RECORD_UPDATE_DATE, MASTER_ID]
Curated tables contains additional column name like [RECORD_CREATE_DATE, RECORD_UPDATE_DATE, RECORD_UPDATED_BY]]]>
  </system-out>
  <testcase classname="testcases.RAW_DATAMART_CURATED.SnowFlake_ColumnValidation_APITables" name="validateColumnName_BKP" time="2.621"/>
  <system-out>
    <![CDATA[Executing Snowflake query :: SELECT COLUMN_NAME FROM DEV_ENT_RAW.INFORMATION_SCHEMA.COLUMNS WHERE TABLE_NAME='ST_API_JOBAPPOINTMENT'and TABLE_SCHEMA='API_MAT'
Executing Snowflake query :: SELECT COLUMN_NAME FROM CURATED_DATAMART.INFORMATION_SCHEMA.COLUMNS WHERE TABLE_NAME='STR_API_JOBAPPOINTMENT'and TABLE_SCHEMA='ST_API_SNELLHEATINGAIR'
Executing Snowflake query :: SELECT COLUMN_NAME FROM DEV_ENT_CURATED.INFORMATION_SCHEMA.COLUMNS WHERE TABLE_NAME='DIM_JOBAPPOINTMENT'and TABLE_SCHEMA='MASTER_DIMENSIONS'
Column names for RAW Table --> ST_API_JOBAPPOINTMENT :: [END, SMARTDISPATCHDATA_JOBAPPOINTMENT, STATUS, JOB_ID, PLANEND, CREATEDON, IMPORTID, ISCONFIRMED, MODIFIEDON, START, NUMBER, CREATEDBY_ID, ID, ACTIVE, PLANSTART, ISUNUSED, MONTHNUMBER, TENANT_TYPE]
Column names for DataMart Table --> STR_API_JOBAPPOINTMENT :: [MASTER_ID, PLANSTART, STATUS, IMPORTID, ISCONFIRMED, END, ID, RECORD_CREATE_DATE, START, PLANEND, JOB_ID, ACTIVE, CREATEDON, SMARTDISPATCHDATA_JOBAPPOINTMENT, ACTIVE_FLAG, MODIFIEDON, ISUNUSED, NUMBER, RECORD_UPDATE_DATE, TENANT_TYPE, CREATEDBY_ID, MONTHNUMBER]
Column names for Curated Table --> DIM_JOBAPPOINTMENT :: [END, SMARTDISPATCHDATA_JOBAPPOINTMENT, ACTIVE, CREATEDBY_ID, IMPORTID, ISUNUSED, START, ID, JOB_ID, MONTHNUMBER, PLANEND, RECORD_UPDATE_DATE, CREATEDON, RECORD_CREATE_DATE, TENANT_TYPE, PLANSTART, ISCONFIRMED, NUMBER, SPECIALINSTRUCTIONS, STATUS, MODIFIEDON, RECORD_UPDATED_BY]
Column Name found in Datamart and Curated Table :: END
Column Name found in Datamart and Curated Table :: SMARTDISPATCHDATA_JOBAPPOINTMENT
Column Name found in Datamart and Curated Table :: STATUS
Column Name found in Datamart and Curated Table :: JOB_ID
Column Name found in Datamart and Curated Table :: PLANEND
Column Name found in Datamart and Curated Table :: CREATEDON
Column Name found in Datamart and Curated Table :: IMPORTID
Column Name found in Datamart and Curated Table :: ISCONFIRMED
Column Name found in Datamart and Curated Table :: MODIFIEDON
Column Name found in Datamart and Curated Table :: START
Column Name found in Datamart and Curated Table :: NUMBER
Column Name found in Datamart and Curated Table :: CREATEDBY_ID
Column Name found in Datamart and Curated Table :: ID
Column Name found in Datamart and Curated Table :: ACTIVE
Column Name found in Datamart and Curated Table :: PLANSTART
Column Name found in Datamart and Curated Table :: ISUNUSED
Column Name found in Datamart and Curated Table :: MONTHNUMBER
Column Name found in Datamart and Curated Table :: TENANT_TYPE
Datamart tables contains additional column name like [ACTIVE_FLAG, RECORD_CREATE_DATE, RECORD_UPDATE_DATE, MASTER_ID]
Curated tables contains additional column name like [RECORD_CREATE_DATE, RECORD_UPDATE_DATE, RECORD_UPDATED_BY]]]>
  </system-out>
  <testcase classname="testcases.RAW_DATAMART_CURATED.SnowFlake_ColumnValidation_APITables" name="validateColumnName_BKP" time="2.567"/>
  <system-out>
    <![CDATA[Executing Snowflake query :: SELECT COLUMN_NAME FROM DEV_ENT_RAW.INFORMATION_SCHEMA.COLUMNS WHERE TABLE_NAME='ST_API_TAG'and TABLE_SCHEMA='API_MAT'
Executing Snowflake query :: SELECT COLUMN_NAME FROM CURATED_DATAMART.INFORMATION_SCHEMA.COLUMNS WHERE TABLE_NAME='STR_API_TAG'and TABLE_SCHEMA='ST_API_GOLDMEDAL'
Executing Snowflake query :: SELECT COLUMN_NAME FROM DEV_ENT_CURATED.INFORMATION_SCHEMA.COLUMNS WHERE TABLE_NAME='DIM_TAG'and TABLE_SCHEMA='MASTER_DIMENSIONS'
Column names for RAW Table --> ST_API_TAG :: [MEMO, GENERATEDFOREXTERNAL, REMOVEDON, GENERATEDFOR_ID, REMOVEDBY_ID, MODIFIEDON, OWNER_ID, CREATEDBY_ID, CREATEDON, IMPORTID, ACTIVE, ID, TYPE_ID, TENANT_TYPE]
Column names for DataMart Table --> STR_API_TAG :: [RECORD_UPDATE_DATE, TENANT_TYPE, ACTIVE, GENERATEDFOR_ID, OWNER_ID, TYPE_ID, SOURCE_PKEY_SPK, RECORD_CREATE_DATE, REMOVEDON, MEMO, ID, REMOVEDBY_ID, MODIFIEDON, ACTIVE_FLAG, GENERATEDFOREXTERNAL, CREATEDON, CREATEDBY_ID, IMPORTID, MASTER_ID]
Column names for Curated Table --> DIM_TAG :: [ACTIVE_FLAG, RECORD_CREATE_DATE, CREATEDON, RECORD_UPDATE_DATE, SOURCE_PKEY_SPK, GENERATEDFOR_ID, GENERATEDFOREXTERNAL, TYPE_ID, ACTIVE, CREATEDBY_ID, ID, MODIFIEDON, OWNER_ID, REMOVEDBY_ID, REMOVEDON, MEMO, RECORD_UPDATED_BY, IMPORTID, TENANT_TYPE]
Column Name found in Datamart and Curated Table :: MEMO
Column Name found in Datamart and Curated Table :: GENERATEDFOREXTERNAL
Column Name found in Datamart and Curated Table :: REMOVEDON
Column Name found in Datamart and Curated Table :: GENERATEDFOR_ID
Column Name found in Datamart and Curated Table :: REMOVEDBY_ID
Column Name found in Datamart and Curated Table :: MODIFIEDON
Column Name found in Datamart and Curated Table :: OWNER_ID
Column Name found in Datamart and Curated Table :: CREATEDBY_ID
Column Name found in Datamart and Curated Table :: CREATEDON
Column Name found in Datamart and Curated Table :: IMPORTID
Column Name found in Datamart and Curated Table :: ACTIVE
Column Name found in Datamart and Curated Table :: ID
Column Name found in Datamart and Curated Table :: TYPE_ID
Column Name found in Datamart and Curated Table :: TENANT_TYPE
Datamart tables contains additional column name like [ACTIVE_FLAG, RECORD_CREATE_DATE, RECORD_UPDATE_DATE, MASTER_ID]
Curated tables contains additional column name like [RECORD_CREATE_DATE, RECORD_UPDATE_DATE, RECORD_UPDATED_BY]]]>
  </system-out>
  <testcase classname="testcases.RAW_DATAMART_CURATED.SnowFlake_ColumnValidation_APITables" name="validateColumnName_BKP" time="3.289"/>
  <system-out>
    <![CDATA[Executing Snowflake query :: SELECT COLUMN_NAME FROM DEV_ENT_RAW.INFORMATION_SCHEMA.COLUMNS WHERE TABLE_NAME='ST_API_CAMPAIGN'and TABLE_SCHEMA='API_MAT'
Executing Snowflake query :: SELECT COLUMN_NAME FROM CURATED_DATAMART.INFORMATION_SCHEMA.COLUMNS WHERE TABLE_NAME='STR_API_CAMPAIGN'and TABLE_SCHEMA='ST_API_HDAIR'
Executing Snowflake query :: SELECT COLUMN_NAME FROM DEV_ENT_CURATED.INFORMATION_SCHEMA.COLUMNS WHERE TABLE_NAME='DIM_CAMPAIGN'and TABLE_SCHEMA='MASTER_DIMENSIONS'
Column names for RAW Table --> ST_API_CAMPAIGN :: [COST, CATEGORY_ID, ID, ACTIVE, BUSINESSUNIT_ID, MODIFIEDBY_ID, DNIS, IMAGE, NAME, IMPORTID, MODIFIEDON, CREATEDBY_ID, CREATEDON, TENANT_TYPE]
Column names for DataMart Table --> STR_API_CAMPAIGN :: [CREATEDON, NAME, MODIFIEDON, ACTIVE, CREATEDBY_ID, ID, COST, MODIFIEDBY_ID, RECORD_CREATE_DATE, IMPORTID, ACTIVE_FLAG, BUSINESSUNIT_ID, RECORD_UPDATE_DATE, CATEGORY_ID, IMAGE, TENANT_TYPE, DNIS, MASTER_ID]
Column names for Curated Table --> DIM_CAMPAIGN :: [IMAGE, MODIFIEDBY_ID, CATEGORY_ID, NAME, RECORD_CREATE_DATE, ACTIVE, COST, CREATEDBY_ID, IMPORTID, CREATEDON, BUSINESSUNIT_ID, ID, RECORD_UPDATED_BY, MODIFIEDON, DNIS, RECORD_UPDATE_DATE, TENANT_TYPE]
Column Name found in Datamart and Curated Table :: COST
Column Name found in Datamart and Curated Table :: CATEGORY_ID
Column Name found in Datamart and Curated Table :: ID
Column Name found in Datamart and Curated Table :: ACTIVE
Column Name found in Datamart and Curated Table :: BUSINESSUNIT_ID
Column Name found in Datamart and Curated Table :: MODIFIEDBY_ID
Column Name found in Datamart and Curated Table :: DNIS
Column Name found in Datamart and Curated Table :: IMAGE
Column Name found in Datamart and Curated Table :: NAME
Column Name found in Datamart and Curated Table :: IMPORTID
Column Name found in Datamart and Curated Table :: MODIFIEDON
Column Name found in Datamart and Curated Table :: CREATEDBY_ID
Column Name found in Datamart and Curated Table :: CREATEDON
Column Name found in Datamart and Curated Table :: TENANT_TYPE
Datamart tables contains additional column name like [ACTIVE_FLAG, RECORD_CREATE_DATE, RECORD_UPDATE_DATE, MASTER_ID]
Curated tables contains additional column name like [RECORD_CREATE_DATE, RECORD_UPDATE_DATE, RECORD_UPDATED_BY]]]>
  </system-out>
  <testcase classname="testcases.RAW_DATAMART_CURATED.SnowFlake_ColumnValidation_APITables" name="validateColumnName_BKP" time="2.853"/>
  <system-out>
    <![CDATA[Executing Snowflake query :: SELECT COLUMN_NAME FROM DEV_ENT_RAW.INFORMATION_SCHEMA.COLUMNS WHERE TABLE_NAME='ST_API_MATERIALVENDOR'and TABLE_SCHEMA='API_MAT'
Executing Snowflake query :: SELECT COLUMN_NAME FROM CURATED_DATAMART.INFORMATION_SCHEMA.COLUMNS WHERE TABLE_NAME='STR_API_MATERIALVENDOR'and TABLE_SCHEMA='ST_API_MAITZ'
Executing Snowflake query :: SELECT COLUMN_NAME FROM DEV_ENT_CURATED.INFORMATION_SCHEMA.COLUMNS WHERE TABLE_NAME='DIM_MATERIALVENDOR'and TABLE_SCHEMA='MASTER_DIMENSIONS'
Column names for RAW Table --> ST_API_MATERIALVENDOR :: [ACTIVE, CREATEDON, MEMO, VENDOR_ID, CREATEDBY_ID, COST, ID, ISPRIMARY, IMPORTID, PRIMARYSUBACCOUNT_ID, MATERIAL_ID, PARTNUMBER, TENANT_TYPE]
Column names for DataMart Table --> STR_API_MATERIALVENDOR :: [PRIMARYSUBACCOUNT_ID, VENDOR_ID, COST, CREATEDBY_ID, CREATEDON, PARTNUMBER, RECORD_CREATE_DATE, ACTIVE_FLAG, ID, MEMO, RECORD_UPDATE_DATE, IMPORTID, TENANT_TYPE, MATERIAL_ID, ACTIVE, MASTER_ID, ISPRIMARY]
Column names for Curated Table --> DIM_MATERIALVENDOR :: [ID, MATERIAL_ID, ACTIVE, COST, CREATEDBY_ID, IMPORTID, ISPRIMARY, PRIMARYSUBACCOUNT_ID, RECORD_UPDATE_DATE, TENANT_TYPE, MEMO, RECORD_UPDATED_BY, VENDOR_ID, CREATEDON, PARTNUMBER, RECORD_CREATE_DATE]
Column Name found in Datamart and Curated Table :: ACTIVE
Column Name found in Datamart and Curated Table :: CREATEDON
Column Name found in Datamart and Curated Table :: MEMO
Column Name found in Datamart and Curated Table :: VENDOR_ID
Column Name found in Datamart and Curated Table :: CREATEDBY_ID
Column Name found in Datamart and Curated Table :: COST
Column Name found in Datamart and Curated Table :: ID
Column Name found in Datamart and Curated Table :: ISPRIMARY
Column Name found in Datamart and Curated Table :: IMPORTID
Column Name found in Datamart and Curated Table :: PRIMARYSUBACCOUNT_ID
Column Name found in Datamart and Curated Table :: MATERIAL_ID
Column Name found in Datamart and Curated Table :: PARTNUMBER
Column Name found in Datamart and Curated Table :: TENANT_TYPE
Datamart tables contains additional column name like [ACTIVE_FLAG, RECORD_CREATE_DATE, RECORD_UPDATE_DATE, MASTER_ID]
Curated tables contains additional column name like [RECORD_CREATE_DATE, RECORD_UPDATE_DATE, RECORD_UPDATED_BY]]]>
  </system-out>
  <testcase classname="testcases.RAW_DATAMART_CURATED.SnowFlake_ColumnValidation_APITables" name="validateColumnName_BKP" time="2.347"/>
  <system-out>
    <![CDATA[Executing Snowflake query :: SELECT COLUMN_NAME FROM DEV_ENT_RAW.INFORMATION_SCHEMA.COLUMNS WHERE TABLE_NAME='ST_API_HOLDJOBREASON'and TABLE_SCHEMA='API_MAT'
Executing Snowflake query :: SELECT COLUMN_NAME FROM CURATED_DATAMART.INFORMATION_SCHEMA.COLUMNS WHERE TABLE_NAME='STR_API_HOLDJOBREASON'and TABLE_SCHEMA='ST_API_SNELLHEATINGAIR'
Executing Snowflake query :: SELECT COLUMN_NAME FROM DEV_ENT_CURATED.INFORMATION_SCHEMA.COLUMNS WHERE TABLE_NAME='DIM_HOLDJOBREASON'and TABLE_SCHEMA='MASTER_DIMENSIONS'
Column names for RAW Table --> ST_API_HOLDJOBREASON :: [ID, ACTIVE, MODIFIEDON, CREATEDBY_ID, CREATEDON, NAME, IMPORTID, TENANT_TYPE]
Column names for DataMart Table --> STR_API_HOLDJOBREASON :: [MASTER_ID, CREATEDBY_ID, ACTIVE, RECORD_UPDATE_DATE, ACTIVE_FLAG, MODIFIEDON, TENANT_TYPE, CREATEDON, ID, IMPORTID, NAME, RECORD_CREATE_DATE]
Column names for Curated Table --> DIM_HOLDJOBREASON :: [ACTIVE, ID, NAME, RECORD_UPDATED_BY, CREATEDON, MODIFIEDON, RECORD_CREATE_DATE, RECORD_UPDATE_DATE, TENANT_TYPE, IMPORTID, CREATEDBY_ID]
Column Name found in Datamart and Curated Table :: ID
Column Name found in Datamart and Curated Table :: ACTIVE
Column Name found in Datamart and Curated Table :: MODIFIEDON
Column Name found in Datamart and Curated Table :: CREATEDBY_ID
Column Name found in Datamart and Curated Table :: CREATEDON
Column Name found in Datamart and Curated Table :: NAME
Column Name found in Datamart and Curated Table :: IMPORTID
Column Name found in Datamart and Curated Table :: TENANT_TYPE
Datamart tables contains additional column name like [ACTIVE_FLAG, RECORD_CREATE_DATE, RECORD_UPDATE_DATE, MASTER_ID]
Curated tables contains additional column name like [RECORD_CREATE_DATE, RECORD_UPDATE_DATE, RECORD_UPDATED_BY]]]>
  </system-out>
  <testcase classname="testcases.RAW_DATAMART_CURATED.SnowFlake_ColumnValidation_APITables" name="validateColumnName_BKP" time="2.359"/>
  <system-out>
    <![CDATA[Executing Snowflake query :: SELECT COLUMN_NAME FROM DEV_ENT_RAW.INFORMATION_SCHEMA.COLUMNS WHERE TABLE_NAME='ST_API_ESTIMATEITEM'and TABLE_SCHEMA='API_MAT'
Executing Snowflake query :: SELECT COLUMN_NAME FROM CURATED_DATAMART.INFORMATION_SCHEMA.COLUMNS WHERE TABLE_NAME='STR_API_ESTIMATEITEM'and TABLE_SCHEMA='ST_API_MAITZ'
Executing Snowflake query :: SELECT COLUMN_NAME FROM DEV_ENT_CURATED.INFORMATION_SCHEMA.COLUMNS WHERE TABLE_NAME='DIM_ESTIMATEITEM'and TABLE_SCHEMA='MASTER_DIMENSIONS'
Column names for RAW Table --> ST_API_ESTIMATEITEM :: [ESTIMATE_ID, ID, INSTALLEDEQUIPMENT_ID, SCHEDULEDFLATAMOUNT, AUTOGLASSITEM_ID, COST, ISADDON, ITEMGROUPROOT_ID, RENEWABLEMEMBERSHIP_ID, UNITPRICE, MARKUP, PROJECTLABELS, SKUREFERENCE_SKUTYPE, SOLDBY_ID, SKUREFERENCE_SKUID, ACTIVE, CHARGEABLE, CREATEDFROM_ID, MEMBERSHIPDURATION, PROJECTORDER, QUANTITY, COSTOFSALEACCOUNT_ID, ADDONFLATAMOUNT, EQUIPMENT_ID, STANDARDPRICE, ACCOUNT, GENERALLEDGERACCOUNT_ID, TOTALCOST, MODIFIEDON, SKU_ID, DESCRIPTION, INVOICEITEM_ID, LASTUNITPRICESETBYEMPLOYEE, MEMBERPRICE, PAYSSOLDBYRATE, IMPORTID, ISNOTGOINGTOBEDONE, TAXABLE, ITEMGROUPNAME, ALLOWDISCOUNTS, DEMANDSTATUS, MEMBERSHIPBILLINGFREQUENCY, PARENTITEM_ID, PAYSFLATAMOUNT, TOTAL, CREATEDBY_ID, CREATEDON, PRICEMODIFIER_ID, ORDER, TENANT_TYPE]
Column names for DataMart Table --> STR_API_ESTIMATEITEM :: [CHARGEABLE, ESTIMATE_ID, PAYSSOLDBYRATE, MEMBERSHIPBILLINGFREQUENCY, TAXABLE, AUTOGLASSITEM_ID, INVOICEITEM_ID, ISADDON, RECORD_UPDATE_DATE, SOLDBY_ID, MASTER_ID, PAYSFLATAMOUNT, RENEWABLEMEMBERSHIP_ID, SCHEDULEDFLATAMOUNT, CREATEDBY_ID, ISNOTGOINGTOBEDONE, GENERALLEDGERACCOUNT_ID, MARKUP, SKUREFERENCE_SKUID, ORDER, ALLOWDISCOUNTS, EQUIPMENT_ID, PARENTITEM_ID, ACCOUNT, ACTIVE_FLAG, IMPORTID, ITEMGROUPROOT_ID, INSTALLEDEQUIPMENT_ID, TENANT_TYPE, CREATEDFROM_ID, CREATEDON, ITEMGROUPNAME, PROJECTORDER, TOTAL, SKUREFERENCE_SKUTYPE, ADDONFLATAMOUNT, COST, COSTOFSALEACCOUNT_ID, DESCRIPTION, ID, LASTUNITPRICESETBYEMPLOYEE, MEMBERSHIPDURATION, TOTALCOST, PROJECTLABELS, ISHIDDENFROMCUSTOMER, MEMBERPRICE, MODIFIEDON, RECORD_UPDATED_BY, ACTIVE, DEMANDSTATUS, QUANTITY, SKU_ID, UNITPRICE, RECORD_CREATE_DATE, STANDARDPRICE, PRICEMODIFIER_ID]
Column names for Curated Table --> DIM_ESTIMATEITEM :: [CREATEDON, DEMANDSTATUS, MEMBERPRICE, MEMBERSHIPBILLINGFREQUENCY, MEMBERSHIPDURATION, SKUREFERENCE_SKUTYPE, ADDONFLATAMOUNT, AUTOGLASSITEM_ID, COST, ID, PAYSSOLDBYRATE, STANDARDPRICE, TENANT_TYPE, TOTAL, RECORD_CREATE_DATE, ITEMGROUPROOT_ID, PARENTITEM_ID, ORDER, PROJECTLABELS, SOLDBY_ID, PROJECTORDER, ACTIVE, ALLOWDISCOUNTS, CREATEDFROM_ID, DESCRIPTION, ESTIMATE_ID, MARKUP, ISADDON, CREATEDBY_ID, GENERALLEDGERACCOUNT_ID, INVOICEITEM_ID, PRICEMODIFIER_ID, RECORD_UPDATED_BY, SKUREFERENCE_SKUID, QUANTITY, CHARGEABLE, ISHIDDENFROMCUSTOMER, SKU_ID, COSTOFSALEACCOUNT_ID, ISNOTGOINGTOBEDONE, TOTALCOST, INSTALLEDEQUIPMENT_ID, ITEMGROUPNAME, PAYSFLATAMOUNT, TAXABLE, SCHEDULEDFLATAMOUNT, ACCOUNT, EQUIPMENT_ID, LASTUNITPRICESETBYEMPLOYEE, RENEWABLEMEMBERSHIP_ID, IMPORTID, RECORD_UPDATE_DATE, UNITPRICE, MODIFIEDON]
Column Name found in Datamart and Curated Table :: ESTIMATE_ID
Column Name found in Datamart and Curated Table :: ID
Column Name found in Datamart and Curated Table :: INSTALLEDEQUIPMENT_ID
Column Name found in Datamart and Curated Table :: SCHEDULEDFLATAMOUNT
Column Name found in Datamart and Curated Table :: AUTOGLASSITEM_ID
Column Name found in Datamart and Curated Table :: COST
Column Name found in Datamart and Curated Table :: ISADDON
Column Name found in Datamart and Curated Table :: ITEMGROUPROOT_ID
Column Name found in Datamart and Curated Table :: RENEWABLEMEMBERSHIP_ID
Column Name found in Datamart and Curated Table :: UNITPRICE
Column Name found in Datamart and Curated Table :: MARKUP
Column Name found in Datamart and Curated Table :: PROJECTLABELS
Column Name found in Datamart and Curated Table :: SKUREFERENCE_SKUTYPE
Column Name found in Datamart and Curated Table :: SOLDBY_ID
Column Name found in Datamart and Curated Table :: SKUREFERENCE_SKUID
Column Name found in Datamart and Curated Table :: ACTIVE
Column Name found in Datamart and Curated Table :: CHARGEABLE
Column Name found in Datamart and Curated Table :: CREATEDFROM_ID
Column Name found in Datamart and Curated Table :: MEMBERSHIPDURATION
Column Name found in Datamart and Curated Table :: PROJECTORDER
Column Name found in Datamart and Curated Table :: QUANTITY
Column Name found in Datamart and Curated Table :: COSTOFSALEACCOUNT_ID
Column Name found in Datamart and Curated Table :: ADDONFLATAMOUNT
Column Name found in Datamart and Curated Table :: EQUIPMENT_ID
Column Name found in Datamart and Curated Table :: STANDARDPRICE
Column Name found in Datamart and Curated Table :: ACCOUNT
Column Name found in Datamart and Curated Table :: GENERALLEDGERACCOUNT_ID
Column Name found in Datamart and Curated Table :: TOTALCOST
Column Name found in Datamart and Curated Table :: MODIFIEDON
Column Name found in Datamart and Curated Table :: SKU_ID
Column Name found in Datamart and Curated Table :: DESCRIPTION
Column Name found in Datamart and Curated Table :: INVOICEITEM_ID
Column Name found in Datamart and Curated Table :: LASTUNITPRICESETBYEMPLOYEE
Column Name found in Datamart and Curated Table :: MEMBERPRICE
Column Name found in Datamart and Curated Table :: PAYSSOLDBYRATE
Column Name found in Datamart and Curated Table :: IMPORTID
Column Name found in Datamart and Curated Table :: ISNOTGOINGTOBEDONE
Column Name found in Datamart and Curated Table :: TAXABLE
Column Name found in Datamart and Curated Table :: ITEMGROUPNAME
Column Name found in Datamart and Curated Table :: ALLOWDISCOUNTS
Column Name found in Datamart and Curated Table :: DEMANDSTATUS
Column Name found in Datamart and Curated Table :: MEMBERSHIPBILLINGFREQUENCY
Column Name found in Datamart and Curated Table :: PARENTITEM_ID
Column Name found in Datamart and Curated Table :: PAYSFLATAMOUNT
Column Name found in Datamart and Curated Table :: TOTAL
Column Name found in Datamart and Curated Table :: CREATEDBY_ID
Column Name found in Datamart and Curated Table :: CREATEDON
Column Name found in Datamart and Curated Table :: PRICEMODIFIER_ID
Column Name found in Datamart and Curated Table :: ORDER
Column Name found in Datamart and Curated Table :: TENANT_TYPE
Datamart tables contains additional column name like [ACTIVE_FLAG, RECORD_CREATE_DATE, RECORD_UPDATE_DATE, MASTER_ID]
Curated tables contains additional column name like [RECORD_CREATE_DATE, RECORD_UPDATE_DATE, RECORD_UPDATED_BY]]]>
  </system-out>
  <testcase classname="testcases.RAW_DATAMART_CURATED.SnowFlake_ColumnValidation_APITables" name="validateColumnName_BKP" time="2.058"/>
  <system-out>
    <![CDATA[Executing Snowflake query :: SELECT COLUMN_NAME FROM DEV_ENT_RAW.INFORMATION_SCHEMA.COLUMNS WHERE TABLE_NAME='ST_API_JOBTYPE'and TABLE_SCHEMA='API_MAT'
Executing Snowflake query :: SELECT COLUMN_NAME FROM CURATED_DATAMART.INFORMATION_SCHEMA.COLUMNS WHERE TABLE_NAME='STR_API_JOBTYPE'and TABLE_SCHEMA='ST_API_CASTEEL'
Executing Snowflake query :: SELECT COLUMN_NAME FROM DEV_ENT_CURATED.INFORMATION_SCHEMA.COLUMNS WHERE TABLE_NAME='DIM_JOBTYPE'and TABLE_SCHEMA='MASTER_DIMENSIONS'
Column names for RAW Table --> ST_API_JOBTYPE :: [ACTIVE, COMPSTANDARDRATE, ENFORCERECURRINGSERVICEEVENTSELECTION, COMPDOUBLEOVERTIMERATE, COMPOVERTIMERATE, MODIFIEDON, IMAGE, ISAUTODISPATCHED, ISTUNEUP, NAME, CLASS, PRIORITY, IMPORTID, SOLDTHRESHOLD, NOCHARGE, CREATEDBY_ID, CREATEDON, MAXIMUMMATERIALCOSTINPERCENT, PROJECTEDVALUEADJUSTMENT, ID, DURATION, COMPCODE, MINIMUMMATERIALCOSTINPERCENT, SUMMARY, PROJECTLABELS, LIKELIHOOD, TENANT_TYPE]
Column names for DataMart Table --> STR_API_JOBTYPE :: [DURATION, ID, ISTUNEUP, SUMMARY, MODIFIEDON, ACTIVE, COMPSTANDARDRATE, IMAGE, IMPORTID, NAME, TENANT_TYPE, ACTIVE_FLAG, ISAUTODISPATCHED, MASTER_ID, RECORD_CREATE_DATE, SOLDTHRESHOLD, CLASS, ENFORCERECURRINGSERVICEEVENTSELECTION, COMPOVERTIMERATE, PROJECTEDVALUEADJUSTMENT, RECORD_UPDATE_DATE, MAXIMUMMATERIALCOSTINPERCENT, CREATEDBY_ID, PRIORITY, COMPCODE, COMPDOUBLEOVERTIMERATE, CREATEDON, MINIMUMMATERIALCOSTINPERCENT, NOCHARGE, LIKELIHOOD, PROJECTLABELS]
Column names for Curated Table --> DIM_JOBTYPE :: [COMPOVERTIMERATE, PROJECTLABELS, RECORD_UPDATED_BY, MAXIMUMMATERIALCOSTINPERCENT, SUMMARY, NAME, COMPDOUBLEOVERTIMERATE, CREATEDBY_ID, DURATION, ISAUTODISPATCHED, RECORD_UPDATE_DATE, COMPSTANDARDRATE, NOCHARGE, IMPORTID, TENANT_TYPE, ACTIVE, ENFORCERECURRINGSERVICEEVENTSELECTION, ID, ISSMARTDISPATCHEDBYDEFAULTINAPI, ISTUNEUP, CLASS, COMPCODE, MINIMUMMATERIALCOSTINPERCENT, PRIORITY, CREATEDON, LIKELIHOOD, RECORD_CREATE_DATE, SOLDTHRESHOLD, IMAGE, MODIFIEDON, PROJECTEDVALUEADJUSTMENT]
Column Name found in Datamart and Curated Table :: ACTIVE
Column Name found in Datamart and Curated Table :: COMPSTANDARDRATE
Column Name found in Datamart and Curated Table :: ENFORCERECURRINGSERVICEEVENTSELECTION
Column Name found in Datamart and Curated Table :: COMPDOUBLEOVERTIMERATE
Column Name found in Datamart and Curated Table :: COMPOVERTIMERATE
Column Name found in Datamart and Curated Table :: MODIFIEDON
Column Name found in Datamart and Curated Table :: IMAGE
Column Name found in Datamart and Curated Table :: ISAUTODISPATCHED
Column Name found in Datamart and Curated Table :: ISTUNEUP
Column Name found in Datamart and Curated Table :: NAME
Column Name found in Datamart and Curated Table :: CLASS
Column Name found in Datamart and Curated Table :: PRIORITY
Column Name found in Datamart and Curated Table :: IMPORTID
Column Name found in Datamart and Curated Table :: SOLDTHRESHOLD
Column Name found in Datamart and Curated Table :: NOCHARGE
Column Name found in Datamart and Curated Table :: CREATEDBY_ID
Column Name found in Datamart and Curated Table :: CREATEDON
Column Name found in Datamart and Curated Table :: MAXIMUMMATERIALCOSTINPERCENT
Column Name found in Datamart and Curated Table :: PROJECTEDVALUEADJUSTMENT
Column Name found in Datamart and Curated Table :: ID
Column Name found in Datamart and Curated Table :: DURATION
Column Name found in Datamart and Curated Table :: COMPCODE
Column Name found in Datamart and Curated Table :: MINIMUMMATERIALCOSTINPERCENT
Column Name found in Datamart and Curated Table :: SUMMARY
Column Name found in Datamart and Curated Table :: PROJECTLABELS
Column Name found in Datamart and Curated Table :: LIKELIHOOD
Column Name found in Datamart and Curated Table :: TENANT_TYPE
Datamart tables contains additional column name like [ACTIVE_FLAG, RECORD_CREATE_DATE, RECORD_UPDATE_DATE, MASTER_ID]
Curated tables contains additional column name like [RECORD_CREATE_DATE, RECORD_UPDATE_DATE, RECORD_UPDATED_BY]]]>
  </system-out>
  <testcase classname="testcases.RAW_DATAMART_CURATED.SnowFlake_ColumnValidation_APITables" name="validateColumnName_BKP" time="3.474"/>
  <system-out>
    <![CDATA[Executing Snowflake query :: SELECT COLUMN_NAME FROM DEV_ENT_RAW.INFORMATION_SCHEMA.COLUMNS WHERE TABLE_NAME='ST_API_PAYMENT'and TABLE_SCHEMA='API_MAT'
Executing Snowflake query :: SELECT COLUMN_NAME FROM CURATED_DATAMART.INFORMATION_SCHEMA.COLUMNS WHERE TABLE_NAME='STR_API_PAYMENT'and TABLE_SCHEMA='ST_API_FOURPROS'
Executing Snowflake query :: SELECT COLUMN_NAME FROM DEV_ENT_CURATED.INFORMATION_SCHEMA.COLUMNS WHERE TABLE_NAME='DIM_PAYMENT'and TABLE_SCHEMA='MASTER_DIMENSIONS'
Column names for RAW Table --> ST_API_PAYMENT :: [AGREEMENTLANGUAGE, FINANCINGOPERATOR, TRANSACTIONSTATUS, INVOICE_ID, CHECKNUMBER, AMOUNT, SETTLEMENTDATE, PROJECT_ID, BUSINESSUNIT_ID, CREATEDBY_ID, CREATEDON, CREDITAVAILABLE, UNAPPLIEDAMOUNT, EXPORTID, AUTHORIZATIONSIGNATURE, BATCH_ID, DEFERREDINTEREST, EXTERNALID, METHOD, MEMO, STATUS, ACTIVE, CUSTOMER_ID, ESTIMATE_ID, NUMBER, SETTLEMENTSTATUS, SOURCE, STOREDPAYMENT_ID, ID, IMPORTID, PAIDON, MODIFIEDON, TYPE_ID, REFUNDEDAMOUNT, TRANSACTION, APPLIEDON, PAYMENTDATE, TENANT_TYPE]
Column names for DataMart Table --> STR_API_PAYMENT :: [MEMO, PAYMENTDATE, SOURCE, SETTLEMENTDATE, AUTHORIZATIONSIGNATURE, STATUS, AMOUNT, TRANSACTION, ACTIVE, CHECKNUMBER, CREATEDON, TYPE_ID, AGREEMENTLANGUAGE, CREATEDBY_ID, CREDITAVAILABLE, FINANCINGOPERATOR, INVOICE_ID, NUMBER, ID, MASTER_ID, MODIFIEDON, RECORD_UPDATE_DATE, ACTIVE_FLAG, BATCH_ID, BUSINESSUNIT_ID, ESTIMATE_ID, IMPORTID, METHOD, PAIDON, REFUNDEDAMOUNT, EXPORTID, RECORD_CREATE_DATE, STOREDPAYMENT_ID, TRANSACTIONSTATUS, TENANT_TYPE, UNAPPLIEDAMOUNT, APPLIEDON, CUSTOMER_ID, EXTERNALID, PROJECT_ID, SETTLEMENTSTATUS, DEFERREDINTEREST]
Column names for Curated Table --> DIM_PAYMENT :: [DEFERREDINTEREST, PAIDON, SOURCE, TENANT_TYPE, PAYMENTDATE, TYPE_ID, ACTIVE, INVOICE_ID, ESTIMATE_ID, UNAPPLIEDAMOUNT, STATUS, CREATEDBY_ID, CUSTOMER_ID, EXPORTID, IMPORTID, TRANSACTION, MEMO, RECORD_UPDATE_DATE, TRANSACTIONSTATUS, AMOUNT, AUTHORIZATIONSIGNATURE, CHECKNUMBER, MODIFIEDON, EXTERNALID, PROJECT_ID, APPLIEDON, BATCH_ID, CREATEDON, FINANCINGOPERATOR, ID, RECORD_UPDATED_BY, REFUNDEDAMOUNT, SETTLEMENTSTATUS, BUSINESSUNIT_ID, METHOD, AGREEMENTLANGUAGE, CREDITAVAILABLE, NUMBER, RECORD_CREATE_DATE, SETTLEMENTDATE, STOREDPAYMENT_ID]
Column Name found in Datamart and Curated Table :: AGREEMENTLANGUAGE
Column Name found in Datamart and Curated Table :: FINANCINGOPERATOR
Column Name found in Datamart and Curated Table :: TRANSACTIONSTATUS
Column Name found in Datamart and Curated Table :: INVOICE_ID
Column Name found in Datamart and Curated Table :: CHECKNUMBER
Column Name found in Datamart and Curated Table :: AMOUNT
Column Name found in Datamart and Curated Table :: SETTLEMENTDATE
Column Name found in Datamart and Curated Table :: PROJECT_ID
Column Name found in Datamart and Curated Table :: BUSINESSUNIT_ID
Column Name found in Datamart and Curated Table :: CREATEDBY_ID
Column Name found in Datamart and Curated Table :: CREATEDON
Column Name found in Datamart and Curated Table :: CREDITAVAILABLE
Column Name found in Datamart and Curated Table :: UNAPPLIEDAMOUNT
Column Name found in Datamart and Curated Table :: EXPORTID
Column Name found in Datamart and Curated Table :: AUTHORIZATIONSIGNATURE
Column Name found in Datamart and Curated Table :: BATCH_ID
Column Name found in Datamart and Curated Table :: DEFERREDINTEREST
Column Name found in Datamart and Curated Table :: EXTERNALID
Column Name found in Datamart and Curated Table :: METHOD
Column Name found in Datamart and Curated Table :: MEMO
Column Name found in Datamart and Curated Table :: STATUS
Column Name found in Datamart and Curated Table :: ACTIVE
Column Name found in Datamart and Curated Table :: CUSTOMER_ID
Column Name found in Datamart and Curated Table :: ESTIMATE_ID
Column Name found in Datamart and Curated Table :: NUMBER
Column Name found in Datamart and Curated Table :: SETTLEMENTSTATUS
Column Name found in Datamart and Curated Table :: SOURCE
Column Name found in Datamart and Curated Table :: STOREDPAYMENT_ID
Column Name found in Datamart and Curated Table :: ID
Column Name found in Datamart and Curated Table :: IMPORTID
Column Name found in Datamart and Curated Table :: PAIDON
Column Name found in Datamart and Curated Table :: MODIFIEDON
Column Name found in Datamart and Curated Table :: TYPE_ID
Column Name found in Datamart and Curated Table :: REFUNDEDAMOUNT
Column Name found in Datamart and Curated Table :: TRANSACTION
Column Name found in Datamart and Curated Table :: APPLIEDON
Column Name found in Datamart and Curated Table :: PAYMENTDATE
Column Name found in Datamart and Curated Table :: TENANT_TYPE
Datamart tables contains additional column name like [ACTIVE_FLAG, RECORD_CREATE_DATE, RECORD_UPDATE_DATE, MASTER_ID]
Curated tables contains additional column name like [RECORD_CREATE_DATE, RECORD_UPDATE_DATE, RECORD_UPDATED_BY]]]>
  </system-out>
  <testcase classname="testcases.RAW_DATAMART_CURATED.SnowFlake_ColumnValidation_APITables" name="validateColumnName_BKP" time="3.182"/>
  <system-out>
    <![CDATA[Executing Snowflake query :: SELECT COLUMN_NAME FROM DEV_ENT_RAW.INFORMATION_SCHEMA.COLUMNS WHERE TABLE_NAME='ST_API_INVOICEITEM'and TABLE_SCHEMA='API_MAT'
Executing Snowflake query :: SELECT COLUMN_NAME FROM CURATED_DATAMART.INFORMATION_SCHEMA.COLUMNS WHERE TABLE_NAME='STR_API_INVOICEITEM'and TABLE_SCHEMA='ST_API_HDAIR'
Executing Snowflake query :: SELECT COLUMN_NAME FROM DEV_ENT_CURATED.INFORMATION_SCHEMA.COLUMNS WHERE TABLE_NAME='DIM_INVOICEITEM'and TABLE_SCHEMA='MASTER_DIMENSIONS'
Column names for RAW Table --> ST_API_INVOICEITEM :: [ALLOWDISCOUNTS, AUTOGLASSITEM_ID, HOURS, STANDARDPRICE, MODIFIEDON, PROJECTLABELS, SOLDBYCOMMISSION, ISINVENTORY, MARKUP, PAYSSOLDBYRATE, PROCUREDFROMESTIMATEITEM_ID, PROJECTORDER, SKU_ID, TECHNICIANSPLIT3, UNITPRICE, IMPORTID, LASTUNITPRICESETBYEMPLOYEE, SKUNAME, MEMBERSHIPWORKFLOWACTION, BASERATE1, BASERATE2, DATECREATED, EQUIPMENT_ID, ID, INVENTORYSTATUS, ITEMGROUPNAME, TECHNICIANFORBASERATE1_ID, QUANTITY, SOLDBY_ID, PARENTITEM_ID, SOLDHOURS, NOTAX, COST, CREATEDBY_ID, EXPORTID, ISADDON, ISOTTASK, CREATEDON, ISUNITPRICEMANUALLYSET, PAYSFLATAMOUNT, TECHNICIAN_ID, BASERATE3, CHARGEABLE, COMMISSIONBONUS, DESCRIPTION, TECHNICIANACKNOWLEDGEMENTSIGNATURE, INVENTORYLOCATION_ID, ORDER, SCHEDULEDFLATAMOUNT, SOURCETYPE, TECHNICIANSPLIT1, INVENTORYWAREHOUSENAME, ACCOUNT, ADDONFLATAMOUNT, PRICEMODIFIER_ID, SKUREFERENCE_SKUTYPE, TECHNICIANFORBASERATE3_ID, PAYTECHSPECIFICBONUS, TECHNICIANFORBASERATE2_ID, TECHNICIANSPLIT2, USEDMATERIAL_ID, ACTIVE, BONUS, COSTOFSALEACCOUNT_ID, GENERALLEDGERACCOUNT_ID, INVENTORYBATCH_ID, INVOICE_ID, PAYSCOMMISSION, SKUREFERENCE_SKUID, TAXABLE, TOTAL, BUSINESSUNIT_ID, DEDUCTASJOBCOST, DISPLAYINAMOUNT, ESTIMATEITEM_ID, ITEMGROUPROOT_ID, MEMBERPRICE, PROCUREDFROM_ID, SIGNATURE, TOTALCOST, CROSSSALEGROUP, WORKFLOWACTION_ID, TENANT_TYPE]
Column names for DataMart Table --> STR_API_INVOICEITEM :: [ALLOWDISCOUNTS, BUSINESSUNIT_ID, COST, DESCRIPTION, DISPLAYINAMOUNT, EXPORTID, INVENTORYLOCATION_ID, ISUNITPRICEMANUALLYSET, LASTUNITPRICESETBYEMPLOYEE, PAYTECHSPECIFICBONUS, MARKUP, QUANTITY, SOLDHOURS, MEMBERPRICE, SOLDBYCOMMISSION, ACTIVE, CHARGEABLE, INVENTORYSTATUS, INVOICE_ID, MODIFIEDON, RECORD_CREATE_DATE, RECORD_UPDATE_DATE, SKU_ID, STANDARDPRICE, TECHNICIANSPLIT1, TECHNICIANSPLIT3, TOTAL, ACTIVE_FLAG, BASERATE2, CREATEDBY_ID, CREATEDON, DATECREATED, PAYSCOMMISSION, UNITPRICE, ORDER, SOLDBY_ID, PROCUREMENTSOURCE_ESTIMATEITEMID, SOURCETYPE, PROCUREMENTSOURCE_SOURCETYPE, HOURS, PAYSFLATAMOUNT, PROJECTLABELS, TECHNICIANFORBASERATE2_ID, ITEMGROUPROOT_ID, MEMBERSHIPWORKFLOWACTION, PROJECTORDER, PROCUREDFROMESTIMATEITEM_ID, BASERATE3, ISADDON, ITEMGROUPNAME, SKUREFERENCE_SKUTYPE, TECHNICIANACKNOWLEDGEMENTSIGNATURE, TECHNICIANSPLIT2, USEDMATERIAL_ID, COMMISSIONBONUS, IMPORTID, TENANT_TYPE, ADDONFLATAMOUNT, EQUIPMENT_ID, GENERALLEDGERACCOUNT_ID, INVENTORYBATCH_ID, ISOTTASK, PROCUREMENTSOURCE_REQUISITIONITEMID, SKUREFERENCE_SKUID, TECHNICIANFORBASERATE3_ID, AUTOGLASSITEM_ID, ACCOUNT, BASERATE1, MASTER_ID, PRICEMODIFIER_ID, PROCUREMENTSOURCE_PURCHASEORDERITEMID, SCHEDULEDFLATAMOUNT, SIGNATURE, TAXABLE, TECHNICIAN_ID, PROCUREDFROM_ID, TECHNICIANFORBASERATE1_ID, NOTAX, ESTIMATEITEM_ID, INVENTORYWAREHOUSENAME, PARENTITEM_ID, COSTOFSALEACCOUNT_ID, CROSSSALEGROUP, DEDUCTASJOBCOST, ID, ISINVENTORY, PAYSSOLDBYRATE, BONUS, SKUNAME, WORKFLOWACTION_ID, TOTALCOST]
Column names for Curated Table --> DIM_INVOICEITEM :: [BASERATE2, COST, CROSSSALEGROUP, ISOTTASK, MEMBERPRICE, ORDER, QUANTITY, TOTALCOST, ISUNITPRICEMANUALLYSET, PARENTITEM_ID, PAYSSOLDBYRATE, PAYSCOMMISSION, GENERALLEDGERACCOUNT_ID, BASERATE1, INVENTORYBATCH_ID, INVOICE_ID, SKUREFERENCE_SKUID, BASERATE3, EXPORTID, ISINVENTORY, SKU_ID, INVENTORYSTATUS, SOLDHOURS, TECHNICIAN_ID, TECHNICIANFORBASERATE2_ID, ACCOUNT, ALLOWDISCOUNTS, COMMISSIONBONUS, CREATEDON, IMPORTID, ISADDON, PROCUREMENTSOURCE_SOURCETYPE, NOTAX, PROJECTLABELS, SOLDBY_ID, TECHNICIANFORBASERATE1_ID, TECHNICIANSPLIT1, PAYSFLATAMOUNT, UNITPRICE, BONUS, COSTOFSALEACCOUNT_ID, CREATEDBY_ID, DISPLAYINAMOUNT, PAYTECHSPECIFICBONUS, PRICEMODIFIER_ID, TECHNICIANACKNOWLEDGEMENTSIGNATURE, TECHNICIANSPLIT3, PROCUREMENTSOURCE_PURCHASEORDERITEMID, PROCUREMENTSOURCE_REQUISITIONITEMID, PROJECTORDER, DATECREATED, TECHNICIANFORBASERATE3_ID, ACTIVE, ADDONFLATAMOUNT, BUSINESSUNIT_ID, CHARGEABLE, EQUIPMENT_ID, INVENTORYLOCATION_ID, INVENTORYWAREHOUSENAME, ITEMGROUPNAME, ITEMGROUPROOT_ID, RECORD_UPDATE_DATE, MODIFIEDON, PROCUREDFROM_ID, SCHEDULEDFLATAMOUNT, PROCUREMENTSOURCE_ESTIMATEITEMID, TAXABLE, PROCUREDFROMESTIMATEITEM_ID, AUTOGLASSITEM_ID, HOURS, LASTUNITPRICESETBYEMPLOYEE, MARKUP, USEDMATERIAL_ID, MEMBERSHIPWORKFLOWACTION, SKUREFERENCE_SKUTYPE, SOLDBYCOMMISSION, SOURCETYPE, RECORD_UPDATED_BY, WORKFLOWACTION_ID, DEDUCTASJOBCOST, DESCRIPTION, ESTIMATEITEM_ID, STANDARDPRICE, TECHNICIANSPLIT2, TOTAL, ID, RECORD_CREATE_DATE, SIGNATURE, SKUNAME, TENANT_TYPE]
Column Name found in Datamart and Curated Table :: ALLOWDISCOUNTS
Column Name found in Datamart and Curated Table :: AUTOGLASSITEM_ID
Column Name found in Datamart and Curated Table :: HOURS
Column Name found in Datamart and Curated Table :: STANDARDPRICE
Column Name found in Datamart and Curated Table :: MODIFIEDON
Column Name found in Datamart and Curated Table :: PROJECTLABELS
Column Name found in Datamart and Curated Table :: SOLDBYCOMMISSION
Column Name found in Datamart and Curated Table :: ISINVENTORY
Column Name found in Datamart and Curated Table :: MARKUP
Column Name found in Datamart and Curated Table :: PAYSSOLDBYRATE
Column Name found in Datamart and Curated Table :: PROCUREDFROMESTIMATEITEM_ID
Column Name found in Datamart and Curated Table :: PROJECTORDER
Column Name found in Datamart and Curated Table :: SKU_ID
Column Name found in Datamart and Curated Table :: TECHNICIANSPLIT3
Column Name found in Datamart and Curated Table :: UNITPRICE
Column Name found in Datamart and Curated Table :: IMPORTID
Column Name found in Datamart and Curated Table :: LASTUNITPRICESETBYEMPLOYEE
Column Name found in Datamart and Curated Table :: SKUNAME
Column Name found in Datamart and Curated Table :: MEMBERSHIPWORKFLOWACTION
Column Name found in Datamart and Curated Table :: BASERATE1
Column Name found in Datamart and Curated Table :: BASERATE2
Column Name found in Datamart and Curated Table :: DATECREATED
Column Name found in Datamart and Curated Table :: EQUIPMENT_ID
Column Name found in Datamart and Curated Table :: ID
Column Name found in Datamart and Curated Table :: INVENTORYSTATUS
Column Name found in Datamart and Curated Table :: ITEMGROUPNAME
Column Name found in Datamart and Curated Table :: TECHNICIANFORBASERATE1_ID
Column Name found in Datamart and Curated Table :: QUANTITY
Column Name found in Datamart and Curated Table :: SOLDBY_ID
Column Name found in Datamart and Curated Table :: PARENTITEM_ID
Column Name found in Datamart and Curated Table :: SOLDHOURS
Column Name found in Datamart and Curated Table :: NOTAX
Column Name found in Datamart and Curated Table :: COST
Column Name found in Datamart and Curated Table :: CREATEDBY_ID
Column Name found in Datamart and Curated Table :: EXPORTID
Column Name found in Datamart and Curated Table :: ISADDON
Column Name found in Datamart and Curated Table :: ISOTTASK
Column Name found in Datamart and Curated Table :: CREATEDON
Column Name found in Datamart and Curated Table :: ISUNITPRICEMANUALLYSET
Column Name found in Datamart and Curated Table :: PAYSFLATAMOUNT
Column Name found in Datamart and Curated Table :: TECHNICIAN_ID
Column Name found in Datamart and Curated Table :: BASERATE3
Column Name found in Datamart and Curated Table :: CHARGEABLE
Column Name found in Datamart and Curated Table :: COMMISSIONBONUS
Column Name found in Datamart and Curated Table :: DESCRIPTION
Column Name found in Datamart and Curated Table :: TECHNICIANACKNOWLEDGEMENTSIGNATURE
Column Name found in Datamart and Curated Table :: INVENTORYLOCATION_ID
Column Name found in Datamart and Curated Table :: ORDER
Column Name found in Datamart and Curated Table :: SCHEDULEDFLATAMOUNT
Column Name found in Datamart and Curated Table :: SOURCETYPE
Column Name found in Datamart and Curated Table :: TECHNICIANSPLIT1
Column Name found in Datamart and Curated Table :: INVENTORYWAREHOUSENAME
Column Name found in Datamart and Curated Table :: ACCOUNT
Column Name found in Datamart and Curated Table :: ADDONFLATAMOUNT
Column Name found in Datamart and Curated Table :: PRICEMODIFIER_ID
Column Name found in Datamart and Curated Table :: SKUREFERENCE_SKUTYPE
Column Name found in Datamart and Curated Table :: TECHNICIANFORBASERATE3_ID
Column Name found in Datamart and Curated Table :: PAYTECHSPECIFICBONUS
Column Name found in Datamart and Curated Table :: TECHNICIANFORBASERATE2_ID
Column Name found in Datamart and Curated Table :: TECHNICIANSPLIT2
Column Name found in Datamart and Curated Table :: USEDMATERIAL_ID
Column Name found in Datamart and Curated Table :: ACTIVE
Column Name found in Datamart and Curated Table :: BONUS
Column Name found in Datamart and Curated Table :: COSTOFSALEACCOUNT_ID
Column Name found in Datamart and Curated Table :: GENERALLEDGERACCOUNT_ID
Column Name found in Datamart and Curated Table :: INVENTORYBATCH_ID
Column Name found in Datamart and Curated Table :: INVOICE_ID
Column Name found in Datamart and Curated Table :: PAYSCOMMISSION
Column Name found in Datamart and Curated Table :: SKUREFERENCE_SKUID
Column Name found in Datamart and Curated Table :: TAXABLE
Column Name found in Datamart and Curated Table :: TOTAL
Column Name found in Datamart and Curated Table :: BUSINESSUNIT_ID
Column Name found in Datamart and Curated Table :: DEDUCTASJOBCOST
Column Name found in Datamart and Curated Table :: DISPLAYINAMOUNT
Column Name found in Datamart and Curated Table :: ESTIMATEITEM_ID
Column Name found in Datamart and Curated Table :: ITEMGROUPROOT_ID
Column Name found in Datamart and Curated Table :: MEMBERPRICE
Column Name found in Datamart and Curated Table :: PROCUREDFROM_ID
Column Name found in Datamart and Curated Table :: SIGNATURE
Column Name found in Datamart and Curated Table :: TOTALCOST
Column Name found in Datamart and Curated Table :: CROSSSALEGROUP
Column Name found in Datamart and Curated Table :: WORKFLOWACTION_ID
Column Name found in Datamart and Curated Table :: TENANT_TYPE
Datamart tables contains additional column name like [ACTIVE_FLAG, RECORD_CREATE_DATE, RECORD_UPDATE_DATE, MASTER_ID]
Curated tables contains additional column name like [RECORD_CREATE_DATE, RECORD_UPDATE_DATE, RECORD_UPDATED_BY]]]>
  </system-out>
  <testcase classname="testcases.RAW_DATAMART_CURATED.SnowFlake_ColumnValidation_APITables" name="validateColumnName_BKP" time="2.432"/>
  <system-out>
    <![CDATA[Executing Snowflake query :: SELECT COLUMN_NAME FROM DEV_ENT_RAW.INFORMATION_SCHEMA.COLUMNS WHERE TABLE_NAME='ST_API_JOB'and TABLE_SCHEMA='API_MAT'
Executing Snowflake query :: SELECT COLUMN_NAME FROM CURATED_DATAMART.INFORMATION_SCHEMA.COLUMNS WHERE TABLE_NAME='STR_API_JOB'and TABLE_SCHEMA='ST_API_HUTCHINSON'
Executing Snowflake query :: SELECT COLUMN_NAME FROM DEV_ENT_CURATED.INFORMATION_SCHEMA.COLUMNS WHERE TABLE_NAME='DIM_JOB'and TABLE_SCHEMA='MASTER_DIMENSIONS'
Column names for RAW Table --> ST_API_JOB :: [ACTIVE, CUSTOMER_ID, MANAGEEMPLOYEEEMAIL, MONTHNUMBER, NOCHARGESOURCE, START, CAMPAIGN_ID, LASTCHANGEDBYSMARTDISPATCH, OPPORTUNITYDATE, PREVAILINGWAGEJOBNUMBER, PROJECT_ID, PRIORITY, DRIVETIME, PLANEND, PREDICTEDTOTAL, STATUS, TOTAL, APPROXIMATESTARTDATE, ESTIMATEDCOST, IMPORTID, PROJECTEDVALUE, CREATEDFROMESTIMATESTATUSWHENBOOKING, ISAUTODISPATCHED, NOTIFICATIONSENABLED, COMPLETEDON, CREATEDBY_ID, CUSTOMERPO, ID, LEADGENERATED_ID, LOCATION_ID, PMDATE, PREVAILINGWAGECODE_ID, APPROXIMATEENDDATE, COMPLETIONSURVEYID, CREATEDON, REASSIGNMENTPENALTY, NUMBER, CREATEDFROMESTIMATE_ID, ISCONFIRMED, LATEPENALTY, OPPORTUNITY_ID, PLANSTART, DRIVINGCOST, GENERATEDFROM_ID, SOLDBY_ID, RECALLFOR_ID, CALLSCRIPTANSWERRECORD_ID, DURATION, INVOICE_ID, ISPREVAILINGWAGE, NOCHARGE, SMARTDISPATCHDATA_JOB, LASTAPPOINTMENT_ID, BUSINESSUNIT_ID, FIRSTAPPOINTMENT_ID, GENERATEDBY_ID, ISTECHNICIANSPECIFIC, UNION, WARRANTYFOR_ID, MEMBERSHIP_ID, TYPE_ID, MODIFIEDON, ALLOTTEDTIME, END, EXTERNALID, SECONDARYJOBNUMBER, LEAD_ID, MANAGEFOLLOWUPEMAIL, PREDICTEDSALES, SUMMARY, TENANT_TYPE]
Column names for DataMart Table --> STR_API_JOB :: [GENERATEDBY_ID, NOCHARGE, PLANSTART, BUSINESSUNIT_ID, CREATEDFROMESTIMATE_ID, MANAGEFOLLOWUPEMAIL, START, WARRANTYFOR_ID, UNION, CREATEDBY_ID, RECORD_CREATE_DATE, ACTIVE_FLAG, CALLSCRIPTANSWERRECORD_ID, CREATEDON, DRIVINGCOST, DURATION, ESTIMATEDCOST, LASTCHANGEDBYSMARTDISPATCH, SMARTDISPATCHDATA_JOB, TENANT_TYPE, LEAD_ID, RECALLFOR_ID, COMPLETEDON, DRIVETIME, END, OPPORTUNITYDATE, MODIFIEDON, PRIORITY, PROJECT_ID, STATUS, LEADGENERATED_ID, MANAGEEMPLOYEEEMAIL, ALLOTTEDTIME, CUSTOMERPO, GENERATEDFROM_ID, ISAUTODISPATCHED, OPPORTUNITY_ID, PREDICTEDSALES, SUMMARY, PREVAILINGWAGECODE_ID, TOTAL, FIRSTAPPOINTMENT_ID, SECONDARYJOBNUMBER, SOLDBY_ID, ACTIVE, CREATEDFROMESTIMATESTATUSWHENBOOKING, IMPORTID, CUSTOMER_ID, EXTERNALID, ISPREVAILINGWAGE, PLANEND, TYPE_ID, LOCATION_ID, CAMPAIGN_ID, PROJECTEDVALUE, LATEPENALTY, APPROXIMATEENDDATE, APPROXIMATESTARTDATE, COMPLETIONSURVEYID, ISCONFIRMED, ISTECHNICIANSPECIFIC, LASTAPPOINTMENT_ID, MEMBERSHIP_ID, NOCHARGESOURCE, NOTIFICATIONSENABLED, PREDICTEDTOTAL, MONTHNUMBER, PMDATE, REASSIGNMENTPENALTY, RECORD_UPDATE_DATE, ID, NUMBER, INVOICE_ID, PREVAILINGWAGEJOBNUMBER, MASTER_ID]
Column names for Curated Table --> DIM_JOB :: [LASTCHANGEDBYSMARTDISPATCH, PROJECTEDVALUE, TYPE_ID, EXTERNALID, NOCHARGESOURCE, PMDATE, RECALLFOR_ID, START, ACTIVE, ISAUTODISPATCHED, MONTHNUMBER, PRIORITY, CREATEDON, OPPORTUNITYDATE, PREVAILINGWAGEJOBNUMBER, RECORD_CREATE_DATE, CREATEDBY_ID, LASTAPPOINTMENT_ID, MANAGEEMPLOYEEEMAIL, TOTAL, APPROXIMATESTARTDATE, GENERATEDBY_ID, MANAGEFOLLOWUPEMAIL, RECORD_UPDATED_BY, WARRANTYFOR_ID, UNION, CREATEDFROMESTIMATE_ID, REASSIGNMENTPENALTY, PREDICTEDSALES, LATEPENALTY, DURATION, DRIVETIME, STATUS, SUMMARY, IMPORTID, NOTIFICATIONSENABLED, RECORD_UPDATE_DATE, ALLOTTEDTIME, COMPLETEDON, CUSTOMERPO, GENERATEDFROM_ID, ISTECHNICIANSPECIFIC, LOCATION_ID, PLANEND, MODIFIEDON, PREVAILINGWAGECODE_ID, SECONDARYJOBNUMBER, END, OPPORTUNITY_ID, APPROXIMATEENDDATE, BUSINESSUNIT_ID, CALLSCRIPTANSWERRECORD_ID, CUSTOMER_ID, DRIVINGCOST, ESTIMATEDCOST, FIRSTAPPOINTMENT_ID, PROJECT_ID, SOLDBY_ID, NOCHARGE, ISCONFIRMED, LEADGENERATED_ID, CAMPAIGN_ID, COMPLETIONSURVEYID, CREATEDFROMESTIMATESTATUSWHENBOOKING, ID, INVOICE_ID, ISPREVAILINGWAGE, LEAD_ID, MEMBERSHIP_ID, PLANSTART, SMARTDISPATCHDATA_JOB, TENANT_TYPE, PREDICTEDTOTAL, NUMBER]
Column Name found in Datamart and Curated Table :: ACTIVE
Column Name found in Datamart and Curated Table :: CUSTOMER_ID
Column Name found in Datamart and Curated Table :: MANAGEEMPLOYEEEMAIL
Column Name found in Datamart and Curated Table :: MONTHNUMBER
Column Name found in Datamart and Curated Table :: NOCHARGESOURCE
Column Name found in Datamart and Curated Table :: START
Column Name found in Datamart and Curated Table :: CAMPAIGN_ID
Column Name found in Datamart and Curated Table :: LASTCHANGEDBYSMARTDISPATCH
Column Name found in Datamart and Curated Table :: OPPORTUNITYDATE
Column Name found in Datamart and Curated Table :: PREVAILINGWAGEJOBNUMBER
Column Name found in Datamart and Curated Table :: PROJECT_ID
Column Name found in Datamart and Curated Table :: PRIORITY
Column Name found in Datamart and Curated Table :: DRIVETIME
Column Name found in Datamart and Curated Table :: PLANEND
Column Name found in Datamart and Curated Table :: PREDICTEDTOTAL
Column Name found in Datamart and Curated Table :: STATUS
Column Name found in Datamart and Curated Table :: TOTAL
Column Name found in Datamart and Curated Table :: APPROXIMATESTARTDATE
Column Name found in Datamart and Curated Table :: ESTIMATEDCOST
Column Name found in Datamart and Curated Table :: IMPORTID
Column Name found in Datamart and Curated Table :: PROJECTEDVALUE
Column Name found in Datamart and Curated Table :: CREATEDFROMESTIMATESTATUSWHENBOOKING
Column Name found in Datamart and Curated Table :: ISAUTODISPATCHED
Column Name found in Datamart and Curated Table :: NOTIFICATIONSENABLED
Column Name found in Datamart and Curated Table :: COMPLETEDON
Column Name found in Datamart and Curated Table :: CREATEDBY_ID
Column Name found in Datamart and Curated Table :: CUSTOMERPO
Column Name found in Datamart and Curated Table :: ID
Column Name found in Datamart and Curated Table :: LEADGENERATED_ID
Column Name found in Datamart and Curated Table :: LOCATION_ID
Column Name found in Datamart and Curated Table :: PMDATE
Column Name found in Datamart and Curated Table :: PREVAILINGWAGECODE_ID
Column Name found in Datamart and Curated Table :: APPROXIMATEENDDATE
Column Name found in Datamart and Curated Table :: COMPLETIONSURVEYID
Column Name found in Datamart and Curated Table :: CREATEDON
Column Name found in Datamart and Curated Table :: REASSIGNMENTPENALTY
Column Name found in Datamart and Curated Table :: NUMBER
Column Name found in Datamart and Curated Table :: CREATEDFROMESTIMATE_ID
Column Name found in Datamart and Curated Table :: ISCONFIRMED
Column Name found in Datamart and Curated Table :: LATEPENALTY
Column Name found in Datamart and Curated Table :: OPPORTUNITY_ID
Column Name found in Datamart and Curated Table :: PLANSTART
Column Name found in Datamart and Curated Table :: DRIVINGCOST
Column Name found in Datamart and Curated Table :: GENERATEDFROM_ID
Column Name found in Datamart and Curated Table :: SOLDBY_ID
Column Name found in Datamart and Curated Table :: RECALLFOR_ID
Column Name found in Datamart and Curated Table :: CALLSCRIPTANSWERRECORD_ID
Column Name found in Datamart and Curated Table :: DURATION
Column Name found in Datamart and Curated Table :: INVOICE_ID
Column Name found in Datamart and Curated Table :: ISPREVAILINGWAGE
Column Name found in Datamart and Curated Table :: NOCHARGE
Column Name found in Datamart and Curated Table :: SMARTDISPATCHDATA_JOB
Column Name found in Datamart and Curated Table :: LASTAPPOINTMENT_ID
Column Name found in Datamart and Curated Table :: BUSINESSUNIT_ID
Column Name found in Datamart and Curated Table :: FIRSTAPPOINTMENT_ID
Column Name found in Datamart and Curated Table :: GENERATEDBY_ID
Column Name found in Datamart and Curated Table :: ISTECHNICIANSPECIFIC
Column Name found in Datamart and Curated Table :: UNION
Column Name found in Datamart and Curated Table :: WARRANTYFOR_ID
Column Name found in Datamart and Curated Table :: MEMBERSHIP_ID
Column Name found in Datamart and Curated Table :: TYPE_ID
Column Name found in Datamart and Curated Table :: MODIFIEDON
Column Name found in Datamart and Curated Table :: ALLOTTEDTIME
Column Name found in Datamart and Curated Table :: END
Column Name found in Datamart and Curated Table :: EXTERNALID
Column Name found in Datamart and Curated Table :: SECONDARYJOBNUMBER
Column Name found in Datamart and Curated Table :: LEAD_ID
Column Name found in Datamart and Curated Table :: MANAGEFOLLOWUPEMAIL
Column Name found in Datamart and Curated Table :: PREDICTEDSALES
Column Name found in Datamart and Curated Table :: SUMMARY
Column Name found in Datamart and Curated Table :: TENANT_TYPE
Datamart tables contains additional column name like [ACTIVE_FLAG, RECORD_CREATE_DATE, RECORD_UPDATE_DATE, MASTER_ID]
Curated tables contains additional column name like [RECORD_CREATE_DATE, RECORD_UPDATE_DATE, RECORD_UPDATED_BY]]]>
  </system-out>
  <testcase classname="testcases.RAW_DATAMART_CURATED.SnowFlake_ColumnValidation_APITables" name="validateColumnName_BKP" time="2.648"/>
  <system-out>
    <![CDATA[Executing Snowflake query :: SELECT COLUMN_NAME FROM DEV_ENT_RAW.INFORMATION_SCHEMA.COLUMNS WHERE TABLE_NAME='ST_API_INVOICE'and TABLE_SCHEMA='API_MAT'
Executing Snowflake query :: SELECT COLUMN_NAME FROM CURATED_DATAMART.INFORMATION_SCHEMA.COLUMNS WHERE TABLE_NAME='STR_API_INVOICE'and TABLE_SCHEMA='ST_API_FOURPROS'
Executing Snowflake query :: SELECT COLUMN_NAME FROM DEV_ENT_CURATED.INFORMATION_SCHEMA.COLUMNS WHERE TABLE_NAME='FACT_INVOICE'and TABLE_SCHEMA='MASTER_DIMENSIONS'
Column names for RAW Table --> ST_API_INVOICE :: [COMMISSIONELIGIBILITYDATE, TYPE_ID, NEWCONSTRUCTION, ACTIVE, BATCH_ID, DISCOUNTTOTAL, NETAMOUNT, ROYALTY_SENTON, SUMMARY, TECHNICIANACKNOWLEDGEMENTSIGNATURE, CREATEDBY_ID, ADJUSTMENTTO_ID, EXPORTID, EXTERNALID, INVOICEDON, PAIDON, PAYMENTTERM_ID, MODIFIEDON, MATERIALSKUREFERENCE_SKUTYPE, MEMBERSHIP_ID, STATUS, TAX, TAXZONE_ID, COUNTERSALESLOCATION_ID, NUMERICNUMBER, ROYALTY_STATUS, BUSINESSUNIT_ID, CONFIGURATION, CREATEDON, CUSTOMER_ID, JOB_ID, LOCATION_ID, ROYALTY_DATE, ACKNOWLEDGEMENTSIGNATURE, BALANCE, BILLINGDATE, EXCLUDEFROMPAYROLL, MATERIALTAX, AUTHORIZATIONSIGNATURE, PAYMENTDUEDATE, PROJECTLABELS, AUTHORIZEDAMOUNT, ID, INCLUDEINTECHNICIANREPORTS, MATERIALSKUREFERENCE_SKUID, PAYROLLDATE, SIGNATURE, SUBTOTAL, LABORTAX, MATERIALSKU_ID, ROYALTY_MEMO, TOTAL, FEETAX, IMPORTID, NUMBER, PROJECT_ID, FEETOTAL, TENANT_TYPE]
Column names for DataMart Table --> STR_API_INVOICE :: [ACTIVE, BALANCE, PAYROLLDATE, PROJECTLABELS, TAXZONE_ID, PAYMENTTERM_ID, SIGNATURE, MEMBERSHIP_ID, LOCATION_ID, MODIFIEDON, PAYMENTDUEDATE, TENANT_TYPE, ACTIVE_FLAG, COMMISSIONELIGIBILITYDATE, CONFIGURATION, EXPORTID, SUBTOTAL, TYPE_ID, MATERIALTAX, ROYALTY_DATE, AUTHORIZATIONSIGNATURE, DISCOUNTTOTAL, PROJECT_ID, RECORD_CREATE_DATE, FEETAX, NEWCONSTRUCTION, TOTAL, NUMERICNUMBER, RECORD_UPDATE_DATE, EXCLUDEFROMPAYROLL, AUTHORIZEDAMOUNT, EXTERNALID, PAIDON, STATUS, TECHNICIANACKNOWLEDGEMENTSIGNATURE, CUSTOMER_ID, MATERIALSKUREFERENCE_SKUID, MATERIALSKU_ID, SUMMARY, ROYALTY_MEMO, CREATEDON, IMPORTID, MATERIALSKUREFERENCE_SKUTYPE, NUMBER, ROYALTY_STATUS, ADJUSTMENTTO_ID, BATCH_ID, COUNTERSALESLOCATION_ID, INVOICEDON, CREATEDBY_ID, INCLUDEINTECHNICIANREPORTS, LABORTAX, ACKNOWLEDGEMENTSIGNATURE, BILLINGDATE, BUSINESSUNIT_ID, ID, JOB_ID, MASTER_ID, ROYALTY_SENTON, TAX, FEETOTAL, NETAMOUNT]
Column names for Curated Table --> FACT_INVOICE :: [CONFIGURATION, EXPORTID, EXTERNALID, MATERIALSKUREFERENCE_SKUTYPE, RECORD_UPDATED_BY, ROYALTY_DATE, FEETAX, TAX, TOTAL, BALANCE, BUSINESSUNIT_ID, CREATEDON, PAYMENTDUEDATE, PROJECT_ID, NETAMOUNT, NUMERICNUMBER, ROYALTY_SENTON, NUMBER, DISCOUNTTOTAL, EXCLUDEFROMPAYROLL, INCLUDEINTECHNICIANREPORTS, MODIFIEDON, STATUS, TENANT_TYPE, NEWCONSTRUCTION, ACKNOWLEDGEMENTSIGNATURE, ADJUSTMENTTO_ID, CREATEDBY_ID, CUSTOMER_ID, FEETOTAL, INVOICEDON, PAIDON, TYPE_ID, JOB_ID, LABORTAX, LOCATION_ID, ROYALTY_STATUS, SUMMARY, PROJECTLABELS, MATERIALSKUREFERENCE_SKUID, MATERIALSKU_ID, MEMBERSHIP_ID, COMMISSIONELIGIBILITYDATE, RECORD_CREATE_DATE, RECORD_UPDATE_DATE, SIGNATURE, AUTHORIZATIONSIGNATURE, BILLINGDATE, IMPORTID, TECHNICIANACKNOWLEDGEMENTSIGNATURE, AUTHORIZEDAMOUNT, ID, PAYROLLDATE, ACTIVE, COUNTERSALESLOCATION_ID, PAYMENTTERM_ID, SUBTOTAL, BATCH_ID, MATERIALTAX, ROYALTY_MEMO, TAXZONE_ID]
Column Name found in Datamart and Curated Table :: COMMISSIONELIGIBILITYDATE
Column Name found in Datamart and Curated Table :: TYPE_ID
Column Name found in Datamart and Curated Table :: NEWCONSTRUCTION
Column Name found in Datamart and Curated Table :: ACTIVE
Column Name found in Datamart and Curated Table :: BATCH_ID
Column Name found in Datamart and Curated Table :: DISCOUNTTOTAL
Column Name found in Datamart and Curated Table :: NETAMOUNT
Column Name found in Datamart and Curated Table :: ROYALTY_SENTON
Column Name found in Datamart and Curated Table :: SUMMARY
Column Name found in Datamart and Curated Table :: TECHNICIANACKNOWLEDGEMENTSIGNATURE
Column Name found in Datamart and Curated Table :: CREATEDBY_ID
Column Name found in Datamart and Curated Table :: ADJUSTMENTTO_ID
Column Name found in Datamart and Curated Table :: EXPORTID
Column Name found in Datamart and Curated Table :: EXTERNALID
Column Name found in Datamart and Curated Table :: INVOICEDON
Column Name found in Datamart and Curated Table :: PAIDON
Column Name found in Datamart and Curated Table :: PAYMENTTERM_ID
Column Name found in Datamart and Curated Table :: MODIFIEDON
Column Name found in Datamart and Curated Table :: MATERIALSKUREFERENCE_SKUTYPE
Column Name found in Datamart and Curated Table :: MEMBERSHIP_ID
Column Name found in Datamart and Curated Table :: STATUS
Column Name found in Datamart and Curated Table :: TAX
Column Name found in Datamart and Curated Table :: TAXZONE_ID
Column Name found in Datamart and Curated Table :: COUNTERSALESLOCATION_ID
Column Name found in Datamart and Curated Table :: NUMERICNUMBER
Column Name found in Datamart and Curated Table :: ROYALTY_STATUS
Column Name found in Datamart and Curated Table :: BUSINESSUNIT_ID
Column Name found in Datamart and Curated Table :: CONFIGURATION
Column Name found in Datamart and Curated Table :: CREATEDON
Column Name found in Datamart and Curated Table :: CUSTOMER_ID
Column Name found in Datamart and Curated Table :: JOB_ID
Column Name found in Datamart and Curated Table :: LOCATION_ID
Column Name found in Datamart and Curated Table :: ROYALTY_DATE
Column Name found in Datamart and Curated Table :: ACKNOWLEDGEMENTSIGNATURE
Column Name found in Datamart and Curated Table :: BALANCE
Column Name found in Datamart and Curated Table :: BILLINGDATE
Column Name found in Datamart and Curated Table :: EXCLUDEFROMPAYROLL
Column Name found in Datamart and Curated Table :: MATERIALTAX
Column Name found in Datamart and Curated Table :: AUTHORIZATIONSIGNATURE
Column Name found in Datamart and Curated Table :: PAYMENTDUEDATE
Column Name found in Datamart and Curated Table :: PROJECTLABELS
Column Name found in Datamart and Curated Table :: AUTHORIZEDAMOUNT
Column Name found in Datamart and Curated Table :: ID
Column Name found in Datamart and Curated Table :: INCLUDEINTECHNICIANREPORTS
Column Name found in Datamart and Curated Table :: MATERIALSKUREFERENCE_SKUID
Column Name found in Datamart and Curated Table :: PAYROLLDATE
Column Name found in Datamart and Curated Table :: SIGNATURE
Column Name found in Datamart and Curated Table :: SUBTOTAL
Column Name found in Datamart and Curated Table :: LABORTAX
Column Name found in Datamart and Curated Table :: MATERIALSKU_ID
Column Name found in Datamart and Curated Table :: ROYALTY_MEMO
Column Name found in Datamart and Curated Table :: TOTAL
Column Name found in Datamart and Curated Table :: FEETAX
Column Name found in Datamart and Curated Table :: IMPORTID
Column Name found in Datamart and Curated Table :: NUMBER
Column Name found in Datamart and Curated Table :: PROJECT_ID
Column Name found in Datamart and Curated Table :: FEETOTAL
Column Name found in Datamart and Curated Table :: TENANT_TYPE
Datamart tables contains additional column name like [ACTIVE_FLAG, RECORD_CREATE_DATE, RECORD_UPDATE_DATE, MASTER_ID]
Curated tables contains additional column name like [RECORD_CREATE_DATE, RECORD_UPDATE_DATE, RECORD_UPDATED_BY]]]>
  </system-out>
  <testcase classname="testcases.RAW_DATAMART_CURATED.SnowFlake_ColumnValidation_APITables" name="validateColumnName_BKP" time="2.579"/>
  <system-out>
    <![CDATA[Executing Snowflake query :: SELECT COLUMN_NAME FROM DEV_ENT_RAW.INFORMATION_SCHEMA.COLUMNS WHERE TABLE_NAME='ST_API_JOBTYPE'and TABLE_SCHEMA='API_MAT'
Executing Snowflake query :: SELECT COLUMN_NAME FROM CURATED_DATAMART.INFORMATION_SCHEMA.COLUMNS WHERE TABLE_NAME='STR_API_JOBTYPE'and TABLE_SCHEMA='ST_API_HORIZONSERVICES'
Executing Snowflake query :: SELECT COLUMN_NAME FROM DEV_ENT_CURATED.INFORMATION_SCHEMA.COLUMNS WHERE TABLE_NAME='DIM_JOBTYPE'and TABLE_SCHEMA='MASTER_DIMENSIONS'
Column names for RAW Table --> ST_API_JOBTYPE :: [ACTIVE, COMPSTANDARDRATE, ENFORCERECURRINGSERVICEEVENTSELECTION, COMPDOUBLEOVERTIMERATE, COMPOVERTIMERATE, MODIFIEDON, IMAGE, ISAUTODISPATCHED, ISTUNEUP, NAME, CLASS, PRIORITY, IMPORTID, SOLDTHRESHOLD, NOCHARGE, CREATEDBY_ID, CREATEDON, MAXIMUMMATERIALCOSTINPERCENT, PROJECTEDVALUEADJUSTMENT, ID, DURATION, COMPCODE, MINIMUMMATERIALCOSTINPERCENT, SUMMARY, PROJECTLABELS, LIKELIHOOD, TENANT_TYPE]
Column names for DataMart Table --> STR_API_JOBTYPE :: [COMPCODE, LIKELIHOOD, RECORD_CREATE_DATE, TENANT_TYPE, NOCHARGE, CREATEDBY_ID, ACTIVE, SUMMARY, IMAGE, MAXIMUMMATERIALCOSTINPERCENT, MODIFIEDON, ISAUTODISPATCHED, NAME, CREATEDON, DURATION, SOLDTHRESHOLD, ISTUNEUP, ACTIVE_FLAG, COMPDOUBLEOVERTIMERATE, PROJECTLABELS, ENFORCERECURRINGSERVICEEVENTSELECTION, MINIMUMMATERIALCOSTINPERCENT, RECORD_UPDATE_DATE, CLASS, COMPOVERTIMERATE, COMPSTANDARDRATE, ID, IMPORTID, MASTER_ID, PRIORITY, PROJECTEDVALUEADJUSTMENT]
Column names for Curated Table --> DIM_JOBTYPE :: [COMPOVERTIMERATE, PROJECTLABELS, RECORD_UPDATED_BY, MAXIMUMMATERIALCOSTINPERCENT, SUMMARY, NAME, COMPDOUBLEOVERTIMERATE, CREATEDBY_ID, DURATION, ISAUTODISPATCHED, RECORD_UPDATE_DATE, COMPSTANDARDRATE, NOCHARGE, IMPORTID, TENANT_TYPE, ACTIVE, ENFORCERECURRINGSERVICEEVENTSELECTION, ID, ISSMARTDISPATCHEDBYDEFAULTINAPI, ISTUNEUP, CLASS, COMPCODE, MINIMUMMATERIALCOSTINPERCENT, PRIORITY, CREATEDON, LIKELIHOOD, RECORD_CREATE_DATE, SOLDTHRESHOLD, IMAGE, MODIFIEDON, PROJECTEDVALUEADJUSTMENT]
Column Name found in Datamart and Curated Table :: ACTIVE
Column Name found in Datamart and Curated Table :: COMPSTANDARDRATE
Column Name found in Datamart and Curated Table :: ENFORCERECURRINGSERVICEEVENTSELECTION
Column Name found in Datamart and Curated Table :: COMPDOUBLEOVERTIMERATE
Column Name found in Datamart and Curated Table :: COMPOVERTIMERATE
Column Name found in Datamart and Curated Table :: MODIFIEDON
Column Name found in Datamart and Curated Table :: IMAGE
Column Name found in Datamart and Curated Table :: ISAUTODISPATCHED
Column Name found in Datamart and Curated Table :: ISTUNEUP
Column Name found in Datamart and Curated Table :: NAME
Column Name found in Datamart and Curated Table :: CLASS
Column Name found in Datamart and Curated Table :: PRIORITY
Column Name found in Datamart and Curated Table :: IMPORTID
Column Name found in Datamart and Curated Table :: SOLDTHRESHOLD
Column Name found in Datamart and Curated Table :: NOCHARGE
Column Name found in Datamart and Curated Table :: CREATEDBY_ID
Column Name found in Datamart and Curated Table :: CREATEDON
Column Name found in Datamart and Curated Table :: MAXIMUMMATERIALCOSTINPERCENT
Column Name found in Datamart and Curated Table :: PROJECTEDVALUEADJUSTMENT
Column Name found in Datamart and Curated Table :: ID
Column Name found in Datamart and Curated Table :: DURATION
Column Name found in Datamart and Curated Table :: COMPCODE
Column Name found in Datamart and Curated Table :: MINIMUMMATERIALCOSTINPERCENT
Column Name found in Datamart and Curated Table :: SUMMARY
Column Name found in Datamart and Curated Table :: PROJECTLABELS
Column Name found in Datamart and Curated Table :: LIKELIHOOD
Column Name found in Datamart and Curated Table :: TENANT_TYPE
Datamart tables contains additional column name like [ACTIVE_FLAG, RECORD_CREATE_DATE, RECORD_UPDATE_DATE, MASTER_ID]
Curated tables contains additional column name like [RECORD_CREATE_DATE, RECORD_UPDATE_DATE, RECORD_UPDATED_BY]]]>
  </system-out>
  <testcase classname="testcases.RAW_DATAMART_CURATED.SnowFlake_ColumnValidation_APITables" name="validateColumnName_BKP" time="2.970"/>
  <system-out>
    <![CDATA[Executing Snowflake query :: SELECT COLUMN_NAME FROM DEV_ENT_RAW.INFORMATION_SCHEMA.COLUMNS WHERE TABLE_NAME='ST_API_VENDOR'and TABLE_SCHEMA='API_MAT'
Executing Snowflake query :: SELECT COLUMN_NAME FROM CURATED_DATAMART.INFORMATION_SCHEMA.COLUMNS WHERE TABLE_NAME='STR_API_VENDOR'and TABLE_SCHEMA='ST_API_EANESHEATING'
Executing Snowflake query :: SELECT COLUMN_NAME FROM DEV_ENT_CURATED.INFORMATION_SCHEMA.COLUMNS WHERE TABLE_NAME='DIM_VENDOR'and TABLE_SCHEMA='MASTER_DIMENSIONS'
Column names for RAW Table --> ST_API_VENDOR :: [DELIVERYOPTION, REMITTANCEVENDOR_ID, LASTNAME, TAXRATE, ACTIVE, CREATEDON, VENDORADDRESS_ISMANUALCOORDINATES, IMPORTID, ISTRUCKREPLENISHMENT, PHONE, ID, VENDORADDRESS_STREET, FAX, VENDORADDRESS_LATITUDE, CREATEDBY_ID, EMAIL, EXTERNALID, FIRSTNAME, MEMO, RESTRICTEDMOBILECREATION, VENDORADDRESS_COUNTRY, VENDORADDRESS_LONGITUDE, VENDORADDRESS_CITY, NAME, VENDORADDRESS_ISMILITARY, VENDORQUICKBOOKSITEM, VENDORADDRESS_UNIT, VENDORADDRESS_ZIP, VENDORADDRESS_STATE, MODIFIEDON, PAYMENTTERM_ID, ADDRESS, TENANT_TYPE]
Column names for DataMart Table --> STR_API_VENDOR :: [FAX, FIRSTNAME, ISTRUCKREPLENISHMENT, MEMO, MODIFIEDON, PAYMENTTERM_ID, RECORD_CREATE_DATE, DELIVERYOPTION, EMAIL, VENDORADDRESS_COUNTRY, VENDORADDRESS_ISMILITARY, VENDORADDRESS_LONGITUDE, VENDORADDRESS_LATITUDE, EXTERNALID, VENDORADDRESS_ZIP, ID, ADDRESS, PHONE, VENDORQUICKBOOKSITEM, ACTIVE_FLAG, IMPORTID, RECORD_UPDATE_DATE, RESTRICTEDMOBILECREATION, VENDORADDRESS_ISMANUALCOORDINATES, VENDORADDRESS_STATE, TENANT_TYPE, LASTNAME, REMITTANCEVENDOR_ID, TAXRATE, VENDORADDRESS_CITY, NAME, ACTIVE, CREATEDON, VENDORADDRESS_STREET, VENDORADDRESS_UNIT, CREATEDBY_ID, MASTER_ID]
Column names for Curated Table --> DIM_VENDOR :: [DELIVERYOPTION, EXTERNALID, VENDORADDRESS_LATITUDE, VENDORADDRESS_ISMILITARY, VENDORADDRESS_STREET, EMAIL, ID, MEMO, PHONE, TAXRATE, VENDORADDRESS_ZIP, VENDORADDRESS_CITY, ACTIVE, ADDRESS, FAX, ISTRUCKREPLENISHMENT, VENDORADDRESS_STATE, REMITTANCEVENDOR_ID, FIRSTNAME, NAME, VENDORADDRESS_COUNTRY, LASTNAME, RECORD_UPDATE_DATE, VENDORADDRESS_UNIT, MODIFIEDON, CREATEDBY_ID, RECORD_CREATE_DATE, TENANT_TYPE, VENDORADDRESS_LONGITUDE, CREATEDON, IMPORTID, VENDORADDRESS_ISMANUALCOORDINATES, RESTRICTEDMOBILECREATION, PAYMENTTERM_ID, RECORD_UPDATED_BY, VENDORQUICKBOOKSITEM]
Column Name found in Datamart and Curated Table :: DELIVERYOPTION
Column Name found in Datamart and Curated Table :: REMITTANCEVENDOR_ID
Column Name found in Datamart and Curated Table :: LASTNAME
Column Name found in Datamart and Curated Table :: TAXRATE
Column Name found in Datamart and Curated Table :: ACTIVE
Column Name found in Datamart and Curated Table :: CREATEDON
Column Name found in Datamart and Curated Table :: VENDORADDRESS_ISMANUALCOORDINATES
Column Name found in Datamart and Curated Table :: IMPORTID
Column Name found in Datamart and Curated Table :: ISTRUCKREPLENISHMENT
Column Name found in Datamart and Curated Table :: PHONE
Column Name found in Datamart and Curated Table :: ID
Column Name found in Datamart and Curated Table :: VENDORADDRESS_STREET
Column Name found in Datamart and Curated Table :: FAX
Column Name found in Datamart and Curated Table :: VENDORADDRESS_LATITUDE
Column Name found in Datamart and Curated Table :: CREATEDBY_ID
Column Name found in Datamart and Curated Table :: EMAIL
Column Name found in Datamart and Curated Table :: EXTERNALID
Column Name found in Datamart and Curated Table :: FIRSTNAME
Column Name found in Datamart and Curated Table :: MEMO
Column Name found in Datamart and Curated Table :: RESTRICTEDMOBILECREATION
Column Name found in Datamart and Curated Table :: VENDORADDRESS_COUNTRY
Column Name found in Datamart and Curated Table :: VENDORADDRESS_LONGITUDE
Column Name found in Datamart and Curated Table :: VENDORADDRESS_CITY
Column Name found in Datamart and Curated Table :: NAME
Column Name found in Datamart and Curated Table :: VENDORADDRESS_ISMILITARY
Column Name found in Datamart and Curated Table :: VENDORQUICKBOOKSITEM
Column Name found in Datamart and Curated Table :: VENDORADDRESS_UNIT
Column Name found in Datamart and Curated Table :: VENDORADDRESS_ZIP
Column Name found in Datamart and Curated Table :: VENDORADDRESS_STATE
Column Name found in Datamart and Curated Table :: MODIFIEDON
Column Name found in Datamart and Curated Table :: PAYMENTTERM_ID
Column Name found in Datamart and Curated Table :: ADDRESS
Column Name found in Datamart and Curated Table :: TENANT_TYPE
Datamart tables contains additional column name like [ACTIVE_FLAG, RECORD_CREATE_DATE, RECORD_UPDATE_DATE, MASTER_ID]
Curated tables contains additional column name like [RECORD_CREATE_DATE, RECORD_UPDATE_DATE, RECORD_UPDATED_BY]]]>
  </system-out>
  <testcase classname="testcases.RAW_DATAMART_CURATED.SnowFlake_ColumnValidation_APITables" name="validateColumnName_BKP" time="2.246"/>
  <system-out>
    <![CDATA[Executing Snowflake query :: SELECT COLUMN_NAME FROM DEV_ENT_RAW.INFORMATION_SCHEMA.COLUMNS WHERE TABLE_NAME='ST_API_PAYMENTSPLIT'and TABLE_SCHEMA='API_MAT'
Executing Snowflake query :: SELECT COLUMN_NAME FROM CURATED_DATAMART.INFORMATION_SCHEMA.COLUMNS WHERE TABLE_NAME='STR_API_PAYMENTSPLIT'and TABLE_SCHEMA='ST_API_EANESHEATING'
Executing Snowflake query :: SELECT COLUMN_NAME FROM DEV_ENT_CURATED.INFORMATION_SCHEMA.COLUMNS WHERE TABLE_NAME='DIM_PAYMENTSPLIT'and TABLE_SCHEMA='MASTER_DIMENSIONS'
Column names for RAW Table --> ST_API_PAYMENTSPLIT :: [ID, MODIFIEDON, AMOUNT, PAYMENT_ID, PAYSELLERCOMMISSION, IMPORTID, INVOICE_ID, CREATEDON, CREATEDBY_ID, ACTIVE, TENANT_TYPE]
Column names for DataMart Table --> STR_API_PAYMENTSPLIT :: [AMOUNT, CREATEDBY_ID, ACTIVE_FLAG, RECORD_CREATE_DATE, MASTER_ID, PAYSELLERCOMMISSION, IMPORTID, RECORD_UPDATE_DATE, CREATEDON, ID, MODIFIEDON, TENANT_TYPE, ACTIVE, PAYMENT_ID, INVOICE_ID]
Column names for Curated Table --> DIM_PAYMENTSPLIT :: [IMPORTID, PAYSELLERCOMMISSION, CREATEDON, PAYMENT_ID, TENANT_TYPE, MODIFIEDON, AMOUNT, CREATEDBY_ID, INVOICE_ID, ID, RECORD_UPDATED_BY, RECORD_UPDATE_DATE, ACTIVE, RECORD_CREATE_DATE]
Column Name found in Datamart and Curated Table :: ID
Column Name found in Datamart and Curated Table :: MODIFIEDON
Column Name found in Datamart and Curated Table :: AMOUNT
Column Name found in Datamart and Curated Table :: PAYMENT_ID
Column Name found in Datamart and Curated Table :: PAYSELLERCOMMISSION
Column Name found in Datamart and Curated Table :: IMPORTID
Column Name found in Datamart and Curated Table :: INVOICE_ID
Column Name found in Datamart and Curated Table :: CREATEDON
Column Name found in Datamart and Curated Table :: CREATEDBY_ID
Column Name found in Datamart and Curated Table :: ACTIVE
Column Name found in Datamart and Curated Table :: TENANT_TYPE
Datamart tables contains additional column name like [ACTIVE_FLAG, RECORD_CREATE_DATE, RECORD_UPDATE_DATE, MASTER_ID]
Curated tables contains additional column name like [RECORD_CREATE_DATE, RECORD_UPDATE_DATE, RECORD_UPDATED_BY]]]>
  </system-out>
  <testcase classname="testcases.RAW_DATAMART_CURATED.SnowFlake_ColumnValidation_APITables" name="validateColumnName_BKP" time="3.291"/>
  <system-out>
    <![CDATA[Executing Snowflake query :: SELECT COLUMN_NAME FROM DEV_ENT_RAW.INFORMATION_SCHEMA.COLUMNS WHERE TABLE_NAME='ST_API_CALL'and TABLE_SCHEMA='API_MAT'
Executing Snowflake query :: SELECT COLUMN_NAME FROM CURATED_DATAMART.INFORMATION_SCHEMA.COLUMNS WHERE TABLE_NAME='STR_API_CALL'and TABLE_SCHEMA='ST_API_SNELLHEATINGAIR'
Executing Snowflake query :: SELECT COLUMN_NAME FROM DEV_ENT_CURATED.INFORMATION_SCHEMA.COLUMNS WHERE TABLE_NAME='DIM_CALL'and TABLE_SCHEMA='MASTER_DIMENSIONS'
Column names for RAW Table --> ST_API_CALL :: [DURATION, CALLSERVICE, CREATEDON, CUSTOMER_ID, REASON_ID, RECORDINGURL, VOICEMAILPATH, CONVERSIONSCORE, TAG, AGENT_ID, DIRECTION, ESTIMATE_ID, FROM, STATUS, MODIFIEDON, EXCUSEMEMO, LOCATION_ID, RECORDINGID, SID, TO, IMPORTID, TYPE, JOB_ID, FOLLOWUP_ID, ID, REVIEWINGBY_ID, WONTREVIEW, ACTIVE, CAMPAIGN_ID, CREATEDBY_ID, REVIEWEDBY_ID, RECORDINGPATH, LEAD_ID, TENANT_TYPE]
Column names for DataMart Table --> STR_API_CALL :: [CUSTOMER_ID, REASON_ID, ACTIVE_FLAG, CREATEDBY_ID, LOCATION_ID, RECORD_CREATE_DATE, RECORDINGID, FROM, RECORD_UPDATE_DATE, RECORDINGPATH, FOLLOWUP_ID, CALLSERVICE, CAMPAIGN_ID, JOB_ID, MASTER_ID, ID, CREATEDON, DIRECTION, DURATION, ESTIMATE_ID, TENANT_TYPE, SID, TAG, WONTREVIEW, EXCUSEMEMO, AGENT_ID, LEAD_ID, REVIEWEDBY_ID, VOICEMAILPATH, ACTIVE, CONVERSIONSCORE, IMPORTID, REVIEWINGBY_ID, TO, MODIFIEDON, STATUS, RECORDINGURL, TYPE]
Column names for Curated Table --> DIM_CALL :: [ESTIMATE_ID, REASON_ID, WONTREVIEW, AGENT_ID, DIRECTION, FOLLOWUP_ID, LOCATION_ID, RECORDINGID, TAG, TYPE, CUSTOMER_ID, LEAD_ID, RECORDINGPATH, VOICEMAILPATH, STATUS, CONVERSIONSCORE, FROM, CREATEDBY_ID, DURATION, TENANT_TYPE, ACTIVE, CALLSERVICE, CAMPAIGN_ID, ID, RECORDINGURL, RECORD_UPDATE_DATE, RECORD_CREATE_DATE, JOB_ID, REVIEWEDBY_ID, TO, RECORD_UPDATED_BY, REVIEWINGBY_ID, SID, CREATEDON, EXCUSEMEMO, IMPORTID, MODIFIEDON]
Column Name found in Datamart and Curated Table :: DURATION
Column Name found in Datamart and Curated Table :: CALLSERVICE
Column Name found in Datamart and Curated Table :: CREATEDON
Column Name found in Datamart and Curated Table :: CUSTOMER_ID
Column Name found in Datamart and Curated Table :: REASON_ID
Column Name found in Datamart and Curated Table :: RECORDINGURL
Column Name found in Datamart and Curated Table :: VOICEMAILPATH
Column Name found in Datamart and Curated Table :: CONVERSIONSCORE
Column Name found in Datamart and Curated Table :: TAG
Column Name found in Datamart and Curated Table :: AGENT_ID
Column Name found in Datamart and Curated Table :: DIRECTION
Column Name found in Datamart and Curated Table :: ESTIMATE_ID
Column Name found in Datamart and Curated Table :: FROM
Column Name found in Datamart and Curated Table :: STATUS
Column Name found in Datamart and Curated Table :: MODIFIEDON
Column Name found in Datamart and Curated Table :: EXCUSEMEMO
Column Name found in Datamart and Curated Table :: LOCATION_ID
Column Name found in Datamart and Curated Table :: RECORDINGID
Column Name found in Datamart and Curated Table :: SID
Column Name found in Datamart and Curated Table :: TO
Column Name found in Datamart and Curated Table :: IMPORTID
Column Name found in Datamart and Curated Table :: TYPE
Column Name found in Datamart and Curated Table :: JOB_ID
Column Name found in Datamart and Curated Table :: FOLLOWUP_ID
Column Name found in Datamart and Curated Table :: ID
Column Name found in Datamart and Curated Table :: REVIEWINGBY_ID
Column Name found in Datamart and Curated Table :: WONTREVIEW
Column Name found in Datamart and Curated Table :: ACTIVE
Column Name found in Datamart and Curated Table :: CAMPAIGN_ID
Column Name found in Datamart and Curated Table :: CREATEDBY_ID
Column Name found in Datamart and Curated Table :: REVIEWEDBY_ID
Column Name found in Datamart and Curated Table :: RECORDINGPATH
Column Name found in Datamart and Curated Table :: LEAD_ID
Column Name found in Datamart and Curated Table :: TENANT_TYPE
Datamart tables contains additional column name like [ACTIVE_FLAG, RECORD_CREATE_DATE, RECORD_UPDATE_DATE, MASTER_ID]
Curated tables contains additional column name like [RECORD_CREATE_DATE, RECORD_UPDATE_DATE, RECORD_UPDATED_BY]]]>
  </system-out>
  <testcase classname="testcases.RAW_DATAMART_CURATED.SnowFlake_ColumnValidation_APITables" name="validateColumnName_BKP" time="2.550"/>
  <system-out>
    <![CDATA[Executing Snowflake query :: SELECT COLUMN_NAME FROM DEV_ENT_RAW.INFORMATION_SCHEMA.COLUMNS WHERE TABLE_NAME='ST_API_MATERIALVENDOR'and TABLE_SCHEMA='API_MAT'
Executing Snowflake query :: SELECT COLUMN_NAME FROM CURATED_DATAMART.INFORMATION_SCHEMA.COLUMNS WHERE TABLE_NAME='STR_API_MATERIALVENDOR'and TABLE_SCHEMA='ST_API_CASTEEL'
Executing Snowflake query :: SELECT COLUMN_NAME FROM DEV_ENT_CURATED.INFORMATION_SCHEMA.COLUMNS WHERE TABLE_NAME='DIM_MATERIALVENDOR'and TABLE_SCHEMA='MASTER_DIMENSIONS'
Column names for RAW Table --> ST_API_MATERIALVENDOR :: [ACTIVE, CREATEDON, MEMO, VENDOR_ID, CREATEDBY_ID, COST, ID, ISPRIMARY, IMPORTID, PRIMARYSUBACCOUNT_ID, MATERIAL_ID, PARTNUMBER, TENANT_TYPE]
Column names for DataMart Table --> STR_API_MATERIALVENDOR :: [ID, MATERIAL_ID, MASTER_ID, TENANT_TYPE, ACTIVE_FLAG, CREATEDON, RECORD_CREATE_DATE, COST, IMPORTID, PRIMARYSUBACCOUNT_ID, RECORD_UPDATE_DATE, ACTIVE, ISPRIMARY, MEMO, VENDOR_ID, CREATEDBY_ID, PARTNUMBER]
Column names for Curated Table --> DIM_MATERIALVENDOR :: [ID, MATERIAL_ID, ACTIVE, COST, CREATEDBY_ID, IMPORTID, ISPRIMARY, PRIMARYSUBACCOUNT_ID, RECORD_UPDATE_DATE, TENANT_TYPE, MEMO, RECORD_UPDATED_BY, VENDOR_ID, CREATEDON, PARTNUMBER, RECORD_CREATE_DATE]
Column Name found in Datamart and Curated Table :: ACTIVE
Column Name found in Datamart and Curated Table :: CREATEDON
Column Name found in Datamart and Curated Table :: MEMO
Column Name found in Datamart and Curated Table :: VENDOR_ID
Column Name found in Datamart and Curated Table :: CREATEDBY_ID
Column Name found in Datamart and Curated Table :: COST
Column Name found in Datamart and Curated Table :: ID
Column Name found in Datamart and Curated Table :: ISPRIMARY
Column Name found in Datamart and Curated Table :: IMPORTID
Column Name found in Datamart and Curated Table :: PRIMARYSUBACCOUNT_ID
Column Name found in Datamart and Curated Table :: MATERIAL_ID
Column Name found in Datamart and Curated Table :: PARTNUMBER
Column Name found in Datamart and Curated Table :: TENANT_TYPE
Datamart tables contains additional column name like [ACTIVE_FLAG, RECORD_CREATE_DATE, RECORD_UPDATE_DATE, MASTER_ID]
Curated tables contains additional column name like [RECORD_CREATE_DATE, RECORD_UPDATE_DATE, RECORD_UPDATED_BY]]]>
  </system-out>
  <testcase classname="testcases.RAW_DATAMART_CURATED.SnowFlake_ColumnValidation_APITables" name="validateColumnName_BKP" time="3.074"/>
  <system-out>
    <![CDATA[Executing Snowflake query :: SELECT COLUMN_NAME FROM DEV_ENT_RAW.INFORMATION_SCHEMA.COLUMNS WHERE TABLE_NAME='ST_API_JOBAPPOINTMENT'and TABLE_SCHEMA='API_MAT'
Executing Snowflake query :: SELECT COLUMN_NAME FROM CURATED_DATAMART.INFORMATION_SCHEMA.COLUMNS WHERE TABLE_NAME='STR_API_JOBAPPOINTMENT'and TABLE_SCHEMA='ST_API_HUTCHINSON'
Executing Snowflake query :: SELECT COLUMN_NAME FROM DEV_ENT_CURATED.INFORMATION_SCHEMA.COLUMNS WHERE TABLE_NAME='DIM_JOBAPPOINTMENT'and TABLE_SCHEMA='MASTER_DIMENSIONS'
Column names for RAW Table --> ST_API_JOBAPPOINTMENT :: [END, SMARTDISPATCHDATA_JOBAPPOINTMENT, STATUS, JOB_ID, PLANEND, CREATEDON, IMPORTID, ISCONFIRMED, MODIFIEDON, START, NUMBER, CREATEDBY_ID, ID, ACTIVE, PLANSTART, ISUNUSED, MONTHNUMBER, TENANT_TYPE]
Column names for DataMart Table --> STR_API_JOBAPPOINTMENT :: [RECORD_CREATE_DATE, RECORD_UPDATE_DATE, ISCONFIRMED, ACTIVE_FLAG, CREATEDON, MODIFIEDON, MONTHNUMBER, START, ACTIVE, ISUNUSED, NUMBER, STATUS, CREATEDBY_ID, ID, JOB_ID, SMARTDISPATCHDATA_JOBAPPOINTMENT, PLANSTART, END, PLANEND, TENANT_TYPE, IMPORTID, MASTER_ID]
Column names for Curated Table --> DIM_JOBAPPOINTMENT :: [END, SMARTDISPATCHDATA_JOBAPPOINTMENT, ACTIVE, CREATEDBY_ID, IMPORTID, ISUNUSED, START, ID, JOB_ID, MONTHNUMBER, PLANEND, RECORD_UPDATE_DATE, CREATEDON, RECORD_CREATE_DATE, TENANT_TYPE, PLANSTART, ISCONFIRMED, NUMBER, SPECIALINSTRUCTIONS, STATUS, MODIFIEDON, RECORD_UPDATED_BY]
Column Name found in Datamart and Curated Table :: END
Column Name found in Datamart and Curated Table :: SMARTDISPATCHDATA_JOBAPPOINTMENT
Column Name found in Datamart and Curated Table :: STATUS
Column Name found in Datamart and Curated Table :: JOB_ID
Column Name found in Datamart and Curated Table :: PLANEND
Column Name found in Datamart and Curated Table :: CREATEDON
Column Name found in Datamart and Curated Table :: IMPORTID
Column Name found in Datamart and Curated Table :: ISCONFIRMED
Column Name found in Datamart and Curated Table :: MODIFIEDON
Column Name found in Datamart and Curated Table :: START
Column Name found in Datamart and Curated Table :: NUMBER
Column Name found in Datamart and Curated Table :: CREATEDBY_ID
Column Name found in Datamart and Curated Table :: ID
Column Name found in Datamart and Curated Table :: ACTIVE
Column Name found in Datamart and Curated Table :: PLANSTART
Column Name found in Datamart and Curated Table :: ISUNUSED
Column Name found in Datamart and Curated Table :: MONTHNUMBER
Column Name found in Datamart and Curated Table :: TENANT_TYPE
Datamart tables contains additional column name like [ACTIVE_FLAG, RECORD_CREATE_DATE, RECORD_UPDATE_DATE, MASTER_ID]
Curated tables contains additional column name like [RECORD_CREATE_DATE, RECORD_UPDATE_DATE, RECORD_UPDATED_BY]]]>
  </system-out>
  <testcase classname="testcases.RAW_DATAMART_CURATED.SnowFlake_ColumnValidation_APITables" name="validateColumnName_BKP" time="2.227"/>
  <system-out>
    <![CDATA[Executing Snowflake query :: SELECT COLUMN_NAME FROM DEV_ENT_RAW.INFORMATION_SCHEMA.COLUMNS WHERE TABLE_NAME='ST_API_SKUASSET'and TABLE_SCHEMA='API_MAT'
Executing Snowflake query :: SELECT COLUMN_NAME FROM CURATED_DATAMART.INFORMATION_SCHEMA.COLUMNS WHERE TABLE_NAME='STR_API_SKUASSET'and TABLE_SCHEMA='ST_API_CASTEEL'
Executing Snowflake query :: SELECT COLUMN_NAME FROM DEV_ENT_CURATED.INFORMATION_SCHEMA.COLUMNS WHERE TABLE_NAME='DIM_SKUASSET'and TABLE_SCHEMA='MASTER_DIMENSIONS'
Column names for RAW Table --> ST_API_SKUASSET :: [ISEXTERNAL, IMPORTID, ACTIVE, ORIGINALNAME, ALIAS, CREATEDBY_ID, ID, OWNER_ID, URL, METADATA, TYPE, CREATEDON, EXTERNALURL, TENANT_TYPE]
Column names for DataMart Table --> STR_API_SKUASSET :: [ACTIVE_FLAG, EXTERNALURL, IMPORTID, CREATEDBY_ID, METADATA, ACTIVE, CREATEDON, OWNER_ID, URL, TYPE, ALIAS, ISEXTERNAL, MASTER_ID, TENANT_TYPE, RECORD_UPDATE_DATE, RECORD_CREATE_DATE, ORIGINALNAME, ID]
Column names for Curated Table --> DIM_SKUASSET :: [EXTERNALURL, ORIGINALNAME, TENANT_TYPE, RECORD_UPDATE_DATE, ID, ISEXTERNAL, RECORD_CREATE_DATE, ALIAS, CREATEDON, RECORD_UPDATED_BY, TYPE, ACTIVE, CREATEDBY_ID, OWNER_ID, METADATA, URL, IMPORTID]
Column Name found in Datamart and Curated Table :: ISEXTERNAL
Column Name found in Datamart and Curated Table :: IMPORTID
Column Name found in Datamart and Curated Table :: ACTIVE
Column Name found in Datamart and Curated Table :: ORIGINALNAME
Column Name found in Datamart and Curated Table :: ALIAS
Column Name found in Datamart and Curated Table :: CREATEDBY_ID
Column Name found in Datamart and Curated Table :: ID
Column Name found in Datamart and Curated Table :: OWNER_ID
Column Name found in Datamart and Curated Table :: URL
Column Name found in Datamart and Curated Table :: METADATA
Column Name found in Datamart and Curated Table :: TYPE
Column Name found in Datamart and Curated Table :: CREATEDON
Column Name found in Datamart and Curated Table :: EXTERNALURL
Column Name found in Datamart and Curated Table :: TENANT_TYPE
Datamart tables contains additional column name like [ACTIVE_FLAG, RECORD_CREATE_DATE, RECORD_UPDATE_DATE, MASTER_ID]
Curated tables contains additional column name like [RECORD_CREATE_DATE, RECORD_UPDATE_DATE, RECORD_UPDATED_BY]]]>
  </system-out>
  <testcase classname="testcases.RAW_DATAMART_CURATED.SnowFlake_ColumnValidation_APITables" name="validateColumnName_BKP" time="3.119"/>
  <system-out>
    <![CDATA[Executing Snowflake query :: SELECT COLUMN_NAME FROM DEV_ENT_RAW.INFORMATION_SCHEMA.COLUMNS WHERE TABLE_NAME='ST_API_SERVICE'and TABLE_SCHEMA='API_MAT'
Executing Snowflake query :: SELECT COLUMN_NAME FROM CURATED_DATAMART.INFORMATION_SCHEMA.COLUMNS WHERE TABLE_NAME='STR_API_SERVICE'and TABLE_SCHEMA='ST_API_HORIZONSERVICES'
Executing Snowflake query :: SELECT COLUMN_NAME FROM DEV_ENT_CURATED.INFORMATION_SCHEMA.COLUMNS WHERE TABLE_NAME='DIM_SERVICE'and TABLE_SCHEMA='MASTER_DIMENSIONS'
Column names for RAW Table --> ST_API_SERVICE :: [BASERATE1, CATEGORY_ID, ID, MEMBERSHIP, QBITEMNAME, SYNCDATE, ACCOUNT, ACTIVE, ALLOWDISCOUNTS, BASERATE3, NOTAX, GENERATEDTAGTARGETS, MEMBERSHIPTYPE_ID, ORIGINAL_ID, ADDONPRICE, ISOTTASK, MEMBERSHIPACTION, AVALARACOMMERCIALTAXCODE, BUSINESSUNIT_ID, EXTERNALID, MEMBERSHIPYEARS, PRICE, SOLDBYCOMMISSION, DISPATCHFEE, ADDONFLATAMOUNT, COMMISSIONBONUS, DISPLAYNAME, HOURS, ISDEFERREDREVENUE, WARRANTY_DURATION, PURCHASEORDERLIMITS_FLATAMOUNT, WORKFLOWACTION_ID, BASERATE2, CROSSSALEGROUP, MODIFIEDON, MINIMUMLABORHOURS, NAME, PURCHASEORDERLIMITS_REVENUEPERCENT, IMPORTID, ADDONMEMBERPRICE, ALLOWAPPLYTAGSTOENTITIES, BONUS, GENERALLEDGERACCOUNT_ID, PAYSCOMMISSION, COST, EXCLUDEFROMPRICEBOOKWIZARD, IMAGES, LOYALTYPROGRAMELIGIBLE, SCHEDULEDFLATAMOUNT, SOURCEVERSION, TAXABLE, MEMBERPRICE, ARCHIVED, AUTOGLASSTYPE, AVALARARESIDENTIALTAXCODE, CREATEDON, DESCRIPTION, ISTIMEANDMATERIAL, MEMBERSHIPMONTHS, PAYSFLATAMOUNT, PAYTECHSPECIFICBONUS, PROVIDER_ID, COPIEDFROM_ID, DISPLAYINAMOUNT, SOURCE, SUPPLIERIMAGES, CREATEDBY_ID, ISLABOR, PAYSSOLDBYRATE, WARRANTY_DESCRIPTION, RECURRINGSERVICETYPE_ID, TENANT_TYPE]
Column names for DataMart Table --> STR_API_SERVICE :: [AVALARACOMMERCIALTAXCODE, COMMISSIONBONUS, COST, DISPATCHFEE, ID, QBITEMNAME, RECURRINGSERVICETYPE_ID, SYNCDATE, ACTIVE_FLAG, AVALARARESIDENTIALTAXCODE, DESCRIPTION, ISOTTASK, PROVIDER_ID, WORKFLOWACTION_ID, SCHEDULEDFLATAMOUNT, WARRANTY_DURATION, ACCOUNT, BASERATE2, COPIEDFROM_ID, EXCLUDEFROMPRICEBOOKWIZARD, MEMBERSHIP, NOTAX, PURCHASEORDERLIMITS_FLATAMOUNT, DISPLAYNAME, MASTER_ID, PURCHASEORDERLIMITS_REVENUEPERCENT, TAXABLE, GENERATEDTAGTARGETS, SOURCE, ALLOWDISCOUNTS, BASERATE3, BONUS, BUSINESSUNIT_ID, IMPORTID, MINIMUMLABORHOURS, GENERALLEDGERACCOUNT_ID, ISDEFERREDREVENUE, LOYALTYPROGRAMELIGIBLE, MEMBERSHIPMONTHS, TENANT_TYPE, PAYTECHSPECIFICBONUS, RECORD_CREATE_DATE, ADDONPRICE, ALLOWAPPLYTAGSTOENTITIES, CATEGORY_ID, CREATEDBY_ID, EXTERNALID, HOURS, PRICE, CROSSSALEGROUP, IMAGES, MEMBERSHIPYEARS, MODIFIEDON, PAYSFLATAMOUNT, RECORD_UPDATE_DATE, WARRANTY_DESCRIPTION, MEMBERSHIPTYPE_ID, ACTIVE, ARCHIVED, DISPLAYINAMOUNT, MEMBERPRICE, NAME, ISTIMEANDMATERIAL, ORIGINAL_ID, MEMBERSHIPACTION, ADDONFLATAMOUNT, ADDONMEMBERPRICE, BASERATE1, CREATEDON, ISLABOR, PAYSSOLDBYRATE, SUPPLIERIMAGES, PAYSCOMMISSION, SOLDBYCOMMISSION, SOURCEVERSION, AUTOGLASSTYPE]
Column names for Curated Table --> DIM_SERVICE :: [ACCOUNT, ALLOWDISCOUNTS, BASERATE3, DESCRIPTION, DISPATCHFEE, ISOTTASK, MEMBERSHIP, SOLDBYCOMMISSION, DISPLAYNAME, AUTOGLASSTYPE, AVALARACOMMERCIALTAXCODE, BUSINESSUNIT_ID, COMMISSIONBONUS, NOTAX, EXTERNALID, PRICE, CATEGORY_ID, CREATEDON, CROSSSALEGROUP, MEMBERSHIPYEARS, PAYSFLATAMOUNT, PAYSSOLDBYRATE, WARRANTY_DURATION, MODIFIEDON, RECORD_CREATE_DATE, TAXABLE, MEMBERSHIPACTION, ADDONMEMBERPRICE, BONUS, COPIEDFROM_ID, ISDEFERREDREVENUE, SOURCE, ARCHIVED, BASERATE1, PURCHASEORDERLIMITS_REVENUEPERCENT, RECURRINGSERVICETYPE_ID, SOURCEVERSION, ALLOWAPPLYTAGSTOENTITIES, AVALARARESIDENTIALTAXCODE, DISPLAYINAMOUNT, GENERATEDTAGTARGETS, ISTIMEANDMATERIAL, PROVIDER_ID, ADDONFLATAMOUNT, COST, GENERALLEDGERACCOUNT_ID, MEMBERSHIPTYPE_ID, QBITEMNAME, WARRANTY_DESCRIPTION, EXCLUDEFROMPRICEBOOKWIZARD, ID, IMAGES, RECORD_UPDATED_BY, RECORD_UPDATE_DATE, NAME, ACTIVE, ADDONPRICE, LOYALTYPROGRAMELIGIBLE, PAYTECHSPECIFICBONUS, SUPPLIERIMAGES, HOURS, IMPORTID, MINIMUMLABORHOURS, PAYSCOMMISSION, WORKFLOWACTION_ID, MEMBERPRICE, BASERATE2, CREATEDBY_ID, MEMBERSHIPMONTHS, ORIGINAL_ID, SYNCDATE, ISLABOR, PURCHASEORDERLIMITS_FLATAMOUNT, TENANT_TYPE, SCHEDULEDFLATAMOUNT]
Column Name found in Datamart and Curated Table :: BASERATE1
Column Name found in Datamart and Curated Table :: CATEGORY_ID
Column Name found in Datamart and Curated Table :: ID
Column Name found in Datamart and Curated Table :: MEMBERSHIP
Column Name found in Datamart and Curated Table :: QBITEMNAME
Column Name found in Datamart and Curated Table :: SYNCDATE
Column Name found in Datamart and Curated Table :: ACCOUNT
Column Name found in Datamart and Curated Table :: ACTIVE
Column Name found in Datamart and Curated Table :: ALLOWDISCOUNTS
Column Name found in Datamart and Curated Table :: BASERATE3
Column Name found in Datamart and Curated Table :: NOTAX
Column Name found in Datamart and Curated Table :: GENERATEDTAGTARGETS
Column Name found in Datamart and Curated Table :: MEMBERSHIPTYPE_ID
Column Name found in Datamart and Curated Table :: ORIGINAL_ID
Column Name found in Datamart and Curated Table :: ADDONPRICE
Column Name found in Datamart and Curated Table :: ISOTTASK
Column Name found in Datamart and Curated Table :: MEMBERSHIPACTION
Column Name found in Datamart and Curated Table :: AVALARACOMMERCIALTAXCODE
Column Name found in Datamart and Curated Table :: BUSINESSUNIT_ID
Column Name found in Datamart and Curated Table :: EXTERNALID
Column Name found in Datamart and Curated Table :: MEMBERSHIPYEARS
Column Name found in Datamart and Curated Table :: PRICE
Column Name found in Datamart and Curated Table :: SOLDBYCOMMISSION
Column Name found in Datamart and Curated Table :: DISPATCHFEE
Column Name found in Datamart and Curated Table :: ADDONFLATAMOUNT
Column Name found in Datamart and Curated Table :: COMMISSIONBONUS
Column Name found in Datamart and Curated Table :: DISPLAYNAME
Column Name found in Datamart and Curated Table :: HOURS
Column Name found in Datamart and Curated Table :: ISDEFERREDREVENUE
Column Name found in Datamart and Curated Table :: WARRANTY_DURATION
Column Name found in Datamart and Curated Table :: PURCHASEORDERLIMITS_FLATAMOUNT
Column Name found in Datamart and Curated Table :: WORKFLOWACTION_ID
Column Name found in Datamart and Curated Table :: BASERATE2
Column Name found in Datamart and Curated Table :: CROSSSALEGROUP
Column Name found in Datamart and Curated Table :: MODIFIEDON
Column Name found in Datamart and Curated Table :: MINIMUMLABORHOURS
Column Name found in Datamart and Curated Table :: NAME
Column Name found in Datamart and Curated Table :: PURCHASEORDERLIMITS_REVENUEPERCENT
Column Name found in Datamart and Curated Table :: IMPORTID
Column Name found in Datamart and Curated Table :: ADDONMEMBERPRICE
Column Name found in Datamart and Curated Table :: ALLOWAPPLYTAGSTOENTITIES
Column Name found in Datamart and Curated Table :: BONUS
Column Name found in Datamart and Curated Table :: GENERALLEDGERACCOUNT_ID
Column Name found in Datamart and Curated Table :: PAYSCOMMISSION
Column Name found in Datamart and Curated Table :: COST
Column Name found in Datamart and Curated Table :: EXCLUDEFROMPRICEBOOKWIZARD
Column Name found in Datamart and Curated Table :: IMAGES
Column Name found in Datamart and Curated Table :: LOYALTYPROGRAMELIGIBLE
Column Name found in Datamart and Curated Table :: SCHEDULEDFLATAMOUNT
Column Name found in Datamart and Curated Table :: SOURCEVERSION
Column Name found in Datamart and Curated Table :: TAXABLE
Column Name found in Datamart and Curated Table :: MEMBERPRICE
Column Name found in Datamart and Curated Table :: ARCHIVED
Column Name found in Datamart and Curated Table :: AUTOGLASSTYPE
Column Name found in Datamart and Curated Table :: AVALARARESIDENTIALTAXCODE
Column Name found in Datamart and Curated Table :: CREATEDON
Column Name found in Datamart and Curated Table :: DESCRIPTION
Column Name found in Datamart and Curated Table :: ISTIMEANDMATERIAL
Column Name found in Datamart and Curated Table :: MEMBERSHIPMONTHS
Column Name found in Datamart and Curated Table :: PAYSFLATAMOUNT
Column Name found in Datamart and Curated Table :: PAYTECHSPECIFICBONUS
Column Name found in Datamart and Curated Table :: PROVIDER_ID
Column Name found in Datamart and Curated Table :: COPIEDFROM_ID
Column Name found in Datamart and Curated Table :: DISPLAYINAMOUNT
Column Name found in Datamart and Curated Table :: SOURCE
Column Name found in Datamart and Curated Table :: SUPPLIERIMAGES
Column Name found in Datamart and Curated Table :: CREATEDBY_ID
Column Name found in Datamart and Curated Table :: ISLABOR
Column Name found in Datamart and Curated Table :: PAYSSOLDBYRATE
Column Name found in Datamart and Curated Table :: WARRANTY_DESCRIPTION
Column Name found in Datamart and Curated Table :: RECURRINGSERVICETYPE_ID
Column Name found in Datamart and Curated Table :: TENANT_TYPE
Datamart tables contains additional column name like [ACTIVE_FLAG, RECORD_CREATE_DATE, RECORD_UPDATE_DATE, MASTER_ID]
Curated tables contains additional column name like [RECORD_CREATE_DATE, RECORD_UPDATE_DATE, RECORD_UPDATED_BY]]]>
  </system-out>
  <testcase classname="testcases.RAW_DATAMART_CURATED.SnowFlake_ColumnValidation_APITables" name="validateColumnName_BKP" time="2.492">
    <failure message="The following asserts failed:
	null,
	null" type="java.lang.AssertionError">
      <![CDATA[java.lang.AssertionError: The following asserts failed:
null,
null
at org.testng.asserts.SoftAssert.assertAll(SoftAssert.java:47)
at org.testng.asserts.SoftAssert.assertAll(SoftAssert.java:31)
at testcases.RAW_DATAMART_CURATED.SnowFlake_ColumnValidation_APITables.validateColumnName_BKP(SnowFlake_ColumnValidation_APITables.java:128)
at jdk.internal.reflect.GeneratedMethodAccessor38.invoke(Unknown Source)
at java.base/jdk.internal.reflect.DelegatingMethodAccessorImpl.invoke(DelegatingMethodAccessorImpl.java:43)
at java.base/java.lang.reflect.Method.invoke(Method.java:568)
at org.testng.internal.MethodInvocationHelper.invokeMethod(MethodInvocationHelper.java:133)
at org.testng.internal.TestInvoker.invokeMethod(TestInvoker.java:598)
at org.testng.internal.TestInvoker.invokeTestMethod(TestInvoker.java:173)
at org.testng.internal.MethodRunner.runInSequence(MethodRunner.java:46)
at org.testng.internal.TestInvoker$MethodInvocationAgent.invoke(TestInvoker.java:824)
at org.testng.internal.TestInvoker.invokeTestMethods(TestInvoker.java:146)
at org.testng.internal.TestMethodWorker.invokeTestMethods(TestMethodWorker.java:146)
at org.testng.internal.TestMethodWorker.run(TestMethodWorker.java:128)
at java.base/java.util.ArrayList.forEach(ArrayList.java:1511)
at org.testng.TestRunner.privateRun(TestRunner.java:794)
at org.testng.TestRunner.run(TestRunner.java:596)
at org.testng.SuiteRunner.runTest(SuiteRunner.java:377)
at org.testng.SuiteRunner.runSequentially(SuiteRunner.java:371)
at org.testng.SuiteRunner.privateRun(SuiteRunner.java:332)
at org.testng.SuiteRunner.run(SuiteRunner.java:276)
at org.testng.SuiteRunnerWorker.runSuite(SuiteRunnerWorker.java:53)
at org.testng.SuiteRunnerWorker.run(SuiteRunnerWorker.java:96)
at org.testng.TestNG.runSuitesSequentially(TestNG.java:1212)
at org.testng.TestNG.runSuitesLocally(TestNG.java:1134)
at org.testng.TestNG.runSuites(TestNG.java:1063)
at org.testng.TestNG.run(TestNG.java:1031)
at org.testng.remote.AbstractRemoteTestNG.run(AbstractRemoteTestNG.java:115)
at org.testng.remote.RemoteTestNG.initAndRun(RemoteTestNG.java:251)
at org.testng.remote.RemoteTestNG.main(RemoteTestNG.java:77)
]]>
    </failure>
  </testcase> <!-- validateColumnName_BKP -->
  <system-out>
    <![CDATA[Executing Snowflake query :: SELECT COLUMN_NAME FROM DEV_ENT_RAW.INFORMATION_SCHEMA.COLUMNS WHERE TABLE_NAME='ST_API_PROJECT'and TABLE_SCHEMA='API_MAT'
Executing Snowflake query :: SELECT COLUMN_NAME FROM CURATED_DATAMART.INFORMATION_SCHEMA.COLUMNS WHERE TABLE_NAME='STR_API_PROJECT'and TABLE_SCHEMA='ST_API_FOURPROS'
Executing Snowflake query :: SELECT COLUMN_NAME FROM DEV_ENT_CURATED.INFORMATION_SCHEMA.COLUMNS WHERE TABLE_NAME='DIM_PROJECT'and TABLE_SCHEMA='MASTER_DIMENSIONS'
Column names for RAW Table --> ST_API_PROJECT :: [ACTIVE, AREITEMSREORDERED, CUSTOMER_ID, NAME, NUMBER, PROJECTSETTINGSTYPE, TECHNICIANSIGNATURE, SUMMARY, MODIFIEDON, ACKNOWLEDGEMENTSIGNATURE, COMPLETEDON, COMPLETIONPERCENT, COSTTOCOMPLETE, CREATEDBY_ID, CREATEDON, IMPORTID, COMPLETEDONACTUAL, ID, CONTRACTESTIMATE_ID, AUTHORIZATIONSIGNATURE, CONTRACTSTARTDATE, STARTEDON, CONTRACTFOR, ISRETAINAGEENABLED, ISPREVAILINGWAGE, LOCATION_ID, PAYMENTTERM_ID, RETAINAGEPERCENT, REVENUERECOGNITIONMETHOD, TENANT_TYPE]
Column names for DataMart Table --> STR_API_PROJECT :: [RECORD_UPDATE_DATE, RETAINAGEPERCENT, AREITEMSREORDERED, AUTHORIZATIONSIGNATURE, IMPORTID, NUMBER, CREATEDBY_ID, CUSTOMER_ID, ISPREVAILINGWAGE, LOCATION_ID, TENANT_TYPE, MD5_VALUE, ACTIVE, STARTEDON, COMPLETEDON, COMPLETEDONACTUAL, ACTIVE_FLAG, SUMMARY, ACKNOWLEDGEMENTSIGNATURE, CONTRACTFOR, CONTRACTSTARTDATE, ISRETAINAGEENABLED, MASTER_ID, MODIFIEDON, NAME, RECORD_CREATE_DATE, CONTRACTESTIMATE_ID, COMPLETIONPERCENT, CREATEDON, ID, PAYMENTTERM_ID, PROJECTSETTINGSTYPE, TECHNICIANSIGNATURE]
Column names for Curated Table --> DIM_PROJECT :: [RECORD_UPDATE_DATE, ACTIVE, AUTHORIZATIONSIGNATURE, COMPLETEDON, RETAINAGEPERCENT, IMPORTID, CONTRACTFOR, CONTRACTSTARTDATE, ID, ISRETAINAGEENABLED, RECORD_CREATE_DATE, RECORD_UPDATED_BY, TENANT_TYPE, PROJECTSETTINGSTYPE, TECHNICIANSIGNATURE, ISPREVAILINGWAGE, MD5_VALUE, NAME, PAYMENTTERM_ID, COMPLETEDONACTUAL, CUSTOMER_ID, NUMBER, AREITEMSREORDERED, CREATEDON, LOCATION_ID, MODIFIEDON, STARTEDON, ACKNOWLEDGEMENTSIGNATURE, COMPLETIONPERCENT, CONTRACTESTIMATE_ID, SUMMARY, CREATEDBY_ID, REVENUERECOGNITIONMETHOD]
Column Name found in Datamart and Curated Table :: ACTIVE
Column Name found in Datamart and Curated Table :: AREITEMSREORDERED
Column Name found in Datamart and Curated Table :: CUSTOMER_ID
Column Name found in Datamart and Curated Table :: NAME
Column Name found in Datamart and Curated Table :: NUMBER
Column Name found in Datamart and Curated Table :: PROJECTSETTINGSTYPE
Column Name found in Datamart and Curated Table :: TECHNICIANSIGNATURE
Column Name found in Datamart and Curated Table :: SUMMARY
Column Name found in Datamart and Curated Table :: MODIFIEDON
Column Name found in Datamart and Curated Table :: ACKNOWLEDGEMENTSIGNATURE
Column Name found in Datamart and Curated Table :: COMPLETEDON
Column Name found in Datamart and Curated Table :: COMPLETIONPERCENT
Column Name not found in Datamart and Curated Table :: COSTTOCOMPLETE
Column Name found in Datamart and Curated Table :: CREATEDBY_ID
Column Name found in Datamart and Curated Table :: CREATEDON
Column Name found in Datamart and Curated Table :: IMPORTID
Column Name found in Datamart and Curated Table :: COMPLETEDONACTUAL
Column Name found in Datamart and Curated Table :: ID
Column Name found in Datamart and Curated Table :: CONTRACTESTIMATE_ID
Column Name found in Datamart and Curated Table :: AUTHORIZATIONSIGNATURE
Column Name found in Datamart and Curated Table :: CONTRACTSTARTDATE
Column Name found in Datamart and Curated Table :: STARTEDON
Column Name found in Datamart and Curated Table :: CONTRACTFOR
Column Name found in Datamart and Curated Table :: ISRETAINAGEENABLED
Column Name found in Datamart and Curated Table :: ISPREVAILINGWAGE
Column Name found in Datamart and Curated Table :: LOCATION_ID
Column Name found in Datamart and Curated Table :: PAYMENTTERM_ID
Column Name found in Datamart and Curated Table :: RETAINAGEPERCENT
Column Name not found in Datamart and Curated Table :: REVENUERECOGNITIONMETHOD
Column Name found in Datamart and Curated Table :: TENANT_TYPE
Datamart tables contains additional column name like [ACTIVE_FLAG, RECORD_CREATE_DATE, RECORD_UPDATE_DATE, MASTER_ID]
Curated tables contains additional column name like [RECORD_CREATE_DATE, RECORD_UPDATE_DATE, RECORD_UPDATED_BY]]]>
  </system-out>
  <testcase classname="testcases.RAW_DATAMART_CURATED.SnowFlake_ColumnValidation_APITables" name="validateColumnName_BKP" time="3.069"/>
  <system-out>
    <![CDATA[Executing Snowflake query :: SELECT COLUMN_NAME FROM DEV_ENT_RAW.INFORMATION_SCHEMA.COLUMNS WHERE TABLE_NAME='ST_API_VENDOR'and TABLE_SCHEMA='API_MAT'
Executing Snowflake query :: SELECT COLUMN_NAME FROM CURATED_DATAMART.INFORMATION_SCHEMA.COLUMNS WHERE TABLE_NAME='STR_API_VENDOR'and TABLE_SCHEMA='ST_API_CASTEEL'
Executing Snowflake query :: SELECT COLUMN_NAME FROM DEV_ENT_CURATED.INFORMATION_SCHEMA.COLUMNS WHERE TABLE_NAME='DIM_VENDOR'and TABLE_SCHEMA='MASTER_DIMENSIONS'
Column names for RAW Table --> ST_API_VENDOR :: [DELIVERYOPTION, REMITTANCEVENDOR_ID, LASTNAME, TAXRATE, ACTIVE, CREATEDON, VENDORADDRESS_ISMANUALCOORDINATES, IMPORTID, ISTRUCKREPLENISHMENT, PHONE, ID, VENDORADDRESS_STREET, FAX, VENDORADDRESS_LATITUDE, CREATEDBY_ID, EMAIL, EXTERNALID, FIRSTNAME, MEMO, RESTRICTEDMOBILECREATION, VENDORADDRESS_COUNTRY, VENDORADDRESS_LONGITUDE, VENDORADDRESS_CITY, NAME, VENDORADDRESS_ISMILITARY, VENDORQUICKBOOKSITEM, VENDORADDRESS_UNIT, VENDORADDRESS_ZIP, VENDORADDRESS_STATE, MODIFIEDON, PAYMENTTERM_ID, ADDRESS, TENANT_TYPE]
Column names for DataMart Table --> STR_API_VENDOR :: [ADDRESS, MEMO, RESTRICTEDMOBILECREATION, VENDORADDRESS_LATITUDE, VENDORADDRESS_LONGITUDE, DELIVERYOPTION, MASTER_ID, PAYMENTTERM_ID, TENANT_TYPE, TAXRATE, VENDORADDRESS_CITY, EMAIL, ISTRUCKREPLENISHMENT, LASTNAME, MODIFIEDON, NAME, PHONE, VENDORADDRESS_ISMANUALCOORDINATES, EXTERNALID, ID, ACTIVE, FAX, REMITTANCEVENDOR_ID, VENDORQUICKBOOKSITEM, VENDORADDRESS_STREET, ACTIVE_FLAG, CREATEDON, FIRSTNAME, VENDORADDRESS_UNIT, VENDORADDRESS_ISMILITARY, IMPORTID, VENDORADDRESS_COUNTRY, RECORD_CREATE_DATE, RECORD_UPDATE_DATE, CREATEDBY_ID, VENDORADDRESS_STATE, VENDORADDRESS_ZIP]
Column names for Curated Table --> DIM_VENDOR :: [DELIVERYOPTION, EXTERNALID, VENDORADDRESS_LATITUDE, VENDORADDRESS_ISMILITARY, VENDORADDRESS_STREET, EMAIL, ID, MEMO, PHONE, TAXRATE, VENDORADDRESS_ZIP, VENDORADDRESS_CITY, ACTIVE, ADDRESS, FAX, ISTRUCKREPLENISHMENT, VENDORADDRESS_STATE, REMITTANCEVENDOR_ID, FIRSTNAME, NAME, VENDORADDRESS_COUNTRY, LASTNAME, RECORD_UPDATE_DATE, VENDORADDRESS_UNIT, MODIFIEDON, CREATEDBY_ID, RECORD_CREATE_DATE, TENANT_TYPE, VENDORADDRESS_LONGITUDE, CREATEDON, IMPORTID, VENDORADDRESS_ISMANUALCOORDINATES, RESTRICTEDMOBILECREATION, PAYMENTTERM_ID, RECORD_UPDATED_BY, VENDORQUICKBOOKSITEM]
Column Name found in Datamart and Curated Table :: DELIVERYOPTION
Column Name found in Datamart and Curated Table :: REMITTANCEVENDOR_ID
Column Name found in Datamart and Curated Table :: LASTNAME
Column Name found in Datamart and Curated Table :: TAXRATE
Column Name found in Datamart and Curated Table :: ACTIVE
Column Name found in Datamart and Curated Table :: CREATEDON
Column Name found in Datamart and Curated Table :: VENDORADDRESS_ISMANUALCOORDINATES
Column Name found in Datamart and Curated Table :: IMPORTID
Column Name found in Datamart and Curated Table :: ISTRUCKREPLENISHMENT
Column Name found in Datamart and Curated Table :: PHONE
Column Name found in Datamart and Curated Table :: ID
Column Name found in Datamart and Curated Table :: VENDORADDRESS_STREET
Column Name found in Datamart and Curated Table :: FAX
Column Name found in Datamart and Curated Table :: VENDORADDRESS_LATITUDE
Column Name found in Datamart and Curated Table :: CREATEDBY_ID
Column Name found in Datamart and Curated Table :: EMAIL
Column Name found in Datamart and Curated Table :: EXTERNALID
Column Name found in Datamart and Curated Table :: FIRSTNAME
Column Name found in Datamart and Curated Table :: MEMO
Column Name found in Datamart and Curated Table :: RESTRICTEDMOBILECREATION
Column Name found in Datamart and Curated Table :: VENDORADDRESS_COUNTRY
Column Name found in Datamart and Curated Table :: VENDORADDRESS_LONGITUDE
Column Name found in Datamart and Curated Table :: VENDORADDRESS_CITY
Column Name found in Datamart and Curated Table :: NAME
Column Name found in Datamart and Curated Table :: VENDORADDRESS_ISMILITARY
Column Name found in Datamart and Curated Table :: VENDORQUICKBOOKSITEM
Column Name found in Datamart and Curated Table :: VENDORADDRESS_UNIT
Column Name found in Datamart and Curated Table :: VENDORADDRESS_ZIP
Column Name found in Datamart and Curated Table :: VENDORADDRESS_STATE
Column Name found in Datamart and Curated Table :: MODIFIEDON
Column Name found in Datamart and Curated Table :: PAYMENTTERM_ID
Column Name found in Datamart and Curated Table :: ADDRESS
Column Name found in Datamart and Curated Table :: TENANT_TYPE
Datamart tables contains additional column name like [ACTIVE_FLAG, RECORD_CREATE_DATE, RECORD_UPDATE_DATE, MASTER_ID]
Curated tables contains additional column name like [RECORD_CREATE_DATE, RECORD_UPDATE_DATE, RECORD_UPDATED_BY]]]>
  </system-out>
  <testcase classname="testcases.RAW_DATAMART_CURATED.SnowFlake_ColumnValidation_APITables" name="validateColumnName_BKP" time="2.339"/>
  <system-out>
    <![CDATA[Executing Snowflake query :: SELECT COLUMN_NAME FROM DEV_ENT_RAW.INFORMATION_SCHEMA.COLUMNS WHERE TABLE_NAME='ST_API_CALLREASON'and TABLE_SCHEMA='API_MAT'
Executing Snowflake query :: SELECT COLUMN_NAME FROM CURATED_DATAMART.INFORMATION_SCHEMA.COLUMNS WHERE TABLE_NAME='STR_API_CALLREASON'and TABLE_SCHEMA='ST_API_HORIZONSERVICES'
Executing Snowflake query :: SELECT COLUMN_NAME FROM DEV_ENT_CURATED.INFORMATION_SCHEMA.COLUMNS WHERE TABLE_NAME='DIM_CALLREASON'and TABLE_SCHEMA='MASTER_DIMENSIONS'
Column names for RAW Table --> ST_API_CALLREASON :: [CREATEDBY_ID, CREATEDON, ID, IMPORTID, ACTIVE, LEAD, MODIFIEDON, NAME, TENANT_TYPE]
Column names for DataMart Table --> STR_API_CALLREASON :: [CREATEDON, MODIFIEDON, CREATEDBY_ID, IMPORTID, LEAD, MASTER_ID, TENANT_TYPE, ACTIVE, ID, RECORD_CREATE_DATE, RECORD_UPDATE_DATE, ACTIVE_FLAG, NAME]
Column names for Curated Table --> DIM_CALLREASON :: [CREATEDBY_ID, RECORD_CREATE_DATE, MODIFIEDON, LEAD, RECORD_UPDATED_BY, ACTIVE, ID, CREATEDON, IMPORTID, NAME, TENANT_TYPE, RECORD_UPDATE_DATE]
Column Name found in Datamart and Curated Table :: CREATEDBY_ID
Column Name found in Datamart and Curated Table :: CREATEDON
Column Name found in Datamart and Curated Table :: ID
Column Name found in Datamart and Curated Table :: IMPORTID
Column Name found in Datamart and Curated Table :: ACTIVE
Column Name found in Datamart and Curated Table :: LEAD
Column Name found in Datamart and Curated Table :: MODIFIEDON
Column Name found in Datamart and Curated Table :: NAME
Column Name found in Datamart and Curated Table :: TENANT_TYPE
Datamart tables contains additional column name like [ACTIVE_FLAG, RECORD_CREATE_DATE, RECORD_UPDATE_DATE, MASTER_ID]
Curated tables contains additional column name like [RECORD_CREATE_DATE, RECORD_UPDATE_DATE, RECORD_UPDATED_BY]]]>
  </system-out>
  <testcase classname="testcases.RAW_DATAMART_CURATED.SnowFlake_ColumnValidation_APITables" name="validateColumnName_BKP" time="6.355"/>
  <system-out>
    <![CDATA[Executing Snowflake query :: SELECT COLUMN_NAME FROM DEV_ENT_RAW.INFORMATION_SCHEMA.COLUMNS WHERE TABLE_NAME='ST_API_JOBASSIGNMENT'and TABLE_SCHEMA='API_MAT'
Executing Snowflake query :: SELECT COLUMN_NAME FROM CURATED_DATAMART.INFORMATION_SCHEMA.COLUMNS WHERE TABLE_NAME='STR_API_JOBASSIGNMENT'and TABLE_SCHEMA='ST_API_HENDERSON'
Executing Snowflake query :: SELECT COLUMN_NAME FROM DEV_ENT_CURATED.INFORMATION_SCHEMA.COLUMNS WHERE TABLE_NAME='DIM_JOBASSIGNMENT'and TABLE_SCHEMA='MASTER_DIMENSIONS'
Column names for RAW Table --> ST_API_JOBASSIGNMENT :: [CREATEDBY_ID, IMPORTID, TECHNICIANROLE_ID, DRIVETIME_ID, ISPAUSED, JOHNMOOREPAYROLLROLE, ACTIVE, COMMISSIONRATE, CREATEDON, GROSSPAY, ID, SPLIT, PAYROLLROLE, PROJECTLABELS, PAYTYPE, TECHNICIAN_ID, JOB_ID, MODIFIEDON, STATUS, TENANT_TYPE]
Column names for DataMart Table --> STR_API_JOBASSIGNMENT :: [JOB_ID, PAYTYPE, PROJECTLABELS, ACTIVE, CREATEDON, DRIVETIME_ID, MASTER_ID, MODIFIEDON, TENANT_TYPE, IMPORTID, SPLIT, PAYROLLROLE, STATUS, COMMISSIONRATE, CREATEDBY_ID, GROSSPAY, ISPAUSED, ID, RECORD_UPDATE_DATE, TECHNICIAN_ID, ACTIVE_FLAG, TECHNICIANROLE_ID, JOHNMOOREPAYROLLROLE, RECORD_CREATE_DATE]
Column names for Curated Table --> DIM_JOBASSIGNMENT :: [STATUS, COMMISSIONRATE, SPLIT, TECHNICIANROLE_ID, DRIVETIME_ID, GROSSPAY, RECORD_CREATE_DATE, JOHNMOOREPAYROLLROLE, MODIFIEDON, CREATEDBY_ID, ISPAUSED, SOURCE_PKEY_SPK, ID, PROJECTLABELS, RECORD_UPDATED_BY, PAYROLLROLE, JOB_ID, RECORD_UPDATE_DATE, TENANT_TYPE, IMPORTID, TECHNICIAN_ID, PAYTYPE, ACTIVE, CREATEDON]
Column Name found in Datamart and Curated Table :: CREATEDBY_ID
Column Name found in Datamart and Curated Table :: IMPORTID
Column Name found in Datamart and Curated Table :: TECHNICIANROLE_ID
Column Name found in Datamart and Curated Table :: DRIVETIME_ID
Column Name found in Datamart and Curated Table :: ISPAUSED
Column Name found in Datamart and Curated Table :: JOHNMOOREPAYROLLROLE
Column Name found in Datamart and Curated Table :: ACTIVE
Column Name found in Datamart and Curated Table :: COMMISSIONRATE
Column Name found in Datamart and Curated Table :: CREATEDON
Column Name found in Datamart and Curated Table :: GROSSPAY
Column Name found in Datamart and Curated Table :: ID
Column Name found in Datamart and Curated Table :: SPLIT
Column Name found in Datamart and Curated Table :: PAYROLLROLE
Column Name found in Datamart and Curated Table :: PROJECTLABELS
Column Name found in Datamart and Curated Table :: PAYTYPE
Column Name found in Datamart and Curated Table :: TECHNICIAN_ID
Column Name found in Datamart and Curated Table :: JOB_ID
Column Name found in Datamart and Curated Table :: MODIFIEDON
Column Name found in Datamart and Curated Table :: STATUS
Column Name found in Datamart and Curated Table :: TENANT_TYPE
Datamart tables contains additional column name like [ACTIVE_FLAG, RECORD_CREATE_DATE, RECORD_UPDATE_DATE, MASTER_ID]
Curated tables contains additional column name like [RECORD_CREATE_DATE, RECORD_UPDATE_DATE, RECORD_UPDATED_BY]]]>
  </system-out>
  <testcase classname="testcases.RAW_DATAMART_CURATED.SnowFlake_ColumnValidation_APITables" name="validateColumnName_BKP" time="2.872"/>
  <system-out>
    <![CDATA[Executing Snowflake query :: SELECT COLUMN_NAME FROM DEV_ENT_RAW.INFORMATION_SCHEMA.COLUMNS WHERE TABLE_NAME='ST_API_INVOICEITEM'and TABLE_SCHEMA='API_MAT'
Executing Snowflake query :: SELECT COLUMN_NAME FROM CURATED_DATAMART.INFORMATION_SCHEMA.COLUMNS WHERE TABLE_NAME='STR_API_INVOICEITEM'and TABLE_SCHEMA='ST_API_GOLDMEDAL'
Executing Snowflake query :: SELECT COLUMN_NAME FROM DEV_ENT_CURATED.INFORMATION_SCHEMA.COLUMNS WHERE TABLE_NAME='DIM_INVOICEITEM'and TABLE_SCHEMA='MASTER_DIMENSIONS'
Column names for RAW Table --> ST_API_INVOICEITEM :: [ALLOWDISCOUNTS, AUTOGLASSITEM_ID, HOURS, STANDARDPRICE, MODIFIEDON, PROJECTLABELS, SOLDBYCOMMISSION, ISINVENTORY, MARKUP, PAYSSOLDBYRATE, PROCUREDFROMESTIMATEITEM_ID, PROJECTORDER, SKU_ID, TECHNICIANSPLIT3, UNITPRICE, IMPORTID, LASTUNITPRICESETBYEMPLOYEE, SKUNAME, MEMBERSHIPWORKFLOWACTION, BASERATE1, BASERATE2, DATECREATED, EQUIPMENT_ID, ID, INVENTORYSTATUS, ITEMGROUPNAME, TECHNICIANFORBASERATE1_ID, QUANTITY, SOLDBY_ID, PARENTITEM_ID, SOLDHOURS, NOTAX, COST, CREATEDBY_ID, EXPORTID, ISADDON, ISOTTASK, CREATEDON, ISUNITPRICEMANUALLYSET, PAYSFLATAMOUNT, TECHNICIAN_ID, BASERATE3, CHARGEABLE, COMMISSIONBONUS, DESCRIPTION, TECHNICIANACKNOWLEDGEMENTSIGNATURE, INVENTORYLOCATION_ID, ORDER, SCHEDULEDFLATAMOUNT, SOURCETYPE, TECHNICIANSPLIT1, INVENTORYWAREHOUSENAME, ACCOUNT, ADDONFLATAMOUNT, PRICEMODIFIER_ID, SKUREFERENCE_SKUTYPE, TECHNICIANFORBASERATE3_ID, PAYTECHSPECIFICBONUS, TECHNICIANFORBASERATE2_ID, TECHNICIANSPLIT2, USEDMATERIAL_ID, ACTIVE, BONUS, COSTOFSALEACCOUNT_ID, GENERALLEDGERACCOUNT_ID, INVENTORYBATCH_ID, INVOICE_ID, PAYSCOMMISSION, SKUREFERENCE_SKUID, TAXABLE, TOTAL, BUSINESSUNIT_ID, DEDUCTASJOBCOST, DISPLAYINAMOUNT, ESTIMATEITEM_ID, ITEMGROUPROOT_ID, MEMBERPRICE, PROCUREDFROM_ID, SIGNATURE, TOTALCOST, CROSSSALEGROUP, WORKFLOWACTION_ID, TENANT_TYPE]
Column names for DataMart Table --> STR_API_INVOICEITEM :: [ACCOUNT, DATECREATED, ISUNITPRICEMANUALLYSET, CREATEDBY_ID, SKUNAME, ACTIVE_FLAG, ADDONFLATAMOUNT, AUTOGLASSITEM_ID, ESTIMATEITEM_ID, EXPORTID, HOURS, ID, MEMBERPRICE, RECORD_CREATE_DATE, SKUREFERENCE_SKUID, SOURCETYPE, TECHNICIAN_ID, MEMBERSHIPWORKFLOWACTION, PAYSSOLDBYRATE, PROCUREMENTSOURCE_REQUISITIONITEMID, TECHNICIANSPLIT1, INVENTORYWAREHOUSENAME, TECHNICIANFORBASERATE3_ID, WORKFLOWACTION_ID, CREATEDON, GENERALLEDGERACCOUNT_ID, INVOICE_ID, ISINVENTORY, PROCUREMENTSOURCE_PURCHASEORDERITEMID, RECORD_UPDATE_DATE, SKUREFERENCE_SKUTYPE, SOLDBY_ID, SOLDHOURS, ISOTTASK, BASERATE3, TOTALCOST, TECHNICIANACKNOWLEDGEMENTSIGNATURE, INVENTORYLOCATION_ID, NOTAX, PRICEMODIFIER_ID, TECHNICIANSPLIT2, PARENTITEM_ID, SOLDBYCOMMISSION, EQUIPMENT_ID, TECHNICIANFORBASERATE2_ID, BASERATE1, DEDUCTASJOBCOST, ITEMGROUPNAME, PAYTECHSPECIFICBONUS, TECHNICIANSPLIT3, CROSSSALEGROUP, ITEMGROUPROOT_ID, PAYSCOMMISSION, QUANTITY, PROJECTLABELS, COST, COSTOFSALEACCOUNT_ID, INVENTORYBATCH_ID, INVENTORYSTATUS, SCHEDULEDFLATAMOUNT, BASERATE2, COMMISSIONBONUS, MASTER_ID, MODIFIEDON, ORDER, PAYSFLATAMOUNT, PROCUREDFROM_ID, PROJECTORDER, SKU_ID, STANDARDPRICE, TAXABLE, USEDMATERIAL_ID, PROCUREDFROMESTIMATEITEM_ID, BONUS, BUSINESSUNIT_ID, CHARGEABLE, DISPLAYINAMOUNT, PROCUREMENTSOURCE_ESTIMATEITEMID, ISADDON, LASTUNITPRICESETBYEMPLOYEE, TECHNICIANFORBASERATE1_ID, TOTAL, UNITPRICE, PROCUREMENTSOURCE_SOURCETYPE, TENANT_TYPE, ACTIVE, ALLOWDISCOUNTS, IMPORTID, DESCRIPTION, SIGNATURE, MARKUP]
Column names for Curated Table --> DIM_INVOICEITEM :: [BASERATE2, COST, CROSSSALEGROUP, ISOTTASK, MEMBERPRICE, ORDER, QUANTITY, TOTALCOST, ISUNITPRICEMANUALLYSET, PARENTITEM_ID, PAYSSOLDBYRATE, PAYSCOMMISSION, GENERALLEDGERACCOUNT_ID, BASERATE1, INVENTORYBATCH_ID, INVOICE_ID, SKUREFERENCE_SKUID, BASERATE3, EXPORTID, ISINVENTORY, SKU_ID, INVENTORYSTATUS, SOLDHOURS, TECHNICIAN_ID, TECHNICIANFORBASERATE2_ID, ACCOUNT, ALLOWDISCOUNTS, COMMISSIONBONUS, CREATEDON, IMPORTID, ISADDON, PROCUREMENTSOURCE_SOURCETYPE, NOTAX, PROJECTLABELS, SOLDBY_ID, TECHNICIANFORBASERATE1_ID, TECHNICIANSPLIT1, PAYSFLATAMOUNT, UNITPRICE, BONUS, COSTOFSALEACCOUNT_ID, CREATEDBY_ID, DISPLAYINAMOUNT, PAYTECHSPECIFICBONUS, PRICEMODIFIER_ID, TECHNICIANACKNOWLEDGEMENTSIGNATURE, TECHNICIANSPLIT3, PROCUREMENTSOURCE_PURCHASEORDERITEMID, PROCUREMENTSOURCE_REQUISITIONITEMID, PROJECTORDER, DATECREATED, TECHNICIANFORBASERATE3_ID, ACTIVE, ADDONFLATAMOUNT, BUSINESSUNIT_ID, CHARGEABLE, EQUIPMENT_ID, INVENTORYLOCATION_ID, INVENTORYWAREHOUSENAME, ITEMGROUPNAME, ITEMGROUPROOT_ID, RECORD_UPDATE_DATE, MODIFIEDON, PROCUREDFROM_ID, SCHEDULEDFLATAMOUNT, PROCUREMENTSOURCE_ESTIMATEITEMID, TAXABLE, PROCUREDFROMESTIMATEITEM_ID, AUTOGLASSITEM_ID, HOURS, LASTUNITPRICESETBYEMPLOYEE, MARKUP, USEDMATERIAL_ID, MEMBERSHIPWORKFLOWACTION, SKUREFERENCE_SKUTYPE, SOLDBYCOMMISSION, SOURCETYPE, RECORD_UPDATED_BY, WORKFLOWACTION_ID, DEDUCTASJOBCOST, DESCRIPTION, ESTIMATEITEM_ID, STANDARDPRICE, TECHNICIANSPLIT2, TOTAL, ID, RECORD_CREATE_DATE, SIGNATURE, SKUNAME, TENANT_TYPE]
Column Name found in Datamart and Curated Table :: ALLOWDISCOUNTS
Column Name found in Datamart and Curated Table :: AUTOGLASSITEM_ID
Column Name found in Datamart and Curated Table :: HOURS
Column Name found in Datamart and Curated Table :: STANDARDPRICE
Column Name found in Datamart and Curated Table :: MODIFIEDON
Column Name found in Datamart and Curated Table :: PROJECTLABELS
Column Name found in Datamart and Curated Table :: SOLDBYCOMMISSION
Column Name found in Datamart and Curated Table :: ISINVENTORY
Column Name found in Datamart and Curated Table :: MARKUP
Column Name found in Datamart and Curated Table :: PAYSSOLDBYRATE
Column Name found in Datamart and Curated Table :: PROCUREDFROMESTIMATEITEM_ID
Column Name found in Datamart and Curated Table :: PROJECTORDER
Column Name found in Datamart and Curated Table :: SKU_ID
Column Name found in Datamart and Curated Table :: TECHNICIANSPLIT3
Column Name found in Datamart and Curated Table :: UNITPRICE
Column Name found in Datamart and Curated Table :: IMPORTID
Column Name found in Datamart and Curated Table :: LASTUNITPRICESETBYEMPLOYEE
Column Name found in Datamart and Curated Table :: SKUNAME
Column Name found in Datamart and Curated Table :: MEMBERSHIPWORKFLOWACTION
Column Name found in Datamart and Curated Table :: BASERATE1
Column Name found in Datamart and Curated Table :: BASERATE2
Column Name found in Datamart and Curated Table :: DATECREATED
Column Name found in Datamart and Curated Table :: EQUIPMENT_ID
Column Name found in Datamart and Curated Table :: ID
Column Name found in Datamart and Curated Table :: INVENTORYSTATUS
Column Name found in Datamart and Curated Table :: ITEMGROUPNAME
Column Name found in Datamart and Curated Table :: TECHNICIANFORBASERATE1_ID
Column Name found in Datamart and Curated Table :: QUANTITY
Column Name found in Datamart and Curated Table :: SOLDBY_ID
Column Name found in Datamart and Curated Table :: PARENTITEM_ID
Column Name found in Datamart and Curated Table :: SOLDHOURS
Column Name found in Datamart and Curated Table :: NOTAX
Column Name found in Datamart and Curated Table :: COST
Column Name found in Datamart and Curated Table :: CREATEDBY_ID
Column Name found in Datamart and Curated Table :: EXPORTID
Column Name found in Datamart and Curated Table :: ISADDON
Column Name found in Datamart and Curated Table :: ISOTTASK
Column Name found in Datamart and Curated Table :: CREATEDON
Column Name found in Datamart and Curated Table :: ISUNITPRICEMANUALLYSET
Column Name found in Datamart and Curated Table :: PAYSFLATAMOUNT
Column Name found in Datamart and Curated Table :: TECHNICIAN_ID
Column Name found in Datamart and Curated Table :: BASERATE3
Column Name found in Datamart and Curated Table :: CHARGEABLE
Column Name found in Datamart and Curated Table :: COMMISSIONBONUS
Column Name found in Datamart and Curated Table :: DESCRIPTION
Column Name found in Datamart and Curated Table :: TECHNICIANACKNOWLEDGEMENTSIGNATURE
Column Name found in Datamart and Curated Table :: INVENTORYLOCATION_ID
Column Name found in Datamart and Curated Table :: ORDER
Column Name found in Datamart and Curated Table :: SCHEDULEDFLATAMOUNT
Column Name found in Datamart and Curated Table :: SOURCETYPE
Column Name found in Datamart and Curated Table :: TECHNICIANSPLIT1
Column Name found in Datamart and Curated Table :: INVENTORYWAREHOUSENAME
Column Name found in Datamart and Curated Table :: ACCOUNT
Column Name found in Datamart and Curated Table :: ADDONFLATAMOUNT
Column Name found in Datamart and Curated Table :: PRICEMODIFIER_ID
Column Name found in Datamart and Curated Table :: SKUREFERENCE_SKUTYPE
Column Name found in Datamart and Curated Table :: TECHNICIANFORBASERATE3_ID
Column Name found in Datamart and Curated Table :: PAYTECHSPECIFICBONUS
Column Name found in Datamart and Curated Table :: TECHNICIANFORBASERATE2_ID
Column Name found in Datamart and Curated Table :: TECHNICIANSPLIT2
Column Name found in Datamart and Curated Table :: USEDMATERIAL_ID
Column Name found in Datamart and Curated Table :: ACTIVE
Column Name found in Datamart and Curated Table :: BONUS
Column Name found in Datamart and Curated Table :: COSTOFSALEACCOUNT_ID
Column Name found in Datamart and Curated Table :: GENERALLEDGERACCOUNT_ID
Column Name found in Datamart and Curated Table :: INVENTORYBATCH_ID
Column Name found in Datamart and Curated Table :: INVOICE_ID
Column Name found in Datamart and Curated Table :: PAYSCOMMISSION
Column Name found in Datamart and Curated Table :: SKUREFERENCE_SKUID
Column Name found in Datamart and Curated Table :: TAXABLE
Column Name found in Datamart and Curated Table :: TOTAL
Column Name found in Datamart and Curated Table :: BUSINESSUNIT_ID
Column Name found in Datamart and Curated Table :: DEDUCTASJOBCOST
Column Name found in Datamart and Curated Table :: DISPLAYINAMOUNT
Column Name found in Datamart and Curated Table :: ESTIMATEITEM_ID
Column Name found in Datamart and Curated Table :: ITEMGROUPROOT_ID
Column Name found in Datamart and Curated Table :: MEMBERPRICE
Column Name found in Datamart and Curated Table :: PROCUREDFROM_ID
Column Name found in Datamart and Curated Table :: SIGNATURE
Column Name found in Datamart and Curated Table :: TOTALCOST
Column Name found in Datamart and Curated Table :: CROSSSALEGROUP
Column Name found in Datamart and Curated Table :: WORKFLOWACTION_ID
Column Name found in Datamart and Curated Table :: TENANT_TYPE
Datamart tables contains additional column name like [ACTIVE_FLAG, RECORD_CREATE_DATE, RECORD_UPDATE_DATE, MASTER_ID]
Curated tables contains additional column name like [RECORD_CREATE_DATE, RECORD_UPDATE_DATE, RECORD_UPDATED_BY]]]>
  </system-out>
  <testcase classname="testcases.RAW_DATAMART_CURATED.SnowFlake_ColumnValidation_APITables" name="validateColumnName_BKP" time="2.663"/>
  <system-out>
    <![CDATA[Executing Snowflake query :: SELECT COLUMN_NAME FROM DEV_ENT_RAW.INFORMATION_SCHEMA.COLUMNS WHERE TABLE_NAME='ST_API_BUSINESSUNIT'and TABLE_SCHEMA='API_MAT'
Executing Snowflake query :: SELECT COLUMN_NAME FROM CURATED_DATAMART.INFORMATION_SCHEMA.COLUMNS WHERE TABLE_NAME='STR_API_BUSINESSUNIT'and TABLE_SCHEMA='ST_API_FOURPROS'
Executing Snowflake query :: SELECT COLUMN_NAME FROM DEV_ENT_CURATED.INFORMATION_SCHEMA.COLUMNS WHERE TABLE_NAME='DIM_BUSINESSUNIT'and TABLE_SCHEMA='MASTER_DIMENSIONS'
Column names for RAW Table --> ST_API_BUSINESSUNIT :: [ADDRESS_ZIP, CORPORATECONTRACTNUMBER, CREDITCARDPROCESSORLOGIN, DATA, FRANCHISEEINFO_NAME, FRANCHISEEINFO_TRUCKSOPERATING, INVOICEHEADER, MATERIALSKUREFERENCE_SKUTYPE, OFFERWORKERSCOMPENSATION, PAYROLLIDLETIMEDOUBLEOVERTIMEPAYCODE_ID, CREATEDBY_ID, FRANCHISEEINFO_COMMENTS, INSURANCECOMPANYPHONE, MATERIALSKU_ID, PAYROLLFLATFEEMINIMUM, SERVICEFINANCEDEALERNAME, PAYROLLSOLDBYPAYCODE, CONSTRUCTION, INSURANCECOMPANYNAME, ENABLEWORKORDERS, FINANCEITACCOUNTEMAIL, PAYROLLTYPE, PHONENUMBER, POSTDATE, TRADE_ID, WORLDPAYSUBID, PAYROLLJOBHOURSSTANDARDPAYCODE_ID, PAYROLLTASKBONUSPAYCODE, PAYROLLJOBHOURSOTPAYCODE, ACTIVATIONLOCKED, ADDRESS_STATE, COMMISSIONCALCULATION, OFFERCOMMERCIALGENERALLIABILITY, PAYROLLTASKBONUSPAYCODENEW, ADDRESS_STREET, JOBBOOKEDALERTRECIPIENTS, MINIMUMROYALTYFEE, QUICKBOOKSROOTSALESACCOUNT, TURNSCONTRACTORID, FRANCHISEEINFO_PIVOTALNUMBER, MEALAPPOINTMENT_ID, NOCHARGECOMMERCIAL, PAYROLLPERCENTAGEFEEMINIMUM, PAYROLLTURNOVERBONUSPAYCODENEW, ADDRESS_ISMILITARY, CURRENCY, OVERTIMEMODE, ADDRESS_LATITUDE, BANKACCOUNTPROCESSOR_ID, DIVISIONNAME, FINANCEITPARTNERID, MODIFIEDON, PAYMENTPROCESSOR, QUICKBOOKSCLASS, SERVICEFINANCEDEALERID, WORLDPAYACCOUNTID, AUTHORIZATIONAGREEMENT_ORIGINALFILENAME, CREATEDON, DIVISION_ID, ENABLEWORKORDERSEQUIPMENTFORMATTING, ESTIMATEAUTHORIZATIONPARAGRAPH, HIDEPRICES, NAME, NAVISIONOVERTIMEEARNINGCODE, NOCHARGE, PAYMENTOPTIONS, PAYROLLSOLDBYPAYCODENEW, PAYROLLTURNOVERBONUSPAYCODE, PAYROLLIDLETIMESTANDARDPAYCODE_ID, THREEDAYCANCELATIONPARAGRAPH, PAYROLLWEIGHTEDOVERTIMEPAYCODE_ID, AUTHORIZATIONPARAGRAPH, ACKNOWLEDGEMENTAGREEMENT_FILENAME, ADDRESS_CITY, ADDRESS_ISMANUALCOORDINATES, ADDRESS_UNIT, CALIFORNIACOMPLIANTCONTRACTDOCUMENTS, EMAIL, IMPORTID, ADDRESS_LONGITUDE, GOAL, OFFICIALNAME, PAYROLLFLATFEE, PAYROLLIDLETIMEOVERTIMEPAYCODE_ID, PAYROLLJOBHOURSDOUBLEOVERTIMEPAYCODE_ID, QUICKBOOKSOAUTHSETTINGS, PAYROLLCOSTMARKUP, TGLBONUS, PAYROLLIDLETIMESTPAYCODE, ACTIVE, ACKNOWLEDGEMENTAGREEMENT_ORIGINALFILENAME, ADDRESS_COUNTRY, AUTHORIZATIONAGREEMENT_FILENAME, CREDITCARDPROCESSORKEY, CREDITCARDPROCESSOR_ID, FINANCEITAUTHTOKEN, FRANCHISEEINFO_CONTRACT, INVOICEMESSAGE, NAVISIONSTANDARDTIMEEARNINGCODE, PAYROLLEXPENSEDEDUCTIONTRIGGER, PAYROLLIDLETIMEOTPAYCODE, PAYROLLWEIGHTEDOTPAYCODE, DEFAULTTAXRATE, ID, PAYROLLPERCENTAGEFEE, PAYROLLJOBHOURSOVERTIMEPAYCODE_ID, WARRANTYRATE, GREENSKYMERCHANTID, PAYROLLJOBHOURSSTPAYCODE, LOGO, NAVISIONGLCODE, SELLERFEE, ACKNOWLEDGEMENTPARAGRAPH, EXTERNALID, HVACDASHBOARDSECTIONS, INTACCTENTITY_ID, FRANCHISEEINFO_GST, LICENSENUMBER, NOCHARGERESIDENTIAL, INTEGRATEDREFUNDS_ID, MATERIALSKUREFERENCE_SKUID, TURNOVERMINIMUMTHRESHOLD, PAYROLLINVOICEBONUSPAYCODE_ID, WORLDPAYMERCHANTPIN, TENANT_TYPE]
Column names for DataMart Table --> STR_API_BUSINESSUNIT :: [ACTIVATIONLOCKED, ADDRESS_ISMILITARY, AUTHORIZATIONPARAGRAPH, CREDITCARDPROCESSORLOGIN, DIVISION_ID, EMAIL, FRANCHISEEINFO_COMMENTS, OFFERWORKERSCOMPENSATION, PAYROLLIDLETIMEOTPAYCODE, ADDRESS_ZIP, FRANCHISEEINFO_GST, INSURANCECOMPANYPHONE, INTACCTENTITY_ID, MINIMUMROYALTYFEE, PAYROLLTASKBONUSPAYCODENEW, PAYROLLTURNOVERBONUSPAYCODENEW, DEFAULTTAXRATE, PAYROLLFLATFEE, PAYROLLJOBHOURSOVERTIMEPAYCODE_ID, PAYROLLSOLDBYPAYCODENEW, HIDEPRICES, TGLBONUS, RECORD_CREATE_DATE, COMMISSIONCALCULATION, IMPORTID, NAVISIONGLCODE, MEALAPPOINTMENT_ID, OVERTIMEMODE, PAYROLLJOBHOURSOTPAYCODE, PAYROLLPERCENTAGEFEEMINIMUM, PAYROLLTURNOVERBONUSPAYCODE, SERVICEFINANCEDEALERID, PAYROLLIDLETIMESTPAYCODE, PHONENUMBER, ACKNOWLEDGEMENTAGREEMENT_FILENAME, ACKNOWLEDGEMENTAGREEMENT_ORIGINALFILENAME, ADDRESS_STATE, AUTHORIZATIONAGREEMENT_ORIGINALFILENAME, DIVISIONNAME, EXTERNALID, PAYROLLJOBHOURSDOUBLEOVERTIMEPAYCODE_ID, THREEDAYCANCELATIONPARAGRAPH, JOBBOOKEDALERTRECIPIENTS, QUICKBOOKSCLASS, TENANT_TYPE, WORLDPAYACCOUNTID, CREDITCARDPROCESSORKEY, ADDRESS_STREET, AUTHORIZATIONAGREEMENT_FILENAME, ENABLEWORKORDERS, MATERIALSKU_ID, PAYROLLIDLETIMEOVERTIMEPAYCODE_ID, PAYROLLJOBHOURSSTANDARDPAYCODE_ID, PAYROLLSOLDBYPAYCODE, POSTDATE, DATA, FRANCHISEEINFO_CONTRACT, ID, MATERIALSKUREFERENCE_SKUTYPE, PAYROLLFLATFEEMINIMUM, HVACDASHBOARDSECTIONS, PAYROLLINVOICEBONUSPAYCODE_ID, ACKNOWLEDGEMENTPARAGRAPH, ADDRESS_LONGITUDE, FRANCHISEEINFO_PIVOTALNUMBER, FRANCHISEEINFO_TRUCKSOPERATING, LOGO, PAYMENTPROCESSOR, TRADE_ID, FRANCHISEEINFO_NAME, MODIFIEDON, PAYROLLTASKBONUSPAYCODE, CREATEDBY_ID, GREENSKYMERCHANTID, PAYROLLWEIGHTEDOVERTIMEPAYCODE_ID, RECORD_UPDATE_DATE, SERVICEFINANCEDEALERNAME, PAYROLLIDLETIMEDOUBLEOVERTIMEPAYCODE_ID, ADDRESS_LATITUDE, CALIFORNIACOMPLIANTCONTRACTDOCUMENTS, CONSTRUCTION, MASTER_ID, NAVISIONSTANDARDTIMEEARNINGCODE, PAYROLLIDLETIMESTANDARDPAYCODE_ID, FINANCEITPARTNERID, INVOICEMESSAGE, PAYROLLCOSTMARKUP, PAYROLLJOBHOURSSTPAYCODE, NAME, PAYROLLTYPE, ACTIVE, ACTIVE_FLAG, ADDRESS_CITY, ADDRESS_UNIT, BCCEMAIL, GOAL, MATERIALSKUREFERENCE_SKUID, NOCHARGE, OFFERCOMMERCIALGENERALLIABILITY, CORPORATECONTRACTNUMBER, CREDITCARDPROCESSOR_ID, FINANCEITAUTHTOKEN, INVOICEHEADER, NOCHARGECOMMERCIAL, PAYROLLEXPENSEDEDUCTIONTRIGGER, QUICKBOOKSROOTSALESACCOUNT, SELLERFEE, TURNOVERMINIMUMTHRESHOLD, WORLDPAYMERCHANTPIN, INTEGRATEDREFUNDS_ID, LICENSENUMBER, OFFICIALNAME, PAYMENTOPTIONS, PAYROLLWEIGHTEDOTPAYCODE, QUICKBOOKSOAUTHSETTINGS, TURNSCONTRACTORID, ADDRESS_COUNTRY, ADDRESS_ISMANUALCOORDINATES, CREATEDON, ESTIMATEAUTHORIZATIONPARAGRAPH, BANKACCOUNTPROCESSOR_ID, ENABLEWORKORDERSEQUIPMENTFORMATTING, FINANCEITACCOUNTEMAIL, NOCHARGERESIDENTIAL, PAYROLLPERCENTAGEFEE, WARRANTYRATE, INSURANCECOMPANYNAME, NAVISIONOVERTIMEEARNINGCODE, WORLDPAYSUBID, CURRENCY]
Column names for Curated Table --> DIM_BUSINESSUNIT :: [ADDRESS_COUNTRY, ADDRESS_STREET, BANKACCOUNTPROCESSOR_ID, MEALAPPOINTMENT_ID, CREATEDBY_ID, DIVISION_ID, OFFERCOMMERCIALGENERALLIABILITY, PAYMENTPROCESSOR, PAYROLLJOBHOURSSTANDARDPAYCODE_ID, PAYROLLSOLDBYPAYCODE, TGLBONUS, NAME, PAYROLLCOSTMARKUP, PAYROLLJOBHOURSDOUBLEOVERTIMEPAYCODE_ID, LICENSENUMBER, LOGO, OVERTIMEMODE, ACKNOWLEDGEMENTAGREEMENT_ORIGINALFILENAME, AUTHORIZATIONPARAGRAPH, FINANCEITPARTNERID, WARRANTYRATE, FINANCEITACCOUNTEMAIL, PAYROLLTYPE, QUICKBOOKSCLASS, QUICKBOOKSOAUTHSETTINGS, GREENSKYMERCHANTID, CREDITCARDPROCESSORKEY, CREDITCARDPROCESSORLOGIN, CREDITCARDPROCESSOR_ID, DEFAULTTAXRATE, FRANCHISEEINFO_COMMENTS, HVACDASHBOARDSECTIONS, MODIFIEDON, WORLDPAYACCOUNTID, PAYROLLIDLETIMEDOUBLEOVERTIMEPAYCODE_ID, TENANT_TYPE, FRANCHISEEINFO_GST, RECORD_CREATE_DATE, NOCHARGE, PAYMENTOPTIONS, PAYROLLPERCENTAGEFEE, PAYROLLSOLDBYPAYCODENEW, ADDRESS_LONGITUDE, ADDRESS_ZIP, CREATEDON, INTEGRATEDREFUNDS_ID, JOBBOOKEDALERTRECIPIENTS, NAVISIONOVERTIMEEARNINGCODE, PAYROLLINVOICEBONUSPAYCODE_ID, ACTIVE, ADDRESS_STATE, AUTHORIZATIONAGREEMENT_ORIGINALFILENAME, ENABLEWORKORDERS, MATERIALSKU_ID, NAVISIONSTANDARDTIMEEARNINGCODE, PAYROLLJOBHOURSSTPAYCODE, POSTDATE, ADDRESS_ISMILITARY, ADDRESS_LATITUDE, ADDRESS_UNIT, CALIFORNIACOMPLIANTCONTRACTDOCUMENTS, ENABLEWORKORDERSEQUIPMENTFORMATTING, HIDEPRICES, INVOICEHEADER, COMMISSIONCALCULATION, EMAIL, FRANCHISEEINFO_TRUCKSOPERATING, PAYROLLIDLETIMESTANDARDPAYCODE_ID, PAYROLLIDLETIMESTPAYCODE, TRADE_ID, AUTHORIZATIONAGREEMENT_FILENAME, SERVICEFINANCEDEALERID, WORLDPAYMERCHANTPIN, BCCEMAIL, OFFERWORKERSCOMPENSATION, NAVISIONGLCODE, WORLDPAYSUBID, ACKNOWLEDGEMENTAGREEMENT_FILENAME, ACTIVATIONLOCKED, DIVISIONNAME, FINANCEITAUTHTOKEN, FRANCHISEEINFO_PIVOTALNUMBER, INSURANCECOMPANYNAME, PAYROLLWEIGHTEDOVERTIMEPAYCODE_ID, TURNSCONTRACTORID, FRANCHISEEINFO_NAME, MINIMUMROYALTYFEE, PAYROLLEXPENSEDEDUCTIONTRIGGER, PAYROLLPERCENTAGEFEEMINIMUM, RECORD_UPDATED_BY, SERVICEFINANCEDEALERNAME, ESTIMATEAUTHORIZATIONPARAGRAPH, TURNOVERMINIMUMTHRESHOLD, PAYROLLIDLETIMEOVERTIMEPAYCODE_ID, RECORD_UPDATE_DATE, ACKNOWLEDGEMENTPARAGRAPH, ADDRESS_ISMANUALCOORDINATES, INVOICEMESSAGE, MATERIALSKUREFERENCE_SKUID, MATERIALSKUREFERENCE_SKUTYPE, PAYROLLIDLETIMEOTPAYCODE, PAYROLLJOBHOURSOTPAYCODE, PAYROLLJOBHOURSOVERTIMEPAYCODE_ID, CONSTRUCTION, CORPORATECONTRACTNUMBER, DATA, NOCHARGECOMMERCIAL, NOCHARGERESIDENTIAL, PAYROLLTASKBONUSPAYCODE, PAYROLLTASKBONUSPAYCODENEW, QUICKBOOKSROOTSALESACCOUNT, ID, PAYROLLTURNOVERBONUSPAYCODENEW, ADDRESS_CITY, CURRENCY, GOAL, IMPORTID, INSURANCECOMPANYPHONE, PAYROLLTURNOVERBONUSPAYCODE, OFFICIALNAME, PAYROLLFLATFEE, PHONENUMBER, SELLERFEE, THREEDAYCANCELATIONPARAGRAPH, FRANCHISEEINFO_CONTRACT, PAYROLLFLATFEEMINIMUM, PAYROLLWEIGHTEDOTPAYCODE, INTACCTENTITY_ID, EXTERNALID]
Column Name found in Datamart and Curated Table :: ADDRESS_ZIP
Column Name found in Datamart and Curated Table :: CORPORATECONTRACTNUMBER
Column Name found in Datamart and Curated Table :: CREDITCARDPROCESSORLOGIN
Column Name found in Datamart and Curated Table :: DATA
Column Name found in Datamart and Curated Table :: FRANCHISEEINFO_NAME
Column Name found in Datamart and Curated Table :: FRANCHISEEINFO_TRUCKSOPERATING
Column Name found in Datamart and Curated Table :: INVOICEHEADER
Column Name found in Datamart and Curated Table :: MATERIALSKUREFERENCE_SKUTYPE
Column Name found in Datamart and Curated Table :: OFFERWORKERSCOMPENSATION
Column Name found in Datamart and Curated Table :: PAYROLLIDLETIMEDOUBLEOVERTIMEPAYCODE_ID
Column Name found in Datamart and Curated Table :: CREATEDBY_ID
Column Name found in Datamart and Curated Table :: FRANCHISEEINFO_COMMENTS
Column Name found in Datamart and Curated Table :: INSURANCECOMPANYPHONE
Column Name found in Datamart and Curated Table :: MATERIALSKU_ID
Column Name found in Datamart and Curated Table :: PAYROLLFLATFEEMINIMUM
Column Name found in Datamart and Curated Table :: SERVICEFINANCEDEALERNAME
Column Name found in Datamart and Curated Table :: PAYROLLSOLDBYPAYCODE
Column Name found in Datamart and Curated Table :: CONSTRUCTION
Column Name found in Datamart and Curated Table :: INSURANCECOMPANYNAME
Column Name found in Datamart and Curated Table :: ENABLEWORKORDERS
Column Name found in Datamart and Curated Table :: FINANCEITACCOUNTEMAIL
Column Name found in Datamart and Curated Table :: PAYROLLTYPE
Column Name found in Datamart and Curated Table :: PHONENUMBER
Column Name found in Datamart and Curated Table :: POSTDATE
Column Name found in Datamart and Curated Table :: TRADE_ID
Column Name found in Datamart and Curated Table :: WORLDPAYSUBID
Column Name found in Datamart and Curated Table :: PAYROLLJOBHOURSSTANDARDPAYCODE_ID
Column Name found in Datamart and Curated Table :: PAYROLLTASKBONUSPAYCODE
Column Name found in Datamart and Curated Table :: PAYROLLJOBHOURSOTPAYCODE
Column Name found in Datamart and Curated Table :: ACTIVATIONLOCKED
Column Name found in Datamart and Curated Table :: ADDRESS_STATE
Column Name found in Datamart and Curated Table :: COMMISSIONCALCULATION
Column Name found in Datamart and Curated Table :: OFFERCOMMERCIALGENERALLIABILITY
Column Name found in Datamart and Curated Table :: PAYROLLTASKBONUSPAYCODENEW
Column Name found in Datamart and Curated Table :: ADDRESS_STREET
Column Name found in Datamart and Curated Table :: JOBBOOKEDALERTRECIPIENTS
Column Name found in Datamart and Curated Table :: MINIMUMROYALTYFEE
Column Name found in Datamart and Curated Table :: QUICKBOOKSROOTSALESACCOUNT
Column Name found in Datamart and Curated Table :: TURNSCONTRACTORID
Column Name found in Datamart and Curated Table :: FRANCHISEEINFO_PIVOTALNUMBER
Column Name found in Datamart and Curated Table :: MEALAPPOINTMENT_ID
Column Name found in Datamart and Curated Table :: NOCHARGECOMMERCIAL
Column Name found in Datamart and Curated Table :: PAYROLLPERCENTAGEFEEMINIMUM
Column Name found in Datamart and Curated Table :: PAYROLLTURNOVERBONUSPAYCODENEW
Column Name found in Datamart and Curated Table :: ADDRESS_ISMILITARY
Column Name found in Datamart and Curated Table :: CURRENCY
Column Name found in Datamart and Curated Table :: OVERTIMEMODE
Column Name found in Datamart and Curated Table :: ADDRESS_LATITUDE
Column Name found in Datamart and Curated Table :: BANKACCOUNTPROCESSOR_ID
Column Name found in Datamart and Curated Table :: DIVISIONNAME
Column Name found in Datamart and Curated Table :: FINANCEITPARTNERID
Column Name found in Datamart and Curated Table :: MODIFIEDON
Column Name found in Datamart and Curated Table :: PAYMENTPROCESSOR
Column Name found in Datamart and Curated Table :: QUICKBOOKSCLASS
Column Name found in Datamart and Curated Table :: SERVICEFINANCEDEALERID
Column Name found in Datamart and Curated Table :: WORLDPAYACCOUNTID
Column Name found in Datamart and Curated Table :: AUTHORIZATIONAGREEMENT_ORIGINALFILENAME
Column Name found in Datamart and Curated Table :: CREATEDON
Column Name found in Datamart and Curated Table :: DIVISION_ID
Column Name found in Datamart and Curated Table :: ENABLEWORKORDERSEQUIPMENTFORMATTING
Column Name found in Datamart and Curated Table :: ESTIMATEAUTHORIZATIONPARAGRAPH
Column Name found in Datamart and Curated Table :: HIDEPRICES
Column Name found in Datamart and Curated Table :: NAME
Column Name found in Datamart and Curated Table :: NAVISIONOVERTIMEEARNINGCODE
Column Name found in Datamart and Curated Table :: NOCHARGE
Column Name found in Datamart and Curated Table :: PAYMENTOPTIONS
Column Name found in Datamart and Curated Table :: PAYROLLSOLDBYPAYCODENEW
Column Name found in Datamart and Curated Table :: PAYROLLTURNOVERBONUSPAYCODE
Column Name found in Datamart and Curated Table :: PAYROLLIDLETIMESTANDARDPAYCODE_ID
Column Name found in Datamart and Curated Table :: THREEDAYCANCELATIONPARAGRAPH
Column Name found in Datamart and Curated Table :: PAYROLLWEIGHTEDOVERTIMEPAYCODE_ID
Column Name found in Datamart and Curated Table :: AUTHORIZATIONPARAGRAPH
Column Name found in Datamart and Curated Table :: ACKNOWLEDGEMENTAGREEMENT_FILENAME
Column Name found in Datamart and Curated Table :: ADDRESS_CITY
Column Name found in Datamart and Curated Table :: ADDRESS_ISMANUALCOORDINATES
Column Name found in Datamart and Curated Table :: ADDRESS_UNIT
Column Name found in Datamart and Curated Table :: CALIFORNIACOMPLIANTCONTRACTDOCUMENTS
Column Name found in Datamart and Curated Table :: EMAIL
Column Name found in Datamart and Curated Table :: IMPORTID
Column Name found in Datamart and Curated Table :: ADDRESS_LONGITUDE
Column Name found in Datamart and Curated Table :: GOAL
Column Name found in Datamart and Curated Table :: OFFICIALNAME
Column Name found in Datamart and Curated Table :: PAYROLLFLATFEE
Column Name found in Datamart and Curated Table :: PAYROLLIDLETIMEOVERTIMEPAYCODE_ID
Column Name found in Datamart and Curated Table :: PAYROLLJOBHOURSDOUBLEOVERTIMEPAYCODE_ID
Column Name found in Datamart and Curated Table :: QUICKBOOKSOAUTHSETTINGS
Column Name found in Datamart and Curated Table :: PAYROLLCOSTMARKUP
Column Name found in Datamart and Curated Table :: TGLBONUS
Column Name found in Datamart and Curated Table :: PAYROLLIDLETIMESTPAYCODE
Column Name found in Datamart and Curated Table :: ACTIVE
Column Name found in Datamart and Curated Table :: ACKNOWLEDGEMENTAGREEMENT_ORIGINALFILENAME
Column Name found in Datamart and Curated Table :: ADDRESS_COUNTRY
Column Name found in Datamart and Curated Table :: AUTHORIZATIONAGREEMENT_FILENAME
Column Name found in Datamart and Curated Table :: CREDITCARDPROCESSORKEY
Column Name found in Datamart and Curated Table :: CREDITCARDPROCESSOR_ID
Column Name found in Datamart and Curated Table :: FINANCEITAUTHTOKEN
Column Name found in Datamart and Curated Table :: FRANCHISEEINFO_CONTRACT
Column Name found in Datamart and Curated Table :: INVOICEMESSAGE
Column Name found in Datamart and Curated Table :: NAVISIONSTANDARDTIMEEARNINGCODE
Column Name found in Datamart and Curated Table :: PAYROLLEXPENSEDEDUCTIONTRIGGER
Column Name found in Datamart and Curated Table :: PAYROLLIDLETIMEOTPAYCODE
Column Name found in Datamart and Curated Table :: PAYROLLWEIGHTEDOTPAYCODE
Column Name found in Datamart and Curated Table :: DEFAULTTAXRATE
Column Name found in Datamart and Curated Table :: ID
Column Name found in Datamart and Curated Table :: PAYROLLPERCENTAGEFEE
Column Name found in Datamart and Curated Table :: PAYROLLJOBHOURSOVERTIMEPAYCODE_ID
Column Name found in Datamart and Curated Table :: WARRANTYRATE
Column Name found in Datamart and Curated Table :: GREENSKYMERCHANTID
Column Name found in Datamart and Curated Table :: PAYROLLJOBHOURSSTPAYCODE
Column Name found in Datamart and Curated Table :: LOGO
Column Name found in Datamart and Curated Table :: NAVISIONGLCODE
Column Name found in Datamart and Curated Table :: SELLERFEE
Column Name found in Datamart and Curated Table :: ACKNOWLEDGEMENTPARAGRAPH
Column Name found in Datamart and Curated Table :: EXTERNALID
Column Name found in Datamart and Curated Table :: HVACDASHBOARDSECTIONS
Column Name found in Datamart and Curated Table :: INTACCTENTITY_ID
Column Name found in Datamart and Curated Table :: FRANCHISEEINFO_GST
Column Name found in Datamart and Curated Table :: LICENSENUMBER
Column Name found in Datamart and Curated Table :: NOCHARGERESIDENTIAL
Column Name found in Datamart and Curated Table :: INTEGRATEDREFUNDS_ID
Column Name found in Datamart and Curated Table :: MATERIALSKUREFERENCE_SKUID
Column Name found in Datamart and Curated Table :: TURNOVERMINIMUMTHRESHOLD
Column Name found in Datamart and Curated Table :: PAYROLLINVOICEBONUSPAYCODE_ID
Column Name found in Datamart and Curated Table :: WORLDPAYMERCHANTPIN
Column Name found in Datamart and Curated Table :: TENANT_TYPE
Datamart tables contains additional column name like [ACTIVE_FLAG, RECORD_CREATE_DATE, RECORD_UPDATE_DATE, MASTER_ID]
Curated tables contains additional column name like [RECORD_CREATE_DATE, RECORD_UPDATE_DATE, RECORD_UPDATED_BY]]]>
  </system-out>
  <testcase classname="testcases.RAW_DATAMART_CURATED.SnowFlake_ColumnValidation_APITables" name="validateColumnName_BKP" time="2.464"/>
  <system-out>
    <![CDATA[Executing Snowflake query :: SELECT COLUMN_NAME FROM DEV_ENT_RAW.INFORMATION_SCHEMA.COLUMNS WHERE TABLE_NAME='ST_API_ESTIMATE'and TABLE_SCHEMA='API_MAT'
Executing Snowflake query :: SELECT COLUMN_NAME FROM CURATED_DATAMART.INFORMATION_SCHEMA.COLUMNS WHERE TABLE_NAME='STR_API_ESTIMATE'and TABLE_SCHEMA='ST_API_HUTCHINSON'
Executing Snowflake query :: SELECT COLUMN_NAME FROM DEV_ENT_CURATED.INFORMATION_SCHEMA.COLUMNS WHERE TABLE_NAME='DIM_ESTIMATE'and TABLE_SCHEMA='MASTER_DIMENSIONS'
Column names for RAW Table --> ST_API_ESTIMATE :: [BUSINESSUNIT_ID, JOB_ID, MATERIALTAX, PROJECTLABELS, STATUS, PROPOSALTAGCOLOR, CLAIM_ID, ISCHANGEORDER, MATERIALSKUREFERENCE_SKUID, MODIFIEDON, SUMMARY, TECHNICIANPICKEDSOLDTYPE, ISRECOMMENDED, PROPOSALTAGNAME, CREATEDBY_ID, TAX, AUTHORIZEDON, ORDER, OPPORTUNITY_ID, FEETOTAL, IMPORTID, LABORTAX, SOLDBY_ID, SOLDINVOICE_ID, AUTHORIZATIONSIGNATURE, LOCATION_ID, PROCUREMENTTYPE, SOLDBYEMPLOYEE_ID, DISCOUNTTOTAL, TECHNICIANSIGNATURE, ACTIVE, MATERIALSKU_ID, MATERIALSKUREFERENCE_SKUTYPE, RENEWABLEMEMBERSHIP_ID, NAME, SOLDON, TOTALCOST, CREATEDON, TOTAL, ID, SOLDTYPE, PROJECTOPPORTUNITY_ID, TENANT_TYPE]
Column names for DataMart Table --> STR_API_ESTIMATE :: [MATERIALSKUREFERENCE_SKUTYPE, PROJECTLABELS, SOLDTYPE, TECHNICIANPICKEDSOLDTYPE, CREATEDBY_ID, ISRECOMMENDED, LABORTAX, NAME, PROCUREMENTTYPE, DISCOUNTTOTAL, IMPORTID, TAX, SOLDON, RECORD_CREATE_DATE, ACTIVE_FLAG, ISCHANGEORDER, MATERIALSKU_ID, MODIFIEDON, TENANT_TYPE, TECHNICIANSIGNATURE, AUTHORIZATIONSIGNATURE, LOCATION_ID, RECORD_UPDATE_DATE, STATUS, PROPOSALTAGCOLOR, OPPORTUNITY_ID, SOLDBYEMPLOYEE_ID, BUSINESSUNIT_ID, ORDER, PROJECTOPPORTUNITY_ID, SUMMARY, MASTER_ID, PROPOSALTAGNAME, SOLDBY_ID, RENEWABLEMEMBERSHIP_ID, ACTIVE, AUTHORIZEDON, CLAIM_ID, CREATEDON, FEETOTAL, ID, JOB_ID, MATERIALSKUREFERENCE_SKUID, MATERIALTAX, SOLDINVOICE_ID, TOTALCOST, TOTAL]
Column names for Curated Table --> DIM_ESTIMATE :: [CREATEDON, DISCOUNTTOTAL, LOCATION_ID, OPPORTUNITY_ID, PROPOSALTAGCOLOR, PROPOSALTAGNAME, SOLDINVOICE_ID, TENANT_TYPE, RECORD_UPDATED_BY, TOTALCOST, ISCHANGEORDER, NAME, BUSINESSUNIT_ID, FEETOTAL, MATERIALSKUREFERENCE_SKUTYPE, ISRECOMMENDED, ORDER, STATUS, TOTAL, SOLDTYPE, AUTHORIZEDON, CREATEDBY_ID, LABORTAX, PROCUREMENTTYPE, SOLDBYEMPLOYEE_ID, SOLDBY_ID, IMPORTID, MATERIALSKU_ID, TAX, TECHNICIANPICKEDSOLDTYPE, RENEWABLEMEMBERSHIP_ID, TECHNICIANSIGNATURE, MODIFIEDON, CLAIM_ID, ID, MATERIALSKUREFERENCE_SKUID, SOLDON, PROJECTLABELS, JOB_ID, ACTIVE, AUTHORIZATIONSIGNATURE, MATERIALTAX, PROJECTOPPORTUNITY_ID, RECORD_CREATE_DATE, SUMMARY, RECORD_UPDATE_DATE]
Column Name found in Datamart and Curated Table :: BUSINESSUNIT_ID
Column Name found in Datamart and Curated Table :: JOB_ID
Column Name found in Datamart and Curated Table :: MATERIALTAX
Column Name found in Datamart and Curated Table :: PROJECTLABELS
Column Name found in Datamart and Curated Table :: STATUS
Column Name found in Datamart and Curated Table :: PROPOSALTAGCOLOR
Column Name found in Datamart and Curated Table :: CLAIM_ID
Column Name found in Datamart and Curated Table :: ISCHANGEORDER
Column Name found in Datamart and Curated Table :: MATERIALSKUREFERENCE_SKUID
Column Name found in Datamart and Curated Table :: MODIFIEDON
Column Name found in Datamart and Curated Table :: SUMMARY
Column Name found in Datamart and Curated Table :: TECHNICIANPICKEDSOLDTYPE
Column Name found in Datamart and Curated Table :: ISRECOMMENDED
Column Name found in Datamart and Curated Table :: PROPOSALTAGNAME
Column Name found in Datamart and Curated Table :: CREATEDBY_ID
Column Name found in Datamart and Curated Table :: TAX
Column Name found in Datamart and Curated Table :: AUTHORIZEDON
Column Name found in Datamart and Curated Table :: ORDER
Column Name found in Datamart and Curated Table :: OPPORTUNITY_ID
Column Name found in Datamart and Curated Table :: FEETOTAL
Column Name found in Datamart and Curated Table :: IMPORTID
Column Name found in Datamart and Curated Table :: LABORTAX
Column Name found in Datamart and Curated Table :: SOLDBY_ID
Column Name found in Datamart and Curated Table :: SOLDINVOICE_ID
Column Name found in Datamart and Curated Table :: AUTHORIZATIONSIGNATURE
Column Name found in Datamart and Curated Table :: LOCATION_ID
Column Name found in Datamart and Curated Table :: PROCUREMENTTYPE
Column Name found in Datamart and Curated Table :: SOLDBYEMPLOYEE_ID
Column Name found in Datamart and Curated Table :: DISCOUNTTOTAL
Column Name found in Datamart and Curated Table :: TECHNICIANSIGNATURE
Column Name found in Datamart and Curated Table :: ACTIVE
Column Name found in Datamart and Curated Table :: MATERIALSKU_ID
Column Name found in Datamart and Curated Table :: MATERIALSKUREFERENCE_SKUTYPE
Column Name found in Datamart and Curated Table :: RENEWABLEMEMBERSHIP_ID
Column Name found in Datamart and Curated Table :: NAME
Column Name found in Datamart and Curated Table :: SOLDON
Column Name found in Datamart and Curated Table :: TOTALCOST
Column Name found in Datamart and Curated Table :: CREATEDON
Column Name found in Datamart and Curated Table :: TOTAL
Column Name found in Datamart and Curated Table :: ID
Column Name found in Datamart and Curated Table :: SOLDTYPE
Column Name found in Datamart and Curated Table :: PROJECTOPPORTUNITY_ID
Column Name found in Datamart and Curated Table :: TENANT_TYPE
Datamart tables contains additional column name like [ACTIVE_FLAG, RECORD_CREATE_DATE, RECORD_UPDATE_DATE, MASTER_ID]
Curated tables contains additional column name like [RECORD_CREATE_DATE, RECORD_UPDATE_DATE, RECORD_UPDATED_BY]]]>
  </system-out>
  <testcase classname="testcases.RAW_DATAMART_CURATED.SnowFlake_ColumnValidation_APITables" name="validateColumnName_BKP" time="2.150"/>
  <system-out>
    <![CDATA[Executing Snowflake query :: SELECT COLUMN_NAME FROM DEV_ENT_RAW.INFORMATION_SCHEMA.COLUMNS WHERE TABLE_NAME='ST_API_BUSINESSUNIT'and TABLE_SCHEMA='API_MAT'
Executing Snowflake query :: SELECT COLUMN_NAME FROM CURATED_DATAMART.INFORMATION_SCHEMA.COLUMNS WHERE TABLE_NAME='STR_API_BUSINESSUNIT'and TABLE_SCHEMA='ST_API_CASTEEL'
Executing Snowflake query :: SELECT COLUMN_NAME FROM DEV_ENT_CURATED.INFORMATION_SCHEMA.COLUMNS WHERE TABLE_NAME='DIM_BUSINESSUNIT'and TABLE_SCHEMA='MASTER_DIMENSIONS'
Column names for RAW Table --> ST_API_BUSINESSUNIT :: [ADDRESS_ZIP, CORPORATECONTRACTNUMBER, CREDITCARDPROCESSORLOGIN, DATA, FRANCHISEEINFO_NAME, FRANCHISEEINFO_TRUCKSOPERATING, INVOICEHEADER, MATERIALSKUREFERENCE_SKUTYPE, OFFERWORKERSCOMPENSATION, PAYROLLIDLETIMEDOUBLEOVERTIMEPAYCODE_ID, CREATEDBY_ID, FRANCHISEEINFO_COMMENTS, INSURANCECOMPANYPHONE, MATERIALSKU_ID, PAYROLLFLATFEEMINIMUM, SERVICEFINANCEDEALERNAME, PAYROLLSOLDBYPAYCODE, CONSTRUCTION, INSURANCECOMPANYNAME, ENABLEWORKORDERS, FINANCEITACCOUNTEMAIL, PAYROLLTYPE, PHONENUMBER, POSTDATE, TRADE_ID, WORLDPAYSUBID, PAYROLLJOBHOURSSTANDARDPAYCODE_ID, PAYROLLTASKBONUSPAYCODE, PAYROLLJOBHOURSOTPAYCODE, ACTIVATIONLOCKED, ADDRESS_STATE, COMMISSIONCALCULATION, OFFERCOMMERCIALGENERALLIABILITY, PAYROLLTASKBONUSPAYCODENEW, ADDRESS_STREET, JOBBOOKEDALERTRECIPIENTS, MINIMUMROYALTYFEE, QUICKBOOKSROOTSALESACCOUNT, TURNSCONTRACTORID, FRANCHISEEINFO_PIVOTALNUMBER, MEALAPPOINTMENT_ID, NOCHARGECOMMERCIAL, PAYROLLPERCENTAGEFEEMINIMUM, PAYROLLTURNOVERBONUSPAYCODENEW, ADDRESS_ISMILITARY, CURRENCY, OVERTIMEMODE, ADDRESS_LATITUDE, BANKACCOUNTPROCESSOR_ID, DIVISIONNAME, FINANCEITPARTNERID, MODIFIEDON, PAYMENTPROCESSOR, QUICKBOOKSCLASS, SERVICEFINANCEDEALERID, WORLDPAYACCOUNTID, AUTHORIZATIONAGREEMENT_ORIGINALFILENAME, CREATEDON, DIVISION_ID, ENABLEWORKORDERSEQUIPMENTFORMATTING, ESTIMATEAUTHORIZATIONPARAGRAPH, HIDEPRICES, NAME, NAVISIONOVERTIMEEARNINGCODE, NOCHARGE, PAYMENTOPTIONS, PAYROLLSOLDBYPAYCODENEW, PAYROLLTURNOVERBONUSPAYCODE, PAYROLLIDLETIMESTANDARDPAYCODE_ID, THREEDAYCANCELATIONPARAGRAPH, PAYROLLWEIGHTEDOVERTIMEPAYCODE_ID, AUTHORIZATIONPARAGRAPH, ACKNOWLEDGEMENTAGREEMENT_FILENAME, ADDRESS_CITY, ADDRESS_ISMANUALCOORDINATES, ADDRESS_UNIT, CALIFORNIACOMPLIANTCONTRACTDOCUMENTS, EMAIL, IMPORTID, ADDRESS_LONGITUDE, GOAL, OFFICIALNAME, PAYROLLFLATFEE, PAYROLLIDLETIMEOVERTIMEPAYCODE_ID, PAYROLLJOBHOURSDOUBLEOVERTIMEPAYCODE_ID, QUICKBOOKSOAUTHSETTINGS, PAYROLLCOSTMARKUP, TGLBONUS, PAYROLLIDLETIMESTPAYCODE, ACTIVE, ACKNOWLEDGEMENTAGREEMENT_ORIGINALFILENAME, ADDRESS_COUNTRY, AUTHORIZATIONAGREEMENT_FILENAME, CREDITCARDPROCESSORKEY, CREDITCARDPROCESSOR_ID, FINANCEITAUTHTOKEN, FRANCHISEEINFO_CONTRACT, INVOICEMESSAGE, NAVISIONSTANDARDTIMEEARNINGCODE, PAYROLLEXPENSEDEDUCTIONTRIGGER, PAYROLLIDLETIMEOTPAYCODE, PAYROLLWEIGHTEDOTPAYCODE, DEFAULTTAXRATE, ID, PAYROLLPERCENTAGEFEE, PAYROLLJOBHOURSOVERTIMEPAYCODE_ID, WARRANTYRATE, GREENSKYMERCHANTID, PAYROLLJOBHOURSSTPAYCODE, LOGO, NAVISIONGLCODE, SELLERFEE, ACKNOWLEDGEMENTPARAGRAPH, EXTERNALID, HVACDASHBOARDSECTIONS, INTACCTENTITY_ID, FRANCHISEEINFO_GST, LICENSENUMBER, NOCHARGERESIDENTIAL, INTEGRATEDREFUNDS_ID, MATERIALSKUREFERENCE_SKUID, TURNOVERMINIMUMTHRESHOLD, PAYROLLINVOICEBONUSPAYCODE_ID, WORLDPAYMERCHANTPIN, TENANT_TYPE]
Column names for DataMart Table --> STR_API_BUSINESSUNIT :: [ACKNOWLEDGEMENTAGREEMENT_ORIGINALFILENAME, ADDRESS_ZIP, COMMISSIONCALCULATION, DIVISION_ID, INVOICEMESSAGE, MASTER_ID, NOCHARGE, PAYROLLTURNOVERBONUSPAYCODENEW, TENANT_TYPE, WARRANTYRATE, NOCHARGERESIDENTIAL, OFFERWORKERSCOMPENSATION, PAYROLLWEIGHTEDOTPAYCODE, PAYROLLTURNOVERBONUSPAYCODE, ACTIVATIONLOCKED, ADDRESS_COUNTRY, ENABLEWORKORDERSEQUIPMENTFORMATTING, JOBBOOKEDALERTRECIPIENTS, OVERTIMEMODE, PAYROLLIDLETIMESTANDARDPAYCODE_ID, ADDRESS_UNIT, CREATEDBY_ID, OFFERCOMMERCIALGENERALLIABILITY, OFFICIALNAME, PAYROLLINVOICEBONUSPAYCODE_ID, PAYROLLJOBHOURSOTPAYCODE, PAYROLLEXPENSEDEDUCTIONTRIGGER, FRANCHISEEINFO_GST, PAYROLLFLATFEEMINIMUM, PAYROLLTYPE, SERVICEFINANCEDEALERID, RECORD_CREATE_DATE, ADDRESS_CITY, DEFAULTTAXRATE, EXTERNALID, FINANCEITPARTNERID, FRANCHISEEINFO_COMMENTS, INTACCTENTITY_ID, PAYROLLJOBHOURSDOUBLEOVERTIMEPAYCODE_ID, CONSTRUCTION, FRANCHISEEINFO_TRUCKSOPERATING, MATERIALSKUREFERENCE_SKUID, NAVISIONSTANDARDTIMEEARNINGCODE, PAYMENTPROCESSOR, QUICKBOOKSOAUTHSETTINGS, WORLDPAYACCOUNTID, FINANCEITACCOUNTEMAIL, TGLBONUS, NOCHARGECOMMERCIAL, TURNOVERMINIMUMTHRESHOLD, WORLDPAYMERCHANTPIN, BCCEMAIL, EMAIL, LOGO, NAME, PAYROLLIDLETIMESTPAYCODE, POSTDATE, GOAL, GREENSKYMERCHANTID, INSURANCECOMPANYPHONE, NAVISIONGLCODE, QUICKBOOKSCLASS, PAYROLLIDLETIMEDOUBLEOVERTIMEPAYCODE_ID, SERVICEFINANCEDEALERNAME, PAYROLLIDLETIMEOVERTIMEPAYCODE_ID, PAYROLLJOBHOURSOVERTIMEPAYCODE_ID, ACTIVE_FLAG, ADDRESS_ISMILITARY, ADDRESS_STREET, AUTHORIZATIONAGREEMENT_FILENAME, BANKACCOUNTPROCESSOR_ID, CREDITCARDPROCESSORLOGIN, CURRENCY, DATA, FRANCHISEEINFO_CONTRACT, INSURANCECOMPANYNAME, MATERIALSKU_ID, ENABLEWORKORDERS, FINANCEITAUTHTOKEN, PAYROLLTASKBONUSPAYCODE, PAYROLLTASKBONUSPAYCODENEW, PAYROLLWEIGHTEDOVERTIMEPAYCODE_ID, PHONENUMBER, QUICKBOOKSROOTSALESACCOUNT, THREEDAYCANCELATIONPARAGRAPH, ACTIVE, ADDRESS_ISMANUALCOORDINATES, CALIFORNIACOMPLIANTCONTRACTDOCUMENTS, CORPORATECONTRACTNUMBER, CREDITCARDPROCESSORKEY, MATERIALSKUREFERENCE_SKUTYPE, MEALAPPOINTMENT_ID, IMPORTID, PAYROLLIDLETIMEOTPAYCODE, PAYROLLPERCENTAGEFEEMINIMUM, RECORD_UPDATE_DATE, CREDITCARDPROCESSOR_ID, PAYROLLSOLDBYPAYCODE, PAYROLLPERCENTAGEFEE, FRANCHISEEINFO_PIVOTALNUMBER, PAYROLLCOSTMARKUP, PAYROLLJOBHOURSSTPAYCODE, ACKNOWLEDGEMENTPARAGRAPH, AUTHORIZATIONAGREEMENT_ORIGINALFILENAME, INVOICEHEADER, PAYROLLJOBHOURSSTANDARDPAYCODE_ID, ADDRESS_STATE, HVACDASHBOARDSECTIONS, ID, NAVISIONOVERTIMEEARNINGCODE, PAYMENTOPTIONS, MINIMUMROYALTYFEE, SELLERFEE, ACKNOWLEDGEMENTAGREEMENT_FILENAME, ADDRESS_LONGITUDE, CREATEDON, ESTIMATEAUTHORIZATIONPARAGRAPH, INTEGRATEDREFUNDS_ID, MODIFIEDON, ADDRESS_LATITUDE, AUTHORIZATIONPARAGRAPH, FRANCHISEEINFO_NAME, HIDEPRICES, LICENSENUMBER, PAYROLLSOLDBYPAYCODENEW, TRADE_ID, WORLDPAYSUBID, TURNSCONTRACTORID, PAYROLLFLATFEE, DIVISIONNAME]
Column names for Curated Table --> DIM_BUSINESSUNIT :: [ADDRESS_COUNTRY, ADDRESS_STREET, BANKACCOUNTPROCESSOR_ID, MEALAPPOINTMENT_ID, CREATEDBY_ID, DIVISION_ID, OFFERCOMMERCIALGENERALLIABILITY, PAYMENTPROCESSOR, PAYROLLJOBHOURSSTANDARDPAYCODE_ID, PAYROLLSOLDBYPAYCODE, TGLBONUS, NAME, PAYROLLCOSTMARKUP, PAYROLLJOBHOURSDOUBLEOVERTIMEPAYCODE_ID, LICENSENUMBER, LOGO, OVERTIMEMODE, ACKNOWLEDGEMENTAGREEMENT_ORIGINALFILENAME, AUTHORIZATIONPARAGRAPH, FINANCEITPARTNERID, WARRANTYRATE, FINANCEITACCOUNTEMAIL, PAYROLLTYPE, QUICKBOOKSCLASS, QUICKBOOKSOAUTHSETTINGS, GREENSKYMERCHANTID, CREDITCARDPROCESSORKEY, CREDITCARDPROCESSORLOGIN, CREDITCARDPROCESSOR_ID, DEFAULTTAXRATE, FRANCHISEEINFO_COMMENTS, HVACDASHBOARDSECTIONS, MODIFIEDON, WORLDPAYACCOUNTID, PAYROLLIDLETIMEDOUBLEOVERTIMEPAYCODE_ID, TENANT_TYPE, FRANCHISEEINFO_GST, RECORD_CREATE_DATE, NOCHARGE, PAYMENTOPTIONS, PAYROLLPERCENTAGEFEE, PAYROLLSOLDBYPAYCODENEW, ADDRESS_LONGITUDE, ADDRESS_ZIP, CREATEDON, INTEGRATEDREFUNDS_ID, JOBBOOKEDALERTRECIPIENTS, NAVISIONOVERTIMEEARNINGCODE, PAYROLLINVOICEBONUSPAYCODE_ID, ACTIVE, ADDRESS_STATE, AUTHORIZATIONAGREEMENT_ORIGINALFILENAME, ENABLEWORKORDERS, MATERIALSKU_ID, NAVISIONSTANDARDTIMEEARNINGCODE, PAYROLLJOBHOURSSTPAYCODE, POSTDATE, ADDRESS_ISMILITARY, ADDRESS_LATITUDE, ADDRESS_UNIT, CALIFORNIACOMPLIANTCONTRACTDOCUMENTS, ENABLEWORKORDERSEQUIPMENTFORMATTING, HIDEPRICES, INVOICEHEADER, COMMISSIONCALCULATION, EMAIL, FRANCHISEEINFO_TRUCKSOPERATING, PAYROLLIDLETIMESTANDARDPAYCODE_ID, PAYROLLIDLETIMESTPAYCODE, TRADE_ID, AUTHORIZATIONAGREEMENT_FILENAME, SERVICEFINANCEDEALERID, WORLDPAYMERCHANTPIN, BCCEMAIL, OFFERWORKERSCOMPENSATION, NAVISIONGLCODE, WORLDPAYSUBID, ACKNOWLEDGEMENTAGREEMENT_FILENAME, ACTIVATIONLOCKED, DIVISIONNAME, FINANCEITAUTHTOKEN, FRANCHISEEINFO_PIVOTALNUMBER, INSURANCECOMPANYNAME, PAYROLLWEIGHTEDOVERTIMEPAYCODE_ID, TURNSCONTRACTORID, FRANCHISEEINFO_NAME, MINIMUMROYALTYFEE, PAYROLLEXPENSEDEDUCTIONTRIGGER, PAYROLLPERCENTAGEFEEMINIMUM, RECORD_UPDATED_BY, SERVICEFINANCEDEALERNAME, ESTIMATEAUTHORIZATIONPARAGRAPH, TURNOVERMINIMUMTHRESHOLD, PAYROLLIDLETIMEOVERTIMEPAYCODE_ID, RECORD_UPDATE_DATE, ACKNOWLEDGEMENTPARAGRAPH, ADDRESS_ISMANUALCOORDINATES, INVOICEMESSAGE, MATERIALSKUREFERENCE_SKUID, MATERIALSKUREFERENCE_SKUTYPE, PAYROLLIDLETIMEOTPAYCODE, PAYROLLJOBHOURSOTPAYCODE, PAYROLLJOBHOURSOVERTIMEPAYCODE_ID, CONSTRUCTION, CORPORATECONTRACTNUMBER, DATA, NOCHARGECOMMERCIAL, NOCHARGERESIDENTIAL, PAYROLLTASKBONUSPAYCODE, PAYROLLTASKBONUSPAYCODENEW, QUICKBOOKSROOTSALESACCOUNT, ID, PAYROLLTURNOVERBONUSPAYCODENEW, ADDRESS_CITY, CURRENCY, GOAL, IMPORTID, INSURANCECOMPANYPHONE, PAYROLLTURNOVERBONUSPAYCODE, OFFICIALNAME, PAYROLLFLATFEE, PHONENUMBER, SELLERFEE, THREEDAYCANCELATIONPARAGRAPH, FRANCHISEEINFO_CONTRACT, PAYROLLFLATFEEMINIMUM, PAYROLLWEIGHTEDOTPAYCODE, INTACCTENTITY_ID, EXTERNALID]
Column Name found in Datamart and Curated Table :: ADDRESS_ZIP
Column Name found in Datamart and Curated Table :: CORPORATECONTRACTNUMBER
Column Name found in Datamart and Curated Table :: CREDITCARDPROCESSORLOGIN
Column Name found in Datamart and Curated Table :: DATA
Column Name found in Datamart and Curated Table :: FRANCHISEEINFO_NAME
Column Name found in Datamart and Curated Table :: FRANCHISEEINFO_TRUCKSOPERATING
Column Name found in Datamart and Curated Table :: INVOICEHEADER
Column Name found in Datamart and Curated Table :: MATERIALSKUREFERENCE_SKUTYPE
Column Name found in Datamart and Curated Table :: OFFERWORKERSCOMPENSATION
Column Name found in Datamart and Curated Table :: PAYROLLIDLETIMEDOUBLEOVERTIMEPAYCODE_ID
Column Name found in Datamart and Curated Table :: CREATEDBY_ID
Column Name found in Datamart and Curated Table :: FRANCHISEEINFO_COMMENTS
Column Name found in Datamart and Curated Table :: INSURANCECOMPANYPHONE
Column Name found in Datamart and Curated Table :: MATERIALSKU_ID
Column Name found in Datamart and Curated Table :: PAYROLLFLATFEEMINIMUM
Column Name found in Datamart and Curated Table :: SERVICEFINANCEDEALERNAME
Column Name found in Datamart and Curated Table :: PAYROLLSOLDBYPAYCODE
Column Name found in Datamart and Curated Table :: CONSTRUCTION
Column Name found in Datamart and Curated Table :: INSURANCECOMPANYNAME
Column Name found in Datamart and Curated Table :: ENABLEWORKORDERS
Column Name found in Datamart and Curated Table :: FINANCEITACCOUNTEMAIL
Column Name found in Datamart and Curated Table :: PAYROLLTYPE
Column Name found in Datamart and Curated Table :: PHONENUMBER
Column Name found in Datamart and Curated Table :: POSTDATE
Column Name found in Datamart and Curated Table :: TRADE_ID
Column Name found in Datamart and Curated Table :: WORLDPAYSUBID
Column Name found in Datamart and Curated Table :: PAYROLLJOBHOURSSTANDARDPAYCODE_ID
Column Name found in Datamart and Curated Table :: PAYROLLTASKBONUSPAYCODE
Column Name found in Datamart and Curated Table :: PAYROLLJOBHOURSOTPAYCODE
Column Name found in Datamart and Curated Table :: ACTIVATIONLOCKED
Column Name found in Datamart and Curated Table :: ADDRESS_STATE
Column Name found in Datamart and Curated Table :: COMMISSIONCALCULATION
Column Name found in Datamart and Curated Table :: OFFERCOMMERCIALGENERALLIABILITY
Column Name found in Datamart and Curated Table :: PAYROLLTASKBONUSPAYCODENEW
Column Name found in Datamart and Curated Table :: ADDRESS_STREET
Column Name found in Datamart and Curated Table :: JOBBOOKEDALERTRECIPIENTS
Column Name found in Datamart and Curated Table :: MINIMUMROYALTYFEE
Column Name found in Datamart and Curated Table :: QUICKBOOKSROOTSALESACCOUNT
Column Name found in Datamart and Curated Table :: TURNSCONTRACTORID
Column Name found in Datamart and Curated Table :: FRANCHISEEINFO_PIVOTALNUMBER
Column Name found in Datamart and Curated Table :: MEALAPPOINTMENT_ID
Column Name found in Datamart and Curated Table :: NOCHARGECOMMERCIAL
Column Name found in Datamart and Curated Table :: PAYROLLPERCENTAGEFEEMINIMUM
Column Name found in Datamart and Curated Table :: PAYROLLTURNOVERBONUSPAYCODENEW
Column Name found in Datamart and Curated Table :: ADDRESS_ISMILITARY
Column Name found in Datamart and Curated Table :: CURRENCY
Column Name found in Datamart and Curated Table :: OVERTIMEMODE
Column Name found in Datamart and Curated Table :: ADDRESS_LATITUDE
Column Name found in Datamart and Curated Table :: BANKACCOUNTPROCESSOR_ID
Column Name found in Datamart and Curated Table :: DIVISIONNAME
Column Name found in Datamart and Curated Table :: FINANCEITPARTNERID
Column Name found in Datamart and Curated Table :: MODIFIEDON
Column Name found in Datamart and Curated Table :: PAYMENTPROCESSOR
Column Name found in Datamart and Curated Table :: QUICKBOOKSCLASS
Column Name found in Datamart and Curated Table :: SERVICEFINANCEDEALERID
Column Name found in Datamart and Curated Table :: WORLDPAYACCOUNTID
Column Name found in Datamart and Curated Table :: AUTHORIZATIONAGREEMENT_ORIGINALFILENAME
Column Name found in Datamart and Curated Table :: CREATEDON
Column Name found in Datamart and Curated Table :: DIVISION_ID
Column Name found in Datamart and Curated Table :: ENABLEWORKORDERSEQUIPMENTFORMATTING
Column Name found in Datamart and Curated Table :: ESTIMATEAUTHORIZATIONPARAGRAPH
Column Name found in Datamart and Curated Table :: HIDEPRICES
Column Name found in Datamart and Curated Table :: NAME
Column Name found in Datamart and Curated Table :: NAVISIONOVERTIMEEARNINGCODE
Column Name found in Datamart and Curated Table :: NOCHARGE
Column Name found in Datamart and Curated Table :: PAYMENTOPTIONS
Column Name found in Datamart and Curated Table :: PAYROLLSOLDBYPAYCODENEW
Column Name found in Datamart and Curated Table :: PAYROLLTURNOVERBONUSPAYCODE
Column Name found in Datamart and Curated Table :: PAYROLLIDLETIMESTANDARDPAYCODE_ID
Column Name found in Datamart and Curated Table :: THREEDAYCANCELATIONPARAGRAPH
Column Name found in Datamart and Curated Table :: PAYROLLWEIGHTEDOVERTIMEPAYCODE_ID
Column Name found in Datamart and Curated Table :: AUTHORIZATIONPARAGRAPH
Column Name found in Datamart and Curated Table :: ACKNOWLEDGEMENTAGREEMENT_FILENAME
Column Name found in Datamart and Curated Table :: ADDRESS_CITY
Column Name found in Datamart and Curated Table :: ADDRESS_ISMANUALCOORDINATES
Column Name found in Datamart and Curated Table :: ADDRESS_UNIT
Column Name found in Datamart and Curated Table :: CALIFORNIACOMPLIANTCONTRACTDOCUMENTS
Column Name found in Datamart and Curated Table :: EMAIL
Column Name found in Datamart and Curated Table :: IMPORTID
Column Name found in Datamart and Curated Table :: ADDRESS_LONGITUDE
Column Name found in Datamart and Curated Table :: GOAL
Column Name found in Datamart and Curated Table :: OFFICIALNAME
Column Name found in Datamart and Curated Table :: PAYROLLFLATFEE
Column Name found in Datamart and Curated Table :: PAYROLLIDLETIMEOVERTIMEPAYCODE_ID
Column Name found in Datamart and Curated Table :: PAYROLLJOBHOURSDOUBLEOVERTIMEPAYCODE_ID
Column Name found in Datamart and Curated Table :: QUICKBOOKSOAUTHSETTINGS
Column Name found in Datamart and Curated Table :: PAYROLLCOSTMARKUP
Column Name found in Datamart and Curated Table :: TGLBONUS
Column Name found in Datamart and Curated Table :: PAYROLLIDLETIMESTPAYCODE
Column Name found in Datamart and Curated Table :: ACTIVE
Column Name found in Datamart and Curated Table :: ACKNOWLEDGEMENTAGREEMENT_ORIGINALFILENAME
Column Name found in Datamart and Curated Table :: ADDRESS_COUNTRY
Column Name found in Datamart and Curated Table :: AUTHORIZATIONAGREEMENT_FILENAME
Column Name found in Datamart and Curated Table :: CREDITCARDPROCESSORKEY
Column Name found in Datamart and Curated Table :: CREDITCARDPROCESSOR_ID
Column Name found in Datamart and Curated Table :: FINANCEITAUTHTOKEN
Column Name found in Datamart and Curated Table :: FRANCHISEEINFO_CONTRACT
Column Name found in Datamart and Curated Table :: INVOICEMESSAGE
Column Name found in Datamart and Curated Table :: NAVISIONSTANDARDTIMEEARNINGCODE
Column Name found in Datamart and Curated Table :: PAYROLLEXPENSEDEDUCTIONTRIGGER
Column Name found in Datamart and Curated Table :: PAYROLLIDLETIMEOTPAYCODE
Column Name found in Datamart and Curated Table :: PAYROLLWEIGHTEDOTPAYCODE
Column Name found in Datamart and Curated Table :: DEFAULTTAXRATE
Column Name found in Datamart and Curated Table :: ID
Column Name found in Datamart and Curated Table :: PAYROLLPERCENTAGEFEE
Column Name found in Datamart and Curated Table :: PAYROLLJOBHOURSOVERTIMEPAYCODE_ID
Column Name found in Datamart and Curated Table :: WARRANTYRATE
Column Name found in Datamart and Curated Table :: GREENSKYMERCHANTID
Column Name found in Datamart and Curated Table :: PAYROLLJOBHOURSSTPAYCODE
Column Name found in Datamart and Curated Table :: LOGO
Column Name found in Datamart and Curated Table :: NAVISIONGLCODE
Column Name found in Datamart and Curated Table :: SELLERFEE
Column Name found in Datamart and Curated Table :: ACKNOWLEDGEMENTPARAGRAPH
Column Name found in Datamart and Curated Table :: EXTERNALID
Column Name found in Datamart and Curated Table :: HVACDASHBOARDSECTIONS
Column Name found in Datamart and Curated Table :: INTACCTENTITY_ID
Column Name found in Datamart and Curated Table :: FRANCHISEEINFO_GST
Column Name found in Datamart and Curated Table :: LICENSENUMBER
Column Name found in Datamart and Curated Table :: NOCHARGERESIDENTIAL
Column Name found in Datamart and Curated Table :: INTEGRATEDREFUNDS_ID
Column Name found in Datamart and Curated Table :: MATERIALSKUREFERENCE_SKUID
Column Name found in Datamart and Curated Table :: TURNOVERMINIMUMTHRESHOLD
Column Name found in Datamart and Curated Table :: PAYROLLINVOICEBONUSPAYCODE_ID
Column Name found in Datamart and Curated Table :: WORLDPAYMERCHANTPIN
Column Name found in Datamart and Curated Table :: TENANT_TYPE
Datamart tables contains additional column name like [ACTIVE_FLAG, RECORD_CREATE_DATE, RECORD_UPDATE_DATE, MASTER_ID]
Curated tables contains additional column name like [RECORD_CREATE_DATE, RECORD_UPDATE_DATE, RECORD_UPDATED_BY]]]>
  </system-out>
  <testcase classname="testcases.RAW_DATAMART_CURATED.SnowFlake_ColumnValidation_APITables" name="validateColumnName_BKP" time="2.105"/>
  <system-out>
    <![CDATA[Executing Snowflake query :: SELECT COLUMN_NAME FROM DEV_ENT_RAW.INFORMATION_SCHEMA.COLUMNS WHERE TABLE_NAME='ST_API_TECHNICIANSHIFT'and TABLE_SCHEMA='API_MAT'
Executing Snowflake query :: SELECT COLUMN_NAME FROM CURATED_DATAMART.INFORMATION_SCHEMA.COLUMNS WHERE TABLE_NAME='STR_API_TECHNICIANSHIFT'and TABLE_SCHEMA='ST_API_CASTEEL'
Executing Snowflake query :: SELECT COLUMN_NAME FROM DEV_ENT_CURATED.INFORMATION_SCHEMA.COLUMNS WHERE TABLE_NAME='DIM_TECHNICIANSHIFT'and TABLE_SCHEMA='MASTER_DIMENSIONS'
Column names for RAW Table --> ST_API_TECHNICIANSHIFT :: [END, ENDDATE, STARTTIME, ENDTIME, START, TECHNICIAN_ID, ACTIVE, BATCH, CREATEDBY_ID, TITLE, ID, IMPORTID, SHIFTTYPE, STARTDATE, CREATEDON, NOTE, TIMESHEET_ID, TIMESHEETCODE_ID, TENANT_TYPE]
Column names for DataMart Table --> STR_API_TECHNICIANSHIFT :: [BATCH, END, ACTIVE, ENDDATE, TIMESHEET_ID, CREATEDBY_ID, ENDTIME, SHIFTTYPE, STARTDATE, TITLE, ID, NOTE, STARTTIME, TENANT_TYPE, IMPORTID, ACTIVE_FLAG, MASTER_ID, TECHNICIAN_ID, CREATEDON, TIMESHEETCODE_ID, RECORD_CREATE_DATE, RECORD_UPDATE_DATE, START]
Column names for Curated Table --> DIM_TECHNICIANSHIFT :: [CREATEDON, TENANT_TYPE, TITLE, ACTIVE, NOTE, RECORD_CREATE_DATE, END, ID, RECORD_UPDATED_BY, TIMESHEETCODE_ID, IMPORTID, RECORD_UPDATE_DATE, STARTTIME, TECHNICIAN_ID, TIMESHEET_ID, CREATEDBY_ID, ENDDATE, START, SHIFTTYPE, BATCH, ENDTIME, STARTDATE]
Column Name found in Datamart and Curated Table :: END
Column Name found in Datamart and Curated Table :: ENDDATE
Column Name found in Datamart and Curated Table :: STARTTIME
Column Name found in Datamart and Curated Table :: ENDTIME
Column Name found in Datamart and Curated Table :: START
Column Name found in Datamart and Curated Table :: TECHNICIAN_ID
Column Name found in Datamart and Curated Table :: ACTIVE
Column Name found in Datamart and Curated Table :: BATCH
Column Name found in Datamart and Curated Table :: CREATEDBY_ID
Column Name found in Datamart and Curated Table :: TITLE
Column Name found in Datamart and Curated Table :: ID
Column Name found in Datamart and Curated Table :: IMPORTID
Column Name found in Datamart and Curated Table :: SHIFTTYPE
Column Name found in Datamart and Curated Table :: STARTDATE
Column Name found in Datamart and Curated Table :: CREATEDON
Column Name found in Datamart and Curated Table :: NOTE
Column Name found in Datamart and Curated Table :: TIMESHEET_ID
Column Name found in Datamart and Curated Table :: TIMESHEETCODE_ID
Column Name found in Datamart and Curated Table :: TENANT_TYPE
Datamart tables contains additional column name like [ACTIVE_FLAG, RECORD_CREATE_DATE, RECORD_UPDATE_DATE, MASTER_ID]
Curated tables contains additional column name like [RECORD_CREATE_DATE, RECORD_UPDATE_DATE, RECORD_UPDATED_BY]]]>
  </system-out>
  <testcase classname="testcases.RAW_DATAMART_CURATED.SnowFlake_ColumnValidation_APITables" name="validateColumnName_BKP" time="2.169"/>
  <system-out>
    <![CDATA[Executing Snowflake query :: SELECT COLUMN_NAME FROM DEV_ENT_RAW.INFORMATION_SCHEMA.COLUMNS WHERE TABLE_NAME='ST_API_SERVICE'and TABLE_SCHEMA='API_MAT'
Executing Snowflake query :: SELECT COLUMN_NAME FROM CURATED_DATAMART.INFORMATION_SCHEMA.COLUMNS WHERE TABLE_NAME='STR_API_SERVICE'and TABLE_SCHEMA='ST_API_EANESHEATING'
Executing Snowflake query :: SELECT COLUMN_NAME FROM DEV_ENT_CURATED.INFORMATION_SCHEMA.COLUMNS WHERE TABLE_NAME='DIM_SERVICE'and TABLE_SCHEMA='MASTER_DIMENSIONS'
Column names for RAW Table --> ST_API_SERVICE :: [BASERATE1, CATEGORY_ID, ID, MEMBERSHIP, QBITEMNAME, SYNCDATE, ACCOUNT, ACTIVE, ALLOWDISCOUNTS, BASERATE3, NOTAX, GENERATEDTAGTARGETS, MEMBERSHIPTYPE_ID, ORIGINAL_ID, ADDONPRICE, ISOTTASK, MEMBERSHIPACTION, AVALARACOMMERCIALTAXCODE, BUSINESSUNIT_ID, EXTERNALID, MEMBERSHIPYEARS, PRICE, SOLDBYCOMMISSION, DISPATCHFEE, ADDONFLATAMOUNT, COMMISSIONBONUS, DISPLAYNAME, HOURS, ISDEFERREDREVENUE, WARRANTY_DURATION, PURCHASEORDERLIMITS_FLATAMOUNT, WORKFLOWACTION_ID, BASERATE2, CROSSSALEGROUP, MODIFIEDON, MINIMUMLABORHOURS, NAME, PURCHASEORDERLIMITS_REVENUEPERCENT, IMPORTID, ADDONMEMBERPRICE, ALLOWAPPLYTAGSTOENTITIES, BONUS, GENERALLEDGERACCOUNT_ID, PAYSCOMMISSION, COST, EXCLUDEFROMPRICEBOOKWIZARD, IMAGES, LOYALTYPROGRAMELIGIBLE, SCHEDULEDFLATAMOUNT, SOURCEVERSION, TAXABLE, MEMBERPRICE, ARCHIVED, AUTOGLASSTYPE, AVALARARESIDENTIALTAXCODE, CREATEDON, DESCRIPTION, ISTIMEANDMATERIAL, MEMBERSHIPMONTHS, PAYSFLATAMOUNT, PAYTECHSPECIFICBONUS, PROVIDER_ID, COPIEDFROM_ID, DISPLAYINAMOUNT, SOURCE, SUPPLIERIMAGES, CREATEDBY_ID, ISLABOR, PAYSSOLDBYRATE, WARRANTY_DESCRIPTION, RECURRINGSERVICETYPE_ID, TENANT_TYPE]
Column names for DataMart Table --> STR_API_SERVICE :: [BASERATE1, CATEGORY_ID, CREATEDON, CROSSSALEGROUP, IMPORTID, MEMBERSHIPMONTHS, WORKFLOWACTION_ID, HOURS, MEMBERSHIPTYPE_ID, PAYSFLATAMOUNT, PROVIDER_ID, QBITEMNAME, SUPPLIERIMAGES, RECORD_CREATE_DATE, SOURCEVERSION, ADDONFLATAMOUNT, ADDONMEMBERPRICE, AUTOGLASSTYPE, AVALARACOMMERCIALTAXCODE, AVALARARESIDENTIALTAXCODE, BASERATE3, GENERALLEDGERACCOUNT_ID, TENANT_TYPE, CREATEDBY_ID, PURCHASEORDERLIMITS_REVENUEPERCENT, BONUS, BUSINESSUNIT_ID, DESCRIPTION, EXCLUDEFROMPRICEBOOKWIZARD, ISDEFERREDREVENUE, ISLABOR, NAME, RECORD_UPDATE_DATE, PAYSCOMMISSION, ACTIVE_FLAG, COST, WARRANTY_DESCRIPTION, ALLOWDISCOUNTS, COMMISSIONBONUS, LOYALTYPROGRAMELIGIBLE, SOLDBYCOMMISSION, ACCOUNT, ACTIVE, MEMBERPRICE, PURCHASEORDERLIMITS_FLATAMOUNT, SOURCE, EXTERNALID, PAYTECHSPECIFICBONUS, SYNCDATE, ORIGINAL_ID, COPIEDFROM_ID, DISPLAYNAME, MODIFIEDON, PAYSSOLDBYRATE, RECURRINGSERVICETYPE_ID, ISOTTASK, MASTER_ID, IMAGES, ISTIMEANDMATERIAL, PRICE, WARRANTY_DURATION, ADDONPRICE, GENERATEDTAGTARGETS, MEMBERSHIP, NOTAX, ID, SCHEDULEDFLATAMOUNT, ALLOWAPPLYTAGSTOENTITIES, ARCHIVED, BASERATE2, DISPATCHFEE, DISPLAYINAMOUNT, MINIMUMLABORHOURS, MEMBERSHIPACTION, MEMBERSHIPYEARS, TAXABLE]
Column names for Curated Table --> DIM_SERVICE :: [ACCOUNT, ALLOWDISCOUNTS, BASERATE3, DESCRIPTION, DISPATCHFEE, ISOTTASK, MEMBERSHIP, SOLDBYCOMMISSION, DISPLAYNAME, AUTOGLASSTYPE, AVALARACOMMERCIALTAXCODE, BUSINESSUNIT_ID, COMMISSIONBONUS, NOTAX, EXTERNALID, PRICE, CATEGORY_ID, CREATEDON, CROSSSALEGROUP, MEMBERSHIPYEARS, PAYSFLATAMOUNT, PAYSSOLDBYRATE, WARRANTY_DURATION, MODIFIEDON, RECORD_CREATE_DATE, TAXABLE, MEMBERSHIPACTION, ADDONMEMBERPRICE, BONUS, COPIEDFROM_ID, ISDEFERREDREVENUE, SOURCE, ARCHIVED, BASERATE1, PURCHASEORDERLIMITS_REVENUEPERCENT, RECURRINGSERVICETYPE_ID, SOURCEVERSION, ALLOWAPPLYTAGSTOENTITIES, AVALARARESIDENTIALTAXCODE, DISPLAYINAMOUNT, GENERATEDTAGTARGETS, ISTIMEANDMATERIAL, PROVIDER_ID, ADDONFLATAMOUNT, COST, GENERALLEDGERACCOUNT_ID, MEMBERSHIPTYPE_ID, QBITEMNAME, WARRANTY_DESCRIPTION, EXCLUDEFROMPRICEBOOKWIZARD, ID, IMAGES, RECORD_UPDATED_BY, RECORD_UPDATE_DATE, NAME, ACTIVE, ADDONPRICE, LOYALTYPROGRAMELIGIBLE, PAYTECHSPECIFICBONUS, SUPPLIERIMAGES, HOURS, IMPORTID, MINIMUMLABORHOURS, PAYSCOMMISSION, WORKFLOWACTION_ID, MEMBERPRICE, BASERATE2, CREATEDBY_ID, MEMBERSHIPMONTHS, ORIGINAL_ID, SYNCDATE, ISLABOR, PURCHASEORDERLIMITS_FLATAMOUNT, TENANT_TYPE, SCHEDULEDFLATAMOUNT]
Column Name found in Datamart and Curated Table :: BASERATE1
Column Name found in Datamart and Curated Table :: CATEGORY_ID
Column Name found in Datamart and Curated Table :: ID
Column Name found in Datamart and Curated Table :: MEMBERSHIP
Column Name found in Datamart and Curated Table :: QBITEMNAME
Column Name found in Datamart and Curated Table :: SYNCDATE
Column Name found in Datamart and Curated Table :: ACCOUNT
Column Name found in Datamart and Curated Table :: ACTIVE
Column Name found in Datamart and Curated Table :: ALLOWDISCOUNTS
Column Name found in Datamart and Curated Table :: BASERATE3
Column Name found in Datamart and Curated Table :: NOTAX
Column Name found in Datamart and Curated Table :: GENERATEDTAGTARGETS
Column Name found in Datamart and Curated Table :: MEMBERSHIPTYPE_ID
Column Name found in Datamart and Curated Table :: ORIGINAL_ID
Column Name found in Datamart and Curated Table :: ADDONPRICE
Column Name found in Datamart and Curated Table :: ISOTTASK
Column Name found in Datamart and Curated Table :: MEMBERSHIPACTION
Column Name found in Datamart and Curated Table :: AVALARACOMMERCIALTAXCODE
Column Name found in Datamart and Curated Table :: BUSINESSUNIT_ID
Column Name found in Datamart and Curated Table :: EXTERNALID
Column Name found in Datamart and Curated Table :: MEMBERSHIPYEARS
Column Name found in Datamart and Curated Table :: PRICE
Column Name found in Datamart and Curated Table :: SOLDBYCOMMISSION
Column Name found in Datamart and Curated Table :: DISPATCHFEE
Column Name found in Datamart and Curated Table :: ADDONFLATAMOUNT
Column Name found in Datamart and Curated Table :: COMMISSIONBONUS
Column Name found in Datamart and Curated Table :: DISPLAYNAME
Column Name found in Datamart and Curated Table :: HOURS
Column Name found in Datamart and Curated Table :: ISDEFERREDREVENUE
Column Name found in Datamart and Curated Table :: WARRANTY_DURATION
Column Name found in Datamart and Curated Table :: PURCHASEORDERLIMITS_FLATAMOUNT
Column Name found in Datamart and Curated Table :: WORKFLOWACTION_ID
Column Name found in Datamart and Curated Table :: BASERATE2
Column Name found in Datamart and Curated Table :: CROSSSALEGROUP
Column Name found in Datamart and Curated Table :: MODIFIEDON
Column Name found in Datamart and Curated Table :: MINIMUMLABORHOURS
Column Name found in Datamart and Curated Table :: NAME
Column Name found in Datamart and Curated Table :: PURCHASEORDERLIMITS_REVENUEPERCENT
Column Name found in Datamart and Curated Table :: IMPORTID
Column Name found in Datamart and Curated Table :: ADDONMEMBERPRICE
Column Name found in Datamart and Curated Table :: ALLOWAPPLYTAGSTOENTITIES
Column Name found in Datamart and Curated Table :: BONUS
Column Name found in Datamart and Curated Table :: GENERALLEDGERACCOUNT_ID
Column Name found in Datamart and Curated Table :: PAYSCOMMISSION
Column Name found in Datamart and Curated Table :: COST
Column Name found in Datamart and Curated Table :: EXCLUDEFROMPRICEBOOKWIZARD
Column Name found in Datamart and Curated Table :: IMAGES
Column Name found in Datamart and Curated Table :: LOYALTYPROGRAMELIGIBLE
Column Name found in Datamart and Curated Table :: SCHEDULEDFLATAMOUNT
Column Name found in Datamart and Curated Table :: SOURCEVERSION
Column Name found in Datamart and Curated Table :: TAXABLE
Column Name found in Datamart and Curated Table :: MEMBERPRICE
Column Name found in Datamart and Curated Table :: ARCHIVED
Column Name found in Datamart and Curated Table :: AUTOGLASSTYPE
Column Name found in Datamart and Curated Table :: AVALARARESIDENTIALTAXCODE
Column Name found in Datamart and Curated Table :: CREATEDON
Column Name found in Datamart and Curated Table :: DESCRIPTION
Column Name found in Datamart and Curated Table :: ISTIMEANDMATERIAL
Column Name found in Datamart and Curated Table :: MEMBERSHIPMONTHS
Column Name found in Datamart and Curated Table :: PAYSFLATAMOUNT
Column Name found in Datamart and Curated Table :: PAYTECHSPECIFICBONUS
Column Name found in Datamart and Curated Table :: PROVIDER_ID
Column Name found in Datamart and Curated Table :: COPIEDFROM_ID
Column Name found in Datamart and Curated Table :: DISPLAYINAMOUNT
Column Name found in Datamart and Curated Table :: SOURCE
Column Name found in Datamart and Curated Table :: SUPPLIERIMAGES
Column Name found in Datamart and Curated Table :: CREATEDBY_ID
Column Name found in Datamart and Curated Table :: ISLABOR
Column Name found in Datamart and Curated Table :: PAYSSOLDBYRATE
Column Name found in Datamart and Curated Table :: WARRANTY_DESCRIPTION
Column Name found in Datamart and Curated Table :: RECURRINGSERVICETYPE_ID
Column Name found in Datamart and Curated Table :: TENANT_TYPE
Datamart tables contains additional column name like [ACTIVE_FLAG, RECORD_CREATE_DATE, RECORD_UPDATE_DATE, MASTER_ID]
Curated tables contains additional column name like [RECORD_CREATE_DATE, RECORD_UPDATE_DATE, RECORD_UPDATED_BY]]]>
  </system-out>
  <testcase classname="testcases.RAW_DATAMART_CURATED.SnowFlake_ColumnValidation_APITables" name="validateColumnName_BKP" time="2.057"/>
  <system-out>
    <![CDATA[Executing Snowflake query :: SELECT COLUMN_NAME FROM DEV_ENT_RAW.INFORMATION_SCHEMA.COLUMNS WHERE TABLE_NAME='ST_API_JOBAPPOINTMENT'and TABLE_SCHEMA='API_MAT'
Executing Snowflake query :: SELECT COLUMN_NAME FROM CURATED_DATAMART.INFORMATION_SCHEMA.COLUMNS WHERE TABLE_NAME='STR_API_JOBAPPOINTMENT'and TABLE_SCHEMA='ST_API_GOLDMEDAL'
Executing Snowflake query :: SELECT COLUMN_NAME FROM DEV_ENT_CURATED.INFORMATION_SCHEMA.COLUMNS WHERE TABLE_NAME='DIM_JOBAPPOINTMENT'and TABLE_SCHEMA='MASTER_DIMENSIONS'
Column names for RAW Table --> ST_API_JOBAPPOINTMENT :: [END, SMARTDISPATCHDATA_JOBAPPOINTMENT, STATUS, JOB_ID, PLANEND, CREATEDON, IMPORTID, ISCONFIRMED, MODIFIEDON, START, NUMBER, CREATEDBY_ID, ID, ACTIVE, PLANSTART, ISUNUSED, MONTHNUMBER, TENANT_TYPE]
Column names for DataMart Table --> STR_API_JOBAPPOINTMENT :: [CREATEDON, ISCONFIRMED, SMARTDISPATCHDATA_JOBAPPOINTMENT, END, ID, IMPORTID, RECORD_CREATE_DATE, NUMBER, STATUS, MASTER_ID, CREATEDBY_ID, MONTHNUMBER, RECORD_UPDATE_DATE, TENANT_TYPE, ACTIVE_FLAG, ISUNUSED, JOB_ID, PLANEND, ACTIVE, START, MODIFIEDON, PLANSTART]
Column names for Curated Table --> DIM_JOBAPPOINTMENT :: [END, SMARTDISPATCHDATA_JOBAPPOINTMENT, ACTIVE, CREATEDBY_ID, IMPORTID, ISUNUSED, START, ID, JOB_ID, MONTHNUMBER, PLANEND, RECORD_UPDATE_DATE, CREATEDON, RECORD_CREATE_DATE, TENANT_TYPE, PLANSTART, ISCONFIRMED, NUMBER, SPECIALINSTRUCTIONS, STATUS, MODIFIEDON, RECORD_UPDATED_BY]
Column Name found in Datamart and Curated Table :: END
Column Name found in Datamart and Curated Table :: SMARTDISPATCHDATA_JOBAPPOINTMENT
Column Name found in Datamart and Curated Table :: STATUS
Column Name found in Datamart and Curated Table :: JOB_ID
Column Name found in Datamart and Curated Table :: PLANEND
Column Name found in Datamart and Curated Table :: CREATEDON
Column Name found in Datamart and Curated Table :: IMPORTID
Column Name found in Datamart and Curated Table :: ISCONFIRMED
Column Name found in Datamart and Curated Table :: MODIFIEDON
Column Name found in Datamart and Curated Table :: START
Column Name found in Datamart and Curated Table :: NUMBER
Column Name found in Datamart and Curated Table :: CREATEDBY_ID
Column Name found in Datamart and Curated Table :: ID
Column Name found in Datamart and Curated Table :: ACTIVE
Column Name found in Datamart and Curated Table :: PLANSTART
Column Name found in Datamart and Curated Table :: ISUNUSED
Column Name found in Datamart and Curated Table :: MONTHNUMBER
Column Name found in Datamart and Curated Table :: TENANT_TYPE
Datamart tables contains additional column name like [ACTIVE_FLAG, RECORD_CREATE_DATE, RECORD_UPDATE_DATE, MASTER_ID]
Curated tables contains additional column name like [RECORD_CREATE_DATE, RECORD_UPDATE_DATE, RECORD_UPDATED_BY]]]>
  </system-out>
  <testcase classname="testcases.RAW_DATAMART_CURATED.SnowFlake_ColumnValidation_APITables" name="validateColumnName_BKP" time="2.659"/>
  <system-out>
    <![CDATA[Executing Snowflake query :: SELECT COLUMN_NAME FROM DEV_ENT_RAW.INFORMATION_SCHEMA.COLUMNS WHERE TABLE_NAME='ST_API_INVOICEITEM'and TABLE_SCHEMA='API_MAT'
Executing Snowflake query :: SELECT COLUMN_NAME FROM CURATED_DATAMART.INFORMATION_SCHEMA.COLUMNS WHERE TABLE_NAME='STR_API_INVOICEITEM'and TABLE_SCHEMA='ST_API_HUTCHINSON'
Executing Snowflake query :: SELECT COLUMN_NAME FROM DEV_ENT_CURATED.INFORMATION_SCHEMA.COLUMNS WHERE TABLE_NAME='DIM_INVOICEITEM'and TABLE_SCHEMA='MASTER_DIMENSIONS'
Column names for RAW Table --> ST_API_INVOICEITEM :: [ALLOWDISCOUNTS, AUTOGLASSITEM_ID, HOURS, STANDARDPRICE, MODIFIEDON, PROJECTLABELS, SOLDBYCOMMISSION, ISINVENTORY, MARKUP, PAYSSOLDBYRATE, PROCUREDFROMESTIMATEITEM_ID, PROJECTORDER, SKU_ID, TECHNICIANSPLIT3, UNITPRICE, IMPORTID, LASTUNITPRICESETBYEMPLOYEE, SKUNAME, MEMBERSHIPWORKFLOWACTION, BASERATE1, BASERATE2, DATECREATED, EQUIPMENT_ID, ID, INVENTORYSTATUS, ITEMGROUPNAME, TECHNICIANFORBASERATE1_ID, QUANTITY, SOLDBY_ID, PARENTITEM_ID, SOLDHOURS, NOTAX, COST, CREATEDBY_ID, EXPORTID, ISADDON, ISOTTASK, CREATEDON, ISUNITPRICEMANUALLYSET, PAYSFLATAMOUNT, TECHNICIAN_ID, BASERATE3, CHARGEABLE, COMMISSIONBONUS, DESCRIPTION, TECHNICIANACKNOWLEDGEMENTSIGNATURE, INVENTORYLOCATION_ID, ORDER, SCHEDULEDFLATAMOUNT, SOURCETYPE, TECHNICIANSPLIT1, INVENTORYWAREHOUSENAME, ACCOUNT, ADDONFLATAMOUNT, PRICEMODIFIER_ID, SKUREFERENCE_SKUTYPE, TECHNICIANFORBASERATE3_ID, PAYTECHSPECIFICBONUS, TECHNICIANFORBASERATE2_ID, TECHNICIANSPLIT2, USEDMATERIAL_ID, ACTIVE, BONUS, COSTOFSALEACCOUNT_ID, GENERALLEDGERACCOUNT_ID, INVENTORYBATCH_ID, INVOICE_ID, PAYSCOMMISSION, SKUREFERENCE_SKUID, TAXABLE, TOTAL, BUSINESSUNIT_ID, DEDUCTASJOBCOST, DISPLAYINAMOUNT, ESTIMATEITEM_ID, ITEMGROUPROOT_ID, MEMBERPRICE, PROCUREDFROM_ID, SIGNATURE, TOTALCOST, CROSSSALEGROUP, WORKFLOWACTION_ID, TENANT_TYPE]
Column names for DataMart Table --> STR_API_INVOICEITEM :: [ACCOUNT, CHARGEABLE, DEDUCTASJOBCOST, INVENTORYWAREHOUSENAME, INVOICE_ID, MEMBERPRICE, WORKFLOWACTION_ID, PAYSSOLDBYRATE, RECORD_UPDATE_DATE, SOURCETYPE, DATECREATED, PAYSFLATAMOUNT, PROCUREMENTSOURCE_REQUISITIONITEMID, PROCUREMENTSOURCE_SOURCETYPE, STANDARDPRICE, TAXABLE, ISUNITPRICEMANUALLYSET, QUANTITY, SKUREFERENCE_SKUTYPE, TECHNICIANSPLIT3, SOLDHOURS, TECHNICIANFORBASERATE3_ID, TOTALCOST, TOTAL, DESCRIPTION, GENERALLEDGERACCOUNT_ID, SKUNAME, EXPORTID, PROCUREMENTSOURCE_ESTIMATEITEMID, UNITPRICE, BASERATE1, COST, ITEMGROUPROOT_ID, PROJECTLABELS, SCHEDULEDFLATAMOUNT, TENANT_TYPE, ISOTTASK, PROCUREMENTSOURCE_PURCHASEORDERITEMID, SKUREFERENCE_SKUID, SOLDBY_ID, USEDMATERIAL_ID, LASTUNITPRICESETBYEMPLOYEE, PROCUREDFROM_ID, PROJECTORDER, PARENTITEM_ID, SKU_ID, ADDONFLATAMOUNT, AUTOGLASSITEM_ID, COSTOFSALEACCOUNT_ID, CREATEDBY_ID, ESTIMATEITEM_ID, INVENTORYSTATUS, TECHNICIAN_ID, INVENTORYLOCATION_ID, ISADDON, NOTAX, INVENTORYBATCH_ID, TECHNICIANFORBASERATE2_ID, ACTIVE, ALLOWDISCOUNTS, BASERATE2, MARKUP, ORDER, PAYSCOMMISSION, PAYTECHSPECIFICBONUS, SOLDBYCOMMISSION, TECHNICIANSPLIT2, BUSINESSUNIT_ID, CREATEDON, CROSSSALEGROUP, HOURS, MEMBERSHIPWORKFLOWACTION, MASTER_ID, PROCUREDFROMESTIMATEITEM_ID, TECHNICIANFORBASERATE1_ID, TECHNICIANSPLIT1, TECHNICIANACKNOWLEDGEMENTSIGNATURE, ACTIVE_FLAG, BONUS, COMMISSIONBONUS, ID, IMPORTID, ISINVENTORY, SIGNATURE, BASERATE3, DISPLAYINAMOUNT, EQUIPMENT_ID, ITEMGROUPNAME, PRICEMODIFIER_ID, MODIFIEDON, RECORD_CREATE_DATE]
Column names for Curated Table --> DIM_INVOICEITEM :: [BASERATE2, COST, CROSSSALEGROUP, ISOTTASK, MEMBERPRICE, ORDER, QUANTITY, TOTALCOST, ISUNITPRICEMANUALLYSET, PARENTITEM_ID, PAYSSOLDBYRATE, PAYSCOMMISSION, GENERALLEDGERACCOUNT_ID, BASERATE1, INVENTORYBATCH_ID, INVOICE_ID, SKUREFERENCE_SKUID, BASERATE3, EXPORTID, ISINVENTORY, SKU_ID, INVENTORYSTATUS, SOLDHOURS, TECHNICIAN_ID, TECHNICIANFORBASERATE2_ID, ACCOUNT, ALLOWDISCOUNTS, COMMISSIONBONUS, CREATEDON, IMPORTID, ISADDON, PROCUREMENTSOURCE_SOURCETYPE, NOTAX, PROJECTLABELS, SOLDBY_ID, TECHNICIANFORBASERATE1_ID, TECHNICIANSPLIT1, PAYSFLATAMOUNT, UNITPRICE, BONUS, COSTOFSALEACCOUNT_ID, CREATEDBY_ID, DISPLAYINAMOUNT, PAYTECHSPECIFICBONUS, PRICEMODIFIER_ID, TECHNICIANACKNOWLEDGEMENTSIGNATURE, TECHNICIANSPLIT3, PROCUREMENTSOURCE_PURCHASEORDERITEMID, PROCUREMENTSOURCE_REQUISITIONITEMID, PROJECTORDER, DATECREATED, TECHNICIANFORBASERATE3_ID, ACTIVE, ADDONFLATAMOUNT, BUSINESSUNIT_ID, CHARGEABLE, EQUIPMENT_ID, INVENTORYLOCATION_ID, INVENTORYWAREHOUSENAME, ITEMGROUPNAME, ITEMGROUPROOT_ID, RECORD_UPDATE_DATE, MODIFIEDON, PROCUREDFROM_ID, SCHEDULEDFLATAMOUNT, PROCUREMENTSOURCE_ESTIMATEITEMID, TAXABLE, PROCUREDFROMESTIMATEITEM_ID, AUTOGLASSITEM_ID, HOURS, LASTUNITPRICESETBYEMPLOYEE, MARKUP, USEDMATERIAL_ID, MEMBERSHIPWORKFLOWACTION, SKUREFERENCE_SKUTYPE, SOLDBYCOMMISSION, SOURCETYPE, RECORD_UPDATED_BY, WORKFLOWACTION_ID, DEDUCTASJOBCOST, DESCRIPTION, ESTIMATEITEM_ID, STANDARDPRICE, TECHNICIANSPLIT2, TOTAL, ID, RECORD_CREATE_DATE, SIGNATURE, SKUNAME, TENANT_TYPE]
Column Name found in Datamart and Curated Table :: ALLOWDISCOUNTS
Column Name found in Datamart and Curated Table :: AUTOGLASSITEM_ID
Column Name found in Datamart and Curated Table :: HOURS
Column Name found in Datamart and Curated Table :: STANDARDPRICE
Column Name found in Datamart and Curated Table :: MODIFIEDON
Column Name found in Datamart and Curated Table :: PROJECTLABELS
Column Name found in Datamart and Curated Table :: SOLDBYCOMMISSION
Column Name found in Datamart and Curated Table :: ISINVENTORY
Column Name found in Datamart and Curated Table :: MARKUP
Column Name found in Datamart and Curated Table :: PAYSSOLDBYRATE
Column Name found in Datamart and Curated Table :: PROCUREDFROMESTIMATEITEM_ID
Column Name found in Datamart and Curated Table :: PROJECTORDER
Column Name found in Datamart and Curated Table :: SKU_ID
Column Name found in Datamart and Curated Table :: TECHNICIANSPLIT3
Column Name found in Datamart and Curated Table :: UNITPRICE
Column Name found in Datamart and Curated Table :: IMPORTID
Column Name found in Datamart and Curated Table :: LASTUNITPRICESETBYEMPLOYEE
Column Name found in Datamart and Curated Table :: SKUNAME
Column Name found in Datamart and Curated Table :: MEMBERSHIPWORKFLOWACTION
Column Name found in Datamart and Curated Table :: BASERATE1
Column Name found in Datamart and Curated Table :: BASERATE2
Column Name found in Datamart and Curated Table :: DATECREATED
Column Name found in Datamart and Curated Table :: EQUIPMENT_ID
Column Name found in Datamart and Curated Table :: ID
Column Name found in Datamart and Curated Table :: INVENTORYSTATUS
Column Name found in Datamart and Curated Table :: ITEMGROUPNAME
Column Name found in Datamart and Curated Table :: TECHNICIANFORBASERATE1_ID
Column Name found in Datamart and Curated Table :: QUANTITY
Column Name found in Datamart and Curated Table :: SOLDBY_ID
Column Name found in Datamart and Curated Table :: PARENTITEM_ID
Column Name found in Datamart and Curated Table :: SOLDHOURS
Column Name found in Datamart and Curated Table :: NOTAX
Column Name found in Datamart and Curated Table :: COST
Column Name found in Datamart and Curated Table :: CREATEDBY_ID
Column Name found in Datamart and Curated Table :: EXPORTID
Column Name found in Datamart and Curated Table :: ISADDON
Column Name found in Datamart and Curated Table :: ISOTTASK
Column Name found in Datamart and Curated Table :: CREATEDON
Column Name found in Datamart and Curated Table :: ISUNITPRICEMANUALLYSET
Column Name found in Datamart and Curated Table :: PAYSFLATAMOUNT
Column Name found in Datamart and Curated Table :: TECHNICIAN_ID
Column Name found in Datamart and Curated Table :: BASERATE3
Column Name found in Datamart and Curated Table :: CHARGEABLE
Column Name found in Datamart and Curated Table :: COMMISSIONBONUS
Column Name found in Datamart and Curated Table :: DESCRIPTION
Column Name found in Datamart and Curated Table :: TECHNICIANACKNOWLEDGEMENTSIGNATURE
Column Name found in Datamart and Curated Table :: INVENTORYLOCATION_ID
Column Name found in Datamart and Curated Table :: ORDER
Column Name found in Datamart and Curated Table :: SCHEDULEDFLATAMOUNT
Column Name found in Datamart and Curated Table :: SOURCETYPE
Column Name found in Datamart and Curated Table :: TECHNICIANSPLIT1
Column Name found in Datamart and Curated Table :: INVENTORYWAREHOUSENAME
Column Name found in Datamart and Curated Table :: ACCOUNT
Column Name found in Datamart and Curated Table :: ADDONFLATAMOUNT
Column Name found in Datamart and Curated Table :: PRICEMODIFIER_ID
Column Name found in Datamart and Curated Table :: SKUREFERENCE_SKUTYPE
Column Name found in Datamart and Curated Table :: TECHNICIANFORBASERATE3_ID
Column Name found in Datamart and Curated Table :: PAYTECHSPECIFICBONUS
Column Name found in Datamart and Curated Table :: TECHNICIANFORBASERATE2_ID
Column Name found in Datamart and Curated Table :: TECHNICIANSPLIT2
Column Name found in Datamart and Curated Table :: USEDMATERIAL_ID
Column Name found in Datamart and Curated Table :: ACTIVE
Column Name found in Datamart and Curated Table :: BONUS
Column Name found in Datamart and Curated Table :: COSTOFSALEACCOUNT_ID
Column Name found in Datamart and Curated Table :: GENERALLEDGERACCOUNT_ID
Column Name found in Datamart and Curated Table :: INVENTORYBATCH_ID
Column Name found in Datamart and Curated Table :: INVOICE_ID
Column Name found in Datamart and Curated Table :: PAYSCOMMISSION
Column Name found in Datamart and Curated Table :: SKUREFERENCE_SKUID
Column Name found in Datamart and Curated Table :: TAXABLE
Column Name found in Datamart and Curated Table :: TOTAL
Column Name found in Datamart and Curated Table :: BUSINESSUNIT_ID
Column Name found in Datamart and Curated Table :: DEDUCTASJOBCOST
Column Name found in Datamart and Curated Table :: DISPLAYINAMOUNT
Column Name found in Datamart and Curated Table :: ESTIMATEITEM_ID
Column Name found in Datamart and Curated Table :: ITEMGROUPROOT_ID
Column Name found in Datamart and Curated Table :: MEMBERPRICE
Column Name found in Datamart and Curated Table :: PROCUREDFROM_ID
Column Name found in Datamart and Curated Table :: SIGNATURE
Column Name found in Datamart and Curated Table :: TOTALCOST
Column Name found in Datamart and Curated Table :: CROSSSALEGROUP
Column Name found in Datamart and Curated Table :: WORKFLOWACTION_ID
Column Name found in Datamart and Curated Table :: TENANT_TYPE
Datamart tables contains additional column name like [ACTIVE_FLAG, RECORD_CREATE_DATE, RECORD_UPDATE_DATE, MASTER_ID]
Curated tables contains additional column name like [RECORD_CREATE_DATE, RECORD_UPDATE_DATE, RECORD_UPDATED_BY]]]>
  </system-out>
  <testcase classname="testcases.RAW_DATAMART_CURATED.SnowFlake_ColumnValidation_APITables" name="validateColumnName_BKP" time="2.354"/>
  <system-out>
    <![CDATA[Executing Snowflake query :: SELECT COLUMN_NAME FROM DEV_ENT_RAW.INFORMATION_SCHEMA.COLUMNS WHERE TABLE_NAME='ST_API_CUSTOMERMEMBERSHIP'and TABLE_SCHEMA='API_MAT'
Executing Snowflake query :: SELECT COLUMN_NAME FROM CURATED_DATAMART.INFORMATION_SCHEMA.COLUMNS WHERE TABLE_NAME='STR_API_CUSTOMERMEMBERSHIP'and TABLE_SCHEMA='ST_API_BILLFENWICK'
Executing Snowflake query :: SELECT COLUMN_NAME FROM DEV_ENT_CURATED.INFORMATION_SCHEMA.COLUMNS WHERE TABLE_NAME='DIM_CUSTOMERMEMBERSHIP'and TABLE_SCHEMA='MASTER_DIMENSIONS'
Column names for RAW Table --> ST_API_CUSTOMERMEMBERSHIP :: [CREATEDBY_ID, NEXTSCHEDULEDBILLDATE, DURATION, PAYMENTTYPE_ID, CANCELLATIONDATE, CUSTOMERPO, RENEWALDURATION, FOLLOWUPSTATUS, ID, LOCATION_ID, RENEWALMEMBERSHIPTASKREFERENCE_SKUID, PREVIOUSRECURRINGLOCATION_ID, RECURRINGLOCATION_ID, TYPE_ID, MODIFIEDON, ACTIVATEDFROM_ID, BILLINGFREQUENCY, CREATEDON, INVOICETEMPLATE_ID, MEMO, RENEWALMEMBERSHIPTASKREFERENCE_SKUTYPE, BILLINGTEMPLATE_ID, INITIALDEFERREDREVENUE, IMPORTID, ACTIVATEDBY_ID, BILLINGPREFERENCE, BUSINESSUNIT_ID, CUSTOMER_ID, FOLLOWUPCUSTOMSTATUS_ID, STATUS, EXPIREDAT, ACTIVE, BILLINGCOVERAGEPERIOD, FROM, RENEWALBILLINGFREQUENCY, RENEWEDBY_ID, CANCELATIONBALANCEINVOICE_ID, FOLLOWUPON, BILLINGEMAIL_ID, CANCELATIONBUYOUTINVOICE_ID, FIRSTSCHEDULEDBILLDATE, CANCELATIONINVOICE_ID, RENEWALMEMBERSHIPTASK_ID, SOLDBY_ID, TO, PAYMENTMETHOD_ID, TENANT_TYPE]
Column names for DataMart Table --> STR_API_CUSTOMERMEMBERSHIP :: [ACTIVE, ACTIVE_FLAG, BILLINGTEMPLATE_ID, CANCELATIONINVOICE_ID, DURATION, FOLLOWUPON, INITIALDEFERREDREVENUE, PREVIOUSRECURRINGLOCATION_ID, RECORD_UPDATE_DATE, RENEWALMEMBERSHIPTASKREFERENCE_SKUID, BILLINGFREQUENCY, CANCELATIONBALANCEINVOICE_ID, CREATEDON, ID, MEMO, INVOICETEMPLATE_ID, TO, TYPE_ID, PAYMENTMETHOD_ID, SOLDBY_ID, CUSTOMER_ID, BILLINGCOVERAGEPERIOD, RECORD_CREATE_DATE, RENEWEDBY_ID, CUSTOMERPO, MODIFIEDON, EXPIREDAT, PAYMENTTYPE_ID, ACTIVATEDBY_ID, FOLLOWUPSTATUS, RECURRINGLOCATION_ID, RENEWALMEMBERSHIPTASKREFERENCE_SKUTYPE, CREATEDBY_ID, STATUS, TENANT_TYPE, BUSINESSUNIT_ID, ACTIVATEDFROM_ID, FROM, LOCATION_ID, MASTER_ID, RENEWALDURATION, IMPORTID, CANCELLATIONDATE, BILLINGEMAIL_ID, NEXTSCHEDULEDBILLDATE, BILLINGPREFERENCE, FIRSTSCHEDULEDBILLDATE, FOLLOWUPCUSTOMSTATUS_ID, CANCELATIONBUYOUTINVOICE_ID, RENEWALBILLINGFREQUENCY, RENEWALMEMBERSHIPTASK_ID]
Column names for Curated Table --> DIM_CUSTOMERMEMBERSHIP :: [BILLINGFREQUENCY, CREATEDBY_ID, MODIFIEDON, PAYMENTTYPE_ID, RECURRINGLOCATION_ID, ACTIVE, BILLINGEMAIL_ID, FIRSTSCHEDULEDBILLDATE, RENEWALMEMBERSHIPTASKREFERENCE_SKUTYPE, TENANT_TYPE, ACTIVATEDBY_ID, BUSINESSUNIT_ID, CREATEDON, ID, INITIALDEFERREDREVENUE, CUSTOMERPO, FOLLOWUPSTATUS, RENEWALDURATION, RECORD_UPDATED_BY, BILLINGTEMPLATE_ID, FOLLOWUPCUSTOMSTATUS_ID, PAYMENTMETHOD_ID, RECORD_UPDATE_DATE, SOLDBY_ID, TYPE_ID, RENEWALMEMBERSHIPTASK_ID, BILLINGPREFERENCE, EXPIREDAT, NEXTSCHEDULEDBILLDATE, ACTIVATEDFROM_ID, CANCELATIONBALANCEINVOICE_ID, FROM, RECORD_CREATE_DATE, RENEWALMEMBERSHIPTASKREFERENCE_SKUID, TO, FOLLOWUPON, BILLINGCOVERAGEPERIOD, CUSTOMER_ID, DURATION, IMPORTID, RENEWALBILLINGFREQUENCY, STATUS, MEMO, CANCELATIONINVOICE_ID, CANCELLATIONDATE, PREVIOUSRECURRINGLOCATION_ID, CANCELATIONBUYOUTINVOICE_ID, INVOICETEMPLATE_ID, LOCATION_ID, RENEWEDBY_ID]
Column Name found in Datamart and Curated Table :: CREATEDBY_ID
Column Name found in Datamart and Curated Table :: NEXTSCHEDULEDBILLDATE
Column Name found in Datamart and Curated Table :: DURATION
Column Name found in Datamart and Curated Table :: PAYMENTTYPE_ID
Column Name found in Datamart and Curated Table :: CANCELLATIONDATE
Column Name found in Datamart and Curated Table :: CUSTOMERPO
Column Name found in Datamart and Curated Table :: RENEWALDURATION
Column Name found in Datamart and Curated Table :: FOLLOWUPSTATUS
Column Name found in Datamart and Curated Table :: ID
Column Name found in Datamart and Curated Table :: LOCATION_ID
Column Name found in Datamart and Curated Table :: RENEWALMEMBERSHIPTASKREFERENCE_SKUID
Column Name found in Datamart and Curated Table :: PREVIOUSRECURRINGLOCATION_ID
Column Name found in Datamart and Curated Table :: RECURRINGLOCATION_ID
Column Name found in Datamart and Curated Table :: TYPE_ID
Column Name found in Datamart and Curated Table :: MODIFIEDON
Column Name found in Datamart and Curated Table :: ACTIVATEDFROM_ID
Column Name found in Datamart and Curated Table :: BILLINGFREQUENCY
Column Name found in Datamart and Curated Table :: CREATEDON
Column Name found in Datamart and Curated Table :: INVOICETEMPLATE_ID
Column Name found in Datamart and Curated Table :: MEMO
Column Name found in Datamart and Curated Table :: RENEWALMEMBERSHIPTASKREFERENCE_SKUTYPE
Column Name found in Datamart and Curated Table :: BILLINGTEMPLATE_ID
Column Name found in Datamart and Curated Table :: INITIALDEFERREDREVENUE
Column Name found in Datamart and Curated Table :: IMPORTID
Column Name found in Datamart and Curated Table :: ACTIVATEDBY_ID
Column Name found in Datamart and Curated Table :: BILLINGPREFERENCE
Column Name found in Datamart and Curated Table :: BUSINESSUNIT_ID
Column Name found in Datamart and Curated Table :: CUSTOMER_ID
Column Name found in Datamart and Curated Table :: FOLLOWUPCUSTOMSTATUS_ID
Column Name found in Datamart and Curated Table :: STATUS
Column Name found in Datamart and Curated Table :: EXPIREDAT
Column Name found in Datamart and Curated Table :: ACTIVE
Column Name found in Datamart and Curated Table :: BILLINGCOVERAGEPERIOD
Column Name found in Datamart and Curated Table :: FROM
Column Name found in Datamart and Curated Table :: RENEWALBILLINGFREQUENCY
Column Name found in Datamart and Curated Table :: RENEWEDBY_ID
Column Name found in Datamart and Curated Table :: CANCELATIONBALANCEINVOICE_ID
Column Name found in Datamart and Curated Table :: FOLLOWUPON
Column Name found in Datamart and Curated Table :: BILLINGEMAIL_ID
Column Name found in Datamart and Curated Table :: CANCELATIONBUYOUTINVOICE_ID
Column Name found in Datamart and Curated Table :: FIRSTSCHEDULEDBILLDATE
Column Name found in Datamart and Curated Table :: CANCELATIONINVOICE_ID
Column Name found in Datamart and Curated Table :: RENEWALMEMBERSHIPTASK_ID
Column Name found in Datamart and Curated Table :: SOLDBY_ID
Column Name found in Datamart and Curated Table :: TO
Column Name found in Datamart and Curated Table :: PAYMENTMETHOD_ID
Column Name found in Datamart and Curated Table :: TENANT_TYPE
Datamart tables contains additional column name like [ACTIVE_FLAG, RECORD_CREATE_DATE, RECORD_UPDATE_DATE, MASTER_ID]
Curated tables contains additional column name like [RECORD_CREATE_DATE, RECORD_UPDATE_DATE, RECORD_UPDATED_BY]]]>
  </system-out>
  <testcase classname="testcases.RAW_DATAMART_CURATED.SnowFlake_ColumnValidation_APITables" name="validateColumnName_BKP" time="3.269"/>
  <system-out>
    <![CDATA[Executing Snowflake query :: SELECT COLUMN_NAME FROM DEV_ENT_RAW.INFORMATION_SCHEMA.COLUMNS WHERE TABLE_NAME='ST_API_BUSINESSUNIT'and TABLE_SCHEMA='API_MAT'
Executing Snowflake query :: SELECT COLUMN_NAME FROM CURATED_DATAMART.INFORMATION_SCHEMA.COLUMNS WHERE TABLE_NAME='STR_API_BUSINESSUNIT'and TABLE_SCHEMA='ST_API_HARP'
Executing Snowflake query :: SELECT COLUMN_NAME FROM DEV_ENT_CURATED.INFORMATION_SCHEMA.COLUMNS WHERE TABLE_NAME='DIM_BUSINESSUNIT'and TABLE_SCHEMA='MASTER_DIMENSIONS'
Column names for RAW Table --> ST_API_BUSINESSUNIT :: [ADDRESS_ZIP, CORPORATECONTRACTNUMBER, CREDITCARDPROCESSORLOGIN, DATA, FRANCHISEEINFO_NAME, FRANCHISEEINFO_TRUCKSOPERATING, INVOICEHEADER, MATERIALSKUREFERENCE_SKUTYPE, OFFERWORKERSCOMPENSATION, PAYROLLIDLETIMEDOUBLEOVERTIMEPAYCODE_ID, CREATEDBY_ID, FRANCHISEEINFO_COMMENTS, INSURANCECOMPANYPHONE, MATERIALSKU_ID, PAYROLLFLATFEEMINIMUM, SERVICEFINANCEDEALERNAME, PAYROLLSOLDBYPAYCODE, CONSTRUCTION, INSURANCECOMPANYNAME, ENABLEWORKORDERS, FINANCEITACCOUNTEMAIL, PAYROLLTYPE, PHONENUMBER, POSTDATE, TRADE_ID, WORLDPAYSUBID, PAYROLLJOBHOURSSTANDARDPAYCODE_ID, PAYROLLTASKBONUSPAYCODE, PAYROLLJOBHOURSOTPAYCODE, ACTIVATIONLOCKED, ADDRESS_STATE, COMMISSIONCALCULATION, OFFERCOMMERCIALGENERALLIABILITY, PAYROLLTASKBONUSPAYCODENEW, ADDRESS_STREET, JOBBOOKEDALERTRECIPIENTS, MINIMUMROYALTYFEE, QUICKBOOKSROOTSALESACCOUNT, TURNSCONTRACTORID, FRANCHISEEINFO_PIVOTALNUMBER, MEALAPPOINTMENT_ID, NOCHARGECOMMERCIAL, PAYROLLPERCENTAGEFEEMINIMUM, PAYROLLTURNOVERBONUSPAYCODENEW, ADDRESS_ISMILITARY, CURRENCY, OVERTIMEMODE, ADDRESS_LATITUDE, BANKACCOUNTPROCESSOR_ID, DIVISIONNAME, FINANCEITPARTNERID, MODIFIEDON, PAYMENTPROCESSOR, QUICKBOOKSCLASS, SERVICEFINANCEDEALERID, WORLDPAYACCOUNTID, AUTHORIZATIONAGREEMENT_ORIGINALFILENAME, CREATEDON, DIVISION_ID, ENABLEWORKORDERSEQUIPMENTFORMATTING, ESTIMATEAUTHORIZATIONPARAGRAPH, HIDEPRICES, NAME, NAVISIONOVERTIMEEARNINGCODE, NOCHARGE, PAYMENTOPTIONS, PAYROLLSOLDBYPAYCODENEW, PAYROLLTURNOVERBONUSPAYCODE, PAYROLLIDLETIMESTANDARDPAYCODE_ID, THREEDAYCANCELATIONPARAGRAPH, PAYROLLWEIGHTEDOVERTIMEPAYCODE_ID, AUTHORIZATIONPARAGRAPH, ACKNOWLEDGEMENTAGREEMENT_FILENAME, ADDRESS_CITY, ADDRESS_ISMANUALCOORDINATES, ADDRESS_UNIT, CALIFORNIACOMPLIANTCONTRACTDOCUMENTS, EMAIL, IMPORTID, ADDRESS_LONGITUDE, GOAL, OFFICIALNAME, PAYROLLFLATFEE, PAYROLLIDLETIMEOVERTIMEPAYCODE_ID, PAYROLLJOBHOURSDOUBLEOVERTIMEPAYCODE_ID, QUICKBOOKSOAUTHSETTINGS, PAYROLLCOSTMARKUP, TGLBONUS, PAYROLLIDLETIMESTPAYCODE, ACTIVE, ACKNOWLEDGEMENTAGREEMENT_ORIGINALFILENAME, ADDRESS_COUNTRY, AUTHORIZATIONAGREEMENT_FILENAME, CREDITCARDPROCESSORKEY, CREDITCARDPROCESSOR_ID, FINANCEITAUTHTOKEN, FRANCHISEEINFO_CONTRACT, INVOICEMESSAGE, NAVISIONSTANDARDTIMEEARNINGCODE, PAYROLLEXPENSEDEDUCTIONTRIGGER, PAYROLLIDLETIMEOTPAYCODE, PAYROLLWEIGHTEDOTPAYCODE, DEFAULTTAXRATE, ID, PAYROLLPERCENTAGEFEE, PAYROLLJOBHOURSOVERTIMEPAYCODE_ID, WARRANTYRATE, GREENSKYMERCHANTID, PAYROLLJOBHOURSSTPAYCODE, LOGO, NAVISIONGLCODE, SELLERFEE, ACKNOWLEDGEMENTPARAGRAPH, EXTERNALID, HVACDASHBOARDSECTIONS, INTACCTENTITY_ID, FRANCHISEEINFO_GST, LICENSENUMBER, NOCHARGERESIDENTIAL, INTEGRATEDREFUNDS_ID, MATERIALSKUREFERENCE_SKUID, TURNOVERMINIMUMTHRESHOLD, PAYROLLINVOICEBONUSPAYCODE_ID, WORLDPAYMERCHANTPIN, TENANT_TYPE]
Column names for DataMart Table --> STR_API_BUSINESSUNIT :: [ADDRESS_CITY, ADDRESS_ISMILITARY, ADDRESS_LATITUDE, CORPORATECONTRACTNUMBER, CREATEDBY_ID, CREDITCARDPROCESSORLOGIN, DATA, FRANCHISEEINFO_TRUCKSOPERATING, INTACCTENTITY_ID, COMMISSIONCALCULATION, OVERTIMEMODE, PAYROLLIDLETIMESTPAYCODE, PAYROLLJOBHOURSSTPAYCODE, TURNSCONTRACTORID, NAVISIONGLCODE, NOCHARGERESIDENTIAL, PAYROLLJOBHOURSSTANDARDPAYCODE_ID, SELLERFEE, TENANT_TYPE, INVOICEMESSAGE, PAYROLLPERCENTAGEFEE, THREEDAYCANCELATIONPARAGRAPH, ADDRESS_STREET, ADDRESS_UNIT, CURRENCY, NAME, PAYMENTOPTIONS, PAYROLLFLATFEEMINIMUM, WORLDPAYMERCHANTPIN, CALIFORNIACOMPLIANTCONTRACTDOCUMENTS, CREDITCARDPROCESSORKEY, FINANCEITPARTNERID, NAVISIONSTANDARDTIMEEARNINGCODE, PAYROLLJOBHOURSOVERTIMEPAYCODE_ID, PAYROLLTASKBONUSPAYCODENEW, POSTDATE, OFFERCOMMERCIALGENERALLIABILITY, PAYROLLTYPE, ACKNOWLEDGEMENTAGREEMENT_FILENAME, ACTIVE_FLAG, ADDRESS_ISMANUALCOORDINATES, AUTHORIZATIONAGREEMENT_ORIGINALFILENAME, DEFAULTTAXRATE, ID, MODIFIEDON, MATERIALSKUREFERENCE_SKUID, PAYROLLIDLETIMEOTPAYCODE, WORLDPAYACCOUNTID, SERVICEFINANCEDEALERID, GOAL, PAYROLLTURNOVERBONUSPAYCODENEW, TURNOVERMINIMUMTHRESHOLD, FRANCHISEEINFO_GST, ADDRESS_ZIP, BCCEMAIL, EXTERNALID, AUTHORIZATIONPARAGRAPH, FRANCHISEEINFO_NAME, INSURANCECOMPANYPHONE, INTEGRATEDREFUNDS_ID, NAVISIONOVERTIMEEARNINGCODE, PAYROLLIDLETIMEOVERTIMEPAYCODE_ID, TGLBONUS, FRANCHISEEINFO_COMMENTS, MASTER_ID, PAYROLLIDLETIMEDOUBLEOVERTIMEPAYCODE_ID, SERVICEFINANCEDEALERNAME, CONSTRUCTION, ADDRESS_LONGITUDE, BANKACCOUNTPROCESSOR_ID, DIVISION_ID, JOBBOOKEDALERTRECIPIENTS, OFFICIALNAME, PAYROLLINVOICEBONUSPAYCODE_ID, PAYROLLPERCENTAGEFEEMINIMUM, PAYROLLSOLDBYPAYCODE, PAYROLLWEIGHTEDOTPAYCODE, OFFERWORKERSCOMPENSATION, QUICKBOOKSCLASS, RECORD_CREATE_DATE, PAYROLLTASKBONUSPAYCODE, ACKNOWLEDGEMENTPARAGRAPH, AUTHORIZATIONAGREEMENT_FILENAME, CREDITCARDPROCESSOR_ID, FRANCHISEEINFO_CONTRACT, PHONENUMBER, CREATEDON, IMPORTID, MATERIALSKUREFERENCE_SKUTYPE, NOCHARGECOMMERCIAL, PAYROLLFLATFEE, QUICKBOOKSOAUTHSETTINGS, LICENSENUMBER, PAYROLLSOLDBYPAYCODENEW, PAYROLLTURNOVERBONUSPAYCODE, WORLDPAYSUBID, INSURANCECOMPANYNAME, ACTIVATIONLOCKED, ACTIVE, ADDRESS_COUNTRY, ADDRESS_STATE, DIVISIONNAME, ENABLEWORKORDERSEQUIPMENTFORMATTING, ESTIMATEAUTHORIZATIONPARAGRAPH, HVACDASHBOARDSECTIONS, MINIMUMROYALTYFEE, PAYROLLCOSTMARKUP, PAYROLLJOBHOURSDOUBLEOVERTIMEPAYCODE_ID, FINANCEITACCOUNTEMAIL, FINANCEITAUTHTOKEN, MEALAPPOINTMENT_ID, NOCHARGE, TRADE_ID, WARRANTYRATE, ACKNOWLEDGEMENTAGREEMENT_ORIGINALFILENAME, ENABLEWORKORDERS, HIDEPRICES, INVOICEHEADER, LOGO, PAYROLLIDLETIMESTANDARDPAYCODE_ID, PAYROLLWEIGHTEDOVERTIMEPAYCODE_ID, RECORD_UPDATE_DATE, EMAIL, FRANCHISEEINFO_PIVOTALNUMBER, GREENSKYMERCHANTID, MATERIALSKU_ID, QUICKBOOKSROOTSALESACCOUNT, PAYMENTPROCESSOR, PAYROLLJOBHOURSOTPAYCODE, PAYROLLEXPENSEDEDUCTIONTRIGGER]
Column names for Curated Table --> DIM_BUSINESSUNIT :: [ADDRESS_COUNTRY, ADDRESS_STREET, BANKACCOUNTPROCESSOR_ID, MEALAPPOINTMENT_ID, CREATEDBY_ID, DIVISION_ID, OFFERCOMMERCIALGENERALLIABILITY, PAYMENTPROCESSOR, PAYROLLJOBHOURSSTANDARDPAYCODE_ID, PAYROLLSOLDBYPAYCODE, TGLBONUS, NAME, PAYROLLCOSTMARKUP, PAYROLLJOBHOURSDOUBLEOVERTIMEPAYCODE_ID, LICENSENUMBER, LOGO, OVERTIMEMODE, ACKNOWLEDGEMENTAGREEMENT_ORIGINALFILENAME, AUTHORIZATIONPARAGRAPH, FINANCEITPARTNERID, WARRANTYRATE, FINANCEITACCOUNTEMAIL, PAYROLLTYPE, QUICKBOOKSCLASS, QUICKBOOKSOAUTHSETTINGS, GREENSKYMERCHANTID, CREDITCARDPROCESSORKEY, CREDITCARDPROCESSORLOGIN, CREDITCARDPROCESSOR_ID, DEFAULTTAXRATE, FRANCHISEEINFO_COMMENTS, HVACDASHBOARDSECTIONS, MODIFIEDON, WORLDPAYACCOUNTID, PAYROLLIDLETIMEDOUBLEOVERTIMEPAYCODE_ID, TENANT_TYPE, FRANCHISEEINFO_GST, RECORD_CREATE_DATE, NOCHARGE, PAYMENTOPTIONS, PAYROLLPERCENTAGEFEE, PAYROLLSOLDBYPAYCODENEW, ADDRESS_LONGITUDE, ADDRESS_ZIP, CREATEDON, INTEGRATEDREFUNDS_ID, JOBBOOKEDALERTRECIPIENTS, NAVISIONOVERTIMEEARNINGCODE, PAYROLLINVOICEBONUSPAYCODE_ID, ACTIVE, ADDRESS_STATE, AUTHORIZATIONAGREEMENT_ORIGINALFILENAME, ENABLEWORKORDERS, MATERIALSKU_ID, NAVISIONSTANDARDTIMEEARNINGCODE, PAYROLLJOBHOURSSTPAYCODE, POSTDATE, ADDRESS_ISMILITARY, ADDRESS_LATITUDE, ADDRESS_UNIT, CALIFORNIACOMPLIANTCONTRACTDOCUMENTS, ENABLEWORKORDERSEQUIPMENTFORMATTING, HIDEPRICES, INVOICEHEADER, COMMISSIONCALCULATION, EMAIL, FRANCHISEEINFO_TRUCKSOPERATING, PAYROLLIDLETIMESTANDARDPAYCODE_ID, PAYROLLIDLETIMESTPAYCODE, TRADE_ID, AUTHORIZATIONAGREEMENT_FILENAME, SERVICEFINANCEDEALERID, WORLDPAYMERCHANTPIN, BCCEMAIL, OFFERWORKERSCOMPENSATION, NAVISIONGLCODE, WORLDPAYSUBID, ACKNOWLEDGEMENTAGREEMENT_FILENAME, ACTIVATIONLOCKED, DIVISIONNAME, FINANCEITAUTHTOKEN, FRANCHISEEINFO_PIVOTALNUMBER, INSURANCECOMPANYNAME, PAYROLLWEIGHTEDOVERTIMEPAYCODE_ID, TURNSCONTRACTORID, FRANCHISEEINFO_NAME, MINIMUMROYALTYFEE, PAYROLLEXPENSEDEDUCTIONTRIGGER, PAYROLLPERCENTAGEFEEMINIMUM, RECORD_UPDATED_BY, SERVICEFINANCEDEALERNAME, ESTIMATEAUTHORIZATIONPARAGRAPH, TURNOVERMINIMUMTHRESHOLD, PAYROLLIDLETIMEOVERTIMEPAYCODE_ID, RECORD_UPDATE_DATE, ACKNOWLEDGEMENTPARAGRAPH, ADDRESS_ISMANUALCOORDINATES, INVOICEMESSAGE, MATERIALSKUREFERENCE_SKUID, MATERIALSKUREFERENCE_SKUTYPE, PAYROLLIDLETIMEOTPAYCODE, PAYROLLJOBHOURSOTPAYCODE, PAYROLLJOBHOURSOVERTIMEPAYCODE_ID, CONSTRUCTION, CORPORATECONTRACTNUMBER, DATA, NOCHARGECOMMERCIAL, NOCHARGERESIDENTIAL, PAYROLLTASKBONUSPAYCODE, PAYROLLTASKBONUSPAYCODENEW, QUICKBOOKSROOTSALESACCOUNT, ID, PAYROLLTURNOVERBONUSPAYCODENEW, ADDRESS_CITY, CURRENCY, GOAL, IMPORTID, INSURANCECOMPANYPHONE, PAYROLLTURNOVERBONUSPAYCODE, OFFICIALNAME, PAYROLLFLATFEE, PHONENUMBER, SELLERFEE, THREEDAYCANCELATIONPARAGRAPH, FRANCHISEEINFO_CONTRACT, PAYROLLFLATFEEMINIMUM, PAYROLLWEIGHTEDOTPAYCODE, INTACCTENTITY_ID, EXTERNALID]
Column Name found in Datamart and Curated Table :: ADDRESS_ZIP
Column Name found in Datamart and Curated Table :: CORPORATECONTRACTNUMBER
Column Name found in Datamart and Curated Table :: CREDITCARDPROCESSORLOGIN
Column Name found in Datamart and Curated Table :: DATA
Column Name found in Datamart and Curated Table :: FRANCHISEEINFO_NAME
Column Name found in Datamart and Curated Table :: FRANCHISEEINFO_TRUCKSOPERATING
Column Name found in Datamart and Curated Table :: INVOICEHEADER
Column Name found in Datamart and Curated Table :: MATERIALSKUREFERENCE_SKUTYPE
Column Name found in Datamart and Curated Table :: OFFERWORKERSCOMPENSATION
Column Name found in Datamart and Curated Table :: PAYROLLIDLETIMEDOUBLEOVERTIMEPAYCODE_ID
Column Name found in Datamart and Curated Table :: CREATEDBY_ID
Column Name found in Datamart and Curated Table :: FRANCHISEEINFO_COMMENTS
Column Name found in Datamart and Curated Table :: INSURANCECOMPANYPHONE
Column Name found in Datamart and Curated Table :: MATERIALSKU_ID
Column Name found in Datamart and Curated Table :: PAYROLLFLATFEEMINIMUM
Column Name found in Datamart and Curated Table :: SERVICEFINANCEDEALERNAME
Column Name found in Datamart and Curated Table :: PAYROLLSOLDBYPAYCODE
Column Name found in Datamart and Curated Table :: CONSTRUCTION
Column Name found in Datamart and Curated Table :: INSURANCECOMPANYNAME
Column Name found in Datamart and Curated Table :: ENABLEWORKORDERS
Column Name found in Datamart and Curated Table :: FINANCEITACCOUNTEMAIL
Column Name found in Datamart and Curated Table :: PAYROLLTYPE
Column Name found in Datamart and Curated Table :: PHONENUMBER
Column Name found in Datamart and Curated Table :: POSTDATE
Column Name found in Datamart and Curated Table :: TRADE_ID
Column Name found in Datamart and Curated Table :: WORLDPAYSUBID
Column Name found in Datamart and Curated Table :: PAYROLLJOBHOURSSTANDARDPAYCODE_ID
Column Name found in Datamart and Curated Table :: PAYROLLTASKBONUSPAYCODE
Column Name found in Datamart and Curated Table :: PAYROLLJOBHOURSOTPAYCODE
Column Name found in Datamart and Curated Table :: ACTIVATIONLOCKED
Column Name found in Datamart and Curated Table :: ADDRESS_STATE
Column Name found in Datamart and Curated Table :: COMMISSIONCALCULATION
Column Name found in Datamart and Curated Table :: OFFERCOMMERCIALGENERALLIABILITY
Column Name found in Datamart and Curated Table :: PAYROLLTASKBONUSPAYCODENEW
Column Name found in Datamart and Curated Table :: ADDRESS_STREET
Column Name found in Datamart and Curated Table :: JOBBOOKEDALERTRECIPIENTS
Column Name found in Datamart and Curated Table :: MINIMUMROYALTYFEE
Column Name found in Datamart and Curated Table :: QUICKBOOKSROOTSALESACCOUNT
Column Name found in Datamart and Curated Table :: TURNSCONTRACTORID
Column Name found in Datamart and Curated Table :: FRANCHISEEINFO_PIVOTALNUMBER
Column Name found in Datamart and Curated Table :: MEALAPPOINTMENT_ID
Column Name found in Datamart and Curated Table :: NOCHARGECOMMERCIAL
Column Name found in Datamart and Curated Table :: PAYROLLPERCENTAGEFEEMINIMUM
Column Name found in Datamart and Curated Table :: PAYROLLTURNOVERBONUSPAYCODENEW
Column Name found in Datamart and Curated Table :: ADDRESS_ISMILITARY
Column Name found in Datamart and Curated Table :: CURRENCY
Column Name found in Datamart and Curated Table :: OVERTIMEMODE
Column Name found in Datamart and Curated Table :: ADDRESS_LATITUDE
Column Name found in Datamart and Curated Table :: BANKACCOUNTPROCESSOR_ID
Column Name found in Datamart and Curated Table :: DIVISIONNAME
Column Name found in Datamart and Curated Table :: FINANCEITPARTNERID
Column Name found in Datamart and Curated Table :: MODIFIEDON
Column Name found in Datamart and Curated Table :: PAYMENTPROCESSOR
Column Name found in Datamart and Curated Table :: QUICKBOOKSCLASS
Column Name found in Datamart and Curated Table :: SERVICEFINANCEDEALERID
Column Name found in Datamart and Curated Table :: WORLDPAYACCOUNTID
Column Name found in Datamart and Curated Table :: AUTHORIZATIONAGREEMENT_ORIGINALFILENAME
Column Name found in Datamart and Curated Table :: CREATEDON
Column Name found in Datamart and Curated Table :: DIVISION_ID
Column Name found in Datamart and Curated Table :: ENABLEWORKORDERSEQUIPMENTFORMATTING
Column Name found in Datamart and Curated Table :: ESTIMATEAUTHORIZATIONPARAGRAPH
Column Name found in Datamart and Curated Table :: HIDEPRICES
Column Name found in Datamart and Curated Table :: NAME
Column Name found in Datamart and Curated Table :: NAVISIONOVERTIMEEARNINGCODE
Column Name found in Datamart and Curated Table :: NOCHARGE
Column Name found in Datamart and Curated Table :: PAYMENTOPTIONS
Column Name found in Datamart and Curated Table :: PAYROLLSOLDBYPAYCODENEW
Column Name found in Datamart and Curated Table :: PAYROLLTURNOVERBONUSPAYCODE
Column Name found in Datamart and Curated Table :: PAYROLLIDLETIMESTANDARDPAYCODE_ID
Column Name found in Datamart and Curated Table :: THREEDAYCANCELATIONPARAGRAPH
Column Name found in Datamart and Curated Table :: PAYROLLWEIGHTEDOVERTIMEPAYCODE_ID
Column Name found in Datamart and Curated Table :: AUTHORIZATIONPARAGRAPH
Column Name found in Datamart and Curated Table :: ACKNOWLEDGEMENTAGREEMENT_FILENAME
Column Name found in Datamart and Curated Table :: ADDRESS_CITY
Column Name found in Datamart and Curated Table :: ADDRESS_ISMANUALCOORDINATES
Column Name found in Datamart and Curated Table :: ADDRESS_UNIT
Column Name found in Datamart and Curated Table :: CALIFORNIACOMPLIANTCONTRACTDOCUMENTS
Column Name found in Datamart and Curated Table :: EMAIL
Column Name found in Datamart and Curated Table :: IMPORTID
Column Name found in Datamart and Curated Table :: ADDRESS_LONGITUDE
Column Name found in Datamart and Curated Table :: GOAL
Column Name found in Datamart and Curated Table :: OFFICIALNAME
Column Name found in Datamart and Curated Table :: PAYROLLFLATFEE
Column Name found in Datamart and Curated Table :: PAYROLLIDLETIMEOVERTIMEPAYCODE_ID
Column Name found in Datamart and Curated Table :: PAYROLLJOBHOURSDOUBLEOVERTIMEPAYCODE_ID
Column Name found in Datamart and Curated Table :: QUICKBOOKSOAUTHSETTINGS
Column Name found in Datamart and Curated Table :: PAYROLLCOSTMARKUP
Column Name found in Datamart and Curated Table :: TGLBONUS
Column Name found in Datamart and Curated Table :: PAYROLLIDLETIMESTPAYCODE
Column Name found in Datamart and Curated Table :: ACTIVE
Column Name found in Datamart and Curated Table :: ACKNOWLEDGEMENTAGREEMENT_ORIGINALFILENAME
Column Name found in Datamart and Curated Table :: ADDRESS_COUNTRY
Column Name found in Datamart and Curated Table :: AUTHORIZATIONAGREEMENT_FILENAME
Column Name found in Datamart and Curated Table :: CREDITCARDPROCESSORKEY
Column Name found in Datamart and Curated Table :: CREDITCARDPROCESSOR_ID
Column Name found in Datamart and Curated Table :: FINANCEITAUTHTOKEN
Column Name found in Datamart and Curated Table :: FRANCHISEEINFO_CONTRACT
Column Name found in Datamart and Curated Table :: INVOICEMESSAGE
Column Name found in Datamart and Curated Table :: NAVISIONSTANDARDTIMEEARNINGCODE
Column Name found in Datamart and Curated Table :: PAYROLLEXPENSEDEDUCTIONTRIGGER
Column Name found in Datamart and Curated Table :: PAYROLLIDLETIMEOTPAYCODE
Column Name found in Datamart and Curated Table :: PAYROLLWEIGHTEDOTPAYCODE
Column Name found in Datamart and Curated Table :: DEFAULTTAXRATE
Column Name found in Datamart and Curated Table :: ID
Column Name found in Datamart and Curated Table :: PAYROLLPERCENTAGEFEE
Column Name found in Datamart and Curated Table :: PAYROLLJOBHOURSOVERTIMEPAYCODE_ID
Column Name found in Datamart and Curated Table :: WARRANTYRATE
Column Name found in Datamart and Curated Table :: GREENSKYMERCHANTID
Column Name found in Datamart and Curated Table :: PAYROLLJOBHOURSSTPAYCODE
Column Name found in Datamart and Curated Table :: LOGO
Column Name found in Datamart and Curated Table :: NAVISIONGLCODE
Column Name found in Datamart and Curated Table :: SELLERFEE
Column Name found in Datamart and Curated Table :: ACKNOWLEDGEMENTPARAGRAPH
Column Name found in Datamart and Curated Table :: EXTERNALID
Column Name found in Datamart and Curated Table :: HVACDASHBOARDSECTIONS
Column Name found in Datamart and Curated Table :: INTACCTENTITY_ID
Column Name found in Datamart and Curated Table :: FRANCHISEEINFO_GST
Column Name found in Datamart and Curated Table :: LICENSENUMBER
Column Name found in Datamart and Curated Table :: NOCHARGERESIDENTIAL
Column Name found in Datamart and Curated Table :: INTEGRATEDREFUNDS_ID
Column Name found in Datamart and Curated Table :: MATERIALSKUREFERENCE_SKUID
Column Name found in Datamart and Curated Table :: TURNOVERMINIMUMTHRESHOLD
Column Name found in Datamart and Curated Table :: PAYROLLINVOICEBONUSPAYCODE_ID
Column Name found in Datamart and Curated Table :: WORLDPAYMERCHANTPIN
Column Name found in Datamart and Curated Table :: TENANT_TYPE
Datamart tables contains additional column name like [ACTIVE_FLAG, RECORD_CREATE_DATE, RECORD_UPDATE_DATE, MASTER_ID]
Curated tables contains additional column name like [RECORD_CREATE_DATE, RECORD_UPDATE_DATE, RECORD_UPDATED_BY]]]>
  </system-out>
  <testcase classname="testcases.RAW_DATAMART_CURATED.SnowFlake_ColumnValidation_APITables" name="validateColumnName_BKP" time="3.030"/>
  <system-out>
    <![CDATA[Executing Snowflake query :: SELECT COLUMN_NAME FROM DEV_ENT_RAW.INFORMATION_SCHEMA.COLUMNS WHERE TABLE_NAME='ST_API_ESTIMATE'and TABLE_SCHEMA='API_MAT'
Executing Snowflake query :: SELECT COLUMN_NAME FROM CURATED_DATAMART.INFORMATION_SCHEMA.COLUMNS WHERE TABLE_NAME='STR_API_ESTIMATE'and TABLE_SCHEMA='ST_API_MAITZ'
Executing Snowflake query :: SELECT COLUMN_NAME FROM DEV_ENT_CURATED.INFORMATION_SCHEMA.COLUMNS WHERE TABLE_NAME='DIM_ESTIMATE'and TABLE_SCHEMA='MASTER_DIMENSIONS'
Column names for RAW Table --> ST_API_ESTIMATE :: [BUSINESSUNIT_ID, JOB_ID, MATERIALTAX, PROJECTLABELS, STATUS, PROPOSALTAGCOLOR, CLAIM_ID, ISCHANGEORDER, MATERIALSKUREFERENCE_SKUID, MODIFIEDON, SUMMARY, TECHNICIANPICKEDSOLDTYPE, ISRECOMMENDED, PROPOSALTAGNAME, CREATEDBY_ID, TAX, AUTHORIZEDON, ORDER, OPPORTUNITY_ID, FEETOTAL, IMPORTID, LABORTAX, SOLDBY_ID, SOLDINVOICE_ID, AUTHORIZATIONSIGNATURE, LOCATION_ID, PROCUREMENTTYPE, SOLDBYEMPLOYEE_ID, DISCOUNTTOTAL, TECHNICIANSIGNATURE, ACTIVE, MATERIALSKU_ID, MATERIALSKUREFERENCE_SKUTYPE, RENEWABLEMEMBERSHIP_ID, NAME, SOLDON, TOTALCOST, CREATEDON, TOTAL, ID, SOLDTYPE, PROJECTOPPORTUNITY_ID, TENANT_TYPE]
Column names for DataMart Table --> STR_API_ESTIMATE :: [DISCOUNTTOTAL, NAME, TOTAL, TOTALCOST, RECORD_UPDATE_DATE, RECORD_CREATE_DATE, STATUS, MATERIALTAX, OPPORTUNITY_ID, SOLDINVOICE_ID, AUTHORIZATIONSIGNATURE, AUTHORIZEDON, MODIFIEDON, SOLDBY_ID, SUMMARY, ACTIVE_FLAG, BUSINESSUNIT_ID, LABORTAX, PROJECTLABELS, SOLDTYPE, PROPOSALTAGNAME, SOLDON, ACTIVE, CLAIM_ID, CREATEDBY_ID, MATERIALSKU_ID, PROJECTOPPORTUNITY_ID, ID, MATERIALSKUREFERENCE_SKUTYPE, JOB_ID, TAX, ISRECOMMENDED, LOCATION_ID, RENEWABLEMEMBERSHIP_ID, ISCHANGEORDER, PROCUREMENTTYPE, CREATEDON, FEETOTAL, IMPORTID, MASTER_ID, MATERIALSKUREFERENCE_SKUID, ORDER, PROPOSALTAGCOLOR, SOLDBYEMPLOYEE_ID, TECHNICIANSIGNATURE, TENANT_TYPE, TECHNICIANPICKEDSOLDTYPE]
Column names for Curated Table --> DIM_ESTIMATE :: [CREATEDON, DISCOUNTTOTAL, LOCATION_ID, OPPORTUNITY_ID, PROPOSALTAGCOLOR, PROPOSALTAGNAME, SOLDINVOICE_ID, TENANT_TYPE, RECORD_UPDATED_BY, TOTALCOST, ISCHANGEORDER, NAME, BUSINESSUNIT_ID, FEETOTAL, MATERIALSKUREFERENCE_SKUTYPE, ISRECOMMENDED, ORDER, STATUS, TOTAL, SOLDTYPE, AUTHORIZEDON, CREATEDBY_ID, LABORTAX, PROCUREMENTTYPE, SOLDBYEMPLOYEE_ID, SOLDBY_ID, IMPORTID, MATERIALSKU_ID, TAX, TECHNICIANPICKEDSOLDTYPE, RENEWABLEMEMBERSHIP_ID, TECHNICIANSIGNATURE, MODIFIEDON, CLAIM_ID, ID, MATERIALSKUREFERENCE_SKUID, SOLDON, PROJECTLABELS, JOB_ID, ACTIVE, AUTHORIZATIONSIGNATURE, MATERIALTAX, PROJECTOPPORTUNITY_ID, RECORD_CREATE_DATE, SUMMARY, RECORD_UPDATE_DATE]
Column Name found in Datamart and Curated Table :: BUSINESSUNIT_ID
Column Name found in Datamart and Curated Table :: JOB_ID
Column Name found in Datamart and Curated Table :: MATERIALTAX
Column Name found in Datamart and Curated Table :: PROJECTLABELS
Column Name found in Datamart and Curated Table :: STATUS
Column Name found in Datamart and Curated Table :: PROPOSALTAGCOLOR
Column Name found in Datamart and Curated Table :: CLAIM_ID
Column Name found in Datamart and Curated Table :: ISCHANGEORDER
Column Name found in Datamart and Curated Table :: MATERIALSKUREFERENCE_SKUID
Column Name found in Datamart and Curated Table :: MODIFIEDON
Column Name found in Datamart and Curated Table :: SUMMARY
Column Name found in Datamart and Curated Table :: TECHNICIANPICKEDSOLDTYPE
Column Name found in Datamart and Curated Table :: ISRECOMMENDED
Column Name found in Datamart and Curated Table :: PROPOSALTAGNAME
Column Name found in Datamart and Curated Table :: CREATEDBY_ID
Column Name found in Datamart and Curated Table :: TAX
Column Name found in Datamart and Curated Table :: AUTHORIZEDON
Column Name found in Datamart and Curated Table :: ORDER
Column Name found in Datamart and Curated Table :: OPPORTUNITY_ID
Column Name found in Datamart and Curated Table :: FEETOTAL
Column Name found in Datamart and Curated Table :: IMPORTID
Column Name found in Datamart and Curated Table :: LABORTAX
Column Name found in Datamart and Curated Table :: SOLDBY_ID
Column Name found in Datamart and Curated Table :: SOLDINVOICE_ID
Column Name found in Datamart and Curated Table :: AUTHORIZATIONSIGNATURE
Column Name found in Datamart and Curated Table :: LOCATION_ID
Column Name found in Datamart and Curated Table :: PROCUREMENTTYPE
Column Name found in Datamart and Curated Table :: SOLDBYEMPLOYEE_ID
Column Name found in Datamart and Curated Table :: DISCOUNTTOTAL
Column Name found in Datamart and Curated Table :: TECHNICIANSIGNATURE
Column Name found in Datamart and Curated Table :: ACTIVE
Column Name found in Datamart and Curated Table :: MATERIALSKU_ID
Column Name found in Datamart and Curated Table :: MATERIALSKUREFERENCE_SKUTYPE
Column Name found in Datamart and Curated Table :: RENEWABLEMEMBERSHIP_ID
Column Name found in Datamart and Curated Table :: NAME
Column Name found in Datamart and Curated Table :: SOLDON
Column Name found in Datamart and Curated Table :: TOTALCOST
Column Name found in Datamart and Curated Table :: CREATEDON
Column Name found in Datamart and Curated Table :: TOTAL
Column Name found in Datamart and Curated Table :: ID
Column Name found in Datamart and Curated Table :: SOLDTYPE
Column Name found in Datamart and Curated Table :: PROJECTOPPORTUNITY_ID
Column Name found in Datamart and Curated Table :: TENANT_TYPE
Datamart tables contains additional column name like [ACTIVE_FLAG, RECORD_CREATE_DATE, RECORD_UPDATE_DATE, MASTER_ID]
Curated tables contains additional column name like [RECORD_CREATE_DATE, RECORD_UPDATE_DATE, RECORD_UPDATED_BY]]]>
  </system-out>
  <testcase classname="testcases.RAW_DATAMART_CURATED.SnowFlake_ColumnValidation_APITables" name="validateColumnName_BKP" time="2.811"/>
  <system-out>
    <![CDATA[Executing Snowflake query :: SELECT COLUMN_NAME FROM DEV_ENT_RAW.INFORMATION_SCHEMA.COLUMNS WHERE TABLE_NAME='ST_API_TECHNICIANSHIFT'and TABLE_SCHEMA='API_MAT'
Executing Snowflake query :: SELECT COLUMN_NAME FROM CURATED_DATAMART.INFORMATION_SCHEMA.COLUMNS WHERE TABLE_NAME='STR_API_TECHNICIANSHIFT'and TABLE_SCHEMA='ST_API_MAITZ'
Executing Snowflake query :: SELECT COLUMN_NAME FROM DEV_ENT_CURATED.INFORMATION_SCHEMA.COLUMNS WHERE TABLE_NAME='DIM_TECHNICIANSHIFT'and TABLE_SCHEMA='MASTER_DIMENSIONS'
Column names for RAW Table --> ST_API_TECHNICIANSHIFT :: [END, ENDDATE, STARTTIME, ENDTIME, START, TECHNICIAN_ID, ACTIVE, BATCH, CREATEDBY_ID, TITLE, ID, IMPORTID, SHIFTTYPE, STARTDATE, CREATEDON, NOTE, TIMESHEET_ID, TIMESHEETCODE_ID, TENANT_TYPE]
Column names for DataMart Table --> STR_API_TECHNICIANSHIFT :: [ENDTIME, RECORD_CREATE_DATE, STARTTIME, START, BATCH, MASTER_ID, TECHNICIAN_ID, ACTIVE, TENANT_TYPE, TITLE, SHIFTTYPE, ACTIVE_FLAG, IMPORTID, RECORD_UPDATE_DATE, END, STARTDATE, TIMESHEETCODE_ID, NOTE, ENDDATE, ID, CREATEDBY_ID, TIMESHEET_ID, CREATEDON]
Column names for Curated Table --> DIM_TECHNICIANSHIFT :: [CREATEDON, TENANT_TYPE, TITLE, ACTIVE, NOTE, RECORD_CREATE_DATE, END, ID, RECORD_UPDATED_BY, TIMESHEETCODE_ID, IMPORTID, RECORD_UPDATE_DATE, STARTTIME, TECHNICIAN_ID, TIMESHEET_ID, CREATEDBY_ID, ENDDATE, START, SHIFTTYPE, BATCH, ENDTIME, STARTDATE]
Column Name found in Datamart and Curated Table :: END
Column Name found in Datamart and Curated Table :: ENDDATE
Column Name found in Datamart and Curated Table :: STARTTIME
Column Name found in Datamart and Curated Table :: ENDTIME
Column Name found in Datamart and Curated Table :: START
Column Name found in Datamart and Curated Table :: TECHNICIAN_ID
Column Name found in Datamart and Curated Table :: ACTIVE
Column Name found in Datamart and Curated Table :: BATCH
Column Name found in Datamart and Curated Table :: CREATEDBY_ID
Column Name found in Datamart and Curated Table :: TITLE
Column Name found in Datamart and Curated Table :: ID
Column Name found in Datamart and Curated Table :: IMPORTID
Column Name found in Datamart and Curated Table :: SHIFTTYPE
Column Name found in Datamart and Curated Table :: STARTDATE
Column Name found in Datamart and Curated Table :: CREATEDON
Column Name found in Datamart and Curated Table :: NOTE
Column Name found in Datamart and Curated Table :: TIMESHEET_ID
Column Name found in Datamart and Curated Table :: TIMESHEETCODE_ID
Column Name found in Datamart and Curated Table :: TENANT_TYPE
Datamart tables contains additional column name like [ACTIVE_FLAG, RECORD_CREATE_DATE, RECORD_UPDATE_DATE, MASTER_ID]
Curated tables contains additional column name like [RECORD_CREATE_DATE, RECORD_UPDATE_DATE, RECORD_UPDATED_BY]]]>
  </system-out>
  <testcase classname="testcases.RAW_DATAMART_CURATED.SnowFlake_ColumnValidation_APITables" name="validateColumnName_BKP" time="2.546"/>
  <system-out>
    <![CDATA[Executing Snowflake query :: SELECT COLUMN_NAME FROM DEV_ENT_RAW.INFORMATION_SCHEMA.COLUMNS WHERE TABLE_NAME='ST_API_INVOICE'and TABLE_SCHEMA='API_MAT'
Executing Snowflake query :: SELECT COLUMN_NAME FROM CURATED_DATAMART.INFORMATION_SCHEMA.COLUMNS WHERE TABLE_NAME='STR_API_INVOICE'and TABLE_SCHEMA='ST_API_MAITZ'
Executing Snowflake query :: SELECT COLUMN_NAME FROM DEV_ENT_CURATED.INFORMATION_SCHEMA.COLUMNS WHERE TABLE_NAME='FACT_INVOICE'and TABLE_SCHEMA='MASTER_DIMENSIONS'
Column names for RAW Table --> ST_API_INVOICE :: [COMMISSIONELIGIBILITYDATE, TYPE_ID, NEWCONSTRUCTION, ACTIVE, BATCH_ID, DISCOUNTTOTAL, NETAMOUNT, ROYALTY_SENTON, SUMMARY, TECHNICIANACKNOWLEDGEMENTSIGNATURE, CREATEDBY_ID, ADJUSTMENTTO_ID, EXPORTID, EXTERNALID, INVOICEDON, PAIDON, PAYMENTTERM_ID, MODIFIEDON, MATERIALSKUREFERENCE_SKUTYPE, MEMBERSHIP_ID, STATUS, TAX, TAXZONE_ID, COUNTERSALESLOCATION_ID, NUMERICNUMBER, ROYALTY_STATUS, BUSINESSUNIT_ID, CONFIGURATION, CREATEDON, CUSTOMER_ID, JOB_ID, LOCATION_ID, ROYALTY_DATE, ACKNOWLEDGEMENTSIGNATURE, BALANCE, BILLINGDATE, EXCLUDEFROMPAYROLL, MATERIALTAX, AUTHORIZATIONSIGNATURE, PAYMENTDUEDATE, PROJECTLABELS, AUTHORIZEDAMOUNT, ID, INCLUDEINTECHNICIANREPORTS, MATERIALSKUREFERENCE_SKUID, PAYROLLDATE, SIGNATURE, SUBTOTAL, LABORTAX, MATERIALSKU_ID, ROYALTY_MEMO, TOTAL, FEETAX, IMPORTID, NUMBER, PROJECT_ID, FEETOTAL, TENANT_TYPE]
Column names for DataMart Table --> STR_API_INVOICE :: [MATERIALSKU_ID, MEMBERSHIP_ID, NUMERICNUMBER, PROJECT_ID, SUMMARY, PAYMENTDUEDATE, ACTIVE, BUSINESSUNIT_ID, TENANT_TYPE, EXTERNALID, STATUS, ACKNOWLEDGEMENTSIGNATURE, FEETAX, JOB_ID, RECORD_UPDATE_DATE, MODIFIEDON, ROYALTY_MEMO, AUTHORIZATIONSIGNATURE, BALANCE, BILLINGDATE, COMMISSIONELIGIBILITYDATE, CREATEDON, ID, MATERIALSKUREFERENCE_SKUTYPE, LABORTAX, MASTER_ID, ROYALTY_STATUS, SIGNATURE, PAYMENTTERM_ID, FEETOTAL, ADJUSTMENTTO_ID, AUTHORIZEDAMOUNT, NUMBER, TAX, TYPE_ID, IMPORTID, INCLUDEINTECHNICIANREPORTS, INVOICEDON, PAIDON, TECHNICIANACKNOWLEDGEMENTSIGNATURE, PROJECTLABELS, EXPORTID, TOTAL, ACTIVE_FLAG, CUSTOMER_ID, DISCOUNTTOTAL, EXCLUDEFROMPAYROLL, LOCATION_ID, MATERIALSKUREFERENCE_SKUID, ROYALTY_DATE, RECORD_CREATE_DATE, MATERIALTAX, CONFIGURATION, CREATEDBY_ID, NETAMOUNT, COUNTERSALESLOCATION_ID, BATCH_ID, NEWCONSTRUCTION, TAXZONE_ID, PAYROLLDATE, ROYALTY_SENTON, SUBTOTAL]
Column names for Curated Table --> FACT_INVOICE :: [CONFIGURATION, EXPORTID, EXTERNALID, MATERIALSKUREFERENCE_SKUTYPE, RECORD_UPDATED_BY, ROYALTY_DATE, FEETAX, TAX, TOTAL, BALANCE, BUSINESSUNIT_ID, CREATEDON, PAYMENTDUEDATE, PROJECT_ID, NETAMOUNT, NUMERICNUMBER, ROYALTY_SENTON, NUMBER, DISCOUNTTOTAL, EXCLUDEFROMPAYROLL, INCLUDEINTECHNICIANREPORTS, MODIFIEDON, STATUS, TENANT_TYPE, NEWCONSTRUCTION, ACKNOWLEDGEMENTSIGNATURE, ADJUSTMENTTO_ID, CREATEDBY_ID, CUSTOMER_ID, FEETOTAL, INVOICEDON, PAIDON, TYPE_ID, JOB_ID, LABORTAX, LOCATION_ID, ROYALTY_STATUS, SUMMARY, PROJECTLABELS, MATERIALSKUREFERENCE_SKUID, MATERIALSKU_ID, MEMBERSHIP_ID, COMMISSIONELIGIBILITYDATE, RECORD_CREATE_DATE, RECORD_UPDATE_DATE, SIGNATURE, AUTHORIZATIONSIGNATURE, BILLINGDATE, IMPORTID, TECHNICIANACKNOWLEDGEMENTSIGNATURE, AUTHORIZEDAMOUNT, ID, PAYROLLDATE, ACTIVE, COUNTERSALESLOCATION_ID, PAYMENTTERM_ID, SUBTOTAL, BATCH_ID, MATERIALTAX, ROYALTY_MEMO, TAXZONE_ID]
Column Name found in Datamart and Curated Table :: COMMISSIONELIGIBILITYDATE
Column Name found in Datamart and Curated Table :: TYPE_ID
Column Name found in Datamart and Curated Table :: NEWCONSTRUCTION
Column Name found in Datamart and Curated Table :: ACTIVE
Column Name found in Datamart and Curated Table :: BATCH_ID
Column Name found in Datamart and Curated Table :: DISCOUNTTOTAL
Column Name found in Datamart and Curated Table :: NETAMOUNT
Column Name found in Datamart and Curated Table :: ROYALTY_SENTON
Column Name found in Datamart and Curated Table :: SUMMARY
Column Name found in Datamart and Curated Table :: TECHNICIANACKNOWLEDGEMENTSIGNATURE
Column Name found in Datamart and Curated Table :: CREATEDBY_ID
Column Name found in Datamart and Curated Table :: ADJUSTMENTTO_ID
Column Name found in Datamart and Curated Table :: EXPORTID
Column Name found in Datamart and Curated Table :: EXTERNALID
Column Name found in Datamart and Curated Table :: INVOICEDON
Column Name found in Datamart and Curated Table :: PAIDON
Column Name found in Datamart and Curated Table :: PAYMENTTERM_ID
Column Name found in Datamart and Curated Table :: MODIFIEDON
Column Name found in Datamart and Curated Table :: MATERIALSKUREFERENCE_SKUTYPE
Column Name found in Datamart and Curated Table :: MEMBERSHIP_ID
Column Name found in Datamart and Curated Table :: STATUS
Column Name found in Datamart and Curated Table :: TAX
Column Name found in Datamart and Curated Table :: TAXZONE_ID
Column Name found in Datamart and Curated Table :: COUNTERSALESLOCATION_ID
Column Name found in Datamart and Curated Table :: NUMERICNUMBER
Column Name found in Datamart and Curated Table :: ROYALTY_STATUS
Column Name found in Datamart and Curated Table :: BUSINESSUNIT_ID
Column Name found in Datamart and Curated Table :: CONFIGURATION
Column Name found in Datamart and Curated Table :: CREATEDON
Column Name found in Datamart and Curated Table :: CUSTOMER_ID
Column Name found in Datamart and Curated Table :: JOB_ID
Column Name found in Datamart and Curated Table :: LOCATION_ID
Column Name found in Datamart and Curated Table :: ROYALTY_DATE
Column Name found in Datamart and Curated Table :: ACKNOWLEDGEMENTSIGNATURE
Column Name found in Datamart and Curated Table :: BALANCE
Column Name found in Datamart and Curated Table :: BILLINGDATE
Column Name found in Datamart and Curated Table :: EXCLUDEFROMPAYROLL
Column Name found in Datamart and Curated Table :: MATERIALTAX
Column Name found in Datamart and Curated Table :: AUTHORIZATIONSIGNATURE
Column Name found in Datamart and Curated Table :: PAYMENTDUEDATE
Column Name found in Datamart and Curated Table :: PROJECTLABELS
Column Name found in Datamart and Curated Table :: AUTHORIZEDAMOUNT
Column Name found in Datamart and Curated Table :: ID
Column Name found in Datamart and Curated Table :: INCLUDEINTECHNICIANREPORTS
Column Name found in Datamart and Curated Table :: MATERIALSKUREFERENCE_SKUID
Column Name found in Datamart and Curated Table :: PAYROLLDATE
Column Name found in Datamart and Curated Table :: SIGNATURE
Column Name found in Datamart and Curated Table :: SUBTOTAL
Column Name found in Datamart and Curated Table :: LABORTAX
Column Name found in Datamart and Curated Table :: MATERIALSKU_ID
Column Name found in Datamart and Curated Table :: ROYALTY_MEMO
Column Name found in Datamart and Curated Table :: TOTAL
Column Name found in Datamart and Curated Table :: FEETAX
Column Name found in Datamart and Curated Table :: IMPORTID
Column Name found in Datamart and Curated Table :: NUMBER
Column Name found in Datamart and Curated Table :: PROJECT_ID
Column Name found in Datamart and Curated Table :: FEETOTAL
Column Name found in Datamart and Curated Table :: TENANT_TYPE
Datamart tables contains additional column name like [ACTIVE_FLAG, RECORD_CREATE_DATE, RECORD_UPDATE_DATE, MASTER_ID]
Curated tables contains additional column name like [RECORD_CREATE_DATE, RECORD_UPDATE_DATE, RECORD_UPDATED_BY]]]>
  </system-out>
  <testcase classname="testcases.RAW_DATAMART_CURATED.SnowFlake_ColumnValidation_APITables" name="validateColumnName_BKP" time="2.856"/>
  <system-out>
    <![CDATA[Executing Snowflake query :: SELECT COLUMN_NAME FROM DEV_ENT_RAW.INFORMATION_SCHEMA.COLUMNS WHERE TABLE_NAME='ST_API_JOBAPPOINTMENT'and TABLE_SCHEMA='API_MAT'
Executing Snowflake query :: SELECT COLUMN_NAME FROM CURATED_DATAMART.INFORMATION_SCHEMA.COLUMNS WHERE TABLE_NAME='STR_API_JOBAPPOINTMENT'and TABLE_SCHEMA='ST_API_HORIZONSERVICES'
Executing Snowflake query :: SELECT COLUMN_NAME FROM DEV_ENT_CURATED.INFORMATION_SCHEMA.COLUMNS WHERE TABLE_NAME='DIM_JOBAPPOINTMENT'and TABLE_SCHEMA='MASTER_DIMENSIONS'
Column names for RAW Table --> ST_API_JOBAPPOINTMENT :: [END, SMARTDISPATCHDATA_JOBAPPOINTMENT, STATUS, JOB_ID, PLANEND, CREATEDON, IMPORTID, ISCONFIRMED, MODIFIEDON, START, NUMBER, CREATEDBY_ID, ID, ACTIVE, PLANSTART, ISUNUSED, MONTHNUMBER, TENANT_TYPE]
Column names for DataMart Table --> STR_API_JOBAPPOINTMENT :: [RECORD_CREATE_DATE, STATUS, START, END, MASTER_ID, PLANSTART, PLANEND, IMPORTID, ID, MODIFIEDON, ISCONFIRMED, TENANT_TYPE, CREATEDON, ISUNUSED, SMARTDISPATCHDATA_JOBAPPOINTMENT, JOB_ID, NUMBER, ACTIVE, ACTIVE_FLAG, RECORD_UPDATE_DATE, MONTHNUMBER, CREATEDBY_ID]
Column names for Curated Table --> DIM_JOBAPPOINTMENT :: [END, SMARTDISPATCHDATA_JOBAPPOINTMENT, ACTIVE, CREATEDBY_ID, IMPORTID, ISUNUSED, START, ID, JOB_ID, MONTHNUMBER, PLANEND, RECORD_UPDATE_DATE, CREATEDON, RECORD_CREATE_DATE, TENANT_TYPE, PLANSTART, ISCONFIRMED, NUMBER, SPECIALINSTRUCTIONS, STATUS, MODIFIEDON, RECORD_UPDATED_BY]
Column Name found in Datamart and Curated Table :: END
Column Name found in Datamart and Curated Table :: SMARTDISPATCHDATA_JOBAPPOINTMENT
Column Name found in Datamart and Curated Table :: STATUS
Column Name found in Datamart and Curated Table :: JOB_ID
Column Name found in Datamart and Curated Table :: PLANEND
Column Name found in Datamart and Curated Table :: CREATEDON
Column Name found in Datamart and Curated Table :: IMPORTID
Column Name found in Datamart and Curated Table :: ISCONFIRMED
Column Name found in Datamart and Curated Table :: MODIFIEDON
Column Name found in Datamart and Curated Table :: START
Column Name found in Datamart and Curated Table :: NUMBER
Column Name found in Datamart and Curated Table :: CREATEDBY_ID
Column Name found in Datamart and Curated Table :: ID
Column Name found in Datamart and Curated Table :: ACTIVE
Column Name found in Datamart and Curated Table :: PLANSTART
Column Name found in Datamart and Curated Table :: ISUNUSED
Column Name found in Datamart and Curated Table :: MONTHNUMBER
Column Name found in Datamart and Curated Table :: TENANT_TYPE
Datamart tables contains additional column name like [ACTIVE_FLAG, RECORD_CREATE_DATE, RECORD_UPDATE_DATE, MASTER_ID]
Curated tables contains additional column name like [RECORD_CREATE_DATE, RECORD_UPDATE_DATE, RECORD_UPDATED_BY]]]>
  </system-out>
  <testcase classname="testcases.RAW_DATAMART_CURATED.SnowFlake_ColumnValidation_APITables" name="validateColumnName_BKP" time="2.812"/>
  <system-out>
    <![CDATA[Executing Snowflake query :: SELECT COLUMN_NAME FROM DEV_ENT_RAW.INFORMATION_SCHEMA.COLUMNS WHERE TABLE_NAME='ST_API_PURCHASEORDER'and TABLE_SCHEMA='API_MAT'
Executing Snowflake query :: SELECT COLUMN_NAME FROM CURATED_DATAMART.INFORMATION_SCHEMA.COLUMNS WHERE TABLE_NAME='STR_API_PURCHASEORDER'and TABLE_SCHEMA='ST_API_EANESHEATING'
Executing Snowflake query :: SELECT COLUMN_NAME FROM DEV_ENT_CURATED.INFORMATION_SCHEMA.COLUMNS WHERE TABLE_NAME='DIM_PURCHASEORDER'and TABLE_SCHEMA='MASTER_DIMENSIONS'
Column names for RAW Table --> ST_API_PURCHASEORDER :: [CANCELEDBY_ID, CANCELEDREASON, INVENTORYLOCATION_ID, POVENDOR_ID, SHIPTO_CITY, SHIPTO_LATITUDE, STATUS, TECHNICIAN_ID, AMOUNT, BUSINESSUNIT_ID, CREATEDBY_ID, ISTIMEANDMATERIAL, SENDSTATUS, SHIPPING, SHIPTO_UNIT, TAXSCHEMA, TRUCK_ID, TYPE_ID, VENDORINVOICENUMBER, PROJECTLABELS, SHIPTO_COUNTRY, EXPORTID, MARKUP, SHIPTO_STREET, IMPORTID, NUMBER, TAX, TAXRATE, VENDOR, CANCELEDON, CREATEDON, DATE, MODIFIEDON, ERRORMESSAGE, REQUIREDON, SHIPTO_LONGITUDE, ACTIVE, REQUISITION_ID, SHIPTO_ISMILITARY, GROUPINGOPTION, PROJECT_ID, SENDINGMETHOD, SHIPTO_ZIP, RECEIVEDON, SUMMARY, BATCH_ID, EXTERNALID, ID, INVOICE_ID, JOB_ID, NOCHARGE, SHIPTO_ISMANUALCOORDINATES, SHIPTO_STATE, SENTON, SHIPTODESCRIPTION, TENANT_TYPE]
Column names for DataMart Table --> STR_API_PURCHASEORDER :: [ACTIVE_FLAG, CREATEDON, SHIPTO_CITY, POVENDOR_ID, SENDINGMETHOD, SHIPTO_ISMILITARY, SHIPPING, GROUPINGOPTION, CANCELEDREASON, ERRORMESSAGE, EXTERNALID, MASTER_ID, SENDSTATUS, SHIPTO_UNIT, SHIPTO_STREET, TAXRATE, BATCH_ID, BUSINESSUNIT_ID, CREATEDBY_ID, EXPORTID, ID, INVOICE_ID, ISTIMEANDMATERIAL, MODIFIEDON, REQUIREDON, RECORD_CREATE_DATE, TECHNICIAN_ID, TENANT_TYPE, DATE, INVENTORYLOCATION_ID, NOCHARGE, REQUISITION_ID, SENTON, SHIPTO_STATE, MARKUP, SHIPTO_LONGITUDE, VENDOR, PROJECTLABELS, RECORD_UPDATE_DATE, TYPE_ID, CANCELEDBY_ID, NUMBER, TRUCK_ID, AMOUNT, CANCELEDON, IMPORTID, JOB_ID, ROLLEDOVERFROMPURCHASEORDER_ID, SHIPTO_COUNTRY, STATUS, SUMMARY, TAX, TAXSCHEMA, SHIPTO_ZIP, ACTIVE, RECEIVEDON, SHIPTO_LATITUDE, PROJECT_ID, SHIPTODESCRIPTION, SHIPTO_ISMANUALCOORDINATES, VENDORINVOICENUMBER]
Column names for Curated Table --> DIM_PURCHASEORDER :: [ACTIVE, CANCELEDBY_ID, CANCELEDON, RECORD_CREATE_DATE, TRUCK_ID, ROLLEDOVERFROMPURCHASEORDER_ID, SHIPTO_LONGITUDE, TAXSCHEMA, BUSINESSUNIT_ID, POVENDOR_ID, SHIPTO_ISMANUALCOORDINATES, SHIPTO_ISMILITARY, CREATEDON, RECORD_UPDATE_DATE, NUMBER, AMOUNT, DATE, ERRORMESSAGE, EXPORTID, GROUPINGOPTION, INVOICE_ID, MODIFIEDON, PROJECT_ID, SHIPTO_COUNTRY, STATUS, RECORD_UPDATED_BY, TECHNICIAN_ID, SHIPTO_STATE, MARKUP, REQUISITION_ID, SENDSTATUS, SHIPTO_LATITUDE, SHIPTO_STREET, INVENTORYLOCATION_ID, TYPE_ID, BATCH_ID, CREATEDBY_ID, SENTON, PROJECTLABELS, SENDINGMETHOD, SHIPTO_CITY, TAXRATE, EXTERNALID, ID, TAX, VENDOR, IMPORTID, NOCHARGE, SHIPTO_ZIP, SUMMARY, TENANT_TYPE, SHIPPING, CANCELEDREASON, ISTIMEANDMATERIAL, JOB_ID, RECEIVEDON, SHIPTODESCRIPTION, SHIPTO_UNIT, VENDORINVOICENUMBER, REQUIREDON]
Column Name found in Datamart and Curated Table :: CANCELEDBY_ID
Column Name found in Datamart and Curated Table :: CANCELEDREASON
Column Name found in Datamart and Curated Table :: INVENTORYLOCATION_ID
Column Name found in Datamart and Curated Table :: POVENDOR_ID
Column Name found in Datamart and Curated Table :: SHIPTO_CITY
Column Name found in Datamart and Curated Table :: SHIPTO_LATITUDE
Column Name found in Datamart and Curated Table :: STATUS
Column Name found in Datamart and Curated Table :: TECHNICIAN_ID
Column Name found in Datamart and Curated Table :: AMOUNT
Column Name found in Datamart and Curated Table :: BUSINESSUNIT_ID
Column Name found in Datamart and Curated Table :: CREATEDBY_ID
Column Name found in Datamart and Curated Table :: ISTIMEANDMATERIAL
Column Name found in Datamart and Curated Table :: SENDSTATUS
Column Name found in Datamart and Curated Table :: SHIPPING
Column Name found in Datamart and Curated Table :: SHIPTO_UNIT
Column Name found in Datamart and Curated Table :: TAXSCHEMA
Column Name found in Datamart and Curated Table :: TRUCK_ID
Column Name found in Datamart and Curated Table :: TYPE_ID
Column Name found in Datamart and Curated Table :: VENDORINVOICENUMBER
Column Name found in Datamart and Curated Table :: PROJECTLABELS
Column Name found in Datamart and Curated Table :: SHIPTO_COUNTRY
Column Name found in Datamart and Curated Table :: EXPORTID
Column Name found in Datamart and Curated Table :: MARKUP
Column Name found in Datamart and Curated Table :: SHIPTO_STREET
Column Name found in Datamart and Curated Table :: IMPORTID
Column Name found in Datamart and Curated Table :: NUMBER
Column Name found in Datamart and Curated Table :: TAX
Column Name found in Datamart and Curated Table :: TAXRATE
Column Name found in Datamart and Curated Table :: VENDOR
Column Name found in Datamart and Curated Table :: CANCELEDON
Column Name found in Datamart and Curated Table :: CREATEDON
Column Name found in Datamart and Curated Table :: DATE
Column Name found in Datamart and Curated Table :: MODIFIEDON
Column Name found in Datamart and Curated Table :: ERRORMESSAGE
Column Name found in Datamart and Curated Table :: REQUIREDON
Column Name found in Datamart and Curated Table :: SHIPTO_LONGITUDE
Column Name found in Datamart and Curated Table :: ACTIVE
Column Name found in Datamart and Curated Table :: REQUISITION_ID
Column Name found in Datamart and Curated Table :: SHIPTO_ISMILITARY
Column Name found in Datamart and Curated Table :: GROUPINGOPTION
Column Name found in Datamart and Curated Table :: PROJECT_ID
Column Name found in Datamart and Curated Table :: SENDINGMETHOD
Column Name found in Datamart and Curated Table :: SHIPTO_ZIP
Column Name found in Datamart and Curated Table :: RECEIVEDON
Column Name found in Datamart and Curated Table :: SUMMARY
Column Name found in Datamart and Curated Table :: BATCH_ID
Column Name found in Datamart and Curated Table :: EXTERNALID
Column Name found in Datamart and Curated Table :: ID
Column Name found in Datamart and Curated Table :: INVOICE_ID
Column Name found in Datamart and Curated Table :: JOB_ID
Column Name found in Datamart and Curated Table :: NOCHARGE
Column Name found in Datamart and Curated Table :: SHIPTO_ISMANUALCOORDINATES
Column Name found in Datamart and Curated Table :: SHIPTO_STATE
Column Name found in Datamart and Curated Table :: SENTON
Column Name found in Datamart and Curated Table :: SHIPTODESCRIPTION
Column Name found in Datamart and Curated Table :: TENANT_TYPE
Datamart tables contains additional column name like [ACTIVE_FLAG, RECORD_CREATE_DATE, RECORD_UPDATE_DATE, MASTER_ID]
Curated tables contains additional column name like [RECORD_CREATE_DATE, RECORD_UPDATE_DATE, RECORD_UPDATED_BY]]]>
  </system-out>
  <testcase classname="testcases.RAW_DATAMART_CURATED.SnowFlake_ColumnValidation_APITables" name="validateColumnName_BKP" time="2.151"/>
  <system-out>
    <![CDATA[Executing Snowflake query :: SELECT COLUMN_NAME FROM DEV_ENT_RAW.INFORMATION_SCHEMA.COLUMNS WHERE TABLE_NAME='ST_API_ESTIMATEITEM'and TABLE_SCHEMA='API_MAT'
Executing Snowflake query :: SELECT COLUMN_NAME FROM CURATED_DATAMART.INFORMATION_SCHEMA.COLUMNS WHERE TABLE_NAME='STR_API_ESTIMATEITEM'and TABLE_SCHEMA='ST_API_HDAIR'
Executing Snowflake query :: SELECT COLUMN_NAME FROM DEV_ENT_CURATED.INFORMATION_SCHEMA.COLUMNS WHERE TABLE_NAME='DIM_ESTIMATEITEM'and TABLE_SCHEMA='MASTER_DIMENSIONS'
Column names for RAW Table --> ST_API_ESTIMATEITEM :: [ESTIMATE_ID, ID, INSTALLEDEQUIPMENT_ID, SCHEDULEDFLATAMOUNT, AUTOGLASSITEM_ID, COST, ISADDON, ITEMGROUPROOT_ID, RENEWABLEMEMBERSHIP_ID, UNITPRICE, MARKUP, PROJECTLABELS, SKUREFERENCE_SKUTYPE, SOLDBY_ID, SKUREFERENCE_SKUID, ACTIVE, CHARGEABLE, CREATEDFROM_ID, MEMBERSHIPDURATION, PROJECTORDER, QUANTITY, COSTOFSALEACCOUNT_ID, ADDONFLATAMOUNT, EQUIPMENT_ID, STANDARDPRICE, ACCOUNT, GENERALLEDGERACCOUNT_ID, TOTALCOST, MODIFIEDON, SKU_ID, DESCRIPTION, INVOICEITEM_ID, LASTUNITPRICESETBYEMPLOYEE, MEMBERPRICE, PAYSSOLDBYRATE, IMPORTID, ISNOTGOINGTOBEDONE, TAXABLE, ITEMGROUPNAME, ALLOWDISCOUNTS, DEMANDSTATUS, MEMBERSHIPBILLINGFREQUENCY, PARENTITEM_ID, PAYSFLATAMOUNT, TOTAL, CREATEDBY_ID, CREATEDON, PRICEMODIFIER_ID, ORDER, TENANT_TYPE]
Column names for DataMart Table --> STR_API_ESTIMATEITEM :: [ADDONFLATAMOUNT, COSTOFSALEACCOUNT_ID, ISHIDDENFROMCUSTOMER, LASTUNITPRICESETBYEMPLOYEE, TOTALCOST, EQUIPMENT_ID, AUTOGLASSITEM_ID, ESTIMATE_ID, IMPORTID, ITEMGROUPNAME, ITEMGROUPROOT_ID, RECORD_CREATE_DATE, SCHEDULEDFLATAMOUNT, GENERALLEDGERACCOUNT_ID, INSTALLEDEQUIPMENT_ID, MASTER_ID, PAYSFLATAMOUNT, RECORD_UPDATE_DATE, TAXABLE, ACCOUNT, ACTIVE_FLAG, INVOICEITEM_ID, MEMBERSHIPBILLINGFREQUENCY, PROJECTLABELS, STANDARDPRICE, DEMANDSTATUS, ISNOTGOINGTOBEDONE, PAYSSOLDBYRATE, PARENTITEM_ID, CREATEDON, SKU_ID, MEMBERSHIPDURATION, TENANT_TYPE, MODIFIEDON, PROJECTORDER, SKUREFERENCE_SKUTYPE, COST, CREATEDBY_ID, CREATEDFROM_ID, SOLDBY_ID, MEMBERPRICE, SKUREFERENCE_SKUID, DESCRIPTION, ORDER, RECORD_UPDATED_BY, PRICEMODIFIER_ID, QUANTITY, TOTAL, UNITPRICE, ACTIVE, ALLOWDISCOUNTS, CHARGEABLE, ID, ISADDON, MARKUP, RENEWABLEMEMBERSHIP_ID]
Column names for Curated Table --> DIM_ESTIMATEITEM :: [CREATEDON, DEMANDSTATUS, MEMBERPRICE, MEMBERSHIPBILLINGFREQUENCY, MEMBERSHIPDURATION, SKUREFERENCE_SKUTYPE, ADDONFLATAMOUNT, AUTOGLASSITEM_ID, COST, ID, PAYSSOLDBYRATE, STANDARDPRICE, TENANT_TYPE, TOTAL, RECORD_CREATE_DATE, ITEMGROUPROOT_ID, PARENTITEM_ID, ORDER, PROJECTLABELS, SOLDBY_ID, PROJECTORDER, ACTIVE, ALLOWDISCOUNTS, CREATEDFROM_ID, DESCRIPTION, ESTIMATE_ID, MARKUP, ISADDON, CREATEDBY_ID, GENERALLEDGERACCOUNT_ID, INVOICEITEM_ID, PRICEMODIFIER_ID, RECORD_UPDATED_BY, SKUREFERENCE_SKUID, QUANTITY, CHARGEABLE, ISHIDDENFROMCUSTOMER, SKU_ID, COSTOFSALEACCOUNT_ID, ISNOTGOINGTOBEDONE, TOTALCOST, INSTALLEDEQUIPMENT_ID, ITEMGROUPNAME, PAYSFLATAMOUNT, TAXABLE, SCHEDULEDFLATAMOUNT, ACCOUNT, EQUIPMENT_ID, LASTUNITPRICESETBYEMPLOYEE, RENEWABLEMEMBERSHIP_ID, IMPORTID, RECORD_UPDATE_DATE, UNITPRICE, MODIFIEDON]
Column Name found in Datamart and Curated Table :: ESTIMATE_ID
Column Name found in Datamart and Curated Table :: ID
Column Name found in Datamart and Curated Table :: INSTALLEDEQUIPMENT_ID
Column Name found in Datamart and Curated Table :: SCHEDULEDFLATAMOUNT
Column Name found in Datamart and Curated Table :: AUTOGLASSITEM_ID
Column Name found in Datamart and Curated Table :: COST
Column Name found in Datamart and Curated Table :: ISADDON
Column Name found in Datamart and Curated Table :: ITEMGROUPROOT_ID
Column Name found in Datamart and Curated Table :: RENEWABLEMEMBERSHIP_ID
Column Name found in Datamart and Curated Table :: UNITPRICE
Column Name found in Datamart and Curated Table :: MARKUP
Column Name found in Datamart and Curated Table :: PROJECTLABELS
Column Name found in Datamart and Curated Table :: SKUREFERENCE_SKUTYPE
Column Name found in Datamart and Curated Table :: SOLDBY_ID
Column Name found in Datamart and Curated Table :: SKUREFERENCE_SKUID
Column Name found in Datamart and Curated Table :: ACTIVE
Column Name found in Datamart and Curated Table :: CHARGEABLE
Column Name found in Datamart and Curated Table :: CREATEDFROM_ID
Column Name found in Datamart and Curated Table :: MEMBERSHIPDURATION
Column Name found in Datamart and Curated Table :: PROJECTORDER
Column Name found in Datamart and Curated Table :: QUANTITY
Column Name found in Datamart and Curated Table :: COSTOFSALEACCOUNT_ID
Column Name found in Datamart and Curated Table :: ADDONFLATAMOUNT
Column Name found in Datamart and Curated Table :: EQUIPMENT_ID
Column Name found in Datamart and Curated Table :: STANDARDPRICE
Column Name found in Datamart and Curated Table :: ACCOUNT
Column Name found in Datamart and Curated Table :: GENERALLEDGERACCOUNT_ID
Column Name found in Datamart and Curated Table :: TOTALCOST
Column Name found in Datamart and Curated Table :: MODIFIEDON
Column Name found in Datamart and Curated Table :: SKU_ID
Column Name found in Datamart and Curated Table :: DESCRIPTION
Column Name found in Datamart and Curated Table :: INVOICEITEM_ID
Column Name found in Datamart and Curated Table :: LASTUNITPRICESETBYEMPLOYEE
Column Name found in Datamart and Curated Table :: MEMBERPRICE
Column Name found in Datamart and Curated Table :: PAYSSOLDBYRATE
Column Name found in Datamart and Curated Table :: IMPORTID
Column Name found in Datamart and Curated Table :: ISNOTGOINGTOBEDONE
Column Name found in Datamart and Curated Table :: TAXABLE
Column Name found in Datamart and Curated Table :: ITEMGROUPNAME
Column Name found in Datamart and Curated Table :: ALLOWDISCOUNTS
Column Name found in Datamart and Curated Table :: DEMANDSTATUS
Column Name found in Datamart and Curated Table :: MEMBERSHIPBILLINGFREQUENCY
Column Name found in Datamart and Curated Table :: PARENTITEM_ID
Column Name found in Datamart and Curated Table :: PAYSFLATAMOUNT
Column Name found in Datamart and Curated Table :: TOTAL
Column Name found in Datamart and Curated Table :: CREATEDBY_ID
Column Name found in Datamart and Curated Table :: CREATEDON
Column Name found in Datamart and Curated Table :: PRICEMODIFIER_ID
Column Name found in Datamart and Curated Table :: ORDER
Column Name found in Datamart and Curated Table :: TENANT_TYPE
Datamart tables contains additional column name like [ACTIVE_FLAG, RECORD_CREATE_DATE, RECORD_UPDATE_DATE, MASTER_ID]
Curated tables contains additional column name like [RECORD_CREATE_DATE, RECORD_UPDATE_DATE, RECORD_UPDATED_BY]]]>
  </system-out>
  <testcase classname="testcases.RAW_DATAMART_CURATED.SnowFlake_ColumnValidation_APITables" name="validateColumnName_BKP" time="2.266"/>
  <system-out>
    <![CDATA[Executing Snowflake query :: SELECT COLUMN_NAME FROM DEV_ENT_RAW.INFORMATION_SCHEMA.COLUMNS WHERE TABLE_NAME='ST_API_EQUIPMENT'and TABLE_SCHEMA='API_MAT'
Executing Snowflake query :: SELECT COLUMN_NAME FROM CURATED_DATAMART.INFORMATION_SCHEMA.COLUMNS WHERE TABLE_NAME='STR_API_EQUIPMENT'and TABLE_SCHEMA='ST_API_BILLFENWICK'
Executing Snowflake query :: SELECT COLUMN_NAME FROM DEV_ENT_CURATED.INFORMATION_SCHEMA.COLUMNS WHERE TABLE_NAME='DIM_EQUIPMENT'and TABLE_SCHEMA='MASTER_DIMENSIONS'
Column names for RAW Table --> ST_API_EQUIPMENT :: [BUSINESSUNIT_ID, HOURS, IMPORTID, TAXABLE, MANUFACTURER, MODIFIEDON, NAME, PAYSSOLDBYRATE, PAYTECHSPECIFICBONUS, SCHEDULEDFLATAMOUNT, SOURCEVERSION, ACCOUNT, CREATEDBY_ID, SOURCE, WARRANTYRESERVE, BONUS, ADDONMEMBERPRICE, COST, ISSERIALIZED, MANUFACTURERWARRANTY_DESCRIPTION, EXCLUDEFROMPRICEBOOKWIZARD, ORIGINAL_ID, PRIMARYVENDOR_ID, ALLOWDISCOUNTS, COPIEDFROM_ID, CREATEDON, PAYSFLATAMOUNT, SERIALIZEDON, DISPLAYNAME, ACTIVE, ARCHIVED, AVALARACOMMERCIALTAXCODE, CROSSSALEGROUP, PAYSCOMMISSION, UNITOFMEASURE, DISPLAYINAMOUNT, EXTERNALID, ID, INVENTORYENABLEDON, SUPPLIERIMAGES, SYNCDATE, ADDONFLATAMOUNT, ISINVENTORY, TYPE_ID, SERVICEPROVIDERWARRANTY_DURATION, AVALARARESIDENTIALTAXCODE, COMMISSIONBONUS, IMAGES, MODEL, INVENTORYENABLEDBY_ID, PRICE, ADDONPRICE, ASSETACCOUNT_ID, CATEGORY_ID, GENERALLEDGERACCOUNT_ID, LOYALTYPROGRAMELIGIBLE, COSTOFSALEACCOUNT_ID, DESCRIPTION, MANUFACTURERWARRANTY_DURATION, PROVIDER_ID, SERVICEPROVIDERWARRANTY_DESCRIPTION, MEMBERPRICE, TENANT_TYPE]
Column names for DataMart Table --> STR_API_EQUIPMENT :: [ACCOUNT, BRAND, BUSINESSUNIT_ID, CREATEDON, SERVICEPROVIDERWARRANTY_DURATION, GENERALLEDGERACCOUNT_ID, IMAGES, PROVIDER_ID, ACTIVE, ALLOWDISCOUNTS, ARCHIVED, DISPLAYINAMOUNT, NAME, PAYSFLATAMOUNT, PAYSSOLDBYRATE, ADDONPRICE, PRIMARYVENDOR_ID, SOURCEVERSION, DISPLAYNAME, ISSERIALIZED, BONUS, DESCRIPTION, ORIGINAL_ID, RECORD_CREATE_DATE, SUPPLIERIMAGES, INVENTORYENABLEDON, COMMISSIONBONUS, CROSSSALEGROUP, ID, ISINVENTORY, SERVICEPROVIDERWARRANTY_DESCRIPTION, TAXABLE, MANUFACTURERWARRANTY_DURATION, MODEL, RECORD_UPDATE_DATE, UNITOFMEASURE, LOYALTYPROGRAMELIGIBLE, SOURCE, WARRANTYRESERVE, ADDONFLATAMOUNT, COST, COSTOFSALEACCOUNT_ID, EXTERNALID, MANUFACTURER, ACTIVE_FLAG, ADDONMEMBERPRICE, AVALARARESIDENTIALTAXCODE, COPIEDFROM_ID, EXCLUDEFROMPRICEBOOKWIZARD, MASTER_ID, MODIFIEDON, PAYSCOMMISSION, ASSETACCOUNT_ID, AVALARACOMMERCIALTAXCODE, CATEGORY_ID, INVENTORYENABLEDBY_ID, MEMBERPRICE, SCHEDULEDFLATAMOUNT, SYNCDATE, TENANT_TYPE, TYPE_ID, CREATEDBY_ID, MANUFACTURERWARRANTY_DESCRIPTION, PRICE, SERIALIZEDON, HOURS, IMPORTID, PAYTECHSPECIFICBONUS]
Column names for Curated Table --> DIM_EQUIPMENT :: [ASSETACCOUNT_ID, COMMISSIONBONUS, COSTOFSALEACCOUNT_ID, MODEL, SCHEDULEDFLATAMOUNT, COPIEDFROM_ID, ISSERIALIZED, PAYSFLATAMOUNT, PAYTECHSPECIFICBONUS, RECORD_CREATE_DATE, SERVICEPROVIDERWARRANTY_DURATION, ID, AVALARACOMMERCIALTAXCODE, BONUS, HOURS, LOYALTYPROGRAMELIGIBLE, SOURCE, SERIALIZEDON, ADDONPRICE, EXCLUDEFROMPRICEBOOKWIZARD, PAYSCOMMISSION, ISINVENTORY, MODIFIEDON, ACTIVE, ADDONMEMBERPRICE, CREATEDON, EXTERNALID, PRIMARYVENDOR_ID, BUSINESSUNIT_ID, NAME, PAYSSOLDBYRATE, SYNCDATE, AVALARARESIDENTIALTAXCODE, BRAND, CREATEDBY_ID, DISPLAYINAMOUNT, MANUFACTURERWARRANTY_DESCRIPTION, TENANT_TYPE, MANUFACTURER, PROVIDER_ID, SOURCEVERSION, RECORD_UPDATED_BY, ACCOUNT, ADDONFLATAMOUNT, COST, DISPLAYNAME, INVENTORYENABLEDBY_ID, TAXABLE, ARCHIVED, RECORD_UPDATE_DATE, DESCRIPTION, CATEGORY_ID, ALLOWDISCOUNTS, GENERALLEDGERACCOUNT_ID, INVENTORYENABLEDON, PRICE, TYPE_ID, SUPPLIERIMAGES, UNITOFMEASURE, CROSSSALEGROUP, IMAGES, IMPORTID, ORIGINAL_ID, SERVICEPROVIDERWARRANTY_DESCRIPTION, MEMBERPRICE, WARRANTYRESERVE, MANUFACTURERWARRANTY_DURATION]
Column Name found in Datamart and Curated Table :: BUSINESSUNIT_ID
Column Name found in Datamart and Curated Table :: HOURS
Column Name found in Datamart and Curated Table :: IMPORTID
Column Name found in Datamart and Curated Table :: TAXABLE
Column Name found in Datamart and Curated Table :: MANUFACTURER
Column Name found in Datamart and Curated Table :: MODIFIEDON
Column Name found in Datamart and Curated Table :: NAME
Column Name found in Datamart and Curated Table :: PAYSSOLDBYRATE
Column Name found in Datamart and Curated Table :: PAYTECHSPECIFICBONUS
Column Name found in Datamart and Curated Table :: SCHEDULEDFLATAMOUNT
Column Name found in Datamart and Curated Table :: SOURCEVERSION
Column Name found in Datamart and Curated Table :: ACCOUNT
Column Name found in Datamart and Curated Table :: CREATEDBY_ID
Column Name found in Datamart and Curated Table :: SOURCE
Column Name found in Datamart and Curated Table :: WARRANTYRESERVE
Column Name found in Datamart and Curated Table :: BONUS
Column Name found in Datamart and Curated Table :: ADDONMEMBERPRICE
Column Name found in Datamart and Curated Table :: COST
Column Name found in Datamart and Curated Table :: ISSERIALIZED
Column Name found in Datamart and Curated Table :: MANUFACTURERWARRANTY_DESCRIPTION
Column Name found in Datamart and Curated Table :: EXCLUDEFROMPRICEBOOKWIZARD
Column Name found in Datamart and Curated Table :: ORIGINAL_ID
Column Name found in Datamart and Curated Table :: PRIMARYVENDOR_ID
Column Name found in Datamart and Curated Table :: ALLOWDISCOUNTS
Column Name found in Datamart and Curated Table :: COPIEDFROM_ID
Column Name found in Datamart and Curated Table :: CREATEDON
Column Name found in Datamart and Curated Table :: PAYSFLATAMOUNT
Column Name found in Datamart and Curated Table :: SERIALIZEDON
Column Name found in Datamart and Curated Table :: DISPLAYNAME
Column Name found in Datamart and Curated Table :: ACTIVE
Column Name found in Datamart and Curated Table :: ARCHIVED
Column Name found in Datamart and Curated Table :: AVALARACOMMERCIALTAXCODE
Column Name found in Datamart and Curated Table :: CROSSSALEGROUP
Column Name found in Datamart and Curated Table :: PAYSCOMMISSION
Column Name found in Datamart and Curated Table :: UNITOFMEASURE
Column Name found in Datamart and Curated Table :: DISPLAYINAMOUNT
Column Name found in Datamart and Curated Table :: EXTERNALID
Column Name found in Datamart and Curated Table :: ID
Column Name found in Datamart and Curated Table :: INVENTORYENABLEDON
Column Name found in Datamart and Curated Table :: SUPPLIERIMAGES
Column Name found in Datamart and Curated Table :: SYNCDATE
Column Name found in Datamart and Curated Table :: ADDONFLATAMOUNT
Column Name found in Datamart and Curated Table :: ISINVENTORY
Column Name found in Datamart and Curated Table :: TYPE_ID
Column Name found in Datamart and Curated Table :: SERVICEPROVIDERWARRANTY_DURATION
Column Name found in Datamart and Curated Table :: AVALARARESIDENTIALTAXCODE
Column Name found in Datamart and Curated Table :: COMMISSIONBONUS
Column Name found in Datamart and Curated Table :: IMAGES
Column Name found in Datamart and Curated Table :: MODEL
Column Name found in Datamart and Curated Table :: INVENTORYENABLEDBY_ID
Column Name found in Datamart and Curated Table :: PRICE
Column Name found in Datamart and Curated Table :: ADDONPRICE
Column Name found in Datamart and Curated Table :: ASSETACCOUNT_ID
Column Name found in Datamart and Curated Table :: CATEGORY_ID
Column Name found in Datamart and Curated Table :: GENERALLEDGERACCOUNT_ID
Column Name found in Datamart and Curated Table :: LOYALTYPROGRAMELIGIBLE
Column Name found in Datamart and Curated Table :: COSTOFSALEACCOUNT_ID
Column Name found in Datamart and Curated Table :: DESCRIPTION
Column Name found in Datamart and Curated Table :: MANUFACTURERWARRANTY_DURATION
Column Name found in Datamart and Curated Table :: PROVIDER_ID
Column Name found in Datamart and Curated Table :: SERVICEPROVIDERWARRANTY_DESCRIPTION
Column Name found in Datamart and Curated Table :: MEMBERPRICE
Column Name found in Datamart and Curated Table :: TENANT_TYPE
Datamart tables contains additional column name like [ACTIVE_FLAG, RECORD_CREATE_DATE, RECORD_UPDATE_DATE, MASTER_ID]
Curated tables contains additional column name like [RECORD_CREATE_DATE, RECORD_UPDATE_DATE, RECORD_UPDATED_BY]]]>
  </system-out>
  <testcase classname="testcases.RAW_DATAMART_CURATED.SnowFlake_ColumnValidation_APITables" name="validateColumnName_BKP" time="2.652"/>
  <system-out>
    <![CDATA[Executing Snowflake query :: SELECT COLUMN_NAME FROM DEV_ENT_RAW.INFORMATION_SCHEMA.COLUMNS WHERE TABLE_NAME='ST_API_LEAD'and TABLE_SCHEMA='API_MAT'
Executing Snowflake query :: SELECT COLUMN_NAME FROM CURATED_DATAMART.INFORMATION_SCHEMA.COLUMNS WHERE TABLE_NAME='STR_API_LEAD'and TABLE_SCHEMA='ST_API_EANESHEATING'
Executing Snowflake query :: SELECT COLUMN_NAME FROM DEV_ENT_CURATED.INFORMATION_SCHEMA.COLUMNS WHERE TABLE_NAME='DIM_LEAD'and TABLE_SCHEMA='MASTER_DIMENSIONS'
Column names for RAW Table --> ST_API_LEAD :: [CREATEDBY_ID, ID, CREATEDON, PRIORITY, PROJECT_ID, STATUS, ESTIMATE_ID, JOBTYPE_ID, MODIFIEDON, SUMMARY, CUSTOMER_ID, LOCATION_ID, CAMPAIGN_ID, LATESTFOLLOWUPDATE, ACTIVE, BUSINESSUNIT_ID, IMPORTID, TENANT_TYPE]
Column names for DataMart Table --> STR_API_LEAD :: [PRIORITY, CREATEDBY_ID, LATESTFOLLOWUPDATE, STATUS, MODIFIEDON, RECORD_UPDATE_DATE, SUMMARY, JOBTYPE_ID, LOCATION_ID, MD5_VALUE, CUSTOMER_ID, ACTIVE, ID, MASTER_ID, ACTIVE_FLAG, BUSINESSUNIT_ID, CAMPAIGN_ID, CREATEDON, ESTIMATE_ID, IMPORTID, PROJECT_ID, RECORD_CREATE_DATE, TENANT_TYPE]
Column names for Curated Table --> DIM_LEAD :: [PRIORITY, ESTIMATE_ID, MD5_VALUE, MODIFIEDON, TENANT_TYPE, RECORD_UPDATED_BY, CUSTOMER_ID, PROJECT_ID, RECORD_CREATE_DATE, IMPORTID, STATUS, ACTIVE, BUSINESSUNIT_ID, CAMPAIGN_ID, CREATEDON, JOBTYPE_ID, LOCATION_ID, RECORD_UPDATE_DATE, CREATEDBY_ID, ID, LATESTFOLLOWUPDATE, SUMMARY]
Column Name found in Datamart and Curated Table :: CREATEDBY_ID
Column Name found in Datamart and Curated Table :: ID
Column Name found in Datamart and Curated Table :: CREATEDON
Column Name found in Datamart and Curated Table :: PRIORITY
Column Name found in Datamart and Curated Table :: PROJECT_ID
Column Name found in Datamart and Curated Table :: STATUS
Column Name found in Datamart and Curated Table :: ESTIMATE_ID
Column Name found in Datamart and Curated Table :: JOBTYPE_ID
Column Name found in Datamart and Curated Table :: MODIFIEDON
Column Name found in Datamart and Curated Table :: SUMMARY
Column Name found in Datamart and Curated Table :: CUSTOMER_ID
Column Name found in Datamart and Curated Table :: LOCATION_ID
Column Name found in Datamart and Curated Table :: CAMPAIGN_ID
Column Name found in Datamart and Curated Table :: LATESTFOLLOWUPDATE
Column Name found in Datamart and Curated Table :: ACTIVE
Column Name found in Datamart and Curated Table :: BUSINESSUNIT_ID
Column Name found in Datamart and Curated Table :: IMPORTID
Column Name found in Datamart and Curated Table :: TENANT_TYPE
Datamart tables contains additional column name like [ACTIVE_FLAG, RECORD_CREATE_DATE, RECORD_UPDATE_DATE, MASTER_ID]
Curated tables contains additional column name like [RECORD_CREATE_DATE, RECORD_UPDATE_DATE, RECORD_UPDATED_BY]]]>
  </system-out>
  <testcase classname="testcases.RAW_DATAMART_CURATED.SnowFlake_ColumnValidation_APITables" name="validateColumnName_BKP" time="2.865"/>
  <system-out>
    <![CDATA[Executing Snowflake query :: SELECT COLUMN_NAME FROM DEV_ENT_RAW.INFORMATION_SCHEMA.COLUMNS WHERE TABLE_NAME='ST_API_MATERIAL'and TABLE_SCHEMA='API_MAT'
Executing Snowflake query :: SELECT COLUMN_NAME FROM CURATED_DATAMART.INFORMATION_SCHEMA.COLUMNS WHERE TABLE_NAME='STR_API_MATERIAL'and TABLE_SCHEMA='ST_API_MAITZ'
Executing Snowflake query :: SELECT COLUMN_NAME FROM DEV_ENT_CURATED.INFORMATION_SCHEMA.COLUMNS WHERE TABLE_NAME='DIM_MATERIAL'and TABLE_SCHEMA='MASTER_DIMENSIONS'
Column names for RAW Table --> ST_API_MATERIAL :: [CATEGORY_ID, COSTOFSALEACCOUNT_ID, DISPLAYINAMOUNT, SOLDBYCOMMISSION, ARCHIVED, AVALARACOMMERCIALTAXCODE, BONUS, COMMISSIONBONUS, EXCLUDEFROMPRICEBOOKWIZARD, INVENTORYENABLEDON, PURCHASEORDERLIMITS_FLATAMOUNT, LOYALTYPROGRAMELIGIBLE, ACCOUNT, BUSINESSUNIT_ID, CREATEDON, NOTAX, ORIGINAL_ID, PROVIDER_ID, SERIALIZEDON, UNITOFMEASURE, IMPORTID, DISPLAYNAME, ASSETACCOUNT_ID, COPIEDFROM_ID, ISSERIALIZED, PAYSFLATAMOUNT, PRICE, GENERALLEDGERACCOUNT_ID, ID, ISINVENTORY, ACTIVE, AVALARARESIDENTIALTAXCODE, EXTERNALID, IMAGES, PRIMARYVENDOR_ID, TAXABLE, USEFIXEDMATERIALPRICE, DEDUCTASJOBCOST, SOURCEVERSION, SYNCDATE, MODIFIEDON, ADDONMEMBERPRICE, COST, NAME, PAYSCOMMISSION, PAYSSOLDBYRATE, DESCRIPTION, HOURS, SCHEDULEDFLATAMOUNT, SOURCE, ADDONFLATAMOUNT, ADDONPRICE, AUTOGLASSTYPE, CROSSSALEGROUP, PAYTECHSPECIFICBONUS, PURCHASEORDERLIMITS_REVENUEPERCENT, SUPPLIERIMAGES, CREATEDBY_ID, MEMBERPRICE, INVENTORYENABLEDBY_ID, TENANT_TYPE]
Column names for DataMart Table --> STR_API_MATERIAL :: [ADDONPRICE, COSTOFSALEACCOUNT_ID, INVENTORYENABLEDON, MASTER_ID, PAYSCOMMISSION, PURCHASEORDERLIMITS_REVENUEPERCENT, ORIGINAL_ID, PURCHASEORDERLIMITS_FLATAMOUNT, ARCHIVED, COST, EXCLUDEFROMPRICEBOOKWIZARD, ID, PRIMARYVENDOR_ID, RECORD_UPDATE_DATE, SYNCDATE, USEFIXEDMATERIALPRICE, SOURCEVERSION, TAXABLE, SOLDBYCOMMISSION, AVALARACOMMERCIALTAXCODE, PAYSFLATAMOUNT, PAYTECHSPECIFICBONUS, ISINVENTORY, MEMBERPRICE, PRICE, CREATEDBY_ID, DISPLAYNAME, CROSSSALEGROUP, IMPORTID, INVENTORYENABLEDBY_ID, CREATEDON, NOTAX, TENANT_TYPE, CATEGORY_ID, AVALARARESIDENTIALTAXCODE, DEDUCTASJOBCOST, GENERALLEDGERACCOUNT_ID, LOYALTYPROGRAMELIGIBLE, COMMISSIONBONUS, COPIEDFROM_ID, EXTERNALID, SUPPLIERIMAGES, NAME, SOURCE, ACCOUNT, ADDONFLATAMOUNT, ADDONMEMBERPRICE, AUTOGLASSTYPE, BONUS, IMAGES, PROVIDER_ID, RECORD_CREATE_DATE, SERIALIZEDON, ASSETACCOUNT_ID, UNITOFMEASURE, SCHEDULEDFLATAMOUNT, ACTIVE, ACTIVE_FLAG, DESCRIPTION, DISPLAYINAMOUNT, ISSERIALIZED, MODIFIEDON, HOURS, BUSINESSUNIT_ID, PAYSSOLDBYRATE]
Column names for Curated Table --> DIM_MATERIAL :: [BUSINESSUNIT_ID, DEDUCTASJOBCOST, HOURS, MEMBERPRICE, MODIFIEDON, SCHEDULEDFLATAMOUNT, ARCHIVED, BONUS, COST, EXCLUDEFROMPRICEBOOKWIZARD, INVENTORYENABLEDON, SOURCE, ID, RECORD_UPDATED_BY, RECORD_UPDATE_DATE, ADDONPRICE, ASSETACCOUNT_ID, AVALARARESIDENTIALTAXCODE, DESCRIPTION, IMPORTID, ISSERIALIZED, PAYSSOLDBYRATE, ISINVENTORY, NOTAX, CREATEDBY_ID, PRIMARYVENDOR_ID, SERIALIZEDON, GENERALLEDGERACCOUNT_ID, RECORD_CREATE_DATE, CROSSSALEGROUP, SOLDBYCOMMISSION, ACTIVE, CATEGORY_ID, EXTERNALID, NAME, USEFIXEDMATERIALPRICE, INVENTORYENABLEDBY_ID, PAYTECHSPECIFICBONUS, PROVIDER_ID, PURCHASEORDERLIMITS_REVENUEPERCENT, SUPPLIERIMAGES, ACCOUNT, ADDONFLATAMOUNT, COMMISSIONBONUS, CREATEDON, PAYSCOMMISSION, DISPLAYINAMOUNT, SOURCEVERSION, COSTOFSALEACCOUNT_ID, DISPLAYNAME, IMAGES, ORIGINAL_ID, TAXABLE, COPIEDFROM_ID, UNITOFMEASURE, ADDONMEMBERPRICE, AUTOGLASSTYPE, AVALARACOMMERCIALTAXCODE, LOYALTYPROGRAMELIGIBLE, PRICE, PURCHASEORDERLIMITS_FLATAMOUNT, SYNCDATE, TENANT_TYPE, PAYSFLATAMOUNT]
Column Name found in Datamart and Curated Table :: CATEGORY_ID
Column Name found in Datamart and Curated Table :: COSTOFSALEACCOUNT_ID
Column Name found in Datamart and Curated Table :: DISPLAYINAMOUNT
Column Name found in Datamart and Curated Table :: SOLDBYCOMMISSION
Column Name found in Datamart and Curated Table :: ARCHIVED
Column Name found in Datamart and Curated Table :: AVALARACOMMERCIALTAXCODE
Column Name found in Datamart and Curated Table :: BONUS
Column Name found in Datamart and Curated Table :: COMMISSIONBONUS
Column Name found in Datamart and Curated Table :: EXCLUDEFROMPRICEBOOKWIZARD
Column Name found in Datamart and Curated Table :: INVENTORYENABLEDON
Column Name found in Datamart and Curated Table :: PURCHASEORDERLIMITS_FLATAMOUNT
Column Name found in Datamart and Curated Table :: LOYALTYPROGRAMELIGIBLE
Column Name found in Datamart and Curated Table :: ACCOUNT
Column Name found in Datamart and Curated Table :: BUSINESSUNIT_ID
Column Name found in Datamart and Curated Table :: CREATEDON
Column Name found in Datamart and Curated Table :: NOTAX
Column Name found in Datamart and Curated Table :: ORIGINAL_ID
Column Name found in Datamart and Curated Table :: PROVIDER_ID
Column Name found in Datamart and Curated Table :: SERIALIZEDON
Column Name found in Datamart and Curated Table :: UNITOFMEASURE
Column Name found in Datamart and Curated Table :: IMPORTID
Column Name found in Datamart and Curated Table :: DISPLAYNAME
Column Name found in Datamart and Curated Table :: ASSETACCOUNT_ID
Column Name found in Datamart and Curated Table :: COPIEDFROM_ID
Column Name found in Datamart and Curated Table :: ISSERIALIZED
Column Name found in Datamart and Curated Table :: PAYSFLATAMOUNT
Column Name found in Datamart and Curated Table :: PRICE
Column Name found in Datamart and Curated Table :: GENERALLEDGERACCOUNT_ID
Column Name found in Datamart and Curated Table :: ID
Column Name found in Datamart and Curated Table :: ISINVENTORY
Column Name found in Datamart and Curated Table :: ACTIVE
Column Name found in Datamart and Curated Table :: AVALARARESIDENTIALTAXCODE
Column Name found in Datamart and Curated Table :: EXTERNALID
Column Name found in Datamart and Curated Table :: IMAGES
Column Name found in Datamart and Curated Table :: PRIMARYVENDOR_ID
Column Name found in Datamart and Curated Table :: TAXABLE
Column Name found in Datamart and Curated Table :: USEFIXEDMATERIALPRICE
Column Name found in Datamart and Curated Table :: DEDUCTASJOBCOST
Column Name found in Datamart and Curated Table :: SOURCEVERSION
Column Name found in Datamart and Curated Table :: SYNCDATE
Column Name found in Datamart and Curated Table :: MODIFIEDON
Column Name found in Datamart and Curated Table :: ADDONMEMBERPRICE
Column Name found in Datamart and Curated Table :: COST
Column Name found in Datamart and Curated Table :: NAME
Column Name found in Datamart and Curated Table :: PAYSCOMMISSION
Column Name found in Datamart and Curated Table :: PAYSSOLDBYRATE
Column Name found in Datamart and Curated Table :: DESCRIPTION
Column Name found in Datamart and Curated Table :: HOURS
Column Name found in Datamart and Curated Table :: SCHEDULEDFLATAMOUNT
Column Name found in Datamart and Curated Table :: SOURCE
Column Name found in Datamart and Curated Table :: ADDONFLATAMOUNT
Column Name found in Datamart and Curated Table :: ADDONPRICE
Column Name found in Datamart and Curated Table :: AUTOGLASSTYPE
Column Name found in Datamart and Curated Table :: CROSSSALEGROUP
Column Name found in Datamart and Curated Table :: PAYTECHSPECIFICBONUS
Column Name found in Datamart and Curated Table :: PURCHASEORDERLIMITS_REVENUEPERCENT
Column Name found in Datamart and Curated Table :: SUPPLIERIMAGES
Column Name found in Datamart and Curated Table :: CREATEDBY_ID
Column Name found in Datamart and Curated Table :: MEMBERPRICE
Column Name found in Datamart and Curated Table :: INVENTORYENABLEDBY_ID
Column Name found in Datamart and Curated Table :: TENANT_TYPE
Datamart tables contains additional column name like [ACTIVE_FLAG, RECORD_CREATE_DATE, RECORD_UPDATE_DATE, MASTER_ID]
Curated tables contains additional column name like [RECORD_CREATE_DATE, RECORD_UPDATE_DATE, RECORD_UPDATED_BY]]]>
  </system-out>
  <testcase classname="testcases.RAW_DATAMART_CURATED.SnowFlake_ColumnValidation_APITables" name="validateColumnName_BKP" time="2.245"/>
  <system-out>
    <![CDATA[Executing Snowflake query :: SELECT COLUMN_NAME FROM DEV_ENT_RAW.INFORMATION_SCHEMA.COLUMNS WHERE TABLE_NAME='ST_API_JOB'and TABLE_SCHEMA='API_MAT'
Executing Snowflake query :: SELECT COLUMN_NAME FROM CURATED_DATAMART.INFORMATION_SCHEMA.COLUMNS WHERE TABLE_NAME='STR_API_JOB'and TABLE_SCHEMA='ST_API_GOLDMEDAL'
Executing Snowflake query :: SELECT COLUMN_NAME FROM DEV_ENT_CURATED.INFORMATION_SCHEMA.COLUMNS WHERE TABLE_NAME='DIM_JOB'and TABLE_SCHEMA='MASTER_DIMENSIONS'
Column names for RAW Table --> ST_API_JOB :: [ACTIVE, CUSTOMER_ID, MANAGEEMPLOYEEEMAIL, MONTHNUMBER, NOCHARGESOURCE, START, CAMPAIGN_ID, LASTCHANGEDBYSMARTDISPATCH, OPPORTUNITYDATE, PREVAILINGWAGEJOBNUMBER, PROJECT_ID, PRIORITY, DRIVETIME, PLANEND, PREDICTEDTOTAL, STATUS, TOTAL, APPROXIMATESTARTDATE, ESTIMATEDCOST, IMPORTID, PROJECTEDVALUE, CREATEDFROMESTIMATESTATUSWHENBOOKING, ISAUTODISPATCHED, NOTIFICATIONSENABLED, COMPLETEDON, CREATEDBY_ID, CUSTOMERPO, ID, LEADGENERATED_ID, LOCATION_ID, PMDATE, PREVAILINGWAGECODE_ID, APPROXIMATEENDDATE, COMPLETIONSURVEYID, CREATEDON, REASSIGNMENTPENALTY, NUMBER, CREATEDFROMESTIMATE_ID, ISCONFIRMED, LATEPENALTY, OPPORTUNITY_ID, PLANSTART, DRIVINGCOST, GENERATEDFROM_ID, SOLDBY_ID, RECALLFOR_ID, CALLSCRIPTANSWERRECORD_ID, DURATION, INVOICE_ID, ISPREVAILINGWAGE, NOCHARGE, SMARTDISPATCHDATA_JOB, LASTAPPOINTMENT_ID, BUSINESSUNIT_ID, FIRSTAPPOINTMENT_ID, GENERATEDBY_ID, ISTECHNICIANSPECIFIC, UNION, WARRANTYFOR_ID, MEMBERSHIP_ID, TYPE_ID, MODIFIEDON, ALLOTTEDTIME, END, EXTERNALID, SECONDARYJOBNUMBER, LEAD_ID, MANAGEFOLLOWUPEMAIL, PREDICTEDSALES, SUMMARY, TENANT_TYPE]
Column names for DataMart Table --> STR_API_JOB :: [COMPLETIONSURVEYID, CUSTOMERPO, ISCONFIRMED, MANAGEFOLLOWUPEMAIL, MASTER_ID, PREVAILINGWAGECODE_ID, PROJECTEDVALUE, FIRSTAPPOINTMENT_ID, NOTIFICATIONSENABLED, NUMBER, SMARTDISPATCHDATA_JOB, CREATEDFROMESTIMATESTATUSWHENBOOKING, OPPORTUNITYDATE, PREVAILINGWAGEJOBNUMBER, SECONDARYJOBNUMBER, TENANT_TYPE, ESTIMATEDCOST, MANAGEEMPLOYEEEMAIL, MODIFIEDON, RECORD_UPDATE_DATE, START, TOTAL, SOLDBY_ID, PROJECT_ID, ACTIVE, ALLOTTEDTIME, CREATEDFROMESTIMATE_ID, EXTERNALID, LEAD_ID, RECALLFOR_ID, SUMMARY, LATEPENALTY, MEMBERSHIP_ID, PREDICTEDSALES, PRIORITY, UNION, BUSINESSUNIT_ID, CALLSCRIPTANSWERRECORD_ID, CREATEDBY_ID, DRIVINGCOST, INVOICE_ID, ISPREVAILINGWAGE, NOCHARGESOURCE, RECORD_CREATE_DATE, END, PLANEND, PLANSTART, STATUS, APPROXIMATEENDDATE, CAMPAIGN_ID, TYPE_ID, LASTAPPOINTMENT_ID, OPPORTUNITY_ID, REASSIGNMENTPENALTY, IMPORTID, PMDATE, WARRANTYFOR_ID, CUSTOMER_ID, GENERATEDBY_ID, ISAUTODISPATCHED, GENERATEDFROM_ID, LEADGENERATED_ID, NOCHARGE, ACTIVE_FLAG, APPROXIMATESTARTDATE, COMPLETEDON, CREATEDON, DRIVETIME, DURATION, ISTECHNICIANSPECIFIC, LASTCHANGEDBYSMARTDISPATCH, PREDICTEDTOTAL, ID, MONTHNUMBER, LOCATION_ID]
Column names for Curated Table --> DIM_JOB :: [LASTCHANGEDBYSMARTDISPATCH, PROJECTEDVALUE, TYPE_ID, EXTERNALID, NOCHARGESOURCE, PMDATE, RECALLFOR_ID, START, ACTIVE, ISAUTODISPATCHED, MONTHNUMBER, PRIORITY, CREATEDON, OPPORTUNITYDATE, PREVAILINGWAGEJOBNUMBER, RECORD_CREATE_DATE, CREATEDBY_ID, LASTAPPOINTMENT_ID, MANAGEEMPLOYEEEMAIL, TOTAL, APPROXIMATESTARTDATE, GENERATEDBY_ID, MANAGEFOLLOWUPEMAIL, RECORD_UPDATED_BY, WARRANTYFOR_ID, UNION, CREATEDFROMESTIMATE_ID, REASSIGNMENTPENALTY, PREDICTEDSALES, LATEPENALTY, DURATION, DRIVETIME, STATUS, SUMMARY, IMPORTID, NOTIFICATIONSENABLED, RECORD_UPDATE_DATE, ALLOTTEDTIME, COMPLETEDON, CUSTOMERPO, GENERATEDFROM_ID, ISTECHNICIANSPECIFIC, LOCATION_ID, PLANEND, MODIFIEDON, PREVAILINGWAGECODE_ID, SECONDARYJOBNUMBER, END, OPPORTUNITY_ID, APPROXIMATEENDDATE, BUSINESSUNIT_ID, CALLSCRIPTANSWERRECORD_ID, CUSTOMER_ID, DRIVINGCOST, ESTIMATEDCOST, FIRSTAPPOINTMENT_ID, PROJECT_ID, SOLDBY_ID, NOCHARGE, ISCONFIRMED, LEADGENERATED_ID, CAMPAIGN_ID, COMPLETIONSURVEYID, CREATEDFROMESTIMATESTATUSWHENBOOKING, ID, INVOICE_ID, ISPREVAILINGWAGE, LEAD_ID, MEMBERSHIP_ID, PLANSTART, SMARTDISPATCHDATA_JOB, TENANT_TYPE, PREDICTEDTOTAL, NUMBER]
Column Name found in Datamart and Curated Table :: ACTIVE
Column Name found in Datamart and Curated Table :: CUSTOMER_ID
Column Name found in Datamart and Curated Table :: MANAGEEMPLOYEEEMAIL
Column Name found in Datamart and Curated Table :: MONTHNUMBER
Column Name found in Datamart and Curated Table :: NOCHARGESOURCE
Column Name found in Datamart and Curated Table :: START
Column Name found in Datamart and Curated Table :: CAMPAIGN_ID
Column Name found in Datamart and Curated Table :: LASTCHANGEDBYSMARTDISPATCH
Column Name found in Datamart and Curated Table :: OPPORTUNITYDATE
Column Name found in Datamart and Curated Table :: PREVAILINGWAGEJOBNUMBER
Column Name found in Datamart and Curated Table :: PROJECT_ID
Column Name found in Datamart and Curated Table :: PRIORITY
Column Name found in Datamart and Curated Table :: DRIVETIME
Column Name found in Datamart and Curated Table :: PLANEND
Column Name found in Datamart and Curated Table :: PREDICTEDTOTAL
Column Name found in Datamart and Curated Table :: STATUS
Column Name found in Datamart and Curated Table :: TOTAL
Column Name found in Datamart and Curated Table :: APPROXIMATESTARTDATE
Column Name found in Datamart and Curated Table :: ESTIMATEDCOST
Column Name found in Datamart and Curated Table :: IMPORTID
Column Name found in Datamart and Curated Table :: PROJECTEDVALUE
Column Name found in Datamart and Curated Table :: CREATEDFROMESTIMATESTATUSWHENBOOKING
Column Name found in Datamart and Curated Table :: ISAUTODISPATCHED
Column Name found in Datamart and Curated Table :: NOTIFICATIONSENABLED
Column Name found in Datamart and Curated Table :: COMPLETEDON
Column Name found in Datamart and Curated Table :: CREATEDBY_ID
Column Name found in Datamart and Curated Table :: CUSTOMERPO
Column Name found in Datamart and Curated Table :: ID
Column Name found in Datamart and Curated Table :: LEADGENERATED_ID
Column Name found in Datamart and Curated Table :: LOCATION_ID
Column Name found in Datamart and Curated Table :: PMDATE
Column Name found in Datamart and Curated Table :: PREVAILINGWAGECODE_ID
Column Name found in Datamart and Curated Table :: APPROXIMATEENDDATE
Column Name found in Datamart and Curated Table :: COMPLETIONSURVEYID
Column Name found in Datamart and Curated Table :: CREATEDON
Column Name found in Datamart and Curated Table :: REASSIGNMENTPENALTY
Column Name found in Datamart and Curated Table :: NUMBER
Column Name found in Datamart and Curated Table :: CREATEDFROMESTIMATE_ID
Column Name found in Datamart and Curated Table :: ISCONFIRMED
Column Name found in Datamart and Curated Table :: LATEPENALTY
Column Name found in Datamart and Curated Table :: OPPORTUNITY_ID
Column Name found in Datamart and Curated Table :: PLANSTART
Column Name found in Datamart and Curated Table :: DRIVINGCOST
Column Name found in Datamart and Curated Table :: GENERATEDFROM_ID
Column Name found in Datamart and Curated Table :: SOLDBY_ID
Column Name found in Datamart and Curated Table :: RECALLFOR_ID
Column Name found in Datamart and Curated Table :: CALLSCRIPTANSWERRECORD_ID
Column Name found in Datamart and Curated Table :: DURATION
Column Name found in Datamart and Curated Table :: INVOICE_ID
Column Name found in Datamart and Curated Table :: ISPREVAILINGWAGE
Column Name found in Datamart and Curated Table :: NOCHARGE
Column Name found in Datamart and Curated Table :: SMARTDISPATCHDATA_JOB
Column Name found in Datamart and Curated Table :: LASTAPPOINTMENT_ID
Column Name found in Datamart and Curated Table :: BUSINESSUNIT_ID
Column Name found in Datamart and Curated Table :: FIRSTAPPOINTMENT_ID
Column Name found in Datamart and Curated Table :: GENERATEDBY_ID
Column Name found in Datamart and Curated Table :: ISTECHNICIANSPECIFIC
Column Name found in Datamart and Curated Table :: UNION
Column Name found in Datamart and Curated Table :: WARRANTYFOR_ID
Column Name found in Datamart and Curated Table :: MEMBERSHIP_ID
Column Name found in Datamart and Curated Table :: TYPE_ID
Column Name found in Datamart and Curated Table :: MODIFIEDON
Column Name found in Datamart and Curated Table :: ALLOTTEDTIME
Column Name found in Datamart and Curated Table :: END
Column Name found in Datamart and Curated Table :: EXTERNALID
Column Name found in Datamart and Curated Table :: SECONDARYJOBNUMBER
Column Name found in Datamart and Curated Table :: LEAD_ID
Column Name found in Datamart and Curated Table :: MANAGEFOLLOWUPEMAIL
Column Name found in Datamart and Curated Table :: PREDICTEDSALES
Column Name found in Datamart and Curated Table :: SUMMARY
Column Name found in Datamart and Curated Table :: TENANT_TYPE
Datamart tables contains additional column name like [ACTIVE_FLAG, RECORD_CREATE_DATE, RECORD_UPDATE_DATE, MASTER_ID]
Curated tables contains additional column name like [RECORD_CREATE_DATE, RECORD_UPDATE_DATE, RECORD_UPDATED_BY]]]>
  </system-out>
  <testcase classname="testcases.RAW_DATAMART_CURATED.SnowFlake_ColumnValidation_APITables" name="validateColumnName_BKP" time="2.081"/>
  <system-out>
    <![CDATA[Executing Snowflake query :: SELECT COLUMN_NAME FROM DEV_ENT_RAW.INFORMATION_SCHEMA.COLUMNS WHERE TABLE_NAME='ST_API_CALLREASON'and TABLE_SCHEMA='API_MAT'
Executing Snowflake query :: SELECT COLUMN_NAME FROM CURATED_DATAMART.INFORMATION_SCHEMA.COLUMNS WHERE TABLE_NAME='STR_API_CALLREASON'and TABLE_SCHEMA='ST_API_BILLFENWICK'
Executing Snowflake query :: SELECT COLUMN_NAME FROM DEV_ENT_CURATED.INFORMATION_SCHEMA.COLUMNS WHERE TABLE_NAME='DIM_CALLREASON'and TABLE_SCHEMA='MASTER_DIMENSIONS'
Column names for RAW Table --> ST_API_CALLREASON :: [CREATEDBY_ID, CREATEDON, ID, IMPORTID, ACTIVE, LEAD, MODIFIEDON, NAME, TENANT_TYPE]
Column names for DataMart Table --> STR_API_CALLREASON :: [CREATEDON, RECORD_UPDATE_DATE, ID, ACTIVE, ACTIVE_FLAG, IMPORTID, MODIFIEDON, TENANT_TYPE, NAME, MASTER_ID, CREATEDBY_ID, LEAD, RECORD_CREATE_DATE]
Column names for Curated Table --> DIM_CALLREASON :: [CREATEDBY_ID, RECORD_CREATE_DATE, MODIFIEDON, LEAD, RECORD_UPDATED_BY, ACTIVE, ID, CREATEDON, IMPORTID, NAME, TENANT_TYPE, RECORD_UPDATE_DATE]
Column Name found in Datamart and Curated Table :: CREATEDBY_ID
Column Name found in Datamart and Curated Table :: CREATEDON
Column Name found in Datamart and Curated Table :: ID
Column Name found in Datamart and Curated Table :: IMPORTID
Column Name found in Datamart and Curated Table :: ACTIVE
Column Name found in Datamart and Curated Table :: LEAD
Column Name found in Datamart and Curated Table :: MODIFIEDON
Column Name found in Datamart and Curated Table :: NAME
Column Name found in Datamart and Curated Table :: TENANT_TYPE
Datamart tables contains additional column name like [ACTIVE_FLAG, RECORD_CREATE_DATE, RECORD_UPDATE_DATE, MASTER_ID]
Curated tables contains additional column name like [RECORD_CREATE_DATE, RECORD_UPDATE_DATE, RECORD_UPDATED_BY]]]>
  </system-out>
  <testcase classname="testcases.RAW_DATAMART_CURATED.SnowFlake_ColumnValidation_APITables" name="validateColumnName_BKP" time="2.052"/>
  <system-out>
    <![CDATA[Executing Snowflake query :: SELECT COLUMN_NAME FROM DEV_ENT_RAW.INFORMATION_SCHEMA.COLUMNS WHERE TABLE_NAME='ST_API_PAYMENT'and TABLE_SCHEMA='API_MAT'
Executing Snowflake query :: SELECT COLUMN_NAME FROM CURATED_DATAMART.INFORMATION_SCHEMA.COLUMNS WHERE TABLE_NAME='STR_API_PAYMENT'and TABLE_SCHEMA='ST_API_HARP'
Executing Snowflake query :: SELECT COLUMN_NAME FROM DEV_ENT_CURATED.INFORMATION_SCHEMA.COLUMNS WHERE TABLE_NAME='DIM_PAYMENT'and TABLE_SCHEMA='MASTER_DIMENSIONS'
Column names for RAW Table --> ST_API_PAYMENT :: [AGREEMENTLANGUAGE, FINANCINGOPERATOR, TRANSACTIONSTATUS, INVOICE_ID, CHECKNUMBER, AMOUNT, SETTLEMENTDATE, PROJECT_ID, BUSINESSUNIT_ID, CREATEDBY_ID, CREATEDON, CREDITAVAILABLE, UNAPPLIEDAMOUNT, EXPORTID, AUTHORIZATIONSIGNATURE, BATCH_ID, DEFERREDINTEREST, EXTERNALID, METHOD, MEMO, STATUS, ACTIVE, CUSTOMER_ID, ESTIMATE_ID, NUMBER, SETTLEMENTSTATUS, SOURCE, STOREDPAYMENT_ID, ID, IMPORTID, PAIDON, MODIFIEDON, TYPE_ID, REFUNDEDAMOUNT, TRANSACTION, APPLIEDON, PAYMENTDATE, TENANT_TYPE]
Column names for DataMart Table --> STR_API_PAYMENT :: [AGREEMENTLANGUAGE, AMOUNT, PAIDON, STOREDPAYMENT_ID, MASTER_ID, SETTLEMENTDATE, CREDITAVAILABLE, ESTIMATE_ID, EXTERNALID, SETTLEMENTSTATUS, ACTIVE_FLAG, CHECKNUMBER, CREATEDBY_ID, CUSTOMER_ID, SOURCE, RECORD_UPDATE_DATE, INVOICE_ID, MEMO, PAYMENTDATE, TRANSACTION, ID, NUMBER, ACTIVE, APPLIEDON, CREATEDON, EXPORTID, MODIFIEDON, STATUS, TRANSACTIONSTATUS, TENANT_TYPE, PROJECT_ID, RECORD_CREATE_DATE, DEFERREDINTEREST, IMPORTID, TYPE_ID, AUTHORIZATIONSIGNATURE, BATCH_ID, BUSINESSUNIT_ID, METHOD, UNAPPLIEDAMOUNT, FINANCINGOPERATOR, REFUNDEDAMOUNT]
Column names for Curated Table --> DIM_PAYMENT :: [DEFERREDINTEREST, PAIDON, SOURCE, TENANT_TYPE, PAYMENTDATE, TYPE_ID, ACTIVE, INVOICE_ID, ESTIMATE_ID, UNAPPLIEDAMOUNT, STATUS, CREATEDBY_ID, CUSTOMER_ID, EXPORTID, IMPORTID, TRANSACTION, MEMO, RECORD_UPDATE_DATE, TRANSACTIONSTATUS, AMOUNT, AUTHORIZATIONSIGNATURE, CHECKNUMBER, MODIFIEDON, EXTERNALID, PROJECT_ID, APPLIEDON, BATCH_ID, CREATEDON, FINANCINGOPERATOR, ID, RECORD_UPDATED_BY, REFUNDEDAMOUNT, SETTLEMENTSTATUS, BUSINESSUNIT_ID, METHOD, AGREEMENTLANGUAGE, CREDITAVAILABLE, NUMBER, RECORD_CREATE_DATE, SETTLEMENTDATE, STOREDPAYMENT_ID]
Column Name found in Datamart and Curated Table :: AGREEMENTLANGUAGE
Column Name found in Datamart and Curated Table :: FINANCINGOPERATOR
Column Name found in Datamart and Curated Table :: TRANSACTIONSTATUS
Column Name found in Datamart and Curated Table :: INVOICE_ID
Column Name found in Datamart and Curated Table :: CHECKNUMBER
Column Name found in Datamart and Curated Table :: AMOUNT
Column Name found in Datamart and Curated Table :: SETTLEMENTDATE
Column Name found in Datamart and Curated Table :: PROJECT_ID
Column Name found in Datamart and Curated Table :: BUSINESSUNIT_ID
Column Name found in Datamart and Curated Table :: CREATEDBY_ID
Column Name found in Datamart and Curated Table :: CREATEDON
Column Name found in Datamart and Curated Table :: CREDITAVAILABLE
Column Name found in Datamart and Curated Table :: UNAPPLIEDAMOUNT
Column Name found in Datamart and Curated Table :: EXPORTID
Column Name found in Datamart and Curated Table :: AUTHORIZATIONSIGNATURE
Column Name found in Datamart and Curated Table :: BATCH_ID
Column Name found in Datamart and Curated Table :: DEFERREDINTEREST
Column Name found in Datamart and Curated Table :: EXTERNALID
Column Name found in Datamart and Curated Table :: METHOD
Column Name found in Datamart and Curated Table :: MEMO
Column Name found in Datamart and Curated Table :: STATUS
Column Name found in Datamart and Curated Table :: ACTIVE
Column Name found in Datamart and Curated Table :: CUSTOMER_ID
Column Name found in Datamart and Curated Table :: ESTIMATE_ID
Column Name found in Datamart and Curated Table :: NUMBER
Column Name found in Datamart and Curated Table :: SETTLEMENTSTATUS
Column Name found in Datamart and Curated Table :: SOURCE
Column Name found in Datamart and Curated Table :: STOREDPAYMENT_ID
Column Name found in Datamart and Curated Table :: ID
Column Name found in Datamart and Curated Table :: IMPORTID
Column Name found in Datamart and Curated Table :: PAIDON
Column Name found in Datamart and Curated Table :: MODIFIEDON
Column Name found in Datamart and Curated Table :: TYPE_ID
Column Name found in Datamart and Curated Table :: REFUNDEDAMOUNT
Column Name found in Datamart and Curated Table :: TRANSACTION
Column Name found in Datamart and Curated Table :: APPLIEDON
Column Name found in Datamart and Curated Table :: PAYMENTDATE
Column Name found in Datamart and Curated Table :: TENANT_TYPE
Datamart tables contains additional column name like [ACTIVE_FLAG, RECORD_CREATE_DATE, RECORD_UPDATE_DATE, MASTER_ID]
Curated tables contains additional column name like [RECORD_CREATE_DATE, RECORD_UPDATE_DATE, RECORD_UPDATED_BY]]]>
  </system-out>
  <testcase classname="testcases.RAW_DATAMART_CURATED.SnowFlake_ColumnValidation_APITables" name="validateColumnName_BKP" time="2.142"/>
  <system-out>
    <![CDATA[Executing Snowflake query :: SELECT COLUMN_NAME FROM DEV_ENT_RAW.INFORMATION_SCHEMA.COLUMNS WHERE TABLE_NAME='ST_API_NONJOBAPPOINTMENT'and TABLE_SCHEMA='API_MAT'
Executing Snowflake query :: SELECT COLUMN_NAME FROM CURATED_DATAMART.INFORMATION_SCHEMA.COLUMNS WHERE TABLE_NAME='STR_API_NONJOBAPPOINTMENT'and TABLE_SCHEMA='ST_API_FOURPROS'
Executing Snowflake query :: SELECT COLUMN_NAME FROM DEV_ENT_CURATED.INFORMATION_SCHEMA.COLUMNS WHERE TABLE_NAME='DIM_NONJOBAPPOINTMENT'and TABLE_SCHEMA='MASTER_DIMENSIONS'
Column names for RAW Table --> ST_API_NONJOBAPPOINTMENT :: [CREATEDBY_ID, IMPORTID, ALLDAY, DEFINITION_ID, ISCOMPLETED, TIMESHEETCODE_ID, CLEARDISPATCHBOARD, ACTIVE, CLEARTECHNICIANVIEW, REMOVETECHNICIANFROMCAPACITYPLANNING, SUMMARY, ID, TECHNICIAN_ID, CREATEDON, TIMESHEET_ID, NAME, EXPECTEDDURATION, START, DURATION, TENANT_TYPE]
Column names for DataMart Table --> STR_API_NONJOBAPPOINTMENT :: [ISCOMPLETED, CLEARDISPATCHBOARD, CREATEDON, IMPORTID, MASTER_ID, NAME, TENANT_TYPE, CLEARTECHNICIANVIEW, DURATION, EXPECTEDDURATION, REMOVETECHNICIANFROMCAPACITYPLANNING, ALLDAY, RECORD_UPDATE_DATE, CREATEDBY_ID, ID, SUMMARY, TECHNICIAN_ID, DEFINITION_ID, TIMESHEETCODE_ID, START, ACTIVE, RECORD_CREATE_DATE, ACTIVE_FLAG, TIMESHEET_ID]
Column names for Curated Table --> DIM_NONJOBAPPOINTMENT :: [IMPORTID, RECORD_UPDATE_DATE, TIMESHEET_ID, ID, ISCOMPLETED, CREATEDON, RECORD_UPDATED_BY, START, CLEARTECHNICIANVIEW, DURATION, EXPECTEDDURATION, ALLDAY, CLEARDISPATCHBOARD, RECORD_CREATE_DATE, TENANT_TYPE, TIMESHEETCODE_ID, NAME, DEFINITION_ID, SUMMARY, ACTIVE, CREATEDBY_ID, REMOVETECHNICIANFROMCAPACITYPLANNING, TECHNICIAN_ID]
Column Name found in Datamart and Curated Table :: CREATEDBY_ID
Column Name found in Datamart and Curated Table :: IMPORTID
Column Name found in Datamart and Curated Table :: ALLDAY
Column Name found in Datamart and Curated Table :: DEFINITION_ID
Column Name found in Datamart and Curated Table :: ISCOMPLETED
Column Name found in Datamart and Curated Table :: TIMESHEETCODE_ID
Column Name found in Datamart and Curated Table :: CLEARDISPATCHBOARD
Column Name found in Datamart and Curated Table :: ACTIVE
Column Name found in Datamart and Curated Table :: CLEARTECHNICIANVIEW
Column Name found in Datamart and Curated Table :: REMOVETECHNICIANFROMCAPACITYPLANNING
Column Name found in Datamart and Curated Table :: SUMMARY
Column Name found in Datamart and Curated Table :: ID
Column Name found in Datamart and Curated Table :: TECHNICIAN_ID
Column Name found in Datamart and Curated Table :: CREATEDON
Column Name found in Datamart and Curated Table :: TIMESHEET_ID
Column Name found in Datamart and Curated Table :: NAME
Column Name found in Datamart and Curated Table :: EXPECTEDDURATION
Column Name found in Datamart and Curated Table :: START
Column Name found in Datamart and Curated Table :: DURATION
Column Name found in Datamart and Curated Table :: TENANT_TYPE
Datamart tables contains additional column name like [ACTIVE_FLAG, RECORD_CREATE_DATE, RECORD_UPDATE_DATE, MASTER_ID]
Curated tables contains additional column name like [RECORD_CREATE_DATE, RECORD_UPDATE_DATE, RECORD_UPDATED_BY]]]>
  </system-out>
  <testcase classname="testcases.RAW_DATAMART_CURATED.SnowFlake_ColumnValidation_APITables" name="validateColumnName_BKP" time="3.468"/>
  <system-out>
    <![CDATA[Executing Snowflake query :: SELECT COLUMN_NAME FROM DEV_ENT_RAW.INFORMATION_SCHEMA.COLUMNS WHERE TABLE_NAME='ST_API_CALL'and TABLE_SCHEMA='API_MAT'
Executing Snowflake query :: SELECT COLUMN_NAME FROM CURATED_DATAMART.INFORMATION_SCHEMA.COLUMNS WHERE TABLE_NAME='STR_API_CALL'and TABLE_SCHEMA='ST_API_HORIZONSERVICES'
Executing Snowflake query :: SELECT COLUMN_NAME FROM DEV_ENT_CURATED.INFORMATION_SCHEMA.COLUMNS WHERE TABLE_NAME='DIM_CALL'and TABLE_SCHEMA='MASTER_DIMENSIONS'
Column names for RAW Table --> ST_API_CALL :: [DURATION, CALLSERVICE, CREATEDON, CUSTOMER_ID, REASON_ID, RECORDINGURL, VOICEMAILPATH, CONVERSIONSCORE, TAG, AGENT_ID, DIRECTION, ESTIMATE_ID, FROM, STATUS, MODIFIEDON, EXCUSEMEMO, LOCATION_ID, RECORDINGID, SID, TO, IMPORTID, TYPE, JOB_ID, FOLLOWUP_ID, ID, REVIEWINGBY_ID, WONTREVIEW, ACTIVE, CAMPAIGN_ID, CREATEDBY_ID, REVIEWEDBY_ID, RECORDINGPATH, LEAD_ID, TENANT_TYPE]
Column names for DataMart Table --> STR_API_CALL :: [ACTIVE, ACTIVE_FLAG, CREATEDON, CUSTOMER_ID, MASTER_ID, MODIFIEDON, STATUS, AGENT_ID, RECORD_CREATE_DATE, SID, ID, REVIEWEDBY_ID, WONTREVIEW, EXCUSEMEMO, CALLSERVICE, CAMPAIGN_ID, IMPORTID, REVIEWINGBY_ID, LEAD_ID, RECORD_UPDATE_DATE, TENANT_TYPE, RECORDINGID, ESTIMATE_ID, TAG, CONVERSIONSCORE, CREATEDBY_ID, FOLLOWUP_ID, FROM, RECORDINGPATH, DIRECTION, DURATION, JOB_ID, LOCATION_ID, RECORDINGURL, TO, VOICEMAILPATH, TYPE, REASON_ID]
Column names for Curated Table --> DIM_CALL :: [ESTIMATE_ID, REASON_ID, WONTREVIEW, AGENT_ID, DIRECTION, FOLLOWUP_ID, LOCATION_ID, RECORDINGID, TAG, TYPE, CUSTOMER_ID, LEAD_ID, RECORDINGPATH, VOICEMAILPATH, STATUS, CONVERSIONSCORE, FROM, CREATEDBY_ID, DURATION, TENANT_TYPE, ACTIVE, CALLSERVICE, CAMPAIGN_ID, ID, RECORDINGURL, RECORD_UPDATE_DATE, RECORD_CREATE_DATE, JOB_ID, REVIEWEDBY_ID, TO, RECORD_UPDATED_BY, REVIEWINGBY_ID, SID, CREATEDON, EXCUSEMEMO, IMPORTID, MODIFIEDON]
Column Name found in Datamart and Curated Table :: DURATION
Column Name found in Datamart and Curated Table :: CALLSERVICE
Column Name found in Datamart and Curated Table :: CREATEDON
Column Name found in Datamart and Curated Table :: CUSTOMER_ID
Column Name found in Datamart and Curated Table :: REASON_ID
Column Name found in Datamart and Curated Table :: RECORDINGURL
Column Name found in Datamart and Curated Table :: VOICEMAILPATH
Column Name found in Datamart and Curated Table :: CONVERSIONSCORE
Column Name found in Datamart and Curated Table :: TAG
Column Name found in Datamart and Curated Table :: AGENT_ID
Column Name found in Datamart and Curated Table :: DIRECTION
Column Name found in Datamart and Curated Table :: ESTIMATE_ID
Column Name found in Datamart and Curated Table :: FROM
Column Name found in Datamart and Curated Table :: STATUS
Column Name found in Datamart and Curated Table :: MODIFIEDON
Column Name found in Datamart and Curated Table :: EXCUSEMEMO
Column Name found in Datamart and Curated Table :: LOCATION_ID
Column Name found in Datamart and Curated Table :: RECORDINGID
Column Name found in Datamart and Curated Table :: SID
Column Name found in Datamart and Curated Table :: TO
Column Name found in Datamart and Curated Table :: IMPORTID
Column Name found in Datamart and Curated Table :: TYPE
Column Name found in Datamart and Curated Table :: JOB_ID
Column Name found in Datamart and Curated Table :: FOLLOWUP_ID
Column Name found in Datamart and Curated Table :: ID
Column Name found in Datamart and Curated Table :: REVIEWINGBY_ID
Column Name found in Datamart and Curated Table :: WONTREVIEW
Column Name found in Datamart and Curated Table :: ACTIVE
Column Name found in Datamart and Curated Table :: CAMPAIGN_ID
Column Name found in Datamart and Curated Table :: CREATEDBY_ID
Column Name found in Datamart and Curated Table :: REVIEWEDBY_ID
Column Name found in Datamart and Curated Table :: RECORDINGPATH
Column Name found in Datamart and Curated Table :: LEAD_ID
Column Name found in Datamart and Curated Table :: TENANT_TYPE
Datamart tables contains additional column name like [ACTIVE_FLAG, RECORD_CREATE_DATE, RECORD_UPDATE_DATE, MASTER_ID]
Curated tables contains additional column name like [RECORD_CREATE_DATE, RECORD_UPDATE_DATE, RECORD_UPDATED_BY]]]>
  </system-out>
  <testcase classname="testcases.RAW_DATAMART_CURATED.SnowFlake_ColumnValidation_APITables" name="validateColumnName_BKP" time="3.891"/>
  <system-out>
    <![CDATA[Executing Snowflake query :: SELECT COLUMN_NAME FROM DEV_ENT_RAW.INFORMATION_SCHEMA.COLUMNS WHERE TABLE_NAME='ST_API_PAYMENTSPLIT'and TABLE_SCHEMA='API_MAT'
Executing Snowflake query :: SELECT COLUMN_NAME FROM CURATED_DATAMART.INFORMATION_SCHEMA.COLUMNS WHERE TABLE_NAME='STR_API_PAYMENTSPLIT'and TABLE_SCHEMA='ST_API_HENDERSON'
Executing Snowflake query :: SELECT COLUMN_NAME FROM DEV_ENT_CURATED.INFORMATION_SCHEMA.COLUMNS WHERE TABLE_NAME='DIM_PAYMENTSPLIT'and TABLE_SCHEMA='MASTER_DIMENSIONS'
Column names for RAW Table --> ST_API_PAYMENTSPLIT :: [ID, MODIFIEDON, AMOUNT, PAYMENT_ID, PAYSELLERCOMMISSION, IMPORTID, INVOICE_ID, CREATEDON, CREATEDBY_ID, ACTIVE, TENANT_TYPE]
Column names for DataMart Table --> STR_API_PAYMENTSPLIT :: [PAYSELLERCOMMISSION, RECORD_CREATE_DATE, PAYMENT_ID, ID, MODIFIEDON, ACTIVE_FLAG, CREATEDON, IMPORTID, TENANT_TYPE, RECORD_UPDATE_DATE, ACTIVE, AMOUNT, CREATEDBY_ID, INVOICE_ID, MASTER_ID]
Column names for Curated Table --> DIM_PAYMENTSPLIT :: [IMPORTID, PAYSELLERCOMMISSION, CREATEDON, PAYMENT_ID, TENANT_TYPE, MODIFIEDON, AMOUNT, CREATEDBY_ID, INVOICE_ID, ID, RECORD_UPDATED_BY, RECORD_UPDATE_DATE, ACTIVE, RECORD_CREATE_DATE]
Column Name found in Datamart and Curated Table :: ID
Column Name found in Datamart and Curated Table :: MODIFIEDON
Column Name found in Datamart and Curated Table :: AMOUNT
Column Name found in Datamart and Curated Table :: PAYMENT_ID
Column Name found in Datamart and Curated Table :: PAYSELLERCOMMISSION
Column Name found in Datamart and Curated Table :: IMPORTID
Column Name found in Datamart and Curated Table :: INVOICE_ID
Column Name found in Datamart and Curated Table :: CREATEDON
Column Name found in Datamart and Curated Table :: CREATEDBY_ID
Column Name found in Datamart and Curated Table :: ACTIVE
Column Name found in Datamart and Curated Table :: TENANT_TYPE
Datamart tables contains additional column name like [ACTIVE_FLAG, RECORD_CREATE_DATE, RECORD_UPDATE_DATE, MASTER_ID]
Curated tables contains additional column name like [RECORD_CREATE_DATE, RECORD_UPDATE_DATE, RECORD_UPDATED_BY]]]>
  </system-out>
  <testcase classname="testcases.RAW_DATAMART_CURATED.SnowFlake_ColumnValidation_APITables" name="validateColumnName_BKP" time="2.146"/>
  <system-out>
    <![CDATA[Executing Snowflake query :: SELECT COLUMN_NAME FROM DEV_ENT_RAW.INFORMATION_SCHEMA.COLUMNS WHERE TABLE_NAME='ST_API_VENDOR'and TABLE_SCHEMA='API_MAT'
Executing Snowflake query :: SELECT COLUMN_NAME FROM CURATED_DATAMART.INFORMATION_SCHEMA.COLUMNS WHERE TABLE_NAME='STR_API_VENDOR'and TABLE_SCHEMA='ST_API_BILLFENWICK'
Executing Snowflake query :: SELECT COLUMN_NAME FROM DEV_ENT_CURATED.INFORMATION_SCHEMA.COLUMNS WHERE TABLE_NAME='DIM_VENDOR'and TABLE_SCHEMA='MASTER_DIMENSIONS'
Column names for RAW Table --> ST_API_VENDOR :: [DELIVERYOPTION, REMITTANCEVENDOR_ID, LASTNAME, TAXRATE, ACTIVE, CREATEDON, VENDORADDRESS_ISMANUALCOORDINATES, IMPORTID, ISTRUCKREPLENISHMENT, PHONE, ID, VENDORADDRESS_STREET, FAX, VENDORADDRESS_LATITUDE, CREATEDBY_ID, EMAIL, EXTERNALID, FIRSTNAME, MEMO, RESTRICTEDMOBILECREATION, VENDORADDRESS_COUNTRY, VENDORADDRESS_LONGITUDE, VENDORADDRESS_CITY, NAME, VENDORADDRESS_ISMILITARY, VENDORQUICKBOOKSITEM, VENDORADDRESS_UNIT, VENDORADDRESS_ZIP, VENDORADDRESS_STATE, MODIFIEDON, PAYMENTTERM_ID, ADDRESS, TENANT_TYPE]
Column names for DataMart Table --> STR_API_VENDOR :: [DELIVERYOPTION, IMPORTID, REMITTANCEVENDOR_ID, VENDORADDRESS_CITY, VENDORADDRESS_COUNTRY, VENDORADDRESS_LATITUDE, EMAIL, MASTER_ID, TAXRATE, VENDORQUICKBOOKSITEM, VENDORADDRESS_ISMILITARY, CREATEDON, ID, MEMO, NAME, PAYMENTTERM_ID, VENDORADDRESS_UNIT, ACTIVE, ISTRUCKREPLENISHMENT, VENDORADDRESS_ZIP, VENDORADDRESS_ISMANUALCOORDINATES, FAX, LASTNAME, PHONE, RESTRICTEDMOBILECREATION, FIRSTNAME, RECORD_CREATE_DATE, VENDORADDRESS_LONGITUDE, VENDORADDRESS_STREET, RECORD_UPDATE_DATE, ACTIVE_FLAG, ADDRESS, CREATEDBY_ID, TENANT_TYPE, VENDORADDRESS_STATE, EXTERNALID, MODIFIEDON]
Column names for Curated Table --> DIM_VENDOR :: [DELIVERYOPTION, EXTERNALID, VENDORADDRESS_LATITUDE, VENDORADDRESS_ISMILITARY, VENDORADDRESS_STREET, EMAIL, ID, MEMO, PHONE, TAXRATE, VENDORADDRESS_ZIP, VENDORADDRESS_CITY, ACTIVE, ADDRESS, FAX, ISTRUCKREPLENISHMENT, VENDORADDRESS_STATE, REMITTANCEVENDOR_ID, FIRSTNAME, NAME, VENDORADDRESS_COUNTRY, LASTNAME, RECORD_UPDATE_DATE, VENDORADDRESS_UNIT, MODIFIEDON, CREATEDBY_ID, RECORD_CREATE_DATE, TENANT_TYPE, VENDORADDRESS_LONGITUDE, CREATEDON, IMPORTID, VENDORADDRESS_ISMANUALCOORDINATES, RESTRICTEDMOBILECREATION, PAYMENTTERM_ID, RECORD_UPDATED_BY, VENDORQUICKBOOKSITEM]
Column Name found in Datamart and Curated Table :: DELIVERYOPTION
Column Name found in Datamart and Curated Table :: REMITTANCEVENDOR_ID
Column Name found in Datamart and Curated Table :: LASTNAME
Column Name found in Datamart and Curated Table :: TAXRATE
Column Name found in Datamart and Curated Table :: ACTIVE
Column Name found in Datamart and Curated Table :: CREATEDON
Column Name found in Datamart and Curated Table :: VENDORADDRESS_ISMANUALCOORDINATES
Column Name found in Datamart and Curated Table :: IMPORTID
Column Name found in Datamart and Curated Table :: ISTRUCKREPLENISHMENT
Column Name found in Datamart and Curated Table :: PHONE
Column Name found in Datamart and Curated Table :: ID
Column Name found in Datamart and Curated Table :: VENDORADDRESS_STREET
Column Name found in Datamart and Curated Table :: FAX
Column Name found in Datamart and Curated Table :: VENDORADDRESS_LATITUDE
Column Name found in Datamart and Curated Table :: CREATEDBY_ID
Column Name found in Datamart and Curated Table :: EMAIL
Column Name found in Datamart and Curated Table :: EXTERNALID
Column Name found in Datamart and Curated Table :: FIRSTNAME
Column Name found in Datamart and Curated Table :: MEMO
Column Name found in Datamart and Curated Table :: RESTRICTEDMOBILECREATION
Column Name found in Datamart and Curated Table :: VENDORADDRESS_COUNTRY
Column Name found in Datamart and Curated Table :: VENDORADDRESS_LONGITUDE
Column Name found in Datamart and Curated Table :: VENDORADDRESS_CITY
Column Name found in Datamart and Curated Table :: NAME
Column Name found in Datamart and Curated Table :: VENDORADDRESS_ISMILITARY
Column Name found in Datamart and Curated Table :: VENDORQUICKBOOKSITEM
Column Name found in Datamart and Curated Table :: VENDORADDRESS_UNIT
Column Name found in Datamart and Curated Table :: VENDORADDRESS_ZIP
Column Name found in Datamart and Curated Table :: VENDORADDRESS_STATE
Column Name found in Datamart and Curated Table :: MODIFIEDON
Column Name found in Datamart and Curated Table :: PAYMENTTERM_ID
Column Name found in Datamart and Curated Table :: ADDRESS
Column Name found in Datamart and Curated Table :: TENANT_TYPE
Datamart tables contains additional column name like [ACTIVE_FLAG, RECORD_CREATE_DATE, RECORD_UPDATE_DATE, MASTER_ID]
Curated tables contains additional column name like [RECORD_CREATE_DATE, RECORD_UPDATE_DATE, RECORD_UPDATED_BY]]]>
  </system-out>
  <testcase classname="testcases.RAW_DATAMART_CURATED.SnowFlake_ColumnValidation_APITables" name="validateColumnName_BKP" time="2.593">
    <failure message="The following asserts failed:
	null" type="java.lang.AssertionError">
      <![CDATA[java.lang.AssertionError: The following asserts failed:
null
at org.testng.asserts.SoftAssert.assertAll(SoftAssert.java:47)
at org.testng.asserts.SoftAssert.assertAll(SoftAssert.java:31)
at testcases.RAW_DATAMART_CURATED.SnowFlake_ColumnValidation_APITables.validateColumnName_BKP(SnowFlake_ColumnValidation_APITables.java:128)
at jdk.internal.reflect.GeneratedMethodAccessor38.invoke(Unknown Source)
at java.base/jdk.internal.reflect.DelegatingMethodAccessorImpl.invoke(DelegatingMethodAccessorImpl.java:43)
at java.base/java.lang.reflect.Method.invoke(Method.java:568)
at org.testng.internal.MethodInvocationHelper.invokeMethod(MethodInvocationHelper.java:133)
at org.testng.internal.TestInvoker.invokeMethod(TestInvoker.java:598)
at org.testng.internal.TestInvoker.invokeTestMethod(TestInvoker.java:173)
at org.testng.internal.MethodRunner.runInSequence(MethodRunner.java:46)
at org.testng.internal.TestInvoker$MethodInvocationAgent.invoke(TestInvoker.java:824)
at org.testng.internal.TestInvoker.invokeTestMethods(TestInvoker.java:146)
at org.testng.internal.TestMethodWorker.invokeTestMethods(TestMethodWorker.java:146)
at org.testng.internal.TestMethodWorker.run(TestMethodWorker.java:128)
at java.base/java.util.ArrayList.forEach(ArrayList.java:1511)
at org.testng.TestRunner.privateRun(TestRunner.java:794)
at org.testng.TestRunner.run(TestRunner.java:596)
at org.testng.SuiteRunner.runTest(SuiteRunner.java:377)
at org.testng.SuiteRunner.runSequentially(SuiteRunner.java:371)
at org.testng.SuiteRunner.privateRun(SuiteRunner.java:332)
at org.testng.SuiteRunner.run(SuiteRunner.java:276)
at org.testng.SuiteRunnerWorker.runSuite(SuiteRunnerWorker.java:53)
at org.testng.SuiteRunnerWorker.run(SuiteRunnerWorker.java:96)
at org.testng.TestNG.runSuitesSequentially(TestNG.java:1212)
at org.testng.TestNG.runSuitesLocally(TestNG.java:1134)
at org.testng.TestNG.runSuites(TestNG.java:1063)
at org.testng.TestNG.run(TestNG.java:1031)
at org.testng.remote.AbstractRemoteTestNG.run(AbstractRemoteTestNG.java:115)
at org.testng.remote.RemoteTestNG.initAndRun(RemoteTestNG.java:251)
at org.testng.remote.RemoteTestNG.main(RemoteTestNG.java:77)
]]>
    </failure>
  </testcase> <!-- validateColumnName_BKP -->
  <system-out>
    <![CDATA[Executing Snowflake query :: SELECT COLUMN_NAME FROM DEV_ENT_RAW.INFORMATION_SCHEMA.COLUMNS WHERE TABLE_NAME='ST_API_TECHNICIAN'and TABLE_SCHEMA='API_MAT'
Executing Snowflake query :: SELECT COLUMN_NAME FROM CURATED_DATAMART.INFORMATION_SCHEMA.COLUMNS WHERE TABLE_NAME='STR_API_TECHNICIAN'and TABLE_SCHEMA='ST_API_HUTCHINSON'
Executing Snowflake query :: SELECT COLUMN_NAME FROM DEV_ENT_CURATED.INFORMATION_SCHEMA.COLUMNS WHERE TABLE_NAME='DIM_TECHNICIAN'and TABLE_SCHEMA='MASTER_DIMENSIONS'
Column names for RAW Table --> ST_API_TECHNICIAN :: [ADDONCREWSPLITCOMMISSIONRATE, ATLASBUTLERTECHNICIANROLE, FIRSTDRIVERULE, HOME_ISMANUALCOORDINATES, NAVISIONEMPLOYEEID, PAYROLLID, PAYROLLPOSTINGGROUP_ID, SALESFACTOR, SALESFORCECONTACTID, PAYROLLREPORTVERSION, STANDARDWORKTYPECODE_ID, MUHULINK, COMMISSIONRATE, HOME_ISMILITARY, LICENSE, GOALIMAGE, IMPORTID, MOBILEPHONECONFIRMED, PAYTYPE, MANAGER_ID, SHIFTSTART, NAME, ADDONSOLOCOMMISSIONRATE, BIO, BUSINESSUNIT_ID, HOME_CITY, ID, ISMANAGEDTECH, PROJECTLABELS, SCHEDULEDSOLOCOMMISSIONRATE, BIRTHDATE, HOME_COUNTRY, PHOTO, TURNOVERBONUS, USER_ID, WILLIAMSTECHNICIANROLE, ZONE_ID, OVERTIMEPROFILE_ID, CREATEDON, TODAYREVENUE_TECHNICIAN, ACTIVE, DEFAULTPAYROLLADJUSTMENTRATE, ISAUTODISPATCHED, LASTNAME, ISEXTERNAL, SHIFTEND, SCHEDULEDCREWSPLITCOMMISSIONRATE, DAILYGOAL, APPOINTMENT_ID, BURDENRATE, HOME_ZIP, PAYROLLSTARTPERIOD, STATUSUPDATEDON, OVERTIMEWORKTYPECODE_ID, PAYROLLPROFILE_ID, PAYROLLROLE, PAYROLLSTARTDATE, SOLDBYRATE, ISEXCLUDEDFROMPAYROLL, COORDINATESUPDATEDON, EMAIL, EMAILCONFIRMED, HOME_LATITUDE, OVERTIMEPAYROLLCONTROLCODE_ID, PAYPERIOD, STANDARDPAYROLLCONTROLCODE_ID, CHECKEDIN, DEFAULTLABORTYPE_ID, JOBFILTER, PAYFREQUENCY_ID, MOBILEPHONE, OUTBOUNDCALLERID, SCHEDULEDMULTITECHCOMMISSIONRATE, STARTDATE, CURRENTVALUE, DEDUCTCOMMUTETIMEFROMFIRSTDRIVE, FIRSTNAME, MEALTIME, MEMO, PHONECONFIRMED, SHOWJOBAPPOINTMENTRESCHEDULEALERT, DISPATCHNOTIFICATIONS, JOB_ID, LATITUDE, MIDDLENAME, ROUTESTATISTICS_TECHNICIAN, CREATEDBY_ID, PHONE, QBREPID, SMARTDISPATCHSETTINGS_TECHNICIAN, STATUS, UNION, HOME_UNIT, HOURLYRATE, INVENTORYWAREHOUSENAME, INVOICINGHOURLYRATE, TYPE, ADDONMULTITECHCOMMISSIONRATE, COLOR, HOME_STATE, MODIFIEDON, OVERALLSALESFACTOR_TECHNICIAN, POSITION, TEAM, COMMUTETIME, HOME_LONGITUDE, HOME_STREET, LOCATION_TECHNICIAN, OVERTIMEMODE, PROJECTEDVALUE, LONGITUDE, TRUCK_ID, TENANT_TYPE]
Column names for DataMart Table --> STR_API_TECHNICIAN :: [ADDONCREWSPLITCOMMISSIONRATE, BUSINESSUNIT_ID, FLEET_ID, ISAUTODISPATCHED, ISMANAGEDTECH, MOBILEPHONECONFIRMED, BURDENRATE, FIRSTNAME, HOME_ISMANUALCOORDINATES, HOME_ISMILITARY, SCHEDULEDMULTITECHCOMMISSIONRATE, STATUS, TURNOVERBONUS, ZONE_ID, PHOTO, COMMUTETIME, DISPATCHNOTIFICATIONS, EMAILCONFIRMED, HOME_LONGITUDE, PHONECONFIRMED, QBREPID, RECORD_UPDATE_DATE, LICENSE, LONGITUDE, MOBILEPHONE, OVERTIMEMODE, UNION, MUHULINK, COORDINATESUPDATEDON, HOME_STATE, NAVISIONEMPLOYEEID, ID, NAME, OVERTIMEPAYROLLCONTROLCODE_ID, SALESFACTOR, STARTDATE, SHIFTEND, WILLIAMSTECHNICIANROLE, INVENTORYWAREHOUSENAME, RECORD_CREATE_DATE, ACTIVE, ACTIVE_FLAG, BIO, BIRTHDATE, DEFAULTLABORTYPE_ID, HOME_CITY, HOURLYRATE, INVOICINGHOURLYRATE, OVERALLSALESFACTOR_TECHNICIAN, PAYROLLID, DEDUCTCOMMUTETIMEFROMFIRSTDRIVE, HOME_COUNTRY, JOB_ID, PAYROLLSTARTDATE, PROJECTEDVALUE, SHIFTSTART, STATUSUPDATEDON, PAYROLLPROFILE_ID, TODAYREVENUE_TECHNICIAN, CHECKEDIN, COMMISSIONRATE, DAILYGOAL, HOME_UNIT, HOME_ZIP, PROJECTLABELS, SALESFORCECONTACTID, SCHEDULEDSOLOCOMMISSIONRATE, TRUCK_ID, SMARTDISPATCHSETTINGS_TECHNICIAN, SOLDBYRATE, STANDARDWORKTYPECODE_ID, PAYROLLSTARTPERIOD, ADDONMULTITECHCOMMISSIONRATE, COLOR, CREATEDON, DEFAULTPAYROLLADJUSTMENTRATE, EMAIL, MANAGER_ID, ROUTESTATISTICS_TECHNICIAN, STANDARDPAYROLLCONTROLCODE_ID, CURRENTVALUE, ISEXTERNAL, LASTNAME, LOCATION_TECHNICIAN, PAYFREQUENCY_ID, TYPE, MEMO, MODIFIEDON, SHOWJOBAPPOINTMENTRESCHEDULEALERT, HOME_LATITUDE, POSITION, SCHEDULEDCREWSPLITCOMMISSIONRATE, GOALIMAGE, LATITUDE, PAYTYPE, PHONE, FIRSTDRIVERULE, HOME_STREET, IMPORTID, JOBFILTER, PAYROLLPOSTINGGROUP_ID, TEAM, USER_ID, PAYROLLREPORTVERSION, ADDONSOLOCOMMISSIONRATE, APPOINTMENT_ID, ATLASBUTLERTECHNICIANROLE, CREATEDBY_ID, MEALTIME, OVERTIMEWORKTYPECODE_ID, PAYPERIOD, MASTER_ID, MIDDLENAME, OUTBOUNDCALLERID, OVERTIMEPROFILE_ID, PAYROLLROLE, TENANT_TYPE]
Column names for Curated Table --> DIM_TECHNICIAN :: [ADDONCREWSPLITCOMMISSIONRATE, COMMUTETIME, DEFAULTLABORTYPE_ID, EMAILCONFIRMED, FIRSTNAME, FLEET_ID, HOME_COUNTRY, HOME_UNIT, MOBILEPHONE, PHONECONFIRMED, ISEXCLUDEDFROMPAYROLL, OVERALLSALESFACTOR_TECHNICIAN, TURNOVERBONUS, PAYPERIOD, PAYROLLROLE, PAYROLLSTARTDATE, BIRTHDATE, HOME_ISMANUALCOORDINATES, HOME_ISMILITARY, INVENTORYWAREHOUSENAME, JOBFILTER, MEMO, PAYFREQUENCY_ID, POSITION, ID, ISAUTODISPATCHED, LICENSE, TEAM, SCHEDULEDCREWSPLITCOMMISSIONRATE, SALESFACTOR, ADDONSOLOCOMMISSIONRATE, CURRENTVALUE, DAILYGOAL, DEDUCTCOMMUTETIMEFROMFIRSTDRIVE, MANAGER_ID, OVERTIMEPROFILE_ID, SHIFTSTART, SHOWJOBAPPOINTMENTRESCHEDULEALERT, SMARTDISPATCHSETTINGS_TECHNICIAN, GOALIMAGE, MODIFIEDON, PAYROLLID, PAYROLLREPORTVERSION, RECORD_CREATE_DATE, TODAYREVENUE_TECHNICIAN, TYPE, PROJECTLABELS, SCHEDULEDSOLOCOMMISSIONRATE, LONGITUDE, ADDONMULTITECHCOMMISSIONRATE, APPOINTMENT_ID, CHECKEDIN, COLOR, CREATEDON, DISPATCHNOTIFICATIONS, IMPORTID, LASTNAME, MOBILEPHONECONFIRMED, STATUSUPDATEDON, ZONE_ID, HOME_STATE, NAME, NAVISIONEMPLOYEEID, PAYROLLPOSTINGGROUP_ID, PHOTO, MEALTIME, PROJECTEDVALUE, STANDARDPAYROLLCONTROLCODE_ID, OVERTIMEMODE, BURDENRATE, FIRSTDRIVERULE, JOB_ID, PAYROLLPROFILE_ID, QBREPID, ROUTESTATISTICS_TECHNICIAN, STARTDATE, TRUCK_ID, USER_ID, STANDARDWORKTYPECODE_ID, MIDDLENAME, COMMISSIONRATE, CREATEDBY_ID, HOME_LONGITUDE, HOME_ZIP, HOURLYRATE, LATITUDE, SCHEDULEDMULTITECHCOMMISSIONRATE, BUSINESSUNIT_ID, OUTBOUNDCALLERID, RECORD_UPDATED_BY, STATUS, MUHULINK, OVERTIMEPAYROLLCONTROLCODE_ID, UNION, PAYTYPE, INVOICINGHOURLYRATE, RECORD_UPDATE_DATE, COORDINATESUPDATEDON, LOCATION_TECHNICIAN, EMAIL, HOME_CITY, ISEXTERNAL, OVERTIMEWORKTYPECODE_ID, PAYROLLSTARTPERIOD, SHIFTEND, WILLIAMSTECHNICIANROLE, TENANT_TYPE, ACTIVE, ATLASBUTLERTECHNICIANROLE, BIO, DEFAULTPAYROLLADJUSTMENTRATE, HOME_LATITUDE, HOME_STREET, ISMANAGEDTECH, PHONE, SALESFORCECONTACTID, SOLDBYRATE]
Column Name found in Datamart and Curated Table :: ADDONCREWSPLITCOMMISSIONRATE
Column Name found in Datamart and Curated Table :: ATLASBUTLERTECHNICIANROLE
Column Name found in Datamart and Curated Table :: FIRSTDRIVERULE
Column Name found in Datamart and Curated Table :: HOME_ISMANUALCOORDINATES
Column Name found in Datamart and Curated Table :: NAVISIONEMPLOYEEID
Column Name found in Datamart and Curated Table :: PAYROLLID
Column Name found in Datamart and Curated Table :: PAYROLLPOSTINGGROUP_ID
Column Name found in Datamart and Curated Table :: SALESFACTOR
Column Name found in Datamart and Curated Table :: SALESFORCECONTACTID
Column Name found in Datamart and Curated Table :: PAYROLLREPORTVERSION
Column Name found in Datamart and Curated Table :: STANDARDWORKTYPECODE_ID
Column Name found in Datamart and Curated Table :: MUHULINK
Column Name found in Datamart and Curated Table :: COMMISSIONRATE
Column Name found in Datamart and Curated Table :: HOME_ISMILITARY
Column Name found in Datamart and Curated Table :: LICENSE
Column Name found in Datamart and Curated Table :: GOALIMAGE
Column Name found in Datamart and Curated Table :: IMPORTID
Column Name found in Datamart and Curated Table :: MOBILEPHONECONFIRMED
Column Name found in Datamart and Curated Table :: PAYTYPE
Column Name found in Datamart and Curated Table :: MANAGER_ID
Column Name found in Datamart and Curated Table :: SHIFTSTART
Column Name found in Datamart and Curated Table :: NAME
Column Name found in Datamart and Curated Table :: ADDONSOLOCOMMISSIONRATE
Column Name found in Datamart and Curated Table :: BIO
Column Name found in Datamart and Curated Table :: BUSINESSUNIT_ID
Column Name found in Datamart and Curated Table :: HOME_CITY
Column Name found in Datamart and Curated Table :: ID
Column Name found in Datamart and Curated Table :: ISMANAGEDTECH
Column Name found in Datamart and Curated Table :: PROJECTLABELS
Column Name found in Datamart and Curated Table :: SCHEDULEDSOLOCOMMISSIONRATE
Column Name found in Datamart and Curated Table :: BIRTHDATE
Column Name found in Datamart and Curated Table :: HOME_COUNTRY
Column Name found in Datamart and Curated Table :: PHOTO
Column Name found in Datamart and Curated Table :: TURNOVERBONUS
Column Name found in Datamart and Curated Table :: USER_ID
Column Name found in Datamart and Curated Table :: WILLIAMSTECHNICIANROLE
Column Name found in Datamart and Curated Table :: ZONE_ID
Column Name found in Datamart and Curated Table :: OVERTIMEPROFILE_ID
Column Name found in Datamart and Curated Table :: CREATEDON
Column Name found in Datamart and Curated Table :: TODAYREVENUE_TECHNICIAN
Column Name found in Datamart and Curated Table :: ACTIVE
Column Name found in Datamart and Curated Table :: DEFAULTPAYROLLADJUSTMENTRATE
Column Name found in Datamart and Curated Table :: ISAUTODISPATCHED
Column Name found in Datamart and Curated Table :: LASTNAME
Column Name found in Datamart and Curated Table :: ISEXTERNAL
Column Name found in Datamart and Curated Table :: SHIFTEND
Column Name found in Datamart and Curated Table :: SCHEDULEDCREWSPLITCOMMISSIONRATE
Column Name found in Datamart and Curated Table :: DAILYGOAL
Column Name found in Datamart and Curated Table :: APPOINTMENT_ID
Column Name found in Datamart and Curated Table :: BURDENRATE
Column Name found in Datamart and Curated Table :: HOME_ZIP
Column Name found in Datamart and Curated Table :: PAYROLLSTARTPERIOD
Column Name found in Datamart and Curated Table :: STATUSUPDATEDON
Column Name found in Datamart and Curated Table :: OVERTIMEWORKTYPECODE_ID
Column Name found in Datamart and Curated Table :: PAYROLLPROFILE_ID
Column Name found in Datamart and Curated Table :: PAYROLLROLE
Column Name found in Datamart and Curated Table :: PAYROLLSTARTDATE
Column Name found in Datamart and Curated Table :: SOLDBYRATE
Column Name not found in Datamart and Curated Table :: ISEXCLUDEDFROMPAYROLL
Column Name found in Datamart and Curated Table :: COORDINATESUPDATEDON
Column Name found in Datamart and Curated Table :: EMAIL
Column Name found in Datamart and Curated Table :: EMAILCONFIRMED
Column Name found in Datamart and Curated Table :: HOME_LATITUDE
Column Name found in Datamart and Curated Table :: OVERTIMEPAYROLLCONTROLCODE_ID
Column Name found in Datamart and Curated Table :: PAYPERIOD
Column Name found in Datamart and Curated Table :: STANDARDPAYROLLCONTROLCODE_ID
Column Name found in Datamart and Curated Table :: CHECKEDIN
Column Name found in Datamart and Curated Table :: DEFAULTLABORTYPE_ID
Column Name found in Datamart and Curated Table :: JOBFILTER
Column Name found in Datamart and Curated Table :: PAYFREQUENCY_ID
Column Name found in Datamart and Curated Table :: MOBILEPHONE
Column Name found in Datamart and Curated Table :: OUTBOUNDCALLERID
Column Name found in Datamart and Curated Table :: SCHEDULEDMULTITECHCOMMISSIONRATE
Column Name found in Datamart and Curated Table :: STARTDATE
Column Name found in Datamart and Curated Table :: CURRENTVALUE
Column Name found in Datamart and Curated Table :: DEDUCTCOMMUTETIMEFROMFIRSTDRIVE
Column Name found in Datamart and Curated Table :: FIRSTNAME
Column Name found in Datamart and Curated Table :: MEALTIME
Column Name found in Datamart and Curated Table :: MEMO
Column Name found in Datamart and Curated Table :: PHONECONFIRMED
Column Name found in Datamart and Curated Table :: SHOWJOBAPPOINTMENTRESCHEDULEALERT
Column Name found in Datamart and Curated Table :: DISPATCHNOTIFICATIONS
Column Name found in Datamart and Curated Table :: JOB_ID
Column Name found in Datamart and Curated Table :: LATITUDE
Column Name found in Datamart and Curated Table :: MIDDLENAME
Column Name found in Datamart and Curated Table :: ROUTESTATISTICS_TECHNICIAN
Column Name found in Datamart and Curated Table :: CREATEDBY_ID
Column Name found in Datamart and Curated Table :: PHONE
Column Name found in Datamart and Curated Table :: QBREPID
Column Name found in Datamart and Curated Table :: SMARTDISPATCHSETTINGS_TECHNICIAN
Column Name found in Datamart and Curated Table :: STATUS
Column Name found in Datamart and Curated Table :: UNION
Column Name found in Datamart and Curated Table :: HOME_UNIT
Column Name found in Datamart and Curated Table :: HOURLYRATE
Column Name found in Datamart and Curated Table :: INVENTORYWAREHOUSENAME
Column Name found in Datamart and Curated Table :: INVOICINGHOURLYRATE
Column Name found in Datamart and Curated Table :: TYPE
Column Name found in Datamart and Curated Table :: ADDONMULTITECHCOMMISSIONRATE
Column Name found in Datamart and Curated Table :: COLOR
Column Name found in Datamart and Curated Table :: HOME_STATE
Column Name found in Datamart and Curated Table :: MODIFIEDON
Column Name found in Datamart and Curated Table :: OVERALLSALESFACTOR_TECHNICIAN
Column Name found in Datamart and Curated Table :: POSITION
Column Name found in Datamart and Curated Table :: TEAM
Column Name found in Datamart and Curated Table :: COMMUTETIME
Column Name found in Datamart and Curated Table :: HOME_LONGITUDE
Column Name found in Datamart and Curated Table :: HOME_STREET
Column Name found in Datamart and Curated Table :: LOCATION_TECHNICIAN
Column Name found in Datamart and Curated Table :: OVERTIMEMODE
Column Name found in Datamart and Curated Table :: PROJECTEDVALUE
Column Name found in Datamart and Curated Table :: LONGITUDE
Column Name found in Datamart and Curated Table :: TRUCK_ID
Column Name found in Datamart and Curated Table :: TENANT_TYPE
Datamart tables contains additional column name like [ACTIVE_FLAG, RECORD_CREATE_DATE, RECORD_UPDATE_DATE, MASTER_ID]
Curated tables contains additional column name like [RECORD_CREATE_DATE, RECORD_UPDATE_DATE, RECORD_UPDATED_BY]]]>
  </system-out>
  <testcase classname="testcases.RAW_DATAMART_CURATED.SnowFlake_ColumnValidation_APITables" name="validateColumnName_BKP" time="2.377"/>
  <system-out>
    <![CDATA[Executing Snowflake query :: SELECT COLUMN_NAME FROM DEV_ENT_RAW.INFORMATION_SCHEMA.COLUMNS WHERE TABLE_NAME='ST_API_SERVICE'and TABLE_SCHEMA='API_MAT'
Executing Snowflake query :: SELECT COLUMN_NAME FROM CURATED_DATAMART.INFORMATION_SCHEMA.COLUMNS WHERE TABLE_NAME='STR_API_SERVICE'and TABLE_SCHEMA='ST_API_CASTEEL'
Executing Snowflake query :: SELECT COLUMN_NAME FROM DEV_ENT_CURATED.INFORMATION_SCHEMA.COLUMNS WHERE TABLE_NAME='DIM_SERVICE'and TABLE_SCHEMA='MASTER_DIMENSIONS'
Column names for RAW Table --> ST_API_SERVICE :: [BASERATE1, CATEGORY_ID, ID, MEMBERSHIP, QBITEMNAME, SYNCDATE, ACCOUNT, ACTIVE, ALLOWDISCOUNTS, BASERATE3, NOTAX, GENERATEDTAGTARGETS, MEMBERSHIPTYPE_ID, ORIGINAL_ID, ADDONPRICE, ISOTTASK, MEMBERSHIPACTION, AVALARACOMMERCIALTAXCODE, BUSINESSUNIT_ID, EXTERNALID, MEMBERSHIPYEARS, PRICE, SOLDBYCOMMISSION, DISPATCHFEE, ADDONFLATAMOUNT, COMMISSIONBONUS, DISPLAYNAME, HOURS, ISDEFERREDREVENUE, WARRANTY_DURATION, PURCHASEORDERLIMITS_FLATAMOUNT, WORKFLOWACTION_ID, BASERATE2, CROSSSALEGROUP, MODIFIEDON, MINIMUMLABORHOURS, NAME, PURCHASEORDERLIMITS_REVENUEPERCENT, IMPORTID, ADDONMEMBERPRICE, ALLOWAPPLYTAGSTOENTITIES, BONUS, GENERALLEDGERACCOUNT_ID, PAYSCOMMISSION, COST, EXCLUDEFROMPRICEBOOKWIZARD, IMAGES, LOYALTYPROGRAMELIGIBLE, SCHEDULEDFLATAMOUNT, SOURCEVERSION, TAXABLE, MEMBERPRICE, ARCHIVED, AUTOGLASSTYPE, AVALARARESIDENTIALTAXCODE, CREATEDON, DESCRIPTION, ISTIMEANDMATERIAL, MEMBERSHIPMONTHS, PAYSFLATAMOUNT, PAYTECHSPECIFICBONUS, PROVIDER_ID, COPIEDFROM_ID, DISPLAYINAMOUNT, SOURCE, SUPPLIERIMAGES, CREATEDBY_ID, ISLABOR, PAYSSOLDBYRATE, WARRANTY_DESCRIPTION, RECURRINGSERVICETYPE_ID, TENANT_TYPE]
Column names for DataMart Table --> STR_API_SERVICE :: [COST, CREATEDBY_ID, DISPATCHFEE, LOYALTYPROGRAMELIGIBLE, QBITEMNAME, TENANT_TYPE, HOURS, ISTIMEANDMATERIAL, MEMBERSHIPMONTHS, PROVIDER_ID, PAYSFLATAMOUNT, ADDONFLATAMOUNT, BONUS, GENERATEDTAGTARGETS, ID, MEMBERSHIPACTION, NOTAX, SYNCDATE, ACCOUNT, ALLOWAPPLYTAGSTOENTITIES, BASERATE3, DISPLAYNAME, EXTERNALID, MEMBERPRICE, SCHEDULEDFLATAMOUNT, SOURCE, DESCRIPTION, CATEGORY_ID, ACTIVE, AVALARARESIDENTIALTAXCODE, MEMBERSHIP, PURCHASEORDERLIMITS_FLATAMOUNT, RECORD_UPDATE_DATE, CROSSSALEGROUP, GENERALLEDGERACCOUNT_ID, IMPORTID, ALLOWDISCOUNTS, BUSINESSUNIT_ID, COPIEDFROM_ID, IMAGES, ISOTTASK, MEMBERSHIPYEARS, PURCHASEORDERLIMITS_REVENUEPERCENT, MASTER_ID, NAME, MEMBERSHIPTYPE_ID, ORIGINAL_ID, ARCHIVED, AVALARACOMMERCIALTAXCODE, COMMISSIONBONUS, WARRANTY_DURATION, PAYSCOMMISSION, TAXABLE, RECORD_CREATE_DATE, ADDONPRICE, CREATEDON, DISPLAYINAMOUNT, ISDEFERREDREVENUE, MODIFIEDON, PRICE, SUPPLIERIMAGES, ADDONMEMBERPRICE, PAYSSOLDBYRATE, WARRANTY_DESCRIPTION, SOLDBYCOMMISSION, ISLABOR, ACTIVE_FLAG, AUTOGLASSTYPE, BASERATE1, MINIMUMLABORHOURS, SOURCEVERSION, BASERATE2, EXCLUDEFROMPRICEBOOKWIZARD, PAYTECHSPECIFICBONUS, RECURRINGSERVICETYPE_ID, WORKFLOWACTION_ID]
Column names for Curated Table --> DIM_SERVICE :: [ACCOUNT, ALLOWDISCOUNTS, BASERATE3, DESCRIPTION, DISPATCHFEE, ISOTTASK, MEMBERSHIP, SOLDBYCOMMISSION, DISPLAYNAME, AUTOGLASSTYPE, AVALARACOMMERCIALTAXCODE, BUSINESSUNIT_ID, COMMISSIONBONUS, NOTAX, EXTERNALID, PRICE, CATEGORY_ID, CREATEDON, CROSSSALEGROUP, MEMBERSHIPYEARS, PAYSFLATAMOUNT, PAYSSOLDBYRATE, WARRANTY_DURATION, MODIFIEDON, RECORD_CREATE_DATE, TAXABLE, MEMBERSHIPACTION, ADDONMEMBERPRICE, BONUS, COPIEDFROM_ID, ISDEFERREDREVENUE, SOURCE, ARCHIVED, BASERATE1, PURCHASEORDERLIMITS_REVENUEPERCENT, RECURRINGSERVICETYPE_ID, SOURCEVERSION, ALLOWAPPLYTAGSTOENTITIES, AVALARARESIDENTIALTAXCODE, DISPLAYINAMOUNT, GENERATEDTAGTARGETS, ISTIMEANDMATERIAL, PROVIDER_ID, ADDONFLATAMOUNT, COST, GENERALLEDGERACCOUNT_ID, MEMBERSHIPTYPE_ID, QBITEMNAME, WARRANTY_DESCRIPTION, EXCLUDEFROMPRICEBOOKWIZARD, ID, IMAGES, RECORD_UPDATED_BY, RECORD_UPDATE_DATE, NAME, ACTIVE, ADDONPRICE, LOYALTYPROGRAMELIGIBLE, PAYTECHSPECIFICBONUS, SUPPLIERIMAGES, HOURS, IMPORTID, MINIMUMLABORHOURS, PAYSCOMMISSION, WORKFLOWACTION_ID, MEMBERPRICE, BASERATE2, CREATEDBY_ID, MEMBERSHIPMONTHS, ORIGINAL_ID, SYNCDATE, ISLABOR, PURCHASEORDERLIMITS_FLATAMOUNT, TENANT_TYPE, SCHEDULEDFLATAMOUNT]
Column Name found in Datamart and Curated Table :: BASERATE1
Column Name found in Datamart and Curated Table :: CATEGORY_ID
Column Name found in Datamart and Curated Table :: ID
Column Name found in Datamart and Curated Table :: MEMBERSHIP
Column Name found in Datamart and Curated Table :: QBITEMNAME
Column Name found in Datamart and Curated Table :: SYNCDATE
Column Name found in Datamart and Curated Table :: ACCOUNT
Column Name found in Datamart and Curated Table :: ACTIVE
Column Name found in Datamart and Curated Table :: ALLOWDISCOUNTS
Column Name found in Datamart and Curated Table :: BASERATE3
Column Name found in Datamart and Curated Table :: NOTAX
Column Name found in Datamart and Curated Table :: GENERATEDTAGTARGETS
Column Name found in Datamart and Curated Table :: MEMBERSHIPTYPE_ID
Column Name found in Datamart and Curated Table :: ORIGINAL_ID
Column Name found in Datamart and Curated Table :: ADDONPRICE
Column Name found in Datamart and Curated Table :: ISOTTASK
Column Name found in Datamart and Curated Table :: MEMBERSHIPACTION
Column Name found in Datamart and Curated Table :: AVALARACOMMERCIALTAXCODE
Column Name found in Datamart and Curated Table :: BUSINESSUNIT_ID
Column Name found in Datamart and Curated Table :: EXTERNALID
Column Name found in Datamart and Curated Table :: MEMBERSHIPYEARS
Column Name found in Datamart and Curated Table :: PRICE
Column Name found in Datamart and Curated Table :: SOLDBYCOMMISSION
Column Name found in Datamart and Curated Table :: DISPATCHFEE
Column Name found in Datamart and Curated Table :: ADDONFLATAMOUNT
Column Name found in Datamart and Curated Table :: COMMISSIONBONUS
Column Name found in Datamart and Curated Table :: DISPLAYNAME
Column Name found in Datamart and Curated Table :: HOURS
Column Name found in Datamart and Curated Table :: ISDEFERREDREVENUE
Column Name found in Datamart and Curated Table :: WARRANTY_DURATION
Column Name found in Datamart and Curated Table :: PURCHASEORDERLIMITS_FLATAMOUNT
Column Name found in Datamart and Curated Table :: WORKFLOWACTION_ID
Column Name found in Datamart and Curated Table :: BASERATE2
Column Name found in Datamart and Curated Table :: CROSSSALEGROUP
Column Name found in Datamart and Curated Table :: MODIFIEDON
Column Name found in Datamart and Curated Table :: MINIMUMLABORHOURS
Column Name found in Datamart and Curated Table :: NAME
Column Name found in Datamart and Curated Table :: PURCHASEORDERLIMITS_REVENUEPERCENT
Column Name found in Datamart and Curated Table :: IMPORTID
Column Name found in Datamart and Curated Table :: ADDONMEMBERPRICE
Column Name found in Datamart and Curated Table :: ALLOWAPPLYTAGSTOENTITIES
Column Name found in Datamart and Curated Table :: BONUS
Column Name found in Datamart and Curated Table :: GENERALLEDGERACCOUNT_ID
Column Name found in Datamart and Curated Table :: PAYSCOMMISSION
Column Name found in Datamart and Curated Table :: COST
Column Name found in Datamart and Curated Table :: EXCLUDEFROMPRICEBOOKWIZARD
Column Name found in Datamart and Curated Table :: IMAGES
Column Name found in Datamart and Curated Table :: LOYALTYPROGRAMELIGIBLE
Column Name found in Datamart and Curated Table :: SCHEDULEDFLATAMOUNT
Column Name found in Datamart and Curated Table :: SOURCEVERSION
Column Name found in Datamart and Curated Table :: TAXABLE
Column Name found in Datamart and Curated Table :: MEMBERPRICE
Column Name found in Datamart and Curated Table :: ARCHIVED
Column Name found in Datamart and Curated Table :: AUTOGLASSTYPE
Column Name found in Datamart and Curated Table :: AVALARARESIDENTIALTAXCODE
Column Name found in Datamart and Curated Table :: CREATEDON
Column Name found in Datamart and Curated Table :: DESCRIPTION
Column Name found in Datamart and Curated Table :: ISTIMEANDMATERIAL
Column Name found in Datamart and Curated Table :: MEMBERSHIPMONTHS
Column Name found in Datamart and Curated Table :: PAYSFLATAMOUNT
Column Name found in Datamart and Curated Table :: PAYTECHSPECIFICBONUS
Column Name found in Datamart and Curated Table :: PROVIDER_ID
Column Name found in Datamart and Curated Table :: COPIEDFROM_ID
Column Name found in Datamart and Curated Table :: DISPLAYINAMOUNT
Column Name found in Datamart and Curated Table :: SOURCE
Column Name found in Datamart and Curated Table :: SUPPLIERIMAGES
Column Name found in Datamart and Curated Table :: CREATEDBY_ID
Column Name found in Datamart and Curated Table :: ISLABOR
Column Name found in Datamart and Curated Table :: PAYSSOLDBYRATE
Column Name found in Datamart and Curated Table :: WARRANTY_DESCRIPTION
Column Name found in Datamart and Curated Table :: RECURRINGSERVICETYPE_ID
Column Name found in Datamart and Curated Table :: TENANT_TYPE
Datamart tables contains additional column name like [ACTIVE_FLAG, RECORD_CREATE_DATE, RECORD_UPDATE_DATE, MASTER_ID]
Curated tables contains additional column name like [RECORD_CREATE_DATE, RECORD_UPDATE_DATE, RECORD_UPDATED_BY]]]>
  </system-out>
  <testcase classname="testcases.RAW_DATAMART_CURATED.SnowFlake_ColumnValidation_APITables" name="validateColumnName_BKP" time="2.499"/>
  <system-out>
    <![CDATA[Executing Snowflake query :: SELECT COLUMN_NAME FROM DEV_ENT_RAW.INFORMATION_SCHEMA.COLUMNS WHERE TABLE_NAME='ST_API_CONTACT'and TABLE_SCHEMA='API_MAT'
Executing Snowflake query :: SELECT COLUMN_NAME FROM CURATED_DATAMART.INFORMATION_SCHEMA.COLUMNS WHERE TABLE_NAME='STR_API_CONTACT'and TABLE_SCHEMA='ST_API_SNELLHEATINGAIR'
Executing Snowflake query :: SELECT COLUMN_NAME FROM DEV_ENT_CURATED.INFORMATION_SCHEMA.COLUMNS WHERE TABLE_NAME='DIM_CONTACT'and TABLE_SCHEMA='MASTER_DIMENSIONS'
Column names for RAW Table --> ST_API_CONTACT :: [OWNER_ID, VALUE, ACTIVE, MEMO, INVOICESTATEMENTNOTIFICATION, ID, TYPE, IMPORTID, MARKETINGUPDATESENABLED, CREATEDON, JOBREMINDERSENABLED, CREATEDBY_ID, MESSAGESENABLED, MODIFIEDON, REVERSEPHONE, TENANT_TYPE]
Column names for DataMart Table --> STR_API_CONTACT :: [TENANT_TYPE, ACTIVE, ACTIVE_FLAG, MESSAGESENABLED, MEMO, RECORD_UPDATE_DATE, VALUE, JOBREMINDERSENABLED, TYPE, IMPORTID, INVOICESTATEMENTNOTIFICATION, RECORD_CREATE_DATE, OWNER_ID, ID, MASTER_ID, MODIFIEDON, REVERSEPHONE, CREATEDBY_ID, CREATEDON, MARKETINGUPDATESENABLED]
Column names for Curated Table --> DIM_CONTACT :: [MESSAGESENABLED, MODIFIEDON, CREATEDON, MEMO, OWNER_ID, CREATEDBY_ID, MARKETINGUPDATESENABLED, REVERSEPHONE, ID, IMPORTID, JOBREMINDERSENABLED, INVOICESTATEMENTNOTIFICATION, RECORD_CREATE_DATE, RECORD_UPDATED_BY, TENANT_TYPE, ACTIVE, RECORD_UPDATE_DATE, VALUE, TYPE]
Column Name found in Datamart and Curated Table :: OWNER_ID
Column Name found in Datamart and Curated Table :: VALUE
Column Name found in Datamart and Curated Table :: ACTIVE
Column Name found in Datamart and Curated Table :: MEMO
Column Name found in Datamart and Curated Table :: INVOICESTATEMENTNOTIFICATION
Column Name found in Datamart and Curated Table :: ID
Column Name found in Datamart and Curated Table :: TYPE
Column Name found in Datamart and Curated Table :: IMPORTID
Column Name found in Datamart and Curated Table :: MARKETINGUPDATESENABLED
Column Name found in Datamart and Curated Table :: CREATEDON
Column Name found in Datamart and Curated Table :: JOBREMINDERSENABLED
Column Name found in Datamart and Curated Table :: CREATEDBY_ID
Column Name found in Datamart and Curated Table :: MESSAGESENABLED
Column Name found in Datamart and Curated Table :: MODIFIEDON
Column Name found in Datamart and Curated Table :: REVERSEPHONE
Column Name found in Datamart and Curated Table :: TENANT_TYPE
Datamart tables contains additional column name like [ACTIVE_FLAG, RECORD_CREATE_DATE, RECORD_UPDATE_DATE, MASTER_ID]
Curated tables contains additional column name like [RECORD_CREATE_DATE, RECORD_UPDATE_DATE, RECORD_UPDATED_BY]]]>
  </system-out>
  <testcase classname="testcases.RAW_DATAMART_CURATED.SnowFlake_ColumnValidation_APITables" name="validateColumnName_BKP" time="2.227">
    <failure message="The following asserts failed:
	null" type="java.lang.AssertionError">
      <![CDATA[java.lang.AssertionError: The following asserts failed:
null
at org.testng.asserts.SoftAssert.assertAll(SoftAssert.java:47)
at org.testng.asserts.SoftAssert.assertAll(SoftAssert.java:31)
at testcases.RAW_DATAMART_CURATED.SnowFlake_ColumnValidation_APITables.validateColumnName_BKP(SnowFlake_ColumnValidation_APITables.java:128)
at jdk.internal.reflect.GeneratedMethodAccessor38.invoke(Unknown Source)
at java.base/jdk.internal.reflect.DelegatingMethodAccessorImpl.invoke(DelegatingMethodAccessorImpl.java:43)
at java.base/java.lang.reflect.Method.invoke(Method.java:568)
at org.testng.internal.MethodInvocationHelper.invokeMethod(MethodInvocationHelper.java:133)
at org.testng.internal.TestInvoker.invokeMethod(TestInvoker.java:598)
at org.testng.internal.TestInvoker.invokeTestMethod(TestInvoker.java:173)
at org.testng.internal.MethodRunner.runInSequence(MethodRunner.java:46)
at org.testng.internal.TestInvoker$MethodInvocationAgent.invoke(TestInvoker.java:824)
at org.testng.internal.TestInvoker.invokeTestMethods(TestInvoker.java:146)
at org.testng.internal.TestMethodWorker.invokeTestMethods(TestMethodWorker.java:146)
at org.testng.internal.TestMethodWorker.run(TestMethodWorker.java:128)
at java.base/java.util.ArrayList.forEach(ArrayList.java:1511)
at org.testng.TestRunner.privateRun(TestRunner.java:794)
at org.testng.TestRunner.run(TestRunner.java:596)
at org.testng.SuiteRunner.runTest(SuiteRunner.java:377)
at org.testng.SuiteRunner.runSequentially(SuiteRunner.java:371)
at org.testng.SuiteRunner.privateRun(SuiteRunner.java:332)
at org.testng.SuiteRunner.run(SuiteRunner.java:276)
at org.testng.SuiteRunnerWorker.runSuite(SuiteRunnerWorker.java:53)
at org.testng.SuiteRunnerWorker.run(SuiteRunnerWorker.java:96)
at org.testng.TestNG.runSuitesSequentially(TestNG.java:1212)
at org.testng.TestNG.runSuitesLocally(TestNG.java:1134)
at org.testng.TestNG.runSuites(TestNG.java:1063)
at org.testng.TestNG.run(TestNG.java:1031)
at org.testng.remote.AbstractRemoteTestNG.run(AbstractRemoteTestNG.java:115)
at org.testng.remote.RemoteTestNG.initAndRun(RemoteTestNG.java:251)
at org.testng.remote.RemoteTestNG.main(RemoteTestNG.java:77)
]]>
    </failure>
  </testcase> <!-- validateColumnName_BKP -->
  <system-out>
    <![CDATA[Executing Snowflake query :: SELECT COLUMN_NAME FROM DEV_ENT_RAW.INFORMATION_SCHEMA.COLUMNS WHERE TABLE_NAME='ST_API_TECHNICIAN'and TABLE_SCHEMA='API_MAT'
Executing Snowflake query :: SELECT COLUMN_NAME FROM CURATED_DATAMART.INFORMATION_SCHEMA.COLUMNS WHERE TABLE_NAME='STR_API_TECHNICIAN'and TABLE_SCHEMA='ST_API_HORIZONSERVICES'
Executing Snowflake query :: SELECT COLUMN_NAME FROM DEV_ENT_CURATED.INFORMATION_SCHEMA.COLUMNS WHERE TABLE_NAME='DIM_TECHNICIAN'and TABLE_SCHEMA='MASTER_DIMENSIONS'
Column names for RAW Table --> ST_API_TECHNICIAN :: [ADDONCREWSPLITCOMMISSIONRATE, ATLASBUTLERTECHNICIANROLE, FIRSTDRIVERULE, HOME_ISMANUALCOORDINATES, NAVISIONEMPLOYEEID, PAYROLLID, PAYROLLPOSTINGGROUP_ID, SALESFACTOR, SALESFORCECONTACTID, PAYROLLREPORTVERSION, STANDARDWORKTYPECODE_ID, MUHULINK, COMMISSIONRATE, HOME_ISMILITARY, LICENSE, GOALIMAGE, IMPORTID, MOBILEPHONECONFIRMED, PAYTYPE, MANAGER_ID, SHIFTSTART, NAME, ADDONSOLOCOMMISSIONRATE, BIO, BUSINESSUNIT_ID, HOME_CITY, ID, ISMANAGEDTECH, PROJECTLABELS, SCHEDULEDSOLOCOMMISSIONRATE, BIRTHDATE, HOME_COUNTRY, PHOTO, TURNOVERBONUS, USER_ID, WILLIAMSTECHNICIANROLE, ZONE_ID, OVERTIMEPROFILE_ID, CREATEDON, TODAYREVENUE_TECHNICIAN, ACTIVE, DEFAULTPAYROLLADJUSTMENTRATE, ISAUTODISPATCHED, LASTNAME, ISEXTERNAL, SHIFTEND, SCHEDULEDCREWSPLITCOMMISSIONRATE, DAILYGOAL, APPOINTMENT_ID, BURDENRATE, HOME_ZIP, PAYROLLSTARTPERIOD, STATUSUPDATEDON, OVERTIMEWORKTYPECODE_ID, PAYROLLPROFILE_ID, PAYROLLROLE, PAYROLLSTARTDATE, SOLDBYRATE, ISEXCLUDEDFROMPAYROLL, COORDINATESUPDATEDON, EMAIL, EMAILCONFIRMED, HOME_LATITUDE, OVERTIMEPAYROLLCONTROLCODE_ID, PAYPERIOD, STANDARDPAYROLLCONTROLCODE_ID, CHECKEDIN, DEFAULTLABORTYPE_ID, JOBFILTER, PAYFREQUENCY_ID, MOBILEPHONE, OUTBOUNDCALLERID, SCHEDULEDMULTITECHCOMMISSIONRATE, STARTDATE, CURRENTVALUE, DEDUCTCOMMUTETIMEFROMFIRSTDRIVE, FIRSTNAME, MEALTIME, MEMO, PHONECONFIRMED, SHOWJOBAPPOINTMENTRESCHEDULEALERT, DISPATCHNOTIFICATIONS, JOB_ID, LATITUDE, MIDDLENAME, ROUTESTATISTICS_TECHNICIAN, CREATEDBY_ID, PHONE, QBREPID, SMARTDISPATCHSETTINGS_TECHNICIAN, STATUS, UNION, HOME_UNIT, HOURLYRATE, INVENTORYWAREHOUSENAME, INVOICINGHOURLYRATE, TYPE, ADDONMULTITECHCOMMISSIONRATE, COLOR, HOME_STATE, MODIFIEDON, OVERALLSALESFACTOR_TECHNICIAN, POSITION, TEAM, COMMUTETIME, HOME_LONGITUDE, HOME_STREET, LOCATION_TECHNICIAN, OVERTIMEMODE, PROJECTEDVALUE, LONGITUDE, TRUCK_ID, TENANT_TYPE]
Column names for DataMart Table --> STR_API_TECHNICIAN :: [ACTIVE, CREATEDBY_ID, HOME_LATITUDE, COLOR, COMMUTETIME, EMAIL, FLEET_ID, LATITUDE, UNION, USER_ID, GOALIMAGE, STATUSUPDATEDON, SCHEDULEDSOLOCOMMISSIONRATE, TENANT_TYPE, MODIFIEDON, STARTDATE, BURDENRATE, BUSINESSUNIT_ID, LOCATION_TECHNICIAN, RECORD_CREATE_DATE, HOME_UNIT, ID, PHONECONFIRMED, SHIFTEND, WILLIAMSTECHNICIANROLE, PAYTYPE, ADDONCREWSPLITCOMMISSIONRATE, DEDUCTCOMMUTETIMEFROMFIRSTDRIVE, DEFAULTPAYROLLADJUSTMENTRATE, FIRSTNAME, LICENSE, SALESFACTOR, ZONE_ID, CURRENTVALUE, DAILYGOAL, FIRSTDRIVERULE, ISMANAGEDTECH, PAYROLLPOSTINGGROUP_ID, POSITION, MOBILEPHONE, PAYROLLPROFILE_ID, SALESFORCECONTACTID, STANDARDWORKTYPECODE_ID, STATUS, HOME_ISMILITARY, APPOINTMENT_ID, BIO, EMAILCONFIRMED, HOME_CITY, HOME_ISMANUALCOORDINATES, HOURLYRATE, ISAUTODISPATCHED, MANAGER_ID, OVERTIMEMODE, OVERTIMEPAYROLLCONTROLCODE_ID, PAYROLLID, HOME_ZIP, LASTNAME, MIDDLENAME, MOBILEPHONECONFIRMED, OVERALLSALESFACTOR_TECHNICIAN, PROJECTEDVALUE, SCHEDULEDMULTITECHCOMMISSIONRATE, SHOWJOBAPPOINTMENTRESCHEDULEALERT, SMARTDISPATCHSETTINGS_TECHNICIAN, TODAYREVENUE_TECHNICIAN, PAYFREQUENCY_ID, LONGITUDE, SHIFTSTART, TYPE, ACTIVE_FLAG, ADDONMULTITECHCOMMISSIONRATE, COMMISSIONRATE, CREATEDON, JOBFILTER, SCHEDULEDCREWSPLITCOMMISSIONRATE, INVOICINGHOURLYRATE, QBREPID, STANDARDPAYROLLCONTROLCODE_ID, TRUCK_ID, HOME_LONGITUDE, OVERTIMEPROFILE_ID, DISPATCHNOTIFICATIONS, JOB_ID, DEFAULTLABORTYPE_ID, HOME_STREET, ISEXTERNAL, PROJECTLABELS, HOME_COUNTRY, MASTER_ID, MEALTIME, MEMO, PAYROLLREPORTVERSION, PAYROLLSTARTDATE, PAYROLLSTARTPERIOD, PHOTO, SOLDBYRATE, NAVISIONEMPLOYEEID, ADDONSOLOCOMMISSIONRATE, BIRTHDATE, INVENTORYWAREHOUSENAME, MUHULINK, OUTBOUNDCALLERID, PAYROLLROLE, IMPORTID, TURNOVERBONUS, ROUTESTATISTICS_TECHNICIAN, ATLASBUTLERTECHNICIANROLE, CHECKEDIN, COORDINATESUPDATEDON, NAME, TEAM, HOME_STATE, OVERTIMEWORKTYPECODE_ID, PAYPERIOD, RECORD_UPDATE_DATE, PHONE]
Column names for Curated Table --> DIM_TECHNICIAN :: [ADDONCREWSPLITCOMMISSIONRATE, COMMUTETIME, DEFAULTLABORTYPE_ID, EMAILCONFIRMED, FIRSTNAME, FLEET_ID, HOME_COUNTRY, HOME_UNIT, MOBILEPHONE, PHONECONFIRMED, ISEXCLUDEDFROMPAYROLL, OVERALLSALESFACTOR_TECHNICIAN, TURNOVERBONUS, PAYPERIOD, PAYROLLROLE, PAYROLLSTARTDATE, BIRTHDATE, HOME_ISMANUALCOORDINATES, HOME_ISMILITARY, INVENTORYWAREHOUSENAME, JOBFILTER, MEMO, PAYFREQUENCY_ID, POSITION, ID, ISAUTODISPATCHED, LICENSE, TEAM, SCHEDULEDCREWSPLITCOMMISSIONRATE, SALESFACTOR, ADDONSOLOCOMMISSIONRATE, CURRENTVALUE, DAILYGOAL, DEDUCTCOMMUTETIMEFROMFIRSTDRIVE, MANAGER_ID, OVERTIMEPROFILE_ID, SHIFTSTART, SHOWJOBAPPOINTMENTRESCHEDULEALERT, SMARTDISPATCHSETTINGS_TECHNICIAN, GOALIMAGE, MODIFIEDON, PAYROLLID, PAYROLLREPORTVERSION, RECORD_CREATE_DATE, TODAYREVENUE_TECHNICIAN, TYPE, PROJECTLABELS, SCHEDULEDSOLOCOMMISSIONRATE, LONGITUDE, ADDONMULTITECHCOMMISSIONRATE, APPOINTMENT_ID, CHECKEDIN, COLOR, CREATEDON, DISPATCHNOTIFICATIONS, IMPORTID, LASTNAME, MOBILEPHONECONFIRMED, STATUSUPDATEDON, ZONE_ID, HOME_STATE, NAME, NAVISIONEMPLOYEEID, PAYROLLPOSTINGGROUP_ID, PHOTO, MEALTIME, PROJECTEDVALUE, STANDARDPAYROLLCONTROLCODE_ID, OVERTIMEMODE, BURDENRATE, FIRSTDRIVERULE, JOB_ID, PAYROLLPROFILE_ID, QBREPID, ROUTESTATISTICS_TECHNICIAN, STARTDATE, TRUCK_ID, USER_ID, STANDARDWORKTYPECODE_ID, MIDDLENAME, COMMISSIONRATE, CREATEDBY_ID, HOME_LONGITUDE, HOME_ZIP, HOURLYRATE, LATITUDE, SCHEDULEDMULTITECHCOMMISSIONRATE, BUSINESSUNIT_ID, OUTBOUNDCALLERID, RECORD_UPDATED_BY, STATUS, MUHULINK, OVERTIMEPAYROLLCONTROLCODE_ID, UNION, PAYTYPE, INVOICINGHOURLYRATE, RECORD_UPDATE_DATE, COORDINATESUPDATEDON, LOCATION_TECHNICIAN, EMAIL, HOME_CITY, ISEXTERNAL, OVERTIMEWORKTYPECODE_ID, PAYROLLSTARTPERIOD, SHIFTEND, WILLIAMSTECHNICIANROLE, TENANT_TYPE, ACTIVE, ATLASBUTLERTECHNICIANROLE, BIO, DEFAULTPAYROLLADJUSTMENTRATE, HOME_LATITUDE, HOME_STREET, ISMANAGEDTECH, PHONE, SALESFORCECONTACTID, SOLDBYRATE]
Column Name found in Datamart and Curated Table :: ADDONCREWSPLITCOMMISSIONRATE
Column Name found in Datamart and Curated Table :: ATLASBUTLERTECHNICIANROLE
Column Name found in Datamart and Curated Table :: FIRSTDRIVERULE
Column Name found in Datamart and Curated Table :: HOME_ISMANUALCOORDINATES
Column Name found in Datamart and Curated Table :: NAVISIONEMPLOYEEID
Column Name found in Datamart and Curated Table :: PAYROLLID
Column Name found in Datamart and Curated Table :: PAYROLLPOSTINGGROUP_ID
Column Name found in Datamart and Curated Table :: SALESFACTOR
Column Name found in Datamart and Curated Table :: SALESFORCECONTACTID
Column Name found in Datamart and Curated Table :: PAYROLLREPORTVERSION
Column Name found in Datamart and Curated Table :: STANDARDWORKTYPECODE_ID
Column Name found in Datamart and Curated Table :: MUHULINK
Column Name found in Datamart and Curated Table :: COMMISSIONRATE
Column Name found in Datamart and Curated Table :: HOME_ISMILITARY
Column Name found in Datamart and Curated Table :: LICENSE
Column Name found in Datamart and Curated Table :: GOALIMAGE
Column Name found in Datamart and Curated Table :: IMPORTID
Column Name found in Datamart and Curated Table :: MOBILEPHONECONFIRMED
Column Name found in Datamart and Curated Table :: PAYTYPE
Column Name found in Datamart and Curated Table :: MANAGER_ID
Column Name found in Datamart and Curated Table :: SHIFTSTART
Column Name found in Datamart and Curated Table :: NAME
Column Name found in Datamart and Curated Table :: ADDONSOLOCOMMISSIONRATE
Column Name found in Datamart and Curated Table :: BIO
Column Name found in Datamart and Curated Table :: BUSINESSUNIT_ID
Column Name found in Datamart and Curated Table :: HOME_CITY
Column Name found in Datamart and Curated Table :: ID
Column Name found in Datamart and Curated Table :: ISMANAGEDTECH
Column Name found in Datamart and Curated Table :: PROJECTLABELS
Column Name found in Datamart and Curated Table :: SCHEDULEDSOLOCOMMISSIONRATE
Column Name found in Datamart and Curated Table :: BIRTHDATE
Column Name found in Datamart and Curated Table :: HOME_COUNTRY
Column Name found in Datamart and Curated Table :: PHOTO
Column Name found in Datamart and Curated Table :: TURNOVERBONUS
Column Name found in Datamart and Curated Table :: USER_ID
Column Name found in Datamart and Curated Table :: WILLIAMSTECHNICIANROLE
Column Name found in Datamart and Curated Table :: ZONE_ID
Column Name found in Datamart and Curated Table :: OVERTIMEPROFILE_ID
Column Name found in Datamart and Curated Table :: CREATEDON
Column Name found in Datamart and Curated Table :: TODAYREVENUE_TECHNICIAN
Column Name found in Datamart and Curated Table :: ACTIVE
Column Name found in Datamart and Curated Table :: DEFAULTPAYROLLADJUSTMENTRATE
Column Name found in Datamart and Curated Table :: ISAUTODISPATCHED
Column Name found in Datamart and Curated Table :: LASTNAME
Column Name found in Datamart and Curated Table :: ISEXTERNAL
Column Name found in Datamart and Curated Table :: SHIFTEND
Column Name found in Datamart and Curated Table :: SCHEDULEDCREWSPLITCOMMISSIONRATE
Column Name found in Datamart and Curated Table :: DAILYGOAL
Column Name found in Datamart and Curated Table :: APPOINTMENT_ID
Column Name found in Datamart and Curated Table :: BURDENRATE
Column Name found in Datamart and Curated Table :: HOME_ZIP
Column Name found in Datamart and Curated Table :: PAYROLLSTARTPERIOD
Column Name found in Datamart and Curated Table :: STATUSUPDATEDON
Column Name found in Datamart and Curated Table :: OVERTIMEWORKTYPECODE_ID
Column Name found in Datamart and Curated Table :: PAYROLLPROFILE_ID
Column Name found in Datamart and Curated Table :: PAYROLLROLE
Column Name found in Datamart and Curated Table :: PAYROLLSTARTDATE
Column Name found in Datamart and Curated Table :: SOLDBYRATE
Column Name not found in Datamart and Curated Table :: ISEXCLUDEDFROMPAYROLL
Column Name found in Datamart and Curated Table :: COORDINATESUPDATEDON
Column Name found in Datamart and Curated Table :: EMAIL
Column Name found in Datamart and Curated Table :: EMAILCONFIRMED
Column Name found in Datamart and Curated Table :: HOME_LATITUDE
Column Name found in Datamart and Curated Table :: OVERTIMEPAYROLLCONTROLCODE_ID
Column Name found in Datamart and Curated Table :: PAYPERIOD
Column Name found in Datamart and Curated Table :: STANDARDPAYROLLCONTROLCODE_ID
Column Name found in Datamart and Curated Table :: CHECKEDIN
Column Name found in Datamart and Curated Table :: DEFAULTLABORTYPE_ID
Column Name found in Datamart and Curated Table :: JOBFILTER
Column Name found in Datamart and Curated Table :: PAYFREQUENCY_ID
Column Name found in Datamart and Curated Table :: MOBILEPHONE
Column Name found in Datamart and Curated Table :: OUTBOUNDCALLERID
Column Name found in Datamart and Curated Table :: SCHEDULEDMULTITECHCOMMISSIONRATE
Column Name found in Datamart and Curated Table :: STARTDATE
Column Name found in Datamart and Curated Table :: CURRENTVALUE
Column Name found in Datamart and Curated Table :: DEDUCTCOMMUTETIMEFROMFIRSTDRIVE
Column Name found in Datamart and Curated Table :: FIRSTNAME
Column Name found in Datamart and Curated Table :: MEALTIME
Column Name found in Datamart and Curated Table :: MEMO
Column Name found in Datamart and Curated Table :: PHONECONFIRMED
Column Name found in Datamart and Curated Table :: SHOWJOBAPPOINTMENTRESCHEDULEALERT
Column Name found in Datamart and Curated Table :: DISPATCHNOTIFICATIONS
Column Name found in Datamart and Curated Table :: JOB_ID
Column Name found in Datamart and Curated Table :: LATITUDE
Column Name found in Datamart and Curated Table :: MIDDLENAME
Column Name found in Datamart and Curated Table :: ROUTESTATISTICS_TECHNICIAN
Column Name found in Datamart and Curated Table :: CREATEDBY_ID
Column Name found in Datamart and Curated Table :: PHONE
Column Name found in Datamart and Curated Table :: QBREPID
Column Name found in Datamart and Curated Table :: SMARTDISPATCHSETTINGS_TECHNICIAN
Column Name found in Datamart and Curated Table :: STATUS
Column Name found in Datamart and Curated Table :: UNION
Column Name found in Datamart and Curated Table :: HOME_UNIT
Column Name found in Datamart and Curated Table :: HOURLYRATE
Column Name found in Datamart and Curated Table :: INVENTORYWAREHOUSENAME
Column Name found in Datamart and Curated Table :: INVOICINGHOURLYRATE
Column Name found in Datamart and Curated Table :: TYPE
Column Name found in Datamart and Curated Table :: ADDONMULTITECHCOMMISSIONRATE
Column Name found in Datamart and Curated Table :: COLOR
Column Name found in Datamart and Curated Table :: HOME_STATE
Column Name found in Datamart and Curated Table :: MODIFIEDON
Column Name found in Datamart and Curated Table :: OVERALLSALESFACTOR_TECHNICIAN
Column Name found in Datamart and Curated Table :: POSITION
Column Name found in Datamart and Curated Table :: TEAM
Column Name found in Datamart and Curated Table :: COMMUTETIME
Column Name found in Datamart and Curated Table :: HOME_LONGITUDE
Column Name found in Datamart and Curated Table :: HOME_STREET
Column Name found in Datamart and Curated Table :: LOCATION_TECHNICIAN
Column Name found in Datamart and Curated Table :: OVERTIMEMODE
Column Name found in Datamart and Curated Table :: PROJECTEDVALUE
Column Name found in Datamart and Curated Table :: LONGITUDE
Column Name found in Datamart and Curated Table :: TRUCK_ID
Column Name found in Datamart and Curated Table :: TENANT_TYPE
Datamart tables contains additional column name like [ACTIVE_FLAG, RECORD_CREATE_DATE, RECORD_UPDATE_DATE, MASTER_ID]
Curated tables contains additional column name like [RECORD_CREATE_DATE, RECORD_UPDATE_DATE, RECORD_UPDATED_BY]]]>
  </system-out>
  <testcase classname="testcases.RAW_DATAMART_CURATED.SnowFlake_ColumnValidation_APITables" name="validateColumnName_BKP" time="3.174"/>
  <system-out>
    <![CDATA[Executing Snowflake query :: SELECT COLUMN_NAME FROM DEV_ENT_RAW.INFORMATION_SCHEMA.COLUMNS WHERE TABLE_NAME='ST_API_ESTIMATE'and TABLE_SCHEMA='API_MAT'
Executing Snowflake query :: SELECT COLUMN_NAME FROM CURATED_DATAMART.INFORMATION_SCHEMA.COLUMNS WHERE TABLE_NAME='STR_API_ESTIMATE'and TABLE_SCHEMA='ST_API_HARP'
Executing Snowflake query :: SELECT COLUMN_NAME FROM DEV_ENT_CURATED.INFORMATION_SCHEMA.COLUMNS WHERE TABLE_NAME='DIM_ESTIMATE'and TABLE_SCHEMA='MASTER_DIMENSIONS'
Column names for RAW Table --> ST_API_ESTIMATE :: [BUSINESSUNIT_ID, JOB_ID, MATERIALTAX, PROJECTLABELS, STATUS, PROPOSALTAGCOLOR, CLAIM_ID, ISCHANGEORDER, MATERIALSKUREFERENCE_SKUID, MODIFIEDON, SUMMARY, TECHNICIANPICKEDSOLDTYPE, ISRECOMMENDED, PROPOSALTAGNAME, CREATEDBY_ID, TAX, AUTHORIZEDON, ORDER, OPPORTUNITY_ID, FEETOTAL, IMPORTID, LABORTAX, SOLDBY_ID, SOLDINVOICE_ID, AUTHORIZATIONSIGNATURE, LOCATION_ID, PROCUREMENTTYPE, SOLDBYEMPLOYEE_ID, DISCOUNTTOTAL, TECHNICIANSIGNATURE, ACTIVE, MATERIALSKU_ID, MATERIALSKUREFERENCE_SKUTYPE, RENEWABLEMEMBERSHIP_ID, NAME, SOLDON, TOTALCOST, CREATEDON, TOTAL, ID, SOLDTYPE, PROJECTOPPORTUNITY_ID, TENANT_TYPE]
Column names for DataMart Table --> STR_API_ESTIMATE :: [CREATEDBY_ID, IMPORTID, TECHNICIANPICKEDSOLDTYPE, RECORD_CREATE_DATE, CLAIM_ID, MATERIALTAX, MODIFIEDON, PROCUREMENTTYPE, TECHNICIANSIGNATURE, BUSINESSUNIT_ID, FEETOTAL, ID, ISCHANGEORDER, MASTER_ID, SOLDTYPE, TAX, TOTAL, PROJECTLABELS, SOLDON, PROPOSALTAGNAME, MATERIALSKU_ID, RENEWABLEMEMBERSHIP_ID, MATERIALSKUREFERENCE_SKUTYPE, ACTIVE_FLAG, ISRECOMMENDED, MATERIALSKUREFERENCE_SKUID, PROJECTOPPORTUNITY_ID, LABORTAX, PROPOSALTAGCOLOR, LOCATION_ID, TOTALCOST, SUMMARY, STATUS, JOB_ID, ORDER, AUTHORIZATIONSIGNATURE, AUTHORIZEDON, CREATEDON, DISCOUNTTOTAL, NAME, OPPORTUNITY_ID, RECORD_UPDATE_DATE, ACTIVE, SOLDBYEMPLOYEE_ID, SOLDBY_ID, TENANT_TYPE, SOLDINVOICE_ID]
Column names for Curated Table --> DIM_ESTIMATE :: [CREATEDON, DISCOUNTTOTAL, LOCATION_ID, OPPORTUNITY_ID, PROPOSALTAGCOLOR, PROPOSALTAGNAME, SOLDINVOICE_ID, TENANT_TYPE, RECORD_UPDATED_BY, TOTALCOST, ISCHANGEORDER, NAME, BUSINESSUNIT_ID, FEETOTAL, MATERIALSKUREFERENCE_SKUTYPE, ISRECOMMENDED, ORDER, STATUS, TOTAL, SOLDTYPE, AUTHORIZEDON, CREATEDBY_ID, LABORTAX, PROCUREMENTTYPE, SOLDBYEMPLOYEE_ID, SOLDBY_ID, IMPORTID, MATERIALSKU_ID, TAX, TECHNICIANPICKEDSOLDTYPE, RENEWABLEMEMBERSHIP_ID, TECHNICIANSIGNATURE, MODIFIEDON, CLAIM_ID, ID, MATERIALSKUREFERENCE_SKUID, SOLDON, PROJECTLABELS, JOB_ID, ACTIVE, AUTHORIZATIONSIGNATURE, MATERIALTAX, PROJECTOPPORTUNITY_ID, RECORD_CREATE_DATE, SUMMARY, RECORD_UPDATE_DATE]
Column Name found in Datamart and Curated Table :: BUSINESSUNIT_ID
Column Name found in Datamart and Curated Table :: JOB_ID
Column Name found in Datamart and Curated Table :: MATERIALTAX
Column Name found in Datamart and Curated Table :: PROJECTLABELS
Column Name found in Datamart and Curated Table :: STATUS
Column Name found in Datamart and Curated Table :: PROPOSALTAGCOLOR
Column Name found in Datamart and Curated Table :: CLAIM_ID
Column Name found in Datamart and Curated Table :: ISCHANGEORDER
Column Name found in Datamart and Curated Table :: MATERIALSKUREFERENCE_SKUID
Column Name found in Datamart and Curated Table :: MODIFIEDON
Column Name found in Datamart and Curated Table :: SUMMARY
Column Name found in Datamart and Curated Table :: TECHNICIANPICKEDSOLDTYPE
Column Name found in Datamart and Curated Table :: ISRECOMMENDED
Column Name found in Datamart and Curated Table :: PROPOSALTAGNAME
Column Name found in Datamart and Curated Table :: CREATEDBY_ID
Column Name found in Datamart and Curated Table :: TAX
Column Name found in Datamart and Curated Table :: AUTHORIZEDON
Column Name found in Datamart and Curated Table :: ORDER
Column Name found in Datamart and Curated Table :: OPPORTUNITY_ID
Column Name found in Datamart and Curated Table :: FEETOTAL
Column Name found in Datamart and Curated Table :: IMPORTID
Column Name found in Datamart and Curated Table :: LABORTAX
Column Name found in Datamart and Curated Table :: SOLDBY_ID
Column Name found in Datamart and Curated Table :: SOLDINVOICE_ID
Column Name found in Datamart and Curated Table :: AUTHORIZATIONSIGNATURE
Column Name found in Datamart and Curated Table :: LOCATION_ID
Column Name found in Datamart and Curated Table :: PROCUREMENTTYPE
Column Name found in Datamart and Curated Table :: SOLDBYEMPLOYEE_ID
Column Name found in Datamart and Curated Table :: DISCOUNTTOTAL
Column Name found in Datamart and Curated Table :: TECHNICIANSIGNATURE
Column Name found in Datamart and Curated Table :: ACTIVE
Column Name found in Datamart and Curated Table :: MATERIALSKU_ID
Column Name found in Datamart and Curated Table :: MATERIALSKUREFERENCE_SKUTYPE
Column Name found in Datamart and Curated Table :: RENEWABLEMEMBERSHIP_ID
Column Name found in Datamart and Curated Table :: NAME
Column Name found in Datamart and Curated Table :: SOLDON
Column Name found in Datamart and Curated Table :: TOTALCOST
Column Name found in Datamart and Curated Table :: CREATEDON
Column Name found in Datamart and Curated Table :: TOTAL
Column Name found in Datamart and Curated Table :: ID
Column Name found in Datamart and Curated Table :: SOLDTYPE
Column Name found in Datamart and Curated Table :: PROJECTOPPORTUNITY_ID
Column Name found in Datamart and Curated Table :: TENANT_TYPE
Datamart tables contains additional column name like [ACTIVE_FLAG, RECORD_CREATE_DATE, RECORD_UPDATE_DATE, MASTER_ID]
Curated tables contains additional column name like [RECORD_CREATE_DATE, RECORD_UPDATE_DATE, RECORD_UPDATED_BY]]]>
  </system-out>
  <testcase classname="testcases.RAW_DATAMART_CURATED.SnowFlake_ColumnValidation_APITables" name="validateColumnName_BKP" time="2.456"/>
  <system-out>
    <![CDATA[Executing Snowflake query :: SELECT COLUMN_NAME FROM DEV_ENT_RAW.INFORMATION_SCHEMA.COLUMNS WHERE TABLE_NAME='ST_API_MATERIALVENDORSUBACCOUNT'and TABLE_SCHEMA='API_MAT'
Executing Snowflake query :: SELECT COLUMN_NAME FROM CURATED_DATAMART.INFORMATION_SCHEMA.COLUMNS WHERE TABLE_NAME='STR_API_MATERIALVENDORSUBACCOUNT'and TABLE_SCHEMA='ST_API_BILLFENWICK'
Executing Snowflake query :: SELECT COLUMN_NAME FROM DEV_ENT_CURATED.INFORMATION_SCHEMA.COLUMNS WHERE TABLE_NAME='DIM_MATERIALVENDORSUBACCOUNT'and TABLE_SCHEMA='MASTER_DIMENSIONS'
Column names for RAW Table --> ST_API_MATERIALVENDORSUBACCOUNT :: [MATERIALVENDOR_ID, ACCOUNTNAME, ACTIVE, COST, CREATEDBY_ID, ID, CREATEDON, IMPORTID, TENANT_TYPE]
Column names for DataMart Table --> STR_API_MATERIALVENDORSUBACCOUNT :: [CREATEDBY_ID, CREATEDON, MATERIALVENDOR_ID, RECORD_CREATE_DATE, IMPORTID, MASTER_ID, ID, COST, ACCOUNTNAME, RECORD_UPDATE_DATE, TENANT_TYPE, ACTIVE_FLAG, ACTIVE]
Column names for Curated Table --> DIM_MATERIALVENDORSUBACCOUNT :: [RECORD_CREATE_DATE, IMPORTID, ACTIVE, CREATEDBY_ID, CREATEDON, ID, RECORD_UPDATE_DATE, TENANT_TYPE, RECORD_UPDATED_BY, ACCOUNTNAME, MATERIALVENDOR_ID, COST]
Column Name found in Datamart and Curated Table :: MATERIALVENDOR_ID
Column Name found in Datamart and Curated Table :: ACCOUNTNAME
Column Name found in Datamart and Curated Table :: ACTIVE
Column Name found in Datamart and Curated Table :: COST
Column Name found in Datamart and Curated Table :: CREATEDBY_ID
Column Name found in Datamart and Curated Table :: ID
Column Name found in Datamart and Curated Table :: CREATEDON
Column Name found in Datamart and Curated Table :: IMPORTID
Column Name found in Datamart and Curated Table :: TENANT_TYPE
Datamart tables contains additional column name like [ACTIVE_FLAG, RECORD_CREATE_DATE, RECORD_UPDATE_DATE, MASTER_ID]
Curated tables contains additional column name like [RECORD_CREATE_DATE, RECORD_UPDATE_DATE, RECORD_UPDATED_BY]]]>
  </system-out>
  <testcase classname="testcases.RAW_DATAMART_CURATED.SnowFlake_ColumnValidation_APITables" name="validateColumnName_BKP" time="2.134"/>
  <system-out>
    <![CDATA[Executing Snowflake query :: SELECT COLUMN_NAME FROM DEV_ENT_RAW.INFORMATION_SCHEMA.COLUMNS WHERE TABLE_NAME='ST_API_INVOICE'and TABLE_SCHEMA='API_MAT'
Executing Snowflake query :: SELECT COLUMN_NAME FROM CURATED_DATAMART.INFORMATION_SCHEMA.COLUMNS WHERE TABLE_NAME='STR_API_INVOICE'and TABLE_SCHEMA='ST_API_CASTEEL'
Executing Snowflake query :: SELECT COLUMN_NAME FROM DEV_ENT_CURATED.INFORMATION_SCHEMA.COLUMNS WHERE TABLE_NAME='FACT_INVOICE'and TABLE_SCHEMA='MASTER_DIMENSIONS'
Column names for RAW Table --> ST_API_INVOICE :: [COMMISSIONELIGIBILITYDATE, TYPE_ID, NEWCONSTRUCTION, ACTIVE, BATCH_ID, DISCOUNTTOTAL, NETAMOUNT, ROYALTY_SENTON, SUMMARY, TECHNICIANACKNOWLEDGEMENTSIGNATURE, CREATEDBY_ID, ADJUSTMENTTO_ID, EXPORTID, EXTERNALID, INVOICEDON, PAIDON, PAYMENTTERM_ID, MODIFIEDON, MATERIALSKUREFERENCE_SKUTYPE, MEMBERSHIP_ID, STATUS, TAX, TAXZONE_ID, COUNTERSALESLOCATION_ID, NUMERICNUMBER, ROYALTY_STATUS, BUSINESSUNIT_ID, CONFIGURATION, CREATEDON, CUSTOMER_ID, JOB_ID, LOCATION_ID, ROYALTY_DATE, ACKNOWLEDGEMENTSIGNATURE, BALANCE, BILLINGDATE, EXCLUDEFROMPAYROLL, MATERIALTAX, AUTHORIZATIONSIGNATURE, PAYMENTDUEDATE, PROJECTLABELS, AUTHORIZEDAMOUNT, ID, INCLUDEINTECHNICIANREPORTS, MATERIALSKUREFERENCE_SKUID, PAYROLLDATE, SIGNATURE, SUBTOTAL, LABORTAX, MATERIALSKU_ID, ROYALTY_MEMO, TOTAL, FEETAX, IMPORTID, NUMBER, PROJECT_ID, FEETOTAL, TENANT_TYPE]
Column names for DataMart Table --> STR_API_INVOICE :: [MATERIALSKUREFERENCE_SKUID, ROYALTY_DATE, ROYALTY_STATUS, FEETOTAL, RECORD_CREATE_DATE, BATCH_ID, PAYMENTDUEDATE, BILLINGDATE, NUMERICNUMBER, TECHNICIANACKNOWLEDGEMENTSIGNATURE, AUTHORIZATIONSIGNATURE, MEMBERSHIP_ID, NETAMOUNT, CREATEDON, LOCATION_ID, MATERIALSKU_ID, PROJECTLABELS, TAXZONE_ID, TENANT_TYPE, ID, ROYALTY_SENTON, ACTIVE, COMMISSIONELIGIBILITYDATE, DISCOUNTTOTAL, INVOICEDON, MASTER_ID, MATERIALTAX, NEWCONSTRUCTION, SUMMARY, MATERIALSKUREFERENCE_SKUTYPE, PAIDON, PROJECT_ID, SIGNATURE, TYPE_ID, AUTHORIZEDAMOUNT, RECORD_UPDATE_DATE, TAX, JOB_ID, NUMBER, COUNTERSALESLOCATION_ID, CUSTOMER_ID, EXCLUDEFROMPAYROLL, INCLUDEINTECHNICIANREPORTS, LABORTAX, PAYROLLDATE, SUBTOTAL, TOTAL, ACKNOWLEDGEMENTSIGNATURE, ACTIVE_FLAG, BUSINESSUNIT_ID, MODIFIEDON, ADJUSTMENTTO_ID, BALANCE, CONFIGURATION, CREATEDBY_ID, EXPORTID, EXTERNALID, FEETAX, IMPORTID, ROYALTY_MEMO, STATUS, PAYMENTTERM_ID]
Column names for Curated Table --> FACT_INVOICE :: [CONFIGURATION, EXPORTID, EXTERNALID, MATERIALSKUREFERENCE_SKUTYPE, RECORD_UPDATED_BY, ROYALTY_DATE, FEETAX, TAX, TOTAL, BALANCE, BUSINESSUNIT_ID, CREATEDON, PAYMENTDUEDATE, PROJECT_ID, NETAMOUNT, NUMERICNUMBER, ROYALTY_SENTON, NUMBER, DISCOUNTTOTAL, EXCLUDEFROMPAYROLL, INCLUDEINTECHNICIANREPORTS, MODIFIEDON, STATUS, TENANT_TYPE, NEWCONSTRUCTION, ACKNOWLEDGEMENTSIGNATURE, ADJUSTMENTTO_ID, CREATEDBY_ID, CUSTOMER_ID, FEETOTAL, INVOICEDON, PAIDON, TYPE_ID, JOB_ID, LABORTAX, LOCATION_ID, ROYALTY_STATUS, SUMMARY, PROJECTLABELS, MATERIALSKUREFERENCE_SKUID, MATERIALSKU_ID, MEMBERSHIP_ID, COMMISSIONELIGIBILITYDATE, RECORD_CREATE_DATE, RECORD_UPDATE_DATE, SIGNATURE, AUTHORIZATIONSIGNATURE, BILLINGDATE, IMPORTID, TECHNICIANACKNOWLEDGEMENTSIGNATURE, AUTHORIZEDAMOUNT, ID, PAYROLLDATE, ACTIVE, COUNTERSALESLOCATION_ID, PAYMENTTERM_ID, SUBTOTAL, BATCH_ID, MATERIALTAX, ROYALTY_MEMO, TAXZONE_ID]
Column Name found in Datamart and Curated Table :: COMMISSIONELIGIBILITYDATE
Column Name found in Datamart and Curated Table :: TYPE_ID
Column Name found in Datamart and Curated Table :: NEWCONSTRUCTION
Column Name found in Datamart and Curated Table :: ACTIVE
Column Name found in Datamart and Curated Table :: BATCH_ID
Column Name found in Datamart and Curated Table :: DISCOUNTTOTAL
Column Name found in Datamart and Curated Table :: NETAMOUNT
Column Name found in Datamart and Curated Table :: ROYALTY_SENTON
Column Name found in Datamart and Curated Table :: SUMMARY
Column Name found in Datamart and Curated Table :: TECHNICIANACKNOWLEDGEMENTSIGNATURE
Column Name found in Datamart and Curated Table :: CREATEDBY_ID
Column Name found in Datamart and Curated Table :: ADJUSTMENTTO_ID
Column Name found in Datamart and Curated Table :: EXPORTID
Column Name found in Datamart and Curated Table :: EXTERNALID
Column Name found in Datamart and Curated Table :: INVOICEDON
Column Name found in Datamart and Curated Table :: PAIDON
Column Name found in Datamart and Curated Table :: PAYMENTTERM_ID
Column Name found in Datamart and Curated Table :: MODIFIEDON
Column Name found in Datamart and Curated Table :: MATERIALSKUREFERENCE_SKUTYPE
Column Name found in Datamart and Curated Table :: MEMBERSHIP_ID
Column Name found in Datamart and Curated Table :: STATUS
Column Name found in Datamart and Curated Table :: TAX
Column Name found in Datamart and Curated Table :: TAXZONE_ID
Column Name found in Datamart and Curated Table :: COUNTERSALESLOCATION_ID
Column Name found in Datamart and Curated Table :: NUMERICNUMBER
Column Name found in Datamart and Curated Table :: ROYALTY_STATUS
Column Name found in Datamart and Curated Table :: BUSINESSUNIT_ID
Column Name found in Datamart and Curated Table :: CONFIGURATION
Column Name found in Datamart and Curated Table :: CREATEDON
Column Name found in Datamart and Curated Table :: CUSTOMER_ID
Column Name found in Datamart and Curated Table :: JOB_ID
Column Name found in Datamart and Curated Table :: LOCATION_ID
Column Name found in Datamart and Curated Table :: ROYALTY_DATE
Column Name found in Datamart and Curated Table :: ACKNOWLEDGEMENTSIGNATURE
Column Name found in Datamart and Curated Table :: BALANCE
Column Name found in Datamart and Curated Table :: BILLINGDATE
Column Name found in Datamart and Curated Table :: EXCLUDEFROMPAYROLL
Column Name found in Datamart and Curated Table :: MATERIALTAX
Column Name found in Datamart and Curated Table :: AUTHORIZATIONSIGNATURE
Column Name found in Datamart and Curated Table :: PAYMENTDUEDATE
Column Name found in Datamart and Curated Table :: PROJECTLABELS
Column Name found in Datamart and Curated Table :: AUTHORIZEDAMOUNT
Column Name found in Datamart and Curated Table :: ID
Column Name found in Datamart and Curated Table :: INCLUDEINTECHNICIANREPORTS
Column Name found in Datamart and Curated Table :: MATERIALSKUREFERENCE_SKUID
Column Name found in Datamart and Curated Table :: PAYROLLDATE
Column Name found in Datamart and Curated Table :: SIGNATURE
Column Name found in Datamart and Curated Table :: SUBTOTAL
Column Name found in Datamart and Curated Table :: LABORTAX
Column Name found in Datamart and Curated Table :: MATERIALSKU_ID
Column Name found in Datamart and Curated Table :: ROYALTY_MEMO
Column Name found in Datamart and Curated Table :: TOTAL
Column Name found in Datamart and Curated Table :: FEETAX
Column Name found in Datamart and Curated Table :: IMPORTID
Column Name found in Datamart and Curated Table :: NUMBER
Column Name found in Datamart and Curated Table :: PROJECT_ID
Column Name found in Datamart and Curated Table :: FEETOTAL
Column Name found in Datamart and Curated Table :: TENANT_TYPE
Datamart tables contains additional column name like [ACTIVE_FLAG, RECORD_CREATE_DATE, RECORD_UPDATE_DATE, MASTER_ID]
Curated tables contains additional column name like [RECORD_CREATE_DATE, RECORD_UPDATE_DATE, RECORD_UPDATED_BY]]]>
  </system-out>
  <testcase classname="testcases.RAW_DATAMART_CURATED.SnowFlake_ColumnValidation_APITables" name="validateColumnName_BKP" time="2.193">
    <failure message="The following asserts failed:
	null" type="java.lang.AssertionError">
      <![CDATA[java.lang.AssertionError: The following asserts failed:
null
at org.testng.asserts.SoftAssert.assertAll(SoftAssert.java:47)
at org.testng.asserts.SoftAssert.assertAll(SoftAssert.java:31)
at testcases.RAW_DATAMART_CURATED.SnowFlake_ColumnValidation_APITables.validateColumnName_BKP(SnowFlake_ColumnValidation_APITables.java:128)
at jdk.internal.reflect.GeneratedMethodAccessor38.invoke(Unknown Source)
at java.base/jdk.internal.reflect.DelegatingMethodAccessorImpl.invoke(DelegatingMethodAccessorImpl.java:43)
at java.base/java.lang.reflect.Method.invoke(Method.java:568)
at org.testng.internal.MethodInvocationHelper.invokeMethod(MethodInvocationHelper.java:133)
at org.testng.internal.TestInvoker.invokeMethod(TestInvoker.java:598)
at org.testng.internal.TestInvoker.invokeTestMethod(TestInvoker.java:173)
at org.testng.internal.MethodRunner.runInSequence(MethodRunner.java:46)
at org.testng.internal.TestInvoker$MethodInvocationAgent.invoke(TestInvoker.java:824)
at org.testng.internal.TestInvoker.invokeTestMethods(TestInvoker.java:146)
at org.testng.internal.TestMethodWorker.invokeTestMethods(TestMethodWorker.java:146)
at org.testng.internal.TestMethodWorker.run(TestMethodWorker.java:128)
at java.base/java.util.ArrayList.forEach(ArrayList.java:1511)
at org.testng.TestRunner.privateRun(TestRunner.java:794)
at org.testng.TestRunner.run(TestRunner.java:596)
at org.testng.SuiteRunner.runTest(SuiteRunner.java:377)
at org.testng.SuiteRunner.runSequentially(SuiteRunner.java:371)
at org.testng.SuiteRunner.privateRun(SuiteRunner.java:332)
at org.testng.SuiteRunner.run(SuiteRunner.java:276)
at org.testng.SuiteRunnerWorker.runSuite(SuiteRunnerWorker.java:53)
at org.testng.SuiteRunnerWorker.run(SuiteRunnerWorker.java:96)
at org.testng.TestNG.runSuitesSequentially(TestNG.java:1212)
at org.testng.TestNG.runSuitesLocally(TestNG.java:1134)
at org.testng.TestNG.runSuites(TestNG.java:1063)
at org.testng.TestNG.run(TestNG.java:1031)
at org.testng.remote.AbstractRemoteTestNG.run(AbstractRemoteTestNG.java:115)
at org.testng.remote.RemoteTestNG.initAndRun(RemoteTestNG.java:251)
at org.testng.remote.RemoteTestNG.main(RemoteTestNG.java:77)
]]>
    </failure>
  </testcase> <!-- validateColumnName_BKP -->
  <system-out>
    <![CDATA[Executing Snowflake query :: SELECT COLUMN_NAME FROM DEV_ENT_RAW.INFORMATION_SCHEMA.COLUMNS WHERE TABLE_NAME='ST_API_TECHNICIAN'and TABLE_SCHEMA='API_MAT'
Executing Snowflake query :: SELECT COLUMN_NAME FROM CURATED_DATAMART.INFORMATION_SCHEMA.COLUMNS WHERE TABLE_NAME='STR_API_TECHNICIAN'and TABLE_SCHEMA='ST_API_CASTEEL'
Executing Snowflake query :: SELECT COLUMN_NAME FROM DEV_ENT_CURATED.INFORMATION_SCHEMA.COLUMNS WHERE TABLE_NAME='DIM_TECHNICIAN'and TABLE_SCHEMA='MASTER_DIMENSIONS'
Column names for RAW Table --> ST_API_TECHNICIAN :: [ADDONCREWSPLITCOMMISSIONRATE, ATLASBUTLERTECHNICIANROLE, FIRSTDRIVERULE, HOME_ISMANUALCOORDINATES, NAVISIONEMPLOYEEID, PAYROLLID, PAYROLLPOSTINGGROUP_ID, SALESFACTOR, SALESFORCECONTACTID, PAYROLLREPORTVERSION, STANDARDWORKTYPECODE_ID, MUHULINK, COMMISSIONRATE, HOME_ISMILITARY, LICENSE, GOALIMAGE, IMPORTID, MOBILEPHONECONFIRMED, PAYTYPE, MANAGER_ID, SHIFTSTART, NAME, ADDONSOLOCOMMISSIONRATE, BIO, BUSINESSUNIT_ID, HOME_CITY, ID, ISMANAGEDTECH, PROJECTLABELS, SCHEDULEDSOLOCOMMISSIONRATE, BIRTHDATE, HOME_COUNTRY, PHOTO, TURNOVERBONUS, USER_ID, WILLIAMSTECHNICIANROLE, ZONE_ID, OVERTIMEPROFILE_ID, CREATEDON, TODAYREVENUE_TECHNICIAN, ACTIVE, DEFAULTPAYROLLADJUSTMENTRATE, ISAUTODISPATCHED, LASTNAME, ISEXTERNAL, SHIFTEND, SCHEDULEDCREWSPLITCOMMISSIONRATE, DAILYGOAL, APPOINTMENT_ID, BURDENRATE, HOME_ZIP, PAYROLLSTARTPERIOD, STATUSUPDATEDON, OVERTIMEWORKTYPECODE_ID, PAYROLLPROFILE_ID, PAYROLLROLE, PAYROLLSTARTDATE, SOLDBYRATE, ISEXCLUDEDFROMPAYROLL, COORDINATESUPDATEDON, EMAIL, EMAILCONFIRMED, HOME_LATITUDE, OVERTIMEPAYROLLCONTROLCODE_ID, PAYPERIOD, STANDARDPAYROLLCONTROLCODE_ID, CHECKEDIN, DEFAULTLABORTYPE_ID, JOBFILTER, PAYFREQUENCY_ID, MOBILEPHONE, OUTBOUNDCALLERID, SCHEDULEDMULTITECHCOMMISSIONRATE, STARTDATE, CURRENTVALUE, DEDUCTCOMMUTETIMEFROMFIRSTDRIVE, FIRSTNAME, MEALTIME, MEMO, PHONECONFIRMED, SHOWJOBAPPOINTMENTRESCHEDULEALERT, DISPATCHNOTIFICATIONS, JOB_ID, LATITUDE, MIDDLENAME, ROUTESTATISTICS_TECHNICIAN, CREATEDBY_ID, PHONE, QBREPID, SMARTDISPATCHSETTINGS_TECHNICIAN, STATUS, UNION, HOME_UNIT, HOURLYRATE, INVENTORYWAREHOUSENAME, INVOICINGHOURLYRATE, TYPE, ADDONMULTITECHCOMMISSIONRATE, COLOR, HOME_STATE, MODIFIEDON, OVERALLSALESFACTOR_TECHNICIAN, POSITION, TEAM, COMMUTETIME, HOME_LONGITUDE, HOME_STREET, LOCATION_TECHNICIAN, OVERTIMEMODE, PROJECTEDVALUE, LONGITUDE, TRUCK_ID, TENANT_TYPE]
Column names for DataMart Table --> STR_API_TECHNICIAN :: [ACTIVE_FLAG, ISEXTERNAL, MOBILEPHONECONFIRMED, SCHEDULEDMULTITECHCOMMISSIONRATE, MASTER_ID, NAVISIONEMPLOYEEID, PAYROLLREPORTVERSION, SALESFORCECONTACTID, STATUS, TYPE, PHOTO, SHIFTSTART, OVERTIMEPROFILE_ID, PAYROLLSTARTDATE, ATLASBUTLERTECHNICIANROLE, BIO, DEDUCTCOMMUTETIMEFROMFIRSTDRIVE, HOME_CITY, HOME_ISMANUALCOORDINATES, HOURLYRATE, MANAGER_ID, NAME, RECORD_UPDATE_DATE, ROUTESTATISTICS_TECHNICIAN, MEMO, APPOINTMENT_ID, BIRTHDATE, HOME_STATE, ISAUTODISPATCHED, ISMANAGEDTECH, JOBFILTER, TODAYREVENUE_TECHNICIAN, EMAIL, LONGITUDE, OVERALLSALESFACTOR_TECHNICIAN, POSITION, TEAM, HOME_ZIP, PAYPERIOD, PHONECONFIRMED, SHOWJOBAPPOINTMENTRESCHEDULEALERT, TENANT_TYPE, ADDONCREWSPLITCOMMISSIONRATE, BUSINESSUNIT_ID, COMMUTETIME, COORDINATESUPDATEDON, EMAILCONFIRMED, HOME_COUNTRY, HOME_LATITUDE, HOME_LONGITUDE, LASTNAME, SALESFACTOR, TRUCK_ID, FIRSTNAME, IMPORTID, PAYROLLROLE, LICENSE, PAYFREQUENCY_ID, PAYROLLSTARTPERIOD, STATUSUPDATEDON, UNION, STARTDATE, INVOICINGHOURLYRATE, DEFAULTLABORTYPE_ID, PROJECTLABELS, LATITUDE, RECORD_CREATE_DATE, PAYROLLPROFILE_ID, COMMISSIONRATE, CREATEDON, DAILYGOAL, DEFAULTPAYROLLADJUSTMENTRATE, HOME_STREET, INVENTORYWAREHOUSENAME, MEALTIME, CURRENTVALUE, DISPATCHNOTIFICATIONS, PAYROLLID, PROJECTEDVALUE, QBREPID, SCHEDULEDSOLOCOMMISSIONRATE, MIDDLENAME, TURNOVERBONUS, ADDONSOLOCOMMISSIONRATE, HOME_ISMILITARY, OUTBOUNDCALLERID, OVERTIMEMODE, OVERTIMEPAYROLLCONTROLCODE_ID, OVERTIMEWORKTYPECODE_ID, SOLDBYRATE, USER_ID, SMARTDISPATCHSETTINGS_TECHNICIAN, ACTIVE, COLOR, STANDARDPAYROLLCONTROLCODE_ID, FLEET_ID, HOME_UNIT, JOB_ID, MODIFIEDON, MUHULINK, PHONE, STANDARDWORKTYPECODE_ID, WILLIAMSTECHNICIANROLE, ADDONMULTITECHCOMMISSIONRATE, BURDENRATE, CHECKEDIN, FIRSTDRIVERULE, ID, LOCATION_TECHNICIAN, MOBILEPHONE, PAYTYPE, SCHEDULEDCREWSPLITCOMMISSIONRATE, SHIFTEND, GOALIMAGE, PAYROLLPOSTINGGROUP_ID, ZONE_ID, CREATEDBY_ID]
Column names for Curated Table --> DIM_TECHNICIAN :: [ADDONCREWSPLITCOMMISSIONRATE, COMMUTETIME, DEFAULTLABORTYPE_ID, EMAILCONFIRMED, FIRSTNAME, FLEET_ID, HOME_COUNTRY, HOME_UNIT, MOBILEPHONE, PHONECONFIRMED, ISEXCLUDEDFROMPAYROLL, OVERALLSALESFACTOR_TECHNICIAN, TURNOVERBONUS, PAYPERIOD, PAYROLLROLE, PAYROLLSTARTDATE, BIRTHDATE, HOME_ISMANUALCOORDINATES, HOME_ISMILITARY, INVENTORYWAREHOUSENAME, JOBFILTER, MEMO, PAYFREQUENCY_ID, POSITION, ID, ISAUTODISPATCHED, LICENSE, TEAM, SCHEDULEDCREWSPLITCOMMISSIONRATE, SALESFACTOR, ADDONSOLOCOMMISSIONRATE, CURRENTVALUE, DAILYGOAL, DEDUCTCOMMUTETIMEFROMFIRSTDRIVE, MANAGER_ID, OVERTIMEPROFILE_ID, SHIFTSTART, SHOWJOBAPPOINTMENTRESCHEDULEALERT, SMARTDISPATCHSETTINGS_TECHNICIAN, GOALIMAGE, MODIFIEDON, PAYROLLID, PAYROLLREPORTVERSION, RECORD_CREATE_DATE, TODAYREVENUE_TECHNICIAN, TYPE, PROJECTLABELS, SCHEDULEDSOLOCOMMISSIONRATE, LONGITUDE, ADDONMULTITECHCOMMISSIONRATE, APPOINTMENT_ID, CHECKEDIN, COLOR, CREATEDON, DISPATCHNOTIFICATIONS, IMPORTID, LASTNAME, MOBILEPHONECONFIRMED, STATUSUPDATEDON, ZONE_ID, HOME_STATE, NAME, NAVISIONEMPLOYEEID, PAYROLLPOSTINGGROUP_ID, PHOTO, MEALTIME, PROJECTEDVALUE, STANDARDPAYROLLCONTROLCODE_ID, OVERTIMEMODE, BURDENRATE, FIRSTDRIVERULE, JOB_ID, PAYROLLPROFILE_ID, QBREPID, ROUTESTATISTICS_TECHNICIAN, STARTDATE, TRUCK_ID, USER_ID, STANDARDWORKTYPECODE_ID, MIDDLENAME, COMMISSIONRATE, CREATEDBY_ID, HOME_LONGITUDE, HOME_ZIP, HOURLYRATE, LATITUDE, SCHEDULEDMULTITECHCOMMISSIONRATE, BUSINESSUNIT_ID, OUTBOUNDCALLERID, RECORD_UPDATED_BY, STATUS, MUHULINK, OVERTIMEPAYROLLCONTROLCODE_ID, UNION, PAYTYPE, INVOICINGHOURLYRATE, RECORD_UPDATE_DATE, COORDINATESUPDATEDON, LOCATION_TECHNICIAN, EMAIL, HOME_CITY, ISEXTERNAL, OVERTIMEWORKTYPECODE_ID, PAYROLLSTARTPERIOD, SHIFTEND, WILLIAMSTECHNICIANROLE, TENANT_TYPE, ACTIVE, ATLASBUTLERTECHNICIANROLE, BIO, DEFAULTPAYROLLADJUSTMENTRATE, HOME_LATITUDE, HOME_STREET, ISMANAGEDTECH, PHONE, SALESFORCECONTACTID, SOLDBYRATE]
Column Name found in Datamart and Curated Table :: ADDONCREWSPLITCOMMISSIONRATE
Column Name found in Datamart and Curated Table :: ATLASBUTLERTECHNICIANROLE
Column Name found in Datamart and Curated Table :: FIRSTDRIVERULE
Column Name found in Datamart and Curated Table :: HOME_ISMANUALCOORDINATES
Column Name found in Datamart and Curated Table :: NAVISIONEMPLOYEEID
Column Name found in Datamart and Curated Table :: PAYROLLID
Column Name found in Datamart and Curated Table :: PAYROLLPOSTINGGROUP_ID
Column Name found in Datamart and Curated Table :: SALESFACTOR
Column Name found in Datamart and Curated Table :: SALESFORCECONTACTID
Column Name found in Datamart and Curated Table :: PAYROLLREPORTVERSION
Column Name found in Datamart and Curated Table :: STANDARDWORKTYPECODE_ID
Column Name found in Datamart and Curated Table :: MUHULINK
Column Name found in Datamart and Curated Table :: COMMISSIONRATE
Column Name found in Datamart and Curated Table :: HOME_ISMILITARY
Column Name found in Datamart and Curated Table :: LICENSE
Column Name found in Datamart and Curated Table :: GOALIMAGE
Column Name found in Datamart and Curated Table :: IMPORTID
Column Name found in Datamart and Curated Table :: MOBILEPHONECONFIRMED
Column Name found in Datamart and Curated Table :: PAYTYPE
Column Name found in Datamart and Curated Table :: MANAGER_ID
Column Name found in Datamart and Curated Table :: SHIFTSTART
Column Name found in Datamart and Curated Table :: NAME
Column Name found in Datamart and Curated Table :: ADDONSOLOCOMMISSIONRATE
Column Name found in Datamart and Curated Table :: BIO
Column Name found in Datamart and Curated Table :: BUSINESSUNIT_ID
Column Name found in Datamart and Curated Table :: HOME_CITY
Column Name found in Datamart and Curated Table :: ID
Column Name found in Datamart and Curated Table :: ISMANAGEDTECH
Column Name found in Datamart and Curated Table :: PROJECTLABELS
Column Name found in Datamart and Curated Table :: SCHEDULEDSOLOCOMMISSIONRATE
Column Name found in Datamart and Curated Table :: BIRTHDATE
Column Name found in Datamart and Curated Table :: HOME_COUNTRY
Column Name found in Datamart and Curated Table :: PHOTO
Column Name found in Datamart and Curated Table :: TURNOVERBONUS
Column Name found in Datamart and Curated Table :: USER_ID
Column Name found in Datamart and Curated Table :: WILLIAMSTECHNICIANROLE
Column Name found in Datamart and Curated Table :: ZONE_ID
Column Name found in Datamart and Curated Table :: OVERTIMEPROFILE_ID
Column Name found in Datamart and Curated Table :: CREATEDON
Column Name found in Datamart and Curated Table :: TODAYREVENUE_TECHNICIAN
Column Name found in Datamart and Curated Table :: ACTIVE
Column Name found in Datamart and Curated Table :: DEFAULTPAYROLLADJUSTMENTRATE
Column Name found in Datamart and Curated Table :: ISAUTODISPATCHED
Column Name found in Datamart and Curated Table :: LASTNAME
Column Name found in Datamart and Curated Table :: ISEXTERNAL
Column Name found in Datamart and Curated Table :: SHIFTEND
Column Name found in Datamart and Curated Table :: SCHEDULEDCREWSPLITCOMMISSIONRATE
Column Name found in Datamart and Curated Table :: DAILYGOAL
Column Name found in Datamart and Curated Table :: APPOINTMENT_ID
Column Name found in Datamart and Curated Table :: BURDENRATE
Column Name found in Datamart and Curated Table :: HOME_ZIP
Column Name found in Datamart and Curated Table :: PAYROLLSTARTPERIOD
Column Name found in Datamart and Curated Table :: STATUSUPDATEDON
Column Name found in Datamart and Curated Table :: OVERTIMEWORKTYPECODE_ID
Column Name found in Datamart and Curated Table :: PAYROLLPROFILE_ID
Column Name found in Datamart and Curated Table :: PAYROLLROLE
Column Name found in Datamart and Curated Table :: PAYROLLSTARTDATE
Column Name found in Datamart and Curated Table :: SOLDBYRATE
Column Name not found in Datamart and Curated Table :: ISEXCLUDEDFROMPAYROLL
Column Name found in Datamart and Curated Table :: COORDINATESUPDATEDON
Column Name found in Datamart and Curated Table :: EMAIL
Column Name found in Datamart and Curated Table :: EMAILCONFIRMED
Column Name found in Datamart and Curated Table :: HOME_LATITUDE
Column Name found in Datamart and Curated Table :: OVERTIMEPAYROLLCONTROLCODE_ID
Column Name found in Datamart and Curated Table :: PAYPERIOD
Column Name found in Datamart and Curated Table :: STANDARDPAYROLLCONTROLCODE_ID
Column Name found in Datamart and Curated Table :: CHECKEDIN
Column Name found in Datamart and Curated Table :: DEFAULTLABORTYPE_ID
Column Name found in Datamart and Curated Table :: JOBFILTER
Column Name found in Datamart and Curated Table :: PAYFREQUENCY_ID
Column Name found in Datamart and Curated Table :: MOBILEPHONE
Column Name found in Datamart and Curated Table :: OUTBOUNDCALLERID
Column Name found in Datamart and Curated Table :: SCHEDULEDMULTITECHCOMMISSIONRATE
Column Name found in Datamart and Curated Table :: STARTDATE
Column Name found in Datamart and Curated Table :: CURRENTVALUE
Column Name found in Datamart and Curated Table :: DEDUCTCOMMUTETIMEFROMFIRSTDRIVE
Column Name found in Datamart and Curated Table :: FIRSTNAME
Column Name found in Datamart and Curated Table :: MEALTIME
Column Name found in Datamart and Curated Table :: MEMO
Column Name found in Datamart and Curated Table :: PHONECONFIRMED
Column Name found in Datamart and Curated Table :: SHOWJOBAPPOINTMENTRESCHEDULEALERT
Column Name found in Datamart and Curated Table :: DISPATCHNOTIFICATIONS
Column Name found in Datamart and Curated Table :: JOB_ID
Column Name found in Datamart and Curated Table :: LATITUDE
Column Name found in Datamart and Curated Table :: MIDDLENAME
Column Name found in Datamart and Curated Table :: ROUTESTATISTICS_TECHNICIAN
Column Name found in Datamart and Curated Table :: CREATEDBY_ID
Column Name found in Datamart and Curated Table :: PHONE
Column Name found in Datamart and Curated Table :: QBREPID
Column Name found in Datamart and Curated Table :: SMARTDISPATCHSETTINGS_TECHNICIAN
Column Name found in Datamart and Curated Table :: STATUS
Column Name found in Datamart and Curated Table :: UNION
Column Name found in Datamart and Curated Table :: HOME_UNIT
Column Name found in Datamart and Curated Table :: HOURLYRATE
Column Name found in Datamart and Curated Table :: INVENTORYWAREHOUSENAME
Column Name found in Datamart and Curated Table :: INVOICINGHOURLYRATE
Column Name found in Datamart and Curated Table :: TYPE
Column Name found in Datamart and Curated Table :: ADDONMULTITECHCOMMISSIONRATE
Column Name found in Datamart and Curated Table :: COLOR
Column Name found in Datamart and Curated Table :: HOME_STATE
Column Name found in Datamart and Curated Table :: MODIFIEDON
Column Name found in Datamart and Curated Table :: OVERALLSALESFACTOR_TECHNICIAN
Column Name found in Datamart and Curated Table :: POSITION
Column Name found in Datamart and Curated Table :: TEAM
Column Name found in Datamart and Curated Table :: COMMUTETIME
Column Name found in Datamart and Curated Table :: HOME_LONGITUDE
Column Name found in Datamart and Curated Table :: HOME_STREET
Column Name found in Datamart and Curated Table :: LOCATION_TECHNICIAN
Column Name found in Datamart and Curated Table :: OVERTIMEMODE
Column Name found in Datamart and Curated Table :: PROJECTEDVALUE
Column Name found in Datamart and Curated Table :: LONGITUDE
Column Name found in Datamart and Curated Table :: TRUCK_ID
Column Name found in Datamart and Curated Table :: TENANT_TYPE
Datamart tables contains additional column name like [ACTIVE_FLAG, RECORD_CREATE_DATE, RECORD_UPDATE_DATE, MASTER_ID]
Curated tables contains additional column name like [RECORD_CREATE_DATE, RECORD_UPDATE_DATE, RECORD_UPDATED_BY]]]>
  </system-out>
  <testcase classname="testcases.RAW_DATAMART_CURATED.SnowFlake_ColumnValidation_APITables" name="validateColumnName_BKP" time="2.790"/>
  <system-out>
    <![CDATA[Executing Snowflake query :: SELECT COLUMN_NAME FROM DEV_ENT_RAW.INFORMATION_SCHEMA.COLUMNS WHERE TABLE_NAME='ST_API_TIMESHEETCODE'and TABLE_SCHEMA='API_MAT'
Executing Snowflake query :: SELECT COLUMN_NAME FROM CURATED_DATAMART.INFORMATION_SCHEMA.COLUMNS WHERE TABLE_NAME='STR_API_TIMESHEETCODE'and TABLE_SCHEMA='ST_API_HARP'
Executing Snowflake query :: SELECT COLUMN_NAME FROM DEV_ENT_CURATED.INFORMATION_SCHEMA.COLUMNS WHERE TABLE_NAME='DIM_TIMESHEETCODE'and TABLE_SCHEMA='MASTER_DIMENSIONS'
Column names for RAW Table --> ST_API_TIMESHEETCODE :: [ADDRESS_ZIP, ROUTEAROUNDNJA, IMPORTID, RATEMULTIPLIER, STANDARDPAYROLLCONTROLCODE_ID, ADDRESS_COUNTRY, CODE, COUNTONJOBCOUNTER, OVERTIMEPAYROLLCONTROLCODE_ID, PAYROLLPOSTINGGROUP_ID, OVERTIMEPAYCODE_ID, ADDRESS_STREET, BUSINESSUNIT_ID, EXCLUDEABSENTEVENT, HOURLYRATE, SENDALERTSONMOBILE, VISIBILITY, ACTIVE, ID, TYPE, ADDRESS_ISMILITARY, ADDRESS_STATE, CREATEDBY_ID, APPLICABLEEMPLOYEETYPE, DOUBLEOVERTIMEPAYCODE_ID, GEOFENCECLOCKINMODE, STANDARDPAYCODE_ID, ADDRESS_LONGITUDE, DEDUCTCOMMUTETIME, EVENTNAME, STPAYCODE, ENABLESIMPLECLOCKINOUT, OTPAYCODE, CREATEDON, ADDRESS_CITY, ADDRESS_ISMANUALCOORDINATES, ADDRESS_LATITUDE, ADDRESS_UNIT, DESCRIPTION, ISDEFAULTSHOPTIME, CUSTOMHOURLYRATE, ISAUTOCLOCKINENABLED, TENANT_TYPE]
Column names for DataMart Table --> STR_API_TIMESHEETCODE :: [ADDRESS_COUNTRY, ADDRESS_STREET, RECORD_UPDATE_DATE, COUNTONJOBCOUNTER, PAYROLLPOSTINGGROUP_ID, SENDALERTSONMOBILE, MASTER_ID, ADDRESS_ISMANUALCOORDINATES, ADDRESS_LONGITUDE, DOUBLEOVERTIMEPAYCODE_ID, ISAUTOCLOCKINENABLED, TENANT_TYPE, VISIBILITY, BUSINESSUNIT_ID, OVERTIMEPAYCODE_ID, STANDARDPAYROLLCONTROLCODE_ID, ADDRESS_LATITUDE, ADDRESS_UNIT, ADDRESS_ZIP, CREATEDBY_ID, DESCRIPTION, ISDEFAULTSHOPTIME, GEOFENCECLOCKINMODE, ROUTEAROUNDNJA, ACTIVE, APPLICABLEEMPLOYEETYPE, CODE, RATEMULTIPLIER, STPAYCODE, OVERTIMEPAYROLLCONTROLCODE_ID, ADDRESS_STATE, CREATEDON, CUSTOMHOURLYRATE, DEDUCTCOMMUTETIME, EXCLUDEABSENTEVENT, OTPAYCODE, ENABLESIMPLECLOCKINOUT, ID, IMPORTID, STANDARDPAYCODE_ID, HOURLYRATE, ACTIVE_FLAG, ADDRESS_CITY, ADDRESS_ISMILITARY, RECORD_CREATE_DATE, EVENTNAME, TYPE]
Column names for Curated Table --> DIM_TIMESHEETCODE :: [ADDRESS_STREET, ADDRESS_ZIP, CUSTOMHOURLYRATE, DOUBLEOVERTIMEPAYCODE_ID, ENABLESIMPLECLOCKINOUT, DESCRIPTION, ADDRESS_ISMANUALCOORDINATES, ADDRESS_LONGITUDE, IMPORTID, CREATEDON, DEDUCTCOMMUTETIME, ID, ADDRESS_LATITUDE, CREATEDBY_ID, GEOFENCECLOCKINMODE, ROUTEAROUNDNJA, HOURLYRATE, RECORD_UPDATED_BY, RECORD_UPDATE_DATE, ADDRESS_UNIT, CODE, STANDARDPAYCODE_ID, OTPAYCODE, STPAYCODE, APPLICABLEEMPLOYEETYPE, OVERTIMEPAYCODE_ID, RATEMULTIPLIER, STANDARDPAYROLLCONTROLCODE_ID, EXCLUDEABSENTEVENT, PAYROLLPOSTINGGROUP_ID, TYPE, VISIBILITY, OVERTIMEPAYROLLCONTROLCODE_ID, ADDRESS_ISMILITARY, ADDRESS_STATE, ISDEFAULTSHOPTIME, ACTIVE, ADDRESS_CITY, BUSINESSUNIT_ID, COUNTONJOBCOUNTER, EVENTNAME, SENDALERTSONMOBILE, ADDRESS_COUNTRY, ISAUTOCLOCKINENABLED, TENANT_TYPE, RECORD_CREATE_DATE]
Column Name found in Datamart and Curated Table :: ADDRESS_ZIP
Column Name found in Datamart and Curated Table :: ROUTEAROUNDNJA
Column Name found in Datamart and Curated Table :: IMPORTID
Column Name found in Datamart and Curated Table :: RATEMULTIPLIER
Column Name found in Datamart and Curated Table :: STANDARDPAYROLLCONTROLCODE_ID
Column Name found in Datamart and Curated Table :: ADDRESS_COUNTRY
Column Name found in Datamart and Curated Table :: CODE
Column Name found in Datamart and Curated Table :: COUNTONJOBCOUNTER
Column Name found in Datamart and Curated Table :: OVERTIMEPAYROLLCONTROLCODE_ID
Column Name found in Datamart and Curated Table :: PAYROLLPOSTINGGROUP_ID
Column Name found in Datamart and Curated Table :: OVERTIMEPAYCODE_ID
Column Name found in Datamart and Curated Table :: ADDRESS_STREET
Column Name found in Datamart and Curated Table :: BUSINESSUNIT_ID
Column Name found in Datamart and Curated Table :: EXCLUDEABSENTEVENT
Column Name found in Datamart and Curated Table :: HOURLYRATE
Column Name found in Datamart and Curated Table :: SENDALERTSONMOBILE
Column Name found in Datamart and Curated Table :: VISIBILITY
Column Name found in Datamart and Curated Table :: ACTIVE
Column Name found in Datamart and Curated Table :: ID
Column Name found in Datamart and Curated Table :: TYPE
Column Name found in Datamart and Curated Table :: ADDRESS_ISMILITARY
Column Name found in Datamart and Curated Table :: ADDRESS_STATE
Column Name found in Datamart and Curated Table :: CREATEDBY_ID
Column Name found in Datamart and Curated Table :: APPLICABLEEMPLOYEETYPE
Column Name found in Datamart and Curated Table :: DOUBLEOVERTIMEPAYCODE_ID
Column Name found in Datamart and Curated Table :: GEOFENCECLOCKINMODE
Column Name found in Datamart and Curated Table :: STANDARDPAYCODE_ID
Column Name found in Datamart and Curated Table :: ADDRESS_LONGITUDE
Column Name found in Datamart and Curated Table :: DEDUCTCOMMUTETIME
Column Name found in Datamart and Curated Table :: EVENTNAME
Column Name found in Datamart and Curated Table :: STPAYCODE
Column Name found in Datamart and Curated Table :: ENABLESIMPLECLOCKINOUT
Column Name found in Datamart and Curated Table :: OTPAYCODE
Column Name found in Datamart and Curated Table :: CREATEDON
Column Name found in Datamart and Curated Table :: ADDRESS_CITY
Column Name found in Datamart and Curated Table :: ADDRESS_ISMANUALCOORDINATES
Column Name found in Datamart and Curated Table :: ADDRESS_LATITUDE
Column Name found in Datamart and Curated Table :: ADDRESS_UNIT
Column Name found in Datamart and Curated Table :: DESCRIPTION
Column Name found in Datamart and Curated Table :: ISDEFAULTSHOPTIME
Column Name found in Datamart and Curated Table :: CUSTOMHOURLYRATE
Column Name found in Datamart and Curated Table :: ISAUTOCLOCKINENABLED
Column Name found in Datamart and Curated Table :: TENANT_TYPE
Datamart tables contains additional column name like [ACTIVE_FLAG, RECORD_CREATE_DATE, RECORD_UPDATE_DATE, MASTER_ID]
Curated tables contains additional column name like [RECORD_CREATE_DATE, RECORD_UPDATE_DATE, RECORD_UPDATED_BY]]]>
  </system-out>
  <testcase classname="testcases.RAW_DATAMART_CURATED.SnowFlake_ColumnValidation_APITables" name="validateColumnName_BKP" time="2.537"/>
  <system-out>
    <![CDATA[Executing Snowflake query :: SELECT COLUMN_NAME FROM DEV_ENT_RAW.INFORMATION_SCHEMA.COLUMNS WHERE TABLE_NAME='ST_API_TIMESHEETCODE'and TABLE_SCHEMA='API_MAT'
Executing Snowflake query :: SELECT COLUMN_NAME FROM CURATED_DATAMART.INFORMATION_SCHEMA.COLUMNS WHERE TABLE_NAME='STR_API_TIMESHEETCODE'and TABLE_SCHEMA='ST_API_HORIZONSERVICES'
Executing Snowflake query :: SELECT COLUMN_NAME FROM DEV_ENT_CURATED.INFORMATION_SCHEMA.COLUMNS WHERE TABLE_NAME='DIM_TIMESHEETCODE'and TABLE_SCHEMA='MASTER_DIMENSIONS'
Column names for RAW Table --> ST_API_TIMESHEETCODE :: [ADDRESS_ZIP, ROUTEAROUNDNJA, IMPORTID, RATEMULTIPLIER, STANDARDPAYROLLCONTROLCODE_ID, ADDRESS_COUNTRY, CODE, COUNTONJOBCOUNTER, OVERTIMEPAYROLLCONTROLCODE_ID, PAYROLLPOSTINGGROUP_ID, OVERTIMEPAYCODE_ID, ADDRESS_STREET, BUSINESSUNIT_ID, EXCLUDEABSENTEVENT, HOURLYRATE, SENDALERTSONMOBILE, VISIBILITY, ACTIVE, ID, TYPE, ADDRESS_ISMILITARY, ADDRESS_STATE, CREATEDBY_ID, APPLICABLEEMPLOYEETYPE, DOUBLEOVERTIMEPAYCODE_ID, GEOFENCECLOCKINMODE, STANDARDPAYCODE_ID, ADDRESS_LONGITUDE, DEDUCTCOMMUTETIME, EVENTNAME, STPAYCODE, ENABLESIMPLECLOCKINOUT, OTPAYCODE, CREATEDON, ADDRESS_CITY, ADDRESS_ISMANUALCOORDINATES, ADDRESS_LATITUDE, ADDRESS_UNIT, DESCRIPTION, ISDEFAULTSHOPTIME, CUSTOMHOURLYRATE, ISAUTOCLOCKINENABLED, TENANT_TYPE]
Column names for DataMart Table --> STR_API_TIMESHEETCODE :: [DOUBLEOVERTIMEPAYCODE_ID, ENABLESIMPLECLOCKINOUT, RECORD_UPDATE_DATE, STPAYCODE, OVERTIMEPAYROLLCONTROLCODE_ID, SENDALERTSONMOBILE, CUSTOMHOURLYRATE, APPLICABLEEMPLOYEETYPE, DEDUCTCOMMUTETIME, MASTER_ID, GEOFENCECLOCKINMODE, OVERTIMEPAYCODE_ID, STANDARDPAYCODE_ID, BUSINESSUNIT_ID, STANDARDPAYROLLCONTROLCODE_ID, ADDRESS_LATITUDE, CREATEDON, RATEMULTIPLIER, VISIBILITY, PAYROLLPOSTINGGROUP_ID, ISAUTOCLOCKINENABLED, ADDRESS_ISMANUALCOORDINATES, ADDRESS_STATE, ADDRESS_STREET, ADDRESS_ZIP, RECORD_CREATE_DATE, ACTIVE, ADDRESS_UNIT, COUNTONJOBCOUNTER, DESCRIPTION, EXCLUDEABSENTEVENT, ADDRESS_LONGITUDE, CODE, HOURLYRATE, ACTIVE_FLAG, ADDRESS_CITY, ADDRESS_COUNTRY, ADDRESS_ISMILITARY, IMPORTID, TYPE, OTPAYCODE, CREATEDBY_ID, EVENTNAME, ROUTEAROUNDNJA, ID, TENANT_TYPE, ISDEFAULTSHOPTIME]
Column names for Curated Table --> DIM_TIMESHEETCODE :: [ADDRESS_STREET, ADDRESS_ZIP, CUSTOMHOURLYRATE, DOUBLEOVERTIMEPAYCODE_ID, ENABLESIMPLECLOCKINOUT, DESCRIPTION, ADDRESS_ISMANUALCOORDINATES, ADDRESS_LONGITUDE, IMPORTID, CREATEDON, DEDUCTCOMMUTETIME, ID, ADDRESS_LATITUDE, CREATEDBY_ID, GEOFENCECLOCKINMODE, ROUTEAROUNDNJA, HOURLYRATE, RECORD_UPDATED_BY, RECORD_UPDATE_DATE, ADDRESS_UNIT, CODE, STANDARDPAYCODE_ID, OTPAYCODE, STPAYCODE, APPLICABLEEMPLOYEETYPE, OVERTIMEPAYCODE_ID, RATEMULTIPLIER, STANDARDPAYROLLCONTROLCODE_ID, EXCLUDEABSENTEVENT, PAYROLLPOSTINGGROUP_ID, TYPE, VISIBILITY, OVERTIMEPAYROLLCONTROLCODE_ID, ADDRESS_ISMILITARY, ADDRESS_STATE, ISDEFAULTSHOPTIME, ACTIVE, ADDRESS_CITY, BUSINESSUNIT_ID, COUNTONJOBCOUNTER, EVENTNAME, SENDALERTSONMOBILE, ADDRESS_COUNTRY, ISAUTOCLOCKINENABLED, TENANT_TYPE, RECORD_CREATE_DATE]
Column Name found in Datamart and Curated Table :: ADDRESS_ZIP
Column Name found in Datamart and Curated Table :: ROUTEAROUNDNJA
Column Name found in Datamart and Curated Table :: IMPORTID
Column Name found in Datamart and Curated Table :: RATEMULTIPLIER
Column Name found in Datamart and Curated Table :: STANDARDPAYROLLCONTROLCODE_ID
Column Name found in Datamart and Curated Table :: ADDRESS_COUNTRY
Column Name found in Datamart and Curated Table :: CODE
Column Name found in Datamart and Curated Table :: COUNTONJOBCOUNTER
Column Name found in Datamart and Curated Table :: OVERTIMEPAYROLLCONTROLCODE_ID
Column Name found in Datamart and Curated Table :: PAYROLLPOSTINGGROUP_ID
Column Name found in Datamart and Curated Table :: OVERTIMEPAYCODE_ID
Column Name found in Datamart and Curated Table :: ADDRESS_STREET
Column Name found in Datamart and Curated Table :: BUSINESSUNIT_ID
Column Name found in Datamart and Curated Table :: EXCLUDEABSENTEVENT
Column Name found in Datamart and Curated Table :: HOURLYRATE
Column Name found in Datamart and Curated Table :: SENDALERTSONMOBILE
Column Name found in Datamart and Curated Table :: VISIBILITY
Column Name found in Datamart and Curated Table :: ACTIVE
Column Name found in Datamart and Curated Table :: ID
Column Name found in Datamart and Curated Table :: TYPE
Column Name found in Datamart and Curated Table :: ADDRESS_ISMILITARY
Column Name found in Datamart and Curated Table :: ADDRESS_STATE
Column Name found in Datamart and Curated Table :: CREATEDBY_ID
Column Name found in Datamart and Curated Table :: APPLICABLEEMPLOYEETYPE
Column Name found in Datamart and Curated Table :: DOUBLEOVERTIMEPAYCODE_ID
Column Name found in Datamart and Curated Table :: GEOFENCECLOCKINMODE
Column Name found in Datamart and Curated Table :: STANDARDPAYCODE_ID
Column Name found in Datamart and Curated Table :: ADDRESS_LONGITUDE
Column Name found in Datamart and Curated Table :: DEDUCTCOMMUTETIME
Column Name found in Datamart and Curated Table :: EVENTNAME
Column Name found in Datamart and Curated Table :: STPAYCODE
Column Name found in Datamart and Curated Table :: ENABLESIMPLECLOCKINOUT
Column Name found in Datamart and Curated Table :: OTPAYCODE
Column Name found in Datamart and Curated Table :: CREATEDON
Column Name found in Datamart and Curated Table :: ADDRESS_CITY
Column Name found in Datamart and Curated Table :: ADDRESS_ISMANUALCOORDINATES
Column Name found in Datamart and Curated Table :: ADDRESS_LATITUDE
Column Name found in Datamart and Curated Table :: ADDRESS_UNIT
Column Name found in Datamart and Curated Table :: DESCRIPTION
Column Name found in Datamart and Curated Table :: ISDEFAULTSHOPTIME
Column Name found in Datamart and Curated Table :: CUSTOMHOURLYRATE
Column Name found in Datamart and Curated Table :: ISAUTOCLOCKINENABLED
Column Name found in Datamart and Curated Table :: TENANT_TYPE
Datamart tables contains additional column name like [ACTIVE_FLAG, RECORD_CREATE_DATE, RECORD_UPDATE_DATE, MASTER_ID]
Curated tables contains additional column name like [RECORD_CREATE_DATE, RECORD_UPDATE_DATE, RECORD_UPDATED_BY]]]>
  </system-out>
  <testcase classname="testcases.RAW_DATAMART_CURATED.SnowFlake_ColumnValidation_APITables" name="validateColumnName_BKP" time="2.874"/>
  <system-out>
    <![CDATA[Executing Snowflake query :: SELECT COLUMN_NAME FROM DEV_ENT_RAW.INFORMATION_SCHEMA.COLUMNS WHERE TABLE_NAME='ST_API_SERVICE'and TABLE_SCHEMA='API_MAT'
Executing Snowflake query :: SELECT COLUMN_NAME FROM CURATED_DATAMART.INFORMATION_SCHEMA.COLUMNS WHERE TABLE_NAME='STR_API_SERVICE'and TABLE_SCHEMA='ST_API_MAITZ'
Executing Snowflake query :: SELECT COLUMN_NAME FROM DEV_ENT_CURATED.INFORMATION_SCHEMA.COLUMNS WHERE TABLE_NAME='DIM_SERVICE'and TABLE_SCHEMA='MASTER_DIMENSIONS'
Column names for RAW Table --> ST_API_SERVICE :: [BASERATE1, CATEGORY_ID, ID, MEMBERSHIP, QBITEMNAME, SYNCDATE, ACCOUNT, ACTIVE, ALLOWDISCOUNTS, BASERATE3, NOTAX, GENERATEDTAGTARGETS, MEMBERSHIPTYPE_ID, ORIGINAL_ID, ADDONPRICE, ISOTTASK, MEMBERSHIPACTION, AVALARACOMMERCIALTAXCODE, BUSINESSUNIT_ID, EXTERNALID, MEMBERSHIPYEARS, PRICE, SOLDBYCOMMISSION, DISPATCHFEE, ADDONFLATAMOUNT, COMMISSIONBONUS, DISPLAYNAME, HOURS, ISDEFERREDREVENUE, WARRANTY_DURATION, PURCHASEORDERLIMITS_FLATAMOUNT, WORKFLOWACTION_ID, BASERATE2, CROSSSALEGROUP, MODIFIEDON, MINIMUMLABORHOURS, NAME, PURCHASEORDERLIMITS_REVENUEPERCENT, IMPORTID, ADDONMEMBERPRICE, ALLOWAPPLYTAGSTOENTITIES, BONUS, GENERALLEDGERACCOUNT_ID, PAYSCOMMISSION, COST, EXCLUDEFROMPRICEBOOKWIZARD, IMAGES, LOYALTYPROGRAMELIGIBLE, SCHEDULEDFLATAMOUNT, SOURCEVERSION, TAXABLE, MEMBERPRICE, ARCHIVED, AUTOGLASSTYPE, AVALARARESIDENTIALTAXCODE, CREATEDON, DESCRIPTION, ISTIMEANDMATERIAL, MEMBERSHIPMONTHS, PAYSFLATAMOUNT, PAYTECHSPECIFICBONUS, PROVIDER_ID, COPIEDFROM_ID, DISPLAYINAMOUNT, SOURCE, SUPPLIERIMAGES, CREATEDBY_ID, ISLABOR, PAYSSOLDBYRATE, WARRANTY_DESCRIPTION, RECURRINGSERVICETYPE_ID, TENANT_TYPE]
Column names for DataMart Table --> STR_API_SERVICE :: [AUTOGLASSTYPE, AVALARARESIDENTIALTAXCODE, BONUS, EXCLUDEFROMPRICEBOOKWIZARD, GENERALLEDGERACCOUNT_ID, IMAGES, MEMBERSHIPMONTHS, MODIFIEDON, RECURRINGSERVICETYPE_ID, ADDONFLATAMOUNT, ARCHIVED, COPIEDFROM_ID, ISTIMEANDMATERIAL, NAME, PAYSFLATAMOUNT, MEMBERSHIP, MEMBERSHIPYEARS, TENANT_TYPE, SOURCE, BASERATE3, COMMISSIONBONUS, COST, MASTER_ID, MEMBERSHIPACTION, MINIMUMLABORHOURS, ALLOWDISCOUNTS, CATEGORY_ID, ID, ISLABOR, PAYSSOLDBYRATE, RECORD_CREATE_DATE, WARRANTY_DURATION, CREATEDBY_ID, DESCRIPTION, HOURS, ORIGINAL_ID, PROVIDER_ID, ADDONPRICE, PAYSCOMMISSION, SUPPLIERIMAGES, EXTERNALID, PURCHASEORDERLIMITS_FLATAMOUNT, BUSINESSUNIT_ID, NOTAX, QBITEMNAME, SOLDBYCOMMISSION, RECORD_UPDATE_DATE, ACCOUNT, ALLOWAPPLYTAGSTOENTITIES, DISPLAYINAMOUNT, CROSSSALEGROUP, DISPATCHFEE, LOYALTYPROGRAMELIGIBLE, MEMBERPRICE, MEMBERSHIPTYPE_ID, SOURCEVERSION, WARRANTY_DESCRIPTION, ACTIVE_FLAG, AVALARACOMMERCIALTAXCODE, BASERATE1, CREATEDON, GENERATEDTAGTARGETS, SYNCDATE, TAXABLE, BASERATE2, ISDEFERREDREVENUE, PRICE, WORKFLOWACTION_ID, DISPLAYNAME, ACTIVE, ADDONMEMBERPRICE, IMPORTID, PAYTECHSPECIFICBONUS, PURCHASEORDERLIMITS_REVENUEPERCENT, SCHEDULEDFLATAMOUNT, ISOTTASK]
Column names for Curated Table --> DIM_SERVICE :: [ACCOUNT, ALLOWDISCOUNTS, BASERATE3, DESCRIPTION, DISPATCHFEE, ISOTTASK, MEMBERSHIP, SOLDBYCOMMISSION, DISPLAYNAME, AUTOGLASSTYPE, AVALARACOMMERCIALTAXCODE, BUSINESSUNIT_ID, COMMISSIONBONUS, NOTAX, EXTERNALID, PRICE, CATEGORY_ID, CREATEDON, CROSSSALEGROUP, MEMBERSHIPYEARS, PAYSFLATAMOUNT, PAYSSOLDBYRATE, WARRANTY_DURATION, MODIFIEDON, RECORD_CREATE_DATE, TAXABLE, MEMBERSHIPACTION, ADDONMEMBERPRICE, BONUS, COPIEDFROM_ID, ISDEFERREDREVENUE, SOURCE, ARCHIVED, BASERATE1, PURCHASEORDERLIMITS_REVENUEPERCENT, RECURRINGSERVICETYPE_ID, SOURCEVERSION, ALLOWAPPLYTAGSTOENTITIES, AVALARARESIDENTIALTAXCODE, DISPLAYINAMOUNT, GENERATEDTAGTARGETS, ISTIMEANDMATERIAL, PROVIDER_ID, ADDONFLATAMOUNT, COST, GENERALLEDGERACCOUNT_ID, MEMBERSHIPTYPE_ID, QBITEMNAME, WARRANTY_DESCRIPTION, EXCLUDEFROMPRICEBOOKWIZARD, ID, IMAGES, RECORD_UPDATED_BY, RECORD_UPDATE_DATE, NAME, ACTIVE, ADDONPRICE, LOYALTYPROGRAMELIGIBLE, PAYTECHSPECIFICBONUS, SUPPLIERIMAGES, HOURS, IMPORTID, MINIMUMLABORHOURS, PAYSCOMMISSION, WORKFLOWACTION_ID, MEMBERPRICE, BASERATE2, CREATEDBY_ID, MEMBERSHIPMONTHS, ORIGINAL_ID, SYNCDATE, ISLABOR, PURCHASEORDERLIMITS_FLATAMOUNT, TENANT_TYPE, SCHEDULEDFLATAMOUNT]
Column Name found in Datamart and Curated Table :: BASERATE1
Column Name found in Datamart and Curated Table :: CATEGORY_ID
Column Name found in Datamart and Curated Table :: ID
Column Name found in Datamart and Curated Table :: MEMBERSHIP
Column Name found in Datamart and Curated Table :: QBITEMNAME
Column Name found in Datamart and Curated Table :: SYNCDATE
Column Name found in Datamart and Curated Table :: ACCOUNT
Column Name found in Datamart and Curated Table :: ACTIVE
Column Name found in Datamart and Curated Table :: ALLOWDISCOUNTS
Column Name found in Datamart and Curated Table :: BASERATE3
Column Name found in Datamart and Curated Table :: NOTAX
Column Name found in Datamart and Curated Table :: GENERATEDTAGTARGETS
Column Name found in Datamart and Curated Table :: MEMBERSHIPTYPE_ID
Column Name found in Datamart and Curated Table :: ORIGINAL_ID
Column Name found in Datamart and Curated Table :: ADDONPRICE
Column Name found in Datamart and Curated Table :: ISOTTASK
Column Name found in Datamart and Curated Table :: MEMBERSHIPACTION
Column Name found in Datamart and Curated Table :: AVALARACOMMERCIALTAXCODE
Column Name found in Datamart and Curated Table :: BUSINESSUNIT_ID
Column Name found in Datamart and Curated Table :: EXTERNALID
Column Name found in Datamart and Curated Table :: MEMBERSHIPYEARS
Column Name found in Datamart and Curated Table :: PRICE
Column Name found in Datamart and Curated Table :: SOLDBYCOMMISSION
Column Name found in Datamart and Curated Table :: DISPATCHFEE
Column Name found in Datamart and Curated Table :: ADDONFLATAMOUNT
Column Name found in Datamart and Curated Table :: COMMISSIONBONUS
Column Name found in Datamart and Curated Table :: DISPLAYNAME
Column Name found in Datamart and Curated Table :: HOURS
Column Name found in Datamart and Curated Table :: ISDEFERREDREVENUE
Column Name found in Datamart and Curated Table :: WARRANTY_DURATION
Column Name found in Datamart and Curated Table :: PURCHASEORDERLIMITS_FLATAMOUNT
Column Name found in Datamart and Curated Table :: WORKFLOWACTION_ID
Column Name found in Datamart and Curated Table :: BASERATE2
Column Name found in Datamart and Curated Table :: CROSSSALEGROUP
Column Name found in Datamart and Curated Table :: MODIFIEDON
Column Name found in Datamart and Curated Table :: MINIMUMLABORHOURS
Column Name found in Datamart and Curated Table :: NAME
Column Name found in Datamart and Curated Table :: PURCHASEORDERLIMITS_REVENUEPERCENT
Column Name found in Datamart and Curated Table :: IMPORTID
Column Name found in Datamart and Curated Table :: ADDONMEMBERPRICE
Column Name found in Datamart and Curated Table :: ALLOWAPPLYTAGSTOENTITIES
Column Name found in Datamart and Curated Table :: BONUS
Column Name found in Datamart and Curated Table :: GENERALLEDGERACCOUNT_ID
Column Name found in Datamart and Curated Table :: PAYSCOMMISSION
Column Name found in Datamart and Curated Table :: COST
Column Name found in Datamart and Curated Table :: EXCLUDEFROMPRICEBOOKWIZARD
Column Name found in Datamart and Curated Table :: IMAGES
Column Name found in Datamart and Curated Table :: LOYALTYPROGRAMELIGIBLE
Column Name found in Datamart and Curated Table :: SCHEDULEDFLATAMOUNT
Column Name found in Datamart and Curated Table :: SOURCEVERSION
Column Name found in Datamart and Curated Table :: TAXABLE
Column Name found in Datamart and Curated Table :: MEMBERPRICE
Column Name found in Datamart and Curated Table :: ARCHIVED
Column Name found in Datamart and Curated Table :: AUTOGLASSTYPE
Column Name found in Datamart and Curated Table :: AVALARARESIDENTIALTAXCODE
Column Name found in Datamart and Curated Table :: CREATEDON
Column Name found in Datamart and Curated Table :: DESCRIPTION
Column Name found in Datamart and Curated Table :: ISTIMEANDMATERIAL
Column Name found in Datamart and Curated Table :: MEMBERSHIPMONTHS
Column Name found in Datamart and Curated Table :: PAYSFLATAMOUNT
Column Name found in Datamart and Curated Table :: PAYTECHSPECIFICBONUS
Column Name found in Datamart and Curated Table :: PROVIDER_ID
Column Name found in Datamart and Curated Table :: COPIEDFROM_ID
Column Name found in Datamart and Curated Table :: DISPLAYINAMOUNT
Column Name found in Datamart and Curated Table :: SOURCE
Column Name found in Datamart and Curated Table :: SUPPLIERIMAGES
Column Name found in Datamart and Curated Table :: CREATEDBY_ID
Column Name found in Datamart and Curated Table :: ISLABOR
Column Name found in Datamart and Curated Table :: PAYSSOLDBYRATE
Column Name found in Datamart and Curated Table :: WARRANTY_DESCRIPTION
Column Name found in Datamart and Curated Table :: RECURRINGSERVICETYPE_ID
Column Name found in Datamart and Curated Table :: TENANT_TYPE
Datamart tables contains additional column name like [ACTIVE_FLAG, RECORD_CREATE_DATE, RECORD_UPDATE_DATE, MASTER_ID]
Curated tables contains additional column name like [RECORD_CREATE_DATE, RECORD_UPDATE_DATE, RECORD_UPDATED_BY]]]>
  </system-out>
  <testcase classname="testcases.RAW_DATAMART_CURATED.SnowFlake_ColumnValidation_APITables" name="validateColumnName_BKP" time="2.339"/>
  <system-out>
    <![CDATA[Executing Snowflake query :: SELECT COLUMN_NAME FROM DEV_ENT_RAW.INFORMATION_SCHEMA.COLUMNS WHERE TABLE_NAME='ST_API_TECHNICIANSHIFT'and TABLE_SCHEMA='API_MAT'
Executing Snowflake query :: SELECT COLUMN_NAME FROM CURATED_DATAMART.INFORMATION_SCHEMA.COLUMNS WHERE TABLE_NAME='STR_API_TECHNICIANSHIFT'and TABLE_SCHEMA='ST_API_GOLDMEDAL'
Executing Snowflake query :: SELECT COLUMN_NAME FROM DEV_ENT_CURATED.INFORMATION_SCHEMA.COLUMNS WHERE TABLE_NAME='DIM_TECHNICIANSHIFT'and TABLE_SCHEMA='MASTER_DIMENSIONS'
Column names for RAW Table --> ST_API_TECHNICIANSHIFT :: [END, ENDDATE, STARTTIME, ENDTIME, START, TECHNICIAN_ID, ACTIVE, BATCH, CREATEDBY_ID, TITLE, ID, IMPORTID, SHIFTTYPE, STARTDATE, CREATEDON, NOTE, TIMESHEET_ID, TIMESHEETCODE_ID, TENANT_TYPE]
Column names for DataMart Table --> STR_API_TECHNICIANSHIFT :: [END, TITLE, ACTIVE, ENDDATE, RECORD_CREATE_DATE, START, CREATEDON, ID, MASTER_ID, RECORD_UPDATE_DATE, STARTTIME, ACTIVE_FLAG, ENDTIME, NOTE, TENANT_TYPE, TIMESHEET_ID, CREATEDBY_ID, TIMESHEETCODE_ID, SHIFTTYPE, STARTDATE, IMPORTID, BATCH, TECHNICIAN_ID]
Column names for Curated Table --> DIM_TECHNICIANSHIFT :: [CREATEDON, TENANT_TYPE, TITLE, ACTIVE, NOTE, RECORD_CREATE_DATE, END, ID, RECORD_UPDATED_BY, TIMESHEETCODE_ID, IMPORTID, RECORD_UPDATE_DATE, STARTTIME, TECHNICIAN_ID, TIMESHEET_ID, CREATEDBY_ID, ENDDATE, START, SHIFTTYPE, BATCH, ENDTIME, STARTDATE]
Column Name found in Datamart and Curated Table :: END
Column Name found in Datamart and Curated Table :: ENDDATE
Column Name found in Datamart and Curated Table :: STARTTIME
Column Name found in Datamart and Curated Table :: ENDTIME
Column Name found in Datamart and Curated Table :: START
Column Name found in Datamart and Curated Table :: TECHNICIAN_ID
Column Name found in Datamart and Curated Table :: ACTIVE
Column Name found in Datamart and Curated Table :: BATCH
Column Name found in Datamart and Curated Table :: CREATEDBY_ID
Column Name found in Datamart and Curated Table :: TITLE
Column Name found in Datamart and Curated Table :: ID
Column Name found in Datamart and Curated Table :: IMPORTID
Column Name found in Datamart and Curated Table :: SHIFTTYPE
Column Name found in Datamart and Curated Table :: STARTDATE
Column Name found in Datamart and Curated Table :: CREATEDON
Column Name found in Datamart and Curated Table :: NOTE
Column Name found in Datamart and Curated Table :: TIMESHEET_ID
Column Name found in Datamart and Curated Table :: TIMESHEETCODE_ID
Column Name found in Datamart and Curated Table :: TENANT_TYPE
Datamart tables contains additional column name like [ACTIVE_FLAG, RECORD_CREATE_DATE, RECORD_UPDATE_DATE, MASTER_ID]
Curated tables contains additional column name like [RECORD_CREATE_DATE, RECORD_UPDATE_DATE, RECORD_UPDATED_BY]]]>
  </system-out>
  <testcase classname="testcases.RAW_DATAMART_CURATED.SnowFlake_ColumnValidation_APITables" name="validateColumnName_BKP" time="2.544"/>
  <system-out>
    <![CDATA[Executing Snowflake query :: SELECT COLUMN_NAME FROM DEV_ENT_RAW.INFORMATION_SCHEMA.COLUMNS WHERE TABLE_NAME='ST_API_JOBCOMPLETIONSURVEY'and TABLE_SCHEMA='API_MAT'
Executing Snowflake query :: SELECT COLUMN_NAME FROM CURATED_DATAMART.INFORMATION_SCHEMA.COLUMNS WHERE TABLE_NAME='STR_API_JOBCOMPLETIONSURVEY'and TABLE_SCHEMA='ST_API_MAITZ'
Executing Snowflake query :: SELECT COLUMN_NAME FROM DEV_ENT_CURATED.INFORMATION_SCHEMA.COLUMNS WHERE TABLE_NAME='DIM_JOBCOMPLETIONSURVEY'and TABLE_SCHEMA='MASTER_DIMENSIONS'
Column names for RAW Table --> ST_API_JOBCOMPLETIONSURVEY :: [SENTON, ISPLANNINGTOUSEAGAIN, ISROUTINECOMPLETED, MEMO, RECOMMENDATIONS, STATUS, TOKEN, ID, JOBCOMPLETEDON, SUBMITCOUNT, JOBID, MODIFIEDON, COMPLETEDON, RATING, SURVEYTYPE, TENANT_TYPE]
Column names for DataMart Table --> STR_API_JOBCOMPLETIONSURVEY :: [COMPLETEDON, MODIFIEDON, RECORD_UPDATE_DATE, SENTON, MASTER_ID, ACTIVE_FLAG, JOBCOMPLETEDON, RECOMMENDATIONS, SUBMITCOUNT, ISROUTINECOMPLETED, ID, ISPLANNINGTOUSEAGAIN, RECORD_CREATE_DATE, STATUS, JOBID, MEMO, RATING, SURVEYTYPE, TOKEN, TENANT_TYPE]
Column names for Curated Table --> DIM_JOBCOMPLETIONSURVEY :: [ID, JOBCOMPLETEDON, SUBMITCOUNT, ISROUTINECOMPLETED, MEMO, RECORD_UPDATED_BY, STATUS, JOBID, RECORD_UPDATE_DATE, TENANT_TYPE, MODIFIEDON, SURVEYTYPE, COMPLETEDON, ISPLANNINGTOUSEAGAIN, RATING, SENTON, RECOMMENDATIONS, RECORD_CREATE_DATE, TOKEN]
Column Name found in Datamart and Curated Table :: SENTON
Column Name found in Datamart and Curated Table :: ISPLANNINGTOUSEAGAIN
Column Name found in Datamart and Curated Table :: ISROUTINECOMPLETED
Column Name found in Datamart and Curated Table :: MEMO
Column Name found in Datamart and Curated Table :: RECOMMENDATIONS
Column Name found in Datamart and Curated Table :: STATUS
Column Name found in Datamart and Curated Table :: TOKEN
Column Name found in Datamart and Curated Table :: ID
Column Name found in Datamart and Curated Table :: JOBCOMPLETEDON
Column Name found in Datamart and Curated Table :: SUBMITCOUNT
Column Name found in Datamart and Curated Table :: JOBID
Column Name found in Datamart and Curated Table :: MODIFIEDON
Column Name found in Datamart and Curated Table :: COMPLETEDON
Column Name found in Datamart and Curated Table :: RATING
Column Name found in Datamart and Curated Table :: SURVEYTYPE
Column Name found in Datamart and Curated Table :: TENANT_TYPE
Datamart tables contains additional column name like [ACTIVE_FLAG, RECORD_CREATE_DATE, RECORD_UPDATE_DATE, MASTER_ID]
Curated tables contains additional column name like [RECORD_CREATE_DATE, RECORD_UPDATE_DATE, RECORD_UPDATED_BY]]]>
  </system-out>
  <testcase classname="testcases.RAW_DATAMART_CURATED.SnowFlake_ColumnValidation_APITables" name="validateColumnName_BKP" time="2.484"/>
  <system-out>
    <![CDATA[Executing Snowflake query :: SELECT COLUMN_NAME FROM DEV_ENT_RAW.INFORMATION_SCHEMA.COLUMNS WHERE TABLE_NAME='ST_API_CATEGORY'and TABLE_SCHEMA='API_MAT'
Executing Snowflake query :: SELECT COLUMN_NAME FROM CURATED_DATAMART.INFORMATION_SCHEMA.COLUMNS WHERE TABLE_NAME='STR_API_CATEGORY'and TABLE_SCHEMA='ST_API_HDAIR'
Executing Snowflake query :: SELECT COLUMN_NAME FROM DEV_ENT_CURATED.INFORMATION_SCHEMA.COLUMNS WHERE TABLE_NAME='DIM_CATEGORY'and TABLE_SCHEMA='MASTER_DIMENSIONS'
Column names for RAW Table --> ST_API_CATEGORY :: [SOURCEVERSION, SUPPLIERIMAGES, CREATEDBY_ID, CREATEDON, IMAGE, CATEGORYTYPE, HIDEINMOBILE, ID, IMPORTID, PARENT_ID, BUSINESSUNIT_ID, SOURCE, ACTIVE, AVALARACOMMERCIALTAXCODE, DESCRIPTION, AVALARARESIDENTIALTAXCODE, NAME, SKUIMAGES, POSITION, EXTERNALID, TENANT_TYPE]
Column names for DataMart Table --> STR_API_CATEGORY :: [ACTIVE, AVALARACOMMERCIALTAXCODE, EXTERNALID, HIDEINMOBILE, ID, SUPPLIERIMAGES, TENANT_TYPE, CREATEDON, SOURCE, IMPORTID, NAME, POSITION, MASTER_ID, SKUIMAGES, SOURCEVERSION, PARENT_ID, RECORD_UPDATE_DATE, BUSINESSUNIT_ID, CATEGORYTYPE, RECORD_CREATE_DATE, ACTIVE_FLAG, AVALARARESIDENTIALTAXCODE, DESCRIPTION, IMAGE, CREATEDBY_ID]
Column names for Curated Table --> DIM_CATEGORY :: [AVALARARESIDENTIALTAXCODE, POSITION, SOURCEVERSION, IMAGE, ACTIVE, IMPORTID, NAME, SKUIMAGES, CREATEDBY_ID, PARENT_ID, SOURCE, DESCRIPTION, EXTERNALID, SUPPLIERIMAGES, AVALARACOMMERCIALTAXCODE, BUSINESSUNIT_ID, CATEGORYTYPE, ID, RECORD_UPDATE_DATE, TENANT_TYPE, RECORD_UPDATED_BY, CREATEDON, HIDEINMOBILE, RECORD_CREATE_DATE]
Column Name found in Datamart and Curated Table :: SOURCEVERSION
Column Name found in Datamart and Curated Table :: SUPPLIERIMAGES
Column Name found in Datamart and Curated Table :: CREATEDBY_ID
Column Name found in Datamart and Curated Table :: CREATEDON
Column Name found in Datamart and Curated Table :: IMAGE
Column Name found in Datamart and Curated Table :: CATEGORYTYPE
Column Name found in Datamart and Curated Table :: HIDEINMOBILE
Column Name found in Datamart and Curated Table :: ID
Column Name found in Datamart and Curated Table :: IMPORTID
Column Name found in Datamart and Curated Table :: PARENT_ID
Column Name found in Datamart and Curated Table :: BUSINESSUNIT_ID
Column Name found in Datamart and Curated Table :: SOURCE
Column Name found in Datamart and Curated Table :: ACTIVE
Column Name found in Datamart and Curated Table :: AVALARACOMMERCIALTAXCODE
Column Name found in Datamart and Curated Table :: DESCRIPTION
Column Name found in Datamart and Curated Table :: AVALARARESIDENTIALTAXCODE
Column Name found in Datamart and Curated Table :: NAME
Column Name found in Datamart and Curated Table :: SKUIMAGES
Column Name found in Datamart and Curated Table :: POSITION
Column Name found in Datamart and Curated Table :: EXTERNALID
Column Name found in Datamart and Curated Table :: TENANT_TYPE
Datamart tables contains additional column name like [ACTIVE_FLAG, RECORD_CREATE_DATE, RECORD_UPDATE_DATE, MASTER_ID]
Curated tables contains additional column name like [RECORD_CREATE_DATE, RECORD_UPDATE_DATE, RECORD_UPDATED_BY]]]>
  </system-out>
  <testcase classname="testcases.RAW_DATAMART_CURATED.SnowFlake_ColumnValidation_APITables" name="validateColumnName_BKP" time="2.075">
    <failure message="The following asserts failed:
	null,
	null" type="java.lang.AssertionError">
      <![CDATA[java.lang.AssertionError: The following asserts failed:
null,
null
at org.testng.asserts.SoftAssert.assertAll(SoftAssert.java:47)
at org.testng.asserts.SoftAssert.assertAll(SoftAssert.java:31)
at testcases.RAW_DATAMART_CURATED.SnowFlake_ColumnValidation_APITables.validateColumnName_BKP(SnowFlake_ColumnValidation_APITables.java:128)
at jdk.internal.reflect.GeneratedMethodAccessor38.invoke(Unknown Source)
at java.base/jdk.internal.reflect.DelegatingMethodAccessorImpl.invoke(DelegatingMethodAccessorImpl.java:43)
at java.base/java.lang.reflect.Method.invoke(Method.java:568)
at org.testng.internal.MethodInvocationHelper.invokeMethod(MethodInvocationHelper.java:133)
at org.testng.internal.TestInvoker.invokeMethod(TestInvoker.java:598)
at org.testng.internal.TestInvoker.invokeTestMethod(TestInvoker.java:173)
at org.testng.internal.MethodRunner.runInSequence(MethodRunner.java:46)
at org.testng.internal.TestInvoker$MethodInvocationAgent.invoke(TestInvoker.java:824)
at org.testng.internal.TestInvoker.invokeTestMethods(TestInvoker.java:146)
at org.testng.internal.TestMethodWorker.invokeTestMethods(TestMethodWorker.java:146)
at org.testng.internal.TestMethodWorker.run(TestMethodWorker.java:128)
at java.base/java.util.ArrayList.forEach(ArrayList.java:1511)
at org.testng.TestRunner.privateRun(TestRunner.java:794)
at org.testng.TestRunner.run(TestRunner.java:596)
at org.testng.SuiteRunner.runTest(SuiteRunner.java:377)
at org.testng.SuiteRunner.runSequentially(SuiteRunner.java:371)
at org.testng.SuiteRunner.privateRun(SuiteRunner.java:332)
at org.testng.SuiteRunner.run(SuiteRunner.java:276)
at org.testng.SuiteRunnerWorker.runSuite(SuiteRunnerWorker.java:53)
at org.testng.SuiteRunnerWorker.run(SuiteRunnerWorker.java:96)
at org.testng.TestNG.runSuitesSequentially(TestNG.java:1212)
at org.testng.TestNG.runSuitesLocally(TestNG.java:1134)
at org.testng.TestNG.runSuites(TestNG.java:1063)
at org.testng.TestNG.run(TestNG.java:1031)
at org.testng.remote.AbstractRemoteTestNG.run(AbstractRemoteTestNG.java:115)
at org.testng.remote.RemoteTestNG.initAndRun(RemoteTestNG.java:251)
at org.testng.remote.RemoteTestNG.main(RemoteTestNG.java:77)
]]>
    </failure>
  </testcase> <!-- validateColumnName_BKP -->
  <system-out>
    <![CDATA[Executing Snowflake query :: SELECT COLUMN_NAME FROM DEV_ENT_RAW.INFORMATION_SCHEMA.COLUMNS WHERE TABLE_NAME='ST_API_PROJECT'and TABLE_SCHEMA='API_MAT'
Executing Snowflake query :: SELECT COLUMN_NAME FROM CURATED_DATAMART.INFORMATION_SCHEMA.COLUMNS WHERE TABLE_NAME='STR_API_PROJECT'and TABLE_SCHEMA='ST_API_SNELLHEATINGAIR'
Executing Snowflake query :: SELECT COLUMN_NAME FROM DEV_ENT_CURATED.INFORMATION_SCHEMA.COLUMNS WHERE TABLE_NAME='DIM_PROJECT'and TABLE_SCHEMA='MASTER_DIMENSIONS'
Column names for RAW Table --> ST_API_PROJECT :: [ACTIVE, AREITEMSREORDERED, CUSTOMER_ID, NAME, NUMBER, PROJECTSETTINGSTYPE, TECHNICIANSIGNATURE, SUMMARY, MODIFIEDON, ACKNOWLEDGEMENTSIGNATURE, COMPLETEDON, COMPLETIONPERCENT, COSTTOCOMPLETE, CREATEDBY_ID, CREATEDON, IMPORTID, COMPLETEDONACTUAL, ID, CONTRACTESTIMATE_ID, AUTHORIZATIONSIGNATURE, CONTRACTSTARTDATE, STARTEDON, CONTRACTFOR, ISRETAINAGEENABLED, ISPREVAILINGWAGE, LOCATION_ID, PAYMENTTERM_ID, RETAINAGEPERCENT, REVENUERECOGNITIONMETHOD, TENANT_TYPE]
Column names for DataMart Table --> STR_API_PROJECT :: [ACTIVE, CONTRACTESTIMATE_ID, TENANT_TYPE, CUSTOMER_ID, SUMMARY, ISPREVAILINGWAGE, PROJECTSETTINGSTYPE, CONTRACTFOR, CONTRACTSTARTDATE, TECHNICIANSIGNATURE, MODIFIEDON, NUMBER, RETAINAGEPERCENT, MASTER_ID, COMPLETEDON, ISRETAINAGEENABLED, LOCATION_ID, STARTEDON, CREATEDON, COMPLETEDONACTUAL, ID, ACTIVE_FLAG, NAME, ACKNOWLEDGEMENTSIGNATURE, AREITEMSREORDERED, CREATEDBY_ID, MD5_VALUE, PAYMENTTERM_ID, RECORD_UPDATE_DATE, IMPORTID, RECORD_CREATE_DATE, AUTHORIZATIONSIGNATURE, COMPLETIONPERCENT]
Column names for Curated Table --> DIM_PROJECT :: [RECORD_UPDATE_DATE, ACTIVE, AUTHORIZATIONSIGNATURE, COMPLETEDON, RETAINAGEPERCENT, IMPORTID, CONTRACTFOR, CONTRACTSTARTDATE, ID, ISRETAINAGEENABLED, RECORD_CREATE_DATE, RECORD_UPDATED_BY, TENANT_TYPE, PROJECTSETTINGSTYPE, TECHNICIANSIGNATURE, ISPREVAILINGWAGE, MD5_VALUE, NAME, PAYMENTTERM_ID, COMPLETEDONACTUAL, CUSTOMER_ID, NUMBER, AREITEMSREORDERED, CREATEDON, LOCATION_ID, MODIFIEDON, STARTEDON, ACKNOWLEDGEMENTSIGNATURE, COMPLETIONPERCENT, CONTRACTESTIMATE_ID, SUMMARY, CREATEDBY_ID, REVENUERECOGNITIONMETHOD]
Column Name found in Datamart and Curated Table :: ACTIVE
Column Name found in Datamart and Curated Table :: AREITEMSREORDERED
Column Name found in Datamart and Curated Table :: CUSTOMER_ID
Column Name found in Datamart and Curated Table :: NAME
Column Name found in Datamart and Curated Table :: NUMBER
Column Name found in Datamart and Curated Table :: PROJECTSETTINGSTYPE
Column Name found in Datamart and Curated Table :: TECHNICIANSIGNATURE
Column Name found in Datamart and Curated Table :: SUMMARY
Column Name found in Datamart and Curated Table :: MODIFIEDON
Column Name found in Datamart and Curated Table :: ACKNOWLEDGEMENTSIGNATURE
Column Name found in Datamart and Curated Table :: COMPLETEDON
Column Name found in Datamart and Curated Table :: COMPLETIONPERCENT
Column Name not found in Datamart and Curated Table :: COSTTOCOMPLETE
Column Name found in Datamart and Curated Table :: CREATEDBY_ID
Column Name found in Datamart and Curated Table :: CREATEDON
Column Name found in Datamart and Curated Table :: IMPORTID
Column Name found in Datamart and Curated Table :: COMPLETEDONACTUAL
Column Name found in Datamart and Curated Table :: ID
Column Name found in Datamart and Curated Table :: CONTRACTESTIMATE_ID
Column Name found in Datamart and Curated Table :: AUTHORIZATIONSIGNATURE
Column Name found in Datamart and Curated Table :: CONTRACTSTARTDATE
Column Name found in Datamart and Curated Table :: STARTEDON
Column Name found in Datamart and Curated Table :: CONTRACTFOR
Column Name found in Datamart and Curated Table :: ISRETAINAGEENABLED
Column Name found in Datamart and Curated Table :: ISPREVAILINGWAGE
Column Name found in Datamart and Curated Table :: LOCATION_ID
Column Name found in Datamart and Curated Table :: PAYMENTTERM_ID
Column Name found in Datamart and Curated Table :: RETAINAGEPERCENT
Column Name not found in Datamart and Curated Table :: REVENUERECOGNITIONMETHOD
Column Name found in Datamart and Curated Table :: TENANT_TYPE
Datamart tables contains additional column name like [ACTIVE_FLAG, RECORD_CREATE_DATE, RECORD_UPDATE_DATE, MASTER_ID]
Curated tables contains additional column name like [RECORD_CREATE_DATE, RECORD_UPDATE_DATE, RECORD_UPDATED_BY]]]>
  </system-out>
  <testcase classname="testcases.RAW_DATAMART_CURATED.SnowFlake_ColumnValidation_APITables" name="validateColumnName_BKP" time="2.653"/>
  <system-out>
    <![CDATA[Executing Snowflake query :: SELECT COLUMN_NAME FROM DEV_ENT_RAW.INFORMATION_SCHEMA.COLUMNS WHERE TABLE_NAME='ST_API_TECHNICIANSHIFT'and TABLE_SCHEMA='API_MAT'
Executing Snowflake query :: SELECT COLUMN_NAME FROM CURATED_DATAMART.INFORMATION_SCHEMA.COLUMNS WHERE TABLE_NAME='STR_API_TECHNICIANSHIFT'and TABLE_SCHEMA='ST_API_SNELLHEATINGAIR'
Executing Snowflake query :: SELECT COLUMN_NAME FROM DEV_ENT_CURATED.INFORMATION_SCHEMA.COLUMNS WHERE TABLE_NAME='DIM_TECHNICIANSHIFT'and TABLE_SCHEMA='MASTER_DIMENSIONS'
Column names for RAW Table --> ST_API_TECHNICIANSHIFT :: [END, ENDDATE, STARTTIME, ENDTIME, START, TECHNICIAN_ID, ACTIVE, BATCH, CREATEDBY_ID, TITLE, ID, IMPORTID, SHIFTTYPE, STARTDATE, CREATEDON, NOTE, TIMESHEET_ID, TIMESHEETCODE_ID, TENANT_TYPE]
Column names for DataMart Table --> STR_API_TECHNICIANSHIFT :: [ACTIVE, TIMESHEETCODE_ID, BATCH, CREATEDBY_ID, MASTER_ID, ENDTIME, RECORD_CREATE_DATE, STARTDATE, TENANT_TYPE, RECORD_UPDATE_DATE, CREATEDON, TECHNICIAN_ID, TIMESHEET_ID, IMPORTID, SHIFTTYPE, STARTTIME, TITLE, ENDDATE, ID, NOTE, ACTIVE_FLAG, END, START]
Column names for Curated Table --> DIM_TECHNICIANSHIFT :: [CREATEDON, TENANT_TYPE, TITLE, ACTIVE, NOTE, RECORD_CREATE_DATE, END, ID, RECORD_UPDATED_BY, TIMESHEETCODE_ID, IMPORTID, RECORD_UPDATE_DATE, STARTTIME, TECHNICIAN_ID, TIMESHEET_ID, CREATEDBY_ID, ENDDATE, START, SHIFTTYPE, BATCH, ENDTIME, STARTDATE]
Column Name found in Datamart and Curated Table :: END
Column Name found in Datamart and Curated Table :: ENDDATE
Column Name found in Datamart and Curated Table :: STARTTIME
Column Name found in Datamart and Curated Table :: ENDTIME
Column Name found in Datamart and Curated Table :: START
Column Name found in Datamart and Curated Table :: TECHNICIAN_ID
Column Name found in Datamart and Curated Table :: ACTIVE
Column Name found in Datamart and Curated Table :: BATCH
Column Name found in Datamart and Curated Table :: CREATEDBY_ID
Column Name found in Datamart and Curated Table :: TITLE
Column Name found in Datamart and Curated Table :: ID
Column Name found in Datamart and Curated Table :: IMPORTID
Column Name found in Datamart and Curated Table :: SHIFTTYPE
Column Name found in Datamart and Curated Table :: STARTDATE
Column Name found in Datamart and Curated Table :: CREATEDON
Column Name found in Datamart and Curated Table :: NOTE
Column Name found in Datamart and Curated Table :: TIMESHEET_ID
Column Name found in Datamart and Curated Table :: TIMESHEETCODE_ID
Column Name found in Datamart and Curated Table :: TENANT_TYPE
Datamart tables contains additional column name like [ACTIVE_FLAG, RECORD_CREATE_DATE, RECORD_UPDATE_DATE, MASTER_ID]
Curated tables contains additional column name like [RECORD_CREATE_DATE, RECORD_UPDATE_DATE, RECORD_UPDATED_BY]]]>
  </system-out>
  <testcase classname="testcases.RAW_DATAMART_CURATED.SnowFlake_ColumnValidation_APITables" name="validateColumnName_BKP" time="2.774"/>
  <system-out>
    <![CDATA[Executing Snowflake query :: SELECT COLUMN_NAME FROM DEV_ENT_RAW.INFORMATION_SCHEMA.COLUMNS WHERE TABLE_NAME='ST_API_TAGTYPE'and TABLE_SCHEMA='API_MAT'
Executing Snowflake query :: SELECT COLUMN_NAME FROM CURATED_DATAMART.INFORMATION_SCHEMA.COLUMNS WHERE TABLE_NAME='STR_API_TAGTYPE'and TABLE_SCHEMA='ST_API_EANESHEATING'
Executing Snowflake query :: SELECT COLUMN_NAME FROM DEV_ENT_CURATED.INFORMATION_SCHEMA.COLUMNS WHERE TABLE_NAME='DIM_TAGTYPE'and TABLE_SCHEMA='MASTER_DIMENSIONS'
Column names for RAW Table --> ST_API_TAGTYPE :: [ID, ISVISIBLEONDISPATCHBOARD, CODE, COLOR, ISALWAYSVISIBLE, ACTIVE, MODIFIEDON, CREATEDON, IMPORTANCE, FONTCOLOR, ISCONVERSIONOPPORTUNITY, NAME, CREATEDBY_ID, IMPORTID, PROJECTEDVALUEADJUSTMENT, TENANT_TYPE]
Column names for DataMart Table --> STR_API_TAGTYPE :: [ACTIVE, ID, ISALWAYSVISIBLE, NAME, PROJECTEDVALUEADJUSTMENT, CREATEDBY_ID, MODIFIEDON, RECORD_CREATE_DATE, RECORD_UPDATE_DATE, TENANT_TYPE, COLOR, IMPORTANCE, ACTIVE_FLAG, CODE, IMPORTID, CREATEDON, ISCONVERSIONOPPORTUNITY, MASTER_ID, FONTCOLOR, ISVISIBLEONDISPATCHBOARD]
Column names for Curated Table --> DIM_TAGTYPE :: [ACTIVE, CODE, FONTCOLOR, IMPORTANCE, TENANT_TYPE, NAME, CREATEDBY_ID, ID, MODIFIEDON, RECORD_UPDATED_BY, COLOR, CREATEDON, RECORD_UPDATE_DATE, ISCONVERSIONOPPORTUNITY, PROJECTEDVALUEADJUSTMENT, RECORD_CREATE_DATE, ISALWAYSVISIBLE, IMPORTID, ISVISIBLEONDISPATCHBOARD]
Column Name found in Datamart and Curated Table :: ID
Column Name found in Datamart and Curated Table :: ISVISIBLEONDISPATCHBOARD
Column Name found in Datamart and Curated Table :: CODE
Column Name found in Datamart and Curated Table :: COLOR
Column Name found in Datamart and Curated Table :: ISALWAYSVISIBLE
Column Name found in Datamart and Curated Table :: ACTIVE
Column Name found in Datamart and Curated Table :: MODIFIEDON
Column Name found in Datamart and Curated Table :: CREATEDON
Column Name found in Datamart and Curated Table :: IMPORTANCE
Column Name found in Datamart and Curated Table :: FONTCOLOR
Column Name found in Datamart and Curated Table :: ISCONVERSIONOPPORTUNITY
Column Name found in Datamart and Curated Table :: NAME
Column Name found in Datamart and Curated Table :: CREATEDBY_ID
Column Name found in Datamart and Curated Table :: IMPORTID
Column Name found in Datamart and Curated Table :: PROJECTEDVALUEADJUSTMENT
Column Name found in Datamart and Curated Table :: TENANT_TYPE
Datamart tables contains additional column name like [ACTIVE_FLAG, RECORD_CREATE_DATE, RECORD_UPDATE_DATE, MASTER_ID]
Curated tables contains additional column name like [RECORD_CREATE_DATE, RECORD_UPDATE_DATE, RECORD_UPDATED_BY]]]>
  </system-out>
  <testcase classname="testcases.RAW_DATAMART_CURATED.SnowFlake_ColumnValidation_APITables" name="validateColumnName_BKP" time="3.685"/>
  <system-out>
    <![CDATA[Executing Snowflake query :: SELECT COLUMN_NAME FROM DEV_ENT_RAW.INFORMATION_SCHEMA.COLUMNS WHERE TABLE_NAME='ST_API_MATERIALVENDORSUBACCOUNT'and TABLE_SCHEMA='API_MAT'
Executing Snowflake query :: SELECT COLUMN_NAME FROM CURATED_DATAMART.INFORMATION_SCHEMA.COLUMNS WHERE TABLE_NAME='STR_API_MATERIALVENDORSUBACCOUNT'and TABLE_SCHEMA='ST_API_SNELLHEATINGAIR'
Executing Snowflake query :: SELECT COLUMN_NAME FROM DEV_ENT_CURATED.INFORMATION_SCHEMA.COLUMNS WHERE TABLE_NAME='DIM_MATERIALVENDORSUBACCOUNT'and TABLE_SCHEMA='MASTER_DIMENSIONS'
Column names for RAW Table --> ST_API_MATERIALVENDORSUBACCOUNT :: [MATERIALVENDOR_ID, ACCOUNTNAME, ACTIVE, COST, CREATEDBY_ID, ID, CREATEDON, IMPORTID, TENANT_TYPE]
Column names for DataMart Table --> STR_API_MATERIALVENDORSUBACCOUNT :: [ACCOUNTNAME, TENANT_TYPE, ACTIVE_FLAG, COST, ID, MASTER_ID, MATERIALVENDOR_ID, ACTIVE, RECORD_UPDATE_DATE, CREATEDBY_ID, CREATEDON, IMPORTID, RECORD_CREATE_DATE]
Column names for Curated Table --> DIM_MATERIALVENDORSUBACCOUNT :: [RECORD_CREATE_DATE, IMPORTID, ACTIVE, CREATEDBY_ID, CREATEDON, ID, RECORD_UPDATE_DATE, TENANT_TYPE, RECORD_UPDATED_BY, ACCOUNTNAME, MATERIALVENDOR_ID, COST]
Column Name found in Datamart and Curated Table :: MATERIALVENDOR_ID
Column Name found in Datamart and Curated Table :: ACCOUNTNAME
Column Name found in Datamart and Curated Table :: ACTIVE
Column Name found in Datamart and Curated Table :: COST
Column Name found in Datamart and Curated Table :: CREATEDBY_ID
Column Name found in Datamart and Curated Table :: ID
Column Name found in Datamart and Curated Table :: CREATEDON
Column Name found in Datamart and Curated Table :: IMPORTID
Column Name found in Datamart and Curated Table :: TENANT_TYPE
Datamart tables contains additional column name like [ACTIVE_FLAG, RECORD_CREATE_DATE, RECORD_UPDATE_DATE, MASTER_ID]
Curated tables contains additional column name like [RECORD_CREATE_DATE, RECORD_UPDATE_DATE, RECORD_UPDATED_BY]]]>
  </system-out>
  <testcase classname="testcases.RAW_DATAMART_CURATED.SnowFlake_ColumnValidation_APITables" name="validateColumnName_BKP" time="2.459"/>
  <system-out>
    <![CDATA[Executing Snowflake query :: SELECT COLUMN_NAME FROM DEV_ENT_RAW.INFORMATION_SCHEMA.COLUMNS WHERE TABLE_NAME='ST_API_CAMPAIGN'and TABLE_SCHEMA='API_MAT'
Executing Snowflake query :: SELECT COLUMN_NAME FROM CURATED_DATAMART.INFORMATION_SCHEMA.COLUMNS WHERE TABLE_NAME='STR_API_CAMPAIGN'and TABLE_SCHEMA='ST_API_HORIZONSERVICES'
Executing Snowflake query :: SELECT COLUMN_NAME FROM DEV_ENT_CURATED.INFORMATION_SCHEMA.COLUMNS WHERE TABLE_NAME='DIM_CAMPAIGN'and TABLE_SCHEMA='MASTER_DIMENSIONS'
Column names for RAW Table --> ST_API_CAMPAIGN :: [COST, CATEGORY_ID, ID, ACTIVE, BUSINESSUNIT_ID, MODIFIEDBY_ID, DNIS, IMAGE, NAME, IMPORTID, MODIFIEDON, CREATEDBY_ID, CREATEDON, TENANT_TYPE]
Column names for DataMart Table --> STR_API_CAMPAIGN :: [ACTIVE, ID, MASTER_ID, CATEGORY_ID, TENANT_TYPE, CREATEDBY_ID, CREATEDON, MODIFIEDON, RECORD_UPDATE_DATE, RECORD_CREATE_DATE, ACTIVE_FLAG, NAME, BUSINESSUNIT_ID, IMAGE, IMPORTID, COST, DNIS, MODIFIEDBY_ID]
Column names for Curated Table --> DIM_CAMPAIGN :: [IMAGE, MODIFIEDBY_ID, CATEGORY_ID, NAME, RECORD_CREATE_DATE, ACTIVE, COST, CREATEDBY_ID, IMPORTID, CREATEDON, BUSINESSUNIT_ID, ID, RECORD_UPDATED_BY, MODIFIEDON, DNIS, RECORD_UPDATE_DATE, TENANT_TYPE]
Column Name found in Datamart and Curated Table :: COST
Column Name found in Datamart and Curated Table :: CATEGORY_ID
Column Name found in Datamart and Curated Table :: ID
Column Name found in Datamart and Curated Table :: ACTIVE
Column Name found in Datamart and Curated Table :: BUSINESSUNIT_ID
Column Name found in Datamart and Curated Table :: MODIFIEDBY_ID
Column Name found in Datamart and Curated Table :: DNIS
Column Name found in Datamart and Curated Table :: IMAGE
Column Name found in Datamart and Curated Table :: NAME
Column Name found in Datamart and Curated Table :: IMPORTID
Column Name found in Datamart and Curated Table :: MODIFIEDON
Column Name found in Datamart and Curated Table :: CREATEDBY_ID
Column Name found in Datamart and Curated Table :: CREATEDON
Column Name found in Datamart and Curated Table :: TENANT_TYPE
Datamart tables contains additional column name like [ACTIVE_FLAG, RECORD_CREATE_DATE, RECORD_UPDATE_DATE, MASTER_ID]
Curated tables contains additional column name like [RECORD_CREATE_DATE, RECORD_UPDATE_DATE, RECORD_UPDATED_BY]]]>
  </system-out>
  <testcase classname="testcases.RAW_DATAMART_CURATED.SnowFlake_ColumnValidation_APITables" name="validateColumnName_BKP" time="2.277"/>
  <system-out>
    <![CDATA[Executing Snowflake query :: SELECT COLUMN_NAME FROM DEV_ENT_RAW.INFORMATION_SCHEMA.COLUMNS WHERE TABLE_NAME='ST_API_CUSTOMERMEMBERSHIP'and TABLE_SCHEMA='API_MAT'
Executing Snowflake query :: SELECT COLUMN_NAME FROM CURATED_DATAMART.INFORMATION_SCHEMA.COLUMNS WHERE TABLE_NAME='STR_API_CUSTOMERMEMBERSHIP'and TABLE_SCHEMA='ST_API_GOLDMEDAL'
Executing Snowflake query :: SELECT COLUMN_NAME FROM DEV_ENT_CURATED.INFORMATION_SCHEMA.COLUMNS WHERE TABLE_NAME='DIM_CUSTOMERMEMBERSHIP'and TABLE_SCHEMA='MASTER_DIMENSIONS'
Column names for RAW Table --> ST_API_CUSTOMERMEMBERSHIP :: [CREATEDBY_ID, NEXTSCHEDULEDBILLDATE, DURATION, PAYMENTTYPE_ID, CANCELLATIONDATE, CUSTOMERPO, RENEWALDURATION, FOLLOWUPSTATUS, ID, LOCATION_ID, RENEWALMEMBERSHIPTASKREFERENCE_SKUID, PREVIOUSRECURRINGLOCATION_ID, RECURRINGLOCATION_ID, TYPE_ID, MODIFIEDON, ACTIVATEDFROM_ID, BILLINGFREQUENCY, CREATEDON, INVOICETEMPLATE_ID, MEMO, RENEWALMEMBERSHIPTASKREFERENCE_SKUTYPE, BILLINGTEMPLATE_ID, INITIALDEFERREDREVENUE, IMPORTID, ACTIVATEDBY_ID, BILLINGPREFERENCE, BUSINESSUNIT_ID, CUSTOMER_ID, FOLLOWUPCUSTOMSTATUS_ID, STATUS, EXPIREDAT, ACTIVE, BILLINGCOVERAGEPERIOD, FROM, RENEWALBILLINGFREQUENCY, RENEWEDBY_ID, CANCELATIONBALANCEINVOICE_ID, FOLLOWUPON, BILLINGEMAIL_ID, CANCELATIONBUYOUTINVOICE_ID, FIRSTSCHEDULEDBILLDATE, CANCELATIONINVOICE_ID, RENEWALMEMBERSHIPTASK_ID, SOLDBY_ID, TO, PAYMENTMETHOD_ID, TENANT_TYPE]
Column names for DataMart Table --> STR_API_CUSTOMERMEMBERSHIP :: [ACTIVATEDBY_ID, CANCELATIONBALANCEINVOICE_ID, CREATEDBY_ID, CUSTOMERPO, MODIFIEDON, RECORD_UPDATE_DATE, ACTIVE_FLAG, BILLINGFREQUENCY, FIRSTSCHEDULEDBILLDATE, PREVIOUSRECURRINGLOCATION_ID, SOLDBY_ID, FOLLOWUPON, NEXTSCHEDULEDBILLDATE, EXPIREDAT, DURATION, IMPORTID, BUSINESSUNIT_ID, CANCELATIONBUYOUTINVOICE_ID, RENEWALBILLINGFREQUENCY, RECURRINGLOCATION_ID, ACTIVATEDFROM_ID, BILLINGCOVERAGEPERIOD, CREATEDON, ID, PAYMENTMETHOD_ID, TO, TYPE_ID, STATUS, BILLINGPREFERENCE, LOCATION_ID, RECORD_CREATE_DATE, BILLINGEMAIL_ID, RENEWALDURATION, RENEWALMEMBERSHIPTASKREFERENCE_SKUTYPE, FOLLOWUPCUSTOMSTATUS_ID, FOLLOWUPSTATUS, INITIALDEFERREDREVENUE, MASTER_ID, PAYMENTTYPE_ID, RENEWALMEMBERSHIPTASKREFERENCE_SKUID, RENEWALMEMBERSHIPTASK_ID, INVOICETEMPLATE_ID, MEMO, RENEWEDBY_ID, ACTIVE, BILLINGTEMPLATE_ID, CANCELATIONINVOICE_ID, CANCELLATIONDATE, CUSTOMER_ID, TENANT_TYPE, FROM]
Column names for Curated Table --> DIM_CUSTOMERMEMBERSHIP :: [BILLINGFREQUENCY, CREATEDBY_ID, MODIFIEDON, PAYMENTTYPE_ID, RECURRINGLOCATION_ID, ACTIVE, BILLINGEMAIL_ID, FIRSTSCHEDULEDBILLDATE, RENEWALMEMBERSHIPTASKREFERENCE_SKUTYPE, TENANT_TYPE, ACTIVATEDBY_ID, BUSINESSUNIT_ID, CREATEDON, ID, INITIALDEFERREDREVENUE, CUSTOMERPO, FOLLOWUPSTATUS, RENEWALDURATION, RECORD_UPDATED_BY, BILLINGTEMPLATE_ID, FOLLOWUPCUSTOMSTATUS_ID, PAYMENTMETHOD_ID, RECORD_UPDATE_DATE, SOLDBY_ID, TYPE_ID, RENEWALMEMBERSHIPTASK_ID, BILLINGPREFERENCE, EXPIREDAT, NEXTSCHEDULEDBILLDATE, ACTIVATEDFROM_ID, CANCELATIONBALANCEINVOICE_ID, FROM, RECORD_CREATE_DATE, RENEWALMEMBERSHIPTASKREFERENCE_SKUID, TO, FOLLOWUPON, BILLINGCOVERAGEPERIOD, CUSTOMER_ID, DURATION, IMPORTID, RENEWALBILLINGFREQUENCY, STATUS, MEMO, CANCELATIONINVOICE_ID, CANCELLATIONDATE, PREVIOUSRECURRINGLOCATION_ID, CANCELATIONBUYOUTINVOICE_ID, INVOICETEMPLATE_ID, LOCATION_ID, RENEWEDBY_ID]
Column Name found in Datamart and Curated Table :: CREATEDBY_ID
Column Name found in Datamart and Curated Table :: NEXTSCHEDULEDBILLDATE
Column Name found in Datamart and Curated Table :: DURATION
Column Name found in Datamart and Curated Table :: PAYMENTTYPE_ID
Column Name found in Datamart and Curated Table :: CANCELLATIONDATE
Column Name found in Datamart and Curated Table :: CUSTOMERPO
Column Name found in Datamart and Curated Table :: RENEWALDURATION
Column Name found in Datamart and Curated Table :: FOLLOWUPSTATUS
Column Name found in Datamart and Curated Table :: ID
Column Name found in Datamart and Curated Table :: LOCATION_ID
Column Name found in Datamart and Curated Table :: RENEWALMEMBERSHIPTASKREFERENCE_SKUID
Column Name found in Datamart and Curated Table :: PREVIOUSRECURRINGLOCATION_ID
Column Name found in Datamart and Curated Table :: RECURRINGLOCATION_ID
Column Name found in Datamart and Curated Table :: TYPE_ID
Column Name found in Datamart and Curated Table :: MODIFIEDON
Column Name found in Datamart and Curated Table :: ACTIVATEDFROM_ID
Column Name found in Datamart and Curated Table :: BILLINGFREQUENCY
Column Name found in Datamart and Curated Table :: CREATEDON
Column Name found in Datamart and Curated Table :: INVOICETEMPLATE_ID
Column Name found in Datamart and Curated Table :: MEMO
Column Name found in Datamart and Curated Table :: RENEWALMEMBERSHIPTASKREFERENCE_SKUTYPE
Column Name found in Datamart and Curated Table :: BILLINGTEMPLATE_ID
Column Name found in Datamart and Curated Table :: INITIALDEFERREDREVENUE
Column Name found in Datamart and Curated Table :: IMPORTID
Column Name found in Datamart and Curated Table :: ACTIVATEDBY_ID
Column Name found in Datamart and Curated Table :: BILLINGPREFERENCE
Column Name found in Datamart and Curated Table :: BUSINESSUNIT_ID
Column Name found in Datamart and Curated Table :: CUSTOMER_ID
Column Name found in Datamart and Curated Table :: FOLLOWUPCUSTOMSTATUS_ID
Column Name found in Datamart and Curated Table :: STATUS
Column Name found in Datamart and Curated Table :: EXPIREDAT
Column Name found in Datamart and Curated Table :: ACTIVE
Column Name found in Datamart and Curated Table :: BILLINGCOVERAGEPERIOD
Column Name found in Datamart and Curated Table :: FROM
Column Name found in Datamart and Curated Table :: RENEWALBILLINGFREQUENCY
Column Name found in Datamart and Curated Table :: RENEWEDBY_ID
Column Name found in Datamart and Curated Table :: CANCELATIONBALANCEINVOICE_ID
Column Name found in Datamart and Curated Table :: FOLLOWUPON
Column Name found in Datamart and Curated Table :: BILLINGEMAIL_ID
Column Name found in Datamart and Curated Table :: CANCELATIONBUYOUTINVOICE_ID
Column Name found in Datamart and Curated Table :: FIRSTSCHEDULEDBILLDATE
Column Name found in Datamart and Curated Table :: CANCELATIONINVOICE_ID
Column Name found in Datamart and Curated Table :: RENEWALMEMBERSHIPTASK_ID
Column Name found in Datamart and Curated Table :: SOLDBY_ID
Column Name found in Datamart and Curated Table :: TO
Column Name found in Datamart and Curated Table :: PAYMENTMETHOD_ID
Column Name found in Datamart and Curated Table :: TENANT_TYPE
Datamart tables contains additional column name like [ACTIVE_FLAG, RECORD_CREATE_DATE, RECORD_UPDATE_DATE, MASTER_ID]
Curated tables contains additional column name like [RECORD_CREATE_DATE, RECORD_UPDATE_DATE, RECORD_UPDATED_BY]]]>
  </system-out>
  <testcase classname="testcases.RAW_DATAMART_CURATED.SnowFlake_ColumnValidation_APITables" name="validateColumnName_BKP" time="2.259"/>
  <system-out>
    <![CDATA[Executing Snowflake query :: SELECT COLUMN_NAME FROM DEV_ENT_RAW.INFORMATION_SCHEMA.COLUMNS WHERE TABLE_NAME='ST_API_MATERIALVENDORSUBACCOUNT'and TABLE_SCHEMA='API_MAT'
Executing Snowflake query :: SELECT COLUMN_NAME FROM CURATED_DATAMART.INFORMATION_SCHEMA.COLUMNS WHERE TABLE_NAME='STR_API_MATERIALVENDORSUBACCOUNT'and TABLE_SCHEMA='ST_API_HORIZONSERVICES'
Executing Snowflake query :: SELECT COLUMN_NAME FROM DEV_ENT_CURATED.INFORMATION_SCHEMA.COLUMNS WHERE TABLE_NAME='DIM_MATERIALVENDORSUBACCOUNT'and TABLE_SCHEMA='MASTER_DIMENSIONS'
Column names for RAW Table --> ST_API_MATERIALVENDORSUBACCOUNT :: [MATERIALVENDOR_ID, ACCOUNTNAME, ACTIVE, COST, CREATEDBY_ID, ID, CREATEDON, IMPORTID, TENANT_TYPE]
Column names for DataMart Table --> STR_API_MATERIALVENDORSUBACCOUNT :: [COST, CREATEDBY_ID, MASTER_ID, ACTIVE, ACTIVE_FLAG, ID, IMPORTID, MATERIALVENDOR_ID, RECORD_UPDATE_DATE, ACCOUNTNAME, CREATEDON, TENANT_TYPE, RECORD_CREATE_DATE]
Column names for Curated Table --> DIM_MATERIALVENDORSUBACCOUNT :: [RECORD_CREATE_DATE, IMPORTID, ACTIVE, CREATEDBY_ID, CREATEDON, ID, RECORD_UPDATE_DATE, TENANT_TYPE, RECORD_UPDATED_BY, ACCOUNTNAME, MATERIALVENDOR_ID, COST]
Column Name found in Datamart and Curated Table :: MATERIALVENDOR_ID
Column Name found in Datamart and Curated Table :: ACCOUNTNAME
Column Name found in Datamart and Curated Table :: ACTIVE
Column Name found in Datamart and Curated Table :: COST
Column Name found in Datamart and Curated Table :: CREATEDBY_ID
Column Name found in Datamart and Curated Table :: ID
Column Name found in Datamart and Curated Table :: CREATEDON
Column Name found in Datamart and Curated Table :: IMPORTID
Column Name found in Datamart and Curated Table :: TENANT_TYPE
Datamart tables contains additional column name like [ACTIVE_FLAG, RECORD_CREATE_DATE, RECORD_UPDATE_DATE, MASTER_ID]
Curated tables contains additional column name like [RECORD_CREATE_DATE, RECORD_UPDATE_DATE, RECORD_UPDATED_BY]]]>
  </system-out>
  <testcase classname="testcases.RAW_DATAMART_CURATED.SnowFlake_ColumnValidation_APITables" name="validateColumnName_BKP" time="3.684"/>
  <system-out>
    <![CDATA[Executing Snowflake query :: SELECT COLUMN_NAME FROM DEV_ENT_RAW.INFORMATION_SCHEMA.COLUMNS WHERE TABLE_NAME='ST_API_CONTACT'and TABLE_SCHEMA='API_MAT'
Executing Snowflake query :: SELECT COLUMN_NAME FROM CURATED_DATAMART.INFORMATION_SCHEMA.COLUMNS WHERE TABLE_NAME='STR_API_CONTACT'and TABLE_SCHEMA='ST_API_MAITZ'
Executing Snowflake query :: SELECT COLUMN_NAME FROM DEV_ENT_CURATED.INFORMATION_SCHEMA.COLUMNS WHERE TABLE_NAME='DIM_CONTACT'and TABLE_SCHEMA='MASTER_DIMENSIONS'
Column names for RAW Table --> ST_API_CONTACT :: [OWNER_ID, VALUE, ACTIVE, MEMO, INVOICESTATEMENTNOTIFICATION, ID, TYPE, IMPORTID, MARKETINGUPDATESENABLED, CREATEDON, JOBREMINDERSENABLED, CREATEDBY_ID, MESSAGESENABLED, MODIFIEDON, REVERSEPHONE, TENANT_TYPE]
Column names for DataMart Table --> STR_API_CONTACT :: [CREATEDON, MODIFIEDON, TENANT_TYPE, JOBREMINDERSENABLED, MARKETINGUPDATESENABLED, MESSAGESENABLED, ID, INVOICESTATEMENTNOTIFICATION, MEMO, RECORD_UPDATE_DATE, IMPORTID, RECORD_CREATE_DATE, TYPE, OWNER_ID, ACTIVE, CREATEDBY_ID, REVERSEPHONE, ACTIVE_FLAG, VALUE, MASTER_ID]
Column names for Curated Table --> DIM_CONTACT :: [MESSAGESENABLED, MODIFIEDON, CREATEDON, MEMO, OWNER_ID, CREATEDBY_ID, MARKETINGUPDATESENABLED, REVERSEPHONE, ID, IMPORTID, JOBREMINDERSENABLED, INVOICESTATEMENTNOTIFICATION, RECORD_CREATE_DATE, RECORD_UPDATED_BY, TENANT_TYPE, ACTIVE, RECORD_UPDATE_DATE, VALUE, TYPE]
Column Name found in Datamart and Curated Table :: OWNER_ID
Column Name found in Datamart and Curated Table :: VALUE
Column Name found in Datamart and Curated Table :: ACTIVE
Column Name found in Datamart and Curated Table :: MEMO
Column Name found in Datamart and Curated Table :: INVOICESTATEMENTNOTIFICATION
Column Name found in Datamart and Curated Table :: ID
Column Name found in Datamart and Curated Table :: TYPE
Column Name found in Datamart and Curated Table :: IMPORTID
Column Name found in Datamart and Curated Table :: MARKETINGUPDATESENABLED
Column Name found in Datamart and Curated Table :: CREATEDON
Column Name found in Datamart and Curated Table :: JOBREMINDERSENABLED
Column Name found in Datamart and Curated Table :: CREATEDBY_ID
Column Name found in Datamart and Curated Table :: MESSAGESENABLED
Column Name found in Datamart and Curated Table :: MODIFIEDON
Column Name found in Datamart and Curated Table :: REVERSEPHONE
Column Name found in Datamart and Curated Table :: TENANT_TYPE
Datamart tables contains additional column name like [ACTIVE_FLAG, RECORD_CREATE_DATE, RECORD_UPDATE_DATE, MASTER_ID]
Curated tables contains additional column name like [RECORD_CREATE_DATE, RECORD_UPDATE_DATE, RECORD_UPDATED_BY]]]>
  </system-out>
  <testcase classname="testcases.RAW_DATAMART_CURATED.SnowFlake_ColumnValidation_APITables" name="validateColumnName_BKP" time="2.270">
    <failure message="The following asserts failed:
	null,
	null" type="java.lang.AssertionError">
      <![CDATA[java.lang.AssertionError: The following asserts failed:
null,
null
at org.testng.asserts.SoftAssert.assertAll(SoftAssert.java:47)
at org.testng.asserts.SoftAssert.assertAll(SoftAssert.java:31)
at testcases.RAW_DATAMART_CURATED.SnowFlake_ColumnValidation_APITables.validateColumnName_BKP(SnowFlake_ColumnValidation_APITables.java:128)
at jdk.internal.reflect.GeneratedMethodAccessor38.invoke(Unknown Source)
at java.base/jdk.internal.reflect.DelegatingMethodAccessorImpl.invoke(DelegatingMethodAccessorImpl.java:43)
at java.base/java.lang.reflect.Method.invoke(Method.java:568)
at org.testng.internal.MethodInvocationHelper.invokeMethod(MethodInvocationHelper.java:133)
at org.testng.internal.TestInvoker.invokeMethod(TestInvoker.java:598)
at org.testng.internal.TestInvoker.invokeTestMethod(TestInvoker.java:173)
at org.testng.internal.MethodRunner.runInSequence(MethodRunner.java:46)
at org.testng.internal.TestInvoker$MethodInvocationAgent.invoke(TestInvoker.java:824)
at org.testng.internal.TestInvoker.invokeTestMethods(TestInvoker.java:146)
at org.testng.internal.TestMethodWorker.invokeTestMethods(TestMethodWorker.java:146)
at org.testng.internal.TestMethodWorker.run(TestMethodWorker.java:128)
at java.base/java.util.ArrayList.forEach(ArrayList.java:1511)
at org.testng.TestRunner.privateRun(TestRunner.java:794)
at org.testng.TestRunner.run(TestRunner.java:596)
at org.testng.SuiteRunner.runTest(SuiteRunner.java:377)
at org.testng.SuiteRunner.runSequentially(SuiteRunner.java:371)
at org.testng.SuiteRunner.privateRun(SuiteRunner.java:332)
at org.testng.SuiteRunner.run(SuiteRunner.java:276)
at org.testng.SuiteRunnerWorker.runSuite(SuiteRunnerWorker.java:53)
at org.testng.SuiteRunnerWorker.run(SuiteRunnerWorker.java:96)
at org.testng.TestNG.runSuitesSequentially(TestNG.java:1212)
at org.testng.TestNG.runSuitesLocally(TestNG.java:1134)
at org.testng.TestNG.runSuites(TestNG.java:1063)
at org.testng.TestNG.run(TestNG.java:1031)
at org.testng.remote.AbstractRemoteTestNG.run(AbstractRemoteTestNG.java:115)
at org.testng.remote.RemoteTestNG.initAndRun(RemoteTestNG.java:251)
at org.testng.remote.RemoteTestNG.main(RemoteTestNG.java:77)
]]>
    </failure>
  </testcase> <!-- validateColumnName_BKP -->
  <system-out>
    <![CDATA[Executing Snowflake query :: SELECT COLUMN_NAME FROM DEV_ENT_RAW.INFORMATION_SCHEMA.COLUMNS WHERE TABLE_NAME='ST_API_PROJECT'and TABLE_SCHEMA='API_MAT'
Executing Snowflake query :: SELECT COLUMN_NAME FROM CURATED_DATAMART.INFORMATION_SCHEMA.COLUMNS WHERE TABLE_NAME='STR_API_PROJECT'and TABLE_SCHEMA='ST_API_GOLDMEDAL'
Executing Snowflake query :: SELECT COLUMN_NAME FROM DEV_ENT_CURATED.INFORMATION_SCHEMA.COLUMNS WHERE TABLE_NAME='DIM_PROJECT'and TABLE_SCHEMA='MASTER_DIMENSIONS'
Column names for RAW Table --> ST_API_PROJECT :: [ACTIVE, AREITEMSREORDERED, CUSTOMER_ID, NAME, NUMBER, PROJECTSETTINGSTYPE, TECHNICIANSIGNATURE, SUMMARY, MODIFIEDON, ACKNOWLEDGEMENTSIGNATURE, COMPLETEDON, COMPLETIONPERCENT, COSTTOCOMPLETE, CREATEDBY_ID, CREATEDON, IMPORTID, COMPLETEDONACTUAL, ID, CONTRACTESTIMATE_ID, AUTHORIZATIONSIGNATURE, CONTRACTSTARTDATE, STARTEDON, CONTRACTFOR, ISRETAINAGEENABLED, ISPREVAILINGWAGE, LOCATION_ID, PAYMENTTERM_ID, RETAINAGEPERCENT, REVENUERECOGNITIONMETHOD, TENANT_TYPE]
Column names for DataMart Table --> STR_API_PROJECT :: [COMPLETEDON, COMPLETEDONACTUAL, TECHNICIANSIGNATURE, TENANT_TYPE, ISPREVAILINGWAGE, ISRETAINAGEENABLED, ACKNOWLEDGEMENTSIGNATURE, CONTRACTFOR, CONTRACTSTARTDATE, RECORD_CREATE_DATE, MD5_VALUE, NUMBER, PAYMENTTERM_ID, PROJECTSETTINGSTYPE, RECORD_UPDATE_DATE, CONTRACTESTIMATE_ID, NAME, AUTHORIZATIONSIGNATURE, SUMMARY, ACTIVE_FLAG, CUSTOMER_ID, IMPORTID, AREITEMSREORDERED, CREATEDBY_ID, COMPLETIONPERCENT, LOCATION_ID, MODIFIEDON, STARTEDON, RETAINAGEPERCENT, ACTIVE, CREATEDON, ID, MASTER_ID]
Column names for Curated Table --> DIM_PROJECT :: [RECORD_UPDATE_DATE, ACTIVE, AUTHORIZATIONSIGNATURE, COMPLETEDON, RETAINAGEPERCENT, IMPORTID, CONTRACTFOR, CONTRACTSTARTDATE, ID, ISRETAINAGEENABLED, RECORD_CREATE_DATE, RECORD_UPDATED_BY, TENANT_TYPE, PROJECTSETTINGSTYPE, TECHNICIANSIGNATURE, ISPREVAILINGWAGE, MD5_VALUE, NAME, PAYMENTTERM_ID, COMPLETEDONACTUAL, CUSTOMER_ID, NUMBER, AREITEMSREORDERED, CREATEDON, LOCATION_ID, MODIFIEDON, STARTEDON, ACKNOWLEDGEMENTSIGNATURE, COMPLETIONPERCENT, CONTRACTESTIMATE_ID, SUMMARY, CREATEDBY_ID, REVENUERECOGNITIONMETHOD]
Column Name found in Datamart and Curated Table :: ACTIVE
Column Name found in Datamart and Curated Table :: AREITEMSREORDERED
Column Name found in Datamart and Curated Table :: CUSTOMER_ID
Column Name found in Datamart and Curated Table :: NAME
Column Name found in Datamart and Curated Table :: NUMBER
Column Name found in Datamart and Curated Table :: PROJECTSETTINGSTYPE
Column Name found in Datamart and Curated Table :: TECHNICIANSIGNATURE
Column Name found in Datamart and Curated Table :: SUMMARY
Column Name found in Datamart and Curated Table :: MODIFIEDON
Column Name found in Datamart and Curated Table :: ACKNOWLEDGEMENTSIGNATURE
Column Name found in Datamart and Curated Table :: COMPLETEDON
Column Name found in Datamart and Curated Table :: COMPLETIONPERCENT
Column Name not found in Datamart and Curated Table :: COSTTOCOMPLETE
Column Name found in Datamart and Curated Table :: CREATEDBY_ID
Column Name found in Datamart and Curated Table :: CREATEDON
Column Name found in Datamart and Curated Table :: IMPORTID
Column Name found in Datamart and Curated Table :: COMPLETEDONACTUAL
Column Name found in Datamart and Curated Table :: ID
Column Name found in Datamart and Curated Table :: CONTRACTESTIMATE_ID
Column Name found in Datamart and Curated Table :: AUTHORIZATIONSIGNATURE
Column Name found in Datamart and Curated Table :: CONTRACTSTARTDATE
Column Name found in Datamart and Curated Table :: STARTEDON
Column Name found in Datamart and Curated Table :: CONTRACTFOR
Column Name found in Datamart and Curated Table :: ISRETAINAGEENABLED
Column Name found in Datamart and Curated Table :: ISPREVAILINGWAGE
Column Name found in Datamart and Curated Table :: LOCATION_ID
Column Name found in Datamart and Curated Table :: PAYMENTTERM_ID
Column Name found in Datamart and Curated Table :: RETAINAGEPERCENT
Column Name not found in Datamart and Curated Table :: REVENUERECOGNITIONMETHOD
Column Name found in Datamart and Curated Table :: TENANT_TYPE
Datamart tables contains additional column name like [ACTIVE_FLAG, RECORD_CREATE_DATE, RECORD_UPDATE_DATE, MASTER_ID]
Curated tables contains additional column name like [RECORD_CREATE_DATE, RECORD_UPDATE_DATE, RECORD_UPDATED_BY]]]>
  </system-out>
  <testcase classname="testcases.RAW_DATAMART_CURATED.SnowFlake_ColumnValidation_APITables" name="validateColumnName_BKP" time="2.139"/>
  <system-out>
    <![CDATA[Executing Snowflake query :: SELECT COLUMN_NAME FROM DEV_ENT_RAW.INFORMATION_SCHEMA.COLUMNS WHERE TABLE_NAME='ST_API_ZONE'and TABLE_SCHEMA='API_MAT'
Executing Snowflake query :: SELECT COLUMN_NAME FROM CURATED_DATAMART.INFORMATION_SCHEMA.COLUMNS WHERE TABLE_NAME='STR_API_ZONE'and TABLE_SCHEMA='ST_API_BILLFENWICK'
Executing Snowflake query :: SELECT COLUMN_NAME FROM DEV_ENT_CURATED.INFORMATION_SCHEMA.COLUMNS WHERE TABLE_NAME='DIM_ZONE'and TABLE_SCHEMA='MASTER_DIMENSIONS'
Column names for RAW Table --> ST_API_ZONE :: [LOCNNUMBERS, MODIFIEDON, CREATEDON, COLOR, ID, SERVICEDAYSENABLED, CREATEDBY_ID, IMPORTID, ACTIVE, NAME, TERRITORYNUMBERS, CITIES, SERVICEDAYS, ZIPS, MAXDRIVETIMEADJUSTMENT, TENANT_TYPE]
Column names for DataMart Table --> STR_API_ZONE :: [ACTIVE_FLAG, IMPORTID, SERVICEDAYS, SERVICEDAYSENABLED, CITIES, TENANT_TYPE, NAME, MODIFIEDON, RECORD_CREATE_DATE, ACTIVE, CREATEDBY_ID, LOCNNUMBERS, MASTER_ID, RECORD_UPDATE_DATE, ZIPS, COLOR, MAXDRIVETIMEADJUSTMENT, TERRITORYNUMBERS, CREATEDON, ID]
Column names for Curated Table --> DIM_ZONE :: [CREATEDON, ID, ZIPS, CITIES, IMPORTID, LOCNNUMBERS, MODIFIEDON, NAME, SERVICEDAYS, TENANT_TYPE, MAXDRIVETIMEADJUSTMENT, TERRITORYNUMBERS, RECORD_CREATE_DATE, ACTIVE, CREATEDBY_ID, SERVICEDAYSENABLED, RECORD_UPDATE_DATE, COLOR, RECORD_UPDATED_BY]
Column Name found in Datamart and Curated Table :: LOCNNUMBERS
Column Name found in Datamart and Curated Table :: MODIFIEDON
Column Name found in Datamart and Curated Table :: CREATEDON
Column Name found in Datamart and Curated Table :: COLOR
Column Name found in Datamart and Curated Table :: ID
Column Name found in Datamart and Curated Table :: SERVICEDAYSENABLED
Column Name found in Datamart and Curated Table :: CREATEDBY_ID
Column Name found in Datamart and Curated Table :: IMPORTID
Column Name found in Datamart and Curated Table :: ACTIVE
Column Name found in Datamart and Curated Table :: NAME
Column Name found in Datamart and Curated Table :: TERRITORYNUMBERS
Column Name found in Datamart and Curated Table :: CITIES
Column Name found in Datamart and Curated Table :: SERVICEDAYS
Column Name found in Datamart and Curated Table :: ZIPS
Column Name found in Datamart and Curated Table :: MAXDRIVETIMEADJUSTMENT
Column Name found in Datamart and Curated Table :: TENANT_TYPE
Datamart tables contains additional column name like [ACTIVE_FLAG, RECORD_CREATE_DATE, RECORD_UPDATE_DATE, MASTER_ID]
Curated tables contains additional column name like [RECORD_CREATE_DATE, RECORD_UPDATE_DATE, RECORD_UPDATED_BY]]]>
  </system-out>
  <testcase classname="testcases.RAW_DATAMART_CURATED.SnowFlake_ColumnValidation_APITables" name="validateColumnName_BKP" time="2.356"/>
  <system-out>
    <![CDATA[Executing Snowflake query :: SELECT COLUMN_NAME FROM DEV_ENT_RAW.INFORMATION_SCHEMA.COLUMNS WHERE TABLE_NAME='ST_API_JOBCOMPLETIONSURVEY'and TABLE_SCHEMA='API_MAT'
Executing Snowflake query :: SELECT COLUMN_NAME FROM CURATED_DATAMART.INFORMATION_SCHEMA.COLUMNS WHERE TABLE_NAME='STR_API_JOBCOMPLETIONSURVEY'and TABLE_SCHEMA='ST_API_SNELLHEATINGAIR'
Executing Snowflake query :: SELECT COLUMN_NAME FROM DEV_ENT_CURATED.INFORMATION_SCHEMA.COLUMNS WHERE TABLE_NAME='DIM_JOBCOMPLETIONSURVEY'and TABLE_SCHEMA='MASTER_DIMENSIONS'
Column names for RAW Table --> ST_API_JOBCOMPLETIONSURVEY :: [SENTON, ISPLANNINGTOUSEAGAIN, ISROUTINECOMPLETED, MEMO, RECOMMENDATIONS, STATUS, TOKEN, ID, JOBCOMPLETEDON, SUBMITCOUNT, JOBID, MODIFIEDON, COMPLETEDON, RATING, SURVEYTYPE, TENANT_TYPE]
Column names for DataMart Table --> STR_API_JOBCOMPLETIONSURVEY :: [MODIFIEDON, RECOMMENDATIONS, TOKEN, COMPLETEDON, SURVEYTYPE, JOBCOMPLETEDON, ID, ISPLANNINGTOUSEAGAIN, ISROUTINECOMPLETED, MASTER_ID, SUBMITCOUNT, RATING, ACTIVE_FLAG, RECORD_UPDATE_DATE, TENANT_TYPE, JOBID, MEMO, RECORD_CREATE_DATE, SENTON, STATUS]
Column names for Curated Table --> DIM_JOBCOMPLETIONSURVEY :: [ID, JOBCOMPLETEDON, SUBMITCOUNT, ISROUTINECOMPLETED, MEMO, RECORD_UPDATED_BY, STATUS, JOBID, RECORD_UPDATE_DATE, TENANT_TYPE, MODIFIEDON, SURVEYTYPE, COMPLETEDON, ISPLANNINGTOUSEAGAIN, RATING, SENTON, RECOMMENDATIONS, RECORD_CREATE_DATE, TOKEN]
Column Name found in Datamart and Curated Table :: SENTON
Column Name found in Datamart and Curated Table :: ISPLANNINGTOUSEAGAIN
Column Name found in Datamart and Curated Table :: ISROUTINECOMPLETED
Column Name found in Datamart and Curated Table :: MEMO
Column Name found in Datamart and Curated Table :: RECOMMENDATIONS
Column Name found in Datamart and Curated Table :: STATUS
Column Name found in Datamart and Curated Table :: TOKEN
Column Name found in Datamart and Curated Table :: ID
Column Name found in Datamart and Curated Table :: JOBCOMPLETEDON
Column Name found in Datamart and Curated Table :: SUBMITCOUNT
Column Name found in Datamart and Curated Table :: JOBID
Column Name found in Datamart and Curated Table :: MODIFIEDON
Column Name found in Datamart and Curated Table :: COMPLETEDON
Column Name found in Datamart and Curated Table :: RATING
Column Name found in Datamart and Curated Table :: SURVEYTYPE
Column Name found in Datamart and Curated Table :: TENANT_TYPE
Datamart tables contains additional column name like [ACTIVE_FLAG, RECORD_CREATE_DATE, RECORD_UPDATE_DATE, MASTER_ID]
Curated tables contains additional column name like [RECORD_CREATE_DATE, RECORD_UPDATE_DATE, RECORD_UPDATED_BY]]]>
  </system-out>
  <testcase classname="testcases.RAW_DATAMART_CURATED.SnowFlake_ColumnValidation_APITables" name="validateColumnName_BKP" time="2.209"/>
  <system-out>
    <![CDATA[Executing Snowflake query :: SELECT COLUMN_NAME FROM DEV_ENT_RAW.INFORMATION_SCHEMA.COLUMNS WHERE TABLE_NAME='ST_API_ESTIMATE'and TABLE_SCHEMA='API_MAT'
Executing Snowflake query :: SELECT COLUMN_NAME FROM CURATED_DATAMART.INFORMATION_SCHEMA.COLUMNS WHERE TABLE_NAME='STR_API_ESTIMATE'and TABLE_SCHEMA='ST_API_CASTEEL'
Executing Snowflake query :: SELECT COLUMN_NAME FROM DEV_ENT_CURATED.INFORMATION_SCHEMA.COLUMNS WHERE TABLE_NAME='DIM_ESTIMATE'and TABLE_SCHEMA='MASTER_DIMENSIONS'
Column names for RAW Table --> ST_API_ESTIMATE :: [BUSINESSUNIT_ID, JOB_ID, MATERIALTAX, PROJECTLABELS, STATUS, PROPOSALTAGCOLOR, CLAIM_ID, ISCHANGEORDER, MATERIALSKUREFERENCE_SKUID, MODIFIEDON, SUMMARY, TECHNICIANPICKEDSOLDTYPE, ISRECOMMENDED, PROPOSALTAGNAME, CREATEDBY_ID, TAX, AUTHORIZEDON, ORDER, OPPORTUNITY_ID, FEETOTAL, IMPORTID, LABORTAX, SOLDBY_ID, SOLDINVOICE_ID, AUTHORIZATIONSIGNATURE, LOCATION_ID, PROCUREMENTTYPE, SOLDBYEMPLOYEE_ID, DISCOUNTTOTAL, TECHNICIANSIGNATURE, ACTIVE, MATERIALSKU_ID, MATERIALSKUREFERENCE_SKUTYPE, RENEWABLEMEMBERSHIP_ID, NAME, SOLDON, TOTALCOST, CREATEDON, TOTAL, ID, SOLDTYPE, PROJECTOPPORTUNITY_ID, TENANT_TYPE]
Column names for DataMart Table --> STR_API_ESTIMATE :: [AUTHORIZEDON, ID, MATERIALSKU_ID, TENANT_TYPE, TOTALCOST, TOTAL, PROPOSALTAGNAME, ISCHANGEORDER, JOB_ID, MATERIALSKUREFERENCE_SKUID, RECORD_CREATE_DATE, TECHNICIANPICKEDSOLDTYPE, PROJECTLABELS, SOLDTYPE, ACTIVE, ISRECOMMENDED, PROPOSALTAGCOLOR, SOLDINVOICE_ID, MATERIALSKUREFERENCE_SKUTYPE, CREATEDON, DISCOUNTTOTAL, SOLDBYEMPLOYEE_ID, ORDER, STATUS, TECHNICIANSIGNATURE, AUTHORIZATIONSIGNATURE, CREATEDBY_ID, FEETOTAL, NAME, BUSINESSUNIT_ID, MODIFIEDON, RENEWABLEMEMBERSHIP_ID, MATERIALTAX, IMPORTID, OPPORTUNITY_ID, SOLDBY_ID, PROJECTOPPORTUNITY_ID, ACTIVE_FLAG, CLAIM_ID, LABORTAX, LOCATION_ID, MASTER_ID, PROCUREMENTTYPE, SOLDON, RECORD_UPDATE_DATE, SUMMARY, TAX]
Column names for Curated Table --> DIM_ESTIMATE :: [CREATEDON, DISCOUNTTOTAL, LOCATION_ID, OPPORTUNITY_ID, PROPOSALTAGCOLOR, PROPOSALTAGNAME, SOLDINVOICE_ID, TENANT_TYPE, RECORD_UPDATED_BY, TOTALCOST, ISCHANGEORDER, NAME, BUSINESSUNIT_ID, FEETOTAL, MATERIALSKUREFERENCE_SKUTYPE, ISRECOMMENDED, ORDER, STATUS, TOTAL, SOLDTYPE, AUTHORIZEDON, CREATEDBY_ID, LABORTAX, PROCUREMENTTYPE, SOLDBYEMPLOYEE_ID, SOLDBY_ID, IMPORTID, MATERIALSKU_ID, TAX, TECHNICIANPICKEDSOLDTYPE, RENEWABLEMEMBERSHIP_ID, TECHNICIANSIGNATURE, MODIFIEDON, CLAIM_ID, ID, MATERIALSKUREFERENCE_SKUID, SOLDON, PROJECTLABELS, JOB_ID, ACTIVE, AUTHORIZATIONSIGNATURE, MATERIALTAX, PROJECTOPPORTUNITY_ID, RECORD_CREATE_DATE, SUMMARY, RECORD_UPDATE_DATE]
Column Name found in Datamart and Curated Table :: BUSINESSUNIT_ID
Column Name found in Datamart and Curated Table :: JOB_ID
Column Name found in Datamart and Curated Table :: MATERIALTAX
Column Name found in Datamart and Curated Table :: PROJECTLABELS
Column Name found in Datamart and Curated Table :: STATUS
Column Name found in Datamart and Curated Table :: PROPOSALTAGCOLOR
Column Name found in Datamart and Curated Table :: CLAIM_ID
Column Name found in Datamart and Curated Table :: ISCHANGEORDER
Column Name found in Datamart and Curated Table :: MATERIALSKUREFERENCE_SKUID
Column Name found in Datamart and Curated Table :: MODIFIEDON
Column Name found in Datamart and Curated Table :: SUMMARY
Column Name found in Datamart and Curated Table :: TECHNICIANPICKEDSOLDTYPE
Column Name found in Datamart and Curated Table :: ISRECOMMENDED
Column Name found in Datamart and Curated Table :: PROPOSALTAGNAME
Column Name found in Datamart and Curated Table :: CREATEDBY_ID
Column Name found in Datamart and Curated Table :: TAX
Column Name found in Datamart and Curated Table :: AUTHORIZEDON
Column Name found in Datamart and Curated Table :: ORDER
Column Name found in Datamart and Curated Table :: OPPORTUNITY_ID
Column Name found in Datamart and Curated Table :: FEETOTAL
Column Name found in Datamart and Curated Table :: IMPORTID
Column Name found in Datamart and Curated Table :: LABORTAX
Column Name found in Datamart and Curated Table :: SOLDBY_ID
Column Name found in Datamart and Curated Table :: SOLDINVOICE_ID
Column Name found in Datamart and Curated Table :: AUTHORIZATIONSIGNATURE
Column Name found in Datamart and Curated Table :: LOCATION_ID
Column Name found in Datamart and Curated Table :: PROCUREMENTTYPE
Column Name found in Datamart and Curated Table :: SOLDBYEMPLOYEE_ID
Column Name found in Datamart and Curated Table :: DISCOUNTTOTAL
Column Name found in Datamart and Curated Table :: TECHNICIANSIGNATURE
Column Name found in Datamart and Curated Table :: ACTIVE
Column Name found in Datamart and Curated Table :: MATERIALSKU_ID
Column Name found in Datamart and Curated Table :: MATERIALSKUREFERENCE_SKUTYPE
Column Name found in Datamart and Curated Table :: RENEWABLEMEMBERSHIP_ID
Column Name found in Datamart and Curated Table :: NAME
Column Name found in Datamart and Curated Table :: SOLDON
Column Name found in Datamart and Curated Table :: TOTALCOST
Column Name found in Datamart and Curated Table :: CREATEDON
Column Name found in Datamart and Curated Table :: TOTAL
Column Name found in Datamart and Curated Table :: ID
Column Name found in Datamart and Curated Table :: SOLDTYPE
Column Name found in Datamart and Curated Table :: PROJECTOPPORTUNITY_ID
Column Name found in Datamart and Curated Table :: TENANT_TYPE
Datamart tables contains additional column name like [ACTIVE_FLAG, RECORD_CREATE_DATE, RECORD_UPDATE_DATE, MASTER_ID]
Curated tables contains additional column name like [RECORD_CREATE_DATE, RECORD_UPDATE_DATE, RECORD_UPDATED_BY]]]>
  </system-out>
  <testcase classname="testcases.RAW_DATAMART_CURATED.SnowFlake_ColumnValidation_APITables" name="validateColumnName_BKP" time="3.173"/>
  <system-out>
    <![CDATA[Executing Snowflake query :: SELECT COLUMN_NAME FROM DEV_ENT_RAW.INFORMATION_SCHEMA.COLUMNS WHERE TABLE_NAME='ST_API_TIMESHEETCODE'and TABLE_SCHEMA='API_MAT'
Executing Snowflake query :: SELECT COLUMN_NAME FROM CURATED_DATAMART.INFORMATION_SCHEMA.COLUMNS WHERE TABLE_NAME='STR_API_TIMESHEETCODE'and TABLE_SCHEMA='ST_API_EANESHEATING'
Executing Snowflake query :: SELECT COLUMN_NAME FROM DEV_ENT_CURATED.INFORMATION_SCHEMA.COLUMNS WHERE TABLE_NAME='DIM_TIMESHEETCODE'and TABLE_SCHEMA='MASTER_DIMENSIONS'
Column names for RAW Table --> ST_API_TIMESHEETCODE :: [ADDRESS_ZIP, ROUTEAROUNDNJA, IMPORTID, RATEMULTIPLIER, STANDARDPAYROLLCONTROLCODE_ID, ADDRESS_COUNTRY, CODE, COUNTONJOBCOUNTER, OVERTIMEPAYROLLCONTROLCODE_ID, PAYROLLPOSTINGGROUP_ID, OVERTIMEPAYCODE_ID, ADDRESS_STREET, BUSINESSUNIT_ID, EXCLUDEABSENTEVENT, HOURLYRATE, SENDALERTSONMOBILE, VISIBILITY, ACTIVE, ID, TYPE, ADDRESS_ISMILITARY, ADDRESS_STATE, CREATEDBY_ID, APPLICABLEEMPLOYEETYPE, DOUBLEOVERTIMEPAYCODE_ID, GEOFENCECLOCKINMODE, STANDARDPAYCODE_ID, ADDRESS_LONGITUDE, DEDUCTCOMMUTETIME, EVENTNAME, STPAYCODE, ENABLESIMPLECLOCKINOUT, OTPAYCODE, CREATEDON, ADDRESS_CITY, ADDRESS_ISMANUALCOORDINATES, ADDRESS_LATITUDE, ADDRESS_UNIT, DESCRIPTION, ISDEFAULTSHOPTIME, CUSTOMHOURLYRATE, ISAUTOCLOCKINENABLED, TENANT_TYPE]
Column names for DataMart Table --> STR_API_TIMESHEETCODE :: [ADDRESS_LATITUDE, EXCLUDEABSENTEVENT, GEOFENCECLOCKINMODE, HOURLYRATE, OVERTIMEPAYCODE_ID, ADDRESS_CITY, ADDRESS_STATE, TENANT_TYPE, ACTIVE_FLAG, DEDUCTCOMMUTETIME, ADDRESS_COUNTRY, ADDRESS_ISMANUALCOORDINATES, ADDRESS_LONGITUDE, ADDRESS_STREET, CODE, IMPORTID, OTPAYCODE, RATEMULTIPLIER, RECORD_CREATE_DATE, STANDARDPAYROLLCONTROLCODE_ID, RECORD_UPDATE_DATE, ROUTEAROUNDNJA, BUSINESSUNIT_ID, CREATEDON, ID, MASTER_ID, VISIBILITY, SENDALERTSONMOBILE, ADDRESS_ISMILITARY, APPLICABLEEMPLOYEETYPE, CUSTOMHOURLYRATE, EVENTNAME, STANDARDPAYCODE_ID, TYPE, DOUBLEOVERTIMEPAYCODE_ID, PAYROLLPOSTINGGROUP_ID, STPAYCODE, DESCRIPTION, ADDRESS_UNIT, ADDRESS_ZIP, ACTIVE, COUNTONJOBCOUNTER, ENABLESIMPLECLOCKINOUT, ISAUTOCLOCKINENABLED, ISDEFAULTSHOPTIME, CREATEDBY_ID, OVERTIMEPAYROLLCONTROLCODE_ID]
Column names for Curated Table --> DIM_TIMESHEETCODE :: [ADDRESS_STREET, ADDRESS_ZIP, CUSTOMHOURLYRATE, DOUBLEOVERTIMEPAYCODE_ID, ENABLESIMPLECLOCKINOUT, DESCRIPTION, ADDRESS_ISMANUALCOORDINATES, ADDRESS_LONGITUDE, IMPORTID, CREATEDON, DEDUCTCOMMUTETIME, ID, ADDRESS_LATITUDE, CREATEDBY_ID, GEOFENCECLOCKINMODE, ROUTEAROUNDNJA, HOURLYRATE, RECORD_UPDATED_BY, RECORD_UPDATE_DATE, ADDRESS_UNIT, CODE, STANDARDPAYCODE_ID, OTPAYCODE, STPAYCODE, APPLICABLEEMPLOYEETYPE, OVERTIMEPAYCODE_ID, RATEMULTIPLIER, STANDARDPAYROLLCONTROLCODE_ID, EXCLUDEABSENTEVENT, PAYROLLPOSTINGGROUP_ID, TYPE, VISIBILITY, OVERTIMEPAYROLLCONTROLCODE_ID, ADDRESS_ISMILITARY, ADDRESS_STATE, ISDEFAULTSHOPTIME, ACTIVE, ADDRESS_CITY, BUSINESSUNIT_ID, COUNTONJOBCOUNTER, EVENTNAME, SENDALERTSONMOBILE, ADDRESS_COUNTRY, ISAUTOCLOCKINENABLED, TENANT_TYPE, RECORD_CREATE_DATE]
Column Name found in Datamart and Curated Table :: ADDRESS_ZIP
Column Name found in Datamart and Curated Table :: ROUTEAROUNDNJA
Column Name found in Datamart and Curated Table :: IMPORTID
Column Name found in Datamart and Curated Table :: RATEMULTIPLIER
Column Name found in Datamart and Curated Table :: STANDARDPAYROLLCONTROLCODE_ID
Column Name found in Datamart and Curated Table :: ADDRESS_COUNTRY
Column Name found in Datamart and Curated Table :: CODE
Column Name found in Datamart and Curated Table :: COUNTONJOBCOUNTER
Column Name found in Datamart and Curated Table :: OVERTIMEPAYROLLCONTROLCODE_ID
Column Name found in Datamart and Curated Table :: PAYROLLPOSTINGGROUP_ID
Column Name found in Datamart and Curated Table :: OVERTIMEPAYCODE_ID
Column Name found in Datamart and Curated Table :: ADDRESS_STREET
Column Name found in Datamart and Curated Table :: BUSINESSUNIT_ID
Column Name found in Datamart and Curated Table :: EXCLUDEABSENTEVENT
Column Name found in Datamart and Curated Table :: HOURLYRATE
Column Name found in Datamart and Curated Table :: SENDALERTSONMOBILE
Column Name found in Datamart and Curated Table :: VISIBILITY
Column Name found in Datamart and Curated Table :: ACTIVE
Column Name found in Datamart and Curated Table :: ID
Column Name found in Datamart and Curated Table :: TYPE
Column Name found in Datamart and Curated Table :: ADDRESS_ISMILITARY
Column Name found in Datamart and Curated Table :: ADDRESS_STATE
Column Name found in Datamart and Curated Table :: CREATEDBY_ID
Column Name found in Datamart and Curated Table :: APPLICABLEEMPLOYEETYPE
Column Name found in Datamart and Curated Table :: DOUBLEOVERTIMEPAYCODE_ID
Column Name found in Datamart and Curated Table :: GEOFENCECLOCKINMODE
Column Name found in Datamart and Curated Table :: STANDARDPAYCODE_ID
Column Name found in Datamart and Curated Table :: ADDRESS_LONGITUDE
Column Name found in Datamart and Curated Table :: DEDUCTCOMMUTETIME
Column Name found in Datamart and Curated Table :: EVENTNAME
Column Name found in Datamart and Curated Table :: STPAYCODE
Column Name found in Datamart and Curated Table :: ENABLESIMPLECLOCKINOUT
Column Name found in Datamart and Curated Table :: OTPAYCODE
Column Name found in Datamart and Curated Table :: CREATEDON
Column Name found in Datamart and Curated Table :: ADDRESS_CITY
Column Name found in Datamart and Curated Table :: ADDRESS_ISMANUALCOORDINATES
Column Name found in Datamart and Curated Table :: ADDRESS_LATITUDE
Column Name found in Datamart and Curated Table :: ADDRESS_UNIT
Column Name found in Datamart and Curated Table :: DESCRIPTION
Column Name found in Datamart and Curated Table :: ISDEFAULTSHOPTIME
Column Name found in Datamart and Curated Table :: CUSTOMHOURLYRATE
Column Name found in Datamart and Curated Table :: ISAUTOCLOCKINENABLED
Column Name found in Datamart and Curated Table :: TENANT_TYPE
Datamart tables contains additional column name like [ACTIVE_FLAG, RECORD_CREATE_DATE, RECORD_UPDATE_DATE, MASTER_ID]
Curated tables contains additional column name like [RECORD_CREATE_DATE, RECORD_UPDATE_DATE, RECORD_UPDATED_BY]]]>
  </system-out>
  <testcase classname="testcases.RAW_DATAMART_CURATED.SnowFlake_ColumnValidation_APITables" name="validateColumnName_BKP" time="3.178"/>
  <system-out>
    <![CDATA[Executing Snowflake query :: SELECT COLUMN_NAME FROM DEV_ENT_RAW.INFORMATION_SCHEMA.COLUMNS WHERE TABLE_NAME='ST_API_ZONE'and TABLE_SCHEMA='API_MAT'
Executing Snowflake query :: SELECT COLUMN_NAME FROM CURATED_DATAMART.INFORMATION_SCHEMA.COLUMNS WHERE TABLE_NAME='STR_API_ZONE'and TABLE_SCHEMA='ST_API_HORIZONSERVICES'
Executing Snowflake query :: SELECT COLUMN_NAME FROM DEV_ENT_CURATED.INFORMATION_SCHEMA.COLUMNS WHERE TABLE_NAME='DIM_ZONE'and TABLE_SCHEMA='MASTER_DIMENSIONS'
Column names for RAW Table --> ST_API_ZONE :: [LOCNNUMBERS, MODIFIEDON, CREATEDON, COLOR, ID, SERVICEDAYSENABLED, CREATEDBY_ID, IMPORTID, ACTIVE, NAME, TERRITORYNUMBERS, CITIES, SERVICEDAYS, ZIPS, MAXDRIVETIMEADJUSTMENT, TENANT_TYPE]
Column names for DataMart Table --> STR_API_ZONE :: [ACTIVE_FLAG, COLOR, ACTIVE, RECORD_UPDATE_DATE, CITIES, MAXDRIVETIMEADJUSTMENT, NAME, TENANT_TYPE, SERVICEDAYSENABLED, ID, TERRITORYNUMBERS, CREATEDON, MASTER_ID, RECORD_CREATE_DATE, ZIPS, CREATEDBY_ID, IMPORTID, SERVICEDAYS, LOCNNUMBERS, MODIFIEDON]
Column names for Curated Table --> DIM_ZONE :: [CREATEDON, ID, ZIPS, CITIES, IMPORTID, LOCNNUMBERS, MODIFIEDON, NAME, SERVICEDAYS, TENANT_TYPE, MAXDRIVETIMEADJUSTMENT, TERRITORYNUMBERS, RECORD_CREATE_DATE, ACTIVE, CREATEDBY_ID, SERVICEDAYSENABLED, RECORD_UPDATE_DATE, COLOR, RECORD_UPDATED_BY]
Column Name found in Datamart and Curated Table :: LOCNNUMBERS
Column Name found in Datamart and Curated Table :: MODIFIEDON
Column Name found in Datamart and Curated Table :: CREATEDON
Column Name found in Datamart and Curated Table :: COLOR
Column Name found in Datamart and Curated Table :: ID
Column Name found in Datamart and Curated Table :: SERVICEDAYSENABLED
Column Name found in Datamart and Curated Table :: CREATEDBY_ID
Column Name found in Datamart and Curated Table :: IMPORTID
Column Name found in Datamart and Curated Table :: ACTIVE
Column Name found in Datamart and Curated Table :: NAME
Column Name found in Datamart and Curated Table :: TERRITORYNUMBERS
Column Name found in Datamart and Curated Table :: CITIES
Column Name found in Datamart and Curated Table :: SERVICEDAYS
Column Name found in Datamart and Curated Table :: ZIPS
Column Name found in Datamart and Curated Table :: MAXDRIVETIMEADJUSTMENT
Column Name found in Datamart and Curated Table :: TENANT_TYPE
Datamart tables contains additional column name like [ACTIVE_FLAG, RECORD_CREATE_DATE, RECORD_UPDATE_DATE, MASTER_ID]
Curated tables contains additional column name like [RECORD_CREATE_DATE, RECORD_UPDATE_DATE, RECORD_UPDATED_BY]]]>
  </system-out>
  <testcase classname="testcases.RAW_DATAMART_CURATED.SnowFlake_ColumnValidation_APITables" name="validateColumnName_BKP" time="2.796"/>
  <system-out>
    <![CDATA[Executing Snowflake query :: SELECT COLUMN_NAME FROM DEV_ENT_RAW.INFORMATION_SCHEMA.COLUMNS WHERE TABLE_NAME='ST_API_TAG'and TABLE_SCHEMA='API_MAT'
Executing Snowflake query :: SELECT COLUMN_NAME FROM CURATED_DATAMART.INFORMATION_SCHEMA.COLUMNS WHERE TABLE_NAME='STR_API_TAG'and TABLE_SCHEMA='ST_API_HENDERSON'
Executing Snowflake query :: SELECT COLUMN_NAME FROM DEV_ENT_CURATED.INFORMATION_SCHEMA.COLUMNS WHERE TABLE_NAME='DIM_TAG'and TABLE_SCHEMA='MASTER_DIMENSIONS'
Column names for RAW Table --> ST_API_TAG :: [MEMO, GENERATEDFOREXTERNAL, REMOVEDON, GENERATEDFOR_ID, REMOVEDBY_ID, MODIFIEDON, OWNER_ID, CREATEDBY_ID, CREATEDON, IMPORTID, ACTIVE, ID, TYPE_ID, TENANT_TYPE]
Column names for DataMart Table --> STR_API_TAG :: [CREATEDBY_ID, TENANT_TYPE, TYPE_ID, GENERATEDFOREXTERNAL, MODIFIEDON, OWNER_ID, RECORD_CREATE_DATE, SOURCE_PKEY_SPK, IMPORTID, ACTIVE, GENERATEDFOR_ID, MASTER_ID, ACTIVE_FLAG, RECORD_UPDATE_DATE, REMOVEDBY_ID, CREATEDON, ID, MEMO, REMOVEDON]
Column names for Curated Table --> DIM_TAG :: [ACTIVE_FLAG, RECORD_CREATE_DATE, CREATEDON, RECORD_UPDATE_DATE, SOURCE_PKEY_SPK, GENERATEDFOR_ID, GENERATEDFOREXTERNAL, TYPE_ID, ACTIVE, CREATEDBY_ID, ID, MODIFIEDON, OWNER_ID, REMOVEDBY_ID, REMOVEDON, MEMO, RECORD_UPDATED_BY, IMPORTID, TENANT_TYPE]
Column Name found in Datamart and Curated Table :: MEMO
Column Name found in Datamart and Curated Table :: GENERATEDFOREXTERNAL
Column Name found in Datamart and Curated Table :: REMOVEDON
Column Name found in Datamart and Curated Table :: GENERATEDFOR_ID
Column Name found in Datamart and Curated Table :: REMOVEDBY_ID
Column Name found in Datamart and Curated Table :: MODIFIEDON
Column Name found in Datamart and Curated Table :: OWNER_ID
Column Name found in Datamart and Curated Table :: CREATEDBY_ID
Column Name found in Datamart and Curated Table :: CREATEDON
Column Name found in Datamart and Curated Table :: IMPORTID
Column Name found in Datamart and Curated Table :: ACTIVE
Column Name found in Datamart and Curated Table :: ID
Column Name found in Datamart and Curated Table :: TYPE_ID
Column Name found in Datamart and Curated Table :: TENANT_TYPE
Datamart tables contains additional column name like [ACTIVE_FLAG, RECORD_CREATE_DATE, RECORD_UPDATE_DATE, MASTER_ID]
Curated tables contains additional column name like [RECORD_CREATE_DATE, RECORD_UPDATE_DATE, RECORD_UPDATED_BY]]]>
  </system-out>
  <testcase classname="testcases.RAW_DATAMART_CURATED.SnowFlake_ColumnValidation_APITables" name="validateColumnName_BKP" time="4.094"/>
  <system-out>
    <![CDATA[Executing Snowflake query :: SELECT COLUMN_NAME FROM DEV_ENT_RAW.INFORMATION_SCHEMA.COLUMNS WHERE TABLE_NAME='ST_API_ESTIMATEITEM'and TABLE_SCHEMA='API_MAT'
Executing Snowflake query :: SELECT COLUMN_NAME FROM CURATED_DATAMART.INFORMATION_SCHEMA.COLUMNS WHERE TABLE_NAME='STR_API_ESTIMATEITEM'and TABLE_SCHEMA='ST_API_HORIZONSERVICES'
Executing Snowflake query :: SELECT COLUMN_NAME FROM DEV_ENT_CURATED.INFORMATION_SCHEMA.COLUMNS WHERE TABLE_NAME='DIM_ESTIMATEITEM'and TABLE_SCHEMA='MASTER_DIMENSIONS'
Column names for RAW Table --> ST_API_ESTIMATEITEM :: [ESTIMATE_ID, ID, INSTALLEDEQUIPMENT_ID, SCHEDULEDFLATAMOUNT, AUTOGLASSITEM_ID, COST, ISADDON, ITEMGROUPROOT_ID, RENEWABLEMEMBERSHIP_ID, UNITPRICE, MARKUP, PROJECTLABELS, SKUREFERENCE_SKUTYPE, SOLDBY_ID, SKUREFERENCE_SKUID, ACTIVE, CHARGEABLE, CREATEDFROM_ID, MEMBERSHIPDURATION, PROJECTORDER, QUANTITY, COSTOFSALEACCOUNT_ID, ADDONFLATAMOUNT, EQUIPMENT_ID, STANDARDPRICE, ACCOUNT, GENERALLEDGERACCOUNT_ID, TOTALCOST, MODIFIEDON, SKU_ID, DESCRIPTION, INVOICEITEM_ID, LASTUNITPRICESETBYEMPLOYEE, MEMBERPRICE, PAYSSOLDBYRATE, IMPORTID, ISNOTGOINGTOBEDONE, TAXABLE, ITEMGROUPNAME, ALLOWDISCOUNTS, DEMANDSTATUS, MEMBERSHIPBILLINGFREQUENCY, PARENTITEM_ID, PAYSFLATAMOUNT, TOTAL, CREATEDBY_ID, CREATEDON, PRICEMODIFIER_ID, ORDER, TENANT_TYPE]
Column names for DataMart Table --> STR_API_ESTIMATEITEM :: [CREATEDBY_ID, ID, MASTER_ID, CREATEDFROM_ID, MODIFIEDON, PROJECTORDER, PRICEMODIFIER_ID, ACTIVE_FLAG, ADDONFLATAMOUNT, IMPORTID, SKUREFERENCE_SKUID, TOTALCOST, PAYSFLATAMOUNT, RECORD_CREATE_DATE, TOTAL, QUANTITY, ACCOUNT, ACTIVE, ALLOWDISCOUNTS, ITEMGROUPROOT_ID, TAXABLE, TENANT_TYPE, PROJECTLABELS, SCHEDULEDFLATAMOUNT, COSTOFSALEACCOUNT_ID, ITEMGROUPNAME, MEMBERSHIPDURATION, RECORD_UPDATED_BY, UNITPRICE, MEMBERPRICE, RENEWABLEMEMBERSHIP_ID, INSTALLEDEQUIPMENT_ID, INVOICEITEM_ID, ISHIDDENFROMCUSTOMER, SKUREFERENCE_SKUTYPE, STANDARDPRICE, COST, CREATEDON, DEMANDSTATUS, DESCRIPTION, MARKUP, PAYSSOLDBYRATE, ISADDON, ORDER, RECORD_UPDATE_DATE, AUTOGLASSITEM_ID, CHARGEABLE, EQUIPMENT_ID, GENERALLEDGERACCOUNT_ID, MEMBERSHIPBILLINGFREQUENCY, PARENTITEM_ID, SOLDBY_ID, ISNOTGOINGTOBEDONE, ESTIMATE_ID, LASTUNITPRICESETBYEMPLOYEE, SKU_ID]
Column names for Curated Table --> DIM_ESTIMATEITEM :: [CREATEDON, DEMANDSTATUS, MEMBERPRICE, MEMBERSHIPBILLINGFREQUENCY, MEMBERSHIPDURATION, SKUREFERENCE_SKUTYPE, ADDONFLATAMOUNT, AUTOGLASSITEM_ID, COST, ID, PAYSSOLDBYRATE, STANDARDPRICE, TENANT_TYPE, TOTAL, RECORD_CREATE_DATE, ITEMGROUPROOT_ID, PARENTITEM_ID, ORDER, PROJECTLABELS, SOLDBY_ID, PROJECTORDER, ACTIVE, ALLOWDISCOUNTS, CREATEDFROM_ID, DESCRIPTION, ESTIMATE_ID, MARKUP, ISADDON, CREATEDBY_ID, GENERALLEDGERACCOUNT_ID, INVOICEITEM_ID, PRICEMODIFIER_ID, RECORD_UPDATED_BY, SKUREFERENCE_SKUID, QUANTITY, CHARGEABLE, ISHIDDENFROMCUSTOMER, SKU_ID, COSTOFSALEACCOUNT_ID, ISNOTGOINGTOBEDONE, TOTALCOST, INSTALLEDEQUIPMENT_ID, ITEMGROUPNAME, PAYSFLATAMOUNT, TAXABLE, SCHEDULEDFLATAMOUNT, ACCOUNT, EQUIPMENT_ID, LASTUNITPRICESETBYEMPLOYEE, RENEWABLEMEMBERSHIP_ID, IMPORTID, RECORD_UPDATE_DATE, UNITPRICE, MODIFIEDON]
Column Name found in Datamart and Curated Table :: ESTIMATE_ID
Column Name found in Datamart and Curated Table :: ID
Column Name found in Datamart and Curated Table :: INSTALLEDEQUIPMENT_ID
Column Name found in Datamart and Curated Table :: SCHEDULEDFLATAMOUNT
Column Name found in Datamart and Curated Table :: AUTOGLASSITEM_ID
Column Name found in Datamart and Curated Table :: COST
Column Name found in Datamart and Curated Table :: ISADDON
Column Name found in Datamart and Curated Table :: ITEMGROUPROOT_ID
Column Name found in Datamart and Curated Table :: RENEWABLEMEMBERSHIP_ID
Column Name found in Datamart and Curated Table :: UNITPRICE
Column Name found in Datamart and Curated Table :: MARKUP
Column Name found in Datamart and Curated Table :: PROJECTLABELS
Column Name found in Datamart and Curated Table :: SKUREFERENCE_SKUTYPE
Column Name found in Datamart and Curated Table :: SOLDBY_ID
Column Name found in Datamart and Curated Table :: SKUREFERENCE_SKUID
Column Name found in Datamart and Curated Table :: ACTIVE
Column Name found in Datamart and Curated Table :: CHARGEABLE
Column Name found in Datamart and Curated Table :: CREATEDFROM_ID
Column Name found in Datamart and Curated Table :: MEMBERSHIPDURATION
Column Name found in Datamart and Curated Table :: PROJECTORDER
Column Name found in Datamart and Curated Table :: QUANTITY
Column Name found in Datamart and Curated Table :: COSTOFSALEACCOUNT_ID
Column Name found in Datamart and Curated Table :: ADDONFLATAMOUNT
Column Name found in Datamart and Curated Table :: EQUIPMENT_ID
Column Name found in Datamart and Curated Table :: STANDARDPRICE
Column Name found in Datamart and Curated Table :: ACCOUNT
Column Name found in Datamart and Curated Table :: GENERALLEDGERACCOUNT_ID
Column Name found in Datamart and Curated Table :: TOTALCOST
Column Name found in Datamart and Curated Table :: MODIFIEDON
Column Name found in Datamart and Curated Table :: SKU_ID
Column Name found in Datamart and Curated Table :: DESCRIPTION
Column Name found in Datamart and Curated Table :: INVOICEITEM_ID
Column Name found in Datamart and Curated Table :: LASTUNITPRICESETBYEMPLOYEE
Column Name found in Datamart and Curated Table :: MEMBERPRICE
Column Name found in Datamart and Curated Table :: PAYSSOLDBYRATE
Column Name found in Datamart and Curated Table :: IMPORTID
Column Name found in Datamart and Curated Table :: ISNOTGOINGTOBEDONE
Column Name found in Datamart and Curated Table :: TAXABLE
Column Name found in Datamart and Curated Table :: ITEMGROUPNAME
Column Name found in Datamart and Curated Table :: ALLOWDISCOUNTS
Column Name found in Datamart and Curated Table :: DEMANDSTATUS
Column Name found in Datamart and Curated Table :: MEMBERSHIPBILLINGFREQUENCY
Column Name found in Datamart and Curated Table :: PARENTITEM_ID
Column Name found in Datamart and Curated Table :: PAYSFLATAMOUNT
Column Name found in Datamart and Curated Table :: TOTAL
Column Name found in Datamart and Curated Table :: CREATEDBY_ID
Column Name found in Datamart and Curated Table :: CREATEDON
Column Name found in Datamart and Curated Table :: PRICEMODIFIER_ID
Column Name found in Datamart and Curated Table :: ORDER
Column Name found in Datamart and Curated Table :: TENANT_TYPE
Datamart tables contains additional column name like [ACTIVE_FLAG, RECORD_CREATE_DATE, RECORD_UPDATE_DATE, MASTER_ID]
Curated tables contains additional column name like [RECORD_CREATE_DATE, RECORD_UPDATE_DATE, RECORD_UPDATED_BY]]]>
  </system-out>
  <testcase classname="testcases.RAW_DATAMART_CURATED.SnowFlake_ColumnValidation_APITables" name="validateColumnName_BKP" time="2.672"/>
  <system-out>
    <![CDATA[Executing Snowflake query :: SELECT COLUMN_NAME FROM DEV_ENT_RAW.INFORMATION_SCHEMA.COLUMNS WHERE TABLE_NAME='ST_API_SKUASSET'and TABLE_SCHEMA='API_MAT'
Executing Snowflake query :: SELECT COLUMN_NAME FROM CURATED_DATAMART.INFORMATION_SCHEMA.COLUMNS WHERE TABLE_NAME='STR_API_SKUASSET'and TABLE_SCHEMA='ST_API_HENDERSON'
Executing Snowflake query :: SELECT COLUMN_NAME FROM DEV_ENT_CURATED.INFORMATION_SCHEMA.COLUMNS WHERE TABLE_NAME='DIM_SKUASSET'and TABLE_SCHEMA='MASTER_DIMENSIONS'
Column names for RAW Table --> ST_API_SKUASSET :: [ISEXTERNAL, IMPORTID, ACTIVE, ORIGINALNAME, ALIAS, CREATEDBY_ID, ID, OWNER_ID, URL, METADATA, TYPE, CREATEDON, EXTERNALURL, TENANT_TYPE]
Column names for DataMart Table --> STR_API_SKUASSET :: [ISEXTERNAL, ALIAS, ORIGINALNAME, IMPORTID, ACTIVE_FLAG, TYPE, OWNER_ID, RECORD_UPDATE_DATE, CREATEDON, MASTER_ID, EXTERNALURL, ID, RECORD_CREATE_DATE, ACTIVE, CREATEDBY_ID, METADATA, TENANT_TYPE, URL]
Column names for Curated Table --> DIM_SKUASSET :: [EXTERNALURL, ORIGINALNAME, TENANT_TYPE, RECORD_UPDATE_DATE, ID, ISEXTERNAL, RECORD_CREATE_DATE, ALIAS, CREATEDON, RECORD_UPDATED_BY, TYPE, ACTIVE, CREATEDBY_ID, OWNER_ID, METADATA, URL, IMPORTID]
Column Name found in Datamart and Curated Table :: ISEXTERNAL
Column Name found in Datamart and Curated Table :: IMPORTID
Column Name found in Datamart and Curated Table :: ACTIVE
Column Name found in Datamart and Curated Table :: ORIGINALNAME
Column Name found in Datamart and Curated Table :: ALIAS
Column Name found in Datamart and Curated Table :: CREATEDBY_ID
Column Name found in Datamart and Curated Table :: ID
Column Name found in Datamart and Curated Table :: OWNER_ID
Column Name found in Datamart and Curated Table :: URL
Column Name found in Datamart and Curated Table :: METADATA
Column Name found in Datamart and Curated Table :: TYPE
Column Name found in Datamart and Curated Table :: CREATEDON
Column Name found in Datamart and Curated Table :: EXTERNALURL
Column Name found in Datamart and Curated Table :: TENANT_TYPE
Datamart tables contains additional column name like [ACTIVE_FLAG, RECORD_CREATE_DATE, RECORD_UPDATE_DATE, MASTER_ID]
Curated tables contains additional column name like [RECORD_CREATE_DATE, RECORD_UPDATE_DATE, RECORD_UPDATED_BY]]]>
  </system-out>
  <testcase classname="testcases.RAW_DATAMART_CURATED.SnowFlake_ColumnValidation_APITables" name="validateColumnName_BKP" time="2.296"/>
  <system-out>
    <![CDATA[Executing Snowflake query :: SELECT COLUMN_NAME FROM DEV_ENT_RAW.INFORMATION_SCHEMA.COLUMNS WHERE TABLE_NAME='ST_API_PAYMENT'and TABLE_SCHEMA='API_MAT'
Executing Snowflake query :: SELECT COLUMN_NAME FROM CURATED_DATAMART.INFORMATION_SCHEMA.COLUMNS WHERE TABLE_NAME='STR_API_PAYMENT'and TABLE_SCHEMA='ST_API_HDAIR'
Executing Snowflake query :: SELECT COLUMN_NAME FROM DEV_ENT_CURATED.INFORMATION_SCHEMA.COLUMNS WHERE TABLE_NAME='DIM_PAYMENT'and TABLE_SCHEMA='MASTER_DIMENSIONS'
Column names for RAW Table --> ST_API_PAYMENT :: [AGREEMENTLANGUAGE, FINANCINGOPERATOR, TRANSACTIONSTATUS, INVOICE_ID, CHECKNUMBER, AMOUNT, SETTLEMENTDATE, PROJECT_ID, BUSINESSUNIT_ID, CREATEDBY_ID, CREATEDON, CREDITAVAILABLE, UNAPPLIEDAMOUNT, EXPORTID, AUTHORIZATIONSIGNATURE, BATCH_ID, DEFERREDINTEREST, EXTERNALID, METHOD, MEMO, STATUS, ACTIVE, CUSTOMER_ID, ESTIMATE_ID, NUMBER, SETTLEMENTSTATUS, SOURCE, STOREDPAYMENT_ID, ID, IMPORTID, PAIDON, MODIFIEDON, TYPE_ID, REFUNDEDAMOUNT, TRANSACTION, APPLIEDON, PAYMENTDATE, TENANT_TYPE]
Column names for DataMart Table --> STR_API_PAYMENT :: [ACTIVE_FLAG, SOURCE, STOREDPAYMENT_ID, TENANT_TYPE, ACTIVE, APPLIEDON, CREDITAVAILABLE, ESTIMATE_ID, PAYMENTDATE, AMOUNT, EXPORTID, EXTERNALID, NUMBER, TRANSACTION, PROJECT_ID, CUSTOMER_ID, AUTHORIZATIONSIGNATURE, BUSINESSUNIT_ID, RECORD_CREATE_DATE, SETTLEMENTSTATUS, STATUS, TYPE_ID, MASTER_ID, PAIDON, RECORD_UPDATE_DATE, CREATEDBY_ID, ID, IMPORTID, MEMO, MODIFIEDON, REFUNDEDAMOUNT, TRANSACTIONSTATUS, AGREEMENTLANGUAGE, BATCH_ID, CHECKNUMBER, FINANCINGOPERATOR, CREATEDON, SETTLEMENTDATE, DEFERREDINTEREST, INVOICE_ID, METHOD, UNAPPLIEDAMOUNT]
Column names for Curated Table --> DIM_PAYMENT :: [DEFERREDINTEREST, PAIDON, SOURCE, TENANT_TYPE, PAYMENTDATE, TYPE_ID, ACTIVE, INVOICE_ID, ESTIMATE_ID, UNAPPLIEDAMOUNT, STATUS, CREATEDBY_ID, CUSTOMER_ID, EXPORTID, IMPORTID, TRANSACTION, MEMO, RECORD_UPDATE_DATE, TRANSACTIONSTATUS, AMOUNT, AUTHORIZATIONSIGNATURE, CHECKNUMBER, MODIFIEDON, EXTERNALID, PROJECT_ID, APPLIEDON, BATCH_ID, CREATEDON, FINANCINGOPERATOR, ID, RECORD_UPDATED_BY, REFUNDEDAMOUNT, SETTLEMENTSTATUS, BUSINESSUNIT_ID, METHOD, AGREEMENTLANGUAGE, CREDITAVAILABLE, NUMBER, RECORD_CREATE_DATE, SETTLEMENTDATE, STOREDPAYMENT_ID]
Column Name found in Datamart and Curated Table :: AGREEMENTLANGUAGE
Column Name found in Datamart and Curated Table :: FINANCINGOPERATOR
Column Name found in Datamart and Curated Table :: TRANSACTIONSTATUS
Column Name found in Datamart and Curated Table :: INVOICE_ID
Column Name found in Datamart and Curated Table :: CHECKNUMBER
Column Name found in Datamart and Curated Table :: AMOUNT
Column Name found in Datamart and Curated Table :: SETTLEMENTDATE
Column Name found in Datamart and Curated Table :: PROJECT_ID
Column Name found in Datamart and Curated Table :: BUSINESSUNIT_ID
Column Name found in Datamart and Curated Table :: CREATEDBY_ID
Column Name found in Datamart and Curated Table :: CREATEDON
Column Name found in Datamart and Curated Table :: CREDITAVAILABLE
Column Name found in Datamart and Curated Table :: UNAPPLIEDAMOUNT
Column Name found in Datamart and Curated Table :: EXPORTID
Column Name found in Datamart and Curated Table :: AUTHORIZATIONSIGNATURE
Column Name found in Datamart and Curated Table :: BATCH_ID
Column Name found in Datamart and Curated Table :: DEFERREDINTEREST
Column Name found in Datamart and Curated Table :: EXTERNALID
Column Name found in Datamart and Curated Table :: METHOD
Column Name found in Datamart and Curated Table :: MEMO
Column Name found in Datamart and Curated Table :: STATUS
Column Name found in Datamart and Curated Table :: ACTIVE
Column Name found in Datamart and Curated Table :: CUSTOMER_ID
Column Name found in Datamart and Curated Table :: ESTIMATE_ID
Column Name found in Datamart and Curated Table :: NUMBER
Column Name found in Datamart and Curated Table :: SETTLEMENTSTATUS
Column Name found in Datamart and Curated Table :: SOURCE
Column Name found in Datamart and Curated Table :: STOREDPAYMENT_ID
Column Name found in Datamart and Curated Table :: ID
Column Name found in Datamart and Curated Table :: IMPORTID
Column Name found in Datamart and Curated Table :: PAIDON
Column Name found in Datamart and Curated Table :: MODIFIEDON
Column Name found in Datamart and Curated Table :: TYPE_ID
Column Name found in Datamart and Curated Table :: REFUNDEDAMOUNT
Column Name found in Datamart and Curated Table :: TRANSACTION
Column Name found in Datamart and Curated Table :: APPLIEDON
Column Name found in Datamart and Curated Table :: PAYMENTDATE
Column Name found in Datamart and Curated Table :: TENANT_TYPE
Datamart tables contains additional column name like [ACTIVE_FLAG, RECORD_CREATE_DATE, RECORD_UPDATE_DATE, MASTER_ID]
Curated tables contains additional column name like [RECORD_CREATE_DATE, RECORD_UPDATE_DATE, RECORD_UPDATED_BY]]]>
  </system-out>
  <testcase classname="testcases.RAW_DATAMART_CURATED.SnowFlake_ColumnValidation_APITables" name="validateColumnName_BKP" time="2.091"/>
  <system-out>
    <![CDATA[Executing Snowflake query :: SELECT COLUMN_NAME FROM DEV_ENT_RAW.INFORMATION_SCHEMA.COLUMNS WHERE TABLE_NAME='ST_API_CALL'and TABLE_SCHEMA='API_MAT'
Executing Snowflake query :: SELECT COLUMN_NAME FROM CURATED_DATAMART.INFORMATION_SCHEMA.COLUMNS WHERE TABLE_NAME='STR_API_CALL'and TABLE_SCHEMA='ST_API_GOLDMEDAL'
Executing Snowflake query :: SELECT COLUMN_NAME FROM DEV_ENT_CURATED.INFORMATION_SCHEMA.COLUMNS WHERE TABLE_NAME='DIM_CALL'and TABLE_SCHEMA='MASTER_DIMENSIONS'
Column names for RAW Table --> ST_API_CALL :: [DURATION, CALLSERVICE, CREATEDON, CUSTOMER_ID, REASON_ID, RECORDINGURL, VOICEMAILPATH, CONVERSIONSCORE, TAG, AGENT_ID, DIRECTION, ESTIMATE_ID, FROM, STATUS, MODIFIEDON, EXCUSEMEMO, LOCATION_ID, RECORDINGID, SID, TO, IMPORTID, TYPE, JOB_ID, FOLLOWUP_ID, ID, REVIEWINGBY_ID, WONTREVIEW, ACTIVE, CAMPAIGN_ID, CREATEDBY_ID, REVIEWEDBY_ID, RECORDINGPATH, LEAD_ID, TENANT_TYPE]
Column names for DataMart Table --> STR_API_CALL :: [ACTIVE_FLAG, DIRECTION, LEAD_ID, MASTER_ID, JOB_ID, FOLLOWUP_ID, REASON_ID, RECORDINGURL, REVIEWEDBY_ID, AGENT_ID, CALLSERVICE, TENANT_TYPE, REVIEWINGBY_ID, CAMPAIGN_ID, CONVERSIONSCORE, VOICEMAILPATH, CREATEDBY_ID, CUSTOMER_ID, IMPORTID, STATUS, TO, EXCUSEMEMO, RECORDINGPATH, CREATEDON, LOCATION_ID, TYPE, MODIFIEDON, RECORD_UPDATE_DATE, ACTIVE, DURATION, ESTIMATE_ID, FROM, RECORD_CREATE_DATE, SID, RECORDINGID, TAG, ID, WONTREVIEW]
Column names for Curated Table --> DIM_CALL :: [ESTIMATE_ID, REASON_ID, WONTREVIEW, AGENT_ID, DIRECTION, FOLLOWUP_ID, LOCATION_ID, RECORDINGID, TAG, TYPE, CUSTOMER_ID, LEAD_ID, RECORDINGPATH, VOICEMAILPATH, STATUS, CONVERSIONSCORE, FROM, CREATEDBY_ID, DURATION, TENANT_TYPE, ACTIVE, CALLSERVICE, CAMPAIGN_ID, ID, RECORDINGURL, RECORD_UPDATE_DATE, RECORD_CREATE_DATE, JOB_ID, REVIEWEDBY_ID, TO, RECORD_UPDATED_BY, REVIEWINGBY_ID, SID, CREATEDON, EXCUSEMEMO, IMPORTID, MODIFIEDON]
Column Name found in Datamart and Curated Table :: DURATION
Column Name found in Datamart and Curated Table :: CALLSERVICE
Column Name found in Datamart and Curated Table :: CREATEDON
Column Name found in Datamart and Curated Table :: CUSTOMER_ID
Column Name found in Datamart and Curated Table :: REASON_ID
Column Name found in Datamart and Curated Table :: RECORDINGURL
Column Name found in Datamart and Curated Table :: VOICEMAILPATH
Column Name found in Datamart and Curated Table :: CONVERSIONSCORE
Column Name found in Datamart and Curated Table :: TAG
Column Name found in Datamart and Curated Table :: AGENT_ID
Column Name found in Datamart and Curated Table :: DIRECTION
Column Name found in Datamart and Curated Table :: ESTIMATE_ID
Column Name found in Datamart and Curated Table :: FROM
Column Name found in Datamart and Curated Table :: STATUS
Column Name found in Datamart and Curated Table :: MODIFIEDON
Column Name found in Datamart and Curated Table :: EXCUSEMEMO
Column Name found in Datamart and Curated Table :: LOCATION_ID
Column Name found in Datamart and Curated Table :: RECORDINGID
Column Name found in Datamart and Curated Table :: SID
Column Name found in Datamart and Curated Table :: TO
Column Name found in Datamart and Curated Table :: IMPORTID
Column Name found in Datamart and Curated Table :: TYPE
Column Name found in Datamart and Curated Table :: JOB_ID
Column Name found in Datamart and Curated Table :: FOLLOWUP_ID
Column Name found in Datamart and Curated Table :: ID
Column Name found in Datamart and Curated Table :: REVIEWINGBY_ID
Column Name found in Datamart and Curated Table :: WONTREVIEW
Column Name found in Datamart and Curated Table :: ACTIVE
Column Name found in Datamart and Curated Table :: CAMPAIGN_ID
Column Name found in Datamart and Curated Table :: CREATEDBY_ID
Column Name found in Datamart and Curated Table :: REVIEWEDBY_ID
Column Name found in Datamart and Curated Table :: RECORDINGPATH
Column Name found in Datamart and Curated Table :: LEAD_ID
Column Name found in Datamart and Curated Table :: TENANT_TYPE
Datamart tables contains additional column name like [ACTIVE_FLAG, RECORD_CREATE_DATE, RECORD_UPDATE_DATE, MASTER_ID]
Curated tables contains additional column name like [RECORD_CREATE_DATE, RECORD_UPDATE_DATE, RECORD_UPDATED_BY]]]>
  </system-out>
  <testcase classname="testcases.RAW_DATAMART_CURATED.SnowFlake_ColumnValidation_APITables" name="validateColumnName_BKP" time="2.514"/>
  <system-out>
    <![CDATA[Executing Snowflake query :: SELECT COLUMN_NAME FROM DEV_ENT_RAW.INFORMATION_SCHEMA.COLUMNS WHERE TABLE_NAME='ST_API_CALLREASON'and TABLE_SCHEMA='API_MAT'
Executing Snowflake query :: SELECT COLUMN_NAME FROM CURATED_DATAMART.INFORMATION_SCHEMA.COLUMNS WHERE TABLE_NAME='STR_API_CALLREASON'and TABLE_SCHEMA='ST_API_GOLDMEDAL'
Executing Snowflake query :: SELECT COLUMN_NAME FROM DEV_ENT_CURATED.INFORMATION_SCHEMA.COLUMNS WHERE TABLE_NAME='DIM_CALLREASON'and TABLE_SCHEMA='MASTER_DIMENSIONS'
Column names for RAW Table --> ST_API_CALLREASON :: [CREATEDBY_ID, CREATEDON, ID, IMPORTID, ACTIVE, LEAD, MODIFIEDON, NAME, TENANT_TYPE]
Column names for DataMart Table --> STR_API_CALLREASON :: [RECORD_CREATE_DATE, TENANT_TYPE, ACTIVE_FLAG, CREATEDON, MASTER_ID, ACTIVE, CREATEDBY_ID, IMPORTID, NAME, MODIFIEDON, ID, LEAD, RECORD_UPDATE_DATE]
Column names for Curated Table --> DIM_CALLREASON :: [CREATEDBY_ID, RECORD_CREATE_DATE, MODIFIEDON, LEAD, RECORD_UPDATED_BY, ACTIVE, ID, CREATEDON, IMPORTID, NAME, TENANT_TYPE, RECORD_UPDATE_DATE]
Column Name found in Datamart and Curated Table :: CREATEDBY_ID
Column Name found in Datamart and Curated Table :: CREATEDON
Column Name found in Datamart and Curated Table :: ID
Column Name found in Datamart and Curated Table :: IMPORTID
Column Name found in Datamart and Curated Table :: ACTIVE
Column Name found in Datamart and Curated Table :: LEAD
Column Name found in Datamart and Curated Table :: MODIFIEDON
Column Name found in Datamart and Curated Table :: NAME
Column Name found in Datamart and Curated Table :: TENANT_TYPE
Datamart tables contains additional column name like [ACTIVE_FLAG, RECORD_CREATE_DATE, RECORD_UPDATE_DATE, MASTER_ID]
Curated tables contains additional column name like [RECORD_CREATE_DATE, RECORD_UPDATE_DATE, RECORD_UPDATED_BY]]]>
  </system-out>
  <testcase classname="testcases.RAW_DATAMART_CURATED.SnowFlake_ColumnValidation_APITables" name="validateColumnName_BKP" time="3.457"/>
  <system-out>
    <![CDATA[Executing Snowflake query :: SELECT COLUMN_NAME FROM DEV_ENT_RAW.INFORMATION_SCHEMA.COLUMNS WHERE TABLE_NAME='ST_API_TAG'and TABLE_SCHEMA='API_MAT'
Executing Snowflake query :: SELECT COLUMN_NAME FROM CURATED_DATAMART.INFORMATION_SCHEMA.COLUMNS WHERE TABLE_NAME='STR_API_TAG'and TABLE_SCHEMA='ST_API_SNELLHEATINGAIR'
Executing Snowflake query :: SELECT COLUMN_NAME FROM DEV_ENT_CURATED.INFORMATION_SCHEMA.COLUMNS WHERE TABLE_NAME='DIM_TAG'and TABLE_SCHEMA='MASTER_DIMENSIONS'
Column names for RAW Table --> ST_API_TAG :: [MEMO, GENERATEDFOREXTERNAL, REMOVEDON, GENERATEDFOR_ID, REMOVEDBY_ID, MODIFIEDON, OWNER_ID, CREATEDBY_ID, CREATEDON, IMPORTID, ACTIVE, ID, TYPE_ID, TENANT_TYPE]
Column names for DataMart Table --> STR_API_TAG :: [IMPORTID, MODIFIEDON, RECORD_UPDATE_DATE, TYPE_ID, GENERATEDFOREXTERNAL, MEMO, SOURCE_PKEY_SPK, CREATEDBY_ID, RECORD_CREATE_DATE, GENERATEDFOR_ID, ID, REMOVEDBY_ID, ACTIVE, ACTIVE_FLAG, CREATEDON, REMOVEDON, MASTER_ID, OWNER_ID, TENANT_TYPE]
Column names for Curated Table --> DIM_TAG :: [ACTIVE_FLAG, RECORD_CREATE_DATE, CREATEDON, RECORD_UPDATE_DATE, SOURCE_PKEY_SPK, GENERATEDFOR_ID, GENERATEDFOREXTERNAL, TYPE_ID, ACTIVE, CREATEDBY_ID, ID, MODIFIEDON, OWNER_ID, REMOVEDBY_ID, REMOVEDON, MEMO, RECORD_UPDATED_BY, IMPORTID, TENANT_TYPE]
Column Name found in Datamart and Curated Table :: MEMO
Column Name found in Datamart and Curated Table :: GENERATEDFOREXTERNAL
Column Name found in Datamart and Curated Table :: REMOVEDON
Column Name found in Datamart and Curated Table :: GENERATEDFOR_ID
Column Name found in Datamart and Curated Table :: REMOVEDBY_ID
Column Name found in Datamart and Curated Table :: MODIFIEDON
Column Name found in Datamart and Curated Table :: OWNER_ID
Column Name found in Datamart and Curated Table :: CREATEDBY_ID
Column Name found in Datamart and Curated Table :: CREATEDON
Column Name found in Datamart and Curated Table :: IMPORTID
Column Name found in Datamart and Curated Table :: ACTIVE
Column Name found in Datamart and Curated Table :: ID
Column Name found in Datamart and Curated Table :: TYPE_ID
Column Name found in Datamart and Curated Table :: TENANT_TYPE
Datamart tables contains additional column name like [ACTIVE_FLAG, RECORD_CREATE_DATE, RECORD_UPDATE_DATE, MASTER_ID]
Curated tables contains additional column name like [RECORD_CREATE_DATE, RECORD_UPDATE_DATE, RECORD_UPDATED_BY]]]>
  </system-out>
  <testcase classname="testcases.RAW_DATAMART_CURATED.SnowFlake_ColumnValidation_APITables" name="validateColumnName_BKP" time="2.757"/>
  <system-out>
    <![CDATA[Executing Snowflake query :: SELECT COLUMN_NAME FROM DEV_ENT_RAW.INFORMATION_SCHEMA.COLUMNS WHERE TABLE_NAME='ST_API_ESTIMATEITEM'and TABLE_SCHEMA='API_MAT'
Executing Snowflake query :: SELECT COLUMN_NAME FROM CURATED_DATAMART.INFORMATION_SCHEMA.COLUMNS WHERE TABLE_NAME='STR_API_ESTIMATEITEM'and TABLE_SCHEMA='ST_API_EANESHEATING'
Executing Snowflake query :: SELECT COLUMN_NAME FROM DEV_ENT_CURATED.INFORMATION_SCHEMA.COLUMNS WHERE TABLE_NAME='DIM_ESTIMATEITEM'and TABLE_SCHEMA='MASTER_DIMENSIONS'
Column names for RAW Table --> ST_API_ESTIMATEITEM :: [ESTIMATE_ID, ID, INSTALLEDEQUIPMENT_ID, SCHEDULEDFLATAMOUNT, AUTOGLASSITEM_ID, COST, ISADDON, ITEMGROUPROOT_ID, RENEWABLEMEMBERSHIP_ID, UNITPRICE, MARKUP, PROJECTLABELS, SKUREFERENCE_SKUTYPE, SOLDBY_ID, SKUREFERENCE_SKUID, ACTIVE, CHARGEABLE, CREATEDFROM_ID, MEMBERSHIPDURATION, PROJECTORDER, QUANTITY, COSTOFSALEACCOUNT_ID, ADDONFLATAMOUNT, EQUIPMENT_ID, STANDARDPRICE, ACCOUNT, GENERALLEDGERACCOUNT_ID, TOTALCOST, MODIFIEDON, SKU_ID, DESCRIPTION, INVOICEITEM_ID, LASTUNITPRICESETBYEMPLOYEE, MEMBERPRICE, PAYSSOLDBYRATE, IMPORTID, ISNOTGOINGTOBEDONE, TAXABLE, ITEMGROUPNAME, ALLOWDISCOUNTS, DEMANDSTATUS, MEMBERSHIPBILLINGFREQUENCY, PARENTITEM_ID, PAYSFLATAMOUNT, TOTAL, CREATEDBY_ID, CREATEDON, PRICEMODIFIER_ID, ORDER, TENANT_TYPE]
Column names for DataMart Table --> STR_API_ESTIMATEITEM :: [ADDONFLATAMOUNT, AUTOGLASSITEM_ID, ESTIMATE_ID, ID, STANDARDPRICE, TAXABLE, TOTAL, TOTALCOST, COSTOFSALEACCOUNT_ID, LASTUNITPRICESETBYEMPLOYEE, PARENTITEM_ID, SKU_ID, MARKUP, SCHEDULEDFLATAMOUNT, DEMANDSTATUS, DESCRIPTION, INSTALLEDEQUIPMENT_ID, MEMBERSHIPDURATION, PROJECTORDER, RECORD_UPDATED_BY, TENANT_TYPE, UNITPRICE, MODIFIEDON, PAYSFLATAMOUNT, ALLOWDISCOUNTS, COST, CREATEDFROM_ID, CREATEDON, PAYSSOLDBYRATE, QUANTITY, SKUREFERENCE_SKUTYPE, MASTER_ID, ACCOUNT, ACTIVE, CHARGEABLE, ISADDON, ITEMGROUPROOT_ID, ACTIVE_FLAG, RECORD_UPDATE_DATE, GENERALLEDGERACCOUNT_ID, ISNOTGOINGTOBEDONE, ITEMGROUPNAME, MEMBERPRICE, RENEWABLEMEMBERSHIP_ID, EQUIPMENT_ID, MEMBERSHIPBILLINGFREQUENCY, SKUREFERENCE_SKUID, IMPORTID, RECORD_CREATE_DATE, ISHIDDENFROMCUSTOMER, CREATEDBY_ID, ORDER, PRICEMODIFIER_ID, INVOICEITEM_ID, PROJECTLABELS, SOLDBY_ID]
Column names for Curated Table --> DIM_ESTIMATEITEM :: [CREATEDON, DEMANDSTATUS, MEMBERPRICE, MEMBERSHIPBILLINGFREQUENCY, MEMBERSHIPDURATION, SKUREFERENCE_SKUTYPE, ADDONFLATAMOUNT, AUTOGLASSITEM_ID, COST, ID, PAYSSOLDBYRATE, STANDARDPRICE, TENANT_TYPE, TOTAL, RECORD_CREATE_DATE, ITEMGROUPROOT_ID, PARENTITEM_ID, ORDER, PROJECTLABELS, SOLDBY_ID, PROJECTORDER, ACTIVE, ALLOWDISCOUNTS, CREATEDFROM_ID, DESCRIPTION, ESTIMATE_ID, MARKUP, ISADDON, CREATEDBY_ID, GENERALLEDGERACCOUNT_ID, INVOICEITEM_ID, PRICEMODIFIER_ID, RECORD_UPDATED_BY, SKUREFERENCE_SKUID, QUANTITY, CHARGEABLE, ISHIDDENFROMCUSTOMER, SKU_ID, COSTOFSALEACCOUNT_ID, ISNOTGOINGTOBEDONE, TOTALCOST, INSTALLEDEQUIPMENT_ID, ITEMGROUPNAME, PAYSFLATAMOUNT, TAXABLE, SCHEDULEDFLATAMOUNT, ACCOUNT, EQUIPMENT_ID, LASTUNITPRICESETBYEMPLOYEE, RENEWABLEMEMBERSHIP_ID, IMPORTID, RECORD_UPDATE_DATE, UNITPRICE, MODIFIEDON]
Column Name found in Datamart and Curated Table :: ESTIMATE_ID
Column Name found in Datamart and Curated Table :: ID
Column Name found in Datamart and Curated Table :: INSTALLEDEQUIPMENT_ID
Column Name found in Datamart and Curated Table :: SCHEDULEDFLATAMOUNT
Column Name found in Datamart and Curated Table :: AUTOGLASSITEM_ID
Column Name found in Datamart and Curated Table :: COST
Column Name found in Datamart and Curated Table :: ISADDON
Column Name found in Datamart and Curated Table :: ITEMGROUPROOT_ID
Column Name found in Datamart and Curated Table :: RENEWABLEMEMBERSHIP_ID
Column Name found in Datamart and Curated Table :: UNITPRICE
Column Name found in Datamart and Curated Table :: MARKUP
Column Name found in Datamart and Curated Table :: PROJECTLABELS
Column Name found in Datamart and Curated Table :: SKUREFERENCE_SKUTYPE
Column Name found in Datamart and Curated Table :: SOLDBY_ID
Column Name found in Datamart and Curated Table :: SKUREFERENCE_SKUID
Column Name found in Datamart and Curated Table :: ACTIVE
Column Name found in Datamart and Curated Table :: CHARGEABLE
Column Name found in Datamart and Curated Table :: CREATEDFROM_ID
Column Name found in Datamart and Curated Table :: MEMBERSHIPDURATION
Column Name found in Datamart and Curated Table :: PROJECTORDER
Column Name found in Datamart and Curated Table :: QUANTITY
Column Name found in Datamart and Curated Table :: COSTOFSALEACCOUNT_ID
Column Name found in Datamart and Curated Table :: ADDONFLATAMOUNT
Column Name found in Datamart and Curated Table :: EQUIPMENT_ID
Column Name found in Datamart and Curated Table :: STANDARDPRICE
Column Name found in Datamart and Curated Table :: ACCOUNT
Column Name found in Datamart and Curated Table :: GENERALLEDGERACCOUNT_ID
Column Name found in Datamart and Curated Table :: TOTALCOST
Column Name found in Datamart and Curated Table :: MODIFIEDON
Column Name found in Datamart and Curated Table :: SKU_ID
Column Name found in Datamart and Curated Table :: DESCRIPTION
Column Name found in Datamart and Curated Table :: INVOICEITEM_ID
Column Name found in Datamart and Curated Table :: LASTUNITPRICESETBYEMPLOYEE
Column Name found in Datamart and Curated Table :: MEMBERPRICE
Column Name found in Datamart and Curated Table :: PAYSSOLDBYRATE
Column Name found in Datamart and Curated Table :: IMPORTID
Column Name found in Datamart and Curated Table :: ISNOTGOINGTOBEDONE
Column Name found in Datamart and Curated Table :: TAXABLE
Column Name found in Datamart and Curated Table :: ITEMGROUPNAME
Column Name found in Datamart and Curated Table :: ALLOWDISCOUNTS
Column Name found in Datamart and Curated Table :: DEMANDSTATUS
Column Name found in Datamart and Curated Table :: MEMBERSHIPBILLINGFREQUENCY
Column Name found in Datamart and Curated Table :: PARENTITEM_ID
Column Name found in Datamart and Curated Table :: PAYSFLATAMOUNT
Column Name found in Datamart and Curated Table :: TOTAL
Column Name found in Datamart and Curated Table :: CREATEDBY_ID
Column Name found in Datamart and Curated Table :: CREATEDON
Column Name found in Datamart and Curated Table :: PRICEMODIFIER_ID
Column Name found in Datamart and Curated Table :: ORDER
Column Name found in Datamart and Curated Table :: TENANT_TYPE
Datamart tables contains additional column name like [ACTIVE_FLAG, RECORD_CREATE_DATE, RECORD_UPDATE_DATE, MASTER_ID]
Curated tables contains additional column name like [RECORD_CREATE_DATE, RECORD_UPDATE_DATE, RECORD_UPDATED_BY]]]>
  </system-out>
  <testcase classname="testcases.RAW_DATAMART_CURATED.SnowFlake_ColumnValidation_APITables" name="validateColumnName_BKP" time="3.497"/>
  <system-out>
    <![CDATA[Executing Snowflake query :: SELECT COLUMN_NAME FROM DEV_ENT_RAW.INFORMATION_SCHEMA.COLUMNS WHERE TABLE_NAME='ST_API_JOB'and TABLE_SCHEMA='API_MAT'
Executing Snowflake query :: SELECT COLUMN_NAME FROM CURATED_DATAMART.INFORMATION_SCHEMA.COLUMNS WHERE TABLE_NAME='STR_API_JOB'and TABLE_SCHEMA='ST_API_HENDERSON'
Executing Snowflake query :: SELECT COLUMN_NAME FROM DEV_ENT_CURATED.INFORMATION_SCHEMA.COLUMNS WHERE TABLE_NAME='DIM_JOB'and TABLE_SCHEMA='MASTER_DIMENSIONS'
Column names for RAW Table --> ST_API_JOB :: [ACTIVE, CUSTOMER_ID, MANAGEEMPLOYEEEMAIL, MONTHNUMBER, NOCHARGESOURCE, START, CAMPAIGN_ID, LASTCHANGEDBYSMARTDISPATCH, OPPORTUNITYDATE, PREVAILINGWAGEJOBNUMBER, PROJECT_ID, PRIORITY, DRIVETIME, PLANEND, PREDICTEDTOTAL, STATUS, TOTAL, APPROXIMATESTARTDATE, ESTIMATEDCOST, IMPORTID, PROJECTEDVALUE, CREATEDFROMESTIMATESTATUSWHENBOOKING, ISAUTODISPATCHED, NOTIFICATIONSENABLED, COMPLETEDON, CREATEDBY_ID, CUSTOMERPO, ID, LEADGENERATED_ID, LOCATION_ID, PMDATE, PREVAILINGWAGECODE_ID, APPROXIMATEENDDATE, COMPLETIONSURVEYID, CREATEDON, REASSIGNMENTPENALTY, NUMBER, CREATEDFROMESTIMATE_ID, ISCONFIRMED, LATEPENALTY, OPPORTUNITY_ID, PLANSTART, DRIVINGCOST, GENERATEDFROM_ID, SOLDBY_ID, RECALLFOR_ID, CALLSCRIPTANSWERRECORD_ID, DURATION, INVOICE_ID, ISPREVAILINGWAGE, NOCHARGE, SMARTDISPATCHDATA_JOB, LASTAPPOINTMENT_ID, BUSINESSUNIT_ID, FIRSTAPPOINTMENT_ID, GENERATEDBY_ID, ISTECHNICIANSPECIFIC, UNION, WARRANTYFOR_ID, MEMBERSHIP_ID, TYPE_ID, MODIFIEDON, ALLOTTEDTIME, END, EXTERNALID, SECONDARYJOBNUMBER, LEAD_ID, MANAGEFOLLOWUPEMAIL, PREDICTEDSALES, SUMMARY, TENANT_TYPE]
Column names for DataMart Table --> STR_API_JOB :: [DRIVINGCOST, DURATION, GENERATEDBY_ID, GENERATEDFROM_ID, ID, INVOICE_ID, ISAUTODISPATCHED, LASTAPPOINTMENT_ID, NOCHARGESOURCE, TYPE_ID, ISCONFIRMED, NUMBER, REASSIGNMENTPENALTY, START, TENANT_TYPE, ISTECHNICIANSPECIFIC, RECORD_CREATE_DATE, MASTER_ID, PMDATE, ACTIVE, COMPLETEDON, COMPLETIONSURVEYID, ISPREVAILINGWAGE, PREDICTEDSALES, LEAD_ID, LOCATION_ID, MODIFIEDON, PLANSTART, PREVAILINGWAGEJOBNUMBER, SOLDBY_ID, APPROXIMATEENDDATE, EXTERNALID, LEADGENERATED_ID, PREVAILINGWAGECODE_ID, MEMBERSHIP_ID, NOCHARGE, STATUS, WARRANTYFOR_ID, SUMMARY, UNION, CALLSCRIPTANSWERRECORD_ID, ALLOTTEDTIME, IMPORTID, FIRSTAPPOINTMENT_ID, LATEPENALTY, MANAGEFOLLOWUPEMAIL, OPPORTUNITYDATE, RECALLFOR_ID, PROJECT_ID, ACTIVE_FLAG, APPROXIMATESTARTDATE, OPPORTUNITY_ID, SMARTDISPATCHDATA_JOB, MANAGEEMPLOYEEEMAIL, PRIORITY, SECONDARYJOBNUMBER, CAMPAIGN_ID, CREATEDFROMESTIMATESTATUSWHENBOOKING, ESTIMATEDCOST, LASTCHANGEDBYSMARTDISPATCH, RECORD_UPDATE_DATE, TOTAL, DRIVETIME, PLANEND, PROJECTEDVALUE, PREDICTEDTOTAL, BUSINESSUNIT_ID, CREATEDBY_ID, CREATEDFROMESTIMATE_ID, CREATEDON, CUSTOMER_ID, END, MONTHNUMBER, NOTIFICATIONSENABLED, CUSTOMERPO]
Column names for Curated Table --> DIM_JOB :: [LASTCHANGEDBYSMARTDISPATCH, PROJECTEDVALUE, TYPE_ID, EXTERNALID, NOCHARGESOURCE, PMDATE, RECALLFOR_ID, START, ACTIVE, ISAUTODISPATCHED, MONTHNUMBER, PRIORITY, CREATEDON, OPPORTUNITYDATE, PREVAILINGWAGEJOBNUMBER, RECORD_CREATE_DATE, CREATEDBY_ID, LASTAPPOINTMENT_ID, MANAGEEMPLOYEEEMAIL, TOTAL, APPROXIMATESTARTDATE, GENERATEDBY_ID, MANAGEFOLLOWUPEMAIL, RECORD_UPDATED_BY, WARRANTYFOR_ID, UNION, CREATEDFROMESTIMATE_ID, REASSIGNMENTPENALTY, PREDICTEDSALES, LATEPENALTY, DURATION, DRIVETIME, STATUS, SUMMARY, IMPORTID, NOTIFICATIONSENABLED, RECORD_UPDATE_DATE, ALLOTTEDTIME, COMPLETEDON, CUSTOMERPO, GENERATEDFROM_ID, ISTECHNICIANSPECIFIC, LOCATION_ID, PLANEND, MODIFIEDON, PREVAILINGWAGECODE_ID, SECONDARYJOBNUMBER, END, OPPORTUNITY_ID, APPROXIMATEENDDATE, BUSINESSUNIT_ID, CALLSCRIPTANSWERRECORD_ID, CUSTOMER_ID, DRIVINGCOST, ESTIMATEDCOST, FIRSTAPPOINTMENT_ID, PROJECT_ID, SOLDBY_ID, NOCHARGE, ISCONFIRMED, LEADGENERATED_ID, CAMPAIGN_ID, COMPLETIONSURVEYID, CREATEDFROMESTIMATESTATUSWHENBOOKING, ID, INVOICE_ID, ISPREVAILINGWAGE, LEAD_ID, MEMBERSHIP_ID, PLANSTART, SMARTDISPATCHDATA_JOB, TENANT_TYPE, PREDICTEDTOTAL, NUMBER]
Column Name found in Datamart and Curated Table :: ACTIVE
Column Name found in Datamart and Curated Table :: CUSTOMER_ID
Column Name found in Datamart and Curated Table :: MANAGEEMPLOYEEEMAIL
Column Name found in Datamart and Curated Table :: MONTHNUMBER
Column Name found in Datamart and Curated Table :: NOCHARGESOURCE
Column Name found in Datamart and Curated Table :: START
Column Name found in Datamart and Curated Table :: CAMPAIGN_ID
Column Name found in Datamart and Curated Table :: LASTCHANGEDBYSMARTDISPATCH
Column Name found in Datamart and Curated Table :: OPPORTUNITYDATE
Column Name found in Datamart and Curated Table :: PREVAILINGWAGEJOBNUMBER
Column Name found in Datamart and Curated Table :: PROJECT_ID
Column Name found in Datamart and Curated Table :: PRIORITY
Column Name found in Datamart and Curated Table :: DRIVETIME
Column Name found in Datamart and Curated Table :: PLANEND
Column Name found in Datamart and Curated Table :: PREDICTEDTOTAL
Column Name found in Datamart and Curated Table :: STATUS
Column Name found in Datamart and Curated Table :: TOTAL
Column Name found in Datamart and Curated Table :: APPROXIMATESTARTDATE
Column Name found in Datamart and Curated Table :: ESTIMATEDCOST
Column Name found in Datamart and Curated Table :: IMPORTID
Column Name found in Datamart and Curated Table :: PROJECTEDVALUE
Column Name found in Datamart and Curated Table :: CREATEDFROMESTIMATESTATUSWHENBOOKING
Column Name found in Datamart and Curated Table :: ISAUTODISPATCHED
Column Name found in Datamart and Curated Table :: NOTIFICATIONSENABLED
Column Name found in Datamart and Curated Table :: COMPLETEDON
Column Name found in Datamart and Curated Table :: CREATEDBY_ID
Column Name found in Datamart and Curated Table :: CUSTOMERPO
Column Name found in Datamart and Curated Table :: ID
Column Name found in Datamart and Curated Table :: LEADGENERATED_ID
Column Name found in Datamart and Curated Table :: LOCATION_ID
Column Name found in Datamart and Curated Table :: PMDATE
Column Name found in Datamart and Curated Table :: PREVAILINGWAGECODE_ID
Column Name found in Datamart and Curated Table :: APPROXIMATEENDDATE
Column Name found in Datamart and Curated Table :: COMPLETIONSURVEYID
Column Name found in Datamart and Curated Table :: CREATEDON
Column Name found in Datamart and Curated Table :: REASSIGNMENTPENALTY
Column Name found in Datamart and Curated Table :: NUMBER
Column Name found in Datamart and Curated Table :: CREATEDFROMESTIMATE_ID
Column Name found in Datamart and Curated Table :: ISCONFIRMED
Column Name found in Datamart and Curated Table :: LATEPENALTY
Column Name found in Datamart and Curated Table :: OPPORTUNITY_ID
Column Name found in Datamart and Curated Table :: PLANSTART
Column Name found in Datamart and Curated Table :: DRIVINGCOST
Column Name found in Datamart and Curated Table :: GENERATEDFROM_ID
Column Name found in Datamart and Curated Table :: SOLDBY_ID
Column Name found in Datamart and Curated Table :: RECALLFOR_ID
Column Name found in Datamart and Curated Table :: CALLSCRIPTANSWERRECORD_ID
Column Name found in Datamart and Curated Table :: DURATION
Column Name found in Datamart and Curated Table :: INVOICE_ID
Column Name found in Datamart and Curated Table :: ISPREVAILINGWAGE
Column Name found in Datamart and Curated Table :: NOCHARGE
Column Name found in Datamart and Curated Table :: SMARTDISPATCHDATA_JOB
Column Name found in Datamart and Curated Table :: LASTAPPOINTMENT_ID
Column Name found in Datamart and Curated Table :: BUSINESSUNIT_ID
Column Name found in Datamart and Curated Table :: FIRSTAPPOINTMENT_ID
Column Name found in Datamart and Curated Table :: GENERATEDBY_ID
Column Name found in Datamart and Curated Table :: ISTECHNICIANSPECIFIC
Column Name found in Datamart and Curated Table :: UNION
Column Name found in Datamart and Curated Table :: WARRANTYFOR_ID
Column Name found in Datamart and Curated Table :: MEMBERSHIP_ID
Column Name found in Datamart and Curated Table :: TYPE_ID
Column Name found in Datamart and Curated Table :: MODIFIEDON
Column Name found in Datamart and Curated Table :: ALLOTTEDTIME
Column Name found in Datamart and Curated Table :: END
Column Name found in Datamart and Curated Table :: EXTERNALID
Column Name found in Datamart and Curated Table :: SECONDARYJOBNUMBER
Column Name found in Datamart and Curated Table :: LEAD_ID
Column Name found in Datamart and Curated Table :: MANAGEFOLLOWUPEMAIL
Column Name found in Datamart and Curated Table :: PREDICTEDSALES
Column Name found in Datamart and Curated Table :: SUMMARY
Column Name found in Datamart and Curated Table :: TENANT_TYPE
Datamart tables contains additional column name like [ACTIVE_FLAG, RECORD_CREATE_DATE, RECORD_UPDATE_DATE, MASTER_ID]
Curated tables contains additional column name like [RECORD_CREATE_DATE, RECORD_UPDATE_DATE, RECORD_UPDATED_BY]]]>
  </system-out>
  <testcase classname="testcases.RAW_DATAMART_CURATED.SnowFlake_ColumnValidation_APITables" name="validateColumnName_BKP" time="2.776">
    <failure message="The following asserts failed:
	null,
	null" type="java.lang.AssertionError">
      <![CDATA[java.lang.AssertionError: The following asserts failed:
null,
null
at org.testng.asserts.SoftAssert.assertAll(SoftAssert.java:47)
at org.testng.asserts.SoftAssert.assertAll(SoftAssert.java:31)
at testcases.RAW_DATAMART_CURATED.SnowFlake_ColumnValidation_APITables.validateColumnName_BKP(SnowFlake_ColumnValidation_APITables.java:128)
at jdk.internal.reflect.GeneratedMethodAccessor38.invoke(Unknown Source)
at java.base/jdk.internal.reflect.DelegatingMethodAccessorImpl.invoke(DelegatingMethodAccessorImpl.java:43)
at java.base/java.lang.reflect.Method.invoke(Method.java:568)
at org.testng.internal.MethodInvocationHelper.invokeMethod(MethodInvocationHelper.java:133)
at org.testng.internal.TestInvoker.invokeMethod(TestInvoker.java:598)
at org.testng.internal.TestInvoker.invokeTestMethod(TestInvoker.java:173)
at org.testng.internal.MethodRunner.runInSequence(MethodRunner.java:46)
at org.testng.internal.TestInvoker$MethodInvocationAgent.invoke(TestInvoker.java:824)
at org.testng.internal.TestInvoker.invokeTestMethods(TestInvoker.java:146)
at org.testng.internal.TestMethodWorker.invokeTestMethods(TestMethodWorker.java:146)
at org.testng.internal.TestMethodWorker.run(TestMethodWorker.java:128)
at java.base/java.util.ArrayList.forEach(ArrayList.java:1511)
at org.testng.TestRunner.privateRun(TestRunner.java:794)
at org.testng.TestRunner.run(TestRunner.java:596)
at org.testng.SuiteRunner.runTest(SuiteRunner.java:377)
at org.testng.SuiteRunner.runSequentially(SuiteRunner.java:371)
at org.testng.SuiteRunner.privateRun(SuiteRunner.java:332)
at org.testng.SuiteRunner.run(SuiteRunner.java:276)
at org.testng.SuiteRunnerWorker.runSuite(SuiteRunnerWorker.java:53)
at org.testng.SuiteRunnerWorker.run(SuiteRunnerWorker.java:96)
at org.testng.TestNG.runSuitesSequentially(TestNG.java:1212)
at org.testng.TestNG.runSuitesLocally(TestNG.java:1134)
at org.testng.TestNG.runSuites(TestNG.java:1063)
at org.testng.TestNG.run(TestNG.java:1031)
at org.testng.remote.AbstractRemoteTestNG.run(AbstractRemoteTestNG.java:115)
at org.testng.remote.RemoteTestNG.initAndRun(RemoteTestNG.java:251)
at org.testng.remote.RemoteTestNG.main(RemoteTestNG.java:77)
]]>
    </failure>
  </testcase> <!-- validateColumnName_BKP -->
  <system-out>
    <![CDATA[Executing Snowflake query :: SELECT COLUMN_NAME FROM DEV_ENT_RAW.INFORMATION_SCHEMA.COLUMNS WHERE TABLE_NAME='ST_API_PROJECT'and TABLE_SCHEMA='API_MAT'
Executing Snowflake query :: SELECT COLUMN_NAME FROM CURATED_DATAMART.INFORMATION_SCHEMA.COLUMNS WHERE TABLE_NAME='STR_API_PROJECT'and TABLE_SCHEMA='ST_API_HARP'
Executing Snowflake query :: SELECT COLUMN_NAME FROM DEV_ENT_CURATED.INFORMATION_SCHEMA.COLUMNS WHERE TABLE_NAME='DIM_PROJECT'and TABLE_SCHEMA='MASTER_DIMENSIONS'
Column names for RAW Table --> ST_API_PROJECT :: [ACTIVE, AREITEMSREORDERED, CUSTOMER_ID, NAME, NUMBER, PROJECTSETTINGSTYPE, TECHNICIANSIGNATURE, SUMMARY, MODIFIEDON, ACKNOWLEDGEMENTSIGNATURE, COMPLETEDON, COMPLETIONPERCENT, COSTTOCOMPLETE, CREATEDBY_ID, CREATEDON, IMPORTID, COMPLETEDONACTUAL, ID, CONTRACTESTIMATE_ID, AUTHORIZATIONSIGNATURE, CONTRACTSTARTDATE, STARTEDON, CONTRACTFOR, ISRETAINAGEENABLED, ISPREVAILINGWAGE, LOCATION_ID, PAYMENTTERM_ID, RETAINAGEPERCENT, REVENUERECOGNITIONMETHOD, TENANT_TYPE]
Column names for DataMart Table --> STR_API_PROJECT :: [NUMBER, RECORD_CREATE_DATE, ACTIVE, CONTRACTFOR, MODIFIEDON, PROJECTSETTINGSTYPE, AUTHORIZATIONSIGNATURE, STARTEDON, TENANT_TYPE, ACKNOWLEDGEMENTSIGNATURE, COMPLETEDONACTUAL, ID, NAME, SUMMARY, MASTER_ID, ISRETAINAGEENABLED, ACTIVE_FLAG, COMPLETIONPERCENT, RECORD_UPDATE_DATE, CREATEDON, CONTRACTESTIMATE_ID, MD5_VALUE, CUSTOMER_ID, AREITEMSREORDERED, COMPLETEDON, CONTRACTSTARTDATE, CREATEDBY_ID, PAYMENTTERM_ID, ISPREVAILINGWAGE, IMPORTID, LOCATION_ID, TECHNICIANSIGNATURE, RETAINAGEPERCENT]
Column names for Curated Table --> DIM_PROJECT :: [RECORD_UPDATE_DATE, ACTIVE, AUTHORIZATIONSIGNATURE, COMPLETEDON, RETAINAGEPERCENT, IMPORTID, CONTRACTFOR, CONTRACTSTARTDATE, ID, ISRETAINAGEENABLED, RECORD_CREATE_DATE, RECORD_UPDATED_BY, TENANT_TYPE, PROJECTSETTINGSTYPE, TECHNICIANSIGNATURE, ISPREVAILINGWAGE, MD5_VALUE, NAME, PAYMENTTERM_ID, COMPLETEDONACTUAL, CUSTOMER_ID, NUMBER, AREITEMSREORDERED, CREATEDON, LOCATION_ID, MODIFIEDON, STARTEDON, ACKNOWLEDGEMENTSIGNATURE, COMPLETIONPERCENT, CONTRACTESTIMATE_ID, SUMMARY, CREATEDBY_ID, REVENUERECOGNITIONMETHOD]
Column Name found in Datamart and Curated Table :: ACTIVE
Column Name found in Datamart and Curated Table :: AREITEMSREORDERED
Column Name found in Datamart and Curated Table :: CUSTOMER_ID
Column Name found in Datamart and Curated Table :: NAME
Column Name found in Datamart and Curated Table :: NUMBER
Column Name found in Datamart and Curated Table :: PROJECTSETTINGSTYPE
Column Name found in Datamart and Curated Table :: TECHNICIANSIGNATURE
Column Name found in Datamart and Curated Table :: SUMMARY
Column Name found in Datamart and Curated Table :: MODIFIEDON
Column Name found in Datamart and Curated Table :: ACKNOWLEDGEMENTSIGNATURE
Column Name found in Datamart and Curated Table :: COMPLETEDON
Column Name found in Datamart and Curated Table :: COMPLETIONPERCENT
Column Name not found in Datamart and Curated Table :: COSTTOCOMPLETE
Column Name found in Datamart and Curated Table :: CREATEDBY_ID
Column Name found in Datamart and Curated Table :: CREATEDON
Column Name found in Datamart and Curated Table :: IMPORTID
Column Name found in Datamart and Curated Table :: COMPLETEDONACTUAL
Column Name found in Datamart and Curated Table :: ID
Column Name found in Datamart and Curated Table :: CONTRACTESTIMATE_ID
Column Name found in Datamart and Curated Table :: AUTHORIZATIONSIGNATURE
Column Name found in Datamart and Curated Table :: CONTRACTSTARTDATE
Column Name found in Datamart and Curated Table :: STARTEDON
Column Name found in Datamart and Curated Table :: CONTRACTFOR
Column Name found in Datamart and Curated Table :: ISRETAINAGEENABLED
Column Name found in Datamart and Curated Table :: ISPREVAILINGWAGE
Column Name found in Datamart and Curated Table :: LOCATION_ID
Column Name found in Datamart and Curated Table :: PAYMENTTERM_ID
Column Name found in Datamart and Curated Table :: RETAINAGEPERCENT
Column Name not found in Datamart and Curated Table :: REVENUERECOGNITIONMETHOD
Column Name found in Datamart and Curated Table :: TENANT_TYPE
Datamart tables contains additional column name like [ACTIVE_FLAG, RECORD_CREATE_DATE, RECORD_UPDATE_DATE, MASTER_ID]
Curated tables contains additional column name like [RECORD_CREATE_DATE, RECORD_UPDATE_DATE, RECORD_UPDATED_BY]]]>
  </system-out>
  <testcase classname="testcases.RAW_DATAMART_CURATED.SnowFlake_ColumnValidation_APITables" name="validateColumnName_BKP" time="3.514"/>
  <system-out>
    <![CDATA[Executing Snowflake query :: SELECT COLUMN_NAME FROM DEV_ENT_RAW.INFORMATION_SCHEMA.COLUMNS WHERE TABLE_NAME='ST_API_JOBTYPE'and TABLE_SCHEMA='API_MAT'
Executing Snowflake query :: SELECT COLUMN_NAME FROM CURATED_DATAMART.INFORMATION_SCHEMA.COLUMNS WHERE TABLE_NAME='STR_API_JOBTYPE'and TABLE_SCHEMA='ST_API_HUTCHINSON'
Executing Snowflake query :: SELECT COLUMN_NAME FROM DEV_ENT_CURATED.INFORMATION_SCHEMA.COLUMNS WHERE TABLE_NAME='DIM_JOBTYPE'and TABLE_SCHEMA='MASTER_DIMENSIONS'
Column names for RAW Table --> ST_API_JOBTYPE :: [ACTIVE, COMPSTANDARDRATE, ENFORCERECURRINGSERVICEEVENTSELECTION, COMPDOUBLEOVERTIMERATE, COMPOVERTIMERATE, MODIFIEDON, IMAGE, ISAUTODISPATCHED, ISTUNEUP, NAME, CLASS, PRIORITY, IMPORTID, SOLDTHRESHOLD, NOCHARGE, CREATEDBY_ID, CREATEDON, MAXIMUMMATERIALCOSTINPERCENT, PROJECTEDVALUEADJUSTMENT, ID, DURATION, COMPCODE, MINIMUMMATERIALCOSTINPERCENT, SUMMARY, PROJECTLABELS, LIKELIHOOD, TENANT_TYPE]
Column names for DataMart Table --> STR_API_JOBTYPE :: [COMPSTANDARDRATE, LIKELIHOOD, CREATEDON, PROJECTLABELS, TENANT_TYPE, ACTIVE, COMPOVERTIMERATE, ID, RECORD_UPDATE_DATE, CREATEDBY_ID, ACTIVE_FLAG, CLASS, DURATION, IMAGE, SOLDTHRESHOLD, SUMMARY, ISTUNEUP, IMPORTID, MASTER_ID, PROJECTEDVALUEADJUSTMENT, RECORD_CREATE_DATE, COMPDOUBLEOVERTIMERATE, ISAUTODISPATCHED, MAXIMUMMATERIALCOSTINPERCENT, NOCHARGE, MODIFIEDON, COMPCODE, PRIORITY, ENFORCERECURRINGSERVICEEVENTSELECTION, MINIMUMMATERIALCOSTINPERCENT, NAME]
Column names for Curated Table --> DIM_JOBTYPE :: [COMPOVERTIMERATE, PROJECTLABELS, RECORD_UPDATED_BY, MAXIMUMMATERIALCOSTINPERCENT, SUMMARY, NAME, COMPDOUBLEOVERTIMERATE, CREATEDBY_ID, DURATION, ISAUTODISPATCHED, RECORD_UPDATE_DATE, COMPSTANDARDRATE, NOCHARGE, IMPORTID, TENANT_TYPE, ACTIVE, ENFORCERECURRINGSERVICEEVENTSELECTION, ID, ISSMARTDISPATCHEDBYDEFAULTINAPI, ISTUNEUP, CLASS, COMPCODE, MINIMUMMATERIALCOSTINPERCENT, PRIORITY, CREATEDON, LIKELIHOOD, RECORD_CREATE_DATE, SOLDTHRESHOLD, IMAGE, MODIFIEDON, PROJECTEDVALUEADJUSTMENT]
Column Name found in Datamart and Curated Table :: ACTIVE
Column Name found in Datamart and Curated Table :: COMPSTANDARDRATE
Column Name found in Datamart and Curated Table :: ENFORCERECURRINGSERVICEEVENTSELECTION
Column Name found in Datamart and Curated Table :: COMPDOUBLEOVERTIMERATE
Column Name found in Datamart and Curated Table :: COMPOVERTIMERATE
Column Name found in Datamart and Curated Table :: MODIFIEDON
Column Name found in Datamart and Curated Table :: IMAGE
Column Name found in Datamart and Curated Table :: ISAUTODISPATCHED
Column Name found in Datamart and Curated Table :: ISTUNEUP
Column Name found in Datamart and Curated Table :: NAME
Column Name found in Datamart and Curated Table :: CLASS
Column Name found in Datamart and Curated Table :: PRIORITY
Column Name found in Datamart and Curated Table :: IMPORTID
Column Name found in Datamart and Curated Table :: SOLDTHRESHOLD
Column Name found in Datamart and Curated Table :: NOCHARGE
Column Name found in Datamart and Curated Table :: CREATEDBY_ID
Column Name found in Datamart and Curated Table :: CREATEDON
Column Name found in Datamart and Curated Table :: MAXIMUMMATERIALCOSTINPERCENT
Column Name found in Datamart and Curated Table :: PROJECTEDVALUEADJUSTMENT
Column Name found in Datamart and Curated Table :: ID
Column Name found in Datamart and Curated Table :: DURATION
Column Name found in Datamart and Curated Table :: COMPCODE
Column Name found in Datamart and Curated Table :: MINIMUMMATERIALCOSTINPERCENT
Column Name found in Datamart and Curated Table :: SUMMARY
Column Name found in Datamart and Curated Table :: PROJECTLABELS
Column Name found in Datamart and Curated Table :: LIKELIHOOD
Column Name found in Datamart and Curated Table :: TENANT_TYPE
Datamart tables contains additional column name like [ACTIVE_FLAG, RECORD_CREATE_DATE, RECORD_UPDATE_DATE, MASTER_ID]
Curated tables contains additional column name like [RECORD_CREATE_DATE, RECORD_UPDATE_DATE, RECORD_UPDATED_BY]]]>
  </system-out>
  <testcase classname="testcases.RAW_DATAMART_CURATED.SnowFlake_ColumnValidation_APITables" name="validateColumnName_BKP" time="2.154"/>
  <system-out>
    <![CDATA[Executing Snowflake query :: SELECT COLUMN_NAME FROM DEV_ENT_RAW.INFORMATION_SCHEMA.COLUMNS WHERE TABLE_NAME='ST_API_LEAD'and TABLE_SCHEMA='API_MAT'
Executing Snowflake query :: SELECT COLUMN_NAME FROM CURATED_DATAMART.INFORMATION_SCHEMA.COLUMNS WHERE TABLE_NAME='STR_API_LEAD'and TABLE_SCHEMA='ST_API_CASTEEL'
Executing Snowflake query :: SELECT COLUMN_NAME FROM DEV_ENT_CURATED.INFORMATION_SCHEMA.COLUMNS WHERE TABLE_NAME='DIM_LEAD'and TABLE_SCHEMA='MASTER_DIMENSIONS'
Column names for RAW Table --> ST_API_LEAD :: [CREATEDBY_ID, ID, CREATEDON, PRIORITY, PROJECT_ID, STATUS, ESTIMATE_ID, JOBTYPE_ID, MODIFIEDON, SUMMARY, CUSTOMER_ID, LOCATION_ID, CAMPAIGN_ID, LATESTFOLLOWUPDATE, ACTIVE, BUSINESSUNIT_ID, IMPORTID, TENANT_TYPE]
Column names for DataMart Table --> STR_API_LEAD :: [ACTIVE_FLAG, ESTIMATE_ID, CAMPAIGN_ID, RECORD_CREATE_DATE, CREATEDBY_ID, TENANT_TYPE, JOBTYPE_ID, LOCATION_ID, MD5_VALUE, LATESTFOLLOWUPDATE, ID, CUSTOMER_ID, PRIORITY, MODIFIEDON, SUMMARY, ACTIVE, CREATEDON, IMPORTID, RECORD_UPDATE_DATE, BUSINESSUNIT_ID, MASTER_ID, PROJECT_ID, STATUS]
Column names for Curated Table --> DIM_LEAD :: [PRIORITY, ESTIMATE_ID, MD5_VALUE, MODIFIEDON, TENANT_TYPE, RECORD_UPDATED_BY, CUSTOMER_ID, PROJECT_ID, RECORD_CREATE_DATE, IMPORTID, STATUS, ACTIVE, BUSINESSUNIT_ID, CAMPAIGN_ID, CREATEDON, JOBTYPE_ID, LOCATION_ID, RECORD_UPDATE_DATE, CREATEDBY_ID, ID, LATESTFOLLOWUPDATE, SUMMARY]
Column Name found in Datamart and Curated Table :: CREATEDBY_ID
Column Name found in Datamart and Curated Table :: ID
Column Name found in Datamart and Curated Table :: CREATEDON
Column Name found in Datamart and Curated Table :: PRIORITY
Column Name found in Datamart and Curated Table :: PROJECT_ID
Column Name found in Datamart and Curated Table :: STATUS
Column Name found in Datamart and Curated Table :: ESTIMATE_ID
Column Name found in Datamart and Curated Table :: JOBTYPE_ID
Column Name found in Datamart and Curated Table :: MODIFIEDON
Column Name found in Datamart and Curated Table :: SUMMARY
Column Name found in Datamart and Curated Table :: CUSTOMER_ID
Column Name found in Datamart and Curated Table :: LOCATION_ID
Column Name found in Datamart and Curated Table :: CAMPAIGN_ID
Column Name found in Datamart and Curated Table :: LATESTFOLLOWUPDATE
Column Name found in Datamart and Curated Table :: ACTIVE
Column Name found in Datamart and Curated Table :: BUSINESSUNIT_ID
Column Name found in Datamart and Curated Table :: IMPORTID
Column Name found in Datamart and Curated Table :: TENANT_TYPE
Datamart tables contains additional column name like [ACTIVE_FLAG, RECORD_CREATE_DATE, RECORD_UPDATE_DATE, MASTER_ID]
Curated tables contains additional column name like [RECORD_CREATE_DATE, RECORD_UPDATE_DATE, RECORD_UPDATED_BY]]]>
  </system-out>
  <testcase classname="testcases.RAW_DATAMART_CURATED.SnowFlake_ColumnValidation_APITables" name="validateColumnName_BKP" time="3.700"/>
  <system-out>
    <![CDATA[Executing Snowflake query :: SELECT COLUMN_NAME FROM DEV_ENT_RAW.INFORMATION_SCHEMA.COLUMNS WHERE TABLE_NAME='ST_API_JOBCOMPLETIONSURVEY'and TABLE_SCHEMA='API_MAT'
Executing Snowflake query :: SELECT COLUMN_NAME FROM CURATED_DATAMART.INFORMATION_SCHEMA.COLUMNS WHERE TABLE_NAME='STR_API_JOBCOMPLETIONSURVEY'and TABLE_SCHEMA='ST_API_HORIZONSERVICES'
Executing Snowflake query :: SELECT COLUMN_NAME FROM DEV_ENT_CURATED.INFORMATION_SCHEMA.COLUMNS WHERE TABLE_NAME='DIM_JOBCOMPLETIONSURVEY'and TABLE_SCHEMA='MASTER_DIMENSIONS'
Column names for RAW Table --> ST_API_JOBCOMPLETIONSURVEY :: [SENTON, ISPLANNINGTOUSEAGAIN, ISROUTINECOMPLETED, MEMO, RECOMMENDATIONS, STATUS, TOKEN, ID, JOBCOMPLETEDON, SUBMITCOUNT, JOBID, MODIFIEDON, COMPLETEDON, RATING, SURVEYTYPE, TENANT_TYPE]
Column names for DataMart Table --> STR_API_JOBCOMPLETIONSURVEY :: [SUBMITCOUNT, COMPLETEDON, ISROUTINECOMPLETED, JOBCOMPLETEDON, JOBID, STATUS, SURVEYTYPE, TENANT_TYPE, MEMO, RECORD_CREATE_DATE, ISPLANNINGTOUSEAGAIN, SENTON, ACTIVE_FLAG, ID, MASTER_ID, MODIFIEDON, RATING, RECOMMENDATIONS, RECORD_UPDATE_DATE, TOKEN]
Column names for Curated Table --> DIM_JOBCOMPLETIONSURVEY :: [ID, JOBCOMPLETEDON, SUBMITCOUNT, ISROUTINECOMPLETED, MEMO, RECORD_UPDATED_BY, STATUS, JOBID, RECORD_UPDATE_DATE, TENANT_TYPE, MODIFIEDON, SURVEYTYPE, COMPLETEDON, ISPLANNINGTOUSEAGAIN, RATING, SENTON, RECOMMENDATIONS, RECORD_CREATE_DATE, TOKEN]
Column Name found in Datamart and Curated Table :: SENTON
Column Name found in Datamart and Curated Table :: ISPLANNINGTOUSEAGAIN
Column Name found in Datamart and Curated Table :: ISROUTINECOMPLETED
Column Name found in Datamart and Curated Table :: MEMO
Column Name found in Datamart and Curated Table :: RECOMMENDATIONS
Column Name found in Datamart and Curated Table :: STATUS
Column Name found in Datamart and Curated Table :: TOKEN
Column Name found in Datamart and Curated Table :: ID
Column Name found in Datamart and Curated Table :: JOBCOMPLETEDON
Column Name found in Datamart and Curated Table :: SUBMITCOUNT
Column Name found in Datamart and Curated Table :: JOBID
Column Name found in Datamart and Curated Table :: MODIFIEDON
Column Name found in Datamart and Curated Table :: COMPLETEDON
Column Name found in Datamart and Curated Table :: RATING
Column Name found in Datamart and Curated Table :: SURVEYTYPE
Column Name found in Datamart and Curated Table :: TENANT_TYPE
Datamart tables contains additional column name like [ACTIVE_FLAG, RECORD_CREATE_DATE, RECORD_UPDATE_DATE, MASTER_ID]
Curated tables contains additional column name like [RECORD_CREATE_DATE, RECORD_UPDATE_DATE, RECORD_UPDATED_BY]]]>
  </system-out>
  <testcase classname="testcases.RAW_DATAMART_CURATED.SnowFlake_ColumnValidation_APITables" name="validateColumnName_BKP" time="3.582"/>
  <system-out>
    <![CDATA[Executing Snowflake query :: SELECT COLUMN_NAME FROM DEV_ENT_RAW.INFORMATION_SCHEMA.COLUMNS WHERE TABLE_NAME='ST_API_TIMESHEETCODE'and TABLE_SCHEMA='API_MAT'
Executing Snowflake query :: SELECT COLUMN_NAME FROM CURATED_DATAMART.INFORMATION_SCHEMA.COLUMNS WHERE TABLE_NAME='STR_API_TIMESHEETCODE'and TABLE_SCHEMA='ST_API_BILLFENWICK'
Executing Snowflake query :: SELECT COLUMN_NAME FROM DEV_ENT_CURATED.INFORMATION_SCHEMA.COLUMNS WHERE TABLE_NAME='DIM_TIMESHEETCODE'and TABLE_SCHEMA='MASTER_DIMENSIONS'
Column names for RAW Table --> ST_API_TIMESHEETCODE :: [ADDRESS_ZIP, ROUTEAROUNDNJA, IMPORTID, RATEMULTIPLIER, STANDARDPAYROLLCONTROLCODE_ID, ADDRESS_COUNTRY, CODE, COUNTONJOBCOUNTER, OVERTIMEPAYROLLCONTROLCODE_ID, PAYROLLPOSTINGGROUP_ID, OVERTIMEPAYCODE_ID, ADDRESS_STREET, BUSINESSUNIT_ID, EXCLUDEABSENTEVENT, HOURLYRATE, SENDALERTSONMOBILE, VISIBILITY, ACTIVE, ID, TYPE, ADDRESS_ISMILITARY, ADDRESS_STATE, CREATEDBY_ID, APPLICABLEEMPLOYEETYPE, DOUBLEOVERTIMEPAYCODE_ID, GEOFENCECLOCKINMODE, STANDARDPAYCODE_ID, ADDRESS_LONGITUDE, DEDUCTCOMMUTETIME, EVENTNAME, STPAYCODE, ENABLESIMPLECLOCKINOUT, OTPAYCODE, CREATEDON, ADDRESS_CITY, ADDRESS_ISMANUALCOORDINATES, ADDRESS_LATITUDE, ADDRESS_UNIT, DESCRIPTION, ISDEFAULTSHOPTIME, CUSTOMHOURLYRATE, ISAUTOCLOCKINENABLED, TENANT_TYPE]
Column names for DataMart Table --> STR_API_TIMESHEETCODE :: [ADDRESS_LONGITUDE, ADDRESS_UNIT, ADDRESS_ZIP, SENDALERTSONMOBILE, RATEMULTIPLIER, ADDRESS_LATITUDE, DESCRIPTION, EVENTNAME, HOURLYRATE, VISIBILITY, ADDRESS_CITY, ADDRESS_STREET, CODE, IMPORTID, OVERTIMEPAYROLLCONTROLCODE_ID, PAYROLLPOSTINGGROUP_ID, ISDEFAULTSHOPTIME, STPAYCODE, RECORD_CREATE_DATE, STANDARDPAYROLLCONTROLCODE_ID, COUNTONJOBCOUNTER, ENABLESIMPLECLOCKINOUT, MASTER_ID, TENANT_TYPE, APPLICABLEEMPLOYEETYPE, CUSTOMHOURLYRATE, CREATEDON, DOUBLEOVERTIMEPAYCODE_ID, OTPAYCODE, RECORD_UPDATE_DATE, EXCLUDEABSENTEVENT, TYPE, OVERTIMEPAYCODE_ID, ADDRESS_ISMANUALCOORDINATES, ADDRESS_ISMILITARY, ADDRESS_STATE, DEDUCTCOMMUTETIME, GEOFENCECLOCKINMODE, ROUTEAROUNDNJA, CREATEDBY_ID, STANDARDPAYCODE_ID, ACTIVE, ACTIVE_FLAG, ADDRESS_COUNTRY, ISAUTOCLOCKINENABLED, ID, BUSINESSUNIT_ID]
Column names for Curated Table --> DIM_TIMESHEETCODE :: [ADDRESS_STREET, ADDRESS_ZIP, CUSTOMHOURLYRATE, DOUBLEOVERTIMEPAYCODE_ID, ENABLESIMPLECLOCKINOUT, DESCRIPTION, ADDRESS_ISMANUALCOORDINATES, ADDRESS_LONGITUDE, IMPORTID, CREATEDON, DEDUCTCOMMUTETIME, ID, ADDRESS_LATITUDE, CREATEDBY_ID, GEOFENCECLOCKINMODE, ROUTEAROUNDNJA, HOURLYRATE, RECORD_UPDATED_BY, RECORD_UPDATE_DATE, ADDRESS_UNIT, CODE, STANDARDPAYCODE_ID, OTPAYCODE, STPAYCODE, APPLICABLEEMPLOYEETYPE, OVERTIMEPAYCODE_ID, RATEMULTIPLIER, STANDARDPAYROLLCONTROLCODE_ID, EXCLUDEABSENTEVENT, PAYROLLPOSTINGGROUP_ID, TYPE, VISIBILITY, OVERTIMEPAYROLLCONTROLCODE_ID, ADDRESS_ISMILITARY, ADDRESS_STATE, ISDEFAULTSHOPTIME, ACTIVE, ADDRESS_CITY, BUSINESSUNIT_ID, COUNTONJOBCOUNTER, EVENTNAME, SENDALERTSONMOBILE, ADDRESS_COUNTRY, ISAUTOCLOCKINENABLED, TENANT_TYPE, RECORD_CREATE_DATE]
Column Name found in Datamart and Curated Table :: ADDRESS_ZIP
Column Name found in Datamart and Curated Table :: ROUTEAROUNDNJA
Column Name found in Datamart and Curated Table :: IMPORTID
Column Name found in Datamart and Curated Table :: RATEMULTIPLIER
Column Name found in Datamart and Curated Table :: STANDARDPAYROLLCONTROLCODE_ID
Column Name found in Datamart and Curated Table :: ADDRESS_COUNTRY
Column Name found in Datamart and Curated Table :: CODE
Column Name found in Datamart and Curated Table :: COUNTONJOBCOUNTER
Column Name found in Datamart and Curated Table :: OVERTIMEPAYROLLCONTROLCODE_ID
Column Name found in Datamart and Curated Table :: PAYROLLPOSTINGGROUP_ID
Column Name found in Datamart and Curated Table :: OVERTIMEPAYCODE_ID
Column Name found in Datamart and Curated Table :: ADDRESS_STREET
Column Name found in Datamart and Curated Table :: BUSINESSUNIT_ID
Column Name found in Datamart and Curated Table :: EXCLUDEABSENTEVENT
Column Name found in Datamart and Curated Table :: HOURLYRATE
Column Name found in Datamart and Curated Table :: SENDALERTSONMOBILE
Column Name found in Datamart and Curated Table :: VISIBILITY
Column Name found in Datamart and Curated Table :: ACTIVE
Column Name found in Datamart and Curated Table :: ID
Column Name found in Datamart and Curated Table :: TYPE
Column Name found in Datamart and Curated Table :: ADDRESS_ISMILITARY
Column Name found in Datamart and Curated Table :: ADDRESS_STATE
Column Name found in Datamart and Curated Table :: CREATEDBY_ID
Column Name found in Datamart and Curated Table :: APPLICABLEEMPLOYEETYPE
Column Name found in Datamart and Curated Table :: DOUBLEOVERTIMEPAYCODE_ID
Column Name found in Datamart and Curated Table :: GEOFENCECLOCKINMODE
Column Name found in Datamart and Curated Table :: STANDARDPAYCODE_ID
Column Name found in Datamart and Curated Table :: ADDRESS_LONGITUDE
Column Name found in Datamart and Curated Table :: DEDUCTCOMMUTETIME
Column Name found in Datamart and Curated Table :: EVENTNAME
Column Name found in Datamart and Curated Table :: STPAYCODE
Column Name found in Datamart and Curated Table :: ENABLESIMPLECLOCKINOUT
Column Name found in Datamart and Curated Table :: OTPAYCODE
Column Name found in Datamart and Curated Table :: CREATEDON
Column Name found in Datamart and Curated Table :: ADDRESS_CITY
Column Name found in Datamart and Curated Table :: ADDRESS_ISMANUALCOORDINATES
Column Name found in Datamart and Curated Table :: ADDRESS_LATITUDE
Column Name found in Datamart and Curated Table :: ADDRESS_UNIT
Column Name found in Datamart and Curated Table :: DESCRIPTION
Column Name found in Datamart and Curated Table :: ISDEFAULTSHOPTIME
Column Name found in Datamart and Curated Table :: CUSTOMHOURLYRATE
Column Name found in Datamart and Curated Table :: ISAUTOCLOCKINENABLED
Column Name found in Datamart and Curated Table :: TENANT_TYPE
Datamart tables contains additional column name like [ACTIVE_FLAG, RECORD_CREATE_DATE, RECORD_UPDATE_DATE, MASTER_ID]
Curated tables contains additional column name like [RECORD_CREATE_DATE, RECORD_UPDATE_DATE, RECORD_UPDATED_BY]]]>
  </system-out>
  <testcase classname="testcases.RAW_DATAMART_CURATED.SnowFlake_ColumnValidation_APITables" name="validateColumnName_BKP" time="2.574"/>
  <system-out>
    <![CDATA[Executing Snowflake query :: SELECT COLUMN_NAME FROM DEV_ENT_RAW.INFORMATION_SCHEMA.COLUMNS WHERE TABLE_NAME='ST_API_CONTACT'and TABLE_SCHEMA='API_MAT'
Executing Snowflake query :: SELECT COLUMN_NAME FROM CURATED_DATAMART.INFORMATION_SCHEMA.COLUMNS WHERE TABLE_NAME='STR_API_CONTACT'and TABLE_SCHEMA='ST_API_HORIZONSERVICES'
Executing Snowflake query :: SELECT COLUMN_NAME FROM DEV_ENT_CURATED.INFORMATION_SCHEMA.COLUMNS WHERE TABLE_NAME='DIM_CONTACT'and TABLE_SCHEMA='MASTER_DIMENSIONS'
Column names for RAW Table --> ST_API_CONTACT :: [OWNER_ID, VALUE, ACTIVE, MEMO, INVOICESTATEMENTNOTIFICATION, ID, TYPE, IMPORTID, MARKETINGUPDATESENABLED, CREATEDON, JOBREMINDERSENABLED, CREATEDBY_ID, MESSAGESENABLED, MODIFIEDON, REVERSEPHONE, TENANT_TYPE]
Column names for DataMart Table --> STR_API_CONTACT :: [CREATEDON, MARKETINGUPDATESENABLED, ACTIVE_FLAG, CREATEDBY_ID, RECORD_UPDATE_DATE, INVOICESTATEMENTNOTIFICATION, IMPORTID, MASTER_ID, MEMO, TYPE, TENANT_TYPE, VALUE, ACTIVE, JOBREMINDERSENABLED, OWNER_ID, ID, MESSAGESENABLED, MODIFIEDON, REVERSEPHONE, RECORD_CREATE_DATE]
Column names for Curated Table --> DIM_CONTACT :: [MESSAGESENABLED, MODIFIEDON, CREATEDON, MEMO, OWNER_ID, CREATEDBY_ID, MARKETINGUPDATESENABLED, REVERSEPHONE, ID, IMPORTID, JOBREMINDERSENABLED, INVOICESTATEMENTNOTIFICATION, RECORD_CREATE_DATE, RECORD_UPDATED_BY, TENANT_TYPE, ACTIVE, RECORD_UPDATE_DATE, VALUE, TYPE]
Column Name found in Datamart and Curated Table :: OWNER_ID
Column Name found in Datamart and Curated Table :: VALUE
Column Name found in Datamart and Curated Table :: ACTIVE
Column Name found in Datamart and Curated Table :: MEMO
Column Name found in Datamart and Curated Table :: INVOICESTATEMENTNOTIFICATION
Column Name found in Datamart and Curated Table :: ID
Column Name found in Datamart and Curated Table :: TYPE
Column Name found in Datamart and Curated Table :: IMPORTID
Column Name found in Datamart and Curated Table :: MARKETINGUPDATESENABLED
Column Name found in Datamart and Curated Table :: CREATEDON
Column Name found in Datamart and Curated Table :: JOBREMINDERSENABLED
Column Name found in Datamart and Curated Table :: CREATEDBY_ID
Column Name found in Datamart and Curated Table :: MESSAGESENABLED
Column Name found in Datamart and Curated Table :: MODIFIEDON
Column Name found in Datamart and Curated Table :: REVERSEPHONE
Column Name found in Datamart and Curated Table :: TENANT_TYPE
Datamart tables contains additional column name like [ACTIVE_FLAG, RECORD_CREATE_DATE, RECORD_UPDATE_DATE, MASTER_ID]
Curated tables contains additional column name like [RECORD_CREATE_DATE, RECORD_UPDATE_DATE, RECORD_UPDATED_BY]]]>
  </system-out>
  <testcase classname="testcases.RAW_DATAMART_CURATED.SnowFlake_ColumnValidation_APITables" name="validateColumnName_BKP" time="3.176"/>
  <system-out>
    <![CDATA[Executing Snowflake query :: SELECT COLUMN_NAME FROM DEV_ENT_RAW.INFORMATION_SCHEMA.COLUMNS WHERE TABLE_NAME='ST_API_CAMPAIGN'and TABLE_SCHEMA='API_MAT'
Executing Snowflake query :: SELECT COLUMN_NAME FROM CURATED_DATAMART.INFORMATION_SCHEMA.COLUMNS WHERE TABLE_NAME='STR_API_CAMPAIGN'and TABLE_SCHEMA='ST_API_SNELLHEATINGAIR'
Executing Snowflake query :: SELECT COLUMN_NAME FROM DEV_ENT_CURATED.INFORMATION_SCHEMA.COLUMNS WHERE TABLE_NAME='DIM_CAMPAIGN'and TABLE_SCHEMA='MASTER_DIMENSIONS'
Column names for RAW Table --> ST_API_CAMPAIGN :: [COST, CATEGORY_ID, ID, ACTIVE, BUSINESSUNIT_ID, MODIFIEDBY_ID, DNIS, IMAGE, NAME, IMPORTID, MODIFIEDON, CREATEDBY_ID, CREATEDON, TENANT_TYPE]
Column names for DataMart Table --> STR_API_CAMPAIGN :: [CATEGORY_ID, ID, ACTIVE, CREATEDBY_ID, MASTER_ID, COST, IMAGE, TENANT_TYPE, BUSINESSUNIT_ID, CREATEDON, IMPORTID, MODIFIEDBY_ID, MODIFIEDON, ACTIVE_FLAG, RECORD_CREATE_DATE, RECORD_UPDATE_DATE, DNIS, NAME]
Column names for Curated Table --> DIM_CAMPAIGN :: [IMAGE, MODIFIEDBY_ID, CATEGORY_ID, NAME, RECORD_CREATE_DATE, ACTIVE, COST, CREATEDBY_ID, IMPORTID, CREATEDON, BUSINESSUNIT_ID, ID, RECORD_UPDATED_BY, MODIFIEDON, DNIS, RECORD_UPDATE_DATE, TENANT_TYPE]
Column Name found in Datamart and Curated Table :: COST
Column Name found in Datamart and Curated Table :: CATEGORY_ID
Column Name found in Datamart and Curated Table :: ID
Column Name found in Datamart and Curated Table :: ACTIVE
Column Name found in Datamart and Curated Table :: BUSINESSUNIT_ID
Column Name found in Datamart and Curated Table :: MODIFIEDBY_ID
Column Name found in Datamart and Curated Table :: DNIS
Column Name found in Datamart and Curated Table :: IMAGE
Column Name found in Datamart and Curated Table :: NAME
Column Name found in Datamart and Curated Table :: IMPORTID
Column Name found in Datamart and Curated Table :: MODIFIEDON
Column Name found in Datamart and Curated Table :: CREATEDBY_ID
Column Name found in Datamart and Curated Table :: CREATEDON
Column Name found in Datamart and Curated Table :: TENANT_TYPE
Datamart tables contains additional column name like [ACTIVE_FLAG, RECORD_CREATE_DATE, RECORD_UPDATE_DATE, MASTER_ID]
Curated tables contains additional column name like [RECORD_CREATE_DATE, RECORD_UPDATE_DATE, RECORD_UPDATED_BY]]]>
  </system-out>
  <testcase classname="testcases.RAW_DATAMART_CURATED.SnowFlake_ColumnValidation_APITables" name="validateColumnName_BKP" time="1.997"/>
  <system-out>
    <![CDATA[Executing Snowflake query :: SELECT COLUMN_NAME FROM DEV_ENT_RAW.INFORMATION_SCHEMA.COLUMNS WHERE TABLE_NAME='ST_API_ESTIMATEITEM'and TABLE_SCHEMA='API_MAT'
Executing Snowflake query :: SELECT COLUMN_NAME FROM CURATED_DATAMART.INFORMATION_SCHEMA.COLUMNS WHERE TABLE_NAME='STR_API_ESTIMATEITEM'and TABLE_SCHEMA='ST_API_FOURPROS'
Executing Snowflake query :: SELECT COLUMN_NAME FROM DEV_ENT_CURATED.INFORMATION_SCHEMA.COLUMNS WHERE TABLE_NAME='DIM_ESTIMATEITEM'and TABLE_SCHEMA='MASTER_DIMENSIONS'
Column names for RAW Table --> ST_API_ESTIMATEITEM :: [ESTIMATE_ID, ID, INSTALLEDEQUIPMENT_ID, SCHEDULEDFLATAMOUNT, AUTOGLASSITEM_ID, COST, ISADDON, ITEMGROUPROOT_ID, RENEWABLEMEMBERSHIP_ID, UNITPRICE, MARKUP, PROJECTLABELS, SKUREFERENCE_SKUTYPE, SOLDBY_ID, SKUREFERENCE_SKUID, ACTIVE, CHARGEABLE, CREATEDFROM_ID, MEMBERSHIPDURATION, PROJECTORDER, QUANTITY, COSTOFSALEACCOUNT_ID, ADDONFLATAMOUNT, EQUIPMENT_ID, STANDARDPRICE, ACCOUNT, GENERALLEDGERACCOUNT_ID, TOTALCOST, MODIFIEDON, SKU_ID, DESCRIPTION, INVOICEITEM_ID, LASTUNITPRICESETBYEMPLOYEE, MEMBERPRICE, PAYSSOLDBYRATE, IMPORTID, ISNOTGOINGTOBEDONE, TAXABLE, ITEMGROUPNAME, ALLOWDISCOUNTS, DEMANDSTATUS, MEMBERSHIPBILLINGFREQUENCY, PARENTITEM_ID, PAYSFLATAMOUNT, TOTAL, CREATEDBY_ID, CREATEDON, PRICEMODIFIER_ID, ORDER, TENANT_TYPE]
Column names for DataMart Table --> STR_API_ESTIMATEITEM :: [COSTOFSALEACCOUNT_ID, MARKUP, MEMBERSHIPBILLINGFREQUENCY, SOLDBY_ID, ID, TOTAL, MEMBERSHIPDURATION, ACCOUNT, ADDONFLATAMOUNT, CREATEDBY_ID, TOTALCOST, LASTUNITPRICESETBYEMPLOYEE, MODIFIEDON, RECORD_CREATE_DATE, ALLOWDISCOUNTS, CREATEDON, ESTIMATE_ID, ISNOTGOINGTOBEDONE, UNITPRICE, ISHIDDENFROMCUSTOMER, INVOICEITEM_ID, QUANTITY, SCHEDULEDFLATAMOUNT, SKU_ID, AUTOGLASSITEM_ID, MASTER_ID, PRICEMODIFIER_ID, PROJECTLABELS, RENEWABLEMEMBERSHIP_ID, DEMANDSTATUS, GENERALLEDGERACCOUNT_ID, INSTALLEDEQUIPMENT_ID, ITEMGROUPROOT_ID, MEMBERPRICE, RECORD_UPDATED_BY, IMPORTID, RECORD_UPDATE_DATE, SKUREFERENCE_SKUTYPE, CHARGEABLE, COST, ISADDON, TENANT_TYPE, PROJECTORDER, STANDARDPRICE, PARENTITEM_ID, SKUREFERENCE_SKUID, ACTIVE, ACTIVE_FLAG, CREATEDFROM_ID, EQUIPMENT_ID, ITEMGROUPNAME, PAYSFLATAMOUNT, PAYSSOLDBYRATE, DESCRIPTION, TAXABLE, ORDER]
Column names for Curated Table --> DIM_ESTIMATEITEM :: [CREATEDON, DEMANDSTATUS, MEMBERPRICE, MEMBERSHIPBILLINGFREQUENCY, MEMBERSHIPDURATION, SKUREFERENCE_SKUTYPE, ADDONFLATAMOUNT, AUTOGLASSITEM_ID, COST, ID, PAYSSOLDBYRATE, STANDARDPRICE, TENANT_TYPE, TOTAL, RECORD_CREATE_DATE, ITEMGROUPROOT_ID, PARENTITEM_ID, ORDER, PROJECTLABELS, SOLDBY_ID, PROJECTORDER, ACTIVE, ALLOWDISCOUNTS, CREATEDFROM_ID, DESCRIPTION, ESTIMATE_ID, MARKUP, ISADDON, CREATEDBY_ID, GENERALLEDGERACCOUNT_ID, INVOICEITEM_ID, PRICEMODIFIER_ID, RECORD_UPDATED_BY, SKUREFERENCE_SKUID, QUANTITY, CHARGEABLE, ISHIDDENFROMCUSTOMER, SKU_ID, COSTOFSALEACCOUNT_ID, ISNOTGOINGTOBEDONE, TOTALCOST, INSTALLEDEQUIPMENT_ID, ITEMGROUPNAME, PAYSFLATAMOUNT, TAXABLE, SCHEDULEDFLATAMOUNT, ACCOUNT, EQUIPMENT_ID, LASTUNITPRICESETBYEMPLOYEE, RENEWABLEMEMBERSHIP_ID, IMPORTID, RECORD_UPDATE_DATE, UNITPRICE, MODIFIEDON]
Column Name found in Datamart and Curated Table :: ESTIMATE_ID
Column Name found in Datamart and Curated Table :: ID
Column Name found in Datamart and Curated Table :: INSTALLEDEQUIPMENT_ID
Column Name found in Datamart and Curated Table :: SCHEDULEDFLATAMOUNT
Column Name found in Datamart and Curated Table :: AUTOGLASSITEM_ID
Column Name found in Datamart and Curated Table :: COST
Column Name found in Datamart and Curated Table :: ISADDON
Column Name found in Datamart and Curated Table :: ITEMGROUPROOT_ID
Column Name found in Datamart and Curated Table :: RENEWABLEMEMBERSHIP_ID
Column Name found in Datamart and Curated Table :: UNITPRICE
Column Name found in Datamart and Curated Table :: MARKUP
Column Name found in Datamart and Curated Table :: PROJECTLABELS
Column Name found in Datamart and Curated Table :: SKUREFERENCE_SKUTYPE
Column Name found in Datamart and Curated Table :: SOLDBY_ID
Column Name found in Datamart and Curated Table :: SKUREFERENCE_SKUID
Column Name found in Datamart and Curated Table :: ACTIVE
Column Name found in Datamart and Curated Table :: CHARGEABLE
Column Name found in Datamart and Curated Table :: CREATEDFROM_ID
Column Name found in Datamart and Curated Table :: MEMBERSHIPDURATION
Column Name found in Datamart and Curated Table :: PROJECTORDER
Column Name found in Datamart and Curated Table :: QUANTITY
Column Name found in Datamart and Curated Table :: COSTOFSALEACCOUNT_ID
Column Name found in Datamart and Curated Table :: ADDONFLATAMOUNT
Column Name found in Datamart and Curated Table :: EQUIPMENT_ID
Column Name found in Datamart and Curated Table :: STANDARDPRICE
Column Name found in Datamart and Curated Table :: ACCOUNT
Column Name found in Datamart and Curated Table :: GENERALLEDGERACCOUNT_ID
Column Name found in Datamart and Curated Table :: TOTALCOST
Column Name found in Datamart and Curated Table :: MODIFIEDON
Column Name found in Datamart and Curated Table :: SKU_ID
Column Name found in Datamart and Curated Table :: DESCRIPTION
Column Name found in Datamart and Curated Table :: INVOICEITEM_ID
Column Name found in Datamart and Curated Table :: LASTUNITPRICESETBYEMPLOYEE
Column Name found in Datamart and Curated Table :: MEMBERPRICE
Column Name found in Datamart and Curated Table :: PAYSSOLDBYRATE
Column Name found in Datamart and Curated Table :: IMPORTID
Column Name found in Datamart and Curated Table :: ISNOTGOINGTOBEDONE
Column Name found in Datamart and Curated Table :: TAXABLE
Column Name found in Datamart and Curated Table :: ITEMGROUPNAME
Column Name found in Datamart and Curated Table :: ALLOWDISCOUNTS
Column Name found in Datamart and Curated Table :: DEMANDSTATUS
Column Name found in Datamart and Curated Table :: MEMBERSHIPBILLINGFREQUENCY
Column Name found in Datamart and Curated Table :: PARENTITEM_ID
Column Name found in Datamart and Curated Table :: PAYSFLATAMOUNT
Column Name found in Datamart and Curated Table :: TOTAL
Column Name found in Datamart and Curated Table :: CREATEDBY_ID
Column Name found in Datamart and Curated Table :: CREATEDON
Column Name found in Datamart and Curated Table :: PRICEMODIFIER_ID
Column Name found in Datamart and Curated Table :: ORDER
Column Name found in Datamart and Curated Table :: TENANT_TYPE
Datamart tables contains additional column name like [ACTIVE_FLAG, RECORD_CREATE_DATE, RECORD_UPDATE_DATE, MASTER_ID]
Curated tables contains additional column name like [RECORD_CREATE_DATE, RECORD_UPDATE_DATE, RECORD_UPDATED_BY]]]>
  </system-out>
  <testcase classname="testcases.RAW_DATAMART_CURATED.SnowFlake_ColumnValidation_APITables" name="validateColumnName_BKP" time="2.955"/>
  <system-out>
    <![CDATA[Executing Snowflake query :: SELECT COLUMN_NAME FROM DEV_ENT_RAW.INFORMATION_SCHEMA.COLUMNS WHERE TABLE_NAME='ST_API_CANCELJOBREASON'and TABLE_SCHEMA='API_MAT'
Executing Snowflake query :: SELECT COLUMN_NAME FROM CURATED_DATAMART.INFORMATION_SCHEMA.COLUMNS WHERE TABLE_NAME='STR_API_CANCELJOBREASON'and TABLE_SCHEMA='ST_API_HORIZONSERVICES'
Executing Snowflake query :: SELECT COLUMN_NAME FROM DEV_ENT_CURATED.INFORMATION_SCHEMA.COLUMNS WHERE TABLE_NAME='DIM_CANCELJOBREASON'and TABLE_SCHEMA='MASTER_DIMENSIONS'
Column names for RAW Table --> ST_API_CANCELJOBREASON :: [CREATEDBY_ID, CREATEDON, ID, IMPORTID, MODIFIEDON, NAME, ACTIVE, TENANT_TYPE]
Column names for DataMart Table --> STR_API_CANCELJOBREASON :: [ACTIVE_FLAG, ID, CREATEDON, ACTIVE, MASTER_ID, NAME, RECORD_CREATE_DATE, CREATEDBY_ID, IMPORTID, MODIFIEDON, RECORD_UPDATE_DATE, TENANT_TYPE]
Column names for Curated Table --> DIM_CANCELJOBREASON :: [ID, IMPORTID, TENANT_TYPE, MODIFIEDON, CREATEDON, RECORD_UPDATED_BY, RECORD_UPDATE_DATE, RECORD_CREATE_DATE, ACTIVE, CREATEDBY_ID, NAME]
Column Name found in Datamart and Curated Table :: CREATEDBY_ID
Column Name found in Datamart and Curated Table :: CREATEDON
Column Name found in Datamart and Curated Table :: ID
Column Name found in Datamart and Curated Table :: IMPORTID
Column Name found in Datamart and Curated Table :: MODIFIEDON
Column Name found in Datamart and Curated Table :: NAME
Column Name found in Datamart and Curated Table :: ACTIVE
Column Name found in Datamart and Curated Table :: TENANT_TYPE
Datamart tables contains additional column name like [ACTIVE_FLAG, RECORD_CREATE_DATE, RECORD_UPDATE_DATE, MASTER_ID]
Curated tables contains additional column name like [RECORD_CREATE_DATE, RECORD_UPDATE_DATE, RECORD_UPDATED_BY]]]>
  </system-out>
  <testcase classname="testcases.RAW_DATAMART_CURATED.SnowFlake_ColumnValidation_APITables" name="validateColumnName_BKP" time="3.861"/>
  <system-out>
    <![CDATA[Executing Snowflake query :: SELECT COLUMN_NAME FROM DEV_ENT_RAW.INFORMATION_SCHEMA.COLUMNS WHERE TABLE_NAME='ST_API_LEAD'and TABLE_SCHEMA='API_MAT'
Executing Snowflake query :: SELECT COLUMN_NAME FROM CURATED_DATAMART.INFORMATION_SCHEMA.COLUMNS WHERE TABLE_NAME='STR_API_LEAD'and TABLE_SCHEMA='ST_API_HORIZONSERVICES'
Executing Snowflake query :: SELECT COLUMN_NAME FROM DEV_ENT_CURATED.INFORMATION_SCHEMA.COLUMNS WHERE TABLE_NAME='DIM_LEAD'and TABLE_SCHEMA='MASTER_DIMENSIONS'
Column names for RAW Table --> ST_API_LEAD :: [CREATEDBY_ID, ID, CREATEDON, PRIORITY, PROJECT_ID, STATUS, ESTIMATE_ID, JOBTYPE_ID, MODIFIEDON, SUMMARY, CUSTOMER_ID, LOCATION_ID, CAMPAIGN_ID, LATESTFOLLOWUPDATE, ACTIVE, BUSINESSUNIT_ID, IMPORTID, TENANT_TYPE]
Column names for DataMart Table --> STR_API_LEAD :: [ACTIVE_FLAG, CREATEDON, MODIFIEDON, TENANT_TYPE, RECORD_CREATE_DATE, BUSINESSUNIT_ID, ID, PRIORITY, PROJECT_ID, SUMMARY, RECORD_UPDATE_DATE, ACTIVE, IMPORTID, CREATEDBY_ID, LATESTFOLLOWUPDATE, MD5_VALUE, CAMPAIGN_ID, CUSTOMER_ID, ESTIMATE_ID, JOBTYPE_ID, MASTER_ID, STATUS, LOCATION_ID]
Column names for Curated Table --> DIM_LEAD :: [PRIORITY, ESTIMATE_ID, MD5_VALUE, MODIFIEDON, TENANT_TYPE, RECORD_UPDATED_BY, CUSTOMER_ID, PROJECT_ID, RECORD_CREATE_DATE, IMPORTID, STATUS, ACTIVE, BUSINESSUNIT_ID, CAMPAIGN_ID, CREATEDON, JOBTYPE_ID, LOCATION_ID, RECORD_UPDATE_DATE, CREATEDBY_ID, ID, LATESTFOLLOWUPDATE, SUMMARY]
Column Name found in Datamart and Curated Table :: CREATEDBY_ID
Column Name found in Datamart and Curated Table :: ID
Column Name found in Datamart and Curated Table :: CREATEDON
Column Name found in Datamart and Curated Table :: PRIORITY
Column Name found in Datamart and Curated Table :: PROJECT_ID
Column Name found in Datamart and Curated Table :: STATUS
Column Name found in Datamart and Curated Table :: ESTIMATE_ID
Column Name found in Datamart and Curated Table :: JOBTYPE_ID
Column Name found in Datamart and Curated Table :: MODIFIEDON
Column Name found in Datamart and Curated Table :: SUMMARY
Column Name found in Datamart and Curated Table :: CUSTOMER_ID
Column Name found in Datamart and Curated Table :: LOCATION_ID
Column Name found in Datamart and Curated Table :: CAMPAIGN_ID
Column Name found in Datamart and Curated Table :: LATESTFOLLOWUPDATE
Column Name found in Datamart and Curated Table :: ACTIVE
Column Name found in Datamart and Curated Table :: BUSINESSUNIT_ID
Column Name found in Datamart and Curated Table :: IMPORTID
Column Name found in Datamart and Curated Table :: TENANT_TYPE
Datamart tables contains additional column name like [ACTIVE_FLAG, RECORD_CREATE_DATE, RECORD_UPDATE_DATE, MASTER_ID]
Curated tables contains additional column name like [RECORD_CREATE_DATE, RECORD_UPDATE_DATE, RECORD_UPDATED_BY]]]>
  </system-out>
  <testcase classname="testcases.RAW_DATAMART_CURATED.SnowFlake_ColumnValidation_APITables" name="validateColumnName_BKP" time="2.254"/>
  <system-out>
    <![CDATA[Executing Snowflake query :: SELECT COLUMN_NAME FROM DEV_ENT_RAW.INFORMATION_SCHEMA.COLUMNS WHERE TABLE_NAME='ST_API_TAG'and TABLE_SCHEMA='API_MAT'
Executing Snowflake query :: SELECT COLUMN_NAME FROM CURATED_DATAMART.INFORMATION_SCHEMA.COLUMNS WHERE TABLE_NAME='STR_API_TAG'and TABLE_SCHEMA='ST_API_FOURPROS'
Executing Snowflake query :: SELECT COLUMN_NAME FROM DEV_ENT_CURATED.INFORMATION_SCHEMA.COLUMNS WHERE TABLE_NAME='DIM_TAG'and TABLE_SCHEMA='MASTER_DIMENSIONS'
Column names for RAW Table --> ST_API_TAG :: [MEMO, GENERATEDFOREXTERNAL, REMOVEDON, GENERATEDFOR_ID, REMOVEDBY_ID, MODIFIEDON, OWNER_ID, CREATEDBY_ID, CREATEDON, IMPORTID, ACTIVE, ID, TYPE_ID, TENANT_TYPE]
Column names for DataMart Table --> STR_API_TAG :: [IMPORTID, MASTER_ID, MODIFIEDON, TENANT_TYPE, ID, GENERATEDFOREXTERNAL, MEMO, REMOVEDBY_ID, TYPE_ID, ACTIVE_FLAG, GENERATEDFOR_ID, RECORD_CREATE_DATE, CREATEDBY_ID, REMOVEDON, SOURCE_PKEY_SPK, OWNER_ID, CREATEDON, RECORD_UPDATE_DATE, ACTIVE]
Column names for Curated Table --> DIM_TAG :: [ACTIVE_FLAG, RECORD_CREATE_DATE, CREATEDON, RECORD_UPDATE_DATE, SOURCE_PKEY_SPK, GENERATEDFOR_ID, GENERATEDFOREXTERNAL, TYPE_ID, ACTIVE, CREATEDBY_ID, ID, MODIFIEDON, OWNER_ID, REMOVEDBY_ID, REMOVEDON, MEMO, RECORD_UPDATED_BY, IMPORTID, TENANT_TYPE]
Column Name found in Datamart and Curated Table :: MEMO
Column Name found in Datamart and Curated Table :: GENERATEDFOREXTERNAL
Column Name found in Datamart and Curated Table :: REMOVEDON
Column Name found in Datamart and Curated Table :: GENERATEDFOR_ID
Column Name found in Datamart and Curated Table :: REMOVEDBY_ID
Column Name found in Datamart and Curated Table :: MODIFIEDON
Column Name found in Datamart and Curated Table :: OWNER_ID
Column Name found in Datamart and Curated Table :: CREATEDBY_ID
Column Name found in Datamart and Curated Table :: CREATEDON
Column Name found in Datamart and Curated Table :: IMPORTID
Column Name found in Datamart and Curated Table :: ACTIVE
Column Name found in Datamart and Curated Table :: ID
Column Name found in Datamart and Curated Table :: TYPE_ID
Column Name found in Datamart and Curated Table :: TENANT_TYPE
Datamart tables contains additional column name like [ACTIVE_FLAG, RECORD_CREATE_DATE, RECORD_UPDATE_DATE, MASTER_ID]
Curated tables contains additional column name like [RECORD_CREATE_DATE, RECORD_UPDATE_DATE, RECORD_UPDATED_BY]]]>
  </system-out>
  <testcase classname="testcases.RAW_DATAMART_CURATED.SnowFlake_ColumnValidation_APITables" name="validateColumnName_BKP" time="2.597"/>
  <system-out>
    <![CDATA[Executing Snowflake query :: SELECT COLUMN_NAME FROM DEV_ENT_RAW.INFORMATION_SCHEMA.COLUMNS WHERE TABLE_NAME='ST_API_BUSINESSUNIT'and TABLE_SCHEMA='API_MAT'
Executing Snowflake query :: SELECT COLUMN_NAME FROM CURATED_DATAMART.INFORMATION_SCHEMA.COLUMNS WHERE TABLE_NAME='STR_API_BUSINESSUNIT'and TABLE_SCHEMA='ST_API_HORIZONSERVICES'
Executing Snowflake query :: SELECT COLUMN_NAME FROM DEV_ENT_CURATED.INFORMATION_SCHEMA.COLUMNS WHERE TABLE_NAME='DIM_BUSINESSUNIT'and TABLE_SCHEMA='MASTER_DIMENSIONS'
Column names for RAW Table --> ST_API_BUSINESSUNIT :: [ADDRESS_ZIP, CORPORATECONTRACTNUMBER, CREDITCARDPROCESSORLOGIN, DATA, FRANCHISEEINFO_NAME, FRANCHISEEINFO_TRUCKSOPERATING, INVOICEHEADER, MATERIALSKUREFERENCE_SKUTYPE, OFFERWORKERSCOMPENSATION, PAYROLLIDLETIMEDOUBLEOVERTIMEPAYCODE_ID, CREATEDBY_ID, FRANCHISEEINFO_COMMENTS, INSURANCECOMPANYPHONE, MATERIALSKU_ID, PAYROLLFLATFEEMINIMUM, SERVICEFINANCEDEALERNAME, PAYROLLSOLDBYPAYCODE, CONSTRUCTION, INSURANCECOMPANYNAME, ENABLEWORKORDERS, FINANCEITACCOUNTEMAIL, PAYROLLTYPE, PHONENUMBER, POSTDATE, TRADE_ID, WORLDPAYSUBID, PAYROLLJOBHOURSSTANDARDPAYCODE_ID, PAYROLLTASKBONUSPAYCODE, PAYROLLJOBHOURSOTPAYCODE, ACTIVATIONLOCKED, ADDRESS_STATE, COMMISSIONCALCULATION, OFFERCOMMERCIALGENERALLIABILITY, PAYROLLTASKBONUSPAYCODENEW, ADDRESS_STREET, JOBBOOKEDALERTRECIPIENTS, MINIMUMROYALTYFEE, QUICKBOOKSROOTSALESACCOUNT, TURNSCONTRACTORID, FRANCHISEEINFO_PIVOTALNUMBER, MEALAPPOINTMENT_ID, NOCHARGECOMMERCIAL, PAYROLLPERCENTAGEFEEMINIMUM, PAYROLLTURNOVERBONUSPAYCODENEW, ADDRESS_ISMILITARY, CURRENCY, OVERTIMEMODE, ADDRESS_LATITUDE, BANKACCOUNTPROCESSOR_ID, DIVISIONNAME, FINANCEITPARTNERID, MODIFIEDON, PAYMENTPROCESSOR, QUICKBOOKSCLASS, SERVICEFINANCEDEALERID, WORLDPAYACCOUNTID, AUTHORIZATIONAGREEMENT_ORIGINALFILENAME, CREATEDON, DIVISION_ID, ENABLEWORKORDERSEQUIPMENTFORMATTING, ESTIMATEAUTHORIZATIONPARAGRAPH, HIDEPRICES, NAME, NAVISIONOVERTIMEEARNINGCODE, NOCHARGE, PAYMENTOPTIONS, PAYROLLSOLDBYPAYCODENEW, PAYROLLTURNOVERBONUSPAYCODE, PAYROLLIDLETIMESTANDARDPAYCODE_ID, THREEDAYCANCELATIONPARAGRAPH, PAYROLLWEIGHTEDOVERTIMEPAYCODE_ID, AUTHORIZATIONPARAGRAPH, ACKNOWLEDGEMENTAGREEMENT_FILENAME, ADDRESS_CITY, ADDRESS_ISMANUALCOORDINATES, ADDRESS_UNIT, CALIFORNIACOMPLIANTCONTRACTDOCUMENTS, EMAIL, IMPORTID, ADDRESS_LONGITUDE, GOAL, OFFICIALNAME, PAYROLLFLATFEE, PAYROLLIDLETIMEOVERTIMEPAYCODE_ID, PAYROLLJOBHOURSDOUBLEOVERTIMEPAYCODE_ID, QUICKBOOKSOAUTHSETTINGS, PAYROLLCOSTMARKUP, TGLBONUS, PAYROLLIDLETIMESTPAYCODE, ACTIVE, ACKNOWLEDGEMENTAGREEMENT_ORIGINALFILENAME, ADDRESS_COUNTRY, AUTHORIZATIONAGREEMENT_FILENAME, CREDITCARDPROCESSORKEY, CREDITCARDPROCESSOR_ID, FINANCEITAUTHTOKEN, FRANCHISEEINFO_CONTRACT, INVOICEMESSAGE, NAVISIONSTANDARDTIMEEARNINGCODE, PAYROLLEXPENSEDEDUCTIONTRIGGER, PAYROLLIDLETIMEOTPAYCODE, PAYROLLWEIGHTEDOTPAYCODE, DEFAULTTAXRATE, ID, PAYROLLPERCENTAGEFEE, PAYROLLJOBHOURSOVERTIMEPAYCODE_ID, WARRANTYRATE, GREENSKYMERCHANTID, PAYROLLJOBHOURSSTPAYCODE, LOGO, NAVISIONGLCODE, SELLERFEE, ACKNOWLEDGEMENTPARAGRAPH, EXTERNALID, HVACDASHBOARDSECTIONS, INTACCTENTITY_ID, FRANCHISEEINFO_GST, LICENSENUMBER, NOCHARGERESIDENTIAL, INTEGRATEDREFUNDS_ID, MATERIALSKUREFERENCE_SKUID, TURNOVERMINIMUMTHRESHOLD, PAYROLLINVOICEBONUSPAYCODE_ID, WORLDPAYMERCHANTPIN, TENANT_TYPE]
Column names for DataMart Table --> STR_API_BUSINESSUNIT :: [ACKNOWLEDGEMENTAGREEMENT_ORIGINALFILENAME, ACKNOWLEDGEMENTPARAGRAPH, ACTIVE_FLAG, ADDRESS_STREET, CREDITCARDPROCESSOR_ID, ESTIMATEAUTHORIZATIONPARAGRAPH, PAYROLLIDLETIMEOTPAYCODE, PAYROLLJOBHOURSOTPAYCODE, QUICKBOOKSOAUTHSETTINGS, TURNOVERMINIMUMTHRESHOLD, ADDRESS_LATITUDE, CREATEDON, HVACDASHBOARDSECTIONS, PAYROLLIDLETIMESTPAYCODE, DIVISIONNAME, MATERIALSKU_ID, GOAL, LOGO, PAYROLLTASKBONUSPAYCODENEW, JOBBOOKEDALERTRECIPIENTS, ADDRESS_ISMILITARY, AUTHORIZATIONAGREEMENT_ORIGINALFILENAME, MEALAPPOINTMENT_ID, MINIMUMROYALTYFEE, PAYROLLSOLDBYPAYCODE, SERVICEFINANCEDEALERNAME, ADDRESS_CITY, FINANCEITAUTHTOKEN, PAYROLLTASKBONUSPAYCODE, PAYROLLTYPE, WARRANTYRATE, GREENSKYMERCHANTID, MATERIALSKUREFERENCE_SKUID, PAYROLLIDLETIMEDOUBLEOVERTIMEPAYCODE_ID, ACTIVE, ADDRESS_UNIT, AUTHORIZATIONAGREEMENT_FILENAME, DATA, NOCHARGECOMMERCIAL, PAYROLLFLATFEE, FRANCHISEEINFO_COMMENTS, FRANCHISEEINFO_GST, PAYROLLIDLETIMEOVERTIMEPAYCODE_ID, PAYROLLIDLETIMESTANDARDPAYCODE_ID, NAVISIONSTANDARDTIMEEARNINGCODE, PAYROLLJOBHOURSSTANDARDPAYCODE_ID, PAYROLLTURNOVERBONUSPAYCODE, NOCHARGE, ACKNOWLEDGEMENTAGREEMENT_FILENAME, ADDRESS_COUNTRY, ADDRESS_LONGITUDE, EMAIL, FRANCHISEEINFO_TRUCKSOPERATING, INTEGRATEDREFUNDS_ID, OFFERCOMMERCIALGENERALLIABILITY, RECORD_UPDATE_DATE, WORLDPAYMERCHANTPIN, NAVISIONGLCODE, PAYMENTPROCESSOR, THREEDAYCANCELATIONPARAGRAPH, WORLDPAYSUBID, OFFICIALNAME, OVERTIMEMODE, PAYROLLJOBHOURSDOUBLEOVERTIMEPAYCODE_ID, TENANT_TYPE, FINANCEITACCOUNTEMAIL, PAYROLLFLATFEEMINIMUM, ADDRESS_ISMANUALCOORDINATES, COMMISSIONCALCULATION, CONSTRUCTION, ENABLEWORKORDERSEQUIPMENTFORMATTING, FRANCHISEEINFO_NAME, MATERIALSKUREFERENCE_SKUTYPE, NAVISIONOVERTIMEEARNINGCODE, BCCEMAIL, EXTERNALID, FRANCHISEEINFO_PIVOTALNUMBER, PAYROLLJOBHOURSSTPAYCODE, PAYROLLPERCENTAGEFEEMINIMUM, RECORD_CREATE_DATE, MASTER_ID, TGLBONUS, PAYROLLSOLDBYPAYCODENEW, ADDRESS_STATE, ADDRESS_ZIP, PAYROLLPERCENTAGEFEE, CREDITCARDPROCESSORKEY, CREDITCARDPROCESSORLOGIN, FINANCEITPARTNERID, FRANCHISEEINFO_CONTRACT, ID, NAME, QUICKBOOKSCLASS, PAYROLLTURNOVERBONUSPAYCODENEW, TURNSCONTRACTORID, PAYROLLINVOICEBONUSPAYCODE_ID, PAYROLLEXPENSEDEDUCTIONTRIGGER, POSTDATE, SERVICEFINANCEDEALERID, AUTHORIZATIONPARAGRAPH, BANKACCOUNTPROCESSOR_ID, CURRENCY, DIVISION_ID, ENABLEWORKORDERS, PAYROLLCOSTMARKUP, TRADE_ID, CALIFORNIACOMPLIANTCONTRACTDOCUMENTS, SELLERFEE, INSURANCECOMPANYNAME, NOCHARGERESIDENTIAL, PAYROLLWEIGHTEDOVERTIMEPAYCODE_ID, WORLDPAYACCOUNTID, IMPORTID, INVOICEMESSAGE, PAYROLLJOBHOURSOVERTIMEPAYCODE_ID, PAYROLLWEIGHTEDOTPAYCODE, ACTIVATIONLOCKED, CORPORATECONTRACTNUMBER, DEFAULTTAXRATE, INSURANCECOMPANYPHONE, INTACCTENTITY_ID, INVOICEHEADER, MODIFIEDON, QUICKBOOKSROOTSALESACCOUNT, CREATEDBY_ID, HIDEPRICES, OFFERWORKERSCOMPENSATION, PAYMENTOPTIONS, LICENSENUMBER, PHONENUMBER]
Column names for Curated Table --> DIM_BUSINESSUNIT :: [ADDRESS_COUNTRY, ADDRESS_STREET, BANKACCOUNTPROCESSOR_ID, MEALAPPOINTMENT_ID, CREATEDBY_ID, DIVISION_ID, OFFERCOMMERCIALGENERALLIABILITY, PAYMENTPROCESSOR, PAYROLLJOBHOURSSTANDARDPAYCODE_ID, PAYROLLSOLDBYPAYCODE, TGLBONUS, NAME, PAYROLLCOSTMARKUP, PAYROLLJOBHOURSDOUBLEOVERTIMEPAYCODE_ID, LICENSENUMBER, LOGO, OVERTIMEMODE, ACKNOWLEDGEMENTAGREEMENT_ORIGINALFILENAME, AUTHORIZATIONPARAGRAPH, FINANCEITPARTNERID, WARRANTYRATE, FINANCEITACCOUNTEMAIL, PAYROLLTYPE, QUICKBOOKSCLASS, QUICKBOOKSOAUTHSETTINGS, GREENSKYMERCHANTID, CREDITCARDPROCESSORKEY, CREDITCARDPROCESSORLOGIN, CREDITCARDPROCESSOR_ID, DEFAULTTAXRATE, FRANCHISEEINFO_COMMENTS, HVACDASHBOARDSECTIONS, MODIFIEDON, WORLDPAYACCOUNTID, PAYROLLIDLETIMEDOUBLEOVERTIMEPAYCODE_ID, TENANT_TYPE, FRANCHISEEINFO_GST, RECORD_CREATE_DATE, NOCHARGE, PAYMENTOPTIONS, PAYROLLPERCENTAGEFEE, PAYROLLSOLDBYPAYCODENEW, ADDRESS_LONGITUDE, ADDRESS_ZIP, CREATEDON, INTEGRATEDREFUNDS_ID, JOBBOOKEDALERTRECIPIENTS, NAVISIONOVERTIMEEARNINGCODE, PAYROLLINVOICEBONUSPAYCODE_ID, ACTIVE, ADDRESS_STATE, AUTHORIZATIONAGREEMENT_ORIGINALFILENAME, ENABLEWORKORDERS, MATERIALSKU_ID, NAVISIONSTANDARDTIMEEARNINGCODE, PAYROLLJOBHOURSSTPAYCODE, POSTDATE, ADDRESS_ISMILITARY, ADDRESS_LATITUDE, ADDRESS_UNIT, CALIFORNIACOMPLIANTCONTRACTDOCUMENTS, ENABLEWORKORDERSEQUIPMENTFORMATTING, HIDEPRICES, INVOICEHEADER, COMMISSIONCALCULATION, EMAIL, FRANCHISEEINFO_TRUCKSOPERATING, PAYROLLIDLETIMESTANDARDPAYCODE_ID, PAYROLLIDLETIMESTPAYCODE, TRADE_ID, AUTHORIZATIONAGREEMENT_FILENAME, SERVICEFINANCEDEALERID, WORLDPAYMERCHANTPIN, BCCEMAIL, OFFERWORKERSCOMPENSATION, NAVISIONGLCODE, WORLDPAYSUBID, ACKNOWLEDGEMENTAGREEMENT_FILENAME, ACTIVATIONLOCKED, DIVISIONNAME, FINANCEITAUTHTOKEN, FRANCHISEEINFO_PIVOTALNUMBER, INSURANCECOMPANYNAME, PAYROLLWEIGHTEDOVERTIMEPAYCODE_ID, TURNSCONTRACTORID, FRANCHISEEINFO_NAME, MINIMUMROYALTYFEE, PAYROLLEXPENSEDEDUCTIONTRIGGER, PAYROLLPERCENTAGEFEEMINIMUM, RECORD_UPDATED_BY, SERVICEFINANCEDEALERNAME, ESTIMATEAUTHORIZATIONPARAGRAPH, TURNOVERMINIMUMTHRESHOLD, PAYROLLIDLETIMEOVERTIMEPAYCODE_ID, RECORD_UPDATE_DATE, ACKNOWLEDGEMENTPARAGRAPH, ADDRESS_ISMANUALCOORDINATES, INVOICEMESSAGE, MATERIALSKUREFERENCE_SKUID, MATERIALSKUREFERENCE_SKUTYPE, PAYROLLIDLETIMEOTPAYCODE, PAYROLLJOBHOURSOTPAYCODE, PAYROLLJOBHOURSOVERTIMEPAYCODE_ID, CONSTRUCTION, CORPORATECONTRACTNUMBER, DATA, NOCHARGECOMMERCIAL, NOCHARGERESIDENTIAL, PAYROLLTASKBONUSPAYCODE, PAYROLLTASKBONUSPAYCODENEW, QUICKBOOKSROOTSALESACCOUNT, ID, PAYROLLTURNOVERBONUSPAYCODENEW, ADDRESS_CITY, CURRENCY, GOAL, IMPORTID, INSURANCECOMPANYPHONE, PAYROLLTURNOVERBONUSPAYCODE, OFFICIALNAME, PAYROLLFLATFEE, PHONENUMBER, SELLERFEE, THREEDAYCANCELATIONPARAGRAPH, FRANCHISEEINFO_CONTRACT, PAYROLLFLATFEEMINIMUM, PAYROLLWEIGHTEDOTPAYCODE, INTACCTENTITY_ID, EXTERNALID]
Column Name found in Datamart and Curated Table :: ADDRESS_ZIP
Column Name found in Datamart and Curated Table :: CORPORATECONTRACTNUMBER
Column Name found in Datamart and Curated Table :: CREDITCARDPROCESSORLOGIN
Column Name found in Datamart and Curated Table :: DATA
Column Name found in Datamart and Curated Table :: FRANCHISEEINFO_NAME
Column Name found in Datamart and Curated Table :: FRANCHISEEINFO_TRUCKSOPERATING
Column Name found in Datamart and Curated Table :: INVOICEHEADER
Column Name found in Datamart and Curated Table :: MATERIALSKUREFERENCE_SKUTYPE
Column Name found in Datamart and Curated Table :: OFFERWORKERSCOMPENSATION
Column Name found in Datamart and Curated Table :: PAYROLLIDLETIMEDOUBLEOVERTIMEPAYCODE_ID
Column Name found in Datamart and Curated Table :: CREATEDBY_ID
Column Name found in Datamart and Curated Table :: FRANCHISEEINFO_COMMENTS
Column Name found in Datamart and Curated Table :: INSURANCECOMPANYPHONE
Column Name found in Datamart and Curated Table :: MATERIALSKU_ID
Column Name found in Datamart and Curated Table :: PAYROLLFLATFEEMINIMUM
Column Name found in Datamart and Curated Table :: SERVICEFINANCEDEALERNAME
Column Name found in Datamart and Curated Table :: PAYROLLSOLDBYPAYCODE
Column Name found in Datamart and Curated Table :: CONSTRUCTION
Column Name found in Datamart and Curated Table :: INSURANCECOMPANYNAME
Column Name found in Datamart and Curated Table :: ENABLEWORKORDERS
Column Name found in Datamart and Curated Table :: FINANCEITACCOUNTEMAIL
Column Name found in Datamart and Curated Table :: PAYROLLTYPE
Column Name found in Datamart and Curated Table :: PHONENUMBER
Column Name found in Datamart and Curated Table :: POSTDATE
Column Name found in Datamart and Curated Table :: TRADE_ID
Column Name found in Datamart and Curated Table :: WORLDPAYSUBID
Column Name found in Datamart and Curated Table :: PAYROLLJOBHOURSSTANDARDPAYCODE_ID
Column Name found in Datamart and Curated Table :: PAYROLLTASKBONUSPAYCODE
Column Name found in Datamart and Curated Table :: PAYROLLJOBHOURSOTPAYCODE
Column Name found in Datamart and Curated Table :: ACTIVATIONLOCKED
Column Name found in Datamart and Curated Table :: ADDRESS_STATE
Column Name found in Datamart and Curated Table :: COMMISSIONCALCULATION
Column Name found in Datamart and Curated Table :: OFFERCOMMERCIALGENERALLIABILITY
Column Name found in Datamart and Curated Table :: PAYROLLTASKBONUSPAYCODENEW
Column Name found in Datamart and Curated Table :: ADDRESS_STREET
Column Name found in Datamart and Curated Table :: JOBBOOKEDALERTRECIPIENTS
Column Name found in Datamart and Curated Table :: MINIMUMROYALTYFEE
Column Name found in Datamart and Curated Table :: QUICKBOOKSROOTSALESACCOUNT
Column Name found in Datamart and Curated Table :: TURNSCONTRACTORID
Column Name found in Datamart and Curated Table :: FRANCHISEEINFO_PIVOTALNUMBER
Column Name found in Datamart and Curated Table :: MEALAPPOINTMENT_ID
Column Name found in Datamart and Curated Table :: NOCHARGECOMMERCIAL
Column Name found in Datamart and Curated Table :: PAYROLLPERCENTAGEFEEMINIMUM
Column Name found in Datamart and Curated Table :: PAYROLLTURNOVERBONUSPAYCODENEW
Column Name found in Datamart and Curated Table :: ADDRESS_ISMILITARY
Column Name found in Datamart and Curated Table :: CURRENCY
Column Name found in Datamart and Curated Table :: OVERTIMEMODE
Column Name found in Datamart and Curated Table :: ADDRESS_LATITUDE
Column Name found in Datamart and Curated Table :: BANKACCOUNTPROCESSOR_ID
Column Name found in Datamart and Curated Table :: DIVISIONNAME
Column Name found in Datamart and Curated Table :: FINANCEITPARTNERID
Column Name found in Datamart and Curated Table :: MODIFIEDON
Column Name found in Datamart and Curated Table :: PAYMENTPROCESSOR
Column Name found in Datamart and Curated Table :: QUICKBOOKSCLASS
Column Name found in Datamart and Curated Table :: SERVICEFINANCEDEALERID
Column Name found in Datamart and Curated Table :: WORLDPAYACCOUNTID
Column Name found in Datamart and Curated Table :: AUTHORIZATIONAGREEMENT_ORIGINALFILENAME
Column Name found in Datamart and Curated Table :: CREATEDON
Column Name found in Datamart and Curated Table :: DIVISION_ID
Column Name found in Datamart and Curated Table :: ENABLEWORKORDERSEQUIPMENTFORMATTING
Column Name found in Datamart and Curated Table :: ESTIMATEAUTHORIZATIONPARAGRAPH
Column Name found in Datamart and Curated Table :: HIDEPRICES
Column Name found in Datamart and Curated Table :: NAME
Column Name found in Datamart and Curated Table :: NAVISIONOVERTIMEEARNINGCODE
Column Name found in Datamart and Curated Table :: NOCHARGE
Column Name found in Datamart and Curated Table :: PAYMENTOPTIONS
Column Name found in Datamart and Curated Table :: PAYROLLSOLDBYPAYCODENEW
Column Name found in Datamart and Curated Table :: PAYROLLTURNOVERBONUSPAYCODE
Column Name found in Datamart and Curated Table :: PAYROLLIDLETIMESTANDARDPAYCODE_ID
Column Name found in Datamart and Curated Table :: THREEDAYCANCELATIONPARAGRAPH
Column Name found in Datamart and Curated Table :: PAYROLLWEIGHTEDOVERTIMEPAYCODE_ID
Column Name found in Datamart and Curated Table :: AUTHORIZATIONPARAGRAPH
Column Name found in Datamart and Curated Table :: ACKNOWLEDGEMENTAGREEMENT_FILENAME
Column Name found in Datamart and Curated Table :: ADDRESS_CITY
Column Name found in Datamart and Curated Table :: ADDRESS_ISMANUALCOORDINATES
Column Name found in Datamart and Curated Table :: ADDRESS_UNIT
Column Name found in Datamart and Curated Table :: CALIFORNIACOMPLIANTCONTRACTDOCUMENTS
Column Name found in Datamart and Curated Table :: EMAIL
Column Name found in Datamart and Curated Table :: IMPORTID
Column Name found in Datamart and Curated Table :: ADDRESS_LONGITUDE
Column Name found in Datamart and Curated Table :: GOAL
Column Name found in Datamart and Curated Table :: OFFICIALNAME
Column Name found in Datamart and Curated Table :: PAYROLLFLATFEE
Column Name found in Datamart and Curated Table :: PAYROLLIDLETIMEOVERTIMEPAYCODE_ID
Column Name found in Datamart and Curated Table :: PAYROLLJOBHOURSDOUBLEOVERTIMEPAYCODE_ID
Column Name found in Datamart and Curated Table :: QUICKBOOKSOAUTHSETTINGS
Column Name found in Datamart and Curated Table :: PAYROLLCOSTMARKUP
Column Name found in Datamart and Curated Table :: TGLBONUS
Column Name found in Datamart and Curated Table :: PAYROLLIDLETIMESTPAYCODE
Column Name found in Datamart and Curated Table :: ACTIVE
Column Name found in Datamart and Curated Table :: ACKNOWLEDGEMENTAGREEMENT_ORIGINALFILENAME
Column Name found in Datamart and Curated Table :: ADDRESS_COUNTRY
Column Name found in Datamart and Curated Table :: AUTHORIZATIONAGREEMENT_FILENAME
Column Name found in Datamart and Curated Table :: CREDITCARDPROCESSORKEY
Column Name found in Datamart and Curated Table :: CREDITCARDPROCESSOR_ID
Column Name found in Datamart and Curated Table :: FINANCEITAUTHTOKEN
Column Name found in Datamart and Curated Table :: FRANCHISEEINFO_CONTRACT
Column Name found in Datamart and Curated Table :: INVOICEMESSAGE
Column Name found in Datamart and Curated Table :: NAVISIONSTANDARDTIMEEARNINGCODE
Column Name found in Datamart and Curated Table :: PAYROLLEXPENSEDEDUCTIONTRIGGER
Column Name found in Datamart and Curated Table :: PAYROLLIDLETIMEOTPAYCODE
Column Name found in Datamart and Curated Table :: PAYROLLWEIGHTEDOTPAYCODE
Column Name found in Datamart and Curated Table :: DEFAULTTAXRATE
Column Name found in Datamart and Curated Table :: ID
Column Name found in Datamart and Curated Table :: PAYROLLPERCENTAGEFEE
Column Name found in Datamart and Curated Table :: PAYROLLJOBHOURSOVERTIMEPAYCODE_ID
Column Name found in Datamart and Curated Table :: WARRANTYRATE
Column Name found in Datamart and Curated Table :: GREENSKYMERCHANTID
Column Name found in Datamart and Curated Table :: PAYROLLJOBHOURSSTPAYCODE
Column Name found in Datamart and Curated Table :: LOGO
Column Name found in Datamart and Curated Table :: NAVISIONGLCODE
Column Name found in Datamart and Curated Table :: SELLERFEE
Column Name found in Datamart and Curated Table :: ACKNOWLEDGEMENTPARAGRAPH
Column Name found in Datamart and Curated Table :: EXTERNALID
Column Name found in Datamart and Curated Table :: HVACDASHBOARDSECTIONS
Column Name found in Datamart and Curated Table :: INTACCTENTITY_ID
Column Name found in Datamart and Curated Table :: FRANCHISEEINFO_GST
Column Name found in Datamart and Curated Table :: LICENSENUMBER
Column Name found in Datamart and Curated Table :: NOCHARGERESIDENTIAL
Column Name found in Datamart and Curated Table :: INTEGRATEDREFUNDS_ID
Column Name found in Datamart and Curated Table :: MATERIALSKUREFERENCE_SKUID
Column Name found in Datamart and Curated Table :: TURNOVERMINIMUMTHRESHOLD
Column Name found in Datamart and Curated Table :: PAYROLLINVOICEBONUSPAYCODE_ID
Column Name found in Datamart and Curated Table :: WORLDPAYMERCHANTPIN
Column Name found in Datamart and Curated Table :: TENANT_TYPE
Datamart tables contains additional column name like [ACTIVE_FLAG, RECORD_CREATE_DATE, RECORD_UPDATE_DATE, MASTER_ID]
Curated tables contains additional column name like [RECORD_CREATE_DATE, RECORD_UPDATE_DATE, RECORD_UPDATED_BY]]]>
  </system-out>
  <testcase classname="testcases.RAW_DATAMART_CURATED.SnowFlake_ColumnValidation_APITables" name="validateColumnName_BKP" time="2.416"/>
  <system-out>
    <![CDATA[Executing Snowflake query :: SELECT COLUMN_NAME FROM DEV_ENT_RAW.INFORMATION_SCHEMA.COLUMNS WHERE TABLE_NAME='ST_API_ZONE'and TABLE_SCHEMA='API_MAT'
Executing Snowflake query :: SELECT COLUMN_NAME FROM CURATED_DATAMART.INFORMATION_SCHEMA.COLUMNS WHERE TABLE_NAME='STR_API_ZONE'and TABLE_SCHEMA='ST_API_GOLDMEDAL'
Executing Snowflake query :: SELECT COLUMN_NAME FROM DEV_ENT_CURATED.INFORMATION_SCHEMA.COLUMNS WHERE TABLE_NAME='DIM_ZONE'and TABLE_SCHEMA='MASTER_DIMENSIONS'
Column names for RAW Table --> ST_API_ZONE :: [LOCNNUMBERS, MODIFIEDON, CREATEDON, COLOR, ID, SERVICEDAYSENABLED, CREATEDBY_ID, IMPORTID, ACTIVE, NAME, TERRITORYNUMBERS, CITIES, SERVICEDAYS, ZIPS, MAXDRIVETIMEADJUSTMENT, TENANT_TYPE]
Column names for DataMart Table --> STR_API_ZONE :: [RECORD_CREATE_DATE, TENANT_TYPE, MAXDRIVETIMEADJUSTMENT, ACTIVE_FLAG, NAME, CITIES, ACTIVE, SERVICEDAYS, ID, IMPORTID, SERVICEDAYSENABLED, LOCNNUMBERS, MODIFIEDON, COLOR, CREATEDBY_ID, TERRITORYNUMBERS, CREATEDON, MASTER_ID, RECORD_UPDATE_DATE, ZIPS]
Column names for Curated Table --> DIM_ZONE :: [CREATEDON, ID, ZIPS, CITIES, IMPORTID, LOCNNUMBERS, MODIFIEDON, NAME, SERVICEDAYS, TENANT_TYPE, MAXDRIVETIMEADJUSTMENT, TERRITORYNUMBERS, RECORD_CREATE_DATE, ACTIVE, CREATEDBY_ID, SERVICEDAYSENABLED, RECORD_UPDATE_DATE, COLOR, RECORD_UPDATED_BY]
Column Name found in Datamart and Curated Table :: LOCNNUMBERS
Column Name found in Datamart and Curated Table :: MODIFIEDON
Column Name found in Datamart and Curated Table :: CREATEDON
Column Name found in Datamart and Curated Table :: COLOR
Column Name found in Datamart and Curated Table :: ID
Column Name found in Datamart and Curated Table :: SERVICEDAYSENABLED
Column Name found in Datamart and Curated Table :: CREATEDBY_ID
Column Name found in Datamart and Curated Table :: IMPORTID
Column Name found in Datamart and Curated Table :: ACTIVE
Column Name found in Datamart and Curated Table :: NAME
Column Name found in Datamart and Curated Table :: TERRITORYNUMBERS
Column Name found in Datamart and Curated Table :: CITIES
Column Name found in Datamart and Curated Table :: SERVICEDAYS
Column Name found in Datamart and Curated Table :: ZIPS
Column Name found in Datamart and Curated Table :: MAXDRIVETIMEADJUSTMENT
Column Name found in Datamart and Curated Table :: TENANT_TYPE
Datamart tables contains additional column name like [ACTIVE_FLAG, RECORD_CREATE_DATE, RECORD_UPDATE_DATE, MASTER_ID]
Curated tables contains additional column name like [RECORD_CREATE_DATE, RECORD_UPDATE_DATE, RECORD_UPDATED_BY]]]>
  </system-out>
  <testcase classname="testcases.RAW_DATAMART_CURATED.SnowFlake_ColumnValidation_APITables" name="validateColumnName_BKP" time="2.524"/>
  <system-out>
    <![CDATA[Executing Snowflake query :: SELECT COLUMN_NAME FROM DEV_ENT_RAW.INFORMATION_SCHEMA.COLUMNS WHERE TABLE_NAME='ST_API_VENDOR'and TABLE_SCHEMA='API_MAT'
Executing Snowflake query :: SELECT COLUMN_NAME FROM CURATED_DATAMART.INFORMATION_SCHEMA.COLUMNS WHERE TABLE_NAME='STR_API_VENDOR'and TABLE_SCHEMA='ST_API_HDAIR'
Executing Snowflake query :: SELECT COLUMN_NAME FROM DEV_ENT_CURATED.INFORMATION_SCHEMA.COLUMNS WHERE TABLE_NAME='DIM_VENDOR'and TABLE_SCHEMA='MASTER_DIMENSIONS'
Column names for RAW Table --> ST_API_VENDOR :: [DELIVERYOPTION, REMITTANCEVENDOR_ID, LASTNAME, TAXRATE, ACTIVE, CREATEDON, VENDORADDRESS_ISMANUALCOORDINATES, IMPORTID, ISTRUCKREPLENISHMENT, PHONE, ID, VENDORADDRESS_STREET, FAX, VENDORADDRESS_LATITUDE, CREATEDBY_ID, EMAIL, EXTERNALID, FIRSTNAME, MEMO, RESTRICTEDMOBILECREATION, VENDORADDRESS_COUNTRY, VENDORADDRESS_LONGITUDE, VENDORADDRESS_CITY, NAME, VENDORADDRESS_ISMILITARY, VENDORQUICKBOOKSITEM, VENDORADDRESS_UNIT, VENDORADDRESS_ZIP, VENDORADDRESS_STATE, MODIFIEDON, PAYMENTTERM_ID, ADDRESS, TENANT_TYPE]
Column names for DataMart Table --> STR_API_VENDOR :: [FIRSTNAME, TENANT_TYPE, VENDORADDRESS_ISMANUALCOORDINATES, MODIFIEDON, VENDORADDRESS_STATE, RECORD_CREATE_DATE, RESTRICTEDMOBILECREATION, VENDORADDRESS_COUNTRY, ADDRESS, CREATEDON, DELIVERYOPTION, VENDORADDRESS_STREET, ID, IMPORTID, REMITTANCEVENDOR_ID, VENDORADDRESS_LONGITUDE, VENDORADDRESS_ZIP, VENDORADDRESS_UNIT, ACTIVE, ACTIVE_FLAG, CREATEDBY_ID, MEMO, VENDORADDRESS_ISMILITARY, VENDORQUICKBOOKSITEM, EMAIL, PAYMENTTERM_ID, RECORD_UPDATE_DATE, ISTRUCKREPLENISHMENT, MASTER_ID, PHONE, VENDORADDRESS_CITY, EXTERNALID, FAX, LASTNAME, NAME, TAXRATE, VENDORADDRESS_LATITUDE]
Column names for Curated Table --> DIM_VENDOR :: [DELIVERYOPTION, EXTERNALID, VENDORADDRESS_LATITUDE, VENDORADDRESS_ISMILITARY, VENDORADDRESS_STREET, EMAIL, ID, MEMO, PHONE, TAXRATE, VENDORADDRESS_ZIP, VENDORADDRESS_CITY, ACTIVE, ADDRESS, FAX, ISTRUCKREPLENISHMENT, VENDORADDRESS_STATE, REMITTANCEVENDOR_ID, FIRSTNAME, NAME, VENDORADDRESS_COUNTRY, LASTNAME, RECORD_UPDATE_DATE, VENDORADDRESS_UNIT, MODIFIEDON, CREATEDBY_ID, RECORD_CREATE_DATE, TENANT_TYPE, VENDORADDRESS_LONGITUDE, CREATEDON, IMPORTID, VENDORADDRESS_ISMANUALCOORDINATES, RESTRICTEDMOBILECREATION, PAYMENTTERM_ID, RECORD_UPDATED_BY, VENDORQUICKBOOKSITEM]
Column Name found in Datamart and Curated Table :: DELIVERYOPTION
Column Name found in Datamart and Curated Table :: REMITTANCEVENDOR_ID
Column Name found in Datamart and Curated Table :: LASTNAME
Column Name found in Datamart and Curated Table :: TAXRATE
Column Name found in Datamart and Curated Table :: ACTIVE
Column Name found in Datamart and Curated Table :: CREATEDON
Column Name found in Datamart and Curated Table :: VENDORADDRESS_ISMANUALCOORDINATES
Column Name found in Datamart and Curated Table :: IMPORTID
Column Name found in Datamart and Curated Table :: ISTRUCKREPLENISHMENT
Column Name found in Datamart and Curated Table :: PHONE
Column Name found in Datamart and Curated Table :: ID
Column Name found in Datamart and Curated Table :: VENDORADDRESS_STREET
Column Name found in Datamart and Curated Table :: FAX
Column Name found in Datamart and Curated Table :: VENDORADDRESS_LATITUDE
Column Name found in Datamart and Curated Table :: CREATEDBY_ID
Column Name found in Datamart and Curated Table :: EMAIL
Column Name found in Datamart and Curated Table :: EXTERNALID
Column Name found in Datamart and Curated Table :: FIRSTNAME
Column Name found in Datamart and Curated Table :: MEMO
Column Name found in Datamart and Curated Table :: RESTRICTEDMOBILECREATION
Column Name found in Datamart and Curated Table :: VENDORADDRESS_COUNTRY
Column Name found in Datamart and Curated Table :: VENDORADDRESS_LONGITUDE
Column Name found in Datamart and Curated Table :: VENDORADDRESS_CITY
Column Name found in Datamart and Curated Table :: NAME
Column Name found in Datamart and Curated Table :: VENDORADDRESS_ISMILITARY
Column Name found in Datamart and Curated Table :: VENDORQUICKBOOKSITEM
Column Name found in Datamart and Curated Table :: VENDORADDRESS_UNIT
Column Name found in Datamart and Curated Table :: VENDORADDRESS_ZIP
Column Name found in Datamart and Curated Table :: VENDORADDRESS_STATE
Column Name found in Datamart and Curated Table :: MODIFIEDON
Column Name found in Datamart and Curated Table :: PAYMENTTERM_ID
Column Name found in Datamart and Curated Table :: ADDRESS
Column Name found in Datamart and Curated Table :: TENANT_TYPE
Datamart tables contains additional column name like [ACTIVE_FLAG, RECORD_CREATE_DATE, RECORD_UPDATE_DATE, MASTER_ID]
Curated tables contains additional column name like [RECORD_CREATE_DATE, RECORD_UPDATE_DATE, RECORD_UPDATED_BY]]]>
  </system-out>
  <testcase classname="testcases.RAW_DATAMART_CURATED.SnowFlake_ColumnValidation_APITables" name="validateColumnName_BKP" time="3.889"/>
  <system-out>
    <![CDATA[Executing Snowflake query :: SELECT COLUMN_NAME FROM DEV_ENT_RAW.INFORMATION_SCHEMA.COLUMNS WHERE TABLE_NAME='ST_API_SKUASSET'and TABLE_SCHEMA='API_MAT'
Executing Snowflake query :: SELECT COLUMN_NAME FROM CURATED_DATAMART.INFORMATION_SCHEMA.COLUMNS WHERE TABLE_NAME='STR_API_SKUASSET'and TABLE_SCHEMA='ST_API_HORIZONSERVICES'
Executing Snowflake query :: SELECT COLUMN_NAME FROM DEV_ENT_CURATED.INFORMATION_SCHEMA.COLUMNS WHERE TABLE_NAME='DIM_SKUASSET'and TABLE_SCHEMA='MASTER_DIMENSIONS'
Column names for RAW Table --> ST_API_SKUASSET :: [ISEXTERNAL, IMPORTID, ACTIVE, ORIGINALNAME, ALIAS, CREATEDBY_ID, ID, OWNER_ID, URL, METADATA, TYPE, CREATEDON, EXTERNALURL, TENANT_TYPE]
Column names for DataMart Table --> STR_API_SKUASSET :: [EXTERNALURL, RECORD_CREATE_DATE, TENANT_TYPE, CREATEDBY_ID, URL, ACTIVE, CREATEDON, RECORD_UPDATE_DATE, ISEXTERNAL, ACTIVE_FLAG, ID, ORIGINALNAME, TYPE, METADATA, OWNER_ID, ALIAS, MASTER_ID, IMPORTID]
Column names for Curated Table --> DIM_SKUASSET :: [EXTERNALURL, ORIGINALNAME, TENANT_TYPE, RECORD_UPDATE_DATE, ID, ISEXTERNAL, RECORD_CREATE_DATE, ALIAS, CREATEDON, RECORD_UPDATED_BY, TYPE, ACTIVE, CREATEDBY_ID, OWNER_ID, METADATA, URL, IMPORTID]
Column Name found in Datamart and Curated Table :: ISEXTERNAL
Column Name found in Datamart and Curated Table :: IMPORTID
Column Name found in Datamart and Curated Table :: ACTIVE
Column Name found in Datamart and Curated Table :: ORIGINALNAME
Column Name found in Datamart and Curated Table :: ALIAS
Column Name found in Datamart and Curated Table :: CREATEDBY_ID
Column Name found in Datamart and Curated Table :: ID
Column Name found in Datamart and Curated Table :: OWNER_ID
Column Name found in Datamart and Curated Table :: URL
Column Name found in Datamart and Curated Table :: METADATA
Column Name found in Datamart and Curated Table :: TYPE
Column Name found in Datamart and Curated Table :: CREATEDON
Column Name found in Datamart and Curated Table :: EXTERNALURL
Column Name found in Datamart and Curated Table :: TENANT_TYPE
Datamart tables contains additional column name like [ACTIVE_FLAG, RECORD_CREATE_DATE, RECORD_UPDATE_DATE, MASTER_ID]
Curated tables contains additional column name like [RECORD_CREATE_DATE, RECORD_UPDATE_DATE, RECORD_UPDATED_BY]]]>
  </system-out>
  <testcase classname="testcases.RAW_DATAMART_CURATED.SnowFlake_ColumnValidation_APITables" name="validateColumnName_BKP" time="3.694"/>
  <system-out>
    <![CDATA[Executing Snowflake query :: SELECT COLUMN_NAME FROM DEV_ENT_RAW.INFORMATION_SCHEMA.COLUMNS WHERE TABLE_NAME='ST_API_ZONE'and TABLE_SCHEMA='API_MAT'
Executing Snowflake query :: SELECT COLUMN_NAME FROM CURATED_DATAMART.INFORMATION_SCHEMA.COLUMNS WHERE TABLE_NAME='STR_API_ZONE'and TABLE_SCHEMA='ST_API_HENDERSON'
Executing Snowflake query :: SELECT COLUMN_NAME FROM DEV_ENT_CURATED.INFORMATION_SCHEMA.COLUMNS WHERE TABLE_NAME='DIM_ZONE'and TABLE_SCHEMA='MASTER_DIMENSIONS'
Column names for RAW Table --> ST_API_ZONE :: [LOCNNUMBERS, MODIFIEDON, CREATEDON, COLOR, ID, SERVICEDAYSENABLED, CREATEDBY_ID, IMPORTID, ACTIVE, NAME, TERRITORYNUMBERS, CITIES, SERVICEDAYS, ZIPS, MAXDRIVETIMEADJUSTMENT, TENANT_TYPE]
Column names for DataMart Table --> STR_API_ZONE :: [CREATEDON, MASTER_ID, RECORD_CREATE_DATE, TENANT_TYPE, MAXDRIVETIMEADJUSTMENT, MODIFIEDON, RECORD_UPDATE_DATE, ID, IMPORTID, LOCNNUMBERS, TERRITORYNUMBERS, ZIPS, COLOR, ACTIVE, ACTIVE_FLAG, CITIES, CREATEDBY_ID, NAME, SERVICEDAYS, SERVICEDAYSENABLED]
Column names for Curated Table --> DIM_ZONE :: [CREATEDON, ID, ZIPS, CITIES, IMPORTID, LOCNNUMBERS, MODIFIEDON, NAME, SERVICEDAYS, TENANT_TYPE, MAXDRIVETIMEADJUSTMENT, TERRITORYNUMBERS, RECORD_CREATE_DATE, ACTIVE, CREATEDBY_ID, SERVICEDAYSENABLED, RECORD_UPDATE_DATE, COLOR, RECORD_UPDATED_BY]
Column Name found in Datamart and Curated Table :: LOCNNUMBERS
Column Name found in Datamart and Curated Table :: MODIFIEDON
Column Name found in Datamart and Curated Table :: CREATEDON
Column Name found in Datamart and Curated Table :: COLOR
Column Name found in Datamart and Curated Table :: ID
Column Name found in Datamart and Curated Table :: SERVICEDAYSENABLED
Column Name found in Datamart and Curated Table :: CREATEDBY_ID
Column Name found in Datamart and Curated Table :: IMPORTID
Column Name found in Datamart and Curated Table :: ACTIVE
Column Name found in Datamart and Curated Table :: NAME
Column Name found in Datamart and Curated Table :: TERRITORYNUMBERS
Column Name found in Datamart and Curated Table :: CITIES
Column Name found in Datamart and Curated Table :: SERVICEDAYS
Column Name found in Datamart and Curated Table :: ZIPS
Column Name found in Datamart and Curated Table :: MAXDRIVETIMEADJUSTMENT
Column Name found in Datamart and Curated Table :: TENANT_TYPE
Datamart tables contains additional column name like [ACTIVE_FLAG, RECORD_CREATE_DATE, RECORD_UPDATE_DATE, MASTER_ID]
Curated tables contains additional column name like [RECORD_CREATE_DATE, RECORD_UPDATE_DATE, RECORD_UPDATED_BY]]]>
  </system-out>
  <testcase classname="testcases.RAW_DATAMART_CURATED.SnowFlake_ColumnValidation_APITables" name="validateColumnName_BKP" time="2.476"/>
  <system-out>
    <![CDATA[Executing Snowflake query :: SELECT COLUMN_NAME FROM DEV_ENT_RAW.INFORMATION_SCHEMA.COLUMNS WHERE TABLE_NAME='ST_API_TAG'and TABLE_SCHEMA='API_MAT'
Executing Snowflake query :: SELECT COLUMN_NAME FROM CURATED_DATAMART.INFORMATION_SCHEMA.COLUMNS WHERE TABLE_NAME='STR_API_TAG'and TABLE_SCHEMA='ST_API_HORIZONSERVICES'
Executing Snowflake query :: SELECT COLUMN_NAME FROM DEV_ENT_CURATED.INFORMATION_SCHEMA.COLUMNS WHERE TABLE_NAME='DIM_TAG'and TABLE_SCHEMA='MASTER_DIMENSIONS'
Column names for RAW Table --> ST_API_TAG :: [MEMO, GENERATEDFOREXTERNAL, REMOVEDON, GENERATEDFOR_ID, REMOVEDBY_ID, MODIFIEDON, OWNER_ID, CREATEDBY_ID, CREATEDON, IMPORTID, ACTIVE, ID, TYPE_ID, TENANT_TYPE]
Column names for DataMart Table --> STR_API_TAG :: [OWNER_ID, SOURCE_PKEY_SPK, RECORD_CREATE_DATE, ACTIVE_FLAG, IMPORTID, MASTER_ID, TYPE_ID, CREATEDBY_ID, MEMO, RECORD_UPDATE_DATE, TENANT_TYPE, GENERATEDFOR_ID, MODIFIEDON, REMOVEDBY_ID, ID, GENERATEDFOREXTERNAL, REMOVEDON, ACTIVE, CREATEDON]
Column names for Curated Table --> DIM_TAG :: [ACTIVE_FLAG, RECORD_CREATE_DATE, CREATEDON, RECORD_UPDATE_DATE, SOURCE_PKEY_SPK, GENERATEDFOR_ID, GENERATEDFOREXTERNAL, TYPE_ID, ACTIVE, CREATEDBY_ID, ID, MODIFIEDON, OWNER_ID, REMOVEDBY_ID, REMOVEDON, MEMO, RECORD_UPDATED_BY, IMPORTID, TENANT_TYPE]
Column Name found in Datamart and Curated Table :: MEMO
Column Name found in Datamart and Curated Table :: GENERATEDFOREXTERNAL
Column Name found in Datamart and Curated Table :: REMOVEDON
Column Name found in Datamart and Curated Table :: GENERATEDFOR_ID
Column Name found in Datamart and Curated Table :: REMOVEDBY_ID
Column Name found in Datamart and Curated Table :: MODIFIEDON
Column Name found in Datamart and Curated Table :: OWNER_ID
Column Name found in Datamart and Curated Table :: CREATEDBY_ID
Column Name found in Datamart and Curated Table :: CREATEDON
Column Name found in Datamart and Curated Table :: IMPORTID
Column Name found in Datamart and Curated Table :: ACTIVE
Column Name found in Datamart and Curated Table :: ID
Column Name found in Datamart and Curated Table :: TYPE_ID
Column Name found in Datamart and Curated Table :: TENANT_TYPE
Datamart tables contains additional column name like [ACTIVE_FLAG, RECORD_CREATE_DATE, RECORD_UPDATE_DATE, MASTER_ID]
Curated tables contains additional column name like [RECORD_CREATE_DATE, RECORD_UPDATE_DATE, RECORD_UPDATED_BY]]]>
  </system-out>
  <testcase classname="testcases.RAW_DATAMART_CURATED.SnowFlake_ColumnValidation_APITables" name="validateColumnName_BKP" time="2.396"/>
  <system-out>
    <![CDATA[Executing Snowflake query :: SELECT COLUMN_NAME FROM DEV_ENT_RAW.INFORMATION_SCHEMA.COLUMNS WHERE TABLE_NAME='ST_API_SERVICE'and TABLE_SCHEMA='API_MAT'
Executing Snowflake query :: SELECT COLUMN_NAME FROM CURATED_DATAMART.INFORMATION_SCHEMA.COLUMNS WHERE TABLE_NAME='STR_API_SERVICE'and TABLE_SCHEMA='ST_API_HDAIR'
Executing Snowflake query :: SELECT COLUMN_NAME FROM DEV_ENT_CURATED.INFORMATION_SCHEMA.COLUMNS WHERE TABLE_NAME='DIM_SERVICE'and TABLE_SCHEMA='MASTER_DIMENSIONS'
Column names for RAW Table --> ST_API_SERVICE :: [BASERATE1, CATEGORY_ID, ID, MEMBERSHIP, QBITEMNAME, SYNCDATE, ACCOUNT, ACTIVE, ALLOWDISCOUNTS, BASERATE3, NOTAX, GENERATEDTAGTARGETS, MEMBERSHIPTYPE_ID, ORIGINAL_ID, ADDONPRICE, ISOTTASK, MEMBERSHIPACTION, AVALARACOMMERCIALTAXCODE, BUSINESSUNIT_ID, EXTERNALID, MEMBERSHIPYEARS, PRICE, SOLDBYCOMMISSION, DISPATCHFEE, ADDONFLATAMOUNT, COMMISSIONBONUS, DISPLAYNAME, HOURS, ISDEFERREDREVENUE, WARRANTY_DURATION, PURCHASEORDERLIMITS_FLATAMOUNT, WORKFLOWACTION_ID, BASERATE2, CROSSSALEGROUP, MODIFIEDON, MINIMUMLABORHOURS, NAME, PURCHASEORDERLIMITS_REVENUEPERCENT, IMPORTID, ADDONMEMBERPRICE, ALLOWAPPLYTAGSTOENTITIES, BONUS, GENERALLEDGERACCOUNT_ID, PAYSCOMMISSION, COST, EXCLUDEFROMPRICEBOOKWIZARD, IMAGES, LOYALTYPROGRAMELIGIBLE, SCHEDULEDFLATAMOUNT, SOURCEVERSION, TAXABLE, MEMBERPRICE, ARCHIVED, AUTOGLASSTYPE, AVALARARESIDENTIALTAXCODE, CREATEDON, DESCRIPTION, ISTIMEANDMATERIAL, MEMBERSHIPMONTHS, PAYSFLATAMOUNT, PAYTECHSPECIFICBONUS, PROVIDER_ID, COPIEDFROM_ID, DISPLAYINAMOUNT, SOURCE, SUPPLIERIMAGES, CREATEDBY_ID, ISLABOR, PAYSSOLDBYRATE, WARRANTY_DESCRIPTION, RECURRINGSERVICETYPE_ID, TENANT_TYPE]
Column names for DataMart Table --> STR_API_SERVICE :: [ACTIVE_FLAG, COPIEDFROM_ID, COST, NOTAX, PAYTECHSPECIFICBONUS, SOLDBYCOMMISSION, SOURCEVERSION, ADDONMEMBERPRICE, AVALARARESIDENTIALTAXCODE, EXTERNALID, MODIFIEDON, AVALARACOMMERCIALTAXCODE, CATEGORY_ID, EXCLUDEFROMPRICEBOOKWIZARD, PAYSFLATAMOUNT, SOURCE, MASTER_ID, SCHEDULEDFLATAMOUNT, CREATEDBY_ID, DISPATCHFEE, ISTIMEANDMATERIAL, MEMBERSHIP, MEMBERSHIPMONTHS, QBITEMNAME, MEMBERSHIPACTION, RECURRINGSERVICETYPE_ID, TENANT_TYPE, RECORD_UPDATE_DATE, ADDONPRICE, AUTOGLASSTYPE, ID, WARRANTY_DURATION, MEMBERPRICE, PURCHASEORDERLIMITS_REVENUEPERCENT, WARRANTY_DESCRIPTION, BUSINESSUNIT_ID, LOYALTYPROGRAMELIGIBLE, BONUS, CREATEDON, DESCRIPTION, GENERALLEDGERACCOUNT_ID, IMPORTID, ISDEFERREDREVENUE, WORKFLOWACTION_ID, CROSSSALEGROUP, IMAGES, ORIGINAL_ID, SYNCDATE, ISOTTASK, ACTIVE, BASERATE2, DISPLAYNAME, PAYSCOMMISSION, ADDONFLATAMOUNT, ALLOWAPPLYTAGSTOENTITIES, ARCHIVED, HOURS, BASERATE3, MEMBERSHIPTYPE_ID, MEMBERSHIPYEARS, NAME, PROVIDER_ID, TAXABLE, ACCOUNT, ALLOWDISCOUNTS, BASERATE1, COMMISSIONBONUS, DISPLAYINAMOUNT, GENERATEDTAGTARGETS, ISLABOR, PURCHASEORDERLIMITS_FLATAMOUNT, RECORD_CREATE_DATE, SUPPLIERIMAGES, PAYSSOLDBYRATE, PRICE, MINIMUMLABORHOURS]
Column names for Curated Table --> DIM_SERVICE :: [ACCOUNT, ALLOWDISCOUNTS, BASERATE3, DESCRIPTION, DISPATCHFEE, ISOTTASK, MEMBERSHIP, SOLDBYCOMMISSION, DISPLAYNAME, AUTOGLASSTYPE, AVALARACOMMERCIALTAXCODE, BUSINESSUNIT_ID, COMMISSIONBONUS, NOTAX, EXTERNALID, PRICE, CATEGORY_ID, CREATEDON, CROSSSALEGROUP, MEMBERSHIPYEARS, PAYSFLATAMOUNT, PAYSSOLDBYRATE, WARRANTY_DURATION, MODIFIEDON, RECORD_CREATE_DATE, TAXABLE, MEMBERSHIPACTION, ADDONMEMBERPRICE, BONUS, COPIEDFROM_ID, ISDEFERREDREVENUE, SOURCE, ARCHIVED, BASERATE1, PURCHASEORDERLIMITS_REVENUEPERCENT, RECURRINGSERVICETYPE_ID, SOURCEVERSION, ALLOWAPPLYTAGSTOENTITIES, AVALARARESIDENTIALTAXCODE, DISPLAYINAMOUNT, GENERATEDTAGTARGETS, ISTIMEANDMATERIAL, PROVIDER_ID, ADDONFLATAMOUNT, COST, GENERALLEDGERACCOUNT_ID, MEMBERSHIPTYPE_ID, QBITEMNAME, WARRANTY_DESCRIPTION, EXCLUDEFROMPRICEBOOKWIZARD, ID, IMAGES, RECORD_UPDATED_BY, RECORD_UPDATE_DATE, NAME, ACTIVE, ADDONPRICE, LOYALTYPROGRAMELIGIBLE, PAYTECHSPECIFICBONUS, SUPPLIERIMAGES, HOURS, IMPORTID, MINIMUMLABORHOURS, PAYSCOMMISSION, WORKFLOWACTION_ID, MEMBERPRICE, BASERATE2, CREATEDBY_ID, MEMBERSHIPMONTHS, ORIGINAL_ID, SYNCDATE, ISLABOR, PURCHASEORDERLIMITS_FLATAMOUNT, TENANT_TYPE, SCHEDULEDFLATAMOUNT]
Column Name found in Datamart and Curated Table :: BASERATE1
Column Name found in Datamart and Curated Table :: CATEGORY_ID
Column Name found in Datamart and Curated Table :: ID
Column Name found in Datamart and Curated Table :: MEMBERSHIP
Column Name found in Datamart and Curated Table :: QBITEMNAME
Column Name found in Datamart and Curated Table :: SYNCDATE
Column Name found in Datamart and Curated Table :: ACCOUNT
Column Name found in Datamart and Curated Table :: ACTIVE
Column Name found in Datamart and Curated Table :: ALLOWDISCOUNTS
Column Name found in Datamart and Curated Table :: BASERATE3
Column Name found in Datamart and Curated Table :: NOTAX
Column Name found in Datamart and Curated Table :: GENERATEDTAGTARGETS
Column Name found in Datamart and Curated Table :: MEMBERSHIPTYPE_ID
Column Name found in Datamart and Curated Table :: ORIGINAL_ID
Column Name found in Datamart and Curated Table :: ADDONPRICE
Column Name found in Datamart and Curated Table :: ISOTTASK
Column Name found in Datamart and Curated Table :: MEMBERSHIPACTION
Column Name found in Datamart and Curated Table :: AVALARACOMMERCIALTAXCODE
Column Name found in Datamart and Curated Table :: BUSINESSUNIT_ID
Column Name found in Datamart and Curated Table :: EXTERNALID
Column Name found in Datamart and Curated Table :: MEMBERSHIPYEARS
Column Name found in Datamart and Curated Table :: PRICE
Column Name found in Datamart and Curated Table :: SOLDBYCOMMISSION
Column Name found in Datamart and Curated Table :: DISPATCHFEE
Column Name found in Datamart and Curated Table :: ADDONFLATAMOUNT
Column Name found in Datamart and Curated Table :: COMMISSIONBONUS
Column Name found in Datamart and Curated Table :: DISPLAYNAME
Column Name found in Datamart and Curated Table :: HOURS
Column Name found in Datamart and Curated Table :: ISDEFERREDREVENUE
Column Name found in Datamart and Curated Table :: WARRANTY_DURATION
Column Name found in Datamart and Curated Table :: PURCHASEORDERLIMITS_FLATAMOUNT
Column Name found in Datamart and Curated Table :: WORKFLOWACTION_ID
Column Name found in Datamart and Curated Table :: BASERATE2
Column Name found in Datamart and Curated Table :: CROSSSALEGROUP
Column Name found in Datamart and Curated Table :: MODIFIEDON
Column Name found in Datamart and Curated Table :: MINIMUMLABORHOURS
Column Name found in Datamart and Curated Table :: NAME
Column Name found in Datamart and Curated Table :: PURCHASEORDERLIMITS_REVENUEPERCENT
Column Name found in Datamart and Curated Table :: IMPORTID
Column Name found in Datamart and Curated Table :: ADDONMEMBERPRICE
Column Name found in Datamart and Curated Table :: ALLOWAPPLYTAGSTOENTITIES
Column Name found in Datamart and Curated Table :: BONUS
Column Name found in Datamart and Curated Table :: GENERALLEDGERACCOUNT_ID
Column Name found in Datamart and Curated Table :: PAYSCOMMISSION
Column Name found in Datamart and Curated Table :: COST
Column Name found in Datamart and Curated Table :: EXCLUDEFROMPRICEBOOKWIZARD
Column Name found in Datamart and Curated Table :: IMAGES
Column Name found in Datamart and Curated Table :: LOYALTYPROGRAMELIGIBLE
Column Name found in Datamart and Curated Table :: SCHEDULEDFLATAMOUNT
Column Name found in Datamart and Curated Table :: SOURCEVERSION
Column Name found in Datamart and Curated Table :: TAXABLE
Column Name found in Datamart and Curated Table :: MEMBERPRICE
Column Name found in Datamart and Curated Table :: ARCHIVED
Column Name found in Datamart and Curated Table :: AUTOGLASSTYPE
Column Name found in Datamart and Curated Table :: AVALARARESIDENTIALTAXCODE
Column Name found in Datamart and Curated Table :: CREATEDON
Column Name found in Datamart and Curated Table :: DESCRIPTION
Column Name found in Datamart and Curated Table :: ISTIMEANDMATERIAL
Column Name found in Datamart and Curated Table :: MEMBERSHIPMONTHS
Column Name found in Datamart and Curated Table :: PAYSFLATAMOUNT
Column Name found in Datamart and Curated Table :: PAYTECHSPECIFICBONUS
Column Name found in Datamart and Curated Table :: PROVIDER_ID
Column Name found in Datamart and Curated Table :: COPIEDFROM_ID
Column Name found in Datamart and Curated Table :: DISPLAYINAMOUNT
Column Name found in Datamart and Curated Table :: SOURCE
Column Name found in Datamart and Curated Table :: SUPPLIERIMAGES
Column Name found in Datamart and Curated Table :: CREATEDBY_ID
Column Name found in Datamart and Curated Table :: ISLABOR
Column Name found in Datamart and Curated Table :: PAYSSOLDBYRATE
Column Name found in Datamart and Curated Table :: WARRANTY_DESCRIPTION
Column Name found in Datamart and Curated Table :: RECURRINGSERVICETYPE_ID
Column Name found in Datamart and Curated Table :: TENANT_TYPE
Datamart tables contains additional column name like [ACTIVE_FLAG, RECORD_CREATE_DATE, RECORD_UPDATE_DATE, MASTER_ID]
Curated tables contains additional column name like [RECORD_CREATE_DATE, RECORD_UPDATE_DATE, RECORD_UPDATED_BY]]]>
  </system-out>
  <testcase classname="testcases.RAW_DATAMART_CURATED.SnowFlake_ColumnValidation_APITables" name="validateColumnName_BKP" time="2.671"/>
  <system-out>
    <![CDATA[Executing Snowflake query :: SELECT COLUMN_NAME FROM DEV_ENT_RAW.INFORMATION_SCHEMA.COLUMNS WHERE TABLE_NAME='ST_API_SERVICE'and TABLE_SCHEMA='API_MAT'
Executing Snowflake query :: SELECT COLUMN_NAME FROM CURATED_DATAMART.INFORMATION_SCHEMA.COLUMNS WHERE TABLE_NAME='STR_API_SERVICE'and TABLE_SCHEMA='ST_API_SNELLHEATINGAIR'
Executing Snowflake query :: SELECT COLUMN_NAME FROM DEV_ENT_CURATED.INFORMATION_SCHEMA.COLUMNS WHERE TABLE_NAME='DIM_SERVICE'and TABLE_SCHEMA='MASTER_DIMENSIONS'
Column names for RAW Table --> ST_API_SERVICE :: [BASERATE1, CATEGORY_ID, ID, MEMBERSHIP, QBITEMNAME, SYNCDATE, ACCOUNT, ACTIVE, ALLOWDISCOUNTS, BASERATE3, NOTAX, GENERATEDTAGTARGETS, MEMBERSHIPTYPE_ID, ORIGINAL_ID, ADDONPRICE, ISOTTASK, MEMBERSHIPACTION, AVALARACOMMERCIALTAXCODE, BUSINESSUNIT_ID, EXTERNALID, MEMBERSHIPYEARS, PRICE, SOLDBYCOMMISSION, DISPATCHFEE, ADDONFLATAMOUNT, COMMISSIONBONUS, DISPLAYNAME, HOURS, ISDEFERREDREVENUE, WARRANTY_DURATION, PURCHASEORDERLIMITS_FLATAMOUNT, WORKFLOWACTION_ID, BASERATE2, CROSSSALEGROUP, MODIFIEDON, MINIMUMLABORHOURS, NAME, PURCHASEORDERLIMITS_REVENUEPERCENT, IMPORTID, ADDONMEMBERPRICE, ALLOWAPPLYTAGSTOENTITIES, BONUS, GENERALLEDGERACCOUNT_ID, PAYSCOMMISSION, COST, EXCLUDEFROMPRICEBOOKWIZARD, IMAGES, LOYALTYPROGRAMELIGIBLE, SCHEDULEDFLATAMOUNT, SOURCEVERSION, TAXABLE, MEMBERPRICE, ARCHIVED, AUTOGLASSTYPE, AVALARARESIDENTIALTAXCODE, CREATEDON, DESCRIPTION, ISTIMEANDMATERIAL, MEMBERSHIPMONTHS, PAYSFLATAMOUNT, PAYTECHSPECIFICBONUS, PROVIDER_ID, COPIEDFROM_ID, DISPLAYINAMOUNT, SOURCE, SUPPLIERIMAGES, CREATEDBY_ID, ISLABOR, PAYSSOLDBYRATE, WARRANTY_DESCRIPTION, RECURRINGSERVICETYPE_ID, TENANT_TYPE]
Column names for DataMart Table --> STR_API_SERVICE :: [ALLOWDISCOUNTS, AUTOGLASSTYPE, AVALARACOMMERCIALTAXCODE, CATEGORY_ID, COMMISSIONBONUS, SUPPLIERIMAGES, MODIFIEDON, PROVIDER_ID, TENANT_TYPE, COPIEDFROM_ID, DISPLAYINAMOUNT, MEMBERSHIPTYPE_ID, SOLDBYCOMMISSION, IMAGES, MINIMUMLABORHOURS, PAYTECHSPECIFICBONUS, ISLABOR, BASERATE3, SOURCEVERSION, WARRANTY_DURATION, MEMBERSHIPACTION, NOTAX, ADDONPRICE, AVALARARESIDENTIALTAXCODE, BASERATE2, CROSSSALEGROUP, CREATEDON, TAXABLE, RECURRINGSERVICETYPE_ID, ARCHIVED, CREATEDBY_ID, DESCRIPTION, MEMBERSHIPMONTHS, MEMBERSHIPYEARS, NAME, PRICE, BASERATE1, HOURS, WORKFLOWACTION_ID, ACTIVE, ACTIVE_FLAG, ADDONMEMBERPRICE, BONUS, DISPLAYNAME, EXTERNALID, ID, MEMBERSHIP, IMPORTID, ISTIMEANDMATERIAL, PAYSCOMMISSION, ALLOWAPPLYTAGSTOENTITIES, ISDEFERREDREVENUE, ISOTTASK, MEMBERPRICE, COST, EXCLUDEFROMPRICEBOOKWIZARD, MASTER_ID, PURCHASEORDERLIMITS_REVENUEPERCENT, SOURCE, QBITEMNAME, ACCOUNT, BUSINESSUNIT_ID, ORIGINAL_ID, PURCHASEORDERLIMITS_FLATAMOUNT, SYNCDATE, WARRANTY_DESCRIPTION, ADDONFLATAMOUNT, DISPATCHFEE, LOYALTYPROGRAMELIGIBLE, RECORD_UPDATE_DATE, GENERATEDTAGTARGETS, PAYSFLATAMOUNT, PAYSSOLDBYRATE, SCHEDULEDFLATAMOUNT, GENERALLEDGERACCOUNT_ID, RECORD_CREATE_DATE]
Column names for Curated Table --> DIM_SERVICE :: [ACCOUNT, ALLOWDISCOUNTS, BASERATE3, DESCRIPTION, DISPATCHFEE, ISOTTASK, MEMBERSHIP, SOLDBYCOMMISSION, DISPLAYNAME, AUTOGLASSTYPE, AVALARACOMMERCIALTAXCODE, BUSINESSUNIT_ID, COMMISSIONBONUS, NOTAX, EXTERNALID, PRICE, CATEGORY_ID, CREATEDON, CROSSSALEGROUP, MEMBERSHIPYEARS, PAYSFLATAMOUNT, PAYSSOLDBYRATE, WARRANTY_DURATION, MODIFIEDON, RECORD_CREATE_DATE, TAXABLE, MEMBERSHIPACTION, ADDONMEMBERPRICE, BONUS, COPIEDFROM_ID, ISDEFERREDREVENUE, SOURCE, ARCHIVED, BASERATE1, PURCHASEORDERLIMITS_REVENUEPERCENT, RECURRINGSERVICETYPE_ID, SOURCEVERSION, ALLOWAPPLYTAGSTOENTITIES, AVALARARESIDENTIALTAXCODE, DISPLAYINAMOUNT, GENERATEDTAGTARGETS, ISTIMEANDMATERIAL, PROVIDER_ID, ADDONFLATAMOUNT, COST, GENERALLEDGERACCOUNT_ID, MEMBERSHIPTYPE_ID, QBITEMNAME, WARRANTY_DESCRIPTION, EXCLUDEFROMPRICEBOOKWIZARD, ID, IMAGES, RECORD_UPDATED_BY, RECORD_UPDATE_DATE, NAME, ACTIVE, ADDONPRICE, LOYALTYPROGRAMELIGIBLE, PAYTECHSPECIFICBONUS, SUPPLIERIMAGES, HOURS, IMPORTID, MINIMUMLABORHOURS, PAYSCOMMISSION, WORKFLOWACTION_ID, MEMBERPRICE, BASERATE2, CREATEDBY_ID, MEMBERSHIPMONTHS, ORIGINAL_ID, SYNCDATE, ISLABOR, PURCHASEORDERLIMITS_FLATAMOUNT, TENANT_TYPE, SCHEDULEDFLATAMOUNT]
Column Name found in Datamart and Curated Table :: BASERATE1
Column Name found in Datamart and Curated Table :: CATEGORY_ID
Column Name found in Datamart and Curated Table :: ID
Column Name found in Datamart and Curated Table :: MEMBERSHIP
Column Name found in Datamart and Curated Table :: QBITEMNAME
Column Name found in Datamart and Curated Table :: SYNCDATE
Column Name found in Datamart and Curated Table :: ACCOUNT
Column Name found in Datamart and Curated Table :: ACTIVE
Column Name found in Datamart and Curated Table :: ALLOWDISCOUNTS
Column Name found in Datamart and Curated Table :: BASERATE3
Column Name found in Datamart and Curated Table :: NOTAX
Column Name found in Datamart and Curated Table :: GENERATEDTAGTARGETS
Column Name found in Datamart and Curated Table :: MEMBERSHIPTYPE_ID
Column Name found in Datamart and Curated Table :: ORIGINAL_ID
Column Name found in Datamart and Curated Table :: ADDONPRICE
Column Name found in Datamart and Curated Table :: ISOTTASK
Column Name found in Datamart and Curated Table :: MEMBERSHIPACTION
Column Name found in Datamart and Curated Table :: AVALARACOMMERCIALTAXCODE
Column Name found in Datamart and Curated Table :: BUSINESSUNIT_ID
Column Name found in Datamart and Curated Table :: EXTERNALID
Column Name found in Datamart and Curated Table :: MEMBERSHIPYEARS
Column Name found in Datamart and Curated Table :: PRICE
Column Name found in Datamart and Curated Table :: SOLDBYCOMMISSION
Column Name found in Datamart and Curated Table :: DISPATCHFEE
Column Name found in Datamart and Curated Table :: ADDONFLATAMOUNT
Column Name found in Datamart and Curated Table :: COMMISSIONBONUS
Column Name found in Datamart and Curated Table :: DISPLAYNAME
Column Name found in Datamart and Curated Table :: HOURS
Column Name found in Datamart and Curated Table :: ISDEFERREDREVENUE
Column Name found in Datamart and Curated Table :: WARRANTY_DURATION
Column Name found in Datamart and Curated Table :: PURCHASEORDERLIMITS_FLATAMOUNT
Column Name found in Datamart and Curated Table :: WORKFLOWACTION_ID
Column Name found in Datamart and Curated Table :: BASERATE2
Column Name found in Datamart and Curated Table :: CROSSSALEGROUP
Column Name found in Datamart and Curated Table :: MODIFIEDON
Column Name found in Datamart and Curated Table :: MINIMUMLABORHOURS
Column Name found in Datamart and Curated Table :: NAME
Column Name found in Datamart and Curated Table :: PURCHASEORDERLIMITS_REVENUEPERCENT
Column Name found in Datamart and Curated Table :: IMPORTID
Column Name found in Datamart and Curated Table :: ADDONMEMBERPRICE
Column Name found in Datamart and Curated Table :: ALLOWAPPLYTAGSTOENTITIES
Column Name found in Datamart and Curated Table :: BONUS
Column Name found in Datamart and Curated Table :: GENERALLEDGERACCOUNT_ID
Column Name found in Datamart and Curated Table :: PAYSCOMMISSION
Column Name found in Datamart and Curated Table :: COST
Column Name found in Datamart and Curated Table :: EXCLUDEFROMPRICEBOOKWIZARD
Column Name found in Datamart and Curated Table :: IMAGES
Column Name found in Datamart and Curated Table :: LOYALTYPROGRAMELIGIBLE
Column Name found in Datamart and Curated Table :: SCHEDULEDFLATAMOUNT
Column Name found in Datamart and Curated Table :: SOURCEVERSION
Column Name found in Datamart and Curated Table :: TAXABLE
Column Name found in Datamart and Curated Table :: MEMBERPRICE
Column Name found in Datamart and Curated Table :: ARCHIVED
Column Name found in Datamart and Curated Table :: AUTOGLASSTYPE
Column Name found in Datamart and Curated Table :: AVALARARESIDENTIALTAXCODE
Column Name found in Datamart and Curated Table :: CREATEDON
Column Name found in Datamart and Curated Table :: DESCRIPTION
Column Name found in Datamart and Curated Table :: ISTIMEANDMATERIAL
Column Name found in Datamart and Curated Table :: MEMBERSHIPMONTHS
Column Name found in Datamart and Curated Table :: PAYSFLATAMOUNT
Column Name found in Datamart and Curated Table :: PAYTECHSPECIFICBONUS
Column Name found in Datamart and Curated Table :: PROVIDER_ID
Column Name found in Datamart and Curated Table :: COPIEDFROM_ID
Column Name found in Datamart and Curated Table :: DISPLAYINAMOUNT
Column Name found in Datamart and Curated Table :: SOURCE
Column Name found in Datamart and Curated Table :: SUPPLIERIMAGES
Column Name found in Datamart and Curated Table :: CREATEDBY_ID
Column Name found in Datamart and Curated Table :: ISLABOR
Column Name found in Datamart and Curated Table :: PAYSSOLDBYRATE
Column Name found in Datamart and Curated Table :: WARRANTY_DESCRIPTION
Column Name found in Datamart and Curated Table :: RECURRINGSERVICETYPE_ID
Column Name found in Datamart and Curated Table :: TENANT_TYPE
Datamart tables contains additional column name like [ACTIVE_FLAG, RECORD_CREATE_DATE, RECORD_UPDATE_DATE, MASTER_ID]
Curated tables contains additional column name like [RECORD_CREATE_DATE, RECORD_UPDATE_DATE, RECORD_UPDATED_BY]]]>
  </system-out>
  <testcase classname="testcases.RAW_DATAMART_CURATED.SnowFlake_ColumnValidation_APITables" name="validateColumnName_BKP" time="2.642"/>
  <system-out>
    <![CDATA[Executing Snowflake query :: SELECT COLUMN_NAME FROM DEV_ENT_RAW.INFORMATION_SCHEMA.COLUMNS WHERE TABLE_NAME='ST_API_CATEGORY'and TABLE_SCHEMA='API_MAT'
Executing Snowflake query :: SELECT COLUMN_NAME FROM CURATED_DATAMART.INFORMATION_SCHEMA.COLUMNS WHERE TABLE_NAME='STR_API_CATEGORY'and TABLE_SCHEMA='ST_API_EANESHEATING'
Executing Snowflake query :: SELECT COLUMN_NAME FROM DEV_ENT_CURATED.INFORMATION_SCHEMA.COLUMNS WHERE TABLE_NAME='DIM_CATEGORY'and TABLE_SCHEMA='MASTER_DIMENSIONS'
Column names for RAW Table --> ST_API_CATEGORY :: [SOURCEVERSION, SUPPLIERIMAGES, CREATEDBY_ID, CREATEDON, IMAGE, CATEGORYTYPE, HIDEINMOBILE, ID, IMPORTID, PARENT_ID, BUSINESSUNIT_ID, SOURCE, ACTIVE, AVALARACOMMERCIALTAXCODE, DESCRIPTION, AVALARARESIDENTIALTAXCODE, NAME, SKUIMAGES, POSITION, EXTERNALID, TENANT_TYPE]
Column names for DataMart Table --> STR_API_CATEGORY :: [ACTIVE, ACTIVE_FLAG, EXTERNALID, SUPPLIERIMAGES, CREATEDON, SOURCE, POSITION, CATEGORYTYPE, TENANT_TYPE, BUSINESSUNIT_ID, DESCRIPTION, HIDEINMOBILE, IMAGE, IMPORTID, RECORD_CREATE_DATE, SKUIMAGES, AVALARARESIDENTIALTAXCODE, CREATEDBY_ID, MASTER_ID, NAME, AVALARACOMMERCIALTAXCODE, PARENT_ID, SOURCEVERSION, RECORD_UPDATE_DATE, ID]
Column names for Curated Table --> DIM_CATEGORY :: [AVALARARESIDENTIALTAXCODE, POSITION, SOURCEVERSION, IMAGE, ACTIVE, IMPORTID, NAME, SKUIMAGES, CREATEDBY_ID, PARENT_ID, SOURCE, DESCRIPTION, EXTERNALID, SUPPLIERIMAGES, AVALARACOMMERCIALTAXCODE, BUSINESSUNIT_ID, CATEGORYTYPE, ID, RECORD_UPDATE_DATE, TENANT_TYPE, RECORD_UPDATED_BY, CREATEDON, HIDEINMOBILE, RECORD_CREATE_DATE]
Column Name found in Datamart and Curated Table :: SOURCEVERSION
Column Name found in Datamart and Curated Table :: SUPPLIERIMAGES
Column Name found in Datamart and Curated Table :: CREATEDBY_ID
Column Name found in Datamart and Curated Table :: CREATEDON
Column Name found in Datamart and Curated Table :: IMAGE
Column Name found in Datamart and Curated Table :: CATEGORYTYPE
Column Name found in Datamart and Curated Table :: HIDEINMOBILE
Column Name found in Datamart and Curated Table :: ID
Column Name found in Datamart and Curated Table :: IMPORTID
Column Name found in Datamart and Curated Table :: PARENT_ID
Column Name found in Datamart and Curated Table :: BUSINESSUNIT_ID
Column Name found in Datamart and Curated Table :: SOURCE
Column Name found in Datamart and Curated Table :: ACTIVE
Column Name found in Datamart and Curated Table :: AVALARACOMMERCIALTAXCODE
Column Name found in Datamart and Curated Table :: DESCRIPTION
Column Name found in Datamart and Curated Table :: AVALARARESIDENTIALTAXCODE
Column Name found in Datamart and Curated Table :: NAME
Column Name found in Datamart and Curated Table :: SKUIMAGES
Column Name found in Datamart and Curated Table :: POSITION
Column Name found in Datamart and Curated Table :: EXTERNALID
Column Name found in Datamart and Curated Table :: TENANT_TYPE
Datamart tables contains additional column name like [ACTIVE_FLAG, RECORD_CREATE_DATE, RECORD_UPDATE_DATE, MASTER_ID]
Curated tables contains additional column name like [RECORD_CREATE_DATE, RECORD_UPDATE_DATE, RECORD_UPDATED_BY]]]>
  </system-out>
  <testcase classname="testcases.RAW_DATAMART_CURATED.SnowFlake_ColumnValidation_APITables" name="validateColumnName_BKP" time="2.256"/>
  <system-out>
    <![CDATA[Executing Snowflake query :: SELECT COLUMN_NAME FROM DEV_ENT_RAW.INFORMATION_SCHEMA.COLUMNS WHERE TABLE_NAME='ST_API_TECHNICIANSHIFT'and TABLE_SCHEMA='API_MAT'
Executing Snowflake query :: SELECT COLUMN_NAME FROM CURATED_DATAMART.INFORMATION_SCHEMA.COLUMNS WHERE TABLE_NAME='STR_API_TECHNICIANSHIFT'and TABLE_SCHEMA='ST_API_HARP'
Executing Snowflake query :: SELECT COLUMN_NAME FROM DEV_ENT_CURATED.INFORMATION_SCHEMA.COLUMNS WHERE TABLE_NAME='DIM_TECHNICIANSHIFT'and TABLE_SCHEMA='MASTER_DIMENSIONS'
Column names for RAW Table --> ST_API_TECHNICIANSHIFT :: [END, ENDDATE, STARTTIME, ENDTIME, START, TECHNICIAN_ID, ACTIVE, BATCH, CREATEDBY_ID, TITLE, ID, IMPORTID, SHIFTTYPE, STARTDATE, CREATEDON, NOTE, TIMESHEET_ID, TIMESHEETCODE_ID, TENANT_TYPE]
Column names for DataMart Table --> STR_API_TECHNICIANSHIFT :: [ACTIVE, CREATEDON, ENDDATE, RECORD_CREATE_DATE, TECHNICIAN_ID, TENANT_TYPE, END, ID, SHIFTTYPE, TITLE, CREATEDBY_ID, RECORD_UPDATE_DATE, STARTTIME, IMPORTID, MASTER_ID, TIMESHEET_ID, ENDTIME, STARTDATE, TIMESHEETCODE_ID, ACTIVE_FLAG, BATCH, START, NOTE]
Column names for Curated Table --> DIM_TECHNICIANSHIFT :: [CREATEDON, TENANT_TYPE, TITLE, ACTIVE, NOTE, RECORD_CREATE_DATE, END, ID, RECORD_UPDATED_BY, TIMESHEETCODE_ID, IMPORTID, RECORD_UPDATE_DATE, STARTTIME, TECHNICIAN_ID, TIMESHEET_ID, CREATEDBY_ID, ENDDATE, START, SHIFTTYPE, BATCH, ENDTIME, STARTDATE]
Column Name found in Datamart and Curated Table :: END
Column Name found in Datamart and Curated Table :: ENDDATE
Column Name found in Datamart and Curated Table :: STARTTIME
Column Name found in Datamart and Curated Table :: ENDTIME
Column Name found in Datamart and Curated Table :: START
Column Name found in Datamart and Curated Table :: TECHNICIAN_ID
Column Name found in Datamart and Curated Table :: ACTIVE
Column Name found in Datamart and Curated Table :: BATCH
Column Name found in Datamart and Curated Table :: CREATEDBY_ID
Column Name found in Datamart and Curated Table :: TITLE
Column Name found in Datamart and Curated Table :: ID
Column Name found in Datamart and Curated Table :: IMPORTID
Column Name found in Datamart and Curated Table :: SHIFTTYPE
Column Name found in Datamart and Curated Table :: STARTDATE
Column Name found in Datamart and Curated Table :: CREATEDON
Column Name found in Datamart and Curated Table :: NOTE
Column Name found in Datamart and Curated Table :: TIMESHEET_ID
Column Name found in Datamart and Curated Table :: TIMESHEETCODE_ID
Column Name found in Datamart and Curated Table :: TENANT_TYPE
Datamart tables contains additional column name like [ACTIVE_FLAG, RECORD_CREATE_DATE, RECORD_UPDATE_DATE, MASTER_ID]
Curated tables contains additional column name like [RECORD_CREATE_DATE, RECORD_UPDATE_DATE, RECORD_UPDATED_BY]]]>
  </system-out>
  <testcase classname="testcases.RAW_DATAMART_CURATED.SnowFlake_ColumnValidation_APITables" name="validateColumnName_BKP" time="2.771"/>
  <system-out>
    <![CDATA[Executing Snowflake query :: SELECT COLUMN_NAME FROM DEV_ENT_RAW.INFORMATION_SCHEMA.COLUMNS WHERE TABLE_NAME='ST_API_PURCHASEORDER'and TABLE_SCHEMA='API_MAT'
Executing Snowflake query :: SELECT COLUMN_NAME FROM CURATED_DATAMART.INFORMATION_SCHEMA.COLUMNS WHERE TABLE_NAME='STR_API_PURCHASEORDER'and TABLE_SCHEMA='ST_API_HDAIR'
Executing Snowflake query :: SELECT COLUMN_NAME FROM DEV_ENT_CURATED.INFORMATION_SCHEMA.COLUMNS WHERE TABLE_NAME='DIM_PURCHASEORDER'and TABLE_SCHEMA='MASTER_DIMENSIONS'
Column names for RAW Table --> ST_API_PURCHASEORDER :: [CANCELEDBY_ID, CANCELEDREASON, INVENTORYLOCATION_ID, POVENDOR_ID, SHIPTO_CITY, SHIPTO_LATITUDE, STATUS, TECHNICIAN_ID, AMOUNT, BUSINESSUNIT_ID, CREATEDBY_ID, ISTIMEANDMATERIAL, SENDSTATUS, SHIPPING, SHIPTO_UNIT, TAXSCHEMA, TRUCK_ID, TYPE_ID, VENDORINVOICENUMBER, PROJECTLABELS, SHIPTO_COUNTRY, EXPORTID, MARKUP, SHIPTO_STREET, IMPORTID, NUMBER, TAX, TAXRATE, VENDOR, CANCELEDON, CREATEDON, DATE, MODIFIEDON, ERRORMESSAGE, REQUIREDON, SHIPTO_LONGITUDE, ACTIVE, REQUISITION_ID, SHIPTO_ISMILITARY, GROUPINGOPTION, PROJECT_ID, SENDINGMETHOD, SHIPTO_ZIP, RECEIVEDON, SUMMARY, BATCH_ID, EXTERNALID, ID, INVOICE_ID, JOB_ID, NOCHARGE, SHIPTO_ISMANUALCOORDINATES, SHIPTO_STATE, SENTON, SHIPTODESCRIPTION, TENANT_TYPE]
Column names for DataMart Table --> STR_API_PURCHASEORDER :: [EXPORTID, MODIFIEDON, REQUIREDON, SENTON, SHIPTO_LATITUDE, VENDOR, TRUCK_ID, CANCELEDON, MASTER_ID, NUMBER, SHIPTO_STREET, INVENTORYLOCATION_ID, PROJECTLABELS, SENDSTATUS, SHIPTO_COUNTRY, TAXRATE, CANCELEDREASON, EXTERNALID, NOCHARGE, SHIPPING, POVENDOR_ID, VENDORINVOICENUMBER, AMOUNT, CREATEDON, GROUPINGOPTION, RECEIVEDON, REQUISITION_ID, SENDINGMETHOD, STATUS, RECORD_CREATE_DATE, SHIPTODESCRIPTION, SHIPTO_ISMILITARY, TENANT_TYPE, BATCH_ID, ID, ROLLEDOVERFROMPURCHASEORDER_ID, SHIPTO_CITY, TECHNICIAN_ID, ACTIVE_FLAG, CREATEDBY_ID, ERRORMESSAGE, SHIPTO_ISMANUALCOORDINATES, TAXSCHEMA, TYPE_ID, TAX, INVOICE_ID, CANCELEDBY_ID, IMPORTID, JOB_ID, SHIPTO_ZIP, SHIPTO_UNIT, SUMMARY, ACTIVE, BUSINESSUNIT_ID, DATE, MARKUP, PROJECT_ID, RECORD_UPDATE_DATE, SHIPTO_LONGITUDE, SHIPTO_STATE, ISTIMEANDMATERIAL]
Column names for Curated Table --> DIM_PURCHASEORDER :: [ACTIVE, CANCELEDBY_ID, CANCELEDON, RECORD_CREATE_DATE, TRUCK_ID, ROLLEDOVERFROMPURCHASEORDER_ID, SHIPTO_LONGITUDE, TAXSCHEMA, BUSINESSUNIT_ID, POVENDOR_ID, SHIPTO_ISMANUALCOORDINATES, SHIPTO_ISMILITARY, CREATEDON, RECORD_UPDATE_DATE, NUMBER, AMOUNT, DATE, ERRORMESSAGE, EXPORTID, GROUPINGOPTION, INVOICE_ID, MODIFIEDON, PROJECT_ID, SHIPTO_COUNTRY, STATUS, RECORD_UPDATED_BY, TECHNICIAN_ID, SHIPTO_STATE, MARKUP, REQUISITION_ID, SENDSTATUS, SHIPTO_LATITUDE, SHIPTO_STREET, INVENTORYLOCATION_ID, TYPE_ID, BATCH_ID, CREATEDBY_ID, SENTON, PROJECTLABELS, SENDINGMETHOD, SHIPTO_CITY, TAXRATE, EXTERNALID, ID, TAX, VENDOR, IMPORTID, NOCHARGE, SHIPTO_ZIP, SUMMARY, TENANT_TYPE, SHIPPING, CANCELEDREASON, ISTIMEANDMATERIAL, JOB_ID, RECEIVEDON, SHIPTODESCRIPTION, SHIPTO_UNIT, VENDORINVOICENUMBER, REQUIREDON]
Column Name found in Datamart and Curated Table :: CANCELEDBY_ID
Column Name found in Datamart and Curated Table :: CANCELEDREASON
Column Name found in Datamart and Curated Table :: INVENTORYLOCATION_ID
Column Name found in Datamart and Curated Table :: POVENDOR_ID
Column Name found in Datamart and Curated Table :: SHIPTO_CITY
Column Name found in Datamart and Curated Table :: SHIPTO_LATITUDE
Column Name found in Datamart and Curated Table :: STATUS
Column Name found in Datamart and Curated Table :: TECHNICIAN_ID
Column Name found in Datamart and Curated Table :: AMOUNT
Column Name found in Datamart and Curated Table :: BUSINESSUNIT_ID
Column Name found in Datamart and Curated Table :: CREATEDBY_ID
Column Name found in Datamart and Curated Table :: ISTIMEANDMATERIAL
Column Name found in Datamart and Curated Table :: SENDSTATUS
Column Name found in Datamart and Curated Table :: SHIPPING
Column Name found in Datamart and Curated Table :: SHIPTO_UNIT
Column Name found in Datamart and Curated Table :: TAXSCHEMA
Column Name found in Datamart and Curated Table :: TRUCK_ID
Column Name found in Datamart and Curated Table :: TYPE_ID
Column Name found in Datamart and Curated Table :: VENDORINVOICENUMBER
Column Name found in Datamart and Curated Table :: PROJECTLABELS
Column Name found in Datamart and Curated Table :: SHIPTO_COUNTRY
Column Name found in Datamart and Curated Table :: EXPORTID
Column Name found in Datamart and Curated Table :: MARKUP
Column Name found in Datamart and Curated Table :: SHIPTO_STREET
Column Name found in Datamart and Curated Table :: IMPORTID
Column Name found in Datamart and Curated Table :: NUMBER
Column Name found in Datamart and Curated Table :: TAX
Column Name found in Datamart and Curated Table :: TAXRATE
Column Name found in Datamart and Curated Table :: VENDOR
Column Name found in Datamart and Curated Table :: CANCELEDON
Column Name found in Datamart and Curated Table :: CREATEDON
Column Name found in Datamart and Curated Table :: DATE
Column Name found in Datamart and Curated Table :: MODIFIEDON
Column Name found in Datamart and Curated Table :: ERRORMESSAGE
Column Name found in Datamart and Curated Table :: REQUIREDON
Column Name found in Datamart and Curated Table :: SHIPTO_LONGITUDE
Column Name found in Datamart and Curated Table :: ACTIVE
Column Name found in Datamart and Curated Table :: REQUISITION_ID
Column Name found in Datamart and Curated Table :: SHIPTO_ISMILITARY
Column Name found in Datamart and Curated Table :: GROUPINGOPTION
Column Name found in Datamart and Curated Table :: PROJECT_ID
Column Name found in Datamart and Curated Table :: SENDINGMETHOD
Column Name found in Datamart and Curated Table :: SHIPTO_ZIP
Column Name found in Datamart and Curated Table :: RECEIVEDON
Column Name found in Datamart and Curated Table :: SUMMARY
Column Name found in Datamart and Curated Table :: BATCH_ID
Column Name found in Datamart and Curated Table :: EXTERNALID
Column Name found in Datamart and Curated Table :: ID
Column Name found in Datamart and Curated Table :: INVOICE_ID
Column Name found in Datamart and Curated Table :: JOB_ID
Column Name found in Datamart and Curated Table :: NOCHARGE
Column Name found in Datamart and Curated Table :: SHIPTO_ISMANUALCOORDINATES
Column Name found in Datamart and Curated Table :: SHIPTO_STATE
Column Name found in Datamart and Curated Table :: SENTON
Column Name found in Datamart and Curated Table :: SHIPTODESCRIPTION
Column Name found in Datamart and Curated Table :: TENANT_TYPE
Datamart tables contains additional column name like [ACTIVE_FLAG, RECORD_CREATE_DATE, RECORD_UPDATE_DATE, MASTER_ID]
Curated tables contains additional column name like [RECORD_CREATE_DATE, RECORD_UPDATE_DATE, RECORD_UPDATED_BY]]]>
  </system-out>
  <testcase classname="testcases.RAW_DATAMART_CURATED.SnowFlake_ColumnValidation_APITables" name="validateColumnName_BKP" time="2.858"/>
  <system-out>
    <![CDATA[Executing Snowflake query :: SELECT COLUMN_NAME FROM DEV_ENT_RAW.INFORMATION_SCHEMA.COLUMNS WHERE TABLE_NAME='ST_API_CATEGORY'and TABLE_SCHEMA='API_MAT'
Executing Snowflake query :: SELECT COLUMN_NAME FROM CURATED_DATAMART.INFORMATION_SCHEMA.COLUMNS WHERE TABLE_NAME='STR_API_CATEGORY'and TABLE_SCHEMA='ST_API_CASTEEL'
Executing Snowflake query :: SELECT COLUMN_NAME FROM DEV_ENT_CURATED.INFORMATION_SCHEMA.COLUMNS WHERE TABLE_NAME='DIM_CATEGORY'and TABLE_SCHEMA='MASTER_DIMENSIONS'
Column names for RAW Table --> ST_API_CATEGORY :: [SOURCEVERSION, SUPPLIERIMAGES, CREATEDBY_ID, CREATEDON, IMAGE, CATEGORYTYPE, HIDEINMOBILE, ID, IMPORTID, PARENT_ID, BUSINESSUNIT_ID, SOURCE, ACTIVE, AVALARACOMMERCIALTAXCODE, DESCRIPTION, AVALARARESIDENTIALTAXCODE, NAME, SKUIMAGES, POSITION, EXTERNALID, TENANT_TYPE]
Column names for DataMart Table --> STR_API_CATEGORY :: [CREATEDON, MASTER_ID, RECORD_UPDATE_DATE, SOURCEVERSION, IMPORTID, ACTIVE_FLAG, AVALARARESIDENTIALTAXCODE, HIDEINMOBILE, BUSINESSUNIT_ID, DESCRIPTION, EXTERNALID, ID, PARENT_ID, POSITION, SOURCE, TENANT_TYPE, IMAGE, ACTIVE, SKUIMAGES, CATEGORYTYPE, AVALARACOMMERCIALTAXCODE, CREATEDBY_ID, NAME, RECORD_CREATE_DATE, SUPPLIERIMAGES]
Column names for Curated Table --> DIM_CATEGORY :: [AVALARARESIDENTIALTAXCODE, POSITION, SOURCEVERSION, IMAGE, ACTIVE, IMPORTID, NAME, SKUIMAGES, CREATEDBY_ID, PARENT_ID, SOURCE, DESCRIPTION, EXTERNALID, SUPPLIERIMAGES, AVALARACOMMERCIALTAXCODE, BUSINESSUNIT_ID, CATEGORYTYPE, ID, RECORD_UPDATE_DATE, TENANT_TYPE, RECORD_UPDATED_BY, CREATEDON, HIDEINMOBILE, RECORD_CREATE_DATE]
Column Name found in Datamart and Curated Table :: SOURCEVERSION
Column Name found in Datamart and Curated Table :: SUPPLIERIMAGES
Column Name found in Datamart and Curated Table :: CREATEDBY_ID
Column Name found in Datamart and Curated Table :: CREATEDON
Column Name found in Datamart and Curated Table :: IMAGE
Column Name found in Datamart and Curated Table :: CATEGORYTYPE
Column Name found in Datamart and Curated Table :: HIDEINMOBILE
Column Name found in Datamart and Curated Table :: ID
Column Name found in Datamart and Curated Table :: IMPORTID
Column Name found in Datamart and Curated Table :: PARENT_ID
Column Name found in Datamart and Curated Table :: BUSINESSUNIT_ID
Column Name found in Datamart and Curated Table :: SOURCE
Column Name found in Datamart and Curated Table :: ACTIVE
Column Name found in Datamart and Curated Table :: AVALARACOMMERCIALTAXCODE
Column Name found in Datamart and Curated Table :: DESCRIPTION
Column Name found in Datamart and Curated Table :: AVALARARESIDENTIALTAXCODE
Column Name found in Datamart and Curated Table :: NAME
Column Name found in Datamart and Curated Table :: SKUIMAGES
Column Name found in Datamart and Curated Table :: POSITION
Column Name found in Datamart and Curated Table :: EXTERNALID
Column Name found in Datamart and Curated Table :: TENANT_TYPE
Datamart tables contains additional column name like [ACTIVE_FLAG, RECORD_CREATE_DATE, RECORD_UPDATE_DATE, MASTER_ID]
Curated tables contains additional column name like [RECORD_CREATE_DATE, RECORD_UPDATE_DATE, RECORD_UPDATED_BY]]]>
  </system-out>
  <testcase classname="testcases.RAW_DATAMART_CURATED.SnowFlake_ColumnValidation_APITables" name="validateColumnName_BKP" time="2.765"/>
  <system-out>
    <![CDATA[Executing Snowflake query :: SELECT COLUMN_NAME FROM DEV_ENT_RAW.INFORMATION_SCHEMA.COLUMNS WHERE TABLE_NAME='ST_API_CALL'and TABLE_SCHEMA='API_MAT'
Executing Snowflake query :: SELECT COLUMN_NAME FROM CURATED_DATAMART.INFORMATION_SCHEMA.COLUMNS WHERE TABLE_NAME='STR_API_CALL'and TABLE_SCHEMA='ST_API_MAITZ'
Executing Snowflake query :: SELECT COLUMN_NAME FROM DEV_ENT_CURATED.INFORMATION_SCHEMA.COLUMNS WHERE TABLE_NAME='DIM_CALL'and TABLE_SCHEMA='MASTER_DIMENSIONS'
Column names for RAW Table --> ST_API_CALL :: [DURATION, CALLSERVICE, CREATEDON, CUSTOMER_ID, REASON_ID, RECORDINGURL, VOICEMAILPATH, CONVERSIONSCORE, TAG, AGENT_ID, DIRECTION, ESTIMATE_ID, FROM, STATUS, MODIFIEDON, EXCUSEMEMO, LOCATION_ID, RECORDINGID, SID, TO, IMPORTID, TYPE, JOB_ID, FOLLOWUP_ID, ID, REVIEWINGBY_ID, WONTREVIEW, ACTIVE, CAMPAIGN_ID, CREATEDBY_ID, REVIEWEDBY_ID, RECORDINGPATH, LEAD_ID, TENANT_TYPE]
Column names for DataMart Table --> STR_API_CALL :: [CALLSERVICE, CREATEDBY_ID, RECORDINGURL, RECORD_UPDATE_DATE, CAMPAIGN_ID, RECORD_CREATE_DATE, CREATEDON, EXCUSEMEMO, TAG, DURATION, ACTIVE, CUSTOMER_ID, ESTIMATE_ID, FROM, JOB_ID, SID, ACTIVE_FLAG, AGENT_ID, MODIFIEDON, LEAD_ID, RECORDINGID, CONVERSIONSCORE, DIRECTION, FOLLOWUP_ID, ID, STATUS, LOCATION_ID, MASTER_ID, TO, RECORDINGPATH, IMPORTID, TENANT_TYPE, REASON_ID, WONTREVIEW, VOICEMAILPATH, REVIEWEDBY_ID, REVIEWINGBY_ID, TYPE]
Column names for Curated Table --> DIM_CALL :: [ESTIMATE_ID, REASON_ID, WONTREVIEW, AGENT_ID, DIRECTION, FOLLOWUP_ID, LOCATION_ID, RECORDINGID, TAG, TYPE, CUSTOMER_ID, LEAD_ID, RECORDINGPATH, VOICEMAILPATH, STATUS, CONVERSIONSCORE, FROM, CREATEDBY_ID, DURATION, TENANT_TYPE, ACTIVE, CALLSERVICE, CAMPAIGN_ID, ID, RECORDINGURL, RECORD_UPDATE_DATE, RECORD_CREATE_DATE, JOB_ID, REVIEWEDBY_ID, TO, RECORD_UPDATED_BY, REVIEWINGBY_ID, SID, CREATEDON, EXCUSEMEMO, IMPORTID, MODIFIEDON]
Column Name found in Datamart and Curated Table :: DURATION
Column Name found in Datamart and Curated Table :: CALLSERVICE
Column Name found in Datamart and Curated Table :: CREATEDON
Column Name found in Datamart and Curated Table :: CUSTOMER_ID
Column Name found in Datamart and Curated Table :: REASON_ID
Column Name found in Datamart and Curated Table :: RECORDINGURL
Column Name found in Datamart and Curated Table :: VOICEMAILPATH
Column Name found in Datamart and Curated Table :: CONVERSIONSCORE
Column Name found in Datamart and Curated Table :: TAG
Column Name found in Datamart and Curated Table :: AGENT_ID
Column Name found in Datamart and Curated Table :: DIRECTION
Column Name found in Datamart and Curated Table :: ESTIMATE_ID
Column Name found in Datamart and Curated Table :: FROM
Column Name found in Datamart and Curated Table :: STATUS
Column Name found in Datamart and Curated Table :: MODIFIEDON
Column Name found in Datamart and Curated Table :: EXCUSEMEMO
Column Name found in Datamart and Curated Table :: LOCATION_ID
Column Name found in Datamart and Curated Table :: RECORDINGID
Column Name found in Datamart and Curated Table :: SID
Column Name found in Datamart and Curated Table :: TO
Column Name found in Datamart and Curated Table :: IMPORTID
Column Name found in Datamart and Curated Table :: TYPE
Column Name found in Datamart and Curated Table :: JOB_ID
Column Name found in Datamart and Curated Table :: FOLLOWUP_ID
Column Name found in Datamart and Curated Table :: ID
Column Name found in Datamart and Curated Table :: REVIEWINGBY_ID
Column Name found in Datamart and Curated Table :: WONTREVIEW
Column Name found in Datamart and Curated Table :: ACTIVE
Column Name found in Datamart and Curated Table :: CAMPAIGN_ID
Column Name found in Datamart and Curated Table :: CREATEDBY_ID
Column Name found in Datamart and Curated Table :: REVIEWEDBY_ID
Column Name found in Datamart and Curated Table :: RECORDINGPATH
Column Name found in Datamart and Curated Table :: LEAD_ID
Column Name found in Datamart and Curated Table :: TENANT_TYPE
Datamart tables contains additional column name like [ACTIVE_FLAG, RECORD_CREATE_DATE, RECORD_UPDATE_DATE, MASTER_ID]
Curated tables contains additional column name like [RECORD_CREATE_DATE, RECORD_UPDATE_DATE, RECORD_UPDATED_BY]]]>
  </system-out>
  <testcase classname="testcases.RAW_DATAMART_CURATED.SnowFlake_ColumnValidation_APITables" name="validateColumnName_BKP" time="8.072"/>
  <system-out>
    <![CDATA[Executing Snowflake query :: SELECT COLUMN_NAME FROM DEV_ENT_RAW.INFORMATION_SCHEMA.COLUMNS WHERE TABLE_NAME='ST_API_CALLREASON'and TABLE_SCHEMA='API_MAT'
Executing Snowflake query :: SELECT COLUMN_NAME FROM CURATED_DATAMART.INFORMATION_SCHEMA.COLUMNS WHERE TABLE_NAME='STR_API_CALLREASON'and TABLE_SCHEMA='ST_API_MAITZ'
Executing Snowflake query :: SELECT COLUMN_NAME FROM DEV_ENT_CURATED.INFORMATION_SCHEMA.COLUMNS WHERE TABLE_NAME='DIM_CALLREASON'and TABLE_SCHEMA='MASTER_DIMENSIONS'
Column names for RAW Table --> ST_API_CALLREASON :: [CREATEDBY_ID, CREATEDON, ID, IMPORTID, ACTIVE, LEAD, MODIFIEDON, NAME, TENANT_TYPE]
Column names for DataMart Table --> STR_API_CALLREASON :: [CREATEDBY_ID, ID, RECORD_UPDATE_DATE, CREATEDON, MASTER_ID, MODIFIEDON, RECORD_CREATE_DATE, ACTIVE, TENANT_TYPE, LEAD, ACTIVE_FLAG, NAME, IMPORTID]
Column names for Curated Table --> DIM_CALLREASON :: [CREATEDBY_ID, RECORD_CREATE_DATE, MODIFIEDON, LEAD, RECORD_UPDATED_BY, ACTIVE, ID, CREATEDON, IMPORTID, NAME, TENANT_TYPE, RECORD_UPDATE_DATE]
Column Name found in Datamart and Curated Table :: CREATEDBY_ID
Column Name found in Datamart and Curated Table :: CREATEDON
Column Name found in Datamart and Curated Table :: ID
Column Name found in Datamart and Curated Table :: IMPORTID
Column Name found in Datamart and Curated Table :: ACTIVE
Column Name found in Datamart and Curated Table :: LEAD
Column Name found in Datamart and Curated Table :: MODIFIEDON
Column Name found in Datamart and Curated Table :: NAME
Column Name found in Datamart and Curated Table :: TENANT_TYPE
Datamart tables contains additional column name like [ACTIVE_FLAG, RECORD_CREATE_DATE, RECORD_UPDATE_DATE, MASTER_ID]
Curated tables contains additional column name like [RECORD_CREATE_DATE, RECORD_UPDATE_DATE, RECORD_UPDATED_BY]]]>
  </system-out>
  <testcase classname="testcases.RAW_DATAMART_CURATED.SnowFlake_ColumnValidation_APITables" name="validateColumnName_BKP" time="2.153"/>
  <system-out>
    <![CDATA[Executing Snowflake query :: SELECT COLUMN_NAME FROM DEV_ENT_RAW.INFORMATION_SCHEMA.COLUMNS WHERE TABLE_NAME='ST_API_BUSINESSUNIT'and TABLE_SCHEMA='API_MAT'
Executing Snowflake query :: SELECT COLUMN_NAME FROM CURATED_DATAMART.INFORMATION_SCHEMA.COLUMNS WHERE TABLE_NAME='STR_API_BUSINESSUNIT'and TABLE_SCHEMA='ST_API_EANESHEATING'
Executing Snowflake query :: SELECT COLUMN_NAME FROM DEV_ENT_CURATED.INFORMATION_SCHEMA.COLUMNS WHERE TABLE_NAME='DIM_BUSINESSUNIT'and TABLE_SCHEMA='MASTER_DIMENSIONS'
Column names for RAW Table --> ST_API_BUSINESSUNIT :: [ADDRESS_ZIP, CORPORATECONTRACTNUMBER, CREDITCARDPROCESSORLOGIN, DATA, FRANCHISEEINFO_NAME, FRANCHISEEINFO_TRUCKSOPERATING, INVOICEHEADER, MATERIALSKUREFERENCE_SKUTYPE, OFFERWORKERSCOMPENSATION, PAYROLLIDLETIMEDOUBLEOVERTIMEPAYCODE_ID, CREATEDBY_ID, FRANCHISEEINFO_COMMENTS, INSURANCECOMPANYPHONE, MATERIALSKU_ID, PAYROLLFLATFEEMINIMUM, SERVICEFINANCEDEALERNAME, PAYROLLSOLDBYPAYCODE, CONSTRUCTION, INSURANCECOMPANYNAME, ENABLEWORKORDERS, FINANCEITACCOUNTEMAIL, PAYROLLTYPE, PHONENUMBER, POSTDATE, TRADE_ID, WORLDPAYSUBID, PAYROLLJOBHOURSSTANDARDPAYCODE_ID, PAYROLLTASKBONUSPAYCODE, PAYROLLJOBHOURSOTPAYCODE, ACTIVATIONLOCKED, ADDRESS_STATE, COMMISSIONCALCULATION, OFFERCOMMERCIALGENERALLIABILITY, PAYROLLTASKBONUSPAYCODENEW, ADDRESS_STREET, JOBBOOKEDALERTRECIPIENTS, MINIMUMROYALTYFEE, QUICKBOOKSROOTSALESACCOUNT, TURNSCONTRACTORID, FRANCHISEEINFO_PIVOTALNUMBER, MEALAPPOINTMENT_ID, NOCHARGECOMMERCIAL, PAYROLLPERCENTAGEFEEMINIMUM, PAYROLLTURNOVERBONUSPAYCODENEW, ADDRESS_ISMILITARY, CURRENCY, OVERTIMEMODE, ADDRESS_LATITUDE, BANKACCOUNTPROCESSOR_ID, DIVISIONNAME, FINANCEITPARTNERID, MODIFIEDON, PAYMENTPROCESSOR, QUICKBOOKSCLASS, SERVICEFINANCEDEALERID, WORLDPAYACCOUNTID, AUTHORIZATIONAGREEMENT_ORIGINALFILENAME, CREATEDON, DIVISION_ID, ENABLEWORKORDERSEQUIPMENTFORMATTING, ESTIMATEAUTHORIZATIONPARAGRAPH, HIDEPRICES, NAME, NAVISIONOVERTIMEEARNINGCODE, NOCHARGE, PAYMENTOPTIONS, PAYROLLSOLDBYPAYCODENEW, PAYROLLTURNOVERBONUSPAYCODE, PAYROLLIDLETIMESTANDARDPAYCODE_ID, THREEDAYCANCELATIONPARAGRAPH, PAYROLLWEIGHTEDOVERTIMEPAYCODE_ID, AUTHORIZATIONPARAGRAPH, ACKNOWLEDGEMENTAGREEMENT_FILENAME, ADDRESS_CITY, ADDRESS_ISMANUALCOORDINATES, ADDRESS_UNIT, CALIFORNIACOMPLIANTCONTRACTDOCUMENTS, EMAIL, IMPORTID, ADDRESS_LONGITUDE, GOAL, OFFICIALNAME, PAYROLLFLATFEE, PAYROLLIDLETIMEOVERTIMEPAYCODE_ID, PAYROLLJOBHOURSDOUBLEOVERTIMEPAYCODE_ID, QUICKBOOKSOAUTHSETTINGS, PAYROLLCOSTMARKUP, TGLBONUS, PAYROLLIDLETIMESTPAYCODE, ACTIVE, ACKNOWLEDGEMENTAGREEMENT_ORIGINALFILENAME, ADDRESS_COUNTRY, AUTHORIZATIONAGREEMENT_FILENAME, CREDITCARDPROCESSORKEY, CREDITCARDPROCESSOR_ID, FINANCEITAUTHTOKEN, FRANCHISEEINFO_CONTRACT, INVOICEMESSAGE, NAVISIONSTANDARDTIMEEARNINGCODE, PAYROLLEXPENSEDEDUCTIONTRIGGER, PAYROLLIDLETIMEOTPAYCODE, PAYROLLWEIGHTEDOTPAYCODE, DEFAULTTAXRATE, ID, PAYROLLPERCENTAGEFEE, PAYROLLJOBHOURSOVERTIMEPAYCODE_ID, WARRANTYRATE, GREENSKYMERCHANTID, PAYROLLJOBHOURSSTPAYCODE, LOGO, NAVISIONGLCODE, SELLERFEE, ACKNOWLEDGEMENTPARAGRAPH, EXTERNALID, HVACDASHBOARDSECTIONS, INTACCTENTITY_ID, FRANCHISEEINFO_GST, LICENSENUMBER, NOCHARGERESIDENTIAL, INTEGRATEDREFUNDS_ID, MATERIALSKUREFERENCE_SKUID, TURNOVERMINIMUMTHRESHOLD, PAYROLLINVOICEBONUSPAYCODE_ID, WORLDPAYMERCHANTPIN, TENANT_TYPE]
Column names for DataMart Table --> STR_API_BUSINESSUNIT :: [ADDRESS_STREET, ADDRESS_UNIT, FRANCHISEEINFO_CONTRACT, CREATEDON, FRANCHISEEINFO_COMMENTS, INTEGRATEDREFUNDS_ID, POSTDATE, QUICKBOOKSCLASS, RECORD_CREATE_DATE, TURNSCONTRACTORID, GREENSKYMERCHANTID, PAYROLLWEIGHTEDOTPAYCODE, OFFERCOMMERCIALGENERALLIABILITY, THREEDAYCANCELATIONPARAGRAPH, ACTIVATIONLOCKED, ADDRESS_LATITUDE, CALIFORNIACOMPLIANTCONTRACTDOCUMENTS, CREDITCARDPROCESSORLOGIN, EMAIL, ENABLEWORKORDERS, ESTIMATEAUTHORIZATIONPARAGRAPH, FRANCHISEEINFO_PIVOTALNUMBER, HVACDASHBOARDSECTIONS, AUTHORIZATIONPARAGRAPH, DEFAULTTAXRATE, FINANCEITAUTHTOKEN, MATERIALSKU_ID, PAYROLLIDLETIMESTPAYCODE, TGLBONUS, MATERIALSKUREFERENCE_SKUID, NAVISIONOVERTIMEEARNINGCODE, PAYROLLWEIGHTEDOVERTIMEPAYCODE_ID, WORLDPAYACCOUNTID, MASTER_ID, PAYROLLIDLETIMEOTPAYCODE, PAYROLLJOBHOURSSTPAYCODE, INSURANCECOMPANYNAME, ACKNOWLEDGEMENTAGREEMENT_ORIGINALFILENAME, ADDRESS_STATE, BANKACCOUNTPROCESSOR_ID, ENABLEWORKORDERSEQUIPMENTFORMATTING, FRANCHISEEINFO_NAME, NAVISIONGLCODE, PAYROLLCOSTMARKUP, PAYROLLJOBHOURSOVERTIMEPAYCODE_ID, FINANCEITPARTNERID, PAYROLLINVOICEBONUSPAYCODE_ID, PAYROLLSOLDBYPAYCODE, CREATEDBY_ID, PAYROLLFLATFEEMINIMUM, TURNOVERMINIMUMTHRESHOLD, ACTIVE, ADDRESS_ZIP, CURRENCY, DIVISION_ID, NOCHARGE, GOAL, PAYROLLJOBHOURSDOUBLEOVERTIMEPAYCODE_ID, NOCHARGERESIDENTIAL, SERVICEFINANCEDEALERNAME, ADDRESS_COUNTRY, CREDITCARDPROCESSOR_ID, DATA, FRANCHISEEINFO_TRUCKSOPERATING, MATERIALSKUREFERENCE_SKUTYPE, LOGO, MEALAPPOINTMENT_ID, OFFICIALNAME, PAYMENTPROCESSOR, PAYROLLIDLETIMESTANDARDPAYCODE_ID, TENANT_TYPE, INTACCTENTITY_ID, PAYROLLTURNOVERBONUSPAYCODE, PAYROLLTURNOVERBONUSPAYCODENEW, PAYROLLTYPE, QUICKBOOKSOAUTHSETTINGS, INSURANCECOMPANYPHONE, PAYROLLIDLETIMEDOUBLEOVERTIMEPAYCODE_ID, SERVICEFINANCEDEALERID, ACTIVE_FLAG, AUTHORIZATIONAGREEMENT_ORIGINALFILENAME, DIVISIONNAME, LICENSENUMBER, PAYROLLSOLDBYPAYCODENEW, ADDRESS_LONGITUDE, CREDITCARDPROCESSORKEY, EXTERNALID, MODIFIEDON, PAYROLLEXPENSEDEDUCTIONTRIGGER, PAYROLLIDLETIMEOVERTIMEPAYCODE_ID, RECORD_UPDATE_DATE, ACKNOWLEDGEMENTPARAGRAPH, ADDRESS_CITY, BCCEMAIL, INVOICEMESSAGE, JOBBOOKEDALERTRECIPIENTS, PAYROLLFLATFEE, WORLDPAYMERCHANTPIN, ADDRESS_ISMILITARY, CORPORATECONTRACTNUMBER, FRANCHISEEINFO_GST, ID, IMPORTID, NAVISIONSTANDARDTIMEEARNINGCODE, PAYROLLJOBHOURSSTANDARDPAYCODE_ID, QUICKBOOKSROOTSALESACCOUNT, PAYMENTOPTIONS, WORLDPAYSUBID, SELLERFEE, PHONENUMBER, TRADE_ID, ACKNOWLEDGEMENTAGREEMENT_FILENAME, AUTHORIZATIONAGREEMENT_FILENAME, COMMISSIONCALCULATION, CONSTRUCTION, MINIMUMROYALTYFEE, PAYROLLTASKBONUSPAYCODENEW, ADDRESS_ISMANUALCOORDINATES, FINANCEITACCOUNTEMAIL, HIDEPRICES, PAYROLLPERCENTAGEFEE, PAYROLLPERCENTAGEFEEMINIMUM, PAYROLLTASKBONUSPAYCODE, NAME, NOCHARGECOMMERCIAL, INVOICEHEADER, OVERTIMEMODE, PAYROLLJOBHOURSOTPAYCODE, WARRANTYRATE, OFFERWORKERSCOMPENSATION]
Column names for Curated Table --> DIM_BUSINESSUNIT :: [ADDRESS_COUNTRY, ADDRESS_STREET, BANKACCOUNTPROCESSOR_ID, MEALAPPOINTMENT_ID, CREATEDBY_ID, DIVISION_ID, OFFERCOMMERCIALGENERALLIABILITY, PAYMENTPROCESSOR, PAYROLLJOBHOURSSTANDARDPAYCODE_ID, PAYROLLSOLDBYPAYCODE, TGLBONUS, NAME, PAYROLLCOSTMARKUP, PAYROLLJOBHOURSDOUBLEOVERTIMEPAYCODE_ID, LICENSENUMBER, LOGO, OVERTIMEMODE, ACKNOWLEDGEMENTAGREEMENT_ORIGINALFILENAME, AUTHORIZATIONPARAGRAPH, FINANCEITPARTNERID, WARRANTYRATE, FINANCEITACCOUNTEMAIL, PAYROLLTYPE, QUICKBOOKSCLASS, QUICKBOOKSOAUTHSETTINGS, GREENSKYMERCHANTID, CREDITCARDPROCESSORKEY, CREDITCARDPROCESSORLOGIN, CREDITCARDPROCESSOR_ID, DEFAULTTAXRATE, FRANCHISEEINFO_COMMENTS, HVACDASHBOARDSECTIONS, MODIFIEDON, WORLDPAYACCOUNTID, PAYROLLIDLETIMEDOUBLEOVERTIMEPAYCODE_ID, TENANT_TYPE, FRANCHISEEINFO_GST, RECORD_CREATE_DATE, NOCHARGE, PAYMENTOPTIONS, PAYROLLPERCENTAGEFEE, PAYROLLSOLDBYPAYCODENEW, ADDRESS_LONGITUDE, ADDRESS_ZIP, CREATEDON, INTEGRATEDREFUNDS_ID, JOBBOOKEDALERTRECIPIENTS, NAVISIONOVERTIMEEARNINGCODE, PAYROLLINVOICEBONUSPAYCODE_ID, ACTIVE, ADDRESS_STATE, AUTHORIZATIONAGREEMENT_ORIGINALFILENAME, ENABLEWORKORDERS, MATERIALSKU_ID, NAVISIONSTANDARDTIMEEARNINGCODE, PAYROLLJOBHOURSSTPAYCODE, POSTDATE, ADDRESS_ISMILITARY, ADDRESS_LATITUDE, ADDRESS_UNIT, CALIFORNIACOMPLIANTCONTRACTDOCUMENTS, ENABLEWORKORDERSEQUIPMENTFORMATTING, HIDEPRICES, INVOICEHEADER, COMMISSIONCALCULATION, EMAIL, FRANCHISEEINFO_TRUCKSOPERATING, PAYROLLIDLETIMESTANDARDPAYCODE_ID, PAYROLLIDLETIMESTPAYCODE, TRADE_ID, AUTHORIZATIONAGREEMENT_FILENAME, SERVICEFINANCEDEALERID, WORLDPAYMERCHANTPIN, BCCEMAIL, OFFERWORKERSCOMPENSATION, NAVISIONGLCODE, WORLDPAYSUBID, ACKNOWLEDGEMENTAGREEMENT_FILENAME, ACTIVATIONLOCKED, DIVISIONNAME, FINANCEITAUTHTOKEN, FRANCHISEEINFO_PIVOTALNUMBER, INSURANCECOMPANYNAME, PAYROLLWEIGHTEDOVERTIMEPAYCODE_ID, TURNSCONTRACTORID, FRANCHISEEINFO_NAME, MINIMUMROYALTYFEE, PAYROLLEXPENSEDEDUCTIONTRIGGER, PAYROLLPERCENTAGEFEEMINIMUM, RECORD_UPDATED_BY, SERVICEFINANCEDEALERNAME, ESTIMATEAUTHORIZATIONPARAGRAPH, TURNOVERMINIMUMTHRESHOLD, PAYROLLIDLETIMEOVERTIMEPAYCODE_ID, RECORD_UPDATE_DATE, ACKNOWLEDGEMENTPARAGRAPH, ADDRESS_ISMANUALCOORDINATES, INVOICEMESSAGE, MATERIALSKUREFERENCE_SKUID, MATERIALSKUREFERENCE_SKUTYPE, PAYROLLIDLETIMEOTPAYCODE, PAYROLLJOBHOURSOTPAYCODE, PAYROLLJOBHOURSOVERTIMEPAYCODE_ID, CONSTRUCTION, CORPORATECONTRACTNUMBER, DATA, NOCHARGECOMMERCIAL, NOCHARGERESIDENTIAL, PAYROLLTASKBONUSPAYCODE, PAYROLLTASKBONUSPAYCODENEW, QUICKBOOKSROOTSALESACCOUNT, ID, PAYROLLTURNOVERBONUSPAYCODENEW, ADDRESS_CITY, CURRENCY, GOAL, IMPORTID, INSURANCECOMPANYPHONE, PAYROLLTURNOVERBONUSPAYCODE, OFFICIALNAME, PAYROLLFLATFEE, PHONENUMBER, SELLERFEE, THREEDAYCANCELATIONPARAGRAPH, FRANCHISEEINFO_CONTRACT, PAYROLLFLATFEEMINIMUM, PAYROLLWEIGHTEDOTPAYCODE, INTACCTENTITY_ID, EXTERNALID]
Column Name found in Datamart and Curated Table :: ADDRESS_ZIP
Column Name found in Datamart and Curated Table :: CORPORATECONTRACTNUMBER
Column Name found in Datamart and Curated Table :: CREDITCARDPROCESSORLOGIN
Column Name found in Datamart and Curated Table :: DATA
Column Name found in Datamart and Curated Table :: FRANCHISEEINFO_NAME
Column Name found in Datamart and Curated Table :: FRANCHISEEINFO_TRUCKSOPERATING
Column Name found in Datamart and Curated Table :: INVOICEHEADER
Column Name found in Datamart and Curated Table :: MATERIALSKUREFERENCE_SKUTYPE
Column Name found in Datamart and Curated Table :: OFFERWORKERSCOMPENSATION
Column Name found in Datamart and Curated Table :: PAYROLLIDLETIMEDOUBLEOVERTIMEPAYCODE_ID
Column Name found in Datamart and Curated Table :: CREATEDBY_ID
Column Name found in Datamart and Curated Table :: FRANCHISEEINFO_COMMENTS
Column Name found in Datamart and Curated Table :: INSURANCECOMPANYPHONE
Column Name found in Datamart and Curated Table :: MATERIALSKU_ID
Column Name found in Datamart and Curated Table :: PAYROLLFLATFEEMINIMUM
Column Name found in Datamart and Curated Table :: SERVICEFINANCEDEALERNAME
Column Name found in Datamart and Curated Table :: PAYROLLSOLDBYPAYCODE
Column Name found in Datamart and Curated Table :: CONSTRUCTION
Column Name found in Datamart and Curated Table :: INSURANCECOMPANYNAME
Column Name found in Datamart and Curated Table :: ENABLEWORKORDERS
Column Name found in Datamart and Curated Table :: FINANCEITACCOUNTEMAIL
Column Name found in Datamart and Curated Table :: PAYROLLTYPE
Column Name found in Datamart and Curated Table :: PHONENUMBER
Column Name found in Datamart and Curated Table :: POSTDATE
Column Name found in Datamart and Curated Table :: TRADE_ID
Column Name found in Datamart and Curated Table :: WORLDPAYSUBID
Column Name found in Datamart and Curated Table :: PAYROLLJOBHOURSSTANDARDPAYCODE_ID
Column Name found in Datamart and Curated Table :: PAYROLLTASKBONUSPAYCODE
Column Name found in Datamart and Curated Table :: PAYROLLJOBHOURSOTPAYCODE
Column Name found in Datamart and Curated Table :: ACTIVATIONLOCKED
Column Name found in Datamart and Curated Table :: ADDRESS_STATE
Column Name found in Datamart and Curated Table :: COMMISSIONCALCULATION
Column Name found in Datamart and Curated Table :: OFFERCOMMERCIALGENERALLIABILITY
Column Name found in Datamart and Curated Table :: PAYROLLTASKBONUSPAYCODENEW
Column Name found in Datamart and Curated Table :: ADDRESS_STREET
Column Name found in Datamart and Curated Table :: JOBBOOKEDALERTRECIPIENTS
Column Name found in Datamart and Curated Table :: MINIMUMROYALTYFEE
Column Name found in Datamart and Curated Table :: QUICKBOOKSROOTSALESACCOUNT
Column Name found in Datamart and Curated Table :: TURNSCONTRACTORID
Column Name found in Datamart and Curated Table :: FRANCHISEEINFO_PIVOTALNUMBER
Column Name found in Datamart and Curated Table :: MEALAPPOINTMENT_ID
Column Name found in Datamart and Curated Table :: NOCHARGECOMMERCIAL
Column Name found in Datamart and Curated Table :: PAYROLLPERCENTAGEFEEMINIMUM
Column Name found in Datamart and Curated Table :: PAYROLLTURNOVERBONUSPAYCODENEW
Column Name found in Datamart and Curated Table :: ADDRESS_ISMILITARY
Column Name found in Datamart and Curated Table :: CURRENCY
Column Name found in Datamart and Curated Table :: OVERTIMEMODE
Column Name found in Datamart and Curated Table :: ADDRESS_LATITUDE
Column Name found in Datamart and Curated Table :: BANKACCOUNTPROCESSOR_ID
Column Name found in Datamart and Curated Table :: DIVISIONNAME
Column Name found in Datamart and Curated Table :: FINANCEITPARTNERID
Column Name found in Datamart and Curated Table :: MODIFIEDON
Column Name found in Datamart and Curated Table :: PAYMENTPROCESSOR
Column Name found in Datamart and Curated Table :: QUICKBOOKSCLASS
Column Name found in Datamart and Curated Table :: SERVICEFINANCEDEALERID
Column Name found in Datamart and Curated Table :: WORLDPAYACCOUNTID
Column Name found in Datamart and Curated Table :: AUTHORIZATIONAGREEMENT_ORIGINALFILENAME
Column Name found in Datamart and Curated Table :: CREATEDON
Column Name found in Datamart and Curated Table :: DIVISION_ID
Column Name found in Datamart and Curated Table :: ENABLEWORKORDERSEQUIPMENTFORMATTING
Column Name found in Datamart and Curated Table :: ESTIMATEAUTHORIZATIONPARAGRAPH
Column Name found in Datamart and Curated Table :: HIDEPRICES
Column Name found in Datamart and Curated Table :: NAME
Column Name found in Datamart and Curated Table :: NAVISIONOVERTIMEEARNINGCODE
Column Name found in Datamart and Curated Table :: NOCHARGE
Column Name found in Datamart and Curated Table :: PAYMENTOPTIONS
Column Name found in Datamart and Curated Table :: PAYROLLSOLDBYPAYCODENEW
Column Name found in Datamart and Curated Table :: PAYROLLTURNOVERBONUSPAYCODE
Column Name found in Datamart and Curated Table :: PAYROLLIDLETIMESTANDARDPAYCODE_ID
Column Name found in Datamart and Curated Table :: THREEDAYCANCELATIONPARAGRAPH
Column Name found in Datamart and Curated Table :: PAYROLLWEIGHTEDOVERTIMEPAYCODE_ID
Column Name found in Datamart and Curated Table :: AUTHORIZATIONPARAGRAPH
Column Name found in Datamart and Curated Table :: ACKNOWLEDGEMENTAGREEMENT_FILENAME
Column Name found in Datamart and Curated Table :: ADDRESS_CITY
Column Name found in Datamart and Curated Table :: ADDRESS_ISMANUALCOORDINATES
Column Name found in Datamart and Curated Table :: ADDRESS_UNIT
Column Name found in Datamart and Curated Table :: CALIFORNIACOMPLIANTCONTRACTDOCUMENTS
Column Name found in Datamart and Curated Table :: EMAIL
Column Name found in Datamart and Curated Table :: IMPORTID
Column Name found in Datamart and Curated Table :: ADDRESS_LONGITUDE
Column Name found in Datamart and Curated Table :: GOAL
Column Name found in Datamart and Curated Table :: OFFICIALNAME
Column Name found in Datamart and Curated Table :: PAYROLLFLATFEE
Column Name found in Datamart and Curated Table :: PAYROLLIDLETIMEOVERTIMEPAYCODE_ID
Column Name found in Datamart and Curated Table :: PAYROLLJOBHOURSDOUBLEOVERTIMEPAYCODE_ID
Column Name found in Datamart and Curated Table :: QUICKBOOKSOAUTHSETTINGS
Column Name found in Datamart and Curated Table :: PAYROLLCOSTMARKUP
Column Name found in Datamart and Curated Table :: TGLBONUS
Column Name found in Datamart and Curated Table :: PAYROLLIDLETIMESTPAYCODE
Column Name found in Datamart and Curated Table :: ACTIVE
Column Name found in Datamart and Curated Table :: ACKNOWLEDGEMENTAGREEMENT_ORIGINALFILENAME
Column Name found in Datamart and Curated Table :: ADDRESS_COUNTRY
Column Name found in Datamart and Curated Table :: AUTHORIZATIONAGREEMENT_FILENAME
Column Name found in Datamart and Curated Table :: CREDITCARDPROCESSORKEY
Column Name found in Datamart and Curated Table :: CREDITCARDPROCESSOR_ID
Column Name found in Datamart and Curated Table :: FINANCEITAUTHTOKEN
Column Name found in Datamart and Curated Table :: FRANCHISEEINFO_CONTRACT
Column Name found in Datamart and Curated Table :: INVOICEMESSAGE
Column Name found in Datamart and Curated Table :: NAVISIONSTANDARDTIMEEARNINGCODE
Column Name found in Datamart and Curated Table :: PAYROLLEXPENSEDEDUCTIONTRIGGER
Column Name found in Datamart and Curated Table :: PAYROLLIDLETIMEOTPAYCODE
Column Name found in Datamart and Curated Table :: PAYROLLWEIGHTEDOTPAYCODE
Column Name found in Datamart and Curated Table :: DEFAULTTAXRATE
Column Name found in Datamart and Curated Table :: ID
Column Name found in Datamart and Curated Table :: PAYROLLPERCENTAGEFEE
Column Name found in Datamart and Curated Table :: PAYROLLJOBHOURSOVERTIMEPAYCODE_ID
Column Name found in Datamart and Curated Table :: WARRANTYRATE
Column Name found in Datamart and Curated Table :: GREENSKYMERCHANTID
Column Name found in Datamart and Curated Table :: PAYROLLJOBHOURSSTPAYCODE
Column Name found in Datamart and Curated Table :: LOGO
Column Name found in Datamart and Curated Table :: NAVISIONGLCODE
Column Name found in Datamart and Curated Table :: SELLERFEE
Column Name found in Datamart and Curated Table :: ACKNOWLEDGEMENTPARAGRAPH
Column Name found in Datamart and Curated Table :: EXTERNALID
Column Name found in Datamart and Curated Table :: HVACDASHBOARDSECTIONS
Column Name found in Datamart and Curated Table :: INTACCTENTITY_ID
Column Name found in Datamart and Curated Table :: FRANCHISEEINFO_GST
Column Name found in Datamart and Curated Table :: LICENSENUMBER
Column Name found in Datamart and Curated Table :: NOCHARGERESIDENTIAL
Column Name found in Datamart and Curated Table :: INTEGRATEDREFUNDS_ID
Column Name found in Datamart and Curated Table :: MATERIALSKUREFERENCE_SKUID
Column Name found in Datamart and Curated Table :: TURNOVERMINIMUMTHRESHOLD
Column Name found in Datamart and Curated Table :: PAYROLLINVOICEBONUSPAYCODE_ID
Column Name found in Datamart and Curated Table :: WORLDPAYMERCHANTPIN
Column Name found in Datamart and Curated Table :: TENANT_TYPE
Datamart tables contains additional column name like [ACTIVE_FLAG, RECORD_CREATE_DATE, RECORD_UPDATE_DATE, MASTER_ID]
Curated tables contains additional column name like [RECORD_CREATE_DATE, RECORD_UPDATE_DATE, RECORD_UPDATED_BY]]]>
  </system-out>
  <testcase classname="testcases.RAW_DATAMART_CURATED.SnowFlake_ColumnValidation_APITables" name="validateColumnName_BKP" time="2.576"/>
  <system-out>
    <![CDATA[Executing Snowflake query :: SELECT COLUMN_NAME FROM DEV_ENT_RAW.INFORMATION_SCHEMA.COLUMNS WHERE TABLE_NAME='ST_API_MATERIALVENDORSUBACCOUNT'and TABLE_SCHEMA='API_MAT'
Executing Snowflake query :: SELECT COLUMN_NAME FROM CURATED_DATAMART.INFORMATION_SCHEMA.COLUMNS WHERE TABLE_NAME='STR_API_MATERIALVENDORSUBACCOUNT'and TABLE_SCHEMA='ST_API_CASTEEL'
Executing Snowflake query :: SELECT COLUMN_NAME FROM DEV_ENT_CURATED.INFORMATION_SCHEMA.COLUMNS WHERE TABLE_NAME='DIM_MATERIALVENDORSUBACCOUNT'and TABLE_SCHEMA='MASTER_DIMENSIONS'
Column names for RAW Table --> ST_API_MATERIALVENDORSUBACCOUNT :: [MATERIALVENDOR_ID, ACCOUNTNAME, ACTIVE, COST, CREATEDBY_ID, ID, CREATEDON, IMPORTID, TENANT_TYPE]
Column names for DataMart Table --> STR_API_MATERIALVENDORSUBACCOUNT :: [CREATEDON, TENANT_TYPE, ACCOUNTNAME, ACTIVE_FLAG, ID, CREATEDBY_ID, ACTIVE, COST, MASTER_ID, MATERIALVENDOR_ID, RECORD_UPDATE_DATE, IMPORTID, RECORD_CREATE_DATE]
Column names for Curated Table --> DIM_MATERIALVENDORSUBACCOUNT :: [RECORD_CREATE_DATE, IMPORTID, ACTIVE, CREATEDBY_ID, CREATEDON, ID, RECORD_UPDATE_DATE, TENANT_TYPE, RECORD_UPDATED_BY, ACCOUNTNAME, MATERIALVENDOR_ID, COST]
Column Name found in Datamart and Curated Table :: MATERIALVENDOR_ID
Column Name found in Datamart and Curated Table :: ACCOUNTNAME
Column Name found in Datamart and Curated Table :: ACTIVE
Column Name found in Datamart and Curated Table :: COST
Column Name found in Datamart and Curated Table :: CREATEDBY_ID
Column Name found in Datamart and Curated Table :: ID
Column Name found in Datamart and Curated Table :: CREATEDON
Column Name found in Datamart and Curated Table :: IMPORTID
Column Name found in Datamart and Curated Table :: TENANT_TYPE
Datamart tables contains additional column name like [ACTIVE_FLAG, RECORD_CREATE_DATE, RECORD_UPDATE_DATE, MASTER_ID]
Curated tables contains additional column name like [RECORD_CREATE_DATE, RECORD_UPDATE_DATE, RECORD_UPDATED_BY]]]>
  </system-out>
  <testcase classname="testcases.RAW_DATAMART_CURATED.SnowFlake_ColumnValidation_APITables" name="validateColumnName_BKP" time="3.185"/>
  <system-out>
    <![CDATA[Executing Snowflake query :: SELECT COLUMN_NAME FROM DEV_ENT_RAW.INFORMATION_SCHEMA.COLUMNS WHERE TABLE_NAME='ST_API_CUSTOMERMEMBERSHIP'and TABLE_SCHEMA='API_MAT'
Executing Snowflake query :: SELECT COLUMN_NAME FROM CURATED_DATAMART.INFORMATION_SCHEMA.COLUMNS WHERE TABLE_NAME='STR_API_CUSTOMERMEMBERSHIP'and TABLE_SCHEMA='ST_API_HORIZONSERVICES'
Executing Snowflake query :: SELECT COLUMN_NAME FROM DEV_ENT_CURATED.INFORMATION_SCHEMA.COLUMNS WHERE TABLE_NAME='DIM_CUSTOMERMEMBERSHIP'and TABLE_SCHEMA='MASTER_DIMENSIONS'
Column names for RAW Table --> ST_API_CUSTOMERMEMBERSHIP :: [CREATEDBY_ID, NEXTSCHEDULEDBILLDATE, DURATION, PAYMENTTYPE_ID, CANCELLATIONDATE, CUSTOMERPO, RENEWALDURATION, FOLLOWUPSTATUS, ID, LOCATION_ID, RENEWALMEMBERSHIPTASKREFERENCE_SKUID, PREVIOUSRECURRINGLOCATION_ID, RECURRINGLOCATION_ID, TYPE_ID, MODIFIEDON, ACTIVATEDFROM_ID, BILLINGFREQUENCY, CREATEDON, INVOICETEMPLATE_ID, MEMO, RENEWALMEMBERSHIPTASKREFERENCE_SKUTYPE, BILLINGTEMPLATE_ID, INITIALDEFERREDREVENUE, IMPORTID, ACTIVATEDBY_ID, BILLINGPREFERENCE, BUSINESSUNIT_ID, CUSTOMER_ID, FOLLOWUPCUSTOMSTATUS_ID, STATUS, EXPIREDAT, ACTIVE, BILLINGCOVERAGEPERIOD, FROM, RENEWALBILLINGFREQUENCY, RENEWEDBY_ID, CANCELATIONBALANCEINVOICE_ID, FOLLOWUPON, BILLINGEMAIL_ID, CANCELATIONBUYOUTINVOICE_ID, FIRSTSCHEDULEDBILLDATE, CANCELATIONINVOICE_ID, RENEWALMEMBERSHIPTASK_ID, SOLDBY_ID, TO, PAYMENTMETHOD_ID, TENANT_TYPE]
Column names for DataMart Table --> STR_API_CUSTOMERMEMBERSHIP :: [ACTIVE, RENEWALBILLINGFREQUENCY, EXPIREDAT, FIRSTSCHEDULEDBILLDATE, PAYMENTTYPE_ID, RECURRINGLOCATION_ID, BILLINGFREQUENCY, FOLLOWUPCUSTOMSTATUS_ID, MODIFIEDON, RENEWALMEMBERSHIPTASKREFERENCE_SKUTYPE, BUSINESSUNIT_ID, CANCELATIONBALANCEINVOICE_ID, CANCELATIONBUYOUTINVOICE_ID, CANCELLATIONDATE, CREATEDBY_ID, IMPORTID, PAYMENTMETHOD_ID, ACTIVATEDBY_ID, ACTIVATEDFROM_ID, BILLINGEMAIL_ID, CREATEDON, NEXTSCHEDULEDBILLDATE, PREVIOUSRECURRINGLOCATION_ID, FOLLOWUPSTATUS, BILLINGPREFERENCE, INVOICETEMPLATE_ID, SOLDBY_ID, RENEWALMEMBERSHIPTASK_ID, CANCELATIONINVOICE_ID, CUSTOMER_ID, ID, LOCATION_ID, RECORD_CREATE_DATE, RENEWALMEMBERSHIPTASKREFERENCE_SKUID, TO, CUSTOMERPO, FROM, INITIALDEFERREDREVENUE, MASTER_ID, MEMO, STATUS, TYPE_ID, RENEWEDBY_ID, ACTIVE_FLAG, BILLINGCOVERAGEPERIOD, DURATION, FOLLOWUPON, RENEWALDURATION, TENANT_TYPE, RECORD_UPDATE_DATE, BILLINGTEMPLATE_ID]
Column names for Curated Table --> DIM_CUSTOMERMEMBERSHIP :: [BILLINGFREQUENCY, CREATEDBY_ID, MODIFIEDON, PAYMENTTYPE_ID, RECURRINGLOCATION_ID, ACTIVE, BILLINGEMAIL_ID, FIRSTSCHEDULEDBILLDATE, RENEWALMEMBERSHIPTASKREFERENCE_SKUTYPE, TENANT_TYPE, ACTIVATEDBY_ID, BUSINESSUNIT_ID, CREATEDON, ID, INITIALDEFERREDREVENUE, CUSTOMERPO, FOLLOWUPSTATUS, RENEWALDURATION, RECORD_UPDATED_BY, BILLINGTEMPLATE_ID, FOLLOWUPCUSTOMSTATUS_ID, PAYMENTMETHOD_ID, RECORD_UPDATE_DATE, SOLDBY_ID, TYPE_ID, RENEWALMEMBERSHIPTASK_ID, BILLINGPREFERENCE, EXPIREDAT, NEXTSCHEDULEDBILLDATE, ACTIVATEDFROM_ID, CANCELATIONBALANCEINVOICE_ID, FROM, RECORD_CREATE_DATE, RENEWALMEMBERSHIPTASKREFERENCE_SKUID, TO, FOLLOWUPON, BILLINGCOVERAGEPERIOD, CUSTOMER_ID, DURATION, IMPORTID, RENEWALBILLINGFREQUENCY, STATUS, MEMO, CANCELATIONINVOICE_ID, CANCELLATIONDATE, PREVIOUSRECURRINGLOCATION_ID, CANCELATIONBUYOUTINVOICE_ID, INVOICETEMPLATE_ID, LOCATION_ID, RENEWEDBY_ID]
Column Name found in Datamart and Curated Table :: CREATEDBY_ID
Column Name found in Datamart and Curated Table :: NEXTSCHEDULEDBILLDATE
Column Name found in Datamart and Curated Table :: DURATION
Column Name found in Datamart and Curated Table :: PAYMENTTYPE_ID
Column Name found in Datamart and Curated Table :: CANCELLATIONDATE
Column Name found in Datamart and Curated Table :: CUSTOMERPO
Column Name found in Datamart and Curated Table :: RENEWALDURATION
Column Name found in Datamart and Curated Table :: FOLLOWUPSTATUS
Column Name found in Datamart and Curated Table :: ID
Column Name found in Datamart and Curated Table :: LOCATION_ID
Column Name found in Datamart and Curated Table :: RENEWALMEMBERSHIPTASKREFERENCE_SKUID
Column Name found in Datamart and Curated Table :: PREVIOUSRECURRINGLOCATION_ID
Column Name found in Datamart and Curated Table :: RECURRINGLOCATION_ID
Column Name found in Datamart and Curated Table :: TYPE_ID
Column Name found in Datamart and Curated Table :: MODIFIEDON
Column Name found in Datamart and Curated Table :: ACTIVATEDFROM_ID
Column Name found in Datamart and Curated Table :: BILLINGFREQUENCY
Column Name found in Datamart and Curated Table :: CREATEDON
Column Name found in Datamart and Curated Table :: INVOICETEMPLATE_ID
Column Name found in Datamart and Curated Table :: MEMO
Column Name found in Datamart and Curated Table :: RENEWALMEMBERSHIPTASKREFERENCE_SKUTYPE
Column Name found in Datamart and Curated Table :: BILLINGTEMPLATE_ID
Column Name found in Datamart and Curated Table :: INITIALDEFERREDREVENUE
Column Name found in Datamart and Curated Table :: IMPORTID
Column Name found in Datamart and Curated Table :: ACTIVATEDBY_ID
Column Name found in Datamart and Curated Table :: BILLINGPREFERENCE
Column Name found in Datamart and Curated Table :: BUSINESSUNIT_ID
Column Name found in Datamart and Curated Table :: CUSTOMER_ID
Column Name found in Datamart and Curated Table :: FOLLOWUPCUSTOMSTATUS_ID
Column Name found in Datamart and Curated Table :: STATUS
Column Name found in Datamart and Curated Table :: EXPIREDAT
Column Name found in Datamart and Curated Table :: ACTIVE
Column Name found in Datamart and Curated Table :: BILLINGCOVERAGEPERIOD
Column Name found in Datamart and Curated Table :: FROM
Column Name found in Datamart and Curated Table :: RENEWALBILLINGFREQUENCY
Column Name found in Datamart and Curated Table :: RENEWEDBY_ID
Column Name found in Datamart and Curated Table :: CANCELATIONBALANCEINVOICE_ID
Column Name found in Datamart and Curated Table :: FOLLOWUPON
Column Name found in Datamart and Curated Table :: BILLINGEMAIL_ID
Column Name found in Datamart and Curated Table :: CANCELATIONBUYOUTINVOICE_ID
Column Name found in Datamart and Curated Table :: FIRSTSCHEDULEDBILLDATE
Column Name found in Datamart and Curated Table :: CANCELATIONINVOICE_ID
Column Name found in Datamart and Curated Table :: RENEWALMEMBERSHIPTASK_ID
Column Name found in Datamart and Curated Table :: SOLDBY_ID
Column Name found in Datamart and Curated Table :: TO
Column Name found in Datamart and Curated Table :: PAYMENTMETHOD_ID
Column Name found in Datamart and Curated Table :: TENANT_TYPE
Datamart tables contains additional column name like [ACTIVE_FLAG, RECORD_CREATE_DATE, RECORD_UPDATE_DATE, MASTER_ID]
Curated tables contains additional column name like [RECORD_CREATE_DATE, RECORD_UPDATE_DATE, RECORD_UPDATED_BY]]]>
  </system-out>
  <testcase classname="testcases.RAW_DATAMART_CURATED.SnowFlake_ColumnValidation_APITables" name="validateColumnName_BKP" time="3.345"/>
  <system-out>
    <![CDATA[Executing Snowflake query :: SELECT COLUMN_NAME FROM DEV_ENT_RAW.INFORMATION_SCHEMA.COLUMNS WHERE TABLE_NAME='ST_API_CATEGORY'and TABLE_SCHEMA='API_MAT'
Executing Snowflake query :: SELECT COLUMN_NAME FROM CURATED_DATAMART.INFORMATION_SCHEMA.COLUMNS WHERE TABLE_NAME='STR_API_CATEGORY'and TABLE_SCHEMA='ST_API_MAITZ'
Executing Snowflake query :: SELECT COLUMN_NAME FROM DEV_ENT_CURATED.INFORMATION_SCHEMA.COLUMNS WHERE TABLE_NAME='DIM_CATEGORY'and TABLE_SCHEMA='MASTER_DIMENSIONS'
Column names for RAW Table --> ST_API_CATEGORY :: [SOURCEVERSION, SUPPLIERIMAGES, CREATEDBY_ID, CREATEDON, IMAGE, CATEGORYTYPE, HIDEINMOBILE, ID, IMPORTID, PARENT_ID, BUSINESSUNIT_ID, SOURCE, ACTIVE, AVALARACOMMERCIALTAXCODE, DESCRIPTION, AVALARARESIDENTIALTAXCODE, NAME, SKUIMAGES, POSITION, EXTERNALID, TENANT_TYPE]
Column names for DataMart Table --> STR_API_CATEGORY :: [BUSINESSUNIT_ID, EXTERNALID, IMAGE, IMPORTID, MASTER_ID, SOURCEVERSION, DESCRIPTION, ACTIVE_FLAG, HIDEINMOBILE, POSITION, AVALARARESIDENTIALTAXCODE, PARENT_ID, SUPPLIERIMAGES, CATEGORYTYPE, RECORD_UPDATE_DATE, TENANT_TYPE, ACTIVE, CREATEDBY_ID, CREATEDON, ID, NAME, AVALARACOMMERCIALTAXCODE, RECORD_CREATE_DATE, SOURCE, SKUIMAGES]
Column names for Curated Table --> DIM_CATEGORY :: [AVALARARESIDENTIALTAXCODE, POSITION, SOURCEVERSION, IMAGE, ACTIVE, IMPORTID, NAME, SKUIMAGES, CREATEDBY_ID, PARENT_ID, SOURCE, DESCRIPTION, EXTERNALID, SUPPLIERIMAGES, AVALARACOMMERCIALTAXCODE, BUSINESSUNIT_ID, CATEGORYTYPE, ID, RECORD_UPDATE_DATE, TENANT_TYPE, RECORD_UPDATED_BY, CREATEDON, HIDEINMOBILE, RECORD_CREATE_DATE]
Column Name found in Datamart and Curated Table :: SOURCEVERSION
Column Name found in Datamart and Curated Table :: SUPPLIERIMAGES
Column Name found in Datamart and Curated Table :: CREATEDBY_ID
Column Name found in Datamart and Curated Table :: CREATEDON
Column Name found in Datamart and Curated Table :: IMAGE
Column Name found in Datamart and Curated Table :: CATEGORYTYPE
Column Name found in Datamart and Curated Table :: HIDEINMOBILE
Column Name found in Datamart and Curated Table :: ID
Column Name found in Datamart and Curated Table :: IMPORTID
Column Name found in Datamart and Curated Table :: PARENT_ID
Column Name found in Datamart and Curated Table :: BUSINESSUNIT_ID
Column Name found in Datamart and Curated Table :: SOURCE
Column Name found in Datamart and Curated Table :: ACTIVE
Column Name found in Datamart and Curated Table :: AVALARACOMMERCIALTAXCODE
Column Name found in Datamart and Curated Table :: DESCRIPTION
Column Name found in Datamart and Curated Table :: AVALARARESIDENTIALTAXCODE
Column Name found in Datamart and Curated Table :: NAME
Column Name found in Datamart and Curated Table :: SKUIMAGES
Column Name found in Datamart and Curated Table :: POSITION
Column Name found in Datamart and Curated Table :: EXTERNALID
Column Name found in Datamart and Curated Table :: TENANT_TYPE
Datamart tables contains additional column name like [ACTIVE_FLAG, RECORD_CREATE_DATE, RECORD_UPDATE_DATE, MASTER_ID]
Curated tables contains additional column name like [RECORD_CREATE_DATE, RECORD_UPDATE_DATE, RECORD_UPDATED_BY]]]>
  </system-out>
  <testcase classname="testcases.RAW_DATAMART_CURATED.SnowFlake_ColumnValidation_APITables" name="validateColumnName_BKP" time="2.657"/>
  <system-out>
    <![CDATA[Executing Snowflake query :: SELECT COLUMN_NAME FROM DEV_ENT_RAW.INFORMATION_SCHEMA.COLUMNS WHERE TABLE_NAME='ST_API_CALL'and TABLE_SCHEMA='API_MAT'
Executing Snowflake query :: SELECT COLUMN_NAME FROM CURATED_DATAMART.INFORMATION_SCHEMA.COLUMNS WHERE TABLE_NAME='STR_API_CALL'and TABLE_SCHEMA='ST_API_BILLFENWICK'
Executing Snowflake query :: SELECT COLUMN_NAME FROM DEV_ENT_CURATED.INFORMATION_SCHEMA.COLUMNS WHERE TABLE_NAME='DIM_CALL'and TABLE_SCHEMA='MASTER_DIMENSIONS'
Column names for RAW Table --> ST_API_CALL :: [DURATION, CALLSERVICE, CREATEDON, CUSTOMER_ID, REASON_ID, RECORDINGURL, VOICEMAILPATH, CONVERSIONSCORE, TAG, AGENT_ID, DIRECTION, ESTIMATE_ID, FROM, STATUS, MODIFIEDON, EXCUSEMEMO, LOCATION_ID, RECORDINGID, SID, TO, IMPORTID, TYPE, JOB_ID, FOLLOWUP_ID, ID, REVIEWINGBY_ID, WONTREVIEW, ACTIVE, CAMPAIGN_ID, CREATEDBY_ID, REVIEWEDBY_ID, RECORDINGPATH, LEAD_ID, TENANT_TYPE]
Column names for DataMart Table --> STR_API_CALL :: [CREATEDBY_ID, RECORDINGID, REVIEWINGBY_ID, STATUS, TENANT_TYPE, TO, DURATION, FOLLOWUP_ID, LEAD_ID, LOCATION_ID, RECORDINGPATH, DIRECTION, EXCUSEMEMO, IMPORTID, VOICEMAILPATH, CALLSERVICE, MASTER_ID, RECORDINGURL, TAG, ACTIVE, CAMPAIGN_ID, FROM, JOB_ID, REVIEWEDBY_ID, SID, AGENT_ID, REASON_ID, RECORD_CREATE_DATE, CREATEDON, ID, MODIFIEDON, ACTIVE_FLAG, CONVERSIONSCORE, ESTIMATE_ID, RECORD_UPDATE_DATE, CUSTOMER_ID, TYPE, WONTREVIEW]
Column names for Curated Table --> DIM_CALL :: [ESTIMATE_ID, REASON_ID, WONTREVIEW, AGENT_ID, DIRECTION, FOLLOWUP_ID, LOCATION_ID, RECORDINGID, TAG, TYPE, CUSTOMER_ID, LEAD_ID, RECORDINGPATH, VOICEMAILPATH, STATUS, CONVERSIONSCORE, FROM, CREATEDBY_ID, DURATION, TENANT_TYPE, ACTIVE, CALLSERVICE, CAMPAIGN_ID, ID, RECORDINGURL, RECORD_UPDATE_DATE, RECORD_CREATE_DATE, JOB_ID, REVIEWEDBY_ID, TO, RECORD_UPDATED_BY, REVIEWINGBY_ID, SID, CREATEDON, EXCUSEMEMO, IMPORTID, MODIFIEDON]
Column Name found in Datamart and Curated Table :: DURATION
Column Name found in Datamart and Curated Table :: CALLSERVICE
Column Name found in Datamart and Curated Table :: CREATEDON
Column Name found in Datamart and Curated Table :: CUSTOMER_ID
Column Name found in Datamart and Curated Table :: REASON_ID
Column Name found in Datamart and Curated Table :: RECORDINGURL
Column Name found in Datamart and Curated Table :: VOICEMAILPATH
Column Name found in Datamart and Curated Table :: CONVERSIONSCORE
Column Name found in Datamart and Curated Table :: TAG
Column Name found in Datamart and Curated Table :: AGENT_ID
Column Name found in Datamart and Curated Table :: DIRECTION
Column Name found in Datamart and Curated Table :: ESTIMATE_ID
Column Name found in Datamart and Curated Table :: FROM
Column Name found in Datamart and Curated Table :: STATUS
Column Name found in Datamart and Curated Table :: MODIFIEDON
Column Name found in Datamart and Curated Table :: EXCUSEMEMO
Column Name found in Datamart and Curated Table :: LOCATION_ID
Column Name found in Datamart and Curated Table :: RECORDINGID
Column Name found in Datamart and Curated Table :: SID
Column Name found in Datamart and Curated Table :: TO
Column Name found in Datamart and Curated Table :: IMPORTID
Column Name found in Datamart and Curated Table :: TYPE
Column Name found in Datamart and Curated Table :: JOB_ID
Column Name found in Datamart and Curated Table :: FOLLOWUP_ID
Column Name found in Datamart and Curated Table :: ID
Column Name found in Datamart and Curated Table :: REVIEWINGBY_ID
Column Name found in Datamart and Curated Table :: WONTREVIEW
Column Name found in Datamart and Curated Table :: ACTIVE
Column Name found in Datamart and Curated Table :: CAMPAIGN_ID
Column Name found in Datamart and Curated Table :: CREATEDBY_ID
Column Name found in Datamart and Curated Table :: REVIEWEDBY_ID
Column Name found in Datamart and Curated Table :: RECORDINGPATH
Column Name found in Datamart and Curated Table :: LEAD_ID
Column Name found in Datamart and Curated Table :: TENANT_TYPE
Datamart tables contains additional column name like [ACTIVE_FLAG, RECORD_CREATE_DATE, RECORD_UPDATE_DATE, MASTER_ID]
Curated tables contains additional column name like [RECORD_CREATE_DATE, RECORD_UPDATE_DATE, RECORD_UPDATED_BY]]]>
  </system-out>
  <testcase classname="testcases.RAW_DATAMART_CURATED.SnowFlake_ColumnValidation_APITables" name="validateColumnName_BKP" time="2.498"/>
  <system-out>
    <![CDATA[Executing Snowflake query :: SELECT COLUMN_NAME FROM DEV_ENT_RAW.INFORMATION_SCHEMA.COLUMNS WHERE TABLE_NAME='ST_API_CALL'and TABLE_SCHEMA='API_MAT'
Executing Snowflake query :: SELECT COLUMN_NAME FROM CURATED_DATAMART.INFORMATION_SCHEMA.COLUMNS WHERE TABLE_NAME='STR_API_CALL'and TABLE_SCHEMA='ST_API_EANESHEATING'
Executing Snowflake query :: SELECT COLUMN_NAME FROM DEV_ENT_CURATED.INFORMATION_SCHEMA.COLUMNS WHERE TABLE_NAME='DIM_CALL'and TABLE_SCHEMA='MASTER_DIMENSIONS'
Column names for RAW Table --> ST_API_CALL :: [DURATION, CALLSERVICE, CREATEDON, CUSTOMER_ID, REASON_ID, RECORDINGURL, VOICEMAILPATH, CONVERSIONSCORE, TAG, AGENT_ID, DIRECTION, ESTIMATE_ID, FROM, STATUS, MODIFIEDON, EXCUSEMEMO, LOCATION_ID, RECORDINGID, SID, TO, IMPORTID, TYPE, JOB_ID, FOLLOWUP_ID, ID, REVIEWINGBY_ID, WONTREVIEW, ACTIVE, CAMPAIGN_ID, CREATEDBY_ID, REVIEWEDBY_ID, RECORDINGPATH, LEAD_ID, TENANT_TYPE]
Column names for DataMart Table --> STR_API_CALL :: [CREATEDBY_ID, CREATEDON, ESTIMATE_ID, FROM, RECORDINGPATH, TYPE, JOB_ID, REASON_ID, REVIEWEDBY_ID, WONTREVIEW, LOCATION_ID, TO, RECORD_UPDATE_DATE, CALLSERVICE, FOLLOWUP_ID, IMPORTID, MODIFIEDON, TENANT_TYPE, RECORDINGURL, REVIEWINGBY_ID, SID, CAMPAIGN_ID, CUSTOMER_ID, RECORDINGID, AGENT_ID, ID, STATUS, TAG, VOICEMAILPATH, ACTIVE, ACTIVE_FLAG, EXCUSEMEMO, MASTER_ID, RECORD_CREATE_DATE, CONVERSIONSCORE, DIRECTION, DURATION, LEAD_ID]
Column names for Curated Table --> DIM_CALL :: [ESTIMATE_ID, REASON_ID, WONTREVIEW, AGENT_ID, DIRECTION, FOLLOWUP_ID, LOCATION_ID, RECORDINGID, TAG, TYPE, CUSTOMER_ID, LEAD_ID, RECORDINGPATH, VOICEMAILPATH, STATUS, CONVERSIONSCORE, FROM, CREATEDBY_ID, DURATION, TENANT_TYPE, ACTIVE, CALLSERVICE, CAMPAIGN_ID, ID, RECORDINGURL, RECORD_UPDATE_DATE, RECORD_CREATE_DATE, JOB_ID, REVIEWEDBY_ID, TO, RECORD_UPDATED_BY, REVIEWINGBY_ID, SID, CREATEDON, EXCUSEMEMO, IMPORTID, MODIFIEDON]
Column Name found in Datamart and Curated Table :: DURATION
Column Name found in Datamart and Curated Table :: CALLSERVICE
Column Name found in Datamart and Curated Table :: CREATEDON
Column Name found in Datamart and Curated Table :: CUSTOMER_ID
Column Name found in Datamart and Curated Table :: REASON_ID
Column Name found in Datamart and Curated Table :: RECORDINGURL
Column Name found in Datamart and Curated Table :: VOICEMAILPATH
Column Name found in Datamart and Curated Table :: CONVERSIONSCORE
Column Name found in Datamart and Curated Table :: TAG
Column Name found in Datamart and Curated Table :: AGENT_ID
Column Name found in Datamart and Curated Table :: DIRECTION
Column Name found in Datamart and Curated Table :: ESTIMATE_ID
Column Name found in Datamart and Curated Table :: FROM
Column Name found in Datamart and Curated Table :: STATUS
Column Name found in Datamart and Curated Table :: MODIFIEDON
Column Name found in Datamart and Curated Table :: EXCUSEMEMO
Column Name found in Datamart and Curated Table :: LOCATION_ID
Column Name found in Datamart and Curated Table :: RECORDINGID
Column Name found in Datamart and Curated Table :: SID
Column Name found in Datamart and Curated Table :: TO
Column Name found in Datamart and Curated Table :: IMPORTID
Column Name found in Datamart and Curated Table :: TYPE
Column Name found in Datamart and Curated Table :: JOB_ID
Column Name found in Datamart and Curated Table :: FOLLOWUP_ID
Column Name found in Datamart and Curated Table :: ID
Column Name found in Datamart and Curated Table :: REVIEWINGBY_ID
Column Name found in Datamart and Curated Table :: WONTREVIEW
Column Name found in Datamart and Curated Table :: ACTIVE
Column Name found in Datamart and Curated Table :: CAMPAIGN_ID
Column Name found in Datamart and Curated Table :: CREATEDBY_ID
Column Name found in Datamart and Curated Table :: REVIEWEDBY_ID
Column Name found in Datamart and Curated Table :: RECORDINGPATH
Column Name found in Datamart and Curated Table :: LEAD_ID
Column Name found in Datamart and Curated Table :: TENANT_TYPE
Datamart tables contains additional column name like [ACTIVE_FLAG, RECORD_CREATE_DATE, RECORD_UPDATE_DATE, MASTER_ID]
Curated tables contains additional column name like [RECORD_CREATE_DATE, RECORD_UPDATE_DATE, RECORD_UPDATED_BY]]]>
  </system-out>
  <testcase classname="testcases.RAW_DATAMART_CURATED.SnowFlake_ColumnValidation_APITables" name="validateColumnName_BKP" time="2.647"/>
  <system-out>
    <![CDATA[Executing Snowflake query :: SELECT COLUMN_NAME FROM DEV_ENT_RAW.INFORMATION_SCHEMA.COLUMNS WHERE TABLE_NAME='ST_API_JOBAPPOINTMENT'and TABLE_SCHEMA='API_MAT'
Executing Snowflake query :: SELECT COLUMN_NAME FROM CURATED_DATAMART.INFORMATION_SCHEMA.COLUMNS WHERE TABLE_NAME='STR_API_JOBAPPOINTMENT'and TABLE_SCHEMA='ST_API_BILLFENWICK'
Executing Snowflake query :: SELECT COLUMN_NAME FROM DEV_ENT_CURATED.INFORMATION_SCHEMA.COLUMNS WHERE TABLE_NAME='DIM_JOBAPPOINTMENT'and TABLE_SCHEMA='MASTER_DIMENSIONS'
Column names for RAW Table --> ST_API_JOBAPPOINTMENT :: [END, SMARTDISPATCHDATA_JOBAPPOINTMENT, STATUS, JOB_ID, PLANEND, CREATEDON, IMPORTID, ISCONFIRMED, MODIFIEDON, START, NUMBER, CREATEDBY_ID, ID, ACTIVE, PLANSTART, ISUNUSED, MONTHNUMBER, TENANT_TYPE]
Column names for DataMart Table --> STR_API_JOBAPPOINTMENT :: [ACTIVE, NUMBER, SMARTDISPATCHDATA_JOBAPPOINTMENT, IMPORTID, PLANSTART, ISCONFIRMED, ACTIVE_FLAG, TENANT_TYPE, CREATEDON, ID, STATUS, MODIFIEDON, CREATEDBY_ID, ISUNUSED, MASTER_ID, PLANEND, END, MONTHNUMBER, RECORD_CREATE_DATE, JOB_ID, RECORD_UPDATE_DATE, START]
Column names for Curated Table --> DIM_JOBAPPOINTMENT :: [END, SMARTDISPATCHDATA_JOBAPPOINTMENT, ACTIVE, CREATEDBY_ID, IMPORTID, ISUNUSED, START, ID, JOB_ID, MONTHNUMBER, PLANEND, RECORD_UPDATE_DATE, CREATEDON, RECORD_CREATE_DATE, TENANT_TYPE, PLANSTART, ISCONFIRMED, NUMBER, SPECIALINSTRUCTIONS, STATUS, MODIFIEDON, RECORD_UPDATED_BY]
Column Name found in Datamart and Curated Table :: END
Column Name found in Datamart and Curated Table :: SMARTDISPATCHDATA_JOBAPPOINTMENT
Column Name found in Datamart and Curated Table :: STATUS
Column Name found in Datamart and Curated Table :: JOB_ID
Column Name found in Datamart and Curated Table :: PLANEND
Column Name found in Datamart and Curated Table :: CREATEDON
Column Name found in Datamart and Curated Table :: IMPORTID
Column Name found in Datamart and Curated Table :: ISCONFIRMED
Column Name found in Datamart and Curated Table :: MODIFIEDON
Column Name found in Datamart and Curated Table :: START
Column Name found in Datamart and Curated Table :: NUMBER
Column Name found in Datamart and Curated Table :: CREATEDBY_ID
Column Name found in Datamart and Curated Table :: ID
Column Name found in Datamart and Curated Table :: ACTIVE
Column Name found in Datamart and Curated Table :: PLANSTART
Column Name found in Datamart and Curated Table :: ISUNUSED
Column Name found in Datamart and Curated Table :: MONTHNUMBER
Column Name found in Datamart and Curated Table :: TENANT_TYPE
Datamart tables contains additional column name like [ACTIVE_FLAG, RECORD_CREATE_DATE, RECORD_UPDATE_DATE, MASTER_ID]
Curated tables contains additional column name like [RECORD_CREATE_DATE, RECORD_UPDATE_DATE, RECORD_UPDATED_BY]]]>
  </system-out>
  <testcase classname="testcases.RAW_DATAMART_CURATED.SnowFlake_ColumnValidation_APITables" name="validateColumnName_BKP" time="3.229"/>
  <system-out>
    <![CDATA[Executing Snowflake query :: SELECT COLUMN_NAME FROM DEV_ENT_RAW.INFORMATION_SCHEMA.COLUMNS WHERE TABLE_NAME='ST_API_INVOICEITEM'and TABLE_SCHEMA='API_MAT'
Executing Snowflake query :: SELECT COLUMN_NAME FROM CURATED_DATAMART.INFORMATION_SCHEMA.COLUMNS WHERE TABLE_NAME='STR_API_INVOICEITEM'and TABLE_SCHEMA='ST_API_SNELLHEATINGAIR'
Executing Snowflake query :: SELECT COLUMN_NAME FROM DEV_ENT_CURATED.INFORMATION_SCHEMA.COLUMNS WHERE TABLE_NAME='DIM_INVOICEITEM'and TABLE_SCHEMA='MASTER_DIMENSIONS'
Column names for RAW Table --> ST_API_INVOICEITEM :: [ALLOWDISCOUNTS, AUTOGLASSITEM_ID, HOURS, STANDARDPRICE, MODIFIEDON, PROJECTLABELS, SOLDBYCOMMISSION, ISINVENTORY, MARKUP, PAYSSOLDBYRATE, PROCUREDFROMESTIMATEITEM_ID, PROJECTORDER, SKU_ID, TECHNICIANSPLIT3, UNITPRICE, IMPORTID, LASTUNITPRICESETBYEMPLOYEE, SKUNAME, MEMBERSHIPWORKFLOWACTION, BASERATE1, BASERATE2, DATECREATED, EQUIPMENT_ID, ID, INVENTORYSTATUS, ITEMGROUPNAME, TECHNICIANFORBASERATE1_ID, QUANTITY, SOLDBY_ID, PARENTITEM_ID, SOLDHOURS, NOTAX, COST, CREATEDBY_ID, EXPORTID, ISADDON, ISOTTASK, CREATEDON, ISUNITPRICEMANUALLYSET, PAYSFLATAMOUNT, TECHNICIAN_ID, BASERATE3, CHARGEABLE, COMMISSIONBONUS, DESCRIPTION, TECHNICIANACKNOWLEDGEMENTSIGNATURE, INVENTORYLOCATION_ID, ORDER, SCHEDULEDFLATAMOUNT, SOURCETYPE, TECHNICIANSPLIT1, INVENTORYWAREHOUSENAME, ACCOUNT, ADDONFLATAMOUNT, PRICEMODIFIER_ID, SKUREFERENCE_SKUTYPE, TECHNICIANFORBASERATE3_ID, PAYTECHSPECIFICBONUS, TECHNICIANFORBASERATE2_ID, TECHNICIANSPLIT2, USEDMATERIAL_ID, ACTIVE, BONUS, COSTOFSALEACCOUNT_ID, GENERALLEDGERACCOUNT_ID, INVENTORYBATCH_ID, INVOICE_ID, PAYSCOMMISSION, SKUREFERENCE_SKUID, TAXABLE, TOTAL, BUSINESSUNIT_ID, DEDUCTASJOBCOST, DISPLAYINAMOUNT, ESTIMATEITEM_ID, ITEMGROUPROOT_ID, MEMBERPRICE, PROCUREDFROM_ID, SIGNATURE, TOTALCOST, CROSSSALEGROUP, WORKFLOWACTION_ID, TENANT_TYPE]
Column names for DataMart Table --> STR_API_INVOICEITEM :: [COSTOFSALEACCOUNT_ID, EQUIPMENT_ID, INVENTORYBATCH_ID, ISADDON, ISUNITPRICEMANUALLYSET, PROCUREDFROM_ID, PROCUREMENTSOURCE_REQUISITIONITEMID, PAYSFLATAMOUNT, PAYTECHSPECIFICBONUS, PROCUREMENTSOURCE_PURCHASEORDERITEMID, UNITPRICE, BASERATE3, EXPORTID, ITEMGROUPNAME, ORDER, INVOICE_ID, PRICEMODIFIER_ID, SCHEDULEDFLATAMOUNT, SIGNATURE, RECORD_UPDATE_DATE, PROJECTLABELS, INVENTORYLOCATION_ID, ACTIVE, ESTIMATEITEM_ID, DEDUCTASJOBCOST, RECORD_CREATE_DATE, TECHNICIANFORBASERATE3_ID, TECHNICIANSPLIT2, USEDMATERIAL_ID, DISPLAYINAMOUNT, PROCUREDFROMESTIMATEITEM_ID, PROJECTORDER, BASERATE1, ACTIVE_FLAG, ADDONFLATAMOUNT, BASERATE2, CHARGEABLE, COMMISSIONBONUS, CREATEDON, IMPORTID, MASTER_ID, ISINVENTORY, ITEMGROUPROOT_ID, NOTAX, SOLDBYCOMMISSION, SKU_ID, TECHNICIANFORBASERATE1_ID, WORKFLOWACTION_ID, LASTUNITPRICESETBYEMPLOYEE, PAYSSOLDBYRATE, ACCOUNT, MEMBERSHIPWORKFLOWACTION, MODIFIEDON, SKUREFERENCE_SKUTYPE, SOLDBY_ID, SOLDHOURS, HOURS, INVENTORYWAREHOUSENAME, PROCUREMENTSOURCE_SOURCETYPE, SOURCETYPE, TAXABLE, TECHNICIANSPLIT3, TENANT_TYPE, BUSINESSUNIT_ID, COST, DATECREATED, ID, MARKUP, TOTALCOST, CROSSSALEGROUP, SKUREFERENCE_SKUID, TECHNICIANFORBASERATE2_ID, PAYSCOMMISSION, PARENTITEM_ID, MEMBERPRICE, TOTAL, ALLOWDISCOUNTS, INVENTORYSTATUS, ISOTTASK, QUANTITY, SKUNAME, TECHNICIANACKNOWLEDGEMENTSIGNATURE, TECHNICIANSPLIT1, AUTOGLASSITEM_ID, BONUS, DESCRIPTION, GENERALLEDGERACCOUNT_ID, TECHNICIAN_ID, CREATEDBY_ID, PROCUREMENTSOURCE_ESTIMATEITEMID, STANDARDPRICE]
Column names for Curated Table --> DIM_INVOICEITEM :: [BASERATE2, COST, CROSSSALEGROUP, ISOTTASK, MEMBERPRICE, ORDER, QUANTITY, TOTALCOST, ISUNITPRICEMANUALLYSET, PARENTITEM_ID, PAYSSOLDBYRATE, PAYSCOMMISSION, GENERALLEDGERACCOUNT_ID, BASERATE1, INVENTORYBATCH_ID, INVOICE_ID, SKUREFERENCE_SKUID, BASERATE3, EXPORTID, ISINVENTORY, SKU_ID, INVENTORYSTATUS, SOLDHOURS, TECHNICIAN_ID, TECHNICIANFORBASERATE2_ID, ACCOUNT, ALLOWDISCOUNTS, COMMISSIONBONUS, CREATEDON, IMPORTID, ISADDON, PROCUREMENTSOURCE_SOURCETYPE, NOTAX, PROJECTLABELS, SOLDBY_ID, TECHNICIANFORBASERATE1_ID, TECHNICIANSPLIT1, PAYSFLATAMOUNT, UNITPRICE, BONUS, COSTOFSALEACCOUNT_ID, CREATEDBY_ID, DISPLAYINAMOUNT, PAYTECHSPECIFICBONUS, PRICEMODIFIER_ID, TECHNICIANACKNOWLEDGEMENTSIGNATURE, TECHNICIANSPLIT3, PROCUREMENTSOURCE_PURCHASEORDERITEMID, PROCUREMENTSOURCE_REQUISITIONITEMID, PROJECTORDER, DATECREATED, TECHNICIANFORBASERATE3_ID, ACTIVE, ADDONFLATAMOUNT, BUSINESSUNIT_ID, CHARGEABLE, EQUIPMENT_ID, INVENTORYLOCATION_ID, INVENTORYWAREHOUSENAME, ITEMGROUPNAME, ITEMGROUPROOT_ID, RECORD_UPDATE_DATE, MODIFIEDON, PROCUREDFROM_ID, SCHEDULEDFLATAMOUNT, PROCUREMENTSOURCE_ESTIMATEITEMID, TAXABLE, PROCUREDFROMESTIMATEITEM_ID, AUTOGLASSITEM_ID, HOURS, LASTUNITPRICESETBYEMPLOYEE, MARKUP, USEDMATERIAL_ID, MEMBERSHIPWORKFLOWACTION, SKUREFERENCE_SKUTYPE, SOLDBYCOMMISSION, SOURCETYPE, RECORD_UPDATED_BY, WORKFLOWACTION_ID, DEDUCTASJOBCOST, DESCRIPTION, ESTIMATEITEM_ID, STANDARDPRICE, TECHNICIANSPLIT2, TOTAL, ID, RECORD_CREATE_DATE, SIGNATURE, SKUNAME, TENANT_TYPE]
Column Name found in Datamart and Curated Table :: ALLOWDISCOUNTS
Column Name found in Datamart and Curated Table :: AUTOGLASSITEM_ID
Column Name found in Datamart and Curated Table :: HOURS
Column Name found in Datamart and Curated Table :: STANDARDPRICE
Column Name found in Datamart and Curated Table :: MODIFIEDON
Column Name found in Datamart and Curated Table :: PROJECTLABELS
Column Name found in Datamart and Curated Table :: SOLDBYCOMMISSION
Column Name found in Datamart and Curated Table :: ISINVENTORY
Column Name found in Datamart and Curated Table :: MARKUP
Column Name found in Datamart and Curated Table :: PAYSSOLDBYRATE
Column Name found in Datamart and Curated Table :: PROCUREDFROMESTIMATEITEM_ID
Column Name found in Datamart and Curated Table :: PROJECTORDER
Column Name found in Datamart and Curated Table :: SKU_ID
Column Name found in Datamart and Curated Table :: TECHNICIANSPLIT3
Column Name found in Datamart and Curated Table :: UNITPRICE
Column Name found in Datamart and Curated Table :: IMPORTID
Column Name found in Datamart and Curated Table :: LASTUNITPRICESETBYEMPLOYEE
Column Name found in Datamart and Curated Table :: SKUNAME
Column Name found in Datamart and Curated Table :: MEMBERSHIPWORKFLOWACTION
Column Name found in Datamart and Curated Table :: BASERATE1
Column Name found in Datamart and Curated Table :: BASERATE2
Column Name found in Datamart and Curated Table :: DATECREATED
Column Name found in Datamart and Curated Table :: EQUIPMENT_ID
Column Name found in Datamart and Curated Table :: ID
Column Name found in Datamart and Curated Table :: INVENTORYSTATUS
Column Name found in Datamart and Curated Table :: ITEMGROUPNAME
Column Name found in Datamart and Curated Table :: TECHNICIANFORBASERATE1_ID
Column Name found in Datamart and Curated Table :: QUANTITY
Column Name found in Datamart and Curated Table :: SOLDBY_ID
Column Name found in Datamart and Curated Table :: PARENTITEM_ID
Column Name found in Datamart and Curated Table :: SOLDHOURS
Column Name found in Datamart and Curated Table :: NOTAX
Column Name found in Datamart and Curated Table :: COST
Column Name found in Datamart and Curated Table :: CREATEDBY_ID
Column Name found in Datamart and Curated Table :: EXPORTID
Column Name found in Datamart and Curated Table :: ISADDON
Column Name found in Datamart and Curated Table :: ISOTTASK
Column Name found in Datamart and Curated Table :: CREATEDON
Column Name found in Datamart and Curated Table :: ISUNITPRICEMANUALLYSET
Column Name found in Datamart and Curated Table :: PAYSFLATAMOUNT
Column Name found in Datamart and Curated Table :: TECHNICIAN_ID
Column Name found in Datamart and Curated Table :: BASERATE3
Column Name found in Datamart and Curated Table :: CHARGEABLE
Column Name found in Datamart and Curated Table :: COMMISSIONBONUS
Column Name found in Datamart and Curated Table :: DESCRIPTION
Column Name found in Datamart and Curated Table :: TECHNICIANACKNOWLEDGEMENTSIGNATURE
Column Name found in Datamart and Curated Table :: INVENTORYLOCATION_ID
Column Name found in Datamart and Curated Table :: ORDER
Column Name found in Datamart and Curated Table :: SCHEDULEDFLATAMOUNT
Column Name found in Datamart and Curated Table :: SOURCETYPE
Column Name found in Datamart and Curated Table :: TECHNICIANSPLIT1
Column Name found in Datamart and Curated Table :: INVENTORYWAREHOUSENAME
Column Name found in Datamart and Curated Table :: ACCOUNT
Column Name found in Datamart and Curated Table :: ADDONFLATAMOUNT
Column Name found in Datamart and Curated Table :: PRICEMODIFIER_ID
Column Name found in Datamart and Curated Table :: SKUREFERENCE_SKUTYPE
Column Name found in Datamart and Curated Table :: TECHNICIANFORBASERATE3_ID
Column Name found in Datamart and Curated Table :: PAYTECHSPECIFICBONUS
Column Name found in Datamart and Curated Table :: TECHNICIANFORBASERATE2_ID
Column Name found in Datamart and Curated Table :: TECHNICIANSPLIT2
Column Name found in Datamart and Curated Table :: USEDMATERIAL_ID
Column Name found in Datamart and Curated Table :: ACTIVE
Column Name found in Datamart and Curated Table :: BONUS
Column Name found in Datamart and Curated Table :: COSTOFSALEACCOUNT_ID
Column Name found in Datamart and Curated Table :: GENERALLEDGERACCOUNT_ID
Column Name found in Datamart and Curated Table :: INVENTORYBATCH_ID
Column Name found in Datamart and Curated Table :: INVOICE_ID
Column Name found in Datamart and Curated Table :: PAYSCOMMISSION
Column Name found in Datamart and Curated Table :: SKUREFERENCE_SKUID
Column Name found in Datamart and Curated Table :: TAXABLE
Column Name found in Datamart and Curated Table :: TOTAL
Column Name found in Datamart and Curated Table :: BUSINESSUNIT_ID
Column Name found in Datamart and Curated Table :: DEDUCTASJOBCOST
Column Name found in Datamart and Curated Table :: DISPLAYINAMOUNT
Column Name found in Datamart and Curated Table :: ESTIMATEITEM_ID
Column Name found in Datamart and Curated Table :: ITEMGROUPROOT_ID
Column Name found in Datamart and Curated Table :: MEMBERPRICE
Column Name found in Datamart and Curated Table :: PROCUREDFROM_ID
Column Name found in Datamart and Curated Table :: SIGNATURE
Column Name found in Datamart and Curated Table :: TOTALCOST
Column Name found in Datamart and Curated Table :: CROSSSALEGROUP
Column Name found in Datamart and Curated Table :: WORKFLOWACTION_ID
Column Name found in Datamart and Curated Table :: TENANT_TYPE
Datamart tables contains additional column name like [ACTIVE_FLAG, RECORD_CREATE_DATE, RECORD_UPDATE_DATE, MASTER_ID]
Curated tables contains additional column name like [RECORD_CREATE_DATE, RECORD_UPDATE_DATE, RECORD_UPDATED_BY]]]>
  </system-out>
  <testcase classname="testcases.RAW_DATAMART_CURATED.SnowFlake_ColumnValidation_APITables" name="validateColumnName_BKP" time="2.135"/>
  <system-out>
    <![CDATA[Executing Snowflake query :: SELECT COLUMN_NAME FROM DEV_ENT_RAW.INFORMATION_SCHEMA.COLUMNS WHERE TABLE_NAME='ST_API_ESTIMATE'and TABLE_SCHEMA='API_MAT'
Executing Snowflake query :: SELECT COLUMN_NAME FROM CURATED_DATAMART.INFORMATION_SCHEMA.COLUMNS WHERE TABLE_NAME='STR_API_ESTIMATE'and TABLE_SCHEMA='ST_API_BILLFENWICK'
Executing Snowflake query :: SELECT COLUMN_NAME FROM DEV_ENT_CURATED.INFORMATION_SCHEMA.COLUMNS WHERE TABLE_NAME='DIM_ESTIMATE'and TABLE_SCHEMA='MASTER_DIMENSIONS'
Column names for RAW Table --> ST_API_ESTIMATE :: [BUSINESSUNIT_ID, JOB_ID, MATERIALTAX, PROJECTLABELS, STATUS, PROPOSALTAGCOLOR, CLAIM_ID, ISCHANGEORDER, MATERIALSKUREFERENCE_SKUID, MODIFIEDON, SUMMARY, TECHNICIANPICKEDSOLDTYPE, ISRECOMMENDED, PROPOSALTAGNAME, CREATEDBY_ID, TAX, AUTHORIZEDON, ORDER, OPPORTUNITY_ID, FEETOTAL, IMPORTID, LABORTAX, SOLDBY_ID, SOLDINVOICE_ID, AUTHORIZATIONSIGNATURE, LOCATION_ID, PROCUREMENTTYPE, SOLDBYEMPLOYEE_ID, DISCOUNTTOTAL, TECHNICIANSIGNATURE, ACTIVE, MATERIALSKU_ID, MATERIALSKUREFERENCE_SKUTYPE, RENEWABLEMEMBERSHIP_ID, NAME, SOLDON, TOTALCOST, CREATEDON, TOTAL, ID, SOLDTYPE, PROJECTOPPORTUNITY_ID, TENANT_TYPE]
Column names for DataMart Table --> STR_API_ESTIMATE :: [AUTHORIZEDON, TAX, MATERIALSKUREFERENCE_SKUTYPE, CLAIM_ID, MATERIALTAX, SOLDBYEMPLOYEE_ID, CREATEDON, PROPOSALTAGCOLOR, AUTHORIZATIONSIGNATURE, DISCOUNTTOTAL, ID, IMPORTID, ISCHANGEORDER, ORDER, PROJECTOPPORTUNITY_ID, SOLDBY_ID, SOLDINVOICE_ID, SOLDON, PROPOSALTAGNAME, CREATEDBY_ID, LOCATION_ID, MASTER_ID, MATERIALSKU_ID, TENANT_TYPE, ACTIVE, LABORTAX, FEETOTAL, SUMMARY, TECHNICIANSIGNATURE, TOTAL, ACTIVE_FLAG, MATERIALSKUREFERENCE_SKUID, MODIFIEDON, OPPORTUNITY_ID, ISRECOMMENDED, TOTALCOST, PROJECTLABELS, RECORD_CREATE_DATE, RECORD_UPDATE_DATE, RENEWABLEMEMBERSHIP_ID, TECHNICIANPICKEDSOLDTYPE, JOB_ID, BUSINESSUNIT_ID, NAME, PROCUREMENTTYPE, STATUS, SOLDTYPE]
Column names for Curated Table --> DIM_ESTIMATE :: [CREATEDON, DISCOUNTTOTAL, LOCATION_ID, OPPORTUNITY_ID, PROPOSALTAGCOLOR, PROPOSALTAGNAME, SOLDINVOICE_ID, TENANT_TYPE, RECORD_UPDATED_BY, TOTALCOST, ISCHANGEORDER, NAME, BUSINESSUNIT_ID, FEETOTAL, MATERIALSKUREFERENCE_SKUTYPE, ISRECOMMENDED, ORDER, STATUS, TOTAL, SOLDTYPE, AUTHORIZEDON, CREATEDBY_ID, LABORTAX, PROCUREMENTTYPE, SOLDBYEMPLOYEE_ID, SOLDBY_ID, IMPORTID, MATERIALSKU_ID, TAX, TECHNICIANPICKEDSOLDTYPE, RENEWABLEMEMBERSHIP_ID, TECHNICIANSIGNATURE, MODIFIEDON, CLAIM_ID, ID, MATERIALSKUREFERENCE_SKUID, SOLDON, PROJECTLABELS, JOB_ID, ACTIVE, AUTHORIZATIONSIGNATURE, MATERIALTAX, PROJECTOPPORTUNITY_ID, RECORD_CREATE_DATE, SUMMARY, RECORD_UPDATE_DATE]
Column Name found in Datamart and Curated Table :: BUSINESSUNIT_ID
Column Name found in Datamart and Curated Table :: JOB_ID
Column Name found in Datamart and Curated Table :: MATERIALTAX
Column Name found in Datamart and Curated Table :: PROJECTLABELS
Column Name found in Datamart and Curated Table :: STATUS
Column Name found in Datamart and Curated Table :: PROPOSALTAGCOLOR
Column Name found in Datamart and Curated Table :: CLAIM_ID
Column Name found in Datamart and Curated Table :: ISCHANGEORDER
Column Name found in Datamart and Curated Table :: MATERIALSKUREFERENCE_SKUID
Column Name found in Datamart and Curated Table :: MODIFIEDON
Column Name found in Datamart and Curated Table :: SUMMARY
Column Name found in Datamart and Curated Table :: TECHNICIANPICKEDSOLDTYPE
Column Name found in Datamart and Curated Table :: ISRECOMMENDED
Column Name found in Datamart and Curated Table :: PROPOSALTAGNAME
Column Name found in Datamart and Curated Table :: CREATEDBY_ID
Column Name found in Datamart and Curated Table :: TAX
Column Name found in Datamart and Curated Table :: AUTHORIZEDON
Column Name found in Datamart and Curated Table :: ORDER
Column Name found in Datamart and Curated Table :: OPPORTUNITY_ID
Column Name found in Datamart and Curated Table :: FEETOTAL
Column Name found in Datamart and Curated Table :: IMPORTID
Column Name found in Datamart and Curated Table :: LABORTAX
Column Name found in Datamart and Curated Table :: SOLDBY_ID
Column Name found in Datamart and Curated Table :: SOLDINVOICE_ID
Column Name found in Datamart and Curated Table :: AUTHORIZATIONSIGNATURE
Column Name found in Datamart and Curated Table :: LOCATION_ID
Column Name found in Datamart and Curated Table :: PROCUREMENTTYPE
Column Name found in Datamart and Curated Table :: SOLDBYEMPLOYEE_ID
Column Name found in Datamart and Curated Table :: DISCOUNTTOTAL
Column Name found in Datamart and Curated Table :: TECHNICIANSIGNATURE
Column Name found in Datamart and Curated Table :: ACTIVE
Column Name found in Datamart and Curated Table :: MATERIALSKU_ID
Column Name found in Datamart and Curated Table :: MATERIALSKUREFERENCE_SKUTYPE
Column Name found in Datamart and Curated Table :: RENEWABLEMEMBERSHIP_ID
Column Name found in Datamart and Curated Table :: NAME
Column Name found in Datamart and Curated Table :: SOLDON
Column Name found in Datamart and Curated Table :: TOTALCOST
Column Name found in Datamart and Curated Table :: CREATEDON
Column Name found in Datamart and Curated Table :: TOTAL
Column Name found in Datamart and Curated Table :: ID
Column Name found in Datamart and Curated Table :: SOLDTYPE
Column Name found in Datamart and Curated Table :: PROJECTOPPORTUNITY_ID
Column Name found in Datamart and Curated Table :: TENANT_TYPE
Datamart tables contains additional column name like [ACTIVE_FLAG, RECORD_CREATE_DATE, RECORD_UPDATE_DATE, MASTER_ID]
Curated tables contains additional column name like [RECORD_CREATE_DATE, RECORD_UPDATE_DATE, RECORD_UPDATED_BY]]]>
  </system-out>
  <testcase classname="testcases.RAW_DATAMART_CURATED.SnowFlake_ColumnValidation_APITables" name="validateColumnName_BKP" time="3.452"/>
  <system-out>
    <![CDATA[Executing Snowflake query :: SELECT COLUMN_NAME FROM DEV_ENT_RAW.INFORMATION_SCHEMA.COLUMNS WHERE TABLE_NAME='ST_API_MATERIALVENDOR'and TABLE_SCHEMA='API_MAT'
Executing Snowflake query :: SELECT COLUMN_NAME FROM CURATED_DATAMART.INFORMATION_SCHEMA.COLUMNS WHERE TABLE_NAME='STR_API_MATERIALVENDOR'and TABLE_SCHEMA='ST_API_SNELLHEATINGAIR'
Executing Snowflake query :: SELECT COLUMN_NAME FROM DEV_ENT_CURATED.INFORMATION_SCHEMA.COLUMNS WHERE TABLE_NAME='DIM_MATERIALVENDOR'and TABLE_SCHEMA='MASTER_DIMENSIONS'
Column names for RAW Table --> ST_API_MATERIALVENDOR :: [ACTIVE, CREATEDON, MEMO, VENDOR_ID, CREATEDBY_ID, COST, ID, ISPRIMARY, IMPORTID, PRIMARYSUBACCOUNT_ID, MATERIAL_ID, PARTNUMBER, TENANT_TYPE]
Column names for DataMart Table --> STR_API_MATERIALVENDOR :: [ID, TENANT_TYPE, ACTIVE, PARTNUMBER, PRIMARYSUBACCOUNT_ID, MASTER_ID, MEMO, VENDOR_ID, CREATEDBY_ID, CREATEDON, RECORD_UPDATE_DATE, MATERIAL_ID, ACTIVE_FLAG, COST, IMPORTID, ISPRIMARY, RECORD_CREATE_DATE]
Column names for Curated Table --> DIM_MATERIALVENDOR :: [ID, MATERIAL_ID, ACTIVE, COST, CREATEDBY_ID, IMPORTID, ISPRIMARY, PRIMARYSUBACCOUNT_ID, RECORD_UPDATE_DATE, TENANT_TYPE, MEMO, RECORD_UPDATED_BY, VENDOR_ID, CREATEDON, PARTNUMBER, RECORD_CREATE_DATE]
Column Name found in Datamart and Curated Table :: ACTIVE
Column Name found in Datamart and Curated Table :: CREATEDON
Column Name found in Datamart and Curated Table :: MEMO
Column Name found in Datamart and Curated Table :: VENDOR_ID
Column Name found in Datamart and Curated Table :: CREATEDBY_ID
Column Name found in Datamart and Curated Table :: COST
Column Name found in Datamart and Curated Table :: ID
Column Name found in Datamart and Curated Table :: ISPRIMARY
Column Name found in Datamart and Curated Table :: IMPORTID
Column Name found in Datamart and Curated Table :: PRIMARYSUBACCOUNT_ID
Column Name found in Datamart and Curated Table :: MATERIAL_ID
Column Name found in Datamart and Curated Table :: PARTNUMBER
Column Name found in Datamart and Curated Table :: TENANT_TYPE
Datamart tables contains additional column name like [ACTIVE_FLAG, RECORD_CREATE_DATE, RECORD_UPDATE_DATE, MASTER_ID]
Curated tables contains additional column name like [RECORD_CREATE_DATE, RECORD_UPDATE_DATE, RECORD_UPDATED_BY]]]>
  </system-out>
  <testcase classname="testcases.RAW_DATAMART_CURATED.SnowFlake_ColumnValidation_APITables" name="validateColumnName_BKP" time="2.293"/>
  <system-out>
    <![CDATA[Executing Snowflake query :: SELECT COLUMN_NAME FROM DEV_ENT_RAW.INFORMATION_SCHEMA.COLUMNS WHERE TABLE_NAME='ST_API_PAYMENT'and TABLE_SCHEMA='API_MAT'
Executing Snowflake query :: SELECT COLUMN_NAME FROM CURATED_DATAMART.INFORMATION_SCHEMA.COLUMNS WHERE TABLE_NAME='STR_API_PAYMENT'and TABLE_SCHEMA='ST_API_CASTEEL'
Executing Snowflake query :: SELECT COLUMN_NAME FROM DEV_ENT_CURATED.INFORMATION_SCHEMA.COLUMNS WHERE TABLE_NAME='DIM_PAYMENT'and TABLE_SCHEMA='MASTER_DIMENSIONS'
Column names for RAW Table --> ST_API_PAYMENT :: [AGREEMENTLANGUAGE, FINANCINGOPERATOR, TRANSACTIONSTATUS, INVOICE_ID, CHECKNUMBER, AMOUNT, SETTLEMENTDATE, PROJECT_ID, BUSINESSUNIT_ID, CREATEDBY_ID, CREATEDON, CREDITAVAILABLE, UNAPPLIEDAMOUNT, EXPORTID, AUTHORIZATIONSIGNATURE, BATCH_ID, DEFERREDINTEREST, EXTERNALID, METHOD, MEMO, STATUS, ACTIVE, CUSTOMER_ID, ESTIMATE_ID, NUMBER, SETTLEMENTSTATUS, SOURCE, STOREDPAYMENT_ID, ID, IMPORTID, PAIDON, MODIFIEDON, TYPE_ID, REFUNDEDAMOUNT, TRANSACTION, APPLIEDON, PAYMENTDATE, TENANT_TYPE]
Column names for DataMart Table --> STR_API_PAYMENT :: [CHECKNUMBER, PAIDON, TRANSACTIONSTATUS, UNAPPLIEDAMOUNT, APPLIEDON, MASTER_ID, TENANT_TYPE, BUSINESSUNIT_ID, CUSTOMER_ID, DEFERREDINTEREST, NUMBER, SETTLEMENTDATE, SETTLEMENTSTATUS, CREDITAVAILABLE, METHOD, TRANSACTION, ACTIVE_FLAG, AGREEMENTLANGUAGE, CREATEDON, EXPORTID, FINANCINGOPERATOR, ID, PAYMENTDATE, PROJECT_ID, TYPE_ID, EXTERNALID, ACTIVE, ESTIMATE_ID, MEMO, STATUS, STOREDPAYMENT_ID, IMPORTID, RECORD_UPDATE_DATE, AMOUNT, CREATEDBY_ID, INVOICE_ID, RECORD_CREATE_DATE, AUTHORIZATIONSIGNATURE, BATCH_ID, MODIFIEDON, REFUNDEDAMOUNT, SOURCE]
Column names for Curated Table --> DIM_PAYMENT :: [DEFERREDINTEREST, PAIDON, SOURCE, TENANT_TYPE, PAYMENTDATE, TYPE_ID, ACTIVE, INVOICE_ID, ESTIMATE_ID, UNAPPLIEDAMOUNT, STATUS, CREATEDBY_ID, CUSTOMER_ID, EXPORTID, IMPORTID, TRANSACTION, MEMO, RECORD_UPDATE_DATE, TRANSACTIONSTATUS, AMOUNT, AUTHORIZATIONSIGNATURE, CHECKNUMBER, MODIFIEDON, EXTERNALID, PROJECT_ID, APPLIEDON, BATCH_ID, CREATEDON, FINANCINGOPERATOR, ID, RECORD_UPDATED_BY, REFUNDEDAMOUNT, SETTLEMENTSTATUS, BUSINESSUNIT_ID, METHOD, AGREEMENTLANGUAGE, CREDITAVAILABLE, NUMBER, RECORD_CREATE_DATE, SETTLEMENTDATE, STOREDPAYMENT_ID]
Column Name found in Datamart and Curated Table :: AGREEMENTLANGUAGE
Column Name found in Datamart and Curated Table :: FINANCINGOPERATOR
Column Name found in Datamart and Curated Table :: TRANSACTIONSTATUS
Column Name found in Datamart and Curated Table :: INVOICE_ID
Column Name found in Datamart and Curated Table :: CHECKNUMBER
Column Name found in Datamart and Curated Table :: AMOUNT
Column Name found in Datamart and Curated Table :: SETTLEMENTDATE
Column Name found in Datamart and Curated Table :: PROJECT_ID
Column Name found in Datamart and Curated Table :: BUSINESSUNIT_ID
Column Name found in Datamart and Curated Table :: CREATEDBY_ID
Column Name found in Datamart and Curated Table :: CREATEDON
Column Name found in Datamart and Curated Table :: CREDITAVAILABLE
Column Name found in Datamart and Curated Table :: UNAPPLIEDAMOUNT
Column Name found in Datamart and Curated Table :: EXPORTID
Column Name found in Datamart and Curated Table :: AUTHORIZATIONSIGNATURE
Column Name found in Datamart and Curated Table :: BATCH_ID
Column Name found in Datamart and Curated Table :: DEFERREDINTEREST
Column Name found in Datamart and Curated Table :: EXTERNALID
Column Name found in Datamart and Curated Table :: METHOD
Column Name found in Datamart and Curated Table :: MEMO
Column Name found in Datamart and Curated Table :: STATUS
Column Name found in Datamart and Curated Table :: ACTIVE
Column Name found in Datamart and Curated Table :: CUSTOMER_ID
Column Name found in Datamart and Curated Table :: ESTIMATE_ID
Column Name found in Datamart and Curated Table :: NUMBER
Column Name found in Datamart and Curated Table :: SETTLEMENTSTATUS
Column Name found in Datamart and Curated Table :: SOURCE
Column Name found in Datamart and Curated Table :: STOREDPAYMENT_ID
Column Name found in Datamart and Curated Table :: ID
Column Name found in Datamart and Curated Table :: IMPORTID
Column Name found in Datamart and Curated Table :: PAIDON
Column Name found in Datamart and Curated Table :: MODIFIEDON
Column Name found in Datamart and Curated Table :: TYPE_ID
Column Name found in Datamart and Curated Table :: REFUNDEDAMOUNT
Column Name found in Datamart and Curated Table :: TRANSACTION
Column Name found in Datamart and Curated Table :: APPLIEDON
Column Name found in Datamart and Curated Table :: PAYMENTDATE
Column Name found in Datamart and Curated Table :: TENANT_TYPE
Datamart tables contains additional column name like [ACTIVE_FLAG, RECORD_CREATE_DATE, RECORD_UPDATE_DATE, MASTER_ID]
Curated tables contains additional column name like [RECORD_CREATE_DATE, RECORD_UPDATE_DATE, RECORD_UPDATED_BY]]]>
  </system-out>
  <testcase classname="testcases.RAW_DATAMART_CURATED.SnowFlake_ColumnValidation_APITables" name="validateColumnName_BKP" time="2.877">
    <failure message="The following asserts failed:
	null" type="java.lang.AssertionError">
      <![CDATA[java.lang.AssertionError: The following asserts failed:
null
at org.testng.asserts.SoftAssert.assertAll(SoftAssert.java:47)
at org.testng.asserts.SoftAssert.assertAll(SoftAssert.java:31)
at testcases.RAW_DATAMART_CURATED.SnowFlake_ColumnValidation_APITables.validateColumnName_BKP(SnowFlake_ColumnValidation_APITables.java:128)
at jdk.internal.reflect.GeneratedMethodAccessor38.invoke(Unknown Source)
at java.base/jdk.internal.reflect.DelegatingMethodAccessorImpl.invoke(DelegatingMethodAccessorImpl.java:43)
at java.base/java.lang.reflect.Method.invoke(Method.java:568)
at org.testng.internal.MethodInvocationHelper.invokeMethod(MethodInvocationHelper.java:133)
at org.testng.internal.TestInvoker.invokeMethod(TestInvoker.java:598)
at org.testng.internal.TestInvoker.invokeTestMethod(TestInvoker.java:173)
at org.testng.internal.MethodRunner.runInSequence(MethodRunner.java:46)
at org.testng.internal.TestInvoker$MethodInvocationAgent.invoke(TestInvoker.java:824)
at org.testng.internal.TestInvoker.invokeTestMethods(TestInvoker.java:146)
at org.testng.internal.TestMethodWorker.invokeTestMethods(TestMethodWorker.java:146)
at org.testng.internal.TestMethodWorker.run(TestMethodWorker.java:128)
at java.base/java.util.ArrayList.forEach(ArrayList.java:1511)
at org.testng.TestRunner.privateRun(TestRunner.java:794)
at org.testng.TestRunner.run(TestRunner.java:596)
at org.testng.SuiteRunner.runTest(SuiteRunner.java:377)
at org.testng.SuiteRunner.runSequentially(SuiteRunner.java:371)
at org.testng.SuiteRunner.privateRun(SuiteRunner.java:332)
at org.testng.SuiteRunner.run(SuiteRunner.java:276)
at org.testng.SuiteRunnerWorker.runSuite(SuiteRunnerWorker.java:53)
at org.testng.SuiteRunnerWorker.run(SuiteRunnerWorker.java:96)
at org.testng.TestNG.runSuitesSequentially(TestNG.java:1212)
at org.testng.TestNG.runSuitesLocally(TestNG.java:1134)
at org.testng.TestNG.runSuites(TestNG.java:1063)
at org.testng.TestNG.run(TestNG.java:1031)
at org.testng.remote.AbstractRemoteTestNG.run(AbstractRemoteTestNG.java:115)
at org.testng.remote.RemoteTestNG.initAndRun(RemoteTestNG.java:251)
at org.testng.remote.RemoteTestNG.main(RemoteTestNG.java:77)
]]>
    </failure>
  </testcase> <!-- validateColumnName_BKP -->
  <system-out>
    <![CDATA[Executing Snowflake query :: SELECT COLUMN_NAME FROM DEV_ENT_RAW.INFORMATION_SCHEMA.COLUMNS WHERE TABLE_NAME='ST_API_TECHNICIAN'and TABLE_SCHEMA='API_MAT'
Executing Snowflake query :: SELECT COLUMN_NAME FROM CURATED_DATAMART.INFORMATION_SCHEMA.COLUMNS WHERE TABLE_NAME='STR_API_TECHNICIAN'and TABLE_SCHEMA='ST_API_GOLDMEDAL'
Executing Snowflake query :: SELECT COLUMN_NAME FROM DEV_ENT_CURATED.INFORMATION_SCHEMA.COLUMNS WHERE TABLE_NAME='DIM_TECHNICIAN'and TABLE_SCHEMA='MASTER_DIMENSIONS'
Column names for RAW Table --> ST_API_TECHNICIAN :: [ADDONCREWSPLITCOMMISSIONRATE, ATLASBUTLERTECHNICIANROLE, FIRSTDRIVERULE, HOME_ISMANUALCOORDINATES, NAVISIONEMPLOYEEID, PAYROLLID, PAYROLLPOSTINGGROUP_ID, SALESFACTOR, SALESFORCECONTACTID, PAYROLLREPORTVERSION, STANDARDWORKTYPECODE_ID, MUHULINK, COMMISSIONRATE, HOME_ISMILITARY, LICENSE, GOALIMAGE, IMPORTID, MOBILEPHONECONFIRMED, PAYTYPE, MANAGER_ID, SHIFTSTART, NAME, ADDONSOLOCOMMISSIONRATE, BIO, BUSINESSUNIT_ID, HOME_CITY, ID, ISMANAGEDTECH, PROJECTLABELS, SCHEDULEDSOLOCOMMISSIONRATE, BIRTHDATE, HOME_COUNTRY, PHOTO, TURNOVERBONUS, USER_ID, WILLIAMSTECHNICIANROLE, ZONE_ID, OVERTIMEPROFILE_ID, CREATEDON, TODAYREVENUE_TECHNICIAN, ACTIVE, DEFAULTPAYROLLADJUSTMENTRATE, ISAUTODISPATCHED, LASTNAME, ISEXTERNAL, SHIFTEND, SCHEDULEDCREWSPLITCOMMISSIONRATE, DAILYGOAL, APPOINTMENT_ID, BURDENRATE, HOME_ZIP, PAYROLLSTARTPERIOD, STATUSUPDATEDON, OVERTIMEWORKTYPECODE_ID, PAYROLLPROFILE_ID, PAYROLLROLE, PAYROLLSTARTDATE, SOLDBYRATE, ISEXCLUDEDFROMPAYROLL, COORDINATESUPDATEDON, EMAIL, EMAILCONFIRMED, HOME_LATITUDE, OVERTIMEPAYROLLCONTROLCODE_ID, PAYPERIOD, STANDARDPAYROLLCONTROLCODE_ID, CHECKEDIN, DEFAULTLABORTYPE_ID, JOBFILTER, PAYFREQUENCY_ID, MOBILEPHONE, OUTBOUNDCALLERID, SCHEDULEDMULTITECHCOMMISSIONRATE, STARTDATE, CURRENTVALUE, DEDUCTCOMMUTETIMEFROMFIRSTDRIVE, FIRSTNAME, MEALTIME, MEMO, PHONECONFIRMED, SHOWJOBAPPOINTMENTRESCHEDULEALERT, DISPATCHNOTIFICATIONS, JOB_ID, LATITUDE, MIDDLENAME, ROUTESTATISTICS_TECHNICIAN, CREATEDBY_ID, PHONE, QBREPID, SMARTDISPATCHSETTINGS_TECHNICIAN, STATUS, UNION, HOME_UNIT, HOURLYRATE, INVENTORYWAREHOUSENAME, INVOICINGHOURLYRATE, TYPE, ADDONMULTITECHCOMMISSIONRATE, COLOR, HOME_STATE, MODIFIEDON, OVERALLSALESFACTOR_TECHNICIAN, POSITION, TEAM, COMMUTETIME, HOME_LONGITUDE, HOME_STREET, LOCATION_TECHNICIAN, OVERTIMEMODE, PROJECTEDVALUE, LONGITUDE, TRUCK_ID, TENANT_TYPE]
Column names for DataMart Table --> STR_API_TECHNICIAN :: [HOME_LATITUDE, HOME_LONGITUDE, HOME_STREET, ID, JOBFILTER, MEMO, RECORD_UPDATE_DATE, TEAM, HOME_ZIP, PAYROLLSTARTPERIOD, SOLDBYRATE, BIO, BIRTHDATE, CREATEDBY_ID, DEFAULTPAYROLLADJUSTMENTRATE, EMAIL, OVERTIMEWORKTYPECODE_ID, IMPORTID, OVERTIMEMODE, PHONECONFIRMED, SHIFTEND, STATUSUPDATEDON, OVERTIMEPROFILE_ID, WILLIAMSTECHNICIANROLE, QBREPID, SHOWJOBAPPOINTMENTRESCHEDULEALERT, ADDONMULTITECHCOMMISSIONRATE, APPOINTMENT_ID, ATLASBUTLERTECHNICIANROLE, COMMISSIONRATE, CURRENTVALUE, EMAILCONFIRMED, INVOICINGHOURLYRATE, PAYPERIOD, PROJECTLABELS, GOALIMAGE, LOCATION_TECHNICIAN, OUTBOUNDCALLERID, PAYROLLID, PAYROLLREPORTVERSION, PAYROLLROLE, SALESFACTOR, USER_ID, ZONE_ID, MEALTIME, MOBILEPHONE, ACTIVE_FLAG, ADDONCREWSPLITCOMMISSIONRATE, COLOR, CREATEDON, DEFAULTLABORTYPE_ID, FIRSTDRIVERULE, HOME_CITY, HOME_ISMANUALCOORDINATES, HOME_STATE, MIDDLENAME, NAVISIONEMPLOYEEID, TENANT_TYPE, TURNOVERBONUS, MODIFIEDON, ISAUTODISPATCHED, PAYTYPE, ADDONSOLOCOMMISSIONRATE, CHECKEDIN, COMMUTETIME, FLEET_ID, ISEXTERNAL, LASTNAME, LICENSE, PAYROLLPOSTINGGROUP_ID, STANDARDPAYROLLCONTROLCODE_ID, HOME_COUNTRY, ISMANAGEDTECH, LONGITUDE, TRUCK_ID, JOB_ID, MUHULINK, SCHEDULEDCREWSPLITCOMMISSIONRATE, SCHEDULEDMULTITECHCOMMISSIONRATE, STARTDATE, MOBILEPHONECONFIRMED, BUSINESSUNIT_ID, COORDINATESUPDATEDON, DEDUCTCOMMUTETIMEFROMFIRSTDRIVE, DISPATCHNOTIFICATIONS, HOME_ISMILITARY, INVENTORYWAREHOUSENAME, OVERTIMEPAYROLLCONTROLCODE_ID, TODAYREVENUE_TECHNICIAN, POSITION, ROUTESTATISTICS_TECHNICIAN, UNION, NAME, FIRSTNAME, PAYFREQUENCY_ID, RECORD_CREATE_DATE, ACTIVE, DAILYGOAL, HOME_UNIT, HOURLYRATE, SALESFORCECONTACTID, SCHEDULEDSOLOCOMMISSIONRATE, OVERALLSALESFACTOR_TECHNICIAN, PAYROLLSTARTDATE, PHOTO, PROJECTEDVALUE, STANDARDWORKTYPECODE_ID, BURDENRATE, MANAGER_ID, PAYROLLPROFILE_ID, SMARTDISPATCHSETTINGS_TECHNICIAN, LATITUDE, MASTER_ID, PHONE, STATUS, TYPE, SHIFTSTART]
Column names for Curated Table --> DIM_TECHNICIAN :: [ADDONCREWSPLITCOMMISSIONRATE, COMMUTETIME, DEFAULTLABORTYPE_ID, EMAILCONFIRMED, FIRSTNAME, FLEET_ID, HOME_COUNTRY, HOME_UNIT, MOBILEPHONE, PHONECONFIRMED, ISEXCLUDEDFROMPAYROLL, OVERALLSALESFACTOR_TECHNICIAN, TURNOVERBONUS, PAYPERIOD, PAYROLLROLE, PAYROLLSTARTDATE, BIRTHDATE, HOME_ISMANUALCOORDINATES, HOME_ISMILITARY, INVENTORYWAREHOUSENAME, JOBFILTER, MEMO, PAYFREQUENCY_ID, POSITION, ID, ISAUTODISPATCHED, LICENSE, TEAM, SCHEDULEDCREWSPLITCOMMISSIONRATE, SALESFACTOR, ADDONSOLOCOMMISSIONRATE, CURRENTVALUE, DAILYGOAL, DEDUCTCOMMUTETIMEFROMFIRSTDRIVE, MANAGER_ID, OVERTIMEPROFILE_ID, SHIFTSTART, SHOWJOBAPPOINTMENTRESCHEDULEALERT, SMARTDISPATCHSETTINGS_TECHNICIAN, GOALIMAGE, MODIFIEDON, PAYROLLID, PAYROLLREPORTVERSION, RECORD_CREATE_DATE, TODAYREVENUE_TECHNICIAN, TYPE, PROJECTLABELS, SCHEDULEDSOLOCOMMISSIONRATE, LONGITUDE, ADDONMULTITECHCOMMISSIONRATE, APPOINTMENT_ID, CHECKEDIN, COLOR, CREATEDON, DISPATCHNOTIFICATIONS, IMPORTID, LASTNAME, MOBILEPHONECONFIRMED, STATUSUPDATEDON, ZONE_ID, HOME_STATE, NAME, NAVISIONEMPLOYEEID, PAYROLLPOSTINGGROUP_ID, PHOTO, MEALTIME, PROJECTEDVALUE, STANDARDPAYROLLCONTROLCODE_ID, OVERTIMEMODE, BURDENRATE, FIRSTDRIVERULE, JOB_ID, PAYROLLPROFILE_ID, QBREPID, ROUTESTATISTICS_TECHNICIAN, STARTDATE, TRUCK_ID, USER_ID, STANDARDWORKTYPECODE_ID, MIDDLENAME, COMMISSIONRATE, CREATEDBY_ID, HOME_LONGITUDE, HOME_ZIP, HOURLYRATE, LATITUDE, SCHEDULEDMULTITECHCOMMISSIONRATE, BUSINESSUNIT_ID, OUTBOUNDCALLERID, RECORD_UPDATED_BY, STATUS, MUHULINK, OVERTIMEPAYROLLCONTROLCODE_ID, UNION, PAYTYPE, INVOICINGHOURLYRATE, RECORD_UPDATE_DATE, COORDINATESUPDATEDON, LOCATION_TECHNICIAN, EMAIL, HOME_CITY, ISEXTERNAL, OVERTIMEWORKTYPECODE_ID, PAYROLLSTARTPERIOD, SHIFTEND, WILLIAMSTECHNICIANROLE, TENANT_TYPE, ACTIVE, ATLASBUTLERTECHNICIANROLE, BIO, DEFAULTPAYROLLADJUSTMENTRATE, HOME_LATITUDE, HOME_STREET, ISMANAGEDTECH, PHONE, SALESFORCECONTACTID, SOLDBYRATE]
Column Name found in Datamart and Curated Table :: ADDONCREWSPLITCOMMISSIONRATE
Column Name found in Datamart and Curated Table :: ATLASBUTLERTECHNICIANROLE
Column Name found in Datamart and Curated Table :: FIRSTDRIVERULE
Column Name found in Datamart and Curated Table :: HOME_ISMANUALCOORDINATES
Column Name found in Datamart and Curated Table :: NAVISIONEMPLOYEEID
Column Name found in Datamart and Curated Table :: PAYROLLID
Column Name found in Datamart and Curated Table :: PAYROLLPOSTINGGROUP_ID
Column Name found in Datamart and Curated Table :: SALESFACTOR
Column Name found in Datamart and Curated Table :: SALESFORCECONTACTID
Column Name found in Datamart and Curated Table :: PAYROLLREPORTVERSION
Column Name found in Datamart and Curated Table :: STANDARDWORKTYPECODE_ID
Column Name found in Datamart and Curated Table :: MUHULINK
Column Name found in Datamart and Curated Table :: COMMISSIONRATE
Column Name found in Datamart and Curated Table :: HOME_ISMILITARY
Column Name found in Datamart and Curated Table :: LICENSE
Column Name found in Datamart and Curated Table :: GOALIMAGE
Column Name found in Datamart and Curated Table :: IMPORTID
Column Name found in Datamart and Curated Table :: MOBILEPHONECONFIRMED
Column Name found in Datamart and Curated Table :: PAYTYPE
Column Name found in Datamart and Curated Table :: MANAGER_ID
Column Name found in Datamart and Curated Table :: SHIFTSTART
Column Name found in Datamart and Curated Table :: NAME
Column Name found in Datamart and Curated Table :: ADDONSOLOCOMMISSIONRATE
Column Name found in Datamart and Curated Table :: BIO
Column Name found in Datamart and Curated Table :: BUSINESSUNIT_ID
Column Name found in Datamart and Curated Table :: HOME_CITY
Column Name found in Datamart and Curated Table :: ID
Column Name found in Datamart and Curated Table :: ISMANAGEDTECH
Column Name found in Datamart and Curated Table :: PROJECTLABELS
Column Name found in Datamart and Curated Table :: SCHEDULEDSOLOCOMMISSIONRATE
Column Name found in Datamart and Curated Table :: BIRTHDATE
Column Name found in Datamart and Curated Table :: HOME_COUNTRY
Column Name found in Datamart and Curated Table :: PHOTO
Column Name found in Datamart and Curated Table :: TURNOVERBONUS
Column Name found in Datamart and Curated Table :: USER_ID
Column Name found in Datamart and Curated Table :: WILLIAMSTECHNICIANROLE
Column Name found in Datamart and Curated Table :: ZONE_ID
Column Name found in Datamart and Curated Table :: OVERTIMEPROFILE_ID
Column Name found in Datamart and Curated Table :: CREATEDON
Column Name found in Datamart and Curated Table :: TODAYREVENUE_TECHNICIAN
Column Name found in Datamart and Curated Table :: ACTIVE
Column Name found in Datamart and Curated Table :: DEFAULTPAYROLLADJUSTMENTRATE
Column Name found in Datamart and Curated Table :: ISAUTODISPATCHED
Column Name found in Datamart and Curated Table :: LASTNAME
Column Name found in Datamart and Curated Table :: ISEXTERNAL
Column Name found in Datamart and Curated Table :: SHIFTEND
Column Name found in Datamart and Curated Table :: SCHEDULEDCREWSPLITCOMMISSIONRATE
Column Name found in Datamart and Curated Table :: DAILYGOAL
Column Name found in Datamart and Curated Table :: APPOINTMENT_ID
Column Name found in Datamart and Curated Table :: BURDENRATE
Column Name found in Datamart and Curated Table :: HOME_ZIP
Column Name found in Datamart and Curated Table :: PAYROLLSTARTPERIOD
Column Name found in Datamart and Curated Table :: STATUSUPDATEDON
Column Name found in Datamart and Curated Table :: OVERTIMEWORKTYPECODE_ID
Column Name found in Datamart and Curated Table :: PAYROLLPROFILE_ID
Column Name found in Datamart and Curated Table :: PAYROLLROLE
Column Name found in Datamart and Curated Table :: PAYROLLSTARTDATE
Column Name found in Datamart and Curated Table :: SOLDBYRATE
Column Name not found in Datamart and Curated Table :: ISEXCLUDEDFROMPAYROLL
Column Name found in Datamart and Curated Table :: COORDINATESUPDATEDON
Column Name found in Datamart and Curated Table :: EMAIL
Column Name found in Datamart and Curated Table :: EMAILCONFIRMED
Column Name found in Datamart and Curated Table :: HOME_LATITUDE
Column Name found in Datamart and Curated Table :: OVERTIMEPAYROLLCONTROLCODE_ID
Column Name found in Datamart and Curated Table :: PAYPERIOD
Column Name found in Datamart and Curated Table :: STANDARDPAYROLLCONTROLCODE_ID
Column Name found in Datamart and Curated Table :: CHECKEDIN
Column Name found in Datamart and Curated Table :: DEFAULTLABORTYPE_ID
Column Name found in Datamart and Curated Table :: JOBFILTER
Column Name found in Datamart and Curated Table :: PAYFREQUENCY_ID
Column Name found in Datamart and Curated Table :: MOBILEPHONE
Column Name found in Datamart and Curated Table :: OUTBOUNDCALLERID
Column Name found in Datamart and Curated Table :: SCHEDULEDMULTITECHCOMMISSIONRATE
Column Name found in Datamart and Curated Table :: STARTDATE
Column Name found in Datamart and Curated Table :: CURRENTVALUE
Column Name found in Datamart and Curated Table :: DEDUCTCOMMUTETIMEFROMFIRSTDRIVE
Column Name found in Datamart and Curated Table :: FIRSTNAME
Column Name found in Datamart and Curated Table :: MEALTIME
Column Name found in Datamart and Curated Table :: MEMO
Column Name found in Datamart and Curated Table :: PHONECONFIRMED
Column Name found in Datamart and Curated Table :: SHOWJOBAPPOINTMENTRESCHEDULEALERT
Column Name found in Datamart and Curated Table :: DISPATCHNOTIFICATIONS
Column Name found in Datamart and Curated Table :: JOB_ID
Column Name found in Datamart and Curated Table :: LATITUDE
Column Name found in Datamart and Curated Table :: MIDDLENAME
Column Name found in Datamart and Curated Table :: ROUTESTATISTICS_TECHNICIAN
Column Name found in Datamart and Curated Table :: CREATEDBY_ID
Column Name found in Datamart and Curated Table :: PHONE
Column Name found in Datamart and Curated Table :: QBREPID
Column Name found in Datamart and Curated Table :: SMARTDISPATCHSETTINGS_TECHNICIAN
Column Name found in Datamart and Curated Table :: STATUS
Column Name found in Datamart and Curated Table :: UNION
Column Name found in Datamart and Curated Table :: HOME_UNIT
Column Name found in Datamart and Curated Table :: HOURLYRATE
Column Name found in Datamart and Curated Table :: INVENTORYWAREHOUSENAME
Column Name found in Datamart and Curated Table :: INVOICINGHOURLYRATE
Column Name found in Datamart and Curated Table :: TYPE
Column Name found in Datamart and Curated Table :: ADDONMULTITECHCOMMISSIONRATE
Column Name found in Datamart and Curated Table :: COLOR
Column Name found in Datamart and Curated Table :: HOME_STATE
Column Name found in Datamart and Curated Table :: MODIFIEDON
Column Name found in Datamart and Curated Table :: OVERALLSALESFACTOR_TECHNICIAN
Column Name found in Datamart and Curated Table :: POSITION
Column Name found in Datamart and Curated Table :: TEAM
Column Name found in Datamart and Curated Table :: COMMUTETIME
Column Name found in Datamart and Curated Table :: HOME_LONGITUDE
Column Name found in Datamart and Curated Table :: HOME_STREET
Column Name found in Datamart and Curated Table :: LOCATION_TECHNICIAN
Column Name found in Datamart and Curated Table :: OVERTIMEMODE
Column Name found in Datamart and Curated Table :: PROJECTEDVALUE
Column Name found in Datamart and Curated Table :: LONGITUDE
Column Name found in Datamart and Curated Table :: TRUCK_ID
Column Name found in Datamart and Curated Table :: TENANT_TYPE
Datamart tables contains additional column name like [ACTIVE_FLAG, RECORD_CREATE_DATE, RECORD_UPDATE_DATE, MASTER_ID]
Curated tables contains additional column name like [RECORD_CREATE_DATE, RECORD_UPDATE_DATE, RECORD_UPDATED_BY]]]>
  </system-out>
  <testcase classname="testcases.RAW_DATAMART_CURATED.SnowFlake_ColumnValidation_APITables" name="validateColumnName_BKP" time="2.382"/>
  <system-out>
    <![CDATA[Executing Snowflake query :: SELECT COLUMN_NAME FROM DEV_ENT_RAW.INFORMATION_SCHEMA.COLUMNS WHERE TABLE_NAME='ST_API_JOBAPPOINTMENT'and TABLE_SCHEMA='API_MAT'
Executing Snowflake query :: SELECT COLUMN_NAME FROM CURATED_DATAMART.INFORMATION_SCHEMA.COLUMNS WHERE TABLE_NAME='STR_API_JOBAPPOINTMENT'and TABLE_SCHEMA='ST_API_EANESHEATING'
Executing Snowflake query :: SELECT COLUMN_NAME FROM DEV_ENT_CURATED.INFORMATION_SCHEMA.COLUMNS WHERE TABLE_NAME='DIM_JOBAPPOINTMENT'and TABLE_SCHEMA='MASTER_DIMENSIONS'
Column names for RAW Table --> ST_API_JOBAPPOINTMENT :: [END, SMARTDISPATCHDATA_JOBAPPOINTMENT, STATUS, JOB_ID, PLANEND, CREATEDON, IMPORTID, ISCONFIRMED, MODIFIEDON, START, NUMBER, CREATEDBY_ID, ID, ACTIVE, PLANSTART, ISUNUSED, MONTHNUMBER, TENANT_TYPE]
Column names for DataMart Table --> STR_API_JOBAPPOINTMENT :: [ACTIVE, CREATEDON, MODIFIEDON, SMARTDISPATCHDATA_JOBAPPOINTMENT, TENANT_TYPE, RECORD_CREATE_DATE, START, STATUS, END, IMPORTID, ISUNUSED, MASTER_ID, NUMBER, RECORD_UPDATE_DATE, ID, PLANEND, MONTHNUMBER, CREATEDBY_ID, PLANSTART, ACTIVE_FLAG, JOB_ID, ISCONFIRMED]
Column names for Curated Table --> DIM_JOBAPPOINTMENT :: [END, SMARTDISPATCHDATA_JOBAPPOINTMENT, ACTIVE, CREATEDBY_ID, IMPORTID, ISUNUSED, START, ID, JOB_ID, MONTHNUMBER, PLANEND, RECORD_UPDATE_DATE, CREATEDON, RECORD_CREATE_DATE, TENANT_TYPE, PLANSTART, ISCONFIRMED, NUMBER, SPECIALINSTRUCTIONS, STATUS, MODIFIEDON, RECORD_UPDATED_BY]
Column Name found in Datamart and Curated Table :: END
Column Name found in Datamart and Curated Table :: SMARTDISPATCHDATA_JOBAPPOINTMENT
Column Name found in Datamart and Curated Table :: STATUS
Column Name found in Datamart and Curated Table :: JOB_ID
Column Name found in Datamart and Curated Table :: PLANEND
Column Name found in Datamart and Curated Table :: CREATEDON
Column Name found in Datamart and Curated Table :: IMPORTID
Column Name found in Datamart and Curated Table :: ISCONFIRMED
Column Name found in Datamart and Curated Table :: MODIFIEDON
Column Name found in Datamart and Curated Table :: START
Column Name found in Datamart and Curated Table :: NUMBER
Column Name found in Datamart and Curated Table :: CREATEDBY_ID
Column Name found in Datamart and Curated Table :: ID
Column Name found in Datamart and Curated Table :: ACTIVE
Column Name found in Datamart and Curated Table :: PLANSTART
Column Name found in Datamart and Curated Table :: ISUNUSED
Column Name found in Datamart and Curated Table :: MONTHNUMBER
Column Name found in Datamart and Curated Table :: TENANT_TYPE
Datamart tables contains additional column name like [ACTIVE_FLAG, RECORD_CREATE_DATE, RECORD_UPDATE_DATE, MASTER_ID]
Curated tables contains additional column name like [RECORD_CREATE_DATE, RECORD_UPDATE_DATE, RECORD_UPDATED_BY]]]>
  </system-out>
  <testcase classname="testcases.RAW_DATAMART_CURATED.SnowFlake_ColumnValidation_APITables" name="validateColumnName_BKP" time="2.187"/>
  <system-out>
    <![CDATA[Executing Snowflake query :: SELECT COLUMN_NAME FROM DEV_ENT_RAW.INFORMATION_SCHEMA.COLUMNS WHERE TABLE_NAME='ST_API_NONJOBAPPOINTMENT'and TABLE_SCHEMA='API_MAT'
Executing Snowflake query :: SELECT COLUMN_NAME FROM CURATED_DATAMART.INFORMATION_SCHEMA.COLUMNS WHERE TABLE_NAME='STR_API_NONJOBAPPOINTMENT'and TABLE_SCHEMA='ST_API_HARP'
Executing Snowflake query :: SELECT COLUMN_NAME FROM DEV_ENT_CURATED.INFORMATION_SCHEMA.COLUMNS WHERE TABLE_NAME='DIM_NONJOBAPPOINTMENT'and TABLE_SCHEMA='MASTER_DIMENSIONS'
Column names for RAW Table --> ST_API_NONJOBAPPOINTMENT :: [CREATEDBY_ID, IMPORTID, ALLDAY, DEFINITION_ID, ISCOMPLETED, TIMESHEETCODE_ID, CLEARDISPATCHBOARD, ACTIVE, CLEARTECHNICIANVIEW, REMOVETECHNICIANFROMCAPACITYPLANNING, SUMMARY, ID, TECHNICIAN_ID, CREATEDON, TIMESHEET_ID, NAME, EXPECTEDDURATION, START, DURATION, TENANT_TYPE]
Column names for DataMart Table --> STR_API_NONJOBAPPOINTMENT :: [CREATEDBY_ID, RECORD_CREATE_DATE, RECORD_UPDATE_DATE, IMPORTID, ISCOMPLETED, DEFINITION_ID, DURATION, REMOVETECHNICIANFROMCAPACITYPLANNING, CREATEDON, ID, SUMMARY, TIMESHEET_ID, EXPECTEDDURATION, ALLDAY, NAME, TIMESHEETCODE_ID, TENANT_TYPE, TECHNICIAN_ID, MASTER_ID, START, CLEARDISPATCHBOARD, ACTIVE, ACTIVE_FLAG, CLEARTECHNICIANVIEW]
Column names for Curated Table --> DIM_NONJOBAPPOINTMENT :: [IMPORTID, RECORD_UPDATE_DATE, TIMESHEET_ID, ID, ISCOMPLETED, CREATEDON, RECORD_UPDATED_BY, START, CLEARTECHNICIANVIEW, DURATION, EXPECTEDDURATION, ALLDAY, CLEARDISPATCHBOARD, RECORD_CREATE_DATE, TENANT_TYPE, TIMESHEETCODE_ID, NAME, DEFINITION_ID, SUMMARY, ACTIVE, CREATEDBY_ID, REMOVETECHNICIANFROMCAPACITYPLANNING, TECHNICIAN_ID]
Column Name found in Datamart and Curated Table :: CREATEDBY_ID
Column Name found in Datamart and Curated Table :: IMPORTID
Column Name found in Datamart and Curated Table :: ALLDAY
Column Name found in Datamart and Curated Table :: DEFINITION_ID
Column Name found in Datamart and Curated Table :: ISCOMPLETED
Column Name found in Datamart and Curated Table :: TIMESHEETCODE_ID
Column Name found in Datamart and Curated Table :: CLEARDISPATCHBOARD
Column Name found in Datamart and Curated Table :: ACTIVE
Column Name found in Datamart and Curated Table :: CLEARTECHNICIANVIEW
Column Name found in Datamart and Curated Table :: REMOVETECHNICIANFROMCAPACITYPLANNING
Column Name found in Datamart and Curated Table :: SUMMARY
Column Name found in Datamart and Curated Table :: ID
Column Name found in Datamart and Curated Table :: TECHNICIAN_ID
Column Name found in Datamart and Curated Table :: CREATEDON
Column Name found in Datamart and Curated Table :: TIMESHEET_ID
Column Name found in Datamart and Curated Table :: NAME
Column Name found in Datamart and Curated Table :: EXPECTEDDURATION
Column Name found in Datamart and Curated Table :: START
Column Name found in Datamart and Curated Table :: DURATION
Column Name found in Datamart and Curated Table :: TENANT_TYPE
Datamart tables contains additional column name like [ACTIVE_FLAG, RECORD_CREATE_DATE, RECORD_UPDATE_DATE, MASTER_ID]
Curated tables contains additional column name like [RECORD_CREATE_DATE, RECORD_UPDATE_DATE, RECORD_UPDATED_BY]]]>
  </system-out>
  <testcase classname="testcases.RAW_DATAMART_CURATED.SnowFlake_ColumnValidation_APITables" name="validateColumnName_BKP" time="2.642">
    <failure message="The following asserts failed:
	null,
	null" type="java.lang.AssertionError">
      <![CDATA[java.lang.AssertionError: The following asserts failed:
null,
null
at org.testng.asserts.SoftAssert.assertAll(SoftAssert.java:47)
at org.testng.asserts.SoftAssert.assertAll(SoftAssert.java:31)
at testcases.RAW_DATAMART_CURATED.SnowFlake_ColumnValidation_APITables.validateColumnName_BKP(SnowFlake_ColumnValidation_APITables.java:128)
at jdk.internal.reflect.GeneratedMethodAccessor38.invoke(Unknown Source)
at java.base/jdk.internal.reflect.DelegatingMethodAccessorImpl.invoke(DelegatingMethodAccessorImpl.java:43)
at java.base/java.lang.reflect.Method.invoke(Method.java:568)
at org.testng.internal.MethodInvocationHelper.invokeMethod(MethodInvocationHelper.java:133)
at org.testng.internal.TestInvoker.invokeMethod(TestInvoker.java:598)
at org.testng.internal.TestInvoker.invokeTestMethod(TestInvoker.java:173)
at org.testng.internal.MethodRunner.runInSequence(MethodRunner.java:46)
at org.testng.internal.TestInvoker$MethodInvocationAgent.invoke(TestInvoker.java:824)
at org.testng.internal.TestInvoker.invokeTestMethods(TestInvoker.java:146)
at org.testng.internal.TestMethodWorker.invokeTestMethods(TestMethodWorker.java:146)
at org.testng.internal.TestMethodWorker.run(TestMethodWorker.java:128)
at java.base/java.util.ArrayList.forEach(ArrayList.java:1511)
at org.testng.TestRunner.privateRun(TestRunner.java:794)
at org.testng.TestRunner.run(TestRunner.java:596)
at org.testng.SuiteRunner.runTest(SuiteRunner.java:377)
at org.testng.SuiteRunner.runSequentially(SuiteRunner.java:371)
at org.testng.SuiteRunner.privateRun(SuiteRunner.java:332)
at org.testng.SuiteRunner.run(SuiteRunner.java:276)
at org.testng.SuiteRunnerWorker.runSuite(SuiteRunnerWorker.java:53)
at org.testng.SuiteRunnerWorker.run(SuiteRunnerWorker.java:96)
at org.testng.TestNG.runSuitesSequentially(TestNG.java:1212)
at org.testng.TestNG.runSuitesLocally(TestNG.java:1134)
at org.testng.TestNG.runSuites(TestNG.java:1063)
at org.testng.TestNG.run(TestNG.java:1031)
at org.testng.remote.AbstractRemoteTestNG.run(AbstractRemoteTestNG.java:115)
at org.testng.remote.RemoteTestNG.initAndRun(RemoteTestNG.java:251)
at org.testng.remote.RemoteTestNG.main(RemoteTestNG.java:77)
]]>
    </failure>
  </testcase> <!-- validateColumnName_BKP -->
  <system-out>
    <![CDATA[Executing Snowflake query :: SELECT COLUMN_NAME FROM DEV_ENT_RAW.INFORMATION_SCHEMA.COLUMNS WHERE TABLE_NAME='ST_API_PROJECT'and TABLE_SCHEMA='API_MAT'
Executing Snowflake query :: SELECT COLUMN_NAME FROM CURATED_DATAMART.INFORMATION_SCHEMA.COLUMNS WHERE TABLE_NAME='STR_API_PROJECT'and TABLE_SCHEMA='ST_API_HENDERSON'
Executing Snowflake query :: SELECT COLUMN_NAME FROM DEV_ENT_CURATED.INFORMATION_SCHEMA.COLUMNS WHERE TABLE_NAME='DIM_PROJECT'and TABLE_SCHEMA='MASTER_DIMENSIONS'
Column names for RAW Table --> ST_API_PROJECT :: [ACTIVE, AREITEMSREORDERED, CUSTOMER_ID, NAME, NUMBER, PROJECTSETTINGSTYPE, TECHNICIANSIGNATURE, SUMMARY, MODIFIEDON, ACKNOWLEDGEMENTSIGNATURE, COMPLETEDON, COMPLETIONPERCENT, COSTTOCOMPLETE, CREATEDBY_ID, CREATEDON, IMPORTID, COMPLETEDONACTUAL, ID, CONTRACTESTIMATE_ID, AUTHORIZATIONSIGNATURE, CONTRACTSTARTDATE, STARTEDON, CONTRACTFOR, ISRETAINAGEENABLED, ISPREVAILINGWAGE, LOCATION_ID, PAYMENTTERM_ID, RETAINAGEPERCENT, REVENUERECOGNITIONMETHOD, TENANT_TYPE]
Column names for DataMart Table --> STR_API_PROJECT :: [AREITEMSREORDERED, COMPLETIONPERCENT, CONTRACTFOR, CONTRACTSTARTDATE, RECORD_UPDATE_DATE, NAME, CREATEDBY_ID, NUMBER, COMPLETEDONACTUAL, IMPORTID, MD5_VALUE, PROJECTSETTINGSTYPE, ISRETAINAGEENABLED, MODIFIEDON, ACKNOWLEDGEMENTSIGNATURE, AUTHORIZATIONSIGNATURE, TENANT_TYPE, ACTIVE, ACTIVE_FLAG, CREATEDON, RETAINAGEPERCENT, LOCATION_ID, STARTEDON, SUMMARY, CUSTOMER_ID, MASTER_ID, PAYMENTTERM_ID, COMPLETEDON, ISPREVAILINGWAGE, RECORD_CREATE_DATE, TECHNICIANSIGNATURE, CONTRACTESTIMATE_ID, ID]
Column names for Curated Table --> DIM_PROJECT :: [RECORD_UPDATE_DATE, ACTIVE, AUTHORIZATIONSIGNATURE, COMPLETEDON, RETAINAGEPERCENT, IMPORTID, CONTRACTFOR, CONTRACTSTARTDATE, ID, ISRETAINAGEENABLED, RECORD_CREATE_DATE, RECORD_UPDATED_BY, TENANT_TYPE, PROJECTSETTINGSTYPE, TECHNICIANSIGNATURE, ISPREVAILINGWAGE, MD5_VALUE, NAME, PAYMENTTERM_ID, COMPLETEDONACTUAL, CUSTOMER_ID, NUMBER, AREITEMSREORDERED, CREATEDON, LOCATION_ID, MODIFIEDON, STARTEDON, ACKNOWLEDGEMENTSIGNATURE, COMPLETIONPERCENT, CONTRACTESTIMATE_ID, SUMMARY, CREATEDBY_ID, REVENUERECOGNITIONMETHOD]
Column Name found in Datamart and Curated Table :: ACTIVE
Column Name found in Datamart and Curated Table :: AREITEMSREORDERED
Column Name found in Datamart and Curated Table :: CUSTOMER_ID
Column Name found in Datamart and Curated Table :: NAME
Column Name found in Datamart and Curated Table :: NUMBER
Column Name found in Datamart and Curated Table :: PROJECTSETTINGSTYPE
Column Name found in Datamart and Curated Table :: TECHNICIANSIGNATURE
Column Name found in Datamart and Curated Table :: SUMMARY
Column Name found in Datamart and Curated Table :: MODIFIEDON
Column Name found in Datamart and Curated Table :: ACKNOWLEDGEMENTSIGNATURE
Column Name found in Datamart and Curated Table :: COMPLETEDON
Column Name found in Datamart and Curated Table :: COMPLETIONPERCENT
Column Name not found in Datamart and Curated Table :: COSTTOCOMPLETE
Column Name found in Datamart and Curated Table :: CREATEDBY_ID
Column Name found in Datamart and Curated Table :: CREATEDON
Column Name found in Datamart and Curated Table :: IMPORTID
Column Name found in Datamart and Curated Table :: COMPLETEDONACTUAL
Column Name found in Datamart and Curated Table :: ID
Column Name found in Datamart and Curated Table :: CONTRACTESTIMATE_ID
Column Name found in Datamart and Curated Table :: AUTHORIZATIONSIGNATURE
Column Name found in Datamart and Curated Table :: CONTRACTSTARTDATE
Column Name found in Datamart and Curated Table :: STARTEDON
Column Name found in Datamart and Curated Table :: CONTRACTFOR
Column Name found in Datamart and Curated Table :: ISRETAINAGEENABLED
Column Name found in Datamart and Curated Table :: ISPREVAILINGWAGE
Column Name found in Datamart and Curated Table :: LOCATION_ID
Column Name found in Datamart and Curated Table :: PAYMENTTERM_ID
Column Name found in Datamart and Curated Table :: RETAINAGEPERCENT
Column Name not found in Datamart and Curated Table :: REVENUERECOGNITIONMETHOD
Column Name found in Datamart and Curated Table :: TENANT_TYPE
Datamart tables contains additional column name like [ACTIVE_FLAG, RECORD_CREATE_DATE, RECORD_UPDATE_DATE, MASTER_ID]
Curated tables contains additional column name like [RECORD_CREATE_DATE, RECORD_UPDATE_DATE, RECORD_UPDATED_BY]]]>
  </system-out>
  <testcase classname="testcases.RAW_DATAMART_CURATED.SnowFlake_ColumnValidation_APITables" name="validateColumnName_BKP" time="2.557"/>
  <system-out>
    <![CDATA[Executing Snowflake query :: SELECT COLUMN_NAME FROM DEV_ENT_RAW.INFORMATION_SCHEMA.COLUMNS WHERE TABLE_NAME='ST_API_EQUIPMENT'and TABLE_SCHEMA='API_MAT'
Executing Snowflake query :: SELECT COLUMN_NAME FROM CURATED_DATAMART.INFORMATION_SCHEMA.COLUMNS WHERE TABLE_NAME='STR_API_EQUIPMENT'and TABLE_SCHEMA='ST_API_HDAIR'
Executing Snowflake query :: SELECT COLUMN_NAME FROM DEV_ENT_CURATED.INFORMATION_SCHEMA.COLUMNS WHERE TABLE_NAME='DIM_EQUIPMENT'and TABLE_SCHEMA='MASTER_DIMENSIONS'
Column names for RAW Table --> ST_API_EQUIPMENT :: [BUSINESSUNIT_ID, HOURS, IMPORTID, TAXABLE, MANUFACTURER, MODIFIEDON, NAME, PAYSSOLDBYRATE, PAYTECHSPECIFICBONUS, SCHEDULEDFLATAMOUNT, SOURCEVERSION, ACCOUNT, CREATEDBY_ID, SOURCE, WARRANTYRESERVE, BONUS, ADDONMEMBERPRICE, COST, ISSERIALIZED, MANUFACTURERWARRANTY_DESCRIPTION, EXCLUDEFROMPRICEBOOKWIZARD, ORIGINAL_ID, PRIMARYVENDOR_ID, ALLOWDISCOUNTS, COPIEDFROM_ID, CREATEDON, PAYSFLATAMOUNT, SERIALIZEDON, DISPLAYNAME, ACTIVE, ARCHIVED, AVALARACOMMERCIALTAXCODE, CROSSSALEGROUP, PAYSCOMMISSION, UNITOFMEASURE, DISPLAYINAMOUNT, EXTERNALID, ID, INVENTORYENABLEDON, SUPPLIERIMAGES, SYNCDATE, ADDONFLATAMOUNT, ISINVENTORY, TYPE_ID, SERVICEPROVIDERWARRANTY_DURATION, AVALARARESIDENTIALTAXCODE, COMMISSIONBONUS, IMAGES, MODEL, INVENTORYENABLEDBY_ID, PRICE, ADDONPRICE, ASSETACCOUNT_ID, CATEGORY_ID, GENERALLEDGERACCOUNT_ID, LOYALTYPROGRAMELIGIBLE, COSTOFSALEACCOUNT_ID, DESCRIPTION, MANUFACTURERWARRANTY_DURATION, PROVIDER_ID, SERVICEPROVIDERWARRANTY_DESCRIPTION, MEMBERPRICE, TENANT_TYPE]
Column names for DataMart Table --> STR_API_EQUIPMENT :: [INVENTORYENABLEDBY_ID, ORIGINAL_ID, PAYSCOMMISSION, SERVICEPROVIDERWARRANTY_DESCRIPTION, TYPE_ID, ACTIVE, ADDONFLATAMOUNT, ADDONPRICE, ASSETACCOUNT_ID, COST, CREATEDBY_ID, CREATEDON, DISPLAYINAMOUNT, DISPLAYNAME, MODIFIEDON, MANUFACTURERWARRANTY_DURATION, UNITOFMEASURE, MANUFACTURER, MEMBERPRICE, SCHEDULEDFLATAMOUNT, ARCHIVED, BRAND, CATEGORY_ID, LOYALTYPROGRAMELIGIBLE, MODEL, PAYSSOLDBYRATE, RECORD_UPDATE_DATE, PROVIDER_ID, SOURCEVERSION, WARRANTYRESERVE, MANUFACTURERWARRANTY_DESCRIPTION, PAYTECHSPECIFICBONUS, SUPPLIERIMAGES, AVALARARESIDENTIALTAXCODE, BONUS, COPIEDFROM_ID, EXTERNALID, PRIMARYVENDOR_ID, SOURCE, RECORD_CREATE_DATE, SERIALIZEDON, BUSINESSUNIT_ID, ID, IMPORTID, DESCRIPTION, GENERALLEDGERACCOUNT_ID, INVENTORYENABLEDON, SYNCDATE, ALLOWDISCOUNTS, TAXABLE, AVALARACOMMERCIALTAXCODE, CROSSSALEGROUP, ISINVENTORY, IMAGES, ACTIVE_FLAG, COMMISSIONBONUS, COSTOFSALEACCOUNT_ID, EXCLUDEFROMPRICEBOOKWIZARD, NAME, PAYSFLATAMOUNT, SERVICEPROVIDERWARRANTY_DURATION, HOURS, TENANT_TYPE, MASTER_ID, ACCOUNT, ADDONMEMBERPRICE, ISSERIALIZED, PRICE]
Column names for Curated Table --> DIM_EQUIPMENT :: [ASSETACCOUNT_ID, COMMISSIONBONUS, COSTOFSALEACCOUNT_ID, MODEL, SCHEDULEDFLATAMOUNT, COPIEDFROM_ID, ISSERIALIZED, PAYSFLATAMOUNT, PAYTECHSPECIFICBONUS, RECORD_CREATE_DATE, SERVICEPROVIDERWARRANTY_DURATION, ID, AVALARACOMMERCIALTAXCODE, BONUS, HOURS, LOYALTYPROGRAMELIGIBLE, SOURCE, SERIALIZEDON, ADDONPRICE, EXCLUDEFROMPRICEBOOKWIZARD, PAYSCOMMISSION, ISINVENTORY, MODIFIEDON, ACTIVE, ADDONMEMBERPRICE, CREATEDON, EXTERNALID, PRIMARYVENDOR_ID, BUSINESSUNIT_ID, NAME, PAYSSOLDBYRATE, SYNCDATE, AVALARARESIDENTIALTAXCODE, BRAND, CREATEDBY_ID, DISPLAYINAMOUNT, MANUFACTURERWARRANTY_DESCRIPTION, TENANT_TYPE, MANUFACTURER, PROVIDER_ID, SOURCEVERSION, RECORD_UPDATED_BY, ACCOUNT, ADDONFLATAMOUNT, COST, DISPLAYNAME, INVENTORYENABLEDBY_ID, TAXABLE, ARCHIVED, RECORD_UPDATE_DATE, DESCRIPTION, CATEGORY_ID, ALLOWDISCOUNTS, GENERALLEDGERACCOUNT_ID, INVENTORYENABLEDON, PRICE, TYPE_ID, SUPPLIERIMAGES, UNITOFMEASURE, CROSSSALEGROUP, IMAGES, IMPORTID, ORIGINAL_ID, SERVICEPROVIDERWARRANTY_DESCRIPTION, MEMBERPRICE, WARRANTYRESERVE, MANUFACTURERWARRANTY_DURATION]
Column Name found in Datamart and Curated Table :: BUSINESSUNIT_ID
Column Name found in Datamart and Curated Table :: HOURS
Column Name found in Datamart and Curated Table :: IMPORTID
Column Name found in Datamart and Curated Table :: TAXABLE
Column Name found in Datamart and Curated Table :: MANUFACTURER
Column Name found in Datamart and Curated Table :: MODIFIEDON
Column Name found in Datamart and Curated Table :: NAME
Column Name found in Datamart and Curated Table :: PAYSSOLDBYRATE
Column Name found in Datamart and Curated Table :: PAYTECHSPECIFICBONUS
Column Name found in Datamart and Curated Table :: SCHEDULEDFLATAMOUNT
Column Name found in Datamart and Curated Table :: SOURCEVERSION
Column Name found in Datamart and Curated Table :: ACCOUNT
Column Name found in Datamart and Curated Table :: CREATEDBY_ID
Column Name found in Datamart and Curated Table :: SOURCE
Column Name found in Datamart and Curated Table :: WARRANTYRESERVE
Column Name found in Datamart and Curated Table :: BONUS
Column Name found in Datamart and Curated Table :: ADDONMEMBERPRICE
Column Name found in Datamart and Curated Table :: COST
Column Name found in Datamart and Curated Table :: ISSERIALIZED
Column Name found in Datamart and Curated Table :: MANUFACTURERWARRANTY_DESCRIPTION
Column Name found in Datamart and Curated Table :: EXCLUDEFROMPRICEBOOKWIZARD
Column Name found in Datamart and Curated Table :: ORIGINAL_ID
Column Name found in Datamart and Curated Table :: PRIMARYVENDOR_ID
Column Name found in Datamart and Curated Table :: ALLOWDISCOUNTS
Column Name found in Datamart and Curated Table :: COPIEDFROM_ID
Column Name found in Datamart and Curated Table :: CREATEDON
Column Name found in Datamart and Curated Table :: PAYSFLATAMOUNT
Column Name found in Datamart and Curated Table :: SERIALIZEDON
Column Name found in Datamart and Curated Table :: DISPLAYNAME
Column Name found in Datamart and Curated Table :: ACTIVE
Column Name found in Datamart and Curated Table :: ARCHIVED
Column Name found in Datamart and Curated Table :: AVALARACOMMERCIALTAXCODE
Column Name found in Datamart and Curated Table :: CROSSSALEGROUP
Column Name found in Datamart and Curated Table :: PAYSCOMMISSION
Column Name found in Datamart and Curated Table :: UNITOFMEASURE
Column Name found in Datamart and Curated Table :: DISPLAYINAMOUNT
Column Name found in Datamart and Curated Table :: EXTERNALID
Column Name found in Datamart and Curated Table :: ID
Column Name found in Datamart and Curated Table :: INVENTORYENABLEDON
Column Name found in Datamart and Curated Table :: SUPPLIERIMAGES
Column Name found in Datamart and Curated Table :: SYNCDATE
Column Name found in Datamart and Curated Table :: ADDONFLATAMOUNT
Column Name found in Datamart and Curated Table :: ISINVENTORY
Column Name found in Datamart and Curated Table :: TYPE_ID
Column Name found in Datamart and Curated Table :: SERVICEPROVIDERWARRANTY_DURATION
Column Name found in Datamart and Curated Table :: AVALARARESIDENTIALTAXCODE
Column Name found in Datamart and Curated Table :: COMMISSIONBONUS
Column Name found in Datamart and Curated Table :: IMAGES
Column Name found in Datamart and Curated Table :: MODEL
Column Name found in Datamart and Curated Table :: INVENTORYENABLEDBY_ID
Column Name found in Datamart and Curated Table :: PRICE
Column Name found in Datamart and Curated Table :: ADDONPRICE
Column Name found in Datamart and Curated Table :: ASSETACCOUNT_ID
Column Name found in Datamart and Curated Table :: CATEGORY_ID
Column Name found in Datamart and Curated Table :: GENERALLEDGERACCOUNT_ID
Column Name found in Datamart and Curated Table :: LOYALTYPROGRAMELIGIBLE
Column Name found in Datamart and Curated Table :: COSTOFSALEACCOUNT_ID
Column Name found in Datamart and Curated Table :: DESCRIPTION
Column Name found in Datamart and Curated Table :: MANUFACTURERWARRANTY_DURATION
Column Name found in Datamart and Curated Table :: PROVIDER_ID
Column Name found in Datamart and Curated Table :: SERVICEPROVIDERWARRANTY_DESCRIPTION
Column Name found in Datamart and Curated Table :: MEMBERPRICE
Column Name found in Datamart and Curated Table :: TENANT_TYPE
Datamart tables contains additional column name like [ACTIVE_FLAG, RECORD_CREATE_DATE, RECORD_UPDATE_DATE, MASTER_ID]
Curated tables contains additional column name like [RECORD_CREATE_DATE, RECORD_UPDATE_DATE, RECORD_UPDATED_BY]]]>
  </system-out>
  <testcase classname="testcases.RAW_DATAMART_CURATED.SnowFlake_ColumnValidation_APITables" name="validateColumnName_BKP" time="5.520"/>
  <system-out>
    <![CDATA[Executing Snowflake query :: SELECT COLUMN_NAME FROM DEV_ENT_RAW.INFORMATION_SCHEMA.COLUMNS WHERE TABLE_NAME='ST_API_MATERIALVENDORSUBACCOUNT'and TABLE_SCHEMA='API_MAT'
Executing Snowflake query :: SELECT COLUMN_NAME FROM CURATED_DATAMART.INFORMATION_SCHEMA.COLUMNS WHERE TABLE_NAME='STR_API_MATERIALVENDORSUBACCOUNT'and TABLE_SCHEMA='ST_API_HENDERSON'
Executing Snowflake query :: SELECT COLUMN_NAME FROM DEV_ENT_CURATED.INFORMATION_SCHEMA.COLUMNS WHERE TABLE_NAME='DIM_MATERIALVENDORSUBACCOUNT'and TABLE_SCHEMA='MASTER_DIMENSIONS'
Column names for RAW Table --> ST_API_MATERIALVENDORSUBACCOUNT :: [MATERIALVENDOR_ID, ACCOUNTNAME, ACTIVE, COST, CREATEDBY_ID, ID, CREATEDON, IMPORTID, TENANT_TYPE]
Column names for DataMart Table --> STR_API_MATERIALVENDORSUBACCOUNT :: [ACCOUNTNAME, ID, IMPORTID, RECORD_CREATE_DATE, RECORD_UPDATE_DATE, COST, MATERIALVENDOR_ID, ACTIVE, CREATEDON, CREATEDBY_ID, MASTER_ID, TENANT_TYPE, ACTIVE_FLAG]
Column names for Curated Table --> DIM_MATERIALVENDORSUBACCOUNT :: [RECORD_CREATE_DATE, IMPORTID, ACTIVE, CREATEDBY_ID, CREATEDON, ID, RECORD_UPDATE_DATE, TENANT_TYPE, RECORD_UPDATED_BY, ACCOUNTNAME, MATERIALVENDOR_ID, COST]
Column Name found in Datamart and Curated Table :: MATERIALVENDOR_ID
Column Name found in Datamart and Curated Table :: ACCOUNTNAME
Column Name found in Datamart and Curated Table :: ACTIVE
Column Name found in Datamart and Curated Table :: COST
Column Name found in Datamart and Curated Table :: CREATEDBY_ID
Column Name found in Datamart and Curated Table :: ID
Column Name found in Datamart and Curated Table :: CREATEDON
Column Name found in Datamart and Curated Table :: IMPORTID
Column Name found in Datamart and Curated Table :: TENANT_TYPE
Datamart tables contains additional column name like [ACTIVE_FLAG, RECORD_CREATE_DATE, RECORD_UPDATE_DATE, MASTER_ID]
Curated tables contains additional column name like [RECORD_CREATE_DATE, RECORD_UPDATE_DATE, RECORD_UPDATED_BY]]]>
  </system-out>
  <testcase classname="testcases.RAW_DATAMART_CURATED.SnowFlake_ColumnValidation_APITables" name="validateColumnName_BKP" time="2.449"/>
  <system-out>
    <![CDATA[Executing Snowflake query :: SELECT COLUMN_NAME FROM DEV_ENT_RAW.INFORMATION_SCHEMA.COLUMNS WHERE TABLE_NAME='ST_API_CALL'and TABLE_SCHEMA='API_MAT'
Executing Snowflake query :: SELECT COLUMN_NAME FROM CURATED_DATAMART.INFORMATION_SCHEMA.COLUMNS WHERE TABLE_NAME='STR_API_CALL'and TABLE_SCHEMA='ST_API_HUTCHINSON'
Executing Snowflake query :: SELECT COLUMN_NAME FROM DEV_ENT_CURATED.INFORMATION_SCHEMA.COLUMNS WHERE TABLE_NAME='DIM_CALL'and TABLE_SCHEMA='MASTER_DIMENSIONS'
Column names for RAW Table --> ST_API_CALL :: [DURATION, CALLSERVICE, CREATEDON, CUSTOMER_ID, REASON_ID, RECORDINGURL, VOICEMAILPATH, CONVERSIONSCORE, TAG, AGENT_ID, DIRECTION, ESTIMATE_ID, FROM, STATUS, MODIFIEDON, EXCUSEMEMO, LOCATION_ID, RECORDINGID, SID, TO, IMPORTID, TYPE, JOB_ID, FOLLOWUP_ID, ID, REVIEWINGBY_ID, WONTREVIEW, ACTIVE, CAMPAIGN_ID, CREATEDBY_ID, REVIEWEDBY_ID, RECORDINGPATH, LEAD_ID, TENANT_TYPE]
Column names for DataMart Table --> STR_API_CALL :: [CAMPAIGN_ID, CONVERSIONSCORE, ESTIMATE_ID, JOB_ID, RECORD_CREATE_DATE, TYPE, TENANT_TYPE, DIRECTION, FOLLOWUP_ID, REVIEWINGBY_ID, TO, VOICEMAILPATH, RECORD_UPDATE_DATE, SID, WONTREVIEW, IMPORTID, ID, REASON_ID, RECORDINGID, ACTIVE, CUSTOMER_ID, STATUS, RECORDINGURL, ACTIVE_FLAG, LOCATION_ID, RECORDINGPATH, MODIFIEDON, AGENT_ID, FROM, CALLSERVICE, EXCUSEMEMO, TAG, CREATEDBY_ID, CREATEDON, DURATION, LEAD_ID, MASTER_ID, REVIEWEDBY_ID]
Column names for Curated Table --> DIM_CALL :: [ESTIMATE_ID, REASON_ID, WONTREVIEW, AGENT_ID, DIRECTION, FOLLOWUP_ID, LOCATION_ID, RECORDINGID, TAG, TYPE, CUSTOMER_ID, LEAD_ID, RECORDINGPATH, VOICEMAILPATH, STATUS, CONVERSIONSCORE, FROM, CREATEDBY_ID, DURATION, TENANT_TYPE, ACTIVE, CALLSERVICE, CAMPAIGN_ID, ID, RECORDINGURL, RECORD_UPDATE_DATE, RECORD_CREATE_DATE, JOB_ID, REVIEWEDBY_ID, TO, RECORD_UPDATED_BY, REVIEWINGBY_ID, SID, CREATEDON, EXCUSEMEMO, IMPORTID, MODIFIEDON]
Column Name found in Datamart and Curated Table :: DURATION
Column Name found in Datamart and Curated Table :: CALLSERVICE
Column Name found in Datamart and Curated Table :: CREATEDON
Column Name found in Datamart and Curated Table :: CUSTOMER_ID
Column Name found in Datamart and Curated Table :: REASON_ID
Column Name found in Datamart and Curated Table :: RECORDINGURL
Column Name found in Datamart and Curated Table :: VOICEMAILPATH
Column Name found in Datamart and Curated Table :: CONVERSIONSCORE
Column Name found in Datamart and Curated Table :: TAG
Column Name found in Datamart and Curated Table :: AGENT_ID
Column Name found in Datamart and Curated Table :: DIRECTION
Column Name found in Datamart and Curated Table :: ESTIMATE_ID
Column Name found in Datamart and Curated Table :: FROM
Column Name found in Datamart and Curated Table :: STATUS
Column Name found in Datamart and Curated Table :: MODIFIEDON
Column Name found in Datamart and Curated Table :: EXCUSEMEMO
Column Name found in Datamart and Curated Table :: LOCATION_ID
Column Name found in Datamart and Curated Table :: RECORDINGID
Column Name found in Datamart and Curated Table :: SID
Column Name found in Datamart and Curated Table :: TO
Column Name found in Datamart and Curated Table :: IMPORTID
Column Name found in Datamart and Curated Table :: TYPE
Column Name found in Datamart and Curated Table :: JOB_ID
Column Name found in Datamart and Curated Table :: FOLLOWUP_ID
Column Name found in Datamart and Curated Table :: ID
Column Name found in Datamart and Curated Table :: REVIEWINGBY_ID
Column Name found in Datamart and Curated Table :: WONTREVIEW
Column Name found in Datamart and Curated Table :: ACTIVE
Column Name found in Datamart and Curated Table :: CAMPAIGN_ID
Column Name found in Datamart and Curated Table :: CREATEDBY_ID
Column Name found in Datamart and Curated Table :: REVIEWEDBY_ID
Column Name found in Datamart and Curated Table :: RECORDINGPATH
Column Name found in Datamart and Curated Table :: LEAD_ID
Column Name found in Datamart and Curated Table :: TENANT_TYPE
Datamart tables contains additional column name like [ACTIVE_FLAG, RECORD_CREATE_DATE, RECORD_UPDATE_DATE, MASTER_ID]
Curated tables contains additional column name like [RECORD_CREATE_DATE, RECORD_UPDATE_DATE, RECORD_UPDATED_BY]]]>
  </system-out>
  <testcase classname="testcases.RAW_DATAMART_CURATED.SnowFlake_ColumnValidation_APITables" name="validateColumnName_BKP" time="3.007"/>
  <system-out>
    <![CDATA[Executing Snowflake query :: SELECT COLUMN_NAME FROM DEV_ENT_RAW.INFORMATION_SCHEMA.COLUMNS WHERE TABLE_NAME='ST_API_JOBASSIGNMENT'and TABLE_SCHEMA='API_MAT'
Executing Snowflake query :: SELECT COLUMN_NAME FROM CURATED_DATAMART.INFORMATION_SCHEMA.COLUMNS WHERE TABLE_NAME='STR_API_JOBASSIGNMENT'and TABLE_SCHEMA='ST_API_EANESHEATING'
Executing Snowflake query :: SELECT COLUMN_NAME FROM DEV_ENT_CURATED.INFORMATION_SCHEMA.COLUMNS WHERE TABLE_NAME='DIM_JOBASSIGNMENT'and TABLE_SCHEMA='MASTER_DIMENSIONS'
Column names for RAW Table --> ST_API_JOBASSIGNMENT :: [CREATEDBY_ID, IMPORTID, TECHNICIANROLE_ID, DRIVETIME_ID, ISPAUSED, JOHNMOOREPAYROLLROLE, ACTIVE, COMMISSIONRATE, CREATEDON, GROSSPAY, ID, SPLIT, PAYROLLROLE, PROJECTLABELS, PAYTYPE, TECHNICIAN_ID, JOB_ID, MODIFIEDON, STATUS, TENANT_TYPE]
Column names for DataMart Table --> STR_API_JOBASSIGNMENT :: [ISPAUSED, IMPORTID, JOB_ID, ACTIVE_FLAG, ID, PROJECTLABELS, RECORD_CREATE_DATE, TENANT_TYPE, JOHNMOOREPAYROLLROLE, RECORD_UPDATE_DATE, TECHNICIAN_ID, STATUS, ACTIVE, COMMISSIONRATE, MASTER_ID, MODIFIEDON, TECHNICIANROLE_ID, SPLIT, GROSSPAY, PAYROLLROLE, DRIVETIME_ID, CREATEDBY_ID, CREATEDON, PAYTYPE]
Column names for Curated Table --> DIM_JOBASSIGNMENT :: [STATUS, COMMISSIONRATE, SPLIT, TECHNICIANROLE_ID, DRIVETIME_ID, GROSSPAY, RECORD_CREATE_DATE, JOHNMOOREPAYROLLROLE, MODIFIEDON, CREATEDBY_ID, ISPAUSED, SOURCE_PKEY_SPK, ID, PROJECTLABELS, RECORD_UPDATED_BY, PAYROLLROLE, JOB_ID, RECORD_UPDATE_DATE, TENANT_TYPE, IMPORTID, TECHNICIAN_ID, PAYTYPE, ACTIVE, CREATEDON]
Column Name found in Datamart and Curated Table :: CREATEDBY_ID
Column Name found in Datamart and Curated Table :: IMPORTID
Column Name found in Datamart and Curated Table :: TECHNICIANROLE_ID
Column Name found in Datamart and Curated Table :: DRIVETIME_ID
Column Name found in Datamart and Curated Table :: ISPAUSED
Column Name found in Datamart and Curated Table :: JOHNMOOREPAYROLLROLE
Column Name found in Datamart and Curated Table :: ACTIVE
Column Name found in Datamart and Curated Table :: COMMISSIONRATE
Column Name found in Datamart and Curated Table :: CREATEDON
Column Name found in Datamart and Curated Table :: GROSSPAY
Column Name found in Datamart and Curated Table :: ID
Column Name found in Datamart and Curated Table :: SPLIT
Column Name found in Datamart and Curated Table :: PAYROLLROLE
Column Name found in Datamart and Curated Table :: PROJECTLABELS
Column Name found in Datamart and Curated Table :: PAYTYPE
Column Name found in Datamart and Curated Table :: TECHNICIAN_ID
Column Name found in Datamart and Curated Table :: JOB_ID
Column Name found in Datamart and Curated Table :: MODIFIEDON
Column Name found in Datamart and Curated Table :: STATUS
Column Name found in Datamart and Curated Table :: TENANT_TYPE
Datamart tables contains additional column name like [ACTIVE_FLAG, RECORD_CREATE_DATE, RECORD_UPDATE_DATE, MASTER_ID]
Curated tables contains additional column name like [RECORD_CREATE_DATE, RECORD_UPDATE_DATE, RECORD_UPDATED_BY]]]>
  </system-out>
  <testcase classname="testcases.RAW_DATAMART_CURATED.SnowFlake_ColumnValidation_APITables" name="validateColumnName_BKP" time="2.185"/>
  <system-out>
    <![CDATA[Executing Snowflake query :: SELECT COLUMN_NAME FROM DEV_ENT_RAW.INFORMATION_SCHEMA.COLUMNS WHERE TABLE_NAME='ST_API_INVOICE'and TABLE_SCHEMA='API_MAT'
Executing Snowflake query :: SELECT COLUMN_NAME FROM CURATED_DATAMART.INFORMATION_SCHEMA.COLUMNS WHERE TABLE_NAME='STR_API_INVOICE'and TABLE_SCHEMA='ST_API_GOLDMEDAL'
Executing Snowflake query :: SELECT COLUMN_NAME FROM DEV_ENT_CURATED.INFORMATION_SCHEMA.COLUMNS WHERE TABLE_NAME='FACT_INVOICE'and TABLE_SCHEMA='MASTER_DIMENSIONS'
Column names for RAW Table --> ST_API_INVOICE :: [COMMISSIONELIGIBILITYDATE, TYPE_ID, NEWCONSTRUCTION, ACTIVE, BATCH_ID, DISCOUNTTOTAL, NETAMOUNT, ROYALTY_SENTON, SUMMARY, TECHNICIANACKNOWLEDGEMENTSIGNATURE, CREATEDBY_ID, ADJUSTMENTTO_ID, EXPORTID, EXTERNALID, INVOICEDON, PAIDON, PAYMENTTERM_ID, MODIFIEDON, MATERIALSKUREFERENCE_SKUTYPE, MEMBERSHIP_ID, STATUS, TAX, TAXZONE_ID, COUNTERSALESLOCATION_ID, NUMERICNUMBER, ROYALTY_STATUS, BUSINESSUNIT_ID, CONFIGURATION, CREATEDON, CUSTOMER_ID, JOB_ID, LOCATION_ID, ROYALTY_DATE, ACKNOWLEDGEMENTSIGNATURE, BALANCE, BILLINGDATE, EXCLUDEFROMPAYROLL, MATERIALTAX, AUTHORIZATIONSIGNATURE, PAYMENTDUEDATE, PROJECTLABELS, AUTHORIZEDAMOUNT, ID, INCLUDEINTECHNICIANREPORTS, MATERIALSKUREFERENCE_SKUID, PAYROLLDATE, SIGNATURE, SUBTOTAL, LABORTAX, MATERIALSKU_ID, ROYALTY_MEMO, TOTAL, FEETAX, IMPORTID, NUMBER, PROJECT_ID, FEETOTAL, TENANT_TYPE]
Column names for DataMart Table --> STR_API_INVOICE :: [ACKNOWLEDGEMENTSIGNATURE, ACTIVE_FLAG, BUSINESSUNIT_ID, COUNTERSALESLOCATION_ID, FEETOTAL, PAYMENTDUEDATE, ROYALTY_DATE, MASTER_ID, MATERIALSKUREFERENCE_SKUID, NUMBER, PROJECT_ID, ID, AUTHORIZEDAMOUNT, MODIFIEDON, CONFIGURATION, EXTERNALID, NUMERICNUMBER, PAIDON, RECORD_UPDATE_DATE, SUMMARY, TAXZONE_ID, INCLUDEINTECHNICIANREPORTS, JOB_ID, MATERIALTAX, NETAMOUNT, LABORTAX, BALANCE, BILLINGDATE, EXCLUDEFROMPAYROLL, EXPORTID, SIGNATURE, CREATEDBY_ID, ROYALTY_MEMO, ACTIVE, AUTHORIZATIONSIGNATURE, COMMISSIONELIGIBILITYDATE, CREATEDON, CUSTOMER_ID, FEETAX, LOCATION_ID, MATERIALSKUREFERENCE_SKUTYPE, MEMBERSHIP_ID, PAYROLLDATE, SUBTOTAL, TYPE_ID, DISCOUNTTOTAL, IMPORTID, ADJUSTMENTTO_ID, BATCH_ID, MATERIALSKU_ID, NEWCONSTRUCTION, PAYMENTTERM_ID, ROYALTY_STATUS, TAX, TOTAL, ROYALTY_SENTON, INVOICEDON, PROJECTLABELS, STATUS, TECHNICIANACKNOWLEDGEMENTSIGNATURE, RECORD_CREATE_DATE, TENANT_TYPE]
Column names for Curated Table --> FACT_INVOICE :: [CONFIGURATION, EXPORTID, EXTERNALID, MATERIALSKUREFERENCE_SKUTYPE, RECORD_UPDATED_BY, ROYALTY_DATE, FEETAX, TAX, TOTAL, BALANCE, BUSINESSUNIT_ID, CREATEDON, PAYMENTDUEDATE, PROJECT_ID, NETAMOUNT, NUMERICNUMBER, ROYALTY_SENTON, NUMBER, DISCOUNTTOTAL, EXCLUDEFROMPAYROLL, INCLUDEINTECHNICIANREPORTS, MODIFIEDON, STATUS, TENANT_TYPE, NEWCONSTRUCTION, ACKNOWLEDGEMENTSIGNATURE, ADJUSTMENTTO_ID, CREATEDBY_ID, CUSTOMER_ID, FEETOTAL, INVOICEDON, PAIDON, TYPE_ID, JOB_ID, LABORTAX, LOCATION_ID, ROYALTY_STATUS, SUMMARY, PROJECTLABELS, MATERIALSKUREFERENCE_SKUID, MATERIALSKU_ID, MEMBERSHIP_ID, COMMISSIONELIGIBILITYDATE, RECORD_CREATE_DATE, RECORD_UPDATE_DATE, SIGNATURE, AUTHORIZATIONSIGNATURE, BILLINGDATE, IMPORTID, TECHNICIANACKNOWLEDGEMENTSIGNATURE, AUTHORIZEDAMOUNT, ID, PAYROLLDATE, ACTIVE, COUNTERSALESLOCATION_ID, PAYMENTTERM_ID, SUBTOTAL, BATCH_ID, MATERIALTAX, ROYALTY_MEMO, TAXZONE_ID]
Column Name found in Datamart and Curated Table :: COMMISSIONELIGIBILITYDATE
Column Name found in Datamart and Curated Table :: TYPE_ID
Column Name found in Datamart and Curated Table :: NEWCONSTRUCTION
Column Name found in Datamart and Curated Table :: ACTIVE
Column Name found in Datamart and Curated Table :: BATCH_ID
Column Name found in Datamart and Curated Table :: DISCOUNTTOTAL
Column Name found in Datamart and Curated Table :: NETAMOUNT
Column Name found in Datamart and Curated Table :: ROYALTY_SENTON
Column Name found in Datamart and Curated Table :: SUMMARY
Column Name found in Datamart and Curated Table :: TECHNICIANACKNOWLEDGEMENTSIGNATURE
Column Name found in Datamart and Curated Table :: CREATEDBY_ID
Column Name found in Datamart and Curated Table :: ADJUSTMENTTO_ID
Column Name found in Datamart and Curated Table :: EXPORTID
Column Name found in Datamart and Curated Table :: EXTERNALID
Column Name found in Datamart and Curated Table :: INVOICEDON
Column Name found in Datamart and Curated Table :: PAIDON
Column Name found in Datamart and Curated Table :: PAYMENTTERM_ID
Column Name found in Datamart and Curated Table :: MODIFIEDON
Column Name found in Datamart and Curated Table :: MATERIALSKUREFERENCE_SKUTYPE
Column Name found in Datamart and Curated Table :: MEMBERSHIP_ID
Column Name found in Datamart and Curated Table :: STATUS
Column Name found in Datamart and Curated Table :: TAX
Column Name found in Datamart and Curated Table :: TAXZONE_ID
Column Name found in Datamart and Curated Table :: COUNTERSALESLOCATION_ID
Column Name found in Datamart and Curated Table :: NUMERICNUMBER
Column Name found in Datamart and Curated Table :: ROYALTY_STATUS
Column Name found in Datamart and Curated Table :: BUSINESSUNIT_ID
Column Name found in Datamart and Curated Table :: CONFIGURATION
Column Name found in Datamart and Curated Table :: CREATEDON
Column Name found in Datamart and Curated Table :: CUSTOMER_ID
Column Name found in Datamart and Curated Table :: JOB_ID
Column Name found in Datamart and Curated Table :: LOCATION_ID
Column Name found in Datamart and Curated Table :: ROYALTY_DATE
Column Name found in Datamart and Curated Table :: ACKNOWLEDGEMENTSIGNATURE
Column Name found in Datamart and Curated Table :: BALANCE
Column Name found in Datamart and Curated Table :: BILLINGDATE
Column Name found in Datamart and Curated Table :: EXCLUDEFROMPAYROLL
Column Name found in Datamart and Curated Table :: MATERIALTAX
Column Name found in Datamart and Curated Table :: AUTHORIZATIONSIGNATURE
Column Name found in Datamart and Curated Table :: PAYMENTDUEDATE
Column Name found in Datamart and Curated Table :: PROJECTLABELS
Column Name found in Datamart and Curated Table :: AUTHORIZEDAMOUNT
Column Name found in Datamart and Curated Table :: ID
Column Name found in Datamart and Curated Table :: INCLUDEINTECHNICIANREPORTS
Column Name found in Datamart and Curated Table :: MATERIALSKUREFERENCE_SKUID
Column Name found in Datamart and Curated Table :: PAYROLLDATE
Column Name found in Datamart and Curated Table :: SIGNATURE
Column Name found in Datamart and Curated Table :: SUBTOTAL
Column Name found in Datamart and Curated Table :: LABORTAX
Column Name found in Datamart and Curated Table :: MATERIALSKU_ID
Column Name found in Datamart and Curated Table :: ROYALTY_MEMO
Column Name found in Datamart and Curated Table :: TOTAL
Column Name found in Datamart and Curated Table :: FEETAX
Column Name found in Datamart and Curated Table :: IMPORTID
Column Name found in Datamart and Curated Table :: NUMBER
Column Name found in Datamart and Curated Table :: PROJECT_ID
Column Name found in Datamart and Curated Table :: FEETOTAL
Column Name found in Datamart and Curated Table :: TENANT_TYPE
Datamart tables contains additional column name like [ACTIVE_FLAG, RECORD_CREATE_DATE, RECORD_UPDATE_DATE, MASTER_ID]
Curated tables contains additional column name like [RECORD_CREATE_DATE, RECORD_UPDATE_DATE, RECORD_UPDATED_BY]]]>
  </system-out>
  <testcase classname="testcases.RAW_DATAMART_CURATED.SnowFlake_ColumnValidation_APITables" name="validateColumnName_BKP" time="2.349"/>
  <system-out>
    <![CDATA[Executing Snowflake query :: SELECT COLUMN_NAME FROM DEV_ENT_RAW.INFORMATION_SCHEMA.COLUMNS WHERE TABLE_NAME='ST_API_CALL'and TABLE_SCHEMA='API_MAT'
Executing Snowflake query :: SELECT COLUMN_NAME FROM CURATED_DATAMART.INFORMATION_SCHEMA.COLUMNS WHERE TABLE_NAME='STR_API_CALL'and TABLE_SCHEMA='ST_API_HDAIR'
Executing Snowflake query :: SELECT COLUMN_NAME FROM DEV_ENT_CURATED.INFORMATION_SCHEMA.COLUMNS WHERE TABLE_NAME='DIM_CALL'and TABLE_SCHEMA='MASTER_DIMENSIONS'
Column names for RAW Table --> ST_API_CALL :: [DURATION, CALLSERVICE, CREATEDON, CUSTOMER_ID, REASON_ID, RECORDINGURL, VOICEMAILPATH, CONVERSIONSCORE, TAG, AGENT_ID, DIRECTION, ESTIMATE_ID, FROM, STATUS, MODIFIEDON, EXCUSEMEMO, LOCATION_ID, RECORDINGID, SID, TO, IMPORTID, TYPE, JOB_ID, FOLLOWUP_ID, ID, REVIEWINGBY_ID, WONTREVIEW, ACTIVE, CAMPAIGN_ID, CREATEDBY_ID, REVIEWEDBY_ID, RECORDINGPATH, LEAD_ID, TENANT_TYPE]
Column names for DataMart Table --> STR_API_CALL :: [CONVERSIONSCORE, DIRECTION, IMPORTID, FROM, VOICEMAILPATH, ACTIVE, CAMPAIGN_ID, MODIFIEDON, RECORDINGID, TYPE, REASON_ID, RECORD_CREATE_DATE, TO, ESTIMATE_ID, FOLLOWUP_ID, LEAD_ID, WONTREVIEW, CREATEDON, STATUS, CALLSERVICE, CREATEDBY_ID, CUSTOMER_ID, SID, ACTIVE_FLAG, RECORDINGPATH, RECORDINGURL, REVIEWINGBY_ID, DURATION, JOB_ID, LOCATION_ID, RECORD_UPDATE_DATE, TENANT_TYPE, AGENT_ID, EXCUSEMEMO, ID, MASTER_ID, REVIEWEDBY_ID, TAG]
Column names for Curated Table --> DIM_CALL :: [ESTIMATE_ID, REASON_ID, WONTREVIEW, AGENT_ID, DIRECTION, FOLLOWUP_ID, LOCATION_ID, RECORDINGID, TAG, TYPE, CUSTOMER_ID, LEAD_ID, RECORDINGPATH, VOICEMAILPATH, STATUS, CONVERSIONSCORE, FROM, CREATEDBY_ID, DURATION, TENANT_TYPE, ACTIVE, CALLSERVICE, CAMPAIGN_ID, ID, RECORDINGURL, RECORD_UPDATE_DATE, RECORD_CREATE_DATE, JOB_ID, REVIEWEDBY_ID, TO, RECORD_UPDATED_BY, REVIEWINGBY_ID, SID, CREATEDON, EXCUSEMEMO, IMPORTID, MODIFIEDON]
Column Name found in Datamart and Curated Table :: DURATION
Column Name found in Datamart and Curated Table :: CALLSERVICE
Column Name found in Datamart and Curated Table :: CREATEDON
Column Name found in Datamart and Curated Table :: CUSTOMER_ID
Column Name found in Datamart and Curated Table :: REASON_ID
Column Name found in Datamart and Curated Table :: RECORDINGURL
Column Name found in Datamart and Curated Table :: VOICEMAILPATH
Column Name found in Datamart and Curated Table :: CONVERSIONSCORE
Column Name found in Datamart and Curated Table :: TAG
Column Name found in Datamart and Curated Table :: AGENT_ID
Column Name found in Datamart and Curated Table :: DIRECTION
Column Name found in Datamart and Curated Table :: ESTIMATE_ID
Column Name found in Datamart and Curated Table :: FROM
Column Name found in Datamart and Curated Table :: STATUS
Column Name found in Datamart and Curated Table :: MODIFIEDON
Column Name found in Datamart and Curated Table :: EXCUSEMEMO
Column Name found in Datamart and Curated Table :: LOCATION_ID
Column Name found in Datamart and Curated Table :: RECORDINGID
Column Name found in Datamart and Curated Table :: SID
Column Name found in Datamart and Curated Table :: TO
Column Name found in Datamart and Curated Table :: IMPORTID
Column Name found in Datamart and Curated Table :: TYPE
Column Name found in Datamart and Curated Table :: JOB_ID
Column Name found in Datamart and Curated Table :: FOLLOWUP_ID
Column Name found in Datamart and Curated Table :: ID
Column Name found in Datamart and Curated Table :: REVIEWINGBY_ID
Column Name found in Datamart and Curated Table :: WONTREVIEW
Column Name found in Datamart and Curated Table :: ACTIVE
Column Name found in Datamart and Curated Table :: CAMPAIGN_ID
Column Name found in Datamart and Curated Table :: CREATEDBY_ID
Column Name found in Datamart and Curated Table :: REVIEWEDBY_ID
Column Name found in Datamart and Curated Table :: RECORDINGPATH
Column Name found in Datamart and Curated Table :: LEAD_ID
Column Name found in Datamart and Curated Table :: TENANT_TYPE
Datamart tables contains additional column name like [ACTIVE_FLAG, RECORD_CREATE_DATE, RECORD_UPDATE_DATE, MASTER_ID]
Curated tables contains additional column name like [RECORD_CREATE_DATE, RECORD_UPDATE_DATE, RECORD_UPDATED_BY]]]>
  </system-out>
  <testcase classname="testcases.RAW_DATAMART_CURATED.SnowFlake_ColumnValidation_APITables" name="validateColumnName_BKP" time="2.345"/>
  <system-out>
    <![CDATA[Executing Snowflake query :: SELECT COLUMN_NAME FROM DEV_ENT_RAW.INFORMATION_SCHEMA.COLUMNS WHERE TABLE_NAME='ST_API_SERVICE'and TABLE_SCHEMA='API_MAT'
Executing Snowflake query :: SELECT COLUMN_NAME FROM CURATED_DATAMART.INFORMATION_SCHEMA.COLUMNS WHERE TABLE_NAME='STR_API_SERVICE'and TABLE_SCHEMA='ST_API_HENDERSON'
Executing Snowflake query :: SELECT COLUMN_NAME FROM DEV_ENT_CURATED.INFORMATION_SCHEMA.COLUMNS WHERE TABLE_NAME='DIM_SERVICE'and TABLE_SCHEMA='MASTER_DIMENSIONS'
Column names for RAW Table --> ST_API_SERVICE :: [BASERATE1, CATEGORY_ID, ID, MEMBERSHIP, QBITEMNAME, SYNCDATE, ACCOUNT, ACTIVE, ALLOWDISCOUNTS, BASERATE3, NOTAX, GENERATEDTAGTARGETS, MEMBERSHIPTYPE_ID, ORIGINAL_ID, ADDONPRICE, ISOTTASK, MEMBERSHIPACTION, AVALARACOMMERCIALTAXCODE, BUSINESSUNIT_ID, EXTERNALID, MEMBERSHIPYEARS, PRICE, SOLDBYCOMMISSION, DISPATCHFEE, ADDONFLATAMOUNT, COMMISSIONBONUS, DISPLAYNAME, HOURS, ISDEFERREDREVENUE, WARRANTY_DURATION, PURCHASEORDERLIMITS_FLATAMOUNT, WORKFLOWACTION_ID, BASERATE2, CROSSSALEGROUP, MODIFIEDON, MINIMUMLABORHOURS, NAME, PURCHASEORDERLIMITS_REVENUEPERCENT, IMPORTID, ADDONMEMBERPRICE, ALLOWAPPLYTAGSTOENTITIES, BONUS, GENERALLEDGERACCOUNT_ID, PAYSCOMMISSION, COST, EXCLUDEFROMPRICEBOOKWIZARD, IMAGES, LOYALTYPROGRAMELIGIBLE, SCHEDULEDFLATAMOUNT, SOURCEVERSION, TAXABLE, MEMBERPRICE, ARCHIVED, AUTOGLASSTYPE, AVALARARESIDENTIALTAXCODE, CREATEDON, DESCRIPTION, ISTIMEANDMATERIAL, MEMBERSHIPMONTHS, PAYSFLATAMOUNT, PAYTECHSPECIFICBONUS, PROVIDER_ID, COPIEDFROM_ID, DISPLAYINAMOUNT, SOURCE, SUPPLIERIMAGES, CREATEDBY_ID, ISLABOR, PAYSSOLDBYRATE, WARRANTY_DESCRIPTION, RECURRINGSERVICETYPE_ID, TENANT_TYPE]
Column names for DataMart Table --> STR_API_SERVICE :: [DISPLAYNAME, MEMBERSHIP, PAYSFLATAMOUNT, SUPPLIERIMAGES, CATEGORY_ID, PAYSSOLDBYRATE, SCHEDULEDFLATAMOUNT, SOURCE, SYNCDATE, TAXABLE, MEMBERSHIPYEARS, MEMBERSHIPACTION, ACTIVE_FLAG, ADDONFLATAMOUNT, AVALARARESIDENTIALTAXCODE, BONUS, COMMISSIONBONUS, DISPATCHFEE, MASTER_ID, PAYSCOMMISSION, PURCHASEORDERLIMITS_FLATAMOUNT, BASERATE2, IMPORTID, PAYTECHSPECIFICBONUS, MEMBERSHIPTYPE_ID, DESCRIPTION, GENERALLEDGERACCOUNT_ID, MODIFIEDON, RECURRINGSERVICETYPE_ID, SOURCEVERSION, AVALARACOMMERCIALTAXCODE, ISDEFERREDREVENUE, ACTIVE, ALLOWDISCOUNTS, COPIEDFROM_ID, COST, ID, IMAGES, NAME, RECORD_CREATE_DATE, PROVIDER_ID, ALLOWAPPLYTAGSTOENTITIES, ARCHIVED, QBITEMNAME, ISTIMEANDMATERIAL, LOYALTYPROGRAMELIGIBLE, MINIMUMLABORHOURS, RECORD_UPDATE_DATE, NOTAX, BUSINESSUNIT_ID, EXTERNALID, MEMBERSHIPMONTHS, ORIGINAL_ID, CREATEDON, ISLABOR, WARRANTY_DURATION, ACCOUNT, AUTOGLASSTYPE, BASERATE1, CROSSSALEGROUP, DISPLAYINAMOUNT, ISOTTASK, CREATEDBY_ID, EXCLUDEFROMPRICEBOOKWIZARD, WARRANTY_DESCRIPTION, ADDONMEMBERPRICE, ADDONPRICE, BASERATE3, MEMBERPRICE, PURCHASEORDERLIMITS_REVENUEPERCENT, SOLDBYCOMMISSION, WORKFLOWACTION_ID, HOURS, PRICE, TENANT_TYPE, GENERATEDTAGTARGETS]
Column names for Curated Table --> DIM_SERVICE :: [ACCOUNT, ALLOWDISCOUNTS, BASERATE3, DESCRIPTION, DISPATCHFEE, ISOTTASK, MEMBERSHIP, SOLDBYCOMMISSION, DISPLAYNAME, AUTOGLASSTYPE, AVALARACOMMERCIALTAXCODE, BUSINESSUNIT_ID, COMMISSIONBONUS, NOTAX, EXTERNALID, PRICE, CATEGORY_ID, CREATEDON, CROSSSALEGROUP, MEMBERSHIPYEARS, PAYSFLATAMOUNT, PAYSSOLDBYRATE, WARRANTY_DURATION, MODIFIEDON, RECORD_CREATE_DATE, TAXABLE, MEMBERSHIPACTION, ADDONMEMBERPRICE, BONUS, COPIEDFROM_ID, ISDEFERREDREVENUE, SOURCE, ARCHIVED, BASERATE1, PURCHASEORDERLIMITS_REVENUEPERCENT, RECURRINGSERVICETYPE_ID, SOURCEVERSION, ALLOWAPPLYTAGSTOENTITIES, AVALARARESIDENTIALTAXCODE, DISPLAYINAMOUNT, GENERATEDTAGTARGETS, ISTIMEANDMATERIAL, PROVIDER_ID, ADDONFLATAMOUNT, COST, GENERALLEDGERACCOUNT_ID, MEMBERSHIPTYPE_ID, QBITEMNAME, WARRANTY_DESCRIPTION, EXCLUDEFROMPRICEBOOKWIZARD, ID, IMAGES, RECORD_UPDATED_BY, RECORD_UPDATE_DATE, NAME, ACTIVE, ADDONPRICE, LOYALTYPROGRAMELIGIBLE, PAYTECHSPECIFICBONUS, SUPPLIERIMAGES, HOURS, IMPORTID, MINIMUMLABORHOURS, PAYSCOMMISSION, WORKFLOWACTION_ID, MEMBERPRICE, BASERATE2, CREATEDBY_ID, MEMBERSHIPMONTHS, ORIGINAL_ID, SYNCDATE, ISLABOR, PURCHASEORDERLIMITS_FLATAMOUNT, TENANT_TYPE, SCHEDULEDFLATAMOUNT]
Column Name found in Datamart and Curated Table :: BASERATE1
Column Name found in Datamart and Curated Table :: CATEGORY_ID
Column Name found in Datamart and Curated Table :: ID
Column Name found in Datamart and Curated Table :: MEMBERSHIP
Column Name found in Datamart and Curated Table :: QBITEMNAME
Column Name found in Datamart and Curated Table :: SYNCDATE
Column Name found in Datamart and Curated Table :: ACCOUNT
Column Name found in Datamart and Curated Table :: ACTIVE
Column Name found in Datamart and Curated Table :: ALLOWDISCOUNTS
Column Name found in Datamart and Curated Table :: BASERATE3
Column Name found in Datamart and Curated Table :: NOTAX
Column Name found in Datamart and Curated Table :: GENERATEDTAGTARGETS
Column Name found in Datamart and Curated Table :: MEMBERSHIPTYPE_ID
Column Name found in Datamart and Curated Table :: ORIGINAL_ID
Column Name found in Datamart and Curated Table :: ADDONPRICE
Column Name found in Datamart and Curated Table :: ISOTTASK
Column Name found in Datamart and Curated Table :: MEMBERSHIPACTION
Column Name found in Datamart and Curated Table :: AVALARACOMMERCIALTAXCODE
Column Name found in Datamart and Curated Table :: BUSINESSUNIT_ID
Column Name found in Datamart and Curated Table :: EXTERNALID
Column Name found in Datamart and Curated Table :: MEMBERSHIPYEARS
Column Name found in Datamart and Curated Table :: PRICE
Column Name found in Datamart and Curated Table :: SOLDBYCOMMISSION
Column Name found in Datamart and Curated Table :: DISPATCHFEE
Column Name found in Datamart and Curated Table :: ADDONFLATAMOUNT
Column Name found in Datamart and Curated Table :: COMMISSIONBONUS
Column Name found in Datamart and Curated Table :: DISPLAYNAME
Column Name found in Datamart and Curated Table :: HOURS
Column Name found in Datamart and Curated Table :: ISDEFERREDREVENUE
Column Name found in Datamart and Curated Table :: WARRANTY_DURATION
Column Name found in Datamart and Curated Table :: PURCHASEORDERLIMITS_FLATAMOUNT
Column Name found in Datamart and Curated Table :: WORKFLOWACTION_ID
Column Name found in Datamart and Curated Table :: BASERATE2
Column Name found in Datamart and Curated Table :: CROSSSALEGROUP
Column Name found in Datamart and Curated Table :: MODIFIEDON
Column Name found in Datamart and Curated Table :: MINIMUMLABORHOURS
Column Name found in Datamart and Curated Table :: NAME
Column Name found in Datamart and Curated Table :: PURCHASEORDERLIMITS_REVENUEPERCENT
Column Name found in Datamart and Curated Table :: IMPORTID
Column Name found in Datamart and Curated Table :: ADDONMEMBERPRICE
Column Name found in Datamart and Curated Table :: ALLOWAPPLYTAGSTOENTITIES
Column Name found in Datamart and Curated Table :: BONUS
Column Name found in Datamart and Curated Table :: GENERALLEDGERACCOUNT_ID
Column Name found in Datamart and Curated Table :: PAYSCOMMISSION
Column Name found in Datamart and Curated Table :: COST
Column Name found in Datamart and Curated Table :: EXCLUDEFROMPRICEBOOKWIZARD
Column Name found in Datamart and Curated Table :: IMAGES
Column Name found in Datamart and Curated Table :: LOYALTYPROGRAMELIGIBLE
Column Name found in Datamart and Curated Table :: SCHEDULEDFLATAMOUNT
Column Name found in Datamart and Curated Table :: SOURCEVERSION
Column Name found in Datamart and Curated Table :: TAXABLE
Column Name found in Datamart and Curated Table :: MEMBERPRICE
Column Name found in Datamart and Curated Table :: ARCHIVED
Column Name found in Datamart and Curated Table :: AUTOGLASSTYPE
Column Name found in Datamart and Curated Table :: AVALARARESIDENTIALTAXCODE
Column Name found in Datamart and Curated Table :: CREATEDON
Column Name found in Datamart and Curated Table :: DESCRIPTION
Column Name found in Datamart and Curated Table :: ISTIMEANDMATERIAL
Column Name found in Datamart and Curated Table :: MEMBERSHIPMONTHS
Column Name found in Datamart and Curated Table :: PAYSFLATAMOUNT
Column Name found in Datamart and Curated Table :: PAYTECHSPECIFICBONUS
Column Name found in Datamart and Curated Table :: PROVIDER_ID
Column Name found in Datamart and Curated Table :: COPIEDFROM_ID
Column Name found in Datamart and Curated Table :: DISPLAYINAMOUNT
Column Name found in Datamart and Curated Table :: SOURCE
Column Name found in Datamart and Curated Table :: SUPPLIERIMAGES
Column Name found in Datamart and Curated Table :: CREATEDBY_ID
Column Name found in Datamart and Curated Table :: ISLABOR
Column Name found in Datamart and Curated Table :: PAYSSOLDBYRATE
Column Name found in Datamart and Curated Table :: WARRANTY_DESCRIPTION
Column Name found in Datamart and Curated Table :: RECURRINGSERVICETYPE_ID
Column Name found in Datamart and Curated Table :: TENANT_TYPE
Datamart tables contains additional column name like [ACTIVE_FLAG, RECORD_CREATE_DATE, RECORD_UPDATE_DATE, MASTER_ID]
Curated tables contains additional column name like [RECORD_CREATE_DATE, RECORD_UPDATE_DATE, RECORD_UPDATED_BY]]]>
  </system-out>
  <testcase classname="testcases.RAW_DATAMART_CURATED.SnowFlake_ColumnValidation_APITables" name="validateColumnName_BKP" time="2.364"/>
  <system-out>
    <![CDATA[Executing Snowflake query :: SELECT COLUMN_NAME FROM DEV_ENT_RAW.INFORMATION_SCHEMA.COLUMNS WHERE TABLE_NAME='ST_API_INVOICEITEM'and TABLE_SCHEMA='API_MAT'
Executing Snowflake query :: SELECT COLUMN_NAME FROM CURATED_DATAMART.INFORMATION_SCHEMA.COLUMNS WHERE TABLE_NAME='STR_API_INVOICEITEM'and TABLE_SCHEMA='ST_API_BILLFENWICK'
Executing Snowflake query :: SELECT COLUMN_NAME FROM DEV_ENT_CURATED.INFORMATION_SCHEMA.COLUMNS WHERE TABLE_NAME='DIM_INVOICEITEM'and TABLE_SCHEMA='MASTER_DIMENSIONS'
Column names for RAW Table --> ST_API_INVOICEITEM :: [ALLOWDISCOUNTS, AUTOGLASSITEM_ID, HOURS, STANDARDPRICE, MODIFIEDON, PROJECTLABELS, SOLDBYCOMMISSION, ISINVENTORY, MARKUP, PAYSSOLDBYRATE, PROCUREDFROMESTIMATEITEM_ID, PROJECTORDER, SKU_ID, TECHNICIANSPLIT3, UNITPRICE, IMPORTID, LASTUNITPRICESETBYEMPLOYEE, SKUNAME, MEMBERSHIPWORKFLOWACTION, BASERATE1, BASERATE2, DATECREATED, EQUIPMENT_ID, ID, INVENTORYSTATUS, ITEMGROUPNAME, TECHNICIANFORBASERATE1_ID, QUANTITY, SOLDBY_ID, PARENTITEM_ID, SOLDHOURS, NOTAX, COST, CREATEDBY_ID, EXPORTID, ISADDON, ISOTTASK, CREATEDON, ISUNITPRICEMANUALLYSET, PAYSFLATAMOUNT, TECHNICIAN_ID, BASERATE3, CHARGEABLE, COMMISSIONBONUS, DESCRIPTION, TECHNICIANACKNOWLEDGEMENTSIGNATURE, INVENTORYLOCATION_ID, ORDER, SCHEDULEDFLATAMOUNT, SOURCETYPE, TECHNICIANSPLIT1, INVENTORYWAREHOUSENAME, ACCOUNT, ADDONFLATAMOUNT, PRICEMODIFIER_ID, SKUREFERENCE_SKUTYPE, TECHNICIANFORBASERATE3_ID, PAYTECHSPECIFICBONUS, TECHNICIANFORBASERATE2_ID, TECHNICIANSPLIT2, USEDMATERIAL_ID, ACTIVE, BONUS, COSTOFSALEACCOUNT_ID, GENERALLEDGERACCOUNT_ID, INVENTORYBATCH_ID, INVOICE_ID, PAYSCOMMISSION, SKUREFERENCE_SKUID, TAXABLE, TOTAL, BUSINESSUNIT_ID, DEDUCTASJOBCOST, DISPLAYINAMOUNT, ESTIMATEITEM_ID, ITEMGROUPROOT_ID, MEMBERPRICE, PROCUREDFROM_ID, SIGNATURE, TOTALCOST, CROSSSALEGROUP, WORKFLOWACTION_ID, TENANT_TYPE]
Column names for DataMart Table --> STR_API_INVOICEITEM :: [BUSINESSUNIT_ID, CHARGEABLE, COST, DISPLAYINAMOUNT, EQUIPMENT_ID, ISADDON, PRICEMODIFIER_ID, PROCUREMENTSOURCE_PURCHASEORDERITEMID, PAYSCOMMISSION, QUANTITY, ISUNITPRICEMANUALLYSET, PAYSSOLDBYRATE, SOURCETYPE, PARENTITEM_ID, USEDMATERIAL_ID, ACCOUNT, ALLOWDISCOUNTS, COMMISSIONBONUS, CREATEDBY_ID, INVENTORYBATCH_ID, RECORD_CREATE_DATE, TECHNICIANSPLIT1, INVENTORYSTATUS, TECHNICIANFORBASERATE1_ID, TECHNICIANFORBASERATE2_ID, TECHNICIANFORBASERATE3_ID, DESCRIPTION, CROSSSALEGROUP, DATECREATED, ITEMGROUPROOT_ID, PAYSFLATAMOUNT, TENANT_TYPE, SOLDBY_ID, TAXABLE, SIGNATURE, HOURS, ORDER, COSTOFSALEACCOUNT_ID, ESTIMATEITEM_ID, ISINVENTORY, PROCUREMENTSOURCE_ESTIMATEITEMID, SKUNAME, TECHNICIANACKNOWLEDGEMENTSIGNATURE, ACTIVE_FLAG, BASERATE3, ID, MEMBERPRICE, MEMBERSHIPWORKFLOWACTION, PAYTECHSPECIFICBONUS, PROCUREMENTSOURCE_SOURCETYPE, BONUS, CREATEDON, INVOICE_ID, ITEMGROUPNAME, UNITPRICE, MASTER_ID, AUTOGLASSITEM_ID, EXPORTID, IMPORTID, LASTUNITPRICESETBYEMPLOYEE, MODIFIEDON, NOTAX, PROJECTLABELS, MARKUP, PROCUREDFROMESTIMATEITEM_ID, TECHNICIANSPLIT2, TOTAL, SKUREFERENCE_SKUTYPE, RECORD_UPDATE_DATE, ACTIVE, ADDONFLATAMOUNT, DEDUCTASJOBCOST, GENERALLEDGERACCOUNT_ID, PROCUREMENTSOURCE_REQUISITIONITEMID, INVENTORYLOCATION_ID, PROCUREDFROM_ID, SCHEDULEDFLATAMOUNT, SKU_ID, SOLDHOURS, SKUREFERENCE_SKUID, TECHNICIAN_ID, TECHNICIANSPLIT3, BASERATE1, BASERATE2, INVENTORYWAREHOUSENAME, PROJECTORDER, ISOTTASK, STANDARDPRICE, TOTALCOST, WORKFLOWACTION_ID, SOLDBYCOMMISSION]
Column names for Curated Table --> DIM_INVOICEITEM :: [BASERATE2, COST, CROSSSALEGROUP, ISOTTASK, MEMBERPRICE, ORDER, QUANTITY, TOTALCOST, ISUNITPRICEMANUALLYSET, PARENTITEM_ID, PAYSSOLDBYRATE, PAYSCOMMISSION, GENERALLEDGERACCOUNT_ID, BASERATE1, INVENTORYBATCH_ID, INVOICE_ID, SKUREFERENCE_SKUID, BASERATE3, EXPORTID, ISINVENTORY, SKU_ID, INVENTORYSTATUS, SOLDHOURS, TECHNICIAN_ID, TECHNICIANFORBASERATE2_ID, ACCOUNT, ALLOWDISCOUNTS, COMMISSIONBONUS, CREATEDON, IMPORTID, ISADDON, PROCUREMENTSOURCE_SOURCETYPE, NOTAX, PROJECTLABELS, SOLDBY_ID, TECHNICIANFORBASERATE1_ID, TECHNICIANSPLIT1, PAYSFLATAMOUNT, UNITPRICE, BONUS, COSTOFSALEACCOUNT_ID, CREATEDBY_ID, DISPLAYINAMOUNT, PAYTECHSPECIFICBONUS, PRICEMODIFIER_ID, TECHNICIANACKNOWLEDGEMENTSIGNATURE, TECHNICIANSPLIT3, PROCUREMENTSOURCE_PURCHASEORDERITEMID, PROCUREMENTSOURCE_REQUISITIONITEMID, PROJECTORDER, DATECREATED, TECHNICIANFORBASERATE3_ID, ACTIVE, ADDONFLATAMOUNT, BUSINESSUNIT_ID, CHARGEABLE, EQUIPMENT_ID, INVENTORYLOCATION_ID, INVENTORYWAREHOUSENAME, ITEMGROUPNAME, ITEMGROUPROOT_ID, RECORD_UPDATE_DATE, MODIFIEDON, PROCUREDFROM_ID, SCHEDULEDFLATAMOUNT, PROCUREMENTSOURCE_ESTIMATEITEMID, TAXABLE, PROCUREDFROMESTIMATEITEM_ID, AUTOGLASSITEM_ID, HOURS, LASTUNITPRICESETBYEMPLOYEE, MARKUP, USEDMATERIAL_ID, MEMBERSHIPWORKFLOWACTION, SKUREFERENCE_SKUTYPE, SOLDBYCOMMISSION, SOURCETYPE, RECORD_UPDATED_BY, WORKFLOWACTION_ID, DEDUCTASJOBCOST, DESCRIPTION, ESTIMATEITEM_ID, STANDARDPRICE, TECHNICIANSPLIT2, TOTAL, ID, RECORD_CREATE_DATE, SIGNATURE, SKUNAME, TENANT_TYPE]
Column Name found in Datamart and Curated Table :: ALLOWDISCOUNTS
Column Name found in Datamart and Curated Table :: AUTOGLASSITEM_ID
Column Name found in Datamart and Curated Table :: HOURS
Column Name found in Datamart and Curated Table :: STANDARDPRICE
Column Name found in Datamart and Curated Table :: MODIFIEDON
Column Name found in Datamart and Curated Table :: PROJECTLABELS
Column Name found in Datamart and Curated Table :: SOLDBYCOMMISSION
Column Name found in Datamart and Curated Table :: ISINVENTORY
Column Name found in Datamart and Curated Table :: MARKUP
Column Name found in Datamart and Curated Table :: PAYSSOLDBYRATE
Column Name found in Datamart and Curated Table :: PROCUREDFROMESTIMATEITEM_ID
Column Name found in Datamart and Curated Table :: PROJECTORDER
Column Name found in Datamart and Curated Table :: SKU_ID
Column Name found in Datamart and Curated Table :: TECHNICIANSPLIT3
Column Name found in Datamart and Curated Table :: UNITPRICE
Column Name found in Datamart and Curated Table :: IMPORTID
Column Name found in Datamart and Curated Table :: LASTUNITPRICESETBYEMPLOYEE
Column Name found in Datamart and Curated Table :: SKUNAME
Column Name found in Datamart and Curated Table :: MEMBERSHIPWORKFLOWACTION
Column Name found in Datamart and Curated Table :: BASERATE1
Column Name found in Datamart and Curated Table :: BASERATE2
Column Name found in Datamart and Curated Table :: DATECREATED
Column Name found in Datamart and Curated Table :: EQUIPMENT_ID
Column Name found in Datamart and Curated Table :: ID
Column Name found in Datamart and Curated Table :: INVENTORYSTATUS
Column Name found in Datamart and Curated Table :: ITEMGROUPNAME
Column Name found in Datamart and Curated Table :: TECHNICIANFORBASERATE1_ID
Column Name found in Datamart and Curated Table :: QUANTITY
Column Name found in Datamart and Curated Table :: SOLDBY_ID
Column Name found in Datamart and Curated Table :: PARENTITEM_ID
Column Name found in Datamart and Curated Table :: SOLDHOURS
Column Name found in Datamart and Curated Table :: NOTAX
Column Name found in Datamart and Curated Table :: COST
Column Name found in Datamart and Curated Table :: CREATEDBY_ID
Column Name found in Datamart and Curated Table :: EXPORTID
Column Name found in Datamart and Curated Table :: ISADDON
Column Name found in Datamart and Curated Table :: ISOTTASK
Column Name found in Datamart and Curated Table :: CREATEDON
Column Name found in Datamart and Curated Table :: ISUNITPRICEMANUALLYSET
Column Name found in Datamart and Curated Table :: PAYSFLATAMOUNT
Column Name found in Datamart and Curated Table :: TECHNICIAN_ID
Column Name found in Datamart and Curated Table :: BASERATE3
Column Name found in Datamart and Curated Table :: CHARGEABLE
Column Name found in Datamart and Curated Table :: COMMISSIONBONUS
Column Name found in Datamart and Curated Table :: DESCRIPTION
Column Name found in Datamart and Curated Table :: TECHNICIANACKNOWLEDGEMENTSIGNATURE
Column Name found in Datamart and Curated Table :: INVENTORYLOCATION_ID
Column Name found in Datamart and Curated Table :: ORDER
Column Name found in Datamart and Curated Table :: SCHEDULEDFLATAMOUNT
Column Name found in Datamart and Curated Table :: SOURCETYPE
Column Name found in Datamart and Curated Table :: TECHNICIANSPLIT1
Column Name found in Datamart and Curated Table :: INVENTORYWAREHOUSENAME
Column Name found in Datamart and Curated Table :: ACCOUNT
Column Name found in Datamart and Curated Table :: ADDONFLATAMOUNT
Column Name found in Datamart and Curated Table :: PRICEMODIFIER_ID
Column Name found in Datamart and Curated Table :: SKUREFERENCE_SKUTYPE
Column Name found in Datamart and Curated Table :: TECHNICIANFORBASERATE3_ID
Column Name found in Datamart and Curated Table :: PAYTECHSPECIFICBONUS
Column Name found in Datamart and Curated Table :: TECHNICIANFORBASERATE2_ID
Column Name found in Datamart and Curated Table :: TECHNICIANSPLIT2
Column Name found in Datamart and Curated Table :: USEDMATERIAL_ID
Column Name found in Datamart and Curated Table :: ACTIVE
Column Name found in Datamart and Curated Table :: BONUS
Column Name found in Datamart and Curated Table :: COSTOFSALEACCOUNT_ID
Column Name found in Datamart and Curated Table :: GENERALLEDGERACCOUNT_ID
Column Name found in Datamart and Curated Table :: INVENTORYBATCH_ID
Column Name found in Datamart and Curated Table :: INVOICE_ID
Column Name found in Datamart and Curated Table :: PAYSCOMMISSION
Column Name found in Datamart and Curated Table :: SKUREFERENCE_SKUID
Column Name found in Datamart and Curated Table :: TAXABLE
Column Name found in Datamart and Curated Table :: TOTAL
Column Name found in Datamart and Curated Table :: BUSINESSUNIT_ID
Column Name found in Datamart and Curated Table :: DEDUCTASJOBCOST
Column Name found in Datamart and Curated Table :: DISPLAYINAMOUNT
Column Name found in Datamart and Curated Table :: ESTIMATEITEM_ID
Column Name found in Datamart and Curated Table :: ITEMGROUPROOT_ID
Column Name found in Datamart and Curated Table :: MEMBERPRICE
Column Name found in Datamart and Curated Table :: PROCUREDFROM_ID
Column Name found in Datamart and Curated Table :: SIGNATURE
Column Name found in Datamart and Curated Table :: TOTALCOST
Column Name found in Datamart and Curated Table :: CROSSSALEGROUP
Column Name found in Datamart and Curated Table :: WORKFLOWACTION_ID
Column Name found in Datamart and Curated Table :: TENANT_TYPE
Datamart tables contains additional column name like [ACTIVE_FLAG, RECORD_CREATE_DATE, RECORD_UPDATE_DATE, MASTER_ID]
Curated tables contains additional column name like [RECORD_CREATE_DATE, RECORD_UPDATE_DATE, RECORD_UPDATED_BY]]]>
  </system-out>
  <testcase classname="testcases.RAW_DATAMART_CURATED.SnowFlake_ColumnValidation_APITables" name="validateColumnName_BKP" time="2.886"/>
  <system-out>
    <![CDATA[Executing Snowflake query :: SELECT COLUMN_NAME FROM DEV_ENT_RAW.INFORMATION_SCHEMA.COLUMNS WHERE TABLE_NAME='ST_API_JOBASSIGNMENT'and TABLE_SCHEMA='API_MAT'
Executing Snowflake query :: SELECT COLUMN_NAME FROM CURATED_DATAMART.INFORMATION_SCHEMA.COLUMNS WHERE TABLE_NAME='STR_API_JOBASSIGNMENT'and TABLE_SCHEMA='ST_API_MAITZ'
Executing Snowflake query :: SELECT COLUMN_NAME FROM DEV_ENT_CURATED.INFORMATION_SCHEMA.COLUMNS WHERE TABLE_NAME='DIM_JOBASSIGNMENT'and TABLE_SCHEMA='MASTER_DIMENSIONS'
Column names for RAW Table --> ST_API_JOBASSIGNMENT :: [CREATEDBY_ID, IMPORTID, TECHNICIANROLE_ID, DRIVETIME_ID, ISPAUSED, JOHNMOOREPAYROLLROLE, ACTIVE, COMMISSIONRATE, CREATEDON, GROSSPAY, ID, SPLIT, PAYROLLROLE, PROJECTLABELS, PAYTYPE, TECHNICIAN_ID, JOB_ID, MODIFIEDON, STATUS, TENANT_TYPE]
Column names for DataMart Table --> STR_API_JOBASSIGNMENT :: [ACTIVE, CREATEDON, JOB_ID, PROJECTLABELS, ACTIVE_FLAG, DRIVETIME_ID, GROSSPAY, STATUS, CREATEDBY_ID, ISPAUSED, MODIFIEDON, SPLIT, TENANT_TYPE, COMMISSIONRATE, RECORD_UPDATE_DATE, JOHNMOOREPAYROLLROLE, PAYTYPE, IMPORTID, ID, TECHNICIAN_ID, PAYROLLROLE, RECORD_CREATE_DATE, TECHNICIANROLE_ID, MASTER_ID]
Column names for Curated Table --> DIM_JOBASSIGNMENT :: [STATUS, COMMISSIONRATE, SPLIT, TECHNICIANROLE_ID, DRIVETIME_ID, GROSSPAY, RECORD_CREATE_DATE, JOHNMOOREPAYROLLROLE, MODIFIEDON, CREATEDBY_ID, ISPAUSED, SOURCE_PKEY_SPK, ID, PROJECTLABELS, RECORD_UPDATED_BY, PAYROLLROLE, JOB_ID, RECORD_UPDATE_DATE, TENANT_TYPE, IMPORTID, TECHNICIAN_ID, PAYTYPE, ACTIVE, CREATEDON]
Column Name found in Datamart and Curated Table :: CREATEDBY_ID
Column Name found in Datamart and Curated Table :: IMPORTID
Column Name found in Datamart and Curated Table :: TECHNICIANROLE_ID
Column Name found in Datamart and Curated Table :: DRIVETIME_ID
Column Name found in Datamart and Curated Table :: ISPAUSED
Column Name found in Datamart and Curated Table :: JOHNMOOREPAYROLLROLE
Column Name found in Datamart and Curated Table :: ACTIVE
Column Name found in Datamart and Curated Table :: COMMISSIONRATE
Column Name found in Datamart and Curated Table :: CREATEDON
Column Name found in Datamart and Curated Table :: GROSSPAY
Column Name found in Datamart and Curated Table :: ID
Column Name found in Datamart and Curated Table :: SPLIT
Column Name found in Datamart and Curated Table :: PAYROLLROLE
Column Name found in Datamart and Curated Table :: PROJECTLABELS
Column Name found in Datamart and Curated Table :: PAYTYPE
Column Name found in Datamart and Curated Table :: TECHNICIAN_ID
Column Name found in Datamart and Curated Table :: JOB_ID
Column Name found in Datamart and Curated Table :: MODIFIEDON
Column Name found in Datamart and Curated Table :: STATUS
Column Name found in Datamart and Curated Table :: TENANT_TYPE
Datamart tables contains additional column name like [ACTIVE_FLAG, RECORD_CREATE_DATE, RECORD_UPDATE_DATE, MASTER_ID]
Curated tables contains additional column name like [RECORD_CREATE_DATE, RECORD_UPDATE_DATE, RECORD_UPDATED_BY]]]>
  </system-out>
  <testcase classname="testcases.RAW_DATAMART_CURATED.SnowFlake_ColumnValidation_APITables" name="validateColumnName_BKP" time="2.230"/>
  <system-out>
    <![CDATA[Executing Snowflake query :: SELECT COLUMN_NAME FROM DEV_ENT_RAW.INFORMATION_SCHEMA.COLUMNS WHERE TABLE_NAME='ST_API_PURCHASEORDER'and TABLE_SCHEMA='API_MAT'
Executing Snowflake query :: SELECT COLUMN_NAME FROM CURATED_DATAMART.INFORMATION_SCHEMA.COLUMNS WHERE TABLE_NAME='STR_API_PURCHASEORDER'and TABLE_SCHEMA='ST_API_SNELLHEATINGAIR'
Executing Snowflake query :: SELECT COLUMN_NAME FROM DEV_ENT_CURATED.INFORMATION_SCHEMA.COLUMNS WHERE TABLE_NAME='DIM_PURCHASEORDER'and TABLE_SCHEMA='MASTER_DIMENSIONS'
Column names for RAW Table --> ST_API_PURCHASEORDER :: [CANCELEDBY_ID, CANCELEDREASON, INVENTORYLOCATION_ID, POVENDOR_ID, SHIPTO_CITY, SHIPTO_LATITUDE, STATUS, TECHNICIAN_ID, AMOUNT, BUSINESSUNIT_ID, CREATEDBY_ID, ISTIMEANDMATERIAL, SENDSTATUS, SHIPPING, SHIPTO_UNIT, TAXSCHEMA, TRUCK_ID, TYPE_ID, VENDORINVOICENUMBER, PROJECTLABELS, SHIPTO_COUNTRY, EXPORTID, MARKUP, SHIPTO_STREET, IMPORTID, NUMBER, TAX, TAXRATE, VENDOR, CANCELEDON, CREATEDON, DATE, MODIFIEDON, ERRORMESSAGE, REQUIREDON, SHIPTO_LONGITUDE, ACTIVE, REQUISITION_ID, SHIPTO_ISMILITARY, GROUPINGOPTION, PROJECT_ID, SENDINGMETHOD, SHIPTO_ZIP, RECEIVEDON, SUMMARY, BATCH_ID, EXTERNALID, ID, INVOICE_ID, JOB_ID, NOCHARGE, SHIPTO_ISMANUALCOORDINATES, SHIPTO_STATE, SENTON, SHIPTODESCRIPTION, TENANT_TYPE]
Column names for DataMart Table --> STR_API_PURCHASEORDER :: [CANCELEDBY_ID, PROJECT_ID, TAXSCHEMA, EXTERNALID, SHIPTO_CITY, STATUS, TYPE_ID, GROUPINGOPTION, ID, SHIPTO_ISMANUALCOORDINATES, SHIPTO_ISMILITARY, SHIPTO_ZIP, MASTER_ID, TRUCK_ID, ISTIMEANDMATERIAL, CREATEDON, IMPORTID, SHIPTO_STATE, TENANT_TYPE, ACTIVE_FLAG, AMOUNT, CANCELEDON, EXPORTID, TAX, SENTON, SHIPTO_LONGITUDE, CANCELEDREASON, INVENTORYLOCATION_ID, RECORD_CREATE_DATE, TECHNICIAN_ID, SHIPTO_UNIT, ACTIVE, BUSINESSUNIT_ID, DATE, ERRORMESSAGE, MARKUP, RECEIVEDON, RECORD_UPDATE_DATE, REQUISITION_ID, SHIPTO_COUNTRY, TAXRATE, INVOICE_ID, SUMMARY, BATCH_ID, SHIPTODESCRIPTION, SHIPTO_LATITUDE, PROJECTLABELS, VENDOR, VENDORINVOICENUMBER, CREATEDBY_ID, MODIFIEDON, NUMBER, POVENDOR_ID, REQUIREDON, ROLLEDOVERFROMPURCHASEORDER_ID, SENDINGMETHOD, SENDSTATUS, SHIPTO_STREET, JOB_ID, NOCHARGE, SHIPPING]
Column names for Curated Table --> DIM_PURCHASEORDER :: [ACTIVE, CANCELEDBY_ID, CANCELEDON, RECORD_CREATE_DATE, TRUCK_ID, ROLLEDOVERFROMPURCHASEORDER_ID, SHIPTO_LONGITUDE, TAXSCHEMA, BUSINESSUNIT_ID, POVENDOR_ID, SHIPTO_ISMANUALCOORDINATES, SHIPTO_ISMILITARY, CREATEDON, RECORD_UPDATE_DATE, NUMBER, AMOUNT, DATE, ERRORMESSAGE, EXPORTID, GROUPINGOPTION, INVOICE_ID, MODIFIEDON, PROJECT_ID, SHIPTO_COUNTRY, STATUS, RECORD_UPDATED_BY, TECHNICIAN_ID, SHIPTO_STATE, MARKUP, REQUISITION_ID, SENDSTATUS, SHIPTO_LATITUDE, SHIPTO_STREET, INVENTORYLOCATION_ID, TYPE_ID, BATCH_ID, CREATEDBY_ID, SENTON, PROJECTLABELS, SENDINGMETHOD, SHIPTO_CITY, TAXRATE, EXTERNALID, ID, TAX, VENDOR, IMPORTID, NOCHARGE, SHIPTO_ZIP, SUMMARY, TENANT_TYPE, SHIPPING, CANCELEDREASON, ISTIMEANDMATERIAL, JOB_ID, RECEIVEDON, SHIPTODESCRIPTION, SHIPTO_UNIT, VENDORINVOICENUMBER, REQUIREDON]
Column Name found in Datamart and Curated Table :: CANCELEDBY_ID
Column Name found in Datamart and Curated Table :: CANCELEDREASON
Column Name found in Datamart and Curated Table :: INVENTORYLOCATION_ID
Column Name found in Datamart and Curated Table :: POVENDOR_ID
Column Name found in Datamart and Curated Table :: SHIPTO_CITY
Column Name found in Datamart and Curated Table :: SHIPTO_LATITUDE
Column Name found in Datamart and Curated Table :: STATUS
Column Name found in Datamart and Curated Table :: TECHNICIAN_ID
Column Name found in Datamart and Curated Table :: AMOUNT
Column Name found in Datamart and Curated Table :: BUSINESSUNIT_ID
Column Name found in Datamart and Curated Table :: CREATEDBY_ID
Column Name found in Datamart and Curated Table :: ISTIMEANDMATERIAL
Column Name found in Datamart and Curated Table :: SENDSTATUS
Column Name found in Datamart and Curated Table :: SHIPPING
Column Name found in Datamart and Curated Table :: SHIPTO_UNIT
Column Name found in Datamart and Curated Table :: TAXSCHEMA
Column Name found in Datamart and Curated Table :: TRUCK_ID
Column Name found in Datamart and Curated Table :: TYPE_ID
Column Name found in Datamart and Curated Table :: VENDORINVOICENUMBER
Column Name found in Datamart and Curated Table :: PROJECTLABELS
Column Name found in Datamart and Curated Table :: SHIPTO_COUNTRY
Column Name found in Datamart and Curated Table :: EXPORTID
Column Name found in Datamart and Curated Table :: MARKUP
Column Name found in Datamart and Curated Table :: SHIPTO_STREET
Column Name found in Datamart and Curated Table :: IMPORTID
Column Name found in Datamart and Curated Table :: NUMBER
Column Name found in Datamart and Curated Table :: TAX
Column Name found in Datamart and Curated Table :: TAXRATE
Column Name found in Datamart and Curated Table :: VENDOR
Column Name found in Datamart and Curated Table :: CANCELEDON
Column Name found in Datamart and Curated Table :: CREATEDON
Column Name found in Datamart and Curated Table :: DATE
Column Name found in Datamart and Curated Table :: MODIFIEDON
Column Name found in Datamart and Curated Table :: ERRORMESSAGE
Column Name found in Datamart and Curated Table :: REQUIREDON
Column Name found in Datamart and Curated Table :: SHIPTO_LONGITUDE
Column Name found in Datamart and Curated Table :: ACTIVE
Column Name found in Datamart and Curated Table :: REQUISITION_ID
Column Name found in Datamart and Curated Table :: SHIPTO_ISMILITARY
Column Name found in Datamart and Curated Table :: GROUPINGOPTION
Column Name found in Datamart and Curated Table :: PROJECT_ID
Column Name found in Datamart and Curated Table :: SENDINGMETHOD
Column Name found in Datamart and Curated Table :: SHIPTO_ZIP
Column Name found in Datamart and Curated Table :: RECEIVEDON
Column Name found in Datamart and Curated Table :: SUMMARY
Column Name found in Datamart and Curated Table :: BATCH_ID
Column Name found in Datamart and Curated Table :: EXTERNALID
Column Name found in Datamart and Curated Table :: ID
Column Name found in Datamart and Curated Table :: INVOICE_ID
Column Name found in Datamart and Curated Table :: JOB_ID
Column Name found in Datamart and Curated Table :: NOCHARGE
Column Name found in Datamart and Curated Table :: SHIPTO_ISMANUALCOORDINATES
Column Name found in Datamart and Curated Table :: SHIPTO_STATE
Column Name found in Datamart and Curated Table :: SENTON
Column Name found in Datamart and Curated Table :: SHIPTODESCRIPTION
Column Name found in Datamart and Curated Table :: TENANT_TYPE
Datamart tables contains additional column name like [ACTIVE_FLAG, RECORD_CREATE_DATE, RECORD_UPDATE_DATE, MASTER_ID]
Curated tables contains additional column name like [RECORD_CREATE_DATE, RECORD_UPDATE_DATE, RECORD_UPDATED_BY]]]>
  </system-out>
  <testcase classname="testcases.RAW_DATAMART_CURATED.SnowFlake_ColumnValidation_APITables" name="validateColumnName_BKP" time="3.044"/>
  <system-out>
    <![CDATA[Executing Snowflake query :: SELECT COLUMN_NAME FROM DEV_ENT_RAW.INFORMATION_SCHEMA.COLUMNS WHERE TABLE_NAME='ST_API_TAGTYPE'and TABLE_SCHEMA='API_MAT'
Executing Snowflake query :: SELECT COLUMN_NAME FROM CURATED_DATAMART.INFORMATION_SCHEMA.COLUMNS WHERE TABLE_NAME='STR_API_TAGTYPE'and TABLE_SCHEMA='ST_API_MAITZ'
Executing Snowflake query :: SELECT COLUMN_NAME FROM DEV_ENT_CURATED.INFORMATION_SCHEMA.COLUMNS WHERE TABLE_NAME='DIM_TAGTYPE'and TABLE_SCHEMA='MASTER_DIMENSIONS'
Column names for RAW Table --> ST_API_TAGTYPE :: [ID, ISVISIBLEONDISPATCHBOARD, CODE, COLOR, ISALWAYSVISIBLE, ACTIVE, MODIFIEDON, CREATEDON, IMPORTANCE, FONTCOLOR, ISCONVERSIONOPPORTUNITY, NAME, CREATEDBY_ID, IMPORTID, PROJECTEDVALUEADJUSTMENT, TENANT_TYPE]
Column names for DataMart Table --> STR_API_TAGTYPE :: [ISCONVERSIONOPPORTUNITY, ISALWAYSVISIBLE, ACTIVE, CREATEDBY_ID, RECORD_UPDATE_DATE, ID, CODE, COLOR, CREATEDON, ISVISIBLEONDISPATCHBOARD, FONTCOLOR, IMPORTID, MODIFIEDON, RECORD_CREATE_DATE, PROJECTEDVALUEADJUSTMENT, ACTIVE_FLAG, IMPORTANCE, MASTER_ID, TENANT_TYPE, NAME]
Column names for Curated Table --> DIM_TAGTYPE :: [ACTIVE, CODE, FONTCOLOR, IMPORTANCE, TENANT_TYPE, NAME, CREATEDBY_ID, ID, MODIFIEDON, RECORD_UPDATED_BY, COLOR, CREATEDON, RECORD_UPDATE_DATE, ISCONVERSIONOPPORTUNITY, PROJECTEDVALUEADJUSTMENT, RECORD_CREATE_DATE, ISALWAYSVISIBLE, IMPORTID, ISVISIBLEONDISPATCHBOARD]
Column Name found in Datamart and Curated Table :: ID
Column Name found in Datamart and Curated Table :: ISVISIBLEONDISPATCHBOARD
Column Name found in Datamart and Curated Table :: CODE
Column Name found in Datamart and Curated Table :: COLOR
Column Name found in Datamart and Curated Table :: ISALWAYSVISIBLE
Column Name found in Datamart and Curated Table :: ACTIVE
Column Name found in Datamart and Curated Table :: MODIFIEDON
Column Name found in Datamart and Curated Table :: CREATEDON
Column Name found in Datamart and Curated Table :: IMPORTANCE
Column Name found in Datamart and Curated Table :: FONTCOLOR
Column Name found in Datamart and Curated Table :: ISCONVERSIONOPPORTUNITY
Column Name found in Datamart and Curated Table :: NAME
Column Name found in Datamart and Curated Table :: CREATEDBY_ID
Column Name found in Datamart and Curated Table :: IMPORTID
Column Name found in Datamart and Curated Table :: PROJECTEDVALUEADJUSTMENT
Column Name found in Datamart and Curated Table :: TENANT_TYPE
Datamart tables contains additional column name like [ACTIVE_FLAG, RECORD_CREATE_DATE, RECORD_UPDATE_DATE, MASTER_ID]
Curated tables contains additional column name like [RECORD_CREATE_DATE, RECORD_UPDATE_DATE, RECORD_UPDATED_BY]]]>
  </system-out>
  <testcase classname="testcases.RAW_DATAMART_CURATED.SnowFlake_ColumnValidation_APITables" name="validateColumnName_BKP" time="2.529"/>
  <system-out>
    <![CDATA[Executing Snowflake query :: SELECT COLUMN_NAME FROM DEV_ENT_RAW.INFORMATION_SCHEMA.COLUMNS WHERE TABLE_NAME='ST_API_SKUASSET'and TABLE_SCHEMA='API_MAT'
Executing Snowflake query :: SELECT COLUMN_NAME FROM CURATED_DATAMART.INFORMATION_SCHEMA.COLUMNS WHERE TABLE_NAME='STR_API_SKUASSET'and TABLE_SCHEMA='ST_API_EANESHEATING'
Executing Snowflake query :: SELECT COLUMN_NAME FROM DEV_ENT_CURATED.INFORMATION_SCHEMA.COLUMNS WHERE TABLE_NAME='DIM_SKUASSET'and TABLE_SCHEMA='MASTER_DIMENSIONS'
Column names for RAW Table --> ST_API_SKUASSET :: [ISEXTERNAL, IMPORTID, ACTIVE, ORIGINALNAME, ALIAS, CREATEDBY_ID, ID, OWNER_ID, URL, METADATA, TYPE, CREATEDON, EXTERNALURL, TENANT_TYPE]
Column names for DataMart Table --> STR_API_SKUASSET :: [TYPE, MASTER_ID, CREATEDON, ISEXTERNAL, OWNER_ID, ORIGINALNAME, RECORD_CREATE_DATE, RECORD_UPDATE_DATE, URL, TENANT_TYPE, ID, ACTIVE_FLAG, EXTERNALURL, ACTIVE, ALIAS, CREATEDBY_ID, METADATA, IMPORTID]
Column names for Curated Table --> DIM_SKUASSET :: [EXTERNALURL, ORIGINALNAME, TENANT_TYPE, RECORD_UPDATE_DATE, ID, ISEXTERNAL, RECORD_CREATE_DATE, ALIAS, CREATEDON, RECORD_UPDATED_BY, TYPE, ACTIVE, CREATEDBY_ID, OWNER_ID, METADATA, URL, IMPORTID]
Column Name found in Datamart and Curated Table :: ISEXTERNAL
Column Name found in Datamart and Curated Table :: IMPORTID
Column Name found in Datamart and Curated Table :: ACTIVE
Column Name found in Datamart and Curated Table :: ORIGINALNAME
Column Name found in Datamart and Curated Table :: ALIAS
Column Name found in Datamart and Curated Table :: CREATEDBY_ID
Column Name found in Datamart and Curated Table :: ID
Column Name found in Datamart and Curated Table :: OWNER_ID
Column Name found in Datamart and Curated Table :: URL
Column Name found in Datamart and Curated Table :: METADATA
Column Name found in Datamart and Curated Table :: TYPE
Column Name found in Datamart and Curated Table :: CREATEDON
Column Name found in Datamart and Curated Table :: EXTERNALURL
Column Name found in Datamart and Curated Table :: TENANT_TYPE
Datamart tables contains additional column name like [ACTIVE_FLAG, RECORD_CREATE_DATE, RECORD_UPDATE_DATE, MASTER_ID]
Curated tables contains additional column name like [RECORD_CREATE_DATE, RECORD_UPDATE_DATE, RECORD_UPDATED_BY]]]>
  </system-out>
  <testcase classname="testcases.RAW_DATAMART_CURATED.SnowFlake_ColumnValidation_APITables" name="validateColumnName_BKP" time="2.027"/>
  <system-out>
    <![CDATA[Executing Snowflake query :: SELECT COLUMN_NAME FROM DEV_ENT_RAW.INFORMATION_SCHEMA.COLUMNS WHERE TABLE_NAME='ST_API_CAMPAIGN'and TABLE_SCHEMA='API_MAT'
Executing Snowflake query :: SELECT COLUMN_NAME FROM CURATED_DATAMART.INFORMATION_SCHEMA.COLUMNS WHERE TABLE_NAME='STR_API_CAMPAIGN'and TABLE_SCHEMA='ST_API_GOLDMEDAL'
Executing Snowflake query :: SELECT COLUMN_NAME FROM DEV_ENT_CURATED.INFORMATION_SCHEMA.COLUMNS WHERE TABLE_NAME='DIM_CAMPAIGN'and TABLE_SCHEMA='MASTER_DIMENSIONS'
Column names for RAW Table --> ST_API_CAMPAIGN :: [COST, CATEGORY_ID, ID, ACTIVE, BUSINESSUNIT_ID, MODIFIEDBY_ID, DNIS, IMAGE, NAME, IMPORTID, MODIFIEDON, CREATEDBY_ID, CREATEDON, TENANT_TYPE]
Column names for DataMart Table --> STR_API_CAMPAIGN :: [BUSINESSUNIT_ID, IMPORTID, CREATEDBY_ID, TENANT_TYPE, ACTIVE_FLAG, ID, MASTER_ID, RECORD_UPDATE_DATE, MODIFIEDBY_ID, RECORD_CREATE_DATE, NAME, IMAGE, ACTIVE, COST, CREATEDON, MODIFIEDON, CATEGORY_ID, DNIS]
Column names for Curated Table --> DIM_CAMPAIGN :: [IMAGE, MODIFIEDBY_ID, CATEGORY_ID, NAME, RECORD_CREATE_DATE, ACTIVE, COST, CREATEDBY_ID, IMPORTID, CREATEDON, BUSINESSUNIT_ID, ID, RECORD_UPDATED_BY, MODIFIEDON, DNIS, RECORD_UPDATE_DATE, TENANT_TYPE]
Column Name found in Datamart and Curated Table :: COST
Column Name found in Datamart and Curated Table :: CATEGORY_ID
Column Name found in Datamart and Curated Table :: ID
Column Name found in Datamart and Curated Table :: ACTIVE
Column Name found in Datamart and Curated Table :: BUSINESSUNIT_ID
Column Name found in Datamart and Curated Table :: MODIFIEDBY_ID
Column Name found in Datamart and Curated Table :: DNIS
Column Name found in Datamart and Curated Table :: IMAGE
Column Name found in Datamart and Curated Table :: NAME
Column Name found in Datamart and Curated Table :: IMPORTID
Column Name found in Datamart and Curated Table :: MODIFIEDON
Column Name found in Datamart and Curated Table :: CREATEDBY_ID
Column Name found in Datamart and Curated Table :: CREATEDON
Column Name found in Datamart and Curated Table :: TENANT_TYPE
Datamart tables contains additional column name like [ACTIVE_FLAG, RECORD_CREATE_DATE, RECORD_UPDATE_DATE, MASTER_ID]
Curated tables contains additional column name like [RECORD_CREATE_DATE, RECORD_UPDATE_DATE, RECORD_UPDATED_BY]]]>
  </system-out>
  <testcase classname="testcases.RAW_DATAMART_CURATED.SnowFlake_ColumnValidation_APITables" name="validateColumnName_BKP" time="2.469"/>
  <system-out>
    <![CDATA[Executing Snowflake query :: SELECT COLUMN_NAME FROM DEV_ENT_RAW.INFORMATION_SCHEMA.COLUMNS WHERE TABLE_NAME='ST_API_LOCATION'and TABLE_SCHEMA='API_MAT'
Executing Snowflake query :: SELECT COLUMN_NAME FROM CURATED_DATAMART.INFORMATION_SCHEMA.COLUMNS WHERE TABLE_NAME='STR_API_LOCATION'and TABLE_SCHEMA='ST_API_HENDERSON'
Executing Snowflake query :: SELECT COLUMN_NAME FROM DEV_ENT_CURATED.INFORMATION_SCHEMA.COLUMNS WHERE TABLE_NAME='DIM_LOCATION'and TABLE_SCHEMA='MASTER_DIMENSIONS'
Column names for RAW Table --> ST_API_LOCATION :: [ADDRESS_ISMANUALCOORDINATES, ADDRESS_LATITUDE, CREATEDON, RECURRINGSERVICE_RECURRENCEINTERVAL, ADDRESS_ISMILITARY, ADDRESS_STATE, CUSTOMER_ID, IMPORTID, AUTOLONGITUDE, TAXABLE, RECURRINGSERVICE_TYPE, ACTIVE, ADDRESS_COUNTRY, ADDRESS_UNIT, AVALARAENTITYCODE, ESTIMATEDTAX, ID, TAXEXEMPT, ISPREVAILINGWAGE, RECURRINGSERVICE_ACTIVATEDFROM, ADDRESS_ZIP, PREFERREDTECHNICIAN_ID, RECURRINGSERVICE_FROM, SUMMARY, RECURRINGSERVICE_MEMO, ADDRESS_CITY, AUTOLATITUDE, ZONE_ID, DONOTSENDTECHNICIAN_ID, ADDRESS_LONGITUDE, MODIFIEDON, NAME, NOCHARGE, RECURRINGSERVICE_CANCELLATIONDATE, TAXZONE_ID, ADDRESS_STREET, CREATEDBY_ID, RECURRINGSERVICE_TO, RECURRINGSERVICE_ACTIVATEDBY, TENANT_TYPE]
Column names for DataMart Table --> STR_API_LOCATION :: [ADDRESS_COUNTRY, ADDRESS_ISMILITARY, ADDRESS_LONGITUDE, AVALARAENTITYCODE, MASTER_ID, NAME, AUTOLONGITUDE, RECURRINGSERVICE_TYPE, ADDRESS_STREET, RECURRINGSERVICE_TO, SUMMARY, ADDRESS_LATITUDE, CREATEDON, ACTIVE, ADDRESS_UNIT, CREATEDBY_ID, NOCHARGE, TAXABLE, ADDRESS_STATE, ISPREVAILINGWAGE, ADDRESS_CITY, ID, ZONE_ID, PREFERREDTECHNICIAN_ID, TAXZONE_ID, IMPORTID, DONOTSENDTECHNICIAN_ID, RECURRINGSERVICE_CANCELLATIONDATE, TENANT_TYPE, ACTIVE_FLAG, ADDRESS_ISMANUALCOORDINATES, ESTIMATEDTAX, RECORD_CREATE_DATE, RECURRINGSERVICE_RECURRENCEINTERVAL, CUSTOMER_ID, RECURRINGSERVICE_ACTIVATEDBY, RECURRINGSERVICE_ACTIVATEDFROM, TAXEXEMPT, RECURRINGSERVICE_MEMO, RECURRINGSERVICE_FROM, ADDRESS_ZIP, AUTOLATITUDE, MODIFIEDON, RECORD_UPDATE_DATE]
Column names for Curated Table --> DIM_LOCATION :: [ADDRESS_UNIT, AUTOLONGITUDE, RECURRINGSERVICE_ACTIVATEDFROM, RECURRINGSERVICE_TO, TAXABLE, ADDRESS_CITY, ADDRESS_LATITUDE, IMPORTID, NAME, RECURRINGSERVICE_MEMO, ADDRESS_LONGITUDE, ADDRESS_STATE, ADDRESS_STREET, DONOTSENDTECHNICIAN_ID, MODIFIEDON, TAXZONE_ID, ADDRESS_ISMANUALCOORDINATES, ESTIMATEDTAX, ISPREVAILINGWAGE, RECURRINGSERVICE_ACTIVATEDBY, AUTOLATITUDE, RECORD_UPDATED_BY, RECORD_UPDATE_DATE, SUMMARY, CUSTOMER_ID, ZONE_ID, TENANT_TYPE, ADDRESS_COUNTRY, ADDRESS_ZIP, NOCHARGE, RECURRINGSERVICE_FROM, RECURRINGSERVICE_RECURRENCEINTERVAL, CREATEDON, RECORD_CREATE_DATE, AVALARAENTITYCODE, RECURRINGSERVICE_CANCELLATIONDATE, RECURRINGSERVICE_TYPE, PREFERREDTECHNICIAN_ID, ACTIVE, ADDRESS_ISMILITARY, CREATEDBY_ID, ID, TAXEXEMPT]
Column Name found in Datamart and Curated Table :: ADDRESS_ISMANUALCOORDINATES
Column Name found in Datamart and Curated Table :: ADDRESS_LATITUDE
Column Name found in Datamart and Curated Table :: CREATEDON
Column Name found in Datamart and Curated Table :: RECURRINGSERVICE_RECURRENCEINTERVAL
Column Name found in Datamart and Curated Table :: ADDRESS_ISMILITARY
Column Name found in Datamart and Curated Table :: ADDRESS_STATE
Column Name found in Datamart and Curated Table :: CUSTOMER_ID
Column Name found in Datamart and Curated Table :: IMPORTID
Column Name found in Datamart and Curated Table :: AUTOLONGITUDE
Column Name found in Datamart and Curated Table :: TAXABLE
Column Name found in Datamart and Curated Table :: RECURRINGSERVICE_TYPE
Column Name found in Datamart and Curated Table :: ACTIVE
Column Name found in Datamart and Curated Table :: ADDRESS_COUNTRY
Column Name found in Datamart and Curated Table :: ADDRESS_UNIT
Column Name found in Datamart and Curated Table :: AVALARAENTITYCODE
Column Name found in Datamart and Curated Table :: ESTIMATEDTAX
Column Name found in Datamart and Curated Table :: ID
Column Name found in Datamart and Curated Table :: TAXEXEMPT
Column Name found in Datamart and Curated Table :: ISPREVAILINGWAGE
Column Name found in Datamart and Curated Table :: RECURRINGSERVICE_ACTIVATEDFROM
Column Name found in Datamart and Curated Table :: ADDRESS_ZIP
Column Name found in Datamart and Curated Table :: PREFERREDTECHNICIAN_ID
Column Name found in Datamart and Curated Table :: RECURRINGSERVICE_FROM
Column Name found in Datamart and Curated Table :: SUMMARY
Column Name found in Datamart and Curated Table :: RECURRINGSERVICE_MEMO
Column Name found in Datamart and Curated Table :: ADDRESS_CITY
Column Name found in Datamart and Curated Table :: AUTOLATITUDE
Column Name found in Datamart and Curated Table :: ZONE_ID
Column Name found in Datamart and Curated Table :: DONOTSENDTECHNICIAN_ID
Column Name found in Datamart and Curated Table :: ADDRESS_LONGITUDE
Column Name found in Datamart and Curated Table :: MODIFIEDON
Column Name found in Datamart and Curated Table :: NAME
Column Name found in Datamart and Curated Table :: NOCHARGE
Column Name found in Datamart and Curated Table :: RECURRINGSERVICE_CANCELLATIONDATE
Column Name found in Datamart and Curated Table :: TAXZONE_ID
Column Name found in Datamart and Curated Table :: ADDRESS_STREET
Column Name found in Datamart and Curated Table :: CREATEDBY_ID
Column Name found in Datamart and Curated Table :: RECURRINGSERVICE_TO
Column Name found in Datamart and Curated Table :: RECURRINGSERVICE_ACTIVATEDBY
Column Name found in Datamart and Curated Table :: TENANT_TYPE
Datamart tables contains additional column name like [ACTIVE_FLAG, RECORD_CREATE_DATE, RECORD_UPDATE_DATE, MASTER_ID]
Curated tables contains additional column name like [RECORD_CREATE_DATE, RECORD_UPDATE_DATE, RECORD_UPDATED_BY]]]>
  </system-out>
  <testcase classname="testcases.RAW_DATAMART_CURATED.SnowFlake_ColumnValidation_APITables" name="validateColumnName_BKP" time="2.368"/>
  <system-out>
    <![CDATA[Executing Snowflake query :: SELECT COLUMN_NAME FROM DEV_ENT_RAW.INFORMATION_SCHEMA.COLUMNS WHERE TABLE_NAME='ST_API_ZONE'and TABLE_SCHEMA='API_MAT'
Executing Snowflake query :: SELECT COLUMN_NAME FROM CURATED_DATAMART.INFORMATION_SCHEMA.COLUMNS WHERE TABLE_NAME='STR_API_ZONE'and TABLE_SCHEMA='ST_API_CASTEEL'
Executing Snowflake query :: SELECT COLUMN_NAME FROM DEV_ENT_CURATED.INFORMATION_SCHEMA.COLUMNS WHERE TABLE_NAME='DIM_ZONE'and TABLE_SCHEMA='MASTER_DIMENSIONS'
Column names for RAW Table --> ST_API_ZONE :: [LOCNNUMBERS, MODIFIEDON, CREATEDON, COLOR, ID, SERVICEDAYSENABLED, CREATEDBY_ID, IMPORTID, ACTIVE, NAME, TERRITORYNUMBERS, CITIES, SERVICEDAYS, ZIPS, MAXDRIVETIMEADJUSTMENT, TENANT_TYPE]
Column names for DataMart Table --> STR_API_ZONE :: [CREATEDON, ACTIVE_FLAG, IMPORTID, MAXDRIVETIMEADJUSTMENT, MODIFIEDON, COLOR, CREATEDBY_ID, MASTER_ID, ACTIVE, LOCNNUMBERS, NAME, TENANT_TYPE, ZIPS, SERVICEDAYS, TERRITORYNUMBERS, SERVICEDAYSENABLED, CITIES, ID, RECORD_CREATE_DATE, RECORD_UPDATE_DATE]
Column names for Curated Table --> DIM_ZONE :: [CREATEDON, ID, ZIPS, CITIES, IMPORTID, LOCNNUMBERS, MODIFIEDON, NAME, SERVICEDAYS, TENANT_TYPE, MAXDRIVETIMEADJUSTMENT, TERRITORYNUMBERS, RECORD_CREATE_DATE, ACTIVE, CREATEDBY_ID, SERVICEDAYSENABLED, RECORD_UPDATE_DATE, COLOR, RECORD_UPDATED_BY]
Column Name found in Datamart and Curated Table :: LOCNNUMBERS
Column Name found in Datamart and Curated Table :: MODIFIEDON
Column Name found in Datamart and Curated Table :: CREATEDON
Column Name found in Datamart and Curated Table :: COLOR
Column Name found in Datamart and Curated Table :: ID
Column Name found in Datamart and Curated Table :: SERVICEDAYSENABLED
Column Name found in Datamart and Curated Table :: CREATEDBY_ID
Column Name found in Datamart and Curated Table :: IMPORTID
Column Name found in Datamart and Curated Table :: ACTIVE
Column Name found in Datamart and Curated Table :: NAME
Column Name found in Datamart and Curated Table :: TERRITORYNUMBERS
Column Name found in Datamart and Curated Table :: CITIES
Column Name found in Datamart and Curated Table :: SERVICEDAYS
Column Name found in Datamart and Curated Table :: ZIPS
Column Name found in Datamart and Curated Table :: MAXDRIVETIMEADJUSTMENT
Column Name found in Datamart and Curated Table :: TENANT_TYPE
Datamart tables contains additional column name like [ACTIVE_FLAG, RECORD_CREATE_DATE, RECORD_UPDATE_DATE, MASTER_ID]
Curated tables contains additional column name like [RECORD_CREATE_DATE, RECORD_UPDATE_DATE, RECORD_UPDATED_BY]]]>
  </system-out>
  <testcase classname="testcases.RAW_DATAMART_CURATED.SnowFlake_ColumnValidation_APITables" name="validateColumnName_BKP" time="2.753"/>
  <system-out>
    <![CDATA[Executing Snowflake query :: SELECT COLUMN_NAME FROM DEV_ENT_RAW.INFORMATION_SCHEMA.COLUMNS WHERE TABLE_NAME='ST_API_PAYMENTSPLIT'and TABLE_SCHEMA='API_MAT'
Executing Snowflake query :: SELECT COLUMN_NAME FROM CURATED_DATAMART.INFORMATION_SCHEMA.COLUMNS WHERE TABLE_NAME='STR_API_PAYMENTSPLIT'and TABLE_SCHEMA='ST_API_GOLDMEDAL'
Executing Snowflake query :: SELECT COLUMN_NAME FROM DEV_ENT_CURATED.INFORMATION_SCHEMA.COLUMNS WHERE TABLE_NAME='DIM_PAYMENTSPLIT'and TABLE_SCHEMA='MASTER_DIMENSIONS'
Column names for RAW Table --> ST_API_PAYMENTSPLIT :: [ID, MODIFIEDON, AMOUNT, PAYMENT_ID, PAYSELLERCOMMISSION, IMPORTID, INVOICE_ID, CREATEDON, CREATEDBY_ID, ACTIVE, TENANT_TYPE]
Column names for DataMart Table --> STR_API_PAYMENTSPLIT :: [ACTIVE, IMPORTID, PAYSELLERCOMMISSION, AMOUNT, CREATEDBY_ID, INVOICE_ID, RECORD_UPDATE_DATE, MODIFIEDON, PAYMENT_ID, TENANT_TYPE, MASTER_ID, ACTIVE_FLAG, ID, CREATEDON, RECORD_CREATE_DATE]
Column names for Curated Table --> DIM_PAYMENTSPLIT :: [IMPORTID, PAYSELLERCOMMISSION, CREATEDON, PAYMENT_ID, TENANT_TYPE, MODIFIEDON, AMOUNT, CREATEDBY_ID, INVOICE_ID, ID, RECORD_UPDATED_BY, RECORD_UPDATE_DATE, ACTIVE, RECORD_CREATE_DATE]
Column Name found in Datamart and Curated Table :: ID
Column Name found in Datamart and Curated Table :: MODIFIEDON
Column Name found in Datamart and Curated Table :: AMOUNT
Column Name found in Datamart and Curated Table :: PAYMENT_ID
Column Name found in Datamart and Curated Table :: PAYSELLERCOMMISSION
Column Name found in Datamart and Curated Table :: IMPORTID
Column Name found in Datamart and Curated Table :: INVOICE_ID
Column Name found in Datamart and Curated Table :: CREATEDON
Column Name found in Datamart and Curated Table :: CREATEDBY_ID
Column Name found in Datamart and Curated Table :: ACTIVE
Column Name found in Datamart and Curated Table :: TENANT_TYPE
Datamart tables contains additional column name like [ACTIVE_FLAG, RECORD_CREATE_DATE, RECORD_UPDATE_DATE, MASTER_ID]
Curated tables contains additional column name like [RECORD_CREATE_DATE, RECORD_UPDATE_DATE, RECORD_UPDATED_BY]]]>
  </system-out>
  <testcase classname="testcases.RAW_DATAMART_CURATED.SnowFlake_ColumnValidation_APITables" name="validateColumnName_BKP" time="2.144"/>
  <system-out>
    <![CDATA[Executing Snowflake query :: SELECT COLUMN_NAME FROM DEV_ENT_RAW.INFORMATION_SCHEMA.COLUMNS WHERE TABLE_NAME='ST_API_MATERIALVENDOR'and TABLE_SCHEMA='API_MAT'
Executing Snowflake query :: SELECT COLUMN_NAME FROM CURATED_DATAMART.INFORMATION_SCHEMA.COLUMNS WHERE TABLE_NAME='STR_API_MATERIALVENDOR'and TABLE_SCHEMA='ST_API_FOURPROS'
Executing Snowflake query :: SELECT COLUMN_NAME FROM DEV_ENT_CURATED.INFORMATION_SCHEMA.COLUMNS WHERE TABLE_NAME='DIM_MATERIALVENDOR'and TABLE_SCHEMA='MASTER_DIMENSIONS'
Column names for RAW Table --> ST_API_MATERIALVENDOR :: [ACTIVE, CREATEDON, MEMO, VENDOR_ID, CREATEDBY_ID, COST, ID, ISPRIMARY, IMPORTID, PRIMARYSUBACCOUNT_ID, MATERIAL_ID, PARTNUMBER, TENANT_TYPE]
Column names for DataMart Table --> STR_API_MATERIALVENDOR :: [MEMO, PARTNUMBER, ACTIVE, ACTIVE_FLAG, ISPRIMARY, RECORD_CREATE_DATE, VENDOR_ID, CREATEDON, IMPORTID, MATERIAL_ID, PRIMARYSUBACCOUNT_ID, ID, MASTER_ID, COST, CREATEDBY_ID, TENANT_TYPE, RECORD_UPDATE_DATE]
Column names for Curated Table --> DIM_MATERIALVENDOR :: [ID, MATERIAL_ID, ACTIVE, COST, CREATEDBY_ID, IMPORTID, ISPRIMARY, PRIMARYSUBACCOUNT_ID, RECORD_UPDATE_DATE, TENANT_TYPE, MEMO, RECORD_UPDATED_BY, VENDOR_ID, CREATEDON, PARTNUMBER, RECORD_CREATE_DATE]
Column Name found in Datamart and Curated Table :: ACTIVE
Column Name found in Datamart and Curated Table :: CREATEDON
Column Name found in Datamart and Curated Table :: MEMO
Column Name found in Datamart and Curated Table :: VENDOR_ID
Column Name found in Datamart and Curated Table :: CREATEDBY_ID
Column Name found in Datamart and Curated Table :: COST
Column Name found in Datamart and Curated Table :: ID
Column Name found in Datamart and Curated Table :: ISPRIMARY
Column Name found in Datamart and Curated Table :: IMPORTID
Column Name found in Datamart and Curated Table :: PRIMARYSUBACCOUNT_ID
Column Name found in Datamart and Curated Table :: MATERIAL_ID
Column Name found in Datamart and Curated Table :: PARTNUMBER
Column Name found in Datamart and Curated Table :: TENANT_TYPE
Datamart tables contains additional column name like [ACTIVE_FLAG, RECORD_CREATE_DATE, RECORD_UPDATE_DATE, MASTER_ID]
Curated tables contains additional column name like [RECORD_CREATE_DATE, RECORD_UPDATE_DATE, RECORD_UPDATED_BY]]]>
  </system-out>
  <testcase classname="testcases.RAW_DATAMART_CURATED.SnowFlake_ColumnValidation_APITables" name="validateColumnName_BKP" time="2.317"/>
  <system-out>
    <![CDATA[Executing Snowflake query :: SELECT COLUMN_NAME FROM DEV_ENT_RAW.INFORMATION_SCHEMA.COLUMNS WHERE TABLE_NAME='ST_API_JOBCOMPLETIONSURVEY'and TABLE_SCHEMA='API_MAT'
Executing Snowflake query :: SELECT COLUMN_NAME FROM CURATED_DATAMART.INFORMATION_SCHEMA.COLUMNS WHERE TABLE_NAME='STR_API_JOBCOMPLETIONSURVEY'and TABLE_SCHEMA='ST_API_HUTCHINSON'
Executing Snowflake query :: SELECT COLUMN_NAME FROM DEV_ENT_CURATED.INFORMATION_SCHEMA.COLUMNS WHERE TABLE_NAME='DIM_JOBCOMPLETIONSURVEY'and TABLE_SCHEMA='MASTER_DIMENSIONS'
Column names for RAW Table --> ST_API_JOBCOMPLETIONSURVEY :: [SENTON, ISPLANNINGTOUSEAGAIN, ISROUTINECOMPLETED, MEMO, RECOMMENDATIONS, STATUS, TOKEN, ID, JOBCOMPLETEDON, SUBMITCOUNT, JOBID, MODIFIEDON, COMPLETEDON, RATING, SURVEYTYPE, TENANT_TYPE]
Column names for DataMart Table --> STR_API_JOBCOMPLETIONSURVEY :: [RATING, ID, STATUS, JOBID, MEMO, SENTON, SUBMITCOUNT, TENANT_TYPE, ISPLANNINGTOUSEAGAIN, RECORD_CREATE_DATE, ISROUTINECOMPLETED, RECOMMENDATIONS, SURVEYTYPE, TOKEN, ACTIVE_FLAG, JOBCOMPLETEDON, RECORD_UPDATE_DATE, MODIFIEDON, COMPLETEDON, MASTER_ID]
Column names for Curated Table --> DIM_JOBCOMPLETIONSURVEY :: [ID, JOBCOMPLETEDON, SUBMITCOUNT, ISROUTINECOMPLETED, MEMO, RECORD_UPDATED_BY, STATUS, JOBID, RECORD_UPDATE_DATE, TENANT_TYPE, MODIFIEDON, SURVEYTYPE, COMPLETEDON, ISPLANNINGTOUSEAGAIN, RATING, SENTON, RECOMMENDATIONS, RECORD_CREATE_DATE, TOKEN]
Column Name found in Datamart and Curated Table :: SENTON
Column Name found in Datamart and Curated Table :: ISPLANNINGTOUSEAGAIN
Column Name found in Datamart and Curated Table :: ISROUTINECOMPLETED
Column Name found in Datamart and Curated Table :: MEMO
Column Name found in Datamart and Curated Table :: RECOMMENDATIONS
Column Name found in Datamart and Curated Table :: STATUS
Column Name found in Datamart and Curated Table :: TOKEN
Column Name found in Datamart and Curated Table :: ID
Column Name found in Datamart and Curated Table :: JOBCOMPLETEDON
Column Name found in Datamart and Curated Table :: SUBMITCOUNT
Column Name found in Datamart and Curated Table :: JOBID
Column Name found in Datamart and Curated Table :: MODIFIEDON
Column Name found in Datamart and Curated Table :: COMPLETEDON
Column Name found in Datamart and Curated Table :: RATING
Column Name found in Datamart and Curated Table :: SURVEYTYPE
Column Name found in Datamart and Curated Table :: TENANT_TYPE
Datamart tables contains additional column name like [ACTIVE_FLAG, RECORD_CREATE_DATE, RECORD_UPDATE_DATE, MASTER_ID]
Curated tables contains additional column name like [RECORD_CREATE_DATE, RECORD_UPDATE_DATE, RECORD_UPDATED_BY]]]>
  </system-out>
  <testcase classname="testcases.RAW_DATAMART_CURATED.SnowFlake_ColumnValidation_APITables" name="validateColumnName_BKP" time="2.446"/>
  <system-out>
    <![CDATA[Executing Snowflake query :: SELECT COLUMN_NAME FROM DEV_ENT_RAW.INFORMATION_SCHEMA.COLUMNS WHERE TABLE_NAME='ST_API_EMPLOYEE'and TABLE_SCHEMA='API_MAT'
Executing Snowflake query :: SELECT COLUMN_NAME FROM CURATED_DATAMART.INFORMATION_SCHEMA.COLUMNS WHERE TABLE_NAME='STR_API_EMPLOYEE'and TABLE_SCHEMA='ST_API_HORIZONSERVICES'
Executing Snowflake query :: SELECT COLUMN_NAME FROM DEV_ENT_CURATED.INFORMATION_SCHEMA.COLUMNS WHERE TABLE_NAME='DIM_EMPLOYEE'and TABLE_SCHEMA='MASTER_DIMENSIONS'
Column names for RAW Table --> ST_API_EMPLOYEE :: [HOME_ISMILITARY, HOME_STATE, HOME_UNIT, MANAGER_ID, MOBILEPHONE, PAYROLLID, PHONE, OVERTIMEMODE, PHOTO, PAYROLLBUSINESSUNIT_ID, ACTIVE, AGENTID, CLOCKINOUTREMINDER, EMAILCONFIRMED, FIRSTNAME, PAYFREQUENCY_ID, HOME_ZIP, NAME, HOME_LONGITUDE, HOME_LATITUDE, LASTNAME, SALESFORCEROLE, CREATEDON, USER_ID, IMPORTID, ID, SALESFORCECONTACTID, BIRTHDATE, CREATEDBY_ID, EMAIL, HOME_COUNTRY, HOME_STREET, HOURLYRATE, STARTDATE, MOBILEPHONECONFIRMED, PAYROLLSTARTPERIOD, PHONECONFIRMED, POSITION, HOME_CITY, ISEXTERNAL, HOME_ISMANUALCOORDINATES, MIDDLENAME, MODIFIEDON, OVERTIMEPROFILE_ID, TENANT_TYPE]
Column names for DataMart Table --> STR_API_EMPLOYEE :: [OVERTIMEMODE, AGENTID, EMAIL, HOME_LATITUDE, PAYFREQUENCY_ID, PAYROLLID, IMPORTID, NAME, HOME_STATE, ACTIVE_FLAG, BIRTHDATE, HOME_COUNTRY, HOME_ISMANUALCOORDINATES, HOME_STREET, ID, ISEXCLUDEDFROMPAYROLL, STARTDATE, SALESFORCEROLE, EMAILCONFIRMED, HOURLYRATE, HOME_ISMILITARY, PAYROLLSTARTPERIOD, RECORD_CREATE_DATE, CREATEDON, LASTNAME, PHONE, PHOTO, CLOCKINOUTREMINDER, HOME_ZIP, MANAGER_ID, MODIFIEDON, HOME_LONGITUDE, MIDDLENAME, MOBILEPHONE, MOBILEPHONECONFIRMED, PHONECONFIRMED, HOME_UNIT, ACTIVE, FIRSTNAME, HOME_CITY, MASTER_ID, OVERTIMEPROFILE_ID, SALESFORCECONTACTID, TENANT_TYPE, PAYROLLBUSINESSUNIT_ID, USER_ID, RECORD_UPDATE_DATE, CREATEDBY_ID, ISEXTERNAL, POSITION]
Column names for Curated Table --> DIM_EMPLOYEE :: [CREATEDON, EMAIL, HOME_COUNTRY, HOME_ISMILITARY, PAYROLLID, PHONECONFIRMED, PAYROLLSTARTPERIOD, STARTDATE, PHONE, EMAILCONFIRMED, MOBILEPHONE, PAYFREQUENCY_ID, USER_ID, HOME_STATE, ISEXTERNAL, SALESFORCEROLE, CLOCKINOUTREMINDER, OVERTIMEMODE, ACTIVE, FIRSTNAME, HOURLYRATE, ISEXCLUDEDFROMPAYROLL, PAYROLLBUSINESSUNIT_ID, SALESFORCECONTACTID, AGENTID, CREATEDBY_ID, MANAGER_ID, HOME_ZIP, ID, IMPORTID, MODIFIEDON, PHOTO, RECORD_CREATE_DATE, BIRTHDATE, HOME_LATITUDE, HOME_STREET, POSITION, MOBILEPHONECONFIRMED, RECORD_UPDATED_BY, HOME_CITY, HOME_ISMANUALCOORDINATES, HOME_LONGITUDE, HOME_UNIT, LASTNAME, MIDDLENAME, TENANT_TYPE, NAME, RECORD_UPDATE_DATE, OVERTIMEPROFILE_ID]
Column Name found in Datamart and Curated Table :: HOME_ISMILITARY
Column Name found in Datamart and Curated Table :: HOME_STATE
Column Name found in Datamart and Curated Table :: HOME_UNIT
Column Name found in Datamart and Curated Table :: MANAGER_ID
Column Name found in Datamart and Curated Table :: MOBILEPHONE
Column Name found in Datamart and Curated Table :: PAYROLLID
Column Name found in Datamart and Curated Table :: PHONE
Column Name found in Datamart and Curated Table :: OVERTIMEMODE
Column Name found in Datamart and Curated Table :: PHOTO
Column Name found in Datamart and Curated Table :: PAYROLLBUSINESSUNIT_ID
Column Name found in Datamart and Curated Table :: ACTIVE
Column Name found in Datamart and Curated Table :: AGENTID
Column Name found in Datamart and Curated Table :: CLOCKINOUTREMINDER
Column Name found in Datamart and Curated Table :: EMAILCONFIRMED
Column Name found in Datamart and Curated Table :: FIRSTNAME
Column Name found in Datamart and Curated Table :: PAYFREQUENCY_ID
Column Name found in Datamart and Curated Table :: HOME_ZIP
Column Name found in Datamart and Curated Table :: NAME
Column Name found in Datamart and Curated Table :: HOME_LONGITUDE
Column Name found in Datamart and Curated Table :: HOME_LATITUDE
Column Name found in Datamart and Curated Table :: LASTNAME
Column Name found in Datamart and Curated Table :: SALESFORCEROLE
Column Name found in Datamart and Curated Table :: CREATEDON
Column Name found in Datamart and Curated Table :: USER_ID
Column Name found in Datamart and Curated Table :: IMPORTID
Column Name found in Datamart and Curated Table :: ID
Column Name found in Datamart and Curated Table :: SALESFORCECONTACTID
Column Name found in Datamart and Curated Table :: BIRTHDATE
Column Name found in Datamart and Curated Table :: CREATEDBY_ID
Column Name found in Datamart and Curated Table :: EMAIL
Column Name found in Datamart and Curated Table :: HOME_COUNTRY
Column Name found in Datamart and Curated Table :: HOME_STREET
Column Name found in Datamart and Curated Table :: HOURLYRATE
Column Name found in Datamart and Curated Table :: STARTDATE
Column Name found in Datamart and Curated Table :: MOBILEPHONECONFIRMED
Column Name found in Datamart and Curated Table :: PAYROLLSTARTPERIOD
Column Name found in Datamart and Curated Table :: PHONECONFIRMED
Column Name found in Datamart and Curated Table :: POSITION
Column Name found in Datamart and Curated Table :: HOME_CITY
Column Name found in Datamart and Curated Table :: ISEXTERNAL
Column Name found in Datamart and Curated Table :: HOME_ISMANUALCOORDINATES
Column Name found in Datamart and Curated Table :: MIDDLENAME
Column Name found in Datamart and Curated Table :: MODIFIEDON
Column Name found in Datamart and Curated Table :: OVERTIMEPROFILE_ID
Column Name found in Datamart and Curated Table :: TENANT_TYPE
Datamart tables contains additional column name like [ACTIVE_FLAG, RECORD_CREATE_DATE, RECORD_UPDATE_DATE, MASTER_ID]
Curated tables contains additional column name like [RECORD_CREATE_DATE, RECORD_UPDATE_DATE, RECORD_UPDATED_BY]]]>
  </system-out>
  <testcase classname="testcases.RAW_DATAMART_CURATED.SnowFlake_ColumnValidation_APITables" name="validateColumnName_BKP" time="2.238"/>
  <system-out>
    <![CDATA[Executing Snowflake query :: SELECT COLUMN_NAME FROM DEV_ENT_RAW.INFORMATION_SCHEMA.COLUMNS WHERE TABLE_NAME='ST_API_EMPLOYEE'and TABLE_SCHEMA='API_MAT'
Executing Snowflake query :: SELECT COLUMN_NAME FROM CURATED_DATAMART.INFORMATION_SCHEMA.COLUMNS WHERE TABLE_NAME='STR_API_EMPLOYEE'and TABLE_SCHEMA='ST_API_HENDERSON'
Executing Snowflake query :: SELECT COLUMN_NAME FROM DEV_ENT_CURATED.INFORMATION_SCHEMA.COLUMNS WHERE TABLE_NAME='DIM_EMPLOYEE'and TABLE_SCHEMA='MASTER_DIMENSIONS'
Column names for RAW Table --> ST_API_EMPLOYEE :: [HOME_ISMILITARY, HOME_STATE, HOME_UNIT, MANAGER_ID, MOBILEPHONE, PAYROLLID, PHONE, OVERTIMEMODE, PHOTO, PAYROLLBUSINESSUNIT_ID, ACTIVE, AGENTID, CLOCKINOUTREMINDER, EMAILCONFIRMED, FIRSTNAME, PAYFREQUENCY_ID, HOME_ZIP, NAME, HOME_LONGITUDE, HOME_LATITUDE, LASTNAME, SALESFORCEROLE, CREATEDON, USER_ID, IMPORTID, ID, SALESFORCECONTACTID, BIRTHDATE, CREATEDBY_ID, EMAIL, HOME_COUNTRY, HOME_STREET, HOURLYRATE, STARTDATE, MOBILEPHONECONFIRMED, PAYROLLSTARTPERIOD, PHONECONFIRMED, POSITION, HOME_CITY, ISEXTERNAL, HOME_ISMANUALCOORDINATES, MIDDLENAME, MODIFIEDON, OVERTIMEPROFILE_ID, TENANT_TYPE]
Column names for DataMart Table --> STR_API_EMPLOYEE :: [BIRTHDATE, HOME_ISMILITARY, NAME, PAYFREQUENCY_ID, PAYROLLSTARTPERIOD, HOME_ISMANUALCOORDINATES, ISEXCLUDEDFROMPAYROLL, SALESFORCECONTACTID, MODIFIEDON, CREATEDBY_ID, MOBILEPHONE, OVERTIMEPROFILE_ID, ISEXTERNAL, OVERTIMEMODE, CLOCKINOUTREMINDER, HOME_CITY, HOME_COUNTRY, HOME_STATE, HOME_STREET, LASTNAME, AGENTID, MANAGER_ID, PAYROLLID, PHONE, HOME_LONGITUDE, EMAIL, HOME_ZIP, ID, PHONECONFIRMED, IMPORTID, RECORD_CREATE_DATE, HOURLYRATE, HOME_UNIT, MIDDLENAME, ACTIVE, ACTIVE_FLAG, CREATEDON, MOBILEPHONECONFIRMED, STARTDATE, FIRSTNAME, POSITION, USER_ID, RECORD_UPDATE_DATE, EMAILCONFIRMED, HOME_LATITUDE, PAYROLLBUSINESSUNIT_ID, MASTER_ID, SALESFORCEROLE, TENANT_TYPE, PHOTO]
Column names for Curated Table --> DIM_EMPLOYEE :: [CREATEDON, EMAIL, HOME_COUNTRY, HOME_ISMILITARY, PAYROLLID, PHONECONFIRMED, PAYROLLSTARTPERIOD, STARTDATE, PHONE, EMAILCONFIRMED, MOBILEPHONE, PAYFREQUENCY_ID, USER_ID, HOME_STATE, ISEXTERNAL, SALESFORCEROLE, CLOCKINOUTREMINDER, OVERTIMEMODE, ACTIVE, FIRSTNAME, HOURLYRATE, ISEXCLUDEDFROMPAYROLL, PAYROLLBUSINESSUNIT_ID, SALESFORCECONTACTID, AGENTID, CREATEDBY_ID, MANAGER_ID, HOME_ZIP, ID, IMPORTID, MODIFIEDON, PHOTO, RECORD_CREATE_DATE, BIRTHDATE, HOME_LATITUDE, HOME_STREET, POSITION, MOBILEPHONECONFIRMED, RECORD_UPDATED_BY, HOME_CITY, HOME_ISMANUALCOORDINATES, HOME_LONGITUDE, HOME_UNIT, LASTNAME, MIDDLENAME, TENANT_TYPE, NAME, RECORD_UPDATE_DATE, OVERTIMEPROFILE_ID]
Column Name found in Datamart and Curated Table :: HOME_ISMILITARY
Column Name found in Datamart and Curated Table :: HOME_STATE
Column Name found in Datamart and Curated Table :: HOME_UNIT
Column Name found in Datamart and Curated Table :: MANAGER_ID
Column Name found in Datamart and Curated Table :: MOBILEPHONE
Column Name found in Datamart and Curated Table :: PAYROLLID
Column Name found in Datamart and Curated Table :: PHONE
Column Name found in Datamart and Curated Table :: OVERTIMEMODE
Column Name found in Datamart and Curated Table :: PHOTO
Column Name found in Datamart and Curated Table :: PAYROLLBUSINESSUNIT_ID
Column Name found in Datamart and Curated Table :: ACTIVE
Column Name found in Datamart and Curated Table :: AGENTID
Column Name found in Datamart and Curated Table :: CLOCKINOUTREMINDER
Column Name found in Datamart and Curated Table :: EMAILCONFIRMED
Column Name found in Datamart and Curated Table :: FIRSTNAME
Column Name found in Datamart and Curated Table :: PAYFREQUENCY_ID
Column Name found in Datamart and Curated Table :: HOME_ZIP
Column Name found in Datamart and Curated Table :: NAME
Column Name found in Datamart and Curated Table :: HOME_LONGITUDE
Column Name found in Datamart and Curated Table :: HOME_LATITUDE
Column Name found in Datamart and Curated Table :: LASTNAME
Column Name found in Datamart and Curated Table :: SALESFORCEROLE
Column Name found in Datamart and Curated Table :: CREATEDON
Column Name found in Datamart and Curated Table :: USER_ID
Column Name found in Datamart and Curated Table :: IMPORTID
Column Name found in Datamart and Curated Table :: ID
Column Name found in Datamart and Curated Table :: SALESFORCECONTACTID
Column Name found in Datamart and Curated Table :: BIRTHDATE
Column Name found in Datamart and Curated Table :: CREATEDBY_ID
Column Name found in Datamart and Curated Table :: EMAIL
Column Name found in Datamart and Curated Table :: HOME_COUNTRY
Column Name found in Datamart and Curated Table :: HOME_STREET
Column Name found in Datamart and Curated Table :: HOURLYRATE
Column Name found in Datamart and Curated Table :: STARTDATE
Column Name found in Datamart and Curated Table :: MOBILEPHONECONFIRMED
Column Name found in Datamart and Curated Table :: PAYROLLSTARTPERIOD
Column Name found in Datamart and Curated Table :: PHONECONFIRMED
Column Name found in Datamart and Curated Table :: POSITION
Column Name found in Datamart and Curated Table :: HOME_CITY
Column Name found in Datamart and Curated Table :: ISEXTERNAL
Column Name found in Datamart and Curated Table :: HOME_ISMANUALCOORDINATES
Column Name found in Datamart and Curated Table :: MIDDLENAME
Column Name found in Datamart and Curated Table :: MODIFIEDON
Column Name found in Datamart and Curated Table :: OVERTIMEPROFILE_ID
Column Name found in Datamart and Curated Table :: TENANT_TYPE
Datamart tables contains additional column name like [ACTIVE_FLAG, RECORD_CREATE_DATE, RECORD_UPDATE_DATE, MASTER_ID]
Curated tables contains additional column name like [RECORD_CREATE_DATE, RECORD_UPDATE_DATE, RECORD_UPDATED_BY]]]>
  </system-out>
  <testcase classname="testcases.RAW_DATAMART_CURATED.SnowFlake_ColumnValidation_APITables" name="validateColumnName_BKP" time="5.028"/>
  <system-out>
    <![CDATA[Executing Snowflake query :: SELECT COLUMN_NAME FROM DEV_ENT_RAW.INFORMATION_SCHEMA.COLUMNS WHERE TABLE_NAME='ST_API_CAMPAIGN'and TABLE_SCHEMA='API_MAT'
Executing Snowflake query :: SELECT COLUMN_NAME FROM CURATED_DATAMART.INFORMATION_SCHEMA.COLUMNS WHERE TABLE_NAME='STR_API_CAMPAIGN'and TABLE_SCHEMA='ST_API_HUTCHINSON'
Executing Snowflake query :: SELECT COLUMN_NAME FROM DEV_ENT_CURATED.INFORMATION_SCHEMA.COLUMNS WHERE TABLE_NAME='DIM_CAMPAIGN'and TABLE_SCHEMA='MASTER_DIMENSIONS'
Column names for RAW Table --> ST_API_CAMPAIGN :: [COST, CATEGORY_ID, ID, ACTIVE, BUSINESSUNIT_ID, MODIFIEDBY_ID, DNIS, IMAGE, NAME, IMPORTID, MODIFIEDON, CREATEDBY_ID, CREATEDON, TENANT_TYPE]
Column names for DataMart Table --> STR_API_CAMPAIGN :: [CREATEDBY_ID, DNIS, TENANT_TYPE, IMPORTID, RECORD_UPDATE_DATE, ID, NAME, ACTIVE, CATEGORY_ID, COST, MASTER_ID, RECORD_CREATE_DATE, MODIFIEDBY_ID, ACTIVE_FLAG, BUSINESSUNIT_ID, MODIFIEDON, IMAGE, CREATEDON]
Column names for Curated Table --> DIM_CAMPAIGN :: [IMAGE, MODIFIEDBY_ID, CATEGORY_ID, NAME, RECORD_CREATE_DATE, ACTIVE, COST, CREATEDBY_ID, IMPORTID, CREATEDON, BUSINESSUNIT_ID, ID, RECORD_UPDATED_BY, MODIFIEDON, DNIS, RECORD_UPDATE_DATE, TENANT_TYPE]
Column Name found in Datamart and Curated Table :: COST
Column Name found in Datamart and Curated Table :: CATEGORY_ID
Column Name found in Datamart and Curated Table :: ID
Column Name found in Datamart and Curated Table :: ACTIVE
Column Name found in Datamart and Curated Table :: BUSINESSUNIT_ID
Column Name found in Datamart and Curated Table :: MODIFIEDBY_ID
Column Name found in Datamart and Curated Table :: DNIS
Column Name found in Datamart and Curated Table :: IMAGE
Column Name found in Datamart and Curated Table :: NAME
Column Name found in Datamart and Curated Table :: IMPORTID
Column Name found in Datamart and Curated Table :: MODIFIEDON
Column Name found in Datamart and Curated Table :: CREATEDBY_ID
Column Name found in Datamart and Curated Table :: CREATEDON
Column Name found in Datamart and Curated Table :: TENANT_TYPE
Datamart tables contains additional column name like [ACTIVE_FLAG, RECORD_CREATE_DATE, RECORD_UPDATE_DATE, MASTER_ID]
Curated tables contains additional column name like [RECORD_CREATE_DATE, RECORD_UPDATE_DATE, RECORD_UPDATED_BY]]]>
  </system-out>
  <testcase classname="testcases.RAW_DATAMART_CURATED.SnowFlake_ColumnValidation_APITables" name="validateColumnName_BKP" time="4.718"/>
  <system-out>
    <![CDATA[Executing Snowflake query :: SELECT COLUMN_NAME FROM DEV_ENT_RAW.INFORMATION_SCHEMA.COLUMNS WHERE TABLE_NAME='ST_API_VENDOR'and TABLE_SCHEMA='API_MAT'
Executing Snowflake query :: SELECT COLUMN_NAME FROM CURATED_DATAMART.INFORMATION_SCHEMA.COLUMNS WHERE TABLE_NAME='STR_API_VENDOR'and TABLE_SCHEMA='ST_API_SNELLHEATINGAIR'
Executing Snowflake query :: SELECT COLUMN_NAME FROM DEV_ENT_CURATED.INFORMATION_SCHEMA.COLUMNS WHERE TABLE_NAME='DIM_VENDOR'and TABLE_SCHEMA='MASTER_DIMENSIONS'
Column names for RAW Table --> ST_API_VENDOR :: [DELIVERYOPTION, REMITTANCEVENDOR_ID, LASTNAME, TAXRATE, ACTIVE, CREATEDON, VENDORADDRESS_ISMANUALCOORDINATES, IMPORTID, ISTRUCKREPLENISHMENT, PHONE, ID, VENDORADDRESS_STREET, FAX, VENDORADDRESS_LATITUDE, CREATEDBY_ID, EMAIL, EXTERNALID, FIRSTNAME, MEMO, RESTRICTEDMOBILECREATION, VENDORADDRESS_COUNTRY, VENDORADDRESS_LONGITUDE, VENDORADDRESS_CITY, NAME, VENDORADDRESS_ISMILITARY, VENDORQUICKBOOKSITEM, VENDORADDRESS_UNIT, VENDORADDRESS_ZIP, VENDORADDRESS_STATE, MODIFIEDON, PAYMENTTERM_ID, ADDRESS, TENANT_TYPE]
Column names for DataMart Table --> STR_API_VENDOR :: [DELIVERYOPTION, MASTER_ID, MEMO, RECORD_UPDATE_DATE, TENANT_TYPE, VENDORADDRESS_LATITUDE, FAX, MODIFIEDON, TAXRATE, CREATEDON, NAME, LASTNAME, RESTRICTEDMOBILECREATION, ADDRESS, VENDORADDRESS_LONGITUDE, PHONE, VENDORADDRESS_STATE, ACTIVE_FLAG, EMAIL, EXTERNALID, PAYMENTTERM_ID, ACTIVE, FIRSTNAME, VENDORADDRESS_ISMILITARY, CREATEDBY_ID, VENDORADDRESS_CITY, VENDORADDRESS_ISMANUALCOORDINATES, VENDORADDRESS_STREET, VENDORADDRESS_UNIT, RECORD_CREATE_DATE, REMITTANCEVENDOR_ID, VENDORADDRESS_COUNTRY, VENDORADDRESS_ZIP, ID, IMPORTID, ISTRUCKREPLENISHMENT, VENDORQUICKBOOKSITEM]
Column names for Curated Table --> DIM_VENDOR :: [DELIVERYOPTION, EXTERNALID, VENDORADDRESS_LATITUDE, VENDORADDRESS_ISMILITARY, VENDORADDRESS_STREET, EMAIL, ID, MEMO, PHONE, TAXRATE, VENDORADDRESS_ZIP, VENDORADDRESS_CITY, ACTIVE, ADDRESS, FAX, ISTRUCKREPLENISHMENT, VENDORADDRESS_STATE, REMITTANCEVENDOR_ID, FIRSTNAME, NAME, VENDORADDRESS_COUNTRY, LASTNAME, RECORD_UPDATE_DATE, VENDORADDRESS_UNIT, MODIFIEDON, CREATEDBY_ID, RECORD_CREATE_DATE, TENANT_TYPE, VENDORADDRESS_LONGITUDE, CREATEDON, IMPORTID, VENDORADDRESS_ISMANUALCOORDINATES, RESTRICTEDMOBILECREATION, PAYMENTTERM_ID, RECORD_UPDATED_BY, VENDORQUICKBOOKSITEM]
Column Name found in Datamart and Curated Table :: DELIVERYOPTION
Column Name found in Datamart and Curated Table :: REMITTANCEVENDOR_ID
Column Name found in Datamart and Curated Table :: LASTNAME
Column Name found in Datamart and Curated Table :: TAXRATE
Column Name found in Datamart and Curated Table :: ACTIVE
Column Name found in Datamart and Curated Table :: CREATEDON
Column Name found in Datamart and Curated Table :: VENDORADDRESS_ISMANUALCOORDINATES
Column Name found in Datamart and Curated Table :: IMPORTID
Column Name found in Datamart and Curated Table :: ISTRUCKREPLENISHMENT
Column Name found in Datamart and Curated Table :: PHONE
Column Name found in Datamart and Curated Table :: ID
Column Name found in Datamart and Curated Table :: VENDORADDRESS_STREET
Column Name found in Datamart and Curated Table :: FAX
Column Name found in Datamart and Curated Table :: VENDORADDRESS_LATITUDE
Column Name found in Datamart and Curated Table :: CREATEDBY_ID
Column Name found in Datamart and Curated Table :: EMAIL
Column Name found in Datamart and Curated Table :: EXTERNALID
Column Name found in Datamart and Curated Table :: FIRSTNAME
Column Name found in Datamart and Curated Table :: MEMO
Column Name found in Datamart and Curated Table :: RESTRICTEDMOBILECREATION
Column Name found in Datamart and Curated Table :: VENDORADDRESS_COUNTRY
Column Name found in Datamart and Curated Table :: VENDORADDRESS_LONGITUDE
Column Name found in Datamart and Curated Table :: VENDORADDRESS_CITY
Column Name found in Datamart and Curated Table :: NAME
Column Name found in Datamart and Curated Table :: VENDORADDRESS_ISMILITARY
Column Name found in Datamart and Curated Table :: VENDORQUICKBOOKSITEM
Column Name found in Datamart and Curated Table :: VENDORADDRESS_UNIT
Column Name found in Datamart and Curated Table :: VENDORADDRESS_ZIP
Column Name found in Datamart and Curated Table :: VENDORADDRESS_STATE
Column Name found in Datamart and Curated Table :: MODIFIEDON
Column Name found in Datamart and Curated Table :: PAYMENTTERM_ID
Column Name found in Datamart and Curated Table :: ADDRESS
Column Name found in Datamart and Curated Table :: TENANT_TYPE
Datamart tables contains additional column name like [ACTIVE_FLAG, RECORD_CREATE_DATE, RECORD_UPDATE_DATE, MASTER_ID]
Curated tables contains additional column name like [RECORD_CREATE_DATE, RECORD_UPDATE_DATE, RECORD_UPDATED_BY]]]>
  </system-out>
  <testcase classname="testcases.RAW_DATAMART_CURATED.SnowFlake_ColumnValidation_APITables" name="validateColumnName_BKP" time="2.820"/>
  <system-out>
    <![CDATA[Executing Snowflake query :: SELECT COLUMN_NAME FROM DEV_ENT_RAW.INFORMATION_SCHEMA.COLUMNS WHERE TABLE_NAME='ST_API_JOBCOMPLETIONSURVEY'and TABLE_SCHEMA='API_MAT'
Executing Snowflake query :: SELECT COLUMN_NAME FROM CURATED_DATAMART.INFORMATION_SCHEMA.COLUMNS WHERE TABLE_NAME='STR_API_JOBCOMPLETIONSURVEY'and TABLE_SCHEMA='ST_API_BILLFENWICK'
Executing Snowflake query :: SELECT COLUMN_NAME FROM DEV_ENT_CURATED.INFORMATION_SCHEMA.COLUMNS WHERE TABLE_NAME='DIM_JOBCOMPLETIONSURVEY'and TABLE_SCHEMA='MASTER_DIMENSIONS'
Column names for RAW Table --> ST_API_JOBCOMPLETIONSURVEY :: [SENTON, ISPLANNINGTOUSEAGAIN, ISROUTINECOMPLETED, MEMO, RECOMMENDATIONS, STATUS, TOKEN, ID, JOBCOMPLETEDON, SUBMITCOUNT, JOBID, MODIFIEDON, COMPLETEDON, RATING, SURVEYTYPE, TENANT_TYPE]
Column names for DataMart Table --> STR_API_JOBCOMPLETIONSURVEY :: [ISROUTINECOMPLETED, SURVEYTYPE, SENTON, COMPLETEDON, RECORD_UPDATE_DATE, SUBMITCOUNT, RATING, ISPLANNINGTOUSEAGAIN, MEMO, ACTIVE_FLAG, ID, MODIFIEDON, RECOMMENDATIONS, TOKEN, JOBCOMPLETEDON, JOBID, RECORD_CREATE_DATE, TENANT_TYPE, STATUS, MASTER_ID]
Column names for Curated Table --> DIM_JOBCOMPLETIONSURVEY :: [ID, JOBCOMPLETEDON, SUBMITCOUNT, ISROUTINECOMPLETED, MEMO, RECORD_UPDATED_BY, STATUS, JOBID, RECORD_UPDATE_DATE, TENANT_TYPE, MODIFIEDON, SURVEYTYPE, COMPLETEDON, ISPLANNINGTOUSEAGAIN, RATING, SENTON, RECOMMENDATIONS, RECORD_CREATE_DATE, TOKEN]
Column Name found in Datamart and Curated Table :: SENTON
Column Name found in Datamart and Curated Table :: ISPLANNINGTOUSEAGAIN
Column Name found in Datamart and Curated Table :: ISROUTINECOMPLETED
Column Name found in Datamart and Curated Table :: MEMO
Column Name found in Datamart and Curated Table :: RECOMMENDATIONS
Column Name found in Datamart and Curated Table :: STATUS
Column Name found in Datamart and Curated Table :: TOKEN
Column Name found in Datamart and Curated Table :: ID
Column Name found in Datamart and Curated Table :: JOBCOMPLETEDON
Column Name found in Datamart and Curated Table :: SUBMITCOUNT
Column Name found in Datamart and Curated Table :: JOBID
Column Name found in Datamart and Curated Table :: MODIFIEDON
Column Name found in Datamart and Curated Table :: COMPLETEDON
Column Name found in Datamart and Curated Table :: RATING
Column Name found in Datamart and Curated Table :: SURVEYTYPE
Column Name found in Datamart and Curated Table :: TENANT_TYPE
Datamart tables contains additional column name like [ACTIVE_FLAG, RECORD_CREATE_DATE, RECORD_UPDATE_DATE, MASTER_ID]
Curated tables contains additional column name like [RECORD_CREATE_DATE, RECORD_UPDATE_DATE, RECORD_UPDATED_BY]]]>
  </system-out>
  <testcase classname="testcases.RAW_DATAMART_CURATED.SnowFlake_ColumnValidation_APITables" name="validateColumnName_BKP" time="3.001"/>
  <system-out>
    <![CDATA[Executing Snowflake query :: SELECT COLUMN_NAME FROM DEV_ENT_RAW.INFORMATION_SCHEMA.COLUMNS WHERE TABLE_NAME='ST_API_TAG'and TABLE_SCHEMA='API_MAT'
Executing Snowflake query :: SELECT COLUMN_NAME FROM CURATED_DATAMART.INFORMATION_SCHEMA.COLUMNS WHERE TABLE_NAME='STR_API_TAG'and TABLE_SCHEMA='ST_API_MAITZ'
Executing Snowflake query :: SELECT COLUMN_NAME FROM DEV_ENT_CURATED.INFORMATION_SCHEMA.COLUMNS WHERE TABLE_NAME='DIM_TAG'and TABLE_SCHEMA='MASTER_DIMENSIONS'
Column names for RAW Table --> ST_API_TAG :: [MEMO, GENERATEDFOREXTERNAL, REMOVEDON, GENERATEDFOR_ID, REMOVEDBY_ID, MODIFIEDON, OWNER_ID, CREATEDBY_ID, CREATEDON, IMPORTID, ACTIVE, ID, TYPE_ID, TENANT_TYPE]
Column names for DataMart Table --> STR_API_TAG :: [OWNER_ID, REMOVEDON, GENERATEDFOR_ID, ID, MEMO, MODIFIEDON, RECORD_CREATE_DATE, REMOVEDBY_ID, SOURCE_PKEY_SPK, CREATEDON, ACTIVE_FLAG, CREATEDBY_ID, RECORD_UPDATE_DATE, TYPE_ID, ACTIVE, IMPORTID, MASTER_ID, TENANT_TYPE, GENERATEDFOREXTERNAL]
Column names for Curated Table --> DIM_TAG :: [ACTIVE_FLAG, RECORD_CREATE_DATE, CREATEDON, RECORD_UPDATE_DATE, SOURCE_PKEY_SPK, GENERATEDFOR_ID, GENERATEDFOREXTERNAL, TYPE_ID, ACTIVE, CREATEDBY_ID, ID, MODIFIEDON, OWNER_ID, REMOVEDBY_ID, REMOVEDON, MEMO, RECORD_UPDATED_BY, IMPORTID, TENANT_TYPE]
Column Name found in Datamart and Curated Table :: MEMO
Column Name found in Datamart and Curated Table :: GENERATEDFOREXTERNAL
Column Name found in Datamart and Curated Table :: REMOVEDON
Column Name found in Datamart and Curated Table :: GENERATEDFOR_ID
Column Name found in Datamart and Curated Table :: REMOVEDBY_ID
Column Name found in Datamart and Curated Table :: MODIFIEDON
Column Name found in Datamart and Curated Table :: OWNER_ID
Column Name found in Datamart and Curated Table :: CREATEDBY_ID
Column Name found in Datamart and Curated Table :: CREATEDON
Column Name found in Datamart and Curated Table :: IMPORTID
Column Name found in Datamart and Curated Table :: ACTIVE
Column Name found in Datamart and Curated Table :: ID
Column Name found in Datamart and Curated Table :: TYPE_ID
Column Name found in Datamart and Curated Table :: TENANT_TYPE
Datamart tables contains additional column name like [ACTIVE_FLAG, RECORD_CREATE_DATE, RECORD_UPDATE_DATE, MASTER_ID]
Curated tables contains additional column name like [RECORD_CREATE_DATE, RECORD_UPDATE_DATE, RECORD_UPDATED_BY]]]>
  </system-out>
  <testcase classname="testcases.RAW_DATAMART_CURATED.SnowFlake_ColumnValidation_APITables" name="validateColumnName_BKP" time="2.572">
    <failure message="The following asserts failed:
	null,
	null" type="java.lang.AssertionError">
      <![CDATA[java.lang.AssertionError: The following asserts failed:
null,
null
at org.testng.asserts.SoftAssert.assertAll(SoftAssert.java:47)
at org.testng.asserts.SoftAssert.assertAll(SoftAssert.java:31)
at testcases.RAW_DATAMART_CURATED.SnowFlake_ColumnValidation_APITables.validateColumnName_BKP(SnowFlake_ColumnValidation_APITables.java:128)
at jdk.internal.reflect.GeneratedMethodAccessor38.invoke(Unknown Source)
at java.base/jdk.internal.reflect.DelegatingMethodAccessorImpl.invoke(DelegatingMethodAccessorImpl.java:43)
at java.base/java.lang.reflect.Method.invoke(Method.java:568)
at org.testng.internal.MethodInvocationHelper.invokeMethod(MethodInvocationHelper.java:133)
at org.testng.internal.TestInvoker.invokeMethod(TestInvoker.java:598)
at org.testng.internal.TestInvoker.invokeTestMethod(TestInvoker.java:173)
at org.testng.internal.MethodRunner.runInSequence(MethodRunner.java:46)
at org.testng.internal.TestInvoker$MethodInvocationAgent.invoke(TestInvoker.java:824)
at org.testng.internal.TestInvoker.invokeTestMethods(TestInvoker.java:146)
at org.testng.internal.TestMethodWorker.invokeTestMethods(TestMethodWorker.java:146)
at org.testng.internal.TestMethodWorker.run(TestMethodWorker.java:128)
at java.base/java.util.ArrayList.forEach(ArrayList.java:1511)
at org.testng.TestRunner.privateRun(TestRunner.java:794)
at org.testng.TestRunner.run(TestRunner.java:596)
at org.testng.SuiteRunner.runTest(SuiteRunner.java:377)
at org.testng.SuiteRunner.runSequentially(SuiteRunner.java:371)
at org.testng.SuiteRunner.privateRun(SuiteRunner.java:332)
at org.testng.SuiteRunner.run(SuiteRunner.java:276)
at org.testng.SuiteRunnerWorker.runSuite(SuiteRunnerWorker.java:53)
at org.testng.SuiteRunnerWorker.run(SuiteRunnerWorker.java:96)
at org.testng.TestNG.runSuitesSequentially(TestNG.java:1212)
at org.testng.TestNG.runSuitesLocally(TestNG.java:1134)
at org.testng.TestNG.runSuites(TestNG.java:1063)
at org.testng.TestNG.run(TestNG.java:1031)
at org.testng.remote.AbstractRemoteTestNG.run(AbstractRemoteTestNG.java:115)
at org.testng.remote.RemoteTestNG.initAndRun(RemoteTestNG.java:251)
at org.testng.remote.RemoteTestNG.main(RemoteTestNG.java:77)
]]>
    </failure>
  </testcase> <!-- validateColumnName_BKP -->
  <system-out>
    <![CDATA[Executing Snowflake query :: SELECT COLUMN_NAME FROM DEV_ENT_RAW.INFORMATION_SCHEMA.COLUMNS WHERE TABLE_NAME='ST_API_PROJECT'and TABLE_SCHEMA='API_MAT'
Executing Snowflake query :: SELECT COLUMN_NAME FROM CURATED_DATAMART.INFORMATION_SCHEMA.COLUMNS WHERE TABLE_NAME='STR_API_PROJECT'and TABLE_SCHEMA='ST_API_HORIZONSERVICES'
Executing Snowflake query :: SELECT COLUMN_NAME FROM DEV_ENT_CURATED.INFORMATION_SCHEMA.COLUMNS WHERE TABLE_NAME='DIM_PROJECT'and TABLE_SCHEMA='MASTER_DIMENSIONS'
Column names for RAW Table --> ST_API_PROJECT :: [ACTIVE, AREITEMSREORDERED, CUSTOMER_ID, NAME, NUMBER, PROJECTSETTINGSTYPE, TECHNICIANSIGNATURE, SUMMARY, MODIFIEDON, ACKNOWLEDGEMENTSIGNATURE, COMPLETEDON, COMPLETIONPERCENT, COSTTOCOMPLETE, CREATEDBY_ID, CREATEDON, IMPORTID, COMPLETEDONACTUAL, ID, CONTRACTESTIMATE_ID, AUTHORIZATIONSIGNATURE, CONTRACTSTARTDATE, STARTEDON, CONTRACTFOR, ISRETAINAGEENABLED, ISPREVAILINGWAGE, LOCATION_ID, PAYMENTTERM_ID, RETAINAGEPERCENT, REVENUERECOGNITIONMETHOD, TENANT_TYPE]
Column names for DataMart Table --> STR_API_PROJECT :: [ACKNOWLEDGEMENTSIGNATURE, ISPREVAILINGWAGE, NAME, COMPLETEDONACTUAL, RECORD_UPDATE_DATE, ACTIVE, AUTHORIZATIONSIGNATURE, SUMMARY, RETAINAGEPERCENT, COMPLETEDON, CREATEDON, MODIFIEDON, RECORD_CREATE_DATE, CONTRACTESTIMATE_ID, AREITEMSREORDERED, IMPORTID, TECHNICIANSIGNATURE, ACTIVE_FLAG, COMPLETIONPERCENT, CREATEDBY_ID, ID, LOCATION_ID, NUMBER, STARTEDON, TENANT_TYPE, MASTER_ID, MD5_VALUE, PROJECTSETTINGSTYPE, CONTRACTSTARTDATE, CUSTOMER_ID, ISRETAINAGEENABLED, PAYMENTTERM_ID, CONTRACTFOR]
Column names for Curated Table --> DIM_PROJECT :: [RECORD_UPDATE_DATE, ACTIVE, AUTHORIZATIONSIGNATURE, COMPLETEDON, RETAINAGEPERCENT, IMPORTID, CONTRACTFOR, CONTRACTSTARTDATE, ID, ISRETAINAGEENABLED, RECORD_CREATE_DATE, RECORD_UPDATED_BY, TENANT_TYPE, PROJECTSETTINGSTYPE, TECHNICIANSIGNATURE, ISPREVAILINGWAGE, MD5_VALUE, NAME, PAYMENTTERM_ID, COMPLETEDONACTUAL, CUSTOMER_ID, NUMBER, AREITEMSREORDERED, CREATEDON, LOCATION_ID, MODIFIEDON, STARTEDON, ACKNOWLEDGEMENTSIGNATURE, COMPLETIONPERCENT, CONTRACTESTIMATE_ID, SUMMARY, CREATEDBY_ID, REVENUERECOGNITIONMETHOD]
Column Name found in Datamart and Curated Table :: ACTIVE
Column Name found in Datamart and Curated Table :: AREITEMSREORDERED
Column Name found in Datamart and Curated Table :: CUSTOMER_ID
Column Name found in Datamart and Curated Table :: NAME
Column Name found in Datamart and Curated Table :: NUMBER
Column Name found in Datamart and Curated Table :: PROJECTSETTINGSTYPE
Column Name found in Datamart and Curated Table :: TECHNICIANSIGNATURE
Column Name found in Datamart and Curated Table :: SUMMARY
Column Name found in Datamart and Curated Table :: MODIFIEDON
Column Name found in Datamart and Curated Table :: ACKNOWLEDGEMENTSIGNATURE
Column Name found in Datamart and Curated Table :: COMPLETEDON
Column Name found in Datamart and Curated Table :: COMPLETIONPERCENT
Column Name not found in Datamart and Curated Table :: COSTTOCOMPLETE
Column Name found in Datamart and Curated Table :: CREATEDBY_ID
Column Name found in Datamart and Curated Table :: CREATEDON
Column Name found in Datamart and Curated Table :: IMPORTID
Column Name found in Datamart and Curated Table :: COMPLETEDONACTUAL
Column Name found in Datamart and Curated Table :: ID
Column Name found in Datamart and Curated Table :: CONTRACTESTIMATE_ID
Column Name found in Datamart and Curated Table :: AUTHORIZATIONSIGNATURE
Column Name found in Datamart and Curated Table :: CONTRACTSTARTDATE
Column Name found in Datamart and Curated Table :: STARTEDON
Column Name found in Datamart and Curated Table :: CONTRACTFOR
Column Name found in Datamart and Curated Table :: ISRETAINAGEENABLED
Column Name found in Datamart and Curated Table :: ISPREVAILINGWAGE
Column Name found in Datamart and Curated Table :: LOCATION_ID
Column Name found in Datamart and Curated Table :: PAYMENTTERM_ID
Column Name found in Datamart and Curated Table :: RETAINAGEPERCENT
Column Name not found in Datamart and Curated Table :: REVENUERECOGNITIONMETHOD
Column Name found in Datamart and Curated Table :: TENANT_TYPE
Datamart tables contains additional column name like [ACTIVE_FLAG, RECORD_CREATE_DATE, RECORD_UPDATE_DATE, MASTER_ID]
Curated tables contains additional column name like [RECORD_CREATE_DATE, RECORD_UPDATE_DATE, RECORD_UPDATED_BY]]]>
  </system-out>
  <testcase classname="testcases.RAW_DATAMART_CURATED.SnowFlake_ColumnValidation_APITables" name="validateColumnName_BKP" time="2.350"/>
  <system-out>
    <![CDATA[Executing Snowflake query :: SELECT COLUMN_NAME FROM DEV_ENT_RAW.INFORMATION_SCHEMA.COLUMNS WHERE TABLE_NAME='ST_API_PAYMENTSPLIT'and TABLE_SCHEMA='API_MAT'
Executing Snowflake query :: SELECT COLUMN_NAME FROM CURATED_DATAMART.INFORMATION_SCHEMA.COLUMNS WHERE TABLE_NAME='STR_API_PAYMENTSPLIT'and TABLE_SCHEMA='ST_API_HARP'
Executing Snowflake query :: SELECT COLUMN_NAME FROM DEV_ENT_CURATED.INFORMATION_SCHEMA.COLUMNS WHERE TABLE_NAME='DIM_PAYMENTSPLIT'and TABLE_SCHEMA='MASTER_DIMENSIONS'
Column names for RAW Table --> ST_API_PAYMENTSPLIT :: [ID, MODIFIEDON, AMOUNT, PAYMENT_ID, PAYSELLERCOMMISSION, IMPORTID, INVOICE_ID, CREATEDON, CREATEDBY_ID, ACTIVE, TENANT_TYPE]
Column names for DataMart Table --> STR_API_PAYMENTSPLIT :: [AMOUNT, CREATEDON, PAYSELLERCOMMISSION, RECORD_UPDATE_DATE, CREATEDBY_ID, INVOICE_ID, PAYMENT_ID, MODIFIEDON, ID, ACTIVE, IMPORTID, RECORD_CREATE_DATE, ACTIVE_FLAG, MASTER_ID, TENANT_TYPE]
Column names for Curated Table --> DIM_PAYMENTSPLIT :: [IMPORTID, PAYSELLERCOMMISSION, CREATEDON, PAYMENT_ID, TENANT_TYPE, MODIFIEDON, AMOUNT, CREATEDBY_ID, INVOICE_ID, ID, RECORD_UPDATED_BY, RECORD_UPDATE_DATE, ACTIVE, RECORD_CREATE_DATE]
Column Name found in Datamart and Curated Table :: ID
Column Name found in Datamart and Curated Table :: MODIFIEDON
Column Name found in Datamart and Curated Table :: AMOUNT
Column Name found in Datamart and Curated Table :: PAYMENT_ID
Column Name found in Datamart and Curated Table :: PAYSELLERCOMMISSION
Column Name found in Datamart and Curated Table :: IMPORTID
Column Name found in Datamart and Curated Table :: INVOICE_ID
Column Name found in Datamart and Curated Table :: CREATEDON
Column Name found in Datamart and Curated Table :: CREATEDBY_ID
Column Name found in Datamart and Curated Table :: ACTIVE
Column Name found in Datamart and Curated Table :: TENANT_TYPE
Datamart tables contains additional column name like [ACTIVE_FLAG, RECORD_CREATE_DATE, RECORD_UPDATE_DATE, MASTER_ID]
Curated tables contains additional column name like [RECORD_CREATE_DATE, RECORD_UPDATE_DATE, RECORD_UPDATED_BY]]]>
  </system-out>
  <testcase classname="testcases.RAW_DATAMART_CURATED.SnowFlake_ColumnValidation_APITables" name="validateColumnName_BKP" time="2.454"/>
  <system-out>
    <![CDATA[Executing Snowflake query :: SELECT COLUMN_NAME FROM DEV_ENT_RAW.INFORMATION_SCHEMA.COLUMNS WHERE TABLE_NAME='ST_API_JOBTYPE'and TABLE_SCHEMA='API_MAT'
Executing Snowflake query :: SELECT COLUMN_NAME FROM CURATED_DATAMART.INFORMATION_SCHEMA.COLUMNS WHERE TABLE_NAME='STR_API_JOBTYPE'and TABLE_SCHEMA='ST_API_HDAIR'
Executing Snowflake query :: SELECT COLUMN_NAME FROM DEV_ENT_CURATED.INFORMATION_SCHEMA.COLUMNS WHERE TABLE_NAME='DIM_JOBTYPE'and TABLE_SCHEMA='MASTER_DIMENSIONS'
Column names for RAW Table --> ST_API_JOBTYPE :: [ACTIVE, COMPSTANDARDRATE, ENFORCERECURRINGSERVICEEVENTSELECTION, COMPDOUBLEOVERTIMERATE, COMPOVERTIMERATE, MODIFIEDON, IMAGE, ISAUTODISPATCHED, ISTUNEUP, NAME, CLASS, PRIORITY, IMPORTID, SOLDTHRESHOLD, NOCHARGE, CREATEDBY_ID, CREATEDON, MAXIMUMMATERIALCOSTINPERCENT, PROJECTEDVALUEADJUSTMENT, ID, DURATION, COMPCODE, MINIMUMMATERIALCOSTINPERCENT, SUMMARY, PROJECTLABELS, LIKELIHOOD, TENANT_TYPE]
Column names for DataMart Table --> STR_API_JOBTYPE :: [ENFORCERECURRINGSERVICEEVENTSELECTION, MODIFIEDON, SOLDTHRESHOLD, RECORD_UPDATE_DATE, MAXIMUMMATERIALCOSTINPERCENT, CLASS, COMPCODE, COMPDOUBLEOVERTIMERATE, CREATEDBY_ID, PROJECTLABELS, RECORD_CREATE_DATE, LIKELIHOOD, MINIMUMMATERIALCOSTINPERCENT, NOCHARGE, ISTUNEUP, IMPORTID, PROJECTEDVALUEADJUSTMENT, ACTIVE, COMPSTANDARDRATE, CREATEDON, MASTER_ID, SUMMARY, PRIORITY, ISAUTODISPATCHED, COMPOVERTIMERATE, NAME, IMAGE, ACTIVE_FLAG, TENANT_TYPE, DURATION, ID]
Column names for Curated Table --> DIM_JOBTYPE :: [COMPOVERTIMERATE, PROJECTLABELS, RECORD_UPDATED_BY, MAXIMUMMATERIALCOSTINPERCENT, SUMMARY, NAME, COMPDOUBLEOVERTIMERATE, CREATEDBY_ID, DURATION, ISAUTODISPATCHED, RECORD_UPDATE_DATE, COMPSTANDARDRATE, NOCHARGE, IMPORTID, TENANT_TYPE, ACTIVE, ENFORCERECURRINGSERVICEEVENTSELECTION, ID, ISSMARTDISPATCHEDBYDEFAULTINAPI, ISTUNEUP, CLASS, COMPCODE, MINIMUMMATERIALCOSTINPERCENT, PRIORITY, CREATEDON, LIKELIHOOD, RECORD_CREATE_DATE, SOLDTHRESHOLD, IMAGE, MODIFIEDON, PROJECTEDVALUEADJUSTMENT]
Column Name found in Datamart and Curated Table :: ACTIVE
Column Name found in Datamart and Curated Table :: COMPSTANDARDRATE
Column Name found in Datamart and Curated Table :: ENFORCERECURRINGSERVICEEVENTSELECTION
Column Name found in Datamart and Curated Table :: COMPDOUBLEOVERTIMERATE
Column Name found in Datamart and Curated Table :: COMPOVERTIMERATE
Column Name found in Datamart and Curated Table :: MODIFIEDON
Column Name found in Datamart and Curated Table :: IMAGE
Column Name found in Datamart and Curated Table :: ISAUTODISPATCHED
Column Name found in Datamart and Curated Table :: ISTUNEUP
Column Name found in Datamart and Curated Table :: NAME
Column Name found in Datamart and Curated Table :: CLASS
Column Name found in Datamart and Curated Table :: PRIORITY
Column Name found in Datamart and Curated Table :: IMPORTID
Column Name found in Datamart and Curated Table :: SOLDTHRESHOLD
Column Name found in Datamart and Curated Table :: NOCHARGE
Column Name found in Datamart and Curated Table :: CREATEDBY_ID
Column Name found in Datamart and Curated Table :: CREATEDON
Column Name found in Datamart and Curated Table :: MAXIMUMMATERIALCOSTINPERCENT
Column Name found in Datamart and Curated Table :: PROJECTEDVALUEADJUSTMENT
Column Name found in Datamart and Curated Table :: ID
Column Name found in Datamart and Curated Table :: DURATION
Column Name found in Datamart and Curated Table :: COMPCODE
Column Name found in Datamart and Curated Table :: MINIMUMMATERIALCOSTINPERCENT
Column Name found in Datamart and Curated Table :: SUMMARY
Column Name found in Datamart and Curated Table :: PROJECTLABELS
Column Name found in Datamart and Curated Table :: LIKELIHOOD
Column Name found in Datamart and Curated Table :: TENANT_TYPE
Datamart tables contains additional column name like [ACTIVE_FLAG, RECORD_CREATE_DATE, RECORD_UPDATE_DATE, MASTER_ID]
Curated tables contains additional column name like [RECORD_CREATE_DATE, RECORD_UPDATE_DATE, RECORD_UPDATED_BY]]]>
  </system-out>
  <testcase classname="testcases.RAW_DATAMART_CURATED.SnowFlake_ColumnValidation_APITables" name="validateColumnName_BKP" time="2.456"/>
  <system-out>
    <![CDATA[Executing Snowflake query :: SELECT COLUMN_NAME FROM DEV_ENT_RAW.INFORMATION_SCHEMA.COLUMNS WHERE TABLE_NAME='ST_API_MATERIALVENDORSUBACCOUNT'and TABLE_SCHEMA='API_MAT'
Executing Snowflake query :: SELECT COLUMN_NAME FROM CURATED_DATAMART.INFORMATION_SCHEMA.COLUMNS WHERE TABLE_NAME='STR_API_MATERIALVENDORSUBACCOUNT'and TABLE_SCHEMA='ST_API_HUTCHINSON'
Executing Snowflake query :: SELECT COLUMN_NAME FROM DEV_ENT_CURATED.INFORMATION_SCHEMA.COLUMNS WHERE TABLE_NAME='DIM_MATERIALVENDORSUBACCOUNT'and TABLE_SCHEMA='MASTER_DIMENSIONS'
Column names for RAW Table --> ST_API_MATERIALVENDORSUBACCOUNT :: [MATERIALVENDOR_ID, ACCOUNTNAME, ACTIVE, COST, CREATEDBY_ID, ID, CREATEDON, IMPORTID, TENANT_TYPE]
Column names for DataMart Table --> STR_API_MATERIALVENDORSUBACCOUNT :: [CREATEDBY_ID, RECORD_UPDATE_DATE, ACCOUNTNAME, ID, IMPORTID, MASTER_ID, COST, ACTIVE, CREATEDON, RECORD_CREATE_DATE, TENANT_TYPE, MATERIALVENDOR_ID, ACTIVE_FLAG]
Column names for Curated Table --> DIM_MATERIALVENDORSUBACCOUNT :: [RECORD_CREATE_DATE, IMPORTID, ACTIVE, CREATEDBY_ID, CREATEDON, ID, RECORD_UPDATE_DATE, TENANT_TYPE, RECORD_UPDATED_BY, ACCOUNTNAME, MATERIALVENDOR_ID, COST]
Column Name found in Datamart and Curated Table :: MATERIALVENDOR_ID
Column Name found in Datamart and Curated Table :: ACCOUNTNAME
Column Name found in Datamart and Curated Table :: ACTIVE
Column Name found in Datamart and Curated Table :: COST
Column Name found in Datamart and Curated Table :: CREATEDBY_ID
Column Name found in Datamart and Curated Table :: ID
Column Name found in Datamart and Curated Table :: CREATEDON
Column Name found in Datamart and Curated Table :: IMPORTID
Column Name found in Datamart and Curated Table :: TENANT_TYPE
Datamart tables contains additional column name like [ACTIVE_FLAG, RECORD_CREATE_DATE, RECORD_UPDATE_DATE, MASTER_ID]
Curated tables contains additional column name like [RECORD_CREATE_DATE, RECORD_UPDATE_DATE, RECORD_UPDATED_BY]]]>
  </system-out>
  <testcase classname="testcases.RAW_DATAMART_CURATED.SnowFlake_ColumnValidation_APITables" name="validateColumnName_BKP" time="2.254"/>
  <system-out>
    <![CDATA[Executing Snowflake query :: SELECT COLUMN_NAME FROM DEV_ENT_RAW.INFORMATION_SCHEMA.COLUMNS WHERE TABLE_NAME='ST_API_MATERIAL'and TABLE_SCHEMA='API_MAT'
Executing Snowflake query :: SELECT COLUMN_NAME FROM CURATED_DATAMART.INFORMATION_SCHEMA.COLUMNS WHERE TABLE_NAME='STR_API_MATERIAL'and TABLE_SCHEMA='ST_API_EANESHEATING'
Executing Snowflake query :: SELECT COLUMN_NAME FROM DEV_ENT_CURATED.INFORMATION_SCHEMA.COLUMNS WHERE TABLE_NAME='DIM_MATERIAL'and TABLE_SCHEMA='MASTER_DIMENSIONS'
Column names for RAW Table --> ST_API_MATERIAL :: [CATEGORY_ID, COSTOFSALEACCOUNT_ID, DISPLAYINAMOUNT, SOLDBYCOMMISSION, ARCHIVED, AVALARACOMMERCIALTAXCODE, BONUS, COMMISSIONBONUS, EXCLUDEFROMPRICEBOOKWIZARD, INVENTORYENABLEDON, PURCHASEORDERLIMITS_FLATAMOUNT, LOYALTYPROGRAMELIGIBLE, ACCOUNT, BUSINESSUNIT_ID, CREATEDON, NOTAX, ORIGINAL_ID, PROVIDER_ID, SERIALIZEDON, UNITOFMEASURE, IMPORTID, DISPLAYNAME, ASSETACCOUNT_ID, COPIEDFROM_ID, ISSERIALIZED, PAYSFLATAMOUNT, PRICE, GENERALLEDGERACCOUNT_ID, ID, ISINVENTORY, ACTIVE, AVALARARESIDENTIALTAXCODE, EXTERNALID, IMAGES, PRIMARYVENDOR_ID, TAXABLE, USEFIXEDMATERIALPRICE, DEDUCTASJOBCOST, SOURCEVERSION, SYNCDATE, MODIFIEDON, ADDONMEMBERPRICE, COST, NAME, PAYSCOMMISSION, PAYSSOLDBYRATE, DESCRIPTION, HOURS, SCHEDULEDFLATAMOUNT, SOURCE, ADDONFLATAMOUNT, ADDONPRICE, AUTOGLASSTYPE, CROSSSALEGROUP, PAYTECHSPECIFICBONUS, PURCHASEORDERLIMITS_REVENUEPERCENT, SUPPLIERIMAGES, CREATEDBY_ID, MEMBERPRICE, INVENTORYENABLEDBY_ID, TENANT_TYPE]
Column names for DataMart Table --> STR_API_MATERIAL :: [CREATEDON, GENERALLEDGERACCOUNT_ID, NAME, SYNCDATE, ISINVENTORY, MODIFIEDON, NOTAX, PROVIDER_ID, PURCHASEORDERLIMITS_FLATAMOUNT, SCHEDULEDFLATAMOUNT, COMMISSIONBONUS, INVENTORYENABLEDBY_ID, DISPLAYNAME, UNITOFMEASURE, ACCOUNT, ADDONPRICE, AUTOGLASSTYPE, COST, CROSSSALEGROUP, SOURCEVERSION, TAXABLE, TENANT_TYPE, EXTERNALID, ORIGINAL_ID, ARCHIVED, COPIEDFROM_ID, CREATEDBY_ID, DESCRIPTION, DISPLAYINAMOUNT, PAYTECHSPECIFICBONUS, INVENTORYENABLEDON, ADDONFLATAMOUNT, ADDONMEMBERPRICE, AVALARACOMMERCIALTAXCODE, MASTER_ID, RECORD_CREATE_DATE, RECORD_UPDATE_DATE, EXCLUDEFROMPRICEBOOKWIZARD, IMAGES, SOLDBYCOMMISSION, ACTIVE_FLAG, AVALARARESIDENTIALTAXCODE, CATEGORY_ID, IMPORTID, PAYSFLATAMOUNT, PRIMARYVENDOR_ID, SERIALIZEDON, USEFIXEDMATERIALPRICE, ID, SUPPLIERIMAGES, ACTIVE, BONUS, BUSINESSUNIT_ID, LOYALTYPROGRAMELIGIBLE, ISSERIALIZED, SOURCE, PAYSCOMMISSION, ASSETACCOUNT_ID, DEDUCTASJOBCOST, HOURS, PAYSSOLDBYRATE, PRICE, COSTOFSALEACCOUNT_ID, PURCHASEORDERLIMITS_REVENUEPERCENT, MEMBERPRICE]
Column names for Curated Table --> DIM_MATERIAL :: [BUSINESSUNIT_ID, DEDUCTASJOBCOST, HOURS, MEMBERPRICE, MODIFIEDON, SCHEDULEDFLATAMOUNT, ARCHIVED, BONUS, COST, EXCLUDEFROMPRICEBOOKWIZARD, INVENTORYENABLEDON, SOURCE, ID, RECORD_UPDATED_BY, RECORD_UPDATE_DATE, ADDONPRICE, ASSETACCOUNT_ID, AVALARARESIDENTIALTAXCODE, DESCRIPTION, IMPORTID, ISSERIALIZED, PAYSSOLDBYRATE, ISINVENTORY, NOTAX, CREATEDBY_ID, PRIMARYVENDOR_ID, SERIALIZEDON, GENERALLEDGERACCOUNT_ID, RECORD_CREATE_DATE, CROSSSALEGROUP, SOLDBYCOMMISSION, ACTIVE, CATEGORY_ID, EXTERNALID, NAME, USEFIXEDMATERIALPRICE, INVENTORYENABLEDBY_ID, PAYTECHSPECIFICBONUS, PROVIDER_ID, PURCHASEORDERLIMITS_REVENUEPERCENT, SUPPLIERIMAGES, ACCOUNT, ADDONFLATAMOUNT, COMMISSIONBONUS, CREATEDON, PAYSCOMMISSION, DISPLAYINAMOUNT, SOURCEVERSION, COSTOFSALEACCOUNT_ID, DISPLAYNAME, IMAGES, ORIGINAL_ID, TAXABLE, COPIEDFROM_ID, UNITOFMEASURE, ADDONMEMBERPRICE, AUTOGLASSTYPE, AVALARACOMMERCIALTAXCODE, LOYALTYPROGRAMELIGIBLE, PRICE, PURCHASEORDERLIMITS_FLATAMOUNT, SYNCDATE, TENANT_TYPE, PAYSFLATAMOUNT]
Column Name found in Datamart and Curated Table :: CATEGORY_ID
Column Name found in Datamart and Curated Table :: COSTOFSALEACCOUNT_ID
Column Name found in Datamart and Curated Table :: DISPLAYINAMOUNT
Column Name found in Datamart and Curated Table :: SOLDBYCOMMISSION
Column Name found in Datamart and Curated Table :: ARCHIVED
Column Name found in Datamart and Curated Table :: AVALARACOMMERCIALTAXCODE
Column Name found in Datamart and Curated Table :: BONUS
Column Name found in Datamart and Curated Table :: COMMISSIONBONUS
Column Name found in Datamart and Curated Table :: EXCLUDEFROMPRICEBOOKWIZARD
Column Name found in Datamart and Curated Table :: INVENTORYENABLEDON
Column Name found in Datamart and Curated Table :: PURCHASEORDERLIMITS_FLATAMOUNT
Column Name found in Datamart and Curated Table :: LOYALTYPROGRAMELIGIBLE
Column Name found in Datamart and Curated Table :: ACCOUNT
Column Name found in Datamart and Curated Table :: BUSINESSUNIT_ID
Column Name found in Datamart and Curated Table :: CREATEDON
Column Name found in Datamart and Curated Table :: NOTAX
Column Name found in Datamart and Curated Table :: ORIGINAL_ID
Column Name found in Datamart and Curated Table :: PROVIDER_ID
Column Name found in Datamart and Curated Table :: SERIALIZEDON
Column Name found in Datamart and Curated Table :: UNITOFMEASURE
Column Name found in Datamart and Curated Table :: IMPORTID
Column Name found in Datamart and Curated Table :: DISPLAYNAME
Column Name found in Datamart and Curated Table :: ASSETACCOUNT_ID
Column Name found in Datamart and Curated Table :: COPIEDFROM_ID
Column Name found in Datamart and Curated Table :: ISSERIALIZED
Column Name found in Datamart and Curated Table :: PAYSFLATAMOUNT
Column Name found in Datamart and Curated Table :: PRICE
Column Name found in Datamart and Curated Table :: GENERALLEDGERACCOUNT_ID
Column Name found in Datamart and Curated Table :: ID
Column Name found in Datamart and Curated Table :: ISINVENTORY
Column Name found in Datamart and Curated Table :: ACTIVE
Column Name found in Datamart and Curated Table :: AVALARARESIDENTIALTAXCODE
Column Name found in Datamart and Curated Table :: EXTERNALID
Column Name found in Datamart and Curated Table :: IMAGES
Column Name found in Datamart and Curated Table :: PRIMARYVENDOR_ID
Column Name found in Datamart and Curated Table :: TAXABLE
Column Name found in Datamart and Curated Table :: USEFIXEDMATERIALPRICE
Column Name found in Datamart and Curated Table :: DEDUCTASJOBCOST
Column Name found in Datamart and Curated Table :: SOURCEVERSION
Column Name found in Datamart and Curated Table :: SYNCDATE
Column Name found in Datamart and Curated Table :: MODIFIEDON
Column Name found in Datamart and Curated Table :: ADDONMEMBERPRICE
Column Name found in Datamart and Curated Table :: COST
Column Name found in Datamart and Curated Table :: NAME
Column Name found in Datamart and Curated Table :: PAYSCOMMISSION
Column Name found in Datamart and Curated Table :: PAYSSOLDBYRATE
Column Name found in Datamart and Curated Table :: DESCRIPTION
Column Name found in Datamart and Curated Table :: HOURS
Column Name found in Datamart and Curated Table :: SCHEDULEDFLATAMOUNT
Column Name found in Datamart and Curated Table :: SOURCE
Column Name found in Datamart and Curated Table :: ADDONFLATAMOUNT
Column Name found in Datamart and Curated Table :: ADDONPRICE
Column Name found in Datamart and Curated Table :: AUTOGLASSTYPE
Column Name found in Datamart and Curated Table :: CROSSSALEGROUP
Column Name found in Datamart and Curated Table :: PAYTECHSPECIFICBONUS
Column Name found in Datamart and Curated Table :: PURCHASEORDERLIMITS_REVENUEPERCENT
Column Name found in Datamart and Curated Table :: SUPPLIERIMAGES
Column Name found in Datamart and Curated Table :: CREATEDBY_ID
Column Name found in Datamart and Curated Table :: MEMBERPRICE
Column Name found in Datamart and Curated Table :: INVENTORYENABLEDBY_ID
Column Name found in Datamart and Curated Table :: TENANT_TYPE
Datamart tables contains additional column name like [ACTIVE_FLAG, RECORD_CREATE_DATE, RECORD_UPDATE_DATE, MASTER_ID]
Curated tables contains additional column name like [RECORD_CREATE_DATE, RECORD_UPDATE_DATE, RECORD_UPDATED_BY]]]>
  </system-out>
  <testcase classname="testcases.RAW_DATAMART_CURATED.SnowFlake_ColumnValidation_APITables" name="validateColumnName_BKP" time="2.107"/>
  <system-out>
    <![CDATA[Executing Snowflake query :: SELECT COLUMN_NAME FROM DEV_ENT_RAW.INFORMATION_SCHEMA.COLUMNS WHERE TABLE_NAME='ST_API_JOBTYPE'and TABLE_SCHEMA='API_MAT'
Executing Snowflake query :: SELECT COLUMN_NAME FROM CURATED_DATAMART.INFORMATION_SCHEMA.COLUMNS WHERE TABLE_NAME='STR_API_JOBTYPE'and TABLE_SCHEMA='ST_API_FOURPROS'
Executing Snowflake query :: SELECT COLUMN_NAME FROM DEV_ENT_CURATED.INFORMATION_SCHEMA.COLUMNS WHERE TABLE_NAME='DIM_JOBTYPE'and TABLE_SCHEMA='MASTER_DIMENSIONS'
Column names for RAW Table --> ST_API_JOBTYPE :: [ACTIVE, COMPSTANDARDRATE, ENFORCERECURRINGSERVICEEVENTSELECTION, COMPDOUBLEOVERTIMERATE, COMPOVERTIMERATE, MODIFIEDON, IMAGE, ISAUTODISPATCHED, ISTUNEUP, NAME, CLASS, PRIORITY, IMPORTID, SOLDTHRESHOLD, NOCHARGE, CREATEDBY_ID, CREATEDON, MAXIMUMMATERIALCOSTINPERCENT, PROJECTEDVALUEADJUSTMENT, ID, DURATION, COMPCODE, MINIMUMMATERIALCOSTINPERCENT, SUMMARY, PROJECTLABELS, LIKELIHOOD, TENANT_TYPE]
Column names for DataMart Table --> STR_API_JOBTYPE :: [CLASS, COMPOVERTIMERATE, CREATEDBY_ID, ISTUNEUP, MODIFIEDON, COMPSTANDARDRATE, CREATEDON, IMAGE, IMPORTID, PROJECTLABELS, ACTIVE, MAXIMUMMATERIALCOSTINPERCENT, PRIORITY, PROJECTEDVALUEADJUSTMENT, ISAUTODISPATCHED, MASTER_ID, NAME, TENANT_TYPE, COMPCODE, COMPDOUBLEOVERTIMERATE, DURATION, SOLDTHRESHOLD, SUMMARY, LIKELIHOOD, ENFORCERECURRINGSERVICEEVENTSELECTION, ACTIVE_FLAG, MINIMUMMATERIALCOSTINPERCENT, NOCHARGE, RECORD_CREATE_DATE, RECORD_UPDATE_DATE, ID]
Column names for Curated Table --> DIM_JOBTYPE :: [COMPOVERTIMERATE, PROJECTLABELS, RECORD_UPDATED_BY, MAXIMUMMATERIALCOSTINPERCENT, SUMMARY, NAME, COMPDOUBLEOVERTIMERATE, CREATEDBY_ID, DURATION, ISAUTODISPATCHED, RECORD_UPDATE_DATE, COMPSTANDARDRATE, NOCHARGE, IMPORTID, TENANT_TYPE, ACTIVE, ENFORCERECURRINGSERVICEEVENTSELECTION, ID, ISSMARTDISPATCHEDBYDEFAULTINAPI, ISTUNEUP, CLASS, COMPCODE, MINIMUMMATERIALCOSTINPERCENT, PRIORITY, CREATEDON, LIKELIHOOD, RECORD_CREATE_DATE, SOLDTHRESHOLD, IMAGE, MODIFIEDON, PROJECTEDVALUEADJUSTMENT]
Column Name found in Datamart and Curated Table :: ACTIVE
Column Name found in Datamart and Curated Table :: COMPSTANDARDRATE
Column Name found in Datamart and Curated Table :: ENFORCERECURRINGSERVICEEVENTSELECTION
Column Name found in Datamart and Curated Table :: COMPDOUBLEOVERTIMERATE
Column Name found in Datamart and Curated Table :: COMPOVERTIMERATE
Column Name found in Datamart and Curated Table :: MODIFIEDON
Column Name found in Datamart and Curated Table :: IMAGE
Column Name found in Datamart and Curated Table :: ISAUTODISPATCHED
Column Name found in Datamart and Curated Table :: ISTUNEUP
Column Name found in Datamart and Curated Table :: NAME
Column Name found in Datamart and Curated Table :: CLASS
Column Name found in Datamart and Curated Table :: PRIORITY
Column Name found in Datamart and Curated Table :: IMPORTID
Column Name found in Datamart and Curated Table :: SOLDTHRESHOLD
Column Name found in Datamart and Curated Table :: NOCHARGE
Column Name found in Datamart and Curated Table :: CREATEDBY_ID
Column Name found in Datamart and Curated Table :: CREATEDON
Column Name found in Datamart and Curated Table :: MAXIMUMMATERIALCOSTINPERCENT
Column Name found in Datamart and Curated Table :: PROJECTEDVALUEADJUSTMENT
Column Name found in Datamart and Curated Table :: ID
Column Name found in Datamart and Curated Table :: DURATION
Column Name found in Datamart and Curated Table :: COMPCODE
Column Name found in Datamart and Curated Table :: MINIMUMMATERIALCOSTINPERCENT
Column Name found in Datamart and Curated Table :: SUMMARY
Column Name found in Datamart and Curated Table :: PROJECTLABELS
Column Name found in Datamart and Curated Table :: LIKELIHOOD
Column Name found in Datamart and Curated Table :: TENANT_TYPE
Datamart tables contains additional column name like [ACTIVE_FLAG, RECORD_CREATE_DATE, RECORD_UPDATE_DATE, MASTER_ID]
Curated tables contains additional column name like [RECORD_CREATE_DATE, RECORD_UPDATE_DATE, RECORD_UPDATED_BY]]]>
  </system-out>
  <testcase classname="testcases.RAW_DATAMART_CURATED.SnowFlake_ColumnValidation_APITables" name="validateColumnName_BKP" time="2.881"/>
  <system-out>
    <![CDATA[Executing Snowflake query :: SELECT COLUMN_NAME FROM DEV_ENT_RAW.INFORMATION_SCHEMA.COLUMNS WHERE TABLE_NAME='ST_API_CUSTOMER'and TABLE_SCHEMA='API_MAT'
Executing Snowflake query :: SELECT COLUMN_NAME FROM CURATED_DATAMART.INFORMATION_SCHEMA.COLUMNS WHERE TABLE_NAME='STR_API_CUSTOMER'and TABLE_SCHEMA='ST_API_EANESHEATING'
Executing Snowflake query :: SELECT COLUMN_NAME FROM DEV_ENT_CURATED.INFORMATION_SCHEMA.COLUMNS WHERE TABLE_NAME='DIM_CUSTOMER'and TABLE_SCHEMA='MASTER_DIMENSIONS'
Column names for RAW Table --> ST_API_CUSTOMER :: [ADDRESS_ISMANUALCOORDINATES, ADDRESS_ISMILITARY, ADDRESS_LATITUDE, ADDRESS_LONGITUDE, CREATEDON, NAME, IMPORTID, AR, CREATEDBY_ID, ADDRESS_COUNTRY, DONOTCHARGEINTERESTFEE, DONOTSENDPROMOTIONALEMAILS, HEADER, TAXEXEMPT, ADDRESS_UNIT, SHOWMEMBERSAVINGS, ADDRESS_STATE, MEMBERSHIP_ACTIVATEDFROM, MEMBERSHIP_TO, STATISTICS_ID, BALANCE, EXCLUDEFROMBULKPRINTING, MEMBERSHIP_ACTIVATEDBY, MODIFIEDON, ID, TYPE, ACTIVE, ADDRESS_CITY, AVALARAENTITYCODE, EXTERNALID, ADDRESS_ZIP, PAYMENTTERM_ID, MEMBERSHIP_CANCELLATIONDATE, ADDRESS_STREET, DONOTMAIL, DONOTSERVICE, MEMBERSHIP_FROM, NOCHARGE, TENANT_TYPE]
Column names for DataMart Table --> STR_API_CUSTOMER :: [ACTIVE_FLAG, ADDRESS_LATITUDE, ADDRESS_LONGITUDE, ADDRESS_STREET, MEMBERSHIP_ACTIVATEDBY, ADDRESS_ISMANUALCOORDINATES, CREATEDBY_ID, ADDRESS_COUNTRY, AVALARAENTITYCODE, NOCHARGE, DONOTSENDPROMOTIONALEMAILS, MODIFIEDON, DONOTCHARGEINTERESTFEE, SHOWMEMBERSAVINGS, TYPE, ACTIVE, HEADER, IMPORTID, MEMBERSHIP_FROM, RECORD_UPDATE_DATE, MASTER_ID, RECORD_CREATE_DATE, BALANCE, AR, ADDRESS_CITY, ADDRESS_ZIP, DONOTSERVICE, TENANT_TYPE, CREATEDON, ADDRESS_UNIT, EXCLUDEFROMBULKPRINTING, EXTERNALID, MEMBERSHIP_ACTIVATEDFROM, DONOTMAIL, MEMBERSHIP_CANCELLATIONDATE, ADDRESS_ISMILITARY, ADDRESS_STATE, ID, MEMBERSHIP_TO, STATISTICS_ID, TAXEXEMPT, NAME, PAYMENTTERM_ID]
Column names for Curated Table --> DIM_CUSTOMER :: [ADDRESS_UNIT, PAYMENTTERM_ID, BALANCE, IMPORTID, ACTIVE, ADDRESS_COUNTRY, ADDRESS_ISMANUALCOORDINATES, ADDRESS_STATE, ADDRESS_ZIP, AR, NAME, MEMBERSHIP_TO, ADDRESS_CITY, ADDRESS_STREET, DONOTSERVICE, MEMBERSHIP_CANCELLATIONDATE, NOCHARGE, HEADER, CREATEDBY_ID, EXTERNALID, MODIFIEDON, DONOTCHARGEINTERESTFEE, MEMBERSHIP_ACTIVATEDBY, RECORD_UPDATE_DATE, RECORD_UPDATED_BY, STATISTICS_ID, CREATEDON, DONOTMAIL, ID, TAXEXEMPT, RECORD_CREATE_DATE, ADDRESS_LATITUDE, ADDRESS_LONGITUDE, AVALARAENTITYCODE, DONOTSENDPROMOTIONALEMAILS, MEMBERSHIP_FROM, TENANT_TYPE, TYPE, ADDRESS_ISMILITARY, MEMBERSHIP_ACTIVATEDFROM, SHOWMEMBERSAVINGS, EXCLUDEFROMBULKPRINTING]
Column Name found in Datamart and Curated Table :: ADDRESS_ISMANUALCOORDINATES
Column Name found in Datamart and Curated Table :: ADDRESS_ISMILITARY
Column Name found in Datamart and Curated Table :: ADDRESS_LATITUDE
Column Name found in Datamart and Curated Table :: ADDRESS_LONGITUDE
Column Name found in Datamart and Curated Table :: CREATEDON
Column Name found in Datamart and Curated Table :: NAME
Column Name found in Datamart and Curated Table :: IMPORTID
Column Name found in Datamart and Curated Table :: AR
Column Name found in Datamart and Curated Table :: CREATEDBY_ID
Column Name found in Datamart and Curated Table :: ADDRESS_COUNTRY
Column Name found in Datamart and Curated Table :: DONOTCHARGEINTERESTFEE
Column Name found in Datamart and Curated Table :: DONOTSENDPROMOTIONALEMAILS
Column Name found in Datamart and Curated Table :: HEADER
Column Name found in Datamart and Curated Table :: TAXEXEMPT
Column Name found in Datamart and Curated Table :: ADDRESS_UNIT
Column Name found in Datamart and Curated Table :: SHOWMEMBERSAVINGS
Column Name found in Datamart and Curated Table :: ADDRESS_STATE
Column Name found in Datamart and Curated Table :: MEMBERSHIP_ACTIVATEDFROM
Column Name found in Datamart and Curated Table :: MEMBERSHIP_TO
Column Name found in Datamart and Curated Table :: STATISTICS_ID
Column Name found in Datamart and Curated Table :: BALANCE
Column Name found in Datamart and Curated Table :: EXCLUDEFROMBULKPRINTING
Column Name found in Datamart and Curated Table :: MEMBERSHIP_ACTIVATEDBY
Column Name found in Datamart and Curated Table :: MODIFIEDON
Column Name found in Datamart and Curated Table :: ID
Column Name found in Datamart and Curated Table :: TYPE
Column Name found in Datamart and Curated Table :: ACTIVE
Column Name found in Datamart and Curated Table :: ADDRESS_CITY
Column Name found in Datamart and Curated Table :: AVALARAENTITYCODE
Column Name found in Datamart and Curated Table :: EXTERNALID
Column Name found in Datamart and Curated Table :: ADDRESS_ZIP
Column Name found in Datamart and Curated Table :: PAYMENTTERM_ID
Column Name found in Datamart and Curated Table :: MEMBERSHIP_CANCELLATIONDATE
Column Name found in Datamart and Curated Table :: ADDRESS_STREET
Column Name found in Datamart and Curated Table :: DONOTMAIL
Column Name found in Datamart and Curated Table :: DONOTSERVICE
Column Name found in Datamart and Curated Table :: MEMBERSHIP_FROM
Column Name found in Datamart and Curated Table :: NOCHARGE
Column Name found in Datamart and Curated Table :: TENANT_TYPE
Datamart tables contains additional column name like [ACTIVE_FLAG, RECORD_CREATE_DATE, RECORD_UPDATE_DATE, MASTER_ID]
Curated tables contains additional column name like [RECORD_CREATE_DATE, RECORD_UPDATE_DATE, RECORD_UPDATED_BY]]]>
  </system-out>
  <testcase classname="testcases.RAW_DATAMART_CURATED.SnowFlake_ColumnValidation_APITables" name="validateColumnName_BKP" time="2.464"/>
  <system-out>
    <![CDATA[Executing Snowflake query :: SELECT COLUMN_NAME FROM DEV_ENT_RAW.INFORMATION_SCHEMA.COLUMNS WHERE TABLE_NAME='ST_API_EQUIPMENT'and TABLE_SCHEMA='API_MAT'
Executing Snowflake query :: SELECT COLUMN_NAME FROM CURATED_DATAMART.INFORMATION_SCHEMA.COLUMNS WHERE TABLE_NAME='STR_API_EQUIPMENT'and TABLE_SCHEMA='ST_API_HARP'
Executing Snowflake query :: SELECT COLUMN_NAME FROM DEV_ENT_CURATED.INFORMATION_SCHEMA.COLUMNS WHERE TABLE_NAME='DIM_EQUIPMENT'and TABLE_SCHEMA='MASTER_DIMENSIONS'
Column names for RAW Table --> ST_API_EQUIPMENT :: [BUSINESSUNIT_ID, HOURS, IMPORTID, TAXABLE, MANUFACTURER, MODIFIEDON, NAME, PAYSSOLDBYRATE, PAYTECHSPECIFICBONUS, SCHEDULEDFLATAMOUNT, SOURCEVERSION, ACCOUNT, CREATEDBY_ID, SOURCE, WARRANTYRESERVE, BONUS, ADDONMEMBERPRICE, COST, ISSERIALIZED, MANUFACTURERWARRANTY_DESCRIPTION, EXCLUDEFROMPRICEBOOKWIZARD, ORIGINAL_ID, PRIMARYVENDOR_ID, ALLOWDISCOUNTS, COPIEDFROM_ID, CREATEDON, PAYSFLATAMOUNT, SERIALIZEDON, DISPLAYNAME, ACTIVE, ARCHIVED, AVALARACOMMERCIALTAXCODE, CROSSSALEGROUP, PAYSCOMMISSION, UNITOFMEASURE, DISPLAYINAMOUNT, EXTERNALID, ID, INVENTORYENABLEDON, SUPPLIERIMAGES, SYNCDATE, ADDONFLATAMOUNT, ISINVENTORY, TYPE_ID, SERVICEPROVIDERWARRANTY_DURATION, AVALARARESIDENTIALTAXCODE, COMMISSIONBONUS, IMAGES, MODEL, INVENTORYENABLEDBY_ID, PRICE, ADDONPRICE, ASSETACCOUNT_ID, CATEGORY_ID, GENERALLEDGERACCOUNT_ID, LOYALTYPROGRAMELIGIBLE, COSTOFSALEACCOUNT_ID, DESCRIPTION, MANUFACTURERWARRANTY_DURATION, PROVIDER_ID, SERVICEPROVIDERWARRANTY_DESCRIPTION, MEMBERPRICE, TENANT_TYPE]
Column names for DataMart Table --> STR_API_EQUIPMENT :: [ADDONMEMBERPRICE, EXTERNALID, INVENTORYENABLEDON, LOYALTYPROGRAMELIGIBLE, PAYSCOMMISSION, SCHEDULEDFLATAMOUNT, PRICE, CREATEDON, CROSSSALEGROUP, MODEL, SOURCEVERSION, TYPE_ID, PAYSSOLDBYRATE, TAXABLE, PAYTECHSPECIFICBONUS, SYNCDATE, SUPPLIERIMAGES, ACTIVE, DESCRIPTION, HOURS, SERIALIZEDON, ORIGINAL_ID, PROVIDER_ID, UNITOFMEASURE, ALLOWDISCOUNTS, ADDONFLATAMOUNT, BONUS, EXCLUDEFROMPRICEBOOKWIZARD, PAYSFLATAMOUNT, NAME, IMPORTID, ASSETACCOUNT_ID, COSTOFSALEACCOUNT_ID, MANUFACTURERWARRANTY_DURATION, RECORD_UPDATE_DATE, MANUFACTURER, SOURCE, ACTIVE_FLAG, AVALARARESIDENTIALTAXCODE, GENERALLEDGERACCOUNT_ID, ISINVENTORY, SERVICEPROVIDERWARRANTY_DURATION, MEMBERPRICE, WARRANTYRESERVE, CATEGORY_ID, ACCOUNT, ARCHIVED, COST, ID, ISSERIALIZED, MANUFACTURERWARRANTY_DESCRIPTION, MODIFIEDON, AVALARACOMMERCIALTAXCODE, TENANT_TYPE, SERVICEPROVIDERWARRANTY_DESCRIPTION, ADDONPRICE, BRAND, BUSINESSUNIT_ID, COMMISSIONBONUS, COPIEDFROM_ID, CREATEDBY_ID, DISPLAYINAMOUNT, MASTER_ID, PRIMARYVENDOR_ID, DISPLAYNAME, IMAGES, INVENTORYENABLEDBY_ID, RECORD_CREATE_DATE]
Column names for Curated Table --> DIM_EQUIPMENT :: [ASSETACCOUNT_ID, COMMISSIONBONUS, COSTOFSALEACCOUNT_ID, MODEL, SCHEDULEDFLATAMOUNT, COPIEDFROM_ID, ISSERIALIZED, PAYSFLATAMOUNT, PAYTECHSPECIFICBONUS, RECORD_CREATE_DATE, SERVICEPROVIDERWARRANTY_DURATION, ID, AVALARACOMMERCIALTAXCODE, BONUS, HOURS, LOYALTYPROGRAMELIGIBLE, SOURCE, SERIALIZEDON, ADDONPRICE, EXCLUDEFROMPRICEBOOKWIZARD, PAYSCOMMISSION, ISINVENTORY, MODIFIEDON, ACTIVE, ADDONMEMBERPRICE, CREATEDON, EXTERNALID, PRIMARYVENDOR_ID, BUSINESSUNIT_ID, NAME, PAYSSOLDBYRATE, SYNCDATE, AVALARARESIDENTIALTAXCODE, BRAND, CREATEDBY_ID, DISPLAYINAMOUNT, MANUFACTURERWARRANTY_DESCRIPTION, TENANT_TYPE, MANUFACTURER, PROVIDER_ID, SOURCEVERSION, RECORD_UPDATED_BY, ACCOUNT, ADDONFLATAMOUNT, COST, DISPLAYNAME, INVENTORYENABLEDBY_ID, TAXABLE, ARCHIVED, RECORD_UPDATE_DATE, DESCRIPTION, CATEGORY_ID, ALLOWDISCOUNTS, GENERALLEDGERACCOUNT_ID, INVENTORYENABLEDON, PRICE, TYPE_ID, SUPPLIERIMAGES, UNITOFMEASURE, CROSSSALEGROUP, IMAGES, IMPORTID, ORIGINAL_ID, SERVICEPROVIDERWARRANTY_DESCRIPTION, MEMBERPRICE, WARRANTYRESERVE, MANUFACTURERWARRANTY_DURATION]
Column Name found in Datamart and Curated Table :: BUSINESSUNIT_ID
Column Name found in Datamart and Curated Table :: HOURS
Column Name found in Datamart and Curated Table :: IMPORTID
Column Name found in Datamart and Curated Table :: TAXABLE
Column Name found in Datamart and Curated Table :: MANUFACTURER
Column Name found in Datamart and Curated Table :: MODIFIEDON
Column Name found in Datamart and Curated Table :: NAME
Column Name found in Datamart and Curated Table :: PAYSSOLDBYRATE
Column Name found in Datamart and Curated Table :: PAYTECHSPECIFICBONUS
Column Name found in Datamart and Curated Table :: SCHEDULEDFLATAMOUNT
Column Name found in Datamart and Curated Table :: SOURCEVERSION
Column Name found in Datamart and Curated Table :: ACCOUNT
Column Name found in Datamart and Curated Table :: CREATEDBY_ID
Column Name found in Datamart and Curated Table :: SOURCE
Column Name found in Datamart and Curated Table :: WARRANTYRESERVE
Column Name found in Datamart and Curated Table :: BONUS
Column Name found in Datamart and Curated Table :: ADDONMEMBERPRICE
Column Name found in Datamart and Curated Table :: COST
Column Name found in Datamart and Curated Table :: ISSERIALIZED
Column Name found in Datamart and Curated Table :: MANUFACTURERWARRANTY_DESCRIPTION
Column Name found in Datamart and Curated Table :: EXCLUDEFROMPRICEBOOKWIZARD
Column Name found in Datamart and Curated Table :: ORIGINAL_ID
Column Name found in Datamart and Curated Table :: PRIMARYVENDOR_ID
Column Name found in Datamart and Curated Table :: ALLOWDISCOUNTS
Column Name found in Datamart and Curated Table :: COPIEDFROM_ID
Column Name found in Datamart and Curated Table :: CREATEDON
Column Name found in Datamart and Curated Table :: PAYSFLATAMOUNT
Column Name found in Datamart and Curated Table :: SERIALIZEDON
Column Name found in Datamart and Curated Table :: DISPLAYNAME
Column Name found in Datamart and Curated Table :: ACTIVE
Column Name found in Datamart and Curated Table :: ARCHIVED
Column Name found in Datamart and Curated Table :: AVALARACOMMERCIALTAXCODE
Column Name found in Datamart and Curated Table :: CROSSSALEGROUP
Column Name found in Datamart and Curated Table :: PAYSCOMMISSION
Column Name found in Datamart and Curated Table :: UNITOFMEASURE
Column Name found in Datamart and Curated Table :: DISPLAYINAMOUNT
Column Name found in Datamart and Curated Table :: EXTERNALID
Column Name found in Datamart and Curated Table :: ID
Column Name found in Datamart and Curated Table :: INVENTORYENABLEDON
Column Name found in Datamart and Curated Table :: SUPPLIERIMAGES
Column Name found in Datamart and Curated Table :: SYNCDATE
Column Name found in Datamart and Curated Table :: ADDONFLATAMOUNT
Column Name found in Datamart and Curated Table :: ISINVENTORY
Column Name found in Datamart and Curated Table :: TYPE_ID
Column Name found in Datamart and Curated Table :: SERVICEPROVIDERWARRANTY_DURATION
Column Name found in Datamart and Curated Table :: AVALARARESIDENTIALTAXCODE
Column Name found in Datamart and Curated Table :: COMMISSIONBONUS
Column Name found in Datamart and Curated Table :: IMAGES
Column Name found in Datamart and Curated Table :: MODEL
Column Name found in Datamart and Curated Table :: INVENTORYENABLEDBY_ID
Column Name found in Datamart and Curated Table :: PRICE
Column Name found in Datamart and Curated Table :: ADDONPRICE
Column Name found in Datamart and Curated Table :: ASSETACCOUNT_ID
Column Name found in Datamart and Curated Table :: CATEGORY_ID
Column Name found in Datamart and Curated Table :: GENERALLEDGERACCOUNT_ID
Column Name found in Datamart and Curated Table :: LOYALTYPROGRAMELIGIBLE
Column Name found in Datamart and Curated Table :: COSTOFSALEACCOUNT_ID
Column Name found in Datamart and Curated Table :: DESCRIPTION
Column Name found in Datamart and Curated Table :: MANUFACTURERWARRANTY_DURATION
Column Name found in Datamart and Curated Table :: PROVIDER_ID
Column Name found in Datamart and Curated Table :: SERVICEPROVIDERWARRANTY_DESCRIPTION
Column Name found in Datamart and Curated Table :: MEMBERPRICE
Column Name found in Datamart and Curated Table :: TENANT_TYPE
Datamart tables contains additional column name like [ACTIVE_FLAG, RECORD_CREATE_DATE, RECORD_UPDATE_DATE, MASTER_ID]
Curated tables contains additional column name like [RECORD_CREATE_DATE, RECORD_UPDATE_DATE, RECORD_UPDATED_BY]]]>
  </system-out>
  <testcase classname="testcases.RAW_DATAMART_CURATED.SnowFlake_ColumnValidation_APITables" name="validateColumnName_BKP" time="2.677"/>
  <system-out>
    <![CDATA[Executing Snowflake query :: SELECT COLUMN_NAME FROM DEV_ENT_RAW.INFORMATION_SCHEMA.COLUMNS WHERE TABLE_NAME='ST_API_BUSINESSUNIT'and TABLE_SCHEMA='API_MAT'
Executing Snowflake query :: SELECT COLUMN_NAME FROM CURATED_DATAMART.INFORMATION_SCHEMA.COLUMNS WHERE TABLE_NAME='STR_API_BUSINESSUNIT'and TABLE_SCHEMA='ST_API_MAITZ'
Executing Snowflake query :: SELECT COLUMN_NAME FROM DEV_ENT_CURATED.INFORMATION_SCHEMA.COLUMNS WHERE TABLE_NAME='DIM_BUSINESSUNIT'and TABLE_SCHEMA='MASTER_DIMENSIONS'
Column names for RAW Table --> ST_API_BUSINESSUNIT :: [ADDRESS_ZIP, CORPORATECONTRACTNUMBER, CREDITCARDPROCESSORLOGIN, DATA, FRANCHISEEINFO_NAME, FRANCHISEEINFO_TRUCKSOPERATING, INVOICEHEADER, MATERIALSKUREFERENCE_SKUTYPE, OFFERWORKERSCOMPENSATION, PAYROLLIDLETIMEDOUBLEOVERTIMEPAYCODE_ID, CREATEDBY_ID, FRANCHISEEINFO_COMMENTS, INSURANCECOMPANYPHONE, MATERIALSKU_ID, PAYROLLFLATFEEMINIMUM, SERVICEFINANCEDEALERNAME, PAYROLLSOLDBYPAYCODE, CONSTRUCTION, INSURANCECOMPANYNAME, ENABLEWORKORDERS, FINANCEITACCOUNTEMAIL, PAYROLLTYPE, PHONENUMBER, POSTDATE, TRADE_ID, WORLDPAYSUBID, PAYROLLJOBHOURSSTANDARDPAYCODE_ID, PAYROLLTASKBONUSPAYCODE, PAYROLLJOBHOURSOTPAYCODE, ACTIVATIONLOCKED, ADDRESS_STATE, COMMISSIONCALCULATION, OFFERCOMMERCIALGENERALLIABILITY, PAYROLLTASKBONUSPAYCODENEW, ADDRESS_STREET, JOBBOOKEDALERTRECIPIENTS, MINIMUMROYALTYFEE, QUICKBOOKSROOTSALESACCOUNT, TURNSCONTRACTORID, FRANCHISEEINFO_PIVOTALNUMBER, MEALAPPOINTMENT_ID, NOCHARGECOMMERCIAL, PAYROLLPERCENTAGEFEEMINIMUM, PAYROLLTURNOVERBONUSPAYCODENEW, ADDRESS_ISMILITARY, CURRENCY, OVERTIMEMODE, ADDRESS_LATITUDE, BANKACCOUNTPROCESSOR_ID, DIVISIONNAME, FINANCEITPARTNERID, MODIFIEDON, PAYMENTPROCESSOR, QUICKBOOKSCLASS, SERVICEFINANCEDEALERID, WORLDPAYACCOUNTID, AUTHORIZATIONAGREEMENT_ORIGINALFILENAME, CREATEDON, DIVISION_ID, ENABLEWORKORDERSEQUIPMENTFORMATTING, ESTIMATEAUTHORIZATIONPARAGRAPH, HIDEPRICES, NAME, NAVISIONOVERTIMEEARNINGCODE, NOCHARGE, PAYMENTOPTIONS, PAYROLLSOLDBYPAYCODENEW, PAYROLLTURNOVERBONUSPAYCODE, PAYROLLIDLETIMESTANDARDPAYCODE_ID, THREEDAYCANCELATIONPARAGRAPH, PAYROLLWEIGHTEDOVERTIMEPAYCODE_ID, AUTHORIZATIONPARAGRAPH, ACKNOWLEDGEMENTAGREEMENT_FILENAME, ADDRESS_CITY, ADDRESS_ISMANUALCOORDINATES, ADDRESS_UNIT, CALIFORNIACOMPLIANTCONTRACTDOCUMENTS, EMAIL, IMPORTID, ADDRESS_LONGITUDE, GOAL, OFFICIALNAME, PAYROLLFLATFEE, PAYROLLIDLETIMEOVERTIMEPAYCODE_ID, PAYROLLJOBHOURSDOUBLEOVERTIMEPAYCODE_ID, QUICKBOOKSOAUTHSETTINGS, PAYROLLCOSTMARKUP, TGLBONUS, PAYROLLIDLETIMESTPAYCODE, ACTIVE, ACKNOWLEDGEMENTAGREEMENT_ORIGINALFILENAME, ADDRESS_COUNTRY, AUTHORIZATIONAGREEMENT_FILENAME, CREDITCARDPROCESSORKEY, CREDITCARDPROCESSOR_ID, FINANCEITAUTHTOKEN, FRANCHISEEINFO_CONTRACT, INVOICEMESSAGE, NAVISIONSTANDARDTIMEEARNINGCODE, PAYROLLEXPENSEDEDUCTIONTRIGGER, PAYROLLIDLETIMEOTPAYCODE, PAYROLLWEIGHTEDOTPAYCODE, DEFAULTTAXRATE, ID, PAYROLLPERCENTAGEFEE, PAYROLLJOBHOURSOVERTIMEPAYCODE_ID, WARRANTYRATE, GREENSKYMERCHANTID, PAYROLLJOBHOURSSTPAYCODE, LOGO, NAVISIONGLCODE, SELLERFEE, ACKNOWLEDGEMENTPARAGRAPH, EXTERNALID, HVACDASHBOARDSECTIONS, INTACCTENTITY_ID, FRANCHISEEINFO_GST, LICENSENUMBER, NOCHARGERESIDENTIAL, INTEGRATEDREFUNDS_ID, MATERIALSKUREFERENCE_SKUID, TURNOVERMINIMUMTHRESHOLD, PAYROLLINVOICEBONUSPAYCODE_ID, WORLDPAYMERCHANTPIN, TENANT_TYPE]
Column names for DataMart Table --> STR_API_BUSINESSUNIT :: [ACKNOWLEDGEMENTAGREEMENT_ORIGINALFILENAME, ADDRESS_CITY, CORPORATECONTRACTNUMBER, CURRENCY, FINANCEITPARTNERID, INSURANCECOMPANYPHONE, NAVISIONGLCODE, PHONENUMBER, TURNOVERMINIMUMTHRESHOLD, IMPORTID, PAYMENTOPTIONS, PAYROLLTASKBONUSPAYCODENEW, SELLERFEE, PAYROLLIDLETIMEOTPAYCODE, PAYROLLTURNOVERBONUSPAYCODE, WARRANTYRATE, CREATEDBY_ID, ENABLEWORKORDERS, ADDRESS_STATE, AUTHORIZATIONAGREEMENT_ORIGINALFILENAME, WORLDPAYSUBID, CREDITCARDPROCESSOR_ID, FRANCHISEEINFO_CONTRACT, MATERIALSKU_ID, PAYROLLEXPENSEDEDUCTIONTRIGGER, PAYROLLINVOICEBONUSPAYCODE_ID, QUICKBOOKSROOTSALESACCOUNT, NAME, TENANT_TYPE, GOAL, ACKNOWLEDGEMENTPARAGRAPH, ACTIVATIONLOCKED, ADDRESS_ISMILITARY, AUTHORIZATIONPARAGRAPH, CONSTRUCTION, ESTIMATEAUTHORIZATIONPARAGRAPH, FRANCHISEEINFO_NAME, HVACDASHBOARDSECTIONS, PAYROLLIDLETIMESTANDARDPAYCODE_ID, FRANCHISEEINFO_COMMENTS, OFFERCOMMERCIALGENERALLIABILITY, PAYROLLIDLETIMEOVERTIMEPAYCODE_ID, PAYROLLJOBHOURSSTANDARDPAYCODE_ID, WORLDPAYACCOUNTID, LICENSENUMBER, INTACCTENTITY_ID, CREDITCARDPROCESSORLOGIN, FINANCEITACCOUNTEMAIL, NAVISIONSTANDARDTIMEEARNINGCODE, PAYROLLIDLETIMEDOUBLEOVERTIMEPAYCODE_ID, PAYROLLJOBHOURSOVERTIMEPAYCODE_ID, AUTHORIZATIONAGREEMENT_FILENAME, FRANCHISEEINFO_PIVOTALNUMBER, MINIMUMROYALTYFEE, PAYROLLPERCENTAGEFEE, POSTDATE, MEALAPPOINTMENT_ID, PAYROLLSOLDBYPAYCODENEW, QUICKBOOKSCLASS, PAYROLLTASKBONUSPAYCODE, ADDRESS_UNIT, ACTIVE, DATA, DEFAULTTAXRATE, DIVISION_ID, PAYROLLTURNOVERBONUSPAYCODENEW, COMMISSIONCALCULATION, FINANCEITAUTHTOKEN, NOCHARGECOMMERCIAL, NOCHARGERESIDENTIAL, SERVICEFINANCEDEALERID, THREEDAYCANCELATIONPARAGRAPH, CREDITCARDPROCESSORKEY, PAYROLLJOBHOURSSTPAYCODE, ADDRESS_COUNTRY, ADDRESS_LONGITUDE, DIVISIONNAME, EMAIL, FRANCHISEEINFO_TRUCKSOPERATING, GREENSKYMERCHANTID, PAYROLLFLATFEEMINIMUM, PAYROLLTYPE, QUICKBOOKSOAUTHSETTINGS, ADDRESS_ISMANUALCOORDINATES, PAYMENTPROCESSOR, PAYROLLCOSTMARKUP, ID, PAYROLLJOBHOURSOTPAYCODE, ACTIVE_FLAG, ACKNOWLEDGEMENTAGREEMENT_FILENAME, ADDRESS_LATITUDE, ADDRESS_STREET, ENABLEWORKORDERSEQUIPMENTFORMATTING, INVOICEHEADER, OFFICIALNAME, OVERTIMEMODE, TRADE_ID, CALIFORNIACOMPLIANTCONTRACTDOCUMENTS, FRANCHISEEINFO_GST, MATERIALSKUREFERENCE_SKUTYPE, OFFERWORKERSCOMPENSATION, PAYROLLFLATFEE, PAYROLLJOBHOURSDOUBLEOVERTIMEPAYCODE_ID, NOCHARGE, WORLDPAYMERCHANTPIN, TURNSCONTRACTORID, INVOICEMESSAGE, INTEGRATEDREFUNDS_ID, BCCEMAIL, PAYROLLWEIGHTEDOVERTIMEPAYCODE_ID, JOBBOOKEDALERTRECIPIENTS, PAYROLLWEIGHTEDOTPAYCODE, RECORD_CREATE_DATE, ADDRESS_ZIP, BANKACCOUNTPROCESSOR_ID, CREATEDON, NAVISIONOVERTIMEEARNINGCODE, EXTERNALID, HIDEPRICES, LOGO, MODIFIEDON, PAYROLLIDLETIMESTPAYCODE, PAYROLLPERCENTAGEFEEMINIMUM, PAYROLLSOLDBYPAYCODE, RECORD_UPDATE_DATE, TGLBONUS, INSURANCECOMPANYNAME, SERVICEFINANCEDEALERNAME, MATERIALSKUREFERENCE_SKUID, MASTER_ID]
Column names for Curated Table --> DIM_BUSINESSUNIT :: [ADDRESS_COUNTRY, ADDRESS_STREET, BANKACCOUNTPROCESSOR_ID, MEALAPPOINTMENT_ID, CREATEDBY_ID, DIVISION_ID, OFFERCOMMERCIALGENERALLIABILITY, PAYMENTPROCESSOR, PAYROLLJOBHOURSSTANDARDPAYCODE_ID, PAYROLLSOLDBYPAYCODE, TGLBONUS, NAME, PAYROLLCOSTMARKUP, PAYROLLJOBHOURSDOUBLEOVERTIMEPAYCODE_ID, LICENSENUMBER, LOGO, OVERTIMEMODE, ACKNOWLEDGEMENTAGREEMENT_ORIGINALFILENAME, AUTHORIZATIONPARAGRAPH, FINANCEITPARTNERID, WARRANTYRATE, FINANCEITACCOUNTEMAIL, PAYROLLTYPE, QUICKBOOKSCLASS, QUICKBOOKSOAUTHSETTINGS, GREENSKYMERCHANTID, CREDITCARDPROCESSORKEY, CREDITCARDPROCESSORLOGIN, CREDITCARDPROCESSOR_ID, DEFAULTTAXRATE, FRANCHISEEINFO_COMMENTS, HVACDASHBOARDSECTIONS, MODIFIEDON, WORLDPAYACCOUNTID, PAYROLLIDLETIMEDOUBLEOVERTIMEPAYCODE_ID, TENANT_TYPE, FRANCHISEEINFO_GST, RECORD_CREATE_DATE, NOCHARGE, PAYMENTOPTIONS, PAYROLLPERCENTAGEFEE, PAYROLLSOLDBYPAYCODENEW, ADDRESS_LONGITUDE, ADDRESS_ZIP, CREATEDON, INTEGRATEDREFUNDS_ID, JOBBOOKEDALERTRECIPIENTS, NAVISIONOVERTIMEEARNINGCODE, PAYROLLINVOICEBONUSPAYCODE_ID, ACTIVE, ADDRESS_STATE, AUTHORIZATIONAGREEMENT_ORIGINALFILENAME, ENABLEWORKORDERS, MATERIALSKU_ID, NAVISIONSTANDARDTIMEEARNINGCODE, PAYROLLJOBHOURSSTPAYCODE, POSTDATE, ADDRESS_ISMILITARY, ADDRESS_LATITUDE, ADDRESS_UNIT, CALIFORNIACOMPLIANTCONTRACTDOCUMENTS, ENABLEWORKORDERSEQUIPMENTFORMATTING, HIDEPRICES, INVOICEHEADER, COMMISSIONCALCULATION, EMAIL, FRANCHISEEINFO_TRUCKSOPERATING, PAYROLLIDLETIMESTANDARDPAYCODE_ID, PAYROLLIDLETIMESTPAYCODE, TRADE_ID, AUTHORIZATIONAGREEMENT_FILENAME, SERVICEFINANCEDEALERID, WORLDPAYMERCHANTPIN, BCCEMAIL, OFFERWORKERSCOMPENSATION, NAVISIONGLCODE, WORLDPAYSUBID, ACKNOWLEDGEMENTAGREEMENT_FILENAME, ACTIVATIONLOCKED, DIVISIONNAME, FINANCEITAUTHTOKEN, FRANCHISEEINFO_PIVOTALNUMBER, INSURANCECOMPANYNAME, PAYROLLWEIGHTEDOVERTIMEPAYCODE_ID, TURNSCONTRACTORID, FRANCHISEEINFO_NAME, MINIMUMROYALTYFEE, PAYROLLEXPENSEDEDUCTIONTRIGGER, PAYROLLPERCENTAGEFEEMINIMUM, RECORD_UPDATED_BY, SERVICEFINANCEDEALERNAME, ESTIMATEAUTHORIZATIONPARAGRAPH, TURNOVERMINIMUMTHRESHOLD, PAYROLLIDLETIMEOVERTIMEPAYCODE_ID, RECORD_UPDATE_DATE, ACKNOWLEDGEMENTPARAGRAPH, ADDRESS_ISMANUALCOORDINATES, INVOICEMESSAGE, MATERIALSKUREFERENCE_SKUID, MATERIALSKUREFERENCE_SKUTYPE, PAYROLLIDLETIMEOTPAYCODE, PAYROLLJOBHOURSOTPAYCODE, PAYROLLJOBHOURSOVERTIMEPAYCODE_ID, CONSTRUCTION, CORPORATECONTRACTNUMBER, DATA, NOCHARGECOMMERCIAL, NOCHARGERESIDENTIAL, PAYROLLTASKBONUSPAYCODE, PAYROLLTASKBONUSPAYCODENEW, QUICKBOOKSROOTSALESACCOUNT, ID, PAYROLLTURNOVERBONUSPAYCODENEW, ADDRESS_CITY, CURRENCY, GOAL, IMPORTID, INSURANCECOMPANYPHONE, PAYROLLTURNOVERBONUSPAYCODE, OFFICIALNAME, PAYROLLFLATFEE, PHONENUMBER, SELLERFEE, THREEDAYCANCELATIONPARAGRAPH, FRANCHISEEINFO_CONTRACT, PAYROLLFLATFEEMINIMUM, PAYROLLWEIGHTEDOTPAYCODE, INTACCTENTITY_ID, EXTERNALID]
Column Name found in Datamart and Curated Table :: ADDRESS_ZIP
Column Name found in Datamart and Curated Table :: CORPORATECONTRACTNUMBER
Column Name found in Datamart and Curated Table :: CREDITCARDPROCESSORLOGIN
Column Name found in Datamart and Curated Table :: DATA
Column Name found in Datamart and Curated Table :: FRANCHISEEINFO_NAME
Column Name found in Datamart and Curated Table :: FRANCHISEEINFO_TRUCKSOPERATING
Column Name found in Datamart and Curated Table :: INVOICEHEADER
Column Name found in Datamart and Curated Table :: MATERIALSKUREFERENCE_SKUTYPE
Column Name found in Datamart and Curated Table :: OFFERWORKERSCOMPENSATION
Column Name found in Datamart and Curated Table :: PAYROLLIDLETIMEDOUBLEOVERTIMEPAYCODE_ID
Column Name found in Datamart and Curated Table :: CREATEDBY_ID
Column Name found in Datamart and Curated Table :: FRANCHISEEINFO_COMMENTS
Column Name found in Datamart and Curated Table :: INSURANCECOMPANYPHONE
Column Name found in Datamart and Curated Table :: MATERIALSKU_ID
Column Name found in Datamart and Curated Table :: PAYROLLFLATFEEMINIMUM
Column Name found in Datamart and Curated Table :: SERVICEFINANCEDEALERNAME
Column Name found in Datamart and Curated Table :: PAYROLLSOLDBYPAYCODE
Column Name found in Datamart and Curated Table :: CONSTRUCTION
Column Name found in Datamart and Curated Table :: INSURANCECOMPANYNAME
Column Name found in Datamart and Curated Table :: ENABLEWORKORDERS
Column Name found in Datamart and Curated Table :: FINANCEITACCOUNTEMAIL
Column Name found in Datamart and Curated Table :: PAYROLLTYPE
Column Name found in Datamart and Curated Table :: PHONENUMBER
Column Name found in Datamart and Curated Table :: POSTDATE
Column Name found in Datamart and Curated Table :: TRADE_ID
Column Name found in Datamart and Curated Table :: WORLDPAYSUBID
Column Name found in Datamart and Curated Table :: PAYROLLJOBHOURSSTANDARDPAYCODE_ID
Column Name found in Datamart and Curated Table :: PAYROLLTASKBONUSPAYCODE
Column Name found in Datamart and Curated Table :: PAYROLLJOBHOURSOTPAYCODE
Column Name found in Datamart and Curated Table :: ACTIVATIONLOCKED
Column Name found in Datamart and Curated Table :: ADDRESS_STATE
Column Name found in Datamart and Curated Table :: COMMISSIONCALCULATION
Column Name found in Datamart and Curated Table :: OFFERCOMMERCIALGENERALLIABILITY
Column Name found in Datamart and Curated Table :: PAYROLLTASKBONUSPAYCODENEW
Column Name found in Datamart and Curated Table :: ADDRESS_STREET
Column Name found in Datamart and Curated Table :: JOBBOOKEDALERTRECIPIENTS
Column Name found in Datamart and Curated Table :: MINIMUMROYALTYFEE
Column Name found in Datamart and Curated Table :: QUICKBOOKSROOTSALESACCOUNT
Column Name found in Datamart and Curated Table :: TURNSCONTRACTORID
Column Name found in Datamart and Curated Table :: FRANCHISEEINFO_PIVOTALNUMBER
Column Name found in Datamart and Curated Table :: MEALAPPOINTMENT_ID
Column Name found in Datamart and Curated Table :: NOCHARGECOMMERCIAL
Column Name found in Datamart and Curated Table :: PAYROLLPERCENTAGEFEEMINIMUM
Column Name found in Datamart and Curated Table :: PAYROLLTURNOVERBONUSPAYCODENEW
Column Name found in Datamart and Curated Table :: ADDRESS_ISMILITARY
Column Name found in Datamart and Curated Table :: CURRENCY
Column Name found in Datamart and Curated Table :: OVERTIMEMODE
Column Name found in Datamart and Curated Table :: ADDRESS_LATITUDE
Column Name found in Datamart and Curated Table :: BANKACCOUNTPROCESSOR_ID
Column Name found in Datamart and Curated Table :: DIVISIONNAME
Column Name found in Datamart and Curated Table :: FINANCEITPARTNERID
Column Name found in Datamart and Curated Table :: MODIFIEDON
Column Name found in Datamart and Curated Table :: PAYMENTPROCESSOR
Column Name found in Datamart and Curated Table :: QUICKBOOKSCLASS
Column Name found in Datamart and Curated Table :: SERVICEFINANCEDEALERID
Column Name found in Datamart and Curated Table :: WORLDPAYACCOUNTID
Column Name found in Datamart and Curated Table :: AUTHORIZATIONAGREEMENT_ORIGINALFILENAME
Column Name found in Datamart and Curated Table :: CREATEDON
Column Name found in Datamart and Curated Table :: DIVISION_ID
Column Name found in Datamart and Curated Table :: ENABLEWORKORDERSEQUIPMENTFORMATTING
Column Name found in Datamart and Curated Table :: ESTIMATEAUTHORIZATIONPARAGRAPH
Column Name found in Datamart and Curated Table :: HIDEPRICES
Column Name found in Datamart and Curated Table :: NAME
Column Name found in Datamart and Curated Table :: NAVISIONOVERTIMEEARNINGCODE
Column Name found in Datamart and Curated Table :: NOCHARGE
Column Name found in Datamart and Curated Table :: PAYMENTOPTIONS
Column Name found in Datamart and Curated Table :: PAYROLLSOLDBYPAYCODENEW
Column Name found in Datamart and Curated Table :: PAYROLLTURNOVERBONUSPAYCODE
Column Name found in Datamart and Curated Table :: PAYROLLIDLETIMESTANDARDPAYCODE_ID
Column Name found in Datamart and Curated Table :: THREEDAYCANCELATIONPARAGRAPH
Column Name found in Datamart and Curated Table :: PAYROLLWEIGHTEDOVERTIMEPAYCODE_ID
Column Name found in Datamart and Curated Table :: AUTHORIZATIONPARAGRAPH
Column Name found in Datamart and Curated Table :: ACKNOWLEDGEMENTAGREEMENT_FILENAME
Column Name found in Datamart and Curated Table :: ADDRESS_CITY
Column Name found in Datamart and Curated Table :: ADDRESS_ISMANUALCOORDINATES
Column Name found in Datamart and Curated Table :: ADDRESS_UNIT
Column Name found in Datamart and Curated Table :: CALIFORNIACOMPLIANTCONTRACTDOCUMENTS
Column Name found in Datamart and Curated Table :: EMAIL
Column Name found in Datamart and Curated Table :: IMPORTID
Column Name found in Datamart and Curated Table :: ADDRESS_LONGITUDE
Column Name found in Datamart and Curated Table :: GOAL
Column Name found in Datamart and Curated Table :: OFFICIALNAME
Column Name found in Datamart and Curated Table :: PAYROLLFLATFEE
Column Name found in Datamart and Curated Table :: PAYROLLIDLETIMEOVERTIMEPAYCODE_ID
Column Name found in Datamart and Curated Table :: PAYROLLJOBHOURSDOUBLEOVERTIMEPAYCODE_ID
Column Name found in Datamart and Curated Table :: QUICKBOOKSOAUTHSETTINGS
Column Name found in Datamart and Curated Table :: PAYROLLCOSTMARKUP
Column Name found in Datamart and Curated Table :: TGLBONUS
Column Name found in Datamart and Curated Table :: PAYROLLIDLETIMESTPAYCODE
Column Name found in Datamart and Curated Table :: ACTIVE
Column Name found in Datamart and Curated Table :: ACKNOWLEDGEMENTAGREEMENT_ORIGINALFILENAME
Column Name found in Datamart and Curated Table :: ADDRESS_COUNTRY
Column Name found in Datamart and Curated Table :: AUTHORIZATIONAGREEMENT_FILENAME
Column Name found in Datamart and Curated Table :: CREDITCARDPROCESSORKEY
Column Name found in Datamart and Curated Table :: CREDITCARDPROCESSOR_ID
Column Name found in Datamart and Curated Table :: FINANCEITAUTHTOKEN
Column Name found in Datamart and Curated Table :: FRANCHISEEINFO_CONTRACT
Column Name found in Datamart and Curated Table :: INVOICEMESSAGE
Column Name found in Datamart and Curated Table :: NAVISIONSTANDARDTIMEEARNINGCODE
Column Name found in Datamart and Curated Table :: PAYROLLEXPENSEDEDUCTIONTRIGGER
Column Name found in Datamart and Curated Table :: PAYROLLIDLETIMEOTPAYCODE
Column Name found in Datamart and Curated Table :: PAYROLLWEIGHTEDOTPAYCODE
Column Name found in Datamart and Curated Table :: DEFAULTTAXRATE
Column Name found in Datamart and Curated Table :: ID
Column Name found in Datamart and Curated Table :: PAYROLLPERCENTAGEFEE
Column Name found in Datamart and Curated Table :: PAYROLLJOBHOURSOVERTIMEPAYCODE_ID
Column Name found in Datamart and Curated Table :: WARRANTYRATE
Column Name found in Datamart and Curated Table :: GREENSKYMERCHANTID
Column Name found in Datamart and Curated Table :: PAYROLLJOBHOURSSTPAYCODE
Column Name found in Datamart and Curated Table :: LOGO
Column Name found in Datamart and Curated Table :: NAVISIONGLCODE
Column Name found in Datamart and Curated Table :: SELLERFEE
Column Name found in Datamart and Curated Table :: ACKNOWLEDGEMENTPARAGRAPH
Column Name found in Datamart and Curated Table :: EXTERNALID
Column Name found in Datamart and Curated Table :: HVACDASHBOARDSECTIONS
Column Name found in Datamart and Curated Table :: INTACCTENTITY_ID
Column Name found in Datamart and Curated Table :: FRANCHISEEINFO_GST
Column Name found in Datamart and Curated Table :: LICENSENUMBER
Column Name found in Datamart and Curated Table :: NOCHARGERESIDENTIAL
Column Name found in Datamart and Curated Table :: INTEGRATEDREFUNDS_ID
Column Name found in Datamart and Curated Table :: MATERIALSKUREFERENCE_SKUID
Column Name found in Datamart and Curated Table :: TURNOVERMINIMUMTHRESHOLD
Column Name found in Datamart and Curated Table :: PAYROLLINVOICEBONUSPAYCODE_ID
Column Name found in Datamart and Curated Table :: WORLDPAYMERCHANTPIN
Column Name found in Datamart and Curated Table :: TENANT_TYPE
Datamart tables contains additional column name like [ACTIVE_FLAG, RECORD_CREATE_DATE, RECORD_UPDATE_DATE, MASTER_ID]
Curated tables contains additional column name like [RECORD_CREATE_DATE, RECORD_UPDATE_DATE, RECORD_UPDATED_BY]]]>
  </system-out>
  <testcase classname="testcases.RAW_DATAMART_CURATED.SnowFlake_ColumnValidation_APITables" name="validateColumnName_BKP" time="2.561"/>
  <system-out>
    <![CDATA[Executing Snowflake query :: SELECT COLUMN_NAME FROM DEV_ENT_RAW.INFORMATION_SCHEMA.COLUMNS WHERE TABLE_NAME='ST_API_HOLDJOBREASON'and TABLE_SCHEMA='API_MAT'
Executing Snowflake query :: SELECT COLUMN_NAME FROM CURATED_DATAMART.INFORMATION_SCHEMA.COLUMNS WHERE TABLE_NAME='STR_API_HOLDJOBREASON'and TABLE_SCHEMA='ST_API_GOLDMEDAL'
Executing Snowflake query :: SELECT COLUMN_NAME FROM DEV_ENT_CURATED.INFORMATION_SCHEMA.COLUMNS WHERE TABLE_NAME='DIM_HOLDJOBREASON'and TABLE_SCHEMA='MASTER_DIMENSIONS'
Column names for RAW Table --> ST_API_HOLDJOBREASON :: [ID, ACTIVE, MODIFIEDON, CREATEDBY_ID, CREATEDON, NAME, IMPORTID, TENANT_TYPE]
Column names for DataMart Table --> STR_API_HOLDJOBREASON :: [CREATEDBY_ID, ACTIVE, RECORD_UPDATE_DATE, ACTIVE_FLAG, IMPORTID, MODIFIEDON, NAME, ID, MASTER_ID, TENANT_TYPE, CREATEDON, RECORD_CREATE_DATE]
Column names for Curated Table --> DIM_HOLDJOBREASON :: [ACTIVE, ID, NAME, RECORD_UPDATED_BY, CREATEDON, MODIFIEDON, RECORD_CREATE_DATE, RECORD_UPDATE_DATE, TENANT_TYPE, IMPORTID, CREATEDBY_ID]
Column Name found in Datamart and Curated Table :: ID
Column Name found in Datamart and Curated Table :: ACTIVE
Column Name found in Datamart and Curated Table :: MODIFIEDON
Column Name found in Datamart and Curated Table :: CREATEDBY_ID
Column Name found in Datamart and Curated Table :: CREATEDON
Column Name found in Datamart and Curated Table :: NAME
Column Name found in Datamart and Curated Table :: IMPORTID
Column Name found in Datamart and Curated Table :: TENANT_TYPE
Datamart tables contains additional column name like [ACTIVE_FLAG, RECORD_CREATE_DATE, RECORD_UPDATE_DATE, MASTER_ID]
Curated tables contains additional column name like [RECORD_CREATE_DATE, RECORD_UPDATE_DATE, RECORD_UPDATED_BY]]]>
  </system-out>
  <testcase classname="testcases.RAW_DATAMART_CURATED.SnowFlake_ColumnValidation_APITables" name="validateColumnName_BKP" time="3.991"/>
  <system-out>
    <![CDATA[Executing Snowflake query :: SELECT COLUMN_NAME FROM DEV_ENT_RAW.INFORMATION_SCHEMA.COLUMNS WHERE TABLE_NAME='ST_API_VENDOR'and TABLE_SCHEMA='API_MAT'
Executing Snowflake query :: SELECT COLUMN_NAME FROM CURATED_DATAMART.INFORMATION_SCHEMA.COLUMNS WHERE TABLE_NAME='STR_API_VENDOR'and TABLE_SCHEMA='ST_API_HORIZONSERVICES'
Executing Snowflake query :: SELECT COLUMN_NAME FROM DEV_ENT_CURATED.INFORMATION_SCHEMA.COLUMNS WHERE TABLE_NAME='DIM_VENDOR'and TABLE_SCHEMA='MASTER_DIMENSIONS'
Column names for RAW Table --> ST_API_VENDOR :: [DELIVERYOPTION, REMITTANCEVENDOR_ID, LASTNAME, TAXRATE, ACTIVE, CREATEDON, VENDORADDRESS_ISMANUALCOORDINATES, IMPORTID, ISTRUCKREPLENISHMENT, PHONE, ID, VENDORADDRESS_STREET, FAX, VENDORADDRESS_LATITUDE, CREATEDBY_ID, EMAIL, EXTERNALID, FIRSTNAME, MEMO, RESTRICTEDMOBILECREATION, VENDORADDRESS_COUNTRY, VENDORADDRESS_LONGITUDE, VENDORADDRESS_CITY, NAME, VENDORADDRESS_ISMILITARY, VENDORQUICKBOOKSITEM, VENDORADDRESS_UNIT, VENDORADDRESS_ZIP, VENDORADDRESS_STATE, MODIFIEDON, PAYMENTTERM_ID, ADDRESS, TENANT_TYPE]
Column names for DataMart Table --> STR_API_VENDOR :: [IMPORTID, MODIFIEDON, REMITTANCEVENDOR_ID, VENDORADDRESS_ZIP, CREATEDBY_ID, VENDORQUICKBOOKSITEM, ACTIVE, CREATEDON, LASTNAME, NAME, RECORD_CREATE_DATE, VENDORADDRESS_ISMANUALCOORDINATES, VENDORADDRESS_STREET, MASTER_ID, PAYMENTTERM_ID, VENDORADDRESS_ISMILITARY, VENDORADDRESS_UNIT, VENDORADDRESS_LONGITUDE, FIRSTNAME, MEMO, VENDORADDRESS_COUNTRY, RECORD_UPDATE_DATE, VENDORADDRESS_LATITUDE, ISTRUCKREPLENISHMENT, ACTIVE_FLAG, RESTRICTEDMOBILECREATION, PHONE, FAX, EMAIL, ADDRESS, DELIVERYOPTION, EXTERNALID, TAXRATE, TENANT_TYPE, ID, VENDORADDRESS_CITY, VENDORADDRESS_STATE]
Column names for Curated Table --> DIM_VENDOR :: [DELIVERYOPTION, EXTERNALID, VENDORADDRESS_LATITUDE, VENDORADDRESS_ISMILITARY, VENDORADDRESS_STREET, EMAIL, ID, MEMO, PHONE, TAXRATE, VENDORADDRESS_ZIP, VENDORADDRESS_CITY, ACTIVE, ADDRESS, FAX, ISTRUCKREPLENISHMENT, VENDORADDRESS_STATE, REMITTANCEVENDOR_ID, FIRSTNAME, NAME, VENDORADDRESS_COUNTRY, LASTNAME, RECORD_UPDATE_DATE, VENDORADDRESS_UNIT, MODIFIEDON, CREATEDBY_ID, RECORD_CREATE_DATE, TENANT_TYPE, VENDORADDRESS_LONGITUDE, CREATEDON, IMPORTID, VENDORADDRESS_ISMANUALCOORDINATES, RESTRICTEDMOBILECREATION, PAYMENTTERM_ID, RECORD_UPDATED_BY, VENDORQUICKBOOKSITEM]
Column Name found in Datamart and Curated Table :: DELIVERYOPTION
Column Name found in Datamart and Curated Table :: REMITTANCEVENDOR_ID
Column Name found in Datamart and Curated Table :: LASTNAME
Column Name found in Datamart and Curated Table :: TAXRATE
Column Name found in Datamart and Curated Table :: ACTIVE
Column Name found in Datamart and Curated Table :: CREATEDON
Column Name found in Datamart and Curated Table :: VENDORADDRESS_ISMANUALCOORDINATES
Column Name found in Datamart and Curated Table :: IMPORTID
Column Name found in Datamart and Curated Table :: ISTRUCKREPLENISHMENT
Column Name found in Datamart and Curated Table :: PHONE
Column Name found in Datamart and Curated Table :: ID
Column Name found in Datamart and Curated Table :: VENDORADDRESS_STREET
Column Name found in Datamart and Curated Table :: FAX
Column Name found in Datamart and Curated Table :: VENDORADDRESS_LATITUDE
Column Name found in Datamart and Curated Table :: CREATEDBY_ID
Column Name found in Datamart and Curated Table :: EMAIL
Column Name found in Datamart and Curated Table :: EXTERNALID
Column Name found in Datamart and Curated Table :: FIRSTNAME
Column Name found in Datamart and Curated Table :: MEMO
Column Name found in Datamart and Curated Table :: RESTRICTEDMOBILECREATION
Column Name found in Datamart and Curated Table :: VENDORADDRESS_COUNTRY
Column Name found in Datamart and Curated Table :: VENDORADDRESS_LONGITUDE
Column Name found in Datamart and Curated Table :: VENDORADDRESS_CITY
Column Name found in Datamart and Curated Table :: NAME
Column Name found in Datamart and Curated Table :: VENDORADDRESS_ISMILITARY
Column Name found in Datamart and Curated Table :: VENDORQUICKBOOKSITEM
Column Name found in Datamart and Curated Table :: VENDORADDRESS_UNIT
Column Name found in Datamart and Curated Table :: VENDORADDRESS_ZIP
Column Name found in Datamart and Curated Table :: VENDORADDRESS_STATE
Column Name found in Datamart and Curated Table :: MODIFIEDON
Column Name found in Datamart and Curated Table :: PAYMENTTERM_ID
Column Name found in Datamart and Curated Table :: ADDRESS
Column Name found in Datamart and Curated Table :: TENANT_TYPE
Datamart tables contains additional column name like [ACTIVE_FLAG, RECORD_CREATE_DATE, RECORD_UPDATE_DATE, MASTER_ID]
Curated tables contains additional column name like [RECORD_CREATE_DATE, RECORD_UPDATE_DATE, RECORD_UPDATED_BY]]]>
  </system-out>
  <testcase classname="testcases.RAW_DATAMART_CURATED.SnowFlake_ColumnValidation_APITables" name="validateColumnName_BKP" time="2.571"/>
  <system-out>
    <![CDATA[Executing Snowflake query :: SELECT COLUMN_NAME FROM DEV_ENT_RAW.INFORMATION_SCHEMA.COLUMNS WHERE TABLE_NAME='ST_API_CUSTOMER'and TABLE_SCHEMA='API_MAT'
Executing Snowflake query :: SELECT COLUMN_NAME FROM CURATED_DATAMART.INFORMATION_SCHEMA.COLUMNS WHERE TABLE_NAME='STR_API_CUSTOMER'and TABLE_SCHEMA='ST_API_GOLDMEDAL'
Executing Snowflake query :: SELECT COLUMN_NAME FROM DEV_ENT_CURATED.INFORMATION_SCHEMA.COLUMNS WHERE TABLE_NAME='DIM_CUSTOMER'and TABLE_SCHEMA='MASTER_DIMENSIONS'
Column names for RAW Table --> ST_API_CUSTOMER :: [ADDRESS_ISMANUALCOORDINATES, ADDRESS_ISMILITARY, ADDRESS_LATITUDE, ADDRESS_LONGITUDE, CREATEDON, NAME, IMPORTID, AR, CREATEDBY_ID, ADDRESS_COUNTRY, DONOTCHARGEINTERESTFEE, DONOTSENDPROMOTIONALEMAILS, HEADER, TAXEXEMPT, ADDRESS_UNIT, SHOWMEMBERSAVINGS, ADDRESS_STATE, MEMBERSHIP_ACTIVATEDFROM, MEMBERSHIP_TO, STATISTICS_ID, BALANCE, EXCLUDEFROMBULKPRINTING, MEMBERSHIP_ACTIVATEDBY, MODIFIEDON, ID, TYPE, ACTIVE, ADDRESS_CITY, AVALARAENTITYCODE, EXTERNALID, ADDRESS_ZIP, PAYMENTTERM_ID, MEMBERSHIP_CANCELLATIONDATE, ADDRESS_STREET, DONOTMAIL, DONOTSERVICE, MEMBERSHIP_FROM, NOCHARGE, TENANT_TYPE]
Column names for DataMart Table --> STR_API_CUSTOMER :: [ADDRESS_ISMILITARY, BALANCE, MEMBERSHIP_ACTIVATEDFROM, MODIFIEDON, ACTIVE_FLAG, DONOTSENDPROMOTIONALEMAILS, MEMBERSHIP_FROM, EXTERNALID, RECORD_CREATE_DATE, ADDRESS_ISMANUALCOORDINATES, ADDRESS_UNIT, AR, NAME, DONOTMAIL, ID, TYPE, ACTIVE, ADDRESS_LATITUDE, ADDRESS_LONGITUDE, ADDRESS_STREET, DONOTSERVICE, PAYMENTTERM_ID, RECORD_UPDATE_DATE, SHOWMEMBERSAVINGS, ADDRESS_STATE, MASTER_ID, MEMBERSHIP_TO, STATISTICS_ID, TAXEXEMPT, TENANT_TYPE, ADDRESS_COUNTRY, MEMBERSHIP_CANCELLATIONDATE, NOCHARGE, HEADER, MEMBERSHIP_ACTIVATEDBY, CREATEDBY_ID, ADDRESS_CITY, ADDRESS_ZIP, AVALARAENTITYCODE, CREATEDON, DONOTCHARGEINTERESTFEE, IMPORTID, EXCLUDEFROMBULKPRINTING]
Column names for Curated Table --> DIM_CUSTOMER :: [ADDRESS_UNIT, PAYMENTTERM_ID, BALANCE, IMPORTID, ACTIVE, ADDRESS_COUNTRY, ADDRESS_ISMANUALCOORDINATES, ADDRESS_STATE, ADDRESS_ZIP, AR, NAME, MEMBERSHIP_TO, ADDRESS_CITY, ADDRESS_STREET, DONOTSERVICE, MEMBERSHIP_CANCELLATIONDATE, NOCHARGE, HEADER, CREATEDBY_ID, EXTERNALID, MODIFIEDON, DONOTCHARGEINTERESTFEE, MEMBERSHIP_ACTIVATEDBY, RECORD_UPDATE_DATE, RECORD_UPDATED_BY, STATISTICS_ID, CREATEDON, DONOTMAIL, ID, TAXEXEMPT, RECORD_CREATE_DATE, ADDRESS_LATITUDE, ADDRESS_LONGITUDE, AVALARAENTITYCODE, DONOTSENDPROMOTIONALEMAILS, MEMBERSHIP_FROM, TENANT_TYPE, TYPE, ADDRESS_ISMILITARY, MEMBERSHIP_ACTIVATEDFROM, SHOWMEMBERSAVINGS, EXCLUDEFROMBULKPRINTING]
Column Name found in Datamart and Curated Table :: ADDRESS_ISMANUALCOORDINATES
Column Name found in Datamart and Curated Table :: ADDRESS_ISMILITARY
Column Name found in Datamart and Curated Table :: ADDRESS_LATITUDE
Column Name found in Datamart and Curated Table :: ADDRESS_LONGITUDE
Column Name found in Datamart and Curated Table :: CREATEDON
Column Name found in Datamart and Curated Table :: NAME
Column Name found in Datamart and Curated Table :: IMPORTID
Column Name found in Datamart and Curated Table :: AR
Column Name found in Datamart and Curated Table :: CREATEDBY_ID
Column Name found in Datamart and Curated Table :: ADDRESS_COUNTRY
Column Name found in Datamart and Curated Table :: DONOTCHARGEINTERESTFEE
Column Name found in Datamart and Curated Table :: DONOTSENDPROMOTIONALEMAILS
Column Name found in Datamart and Curated Table :: HEADER
Column Name found in Datamart and Curated Table :: TAXEXEMPT
Column Name found in Datamart and Curated Table :: ADDRESS_UNIT
Column Name found in Datamart and Curated Table :: SHOWMEMBERSAVINGS
Column Name found in Datamart and Curated Table :: ADDRESS_STATE
Column Name found in Datamart and Curated Table :: MEMBERSHIP_ACTIVATEDFROM
Column Name found in Datamart and Curated Table :: MEMBERSHIP_TO
Column Name found in Datamart and Curated Table :: STATISTICS_ID
Column Name found in Datamart and Curated Table :: BALANCE
Column Name found in Datamart and Curated Table :: EXCLUDEFROMBULKPRINTING
Column Name found in Datamart and Curated Table :: MEMBERSHIP_ACTIVATEDBY
Column Name found in Datamart and Curated Table :: MODIFIEDON
Column Name found in Datamart and Curated Table :: ID
Column Name found in Datamart and Curated Table :: TYPE
Column Name found in Datamart and Curated Table :: ACTIVE
Column Name found in Datamart and Curated Table :: ADDRESS_CITY
Column Name found in Datamart and Curated Table :: AVALARAENTITYCODE
Column Name found in Datamart and Curated Table :: EXTERNALID
Column Name found in Datamart and Curated Table :: ADDRESS_ZIP
Column Name found in Datamart and Curated Table :: PAYMENTTERM_ID
Column Name found in Datamart and Curated Table :: MEMBERSHIP_CANCELLATIONDATE
Column Name found in Datamart and Curated Table :: ADDRESS_STREET
Column Name found in Datamart and Curated Table :: DONOTMAIL
Column Name found in Datamart and Curated Table :: DONOTSERVICE
Column Name found in Datamart and Curated Table :: MEMBERSHIP_FROM
Column Name found in Datamart and Curated Table :: NOCHARGE
Column Name found in Datamart and Curated Table :: TENANT_TYPE
Datamart tables contains additional column name like [ACTIVE_FLAG, RECORD_CREATE_DATE, RECORD_UPDATE_DATE, MASTER_ID]
Curated tables contains additional column name like [RECORD_CREATE_DATE, RECORD_UPDATE_DATE, RECORD_UPDATED_BY]]]>
  </system-out>
  <testcase classname="testcases.RAW_DATAMART_CURATED.SnowFlake_ColumnValidation_APITables" name="validateColumnName_BKP" time="2.458"/>
  <system-out>
    <![CDATA[Executing Snowflake query :: SELECT COLUMN_NAME FROM DEV_ENT_RAW.INFORMATION_SCHEMA.COLUMNS WHERE TABLE_NAME='ST_API_PURCHASEORDERITEM'and TABLE_SCHEMA='API_MAT'
Executing Snowflake query :: SELECT COLUMN_NAME FROM CURATED_DATAMART.INFORMATION_SCHEMA.COLUMNS WHERE TABLE_NAME='STR_API_PURCHASEORDERITEM'and TABLE_SCHEMA='ST_API_BILLFENWICK'
Executing Snowflake query :: SELECT COLUMN_NAME FROM DEV_ENT_CURATED.INFORMATION_SCHEMA.COLUMNS WHERE TABLE_NAME='DIM_PURCHASEORDERITEM'and TABLE_SCHEMA='MASTER_DIMENSIONS'
Column names for RAW Table --> ST_API_PURCHASEORDERITEM :: [EQUIPMENT_ID, MARKUP, MODIFIEDON, ROLLEDOVERFROMITEM_ID, UNITOFMEASURE_ID, ACTIVE, ID, IMPORTID, PURCHASEORDER_ID, SKUREFERENCE_SKUTYPE, BUSINESSUNIT_ID, ISINVENTORY, VENDORPARTNUMBER, COST, MATERIALVENDOR_ID, SERIALNUMBER, CREATEDON, DESCRIPTION, EQUIPMENTVENDOR_ID, REQUISITIONITEM_ID, TECHNICIANFORBASERATE2_ID, TECHNICIANSPLIT1, TECHNICIANFORBASERATE3_ID, STATUS, CREATEDBY_ID, TECHNICIANFORBASERATE1_ID, MATERIAL_ID, TECHNICIANSPLIT3, CHARGEABLEITEM_ID, INVENTORYLOCATION_ID, QUANTITY, ROLLOVERQUANTITY, SKUVENDOR_ID, PROJECTLABELS, SKUREFERENCE_SKUID, TECHNICIANSPLIT2, USEDMATERIAL_ID, SKU_ID, TENANT_TYPE]
Column names for DataMart Table --> STR_API_PURCHASEORDERITEM :: [CREATEDON, DESCRIPTION, EQUIPMENTVENDOR_ID, MARKUP, PROJECTLABELS, TECHNICIANFORBASERATE1_ID, UNITOFMEASURE_ID, TECHNICIANFORBASERATE2_ID, VENDORPARTNUMBER, IMPORTID, USEDMATERIAL_ID, INVENTORYLOCATION_ID, TECHNICIANSPLIT1, EQUIPMENT_ID, ROLLEDOVERFROMITEM_ID, ROLLOVERQUANTITY, COST, TECHNICIANSPLIT3, BUSINESSUNIT_ID, CREATEDBY_ID, REQUISITIONITEM_ID, RECORD_CREATE_DATE, TECHNICIANFORBASERATE3_ID, ACTIVE_FLAG, ID, MASTER_ID, MATERIALVENDOR_ID, MODIFIEDON, SERIALNUMBER, STATUS, CHARGEABLEITEM_ID, ISINVENTORY, MATERIAL_ID, SKUREFERENCE_SKUID, SKU_ID, SKUREFERENCE_SKUTYPE, SKUVENDOR_ID, TENANT_TYPE, TECHNICIANSPLIT2, ACTIVE, PURCHASEORDER_ID, QUANTITY, RECORD_UPDATE_DATE]
Column names for Curated Table --> DIM_PURCHASEORDERITEM :: [CREATEDBY_ID, DESCRIPTION, EQUIPMENTVENDOR_ID, EQUIPMENT_ID, MATERIALVENDOR_ID, RECORD_UPDATE_DATE, TECHNICIANFORBASERATE1_ID, MODIFIEDON, UNITOFMEASURE_ID, USEDMATERIAL_ID, TECHNICIANSPLIT2, CHARGEABLEITEM_ID, COST, QUANTITY, TECHNICIANFORBASERATE3_ID, INVENTORYLOCATION_ID, IMPORTID, REQUISITIONITEM_ID, TENANT_TYPE, VENDORPARTNUMBER, SKU_ID, CREATEDON, ID, SKUREFERENCE_SKUTYPE, MARKUP, PROJECTLABELS, PURCHASEORDER_ID, SERIALNUMBER, SKUVENDOR_ID, TECHNICIANSPLIT3, ROLLOVERQUANTITY, STATUS, BUSINESSUNIT_ID, ISINVENTORY, RECORD_CREATE_DATE, ROLLEDOVERFROMITEM_ID, TECHNICIANSPLIT1, SKUREFERENCE_SKUID, ACTIVE, MATERIAL_ID, RECORD_UPDATED_BY, TECHNICIANFORBASERATE2_ID]
Column Name found in Datamart and Curated Table :: EQUIPMENT_ID
Column Name found in Datamart and Curated Table :: MARKUP
Column Name found in Datamart and Curated Table :: MODIFIEDON
Column Name found in Datamart and Curated Table :: ROLLEDOVERFROMITEM_ID
Column Name found in Datamart and Curated Table :: UNITOFMEASURE_ID
Column Name found in Datamart and Curated Table :: ACTIVE
Column Name found in Datamart and Curated Table :: ID
Column Name found in Datamart and Curated Table :: IMPORTID
Column Name found in Datamart and Curated Table :: PURCHASEORDER_ID
Column Name found in Datamart and Curated Table :: SKUREFERENCE_SKUTYPE
Column Name found in Datamart and Curated Table :: BUSINESSUNIT_ID
Column Name found in Datamart and Curated Table :: ISINVENTORY
Column Name found in Datamart and Curated Table :: VENDORPARTNUMBER
Column Name found in Datamart and Curated Table :: COST
Column Name found in Datamart and Curated Table :: MATERIALVENDOR_ID
Column Name found in Datamart and Curated Table :: SERIALNUMBER
Column Name found in Datamart and Curated Table :: CREATEDON
Column Name found in Datamart and Curated Table :: DESCRIPTION
Column Name found in Datamart and Curated Table :: EQUIPMENTVENDOR_ID
Column Name found in Datamart and Curated Table :: REQUISITIONITEM_ID
Column Name found in Datamart and Curated Table :: TECHNICIANFORBASERATE2_ID
Column Name found in Datamart and Curated Table :: TECHNICIANSPLIT1
Column Name found in Datamart and Curated Table :: TECHNICIANFORBASERATE3_ID
Column Name found in Datamart and Curated Table :: STATUS
Column Name found in Datamart and Curated Table :: CREATEDBY_ID
Column Name found in Datamart and Curated Table :: TECHNICIANFORBASERATE1_ID
Column Name found in Datamart and Curated Table :: MATERIAL_ID
Column Name found in Datamart and Curated Table :: TECHNICIANSPLIT3
Column Name found in Datamart and Curated Table :: CHARGEABLEITEM_ID
Column Name found in Datamart and Curated Table :: INVENTORYLOCATION_ID
Column Name found in Datamart and Curated Table :: QUANTITY
Column Name found in Datamart and Curated Table :: ROLLOVERQUANTITY
Column Name found in Datamart and Curated Table :: SKUVENDOR_ID
Column Name found in Datamart and Curated Table :: PROJECTLABELS
Column Name found in Datamart and Curated Table :: SKUREFERENCE_SKUID
Column Name found in Datamart and Curated Table :: TECHNICIANSPLIT2
Column Name found in Datamart and Curated Table :: USEDMATERIAL_ID
Column Name found in Datamart and Curated Table :: SKU_ID
Column Name found in Datamart and Curated Table :: TENANT_TYPE
Datamart tables contains additional column name like [ACTIVE_FLAG, RECORD_CREATE_DATE, RECORD_UPDATE_DATE, MASTER_ID]
Curated tables contains additional column name like [RECORD_CREATE_DATE, RECORD_UPDATE_DATE, RECORD_UPDATED_BY]]]>
  </system-out>
  <testcase classname="testcases.RAW_DATAMART_CURATED.SnowFlake_ColumnValidation_APITables" name="validateColumnName_BKP" time="3.190"/>
  <system-out>
    <![CDATA[Executing Snowflake query :: SELECT COLUMN_NAME FROM DEV_ENT_RAW.INFORMATION_SCHEMA.COLUMNS WHERE TABLE_NAME='ST_API_PAYMENT'and TABLE_SCHEMA='API_MAT'
Executing Snowflake query :: SELECT COLUMN_NAME FROM CURATED_DATAMART.INFORMATION_SCHEMA.COLUMNS WHERE TABLE_NAME='STR_API_PAYMENT'and TABLE_SCHEMA='ST_API_HORIZONSERVICES'
Executing Snowflake query :: SELECT COLUMN_NAME FROM DEV_ENT_CURATED.INFORMATION_SCHEMA.COLUMNS WHERE TABLE_NAME='DIM_PAYMENT'and TABLE_SCHEMA='MASTER_DIMENSIONS'
Column names for RAW Table --> ST_API_PAYMENT :: [AGREEMENTLANGUAGE, FINANCINGOPERATOR, TRANSACTIONSTATUS, INVOICE_ID, CHECKNUMBER, AMOUNT, SETTLEMENTDATE, PROJECT_ID, BUSINESSUNIT_ID, CREATEDBY_ID, CREATEDON, CREDITAVAILABLE, UNAPPLIEDAMOUNT, EXPORTID, AUTHORIZATIONSIGNATURE, BATCH_ID, DEFERREDINTEREST, EXTERNALID, METHOD, MEMO, STATUS, ACTIVE, CUSTOMER_ID, ESTIMATE_ID, NUMBER, SETTLEMENTSTATUS, SOURCE, STOREDPAYMENT_ID, ID, IMPORTID, PAIDON, MODIFIEDON, TYPE_ID, REFUNDEDAMOUNT, TRANSACTION, APPLIEDON, PAYMENTDATE, TENANT_TYPE]
Column names for DataMart Table --> STR_API_PAYMENT :: [ACTIVE, CHECKNUMBER, DEFERREDINTEREST, INVOICE_ID, BATCH_ID, CUSTOMER_ID, PAIDON, ID, MASTER_ID, ACTIVE_FLAG, STATUS, STOREDPAYMENT_ID, CREATEDON, EXTERNALID, NUMBER, SETTLEMENTDATE, SETTLEMENTSTATUS, AGREEMENTLANGUAGE, ESTIMATE_ID, EXPORTID, MODIFIEDON, TRANSACTIONSTATUS, TENANT_TYPE, TYPE_ID, AMOUNT, BUSINESSUNIT_ID, MEMO, PROJECT_ID, UNAPPLIEDAMOUNT, CREATEDBY_ID, AUTHORIZATIONSIGNATURE, IMPORTID, METHOD, RECORD_UPDATE_DATE, REFUNDEDAMOUNT, PAYMENTDATE, APPLIEDON, CREDITAVAILABLE, RECORD_CREATE_DATE, SOURCE, TRANSACTION, FINANCINGOPERATOR]
Column names for Curated Table --> DIM_PAYMENT :: [DEFERREDINTEREST, PAIDON, SOURCE, TENANT_TYPE, PAYMENTDATE, TYPE_ID, ACTIVE, INVOICE_ID, ESTIMATE_ID, UNAPPLIEDAMOUNT, STATUS, CREATEDBY_ID, CUSTOMER_ID, EXPORTID, IMPORTID, TRANSACTION, MEMO, RECORD_UPDATE_DATE, TRANSACTIONSTATUS, AMOUNT, AUTHORIZATIONSIGNATURE, CHECKNUMBER, MODIFIEDON, EXTERNALID, PROJECT_ID, APPLIEDON, BATCH_ID, CREATEDON, FINANCINGOPERATOR, ID, RECORD_UPDATED_BY, REFUNDEDAMOUNT, SETTLEMENTSTATUS, BUSINESSUNIT_ID, METHOD, AGREEMENTLANGUAGE, CREDITAVAILABLE, NUMBER, RECORD_CREATE_DATE, SETTLEMENTDATE, STOREDPAYMENT_ID]
Column Name found in Datamart and Curated Table :: AGREEMENTLANGUAGE
Column Name found in Datamart and Curated Table :: FINANCINGOPERATOR
Column Name found in Datamart and Curated Table :: TRANSACTIONSTATUS
Column Name found in Datamart and Curated Table :: INVOICE_ID
Column Name found in Datamart and Curated Table :: CHECKNUMBER
Column Name found in Datamart and Curated Table :: AMOUNT
Column Name found in Datamart and Curated Table :: SETTLEMENTDATE
Column Name found in Datamart and Curated Table :: PROJECT_ID
Column Name found in Datamart and Curated Table :: BUSINESSUNIT_ID
Column Name found in Datamart and Curated Table :: CREATEDBY_ID
Column Name found in Datamart and Curated Table :: CREATEDON
Column Name found in Datamart and Curated Table :: CREDITAVAILABLE
Column Name found in Datamart and Curated Table :: UNAPPLIEDAMOUNT
Column Name found in Datamart and Curated Table :: EXPORTID
Column Name found in Datamart and Curated Table :: AUTHORIZATIONSIGNATURE
Column Name found in Datamart and Curated Table :: BATCH_ID
Column Name found in Datamart and Curated Table :: DEFERREDINTEREST
Column Name found in Datamart and Curated Table :: EXTERNALID
Column Name found in Datamart and Curated Table :: METHOD
Column Name found in Datamart and Curated Table :: MEMO
Column Name found in Datamart and Curated Table :: STATUS
Column Name found in Datamart and Curated Table :: ACTIVE
Column Name found in Datamart and Curated Table :: CUSTOMER_ID
Column Name found in Datamart and Curated Table :: ESTIMATE_ID
Column Name found in Datamart and Curated Table :: NUMBER
Column Name found in Datamart and Curated Table :: SETTLEMENTSTATUS
Column Name found in Datamart and Curated Table :: SOURCE
Column Name found in Datamart and Curated Table :: STOREDPAYMENT_ID
Column Name found in Datamart and Curated Table :: ID
Column Name found in Datamart and Curated Table :: IMPORTID
Column Name found in Datamart and Curated Table :: PAIDON
Column Name found in Datamart and Curated Table :: MODIFIEDON
Column Name found in Datamart and Curated Table :: TYPE_ID
Column Name found in Datamart and Curated Table :: REFUNDEDAMOUNT
Column Name found in Datamart and Curated Table :: TRANSACTION
Column Name found in Datamart and Curated Table :: APPLIEDON
Column Name found in Datamart and Curated Table :: PAYMENTDATE
Column Name found in Datamart and Curated Table :: TENANT_TYPE
Datamart tables contains additional column name like [ACTIVE_FLAG, RECORD_CREATE_DATE, RECORD_UPDATE_DATE, MASTER_ID]
Curated tables contains additional column name like [RECORD_CREATE_DATE, RECORD_UPDATE_DATE, RECORD_UPDATED_BY]]]>
  </system-out>
  <testcase classname="testcases.RAW_DATAMART_CURATED.SnowFlake_ColumnValidation_APITables" name="validateColumnName_BKP" time="4.930"/>
  <system-out>
    <![CDATA[Executing Snowflake query :: SELECT COLUMN_NAME FROM DEV_ENT_RAW.INFORMATION_SCHEMA.COLUMNS WHERE TABLE_NAME='ST_API_SKUASSET'and TABLE_SCHEMA='API_MAT'
Executing Snowflake query :: SELECT COLUMN_NAME FROM CURATED_DATAMART.INFORMATION_SCHEMA.COLUMNS WHERE TABLE_NAME='STR_API_SKUASSET'and TABLE_SCHEMA='ST_API_SNELLHEATINGAIR'
Executing Snowflake query :: SELECT COLUMN_NAME FROM DEV_ENT_CURATED.INFORMATION_SCHEMA.COLUMNS WHERE TABLE_NAME='DIM_SKUASSET'and TABLE_SCHEMA='MASTER_DIMENSIONS'
Column names for RAW Table --> ST_API_SKUASSET :: [ISEXTERNAL, IMPORTID, ACTIVE, ORIGINALNAME, ALIAS, CREATEDBY_ID, ID, OWNER_ID, URL, METADATA, TYPE, CREATEDON, EXTERNALURL, TENANT_TYPE]
Column names for DataMart Table --> STR_API_SKUASSET :: [EXTERNALURL, ID, IMPORTID, ISEXTERNAL, ORIGINALNAME, OWNER_ID, ACTIVE_FLAG, RECORD_CREATE_DATE, RECORD_UPDATE_DATE, ALIAS, CREATEDON, ACTIVE, CREATEDBY_ID, MASTER_ID, TYPE, TENANT_TYPE, URL, METADATA]
Column names for Curated Table --> DIM_SKUASSET :: [EXTERNALURL, ORIGINALNAME, TENANT_TYPE, RECORD_UPDATE_DATE, ID, ISEXTERNAL, RECORD_CREATE_DATE, ALIAS, CREATEDON, RECORD_UPDATED_BY, TYPE, ACTIVE, CREATEDBY_ID, OWNER_ID, METADATA, URL, IMPORTID]
Column Name found in Datamart and Curated Table :: ISEXTERNAL
Column Name found in Datamart and Curated Table :: IMPORTID
Column Name found in Datamart and Curated Table :: ACTIVE
Column Name found in Datamart and Curated Table :: ORIGINALNAME
Column Name found in Datamart and Curated Table :: ALIAS
Column Name found in Datamart and Curated Table :: CREATEDBY_ID
Column Name found in Datamart and Curated Table :: ID
Column Name found in Datamart and Curated Table :: OWNER_ID
Column Name found in Datamart and Curated Table :: URL
Column Name found in Datamart and Curated Table :: METADATA
Column Name found in Datamart and Curated Table :: TYPE
Column Name found in Datamart and Curated Table :: CREATEDON
Column Name found in Datamart and Curated Table :: EXTERNALURL
Column Name found in Datamart and Curated Table :: TENANT_TYPE
Datamart tables contains additional column name like [ACTIVE_FLAG, RECORD_CREATE_DATE, RECORD_UPDATE_DATE, MASTER_ID]
Curated tables contains additional column name like [RECORD_CREATE_DATE, RECORD_UPDATE_DATE, RECORD_UPDATED_BY]]]>
  </system-out>
  <testcase classname="testcases.RAW_DATAMART_CURATED.SnowFlake_ColumnValidation_APITables" name="validateColumnName_BKP" time="2.560"/>
  <system-out>
    <![CDATA[Executing Snowflake query :: SELECT COLUMN_NAME FROM DEV_ENT_RAW.INFORMATION_SCHEMA.COLUMNS WHERE TABLE_NAME='ST_API_JOB'and TABLE_SCHEMA='API_MAT'
Executing Snowflake query :: SELECT COLUMN_NAME FROM CURATED_DATAMART.INFORMATION_SCHEMA.COLUMNS WHERE TABLE_NAME='STR_API_JOB'and TABLE_SCHEMA='ST_API_CASTEEL'
Executing Snowflake query :: SELECT COLUMN_NAME FROM DEV_ENT_CURATED.INFORMATION_SCHEMA.COLUMNS WHERE TABLE_NAME='DIM_JOB'and TABLE_SCHEMA='MASTER_DIMENSIONS'
Column names for RAW Table --> ST_API_JOB :: [ACTIVE, CUSTOMER_ID, MANAGEEMPLOYEEEMAIL, MONTHNUMBER, NOCHARGESOURCE, START, CAMPAIGN_ID, LASTCHANGEDBYSMARTDISPATCH, OPPORTUNITYDATE, PREVAILINGWAGEJOBNUMBER, PROJECT_ID, PRIORITY, DRIVETIME, PLANEND, PREDICTEDTOTAL, STATUS, TOTAL, APPROXIMATESTARTDATE, ESTIMATEDCOST, IMPORTID, PROJECTEDVALUE, CREATEDFROMESTIMATESTATUSWHENBOOKING, ISAUTODISPATCHED, NOTIFICATIONSENABLED, COMPLETEDON, CREATEDBY_ID, CUSTOMERPO, ID, LEADGENERATED_ID, LOCATION_ID, PMDATE, PREVAILINGWAGECODE_ID, APPROXIMATEENDDATE, COMPLETIONSURVEYID, CREATEDON, REASSIGNMENTPENALTY, NUMBER, CREATEDFROMESTIMATE_ID, ISCONFIRMED, LATEPENALTY, OPPORTUNITY_ID, PLANSTART, DRIVINGCOST, GENERATEDFROM_ID, SOLDBY_ID, RECALLFOR_ID, CALLSCRIPTANSWERRECORD_ID, DURATION, INVOICE_ID, ISPREVAILINGWAGE, NOCHARGE, SMARTDISPATCHDATA_JOB, LASTAPPOINTMENT_ID, BUSINESSUNIT_ID, FIRSTAPPOINTMENT_ID, GENERATEDBY_ID, ISTECHNICIANSPECIFIC, UNION, WARRANTYFOR_ID, MEMBERSHIP_ID, TYPE_ID, MODIFIEDON, ALLOTTEDTIME, END, EXTERNALID, SECONDARYJOBNUMBER, LEAD_ID, MANAGEFOLLOWUPEMAIL, PREDICTEDSALES, SUMMARY, TENANT_TYPE]
Column names for DataMart Table --> STR_API_JOB :: [ACTIVE, COMPLETIONSURVEYID, ISTECHNICIANSPECIFIC, SMARTDISPATCHDATA_JOB, WARRANTYFOR_ID, ALLOTTEDTIME, BUSINESSUNIT_ID, LATEPENALTY, OPPORTUNITY_ID, PLANSTART, SECONDARYJOBNUMBER, FIRSTAPPOINTMENT_ID, ID, ISPREVAILINGWAGE, NUMBER, UNION, PMDATE, CREATEDBY_ID, GENERATEDFROM_ID, MASTER_ID, PREVAILINGWAGECODE_ID, TENANT_TYPE, IMPORTID, LOCATION_ID, REASSIGNMENTPENALTY, LASTCHANGEDBYSMARTDISPATCH, RECORD_CREATE_DATE, CAMPAIGN_ID, COMPLETEDON, INVOICE_ID, ISAUTODISPATCHED, NOCHARGE, START, MANAGEFOLLOWUPEMAIL, MEMBERSHIP_ID, NOTIFICATIONSENABLED, OPPORTUNITYDATE, RECALLFOR_ID, APPROXIMATEENDDATE, ISCONFIRMED, PREVAILINGWAGEJOBNUMBER, SUMMARY, CREATEDFROMESTIMATE_ID, LASTAPPOINTMENT_ID, LEAD_ID, PREDICTEDSALES, CREATEDFROMESTIMATESTATUSWHENBOOKING, CUSTOMER_ID, ESTIMATEDCOST, EXTERNALID, LEADGENERATED_ID, SOLDBY_ID, STATUS, MANAGEEMPLOYEEEMAIL, RECORD_UPDATE_DATE, APPROXIMATESTARTDATE, CALLSCRIPTANSWERRECORD_ID, DRIVINGCOST, DURATION, END, GENERATEDBY_ID, MODIFIEDON, NOCHARGESOURCE, PLANEND, MONTHNUMBER, PRIORITY, TYPE_ID, PROJECT_ID, ACTIVE_FLAG, CREATEDON, CUSTOMERPO, DRIVETIME, PREDICTEDTOTAL, TOTAL, PROJECTEDVALUE]
Column names for Curated Table --> DIM_JOB :: [LASTCHANGEDBYSMARTDISPATCH, PROJECTEDVALUE, TYPE_ID, EXTERNALID, NOCHARGESOURCE, PMDATE, RECALLFOR_ID, START, ACTIVE, ISAUTODISPATCHED, MONTHNUMBER, PRIORITY, CREATEDON, OPPORTUNITYDATE, PREVAILINGWAGEJOBNUMBER, RECORD_CREATE_DATE, CREATEDBY_ID, LASTAPPOINTMENT_ID, MANAGEEMPLOYEEEMAIL, TOTAL, APPROXIMATESTARTDATE, GENERATEDBY_ID, MANAGEFOLLOWUPEMAIL, RECORD_UPDATED_BY, WARRANTYFOR_ID, UNION, CREATEDFROMESTIMATE_ID, REASSIGNMENTPENALTY, PREDICTEDSALES, LATEPENALTY, DURATION, DRIVETIME, STATUS, SUMMARY, IMPORTID, NOTIFICATIONSENABLED, RECORD_UPDATE_DATE, ALLOTTEDTIME, COMPLETEDON, CUSTOMERPO, GENERATEDFROM_ID, ISTECHNICIANSPECIFIC, LOCATION_ID, PLANEND, MODIFIEDON, PREVAILINGWAGECODE_ID, SECONDARYJOBNUMBER, END, OPPORTUNITY_ID, APPROXIMATEENDDATE, BUSINESSUNIT_ID, CALLSCRIPTANSWERRECORD_ID, CUSTOMER_ID, DRIVINGCOST, ESTIMATEDCOST, FIRSTAPPOINTMENT_ID, PROJECT_ID, SOLDBY_ID, NOCHARGE, ISCONFIRMED, LEADGENERATED_ID, CAMPAIGN_ID, COMPLETIONSURVEYID, CREATEDFROMESTIMATESTATUSWHENBOOKING, ID, INVOICE_ID, ISPREVAILINGWAGE, LEAD_ID, MEMBERSHIP_ID, PLANSTART, SMARTDISPATCHDATA_JOB, TENANT_TYPE, PREDICTEDTOTAL, NUMBER]
Column Name found in Datamart and Curated Table :: ACTIVE
Column Name found in Datamart and Curated Table :: CUSTOMER_ID
Column Name found in Datamart and Curated Table :: MANAGEEMPLOYEEEMAIL
Column Name found in Datamart and Curated Table :: MONTHNUMBER
Column Name found in Datamart and Curated Table :: NOCHARGESOURCE
Column Name found in Datamart and Curated Table :: START
Column Name found in Datamart and Curated Table :: CAMPAIGN_ID
Column Name found in Datamart and Curated Table :: LASTCHANGEDBYSMARTDISPATCH
Column Name found in Datamart and Curated Table :: OPPORTUNITYDATE
Column Name found in Datamart and Curated Table :: PREVAILINGWAGEJOBNUMBER
Column Name found in Datamart and Curated Table :: PROJECT_ID
Column Name found in Datamart and Curated Table :: PRIORITY
Column Name found in Datamart and Curated Table :: DRIVETIME
Column Name found in Datamart and Curated Table :: PLANEND
Column Name found in Datamart and Curated Table :: PREDICTEDTOTAL
Column Name found in Datamart and Curated Table :: STATUS
Column Name found in Datamart and Curated Table :: TOTAL
Column Name found in Datamart and Curated Table :: APPROXIMATESTARTDATE
Column Name found in Datamart and Curated Table :: ESTIMATEDCOST
Column Name found in Datamart and Curated Table :: IMPORTID
Column Name found in Datamart and Curated Table :: PROJECTEDVALUE
Column Name found in Datamart and Curated Table :: CREATEDFROMESTIMATESTATUSWHENBOOKING
Column Name found in Datamart and Curated Table :: ISAUTODISPATCHED
Column Name found in Datamart and Curated Table :: NOTIFICATIONSENABLED
Column Name found in Datamart and Curated Table :: COMPLETEDON
Column Name found in Datamart and Curated Table :: CREATEDBY_ID
Column Name found in Datamart and Curated Table :: CUSTOMERPO
Column Name found in Datamart and Curated Table :: ID
Column Name found in Datamart and Curated Table :: LEADGENERATED_ID
Column Name found in Datamart and Curated Table :: LOCATION_ID
Column Name found in Datamart and Curated Table :: PMDATE
Column Name found in Datamart and Curated Table :: PREVAILINGWAGECODE_ID
Column Name found in Datamart and Curated Table :: APPROXIMATEENDDATE
Column Name found in Datamart and Curated Table :: COMPLETIONSURVEYID
Column Name found in Datamart and Curated Table :: CREATEDON
Column Name found in Datamart and Curated Table :: REASSIGNMENTPENALTY
Column Name found in Datamart and Curated Table :: NUMBER
Column Name found in Datamart and Curated Table :: CREATEDFROMESTIMATE_ID
Column Name found in Datamart and Curated Table :: ISCONFIRMED
Column Name found in Datamart and Curated Table :: LATEPENALTY
Column Name found in Datamart and Curated Table :: OPPORTUNITY_ID
Column Name found in Datamart and Curated Table :: PLANSTART
Column Name found in Datamart and Curated Table :: DRIVINGCOST
Column Name found in Datamart and Curated Table :: GENERATEDFROM_ID
Column Name found in Datamart and Curated Table :: SOLDBY_ID
Column Name found in Datamart and Curated Table :: RECALLFOR_ID
Column Name found in Datamart and Curated Table :: CALLSCRIPTANSWERRECORD_ID
Column Name found in Datamart and Curated Table :: DURATION
Column Name found in Datamart and Curated Table :: INVOICE_ID
Column Name found in Datamart and Curated Table :: ISPREVAILINGWAGE
Column Name found in Datamart and Curated Table :: NOCHARGE
Column Name found in Datamart and Curated Table :: SMARTDISPATCHDATA_JOB
Column Name found in Datamart and Curated Table :: LASTAPPOINTMENT_ID
Column Name found in Datamart and Curated Table :: BUSINESSUNIT_ID
Column Name found in Datamart and Curated Table :: FIRSTAPPOINTMENT_ID
Column Name found in Datamart and Curated Table :: GENERATEDBY_ID
Column Name found in Datamart and Curated Table :: ISTECHNICIANSPECIFIC
Column Name found in Datamart and Curated Table :: UNION
Column Name found in Datamart and Curated Table :: WARRANTYFOR_ID
Column Name found in Datamart and Curated Table :: MEMBERSHIP_ID
Column Name found in Datamart and Curated Table :: TYPE_ID
Column Name found in Datamart and Curated Table :: MODIFIEDON
Column Name found in Datamart and Curated Table :: ALLOTTEDTIME
Column Name found in Datamart and Curated Table :: END
Column Name found in Datamart and Curated Table :: EXTERNALID
Column Name found in Datamart and Curated Table :: SECONDARYJOBNUMBER
Column Name found in Datamart and Curated Table :: LEAD_ID
Column Name found in Datamart and Curated Table :: MANAGEFOLLOWUPEMAIL
Column Name found in Datamart and Curated Table :: PREDICTEDSALES
Column Name found in Datamart and Curated Table :: SUMMARY
Column Name found in Datamart and Curated Table :: TENANT_TYPE
Datamart tables contains additional column name like [ACTIVE_FLAG, RECORD_CREATE_DATE, RECORD_UPDATE_DATE, MASTER_ID]
Curated tables contains additional column name like [RECORD_CREATE_DATE, RECORD_UPDATE_DATE, RECORD_UPDATED_BY]]]>
  </system-out>
  <testcase classname="testcases.RAW_DATAMART_CURATED.SnowFlake_ColumnValidation_APITables" name="validateColumnName_BKP" time="2.159"/>
  <system-out>
    <![CDATA[Executing Snowflake query :: SELECT COLUMN_NAME FROM DEV_ENT_RAW.INFORMATION_SCHEMA.COLUMNS WHERE TABLE_NAME='ST_API_TAGTYPE'and TABLE_SCHEMA='API_MAT'
Executing Snowflake query :: SELECT COLUMN_NAME FROM CURATED_DATAMART.INFORMATION_SCHEMA.COLUMNS WHERE TABLE_NAME='STR_API_TAGTYPE'and TABLE_SCHEMA='ST_API_CASTEEL'
Executing Snowflake query :: SELECT COLUMN_NAME FROM DEV_ENT_CURATED.INFORMATION_SCHEMA.COLUMNS WHERE TABLE_NAME='DIM_TAGTYPE'and TABLE_SCHEMA='MASTER_DIMENSIONS'
Column names for RAW Table --> ST_API_TAGTYPE :: [ID, ISVISIBLEONDISPATCHBOARD, CODE, COLOR, ISALWAYSVISIBLE, ACTIVE, MODIFIEDON, CREATEDON, IMPORTANCE, FONTCOLOR, ISCONVERSIONOPPORTUNITY, NAME, CREATEDBY_ID, IMPORTID, PROJECTEDVALUEADJUSTMENT, TENANT_TYPE]
Column names for DataMart Table --> STR_API_TAGTYPE :: [RECORD_CREATE_DATE, COLOR, CREATEDON, ISCONVERSIONOPPORTUNITY, ISVISIBLEONDISPATCHBOARD, ISALWAYSVISIBLE, CREATEDBY_ID, CODE, MASTER_ID, PROJECTEDVALUEADJUSTMENT, IMPORTANCE, RECORD_UPDATE_DATE, ID, MODIFIEDON, NAME, ACTIVE, ACTIVE_FLAG, FONTCOLOR, IMPORTID, TENANT_TYPE]
Column names for Curated Table --> DIM_TAGTYPE :: [ACTIVE, CODE, FONTCOLOR, IMPORTANCE, TENANT_TYPE, NAME, CREATEDBY_ID, ID, MODIFIEDON, RECORD_UPDATED_BY, COLOR, CREATEDON, RECORD_UPDATE_DATE, ISCONVERSIONOPPORTUNITY, PROJECTEDVALUEADJUSTMENT, RECORD_CREATE_DATE, ISALWAYSVISIBLE, IMPORTID, ISVISIBLEONDISPATCHBOARD]
Column Name found in Datamart and Curated Table :: ID
Column Name found in Datamart and Curated Table :: ISVISIBLEONDISPATCHBOARD
Column Name found in Datamart and Curated Table :: CODE
Column Name found in Datamart and Curated Table :: COLOR
Column Name found in Datamart and Curated Table :: ISALWAYSVISIBLE
Column Name found in Datamart and Curated Table :: ACTIVE
Column Name found in Datamart and Curated Table :: MODIFIEDON
Column Name found in Datamart and Curated Table :: CREATEDON
Column Name found in Datamart and Curated Table :: IMPORTANCE
Column Name found in Datamart and Curated Table :: FONTCOLOR
Column Name found in Datamart and Curated Table :: ISCONVERSIONOPPORTUNITY
Column Name found in Datamart and Curated Table :: NAME
Column Name found in Datamart and Curated Table :: CREATEDBY_ID
Column Name found in Datamart and Curated Table :: IMPORTID
Column Name found in Datamart and Curated Table :: PROJECTEDVALUEADJUSTMENT
Column Name found in Datamart and Curated Table :: TENANT_TYPE
Datamart tables contains additional column name like [ACTIVE_FLAG, RECORD_CREATE_DATE, RECORD_UPDATE_DATE, MASTER_ID]
Curated tables contains additional column name like [RECORD_CREATE_DATE, RECORD_UPDATE_DATE, RECORD_UPDATED_BY]]]>
  </system-out>
  <testcase classname="testcases.RAW_DATAMART_CURATED.SnowFlake_ColumnValidation_APITables" name="validateColumnName_BKP" time="2.644"/>
  <system-out>
    <![CDATA[Executing Snowflake query :: SELECT COLUMN_NAME FROM DEV_ENT_RAW.INFORMATION_SCHEMA.COLUMNS WHERE TABLE_NAME='ST_API_MATERIAL'and TABLE_SCHEMA='API_MAT'
Executing Snowflake query :: SELECT COLUMN_NAME FROM CURATED_DATAMART.INFORMATION_SCHEMA.COLUMNS WHERE TABLE_NAME='STR_API_MATERIAL'and TABLE_SCHEMA='ST_API_HUTCHINSON'
Executing Snowflake query :: SELECT COLUMN_NAME FROM DEV_ENT_CURATED.INFORMATION_SCHEMA.COLUMNS WHERE TABLE_NAME='DIM_MATERIAL'and TABLE_SCHEMA='MASTER_DIMENSIONS'
Column names for RAW Table --> ST_API_MATERIAL :: [CATEGORY_ID, COSTOFSALEACCOUNT_ID, DISPLAYINAMOUNT, SOLDBYCOMMISSION, ARCHIVED, AVALARACOMMERCIALTAXCODE, BONUS, COMMISSIONBONUS, EXCLUDEFROMPRICEBOOKWIZARD, INVENTORYENABLEDON, PURCHASEORDERLIMITS_FLATAMOUNT, LOYALTYPROGRAMELIGIBLE, ACCOUNT, BUSINESSUNIT_ID, CREATEDON, NOTAX, ORIGINAL_ID, PROVIDER_ID, SERIALIZEDON, UNITOFMEASURE, IMPORTID, DISPLAYNAME, ASSETACCOUNT_ID, COPIEDFROM_ID, ISSERIALIZED, PAYSFLATAMOUNT, PRICE, GENERALLEDGERACCOUNT_ID, ID, ISINVENTORY, ACTIVE, AVALARARESIDENTIALTAXCODE, EXTERNALID, IMAGES, PRIMARYVENDOR_ID, TAXABLE, USEFIXEDMATERIALPRICE, DEDUCTASJOBCOST, SOURCEVERSION, SYNCDATE, MODIFIEDON, ADDONMEMBERPRICE, COST, NAME, PAYSCOMMISSION, PAYSSOLDBYRATE, DESCRIPTION, HOURS, SCHEDULEDFLATAMOUNT, SOURCE, ADDONFLATAMOUNT, ADDONPRICE, AUTOGLASSTYPE, CROSSSALEGROUP, PAYTECHSPECIFICBONUS, PURCHASEORDERLIMITS_REVENUEPERCENT, SUPPLIERIMAGES, CREATEDBY_ID, MEMBERPRICE, INVENTORYENABLEDBY_ID, TENANT_TYPE]
Column names for DataMart Table --> STR_API_MATERIAL :: [ACTIVE, ACTIVE_FLAG, ADDONFLATAMOUNT, ADDONMEMBERPRICE, MASTER_ID, MEMBERPRICE, CREATEDON, PAYSCOMMISSION, PAYSSOLDBYRATE, SCHEDULEDFLATAMOUNT, ID, MODIFIEDON, ISINVENTORY, ISSERIALIZED, NOTAX, TENANT_TYPE, HOURS, AVALARACOMMERCIALTAXCODE, DEDUCTASJOBCOST, DISPLAYINAMOUNT, DISPLAYNAME, PROVIDER_ID, PAYSFLATAMOUNT, SYNCDATE, TAXABLE, ARCHIVED, AVALARARESIDENTIALTAXCODE, BONUS, ORIGINAL_ID, RECORD_CREATE_DATE, COSTOFSALEACCOUNT_ID, GENERALLEDGERACCOUNT_ID, PURCHASEORDERLIMITS_FLATAMOUNT, SOURCE, SOURCEVERSION, USEFIXEDMATERIALPRICE, ASSETACCOUNT_ID, EXCLUDEFROMPRICEBOOKWIZARD, INVENTORYENABLEDBY_ID, PAYTECHSPECIFICBONUS, PURCHASEORDERLIMITS_REVENUEPERCENT, PRICE, ADDONPRICE, AUTOGLASSTYPE, CATEGORY_ID, COST, CROSSSALEGROUP, INVENTORYENABLEDON, SERIALIZEDON, COPIEDFROM_ID, IMAGES, SUPPLIERIMAGES, UNITOFMEASURE, SOLDBYCOMMISSION, ACCOUNT, COMMISSIONBONUS, DESCRIPTION, LOYALTYPROGRAMELIGIBLE, RECORD_UPDATE_DATE, EXTERNALID, IMPORTID, BUSINESSUNIT_ID, CREATEDBY_ID, NAME, PRIMARYVENDOR_ID]
Column names for Curated Table --> DIM_MATERIAL :: [BUSINESSUNIT_ID, DEDUCTASJOBCOST, HOURS, MEMBERPRICE, MODIFIEDON, SCHEDULEDFLATAMOUNT, ARCHIVED, BONUS, COST, EXCLUDEFROMPRICEBOOKWIZARD, INVENTORYENABLEDON, SOURCE, ID, RECORD_UPDATED_BY, RECORD_UPDATE_DATE, ADDONPRICE, ASSETACCOUNT_ID, AVALARARESIDENTIALTAXCODE, DESCRIPTION, IMPORTID, ISSERIALIZED, PAYSSOLDBYRATE, ISINVENTORY, NOTAX, CREATEDBY_ID, PRIMARYVENDOR_ID, SERIALIZEDON, GENERALLEDGERACCOUNT_ID, RECORD_CREATE_DATE, CROSSSALEGROUP, SOLDBYCOMMISSION, ACTIVE, CATEGORY_ID, EXTERNALID, NAME, USEFIXEDMATERIALPRICE, INVENTORYENABLEDBY_ID, PAYTECHSPECIFICBONUS, PROVIDER_ID, PURCHASEORDERLIMITS_REVENUEPERCENT, SUPPLIERIMAGES, ACCOUNT, ADDONFLATAMOUNT, COMMISSIONBONUS, CREATEDON, PAYSCOMMISSION, DISPLAYINAMOUNT, SOURCEVERSION, COSTOFSALEACCOUNT_ID, DISPLAYNAME, IMAGES, ORIGINAL_ID, TAXABLE, COPIEDFROM_ID, UNITOFMEASURE, ADDONMEMBERPRICE, AUTOGLASSTYPE, AVALARACOMMERCIALTAXCODE, LOYALTYPROGRAMELIGIBLE, PRICE, PURCHASEORDERLIMITS_FLATAMOUNT, SYNCDATE, TENANT_TYPE, PAYSFLATAMOUNT]
Column Name found in Datamart and Curated Table :: CATEGORY_ID
Column Name found in Datamart and Curated Table :: COSTOFSALEACCOUNT_ID
Column Name found in Datamart and Curated Table :: DISPLAYINAMOUNT
Column Name found in Datamart and Curated Table :: SOLDBYCOMMISSION
Column Name found in Datamart and Curated Table :: ARCHIVED
Column Name found in Datamart and Curated Table :: AVALARACOMMERCIALTAXCODE
Column Name found in Datamart and Curated Table :: BONUS
Column Name found in Datamart and Curated Table :: COMMISSIONBONUS
Column Name found in Datamart and Curated Table :: EXCLUDEFROMPRICEBOOKWIZARD
Column Name found in Datamart and Curated Table :: INVENTORYENABLEDON
Column Name found in Datamart and Curated Table :: PURCHASEORDERLIMITS_FLATAMOUNT
Column Name found in Datamart and Curated Table :: LOYALTYPROGRAMELIGIBLE
Column Name found in Datamart and Curated Table :: ACCOUNT
Column Name found in Datamart and Curated Table :: BUSINESSUNIT_ID
Column Name found in Datamart and Curated Table :: CREATEDON
Column Name found in Datamart and Curated Table :: NOTAX
Column Name found in Datamart and Curated Table :: ORIGINAL_ID
Column Name found in Datamart and Curated Table :: PROVIDER_ID
Column Name found in Datamart and Curated Table :: SERIALIZEDON
Column Name found in Datamart and Curated Table :: UNITOFMEASURE
Column Name found in Datamart and Curated Table :: IMPORTID
Column Name found in Datamart and Curated Table :: DISPLAYNAME
Column Name found in Datamart and Curated Table :: ASSETACCOUNT_ID
Column Name found in Datamart and Curated Table :: COPIEDFROM_ID
Column Name found in Datamart and Curated Table :: ISSERIALIZED
Column Name found in Datamart and Curated Table :: PAYSFLATAMOUNT
Column Name found in Datamart and Curated Table :: PRICE
Column Name found in Datamart and Curated Table :: GENERALLEDGERACCOUNT_ID
Column Name found in Datamart and Curated Table :: ID
Column Name found in Datamart and Curated Table :: ISINVENTORY
Column Name found in Datamart and Curated Table :: ACTIVE
Column Name found in Datamart and Curated Table :: AVALARARESIDENTIALTAXCODE
Column Name found in Datamart and Curated Table :: EXTERNALID
Column Name found in Datamart and Curated Table :: IMAGES
Column Name found in Datamart and Curated Table :: PRIMARYVENDOR_ID
Column Name found in Datamart and Curated Table :: TAXABLE
Column Name found in Datamart and Curated Table :: USEFIXEDMATERIALPRICE
Column Name found in Datamart and Curated Table :: DEDUCTASJOBCOST
Column Name found in Datamart and Curated Table :: SOURCEVERSION
Column Name found in Datamart and Curated Table :: SYNCDATE
Column Name found in Datamart and Curated Table :: MODIFIEDON
Column Name found in Datamart and Curated Table :: ADDONMEMBERPRICE
Column Name found in Datamart and Curated Table :: COST
Column Name found in Datamart and Curated Table :: NAME
Column Name found in Datamart and Curated Table :: PAYSCOMMISSION
Column Name found in Datamart and Curated Table :: PAYSSOLDBYRATE
Column Name found in Datamart and Curated Table :: DESCRIPTION
Column Name found in Datamart and Curated Table :: HOURS
Column Name found in Datamart and Curated Table :: SCHEDULEDFLATAMOUNT
Column Name found in Datamart and Curated Table :: SOURCE
Column Name found in Datamart and Curated Table :: ADDONFLATAMOUNT
Column Name found in Datamart and Curated Table :: ADDONPRICE
Column Name found in Datamart and Curated Table :: AUTOGLASSTYPE
Column Name found in Datamart and Curated Table :: CROSSSALEGROUP
Column Name found in Datamart and Curated Table :: PAYTECHSPECIFICBONUS
Column Name found in Datamart and Curated Table :: PURCHASEORDERLIMITS_REVENUEPERCENT
Column Name found in Datamart and Curated Table :: SUPPLIERIMAGES
Column Name found in Datamart and Curated Table :: CREATEDBY_ID
Column Name found in Datamart and Curated Table :: MEMBERPRICE
Column Name found in Datamart and Curated Table :: INVENTORYENABLEDBY_ID
Column Name found in Datamart and Curated Table :: TENANT_TYPE
Datamart tables contains additional column name like [ACTIVE_FLAG, RECORD_CREATE_DATE, RECORD_UPDATE_DATE, MASTER_ID]
Curated tables contains additional column name like [RECORD_CREATE_DATE, RECORD_UPDATE_DATE, RECORD_UPDATED_BY]]]>
  </system-out>
  <testcase classname="testcases.RAW_DATAMART_CURATED.SnowFlake_ColumnValidation_APITables" name="validateColumnName_BKP" time="2.665"/>
  <system-out>
    <![CDATA[Executing Snowflake query :: SELECT COLUMN_NAME FROM DEV_ENT_RAW.INFORMATION_SCHEMA.COLUMNS WHERE TABLE_NAME='ST_API_SERVICE'and TABLE_SCHEMA='API_MAT'
Executing Snowflake query :: SELECT COLUMN_NAME FROM CURATED_DATAMART.INFORMATION_SCHEMA.COLUMNS WHERE TABLE_NAME='STR_API_SERVICE'and TABLE_SCHEMA='ST_API_FOURPROS'
Executing Snowflake query :: SELECT COLUMN_NAME FROM DEV_ENT_CURATED.INFORMATION_SCHEMA.COLUMNS WHERE TABLE_NAME='DIM_SERVICE'and TABLE_SCHEMA='MASTER_DIMENSIONS'
Column names for RAW Table --> ST_API_SERVICE :: [BASERATE1, CATEGORY_ID, ID, MEMBERSHIP, QBITEMNAME, SYNCDATE, ACCOUNT, ACTIVE, ALLOWDISCOUNTS, BASERATE3, NOTAX, GENERATEDTAGTARGETS, MEMBERSHIPTYPE_ID, ORIGINAL_ID, ADDONPRICE, ISOTTASK, MEMBERSHIPACTION, AVALARACOMMERCIALTAXCODE, BUSINESSUNIT_ID, EXTERNALID, MEMBERSHIPYEARS, PRICE, SOLDBYCOMMISSION, DISPATCHFEE, ADDONFLATAMOUNT, COMMISSIONBONUS, DISPLAYNAME, HOURS, ISDEFERREDREVENUE, WARRANTY_DURATION, PURCHASEORDERLIMITS_FLATAMOUNT, WORKFLOWACTION_ID, BASERATE2, CROSSSALEGROUP, MODIFIEDON, MINIMUMLABORHOURS, NAME, PURCHASEORDERLIMITS_REVENUEPERCENT, IMPORTID, ADDONMEMBERPRICE, ALLOWAPPLYTAGSTOENTITIES, BONUS, GENERALLEDGERACCOUNT_ID, PAYSCOMMISSION, COST, EXCLUDEFROMPRICEBOOKWIZARD, IMAGES, LOYALTYPROGRAMELIGIBLE, SCHEDULEDFLATAMOUNT, SOURCEVERSION, TAXABLE, MEMBERPRICE, ARCHIVED, AUTOGLASSTYPE, AVALARARESIDENTIALTAXCODE, CREATEDON, DESCRIPTION, ISTIMEANDMATERIAL, MEMBERSHIPMONTHS, PAYSFLATAMOUNT, PAYTECHSPECIFICBONUS, PROVIDER_ID, COPIEDFROM_ID, DISPLAYINAMOUNT, SOURCE, SUPPLIERIMAGES, CREATEDBY_ID, ISLABOR, PAYSSOLDBYRATE, WARRANTY_DESCRIPTION, RECURRINGSERVICETYPE_ID, TENANT_TYPE]
Column names for DataMart Table --> STR_API_SERVICE :: [MEMBERSHIPACTION, RECORD_UPDATE_DATE, ISOTTASK, TENANT_TYPE, ACTIVE, ALLOWAPPLYTAGSTOENTITIES, BASERATE2, PAYSSOLDBYRATE, WARRANTY_DESCRIPTION, WORKFLOWACTION_ID, DESCRIPTION, HOURS, SCHEDULEDFLATAMOUNT, ADDONMEMBERPRICE, ADDONPRICE, ALLOWDISCOUNTS, BUSINESSUNIT_ID, CROSSSALEGROUP, MODIFIEDON, COST, ISTIMEANDMATERIAL, ORIGINAL_ID, RECURRINGSERVICETYPE_ID, TAXABLE, ADDONFLATAMOUNT, BONUS, CREATEDBY_ID, GENERATEDTAGTARGETS, PROVIDER_ID, PURCHASEORDERLIMITS_REVENUEPERCENT, QBITEMNAME, DISPATCHFEE, ID, NOTAX, SYNCDATE, WARRANTY_DURATION, GENERALLEDGERACCOUNT_ID, SOURCE, MEMBERSHIPYEARS, ACCOUNT, AUTOGLASSTYPE, AVALARACOMMERCIALTAXCODE, AVALARARESIDENTIALTAXCODE, BASERATE1, CATEGORY_ID, COMMISSIONBONUS, EXTERNALID, ISDEFERREDREVENUE, PAYSFLATAMOUNT, PAYTECHSPECIFICBONUS, SUPPLIERIMAGES, IMAGES, MASTER_ID, SOURCEVERSION, EXCLUDEFROMPRICEBOOKWIZARD, DISPLAYNAME, ACTIVE_FLAG, BASERATE3, MEMBERPRICE, MEMBERSHIPMONTHS, PAYSCOMMISSION, PURCHASEORDERLIMITS_FLATAMOUNT, MEMBERSHIP, MEMBERSHIPTYPE_ID, MINIMUMLABORHOURS, ARCHIVED, CREATEDON, DISPLAYINAMOUNT, IMPORTID, ISLABOR, PRICE, COPIEDFROM_ID, LOYALTYPROGRAMELIGIBLE, NAME, RECORD_CREATE_DATE, SOLDBYCOMMISSION]
Column names for Curated Table --> DIM_SERVICE :: [ACCOUNT, ALLOWDISCOUNTS, BASERATE3, DESCRIPTION, DISPATCHFEE, ISOTTASK, MEMBERSHIP, SOLDBYCOMMISSION, DISPLAYNAME, AUTOGLASSTYPE, AVALARACOMMERCIALTAXCODE, BUSINESSUNIT_ID, COMMISSIONBONUS, NOTAX, EXTERNALID, PRICE, CATEGORY_ID, CREATEDON, CROSSSALEGROUP, MEMBERSHIPYEARS, PAYSFLATAMOUNT, PAYSSOLDBYRATE, WARRANTY_DURATION, MODIFIEDON, RECORD_CREATE_DATE, TAXABLE, MEMBERSHIPACTION, ADDONMEMBERPRICE, BONUS, COPIEDFROM_ID, ISDEFERREDREVENUE, SOURCE, ARCHIVED, BASERATE1, PURCHASEORDERLIMITS_REVENUEPERCENT, RECURRINGSERVICETYPE_ID, SOURCEVERSION, ALLOWAPPLYTAGSTOENTITIES, AVALARARESIDENTIALTAXCODE, DISPLAYINAMOUNT, GENERATEDTAGTARGETS, ISTIMEANDMATERIAL, PROVIDER_ID, ADDONFLATAMOUNT, COST, GENERALLEDGERACCOUNT_ID, MEMBERSHIPTYPE_ID, QBITEMNAME, WARRANTY_DESCRIPTION, EXCLUDEFROMPRICEBOOKWIZARD, ID, IMAGES, RECORD_UPDATED_BY, RECORD_UPDATE_DATE, NAME, ACTIVE, ADDONPRICE, LOYALTYPROGRAMELIGIBLE, PAYTECHSPECIFICBONUS, SUPPLIERIMAGES, HOURS, IMPORTID, MINIMUMLABORHOURS, PAYSCOMMISSION, WORKFLOWACTION_ID, MEMBERPRICE, BASERATE2, CREATEDBY_ID, MEMBERSHIPMONTHS, ORIGINAL_ID, SYNCDATE, ISLABOR, PURCHASEORDERLIMITS_FLATAMOUNT, TENANT_TYPE, SCHEDULEDFLATAMOUNT]
Column Name found in Datamart and Curated Table :: BASERATE1
Column Name found in Datamart and Curated Table :: CATEGORY_ID
Column Name found in Datamart and Curated Table :: ID
Column Name found in Datamart and Curated Table :: MEMBERSHIP
Column Name found in Datamart and Curated Table :: QBITEMNAME
Column Name found in Datamart and Curated Table :: SYNCDATE
Column Name found in Datamart and Curated Table :: ACCOUNT
Column Name found in Datamart and Curated Table :: ACTIVE
Column Name found in Datamart and Curated Table :: ALLOWDISCOUNTS
Column Name found in Datamart and Curated Table :: BASERATE3
Column Name found in Datamart and Curated Table :: NOTAX
Column Name found in Datamart and Curated Table :: GENERATEDTAGTARGETS
Column Name found in Datamart and Curated Table :: MEMBERSHIPTYPE_ID
Column Name found in Datamart and Curated Table :: ORIGINAL_ID
Column Name found in Datamart and Curated Table :: ADDONPRICE
Column Name found in Datamart and Curated Table :: ISOTTASK
Column Name found in Datamart and Curated Table :: MEMBERSHIPACTION
Column Name found in Datamart and Curated Table :: AVALARACOMMERCIALTAXCODE
Column Name found in Datamart and Curated Table :: BUSINESSUNIT_ID
Column Name found in Datamart and Curated Table :: EXTERNALID
Column Name found in Datamart and Curated Table :: MEMBERSHIPYEARS
Column Name found in Datamart and Curated Table :: PRICE
Column Name found in Datamart and Curated Table :: SOLDBYCOMMISSION
Column Name found in Datamart and Curated Table :: DISPATCHFEE
Column Name found in Datamart and Curated Table :: ADDONFLATAMOUNT
Column Name found in Datamart and Curated Table :: COMMISSIONBONUS
Column Name found in Datamart and Curated Table :: DISPLAYNAME
Column Name found in Datamart and Curated Table :: HOURS
Column Name found in Datamart and Curated Table :: ISDEFERREDREVENUE
Column Name found in Datamart and Curated Table :: WARRANTY_DURATION
Column Name found in Datamart and Curated Table :: PURCHASEORDERLIMITS_FLATAMOUNT
Column Name found in Datamart and Curated Table :: WORKFLOWACTION_ID
Column Name found in Datamart and Curated Table :: BASERATE2
Column Name found in Datamart and Curated Table :: CROSSSALEGROUP
Column Name found in Datamart and Curated Table :: MODIFIEDON
Column Name found in Datamart and Curated Table :: MINIMUMLABORHOURS
Column Name found in Datamart and Curated Table :: NAME
Column Name found in Datamart and Curated Table :: PURCHASEORDERLIMITS_REVENUEPERCENT
Column Name found in Datamart and Curated Table :: IMPORTID
Column Name found in Datamart and Curated Table :: ADDONMEMBERPRICE
Column Name found in Datamart and Curated Table :: ALLOWAPPLYTAGSTOENTITIES
Column Name found in Datamart and Curated Table :: BONUS
Column Name found in Datamart and Curated Table :: GENERALLEDGERACCOUNT_ID
Column Name found in Datamart and Curated Table :: PAYSCOMMISSION
Column Name found in Datamart and Curated Table :: COST
Column Name found in Datamart and Curated Table :: EXCLUDEFROMPRICEBOOKWIZARD
Column Name found in Datamart and Curated Table :: IMAGES
Column Name found in Datamart and Curated Table :: LOYALTYPROGRAMELIGIBLE
Column Name found in Datamart and Curated Table :: SCHEDULEDFLATAMOUNT
Column Name found in Datamart and Curated Table :: SOURCEVERSION
Column Name found in Datamart and Curated Table :: TAXABLE
Column Name found in Datamart and Curated Table :: MEMBERPRICE
Column Name found in Datamart and Curated Table :: ARCHIVED
Column Name found in Datamart and Curated Table :: AUTOGLASSTYPE
Column Name found in Datamart and Curated Table :: AVALARARESIDENTIALTAXCODE
Column Name found in Datamart and Curated Table :: CREATEDON
Column Name found in Datamart and Curated Table :: DESCRIPTION
Column Name found in Datamart and Curated Table :: ISTIMEANDMATERIAL
Column Name found in Datamart and Curated Table :: MEMBERSHIPMONTHS
Column Name found in Datamart and Curated Table :: PAYSFLATAMOUNT
Column Name found in Datamart and Curated Table :: PAYTECHSPECIFICBONUS
Column Name found in Datamart and Curated Table :: PROVIDER_ID
Column Name found in Datamart and Curated Table :: COPIEDFROM_ID
Column Name found in Datamart and Curated Table :: DISPLAYINAMOUNT
Column Name found in Datamart and Curated Table :: SOURCE
Column Name found in Datamart and Curated Table :: SUPPLIERIMAGES
Column Name found in Datamart and Curated Table :: CREATEDBY_ID
Column Name found in Datamart and Curated Table :: ISLABOR
Column Name found in Datamart and Curated Table :: PAYSSOLDBYRATE
Column Name found in Datamart and Curated Table :: WARRANTY_DESCRIPTION
Column Name found in Datamart and Curated Table :: RECURRINGSERVICETYPE_ID
Column Name found in Datamart and Curated Table :: TENANT_TYPE
Datamart tables contains additional column name like [ACTIVE_FLAG, RECORD_CREATE_DATE, RECORD_UPDATE_DATE, MASTER_ID]
Curated tables contains additional column name like [RECORD_CREATE_DATE, RECORD_UPDATE_DATE, RECORD_UPDATED_BY]]]>
  </system-out>
  <testcase classname="testcases.RAW_DATAMART_CURATED.SnowFlake_ColumnValidation_APITables" name="validateColumnName_BKP" time="2.329"/>
  <system-out>
    <![CDATA[Executing Snowflake query :: SELECT COLUMN_NAME FROM DEV_ENT_RAW.INFORMATION_SCHEMA.COLUMNS WHERE TABLE_NAME='ST_API_SKUASSET'and TABLE_SCHEMA='API_MAT'
Executing Snowflake query :: SELECT COLUMN_NAME FROM CURATED_DATAMART.INFORMATION_SCHEMA.COLUMNS WHERE TABLE_NAME='STR_API_SKUASSET'and TABLE_SCHEMA='ST_API_HDAIR'
Executing Snowflake query :: SELECT COLUMN_NAME FROM DEV_ENT_CURATED.INFORMATION_SCHEMA.COLUMNS WHERE TABLE_NAME='DIM_SKUASSET'and TABLE_SCHEMA='MASTER_DIMENSIONS'
Column names for RAW Table --> ST_API_SKUASSET :: [ISEXTERNAL, IMPORTID, ACTIVE, ORIGINALNAME, ALIAS, CREATEDBY_ID, ID, OWNER_ID, URL, METADATA, TYPE, CREATEDON, EXTERNALURL, TENANT_TYPE]
Column names for DataMart Table --> STR_API_SKUASSET :: [ORIGINALNAME, OWNER_ID, ALIAS, MASTER_ID, ACTIVE_FLAG, EXTERNALURL, URL, TYPE, CREATEDON, ID, TENANT_TYPE, ACTIVE, CREATEDBY_ID, RECORD_CREATE_DATE, METADATA, ISEXTERNAL, RECORD_UPDATE_DATE, IMPORTID]
Column names for Curated Table --> DIM_SKUASSET :: [EXTERNALURL, ORIGINALNAME, TENANT_TYPE, RECORD_UPDATE_DATE, ID, ISEXTERNAL, RECORD_CREATE_DATE, ALIAS, CREATEDON, RECORD_UPDATED_BY, TYPE, ACTIVE, CREATEDBY_ID, OWNER_ID, METADATA, URL, IMPORTID]
Column Name found in Datamart and Curated Table :: ISEXTERNAL
Column Name found in Datamart and Curated Table :: IMPORTID
Column Name found in Datamart and Curated Table :: ACTIVE
Column Name found in Datamart and Curated Table :: ORIGINALNAME
Column Name found in Datamart and Curated Table :: ALIAS
Column Name found in Datamart and Curated Table :: CREATEDBY_ID
Column Name found in Datamart and Curated Table :: ID
Column Name found in Datamart and Curated Table :: OWNER_ID
Column Name found in Datamart and Curated Table :: URL
Column Name found in Datamart and Curated Table :: METADATA
Column Name found in Datamart and Curated Table :: TYPE
Column Name found in Datamart and Curated Table :: CREATEDON
Column Name found in Datamart and Curated Table :: EXTERNALURL
Column Name found in Datamart and Curated Table :: TENANT_TYPE
Datamart tables contains additional column name like [ACTIVE_FLAG, RECORD_CREATE_DATE, RECORD_UPDATE_DATE, MASTER_ID]
Curated tables contains additional column name like [RECORD_CREATE_DATE, RECORD_UPDATE_DATE, RECORD_UPDATED_BY]]]>
  </system-out>
  <testcase classname="testcases.RAW_DATAMART_CURATED.SnowFlake_ColumnValidation_APITables" name="validateColumnName_BKP" time="2.476"/>
  <system-out>
    <![CDATA[Executing Snowflake query :: SELECT COLUMN_NAME FROM DEV_ENT_RAW.INFORMATION_SCHEMA.COLUMNS WHERE TABLE_NAME='ST_API_CANCELJOBREASON'and TABLE_SCHEMA='API_MAT'
Executing Snowflake query :: SELECT COLUMN_NAME FROM CURATED_DATAMART.INFORMATION_SCHEMA.COLUMNS WHERE TABLE_NAME='STR_API_CANCELJOBREASON'and TABLE_SCHEMA='ST_API_HENDERSON'
Executing Snowflake query :: SELECT COLUMN_NAME FROM DEV_ENT_CURATED.INFORMATION_SCHEMA.COLUMNS WHERE TABLE_NAME='DIM_CANCELJOBREASON'and TABLE_SCHEMA='MASTER_DIMENSIONS'
Column names for RAW Table --> ST_API_CANCELJOBREASON :: [CREATEDBY_ID, CREATEDON, ID, IMPORTID, MODIFIEDON, NAME, ACTIVE, TENANT_TYPE]
Column names for DataMart Table --> STR_API_CANCELJOBREASON :: [IMPORTID, ACTIVE, MODIFIEDON, NAME, RECORD_CREATE_DATE, CREATEDBY_ID, MASTER_ID, CREATEDON, TENANT_TYPE, ACTIVE_FLAG, ID, RECORD_UPDATE_DATE]
Column names for Curated Table --> DIM_CANCELJOBREASON :: [ID, IMPORTID, TENANT_TYPE, MODIFIEDON, CREATEDON, RECORD_UPDATED_BY, RECORD_UPDATE_DATE, RECORD_CREATE_DATE, ACTIVE, CREATEDBY_ID, NAME]
Column Name found in Datamart and Curated Table :: CREATEDBY_ID
Column Name found in Datamart and Curated Table :: CREATEDON
Column Name found in Datamart and Curated Table :: ID
Column Name found in Datamart and Curated Table :: IMPORTID
Column Name found in Datamart and Curated Table :: MODIFIEDON
Column Name found in Datamart and Curated Table :: NAME
Column Name found in Datamart and Curated Table :: ACTIVE
Column Name found in Datamart and Curated Table :: TENANT_TYPE
Datamart tables contains additional column name like [ACTIVE_FLAG, RECORD_CREATE_DATE, RECORD_UPDATE_DATE, MASTER_ID]
Curated tables contains additional column name like [RECORD_CREATE_DATE, RECORD_UPDATE_DATE, RECORD_UPDATED_BY]]]>
  </system-out>
  <testcase classname="testcases.RAW_DATAMART_CURATED.SnowFlake_ColumnValidation_APITables" name="validateColumnName_BKP" time="3.180"/>
  <system-out>
    <![CDATA[Executing Snowflake query :: SELECT COLUMN_NAME FROM DEV_ENT_RAW.INFORMATION_SCHEMA.COLUMNS WHERE TABLE_NAME='ST_API_PURCHASEORDERITEM'and TABLE_SCHEMA='API_MAT'
Executing Snowflake query :: SELECT COLUMN_NAME FROM CURATED_DATAMART.INFORMATION_SCHEMA.COLUMNS WHERE TABLE_NAME='STR_API_PURCHASEORDERITEM'and TABLE_SCHEMA='ST_API_HENDERSON'
Executing Snowflake query :: SELECT COLUMN_NAME FROM DEV_ENT_CURATED.INFORMATION_SCHEMA.COLUMNS WHERE TABLE_NAME='DIM_PURCHASEORDERITEM'and TABLE_SCHEMA='MASTER_DIMENSIONS'
Column names for RAW Table --> ST_API_PURCHASEORDERITEM :: [EQUIPMENT_ID, MARKUP, MODIFIEDON, ROLLEDOVERFROMITEM_ID, UNITOFMEASURE_ID, ACTIVE, ID, IMPORTID, PURCHASEORDER_ID, SKUREFERENCE_SKUTYPE, BUSINESSUNIT_ID, ISINVENTORY, VENDORPARTNUMBER, COST, MATERIALVENDOR_ID, SERIALNUMBER, CREATEDON, DESCRIPTION, EQUIPMENTVENDOR_ID, REQUISITIONITEM_ID, TECHNICIANFORBASERATE2_ID, TECHNICIANSPLIT1, TECHNICIANFORBASERATE3_ID, STATUS, CREATEDBY_ID, TECHNICIANFORBASERATE1_ID, MATERIAL_ID, TECHNICIANSPLIT3, CHARGEABLEITEM_ID, INVENTORYLOCATION_ID, QUANTITY, ROLLOVERQUANTITY, SKUVENDOR_ID, PROJECTLABELS, SKUREFERENCE_SKUID, TECHNICIANSPLIT2, USEDMATERIAL_ID, SKU_ID, TENANT_TYPE]
Column names for DataMart Table --> STR_API_PURCHASEORDERITEM :: [MASTER_ID, MODIFIEDON, PROJECTLABELS, ROLLEDOVERFROMITEM_ID, STATUS, ACTIVE, COST, EQUIPMENTVENDOR_ID, INVENTORYLOCATION_ID, MATERIALVENDOR_ID, MATERIAL_ID, PURCHASEORDER_ID, SERIALNUMBER, EQUIPMENT_ID, RECORD_CREATE_DATE, SKUREFERENCE_SKUID, TECHNICIANFORBASERATE3_ID, TECHNICIANSPLIT3, ACTIVE_FLAG, DESCRIPTION, BUSINESSUNIT_ID, CREATEDON, ID, ISINVENTORY, MARKUP, TECHNICIANFORBASERATE2_ID, USEDMATERIAL_ID, CHARGEABLEITEM_ID, IMPORTID, SKUVENDOR_ID, SKU_ID, ROLLOVERQUANTITY, TECHNICIANSPLIT1, RECORD_UPDATE_DATE, VENDORPARTNUMBER, QUANTITY, REQUISITIONITEM_ID, SKUREFERENCE_SKUTYPE, CREATEDBY_ID, TECHNICIANSPLIT2, TENANT_TYPE, TECHNICIANFORBASERATE1_ID, UNITOFMEASURE_ID]
Column names for Curated Table --> DIM_PURCHASEORDERITEM :: [CREATEDBY_ID, DESCRIPTION, EQUIPMENTVENDOR_ID, EQUIPMENT_ID, MATERIALVENDOR_ID, RECORD_UPDATE_DATE, TECHNICIANFORBASERATE1_ID, MODIFIEDON, UNITOFMEASURE_ID, USEDMATERIAL_ID, TECHNICIANSPLIT2, CHARGEABLEITEM_ID, COST, QUANTITY, TECHNICIANFORBASERATE3_ID, INVENTORYLOCATION_ID, IMPORTID, REQUISITIONITEM_ID, TENANT_TYPE, VENDORPARTNUMBER, SKU_ID, CREATEDON, ID, SKUREFERENCE_SKUTYPE, MARKUP, PROJECTLABELS, PURCHASEORDER_ID, SERIALNUMBER, SKUVENDOR_ID, TECHNICIANSPLIT3, ROLLOVERQUANTITY, STATUS, BUSINESSUNIT_ID, ISINVENTORY, RECORD_CREATE_DATE, ROLLEDOVERFROMITEM_ID, TECHNICIANSPLIT1, SKUREFERENCE_SKUID, ACTIVE, MATERIAL_ID, RECORD_UPDATED_BY, TECHNICIANFORBASERATE2_ID]
Column Name found in Datamart and Curated Table :: EQUIPMENT_ID
Column Name found in Datamart and Curated Table :: MARKUP
Column Name found in Datamart and Curated Table :: MODIFIEDON
Column Name found in Datamart and Curated Table :: ROLLEDOVERFROMITEM_ID
Column Name found in Datamart and Curated Table :: UNITOFMEASURE_ID
Column Name found in Datamart and Curated Table :: ACTIVE
Column Name found in Datamart and Curated Table :: ID
Column Name found in Datamart and Curated Table :: IMPORTID
Column Name found in Datamart and Curated Table :: PURCHASEORDER_ID
Column Name found in Datamart and Curated Table :: SKUREFERENCE_SKUTYPE
Column Name found in Datamart and Curated Table :: BUSINESSUNIT_ID
Column Name found in Datamart and Curated Table :: ISINVENTORY
Column Name found in Datamart and Curated Table :: VENDORPARTNUMBER
Column Name found in Datamart and Curated Table :: COST
Column Name found in Datamart and Curated Table :: MATERIALVENDOR_ID
Column Name found in Datamart and Curated Table :: SERIALNUMBER
Column Name found in Datamart and Curated Table :: CREATEDON
Column Name found in Datamart and Curated Table :: DESCRIPTION
Column Name found in Datamart and Curated Table :: EQUIPMENTVENDOR_ID
Column Name found in Datamart and Curated Table :: REQUISITIONITEM_ID
Column Name found in Datamart and Curated Table :: TECHNICIANFORBASERATE2_ID
Column Name found in Datamart and Curated Table :: TECHNICIANSPLIT1
Column Name found in Datamart and Curated Table :: TECHNICIANFORBASERATE3_ID
Column Name found in Datamart and Curated Table :: STATUS
Column Name found in Datamart and Curated Table :: CREATEDBY_ID
Column Name found in Datamart and Curated Table :: TECHNICIANFORBASERATE1_ID
Column Name found in Datamart and Curated Table :: MATERIAL_ID
Column Name found in Datamart and Curated Table :: TECHNICIANSPLIT3
Column Name found in Datamart and Curated Table :: CHARGEABLEITEM_ID
Column Name found in Datamart and Curated Table :: INVENTORYLOCATION_ID
Column Name found in Datamart and Curated Table :: QUANTITY
Column Name found in Datamart and Curated Table :: ROLLOVERQUANTITY
Column Name found in Datamart and Curated Table :: SKUVENDOR_ID
Column Name found in Datamart and Curated Table :: PROJECTLABELS
Column Name found in Datamart and Curated Table :: SKUREFERENCE_SKUID
Column Name found in Datamart and Curated Table :: TECHNICIANSPLIT2
Column Name found in Datamart and Curated Table :: USEDMATERIAL_ID
Column Name found in Datamart and Curated Table :: SKU_ID
Column Name found in Datamart and Curated Table :: TENANT_TYPE
Datamart tables contains additional column name like [ACTIVE_FLAG, RECORD_CREATE_DATE, RECORD_UPDATE_DATE, MASTER_ID]
Curated tables contains additional column name like [RECORD_CREATE_DATE, RECORD_UPDATE_DATE, RECORD_UPDATED_BY]]]>
  </system-out>
  <testcase classname="testcases.RAW_DATAMART_CURATED.SnowFlake_ColumnValidation_APITables" name="validateColumnName_BKP" time="2.903"/>
  <system-out>
    <![CDATA[Executing Snowflake query :: SELECT COLUMN_NAME FROM DEV_ENT_RAW.INFORMATION_SCHEMA.COLUMNS WHERE TABLE_NAME='ST_API_MATERIALVENDORSUBACCOUNT'and TABLE_SCHEMA='API_MAT'
Executing Snowflake query :: SELECT COLUMN_NAME FROM CURATED_DATAMART.INFORMATION_SCHEMA.COLUMNS WHERE TABLE_NAME='STR_API_MATERIALVENDORSUBACCOUNT'and TABLE_SCHEMA='ST_API_GOLDMEDAL'
Executing Snowflake query :: SELECT COLUMN_NAME FROM DEV_ENT_CURATED.INFORMATION_SCHEMA.COLUMNS WHERE TABLE_NAME='DIM_MATERIALVENDORSUBACCOUNT'and TABLE_SCHEMA='MASTER_DIMENSIONS'
Column names for RAW Table --> ST_API_MATERIALVENDORSUBACCOUNT :: [MATERIALVENDOR_ID, ACCOUNTNAME, ACTIVE, COST, CREATEDBY_ID, ID, CREATEDON, IMPORTID, TENANT_TYPE]
Column names for DataMart Table --> STR_API_MATERIALVENDORSUBACCOUNT :: [ACTIVE, COST, CREATEDBY_ID, IMPORTID, MATERIALVENDOR_ID, ACCOUNTNAME, CREATEDON, ID, TENANT_TYPE, MASTER_ID, RECORD_UPDATE_DATE, RECORD_CREATE_DATE, ACTIVE_FLAG]
Column names for Curated Table --> DIM_MATERIALVENDORSUBACCOUNT :: [RECORD_CREATE_DATE, IMPORTID, ACTIVE, CREATEDBY_ID, CREATEDON, ID, RECORD_UPDATE_DATE, TENANT_TYPE, RECORD_UPDATED_BY, ACCOUNTNAME, MATERIALVENDOR_ID, COST]
Column Name found in Datamart and Curated Table :: MATERIALVENDOR_ID
Column Name found in Datamart and Curated Table :: ACCOUNTNAME
Column Name found in Datamart and Curated Table :: ACTIVE
Column Name found in Datamart and Curated Table :: COST
Column Name found in Datamart and Curated Table :: CREATEDBY_ID
Column Name found in Datamart and Curated Table :: ID
Column Name found in Datamart and Curated Table :: CREATEDON
Column Name found in Datamart and Curated Table :: IMPORTID
Column Name found in Datamart and Curated Table :: TENANT_TYPE
Datamart tables contains additional column name like [ACTIVE_FLAG, RECORD_CREATE_DATE, RECORD_UPDATE_DATE, MASTER_ID]
Curated tables contains additional column name like [RECORD_CREATE_DATE, RECORD_UPDATE_DATE, RECORD_UPDATED_BY]]]>
  </system-out>
  <testcase classname="testcases.RAW_DATAMART_CURATED.SnowFlake_ColumnValidation_APITables" name="validateColumnName_BKP" time="2.248"/>
  <system-out>
    <![CDATA[Executing Snowflake query :: SELECT COLUMN_NAME FROM DEV_ENT_RAW.INFORMATION_SCHEMA.COLUMNS WHERE TABLE_NAME='ST_API_PAYMENTSPLIT'and TABLE_SCHEMA='API_MAT'
Executing Snowflake query :: SELECT COLUMN_NAME FROM CURATED_DATAMART.INFORMATION_SCHEMA.COLUMNS WHERE TABLE_NAME='STR_API_PAYMENTSPLIT'and TABLE_SCHEMA='ST_API_HUTCHINSON'
Executing Snowflake query :: SELECT COLUMN_NAME FROM DEV_ENT_CURATED.INFORMATION_SCHEMA.COLUMNS WHERE TABLE_NAME='DIM_PAYMENTSPLIT'and TABLE_SCHEMA='MASTER_DIMENSIONS'
Column names for RAW Table --> ST_API_PAYMENTSPLIT :: [ID, MODIFIEDON, AMOUNT, PAYMENT_ID, PAYSELLERCOMMISSION, IMPORTID, INVOICE_ID, CREATEDON, CREATEDBY_ID, ACTIVE, TENANT_TYPE]
Column names for DataMart Table --> STR_API_PAYMENTSPLIT :: [ID, IMPORTID, ACTIVE_FLAG, MASTER_ID, MODIFIEDON, PAYMENT_ID, RECORD_CREATE_DATE, RECORD_UPDATE_DATE, CREATEDBY_ID, CREATEDON, INVOICE_ID, TENANT_TYPE, ACTIVE, AMOUNT, PAYSELLERCOMMISSION]
Column names for Curated Table --> DIM_PAYMENTSPLIT :: [IMPORTID, PAYSELLERCOMMISSION, CREATEDON, PAYMENT_ID, TENANT_TYPE, MODIFIEDON, AMOUNT, CREATEDBY_ID, INVOICE_ID, ID, RECORD_UPDATED_BY, RECORD_UPDATE_DATE, ACTIVE, RECORD_CREATE_DATE]
Column Name found in Datamart and Curated Table :: ID
Column Name found in Datamart and Curated Table :: MODIFIEDON
Column Name found in Datamart and Curated Table :: AMOUNT
Column Name found in Datamart and Curated Table :: PAYMENT_ID
Column Name found in Datamart and Curated Table :: PAYSELLERCOMMISSION
Column Name found in Datamart and Curated Table :: IMPORTID
Column Name found in Datamart and Curated Table :: INVOICE_ID
Column Name found in Datamart and Curated Table :: CREATEDON
Column Name found in Datamart and Curated Table :: CREATEDBY_ID
Column Name found in Datamart and Curated Table :: ACTIVE
Column Name found in Datamart and Curated Table :: TENANT_TYPE
Datamart tables contains additional column name like [ACTIVE_FLAG, RECORD_CREATE_DATE, RECORD_UPDATE_DATE, MASTER_ID]
Curated tables contains additional column name like [RECORD_CREATE_DATE, RECORD_UPDATE_DATE, RECORD_UPDATED_BY]]]>
  </system-out>
  <testcase classname="testcases.RAW_DATAMART_CURATED.SnowFlake_ColumnValidation_APITables" name="validateColumnName_BKP" time="3.323">
    <failure message="The following asserts failed:
	null" type="java.lang.AssertionError">
      <![CDATA[java.lang.AssertionError: The following asserts failed:
null
at org.testng.asserts.SoftAssert.assertAll(SoftAssert.java:47)
at org.testng.asserts.SoftAssert.assertAll(SoftAssert.java:31)
at testcases.RAW_DATAMART_CURATED.SnowFlake_ColumnValidation_APITables.validateColumnName_BKP(SnowFlake_ColumnValidation_APITables.java:128)
at jdk.internal.reflect.GeneratedMethodAccessor38.invoke(Unknown Source)
at java.base/jdk.internal.reflect.DelegatingMethodAccessorImpl.invoke(DelegatingMethodAccessorImpl.java:43)
at java.base/java.lang.reflect.Method.invoke(Method.java:568)
at org.testng.internal.MethodInvocationHelper.invokeMethod(MethodInvocationHelper.java:133)
at org.testng.internal.TestInvoker.invokeMethod(TestInvoker.java:598)
at org.testng.internal.TestInvoker.invokeTestMethod(TestInvoker.java:173)
at org.testng.internal.MethodRunner.runInSequence(MethodRunner.java:46)
at org.testng.internal.TestInvoker$MethodInvocationAgent.invoke(TestInvoker.java:824)
at org.testng.internal.TestInvoker.invokeTestMethods(TestInvoker.java:146)
at org.testng.internal.TestMethodWorker.invokeTestMethods(TestMethodWorker.java:146)
at org.testng.internal.TestMethodWorker.run(TestMethodWorker.java:128)
at java.base/java.util.ArrayList.forEach(ArrayList.java:1511)
at org.testng.TestRunner.privateRun(TestRunner.java:794)
at org.testng.TestRunner.run(TestRunner.java:596)
at org.testng.SuiteRunner.runTest(SuiteRunner.java:377)
at org.testng.SuiteRunner.runSequentially(SuiteRunner.java:371)
at org.testng.SuiteRunner.privateRun(SuiteRunner.java:332)
at org.testng.SuiteRunner.run(SuiteRunner.java:276)
at org.testng.SuiteRunnerWorker.runSuite(SuiteRunnerWorker.java:53)
at org.testng.SuiteRunnerWorker.run(SuiteRunnerWorker.java:96)
at org.testng.TestNG.runSuitesSequentially(TestNG.java:1212)
at org.testng.TestNG.runSuitesLocally(TestNG.java:1134)
at org.testng.TestNG.runSuites(TestNG.java:1063)
at org.testng.TestNG.run(TestNG.java:1031)
at org.testng.remote.AbstractRemoteTestNG.run(AbstractRemoteTestNG.java:115)
at org.testng.remote.RemoteTestNG.initAndRun(RemoteTestNG.java:251)
at org.testng.remote.RemoteTestNG.main(RemoteTestNG.java:77)
]]>
    </failure>
  </testcase> <!-- validateColumnName_BKP -->
  <system-out>
    <![CDATA[Executing Snowflake query :: SELECT COLUMN_NAME FROM DEV_ENT_RAW.INFORMATION_SCHEMA.COLUMNS WHERE TABLE_NAME='ST_API_TECHNICIAN'and TABLE_SCHEMA='API_MAT'
Executing Snowflake query :: SELECT COLUMN_NAME FROM CURATED_DATAMART.INFORMATION_SCHEMA.COLUMNS WHERE TABLE_NAME='STR_API_TECHNICIAN'and TABLE_SCHEMA='ST_API_MAITZ'
Executing Snowflake query :: SELECT COLUMN_NAME FROM DEV_ENT_CURATED.INFORMATION_SCHEMA.COLUMNS WHERE TABLE_NAME='DIM_TECHNICIAN'and TABLE_SCHEMA='MASTER_DIMENSIONS'
Column names for RAW Table --> ST_API_TECHNICIAN :: [ADDONCREWSPLITCOMMISSIONRATE, ATLASBUTLERTECHNICIANROLE, FIRSTDRIVERULE, HOME_ISMANUALCOORDINATES, NAVISIONEMPLOYEEID, PAYROLLID, PAYROLLPOSTINGGROUP_ID, SALESFACTOR, SALESFORCECONTACTID, PAYROLLREPORTVERSION, STANDARDWORKTYPECODE_ID, MUHULINK, COMMISSIONRATE, HOME_ISMILITARY, LICENSE, GOALIMAGE, IMPORTID, MOBILEPHONECONFIRMED, PAYTYPE, MANAGER_ID, SHIFTSTART, NAME, ADDONSOLOCOMMISSIONRATE, BIO, BUSINESSUNIT_ID, HOME_CITY, ID, ISMANAGEDTECH, PROJECTLABELS, SCHEDULEDSOLOCOMMISSIONRATE, BIRTHDATE, HOME_COUNTRY, PHOTO, TURNOVERBONUS, USER_ID, WILLIAMSTECHNICIANROLE, ZONE_ID, OVERTIMEPROFILE_ID, CREATEDON, TODAYREVENUE_TECHNICIAN, ACTIVE, DEFAULTPAYROLLADJUSTMENTRATE, ISAUTODISPATCHED, LASTNAME, ISEXTERNAL, SHIFTEND, SCHEDULEDCREWSPLITCOMMISSIONRATE, DAILYGOAL, APPOINTMENT_ID, BURDENRATE, HOME_ZIP, PAYROLLSTARTPERIOD, STATUSUPDATEDON, OVERTIMEWORKTYPECODE_ID, PAYROLLPROFILE_ID, PAYROLLROLE, PAYROLLSTARTDATE, SOLDBYRATE, ISEXCLUDEDFROMPAYROLL, COORDINATESUPDATEDON, EMAIL, EMAILCONFIRMED, HOME_LATITUDE, OVERTIMEPAYROLLCONTROLCODE_ID, PAYPERIOD, STANDARDPAYROLLCONTROLCODE_ID, CHECKEDIN, DEFAULTLABORTYPE_ID, JOBFILTER, PAYFREQUENCY_ID, MOBILEPHONE, OUTBOUNDCALLERID, SCHEDULEDMULTITECHCOMMISSIONRATE, STARTDATE, CURRENTVALUE, DEDUCTCOMMUTETIMEFROMFIRSTDRIVE, FIRSTNAME, MEALTIME, MEMO, PHONECONFIRMED, SHOWJOBAPPOINTMENTRESCHEDULEALERT, DISPATCHNOTIFICATIONS, JOB_ID, LATITUDE, MIDDLENAME, ROUTESTATISTICS_TECHNICIAN, CREATEDBY_ID, PHONE, QBREPID, SMARTDISPATCHSETTINGS_TECHNICIAN, STATUS, UNION, HOME_UNIT, HOURLYRATE, INVENTORYWAREHOUSENAME, INVOICINGHOURLYRATE, TYPE, ADDONMULTITECHCOMMISSIONRATE, COLOR, HOME_STATE, MODIFIEDON, OVERALLSALESFACTOR_TECHNICIAN, POSITION, TEAM, COMMUTETIME, HOME_LONGITUDE, HOME_STREET, LOCATION_TECHNICIAN, OVERTIMEMODE, PROJECTEDVALUE, LONGITUDE, TRUCK_ID, TENANT_TYPE]
Column names for DataMart Table --> STR_API_TECHNICIAN :: [BUSINESSUNIT_ID, HOME_STREET, PHONECONFIRMED, COMMISSIONRATE, MANAGER_ID, PAYROLLSTARTPERIOD, PROJECTLABELS, QBREPID, ISMANAGEDTECH, PHONE, ADDONCREWSPLITCOMMISSIONRATE, BIRTHDATE, EMAILCONFIRMED, IMPORTID, NAME, SOLDBYRATE, DEDUCTCOMMUTETIMEFROMFIRSTDRIVE, HOME_ISMANUALCOORDINATES, PAYTYPE, SHIFTEND, PAYROLLREPORTVERSION, TRUCK_ID, WILLIAMSTECHNICIANROLE, ADDONSOLOCOMMISSIONRATE, GOALIMAGE, HOME_COUNTRY, HOME_ISMILITARY, INVENTORYWAREHOUSENAME, STANDARDPAYROLLCONTROLCODE_ID, CREATEDON, JOB_ID, MASTER_ID, MODIFIEDON, SHOWJOBAPPOINTMENTRESCHEDULEALERT, PAYROLLPROFILE_ID, TENANT_TYPE, ZONE_ID, TURNOVERBONUS, APPOINTMENT_ID, CREATEDBY_ID, DEFAULTPAYROLLADJUSTMENTRATE, LATITUDE, MIDDLENAME, NAVISIONEMPLOYEEID, PAYROLLPOSTINGGROUP_ID, SCHEDULEDMULTITECHCOMMISSIONRATE, STANDARDWORKTYPECODE_ID, USER_ID, HOME_UNIT, INVOICINGHOURLYRATE, LICENSE, OVERTIMEPAYROLLCONTROLCODE_ID, TYPE, SCHEDULEDSOLOCOMMISSIONRATE, SHIFTSTART, ATLASBUTLERTECHNICIANROLE, CHECKEDIN, COLOR, CURRENTVALUE, FIRSTDRIVERULE, FLEET_ID, HOME_LONGITUDE, TODAYREVENUE_TECHNICIAN, DAILYGOAL, OVERALLSALESFACTOR_TECHNICIAN, OVERTIMEMODE, PAYPERIOD, PAYROLLROLE, PAYROLLSTARTDATE, SMARTDISPATCHSETTINGS_TECHNICIAN, MEMO, MOBILEPHONE, ACTIVE, ADDONMULTITECHCOMMISSIONRATE, COMMUTETIME, ROUTESTATISTICS_TECHNICIAN, HOME_CITY, HOME_ZIP, MEALTIME, RECORD_CREATE_DATE, RECORD_UPDATE_DATE, OUTBOUNDCALLERID, SCHEDULEDCREWSPLITCOMMISSIONRATE, UNION, DISPATCHNOTIFICATIONS, FIRSTNAME, ID, OVERTIMEWORKTYPECODE_ID, PAYFREQUENCY_ID, PHOTO, POSITION, HOME_STATE, MOBILEPHONECONFIRMED, SALESFACTOR, ISAUTODISPATCHED, LASTNAME, JOBFILTER, ACTIVE_FLAG, BIO, BURDENRATE, COORDINATESUPDATEDON, DEFAULTLABORTYPE_ID, ISEXTERNAL, LOCATION_TECHNICIAN, STATUSUPDATEDON, EMAIL, HOME_LATITUDE, HOURLYRATE, LONGITUDE, MUHULINK, STARTDATE, SALESFORCECONTACTID, STATUS, PROJECTEDVALUE, TEAM, OVERTIMEPROFILE_ID, PAYROLLID]
Column names for Curated Table --> DIM_TECHNICIAN :: [ADDONCREWSPLITCOMMISSIONRATE, COMMUTETIME, DEFAULTLABORTYPE_ID, EMAILCONFIRMED, FIRSTNAME, FLEET_ID, HOME_COUNTRY, HOME_UNIT, MOBILEPHONE, PHONECONFIRMED, ISEXCLUDEDFROMPAYROLL, OVERALLSALESFACTOR_TECHNICIAN, TURNOVERBONUS, PAYPERIOD, PAYROLLROLE, PAYROLLSTARTDATE, BIRTHDATE, HOME_ISMANUALCOORDINATES, HOME_ISMILITARY, INVENTORYWAREHOUSENAME, JOBFILTER, MEMO, PAYFREQUENCY_ID, POSITION, ID, ISAUTODISPATCHED, LICENSE, TEAM, SCHEDULEDCREWSPLITCOMMISSIONRATE, SALESFACTOR, ADDONSOLOCOMMISSIONRATE, CURRENTVALUE, DAILYGOAL, DEDUCTCOMMUTETIMEFROMFIRSTDRIVE, MANAGER_ID, OVERTIMEPROFILE_ID, SHIFTSTART, SHOWJOBAPPOINTMENTRESCHEDULEALERT, SMARTDISPATCHSETTINGS_TECHNICIAN, GOALIMAGE, MODIFIEDON, PAYROLLID, PAYROLLREPORTVERSION, RECORD_CREATE_DATE, TODAYREVENUE_TECHNICIAN, TYPE, PROJECTLABELS, SCHEDULEDSOLOCOMMISSIONRATE, LONGITUDE, ADDONMULTITECHCOMMISSIONRATE, APPOINTMENT_ID, CHECKEDIN, COLOR, CREATEDON, DISPATCHNOTIFICATIONS, IMPORTID, LASTNAME, MOBILEPHONECONFIRMED, STATUSUPDATEDON, ZONE_ID, HOME_STATE, NAME, NAVISIONEMPLOYEEID, PAYROLLPOSTINGGROUP_ID, PHOTO, MEALTIME, PROJECTEDVALUE, STANDARDPAYROLLCONTROLCODE_ID, OVERTIMEMODE, BURDENRATE, FIRSTDRIVERULE, JOB_ID, PAYROLLPROFILE_ID, QBREPID, ROUTESTATISTICS_TECHNICIAN, STARTDATE, TRUCK_ID, USER_ID, STANDARDWORKTYPECODE_ID, MIDDLENAME, COMMISSIONRATE, CREATEDBY_ID, HOME_LONGITUDE, HOME_ZIP, HOURLYRATE, LATITUDE, SCHEDULEDMULTITECHCOMMISSIONRATE, BUSINESSUNIT_ID, OUTBOUNDCALLERID, RECORD_UPDATED_BY, STATUS, MUHULINK, OVERTIMEPAYROLLCONTROLCODE_ID, UNION, PAYTYPE, INVOICINGHOURLYRATE, RECORD_UPDATE_DATE, COORDINATESUPDATEDON, LOCATION_TECHNICIAN, EMAIL, HOME_CITY, ISEXTERNAL, OVERTIMEWORKTYPECODE_ID, PAYROLLSTARTPERIOD, SHIFTEND, WILLIAMSTECHNICIANROLE, TENANT_TYPE, ACTIVE, ATLASBUTLERTECHNICIANROLE, BIO, DEFAULTPAYROLLADJUSTMENTRATE, HOME_LATITUDE, HOME_STREET, ISMANAGEDTECH, PHONE, SALESFORCECONTACTID, SOLDBYRATE]
Column Name found in Datamart and Curated Table :: ADDONCREWSPLITCOMMISSIONRATE
Column Name found in Datamart and Curated Table :: ATLASBUTLERTECHNICIANROLE
Column Name found in Datamart and Curated Table :: FIRSTDRIVERULE
Column Name found in Datamart and Curated Table :: HOME_ISMANUALCOORDINATES
Column Name found in Datamart and Curated Table :: NAVISIONEMPLOYEEID
Column Name found in Datamart and Curated Table :: PAYROLLID
Column Name found in Datamart and Curated Table :: PAYROLLPOSTINGGROUP_ID
Column Name found in Datamart and Curated Table :: SALESFACTOR
Column Name found in Datamart and Curated Table :: SALESFORCECONTACTID
Column Name found in Datamart and Curated Table :: PAYROLLREPORTVERSION
Column Name found in Datamart and Curated Table :: STANDARDWORKTYPECODE_ID
Column Name found in Datamart and Curated Table :: MUHULINK
Column Name found in Datamart and Curated Table :: COMMISSIONRATE
Column Name found in Datamart and Curated Table :: HOME_ISMILITARY
Column Name found in Datamart and Curated Table :: LICENSE
Column Name found in Datamart and Curated Table :: GOALIMAGE
Column Name found in Datamart and Curated Table :: IMPORTID
Column Name found in Datamart and Curated Table :: MOBILEPHONECONFIRMED
Column Name found in Datamart and Curated Table :: PAYTYPE
Column Name found in Datamart and Curated Table :: MANAGER_ID
Column Name found in Datamart and Curated Table :: SHIFTSTART
Column Name found in Datamart and Curated Table :: NAME
Column Name found in Datamart and Curated Table :: ADDONSOLOCOMMISSIONRATE
Column Name found in Datamart and Curated Table :: BIO
Column Name found in Datamart and Curated Table :: BUSINESSUNIT_ID
Column Name found in Datamart and Curated Table :: HOME_CITY
Column Name found in Datamart and Curated Table :: ID
Column Name found in Datamart and Curated Table :: ISMANAGEDTECH
Column Name found in Datamart and Curated Table :: PROJECTLABELS
Column Name found in Datamart and Curated Table :: SCHEDULEDSOLOCOMMISSIONRATE
Column Name found in Datamart and Curated Table :: BIRTHDATE
Column Name found in Datamart and Curated Table :: HOME_COUNTRY
Column Name found in Datamart and Curated Table :: PHOTO
Column Name found in Datamart and Curated Table :: TURNOVERBONUS
Column Name found in Datamart and Curated Table :: USER_ID
Column Name found in Datamart and Curated Table :: WILLIAMSTECHNICIANROLE
Column Name found in Datamart and Curated Table :: ZONE_ID
Column Name found in Datamart and Curated Table :: OVERTIMEPROFILE_ID
Column Name found in Datamart and Curated Table :: CREATEDON
Column Name found in Datamart and Curated Table :: TODAYREVENUE_TECHNICIAN
Column Name found in Datamart and Curated Table :: ACTIVE
Column Name found in Datamart and Curated Table :: DEFAULTPAYROLLADJUSTMENTRATE
Column Name found in Datamart and Curated Table :: ISAUTODISPATCHED
Column Name found in Datamart and Curated Table :: LASTNAME
Column Name found in Datamart and Curated Table :: ISEXTERNAL
Column Name found in Datamart and Curated Table :: SHIFTEND
Column Name found in Datamart and Curated Table :: SCHEDULEDCREWSPLITCOMMISSIONRATE
Column Name found in Datamart and Curated Table :: DAILYGOAL
Column Name found in Datamart and Curated Table :: APPOINTMENT_ID
Column Name found in Datamart and Curated Table :: BURDENRATE
Column Name found in Datamart and Curated Table :: HOME_ZIP
Column Name found in Datamart and Curated Table :: PAYROLLSTARTPERIOD
Column Name found in Datamart and Curated Table :: STATUSUPDATEDON
Column Name found in Datamart and Curated Table :: OVERTIMEWORKTYPECODE_ID
Column Name found in Datamart and Curated Table :: PAYROLLPROFILE_ID
Column Name found in Datamart and Curated Table :: PAYROLLROLE
Column Name found in Datamart and Curated Table :: PAYROLLSTARTDATE
Column Name found in Datamart and Curated Table :: SOLDBYRATE
Column Name not found in Datamart and Curated Table :: ISEXCLUDEDFROMPAYROLL
Column Name found in Datamart and Curated Table :: COORDINATESUPDATEDON
Column Name found in Datamart and Curated Table :: EMAIL
Column Name found in Datamart and Curated Table :: EMAILCONFIRMED
Column Name found in Datamart and Curated Table :: HOME_LATITUDE
Column Name found in Datamart and Curated Table :: OVERTIMEPAYROLLCONTROLCODE_ID
Column Name found in Datamart and Curated Table :: PAYPERIOD
Column Name found in Datamart and Curated Table :: STANDARDPAYROLLCONTROLCODE_ID
Column Name found in Datamart and Curated Table :: CHECKEDIN
Column Name found in Datamart and Curated Table :: DEFAULTLABORTYPE_ID
Column Name found in Datamart and Curated Table :: JOBFILTER
Column Name found in Datamart and Curated Table :: PAYFREQUENCY_ID
Column Name found in Datamart and Curated Table :: MOBILEPHONE
Column Name found in Datamart and Curated Table :: OUTBOUNDCALLERID
Column Name found in Datamart and Curated Table :: SCHEDULEDMULTITECHCOMMISSIONRATE
Column Name found in Datamart and Curated Table :: STARTDATE
Column Name found in Datamart and Curated Table :: CURRENTVALUE
Column Name found in Datamart and Curated Table :: DEDUCTCOMMUTETIMEFROMFIRSTDRIVE
Column Name found in Datamart and Curated Table :: FIRSTNAME
Column Name found in Datamart and Curated Table :: MEALTIME
Column Name found in Datamart and Curated Table :: MEMO
Column Name found in Datamart and Curated Table :: PHONECONFIRMED
Column Name found in Datamart and Curated Table :: SHOWJOBAPPOINTMENTRESCHEDULEALERT
Column Name found in Datamart and Curated Table :: DISPATCHNOTIFICATIONS
Column Name found in Datamart and Curated Table :: JOB_ID
Column Name found in Datamart and Curated Table :: LATITUDE
Column Name found in Datamart and Curated Table :: MIDDLENAME
Column Name found in Datamart and Curated Table :: ROUTESTATISTICS_TECHNICIAN
Column Name found in Datamart and Curated Table :: CREATEDBY_ID
Column Name found in Datamart and Curated Table :: PHONE
Column Name found in Datamart and Curated Table :: QBREPID
Column Name found in Datamart and Curated Table :: SMARTDISPATCHSETTINGS_TECHNICIAN
Column Name found in Datamart and Curated Table :: STATUS
Column Name found in Datamart and Curated Table :: UNION
Column Name found in Datamart and Curated Table :: HOME_UNIT
Column Name found in Datamart and Curated Table :: HOURLYRATE
Column Name found in Datamart and Curated Table :: INVENTORYWAREHOUSENAME
Column Name found in Datamart and Curated Table :: INVOICINGHOURLYRATE
Column Name found in Datamart and Curated Table :: TYPE
Column Name found in Datamart and Curated Table :: ADDONMULTITECHCOMMISSIONRATE
Column Name found in Datamart and Curated Table :: COLOR
Column Name found in Datamart and Curated Table :: HOME_STATE
Column Name found in Datamart and Curated Table :: MODIFIEDON
Column Name found in Datamart and Curated Table :: OVERALLSALESFACTOR_TECHNICIAN
Column Name found in Datamart and Curated Table :: POSITION
Column Name found in Datamart and Curated Table :: TEAM
Column Name found in Datamart and Curated Table :: COMMUTETIME
Column Name found in Datamart and Curated Table :: HOME_LONGITUDE
Column Name found in Datamart and Curated Table :: HOME_STREET
Column Name found in Datamart and Curated Table :: LOCATION_TECHNICIAN
Column Name found in Datamart and Curated Table :: OVERTIMEMODE
Column Name found in Datamart and Curated Table :: PROJECTEDVALUE
Column Name found in Datamart and Curated Table :: LONGITUDE
Column Name found in Datamart and Curated Table :: TRUCK_ID
Column Name found in Datamart and Curated Table :: TENANT_TYPE
Datamart tables contains additional column name like [ACTIVE_FLAG, RECORD_CREATE_DATE, RECORD_UPDATE_DATE, MASTER_ID]
Curated tables contains additional column name like [RECORD_CREATE_DATE, RECORD_UPDATE_DATE, RECORD_UPDATED_BY]]]>
  </system-out>
  <testcase classname="testcases.RAW_DATAMART_CURATED.SnowFlake_ColumnValidation_APITables" name="validateColumnName_BKP" time="2.687"/>
  <system-out>
    <![CDATA[Executing Snowflake query :: SELECT COLUMN_NAME FROM DEV_ENT_RAW.INFORMATION_SCHEMA.COLUMNS WHERE TABLE_NAME='ST_API_ESTIMATE'and TABLE_SCHEMA='API_MAT'
Executing Snowflake query :: SELECT COLUMN_NAME FROM CURATED_DATAMART.INFORMATION_SCHEMA.COLUMNS WHERE TABLE_NAME='STR_API_ESTIMATE'and TABLE_SCHEMA='ST_API_GOLDMEDAL'
Executing Snowflake query :: SELECT COLUMN_NAME FROM DEV_ENT_CURATED.INFORMATION_SCHEMA.COLUMNS WHERE TABLE_NAME='DIM_ESTIMATE'and TABLE_SCHEMA='MASTER_DIMENSIONS'
Column names for RAW Table --> ST_API_ESTIMATE :: [BUSINESSUNIT_ID, JOB_ID, MATERIALTAX, PROJECTLABELS, STATUS, PROPOSALTAGCOLOR, CLAIM_ID, ISCHANGEORDER, MATERIALSKUREFERENCE_SKUID, MODIFIEDON, SUMMARY, TECHNICIANPICKEDSOLDTYPE, ISRECOMMENDED, PROPOSALTAGNAME, CREATEDBY_ID, TAX, AUTHORIZEDON, ORDER, OPPORTUNITY_ID, FEETOTAL, IMPORTID, LABORTAX, SOLDBY_ID, SOLDINVOICE_ID, AUTHORIZATIONSIGNATURE, LOCATION_ID, PROCUREMENTTYPE, SOLDBYEMPLOYEE_ID, DISCOUNTTOTAL, TECHNICIANSIGNATURE, ACTIVE, MATERIALSKU_ID, MATERIALSKUREFERENCE_SKUTYPE, RENEWABLEMEMBERSHIP_ID, NAME, SOLDON, TOTALCOST, CREATEDON, TOTAL, ID, SOLDTYPE, PROJECTOPPORTUNITY_ID, TENANT_TYPE]
Column names for DataMart Table --> STR_API_ESTIMATE :: [LOCATION_ID, TOTALCOST, ACTIVE, CREATEDON, JOB_ID, LABORTAX, NAME, PROJECTLABELS, SOLDINVOICE_ID, TAX, AUTHORIZATIONSIGNATURE, IMPORTID, MATERIALSKUREFERENCE_SKUTYPE, MATERIALTAX, PROJECTOPPORTUNITY_ID, SOLDBYEMPLOYEE_ID, TECHNICIANPICKEDSOLDTYPE, MATERIALSKU_ID, AUTHORIZEDON, ID, MASTER_ID, TECHNICIANSIGNATURE, MODIFIEDON, PROPOSALTAGNAME, RECORD_CREATE_DATE, RECORD_UPDATE_DATE, FEETOTAL, MATERIALSKUREFERENCE_SKUID, SOLDBY_ID, CREATEDBY_ID, ISRECOMMENDED, PROCUREMENTTYPE, ACTIVE_FLAG, BUSINESSUNIT_ID, DISCOUNTTOTAL, ISCHANGEORDER, ORDER, TOTAL, TENANT_TYPE, CLAIM_ID, OPPORTUNITY_ID, SOLDTYPE, STATUS, SUMMARY, PROPOSALTAGCOLOR, RENEWABLEMEMBERSHIP_ID, SOLDON]
Column names for Curated Table --> DIM_ESTIMATE :: [CREATEDON, DISCOUNTTOTAL, LOCATION_ID, OPPORTUNITY_ID, PROPOSALTAGCOLOR, PROPOSALTAGNAME, SOLDINVOICE_ID, TENANT_TYPE, RECORD_UPDATED_BY, TOTALCOST, ISCHANGEORDER, NAME, BUSINESSUNIT_ID, FEETOTAL, MATERIALSKUREFERENCE_SKUTYPE, ISRECOMMENDED, ORDER, STATUS, TOTAL, SOLDTYPE, AUTHORIZEDON, CREATEDBY_ID, LABORTAX, PROCUREMENTTYPE, SOLDBYEMPLOYEE_ID, SOLDBY_ID, IMPORTID, MATERIALSKU_ID, TAX, TECHNICIANPICKEDSOLDTYPE, RENEWABLEMEMBERSHIP_ID, TECHNICIANSIGNATURE, MODIFIEDON, CLAIM_ID, ID, MATERIALSKUREFERENCE_SKUID, SOLDON, PROJECTLABELS, JOB_ID, ACTIVE, AUTHORIZATIONSIGNATURE, MATERIALTAX, PROJECTOPPORTUNITY_ID, RECORD_CREATE_DATE, SUMMARY, RECORD_UPDATE_DATE]
Column Name found in Datamart and Curated Table :: BUSINESSUNIT_ID
Column Name found in Datamart and Curated Table :: JOB_ID
Column Name found in Datamart and Curated Table :: MATERIALTAX
Column Name found in Datamart and Curated Table :: PROJECTLABELS
Column Name found in Datamart and Curated Table :: STATUS
Column Name found in Datamart and Curated Table :: PROPOSALTAGCOLOR
Column Name found in Datamart and Curated Table :: CLAIM_ID
Column Name found in Datamart and Curated Table :: ISCHANGEORDER
Column Name found in Datamart and Curated Table :: MATERIALSKUREFERENCE_SKUID
Column Name found in Datamart and Curated Table :: MODIFIEDON
Column Name found in Datamart and Curated Table :: SUMMARY
Column Name found in Datamart and Curated Table :: TECHNICIANPICKEDSOLDTYPE
Column Name found in Datamart and Curated Table :: ISRECOMMENDED
Column Name found in Datamart and Curated Table :: PROPOSALTAGNAME
Column Name found in Datamart and Curated Table :: CREATEDBY_ID
Column Name found in Datamart and Curated Table :: TAX
Column Name found in Datamart and Curated Table :: AUTHORIZEDON
Column Name found in Datamart and Curated Table :: ORDER
Column Name found in Datamart and Curated Table :: OPPORTUNITY_ID
Column Name found in Datamart and Curated Table :: FEETOTAL
Column Name found in Datamart and Curated Table :: IMPORTID
Column Name found in Datamart and Curated Table :: LABORTAX
Column Name found in Datamart and Curated Table :: SOLDBY_ID
Column Name found in Datamart and Curated Table :: SOLDINVOICE_ID
Column Name found in Datamart and Curated Table :: AUTHORIZATIONSIGNATURE
Column Name found in Datamart and Curated Table :: LOCATION_ID
Column Name found in Datamart and Curated Table :: PROCUREMENTTYPE
Column Name found in Datamart and Curated Table :: SOLDBYEMPLOYEE_ID
Column Name found in Datamart and Curated Table :: DISCOUNTTOTAL
Column Name found in Datamart and Curated Table :: TECHNICIANSIGNATURE
Column Name found in Datamart and Curated Table :: ACTIVE
Column Name found in Datamart and Curated Table :: MATERIALSKU_ID
Column Name found in Datamart and Curated Table :: MATERIALSKUREFERENCE_SKUTYPE
Column Name found in Datamart and Curated Table :: RENEWABLEMEMBERSHIP_ID
Column Name found in Datamart and Curated Table :: NAME
Column Name found in Datamart and Curated Table :: SOLDON
Column Name found in Datamart and Curated Table :: TOTALCOST
Column Name found in Datamart and Curated Table :: CREATEDON
Column Name found in Datamart and Curated Table :: TOTAL
Column Name found in Datamart and Curated Table :: ID
Column Name found in Datamart and Curated Table :: SOLDTYPE
Column Name found in Datamart and Curated Table :: PROJECTOPPORTUNITY_ID
Column Name found in Datamart and Curated Table :: TENANT_TYPE
Datamart tables contains additional column name like [ACTIVE_FLAG, RECORD_CREATE_DATE, RECORD_UPDATE_DATE, MASTER_ID]
Curated tables contains additional column name like [RECORD_CREATE_DATE, RECORD_UPDATE_DATE, RECORD_UPDATED_BY]]]>
  </system-out>
  <testcase classname="testcases.RAW_DATAMART_CURATED.SnowFlake_ColumnValidation_APITables" name="validateColumnName_BKP" time="2.551"/>
  <system-out>
    <![CDATA[Executing Snowflake query :: SELECT COLUMN_NAME FROM DEV_ENT_RAW.INFORMATION_SCHEMA.COLUMNS WHERE TABLE_NAME='ST_API_MATERIAL'and TABLE_SCHEMA='API_MAT'
Executing Snowflake query :: SELECT COLUMN_NAME FROM CURATED_DATAMART.INFORMATION_SCHEMA.COLUMNS WHERE TABLE_NAME='STR_API_MATERIAL'and TABLE_SCHEMA='ST_API_CASTEEL'
Executing Snowflake query :: SELECT COLUMN_NAME FROM DEV_ENT_CURATED.INFORMATION_SCHEMA.COLUMNS WHERE TABLE_NAME='DIM_MATERIAL'and TABLE_SCHEMA='MASTER_DIMENSIONS'
Column names for RAW Table --> ST_API_MATERIAL :: [CATEGORY_ID, COSTOFSALEACCOUNT_ID, DISPLAYINAMOUNT, SOLDBYCOMMISSION, ARCHIVED, AVALARACOMMERCIALTAXCODE, BONUS, COMMISSIONBONUS, EXCLUDEFROMPRICEBOOKWIZARD, INVENTORYENABLEDON, PURCHASEORDERLIMITS_FLATAMOUNT, LOYALTYPROGRAMELIGIBLE, ACCOUNT, BUSINESSUNIT_ID, CREATEDON, NOTAX, ORIGINAL_ID, PROVIDER_ID, SERIALIZEDON, UNITOFMEASURE, IMPORTID, DISPLAYNAME, ASSETACCOUNT_ID, COPIEDFROM_ID, ISSERIALIZED, PAYSFLATAMOUNT, PRICE, GENERALLEDGERACCOUNT_ID, ID, ISINVENTORY, ACTIVE, AVALARARESIDENTIALTAXCODE, EXTERNALID, IMAGES, PRIMARYVENDOR_ID, TAXABLE, USEFIXEDMATERIALPRICE, DEDUCTASJOBCOST, SOURCEVERSION, SYNCDATE, MODIFIEDON, ADDONMEMBERPRICE, COST, NAME, PAYSCOMMISSION, PAYSSOLDBYRATE, DESCRIPTION, HOURS, SCHEDULEDFLATAMOUNT, SOURCE, ADDONFLATAMOUNT, ADDONPRICE, AUTOGLASSTYPE, CROSSSALEGROUP, PAYTECHSPECIFICBONUS, PURCHASEORDERLIMITS_REVENUEPERCENT, SUPPLIERIMAGES, CREATEDBY_ID, MEMBERPRICE, INVENTORYENABLEDBY_ID, TENANT_TYPE]
Column names for DataMart Table --> STR_API_MATERIAL :: [COMMISSIONBONUS, DISPLAYNAME, GENERALLEDGERACCOUNT_ID, HOURS, IMAGES, COST, ID, PAYSCOMMISSION, PAYTECHSPECIFICBONUS, SERIALIZEDON, USEFIXEDMATERIALPRICE, UNITOFMEASURE, IMPORTID, ACTIVE_FLAG, COPIEDFROM_ID, CREATEDBY_ID, DESCRIPTION, MEMBERPRICE, RECORD_UPDATE_DATE, SOLDBYCOMMISSION, NOTAX, ORIGINAL_ID, PAYSSOLDBYRATE, PURCHASEORDERLIMITS_REVENUEPERCENT, INVENTORYENABLEDBY_ID, ADDONFLATAMOUNT, ADDONPRICE, LOYALTYPROGRAMELIGIBLE, NAME, SCHEDULEDFLATAMOUNT, ISINVENTORY, TENANT_TYPE, ARCHIVED, CREATEDON, MASTER_ID, EXTERNALID, MODIFIEDON, TAXABLE, PURCHASEORDERLIMITS_FLATAMOUNT, SOURCEVERSION, ACTIVE, AVALARARESIDENTIALTAXCODE, ASSETACCOUNT_ID, BUSINESSUNIT_ID, CROSSSALEGROUP, INVENTORYENABLEDON, PRIMARYVENDOR_ID, PROVIDER_ID, BONUS, RECORD_CREATE_DATE, ADDONMEMBERPRICE, AVALARACOMMERCIALTAXCODE, ISSERIALIZED, CATEGORY_ID, EXCLUDEFROMPRICEBOOKWIZARD, SOURCE, ACCOUNT, AUTOGLASSTYPE, COSTOFSALEACCOUNT_ID, DEDUCTASJOBCOST, DISPLAYINAMOUNT, PAYSFLATAMOUNT, SYNCDATE, PRICE, SUPPLIERIMAGES]
Column names for Curated Table --> DIM_MATERIAL :: [BUSINESSUNIT_ID, DEDUCTASJOBCOST, HOURS, MEMBERPRICE, MODIFIEDON, SCHEDULEDFLATAMOUNT, ARCHIVED, BONUS, COST, EXCLUDEFROMPRICEBOOKWIZARD, INVENTORYENABLEDON, SOURCE, ID, RECORD_UPDATED_BY, RECORD_UPDATE_DATE, ADDONPRICE, ASSETACCOUNT_ID, AVALARARESIDENTIALTAXCODE, DESCRIPTION, IMPORTID, ISSERIALIZED, PAYSSOLDBYRATE, ISINVENTORY, NOTAX, CREATEDBY_ID, PRIMARYVENDOR_ID, SERIALIZEDON, GENERALLEDGERACCOUNT_ID, RECORD_CREATE_DATE, CROSSSALEGROUP, SOLDBYCOMMISSION, ACTIVE, CATEGORY_ID, EXTERNALID, NAME, USEFIXEDMATERIALPRICE, INVENTORYENABLEDBY_ID, PAYTECHSPECIFICBONUS, PROVIDER_ID, PURCHASEORDERLIMITS_REVENUEPERCENT, SUPPLIERIMAGES, ACCOUNT, ADDONFLATAMOUNT, COMMISSIONBONUS, CREATEDON, PAYSCOMMISSION, DISPLAYINAMOUNT, SOURCEVERSION, COSTOFSALEACCOUNT_ID, DISPLAYNAME, IMAGES, ORIGINAL_ID, TAXABLE, COPIEDFROM_ID, UNITOFMEASURE, ADDONMEMBERPRICE, AUTOGLASSTYPE, AVALARACOMMERCIALTAXCODE, LOYALTYPROGRAMELIGIBLE, PRICE, PURCHASEORDERLIMITS_FLATAMOUNT, SYNCDATE, TENANT_TYPE, PAYSFLATAMOUNT]
Column Name found in Datamart and Curated Table :: CATEGORY_ID
Column Name found in Datamart and Curated Table :: COSTOFSALEACCOUNT_ID
Column Name found in Datamart and Curated Table :: DISPLAYINAMOUNT
Column Name found in Datamart and Curated Table :: SOLDBYCOMMISSION
Column Name found in Datamart and Curated Table :: ARCHIVED
Column Name found in Datamart and Curated Table :: AVALARACOMMERCIALTAXCODE
Column Name found in Datamart and Curated Table :: BONUS
Column Name found in Datamart and Curated Table :: COMMISSIONBONUS
Column Name found in Datamart and Curated Table :: EXCLUDEFROMPRICEBOOKWIZARD
Column Name found in Datamart and Curated Table :: INVENTORYENABLEDON
Column Name found in Datamart and Curated Table :: PURCHASEORDERLIMITS_FLATAMOUNT
Column Name found in Datamart and Curated Table :: LOYALTYPROGRAMELIGIBLE
Column Name found in Datamart and Curated Table :: ACCOUNT
Column Name found in Datamart and Curated Table :: BUSINESSUNIT_ID
Column Name found in Datamart and Curated Table :: CREATEDON
Column Name found in Datamart and Curated Table :: NOTAX
Column Name found in Datamart and Curated Table :: ORIGINAL_ID
Column Name found in Datamart and Curated Table :: PROVIDER_ID
Column Name found in Datamart and Curated Table :: SERIALIZEDON
Column Name found in Datamart and Curated Table :: UNITOFMEASURE
Column Name found in Datamart and Curated Table :: IMPORTID
Column Name found in Datamart and Curated Table :: DISPLAYNAME
Column Name found in Datamart and Curated Table :: ASSETACCOUNT_ID
Column Name found in Datamart and Curated Table :: COPIEDFROM_ID
Column Name found in Datamart and Curated Table :: ISSERIALIZED
Column Name found in Datamart and Curated Table :: PAYSFLATAMOUNT
Column Name found in Datamart and Curated Table :: PRICE
Column Name found in Datamart and Curated Table :: GENERALLEDGERACCOUNT_ID
Column Name found in Datamart and Curated Table :: ID
Column Name found in Datamart and Curated Table :: ISINVENTORY
Column Name found in Datamart and Curated Table :: ACTIVE
Column Name found in Datamart and Curated Table :: AVALARARESIDENTIALTAXCODE
Column Name found in Datamart and Curated Table :: EXTERNALID
Column Name found in Datamart and Curated Table :: IMAGES
Column Name found in Datamart and Curated Table :: PRIMARYVENDOR_ID
Column Name found in Datamart and Curated Table :: TAXABLE
Column Name found in Datamart and Curated Table :: USEFIXEDMATERIALPRICE
Column Name found in Datamart and Curated Table :: DEDUCTASJOBCOST
Column Name found in Datamart and Curated Table :: SOURCEVERSION
Column Name found in Datamart and Curated Table :: SYNCDATE
Column Name found in Datamart and Curated Table :: MODIFIEDON
Column Name found in Datamart and Curated Table :: ADDONMEMBERPRICE
Column Name found in Datamart and Curated Table :: COST
Column Name found in Datamart and Curated Table :: NAME
Column Name found in Datamart and Curated Table :: PAYSCOMMISSION
Column Name found in Datamart and Curated Table :: PAYSSOLDBYRATE
Column Name found in Datamart and Curated Table :: DESCRIPTION
Column Name found in Datamart and Curated Table :: HOURS
Column Name found in Datamart and Curated Table :: SCHEDULEDFLATAMOUNT
Column Name found in Datamart and Curated Table :: SOURCE
Column Name found in Datamart and Curated Table :: ADDONFLATAMOUNT
Column Name found in Datamart and Curated Table :: ADDONPRICE
Column Name found in Datamart and Curated Table :: AUTOGLASSTYPE
Column Name found in Datamart and Curated Table :: CROSSSALEGROUP
Column Name found in Datamart and Curated Table :: PAYTECHSPECIFICBONUS
Column Name found in Datamart and Curated Table :: PURCHASEORDERLIMITS_REVENUEPERCENT
Column Name found in Datamart and Curated Table :: SUPPLIERIMAGES
Column Name found in Datamart and Curated Table :: CREATEDBY_ID
Column Name found in Datamart and Curated Table :: MEMBERPRICE
Column Name found in Datamart and Curated Table :: INVENTORYENABLEDBY_ID
Column Name found in Datamart and Curated Table :: TENANT_TYPE
Datamart tables contains additional column name like [ACTIVE_FLAG, RECORD_CREATE_DATE, RECORD_UPDATE_DATE, MASTER_ID]
Curated tables contains additional column name like [RECORD_CREATE_DATE, RECORD_UPDATE_DATE, RECORD_UPDATED_BY]]]>
  </system-out>
  <testcase classname="testcases.RAW_DATAMART_CURATED.SnowFlake_ColumnValidation_APITables" name="validateColumnName_BKP" time="2.236"/>
  <system-out>
    <![CDATA[Executing Snowflake query :: SELECT COLUMN_NAME FROM DEV_ENT_RAW.INFORMATION_SCHEMA.COLUMNS WHERE TABLE_NAME='ST_API_ZONE'and TABLE_SCHEMA='API_MAT'
Executing Snowflake query :: SELECT COLUMN_NAME FROM CURATED_DATAMART.INFORMATION_SCHEMA.COLUMNS WHERE TABLE_NAME='STR_API_ZONE'and TABLE_SCHEMA='ST_API_HARP'
Executing Snowflake query :: SELECT COLUMN_NAME FROM DEV_ENT_CURATED.INFORMATION_SCHEMA.COLUMNS WHERE TABLE_NAME='DIM_ZONE'and TABLE_SCHEMA='MASTER_DIMENSIONS'
Column names for RAW Table --> ST_API_ZONE :: [LOCNNUMBERS, MODIFIEDON, CREATEDON, COLOR, ID, SERVICEDAYSENABLED, CREATEDBY_ID, IMPORTID, ACTIVE, NAME, TERRITORYNUMBERS, CITIES, SERVICEDAYS, ZIPS, MAXDRIVETIMEADJUSTMENT, TENANT_TYPE]
Column names for DataMart Table --> STR_API_ZONE :: [ACTIVE, CITIES, CREATEDBY_ID, MASTER_ID, CREATEDON, ID, MAXDRIVETIMEADJUSTMENT, COLOR, IMPORTID, MODIFIEDON, SERVICEDAYS, SERVICEDAYSENABLED, TENANT_TYPE, RECORD_CREATE_DATE, ZIPS, LOCNNUMBERS, NAME, TERRITORYNUMBERS, ACTIVE_FLAG, RECORD_UPDATE_DATE]
Column names for Curated Table --> DIM_ZONE :: [CREATEDON, ID, ZIPS, CITIES, IMPORTID, LOCNNUMBERS, MODIFIEDON, NAME, SERVICEDAYS, TENANT_TYPE, MAXDRIVETIMEADJUSTMENT, TERRITORYNUMBERS, RECORD_CREATE_DATE, ACTIVE, CREATEDBY_ID, SERVICEDAYSENABLED, RECORD_UPDATE_DATE, COLOR, RECORD_UPDATED_BY]
Column Name found in Datamart and Curated Table :: LOCNNUMBERS
Column Name found in Datamart and Curated Table :: MODIFIEDON
Column Name found in Datamart and Curated Table :: CREATEDON
Column Name found in Datamart and Curated Table :: COLOR
Column Name found in Datamart and Curated Table :: ID
Column Name found in Datamart and Curated Table :: SERVICEDAYSENABLED
Column Name found in Datamart and Curated Table :: CREATEDBY_ID
Column Name found in Datamart and Curated Table :: IMPORTID
Column Name found in Datamart and Curated Table :: ACTIVE
Column Name found in Datamart and Curated Table :: NAME
Column Name found in Datamart and Curated Table :: TERRITORYNUMBERS
Column Name found in Datamart and Curated Table :: CITIES
Column Name found in Datamart and Curated Table :: SERVICEDAYS
Column Name found in Datamart and Curated Table :: ZIPS
Column Name found in Datamart and Curated Table :: MAXDRIVETIMEADJUSTMENT
Column Name found in Datamart and Curated Table :: TENANT_TYPE
Datamart tables contains additional column name like [ACTIVE_FLAG, RECORD_CREATE_DATE, RECORD_UPDATE_DATE, MASTER_ID]
Curated tables contains additional column name like [RECORD_CREATE_DATE, RECORD_UPDATE_DATE, RECORD_UPDATED_BY]]]>
  </system-out>
  <testcase classname="testcases.RAW_DATAMART_CURATED.SnowFlake_ColumnValidation_APITables" name="validateColumnName_BKP" time="2.331"/>
  <system-out>
    <![CDATA[Executing Snowflake query :: SELECT COLUMN_NAME FROM DEV_ENT_RAW.INFORMATION_SCHEMA.COLUMNS WHERE TABLE_NAME='ST_API_PURCHASEORDER'and TABLE_SCHEMA='API_MAT'
Executing Snowflake query :: SELECT COLUMN_NAME FROM CURATED_DATAMART.INFORMATION_SCHEMA.COLUMNS WHERE TABLE_NAME='STR_API_PURCHASEORDER'and TABLE_SCHEMA='ST_API_FOURPROS'
Executing Snowflake query :: SELECT COLUMN_NAME FROM DEV_ENT_CURATED.INFORMATION_SCHEMA.COLUMNS WHERE TABLE_NAME='DIM_PURCHASEORDER'and TABLE_SCHEMA='MASTER_DIMENSIONS'
Column names for RAW Table --> ST_API_PURCHASEORDER :: [CANCELEDBY_ID, CANCELEDREASON, INVENTORYLOCATION_ID, POVENDOR_ID, SHIPTO_CITY, SHIPTO_LATITUDE, STATUS, TECHNICIAN_ID, AMOUNT, BUSINESSUNIT_ID, CREATEDBY_ID, ISTIMEANDMATERIAL, SENDSTATUS, SHIPPING, SHIPTO_UNIT, TAXSCHEMA, TRUCK_ID, TYPE_ID, VENDORINVOICENUMBER, PROJECTLABELS, SHIPTO_COUNTRY, EXPORTID, MARKUP, SHIPTO_STREET, IMPORTID, NUMBER, TAX, TAXRATE, VENDOR, CANCELEDON, CREATEDON, DATE, MODIFIEDON, ERRORMESSAGE, REQUIREDON, SHIPTO_LONGITUDE, ACTIVE, REQUISITION_ID, SHIPTO_ISMILITARY, GROUPINGOPTION, PROJECT_ID, SENDINGMETHOD, SHIPTO_ZIP, RECEIVEDON, SUMMARY, BATCH_ID, EXTERNALID, ID, INVOICE_ID, JOB_ID, NOCHARGE, SHIPTO_ISMANUALCOORDINATES, SHIPTO_STATE, SENTON, SHIPTODESCRIPTION, TENANT_TYPE]
Column names for DataMart Table --> STR_API_PURCHASEORDER :: [ISTIMEANDMATERIAL, MARKUP, SHIPTO_STREET, CREATEDBY_ID, SHIPTO_CITY, SHIPTO_ISMANUALCOORDINATES, TENANT_TYPE, SHIPTO_LONGITUDE, GROUPINGOPTION, POVENDOR_ID, RECORD_UPDATE_DATE, SHIPTO_STATE, VENDOR, MODIFIEDON, PROJECT_ID, REQUIREDON, SENDINGMETHOD, TAX, ROLLEDOVERFROMPURCHASEORDER_ID, TECHNICIAN_ID, BUSINESSUNIT_ID, CREATEDON, EXTERNALID, INVENTORYLOCATION_ID, MASTER_ID, IMPORTID, PROJECTLABELS, TAXSCHEMA, NOCHARGE, REQUISITION_ID, SENTON, SHIPTO_COUNTRY, TAXRATE, SHIPPING, SHIPTO_UNIT, VENDORINVOICENUMBER, ID, ACTIVE_FLAG, CANCELEDBY_ID, CANCELEDREASON, DATE, EXPORTID, SHIPTODESCRIPTION, JOB_ID, RECORD_CREATE_DATE, ACTIVE, CANCELEDON, ERRORMESSAGE, RECEIVEDON, SENDSTATUS, NUMBER, SHIPTO_LATITUDE, TYPE_ID, TRUCK_ID, INVOICE_ID, BATCH_ID, STATUS, AMOUNT, SHIPTO_ISMILITARY, SHIPTO_ZIP, SUMMARY]
Column names for Curated Table --> DIM_PURCHASEORDER :: [ACTIVE, CANCELEDBY_ID, CANCELEDON, RECORD_CREATE_DATE, TRUCK_ID, ROLLEDOVERFROMPURCHASEORDER_ID, SHIPTO_LONGITUDE, TAXSCHEMA, BUSINESSUNIT_ID, POVENDOR_ID, SHIPTO_ISMANUALCOORDINATES, SHIPTO_ISMILITARY, CREATEDON, RECORD_UPDATE_DATE, NUMBER, AMOUNT, DATE, ERRORMESSAGE, EXPORTID, GROUPINGOPTION, INVOICE_ID, MODIFIEDON, PROJECT_ID, SHIPTO_COUNTRY, STATUS, RECORD_UPDATED_BY, TECHNICIAN_ID, SHIPTO_STATE, MARKUP, REQUISITION_ID, SENDSTATUS, SHIPTO_LATITUDE, SHIPTO_STREET, INVENTORYLOCATION_ID, TYPE_ID, BATCH_ID, CREATEDBY_ID, SENTON, PROJECTLABELS, SENDINGMETHOD, SHIPTO_CITY, TAXRATE, EXTERNALID, ID, TAX, VENDOR, IMPORTID, NOCHARGE, SHIPTO_ZIP, SUMMARY, TENANT_TYPE, SHIPPING, CANCELEDREASON, ISTIMEANDMATERIAL, JOB_ID, RECEIVEDON, SHIPTODESCRIPTION, SHIPTO_UNIT, VENDORINVOICENUMBER, REQUIREDON]
Column Name found in Datamart and Curated Table :: CANCELEDBY_ID
Column Name found in Datamart and Curated Table :: CANCELEDREASON
Column Name found in Datamart and Curated Table :: INVENTORYLOCATION_ID
Column Name found in Datamart and Curated Table :: POVENDOR_ID
Column Name found in Datamart and Curated Table :: SHIPTO_CITY
Column Name found in Datamart and Curated Table :: SHIPTO_LATITUDE
Column Name found in Datamart and Curated Table :: STATUS
Column Name found in Datamart and Curated Table :: TECHNICIAN_ID
Column Name found in Datamart and Curated Table :: AMOUNT
Column Name found in Datamart and Curated Table :: BUSINESSUNIT_ID
Column Name found in Datamart and Curated Table :: CREATEDBY_ID
Column Name found in Datamart and Curated Table :: ISTIMEANDMATERIAL
Column Name found in Datamart and Curated Table :: SENDSTATUS
Column Name found in Datamart and Curated Table :: SHIPPING
Column Name found in Datamart and Curated Table :: SHIPTO_UNIT
Column Name found in Datamart and Curated Table :: TAXSCHEMA
Column Name found in Datamart and Curated Table :: TRUCK_ID
Column Name found in Datamart and Curated Table :: TYPE_ID
Column Name found in Datamart and Curated Table :: VENDORINVOICENUMBER
Column Name found in Datamart and Curated Table :: PROJECTLABELS
Column Name found in Datamart and Curated Table :: SHIPTO_COUNTRY
Column Name found in Datamart and Curated Table :: EXPORTID
Column Name found in Datamart and Curated Table :: MARKUP
Column Name found in Datamart and Curated Table :: SHIPTO_STREET
Column Name found in Datamart and Curated Table :: IMPORTID
Column Name found in Datamart and Curated Table :: NUMBER
Column Name found in Datamart and Curated Table :: TAX
Column Name found in Datamart and Curated Table :: TAXRATE
Column Name found in Datamart and Curated Table :: VENDOR
Column Name found in Datamart and Curated Table :: CANCELEDON
Column Name found in Datamart and Curated Table :: CREATEDON
Column Name found in Datamart and Curated Table :: DATE
Column Name found in Datamart and Curated Table :: MODIFIEDON
Column Name found in Datamart and Curated Table :: ERRORMESSAGE
Column Name found in Datamart and Curated Table :: REQUIREDON
Column Name found in Datamart and Curated Table :: SHIPTO_LONGITUDE
Column Name found in Datamart and Curated Table :: ACTIVE
Column Name found in Datamart and Curated Table :: REQUISITION_ID
Column Name found in Datamart and Curated Table :: SHIPTO_ISMILITARY
Column Name found in Datamart and Curated Table :: GROUPINGOPTION
Column Name found in Datamart and Curated Table :: PROJECT_ID
Column Name found in Datamart and Curated Table :: SENDINGMETHOD
Column Name found in Datamart and Curated Table :: SHIPTO_ZIP
Column Name found in Datamart and Curated Table :: RECEIVEDON
Column Name found in Datamart and Curated Table :: SUMMARY
Column Name found in Datamart and Curated Table :: BATCH_ID
Column Name found in Datamart and Curated Table :: EXTERNALID
Column Name found in Datamart and Curated Table :: ID
Column Name found in Datamart and Curated Table :: INVOICE_ID
Column Name found in Datamart and Curated Table :: JOB_ID
Column Name found in Datamart and Curated Table :: NOCHARGE
Column Name found in Datamart and Curated Table :: SHIPTO_ISMANUALCOORDINATES
Column Name found in Datamart and Curated Table :: SHIPTO_STATE
Column Name found in Datamart and Curated Table :: SENTON
Column Name found in Datamart and Curated Table :: SHIPTODESCRIPTION
Column Name found in Datamart and Curated Table :: TENANT_TYPE
Datamart tables contains additional column name like [ACTIVE_FLAG, RECORD_CREATE_DATE, RECORD_UPDATE_DATE, MASTER_ID]
Curated tables contains additional column name like [RECORD_CREATE_DATE, RECORD_UPDATE_DATE, RECORD_UPDATED_BY]]]>
  </system-out>
  <testcase classname="testcases.RAW_DATAMART_CURATED.SnowFlake_ColumnValidation_APITables" name="validateColumnName_BKP" time="2.211"/>
  <system-out>
    <![CDATA[Executing Snowflake query :: SELECT COLUMN_NAME FROM DEV_ENT_RAW.INFORMATION_SCHEMA.COLUMNS WHERE TABLE_NAME='ST_API_PAYMENTSPLIT'and TABLE_SCHEMA='API_MAT'
Executing Snowflake query :: SELECT COLUMN_NAME FROM CURATED_DATAMART.INFORMATION_SCHEMA.COLUMNS WHERE TABLE_NAME='STR_API_PAYMENTSPLIT'and TABLE_SCHEMA='ST_API_CASTEEL'
Executing Snowflake query :: SELECT COLUMN_NAME FROM DEV_ENT_CURATED.INFORMATION_SCHEMA.COLUMNS WHERE TABLE_NAME='DIM_PAYMENTSPLIT'and TABLE_SCHEMA='MASTER_DIMENSIONS'
Column names for RAW Table --> ST_API_PAYMENTSPLIT :: [ID, MODIFIEDON, AMOUNT, PAYMENT_ID, PAYSELLERCOMMISSION, IMPORTID, INVOICE_ID, CREATEDON, CREATEDBY_ID, ACTIVE, TENANT_TYPE]
Column names for DataMart Table --> STR_API_PAYMENTSPLIT :: [MODIFIEDON, CREATEDBY_ID, INVOICE_ID, IMPORTID, TENANT_TYPE, PAYMENT_ID, RECORD_CREATE_DATE, ACTIVE, CREATEDON, ID, PAYSELLERCOMMISSION, ACTIVE_FLAG, AMOUNT, MASTER_ID, RECORD_UPDATE_DATE]
Column names for Curated Table --> DIM_PAYMENTSPLIT :: [IMPORTID, PAYSELLERCOMMISSION, CREATEDON, PAYMENT_ID, TENANT_TYPE, MODIFIEDON, AMOUNT, CREATEDBY_ID, INVOICE_ID, ID, RECORD_UPDATED_BY, RECORD_UPDATE_DATE, ACTIVE, RECORD_CREATE_DATE]
Column Name found in Datamart and Curated Table :: ID
Column Name found in Datamart and Curated Table :: MODIFIEDON
Column Name found in Datamart and Curated Table :: AMOUNT
Column Name found in Datamart and Curated Table :: PAYMENT_ID
Column Name found in Datamart and Curated Table :: PAYSELLERCOMMISSION
Column Name found in Datamart and Curated Table :: IMPORTID
Column Name found in Datamart and Curated Table :: INVOICE_ID
Column Name found in Datamart and Curated Table :: CREATEDON
Column Name found in Datamart and Curated Table :: CREATEDBY_ID
Column Name found in Datamart and Curated Table :: ACTIVE
Column Name found in Datamart and Curated Table :: TENANT_TYPE
Datamart tables contains additional column name like [ACTIVE_FLAG, RECORD_CREATE_DATE, RECORD_UPDATE_DATE, MASTER_ID]
Curated tables contains additional column name like [RECORD_CREATE_DATE, RECORD_UPDATE_DATE, RECORD_UPDATED_BY]]]>
  </system-out>
  <testcase classname="testcases.RAW_DATAMART_CURATED.SnowFlake_ColumnValidation_APITables" name="validateColumnName_BKP" time="2.468"/>
  <system-out>
    <![CDATA[Executing Snowflake query :: SELECT COLUMN_NAME FROM DEV_ENT_RAW.INFORMATION_SCHEMA.COLUMNS WHERE TABLE_NAME='ST_API_ESTIMATEITEM'and TABLE_SCHEMA='API_MAT'
Executing Snowflake query :: SELECT COLUMN_NAME FROM CURATED_DATAMART.INFORMATION_SCHEMA.COLUMNS WHERE TABLE_NAME='STR_API_ESTIMATEITEM'and TABLE_SCHEMA='ST_API_HUTCHINSON'
Executing Snowflake query :: SELECT COLUMN_NAME FROM DEV_ENT_CURATED.INFORMATION_SCHEMA.COLUMNS WHERE TABLE_NAME='DIM_ESTIMATEITEM'and TABLE_SCHEMA='MASTER_DIMENSIONS'
Column names for RAW Table --> ST_API_ESTIMATEITEM :: [ESTIMATE_ID, ID, INSTALLEDEQUIPMENT_ID, SCHEDULEDFLATAMOUNT, AUTOGLASSITEM_ID, COST, ISADDON, ITEMGROUPROOT_ID, RENEWABLEMEMBERSHIP_ID, UNITPRICE, MARKUP, PROJECTLABELS, SKUREFERENCE_SKUTYPE, SOLDBY_ID, SKUREFERENCE_SKUID, ACTIVE, CHARGEABLE, CREATEDFROM_ID, MEMBERSHIPDURATION, PROJECTORDER, QUANTITY, COSTOFSALEACCOUNT_ID, ADDONFLATAMOUNT, EQUIPMENT_ID, STANDARDPRICE, ACCOUNT, GENERALLEDGERACCOUNT_ID, TOTALCOST, MODIFIEDON, SKU_ID, DESCRIPTION, INVOICEITEM_ID, LASTUNITPRICESETBYEMPLOYEE, MEMBERPRICE, PAYSSOLDBYRATE, IMPORTID, ISNOTGOINGTOBEDONE, TAXABLE, ITEMGROUPNAME, ALLOWDISCOUNTS, DEMANDSTATUS, MEMBERSHIPBILLINGFREQUENCY, PARENTITEM_ID, PAYSFLATAMOUNT, TOTAL, CREATEDBY_ID, CREATEDON, PRICEMODIFIER_ID, ORDER, TENANT_TYPE]
Column names for DataMart Table --> STR_API_ESTIMATEITEM :: [CREATEDON, STANDARDPRICE, ISHIDDENFROMCUSTOMER, ADDONFLATAMOUNT, PROJECTORDER, SKUREFERENCE_SKUTYPE, SOLDBY_ID, ACTIVE, CREATEDBY_ID, ESTIMATE_ID, ISNOTGOINGTOBEDONE, PARENTITEM_ID, SKU_ID, RENEWABLEMEMBERSHIP_ID, ACCOUNT, ID, ITEMGROUPNAME, ALLOWDISCOUNTS, AUTOGLASSITEM_ID, CREATEDFROM_ID, PRICEMODIFIER_ID, QUANTITY, SKUREFERENCE_SKUID, TOTAL, MEMBERSHIPBILLINGFREQUENCY, RECORD_UPDATE_DATE, TENANT_TYPE, SCHEDULEDFLATAMOUNT, CHARGEABLE, EQUIPMENT_ID, GENERALLEDGERACCOUNT_ID, MEMBERPRICE, PAYSFLATAMOUNT, PAYSSOLDBYRATE, TAXABLE, PROJECTLABELS, RECORD_UPDATED_BY, UNITPRICE, MEMBERSHIPDURATION, MASTER_ID, COSTOFSALEACCOUNT_ID, INVOICEITEM_ID, ITEMGROUPROOT_ID, LASTUNITPRICESETBYEMPLOYEE, IMPORTID, MODIFIEDON, RECORD_CREATE_DATE, DEMANDSTATUS, ACTIVE_FLAG, COST, DESCRIPTION, INSTALLEDEQUIPMENT_ID, ISADDON, MARKUP, ORDER, TOTALCOST]
Column names for Curated Table --> DIM_ESTIMATEITEM :: [CREATEDON, DEMANDSTATUS, MEMBERPRICE, MEMBERSHIPBILLINGFREQUENCY, MEMBERSHIPDURATION, SKUREFERENCE_SKUTYPE, ADDONFLATAMOUNT, AUTOGLASSITEM_ID, COST, ID, PAYSSOLDBYRATE, STANDARDPRICE, TENANT_TYPE, TOTAL, RECORD_CREATE_DATE, ITEMGROUPROOT_ID, PARENTITEM_ID, ORDER, PROJECTLABELS, SOLDBY_ID, PROJECTORDER, ACTIVE, ALLOWDISCOUNTS, CREATEDFROM_ID, DESCRIPTION, ESTIMATE_ID, MARKUP, ISADDON, CREATEDBY_ID, GENERALLEDGERACCOUNT_ID, INVOICEITEM_ID, PRICEMODIFIER_ID, RECORD_UPDATED_BY, SKUREFERENCE_SKUID, QUANTITY, CHARGEABLE, ISHIDDENFROMCUSTOMER, SKU_ID, COSTOFSALEACCOUNT_ID, ISNOTGOINGTOBEDONE, TOTALCOST, INSTALLEDEQUIPMENT_ID, ITEMGROUPNAME, PAYSFLATAMOUNT, TAXABLE, SCHEDULEDFLATAMOUNT, ACCOUNT, EQUIPMENT_ID, LASTUNITPRICESETBYEMPLOYEE, RENEWABLEMEMBERSHIP_ID, IMPORTID, RECORD_UPDATE_DATE, UNITPRICE, MODIFIEDON]
Column Name found in Datamart and Curated Table :: ESTIMATE_ID
Column Name found in Datamart and Curated Table :: ID
Column Name found in Datamart and Curated Table :: INSTALLEDEQUIPMENT_ID
Column Name found in Datamart and Curated Table :: SCHEDULEDFLATAMOUNT
Column Name found in Datamart and Curated Table :: AUTOGLASSITEM_ID
Column Name found in Datamart and Curated Table :: COST
Column Name found in Datamart and Curated Table :: ISADDON
Column Name found in Datamart and Curated Table :: ITEMGROUPROOT_ID
Column Name found in Datamart and Curated Table :: RENEWABLEMEMBERSHIP_ID
Column Name found in Datamart and Curated Table :: UNITPRICE
Column Name found in Datamart and Curated Table :: MARKUP
Column Name found in Datamart and Curated Table :: PROJECTLABELS
Column Name found in Datamart and Curated Table :: SKUREFERENCE_SKUTYPE
Column Name found in Datamart and Curated Table :: SOLDBY_ID
Column Name found in Datamart and Curated Table :: SKUREFERENCE_SKUID
Column Name found in Datamart and Curated Table :: ACTIVE
Column Name found in Datamart and Curated Table :: CHARGEABLE
Column Name found in Datamart and Curated Table :: CREATEDFROM_ID
Column Name found in Datamart and Curated Table :: MEMBERSHIPDURATION
Column Name found in Datamart and Curated Table :: PROJECTORDER
Column Name found in Datamart and Curated Table :: QUANTITY
Column Name found in Datamart and Curated Table :: COSTOFSALEACCOUNT_ID
Column Name found in Datamart and Curated Table :: ADDONFLATAMOUNT
Column Name found in Datamart and Curated Table :: EQUIPMENT_ID
Column Name found in Datamart and Curated Table :: STANDARDPRICE
Column Name found in Datamart and Curated Table :: ACCOUNT
Column Name found in Datamart and Curated Table :: GENERALLEDGERACCOUNT_ID
Column Name found in Datamart and Curated Table :: TOTALCOST
Column Name found in Datamart and Curated Table :: MODIFIEDON
Column Name found in Datamart and Curated Table :: SKU_ID
Column Name found in Datamart and Curated Table :: DESCRIPTION
Column Name found in Datamart and Curated Table :: INVOICEITEM_ID
Column Name found in Datamart and Curated Table :: LASTUNITPRICESETBYEMPLOYEE
Column Name found in Datamart and Curated Table :: MEMBERPRICE
Column Name found in Datamart and Curated Table :: PAYSSOLDBYRATE
Column Name found in Datamart and Curated Table :: IMPORTID
Column Name found in Datamart and Curated Table :: ISNOTGOINGTOBEDONE
Column Name found in Datamart and Curated Table :: TAXABLE
Column Name found in Datamart and Curated Table :: ITEMGROUPNAME
Column Name found in Datamart and Curated Table :: ALLOWDISCOUNTS
Column Name found in Datamart and Curated Table :: DEMANDSTATUS
Column Name found in Datamart and Curated Table :: MEMBERSHIPBILLINGFREQUENCY
Column Name found in Datamart and Curated Table :: PARENTITEM_ID
Column Name found in Datamart and Curated Table :: PAYSFLATAMOUNT
Column Name found in Datamart and Curated Table :: TOTAL
Column Name found in Datamart and Curated Table :: CREATEDBY_ID
Column Name found in Datamart and Curated Table :: CREATEDON
Column Name found in Datamart and Curated Table :: PRICEMODIFIER_ID
Column Name found in Datamart and Curated Table :: ORDER
Column Name found in Datamart and Curated Table :: TENANT_TYPE
Datamart tables contains additional column name like [ACTIVE_FLAG, RECORD_CREATE_DATE, RECORD_UPDATE_DATE, MASTER_ID]
Curated tables contains additional column name like [RECORD_CREATE_DATE, RECORD_UPDATE_DATE, RECORD_UPDATED_BY]]]>
  </system-out>
  <testcase classname="testcases.RAW_DATAMART_CURATED.SnowFlake_ColumnValidation_APITables" name="validateColumnName_BKP" time="2.245"/>
  <system-out>
    <![CDATA[Executing Snowflake query :: SELECT COLUMN_NAME FROM DEV_ENT_RAW.INFORMATION_SCHEMA.COLUMNS WHERE TABLE_NAME='ST_API_CANCELJOBREASON'and TABLE_SCHEMA='API_MAT'
Executing Snowflake query :: SELECT COLUMN_NAME FROM CURATED_DATAMART.INFORMATION_SCHEMA.COLUMNS WHERE TABLE_NAME='STR_API_CANCELJOBREASON'and TABLE_SCHEMA='ST_API_EANESHEATING'
Executing Snowflake query :: SELECT COLUMN_NAME FROM DEV_ENT_CURATED.INFORMATION_SCHEMA.COLUMNS WHERE TABLE_NAME='DIM_CANCELJOBREASON'and TABLE_SCHEMA='MASTER_DIMENSIONS'
Column names for RAW Table --> ST_API_CANCELJOBREASON :: [CREATEDBY_ID, CREATEDON, ID, IMPORTID, MODIFIEDON, NAME, ACTIVE, TENANT_TYPE]
Column names for DataMart Table --> STR_API_CANCELJOBREASON :: [ACTIVE_FLAG, IMPORTID, NAME, RECORD_CREATE_DATE, ID, RECORD_UPDATE_DATE, TENANT_TYPE, ACTIVE, CREATEDBY_ID, MODIFIEDON, CREATEDON, MASTER_ID]
Column names for Curated Table --> DIM_CANCELJOBREASON :: [ID, IMPORTID, TENANT_TYPE, MODIFIEDON, CREATEDON, RECORD_UPDATED_BY, RECORD_UPDATE_DATE, RECORD_CREATE_DATE, ACTIVE, CREATEDBY_ID, NAME]
Column Name found in Datamart and Curated Table :: CREATEDBY_ID
Column Name found in Datamart and Curated Table :: CREATEDON
Column Name found in Datamart and Curated Table :: ID
Column Name found in Datamart and Curated Table :: IMPORTID
Column Name found in Datamart and Curated Table :: MODIFIEDON
Column Name found in Datamart and Curated Table :: NAME
Column Name found in Datamart and Curated Table :: ACTIVE
Column Name found in Datamart and Curated Table :: TENANT_TYPE
Datamart tables contains additional column name like [ACTIVE_FLAG, RECORD_CREATE_DATE, RECORD_UPDATE_DATE, MASTER_ID]
Curated tables contains additional column name like [RECORD_CREATE_DATE, RECORD_UPDATE_DATE, RECORD_UPDATED_BY]]]>
  </system-out>
  <testcase classname="testcases.RAW_DATAMART_CURATED.SnowFlake_ColumnValidation_APITables" name="validateColumnName_BKP" time="2.143"/>
  <system-out>
    <![CDATA[Executing Snowflake query :: SELECT COLUMN_NAME FROM DEV_ENT_RAW.INFORMATION_SCHEMA.COLUMNS WHERE TABLE_NAME='ST_API_NONJOBAPPOINTMENT'and TABLE_SCHEMA='API_MAT'
Executing Snowflake query :: SELECT COLUMN_NAME FROM CURATED_DATAMART.INFORMATION_SCHEMA.COLUMNS WHERE TABLE_NAME='STR_API_NONJOBAPPOINTMENT'and TABLE_SCHEMA='ST_API_EANESHEATING'
Executing Snowflake query :: SELECT COLUMN_NAME FROM DEV_ENT_CURATED.INFORMATION_SCHEMA.COLUMNS WHERE TABLE_NAME='DIM_NONJOBAPPOINTMENT'and TABLE_SCHEMA='MASTER_DIMENSIONS'
Column names for RAW Table --> ST_API_NONJOBAPPOINTMENT :: [CREATEDBY_ID, IMPORTID, ALLDAY, DEFINITION_ID, ISCOMPLETED, TIMESHEETCODE_ID, CLEARDISPATCHBOARD, ACTIVE, CLEARTECHNICIANVIEW, REMOVETECHNICIANFROMCAPACITYPLANNING, SUMMARY, ID, TECHNICIAN_ID, CREATEDON, TIMESHEET_ID, NAME, EXPECTEDDURATION, START, DURATION, TENANT_TYPE]
Column names for DataMart Table --> STR_API_NONJOBAPPOINTMENT :: [TENANT_TYPE, IMPORTID, ACTIVE, CLEARTECHNICIANVIEW, ID, REMOVETECHNICIANFROMCAPACITYPLANNING, NAME, ACTIVE_FLAG, CLEARDISPATCHBOARD, TIMESHEET_ID, ALLDAY, DEFINITION_ID, SUMMARY, TIMESHEETCODE_ID, CREATEDON, CREATEDBY_ID, EXPECTEDDURATION, MASTER_ID, RECORD_UPDATE_DATE, RECORD_CREATE_DATE, DURATION, ISCOMPLETED, START, TECHNICIAN_ID]
Column names for Curated Table --> DIM_NONJOBAPPOINTMENT :: [IMPORTID, RECORD_UPDATE_DATE, TIMESHEET_ID, ID, ISCOMPLETED, CREATEDON, RECORD_UPDATED_BY, START, CLEARTECHNICIANVIEW, DURATION, EXPECTEDDURATION, ALLDAY, CLEARDISPATCHBOARD, RECORD_CREATE_DATE, TENANT_TYPE, TIMESHEETCODE_ID, NAME, DEFINITION_ID, SUMMARY, ACTIVE, CREATEDBY_ID, REMOVETECHNICIANFROMCAPACITYPLANNING, TECHNICIAN_ID]
Column Name found in Datamart and Curated Table :: CREATEDBY_ID
Column Name found in Datamart and Curated Table :: IMPORTID
Column Name found in Datamart and Curated Table :: ALLDAY
Column Name found in Datamart and Curated Table :: DEFINITION_ID
Column Name found in Datamart and Curated Table :: ISCOMPLETED
Column Name found in Datamart and Curated Table :: TIMESHEETCODE_ID
Column Name found in Datamart and Curated Table :: CLEARDISPATCHBOARD
Column Name found in Datamart and Curated Table :: ACTIVE
Column Name found in Datamart and Curated Table :: CLEARTECHNICIANVIEW
Column Name found in Datamart and Curated Table :: REMOVETECHNICIANFROMCAPACITYPLANNING
Column Name found in Datamart and Curated Table :: SUMMARY
Column Name found in Datamart and Curated Table :: ID
Column Name found in Datamart and Curated Table :: TECHNICIAN_ID
Column Name found in Datamart and Curated Table :: CREATEDON
Column Name found in Datamart and Curated Table :: TIMESHEET_ID
Column Name found in Datamart and Curated Table :: NAME
Column Name found in Datamart and Curated Table :: EXPECTEDDURATION
Column Name found in Datamart and Curated Table :: START
Column Name found in Datamart and Curated Table :: DURATION
Column Name found in Datamart and Curated Table :: TENANT_TYPE
Datamart tables contains additional column name like [ACTIVE_FLAG, RECORD_CREATE_DATE, RECORD_UPDATE_DATE, MASTER_ID]
Curated tables contains additional column name like [RECORD_CREATE_DATE, RECORD_UPDATE_DATE, RECORD_UPDATED_BY]]]>
  </system-out>
  <testcase classname="testcases.RAW_DATAMART_CURATED.SnowFlake_ColumnValidation_APITables" name="validateColumnName_BKP" time="2.546"/>
  <system-out>
    <![CDATA[Executing Snowflake query :: SELECT COLUMN_NAME FROM DEV_ENT_RAW.INFORMATION_SCHEMA.COLUMNS WHERE TABLE_NAME='ST_API_SERVICE'and TABLE_SCHEMA='API_MAT'
Executing Snowflake query :: SELECT COLUMN_NAME FROM CURATED_DATAMART.INFORMATION_SCHEMA.COLUMNS WHERE TABLE_NAME='STR_API_SERVICE'and TABLE_SCHEMA='ST_API_GOLDMEDAL'
Executing Snowflake query :: SELECT COLUMN_NAME FROM DEV_ENT_CURATED.INFORMATION_SCHEMA.COLUMNS WHERE TABLE_NAME='DIM_SERVICE'and TABLE_SCHEMA='MASTER_DIMENSIONS'
Column names for RAW Table --> ST_API_SERVICE :: [BASERATE1, CATEGORY_ID, ID, MEMBERSHIP, QBITEMNAME, SYNCDATE, ACCOUNT, ACTIVE, ALLOWDISCOUNTS, BASERATE3, NOTAX, GENERATEDTAGTARGETS, MEMBERSHIPTYPE_ID, ORIGINAL_ID, ADDONPRICE, ISOTTASK, MEMBERSHIPACTION, AVALARACOMMERCIALTAXCODE, BUSINESSUNIT_ID, EXTERNALID, MEMBERSHIPYEARS, PRICE, SOLDBYCOMMISSION, DISPATCHFEE, ADDONFLATAMOUNT, COMMISSIONBONUS, DISPLAYNAME, HOURS, ISDEFERREDREVENUE, WARRANTY_DURATION, PURCHASEORDERLIMITS_FLATAMOUNT, WORKFLOWACTION_ID, BASERATE2, CROSSSALEGROUP, MODIFIEDON, MINIMUMLABORHOURS, NAME, PURCHASEORDERLIMITS_REVENUEPERCENT, IMPORTID, ADDONMEMBERPRICE, ALLOWAPPLYTAGSTOENTITIES, BONUS, GENERALLEDGERACCOUNT_ID, PAYSCOMMISSION, COST, EXCLUDEFROMPRICEBOOKWIZARD, IMAGES, LOYALTYPROGRAMELIGIBLE, SCHEDULEDFLATAMOUNT, SOURCEVERSION, TAXABLE, MEMBERPRICE, ARCHIVED, AUTOGLASSTYPE, AVALARARESIDENTIALTAXCODE, CREATEDON, DESCRIPTION, ISTIMEANDMATERIAL, MEMBERSHIPMONTHS, PAYSFLATAMOUNT, PAYTECHSPECIFICBONUS, PROVIDER_ID, COPIEDFROM_ID, DISPLAYINAMOUNT, SOURCE, SUPPLIERIMAGES, CREATEDBY_ID, ISLABOR, PAYSSOLDBYRATE, WARRANTY_DESCRIPTION, RECURRINGSERVICETYPE_ID, TENANT_TYPE]
Column names for DataMart Table --> STR_API_SERVICE :: [ACCOUNT, ADDONPRICE, ALLOWDISCOUNTS, BASERATE1, BASERATE3, CATEGORY_ID, COPIEDFROM_ID, GENERATEDTAGTARGETS, ISDEFERREDREVENUE, PAYTECHSPECIFICBONUS, ARCHIVED, DISPLAYNAME, MEMBERPRICE, MEMBERSHIPYEARS, RECORD_UPDATE_DATE, MEMBERSHIPTYPE_ID, MINIMUMLABORHOURS, ISLABOR, ACTIVE_FLAG, ALLOWAPPLYTAGSTOENTITIES, COMMISSIONBONUS, ID, MODIFIEDON, NAME, SYNCDATE, AVALARACOMMERCIALTAXCODE, ISTIMEANDMATERIAL, WARRANTY_DURATION, MEMBERSHIPACTION, ACTIVE, DESCRIPTION, DISPLAYINAMOUNT, GENERALLEDGERACCOUNT_ID, SOURCE, AVALARARESIDENTIALTAXCODE, CROSSSALEGROUP, HOURS, NOTAX, PURCHASEORDERLIMITS_FLATAMOUNT, SOURCEVERSION, SUPPLIERIMAGES, ADDONFLATAMOUNT, RECORD_CREATE_DATE, AUTOGLASSTYPE, PAYSCOMMISSION, WORKFLOWACTION_ID, SCHEDULEDFLATAMOUNT, BASERATE2, EXCLUDEFROMPRICEBOOKWIZARD, ISOTTASK, PAYSFLATAMOUNT, CREATEDON, EXTERNALID, IMAGES, LOYALTYPROGRAMELIGIBLE, PURCHASEORDERLIMITS_REVENUEPERCENT, SOLDBYCOMMISSION, WARRANTY_DESCRIPTION, ADDONMEMBERPRICE, CREATEDBY_ID, PAYSSOLDBYRATE, QBITEMNAME, TENANT_TYPE, ORIGINAL_ID, RECURRINGSERVICETYPE_ID, BONUS, BUSINESSUNIT_ID, COST, PROVIDER_ID, DISPATCHFEE, IMPORTID, MASTER_ID, PRICE, TAXABLE, MEMBERSHIP, MEMBERSHIPMONTHS]
Column names for Curated Table --> DIM_SERVICE :: [ACCOUNT, ALLOWDISCOUNTS, BASERATE3, DESCRIPTION, DISPATCHFEE, ISOTTASK, MEMBERSHIP, SOLDBYCOMMISSION, DISPLAYNAME, AUTOGLASSTYPE, AVALARACOMMERCIALTAXCODE, BUSINESSUNIT_ID, COMMISSIONBONUS, NOTAX, EXTERNALID, PRICE, CATEGORY_ID, CREATEDON, CROSSSALEGROUP, MEMBERSHIPYEARS, PAYSFLATAMOUNT, PAYSSOLDBYRATE, WARRANTY_DURATION, MODIFIEDON, RECORD_CREATE_DATE, TAXABLE, MEMBERSHIPACTION, ADDONMEMBERPRICE, BONUS, COPIEDFROM_ID, ISDEFERREDREVENUE, SOURCE, ARCHIVED, BASERATE1, PURCHASEORDERLIMITS_REVENUEPERCENT, RECURRINGSERVICETYPE_ID, SOURCEVERSION, ALLOWAPPLYTAGSTOENTITIES, AVALARARESIDENTIALTAXCODE, DISPLAYINAMOUNT, GENERATEDTAGTARGETS, ISTIMEANDMATERIAL, PROVIDER_ID, ADDONFLATAMOUNT, COST, GENERALLEDGERACCOUNT_ID, MEMBERSHIPTYPE_ID, QBITEMNAME, WARRANTY_DESCRIPTION, EXCLUDEFROMPRICEBOOKWIZARD, ID, IMAGES, RECORD_UPDATED_BY, RECORD_UPDATE_DATE, NAME, ACTIVE, ADDONPRICE, LOYALTYPROGRAMELIGIBLE, PAYTECHSPECIFICBONUS, SUPPLIERIMAGES, HOURS, IMPORTID, MINIMUMLABORHOURS, PAYSCOMMISSION, WORKFLOWACTION_ID, MEMBERPRICE, BASERATE2, CREATEDBY_ID, MEMBERSHIPMONTHS, ORIGINAL_ID, SYNCDATE, ISLABOR, PURCHASEORDERLIMITS_FLATAMOUNT, TENANT_TYPE, SCHEDULEDFLATAMOUNT]
Column Name found in Datamart and Curated Table :: BASERATE1
Column Name found in Datamart and Curated Table :: CATEGORY_ID
Column Name found in Datamart and Curated Table :: ID
Column Name found in Datamart and Curated Table :: MEMBERSHIP
Column Name found in Datamart and Curated Table :: QBITEMNAME
Column Name found in Datamart and Curated Table :: SYNCDATE
Column Name found in Datamart and Curated Table :: ACCOUNT
Column Name found in Datamart and Curated Table :: ACTIVE
Column Name found in Datamart and Curated Table :: ALLOWDISCOUNTS
Column Name found in Datamart and Curated Table :: BASERATE3
Column Name found in Datamart and Curated Table :: NOTAX
Column Name found in Datamart and Curated Table :: GENERATEDTAGTARGETS
Column Name found in Datamart and Curated Table :: MEMBERSHIPTYPE_ID
Column Name found in Datamart and Curated Table :: ORIGINAL_ID
Column Name found in Datamart and Curated Table :: ADDONPRICE
Column Name found in Datamart and Curated Table :: ISOTTASK
Column Name found in Datamart and Curated Table :: MEMBERSHIPACTION
Column Name found in Datamart and Curated Table :: AVALARACOMMERCIALTAXCODE
Column Name found in Datamart and Curated Table :: BUSINESSUNIT_ID
Column Name found in Datamart and Curated Table :: EXTERNALID
Column Name found in Datamart and Curated Table :: MEMBERSHIPYEARS
Column Name found in Datamart and Curated Table :: PRICE
Column Name found in Datamart and Curated Table :: SOLDBYCOMMISSION
Column Name found in Datamart and Curated Table :: DISPATCHFEE
Column Name found in Datamart and Curated Table :: ADDONFLATAMOUNT
Column Name found in Datamart and Curated Table :: COMMISSIONBONUS
Column Name found in Datamart and Curated Table :: DISPLAYNAME
Column Name found in Datamart and Curated Table :: HOURS
Column Name found in Datamart and Curated Table :: ISDEFERREDREVENUE
Column Name found in Datamart and Curated Table :: WARRANTY_DURATION
Column Name found in Datamart and Curated Table :: PURCHASEORDERLIMITS_FLATAMOUNT
Column Name found in Datamart and Curated Table :: WORKFLOWACTION_ID
Column Name found in Datamart and Curated Table :: BASERATE2
Column Name found in Datamart and Curated Table :: CROSSSALEGROUP
Column Name found in Datamart and Curated Table :: MODIFIEDON
Column Name found in Datamart and Curated Table :: MINIMUMLABORHOURS
Column Name found in Datamart and Curated Table :: NAME
Column Name found in Datamart and Curated Table :: PURCHASEORDERLIMITS_REVENUEPERCENT
Column Name found in Datamart and Curated Table :: IMPORTID
Column Name found in Datamart and Curated Table :: ADDONMEMBERPRICE
Column Name found in Datamart and Curated Table :: ALLOWAPPLYTAGSTOENTITIES
Column Name found in Datamart and Curated Table :: BONUS
Column Name found in Datamart and Curated Table :: GENERALLEDGERACCOUNT_ID
Column Name found in Datamart and Curated Table :: PAYSCOMMISSION
Column Name found in Datamart and Curated Table :: COST
Column Name found in Datamart and Curated Table :: EXCLUDEFROMPRICEBOOKWIZARD
Column Name found in Datamart and Curated Table :: IMAGES
Column Name found in Datamart and Curated Table :: LOYALTYPROGRAMELIGIBLE
Column Name found in Datamart and Curated Table :: SCHEDULEDFLATAMOUNT
Column Name found in Datamart and Curated Table :: SOURCEVERSION
Column Name found in Datamart and Curated Table :: TAXABLE
Column Name found in Datamart and Curated Table :: MEMBERPRICE
Column Name found in Datamart and Curated Table :: ARCHIVED
Column Name found in Datamart and Curated Table :: AUTOGLASSTYPE
Column Name found in Datamart and Curated Table :: AVALARARESIDENTIALTAXCODE
Column Name found in Datamart and Curated Table :: CREATEDON
Column Name found in Datamart and Curated Table :: DESCRIPTION
Column Name found in Datamart and Curated Table :: ISTIMEANDMATERIAL
Column Name found in Datamart and Curated Table :: MEMBERSHIPMONTHS
Column Name found in Datamart and Curated Table :: PAYSFLATAMOUNT
Column Name found in Datamart and Curated Table :: PAYTECHSPECIFICBONUS
Column Name found in Datamart and Curated Table :: PROVIDER_ID
Column Name found in Datamart and Curated Table :: COPIEDFROM_ID
Column Name found in Datamart and Curated Table :: DISPLAYINAMOUNT
Column Name found in Datamart and Curated Table :: SOURCE
Column Name found in Datamart and Curated Table :: SUPPLIERIMAGES
Column Name found in Datamart and Curated Table :: CREATEDBY_ID
Column Name found in Datamart and Curated Table :: ISLABOR
Column Name found in Datamart and Curated Table :: PAYSSOLDBYRATE
Column Name found in Datamart and Curated Table :: WARRANTY_DESCRIPTION
Column Name found in Datamart and Curated Table :: RECURRINGSERVICETYPE_ID
Column Name found in Datamart and Curated Table :: TENANT_TYPE
Datamart tables contains additional column name like [ACTIVE_FLAG, RECORD_CREATE_DATE, RECORD_UPDATE_DATE, MASTER_ID]
Curated tables contains additional column name like [RECORD_CREATE_DATE, RECORD_UPDATE_DATE, RECORD_UPDATED_BY]]]>
  </system-out>
  <testcase classname="testcases.RAW_DATAMART_CURATED.SnowFlake_ColumnValidation_APITables" name="validateColumnName_BKP" time="2.642"/>
  <system-out>
    <![CDATA[Executing Snowflake query :: SELECT COLUMN_NAME FROM DEV_ENT_RAW.INFORMATION_SCHEMA.COLUMNS WHERE TABLE_NAME='ST_API_MATERIAL'and TABLE_SCHEMA='API_MAT'
Executing Snowflake query :: SELECT COLUMN_NAME FROM CURATED_DATAMART.INFORMATION_SCHEMA.COLUMNS WHERE TABLE_NAME='STR_API_MATERIAL'and TABLE_SCHEMA='ST_API_HORIZONSERVICES'
Executing Snowflake query :: SELECT COLUMN_NAME FROM DEV_ENT_CURATED.INFORMATION_SCHEMA.COLUMNS WHERE TABLE_NAME='DIM_MATERIAL'and TABLE_SCHEMA='MASTER_DIMENSIONS'
Column names for RAW Table --> ST_API_MATERIAL :: [CATEGORY_ID, COSTOFSALEACCOUNT_ID, DISPLAYINAMOUNT, SOLDBYCOMMISSION, ARCHIVED, AVALARACOMMERCIALTAXCODE, BONUS, COMMISSIONBONUS, EXCLUDEFROMPRICEBOOKWIZARD, INVENTORYENABLEDON, PURCHASEORDERLIMITS_FLATAMOUNT, LOYALTYPROGRAMELIGIBLE, ACCOUNT, BUSINESSUNIT_ID, CREATEDON, NOTAX, ORIGINAL_ID, PROVIDER_ID, SERIALIZEDON, UNITOFMEASURE, IMPORTID, DISPLAYNAME, ASSETACCOUNT_ID, COPIEDFROM_ID, ISSERIALIZED, PAYSFLATAMOUNT, PRICE, GENERALLEDGERACCOUNT_ID, ID, ISINVENTORY, ACTIVE, AVALARARESIDENTIALTAXCODE, EXTERNALID, IMAGES, PRIMARYVENDOR_ID, TAXABLE, USEFIXEDMATERIALPRICE, DEDUCTASJOBCOST, SOURCEVERSION, SYNCDATE, MODIFIEDON, ADDONMEMBERPRICE, COST, NAME, PAYSCOMMISSION, PAYSSOLDBYRATE, DESCRIPTION, HOURS, SCHEDULEDFLATAMOUNT, SOURCE, ADDONFLATAMOUNT, ADDONPRICE, AUTOGLASSTYPE, CROSSSALEGROUP, PAYTECHSPECIFICBONUS, PURCHASEORDERLIMITS_REVENUEPERCENT, SUPPLIERIMAGES, CREATEDBY_ID, MEMBERPRICE, INVENTORYENABLEDBY_ID, TENANT_TYPE]
Column names for DataMart Table --> STR_API_MATERIAL :: [IMPORTID, MASTER_ID, PURCHASEORDERLIMITS_FLATAMOUNT, SERIALIZEDON, TAXABLE, ACCOUNT, ARCHIVED, AUTOGLASSTYPE, AVALARACOMMERCIALTAXCODE, BUSINESSUNIT_ID, INVENTORYENABLEDBY_ID, EXCLUDEFROMPRICEBOOKWIZARD, MEMBERPRICE, DEDUCTASJOBCOST, PAYSCOMMISSION, PURCHASEORDERLIMITS_REVENUEPERCENT, UNITOFMEASURE, DISPLAYINAMOUNT, ISINVENTORY, PROVIDER_ID, EXTERNALID, ADDONFLATAMOUNT, CATEGORY_ID, RECORD_CREATE_DATE, LOYALTYPROGRAMELIGIBLE, ID, SOLDBYCOMMISSION, ADDONMEMBERPRICE, COMMISSIONBONUS, COSTOFSALEACCOUNT_ID, INVENTORYENABLEDON, PAYSSOLDBYRATE, PAYTECHSPECIFICBONUS, DISPLAYNAME, ISSERIALIZED, SOURCE, SUPPLIERIMAGES, USEFIXEDMATERIALPRICE, ACTIVE, ADDONPRICE, ASSETACCOUNT_ID, COPIEDFROM_ID, COST, CREATEDBY_ID, HOURS, PAYSFLATAMOUNT, PRICE, RECORD_UPDATE_DATE, AVALARARESIDENTIALTAXCODE, SCHEDULEDFLATAMOUNT, TENANT_TYPE, ACTIVE_FLAG, BONUS, CROSSSALEGROUP, IMAGES, ORIGINAL_ID, NAME, NOTAX, PRIMARYVENDOR_ID, DESCRIPTION, GENERALLEDGERACCOUNT_ID, MODIFIEDON, CREATEDON, SOURCEVERSION, SYNCDATE]
Column names for Curated Table --> DIM_MATERIAL :: [BUSINESSUNIT_ID, DEDUCTASJOBCOST, HOURS, MEMBERPRICE, MODIFIEDON, SCHEDULEDFLATAMOUNT, ARCHIVED, BONUS, COST, EXCLUDEFROMPRICEBOOKWIZARD, INVENTORYENABLEDON, SOURCE, ID, RECORD_UPDATED_BY, RECORD_UPDATE_DATE, ADDONPRICE, ASSETACCOUNT_ID, AVALARARESIDENTIALTAXCODE, DESCRIPTION, IMPORTID, ISSERIALIZED, PAYSSOLDBYRATE, ISINVENTORY, NOTAX, CREATEDBY_ID, PRIMARYVENDOR_ID, SERIALIZEDON, GENERALLEDGERACCOUNT_ID, RECORD_CREATE_DATE, CROSSSALEGROUP, SOLDBYCOMMISSION, ACTIVE, CATEGORY_ID, EXTERNALID, NAME, USEFIXEDMATERIALPRICE, INVENTORYENABLEDBY_ID, PAYTECHSPECIFICBONUS, PROVIDER_ID, PURCHASEORDERLIMITS_REVENUEPERCENT, SUPPLIERIMAGES, ACCOUNT, ADDONFLATAMOUNT, COMMISSIONBONUS, CREATEDON, PAYSCOMMISSION, DISPLAYINAMOUNT, SOURCEVERSION, COSTOFSALEACCOUNT_ID, DISPLAYNAME, IMAGES, ORIGINAL_ID, TAXABLE, COPIEDFROM_ID, UNITOFMEASURE, ADDONMEMBERPRICE, AUTOGLASSTYPE, AVALARACOMMERCIALTAXCODE, LOYALTYPROGRAMELIGIBLE, PRICE, PURCHASEORDERLIMITS_FLATAMOUNT, SYNCDATE, TENANT_TYPE, PAYSFLATAMOUNT]
Column Name found in Datamart and Curated Table :: CATEGORY_ID
Column Name found in Datamart and Curated Table :: COSTOFSALEACCOUNT_ID
Column Name found in Datamart and Curated Table :: DISPLAYINAMOUNT
Column Name found in Datamart and Curated Table :: SOLDBYCOMMISSION
Column Name found in Datamart and Curated Table :: ARCHIVED
Column Name found in Datamart and Curated Table :: AVALARACOMMERCIALTAXCODE
Column Name found in Datamart and Curated Table :: BONUS
Column Name found in Datamart and Curated Table :: COMMISSIONBONUS
Column Name found in Datamart and Curated Table :: EXCLUDEFROMPRICEBOOKWIZARD
Column Name found in Datamart and Curated Table :: INVENTORYENABLEDON
Column Name found in Datamart and Curated Table :: PURCHASEORDERLIMITS_FLATAMOUNT
Column Name found in Datamart and Curated Table :: LOYALTYPROGRAMELIGIBLE
Column Name found in Datamart and Curated Table :: ACCOUNT
Column Name found in Datamart and Curated Table :: BUSINESSUNIT_ID
Column Name found in Datamart and Curated Table :: CREATEDON
Column Name found in Datamart and Curated Table :: NOTAX
Column Name found in Datamart and Curated Table :: ORIGINAL_ID
Column Name found in Datamart and Curated Table :: PROVIDER_ID
Column Name found in Datamart and Curated Table :: SERIALIZEDON
Column Name found in Datamart and Curated Table :: UNITOFMEASURE
Column Name found in Datamart and Curated Table :: IMPORTID
Column Name found in Datamart and Curated Table :: DISPLAYNAME
Column Name found in Datamart and Curated Table :: ASSETACCOUNT_ID
Column Name found in Datamart and Curated Table :: COPIEDFROM_ID
Column Name found in Datamart and Curated Table :: ISSERIALIZED
Column Name found in Datamart and Curated Table :: PAYSFLATAMOUNT
Column Name found in Datamart and Curated Table :: PRICE
Column Name found in Datamart and Curated Table :: GENERALLEDGERACCOUNT_ID
Column Name found in Datamart and Curated Table :: ID
Column Name found in Datamart and Curated Table :: ISINVENTORY
Column Name found in Datamart and Curated Table :: ACTIVE
Column Name found in Datamart and Curated Table :: AVALARARESIDENTIALTAXCODE
Column Name found in Datamart and Curated Table :: EXTERNALID
Column Name found in Datamart and Curated Table :: IMAGES
Column Name found in Datamart and Curated Table :: PRIMARYVENDOR_ID
Column Name found in Datamart and Curated Table :: TAXABLE
Column Name found in Datamart and Curated Table :: USEFIXEDMATERIALPRICE
Column Name found in Datamart and Curated Table :: DEDUCTASJOBCOST
Column Name found in Datamart and Curated Table :: SOURCEVERSION
Column Name found in Datamart and Curated Table :: SYNCDATE
Column Name found in Datamart and Curated Table :: MODIFIEDON
Column Name found in Datamart and Curated Table :: ADDONMEMBERPRICE
Column Name found in Datamart and Curated Table :: COST
Column Name found in Datamart and Curated Table :: NAME
Column Name found in Datamart and Curated Table :: PAYSCOMMISSION
Column Name found in Datamart and Curated Table :: PAYSSOLDBYRATE
Column Name found in Datamart and Curated Table :: DESCRIPTION
Column Name found in Datamart and Curated Table :: HOURS
Column Name found in Datamart and Curated Table :: SCHEDULEDFLATAMOUNT
Column Name found in Datamart and Curated Table :: SOURCE
Column Name found in Datamart and Curated Table :: ADDONFLATAMOUNT
Column Name found in Datamart and Curated Table :: ADDONPRICE
Column Name found in Datamart and Curated Table :: AUTOGLASSTYPE
Column Name found in Datamart and Curated Table :: CROSSSALEGROUP
Column Name found in Datamart and Curated Table :: PAYTECHSPECIFICBONUS
Column Name found in Datamart and Curated Table :: PURCHASEORDERLIMITS_REVENUEPERCENT
Column Name found in Datamart and Curated Table :: SUPPLIERIMAGES
Column Name found in Datamart and Curated Table :: CREATEDBY_ID
Column Name found in Datamart and Curated Table :: MEMBERPRICE
Column Name found in Datamart and Curated Table :: INVENTORYENABLEDBY_ID
Column Name found in Datamart and Curated Table :: TENANT_TYPE
Datamart tables contains additional column name like [ACTIVE_FLAG, RECORD_CREATE_DATE, RECORD_UPDATE_DATE, MASTER_ID]
Curated tables contains additional column name like [RECORD_CREATE_DATE, RECORD_UPDATE_DATE, RECORD_UPDATED_BY]]]>
  </system-out>
  <testcase classname="testcases.RAW_DATAMART_CURATED.SnowFlake_ColumnValidation_APITables" name="validateColumnName_BKP" time="3.114"/>
  <system-out>
    <![CDATA[Executing Snowflake query :: SELECT COLUMN_NAME FROM DEV_ENT_RAW.INFORMATION_SCHEMA.COLUMNS WHERE TABLE_NAME='ST_API_PURCHASEORDERITEM'and TABLE_SCHEMA='API_MAT'
Executing Snowflake query :: SELECT COLUMN_NAME FROM CURATED_DATAMART.INFORMATION_SCHEMA.COLUMNS WHERE TABLE_NAME='STR_API_PURCHASEORDERITEM'and TABLE_SCHEMA='ST_API_HORIZONSERVICES'
Executing Snowflake query :: SELECT COLUMN_NAME FROM DEV_ENT_CURATED.INFORMATION_SCHEMA.COLUMNS WHERE TABLE_NAME='DIM_PURCHASEORDERITEM'and TABLE_SCHEMA='MASTER_DIMENSIONS'
Column names for RAW Table --> ST_API_PURCHASEORDERITEM :: [EQUIPMENT_ID, MARKUP, MODIFIEDON, ROLLEDOVERFROMITEM_ID, UNITOFMEASURE_ID, ACTIVE, ID, IMPORTID, PURCHASEORDER_ID, SKUREFERENCE_SKUTYPE, BUSINESSUNIT_ID, ISINVENTORY, VENDORPARTNUMBER, COST, MATERIALVENDOR_ID, SERIALNUMBER, CREATEDON, DESCRIPTION, EQUIPMENTVENDOR_ID, REQUISITIONITEM_ID, TECHNICIANFORBASERATE2_ID, TECHNICIANSPLIT1, TECHNICIANFORBASERATE3_ID, STATUS, CREATEDBY_ID, TECHNICIANFORBASERATE1_ID, MATERIAL_ID, TECHNICIANSPLIT3, CHARGEABLEITEM_ID, INVENTORYLOCATION_ID, QUANTITY, ROLLOVERQUANTITY, SKUVENDOR_ID, PROJECTLABELS, SKUREFERENCE_SKUID, TECHNICIANSPLIT2, USEDMATERIAL_ID, SKU_ID, TENANT_TYPE]
Column names for DataMart Table --> STR_API_PURCHASEORDERITEM :: [COST, EQUIPMENTVENDOR_ID, MATERIALVENDOR_ID, RECORD_UPDATE_DATE, ROLLEDOVERFROMITEM_ID, TECHNICIANFORBASERATE2_ID, TECHNICIANSPLIT1, USEDMATERIAL_ID, CHARGEABLEITEM_ID, CREATEDBY_ID, CREATEDON, ID, SKUREFERENCE_SKUID, UNITOFMEASURE_ID, ACTIVE, BUSINESSUNIT_ID, REQUISITIONITEM_ID, ISINVENTORY, EQUIPMENT_ID, MASTER_ID, PROJECTLABELS, TECHNICIANSPLIT2, STATUS, VENDORPARTNUMBER, DESCRIPTION, MARKUP, SERIALNUMBER, MODIFIEDON, ROLLOVERQUANTITY, IMPORTID, MATERIAL_ID, SKU_ID, TECHNICIANSPLIT3, ACTIVE_FLAG, RECORD_CREATE_DATE, SKUVENDOR_ID, TENANT_TYPE, QUANTITY, INVENTORYLOCATION_ID, PURCHASEORDER_ID, SKUREFERENCE_SKUTYPE, TECHNICIANFORBASERATE1_ID, TECHNICIANFORBASERATE3_ID]
Column names for Curated Table --> DIM_PURCHASEORDERITEM :: [CREATEDBY_ID, DESCRIPTION, EQUIPMENTVENDOR_ID, EQUIPMENT_ID, MATERIALVENDOR_ID, RECORD_UPDATE_DATE, TECHNICIANFORBASERATE1_ID, MODIFIEDON, UNITOFMEASURE_ID, USEDMATERIAL_ID, TECHNICIANSPLIT2, CHARGEABLEITEM_ID, COST, QUANTITY, TECHNICIANFORBASERATE3_ID, INVENTORYLOCATION_ID, IMPORTID, REQUISITIONITEM_ID, TENANT_TYPE, VENDORPARTNUMBER, SKU_ID, CREATEDON, ID, SKUREFERENCE_SKUTYPE, MARKUP, PROJECTLABELS, PURCHASEORDER_ID, SERIALNUMBER, SKUVENDOR_ID, TECHNICIANSPLIT3, ROLLOVERQUANTITY, STATUS, BUSINESSUNIT_ID, ISINVENTORY, RECORD_CREATE_DATE, ROLLEDOVERFROMITEM_ID, TECHNICIANSPLIT1, SKUREFERENCE_SKUID, ACTIVE, MATERIAL_ID, RECORD_UPDATED_BY, TECHNICIANFORBASERATE2_ID]
Column Name found in Datamart and Curated Table :: EQUIPMENT_ID
Column Name found in Datamart and Curated Table :: MARKUP
Column Name found in Datamart and Curated Table :: MODIFIEDON
Column Name found in Datamart and Curated Table :: ROLLEDOVERFROMITEM_ID
Column Name found in Datamart and Curated Table :: UNITOFMEASURE_ID
Column Name found in Datamart and Curated Table :: ACTIVE
Column Name found in Datamart and Curated Table :: ID
Column Name found in Datamart and Curated Table :: IMPORTID
Column Name found in Datamart and Curated Table :: PURCHASEORDER_ID
Column Name found in Datamart and Curated Table :: SKUREFERENCE_SKUTYPE
Column Name found in Datamart and Curated Table :: BUSINESSUNIT_ID
Column Name found in Datamart and Curated Table :: ISINVENTORY
Column Name found in Datamart and Curated Table :: VENDORPARTNUMBER
Column Name found in Datamart and Curated Table :: COST
Column Name found in Datamart and Curated Table :: MATERIALVENDOR_ID
Column Name found in Datamart and Curated Table :: SERIALNUMBER
Column Name found in Datamart and Curated Table :: CREATEDON
Column Name found in Datamart and Curated Table :: DESCRIPTION
Column Name found in Datamart and Curated Table :: EQUIPMENTVENDOR_ID
Column Name found in Datamart and Curated Table :: REQUISITIONITEM_ID
Column Name found in Datamart and Curated Table :: TECHNICIANFORBASERATE2_ID
Column Name found in Datamart and Curated Table :: TECHNICIANSPLIT1
Column Name found in Datamart and Curated Table :: TECHNICIANFORBASERATE3_ID
Column Name found in Datamart and Curated Table :: STATUS
Column Name found in Datamart and Curated Table :: CREATEDBY_ID
Column Name found in Datamart and Curated Table :: TECHNICIANFORBASERATE1_ID
Column Name found in Datamart and Curated Table :: MATERIAL_ID
Column Name found in Datamart and Curated Table :: TECHNICIANSPLIT3
Column Name found in Datamart and Curated Table :: CHARGEABLEITEM_ID
Column Name found in Datamart and Curated Table :: INVENTORYLOCATION_ID
Column Name found in Datamart and Curated Table :: QUANTITY
Column Name found in Datamart and Curated Table :: ROLLOVERQUANTITY
Column Name found in Datamart and Curated Table :: SKUVENDOR_ID
Column Name found in Datamart and Curated Table :: PROJECTLABELS
Column Name found in Datamart and Curated Table :: SKUREFERENCE_SKUID
Column Name found in Datamart and Curated Table :: TECHNICIANSPLIT2
Column Name found in Datamart and Curated Table :: USEDMATERIAL_ID
Column Name found in Datamart and Curated Table :: SKU_ID
Column Name found in Datamart and Curated Table :: TENANT_TYPE
Datamart tables contains additional column name like [ACTIVE_FLAG, RECORD_CREATE_DATE, RECORD_UPDATE_DATE, MASTER_ID]
Curated tables contains additional column name like [RECORD_CREATE_DATE, RECORD_UPDATE_DATE, RECORD_UPDATED_BY]]]>
  </system-out>
  <testcase classname="testcases.RAW_DATAMART_CURATED.SnowFlake_ColumnValidation_APITables" name="validateColumnName_BKP" time="2.773"/>
  <system-out>
    <![CDATA[Executing Snowflake query :: SELECT COLUMN_NAME FROM DEV_ENT_RAW.INFORMATION_SCHEMA.COLUMNS WHERE TABLE_NAME='ST_API_CONTACT'and TABLE_SCHEMA='API_MAT'
Executing Snowflake query :: SELECT COLUMN_NAME FROM CURATED_DATAMART.INFORMATION_SCHEMA.COLUMNS WHERE TABLE_NAME='STR_API_CONTACT'and TABLE_SCHEMA='ST_API_HUTCHINSON'
Executing Snowflake query :: SELECT COLUMN_NAME FROM DEV_ENT_CURATED.INFORMATION_SCHEMA.COLUMNS WHERE TABLE_NAME='DIM_CONTACT'and TABLE_SCHEMA='MASTER_DIMENSIONS'
Column names for RAW Table --> ST_API_CONTACT :: [OWNER_ID, VALUE, ACTIVE, MEMO, INVOICESTATEMENTNOTIFICATION, ID, TYPE, IMPORTID, MARKETINGUPDATESENABLED, CREATEDON, JOBREMINDERSENABLED, CREATEDBY_ID, MESSAGESENABLED, MODIFIEDON, REVERSEPHONE, TENANT_TYPE]
Column names for DataMart Table --> STR_API_CONTACT :: [ID, MASTER_ID, TYPE, ACTIVE_FLAG, CREATEDBY_ID, MODIFIEDON, IMPORTID, MARKETINGUPDATESENABLED, VALUE, INVOICESTATEMENTNOTIFICATION, MESSAGESENABLED, RECORD_CREATE_DATE, REVERSEPHONE, TENANT_TYPE, ACTIVE, RECORD_UPDATE_DATE, JOBREMINDERSENABLED, MEMO, OWNER_ID, CREATEDON]
Column names for Curated Table --> DIM_CONTACT :: [MESSAGESENABLED, MODIFIEDON, CREATEDON, MEMO, OWNER_ID, CREATEDBY_ID, MARKETINGUPDATESENABLED, REVERSEPHONE, ID, IMPORTID, JOBREMINDERSENABLED, INVOICESTATEMENTNOTIFICATION, RECORD_CREATE_DATE, RECORD_UPDATED_BY, TENANT_TYPE, ACTIVE, RECORD_UPDATE_DATE, VALUE, TYPE]
Column Name found in Datamart and Curated Table :: OWNER_ID
Column Name found in Datamart and Curated Table :: VALUE
Column Name found in Datamart and Curated Table :: ACTIVE
Column Name found in Datamart and Curated Table :: MEMO
Column Name found in Datamart and Curated Table :: INVOICESTATEMENTNOTIFICATION
Column Name found in Datamart and Curated Table :: ID
Column Name found in Datamart and Curated Table :: TYPE
Column Name found in Datamart and Curated Table :: IMPORTID
Column Name found in Datamart and Curated Table :: MARKETINGUPDATESENABLED
Column Name found in Datamart and Curated Table :: CREATEDON
Column Name found in Datamart and Curated Table :: JOBREMINDERSENABLED
Column Name found in Datamart and Curated Table :: CREATEDBY_ID
Column Name found in Datamart and Curated Table :: MESSAGESENABLED
Column Name found in Datamart and Curated Table :: MODIFIEDON
Column Name found in Datamart and Curated Table :: REVERSEPHONE
Column Name found in Datamart and Curated Table :: TENANT_TYPE
Datamart tables contains additional column name like [ACTIVE_FLAG, RECORD_CREATE_DATE, RECORD_UPDATE_DATE, MASTER_ID]
Curated tables contains additional column name like [RECORD_CREATE_DATE, RECORD_UPDATE_DATE, RECORD_UPDATED_BY]]]>
  </system-out>
  <testcase classname="testcases.RAW_DATAMART_CURATED.SnowFlake_ColumnValidation_APITables" name="validateColumnName_BKP" time="3.269"/>
  <system-out>
    <![CDATA[Executing Snowflake query :: SELECT COLUMN_NAME FROM DEV_ENT_RAW.INFORMATION_SCHEMA.COLUMNS WHERE TABLE_NAME='ST_API_NONJOBAPPOINTMENT'and TABLE_SCHEMA='API_MAT'
Executing Snowflake query :: SELECT COLUMN_NAME FROM CURATED_DATAMART.INFORMATION_SCHEMA.COLUMNS WHERE TABLE_NAME='STR_API_NONJOBAPPOINTMENT'and TABLE_SCHEMA='ST_API_HDAIR'
Executing Snowflake query :: SELECT COLUMN_NAME FROM DEV_ENT_CURATED.INFORMATION_SCHEMA.COLUMNS WHERE TABLE_NAME='DIM_NONJOBAPPOINTMENT'and TABLE_SCHEMA='MASTER_DIMENSIONS'
Column names for RAW Table --> ST_API_NONJOBAPPOINTMENT :: [CREATEDBY_ID, IMPORTID, ALLDAY, DEFINITION_ID, ISCOMPLETED, TIMESHEETCODE_ID, CLEARDISPATCHBOARD, ACTIVE, CLEARTECHNICIANVIEW, REMOVETECHNICIANFROMCAPACITYPLANNING, SUMMARY, ID, TECHNICIAN_ID, CREATEDON, TIMESHEET_ID, NAME, EXPECTEDDURATION, START, DURATION, TENANT_TYPE]
Column names for DataMart Table --> STR_API_NONJOBAPPOINTMENT :: [CLEARTECHNICIANVIEW, TENANT_TYPE, ID, START, ISCOMPLETED, RECORD_CREATE_DATE, TIMESHEETCODE_ID, CREATEDBY_ID, IMPORTID, MASTER_ID, CREATEDON, DURATION, SUMMARY, ACTIVE_FLAG, DEFINITION_ID, EXPECTEDDURATION, REMOVETECHNICIANFROMCAPACITYPLANNING, TECHNICIAN_ID, TIMESHEET_ID, ACTIVE, ALLDAY, CLEARDISPATCHBOARD, NAME, RECORD_UPDATE_DATE]
Column names for Curated Table --> DIM_NONJOBAPPOINTMENT :: [IMPORTID, RECORD_UPDATE_DATE, TIMESHEET_ID, ID, ISCOMPLETED, CREATEDON, RECORD_UPDATED_BY, START, CLEARTECHNICIANVIEW, DURATION, EXPECTEDDURATION, ALLDAY, CLEARDISPATCHBOARD, RECORD_CREATE_DATE, TENANT_TYPE, TIMESHEETCODE_ID, NAME, DEFINITION_ID, SUMMARY, ACTIVE, CREATEDBY_ID, REMOVETECHNICIANFROMCAPACITYPLANNING, TECHNICIAN_ID]
Column Name found in Datamart and Curated Table :: CREATEDBY_ID
Column Name found in Datamart and Curated Table :: IMPORTID
Column Name found in Datamart and Curated Table :: ALLDAY
Column Name found in Datamart and Curated Table :: DEFINITION_ID
Column Name found in Datamart and Curated Table :: ISCOMPLETED
Column Name found in Datamart and Curated Table :: TIMESHEETCODE_ID
Column Name found in Datamart and Curated Table :: CLEARDISPATCHBOARD
Column Name found in Datamart and Curated Table :: ACTIVE
Column Name found in Datamart and Curated Table :: CLEARTECHNICIANVIEW
Column Name found in Datamart and Curated Table :: REMOVETECHNICIANFROMCAPACITYPLANNING
Column Name found in Datamart and Curated Table :: SUMMARY
Column Name found in Datamart and Curated Table :: ID
Column Name found in Datamart and Curated Table :: TECHNICIAN_ID
Column Name found in Datamart and Curated Table :: CREATEDON
Column Name found in Datamart and Curated Table :: TIMESHEET_ID
Column Name found in Datamart and Curated Table :: NAME
Column Name found in Datamart and Curated Table :: EXPECTEDDURATION
Column Name found in Datamart and Curated Table :: START
Column Name found in Datamart and Curated Table :: DURATION
Column Name found in Datamart and Curated Table :: TENANT_TYPE
Datamart tables contains additional column name like [ACTIVE_FLAG, RECORD_CREATE_DATE, RECORD_UPDATE_DATE, MASTER_ID]
Curated tables contains additional column name like [RECORD_CREATE_DATE, RECORD_UPDATE_DATE, RECORD_UPDATED_BY]]]>
  </system-out>
  <testcase classname="testcases.RAW_DATAMART_CURATED.SnowFlake_ColumnValidation_APITables" name="validateColumnName_BKP" time="2.436"/>
  <system-out>
    <![CDATA[Executing Snowflake query :: SELECT COLUMN_NAME FROM DEV_ENT_RAW.INFORMATION_SCHEMA.COLUMNS WHERE TABLE_NAME='ST_API_HOLDJOBREASON'and TABLE_SCHEMA='API_MAT'
Executing Snowflake query :: SELECT COLUMN_NAME FROM CURATED_DATAMART.INFORMATION_SCHEMA.COLUMNS WHERE TABLE_NAME='STR_API_HOLDJOBREASON'and TABLE_SCHEMA='ST_API_BILLFENWICK'
Executing Snowflake query :: SELECT COLUMN_NAME FROM DEV_ENT_CURATED.INFORMATION_SCHEMA.COLUMNS WHERE TABLE_NAME='DIM_HOLDJOBREASON'and TABLE_SCHEMA='MASTER_DIMENSIONS'
Column names for RAW Table --> ST_API_HOLDJOBREASON :: [ID, ACTIVE, MODIFIEDON, CREATEDBY_ID, CREATEDON, NAME, IMPORTID, TENANT_TYPE]
Column names for DataMart Table --> STR_API_HOLDJOBREASON :: [RECORD_UPDATE_DATE, CREATEDBY_ID, CREATEDON, RECORD_CREATE_DATE, ID, NAME, ACTIVE_FLAG, TENANT_TYPE, ACTIVE, IMPORTID, MASTER_ID, MODIFIEDON]
Column names for Curated Table --> DIM_HOLDJOBREASON :: [ACTIVE, ID, NAME, RECORD_UPDATED_BY, CREATEDON, MODIFIEDON, RECORD_CREATE_DATE, RECORD_UPDATE_DATE, TENANT_TYPE, IMPORTID, CREATEDBY_ID]
Column Name found in Datamart and Curated Table :: ID
Column Name found in Datamart and Curated Table :: ACTIVE
Column Name found in Datamart and Curated Table :: MODIFIEDON
Column Name found in Datamart and Curated Table :: CREATEDBY_ID
Column Name found in Datamart and Curated Table :: CREATEDON
Column Name found in Datamart and Curated Table :: NAME
Column Name found in Datamart and Curated Table :: IMPORTID
Column Name found in Datamart and Curated Table :: TENANT_TYPE
Datamart tables contains additional column name like [ACTIVE_FLAG, RECORD_CREATE_DATE, RECORD_UPDATE_DATE, MASTER_ID]
Curated tables contains additional column name like [RECORD_CREATE_DATE, RECORD_UPDATE_DATE, RECORD_UPDATED_BY]]]>
  </system-out>
  <testcase classname="testcases.RAW_DATAMART_CURATED.SnowFlake_ColumnValidation_APITables" name="validateColumnName_BKP" time="2.969"/>
  <system-out>
    <![CDATA[Executing Snowflake query :: SELECT COLUMN_NAME FROM DEV_ENT_RAW.INFORMATION_SCHEMA.COLUMNS WHERE TABLE_NAME='ST_API_INVOICEITEM'and TABLE_SCHEMA='API_MAT'
Executing Snowflake query :: SELECT COLUMN_NAME FROM CURATED_DATAMART.INFORMATION_SCHEMA.COLUMNS WHERE TABLE_NAME='STR_API_INVOICEITEM'and TABLE_SCHEMA='ST_API_HENDERSON'
Executing Snowflake query :: SELECT COLUMN_NAME FROM DEV_ENT_CURATED.INFORMATION_SCHEMA.COLUMNS WHERE TABLE_NAME='DIM_INVOICEITEM'and TABLE_SCHEMA='MASTER_DIMENSIONS'
Column names for RAW Table --> ST_API_INVOICEITEM :: [ALLOWDISCOUNTS, AUTOGLASSITEM_ID, HOURS, STANDARDPRICE, MODIFIEDON, PROJECTLABELS, SOLDBYCOMMISSION, ISINVENTORY, MARKUP, PAYSSOLDBYRATE, PROCUREDFROMESTIMATEITEM_ID, PROJECTORDER, SKU_ID, TECHNICIANSPLIT3, UNITPRICE, IMPORTID, LASTUNITPRICESETBYEMPLOYEE, SKUNAME, MEMBERSHIPWORKFLOWACTION, BASERATE1, BASERATE2, DATECREATED, EQUIPMENT_ID, ID, INVENTORYSTATUS, ITEMGROUPNAME, TECHNICIANFORBASERATE1_ID, QUANTITY, SOLDBY_ID, PARENTITEM_ID, SOLDHOURS, NOTAX, COST, CREATEDBY_ID, EXPORTID, ISADDON, ISOTTASK, CREATEDON, ISUNITPRICEMANUALLYSET, PAYSFLATAMOUNT, TECHNICIAN_ID, BASERATE3, CHARGEABLE, COMMISSIONBONUS, DESCRIPTION, TECHNICIANACKNOWLEDGEMENTSIGNATURE, INVENTORYLOCATION_ID, ORDER, SCHEDULEDFLATAMOUNT, SOURCETYPE, TECHNICIANSPLIT1, INVENTORYWAREHOUSENAME, ACCOUNT, ADDONFLATAMOUNT, PRICEMODIFIER_ID, SKUREFERENCE_SKUTYPE, TECHNICIANFORBASERATE3_ID, PAYTECHSPECIFICBONUS, TECHNICIANFORBASERATE2_ID, TECHNICIANSPLIT2, USEDMATERIAL_ID, ACTIVE, BONUS, COSTOFSALEACCOUNT_ID, GENERALLEDGERACCOUNT_ID, INVENTORYBATCH_ID, INVOICE_ID, PAYSCOMMISSION, SKUREFERENCE_SKUID, TAXABLE, TOTAL, BUSINESSUNIT_ID, DEDUCTASJOBCOST, DISPLAYINAMOUNT, ESTIMATEITEM_ID, ITEMGROUPROOT_ID, MEMBERPRICE, PROCUREDFROM_ID, SIGNATURE, TOTALCOST, CROSSSALEGROUP, WORKFLOWACTION_ID, TENANT_TYPE]
Column names for DataMart Table --> STR_API_INVOICEITEM :: [ALLOWDISCOUNTS, BONUS, CHARGEABLE, DESCRIPTION, GENERALLEDGERACCOUNT_ID, ITEMGROUPNAME, PROCUREMENTSOURCE_SOURCETYPE, USEDMATERIAL_ID, CROSSSALEGROUP, MODIFIEDON, PROCUREDFROM_ID, TAXABLE, TECHNICIANSPLIT3, TECHNICIAN_ID, SKUREFERENCE_SKUTYPE, INVENTORYBATCH_ID, SOURCETYPE, TECHNICIANFORBASERATE1_ID, UNITPRICE, ACTIVE, ADDONFLATAMOUNT, BUSINESSUNIT_ID, CREATEDBY_ID, ESTIMATEITEM_ID, INVENTORYSTATUS, ISOTTASK, ISUNITPRICEMANUALLYSET, ITEMGROUPROOT_ID, TECHNICIANSPLIT1, INVENTORYWAREHOUSENAME, PAYSSOLDBYRATE, SKUNAME, WORKFLOWACTION_ID, BASERATE2, CREATEDON, EQUIPMENT_ID, PARENTITEM_ID, PAYSFLATAMOUNT, RECORD_CREATE_DATE, TOTALCOST, SKU_ID, ORDER, PAYTECHSPECIFICBONUS, SCHEDULEDFLATAMOUNT, STANDARDPRICE, ACCOUNT, PROJECTLABELS, PROJECTORDER, TECHNICIANSPLIT2, TOTAL, BASERATE3, INVOICE_ID, MASTER_ID, TENANT_TYPE, LASTUNITPRICESETBYEMPLOYEE, MEMBERPRICE, QUANTITY, SKUREFERENCE_SKUID, SOLDHOURS, TECHNICIANFORBASERATE2_ID, PAYSCOMMISSION, AUTOGLASSITEM_ID, DISPLAYINAMOUNT, ISADDON, ISINVENTORY, DEDUCTASJOBCOST, IMPORTID, NOTAX, ACTIVE_FLAG, BASERATE1, DATECREATED, MEMBERSHIPWORKFLOWACTION, COST, MARKUP, RECORD_UPDATE_DATE, SIGNATURE, SOLDBYCOMMISSION, SOLDBY_ID, TECHNICIANACKNOWLEDGEMENTSIGNATURE, PROCUREDFROMESTIMATEITEM_ID, COMMISSIONBONUS, COSTOFSALEACCOUNT_ID, EXPORTID, HOURS, ID, PROCUREMENTSOURCE_PURCHASEORDERITEMID, PROCUREMENTSOURCE_REQUISITIONITEMID, PRICEMODIFIER_ID, PROCUREMENTSOURCE_ESTIMATEITEMID, TECHNICIANFORBASERATE3_ID, INVENTORYLOCATION_ID]
Column names for Curated Table --> DIM_INVOICEITEM :: [BASERATE2, COST, CROSSSALEGROUP, ISOTTASK, MEMBERPRICE, ORDER, QUANTITY, TOTALCOST, ISUNITPRICEMANUALLYSET, PARENTITEM_ID, PAYSSOLDBYRATE, PAYSCOMMISSION, GENERALLEDGERACCOUNT_ID, BASERATE1, INVENTORYBATCH_ID, INVOICE_ID, SKUREFERENCE_SKUID, BASERATE3, EXPORTID, ISINVENTORY, SKU_ID, INVENTORYSTATUS, SOLDHOURS, TECHNICIAN_ID, TECHNICIANFORBASERATE2_ID, ACCOUNT, ALLOWDISCOUNTS, COMMISSIONBONUS, CREATEDON, IMPORTID, ISADDON, PROCUREMENTSOURCE_SOURCETYPE, NOTAX, PROJECTLABELS, SOLDBY_ID, TECHNICIANFORBASERATE1_ID, TECHNICIANSPLIT1, PAYSFLATAMOUNT, UNITPRICE, BONUS, COSTOFSALEACCOUNT_ID, CREATEDBY_ID, DISPLAYINAMOUNT, PAYTECHSPECIFICBONUS, PRICEMODIFIER_ID, TECHNICIANACKNOWLEDGEMENTSIGNATURE, TECHNICIANSPLIT3, PROCUREMENTSOURCE_PURCHASEORDERITEMID, PROCUREMENTSOURCE_REQUISITIONITEMID, PROJECTORDER, DATECREATED, TECHNICIANFORBASERATE3_ID, ACTIVE, ADDONFLATAMOUNT, BUSINESSUNIT_ID, CHARGEABLE, EQUIPMENT_ID, INVENTORYLOCATION_ID, INVENTORYWAREHOUSENAME, ITEMGROUPNAME, ITEMGROUPROOT_ID, RECORD_UPDATE_DATE, MODIFIEDON, PROCUREDFROM_ID, SCHEDULEDFLATAMOUNT, PROCUREMENTSOURCE_ESTIMATEITEMID, TAXABLE, PROCUREDFROMESTIMATEITEM_ID, AUTOGLASSITEM_ID, HOURS, LASTUNITPRICESETBYEMPLOYEE, MARKUP, USEDMATERIAL_ID, MEMBERSHIPWORKFLOWACTION, SKUREFERENCE_SKUTYPE, SOLDBYCOMMISSION, SOURCETYPE, RECORD_UPDATED_BY, WORKFLOWACTION_ID, DEDUCTASJOBCOST, DESCRIPTION, ESTIMATEITEM_ID, STANDARDPRICE, TECHNICIANSPLIT2, TOTAL, ID, RECORD_CREATE_DATE, SIGNATURE, SKUNAME, TENANT_TYPE]
Column Name found in Datamart and Curated Table :: ALLOWDISCOUNTS
Column Name found in Datamart and Curated Table :: AUTOGLASSITEM_ID
Column Name found in Datamart and Curated Table :: HOURS
Column Name found in Datamart and Curated Table :: STANDARDPRICE
Column Name found in Datamart and Curated Table :: MODIFIEDON
Column Name found in Datamart and Curated Table :: PROJECTLABELS
Column Name found in Datamart and Curated Table :: SOLDBYCOMMISSION
Column Name found in Datamart and Curated Table :: ISINVENTORY
Column Name found in Datamart and Curated Table :: MARKUP
Column Name found in Datamart and Curated Table :: PAYSSOLDBYRATE
Column Name found in Datamart and Curated Table :: PROCUREDFROMESTIMATEITEM_ID
Column Name found in Datamart and Curated Table :: PROJECTORDER
Column Name found in Datamart and Curated Table :: SKU_ID
Column Name found in Datamart and Curated Table :: TECHNICIANSPLIT3
Column Name found in Datamart and Curated Table :: UNITPRICE
Column Name found in Datamart and Curated Table :: IMPORTID
Column Name found in Datamart and Curated Table :: LASTUNITPRICESETBYEMPLOYEE
Column Name found in Datamart and Curated Table :: SKUNAME
Column Name found in Datamart and Curated Table :: MEMBERSHIPWORKFLOWACTION
Column Name found in Datamart and Curated Table :: BASERATE1
Column Name found in Datamart and Curated Table :: BASERATE2
Column Name found in Datamart and Curated Table :: DATECREATED
Column Name found in Datamart and Curated Table :: EQUIPMENT_ID
Column Name found in Datamart and Curated Table :: ID
Column Name found in Datamart and Curated Table :: INVENTORYSTATUS
Column Name found in Datamart and Curated Table :: ITEMGROUPNAME
Column Name found in Datamart and Curated Table :: TECHNICIANFORBASERATE1_ID
Column Name found in Datamart and Curated Table :: QUANTITY
Column Name found in Datamart and Curated Table :: SOLDBY_ID
Column Name found in Datamart and Curated Table :: PARENTITEM_ID
Column Name found in Datamart and Curated Table :: SOLDHOURS
Column Name found in Datamart and Curated Table :: NOTAX
Column Name found in Datamart and Curated Table :: COST
Column Name found in Datamart and Curated Table :: CREATEDBY_ID
Column Name found in Datamart and Curated Table :: EXPORTID
Column Name found in Datamart and Curated Table :: ISADDON
Column Name found in Datamart and Curated Table :: ISOTTASK
Column Name found in Datamart and Curated Table :: CREATEDON
Column Name found in Datamart and Curated Table :: ISUNITPRICEMANUALLYSET
Column Name found in Datamart and Curated Table :: PAYSFLATAMOUNT
Column Name found in Datamart and Curated Table :: TECHNICIAN_ID
Column Name found in Datamart and Curated Table :: BASERATE3
Column Name found in Datamart and Curated Table :: CHARGEABLE
Column Name found in Datamart and Curated Table :: COMMISSIONBONUS
Column Name found in Datamart and Curated Table :: DESCRIPTION
Column Name found in Datamart and Curated Table :: TECHNICIANACKNOWLEDGEMENTSIGNATURE
Column Name found in Datamart and Curated Table :: INVENTORYLOCATION_ID
Column Name found in Datamart and Curated Table :: ORDER
Column Name found in Datamart and Curated Table :: SCHEDULEDFLATAMOUNT
Column Name found in Datamart and Curated Table :: SOURCETYPE
Column Name found in Datamart and Curated Table :: TECHNICIANSPLIT1
Column Name found in Datamart and Curated Table :: INVENTORYWAREHOUSENAME
Column Name found in Datamart and Curated Table :: ACCOUNT
Column Name found in Datamart and Curated Table :: ADDONFLATAMOUNT
Column Name found in Datamart and Curated Table :: PRICEMODIFIER_ID
Column Name found in Datamart and Curated Table :: SKUREFERENCE_SKUTYPE
Column Name found in Datamart and Curated Table :: TECHNICIANFORBASERATE3_ID
Column Name found in Datamart and Curated Table :: PAYTECHSPECIFICBONUS
Column Name found in Datamart and Curated Table :: TECHNICIANFORBASERATE2_ID
Column Name found in Datamart and Curated Table :: TECHNICIANSPLIT2
Column Name found in Datamart and Curated Table :: USEDMATERIAL_ID
Column Name found in Datamart and Curated Table :: ACTIVE
Column Name found in Datamart and Curated Table :: BONUS
Column Name found in Datamart and Curated Table :: COSTOFSALEACCOUNT_ID
Column Name found in Datamart and Curated Table :: GENERALLEDGERACCOUNT_ID
Column Name found in Datamart and Curated Table :: INVENTORYBATCH_ID
Column Name found in Datamart and Curated Table :: INVOICE_ID
Column Name found in Datamart and Curated Table :: PAYSCOMMISSION
Column Name found in Datamart and Curated Table :: SKUREFERENCE_SKUID
Column Name found in Datamart and Curated Table :: TAXABLE
Column Name found in Datamart and Curated Table :: TOTAL
Column Name found in Datamart and Curated Table :: BUSINESSUNIT_ID
Column Name found in Datamart and Curated Table :: DEDUCTASJOBCOST
Column Name found in Datamart and Curated Table :: DISPLAYINAMOUNT
Column Name found in Datamart and Curated Table :: ESTIMATEITEM_ID
Column Name found in Datamart and Curated Table :: ITEMGROUPROOT_ID
Column Name found in Datamart and Curated Table :: MEMBERPRICE
Column Name found in Datamart and Curated Table :: PROCUREDFROM_ID
Column Name found in Datamart and Curated Table :: SIGNATURE
Column Name found in Datamart and Curated Table :: TOTALCOST
Column Name found in Datamart and Curated Table :: CROSSSALEGROUP
Column Name found in Datamart and Curated Table :: WORKFLOWACTION_ID
Column Name found in Datamart and Curated Table :: TENANT_TYPE
Datamart tables contains additional column name like [ACTIVE_FLAG, RECORD_CREATE_DATE, RECORD_UPDATE_DATE, MASTER_ID]
Curated tables contains additional column name like [RECORD_CREATE_DATE, RECORD_UPDATE_DATE, RECORD_UPDATED_BY]]]>
  </system-out>
  <testcase classname="testcases.RAW_DATAMART_CURATED.SnowFlake_ColumnValidation_APITables" name="validateColumnName_BKP" time="4.005"/>
  <system-out>
    <![CDATA[Executing Snowflake query :: SELECT COLUMN_NAME FROM DEV_ENT_RAW.INFORMATION_SCHEMA.COLUMNS WHERE TABLE_NAME='ST_API_MATERIALVENDOR'and TABLE_SCHEMA='API_MAT'
Executing Snowflake query :: SELECT COLUMN_NAME FROM CURATED_DATAMART.INFORMATION_SCHEMA.COLUMNS WHERE TABLE_NAME='STR_API_MATERIALVENDOR'and TABLE_SCHEMA='ST_API_HENDERSON'
Executing Snowflake query :: SELECT COLUMN_NAME FROM DEV_ENT_CURATED.INFORMATION_SCHEMA.COLUMNS WHERE TABLE_NAME='DIM_MATERIALVENDOR'and TABLE_SCHEMA='MASTER_DIMENSIONS'
Column names for RAW Table --> ST_API_MATERIALVENDOR :: [ACTIVE, CREATEDON, MEMO, VENDOR_ID, CREATEDBY_ID, COST, ID, ISPRIMARY, IMPORTID, PRIMARYSUBACCOUNT_ID, MATERIAL_ID, PARTNUMBER, TENANT_TYPE]
Column names for DataMart Table --> STR_API_MATERIALVENDOR :: [ISPRIMARY, CREATEDON, PRIMARYSUBACCOUNT_ID, RECORD_CREATE_DATE, ACTIVE_FLAG, MASTER_ID, PARTNUMBER, ACTIVE, RECORD_UPDATE_DATE, VENDOR_ID, CREATEDBY_ID, MEMO, TENANT_TYPE, COST, ID, IMPORTID, MATERIAL_ID]
Column names for Curated Table --> DIM_MATERIALVENDOR :: [ID, MATERIAL_ID, ACTIVE, COST, CREATEDBY_ID, IMPORTID, ISPRIMARY, PRIMARYSUBACCOUNT_ID, RECORD_UPDATE_DATE, TENANT_TYPE, MEMO, RECORD_UPDATED_BY, VENDOR_ID, CREATEDON, PARTNUMBER, RECORD_CREATE_DATE]
Column Name found in Datamart and Curated Table :: ACTIVE
Column Name found in Datamart and Curated Table :: CREATEDON
Column Name found in Datamart and Curated Table :: MEMO
Column Name found in Datamart and Curated Table :: VENDOR_ID
Column Name found in Datamart and Curated Table :: CREATEDBY_ID
Column Name found in Datamart and Curated Table :: COST
Column Name found in Datamart and Curated Table :: ID
Column Name found in Datamart and Curated Table :: ISPRIMARY
Column Name found in Datamart and Curated Table :: IMPORTID
Column Name found in Datamart and Curated Table :: PRIMARYSUBACCOUNT_ID
Column Name found in Datamart and Curated Table :: MATERIAL_ID
Column Name found in Datamart and Curated Table :: PARTNUMBER
Column Name found in Datamart and Curated Table :: TENANT_TYPE
Datamart tables contains additional column name like [ACTIVE_FLAG, RECORD_CREATE_DATE, RECORD_UPDATE_DATE, MASTER_ID]
Curated tables contains additional column name like [RECORD_CREATE_DATE, RECORD_UPDATE_DATE, RECORD_UPDATED_BY]]]>
  </system-out>
  <testcase classname="testcases.RAW_DATAMART_CURATED.SnowFlake_ColumnValidation_APITables" name="validateColumnName_BKP" time="2.131"/>
  <system-out>
    <![CDATA[Executing Snowflake query :: SELECT COLUMN_NAME FROM DEV_ENT_RAW.INFORMATION_SCHEMA.COLUMNS WHERE TABLE_NAME='ST_API_CAMPAIGN'and TABLE_SCHEMA='API_MAT'
Executing Snowflake query :: SELECT COLUMN_NAME FROM CURATED_DATAMART.INFORMATION_SCHEMA.COLUMNS WHERE TABLE_NAME='STR_API_CAMPAIGN'and TABLE_SCHEMA='ST_API_CASTEEL'
Executing Snowflake query :: SELECT COLUMN_NAME FROM DEV_ENT_CURATED.INFORMATION_SCHEMA.COLUMNS WHERE TABLE_NAME='DIM_CAMPAIGN'and TABLE_SCHEMA='MASTER_DIMENSIONS'
Column names for RAW Table --> ST_API_CAMPAIGN :: [COST, CATEGORY_ID, ID, ACTIVE, BUSINESSUNIT_ID, MODIFIEDBY_ID, DNIS, IMAGE, NAME, IMPORTID, MODIFIEDON, CREATEDBY_ID, CREATEDON, TENANT_TYPE]
Column names for DataMart Table --> STR_API_CAMPAIGN :: [ACTIVE_FLAG, CREATEDBY_ID, RECORD_UPDATE_DATE, MODIFIEDBY_ID, BUSINESSUNIT_ID, IMAGE, IMPORTID, DNIS, CREATEDON, ID, MODIFIEDON, NAME, TENANT_TYPE, RECORD_CREATE_DATE, ACTIVE, CATEGORY_ID, COST, MASTER_ID]
Column names for Curated Table --> DIM_CAMPAIGN :: [IMAGE, MODIFIEDBY_ID, CATEGORY_ID, NAME, RECORD_CREATE_DATE, ACTIVE, COST, CREATEDBY_ID, IMPORTID, CREATEDON, BUSINESSUNIT_ID, ID, RECORD_UPDATED_BY, MODIFIEDON, DNIS, RECORD_UPDATE_DATE, TENANT_TYPE]
Column Name found in Datamart and Curated Table :: COST
Column Name found in Datamart and Curated Table :: CATEGORY_ID
Column Name found in Datamart and Curated Table :: ID
Column Name found in Datamart and Curated Table :: ACTIVE
Column Name found in Datamart and Curated Table :: BUSINESSUNIT_ID
Column Name found in Datamart and Curated Table :: MODIFIEDBY_ID
Column Name found in Datamart and Curated Table :: DNIS
Column Name found in Datamart and Curated Table :: IMAGE
Column Name found in Datamart and Curated Table :: NAME
Column Name found in Datamart and Curated Table :: IMPORTID
Column Name found in Datamart and Curated Table :: MODIFIEDON
Column Name found in Datamart and Curated Table :: CREATEDBY_ID
Column Name found in Datamart and Curated Table :: CREATEDON
Column Name found in Datamart and Curated Table :: TENANT_TYPE
Datamart tables contains additional column name like [ACTIVE_FLAG, RECORD_CREATE_DATE, RECORD_UPDATE_DATE, MASTER_ID]
Curated tables contains additional column name like [RECORD_CREATE_DATE, RECORD_UPDATE_DATE, RECORD_UPDATED_BY]]]>
  </system-out>
  <testcase classname="testcases.RAW_DATAMART_CURATED.SnowFlake_ColumnValidation_APITables" name="validateColumnName_BKP" time="5.401"/>
  <system-out>
    <![CDATA[Executing Snowflake query :: SELECT COLUMN_NAME FROM DEV_ENT_RAW.INFORMATION_SCHEMA.COLUMNS WHERE TABLE_NAME='ST_API_JOBAPPOINTMENT'and TABLE_SCHEMA='API_MAT'
Executing Snowflake query :: SELECT COLUMN_NAME FROM CURATED_DATAMART.INFORMATION_SCHEMA.COLUMNS WHERE TABLE_NAME='STR_API_JOBAPPOINTMENT'and TABLE_SCHEMA='ST_API_HENDERSON'
Executing Snowflake query :: SELECT COLUMN_NAME FROM DEV_ENT_CURATED.INFORMATION_SCHEMA.COLUMNS WHERE TABLE_NAME='DIM_JOBAPPOINTMENT'and TABLE_SCHEMA='MASTER_DIMENSIONS'
Column names for RAW Table --> ST_API_JOBAPPOINTMENT :: [END, SMARTDISPATCHDATA_JOBAPPOINTMENT, STATUS, JOB_ID, PLANEND, CREATEDON, IMPORTID, ISCONFIRMED, MODIFIEDON, START, NUMBER, CREATEDBY_ID, ID, ACTIVE, PLANSTART, ISUNUSED, MONTHNUMBER, TENANT_TYPE]
Column names for DataMart Table --> STR_API_JOBAPPOINTMENT :: [JOB_ID, ACTIVE, MONTHNUMBER, TENANT_TYPE, IMPORTID, RECORD_CREATE_DATE, START, ACTIVE_FLAG, CREATEDBY_ID, CREATEDON, ID, ISUNUSED, MASTER_ID, PLANEND, SMARTDISPATCHDATA_JOBAPPOINTMENT, NUMBER, RECORD_UPDATE_DATE, END, ISCONFIRMED, MODIFIEDON, PLANSTART, STATUS]
Column names for Curated Table --> DIM_JOBAPPOINTMENT :: [END, SMARTDISPATCHDATA_JOBAPPOINTMENT, ACTIVE, CREATEDBY_ID, IMPORTID, ISUNUSED, START, ID, JOB_ID, MONTHNUMBER, PLANEND, RECORD_UPDATE_DATE, CREATEDON, RECORD_CREATE_DATE, TENANT_TYPE, PLANSTART, ISCONFIRMED, NUMBER, SPECIALINSTRUCTIONS, STATUS, MODIFIEDON, RECORD_UPDATED_BY]
Column Name found in Datamart and Curated Table :: END
Column Name found in Datamart and Curated Table :: SMARTDISPATCHDATA_JOBAPPOINTMENT
Column Name found in Datamart and Curated Table :: STATUS
Column Name found in Datamart and Curated Table :: JOB_ID
Column Name found in Datamart and Curated Table :: PLANEND
Column Name found in Datamart and Curated Table :: CREATEDON
Column Name found in Datamart and Curated Table :: IMPORTID
Column Name found in Datamart and Curated Table :: ISCONFIRMED
Column Name found in Datamart and Curated Table :: MODIFIEDON
Column Name found in Datamart and Curated Table :: START
Column Name found in Datamart and Curated Table :: NUMBER
Column Name found in Datamart and Curated Table :: CREATEDBY_ID
Column Name found in Datamart and Curated Table :: ID
Column Name found in Datamart and Curated Table :: ACTIVE
Column Name found in Datamart and Curated Table :: PLANSTART
Column Name found in Datamart and Curated Table :: ISUNUSED
Column Name found in Datamart and Curated Table :: MONTHNUMBER
Column Name found in Datamart and Curated Table :: TENANT_TYPE
Datamart tables contains additional column name like [ACTIVE_FLAG, RECORD_CREATE_DATE, RECORD_UPDATE_DATE, MASTER_ID]
Curated tables contains additional column name like [RECORD_CREATE_DATE, RECORD_UPDATE_DATE, RECORD_UPDATED_BY]]]>
  </system-out>
  <testcase classname="testcases.RAW_DATAMART_CURATED.SnowFlake_ColumnValidation_APITables" name="validateColumnName_BKP" time="2.002"/>
  <system-out>
    <![CDATA[Executing Snowflake query :: SELECT COLUMN_NAME FROM DEV_ENT_RAW.INFORMATION_SCHEMA.COLUMNS WHERE TABLE_NAME='ST_API_EMPLOYEE'and TABLE_SCHEMA='API_MAT'
Executing Snowflake query :: SELECT COLUMN_NAME FROM CURATED_DATAMART.INFORMATION_SCHEMA.COLUMNS WHERE TABLE_NAME='STR_API_EMPLOYEE'and TABLE_SCHEMA='ST_API_CASTEEL'
Executing Snowflake query :: SELECT COLUMN_NAME FROM DEV_ENT_CURATED.INFORMATION_SCHEMA.COLUMNS WHERE TABLE_NAME='DIM_EMPLOYEE'and TABLE_SCHEMA='MASTER_DIMENSIONS'
Column names for RAW Table --> ST_API_EMPLOYEE :: [HOME_ISMILITARY, HOME_STATE, HOME_UNIT, MANAGER_ID, MOBILEPHONE, PAYROLLID, PHONE, OVERTIMEMODE, PHOTO, PAYROLLBUSINESSUNIT_ID, ACTIVE, AGENTID, CLOCKINOUTREMINDER, EMAILCONFIRMED, FIRSTNAME, PAYFREQUENCY_ID, HOME_ZIP, NAME, HOME_LONGITUDE, HOME_LATITUDE, LASTNAME, SALESFORCEROLE, CREATEDON, USER_ID, IMPORTID, ID, SALESFORCECONTACTID, BIRTHDATE, CREATEDBY_ID, EMAIL, HOME_COUNTRY, HOME_STREET, HOURLYRATE, STARTDATE, MOBILEPHONECONFIRMED, PAYROLLSTARTPERIOD, PHONECONFIRMED, POSITION, HOME_CITY, ISEXTERNAL, HOME_ISMANUALCOORDINATES, MIDDLENAME, MODIFIEDON, OVERTIMEPROFILE_ID, TENANT_TYPE]
Column names for DataMart Table --> STR_API_EMPLOYEE :: [ACTIVE, CLOCKINOUTREMINDER, HOME_LONGITUDE, HOME_STREET, MODIFIEDON, RECORD_CREATE_DATE, USER_ID, IMPORTID, MIDDLENAME, ID, PHONE, PHOTO, PHONECONFIRMED, RECORD_UPDATE_DATE, LASTNAME, BIRTHDATE, EMAIL, FIRSTNAME, HOME_CITY, MOBILEPHONECONFIRMED, HOME_ZIP, MASTER_ID, OVERTIMEPROFILE_ID, PAYFREQUENCY_ID, POSITION, TENANT_TYPE, ISEXCLUDEDFROMPAYROLL, ISEXTERNAL, MOBILEPHONE, OVERTIMEMODE, PAYROLLID, SALESFORCEROLE, HOME_COUNTRY, HOME_ISMANUALCOORDINATES, EMAILCONFIRMED, HOME_LATITUDE, AGENTID, CREATEDON, HOME_ISMILITARY, HOME_STATE, PAYROLLBUSINESSUNIT_ID, PAYROLLSTARTPERIOD, NAME, SALESFORCECONTACTID, STARTDATE, ACTIVE_FLAG, CREATEDBY_ID, HOME_UNIT, HOURLYRATE, MANAGER_ID]
Column names for Curated Table --> DIM_EMPLOYEE :: [CREATEDON, EMAIL, HOME_COUNTRY, HOME_ISMILITARY, PAYROLLID, PHONECONFIRMED, PAYROLLSTARTPERIOD, STARTDATE, PHONE, EMAILCONFIRMED, MOBILEPHONE, PAYFREQUENCY_ID, USER_ID, HOME_STATE, ISEXTERNAL, SALESFORCEROLE, CLOCKINOUTREMINDER, OVERTIMEMODE, ACTIVE, FIRSTNAME, HOURLYRATE, ISEXCLUDEDFROMPAYROLL, PAYROLLBUSINESSUNIT_ID, SALESFORCECONTACTID, AGENTID, CREATEDBY_ID, MANAGER_ID, HOME_ZIP, ID, IMPORTID, MODIFIEDON, PHOTO, RECORD_CREATE_DATE, BIRTHDATE, HOME_LATITUDE, HOME_STREET, POSITION, MOBILEPHONECONFIRMED, RECORD_UPDATED_BY, HOME_CITY, HOME_ISMANUALCOORDINATES, HOME_LONGITUDE, HOME_UNIT, LASTNAME, MIDDLENAME, TENANT_TYPE, NAME, RECORD_UPDATE_DATE, OVERTIMEPROFILE_ID]
Column Name found in Datamart and Curated Table :: HOME_ISMILITARY
Column Name found in Datamart and Curated Table :: HOME_STATE
Column Name found in Datamart and Curated Table :: HOME_UNIT
Column Name found in Datamart and Curated Table :: MANAGER_ID
Column Name found in Datamart and Curated Table :: MOBILEPHONE
Column Name found in Datamart and Curated Table :: PAYROLLID
Column Name found in Datamart and Curated Table :: PHONE
Column Name found in Datamart and Curated Table :: OVERTIMEMODE
Column Name found in Datamart and Curated Table :: PHOTO
Column Name found in Datamart and Curated Table :: PAYROLLBUSINESSUNIT_ID
Column Name found in Datamart and Curated Table :: ACTIVE
Column Name found in Datamart and Curated Table :: AGENTID
Column Name found in Datamart and Curated Table :: CLOCKINOUTREMINDER
Column Name found in Datamart and Curated Table :: EMAILCONFIRMED
Column Name found in Datamart and Curated Table :: FIRSTNAME
Column Name found in Datamart and Curated Table :: PAYFREQUENCY_ID
Column Name found in Datamart and Curated Table :: HOME_ZIP
Column Name found in Datamart and Curated Table :: NAME
Column Name found in Datamart and Curated Table :: HOME_LONGITUDE
Column Name found in Datamart and Curated Table :: HOME_LATITUDE
Column Name found in Datamart and Curated Table :: LASTNAME
Column Name found in Datamart and Curated Table :: SALESFORCEROLE
Column Name found in Datamart and Curated Table :: CREATEDON
Column Name found in Datamart and Curated Table :: USER_ID
Column Name found in Datamart and Curated Table :: IMPORTID
Column Name found in Datamart and Curated Table :: ID
Column Name found in Datamart and Curated Table :: SALESFORCECONTACTID
Column Name found in Datamart and Curated Table :: BIRTHDATE
Column Name found in Datamart and Curated Table :: CREATEDBY_ID
Column Name found in Datamart and Curated Table :: EMAIL
Column Name found in Datamart and Curated Table :: HOME_COUNTRY
Column Name found in Datamart and Curated Table :: HOME_STREET
Column Name found in Datamart and Curated Table :: HOURLYRATE
Column Name found in Datamart and Curated Table :: STARTDATE
Column Name found in Datamart and Curated Table :: MOBILEPHONECONFIRMED
Column Name found in Datamart and Curated Table :: PAYROLLSTARTPERIOD
Column Name found in Datamart and Curated Table :: PHONECONFIRMED
Column Name found in Datamart and Curated Table :: POSITION
Column Name found in Datamart and Curated Table :: HOME_CITY
Column Name found in Datamart and Curated Table :: ISEXTERNAL
Column Name found in Datamart and Curated Table :: HOME_ISMANUALCOORDINATES
Column Name found in Datamart and Curated Table :: MIDDLENAME
Column Name found in Datamart and Curated Table :: MODIFIEDON
Column Name found in Datamart and Curated Table :: OVERTIMEPROFILE_ID
Column Name found in Datamart and Curated Table :: TENANT_TYPE
Datamart tables contains additional column name like [ACTIVE_FLAG, RECORD_CREATE_DATE, RECORD_UPDATE_DATE, MASTER_ID]
Curated tables contains additional column name like [RECORD_CREATE_DATE, RECORD_UPDATE_DATE, RECORD_UPDATED_BY]]]>
  </system-out>
  <testcase classname="testcases.RAW_DATAMART_CURATED.SnowFlake_ColumnValidation_APITables" name="validateColumnName_BKP" time="2.146"/>
  <system-out>
    <![CDATA[Executing Snowflake query :: SELECT COLUMN_NAME FROM DEV_ENT_RAW.INFORMATION_SCHEMA.COLUMNS WHERE TABLE_NAME='ST_API_PURCHASEORDERITEM'and TABLE_SCHEMA='API_MAT'
Executing Snowflake query :: SELECT COLUMN_NAME FROM CURATED_DATAMART.INFORMATION_SCHEMA.COLUMNS WHERE TABLE_NAME='STR_API_PURCHASEORDERITEM'and TABLE_SCHEMA='ST_API_FOURPROS'
Executing Snowflake query :: SELECT COLUMN_NAME FROM DEV_ENT_CURATED.INFORMATION_SCHEMA.COLUMNS WHERE TABLE_NAME='DIM_PURCHASEORDERITEM'and TABLE_SCHEMA='MASTER_DIMENSIONS'
Column names for RAW Table --> ST_API_PURCHASEORDERITEM :: [EQUIPMENT_ID, MARKUP, MODIFIEDON, ROLLEDOVERFROMITEM_ID, UNITOFMEASURE_ID, ACTIVE, ID, IMPORTID, PURCHASEORDER_ID, SKUREFERENCE_SKUTYPE, BUSINESSUNIT_ID, ISINVENTORY, VENDORPARTNUMBER, COST, MATERIALVENDOR_ID, SERIALNUMBER, CREATEDON, DESCRIPTION, EQUIPMENTVENDOR_ID, REQUISITIONITEM_ID, TECHNICIANFORBASERATE2_ID, TECHNICIANSPLIT1, TECHNICIANFORBASERATE3_ID, STATUS, CREATEDBY_ID, TECHNICIANFORBASERATE1_ID, MATERIAL_ID, TECHNICIANSPLIT3, CHARGEABLEITEM_ID, INVENTORYLOCATION_ID, QUANTITY, ROLLOVERQUANTITY, SKUVENDOR_ID, PROJECTLABELS, SKUREFERENCE_SKUID, TECHNICIANSPLIT2, USEDMATERIAL_ID, SKU_ID, TENANT_TYPE]
Column names for DataMart Table --> STR_API_PURCHASEORDERITEM :: [CREATEDBY_ID, CREATEDON, DESCRIPTION, TECHNICIANFORBASERATE2_ID, SKUREFERENCE_SKUID, BUSINESSUNIT_ID, COST, ID, MARKUP, RECORD_CREATE_DATE, ROLLEDOVERFROMITEM_ID, ROLLOVERQUANTITY, SKUREFERENCE_SKUTYPE, INVENTORYLOCATION_ID, MATERIAL_ID, QUANTITY, USEDMATERIAL_ID, RECORD_UPDATE_DATE, REQUISITIONITEM_ID, SKUVENDOR_ID, TECHNICIANSPLIT1, IMPORTID, ACTIVE, EQUIPMENT_ID, MASTER_ID, SERIALNUMBER, UNITOFMEASURE_ID, VENDORPARTNUMBER, ACTIVE_FLAG, TECHNICIANFORBASERATE1_ID, CHARGEABLEITEM_ID, EQUIPMENTVENDOR_ID, MATERIALVENDOR_ID, PURCHASEORDER_ID, STATUS, TECHNICIANSPLIT2, TECHNICIANSPLIT3, ISINVENTORY, MODIFIEDON, TENANT_TYPE, PROJECTLABELS, SKU_ID, TECHNICIANFORBASERATE3_ID]
Column names for Curated Table --> DIM_PURCHASEORDERITEM :: [CREATEDBY_ID, DESCRIPTION, EQUIPMENTVENDOR_ID, EQUIPMENT_ID, MATERIALVENDOR_ID, RECORD_UPDATE_DATE, TECHNICIANFORBASERATE1_ID, MODIFIEDON, UNITOFMEASURE_ID, USEDMATERIAL_ID, TECHNICIANSPLIT2, CHARGEABLEITEM_ID, COST, QUANTITY, TECHNICIANFORBASERATE3_ID, INVENTORYLOCATION_ID, IMPORTID, REQUISITIONITEM_ID, TENANT_TYPE, VENDORPARTNUMBER, SKU_ID, CREATEDON, ID, SKUREFERENCE_SKUTYPE, MARKUP, PROJECTLABELS, PURCHASEORDER_ID, SERIALNUMBER, SKUVENDOR_ID, TECHNICIANSPLIT3, ROLLOVERQUANTITY, STATUS, BUSINESSUNIT_ID, ISINVENTORY, RECORD_CREATE_DATE, ROLLEDOVERFROMITEM_ID, TECHNICIANSPLIT1, SKUREFERENCE_SKUID, ACTIVE, MATERIAL_ID, RECORD_UPDATED_BY, TECHNICIANFORBASERATE2_ID]
Column Name found in Datamart and Curated Table :: EQUIPMENT_ID
Column Name found in Datamart and Curated Table :: MARKUP
Column Name found in Datamart and Curated Table :: MODIFIEDON
Column Name found in Datamart and Curated Table :: ROLLEDOVERFROMITEM_ID
Column Name found in Datamart and Curated Table :: UNITOFMEASURE_ID
Column Name found in Datamart and Curated Table :: ACTIVE
Column Name found in Datamart and Curated Table :: ID
Column Name found in Datamart and Curated Table :: IMPORTID
Column Name found in Datamart and Curated Table :: PURCHASEORDER_ID
Column Name found in Datamart and Curated Table :: SKUREFERENCE_SKUTYPE
Column Name found in Datamart and Curated Table :: BUSINESSUNIT_ID
Column Name found in Datamart and Curated Table :: ISINVENTORY
Column Name found in Datamart and Curated Table :: VENDORPARTNUMBER
Column Name found in Datamart and Curated Table :: COST
Column Name found in Datamart and Curated Table :: MATERIALVENDOR_ID
Column Name found in Datamart and Curated Table :: SERIALNUMBER
Column Name found in Datamart and Curated Table :: CREATEDON
Column Name found in Datamart and Curated Table :: DESCRIPTION
Column Name found in Datamart and Curated Table :: EQUIPMENTVENDOR_ID
Column Name found in Datamart and Curated Table :: REQUISITIONITEM_ID
Column Name found in Datamart and Curated Table :: TECHNICIANFORBASERATE2_ID
Column Name found in Datamart and Curated Table :: TECHNICIANSPLIT1
Column Name found in Datamart and Curated Table :: TECHNICIANFORBASERATE3_ID
Column Name found in Datamart and Curated Table :: STATUS
Column Name found in Datamart and Curated Table :: CREATEDBY_ID
Column Name found in Datamart and Curated Table :: TECHNICIANFORBASERATE1_ID
Column Name found in Datamart and Curated Table :: MATERIAL_ID
Column Name found in Datamart and Curated Table :: TECHNICIANSPLIT3
Column Name found in Datamart and Curated Table :: CHARGEABLEITEM_ID
Column Name found in Datamart and Curated Table :: INVENTORYLOCATION_ID
Column Name found in Datamart and Curated Table :: QUANTITY
Column Name found in Datamart and Curated Table :: ROLLOVERQUANTITY
Column Name found in Datamart and Curated Table :: SKUVENDOR_ID
Column Name found in Datamart and Curated Table :: PROJECTLABELS
Column Name found in Datamart and Curated Table :: SKUREFERENCE_SKUID
Column Name found in Datamart and Curated Table :: TECHNICIANSPLIT2
Column Name found in Datamart and Curated Table :: USEDMATERIAL_ID
Column Name found in Datamart and Curated Table :: SKU_ID
Column Name found in Datamart and Curated Table :: TENANT_TYPE
Datamart tables contains additional column name like [ACTIVE_FLAG, RECORD_CREATE_DATE, RECORD_UPDATE_DATE, MASTER_ID]
Curated tables contains additional column name like [RECORD_CREATE_DATE, RECORD_UPDATE_DATE, RECORD_UPDATED_BY]]]>
  </system-out>
  <testcase classname="testcases.RAW_DATAMART_CURATED.SnowFlake_ColumnValidation_APITables" name="validateColumnName_BKP" time="3.293"/>
  <system-out>
    <![CDATA[Executing Snowflake query :: SELECT COLUMN_NAME FROM DEV_ENT_RAW.INFORMATION_SCHEMA.COLUMNS WHERE TABLE_NAME='ST_API_PURCHASEORDER'and TABLE_SCHEMA='API_MAT'
Executing Snowflake query :: SELECT COLUMN_NAME FROM CURATED_DATAMART.INFORMATION_SCHEMA.COLUMNS WHERE TABLE_NAME='STR_API_PURCHASEORDER'and TABLE_SCHEMA='ST_API_HENDERSON'
Executing Snowflake query :: SELECT COLUMN_NAME FROM DEV_ENT_CURATED.INFORMATION_SCHEMA.COLUMNS WHERE TABLE_NAME='DIM_PURCHASEORDER'and TABLE_SCHEMA='MASTER_DIMENSIONS'
Column names for RAW Table --> ST_API_PURCHASEORDER :: [CANCELEDBY_ID, CANCELEDREASON, INVENTORYLOCATION_ID, POVENDOR_ID, SHIPTO_CITY, SHIPTO_LATITUDE, STATUS, TECHNICIAN_ID, AMOUNT, BUSINESSUNIT_ID, CREATEDBY_ID, ISTIMEANDMATERIAL, SENDSTATUS, SHIPPING, SHIPTO_UNIT, TAXSCHEMA, TRUCK_ID, TYPE_ID, VENDORINVOICENUMBER, PROJECTLABELS, SHIPTO_COUNTRY, EXPORTID, MARKUP, SHIPTO_STREET, IMPORTID, NUMBER, TAX, TAXRATE, VENDOR, CANCELEDON, CREATEDON, DATE, MODIFIEDON, ERRORMESSAGE, REQUIREDON, SHIPTO_LONGITUDE, ACTIVE, REQUISITION_ID, SHIPTO_ISMILITARY, GROUPINGOPTION, PROJECT_ID, SENDINGMETHOD, SHIPTO_ZIP, RECEIVEDON, SUMMARY, BATCH_ID, EXTERNALID, ID, INVOICE_ID, JOB_ID, NOCHARGE, SHIPTO_ISMANUALCOORDINATES, SHIPTO_STATE, SENTON, SHIPTODESCRIPTION, TENANT_TYPE]
Column names for DataMart Table --> STR_API_PURCHASEORDER :: [ACTIVE, CREATEDBY_ID, TAX, SHIPTO_LATITUDE, SHIPTO_STATE, EXPORTID, ISTIMEANDMATERIAL, SENDINGMETHOD, SHIPTO_UNIT, REQUISITION_ID, TRUCK_ID, NOCHARGE, RECORD_UPDATE_DATE, INVOICE_ID, SHIPTO_ZIP, EXTERNALID, RECORD_CREATE_DATE, TECHNICIAN_ID, PROJECTLABELS, SHIPTODESCRIPTION, TENANT_TYPE, CANCELEDREASON, ERRORMESSAGE, IMPORTID, MARKUP, MODIFIEDON, NUMBER, RECEIVEDON, REQUIREDON, SHIPTO_COUNTRY, SHIPTO_STREET, VENDOR, JOB_ID, AMOUNT, BUSINESSUNIT_ID, CREATEDON, DATE, GROUPINGOPTION, POVENDOR_ID, CANCELEDBY_ID, SHIPTO_ISMILITARY, STATUS, TAXRATE, TAXSCHEMA, ACTIVE_FLAG, CANCELEDON, ID, INVENTORYLOCATION_ID, ROLLEDOVERFROMPURCHASEORDER_ID, SENDSTATUS, SHIPPING, SHIPTO_CITY, TYPE_ID, SHIPTO_ISMANUALCOORDINATES, PROJECT_ID, BATCH_ID, MASTER_ID, SENTON, SHIPTO_LONGITUDE, SUMMARY, VENDORINVOICENUMBER]
Column names for Curated Table --> DIM_PURCHASEORDER :: [ACTIVE, CANCELEDBY_ID, CANCELEDON, RECORD_CREATE_DATE, TRUCK_ID, ROLLEDOVERFROMPURCHASEORDER_ID, SHIPTO_LONGITUDE, TAXSCHEMA, BUSINESSUNIT_ID, POVENDOR_ID, SHIPTO_ISMANUALCOORDINATES, SHIPTO_ISMILITARY, CREATEDON, RECORD_UPDATE_DATE, NUMBER, AMOUNT, DATE, ERRORMESSAGE, EXPORTID, GROUPINGOPTION, INVOICE_ID, MODIFIEDON, PROJECT_ID, SHIPTO_COUNTRY, STATUS, RECORD_UPDATED_BY, TECHNICIAN_ID, SHIPTO_STATE, MARKUP, REQUISITION_ID, SENDSTATUS, SHIPTO_LATITUDE, SHIPTO_STREET, INVENTORYLOCATION_ID, TYPE_ID, BATCH_ID, CREATEDBY_ID, SENTON, PROJECTLABELS, SENDINGMETHOD, SHIPTO_CITY, TAXRATE, EXTERNALID, ID, TAX, VENDOR, IMPORTID, NOCHARGE, SHIPTO_ZIP, SUMMARY, TENANT_TYPE, SHIPPING, CANCELEDREASON, ISTIMEANDMATERIAL, JOB_ID, RECEIVEDON, SHIPTODESCRIPTION, SHIPTO_UNIT, VENDORINVOICENUMBER, REQUIREDON]
Column Name found in Datamart and Curated Table :: CANCELEDBY_ID
Column Name found in Datamart and Curated Table :: CANCELEDREASON
Column Name found in Datamart and Curated Table :: INVENTORYLOCATION_ID
Column Name found in Datamart and Curated Table :: POVENDOR_ID
Column Name found in Datamart and Curated Table :: SHIPTO_CITY
Column Name found in Datamart and Curated Table :: SHIPTO_LATITUDE
Column Name found in Datamart and Curated Table :: STATUS
Column Name found in Datamart and Curated Table :: TECHNICIAN_ID
Column Name found in Datamart and Curated Table :: AMOUNT
Column Name found in Datamart and Curated Table :: BUSINESSUNIT_ID
Column Name found in Datamart and Curated Table :: CREATEDBY_ID
Column Name found in Datamart and Curated Table :: ISTIMEANDMATERIAL
Column Name found in Datamart and Curated Table :: SENDSTATUS
Column Name found in Datamart and Curated Table :: SHIPPING
Column Name found in Datamart and Curated Table :: SHIPTO_UNIT
Column Name found in Datamart and Curated Table :: TAXSCHEMA
Column Name found in Datamart and Curated Table :: TRUCK_ID
Column Name found in Datamart and Curated Table :: TYPE_ID
Column Name found in Datamart and Curated Table :: VENDORINVOICENUMBER
Column Name found in Datamart and Curated Table :: PROJECTLABELS
Column Name found in Datamart and Curated Table :: SHIPTO_COUNTRY
Column Name found in Datamart and Curated Table :: EXPORTID
Column Name found in Datamart and Curated Table :: MARKUP
Column Name found in Datamart and Curated Table :: SHIPTO_STREET
Column Name found in Datamart and Curated Table :: IMPORTID
Column Name found in Datamart and Curated Table :: NUMBER
Column Name found in Datamart and Curated Table :: TAX
Column Name found in Datamart and Curated Table :: TAXRATE
Column Name found in Datamart and Curated Table :: VENDOR
Column Name found in Datamart and Curated Table :: CANCELEDON
Column Name found in Datamart and Curated Table :: CREATEDON
Column Name found in Datamart and Curated Table :: DATE
Column Name found in Datamart and Curated Table :: MODIFIEDON
Column Name found in Datamart and Curated Table :: ERRORMESSAGE
Column Name found in Datamart and Curated Table :: REQUIREDON
Column Name found in Datamart and Curated Table :: SHIPTO_LONGITUDE
Column Name found in Datamart and Curated Table :: ACTIVE
Column Name found in Datamart and Curated Table :: REQUISITION_ID
Column Name found in Datamart and Curated Table :: SHIPTO_ISMILITARY
Column Name found in Datamart and Curated Table :: GROUPINGOPTION
Column Name found in Datamart and Curated Table :: PROJECT_ID
Column Name found in Datamart and Curated Table :: SENDINGMETHOD
Column Name found in Datamart and Curated Table :: SHIPTO_ZIP
Column Name found in Datamart and Curated Table :: RECEIVEDON
Column Name found in Datamart and Curated Table :: SUMMARY
Column Name found in Datamart and Curated Table :: BATCH_ID
Column Name found in Datamart and Curated Table :: EXTERNALID
Column Name found in Datamart and Curated Table :: ID
Column Name found in Datamart and Curated Table :: INVOICE_ID
Column Name found in Datamart and Curated Table :: JOB_ID
Column Name found in Datamart and Curated Table :: NOCHARGE
Column Name found in Datamart and Curated Table :: SHIPTO_ISMANUALCOORDINATES
Column Name found in Datamart and Curated Table :: SHIPTO_STATE
Column Name found in Datamart and Curated Table :: SENTON
Column Name found in Datamart and Curated Table :: SHIPTODESCRIPTION
Column Name found in Datamart and Curated Table :: TENANT_TYPE
Datamart tables contains additional column name like [ACTIVE_FLAG, RECORD_CREATE_DATE, RECORD_UPDATE_DATE, MASTER_ID]
Curated tables contains additional column name like [RECORD_CREATE_DATE, RECORD_UPDATE_DATE, RECORD_UPDATED_BY]]]>
  </system-out>
  <testcase classname="testcases.RAW_DATAMART_CURATED.SnowFlake_ColumnValidation_APITables" name="validateColumnName_BKP" time="4.515"/>
  <system-out>
    <![CDATA[Executing Snowflake query :: SELECT COLUMN_NAME FROM DEV_ENT_RAW.INFORMATION_SCHEMA.COLUMNS WHERE TABLE_NAME='ST_API_TECHNICIANSHIFT'and TABLE_SCHEMA='API_MAT'
Executing Snowflake query :: SELECT COLUMN_NAME FROM CURATED_DATAMART.INFORMATION_SCHEMA.COLUMNS WHERE TABLE_NAME='STR_API_TECHNICIANSHIFT'and TABLE_SCHEMA='ST_API_HDAIR'
Executing Snowflake query :: SELECT COLUMN_NAME FROM DEV_ENT_CURATED.INFORMATION_SCHEMA.COLUMNS WHERE TABLE_NAME='DIM_TECHNICIANSHIFT'and TABLE_SCHEMA='MASTER_DIMENSIONS'
Column names for RAW Table --> ST_API_TECHNICIANSHIFT :: [END, ENDDATE, STARTTIME, ENDTIME, START, TECHNICIAN_ID, ACTIVE, BATCH, CREATEDBY_ID, TITLE, ID, IMPORTID, SHIFTTYPE, STARTDATE, CREATEDON, NOTE, TIMESHEET_ID, TIMESHEETCODE_ID, TENANT_TYPE]
Column names for DataMart Table --> STR_API_TECHNICIANSHIFT :: [END, ENDDATE, NOTE, RECORD_UPDATE_DATE, ACTIVE_FLAG, ID, IMPORTID, MASTER_ID, RECORD_CREATE_DATE, START, SHIFTTYPE, ACTIVE, TECHNICIAN_ID, TENANT_TYPE, CREATEDBY_ID, ENDTIME, TIMESHEET_ID, BATCH, STARTTIME, TITLE, CREATEDON, STARTDATE, TIMESHEETCODE_ID]
Column names for Curated Table --> DIM_TECHNICIANSHIFT :: [CREATEDON, TENANT_TYPE, TITLE, ACTIVE, NOTE, RECORD_CREATE_DATE, END, ID, RECORD_UPDATED_BY, TIMESHEETCODE_ID, IMPORTID, RECORD_UPDATE_DATE, STARTTIME, TECHNICIAN_ID, TIMESHEET_ID, CREATEDBY_ID, ENDDATE, START, SHIFTTYPE, BATCH, ENDTIME, STARTDATE]
Column Name found in Datamart and Curated Table :: END
Column Name found in Datamart and Curated Table :: ENDDATE
Column Name found in Datamart and Curated Table :: STARTTIME
Column Name found in Datamart and Curated Table :: ENDTIME
Column Name found in Datamart and Curated Table :: START
Column Name found in Datamart and Curated Table :: TECHNICIAN_ID
Column Name found in Datamart and Curated Table :: ACTIVE
Column Name found in Datamart and Curated Table :: BATCH
Column Name found in Datamart and Curated Table :: CREATEDBY_ID
Column Name found in Datamart and Curated Table :: TITLE
Column Name found in Datamart and Curated Table :: ID
Column Name found in Datamart and Curated Table :: IMPORTID
Column Name found in Datamart and Curated Table :: SHIFTTYPE
Column Name found in Datamart and Curated Table :: STARTDATE
Column Name found in Datamart and Curated Table :: CREATEDON
Column Name found in Datamart and Curated Table :: NOTE
Column Name found in Datamart and Curated Table :: TIMESHEET_ID
Column Name found in Datamart and Curated Table :: TIMESHEETCODE_ID
Column Name found in Datamart and Curated Table :: TENANT_TYPE
Datamart tables contains additional column name like [ACTIVE_FLAG, RECORD_CREATE_DATE, RECORD_UPDATE_DATE, MASTER_ID]
Curated tables contains additional column name like [RECORD_CREATE_DATE, RECORD_UPDATE_DATE, RECORD_UPDATED_BY]]]>
  </system-out>
  <testcase classname="testcases.RAW_DATAMART_CURATED.SnowFlake_ColumnValidation_APITables" name="validateColumnName_BKP" time="2.471"/>
  <system-out>
    <![CDATA[Executing Snowflake query :: SELECT COLUMN_NAME FROM DEV_ENT_RAW.INFORMATION_SCHEMA.COLUMNS WHERE TABLE_NAME='ST_API_SKUASSET'and TABLE_SCHEMA='API_MAT'
Executing Snowflake query :: SELECT COLUMN_NAME FROM CURATED_DATAMART.INFORMATION_SCHEMA.COLUMNS WHERE TABLE_NAME='STR_API_SKUASSET'and TABLE_SCHEMA='ST_API_HARP'
Executing Snowflake query :: SELECT COLUMN_NAME FROM DEV_ENT_CURATED.INFORMATION_SCHEMA.COLUMNS WHERE TABLE_NAME='DIM_SKUASSET'and TABLE_SCHEMA='MASTER_DIMENSIONS'
Column names for RAW Table --> ST_API_SKUASSET :: [ISEXTERNAL, IMPORTID, ACTIVE, ORIGINALNAME, ALIAS, CREATEDBY_ID, ID, OWNER_ID, URL, METADATA, TYPE, CREATEDON, EXTERNALURL, TENANT_TYPE]
Column names for DataMart Table --> STR_API_SKUASSET :: [CREATEDBY_ID, CREATEDON, ID, ACTIVE, RECORD_UPDATE_DATE, URL, ORIGINALNAME, IMPORTID, RECORD_CREATE_DATE, TENANT_TYPE, ALIAS, METADATA, TYPE, ISEXTERNAL, MASTER_ID, EXTERNALURL, ACTIVE_FLAG, OWNER_ID]
Column names for Curated Table --> DIM_SKUASSET :: [EXTERNALURL, ORIGINALNAME, TENANT_TYPE, RECORD_UPDATE_DATE, ID, ISEXTERNAL, RECORD_CREATE_DATE, ALIAS, CREATEDON, RECORD_UPDATED_BY, TYPE, ACTIVE, CREATEDBY_ID, OWNER_ID, METADATA, URL, IMPORTID]
Column Name found in Datamart and Curated Table :: ISEXTERNAL
Column Name found in Datamart and Curated Table :: IMPORTID
Column Name found in Datamart and Curated Table :: ACTIVE
Column Name found in Datamart and Curated Table :: ORIGINALNAME
Column Name found in Datamart and Curated Table :: ALIAS
Column Name found in Datamart and Curated Table :: CREATEDBY_ID
Column Name found in Datamart and Curated Table :: ID
Column Name found in Datamart and Curated Table :: OWNER_ID
Column Name found in Datamart and Curated Table :: URL
Column Name found in Datamart and Curated Table :: METADATA
Column Name found in Datamart and Curated Table :: TYPE
Column Name found in Datamart and Curated Table :: CREATEDON
Column Name found in Datamart and Curated Table :: EXTERNALURL
Column Name found in Datamart and Curated Table :: TENANT_TYPE
Datamart tables contains additional column name like [ACTIVE_FLAG, RECORD_CREATE_DATE, RECORD_UPDATE_DATE, MASTER_ID]
Curated tables contains additional column name like [RECORD_CREATE_DATE, RECORD_UPDATE_DATE, RECORD_UPDATED_BY]]]>
  </system-out>
  <testcase classname="testcases.RAW_DATAMART_CURATED.SnowFlake_ColumnValidation_APITables" name="validateColumnName_BKP" time="2.145"/>
  <system-out>
    <![CDATA[Executing Snowflake query :: SELECT COLUMN_NAME FROM DEV_ENT_RAW.INFORMATION_SCHEMA.COLUMNS WHERE TABLE_NAME='ST_API_ESTIMATE'and TABLE_SCHEMA='API_MAT'
Executing Snowflake query :: SELECT COLUMN_NAME FROM CURATED_DATAMART.INFORMATION_SCHEMA.COLUMNS WHERE TABLE_NAME='STR_API_ESTIMATE'and TABLE_SCHEMA='ST_API_HDAIR'
Executing Snowflake query :: SELECT COLUMN_NAME FROM DEV_ENT_CURATED.INFORMATION_SCHEMA.COLUMNS WHERE TABLE_NAME='DIM_ESTIMATE'and TABLE_SCHEMA='MASTER_DIMENSIONS'
Column names for RAW Table --> ST_API_ESTIMATE :: [BUSINESSUNIT_ID, JOB_ID, MATERIALTAX, PROJECTLABELS, STATUS, PROPOSALTAGCOLOR, CLAIM_ID, ISCHANGEORDER, MATERIALSKUREFERENCE_SKUID, MODIFIEDON, SUMMARY, TECHNICIANPICKEDSOLDTYPE, ISRECOMMENDED, PROPOSALTAGNAME, CREATEDBY_ID, TAX, AUTHORIZEDON, ORDER, OPPORTUNITY_ID, FEETOTAL, IMPORTID, LABORTAX, SOLDBY_ID, SOLDINVOICE_ID, AUTHORIZATIONSIGNATURE, LOCATION_ID, PROCUREMENTTYPE, SOLDBYEMPLOYEE_ID, DISCOUNTTOTAL, TECHNICIANSIGNATURE, ACTIVE, MATERIALSKU_ID, MATERIALSKUREFERENCE_SKUTYPE, RENEWABLEMEMBERSHIP_ID, NAME, SOLDON, TOTALCOST, CREATEDON, TOTAL, ID, SOLDTYPE, PROJECTOPPORTUNITY_ID, TENANT_TYPE]
Column names for DataMart Table --> STR_API_ESTIMATE :: [BUSINESSUNIT_ID, CREATEDBY_ID, FEETOTAL, ID, JOB_ID, MATERIALSKUREFERENCE_SKUTYPE, RECORD_UPDATE_DATE, SOLDBY_ID, ACTIVE_FLAG, MATERIALSKU_ID, PROCUREMENTTYPE, PROPOSALTAGCOLOR, TECHNICIANSIGNATURE, PROJECTLABELS, STATUS, SOLDBYEMPLOYEE_ID, ISCHANGEORDER, LOCATION_ID, PROJECTOPPORTUNITY_ID, PROPOSALTAGNAME, SOLDON, TAX, TOTAL, TOTALCOST, IMPORTID, AUTHORIZATIONSIGNATURE, LABORTAX, RECORD_CREATE_DATE, SOLDINVOICE_ID, CREATEDON, SOLDTYPE, TECHNICIANPICKEDSOLDTYPE, ACTIVE, DISCOUNTTOTAL, MATERIALSKUREFERENCE_SKUID, MODIFIEDON, MASTER_ID, ISRECOMMENDED, NAME, OPPORTUNITY_ID, ORDER, SUMMARY, AUTHORIZEDON, CLAIM_ID, TENANT_TYPE, MATERIALTAX, RENEWABLEMEMBERSHIP_ID]
Column names for Curated Table --> DIM_ESTIMATE :: [CREATEDON, DISCOUNTTOTAL, LOCATION_ID, OPPORTUNITY_ID, PROPOSALTAGCOLOR, PROPOSALTAGNAME, SOLDINVOICE_ID, TENANT_TYPE, RECORD_UPDATED_BY, TOTALCOST, ISCHANGEORDER, NAME, BUSINESSUNIT_ID, FEETOTAL, MATERIALSKUREFERENCE_SKUTYPE, ISRECOMMENDED, ORDER, STATUS, TOTAL, SOLDTYPE, AUTHORIZEDON, CREATEDBY_ID, LABORTAX, PROCUREMENTTYPE, SOLDBYEMPLOYEE_ID, SOLDBY_ID, IMPORTID, MATERIALSKU_ID, TAX, TECHNICIANPICKEDSOLDTYPE, RENEWABLEMEMBERSHIP_ID, TECHNICIANSIGNATURE, MODIFIEDON, CLAIM_ID, ID, MATERIALSKUREFERENCE_SKUID, SOLDON, PROJECTLABELS, JOB_ID, ACTIVE, AUTHORIZATIONSIGNATURE, MATERIALTAX, PROJECTOPPORTUNITY_ID, RECORD_CREATE_DATE, SUMMARY, RECORD_UPDATE_DATE]
Column Name found in Datamart and Curated Table :: BUSINESSUNIT_ID
Column Name found in Datamart and Curated Table :: JOB_ID
Column Name found in Datamart and Curated Table :: MATERIALTAX
Column Name found in Datamart and Curated Table :: PROJECTLABELS
Column Name found in Datamart and Curated Table :: STATUS
Column Name found in Datamart and Curated Table :: PROPOSALTAGCOLOR
Column Name found in Datamart and Curated Table :: CLAIM_ID
Column Name found in Datamart and Curated Table :: ISCHANGEORDER
Column Name found in Datamart and Curated Table :: MATERIALSKUREFERENCE_SKUID
Column Name found in Datamart and Curated Table :: MODIFIEDON
Column Name found in Datamart and Curated Table :: SUMMARY
Column Name found in Datamart and Curated Table :: TECHNICIANPICKEDSOLDTYPE
Column Name found in Datamart and Curated Table :: ISRECOMMENDED
Column Name found in Datamart and Curated Table :: PROPOSALTAGNAME
Column Name found in Datamart and Curated Table :: CREATEDBY_ID
Column Name found in Datamart and Curated Table :: TAX
Column Name found in Datamart and Curated Table :: AUTHORIZEDON
Column Name found in Datamart and Curated Table :: ORDER
Column Name found in Datamart and Curated Table :: OPPORTUNITY_ID
Column Name found in Datamart and Curated Table :: FEETOTAL
Column Name found in Datamart and Curated Table :: IMPORTID
Column Name found in Datamart and Curated Table :: LABORTAX
Column Name found in Datamart and Curated Table :: SOLDBY_ID
Column Name found in Datamart and Curated Table :: SOLDINVOICE_ID
Column Name found in Datamart and Curated Table :: AUTHORIZATIONSIGNATURE
Column Name found in Datamart and Curated Table :: LOCATION_ID
Column Name found in Datamart and Curated Table :: PROCUREMENTTYPE
Column Name found in Datamart and Curated Table :: SOLDBYEMPLOYEE_ID
Column Name found in Datamart and Curated Table :: DISCOUNTTOTAL
Column Name found in Datamart and Curated Table :: TECHNICIANSIGNATURE
Column Name found in Datamart and Curated Table :: ACTIVE
Column Name found in Datamart and Curated Table :: MATERIALSKU_ID
Column Name found in Datamart and Curated Table :: MATERIALSKUREFERENCE_SKUTYPE
Column Name found in Datamart and Curated Table :: RENEWABLEMEMBERSHIP_ID
Column Name found in Datamart and Curated Table :: NAME
Column Name found in Datamart and Curated Table :: SOLDON
Column Name found in Datamart and Curated Table :: TOTALCOST
Column Name found in Datamart and Curated Table :: CREATEDON
Column Name found in Datamart and Curated Table :: TOTAL
Column Name found in Datamart and Curated Table :: ID
Column Name found in Datamart and Curated Table :: SOLDTYPE
Column Name found in Datamart and Curated Table :: PROJECTOPPORTUNITY_ID
Column Name found in Datamart and Curated Table :: TENANT_TYPE
Datamart tables contains additional column name like [ACTIVE_FLAG, RECORD_CREATE_DATE, RECORD_UPDATE_DATE, MASTER_ID]
Curated tables contains additional column name like [RECORD_CREATE_DATE, RECORD_UPDATE_DATE, RECORD_UPDATED_BY]]]>
  </system-out>
  <testcase classname="testcases.RAW_DATAMART_CURATED.SnowFlake_ColumnValidation_APITables" name="validateColumnName_BKP" time="2.554"/>
  <system-out>
    <![CDATA[Executing Snowflake query :: SELECT COLUMN_NAME FROM DEV_ENT_RAW.INFORMATION_SCHEMA.COLUMNS WHERE TABLE_NAME='ST_API_CANCELJOBREASON'and TABLE_SCHEMA='API_MAT'
Executing Snowflake query :: SELECT COLUMN_NAME FROM CURATED_DATAMART.INFORMATION_SCHEMA.COLUMNS WHERE TABLE_NAME='STR_API_CANCELJOBREASON'and TABLE_SCHEMA='ST_API_HUTCHINSON'
Executing Snowflake query :: SELECT COLUMN_NAME FROM DEV_ENT_CURATED.INFORMATION_SCHEMA.COLUMNS WHERE TABLE_NAME='DIM_CANCELJOBREASON'and TABLE_SCHEMA='MASTER_DIMENSIONS'
Column names for RAW Table --> ST_API_CANCELJOBREASON :: [CREATEDBY_ID, CREATEDON, ID, IMPORTID, MODIFIEDON, NAME, ACTIVE, TENANT_TYPE]
Column names for DataMart Table --> STR_API_CANCELJOBREASON :: [ACTIVE, CREATEDON, MODIFIEDON, IMPORTID, RECORD_CREATE_DATE, TENANT_TYPE, CREATEDBY_ID, NAME, ACTIVE_FLAG, RECORD_UPDATE_DATE, ID, MASTER_ID]
Column names for Curated Table --> DIM_CANCELJOBREASON :: [ID, IMPORTID, TENANT_TYPE, MODIFIEDON, CREATEDON, RECORD_UPDATED_BY, RECORD_UPDATE_DATE, RECORD_CREATE_DATE, ACTIVE, CREATEDBY_ID, NAME]
Column Name found in Datamart and Curated Table :: CREATEDBY_ID
Column Name found in Datamart and Curated Table :: CREATEDON
Column Name found in Datamart and Curated Table :: ID
Column Name found in Datamart and Curated Table :: IMPORTID
Column Name found in Datamart and Curated Table :: MODIFIEDON
Column Name found in Datamart and Curated Table :: NAME
Column Name found in Datamart and Curated Table :: ACTIVE
Column Name found in Datamart and Curated Table :: TENANT_TYPE
Datamart tables contains additional column name like [ACTIVE_FLAG, RECORD_CREATE_DATE, RECORD_UPDATE_DATE, MASTER_ID]
Curated tables contains additional column name like [RECORD_CREATE_DATE, RECORD_UPDATE_DATE, RECORD_UPDATED_BY]]]>
  </system-out>
  <testcase classname="testcases.RAW_DATAMART_CURATED.SnowFlake_ColumnValidation_APITables" name="validateColumnName_BKP" time="2.664"/>
  <system-out>
    <![CDATA[Executing Snowflake query :: SELECT COLUMN_NAME FROM DEV_ENT_RAW.INFORMATION_SCHEMA.COLUMNS WHERE TABLE_NAME='ST_API_CUSTOMER'and TABLE_SCHEMA='API_MAT'
Executing Snowflake query :: SELECT COLUMN_NAME FROM CURATED_DATAMART.INFORMATION_SCHEMA.COLUMNS WHERE TABLE_NAME='STR_API_CUSTOMER'and TABLE_SCHEMA='ST_API_MAITZ'
Executing Snowflake query :: SELECT COLUMN_NAME FROM DEV_ENT_CURATED.INFORMATION_SCHEMA.COLUMNS WHERE TABLE_NAME='DIM_CUSTOMER'and TABLE_SCHEMA='MASTER_DIMENSIONS'
Column names for RAW Table --> ST_API_CUSTOMER :: [ADDRESS_ISMANUALCOORDINATES, ADDRESS_ISMILITARY, ADDRESS_LATITUDE, ADDRESS_LONGITUDE, CREATEDON, NAME, IMPORTID, AR, CREATEDBY_ID, ADDRESS_COUNTRY, DONOTCHARGEINTERESTFEE, DONOTSENDPROMOTIONALEMAILS, HEADER, TAXEXEMPT, ADDRESS_UNIT, SHOWMEMBERSAVINGS, ADDRESS_STATE, MEMBERSHIP_ACTIVATEDFROM, MEMBERSHIP_TO, STATISTICS_ID, BALANCE, EXCLUDEFROMBULKPRINTING, MEMBERSHIP_ACTIVATEDBY, MODIFIEDON, ID, TYPE, ACTIVE, ADDRESS_CITY, AVALARAENTITYCODE, EXTERNALID, ADDRESS_ZIP, PAYMENTTERM_ID, MEMBERSHIP_CANCELLATIONDATE, ADDRESS_STREET, DONOTMAIL, DONOTSERVICE, MEMBERSHIP_FROM, NOCHARGE, TENANT_TYPE]
Column names for DataMart Table --> STR_API_CUSTOMER :: [ADDRESS_CITY, DONOTSENDPROMOTIONALEMAILS, ADDRESS_LATITUDE, MASTER_ID, ADDRESS_ISMILITARY, RECORD_UPDATE_DATE, BALANCE, CREATEDON, MEMBERSHIP_TO, NAME, ADDRESS_ZIP, IMPORTID, MEMBERSHIP_ACTIVATEDBY, RECORD_CREATE_DATE, ADDRESS_STREET, MODIFIEDON, ADDRESS_STATE, ADDRESS_UNIT, AR, TYPE, EXTERNALID, TENANT_TYPE, MEMBERSHIP_ACTIVATEDFROM, AVALARAENTITYCODE, PAYMENTTERM_ID, ADDRESS_COUNTRY, NOCHARGE, TAXEXEMPT, MEMBERSHIP_CANCELLATIONDATE, ADDRESS_LONGITUDE, ACTIVE_FLAG, CREATEDBY_ID, DONOTCHARGEINTERESTFEE, ID, SHOWMEMBERSAVINGS, DONOTMAIL, ACTIVE, ADDRESS_ISMANUALCOORDINATES, DONOTSERVICE, EXCLUDEFROMBULKPRINTING, MEMBERSHIP_FROM, STATISTICS_ID, HEADER]
Column names for Curated Table --> DIM_CUSTOMER :: [ADDRESS_UNIT, PAYMENTTERM_ID, BALANCE, IMPORTID, ACTIVE, ADDRESS_COUNTRY, ADDRESS_ISMANUALCOORDINATES, ADDRESS_STATE, ADDRESS_ZIP, AR, NAME, MEMBERSHIP_TO, ADDRESS_CITY, ADDRESS_STREET, DONOTSERVICE, MEMBERSHIP_CANCELLATIONDATE, NOCHARGE, HEADER, CREATEDBY_ID, EXTERNALID, MODIFIEDON, DONOTCHARGEINTERESTFEE, MEMBERSHIP_ACTIVATEDBY, RECORD_UPDATE_DATE, RECORD_UPDATED_BY, STATISTICS_ID, CREATEDON, DONOTMAIL, ID, TAXEXEMPT, RECORD_CREATE_DATE, ADDRESS_LATITUDE, ADDRESS_LONGITUDE, AVALARAENTITYCODE, DONOTSENDPROMOTIONALEMAILS, MEMBERSHIP_FROM, TENANT_TYPE, TYPE, ADDRESS_ISMILITARY, MEMBERSHIP_ACTIVATEDFROM, SHOWMEMBERSAVINGS, EXCLUDEFROMBULKPRINTING]
Column Name found in Datamart and Curated Table :: ADDRESS_ISMANUALCOORDINATES
Column Name found in Datamart and Curated Table :: ADDRESS_ISMILITARY
Column Name found in Datamart and Curated Table :: ADDRESS_LATITUDE
Column Name found in Datamart and Curated Table :: ADDRESS_LONGITUDE
Column Name found in Datamart and Curated Table :: CREATEDON
Column Name found in Datamart and Curated Table :: NAME
Column Name found in Datamart and Curated Table :: IMPORTID
Column Name found in Datamart and Curated Table :: AR
Column Name found in Datamart and Curated Table :: CREATEDBY_ID
Column Name found in Datamart and Curated Table :: ADDRESS_COUNTRY
Column Name found in Datamart and Curated Table :: DONOTCHARGEINTERESTFEE
Column Name found in Datamart and Curated Table :: DONOTSENDPROMOTIONALEMAILS
Column Name found in Datamart and Curated Table :: HEADER
Column Name found in Datamart and Curated Table :: TAXEXEMPT
Column Name found in Datamart and Curated Table :: ADDRESS_UNIT
Column Name found in Datamart and Curated Table :: SHOWMEMBERSAVINGS
Column Name found in Datamart and Curated Table :: ADDRESS_STATE
Column Name found in Datamart and Curated Table :: MEMBERSHIP_ACTIVATEDFROM
Column Name found in Datamart and Curated Table :: MEMBERSHIP_TO
Column Name found in Datamart and Curated Table :: STATISTICS_ID
Column Name found in Datamart and Curated Table :: BALANCE
Column Name found in Datamart and Curated Table :: EXCLUDEFROMBULKPRINTING
Column Name found in Datamart and Curated Table :: MEMBERSHIP_ACTIVATEDBY
Column Name found in Datamart and Curated Table :: MODIFIEDON
Column Name found in Datamart and Curated Table :: ID
Column Name found in Datamart and Curated Table :: TYPE
Column Name found in Datamart and Curated Table :: ACTIVE
Column Name found in Datamart and Curated Table :: ADDRESS_CITY
Column Name found in Datamart and Curated Table :: AVALARAENTITYCODE
Column Name found in Datamart and Curated Table :: EXTERNALID
Column Name found in Datamart and Curated Table :: ADDRESS_ZIP
Column Name found in Datamart and Curated Table :: PAYMENTTERM_ID
Column Name found in Datamart and Curated Table :: MEMBERSHIP_CANCELLATIONDATE
Column Name found in Datamart and Curated Table :: ADDRESS_STREET
Column Name found in Datamart and Curated Table :: DONOTMAIL
Column Name found in Datamart and Curated Table :: DONOTSERVICE
Column Name found in Datamart and Curated Table :: MEMBERSHIP_FROM
Column Name found in Datamart and Curated Table :: NOCHARGE
Column Name found in Datamart and Curated Table :: TENANT_TYPE
Datamart tables contains additional column name like [ACTIVE_FLAG, RECORD_CREATE_DATE, RECORD_UPDATE_DATE, MASTER_ID]
Curated tables contains additional column name like [RECORD_CREATE_DATE, RECORD_UPDATE_DATE, RECORD_UPDATED_BY]]]>
  </system-out>
  <testcase classname="testcases.RAW_DATAMART_CURATED.SnowFlake_ColumnValidation_APITables" name="validateColumnName_BKP" time="2.863"/>
  <system-out>
    <![CDATA[Executing Snowflake query :: SELECT COLUMN_NAME FROM DEV_ENT_RAW.INFORMATION_SCHEMA.COLUMNS WHERE TABLE_NAME='ST_API_CUSTOMERMEMBERSHIP'and TABLE_SCHEMA='API_MAT'
Executing Snowflake query :: SELECT COLUMN_NAME FROM CURATED_DATAMART.INFORMATION_SCHEMA.COLUMNS WHERE TABLE_NAME='STR_API_CUSTOMERMEMBERSHIP'and TABLE_SCHEMA='ST_API_MAITZ'
Executing Snowflake query :: SELECT COLUMN_NAME FROM DEV_ENT_CURATED.INFORMATION_SCHEMA.COLUMNS WHERE TABLE_NAME='DIM_CUSTOMERMEMBERSHIP'and TABLE_SCHEMA='MASTER_DIMENSIONS'
Column names for RAW Table --> ST_API_CUSTOMERMEMBERSHIP :: [CREATEDBY_ID, NEXTSCHEDULEDBILLDATE, DURATION, PAYMENTTYPE_ID, CANCELLATIONDATE, CUSTOMERPO, RENEWALDURATION, FOLLOWUPSTATUS, ID, LOCATION_ID, RENEWALMEMBERSHIPTASKREFERENCE_SKUID, PREVIOUSRECURRINGLOCATION_ID, RECURRINGLOCATION_ID, TYPE_ID, MODIFIEDON, ACTIVATEDFROM_ID, BILLINGFREQUENCY, CREATEDON, INVOICETEMPLATE_ID, MEMO, RENEWALMEMBERSHIPTASKREFERENCE_SKUTYPE, BILLINGTEMPLATE_ID, INITIALDEFERREDREVENUE, IMPORTID, ACTIVATEDBY_ID, BILLINGPREFERENCE, BUSINESSUNIT_ID, CUSTOMER_ID, FOLLOWUPCUSTOMSTATUS_ID, STATUS, EXPIREDAT, ACTIVE, BILLINGCOVERAGEPERIOD, FROM, RENEWALBILLINGFREQUENCY, RENEWEDBY_ID, CANCELATIONBALANCEINVOICE_ID, FOLLOWUPON, BILLINGEMAIL_ID, CANCELATIONBUYOUTINVOICE_ID, FIRSTSCHEDULEDBILLDATE, CANCELATIONINVOICE_ID, RENEWALMEMBERSHIPTASK_ID, SOLDBY_ID, TO, PAYMENTMETHOD_ID, TENANT_TYPE]
Column names for DataMart Table --> STR_API_CUSTOMERMEMBERSHIP :: [ACTIVE, CANCELATIONBUYOUTINVOICE_ID, FIRSTSCHEDULEDBILLDATE, FOLLOWUPSTATUS, PAYMENTTYPE_ID, RECORD_CREATE_DATE, TYPE_ID, BILLINGCOVERAGEPERIOD, BILLINGEMAIL_ID, CANCELLATIONDATE, FOLLOWUPCUSTOMSTATUS_ID, RENEWEDBY_ID, PREVIOUSRECURRINGLOCATION_ID, CREATEDON, CANCELATIONBALANCEINVOICE_ID, CUSTOMER_ID, EXPIREDAT, INITIALDEFERREDREVENUE, RENEWALDURATION, RENEWALMEMBERSHIPTASKREFERENCE_SKUTYPE, BILLINGTEMPLATE_ID, MEMO, STATUS, RECURRINGLOCATION_ID, RENEWALMEMBERSHIPTASKREFERENCE_SKUID, RENEWALMEMBERSHIPTASK_ID, CREATEDBY_ID, DURATION, ID, ACTIVE_FLAG, TO, BILLINGPREFERENCE, CUSTOMERPO, FROM, SOLDBY_ID, BILLINGFREQUENCY, IMPORTID, INVOICETEMPLATE_ID, NEXTSCHEDULEDBILLDATE, RENEWALBILLINGFREQUENCY, ACTIVATEDBY_ID, BUSINESSUNIT_ID, CANCELATIONINVOICE_ID, LOCATION_ID, PAYMENTMETHOD_ID, FOLLOWUPON, TENANT_TYPE, ACTIVATEDFROM_ID, MASTER_ID, MODIFIEDON, RECORD_UPDATE_DATE]
Column names for Curated Table --> DIM_CUSTOMERMEMBERSHIP :: [BILLINGFREQUENCY, CREATEDBY_ID, MODIFIEDON, PAYMENTTYPE_ID, RECURRINGLOCATION_ID, ACTIVE, BILLINGEMAIL_ID, FIRSTSCHEDULEDBILLDATE, RENEWALMEMBERSHIPTASKREFERENCE_SKUTYPE, TENANT_TYPE, ACTIVATEDBY_ID, BUSINESSUNIT_ID, CREATEDON, ID, INITIALDEFERREDREVENUE, CUSTOMERPO, FOLLOWUPSTATUS, RENEWALDURATION, RECORD_UPDATED_BY, BILLINGTEMPLATE_ID, FOLLOWUPCUSTOMSTATUS_ID, PAYMENTMETHOD_ID, RECORD_UPDATE_DATE, SOLDBY_ID, TYPE_ID, RENEWALMEMBERSHIPTASK_ID, BILLINGPREFERENCE, EXPIREDAT, NEXTSCHEDULEDBILLDATE, ACTIVATEDFROM_ID, CANCELATIONBALANCEINVOICE_ID, FROM, RECORD_CREATE_DATE, RENEWALMEMBERSHIPTASKREFERENCE_SKUID, TO, FOLLOWUPON, BILLINGCOVERAGEPERIOD, CUSTOMER_ID, DURATION, IMPORTID, RENEWALBILLINGFREQUENCY, STATUS, MEMO, CANCELATIONINVOICE_ID, CANCELLATIONDATE, PREVIOUSRECURRINGLOCATION_ID, CANCELATIONBUYOUTINVOICE_ID, INVOICETEMPLATE_ID, LOCATION_ID, RENEWEDBY_ID]
Column Name found in Datamart and Curated Table :: CREATEDBY_ID
Column Name found in Datamart and Curated Table :: NEXTSCHEDULEDBILLDATE
Column Name found in Datamart and Curated Table :: DURATION
Column Name found in Datamart and Curated Table :: PAYMENTTYPE_ID
Column Name found in Datamart and Curated Table :: CANCELLATIONDATE
Column Name found in Datamart and Curated Table :: CUSTOMERPO
Column Name found in Datamart and Curated Table :: RENEWALDURATION
Column Name found in Datamart and Curated Table :: FOLLOWUPSTATUS
Column Name found in Datamart and Curated Table :: ID
Column Name found in Datamart and Curated Table :: LOCATION_ID
Column Name found in Datamart and Curated Table :: RENEWALMEMBERSHIPTASKREFERENCE_SKUID
Column Name found in Datamart and Curated Table :: PREVIOUSRECURRINGLOCATION_ID
Column Name found in Datamart and Curated Table :: RECURRINGLOCATION_ID
Column Name found in Datamart and Curated Table :: TYPE_ID
Column Name found in Datamart and Curated Table :: MODIFIEDON
Column Name found in Datamart and Curated Table :: ACTIVATEDFROM_ID
Column Name found in Datamart and Curated Table :: BILLINGFREQUENCY
Column Name found in Datamart and Curated Table :: CREATEDON
Column Name found in Datamart and Curated Table :: INVOICETEMPLATE_ID
Column Name found in Datamart and Curated Table :: MEMO
Column Name found in Datamart and Curated Table :: RENEWALMEMBERSHIPTASKREFERENCE_SKUTYPE
Column Name found in Datamart and Curated Table :: BILLINGTEMPLATE_ID
Column Name found in Datamart and Curated Table :: INITIALDEFERREDREVENUE
Column Name found in Datamart and Curated Table :: IMPORTID
Column Name found in Datamart and Curated Table :: ACTIVATEDBY_ID
Column Name found in Datamart and Curated Table :: BILLINGPREFERENCE
Column Name found in Datamart and Curated Table :: BUSINESSUNIT_ID
Column Name found in Datamart and Curated Table :: CUSTOMER_ID
Column Name found in Datamart and Curated Table :: FOLLOWUPCUSTOMSTATUS_ID
Column Name found in Datamart and Curated Table :: STATUS
Column Name found in Datamart and Curated Table :: EXPIREDAT
Column Name found in Datamart and Curated Table :: ACTIVE
Column Name found in Datamart and Curated Table :: BILLINGCOVERAGEPERIOD
Column Name found in Datamart and Curated Table :: FROM
Column Name found in Datamart and Curated Table :: RENEWALBILLINGFREQUENCY
Column Name found in Datamart and Curated Table :: RENEWEDBY_ID
Column Name found in Datamart and Curated Table :: CANCELATIONBALANCEINVOICE_ID
Column Name found in Datamart and Curated Table :: FOLLOWUPON
Column Name found in Datamart and Curated Table :: BILLINGEMAIL_ID
Column Name found in Datamart and Curated Table :: CANCELATIONBUYOUTINVOICE_ID
Column Name found in Datamart and Curated Table :: FIRSTSCHEDULEDBILLDATE
Column Name found in Datamart and Curated Table :: CANCELATIONINVOICE_ID
Column Name found in Datamart and Curated Table :: RENEWALMEMBERSHIPTASK_ID
Column Name found in Datamart and Curated Table :: SOLDBY_ID
Column Name found in Datamart and Curated Table :: TO
Column Name found in Datamart and Curated Table :: PAYMENTMETHOD_ID
Column Name found in Datamart and Curated Table :: TENANT_TYPE
Datamart tables contains additional column name like [ACTIVE_FLAG, RECORD_CREATE_DATE, RECORD_UPDATE_DATE, MASTER_ID]
Curated tables contains additional column name like [RECORD_CREATE_DATE, RECORD_UPDATE_DATE, RECORD_UPDATED_BY]]]>
  </system-out>
  <testcase classname="testcases.RAW_DATAMART_CURATED.SnowFlake_ColumnValidation_APITables" name="validateColumnName_BKP" time="2.468"/>
  <system-out>
    <![CDATA[Executing Snowflake query :: SELECT COLUMN_NAME FROM DEV_ENT_RAW.INFORMATION_SCHEMA.COLUMNS WHERE TABLE_NAME='ST_API_CALLREASON'and TABLE_SCHEMA='API_MAT'
Executing Snowflake query :: SELECT COLUMN_NAME FROM CURATED_DATAMART.INFORMATION_SCHEMA.COLUMNS WHERE TABLE_NAME='STR_API_CALLREASON'and TABLE_SCHEMA='ST_API_CASTEEL'
Executing Snowflake query :: SELECT COLUMN_NAME FROM DEV_ENT_CURATED.INFORMATION_SCHEMA.COLUMNS WHERE TABLE_NAME='DIM_CALLREASON'and TABLE_SCHEMA='MASTER_DIMENSIONS'
Column names for RAW Table --> ST_API_CALLREASON :: [CREATEDBY_ID, CREATEDON, ID, IMPORTID, ACTIVE, LEAD, MODIFIEDON, NAME, TENANT_TYPE]
Column names for DataMart Table --> STR_API_CALLREASON :: [TENANT_TYPE, ACTIVE, ID, IMPORTID, MODIFIEDON, ACTIVE_FLAG, RECORD_CREATE_DATE, CREATEDBY_ID, RECORD_UPDATE_DATE, LEAD, NAME, CREATEDON, MASTER_ID]
Column names for Curated Table --> DIM_CALLREASON :: [CREATEDBY_ID, RECORD_CREATE_DATE, MODIFIEDON, LEAD, RECORD_UPDATED_BY, ACTIVE, ID, CREATEDON, IMPORTID, NAME, TENANT_TYPE, RECORD_UPDATE_DATE]
Column Name found in Datamart and Curated Table :: CREATEDBY_ID
Column Name found in Datamart and Curated Table :: CREATEDON
Column Name found in Datamart and Curated Table :: ID
Column Name found in Datamart and Curated Table :: IMPORTID
Column Name found in Datamart and Curated Table :: ACTIVE
Column Name found in Datamart and Curated Table :: LEAD
Column Name found in Datamart and Curated Table :: MODIFIEDON
Column Name found in Datamart and Curated Table :: NAME
Column Name found in Datamart and Curated Table :: TENANT_TYPE
Datamart tables contains additional column name like [ACTIVE_FLAG, RECORD_CREATE_DATE, RECORD_UPDATE_DATE, MASTER_ID]
Curated tables contains additional column name like [RECORD_CREATE_DATE, RECORD_UPDATE_DATE, RECORD_UPDATED_BY]]]>
  </system-out>
  <testcase classname="testcases.RAW_DATAMART_CURATED.SnowFlake_ColumnValidation_APITables" name="validateColumnName_BKP" time="2.117"/>
  <system-out>
    <![CDATA[Executing Snowflake query :: SELECT COLUMN_NAME FROM DEV_ENT_RAW.INFORMATION_SCHEMA.COLUMNS WHERE TABLE_NAME='ST_API_EMPLOYEE'and TABLE_SCHEMA='API_MAT'
Executing Snowflake query :: SELECT COLUMN_NAME FROM CURATED_DATAMART.INFORMATION_SCHEMA.COLUMNS WHERE TABLE_NAME='STR_API_EMPLOYEE'and TABLE_SCHEMA='ST_API_GOLDMEDAL'
Executing Snowflake query :: SELECT COLUMN_NAME FROM DEV_ENT_CURATED.INFORMATION_SCHEMA.COLUMNS WHERE TABLE_NAME='DIM_EMPLOYEE'and TABLE_SCHEMA='MASTER_DIMENSIONS'
Column names for RAW Table --> ST_API_EMPLOYEE :: [HOME_ISMILITARY, HOME_STATE, HOME_UNIT, MANAGER_ID, MOBILEPHONE, PAYROLLID, PHONE, OVERTIMEMODE, PHOTO, PAYROLLBUSINESSUNIT_ID, ACTIVE, AGENTID, CLOCKINOUTREMINDER, EMAILCONFIRMED, FIRSTNAME, PAYFREQUENCY_ID, HOME_ZIP, NAME, HOME_LONGITUDE, HOME_LATITUDE, LASTNAME, SALESFORCEROLE, CREATEDON, USER_ID, IMPORTID, ID, SALESFORCECONTACTID, BIRTHDATE, CREATEDBY_ID, EMAIL, HOME_COUNTRY, HOME_STREET, HOURLYRATE, STARTDATE, MOBILEPHONECONFIRMED, PAYROLLSTARTPERIOD, PHONECONFIRMED, POSITION, HOME_CITY, ISEXTERNAL, HOME_ISMANUALCOORDINATES, MIDDLENAME, MODIFIEDON, OVERTIMEPROFILE_ID, TENANT_TYPE]
Column names for DataMart Table --> STR_API_EMPLOYEE :: [HOME_COUNTRY, PAYROLLSTARTPERIOD, HOME_UNIT, HOURLYRATE, MOBILEPHONECONFIRMED, MODIFIEDON, USER_ID, ACTIVE, ACTIVE_FLAG, FIRSTNAME, HOME_ISMANUALCOORDINATES, ISEXTERNAL, MOBILEPHONE, HOME_STATE, PAYROLLID, LASTNAME, PHONE, POSITION, MIDDLENAME, SALESFORCECONTACTID, PAYFREQUENCY_ID, SALESFORCEROLE, CLOCKINOUTREMINDER, HOME_ZIP, ID, PAYROLLBUSINESSUNIT_ID, PHOTO, HOME_LATITUDE, CREATEDBY_ID, CREATEDON, EMAILCONFIRMED, HOME_ISMILITARY, HOME_LONGITUDE, HOME_STREET, OVERTIMEMODE, HOME_CITY, STARTDATE, IMPORTID, MANAGER_ID, AGENTID, PHONECONFIRMED, ISEXCLUDEDFROMPAYROLL, NAME, BIRTHDATE, EMAIL, MASTER_ID, OVERTIMEPROFILE_ID, RECORD_CREATE_DATE, TENANT_TYPE, RECORD_UPDATE_DATE]
Column names for Curated Table --> DIM_EMPLOYEE :: [CREATEDON, EMAIL, HOME_COUNTRY, HOME_ISMILITARY, PAYROLLID, PHONECONFIRMED, PAYROLLSTARTPERIOD, STARTDATE, PHONE, EMAILCONFIRMED, MOBILEPHONE, PAYFREQUENCY_ID, USER_ID, HOME_STATE, ISEXTERNAL, SALESFORCEROLE, CLOCKINOUTREMINDER, OVERTIMEMODE, ACTIVE, FIRSTNAME, HOURLYRATE, ISEXCLUDEDFROMPAYROLL, PAYROLLBUSINESSUNIT_ID, SALESFORCECONTACTID, AGENTID, CREATEDBY_ID, MANAGER_ID, HOME_ZIP, ID, IMPORTID, MODIFIEDON, PHOTO, RECORD_CREATE_DATE, BIRTHDATE, HOME_LATITUDE, HOME_STREET, POSITION, MOBILEPHONECONFIRMED, RECORD_UPDATED_BY, HOME_CITY, HOME_ISMANUALCOORDINATES, HOME_LONGITUDE, HOME_UNIT, LASTNAME, MIDDLENAME, TENANT_TYPE, NAME, RECORD_UPDATE_DATE, OVERTIMEPROFILE_ID]
Column Name found in Datamart and Curated Table :: HOME_ISMILITARY
Column Name found in Datamart and Curated Table :: HOME_STATE
Column Name found in Datamart and Curated Table :: HOME_UNIT
Column Name found in Datamart and Curated Table :: MANAGER_ID
Column Name found in Datamart and Curated Table :: MOBILEPHONE
Column Name found in Datamart and Curated Table :: PAYROLLID
Column Name found in Datamart and Curated Table :: PHONE
Column Name found in Datamart and Curated Table :: OVERTIMEMODE
Column Name found in Datamart and Curated Table :: PHOTO
Column Name found in Datamart and Curated Table :: PAYROLLBUSINESSUNIT_ID
Column Name found in Datamart and Curated Table :: ACTIVE
Column Name found in Datamart and Curated Table :: AGENTID
Column Name found in Datamart and Curated Table :: CLOCKINOUTREMINDER
Column Name found in Datamart and Curated Table :: EMAILCONFIRMED
Column Name found in Datamart and Curated Table :: FIRSTNAME
Column Name found in Datamart and Curated Table :: PAYFREQUENCY_ID
Column Name found in Datamart and Curated Table :: HOME_ZIP
Column Name found in Datamart and Curated Table :: NAME
Column Name found in Datamart and Curated Table :: HOME_LONGITUDE
Column Name found in Datamart and Curated Table :: HOME_LATITUDE
Column Name found in Datamart and Curated Table :: LASTNAME
Column Name found in Datamart and Curated Table :: SALESFORCEROLE
Column Name found in Datamart and Curated Table :: CREATEDON
Column Name found in Datamart and Curated Table :: USER_ID
Column Name found in Datamart and Curated Table :: IMPORTID
Column Name found in Datamart and Curated Table :: ID
Column Name found in Datamart and Curated Table :: SALESFORCECONTACTID
Column Name found in Datamart and Curated Table :: BIRTHDATE
Column Name found in Datamart and Curated Table :: CREATEDBY_ID
Column Name found in Datamart and Curated Table :: EMAIL
Column Name found in Datamart and Curated Table :: HOME_COUNTRY
Column Name found in Datamart and Curated Table :: HOME_STREET
Column Name found in Datamart and Curated Table :: HOURLYRATE
Column Name found in Datamart and Curated Table :: STARTDATE
Column Name found in Datamart and Curated Table :: MOBILEPHONECONFIRMED
Column Name found in Datamart and Curated Table :: PAYROLLSTARTPERIOD
Column Name found in Datamart and Curated Table :: PHONECONFIRMED
Column Name found in Datamart and Curated Table :: POSITION
Column Name found in Datamart and Curated Table :: HOME_CITY
Column Name found in Datamart and Curated Table :: ISEXTERNAL
Column Name found in Datamart and Curated Table :: HOME_ISMANUALCOORDINATES
Column Name found in Datamart and Curated Table :: MIDDLENAME
Column Name found in Datamart and Curated Table :: MODIFIEDON
Column Name found in Datamart and Curated Table :: OVERTIMEPROFILE_ID
Column Name found in Datamart and Curated Table :: TENANT_TYPE
Datamart tables contains additional column name like [ACTIVE_FLAG, RECORD_CREATE_DATE, RECORD_UPDATE_DATE, MASTER_ID]
Curated tables contains additional column name like [RECORD_CREATE_DATE, RECORD_UPDATE_DATE, RECORD_UPDATED_BY]]]>
  </system-out>
  <testcase classname="testcases.RAW_DATAMART_CURATED.SnowFlake_ColumnValidation_APITables" name="validateColumnName_BKP" time="2.461"/>
  <system-out>
    <![CDATA[Executing Snowflake query :: SELECT COLUMN_NAME FROM DEV_ENT_RAW.INFORMATION_SCHEMA.COLUMNS WHERE TABLE_NAME='ST_API_EQUIPMENT'and TABLE_SCHEMA='API_MAT'
Executing Snowflake query :: SELECT COLUMN_NAME FROM CURATED_DATAMART.INFORMATION_SCHEMA.COLUMNS WHERE TABLE_NAME='STR_API_EQUIPMENT'and TABLE_SCHEMA='ST_API_HENDERSON'
Executing Snowflake query :: SELECT COLUMN_NAME FROM DEV_ENT_CURATED.INFORMATION_SCHEMA.COLUMNS WHERE TABLE_NAME='DIM_EQUIPMENT'and TABLE_SCHEMA='MASTER_DIMENSIONS'
Column names for RAW Table --> ST_API_EQUIPMENT :: [BUSINESSUNIT_ID, HOURS, IMPORTID, TAXABLE, MANUFACTURER, MODIFIEDON, NAME, PAYSSOLDBYRATE, PAYTECHSPECIFICBONUS, SCHEDULEDFLATAMOUNT, SOURCEVERSION, ACCOUNT, CREATEDBY_ID, SOURCE, WARRANTYRESERVE, BONUS, ADDONMEMBERPRICE, COST, ISSERIALIZED, MANUFACTURERWARRANTY_DESCRIPTION, EXCLUDEFROMPRICEBOOKWIZARD, ORIGINAL_ID, PRIMARYVENDOR_ID, ALLOWDISCOUNTS, COPIEDFROM_ID, CREATEDON, PAYSFLATAMOUNT, SERIALIZEDON, DISPLAYNAME, ACTIVE, ARCHIVED, AVALARACOMMERCIALTAXCODE, CROSSSALEGROUP, PAYSCOMMISSION, UNITOFMEASURE, DISPLAYINAMOUNT, EXTERNALID, ID, INVENTORYENABLEDON, SUPPLIERIMAGES, SYNCDATE, ADDONFLATAMOUNT, ISINVENTORY, TYPE_ID, SERVICEPROVIDERWARRANTY_DURATION, AVALARARESIDENTIALTAXCODE, COMMISSIONBONUS, IMAGES, MODEL, INVENTORYENABLEDBY_ID, PRICE, ADDONPRICE, ASSETACCOUNT_ID, CATEGORY_ID, GENERALLEDGERACCOUNT_ID, LOYALTYPROGRAMELIGIBLE, COSTOFSALEACCOUNT_ID, DESCRIPTION, MANUFACTURERWARRANTY_DURATION, PROVIDER_ID, SERVICEPROVIDERWARRANTY_DESCRIPTION, MEMBERPRICE, TENANT_TYPE]
Column names for DataMart Table --> STR_API_EQUIPMENT :: [ADDONPRICE, MANUFACTURER, MASTER_ID, RECORD_UPDATE_DATE, MODIFIEDON, SUPPLIERIMAGES, ISINVENTORY, COST, PROVIDER_ID, CREATEDBY_ID, CREATEDON, IMAGES, INVENTORYENABLEDON, NAME, SERVICEPROVIDERWARRANTY_DURATION, COMMISSIONBONUS, TYPE_ID, RECORD_CREATE_DATE, ACCOUNT, ALLOWDISCOUNTS, ASSETACCOUNT_ID, DISPLAYNAME, ORIGINAL_ID, DESCRIPTION, LOYALTYPROGRAMELIGIBLE, MANUFACTURERWARRANTY_DESCRIPTION, PAYSCOMMISSION, ACTIVE, ADDONMEMBERPRICE, AVALARARESIDENTIALTAXCODE, BRAND, EXCLUDEFROMPRICEBOOKWIZARD, MODEL, COPIEDFROM_ID, MEMBERPRICE, PRICE, TENANT_TYPE, IMPORTID, PAYSSOLDBYRATE, ACTIVE_FLAG, COSTOFSALEACCOUNT_ID, ID, EXTERNALID, SERVICEPROVIDERWARRANTY_DESCRIPTION, PRIMARYVENDOR_ID, BONUS, BUSINESSUNIT_ID, DISPLAYINAMOUNT, SYNCDATE, ISSERIALIZED, TAXABLE, ADDONFLATAMOUNT, ARCHIVED, AVALARACOMMERCIALTAXCODE, CROSSSALEGROUP, GENERALLEDGERACCOUNT_ID, UNITOFMEASURE, HOURS, CATEGORY_ID, PAYSFLATAMOUNT, PAYTECHSPECIFICBONUS, SCHEDULEDFLATAMOUNT, SERIALIZEDON, SOURCE, MANUFACTURERWARRANTY_DURATION, SOURCEVERSION, WARRANTYRESERVE, INVENTORYENABLEDBY_ID]
Column names for Curated Table --> DIM_EQUIPMENT :: [ASSETACCOUNT_ID, COMMISSIONBONUS, COSTOFSALEACCOUNT_ID, MODEL, SCHEDULEDFLATAMOUNT, COPIEDFROM_ID, ISSERIALIZED, PAYSFLATAMOUNT, PAYTECHSPECIFICBONUS, RECORD_CREATE_DATE, SERVICEPROVIDERWARRANTY_DURATION, ID, AVALARACOMMERCIALTAXCODE, BONUS, HOURS, LOYALTYPROGRAMELIGIBLE, SOURCE, SERIALIZEDON, ADDONPRICE, EXCLUDEFROMPRICEBOOKWIZARD, PAYSCOMMISSION, ISINVENTORY, MODIFIEDON, ACTIVE, ADDONMEMBERPRICE, CREATEDON, EXTERNALID, PRIMARYVENDOR_ID, BUSINESSUNIT_ID, NAME, PAYSSOLDBYRATE, SYNCDATE, AVALARARESIDENTIALTAXCODE, BRAND, CREATEDBY_ID, DISPLAYINAMOUNT, MANUFACTURERWARRANTY_DESCRIPTION, TENANT_TYPE, MANUFACTURER, PROVIDER_ID, SOURCEVERSION, RECORD_UPDATED_BY, ACCOUNT, ADDONFLATAMOUNT, COST, DISPLAYNAME, INVENTORYENABLEDBY_ID, TAXABLE, ARCHIVED, RECORD_UPDATE_DATE, DESCRIPTION, CATEGORY_ID, ALLOWDISCOUNTS, GENERALLEDGERACCOUNT_ID, INVENTORYENABLEDON, PRICE, TYPE_ID, SUPPLIERIMAGES, UNITOFMEASURE, CROSSSALEGROUP, IMAGES, IMPORTID, ORIGINAL_ID, SERVICEPROVIDERWARRANTY_DESCRIPTION, MEMBERPRICE, WARRANTYRESERVE, MANUFACTURERWARRANTY_DURATION]
Column Name found in Datamart and Curated Table :: BUSINESSUNIT_ID
Column Name found in Datamart and Curated Table :: HOURS
Column Name found in Datamart and Curated Table :: IMPORTID
Column Name found in Datamart and Curated Table :: TAXABLE
Column Name found in Datamart and Curated Table :: MANUFACTURER
Column Name found in Datamart and Curated Table :: MODIFIEDON
Column Name found in Datamart and Curated Table :: NAME
Column Name found in Datamart and Curated Table :: PAYSSOLDBYRATE
Column Name found in Datamart and Curated Table :: PAYTECHSPECIFICBONUS
Column Name found in Datamart and Curated Table :: SCHEDULEDFLATAMOUNT
Column Name found in Datamart and Curated Table :: SOURCEVERSION
Column Name found in Datamart and Curated Table :: ACCOUNT
Column Name found in Datamart and Curated Table :: CREATEDBY_ID
Column Name found in Datamart and Curated Table :: SOURCE
Column Name found in Datamart and Curated Table :: WARRANTYRESERVE
Column Name found in Datamart and Curated Table :: BONUS
Column Name found in Datamart and Curated Table :: ADDONMEMBERPRICE
Column Name found in Datamart and Curated Table :: COST
Column Name found in Datamart and Curated Table :: ISSERIALIZED
Column Name found in Datamart and Curated Table :: MANUFACTURERWARRANTY_DESCRIPTION
Column Name found in Datamart and Curated Table :: EXCLUDEFROMPRICEBOOKWIZARD
Column Name found in Datamart and Curated Table :: ORIGINAL_ID
Column Name found in Datamart and Curated Table :: PRIMARYVENDOR_ID
Column Name found in Datamart and Curated Table :: ALLOWDISCOUNTS
Column Name found in Datamart and Curated Table :: COPIEDFROM_ID
Column Name found in Datamart and Curated Table :: CREATEDON
Column Name found in Datamart and Curated Table :: PAYSFLATAMOUNT
Column Name found in Datamart and Curated Table :: SERIALIZEDON
Column Name found in Datamart and Curated Table :: DISPLAYNAME
Column Name found in Datamart and Curated Table :: ACTIVE
Column Name found in Datamart and Curated Table :: ARCHIVED
Column Name found in Datamart and Curated Table :: AVALARACOMMERCIALTAXCODE
Column Name found in Datamart and Curated Table :: CROSSSALEGROUP
Column Name found in Datamart and Curated Table :: PAYSCOMMISSION
Column Name found in Datamart and Curated Table :: UNITOFMEASURE
Column Name found in Datamart and Curated Table :: DISPLAYINAMOUNT
Column Name found in Datamart and Curated Table :: EXTERNALID
Column Name found in Datamart and Curated Table :: ID
Column Name found in Datamart and Curated Table :: INVENTORYENABLEDON
Column Name found in Datamart and Curated Table :: SUPPLIERIMAGES
Column Name found in Datamart and Curated Table :: SYNCDATE
Column Name found in Datamart and Curated Table :: ADDONFLATAMOUNT
Column Name found in Datamart and Curated Table :: ISINVENTORY
Column Name found in Datamart and Curated Table :: TYPE_ID
Column Name found in Datamart and Curated Table :: SERVICEPROVIDERWARRANTY_DURATION
Column Name found in Datamart and Curated Table :: AVALARARESIDENTIALTAXCODE
Column Name found in Datamart and Curated Table :: COMMISSIONBONUS
Column Name found in Datamart and Curated Table :: IMAGES
Column Name found in Datamart and Curated Table :: MODEL
Column Name found in Datamart and Curated Table :: INVENTORYENABLEDBY_ID
Column Name found in Datamart and Curated Table :: PRICE
Column Name found in Datamart and Curated Table :: ADDONPRICE
Column Name found in Datamart and Curated Table :: ASSETACCOUNT_ID
Column Name found in Datamart and Curated Table :: CATEGORY_ID
Column Name found in Datamart and Curated Table :: GENERALLEDGERACCOUNT_ID
Column Name found in Datamart and Curated Table :: LOYALTYPROGRAMELIGIBLE
Column Name found in Datamart and Curated Table :: COSTOFSALEACCOUNT_ID
Column Name found in Datamart and Curated Table :: DESCRIPTION
Column Name found in Datamart and Curated Table :: MANUFACTURERWARRANTY_DURATION
Column Name found in Datamart and Curated Table :: PROVIDER_ID
Column Name found in Datamart and Curated Table :: SERVICEPROVIDERWARRANTY_DESCRIPTION
Column Name found in Datamart and Curated Table :: MEMBERPRICE
Column Name found in Datamart and Curated Table :: TENANT_TYPE
Datamart tables contains additional column name like [ACTIVE_FLAG, RECORD_CREATE_DATE, RECORD_UPDATE_DATE, MASTER_ID]
Curated tables contains additional column name like [RECORD_CREATE_DATE, RECORD_UPDATE_DATE, RECORD_UPDATED_BY]]]>
  </system-out>
  <testcase classname="testcases.RAW_DATAMART_CURATED.SnowFlake_ColumnValidation_APITables" name="validateColumnName_BKP" time="2.347"/>
  <system-out>
    <![CDATA[Executing Snowflake query :: SELECT COLUMN_NAME FROM DEV_ENT_RAW.INFORMATION_SCHEMA.COLUMNS WHERE TABLE_NAME='ST_API_CALLREASON'and TABLE_SCHEMA='API_MAT'
Executing Snowflake query :: SELECT COLUMN_NAME FROM CURATED_DATAMART.INFORMATION_SCHEMA.COLUMNS WHERE TABLE_NAME='STR_API_CALLREASON'and TABLE_SCHEMA='ST_API_HARP'
Executing Snowflake query :: SELECT COLUMN_NAME FROM DEV_ENT_CURATED.INFORMATION_SCHEMA.COLUMNS WHERE TABLE_NAME='DIM_CALLREASON'and TABLE_SCHEMA='MASTER_DIMENSIONS'
Column names for RAW Table --> ST_API_CALLREASON :: [CREATEDBY_ID, CREATEDON, ID, IMPORTID, ACTIVE, LEAD, MODIFIEDON, NAME, TENANT_TYPE]
Column names for DataMart Table --> STR_API_CALLREASON :: [RECORD_UPDATE_DATE, ACTIVE, CREATEDON, IMPORTID, MODIFIEDON, NAME, CREATEDBY_ID, LEAD, ACTIVE_FLAG, MASTER_ID, RECORD_CREATE_DATE, TENANT_TYPE, ID]
Column names for Curated Table --> DIM_CALLREASON :: [CREATEDBY_ID, RECORD_CREATE_DATE, MODIFIEDON, LEAD, RECORD_UPDATED_BY, ACTIVE, ID, CREATEDON, IMPORTID, NAME, TENANT_TYPE, RECORD_UPDATE_DATE]
Column Name found in Datamart and Curated Table :: CREATEDBY_ID
Column Name found in Datamart and Curated Table :: CREATEDON
Column Name found in Datamart and Curated Table :: ID
Column Name found in Datamart and Curated Table :: IMPORTID
Column Name found in Datamart and Curated Table :: ACTIVE
Column Name found in Datamart and Curated Table :: LEAD
Column Name found in Datamart and Curated Table :: MODIFIEDON
Column Name found in Datamart and Curated Table :: NAME
Column Name found in Datamart and Curated Table :: TENANT_TYPE
Datamart tables contains additional column name like [ACTIVE_FLAG, RECORD_CREATE_DATE, RECORD_UPDATE_DATE, MASTER_ID]
Curated tables contains additional column name like [RECORD_CREATE_DATE, RECORD_UPDATE_DATE, RECORD_UPDATED_BY]]]>
  </system-out>
  <testcase classname="testcases.RAW_DATAMART_CURATED.SnowFlake_ColumnValidation_APITables" name="validateColumnName_BKP" time="2.167"/>
  <system-out>
    <![CDATA[Executing Snowflake query :: SELECT COLUMN_NAME FROM DEV_ENT_RAW.INFORMATION_SCHEMA.COLUMNS WHERE TABLE_NAME='ST_API_JOBCOMPLETIONSURVEY'and TABLE_SCHEMA='API_MAT'
Executing Snowflake query :: SELECT COLUMN_NAME FROM CURATED_DATAMART.INFORMATION_SCHEMA.COLUMNS WHERE TABLE_NAME='STR_API_JOBCOMPLETIONSURVEY'and TABLE_SCHEMA='ST_API_EANESHEATING'
Executing Snowflake query :: SELECT COLUMN_NAME FROM DEV_ENT_CURATED.INFORMATION_SCHEMA.COLUMNS WHERE TABLE_NAME='DIM_JOBCOMPLETIONSURVEY'and TABLE_SCHEMA='MASTER_DIMENSIONS'
Column names for RAW Table --> ST_API_JOBCOMPLETIONSURVEY :: [SENTON, ISPLANNINGTOUSEAGAIN, ISROUTINECOMPLETED, MEMO, RECOMMENDATIONS, STATUS, TOKEN, ID, JOBCOMPLETEDON, SUBMITCOUNT, JOBID, MODIFIEDON, COMPLETEDON, RATING, SURVEYTYPE, TENANT_TYPE]
Column names for DataMart Table --> STR_API_JOBCOMPLETIONSURVEY :: [MASTER_ID, SURVEYTYPE, TENANT_TYPE, COMPLETEDON, RATING, MODIFIEDON, RECOMMENDATIONS, SENTON, ISPLANNINGTOUSEAGAIN, JOBID, RECORD_UPDATE_DATE, ACTIVE_FLAG, TOKEN, ISROUTINECOMPLETED, ID, MEMO, SUBMITCOUNT, STATUS, JOBCOMPLETEDON, RECORD_CREATE_DATE]
Column names for Curated Table --> DIM_JOBCOMPLETIONSURVEY :: [ID, JOBCOMPLETEDON, SUBMITCOUNT, ISROUTINECOMPLETED, MEMO, RECORD_UPDATED_BY, STATUS, JOBID, RECORD_UPDATE_DATE, TENANT_TYPE, MODIFIEDON, SURVEYTYPE, COMPLETEDON, ISPLANNINGTOUSEAGAIN, RATING, SENTON, RECOMMENDATIONS, RECORD_CREATE_DATE, TOKEN]
Column Name found in Datamart and Curated Table :: SENTON
Column Name found in Datamart and Curated Table :: ISPLANNINGTOUSEAGAIN
Column Name found in Datamart and Curated Table :: ISROUTINECOMPLETED
Column Name found in Datamart and Curated Table :: MEMO
Column Name found in Datamart and Curated Table :: RECOMMENDATIONS
Column Name found in Datamart and Curated Table :: STATUS
Column Name found in Datamart and Curated Table :: TOKEN
Column Name found in Datamart and Curated Table :: ID
Column Name found in Datamart and Curated Table :: JOBCOMPLETEDON
Column Name found in Datamart and Curated Table :: SUBMITCOUNT
Column Name found in Datamart and Curated Table :: JOBID
Column Name found in Datamart and Curated Table :: MODIFIEDON
Column Name found in Datamart and Curated Table :: COMPLETEDON
Column Name found in Datamart and Curated Table :: RATING
Column Name found in Datamart and Curated Table :: SURVEYTYPE
Column Name found in Datamart and Curated Table :: TENANT_TYPE
Datamart tables contains additional column name like [ACTIVE_FLAG, RECORD_CREATE_DATE, RECORD_UPDATE_DATE, MASTER_ID]
Curated tables contains additional column name like [RECORD_CREATE_DATE, RECORD_UPDATE_DATE, RECORD_UPDATED_BY]]]>
  </system-out>
  <testcase classname="testcases.RAW_DATAMART_CURATED.SnowFlake_ColumnValidation_APITables" name="validateColumnName_BKP" time="2.466"/>
  <system-out>
    <![CDATA[Executing Snowflake query :: SELECT COLUMN_NAME FROM DEV_ENT_RAW.INFORMATION_SCHEMA.COLUMNS WHERE TABLE_NAME='ST_API_TAG'and TABLE_SCHEMA='API_MAT'
Executing Snowflake query :: SELECT COLUMN_NAME FROM CURATED_DATAMART.INFORMATION_SCHEMA.COLUMNS WHERE TABLE_NAME='STR_API_TAG'and TABLE_SCHEMA='ST_API_EANESHEATING'
Executing Snowflake query :: SELECT COLUMN_NAME FROM DEV_ENT_CURATED.INFORMATION_SCHEMA.COLUMNS WHERE TABLE_NAME='DIM_TAG'and TABLE_SCHEMA='MASTER_DIMENSIONS'
Column names for RAW Table --> ST_API_TAG :: [MEMO, GENERATEDFOREXTERNAL, REMOVEDON, GENERATEDFOR_ID, REMOVEDBY_ID, MODIFIEDON, OWNER_ID, CREATEDBY_ID, CREATEDON, IMPORTID, ACTIVE, ID, TYPE_ID, TENANT_TYPE]
Column names for DataMart Table --> STR_API_TAG :: [CREATEDBY_ID, GENERATEDFOREXTERNAL, ID, MEMO, TENANT_TYPE, TYPE_ID, OWNER_ID, REMOVEDBY_ID, REMOVEDON, RECORD_CREATE_DATE, ACTIVE, CREATEDON, MODIFIEDON, GENERATEDFOR_ID, RECORD_UPDATE_DATE, ACTIVE_FLAG, IMPORTID, MASTER_ID, SOURCE_PKEY_SPK]
Column names for Curated Table --> DIM_TAG :: [ACTIVE_FLAG, RECORD_CREATE_DATE, CREATEDON, RECORD_UPDATE_DATE, SOURCE_PKEY_SPK, GENERATEDFOR_ID, GENERATEDFOREXTERNAL, TYPE_ID, ACTIVE, CREATEDBY_ID, ID, MODIFIEDON, OWNER_ID, REMOVEDBY_ID, REMOVEDON, MEMO, RECORD_UPDATED_BY, IMPORTID, TENANT_TYPE]
Column Name found in Datamart and Curated Table :: MEMO
Column Name found in Datamart and Curated Table :: GENERATEDFOREXTERNAL
Column Name found in Datamart and Curated Table :: REMOVEDON
Column Name found in Datamart and Curated Table :: GENERATEDFOR_ID
Column Name found in Datamart and Curated Table :: REMOVEDBY_ID
Column Name found in Datamart and Curated Table :: MODIFIEDON
Column Name found in Datamart and Curated Table :: OWNER_ID
Column Name found in Datamart and Curated Table :: CREATEDBY_ID
Column Name found in Datamart and Curated Table :: CREATEDON
Column Name found in Datamart and Curated Table :: IMPORTID
Column Name found in Datamart and Curated Table :: ACTIVE
Column Name found in Datamart and Curated Table :: ID
Column Name found in Datamart and Curated Table :: TYPE_ID
Column Name found in Datamart and Curated Table :: TENANT_TYPE
Datamart tables contains additional column name like [ACTIVE_FLAG, RECORD_CREATE_DATE, RECORD_UPDATE_DATE, MASTER_ID]
Curated tables contains additional column name like [RECORD_CREATE_DATE, RECORD_UPDATE_DATE, RECORD_UPDATED_BY]]]>
  </system-out>
  <testcase classname="testcases.RAW_DATAMART_CURATED.SnowFlake_ColumnValidation_APITables" name="validateColumnName_BKP" time="2.270"/>
  <system-out>
    <![CDATA[Executing Snowflake query :: SELECT COLUMN_NAME FROM DEV_ENT_RAW.INFORMATION_SCHEMA.COLUMNS WHERE TABLE_NAME='ST_API_CUSTOMERMEMBERSHIP'and TABLE_SCHEMA='API_MAT'
Executing Snowflake query :: SELECT COLUMN_NAME FROM CURATED_DATAMART.INFORMATION_SCHEMA.COLUMNS WHERE TABLE_NAME='STR_API_CUSTOMERMEMBERSHIP'and TABLE_SCHEMA='ST_API_SNELLHEATINGAIR'
Executing Snowflake query :: SELECT COLUMN_NAME FROM DEV_ENT_CURATED.INFORMATION_SCHEMA.COLUMNS WHERE TABLE_NAME='DIM_CUSTOMERMEMBERSHIP'and TABLE_SCHEMA='MASTER_DIMENSIONS'
Column names for RAW Table --> ST_API_CUSTOMERMEMBERSHIP :: [CREATEDBY_ID, NEXTSCHEDULEDBILLDATE, DURATION, PAYMENTTYPE_ID, CANCELLATIONDATE, CUSTOMERPO, RENEWALDURATION, FOLLOWUPSTATUS, ID, LOCATION_ID, RENEWALMEMBERSHIPTASKREFERENCE_SKUID, PREVIOUSRECURRINGLOCATION_ID, RECURRINGLOCATION_ID, TYPE_ID, MODIFIEDON, ACTIVATEDFROM_ID, BILLINGFREQUENCY, CREATEDON, INVOICETEMPLATE_ID, MEMO, RENEWALMEMBERSHIPTASKREFERENCE_SKUTYPE, BILLINGTEMPLATE_ID, INITIALDEFERREDREVENUE, IMPORTID, ACTIVATEDBY_ID, BILLINGPREFERENCE, BUSINESSUNIT_ID, CUSTOMER_ID, FOLLOWUPCUSTOMSTATUS_ID, STATUS, EXPIREDAT, ACTIVE, BILLINGCOVERAGEPERIOD, FROM, RENEWALBILLINGFREQUENCY, RENEWEDBY_ID, CANCELATIONBALANCEINVOICE_ID, FOLLOWUPON, BILLINGEMAIL_ID, CANCELATIONBUYOUTINVOICE_ID, FIRSTSCHEDULEDBILLDATE, CANCELATIONINVOICE_ID, RENEWALMEMBERSHIPTASK_ID, SOLDBY_ID, TO, PAYMENTMETHOD_ID, TENANT_TYPE]
Column names for DataMart Table --> STR_API_CUSTOMERMEMBERSHIP :: [CUSTOMER_ID, FOLLOWUPON, FROM, MEMO, PREVIOUSRECURRINGLOCATION_ID, RENEWALMEMBERSHIPTASK_ID, BILLINGPREFERENCE, CANCELATIONBALANCEINVOICE_ID, CANCELATIONBUYOUTINVOICE_ID, CUSTOMERPO, FIRSTSCHEDULEDBILLDATE, INITIALDEFERREDREVENUE, PAYMENTTYPE_ID, RECORD_CREATE_DATE, ACTIVE_FLAG, IMPORTID, ACTIVATEDBY_ID, BILLINGCOVERAGEPERIOD, BILLINGEMAIL_ID, EXPIREDAT, MODIFIEDON, NEXTSCHEDULEDBILLDATE, TO, ID, RENEWEDBY_ID, PAYMENTMETHOD_ID, ACTIVE, RENEWALMEMBERSHIPTASKREFERENCE_SKUID, BUSINESSUNIT_ID, CREATEDBY_ID, RENEWALMEMBERSHIPTASKREFERENCE_SKUTYPE, TENANT_TYPE, BILLINGFREQUENCY, INVOICETEMPLATE_ID, SOLDBY_ID, STATUS, RENEWALBILLINGFREQUENCY, ACTIVATEDFROM_ID, BILLINGTEMPLATE_ID, FOLLOWUPCUSTOMSTATUS_ID, FOLLOWUPSTATUS, RECORD_UPDATE_DATE, TYPE_ID, CANCELATIONINVOICE_ID, CANCELLATIONDATE, CREATEDON, DURATION, LOCATION_ID, MASTER_ID, RECURRINGLOCATION_ID, RENEWALDURATION]
Column names for Curated Table --> DIM_CUSTOMERMEMBERSHIP :: [BILLINGFREQUENCY, CREATEDBY_ID, MODIFIEDON, PAYMENTTYPE_ID, RECURRINGLOCATION_ID, ACTIVE, BILLINGEMAIL_ID, FIRSTSCHEDULEDBILLDATE, RENEWALMEMBERSHIPTASKREFERENCE_SKUTYPE, TENANT_TYPE, ACTIVATEDBY_ID, BUSINESSUNIT_ID, CREATEDON, ID, INITIALDEFERREDREVENUE, CUSTOMERPO, FOLLOWUPSTATUS, RENEWALDURATION, RECORD_UPDATED_BY, BILLINGTEMPLATE_ID, FOLLOWUPCUSTOMSTATUS_ID, PAYMENTMETHOD_ID, RECORD_UPDATE_DATE, SOLDBY_ID, TYPE_ID, RENEWALMEMBERSHIPTASK_ID, BILLINGPREFERENCE, EXPIREDAT, NEXTSCHEDULEDBILLDATE, ACTIVATEDFROM_ID, CANCELATIONBALANCEINVOICE_ID, FROM, RECORD_CREATE_DATE, RENEWALMEMBERSHIPTASKREFERENCE_SKUID, TO, FOLLOWUPON, BILLINGCOVERAGEPERIOD, CUSTOMER_ID, DURATION, IMPORTID, RENEWALBILLINGFREQUENCY, STATUS, MEMO, CANCELATIONINVOICE_ID, CANCELLATIONDATE, PREVIOUSRECURRINGLOCATION_ID, CANCELATIONBUYOUTINVOICE_ID, INVOICETEMPLATE_ID, LOCATION_ID, RENEWEDBY_ID]
Column Name found in Datamart and Curated Table :: CREATEDBY_ID
Column Name found in Datamart and Curated Table :: NEXTSCHEDULEDBILLDATE
Column Name found in Datamart and Curated Table :: DURATION
Column Name found in Datamart and Curated Table :: PAYMENTTYPE_ID
Column Name found in Datamart and Curated Table :: CANCELLATIONDATE
Column Name found in Datamart and Curated Table :: CUSTOMERPO
Column Name found in Datamart and Curated Table :: RENEWALDURATION
Column Name found in Datamart and Curated Table :: FOLLOWUPSTATUS
Column Name found in Datamart and Curated Table :: ID
Column Name found in Datamart and Curated Table :: LOCATION_ID
Column Name found in Datamart and Curated Table :: RENEWALMEMBERSHIPTASKREFERENCE_SKUID
Column Name found in Datamart and Curated Table :: PREVIOUSRECURRINGLOCATION_ID
Column Name found in Datamart and Curated Table :: RECURRINGLOCATION_ID
Column Name found in Datamart and Curated Table :: TYPE_ID
Column Name found in Datamart and Curated Table :: MODIFIEDON
Column Name found in Datamart and Curated Table :: ACTIVATEDFROM_ID
Column Name found in Datamart and Curated Table :: BILLINGFREQUENCY
Column Name found in Datamart and Curated Table :: CREATEDON
Column Name found in Datamart and Curated Table :: INVOICETEMPLATE_ID
Column Name found in Datamart and Curated Table :: MEMO
Column Name found in Datamart and Curated Table :: RENEWALMEMBERSHIPTASKREFERENCE_SKUTYPE
Column Name found in Datamart and Curated Table :: BILLINGTEMPLATE_ID
Column Name found in Datamart and Curated Table :: INITIALDEFERREDREVENUE
Column Name found in Datamart and Curated Table :: IMPORTID
Column Name found in Datamart and Curated Table :: ACTIVATEDBY_ID
Column Name found in Datamart and Curated Table :: BILLINGPREFERENCE
Column Name found in Datamart and Curated Table :: BUSINESSUNIT_ID
Column Name found in Datamart and Curated Table :: CUSTOMER_ID
Column Name found in Datamart and Curated Table :: FOLLOWUPCUSTOMSTATUS_ID
Column Name found in Datamart and Curated Table :: STATUS
Column Name found in Datamart and Curated Table :: EXPIREDAT
Column Name found in Datamart and Curated Table :: ACTIVE
Column Name found in Datamart and Curated Table :: BILLINGCOVERAGEPERIOD
Column Name found in Datamart and Curated Table :: FROM
Column Name found in Datamart and Curated Table :: RENEWALBILLINGFREQUENCY
Column Name found in Datamart and Curated Table :: RENEWEDBY_ID
Column Name found in Datamart and Curated Table :: CANCELATIONBALANCEINVOICE_ID
Column Name found in Datamart and Curated Table :: FOLLOWUPON
Column Name found in Datamart and Curated Table :: BILLINGEMAIL_ID
Column Name found in Datamart and Curated Table :: CANCELATIONBUYOUTINVOICE_ID
Column Name found in Datamart and Curated Table :: FIRSTSCHEDULEDBILLDATE
Column Name found in Datamart and Curated Table :: CANCELATIONINVOICE_ID
Column Name found in Datamart and Curated Table :: RENEWALMEMBERSHIPTASK_ID
Column Name found in Datamart and Curated Table :: SOLDBY_ID
Column Name found in Datamart and Curated Table :: TO
Column Name found in Datamart and Curated Table :: PAYMENTMETHOD_ID
Column Name found in Datamart and Curated Table :: TENANT_TYPE
Datamart tables contains additional column name like [ACTIVE_FLAG, RECORD_CREATE_DATE, RECORD_UPDATE_DATE, MASTER_ID]
Curated tables contains additional column name like [RECORD_CREATE_DATE, RECORD_UPDATE_DATE, RECORD_UPDATED_BY]]]>
  </system-out>
  <testcase classname="testcases.RAW_DATAMART_CURATED.SnowFlake_ColumnValidation_APITables" name="validateColumnName_BKP" time="3.082"/>
  <system-out>
    <![CDATA[Executing Snowflake query :: SELECT COLUMN_NAME FROM DEV_ENT_RAW.INFORMATION_SCHEMA.COLUMNS WHERE TABLE_NAME='ST_API_JOBTYPE'and TABLE_SCHEMA='API_MAT'
Executing Snowflake query :: SELECT COLUMN_NAME FROM CURATED_DATAMART.INFORMATION_SCHEMA.COLUMNS WHERE TABLE_NAME='STR_API_JOBTYPE'and TABLE_SCHEMA='ST_API_MAITZ'
Executing Snowflake query :: SELECT COLUMN_NAME FROM DEV_ENT_CURATED.INFORMATION_SCHEMA.COLUMNS WHERE TABLE_NAME='DIM_JOBTYPE'and TABLE_SCHEMA='MASTER_DIMENSIONS'
Column names for RAW Table --> ST_API_JOBTYPE :: [ACTIVE, COMPSTANDARDRATE, ENFORCERECURRINGSERVICEEVENTSELECTION, COMPDOUBLEOVERTIMERATE, COMPOVERTIMERATE, MODIFIEDON, IMAGE, ISAUTODISPATCHED, ISTUNEUP, NAME, CLASS, PRIORITY, IMPORTID, SOLDTHRESHOLD, NOCHARGE, CREATEDBY_ID, CREATEDON, MAXIMUMMATERIALCOSTINPERCENT, PROJECTEDVALUEADJUSTMENT, ID, DURATION, COMPCODE, MINIMUMMATERIALCOSTINPERCENT, SUMMARY, PROJECTLABELS, LIKELIHOOD, TENANT_TYPE]
Column names for DataMart Table --> STR_API_JOBTYPE :: [ID, PROJECTLABELS, CLASS, COMPCODE, COMPOVERTIMERATE, CREATEDBY_ID, RECORD_CREATE_DATE, LIKELIHOOD, RECORD_UPDATE_DATE, ENFORCERECURRINGSERVICEEVENTSELECTION, DURATION, MASTER_ID, NOCHARGE, SOLDTHRESHOLD, SUMMARY, PRIORITY, NAME, COMPDOUBLEOVERTIMERATE, IMAGE, IMPORTID, MAXIMUMMATERIALCOSTINPERCENT, PROJECTEDVALUEADJUSTMENT, ACTIVE, TENANT_TYPE, MODIFIEDON, ACTIVE_FLAG, COMPSTANDARDRATE, CREATEDON, MINIMUMMATERIALCOSTINPERCENT, ISAUTODISPATCHED, ISTUNEUP]
Column names for Curated Table --> DIM_JOBTYPE :: [COMPOVERTIMERATE, PROJECTLABELS, RECORD_UPDATED_BY, MAXIMUMMATERIALCOSTINPERCENT, SUMMARY, NAME, COMPDOUBLEOVERTIMERATE, CREATEDBY_ID, DURATION, ISAUTODISPATCHED, RECORD_UPDATE_DATE, COMPSTANDARDRATE, NOCHARGE, IMPORTID, TENANT_TYPE, ACTIVE, ENFORCERECURRINGSERVICEEVENTSELECTION, ID, ISSMARTDISPATCHEDBYDEFAULTINAPI, ISTUNEUP, CLASS, COMPCODE, MINIMUMMATERIALCOSTINPERCENT, PRIORITY, CREATEDON, LIKELIHOOD, RECORD_CREATE_DATE, SOLDTHRESHOLD, IMAGE, MODIFIEDON, PROJECTEDVALUEADJUSTMENT]
Column Name found in Datamart and Curated Table :: ACTIVE
Column Name found in Datamart and Curated Table :: COMPSTANDARDRATE
Column Name found in Datamart and Curated Table :: ENFORCERECURRINGSERVICEEVENTSELECTION
Column Name found in Datamart and Curated Table :: COMPDOUBLEOVERTIMERATE
Column Name found in Datamart and Curated Table :: COMPOVERTIMERATE
Column Name found in Datamart and Curated Table :: MODIFIEDON
Column Name found in Datamart and Curated Table :: IMAGE
Column Name found in Datamart and Curated Table :: ISAUTODISPATCHED
Column Name found in Datamart and Curated Table :: ISTUNEUP
Column Name found in Datamart and Curated Table :: NAME
Column Name found in Datamart and Curated Table :: CLASS
Column Name found in Datamart and Curated Table :: PRIORITY
Column Name found in Datamart and Curated Table :: IMPORTID
Column Name found in Datamart and Curated Table :: SOLDTHRESHOLD
Column Name found in Datamart and Curated Table :: NOCHARGE
Column Name found in Datamart and Curated Table :: CREATEDBY_ID
Column Name found in Datamart and Curated Table :: CREATEDON
Column Name found in Datamart and Curated Table :: MAXIMUMMATERIALCOSTINPERCENT
Column Name found in Datamart and Curated Table :: PROJECTEDVALUEADJUSTMENT
Column Name found in Datamart and Curated Table :: ID
Column Name found in Datamart and Curated Table :: DURATION
Column Name found in Datamart and Curated Table :: COMPCODE
Column Name found in Datamart and Curated Table :: MINIMUMMATERIALCOSTINPERCENT
Column Name found in Datamart and Curated Table :: SUMMARY
Column Name found in Datamart and Curated Table :: PROJECTLABELS
Column Name found in Datamart and Curated Table :: LIKELIHOOD
Column Name found in Datamart and Curated Table :: TENANT_TYPE
Datamart tables contains additional column name like [ACTIVE_FLAG, RECORD_CREATE_DATE, RECORD_UPDATE_DATE, MASTER_ID]
Curated tables contains additional column name like [RECORD_CREATE_DATE, RECORD_UPDATE_DATE, RECORD_UPDATED_BY]]]>
  </system-out>
  <testcase classname="testcases.RAW_DATAMART_CURATED.SnowFlake_ColumnValidation_APITables" name="validateColumnName_BKP" time="2.034"/>
  <system-out>
    <![CDATA[Executing Snowflake query :: SELECT COLUMN_NAME FROM DEV_ENT_RAW.INFORMATION_SCHEMA.COLUMNS WHERE TABLE_NAME='ST_API_TIMESHEETCODE'and TABLE_SCHEMA='API_MAT'
Executing Snowflake query :: SELECT COLUMN_NAME FROM CURATED_DATAMART.INFORMATION_SCHEMA.COLUMNS WHERE TABLE_NAME='STR_API_TIMESHEETCODE'and TABLE_SCHEMA='ST_API_CASTEEL'
Executing Snowflake query :: SELECT COLUMN_NAME FROM DEV_ENT_CURATED.INFORMATION_SCHEMA.COLUMNS WHERE TABLE_NAME='DIM_TIMESHEETCODE'and TABLE_SCHEMA='MASTER_DIMENSIONS'
Column names for RAW Table --> ST_API_TIMESHEETCODE :: [ADDRESS_ZIP, ROUTEAROUNDNJA, IMPORTID, RATEMULTIPLIER, STANDARDPAYROLLCONTROLCODE_ID, ADDRESS_COUNTRY, CODE, COUNTONJOBCOUNTER, OVERTIMEPAYROLLCONTROLCODE_ID, PAYROLLPOSTINGGROUP_ID, OVERTIMEPAYCODE_ID, ADDRESS_STREET, BUSINESSUNIT_ID, EXCLUDEABSENTEVENT, HOURLYRATE, SENDALERTSONMOBILE, VISIBILITY, ACTIVE, ID, TYPE, ADDRESS_ISMILITARY, ADDRESS_STATE, CREATEDBY_ID, APPLICABLEEMPLOYEETYPE, DOUBLEOVERTIMEPAYCODE_ID, GEOFENCECLOCKINMODE, STANDARDPAYCODE_ID, ADDRESS_LONGITUDE, DEDUCTCOMMUTETIME, EVENTNAME, STPAYCODE, ENABLESIMPLECLOCKINOUT, OTPAYCODE, CREATEDON, ADDRESS_CITY, ADDRESS_ISMANUALCOORDINATES, ADDRESS_LATITUDE, ADDRESS_UNIT, DESCRIPTION, ISDEFAULTSHOPTIME, CUSTOMHOURLYRATE, ISAUTOCLOCKINENABLED, TENANT_TYPE]
Column names for DataMart Table --> STR_API_TIMESHEETCODE :: [ADDRESS_ISMILITARY, CUSTOMHOURLYRATE, DOUBLEOVERTIMEPAYCODE_ID, EVENTNAME, ISDEFAULTSHOPTIME, OTPAYCODE, RATEMULTIPLIER, ACTIVE_FLAG, ADDRESS_ISMANUALCOORDINATES, APPLICABLEEMPLOYEETYPE, BUSINESSUNIT_ID, CODE, IMPORTID, ISAUTOCLOCKINENABLED, STPAYCODE, VISIBILITY, ROUTEAROUNDNJA, ADDRESS_LONGITUDE, ADDRESS_UNIT, PAYROLLPOSTINGGROUP_ID, RECORD_UPDATE_DATE, TENANT_TYPE, ID, RECORD_CREATE_DATE, ADDRESS_ZIP, HOURLYRATE, OVERTIMEPAYCODE_ID, STANDARDPAYCODE_ID, TYPE, ACTIVE, ADDRESS_COUNTRY, DEDUCTCOMMUTETIME, ADDRESS_CITY, ADDRESS_STREET, CREATEDON, DESCRIPTION, STANDARDPAYROLLCONTROLCODE_ID, ENABLESIMPLECLOCKINOUT, MASTER_ID, SENDALERTSONMOBILE, COUNTONJOBCOUNTER, GEOFENCECLOCKINMODE, OVERTIMEPAYROLLCONTROLCODE_ID, ADDRESS_LATITUDE, ADDRESS_STATE, CREATEDBY_ID, EXCLUDEABSENTEVENT]
Column names for Curated Table --> DIM_TIMESHEETCODE :: [ADDRESS_STREET, ADDRESS_ZIP, CUSTOMHOURLYRATE, DOUBLEOVERTIMEPAYCODE_ID, ENABLESIMPLECLOCKINOUT, DESCRIPTION, ADDRESS_ISMANUALCOORDINATES, ADDRESS_LONGITUDE, IMPORTID, CREATEDON, DEDUCTCOMMUTETIME, ID, ADDRESS_LATITUDE, CREATEDBY_ID, GEOFENCECLOCKINMODE, ROUTEAROUNDNJA, HOURLYRATE, RECORD_UPDATED_BY, RECORD_UPDATE_DATE, ADDRESS_UNIT, CODE, STANDARDPAYCODE_ID, OTPAYCODE, STPAYCODE, APPLICABLEEMPLOYEETYPE, OVERTIMEPAYCODE_ID, RATEMULTIPLIER, STANDARDPAYROLLCONTROLCODE_ID, EXCLUDEABSENTEVENT, PAYROLLPOSTINGGROUP_ID, TYPE, VISIBILITY, OVERTIMEPAYROLLCONTROLCODE_ID, ADDRESS_ISMILITARY, ADDRESS_STATE, ISDEFAULTSHOPTIME, ACTIVE, ADDRESS_CITY, BUSINESSUNIT_ID, COUNTONJOBCOUNTER, EVENTNAME, SENDALERTSONMOBILE, ADDRESS_COUNTRY, ISAUTOCLOCKINENABLED, TENANT_TYPE, RECORD_CREATE_DATE]
Column Name found in Datamart and Curated Table :: ADDRESS_ZIP
Column Name found in Datamart and Curated Table :: ROUTEAROUNDNJA
Column Name found in Datamart and Curated Table :: IMPORTID
Column Name found in Datamart and Curated Table :: RATEMULTIPLIER
Column Name found in Datamart and Curated Table :: STANDARDPAYROLLCONTROLCODE_ID
Column Name found in Datamart and Curated Table :: ADDRESS_COUNTRY
Column Name found in Datamart and Curated Table :: CODE
Column Name found in Datamart and Curated Table :: COUNTONJOBCOUNTER
Column Name found in Datamart and Curated Table :: OVERTIMEPAYROLLCONTROLCODE_ID
Column Name found in Datamart and Curated Table :: PAYROLLPOSTINGGROUP_ID
Column Name found in Datamart and Curated Table :: OVERTIMEPAYCODE_ID
Column Name found in Datamart and Curated Table :: ADDRESS_STREET
Column Name found in Datamart and Curated Table :: BUSINESSUNIT_ID
Column Name found in Datamart and Curated Table :: EXCLUDEABSENTEVENT
Column Name found in Datamart and Curated Table :: HOURLYRATE
Column Name found in Datamart and Curated Table :: SENDALERTSONMOBILE
Column Name found in Datamart and Curated Table :: VISIBILITY
Column Name found in Datamart and Curated Table :: ACTIVE
Column Name found in Datamart and Curated Table :: ID
Column Name found in Datamart and Curated Table :: TYPE
Column Name found in Datamart and Curated Table :: ADDRESS_ISMILITARY
Column Name found in Datamart and Curated Table :: ADDRESS_STATE
Column Name found in Datamart and Curated Table :: CREATEDBY_ID
Column Name found in Datamart and Curated Table :: APPLICABLEEMPLOYEETYPE
Column Name found in Datamart and Curated Table :: DOUBLEOVERTIMEPAYCODE_ID
Column Name found in Datamart and Curated Table :: GEOFENCECLOCKINMODE
Column Name found in Datamart and Curated Table :: STANDARDPAYCODE_ID
Column Name found in Datamart and Curated Table :: ADDRESS_LONGITUDE
Column Name found in Datamart and Curated Table :: DEDUCTCOMMUTETIME
Column Name found in Datamart and Curated Table :: EVENTNAME
Column Name found in Datamart and Curated Table :: STPAYCODE
Column Name found in Datamart and Curated Table :: ENABLESIMPLECLOCKINOUT
Column Name found in Datamart and Curated Table :: OTPAYCODE
Column Name found in Datamart and Curated Table :: CREATEDON
Column Name found in Datamart and Curated Table :: ADDRESS_CITY
Column Name found in Datamart and Curated Table :: ADDRESS_ISMANUALCOORDINATES
Column Name found in Datamart and Curated Table :: ADDRESS_LATITUDE
Column Name found in Datamart and Curated Table :: ADDRESS_UNIT
Column Name found in Datamart and Curated Table :: DESCRIPTION
Column Name found in Datamart and Curated Table :: ISDEFAULTSHOPTIME
Column Name found in Datamart and Curated Table :: CUSTOMHOURLYRATE
Column Name found in Datamart and Curated Table :: ISAUTOCLOCKINENABLED
Column Name found in Datamart and Curated Table :: TENANT_TYPE
Datamart tables contains additional column name like [ACTIVE_FLAG, RECORD_CREATE_DATE, RECORD_UPDATE_DATE, MASTER_ID]
Curated tables contains additional column name like [RECORD_CREATE_DATE, RECORD_UPDATE_DATE, RECORD_UPDATED_BY]]]>
  </system-out>
  <testcase classname="testcases.RAW_DATAMART_CURATED.SnowFlake_ColumnValidation_APITables" name="validateColumnName_BKP" time="2.038"/>
  <system-out>
    <![CDATA[Executing Snowflake query :: SELECT COLUMN_NAME FROM DEV_ENT_RAW.INFORMATION_SCHEMA.COLUMNS WHERE TABLE_NAME='ST_API_CALLREASON'and TABLE_SCHEMA='API_MAT'
Executing Snowflake query :: SELECT COLUMN_NAME FROM CURATED_DATAMART.INFORMATION_SCHEMA.COLUMNS WHERE TABLE_NAME='STR_API_CALLREASON'and TABLE_SCHEMA='ST_API_EANESHEATING'
Executing Snowflake query :: SELECT COLUMN_NAME FROM DEV_ENT_CURATED.INFORMATION_SCHEMA.COLUMNS WHERE TABLE_NAME='DIM_CALLREASON'and TABLE_SCHEMA='MASTER_DIMENSIONS'
Column names for RAW Table --> ST_API_CALLREASON :: [CREATEDBY_ID, CREATEDON, ID, IMPORTID, ACTIVE, LEAD, MODIFIEDON, NAME, TENANT_TYPE]
Column names for DataMart Table --> STR_API_CALLREASON :: [ID, MODIFIEDON, TENANT_TYPE, IMPORTID, NAME, RECORD_CREATE_DATE, LEAD, CREATEDON, RECORD_UPDATE_DATE, ACTIVE_FLAG, ACTIVE, CREATEDBY_ID, MASTER_ID]
Column names for Curated Table --> DIM_CALLREASON :: [CREATEDBY_ID, RECORD_CREATE_DATE, MODIFIEDON, LEAD, RECORD_UPDATED_BY, ACTIVE, ID, CREATEDON, IMPORTID, NAME, TENANT_TYPE, RECORD_UPDATE_DATE]
Column Name found in Datamart and Curated Table :: CREATEDBY_ID
Column Name found in Datamart and Curated Table :: CREATEDON
Column Name found in Datamart and Curated Table :: ID
Column Name found in Datamart and Curated Table :: IMPORTID
Column Name found in Datamart and Curated Table :: ACTIVE
Column Name found in Datamart and Curated Table :: LEAD
Column Name found in Datamart and Curated Table :: MODIFIEDON
Column Name found in Datamart and Curated Table :: NAME
Column Name found in Datamart and Curated Table :: TENANT_TYPE
Datamart tables contains additional column name like [ACTIVE_FLAG, RECORD_CREATE_DATE, RECORD_UPDATE_DATE, MASTER_ID]
Curated tables contains additional column name like [RECORD_CREATE_DATE, RECORD_UPDATE_DATE, RECORD_UPDATED_BY]]]>
  </system-out>
  <testcase classname="testcases.RAW_DATAMART_CURATED.SnowFlake_ColumnValidation_APITables" name="validateColumnName_BKP" time="2.472"/>
  <system-out>
    <![CDATA[Executing Snowflake query :: SELECT COLUMN_NAME FROM DEV_ENT_RAW.INFORMATION_SCHEMA.COLUMNS WHERE TABLE_NAME='ST_API_VENDOR'and TABLE_SCHEMA='API_MAT'
Executing Snowflake query :: SELECT COLUMN_NAME FROM CURATED_DATAMART.INFORMATION_SCHEMA.COLUMNS WHERE TABLE_NAME='STR_API_VENDOR'and TABLE_SCHEMA='ST_API_MAITZ'
Executing Snowflake query :: SELECT COLUMN_NAME FROM DEV_ENT_CURATED.INFORMATION_SCHEMA.COLUMNS WHERE TABLE_NAME='DIM_VENDOR'and TABLE_SCHEMA='MASTER_DIMENSIONS'
Column names for RAW Table --> ST_API_VENDOR :: [DELIVERYOPTION, REMITTANCEVENDOR_ID, LASTNAME, TAXRATE, ACTIVE, CREATEDON, VENDORADDRESS_ISMANUALCOORDINATES, IMPORTID, ISTRUCKREPLENISHMENT, PHONE, ID, VENDORADDRESS_STREET, FAX, VENDORADDRESS_LATITUDE, CREATEDBY_ID, EMAIL, EXTERNALID, FIRSTNAME, MEMO, RESTRICTEDMOBILECREATION, VENDORADDRESS_COUNTRY, VENDORADDRESS_LONGITUDE, VENDORADDRESS_CITY, NAME, VENDORADDRESS_ISMILITARY, VENDORQUICKBOOKSITEM, VENDORADDRESS_UNIT, VENDORADDRESS_ZIP, VENDORADDRESS_STATE, MODIFIEDON, PAYMENTTERM_ID, ADDRESS, TENANT_TYPE]
Column names for DataMart Table --> STR_API_VENDOR :: [VENDORADDRESS_CITY, VENDORADDRESS_ISMILITARY, RECORD_CREATE_DATE, VENDORADDRESS_STREET, PHONE, VENDORADDRESS_LATITUDE, ADDRESS, VENDORADDRESS_ZIP, ACTIVE, CREATEDON, DELIVERYOPTION, MEMO, VENDORADDRESS_UNIT, RESTRICTEDMOBILECREATION, FAX, ID, ISTRUCKREPLENISHMENT, RECORD_UPDATE_DATE, TAXRATE, ACTIVE_FLAG, CREATEDBY_ID, VENDORADDRESS_STATE, EMAIL, FIRSTNAME, MASTER_ID, TENANT_TYPE, VENDORADDRESS_LONGITUDE, VENDORADDRESS_ISMANUALCOORDINATES, EXTERNALID, LASTNAME, REMITTANCEVENDOR_ID, VENDORADDRESS_COUNTRY, IMPORTID, MODIFIEDON, PAYMENTTERM_ID, VENDORQUICKBOOKSITEM, NAME]
Column names for Curated Table --> DIM_VENDOR :: [DELIVERYOPTION, EXTERNALID, VENDORADDRESS_LATITUDE, VENDORADDRESS_ISMILITARY, VENDORADDRESS_STREET, EMAIL, ID, MEMO, PHONE, TAXRATE, VENDORADDRESS_ZIP, VENDORADDRESS_CITY, ACTIVE, ADDRESS, FAX, ISTRUCKREPLENISHMENT, VENDORADDRESS_STATE, REMITTANCEVENDOR_ID, FIRSTNAME, NAME, VENDORADDRESS_COUNTRY, LASTNAME, RECORD_UPDATE_DATE, VENDORADDRESS_UNIT, MODIFIEDON, CREATEDBY_ID, RECORD_CREATE_DATE, TENANT_TYPE, VENDORADDRESS_LONGITUDE, CREATEDON, IMPORTID, VENDORADDRESS_ISMANUALCOORDINATES, RESTRICTEDMOBILECREATION, PAYMENTTERM_ID, RECORD_UPDATED_BY, VENDORQUICKBOOKSITEM]
Column Name found in Datamart and Curated Table :: DELIVERYOPTION
Column Name found in Datamart and Curated Table :: REMITTANCEVENDOR_ID
Column Name found in Datamart and Curated Table :: LASTNAME
Column Name found in Datamart and Curated Table :: TAXRATE
Column Name found in Datamart and Curated Table :: ACTIVE
Column Name found in Datamart and Curated Table :: CREATEDON
Column Name found in Datamart and Curated Table :: VENDORADDRESS_ISMANUALCOORDINATES
Column Name found in Datamart and Curated Table :: IMPORTID
Column Name found in Datamart and Curated Table :: ISTRUCKREPLENISHMENT
Column Name found in Datamart and Curated Table :: PHONE
Column Name found in Datamart and Curated Table :: ID
Column Name found in Datamart and Curated Table :: VENDORADDRESS_STREET
Column Name found in Datamart and Curated Table :: FAX
Column Name found in Datamart and Curated Table :: VENDORADDRESS_LATITUDE
Column Name found in Datamart and Curated Table :: CREATEDBY_ID
Column Name found in Datamart and Curated Table :: EMAIL
Column Name found in Datamart and Curated Table :: EXTERNALID
Column Name found in Datamart and Curated Table :: FIRSTNAME
Column Name found in Datamart and Curated Table :: MEMO
Column Name found in Datamart and Curated Table :: RESTRICTEDMOBILECREATION
Column Name found in Datamart and Curated Table :: VENDORADDRESS_COUNTRY
Column Name found in Datamart and Curated Table :: VENDORADDRESS_LONGITUDE
Column Name found in Datamart and Curated Table :: VENDORADDRESS_CITY
Column Name found in Datamart and Curated Table :: NAME
Column Name found in Datamart and Curated Table :: VENDORADDRESS_ISMILITARY
Column Name found in Datamart and Curated Table :: VENDORQUICKBOOKSITEM
Column Name found in Datamart and Curated Table :: VENDORADDRESS_UNIT
Column Name found in Datamart and Curated Table :: VENDORADDRESS_ZIP
Column Name found in Datamart and Curated Table :: VENDORADDRESS_STATE
Column Name found in Datamart and Curated Table :: MODIFIEDON
Column Name found in Datamart and Curated Table :: PAYMENTTERM_ID
Column Name found in Datamart and Curated Table :: ADDRESS
Column Name found in Datamart and Curated Table :: TENANT_TYPE
Datamart tables contains additional column name like [ACTIVE_FLAG, RECORD_CREATE_DATE, RECORD_UPDATE_DATE, MASTER_ID]
Curated tables contains additional column name like [RECORD_CREATE_DATE, RECORD_UPDATE_DATE, RECORD_UPDATED_BY]]]>
  </system-out>
  <testcase classname="testcases.RAW_DATAMART_CURATED.SnowFlake_ColumnValidation_APITables" name="validateColumnName_BKP" time="2.168"/>
  <system-out>
    <![CDATA[Executing Snowflake query :: SELECT COLUMN_NAME FROM DEV_ENT_RAW.INFORMATION_SCHEMA.COLUMNS WHERE TABLE_NAME='ST_API_PAYMENT'and TABLE_SCHEMA='API_MAT'
Executing Snowflake query :: SELECT COLUMN_NAME FROM CURATED_DATAMART.INFORMATION_SCHEMA.COLUMNS WHERE TABLE_NAME='STR_API_PAYMENT'and TABLE_SCHEMA='ST_API_HUTCHINSON'
Executing Snowflake query :: SELECT COLUMN_NAME FROM DEV_ENT_CURATED.INFORMATION_SCHEMA.COLUMNS WHERE TABLE_NAME='DIM_PAYMENT'and TABLE_SCHEMA='MASTER_DIMENSIONS'
Column names for RAW Table --> ST_API_PAYMENT :: [AGREEMENTLANGUAGE, FINANCINGOPERATOR, TRANSACTIONSTATUS, INVOICE_ID, CHECKNUMBER, AMOUNT, SETTLEMENTDATE, PROJECT_ID, BUSINESSUNIT_ID, CREATEDBY_ID, CREATEDON, CREDITAVAILABLE, UNAPPLIEDAMOUNT, EXPORTID, AUTHORIZATIONSIGNATURE, BATCH_ID, DEFERREDINTEREST, EXTERNALID, METHOD, MEMO, STATUS, ACTIVE, CUSTOMER_ID, ESTIMATE_ID, NUMBER, SETTLEMENTSTATUS, SOURCE, STOREDPAYMENT_ID, ID, IMPORTID, PAIDON, MODIFIEDON, TYPE_ID, REFUNDEDAMOUNT, TRANSACTION, APPLIEDON, PAYMENTDATE, TENANT_TYPE]
Column names for DataMart Table --> STR_API_PAYMENT :: [INVOICE_ID, MASTER_ID, TRANSACTION, ESTIMATE_ID, REFUNDEDAMOUNT, PAYMENTDATE, EXPORTID, MEMO, TRANSACTIONSTATUS, APPLIEDON, FINANCINGOPERATOR, MODIFIEDON, PROJECT_ID, IMPORTID, ACTIVE, AMOUNT, AUTHORIZATIONSIGNATURE, CREATEDBY_ID, EXTERNALID, RECORD_UPDATE_DATE, CUSTOMER_ID, CREATEDON, SETTLEMENTDATE, TENANT_TYPE, BUSINESSUNIT_ID, CHECKNUMBER, CREDITAVAILABLE, METHOD, SETTLEMENTSTATUS, TYPE_ID, PAIDON, RECORD_CREATE_DATE, STATUS, ACTIVE_FLAG, AGREEMENTLANGUAGE, BATCH_ID, DEFERREDINTEREST, ID, NUMBER, SOURCE, STOREDPAYMENT_ID, UNAPPLIEDAMOUNT]
Column names for Curated Table --> DIM_PAYMENT :: [DEFERREDINTEREST, PAIDON, SOURCE, TENANT_TYPE, PAYMENTDATE, TYPE_ID, ACTIVE, INVOICE_ID, ESTIMATE_ID, UNAPPLIEDAMOUNT, STATUS, CREATEDBY_ID, CUSTOMER_ID, EXPORTID, IMPORTID, TRANSACTION, MEMO, RECORD_UPDATE_DATE, TRANSACTIONSTATUS, AMOUNT, AUTHORIZATIONSIGNATURE, CHECKNUMBER, MODIFIEDON, EXTERNALID, PROJECT_ID, APPLIEDON, BATCH_ID, CREATEDON, FINANCINGOPERATOR, ID, RECORD_UPDATED_BY, REFUNDEDAMOUNT, SETTLEMENTSTATUS, BUSINESSUNIT_ID, METHOD, AGREEMENTLANGUAGE, CREDITAVAILABLE, NUMBER, RECORD_CREATE_DATE, SETTLEMENTDATE, STOREDPAYMENT_ID]
Column Name found in Datamart and Curated Table :: AGREEMENTLANGUAGE
Column Name found in Datamart and Curated Table :: FINANCINGOPERATOR
Column Name found in Datamart and Curated Table :: TRANSACTIONSTATUS
Column Name found in Datamart and Curated Table :: INVOICE_ID
Column Name found in Datamart and Curated Table :: CHECKNUMBER
Column Name found in Datamart and Curated Table :: AMOUNT
Column Name found in Datamart and Curated Table :: SETTLEMENTDATE
Column Name found in Datamart and Curated Table :: PROJECT_ID
Column Name found in Datamart and Curated Table :: BUSINESSUNIT_ID
Column Name found in Datamart and Curated Table :: CREATEDBY_ID
Column Name found in Datamart and Curated Table :: CREATEDON
Column Name found in Datamart and Curated Table :: CREDITAVAILABLE
Column Name found in Datamart and Curated Table :: UNAPPLIEDAMOUNT
Column Name found in Datamart and Curated Table :: EXPORTID
Column Name found in Datamart and Curated Table :: AUTHORIZATIONSIGNATURE
Column Name found in Datamart and Curated Table :: BATCH_ID
Column Name found in Datamart and Curated Table :: DEFERREDINTEREST
Column Name found in Datamart and Curated Table :: EXTERNALID
Column Name found in Datamart and Curated Table :: METHOD
Column Name found in Datamart and Curated Table :: MEMO
Column Name found in Datamart and Curated Table :: STATUS
Column Name found in Datamart and Curated Table :: ACTIVE
Column Name found in Datamart and Curated Table :: CUSTOMER_ID
Column Name found in Datamart and Curated Table :: ESTIMATE_ID
Column Name found in Datamart and Curated Table :: NUMBER
Column Name found in Datamart and Curated Table :: SETTLEMENTSTATUS
Column Name found in Datamart and Curated Table :: SOURCE
Column Name found in Datamart and Curated Table :: STOREDPAYMENT_ID
Column Name found in Datamart and Curated Table :: ID
Column Name found in Datamart and Curated Table :: IMPORTID
Column Name found in Datamart and Curated Table :: PAIDON
Column Name found in Datamart and Curated Table :: MODIFIEDON
Column Name found in Datamart and Curated Table :: TYPE_ID
Column Name found in Datamart and Curated Table :: REFUNDEDAMOUNT
Column Name found in Datamart and Curated Table :: TRANSACTION
Column Name found in Datamart and Curated Table :: APPLIEDON
Column Name found in Datamart and Curated Table :: PAYMENTDATE
Column Name found in Datamart and Curated Table :: TENANT_TYPE
Datamart tables contains additional column name like [ACTIVE_FLAG, RECORD_CREATE_DATE, RECORD_UPDATE_DATE, MASTER_ID]
Curated tables contains additional column name like [RECORD_CREATE_DATE, RECORD_UPDATE_DATE, RECORD_UPDATED_BY]]]>
  </system-out>
  <testcase classname="testcases.RAW_DATAMART_CURATED.SnowFlake_ColumnValidation_APITables" name="validateColumnName_BKP" time="2.653"/>
  <system-out>
    <![CDATA[Executing Snowflake query :: SELECT COLUMN_NAME FROM DEV_ENT_RAW.INFORMATION_SCHEMA.COLUMNS WHERE TABLE_NAME='ST_API_JOB'and TABLE_SCHEMA='API_MAT'
Executing Snowflake query :: SELECT COLUMN_NAME FROM CURATED_DATAMART.INFORMATION_SCHEMA.COLUMNS WHERE TABLE_NAME='STR_API_JOB'and TABLE_SCHEMA='ST_API_SNELLHEATINGAIR'
Executing Snowflake query :: SELECT COLUMN_NAME FROM DEV_ENT_CURATED.INFORMATION_SCHEMA.COLUMNS WHERE TABLE_NAME='DIM_JOB'and TABLE_SCHEMA='MASTER_DIMENSIONS'
Column names for RAW Table --> ST_API_JOB :: [ACTIVE, CUSTOMER_ID, MANAGEEMPLOYEEEMAIL, MONTHNUMBER, NOCHARGESOURCE, START, CAMPAIGN_ID, LASTCHANGEDBYSMARTDISPATCH, OPPORTUNITYDATE, PREVAILINGWAGEJOBNUMBER, PROJECT_ID, PRIORITY, DRIVETIME, PLANEND, PREDICTEDTOTAL, STATUS, TOTAL, APPROXIMATESTARTDATE, ESTIMATEDCOST, IMPORTID, PROJECTEDVALUE, CREATEDFROMESTIMATESTATUSWHENBOOKING, ISAUTODISPATCHED, NOTIFICATIONSENABLED, COMPLETEDON, CREATEDBY_ID, CUSTOMERPO, ID, LEADGENERATED_ID, LOCATION_ID, PMDATE, PREVAILINGWAGECODE_ID, APPROXIMATEENDDATE, COMPLETIONSURVEYID, CREATEDON, REASSIGNMENTPENALTY, NUMBER, CREATEDFROMESTIMATE_ID, ISCONFIRMED, LATEPENALTY, OPPORTUNITY_ID, PLANSTART, DRIVINGCOST, GENERATEDFROM_ID, SOLDBY_ID, RECALLFOR_ID, CALLSCRIPTANSWERRECORD_ID, DURATION, INVOICE_ID, ISPREVAILINGWAGE, NOCHARGE, SMARTDISPATCHDATA_JOB, LASTAPPOINTMENT_ID, BUSINESSUNIT_ID, FIRSTAPPOINTMENT_ID, GENERATEDBY_ID, ISTECHNICIANSPECIFIC, UNION, WARRANTYFOR_ID, MEMBERSHIP_ID, TYPE_ID, MODIFIEDON, ALLOTTEDTIME, END, EXTERNALID, SECONDARYJOBNUMBER, LEAD_ID, MANAGEFOLLOWUPEMAIL, PREDICTEDSALES, SUMMARY, TENANT_TYPE]
Column names for DataMart Table --> STR_API_JOB :: [ACTIVE, ALLOTTEDTIME, CAMPAIGN_ID, EXTERNALID, LASTCHANGEDBYSMARTDISPATCH, PREDICTEDSALES, PROJECT_ID, SECONDARYJOBNUMBER, STATUS, LATEPENALTY, NUMBER, IMPORTID, PREVAILINGWAGECODE_ID, FIRSTAPPOINTMENT_ID, APPROXIMATEENDDATE, CREATEDFROMESTIMATE_ID, CUSTOMERPO, RECORD_UPDATE_DATE, APPROXIMATESTARTDATE, COMPLETEDON, CREATEDFROMESTIMATESTATUSWHENBOOKING, ISAUTODISPATCHED, MANAGEEMPLOYEEEMAIL, MASTER_ID, PREDICTEDTOTAL, LASTAPPOINTMENT_ID, OPPORTUNITYDATE, TYPE_ID, UNION, CREATEDBY_ID, ISCONFIRMED, MEMBERSHIP_ID, SMARTDISPATCHDATA_JOB, START, DRIVETIME, ESTIMATEDCOST, LOCATION_ID, NOCHARGE, NOTIFICATIONSENABLED, WARRANTYFOR_ID, PMDATE, CALLSCRIPTANSWERRECORD_ID, COMPLETIONSURVEYID, DRIVINGCOST, ID, TENANT_TYPE, ISPREVAILINGWAGE, ISTECHNICIANSPECIFIC, LEAD_ID, MANAGEFOLLOWUPEMAIL, TOTAL, ACTIVE_FLAG, GENERATEDFROM_ID, INVOICE_ID, PREVAILINGWAGEJOBNUMBER, BUSINESSUNIT_ID, CUSTOMER_ID, END, NOCHARGESOURCE, REASSIGNMENTPENALTY, SUMMARY, LEADGENERATED_ID, OPPORTUNITY_ID, PLANSTART, CREATEDON, GENERATEDBY_ID, MODIFIEDON, MONTHNUMBER, PRIORITY, PROJECTEDVALUE, RECORD_CREATE_DATE, DURATION, PLANEND, RECALLFOR_ID, SOLDBY_ID]
Column names for Curated Table --> DIM_JOB :: [LASTCHANGEDBYSMARTDISPATCH, PROJECTEDVALUE, TYPE_ID, EXTERNALID, NOCHARGESOURCE, PMDATE, RECALLFOR_ID, START, ACTIVE, ISAUTODISPATCHED, MONTHNUMBER, PRIORITY, CREATEDON, OPPORTUNITYDATE, PREVAILINGWAGEJOBNUMBER, RECORD_CREATE_DATE, CREATEDBY_ID, LASTAPPOINTMENT_ID, MANAGEEMPLOYEEEMAIL, TOTAL, APPROXIMATESTARTDATE, GENERATEDBY_ID, MANAGEFOLLOWUPEMAIL, RECORD_UPDATED_BY, WARRANTYFOR_ID, UNION, CREATEDFROMESTIMATE_ID, REASSIGNMENTPENALTY, PREDICTEDSALES, LATEPENALTY, DURATION, DRIVETIME, STATUS, SUMMARY, IMPORTID, NOTIFICATIONSENABLED, RECORD_UPDATE_DATE, ALLOTTEDTIME, COMPLETEDON, CUSTOMERPO, GENERATEDFROM_ID, ISTECHNICIANSPECIFIC, LOCATION_ID, PLANEND, MODIFIEDON, PREVAILINGWAGECODE_ID, SECONDARYJOBNUMBER, END, OPPORTUNITY_ID, APPROXIMATEENDDATE, BUSINESSUNIT_ID, CALLSCRIPTANSWERRECORD_ID, CUSTOMER_ID, DRIVINGCOST, ESTIMATEDCOST, FIRSTAPPOINTMENT_ID, PROJECT_ID, SOLDBY_ID, NOCHARGE, ISCONFIRMED, LEADGENERATED_ID, CAMPAIGN_ID, COMPLETIONSURVEYID, CREATEDFROMESTIMATESTATUSWHENBOOKING, ID, INVOICE_ID, ISPREVAILINGWAGE, LEAD_ID, MEMBERSHIP_ID, PLANSTART, SMARTDISPATCHDATA_JOB, TENANT_TYPE, PREDICTEDTOTAL, NUMBER]
Column Name found in Datamart and Curated Table :: ACTIVE
Column Name found in Datamart and Curated Table :: CUSTOMER_ID
Column Name found in Datamart and Curated Table :: MANAGEEMPLOYEEEMAIL
Column Name found in Datamart and Curated Table :: MONTHNUMBER
Column Name found in Datamart and Curated Table :: NOCHARGESOURCE
Column Name found in Datamart and Curated Table :: START
Column Name found in Datamart and Curated Table :: CAMPAIGN_ID
Column Name found in Datamart and Curated Table :: LASTCHANGEDBYSMARTDISPATCH
Column Name found in Datamart and Curated Table :: OPPORTUNITYDATE
Column Name found in Datamart and Curated Table :: PREVAILINGWAGEJOBNUMBER
Column Name found in Datamart and Curated Table :: PROJECT_ID
Column Name found in Datamart and Curated Table :: PRIORITY
Column Name found in Datamart and Curated Table :: DRIVETIME
Column Name found in Datamart and Curated Table :: PLANEND
Column Name found in Datamart and Curated Table :: PREDICTEDTOTAL
Column Name found in Datamart and Curated Table :: STATUS
Column Name found in Datamart and Curated Table :: TOTAL
Column Name found in Datamart and Curated Table :: APPROXIMATESTARTDATE
Column Name found in Datamart and Curated Table :: ESTIMATEDCOST
Column Name found in Datamart and Curated Table :: IMPORTID
Column Name found in Datamart and Curated Table :: PROJECTEDVALUE
Column Name found in Datamart and Curated Table :: CREATEDFROMESTIMATESTATUSWHENBOOKING
Column Name found in Datamart and Curated Table :: ISAUTODISPATCHED
Column Name found in Datamart and Curated Table :: NOTIFICATIONSENABLED
Column Name found in Datamart and Curated Table :: COMPLETEDON
Column Name found in Datamart and Curated Table :: CREATEDBY_ID
Column Name found in Datamart and Curated Table :: CUSTOMERPO
Column Name found in Datamart and Curated Table :: ID
Column Name found in Datamart and Curated Table :: LEADGENERATED_ID
Column Name found in Datamart and Curated Table :: LOCATION_ID
Column Name found in Datamart and Curated Table :: PMDATE
Column Name found in Datamart and Curated Table :: PREVAILINGWAGECODE_ID
Column Name found in Datamart and Curated Table :: APPROXIMATEENDDATE
Column Name found in Datamart and Curated Table :: COMPLETIONSURVEYID
Column Name found in Datamart and Curated Table :: CREATEDON
Column Name found in Datamart and Curated Table :: REASSIGNMENTPENALTY
Column Name found in Datamart and Curated Table :: NUMBER
Column Name found in Datamart and Curated Table :: CREATEDFROMESTIMATE_ID
Column Name found in Datamart and Curated Table :: ISCONFIRMED
Column Name found in Datamart and Curated Table :: LATEPENALTY
Column Name found in Datamart and Curated Table :: OPPORTUNITY_ID
Column Name found in Datamart and Curated Table :: PLANSTART
Column Name found in Datamart and Curated Table :: DRIVINGCOST
Column Name found in Datamart and Curated Table :: GENERATEDFROM_ID
Column Name found in Datamart and Curated Table :: SOLDBY_ID
Column Name found in Datamart and Curated Table :: RECALLFOR_ID
Column Name found in Datamart and Curated Table :: CALLSCRIPTANSWERRECORD_ID
Column Name found in Datamart and Curated Table :: DURATION
Column Name found in Datamart and Curated Table :: INVOICE_ID
Column Name found in Datamart and Curated Table :: ISPREVAILINGWAGE
Column Name found in Datamart and Curated Table :: NOCHARGE
Column Name found in Datamart and Curated Table :: SMARTDISPATCHDATA_JOB
Column Name found in Datamart and Curated Table :: LASTAPPOINTMENT_ID
Column Name found in Datamart and Curated Table :: BUSINESSUNIT_ID
Column Name found in Datamart and Curated Table :: FIRSTAPPOINTMENT_ID
Column Name found in Datamart and Curated Table :: GENERATEDBY_ID
Column Name found in Datamart and Curated Table :: ISTECHNICIANSPECIFIC
Column Name found in Datamart and Curated Table :: UNION
Column Name found in Datamart and Curated Table :: WARRANTYFOR_ID
Column Name found in Datamart and Curated Table :: MEMBERSHIP_ID
Column Name found in Datamart and Curated Table :: TYPE_ID
Column Name found in Datamart and Curated Table :: MODIFIEDON
Column Name found in Datamart and Curated Table :: ALLOTTEDTIME
Column Name found in Datamart and Curated Table :: END
Column Name found in Datamart and Curated Table :: EXTERNALID
Column Name found in Datamart and Curated Table :: SECONDARYJOBNUMBER
Column Name found in Datamart and Curated Table :: LEAD_ID
Column Name found in Datamart and Curated Table :: MANAGEFOLLOWUPEMAIL
Column Name found in Datamart and Curated Table :: PREDICTEDSALES
Column Name found in Datamart and Curated Table :: SUMMARY
Column Name found in Datamart and Curated Table :: TENANT_TYPE
Datamart tables contains additional column name like [ACTIVE_FLAG, RECORD_CREATE_DATE, RECORD_UPDATE_DATE, MASTER_ID]
Curated tables contains additional column name like [RECORD_CREATE_DATE, RECORD_UPDATE_DATE, RECORD_UPDATED_BY]]]>
  </system-out>
  <testcase classname="testcases.RAW_DATAMART_CURATED.SnowFlake_ColumnValidation_APITables" name="validateColumnName_BKP" time="2.888"/>
  <system-out>
    <![CDATA[Executing Snowflake query :: SELECT COLUMN_NAME FROM DEV_ENT_RAW.INFORMATION_SCHEMA.COLUMNS WHERE TABLE_NAME='ST_API_BUSINESSUNIT'and TABLE_SCHEMA='API_MAT'
Executing Snowflake query :: SELECT COLUMN_NAME FROM CURATED_DATAMART.INFORMATION_SCHEMA.COLUMNS WHERE TABLE_NAME='STR_API_BUSINESSUNIT'and TABLE_SCHEMA='ST_API_HDAIR'
Executing Snowflake query :: SELECT COLUMN_NAME FROM DEV_ENT_CURATED.INFORMATION_SCHEMA.COLUMNS WHERE TABLE_NAME='DIM_BUSINESSUNIT'and TABLE_SCHEMA='MASTER_DIMENSIONS'
Column names for RAW Table --> ST_API_BUSINESSUNIT :: [ADDRESS_ZIP, CORPORATECONTRACTNUMBER, CREDITCARDPROCESSORLOGIN, DATA, FRANCHISEEINFO_NAME, FRANCHISEEINFO_TRUCKSOPERATING, INVOICEHEADER, MATERIALSKUREFERENCE_SKUTYPE, OFFERWORKERSCOMPENSATION, PAYROLLIDLETIMEDOUBLEOVERTIMEPAYCODE_ID, CREATEDBY_ID, FRANCHISEEINFO_COMMENTS, INSURANCECOMPANYPHONE, MATERIALSKU_ID, PAYROLLFLATFEEMINIMUM, SERVICEFINANCEDEALERNAME, PAYROLLSOLDBYPAYCODE, CONSTRUCTION, INSURANCECOMPANYNAME, ENABLEWORKORDERS, FINANCEITACCOUNTEMAIL, PAYROLLTYPE, PHONENUMBER, POSTDATE, TRADE_ID, WORLDPAYSUBID, PAYROLLJOBHOURSSTANDARDPAYCODE_ID, PAYROLLTASKBONUSPAYCODE, PAYROLLJOBHOURSOTPAYCODE, ACTIVATIONLOCKED, ADDRESS_STATE, COMMISSIONCALCULATION, OFFERCOMMERCIALGENERALLIABILITY, PAYROLLTASKBONUSPAYCODENEW, ADDRESS_STREET, JOBBOOKEDALERTRECIPIENTS, MINIMUMROYALTYFEE, QUICKBOOKSROOTSALESACCOUNT, TURNSCONTRACTORID, FRANCHISEEINFO_PIVOTALNUMBER, MEALAPPOINTMENT_ID, NOCHARGECOMMERCIAL, PAYROLLPERCENTAGEFEEMINIMUM, PAYROLLTURNOVERBONUSPAYCODENEW, ADDRESS_ISMILITARY, CURRENCY, OVERTIMEMODE, ADDRESS_LATITUDE, BANKACCOUNTPROCESSOR_ID, DIVISIONNAME, FINANCEITPARTNERID, MODIFIEDON, PAYMENTPROCESSOR, QUICKBOOKSCLASS, SERVICEFINANCEDEALERID, WORLDPAYACCOUNTID, AUTHORIZATIONAGREEMENT_ORIGINALFILENAME, CREATEDON, DIVISION_ID, ENABLEWORKORDERSEQUIPMENTFORMATTING, ESTIMATEAUTHORIZATIONPARAGRAPH, HIDEPRICES, NAME, NAVISIONOVERTIMEEARNINGCODE, NOCHARGE, PAYMENTOPTIONS, PAYROLLSOLDBYPAYCODENEW, PAYROLLTURNOVERBONUSPAYCODE, PAYROLLIDLETIMESTANDARDPAYCODE_ID, THREEDAYCANCELATIONPARAGRAPH, PAYROLLWEIGHTEDOVERTIMEPAYCODE_ID, AUTHORIZATIONPARAGRAPH, ACKNOWLEDGEMENTAGREEMENT_FILENAME, ADDRESS_CITY, ADDRESS_ISMANUALCOORDINATES, ADDRESS_UNIT, CALIFORNIACOMPLIANTCONTRACTDOCUMENTS, EMAIL, IMPORTID, ADDRESS_LONGITUDE, GOAL, OFFICIALNAME, PAYROLLFLATFEE, PAYROLLIDLETIMEOVERTIMEPAYCODE_ID, PAYROLLJOBHOURSDOUBLEOVERTIMEPAYCODE_ID, QUICKBOOKSOAUTHSETTINGS, PAYROLLCOSTMARKUP, TGLBONUS, PAYROLLIDLETIMESTPAYCODE, ACTIVE, ACKNOWLEDGEMENTAGREEMENT_ORIGINALFILENAME, ADDRESS_COUNTRY, AUTHORIZATIONAGREEMENT_FILENAME, CREDITCARDPROCESSORKEY, CREDITCARDPROCESSOR_ID, FINANCEITAUTHTOKEN, FRANCHISEEINFO_CONTRACT, INVOICEMESSAGE, NAVISIONSTANDARDTIMEEARNINGCODE, PAYROLLEXPENSEDEDUCTIONTRIGGER, PAYROLLIDLETIMEOTPAYCODE, PAYROLLWEIGHTEDOTPAYCODE, DEFAULTTAXRATE, ID, PAYROLLPERCENTAGEFEE, PAYROLLJOBHOURSOVERTIMEPAYCODE_ID, WARRANTYRATE, GREENSKYMERCHANTID, PAYROLLJOBHOURSSTPAYCODE, LOGO, NAVISIONGLCODE, SELLERFEE, ACKNOWLEDGEMENTPARAGRAPH, EXTERNALID, HVACDASHBOARDSECTIONS, INTACCTENTITY_ID, FRANCHISEEINFO_GST, LICENSENUMBER, NOCHARGERESIDENTIAL, INTEGRATEDREFUNDS_ID, MATERIALSKUREFERENCE_SKUID, TURNOVERMINIMUMTHRESHOLD, PAYROLLINVOICEBONUSPAYCODE_ID, WORLDPAYMERCHANTPIN, TENANT_TYPE]
Column names for DataMart Table --> STR_API_BUSINESSUNIT :: [BANKACCOUNTPROCESSOR_ID, BCCEMAIL, CORPORATECONTRACTNUMBER, INVOICEHEADER, NOCHARGECOMMERCIAL, OVERTIMEMODE, QUICKBOOKSOAUTHSETTINGS, TRADE_ID, PAYROLLIDLETIMESTANDARDPAYCODE_ID, RECORD_CREATE_DATE, ACKNOWLEDGEMENTAGREEMENT_ORIGINALFILENAME, ACTIVE_FLAG, ADDRESS_LATITUDE, ADDRESS_STATE, ADDRESS_STREET, AUTHORIZATIONAGREEMENT_FILENAME, CREATEDBY_ID, FRANCHISEEINFO_CONTRACT, INTACCTENTITY_ID, JOBBOOKEDALERTRECIPIENTS, PAYROLLIDLETIMESTPAYCODE, NAVISIONSTANDARDTIMEEARNINGCODE, NOCHARGERESIDENTIAL, PAYROLLINVOICEBONUSPAYCODE_ID, PAYROLLPERCENTAGEFEEMINIMUM, PAYROLLSOLDBYPAYCODE, PAYROLLTURNOVERBONUSPAYCODE, PAYROLLPERCENTAGEFEE, DIVISION_ID, INSURANCECOMPANYPHONE, PAYROLLJOBHOURSDOUBLEOVERTIMEPAYCODE_ID, IMPORTID, ADDRESS_LONGITUDE, AUTHORIZATIONAGREEMENT_ORIGINALFILENAME, COMMISSIONCALCULATION, CREDITCARDPROCESSORLOGIN, CREDITCARDPROCESSOR_ID, DATA, FINANCEITAUTHTOKEN, PAYROLLEXPENSEDEDUCTIONTRIGGER, PAYROLLFLATFEEMINIMUM, ESTIMATEAUTHORIZATIONPARAGRAPH, INTEGRATEDREFUNDS_ID, MINIMUMROYALTYFEE, OFFICIALNAME, RECORD_UPDATE_DATE, FRANCHISEEINFO_GST, PAYROLLTYPE, TENANT_TYPE, EMAIL, TURNOVERMINIMUMTHRESHOLD, PAYROLLJOBHOURSSTPAYCODE, ACTIVE, AUTHORIZATIONPARAGRAPH, CALIFORNIACOMPLIANTCONTRACTDOCUMENTS, FINANCEITACCOUNTEMAIL, MATERIALSKUREFERENCE_SKUID, NOCHARGE, PAYMENTOPTIONS, CREATEDON, MATERIALSKUREFERENCE_SKUTYPE, MODIFIEDON, SERVICEFINANCEDEALERNAME, TGLBONUS, TURNSCONTRACTORID, FRANCHISEEINFO_PIVOTALNUMBER, ENABLEWORKORDERSEQUIPMENTFORMATTING, EXTERNALID, ID, ACKNOWLEDGEMENTAGREEMENT_FILENAME, ADDRESS_ZIP, DEFAULTTAXRATE, DIVISIONNAME, HVACDASHBOARDSECTIONS, NAVISIONGLCODE, MEALAPPOINTMENT_ID, PAYROLLIDLETIMEOTPAYCODE, POSTDATE, QUICKBOOKSROOTSALESACCOUNT, PAYROLLIDLETIMEDOUBLEOVERTIMEPAYCODE_ID, PAYROLLWEIGHTEDOTPAYCODE, SERVICEFINANCEDEALERID, ENABLEWORKORDERS, FRANCHISEEINFO_COMMENTS, QUICKBOOKSCLASS, OFFERCOMMERCIALGENERALLIABILITY, ADDRESS_CITY, ADDRESS_COUNTRY, CONSTRUCTION, CREDITCARDPROCESSORKEY, MASTER_ID, PAYROLLSOLDBYPAYCODENEW, GOAL, GREENSKYMERCHANTID, PAYROLLCOSTMARKUP, PAYROLLJOBHOURSOVERTIMEPAYCODE_ID, PAYROLLJOBHOURSSTANDARDPAYCODE_ID, WORLDPAYSUBID, PAYROLLFLATFEE, PAYROLLTASKBONUSPAYCODE, THREEDAYCANCELATIONPARAGRAPH, FRANCHISEEINFO_TRUCKSOPERATING, WARRANTYRATE, ACTIVATIONLOCKED, ADDRESS_ISMANUALCOORDINATES, ADDRESS_UNIT, FINANCEITPARTNERID, LOGO, PAYMENTPROCESSOR, ADDRESS_ISMILITARY, CURRENCY, LICENSENUMBER, MATERIALSKU_ID, NAVISIONOVERTIMEEARNINGCODE, PAYROLLJOBHOURSOTPAYCODE, PAYROLLWEIGHTEDOVERTIMEPAYCODE_ID, PHONENUMBER, INSURANCECOMPANYNAME, PAYROLLIDLETIMEOVERTIMEPAYCODE_ID, WORLDPAYMERCHANTPIN, ACKNOWLEDGEMENTPARAGRAPH, PAYROLLTURNOVERBONUSPAYCODENEW, WORLDPAYACCOUNTID, FRANCHISEEINFO_NAME, HIDEPRICES, INVOICEMESSAGE, NAME, SELLERFEE, PAYROLLTASKBONUSPAYCODENEW, OFFERWORKERSCOMPENSATION]
Column names for Curated Table --> DIM_BUSINESSUNIT :: [ADDRESS_COUNTRY, ADDRESS_STREET, BANKACCOUNTPROCESSOR_ID, MEALAPPOINTMENT_ID, CREATEDBY_ID, DIVISION_ID, OFFERCOMMERCIALGENERALLIABILITY, PAYMENTPROCESSOR, PAYROLLJOBHOURSSTANDARDPAYCODE_ID, PAYROLLSOLDBYPAYCODE, TGLBONUS, NAME, PAYROLLCOSTMARKUP, PAYROLLJOBHOURSDOUBLEOVERTIMEPAYCODE_ID, LICENSENUMBER, LOGO, OVERTIMEMODE, ACKNOWLEDGEMENTAGREEMENT_ORIGINALFILENAME, AUTHORIZATIONPARAGRAPH, FINANCEITPARTNERID, WARRANTYRATE, FINANCEITACCOUNTEMAIL, PAYROLLTYPE, QUICKBOOKSCLASS, QUICKBOOKSOAUTHSETTINGS, GREENSKYMERCHANTID, CREDITCARDPROCESSORKEY, CREDITCARDPROCESSORLOGIN, CREDITCARDPROCESSOR_ID, DEFAULTTAXRATE, FRANCHISEEINFO_COMMENTS, HVACDASHBOARDSECTIONS, MODIFIEDON, WORLDPAYACCOUNTID, PAYROLLIDLETIMEDOUBLEOVERTIMEPAYCODE_ID, TENANT_TYPE, FRANCHISEEINFO_GST, RECORD_CREATE_DATE, NOCHARGE, PAYMENTOPTIONS, PAYROLLPERCENTAGEFEE, PAYROLLSOLDBYPAYCODENEW, ADDRESS_LONGITUDE, ADDRESS_ZIP, CREATEDON, INTEGRATEDREFUNDS_ID, JOBBOOKEDALERTRECIPIENTS, NAVISIONOVERTIMEEARNINGCODE, PAYROLLINVOICEBONUSPAYCODE_ID, ACTIVE, ADDRESS_STATE, AUTHORIZATIONAGREEMENT_ORIGINALFILENAME, ENABLEWORKORDERS, MATERIALSKU_ID, NAVISIONSTANDARDTIMEEARNINGCODE, PAYROLLJOBHOURSSTPAYCODE, POSTDATE, ADDRESS_ISMILITARY, ADDRESS_LATITUDE, ADDRESS_UNIT, CALIFORNIACOMPLIANTCONTRACTDOCUMENTS, ENABLEWORKORDERSEQUIPMENTFORMATTING, HIDEPRICES, INVOICEHEADER, COMMISSIONCALCULATION, EMAIL, FRANCHISEEINFO_TRUCKSOPERATING, PAYROLLIDLETIMESTANDARDPAYCODE_ID, PAYROLLIDLETIMESTPAYCODE, TRADE_ID, AUTHORIZATIONAGREEMENT_FILENAME, SERVICEFINANCEDEALERID, WORLDPAYMERCHANTPIN, BCCEMAIL, OFFERWORKERSCOMPENSATION, NAVISIONGLCODE, WORLDPAYSUBID, ACKNOWLEDGEMENTAGREEMENT_FILENAME, ACTIVATIONLOCKED, DIVISIONNAME, FINANCEITAUTHTOKEN, FRANCHISEEINFO_PIVOTALNUMBER, INSURANCECOMPANYNAME, PAYROLLWEIGHTEDOVERTIMEPAYCODE_ID, TURNSCONTRACTORID, FRANCHISEEINFO_NAME, MINIMUMROYALTYFEE, PAYROLLEXPENSEDEDUCTIONTRIGGER, PAYROLLPERCENTAGEFEEMINIMUM, RECORD_UPDATED_BY, SERVICEFINANCEDEALERNAME, ESTIMATEAUTHORIZATIONPARAGRAPH, TURNOVERMINIMUMTHRESHOLD, PAYROLLIDLETIMEOVERTIMEPAYCODE_ID, RECORD_UPDATE_DATE, ACKNOWLEDGEMENTPARAGRAPH, ADDRESS_ISMANUALCOORDINATES, INVOICEMESSAGE, MATERIALSKUREFERENCE_SKUID, MATERIALSKUREFERENCE_SKUTYPE, PAYROLLIDLETIMEOTPAYCODE, PAYROLLJOBHOURSOTPAYCODE, PAYROLLJOBHOURSOVERTIMEPAYCODE_ID, CONSTRUCTION, CORPORATECONTRACTNUMBER, DATA, NOCHARGECOMMERCIAL, NOCHARGERESIDENTIAL, PAYROLLTASKBONUSPAYCODE, PAYROLLTASKBONUSPAYCODENEW, QUICKBOOKSROOTSALESACCOUNT, ID, PAYROLLTURNOVERBONUSPAYCODENEW, ADDRESS_CITY, CURRENCY, GOAL, IMPORTID, INSURANCECOMPANYPHONE, PAYROLLTURNOVERBONUSPAYCODE, OFFICIALNAME, PAYROLLFLATFEE, PHONENUMBER, SELLERFEE, THREEDAYCANCELATIONPARAGRAPH, FRANCHISEEINFO_CONTRACT, PAYROLLFLATFEEMINIMUM, PAYROLLWEIGHTEDOTPAYCODE, INTACCTENTITY_ID, EXTERNALID]
Column Name found in Datamart and Curated Table :: ADDRESS_ZIP
Column Name found in Datamart and Curated Table :: CORPORATECONTRACTNUMBER
Column Name found in Datamart and Curated Table :: CREDITCARDPROCESSORLOGIN
Column Name found in Datamart and Curated Table :: DATA
Column Name found in Datamart and Curated Table :: FRANCHISEEINFO_NAME
Column Name found in Datamart and Curated Table :: FRANCHISEEINFO_TRUCKSOPERATING
Column Name found in Datamart and Curated Table :: INVOICEHEADER
Column Name found in Datamart and Curated Table :: MATERIALSKUREFERENCE_SKUTYPE
Column Name found in Datamart and Curated Table :: OFFERWORKERSCOMPENSATION
Column Name found in Datamart and Curated Table :: PAYROLLIDLETIMEDOUBLEOVERTIMEPAYCODE_ID
Column Name found in Datamart and Curated Table :: CREATEDBY_ID
Column Name found in Datamart and Curated Table :: FRANCHISEEINFO_COMMENTS
Column Name found in Datamart and Curated Table :: INSURANCECOMPANYPHONE
Column Name found in Datamart and Curated Table :: MATERIALSKU_ID
Column Name found in Datamart and Curated Table :: PAYROLLFLATFEEMINIMUM
Column Name found in Datamart and Curated Table :: SERVICEFINANCEDEALERNAME
Column Name found in Datamart and Curated Table :: PAYROLLSOLDBYPAYCODE
Column Name found in Datamart and Curated Table :: CONSTRUCTION
Column Name found in Datamart and Curated Table :: INSURANCECOMPANYNAME
Column Name found in Datamart and Curated Table :: ENABLEWORKORDERS
Column Name found in Datamart and Curated Table :: FINANCEITACCOUNTEMAIL
Column Name found in Datamart and Curated Table :: PAYROLLTYPE
Column Name found in Datamart and Curated Table :: PHONENUMBER
Column Name found in Datamart and Curated Table :: POSTDATE
Column Name found in Datamart and Curated Table :: TRADE_ID
Column Name found in Datamart and Curated Table :: WORLDPAYSUBID
Column Name found in Datamart and Curated Table :: PAYROLLJOBHOURSSTANDARDPAYCODE_ID
Column Name found in Datamart and Curated Table :: PAYROLLTASKBONUSPAYCODE
Column Name found in Datamart and Curated Table :: PAYROLLJOBHOURSOTPAYCODE
Column Name found in Datamart and Curated Table :: ACTIVATIONLOCKED
Column Name found in Datamart and Curated Table :: ADDRESS_STATE
Column Name found in Datamart and Curated Table :: COMMISSIONCALCULATION
Column Name found in Datamart and Curated Table :: OFFERCOMMERCIALGENERALLIABILITY
Column Name found in Datamart and Curated Table :: PAYROLLTASKBONUSPAYCODENEW
Column Name found in Datamart and Curated Table :: ADDRESS_STREET
Column Name found in Datamart and Curated Table :: JOBBOOKEDALERTRECIPIENTS
Column Name found in Datamart and Curated Table :: MINIMUMROYALTYFEE
Column Name found in Datamart and Curated Table :: QUICKBOOKSROOTSALESACCOUNT
Column Name found in Datamart and Curated Table :: TURNSCONTRACTORID
Column Name found in Datamart and Curated Table :: FRANCHISEEINFO_PIVOTALNUMBER
Column Name found in Datamart and Curated Table :: MEALAPPOINTMENT_ID
Column Name found in Datamart and Curated Table :: NOCHARGECOMMERCIAL
Column Name found in Datamart and Curated Table :: PAYROLLPERCENTAGEFEEMINIMUM
Column Name found in Datamart and Curated Table :: PAYROLLTURNOVERBONUSPAYCODENEW
Column Name found in Datamart and Curated Table :: ADDRESS_ISMILITARY
Column Name found in Datamart and Curated Table :: CURRENCY
Column Name found in Datamart and Curated Table :: OVERTIMEMODE
Column Name found in Datamart and Curated Table :: ADDRESS_LATITUDE
Column Name found in Datamart and Curated Table :: BANKACCOUNTPROCESSOR_ID
Column Name found in Datamart and Curated Table :: DIVISIONNAME
Column Name found in Datamart and Curated Table :: FINANCEITPARTNERID
Column Name found in Datamart and Curated Table :: MODIFIEDON
Column Name found in Datamart and Curated Table :: PAYMENTPROCESSOR
Column Name found in Datamart and Curated Table :: QUICKBOOKSCLASS
Column Name found in Datamart and Curated Table :: SERVICEFINANCEDEALERID
Column Name found in Datamart and Curated Table :: WORLDPAYACCOUNTID
Column Name found in Datamart and Curated Table :: AUTHORIZATIONAGREEMENT_ORIGINALFILENAME
Column Name found in Datamart and Curated Table :: CREATEDON
Column Name found in Datamart and Curated Table :: DIVISION_ID
Column Name found in Datamart and Curated Table :: ENABLEWORKORDERSEQUIPMENTFORMATTING
Column Name found in Datamart and Curated Table :: ESTIMATEAUTHORIZATIONPARAGRAPH
Column Name found in Datamart and Curated Table :: HIDEPRICES
Column Name found in Datamart and Curated Table :: NAME
Column Name found in Datamart and Curated Table :: NAVISIONOVERTIMEEARNINGCODE
Column Name found in Datamart and Curated Table :: NOCHARGE
Column Name found in Datamart and Curated Table :: PAYMENTOPTIONS
Column Name found in Datamart and Curated Table :: PAYROLLSOLDBYPAYCODENEW
Column Name found in Datamart and Curated Table :: PAYROLLTURNOVERBONUSPAYCODE
Column Name found in Datamart and Curated Table :: PAYROLLIDLETIMESTANDARDPAYCODE_ID
Column Name found in Datamart and Curated Table :: THREEDAYCANCELATIONPARAGRAPH
Column Name found in Datamart and Curated Table :: PAYROLLWEIGHTEDOVERTIMEPAYCODE_ID
Column Name found in Datamart and Curated Table :: AUTHORIZATIONPARAGRAPH
Column Name found in Datamart and Curated Table :: ACKNOWLEDGEMENTAGREEMENT_FILENAME
Column Name found in Datamart and Curated Table :: ADDRESS_CITY
Column Name found in Datamart and Curated Table :: ADDRESS_ISMANUALCOORDINATES
Column Name found in Datamart and Curated Table :: ADDRESS_UNIT
Column Name found in Datamart and Curated Table :: CALIFORNIACOMPLIANTCONTRACTDOCUMENTS
Column Name found in Datamart and Curated Table :: EMAIL
Column Name found in Datamart and Curated Table :: IMPORTID
Column Name found in Datamart and Curated Table :: ADDRESS_LONGITUDE
Column Name found in Datamart and Curated Table :: GOAL
Column Name found in Datamart and Curated Table :: OFFICIALNAME
Column Name found in Datamart and Curated Table :: PAYROLLFLATFEE
Column Name found in Datamart and Curated Table :: PAYROLLIDLETIMEOVERTIMEPAYCODE_ID
Column Name found in Datamart and Curated Table :: PAYROLLJOBHOURSDOUBLEOVERTIMEPAYCODE_ID
Column Name found in Datamart and Curated Table :: QUICKBOOKSOAUTHSETTINGS
Column Name found in Datamart and Curated Table :: PAYROLLCOSTMARKUP
Column Name found in Datamart and Curated Table :: TGLBONUS
Column Name found in Datamart and Curated Table :: PAYROLLIDLETIMESTPAYCODE
Column Name found in Datamart and Curated Table :: ACTIVE
Column Name found in Datamart and Curated Table :: ACKNOWLEDGEMENTAGREEMENT_ORIGINALFILENAME
Column Name found in Datamart and Curated Table :: ADDRESS_COUNTRY
Column Name found in Datamart and Curated Table :: AUTHORIZATIONAGREEMENT_FILENAME
Column Name found in Datamart and Curated Table :: CREDITCARDPROCESSORKEY
Column Name found in Datamart and Curated Table :: CREDITCARDPROCESSOR_ID
Column Name found in Datamart and Curated Table :: FINANCEITAUTHTOKEN
Column Name found in Datamart and Curated Table :: FRANCHISEEINFO_CONTRACT
Column Name found in Datamart and Curated Table :: INVOICEMESSAGE
Column Name found in Datamart and Curated Table :: NAVISIONSTANDARDTIMEEARNINGCODE
Column Name found in Datamart and Curated Table :: PAYROLLEXPENSEDEDUCTIONTRIGGER
Column Name found in Datamart and Curated Table :: PAYROLLIDLETIMEOTPAYCODE
Column Name found in Datamart and Curated Table :: PAYROLLWEIGHTEDOTPAYCODE
Column Name found in Datamart and Curated Table :: DEFAULTTAXRATE
Column Name found in Datamart and Curated Table :: ID
Column Name found in Datamart and Curated Table :: PAYROLLPERCENTAGEFEE
Column Name found in Datamart and Curated Table :: PAYROLLJOBHOURSOVERTIMEPAYCODE_ID
Column Name found in Datamart and Curated Table :: WARRANTYRATE
Column Name found in Datamart and Curated Table :: GREENSKYMERCHANTID
Column Name found in Datamart and Curated Table :: PAYROLLJOBHOURSSTPAYCODE
Column Name found in Datamart and Curated Table :: LOGO
Column Name found in Datamart and Curated Table :: NAVISIONGLCODE
Column Name found in Datamart and Curated Table :: SELLERFEE
Column Name found in Datamart and Curated Table :: ACKNOWLEDGEMENTPARAGRAPH
Column Name found in Datamart and Curated Table :: EXTERNALID
Column Name found in Datamart and Curated Table :: HVACDASHBOARDSECTIONS
Column Name found in Datamart and Curated Table :: INTACCTENTITY_ID
Column Name found in Datamart and Curated Table :: FRANCHISEEINFO_GST
Column Name found in Datamart and Curated Table :: LICENSENUMBER
Column Name found in Datamart and Curated Table :: NOCHARGERESIDENTIAL
Column Name found in Datamart and Curated Table :: INTEGRATEDREFUNDS_ID
Column Name found in Datamart and Curated Table :: MATERIALSKUREFERENCE_SKUID
Column Name found in Datamart and Curated Table :: TURNOVERMINIMUMTHRESHOLD
Column Name found in Datamart and Curated Table :: PAYROLLINVOICEBONUSPAYCODE_ID
Column Name found in Datamart and Curated Table :: WORLDPAYMERCHANTPIN
Column Name found in Datamart and Curated Table :: TENANT_TYPE
Datamart tables contains additional column name like [ACTIVE_FLAG, RECORD_CREATE_DATE, RECORD_UPDATE_DATE, MASTER_ID]
Curated tables contains additional column name like [RECORD_CREATE_DATE, RECORD_UPDATE_DATE, RECORD_UPDATED_BY]]]>
  </system-out>
  <testcase classname="testcases.RAW_DATAMART_CURATED.SnowFlake_ColumnValidation_APITables" name="validateColumnName_BKP" time="2.314"/>
  <system-out>
    <![CDATA[Executing Snowflake query :: SELECT COLUMN_NAME FROM DEV_ENT_RAW.INFORMATION_SCHEMA.COLUMNS WHERE TABLE_NAME='ST_API_HOLDJOBREASON'and TABLE_SCHEMA='API_MAT'
Executing Snowflake query :: SELECT COLUMN_NAME FROM CURATED_DATAMART.INFORMATION_SCHEMA.COLUMNS WHERE TABLE_NAME='STR_API_HOLDJOBREASON'and TABLE_SCHEMA='ST_API_HENDERSON'
Executing Snowflake query :: SELECT COLUMN_NAME FROM DEV_ENT_CURATED.INFORMATION_SCHEMA.COLUMNS WHERE TABLE_NAME='DIM_HOLDJOBREASON'and TABLE_SCHEMA='MASTER_DIMENSIONS'
Column names for RAW Table --> ST_API_HOLDJOBREASON :: [ID, ACTIVE, MODIFIEDON, CREATEDBY_ID, CREATEDON, NAME, IMPORTID, TENANT_TYPE]
Column names for DataMart Table --> STR_API_HOLDJOBREASON :: [CREATEDON, ACTIVE, ID, IMPORTID, MODIFIEDON, TENANT_TYPE, MASTER_ID, NAME, RECORD_UPDATE_DATE, ACTIVE_FLAG, RECORD_CREATE_DATE, CREATEDBY_ID]
Column names for Curated Table --> DIM_HOLDJOBREASON :: [ACTIVE, ID, NAME, RECORD_UPDATED_BY, CREATEDON, MODIFIEDON, RECORD_CREATE_DATE, RECORD_UPDATE_DATE, TENANT_TYPE, IMPORTID, CREATEDBY_ID]
Column Name found in Datamart and Curated Table :: ID
Column Name found in Datamart and Curated Table :: ACTIVE
Column Name found in Datamart and Curated Table :: MODIFIEDON
Column Name found in Datamart and Curated Table :: CREATEDBY_ID
Column Name found in Datamart and Curated Table :: CREATEDON
Column Name found in Datamart and Curated Table :: NAME
Column Name found in Datamart and Curated Table :: IMPORTID
Column Name found in Datamart and Curated Table :: TENANT_TYPE
Datamart tables contains additional column name like [ACTIVE_FLAG, RECORD_CREATE_DATE, RECORD_UPDATE_DATE, MASTER_ID]
Curated tables contains additional column name like [RECORD_CREATE_DATE, RECORD_UPDATE_DATE, RECORD_UPDATED_BY]]]>
  </system-out>
  <testcase classname="testcases.RAW_DATAMART_CURATED.SnowFlake_ColumnValidation_APITables" name="validateColumnName_BKP" time="2.059"/>
  <system-out>
    <![CDATA[Executing Snowflake query :: SELECT COLUMN_NAME FROM DEV_ENT_RAW.INFORMATION_SCHEMA.COLUMNS WHERE TABLE_NAME='ST_API_PAYMENTSPLIT'and TABLE_SCHEMA='API_MAT'
Executing Snowflake query :: SELECT COLUMN_NAME FROM CURATED_DATAMART.INFORMATION_SCHEMA.COLUMNS WHERE TABLE_NAME='STR_API_PAYMENTSPLIT'and TABLE_SCHEMA='ST_API_BILLFENWICK'
Executing Snowflake query :: SELECT COLUMN_NAME FROM DEV_ENT_CURATED.INFORMATION_SCHEMA.COLUMNS WHERE TABLE_NAME='DIM_PAYMENTSPLIT'and TABLE_SCHEMA='MASTER_DIMENSIONS'
Column names for RAW Table --> ST_API_PAYMENTSPLIT :: [ID, MODIFIEDON, AMOUNT, PAYMENT_ID, PAYSELLERCOMMISSION, IMPORTID, INVOICE_ID, CREATEDON, CREATEDBY_ID, ACTIVE, TENANT_TYPE]
Column names for DataMart Table --> STR_API_PAYMENTSPLIT :: [ACTIVE, MODIFIEDON, PAYSELLERCOMMISSION, ID, INVOICE_ID, ACTIVE_FLAG, PAYMENT_ID, TENANT_TYPE, CREATEDON, AMOUNT, CREATEDBY_ID, IMPORTID, RECORD_CREATE_DATE, RECORD_UPDATE_DATE, MASTER_ID]
Column names for Curated Table --> DIM_PAYMENTSPLIT :: [IMPORTID, PAYSELLERCOMMISSION, CREATEDON, PAYMENT_ID, TENANT_TYPE, MODIFIEDON, AMOUNT, CREATEDBY_ID, INVOICE_ID, ID, RECORD_UPDATED_BY, RECORD_UPDATE_DATE, ACTIVE, RECORD_CREATE_DATE]
Column Name found in Datamart and Curated Table :: ID
Column Name found in Datamart and Curated Table :: MODIFIEDON
Column Name found in Datamart and Curated Table :: AMOUNT
Column Name found in Datamart and Curated Table :: PAYMENT_ID
Column Name found in Datamart and Curated Table :: PAYSELLERCOMMISSION
Column Name found in Datamart and Curated Table :: IMPORTID
Column Name found in Datamart and Curated Table :: INVOICE_ID
Column Name found in Datamart and Curated Table :: CREATEDON
Column Name found in Datamart and Curated Table :: CREATEDBY_ID
Column Name found in Datamart and Curated Table :: ACTIVE
Column Name found in Datamart and Curated Table :: TENANT_TYPE
Datamart tables contains additional column name like [ACTIVE_FLAG, RECORD_CREATE_DATE, RECORD_UPDATE_DATE, MASTER_ID]
Curated tables contains additional column name like [RECORD_CREATE_DATE, RECORD_UPDATE_DATE, RECORD_UPDATED_BY]]]>
  </system-out>
  <testcase classname="testcases.RAW_DATAMART_CURATED.SnowFlake_ColumnValidation_APITables" name="validateColumnName_BKP" time="2.307"/>
  <system-out>
    <![CDATA[Executing Snowflake query :: SELECT COLUMN_NAME FROM DEV_ENT_RAW.INFORMATION_SCHEMA.COLUMNS WHERE TABLE_NAME='ST_API_TECHNICIANSHIFT'and TABLE_SCHEMA='API_MAT'
Executing Snowflake query :: SELECT COLUMN_NAME FROM CURATED_DATAMART.INFORMATION_SCHEMA.COLUMNS WHERE TABLE_NAME='STR_API_TECHNICIANSHIFT'and TABLE_SCHEMA='ST_API_FOURPROS'
Executing Snowflake query :: SELECT COLUMN_NAME FROM DEV_ENT_CURATED.INFORMATION_SCHEMA.COLUMNS WHERE TABLE_NAME='DIM_TECHNICIANSHIFT'and TABLE_SCHEMA='MASTER_DIMENSIONS'
Column names for RAW Table --> ST_API_TECHNICIANSHIFT :: [END, ENDDATE, STARTTIME, ENDTIME, START, TECHNICIAN_ID, ACTIVE, BATCH, CREATEDBY_ID, TITLE, ID, IMPORTID, SHIFTTYPE, STARTDATE, CREATEDON, NOTE, TIMESHEET_ID, TIMESHEETCODE_ID, TENANT_TYPE]
Column names for DataMart Table --> STR_API_TECHNICIANSHIFT :: [ENDDATE, IMPORTID, ACTIVE, ACTIVE_FLAG, BATCH, CREATEDON, END, NOTE, START, SHIFTTYPE, RECORD_CREATE_DATE, ENDTIME, STARTDATE, TITLE, TECHNICIAN_ID, TIMESHEETCODE_ID, CREATEDBY_ID, MASTER_ID, RECORD_UPDATE_DATE, TIMESHEET_ID, ID, TENANT_TYPE, STARTTIME]
Column names for Curated Table --> DIM_TECHNICIANSHIFT :: [CREATEDON, TENANT_TYPE, TITLE, ACTIVE, NOTE, RECORD_CREATE_DATE, END, ID, RECORD_UPDATED_BY, TIMESHEETCODE_ID, IMPORTID, RECORD_UPDATE_DATE, STARTTIME, TECHNICIAN_ID, TIMESHEET_ID, CREATEDBY_ID, ENDDATE, START, SHIFTTYPE, BATCH, ENDTIME, STARTDATE]
Column Name found in Datamart and Curated Table :: END
Column Name found in Datamart and Curated Table :: ENDDATE
Column Name found in Datamart and Curated Table :: STARTTIME
Column Name found in Datamart and Curated Table :: ENDTIME
Column Name found in Datamart and Curated Table :: START
Column Name found in Datamart and Curated Table :: TECHNICIAN_ID
Column Name found in Datamart and Curated Table :: ACTIVE
Column Name found in Datamart and Curated Table :: BATCH
Column Name found in Datamart and Curated Table :: CREATEDBY_ID
Column Name found in Datamart and Curated Table :: TITLE
Column Name found in Datamart and Curated Table :: ID
Column Name found in Datamart and Curated Table :: IMPORTID
Column Name found in Datamart and Curated Table :: SHIFTTYPE
Column Name found in Datamart and Curated Table :: STARTDATE
Column Name found in Datamart and Curated Table :: CREATEDON
Column Name found in Datamart and Curated Table :: NOTE
Column Name found in Datamart and Curated Table :: TIMESHEET_ID
Column Name found in Datamart and Curated Table :: TIMESHEETCODE_ID
Column Name found in Datamart and Curated Table :: TENANT_TYPE
Datamart tables contains additional column name like [ACTIVE_FLAG, RECORD_CREATE_DATE, RECORD_UPDATE_DATE, MASTER_ID]
Curated tables contains additional column name like [RECORD_CREATE_DATE, RECORD_UPDATE_DATE, RECORD_UPDATED_BY]]]>
  </system-out>
  <testcase classname="testcases.RAW_DATAMART_CURATED.SnowFlake_ColumnValidation_APITables" name="validateColumnName_BKP" time="2.064"/>
  <system-out>
    <![CDATA[Executing Snowflake query :: SELECT COLUMN_NAME FROM DEV_ENT_RAW.INFORMATION_SCHEMA.COLUMNS WHERE TABLE_NAME='ST_API_JOBTYPE'and TABLE_SCHEMA='API_MAT'
Executing Snowflake query :: SELECT COLUMN_NAME FROM CURATED_DATAMART.INFORMATION_SCHEMA.COLUMNS WHERE TABLE_NAME='STR_API_JOBTYPE'and TABLE_SCHEMA='ST_API_BILLFENWICK'
Executing Snowflake query :: SELECT COLUMN_NAME FROM DEV_ENT_CURATED.INFORMATION_SCHEMA.COLUMNS WHERE TABLE_NAME='DIM_JOBTYPE'and TABLE_SCHEMA='MASTER_DIMENSIONS'
Column names for RAW Table --> ST_API_JOBTYPE :: [ACTIVE, COMPSTANDARDRATE, ENFORCERECURRINGSERVICEEVENTSELECTION, COMPDOUBLEOVERTIMERATE, COMPOVERTIMERATE, MODIFIEDON, IMAGE, ISAUTODISPATCHED, ISTUNEUP, NAME, CLASS, PRIORITY, IMPORTID, SOLDTHRESHOLD, NOCHARGE, CREATEDBY_ID, CREATEDON, MAXIMUMMATERIALCOSTINPERCENT, PROJECTEDVALUEADJUSTMENT, ID, DURATION, COMPCODE, MINIMUMMATERIALCOSTINPERCENT, SUMMARY, PROJECTLABELS, LIKELIHOOD, TENANT_TYPE]
Column names for DataMart Table --> STR_API_JOBTYPE :: [COMPDOUBLEOVERTIMERATE, NOCHARGE, MASTER_ID, MINIMUMMATERIALCOSTINPERCENT, PRIORITY, COMPCODE, ENFORCERECURRINGSERVICEEVENTSELECTION, TENANT_TYPE, ID, MAXIMUMMATERIALCOSTINPERCENT, MODIFIEDON, CREATEDON, ISAUTODISPATCHED, LIKELIHOOD, NAME, PROJECTLABELS, RECORD_UPDATE_DATE, ISTUNEUP, ACTIVE, ACTIVE_FLAG, CLASS, PROJECTEDVALUEADJUSTMENT, IMAGE, COMPOVERTIMERATE, COMPSTANDARDRATE, CREATEDBY_ID, SOLDTHRESHOLD, SUMMARY, DURATION, IMPORTID, RECORD_CREATE_DATE]
Column names for Curated Table --> DIM_JOBTYPE :: [COMPOVERTIMERATE, PROJECTLABELS, RECORD_UPDATED_BY, MAXIMUMMATERIALCOSTINPERCENT, SUMMARY, NAME, COMPDOUBLEOVERTIMERATE, CREATEDBY_ID, DURATION, ISAUTODISPATCHED, RECORD_UPDATE_DATE, COMPSTANDARDRATE, NOCHARGE, IMPORTID, TENANT_TYPE, ACTIVE, ENFORCERECURRINGSERVICEEVENTSELECTION, ID, ISSMARTDISPATCHEDBYDEFAULTINAPI, ISTUNEUP, CLASS, COMPCODE, MINIMUMMATERIALCOSTINPERCENT, PRIORITY, CREATEDON, LIKELIHOOD, RECORD_CREATE_DATE, SOLDTHRESHOLD, IMAGE, MODIFIEDON, PROJECTEDVALUEADJUSTMENT]
Column Name found in Datamart and Curated Table :: ACTIVE
Column Name found in Datamart and Curated Table :: COMPSTANDARDRATE
Column Name found in Datamart and Curated Table :: ENFORCERECURRINGSERVICEEVENTSELECTION
Column Name found in Datamart and Curated Table :: COMPDOUBLEOVERTIMERATE
Column Name found in Datamart and Curated Table :: COMPOVERTIMERATE
Column Name found in Datamart and Curated Table :: MODIFIEDON
Column Name found in Datamart and Curated Table :: IMAGE
Column Name found in Datamart and Curated Table :: ISAUTODISPATCHED
Column Name found in Datamart and Curated Table :: ISTUNEUP
Column Name found in Datamart and Curated Table :: NAME
Column Name found in Datamart and Curated Table :: CLASS
Column Name found in Datamart and Curated Table :: PRIORITY
Column Name found in Datamart and Curated Table :: IMPORTID
Column Name found in Datamart and Curated Table :: SOLDTHRESHOLD
Column Name found in Datamart and Curated Table :: NOCHARGE
Column Name found in Datamart and Curated Table :: CREATEDBY_ID
Column Name found in Datamart and Curated Table :: CREATEDON
Column Name found in Datamart and Curated Table :: MAXIMUMMATERIALCOSTINPERCENT
Column Name found in Datamart and Curated Table :: PROJECTEDVALUEADJUSTMENT
Column Name found in Datamart and Curated Table :: ID
Column Name found in Datamart and Curated Table :: DURATION
Column Name found in Datamart and Curated Table :: COMPCODE
Column Name found in Datamart and Curated Table :: MINIMUMMATERIALCOSTINPERCENT
Column Name found in Datamart and Curated Table :: SUMMARY
Column Name found in Datamart and Curated Table :: PROJECTLABELS
Column Name found in Datamart and Curated Table :: LIKELIHOOD
Column Name found in Datamart and Curated Table :: TENANT_TYPE
Datamart tables contains additional column name like [ACTIVE_FLAG, RECORD_CREATE_DATE, RECORD_UPDATE_DATE, MASTER_ID]
Curated tables contains additional column name like [RECORD_CREATE_DATE, RECORD_UPDATE_DATE, RECORD_UPDATED_BY]]]>
  </system-out>
  <testcase classname="testcases.RAW_DATAMART_CURATED.SnowFlake_ColumnValidation_APITables" name="validateColumnName_BKP" time="3.430">
    <failure message="The following asserts failed:
	null,
	null" type="java.lang.AssertionError">
      <![CDATA[java.lang.AssertionError: The following asserts failed:
null,
null
at org.testng.asserts.SoftAssert.assertAll(SoftAssert.java:47)
at org.testng.asserts.SoftAssert.assertAll(SoftAssert.java:31)
at testcases.RAW_DATAMART_CURATED.SnowFlake_ColumnValidation_APITables.validateColumnName_BKP(SnowFlake_ColumnValidation_APITables.java:128)
at jdk.internal.reflect.GeneratedMethodAccessor38.invoke(Unknown Source)
at java.base/jdk.internal.reflect.DelegatingMethodAccessorImpl.invoke(DelegatingMethodAccessorImpl.java:43)
at java.base/java.lang.reflect.Method.invoke(Method.java:568)
at org.testng.internal.MethodInvocationHelper.invokeMethod(MethodInvocationHelper.java:133)
at org.testng.internal.TestInvoker.invokeMethod(TestInvoker.java:598)
at org.testng.internal.TestInvoker.invokeTestMethod(TestInvoker.java:173)
at org.testng.internal.MethodRunner.runInSequence(MethodRunner.java:46)
at org.testng.internal.TestInvoker$MethodInvocationAgent.invoke(TestInvoker.java:824)
at org.testng.internal.TestInvoker.invokeTestMethods(TestInvoker.java:146)
at org.testng.internal.TestMethodWorker.invokeTestMethods(TestMethodWorker.java:146)
at org.testng.internal.TestMethodWorker.run(TestMethodWorker.java:128)
at java.base/java.util.ArrayList.forEach(ArrayList.java:1511)
at org.testng.TestRunner.privateRun(TestRunner.java:794)
at org.testng.TestRunner.run(TestRunner.java:596)
at org.testng.SuiteRunner.runTest(SuiteRunner.java:377)
at org.testng.SuiteRunner.runSequentially(SuiteRunner.java:371)
at org.testng.SuiteRunner.privateRun(SuiteRunner.java:332)
at org.testng.SuiteRunner.run(SuiteRunner.java:276)
at org.testng.SuiteRunnerWorker.runSuite(SuiteRunnerWorker.java:53)
at org.testng.SuiteRunnerWorker.run(SuiteRunnerWorker.java:96)
at org.testng.TestNG.runSuitesSequentially(TestNG.java:1212)
at org.testng.TestNG.runSuitesLocally(TestNG.java:1134)
at org.testng.TestNG.runSuites(TestNG.java:1063)
at org.testng.TestNG.run(TestNG.java:1031)
at org.testng.remote.AbstractRemoteTestNG.run(AbstractRemoteTestNG.java:115)
at org.testng.remote.RemoteTestNG.initAndRun(RemoteTestNG.java:251)
at org.testng.remote.RemoteTestNG.main(RemoteTestNG.java:77)
]]>
    </failure>
  </testcase> <!-- validateColumnName_BKP -->
  <system-out>
    <![CDATA[Executing Snowflake query :: SELECT COLUMN_NAME FROM DEV_ENT_RAW.INFORMATION_SCHEMA.COLUMNS WHERE TABLE_NAME='ST_API_PROJECT'and TABLE_SCHEMA='API_MAT'
Executing Snowflake query :: SELECT COLUMN_NAME FROM CURATED_DATAMART.INFORMATION_SCHEMA.COLUMNS WHERE TABLE_NAME='STR_API_PROJECT'and TABLE_SCHEMA='ST_API_MAITZ'
Executing Snowflake query :: SELECT COLUMN_NAME FROM DEV_ENT_CURATED.INFORMATION_SCHEMA.COLUMNS WHERE TABLE_NAME='DIM_PROJECT'and TABLE_SCHEMA='MASTER_DIMENSIONS'
Column names for RAW Table --> ST_API_PROJECT :: [ACTIVE, AREITEMSREORDERED, CUSTOMER_ID, NAME, NUMBER, PROJECTSETTINGSTYPE, TECHNICIANSIGNATURE, SUMMARY, MODIFIEDON, ACKNOWLEDGEMENTSIGNATURE, COMPLETEDON, COMPLETIONPERCENT, COSTTOCOMPLETE, CREATEDBY_ID, CREATEDON, IMPORTID, COMPLETEDONACTUAL, ID, CONTRACTESTIMATE_ID, AUTHORIZATIONSIGNATURE, CONTRACTSTARTDATE, STARTEDON, CONTRACTFOR, ISRETAINAGEENABLED, ISPREVAILINGWAGE, LOCATION_ID, PAYMENTTERM_ID, RETAINAGEPERCENT, REVENUERECOGNITIONMETHOD, TENANT_TYPE]
Column names for DataMart Table --> STR_API_PROJECT :: [AUTHORIZATIONSIGNATURE, CONTRACTFOR, CUSTOMER_ID, NAME, RECORD_CREATE_DATE, ISRETAINAGEENABLED, ACTIVE, AREITEMSREORDERED, COMPLETIONPERCENT, CONTRACTSTARTDATE, IMPORTID, MASTER_ID, PROJECTSETTINGSTYPE, COMPLETEDON, CREATEDBY_ID, PAYMENTTERM_ID, RECORD_UPDATE_DATE, ISPREVAILINGWAGE, LOCATION_ID, NUMBER, TENANT_TYPE, ACTIVE_FLAG, ID, MD5_VALUE, MODIFIEDON, STARTEDON, CONTRACTESTIMATE_ID, SUMMARY, TECHNICIANSIGNATURE, ACKNOWLEDGEMENTSIGNATURE, COMPLETEDONACTUAL, CREATEDON, RETAINAGEPERCENT]
Column names for Curated Table --> DIM_PROJECT :: [RECORD_UPDATE_DATE, ACTIVE, AUTHORIZATIONSIGNATURE, COMPLETEDON, RETAINAGEPERCENT, IMPORTID, CONTRACTFOR, CONTRACTSTARTDATE, ID, ISRETAINAGEENABLED, RECORD_CREATE_DATE, RECORD_UPDATED_BY, TENANT_TYPE, PROJECTSETTINGSTYPE, TECHNICIANSIGNATURE, ISPREVAILINGWAGE, MD5_VALUE, NAME, PAYMENTTERM_ID, COMPLETEDONACTUAL, CUSTOMER_ID, NUMBER, AREITEMSREORDERED, CREATEDON, LOCATION_ID, MODIFIEDON, STARTEDON, ACKNOWLEDGEMENTSIGNATURE, COMPLETIONPERCENT, CONTRACTESTIMATE_ID, SUMMARY, CREATEDBY_ID, REVENUERECOGNITIONMETHOD]
Column Name found in Datamart and Curated Table :: ACTIVE
Column Name found in Datamart and Curated Table :: AREITEMSREORDERED
Column Name found in Datamart and Curated Table :: CUSTOMER_ID
Column Name found in Datamart and Curated Table :: NAME
Column Name found in Datamart and Curated Table :: NUMBER
Column Name found in Datamart and Curated Table :: PROJECTSETTINGSTYPE
Column Name found in Datamart and Curated Table :: TECHNICIANSIGNATURE
Column Name found in Datamart and Curated Table :: SUMMARY
Column Name found in Datamart and Curated Table :: MODIFIEDON
Column Name found in Datamart and Curated Table :: ACKNOWLEDGEMENTSIGNATURE
Column Name found in Datamart and Curated Table :: COMPLETEDON
Column Name found in Datamart and Curated Table :: COMPLETIONPERCENT
Column Name not found in Datamart and Curated Table :: COSTTOCOMPLETE
Column Name found in Datamart and Curated Table :: CREATEDBY_ID
Column Name found in Datamart and Curated Table :: CREATEDON
Column Name found in Datamart and Curated Table :: IMPORTID
Column Name found in Datamart and Curated Table :: COMPLETEDONACTUAL
Column Name found in Datamart and Curated Table :: ID
Column Name found in Datamart and Curated Table :: CONTRACTESTIMATE_ID
Column Name found in Datamart and Curated Table :: AUTHORIZATIONSIGNATURE
Column Name found in Datamart and Curated Table :: CONTRACTSTARTDATE
Column Name found in Datamart and Curated Table :: STARTEDON
Column Name found in Datamart and Curated Table :: CONTRACTFOR
Column Name found in Datamart and Curated Table :: ISRETAINAGEENABLED
Column Name found in Datamart and Curated Table :: ISPREVAILINGWAGE
Column Name found in Datamart and Curated Table :: LOCATION_ID
Column Name found in Datamart and Curated Table :: PAYMENTTERM_ID
Column Name found in Datamart and Curated Table :: RETAINAGEPERCENT
Column Name not found in Datamart and Curated Table :: REVENUERECOGNITIONMETHOD
Column Name found in Datamart and Curated Table :: TENANT_TYPE
Datamart tables contains additional column name like [ACTIVE_FLAG, RECORD_CREATE_DATE, RECORD_UPDATE_DATE, MASTER_ID]
Curated tables contains additional column name like [RECORD_CREATE_DATE, RECORD_UPDATE_DATE, RECORD_UPDATED_BY]]]>
  </system-out>
  <testcase classname="testcases.RAW_DATAMART_CURATED.SnowFlake_ColumnValidation_APITables" name="validateColumnName_BKP" time="2.499"/>
  <system-out>
    <![CDATA[Executing Snowflake query :: SELECT COLUMN_NAME FROM DEV_ENT_RAW.INFORMATION_SCHEMA.COLUMNS WHERE TABLE_NAME='ST_API_EQUIPMENT'and TABLE_SCHEMA='API_MAT'
Executing Snowflake query :: SELECT COLUMN_NAME FROM CURATED_DATAMART.INFORMATION_SCHEMA.COLUMNS WHERE TABLE_NAME='STR_API_EQUIPMENT'and TABLE_SCHEMA='ST_API_CASTEEL'
Executing Snowflake query :: SELECT COLUMN_NAME FROM DEV_ENT_CURATED.INFORMATION_SCHEMA.COLUMNS WHERE TABLE_NAME='DIM_EQUIPMENT'and TABLE_SCHEMA='MASTER_DIMENSIONS'
Column names for RAW Table --> ST_API_EQUIPMENT :: [BUSINESSUNIT_ID, HOURS, IMPORTID, TAXABLE, MANUFACTURER, MODIFIEDON, NAME, PAYSSOLDBYRATE, PAYTECHSPECIFICBONUS, SCHEDULEDFLATAMOUNT, SOURCEVERSION, ACCOUNT, CREATEDBY_ID, SOURCE, WARRANTYRESERVE, BONUS, ADDONMEMBERPRICE, COST, ISSERIALIZED, MANUFACTURERWARRANTY_DESCRIPTION, EXCLUDEFROMPRICEBOOKWIZARD, ORIGINAL_ID, PRIMARYVENDOR_ID, ALLOWDISCOUNTS, COPIEDFROM_ID, CREATEDON, PAYSFLATAMOUNT, SERIALIZEDON, DISPLAYNAME, ACTIVE, ARCHIVED, AVALARACOMMERCIALTAXCODE, CROSSSALEGROUP, PAYSCOMMISSION, UNITOFMEASURE, DISPLAYINAMOUNT, EXTERNALID, ID, INVENTORYENABLEDON, SUPPLIERIMAGES, SYNCDATE, ADDONFLATAMOUNT, ISINVENTORY, TYPE_ID, SERVICEPROVIDERWARRANTY_DURATION, AVALARARESIDENTIALTAXCODE, COMMISSIONBONUS, IMAGES, MODEL, INVENTORYENABLEDBY_ID, PRICE, ADDONPRICE, ASSETACCOUNT_ID, CATEGORY_ID, GENERALLEDGERACCOUNT_ID, LOYALTYPROGRAMELIGIBLE, COSTOFSALEACCOUNT_ID, DESCRIPTION, MANUFACTURERWARRANTY_DURATION, PROVIDER_ID, SERVICEPROVIDERWARRANTY_DESCRIPTION, MEMBERPRICE, TENANT_TYPE]
Column names for DataMart Table --> STR_API_EQUIPMENT :: [ALLOWDISCOUNTS, BRAND, COST, ISINVENTORY, MANUFACTURER, SOURCE, BUSINESSUNIT_ID, HOURS, NAME, TYPE_ID, LOYALTYPROGRAMELIGIBLE, PAYSFLATAMOUNT, SYNCDATE, BONUS, ACTIVE_FLAG, ASSETACCOUNT_ID, COMMISSIONBONUS, COPIEDFROM_ID, CREATEDBY_ID, DESCRIPTION, EXCLUDEFROMPRICEBOOKWIZARD, GENERALLEDGERACCOUNT_ID, AVALARARESIDENTIALTAXCODE, IMAGES, ISSERIALIZED, RECORD_UPDATE_DATE, SERVICEPROVIDERWARRANTY_DURATION, WARRANTYRESERVE, ADDONFLATAMOUNT, ADDONMEMBERPRICE, CATEGORY_ID, CREATEDON, MODIFIEDON, ORIGINAL_ID, PRIMARYVENDOR_ID, SUPPLIERIMAGES, ID, TENANT_TYPE, ADDONPRICE, AVALARACOMMERCIALTAXCODE, PAYSCOMMISSION, PRICE, IMPORTID, INVENTORYENABLEDON, TAXABLE, ACCOUNT, DISPLAYINAMOUNT, PAYSSOLDBYRATE, INVENTORYENABLEDBY_ID, MEMBERPRICE, PROVIDER_ID, SERIALIZEDON, SOURCEVERSION, PAYTECHSPECIFICBONUS, CROSSSALEGROUP, DISPLAYNAME, MODEL, SCHEDULEDFLATAMOUNT, ARCHIVED, MANUFACTURERWARRANTY_DESCRIPTION, MASTER_ID, SERVICEPROVIDERWARRANTY_DESCRIPTION, ACTIVE, COSTOFSALEACCOUNT_ID, EXTERNALID, RECORD_CREATE_DATE, UNITOFMEASURE, MANUFACTURERWARRANTY_DURATION]
Column names for Curated Table --> DIM_EQUIPMENT :: [ASSETACCOUNT_ID, COMMISSIONBONUS, COSTOFSALEACCOUNT_ID, MODEL, SCHEDULEDFLATAMOUNT, COPIEDFROM_ID, ISSERIALIZED, PAYSFLATAMOUNT, PAYTECHSPECIFICBONUS, RECORD_CREATE_DATE, SERVICEPROVIDERWARRANTY_DURATION, ID, AVALARACOMMERCIALTAXCODE, BONUS, HOURS, LOYALTYPROGRAMELIGIBLE, SOURCE, SERIALIZEDON, ADDONPRICE, EXCLUDEFROMPRICEBOOKWIZARD, PAYSCOMMISSION, ISINVENTORY, MODIFIEDON, ACTIVE, ADDONMEMBERPRICE, CREATEDON, EXTERNALID, PRIMARYVENDOR_ID, BUSINESSUNIT_ID, NAME, PAYSSOLDBYRATE, SYNCDATE, AVALARARESIDENTIALTAXCODE, BRAND, CREATEDBY_ID, DISPLAYINAMOUNT, MANUFACTURERWARRANTY_DESCRIPTION, TENANT_TYPE, MANUFACTURER, PROVIDER_ID, SOURCEVERSION, RECORD_UPDATED_BY, ACCOUNT, ADDONFLATAMOUNT, COST, DISPLAYNAME, INVENTORYENABLEDBY_ID, TAXABLE, ARCHIVED, RECORD_UPDATE_DATE, DESCRIPTION, CATEGORY_ID, ALLOWDISCOUNTS, GENERALLEDGERACCOUNT_ID, INVENTORYENABLEDON, PRICE, TYPE_ID, SUPPLIERIMAGES, UNITOFMEASURE, CROSSSALEGROUP, IMAGES, IMPORTID, ORIGINAL_ID, SERVICEPROVIDERWARRANTY_DESCRIPTION, MEMBERPRICE, WARRANTYRESERVE, MANUFACTURERWARRANTY_DURATION]
Column Name found in Datamart and Curated Table :: BUSINESSUNIT_ID
Column Name found in Datamart and Curated Table :: HOURS
Column Name found in Datamart and Curated Table :: IMPORTID
Column Name found in Datamart and Curated Table :: TAXABLE
Column Name found in Datamart and Curated Table :: MANUFACTURER
Column Name found in Datamart and Curated Table :: MODIFIEDON
Column Name found in Datamart and Curated Table :: NAME
Column Name found in Datamart and Curated Table :: PAYSSOLDBYRATE
Column Name found in Datamart and Curated Table :: PAYTECHSPECIFICBONUS
Column Name found in Datamart and Curated Table :: SCHEDULEDFLATAMOUNT
Column Name found in Datamart and Curated Table :: SOURCEVERSION
Column Name found in Datamart and Curated Table :: ACCOUNT
Column Name found in Datamart and Curated Table :: CREATEDBY_ID
Column Name found in Datamart and Curated Table :: SOURCE
Column Name found in Datamart and Curated Table :: WARRANTYRESERVE
Column Name found in Datamart and Curated Table :: BONUS
Column Name found in Datamart and Curated Table :: ADDONMEMBERPRICE
Column Name found in Datamart and Curated Table :: COST
Column Name found in Datamart and Curated Table :: ISSERIALIZED
Column Name found in Datamart and Curated Table :: MANUFACTURERWARRANTY_DESCRIPTION
Column Name found in Datamart and Curated Table :: EXCLUDEFROMPRICEBOOKWIZARD
Column Name found in Datamart and Curated Table :: ORIGINAL_ID
Column Name found in Datamart and Curated Table :: PRIMARYVENDOR_ID
Column Name found in Datamart and Curated Table :: ALLOWDISCOUNTS
Column Name found in Datamart and Curated Table :: COPIEDFROM_ID
Column Name found in Datamart and Curated Table :: CREATEDON
Column Name found in Datamart and Curated Table :: PAYSFLATAMOUNT
Column Name found in Datamart and Curated Table :: SERIALIZEDON
Column Name found in Datamart and Curated Table :: DISPLAYNAME
Column Name found in Datamart and Curated Table :: ACTIVE
Column Name found in Datamart and Curated Table :: ARCHIVED
Column Name found in Datamart and Curated Table :: AVALARACOMMERCIALTAXCODE
Column Name found in Datamart and Curated Table :: CROSSSALEGROUP
Column Name found in Datamart and Curated Table :: PAYSCOMMISSION
Column Name found in Datamart and Curated Table :: UNITOFMEASURE
Column Name found in Datamart and Curated Table :: DISPLAYINAMOUNT
Column Name found in Datamart and Curated Table :: EXTERNALID
Column Name found in Datamart and Curated Table :: ID
Column Name found in Datamart and Curated Table :: INVENTORYENABLEDON
Column Name found in Datamart and Curated Table :: SUPPLIERIMAGES
Column Name found in Datamart and Curated Table :: SYNCDATE
Column Name found in Datamart and Curated Table :: ADDONFLATAMOUNT
Column Name found in Datamart and Curated Table :: ISINVENTORY
Column Name found in Datamart and Curated Table :: TYPE_ID
Column Name found in Datamart and Curated Table :: SERVICEPROVIDERWARRANTY_DURATION
Column Name found in Datamart and Curated Table :: AVALARARESIDENTIALTAXCODE
Column Name found in Datamart and Curated Table :: COMMISSIONBONUS
Column Name found in Datamart and Curated Table :: IMAGES
Column Name found in Datamart and Curated Table :: MODEL
Column Name found in Datamart and Curated Table :: INVENTORYENABLEDBY_ID
Column Name found in Datamart and Curated Table :: PRICE
Column Name found in Datamart and Curated Table :: ADDONPRICE
Column Name found in Datamart and Curated Table :: ASSETACCOUNT_ID
Column Name found in Datamart and Curated Table :: CATEGORY_ID
Column Name found in Datamart and Curated Table :: GENERALLEDGERACCOUNT_ID
Column Name found in Datamart and Curated Table :: LOYALTYPROGRAMELIGIBLE
Column Name found in Datamart and Curated Table :: COSTOFSALEACCOUNT_ID
Column Name found in Datamart and Curated Table :: DESCRIPTION
Column Name found in Datamart and Curated Table :: MANUFACTURERWARRANTY_DURATION
Column Name found in Datamart and Curated Table :: PROVIDER_ID
Column Name found in Datamart and Curated Table :: SERVICEPROVIDERWARRANTY_DESCRIPTION
Column Name found in Datamart and Curated Table :: MEMBERPRICE
Column Name found in Datamart and Curated Table :: TENANT_TYPE
Datamart tables contains additional column name like [ACTIVE_FLAG, RECORD_CREATE_DATE, RECORD_UPDATE_DATE, MASTER_ID]
Curated tables contains additional column name like [RECORD_CREATE_DATE, RECORD_UPDATE_DATE, RECORD_UPDATED_BY]]]>
  </system-out>
  <testcase classname="testcases.RAW_DATAMART_CURATED.SnowFlake_ColumnValidation_APITables" name="validateColumnName_BKP" time="2.045"/>
  <system-out>
    <![CDATA[Executing Snowflake query :: SELECT COLUMN_NAME FROM DEV_ENT_RAW.INFORMATION_SCHEMA.COLUMNS WHERE TABLE_NAME='ST_API_TAGTYPE'and TABLE_SCHEMA='API_MAT'
Executing Snowflake query :: SELECT COLUMN_NAME FROM CURATED_DATAMART.INFORMATION_SCHEMA.COLUMNS WHERE TABLE_NAME='STR_API_TAGTYPE'and TABLE_SCHEMA='ST_API_BILLFENWICK'
Executing Snowflake query :: SELECT COLUMN_NAME FROM DEV_ENT_CURATED.INFORMATION_SCHEMA.COLUMNS WHERE TABLE_NAME='DIM_TAGTYPE'and TABLE_SCHEMA='MASTER_DIMENSIONS'
Column names for RAW Table --> ST_API_TAGTYPE :: [ID, ISVISIBLEONDISPATCHBOARD, CODE, COLOR, ISALWAYSVISIBLE, ACTIVE, MODIFIEDON, CREATEDON, IMPORTANCE, FONTCOLOR, ISCONVERSIONOPPORTUNITY, NAME, CREATEDBY_ID, IMPORTID, PROJECTEDVALUEADJUSTMENT, TENANT_TYPE]
Column names for DataMart Table --> STR_API_TAGTYPE :: [ISVISIBLEONDISPATCHBOARD, NAME, ACTIVE_FLAG, CREATEDBY_ID, TENANT_TYPE, RECORD_UPDATE_DATE, PROJECTEDVALUEADJUSTMENT, RECORD_CREATE_DATE, ACTIVE, IMPORTANCE, ISALWAYSVISIBLE, ISCONVERSIONOPPORTUNITY, COLOR, CREATEDON, FONTCOLOR, ID, IMPORTID, MODIFIEDON, CODE, MASTER_ID]
Column names for Curated Table --> DIM_TAGTYPE :: [ACTIVE, CODE, FONTCOLOR, IMPORTANCE, TENANT_TYPE, NAME, CREATEDBY_ID, ID, MODIFIEDON, RECORD_UPDATED_BY, COLOR, CREATEDON, RECORD_UPDATE_DATE, ISCONVERSIONOPPORTUNITY, PROJECTEDVALUEADJUSTMENT, RECORD_CREATE_DATE, ISALWAYSVISIBLE, IMPORTID, ISVISIBLEONDISPATCHBOARD]
Column Name found in Datamart and Curated Table :: ID
Column Name found in Datamart and Curated Table :: ISVISIBLEONDISPATCHBOARD
Column Name found in Datamart and Curated Table :: CODE
Column Name found in Datamart and Curated Table :: COLOR
Column Name found in Datamart and Curated Table :: ISALWAYSVISIBLE
Column Name found in Datamart and Curated Table :: ACTIVE
Column Name found in Datamart and Curated Table :: MODIFIEDON
Column Name found in Datamart and Curated Table :: CREATEDON
Column Name found in Datamart and Curated Table :: IMPORTANCE
Column Name found in Datamart and Curated Table :: FONTCOLOR
Column Name found in Datamart and Curated Table :: ISCONVERSIONOPPORTUNITY
Column Name found in Datamart and Curated Table :: NAME
Column Name found in Datamart and Curated Table :: CREATEDBY_ID
Column Name found in Datamart and Curated Table :: IMPORTID
Column Name found in Datamart and Curated Table :: PROJECTEDVALUEADJUSTMENT
Column Name found in Datamart and Curated Table :: TENANT_TYPE
Datamart tables contains additional column name like [ACTIVE_FLAG, RECORD_CREATE_DATE, RECORD_UPDATE_DATE, MASTER_ID]
Curated tables contains additional column name like [RECORD_CREATE_DATE, RECORD_UPDATE_DATE, RECORD_UPDATED_BY]]]>
  </system-out>
  <testcase classname="testcases.RAW_DATAMART_CURATED.SnowFlake_ColumnValidation_APITables" name="validateColumnName_BKP" time="2.629"/>
  <system-out>
    <![CDATA[Executing Snowflake query :: SELECT COLUMN_NAME FROM DEV_ENT_RAW.INFORMATION_SCHEMA.COLUMNS WHERE TABLE_NAME='ST_API_TAG'and TABLE_SCHEMA='API_MAT'
Executing Snowflake query :: SELECT COLUMN_NAME FROM CURATED_DATAMART.INFORMATION_SCHEMA.COLUMNS WHERE TABLE_NAME='STR_API_TAG'and TABLE_SCHEMA='ST_API_BILLFENWICK'
Executing Snowflake query :: SELECT COLUMN_NAME FROM DEV_ENT_CURATED.INFORMATION_SCHEMA.COLUMNS WHERE TABLE_NAME='DIM_TAG'and TABLE_SCHEMA='MASTER_DIMENSIONS'
Column names for RAW Table --> ST_API_TAG :: [MEMO, GENERATEDFOREXTERNAL, REMOVEDON, GENERATEDFOR_ID, REMOVEDBY_ID, MODIFIEDON, OWNER_ID, CREATEDBY_ID, CREATEDON, IMPORTID, ACTIVE, ID, TYPE_ID, TENANT_TYPE]
Column names for DataMart Table --> STR_API_TAG :: [ACTIVE, REMOVEDON, TENANT_TYPE, ID, MASTER_ID, SOURCE_PKEY_SPK, MODIFIEDON, TYPE_ID, CREATEDON, RECORD_UPDATE_DATE, REMOVEDBY_ID, IMPORTID, GENERATEDFOREXTERNAL, MEMO, ACTIVE_FLAG, OWNER_ID, CREATEDBY_ID, GENERATEDFOR_ID, RECORD_CREATE_DATE]
Column names for Curated Table --> DIM_TAG :: [ACTIVE_FLAG, RECORD_CREATE_DATE, CREATEDON, RECORD_UPDATE_DATE, SOURCE_PKEY_SPK, GENERATEDFOR_ID, GENERATEDFOREXTERNAL, TYPE_ID, ACTIVE, CREATEDBY_ID, ID, MODIFIEDON, OWNER_ID, REMOVEDBY_ID, REMOVEDON, MEMO, RECORD_UPDATED_BY, IMPORTID, TENANT_TYPE]
Column Name found in Datamart and Curated Table :: MEMO
Column Name found in Datamart and Curated Table :: GENERATEDFOREXTERNAL
Column Name found in Datamart and Curated Table :: REMOVEDON
Column Name found in Datamart and Curated Table :: GENERATEDFOR_ID
Column Name found in Datamart and Curated Table :: REMOVEDBY_ID
Column Name found in Datamart and Curated Table :: MODIFIEDON
Column Name found in Datamart and Curated Table :: OWNER_ID
Column Name found in Datamart and Curated Table :: CREATEDBY_ID
Column Name found in Datamart and Curated Table :: CREATEDON
Column Name found in Datamart and Curated Table :: IMPORTID
Column Name found in Datamart and Curated Table :: ACTIVE
Column Name found in Datamart and Curated Table :: ID
Column Name found in Datamart and Curated Table :: TYPE_ID
Column Name found in Datamart and Curated Table :: TENANT_TYPE
Datamart tables contains additional column name like [ACTIVE_FLAG, RECORD_CREATE_DATE, RECORD_UPDATE_DATE, MASTER_ID]
Curated tables contains additional column name like [RECORD_CREATE_DATE, RECORD_UPDATE_DATE, RECORD_UPDATED_BY]]]>
  </system-out>
  <testcase classname="testcases.RAW_DATAMART_CURATED.SnowFlake_ColumnValidation_APITables" name="validateColumnName_BKP" time="2.683"/>
  <system-out>
    <![CDATA[Executing Snowflake query :: SELECT COLUMN_NAME FROM DEV_ENT_RAW.INFORMATION_SCHEMA.COLUMNS WHERE TABLE_NAME='ST_API_CAMPAIGN'and TABLE_SCHEMA='API_MAT'
Executing Snowflake query :: SELECT COLUMN_NAME FROM CURATED_DATAMART.INFORMATION_SCHEMA.COLUMNS WHERE TABLE_NAME='STR_API_CAMPAIGN'and TABLE_SCHEMA='ST_API_MAITZ'
Executing Snowflake query :: SELECT COLUMN_NAME FROM DEV_ENT_CURATED.INFORMATION_SCHEMA.COLUMNS WHERE TABLE_NAME='DIM_CAMPAIGN'and TABLE_SCHEMA='MASTER_DIMENSIONS'
Column names for RAW Table --> ST_API_CAMPAIGN :: [COST, CATEGORY_ID, ID, ACTIVE, BUSINESSUNIT_ID, MODIFIEDBY_ID, DNIS, IMAGE, NAME, IMPORTID, MODIFIEDON, CREATEDBY_ID, CREATEDON, TENANT_TYPE]
Column names for DataMart Table --> STR_API_CAMPAIGN :: [CATEGORY_ID, DNIS, RECORD_UPDATE_DATE, IMAGE, ACTIVE, CREATEDBY_ID, ACTIVE_FLAG, BUSINESSUNIT_ID, MASTER_ID, NAME, RECORD_CREATE_DATE, COST, CREATEDON, MODIFIEDBY_ID, ID, MODIFIEDON, IMPORTID, TENANT_TYPE]
Column names for Curated Table --> DIM_CAMPAIGN :: [IMAGE, MODIFIEDBY_ID, CATEGORY_ID, NAME, RECORD_CREATE_DATE, ACTIVE, COST, CREATEDBY_ID, IMPORTID, CREATEDON, BUSINESSUNIT_ID, ID, RECORD_UPDATED_BY, MODIFIEDON, DNIS, RECORD_UPDATE_DATE, TENANT_TYPE]
Column Name found in Datamart and Curated Table :: COST
Column Name found in Datamart and Curated Table :: CATEGORY_ID
Column Name found in Datamart and Curated Table :: ID
Column Name found in Datamart and Curated Table :: ACTIVE
Column Name found in Datamart and Curated Table :: BUSINESSUNIT_ID
Column Name found in Datamart and Curated Table :: MODIFIEDBY_ID
Column Name found in Datamart and Curated Table :: DNIS
Column Name found in Datamart and Curated Table :: IMAGE
Column Name found in Datamart and Curated Table :: NAME
Column Name found in Datamart and Curated Table :: IMPORTID
Column Name found in Datamart and Curated Table :: MODIFIEDON
Column Name found in Datamart and Curated Table :: CREATEDBY_ID
Column Name found in Datamart and Curated Table :: CREATEDON
Column Name found in Datamart and Curated Table :: TENANT_TYPE
Datamart tables contains additional column name like [ACTIVE_FLAG, RECORD_CREATE_DATE, RECORD_UPDATE_DATE, MASTER_ID]
Curated tables contains additional column name like [RECORD_CREATE_DATE, RECORD_UPDATE_DATE, RECORD_UPDATED_BY]]]>
  </system-out>
  <testcase classname="testcases.RAW_DATAMART_CURATED.SnowFlake_ColumnValidation_APITables" name="validateColumnName_BKP" time="3.385"/>
  <system-out>
    <![CDATA[Executing Snowflake query :: SELECT COLUMN_NAME FROM DEV_ENT_RAW.INFORMATION_SCHEMA.COLUMNS WHERE TABLE_NAME='ST_API_JOB'and TABLE_SCHEMA='API_MAT'
Executing Snowflake query :: SELECT COLUMN_NAME FROM CURATED_DATAMART.INFORMATION_SCHEMA.COLUMNS WHERE TABLE_NAME='STR_API_JOB'and TABLE_SCHEMA='ST_API_MAITZ'
Executing Snowflake query :: SELECT COLUMN_NAME FROM DEV_ENT_CURATED.INFORMATION_SCHEMA.COLUMNS WHERE TABLE_NAME='DIM_JOB'and TABLE_SCHEMA='MASTER_DIMENSIONS'
Column names for RAW Table --> ST_API_JOB :: [ACTIVE, CUSTOMER_ID, MANAGEEMPLOYEEEMAIL, MONTHNUMBER, NOCHARGESOURCE, START, CAMPAIGN_ID, LASTCHANGEDBYSMARTDISPATCH, OPPORTUNITYDATE, PREVAILINGWAGEJOBNUMBER, PROJECT_ID, PRIORITY, DRIVETIME, PLANEND, PREDICTEDTOTAL, STATUS, TOTAL, APPROXIMATESTARTDATE, ESTIMATEDCOST, IMPORTID, PROJECTEDVALUE, CREATEDFROMESTIMATESTATUSWHENBOOKING, ISAUTODISPATCHED, NOTIFICATIONSENABLED, COMPLETEDON, CREATEDBY_ID, CUSTOMERPO, ID, LEADGENERATED_ID, LOCATION_ID, PMDATE, PREVAILINGWAGECODE_ID, APPROXIMATEENDDATE, COMPLETIONSURVEYID, CREATEDON, REASSIGNMENTPENALTY, NUMBER, CREATEDFROMESTIMATE_ID, ISCONFIRMED, LATEPENALTY, OPPORTUNITY_ID, PLANSTART, DRIVINGCOST, GENERATEDFROM_ID, SOLDBY_ID, RECALLFOR_ID, CALLSCRIPTANSWERRECORD_ID, DURATION, INVOICE_ID, ISPREVAILINGWAGE, NOCHARGE, SMARTDISPATCHDATA_JOB, LASTAPPOINTMENT_ID, BUSINESSUNIT_ID, FIRSTAPPOINTMENT_ID, GENERATEDBY_ID, ISTECHNICIANSPECIFIC, UNION, WARRANTYFOR_ID, MEMBERSHIP_ID, TYPE_ID, MODIFIEDON, ALLOTTEDTIME, END, EXTERNALID, SECONDARYJOBNUMBER, LEAD_ID, MANAGEFOLLOWUPEMAIL, PREDICTEDSALES, SUMMARY, TENANT_TYPE]
Column names for DataMart Table --> STR_API_JOB :: [END, LEADGENERATED_ID, MANAGEEMPLOYEEEMAIL, PLANEND, NOCHARGESOURCE, ALLOTTEDTIME, APPROXIMATESTARTDATE, CREATEDFROMESTIMATESTATUSWHENBOOKING, ISCONFIRMED, LATEPENALTY, NOTIFICATIONSENABLED, SUMMARY, PREDICTEDTOTAL, ISAUTODISPATCHED, PMDATE, ACTIVE_FLAG, APPROXIMATEENDDATE, CALLSCRIPTANSWERRECORD_ID, EXTERNALID, LEAD_ID, PLANSTART, PREVAILINGWAGECODE_ID, TOTAL, CUSTOMER_ID, NOCHARGE, NUMBER, TYPE_ID, PROJECTEDVALUE, CREATEDON, ISPREVAILINGWAGE, PREDICTEDSALES, PROJECT_ID, RECORD_UPDATE_DATE, START, OPPORTUNITYDATE, WARRANTYFOR_ID, COMPLETIONSURVEYID, GENERATEDFROM_ID, REASSIGNMENTPENALTY, LASTAPPOINTMENT_ID, ACTIVE, CAMPAIGN_ID, CUSTOMERPO, DRIVETIME, MASTER_ID, PREVAILINGWAGEJOBNUMBER, RECALLFOR_ID, OPPORTUNITY_ID, MONTHNUMBER, BUSINESSUNIT_ID, COMPLETEDON, ID, IMPORTID, INVOICE_ID, LOCATION_ID, MANAGEFOLLOWUPEMAIL, RECORD_CREATE_DATE, SECONDARYJOBNUMBER, SOLDBY_ID, UNION, MODIFIEDON, CREATEDBY_ID, DRIVINGCOST, DURATION, ESTIMATEDCOST, GENERATEDBY_ID, ISTECHNICIANSPECIFIC, SMARTDISPATCHDATA_JOB, TENANT_TYPE, CREATEDFROMESTIMATE_ID, LASTCHANGEDBYSMARTDISPATCH, MEMBERSHIP_ID, FIRSTAPPOINTMENT_ID, STATUS, PRIORITY]
Column names for Curated Table --> DIM_JOB :: [LASTCHANGEDBYSMARTDISPATCH, PROJECTEDVALUE, TYPE_ID, EXTERNALID, NOCHARGESOURCE, PMDATE, RECALLFOR_ID, START, ACTIVE, ISAUTODISPATCHED, MONTHNUMBER, PRIORITY, CREATEDON, OPPORTUNITYDATE, PREVAILINGWAGEJOBNUMBER, RECORD_CREATE_DATE, CREATEDBY_ID, LASTAPPOINTMENT_ID, MANAGEEMPLOYEEEMAIL, TOTAL, APPROXIMATESTARTDATE, GENERATEDBY_ID, MANAGEFOLLOWUPEMAIL, RECORD_UPDATED_BY, WARRANTYFOR_ID, UNION, CREATEDFROMESTIMATE_ID, REASSIGNMENTPENALTY, PREDICTEDSALES, LATEPENALTY, DURATION, DRIVETIME, STATUS, SUMMARY, IMPORTID, NOTIFICATIONSENABLED, RECORD_UPDATE_DATE, ALLOTTEDTIME, COMPLETEDON, CUSTOMERPO, GENERATEDFROM_ID, ISTECHNICIANSPECIFIC, LOCATION_ID, PLANEND, MODIFIEDON, PREVAILINGWAGECODE_ID, SECONDARYJOBNUMBER, END, OPPORTUNITY_ID, APPROXIMATEENDDATE, BUSINESSUNIT_ID, CALLSCRIPTANSWERRECORD_ID, CUSTOMER_ID, DRIVINGCOST, ESTIMATEDCOST, FIRSTAPPOINTMENT_ID, PROJECT_ID, SOLDBY_ID, NOCHARGE, ISCONFIRMED, LEADGENERATED_ID, CAMPAIGN_ID, COMPLETIONSURVEYID, CREATEDFROMESTIMATESTATUSWHENBOOKING, ID, INVOICE_ID, ISPREVAILINGWAGE, LEAD_ID, MEMBERSHIP_ID, PLANSTART, SMARTDISPATCHDATA_JOB, TENANT_TYPE, PREDICTEDTOTAL, NUMBER]
Column Name found in Datamart and Curated Table :: ACTIVE
Column Name found in Datamart and Curated Table :: CUSTOMER_ID
Column Name found in Datamart and Curated Table :: MANAGEEMPLOYEEEMAIL
Column Name found in Datamart and Curated Table :: MONTHNUMBER
Column Name found in Datamart and Curated Table :: NOCHARGESOURCE
Column Name found in Datamart and Curated Table :: START
Column Name found in Datamart and Curated Table :: CAMPAIGN_ID
Column Name found in Datamart and Curated Table :: LASTCHANGEDBYSMARTDISPATCH
Column Name found in Datamart and Curated Table :: OPPORTUNITYDATE
Column Name found in Datamart and Curated Table :: PREVAILINGWAGEJOBNUMBER
Column Name found in Datamart and Curated Table :: PROJECT_ID
Column Name found in Datamart and Curated Table :: PRIORITY
Column Name found in Datamart and Curated Table :: DRIVETIME
Column Name found in Datamart and Curated Table :: PLANEND
Column Name found in Datamart and Curated Table :: PREDICTEDTOTAL
Column Name found in Datamart and Curated Table :: STATUS
Column Name found in Datamart and Curated Table :: TOTAL
Column Name found in Datamart and Curated Table :: APPROXIMATESTARTDATE
Column Name found in Datamart and Curated Table :: ESTIMATEDCOST
Column Name found in Datamart and Curated Table :: IMPORTID
Column Name found in Datamart and Curated Table :: PROJECTEDVALUE
Column Name found in Datamart and Curated Table :: CREATEDFROMESTIMATESTATUSWHENBOOKING
Column Name found in Datamart and Curated Table :: ISAUTODISPATCHED
Column Name found in Datamart and Curated Table :: NOTIFICATIONSENABLED
Column Name found in Datamart and Curated Table :: COMPLETEDON
Column Name found in Datamart and Curated Table :: CREATEDBY_ID
Column Name found in Datamart and Curated Table :: CUSTOMERPO
Column Name found in Datamart and Curated Table :: ID
Column Name found in Datamart and Curated Table :: LEADGENERATED_ID
Column Name found in Datamart and Curated Table :: LOCATION_ID
Column Name found in Datamart and Curated Table :: PMDATE
Column Name found in Datamart and Curated Table :: PREVAILINGWAGECODE_ID
Column Name found in Datamart and Curated Table :: APPROXIMATEENDDATE
Column Name found in Datamart and Curated Table :: COMPLETIONSURVEYID
Column Name found in Datamart and Curated Table :: CREATEDON
Column Name found in Datamart and Curated Table :: REASSIGNMENTPENALTY
Column Name found in Datamart and Curated Table :: NUMBER
Column Name found in Datamart and Curated Table :: CREATEDFROMESTIMATE_ID
Column Name found in Datamart and Curated Table :: ISCONFIRMED
Column Name found in Datamart and Curated Table :: LATEPENALTY
Column Name found in Datamart and Curated Table :: OPPORTUNITY_ID
Column Name found in Datamart and Curated Table :: PLANSTART
Column Name found in Datamart and Curated Table :: DRIVINGCOST
Column Name found in Datamart and Curated Table :: GENERATEDFROM_ID
Column Name found in Datamart and Curated Table :: SOLDBY_ID
Column Name found in Datamart and Curated Table :: RECALLFOR_ID
Column Name found in Datamart and Curated Table :: CALLSCRIPTANSWERRECORD_ID
Column Name found in Datamart and Curated Table :: DURATION
Column Name found in Datamart and Curated Table :: INVOICE_ID
Column Name found in Datamart and Curated Table :: ISPREVAILINGWAGE
Column Name found in Datamart and Curated Table :: NOCHARGE
Column Name found in Datamart and Curated Table :: SMARTDISPATCHDATA_JOB
Column Name found in Datamart and Curated Table :: LASTAPPOINTMENT_ID
Column Name found in Datamart and Curated Table :: BUSINESSUNIT_ID
Column Name found in Datamart and Curated Table :: FIRSTAPPOINTMENT_ID
Column Name found in Datamart and Curated Table :: GENERATEDBY_ID
Column Name found in Datamart and Curated Table :: ISTECHNICIANSPECIFIC
Column Name found in Datamart and Curated Table :: UNION
Column Name found in Datamart and Curated Table :: WARRANTYFOR_ID
Column Name found in Datamart and Curated Table :: MEMBERSHIP_ID
Column Name found in Datamart and Curated Table :: TYPE_ID
Column Name found in Datamart and Curated Table :: MODIFIEDON
Column Name found in Datamart and Curated Table :: ALLOTTEDTIME
Column Name found in Datamart and Curated Table :: END
Column Name found in Datamart and Curated Table :: EXTERNALID
Column Name found in Datamart and Curated Table :: SECONDARYJOBNUMBER
Column Name found in Datamart and Curated Table :: LEAD_ID
Column Name found in Datamart and Curated Table :: MANAGEFOLLOWUPEMAIL
Column Name found in Datamart and Curated Table :: PREDICTEDSALES
Column Name found in Datamart and Curated Table :: SUMMARY
Column Name found in Datamart and Curated Table :: TENANT_TYPE
Datamart tables contains additional column name like [ACTIVE_FLAG, RECORD_CREATE_DATE, RECORD_UPDATE_DATE, MASTER_ID]
Curated tables contains additional column name like [RECORD_CREATE_DATE, RECORD_UPDATE_DATE, RECORD_UPDATED_BY]]]>
  </system-out>
  <testcase classname="testcases.RAW_DATAMART_CURATED.SnowFlake_ColumnValidation_APITables" name="validateColumnName_BKP" time="2.575"/>
  <system-out>
    <![CDATA[Executing Snowflake query :: SELECT COLUMN_NAME FROM DEV_ENT_RAW.INFORMATION_SCHEMA.COLUMNS WHERE TABLE_NAME='ST_API_JOBAPPOINTMENT'and TABLE_SCHEMA='API_MAT'
Executing Snowflake query :: SELECT COLUMN_NAME FROM CURATED_DATAMART.INFORMATION_SCHEMA.COLUMNS WHERE TABLE_NAME='STR_API_JOBAPPOINTMENT'and TABLE_SCHEMA='ST_API_HARP'
Executing Snowflake query :: SELECT COLUMN_NAME FROM DEV_ENT_CURATED.INFORMATION_SCHEMA.COLUMNS WHERE TABLE_NAME='DIM_JOBAPPOINTMENT'and TABLE_SCHEMA='MASTER_DIMENSIONS'
Column names for RAW Table --> ST_API_JOBAPPOINTMENT :: [END, SMARTDISPATCHDATA_JOBAPPOINTMENT, STATUS, JOB_ID, PLANEND, CREATEDON, IMPORTID, ISCONFIRMED, MODIFIEDON, START, NUMBER, CREATEDBY_ID, ID, ACTIVE, PLANSTART, ISUNUSED, MONTHNUMBER, TENANT_TYPE]
Column names for DataMart Table --> STR_API_JOBAPPOINTMENT :: [IMPORTID, JOB_ID, MODIFIEDON, PLANEND, START, ACTIVE, PLANSTART, END, ISCONFIRMED, MONTHNUMBER, ID, CREATEDBY_ID, MASTER_ID, STATUS, CREATEDON, SMARTDISPATCHDATA_JOBAPPOINTMENT, RECORD_UPDATE_DATE, RECORD_CREATE_DATE, ACTIVE_FLAG, ISUNUSED, NUMBER, TENANT_TYPE]
Column names for Curated Table --> DIM_JOBAPPOINTMENT :: [END, SMARTDISPATCHDATA_JOBAPPOINTMENT, ACTIVE, CREATEDBY_ID, IMPORTID, ISUNUSED, START, ID, JOB_ID, MONTHNUMBER, PLANEND, RECORD_UPDATE_DATE, CREATEDON, RECORD_CREATE_DATE, TENANT_TYPE, PLANSTART, ISCONFIRMED, NUMBER, SPECIALINSTRUCTIONS, STATUS, MODIFIEDON, RECORD_UPDATED_BY]
Column Name found in Datamart and Curated Table :: END
Column Name found in Datamart and Curated Table :: SMARTDISPATCHDATA_JOBAPPOINTMENT
Column Name found in Datamart and Curated Table :: STATUS
Column Name found in Datamart and Curated Table :: JOB_ID
Column Name found in Datamart and Curated Table :: PLANEND
Column Name found in Datamart and Curated Table :: CREATEDON
Column Name found in Datamart and Curated Table :: IMPORTID
Column Name found in Datamart and Curated Table :: ISCONFIRMED
Column Name found in Datamart and Curated Table :: MODIFIEDON
Column Name found in Datamart and Curated Table :: START
Column Name found in Datamart and Curated Table :: NUMBER
Column Name found in Datamart and Curated Table :: CREATEDBY_ID
Column Name found in Datamart and Curated Table :: ID
Column Name found in Datamart and Curated Table :: ACTIVE
Column Name found in Datamart and Curated Table :: PLANSTART
Column Name found in Datamart and Curated Table :: ISUNUSED
Column Name found in Datamart and Curated Table :: MONTHNUMBER
Column Name found in Datamart and Curated Table :: TENANT_TYPE
Datamart tables contains additional column name like [ACTIVE_FLAG, RECORD_CREATE_DATE, RECORD_UPDATE_DATE, MASTER_ID]
Curated tables contains additional column name like [RECORD_CREATE_DATE, RECORD_UPDATE_DATE, RECORD_UPDATED_BY]]]>
  </system-out>
  <testcase classname="testcases.RAW_DATAMART_CURATED.SnowFlake_ColumnValidation_APITables" name="validateColumnName_BKP" time="2.811"/>
  <system-out>
    <![CDATA[Executing Snowflake query :: SELECT COLUMN_NAME FROM DEV_ENT_RAW.INFORMATION_SCHEMA.COLUMNS WHERE TABLE_NAME='ST_API_BUSINESSUNIT'and TABLE_SCHEMA='API_MAT'
Executing Snowflake query :: SELECT COLUMN_NAME FROM CURATED_DATAMART.INFORMATION_SCHEMA.COLUMNS WHERE TABLE_NAME='STR_API_BUSINESSUNIT'and TABLE_SCHEMA='ST_API_SNELLHEATINGAIR'
Executing Snowflake query :: SELECT COLUMN_NAME FROM DEV_ENT_CURATED.INFORMATION_SCHEMA.COLUMNS WHERE TABLE_NAME='DIM_BUSINESSUNIT'and TABLE_SCHEMA='MASTER_DIMENSIONS'
Column names for RAW Table --> ST_API_BUSINESSUNIT :: [ADDRESS_ZIP, CORPORATECONTRACTNUMBER, CREDITCARDPROCESSORLOGIN, DATA, FRANCHISEEINFO_NAME, FRANCHISEEINFO_TRUCKSOPERATING, INVOICEHEADER, MATERIALSKUREFERENCE_SKUTYPE, OFFERWORKERSCOMPENSATION, PAYROLLIDLETIMEDOUBLEOVERTIMEPAYCODE_ID, CREATEDBY_ID, FRANCHISEEINFO_COMMENTS, INSURANCECOMPANYPHONE, MATERIALSKU_ID, PAYROLLFLATFEEMINIMUM, SERVICEFINANCEDEALERNAME, PAYROLLSOLDBYPAYCODE, CONSTRUCTION, INSURANCECOMPANYNAME, ENABLEWORKORDERS, FINANCEITACCOUNTEMAIL, PAYROLLTYPE, PHONENUMBER, POSTDATE, TRADE_ID, WORLDPAYSUBID, PAYROLLJOBHOURSSTANDARDPAYCODE_ID, PAYROLLTASKBONUSPAYCODE, PAYROLLJOBHOURSOTPAYCODE, ACTIVATIONLOCKED, ADDRESS_STATE, COMMISSIONCALCULATION, OFFERCOMMERCIALGENERALLIABILITY, PAYROLLTASKBONUSPAYCODENEW, ADDRESS_STREET, JOBBOOKEDALERTRECIPIENTS, MINIMUMROYALTYFEE, QUICKBOOKSROOTSALESACCOUNT, TURNSCONTRACTORID, FRANCHISEEINFO_PIVOTALNUMBER, MEALAPPOINTMENT_ID, NOCHARGECOMMERCIAL, PAYROLLPERCENTAGEFEEMINIMUM, PAYROLLTURNOVERBONUSPAYCODENEW, ADDRESS_ISMILITARY, CURRENCY, OVERTIMEMODE, ADDRESS_LATITUDE, BANKACCOUNTPROCESSOR_ID, DIVISIONNAME, FINANCEITPARTNERID, MODIFIEDON, PAYMENTPROCESSOR, QUICKBOOKSCLASS, SERVICEFINANCEDEALERID, WORLDPAYACCOUNTID, AUTHORIZATIONAGREEMENT_ORIGINALFILENAME, CREATEDON, DIVISION_ID, ENABLEWORKORDERSEQUIPMENTFORMATTING, ESTIMATEAUTHORIZATIONPARAGRAPH, HIDEPRICES, NAME, NAVISIONOVERTIMEEARNINGCODE, NOCHARGE, PAYMENTOPTIONS, PAYROLLSOLDBYPAYCODENEW, PAYROLLTURNOVERBONUSPAYCODE, PAYROLLIDLETIMESTANDARDPAYCODE_ID, THREEDAYCANCELATIONPARAGRAPH, PAYROLLWEIGHTEDOVERTIMEPAYCODE_ID, AUTHORIZATIONPARAGRAPH, ACKNOWLEDGEMENTAGREEMENT_FILENAME, ADDRESS_CITY, ADDRESS_ISMANUALCOORDINATES, ADDRESS_UNIT, CALIFORNIACOMPLIANTCONTRACTDOCUMENTS, EMAIL, IMPORTID, ADDRESS_LONGITUDE, GOAL, OFFICIALNAME, PAYROLLFLATFEE, PAYROLLIDLETIMEOVERTIMEPAYCODE_ID, PAYROLLJOBHOURSDOUBLEOVERTIMEPAYCODE_ID, QUICKBOOKSOAUTHSETTINGS, PAYROLLCOSTMARKUP, TGLBONUS, PAYROLLIDLETIMESTPAYCODE, ACTIVE, ACKNOWLEDGEMENTAGREEMENT_ORIGINALFILENAME, ADDRESS_COUNTRY, AUTHORIZATIONAGREEMENT_FILENAME, CREDITCARDPROCESSORKEY, CREDITCARDPROCESSOR_ID, FINANCEITAUTHTOKEN, FRANCHISEEINFO_CONTRACT, INVOICEMESSAGE, NAVISIONSTANDARDTIMEEARNINGCODE, PAYROLLEXPENSEDEDUCTIONTRIGGER, PAYROLLIDLETIMEOTPAYCODE, PAYROLLWEIGHTEDOTPAYCODE, DEFAULTTAXRATE, ID, PAYROLLPERCENTAGEFEE, PAYROLLJOBHOURSOVERTIMEPAYCODE_ID, WARRANTYRATE, GREENSKYMERCHANTID, PAYROLLJOBHOURSSTPAYCODE, LOGO, NAVISIONGLCODE, SELLERFEE, ACKNOWLEDGEMENTPARAGRAPH, EXTERNALID, HVACDASHBOARDSECTIONS, INTACCTENTITY_ID, FRANCHISEEINFO_GST, LICENSENUMBER, NOCHARGERESIDENTIAL, INTEGRATEDREFUNDS_ID, MATERIALSKUREFERENCE_SKUID, TURNOVERMINIMUMTHRESHOLD, PAYROLLINVOICEBONUSPAYCODE_ID, WORLDPAYMERCHANTPIN, TENANT_TYPE]
Column names for DataMart Table --> STR_API_BUSINESSUNIT :: [ACKNOWLEDGEMENTAGREEMENT_FILENAME, ACTIVATIONLOCKED, ACTIVE_FLAG, CORPORATECONTRACTNUMBER, DATA, HVACDASHBOARDSECTIONS, GREENSKYMERCHANTID, INTACCTENTITY_ID, PAYROLLJOBHOURSSTPAYCODE, PAYROLLTASKBONUSPAYCODENEW, PAYROLLTURNOVERBONUSPAYCODE, PAYROLLTYPE, PAYROLLWEIGHTEDOVERTIMEPAYCODE_ID, QUICKBOOKSROOTSALESACCOUNT, RECORD_CREATE_DATE, WARRANTYRATE, QUICKBOOKSCLASS, PHONENUMBER, ACKNOWLEDGEMENTAGREEMENT_ORIGINALFILENAME, ADDRESS_COUNTRY, ADDRESS_STREET, CALIFORNIACOMPLIANTCONTRACTDOCUMENTS, MASTER_ID, CURRENCY, FRANCHISEEINFO_TRUCKSOPERATING, PAYROLLWEIGHTEDOTPAYCODE, SELLERFEE, TURNOVERMINIMUMTHRESHOLD, PAYROLLJOBHOURSSTANDARDPAYCODE_ID, PAYROLLTASKBONUSPAYCODE, PAYROLLEXPENSEDEDUCTIONTRIGGER, WORLDPAYMERCHANTPIN, ADDRESS_ISMANUALCOORDINATES, ADDRESS_UNIT, CREDITCARDPROCESSOR_ID, PAYROLLFLATFEEMINIMUM, WORLDPAYSUBID, PAYROLLFLATFEE, PAYROLLIDLETIMEOTPAYCODE, PAYROLLIDLETIMESTPAYCODE, SERVICEFINANCEDEALERNAME, PAYROLLJOBHOURSDOUBLEOVERTIMEPAYCODE_ID, FRANCHISEEINFO_NAME, ACKNOWLEDGEMENTPARAGRAPH, ADDRESS_ISMILITARY, ADDRESS_ZIP, EMAIL, ENABLEWORKORDERS, INSURANCECOMPANYNAME, NOCHARGE, PAYMENTPROCESSOR, PAYROLLCOSTMARKUP, CREATEDON, JOBBOOKEDALERTRECIPIENTS, NAME, PAYROLLINVOICEBONUSPAYCODE_ID, TENANT_TYPE, FRANCHISEEINFO_CONTRACT, ADDRESS_LONGITUDE, ADDRESS_STATE, AUTHORIZATIONAGREEMENT_FILENAME, CREDITCARDPROCESSORKEY, DIVISIONNAME, FINANCEITACCOUNTEMAIL, FINANCEITAUTHTOKEN, IMPORTID, INVOICEHEADER, GOAL, MATERIALSKUREFERENCE_SKUTYPE, OFFERCOMMERCIALGENERALLIABILITY, OFFICIALNAME, QUICKBOOKSOAUTHSETTINGS, PAYMENTOPTIONS, TURNSCONTRACTORID, ACTIVE, OVERTIMEMODE, ADDRESS_CITY, COMMISSIONCALCULATION, CREATEDBY_ID, ESTIMATEAUTHORIZATIONPARAGRAPH, FRANCHISEEINFO_GST, HIDEPRICES, ID, BANKACCOUNTPROCESSOR_ID, CONSTRUCTION, ENABLEWORKORDERSEQUIPMENTFORMATTING, LICENSENUMBER, MATERIALSKU_ID, PAYROLLPERCENTAGEFEE, PAYROLLSOLDBYPAYCODENEW, PAYROLLTURNOVERBONUSPAYCODENEW, TGLBONUS, NOCHARGECOMMERCIAL, PAYROLLPERCENTAGEFEEMINIMUM, INSURANCECOMPANYPHONE, MINIMUMROYALTYFEE, PAYROLLIDLETIMESTANDARDPAYCODE_ID, PAYROLLJOBHOURSOTPAYCODE, NAVISIONOVERTIMEEARNINGCODE, RECORD_UPDATE_DATE, PAYROLLSOLDBYPAYCODE, CREDITCARDPROCESSORLOGIN, EXTERNALID, FINANCEITPARTNERID, OFFERWORKERSCOMPENSATION, PAYROLLIDLETIMEOVERTIMEPAYCODE_ID, DIVISION_ID, FRANCHISEEINFO_COMMENTS, INTEGRATEDREFUNDS_ID, MODIFIEDON, NAVISIONSTANDARDTIMEEARNINGCODE, PAYROLLJOBHOURSOVERTIMEPAYCODE_ID, DEFAULTTAXRATE, THREEDAYCANCELATIONPARAGRAPH, TRADE_ID, ADDRESS_LATITUDE, FRANCHISEEINFO_PIVOTALNUMBER, INVOICEMESSAGE, MATERIALSKUREFERENCE_SKUID, AUTHORIZATIONAGREEMENT_ORIGINALFILENAME, BCCEMAIL, LOGO, NAVISIONGLCODE, NOCHARGERESIDENTIAL, PAYROLLIDLETIMEDOUBLEOVERTIMEPAYCODE_ID, WORLDPAYACCOUNTID, SERVICEFINANCEDEALERID, AUTHORIZATIONPARAGRAPH, MEALAPPOINTMENT_ID, POSTDATE]
Column names for Curated Table --> DIM_BUSINESSUNIT :: [ADDRESS_COUNTRY, ADDRESS_STREET, BANKACCOUNTPROCESSOR_ID, MEALAPPOINTMENT_ID, CREATEDBY_ID, DIVISION_ID, OFFERCOMMERCIALGENERALLIABILITY, PAYMENTPROCESSOR, PAYROLLJOBHOURSSTANDARDPAYCODE_ID, PAYROLLSOLDBYPAYCODE, TGLBONUS, NAME, PAYROLLCOSTMARKUP, PAYROLLJOBHOURSDOUBLEOVERTIMEPAYCODE_ID, LICENSENUMBER, LOGO, OVERTIMEMODE, ACKNOWLEDGEMENTAGREEMENT_ORIGINALFILENAME, AUTHORIZATIONPARAGRAPH, FINANCEITPARTNERID, WARRANTYRATE, FINANCEITACCOUNTEMAIL, PAYROLLTYPE, QUICKBOOKSCLASS, QUICKBOOKSOAUTHSETTINGS, GREENSKYMERCHANTID, CREDITCARDPROCESSORKEY, CREDITCARDPROCESSORLOGIN, CREDITCARDPROCESSOR_ID, DEFAULTTAXRATE, FRANCHISEEINFO_COMMENTS, HVACDASHBOARDSECTIONS, MODIFIEDON, WORLDPAYACCOUNTID, PAYROLLIDLETIMEDOUBLEOVERTIMEPAYCODE_ID, TENANT_TYPE, FRANCHISEEINFO_GST, RECORD_CREATE_DATE, NOCHARGE, PAYMENTOPTIONS, PAYROLLPERCENTAGEFEE, PAYROLLSOLDBYPAYCODENEW, ADDRESS_LONGITUDE, ADDRESS_ZIP, CREATEDON, INTEGRATEDREFUNDS_ID, JOBBOOKEDALERTRECIPIENTS, NAVISIONOVERTIMEEARNINGCODE, PAYROLLINVOICEBONUSPAYCODE_ID, ACTIVE, ADDRESS_STATE, AUTHORIZATIONAGREEMENT_ORIGINALFILENAME, ENABLEWORKORDERS, MATERIALSKU_ID, NAVISIONSTANDARDTIMEEARNINGCODE, PAYROLLJOBHOURSSTPAYCODE, POSTDATE, ADDRESS_ISMILITARY, ADDRESS_LATITUDE, ADDRESS_UNIT, CALIFORNIACOMPLIANTCONTRACTDOCUMENTS, ENABLEWORKORDERSEQUIPMENTFORMATTING, HIDEPRICES, INVOICEHEADER, COMMISSIONCALCULATION, EMAIL, FRANCHISEEINFO_TRUCKSOPERATING, PAYROLLIDLETIMESTANDARDPAYCODE_ID, PAYROLLIDLETIMESTPAYCODE, TRADE_ID, AUTHORIZATIONAGREEMENT_FILENAME, SERVICEFINANCEDEALERID, WORLDPAYMERCHANTPIN, BCCEMAIL, OFFERWORKERSCOMPENSATION, NAVISIONGLCODE, WORLDPAYSUBID, ACKNOWLEDGEMENTAGREEMENT_FILENAME, ACTIVATIONLOCKED, DIVISIONNAME, FINANCEITAUTHTOKEN, FRANCHISEEINFO_PIVOTALNUMBER, INSURANCECOMPANYNAME, PAYROLLWEIGHTEDOVERTIMEPAYCODE_ID, TURNSCONTRACTORID, FRANCHISEEINFO_NAME, MINIMUMROYALTYFEE, PAYROLLEXPENSEDEDUCTIONTRIGGER, PAYROLLPERCENTAGEFEEMINIMUM, RECORD_UPDATED_BY, SERVICEFINANCEDEALERNAME, ESTIMATEAUTHORIZATIONPARAGRAPH, TURNOVERMINIMUMTHRESHOLD, PAYROLLIDLETIMEOVERTIMEPAYCODE_ID, RECORD_UPDATE_DATE, ACKNOWLEDGEMENTPARAGRAPH, ADDRESS_ISMANUALCOORDINATES, INVOICEMESSAGE, MATERIALSKUREFERENCE_SKUID, MATERIALSKUREFERENCE_SKUTYPE, PAYROLLIDLETIMEOTPAYCODE, PAYROLLJOBHOURSOTPAYCODE, PAYROLLJOBHOURSOVERTIMEPAYCODE_ID, CONSTRUCTION, CORPORATECONTRACTNUMBER, DATA, NOCHARGECOMMERCIAL, NOCHARGERESIDENTIAL, PAYROLLTASKBONUSPAYCODE, PAYROLLTASKBONUSPAYCODENEW, QUICKBOOKSROOTSALESACCOUNT, ID, PAYROLLTURNOVERBONUSPAYCODENEW, ADDRESS_CITY, CURRENCY, GOAL, IMPORTID, INSURANCECOMPANYPHONE, PAYROLLTURNOVERBONUSPAYCODE, OFFICIALNAME, PAYROLLFLATFEE, PHONENUMBER, SELLERFEE, THREEDAYCANCELATIONPARAGRAPH, FRANCHISEEINFO_CONTRACT, PAYROLLFLATFEEMINIMUM, PAYROLLWEIGHTEDOTPAYCODE, INTACCTENTITY_ID, EXTERNALID]
Column Name found in Datamart and Curated Table :: ADDRESS_ZIP
Column Name found in Datamart and Curated Table :: CORPORATECONTRACTNUMBER
Column Name found in Datamart and Curated Table :: CREDITCARDPROCESSORLOGIN
Column Name found in Datamart and Curated Table :: DATA
Column Name found in Datamart and Curated Table :: FRANCHISEEINFO_NAME
Column Name found in Datamart and Curated Table :: FRANCHISEEINFO_TRUCKSOPERATING
Column Name found in Datamart and Curated Table :: INVOICEHEADER
Column Name found in Datamart and Curated Table :: MATERIALSKUREFERENCE_SKUTYPE
Column Name found in Datamart and Curated Table :: OFFERWORKERSCOMPENSATION
Column Name found in Datamart and Curated Table :: PAYROLLIDLETIMEDOUBLEOVERTIMEPAYCODE_ID
Column Name found in Datamart and Curated Table :: CREATEDBY_ID
Column Name found in Datamart and Curated Table :: FRANCHISEEINFO_COMMENTS
Column Name found in Datamart and Curated Table :: INSURANCECOMPANYPHONE
Column Name found in Datamart and Curated Table :: MATERIALSKU_ID
Column Name found in Datamart and Curated Table :: PAYROLLFLATFEEMINIMUM
Column Name found in Datamart and Curated Table :: SERVICEFINANCEDEALERNAME
Column Name found in Datamart and Curated Table :: PAYROLLSOLDBYPAYCODE
Column Name found in Datamart and Curated Table :: CONSTRUCTION
Column Name found in Datamart and Curated Table :: INSURANCECOMPANYNAME
Column Name found in Datamart and Curated Table :: ENABLEWORKORDERS
Column Name found in Datamart and Curated Table :: FINANCEITACCOUNTEMAIL
Column Name found in Datamart and Curated Table :: PAYROLLTYPE
Column Name found in Datamart and Curated Table :: PHONENUMBER
Column Name found in Datamart and Curated Table :: POSTDATE
Column Name found in Datamart and Curated Table :: TRADE_ID
Column Name found in Datamart and Curated Table :: WORLDPAYSUBID
Column Name found in Datamart and Curated Table :: PAYROLLJOBHOURSSTANDARDPAYCODE_ID
Column Name found in Datamart and Curated Table :: PAYROLLTASKBONUSPAYCODE
Column Name found in Datamart and Curated Table :: PAYROLLJOBHOURSOTPAYCODE
Column Name found in Datamart and Curated Table :: ACTIVATIONLOCKED
Column Name found in Datamart and Curated Table :: ADDRESS_STATE
Column Name found in Datamart and Curated Table :: COMMISSIONCALCULATION
Column Name found in Datamart and Curated Table :: OFFERCOMMERCIALGENERALLIABILITY
Column Name found in Datamart and Curated Table :: PAYROLLTASKBONUSPAYCODENEW
Column Name found in Datamart and Curated Table :: ADDRESS_STREET
Column Name found in Datamart and Curated Table :: JOBBOOKEDALERTRECIPIENTS
Column Name found in Datamart and Curated Table :: MINIMUMROYALTYFEE
Column Name found in Datamart and Curated Table :: QUICKBOOKSROOTSALESACCOUNT
Column Name found in Datamart and Curated Table :: TURNSCONTRACTORID
Column Name found in Datamart and Curated Table :: FRANCHISEEINFO_PIVOTALNUMBER
Column Name found in Datamart and Curated Table :: MEALAPPOINTMENT_ID
Column Name found in Datamart and Curated Table :: NOCHARGECOMMERCIAL
Column Name found in Datamart and Curated Table :: PAYROLLPERCENTAGEFEEMINIMUM
Column Name found in Datamart and Curated Table :: PAYROLLTURNOVERBONUSPAYCODENEW
Column Name found in Datamart and Curated Table :: ADDRESS_ISMILITARY
Column Name found in Datamart and Curated Table :: CURRENCY
Column Name found in Datamart and Curated Table :: OVERTIMEMODE
Column Name found in Datamart and Curated Table :: ADDRESS_LATITUDE
Column Name found in Datamart and Curated Table :: BANKACCOUNTPROCESSOR_ID
Column Name found in Datamart and Curated Table :: DIVISIONNAME
Column Name found in Datamart and Curated Table :: FINANCEITPARTNERID
Column Name found in Datamart and Curated Table :: MODIFIEDON
Column Name found in Datamart and Curated Table :: PAYMENTPROCESSOR
Column Name found in Datamart and Curated Table :: QUICKBOOKSCLASS
Column Name found in Datamart and Curated Table :: SERVICEFINANCEDEALERID
Column Name found in Datamart and Curated Table :: WORLDPAYACCOUNTID
Column Name found in Datamart and Curated Table :: AUTHORIZATIONAGREEMENT_ORIGINALFILENAME
Column Name found in Datamart and Curated Table :: CREATEDON
Column Name found in Datamart and Curated Table :: DIVISION_ID
Column Name found in Datamart and Curated Table :: ENABLEWORKORDERSEQUIPMENTFORMATTING
Column Name found in Datamart and Curated Table :: ESTIMATEAUTHORIZATIONPARAGRAPH
Column Name found in Datamart and Curated Table :: HIDEPRICES
Column Name found in Datamart and Curated Table :: NAME
Column Name found in Datamart and Curated Table :: NAVISIONOVERTIMEEARNINGCODE
Column Name found in Datamart and Curated Table :: NOCHARGE
Column Name found in Datamart and Curated Table :: PAYMENTOPTIONS
Column Name found in Datamart and Curated Table :: PAYROLLSOLDBYPAYCODENEW
Column Name found in Datamart and Curated Table :: PAYROLLTURNOVERBONUSPAYCODE
Column Name found in Datamart and Curated Table :: PAYROLLIDLETIMESTANDARDPAYCODE_ID
Column Name found in Datamart and Curated Table :: THREEDAYCANCELATIONPARAGRAPH
Column Name found in Datamart and Curated Table :: PAYROLLWEIGHTEDOVERTIMEPAYCODE_ID
Column Name found in Datamart and Curated Table :: AUTHORIZATIONPARAGRAPH
Column Name found in Datamart and Curated Table :: ACKNOWLEDGEMENTAGREEMENT_FILENAME
Column Name found in Datamart and Curated Table :: ADDRESS_CITY
Column Name found in Datamart and Curated Table :: ADDRESS_ISMANUALCOORDINATES
Column Name found in Datamart and Curated Table :: ADDRESS_UNIT
Column Name found in Datamart and Curated Table :: CALIFORNIACOMPLIANTCONTRACTDOCUMENTS
Column Name found in Datamart and Curated Table :: EMAIL
Column Name found in Datamart and Curated Table :: IMPORTID
Column Name found in Datamart and Curated Table :: ADDRESS_LONGITUDE
Column Name found in Datamart and Curated Table :: GOAL
Column Name found in Datamart and Curated Table :: OFFICIALNAME
Column Name found in Datamart and Curated Table :: PAYROLLFLATFEE
Column Name found in Datamart and Curated Table :: PAYROLLIDLETIMEOVERTIMEPAYCODE_ID
Column Name found in Datamart and Curated Table :: PAYROLLJOBHOURSDOUBLEOVERTIMEPAYCODE_ID
Column Name found in Datamart and Curated Table :: QUICKBOOKSOAUTHSETTINGS
Column Name found in Datamart and Curated Table :: PAYROLLCOSTMARKUP
Column Name found in Datamart and Curated Table :: TGLBONUS
Column Name found in Datamart and Curated Table :: PAYROLLIDLETIMESTPAYCODE
Column Name found in Datamart and Curated Table :: ACTIVE
Column Name found in Datamart and Curated Table :: ACKNOWLEDGEMENTAGREEMENT_ORIGINALFILENAME
Column Name found in Datamart and Curated Table :: ADDRESS_COUNTRY
Column Name found in Datamart and Curated Table :: AUTHORIZATIONAGREEMENT_FILENAME
Column Name found in Datamart and Curated Table :: CREDITCARDPROCESSORKEY
Column Name found in Datamart and Curated Table :: CREDITCARDPROCESSOR_ID
Column Name found in Datamart and Curated Table :: FINANCEITAUTHTOKEN
Column Name found in Datamart and Curated Table :: FRANCHISEEINFO_CONTRACT
Column Name found in Datamart and Curated Table :: INVOICEMESSAGE
Column Name found in Datamart and Curated Table :: NAVISIONSTANDARDTIMEEARNINGCODE
Column Name found in Datamart and Curated Table :: PAYROLLEXPENSEDEDUCTIONTRIGGER
Column Name found in Datamart and Curated Table :: PAYROLLIDLETIMEOTPAYCODE
Column Name found in Datamart and Curated Table :: PAYROLLWEIGHTEDOTPAYCODE
Column Name found in Datamart and Curated Table :: DEFAULTTAXRATE
Column Name found in Datamart and Curated Table :: ID
Column Name found in Datamart and Curated Table :: PAYROLLPERCENTAGEFEE
Column Name found in Datamart and Curated Table :: PAYROLLJOBHOURSOVERTIMEPAYCODE_ID
Column Name found in Datamart and Curated Table :: WARRANTYRATE
Column Name found in Datamart and Curated Table :: GREENSKYMERCHANTID
Column Name found in Datamart and Curated Table :: PAYROLLJOBHOURSSTPAYCODE
Column Name found in Datamart and Curated Table :: LOGO
Column Name found in Datamart and Curated Table :: NAVISIONGLCODE
Column Name found in Datamart and Curated Table :: SELLERFEE
Column Name found in Datamart and Curated Table :: ACKNOWLEDGEMENTPARAGRAPH
Column Name found in Datamart and Curated Table :: EXTERNALID
Column Name found in Datamart and Curated Table :: HVACDASHBOARDSECTIONS
Column Name found in Datamart and Curated Table :: INTACCTENTITY_ID
Column Name found in Datamart and Curated Table :: FRANCHISEEINFO_GST
Column Name found in Datamart and Curated Table :: LICENSENUMBER
Column Name found in Datamart and Curated Table :: NOCHARGERESIDENTIAL
Column Name found in Datamart and Curated Table :: INTEGRATEDREFUNDS_ID
Column Name found in Datamart and Curated Table :: MATERIALSKUREFERENCE_SKUID
Column Name found in Datamart and Curated Table :: TURNOVERMINIMUMTHRESHOLD
Column Name found in Datamart and Curated Table :: PAYROLLINVOICEBONUSPAYCODE_ID
Column Name found in Datamart and Curated Table :: WORLDPAYMERCHANTPIN
Column Name found in Datamart and Curated Table :: TENANT_TYPE
Datamart tables contains additional column name like [ACTIVE_FLAG, RECORD_CREATE_DATE, RECORD_UPDATE_DATE, MASTER_ID]
Curated tables contains additional column name like [RECORD_CREATE_DATE, RECORD_UPDATE_DATE, RECORD_UPDATED_BY]]]>
  </system-out>
  <testcase classname="testcases.RAW_DATAMART_CURATED.SnowFlake_ColumnValidation_APITables" name="validateColumnName_BKP" time="2.428"/>
  <system-out>
    <![CDATA[Executing Snowflake query :: SELECT COLUMN_NAME FROM DEV_ENT_RAW.INFORMATION_SCHEMA.COLUMNS WHERE TABLE_NAME='ST_API_CANCELJOBREASON'and TABLE_SCHEMA='API_MAT'
Executing Snowflake query :: SELECT COLUMN_NAME FROM CURATED_DATAMART.INFORMATION_SCHEMA.COLUMNS WHERE TABLE_NAME='STR_API_CANCELJOBREASON'and TABLE_SCHEMA='ST_API_FOURPROS'
Executing Snowflake query :: SELECT COLUMN_NAME FROM DEV_ENT_CURATED.INFORMATION_SCHEMA.COLUMNS WHERE TABLE_NAME='DIM_CANCELJOBREASON'and TABLE_SCHEMA='MASTER_DIMENSIONS'
Column names for RAW Table --> ST_API_CANCELJOBREASON :: [CREATEDBY_ID, CREATEDON, ID, IMPORTID, MODIFIEDON, NAME, ACTIVE, TENANT_TYPE]
Column names for DataMart Table --> STR_API_CANCELJOBREASON :: [IMPORTID, RECORD_UPDATE_DATE, TENANT_TYPE, NAME, MODIFIEDON, ACTIVE_FLAG, MASTER_ID, ACTIVE, CREATEDBY_ID, CREATEDON, ID, RECORD_CREATE_DATE]
Column names for Curated Table --> DIM_CANCELJOBREASON :: [ID, IMPORTID, TENANT_TYPE, MODIFIEDON, CREATEDON, RECORD_UPDATED_BY, RECORD_UPDATE_DATE, RECORD_CREATE_DATE, ACTIVE, CREATEDBY_ID, NAME]
Column Name found in Datamart and Curated Table :: CREATEDBY_ID
Column Name found in Datamart and Curated Table :: CREATEDON
Column Name found in Datamart and Curated Table :: ID
Column Name found in Datamart and Curated Table :: IMPORTID
Column Name found in Datamart and Curated Table :: MODIFIEDON
Column Name found in Datamart and Curated Table :: NAME
Column Name found in Datamart and Curated Table :: ACTIVE
Column Name found in Datamart and Curated Table :: TENANT_TYPE
Datamart tables contains additional column name like [ACTIVE_FLAG, RECORD_CREATE_DATE, RECORD_UPDATE_DATE, MASTER_ID]
Curated tables contains additional column name like [RECORD_CREATE_DATE, RECORD_UPDATE_DATE, RECORD_UPDATED_BY]]]>
  </system-out>
  <testcase classname="testcases.RAW_DATAMART_CURATED.SnowFlake_ColumnValidation_APITables" name="validateColumnName_BKP" time="2.063"/>
  <system-out>
    <![CDATA[Executing Snowflake query :: SELECT COLUMN_NAME FROM DEV_ENT_RAW.INFORMATION_SCHEMA.COLUMNS WHERE TABLE_NAME='ST_API_CALLREASON'and TABLE_SCHEMA='API_MAT'
Executing Snowflake query :: SELECT COLUMN_NAME FROM CURATED_DATAMART.INFORMATION_SCHEMA.COLUMNS WHERE TABLE_NAME='STR_API_CALLREASON'and TABLE_SCHEMA='ST_API_HENDERSON'
Executing Snowflake query :: SELECT COLUMN_NAME FROM DEV_ENT_CURATED.INFORMATION_SCHEMA.COLUMNS WHERE TABLE_NAME='DIM_CALLREASON'and TABLE_SCHEMA='MASTER_DIMENSIONS'
Column names for RAW Table --> ST_API_CALLREASON :: [CREATEDBY_ID, CREATEDON, ID, IMPORTID, ACTIVE, LEAD, MODIFIEDON, NAME, TENANT_TYPE]
Column names for DataMart Table --> STR_API_CALLREASON :: [CREATEDON, NAME, MODIFIEDON, LEAD, RECORD_CREATE_DATE, TENANT_TYPE, RECORD_UPDATE_DATE, ACTIVE_FLAG, ID, IMPORTID, MASTER_ID, ACTIVE, CREATEDBY_ID]
Column names for Curated Table --> DIM_CALLREASON :: [CREATEDBY_ID, RECORD_CREATE_DATE, MODIFIEDON, LEAD, RECORD_UPDATED_BY, ACTIVE, ID, CREATEDON, IMPORTID, NAME, TENANT_TYPE, RECORD_UPDATE_DATE]
Column Name found in Datamart and Curated Table :: CREATEDBY_ID
Column Name found in Datamart and Curated Table :: CREATEDON
Column Name found in Datamart and Curated Table :: ID
Column Name found in Datamart and Curated Table :: IMPORTID
Column Name found in Datamart and Curated Table :: ACTIVE
Column Name found in Datamart and Curated Table :: LEAD
Column Name found in Datamart and Curated Table :: MODIFIEDON
Column Name found in Datamart and Curated Table :: NAME
Column Name found in Datamart and Curated Table :: TENANT_TYPE
Datamart tables contains additional column name like [ACTIVE_FLAG, RECORD_CREATE_DATE, RECORD_UPDATE_DATE, MASTER_ID]
Curated tables contains additional column name like [RECORD_CREATE_DATE, RECORD_UPDATE_DATE, RECORD_UPDATED_BY]]]>
  </system-out>
  <testcase classname="testcases.RAW_DATAMART_CURATED.SnowFlake_ColumnValidation_APITables" name="validateColumnName_BKP" time="2.473"/>
  <system-out>
    <![CDATA[Executing Snowflake query :: SELECT COLUMN_NAME FROM DEV_ENT_RAW.INFORMATION_SCHEMA.COLUMNS WHERE TABLE_NAME='ST_API_EQUIPMENT'and TABLE_SCHEMA='API_MAT'
Executing Snowflake query :: SELECT COLUMN_NAME FROM CURATED_DATAMART.INFORMATION_SCHEMA.COLUMNS WHERE TABLE_NAME='STR_API_EQUIPMENT'and TABLE_SCHEMA='ST_API_FOURPROS'
Executing Snowflake query :: SELECT COLUMN_NAME FROM DEV_ENT_CURATED.INFORMATION_SCHEMA.COLUMNS WHERE TABLE_NAME='DIM_EQUIPMENT'and TABLE_SCHEMA='MASTER_DIMENSIONS'
Column names for RAW Table --> ST_API_EQUIPMENT :: [BUSINESSUNIT_ID, HOURS, IMPORTID, TAXABLE, MANUFACTURER, MODIFIEDON, NAME, PAYSSOLDBYRATE, PAYTECHSPECIFICBONUS, SCHEDULEDFLATAMOUNT, SOURCEVERSION, ACCOUNT, CREATEDBY_ID, SOURCE, WARRANTYRESERVE, BONUS, ADDONMEMBERPRICE, COST, ISSERIALIZED, MANUFACTURERWARRANTY_DESCRIPTION, EXCLUDEFROMPRICEBOOKWIZARD, ORIGINAL_ID, PRIMARYVENDOR_ID, ALLOWDISCOUNTS, COPIEDFROM_ID, CREATEDON, PAYSFLATAMOUNT, SERIALIZEDON, DISPLAYNAME, ACTIVE, ARCHIVED, AVALARACOMMERCIALTAXCODE, CROSSSALEGROUP, PAYSCOMMISSION, UNITOFMEASURE, DISPLAYINAMOUNT, EXTERNALID, ID, INVENTORYENABLEDON, SUPPLIERIMAGES, SYNCDATE, ADDONFLATAMOUNT, ISINVENTORY, TYPE_ID, SERVICEPROVIDERWARRANTY_DURATION, AVALARARESIDENTIALTAXCODE, COMMISSIONBONUS, IMAGES, MODEL, INVENTORYENABLEDBY_ID, PRICE, ADDONPRICE, ASSETACCOUNT_ID, CATEGORY_ID, GENERALLEDGERACCOUNT_ID, LOYALTYPROGRAMELIGIBLE, COSTOFSALEACCOUNT_ID, DESCRIPTION, MANUFACTURERWARRANTY_DURATION, PROVIDER_ID, SERVICEPROVIDERWARRANTY_DESCRIPTION, MEMBERPRICE, TENANT_TYPE]
Column names for DataMart Table --> STR_API_EQUIPMENT :: [ACTIVE_FLAG, ALLOWDISCOUNTS, DESCRIPTION, DISPLAYNAME, IMPORTID, MANUFACTURER, SOURCE, CROSSSALEGROUP, SCHEDULEDFLATAMOUNT, UNITOFMEASURE, BRAND, INVENTORYENABLEDBY_ID, MANUFACTURERWARRANTY_DESCRIPTION, PAYSCOMMISSION, CATEGORY_ID, COPIEDFROM_ID, PAYSFLATAMOUNT, PROVIDER_ID, SOURCEVERSION, TAXABLE, SERIALIZEDON, ARCHIVED, DISPLAYINAMOUNT, EXCLUDEFROMPRICEBOOKWIZARD, EXTERNALID, PRIMARYVENDOR_ID, TYPE_ID, IMAGES, COSTOFSALEACCOUNT_ID, CREATEDON, INVENTORYENABLEDON, MASTER_ID, ACCOUNT, ACTIVE, ADDONFLATAMOUNT, ASSETACCOUNT_ID, BONUS, COMMISSIONBONUS, ISSERIALIZED, PAYSSOLDBYRATE, RECORD_CREATE_DATE, SERVICEPROVIDERWARRANTY_DURATION, HOURS, SERVICEPROVIDERWARRANTY_DESCRIPTION, ADDONMEMBERPRICE, AVALARARESIDENTIALTAXCODE, BUSINESSUNIT_ID, CREATEDBY_ID, MEMBERPRICE, RECORD_UPDATE_DATE, SYNCDATE, AVALARACOMMERCIALTAXCODE, MODEL, SUPPLIERIMAGES, ORIGINAL_ID, GENERALLEDGERACCOUNT_ID, MANUFACTURERWARRANTY_DURATION, PAYTECHSPECIFICBONUS, WARRANTYRESERVE, ID, ISINVENTORY, NAME, ADDONPRICE, COST, LOYALTYPROGRAMELIGIBLE, PRICE, MODIFIEDON, TENANT_TYPE]
Column names for Curated Table --> DIM_EQUIPMENT :: [ASSETACCOUNT_ID, COMMISSIONBONUS, COSTOFSALEACCOUNT_ID, MODEL, SCHEDULEDFLATAMOUNT, COPIEDFROM_ID, ISSERIALIZED, PAYSFLATAMOUNT, PAYTECHSPECIFICBONUS, RECORD_CREATE_DATE, SERVICEPROVIDERWARRANTY_DURATION, ID, AVALARACOMMERCIALTAXCODE, BONUS, HOURS, LOYALTYPROGRAMELIGIBLE, SOURCE, SERIALIZEDON, ADDONPRICE, EXCLUDEFROMPRICEBOOKWIZARD, PAYSCOMMISSION, ISINVENTORY, MODIFIEDON, ACTIVE, ADDONMEMBERPRICE, CREATEDON, EXTERNALID, PRIMARYVENDOR_ID, BUSINESSUNIT_ID, NAME, PAYSSOLDBYRATE, SYNCDATE, AVALARARESIDENTIALTAXCODE, BRAND, CREATEDBY_ID, DISPLAYINAMOUNT, MANUFACTURERWARRANTY_DESCRIPTION, TENANT_TYPE, MANUFACTURER, PROVIDER_ID, SOURCEVERSION, RECORD_UPDATED_BY, ACCOUNT, ADDONFLATAMOUNT, COST, DISPLAYNAME, INVENTORYENABLEDBY_ID, TAXABLE, ARCHIVED, RECORD_UPDATE_DATE, DESCRIPTION, CATEGORY_ID, ALLOWDISCOUNTS, GENERALLEDGERACCOUNT_ID, INVENTORYENABLEDON, PRICE, TYPE_ID, SUPPLIERIMAGES, UNITOFMEASURE, CROSSSALEGROUP, IMAGES, IMPORTID, ORIGINAL_ID, SERVICEPROVIDERWARRANTY_DESCRIPTION, MEMBERPRICE, WARRANTYRESERVE, MANUFACTURERWARRANTY_DURATION]
Column Name found in Datamart and Curated Table :: BUSINESSUNIT_ID
Column Name found in Datamart and Curated Table :: HOURS
Column Name found in Datamart and Curated Table :: IMPORTID
Column Name found in Datamart and Curated Table :: TAXABLE
Column Name found in Datamart and Curated Table :: MANUFACTURER
Column Name found in Datamart and Curated Table :: MODIFIEDON
Column Name found in Datamart and Curated Table :: NAME
Column Name found in Datamart and Curated Table :: PAYSSOLDBYRATE
Column Name found in Datamart and Curated Table :: PAYTECHSPECIFICBONUS
Column Name found in Datamart and Curated Table :: SCHEDULEDFLATAMOUNT
Column Name found in Datamart and Curated Table :: SOURCEVERSION
Column Name found in Datamart and Curated Table :: ACCOUNT
Column Name found in Datamart and Curated Table :: CREATEDBY_ID
Column Name found in Datamart and Curated Table :: SOURCE
Column Name found in Datamart and Curated Table :: WARRANTYRESERVE
Column Name found in Datamart and Curated Table :: BONUS
Column Name found in Datamart and Curated Table :: ADDONMEMBERPRICE
Column Name found in Datamart and Curated Table :: COST
Column Name found in Datamart and Curated Table :: ISSERIALIZED
Column Name found in Datamart and Curated Table :: MANUFACTURERWARRANTY_DESCRIPTION
Column Name found in Datamart and Curated Table :: EXCLUDEFROMPRICEBOOKWIZARD
Column Name found in Datamart and Curated Table :: ORIGINAL_ID
Column Name found in Datamart and Curated Table :: PRIMARYVENDOR_ID
Column Name found in Datamart and Curated Table :: ALLOWDISCOUNTS
Column Name found in Datamart and Curated Table :: COPIEDFROM_ID
Column Name found in Datamart and Curated Table :: CREATEDON
Column Name found in Datamart and Curated Table :: PAYSFLATAMOUNT
Column Name found in Datamart and Curated Table :: SERIALIZEDON
Column Name found in Datamart and Curated Table :: DISPLAYNAME
Column Name found in Datamart and Curated Table :: ACTIVE
Column Name found in Datamart and Curated Table :: ARCHIVED
Column Name found in Datamart and Curated Table :: AVALARACOMMERCIALTAXCODE
Column Name found in Datamart and Curated Table :: CROSSSALEGROUP
Column Name found in Datamart and Curated Table :: PAYSCOMMISSION
Column Name found in Datamart and Curated Table :: UNITOFMEASURE
Column Name found in Datamart and Curated Table :: DISPLAYINAMOUNT
Column Name found in Datamart and Curated Table :: EXTERNALID
Column Name found in Datamart and Curated Table :: ID
Column Name found in Datamart and Curated Table :: INVENTORYENABLEDON
Column Name found in Datamart and Curated Table :: SUPPLIERIMAGES
Column Name found in Datamart and Curated Table :: SYNCDATE
Column Name found in Datamart and Curated Table :: ADDONFLATAMOUNT
Column Name found in Datamart and Curated Table :: ISINVENTORY
Column Name found in Datamart and Curated Table :: TYPE_ID
Column Name found in Datamart and Curated Table :: SERVICEPROVIDERWARRANTY_DURATION
Column Name found in Datamart and Curated Table :: AVALARARESIDENTIALTAXCODE
Column Name found in Datamart and Curated Table :: COMMISSIONBONUS
Column Name found in Datamart and Curated Table :: IMAGES
Column Name found in Datamart and Curated Table :: MODEL
Column Name found in Datamart and Curated Table :: INVENTORYENABLEDBY_ID
Column Name found in Datamart and Curated Table :: PRICE
Column Name found in Datamart and Curated Table :: ADDONPRICE
Column Name found in Datamart and Curated Table :: ASSETACCOUNT_ID
Column Name found in Datamart and Curated Table :: CATEGORY_ID
Column Name found in Datamart and Curated Table :: GENERALLEDGERACCOUNT_ID
Column Name found in Datamart and Curated Table :: LOYALTYPROGRAMELIGIBLE
Column Name found in Datamart and Curated Table :: COSTOFSALEACCOUNT_ID
Column Name found in Datamart and Curated Table :: DESCRIPTION
Column Name found in Datamart and Curated Table :: MANUFACTURERWARRANTY_DURATION
Column Name found in Datamart and Curated Table :: PROVIDER_ID
Column Name found in Datamart and Curated Table :: SERVICEPROVIDERWARRANTY_DESCRIPTION
Column Name found in Datamart and Curated Table :: MEMBERPRICE
Column Name found in Datamart and Curated Table :: TENANT_TYPE
Datamart tables contains additional column name like [ACTIVE_FLAG, RECORD_CREATE_DATE, RECORD_UPDATE_DATE, MASTER_ID]
Curated tables contains additional column name like [RECORD_CREATE_DATE, RECORD_UPDATE_DATE, RECORD_UPDATED_BY]]]>
  </system-out>
  <testcase classname="testcases.RAW_DATAMART_CURATED.SnowFlake_ColumnValidation_APITables" name="validateColumnName_BKP" time="2.768"/>
  <system-out>
    <![CDATA[Executing Snowflake query :: SELECT COLUMN_NAME FROM DEV_ENT_RAW.INFORMATION_SCHEMA.COLUMNS WHERE TABLE_NAME='ST_API_LOCATION'and TABLE_SCHEMA='API_MAT'
Executing Snowflake query :: SELECT COLUMN_NAME FROM CURATED_DATAMART.INFORMATION_SCHEMA.COLUMNS WHERE TABLE_NAME='STR_API_LOCATION'and TABLE_SCHEMA='ST_API_BILLFENWICK'
Executing Snowflake query :: SELECT COLUMN_NAME FROM DEV_ENT_CURATED.INFORMATION_SCHEMA.COLUMNS WHERE TABLE_NAME='DIM_LOCATION'and TABLE_SCHEMA='MASTER_DIMENSIONS'
Column names for RAW Table --> ST_API_LOCATION :: [ADDRESS_ISMANUALCOORDINATES, ADDRESS_LATITUDE, CREATEDON, RECURRINGSERVICE_RECURRENCEINTERVAL, ADDRESS_ISMILITARY, ADDRESS_STATE, CUSTOMER_ID, IMPORTID, AUTOLONGITUDE, TAXABLE, RECURRINGSERVICE_TYPE, ACTIVE, ADDRESS_COUNTRY, ADDRESS_UNIT, AVALARAENTITYCODE, ESTIMATEDTAX, ID, TAXEXEMPT, ISPREVAILINGWAGE, RECURRINGSERVICE_ACTIVATEDFROM, ADDRESS_ZIP, PREFERREDTECHNICIAN_ID, RECURRINGSERVICE_FROM, SUMMARY, RECURRINGSERVICE_MEMO, ADDRESS_CITY, AUTOLATITUDE, ZONE_ID, DONOTSENDTECHNICIAN_ID, ADDRESS_LONGITUDE, MODIFIEDON, NAME, NOCHARGE, RECURRINGSERVICE_CANCELLATIONDATE, TAXZONE_ID, ADDRESS_STREET, CREATEDBY_ID, RECURRINGSERVICE_TO, RECURRINGSERVICE_ACTIVATEDBY, TENANT_TYPE]
Column names for DataMart Table --> STR_API_LOCATION :: [ADDRESS_ISMANUALCOORDINATES, ADDRESS_UNIT, SUMMARY, RECURRINGSERVICE_MEMO, AUTOLATITUDE, ID, NAME, RECURRINGSERVICE_TYPE, TAXABLE, ACTIVE, RECURRINGSERVICE_RECURRENCEINTERVAL, TAXZONE_ID, ACTIVE_FLAG, CREATEDON, PREFERREDTECHNICIAN_ID, RECURRINGSERVICE_ACTIVATEDBY, TENANT_TYPE, ADDRESS_COUNTRY, ADDRESS_LATITUDE, ADDRESS_ZIP, MODIFIEDON, NOCHARGE, RECORD_UPDATE_DATE, TAXEXEMPT, AUTOLONGITUDE, ADDRESS_LONGITUDE, ADDRESS_STATE, ADDRESS_STREET, DONOTSENDTECHNICIAN_ID, MASTER_ID, RECURRINGSERVICE_CANCELLATIONDATE, RECURRINGSERVICE_FROM, AVALARAENTITYCODE, CUSTOMER_ID, ADDRESS_ISMILITARY, ESTIMATEDTAX, RECORD_CREATE_DATE, ZONE_ID, IMPORTID, ADDRESS_CITY, ISPREVAILINGWAGE, CREATEDBY_ID, RECURRINGSERVICE_ACTIVATEDFROM, RECURRINGSERVICE_TO]
Column names for Curated Table --> DIM_LOCATION :: [ADDRESS_UNIT, AUTOLONGITUDE, RECURRINGSERVICE_ACTIVATEDFROM, RECURRINGSERVICE_TO, TAXABLE, ADDRESS_CITY, ADDRESS_LATITUDE, IMPORTID, NAME, RECURRINGSERVICE_MEMO, ADDRESS_LONGITUDE, ADDRESS_STATE, ADDRESS_STREET, DONOTSENDTECHNICIAN_ID, MODIFIEDON, TAXZONE_ID, ADDRESS_ISMANUALCOORDINATES, ESTIMATEDTAX, ISPREVAILINGWAGE, RECURRINGSERVICE_ACTIVATEDBY, AUTOLATITUDE, RECORD_UPDATED_BY, RECORD_UPDATE_DATE, SUMMARY, CUSTOMER_ID, ZONE_ID, TENANT_TYPE, ADDRESS_COUNTRY, ADDRESS_ZIP, NOCHARGE, RECURRINGSERVICE_FROM, RECURRINGSERVICE_RECURRENCEINTERVAL, CREATEDON, RECORD_CREATE_DATE, AVALARAENTITYCODE, RECURRINGSERVICE_CANCELLATIONDATE, RECURRINGSERVICE_TYPE, PREFERREDTECHNICIAN_ID, ACTIVE, ADDRESS_ISMILITARY, CREATEDBY_ID, ID, TAXEXEMPT]
Column Name found in Datamart and Curated Table :: ADDRESS_ISMANUALCOORDINATES
Column Name found in Datamart and Curated Table :: ADDRESS_LATITUDE
Column Name found in Datamart and Curated Table :: CREATEDON
Column Name found in Datamart and Curated Table :: RECURRINGSERVICE_RECURRENCEINTERVAL
Column Name found in Datamart and Curated Table :: ADDRESS_ISMILITARY
Column Name found in Datamart and Curated Table :: ADDRESS_STATE
Column Name found in Datamart and Curated Table :: CUSTOMER_ID
Column Name found in Datamart and Curated Table :: IMPORTID
Column Name found in Datamart and Curated Table :: AUTOLONGITUDE
Column Name found in Datamart and Curated Table :: TAXABLE
Column Name found in Datamart and Curated Table :: RECURRINGSERVICE_TYPE
Column Name found in Datamart and Curated Table :: ACTIVE
Column Name found in Datamart and Curated Table :: ADDRESS_COUNTRY
Column Name found in Datamart and Curated Table :: ADDRESS_UNIT
Column Name found in Datamart and Curated Table :: AVALARAENTITYCODE
Column Name found in Datamart and Curated Table :: ESTIMATEDTAX
Column Name found in Datamart and Curated Table :: ID
Column Name found in Datamart and Curated Table :: TAXEXEMPT
Column Name found in Datamart and Curated Table :: ISPREVAILINGWAGE
Column Name found in Datamart and Curated Table :: RECURRINGSERVICE_ACTIVATEDFROM
Column Name found in Datamart and Curated Table :: ADDRESS_ZIP
Column Name found in Datamart and Curated Table :: PREFERREDTECHNICIAN_ID
Column Name found in Datamart and Curated Table :: RECURRINGSERVICE_FROM
Column Name found in Datamart and Curated Table :: SUMMARY
Column Name found in Datamart and Curated Table :: RECURRINGSERVICE_MEMO
Column Name found in Datamart and Curated Table :: ADDRESS_CITY
Column Name found in Datamart and Curated Table :: AUTOLATITUDE
Column Name found in Datamart and Curated Table :: ZONE_ID
Column Name found in Datamart and Curated Table :: DONOTSENDTECHNICIAN_ID
Column Name found in Datamart and Curated Table :: ADDRESS_LONGITUDE
Column Name found in Datamart and Curated Table :: MODIFIEDON
Column Name found in Datamart and Curated Table :: NAME
Column Name found in Datamart and Curated Table :: NOCHARGE
Column Name found in Datamart and Curated Table :: RECURRINGSERVICE_CANCELLATIONDATE
Column Name found in Datamart and Curated Table :: TAXZONE_ID
Column Name found in Datamart and Curated Table :: ADDRESS_STREET
Column Name found in Datamart and Curated Table :: CREATEDBY_ID
Column Name found in Datamart and Curated Table :: RECURRINGSERVICE_TO
Column Name found in Datamart and Curated Table :: RECURRINGSERVICE_ACTIVATEDBY
Column Name found in Datamart and Curated Table :: TENANT_TYPE
Datamart tables contains additional column name like [ACTIVE_FLAG, RECORD_CREATE_DATE, RECORD_UPDATE_DATE, MASTER_ID]
Curated tables contains additional column name like [RECORD_CREATE_DATE, RECORD_UPDATE_DATE, RECORD_UPDATED_BY]]]>
  </system-out>
  <testcase classname="testcases.RAW_DATAMART_CURATED.SnowFlake_ColumnValidation_APITables" name="validateColumnName_BKP" time="2.765"/>
  <system-out>
    <![CDATA[Executing Snowflake query :: SELECT COLUMN_NAME FROM DEV_ENT_RAW.INFORMATION_SCHEMA.COLUMNS WHERE TABLE_NAME='ST_API_TAG'and TABLE_SCHEMA='API_MAT'
Executing Snowflake query :: SELECT COLUMN_NAME FROM CURATED_DATAMART.INFORMATION_SCHEMA.COLUMNS WHERE TABLE_NAME='STR_API_TAG'and TABLE_SCHEMA='ST_API_HUTCHINSON'
Executing Snowflake query :: SELECT COLUMN_NAME FROM DEV_ENT_CURATED.INFORMATION_SCHEMA.COLUMNS WHERE TABLE_NAME='DIM_TAG'and TABLE_SCHEMA='MASTER_DIMENSIONS'
Column names for RAW Table --> ST_API_TAG :: [MEMO, GENERATEDFOREXTERNAL, REMOVEDON, GENERATEDFOR_ID, REMOVEDBY_ID, MODIFIEDON, OWNER_ID, CREATEDBY_ID, CREATEDON, IMPORTID, ACTIVE, ID, TYPE_ID, TENANT_TYPE]
Column names for DataMart Table --> STR_API_TAG :: [GENERATEDFOREXTERNAL, GENERATEDFOR_ID, RECORD_UPDATE_DATE, SOURCE_PKEY_SPK, TYPE_ID, MASTER_ID, OWNER_ID, TENANT_TYPE, ID, REMOVEDBY_ID, ACTIVE, ACTIVE_FLAG, IMPORTID, MEMO, MODIFIEDON, RECORD_CREATE_DATE, REMOVEDON, CREATEDBY_ID, CREATEDON]
Column names for Curated Table --> DIM_TAG :: [ACTIVE_FLAG, RECORD_CREATE_DATE, CREATEDON, RECORD_UPDATE_DATE, SOURCE_PKEY_SPK, GENERATEDFOR_ID, GENERATEDFOREXTERNAL, TYPE_ID, ACTIVE, CREATEDBY_ID, ID, MODIFIEDON, OWNER_ID, REMOVEDBY_ID, REMOVEDON, MEMO, RECORD_UPDATED_BY, IMPORTID, TENANT_TYPE]
Column Name found in Datamart and Curated Table :: MEMO
Column Name found in Datamart and Curated Table :: GENERATEDFOREXTERNAL
Column Name found in Datamart and Curated Table :: REMOVEDON
Column Name found in Datamart and Curated Table :: GENERATEDFOR_ID
Column Name found in Datamart and Curated Table :: REMOVEDBY_ID
Column Name found in Datamart and Curated Table :: MODIFIEDON
Column Name found in Datamart and Curated Table :: OWNER_ID
Column Name found in Datamart and Curated Table :: CREATEDBY_ID
Column Name found in Datamart and Curated Table :: CREATEDON
Column Name found in Datamart and Curated Table :: IMPORTID
Column Name found in Datamart and Curated Table :: ACTIVE
Column Name found in Datamart and Curated Table :: ID
Column Name found in Datamart and Curated Table :: TYPE_ID
Column Name found in Datamart and Curated Table :: TENANT_TYPE
Datamart tables contains additional column name like [ACTIVE_FLAG, RECORD_CREATE_DATE, RECORD_UPDATE_DATE, MASTER_ID]
Curated tables contains additional column name like [RECORD_CREATE_DATE, RECORD_UPDATE_DATE, RECORD_UPDATED_BY]]]>
  </system-out>
  <testcase classname="testcases.RAW_DATAMART_CURATED.SnowFlake_ColumnValidation_APITables" name="validateColumnName_BKP" time="2.255"/>
  <system-out>
    <![CDATA[Executing Snowflake query :: SELECT COLUMN_NAME FROM DEV_ENT_RAW.INFORMATION_SCHEMA.COLUMNS WHERE TABLE_NAME='ST_API_CONTACT'and TABLE_SCHEMA='API_MAT'
Executing Snowflake query :: SELECT COLUMN_NAME FROM CURATED_DATAMART.INFORMATION_SCHEMA.COLUMNS WHERE TABLE_NAME='STR_API_CONTACT'and TABLE_SCHEMA='ST_API_CASTEEL'
Executing Snowflake query :: SELECT COLUMN_NAME FROM DEV_ENT_CURATED.INFORMATION_SCHEMA.COLUMNS WHERE TABLE_NAME='DIM_CONTACT'and TABLE_SCHEMA='MASTER_DIMENSIONS'
Column names for RAW Table --> ST_API_CONTACT :: [OWNER_ID, VALUE, ACTIVE, MEMO, INVOICESTATEMENTNOTIFICATION, ID, TYPE, IMPORTID, MARKETINGUPDATESENABLED, CREATEDON, JOBREMINDERSENABLED, CREATEDBY_ID, MESSAGESENABLED, MODIFIEDON, REVERSEPHONE, TENANT_TYPE]
Column names for DataMart Table --> STR_API_CONTACT :: [MEMO, TYPE, VALUE, CREATEDON, INVOICESTATEMENTNOTIFICATION, RECORD_UPDATE_DATE, CREATEDBY_ID, OWNER_ID, ACTIVE, MASTER_ID, MARKETINGUPDATESENABLED, TENANT_TYPE, JOBREMINDERSENABLED, ACTIVE_FLAG, ID, MESSAGESENABLED, IMPORTID, MODIFIEDON, REVERSEPHONE, RECORD_CREATE_DATE]
Column names for Curated Table --> DIM_CONTACT :: [MESSAGESENABLED, MODIFIEDON, CREATEDON, MEMO, OWNER_ID, CREATEDBY_ID, MARKETINGUPDATESENABLED, REVERSEPHONE, ID, IMPORTID, JOBREMINDERSENABLED, INVOICESTATEMENTNOTIFICATION, RECORD_CREATE_DATE, RECORD_UPDATED_BY, TENANT_TYPE, ACTIVE, RECORD_UPDATE_DATE, VALUE, TYPE]
Column Name found in Datamart and Curated Table :: OWNER_ID
Column Name found in Datamart and Curated Table :: VALUE
Column Name found in Datamart and Curated Table :: ACTIVE
Column Name found in Datamart and Curated Table :: MEMO
Column Name found in Datamart and Curated Table :: INVOICESTATEMENTNOTIFICATION
Column Name found in Datamart and Curated Table :: ID
Column Name found in Datamart and Curated Table :: TYPE
Column Name found in Datamart and Curated Table :: IMPORTID
Column Name found in Datamart and Curated Table :: MARKETINGUPDATESENABLED
Column Name found in Datamart and Curated Table :: CREATEDON
Column Name found in Datamart and Curated Table :: JOBREMINDERSENABLED
Column Name found in Datamart and Curated Table :: CREATEDBY_ID
Column Name found in Datamart and Curated Table :: MESSAGESENABLED
Column Name found in Datamart and Curated Table :: MODIFIEDON
Column Name found in Datamart and Curated Table :: REVERSEPHONE
Column Name found in Datamart and Curated Table :: TENANT_TYPE
Datamart tables contains additional column name like [ACTIVE_FLAG, RECORD_CREATE_DATE, RECORD_UPDATE_DATE, MASTER_ID]
Curated tables contains additional column name like [RECORD_CREATE_DATE, RECORD_UPDATE_DATE, RECORD_UPDATED_BY]]]>
  </system-out>
  <testcase classname="testcases.RAW_DATAMART_CURATED.SnowFlake_ColumnValidation_APITables" name="validateColumnName_BKP" time="2.139"/>
  <system-out>
    <![CDATA[Executing Snowflake query :: SELECT COLUMN_NAME FROM DEV_ENT_RAW.INFORMATION_SCHEMA.COLUMNS WHERE TABLE_NAME='ST_API_ESTIMATEITEM'and TABLE_SCHEMA='API_MAT'
Executing Snowflake query :: SELECT COLUMN_NAME FROM CURATED_DATAMART.INFORMATION_SCHEMA.COLUMNS WHERE TABLE_NAME='STR_API_ESTIMATEITEM'and TABLE_SCHEMA='ST_API_CASTEEL'
Executing Snowflake query :: SELECT COLUMN_NAME FROM DEV_ENT_CURATED.INFORMATION_SCHEMA.COLUMNS WHERE TABLE_NAME='DIM_ESTIMATEITEM'and TABLE_SCHEMA='MASTER_DIMENSIONS'
Column names for RAW Table --> ST_API_ESTIMATEITEM :: [ESTIMATE_ID, ID, INSTALLEDEQUIPMENT_ID, SCHEDULEDFLATAMOUNT, AUTOGLASSITEM_ID, COST, ISADDON, ITEMGROUPROOT_ID, RENEWABLEMEMBERSHIP_ID, UNITPRICE, MARKUP, PROJECTLABELS, SKUREFERENCE_SKUTYPE, SOLDBY_ID, SKUREFERENCE_SKUID, ACTIVE, CHARGEABLE, CREATEDFROM_ID, MEMBERSHIPDURATION, PROJECTORDER, QUANTITY, COSTOFSALEACCOUNT_ID, ADDONFLATAMOUNT, EQUIPMENT_ID, STANDARDPRICE, ACCOUNT, GENERALLEDGERACCOUNT_ID, TOTALCOST, MODIFIEDON, SKU_ID, DESCRIPTION, INVOICEITEM_ID, LASTUNITPRICESETBYEMPLOYEE, MEMBERPRICE, PAYSSOLDBYRATE, IMPORTID, ISNOTGOINGTOBEDONE, TAXABLE, ITEMGROUPNAME, ALLOWDISCOUNTS, DEMANDSTATUS, MEMBERSHIPBILLINGFREQUENCY, PARENTITEM_ID, PAYSFLATAMOUNT, TOTAL, CREATEDBY_ID, CREATEDON, PRICEMODIFIER_ID, ORDER, TENANT_TYPE]
Column names for DataMart Table --> STR_API_ESTIMATEITEM :: [ACTIVE_FLAG, CHARGEABLE, INSTALLEDEQUIPMENT_ID, MEMBERSHIPDURATION, SOLDBY_ID, SKUREFERENCE_SKUTYPE, ADDONFLATAMOUNT, AUTOGLASSITEM_ID, DESCRIPTION, ISNOTGOINGTOBEDONE, PROJECTLABELS, PROJECTORDER, QUANTITY, RECORD_UPDATE_DATE, SKUREFERENCE_SKUID, TOTALCOST, PAYSSOLDBYRATE, CREATEDON, ESTIMATE_ID, ID, TAXABLE, ITEMGROUPNAME, PRICEMODIFIER_ID, SKU_ID, RECORD_CREATE_DATE, EQUIPMENT_ID, IMPORTID, INVOICEITEM_ID, GENERALLEDGERACCOUNT_ID, PARENTITEM_ID, PAYSFLATAMOUNT, TOTAL, ACCOUNT, COST, ISHIDDENFROMCUSTOMER, LASTUNITPRICESETBYEMPLOYEE, ORDER, SCHEDULEDFLATAMOUNT, MASTER_ID, MEMBERSHIPBILLINGFREQUENCY, UNITPRICE, ALLOWDISCOUNTS, CREATEDBY_ID, RENEWABLEMEMBERSHIP_ID, RECORD_UPDATED_BY, STANDARDPRICE, TENANT_TYPE, ACTIVE, COSTOFSALEACCOUNT_ID, CREATEDFROM_ID, DEMANDSTATUS, ISADDON, MARKUP, MEMBERPRICE, MODIFIEDON, ITEMGROUPROOT_ID]
Column names for Curated Table --> DIM_ESTIMATEITEM :: [CREATEDON, DEMANDSTATUS, MEMBERPRICE, MEMBERSHIPBILLINGFREQUENCY, MEMBERSHIPDURATION, SKUREFERENCE_SKUTYPE, ADDONFLATAMOUNT, AUTOGLASSITEM_ID, COST, ID, PAYSSOLDBYRATE, STANDARDPRICE, TENANT_TYPE, TOTAL, RECORD_CREATE_DATE, ITEMGROUPROOT_ID, PARENTITEM_ID, ORDER, PROJECTLABELS, SOLDBY_ID, PROJECTORDER, ACTIVE, ALLOWDISCOUNTS, CREATEDFROM_ID, DESCRIPTION, ESTIMATE_ID, MARKUP, ISADDON, CREATEDBY_ID, GENERALLEDGERACCOUNT_ID, INVOICEITEM_ID, PRICEMODIFIER_ID, RECORD_UPDATED_BY, SKUREFERENCE_SKUID, QUANTITY, CHARGEABLE, ISHIDDENFROMCUSTOMER, SKU_ID, COSTOFSALEACCOUNT_ID, ISNOTGOINGTOBEDONE, TOTALCOST, INSTALLEDEQUIPMENT_ID, ITEMGROUPNAME, PAYSFLATAMOUNT, TAXABLE, SCHEDULEDFLATAMOUNT, ACCOUNT, EQUIPMENT_ID, LASTUNITPRICESETBYEMPLOYEE, RENEWABLEMEMBERSHIP_ID, IMPORTID, RECORD_UPDATE_DATE, UNITPRICE, MODIFIEDON]
Column Name found in Datamart and Curated Table :: ESTIMATE_ID
Column Name found in Datamart and Curated Table :: ID
Column Name found in Datamart and Curated Table :: INSTALLEDEQUIPMENT_ID
Column Name found in Datamart and Curated Table :: SCHEDULEDFLATAMOUNT
Column Name found in Datamart and Curated Table :: AUTOGLASSITEM_ID
Column Name found in Datamart and Curated Table :: COST
Column Name found in Datamart and Curated Table :: ISADDON
Column Name found in Datamart and Curated Table :: ITEMGROUPROOT_ID
Column Name found in Datamart and Curated Table :: RENEWABLEMEMBERSHIP_ID
Column Name found in Datamart and Curated Table :: UNITPRICE
Column Name found in Datamart and Curated Table :: MARKUP
Column Name found in Datamart and Curated Table :: PROJECTLABELS
Column Name found in Datamart and Curated Table :: SKUREFERENCE_SKUTYPE
Column Name found in Datamart and Curated Table :: SOLDBY_ID
Column Name found in Datamart and Curated Table :: SKUREFERENCE_SKUID
Column Name found in Datamart and Curated Table :: ACTIVE
Column Name found in Datamart and Curated Table :: CHARGEABLE
Column Name found in Datamart and Curated Table :: CREATEDFROM_ID
Column Name found in Datamart and Curated Table :: MEMBERSHIPDURATION
Column Name found in Datamart and Curated Table :: PROJECTORDER
Column Name found in Datamart and Curated Table :: QUANTITY
Column Name found in Datamart and Curated Table :: COSTOFSALEACCOUNT_ID
Column Name found in Datamart and Curated Table :: ADDONFLATAMOUNT
Column Name found in Datamart and Curated Table :: EQUIPMENT_ID
Column Name found in Datamart and Curated Table :: STANDARDPRICE
Column Name found in Datamart and Curated Table :: ACCOUNT
Column Name found in Datamart and Curated Table :: GENERALLEDGERACCOUNT_ID
Column Name found in Datamart and Curated Table :: TOTALCOST
Column Name found in Datamart and Curated Table :: MODIFIEDON
Column Name found in Datamart and Curated Table :: SKU_ID
Column Name found in Datamart and Curated Table :: DESCRIPTION
Column Name found in Datamart and Curated Table :: INVOICEITEM_ID
Column Name found in Datamart and Curated Table :: LASTUNITPRICESETBYEMPLOYEE
Column Name found in Datamart and Curated Table :: MEMBERPRICE
Column Name found in Datamart and Curated Table :: PAYSSOLDBYRATE
Column Name found in Datamart and Curated Table :: IMPORTID
Column Name found in Datamart and Curated Table :: ISNOTGOINGTOBEDONE
Column Name found in Datamart and Curated Table :: TAXABLE
Column Name found in Datamart and Curated Table :: ITEMGROUPNAME
Column Name found in Datamart and Curated Table :: ALLOWDISCOUNTS
Column Name found in Datamart and Curated Table :: DEMANDSTATUS
Column Name found in Datamart and Curated Table :: MEMBERSHIPBILLINGFREQUENCY
Column Name found in Datamart and Curated Table :: PARENTITEM_ID
Column Name found in Datamart and Curated Table :: PAYSFLATAMOUNT
Column Name found in Datamart and Curated Table :: TOTAL
Column Name found in Datamart and Curated Table :: CREATEDBY_ID
Column Name found in Datamart and Curated Table :: CREATEDON
Column Name found in Datamart and Curated Table :: PRICEMODIFIER_ID
Column Name found in Datamart and Curated Table :: ORDER
Column Name found in Datamart and Curated Table :: TENANT_TYPE
Datamart tables contains additional column name like [ACTIVE_FLAG, RECORD_CREATE_DATE, RECORD_UPDATE_DATE, MASTER_ID]
Curated tables contains additional column name like [RECORD_CREATE_DATE, RECORD_UPDATE_DATE, RECORD_UPDATED_BY]]]>
  </system-out>
  <testcase classname="testcases.RAW_DATAMART_CURATED.SnowFlake_ColumnValidation_APITables" name="validateColumnName_BKP" time="2.749"/>
  <system-out>
    <![CDATA[Executing Snowflake query :: SELECT COLUMN_NAME FROM DEV_ENT_RAW.INFORMATION_SCHEMA.COLUMNS WHERE TABLE_NAME='ST_API_LOCATION'and TABLE_SCHEMA='API_MAT'
Executing Snowflake query :: SELECT COLUMN_NAME FROM CURATED_DATAMART.INFORMATION_SCHEMA.COLUMNS WHERE TABLE_NAME='STR_API_LOCATION'and TABLE_SCHEMA='ST_API_HARP'
Executing Snowflake query :: SELECT COLUMN_NAME FROM DEV_ENT_CURATED.INFORMATION_SCHEMA.COLUMNS WHERE TABLE_NAME='DIM_LOCATION'and TABLE_SCHEMA='MASTER_DIMENSIONS'
Column names for RAW Table --> ST_API_LOCATION :: [ADDRESS_ISMANUALCOORDINATES, ADDRESS_LATITUDE, CREATEDON, RECURRINGSERVICE_RECURRENCEINTERVAL, ADDRESS_ISMILITARY, ADDRESS_STATE, CUSTOMER_ID, IMPORTID, AUTOLONGITUDE, TAXABLE, RECURRINGSERVICE_TYPE, ACTIVE, ADDRESS_COUNTRY, ADDRESS_UNIT, AVALARAENTITYCODE, ESTIMATEDTAX, ID, TAXEXEMPT, ISPREVAILINGWAGE, RECURRINGSERVICE_ACTIVATEDFROM, ADDRESS_ZIP, PREFERREDTECHNICIAN_ID, RECURRINGSERVICE_FROM, SUMMARY, RECURRINGSERVICE_MEMO, ADDRESS_CITY, AUTOLATITUDE, ZONE_ID, DONOTSENDTECHNICIAN_ID, ADDRESS_LONGITUDE, MODIFIEDON, NAME, NOCHARGE, RECURRINGSERVICE_CANCELLATIONDATE, TAXZONE_ID, ADDRESS_STREET, CREATEDBY_ID, RECURRINGSERVICE_TO, RECURRINGSERVICE_ACTIVATEDBY, TENANT_TYPE]
Column names for DataMart Table --> STR_API_LOCATION :: [AUTOLATITUDE, RECURRINGSERVICE_FROM, ACTIVE, ADDRESS_STATE, AVALARAENTITYCODE, CUSTOMER_ID, IMPORTID, MODIFIEDON, ADDRESS_COUNTRY, CREATEDBY_ID, DONOTSENDTECHNICIAN_ID, NAME, PREFERREDTECHNICIAN_ID, RECURRINGSERVICE_ACTIVATEDBY, RECURRINGSERVICE_TO, SUMMARY, ZONE_ID, RECURRINGSERVICE_MEMO, TENANT_TYPE, RECORD_CREATE_DATE, RECURRINGSERVICE_ACTIVATEDFROM, TAXEXEMPT, ISPREVAILINGWAGE, ADDRESS_ISMANUALCOORDINATES, ADDRESS_ISMILITARY, ADDRESS_STREET, CREATEDON, ADDRESS_CITY, ADDRESS_LONGITUDE, ADDRESS_ZIP, AUTOLONGITUDE, NOCHARGE, MASTER_ID, RECORD_UPDATE_DATE, ACTIVE_FLAG, ID, TAXABLE, ADDRESS_LATITUDE, ADDRESS_UNIT, RECURRINGSERVICE_CANCELLATIONDATE, TAXZONE_ID, ESTIMATEDTAX, RECURRINGSERVICE_RECURRENCEINTERVAL, RECURRINGSERVICE_TYPE]
Column names for Curated Table --> DIM_LOCATION :: [ADDRESS_UNIT, AUTOLONGITUDE, RECURRINGSERVICE_ACTIVATEDFROM, RECURRINGSERVICE_TO, TAXABLE, ADDRESS_CITY, ADDRESS_LATITUDE, IMPORTID, NAME, RECURRINGSERVICE_MEMO, ADDRESS_LONGITUDE, ADDRESS_STATE, ADDRESS_STREET, DONOTSENDTECHNICIAN_ID, MODIFIEDON, TAXZONE_ID, ADDRESS_ISMANUALCOORDINATES, ESTIMATEDTAX, ISPREVAILINGWAGE, RECURRINGSERVICE_ACTIVATEDBY, AUTOLATITUDE, RECORD_UPDATED_BY, RECORD_UPDATE_DATE, SUMMARY, CUSTOMER_ID, ZONE_ID, TENANT_TYPE, ADDRESS_COUNTRY, ADDRESS_ZIP, NOCHARGE, RECURRINGSERVICE_FROM, RECURRINGSERVICE_RECURRENCEINTERVAL, CREATEDON, RECORD_CREATE_DATE, AVALARAENTITYCODE, RECURRINGSERVICE_CANCELLATIONDATE, RECURRINGSERVICE_TYPE, PREFERREDTECHNICIAN_ID, ACTIVE, ADDRESS_ISMILITARY, CREATEDBY_ID, ID, TAXEXEMPT]
Column Name found in Datamart and Curated Table :: ADDRESS_ISMANUALCOORDINATES
Column Name found in Datamart and Curated Table :: ADDRESS_LATITUDE
Column Name found in Datamart and Curated Table :: CREATEDON
Column Name found in Datamart and Curated Table :: RECURRINGSERVICE_RECURRENCEINTERVAL
Column Name found in Datamart and Curated Table :: ADDRESS_ISMILITARY
Column Name found in Datamart and Curated Table :: ADDRESS_STATE
Column Name found in Datamart and Curated Table :: CUSTOMER_ID
Column Name found in Datamart and Curated Table :: IMPORTID
Column Name found in Datamart and Curated Table :: AUTOLONGITUDE
Column Name found in Datamart and Curated Table :: TAXABLE
Column Name found in Datamart and Curated Table :: RECURRINGSERVICE_TYPE
Column Name found in Datamart and Curated Table :: ACTIVE
Column Name found in Datamart and Curated Table :: ADDRESS_COUNTRY
Column Name found in Datamart and Curated Table :: ADDRESS_UNIT
Column Name found in Datamart and Curated Table :: AVALARAENTITYCODE
Column Name found in Datamart and Curated Table :: ESTIMATEDTAX
Column Name found in Datamart and Curated Table :: ID
Column Name found in Datamart and Curated Table :: TAXEXEMPT
Column Name found in Datamart and Curated Table :: ISPREVAILINGWAGE
Column Name found in Datamart and Curated Table :: RECURRINGSERVICE_ACTIVATEDFROM
Column Name found in Datamart and Curated Table :: ADDRESS_ZIP
Column Name found in Datamart and Curated Table :: PREFERREDTECHNICIAN_ID
Column Name found in Datamart and Curated Table :: RECURRINGSERVICE_FROM
Column Name found in Datamart and Curated Table :: SUMMARY
Column Name found in Datamart and Curated Table :: RECURRINGSERVICE_MEMO
Column Name found in Datamart and Curated Table :: ADDRESS_CITY
Column Name found in Datamart and Curated Table :: AUTOLATITUDE
Column Name found in Datamart and Curated Table :: ZONE_ID
Column Name found in Datamart and Curated Table :: DONOTSENDTECHNICIAN_ID
Column Name found in Datamart and Curated Table :: ADDRESS_LONGITUDE
Column Name found in Datamart and Curated Table :: MODIFIEDON
Column Name found in Datamart and Curated Table :: NAME
Column Name found in Datamart and Curated Table :: NOCHARGE
Column Name found in Datamart and Curated Table :: RECURRINGSERVICE_CANCELLATIONDATE
Column Name found in Datamart and Curated Table :: TAXZONE_ID
Column Name found in Datamart and Curated Table :: ADDRESS_STREET
Column Name found in Datamart and Curated Table :: CREATEDBY_ID
Column Name found in Datamart and Curated Table :: RECURRINGSERVICE_TO
Column Name found in Datamart and Curated Table :: RECURRINGSERVICE_ACTIVATEDBY
Column Name found in Datamart and Curated Table :: TENANT_TYPE
Datamart tables contains additional column name like [ACTIVE_FLAG, RECORD_CREATE_DATE, RECORD_UPDATE_DATE, MASTER_ID]
Curated tables contains additional column name like [RECORD_CREATE_DATE, RECORD_UPDATE_DATE, RECORD_UPDATED_BY]]]>
  </system-out>
  <testcase classname="testcases.RAW_DATAMART_CURATED.SnowFlake_ColumnValidation_APITables" name="validateColumnName_BKP" time="2.375"/>
  <system-out>
    <![CDATA[Executing Snowflake query :: SELECT COLUMN_NAME FROM DEV_ENT_RAW.INFORMATION_SCHEMA.COLUMNS WHERE TABLE_NAME='ST_API_LOCATION'and TABLE_SCHEMA='API_MAT'
Executing Snowflake query :: SELECT COLUMN_NAME FROM CURATED_DATAMART.INFORMATION_SCHEMA.COLUMNS WHERE TABLE_NAME='STR_API_LOCATION'and TABLE_SCHEMA='ST_API_HUTCHINSON'
Executing Snowflake query :: SELECT COLUMN_NAME FROM DEV_ENT_CURATED.INFORMATION_SCHEMA.COLUMNS WHERE TABLE_NAME='DIM_LOCATION'and TABLE_SCHEMA='MASTER_DIMENSIONS'
Column names for RAW Table --> ST_API_LOCATION :: [ADDRESS_ISMANUALCOORDINATES, ADDRESS_LATITUDE, CREATEDON, RECURRINGSERVICE_RECURRENCEINTERVAL, ADDRESS_ISMILITARY, ADDRESS_STATE, CUSTOMER_ID, IMPORTID, AUTOLONGITUDE, TAXABLE, RECURRINGSERVICE_TYPE, ACTIVE, ADDRESS_COUNTRY, ADDRESS_UNIT, AVALARAENTITYCODE, ESTIMATEDTAX, ID, TAXEXEMPT, ISPREVAILINGWAGE, RECURRINGSERVICE_ACTIVATEDFROM, ADDRESS_ZIP, PREFERREDTECHNICIAN_ID, RECURRINGSERVICE_FROM, SUMMARY, RECURRINGSERVICE_MEMO, ADDRESS_CITY, AUTOLATITUDE, ZONE_ID, DONOTSENDTECHNICIAN_ID, ADDRESS_LONGITUDE, MODIFIEDON, NAME, NOCHARGE, RECURRINGSERVICE_CANCELLATIONDATE, TAXZONE_ID, ADDRESS_STREET, CREATEDBY_ID, RECURRINGSERVICE_TO, RECURRINGSERVICE_ACTIVATEDBY, TENANT_TYPE]
Column names for DataMart Table --> STR_API_LOCATION :: [DONOTSENDTECHNICIAN_ID, PREFERREDTECHNICIAN_ID, RECORD_UPDATE_DATE, RECURRINGSERVICE_MEMO, TAXABLE, TAXEXEMPT, AVALARAENTITYCODE, ESTIMATEDTAX, TENANT_TYPE, ADDRESS_ISMANUALCOORDINATES, CREATEDBY_ID, NAME, RECURRINGSERVICE_TO, ACTIVE_FLAG, ADDRESS_LATITUDE, MASTER_ID, IMPORTID, ZONE_ID, ACTIVE, ADDRESS_STATE, ADDRESS_ZIP, AUTOLONGITUDE, ISPREVAILINGWAGE, RECURRINGSERVICE_ACTIVATEDFROM, RECURRINGSERVICE_ACTIVATEDBY, ADDRESS_CITY, ADDRESS_COUNTRY, ADDRESS_UNIT, CREATEDON, ID, MODIFIEDON, NOCHARGE, TAXZONE_ID, ADDRESS_ISMILITARY, ADDRESS_LONGITUDE, ADDRESS_STREET, RECURRINGSERVICE_FROM, RECURRINGSERVICE_TYPE, RECURRINGSERVICE_RECURRENCEINTERVAL, AUTOLATITUDE, CUSTOMER_ID, RECURRINGSERVICE_CANCELLATIONDATE, SUMMARY, RECORD_CREATE_DATE]
Column names for Curated Table --> DIM_LOCATION :: [ADDRESS_UNIT, AUTOLONGITUDE, RECURRINGSERVICE_ACTIVATEDFROM, RECURRINGSERVICE_TO, TAXABLE, ADDRESS_CITY, ADDRESS_LATITUDE, IMPORTID, NAME, RECURRINGSERVICE_MEMO, ADDRESS_LONGITUDE, ADDRESS_STATE, ADDRESS_STREET, DONOTSENDTECHNICIAN_ID, MODIFIEDON, TAXZONE_ID, ADDRESS_ISMANUALCOORDINATES, ESTIMATEDTAX, ISPREVAILINGWAGE, RECURRINGSERVICE_ACTIVATEDBY, AUTOLATITUDE, RECORD_UPDATED_BY, RECORD_UPDATE_DATE, SUMMARY, CUSTOMER_ID, ZONE_ID, TENANT_TYPE, ADDRESS_COUNTRY, ADDRESS_ZIP, NOCHARGE, RECURRINGSERVICE_FROM, RECURRINGSERVICE_RECURRENCEINTERVAL, CREATEDON, RECORD_CREATE_DATE, AVALARAENTITYCODE, RECURRINGSERVICE_CANCELLATIONDATE, RECURRINGSERVICE_TYPE, PREFERREDTECHNICIAN_ID, ACTIVE, ADDRESS_ISMILITARY, CREATEDBY_ID, ID, TAXEXEMPT]
Column Name found in Datamart and Curated Table :: ADDRESS_ISMANUALCOORDINATES
Column Name found in Datamart and Curated Table :: ADDRESS_LATITUDE
Column Name found in Datamart and Curated Table :: CREATEDON
Column Name found in Datamart and Curated Table :: RECURRINGSERVICE_RECURRENCEINTERVAL
Column Name found in Datamart and Curated Table :: ADDRESS_ISMILITARY
Column Name found in Datamart and Curated Table :: ADDRESS_STATE
Column Name found in Datamart and Curated Table :: CUSTOMER_ID
Column Name found in Datamart and Curated Table :: IMPORTID
Column Name found in Datamart and Curated Table :: AUTOLONGITUDE
Column Name found in Datamart and Curated Table :: TAXABLE
Column Name found in Datamart and Curated Table :: RECURRINGSERVICE_TYPE
Column Name found in Datamart and Curated Table :: ACTIVE
Column Name found in Datamart and Curated Table :: ADDRESS_COUNTRY
Column Name found in Datamart and Curated Table :: ADDRESS_UNIT
Column Name found in Datamart and Curated Table :: AVALARAENTITYCODE
Column Name found in Datamart and Curated Table :: ESTIMATEDTAX
Column Name found in Datamart and Curated Table :: ID
Column Name found in Datamart and Curated Table :: TAXEXEMPT
Column Name found in Datamart and Curated Table :: ISPREVAILINGWAGE
Column Name found in Datamart and Curated Table :: RECURRINGSERVICE_ACTIVATEDFROM
Column Name found in Datamart and Curated Table :: ADDRESS_ZIP
Column Name found in Datamart and Curated Table :: PREFERREDTECHNICIAN_ID
Column Name found in Datamart and Curated Table :: RECURRINGSERVICE_FROM
Column Name found in Datamart and Curated Table :: SUMMARY
Column Name found in Datamart and Curated Table :: RECURRINGSERVICE_MEMO
Column Name found in Datamart and Curated Table :: ADDRESS_CITY
Column Name found in Datamart and Curated Table :: AUTOLATITUDE
Column Name found in Datamart and Curated Table :: ZONE_ID
Column Name found in Datamart and Curated Table :: DONOTSENDTECHNICIAN_ID
Column Name found in Datamart and Curated Table :: ADDRESS_LONGITUDE
Column Name found in Datamart and Curated Table :: MODIFIEDON
Column Name found in Datamart and Curated Table :: NAME
Column Name found in Datamart and Curated Table :: NOCHARGE
Column Name found in Datamart and Curated Table :: RECURRINGSERVICE_CANCELLATIONDATE
Column Name found in Datamart and Curated Table :: TAXZONE_ID
Column Name found in Datamart and Curated Table :: ADDRESS_STREET
Column Name found in Datamart and Curated Table :: CREATEDBY_ID
Column Name found in Datamart and Curated Table :: RECURRINGSERVICE_TO
Column Name found in Datamart and Curated Table :: RECURRINGSERVICE_ACTIVATEDBY
Column Name found in Datamart and Curated Table :: TENANT_TYPE
Datamart tables contains additional column name like [ACTIVE_FLAG, RECORD_CREATE_DATE, RECORD_UPDATE_DATE, MASTER_ID]
Curated tables contains additional column name like [RECORD_CREATE_DATE, RECORD_UPDATE_DATE, RECORD_UPDATED_BY]]]>
  </system-out>
  <testcase classname="testcases.RAW_DATAMART_CURATED.SnowFlake_ColumnValidation_APITables" name="validateColumnName_BKP" time="1.939"/>
  <system-out>
    <![CDATA[Executing Snowflake query :: SELECT COLUMN_NAME FROM DEV_ENT_RAW.INFORMATION_SCHEMA.COLUMNS WHERE TABLE_NAME='ST_API_CAMPAIGN'and TABLE_SCHEMA='API_MAT'
Executing Snowflake query :: SELECT COLUMN_NAME FROM CURATED_DATAMART.INFORMATION_SCHEMA.COLUMNS WHERE TABLE_NAME='STR_API_CAMPAIGN'and TABLE_SCHEMA='ST_API_EANESHEATING'
Executing Snowflake query :: SELECT COLUMN_NAME FROM DEV_ENT_CURATED.INFORMATION_SCHEMA.COLUMNS WHERE TABLE_NAME='DIM_CAMPAIGN'and TABLE_SCHEMA='MASTER_DIMENSIONS'
Column names for RAW Table --> ST_API_CAMPAIGN :: [COST, CATEGORY_ID, ID, ACTIVE, BUSINESSUNIT_ID, MODIFIEDBY_ID, DNIS, IMAGE, NAME, IMPORTID, MODIFIEDON, CREATEDBY_ID, CREATEDON, TENANT_TYPE]
Column names for DataMart Table --> STR_API_CAMPAIGN :: [COST, MODIFIEDON, MASTER_ID, MODIFIEDBY_ID, RECORD_CREATE_DATE, ACTIVE, CREATEDON, ID, DNIS, CREATEDBY_ID, IMPORTID, ACTIVE_FLAG, BUSINESSUNIT_ID, IMAGE, TENANT_TYPE, CATEGORY_ID, NAME, RECORD_UPDATE_DATE]
Column names for Curated Table --> DIM_CAMPAIGN :: [IMAGE, MODIFIEDBY_ID, CATEGORY_ID, NAME, RECORD_CREATE_DATE, ACTIVE, COST, CREATEDBY_ID, IMPORTID, CREATEDON, BUSINESSUNIT_ID, ID, RECORD_UPDATED_BY, MODIFIEDON, DNIS, RECORD_UPDATE_DATE, TENANT_TYPE]
Column Name found in Datamart and Curated Table :: COST
Column Name found in Datamart and Curated Table :: CATEGORY_ID
Column Name found in Datamart and Curated Table :: ID
Column Name found in Datamart and Curated Table :: ACTIVE
Column Name found in Datamart and Curated Table :: BUSINESSUNIT_ID
Column Name found in Datamart and Curated Table :: MODIFIEDBY_ID
Column Name found in Datamart and Curated Table :: DNIS
Column Name found in Datamart and Curated Table :: IMAGE
Column Name found in Datamart and Curated Table :: NAME
Column Name found in Datamart and Curated Table :: IMPORTID
Column Name found in Datamart and Curated Table :: MODIFIEDON
Column Name found in Datamart and Curated Table :: CREATEDBY_ID
Column Name found in Datamart and Curated Table :: CREATEDON
Column Name found in Datamart and Curated Table :: TENANT_TYPE
Datamart tables contains additional column name like [ACTIVE_FLAG, RECORD_CREATE_DATE, RECORD_UPDATE_DATE, MASTER_ID]
Curated tables contains additional column name like [RECORD_CREATE_DATE, RECORD_UPDATE_DATE, RECORD_UPDATED_BY]]]>
  </system-out>
  <testcase classname="testcases.RAW_DATAMART_CURATED.SnowFlake_ColumnValidation_APITables" name="validateColumnName_BKP" time="2.452"/>
  <system-out>
    <![CDATA[Executing Snowflake query :: SELECT COLUMN_NAME FROM DEV_ENT_RAW.INFORMATION_SCHEMA.COLUMNS WHERE TABLE_NAME='ST_API_JOBAPPOINTMENT'and TABLE_SCHEMA='API_MAT'
Executing Snowflake query :: SELECT COLUMN_NAME FROM CURATED_DATAMART.INFORMATION_SCHEMA.COLUMNS WHERE TABLE_NAME='STR_API_JOBAPPOINTMENT'and TABLE_SCHEMA='ST_API_CASTEEL'
Executing Snowflake query :: SELECT COLUMN_NAME FROM DEV_ENT_CURATED.INFORMATION_SCHEMA.COLUMNS WHERE TABLE_NAME='DIM_JOBAPPOINTMENT'and TABLE_SCHEMA='MASTER_DIMENSIONS'
Column names for RAW Table --> ST_API_JOBAPPOINTMENT :: [END, SMARTDISPATCHDATA_JOBAPPOINTMENT, STATUS, JOB_ID, PLANEND, CREATEDON, IMPORTID, ISCONFIRMED, MODIFIEDON, START, NUMBER, CREATEDBY_ID, ID, ACTIVE, PLANSTART, ISUNUSED, MONTHNUMBER, TENANT_TYPE]
Column names for DataMart Table --> STR_API_JOBAPPOINTMENT :: [MONTHNUMBER, SMARTDISPATCHDATA_JOBAPPOINTMENT, CREATEDBY_ID, ISUNUSED, END, ISCONFIRMED, MODIFIEDON, RECORD_CREATE_DATE, STATUS, ACTIVE_FLAG, CREATEDON, ID, IMPORTID, JOB_ID, PLANSTART, TENANT_TYPE, NUMBER, RECORD_UPDATE_DATE, START, ACTIVE, MASTER_ID, PLANEND]
Column names for Curated Table --> DIM_JOBAPPOINTMENT :: [END, SMARTDISPATCHDATA_JOBAPPOINTMENT, ACTIVE, CREATEDBY_ID, IMPORTID, ISUNUSED, START, ID, JOB_ID, MONTHNUMBER, PLANEND, RECORD_UPDATE_DATE, CREATEDON, RECORD_CREATE_DATE, TENANT_TYPE, PLANSTART, ISCONFIRMED, NUMBER, SPECIALINSTRUCTIONS, STATUS, MODIFIEDON, RECORD_UPDATED_BY]
Column Name found in Datamart and Curated Table :: END
Column Name found in Datamart and Curated Table :: SMARTDISPATCHDATA_JOBAPPOINTMENT
Column Name found in Datamart and Curated Table :: STATUS
Column Name found in Datamart and Curated Table :: JOB_ID
Column Name found in Datamart and Curated Table :: PLANEND
Column Name found in Datamart and Curated Table :: CREATEDON
Column Name found in Datamart and Curated Table :: IMPORTID
Column Name found in Datamart and Curated Table :: ISCONFIRMED
Column Name found in Datamart and Curated Table :: MODIFIEDON
Column Name found in Datamart and Curated Table :: START
Column Name found in Datamart and Curated Table :: NUMBER
Column Name found in Datamart and Curated Table :: CREATEDBY_ID
Column Name found in Datamart and Curated Table :: ID
Column Name found in Datamart and Curated Table :: ACTIVE
Column Name found in Datamart and Curated Table :: PLANSTART
Column Name found in Datamart and Curated Table :: ISUNUSED
Column Name found in Datamart and Curated Table :: MONTHNUMBER
Column Name found in Datamart and Curated Table :: TENANT_TYPE
Datamart tables contains additional column name like [ACTIVE_FLAG, RECORD_CREATE_DATE, RECORD_UPDATE_DATE, MASTER_ID]
Curated tables contains additional column name like [RECORD_CREATE_DATE, RECORD_UPDATE_DATE, RECORD_UPDATED_BY]]]>
  </system-out>
  <testcase classname="testcases.RAW_DATAMART_CURATED.SnowFlake_ColumnValidation_APITables" name="validateColumnName_BKP" time="2.254"/>
  <system-out>
    <![CDATA[Executing Snowflake query :: SELECT COLUMN_NAME FROM DEV_ENT_RAW.INFORMATION_SCHEMA.COLUMNS WHERE TABLE_NAME='ST_API_LEAD'and TABLE_SCHEMA='API_MAT'
Executing Snowflake query :: SELECT COLUMN_NAME FROM CURATED_DATAMART.INFORMATION_SCHEMA.COLUMNS WHERE TABLE_NAME='STR_API_LEAD'and TABLE_SCHEMA='ST_API_FOURPROS'
Executing Snowflake query :: SELECT COLUMN_NAME FROM DEV_ENT_CURATED.INFORMATION_SCHEMA.COLUMNS WHERE TABLE_NAME='DIM_LEAD'and TABLE_SCHEMA='MASTER_DIMENSIONS'
Column names for RAW Table --> ST_API_LEAD :: [CREATEDBY_ID, ID, CREATEDON, PRIORITY, PROJECT_ID, STATUS, ESTIMATE_ID, JOBTYPE_ID, MODIFIEDON, SUMMARY, CUSTOMER_ID, LOCATION_ID, CAMPAIGN_ID, LATESTFOLLOWUPDATE, ACTIVE, BUSINESSUNIT_ID, IMPORTID, TENANT_TYPE]
Column names for DataMart Table --> STR_API_LEAD :: [ACTIVE, RECORD_UPDATE_DATE, CAMPAIGN_ID, CREATEDBY_ID, MASTER_ID, PROJECT_ID, RECORD_CREATE_DATE, JOBTYPE_ID, LATESTFOLLOWUPDATE, PRIORITY, CUSTOMER_ID, ESTIMATE_ID, IMPORTID, MODIFIEDON, MD5_VALUE, TENANT_TYPE, LOCATION_ID, ACTIVE_FLAG, BUSINESSUNIT_ID, CREATEDON, ID, STATUS, SUMMARY]
Column names for Curated Table --> DIM_LEAD :: [PRIORITY, ESTIMATE_ID, MD5_VALUE, MODIFIEDON, TENANT_TYPE, RECORD_UPDATED_BY, CUSTOMER_ID, PROJECT_ID, RECORD_CREATE_DATE, IMPORTID, STATUS, ACTIVE, BUSINESSUNIT_ID, CAMPAIGN_ID, CREATEDON, JOBTYPE_ID, LOCATION_ID, RECORD_UPDATE_DATE, CREATEDBY_ID, ID, LATESTFOLLOWUPDATE, SUMMARY]
Column Name found in Datamart and Curated Table :: CREATEDBY_ID
Column Name found in Datamart and Curated Table :: ID
Column Name found in Datamart and Curated Table :: CREATEDON
Column Name found in Datamart and Curated Table :: PRIORITY
Column Name found in Datamart and Curated Table :: PROJECT_ID
Column Name found in Datamart and Curated Table :: STATUS
Column Name found in Datamart and Curated Table :: ESTIMATE_ID
Column Name found in Datamart and Curated Table :: JOBTYPE_ID
Column Name found in Datamart and Curated Table :: MODIFIEDON
Column Name found in Datamart and Curated Table :: SUMMARY
Column Name found in Datamart and Curated Table :: CUSTOMER_ID
Column Name found in Datamart and Curated Table :: LOCATION_ID
Column Name found in Datamart and Curated Table :: CAMPAIGN_ID
Column Name found in Datamart and Curated Table :: LATESTFOLLOWUPDATE
Column Name found in Datamart and Curated Table :: ACTIVE
Column Name found in Datamart and Curated Table :: BUSINESSUNIT_ID
Column Name found in Datamart and Curated Table :: IMPORTID
Column Name found in Datamart and Curated Table :: TENANT_TYPE
Datamart tables contains additional column name like [ACTIVE_FLAG, RECORD_CREATE_DATE, RECORD_UPDATE_DATE, MASTER_ID]
Curated tables contains additional column name like [RECORD_CREATE_DATE, RECORD_UPDATE_DATE, RECORD_UPDATED_BY]]]>
  </system-out>
  <testcase classname="testcases.RAW_DATAMART_CURATED.SnowFlake_ColumnValidation_APITables" name="validateColumnName_BKP" time="2.455"/>
  <system-out>
    <![CDATA[Executing Snowflake query :: SELECT COLUMN_NAME FROM DEV_ENT_RAW.INFORMATION_SCHEMA.COLUMNS WHERE TABLE_NAME='ST_API_CANCELJOBREASON'and TABLE_SCHEMA='API_MAT'
Executing Snowflake query :: SELECT COLUMN_NAME FROM CURATED_DATAMART.INFORMATION_SCHEMA.COLUMNS WHERE TABLE_NAME='STR_API_CANCELJOBREASON'and TABLE_SCHEMA='ST_API_HDAIR'
Executing Snowflake query :: SELECT COLUMN_NAME FROM DEV_ENT_CURATED.INFORMATION_SCHEMA.COLUMNS WHERE TABLE_NAME='DIM_CANCELJOBREASON'and TABLE_SCHEMA='MASTER_DIMENSIONS'
Column names for RAW Table --> ST_API_CANCELJOBREASON :: [CREATEDBY_ID, CREATEDON, ID, IMPORTID, MODIFIEDON, NAME, ACTIVE, TENANT_TYPE]
Column names for DataMart Table --> STR_API_CANCELJOBREASON :: [ACTIVE, IMPORTID, ACTIVE_FLAG, NAME, RECORD_UPDATE_DATE, CREATEDON, CREATEDBY_ID, ID, MODIFIEDON, TENANT_TYPE, RECORD_CREATE_DATE, MASTER_ID]
Column names for Curated Table --> DIM_CANCELJOBREASON :: [ID, IMPORTID, TENANT_TYPE, MODIFIEDON, CREATEDON, RECORD_UPDATED_BY, RECORD_UPDATE_DATE, RECORD_CREATE_DATE, ACTIVE, CREATEDBY_ID, NAME]
Column Name found in Datamart and Curated Table :: CREATEDBY_ID
Column Name found in Datamart and Curated Table :: CREATEDON
Column Name found in Datamart and Curated Table :: ID
Column Name found in Datamart and Curated Table :: IMPORTID
Column Name found in Datamart and Curated Table :: MODIFIEDON
Column Name found in Datamart and Curated Table :: NAME
Column Name found in Datamart and Curated Table :: ACTIVE
Column Name found in Datamart and Curated Table :: TENANT_TYPE
Datamart tables contains additional column name like [ACTIVE_FLAG, RECORD_CREATE_DATE, RECORD_UPDATE_DATE, MASTER_ID]
Curated tables contains additional column name like [RECORD_CREATE_DATE, RECORD_UPDATE_DATE, RECORD_UPDATED_BY]]]>
  </system-out>
  <testcase classname="testcases.RAW_DATAMART_CURATED.SnowFlake_ColumnValidation_APITables" name="validateColumnName_BKP" time="2.598">
    <failure message="The following asserts failed:
	null" type="java.lang.AssertionError">
      <![CDATA[java.lang.AssertionError: The following asserts failed:
null
at org.testng.asserts.SoftAssert.assertAll(SoftAssert.java:47)
at org.testng.asserts.SoftAssert.assertAll(SoftAssert.java:31)
at testcases.RAW_DATAMART_CURATED.SnowFlake_ColumnValidation_APITables.validateColumnName_BKP(SnowFlake_ColumnValidation_APITables.java:128)
at jdk.internal.reflect.GeneratedMethodAccessor38.invoke(Unknown Source)
at java.base/jdk.internal.reflect.DelegatingMethodAccessorImpl.invoke(DelegatingMethodAccessorImpl.java:43)
at java.base/java.lang.reflect.Method.invoke(Method.java:568)
at org.testng.internal.MethodInvocationHelper.invokeMethod(MethodInvocationHelper.java:133)
at org.testng.internal.TestInvoker.invokeMethod(TestInvoker.java:598)
at org.testng.internal.TestInvoker.invokeTestMethod(TestInvoker.java:173)
at org.testng.internal.MethodRunner.runInSequence(MethodRunner.java:46)
at org.testng.internal.TestInvoker$MethodInvocationAgent.invoke(TestInvoker.java:824)
at org.testng.internal.TestInvoker.invokeTestMethods(TestInvoker.java:146)
at org.testng.internal.TestMethodWorker.invokeTestMethods(TestMethodWorker.java:146)
at org.testng.internal.TestMethodWorker.run(TestMethodWorker.java:128)
at java.base/java.util.ArrayList.forEach(ArrayList.java:1511)
at org.testng.TestRunner.privateRun(TestRunner.java:794)
at org.testng.TestRunner.run(TestRunner.java:596)
at org.testng.SuiteRunner.runTest(SuiteRunner.java:377)
at org.testng.SuiteRunner.runSequentially(SuiteRunner.java:371)
at org.testng.SuiteRunner.privateRun(SuiteRunner.java:332)
at org.testng.SuiteRunner.run(SuiteRunner.java:276)
at org.testng.SuiteRunnerWorker.runSuite(SuiteRunnerWorker.java:53)
at org.testng.SuiteRunnerWorker.run(SuiteRunnerWorker.java:96)
at org.testng.TestNG.runSuitesSequentially(TestNG.java:1212)
at org.testng.TestNG.runSuitesLocally(TestNG.java:1134)
at org.testng.TestNG.runSuites(TestNG.java:1063)
at org.testng.TestNG.run(TestNG.java:1031)
at org.testng.remote.AbstractRemoteTestNG.run(AbstractRemoteTestNG.java:115)
at org.testng.remote.RemoteTestNG.initAndRun(RemoteTestNG.java:251)
at org.testng.remote.RemoteTestNG.main(RemoteTestNG.java:77)
]]>
    </failure>
  </testcase> <!-- validateColumnName_BKP -->
  <system-out>
    <![CDATA[Executing Snowflake query :: SELECT COLUMN_NAME FROM DEV_ENT_RAW.INFORMATION_SCHEMA.COLUMNS WHERE TABLE_NAME='ST_API_TECHNICIAN'and TABLE_SCHEMA='API_MAT'
Executing Snowflake query :: SELECT COLUMN_NAME FROM CURATED_DATAMART.INFORMATION_SCHEMA.COLUMNS WHERE TABLE_NAME='STR_API_TECHNICIAN'and TABLE_SCHEMA='ST_API_EANESHEATING'
Executing Snowflake query :: SELECT COLUMN_NAME FROM DEV_ENT_CURATED.INFORMATION_SCHEMA.COLUMNS WHERE TABLE_NAME='DIM_TECHNICIAN'and TABLE_SCHEMA='MASTER_DIMENSIONS'
Column names for RAW Table --> ST_API_TECHNICIAN :: [ADDONCREWSPLITCOMMISSIONRATE, ATLASBUTLERTECHNICIANROLE, FIRSTDRIVERULE, HOME_ISMANUALCOORDINATES, NAVISIONEMPLOYEEID, PAYROLLID, PAYROLLPOSTINGGROUP_ID, SALESFACTOR, SALESFORCECONTACTID, PAYROLLREPORTVERSION, STANDARDWORKTYPECODE_ID, MUHULINK, COMMISSIONRATE, HOME_ISMILITARY, LICENSE, GOALIMAGE, IMPORTID, MOBILEPHONECONFIRMED, PAYTYPE, MANAGER_ID, SHIFTSTART, NAME, ADDONSOLOCOMMISSIONRATE, BIO, BUSINESSUNIT_ID, HOME_CITY, ID, ISMANAGEDTECH, PROJECTLABELS, SCHEDULEDSOLOCOMMISSIONRATE, BIRTHDATE, HOME_COUNTRY, PHOTO, TURNOVERBONUS, USER_ID, WILLIAMSTECHNICIANROLE, ZONE_ID, OVERTIMEPROFILE_ID, CREATEDON, TODAYREVENUE_TECHNICIAN, ACTIVE, DEFAULTPAYROLLADJUSTMENTRATE, ISAUTODISPATCHED, LASTNAME, ISEXTERNAL, SHIFTEND, SCHEDULEDCREWSPLITCOMMISSIONRATE, DAILYGOAL, APPOINTMENT_ID, BURDENRATE, HOME_ZIP, PAYROLLSTARTPERIOD, STATUSUPDATEDON, OVERTIMEWORKTYPECODE_ID, PAYROLLPROFILE_ID, PAYROLLROLE, PAYROLLSTARTDATE, SOLDBYRATE, ISEXCLUDEDFROMPAYROLL, COORDINATESUPDATEDON, EMAIL, EMAILCONFIRMED, HOME_LATITUDE, OVERTIMEPAYROLLCONTROLCODE_ID, PAYPERIOD, STANDARDPAYROLLCONTROLCODE_ID, CHECKEDIN, DEFAULTLABORTYPE_ID, JOBFILTER, PAYFREQUENCY_ID, MOBILEPHONE, OUTBOUNDCALLERID, SCHEDULEDMULTITECHCOMMISSIONRATE, STARTDATE, CURRENTVALUE, DEDUCTCOMMUTETIMEFROMFIRSTDRIVE, FIRSTNAME, MEALTIME, MEMO, PHONECONFIRMED, SHOWJOBAPPOINTMENTRESCHEDULEALERT, DISPATCHNOTIFICATIONS, JOB_ID, LATITUDE, MIDDLENAME, ROUTESTATISTICS_TECHNICIAN, CREATEDBY_ID, PHONE, QBREPID, SMARTDISPATCHSETTINGS_TECHNICIAN, STATUS, UNION, HOME_UNIT, HOURLYRATE, INVENTORYWAREHOUSENAME, INVOICINGHOURLYRATE, TYPE, ADDONMULTITECHCOMMISSIONRATE, COLOR, HOME_STATE, MODIFIEDON, OVERALLSALESFACTOR_TECHNICIAN, POSITION, TEAM, COMMUTETIME, HOME_LONGITUDE, HOME_STREET, LOCATION_TECHNICIAN, OVERTIMEMODE, PROJECTEDVALUE, LONGITUDE, TRUCK_ID, TENANT_TYPE]
Column names for DataMart Table --> STR_API_TECHNICIAN :: [ACTIVE, BIRTHDATE, FIRSTNAME, ID, LASTNAME, LONGITUDE, PHONECONFIRMED, JOB_ID, MUHULINK, NAME, SCHEDULEDSOLOCOMMISSIONRATE, SHIFTSTART, ACTIVE_FLAG, BIO, DEFAULTLABORTYPE_ID, FIRSTDRIVERULE, HOME_ISMANUALCOORDINATES, MEMO, PAYROLLPOSTINGGROUP_ID, PROJECTLABELS, QBREPID, COORDINATESUPDATEDON, JOBFILTER, OVERALLSALESFACTOR_TECHNICIAN, OVERTIMEMODE, PHONE, SHIFTEND, TURNOVERBONUS, ADDONCREWSPLITCOMMISSIONRATE, BURDENRATE, CREATEDBY_ID, DEDUCTCOMMUTETIMEFROMFIRSTDRIVE, HOME_CITY, LICENSE, HOME_STATE, HOME_UNIT, PAYROLLSTARTPERIOD, SCHEDULEDCREWSPLITCOMMISSIONRATE, TRUCK_ID, UNION, USER_ID, INVENTORYWAREHOUSENAME, PAYFREQUENCY_ID, PAYROLLROLE, PHOTO, STARTDATE, ATLASBUTLERTECHNICIANROLE, CURRENTVALUE, GOALIMAGE, HOME_COUNTRY, HOME_STREET, HOME_ZIP, OVERTIMEPAYROLLCONTROLCODE_ID, COLOR, NAVISIONEMPLOYEEID, PAYROLLSTARTDATE, ISEXTERNAL, CREATEDON, DAILYGOAL, DISPATCHNOTIFICATIONS, HOME_LATITUDE, INVOICINGHOURLYRATE, ISAUTODISPATCHED, ISMANAGEDTECH, MOBILEPHONECONFIRMED, POSITION, MIDDLENAME, OUTBOUNDCALLERID, OVERTIMEWORKTYPECODE_ID, PAYPERIOD, SALESFORCECONTACTID, SHOWJOBAPPOINTMENTRESCHEDULEALERT, STATUSUPDATEDON, ZONE_ID, PAYROLLREPORTVERSION, TYPE, TODAYREVENUE_TECHNICIAN, ADDONSOLOCOMMISSIONRATE, APPOINTMENT_ID, COMMUTETIME, EMAIL, PAYTYPE, PROJECTEDVALUE, HOME_LONGITUDE, MASTER_ID, RECORD_UPDATE_DATE, SALESFACTOR, STATUS, OVERTIMEPROFILE_ID, ADDONMULTITECHCOMMISSIONRATE, COMMISSIONRATE, SOLDBYRATE, IMPORTID, LOCATION_TECHNICIAN, ROUTESTATISTICS_TECHNICIAN, WILLIAMSTECHNICIANROLE, HOME_ISMILITARY, BUSINESSUNIT_ID, CHECKEDIN, DEFAULTPAYROLLADJUSTMENTRATE, LATITUDE, STANDARDPAYROLLCONTROLCODE_ID, EMAILCONFIRMED, FLEET_ID, HOURLYRATE, MANAGER_ID, MEALTIME, PAYROLLPROFILE_ID, RECORD_CREATE_DATE, SCHEDULEDMULTITECHCOMMISSIONRATE, STANDARDWORKTYPECODE_ID, MODIFIEDON, PAYROLLID, SMARTDISPATCHSETTINGS_TECHNICIAN, MOBILEPHONE, TENANT_TYPE, TEAM]
Column names for Curated Table --> DIM_TECHNICIAN :: [ADDONCREWSPLITCOMMISSIONRATE, COMMUTETIME, DEFAULTLABORTYPE_ID, EMAILCONFIRMED, FIRSTNAME, FLEET_ID, HOME_COUNTRY, HOME_UNIT, MOBILEPHONE, PHONECONFIRMED, ISEXCLUDEDFROMPAYROLL, OVERALLSALESFACTOR_TECHNICIAN, TURNOVERBONUS, PAYPERIOD, PAYROLLROLE, PAYROLLSTARTDATE, BIRTHDATE, HOME_ISMANUALCOORDINATES, HOME_ISMILITARY, INVENTORYWAREHOUSENAME, JOBFILTER, MEMO, PAYFREQUENCY_ID, POSITION, ID, ISAUTODISPATCHED, LICENSE, TEAM, SCHEDULEDCREWSPLITCOMMISSIONRATE, SALESFACTOR, ADDONSOLOCOMMISSIONRATE, CURRENTVALUE, DAILYGOAL, DEDUCTCOMMUTETIMEFROMFIRSTDRIVE, MANAGER_ID, OVERTIMEPROFILE_ID, SHIFTSTART, SHOWJOBAPPOINTMENTRESCHEDULEALERT, SMARTDISPATCHSETTINGS_TECHNICIAN, GOALIMAGE, MODIFIEDON, PAYROLLID, PAYROLLREPORTVERSION, RECORD_CREATE_DATE, TODAYREVENUE_TECHNICIAN, TYPE, PROJECTLABELS, SCHEDULEDSOLOCOMMISSIONRATE, LONGITUDE, ADDONMULTITECHCOMMISSIONRATE, APPOINTMENT_ID, CHECKEDIN, COLOR, CREATEDON, DISPATCHNOTIFICATIONS, IMPORTID, LASTNAME, MOBILEPHONECONFIRMED, STATUSUPDATEDON, ZONE_ID, HOME_STATE, NAME, NAVISIONEMPLOYEEID, PAYROLLPOSTINGGROUP_ID, PHOTO, MEALTIME, PROJECTEDVALUE, STANDARDPAYROLLCONTROLCODE_ID, OVERTIMEMODE, BURDENRATE, FIRSTDRIVERULE, JOB_ID, PAYROLLPROFILE_ID, QBREPID, ROUTESTATISTICS_TECHNICIAN, STARTDATE, TRUCK_ID, USER_ID, STANDARDWORKTYPECODE_ID, MIDDLENAME, COMMISSIONRATE, CREATEDBY_ID, HOME_LONGITUDE, HOME_ZIP, HOURLYRATE, LATITUDE, SCHEDULEDMULTITECHCOMMISSIONRATE, BUSINESSUNIT_ID, OUTBOUNDCALLERID, RECORD_UPDATED_BY, STATUS, MUHULINK, OVERTIMEPAYROLLCONTROLCODE_ID, UNION, PAYTYPE, INVOICINGHOURLYRATE, RECORD_UPDATE_DATE, COORDINATESUPDATEDON, LOCATION_TECHNICIAN, EMAIL, HOME_CITY, ISEXTERNAL, OVERTIMEWORKTYPECODE_ID, PAYROLLSTARTPERIOD, SHIFTEND, WILLIAMSTECHNICIANROLE, TENANT_TYPE, ACTIVE, ATLASBUTLERTECHNICIANROLE, BIO, DEFAULTPAYROLLADJUSTMENTRATE, HOME_LATITUDE, HOME_STREET, ISMANAGEDTECH, PHONE, SALESFORCECONTACTID, SOLDBYRATE]
Column Name found in Datamart and Curated Table :: ADDONCREWSPLITCOMMISSIONRATE
Column Name found in Datamart and Curated Table :: ATLASBUTLERTECHNICIANROLE
Column Name found in Datamart and Curated Table :: FIRSTDRIVERULE
Column Name found in Datamart and Curated Table :: HOME_ISMANUALCOORDINATES
Column Name found in Datamart and Curated Table :: NAVISIONEMPLOYEEID
Column Name found in Datamart and Curated Table :: PAYROLLID
Column Name found in Datamart and Curated Table :: PAYROLLPOSTINGGROUP_ID
Column Name found in Datamart and Curated Table :: SALESFACTOR
Column Name found in Datamart and Curated Table :: SALESFORCECONTACTID
Column Name found in Datamart and Curated Table :: PAYROLLREPORTVERSION
Column Name found in Datamart and Curated Table :: STANDARDWORKTYPECODE_ID
Column Name found in Datamart and Curated Table :: MUHULINK
Column Name found in Datamart and Curated Table :: COMMISSIONRATE
Column Name found in Datamart and Curated Table :: HOME_ISMILITARY
Column Name found in Datamart and Curated Table :: LICENSE
Column Name found in Datamart and Curated Table :: GOALIMAGE
Column Name found in Datamart and Curated Table :: IMPORTID
Column Name found in Datamart and Curated Table :: MOBILEPHONECONFIRMED
Column Name found in Datamart and Curated Table :: PAYTYPE
Column Name found in Datamart and Curated Table :: MANAGER_ID
Column Name found in Datamart and Curated Table :: SHIFTSTART
Column Name found in Datamart and Curated Table :: NAME
Column Name found in Datamart and Curated Table :: ADDONSOLOCOMMISSIONRATE
Column Name found in Datamart and Curated Table :: BIO
Column Name found in Datamart and Curated Table :: BUSINESSUNIT_ID
Column Name found in Datamart and Curated Table :: HOME_CITY
Column Name found in Datamart and Curated Table :: ID
Column Name found in Datamart and Curated Table :: ISMANAGEDTECH
Column Name found in Datamart and Curated Table :: PROJECTLABELS
Column Name found in Datamart and Curated Table :: SCHEDULEDSOLOCOMMISSIONRATE
Column Name found in Datamart and Curated Table :: BIRTHDATE
Column Name found in Datamart and Curated Table :: HOME_COUNTRY
Column Name found in Datamart and Curated Table :: PHOTO
Column Name found in Datamart and Curated Table :: TURNOVERBONUS
Column Name found in Datamart and Curated Table :: USER_ID
Column Name found in Datamart and Curated Table :: WILLIAMSTECHNICIANROLE
Column Name found in Datamart and Curated Table :: ZONE_ID
Column Name found in Datamart and Curated Table :: OVERTIMEPROFILE_ID
Column Name found in Datamart and Curated Table :: CREATEDON
Column Name found in Datamart and Curated Table :: TODAYREVENUE_TECHNICIAN
Column Name found in Datamart and Curated Table :: ACTIVE
Column Name found in Datamart and Curated Table :: DEFAULTPAYROLLADJUSTMENTRATE
Column Name found in Datamart and Curated Table :: ISAUTODISPATCHED
Column Name found in Datamart and Curated Table :: LASTNAME
Column Name found in Datamart and Curated Table :: ISEXTERNAL
Column Name found in Datamart and Curated Table :: SHIFTEND
Column Name found in Datamart and Curated Table :: SCHEDULEDCREWSPLITCOMMISSIONRATE
Column Name found in Datamart and Curated Table :: DAILYGOAL
Column Name found in Datamart and Curated Table :: APPOINTMENT_ID
Column Name found in Datamart and Curated Table :: BURDENRATE
Column Name found in Datamart and Curated Table :: HOME_ZIP
Column Name found in Datamart and Curated Table :: PAYROLLSTARTPERIOD
Column Name found in Datamart and Curated Table :: STATUSUPDATEDON
Column Name found in Datamart and Curated Table :: OVERTIMEWORKTYPECODE_ID
Column Name found in Datamart and Curated Table :: PAYROLLPROFILE_ID
Column Name found in Datamart and Curated Table :: PAYROLLROLE
Column Name found in Datamart and Curated Table :: PAYROLLSTARTDATE
Column Name found in Datamart and Curated Table :: SOLDBYRATE
Column Name not found in Datamart and Curated Table :: ISEXCLUDEDFROMPAYROLL
Column Name found in Datamart and Curated Table :: COORDINATESUPDATEDON
Column Name found in Datamart and Curated Table :: EMAIL
Column Name found in Datamart and Curated Table :: EMAILCONFIRMED
Column Name found in Datamart and Curated Table :: HOME_LATITUDE
Column Name found in Datamart and Curated Table :: OVERTIMEPAYROLLCONTROLCODE_ID
Column Name found in Datamart and Curated Table :: PAYPERIOD
Column Name found in Datamart and Curated Table :: STANDARDPAYROLLCONTROLCODE_ID
Column Name found in Datamart and Curated Table :: CHECKEDIN
Column Name found in Datamart and Curated Table :: DEFAULTLABORTYPE_ID
Column Name found in Datamart and Curated Table :: JOBFILTER
Column Name found in Datamart and Curated Table :: PAYFREQUENCY_ID
Column Name found in Datamart and Curated Table :: MOBILEPHONE
Column Name found in Datamart and Curated Table :: OUTBOUNDCALLERID
Column Name found in Datamart and Curated Table :: SCHEDULEDMULTITECHCOMMISSIONRATE
Column Name found in Datamart and Curated Table :: STARTDATE
Column Name found in Datamart and Curated Table :: CURRENTVALUE
Column Name found in Datamart and Curated Table :: DEDUCTCOMMUTETIMEFROMFIRSTDRIVE
Column Name found in Datamart and Curated Table :: FIRSTNAME
Column Name found in Datamart and Curated Table :: MEALTIME
Column Name found in Datamart and Curated Table :: MEMO
Column Name found in Datamart and Curated Table :: PHONECONFIRMED
Column Name found in Datamart and Curated Table :: SHOWJOBAPPOINTMENTRESCHEDULEALERT
Column Name found in Datamart and Curated Table :: DISPATCHNOTIFICATIONS
Column Name found in Datamart and Curated Table :: JOB_ID
Column Name found in Datamart and Curated Table :: LATITUDE
Column Name found in Datamart and Curated Table :: MIDDLENAME
Column Name found in Datamart and Curated Table :: ROUTESTATISTICS_TECHNICIAN
Column Name found in Datamart and Curated Table :: CREATEDBY_ID
Column Name found in Datamart and Curated Table :: PHONE
Column Name found in Datamart and Curated Table :: QBREPID
Column Name found in Datamart and Curated Table :: SMARTDISPATCHSETTINGS_TECHNICIAN
Column Name found in Datamart and Curated Table :: STATUS
Column Name found in Datamart and Curated Table :: UNION
Column Name found in Datamart and Curated Table :: HOME_UNIT
Column Name found in Datamart and Curated Table :: HOURLYRATE
Column Name found in Datamart and Curated Table :: INVENTORYWAREHOUSENAME
Column Name found in Datamart and Curated Table :: INVOICINGHOURLYRATE
Column Name found in Datamart and Curated Table :: TYPE
Column Name found in Datamart and Curated Table :: ADDONMULTITECHCOMMISSIONRATE
Column Name found in Datamart and Curated Table :: COLOR
Column Name found in Datamart and Curated Table :: HOME_STATE
Column Name found in Datamart and Curated Table :: MODIFIEDON
Column Name found in Datamart and Curated Table :: OVERALLSALESFACTOR_TECHNICIAN
Column Name found in Datamart and Curated Table :: POSITION
Column Name found in Datamart and Curated Table :: TEAM
Column Name found in Datamart and Curated Table :: COMMUTETIME
Column Name found in Datamart and Curated Table :: HOME_LONGITUDE
Column Name found in Datamart and Curated Table :: HOME_STREET
Column Name found in Datamart and Curated Table :: LOCATION_TECHNICIAN
Column Name found in Datamart and Curated Table :: OVERTIMEMODE
Column Name found in Datamart and Curated Table :: PROJECTEDVALUE
Column Name found in Datamart and Curated Table :: LONGITUDE
Column Name found in Datamart and Curated Table :: TRUCK_ID
Column Name found in Datamart and Curated Table :: TENANT_TYPE
Datamart tables contains additional column name like [ACTIVE_FLAG, RECORD_CREATE_DATE, RECORD_UPDATE_DATE, MASTER_ID]
Curated tables contains additional column name like [RECORD_CREATE_DATE, RECORD_UPDATE_DATE, RECORD_UPDATED_BY]]]>
  </system-out>
  <testcase classname="testcases.RAW_DATAMART_CURATED.SnowFlake_ColumnValidation_APITables" name="validateColumnName_BKP" time="2.238"/>
  <system-out>
    <![CDATA[Executing Snowflake query :: SELECT COLUMN_NAME FROM DEV_ENT_RAW.INFORMATION_SCHEMA.COLUMNS WHERE TABLE_NAME='ST_API_VENDOR'and TABLE_SCHEMA='API_MAT'
Executing Snowflake query :: SELECT COLUMN_NAME FROM CURATED_DATAMART.INFORMATION_SCHEMA.COLUMNS WHERE TABLE_NAME='STR_API_VENDOR'and TABLE_SCHEMA='ST_API_HARP'
Executing Snowflake query :: SELECT COLUMN_NAME FROM DEV_ENT_CURATED.INFORMATION_SCHEMA.COLUMNS WHERE TABLE_NAME='DIM_VENDOR'and TABLE_SCHEMA='MASTER_DIMENSIONS'
Column names for RAW Table --> ST_API_VENDOR :: [DELIVERYOPTION, REMITTANCEVENDOR_ID, LASTNAME, TAXRATE, ACTIVE, CREATEDON, VENDORADDRESS_ISMANUALCOORDINATES, IMPORTID, ISTRUCKREPLENISHMENT, PHONE, ID, VENDORADDRESS_STREET, FAX, VENDORADDRESS_LATITUDE, CREATEDBY_ID, EMAIL, EXTERNALID, FIRSTNAME, MEMO, RESTRICTEDMOBILECREATION, VENDORADDRESS_COUNTRY, VENDORADDRESS_LONGITUDE, VENDORADDRESS_CITY, NAME, VENDORADDRESS_ISMILITARY, VENDORQUICKBOOKSITEM, VENDORADDRESS_UNIT, VENDORADDRESS_ZIP, VENDORADDRESS_STATE, MODIFIEDON, PAYMENTTERM_ID, ADDRESS, TENANT_TYPE]
Column names for DataMart Table --> STR_API_VENDOR :: [MEMO, TAXRATE, VENDORADDRESS_LONGITUDE, VENDORADDRESS_UNIT, ACTIVE, CREATEDON, MASTER_ID, RECORD_UPDATE_DATE, TENANT_TYPE, REMITTANCEVENDOR_ID, ACTIVE_FLAG, EMAIL, LASTNAME, PHONE, VENDORADDRESS_CITY, VENDORADDRESS_ISMILITARY, VENDORQUICKBOOKSITEM, VENDORADDRESS_STATE, ISTRUCKREPLENISHMENT, VENDORADDRESS_ISMANUALCOORDINATES, VENDORADDRESS_STREET, NAME, CREATEDBY_ID, MODIFIEDON, RECORD_CREATE_DATE, VENDORADDRESS_COUNTRY, EXTERNALID, ID, PAYMENTTERM_ID, VENDORADDRESS_ZIP, RESTRICTEDMOBILECREATION, ADDRESS, DELIVERYOPTION, FAX, FIRSTNAME, IMPORTID, VENDORADDRESS_LATITUDE]
Column names for Curated Table --> DIM_VENDOR :: [DELIVERYOPTION, EXTERNALID, VENDORADDRESS_LATITUDE, VENDORADDRESS_ISMILITARY, VENDORADDRESS_STREET, EMAIL, ID, MEMO, PHONE, TAXRATE, VENDORADDRESS_ZIP, VENDORADDRESS_CITY, ACTIVE, ADDRESS, FAX, ISTRUCKREPLENISHMENT, VENDORADDRESS_STATE, REMITTANCEVENDOR_ID, FIRSTNAME, NAME, VENDORADDRESS_COUNTRY, LASTNAME, RECORD_UPDATE_DATE, VENDORADDRESS_UNIT, MODIFIEDON, CREATEDBY_ID, RECORD_CREATE_DATE, TENANT_TYPE, VENDORADDRESS_LONGITUDE, CREATEDON, IMPORTID, VENDORADDRESS_ISMANUALCOORDINATES, RESTRICTEDMOBILECREATION, PAYMENTTERM_ID, RECORD_UPDATED_BY, VENDORQUICKBOOKSITEM]
Column Name found in Datamart and Curated Table :: DELIVERYOPTION
Column Name found in Datamart and Curated Table :: REMITTANCEVENDOR_ID
Column Name found in Datamart and Curated Table :: LASTNAME
Column Name found in Datamart and Curated Table :: TAXRATE
Column Name found in Datamart and Curated Table :: ACTIVE
Column Name found in Datamart and Curated Table :: CREATEDON
Column Name found in Datamart and Curated Table :: VENDORADDRESS_ISMANUALCOORDINATES
Column Name found in Datamart and Curated Table :: IMPORTID
Column Name found in Datamart and Curated Table :: ISTRUCKREPLENISHMENT
Column Name found in Datamart and Curated Table :: PHONE
Column Name found in Datamart and Curated Table :: ID
Column Name found in Datamart and Curated Table :: VENDORADDRESS_STREET
Column Name found in Datamart and Curated Table :: FAX
Column Name found in Datamart and Curated Table :: VENDORADDRESS_LATITUDE
Column Name found in Datamart and Curated Table :: CREATEDBY_ID
Column Name found in Datamart and Curated Table :: EMAIL
Column Name found in Datamart and Curated Table :: EXTERNALID
Column Name found in Datamart and Curated Table :: FIRSTNAME
Column Name found in Datamart and Curated Table :: MEMO
Column Name found in Datamart and Curated Table :: RESTRICTEDMOBILECREATION
Column Name found in Datamart and Curated Table :: VENDORADDRESS_COUNTRY
Column Name found in Datamart and Curated Table :: VENDORADDRESS_LONGITUDE
Column Name found in Datamart and Curated Table :: VENDORADDRESS_CITY
Column Name found in Datamart and Curated Table :: NAME
Column Name found in Datamart and Curated Table :: VENDORADDRESS_ISMILITARY
Column Name found in Datamart and Curated Table :: VENDORQUICKBOOKSITEM
Column Name found in Datamart and Curated Table :: VENDORADDRESS_UNIT
Column Name found in Datamart and Curated Table :: VENDORADDRESS_ZIP
Column Name found in Datamart and Curated Table :: VENDORADDRESS_STATE
Column Name found in Datamart and Curated Table :: MODIFIEDON
Column Name found in Datamart and Curated Table :: PAYMENTTERM_ID
Column Name found in Datamart and Curated Table :: ADDRESS
Column Name found in Datamart and Curated Table :: TENANT_TYPE
Datamart tables contains additional column name like [ACTIVE_FLAG, RECORD_CREATE_DATE, RECORD_UPDATE_DATE, MASTER_ID]
Curated tables contains additional column name like [RECORD_CREATE_DATE, RECORD_UPDATE_DATE, RECORD_UPDATED_BY]]]>
  </system-out>
  <testcase classname="testcases.RAW_DATAMART_CURATED.SnowFlake_ColumnValidation_APITables" name="validateColumnName_BKP" time="2.813"/>
  <system-out>
    <![CDATA[Executing Snowflake query :: SELECT COLUMN_NAME FROM DEV_ENT_RAW.INFORMATION_SCHEMA.COLUMNS WHERE TABLE_NAME='ST_API_PAYMENTSPLIT'and TABLE_SCHEMA='API_MAT'
Executing Snowflake query :: SELECT COLUMN_NAME FROM CURATED_DATAMART.INFORMATION_SCHEMA.COLUMNS WHERE TABLE_NAME='STR_API_PAYMENTSPLIT'and TABLE_SCHEMA='ST_API_HDAIR'
Executing Snowflake query :: SELECT COLUMN_NAME FROM DEV_ENT_CURATED.INFORMATION_SCHEMA.COLUMNS WHERE TABLE_NAME='DIM_PAYMENTSPLIT'and TABLE_SCHEMA='MASTER_DIMENSIONS'
Column names for RAW Table --> ST_API_PAYMENTSPLIT :: [ID, MODIFIEDON, AMOUNT, PAYMENT_ID, PAYSELLERCOMMISSION, IMPORTID, INVOICE_ID, CREATEDON, CREATEDBY_ID, ACTIVE, TENANT_TYPE]
Column names for DataMart Table --> STR_API_PAYMENTSPLIT :: [CREATEDBY_ID, TENANT_TYPE, PAYMENT_ID, ACTIVE, ACTIVE_FLAG, MASTER_ID, PAYSELLERCOMMISSION, IMPORTID, INVOICE_ID, RECORD_UPDATE_DATE, ID, MODIFIEDON, AMOUNT, RECORD_CREATE_DATE, CREATEDON]
Column names for Curated Table --> DIM_PAYMENTSPLIT :: [IMPORTID, PAYSELLERCOMMISSION, CREATEDON, PAYMENT_ID, TENANT_TYPE, MODIFIEDON, AMOUNT, CREATEDBY_ID, INVOICE_ID, ID, RECORD_UPDATED_BY, RECORD_UPDATE_DATE, ACTIVE, RECORD_CREATE_DATE]
Column Name found in Datamart and Curated Table :: ID
Column Name found in Datamart and Curated Table :: MODIFIEDON
Column Name found in Datamart and Curated Table :: AMOUNT
Column Name found in Datamart and Curated Table :: PAYMENT_ID
Column Name found in Datamart and Curated Table :: PAYSELLERCOMMISSION
Column Name found in Datamart and Curated Table :: IMPORTID
Column Name found in Datamart and Curated Table :: INVOICE_ID
Column Name found in Datamart and Curated Table :: CREATEDON
Column Name found in Datamart and Curated Table :: CREATEDBY_ID
Column Name found in Datamart and Curated Table :: ACTIVE
Column Name found in Datamart and Curated Table :: TENANT_TYPE
Datamart tables contains additional column name like [ACTIVE_FLAG, RECORD_CREATE_DATE, RECORD_UPDATE_DATE, MASTER_ID]
Curated tables contains additional column name like [RECORD_CREATE_DATE, RECORD_UPDATE_DATE, RECORD_UPDATED_BY]]]>
  </system-out>
  <testcase classname="testcases.RAW_DATAMART_CURATED.SnowFlake_ColumnValidation_APITables" name="validateColumnName_BKP" time="2.260"/>
  <system-out>
    <![CDATA[Executing Snowflake query :: SELECT COLUMN_NAME FROM DEV_ENT_RAW.INFORMATION_SCHEMA.COLUMNS WHERE TABLE_NAME='ST_API_HOLDJOBREASON'and TABLE_SCHEMA='API_MAT'
Executing Snowflake query :: SELECT COLUMN_NAME FROM CURATED_DATAMART.INFORMATION_SCHEMA.COLUMNS WHERE TABLE_NAME='STR_API_HOLDJOBREASON'and TABLE_SCHEMA='ST_API_CASTEEL'
Executing Snowflake query :: SELECT COLUMN_NAME FROM DEV_ENT_CURATED.INFORMATION_SCHEMA.COLUMNS WHERE TABLE_NAME='DIM_HOLDJOBREASON'and TABLE_SCHEMA='MASTER_DIMENSIONS'
Column names for RAW Table --> ST_API_HOLDJOBREASON :: [ID, ACTIVE, MODIFIEDON, CREATEDBY_ID, CREATEDON, NAME, IMPORTID, TENANT_TYPE]
Column names for DataMart Table --> STR_API_HOLDJOBREASON :: [CREATEDBY_ID, TENANT_TYPE, ID, IMPORTID, NAME, ACTIVE_FLAG, MASTER_ID, RECORD_CREATE_DATE, ACTIVE, MODIFIEDON, CREATEDON, RECORD_UPDATE_DATE]
Column names for Curated Table --> DIM_HOLDJOBREASON :: [ACTIVE, ID, NAME, RECORD_UPDATED_BY, CREATEDON, MODIFIEDON, RECORD_CREATE_DATE, RECORD_UPDATE_DATE, TENANT_TYPE, IMPORTID, CREATEDBY_ID]
Column Name found in Datamart and Curated Table :: ID
Column Name found in Datamart and Curated Table :: ACTIVE
Column Name found in Datamart and Curated Table :: MODIFIEDON
Column Name found in Datamart and Curated Table :: CREATEDBY_ID
Column Name found in Datamart and Curated Table :: CREATEDON
Column Name found in Datamart and Curated Table :: NAME
Column Name found in Datamart and Curated Table :: IMPORTID
Column Name found in Datamart and Curated Table :: TENANT_TYPE
Datamart tables contains additional column name like [ACTIVE_FLAG, RECORD_CREATE_DATE, RECORD_UPDATE_DATE, MASTER_ID]
Curated tables contains additional column name like [RECORD_CREATE_DATE, RECORD_UPDATE_DATE, RECORD_UPDATED_BY]]]>
  </system-out>
  <testcase classname="testcases.RAW_DATAMART_CURATED.SnowFlake_ColumnValidation_APITables" name="validateColumnName_BKP" time="2.356"/>
  <system-out>
    <![CDATA[Executing Snowflake query :: SELECT COLUMN_NAME FROM DEV_ENT_RAW.INFORMATION_SCHEMA.COLUMNS WHERE TABLE_NAME='ST_API_EMPLOYEE'and TABLE_SCHEMA='API_MAT'
Executing Snowflake query :: SELECT COLUMN_NAME FROM CURATED_DATAMART.INFORMATION_SCHEMA.COLUMNS WHERE TABLE_NAME='STR_API_EMPLOYEE'and TABLE_SCHEMA='ST_API_SNELLHEATINGAIR'
Executing Snowflake query :: SELECT COLUMN_NAME FROM DEV_ENT_CURATED.INFORMATION_SCHEMA.COLUMNS WHERE TABLE_NAME='DIM_EMPLOYEE'and TABLE_SCHEMA='MASTER_DIMENSIONS'
Column names for RAW Table --> ST_API_EMPLOYEE :: [HOME_ISMILITARY, HOME_STATE, HOME_UNIT, MANAGER_ID, MOBILEPHONE, PAYROLLID, PHONE, OVERTIMEMODE, PHOTO, PAYROLLBUSINESSUNIT_ID, ACTIVE, AGENTID, CLOCKINOUTREMINDER, EMAILCONFIRMED, FIRSTNAME, PAYFREQUENCY_ID, HOME_ZIP, NAME, HOME_LONGITUDE, HOME_LATITUDE, LASTNAME, SALESFORCEROLE, CREATEDON, USER_ID, IMPORTID, ID, SALESFORCECONTACTID, BIRTHDATE, CREATEDBY_ID, EMAIL, HOME_COUNTRY, HOME_STREET, HOURLYRATE, STARTDATE, MOBILEPHONECONFIRMED, PAYROLLSTARTPERIOD, PHONECONFIRMED, POSITION, HOME_CITY, ISEXTERNAL, HOME_ISMANUALCOORDINATES, MIDDLENAME, MODIFIEDON, OVERTIMEPROFILE_ID, TENANT_TYPE]
Column names for DataMart Table --> STR_API_EMPLOYEE :: [BIRTHDATE, EMAILCONFIRMED, HOME_ISMILITARY, PAYROLLID, PAYROLLBUSINESSUNIT_ID, STARTDATE, CLOCKINOUTREMINDER, HOME_COUNTRY, HOME_ZIP, PHONECONFIRMED, MIDDLENAME, MODIFIEDON, RECORD_UPDATE_DATE, SALESFORCECONTACTID, OVERTIMEPROFILE_ID, HOME_LATITUDE, HOME_LONGITUDE, OVERTIMEMODE, USER_ID, PAYFREQUENCY_ID, MANAGER_ID, PHOTO, ACTIVE_FLAG, HOME_CITY, HOURLYRATE, ID, ISEXCLUDEDFROMPAYROLL, LASTNAME, PAYROLLSTARTPERIOD, RECORD_CREATE_DATE, MOBILEPHONECONFIRMED, MASTER_ID, TENANT_TYPE, NAME, AGENTID, CREATEDON, FIRSTNAME, HOME_STREET, HOME_UNIT, IMPORTID, ISEXTERNAL, PHONE, MOBILEPHONE, ACTIVE, EMAIL, SALESFORCEROLE, CREATEDBY_ID, HOME_ISMANUALCOORDINATES, POSITION, HOME_STATE]
Column names for Curated Table --> DIM_EMPLOYEE :: [CREATEDON, EMAIL, HOME_COUNTRY, HOME_ISMILITARY, PAYROLLID, PHONECONFIRMED, PAYROLLSTARTPERIOD, STARTDATE, PHONE, EMAILCONFIRMED, MOBILEPHONE, PAYFREQUENCY_ID, USER_ID, HOME_STATE, ISEXTERNAL, SALESFORCEROLE, CLOCKINOUTREMINDER, OVERTIMEMODE, ACTIVE, FIRSTNAME, HOURLYRATE, ISEXCLUDEDFROMPAYROLL, PAYROLLBUSINESSUNIT_ID, SALESFORCECONTACTID, AGENTID, CREATEDBY_ID, MANAGER_ID, HOME_ZIP, ID, IMPORTID, MODIFIEDON, PHOTO, RECORD_CREATE_DATE, BIRTHDATE, HOME_LATITUDE, HOME_STREET, POSITION, MOBILEPHONECONFIRMED, RECORD_UPDATED_BY, HOME_CITY, HOME_ISMANUALCOORDINATES, HOME_LONGITUDE, HOME_UNIT, LASTNAME, MIDDLENAME, TENANT_TYPE, NAME, RECORD_UPDATE_DATE, OVERTIMEPROFILE_ID]
Column Name found in Datamart and Curated Table :: HOME_ISMILITARY
Column Name found in Datamart and Curated Table :: HOME_STATE
Column Name found in Datamart and Curated Table :: HOME_UNIT
Column Name found in Datamart and Curated Table :: MANAGER_ID
Column Name found in Datamart and Curated Table :: MOBILEPHONE
Column Name found in Datamart and Curated Table :: PAYROLLID
Column Name found in Datamart and Curated Table :: PHONE
Column Name found in Datamart and Curated Table :: OVERTIMEMODE
Column Name found in Datamart and Curated Table :: PHOTO
Column Name found in Datamart and Curated Table :: PAYROLLBUSINESSUNIT_ID
Column Name found in Datamart and Curated Table :: ACTIVE
Column Name found in Datamart and Curated Table :: AGENTID
Column Name found in Datamart and Curated Table :: CLOCKINOUTREMINDER
Column Name found in Datamart and Curated Table :: EMAILCONFIRMED
Column Name found in Datamart and Curated Table :: FIRSTNAME
Column Name found in Datamart and Curated Table :: PAYFREQUENCY_ID
Column Name found in Datamart and Curated Table :: HOME_ZIP
Column Name found in Datamart and Curated Table :: NAME
Column Name found in Datamart and Curated Table :: HOME_LONGITUDE
Column Name found in Datamart and Curated Table :: HOME_LATITUDE
Column Name found in Datamart and Curated Table :: LASTNAME
Column Name found in Datamart and Curated Table :: SALESFORCEROLE
Column Name found in Datamart and Curated Table :: CREATEDON
Column Name found in Datamart and Curated Table :: USER_ID
Column Name found in Datamart and Curated Table :: IMPORTID
Column Name found in Datamart and Curated Table :: ID
Column Name found in Datamart and Curated Table :: SALESFORCECONTACTID
Column Name found in Datamart and Curated Table :: BIRTHDATE
Column Name found in Datamart and Curated Table :: CREATEDBY_ID
Column Name found in Datamart and Curated Table :: EMAIL
Column Name found in Datamart and Curated Table :: HOME_COUNTRY
Column Name found in Datamart and Curated Table :: HOME_STREET
Column Name found in Datamart and Curated Table :: HOURLYRATE
Column Name found in Datamart and Curated Table :: STARTDATE
Column Name found in Datamart and Curated Table :: MOBILEPHONECONFIRMED
Column Name found in Datamart and Curated Table :: PAYROLLSTARTPERIOD
Column Name found in Datamart and Curated Table :: PHONECONFIRMED
Column Name found in Datamart and Curated Table :: POSITION
Column Name found in Datamart and Curated Table :: HOME_CITY
Column Name found in Datamart and Curated Table :: ISEXTERNAL
Column Name found in Datamart and Curated Table :: HOME_ISMANUALCOORDINATES
Column Name found in Datamart and Curated Table :: MIDDLENAME
Column Name found in Datamart and Curated Table :: MODIFIEDON
Column Name found in Datamart and Curated Table :: OVERTIMEPROFILE_ID
Column Name found in Datamart and Curated Table :: TENANT_TYPE
Datamart tables contains additional column name like [ACTIVE_FLAG, RECORD_CREATE_DATE, RECORD_UPDATE_DATE, MASTER_ID]
Curated tables contains additional column name like [RECORD_CREATE_DATE, RECORD_UPDATE_DATE, RECORD_UPDATED_BY]]]>
  </system-out>
  <testcase classname="testcases.RAW_DATAMART_CURATED.SnowFlake_ColumnValidation_APITables" name="validateColumnName_BKP" time="3.474"/>
  <system-out>
    <![CDATA[Executing Snowflake query :: SELECT COLUMN_NAME FROM DEV_ENT_RAW.INFORMATION_SCHEMA.COLUMNS WHERE TABLE_NAME='ST_API_PURCHASEORDERITEM'and TABLE_SCHEMA='API_MAT'
Executing Snowflake query :: SELECT COLUMN_NAME FROM CURATED_DATAMART.INFORMATION_SCHEMA.COLUMNS WHERE TABLE_NAME='STR_API_PURCHASEORDERITEM'and TABLE_SCHEMA='ST_API_MAITZ'
Executing Snowflake query :: SELECT COLUMN_NAME FROM DEV_ENT_CURATED.INFORMATION_SCHEMA.COLUMNS WHERE TABLE_NAME='DIM_PURCHASEORDERITEM'and TABLE_SCHEMA='MASTER_DIMENSIONS'
Column names for RAW Table --> ST_API_PURCHASEORDERITEM :: [EQUIPMENT_ID, MARKUP, MODIFIEDON, ROLLEDOVERFROMITEM_ID, UNITOFMEASURE_ID, ACTIVE, ID, IMPORTID, PURCHASEORDER_ID, SKUREFERENCE_SKUTYPE, BUSINESSUNIT_ID, ISINVENTORY, VENDORPARTNUMBER, COST, MATERIALVENDOR_ID, SERIALNUMBER, CREATEDON, DESCRIPTION, EQUIPMENTVENDOR_ID, REQUISITIONITEM_ID, TECHNICIANFORBASERATE2_ID, TECHNICIANSPLIT1, TECHNICIANFORBASERATE3_ID, STATUS, CREATEDBY_ID, TECHNICIANFORBASERATE1_ID, MATERIAL_ID, TECHNICIANSPLIT3, CHARGEABLEITEM_ID, INVENTORYLOCATION_ID, QUANTITY, ROLLOVERQUANTITY, SKUVENDOR_ID, PROJECTLABELS, SKUREFERENCE_SKUID, TECHNICIANSPLIT2, USEDMATERIAL_ID, SKU_ID, TENANT_TYPE]
Column names for DataMart Table --> STR_API_PURCHASEORDERITEM :: [ACTIVE_FLAG, CREATEDBY_ID, SKUREFERENCE_SKUID, SKU_ID, TECHNICIANFORBASERATE1_ID, USEDMATERIAL_ID, INVENTORYLOCATION_ID, BUSINESSUNIT_ID, MASTER_ID, TECHNICIANFORBASERATE2_ID, TENANT_TYPE, IMPORTID, PURCHASEORDER_ID, SKUREFERENCE_SKUTYPE, QUANTITY, ISINVENTORY, COST, MATERIAL_ID, SERIALNUMBER, VENDORPARTNUMBER, UNITOFMEASURE_ID, RECORD_CREATE_DATE, ACTIVE, CREATEDON, ID, MARKUP, MODIFIEDON, REQUISITIONITEM_ID, TECHNICIANSPLIT1, CHARGEABLEITEM_ID, TECHNICIANFORBASERATE3_ID, TECHNICIANSPLIT2, EQUIPMENT_ID, MATERIALVENDOR_ID, PROJECTLABELS, ROLLOVERQUANTITY, EQUIPMENTVENDOR_ID, RECORD_UPDATE_DATE, ROLLEDOVERFROMITEM_ID, SKUVENDOR_ID, TECHNICIANSPLIT3, DESCRIPTION, STATUS]
Column names for Curated Table --> DIM_PURCHASEORDERITEM :: [CREATEDBY_ID, DESCRIPTION, EQUIPMENTVENDOR_ID, EQUIPMENT_ID, MATERIALVENDOR_ID, RECORD_UPDATE_DATE, TECHNICIANFORBASERATE1_ID, MODIFIEDON, UNITOFMEASURE_ID, USEDMATERIAL_ID, TECHNICIANSPLIT2, CHARGEABLEITEM_ID, COST, QUANTITY, TECHNICIANFORBASERATE3_ID, INVENTORYLOCATION_ID, IMPORTID, REQUISITIONITEM_ID, TENANT_TYPE, VENDORPARTNUMBER, SKU_ID, CREATEDON, ID, SKUREFERENCE_SKUTYPE, MARKUP, PROJECTLABELS, PURCHASEORDER_ID, SERIALNUMBER, SKUVENDOR_ID, TECHNICIANSPLIT3, ROLLOVERQUANTITY, STATUS, BUSINESSUNIT_ID, ISINVENTORY, RECORD_CREATE_DATE, ROLLEDOVERFROMITEM_ID, TECHNICIANSPLIT1, SKUREFERENCE_SKUID, ACTIVE, MATERIAL_ID, RECORD_UPDATED_BY, TECHNICIANFORBASERATE2_ID]
Column Name found in Datamart and Curated Table :: EQUIPMENT_ID
Column Name found in Datamart and Curated Table :: MARKUP
Column Name found in Datamart and Curated Table :: MODIFIEDON
Column Name found in Datamart and Curated Table :: ROLLEDOVERFROMITEM_ID
Column Name found in Datamart and Curated Table :: UNITOFMEASURE_ID
Column Name found in Datamart and Curated Table :: ACTIVE
Column Name found in Datamart and Curated Table :: ID
Column Name found in Datamart and Curated Table :: IMPORTID
Column Name found in Datamart and Curated Table :: PURCHASEORDER_ID
Column Name found in Datamart and Curated Table :: SKUREFERENCE_SKUTYPE
Column Name found in Datamart and Curated Table :: BUSINESSUNIT_ID
Column Name found in Datamart and Curated Table :: ISINVENTORY
Column Name found in Datamart and Curated Table :: VENDORPARTNUMBER
Column Name found in Datamart and Curated Table :: COST
Column Name found in Datamart and Curated Table :: MATERIALVENDOR_ID
Column Name found in Datamart and Curated Table :: SERIALNUMBER
Column Name found in Datamart and Curated Table :: CREATEDON
Column Name found in Datamart and Curated Table :: DESCRIPTION
Column Name found in Datamart and Curated Table :: EQUIPMENTVENDOR_ID
Column Name found in Datamart and Curated Table :: REQUISITIONITEM_ID
Column Name found in Datamart and Curated Table :: TECHNICIANFORBASERATE2_ID
Column Name found in Datamart and Curated Table :: TECHNICIANSPLIT1
Column Name found in Datamart and Curated Table :: TECHNICIANFORBASERATE3_ID
Column Name found in Datamart and Curated Table :: STATUS
Column Name found in Datamart and Curated Table :: CREATEDBY_ID
Column Name found in Datamart and Curated Table :: TECHNICIANFORBASERATE1_ID
Column Name found in Datamart and Curated Table :: MATERIAL_ID
Column Name found in Datamart and Curated Table :: TECHNICIANSPLIT3
Column Name found in Datamart and Curated Table :: CHARGEABLEITEM_ID
Column Name found in Datamart and Curated Table :: INVENTORYLOCATION_ID
Column Name found in Datamart and Curated Table :: QUANTITY
Column Name found in Datamart and Curated Table :: ROLLOVERQUANTITY
Column Name found in Datamart and Curated Table :: SKUVENDOR_ID
Column Name found in Datamart and Curated Table :: PROJECTLABELS
Column Name found in Datamart and Curated Table :: SKUREFERENCE_SKUID
Column Name found in Datamart and Curated Table :: TECHNICIANSPLIT2
Column Name found in Datamart and Curated Table :: USEDMATERIAL_ID
Column Name found in Datamart and Curated Table :: SKU_ID
Column Name found in Datamart and Curated Table :: TENANT_TYPE
Datamart tables contains additional column name like [ACTIVE_FLAG, RECORD_CREATE_DATE, RECORD_UPDATE_DATE, MASTER_ID]
Curated tables contains additional column name like [RECORD_CREATE_DATE, RECORD_UPDATE_DATE, RECORD_UPDATED_BY]]]>
  </system-out>
  <testcase classname="testcases.RAW_DATAMART_CURATED.SnowFlake_ColumnValidation_APITables" name="validateColumnName_BKP" time="6.545"/>
  <system-out>
    <![CDATA[Executing Snowflake query :: SELECT COLUMN_NAME FROM DEV_ENT_RAW.INFORMATION_SCHEMA.COLUMNS WHERE TABLE_NAME='ST_API_CALLREASON'and TABLE_SCHEMA='API_MAT'
Executing Snowflake query :: SELECT COLUMN_NAME FROM CURATED_DATAMART.INFORMATION_SCHEMA.COLUMNS WHERE TABLE_NAME='STR_API_CALLREASON'and TABLE_SCHEMA='ST_API_HUTCHINSON'
Executing Snowflake query :: SELECT COLUMN_NAME FROM DEV_ENT_CURATED.INFORMATION_SCHEMA.COLUMNS WHERE TABLE_NAME='DIM_CALLREASON'and TABLE_SCHEMA='MASTER_DIMENSIONS'
Column names for RAW Table --> ST_API_CALLREASON :: [CREATEDBY_ID, CREATEDON, ID, IMPORTID, ACTIVE, LEAD, MODIFIEDON, NAME, TENANT_TYPE]
Column names for DataMart Table --> STR_API_CALLREASON :: [CREATEDON, MASTER_ID, MODIFIEDON, CREATEDBY_ID, IMPORTID, RECORD_UPDATE_DATE, ACTIVE, ID, TENANT_TYPE, LEAD, ACTIVE_FLAG, NAME, RECORD_CREATE_DATE]
Column names for Curated Table --> DIM_CALLREASON :: [CREATEDBY_ID, RECORD_CREATE_DATE, MODIFIEDON, LEAD, RECORD_UPDATED_BY, ACTIVE, ID, CREATEDON, IMPORTID, NAME, TENANT_TYPE, RECORD_UPDATE_DATE]
Column Name found in Datamart and Curated Table :: CREATEDBY_ID
Column Name found in Datamart and Curated Table :: CREATEDON
Column Name found in Datamart and Curated Table :: ID
Column Name found in Datamart and Curated Table :: IMPORTID
Column Name found in Datamart and Curated Table :: ACTIVE
Column Name found in Datamart and Curated Table :: LEAD
Column Name found in Datamart and Curated Table :: MODIFIEDON
Column Name found in Datamart and Curated Table :: NAME
Column Name found in Datamart and Curated Table :: TENANT_TYPE
Datamart tables contains additional column name like [ACTIVE_FLAG, RECORD_CREATE_DATE, RECORD_UPDATE_DATE, MASTER_ID]
Curated tables contains additional column name like [RECORD_CREATE_DATE, RECORD_UPDATE_DATE, RECORD_UPDATED_BY]]]>
  </system-out>
  <testcase classname="testcases.RAW_DATAMART_CURATED.SnowFlake_ColumnValidation_APITables" name="validateColumnName_BKP" time="2.078"/>
  <system-out>
    <![CDATA[Executing Snowflake query :: SELECT COLUMN_NAME FROM DEV_ENT_RAW.INFORMATION_SCHEMA.COLUMNS WHERE TABLE_NAME='ST_API_ESTIMATE'and TABLE_SCHEMA='API_MAT'
Executing Snowflake query :: SELECT COLUMN_NAME FROM CURATED_DATAMART.INFORMATION_SCHEMA.COLUMNS WHERE TABLE_NAME='STR_API_ESTIMATE'and TABLE_SCHEMA='ST_API_EANESHEATING'
Executing Snowflake query :: SELECT COLUMN_NAME FROM DEV_ENT_CURATED.INFORMATION_SCHEMA.COLUMNS WHERE TABLE_NAME='DIM_ESTIMATE'and TABLE_SCHEMA='MASTER_DIMENSIONS'
Column names for RAW Table --> ST_API_ESTIMATE :: [BUSINESSUNIT_ID, JOB_ID, MATERIALTAX, PROJECTLABELS, STATUS, PROPOSALTAGCOLOR, CLAIM_ID, ISCHANGEORDER, MATERIALSKUREFERENCE_SKUID, MODIFIEDON, SUMMARY, TECHNICIANPICKEDSOLDTYPE, ISRECOMMENDED, PROPOSALTAGNAME, CREATEDBY_ID, TAX, AUTHORIZEDON, ORDER, OPPORTUNITY_ID, FEETOTAL, IMPORTID, LABORTAX, SOLDBY_ID, SOLDINVOICE_ID, AUTHORIZATIONSIGNATURE, LOCATION_ID, PROCUREMENTTYPE, SOLDBYEMPLOYEE_ID, DISCOUNTTOTAL, TECHNICIANSIGNATURE, ACTIVE, MATERIALSKU_ID, MATERIALSKUREFERENCE_SKUTYPE, RENEWABLEMEMBERSHIP_ID, NAME, SOLDON, TOTALCOST, CREATEDON, TOTAL, ID, SOLDTYPE, PROJECTOPPORTUNITY_ID, TENANT_TYPE]
Column names for DataMart Table --> STR_API_ESTIMATE :: [AUTHORIZATIONSIGNATURE, AUTHORIZEDON, NAME, PROPOSALTAGNAME, TENANT_TYPE, RENEWABLEMEMBERSHIP_ID, SOLDBY_ID, SUMMARY, MATERIALSKU_ID, LABORTAX, MATERIALTAX, DISCOUNTTOTAL, IMPORTID, LOCATION_ID, MATERIALSKUREFERENCE_SKUTYPE, ORDER, CREATEDON, MODIFIEDON, ACTIVE_FLAG, MASTER_ID, OPPORTUNITY_ID, SOLDON, PROPOSALTAGCOLOR, SOLDBYEMPLOYEE_ID, ACTIVE, ID, ISCHANGEORDER, SOLDTYPE, STATUS, TECHNICIANPICKEDSOLDTYPE, RECORD_CREATE_DATE, FEETOTAL, PROCUREMENTTYPE, SOLDINVOICE_ID, TOTALCOST, CLAIM_ID, RECORD_UPDATE_DATE, CREATEDBY_ID, PROJECTOPPORTUNITY_ID, TAX, BUSINESSUNIT_ID, ISRECOMMENDED, JOB_ID, MATERIALSKUREFERENCE_SKUID, PROJECTLABELS, TECHNICIANSIGNATURE, TOTAL]
Column names for Curated Table --> DIM_ESTIMATE :: [CREATEDON, DISCOUNTTOTAL, LOCATION_ID, OPPORTUNITY_ID, PROPOSALTAGCOLOR, PROPOSALTAGNAME, SOLDINVOICE_ID, TENANT_TYPE, RECORD_UPDATED_BY, TOTALCOST, ISCHANGEORDER, NAME, BUSINESSUNIT_ID, FEETOTAL, MATERIALSKUREFERENCE_SKUTYPE, ISRECOMMENDED, ORDER, STATUS, TOTAL, SOLDTYPE, AUTHORIZEDON, CREATEDBY_ID, LABORTAX, PROCUREMENTTYPE, SOLDBYEMPLOYEE_ID, SOLDBY_ID, IMPORTID, MATERIALSKU_ID, TAX, TECHNICIANPICKEDSOLDTYPE, RENEWABLEMEMBERSHIP_ID, TECHNICIANSIGNATURE, MODIFIEDON, CLAIM_ID, ID, MATERIALSKUREFERENCE_SKUID, SOLDON, PROJECTLABELS, JOB_ID, ACTIVE, AUTHORIZATIONSIGNATURE, MATERIALTAX, PROJECTOPPORTUNITY_ID, RECORD_CREATE_DATE, SUMMARY, RECORD_UPDATE_DATE]
Column Name found in Datamart and Curated Table :: BUSINESSUNIT_ID
Column Name found in Datamart and Curated Table :: JOB_ID
Column Name found in Datamart and Curated Table :: MATERIALTAX
Column Name found in Datamart and Curated Table :: PROJECTLABELS
Column Name found in Datamart and Curated Table :: STATUS
Column Name found in Datamart and Curated Table :: PROPOSALTAGCOLOR
Column Name found in Datamart and Curated Table :: CLAIM_ID
Column Name found in Datamart and Curated Table :: ISCHANGEORDER
Column Name found in Datamart and Curated Table :: MATERIALSKUREFERENCE_SKUID
Column Name found in Datamart and Curated Table :: MODIFIEDON
Column Name found in Datamart and Curated Table :: SUMMARY
Column Name found in Datamart and Curated Table :: TECHNICIANPICKEDSOLDTYPE
Column Name found in Datamart and Curated Table :: ISRECOMMENDED
Column Name found in Datamart and Curated Table :: PROPOSALTAGNAME
Column Name found in Datamart and Curated Table :: CREATEDBY_ID
Column Name found in Datamart and Curated Table :: TAX
Column Name found in Datamart and Curated Table :: AUTHORIZEDON
Column Name found in Datamart and Curated Table :: ORDER
Column Name found in Datamart and Curated Table :: OPPORTUNITY_ID
Column Name found in Datamart and Curated Table :: FEETOTAL
Column Name found in Datamart and Curated Table :: IMPORTID
Column Name found in Datamart and Curated Table :: LABORTAX
Column Name found in Datamart and Curated Table :: SOLDBY_ID
Column Name found in Datamart and Curated Table :: SOLDINVOICE_ID
Column Name found in Datamart and Curated Table :: AUTHORIZATIONSIGNATURE
Column Name found in Datamart and Curated Table :: LOCATION_ID
Column Name found in Datamart and Curated Table :: PROCUREMENTTYPE
Column Name found in Datamart and Curated Table :: SOLDBYEMPLOYEE_ID
Column Name found in Datamart and Curated Table :: DISCOUNTTOTAL
Column Name found in Datamart and Curated Table :: TECHNICIANSIGNATURE
Column Name found in Datamart and Curated Table :: ACTIVE
Column Name found in Datamart and Curated Table :: MATERIALSKU_ID
Column Name found in Datamart and Curated Table :: MATERIALSKUREFERENCE_SKUTYPE
Column Name found in Datamart and Curated Table :: RENEWABLEMEMBERSHIP_ID
Column Name found in Datamart and Curated Table :: NAME
Column Name found in Datamart and Curated Table :: SOLDON
Column Name found in Datamart and Curated Table :: TOTALCOST
Column Name found in Datamart and Curated Table :: CREATEDON
Column Name found in Datamart and Curated Table :: TOTAL
Column Name found in Datamart and Curated Table :: ID
Column Name found in Datamart and Curated Table :: SOLDTYPE
Column Name found in Datamart and Curated Table :: PROJECTOPPORTUNITY_ID
Column Name found in Datamart and Curated Table :: TENANT_TYPE
Datamart tables contains additional column name like [ACTIVE_FLAG, RECORD_CREATE_DATE, RECORD_UPDATE_DATE, MASTER_ID]
Curated tables contains additional column name like [RECORD_CREATE_DATE, RECORD_UPDATE_DATE, RECORD_UPDATED_BY]]]>
  </system-out>
  <testcase classname="testcases.RAW_DATAMART_CURATED.SnowFlake_ColumnValidation_APITables" name="validateColumnName_BKP" time="2.754"/>
  <system-out>
    <![CDATA[Executing Snowflake query :: SELECT COLUMN_NAME FROM DEV_ENT_RAW.INFORMATION_SCHEMA.COLUMNS WHERE TABLE_NAME='ST_API_MATERIAL'and TABLE_SCHEMA='API_MAT'
Executing Snowflake query :: SELECT COLUMN_NAME FROM CURATED_DATAMART.INFORMATION_SCHEMA.COLUMNS WHERE TABLE_NAME='STR_API_MATERIAL'and TABLE_SCHEMA='ST_API_FOURPROS'
Executing Snowflake query :: SELECT COLUMN_NAME FROM DEV_ENT_CURATED.INFORMATION_SCHEMA.COLUMNS WHERE TABLE_NAME='DIM_MATERIAL'and TABLE_SCHEMA='MASTER_DIMENSIONS'
Column names for RAW Table --> ST_API_MATERIAL :: [CATEGORY_ID, COSTOFSALEACCOUNT_ID, DISPLAYINAMOUNT, SOLDBYCOMMISSION, ARCHIVED, AVALARACOMMERCIALTAXCODE, BONUS, COMMISSIONBONUS, EXCLUDEFROMPRICEBOOKWIZARD, INVENTORYENABLEDON, PURCHASEORDERLIMITS_FLATAMOUNT, LOYALTYPROGRAMELIGIBLE, ACCOUNT, BUSINESSUNIT_ID, CREATEDON, NOTAX, ORIGINAL_ID, PROVIDER_ID, SERIALIZEDON, UNITOFMEASURE, IMPORTID, DISPLAYNAME, ASSETACCOUNT_ID, COPIEDFROM_ID, ISSERIALIZED, PAYSFLATAMOUNT, PRICE, GENERALLEDGERACCOUNT_ID, ID, ISINVENTORY, ACTIVE, AVALARARESIDENTIALTAXCODE, EXTERNALID, IMAGES, PRIMARYVENDOR_ID, TAXABLE, USEFIXEDMATERIALPRICE, DEDUCTASJOBCOST, SOURCEVERSION, SYNCDATE, MODIFIEDON, ADDONMEMBERPRICE, COST, NAME, PAYSCOMMISSION, PAYSSOLDBYRATE, DESCRIPTION, HOURS, SCHEDULEDFLATAMOUNT, SOURCE, ADDONFLATAMOUNT, ADDONPRICE, AUTOGLASSTYPE, CROSSSALEGROUP, PAYTECHSPECIFICBONUS, PURCHASEORDERLIMITS_REVENUEPERCENT, SUPPLIERIMAGES, CREATEDBY_ID, MEMBERPRICE, INVENTORYENABLEDBY_ID, TENANT_TYPE]
Column names for DataMart Table --> STR_API_MATERIAL :: [ACTIVE, ASSETACCOUNT_ID, RECORD_CREATE_DATE, DEDUCTASJOBCOST, IMAGES, CREATEDBY_ID, ACCOUNT, INVENTORYENABLEDBY_ID, NAME, SOURCEVERSION, ACTIVE_FLAG, BUSINESSUNIT_ID, ISSERIALIZED, PRICE, ID, INVENTORYENABLEDON, SOLDBYCOMMISSION, PRIMARYVENDOR_ID, ADDONPRICE, ARCHIVED, COST, GENERALLEDGERACCOUNT_ID, MASTER_ID, PAYSFLATAMOUNT, RECORD_UPDATE_DATE, SYNCDATE, CREATEDON, TAXABLE, SOURCE, PAYSCOMMISSION, ADDONMEMBERPRICE, IMPORTID, MEMBERPRICE, ORIGINAL_ID, PROVIDER_ID, TENANT_TYPE, COPIEDFROM_ID, PAYSSOLDBYRATE, UNITOFMEASURE, CATEGORY_ID, COMMISSIONBONUS, COSTOFSALEACCOUNT_ID, CROSSSALEGROUP, MODIFIEDON, NOTAX, SERIALIZEDON, PAYTECHSPECIFICBONUS, PURCHASEORDERLIMITS_FLATAMOUNT, SUPPLIERIMAGES, EXTERNALID, AUTOGLASSTYPE, DISPLAYINAMOUNT, DISPLAYNAME, ISINVENTORY, PURCHASEORDERLIMITS_REVENUEPERCENT, SCHEDULEDFLATAMOUNT, ADDONFLATAMOUNT, AVALARARESIDENTIALTAXCODE, BONUS, DESCRIPTION, EXCLUDEFROMPRICEBOOKWIZARD, AVALARACOMMERCIALTAXCODE, HOURS, LOYALTYPROGRAMELIGIBLE, USEFIXEDMATERIALPRICE]
Column names for Curated Table --> DIM_MATERIAL :: [BUSINESSUNIT_ID, DEDUCTASJOBCOST, HOURS, MEMBERPRICE, MODIFIEDON, SCHEDULEDFLATAMOUNT, ARCHIVED, BONUS, COST, EXCLUDEFROMPRICEBOOKWIZARD, INVENTORYENABLEDON, SOURCE, ID, RECORD_UPDATED_BY, RECORD_UPDATE_DATE, ADDONPRICE, ASSETACCOUNT_ID, AVALARARESIDENTIALTAXCODE, DESCRIPTION, IMPORTID, ISSERIALIZED, PAYSSOLDBYRATE, ISINVENTORY, NOTAX, CREATEDBY_ID, PRIMARYVENDOR_ID, SERIALIZEDON, GENERALLEDGERACCOUNT_ID, RECORD_CREATE_DATE, CROSSSALEGROUP, SOLDBYCOMMISSION, ACTIVE, CATEGORY_ID, EXTERNALID, NAME, USEFIXEDMATERIALPRICE, INVENTORYENABLEDBY_ID, PAYTECHSPECIFICBONUS, PROVIDER_ID, PURCHASEORDERLIMITS_REVENUEPERCENT, SUPPLIERIMAGES, ACCOUNT, ADDONFLATAMOUNT, COMMISSIONBONUS, CREATEDON, PAYSCOMMISSION, DISPLAYINAMOUNT, SOURCEVERSION, COSTOFSALEACCOUNT_ID, DISPLAYNAME, IMAGES, ORIGINAL_ID, TAXABLE, COPIEDFROM_ID, UNITOFMEASURE, ADDONMEMBERPRICE, AUTOGLASSTYPE, AVALARACOMMERCIALTAXCODE, LOYALTYPROGRAMELIGIBLE, PRICE, PURCHASEORDERLIMITS_FLATAMOUNT, SYNCDATE, TENANT_TYPE, PAYSFLATAMOUNT]
Column Name found in Datamart and Curated Table :: CATEGORY_ID
Column Name found in Datamart and Curated Table :: COSTOFSALEACCOUNT_ID
Column Name found in Datamart and Curated Table :: DISPLAYINAMOUNT
Column Name found in Datamart and Curated Table :: SOLDBYCOMMISSION
Column Name found in Datamart and Curated Table :: ARCHIVED
Column Name found in Datamart and Curated Table :: AVALARACOMMERCIALTAXCODE
Column Name found in Datamart and Curated Table :: BONUS
Column Name found in Datamart and Curated Table :: COMMISSIONBONUS
Column Name found in Datamart and Curated Table :: EXCLUDEFROMPRICEBOOKWIZARD
Column Name found in Datamart and Curated Table :: INVENTORYENABLEDON
Column Name found in Datamart and Curated Table :: PURCHASEORDERLIMITS_FLATAMOUNT
Column Name found in Datamart and Curated Table :: LOYALTYPROGRAMELIGIBLE
Column Name found in Datamart and Curated Table :: ACCOUNT
Column Name found in Datamart and Curated Table :: BUSINESSUNIT_ID
Column Name found in Datamart and Curated Table :: CREATEDON
Column Name found in Datamart and Curated Table :: NOTAX
Column Name found in Datamart and Curated Table :: ORIGINAL_ID
Column Name found in Datamart and Curated Table :: PROVIDER_ID
Column Name found in Datamart and Curated Table :: SERIALIZEDON
Column Name found in Datamart and Curated Table :: UNITOFMEASURE
Column Name found in Datamart and Curated Table :: IMPORTID
Column Name found in Datamart and Curated Table :: DISPLAYNAME
Column Name found in Datamart and Curated Table :: ASSETACCOUNT_ID
Column Name found in Datamart and Curated Table :: COPIEDFROM_ID
Column Name found in Datamart and Curated Table :: ISSERIALIZED
Column Name found in Datamart and Curated Table :: PAYSFLATAMOUNT
Column Name found in Datamart and Curated Table :: PRICE
Column Name found in Datamart and Curated Table :: GENERALLEDGERACCOUNT_ID
Column Name found in Datamart and Curated Table :: ID
Column Name found in Datamart and Curated Table :: ISINVENTORY
Column Name found in Datamart and Curated Table :: ACTIVE
Column Name found in Datamart and Curated Table :: AVALARARESIDENTIALTAXCODE
Column Name found in Datamart and Curated Table :: EXTERNALID
Column Name found in Datamart and Curated Table :: IMAGES
Column Name found in Datamart and Curated Table :: PRIMARYVENDOR_ID
Column Name found in Datamart and Curated Table :: TAXABLE
Column Name found in Datamart and Curated Table :: USEFIXEDMATERIALPRICE
Column Name found in Datamart and Curated Table :: DEDUCTASJOBCOST
Column Name found in Datamart and Curated Table :: SOURCEVERSION
Column Name found in Datamart and Curated Table :: SYNCDATE
Column Name found in Datamart and Curated Table :: MODIFIEDON
Column Name found in Datamart and Curated Table :: ADDONMEMBERPRICE
Column Name found in Datamart and Curated Table :: COST
Column Name found in Datamart and Curated Table :: NAME
Column Name found in Datamart and Curated Table :: PAYSCOMMISSION
Column Name found in Datamart and Curated Table :: PAYSSOLDBYRATE
Column Name found in Datamart and Curated Table :: DESCRIPTION
Column Name found in Datamart and Curated Table :: HOURS
Column Name found in Datamart and Curated Table :: SCHEDULEDFLATAMOUNT
Column Name found in Datamart and Curated Table :: SOURCE
Column Name found in Datamart and Curated Table :: ADDONFLATAMOUNT
Column Name found in Datamart and Curated Table :: ADDONPRICE
Column Name found in Datamart and Curated Table :: AUTOGLASSTYPE
Column Name found in Datamart and Curated Table :: CROSSSALEGROUP
Column Name found in Datamart and Curated Table :: PAYTECHSPECIFICBONUS
Column Name found in Datamart and Curated Table :: PURCHASEORDERLIMITS_REVENUEPERCENT
Column Name found in Datamart and Curated Table :: SUPPLIERIMAGES
Column Name found in Datamart and Curated Table :: CREATEDBY_ID
Column Name found in Datamart and Curated Table :: MEMBERPRICE
Column Name found in Datamart and Curated Table :: INVENTORYENABLEDBY_ID
Column Name found in Datamart and Curated Table :: TENANT_TYPE
Datamart tables contains additional column name like [ACTIVE_FLAG, RECORD_CREATE_DATE, RECORD_UPDATE_DATE, MASTER_ID]
Curated tables contains additional column name like [RECORD_CREATE_DATE, RECORD_UPDATE_DATE, RECORD_UPDATED_BY]]]>
  </system-out>
  <testcase classname="testcases.RAW_DATAMART_CURATED.SnowFlake_ColumnValidation_APITables" name="validateColumnName_BKP" time="2.258"/>
  <system-out>
    <![CDATA[Executing Snowflake query :: SELECT COLUMN_NAME FROM DEV_ENT_RAW.INFORMATION_SCHEMA.COLUMNS WHERE TABLE_NAME='ST_API_LOCATION'and TABLE_SCHEMA='API_MAT'
Executing Snowflake query :: SELECT COLUMN_NAME FROM CURATED_DATAMART.INFORMATION_SCHEMA.COLUMNS WHERE TABLE_NAME='STR_API_LOCATION'and TABLE_SCHEMA='ST_API_GOLDMEDAL'
Executing Snowflake query :: SELECT COLUMN_NAME FROM DEV_ENT_CURATED.INFORMATION_SCHEMA.COLUMNS WHERE TABLE_NAME='DIM_LOCATION'and TABLE_SCHEMA='MASTER_DIMENSIONS'
Column names for RAW Table --> ST_API_LOCATION :: [ADDRESS_ISMANUALCOORDINATES, ADDRESS_LATITUDE, CREATEDON, RECURRINGSERVICE_RECURRENCEINTERVAL, ADDRESS_ISMILITARY, ADDRESS_STATE, CUSTOMER_ID, IMPORTID, AUTOLONGITUDE, TAXABLE, RECURRINGSERVICE_TYPE, ACTIVE, ADDRESS_COUNTRY, ADDRESS_UNIT, AVALARAENTITYCODE, ESTIMATEDTAX, ID, TAXEXEMPT, ISPREVAILINGWAGE, RECURRINGSERVICE_ACTIVATEDFROM, ADDRESS_ZIP, PREFERREDTECHNICIAN_ID, RECURRINGSERVICE_FROM, SUMMARY, RECURRINGSERVICE_MEMO, ADDRESS_CITY, AUTOLATITUDE, ZONE_ID, DONOTSENDTECHNICIAN_ID, ADDRESS_LONGITUDE, MODIFIEDON, NAME, NOCHARGE, RECURRINGSERVICE_CANCELLATIONDATE, TAXZONE_ID, ADDRESS_STREET, CREATEDBY_ID, RECURRINGSERVICE_TO, RECURRINGSERVICE_ACTIVATEDBY, TENANT_TYPE]
Column names for DataMart Table --> STR_API_LOCATION :: [ADDRESS_STATE, ADDRESS_ZIP, AVALARAENTITYCODE, ADDRESS_STREET, DONOTSENDTECHNICIAN_ID, RECORD_UPDATE_DATE, ACTIVE, ESTIMATEDTAX, NAME, RECURRINGSERVICE_FROM, RECURRINGSERVICE_TYPE, RECURRINGSERVICE_CANCELLATIONDATE, ADDRESS_ISMANUALCOORDINATES, CREATEDON, CUSTOMER_ID, MASTER_ID, MODIFIEDON, TAXZONE_ID, ADDRESS_ISMILITARY, ADDRESS_LONGITUDE, AUTOLATITUDE, RECURRINGSERVICE_MEMO, RECURRINGSERVICE_RECURRENCEINTERVAL, RECURRINGSERVICE_TO, SUMMARY, ID, ACTIVE_FLAG, ADDRESS_UNIT, CREATEDBY_ID, IMPORTID, ISPREVAILINGWAGE, RECURRINGSERVICE_ACTIVATEDBY, TAXEXEMPT, AUTOLONGITUDE, NOCHARGE, RECORD_CREATE_DATE, TAXABLE, TENANT_TYPE, ADDRESS_CITY, ADDRESS_COUNTRY, ADDRESS_LATITUDE, RECURRINGSERVICE_ACTIVATEDFROM, ZONE_ID, PREFERREDTECHNICIAN_ID]
Column names for Curated Table --> DIM_LOCATION :: [ADDRESS_UNIT, AUTOLONGITUDE, RECURRINGSERVICE_ACTIVATEDFROM, RECURRINGSERVICE_TO, TAXABLE, ADDRESS_CITY, ADDRESS_LATITUDE, IMPORTID, NAME, RECURRINGSERVICE_MEMO, ADDRESS_LONGITUDE, ADDRESS_STATE, ADDRESS_STREET, DONOTSENDTECHNICIAN_ID, MODIFIEDON, TAXZONE_ID, ADDRESS_ISMANUALCOORDINATES, ESTIMATEDTAX, ISPREVAILINGWAGE, RECURRINGSERVICE_ACTIVATEDBY, AUTOLATITUDE, RECORD_UPDATED_BY, RECORD_UPDATE_DATE, SUMMARY, CUSTOMER_ID, ZONE_ID, TENANT_TYPE, ADDRESS_COUNTRY, ADDRESS_ZIP, NOCHARGE, RECURRINGSERVICE_FROM, RECURRINGSERVICE_RECURRENCEINTERVAL, CREATEDON, RECORD_CREATE_DATE, AVALARAENTITYCODE, RECURRINGSERVICE_CANCELLATIONDATE, RECURRINGSERVICE_TYPE, PREFERREDTECHNICIAN_ID, ACTIVE, ADDRESS_ISMILITARY, CREATEDBY_ID, ID, TAXEXEMPT]
Column Name found in Datamart and Curated Table :: ADDRESS_ISMANUALCOORDINATES
Column Name found in Datamart and Curated Table :: ADDRESS_LATITUDE
Column Name found in Datamart and Curated Table :: CREATEDON
Column Name found in Datamart and Curated Table :: RECURRINGSERVICE_RECURRENCEINTERVAL
Column Name found in Datamart and Curated Table :: ADDRESS_ISMILITARY
Column Name found in Datamart and Curated Table :: ADDRESS_STATE
Column Name found in Datamart and Curated Table :: CUSTOMER_ID
Column Name found in Datamart and Curated Table :: IMPORTID
Column Name found in Datamart and Curated Table :: AUTOLONGITUDE
Column Name found in Datamart and Curated Table :: TAXABLE
Column Name found in Datamart and Curated Table :: RECURRINGSERVICE_TYPE
Column Name found in Datamart and Curated Table :: ACTIVE
Column Name found in Datamart and Curated Table :: ADDRESS_COUNTRY
Column Name found in Datamart and Curated Table :: ADDRESS_UNIT
Column Name found in Datamart and Curated Table :: AVALARAENTITYCODE
Column Name found in Datamart and Curated Table :: ESTIMATEDTAX
Column Name found in Datamart and Curated Table :: ID
Column Name found in Datamart and Curated Table :: TAXEXEMPT
Column Name found in Datamart and Curated Table :: ISPREVAILINGWAGE
Column Name found in Datamart and Curated Table :: RECURRINGSERVICE_ACTIVATEDFROM
Column Name found in Datamart and Curated Table :: ADDRESS_ZIP
Column Name found in Datamart and Curated Table :: PREFERREDTECHNICIAN_ID
Column Name found in Datamart and Curated Table :: RECURRINGSERVICE_FROM
Column Name found in Datamart and Curated Table :: SUMMARY
Column Name found in Datamart and Curated Table :: RECURRINGSERVICE_MEMO
Column Name found in Datamart and Curated Table :: ADDRESS_CITY
Column Name found in Datamart and Curated Table :: AUTOLATITUDE
Column Name found in Datamart and Curated Table :: ZONE_ID
Column Name found in Datamart and Curated Table :: DONOTSENDTECHNICIAN_ID
Column Name found in Datamart and Curated Table :: ADDRESS_LONGITUDE
Column Name found in Datamart and Curated Table :: MODIFIEDON
Column Name found in Datamart and Curated Table :: NAME
Column Name found in Datamart and Curated Table :: NOCHARGE
Column Name found in Datamart and Curated Table :: RECURRINGSERVICE_CANCELLATIONDATE
Column Name found in Datamart and Curated Table :: TAXZONE_ID
Column Name found in Datamart and Curated Table :: ADDRESS_STREET
Column Name found in Datamart and Curated Table :: CREATEDBY_ID
Column Name found in Datamart and Curated Table :: RECURRINGSERVICE_TO
Column Name found in Datamart and Curated Table :: RECURRINGSERVICE_ACTIVATEDBY
Column Name found in Datamart and Curated Table :: TENANT_TYPE
Datamart tables contains additional column name like [ACTIVE_FLAG, RECORD_CREATE_DATE, RECORD_UPDATE_DATE, MASTER_ID]
Curated tables contains additional column name like [RECORD_CREATE_DATE, RECORD_UPDATE_DATE, RECORD_UPDATED_BY]]]>
  </system-out>
  <testcase classname="testcases.RAW_DATAMART_CURATED.SnowFlake_ColumnValidation_APITables" name="validateColumnName_BKP" time="2.445"/>
  <system-out>
    <![CDATA[Executing Snowflake query :: SELECT COLUMN_NAME FROM DEV_ENT_RAW.INFORMATION_SCHEMA.COLUMNS WHERE TABLE_NAME='ST_API_EMPLOYEE'and TABLE_SCHEMA='API_MAT'
Executing Snowflake query :: SELECT COLUMN_NAME FROM CURATED_DATAMART.INFORMATION_SCHEMA.COLUMNS WHERE TABLE_NAME='STR_API_EMPLOYEE'and TABLE_SCHEMA='ST_API_BILLFENWICK'
Executing Snowflake query :: SELECT COLUMN_NAME FROM DEV_ENT_CURATED.INFORMATION_SCHEMA.COLUMNS WHERE TABLE_NAME='DIM_EMPLOYEE'and TABLE_SCHEMA='MASTER_DIMENSIONS'
Column names for RAW Table --> ST_API_EMPLOYEE :: [HOME_ISMILITARY, HOME_STATE, HOME_UNIT, MANAGER_ID, MOBILEPHONE, PAYROLLID, PHONE, OVERTIMEMODE, PHOTO, PAYROLLBUSINESSUNIT_ID, ACTIVE, AGENTID, CLOCKINOUTREMINDER, EMAILCONFIRMED, FIRSTNAME, PAYFREQUENCY_ID, HOME_ZIP, NAME, HOME_LONGITUDE, HOME_LATITUDE, LASTNAME, SALESFORCEROLE, CREATEDON, USER_ID, IMPORTID, ID, SALESFORCECONTACTID, BIRTHDATE, CREATEDBY_ID, EMAIL, HOME_COUNTRY, HOME_STREET, HOURLYRATE, STARTDATE, MOBILEPHONECONFIRMED, PAYROLLSTARTPERIOD, PHONECONFIRMED, POSITION, HOME_CITY, ISEXTERNAL, HOME_ISMANUALCOORDINATES, MIDDLENAME, MODIFIEDON, OVERTIMEPROFILE_ID, TENANT_TYPE]
Column names for DataMart Table --> STR_API_EMPLOYEE :: [HOME_ISMILITARY, MIDDLENAME, HOME_LONGITUDE, HOME_ZIP, ID, MASTER_ID, PHONE, MANAGER_ID, PHOTO, AGENTID, CREATEDON, EMAIL, FIRSTNAME, STARTDATE, TENANT_TYPE, HOME_COUNTRY, PAYROLLID, HOME_CITY, RECORD_UPDATE_DATE, USER_ID, IMPORTID, LASTNAME, PAYROLLBUSINESSUNIT_ID, PAYROLLSTARTPERIOD, RECORD_CREATE_DATE, EMAILCONFIRMED, HOME_LATITUDE, NAME, PAYFREQUENCY_ID, PHONECONFIRMED, MOBILEPHONE, ACTIVE, BIRTHDATE, HOME_STREET, HOME_UNIT, HOURLYRATE, MOBILEPHONECONFIRMED, SALESFORCEROLE, ACTIVE_FLAG, CREATEDBY_ID, ISEXCLUDEDFROMPAYROLL, POSITION, HOME_STATE, OVERTIMEPROFILE_ID, ISEXTERNAL, CLOCKINOUTREMINDER, HOME_ISMANUALCOORDINATES, MODIFIEDON, OVERTIMEMODE, SALESFORCECONTACTID]
Column names for Curated Table --> DIM_EMPLOYEE :: [CREATEDON, EMAIL, HOME_COUNTRY, HOME_ISMILITARY, PAYROLLID, PHONECONFIRMED, PAYROLLSTARTPERIOD, STARTDATE, PHONE, EMAILCONFIRMED, MOBILEPHONE, PAYFREQUENCY_ID, USER_ID, HOME_STATE, ISEXTERNAL, SALESFORCEROLE, CLOCKINOUTREMINDER, OVERTIMEMODE, ACTIVE, FIRSTNAME, HOURLYRATE, ISEXCLUDEDFROMPAYROLL, PAYROLLBUSINESSUNIT_ID, SALESFORCECONTACTID, AGENTID, CREATEDBY_ID, MANAGER_ID, HOME_ZIP, ID, IMPORTID, MODIFIEDON, PHOTO, RECORD_CREATE_DATE, BIRTHDATE, HOME_LATITUDE, HOME_STREET, POSITION, MOBILEPHONECONFIRMED, RECORD_UPDATED_BY, HOME_CITY, HOME_ISMANUALCOORDINATES, HOME_LONGITUDE, HOME_UNIT, LASTNAME, MIDDLENAME, TENANT_TYPE, NAME, RECORD_UPDATE_DATE, OVERTIMEPROFILE_ID]
Column Name found in Datamart and Curated Table :: HOME_ISMILITARY
Column Name found in Datamart and Curated Table :: HOME_STATE
Column Name found in Datamart and Curated Table :: HOME_UNIT
Column Name found in Datamart and Curated Table :: MANAGER_ID
Column Name found in Datamart and Curated Table :: MOBILEPHONE
Column Name found in Datamart and Curated Table :: PAYROLLID
Column Name found in Datamart and Curated Table :: PHONE
Column Name found in Datamart and Curated Table :: OVERTIMEMODE
Column Name found in Datamart and Curated Table :: PHOTO
Column Name found in Datamart and Curated Table :: PAYROLLBUSINESSUNIT_ID
Column Name found in Datamart and Curated Table :: ACTIVE
Column Name found in Datamart and Curated Table :: AGENTID
Column Name found in Datamart and Curated Table :: CLOCKINOUTREMINDER
Column Name found in Datamart and Curated Table :: EMAILCONFIRMED
Column Name found in Datamart and Curated Table :: FIRSTNAME
Column Name found in Datamart and Curated Table :: PAYFREQUENCY_ID
Column Name found in Datamart and Curated Table :: HOME_ZIP
Column Name found in Datamart and Curated Table :: NAME
Column Name found in Datamart and Curated Table :: HOME_LONGITUDE
Column Name found in Datamart and Curated Table :: HOME_LATITUDE
Column Name found in Datamart and Curated Table :: LASTNAME
Column Name found in Datamart and Curated Table :: SALESFORCEROLE
Column Name found in Datamart and Curated Table :: CREATEDON
Column Name found in Datamart and Curated Table :: USER_ID
Column Name found in Datamart and Curated Table :: IMPORTID
Column Name found in Datamart and Curated Table :: ID
Column Name found in Datamart and Curated Table :: SALESFORCECONTACTID
Column Name found in Datamart and Curated Table :: BIRTHDATE
Column Name found in Datamart and Curated Table :: CREATEDBY_ID
Column Name found in Datamart and Curated Table :: EMAIL
Column Name found in Datamart and Curated Table :: HOME_COUNTRY
Column Name found in Datamart and Curated Table :: HOME_STREET
Column Name found in Datamart and Curated Table :: HOURLYRATE
Column Name found in Datamart and Curated Table :: STARTDATE
Column Name found in Datamart and Curated Table :: MOBILEPHONECONFIRMED
Column Name found in Datamart and Curated Table :: PAYROLLSTARTPERIOD
Column Name found in Datamart and Curated Table :: PHONECONFIRMED
Column Name found in Datamart and Curated Table :: POSITION
Column Name found in Datamart and Curated Table :: HOME_CITY
Column Name found in Datamart and Curated Table :: ISEXTERNAL
Column Name found in Datamart and Curated Table :: HOME_ISMANUALCOORDINATES
Column Name found in Datamart and Curated Table :: MIDDLENAME
Column Name found in Datamart and Curated Table :: MODIFIEDON
Column Name found in Datamart and Curated Table :: OVERTIMEPROFILE_ID
Column Name found in Datamart and Curated Table :: TENANT_TYPE
Datamart tables contains additional column name like [ACTIVE_FLAG, RECORD_CREATE_DATE, RECORD_UPDATE_DATE, MASTER_ID]
Curated tables contains additional column name like [RECORD_CREATE_DATE, RECORD_UPDATE_DATE, RECORD_UPDATED_BY]]]>
  </system-out>
  <testcase classname="testcases.RAW_DATAMART_CURATED.SnowFlake_ColumnValidation_APITables" name="validateColumnName_BKP" time="2.355"/>
  <system-out>
    <![CDATA[Executing Snowflake query :: SELECT COLUMN_NAME FROM DEV_ENT_RAW.INFORMATION_SCHEMA.COLUMNS WHERE TABLE_NAME='ST_API_EQUIPMENT'and TABLE_SCHEMA='API_MAT'
Executing Snowflake query :: SELECT COLUMN_NAME FROM CURATED_DATAMART.INFORMATION_SCHEMA.COLUMNS WHERE TABLE_NAME='STR_API_EQUIPMENT'and TABLE_SCHEMA='ST_API_EANESHEATING'
Executing Snowflake query :: SELECT COLUMN_NAME FROM DEV_ENT_CURATED.INFORMATION_SCHEMA.COLUMNS WHERE TABLE_NAME='DIM_EQUIPMENT'and TABLE_SCHEMA='MASTER_DIMENSIONS'
Column names for RAW Table --> ST_API_EQUIPMENT :: [BUSINESSUNIT_ID, HOURS, IMPORTID, TAXABLE, MANUFACTURER, MODIFIEDON, NAME, PAYSSOLDBYRATE, PAYTECHSPECIFICBONUS, SCHEDULEDFLATAMOUNT, SOURCEVERSION, ACCOUNT, CREATEDBY_ID, SOURCE, WARRANTYRESERVE, BONUS, ADDONMEMBERPRICE, COST, ISSERIALIZED, MANUFACTURERWARRANTY_DESCRIPTION, EXCLUDEFROMPRICEBOOKWIZARD, ORIGINAL_ID, PRIMARYVENDOR_ID, ALLOWDISCOUNTS, COPIEDFROM_ID, CREATEDON, PAYSFLATAMOUNT, SERIALIZEDON, DISPLAYNAME, ACTIVE, ARCHIVED, AVALARACOMMERCIALTAXCODE, CROSSSALEGROUP, PAYSCOMMISSION, UNITOFMEASURE, DISPLAYINAMOUNT, EXTERNALID, ID, INVENTORYENABLEDON, SUPPLIERIMAGES, SYNCDATE, ADDONFLATAMOUNT, ISINVENTORY, TYPE_ID, SERVICEPROVIDERWARRANTY_DURATION, AVALARARESIDENTIALTAXCODE, COMMISSIONBONUS, IMAGES, MODEL, INVENTORYENABLEDBY_ID, PRICE, ADDONPRICE, ASSETACCOUNT_ID, CATEGORY_ID, GENERALLEDGERACCOUNT_ID, LOYALTYPROGRAMELIGIBLE, COSTOFSALEACCOUNT_ID, DESCRIPTION, MANUFACTURERWARRANTY_DURATION, PROVIDER_ID, SERVICEPROVIDERWARRANTY_DESCRIPTION, MEMBERPRICE, TENANT_TYPE]
Column names for DataMart Table --> STR_API_EQUIPMENT :: [ADDONPRICE, ARCHIVED, ASSETACCOUNT_ID, AVALARACOMMERCIALTAXCODE, AVALARARESIDENTIALTAXCODE, CATEGORY_ID, COPIEDFROM_ID, COST, ISSERIALIZED, TYPE_ID, ALLOWDISCOUNTS, DESCRIPTION, ID, INVENTORYENABLEDON, ACTIVE, ACTIVE_FLAG, BONUS, BRAND, CREATEDON, INVENTORYENABLEDBY_ID, MODEL, PAYSSOLDBYRATE, COSTOFSALEACCOUNT_ID, IMAGES, MODIFIEDON, NAME, RECORD_CREATE_DATE, SOURCEVERSION, WARRANTYRESERVE, SCHEDULEDFLATAMOUNT, TENANT_TYPE, CREATEDBY_ID, DISPLAYNAME, EXTERNALID, GENERALLEDGERACCOUNT_ID, MANUFACTURERWARRANTY_DURATION, PAYSCOMMISSION, HOURS, MASTER_ID, SYNCDATE, ADDONFLATAMOUNT, PAYSFLATAMOUNT, PROVIDER_ID, RECORD_UPDATE_DATE, LOYALTYPROGRAMELIGIBLE, SERVICEPROVIDERWARRANTY_DESCRIPTION, UNITOFMEASURE, ACCOUNT, BUSINESSUNIT_ID, CROSSSALEGROUP, DISPLAYINAMOUNT, ISINVENTORY, SERVICEPROVIDERWARRANTY_DURATION, TAXABLE, COMMISSIONBONUS, PAYTECHSPECIFICBONUS, PRICE, EXCLUDEFROMPRICEBOOKWIZARD, MEMBERPRICE, SUPPLIERIMAGES, ADDONMEMBERPRICE, IMPORTID, MANUFACTURER, MANUFACTURERWARRANTY_DESCRIPTION, ORIGINAL_ID, PRIMARYVENDOR_ID, SERIALIZEDON, SOURCE]
Column names for Curated Table --> DIM_EQUIPMENT :: [ASSETACCOUNT_ID, COMMISSIONBONUS, COSTOFSALEACCOUNT_ID, MODEL, SCHEDULEDFLATAMOUNT, COPIEDFROM_ID, ISSERIALIZED, PAYSFLATAMOUNT, PAYTECHSPECIFICBONUS, RECORD_CREATE_DATE, SERVICEPROVIDERWARRANTY_DURATION, ID, AVALARACOMMERCIALTAXCODE, BONUS, HOURS, LOYALTYPROGRAMELIGIBLE, SOURCE, SERIALIZEDON, ADDONPRICE, EXCLUDEFROMPRICEBOOKWIZARD, PAYSCOMMISSION, ISINVENTORY, MODIFIEDON, ACTIVE, ADDONMEMBERPRICE, CREATEDON, EXTERNALID, PRIMARYVENDOR_ID, BUSINESSUNIT_ID, NAME, PAYSSOLDBYRATE, SYNCDATE, AVALARARESIDENTIALTAXCODE, BRAND, CREATEDBY_ID, DISPLAYINAMOUNT, MANUFACTURERWARRANTY_DESCRIPTION, TENANT_TYPE, MANUFACTURER, PROVIDER_ID, SOURCEVERSION, RECORD_UPDATED_BY, ACCOUNT, ADDONFLATAMOUNT, COST, DISPLAYNAME, INVENTORYENABLEDBY_ID, TAXABLE, ARCHIVED, RECORD_UPDATE_DATE, DESCRIPTION, CATEGORY_ID, ALLOWDISCOUNTS, GENERALLEDGERACCOUNT_ID, INVENTORYENABLEDON, PRICE, TYPE_ID, SUPPLIERIMAGES, UNITOFMEASURE, CROSSSALEGROUP, IMAGES, IMPORTID, ORIGINAL_ID, SERVICEPROVIDERWARRANTY_DESCRIPTION, MEMBERPRICE, WARRANTYRESERVE, MANUFACTURERWARRANTY_DURATION]
Column Name found in Datamart and Curated Table :: BUSINESSUNIT_ID
Column Name found in Datamart and Curated Table :: HOURS
Column Name found in Datamart and Curated Table :: IMPORTID
Column Name found in Datamart and Curated Table :: TAXABLE
Column Name found in Datamart and Curated Table :: MANUFACTURER
Column Name found in Datamart and Curated Table :: MODIFIEDON
Column Name found in Datamart and Curated Table :: NAME
Column Name found in Datamart and Curated Table :: PAYSSOLDBYRATE
Column Name found in Datamart and Curated Table :: PAYTECHSPECIFICBONUS
Column Name found in Datamart and Curated Table :: SCHEDULEDFLATAMOUNT
Column Name found in Datamart and Curated Table :: SOURCEVERSION
Column Name found in Datamart and Curated Table :: ACCOUNT
Column Name found in Datamart and Curated Table :: CREATEDBY_ID
Column Name found in Datamart and Curated Table :: SOURCE
Column Name found in Datamart and Curated Table :: WARRANTYRESERVE
Column Name found in Datamart and Curated Table :: BONUS
Column Name found in Datamart and Curated Table :: ADDONMEMBERPRICE
Column Name found in Datamart and Curated Table :: COST
Column Name found in Datamart and Curated Table :: ISSERIALIZED
Column Name found in Datamart and Curated Table :: MANUFACTURERWARRANTY_DESCRIPTION
Column Name found in Datamart and Curated Table :: EXCLUDEFROMPRICEBOOKWIZARD
Column Name found in Datamart and Curated Table :: ORIGINAL_ID
Column Name found in Datamart and Curated Table :: PRIMARYVENDOR_ID
Column Name found in Datamart and Curated Table :: ALLOWDISCOUNTS
Column Name found in Datamart and Curated Table :: COPIEDFROM_ID
Column Name found in Datamart and Curated Table :: CREATEDON
Column Name found in Datamart and Curated Table :: PAYSFLATAMOUNT
Column Name found in Datamart and Curated Table :: SERIALIZEDON
Column Name found in Datamart and Curated Table :: DISPLAYNAME
Column Name found in Datamart and Curated Table :: ACTIVE
Column Name found in Datamart and Curated Table :: ARCHIVED
Column Name found in Datamart and Curated Table :: AVALARACOMMERCIALTAXCODE
Column Name found in Datamart and Curated Table :: CROSSSALEGROUP
Column Name found in Datamart and Curated Table :: PAYSCOMMISSION
Column Name found in Datamart and Curated Table :: UNITOFMEASURE
Column Name found in Datamart and Curated Table :: DISPLAYINAMOUNT
Column Name found in Datamart and Curated Table :: EXTERNALID
Column Name found in Datamart and Curated Table :: ID
Column Name found in Datamart and Curated Table :: INVENTORYENABLEDON
Column Name found in Datamart and Curated Table :: SUPPLIERIMAGES
Column Name found in Datamart and Curated Table :: SYNCDATE
Column Name found in Datamart and Curated Table :: ADDONFLATAMOUNT
Column Name found in Datamart and Curated Table :: ISINVENTORY
Column Name found in Datamart and Curated Table :: TYPE_ID
Column Name found in Datamart and Curated Table :: SERVICEPROVIDERWARRANTY_DURATION
Column Name found in Datamart and Curated Table :: AVALARARESIDENTIALTAXCODE
Column Name found in Datamart and Curated Table :: COMMISSIONBONUS
Column Name found in Datamart and Curated Table :: IMAGES
Column Name found in Datamart and Curated Table :: MODEL
Column Name found in Datamart and Curated Table :: INVENTORYENABLEDBY_ID
Column Name found in Datamart and Curated Table :: PRICE
Column Name found in Datamart and Curated Table :: ADDONPRICE
Column Name found in Datamart and Curated Table :: ASSETACCOUNT_ID
Column Name found in Datamart and Curated Table :: CATEGORY_ID
Column Name found in Datamart and Curated Table :: GENERALLEDGERACCOUNT_ID
Column Name found in Datamart and Curated Table :: LOYALTYPROGRAMELIGIBLE
Column Name found in Datamart and Curated Table :: COSTOFSALEACCOUNT_ID
Column Name found in Datamart and Curated Table :: DESCRIPTION
Column Name found in Datamart and Curated Table :: MANUFACTURERWARRANTY_DURATION
Column Name found in Datamart and Curated Table :: PROVIDER_ID
Column Name found in Datamart and Curated Table :: SERVICEPROVIDERWARRANTY_DESCRIPTION
Column Name found in Datamart and Curated Table :: MEMBERPRICE
Column Name found in Datamart and Curated Table :: TENANT_TYPE
Datamart tables contains additional column name like [ACTIVE_FLAG, RECORD_CREATE_DATE, RECORD_UPDATE_DATE, MASTER_ID]
Curated tables contains additional column name like [RECORD_CREATE_DATE, RECORD_UPDATE_DATE, RECORD_UPDATED_BY]]]>
  </system-out>
  <testcase classname="testcases.RAW_DATAMART_CURATED.SnowFlake_ColumnValidation_APITables" name="validateColumnName_BKP" time="2.655"/>
  <system-out>
    <![CDATA[Executing Snowflake query :: SELECT COLUMN_NAME FROM DEV_ENT_RAW.INFORMATION_SCHEMA.COLUMNS WHERE TABLE_NAME='ST_API_LEAD'and TABLE_SCHEMA='API_MAT'
Executing Snowflake query :: SELECT COLUMN_NAME FROM CURATED_DATAMART.INFORMATION_SCHEMA.COLUMNS WHERE TABLE_NAME='STR_API_LEAD'and TABLE_SCHEMA='ST_API_HUTCHINSON'
Executing Snowflake query :: SELECT COLUMN_NAME FROM DEV_ENT_CURATED.INFORMATION_SCHEMA.COLUMNS WHERE TABLE_NAME='DIM_LEAD'and TABLE_SCHEMA='MASTER_DIMENSIONS'
Column names for RAW Table --> ST_API_LEAD :: [CREATEDBY_ID, ID, CREATEDON, PRIORITY, PROJECT_ID, STATUS, ESTIMATE_ID, JOBTYPE_ID, MODIFIEDON, SUMMARY, CUSTOMER_ID, LOCATION_ID, CAMPAIGN_ID, LATESTFOLLOWUPDATE, ACTIVE, BUSINESSUNIT_ID, IMPORTID, TENANT_TYPE]
Column names for DataMart Table --> STR_API_LEAD :: [ID, MD5_VALUE, ACTIVE, BUSINESSUNIT_ID, CUSTOMER_ID, STATUS, RECORD_CREATE_DATE, IMPORTID, ACTIVE_FLAG, MODIFIEDON, ESTIMATE_ID, PROJECT_ID, MASTER_ID, JOBTYPE_ID, PRIORITY, TENANT_TYPE, CREATEDON, SUMMARY, CAMPAIGN_ID, CREATEDBY_ID, LATESTFOLLOWUPDATE, RECORD_UPDATE_DATE, LOCATION_ID]
Column names for Curated Table --> DIM_LEAD :: [PRIORITY, ESTIMATE_ID, MD5_VALUE, MODIFIEDON, TENANT_TYPE, RECORD_UPDATED_BY, CUSTOMER_ID, PROJECT_ID, RECORD_CREATE_DATE, IMPORTID, STATUS, ACTIVE, BUSINESSUNIT_ID, CAMPAIGN_ID, CREATEDON, JOBTYPE_ID, LOCATION_ID, RECORD_UPDATE_DATE, CREATEDBY_ID, ID, LATESTFOLLOWUPDATE, SUMMARY]
Column Name found in Datamart and Curated Table :: CREATEDBY_ID
Column Name found in Datamart and Curated Table :: ID
Column Name found in Datamart and Curated Table :: CREATEDON
Column Name found in Datamart and Curated Table :: PRIORITY
Column Name found in Datamart and Curated Table :: PROJECT_ID
Column Name found in Datamart and Curated Table :: STATUS
Column Name found in Datamart and Curated Table :: ESTIMATE_ID
Column Name found in Datamart and Curated Table :: JOBTYPE_ID
Column Name found in Datamart and Curated Table :: MODIFIEDON
Column Name found in Datamart and Curated Table :: SUMMARY
Column Name found in Datamart and Curated Table :: CUSTOMER_ID
Column Name found in Datamart and Curated Table :: LOCATION_ID
Column Name found in Datamart and Curated Table :: CAMPAIGN_ID
Column Name found in Datamart and Curated Table :: LATESTFOLLOWUPDATE
Column Name found in Datamart and Curated Table :: ACTIVE
Column Name found in Datamart and Curated Table :: BUSINESSUNIT_ID
Column Name found in Datamart and Curated Table :: IMPORTID
Column Name found in Datamart and Curated Table :: TENANT_TYPE
Datamart tables contains additional column name like [ACTIVE_FLAG, RECORD_CREATE_DATE, RECORD_UPDATE_DATE, MASTER_ID]
Curated tables contains additional column name like [RECORD_CREATE_DATE, RECORD_UPDATE_DATE, RECORD_UPDATED_BY]]]>
  </system-out>
  <testcase classname="testcases.RAW_DATAMART_CURATED.SnowFlake_ColumnValidation_APITables" name="validateColumnName_BKP" time="2.342"/>
  <system-out>
    <![CDATA[Executing Snowflake query :: SELECT COLUMN_NAME FROM DEV_ENT_RAW.INFORMATION_SCHEMA.COLUMNS WHERE TABLE_NAME='ST_API_CALL'and TABLE_SCHEMA='API_MAT'
Executing Snowflake query :: SELECT COLUMN_NAME FROM CURATED_DATAMART.INFORMATION_SCHEMA.COLUMNS WHERE TABLE_NAME='STR_API_CALL'and TABLE_SCHEMA='ST_API_HARP'
Executing Snowflake query :: SELECT COLUMN_NAME FROM DEV_ENT_CURATED.INFORMATION_SCHEMA.COLUMNS WHERE TABLE_NAME='DIM_CALL'and TABLE_SCHEMA='MASTER_DIMENSIONS'
Column names for RAW Table --> ST_API_CALL :: [DURATION, CALLSERVICE, CREATEDON, CUSTOMER_ID, REASON_ID, RECORDINGURL, VOICEMAILPATH, CONVERSIONSCORE, TAG, AGENT_ID, DIRECTION, ESTIMATE_ID, FROM, STATUS, MODIFIEDON, EXCUSEMEMO, LOCATION_ID, RECORDINGID, SID, TO, IMPORTID, TYPE, JOB_ID, FOLLOWUP_ID, ID, REVIEWINGBY_ID, WONTREVIEW, ACTIVE, CAMPAIGN_ID, CREATEDBY_ID, REVIEWEDBY_ID, RECORDINGPATH, LEAD_ID, TENANT_TYPE]
Column names for DataMart Table --> STR_API_CALL :: [RECORDINGPATH, ACTIVE, CREATEDON, SID, TO, REVIEWEDBY_ID, CALLSERVICE, EXCUSEMEMO, TAG, ACTIVE_FLAG, FOLLOWUP_ID, FROM, STATUS, CONVERSIONSCORE, ESTIMATE_ID, ID, MASTER_ID, RECORDINGURL, RECORD_UPDATE_DATE, AGENT_ID, LOCATION_ID, CUSTOMER_ID, CAMPAIGN_ID, MODIFIEDON, RECORDINGID, RECORD_CREATE_DATE, DURATION, CREATEDBY_ID, DIRECTION, LEAD_ID, REVIEWINGBY_ID, TYPE, IMPORTID, JOB_ID, TENANT_TYPE, VOICEMAILPATH, REASON_ID, WONTREVIEW]
Column names for Curated Table --> DIM_CALL :: [ESTIMATE_ID, REASON_ID, WONTREVIEW, AGENT_ID, DIRECTION, FOLLOWUP_ID, LOCATION_ID, RECORDINGID, TAG, TYPE, CUSTOMER_ID, LEAD_ID, RECORDINGPATH, VOICEMAILPATH, STATUS, CONVERSIONSCORE, FROM, CREATEDBY_ID, DURATION, TENANT_TYPE, ACTIVE, CALLSERVICE, CAMPAIGN_ID, ID, RECORDINGURL, RECORD_UPDATE_DATE, RECORD_CREATE_DATE, JOB_ID, REVIEWEDBY_ID, TO, RECORD_UPDATED_BY, REVIEWINGBY_ID, SID, CREATEDON, EXCUSEMEMO, IMPORTID, MODIFIEDON]
Column Name found in Datamart and Curated Table :: DURATION
Column Name found in Datamart and Curated Table :: CALLSERVICE
Column Name found in Datamart and Curated Table :: CREATEDON
Column Name found in Datamart and Curated Table :: CUSTOMER_ID
Column Name found in Datamart and Curated Table :: REASON_ID
Column Name found in Datamart and Curated Table :: RECORDINGURL
Column Name found in Datamart and Curated Table :: VOICEMAILPATH
Column Name found in Datamart and Curated Table :: CONVERSIONSCORE
Column Name found in Datamart and Curated Table :: TAG
Column Name found in Datamart and Curated Table :: AGENT_ID
Column Name found in Datamart and Curated Table :: DIRECTION
Column Name found in Datamart and Curated Table :: ESTIMATE_ID
Column Name found in Datamart and Curated Table :: FROM
Column Name found in Datamart and Curated Table :: STATUS
Column Name found in Datamart and Curated Table :: MODIFIEDON
Column Name found in Datamart and Curated Table :: EXCUSEMEMO
Column Name found in Datamart and Curated Table :: LOCATION_ID
Column Name found in Datamart and Curated Table :: RECORDINGID
Column Name found in Datamart and Curated Table :: SID
Column Name found in Datamart and Curated Table :: TO
Column Name found in Datamart and Curated Table :: IMPORTID
Column Name found in Datamart and Curated Table :: TYPE
Column Name found in Datamart and Curated Table :: JOB_ID
Column Name found in Datamart and Curated Table :: FOLLOWUP_ID
Column Name found in Datamart and Curated Table :: ID
Column Name found in Datamart and Curated Table :: REVIEWINGBY_ID
Column Name found in Datamart and Curated Table :: WONTREVIEW
Column Name found in Datamart and Curated Table :: ACTIVE
Column Name found in Datamart and Curated Table :: CAMPAIGN_ID
Column Name found in Datamart and Curated Table :: CREATEDBY_ID
Column Name found in Datamart and Curated Table :: REVIEWEDBY_ID
Column Name found in Datamart and Curated Table :: RECORDINGPATH
Column Name found in Datamart and Curated Table :: LEAD_ID
Column Name found in Datamart and Curated Table :: TENANT_TYPE
Datamart tables contains additional column name like [ACTIVE_FLAG, RECORD_CREATE_DATE, RECORD_UPDATE_DATE, MASTER_ID]
Curated tables contains additional column name like [RECORD_CREATE_DATE, RECORD_UPDATE_DATE, RECORD_UPDATED_BY]]]>
  </system-out>
  <testcase classname="testcases.RAW_DATAMART_CURATED.SnowFlake_ColumnValidation_APITables" name="validateColumnName_BKP" time="5.797"/>
  <system-out>
    <![CDATA[Executing Snowflake query :: SELECT COLUMN_NAME FROM DEV_ENT_RAW.INFORMATION_SCHEMA.COLUMNS WHERE TABLE_NAME='ST_API_HOLDJOBREASON'and TABLE_SCHEMA='API_MAT'
Executing Snowflake query :: SELECT COLUMN_NAME FROM CURATED_DATAMART.INFORMATION_SCHEMA.COLUMNS WHERE TABLE_NAME='STR_API_HOLDJOBREASON'and TABLE_SCHEMA='ST_API_EANESHEATING'
Executing Snowflake query :: SELECT COLUMN_NAME FROM DEV_ENT_CURATED.INFORMATION_SCHEMA.COLUMNS WHERE TABLE_NAME='DIM_HOLDJOBREASON'and TABLE_SCHEMA='MASTER_DIMENSIONS'
Column names for RAW Table --> ST_API_HOLDJOBREASON :: [ID, ACTIVE, MODIFIEDON, CREATEDBY_ID, CREATEDON, NAME, IMPORTID, TENANT_TYPE]
Column names for DataMart Table --> STR_API_HOLDJOBREASON :: [ACTIVE_FLAG, NAME, ACTIVE, CREATEDON, MASTER_ID, RECORD_UPDATE_DATE, TENANT_TYPE, ID, IMPORTID, CREATEDBY_ID, MODIFIEDON, RECORD_CREATE_DATE]
Column names for Curated Table --> DIM_HOLDJOBREASON :: [ACTIVE, ID, NAME, RECORD_UPDATED_BY, CREATEDON, MODIFIEDON, RECORD_CREATE_DATE, RECORD_UPDATE_DATE, TENANT_TYPE, IMPORTID, CREATEDBY_ID]
Column Name found in Datamart and Curated Table :: ID
Column Name found in Datamart and Curated Table :: ACTIVE
Column Name found in Datamart and Curated Table :: MODIFIEDON
Column Name found in Datamart and Curated Table :: CREATEDBY_ID
Column Name found in Datamart and Curated Table :: CREATEDON
Column Name found in Datamart and Curated Table :: NAME
Column Name found in Datamart and Curated Table :: IMPORTID
Column Name found in Datamart and Curated Table :: TENANT_TYPE
Datamart tables contains additional column name like [ACTIVE_FLAG, RECORD_CREATE_DATE, RECORD_UPDATE_DATE, MASTER_ID]
Curated tables contains additional column name like [RECORD_CREATE_DATE, RECORD_UPDATE_DATE, RECORD_UPDATED_BY]]]>
  </system-out>
  <testcase classname="testcases.RAW_DATAMART_CURATED.SnowFlake_ColumnValidation_APITables" name="validateColumnName_BKP" time="2.358"/>
  <system-out>
    <![CDATA[Executing Snowflake query :: SELECT COLUMN_NAME FROM DEV_ENT_RAW.INFORMATION_SCHEMA.COLUMNS WHERE TABLE_NAME='ST_API_ESTIMATEITEM'and TABLE_SCHEMA='API_MAT'
Executing Snowflake query :: SELECT COLUMN_NAME FROM CURATED_DATAMART.INFORMATION_SCHEMA.COLUMNS WHERE TABLE_NAME='STR_API_ESTIMATEITEM'and TABLE_SCHEMA='ST_API_SNELLHEATINGAIR'
Executing Snowflake query :: SELECT COLUMN_NAME FROM DEV_ENT_CURATED.INFORMATION_SCHEMA.COLUMNS WHERE TABLE_NAME='DIM_ESTIMATEITEM'and TABLE_SCHEMA='MASTER_DIMENSIONS'
Column names for RAW Table --> ST_API_ESTIMATEITEM :: [ESTIMATE_ID, ID, INSTALLEDEQUIPMENT_ID, SCHEDULEDFLATAMOUNT, AUTOGLASSITEM_ID, COST, ISADDON, ITEMGROUPROOT_ID, RENEWABLEMEMBERSHIP_ID, UNITPRICE, MARKUP, PROJECTLABELS, SKUREFERENCE_SKUTYPE, SOLDBY_ID, SKUREFERENCE_SKUID, ACTIVE, CHARGEABLE, CREATEDFROM_ID, MEMBERSHIPDURATION, PROJECTORDER, QUANTITY, COSTOFSALEACCOUNT_ID, ADDONFLATAMOUNT, EQUIPMENT_ID, STANDARDPRICE, ACCOUNT, GENERALLEDGERACCOUNT_ID, TOTALCOST, MODIFIEDON, SKU_ID, DESCRIPTION, INVOICEITEM_ID, LASTUNITPRICESETBYEMPLOYEE, MEMBERPRICE, PAYSSOLDBYRATE, IMPORTID, ISNOTGOINGTOBEDONE, TAXABLE, ITEMGROUPNAME, ALLOWDISCOUNTS, DEMANDSTATUS, MEMBERSHIPBILLINGFREQUENCY, PARENTITEM_ID, PAYSFLATAMOUNT, TOTAL, CREATEDBY_ID, CREATEDON, PRICEMODIFIER_ID, ORDER, TENANT_TYPE]
Column names for DataMart Table --> STR_API_ESTIMATEITEM :: [ACTIVE, CHARGEABLE, GENERALLEDGERACCOUNT_ID, PRICEMODIFIER_ID, RECORD_CREATE_DATE, ISHIDDENFROMCUSTOMER, ITEMGROUPNAME, TAXABLE, COST, CREATEDBY_ID, CREATEDFROM_ID, PARENTITEM_ID, PAYSFLATAMOUNT, ADDONFLATAMOUNT, SOLDBY_ID, TENANT_TYPE, CREATEDON, ORDER, TOTAL, UNITPRICE, EQUIPMENT_ID, ID, ISNOTGOINGTOBEDONE, MEMBERSHIPBILLINGFREQUENCY, QUANTITY, IMPORTID, PROJECTLABELS, MASTER_ID, SKU_ID, MEMBERPRICE, DESCRIPTION, MODIFIEDON, SKUREFERENCE_SKUID, SKUREFERENCE_SKUTYPE, ACCOUNT, ACTIVE_FLAG, ALLOWDISCOUNTS, AUTOGLASSITEM_ID, COSTOFSALEACCOUNT_ID, INSTALLEDEQUIPMENT_ID, INVOICEITEM_ID, ISADDON, LASTUNITPRICESETBYEMPLOYEE, MEMBERSHIPDURATION, PAYSSOLDBYRATE, RECORD_UPDATED_BY, RECORD_UPDATE_DATE, RENEWABLEMEMBERSHIP_ID, STANDARDPRICE, TOTALCOST, ESTIMATE_ID, ITEMGROUPROOT_ID, MARKUP, SCHEDULEDFLATAMOUNT, PROJECTORDER, DEMANDSTATUS]
Column names for Curated Table --> DIM_ESTIMATEITEM :: [CREATEDON, DEMANDSTATUS, MEMBERPRICE, MEMBERSHIPBILLINGFREQUENCY, MEMBERSHIPDURATION, SKUREFERENCE_SKUTYPE, ADDONFLATAMOUNT, AUTOGLASSITEM_ID, COST, ID, PAYSSOLDBYRATE, STANDARDPRICE, TENANT_TYPE, TOTAL, RECORD_CREATE_DATE, ITEMGROUPROOT_ID, PARENTITEM_ID, ORDER, PROJECTLABELS, SOLDBY_ID, PROJECTORDER, ACTIVE, ALLOWDISCOUNTS, CREATEDFROM_ID, DESCRIPTION, ESTIMATE_ID, MARKUP, ISADDON, CREATEDBY_ID, GENERALLEDGERACCOUNT_ID, INVOICEITEM_ID, PRICEMODIFIER_ID, RECORD_UPDATED_BY, SKUREFERENCE_SKUID, QUANTITY, CHARGEABLE, ISHIDDENFROMCUSTOMER, SKU_ID, COSTOFSALEACCOUNT_ID, ISNOTGOINGTOBEDONE, TOTALCOST, INSTALLEDEQUIPMENT_ID, ITEMGROUPNAME, PAYSFLATAMOUNT, TAXABLE, SCHEDULEDFLATAMOUNT, ACCOUNT, EQUIPMENT_ID, LASTUNITPRICESETBYEMPLOYEE, RENEWABLEMEMBERSHIP_ID, IMPORTID, RECORD_UPDATE_DATE, UNITPRICE, MODIFIEDON]
Column Name found in Datamart and Curated Table :: ESTIMATE_ID
Column Name found in Datamart and Curated Table :: ID
Column Name found in Datamart and Curated Table :: INSTALLEDEQUIPMENT_ID
Column Name found in Datamart and Curated Table :: SCHEDULEDFLATAMOUNT
Column Name found in Datamart and Curated Table :: AUTOGLASSITEM_ID
Column Name found in Datamart and Curated Table :: COST
Column Name found in Datamart and Curated Table :: ISADDON
Column Name found in Datamart and Curated Table :: ITEMGROUPROOT_ID
Column Name found in Datamart and Curated Table :: RENEWABLEMEMBERSHIP_ID
Column Name found in Datamart and Curated Table :: UNITPRICE
Column Name found in Datamart and Curated Table :: MARKUP
Column Name found in Datamart and Curated Table :: PROJECTLABELS
Column Name found in Datamart and Curated Table :: SKUREFERENCE_SKUTYPE
Column Name found in Datamart and Curated Table :: SOLDBY_ID
Column Name found in Datamart and Curated Table :: SKUREFERENCE_SKUID
Column Name found in Datamart and Curated Table :: ACTIVE
Column Name found in Datamart and Curated Table :: CHARGEABLE
Column Name found in Datamart and Curated Table :: CREATEDFROM_ID
Column Name found in Datamart and Curated Table :: MEMBERSHIPDURATION
Column Name found in Datamart and Curated Table :: PROJECTORDER
Column Name found in Datamart and Curated Table :: QUANTITY
Column Name found in Datamart and Curated Table :: COSTOFSALEACCOUNT_ID
Column Name found in Datamart and Curated Table :: ADDONFLATAMOUNT
Column Name found in Datamart and Curated Table :: EQUIPMENT_ID
Column Name found in Datamart and Curated Table :: STANDARDPRICE
Column Name found in Datamart and Curated Table :: ACCOUNT
Column Name found in Datamart and Curated Table :: GENERALLEDGERACCOUNT_ID
Column Name found in Datamart and Curated Table :: TOTALCOST
Column Name found in Datamart and Curated Table :: MODIFIEDON
Column Name found in Datamart and Curated Table :: SKU_ID
Column Name found in Datamart and Curated Table :: DESCRIPTION
Column Name found in Datamart and Curated Table :: INVOICEITEM_ID
Column Name found in Datamart and Curated Table :: LASTUNITPRICESETBYEMPLOYEE
Column Name found in Datamart and Curated Table :: MEMBERPRICE
Column Name found in Datamart and Curated Table :: PAYSSOLDBYRATE
Column Name found in Datamart and Curated Table :: IMPORTID
Column Name found in Datamart and Curated Table :: ISNOTGOINGTOBEDONE
Column Name found in Datamart and Curated Table :: TAXABLE
Column Name found in Datamart and Curated Table :: ITEMGROUPNAME
Column Name found in Datamart and Curated Table :: ALLOWDISCOUNTS
Column Name found in Datamart and Curated Table :: DEMANDSTATUS
Column Name found in Datamart and Curated Table :: MEMBERSHIPBILLINGFREQUENCY
Column Name found in Datamart and Curated Table :: PARENTITEM_ID
Column Name found in Datamart and Curated Table :: PAYSFLATAMOUNT
Column Name found in Datamart and Curated Table :: TOTAL
Column Name found in Datamart and Curated Table :: CREATEDBY_ID
Column Name found in Datamart and Curated Table :: CREATEDON
Column Name found in Datamart and Curated Table :: PRICEMODIFIER_ID
Column Name found in Datamart and Curated Table :: ORDER
Column Name found in Datamart and Curated Table :: TENANT_TYPE
Datamart tables contains additional column name like [ACTIVE_FLAG, RECORD_CREATE_DATE, RECORD_UPDATE_DATE, MASTER_ID]
Curated tables contains additional column name like [RECORD_CREATE_DATE, RECORD_UPDATE_DATE, RECORD_UPDATED_BY]]]>
  </system-out>
  <testcase classname="testcases.RAW_DATAMART_CURATED.SnowFlake_ColumnValidation_APITables" name="validateColumnName_BKP" time="2.680"/>
  <system-out>
    <![CDATA[Executing Snowflake query :: SELECT COLUMN_NAME FROM DEV_ENT_RAW.INFORMATION_SCHEMA.COLUMNS WHERE TABLE_NAME='ST_API_MATERIAL'and TABLE_SCHEMA='API_MAT'
Executing Snowflake query :: SELECT COLUMN_NAME FROM CURATED_DATAMART.INFORMATION_SCHEMA.COLUMNS WHERE TABLE_NAME='STR_API_MATERIAL'and TABLE_SCHEMA='ST_API_SNELLHEATINGAIR'
Executing Snowflake query :: SELECT COLUMN_NAME FROM DEV_ENT_CURATED.INFORMATION_SCHEMA.COLUMNS WHERE TABLE_NAME='DIM_MATERIAL'and TABLE_SCHEMA='MASTER_DIMENSIONS'
Column names for RAW Table --> ST_API_MATERIAL :: [CATEGORY_ID, COSTOFSALEACCOUNT_ID, DISPLAYINAMOUNT, SOLDBYCOMMISSION, ARCHIVED, AVALARACOMMERCIALTAXCODE, BONUS, COMMISSIONBONUS, EXCLUDEFROMPRICEBOOKWIZARD, INVENTORYENABLEDON, PURCHASEORDERLIMITS_FLATAMOUNT, LOYALTYPROGRAMELIGIBLE, ACCOUNT, BUSINESSUNIT_ID, CREATEDON, NOTAX, ORIGINAL_ID, PROVIDER_ID, SERIALIZEDON, UNITOFMEASURE, IMPORTID, DISPLAYNAME, ASSETACCOUNT_ID, COPIEDFROM_ID, ISSERIALIZED, PAYSFLATAMOUNT, PRICE, GENERALLEDGERACCOUNT_ID, ID, ISINVENTORY, ACTIVE, AVALARARESIDENTIALTAXCODE, EXTERNALID, IMAGES, PRIMARYVENDOR_ID, TAXABLE, USEFIXEDMATERIALPRICE, DEDUCTASJOBCOST, SOURCEVERSION, SYNCDATE, MODIFIEDON, ADDONMEMBERPRICE, COST, NAME, PAYSCOMMISSION, PAYSSOLDBYRATE, DESCRIPTION, HOURS, SCHEDULEDFLATAMOUNT, SOURCE, ADDONFLATAMOUNT, ADDONPRICE, AUTOGLASSTYPE, CROSSSALEGROUP, PAYTECHSPECIFICBONUS, PURCHASEORDERLIMITS_REVENUEPERCENT, SUPPLIERIMAGES, CREATEDBY_ID, MEMBERPRICE, INVENTORYENABLEDBY_ID, TENANT_TYPE]
Column names for DataMart Table --> STR_API_MATERIAL :: [ARCHIVED, DISPLAYNAME, IMPORTID, PAYSCOMMISSION, RECORD_CREATE_DATE, ISSERIALIZED, RECORD_UPDATE_DATE, TENANT_TYPE, CREATEDON, UNITOFMEASURE, ADDONFLATAMOUNT, COST, EXCLUDEFROMPRICEBOOKWIZARD, EXTERNALID, ID, MODIFIEDON, PURCHASEORDERLIMITS_REVENUEPERCENT, SYNCDATE, USEFIXEDMATERIALPRICE, ADDONMEMBERPRICE, ADDONPRICE, PAYSSOLDBYRATE, SCHEDULEDFLATAMOUNT, PAYSFLATAMOUNT, PROVIDER_ID, ACTIVE, LOYALTYPROGRAMELIGIBLE, MEMBERPRICE, ORIGINAL_ID, TAXABLE, COSTOFSALEACCOUNT_ID, BONUS, CREATEDBY_ID, DEDUCTASJOBCOST, INVENTORYENABLEDBY_ID, SOURCE, NAME, PRIMARYVENDOR_ID, PURCHASEORDERLIMITS_FLATAMOUNT, SOLDBYCOMMISSION, ACCOUNT, ACTIVE_FLAG, AVALARACOMMERCIALTAXCODE, NOTAX, AUTOGLASSTYPE, PAYTECHSPECIFICBONUS, PRICE, SOURCEVERSION, CATEGORY_ID, ASSETACCOUNT_ID, BUSINESSUNIT_ID, COMMISSIONBONUS, CROSSSALEGROUP, DISPLAYINAMOUNT, AVALARARESIDENTIALTAXCODE, HOURS, IMAGES, ISINVENTORY, DESCRIPTION, INVENTORYENABLEDON, MASTER_ID, SUPPLIERIMAGES, COPIEDFROM_ID, GENERALLEDGERACCOUNT_ID, SERIALIZEDON]
Column names for Curated Table --> DIM_MATERIAL :: [BUSINESSUNIT_ID, DEDUCTASJOBCOST, HOURS, MEMBERPRICE, MODIFIEDON, SCHEDULEDFLATAMOUNT, ARCHIVED, BONUS, COST, EXCLUDEFROMPRICEBOOKWIZARD, INVENTORYENABLEDON, SOURCE, ID, RECORD_UPDATED_BY, RECORD_UPDATE_DATE, ADDONPRICE, ASSETACCOUNT_ID, AVALARARESIDENTIALTAXCODE, DESCRIPTION, IMPORTID, ISSERIALIZED, PAYSSOLDBYRATE, ISINVENTORY, NOTAX, CREATEDBY_ID, PRIMARYVENDOR_ID, SERIALIZEDON, GENERALLEDGERACCOUNT_ID, RECORD_CREATE_DATE, CROSSSALEGROUP, SOLDBYCOMMISSION, ACTIVE, CATEGORY_ID, EXTERNALID, NAME, USEFIXEDMATERIALPRICE, INVENTORYENABLEDBY_ID, PAYTECHSPECIFICBONUS, PROVIDER_ID, PURCHASEORDERLIMITS_REVENUEPERCENT, SUPPLIERIMAGES, ACCOUNT, ADDONFLATAMOUNT, COMMISSIONBONUS, CREATEDON, PAYSCOMMISSION, DISPLAYINAMOUNT, SOURCEVERSION, COSTOFSALEACCOUNT_ID, DISPLAYNAME, IMAGES, ORIGINAL_ID, TAXABLE, COPIEDFROM_ID, UNITOFMEASURE, ADDONMEMBERPRICE, AUTOGLASSTYPE, AVALARACOMMERCIALTAXCODE, LOYALTYPROGRAMELIGIBLE, PRICE, PURCHASEORDERLIMITS_FLATAMOUNT, SYNCDATE, TENANT_TYPE, PAYSFLATAMOUNT]
Column Name found in Datamart and Curated Table :: CATEGORY_ID
Column Name found in Datamart and Curated Table :: COSTOFSALEACCOUNT_ID
Column Name found in Datamart and Curated Table :: DISPLAYINAMOUNT
Column Name found in Datamart and Curated Table :: SOLDBYCOMMISSION
Column Name found in Datamart and Curated Table :: ARCHIVED
Column Name found in Datamart and Curated Table :: AVALARACOMMERCIALTAXCODE
Column Name found in Datamart and Curated Table :: BONUS
Column Name found in Datamart and Curated Table :: COMMISSIONBONUS
Column Name found in Datamart and Curated Table :: EXCLUDEFROMPRICEBOOKWIZARD
Column Name found in Datamart and Curated Table :: INVENTORYENABLEDON
Column Name found in Datamart and Curated Table :: PURCHASEORDERLIMITS_FLATAMOUNT
Column Name found in Datamart and Curated Table :: LOYALTYPROGRAMELIGIBLE
Column Name found in Datamart and Curated Table :: ACCOUNT
Column Name found in Datamart and Curated Table :: BUSINESSUNIT_ID
Column Name found in Datamart and Curated Table :: CREATEDON
Column Name found in Datamart and Curated Table :: NOTAX
Column Name found in Datamart and Curated Table :: ORIGINAL_ID
Column Name found in Datamart and Curated Table :: PROVIDER_ID
Column Name found in Datamart and Curated Table :: SERIALIZEDON
Column Name found in Datamart and Curated Table :: UNITOFMEASURE
Column Name found in Datamart and Curated Table :: IMPORTID
Column Name found in Datamart and Curated Table :: DISPLAYNAME
Column Name found in Datamart and Curated Table :: ASSETACCOUNT_ID
Column Name found in Datamart and Curated Table :: COPIEDFROM_ID
Column Name found in Datamart and Curated Table :: ISSERIALIZED
Column Name found in Datamart and Curated Table :: PAYSFLATAMOUNT
Column Name found in Datamart and Curated Table :: PRICE
Column Name found in Datamart and Curated Table :: GENERALLEDGERACCOUNT_ID
Column Name found in Datamart and Curated Table :: ID
Column Name found in Datamart and Curated Table :: ISINVENTORY
Column Name found in Datamart and Curated Table :: ACTIVE
Column Name found in Datamart and Curated Table :: AVALARARESIDENTIALTAXCODE
Column Name found in Datamart and Curated Table :: EXTERNALID
Column Name found in Datamart and Curated Table :: IMAGES
Column Name found in Datamart and Curated Table :: PRIMARYVENDOR_ID
Column Name found in Datamart and Curated Table :: TAXABLE
Column Name found in Datamart and Curated Table :: USEFIXEDMATERIALPRICE
Column Name found in Datamart and Curated Table :: DEDUCTASJOBCOST
Column Name found in Datamart and Curated Table :: SOURCEVERSION
Column Name found in Datamart and Curated Table :: SYNCDATE
Column Name found in Datamart and Curated Table :: MODIFIEDON
Column Name found in Datamart and Curated Table :: ADDONMEMBERPRICE
Column Name found in Datamart and Curated Table :: COST
Column Name found in Datamart and Curated Table :: NAME
Column Name found in Datamart and Curated Table :: PAYSCOMMISSION
Column Name found in Datamart and Curated Table :: PAYSSOLDBYRATE
Column Name found in Datamart and Curated Table :: DESCRIPTION
Column Name found in Datamart and Curated Table :: HOURS
Column Name found in Datamart and Curated Table :: SCHEDULEDFLATAMOUNT
Column Name found in Datamart and Curated Table :: SOURCE
Column Name found in Datamart and Curated Table :: ADDONFLATAMOUNT
Column Name found in Datamart and Curated Table :: ADDONPRICE
Column Name found in Datamart and Curated Table :: AUTOGLASSTYPE
Column Name found in Datamart and Curated Table :: CROSSSALEGROUP
Column Name found in Datamart and Curated Table :: PAYTECHSPECIFICBONUS
Column Name found in Datamart and Curated Table :: PURCHASEORDERLIMITS_REVENUEPERCENT
Column Name found in Datamart and Curated Table :: SUPPLIERIMAGES
Column Name found in Datamart and Curated Table :: CREATEDBY_ID
Column Name found in Datamart and Curated Table :: MEMBERPRICE
Column Name found in Datamart and Curated Table :: INVENTORYENABLEDBY_ID
Column Name found in Datamart and Curated Table :: TENANT_TYPE
Datamart tables contains additional column name like [ACTIVE_FLAG, RECORD_CREATE_DATE, RECORD_UPDATE_DATE, MASTER_ID]
Curated tables contains additional column name like [RECORD_CREATE_DATE, RECORD_UPDATE_DATE, RECORD_UPDATED_BY]]]>
  </system-out>
  <testcase classname="testcases.RAW_DATAMART_CURATED.SnowFlake_ColumnValidation_APITables" name="validateColumnName_BKP" time="2.354"/>
  <system-out>
    <![CDATA[Executing Snowflake query :: SELECT COLUMN_NAME FROM DEV_ENT_RAW.INFORMATION_SCHEMA.COLUMNS WHERE TABLE_NAME='ST_API_VENDOR'and TABLE_SCHEMA='API_MAT'
Executing Snowflake query :: SELECT COLUMN_NAME FROM CURATED_DATAMART.INFORMATION_SCHEMA.COLUMNS WHERE TABLE_NAME='STR_API_VENDOR'and TABLE_SCHEMA='ST_API_FOURPROS'
Executing Snowflake query :: SELECT COLUMN_NAME FROM DEV_ENT_CURATED.INFORMATION_SCHEMA.COLUMNS WHERE TABLE_NAME='DIM_VENDOR'and TABLE_SCHEMA='MASTER_DIMENSIONS'
Column names for RAW Table --> ST_API_VENDOR :: [DELIVERYOPTION, REMITTANCEVENDOR_ID, LASTNAME, TAXRATE, ACTIVE, CREATEDON, VENDORADDRESS_ISMANUALCOORDINATES, IMPORTID, ISTRUCKREPLENISHMENT, PHONE, ID, VENDORADDRESS_STREET, FAX, VENDORADDRESS_LATITUDE, CREATEDBY_ID, EMAIL, EXTERNALID, FIRSTNAME, MEMO, RESTRICTEDMOBILECREATION, VENDORADDRESS_COUNTRY, VENDORADDRESS_LONGITUDE, VENDORADDRESS_CITY, NAME, VENDORADDRESS_ISMILITARY, VENDORQUICKBOOKSITEM, VENDORADDRESS_UNIT, VENDORADDRESS_ZIP, VENDORADDRESS_STATE, MODIFIEDON, PAYMENTTERM_ID, ADDRESS, TENANT_TYPE]
Column names for DataMart Table --> STR_API_VENDOR :: [IMPORTID, RECORD_CREATE_DATE, VENDORADDRESS_ISMANUALCOORDINATES, NAME, PHONE, RESTRICTEDMOBILECREATION, RECORD_UPDATE_DATE, TAXRATE, ACTIVE, DELIVERYOPTION, MASTER_ID, REMITTANCEVENDOR_ID, TENANT_TYPE, VENDORQUICKBOOKSITEM, VENDORADDRESS_LONGITUDE, CREATEDON, VENDORADDRESS_STREET, LASTNAME, ADDRESS, CREATEDBY_ID, FAX, MODIFIEDON, VENDORADDRESS_STATE, VENDORADDRESS_ISMILITARY, VENDORADDRESS_UNIT, VENDORADDRESS_CITY, VENDORADDRESS_COUNTRY, EMAIL, ISTRUCKREPLENISHMENT, ACTIVE_FLAG, EXTERNALID, VENDORADDRESS_LATITUDE, FIRSTNAME, ID, MEMO, PAYMENTTERM_ID, VENDORADDRESS_ZIP]
Column names for Curated Table --> DIM_VENDOR :: [DELIVERYOPTION, EXTERNALID, VENDORADDRESS_LATITUDE, VENDORADDRESS_ISMILITARY, VENDORADDRESS_STREET, EMAIL, ID, MEMO, PHONE, TAXRATE, VENDORADDRESS_ZIP, VENDORADDRESS_CITY, ACTIVE, ADDRESS, FAX, ISTRUCKREPLENISHMENT, VENDORADDRESS_STATE, REMITTANCEVENDOR_ID, FIRSTNAME, NAME, VENDORADDRESS_COUNTRY, LASTNAME, RECORD_UPDATE_DATE, VENDORADDRESS_UNIT, MODIFIEDON, CREATEDBY_ID, RECORD_CREATE_DATE, TENANT_TYPE, VENDORADDRESS_LONGITUDE, CREATEDON, IMPORTID, VENDORADDRESS_ISMANUALCOORDINATES, RESTRICTEDMOBILECREATION, PAYMENTTERM_ID, RECORD_UPDATED_BY, VENDORQUICKBOOKSITEM]
Column Name found in Datamart and Curated Table :: DELIVERYOPTION
Column Name found in Datamart and Curated Table :: REMITTANCEVENDOR_ID
Column Name found in Datamart and Curated Table :: LASTNAME
Column Name found in Datamart and Curated Table :: TAXRATE
Column Name found in Datamart and Curated Table :: ACTIVE
Column Name found in Datamart and Curated Table :: CREATEDON
Column Name found in Datamart and Curated Table :: VENDORADDRESS_ISMANUALCOORDINATES
Column Name found in Datamart and Curated Table :: IMPORTID
Column Name found in Datamart and Curated Table :: ISTRUCKREPLENISHMENT
Column Name found in Datamart and Curated Table :: PHONE
Column Name found in Datamart and Curated Table :: ID
Column Name found in Datamart and Curated Table :: VENDORADDRESS_STREET
Column Name found in Datamart and Curated Table :: FAX
Column Name found in Datamart and Curated Table :: VENDORADDRESS_LATITUDE
Column Name found in Datamart and Curated Table :: CREATEDBY_ID
Column Name found in Datamart and Curated Table :: EMAIL
Column Name found in Datamart and Curated Table :: EXTERNALID
Column Name found in Datamart and Curated Table :: FIRSTNAME
Column Name found in Datamart and Curated Table :: MEMO
Column Name found in Datamart and Curated Table :: RESTRICTEDMOBILECREATION
Column Name found in Datamart and Curated Table :: VENDORADDRESS_COUNTRY
Column Name found in Datamart and Curated Table :: VENDORADDRESS_LONGITUDE
Column Name found in Datamart and Curated Table :: VENDORADDRESS_CITY
Column Name found in Datamart and Curated Table :: NAME
Column Name found in Datamart and Curated Table :: VENDORADDRESS_ISMILITARY
Column Name found in Datamart and Curated Table :: VENDORQUICKBOOKSITEM
Column Name found in Datamart and Curated Table :: VENDORADDRESS_UNIT
Column Name found in Datamart and Curated Table :: VENDORADDRESS_ZIP
Column Name found in Datamart and Curated Table :: VENDORADDRESS_STATE
Column Name found in Datamart and Curated Table :: MODIFIEDON
Column Name found in Datamart and Curated Table :: PAYMENTTERM_ID
Column Name found in Datamart and Curated Table :: ADDRESS
Column Name found in Datamart and Curated Table :: TENANT_TYPE
Datamart tables contains additional column name like [ACTIVE_FLAG, RECORD_CREATE_DATE, RECORD_UPDATE_DATE, MASTER_ID]
Curated tables contains additional column name like [RECORD_CREATE_DATE, RECORD_UPDATE_DATE, RECORD_UPDATED_BY]]]>
  </system-out>
  <testcase classname="testcases.RAW_DATAMART_CURATED.SnowFlake_ColumnValidation_APITables" name="validateColumnName_BKP" time="3.155"/>
  <system-out>
    <![CDATA[Executing Snowflake query :: SELECT COLUMN_NAME FROM DEV_ENT_RAW.INFORMATION_SCHEMA.COLUMNS WHERE TABLE_NAME='ST_API_LEAD'and TABLE_SCHEMA='API_MAT'
Executing Snowflake query :: SELECT COLUMN_NAME FROM CURATED_DATAMART.INFORMATION_SCHEMA.COLUMNS WHERE TABLE_NAME='STR_API_LEAD'and TABLE_SCHEMA='ST_API_BILLFENWICK'
Executing Snowflake query :: SELECT COLUMN_NAME FROM DEV_ENT_CURATED.INFORMATION_SCHEMA.COLUMNS WHERE TABLE_NAME='DIM_LEAD'and TABLE_SCHEMA='MASTER_DIMENSIONS'
Column names for RAW Table --> ST_API_LEAD :: [CREATEDBY_ID, ID, CREATEDON, PRIORITY, PROJECT_ID, STATUS, ESTIMATE_ID, JOBTYPE_ID, MODIFIEDON, SUMMARY, CUSTOMER_ID, LOCATION_ID, CAMPAIGN_ID, LATESTFOLLOWUPDATE, ACTIVE, BUSINESSUNIT_ID, IMPORTID, TENANT_TYPE]
Column names for DataMart Table --> STR_API_LEAD :: [IMPORTID, JOBTYPE_ID, MODIFIEDON, PROJECT_ID, LOCATION_ID, ACTIVE_FLAG, CREATEDBY_ID, SUMMARY, ESTIMATE_ID, MD5_VALUE, RECORD_UPDATE_DATE, LATESTFOLLOWUPDATE, RECORD_CREATE_DATE, CREATEDON, CUSTOMER_ID, TENANT_TYPE, PRIORITY, BUSINESSUNIT_ID, ID, MASTER_ID, ACTIVE, CAMPAIGN_ID, STATUS]
Column names for Curated Table --> DIM_LEAD :: [PRIORITY, ESTIMATE_ID, MD5_VALUE, MODIFIEDON, TENANT_TYPE, RECORD_UPDATED_BY, CUSTOMER_ID, PROJECT_ID, RECORD_CREATE_DATE, IMPORTID, STATUS, ACTIVE, BUSINESSUNIT_ID, CAMPAIGN_ID, CREATEDON, JOBTYPE_ID, LOCATION_ID, RECORD_UPDATE_DATE, CREATEDBY_ID, ID, LATESTFOLLOWUPDATE, SUMMARY]
Column Name found in Datamart and Curated Table :: CREATEDBY_ID
Column Name found in Datamart and Curated Table :: ID
Column Name found in Datamart and Curated Table :: CREATEDON
Column Name found in Datamart and Curated Table :: PRIORITY
Column Name found in Datamart and Curated Table :: PROJECT_ID
Column Name found in Datamart and Curated Table :: STATUS
Column Name found in Datamart and Curated Table :: ESTIMATE_ID
Column Name found in Datamart and Curated Table :: JOBTYPE_ID
Column Name found in Datamart and Curated Table :: MODIFIEDON
Column Name found in Datamart and Curated Table :: SUMMARY
Column Name found in Datamart and Curated Table :: CUSTOMER_ID
Column Name found in Datamart and Curated Table :: LOCATION_ID
Column Name found in Datamart and Curated Table :: CAMPAIGN_ID
Column Name found in Datamart and Curated Table :: LATESTFOLLOWUPDATE
Column Name found in Datamart and Curated Table :: ACTIVE
Column Name found in Datamart and Curated Table :: BUSINESSUNIT_ID
Column Name found in Datamart and Curated Table :: IMPORTID
Column Name found in Datamart and Curated Table :: TENANT_TYPE
Datamart tables contains additional column name like [ACTIVE_FLAG, RECORD_CREATE_DATE, RECORD_UPDATE_DATE, MASTER_ID]
Curated tables contains additional column name like [RECORD_CREATE_DATE, RECORD_UPDATE_DATE, RECORD_UPDATED_BY]]]>
  </system-out>
  <testcase classname="testcases.RAW_DATAMART_CURATED.SnowFlake_ColumnValidation_APITables" name="validateColumnName_BKP" time="2.471"/>
  <system-out>
    <![CDATA[Executing Snowflake query :: SELECT COLUMN_NAME FROM DEV_ENT_RAW.INFORMATION_SCHEMA.COLUMNS WHERE TABLE_NAME='ST_API_MATERIALVENDORSUBACCOUNT'and TABLE_SCHEMA='API_MAT'
Executing Snowflake query :: SELECT COLUMN_NAME FROM CURATED_DATAMART.INFORMATION_SCHEMA.COLUMNS WHERE TABLE_NAME='STR_API_MATERIALVENDORSUBACCOUNT'and TABLE_SCHEMA='ST_API_FOURPROS'
Executing Snowflake query :: SELECT COLUMN_NAME FROM DEV_ENT_CURATED.INFORMATION_SCHEMA.COLUMNS WHERE TABLE_NAME='DIM_MATERIALVENDORSUBACCOUNT'and TABLE_SCHEMA='MASTER_DIMENSIONS'
Column names for RAW Table --> ST_API_MATERIALVENDORSUBACCOUNT :: [MATERIALVENDOR_ID, ACCOUNTNAME, ACTIVE, COST, CREATEDBY_ID, ID, CREATEDON, IMPORTID, TENANT_TYPE]
Column names for DataMart Table --> STR_API_MATERIALVENDORSUBACCOUNT :: [IMPORTID, MASTER_ID, MATERIALVENDOR_ID, CREATEDON, RECORD_CREATE_DATE, RECORD_UPDATE_DATE, ACCOUNTNAME, ACTIVE, ACTIVE_FLAG, CREATEDBY_ID, ID, COST, TENANT_TYPE]
Column names for Curated Table --> DIM_MATERIALVENDORSUBACCOUNT :: [RECORD_CREATE_DATE, IMPORTID, ACTIVE, CREATEDBY_ID, CREATEDON, ID, RECORD_UPDATE_DATE, TENANT_TYPE, RECORD_UPDATED_BY, ACCOUNTNAME, MATERIALVENDOR_ID, COST]
Column Name found in Datamart and Curated Table :: MATERIALVENDOR_ID
Column Name found in Datamart and Curated Table :: ACCOUNTNAME
Column Name found in Datamart and Curated Table :: ACTIVE
Column Name found in Datamart and Curated Table :: COST
Column Name found in Datamart and Curated Table :: CREATEDBY_ID
Column Name found in Datamart and Curated Table :: ID
Column Name found in Datamart and Curated Table :: CREATEDON
Column Name found in Datamart and Curated Table :: IMPORTID
Column Name found in Datamart and Curated Table :: TENANT_TYPE
Datamart tables contains additional column name like [ACTIVE_FLAG, RECORD_CREATE_DATE, RECORD_UPDATE_DATE, MASTER_ID]
Curated tables contains additional column name like [RECORD_CREATE_DATE, RECORD_UPDATE_DATE, RECORD_UPDATED_BY]]]>
  </system-out>
  <testcase classname="testcases.RAW_DATAMART_CURATED.SnowFlake_ColumnValidation_APITables" name="validateColumnName_BKP" time="2.264">
    <failure message="The following asserts failed:
	null" type="java.lang.AssertionError">
      <![CDATA[java.lang.AssertionError: The following asserts failed:
null
at org.testng.asserts.SoftAssert.assertAll(SoftAssert.java:47)
at org.testng.asserts.SoftAssert.assertAll(SoftAssert.java:31)
at testcases.RAW_DATAMART_CURATED.SnowFlake_ColumnValidation_APITables.validateColumnName_BKP(SnowFlake_ColumnValidation_APITables.java:128)
at jdk.internal.reflect.GeneratedMethodAccessor38.invoke(Unknown Source)
at java.base/jdk.internal.reflect.DelegatingMethodAccessorImpl.invoke(DelegatingMethodAccessorImpl.java:43)
at java.base/java.lang.reflect.Method.invoke(Method.java:568)
at org.testng.internal.MethodInvocationHelper.invokeMethod(MethodInvocationHelper.java:133)
at org.testng.internal.TestInvoker.invokeMethod(TestInvoker.java:598)
at org.testng.internal.TestInvoker.invokeTestMethod(TestInvoker.java:173)
at org.testng.internal.MethodRunner.runInSequence(MethodRunner.java:46)
at org.testng.internal.TestInvoker$MethodInvocationAgent.invoke(TestInvoker.java:824)
at org.testng.internal.TestInvoker.invokeTestMethods(TestInvoker.java:146)
at org.testng.internal.TestMethodWorker.invokeTestMethods(TestMethodWorker.java:146)
at org.testng.internal.TestMethodWorker.run(TestMethodWorker.java:128)
at java.base/java.util.ArrayList.forEach(ArrayList.java:1511)
at org.testng.TestRunner.privateRun(TestRunner.java:794)
at org.testng.TestRunner.run(TestRunner.java:596)
at org.testng.SuiteRunner.runTest(SuiteRunner.java:377)
at org.testng.SuiteRunner.runSequentially(SuiteRunner.java:371)
at org.testng.SuiteRunner.privateRun(SuiteRunner.java:332)
at org.testng.SuiteRunner.run(SuiteRunner.java:276)
at org.testng.SuiteRunnerWorker.runSuite(SuiteRunnerWorker.java:53)
at org.testng.SuiteRunnerWorker.run(SuiteRunnerWorker.java:96)
at org.testng.TestNG.runSuitesSequentially(TestNG.java:1212)
at org.testng.TestNG.runSuitesLocally(TestNG.java:1134)
at org.testng.TestNG.runSuites(TestNG.java:1063)
at org.testng.TestNG.run(TestNG.java:1031)
at org.testng.remote.AbstractRemoteTestNG.run(AbstractRemoteTestNG.java:115)
at org.testng.remote.RemoteTestNG.initAndRun(RemoteTestNG.java:251)
at org.testng.remote.RemoteTestNG.main(RemoteTestNG.java:77)
]]>
    </failure>
  </testcase> <!-- validateColumnName_BKP -->
  <system-out>
    <![CDATA[Executing Snowflake query :: SELECT COLUMN_NAME FROM DEV_ENT_RAW.INFORMATION_SCHEMA.COLUMNS WHERE TABLE_NAME='ST_API_TECHNICIAN'and TABLE_SCHEMA='API_MAT'
Executing Snowflake query :: SELECT COLUMN_NAME FROM CURATED_DATAMART.INFORMATION_SCHEMA.COLUMNS WHERE TABLE_NAME='STR_API_TECHNICIAN'and TABLE_SCHEMA='ST_API_SNELLHEATINGAIR'
Executing Snowflake query :: SELECT COLUMN_NAME FROM DEV_ENT_CURATED.INFORMATION_SCHEMA.COLUMNS WHERE TABLE_NAME='DIM_TECHNICIAN'and TABLE_SCHEMA='MASTER_DIMENSIONS'
Column names for RAW Table --> ST_API_TECHNICIAN :: [ADDONCREWSPLITCOMMISSIONRATE, ATLASBUTLERTECHNICIANROLE, FIRSTDRIVERULE, HOME_ISMANUALCOORDINATES, NAVISIONEMPLOYEEID, PAYROLLID, PAYROLLPOSTINGGROUP_ID, SALESFACTOR, SALESFORCECONTACTID, PAYROLLREPORTVERSION, STANDARDWORKTYPECODE_ID, MUHULINK, COMMISSIONRATE, HOME_ISMILITARY, LICENSE, GOALIMAGE, IMPORTID, MOBILEPHONECONFIRMED, PAYTYPE, MANAGER_ID, SHIFTSTART, NAME, ADDONSOLOCOMMISSIONRATE, BIO, BUSINESSUNIT_ID, HOME_CITY, ID, ISMANAGEDTECH, PROJECTLABELS, SCHEDULEDSOLOCOMMISSIONRATE, BIRTHDATE, HOME_COUNTRY, PHOTO, TURNOVERBONUS, USER_ID, WILLIAMSTECHNICIANROLE, ZONE_ID, OVERTIMEPROFILE_ID, CREATEDON, TODAYREVENUE_TECHNICIAN, ACTIVE, DEFAULTPAYROLLADJUSTMENTRATE, ISAUTODISPATCHED, LASTNAME, ISEXTERNAL, SHIFTEND, SCHEDULEDCREWSPLITCOMMISSIONRATE, DAILYGOAL, APPOINTMENT_ID, BURDENRATE, HOME_ZIP, PAYROLLSTARTPERIOD, STATUSUPDATEDON, OVERTIMEWORKTYPECODE_ID, PAYROLLPROFILE_ID, PAYROLLROLE, PAYROLLSTARTDATE, SOLDBYRATE, ISEXCLUDEDFROMPAYROLL, COORDINATESUPDATEDON, EMAIL, EMAILCONFIRMED, HOME_LATITUDE, OVERTIMEPAYROLLCONTROLCODE_ID, PAYPERIOD, STANDARDPAYROLLCONTROLCODE_ID, CHECKEDIN, DEFAULTLABORTYPE_ID, JOBFILTER, PAYFREQUENCY_ID, MOBILEPHONE, OUTBOUNDCALLERID, SCHEDULEDMULTITECHCOMMISSIONRATE, STARTDATE, CURRENTVALUE, DEDUCTCOMMUTETIMEFROMFIRSTDRIVE, FIRSTNAME, MEALTIME, MEMO, PHONECONFIRMED, SHOWJOBAPPOINTMENTRESCHEDULEALERT, DISPATCHNOTIFICATIONS, JOB_ID, LATITUDE, MIDDLENAME, ROUTESTATISTICS_TECHNICIAN, CREATEDBY_ID, PHONE, QBREPID, SMARTDISPATCHSETTINGS_TECHNICIAN, STATUS, UNION, HOME_UNIT, HOURLYRATE, INVENTORYWAREHOUSENAME, INVOICINGHOURLYRATE, TYPE, ADDONMULTITECHCOMMISSIONRATE, COLOR, HOME_STATE, MODIFIEDON, OVERALLSALESFACTOR_TECHNICIAN, POSITION, TEAM, COMMUTETIME, HOME_LONGITUDE, HOME_STREET, LOCATION_TECHNICIAN, OVERTIMEMODE, PROJECTEDVALUE, LONGITUDE, TRUCK_ID, TENANT_TYPE]
Column names for DataMart Table --> STR_API_TECHNICIAN :: [APPOINTMENT_ID, COMMUTETIME, PAYFREQUENCY_ID, PAYROLLSTARTDATE, UNION, DAILYGOAL, DEFAULTPAYROLLADJUSTMENTRATE, MEALTIME, PAYROLLSTARTPERIOD, SALESFACTOR, PAYROLLROLE, TODAYREVENUE_TECHNICIAN, CHECKEDIN, DEFAULTLABORTYPE_ID, EMAILCONFIRMED, HOME_STATE, JOB_ID, MANAGER_ID, MOBILEPHONECONFIRMED, PAYROLLREPORTVERSION, POSITION, SHOWJOBAPPOINTMENTRESCHEDULEALERT, NAME, QBREPID, RECORD_UPDATE_DATE, STARTDATE, USER_ID, STANDARDPAYROLLCONTROLCODE_ID, SCHEDULEDSOLOCOMMISSIONRATE, ADDONSOLOCOMMISSIONRATE, BIRTHDATE, COORDINATESUPDATEDON, IMPORTID, GOALIMAGE, HOME_COUNTRY, INVOICINGHOURLYRATE, LONGITUDE, MODIFIEDON, PAYROLLID, PAYROLLPOSTINGGROUP_ID, PAYROLLPROFILE_ID, ROUTESTATISTICS_TECHNICIAN, OVERTIMEMODE, SALESFORCECONTACTID, BURDENRATE, FIRSTNAME, JOBFILTER, MUHULINK, OVERALLSALESFACTOR_TECHNICIAN, PROJECTEDVALUE, PAYPERIOD, PAYTYPE, SMARTDISPATCHSETTINGS_TECHNICIAN, SOLDBYRATE, SHIFTEND, TENANT_TYPE, ZONE_ID, ACTIVE, ATLASBUTLERTECHNICIANROLE, BIO, BUSINESSUNIT_ID, COMMISSIONRATE, CURRENTVALUE, MEMO, MIDDLENAME, FIRSTDRIVERULE, HOME_UNIT, MOBILEPHONE, SCHEDULEDMULTITECHCOMMISSIONRATE, TURNOVERBONUS, SHIFTSTART, LASTNAME, OUTBOUNDCALLERID, ADDONCREWSPLITCOMMISSIONRATE, CREATEDBY_ID, CREATEDON, DISPATCHNOTIFICATIONS, HOME_LATITUDE, INVENTORYWAREHOUSENAME, ISAUTODISPATCHED, ISEXTERNAL, ISMANAGEDTECH, LOCATION_TECHNICIAN, OVERTIMEPAYROLLCONTROLCODE_ID, OVERTIMEWORKTYPECODE_ID, PHONECONFIRMED, STATUSUPDATEDON, STATUS, TRUCK_ID, TYPE, NAVISIONEMPLOYEEID, SCHEDULEDCREWSPLITCOMMISSIONRATE, TEAM, OVERTIMEPROFILE_ID, HOME_ZIP, HOME_CITY, HOME_ISMILITARY, HOME_STREET, MASTER_ID, HOME_LONGITUDE, STANDARDWORKTYPECODE_ID, WILLIAMSTECHNICIANROLE, PHONE, PROJECTLABELS, ACTIVE_FLAG, ADDONMULTITECHCOMMISSIONRATE, COLOR, DEDUCTCOMMUTETIMEFROMFIRSTDRIVE, FLEET_ID, HOME_ISMANUALCOORDINATES, ID, EMAIL, HOURLYRATE, LICENSE, RECORD_CREATE_DATE, PHOTO, LATITUDE]
Column names for Curated Table --> DIM_TECHNICIAN :: [ADDONCREWSPLITCOMMISSIONRATE, COMMUTETIME, DEFAULTLABORTYPE_ID, EMAILCONFIRMED, FIRSTNAME, FLEET_ID, HOME_COUNTRY, HOME_UNIT, MOBILEPHONE, PHONECONFIRMED, ISEXCLUDEDFROMPAYROLL, OVERALLSALESFACTOR_TECHNICIAN, TURNOVERBONUS, PAYPERIOD, PAYROLLROLE, PAYROLLSTARTDATE, BIRTHDATE, HOME_ISMANUALCOORDINATES, HOME_ISMILITARY, INVENTORYWAREHOUSENAME, JOBFILTER, MEMO, PAYFREQUENCY_ID, POSITION, ID, ISAUTODISPATCHED, LICENSE, TEAM, SCHEDULEDCREWSPLITCOMMISSIONRATE, SALESFACTOR, ADDONSOLOCOMMISSIONRATE, CURRENTVALUE, DAILYGOAL, DEDUCTCOMMUTETIMEFROMFIRSTDRIVE, MANAGER_ID, OVERTIMEPROFILE_ID, SHIFTSTART, SHOWJOBAPPOINTMENTRESCHEDULEALERT, SMARTDISPATCHSETTINGS_TECHNICIAN, GOALIMAGE, MODIFIEDON, PAYROLLID, PAYROLLREPORTVERSION, RECORD_CREATE_DATE, TODAYREVENUE_TECHNICIAN, TYPE, PROJECTLABELS, SCHEDULEDSOLOCOMMISSIONRATE, LONGITUDE, ADDONMULTITECHCOMMISSIONRATE, APPOINTMENT_ID, CHECKEDIN, COLOR, CREATEDON, DISPATCHNOTIFICATIONS, IMPORTID, LASTNAME, MOBILEPHONECONFIRMED, STATUSUPDATEDON, ZONE_ID, HOME_STATE, NAME, NAVISIONEMPLOYEEID, PAYROLLPOSTINGGROUP_ID, PHOTO, MEALTIME, PROJECTEDVALUE, STANDARDPAYROLLCONTROLCODE_ID, OVERTIMEMODE, BURDENRATE, FIRSTDRIVERULE, JOB_ID, PAYROLLPROFILE_ID, QBREPID, ROUTESTATISTICS_TECHNICIAN, STARTDATE, TRUCK_ID, USER_ID, STANDARDWORKTYPECODE_ID, MIDDLENAME, COMMISSIONRATE, CREATEDBY_ID, HOME_LONGITUDE, HOME_ZIP, HOURLYRATE, LATITUDE, SCHEDULEDMULTITECHCOMMISSIONRATE, BUSINESSUNIT_ID, OUTBOUNDCALLERID, RECORD_UPDATED_BY, STATUS, MUHULINK, OVERTIMEPAYROLLCONTROLCODE_ID, UNION, PAYTYPE, INVOICINGHOURLYRATE, RECORD_UPDATE_DATE, COORDINATESUPDATEDON, LOCATION_TECHNICIAN, EMAIL, HOME_CITY, ISEXTERNAL, OVERTIMEWORKTYPECODE_ID, PAYROLLSTARTPERIOD, SHIFTEND, WILLIAMSTECHNICIANROLE, TENANT_TYPE, ACTIVE, ATLASBUTLERTECHNICIANROLE, BIO, DEFAULTPAYROLLADJUSTMENTRATE, HOME_LATITUDE, HOME_STREET, ISMANAGEDTECH, PHONE, SALESFORCECONTACTID, SOLDBYRATE]
Column Name found in Datamart and Curated Table :: ADDONCREWSPLITCOMMISSIONRATE
Column Name found in Datamart and Curated Table :: ATLASBUTLERTECHNICIANROLE
Column Name found in Datamart and Curated Table :: FIRSTDRIVERULE
Column Name found in Datamart and Curated Table :: HOME_ISMANUALCOORDINATES
Column Name found in Datamart and Curated Table :: NAVISIONEMPLOYEEID
Column Name found in Datamart and Curated Table :: PAYROLLID
Column Name found in Datamart and Curated Table :: PAYROLLPOSTINGGROUP_ID
Column Name found in Datamart and Curated Table :: SALESFACTOR
Column Name found in Datamart and Curated Table :: SALESFORCECONTACTID
Column Name found in Datamart and Curated Table :: PAYROLLREPORTVERSION
Column Name found in Datamart and Curated Table :: STANDARDWORKTYPECODE_ID
Column Name found in Datamart and Curated Table :: MUHULINK
Column Name found in Datamart and Curated Table :: COMMISSIONRATE
Column Name found in Datamart and Curated Table :: HOME_ISMILITARY
Column Name found in Datamart and Curated Table :: LICENSE
Column Name found in Datamart and Curated Table :: GOALIMAGE
Column Name found in Datamart and Curated Table :: IMPORTID
Column Name found in Datamart and Curated Table :: MOBILEPHONECONFIRMED
Column Name found in Datamart and Curated Table :: PAYTYPE
Column Name found in Datamart and Curated Table :: MANAGER_ID
Column Name found in Datamart and Curated Table :: SHIFTSTART
Column Name found in Datamart and Curated Table :: NAME
Column Name found in Datamart and Curated Table :: ADDONSOLOCOMMISSIONRATE
Column Name found in Datamart and Curated Table :: BIO
Column Name found in Datamart and Curated Table :: BUSINESSUNIT_ID
Column Name found in Datamart and Curated Table :: HOME_CITY
Column Name found in Datamart and Curated Table :: ID
Column Name found in Datamart and Curated Table :: ISMANAGEDTECH
Column Name found in Datamart and Curated Table :: PROJECTLABELS
Column Name found in Datamart and Curated Table :: SCHEDULEDSOLOCOMMISSIONRATE
Column Name found in Datamart and Curated Table :: BIRTHDATE
Column Name found in Datamart and Curated Table :: HOME_COUNTRY
Column Name found in Datamart and Curated Table :: PHOTO
Column Name found in Datamart and Curated Table :: TURNOVERBONUS
Column Name found in Datamart and Curated Table :: USER_ID
Column Name found in Datamart and Curated Table :: WILLIAMSTECHNICIANROLE
Column Name found in Datamart and Curated Table :: ZONE_ID
Column Name found in Datamart and Curated Table :: OVERTIMEPROFILE_ID
Column Name found in Datamart and Curated Table :: CREATEDON
Column Name found in Datamart and Curated Table :: TODAYREVENUE_TECHNICIAN
Column Name found in Datamart and Curated Table :: ACTIVE
Column Name found in Datamart and Curated Table :: DEFAULTPAYROLLADJUSTMENTRATE
Column Name found in Datamart and Curated Table :: ISAUTODISPATCHED
Column Name found in Datamart and Curated Table :: LASTNAME
Column Name found in Datamart and Curated Table :: ISEXTERNAL
Column Name found in Datamart and Curated Table :: SHIFTEND
Column Name found in Datamart and Curated Table :: SCHEDULEDCREWSPLITCOMMISSIONRATE
Column Name found in Datamart and Curated Table :: DAILYGOAL
Column Name found in Datamart and Curated Table :: APPOINTMENT_ID
Column Name found in Datamart and Curated Table :: BURDENRATE
Column Name found in Datamart and Curated Table :: HOME_ZIP
Column Name found in Datamart and Curated Table :: PAYROLLSTARTPERIOD
Column Name found in Datamart and Curated Table :: STATUSUPDATEDON
Column Name found in Datamart and Curated Table :: OVERTIMEWORKTYPECODE_ID
Column Name found in Datamart and Curated Table :: PAYROLLPROFILE_ID
Column Name found in Datamart and Curated Table :: PAYROLLROLE
Column Name found in Datamart and Curated Table :: PAYROLLSTARTDATE
Column Name found in Datamart and Curated Table :: SOLDBYRATE
Column Name not found in Datamart and Curated Table :: ISEXCLUDEDFROMPAYROLL
Column Name found in Datamart and Curated Table :: COORDINATESUPDATEDON
Column Name found in Datamart and Curated Table :: EMAIL
Column Name found in Datamart and Curated Table :: EMAILCONFIRMED
Column Name found in Datamart and Curated Table :: HOME_LATITUDE
Column Name found in Datamart and Curated Table :: OVERTIMEPAYROLLCONTROLCODE_ID
Column Name found in Datamart and Curated Table :: PAYPERIOD
Column Name found in Datamart and Curated Table :: STANDARDPAYROLLCONTROLCODE_ID
Column Name found in Datamart and Curated Table :: CHECKEDIN
Column Name found in Datamart and Curated Table :: DEFAULTLABORTYPE_ID
Column Name found in Datamart and Curated Table :: JOBFILTER
Column Name found in Datamart and Curated Table :: PAYFREQUENCY_ID
Column Name found in Datamart and Curated Table :: MOBILEPHONE
Column Name found in Datamart and Curated Table :: OUTBOUNDCALLERID
Column Name found in Datamart and Curated Table :: SCHEDULEDMULTITECHCOMMISSIONRATE
Column Name found in Datamart and Curated Table :: STARTDATE
Column Name found in Datamart and Curated Table :: CURRENTVALUE
Column Name found in Datamart and Curated Table :: DEDUCTCOMMUTETIMEFROMFIRSTDRIVE
Column Name found in Datamart and Curated Table :: FIRSTNAME
Column Name found in Datamart and Curated Table :: MEALTIME
Column Name found in Datamart and Curated Table :: MEMO
Column Name found in Datamart and Curated Table :: PHONECONFIRMED
Column Name found in Datamart and Curated Table :: SHOWJOBAPPOINTMENTRESCHEDULEALERT
Column Name found in Datamart and Curated Table :: DISPATCHNOTIFICATIONS
Column Name found in Datamart and Curated Table :: JOB_ID
Column Name found in Datamart and Curated Table :: LATITUDE
Column Name found in Datamart and Curated Table :: MIDDLENAME
Column Name found in Datamart and Curated Table :: ROUTESTATISTICS_TECHNICIAN
Column Name found in Datamart and Curated Table :: CREATEDBY_ID
Column Name found in Datamart and Curated Table :: PHONE
Column Name found in Datamart and Curated Table :: QBREPID
Column Name found in Datamart and Curated Table :: SMARTDISPATCHSETTINGS_TECHNICIAN
Column Name found in Datamart and Curated Table :: STATUS
Column Name found in Datamart and Curated Table :: UNION
Column Name found in Datamart and Curated Table :: HOME_UNIT
Column Name found in Datamart and Curated Table :: HOURLYRATE
Column Name found in Datamart and Curated Table :: INVENTORYWAREHOUSENAME
Column Name found in Datamart and Curated Table :: INVOICINGHOURLYRATE
Column Name found in Datamart and Curated Table :: TYPE
Column Name found in Datamart and Curated Table :: ADDONMULTITECHCOMMISSIONRATE
Column Name found in Datamart and Curated Table :: COLOR
Column Name found in Datamart and Curated Table :: HOME_STATE
Column Name found in Datamart and Curated Table :: MODIFIEDON
Column Name found in Datamart and Curated Table :: OVERALLSALESFACTOR_TECHNICIAN
Column Name found in Datamart and Curated Table :: POSITION
Column Name found in Datamart and Curated Table :: TEAM
Column Name found in Datamart and Curated Table :: COMMUTETIME
Column Name found in Datamart and Curated Table :: HOME_LONGITUDE
Column Name found in Datamart and Curated Table :: HOME_STREET
Column Name found in Datamart and Curated Table :: LOCATION_TECHNICIAN
Column Name found in Datamart and Curated Table :: OVERTIMEMODE
Column Name found in Datamart and Curated Table :: PROJECTEDVALUE
Column Name found in Datamart and Curated Table :: LONGITUDE
Column Name found in Datamart and Curated Table :: TRUCK_ID
Column Name found in Datamart and Curated Table :: TENANT_TYPE
Datamart tables contains additional column name like [ACTIVE_FLAG, RECORD_CREATE_DATE, RECORD_UPDATE_DATE, MASTER_ID]
Curated tables contains additional column name like [RECORD_CREATE_DATE, RECORD_UPDATE_DATE, RECORD_UPDATED_BY]]]>
  </system-out>
  <testcase classname="testcases.RAW_DATAMART_CURATED.SnowFlake_ColumnValidation_APITables" name="validateColumnName_BKP" time="2.387"/>
  <system-out>
    <![CDATA[Executing Snowflake query :: SELECT COLUMN_NAME FROM DEV_ENT_RAW.INFORMATION_SCHEMA.COLUMNS WHERE TABLE_NAME='ST_API_JOBASSIGNMENT'and TABLE_SCHEMA='API_MAT'
Executing Snowflake query :: SELECT COLUMN_NAME FROM CURATED_DATAMART.INFORMATION_SCHEMA.COLUMNS WHERE TABLE_NAME='STR_API_JOBASSIGNMENT'and TABLE_SCHEMA='ST_API_GOLDMEDAL'
Executing Snowflake query :: SELECT COLUMN_NAME FROM DEV_ENT_CURATED.INFORMATION_SCHEMA.COLUMNS WHERE TABLE_NAME='DIM_JOBASSIGNMENT'and TABLE_SCHEMA='MASTER_DIMENSIONS'
Column names for RAW Table --> ST_API_JOBASSIGNMENT :: [CREATEDBY_ID, IMPORTID, TECHNICIANROLE_ID, DRIVETIME_ID, ISPAUSED, JOHNMOOREPAYROLLROLE, ACTIVE, COMMISSIONRATE, CREATEDON, GROSSPAY, ID, SPLIT, PAYROLLROLE, PROJECTLABELS, PAYTYPE, TECHNICIAN_ID, JOB_ID, MODIFIEDON, STATUS, TENANT_TYPE]
Column names for DataMart Table --> STR_API_JOBASSIGNMENT :: [ACTIVE, CREATEDBY_ID, TECHNICIANROLE_ID, ID, MASTER_ID, STATUS, TENANT_TYPE, RECORD_CREATE_DATE, COMMISSIONRATE, CREATEDON, DRIVETIME_ID, IMPORTID, JOB_ID, JOHNMOOREPAYROLLROLE, PAYTYPE, ACTIVE_FLAG, ISPAUSED, GROSSPAY, PAYROLLROLE, PROJECTLABELS, RECORD_UPDATE_DATE, TECHNICIAN_ID, SPLIT, MODIFIEDON]
Column names for Curated Table --> DIM_JOBASSIGNMENT :: [STATUS, COMMISSIONRATE, SPLIT, TECHNICIANROLE_ID, DRIVETIME_ID, GROSSPAY, RECORD_CREATE_DATE, JOHNMOOREPAYROLLROLE, MODIFIEDON, CREATEDBY_ID, ISPAUSED, SOURCE_PKEY_SPK, ID, PROJECTLABELS, RECORD_UPDATED_BY, PAYROLLROLE, JOB_ID, RECORD_UPDATE_DATE, TENANT_TYPE, IMPORTID, TECHNICIAN_ID, PAYTYPE, ACTIVE, CREATEDON]
Column Name found in Datamart and Curated Table :: CREATEDBY_ID
Column Name found in Datamart and Curated Table :: IMPORTID
Column Name found in Datamart and Curated Table :: TECHNICIANROLE_ID
Column Name found in Datamart and Curated Table :: DRIVETIME_ID
Column Name found in Datamart and Curated Table :: ISPAUSED
Column Name found in Datamart and Curated Table :: JOHNMOOREPAYROLLROLE
Column Name found in Datamart and Curated Table :: ACTIVE
Column Name found in Datamart and Curated Table :: COMMISSIONRATE
Column Name found in Datamart and Curated Table :: CREATEDON
Column Name found in Datamart and Curated Table :: GROSSPAY
Column Name found in Datamart and Curated Table :: ID
Column Name found in Datamart and Curated Table :: SPLIT
Column Name found in Datamart and Curated Table :: PAYROLLROLE
Column Name found in Datamart and Curated Table :: PROJECTLABELS
Column Name found in Datamart and Curated Table :: PAYTYPE
Column Name found in Datamart and Curated Table :: TECHNICIAN_ID
Column Name found in Datamart and Curated Table :: JOB_ID
Column Name found in Datamart and Curated Table :: MODIFIEDON
Column Name found in Datamart and Curated Table :: STATUS
Column Name found in Datamart and Curated Table :: TENANT_TYPE
Datamart tables contains additional column name like [ACTIVE_FLAG, RECORD_CREATE_DATE, RECORD_UPDATE_DATE, MASTER_ID]
Curated tables contains additional column name like [RECORD_CREATE_DATE, RECORD_UPDATE_DATE, RECORD_UPDATED_BY]]]>
  </system-out>
  <testcase classname="testcases.RAW_DATAMART_CURATED.SnowFlake_ColumnValidation_APITables" name="validateColumnName_BKP" time="3.282"/>
  <system-out>
    <![CDATA[Executing Snowflake query :: SELECT COLUMN_NAME FROM DEV_ENT_RAW.INFORMATION_SCHEMA.COLUMNS WHERE TABLE_NAME='ST_API_JOBASSIGNMENT'and TABLE_SCHEMA='API_MAT'
Executing Snowflake query :: SELECT COLUMN_NAME FROM CURATED_DATAMART.INFORMATION_SCHEMA.COLUMNS WHERE TABLE_NAME='STR_API_JOBASSIGNMENT'and TABLE_SCHEMA='ST_API_HUTCHINSON'
Executing Snowflake query :: SELECT COLUMN_NAME FROM DEV_ENT_CURATED.INFORMATION_SCHEMA.COLUMNS WHERE TABLE_NAME='DIM_JOBASSIGNMENT'and TABLE_SCHEMA='MASTER_DIMENSIONS'
Column names for RAW Table --> ST_API_JOBASSIGNMENT :: [CREATEDBY_ID, IMPORTID, TECHNICIANROLE_ID, DRIVETIME_ID, ISPAUSED, JOHNMOOREPAYROLLROLE, ACTIVE, COMMISSIONRATE, CREATEDON, GROSSPAY, ID, SPLIT, PAYROLLROLE, PROJECTLABELS, PAYTYPE, TECHNICIAN_ID, JOB_ID, MODIFIEDON, STATUS, TENANT_TYPE]
Column names for DataMart Table --> STR_API_JOBASSIGNMENT :: [PROJECTLABELS, COMMISSIONRATE, PAYTYPE, ACTIVE, CREATEDBY_ID, CREATEDON, ID, JOB_ID, TENANT_TYPE, DRIVETIME_ID, TECHNICIAN_ID, RECORD_UPDATE_DATE, ACTIVE_FLAG, RECORD_CREATE_DATE, GROSSPAY, ISPAUSED, STATUS, MASTER_ID, SPLIT, IMPORTID, JOHNMOOREPAYROLLROLE, MODIFIEDON, PAYROLLROLE, TECHNICIANROLE_ID]
Column names for Curated Table --> DIM_JOBASSIGNMENT :: [STATUS, COMMISSIONRATE, SPLIT, TECHNICIANROLE_ID, DRIVETIME_ID, GROSSPAY, RECORD_CREATE_DATE, JOHNMOOREPAYROLLROLE, MODIFIEDON, CREATEDBY_ID, ISPAUSED, SOURCE_PKEY_SPK, ID, PROJECTLABELS, RECORD_UPDATED_BY, PAYROLLROLE, JOB_ID, RECORD_UPDATE_DATE, TENANT_TYPE, IMPORTID, TECHNICIAN_ID, PAYTYPE, ACTIVE, CREATEDON]
Column Name found in Datamart and Curated Table :: CREATEDBY_ID
Column Name found in Datamart and Curated Table :: IMPORTID
Column Name found in Datamart and Curated Table :: TECHNICIANROLE_ID
Column Name found in Datamart and Curated Table :: DRIVETIME_ID
Column Name found in Datamart and Curated Table :: ISPAUSED
Column Name found in Datamart and Curated Table :: JOHNMOOREPAYROLLROLE
Column Name found in Datamart and Curated Table :: ACTIVE
Column Name found in Datamart and Curated Table :: COMMISSIONRATE
Column Name found in Datamart and Curated Table :: CREATEDON
Column Name found in Datamart and Curated Table :: GROSSPAY
Column Name found in Datamart and Curated Table :: ID
Column Name found in Datamart and Curated Table :: SPLIT
Column Name found in Datamart and Curated Table :: PAYROLLROLE
Column Name found in Datamart and Curated Table :: PROJECTLABELS
Column Name found in Datamart and Curated Table :: PAYTYPE
Column Name found in Datamart and Curated Table :: TECHNICIAN_ID
Column Name found in Datamart and Curated Table :: JOB_ID
Column Name found in Datamart and Curated Table :: MODIFIEDON
Column Name found in Datamart and Curated Table :: STATUS
Column Name found in Datamart and Curated Table :: TENANT_TYPE
Datamart tables contains additional column name like [ACTIVE_FLAG, RECORD_CREATE_DATE, RECORD_UPDATE_DATE, MASTER_ID]
Curated tables contains additional column name like [RECORD_CREATE_DATE, RECORD_UPDATE_DATE, RECORD_UPDATED_BY]]]>
  </system-out>
  <testcase classname="testcases.RAW_DATAMART_CURATED.SnowFlake_ColumnValidation_APITables" name="validateColumnName_BKP" time="2.241"/>
  <system-out>
    <![CDATA[Executing Snowflake query :: SELECT COLUMN_NAME FROM DEV_ENT_RAW.INFORMATION_SCHEMA.COLUMNS WHERE TABLE_NAME='ST_API_INVOICE'and TABLE_SCHEMA='API_MAT'
Executing Snowflake query :: SELECT COLUMN_NAME FROM CURATED_DATAMART.INFORMATION_SCHEMA.COLUMNS WHERE TABLE_NAME='STR_API_INVOICE'and TABLE_SCHEMA='ST_API_HARP'
Executing Snowflake query :: SELECT COLUMN_NAME FROM DEV_ENT_CURATED.INFORMATION_SCHEMA.COLUMNS WHERE TABLE_NAME='FACT_INVOICE'and TABLE_SCHEMA='MASTER_DIMENSIONS'
Column names for RAW Table --> ST_API_INVOICE :: [COMMISSIONELIGIBILITYDATE, TYPE_ID, NEWCONSTRUCTION, ACTIVE, BATCH_ID, DISCOUNTTOTAL, NETAMOUNT, ROYALTY_SENTON, SUMMARY, TECHNICIANACKNOWLEDGEMENTSIGNATURE, CREATEDBY_ID, ADJUSTMENTTO_ID, EXPORTID, EXTERNALID, INVOICEDON, PAIDON, PAYMENTTERM_ID, MODIFIEDON, MATERIALSKUREFERENCE_SKUTYPE, MEMBERSHIP_ID, STATUS, TAX, TAXZONE_ID, COUNTERSALESLOCATION_ID, NUMERICNUMBER, ROYALTY_STATUS, BUSINESSUNIT_ID, CONFIGURATION, CREATEDON, CUSTOMER_ID, JOB_ID, LOCATION_ID, ROYALTY_DATE, ACKNOWLEDGEMENTSIGNATURE, BALANCE, BILLINGDATE, EXCLUDEFROMPAYROLL, MATERIALTAX, AUTHORIZATIONSIGNATURE, PAYMENTDUEDATE, PROJECTLABELS, AUTHORIZEDAMOUNT, ID, INCLUDEINTECHNICIANREPORTS, MATERIALSKUREFERENCE_SKUID, PAYROLLDATE, SIGNATURE, SUBTOTAL, LABORTAX, MATERIALSKU_ID, ROYALTY_MEMO, TOTAL, FEETAX, IMPORTID, NUMBER, PROJECT_ID, FEETOTAL, TENANT_TYPE]
Column names for DataMart Table --> STR_API_INVOICE :: [EXPORTID, ID, NUMBER, NUMERICNUMBER, ROYALTY_DATE, BUSINESSUNIT_ID, LOCATION_ID, PROJECTLABELS, SIGNATURE, LABORTAX, MODIFIEDON, NETAMOUNT, RECORD_UPDATE_DATE, ROYALTY_SENTON, CONFIGURATION, FEETOTAL, STATUS, ROYALTY_MEMO, IMPORTID, ACTIVE, COMMISSIONELIGIBILITYDATE, MATERIALTAX, PAYMENTTERM_ID, MATERIALSKU_ID, PAYMENTDUEDATE, EXCLUDEFROMPAYROLL, ADJUSTMENTTO_ID, AUTHORIZEDAMOUNT, FEETAX, EXTERNALID, SUMMARY, TOTAL, BILLINGDATE, CUSTOMER_ID, INCLUDEINTECHNICIANREPORTS, NEWCONSTRUCTION, INVOICEDON, PAIDON, RECORD_CREATE_DATE, ACTIVE_FLAG, BALANCE, COUNTERSALESLOCATION_ID, DISCOUNTTOTAL, JOB_ID, MASTER_ID, MATERIALSKUREFERENCE_SKUTYPE, PROJECT_ID, SUBTOTAL, BATCH_ID, TAXZONE_ID, TECHNICIANACKNOWLEDGEMENTSIGNATURE, TYPE_ID, CREATEDBY_ID, TAX, ACKNOWLEDGEMENTSIGNATURE, AUTHORIZATIONSIGNATURE, MEMBERSHIP_ID, ROYALTY_STATUS, TENANT_TYPE, CREATEDON, MATERIALSKUREFERENCE_SKUID, PAYROLLDATE]
Column names for Curated Table --> FACT_INVOICE :: [CONFIGURATION, EXPORTID, EXTERNALID, MATERIALSKUREFERENCE_SKUTYPE, RECORD_UPDATED_BY, ROYALTY_DATE, FEETAX, TAX, TOTAL, BALANCE, BUSINESSUNIT_ID, CREATEDON, PAYMENTDUEDATE, PROJECT_ID, NETAMOUNT, NUMERICNUMBER, ROYALTY_SENTON, NUMBER, DISCOUNTTOTAL, EXCLUDEFROMPAYROLL, INCLUDEINTECHNICIANREPORTS, MODIFIEDON, STATUS, TENANT_TYPE, NEWCONSTRUCTION, ACKNOWLEDGEMENTSIGNATURE, ADJUSTMENTTO_ID, CREATEDBY_ID, CUSTOMER_ID, FEETOTAL, INVOICEDON, PAIDON, TYPE_ID, JOB_ID, LABORTAX, LOCATION_ID, ROYALTY_STATUS, SUMMARY, PROJECTLABELS, MATERIALSKUREFERENCE_SKUID, MATERIALSKU_ID, MEMBERSHIP_ID, COMMISSIONELIGIBILITYDATE, RECORD_CREATE_DATE, RECORD_UPDATE_DATE, SIGNATURE, AUTHORIZATIONSIGNATURE, BILLINGDATE, IMPORTID, TECHNICIANACKNOWLEDGEMENTSIGNATURE, AUTHORIZEDAMOUNT, ID, PAYROLLDATE, ACTIVE, COUNTERSALESLOCATION_ID, PAYMENTTERM_ID, SUBTOTAL, BATCH_ID, MATERIALTAX, ROYALTY_MEMO, TAXZONE_ID]
Column Name found in Datamart and Curated Table :: COMMISSIONELIGIBILITYDATE
Column Name found in Datamart and Curated Table :: TYPE_ID
Column Name found in Datamart and Curated Table :: NEWCONSTRUCTION
Column Name found in Datamart and Curated Table :: ACTIVE
Column Name found in Datamart and Curated Table :: BATCH_ID
Column Name found in Datamart and Curated Table :: DISCOUNTTOTAL
Column Name found in Datamart and Curated Table :: NETAMOUNT
Column Name found in Datamart and Curated Table :: ROYALTY_SENTON
Column Name found in Datamart and Curated Table :: SUMMARY
Column Name found in Datamart and Curated Table :: TECHNICIANACKNOWLEDGEMENTSIGNATURE
Column Name found in Datamart and Curated Table :: CREATEDBY_ID
Column Name found in Datamart and Curated Table :: ADJUSTMENTTO_ID
Column Name found in Datamart and Curated Table :: EXPORTID
Column Name found in Datamart and Curated Table :: EXTERNALID
Column Name found in Datamart and Curated Table :: INVOICEDON
Column Name found in Datamart and Curated Table :: PAIDON
Column Name found in Datamart and Curated Table :: PAYMENTTERM_ID
Column Name found in Datamart and Curated Table :: MODIFIEDON
Column Name found in Datamart and Curated Table :: MATERIALSKUREFERENCE_SKUTYPE
Column Name found in Datamart and Curated Table :: MEMBERSHIP_ID
Column Name found in Datamart and Curated Table :: STATUS
Column Name found in Datamart and Curated Table :: TAX
Column Name found in Datamart and Curated Table :: TAXZONE_ID
Column Name found in Datamart and Curated Table :: COUNTERSALESLOCATION_ID
Column Name found in Datamart and Curated Table :: NUMERICNUMBER
Column Name found in Datamart and Curated Table :: ROYALTY_STATUS
Column Name found in Datamart and Curated Table :: BUSINESSUNIT_ID
Column Name found in Datamart and Curated Table :: CONFIGURATION
Column Name found in Datamart and Curated Table :: CREATEDON
Column Name found in Datamart and Curated Table :: CUSTOMER_ID
Column Name found in Datamart and Curated Table :: JOB_ID
Column Name found in Datamart and Curated Table :: LOCATION_ID
Column Name found in Datamart and Curated Table :: ROYALTY_DATE
Column Name found in Datamart and Curated Table :: ACKNOWLEDGEMENTSIGNATURE
Column Name found in Datamart and Curated Table :: BALANCE
Column Name found in Datamart and Curated Table :: BILLINGDATE
Column Name found in Datamart and Curated Table :: EXCLUDEFROMPAYROLL
Column Name found in Datamart and Curated Table :: MATERIALTAX
Column Name found in Datamart and Curated Table :: AUTHORIZATIONSIGNATURE
Column Name found in Datamart and Curated Table :: PAYMENTDUEDATE
Column Name found in Datamart and Curated Table :: PROJECTLABELS
Column Name found in Datamart and Curated Table :: AUTHORIZEDAMOUNT
Column Name found in Datamart and Curated Table :: ID
Column Name found in Datamart and Curated Table :: INCLUDEINTECHNICIANREPORTS
Column Name found in Datamart and Curated Table :: MATERIALSKUREFERENCE_SKUID
Column Name found in Datamart and Curated Table :: PAYROLLDATE
Column Name found in Datamart and Curated Table :: SIGNATURE
Column Name found in Datamart and Curated Table :: SUBTOTAL
Column Name found in Datamart and Curated Table :: LABORTAX
Column Name found in Datamart and Curated Table :: MATERIALSKU_ID
Column Name found in Datamart and Curated Table :: ROYALTY_MEMO
Column Name found in Datamart and Curated Table :: TOTAL
Column Name found in Datamart and Curated Table :: FEETAX
Column Name found in Datamart and Curated Table :: IMPORTID
Column Name found in Datamart and Curated Table :: NUMBER
Column Name found in Datamart and Curated Table :: PROJECT_ID
Column Name found in Datamart and Curated Table :: FEETOTAL
Column Name found in Datamart and Curated Table :: TENANT_TYPE
Datamart tables contains additional column name like [ACTIVE_FLAG, RECORD_CREATE_DATE, RECORD_UPDATE_DATE, MASTER_ID]
Curated tables contains additional column name like [RECORD_CREATE_DATE, RECORD_UPDATE_DATE, RECORD_UPDATED_BY]]]>
  </system-out>
  <testcase classname="testcases.RAW_DATAMART_CURATED.SnowFlake_ColumnValidation_APITables" name="validateColumnName_BKP" time="2.884"/>
  <system-out>
    <![CDATA[Executing Snowflake query :: SELECT COLUMN_NAME FROM DEV_ENT_RAW.INFORMATION_SCHEMA.COLUMNS WHERE TABLE_NAME='ST_API_INVOICE'and TABLE_SCHEMA='API_MAT'
Executing Snowflake query :: SELECT COLUMN_NAME FROM CURATED_DATAMART.INFORMATION_SCHEMA.COLUMNS WHERE TABLE_NAME='STR_API_INVOICE'and TABLE_SCHEMA='ST_API_EANESHEATING'
Executing Snowflake query :: SELECT COLUMN_NAME FROM DEV_ENT_CURATED.INFORMATION_SCHEMA.COLUMNS WHERE TABLE_NAME='FACT_INVOICE'and TABLE_SCHEMA='MASTER_DIMENSIONS'
Column names for RAW Table --> ST_API_INVOICE :: [COMMISSIONELIGIBILITYDATE, TYPE_ID, NEWCONSTRUCTION, ACTIVE, BATCH_ID, DISCOUNTTOTAL, NETAMOUNT, ROYALTY_SENTON, SUMMARY, TECHNICIANACKNOWLEDGEMENTSIGNATURE, CREATEDBY_ID, ADJUSTMENTTO_ID, EXPORTID, EXTERNALID, INVOICEDON, PAIDON, PAYMENTTERM_ID, MODIFIEDON, MATERIALSKUREFERENCE_SKUTYPE, MEMBERSHIP_ID, STATUS, TAX, TAXZONE_ID, COUNTERSALESLOCATION_ID, NUMERICNUMBER, ROYALTY_STATUS, BUSINESSUNIT_ID, CONFIGURATION, CREATEDON, CUSTOMER_ID, JOB_ID, LOCATION_ID, ROYALTY_DATE, ACKNOWLEDGEMENTSIGNATURE, BALANCE, BILLINGDATE, EXCLUDEFROMPAYROLL, MATERIALTAX, AUTHORIZATIONSIGNATURE, PAYMENTDUEDATE, PROJECTLABELS, AUTHORIZEDAMOUNT, ID, INCLUDEINTECHNICIANREPORTS, MATERIALSKUREFERENCE_SKUID, PAYROLLDATE, SIGNATURE, SUBTOTAL, LABORTAX, MATERIALSKU_ID, ROYALTY_MEMO, TOTAL, FEETAX, IMPORTID, NUMBER, PROJECT_ID, FEETOTAL, TENANT_TYPE]
Column names for DataMart Table --> STR_API_INVOICE :: [ACTIVE_FLAG, CREATEDON, EXCLUDEFROMPAYROLL, IMPORTID, PROJECTLABELS, ROYALTY_STATUS, ACKNOWLEDGEMENTSIGNATURE, BUSINESSUNIT_ID, CUSTOMER_ID, EXTERNALID, MATERIALSKUREFERENCE_SKUID, MATERIALSKU_ID, TYPE_ID, TECHNICIANACKNOWLEDGEMENTSIGNATURE, EXPORTID, BATCH_ID, NUMBER, MATERIALTAX, SUBTOTAL, BALANCE, COMMISSIONELIGIBILITYDATE, FEETAX, FEETOTAL, JOB_ID, PAIDON, TOTAL, INVOICEDON, ROYALTY_SENTON, TAX, ACTIVE, CONFIGURATION, LOCATION_ID, PAYMENTDUEDATE, TENANT_TYPE, MEMBERSHIP_ID, NUMERICNUMBER, AUTHORIZEDAMOUNT, COUNTERSALESLOCATION_ID, CREATEDBY_ID, INCLUDEINTECHNICIANREPORTS, NETAMOUNT, RECORD_CREATE_DATE, MASTER_ID, PAYMENTTERM_ID, PROJECT_ID, MODIFIEDON, AUTHORIZATIONSIGNATURE, BILLINGDATE, ID, RECORD_UPDATE_DATE, DISCOUNTTOTAL, ROYALTY_DATE, PAYROLLDATE, ROYALTY_MEMO, ADJUSTMENTTO_ID, LABORTAX, MATERIALSKUREFERENCE_SKUTYPE, SIGNATURE, STATUS, SUMMARY, NEWCONSTRUCTION, TAXZONE_ID]
Column names for Curated Table --> FACT_INVOICE :: [CONFIGURATION, EXPORTID, EXTERNALID, MATERIALSKUREFERENCE_SKUTYPE, RECORD_UPDATED_BY, ROYALTY_DATE, FEETAX, TAX, TOTAL, BALANCE, BUSINESSUNIT_ID, CREATEDON, PAYMENTDUEDATE, PROJECT_ID, NETAMOUNT, NUMERICNUMBER, ROYALTY_SENTON, NUMBER, DISCOUNTTOTAL, EXCLUDEFROMPAYROLL, INCLUDEINTECHNICIANREPORTS, MODIFIEDON, STATUS, TENANT_TYPE, NEWCONSTRUCTION, ACKNOWLEDGEMENTSIGNATURE, ADJUSTMENTTO_ID, CREATEDBY_ID, CUSTOMER_ID, FEETOTAL, INVOICEDON, PAIDON, TYPE_ID, JOB_ID, LABORTAX, LOCATION_ID, ROYALTY_STATUS, SUMMARY, PROJECTLABELS, MATERIALSKUREFERENCE_SKUID, MATERIALSKU_ID, MEMBERSHIP_ID, COMMISSIONELIGIBILITYDATE, RECORD_CREATE_DATE, RECORD_UPDATE_DATE, SIGNATURE, AUTHORIZATIONSIGNATURE, BILLINGDATE, IMPORTID, TECHNICIANACKNOWLEDGEMENTSIGNATURE, AUTHORIZEDAMOUNT, ID, PAYROLLDATE, ACTIVE, COUNTERSALESLOCATION_ID, PAYMENTTERM_ID, SUBTOTAL, BATCH_ID, MATERIALTAX, ROYALTY_MEMO, TAXZONE_ID]
Column Name found in Datamart and Curated Table :: COMMISSIONELIGIBILITYDATE
Column Name found in Datamart and Curated Table :: TYPE_ID
Column Name found in Datamart and Curated Table :: NEWCONSTRUCTION
Column Name found in Datamart and Curated Table :: ACTIVE
Column Name found in Datamart and Curated Table :: BATCH_ID
Column Name found in Datamart and Curated Table :: DISCOUNTTOTAL
Column Name found in Datamart and Curated Table :: NETAMOUNT
Column Name found in Datamart and Curated Table :: ROYALTY_SENTON
Column Name found in Datamart and Curated Table :: SUMMARY
Column Name found in Datamart and Curated Table :: TECHNICIANACKNOWLEDGEMENTSIGNATURE
Column Name found in Datamart and Curated Table :: CREATEDBY_ID
Column Name found in Datamart and Curated Table :: ADJUSTMENTTO_ID
Column Name found in Datamart and Curated Table :: EXPORTID
Column Name found in Datamart and Curated Table :: EXTERNALID
Column Name found in Datamart and Curated Table :: INVOICEDON
Column Name found in Datamart and Curated Table :: PAIDON
Column Name found in Datamart and Curated Table :: PAYMENTTERM_ID
Column Name found in Datamart and Curated Table :: MODIFIEDON
Column Name found in Datamart and Curated Table :: MATERIALSKUREFERENCE_SKUTYPE
Column Name found in Datamart and Curated Table :: MEMBERSHIP_ID
Column Name found in Datamart and Curated Table :: STATUS
Column Name found in Datamart and Curated Table :: TAX
Column Name found in Datamart and Curated Table :: TAXZONE_ID
Column Name found in Datamart and Curated Table :: COUNTERSALESLOCATION_ID
Column Name found in Datamart and Curated Table :: NUMERICNUMBER
Column Name found in Datamart and Curated Table :: ROYALTY_STATUS
Column Name found in Datamart and Curated Table :: BUSINESSUNIT_ID
Column Name found in Datamart and Curated Table :: CONFIGURATION
Column Name found in Datamart and Curated Table :: CREATEDON
Column Name found in Datamart and Curated Table :: CUSTOMER_ID
Column Name found in Datamart and Curated Table :: JOB_ID
Column Name found in Datamart and Curated Table :: LOCATION_ID
Column Name found in Datamart and Curated Table :: ROYALTY_DATE
Column Name found in Datamart and Curated Table :: ACKNOWLEDGEMENTSIGNATURE
Column Name found in Datamart and Curated Table :: BALANCE
Column Name found in Datamart and Curated Table :: BILLINGDATE
Column Name found in Datamart and Curated Table :: EXCLUDEFROMPAYROLL
Column Name found in Datamart and Curated Table :: MATERIALTAX
Column Name found in Datamart and Curated Table :: AUTHORIZATIONSIGNATURE
Column Name found in Datamart and Curated Table :: PAYMENTDUEDATE
Column Name found in Datamart and Curated Table :: PROJECTLABELS
Column Name found in Datamart and Curated Table :: AUTHORIZEDAMOUNT
Column Name found in Datamart and Curated Table :: ID
Column Name found in Datamart and Curated Table :: INCLUDEINTECHNICIANREPORTS
Column Name found in Datamart and Curated Table :: MATERIALSKUREFERENCE_SKUID
Column Name found in Datamart and Curated Table :: PAYROLLDATE
Column Name found in Datamart and Curated Table :: SIGNATURE
Column Name found in Datamart and Curated Table :: SUBTOTAL
Column Name found in Datamart and Curated Table :: LABORTAX
Column Name found in Datamart and Curated Table :: MATERIALSKU_ID
Column Name found in Datamart and Curated Table :: ROYALTY_MEMO
Column Name found in Datamart and Curated Table :: TOTAL
Column Name found in Datamart and Curated Table :: FEETAX
Column Name found in Datamart and Curated Table :: IMPORTID
Column Name found in Datamart and Curated Table :: NUMBER
Column Name found in Datamart and Curated Table :: PROJECT_ID
Column Name found in Datamart and Curated Table :: FEETOTAL
Column Name found in Datamart and Curated Table :: TENANT_TYPE
Datamart tables contains additional column name like [ACTIVE_FLAG, RECORD_CREATE_DATE, RECORD_UPDATE_DATE, MASTER_ID]
Curated tables contains additional column name like [RECORD_CREATE_DATE, RECORD_UPDATE_DATE, RECORD_UPDATED_BY]]]>
  </system-out>
  <testcase classname="testcases.RAW_DATAMART_CURATED.SnowFlake_ColumnValidation_APITables" name="validateColumnName_BKP" time="2.348"/>
  <system-out>
    <![CDATA[Executing Snowflake query :: SELECT COLUMN_NAME FROM DEV_ENT_RAW.INFORMATION_SCHEMA.COLUMNS WHERE TABLE_NAME='ST_API_CUSTOMER'and TABLE_SCHEMA='API_MAT'
Executing Snowflake query :: SELECT COLUMN_NAME FROM CURATED_DATAMART.INFORMATION_SCHEMA.COLUMNS WHERE TABLE_NAME='STR_API_CUSTOMER'and TABLE_SCHEMA='ST_API_HENDERSON'
Executing Snowflake query :: SELECT COLUMN_NAME FROM DEV_ENT_CURATED.INFORMATION_SCHEMA.COLUMNS WHERE TABLE_NAME='DIM_CUSTOMER'and TABLE_SCHEMA='MASTER_DIMENSIONS'
Column names for RAW Table --> ST_API_CUSTOMER :: [ADDRESS_ISMANUALCOORDINATES, ADDRESS_ISMILITARY, ADDRESS_LATITUDE, ADDRESS_LONGITUDE, CREATEDON, NAME, IMPORTID, AR, CREATEDBY_ID, ADDRESS_COUNTRY, DONOTCHARGEINTERESTFEE, DONOTSENDPROMOTIONALEMAILS, HEADER, TAXEXEMPT, ADDRESS_UNIT, SHOWMEMBERSAVINGS, ADDRESS_STATE, MEMBERSHIP_ACTIVATEDFROM, MEMBERSHIP_TO, STATISTICS_ID, BALANCE, EXCLUDEFROMBULKPRINTING, MEMBERSHIP_ACTIVATEDBY, MODIFIEDON, ID, TYPE, ACTIVE, ADDRESS_CITY, AVALARAENTITYCODE, EXTERNALID, ADDRESS_ZIP, PAYMENTTERM_ID, MEMBERSHIP_CANCELLATIONDATE, ADDRESS_STREET, DONOTMAIL, DONOTSERVICE, MEMBERSHIP_FROM, NOCHARGE, TENANT_TYPE]
Column names for DataMart Table --> STR_API_CUSTOMER :: [ADDRESS_LATITUDE, DONOTMAIL, IMPORTID, MEMBERSHIP_CANCELLATIONDATE, MODIFIEDON, NAME, DONOTSERVICE, ACTIVE, MEMBERSHIP_ACTIVATEDBY, ADDRESS_COUNTRY, CREATEDON, MASTER_ID, MEMBERSHIP_FROM, ADDRESS_STREET, RECORD_UPDATE_DATE, ADDRESS_CITY, ADDRESS_LONGITUDE, ADDRESS_ZIP, AR, CREATEDBY_ID, EXTERNALID, STATISTICS_ID, SHOWMEMBERSAVINGS, ACTIVE_FLAG, AVALARAENTITYCODE, DONOTSENDPROMOTIONALEMAILS, MEMBERSHIP_TO, TENANT_TYPE, TYPE, ADDRESS_ISMANUALCOORDINATES, ADDRESS_ISMILITARY, NOCHARGE, ADDRESS_STATE, ADDRESS_UNIT, DONOTCHARGEINTERESTFEE, EXCLUDEFROMBULKPRINTING, ID, RECORD_CREATE_DATE, TAXEXEMPT, BALANCE, MEMBERSHIP_ACTIVATEDFROM, PAYMENTTERM_ID, HEADER]
Column names for Curated Table --> DIM_CUSTOMER :: [ADDRESS_UNIT, PAYMENTTERM_ID, BALANCE, IMPORTID, ACTIVE, ADDRESS_COUNTRY, ADDRESS_ISMANUALCOORDINATES, ADDRESS_STATE, ADDRESS_ZIP, AR, NAME, MEMBERSHIP_TO, ADDRESS_CITY, ADDRESS_STREET, DONOTSERVICE, MEMBERSHIP_CANCELLATIONDATE, NOCHARGE, HEADER, CREATEDBY_ID, EXTERNALID, MODIFIEDON, DONOTCHARGEINTERESTFEE, MEMBERSHIP_ACTIVATEDBY, RECORD_UPDATE_DATE, RECORD_UPDATED_BY, STATISTICS_ID, CREATEDON, DONOTMAIL, ID, TAXEXEMPT, RECORD_CREATE_DATE, ADDRESS_LATITUDE, ADDRESS_LONGITUDE, AVALARAENTITYCODE, DONOTSENDPROMOTIONALEMAILS, MEMBERSHIP_FROM, TENANT_TYPE, TYPE, ADDRESS_ISMILITARY, MEMBERSHIP_ACTIVATEDFROM, SHOWMEMBERSAVINGS, EXCLUDEFROMBULKPRINTING]
Column Name found in Datamart and Curated Table :: ADDRESS_ISMANUALCOORDINATES
Column Name found in Datamart and Curated Table :: ADDRESS_ISMILITARY
Column Name found in Datamart and Curated Table :: ADDRESS_LATITUDE
Column Name found in Datamart and Curated Table :: ADDRESS_LONGITUDE
Column Name found in Datamart and Curated Table :: CREATEDON
Column Name found in Datamart and Curated Table :: NAME
Column Name found in Datamart and Curated Table :: IMPORTID
Column Name found in Datamart and Curated Table :: AR
Column Name found in Datamart and Curated Table :: CREATEDBY_ID
Column Name found in Datamart and Curated Table :: ADDRESS_COUNTRY
Column Name found in Datamart and Curated Table :: DONOTCHARGEINTERESTFEE
Column Name found in Datamart and Curated Table :: DONOTSENDPROMOTIONALEMAILS
Column Name found in Datamart and Curated Table :: HEADER
Column Name found in Datamart and Curated Table :: TAXEXEMPT
Column Name found in Datamart and Curated Table :: ADDRESS_UNIT
Column Name found in Datamart and Curated Table :: SHOWMEMBERSAVINGS
Column Name found in Datamart and Curated Table :: ADDRESS_STATE
Column Name found in Datamart and Curated Table :: MEMBERSHIP_ACTIVATEDFROM
Column Name found in Datamart and Curated Table :: MEMBERSHIP_TO
Column Name found in Datamart and Curated Table :: STATISTICS_ID
Column Name found in Datamart and Curated Table :: BALANCE
Column Name found in Datamart and Curated Table :: EXCLUDEFROMBULKPRINTING
Column Name found in Datamart and Curated Table :: MEMBERSHIP_ACTIVATEDBY
Column Name found in Datamart and Curated Table :: MODIFIEDON
Column Name found in Datamart and Curated Table :: ID
Column Name found in Datamart and Curated Table :: TYPE
Column Name found in Datamart and Curated Table :: ACTIVE
Column Name found in Datamart and Curated Table :: ADDRESS_CITY
Column Name found in Datamart and Curated Table :: AVALARAENTITYCODE
Column Name found in Datamart and Curated Table :: EXTERNALID
Column Name found in Datamart and Curated Table :: ADDRESS_ZIP
Column Name found in Datamart and Curated Table :: PAYMENTTERM_ID
Column Name found in Datamart and Curated Table :: MEMBERSHIP_CANCELLATIONDATE
Column Name found in Datamart and Curated Table :: ADDRESS_STREET
Column Name found in Datamart and Curated Table :: DONOTMAIL
Column Name found in Datamart and Curated Table :: DONOTSERVICE
Column Name found in Datamart and Curated Table :: MEMBERSHIP_FROM
Column Name found in Datamart and Curated Table :: NOCHARGE
Column Name found in Datamart and Curated Table :: TENANT_TYPE
Datamart tables contains additional column name like [ACTIVE_FLAG, RECORD_CREATE_DATE, RECORD_UPDATE_DATE, MASTER_ID]
Curated tables contains additional column name like [RECORD_CREATE_DATE, RECORD_UPDATE_DATE, RECORD_UPDATED_BY]]]>
  </system-out>
  <testcase classname="testcases.RAW_DATAMART_CURATED.SnowFlake_ColumnValidation_APITables" name="validateColumnName_BKP" time="2.232"/>
  <system-out>
    <![CDATA[Executing Snowflake query :: SELECT COLUMN_NAME FROM DEV_ENT_RAW.INFORMATION_SCHEMA.COLUMNS WHERE TABLE_NAME='ST_API_CALL'and TABLE_SCHEMA='API_MAT'
Executing Snowflake query :: SELECT COLUMN_NAME FROM CURATED_DATAMART.INFORMATION_SCHEMA.COLUMNS WHERE TABLE_NAME='STR_API_CALL'and TABLE_SCHEMA='ST_API_FOURPROS'
Executing Snowflake query :: SELECT COLUMN_NAME FROM DEV_ENT_CURATED.INFORMATION_SCHEMA.COLUMNS WHERE TABLE_NAME='DIM_CALL'and TABLE_SCHEMA='MASTER_DIMENSIONS'
Column names for RAW Table --> ST_API_CALL :: [DURATION, CALLSERVICE, CREATEDON, CUSTOMER_ID, REASON_ID, RECORDINGURL, VOICEMAILPATH, CONVERSIONSCORE, TAG, AGENT_ID, DIRECTION, ESTIMATE_ID, FROM, STATUS, MODIFIEDON, EXCUSEMEMO, LOCATION_ID, RECORDINGID, SID, TO, IMPORTID, TYPE, JOB_ID, FOLLOWUP_ID, ID, REVIEWINGBY_ID, WONTREVIEW, ACTIVE, CAMPAIGN_ID, CREATEDBY_ID, REVIEWEDBY_ID, RECORDINGPATH, LEAD_ID, TENANT_TYPE]
Column names for DataMart Table --> STR_API_CALL :: [FROM, TYPE, IMPORTID, REASON_ID, MASTER_ID, CALLSERVICE, CAMPAIGN_ID, ID, REVIEWINGBY_ID, TAG, LOCATION_ID, AGENT_ID, CUSTOMER_ID, DURATION, RECORD_UPDATE_DATE, RECORDINGPATH, ACTIVE_FLAG, DIRECTION, ESTIMATE_ID, FOLLOWUP_ID, VOICEMAILPATH, CREATEDBY_ID, CREATEDON, EXCUSEMEMO, JOB_ID, MODIFIEDON, RECORDINGID, RECORD_CREATE_DATE, REVIEWEDBY_ID, SID, TENANT_TYPE, STATUS, ACTIVE, CONVERSIONSCORE, LEAD_ID, WONTREVIEW, RECORDINGURL, TO]
Column names for Curated Table --> DIM_CALL :: [ESTIMATE_ID, REASON_ID, WONTREVIEW, AGENT_ID, DIRECTION, FOLLOWUP_ID, LOCATION_ID, RECORDINGID, TAG, TYPE, CUSTOMER_ID, LEAD_ID, RECORDINGPATH, VOICEMAILPATH, STATUS, CONVERSIONSCORE, FROM, CREATEDBY_ID, DURATION, TENANT_TYPE, ACTIVE, CALLSERVICE, CAMPAIGN_ID, ID, RECORDINGURL, RECORD_UPDATE_DATE, RECORD_CREATE_DATE, JOB_ID, REVIEWEDBY_ID, TO, RECORD_UPDATED_BY, REVIEWINGBY_ID, SID, CREATEDON, EXCUSEMEMO, IMPORTID, MODIFIEDON]
Column Name found in Datamart and Curated Table :: DURATION
Column Name found in Datamart and Curated Table :: CALLSERVICE
Column Name found in Datamart and Curated Table :: CREATEDON
Column Name found in Datamart and Curated Table :: CUSTOMER_ID
Column Name found in Datamart and Curated Table :: REASON_ID
Column Name found in Datamart and Curated Table :: RECORDINGURL
Column Name found in Datamart and Curated Table :: VOICEMAILPATH
Column Name found in Datamart and Curated Table :: CONVERSIONSCORE
Column Name found in Datamart and Curated Table :: TAG
Column Name found in Datamart and Curated Table :: AGENT_ID
Column Name found in Datamart and Curated Table :: DIRECTION
Column Name found in Datamart and Curated Table :: ESTIMATE_ID
Column Name found in Datamart and Curated Table :: FROM
Column Name found in Datamart and Curated Table :: STATUS
Column Name found in Datamart and Curated Table :: MODIFIEDON
Column Name found in Datamart and Curated Table :: EXCUSEMEMO
Column Name found in Datamart and Curated Table :: LOCATION_ID
Column Name found in Datamart and Curated Table :: RECORDINGID
Column Name found in Datamart and Curated Table :: SID
Column Name found in Datamart and Curated Table :: TO
Column Name found in Datamart and Curated Table :: IMPORTID
Column Name found in Datamart and Curated Table :: TYPE
Column Name found in Datamart and Curated Table :: JOB_ID
Column Name found in Datamart and Curated Table :: FOLLOWUP_ID
Column Name found in Datamart and Curated Table :: ID
Column Name found in Datamart and Curated Table :: REVIEWINGBY_ID
Column Name found in Datamart and Curated Table :: WONTREVIEW
Column Name found in Datamart and Curated Table :: ACTIVE
Column Name found in Datamart and Curated Table :: CAMPAIGN_ID
Column Name found in Datamart and Curated Table :: CREATEDBY_ID
Column Name found in Datamart and Curated Table :: REVIEWEDBY_ID
Column Name found in Datamart and Curated Table :: RECORDINGPATH
Column Name found in Datamart and Curated Table :: LEAD_ID
Column Name found in Datamart and Curated Table :: TENANT_TYPE
Datamart tables contains additional column name like [ACTIVE_FLAG, RECORD_CREATE_DATE, RECORD_UPDATE_DATE, MASTER_ID]
Curated tables contains additional column name like [RECORD_CREATE_DATE, RECORD_UPDATE_DATE, RECORD_UPDATED_BY]]]>
  </system-out>
  <testcase classname="testcases.RAW_DATAMART_CURATED.SnowFlake_ColumnValidation_APITables" name="validateColumnName_BKP" time="6.461"/>
  <system-out>
    <![CDATA[Executing Snowflake query :: SELECT COLUMN_NAME FROM DEV_ENT_RAW.INFORMATION_SCHEMA.COLUMNS WHERE TABLE_NAME='ST_API_JOBASSIGNMENT'and TABLE_SCHEMA='API_MAT'
Executing Snowflake query :: SELECT COLUMN_NAME FROM CURATED_DATAMART.INFORMATION_SCHEMA.COLUMNS WHERE TABLE_NAME='STR_API_JOBASSIGNMENT'and TABLE_SCHEMA='ST_API_HORIZONSERVICES'
Executing Snowflake query :: SELECT COLUMN_NAME FROM DEV_ENT_CURATED.INFORMATION_SCHEMA.COLUMNS WHERE TABLE_NAME='DIM_JOBASSIGNMENT'and TABLE_SCHEMA='MASTER_DIMENSIONS'
Column names for RAW Table --> ST_API_JOBASSIGNMENT :: [CREATEDBY_ID, IMPORTID, TECHNICIANROLE_ID, DRIVETIME_ID, ISPAUSED, JOHNMOOREPAYROLLROLE, ACTIVE, COMMISSIONRATE, CREATEDON, GROSSPAY, ID, SPLIT, PAYROLLROLE, PROJECTLABELS, PAYTYPE, TECHNICIAN_ID, JOB_ID, MODIFIEDON, STATUS, TENANT_TYPE]
Column names for DataMart Table --> STR_API_JOBASSIGNMENT :: [COMMISSIONRATE, PAYTYPE, PROJECTLABELS, SPLIT, CREATEDBY_ID, CREATEDON, GROSSPAY, MODIFIEDON, ACTIVE, ACTIVE_FLAG, RECORD_CREATE_DATE, RECORD_UPDATE_DATE, ID, JOB_ID, TENANT_TYPE, TECHNICIAN_ID, JOHNMOOREPAYROLLROLE, STATUS, MASTER_ID, IMPORTID, PAYROLLROLE, DRIVETIME_ID, ISPAUSED, TECHNICIANROLE_ID]
Column names for Curated Table --> DIM_JOBASSIGNMENT :: [STATUS, COMMISSIONRATE, SPLIT, TECHNICIANROLE_ID, DRIVETIME_ID, GROSSPAY, RECORD_CREATE_DATE, JOHNMOOREPAYROLLROLE, MODIFIEDON, CREATEDBY_ID, ISPAUSED, SOURCE_PKEY_SPK, ID, PROJECTLABELS, RECORD_UPDATED_BY, PAYROLLROLE, JOB_ID, RECORD_UPDATE_DATE, TENANT_TYPE, IMPORTID, TECHNICIAN_ID, PAYTYPE, ACTIVE, CREATEDON]
Column Name found in Datamart and Curated Table :: CREATEDBY_ID
Column Name found in Datamart and Curated Table :: IMPORTID
Column Name found in Datamart and Curated Table :: TECHNICIANROLE_ID
Column Name found in Datamart and Curated Table :: DRIVETIME_ID
Column Name found in Datamart and Curated Table :: ISPAUSED
Column Name found in Datamart and Curated Table :: JOHNMOOREPAYROLLROLE
Column Name found in Datamart and Curated Table :: ACTIVE
Column Name found in Datamart and Curated Table :: COMMISSIONRATE
Column Name found in Datamart and Curated Table :: CREATEDON
Column Name found in Datamart and Curated Table :: GROSSPAY
Column Name found in Datamart and Curated Table :: ID
Column Name found in Datamart and Curated Table :: SPLIT
Column Name found in Datamart and Curated Table :: PAYROLLROLE
Column Name found in Datamart and Curated Table :: PROJECTLABELS
Column Name found in Datamart and Curated Table :: PAYTYPE
Column Name found in Datamart and Curated Table :: TECHNICIAN_ID
Column Name found in Datamart and Curated Table :: JOB_ID
Column Name found in Datamart and Curated Table :: MODIFIEDON
Column Name found in Datamart and Curated Table :: STATUS
Column Name found in Datamart and Curated Table :: TENANT_TYPE
Datamart tables contains additional column name like [ACTIVE_FLAG, RECORD_CREATE_DATE, RECORD_UPDATE_DATE, MASTER_ID]
Curated tables contains additional column name like [RECORD_CREATE_DATE, RECORD_UPDATE_DATE, RECORD_UPDATED_BY]]]>
  </system-out>
  <testcase classname="testcases.RAW_DATAMART_CURATED.SnowFlake_ColumnValidation_APITables" name="validateColumnName_BKP" time="2.885"/>
  <system-out>
    <![CDATA[Executing Snowflake query :: SELECT COLUMN_NAME FROM DEV_ENT_RAW.INFORMATION_SCHEMA.COLUMNS WHERE TABLE_NAME='ST_API_CANCELJOBREASON'and TABLE_SCHEMA='API_MAT'
Executing Snowflake query :: SELECT COLUMN_NAME FROM CURATED_DATAMART.INFORMATION_SCHEMA.COLUMNS WHERE TABLE_NAME='STR_API_CANCELJOBREASON'and TABLE_SCHEMA='ST_API_SNELLHEATINGAIR'
Executing Snowflake query :: SELECT COLUMN_NAME FROM DEV_ENT_CURATED.INFORMATION_SCHEMA.COLUMNS WHERE TABLE_NAME='DIM_CANCELJOBREASON'and TABLE_SCHEMA='MASTER_DIMENSIONS'
Column names for RAW Table --> ST_API_CANCELJOBREASON :: [CREATEDBY_ID, CREATEDON, ID, IMPORTID, MODIFIEDON, NAME, ACTIVE, TENANT_TYPE]
Column names for DataMart Table --> STR_API_CANCELJOBREASON :: [CREATEDBY_ID, IMPORTID, NAME, RECORD_UPDATE_DATE, MASTER_ID, RECORD_CREATE_DATE, TENANT_TYPE, MODIFIEDON, ACTIVE_FLAG, CREATEDON, ID, ACTIVE]
Column names for Curated Table --> DIM_CANCELJOBREASON :: [ID, IMPORTID, TENANT_TYPE, MODIFIEDON, CREATEDON, RECORD_UPDATED_BY, RECORD_UPDATE_DATE, RECORD_CREATE_DATE, ACTIVE, CREATEDBY_ID, NAME]
Column Name found in Datamart and Curated Table :: CREATEDBY_ID
Column Name found in Datamart and Curated Table :: CREATEDON
Column Name found in Datamart and Curated Table :: ID
Column Name found in Datamart and Curated Table :: IMPORTID
Column Name found in Datamart and Curated Table :: MODIFIEDON
Column Name found in Datamart and Curated Table :: NAME
Column Name found in Datamart and Curated Table :: ACTIVE
Column Name found in Datamart and Curated Table :: TENANT_TYPE
Datamart tables contains additional column name like [ACTIVE_FLAG, RECORD_CREATE_DATE, RECORD_UPDATE_DATE, MASTER_ID]
Curated tables contains additional column name like [RECORD_CREATE_DATE, RECORD_UPDATE_DATE, RECORD_UPDATED_BY]]]>
  </system-out>
  <testcase classname="testcases.RAW_DATAMART_CURATED.SnowFlake_ColumnValidation_APITables" name="validateColumnName_BKP" time="2.357"/>
  <system-out>
    <![CDATA[Executing Snowflake query :: SELECT COLUMN_NAME FROM DEV_ENT_RAW.INFORMATION_SCHEMA.COLUMNS WHERE TABLE_NAME='ST_API_CANCELJOBREASON'and TABLE_SCHEMA='API_MAT'
Executing Snowflake query :: SELECT COLUMN_NAME FROM CURATED_DATAMART.INFORMATION_SCHEMA.COLUMNS WHERE TABLE_NAME='STR_API_CANCELJOBREASON'and TABLE_SCHEMA='ST_API_HARP'
Executing Snowflake query :: SELECT COLUMN_NAME FROM DEV_ENT_CURATED.INFORMATION_SCHEMA.COLUMNS WHERE TABLE_NAME='DIM_CANCELJOBREASON'and TABLE_SCHEMA='MASTER_DIMENSIONS'
Column names for RAW Table --> ST_API_CANCELJOBREASON :: [CREATEDBY_ID, CREATEDON, ID, IMPORTID, MODIFIEDON, NAME, ACTIVE, TENANT_TYPE]
Column names for DataMart Table --> STR_API_CANCELJOBREASON :: [RECORD_UPDATE_DATE, CREATEDON, ACTIVE_FLAG, CREATEDBY_ID, NAME, ACTIVE, TENANT_TYPE, MASTER_ID, MODIFIEDON, RECORD_CREATE_DATE, ID, IMPORTID]
Column names for Curated Table --> DIM_CANCELJOBREASON :: [ID, IMPORTID, TENANT_TYPE, MODIFIEDON, CREATEDON, RECORD_UPDATED_BY, RECORD_UPDATE_DATE, RECORD_CREATE_DATE, ACTIVE, CREATEDBY_ID, NAME]
Column Name found in Datamart and Curated Table :: CREATEDBY_ID
Column Name found in Datamart and Curated Table :: CREATEDON
Column Name found in Datamart and Curated Table :: ID
Column Name found in Datamart and Curated Table :: IMPORTID
Column Name found in Datamart and Curated Table :: MODIFIEDON
Column Name found in Datamart and Curated Table :: NAME
Column Name found in Datamart and Curated Table :: ACTIVE
Column Name found in Datamart and Curated Table :: TENANT_TYPE
Datamart tables contains additional column name like [ACTIVE_FLAG, RECORD_CREATE_DATE, RECORD_UPDATE_DATE, MASTER_ID]
Curated tables contains additional column name like [RECORD_CREATE_DATE, RECORD_UPDATE_DATE, RECORD_UPDATED_BY]]]>
  </system-out>
  <testcase classname="testcases.RAW_DATAMART_CURATED.SnowFlake_ColumnValidation_APITables" name="validateColumnName_BKP" time="2.976"/>
  <system-out>
    <![CDATA[Executing Snowflake query :: SELECT COLUMN_NAME FROM DEV_ENT_RAW.INFORMATION_SCHEMA.COLUMNS WHERE TABLE_NAME='ST_API_HOLDJOBREASON'and TABLE_SCHEMA='API_MAT'
Executing Snowflake query :: SELECT COLUMN_NAME FROM CURATED_DATAMART.INFORMATION_SCHEMA.COLUMNS WHERE TABLE_NAME='STR_API_HOLDJOBREASON'and TABLE_SCHEMA='ST_API_HUTCHINSON'
Executing Snowflake query :: SELECT COLUMN_NAME FROM DEV_ENT_CURATED.INFORMATION_SCHEMA.COLUMNS WHERE TABLE_NAME='DIM_HOLDJOBREASON'and TABLE_SCHEMA='MASTER_DIMENSIONS'
Column names for RAW Table --> ST_API_HOLDJOBREASON :: [ID, ACTIVE, MODIFIEDON, CREATEDBY_ID, CREATEDON, NAME, IMPORTID, TENANT_TYPE]
Column names for DataMart Table --> STR_API_HOLDJOBREASON :: [CREATEDBY_ID, MODIFIEDON, ACTIVE_FLAG, RECORD_CREATE_DATE, ID, IMPORTID, RECORD_UPDATE_DATE, ACTIVE, TENANT_TYPE, NAME, CREATEDON, MASTER_ID]
Column names for Curated Table --> DIM_HOLDJOBREASON :: [ACTIVE, ID, NAME, RECORD_UPDATED_BY, CREATEDON, MODIFIEDON, RECORD_CREATE_DATE, RECORD_UPDATE_DATE, TENANT_TYPE, IMPORTID, CREATEDBY_ID]
Column Name found in Datamart and Curated Table :: ID
Column Name found in Datamart and Curated Table :: ACTIVE
Column Name found in Datamart and Curated Table :: MODIFIEDON
Column Name found in Datamart and Curated Table :: CREATEDBY_ID
Column Name found in Datamart and Curated Table :: CREATEDON
Column Name found in Datamart and Curated Table :: NAME
Column Name found in Datamart and Curated Table :: IMPORTID
Column Name found in Datamart and Curated Table :: TENANT_TYPE
Datamart tables contains additional column name like [ACTIVE_FLAG, RECORD_CREATE_DATE, RECORD_UPDATE_DATE, MASTER_ID]
Curated tables contains additional column name like [RECORD_CREATE_DATE, RECORD_UPDATE_DATE, RECORD_UPDATED_BY]]]>
  </system-out>
  <testcase classname="testcases.RAW_DATAMART_CURATED.SnowFlake_ColumnValidation_APITables" name="validateColumnName_BKP" time="2.268"/>
  <system-out>
    <![CDATA[Executing Snowflake query :: SELECT COLUMN_NAME FROM DEV_ENT_RAW.INFORMATION_SCHEMA.COLUMNS WHERE TABLE_NAME='ST_API_CANCELJOBREASON'and TABLE_SCHEMA='API_MAT'
Executing Snowflake query :: SELECT COLUMN_NAME FROM CURATED_DATAMART.INFORMATION_SCHEMA.COLUMNS WHERE TABLE_NAME='STR_API_CANCELJOBREASON'and TABLE_SCHEMA='ST_API_CASTEEL'
Executing Snowflake query :: SELECT COLUMN_NAME FROM DEV_ENT_CURATED.INFORMATION_SCHEMA.COLUMNS WHERE TABLE_NAME='DIM_CANCELJOBREASON'and TABLE_SCHEMA='MASTER_DIMENSIONS'
Column names for RAW Table --> ST_API_CANCELJOBREASON :: [CREATEDBY_ID, CREATEDON, ID, IMPORTID, MODIFIEDON, NAME, ACTIVE, TENANT_TYPE]
Column names for DataMart Table --> STR_API_CANCELJOBREASON :: [MASTER_ID, MODIFIEDON, RECORD_UPDATE_DATE, CREATEDON, IMPORTID, NAME, ACTIVE_FLAG, CREATEDBY_ID, RECORD_CREATE_DATE, ACTIVE, ID, TENANT_TYPE]
Column names for Curated Table --> DIM_CANCELJOBREASON :: [ID, IMPORTID, TENANT_TYPE, MODIFIEDON, CREATEDON, RECORD_UPDATED_BY, RECORD_UPDATE_DATE, RECORD_CREATE_DATE, ACTIVE, CREATEDBY_ID, NAME]
Column Name found in Datamart and Curated Table :: CREATEDBY_ID
Column Name found in Datamart and Curated Table :: CREATEDON
Column Name found in Datamart and Curated Table :: ID
Column Name found in Datamart and Curated Table :: IMPORTID
Column Name found in Datamart and Curated Table :: MODIFIEDON
Column Name found in Datamart and Curated Table :: NAME
Column Name found in Datamart and Curated Table :: ACTIVE
Column Name found in Datamart and Curated Table :: TENANT_TYPE
Datamart tables contains additional column name like [ACTIVE_FLAG, RECORD_CREATE_DATE, RECORD_UPDATE_DATE, MASTER_ID]
Curated tables contains additional column name like [RECORD_CREATE_DATE, RECORD_UPDATE_DATE, RECORD_UPDATED_BY]]]>
  </system-out>
  <testcase classname="testcases.RAW_DATAMART_CURATED.SnowFlake_ColumnValidation_APITables" name="validateColumnName_BKP" time="2.262"/>
  <system-out>
    <![CDATA[Executing Snowflake query :: SELECT COLUMN_NAME FROM DEV_ENT_RAW.INFORMATION_SCHEMA.COLUMNS WHERE TABLE_NAME='ST_API_ESTIMATE'and TABLE_SCHEMA='API_MAT'
Executing Snowflake query :: SELECT COLUMN_NAME FROM CURATED_DATAMART.INFORMATION_SCHEMA.COLUMNS WHERE TABLE_NAME='STR_API_ESTIMATE'and TABLE_SCHEMA='ST_API_HENDERSON'
Executing Snowflake query :: SELECT COLUMN_NAME FROM DEV_ENT_CURATED.INFORMATION_SCHEMA.COLUMNS WHERE TABLE_NAME='DIM_ESTIMATE'and TABLE_SCHEMA='MASTER_DIMENSIONS'
Column names for RAW Table --> ST_API_ESTIMATE :: [BUSINESSUNIT_ID, JOB_ID, MATERIALTAX, PROJECTLABELS, STATUS, PROPOSALTAGCOLOR, CLAIM_ID, ISCHANGEORDER, MATERIALSKUREFERENCE_SKUID, MODIFIEDON, SUMMARY, TECHNICIANPICKEDSOLDTYPE, ISRECOMMENDED, PROPOSALTAGNAME, CREATEDBY_ID, TAX, AUTHORIZEDON, ORDER, OPPORTUNITY_ID, FEETOTAL, IMPORTID, LABORTAX, SOLDBY_ID, SOLDINVOICE_ID, AUTHORIZATIONSIGNATURE, LOCATION_ID, PROCUREMENTTYPE, SOLDBYEMPLOYEE_ID, DISCOUNTTOTAL, TECHNICIANSIGNATURE, ACTIVE, MATERIALSKU_ID, MATERIALSKUREFERENCE_SKUTYPE, RENEWABLEMEMBERSHIP_ID, NAME, SOLDON, TOTALCOST, CREATEDON, TOTAL, ID, SOLDTYPE, PROJECTOPPORTUNITY_ID, TENANT_TYPE]
Column names for DataMart Table --> STR_API_ESTIMATE :: [CLAIM_ID, ISRECOMMENDED, ORDER, TOTALCOST, LABORTAX, PROPOSALTAGCOLOR, PROPOSALTAGNAME, ACTIVE_FLAG, BUSINESSUNIT_ID, CREATEDBY_ID, FEETOTAL, ID, RECORD_UPDATE_DATE, SOLDBY_ID, TECHNICIANPICKEDSOLDTYPE, STATUS, TENANT_TYPE, ACTIVE, SOLDINVOICE_ID, SOLDON, TECHNICIANSIGNATURE, CREATEDON, DISCOUNTTOTAL, MASTER_ID, MATERIALSKUREFERENCE_SKUID, MATERIALSKUREFERENCE_SKUTYPE, PROCUREMENTTYPE, PROJECTOPPORTUNITY_ID, IMPORTID, ISCHANGEORDER, TAX, MATERIALSKU_ID, OPPORTUNITY_ID, SOLDBYEMPLOYEE_ID, LOCATION_ID, MATERIALTAX, MODIFIEDON, AUTHORIZATIONSIGNATURE, NAME, AUTHORIZEDON, JOB_ID, SOLDTYPE, RECORD_CREATE_DATE, RENEWABLEMEMBERSHIP_ID, SUMMARY, TOTAL, PROJECTLABELS]
Column names for Curated Table --> DIM_ESTIMATE :: [CREATEDON, DISCOUNTTOTAL, LOCATION_ID, OPPORTUNITY_ID, PROPOSALTAGCOLOR, PROPOSALTAGNAME, SOLDINVOICE_ID, TENANT_TYPE, RECORD_UPDATED_BY, TOTALCOST, ISCHANGEORDER, NAME, BUSINESSUNIT_ID, FEETOTAL, MATERIALSKUREFERENCE_SKUTYPE, ISRECOMMENDED, ORDER, STATUS, TOTAL, SOLDTYPE, AUTHORIZEDON, CREATEDBY_ID, LABORTAX, PROCUREMENTTYPE, SOLDBYEMPLOYEE_ID, SOLDBY_ID, IMPORTID, MATERIALSKU_ID, TAX, TECHNICIANPICKEDSOLDTYPE, RENEWABLEMEMBERSHIP_ID, TECHNICIANSIGNATURE, MODIFIEDON, CLAIM_ID, ID, MATERIALSKUREFERENCE_SKUID, SOLDON, PROJECTLABELS, JOB_ID, ACTIVE, AUTHORIZATIONSIGNATURE, MATERIALTAX, PROJECTOPPORTUNITY_ID, RECORD_CREATE_DATE, SUMMARY, RECORD_UPDATE_DATE]
Column Name found in Datamart and Curated Table :: BUSINESSUNIT_ID
Column Name found in Datamart and Curated Table :: JOB_ID
Column Name found in Datamart and Curated Table :: MATERIALTAX
Column Name found in Datamart and Curated Table :: PROJECTLABELS
Column Name found in Datamart and Curated Table :: STATUS
Column Name found in Datamart and Curated Table :: PROPOSALTAGCOLOR
Column Name found in Datamart and Curated Table :: CLAIM_ID
Column Name found in Datamart and Curated Table :: ISCHANGEORDER
Column Name found in Datamart and Curated Table :: MATERIALSKUREFERENCE_SKUID
Column Name found in Datamart and Curated Table :: MODIFIEDON
Column Name found in Datamart and Curated Table :: SUMMARY
Column Name found in Datamart and Curated Table :: TECHNICIANPICKEDSOLDTYPE
Column Name found in Datamart and Curated Table :: ISRECOMMENDED
Column Name found in Datamart and Curated Table :: PROPOSALTAGNAME
Column Name found in Datamart and Curated Table :: CREATEDBY_ID
Column Name found in Datamart and Curated Table :: TAX
Column Name found in Datamart and Curated Table :: AUTHORIZEDON
Column Name found in Datamart and Curated Table :: ORDER
Column Name found in Datamart and Curated Table :: OPPORTUNITY_ID
Column Name found in Datamart and Curated Table :: FEETOTAL
Column Name found in Datamart and Curated Table :: IMPORTID
Column Name found in Datamart and Curated Table :: LABORTAX
Column Name found in Datamart and Curated Table :: SOLDBY_ID
Column Name found in Datamart and Curated Table :: SOLDINVOICE_ID
Column Name found in Datamart and Curated Table :: AUTHORIZATIONSIGNATURE
Column Name found in Datamart and Curated Table :: LOCATION_ID
Column Name found in Datamart and Curated Table :: PROCUREMENTTYPE
Column Name found in Datamart and Curated Table :: SOLDBYEMPLOYEE_ID
Column Name found in Datamart and Curated Table :: DISCOUNTTOTAL
Column Name found in Datamart and Curated Table :: TECHNICIANSIGNATURE
Column Name found in Datamart and Curated Table :: ACTIVE
Column Name found in Datamart and Curated Table :: MATERIALSKU_ID
Column Name found in Datamart and Curated Table :: MATERIALSKUREFERENCE_SKUTYPE
Column Name found in Datamart and Curated Table :: RENEWABLEMEMBERSHIP_ID
Column Name found in Datamart and Curated Table :: NAME
Column Name found in Datamart and Curated Table :: SOLDON
Column Name found in Datamart and Curated Table :: TOTALCOST
Column Name found in Datamart and Curated Table :: CREATEDON
Column Name found in Datamart and Curated Table :: TOTAL
Column Name found in Datamart and Curated Table :: ID
Column Name found in Datamart and Curated Table :: SOLDTYPE
Column Name found in Datamart and Curated Table :: PROJECTOPPORTUNITY_ID
Column Name found in Datamart and Curated Table :: TENANT_TYPE
Datamart tables contains additional column name like [ACTIVE_FLAG, RECORD_CREATE_DATE, RECORD_UPDATE_DATE, MASTER_ID]
Curated tables contains additional column name like [RECORD_CREATE_DATE, RECORD_UPDATE_DATE, RECORD_UPDATED_BY]]]>
  </system-out>
  <testcase classname="testcases.RAW_DATAMART_CURATED.SnowFlake_ColumnValidation_APITables" name="validateColumnName_BKP" time="3.405"/>
  <system-out>
    <![CDATA[Executing Snowflake query :: SELECT COLUMN_NAME FROM DEV_ENT_RAW.INFORMATION_SCHEMA.COLUMNS WHERE TABLE_NAME='ST_API_MATERIALVENDORSUBACCOUNT'and TABLE_SCHEMA='API_MAT'
Executing Snowflake query :: SELECT COLUMN_NAME FROM CURATED_DATAMART.INFORMATION_SCHEMA.COLUMNS WHERE TABLE_NAME='STR_API_MATERIALVENDORSUBACCOUNT'and TABLE_SCHEMA='ST_API_MAITZ'
Executing Snowflake query :: SELECT COLUMN_NAME FROM DEV_ENT_CURATED.INFORMATION_SCHEMA.COLUMNS WHERE TABLE_NAME='DIM_MATERIALVENDORSUBACCOUNT'and TABLE_SCHEMA='MASTER_DIMENSIONS'
Column names for RAW Table --> ST_API_MATERIALVENDORSUBACCOUNT :: [MATERIALVENDOR_ID, ACCOUNTNAME, ACTIVE, COST, CREATEDBY_ID, ID, CREATEDON, IMPORTID, TENANT_TYPE]
Column names for DataMart Table --> STR_API_MATERIALVENDORSUBACCOUNT :: [IMPORTID, ACCOUNTNAME, ACTIVE, RECORD_CREATE_DATE, CREATEDBY_ID, ID, MASTER_ID, RECORD_UPDATE_DATE, TENANT_TYPE, MATERIALVENDOR_ID, ACTIVE_FLAG, COST, CREATEDON]
Column names for Curated Table --> DIM_MATERIALVENDORSUBACCOUNT :: [RECORD_CREATE_DATE, IMPORTID, ACTIVE, CREATEDBY_ID, CREATEDON, ID, RECORD_UPDATE_DATE, TENANT_TYPE, RECORD_UPDATED_BY, ACCOUNTNAME, MATERIALVENDOR_ID, COST]
Column Name found in Datamart and Curated Table :: MATERIALVENDOR_ID
Column Name found in Datamart and Curated Table :: ACCOUNTNAME
Column Name found in Datamart and Curated Table :: ACTIVE
Column Name found in Datamart and Curated Table :: COST
Column Name found in Datamart and Curated Table :: CREATEDBY_ID
Column Name found in Datamart and Curated Table :: ID
Column Name found in Datamart and Curated Table :: CREATEDON
Column Name found in Datamart and Curated Table :: IMPORTID
Column Name found in Datamart and Curated Table :: TENANT_TYPE
Datamart tables contains additional column name like [ACTIVE_FLAG, RECORD_CREATE_DATE, RECORD_UPDATE_DATE, MASTER_ID]
Curated tables contains additional column name like [RECORD_CREATE_DATE, RECORD_UPDATE_DATE, RECORD_UPDATED_BY]]]>
  </system-out>
  <testcase classname="testcases.RAW_DATAMART_CURATED.SnowFlake_ColumnValidation_APITables" name="validateColumnName_BKP" time="2.061"/>
  <system-out>
    <![CDATA[Executing Snowflake query :: SELECT COLUMN_NAME FROM DEV_ENT_RAW.INFORMATION_SCHEMA.COLUMNS WHERE TABLE_NAME='ST_API_MATERIALVENDOR'and TABLE_SCHEMA='API_MAT'
Executing Snowflake query :: SELECT COLUMN_NAME FROM CURATED_DATAMART.INFORMATION_SCHEMA.COLUMNS WHERE TABLE_NAME='STR_API_MATERIALVENDOR'and TABLE_SCHEMA='ST_API_EANESHEATING'
Executing Snowflake query :: SELECT COLUMN_NAME FROM DEV_ENT_CURATED.INFORMATION_SCHEMA.COLUMNS WHERE TABLE_NAME='DIM_MATERIALVENDOR'and TABLE_SCHEMA='MASTER_DIMENSIONS'
Column names for RAW Table --> ST_API_MATERIALVENDOR :: [ACTIVE, CREATEDON, MEMO, VENDOR_ID, CREATEDBY_ID, COST, ID, ISPRIMARY, IMPORTID, PRIMARYSUBACCOUNT_ID, MATERIAL_ID, PARTNUMBER, TENANT_TYPE]
Column names for DataMart Table --> STR_API_MATERIALVENDOR :: [RECORD_UPDATE_DATE, ACTIVE_FLAG, COST, CREATEDON, CREATEDBY_ID, MASTER_ID, RECORD_CREATE_DATE, ACTIVE, IMPORTID, ID, TENANT_TYPE, ISPRIMARY, PARTNUMBER, PRIMARYSUBACCOUNT_ID, VENDOR_ID, MEMO, MATERIAL_ID]
Column names for Curated Table --> DIM_MATERIALVENDOR :: [ID, MATERIAL_ID, ACTIVE, COST, CREATEDBY_ID, IMPORTID, ISPRIMARY, PRIMARYSUBACCOUNT_ID, RECORD_UPDATE_DATE, TENANT_TYPE, MEMO, RECORD_UPDATED_BY, VENDOR_ID, CREATEDON, PARTNUMBER, RECORD_CREATE_DATE]
Column Name found in Datamart and Curated Table :: ACTIVE
Column Name found in Datamart and Curated Table :: CREATEDON
Column Name found in Datamart and Curated Table :: MEMO
Column Name found in Datamart and Curated Table :: VENDOR_ID
Column Name found in Datamart and Curated Table :: CREATEDBY_ID
Column Name found in Datamart and Curated Table :: COST
Column Name found in Datamart and Curated Table :: ID
Column Name found in Datamart and Curated Table :: ISPRIMARY
Column Name found in Datamart and Curated Table :: IMPORTID
Column Name found in Datamart and Curated Table :: PRIMARYSUBACCOUNT_ID
Column Name found in Datamart and Curated Table :: MATERIAL_ID
Column Name found in Datamart and Curated Table :: PARTNUMBER
Column Name found in Datamart and Curated Table :: TENANT_TYPE
Datamart tables contains additional column name like [ACTIVE_FLAG, RECORD_CREATE_DATE, RECORD_UPDATE_DATE, MASTER_ID]
Curated tables contains additional column name like [RECORD_CREATE_DATE, RECORD_UPDATE_DATE, RECORD_UPDATED_BY]]]>
  </system-out>
  <testcase classname="testcases.RAW_DATAMART_CURATED.SnowFlake_ColumnValidation_APITables" name="validateColumnName_BKP" time="2.358"/>
  <system-out>
    <![CDATA[Executing Snowflake query :: SELECT COLUMN_NAME FROM DEV_ENT_RAW.INFORMATION_SCHEMA.COLUMNS WHERE TABLE_NAME='ST_API_MATERIALVENDORSUBACCOUNT'and TABLE_SCHEMA='API_MAT'
Executing Snowflake query :: SELECT COLUMN_NAME FROM CURATED_DATAMART.INFORMATION_SCHEMA.COLUMNS WHERE TABLE_NAME='STR_API_MATERIALVENDORSUBACCOUNT'and TABLE_SCHEMA='ST_API_EANESHEATING'
Executing Snowflake query :: SELECT COLUMN_NAME FROM DEV_ENT_CURATED.INFORMATION_SCHEMA.COLUMNS WHERE TABLE_NAME='DIM_MATERIALVENDORSUBACCOUNT'and TABLE_SCHEMA='MASTER_DIMENSIONS'
Column names for RAW Table --> ST_API_MATERIALVENDORSUBACCOUNT :: [MATERIALVENDOR_ID, ACCOUNTNAME, ACTIVE, COST, CREATEDBY_ID, ID, CREATEDON, IMPORTID, TENANT_TYPE]
Column names for DataMart Table --> STR_API_MATERIALVENDORSUBACCOUNT :: [ACCOUNTNAME, IMPORTID, MATERIALVENDOR_ID, RECORD_UPDATE_DATE, ACTIVE, RECORD_CREATE_DATE, ACTIVE_FLAG, COST, CREATEDON, ID, CREATEDBY_ID, MASTER_ID, TENANT_TYPE]
Column names for Curated Table --> DIM_MATERIALVENDORSUBACCOUNT :: [RECORD_CREATE_DATE, IMPORTID, ACTIVE, CREATEDBY_ID, CREATEDON, ID, RECORD_UPDATE_DATE, TENANT_TYPE, RECORD_UPDATED_BY, ACCOUNTNAME, MATERIALVENDOR_ID, COST]
Column Name found in Datamart and Curated Table :: MATERIALVENDOR_ID
Column Name found in Datamart and Curated Table :: ACCOUNTNAME
Column Name found in Datamart and Curated Table :: ACTIVE
Column Name found in Datamart and Curated Table :: COST
Column Name found in Datamart and Curated Table :: CREATEDBY_ID
Column Name found in Datamart and Curated Table :: ID
Column Name found in Datamart and Curated Table :: CREATEDON
Column Name found in Datamart and Curated Table :: IMPORTID
Column Name found in Datamart and Curated Table :: TENANT_TYPE
Datamart tables contains additional column name like [ACTIVE_FLAG, RECORD_CREATE_DATE, RECORD_UPDATE_DATE, MASTER_ID]
Curated tables contains additional column name like [RECORD_CREATE_DATE, RECORD_UPDATE_DATE, RECORD_UPDATED_BY]]]>
  </system-out>
  <testcase classname="testcases.RAW_DATAMART_CURATED.SnowFlake_ColumnValidation_APITables" name="validateColumnName_BKP" time="2.348"/>
  <system-out>
    <![CDATA[Executing Snowflake query :: SELECT COLUMN_NAME FROM DEV_ENT_RAW.INFORMATION_SCHEMA.COLUMNS WHERE TABLE_NAME='ST_API_TIMESHEETCODE'and TABLE_SCHEMA='API_MAT'
Executing Snowflake query :: SELECT COLUMN_NAME FROM CURATED_DATAMART.INFORMATION_SCHEMA.COLUMNS WHERE TABLE_NAME='STR_API_TIMESHEETCODE'and TABLE_SCHEMA='ST_API_SNELLHEATINGAIR'
Executing Snowflake query :: SELECT COLUMN_NAME FROM DEV_ENT_CURATED.INFORMATION_SCHEMA.COLUMNS WHERE TABLE_NAME='DIM_TIMESHEETCODE'and TABLE_SCHEMA='MASTER_DIMENSIONS'
Column names for RAW Table --> ST_API_TIMESHEETCODE :: [ADDRESS_ZIP, ROUTEAROUNDNJA, IMPORTID, RATEMULTIPLIER, STANDARDPAYROLLCONTROLCODE_ID, ADDRESS_COUNTRY, CODE, COUNTONJOBCOUNTER, OVERTIMEPAYROLLCONTROLCODE_ID, PAYROLLPOSTINGGROUP_ID, OVERTIMEPAYCODE_ID, ADDRESS_STREET, BUSINESSUNIT_ID, EXCLUDEABSENTEVENT, HOURLYRATE, SENDALERTSONMOBILE, VISIBILITY, ACTIVE, ID, TYPE, ADDRESS_ISMILITARY, ADDRESS_STATE, CREATEDBY_ID, APPLICABLEEMPLOYEETYPE, DOUBLEOVERTIMEPAYCODE_ID, GEOFENCECLOCKINMODE, STANDARDPAYCODE_ID, ADDRESS_LONGITUDE, DEDUCTCOMMUTETIME, EVENTNAME, STPAYCODE, ENABLESIMPLECLOCKINOUT, OTPAYCODE, CREATEDON, ADDRESS_CITY, ADDRESS_ISMANUALCOORDINATES, ADDRESS_LATITUDE, ADDRESS_UNIT, DESCRIPTION, ISDEFAULTSHOPTIME, CUSTOMHOURLYRATE, ISAUTOCLOCKINENABLED, TENANT_TYPE]
Column names for DataMart Table --> STR_API_TIMESHEETCODE :: [ADDRESS_ISMILITARY, EVENTNAME, ISDEFAULTSHOPTIME, OTPAYCODE, PAYROLLPOSTINGGROUP_ID, STANDARDPAYROLLCONTROLCODE_ID, VISIBILITY, ADDRESS_COUNTRY, GEOFENCECLOCKINMODE, ADDRESS_STATE, CUSTOMHOURLYRATE, DESCRIPTION, STPAYCODE, ADDRESS_STREET, RECORD_UPDATE_DATE, TENANT_TYPE, TYPE, ACTIVE_FLAG, ROUTEAROUNDNJA, ENABLESIMPLECLOCKINOUT, HOURLYRATE, MASTER_ID, DOUBLEOVERTIMEPAYCODE_ID, ADDRESS_ISMANUALCOORDINATES, APPLICABLEEMPLOYEETYPE, BUSINESSUNIT_ID, COUNTONJOBCOUNTER, CREATEDON, EXCLUDEABSENTEVENT, ISAUTOCLOCKINENABLED, STANDARDPAYCODE_ID, OVERTIMEPAYCODE_ID, ID, ADDRESS_LONGITUDE, RATEMULTIPLIER, DEDUCTCOMMUTETIME, ADDRESS_UNIT, IMPORTID, SENDALERTSONMOBILE, ACTIVE, ADDRESS_ZIP, CODE, CREATEDBY_ID, RECORD_CREATE_DATE, OVERTIMEPAYROLLCONTROLCODE_ID, ADDRESS_CITY, ADDRESS_LATITUDE]
Column names for Curated Table --> DIM_TIMESHEETCODE :: [ADDRESS_STREET, ADDRESS_ZIP, CUSTOMHOURLYRATE, DOUBLEOVERTIMEPAYCODE_ID, ENABLESIMPLECLOCKINOUT, DESCRIPTION, ADDRESS_ISMANUALCOORDINATES, ADDRESS_LONGITUDE, IMPORTID, CREATEDON, DEDUCTCOMMUTETIME, ID, ADDRESS_LATITUDE, CREATEDBY_ID, GEOFENCECLOCKINMODE, ROUTEAROUNDNJA, HOURLYRATE, RECORD_UPDATED_BY, RECORD_UPDATE_DATE, ADDRESS_UNIT, CODE, STANDARDPAYCODE_ID, OTPAYCODE, STPAYCODE, APPLICABLEEMPLOYEETYPE, OVERTIMEPAYCODE_ID, RATEMULTIPLIER, STANDARDPAYROLLCONTROLCODE_ID, EXCLUDEABSENTEVENT, PAYROLLPOSTINGGROUP_ID, TYPE, VISIBILITY, OVERTIMEPAYROLLCONTROLCODE_ID, ADDRESS_ISMILITARY, ADDRESS_STATE, ISDEFAULTSHOPTIME, ACTIVE, ADDRESS_CITY, BUSINESSUNIT_ID, COUNTONJOBCOUNTER, EVENTNAME, SENDALERTSONMOBILE, ADDRESS_COUNTRY, ISAUTOCLOCKINENABLED, TENANT_TYPE, RECORD_CREATE_DATE]
Column Name found in Datamart and Curated Table :: ADDRESS_ZIP
Column Name found in Datamart and Curated Table :: ROUTEAROUNDNJA
Column Name found in Datamart and Curated Table :: IMPORTID
Column Name found in Datamart and Curated Table :: RATEMULTIPLIER
Column Name found in Datamart and Curated Table :: STANDARDPAYROLLCONTROLCODE_ID
Column Name found in Datamart and Curated Table :: ADDRESS_COUNTRY
Column Name found in Datamart and Curated Table :: CODE
Column Name found in Datamart and Curated Table :: COUNTONJOBCOUNTER
Column Name found in Datamart and Curated Table :: OVERTIMEPAYROLLCONTROLCODE_ID
Column Name found in Datamart and Curated Table :: PAYROLLPOSTINGGROUP_ID
Column Name found in Datamart and Curated Table :: OVERTIMEPAYCODE_ID
Column Name found in Datamart and Curated Table :: ADDRESS_STREET
Column Name found in Datamart and Curated Table :: BUSINESSUNIT_ID
Column Name found in Datamart and Curated Table :: EXCLUDEABSENTEVENT
Column Name found in Datamart and Curated Table :: HOURLYRATE
Column Name found in Datamart and Curated Table :: SENDALERTSONMOBILE
Column Name found in Datamart and Curated Table :: VISIBILITY
Column Name found in Datamart and Curated Table :: ACTIVE
Column Name found in Datamart and Curated Table :: ID
Column Name found in Datamart and Curated Table :: TYPE
Column Name found in Datamart and Curated Table :: ADDRESS_ISMILITARY
Column Name found in Datamart and Curated Table :: ADDRESS_STATE
Column Name found in Datamart and Curated Table :: CREATEDBY_ID
Column Name found in Datamart and Curated Table :: APPLICABLEEMPLOYEETYPE
Column Name found in Datamart and Curated Table :: DOUBLEOVERTIMEPAYCODE_ID
Column Name found in Datamart and Curated Table :: GEOFENCECLOCKINMODE
Column Name found in Datamart and Curated Table :: STANDARDPAYCODE_ID
Column Name found in Datamart and Curated Table :: ADDRESS_LONGITUDE
Column Name found in Datamart and Curated Table :: DEDUCTCOMMUTETIME
Column Name found in Datamart and Curated Table :: EVENTNAME
Column Name found in Datamart and Curated Table :: STPAYCODE
Column Name found in Datamart and Curated Table :: ENABLESIMPLECLOCKINOUT
Column Name found in Datamart and Curated Table :: OTPAYCODE
Column Name found in Datamart and Curated Table :: CREATEDON
Column Name found in Datamart and Curated Table :: ADDRESS_CITY
Column Name found in Datamart and Curated Table :: ADDRESS_ISMANUALCOORDINATES
Column Name found in Datamart and Curated Table :: ADDRESS_LATITUDE
Column Name found in Datamart and Curated Table :: ADDRESS_UNIT
Column Name found in Datamart and Curated Table :: DESCRIPTION
Column Name found in Datamart and Curated Table :: ISDEFAULTSHOPTIME
Column Name found in Datamart and Curated Table :: CUSTOMHOURLYRATE
Column Name found in Datamart and Curated Table :: ISAUTOCLOCKINENABLED
Column Name found in Datamart and Curated Table :: TENANT_TYPE
Datamart tables contains additional column name like [ACTIVE_FLAG, RECORD_CREATE_DATE, RECORD_UPDATE_DATE, MASTER_ID]
Curated tables contains additional column name like [RECORD_CREATE_DATE, RECORD_UPDATE_DATE, RECORD_UPDATED_BY]]]>
  </system-out>
  <testcase classname="testcases.RAW_DATAMART_CURATED.SnowFlake_ColumnValidation_APITables" name="validateColumnName_BKP" time="2.488"/>
  <system-out>
    <![CDATA[Executing Snowflake query :: SELECT COLUMN_NAME FROM DEV_ENT_RAW.INFORMATION_SCHEMA.COLUMNS WHERE TABLE_NAME='ST_API_EMPLOYEE'and TABLE_SCHEMA='API_MAT'
Executing Snowflake query :: SELECT COLUMN_NAME FROM CURATED_DATAMART.INFORMATION_SCHEMA.COLUMNS WHERE TABLE_NAME='STR_API_EMPLOYEE'and TABLE_SCHEMA='ST_API_FOURPROS'
Executing Snowflake query :: SELECT COLUMN_NAME FROM DEV_ENT_CURATED.INFORMATION_SCHEMA.COLUMNS WHERE TABLE_NAME='DIM_EMPLOYEE'and TABLE_SCHEMA='MASTER_DIMENSIONS'
Column names for RAW Table --> ST_API_EMPLOYEE :: [HOME_ISMILITARY, HOME_STATE, HOME_UNIT, MANAGER_ID, MOBILEPHONE, PAYROLLID, PHONE, OVERTIMEMODE, PHOTO, PAYROLLBUSINESSUNIT_ID, ACTIVE, AGENTID, CLOCKINOUTREMINDER, EMAILCONFIRMED, FIRSTNAME, PAYFREQUENCY_ID, HOME_ZIP, NAME, HOME_LONGITUDE, HOME_LATITUDE, LASTNAME, SALESFORCEROLE, CREATEDON, USER_ID, IMPORTID, ID, SALESFORCECONTACTID, BIRTHDATE, CREATEDBY_ID, EMAIL, HOME_COUNTRY, HOME_STREET, HOURLYRATE, STARTDATE, MOBILEPHONECONFIRMED, PAYROLLSTARTPERIOD, PHONECONFIRMED, POSITION, HOME_CITY, ISEXTERNAL, HOME_ISMANUALCOORDINATES, MIDDLENAME, MODIFIEDON, OVERTIMEPROFILE_ID, TENANT_TYPE]
Column names for DataMart Table --> STR_API_EMPLOYEE :: [ACTIVE_FLAG, ISEXCLUDEDFROMPAYROLL, RECORD_CREATE_DATE, HOME_LONGITUDE, PAYROLLBUSINESSUNIT_ID, SALESFORCECONTACTID, ID, PAYFREQUENCY_ID, SALESFORCEROLE, CREATEDBY_ID, FIRSTNAME, OVERTIMEPROFILE_ID, TENANT_TYPE, EMAILCONFIRMED, HOME_STATE, PAYROLLSTARTPERIOD, BIRTHDATE, HOME_ISMANUALCOORDINATES, HOURLYRATE, LASTNAME, MIDDLENAME, PHONECONFIRMED, POSITION, PHONE, OVERTIMEMODE, CLOCKINOUTREMINDER, HOME_COUNTRY, HOME_ZIP, NAME, IMPORTID, ISEXTERNAL, MASTER_ID, MODIFIEDON, STARTDATE, USER_ID, CREATEDON, EMAIL, HOME_UNIT, MANAGER_ID, PAYROLLID, MOBILEPHONE, ACTIVE, AGENTID, HOME_ISMILITARY, HOME_STREET, PHOTO, HOME_CITY, HOME_LATITUDE, MOBILEPHONECONFIRMED, RECORD_UPDATE_DATE]
Column names for Curated Table --> DIM_EMPLOYEE :: [CREATEDON, EMAIL, HOME_COUNTRY, HOME_ISMILITARY, PAYROLLID, PHONECONFIRMED, PAYROLLSTARTPERIOD, STARTDATE, PHONE, EMAILCONFIRMED, MOBILEPHONE, PAYFREQUENCY_ID, USER_ID, HOME_STATE, ISEXTERNAL, SALESFORCEROLE, CLOCKINOUTREMINDER, OVERTIMEMODE, ACTIVE, FIRSTNAME, HOURLYRATE, ISEXCLUDEDFROMPAYROLL, PAYROLLBUSINESSUNIT_ID, SALESFORCECONTACTID, AGENTID, CREATEDBY_ID, MANAGER_ID, HOME_ZIP, ID, IMPORTID, MODIFIEDON, PHOTO, RECORD_CREATE_DATE, BIRTHDATE, HOME_LATITUDE, HOME_STREET, POSITION, MOBILEPHONECONFIRMED, RECORD_UPDATED_BY, HOME_CITY, HOME_ISMANUALCOORDINATES, HOME_LONGITUDE, HOME_UNIT, LASTNAME, MIDDLENAME, TENANT_TYPE, NAME, RECORD_UPDATE_DATE, OVERTIMEPROFILE_ID]
Column Name found in Datamart and Curated Table :: HOME_ISMILITARY
Column Name found in Datamart and Curated Table :: HOME_STATE
Column Name found in Datamart and Curated Table :: HOME_UNIT
Column Name found in Datamart and Curated Table :: MANAGER_ID
Column Name found in Datamart and Curated Table :: MOBILEPHONE
Column Name found in Datamart and Curated Table :: PAYROLLID
Column Name found in Datamart and Curated Table :: PHONE
Column Name found in Datamart and Curated Table :: OVERTIMEMODE
Column Name found in Datamart and Curated Table :: PHOTO
Column Name found in Datamart and Curated Table :: PAYROLLBUSINESSUNIT_ID
Column Name found in Datamart and Curated Table :: ACTIVE
Column Name found in Datamart and Curated Table :: AGENTID
Column Name found in Datamart and Curated Table :: CLOCKINOUTREMINDER
Column Name found in Datamart and Curated Table :: EMAILCONFIRMED
Column Name found in Datamart and Curated Table :: FIRSTNAME
Column Name found in Datamart and Curated Table :: PAYFREQUENCY_ID
Column Name found in Datamart and Curated Table :: HOME_ZIP
Column Name found in Datamart and Curated Table :: NAME
Column Name found in Datamart and Curated Table :: HOME_LONGITUDE
Column Name found in Datamart and Curated Table :: HOME_LATITUDE
Column Name found in Datamart and Curated Table :: LASTNAME
Column Name found in Datamart and Curated Table :: SALESFORCEROLE
Column Name found in Datamart and Curated Table :: CREATEDON
Column Name found in Datamart and Curated Table :: USER_ID
Column Name found in Datamart and Curated Table :: IMPORTID
Column Name found in Datamart and Curated Table :: ID
Column Name found in Datamart and Curated Table :: SALESFORCECONTACTID
Column Name found in Datamart and Curated Table :: BIRTHDATE
Column Name found in Datamart and Curated Table :: CREATEDBY_ID
Column Name found in Datamart and Curated Table :: EMAIL
Column Name found in Datamart and Curated Table :: HOME_COUNTRY
Column Name found in Datamart and Curated Table :: HOME_STREET
Column Name found in Datamart and Curated Table :: HOURLYRATE
Column Name found in Datamart and Curated Table :: STARTDATE
Column Name found in Datamart and Curated Table :: MOBILEPHONECONFIRMED
Column Name found in Datamart and Curated Table :: PAYROLLSTARTPERIOD
Column Name found in Datamart and Curated Table :: PHONECONFIRMED
Column Name found in Datamart and Curated Table :: POSITION
Column Name found in Datamart and Curated Table :: HOME_CITY
Column Name found in Datamart and Curated Table :: ISEXTERNAL
Column Name found in Datamart and Curated Table :: HOME_ISMANUALCOORDINATES
Column Name found in Datamart and Curated Table :: MIDDLENAME
Column Name found in Datamart and Curated Table :: MODIFIEDON
Column Name found in Datamart and Curated Table :: OVERTIMEPROFILE_ID
Column Name found in Datamart and Curated Table :: TENANT_TYPE
Datamart tables contains additional column name like [ACTIVE_FLAG, RECORD_CREATE_DATE, RECORD_UPDATE_DATE, MASTER_ID]
Curated tables contains additional column name like [RECORD_CREATE_DATE, RECORD_UPDATE_DATE, RECORD_UPDATED_BY]]]>
  </system-out>
  <testcase classname="testcases.RAW_DATAMART_CURATED.SnowFlake_ColumnValidation_APITables" name="validateColumnName_BKP" time="3.171"/>
  <system-out>
    <![CDATA[Executing Snowflake query :: SELECT COLUMN_NAME FROM DEV_ENT_RAW.INFORMATION_SCHEMA.COLUMNS WHERE TABLE_NAME='ST_API_LEAD'and TABLE_SCHEMA='API_MAT'
Executing Snowflake query :: SELECT COLUMN_NAME FROM CURATED_DATAMART.INFORMATION_SCHEMA.COLUMNS WHERE TABLE_NAME='STR_API_LEAD'and TABLE_SCHEMA='ST_API_MAITZ'
Executing Snowflake query :: SELECT COLUMN_NAME FROM DEV_ENT_CURATED.INFORMATION_SCHEMA.COLUMNS WHERE TABLE_NAME='DIM_LEAD'and TABLE_SCHEMA='MASTER_DIMENSIONS'
Column names for RAW Table --> ST_API_LEAD :: [CREATEDBY_ID, ID, CREATEDON, PRIORITY, PROJECT_ID, STATUS, ESTIMATE_ID, JOBTYPE_ID, MODIFIEDON, SUMMARY, CUSTOMER_ID, LOCATION_ID, CAMPAIGN_ID, LATESTFOLLOWUPDATE, ACTIVE, BUSINESSUNIT_ID, IMPORTID, TENANT_TYPE]
Column names for DataMart Table --> STR_API_LEAD :: [IMPORTID, MD5_VALUE, CAMPAIGN_ID, CREATEDBY_ID, SUMMARY, ACTIVE, CUSTOMER_ID, ESTIMATE_ID, MASTER_ID, PROJECT_ID, ACTIVE_FLAG, CREATEDON, MODIFIEDON, BUSINESSUNIT_ID, JOBTYPE_ID, RECORD_UPDATE_DATE, RECORD_CREATE_DATE, ID, LATESTFOLLOWUPDATE, LOCATION_ID, PRIORITY, TENANT_TYPE, STATUS]
Column names for Curated Table --> DIM_LEAD :: [PRIORITY, ESTIMATE_ID, MD5_VALUE, MODIFIEDON, TENANT_TYPE, RECORD_UPDATED_BY, CUSTOMER_ID, PROJECT_ID, RECORD_CREATE_DATE, IMPORTID, STATUS, ACTIVE, BUSINESSUNIT_ID, CAMPAIGN_ID, CREATEDON, JOBTYPE_ID, LOCATION_ID, RECORD_UPDATE_DATE, CREATEDBY_ID, ID, LATESTFOLLOWUPDATE, SUMMARY]
Column Name found in Datamart and Curated Table :: CREATEDBY_ID
Column Name found in Datamart and Curated Table :: ID
Column Name found in Datamart and Curated Table :: CREATEDON
Column Name found in Datamart and Curated Table :: PRIORITY
Column Name found in Datamart and Curated Table :: PROJECT_ID
Column Name found in Datamart and Curated Table :: STATUS
Column Name found in Datamart and Curated Table :: ESTIMATE_ID
Column Name found in Datamart and Curated Table :: JOBTYPE_ID
Column Name found in Datamart and Curated Table :: MODIFIEDON
Column Name found in Datamart and Curated Table :: SUMMARY
Column Name found in Datamart and Curated Table :: CUSTOMER_ID
Column Name found in Datamart and Curated Table :: LOCATION_ID
Column Name found in Datamart and Curated Table :: CAMPAIGN_ID
Column Name found in Datamart and Curated Table :: LATESTFOLLOWUPDATE
Column Name found in Datamart and Curated Table :: ACTIVE
Column Name found in Datamart and Curated Table :: BUSINESSUNIT_ID
Column Name found in Datamart and Curated Table :: IMPORTID
Column Name found in Datamart and Curated Table :: TENANT_TYPE
Datamart tables contains additional column name like [ACTIVE_FLAG, RECORD_CREATE_DATE, RECORD_UPDATE_DATE, MASTER_ID]
Curated tables contains additional column name like [RECORD_CREATE_DATE, RECORD_UPDATE_DATE, RECORD_UPDATED_BY]]]>
  </system-out>
  <testcase classname="testcases.RAW_DATAMART_CURATED.SnowFlake_ColumnValidation_APITables" name="validateColumnName_BKP" time="2.264"/>
  <system-out>
    <![CDATA[Executing Snowflake query :: SELECT COLUMN_NAME FROM DEV_ENT_RAW.INFORMATION_SCHEMA.COLUMNS WHERE TABLE_NAME='ST_API_NONJOBAPPOINTMENT'and TABLE_SCHEMA='API_MAT'
Executing Snowflake query :: SELECT COLUMN_NAME FROM CURATED_DATAMART.INFORMATION_SCHEMA.COLUMNS WHERE TABLE_NAME='STR_API_NONJOBAPPOINTMENT'and TABLE_SCHEMA='ST_API_HENDERSON'
Executing Snowflake query :: SELECT COLUMN_NAME FROM DEV_ENT_CURATED.INFORMATION_SCHEMA.COLUMNS WHERE TABLE_NAME='DIM_NONJOBAPPOINTMENT'and TABLE_SCHEMA='MASTER_DIMENSIONS'
Column names for RAW Table --> ST_API_NONJOBAPPOINTMENT :: [CREATEDBY_ID, IMPORTID, ALLDAY, DEFINITION_ID, ISCOMPLETED, TIMESHEETCODE_ID, CLEARDISPATCHBOARD, ACTIVE, CLEARTECHNICIANVIEW, REMOVETECHNICIANFROMCAPACITYPLANNING, SUMMARY, ID, TECHNICIAN_ID, CREATEDON, TIMESHEET_ID, NAME, EXPECTEDDURATION, START, DURATION, TENANT_TYPE]
Column names for DataMart Table --> STR_API_NONJOBAPPOINTMENT :: [ALLDAY, CLEARDISPATCHBOARD, START, RECORD_UPDATE_DATE, SUMMARY, TIMESHEET_ID, NAME, DURATION, MASTER_ID, RECORD_CREATE_DATE, CLEARTECHNICIANVIEW, EXPECTEDDURATION, IMPORTID, REMOVETECHNICIANFROMCAPACITYPLANNING, CREATEDBY_ID, TECHNICIAN_ID, ACTIVE, ISCOMPLETED, CREATEDON, DEFINITION_ID, ACTIVE_FLAG, ID, TIMESHEETCODE_ID, TENANT_TYPE]
Column names for Curated Table --> DIM_NONJOBAPPOINTMENT :: [IMPORTID, RECORD_UPDATE_DATE, TIMESHEET_ID, ID, ISCOMPLETED, CREATEDON, RECORD_UPDATED_BY, START, CLEARTECHNICIANVIEW, DURATION, EXPECTEDDURATION, ALLDAY, CLEARDISPATCHBOARD, RECORD_CREATE_DATE, TENANT_TYPE, TIMESHEETCODE_ID, NAME, DEFINITION_ID, SUMMARY, ACTIVE, CREATEDBY_ID, REMOVETECHNICIANFROMCAPACITYPLANNING, TECHNICIAN_ID]
Column Name found in Datamart and Curated Table :: CREATEDBY_ID
Column Name found in Datamart and Curated Table :: IMPORTID
Column Name found in Datamart and Curated Table :: ALLDAY
Column Name found in Datamart and Curated Table :: DEFINITION_ID
Column Name found in Datamart and Curated Table :: ISCOMPLETED
Column Name found in Datamart and Curated Table :: TIMESHEETCODE_ID
Column Name found in Datamart and Curated Table :: CLEARDISPATCHBOARD
Column Name found in Datamart and Curated Table :: ACTIVE
Column Name found in Datamart and Curated Table :: CLEARTECHNICIANVIEW
Column Name found in Datamart and Curated Table :: REMOVETECHNICIANFROMCAPACITYPLANNING
Column Name found in Datamart and Curated Table :: SUMMARY
Column Name found in Datamart and Curated Table :: ID
Column Name found in Datamart and Curated Table :: TECHNICIAN_ID
Column Name found in Datamart and Curated Table :: CREATEDON
Column Name found in Datamart and Curated Table :: TIMESHEET_ID
Column Name found in Datamart and Curated Table :: NAME
Column Name found in Datamart and Curated Table :: EXPECTEDDURATION
Column Name found in Datamart and Curated Table :: START
Column Name found in Datamart and Curated Table :: DURATION
Column Name found in Datamart and Curated Table :: TENANT_TYPE
Datamart tables contains additional column name like [ACTIVE_FLAG, RECORD_CREATE_DATE, RECORD_UPDATE_DATE, MASTER_ID]
Curated tables contains additional column name like [RECORD_CREATE_DATE, RECORD_UPDATE_DATE, RECORD_UPDATED_BY]]]>
  </system-out>
  <testcase classname="testcases.RAW_DATAMART_CURATED.SnowFlake_ColumnValidation_APITables" name="validateColumnName_BKP" time="3.363"/>
  <system-out>
    <![CDATA[Executing Snowflake query :: SELECT COLUMN_NAME FROM DEV_ENT_RAW.INFORMATION_SCHEMA.COLUMNS WHERE TABLE_NAME='ST_API_JOBCOMPLETIONSURVEY'and TABLE_SCHEMA='API_MAT'
Executing Snowflake query :: SELECT COLUMN_NAME FROM CURATED_DATAMART.INFORMATION_SCHEMA.COLUMNS WHERE TABLE_NAME='STR_API_JOBCOMPLETIONSURVEY'and TABLE_SCHEMA='ST_API_HARP'
Executing Snowflake query :: SELECT COLUMN_NAME FROM DEV_ENT_CURATED.INFORMATION_SCHEMA.COLUMNS WHERE TABLE_NAME='DIM_JOBCOMPLETIONSURVEY'and TABLE_SCHEMA='MASTER_DIMENSIONS'
Column names for RAW Table --> ST_API_JOBCOMPLETIONSURVEY :: [SENTON, ISPLANNINGTOUSEAGAIN, ISROUTINECOMPLETED, MEMO, RECOMMENDATIONS, STATUS, TOKEN, ID, JOBCOMPLETEDON, SUBMITCOUNT, JOBID, MODIFIEDON, COMPLETEDON, RATING, SURVEYTYPE, TENANT_TYPE]
Column names for DataMart Table --> STR_API_JOBCOMPLETIONSURVEY :: [COMPLETEDON, ID, MODIFIEDON, ISPLANNINGTOUSEAGAIN, RECOMMENDATIONS, TOKEN, SENTON, JOBCOMPLETEDON, STATUS, TENANT_TYPE, ISROUTINECOMPLETED, RATING, JOBID, MEMO, RECORD_UPDATE_DATE, ACTIVE_FLAG, MASTER_ID, SUBMITCOUNT, SURVEYTYPE, RECORD_CREATE_DATE]
Column names for Curated Table --> DIM_JOBCOMPLETIONSURVEY :: [ID, JOBCOMPLETEDON, SUBMITCOUNT, ISROUTINECOMPLETED, MEMO, RECORD_UPDATED_BY, STATUS, JOBID, RECORD_UPDATE_DATE, TENANT_TYPE, MODIFIEDON, SURVEYTYPE, COMPLETEDON, ISPLANNINGTOUSEAGAIN, RATING, SENTON, RECOMMENDATIONS, RECORD_CREATE_DATE, TOKEN]
Column Name found in Datamart and Curated Table :: SENTON
Column Name found in Datamart and Curated Table :: ISPLANNINGTOUSEAGAIN
Column Name found in Datamart and Curated Table :: ISROUTINECOMPLETED
Column Name found in Datamart and Curated Table :: MEMO
Column Name found in Datamart and Curated Table :: RECOMMENDATIONS
Column Name found in Datamart and Curated Table :: STATUS
Column Name found in Datamart and Curated Table :: TOKEN
Column Name found in Datamart and Curated Table :: ID
Column Name found in Datamart and Curated Table :: JOBCOMPLETEDON
Column Name found in Datamart and Curated Table :: SUBMITCOUNT
Column Name found in Datamart and Curated Table :: JOBID
Column Name found in Datamart and Curated Table :: MODIFIEDON
Column Name found in Datamart and Curated Table :: COMPLETEDON
Column Name found in Datamart and Curated Table :: RATING
Column Name found in Datamart and Curated Table :: SURVEYTYPE
Column Name found in Datamart and Curated Table :: TENANT_TYPE
Datamart tables contains additional column name like [ACTIVE_FLAG, RECORD_CREATE_DATE, RECORD_UPDATE_DATE, MASTER_ID]
Curated tables contains additional column name like [RECORD_CREATE_DATE, RECORD_UPDATE_DATE, RECORD_UPDATED_BY]]]>
  </system-out>
  <testcase classname="testcases.RAW_DATAMART_CURATED.SnowFlake_ColumnValidation_APITables" name="validateColumnName_BKP" time="2.312">
    <failure message="The following asserts failed:
	null,
	null" type="java.lang.AssertionError">
      <![CDATA[java.lang.AssertionError: The following asserts failed:
null,
null
at org.testng.asserts.SoftAssert.assertAll(SoftAssert.java:47)
at org.testng.asserts.SoftAssert.assertAll(SoftAssert.java:31)
at testcases.RAW_DATAMART_CURATED.SnowFlake_ColumnValidation_APITables.validateColumnName_BKP(SnowFlake_ColumnValidation_APITables.java:128)
at jdk.internal.reflect.GeneratedMethodAccessor38.invoke(Unknown Source)
at java.base/jdk.internal.reflect.DelegatingMethodAccessorImpl.invoke(DelegatingMethodAccessorImpl.java:43)
at java.base/java.lang.reflect.Method.invoke(Method.java:568)
at org.testng.internal.MethodInvocationHelper.invokeMethod(MethodInvocationHelper.java:133)
at org.testng.internal.TestInvoker.invokeMethod(TestInvoker.java:598)
at org.testng.internal.TestInvoker.invokeTestMethod(TestInvoker.java:173)
at org.testng.internal.MethodRunner.runInSequence(MethodRunner.java:46)
at org.testng.internal.TestInvoker$MethodInvocationAgent.invoke(TestInvoker.java:824)
at org.testng.internal.TestInvoker.invokeTestMethods(TestInvoker.java:146)
at org.testng.internal.TestMethodWorker.invokeTestMethods(TestMethodWorker.java:146)
at org.testng.internal.TestMethodWorker.run(TestMethodWorker.java:128)
at java.base/java.util.ArrayList.forEach(ArrayList.java:1511)
at org.testng.TestRunner.privateRun(TestRunner.java:794)
at org.testng.TestRunner.run(TestRunner.java:596)
at org.testng.SuiteRunner.runTest(SuiteRunner.java:377)
at org.testng.SuiteRunner.runSequentially(SuiteRunner.java:371)
at org.testng.SuiteRunner.privateRun(SuiteRunner.java:332)
at org.testng.SuiteRunner.run(SuiteRunner.java:276)
at org.testng.SuiteRunnerWorker.runSuite(SuiteRunnerWorker.java:53)
at org.testng.SuiteRunnerWorker.run(SuiteRunnerWorker.java:96)
at org.testng.TestNG.runSuitesSequentially(TestNG.java:1212)
at org.testng.TestNG.runSuitesLocally(TestNG.java:1134)
at org.testng.TestNG.runSuites(TestNG.java:1063)
at org.testng.TestNG.run(TestNG.java:1031)
at org.testng.remote.AbstractRemoteTestNG.run(AbstractRemoteTestNG.java:115)
at org.testng.remote.RemoteTestNG.initAndRun(RemoteTestNG.java:251)
at org.testng.remote.RemoteTestNG.main(RemoteTestNG.java:77)
]]>
    </failure>
  </testcase> <!-- validateColumnName_BKP -->
  <system-out>
    <![CDATA[Executing Snowflake query :: SELECT COLUMN_NAME FROM DEV_ENT_RAW.INFORMATION_SCHEMA.COLUMNS WHERE TABLE_NAME='ST_API_PROJECT'and TABLE_SCHEMA='API_MAT'
Executing Snowflake query :: SELECT COLUMN_NAME FROM CURATED_DATAMART.INFORMATION_SCHEMA.COLUMNS WHERE TABLE_NAME='STR_API_PROJECT'and TABLE_SCHEMA='ST_API_EANESHEATING'
Executing Snowflake query :: SELECT COLUMN_NAME FROM DEV_ENT_CURATED.INFORMATION_SCHEMA.COLUMNS WHERE TABLE_NAME='DIM_PROJECT'and TABLE_SCHEMA='MASTER_DIMENSIONS'
Column names for RAW Table --> ST_API_PROJECT :: [ACTIVE, AREITEMSREORDERED, CUSTOMER_ID, NAME, NUMBER, PROJECTSETTINGSTYPE, TECHNICIANSIGNATURE, SUMMARY, MODIFIEDON, ACKNOWLEDGEMENTSIGNATURE, COMPLETEDON, COMPLETIONPERCENT, COSTTOCOMPLETE, CREATEDBY_ID, CREATEDON, IMPORTID, COMPLETEDONACTUAL, ID, CONTRACTESTIMATE_ID, AUTHORIZATIONSIGNATURE, CONTRACTSTARTDATE, STARTEDON, CONTRACTFOR, ISRETAINAGEENABLED, ISPREVAILINGWAGE, LOCATION_ID, PAYMENTTERM_ID, RETAINAGEPERCENT, REVENUERECOGNITIONMETHOD, TENANT_TYPE]
Column names for DataMart Table --> STR_API_PROJECT :: [ACTIVE_FLAG, ID, MASTER_ID, MD5_VALUE, STARTEDON, AREITEMSREORDERED, AUTHORIZATIONSIGNATURE, CREATEDBY_ID, PAYMENTTERM_ID, PROJECTSETTINGSTYPE, SUMMARY, COMPLETEDONACTUAL, CUSTOMER_ID, MODIFIEDON, NAME, TENANT_TYPE, CREATEDON, LOCATION_ID, ISRETAINAGEENABLED, ACKNOWLEDGEMENTSIGNATURE, CONTRACTFOR, ACTIVE, CONTRACTESTIMATE_ID, CONTRACTSTARTDATE, RETAINAGEPERCENT, RECORD_CREATE_DATE, NUMBER, TECHNICIANSIGNATURE, COMPLETEDON, COMPLETIONPERCENT, IMPORTID, RECORD_UPDATE_DATE, ISPREVAILINGWAGE]
Column names for Curated Table --> DIM_PROJECT :: [RECORD_UPDATE_DATE, ACTIVE, AUTHORIZATIONSIGNATURE, COMPLETEDON, RETAINAGEPERCENT, IMPORTID, CONTRACTFOR, CONTRACTSTARTDATE, ID, ISRETAINAGEENABLED, RECORD_CREATE_DATE, RECORD_UPDATED_BY, TENANT_TYPE, PROJECTSETTINGSTYPE, TECHNICIANSIGNATURE, ISPREVAILINGWAGE, MD5_VALUE, NAME, PAYMENTTERM_ID, COMPLETEDONACTUAL, CUSTOMER_ID, NUMBER, AREITEMSREORDERED, CREATEDON, LOCATION_ID, MODIFIEDON, STARTEDON, ACKNOWLEDGEMENTSIGNATURE, COMPLETIONPERCENT, CONTRACTESTIMATE_ID, SUMMARY, CREATEDBY_ID, REVENUERECOGNITIONMETHOD]
Column Name found in Datamart and Curated Table :: ACTIVE
Column Name found in Datamart and Curated Table :: AREITEMSREORDERED
Column Name found in Datamart and Curated Table :: CUSTOMER_ID
Column Name found in Datamart and Curated Table :: NAME
Column Name found in Datamart and Curated Table :: NUMBER
Column Name found in Datamart and Curated Table :: PROJECTSETTINGSTYPE
Column Name found in Datamart and Curated Table :: TECHNICIANSIGNATURE
Column Name found in Datamart and Curated Table :: SUMMARY
Column Name found in Datamart and Curated Table :: MODIFIEDON
Column Name found in Datamart and Curated Table :: ACKNOWLEDGEMENTSIGNATURE
Column Name found in Datamart and Curated Table :: COMPLETEDON
Column Name found in Datamart and Curated Table :: COMPLETIONPERCENT
Column Name not found in Datamart and Curated Table :: COSTTOCOMPLETE
Column Name found in Datamart and Curated Table :: CREATEDBY_ID
Column Name found in Datamart and Curated Table :: CREATEDON
Column Name found in Datamart and Curated Table :: IMPORTID
Column Name found in Datamart and Curated Table :: COMPLETEDONACTUAL
Column Name found in Datamart and Curated Table :: ID
Column Name found in Datamart and Curated Table :: CONTRACTESTIMATE_ID
Column Name found in Datamart and Curated Table :: AUTHORIZATIONSIGNATURE
Column Name found in Datamart and Curated Table :: CONTRACTSTARTDATE
Column Name found in Datamart and Curated Table :: STARTEDON
Column Name found in Datamart and Curated Table :: CONTRACTFOR
Column Name found in Datamart and Curated Table :: ISRETAINAGEENABLED
Column Name found in Datamart and Curated Table :: ISPREVAILINGWAGE
Column Name found in Datamart and Curated Table :: LOCATION_ID
Column Name found in Datamart and Curated Table :: PAYMENTTERM_ID
Column Name found in Datamart and Curated Table :: RETAINAGEPERCENT
Column Name not found in Datamart and Curated Table :: REVENUERECOGNITIONMETHOD
Column Name found in Datamart and Curated Table :: TENANT_TYPE
Datamart tables contains additional column name like [ACTIVE_FLAG, RECORD_CREATE_DATE, RECORD_UPDATE_DATE, MASTER_ID]
Curated tables contains additional column name like [RECORD_CREATE_DATE, RECORD_UPDATE_DATE, RECORD_UPDATED_BY]]]>
  </system-out>
  <testcase classname="testcases.RAW_DATAMART_CURATED.SnowFlake_ColumnValidation_APITables" name="validateColumnName_BKP" time="3.053"/>
  <system-out>
    <![CDATA[Executing Snowflake query :: SELECT COLUMN_NAME FROM DEV_ENT_RAW.INFORMATION_SCHEMA.COLUMNS WHERE TABLE_NAME='ST_API_INVOICEITEM'and TABLE_SCHEMA='API_MAT'
Executing Snowflake query :: SELECT COLUMN_NAME FROM CURATED_DATAMART.INFORMATION_SCHEMA.COLUMNS WHERE TABLE_NAME='STR_API_INVOICEITEM'and TABLE_SCHEMA='ST_API_MAITZ'
Executing Snowflake query :: SELECT COLUMN_NAME FROM DEV_ENT_CURATED.INFORMATION_SCHEMA.COLUMNS WHERE TABLE_NAME='DIM_INVOICEITEM'and TABLE_SCHEMA='MASTER_DIMENSIONS'
Column names for RAW Table --> ST_API_INVOICEITEM :: [ALLOWDISCOUNTS, AUTOGLASSITEM_ID, HOURS, STANDARDPRICE, MODIFIEDON, PROJECTLABELS, SOLDBYCOMMISSION, ISINVENTORY, MARKUP, PAYSSOLDBYRATE, PROCUREDFROMESTIMATEITEM_ID, PROJECTORDER, SKU_ID, TECHNICIANSPLIT3, UNITPRICE, IMPORTID, LASTUNITPRICESETBYEMPLOYEE, SKUNAME, MEMBERSHIPWORKFLOWACTION, BASERATE1, BASERATE2, DATECREATED, EQUIPMENT_ID, ID, INVENTORYSTATUS, ITEMGROUPNAME, TECHNICIANFORBASERATE1_ID, QUANTITY, SOLDBY_ID, PARENTITEM_ID, SOLDHOURS, NOTAX, COST, CREATEDBY_ID, EXPORTID, ISADDON, ISOTTASK, CREATEDON, ISUNITPRICEMANUALLYSET, PAYSFLATAMOUNT, TECHNICIAN_ID, BASERATE3, CHARGEABLE, COMMISSIONBONUS, DESCRIPTION, TECHNICIANACKNOWLEDGEMENTSIGNATURE, INVENTORYLOCATION_ID, ORDER, SCHEDULEDFLATAMOUNT, SOURCETYPE, TECHNICIANSPLIT1, INVENTORYWAREHOUSENAME, ACCOUNT, ADDONFLATAMOUNT, PRICEMODIFIER_ID, SKUREFERENCE_SKUTYPE, TECHNICIANFORBASERATE3_ID, PAYTECHSPECIFICBONUS, TECHNICIANFORBASERATE2_ID, TECHNICIANSPLIT2, USEDMATERIAL_ID, ACTIVE, BONUS, COSTOFSALEACCOUNT_ID, GENERALLEDGERACCOUNT_ID, INVENTORYBATCH_ID, INVOICE_ID, PAYSCOMMISSION, SKUREFERENCE_SKUID, TAXABLE, TOTAL, BUSINESSUNIT_ID, DEDUCTASJOBCOST, DISPLAYINAMOUNT, ESTIMATEITEM_ID, ITEMGROUPROOT_ID, MEMBERPRICE, PROCUREDFROM_ID, SIGNATURE, TOTALCOST, CROSSSALEGROUP, WORKFLOWACTION_ID, TENANT_TYPE]
Column names for DataMart Table --> STR_API_INVOICEITEM :: [ALLOWDISCOUNTS, BASERATE1, CREATEDON, TOTALCOST, BASERATE3, ID, INVOICE_ID, ISOTTASK, PROCUREMENTSOURCE_PURCHASEORDERITEMID, SOLDBY_ID, UNITPRICE, CHARGEABLE, WORKFLOWACTION_ID, INVENTORYLOCATION_ID, MEMBERPRICE, PROCUREDFROMESTIMATEITEM_ID, RECORD_CREATE_DATE, SCHEDULEDFLATAMOUNT, SKUNAME, DISPLAYINAMOUNT, PRICEMODIFIER_ID, PROJECTLABELS, SOLDHOURS, PARENTITEM_ID, DEDUCTASJOBCOST, DESCRIPTION, ESTIMATEITEM_ID, INVENTORYSTATUS, ISINVENTORY, PAYTECHSPECIFICBONUS, PROCUREMENTSOURCE_ESTIMATEITEMID, QUANTITY, IMPORTID, INVENTORYBATCH_ID, SKUREFERENCE_SKUTYPE, TECHNICIANSPLIT3, GENERALLEDGERACCOUNT_ID, SKUREFERENCE_SKUID, ACTIVE, ACTIVE_FLAG, AUTOGLASSITEM_ID, BONUS, CREATEDBY_ID, DATECREATED, PAYSFLATAMOUNT, PROJECTORDER, MODIFIEDON, NOTAX, SIGNATURE, SOLDBYCOMMISSION, SOURCETYPE, TECHNICIANACKNOWLEDGEMENTSIGNATURE, TOTAL, BASERATE2, EQUIPMENT_ID, EXPORTID, MASTER_ID, PAYSCOMMISSION, COST, LASTUNITPRICESETBYEMPLOYEE, SKU_ID, PROCUREMENTSOURCE_SOURCETYPE, STANDARDPRICE, TAXABLE, TECHNICIANSPLIT2, BUSINESSUNIT_ID, CROSSSALEGROUP, MEMBERSHIPWORKFLOWACTION, PROCUREDFROM_ID, COMMISSIONBONUS, INVENTORYWAREHOUSENAME, TECHNICIANSPLIT1, USEDMATERIAL_ID, ADDONFLATAMOUNT, ITEMGROUPROOT_ID, PROCUREMENTSOURCE_REQUISITIONITEMID, TECHNICIANFORBASERATE3_ID, ITEMGROUPNAME, ISADDON, TENANT_TYPE, ACCOUNT, COSTOFSALEACCOUNT_ID, HOURS, MARKUP, ORDER, RECORD_UPDATE_DATE, PAYSSOLDBYRATE, TECHNICIANFORBASERATE1_ID, TECHNICIANFORBASERATE2_ID, TECHNICIAN_ID, ISUNITPRICEMANUALLYSET]
Column names for Curated Table --> DIM_INVOICEITEM :: [BASERATE2, COST, CROSSSALEGROUP, ISOTTASK, MEMBERPRICE, ORDER, QUANTITY, TOTALCOST, ISUNITPRICEMANUALLYSET, PARENTITEM_ID, PAYSSOLDBYRATE, PAYSCOMMISSION, GENERALLEDGERACCOUNT_ID, BASERATE1, INVENTORYBATCH_ID, INVOICE_ID, SKUREFERENCE_SKUID, BASERATE3, EXPORTID, ISINVENTORY, SKU_ID, INVENTORYSTATUS, SOLDHOURS, TECHNICIAN_ID, TECHNICIANFORBASERATE2_ID, ACCOUNT, ALLOWDISCOUNTS, COMMISSIONBONUS, CREATEDON, IMPORTID, ISADDON, PROCUREMENTSOURCE_SOURCETYPE, NOTAX, PROJECTLABELS, SOLDBY_ID, TECHNICIANFORBASERATE1_ID, TECHNICIANSPLIT1, PAYSFLATAMOUNT, UNITPRICE, BONUS, COSTOFSALEACCOUNT_ID, CREATEDBY_ID, DISPLAYINAMOUNT, PAYTECHSPECIFICBONUS, PRICEMODIFIER_ID, TECHNICIANACKNOWLEDGEMENTSIGNATURE, TECHNICIANSPLIT3, PROCUREMENTSOURCE_PURCHASEORDERITEMID, PROCUREMENTSOURCE_REQUISITIONITEMID, PROJECTORDER, DATECREATED, TECHNICIANFORBASERATE3_ID, ACTIVE, ADDONFLATAMOUNT, BUSINESSUNIT_ID, CHARGEABLE, EQUIPMENT_ID, INVENTORYLOCATION_ID, INVENTORYWAREHOUSENAME, ITEMGROUPNAME, ITEMGROUPROOT_ID, RECORD_UPDATE_DATE, MODIFIEDON, PROCUREDFROM_ID, SCHEDULEDFLATAMOUNT, PROCUREMENTSOURCE_ESTIMATEITEMID, TAXABLE, PROCUREDFROMESTIMATEITEM_ID, AUTOGLASSITEM_ID, HOURS, LASTUNITPRICESETBYEMPLOYEE, MARKUP, USEDMATERIAL_ID, MEMBERSHIPWORKFLOWACTION, SKUREFERENCE_SKUTYPE, SOLDBYCOMMISSION, SOURCETYPE, RECORD_UPDATED_BY, WORKFLOWACTION_ID, DEDUCTASJOBCOST, DESCRIPTION, ESTIMATEITEM_ID, STANDARDPRICE, TECHNICIANSPLIT2, TOTAL, ID, RECORD_CREATE_DATE, SIGNATURE, SKUNAME, TENANT_TYPE]
Column Name found in Datamart and Curated Table :: ALLOWDISCOUNTS
Column Name found in Datamart and Curated Table :: AUTOGLASSITEM_ID
Column Name found in Datamart and Curated Table :: HOURS
Column Name found in Datamart and Curated Table :: STANDARDPRICE
Column Name found in Datamart and Curated Table :: MODIFIEDON
Column Name found in Datamart and Curated Table :: PROJECTLABELS
Column Name found in Datamart and Curated Table :: SOLDBYCOMMISSION
Column Name found in Datamart and Curated Table :: ISINVENTORY
Column Name found in Datamart and Curated Table :: MARKUP
Column Name found in Datamart and Curated Table :: PAYSSOLDBYRATE
Column Name found in Datamart and Curated Table :: PROCUREDFROMESTIMATEITEM_ID
Column Name found in Datamart and Curated Table :: PROJECTORDER
Column Name found in Datamart and Curated Table :: SKU_ID
Column Name found in Datamart and Curated Table :: TECHNICIANSPLIT3
Column Name found in Datamart and Curated Table :: UNITPRICE
Column Name found in Datamart and Curated Table :: IMPORTID
Column Name found in Datamart and Curated Table :: LASTUNITPRICESETBYEMPLOYEE
Column Name found in Datamart and Curated Table :: SKUNAME
Column Name found in Datamart and Curated Table :: MEMBERSHIPWORKFLOWACTION
Column Name found in Datamart and Curated Table :: BASERATE1
Column Name found in Datamart and Curated Table :: BASERATE2
Column Name found in Datamart and Curated Table :: DATECREATED
Column Name found in Datamart and Curated Table :: EQUIPMENT_ID
Column Name found in Datamart and Curated Table :: ID
Column Name found in Datamart and Curated Table :: INVENTORYSTATUS
Column Name found in Datamart and Curated Table :: ITEMGROUPNAME
Column Name found in Datamart and Curated Table :: TECHNICIANFORBASERATE1_ID
Column Name found in Datamart and Curated Table :: QUANTITY
Column Name found in Datamart and Curated Table :: SOLDBY_ID
Column Name found in Datamart and Curated Table :: PARENTITEM_ID
Column Name found in Datamart and Curated Table :: SOLDHOURS
Column Name found in Datamart and Curated Table :: NOTAX
Column Name found in Datamart and Curated Table :: COST
Column Name found in Datamart and Curated Table :: CREATEDBY_ID
Column Name found in Datamart and Curated Table :: EXPORTID
Column Name found in Datamart and Curated Table :: ISADDON
Column Name found in Datamart and Curated Table :: ISOTTASK
Column Name found in Datamart and Curated Table :: CREATEDON
Column Name found in Datamart and Curated Table :: ISUNITPRICEMANUALLYSET
Column Name found in Datamart and Curated Table :: PAYSFLATAMOUNT
Column Name found in Datamart and Curated Table :: TECHNICIAN_ID
Column Name found in Datamart and Curated Table :: BASERATE3
Column Name found in Datamart and Curated Table :: CHARGEABLE
Column Name found in Datamart and Curated Table :: COMMISSIONBONUS
Column Name found in Datamart and Curated Table :: DESCRIPTION
Column Name found in Datamart and Curated Table :: TECHNICIANACKNOWLEDGEMENTSIGNATURE
Column Name found in Datamart and Curated Table :: INVENTORYLOCATION_ID
Column Name found in Datamart and Curated Table :: ORDER
Column Name found in Datamart and Curated Table :: SCHEDULEDFLATAMOUNT
Column Name found in Datamart and Curated Table :: SOURCETYPE
Column Name found in Datamart and Curated Table :: TECHNICIANSPLIT1
Column Name found in Datamart and Curated Table :: INVENTORYWAREHOUSENAME
Column Name found in Datamart and Curated Table :: ACCOUNT
Column Name found in Datamart and Curated Table :: ADDONFLATAMOUNT
Column Name found in Datamart and Curated Table :: PRICEMODIFIER_ID
Column Name found in Datamart and Curated Table :: SKUREFERENCE_SKUTYPE
Column Name found in Datamart and Curated Table :: TECHNICIANFORBASERATE3_ID
Column Name found in Datamart and Curated Table :: PAYTECHSPECIFICBONUS
Column Name found in Datamart and Curated Table :: TECHNICIANFORBASERATE2_ID
Column Name found in Datamart and Curated Table :: TECHNICIANSPLIT2
Column Name found in Datamart and Curated Table :: USEDMATERIAL_ID
Column Name found in Datamart and Curated Table :: ACTIVE
Column Name found in Datamart and Curated Table :: BONUS
Column Name found in Datamart and Curated Table :: COSTOFSALEACCOUNT_ID
Column Name found in Datamart and Curated Table :: GENERALLEDGERACCOUNT_ID
Column Name found in Datamart and Curated Table :: INVENTORYBATCH_ID
Column Name found in Datamart and Curated Table :: INVOICE_ID
Column Name found in Datamart and Curated Table :: PAYSCOMMISSION
Column Name found in Datamart and Curated Table :: SKUREFERENCE_SKUID
Column Name found in Datamart and Curated Table :: TAXABLE
Column Name found in Datamart and Curated Table :: TOTAL
Column Name found in Datamart and Curated Table :: BUSINESSUNIT_ID
Column Name found in Datamart and Curated Table :: DEDUCTASJOBCOST
Column Name found in Datamart and Curated Table :: DISPLAYINAMOUNT
Column Name found in Datamart and Curated Table :: ESTIMATEITEM_ID
Column Name found in Datamart and Curated Table :: ITEMGROUPROOT_ID
Column Name found in Datamart and Curated Table :: MEMBERPRICE
Column Name found in Datamart and Curated Table :: PROCUREDFROM_ID
Column Name found in Datamart and Curated Table :: SIGNATURE
Column Name found in Datamart and Curated Table :: TOTALCOST
Column Name found in Datamart and Curated Table :: CROSSSALEGROUP
Column Name found in Datamart and Curated Table :: WORKFLOWACTION_ID
Column Name found in Datamart and Curated Table :: TENANT_TYPE
Datamart tables contains additional column name like [ACTIVE_FLAG, RECORD_CREATE_DATE, RECORD_UPDATE_DATE, MASTER_ID]
Curated tables contains additional column name like [RECORD_CREATE_DATE, RECORD_UPDATE_DATE, RECORD_UPDATED_BY]]]>
  </system-out>
  <testcase classname="testcases.RAW_DATAMART_CURATED.SnowFlake_ColumnValidation_APITables" name="validateColumnName_BKP" time="2.270"/>
  <system-out>
    <![CDATA[Executing Snowflake query :: SELECT COLUMN_NAME FROM DEV_ENT_RAW.INFORMATION_SCHEMA.COLUMNS WHERE TABLE_NAME='ST_API_PAYMENT'and TABLE_SCHEMA='API_MAT'
Executing Snowflake query :: SELECT COLUMN_NAME FROM CURATED_DATAMART.INFORMATION_SCHEMA.COLUMNS WHERE TABLE_NAME='STR_API_PAYMENT'and TABLE_SCHEMA='ST_API_MAITZ'
Executing Snowflake query :: SELECT COLUMN_NAME FROM DEV_ENT_CURATED.INFORMATION_SCHEMA.COLUMNS WHERE TABLE_NAME='DIM_PAYMENT'and TABLE_SCHEMA='MASTER_DIMENSIONS'
Column names for RAW Table --> ST_API_PAYMENT :: [AGREEMENTLANGUAGE, FINANCINGOPERATOR, TRANSACTIONSTATUS, INVOICE_ID, CHECKNUMBER, AMOUNT, SETTLEMENTDATE, PROJECT_ID, BUSINESSUNIT_ID, CREATEDBY_ID, CREATEDON, CREDITAVAILABLE, UNAPPLIEDAMOUNT, EXPORTID, AUTHORIZATIONSIGNATURE, BATCH_ID, DEFERREDINTEREST, EXTERNALID, METHOD, MEMO, STATUS, ACTIVE, CUSTOMER_ID, ESTIMATE_ID, NUMBER, SETTLEMENTSTATUS, SOURCE, STOREDPAYMENT_ID, ID, IMPORTID, PAIDON, MODIFIEDON, TYPE_ID, REFUNDEDAMOUNT, TRANSACTION, APPLIEDON, PAYMENTDATE, TENANT_TYPE]
Column names for DataMart Table --> STR_API_PAYMENT :: [ESTIMATE_ID, EXPORTID, REFUNDEDAMOUNT, SETTLEMENTSTATUS, TRANSACTION, TYPE_ID, AMOUNT, CHECKNUMBER, PAYMENTDATE, DEFERREDINTEREST, AGREEMENTLANGUAGE, METHOD, PAIDON, MASTER_ID, PROJECT_ID, CUSTOMER_ID, ID, INVOICE_ID, MEMO, EXTERNALID, TRANSACTIONSTATUS, ACTIVE, STOREDPAYMENT_ID, SOURCE, RECORD_CREATE_DATE, CREATEDBY_ID, IMPORTID, CREDITAVAILABLE, NUMBER, RECORD_UPDATE_DATE, TENANT_TYPE, UNAPPLIEDAMOUNT, SETTLEMENTDATE, APPLIEDON, BUSINESSUNIT_ID, FINANCINGOPERATOR, MODIFIEDON, STATUS, ACTIVE_FLAG, AUTHORIZATIONSIGNATURE, BATCH_ID, CREATEDON]
Column names for Curated Table --> DIM_PAYMENT :: [DEFERREDINTEREST, PAIDON, SOURCE, TENANT_TYPE, PAYMENTDATE, TYPE_ID, ACTIVE, INVOICE_ID, ESTIMATE_ID, UNAPPLIEDAMOUNT, STATUS, CREATEDBY_ID, CUSTOMER_ID, EXPORTID, IMPORTID, TRANSACTION, MEMO, RECORD_UPDATE_DATE, TRANSACTIONSTATUS, AMOUNT, AUTHORIZATIONSIGNATURE, CHECKNUMBER, MODIFIEDON, EXTERNALID, PROJECT_ID, APPLIEDON, BATCH_ID, CREATEDON, FINANCINGOPERATOR, ID, RECORD_UPDATED_BY, REFUNDEDAMOUNT, SETTLEMENTSTATUS, BUSINESSUNIT_ID, METHOD, AGREEMENTLANGUAGE, CREDITAVAILABLE, NUMBER, RECORD_CREATE_DATE, SETTLEMENTDATE, STOREDPAYMENT_ID]
Column Name found in Datamart and Curated Table :: AGREEMENTLANGUAGE
Column Name found in Datamart and Curated Table :: FINANCINGOPERATOR
Column Name found in Datamart and Curated Table :: TRANSACTIONSTATUS
Column Name found in Datamart and Curated Table :: INVOICE_ID
Column Name found in Datamart and Curated Table :: CHECKNUMBER
Column Name found in Datamart and Curated Table :: AMOUNT
Column Name found in Datamart and Curated Table :: SETTLEMENTDATE
Column Name found in Datamart and Curated Table :: PROJECT_ID
Column Name found in Datamart and Curated Table :: BUSINESSUNIT_ID
Column Name found in Datamart and Curated Table :: CREATEDBY_ID
Column Name found in Datamart and Curated Table :: CREATEDON
Column Name found in Datamart and Curated Table :: CREDITAVAILABLE
Column Name found in Datamart and Curated Table :: UNAPPLIEDAMOUNT
Column Name found in Datamart and Curated Table :: EXPORTID
Column Name found in Datamart and Curated Table :: AUTHORIZATIONSIGNATURE
Column Name found in Datamart and Curated Table :: BATCH_ID
Column Name found in Datamart and Curated Table :: DEFERREDINTEREST
Column Name found in Datamart and Curated Table :: EXTERNALID
Column Name found in Datamart and Curated Table :: METHOD
Column Name found in Datamart and Curated Table :: MEMO
Column Name found in Datamart and Curated Table :: STATUS
Column Name found in Datamart and Curated Table :: ACTIVE
Column Name found in Datamart and Curated Table :: CUSTOMER_ID
Column Name found in Datamart and Curated Table :: ESTIMATE_ID
Column Name found in Datamart and Curated Table :: NUMBER
Column Name found in Datamart and Curated Table :: SETTLEMENTSTATUS
Column Name found in Datamart and Curated Table :: SOURCE
Column Name found in Datamart and Curated Table :: STOREDPAYMENT_ID
Column Name found in Datamart and Curated Table :: ID
Column Name found in Datamart and Curated Table :: IMPORTID
Column Name found in Datamart and Curated Table :: PAIDON
Column Name found in Datamart and Curated Table :: MODIFIEDON
Column Name found in Datamart and Curated Table :: TYPE_ID
Column Name found in Datamart and Curated Table :: REFUNDEDAMOUNT
Column Name found in Datamart and Curated Table :: TRANSACTION
Column Name found in Datamart and Curated Table :: APPLIEDON
Column Name found in Datamart and Curated Table :: PAYMENTDATE
Column Name found in Datamart and Curated Table :: TENANT_TYPE
Datamart tables contains additional column name like [ACTIVE_FLAG, RECORD_CREATE_DATE, RECORD_UPDATE_DATE, MASTER_ID]
Curated tables contains additional column name like [RECORD_CREATE_DATE, RECORD_UPDATE_DATE, RECORD_UPDATED_BY]]]>
  </system-out>
  <testcase classname="testcases.RAW_DATAMART_CURATED.SnowFlake_ColumnValidation_APITables" name="validateColumnName_BKP" time="2.683"/>
  <system-out>
    <![CDATA[Executing Snowflake query :: SELECT COLUMN_NAME FROM DEV_ENT_RAW.INFORMATION_SCHEMA.COLUMNS WHERE TABLE_NAME='ST_API_JOBTYPE'and TABLE_SCHEMA='API_MAT'
Executing Snowflake query :: SELECT COLUMN_NAME FROM CURATED_DATAMART.INFORMATION_SCHEMA.COLUMNS WHERE TABLE_NAME='STR_API_JOBTYPE'and TABLE_SCHEMA='ST_API_EANESHEATING'
Executing Snowflake query :: SELECT COLUMN_NAME FROM DEV_ENT_CURATED.INFORMATION_SCHEMA.COLUMNS WHERE TABLE_NAME='DIM_JOBTYPE'and TABLE_SCHEMA='MASTER_DIMENSIONS'
Column names for RAW Table --> ST_API_JOBTYPE :: [ACTIVE, COMPSTANDARDRATE, ENFORCERECURRINGSERVICEEVENTSELECTION, COMPDOUBLEOVERTIMERATE, COMPOVERTIMERATE, MODIFIEDON, IMAGE, ISAUTODISPATCHED, ISTUNEUP, NAME, CLASS, PRIORITY, IMPORTID, SOLDTHRESHOLD, NOCHARGE, CREATEDBY_ID, CREATEDON, MAXIMUMMATERIALCOSTINPERCENT, PROJECTEDVALUEADJUSTMENT, ID, DURATION, COMPCODE, MINIMUMMATERIALCOSTINPERCENT, SUMMARY, PROJECTLABELS, LIKELIHOOD, TENANT_TYPE]
Column names for DataMart Table --> STR_API_JOBTYPE :: [PROJECTEDVALUEADJUSTMENT, SOLDTHRESHOLD, SUMMARY, NAME, PRIORITY, RECORD_CREATE_DATE, ACTIVE, ISAUTODISPATCHED, CLASS, IMAGE, LIKELIHOOD, MASTER_ID, MAXIMUMMATERIALCOSTINPERCENT, DURATION, MINIMUMMATERIALCOSTINPERCENT, COMPOVERTIMERATE, CREATEDON, RECORD_UPDATE_DATE, COMPSTANDARDRATE, COMPDOUBLEOVERTIMERATE, ID, ISTUNEUP, TENANT_TYPE, MODIFIEDON, ACTIVE_FLAG, ENFORCERECURRINGSERVICEEVENTSELECTION, NOCHARGE, PROJECTLABELS, COMPCODE, CREATEDBY_ID, IMPORTID]
Column names for Curated Table --> DIM_JOBTYPE :: [COMPOVERTIMERATE, PROJECTLABELS, RECORD_UPDATED_BY, MAXIMUMMATERIALCOSTINPERCENT, SUMMARY, NAME, COMPDOUBLEOVERTIMERATE, CREATEDBY_ID, DURATION, ISAUTODISPATCHED, RECORD_UPDATE_DATE, COMPSTANDARDRATE, NOCHARGE, IMPORTID, TENANT_TYPE, ACTIVE, ENFORCERECURRINGSERVICEEVENTSELECTION, ID, ISSMARTDISPATCHEDBYDEFAULTINAPI, ISTUNEUP, CLASS, COMPCODE, MINIMUMMATERIALCOSTINPERCENT, PRIORITY, CREATEDON, LIKELIHOOD, RECORD_CREATE_DATE, SOLDTHRESHOLD, IMAGE, MODIFIEDON, PROJECTEDVALUEADJUSTMENT]
Column Name found in Datamart and Curated Table :: ACTIVE
Column Name found in Datamart and Curated Table :: COMPSTANDARDRATE
Column Name found in Datamart and Curated Table :: ENFORCERECURRINGSERVICEEVENTSELECTION
Column Name found in Datamart and Curated Table :: COMPDOUBLEOVERTIMERATE
Column Name found in Datamart and Curated Table :: COMPOVERTIMERATE
Column Name found in Datamart and Curated Table :: MODIFIEDON
Column Name found in Datamart and Curated Table :: IMAGE
Column Name found in Datamart and Curated Table :: ISAUTODISPATCHED
Column Name found in Datamart and Curated Table :: ISTUNEUP
Column Name found in Datamart and Curated Table :: NAME
Column Name found in Datamart and Curated Table :: CLASS
Column Name found in Datamart and Curated Table :: PRIORITY
Column Name found in Datamart and Curated Table :: IMPORTID
Column Name found in Datamart and Curated Table :: SOLDTHRESHOLD
Column Name found in Datamart and Curated Table :: NOCHARGE
Column Name found in Datamart and Curated Table :: CREATEDBY_ID
Column Name found in Datamart and Curated Table :: CREATEDON
Column Name found in Datamart and Curated Table :: MAXIMUMMATERIALCOSTINPERCENT
Column Name found in Datamart and Curated Table :: PROJECTEDVALUEADJUSTMENT
Column Name found in Datamart and Curated Table :: ID
Column Name found in Datamart and Curated Table :: DURATION
Column Name found in Datamart and Curated Table :: COMPCODE
Column Name found in Datamart and Curated Table :: MINIMUMMATERIALCOSTINPERCENT
Column Name found in Datamart and Curated Table :: SUMMARY
Column Name found in Datamart and Curated Table :: PROJECTLABELS
Column Name found in Datamart and Curated Table :: LIKELIHOOD
Column Name found in Datamart and Curated Table :: TENANT_TYPE
Datamart tables contains additional column name like [ACTIVE_FLAG, RECORD_CREATE_DATE, RECORD_UPDATE_DATE, MASTER_ID]
Curated tables contains additional column name like [RECORD_CREATE_DATE, RECORD_UPDATE_DATE, RECORD_UPDATED_BY]]]>
  </system-out>
  <testcase classname="testcases.RAW_DATAMART_CURATED.SnowFlake_ColumnValidation_APITables" name="validateColumnName_BKP" time="3.260"/>
  <system-out>
    <![CDATA[Executing Snowflake query :: SELECT COLUMN_NAME FROM DEV_ENT_RAW.INFORMATION_SCHEMA.COLUMNS WHERE TABLE_NAME='ST_API_PAYMENT'and TABLE_SCHEMA='API_MAT'
Executing Snowflake query :: SELECT COLUMN_NAME FROM CURATED_DATAMART.INFORMATION_SCHEMA.COLUMNS WHERE TABLE_NAME='STR_API_PAYMENT'and TABLE_SCHEMA='ST_API_HENDERSON'
Executing Snowflake query :: SELECT COLUMN_NAME FROM DEV_ENT_CURATED.INFORMATION_SCHEMA.COLUMNS WHERE TABLE_NAME='DIM_PAYMENT'and TABLE_SCHEMA='MASTER_DIMENSIONS'
Column names for RAW Table --> ST_API_PAYMENT :: [AGREEMENTLANGUAGE, FINANCINGOPERATOR, TRANSACTIONSTATUS, INVOICE_ID, CHECKNUMBER, AMOUNT, SETTLEMENTDATE, PROJECT_ID, BUSINESSUNIT_ID, CREATEDBY_ID, CREATEDON, CREDITAVAILABLE, UNAPPLIEDAMOUNT, EXPORTID, AUTHORIZATIONSIGNATURE, BATCH_ID, DEFERREDINTEREST, EXTERNALID, METHOD, MEMO, STATUS, ACTIVE, CUSTOMER_ID, ESTIMATE_ID, NUMBER, SETTLEMENTSTATUS, SOURCE, STOREDPAYMENT_ID, ID, IMPORTID, PAIDON, MODIFIEDON, TYPE_ID, REFUNDEDAMOUNT, TRANSACTION, APPLIEDON, PAYMENTDATE, TENANT_TYPE]
Column names for DataMart Table --> STR_API_PAYMENT :: [ACTIVE_FLAG, BATCH_ID, BUSINESSUNIT_ID, CREATEDON, EXTERNALID, STOREDPAYMENT_ID, CREATEDBY_ID, MEMO, FINANCINGOPERATOR, ACTIVE, AUTHORIZATIONSIGNATURE, EXPORTID, PAIDON, TRANSACTIONSTATUS, NUMBER, PROJECT_ID, DEFERREDINTEREST, ESTIMATE_ID, REFUNDEDAMOUNT, SETTLEMENTDATE, STATUS, AMOUNT, APPLIEDON, CHECKNUMBER, CREDITAVAILABLE, CUSTOMER_ID, ID, PAYMENTDATE, SETTLEMENTSTATUS, TRANSACTION, TYPE_ID, AGREEMENTLANGUAGE, METHOD, MODIFIEDON, RECORD_UPDATE_DATE, TENANT_TYPE, IMPORTID, MASTER_ID, RECORD_CREATE_DATE, SOURCE, INVOICE_ID, UNAPPLIEDAMOUNT]
Column names for Curated Table --> DIM_PAYMENT :: [DEFERREDINTEREST, PAIDON, SOURCE, TENANT_TYPE, PAYMENTDATE, TYPE_ID, ACTIVE, INVOICE_ID, ESTIMATE_ID, UNAPPLIEDAMOUNT, STATUS, CREATEDBY_ID, CUSTOMER_ID, EXPORTID, IMPORTID, TRANSACTION, MEMO, RECORD_UPDATE_DATE, TRANSACTIONSTATUS, AMOUNT, AUTHORIZATIONSIGNATURE, CHECKNUMBER, MODIFIEDON, EXTERNALID, PROJECT_ID, APPLIEDON, BATCH_ID, CREATEDON, FINANCINGOPERATOR, ID, RECORD_UPDATED_BY, REFUNDEDAMOUNT, SETTLEMENTSTATUS, BUSINESSUNIT_ID, METHOD, AGREEMENTLANGUAGE, CREDITAVAILABLE, NUMBER, RECORD_CREATE_DATE, SETTLEMENTDATE, STOREDPAYMENT_ID]
Column Name found in Datamart and Curated Table :: AGREEMENTLANGUAGE
Column Name found in Datamart and Curated Table :: FINANCINGOPERATOR
Column Name found in Datamart and Curated Table :: TRANSACTIONSTATUS
Column Name found in Datamart and Curated Table :: INVOICE_ID
Column Name found in Datamart and Curated Table :: CHECKNUMBER
Column Name found in Datamart and Curated Table :: AMOUNT
Column Name found in Datamart and Curated Table :: SETTLEMENTDATE
Column Name found in Datamart and Curated Table :: PROJECT_ID
Column Name found in Datamart and Curated Table :: BUSINESSUNIT_ID
Column Name found in Datamart and Curated Table :: CREATEDBY_ID
Column Name found in Datamart and Curated Table :: CREATEDON
Column Name found in Datamart and Curated Table :: CREDITAVAILABLE
Column Name found in Datamart and Curated Table :: UNAPPLIEDAMOUNT
Column Name found in Datamart and Curated Table :: EXPORTID
Column Name found in Datamart and Curated Table :: AUTHORIZATIONSIGNATURE
Column Name found in Datamart and Curated Table :: BATCH_ID
Column Name found in Datamart and Curated Table :: DEFERREDINTEREST
Column Name found in Datamart and Curated Table :: EXTERNALID
Column Name found in Datamart and Curated Table :: METHOD
Column Name found in Datamart and Curated Table :: MEMO
Column Name found in Datamart and Curated Table :: STATUS
Column Name found in Datamart and Curated Table :: ACTIVE
Column Name found in Datamart and Curated Table :: CUSTOMER_ID
Column Name found in Datamart and Curated Table :: ESTIMATE_ID
Column Name found in Datamart and Curated Table :: NUMBER
Column Name found in Datamart and Curated Table :: SETTLEMENTSTATUS
Column Name found in Datamart and Curated Table :: SOURCE
Column Name found in Datamart and Curated Table :: STOREDPAYMENT_ID
Column Name found in Datamart and Curated Table :: ID
Column Name found in Datamart and Curated Table :: IMPORTID
Column Name found in Datamart and Curated Table :: PAIDON
Column Name found in Datamart and Curated Table :: MODIFIEDON
Column Name found in Datamart and Curated Table :: TYPE_ID
Column Name found in Datamart and Curated Table :: REFUNDEDAMOUNT
Column Name found in Datamart and Curated Table :: TRANSACTION
Column Name found in Datamart and Curated Table :: APPLIEDON
Column Name found in Datamart and Curated Table :: PAYMENTDATE
Column Name found in Datamart and Curated Table :: TENANT_TYPE
Datamart tables contains additional column name like [ACTIVE_FLAG, RECORD_CREATE_DATE, RECORD_UPDATE_DATE, MASTER_ID]
Curated tables contains additional column name like [RECORD_CREATE_DATE, RECORD_UPDATE_DATE, RECORD_UPDATED_BY]]]>
  </system-out>
  <testcase classname="testcases.RAW_DATAMART_CURATED.SnowFlake_ColumnValidation_APITables" name="validateColumnName_BKP" time="2.771"/>
  <system-out>
    <![CDATA[Executing Snowflake query :: SELECT COLUMN_NAME FROM DEV_ENT_RAW.INFORMATION_SCHEMA.COLUMNS WHERE TABLE_NAME='ST_API_TECHNICIANSHIFT'and TABLE_SCHEMA='API_MAT'
Executing Snowflake query :: SELECT COLUMN_NAME FROM CURATED_DATAMART.INFORMATION_SCHEMA.COLUMNS WHERE TABLE_NAME='STR_API_TECHNICIANSHIFT'and TABLE_SCHEMA='ST_API_BILLFENWICK'
Executing Snowflake query :: SELECT COLUMN_NAME FROM DEV_ENT_CURATED.INFORMATION_SCHEMA.COLUMNS WHERE TABLE_NAME='DIM_TECHNICIANSHIFT'and TABLE_SCHEMA='MASTER_DIMENSIONS'
Column names for RAW Table --> ST_API_TECHNICIANSHIFT :: [END, ENDDATE, STARTTIME, ENDTIME, START, TECHNICIAN_ID, ACTIVE, BATCH, CREATEDBY_ID, TITLE, ID, IMPORTID, SHIFTTYPE, STARTDATE, CREATEDON, NOTE, TIMESHEET_ID, TIMESHEETCODE_ID, TENANT_TYPE]
Column names for DataMart Table --> STR_API_TECHNICIANSHIFT :: [CREATEDBY_ID, ENDDATE, ID, MASTER_ID, RECORD_CREATE_DATE, START, STARTTIME, ACTIVE, NOTE, RECORD_UPDATE_DATE, TIMESHEETCODE_ID, ACTIVE_FLAG, STARTDATE, ENDTIME, END, SHIFTTYPE, TIMESHEET_ID, TITLE, TECHNICIAN_ID, BATCH, CREATEDON, TENANT_TYPE, IMPORTID]
Column names for Curated Table --> DIM_TECHNICIANSHIFT :: [CREATEDON, TENANT_TYPE, TITLE, ACTIVE, NOTE, RECORD_CREATE_DATE, END, ID, RECORD_UPDATED_BY, TIMESHEETCODE_ID, IMPORTID, RECORD_UPDATE_DATE, STARTTIME, TECHNICIAN_ID, TIMESHEET_ID, CREATEDBY_ID, ENDDATE, START, SHIFTTYPE, BATCH, ENDTIME, STARTDATE]
Column Name found in Datamart and Curated Table :: END
Column Name found in Datamart and Curated Table :: ENDDATE
Column Name found in Datamart and Curated Table :: STARTTIME
Column Name found in Datamart and Curated Table :: ENDTIME
Column Name found in Datamart and Curated Table :: START
Column Name found in Datamart and Curated Table :: TECHNICIAN_ID
Column Name found in Datamart and Curated Table :: ACTIVE
Column Name found in Datamart and Curated Table :: BATCH
Column Name found in Datamart and Curated Table :: CREATEDBY_ID
Column Name found in Datamart and Curated Table :: TITLE
Column Name found in Datamart and Curated Table :: ID
Column Name found in Datamart and Curated Table :: IMPORTID
Column Name found in Datamart and Curated Table :: SHIFTTYPE
Column Name found in Datamart and Curated Table :: STARTDATE
Column Name found in Datamart and Curated Table :: CREATEDON
Column Name found in Datamart and Curated Table :: NOTE
Column Name found in Datamart and Curated Table :: TIMESHEET_ID
Column Name found in Datamart and Curated Table :: TIMESHEETCODE_ID
Column Name found in Datamart and Curated Table :: TENANT_TYPE
Datamart tables contains additional column name like [ACTIVE_FLAG, RECORD_CREATE_DATE, RECORD_UPDATE_DATE, MASTER_ID]
Curated tables contains additional column name like [RECORD_CREATE_DATE, RECORD_UPDATE_DATE, RECORD_UPDATED_BY]]]>
  </system-out>
  <testcase classname="testcases.RAW_DATAMART_CURATED.SnowFlake_ColumnValidation_APITables" name="validateColumnName_BKP" time="2.334"/>
  <system-out>
    <![CDATA[Executing Snowflake query :: SELECT COLUMN_NAME FROM DEV_ENT_RAW.INFORMATION_SCHEMA.COLUMNS WHERE TABLE_NAME='ST_API_JOBASSIGNMENT'and TABLE_SCHEMA='API_MAT'
Executing Snowflake query :: SELECT COLUMN_NAME FROM CURATED_DATAMART.INFORMATION_SCHEMA.COLUMNS WHERE TABLE_NAME='STR_API_JOBASSIGNMENT'and TABLE_SCHEMA='ST_API_HARP'
Executing Snowflake query :: SELECT COLUMN_NAME FROM DEV_ENT_CURATED.INFORMATION_SCHEMA.COLUMNS WHERE TABLE_NAME='DIM_JOBASSIGNMENT'and TABLE_SCHEMA='MASTER_DIMENSIONS'
Column names for RAW Table --> ST_API_JOBASSIGNMENT :: [CREATEDBY_ID, IMPORTID, TECHNICIANROLE_ID, DRIVETIME_ID, ISPAUSED, JOHNMOOREPAYROLLROLE, ACTIVE, COMMISSIONRATE, CREATEDON, GROSSPAY, ID, SPLIT, PAYROLLROLE, PROJECTLABELS, PAYTYPE, TECHNICIAN_ID, JOB_ID, MODIFIEDON, STATUS, TENANT_TYPE]
Column names for DataMart Table --> STR_API_JOBASSIGNMENT :: [COMMISSIONRATE, CREATEDBY_ID, IMPORTID, ISPAUSED, JOB_ID, PROJECTLABELS, RECORD_UPDATE_DATE, GROSSPAY, PAYROLLROLE, PAYTYPE, JOHNMOOREPAYROLLROLE, MASTER_ID, RECORD_CREATE_DATE, DRIVETIME_ID, STATUS, SPLIT, TECHNICIAN_ID, ACTIVE, MODIFIEDON, TENANT_TYPE, ACTIVE_FLAG, CREATEDON, ID, TECHNICIANROLE_ID]
Column names for Curated Table --> DIM_JOBASSIGNMENT :: [STATUS, COMMISSIONRATE, SPLIT, TECHNICIANROLE_ID, DRIVETIME_ID, GROSSPAY, RECORD_CREATE_DATE, JOHNMOOREPAYROLLROLE, MODIFIEDON, CREATEDBY_ID, ISPAUSED, SOURCE_PKEY_SPK, ID, PROJECTLABELS, RECORD_UPDATED_BY, PAYROLLROLE, JOB_ID, RECORD_UPDATE_DATE, TENANT_TYPE, IMPORTID, TECHNICIAN_ID, PAYTYPE, ACTIVE, CREATEDON]
Column Name found in Datamart and Curated Table :: CREATEDBY_ID
Column Name found in Datamart and Curated Table :: IMPORTID
Column Name found in Datamart and Curated Table :: TECHNICIANROLE_ID
Column Name found in Datamart and Curated Table :: DRIVETIME_ID
Column Name found in Datamart and Curated Table :: ISPAUSED
Column Name found in Datamart and Curated Table :: JOHNMOOREPAYROLLROLE
Column Name found in Datamart and Curated Table :: ACTIVE
Column Name found in Datamart and Curated Table :: COMMISSIONRATE
Column Name found in Datamart and Curated Table :: CREATEDON
Column Name found in Datamart and Curated Table :: GROSSPAY
Column Name found in Datamart and Curated Table :: ID
Column Name found in Datamart and Curated Table :: SPLIT
Column Name found in Datamart and Curated Table :: PAYROLLROLE
Column Name found in Datamart and Curated Table :: PROJECTLABELS
Column Name found in Datamart and Curated Table :: PAYTYPE
Column Name found in Datamart and Curated Table :: TECHNICIAN_ID
Column Name found in Datamart and Curated Table :: JOB_ID
Column Name found in Datamart and Curated Table :: MODIFIEDON
Column Name found in Datamart and Curated Table :: STATUS
Column Name found in Datamart and Curated Table :: TENANT_TYPE
Datamart tables contains additional column name like [ACTIVE_FLAG, RECORD_CREATE_DATE, RECORD_UPDATE_DATE, MASTER_ID]
Curated tables contains additional column name like [RECORD_CREATE_DATE, RECORD_UPDATE_DATE, RECORD_UPDATED_BY]]]>
  </system-out>
  <testcase classname="testcases.RAW_DATAMART_CURATED.SnowFlake_ColumnValidation_APITables" name="validateColumnName_BKP" time="2.991"/>
  <system-out>
    <![CDATA[Executing Snowflake query :: SELECT COLUMN_NAME FROM DEV_ENT_RAW.INFORMATION_SCHEMA.COLUMNS WHERE TABLE_NAME='ST_API_TIMESHEETCODE'and TABLE_SCHEMA='API_MAT'
Executing Snowflake query :: SELECT COLUMN_NAME FROM CURATED_DATAMART.INFORMATION_SCHEMA.COLUMNS WHERE TABLE_NAME='STR_API_TIMESHEETCODE'and TABLE_SCHEMA='ST_API_FOURPROS'
Executing Snowflake query :: SELECT COLUMN_NAME FROM DEV_ENT_CURATED.INFORMATION_SCHEMA.COLUMNS WHERE TABLE_NAME='DIM_TIMESHEETCODE'and TABLE_SCHEMA='MASTER_DIMENSIONS'
Column names for RAW Table --> ST_API_TIMESHEETCODE :: [ADDRESS_ZIP, ROUTEAROUNDNJA, IMPORTID, RATEMULTIPLIER, STANDARDPAYROLLCONTROLCODE_ID, ADDRESS_COUNTRY, CODE, COUNTONJOBCOUNTER, OVERTIMEPAYROLLCONTROLCODE_ID, PAYROLLPOSTINGGROUP_ID, OVERTIMEPAYCODE_ID, ADDRESS_STREET, BUSINESSUNIT_ID, EXCLUDEABSENTEVENT, HOURLYRATE, SENDALERTSONMOBILE, VISIBILITY, ACTIVE, ID, TYPE, ADDRESS_ISMILITARY, ADDRESS_STATE, CREATEDBY_ID, APPLICABLEEMPLOYEETYPE, DOUBLEOVERTIMEPAYCODE_ID, GEOFENCECLOCKINMODE, STANDARDPAYCODE_ID, ADDRESS_LONGITUDE, DEDUCTCOMMUTETIME, EVENTNAME, STPAYCODE, ENABLESIMPLECLOCKINOUT, OTPAYCODE, CREATEDON, ADDRESS_CITY, ADDRESS_ISMANUALCOORDINATES, ADDRESS_LATITUDE, ADDRESS_UNIT, DESCRIPTION, ISDEFAULTSHOPTIME, CUSTOMHOURLYRATE, ISAUTOCLOCKINENABLED, TENANT_TYPE]
Column names for DataMart Table --> STR_API_TIMESHEETCODE :: [ADDRESS_ISMANUALCOORDINATES, CREATEDON, ISDEFAULTSHOPTIME, PAYROLLPOSTINGGROUP_ID, ADDRESS_COUNTRY, ADDRESS_ZIP, CODE, DESCRIPTION, STANDARDPAYCODE_ID, ENABLESIMPLECLOCKINOUT, ADDRESS_UNIT, CREATEDBY_ID, DOUBLEOVERTIMEPAYCODE_ID, SENDALERTSONMOBILE, RECORD_UPDATE_DATE, APPLICABLEEMPLOYEETYPE, BUSINESSUNIT_ID, CUSTOMHOURLYRATE, ACTIVE_FLAG, DEDUCTCOMMUTETIME, IMPORTID, RECORD_CREATE_DATE, ACTIVE, ADDRESS_CITY, ADDRESS_LATITUDE, ADDRESS_LONGITUDE, EXCLUDEABSENTEVENT, ISAUTOCLOCKINENABLED, VISIBILITY, ADDRESS_STATE, COUNTONJOBCOUNTER, EVENTNAME, ROUTEAROUNDNJA, STANDARDPAYROLLCONTROLCODE_ID, STPAYCODE, TYPE, OTPAYCODE, ADDRESS_STREET, OVERTIMEPAYROLLCONTROLCODE_ID, TENANT_TYPE, GEOFENCECLOCKINMODE, ADDRESS_ISMILITARY, ID, OVERTIMEPAYCODE_ID, HOURLYRATE, MASTER_ID, RATEMULTIPLIER]
Column names for Curated Table --> DIM_TIMESHEETCODE :: [ADDRESS_STREET, ADDRESS_ZIP, CUSTOMHOURLYRATE, DOUBLEOVERTIMEPAYCODE_ID, ENABLESIMPLECLOCKINOUT, DESCRIPTION, ADDRESS_ISMANUALCOORDINATES, ADDRESS_LONGITUDE, IMPORTID, CREATEDON, DEDUCTCOMMUTETIME, ID, ADDRESS_LATITUDE, CREATEDBY_ID, GEOFENCECLOCKINMODE, ROUTEAROUNDNJA, HOURLYRATE, RECORD_UPDATED_BY, RECORD_UPDATE_DATE, ADDRESS_UNIT, CODE, STANDARDPAYCODE_ID, OTPAYCODE, STPAYCODE, APPLICABLEEMPLOYEETYPE, OVERTIMEPAYCODE_ID, RATEMULTIPLIER, STANDARDPAYROLLCONTROLCODE_ID, EXCLUDEABSENTEVENT, PAYROLLPOSTINGGROUP_ID, TYPE, VISIBILITY, OVERTIMEPAYROLLCONTROLCODE_ID, ADDRESS_ISMILITARY, ADDRESS_STATE, ISDEFAULTSHOPTIME, ACTIVE, ADDRESS_CITY, BUSINESSUNIT_ID, COUNTONJOBCOUNTER, EVENTNAME, SENDALERTSONMOBILE, ADDRESS_COUNTRY, ISAUTOCLOCKINENABLED, TENANT_TYPE, RECORD_CREATE_DATE]
Column Name found in Datamart and Curated Table :: ADDRESS_ZIP
Column Name found in Datamart and Curated Table :: ROUTEAROUNDNJA
Column Name found in Datamart and Curated Table :: IMPORTID
Column Name found in Datamart and Curated Table :: RATEMULTIPLIER
Column Name found in Datamart and Curated Table :: STANDARDPAYROLLCONTROLCODE_ID
Column Name found in Datamart and Curated Table :: ADDRESS_COUNTRY
Column Name found in Datamart and Curated Table :: CODE
Column Name found in Datamart and Curated Table :: COUNTONJOBCOUNTER
Column Name found in Datamart and Curated Table :: OVERTIMEPAYROLLCONTROLCODE_ID
Column Name found in Datamart and Curated Table :: PAYROLLPOSTINGGROUP_ID
Column Name found in Datamart and Curated Table :: OVERTIMEPAYCODE_ID
Column Name found in Datamart and Curated Table :: ADDRESS_STREET
Column Name found in Datamart and Curated Table :: BUSINESSUNIT_ID
Column Name found in Datamart and Curated Table :: EXCLUDEABSENTEVENT
Column Name found in Datamart and Curated Table :: HOURLYRATE
Column Name found in Datamart and Curated Table :: SENDALERTSONMOBILE
Column Name found in Datamart and Curated Table :: VISIBILITY
Column Name found in Datamart and Curated Table :: ACTIVE
Column Name found in Datamart and Curated Table :: ID
Column Name found in Datamart and Curated Table :: TYPE
Column Name found in Datamart and Curated Table :: ADDRESS_ISMILITARY
Column Name found in Datamart and Curated Table :: ADDRESS_STATE
Column Name found in Datamart and Curated Table :: CREATEDBY_ID
Column Name found in Datamart and Curated Table :: APPLICABLEEMPLOYEETYPE
Column Name found in Datamart and Curated Table :: DOUBLEOVERTIMEPAYCODE_ID
Column Name found in Datamart and Curated Table :: GEOFENCECLOCKINMODE
Column Name found in Datamart and Curated Table :: STANDARDPAYCODE_ID
Column Name found in Datamart and Curated Table :: ADDRESS_LONGITUDE
Column Name found in Datamart and Curated Table :: DEDUCTCOMMUTETIME
Column Name found in Datamart and Curated Table :: EVENTNAME
Column Name found in Datamart and Curated Table :: STPAYCODE
Column Name found in Datamart and Curated Table :: ENABLESIMPLECLOCKINOUT
Column Name found in Datamart and Curated Table :: OTPAYCODE
Column Name found in Datamart and Curated Table :: CREATEDON
Column Name found in Datamart and Curated Table :: ADDRESS_CITY
Column Name found in Datamart and Curated Table :: ADDRESS_ISMANUALCOORDINATES
Column Name found in Datamart and Curated Table :: ADDRESS_LATITUDE
Column Name found in Datamart and Curated Table :: ADDRESS_UNIT
Column Name found in Datamart and Curated Table :: DESCRIPTION
Column Name found in Datamart and Curated Table :: ISDEFAULTSHOPTIME
Column Name found in Datamart and Curated Table :: CUSTOMHOURLYRATE
Column Name found in Datamart and Curated Table :: ISAUTOCLOCKINENABLED
Column Name found in Datamart and Curated Table :: TENANT_TYPE
Datamart tables contains additional column name like [ACTIVE_FLAG, RECORD_CREATE_DATE, RECORD_UPDATE_DATE, MASTER_ID]
Curated tables contains additional column name like [RECORD_CREATE_DATE, RECORD_UPDATE_DATE, RECORD_UPDATED_BY]]]>
  </system-out>
  <testcase classname="testcases.RAW_DATAMART_CURATED.SnowFlake_ColumnValidation_APITables" name="validateColumnName_BKP" time="12.486"/>
  <system-out>
    <![CDATA[Executing Snowflake query :: SELECT COLUMN_NAME FROM DEV_ENT_RAW.INFORMATION_SCHEMA.COLUMNS WHERE TABLE_NAME='ST_API_PURCHASEORDER'and TABLE_SCHEMA='API_MAT'
Executing Snowflake query :: SELECT COLUMN_NAME FROM CURATED_DATAMART.INFORMATION_SCHEMA.COLUMNS WHERE TABLE_NAME='STR_API_PURCHASEORDER'and TABLE_SCHEMA='ST_API_HORIZONSERVICES'
Executing Snowflake query :: SELECT COLUMN_NAME FROM DEV_ENT_CURATED.INFORMATION_SCHEMA.COLUMNS WHERE TABLE_NAME='DIM_PURCHASEORDER'and TABLE_SCHEMA='MASTER_DIMENSIONS'
Column names for RAW Table --> ST_API_PURCHASEORDER :: [CANCELEDBY_ID, CANCELEDREASON, INVENTORYLOCATION_ID, POVENDOR_ID, SHIPTO_CITY, SHIPTO_LATITUDE, STATUS, TECHNICIAN_ID, AMOUNT, BUSINESSUNIT_ID, CREATEDBY_ID, ISTIMEANDMATERIAL, SENDSTATUS, SHIPPING, SHIPTO_UNIT, TAXSCHEMA, TRUCK_ID, TYPE_ID, VENDORINVOICENUMBER, PROJECTLABELS, SHIPTO_COUNTRY, EXPORTID, MARKUP, SHIPTO_STREET, IMPORTID, NUMBER, TAX, TAXRATE, VENDOR, CANCELEDON, CREATEDON, DATE, MODIFIEDON, ERRORMESSAGE, REQUIREDON, SHIPTO_LONGITUDE, ACTIVE, REQUISITION_ID, SHIPTO_ISMILITARY, GROUPINGOPTION, PROJECT_ID, SENDINGMETHOD, SHIPTO_ZIP, RECEIVEDON, SUMMARY, BATCH_ID, EXTERNALID, ID, INVOICE_ID, JOB_ID, NOCHARGE, SHIPTO_ISMANUALCOORDINATES, SHIPTO_STATE, SENTON, SHIPTODESCRIPTION, TENANT_TYPE]
Column names for DataMart Table --> STR_API_PURCHASEORDER :: [DATE, INVOICE_ID, POVENDOR_ID, MARKUP, SENDINGMETHOD, SUMMARY, VENDORINVOICENUMBER, CANCELEDBY_ID, CANCELEDREASON, EXPORTID, RECEIVEDON, SHIPTO_COUNTRY, SHIPTO_STATE, TECHNICIAN_ID, NOCHARGE, CREATEDON, EXTERNALID, SENDSTATUS, SHIPTO_ISMILITARY, RECORD_UPDATE_DATE, SHIPTO_UNIT, ISTIMEANDMATERIAL, TRUCK_ID, GROUPINGOPTION, INVENTORYLOCATION_ID, ACTIVE_FLAG, BUSINESSUNIT_ID, CANCELEDON, CREATEDBY_ID, JOB_ID, TENANT_TYPE, REQUIREDON, STATUS, SHIPTO_ISMANUALCOORDINATES, IMPORTID, MASTER_ID, PROJECTLABELS, SHIPTO_CITY, SHIPTO_LATITUDE, TAXRATE, VENDOR, PROJECT_ID, SHIPTO_LONGITUDE, TAX, TAXSCHEMA, RECORD_CREATE_DATE, SHIPPING, ACTIVE, AMOUNT, BATCH_ID, ID, SHIPTO_ZIP, MODIFIEDON, NUMBER, ROLLEDOVERFROMPURCHASEORDER_ID, ERRORMESSAGE, SENTON, SHIPTODESCRIPTION, REQUISITION_ID, SHIPTO_STREET, TYPE_ID]
Column names for Curated Table --> DIM_PURCHASEORDER :: [ACTIVE, CANCELEDBY_ID, CANCELEDON, RECORD_CREATE_DATE, TRUCK_ID, ROLLEDOVERFROMPURCHASEORDER_ID, SHIPTO_LONGITUDE, TAXSCHEMA, BUSINESSUNIT_ID, POVENDOR_ID, SHIPTO_ISMANUALCOORDINATES, SHIPTO_ISMILITARY, CREATEDON, RECORD_UPDATE_DATE, NUMBER, AMOUNT, DATE, ERRORMESSAGE, EXPORTID, GROUPINGOPTION, INVOICE_ID, MODIFIEDON, PROJECT_ID, SHIPTO_COUNTRY, STATUS, RECORD_UPDATED_BY, TECHNICIAN_ID, SHIPTO_STATE, MARKUP, REQUISITION_ID, SENDSTATUS, SHIPTO_LATITUDE, SHIPTO_STREET, INVENTORYLOCATION_ID, TYPE_ID, BATCH_ID, CREATEDBY_ID, SENTON, PROJECTLABELS, SENDINGMETHOD, SHIPTO_CITY, TAXRATE, EXTERNALID, ID, TAX, VENDOR, IMPORTID, NOCHARGE, SHIPTO_ZIP, SUMMARY, TENANT_TYPE, SHIPPING, CANCELEDREASON, ISTIMEANDMATERIAL, JOB_ID, RECEIVEDON, SHIPTODESCRIPTION, SHIPTO_UNIT, VENDORINVOICENUMBER, REQUIREDON]
Column Name found in Datamart and Curated Table :: CANCELEDBY_ID
Column Name found in Datamart and Curated Table :: CANCELEDREASON
Column Name found in Datamart and Curated Table :: INVENTORYLOCATION_ID
Column Name found in Datamart and Curated Table :: POVENDOR_ID
Column Name found in Datamart and Curated Table :: SHIPTO_CITY
Column Name found in Datamart and Curated Table :: SHIPTO_LATITUDE
Column Name found in Datamart and Curated Table :: STATUS
Column Name found in Datamart and Curated Table :: TECHNICIAN_ID
Column Name found in Datamart and Curated Table :: AMOUNT
Column Name found in Datamart and Curated Table :: BUSINESSUNIT_ID
Column Name found in Datamart and Curated Table :: CREATEDBY_ID
Column Name found in Datamart and Curated Table :: ISTIMEANDMATERIAL
Column Name found in Datamart and Curated Table :: SENDSTATUS
Column Name found in Datamart and Curated Table :: SHIPPING
Column Name found in Datamart and Curated Table :: SHIPTO_UNIT
Column Name found in Datamart and Curated Table :: TAXSCHEMA
Column Name found in Datamart and Curated Table :: TRUCK_ID
Column Name found in Datamart and Curated Table :: TYPE_ID
Column Name found in Datamart and Curated Table :: VENDORINVOICENUMBER
Column Name found in Datamart and Curated Table :: PROJECTLABELS
Column Name found in Datamart and Curated Table :: SHIPTO_COUNTRY
Column Name found in Datamart and Curated Table :: EXPORTID
Column Name found in Datamart and Curated Table :: MARKUP
Column Name found in Datamart and Curated Table :: SHIPTO_STREET
Column Name found in Datamart and Curated Table :: IMPORTID
Column Name found in Datamart and Curated Table :: NUMBER
Column Name found in Datamart and Curated Table :: TAX
Column Name found in Datamart and Curated Table :: TAXRATE
Column Name found in Datamart and Curated Table :: VENDOR
Column Name found in Datamart and Curated Table :: CANCELEDON
Column Name found in Datamart and Curated Table :: CREATEDON
Column Name found in Datamart and Curated Table :: DATE
Column Name found in Datamart and Curated Table :: MODIFIEDON
Column Name found in Datamart and Curated Table :: ERRORMESSAGE
Column Name found in Datamart and Curated Table :: REQUIREDON
Column Name found in Datamart and Curated Table :: SHIPTO_LONGITUDE
Column Name found in Datamart and Curated Table :: ACTIVE
Column Name found in Datamart and Curated Table :: REQUISITION_ID
Column Name found in Datamart and Curated Table :: SHIPTO_ISMILITARY
Column Name found in Datamart and Curated Table :: GROUPINGOPTION
Column Name found in Datamart and Curated Table :: PROJECT_ID
Column Name found in Datamart and Curated Table :: SENDINGMETHOD
Column Name found in Datamart and Curated Table :: SHIPTO_ZIP
Column Name found in Datamart and Curated Table :: RECEIVEDON
Column Name found in Datamart and Curated Table :: SUMMARY
Column Name found in Datamart and Curated Table :: BATCH_ID
Column Name found in Datamart and Curated Table :: EXTERNALID
Column Name found in Datamart and Curated Table :: ID
Column Name found in Datamart and Curated Table :: INVOICE_ID
Column Name found in Datamart and Curated Table :: JOB_ID
Column Name found in Datamart and Curated Table :: NOCHARGE
Column Name found in Datamart and Curated Table :: SHIPTO_ISMANUALCOORDINATES
Column Name found in Datamart and Curated Table :: SHIPTO_STATE
Column Name found in Datamart and Curated Table :: SENTON
Column Name found in Datamart and Curated Table :: SHIPTODESCRIPTION
Column Name found in Datamart and Curated Table :: TENANT_TYPE
Datamart tables contains additional column name like [ACTIVE_FLAG, RECORD_CREATE_DATE, RECORD_UPDATE_DATE, MASTER_ID]
Curated tables contains additional column name like [RECORD_CREATE_DATE, RECORD_UPDATE_DATE, RECORD_UPDATED_BY]]]>
  </system-out>
  <testcase classname="testcases.RAW_DATAMART_CURATED.SnowFlake_ColumnValidation_APITables" name="validateColumnName_BKP" time="2.540">
    <failure message="The following asserts failed:
	null" type="java.lang.AssertionError">
      <![CDATA[java.lang.AssertionError: The following asserts failed:
null
at org.testng.asserts.SoftAssert.assertAll(SoftAssert.java:47)
at org.testng.asserts.SoftAssert.assertAll(SoftAssert.java:31)
at testcases.RAW_DATAMART_CURATED.SnowFlake_ColumnValidation_APITables.validateColumnName_BKP(SnowFlake_ColumnValidation_APITables.java:128)
at jdk.internal.reflect.GeneratedMethodAccessor38.invoke(Unknown Source)
at java.base/jdk.internal.reflect.DelegatingMethodAccessorImpl.invoke(DelegatingMethodAccessorImpl.java:43)
at java.base/java.lang.reflect.Method.invoke(Method.java:568)
at org.testng.internal.MethodInvocationHelper.invokeMethod(MethodInvocationHelper.java:133)
at org.testng.internal.TestInvoker.invokeMethod(TestInvoker.java:598)
at org.testng.internal.TestInvoker.invokeTestMethod(TestInvoker.java:173)
at org.testng.internal.MethodRunner.runInSequence(MethodRunner.java:46)
at org.testng.internal.TestInvoker$MethodInvocationAgent.invoke(TestInvoker.java:824)
at org.testng.internal.TestInvoker.invokeTestMethods(TestInvoker.java:146)
at org.testng.internal.TestMethodWorker.invokeTestMethods(TestMethodWorker.java:146)
at org.testng.internal.TestMethodWorker.run(TestMethodWorker.java:128)
at java.base/java.util.ArrayList.forEach(ArrayList.java:1511)
at org.testng.TestRunner.privateRun(TestRunner.java:794)
at org.testng.TestRunner.run(TestRunner.java:596)
at org.testng.SuiteRunner.runTest(SuiteRunner.java:377)
at org.testng.SuiteRunner.runSequentially(SuiteRunner.java:371)
at org.testng.SuiteRunner.privateRun(SuiteRunner.java:332)
at org.testng.SuiteRunner.run(SuiteRunner.java:276)
at org.testng.SuiteRunnerWorker.runSuite(SuiteRunnerWorker.java:53)
at org.testng.SuiteRunnerWorker.run(SuiteRunnerWorker.java:96)
at org.testng.TestNG.runSuitesSequentially(TestNG.java:1212)
at org.testng.TestNG.runSuitesLocally(TestNG.java:1134)
at org.testng.TestNG.runSuites(TestNG.java:1063)
at org.testng.TestNG.run(TestNG.java:1031)
at org.testng.remote.AbstractRemoteTestNG.run(AbstractRemoteTestNG.java:115)
at org.testng.remote.RemoteTestNG.initAndRun(RemoteTestNG.java:251)
at org.testng.remote.RemoteTestNG.main(RemoteTestNG.java:77)
]]>
    </failure>
  </testcase> <!-- validateColumnName_BKP -->
  <system-out>
    <![CDATA[Executing Snowflake query :: SELECT COLUMN_NAME FROM DEV_ENT_RAW.INFORMATION_SCHEMA.COLUMNS WHERE TABLE_NAME='ST_API_TECHNICIAN'and TABLE_SCHEMA='API_MAT'
Executing Snowflake query :: SELECT COLUMN_NAME FROM CURATED_DATAMART.INFORMATION_SCHEMA.COLUMNS WHERE TABLE_NAME='STR_API_TECHNICIAN'and TABLE_SCHEMA='ST_API_HDAIR'
Executing Snowflake query :: SELECT COLUMN_NAME FROM DEV_ENT_CURATED.INFORMATION_SCHEMA.COLUMNS WHERE TABLE_NAME='DIM_TECHNICIAN'and TABLE_SCHEMA='MASTER_DIMENSIONS'
Column names for RAW Table --> ST_API_TECHNICIAN :: [ADDONCREWSPLITCOMMISSIONRATE, ATLASBUTLERTECHNICIANROLE, FIRSTDRIVERULE, HOME_ISMANUALCOORDINATES, NAVISIONEMPLOYEEID, PAYROLLID, PAYROLLPOSTINGGROUP_ID, SALESFACTOR, SALESFORCECONTACTID, PAYROLLREPORTVERSION, STANDARDWORKTYPECODE_ID, MUHULINK, COMMISSIONRATE, HOME_ISMILITARY, LICENSE, GOALIMAGE, IMPORTID, MOBILEPHONECONFIRMED, PAYTYPE, MANAGER_ID, SHIFTSTART, NAME, ADDONSOLOCOMMISSIONRATE, BIO, BUSINESSUNIT_ID, HOME_CITY, ID, ISMANAGEDTECH, PROJECTLABELS, SCHEDULEDSOLOCOMMISSIONRATE, BIRTHDATE, HOME_COUNTRY, PHOTO, TURNOVERBONUS, USER_ID, WILLIAMSTECHNICIANROLE, ZONE_ID, OVERTIMEPROFILE_ID, CREATEDON, TODAYREVENUE_TECHNICIAN, ACTIVE, DEFAULTPAYROLLADJUSTMENTRATE, ISAUTODISPATCHED, LASTNAME, ISEXTERNAL, SHIFTEND, SCHEDULEDCREWSPLITCOMMISSIONRATE, DAILYGOAL, APPOINTMENT_ID, BURDENRATE, HOME_ZIP, PAYROLLSTARTPERIOD, STATUSUPDATEDON, OVERTIMEWORKTYPECODE_ID, PAYROLLPROFILE_ID, PAYROLLROLE, PAYROLLSTARTDATE, SOLDBYRATE, ISEXCLUDEDFROMPAYROLL, COORDINATESUPDATEDON, EMAIL, EMAILCONFIRMED, HOME_LATITUDE, OVERTIMEPAYROLLCONTROLCODE_ID, PAYPERIOD, STANDARDPAYROLLCONTROLCODE_ID, CHECKEDIN, DEFAULTLABORTYPE_ID, JOBFILTER, PAYFREQUENCY_ID, MOBILEPHONE, OUTBOUNDCALLERID, SCHEDULEDMULTITECHCOMMISSIONRATE, STARTDATE, CURRENTVALUE, DEDUCTCOMMUTETIMEFROMFIRSTDRIVE, FIRSTNAME, MEALTIME, MEMO, PHONECONFIRMED, SHOWJOBAPPOINTMENTRESCHEDULEALERT, DISPATCHNOTIFICATIONS, JOB_ID, LATITUDE, MIDDLENAME, ROUTESTATISTICS_TECHNICIAN, CREATEDBY_ID, PHONE, QBREPID, SMARTDISPATCHSETTINGS_TECHNICIAN, STATUS, UNION, HOME_UNIT, HOURLYRATE, INVENTORYWAREHOUSENAME, INVOICINGHOURLYRATE, TYPE, ADDONMULTITECHCOMMISSIONRATE, COLOR, HOME_STATE, MODIFIEDON, OVERALLSALESFACTOR_TECHNICIAN, POSITION, TEAM, COMMUTETIME, HOME_LONGITUDE, HOME_STREET, LOCATION_TECHNICIAN, OVERTIMEMODE, PROJECTEDVALUE, LONGITUDE, TRUCK_ID, TENANT_TYPE]
Column names for DataMart Table --> STR_API_TECHNICIAN :: [BIRTHDATE, CHECKEDIN, DEFAULTPAYROLLADJUSTMENTRATE, HOME_ISMANUALCOORDINATES, LICENSE, OVERTIMEPAYROLLCONTROLCODE_ID, STANDARDWORKTYPECODE_ID, MIDDLENAME, QBREPID, TODAYREVENUE_TECHNICIAN, ADDONMULTITECHCOMMISSIONRATE, ADDONSOLOCOMMISSIONRATE, EMAIL, LOCATION_TECHNICIAN, PAYFREQUENCY_ID, SHIFTSTART, HOME_COUNTRY, LASTNAME, WILLIAMSTECHNICIANROLE, MASTER_ID, ZONE_ID, MOBILEPHONE, CREATEDON, PROJECTLABELS, CREATEDBY_ID, FLEET_ID, HOME_CITY, HOME_ISMILITARY, HOME_LONGITUDE, NAVISIONEMPLOYEEID, SCHEDULEDMULTITECHCOMMISSIONRATE, SOLDBYRATE, USER_ID, MOBILEPHONECONFIRMED, PHONE, STATUS, HOURLYRATE, ATLASBUTLERTECHNICIANROLE, BURDENRATE, COORDINATESUPDATEDON, MEALTIME, OVERTIMEPROFILE_ID, ISEXTERNAL, MANAGER_ID, OUTBOUNDCALLERID, PAYROLLPROFILE_ID, PAYTYPE, IMPORTID, LONGITUDE, JOB_ID, ACTIVE_FLAG, APPOINTMENT_ID, BIO, COLOR, GOALIMAGE, HOME_STATE, LATITUDE, SALESFACTOR, NAME, ACTIVE, COMMUTETIME, DAILYGOAL, INVOICINGHOURLYRATE, OVERTIMEMODE, DEFAULTLABORTYPE_ID, EMAILCONFIRMED, HOME_ZIP, MUHULINK, PAYROLLSTARTDATE, POSITION, ROUTESTATISTICS_TECHNICIAN, SMARTDISPATCHSETTINGS_TECHNICIAN, TURNOVERBONUS, RECORD_CREATE_DATE, UNION, PAYROLLPOSTINGGROUP_ID, ADDONCREWSPLITCOMMISSIONRATE, BUSINESSUNIT_ID, COMMISSIONRATE, DEDUCTCOMMUTETIMEFROMFIRSTDRIVE, DISPATCHNOTIFICATIONS, FIRSTDRIVERULE, HOME_UNIT, SALESFORCECONTACTID, HOME_STREET, JOBFILTER, OVERALLSALESFACTOR_TECHNICIAN, PAYROLLID, PHONECONFIRMED, RECORD_UPDATE_DATE, TEAM, MEMO, MODIFIEDON, PAYPERIOD, SCHEDULEDCREWSPLITCOMMISSIONRATE, PROJECTEDVALUE, TRUCK_ID, PHOTO, SCHEDULEDSOLOCOMMISSIONRATE, TYPE, CURRENTVALUE, FIRSTNAME, HOME_LATITUDE, INVENTORYWAREHOUSENAME, ISMANAGEDTECH, OVERTIMEWORKTYPECODE_ID, PAYROLLREPORTVERSION, PAYROLLROLE, PAYROLLSTARTPERIOD, SHOWJOBAPPOINTMENTRESCHEDULEALERT, ID, STARTDATE, STATUSUPDATEDON, ISAUTODISPATCHED, TENANT_TYPE, SHIFTEND, STANDARDPAYROLLCONTROLCODE_ID]
Column names for Curated Table --> DIM_TECHNICIAN :: [ADDONCREWSPLITCOMMISSIONRATE, COMMUTETIME, DEFAULTLABORTYPE_ID, EMAILCONFIRMED, FIRSTNAME, FLEET_ID, HOME_COUNTRY, HOME_UNIT, MOBILEPHONE, PHONECONFIRMED, ISEXCLUDEDFROMPAYROLL, OVERALLSALESFACTOR_TECHNICIAN, TURNOVERBONUS, PAYPERIOD, PAYROLLROLE, PAYROLLSTARTDATE, BIRTHDATE, HOME_ISMANUALCOORDINATES, HOME_ISMILITARY, INVENTORYWAREHOUSENAME, JOBFILTER, MEMO, PAYFREQUENCY_ID, POSITION, ID, ISAUTODISPATCHED, LICENSE, TEAM, SCHEDULEDCREWSPLITCOMMISSIONRATE, SALESFACTOR, ADDONSOLOCOMMISSIONRATE, CURRENTVALUE, DAILYGOAL, DEDUCTCOMMUTETIMEFROMFIRSTDRIVE, MANAGER_ID, OVERTIMEPROFILE_ID, SHIFTSTART, SHOWJOBAPPOINTMENTRESCHEDULEALERT, SMARTDISPATCHSETTINGS_TECHNICIAN, GOALIMAGE, MODIFIEDON, PAYROLLID, PAYROLLREPORTVERSION, RECORD_CREATE_DATE, TODAYREVENUE_TECHNICIAN, TYPE, PROJECTLABELS, SCHEDULEDSOLOCOMMISSIONRATE, LONGITUDE, ADDONMULTITECHCOMMISSIONRATE, APPOINTMENT_ID, CHECKEDIN, COLOR, CREATEDON, DISPATCHNOTIFICATIONS, IMPORTID, LASTNAME, MOBILEPHONECONFIRMED, STATUSUPDATEDON, ZONE_ID, HOME_STATE, NAME, NAVISIONEMPLOYEEID, PAYROLLPOSTINGGROUP_ID, PHOTO, MEALTIME, PROJECTEDVALUE, STANDARDPAYROLLCONTROLCODE_ID, OVERTIMEMODE, BURDENRATE, FIRSTDRIVERULE, JOB_ID, PAYROLLPROFILE_ID, QBREPID, ROUTESTATISTICS_TECHNICIAN, STARTDATE, TRUCK_ID, USER_ID, STANDARDWORKTYPECODE_ID, MIDDLENAME, COMMISSIONRATE, CREATEDBY_ID, HOME_LONGITUDE, HOME_ZIP, HOURLYRATE, LATITUDE, SCHEDULEDMULTITECHCOMMISSIONRATE, BUSINESSUNIT_ID, OUTBOUNDCALLERID, RECORD_UPDATED_BY, STATUS, MUHULINK, OVERTIMEPAYROLLCONTROLCODE_ID, UNION, PAYTYPE, INVOICINGHOURLYRATE, RECORD_UPDATE_DATE, COORDINATESUPDATEDON, LOCATION_TECHNICIAN, EMAIL, HOME_CITY, ISEXTERNAL, OVERTIMEWORKTYPECODE_ID, PAYROLLSTARTPERIOD, SHIFTEND, WILLIAMSTECHNICIANROLE, TENANT_TYPE, ACTIVE, ATLASBUTLERTECHNICIANROLE, BIO, DEFAULTPAYROLLADJUSTMENTRATE, HOME_LATITUDE, HOME_STREET, ISMANAGEDTECH, PHONE, SALESFORCECONTACTID, SOLDBYRATE]
Column Name found in Datamart and Curated Table :: ADDONCREWSPLITCOMMISSIONRATE
Column Name found in Datamart and Curated Table :: ATLASBUTLERTECHNICIANROLE
Column Name found in Datamart and Curated Table :: FIRSTDRIVERULE
Column Name found in Datamart and Curated Table :: HOME_ISMANUALCOORDINATES
Column Name found in Datamart and Curated Table :: NAVISIONEMPLOYEEID
Column Name found in Datamart and Curated Table :: PAYROLLID
Column Name found in Datamart and Curated Table :: PAYROLLPOSTINGGROUP_ID
Column Name found in Datamart and Curated Table :: SALESFACTOR
Column Name found in Datamart and Curated Table :: SALESFORCECONTACTID
Column Name found in Datamart and Curated Table :: PAYROLLREPORTVERSION
Column Name found in Datamart and Curated Table :: STANDARDWORKTYPECODE_ID
Column Name found in Datamart and Curated Table :: MUHULINK
Column Name found in Datamart and Curated Table :: COMMISSIONRATE
Column Name found in Datamart and Curated Table :: HOME_ISMILITARY
Column Name found in Datamart and Curated Table :: LICENSE
Column Name found in Datamart and Curated Table :: GOALIMAGE
Column Name found in Datamart and Curated Table :: IMPORTID
Column Name found in Datamart and Curated Table :: MOBILEPHONECONFIRMED
Column Name found in Datamart and Curated Table :: PAYTYPE
Column Name found in Datamart and Curated Table :: MANAGER_ID
Column Name found in Datamart and Curated Table :: SHIFTSTART
Column Name found in Datamart and Curated Table :: NAME
Column Name found in Datamart and Curated Table :: ADDONSOLOCOMMISSIONRATE
Column Name found in Datamart and Curated Table :: BIO
Column Name found in Datamart and Curated Table :: BUSINESSUNIT_ID
Column Name found in Datamart and Curated Table :: HOME_CITY
Column Name found in Datamart and Curated Table :: ID
Column Name found in Datamart and Curated Table :: ISMANAGEDTECH
Column Name found in Datamart and Curated Table :: PROJECTLABELS
Column Name found in Datamart and Curated Table :: SCHEDULEDSOLOCOMMISSIONRATE
Column Name found in Datamart and Curated Table :: BIRTHDATE
Column Name found in Datamart and Curated Table :: HOME_COUNTRY
Column Name found in Datamart and Curated Table :: PHOTO
Column Name found in Datamart and Curated Table :: TURNOVERBONUS
Column Name found in Datamart and Curated Table :: USER_ID
Column Name found in Datamart and Curated Table :: WILLIAMSTECHNICIANROLE
Column Name found in Datamart and Curated Table :: ZONE_ID
Column Name found in Datamart and Curated Table :: OVERTIMEPROFILE_ID
Column Name found in Datamart and Curated Table :: CREATEDON
Column Name found in Datamart and Curated Table :: TODAYREVENUE_TECHNICIAN
Column Name found in Datamart and Curated Table :: ACTIVE
Column Name found in Datamart and Curated Table :: DEFAULTPAYROLLADJUSTMENTRATE
Column Name found in Datamart and Curated Table :: ISAUTODISPATCHED
Column Name found in Datamart and Curated Table :: LASTNAME
Column Name found in Datamart and Curated Table :: ISEXTERNAL
Column Name found in Datamart and Curated Table :: SHIFTEND
Column Name found in Datamart and Curated Table :: SCHEDULEDCREWSPLITCOMMISSIONRATE
Column Name found in Datamart and Curated Table :: DAILYGOAL
Column Name found in Datamart and Curated Table :: APPOINTMENT_ID
Column Name found in Datamart and Curated Table :: BURDENRATE
Column Name found in Datamart and Curated Table :: HOME_ZIP
Column Name found in Datamart and Curated Table :: PAYROLLSTARTPERIOD
Column Name found in Datamart and Curated Table :: STATUSUPDATEDON
Column Name found in Datamart and Curated Table :: OVERTIMEWORKTYPECODE_ID
Column Name found in Datamart and Curated Table :: PAYROLLPROFILE_ID
Column Name found in Datamart and Curated Table :: PAYROLLROLE
Column Name found in Datamart and Curated Table :: PAYROLLSTARTDATE
Column Name found in Datamart and Curated Table :: SOLDBYRATE
Column Name not found in Datamart and Curated Table :: ISEXCLUDEDFROMPAYROLL
Column Name found in Datamart and Curated Table :: COORDINATESUPDATEDON
Column Name found in Datamart and Curated Table :: EMAIL
Column Name found in Datamart and Curated Table :: EMAILCONFIRMED
Column Name found in Datamart and Curated Table :: HOME_LATITUDE
Column Name found in Datamart and Curated Table :: OVERTIMEPAYROLLCONTROLCODE_ID
Column Name found in Datamart and Curated Table :: PAYPERIOD
Column Name found in Datamart and Curated Table :: STANDARDPAYROLLCONTROLCODE_ID
Column Name found in Datamart and Curated Table :: CHECKEDIN
Column Name found in Datamart and Curated Table :: DEFAULTLABORTYPE_ID
Column Name found in Datamart and Curated Table :: JOBFILTER
Column Name found in Datamart and Curated Table :: PAYFREQUENCY_ID
Column Name found in Datamart and Curated Table :: MOBILEPHONE
Column Name found in Datamart and Curated Table :: OUTBOUNDCALLERID
Column Name found in Datamart and Curated Table :: SCHEDULEDMULTITECHCOMMISSIONRATE
Column Name found in Datamart and Curated Table :: STARTDATE
Column Name found in Datamart and Curated Table :: CURRENTVALUE
Column Name found in Datamart and Curated Table :: DEDUCTCOMMUTETIMEFROMFIRSTDRIVE
Column Name found in Datamart and Curated Table :: FIRSTNAME
Column Name found in Datamart and Curated Table :: MEALTIME
Column Name found in Datamart and Curated Table :: MEMO
Column Name found in Datamart and Curated Table :: PHONECONFIRMED
Column Name found in Datamart and Curated Table :: SHOWJOBAPPOINTMENTRESCHEDULEALERT
Column Name found in Datamart and Curated Table :: DISPATCHNOTIFICATIONS
Column Name found in Datamart and Curated Table :: JOB_ID
Column Name found in Datamart and Curated Table :: LATITUDE
Column Name found in Datamart and Curated Table :: MIDDLENAME
Column Name found in Datamart and Curated Table :: ROUTESTATISTICS_TECHNICIAN
Column Name found in Datamart and Curated Table :: CREATEDBY_ID
Column Name found in Datamart and Curated Table :: PHONE
Column Name found in Datamart and Curated Table :: QBREPID
Column Name found in Datamart and Curated Table :: SMARTDISPATCHSETTINGS_TECHNICIAN
Column Name found in Datamart and Curated Table :: STATUS
Column Name found in Datamart and Curated Table :: UNION
Column Name found in Datamart and Curated Table :: HOME_UNIT
Column Name found in Datamart and Curated Table :: HOURLYRATE
Column Name found in Datamart and Curated Table :: INVENTORYWAREHOUSENAME
Column Name found in Datamart and Curated Table :: INVOICINGHOURLYRATE
Column Name found in Datamart and Curated Table :: TYPE
Column Name found in Datamart and Curated Table :: ADDONMULTITECHCOMMISSIONRATE
Column Name found in Datamart and Curated Table :: COLOR
Column Name found in Datamart and Curated Table :: HOME_STATE
Column Name found in Datamart and Curated Table :: MODIFIEDON
Column Name found in Datamart and Curated Table :: OVERALLSALESFACTOR_TECHNICIAN
Column Name found in Datamart and Curated Table :: POSITION
Column Name found in Datamart and Curated Table :: TEAM
Column Name found in Datamart and Curated Table :: COMMUTETIME
Column Name found in Datamart and Curated Table :: HOME_LONGITUDE
Column Name found in Datamart and Curated Table :: HOME_STREET
Column Name found in Datamart and Curated Table :: LOCATION_TECHNICIAN
Column Name found in Datamart and Curated Table :: OVERTIMEMODE
Column Name found in Datamart and Curated Table :: PROJECTEDVALUE
Column Name found in Datamart and Curated Table :: LONGITUDE
Column Name found in Datamart and Curated Table :: TRUCK_ID
Column Name found in Datamart and Curated Table :: TENANT_TYPE
Datamart tables contains additional column name like [ACTIVE_FLAG, RECORD_CREATE_DATE, RECORD_UPDATE_DATE, MASTER_ID]
Curated tables contains additional column name like [RECORD_CREATE_DATE, RECORD_UPDATE_DATE, RECORD_UPDATED_BY]]]>
  </system-out>
  <testcase classname="testcases.RAW_DATAMART_CURATED.SnowFlake_ColumnValidation_APITables" name="validateColumnName_BKP" time="2.249"/>
  <system-out>
    <![CDATA[Executing Snowflake query :: SELECT COLUMN_NAME FROM DEV_ENT_RAW.INFORMATION_SCHEMA.COLUMNS WHERE TABLE_NAME='ST_API_PAYMENTSPLIT'and TABLE_SCHEMA='API_MAT'
Executing Snowflake query :: SELECT COLUMN_NAME FROM CURATED_DATAMART.INFORMATION_SCHEMA.COLUMNS WHERE TABLE_NAME='STR_API_PAYMENTSPLIT'and TABLE_SCHEMA='ST_API_FOURPROS'
Executing Snowflake query :: SELECT COLUMN_NAME FROM DEV_ENT_CURATED.INFORMATION_SCHEMA.COLUMNS WHERE TABLE_NAME='DIM_PAYMENTSPLIT'and TABLE_SCHEMA='MASTER_DIMENSIONS'
Column names for RAW Table --> ST_API_PAYMENTSPLIT :: [ID, MODIFIEDON, AMOUNT, PAYMENT_ID, PAYSELLERCOMMISSION, IMPORTID, INVOICE_ID, CREATEDON, CREATEDBY_ID, ACTIVE, TENANT_TYPE]
Column names for DataMart Table --> STR_API_PAYMENTSPLIT :: [ACTIVE, INVOICE_ID, AMOUNT, TENANT_TYPE, MASTER_ID, CREATEDON, PAYSELLERCOMMISSION, ACTIVE_FLAG, CREATEDBY_ID, PAYMENT_ID, RECORD_CREATE_DATE, RECORD_UPDATE_DATE, MODIFIEDON, ID, IMPORTID]
Column names for Curated Table --> DIM_PAYMENTSPLIT :: [IMPORTID, PAYSELLERCOMMISSION, CREATEDON, PAYMENT_ID, TENANT_TYPE, MODIFIEDON, AMOUNT, CREATEDBY_ID, INVOICE_ID, ID, RECORD_UPDATED_BY, RECORD_UPDATE_DATE, ACTIVE, RECORD_CREATE_DATE]
Column Name found in Datamart and Curated Table :: ID
Column Name found in Datamart and Curated Table :: MODIFIEDON
Column Name found in Datamart and Curated Table :: AMOUNT
Column Name found in Datamart and Curated Table :: PAYMENT_ID
Column Name found in Datamart and Curated Table :: PAYSELLERCOMMISSION
Column Name found in Datamart and Curated Table :: IMPORTID
Column Name found in Datamart and Curated Table :: INVOICE_ID
Column Name found in Datamart and Curated Table :: CREATEDON
Column Name found in Datamart and Curated Table :: CREATEDBY_ID
Column Name found in Datamart and Curated Table :: ACTIVE
Column Name found in Datamart and Curated Table :: TENANT_TYPE
Datamart tables contains additional column name like [ACTIVE_FLAG, RECORD_CREATE_DATE, RECORD_UPDATE_DATE, MASTER_ID]
Curated tables contains additional column name like [RECORD_CREATE_DATE, RECORD_UPDATE_DATE, RECORD_UPDATED_BY]]]>
  </system-out>
  <testcase classname="testcases.RAW_DATAMART_CURATED.SnowFlake_ColumnValidation_APITables" name="validateColumnName_BKP" time="3.191"/>
  <system-out>
    <![CDATA[Executing Snowflake query :: SELECT COLUMN_NAME FROM DEV_ENT_RAW.INFORMATION_SCHEMA.COLUMNS WHERE TABLE_NAME='ST_API_JOBTYPE'and TABLE_SCHEMA='API_MAT'
Executing Snowflake query :: SELECT COLUMN_NAME FROM CURATED_DATAMART.INFORMATION_SCHEMA.COLUMNS WHERE TABLE_NAME='STR_API_JOBTYPE'and TABLE_SCHEMA='ST_API_GOLDMEDAL'
Executing Snowflake query :: SELECT COLUMN_NAME FROM DEV_ENT_CURATED.INFORMATION_SCHEMA.COLUMNS WHERE TABLE_NAME='DIM_JOBTYPE'and TABLE_SCHEMA='MASTER_DIMENSIONS'
Column names for RAW Table --> ST_API_JOBTYPE :: [ACTIVE, COMPSTANDARDRATE, ENFORCERECURRINGSERVICEEVENTSELECTION, COMPDOUBLEOVERTIMERATE, COMPOVERTIMERATE, MODIFIEDON, IMAGE, ISAUTODISPATCHED, ISTUNEUP, NAME, CLASS, PRIORITY, IMPORTID, SOLDTHRESHOLD, NOCHARGE, CREATEDBY_ID, CREATEDON, MAXIMUMMATERIALCOSTINPERCENT, PROJECTEDVALUEADJUSTMENT, ID, DURATION, COMPCODE, MINIMUMMATERIALCOSTINPERCENT, SUMMARY, PROJECTLABELS, LIKELIHOOD, TENANT_TYPE]
Column names for DataMart Table --> STR_API_JOBTYPE :: [ACTIVE, ACTIVE_FLAG, DURATION, PROJECTLABELS, IMAGE, SUMMARY, COMPSTANDARDRATE, ENFORCERECURRINGSERVICEEVENTSELECTION, PROJECTEDVALUEADJUSTMENT, COMPOVERTIMERATE, ISTUNEUP, MODIFIEDON, RECORD_CREATE_DATE, CLASS, COMPCODE, CREATEDON, ID, NOCHARGE, ISAUTODISPATCHED, LIKELIHOOD, MAXIMUMMATERIALCOSTINPERCENT, PRIORITY, TENANT_TYPE, NAME, SOLDTHRESHOLD, COMPDOUBLEOVERTIMERATE, CREATEDBY_ID, IMPORTID, MASTER_ID, MINIMUMMATERIALCOSTINPERCENT, RECORD_UPDATE_DATE]
Column names for Curated Table --> DIM_JOBTYPE :: [COMPOVERTIMERATE, PROJECTLABELS, RECORD_UPDATED_BY, MAXIMUMMATERIALCOSTINPERCENT, SUMMARY, NAME, COMPDOUBLEOVERTIMERATE, CREATEDBY_ID, DURATION, ISAUTODISPATCHED, RECORD_UPDATE_DATE, COMPSTANDARDRATE, NOCHARGE, IMPORTID, TENANT_TYPE, ACTIVE, ENFORCERECURRINGSERVICEEVENTSELECTION, ID, ISSMARTDISPATCHEDBYDEFAULTINAPI, ISTUNEUP, CLASS, COMPCODE, MINIMUMMATERIALCOSTINPERCENT, PRIORITY, CREATEDON, LIKELIHOOD, RECORD_CREATE_DATE, SOLDTHRESHOLD, IMAGE, MODIFIEDON, PROJECTEDVALUEADJUSTMENT]
Column Name found in Datamart and Curated Table :: ACTIVE
Column Name found in Datamart and Curated Table :: COMPSTANDARDRATE
Column Name found in Datamart and Curated Table :: ENFORCERECURRINGSERVICEEVENTSELECTION
Column Name found in Datamart and Curated Table :: COMPDOUBLEOVERTIMERATE
Column Name found in Datamart and Curated Table :: COMPOVERTIMERATE
Column Name found in Datamart and Curated Table :: MODIFIEDON
Column Name found in Datamart and Curated Table :: IMAGE
Column Name found in Datamart and Curated Table :: ISAUTODISPATCHED
Column Name found in Datamart and Curated Table :: ISTUNEUP
Column Name found in Datamart and Curated Table :: NAME
Column Name found in Datamart and Curated Table :: CLASS
Column Name found in Datamart and Curated Table :: PRIORITY
Column Name found in Datamart and Curated Table :: IMPORTID
Column Name found in Datamart and Curated Table :: SOLDTHRESHOLD
Column Name found in Datamart and Curated Table :: NOCHARGE
Column Name found in Datamart and Curated Table :: CREATEDBY_ID
Column Name found in Datamart and Curated Table :: CREATEDON
Column Name found in Datamart and Curated Table :: MAXIMUMMATERIALCOSTINPERCENT
Column Name found in Datamart and Curated Table :: PROJECTEDVALUEADJUSTMENT
Column Name found in Datamart and Curated Table :: ID
Column Name found in Datamart and Curated Table :: DURATION
Column Name found in Datamart and Curated Table :: COMPCODE
Column Name found in Datamart and Curated Table :: MINIMUMMATERIALCOSTINPERCENT
Column Name found in Datamart and Curated Table :: SUMMARY
Column Name found in Datamart and Curated Table :: PROJECTLABELS
Column Name found in Datamart and Curated Table :: LIKELIHOOD
Column Name found in Datamart and Curated Table :: TENANT_TYPE
Datamart tables contains additional column name like [ACTIVE_FLAG, RECORD_CREATE_DATE, RECORD_UPDATE_DATE, MASTER_ID]
Curated tables contains additional column name like [RECORD_CREATE_DATE, RECORD_UPDATE_DATE, RECORD_UPDATED_BY]]]>
  </system-out>
  <testcase classname="testcases.RAW_DATAMART_CURATED.SnowFlake_ColumnValidation_APITables" name="validateColumnName_BKP" time="3.282"/>
  <system-out>
    <![CDATA[Executing Snowflake query :: SELECT COLUMN_NAME FROM DEV_ENT_RAW.INFORMATION_SCHEMA.COLUMNS WHERE TABLE_NAME='ST_API_INVOICE'and TABLE_SCHEMA='API_MAT'
Executing Snowflake query :: SELECT COLUMN_NAME FROM CURATED_DATAMART.INFORMATION_SCHEMA.COLUMNS WHERE TABLE_NAME='STR_API_INVOICE'and TABLE_SCHEMA='ST_API_HENDERSON'
Executing Snowflake query :: SELECT COLUMN_NAME FROM DEV_ENT_CURATED.INFORMATION_SCHEMA.COLUMNS WHERE TABLE_NAME='FACT_INVOICE'and TABLE_SCHEMA='MASTER_DIMENSIONS'
Column names for RAW Table --> ST_API_INVOICE :: [COMMISSIONELIGIBILITYDATE, TYPE_ID, NEWCONSTRUCTION, ACTIVE, BATCH_ID, DISCOUNTTOTAL, NETAMOUNT, ROYALTY_SENTON, SUMMARY, TECHNICIANACKNOWLEDGEMENTSIGNATURE, CREATEDBY_ID, ADJUSTMENTTO_ID, EXPORTID, EXTERNALID, INVOICEDON, PAIDON, PAYMENTTERM_ID, MODIFIEDON, MATERIALSKUREFERENCE_SKUTYPE, MEMBERSHIP_ID, STATUS, TAX, TAXZONE_ID, COUNTERSALESLOCATION_ID, NUMERICNUMBER, ROYALTY_STATUS, BUSINESSUNIT_ID, CONFIGURATION, CREATEDON, CUSTOMER_ID, JOB_ID, LOCATION_ID, ROYALTY_DATE, ACKNOWLEDGEMENTSIGNATURE, BALANCE, BILLINGDATE, EXCLUDEFROMPAYROLL, MATERIALTAX, AUTHORIZATIONSIGNATURE, PAYMENTDUEDATE, PROJECTLABELS, AUTHORIZEDAMOUNT, ID, INCLUDEINTECHNICIANREPORTS, MATERIALSKUREFERENCE_SKUID, PAYROLLDATE, SIGNATURE, SUBTOTAL, LABORTAX, MATERIALSKU_ID, ROYALTY_MEMO, TOTAL, FEETAX, IMPORTID, NUMBER, PROJECT_ID, FEETOTAL, TENANT_TYPE]
Column names for DataMart Table --> STR_API_INVOICE :: [BATCH_ID, CREATEDON, NETAMOUNT, INVOICEDON, NUMERICNUMBER, CUSTOMER_ID, FEETOTAL, LOCATION_ID, MATERIALTAX, SUMMARY, BUSINESSUNIT_ID, FEETAX, ID, RECORD_UPDATE_DATE, ACTIVE, AUTHORIZATIONSIGNATURE, DISCOUNTTOTAL, MATERIALSKUREFERENCE_SKUID, PAYMENTTERM_ID, PROJECTLABELS, ROYALTY_MEMO, ADJUSTMENTTO_ID, COMMISSIONELIGIBILITYDATE, COUNTERSALESLOCATION_ID, JOB_ID, ROYALTY_STATUS, SIGNATURE, TECHNICIANACKNOWLEDGEMENTSIGNATURE, PAYMENTDUEDATE, TAX, EXCLUDEFROMPAYROLL, INCLUDEINTECHNICIANREPORTS, ROYALTY_SENTON, MODIFIEDON, PAIDON, LABORTAX, BALANCE, EXTERNALID, MATERIALSKUREFERENCE_SKUTYPE, RECORD_CREATE_DATE, SUBTOTAL, CONFIGURATION, MATERIALSKU_ID, ROYALTY_DATE, TYPE_ID, TAXZONE_ID, AUTHORIZEDAMOUNT, NEWCONSTRUCTION, PROJECT_ID, ACKNOWLEDGEMENTSIGNATURE, ACTIVE_FLAG, BILLINGDATE, CREATEDBY_ID, EXPORTID, IMPORTID, MASTER_ID, TENANT_TYPE, NUMBER, PAYROLLDATE, STATUS, TOTAL, MEMBERSHIP_ID]
Column names for Curated Table --> FACT_INVOICE :: [CONFIGURATION, EXPORTID, EXTERNALID, MATERIALSKUREFERENCE_SKUTYPE, RECORD_UPDATED_BY, ROYALTY_DATE, FEETAX, TAX, TOTAL, BALANCE, BUSINESSUNIT_ID, CREATEDON, PAYMENTDUEDATE, PROJECT_ID, NETAMOUNT, NUMERICNUMBER, ROYALTY_SENTON, NUMBER, DISCOUNTTOTAL, EXCLUDEFROMPAYROLL, INCLUDEINTECHNICIANREPORTS, MODIFIEDON, STATUS, TENANT_TYPE, NEWCONSTRUCTION, ACKNOWLEDGEMENTSIGNATURE, ADJUSTMENTTO_ID, CREATEDBY_ID, CUSTOMER_ID, FEETOTAL, INVOICEDON, PAIDON, TYPE_ID, JOB_ID, LABORTAX, LOCATION_ID, ROYALTY_STATUS, SUMMARY, PROJECTLABELS, MATERIALSKUREFERENCE_SKUID, MATERIALSKU_ID, MEMBERSHIP_ID, COMMISSIONELIGIBILITYDATE, RECORD_CREATE_DATE, RECORD_UPDATE_DATE, SIGNATURE, AUTHORIZATIONSIGNATURE, BILLINGDATE, IMPORTID, TECHNICIANACKNOWLEDGEMENTSIGNATURE, AUTHORIZEDAMOUNT, ID, PAYROLLDATE, ACTIVE, COUNTERSALESLOCATION_ID, PAYMENTTERM_ID, SUBTOTAL, BATCH_ID, MATERIALTAX, ROYALTY_MEMO, TAXZONE_ID]
Column Name found in Datamart and Curated Table :: COMMISSIONELIGIBILITYDATE
Column Name found in Datamart and Curated Table :: TYPE_ID
Column Name found in Datamart and Curated Table :: NEWCONSTRUCTION
Column Name found in Datamart and Curated Table :: ACTIVE
Column Name found in Datamart and Curated Table :: BATCH_ID
Column Name found in Datamart and Curated Table :: DISCOUNTTOTAL
Column Name found in Datamart and Curated Table :: NETAMOUNT
Column Name found in Datamart and Curated Table :: ROYALTY_SENTON
Column Name found in Datamart and Curated Table :: SUMMARY
Column Name found in Datamart and Curated Table :: TECHNICIANACKNOWLEDGEMENTSIGNATURE
Column Name found in Datamart and Curated Table :: CREATEDBY_ID
Column Name found in Datamart and Curated Table :: ADJUSTMENTTO_ID
Column Name found in Datamart and Curated Table :: EXPORTID
Column Name found in Datamart and Curated Table :: EXTERNALID
Column Name found in Datamart and Curated Table :: INVOICEDON
Column Name found in Datamart and Curated Table :: PAIDON
Column Name found in Datamart and Curated Table :: PAYMENTTERM_ID
Column Name found in Datamart and Curated Table :: MODIFIEDON
Column Name found in Datamart and Curated Table :: MATERIALSKUREFERENCE_SKUTYPE
Column Name found in Datamart and Curated Table :: MEMBERSHIP_ID
Column Name found in Datamart and Curated Table :: STATUS
Column Name found in Datamart and Curated Table :: TAX
Column Name found in Datamart and Curated Table :: TAXZONE_ID
Column Name found in Datamart and Curated Table :: COUNTERSALESLOCATION_ID
Column Name found in Datamart and Curated Table :: NUMERICNUMBER
Column Name found in Datamart and Curated Table :: ROYALTY_STATUS
Column Name found in Datamart and Curated Table :: BUSINESSUNIT_ID
Column Name found in Datamart and Curated Table :: CONFIGURATION
Column Name found in Datamart and Curated Table :: CREATEDON
Column Name found in Datamart and Curated Table :: CUSTOMER_ID
Column Name found in Datamart and Curated Table :: JOB_ID
Column Name found in Datamart and Curated Table :: LOCATION_ID
Column Name found in Datamart and Curated Table :: ROYALTY_DATE
Column Name found in Datamart and Curated Table :: ACKNOWLEDGEMENTSIGNATURE
Column Name found in Datamart and Curated Table :: BALANCE
Column Name found in Datamart and Curated Table :: BILLINGDATE
Column Name found in Datamart and Curated Table :: EXCLUDEFROMPAYROLL
Column Name found in Datamart and Curated Table :: MATERIALTAX
Column Name found in Datamart and Curated Table :: AUTHORIZATIONSIGNATURE
Column Name found in Datamart and Curated Table :: PAYMENTDUEDATE
Column Name found in Datamart and Curated Table :: PROJECTLABELS
Column Name found in Datamart and Curated Table :: AUTHORIZEDAMOUNT
Column Name found in Datamart and Curated Table :: ID
Column Name found in Datamart and Curated Table :: INCLUDEINTECHNICIANREPORTS
Column Name found in Datamart and Curated Table :: MATERIALSKUREFERENCE_SKUID
Column Name found in Datamart and Curated Table :: PAYROLLDATE
Column Name found in Datamart and Curated Table :: SIGNATURE
Column Name found in Datamart and Curated Table :: SUBTOTAL
Column Name found in Datamart and Curated Table :: LABORTAX
Column Name found in Datamart and Curated Table :: MATERIALSKU_ID
Column Name found in Datamart and Curated Table :: ROYALTY_MEMO
Column Name found in Datamart and Curated Table :: TOTAL
Column Name found in Datamart and Curated Table :: FEETAX
Column Name found in Datamart and Curated Table :: IMPORTID
Column Name found in Datamart and Curated Table :: NUMBER
Column Name found in Datamart and Curated Table :: PROJECT_ID
Column Name found in Datamart and Curated Table :: FEETOTAL
Column Name found in Datamart and Curated Table :: TENANT_TYPE
Datamart tables contains additional column name like [ACTIVE_FLAG, RECORD_CREATE_DATE, RECORD_UPDATE_DATE, MASTER_ID]
Curated tables contains additional column name like [RECORD_CREATE_DATE, RECORD_UPDATE_DATE, RECORD_UPDATED_BY]]]>
  </system-out>
  <testcase classname="testcases.RAW_DATAMART_CURATED.SnowFlake_ColumnValidation_APITables" name="validateColumnName_BKP" time="2.715"/>
  <system-out>
    <![CDATA[Executing Snowflake query :: SELECT COLUMN_NAME FROM DEV_ENT_RAW.INFORMATION_SCHEMA.COLUMNS WHERE TABLE_NAME='ST_API_PURCHASEORDER'and TABLE_SCHEMA='API_MAT'
Executing Snowflake query :: SELECT COLUMN_NAME FROM CURATED_DATAMART.INFORMATION_SCHEMA.COLUMNS WHERE TABLE_NAME='STR_API_PURCHASEORDER'and TABLE_SCHEMA='ST_API_CASTEEL'
Executing Snowflake query :: SELECT COLUMN_NAME FROM DEV_ENT_CURATED.INFORMATION_SCHEMA.COLUMNS WHERE TABLE_NAME='DIM_PURCHASEORDER'and TABLE_SCHEMA='MASTER_DIMENSIONS'
Column names for RAW Table --> ST_API_PURCHASEORDER :: [CANCELEDBY_ID, CANCELEDREASON, INVENTORYLOCATION_ID, POVENDOR_ID, SHIPTO_CITY, SHIPTO_LATITUDE, STATUS, TECHNICIAN_ID, AMOUNT, BUSINESSUNIT_ID, CREATEDBY_ID, ISTIMEANDMATERIAL, SENDSTATUS, SHIPPING, SHIPTO_UNIT, TAXSCHEMA, TRUCK_ID, TYPE_ID, VENDORINVOICENUMBER, PROJECTLABELS, SHIPTO_COUNTRY, EXPORTID, MARKUP, SHIPTO_STREET, IMPORTID, NUMBER, TAX, TAXRATE, VENDOR, CANCELEDON, CREATEDON, DATE, MODIFIEDON, ERRORMESSAGE, REQUIREDON, SHIPTO_LONGITUDE, ACTIVE, REQUISITION_ID, SHIPTO_ISMILITARY, GROUPINGOPTION, PROJECT_ID, SENDINGMETHOD, SHIPTO_ZIP, RECEIVEDON, SUMMARY, BATCH_ID, EXTERNALID, ID, INVOICE_ID, JOB_ID, NOCHARGE, SHIPTO_ISMANUALCOORDINATES, SHIPTO_STATE, SENTON, SHIPTODESCRIPTION, TENANT_TYPE]
Column names for DataMart Table --> STR_API_PURCHASEORDER :: [ERRORMESSAGE, EXTERNALID, GROUPINGOPTION, MODIFIEDON, MARKUP, SHIPTO_LATITUDE, RECEIVEDON, ROLLEDOVERFROMPURCHASEORDER_ID, SUMMARY, ACTIVE, BUSINESSUNIT_ID, CREATEDBY_ID, POVENDOR_ID, SHIPTODESCRIPTION, SHIPTO_UNIT, TAX, TYPE_ID, BATCH_ID, RECORD_CREATE_DATE, SHIPTO_STREET, TENANT_TYPE, TECHNICIAN_ID, SENTON, ACTIVE_FLAG, ISTIMEANDMATERIAL, TAXRATE, CANCELEDBY_ID, CANCELEDON, DATE, NOCHARGE, PROJECT_ID, REQUIREDON, VENDOR, INVOICE_ID, SENDINGMETHOD, SHIPTO_COUNTRY, SHIPTO_ZIP, STATUS, TRUCK_ID, AMOUNT, INVENTORYLOCATION_ID, PROJECTLABELS, TAXSCHEMA, JOB_ID, RECORD_UPDATE_DATE, CANCELEDREASON, SENDSTATUS, SHIPTO_STATE, ID, IMPORTID, NUMBER, SHIPTO_ISMILITARY, SHIPTO_CITY, CREATEDON, EXPORTID, MASTER_ID, SHIPPING, SHIPTO_LONGITUDE, REQUISITION_ID, SHIPTO_ISMANUALCOORDINATES, VENDORINVOICENUMBER]
Column names for Curated Table --> DIM_PURCHASEORDER :: [ACTIVE, CANCELEDBY_ID, CANCELEDON, RECORD_CREATE_DATE, TRUCK_ID, ROLLEDOVERFROMPURCHASEORDER_ID, SHIPTO_LONGITUDE, TAXSCHEMA, BUSINESSUNIT_ID, POVENDOR_ID, SHIPTO_ISMANUALCOORDINATES, SHIPTO_ISMILITARY, CREATEDON, RECORD_UPDATE_DATE, NUMBER, AMOUNT, DATE, ERRORMESSAGE, EXPORTID, GROUPINGOPTION, INVOICE_ID, MODIFIEDON, PROJECT_ID, SHIPTO_COUNTRY, STATUS, RECORD_UPDATED_BY, TECHNICIAN_ID, SHIPTO_STATE, MARKUP, REQUISITION_ID, SENDSTATUS, SHIPTO_LATITUDE, SHIPTO_STREET, INVENTORYLOCATION_ID, TYPE_ID, BATCH_ID, CREATEDBY_ID, SENTON, PROJECTLABELS, SENDINGMETHOD, SHIPTO_CITY, TAXRATE, EXTERNALID, ID, TAX, VENDOR, IMPORTID, NOCHARGE, SHIPTO_ZIP, SUMMARY, TENANT_TYPE, SHIPPING, CANCELEDREASON, ISTIMEANDMATERIAL, JOB_ID, RECEIVEDON, SHIPTODESCRIPTION, SHIPTO_UNIT, VENDORINVOICENUMBER, REQUIREDON]
Column Name found in Datamart and Curated Table :: CANCELEDBY_ID
Column Name found in Datamart and Curated Table :: CANCELEDREASON
Column Name found in Datamart and Curated Table :: INVENTORYLOCATION_ID
Column Name found in Datamart and Curated Table :: POVENDOR_ID
Column Name found in Datamart and Curated Table :: SHIPTO_CITY
Column Name found in Datamart and Curated Table :: SHIPTO_LATITUDE
Column Name found in Datamart and Curated Table :: STATUS
Column Name found in Datamart and Curated Table :: TECHNICIAN_ID
Column Name found in Datamart and Curated Table :: AMOUNT
Column Name found in Datamart and Curated Table :: BUSINESSUNIT_ID
Column Name found in Datamart and Curated Table :: CREATEDBY_ID
Column Name found in Datamart and Curated Table :: ISTIMEANDMATERIAL
Column Name found in Datamart and Curated Table :: SENDSTATUS
Column Name found in Datamart and Curated Table :: SHIPPING
Column Name found in Datamart and Curated Table :: SHIPTO_UNIT
Column Name found in Datamart and Curated Table :: TAXSCHEMA
Column Name found in Datamart and Curated Table :: TRUCK_ID
Column Name found in Datamart and Curated Table :: TYPE_ID
Column Name found in Datamart and Curated Table :: VENDORINVOICENUMBER
Column Name found in Datamart and Curated Table :: PROJECTLABELS
Column Name found in Datamart and Curated Table :: SHIPTO_COUNTRY
Column Name found in Datamart and Curated Table :: EXPORTID
Column Name found in Datamart and Curated Table :: MARKUP
Column Name found in Datamart and Curated Table :: SHIPTO_STREET
Column Name found in Datamart and Curated Table :: IMPORTID
Column Name found in Datamart and Curated Table :: NUMBER
Column Name found in Datamart and Curated Table :: TAX
Column Name found in Datamart and Curated Table :: TAXRATE
Column Name found in Datamart and Curated Table :: VENDOR
Column Name found in Datamart and Curated Table :: CANCELEDON
Column Name found in Datamart and Curated Table :: CREATEDON
Column Name found in Datamart and Curated Table :: DATE
Column Name found in Datamart and Curated Table :: MODIFIEDON
Column Name found in Datamart and Curated Table :: ERRORMESSAGE
Column Name found in Datamart and Curated Table :: REQUIREDON
Column Name found in Datamart and Curated Table :: SHIPTO_LONGITUDE
Column Name found in Datamart and Curated Table :: ACTIVE
Column Name found in Datamart and Curated Table :: REQUISITION_ID
Column Name found in Datamart and Curated Table :: SHIPTO_ISMILITARY
Column Name found in Datamart and Curated Table :: GROUPINGOPTION
Column Name found in Datamart and Curated Table :: PROJECT_ID
Column Name found in Datamart and Curated Table :: SENDINGMETHOD
Column Name found in Datamart and Curated Table :: SHIPTO_ZIP
Column Name found in Datamart and Curated Table :: RECEIVEDON
Column Name found in Datamart and Curated Table :: SUMMARY
Column Name found in Datamart and Curated Table :: BATCH_ID
Column Name found in Datamart and Curated Table :: EXTERNALID
Column Name found in Datamart and Curated Table :: ID
Column Name found in Datamart and Curated Table :: INVOICE_ID
Column Name found in Datamart and Curated Table :: JOB_ID
Column Name found in Datamart and Curated Table :: NOCHARGE
Column Name found in Datamart and Curated Table :: SHIPTO_ISMANUALCOORDINATES
Column Name found in Datamart and Curated Table :: SHIPTO_STATE
Column Name found in Datamart and Curated Table :: SENTON
Column Name found in Datamart and Curated Table :: SHIPTODESCRIPTION
Column Name found in Datamart and Curated Table :: TENANT_TYPE
Datamart tables contains additional column name like [ACTIVE_FLAG, RECORD_CREATE_DATE, RECORD_UPDATE_DATE, MASTER_ID]
Curated tables contains additional column name like [RECORD_CREATE_DATE, RECORD_UPDATE_DATE, RECORD_UPDATED_BY]]]>
  </system-out>
  <testcase classname="testcases.RAW_DATAMART_CURATED.SnowFlake_ColumnValidation_APITables" name="validateColumnName_BKP" time="2.752">
    <failure message="The following asserts failed:
	null" type="java.lang.AssertionError">
      <![CDATA[java.lang.AssertionError: The following asserts failed:
null
at org.testng.asserts.SoftAssert.assertAll(SoftAssert.java:47)
at org.testng.asserts.SoftAssert.assertAll(SoftAssert.java:31)
at testcases.RAW_DATAMART_CURATED.SnowFlake_ColumnValidation_APITables.validateColumnName_BKP(SnowFlake_ColumnValidation_APITables.java:128)
at jdk.internal.reflect.GeneratedMethodAccessor38.invoke(Unknown Source)
at java.base/jdk.internal.reflect.DelegatingMethodAccessorImpl.invoke(DelegatingMethodAccessorImpl.java:43)
at java.base/java.lang.reflect.Method.invoke(Method.java:568)
at org.testng.internal.MethodInvocationHelper.invokeMethod(MethodInvocationHelper.java:133)
at org.testng.internal.TestInvoker.invokeMethod(TestInvoker.java:598)
at org.testng.internal.TestInvoker.invokeTestMethod(TestInvoker.java:173)
at org.testng.internal.MethodRunner.runInSequence(MethodRunner.java:46)
at org.testng.internal.TestInvoker$MethodInvocationAgent.invoke(TestInvoker.java:824)
at org.testng.internal.TestInvoker.invokeTestMethods(TestInvoker.java:146)
at org.testng.internal.TestMethodWorker.invokeTestMethods(TestMethodWorker.java:146)
at org.testng.internal.TestMethodWorker.run(TestMethodWorker.java:128)
at java.base/java.util.ArrayList.forEach(ArrayList.java:1511)
at org.testng.TestRunner.privateRun(TestRunner.java:794)
at org.testng.TestRunner.run(TestRunner.java:596)
at org.testng.SuiteRunner.runTest(SuiteRunner.java:377)
at org.testng.SuiteRunner.runSequentially(SuiteRunner.java:371)
at org.testng.SuiteRunner.privateRun(SuiteRunner.java:332)
at org.testng.SuiteRunner.run(SuiteRunner.java:276)
at org.testng.SuiteRunnerWorker.runSuite(SuiteRunnerWorker.java:53)
at org.testng.SuiteRunnerWorker.run(SuiteRunnerWorker.java:96)
at org.testng.TestNG.runSuitesSequentially(TestNG.java:1212)
at org.testng.TestNG.runSuitesLocally(TestNG.java:1134)
at org.testng.TestNG.runSuites(TestNG.java:1063)
at org.testng.TestNG.run(TestNG.java:1031)
at org.testng.remote.AbstractRemoteTestNG.run(AbstractRemoteTestNG.java:115)
at org.testng.remote.RemoteTestNG.initAndRun(RemoteTestNG.java:251)
at org.testng.remote.RemoteTestNG.main(RemoteTestNG.java:77)
]]>
    </failure>
  </testcase> <!-- validateColumnName_BKP -->
  <system-out>
    <![CDATA[Executing Snowflake query :: SELECT COLUMN_NAME FROM DEV_ENT_RAW.INFORMATION_SCHEMA.COLUMNS WHERE TABLE_NAME='ST_API_TECHNICIAN'and TABLE_SCHEMA='API_MAT'
Executing Snowflake query :: SELECT COLUMN_NAME FROM CURATED_DATAMART.INFORMATION_SCHEMA.COLUMNS WHERE TABLE_NAME='STR_API_TECHNICIAN'and TABLE_SCHEMA='ST_API_FOURPROS'
Executing Snowflake query :: SELECT COLUMN_NAME FROM DEV_ENT_CURATED.INFORMATION_SCHEMA.COLUMNS WHERE TABLE_NAME='DIM_TECHNICIAN'and TABLE_SCHEMA='MASTER_DIMENSIONS'
Column names for RAW Table --> ST_API_TECHNICIAN :: [ADDONCREWSPLITCOMMISSIONRATE, ATLASBUTLERTECHNICIANROLE, FIRSTDRIVERULE, HOME_ISMANUALCOORDINATES, NAVISIONEMPLOYEEID, PAYROLLID, PAYROLLPOSTINGGROUP_ID, SALESFACTOR, SALESFORCECONTACTID, PAYROLLREPORTVERSION, STANDARDWORKTYPECODE_ID, MUHULINK, COMMISSIONRATE, HOME_ISMILITARY, LICENSE, GOALIMAGE, IMPORTID, MOBILEPHONECONFIRMED, PAYTYPE, MANAGER_ID, SHIFTSTART, NAME, ADDONSOLOCOMMISSIONRATE, BIO, BUSINESSUNIT_ID, HOME_CITY, ID, ISMANAGEDTECH, PROJECTLABELS, SCHEDULEDSOLOCOMMISSIONRATE, BIRTHDATE, HOME_COUNTRY, PHOTO, TURNOVERBONUS, USER_ID, WILLIAMSTECHNICIANROLE, ZONE_ID, OVERTIMEPROFILE_ID, CREATEDON, TODAYREVENUE_TECHNICIAN, ACTIVE, DEFAULTPAYROLLADJUSTMENTRATE, ISAUTODISPATCHED, LASTNAME, ISEXTERNAL, SHIFTEND, SCHEDULEDCREWSPLITCOMMISSIONRATE, DAILYGOAL, APPOINTMENT_ID, BURDENRATE, HOME_ZIP, PAYROLLSTARTPERIOD, STATUSUPDATEDON, OVERTIMEWORKTYPECODE_ID, PAYROLLPROFILE_ID, PAYROLLROLE, PAYROLLSTARTDATE, SOLDBYRATE, ISEXCLUDEDFROMPAYROLL, COORDINATESUPDATEDON, EMAIL, EMAILCONFIRMED, HOME_LATITUDE, OVERTIMEPAYROLLCONTROLCODE_ID, PAYPERIOD, STANDARDPAYROLLCONTROLCODE_ID, CHECKEDIN, DEFAULTLABORTYPE_ID, JOBFILTER, PAYFREQUENCY_ID, MOBILEPHONE, OUTBOUNDCALLERID, SCHEDULEDMULTITECHCOMMISSIONRATE, STARTDATE, CURRENTVALUE, DEDUCTCOMMUTETIMEFROMFIRSTDRIVE, FIRSTNAME, MEALTIME, MEMO, PHONECONFIRMED, SHOWJOBAPPOINTMENTRESCHEDULEALERT, DISPATCHNOTIFICATIONS, JOB_ID, LATITUDE, MIDDLENAME, ROUTESTATISTICS_TECHNICIAN, CREATEDBY_ID, PHONE, QBREPID, SMARTDISPATCHSETTINGS_TECHNICIAN, STATUS, UNION, HOME_UNIT, HOURLYRATE, INVENTORYWAREHOUSENAME, INVOICINGHOURLYRATE, TYPE, ADDONMULTITECHCOMMISSIONRATE, COLOR, HOME_STATE, MODIFIEDON, OVERALLSALESFACTOR_TECHNICIAN, POSITION, TEAM, COMMUTETIME, HOME_LONGITUDE, HOME_STREET, LOCATION_TECHNICIAN, OVERTIMEMODE, PROJECTEDVALUE, LONGITUDE, TRUCK_ID, TENANT_TYPE]
Column names for DataMart Table --> STR_API_TECHNICIAN :: [ACTIVE_FLAG, BIRTHDATE, DISPATCHNOTIFICATIONS, GOALIMAGE, HOME_STATE, MOBILEPHONECONFIRMED, COLOR, HOME_COUNTRY, ISMANAGEDTECH, OVERTIMEPROFILE_ID, PAYROLLROLE, QBREPID, SCHEDULEDCREWSPLITCOMMISSIONRATE, SCHEDULEDMULTITECHCOMMISSIONRATE, SHIFTEND, PAYROLLID, RECORD_UPDATE_DATE, SHIFTSTART, PHONE, SHOWJOBAPPOINTMENTRESCHEDULEALERT, PAYPERIOD, TENANT_TYPE, BUSINESSUNIT_ID, CHECKEDIN, DEFAULTPAYROLLADJUSTMENTRATE, HOME_LATITUDE, IMPORTID, MIDDLENAME, PAYROLLREPORTVERSION, STARTDATE, TEAM, BIO, DAILYGOAL, ID, PAYROLLSTARTPERIOD, PHOTO, PROJECTEDVALUE, TRUCK_ID, SALESFORCECONTACTID, STANDARDPAYROLLCONTROLCODE_ID, ZONE_ID, CREATEDBY_ID, COMMISSIONRATE, COORDINATESUPDATEDON, DEDUCTCOMMUTETIMEFROMFIRSTDRIVE, DEFAULTLABORTYPE_ID, HOME_LONGITUDE, LICENSE, OVERTIMEPAYROLLCONTROLCODE_ID, PAYROLLPROFILE_ID, PAYFREQUENCY_ID, PAYROLLPOSTINGGROUP_ID, PAYROLLSTARTDATE, UNION, MOBILEPHONE, OUTBOUNDCALLERID, RECORD_CREATE_DATE, INVENTORYWAREHOUSENAME, INVOICINGHOURLYRATE, MEALTIME, HOME_ISMILITARY, ISAUTODISPATCHED, STATUSUPDATEDON, WILLIAMSTECHNICIANROLE, OVERALLSALESFACTOR_TECHNICIAN, SCHEDULEDSOLOCOMMISSIONRATE, ADDONSOLOCOMMISSIONRATE, COMMUTETIME, HOME_STREET, HOME_UNIT, BURDENRATE, CURRENTVALUE, HOURLYRATE, MEMO, NAVISIONEMPLOYEEID, PAYTYPE, SALESFACTOR, TURNOVERBONUS, ATLASBUTLERTECHNICIANROLE, EMAIL, EMAILCONFIRMED, FIRSTDRIVERULE, LASTNAME, MANAGER_ID, PROJECTLABELS, STATUS, ISEXTERNAL, LATITUDE, MODIFIEDON, NAME, USER_ID, STANDARDWORKTYPECODE_ID, TODAYREVENUE_TECHNICIAN, POSITION, ACTIVE, ADDONCREWSPLITCOMMISSIONRATE, ADDONMULTITECHCOMMISSIONRATE, APPOINTMENT_ID, HOME_CITY, TYPE, FIRSTNAME, HOME_ISMANUALCOORDINATES, JOBFILTER, MUHULINK, OVERTIMEWORKTYPECODE_ID, PHONECONFIRMED, LOCATION_TECHNICIAN, JOB_ID, SOLDBYRATE, SMARTDISPATCHSETTINGS_TECHNICIAN, CREATEDON, FLEET_ID, HOME_ZIP, LONGITUDE, MASTER_ID, ROUTESTATISTICS_TECHNICIAN, OVERTIMEMODE]
Column names for Curated Table --> DIM_TECHNICIAN :: [ADDONCREWSPLITCOMMISSIONRATE, COMMUTETIME, DEFAULTLABORTYPE_ID, EMAILCONFIRMED, FIRSTNAME, FLEET_ID, HOME_COUNTRY, HOME_UNIT, MOBILEPHONE, PHONECONFIRMED, ISEXCLUDEDFROMPAYROLL, OVERALLSALESFACTOR_TECHNICIAN, TURNOVERBONUS, PAYPERIOD, PAYROLLROLE, PAYROLLSTARTDATE, BIRTHDATE, HOME_ISMANUALCOORDINATES, HOME_ISMILITARY, INVENTORYWAREHOUSENAME, JOBFILTER, MEMO, PAYFREQUENCY_ID, POSITION, ID, ISAUTODISPATCHED, LICENSE, TEAM, SCHEDULEDCREWSPLITCOMMISSIONRATE, SALESFACTOR, ADDONSOLOCOMMISSIONRATE, CURRENTVALUE, DAILYGOAL, DEDUCTCOMMUTETIMEFROMFIRSTDRIVE, MANAGER_ID, OVERTIMEPROFILE_ID, SHIFTSTART, SHOWJOBAPPOINTMENTRESCHEDULEALERT, SMARTDISPATCHSETTINGS_TECHNICIAN, GOALIMAGE, MODIFIEDON, PAYROLLID, PAYROLLREPORTVERSION, RECORD_CREATE_DATE, TODAYREVENUE_TECHNICIAN, TYPE, PROJECTLABELS, SCHEDULEDSOLOCOMMISSIONRATE, LONGITUDE, ADDONMULTITECHCOMMISSIONRATE, APPOINTMENT_ID, CHECKEDIN, COLOR, CREATEDON, DISPATCHNOTIFICATIONS, IMPORTID, LASTNAME, MOBILEPHONECONFIRMED, STATUSUPDATEDON, ZONE_ID, HOME_STATE, NAME, NAVISIONEMPLOYEEID, PAYROLLPOSTINGGROUP_ID, PHOTO, MEALTIME, PROJECTEDVALUE, STANDARDPAYROLLCONTROLCODE_ID, OVERTIMEMODE, BURDENRATE, FIRSTDRIVERULE, JOB_ID, PAYROLLPROFILE_ID, QBREPID, ROUTESTATISTICS_TECHNICIAN, STARTDATE, TRUCK_ID, USER_ID, STANDARDWORKTYPECODE_ID, MIDDLENAME, COMMISSIONRATE, CREATEDBY_ID, HOME_LONGITUDE, HOME_ZIP, HOURLYRATE, LATITUDE, SCHEDULEDMULTITECHCOMMISSIONRATE, BUSINESSUNIT_ID, OUTBOUNDCALLERID, RECORD_UPDATED_BY, STATUS, MUHULINK, OVERTIMEPAYROLLCONTROLCODE_ID, UNION, PAYTYPE, INVOICINGHOURLYRATE, RECORD_UPDATE_DATE, COORDINATESUPDATEDON, LOCATION_TECHNICIAN, EMAIL, HOME_CITY, ISEXTERNAL, OVERTIMEWORKTYPECODE_ID, PAYROLLSTARTPERIOD, SHIFTEND, WILLIAMSTECHNICIANROLE, TENANT_TYPE, ACTIVE, ATLASBUTLERTECHNICIANROLE, BIO, DEFAULTPAYROLLADJUSTMENTRATE, HOME_LATITUDE, HOME_STREET, ISMANAGEDTECH, PHONE, SALESFORCECONTACTID, SOLDBYRATE]
Column Name found in Datamart and Curated Table :: ADDONCREWSPLITCOMMISSIONRATE
Column Name found in Datamart and Curated Table :: ATLASBUTLERTECHNICIANROLE
Column Name found in Datamart and Curated Table :: FIRSTDRIVERULE
Column Name found in Datamart and Curated Table :: HOME_ISMANUALCOORDINATES
Column Name found in Datamart and Curated Table :: NAVISIONEMPLOYEEID
Column Name found in Datamart and Curated Table :: PAYROLLID
Column Name found in Datamart and Curated Table :: PAYROLLPOSTINGGROUP_ID
Column Name found in Datamart and Curated Table :: SALESFACTOR
Column Name found in Datamart and Curated Table :: SALESFORCECONTACTID
Column Name found in Datamart and Curated Table :: PAYROLLREPORTVERSION
Column Name found in Datamart and Curated Table :: STANDARDWORKTYPECODE_ID
Column Name found in Datamart and Curated Table :: MUHULINK
Column Name found in Datamart and Curated Table :: COMMISSIONRATE
Column Name found in Datamart and Curated Table :: HOME_ISMILITARY
Column Name found in Datamart and Curated Table :: LICENSE
Column Name found in Datamart and Curated Table :: GOALIMAGE
Column Name found in Datamart and Curated Table :: IMPORTID
Column Name found in Datamart and Curated Table :: MOBILEPHONECONFIRMED
Column Name found in Datamart and Curated Table :: PAYTYPE
Column Name found in Datamart and Curated Table :: MANAGER_ID
Column Name found in Datamart and Curated Table :: SHIFTSTART
Column Name found in Datamart and Curated Table :: NAME
Column Name found in Datamart and Curated Table :: ADDONSOLOCOMMISSIONRATE
Column Name found in Datamart and Curated Table :: BIO
Column Name found in Datamart and Curated Table :: BUSINESSUNIT_ID
Column Name found in Datamart and Curated Table :: HOME_CITY
Column Name found in Datamart and Curated Table :: ID
Column Name found in Datamart and Curated Table :: ISMANAGEDTECH
Column Name found in Datamart and Curated Table :: PROJECTLABELS
Column Name found in Datamart and Curated Table :: SCHEDULEDSOLOCOMMISSIONRATE
Column Name found in Datamart and Curated Table :: BIRTHDATE
Column Name found in Datamart and Curated Table :: HOME_COUNTRY
Column Name found in Datamart and Curated Table :: PHOTO
Column Name found in Datamart and Curated Table :: TURNOVERBONUS
Column Name found in Datamart and Curated Table :: USER_ID
Column Name found in Datamart and Curated Table :: WILLIAMSTECHNICIANROLE
Column Name found in Datamart and Curated Table :: ZONE_ID
Column Name found in Datamart and Curated Table :: OVERTIMEPROFILE_ID
Column Name found in Datamart and Curated Table :: CREATEDON
Column Name found in Datamart and Curated Table :: TODAYREVENUE_TECHNICIAN
Column Name found in Datamart and Curated Table :: ACTIVE
Column Name found in Datamart and Curated Table :: DEFAULTPAYROLLADJUSTMENTRATE
Column Name found in Datamart and Curated Table :: ISAUTODISPATCHED
Column Name found in Datamart and Curated Table :: LASTNAME
Column Name found in Datamart and Curated Table :: ISEXTERNAL
Column Name found in Datamart and Curated Table :: SHIFTEND
Column Name found in Datamart and Curated Table :: SCHEDULEDCREWSPLITCOMMISSIONRATE
Column Name found in Datamart and Curated Table :: DAILYGOAL
Column Name found in Datamart and Curated Table :: APPOINTMENT_ID
Column Name found in Datamart and Curated Table :: BURDENRATE
Column Name found in Datamart and Curated Table :: HOME_ZIP
Column Name found in Datamart and Curated Table :: PAYROLLSTARTPERIOD
Column Name found in Datamart and Curated Table :: STATUSUPDATEDON
Column Name found in Datamart and Curated Table :: OVERTIMEWORKTYPECODE_ID
Column Name found in Datamart and Curated Table :: PAYROLLPROFILE_ID
Column Name found in Datamart and Curated Table :: PAYROLLROLE
Column Name found in Datamart and Curated Table :: PAYROLLSTARTDATE
Column Name found in Datamart and Curated Table :: SOLDBYRATE
Column Name not found in Datamart and Curated Table :: ISEXCLUDEDFROMPAYROLL
Column Name found in Datamart and Curated Table :: COORDINATESUPDATEDON
Column Name found in Datamart and Curated Table :: EMAIL
Column Name found in Datamart and Curated Table :: EMAILCONFIRMED
Column Name found in Datamart and Curated Table :: HOME_LATITUDE
Column Name found in Datamart and Curated Table :: OVERTIMEPAYROLLCONTROLCODE_ID
Column Name found in Datamart and Curated Table :: PAYPERIOD
Column Name found in Datamart and Curated Table :: STANDARDPAYROLLCONTROLCODE_ID
Column Name found in Datamart and Curated Table :: CHECKEDIN
Column Name found in Datamart and Curated Table :: DEFAULTLABORTYPE_ID
Column Name found in Datamart and Curated Table :: JOBFILTER
Column Name found in Datamart and Curated Table :: PAYFREQUENCY_ID
Column Name found in Datamart and Curated Table :: MOBILEPHONE
Column Name found in Datamart and Curated Table :: OUTBOUNDCALLERID
Column Name found in Datamart and Curated Table :: SCHEDULEDMULTITECHCOMMISSIONRATE
Column Name found in Datamart and Curated Table :: STARTDATE
Column Name found in Datamart and Curated Table :: CURRENTVALUE
Column Name found in Datamart and Curated Table :: DEDUCTCOMMUTETIMEFROMFIRSTDRIVE
Column Name found in Datamart and Curated Table :: FIRSTNAME
Column Name found in Datamart and Curated Table :: MEALTIME
Column Name found in Datamart and Curated Table :: MEMO
Column Name found in Datamart and Curated Table :: PHONECONFIRMED
Column Name found in Datamart and Curated Table :: SHOWJOBAPPOINTMENTRESCHEDULEALERT
Column Name found in Datamart and Curated Table :: DISPATCHNOTIFICATIONS
Column Name found in Datamart and Curated Table :: JOB_ID
Column Name found in Datamart and Curated Table :: LATITUDE
Column Name found in Datamart and Curated Table :: MIDDLENAME
Column Name found in Datamart and Curated Table :: ROUTESTATISTICS_TECHNICIAN
Column Name found in Datamart and Curated Table :: CREATEDBY_ID
Column Name found in Datamart and Curated Table :: PHONE
Column Name found in Datamart and Curated Table :: QBREPID
Column Name found in Datamart and Curated Table :: SMARTDISPATCHSETTINGS_TECHNICIAN
Column Name found in Datamart and Curated Table :: STATUS
Column Name found in Datamart and Curated Table :: UNION
Column Name found in Datamart and Curated Table :: HOME_UNIT
Column Name found in Datamart and Curated Table :: HOURLYRATE
Column Name found in Datamart and Curated Table :: INVENTORYWAREHOUSENAME
Column Name found in Datamart and Curated Table :: INVOICINGHOURLYRATE
Column Name found in Datamart and Curated Table :: TYPE
Column Name found in Datamart and Curated Table :: ADDONMULTITECHCOMMISSIONRATE
Column Name found in Datamart and Curated Table :: COLOR
Column Name found in Datamart and Curated Table :: HOME_STATE
Column Name found in Datamart and Curated Table :: MODIFIEDON
Column Name found in Datamart and Curated Table :: OVERALLSALESFACTOR_TECHNICIAN
Column Name found in Datamart and Curated Table :: POSITION
Column Name found in Datamart and Curated Table :: TEAM
Column Name found in Datamart and Curated Table :: COMMUTETIME
Column Name found in Datamart and Curated Table :: HOME_LONGITUDE
Column Name found in Datamart and Curated Table :: HOME_STREET
Column Name found in Datamart and Curated Table :: LOCATION_TECHNICIAN
Column Name found in Datamart and Curated Table :: OVERTIMEMODE
Column Name found in Datamart and Curated Table :: PROJECTEDVALUE
Column Name found in Datamart and Curated Table :: LONGITUDE
Column Name found in Datamart and Curated Table :: TRUCK_ID
Column Name found in Datamart and Curated Table :: TENANT_TYPE
Datamart tables contains additional column name like [ACTIVE_FLAG, RECORD_CREATE_DATE, RECORD_UPDATE_DATE, MASTER_ID]
Curated tables contains additional column name like [RECORD_CREATE_DATE, RECORD_UPDATE_DATE, RECORD_UPDATED_BY]]]>
  </system-out>
  <testcase classname="testcases.RAW_DATAMART_CURATED.SnowFlake_ColumnValidation_APITables" name="validateColumnName_BKP" time="3.265"/>
  <system-out>
    <![CDATA[Executing Snowflake query :: SELECT COLUMN_NAME FROM DEV_ENT_RAW.INFORMATION_SCHEMA.COLUMNS WHERE TABLE_NAME='ST_API_TAGTYPE'and TABLE_SCHEMA='API_MAT'
Executing Snowflake query :: SELECT COLUMN_NAME FROM CURATED_DATAMART.INFORMATION_SCHEMA.COLUMNS WHERE TABLE_NAME='STR_API_TAGTYPE'and TABLE_SCHEMA='ST_API_HARP'
Executing Snowflake query :: SELECT COLUMN_NAME FROM DEV_ENT_CURATED.INFORMATION_SCHEMA.COLUMNS WHERE TABLE_NAME='DIM_TAGTYPE'and TABLE_SCHEMA='MASTER_DIMENSIONS'
Column names for RAW Table --> ST_API_TAGTYPE :: [ID, ISVISIBLEONDISPATCHBOARD, CODE, COLOR, ISALWAYSVISIBLE, ACTIVE, MODIFIEDON, CREATEDON, IMPORTANCE, FONTCOLOR, ISCONVERSIONOPPORTUNITY, NAME, CREATEDBY_ID, IMPORTID, PROJECTEDVALUEADJUSTMENT, TENANT_TYPE]
Column names for DataMart Table --> STR_API_TAGTYPE :: [IMPORTID, ISCONVERSIONOPPORTUNITY, ACTIVE_FLAG, CREATEDBY_ID, ISVISIBLEONDISPATCHBOARD, MODIFIEDON, RECORD_UPDATE_DATE, ACTIVE, IMPORTANCE, COLOR, ISALWAYSVISIBLE, MASTER_ID, CREATEDON, TENANT_TYPE, CODE, FONTCOLOR, RECORD_CREATE_DATE, ID, NAME, PROJECTEDVALUEADJUSTMENT]
Column names for Curated Table --> DIM_TAGTYPE :: [ACTIVE, CODE, FONTCOLOR, IMPORTANCE, TENANT_TYPE, NAME, CREATEDBY_ID, ID, MODIFIEDON, RECORD_UPDATED_BY, COLOR, CREATEDON, RECORD_UPDATE_DATE, ISCONVERSIONOPPORTUNITY, PROJECTEDVALUEADJUSTMENT, RECORD_CREATE_DATE, ISALWAYSVISIBLE, IMPORTID, ISVISIBLEONDISPATCHBOARD]
Column Name found in Datamart and Curated Table :: ID
Column Name found in Datamart and Curated Table :: ISVISIBLEONDISPATCHBOARD
Column Name found in Datamart and Curated Table :: CODE
Column Name found in Datamart and Curated Table :: COLOR
Column Name found in Datamart and Curated Table :: ISALWAYSVISIBLE
Column Name found in Datamart and Curated Table :: ACTIVE
Column Name found in Datamart and Curated Table :: MODIFIEDON
Column Name found in Datamart and Curated Table :: CREATEDON
Column Name found in Datamart and Curated Table :: IMPORTANCE
Column Name found in Datamart and Curated Table :: FONTCOLOR
Column Name found in Datamart and Curated Table :: ISCONVERSIONOPPORTUNITY
Column Name found in Datamart and Curated Table :: NAME
Column Name found in Datamart and Curated Table :: CREATEDBY_ID
Column Name found in Datamart and Curated Table :: IMPORTID
Column Name found in Datamart and Curated Table :: PROJECTEDVALUEADJUSTMENT
Column Name found in Datamart and Curated Table :: TENANT_TYPE
Datamart tables contains additional column name like [ACTIVE_FLAG, RECORD_CREATE_DATE, RECORD_UPDATE_DATE, MASTER_ID]
Curated tables contains additional column name like [RECORD_CREATE_DATE, RECORD_UPDATE_DATE, RECORD_UPDATED_BY]]]>
  </system-out>
  <testcase classname="testcases.RAW_DATAMART_CURATED.SnowFlake_ColumnValidation_APITables" name="validateColumnName_BKP" time="3.066"/>
  <system-out>
    <![CDATA[Executing Snowflake query :: SELECT COLUMN_NAME FROM DEV_ENT_RAW.INFORMATION_SCHEMA.COLUMNS WHERE TABLE_NAME='ST_API_INVOICE'and TABLE_SCHEMA='API_MAT'
Executing Snowflake query :: SELECT COLUMN_NAME FROM CURATED_DATAMART.INFORMATION_SCHEMA.COLUMNS WHERE TABLE_NAME='STR_API_INVOICE'and TABLE_SCHEMA='ST_API_HORIZONSERVICES'
Executing Snowflake query :: SELECT COLUMN_NAME FROM DEV_ENT_CURATED.INFORMATION_SCHEMA.COLUMNS WHERE TABLE_NAME='FACT_INVOICE'and TABLE_SCHEMA='MASTER_DIMENSIONS'
Column names for RAW Table --> ST_API_INVOICE :: [COMMISSIONELIGIBILITYDATE, TYPE_ID, NEWCONSTRUCTION, ACTIVE, BATCH_ID, DISCOUNTTOTAL, NETAMOUNT, ROYALTY_SENTON, SUMMARY, TECHNICIANACKNOWLEDGEMENTSIGNATURE, CREATEDBY_ID, ADJUSTMENTTO_ID, EXPORTID, EXTERNALID, INVOICEDON, PAIDON, PAYMENTTERM_ID, MODIFIEDON, MATERIALSKUREFERENCE_SKUTYPE, MEMBERSHIP_ID, STATUS, TAX, TAXZONE_ID, COUNTERSALESLOCATION_ID, NUMERICNUMBER, ROYALTY_STATUS, BUSINESSUNIT_ID, CONFIGURATION, CREATEDON, CUSTOMER_ID, JOB_ID, LOCATION_ID, ROYALTY_DATE, ACKNOWLEDGEMENTSIGNATURE, BALANCE, BILLINGDATE, EXCLUDEFROMPAYROLL, MATERIALTAX, AUTHORIZATIONSIGNATURE, PAYMENTDUEDATE, PROJECTLABELS, AUTHORIZEDAMOUNT, ID, INCLUDEINTECHNICIANREPORTS, MATERIALSKUREFERENCE_SKUID, PAYROLLDATE, SIGNATURE, SUBTOTAL, LABORTAX, MATERIALSKU_ID, ROYALTY_MEMO, TOTAL, FEETAX, IMPORTID, NUMBER, PROJECT_ID, FEETOTAL, TENANT_TYPE]
Column names for DataMart Table --> STR_API_INVOICE :: [MATERIALSKU_ID, MEMBERSHIP_ID, SIGNATURE, SUMMARY, TYPE_ID, MATERIALTAX, TAX, TOTAL, BILLINGDATE, COUNTERSALESLOCATION_ID, EXCLUDEFROMPAYROLL, INCLUDEINTECHNICIANREPORTS, ROYALTY_DATE, ROYALTY_MEMO, ID, TAXZONE_ID, AUTHORIZEDAMOUNT, COMMISSIONELIGIBILITYDATE, CONFIGURATION, EXPORTID, FEETAX, PAYMENTDUEDATE, PROJECTLABELS, JOB_ID, PROJECT_ID, NETAMOUNT, ROYALTY_SENTON, EXTERNALID, MATERIALSKUREFERENCE_SKUTYPE, BUSINESSUNIT_ID, NEWCONSTRUCTION, STATUS, SUBTOTAL, PAIDON, RECORD_UPDATE_DATE, AUTHORIZATIONSIGNATURE, BALANCE, BATCH_ID, IMPORTID, NUMERICNUMBER, PAYMENTTERM_ID, LABORTAX, MODIFIEDON, PAYROLLDATE, ROYALTY_STATUS, ADJUSTMENTTO_ID, CUSTOMER_ID, INVOICEDON, NUMBER, TECHNICIANACKNOWLEDGEMENTSIGNATURE, ACKNOWLEDGEMENTSIGNATURE, ACTIVE, ACTIVE_FLAG, DISCOUNTTOTAL, FEETOTAL, LOCATION_ID, CREATEDON, CREATEDBY_ID, MASTER_ID, MATERIALSKUREFERENCE_SKUID, RECORD_CREATE_DATE, TENANT_TYPE]
Column names for Curated Table --> FACT_INVOICE :: [CONFIGURATION, EXPORTID, EXTERNALID, MATERIALSKUREFERENCE_SKUTYPE, RECORD_UPDATED_BY, ROYALTY_DATE, FEETAX, TAX, TOTAL, BALANCE, BUSINESSUNIT_ID, CREATEDON, PAYMENTDUEDATE, PROJECT_ID, NETAMOUNT, NUMERICNUMBER, ROYALTY_SENTON, NUMBER, DISCOUNTTOTAL, EXCLUDEFROMPAYROLL, INCLUDEINTECHNICIANREPORTS, MODIFIEDON, STATUS, TENANT_TYPE, NEWCONSTRUCTION, ACKNOWLEDGEMENTSIGNATURE, ADJUSTMENTTO_ID, CREATEDBY_ID, CUSTOMER_ID, FEETOTAL, INVOICEDON, PAIDON, TYPE_ID, JOB_ID, LABORTAX, LOCATION_ID, ROYALTY_STATUS, SUMMARY, PROJECTLABELS, MATERIALSKUREFERENCE_SKUID, MATERIALSKU_ID, MEMBERSHIP_ID, COMMISSIONELIGIBILITYDATE, RECORD_CREATE_DATE, RECORD_UPDATE_DATE, SIGNATURE, AUTHORIZATIONSIGNATURE, BILLINGDATE, IMPORTID, TECHNICIANACKNOWLEDGEMENTSIGNATURE, AUTHORIZEDAMOUNT, ID, PAYROLLDATE, ACTIVE, COUNTERSALESLOCATION_ID, PAYMENTTERM_ID, SUBTOTAL, BATCH_ID, MATERIALTAX, ROYALTY_MEMO, TAXZONE_ID]
Column Name found in Datamart and Curated Table :: COMMISSIONELIGIBILITYDATE
Column Name found in Datamart and Curated Table :: TYPE_ID
Column Name found in Datamart and Curated Table :: NEWCONSTRUCTION
Column Name found in Datamart and Curated Table :: ACTIVE
Column Name found in Datamart and Curated Table :: BATCH_ID
Column Name found in Datamart and Curated Table :: DISCOUNTTOTAL
Column Name found in Datamart and Curated Table :: NETAMOUNT
Column Name found in Datamart and Curated Table :: ROYALTY_SENTON
Column Name found in Datamart and Curated Table :: SUMMARY
Column Name found in Datamart and Curated Table :: TECHNICIANACKNOWLEDGEMENTSIGNATURE
Column Name found in Datamart and Curated Table :: CREATEDBY_ID
Column Name found in Datamart and Curated Table :: ADJUSTMENTTO_ID
Column Name found in Datamart and Curated Table :: EXPORTID
Column Name found in Datamart and Curated Table :: EXTERNALID
Column Name found in Datamart and Curated Table :: INVOICEDON
Column Name found in Datamart and Curated Table :: PAIDON
Column Name found in Datamart and Curated Table :: PAYMENTTERM_ID
Column Name found in Datamart and Curated Table :: MODIFIEDON
Column Name found in Datamart and Curated Table :: MATERIALSKUREFERENCE_SKUTYPE
Column Name found in Datamart and Curated Table :: MEMBERSHIP_ID
Column Name found in Datamart and Curated Table :: STATUS
Column Name found in Datamart and Curated Table :: TAX
Column Name found in Datamart and Curated Table :: TAXZONE_ID
Column Name found in Datamart and Curated Table :: COUNTERSALESLOCATION_ID
Column Name found in Datamart and Curated Table :: NUMERICNUMBER
Column Name found in Datamart and Curated Table :: ROYALTY_STATUS
Column Name found in Datamart and Curated Table :: BUSINESSUNIT_ID
Column Name found in Datamart and Curated Table :: CONFIGURATION
Column Name found in Datamart and Curated Table :: CREATEDON
Column Name found in Datamart and Curated Table :: CUSTOMER_ID
Column Name found in Datamart and Curated Table :: JOB_ID
Column Name found in Datamart and Curated Table :: LOCATION_ID
Column Name found in Datamart and Curated Table :: ROYALTY_DATE
Column Name found in Datamart and Curated Table :: ACKNOWLEDGEMENTSIGNATURE
Column Name found in Datamart and Curated Table :: BALANCE
Column Name found in Datamart and Curated Table :: BILLINGDATE
Column Name found in Datamart and Curated Table :: EXCLUDEFROMPAYROLL
Column Name found in Datamart and Curated Table :: MATERIALTAX
Column Name found in Datamart and Curated Table :: AUTHORIZATIONSIGNATURE
Column Name found in Datamart and Curated Table :: PAYMENTDUEDATE
Column Name found in Datamart and Curated Table :: PROJECTLABELS
Column Name found in Datamart and Curated Table :: AUTHORIZEDAMOUNT
Column Name found in Datamart and Curated Table :: ID
Column Name found in Datamart and Curated Table :: INCLUDEINTECHNICIANREPORTS
Column Name found in Datamart and Curated Table :: MATERIALSKUREFERENCE_SKUID
Column Name found in Datamart and Curated Table :: PAYROLLDATE
Column Name found in Datamart and Curated Table :: SIGNATURE
Column Name found in Datamart and Curated Table :: SUBTOTAL
Column Name found in Datamart and Curated Table :: LABORTAX
Column Name found in Datamart and Curated Table :: MATERIALSKU_ID
Column Name found in Datamart and Curated Table :: ROYALTY_MEMO
Column Name found in Datamart and Curated Table :: TOTAL
Column Name found in Datamart and Curated Table :: FEETAX
Column Name found in Datamart and Curated Table :: IMPORTID
Column Name found in Datamart and Curated Table :: NUMBER
Column Name found in Datamart and Curated Table :: PROJECT_ID
Column Name found in Datamart and Curated Table :: FEETOTAL
Column Name found in Datamart and Curated Table :: TENANT_TYPE
Datamart tables contains additional column name like [ACTIVE_FLAG, RECORD_CREATE_DATE, RECORD_UPDATE_DATE, MASTER_ID]
Curated tables contains additional column name like [RECORD_CREATE_DATE, RECORD_UPDATE_DATE, RECORD_UPDATED_BY]]]>
  </system-out>
  <testcase classname="testcases.RAW_DATAMART_CURATED.SnowFlake_ColumnValidation_APITables" name="validateColumnName_BKP" time="2.452"/>
  <system-out>
    <![CDATA[Executing Snowflake query :: SELECT COLUMN_NAME FROM DEV_ENT_RAW.INFORMATION_SCHEMA.COLUMNS WHERE TABLE_NAME='ST_API_CAMPAIGN'and TABLE_SCHEMA='API_MAT'
Executing Snowflake query :: SELECT COLUMN_NAME FROM CURATED_DATAMART.INFORMATION_SCHEMA.COLUMNS WHERE TABLE_NAME='STR_API_CAMPAIGN'and TABLE_SCHEMA='ST_API_HARP'
Executing Snowflake query :: SELECT COLUMN_NAME FROM DEV_ENT_CURATED.INFORMATION_SCHEMA.COLUMNS WHERE TABLE_NAME='DIM_CAMPAIGN'and TABLE_SCHEMA='MASTER_DIMENSIONS'
Column names for RAW Table --> ST_API_CAMPAIGN :: [COST, CATEGORY_ID, ID, ACTIVE, BUSINESSUNIT_ID, MODIFIEDBY_ID, DNIS, IMAGE, NAME, IMPORTID, MODIFIEDON, CREATEDBY_ID, CREATEDON, TENANT_TYPE]
Column names for DataMart Table --> STR_API_CAMPAIGN :: [BUSINESSUNIT_ID, ID, IMAGE, DNIS, MODIFIEDON, RECORD_CREATE_DATE, MODIFIEDBY_ID, RECORD_UPDATE_DATE, COST, NAME, TENANT_TYPE, CREATEDBY_ID, CREATEDON, ACTIVE, CATEGORY_ID, MASTER_ID, ACTIVE_FLAG, IMPORTID]
Column names for Curated Table --> DIM_CAMPAIGN :: [IMAGE, MODIFIEDBY_ID, CATEGORY_ID, NAME, RECORD_CREATE_DATE, ACTIVE, COST, CREATEDBY_ID, IMPORTID, CREATEDON, BUSINESSUNIT_ID, ID, RECORD_UPDATED_BY, MODIFIEDON, DNIS, RECORD_UPDATE_DATE, TENANT_TYPE]
Column Name found in Datamart and Curated Table :: COST
Column Name found in Datamart and Curated Table :: CATEGORY_ID
Column Name found in Datamart and Curated Table :: ID
Column Name found in Datamart and Curated Table :: ACTIVE
Column Name found in Datamart and Curated Table :: BUSINESSUNIT_ID
Column Name found in Datamart and Curated Table :: MODIFIEDBY_ID
Column Name found in Datamart and Curated Table :: DNIS
Column Name found in Datamart and Curated Table :: IMAGE
Column Name found in Datamart and Curated Table :: NAME
Column Name found in Datamart and Curated Table :: IMPORTID
Column Name found in Datamart and Curated Table :: MODIFIEDON
Column Name found in Datamart and Curated Table :: CREATEDBY_ID
Column Name found in Datamart and Curated Table :: CREATEDON
Column Name found in Datamart and Curated Table :: TENANT_TYPE
Datamart tables contains additional column name like [ACTIVE_FLAG, RECORD_CREATE_DATE, RECORD_UPDATE_DATE, MASTER_ID]
Curated tables contains additional column name like [RECORD_CREATE_DATE, RECORD_UPDATE_DATE, RECORD_UPDATED_BY]]]>
  </system-out>
  <testcase classname="testcases.RAW_DATAMART_CURATED.SnowFlake_ColumnValidation_APITables" name="validateColumnName_BKP" time="2.949"/>
  <system-out>
    <![CDATA[Executing Snowflake query :: SELECT COLUMN_NAME FROM DEV_ENT_RAW.INFORMATION_SCHEMA.COLUMNS WHERE TABLE_NAME='ST_API_SERVICE'and TABLE_SCHEMA='API_MAT'
Executing Snowflake query :: SELECT COLUMN_NAME FROM CURATED_DATAMART.INFORMATION_SCHEMA.COLUMNS WHERE TABLE_NAME='STR_API_SERVICE'and TABLE_SCHEMA='ST_API_BILLFENWICK'
Executing Snowflake query :: SELECT COLUMN_NAME FROM DEV_ENT_CURATED.INFORMATION_SCHEMA.COLUMNS WHERE TABLE_NAME='DIM_SERVICE'and TABLE_SCHEMA='MASTER_DIMENSIONS'
Column names for RAW Table --> ST_API_SERVICE :: [BASERATE1, CATEGORY_ID, ID, MEMBERSHIP, QBITEMNAME, SYNCDATE, ACCOUNT, ACTIVE, ALLOWDISCOUNTS, BASERATE3, NOTAX, GENERATEDTAGTARGETS, MEMBERSHIPTYPE_ID, ORIGINAL_ID, ADDONPRICE, ISOTTASK, MEMBERSHIPACTION, AVALARACOMMERCIALTAXCODE, BUSINESSUNIT_ID, EXTERNALID, MEMBERSHIPYEARS, PRICE, SOLDBYCOMMISSION, DISPATCHFEE, ADDONFLATAMOUNT, COMMISSIONBONUS, DISPLAYNAME, HOURS, ISDEFERREDREVENUE, WARRANTY_DURATION, PURCHASEORDERLIMITS_FLATAMOUNT, WORKFLOWACTION_ID, BASERATE2, CROSSSALEGROUP, MODIFIEDON, MINIMUMLABORHOURS, NAME, PURCHASEORDERLIMITS_REVENUEPERCENT, IMPORTID, ADDONMEMBERPRICE, ALLOWAPPLYTAGSTOENTITIES, BONUS, GENERALLEDGERACCOUNT_ID, PAYSCOMMISSION, COST, EXCLUDEFROMPRICEBOOKWIZARD, IMAGES, LOYALTYPROGRAMELIGIBLE, SCHEDULEDFLATAMOUNT, SOURCEVERSION, TAXABLE, MEMBERPRICE, ARCHIVED, AUTOGLASSTYPE, AVALARARESIDENTIALTAXCODE, CREATEDON, DESCRIPTION, ISTIMEANDMATERIAL, MEMBERSHIPMONTHS, PAYSFLATAMOUNT, PAYTECHSPECIFICBONUS, PROVIDER_ID, COPIEDFROM_ID, DISPLAYINAMOUNT, SOURCE, SUPPLIERIMAGES, CREATEDBY_ID, ISLABOR, PAYSSOLDBYRATE, WARRANTY_DESCRIPTION, RECURRINGSERVICETYPE_ID, TENANT_TYPE]
Column names for DataMart Table --> STR_API_SERVICE :: [ALLOWAPPLYTAGSTOENTITIES, CROSSSALEGROUP, GENERALLEDGERACCOUNT_ID, HOURS, MEMBERPRICE, MEMBERSHIPYEARS, RECORD_CREATE_DATE, ISTIMEANDMATERIAL, NOTAX, SCHEDULEDFLATAMOUNT, SOURCE, TAXABLE, ISDEFERREDREVENUE, WARRANTY_DESCRIPTION, ALLOWDISCOUNTS, COMMISSIONBONUS, MODIFIEDON, QBITEMNAME, RECORD_UPDATE_DATE, BUSINESSUNIT_ID, DESCRIPTION, PROVIDER_ID, PURCHASEORDERLIMITS_FLATAMOUNT, SOURCEVERSION, ADDONPRICE, MEMBERSHIPACTION, SYNCDATE, AVALARACOMMERCIALTAXCODE, PAYSCOMMISSION, PURCHASEORDERLIMITS_REVENUEPERCENT, PAYSSOLDBYRATE, EXTERNALID, MASTER_ID, MEMBERSHIPTYPE_ID, MINIMUMLABORHOURS, ISLABOR, MEMBERSHIP, ACCOUNT, ACTIVE_FLAG, ADDONMEMBERPRICE, ARCHIVED, BASERATE1, BASERATE2, IMAGES, CATEGORY_ID, IMPORTID, SUPPLIERIMAGES, EXCLUDEFROMPRICEBOOKWIZARD, DISPLAYINAMOUNT, ID, PAYTECHSPECIFICBONUS, CREATEDON, LOYALTYPROGRAMELIGIBLE, WORKFLOWACTION_ID, COST, NAME, ACTIVE, AUTOGLASSTYPE, AVALARARESIDENTIALTAXCODE, BASERATE3, BONUS, DISPLAYNAME, GENERATEDTAGTARGETS, RECURRINGSERVICETYPE_ID, COPIEDFROM_ID, CREATEDBY_ID, MEMBERSHIPMONTHS, SOLDBYCOMMISSION, WARRANTY_DURATION, DISPATCHFEE, ADDONFLATAMOUNT, ISOTTASK, ORIGINAL_ID, PAYSFLATAMOUNT, PRICE, TENANT_TYPE]
Column names for Curated Table --> DIM_SERVICE :: [ACCOUNT, ALLOWDISCOUNTS, BASERATE3, DESCRIPTION, DISPATCHFEE, ISOTTASK, MEMBERSHIP, SOLDBYCOMMISSION, DISPLAYNAME, AUTOGLASSTYPE, AVALARACOMMERCIALTAXCODE, BUSINESSUNIT_ID, COMMISSIONBONUS, NOTAX, EXTERNALID, PRICE, CATEGORY_ID, CREATEDON, CROSSSALEGROUP, MEMBERSHIPYEARS, PAYSFLATAMOUNT, PAYSSOLDBYRATE, WARRANTY_DURATION, MODIFIEDON, RECORD_CREATE_DATE, TAXABLE, MEMBERSHIPACTION, ADDONMEMBERPRICE, BONUS, COPIEDFROM_ID, ISDEFERREDREVENUE, SOURCE, ARCHIVED, BASERATE1, PURCHASEORDERLIMITS_REVENUEPERCENT, RECURRINGSERVICETYPE_ID, SOURCEVERSION, ALLOWAPPLYTAGSTOENTITIES, AVALARARESIDENTIALTAXCODE, DISPLAYINAMOUNT, GENERATEDTAGTARGETS, ISTIMEANDMATERIAL, PROVIDER_ID, ADDONFLATAMOUNT, COST, GENERALLEDGERACCOUNT_ID, MEMBERSHIPTYPE_ID, QBITEMNAME, WARRANTY_DESCRIPTION, EXCLUDEFROMPRICEBOOKWIZARD, ID, IMAGES, RECORD_UPDATED_BY, RECORD_UPDATE_DATE, NAME, ACTIVE, ADDONPRICE, LOYALTYPROGRAMELIGIBLE, PAYTECHSPECIFICBONUS, SUPPLIERIMAGES, HOURS, IMPORTID, MINIMUMLABORHOURS, PAYSCOMMISSION, WORKFLOWACTION_ID, MEMBERPRICE, BASERATE2, CREATEDBY_ID, MEMBERSHIPMONTHS, ORIGINAL_ID, SYNCDATE, ISLABOR, PURCHASEORDERLIMITS_FLATAMOUNT, TENANT_TYPE, SCHEDULEDFLATAMOUNT]
Column Name found in Datamart and Curated Table :: BASERATE1
Column Name found in Datamart and Curated Table :: CATEGORY_ID
Column Name found in Datamart and Curated Table :: ID
Column Name found in Datamart and Curated Table :: MEMBERSHIP
Column Name found in Datamart and Curated Table :: QBITEMNAME
Column Name found in Datamart and Curated Table :: SYNCDATE
Column Name found in Datamart and Curated Table :: ACCOUNT
Column Name found in Datamart and Curated Table :: ACTIVE
Column Name found in Datamart and Curated Table :: ALLOWDISCOUNTS
Column Name found in Datamart and Curated Table :: BASERATE3
Column Name found in Datamart and Curated Table :: NOTAX
Column Name found in Datamart and Curated Table :: GENERATEDTAGTARGETS
Column Name found in Datamart and Curated Table :: MEMBERSHIPTYPE_ID
Column Name found in Datamart and Curated Table :: ORIGINAL_ID
Column Name found in Datamart and Curated Table :: ADDONPRICE
Column Name found in Datamart and Curated Table :: ISOTTASK
Column Name found in Datamart and Curated Table :: MEMBERSHIPACTION
Column Name found in Datamart and Curated Table :: AVALARACOMMERCIALTAXCODE
Column Name found in Datamart and Curated Table :: BUSINESSUNIT_ID
Column Name found in Datamart and Curated Table :: EXTERNALID
Column Name found in Datamart and Curated Table :: MEMBERSHIPYEARS
Column Name found in Datamart and Curated Table :: PRICE
Column Name found in Datamart and Curated Table :: SOLDBYCOMMISSION
Column Name found in Datamart and Curated Table :: DISPATCHFEE
Column Name found in Datamart and Curated Table :: ADDONFLATAMOUNT
Column Name found in Datamart and Curated Table :: COMMISSIONBONUS
Column Name found in Datamart and Curated Table :: DISPLAYNAME
Column Name found in Datamart and Curated Table :: HOURS
Column Name found in Datamart and Curated Table :: ISDEFERREDREVENUE
Column Name found in Datamart and Curated Table :: WARRANTY_DURATION
Column Name found in Datamart and Curated Table :: PURCHASEORDERLIMITS_FLATAMOUNT
Column Name found in Datamart and Curated Table :: WORKFLOWACTION_ID
Column Name found in Datamart and Curated Table :: BASERATE2
Column Name found in Datamart and Curated Table :: CROSSSALEGROUP
Column Name found in Datamart and Curated Table :: MODIFIEDON
Column Name found in Datamart and Curated Table :: MINIMUMLABORHOURS
Column Name found in Datamart and Curated Table :: NAME
Column Name found in Datamart and Curated Table :: PURCHASEORDERLIMITS_REVENUEPERCENT
Column Name found in Datamart and Curated Table :: IMPORTID
Column Name found in Datamart and Curated Table :: ADDONMEMBERPRICE
Column Name found in Datamart and Curated Table :: ALLOWAPPLYTAGSTOENTITIES
Column Name found in Datamart and Curated Table :: BONUS
Column Name found in Datamart and Curated Table :: GENERALLEDGERACCOUNT_ID
Column Name found in Datamart and Curated Table :: PAYSCOMMISSION
Column Name found in Datamart and Curated Table :: COST
Column Name found in Datamart and Curated Table :: EXCLUDEFROMPRICEBOOKWIZARD
Column Name found in Datamart and Curated Table :: IMAGES
Column Name found in Datamart and Curated Table :: LOYALTYPROGRAMELIGIBLE
Column Name found in Datamart and Curated Table :: SCHEDULEDFLATAMOUNT
Column Name found in Datamart and Curated Table :: SOURCEVERSION
Column Name found in Datamart and Curated Table :: TAXABLE
Column Name found in Datamart and Curated Table :: MEMBERPRICE
Column Name found in Datamart and Curated Table :: ARCHIVED
Column Name found in Datamart and Curated Table :: AUTOGLASSTYPE
Column Name found in Datamart and Curated Table :: AVALARARESIDENTIALTAXCODE
Column Name found in Datamart and Curated Table :: CREATEDON
Column Name found in Datamart and Curated Table :: DESCRIPTION
Column Name found in Datamart and Curated Table :: ISTIMEANDMATERIAL
Column Name found in Datamart and Curated Table :: MEMBERSHIPMONTHS
Column Name found in Datamart and Curated Table :: PAYSFLATAMOUNT
Column Name found in Datamart and Curated Table :: PAYTECHSPECIFICBONUS
Column Name found in Datamart and Curated Table :: PROVIDER_ID
Column Name found in Datamart and Curated Table :: COPIEDFROM_ID
Column Name found in Datamart and Curated Table :: DISPLAYINAMOUNT
Column Name found in Datamart and Curated Table :: SOURCE
Column Name found in Datamart and Curated Table :: SUPPLIERIMAGES
Column Name found in Datamart and Curated Table :: CREATEDBY_ID
Column Name found in Datamart and Curated Table :: ISLABOR
Column Name found in Datamart and Curated Table :: PAYSSOLDBYRATE
Column Name found in Datamart and Curated Table :: WARRANTY_DESCRIPTION
Column Name found in Datamart and Curated Table :: RECURRINGSERVICETYPE_ID
Column Name found in Datamart and Curated Table :: TENANT_TYPE
Datamart tables contains additional column name like [ACTIVE_FLAG, RECORD_CREATE_DATE, RECORD_UPDATE_DATE, MASTER_ID]
Curated tables contains additional column name like [RECORD_CREATE_DATE, RECORD_UPDATE_DATE, RECORD_UPDATED_BY]]]>
  </system-out>
  <testcase classname="testcases.RAW_DATAMART_CURATED.SnowFlake_ColumnValidation_APITables" name="validateColumnName_BKP" time="2.868"/>
  <system-out>
    <![CDATA[Executing Snowflake query :: SELECT COLUMN_NAME FROM DEV_ENT_RAW.INFORMATION_SCHEMA.COLUMNS WHERE TABLE_NAME='ST_API_MATERIAL'and TABLE_SCHEMA='API_MAT'
Executing Snowflake query :: SELECT COLUMN_NAME FROM CURATED_DATAMART.INFORMATION_SCHEMA.COLUMNS WHERE TABLE_NAME='STR_API_MATERIAL'and TABLE_SCHEMA='ST_API_BILLFENWICK'
Executing Snowflake query :: SELECT COLUMN_NAME FROM DEV_ENT_CURATED.INFORMATION_SCHEMA.COLUMNS WHERE TABLE_NAME='DIM_MATERIAL'and TABLE_SCHEMA='MASTER_DIMENSIONS'
Column names for RAW Table --> ST_API_MATERIAL :: [CATEGORY_ID, COSTOFSALEACCOUNT_ID, DISPLAYINAMOUNT, SOLDBYCOMMISSION, ARCHIVED, AVALARACOMMERCIALTAXCODE, BONUS, COMMISSIONBONUS, EXCLUDEFROMPRICEBOOKWIZARD, INVENTORYENABLEDON, PURCHASEORDERLIMITS_FLATAMOUNT, LOYALTYPROGRAMELIGIBLE, ACCOUNT, BUSINESSUNIT_ID, CREATEDON, NOTAX, ORIGINAL_ID, PROVIDER_ID, SERIALIZEDON, UNITOFMEASURE, IMPORTID, DISPLAYNAME, ASSETACCOUNT_ID, COPIEDFROM_ID, ISSERIALIZED, PAYSFLATAMOUNT, PRICE, GENERALLEDGERACCOUNT_ID, ID, ISINVENTORY, ACTIVE, AVALARARESIDENTIALTAXCODE, EXTERNALID, IMAGES, PRIMARYVENDOR_ID, TAXABLE, USEFIXEDMATERIALPRICE, DEDUCTASJOBCOST, SOURCEVERSION, SYNCDATE, MODIFIEDON, ADDONMEMBERPRICE, COST, NAME, PAYSCOMMISSION, PAYSSOLDBYRATE, DESCRIPTION, HOURS, SCHEDULEDFLATAMOUNT, SOURCE, ADDONFLATAMOUNT, ADDONPRICE, AUTOGLASSTYPE, CROSSSALEGROUP, PAYTECHSPECIFICBONUS, PURCHASEORDERLIMITS_REVENUEPERCENT, SUPPLIERIMAGES, CREATEDBY_ID, MEMBERPRICE, INVENTORYENABLEDBY_ID, TENANT_TYPE]
Column names for DataMart Table --> STR_API_MATERIAL :: [AVALARACOMMERCIALTAXCODE, DEDUCTASJOBCOST, DISPLAYINAMOUNT, MASTER_ID, MEMBERPRICE, PRIMARYVENDOR_ID, NAME, ACTIVE_FLAG, AVALARARESIDENTIALTAXCODE, BONUS, DISPLAYNAME, EXCLUDEFROMPRICEBOOKWIZARD, ISSERIALIZED, PURCHASEORDERLIMITS_FLATAMOUNT, ACCOUNT, ADDONFLATAMOUNT, ASSETACCOUNT_ID, COPIEDFROM_ID, PAYSSOLDBYRATE, RECORD_UPDATE_DATE, GENERALLEDGERACCOUNT_ID, ORIGINAL_ID, UNITOFMEASURE, COSTOFSALEACCOUNT_ID, ADDONMEMBERPRICE, BUSINESSUNIT_ID, CATEGORY_ID, CREATEDON, IMAGES, DESCRIPTION, MODIFIEDON, PURCHASEORDERLIMITS_REVENUEPERCENT, TAXABLE, SUPPLIERIMAGES, ARCHIVED, SCHEDULEDFLATAMOUNT, SOLDBYCOMMISSION, IMPORTID, INVENTORYENABLEDBY_ID, PRICE, SYNCDATE, ACTIVE, ADDONPRICE, EXTERNALID, ISINVENTORY, PAYSCOMMISSION, PAYTECHSPECIFICBONUS, SERIALIZEDON, TENANT_TYPE, NOTAX, PROVIDER_ID, SOURCEVERSION, RECORD_CREATE_DATE, AUTOGLASSTYPE, COST, CREATEDBY_ID, HOURS, LOYALTYPROGRAMELIGIBLE, PAYSFLATAMOUNT, SOURCE, COMMISSIONBONUS, ID, INVENTORYENABLEDON, USEFIXEDMATERIALPRICE, CROSSSALEGROUP]
Column names for Curated Table --> DIM_MATERIAL :: [BUSINESSUNIT_ID, DEDUCTASJOBCOST, HOURS, MEMBERPRICE, MODIFIEDON, SCHEDULEDFLATAMOUNT, ARCHIVED, BONUS, COST, EXCLUDEFROMPRICEBOOKWIZARD, INVENTORYENABLEDON, SOURCE, ID, RECORD_UPDATED_BY, RECORD_UPDATE_DATE, ADDONPRICE, ASSETACCOUNT_ID, AVALARARESIDENTIALTAXCODE, DESCRIPTION, IMPORTID, ISSERIALIZED, PAYSSOLDBYRATE, ISINVENTORY, NOTAX, CREATEDBY_ID, PRIMARYVENDOR_ID, SERIALIZEDON, GENERALLEDGERACCOUNT_ID, RECORD_CREATE_DATE, CROSSSALEGROUP, SOLDBYCOMMISSION, ACTIVE, CATEGORY_ID, EXTERNALID, NAME, USEFIXEDMATERIALPRICE, INVENTORYENABLEDBY_ID, PAYTECHSPECIFICBONUS, PROVIDER_ID, PURCHASEORDERLIMITS_REVENUEPERCENT, SUPPLIERIMAGES, ACCOUNT, ADDONFLATAMOUNT, COMMISSIONBONUS, CREATEDON, PAYSCOMMISSION, DISPLAYINAMOUNT, SOURCEVERSION, COSTOFSALEACCOUNT_ID, DISPLAYNAME, IMAGES, ORIGINAL_ID, TAXABLE, COPIEDFROM_ID, UNITOFMEASURE, ADDONMEMBERPRICE, AUTOGLASSTYPE, AVALARACOMMERCIALTAXCODE, LOYALTYPROGRAMELIGIBLE, PRICE, PURCHASEORDERLIMITS_FLATAMOUNT, SYNCDATE, TENANT_TYPE, PAYSFLATAMOUNT]
Column Name found in Datamart and Curated Table :: CATEGORY_ID
Column Name found in Datamart and Curated Table :: COSTOFSALEACCOUNT_ID
Column Name found in Datamart and Curated Table :: DISPLAYINAMOUNT
Column Name found in Datamart and Curated Table :: SOLDBYCOMMISSION
Column Name found in Datamart and Curated Table :: ARCHIVED
Column Name found in Datamart and Curated Table :: AVALARACOMMERCIALTAXCODE
Column Name found in Datamart and Curated Table :: BONUS
Column Name found in Datamart and Curated Table :: COMMISSIONBONUS
Column Name found in Datamart and Curated Table :: EXCLUDEFROMPRICEBOOKWIZARD
Column Name found in Datamart and Curated Table :: INVENTORYENABLEDON
Column Name found in Datamart and Curated Table :: PURCHASEORDERLIMITS_FLATAMOUNT
Column Name found in Datamart and Curated Table :: LOYALTYPROGRAMELIGIBLE
Column Name found in Datamart and Curated Table :: ACCOUNT
Column Name found in Datamart and Curated Table :: BUSINESSUNIT_ID
Column Name found in Datamart and Curated Table :: CREATEDON
Column Name found in Datamart and Curated Table :: NOTAX
Column Name found in Datamart and Curated Table :: ORIGINAL_ID
Column Name found in Datamart and Curated Table :: PROVIDER_ID
Column Name found in Datamart and Curated Table :: SERIALIZEDON
Column Name found in Datamart and Curated Table :: UNITOFMEASURE
Column Name found in Datamart and Curated Table :: IMPORTID
Column Name found in Datamart and Curated Table :: DISPLAYNAME
Column Name found in Datamart and Curated Table :: ASSETACCOUNT_ID
Column Name found in Datamart and Curated Table :: COPIEDFROM_ID
Column Name found in Datamart and Curated Table :: ISSERIALIZED
Column Name found in Datamart and Curated Table :: PAYSFLATAMOUNT
Column Name found in Datamart and Curated Table :: PRICE
Column Name found in Datamart and Curated Table :: GENERALLEDGERACCOUNT_ID
Column Name found in Datamart and Curated Table :: ID
Column Name found in Datamart and Curated Table :: ISINVENTORY
Column Name found in Datamart and Curated Table :: ACTIVE
Column Name found in Datamart and Curated Table :: AVALARARESIDENTIALTAXCODE
Column Name found in Datamart and Curated Table :: EXTERNALID
Column Name found in Datamart and Curated Table :: IMAGES
Column Name found in Datamart and Curated Table :: PRIMARYVENDOR_ID
Column Name found in Datamart and Curated Table :: TAXABLE
Column Name found in Datamart and Curated Table :: USEFIXEDMATERIALPRICE
Column Name found in Datamart and Curated Table :: DEDUCTASJOBCOST
Column Name found in Datamart and Curated Table :: SOURCEVERSION
Column Name found in Datamart and Curated Table :: SYNCDATE
Column Name found in Datamart and Curated Table :: MODIFIEDON
Column Name found in Datamart and Curated Table :: ADDONMEMBERPRICE
Column Name found in Datamart and Curated Table :: COST
Column Name found in Datamart and Curated Table :: NAME
Column Name found in Datamart and Curated Table :: PAYSCOMMISSION
Column Name found in Datamart and Curated Table :: PAYSSOLDBYRATE
Column Name found in Datamart and Curated Table :: DESCRIPTION
Column Name found in Datamart and Curated Table :: HOURS
Column Name found in Datamart and Curated Table :: SCHEDULEDFLATAMOUNT
Column Name found in Datamart and Curated Table :: SOURCE
Column Name found in Datamart and Curated Table :: ADDONFLATAMOUNT
Column Name found in Datamart and Curated Table :: ADDONPRICE
Column Name found in Datamart and Curated Table :: AUTOGLASSTYPE
Column Name found in Datamart and Curated Table :: CROSSSALEGROUP
Column Name found in Datamart and Curated Table :: PAYTECHSPECIFICBONUS
Column Name found in Datamart and Curated Table :: PURCHASEORDERLIMITS_REVENUEPERCENT
Column Name found in Datamart and Curated Table :: SUPPLIERIMAGES
Column Name found in Datamart and Curated Table :: CREATEDBY_ID
Column Name found in Datamart and Curated Table :: MEMBERPRICE
Column Name found in Datamart and Curated Table :: INVENTORYENABLEDBY_ID
Column Name found in Datamart and Curated Table :: TENANT_TYPE
Datamart tables contains additional column name like [ACTIVE_FLAG, RECORD_CREATE_DATE, RECORD_UPDATE_DATE, MASTER_ID]
Curated tables contains additional column name like [RECORD_CREATE_DATE, RECORD_UPDATE_DATE, RECORD_UPDATED_BY]]]>
  </system-out>
  <testcase classname="testcases.RAW_DATAMART_CURATED.SnowFlake_ColumnValidation_APITables" name="validateColumnName_BKP" time="2.365"/>
  <system-out>
    <![CDATA[Executing Snowflake query :: SELECT COLUMN_NAME FROM DEV_ENT_RAW.INFORMATION_SCHEMA.COLUMNS WHERE TABLE_NAME='ST_API_PAYMENTSPLIT'and TABLE_SCHEMA='API_MAT'
Executing Snowflake query :: SELECT COLUMN_NAME FROM CURATED_DATAMART.INFORMATION_SCHEMA.COLUMNS WHERE TABLE_NAME='STR_API_PAYMENTSPLIT'and TABLE_SCHEMA='ST_API_MAITZ'
Executing Snowflake query :: SELECT COLUMN_NAME FROM DEV_ENT_CURATED.INFORMATION_SCHEMA.COLUMNS WHERE TABLE_NAME='DIM_PAYMENTSPLIT'and TABLE_SCHEMA='MASTER_DIMENSIONS'
Column names for RAW Table --> ST_API_PAYMENTSPLIT :: [ID, MODIFIEDON, AMOUNT, PAYMENT_ID, PAYSELLERCOMMISSION, IMPORTID, INVOICE_ID, CREATEDON, CREATEDBY_ID, ACTIVE, TENANT_TYPE]
Column names for DataMart Table --> STR_API_PAYMENTSPLIT :: [PAYSELLERCOMMISSION, IMPORTID, TENANT_TYPE, ACTIVE, AMOUNT, CREATEDON, INVOICE_ID, RECORD_UPDATE_DATE, CREATEDBY_ID, MASTER_ID, MODIFIEDON, PAYMENT_ID, RECORD_CREATE_DATE, ID, ACTIVE_FLAG]
Column names for Curated Table --> DIM_PAYMENTSPLIT :: [IMPORTID, PAYSELLERCOMMISSION, CREATEDON, PAYMENT_ID, TENANT_TYPE, MODIFIEDON, AMOUNT, CREATEDBY_ID, INVOICE_ID, ID, RECORD_UPDATED_BY, RECORD_UPDATE_DATE, ACTIVE, RECORD_CREATE_DATE]
Column Name found in Datamart and Curated Table :: ID
Column Name found in Datamart and Curated Table :: MODIFIEDON
Column Name found in Datamart and Curated Table :: AMOUNT
Column Name found in Datamart and Curated Table :: PAYMENT_ID
Column Name found in Datamart and Curated Table :: PAYSELLERCOMMISSION
Column Name found in Datamart and Curated Table :: IMPORTID
Column Name found in Datamart and Curated Table :: INVOICE_ID
Column Name found in Datamart and Curated Table :: CREATEDON
Column Name found in Datamart and Curated Table :: CREATEDBY_ID
Column Name found in Datamart and Curated Table :: ACTIVE
Column Name found in Datamart and Curated Table :: TENANT_TYPE
Datamart tables contains additional column name like [ACTIVE_FLAG, RECORD_CREATE_DATE, RECORD_UPDATE_DATE, MASTER_ID]
Curated tables contains additional column name like [RECORD_CREATE_DATE, RECORD_UPDATE_DATE, RECORD_UPDATED_BY]]]>
  </system-out>
  <testcase classname="testcases.RAW_DATAMART_CURATED.SnowFlake_ColumnValidation_APITables" name="validateColumnName_BKP" time="2.247"/>
  <system-out>
    <![CDATA[Executing Snowflake query :: SELECT COLUMN_NAME FROM DEV_ENT_RAW.INFORMATION_SCHEMA.COLUMNS WHERE TABLE_NAME='ST_API_NONJOBAPPOINTMENT'and TABLE_SCHEMA='API_MAT'
Executing Snowflake query :: SELECT COLUMN_NAME FROM CURATED_DATAMART.INFORMATION_SCHEMA.COLUMNS WHERE TABLE_NAME='STR_API_NONJOBAPPOINTMENT'and TABLE_SCHEMA='ST_API_GOLDMEDAL'
Executing Snowflake query :: SELECT COLUMN_NAME FROM DEV_ENT_CURATED.INFORMATION_SCHEMA.COLUMNS WHERE TABLE_NAME='DIM_NONJOBAPPOINTMENT'and TABLE_SCHEMA='MASTER_DIMENSIONS'
Column names for RAW Table --> ST_API_NONJOBAPPOINTMENT :: [CREATEDBY_ID, IMPORTID, ALLDAY, DEFINITION_ID, ISCOMPLETED, TIMESHEETCODE_ID, CLEARDISPATCHBOARD, ACTIVE, CLEARTECHNICIANVIEW, REMOVETECHNICIANFROMCAPACITYPLANNING, SUMMARY, ID, TECHNICIAN_ID, CREATEDON, TIMESHEET_ID, NAME, EXPECTEDDURATION, START, DURATION, TENANT_TYPE]
Column names for DataMart Table --> STR_API_NONJOBAPPOINTMENT :: [IMPORTID, SUMMARY, DURATION, CLEARDISPATCHBOARD, DEFINITION_ID, TIMESHEET_ID, ACTIVE, CLEARTECHNICIANVIEW, NAME, RECORD_UPDATE_DATE, ALLDAY, CREATEDBY_ID, CREATEDON, ISCOMPLETED, START, EXPECTEDDURATION, ID, RECORD_CREATE_DATE, ACTIVE_FLAG, MASTER_ID, REMOVETECHNICIANFROMCAPACITYPLANNING, TECHNICIAN_ID, TENANT_TYPE, TIMESHEETCODE_ID]
Column names for Curated Table --> DIM_NONJOBAPPOINTMENT :: [IMPORTID, RECORD_UPDATE_DATE, TIMESHEET_ID, ID, ISCOMPLETED, CREATEDON, RECORD_UPDATED_BY, START, CLEARTECHNICIANVIEW, DURATION, EXPECTEDDURATION, ALLDAY, CLEARDISPATCHBOARD, RECORD_CREATE_DATE, TENANT_TYPE, TIMESHEETCODE_ID, NAME, DEFINITION_ID, SUMMARY, ACTIVE, CREATEDBY_ID, REMOVETECHNICIANFROMCAPACITYPLANNING, TECHNICIAN_ID]
Column Name found in Datamart and Curated Table :: CREATEDBY_ID
Column Name found in Datamart and Curated Table :: IMPORTID
Column Name found in Datamart and Curated Table :: ALLDAY
Column Name found in Datamart and Curated Table :: DEFINITION_ID
Column Name found in Datamart and Curated Table :: ISCOMPLETED
Column Name found in Datamart and Curated Table :: TIMESHEETCODE_ID
Column Name found in Datamart and Curated Table :: CLEARDISPATCHBOARD
Column Name found in Datamart and Curated Table :: ACTIVE
Column Name found in Datamart and Curated Table :: CLEARTECHNICIANVIEW
Column Name found in Datamart and Curated Table :: REMOVETECHNICIANFROMCAPACITYPLANNING
Column Name found in Datamart and Curated Table :: SUMMARY
Column Name found in Datamart and Curated Table :: ID
Column Name found in Datamart and Curated Table :: TECHNICIAN_ID
Column Name found in Datamart and Curated Table :: CREATEDON
Column Name found in Datamart and Curated Table :: TIMESHEET_ID
Column Name found in Datamart and Curated Table :: NAME
Column Name found in Datamart and Curated Table :: EXPECTEDDURATION
Column Name found in Datamart and Curated Table :: START
Column Name found in Datamart and Curated Table :: DURATION
Column Name found in Datamart and Curated Table :: TENANT_TYPE
Datamart tables contains additional column name like [ACTIVE_FLAG, RECORD_CREATE_DATE, RECORD_UPDATE_DATE, MASTER_ID]
Curated tables contains additional column name like [RECORD_CREATE_DATE, RECORD_UPDATE_DATE, RECORD_UPDATED_BY]]]>
  </system-out>
  <testcase classname="testcases.RAW_DATAMART_CURATED.SnowFlake_ColumnValidation_APITables" name="validateColumnName_BKP" time="1.996"/>
  <system-out>
    <![CDATA[Executing Snowflake query :: SELECT COLUMN_NAME FROM DEV_ENT_RAW.INFORMATION_SCHEMA.COLUMNS WHERE TABLE_NAME='ST_API_CUSTOMERMEMBERSHIP'and TABLE_SCHEMA='API_MAT'
Executing Snowflake query :: SELECT COLUMN_NAME FROM CURATED_DATAMART.INFORMATION_SCHEMA.COLUMNS WHERE TABLE_NAME='STR_API_CUSTOMERMEMBERSHIP'and TABLE_SCHEMA='ST_API_HARP'
Executing Snowflake query :: SELECT COLUMN_NAME FROM DEV_ENT_CURATED.INFORMATION_SCHEMA.COLUMNS WHERE TABLE_NAME='DIM_CUSTOMERMEMBERSHIP'and TABLE_SCHEMA='MASTER_DIMENSIONS'
Column names for RAW Table --> ST_API_CUSTOMERMEMBERSHIP :: [CREATEDBY_ID, NEXTSCHEDULEDBILLDATE, DURATION, PAYMENTTYPE_ID, CANCELLATIONDATE, CUSTOMERPO, RENEWALDURATION, FOLLOWUPSTATUS, ID, LOCATION_ID, RENEWALMEMBERSHIPTASKREFERENCE_SKUID, PREVIOUSRECURRINGLOCATION_ID, RECURRINGLOCATION_ID, TYPE_ID, MODIFIEDON, ACTIVATEDFROM_ID, BILLINGFREQUENCY, CREATEDON, INVOICETEMPLATE_ID, MEMO, RENEWALMEMBERSHIPTASKREFERENCE_SKUTYPE, BILLINGTEMPLATE_ID, INITIALDEFERREDREVENUE, IMPORTID, ACTIVATEDBY_ID, BILLINGPREFERENCE, BUSINESSUNIT_ID, CUSTOMER_ID, FOLLOWUPCUSTOMSTATUS_ID, STATUS, EXPIREDAT, ACTIVE, BILLINGCOVERAGEPERIOD, FROM, RENEWALBILLINGFREQUENCY, RENEWEDBY_ID, CANCELATIONBALANCEINVOICE_ID, FOLLOWUPON, BILLINGEMAIL_ID, CANCELATIONBUYOUTINVOICE_ID, FIRSTSCHEDULEDBILLDATE, CANCELATIONINVOICE_ID, RENEWALMEMBERSHIPTASK_ID, SOLDBY_ID, TO, PAYMENTMETHOD_ID, TENANT_TYPE]
Column names for DataMart Table --> STR_API_CUSTOMERMEMBERSHIP :: [CANCELATIONBALANCEINVOICE_ID, MEMO, PAYMENTMETHOD_ID, SOLDBY_ID, TENANT_TYPE, CUSTOMERPO, LOCATION_ID, MODIFIEDON, RENEWALMEMBERSHIPTASKREFERENCE_SKUTYPE, TYPE_ID, BILLINGPREFERENCE, FOLLOWUPON, FOLLOWUPSTATUS, IMPORTID, INVOICETEMPLATE_ID, CANCELLATIONDATE, EXPIREDAT, FOLLOWUPCUSTOMSTATUS_ID, RECURRINGLOCATION_ID, ACTIVATEDBY_ID, ACTIVE_FLAG, BILLINGFREQUENCY, MASTER_ID, STATUS, FIRSTSCHEDULEDBILLDATE, INITIALDEFERREDREVENUE, ACTIVATEDFROM_ID, BILLINGTEMPLATE_ID, RENEWALMEMBERSHIPTASKREFERENCE_SKUID, NEXTSCHEDULEDBILLDATE, PAYMENTTYPE_ID, RENEWALMEMBERSHIPTASK_ID, TO, RECORD_UPDATE_DATE, CREATEDON, FROM, PREVIOUSRECURRINGLOCATION_ID, RENEWEDBY_ID, BILLINGCOVERAGEPERIOD, CANCELATIONINVOICE_ID, RECORD_CREATE_DATE, RENEWALBILLINGFREQUENCY, RENEWALDURATION, ACTIVE, BILLINGEMAIL_ID, BUSINESSUNIT_ID, CANCELATIONBUYOUTINVOICE_ID, CREATEDBY_ID, CUSTOMER_ID, DURATION, ID]
Column names for Curated Table --> DIM_CUSTOMERMEMBERSHIP :: [BILLINGFREQUENCY, CREATEDBY_ID, MODIFIEDON, PAYMENTTYPE_ID, RECURRINGLOCATION_ID, ACTIVE, BILLINGEMAIL_ID, FIRSTSCHEDULEDBILLDATE, RENEWALMEMBERSHIPTASKREFERENCE_SKUTYPE, TENANT_TYPE, ACTIVATEDBY_ID, BUSINESSUNIT_ID, CREATEDON, ID, INITIALDEFERREDREVENUE, CUSTOMERPO, FOLLOWUPSTATUS, RENEWALDURATION, RECORD_UPDATED_BY, BILLINGTEMPLATE_ID, FOLLOWUPCUSTOMSTATUS_ID, PAYMENTMETHOD_ID, RECORD_UPDATE_DATE, SOLDBY_ID, TYPE_ID, RENEWALMEMBERSHIPTASK_ID, BILLINGPREFERENCE, EXPIREDAT, NEXTSCHEDULEDBILLDATE, ACTIVATEDFROM_ID, CANCELATIONBALANCEINVOICE_ID, FROM, RECORD_CREATE_DATE, RENEWALMEMBERSHIPTASKREFERENCE_SKUID, TO, FOLLOWUPON, BILLINGCOVERAGEPERIOD, CUSTOMER_ID, DURATION, IMPORTID, RENEWALBILLINGFREQUENCY, STATUS, MEMO, CANCELATIONINVOICE_ID, CANCELLATIONDATE, PREVIOUSRECURRINGLOCATION_ID, CANCELATIONBUYOUTINVOICE_ID, INVOICETEMPLATE_ID, LOCATION_ID, RENEWEDBY_ID]
Column Name found in Datamart and Curated Table :: CREATEDBY_ID
Column Name found in Datamart and Curated Table :: NEXTSCHEDULEDBILLDATE
Column Name found in Datamart and Curated Table :: DURATION
Column Name found in Datamart and Curated Table :: PAYMENTTYPE_ID
Column Name found in Datamart and Curated Table :: CANCELLATIONDATE
Column Name found in Datamart and Curated Table :: CUSTOMERPO
Column Name found in Datamart and Curated Table :: RENEWALDURATION
Column Name found in Datamart and Curated Table :: FOLLOWUPSTATUS
Column Name found in Datamart and Curated Table :: ID
Column Name found in Datamart and Curated Table :: LOCATION_ID
Column Name found in Datamart and Curated Table :: RENEWALMEMBERSHIPTASKREFERENCE_SKUID
Column Name found in Datamart and Curated Table :: PREVIOUSRECURRINGLOCATION_ID
Column Name found in Datamart and Curated Table :: RECURRINGLOCATION_ID
Column Name found in Datamart and Curated Table :: TYPE_ID
Column Name found in Datamart and Curated Table :: MODIFIEDON
Column Name found in Datamart and Curated Table :: ACTIVATEDFROM_ID
Column Name found in Datamart and Curated Table :: BILLINGFREQUENCY
Column Name found in Datamart and Curated Table :: CREATEDON
Column Name found in Datamart and Curated Table :: INVOICETEMPLATE_ID
Column Name found in Datamart and Curated Table :: MEMO
Column Name found in Datamart and Curated Table :: RENEWALMEMBERSHIPTASKREFERENCE_SKUTYPE
Column Name found in Datamart and Curated Table :: BILLINGTEMPLATE_ID
Column Name found in Datamart and Curated Table :: INITIALDEFERREDREVENUE
Column Name found in Datamart and Curated Table :: IMPORTID
Column Name found in Datamart and Curated Table :: ACTIVATEDBY_ID
Column Name found in Datamart and Curated Table :: BILLINGPREFERENCE
Column Name found in Datamart and Curated Table :: BUSINESSUNIT_ID
Column Name found in Datamart and Curated Table :: CUSTOMER_ID
Column Name found in Datamart and Curated Table :: FOLLOWUPCUSTOMSTATUS_ID
Column Name found in Datamart and Curated Table :: STATUS
Column Name found in Datamart and Curated Table :: EXPIREDAT
Column Name found in Datamart and Curated Table :: ACTIVE
Column Name found in Datamart and Curated Table :: BILLINGCOVERAGEPERIOD
Column Name found in Datamart and Curated Table :: FROM
Column Name found in Datamart and Curated Table :: RENEWALBILLINGFREQUENCY
Column Name found in Datamart and Curated Table :: RENEWEDBY_ID
Column Name found in Datamart and Curated Table :: CANCELATIONBALANCEINVOICE_ID
Column Name found in Datamart and Curated Table :: FOLLOWUPON
Column Name found in Datamart and Curated Table :: BILLINGEMAIL_ID
Column Name found in Datamart and Curated Table :: CANCELATIONBUYOUTINVOICE_ID
Column Name found in Datamart and Curated Table :: FIRSTSCHEDULEDBILLDATE
Column Name found in Datamart and Curated Table :: CANCELATIONINVOICE_ID
Column Name found in Datamart and Curated Table :: RENEWALMEMBERSHIPTASK_ID
Column Name found in Datamart and Curated Table :: SOLDBY_ID
Column Name found in Datamart and Curated Table :: TO
Column Name found in Datamart and Curated Table :: PAYMENTMETHOD_ID
Column Name found in Datamart and Curated Table :: TENANT_TYPE
Datamart tables contains additional column name like [ACTIVE_FLAG, RECORD_CREATE_DATE, RECORD_UPDATE_DATE, MASTER_ID]
Curated tables contains additional column name like [RECORD_CREATE_DATE, RECORD_UPDATE_DATE, RECORD_UPDATED_BY]]]>
  </system-out>
  <testcase classname="testcases.RAW_DATAMART_CURATED.SnowFlake_ColumnValidation_APITables" name="validateColumnName_BKP" time="2.777"/>
  <system-out>
    <![CDATA[Executing Snowflake query :: SELECT COLUMN_NAME FROM DEV_ENT_RAW.INFORMATION_SCHEMA.COLUMNS WHERE TABLE_NAME='ST_API_MATERIALVENDOR'and TABLE_SCHEMA='API_MAT'
Executing Snowflake query :: SELECT COLUMN_NAME FROM CURATED_DATAMART.INFORMATION_SCHEMA.COLUMNS WHERE TABLE_NAME='STR_API_MATERIALVENDOR'and TABLE_SCHEMA='ST_API_HARP'
Executing Snowflake query :: SELECT COLUMN_NAME FROM DEV_ENT_CURATED.INFORMATION_SCHEMA.COLUMNS WHERE TABLE_NAME='DIM_MATERIALVENDOR'and TABLE_SCHEMA='MASTER_DIMENSIONS'
Column names for RAW Table --> ST_API_MATERIALVENDOR :: [ACTIVE, CREATEDON, MEMO, VENDOR_ID, CREATEDBY_ID, COST, ID, ISPRIMARY, IMPORTID, PRIMARYSUBACCOUNT_ID, MATERIAL_ID, PARTNUMBER, TENANT_TYPE]
Column names for DataMart Table --> STR_API_MATERIALVENDOR :: [IMPORTID, MEMO, VENDOR_ID, ISPRIMARY, PRIMARYSUBACCOUNT_ID, CREATEDBY_ID, CREATEDON, RECORD_CREATE_DATE, COST, RECORD_UPDATE_DATE, ACTIVE, ACTIVE_FLAG, ID, MASTER_ID, MATERIAL_ID, PARTNUMBER, TENANT_TYPE]
Column names for Curated Table --> DIM_MATERIALVENDOR :: [ID, MATERIAL_ID, ACTIVE, COST, CREATEDBY_ID, IMPORTID, ISPRIMARY, PRIMARYSUBACCOUNT_ID, RECORD_UPDATE_DATE, TENANT_TYPE, MEMO, RECORD_UPDATED_BY, VENDOR_ID, CREATEDON, PARTNUMBER, RECORD_CREATE_DATE]
Column Name found in Datamart and Curated Table :: ACTIVE
Column Name found in Datamart and Curated Table :: CREATEDON
Column Name found in Datamart and Curated Table :: MEMO
Column Name found in Datamart and Curated Table :: VENDOR_ID
Column Name found in Datamart and Curated Table :: CREATEDBY_ID
Column Name found in Datamart and Curated Table :: COST
Column Name found in Datamart and Curated Table :: ID
Column Name found in Datamart and Curated Table :: ISPRIMARY
Column Name found in Datamart and Curated Table :: IMPORTID
Column Name found in Datamart and Curated Table :: PRIMARYSUBACCOUNT_ID
Column Name found in Datamart and Curated Table :: MATERIAL_ID
Column Name found in Datamart and Curated Table :: PARTNUMBER
Column Name found in Datamart and Curated Table :: TENANT_TYPE
Datamart tables contains additional column name like [ACTIVE_FLAG, RECORD_CREATE_DATE, RECORD_UPDATE_DATE, MASTER_ID]
Curated tables contains additional column name like [RECORD_CREATE_DATE, RECORD_UPDATE_DATE, RECORD_UPDATED_BY]]]>
  </system-out>
  <testcase classname="testcases.RAW_DATAMART_CURATED.SnowFlake_ColumnValidation_APITables" name="validateColumnName_BKP" time="2.233"/>
  <system-out>
    <![CDATA[Executing Snowflake query :: SELECT COLUMN_NAME FROM DEV_ENT_RAW.INFORMATION_SCHEMA.COLUMNS WHERE TABLE_NAME='ST_API_PURCHASEORDERITEM'and TABLE_SCHEMA='API_MAT'
Executing Snowflake query :: SELECT COLUMN_NAME FROM CURATED_DATAMART.INFORMATION_SCHEMA.COLUMNS WHERE TABLE_NAME='STR_API_PURCHASEORDERITEM'and TABLE_SCHEMA='ST_API_SNELLHEATINGAIR'
Executing Snowflake query :: SELECT COLUMN_NAME FROM DEV_ENT_CURATED.INFORMATION_SCHEMA.COLUMNS WHERE TABLE_NAME='DIM_PURCHASEORDERITEM'and TABLE_SCHEMA='MASTER_DIMENSIONS'
Column names for RAW Table --> ST_API_PURCHASEORDERITEM :: [EQUIPMENT_ID, MARKUP, MODIFIEDON, ROLLEDOVERFROMITEM_ID, UNITOFMEASURE_ID, ACTIVE, ID, IMPORTID, PURCHASEORDER_ID, SKUREFERENCE_SKUTYPE, BUSINESSUNIT_ID, ISINVENTORY, VENDORPARTNUMBER, COST, MATERIALVENDOR_ID, SERIALNUMBER, CREATEDON, DESCRIPTION, EQUIPMENTVENDOR_ID, REQUISITIONITEM_ID, TECHNICIANFORBASERATE2_ID, TECHNICIANSPLIT1, TECHNICIANFORBASERATE3_ID, STATUS, CREATEDBY_ID, TECHNICIANFORBASERATE1_ID, MATERIAL_ID, TECHNICIANSPLIT3, CHARGEABLEITEM_ID, INVENTORYLOCATION_ID, QUANTITY, ROLLOVERQUANTITY, SKUVENDOR_ID, PROJECTLABELS, SKUREFERENCE_SKUID, TECHNICIANSPLIT2, USEDMATERIAL_ID, SKU_ID, TENANT_TYPE]
Column names for DataMart Table --> STR_API_PURCHASEORDERITEM :: [ACTIVE_FLAG, IMPORTID, ROLLOVERQUANTITY, UNITOFMEASURE_ID, ACTIVE, CREATEDBY_ID, EQUIPMENTVENDOR_ID, ISINVENTORY, MARKUP, REQUISITIONITEM_ID, TECHNICIANSPLIT1, PROJECTLABELS, COST, ID, MATERIALVENDOR_ID, MASTER_ID, SKUVENDOR_ID, VENDORPARTNUMBER, SERIALNUMBER, INVENTORYLOCATION_ID, RECORD_CREATE_DATE, SKUREFERENCE_SKUID, SKUREFERENCE_SKUTYPE, SKU_ID, EQUIPMENT_ID, MODIFIEDON, STATUS, TECHNICIANFORBASERATE2_ID, TECHNICIANSPLIT2, TECHNICIANSPLIT3, USEDMATERIAL_ID, TECHNICIANFORBASERATE1_ID, BUSINESSUNIT_ID, CHARGEABLEITEM_ID, DESCRIPTION, RECORD_UPDATE_DATE, TENANT_TYPE, MATERIAL_ID, QUANTITY, ROLLEDOVERFROMITEM_ID, TECHNICIANFORBASERATE3_ID, CREATEDON, PURCHASEORDER_ID]
Column names for Curated Table --> DIM_PURCHASEORDERITEM :: [CREATEDBY_ID, DESCRIPTION, EQUIPMENTVENDOR_ID, EQUIPMENT_ID, MATERIALVENDOR_ID, RECORD_UPDATE_DATE, TECHNICIANFORBASERATE1_ID, MODIFIEDON, UNITOFMEASURE_ID, USEDMATERIAL_ID, TECHNICIANSPLIT2, CHARGEABLEITEM_ID, COST, QUANTITY, TECHNICIANFORBASERATE3_ID, INVENTORYLOCATION_ID, IMPORTID, REQUISITIONITEM_ID, TENANT_TYPE, VENDORPARTNUMBER, SKU_ID, CREATEDON, ID, SKUREFERENCE_SKUTYPE, MARKUP, PROJECTLABELS, PURCHASEORDER_ID, SERIALNUMBER, SKUVENDOR_ID, TECHNICIANSPLIT3, ROLLOVERQUANTITY, STATUS, BUSINESSUNIT_ID, ISINVENTORY, RECORD_CREATE_DATE, ROLLEDOVERFROMITEM_ID, TECHNICIANSPLIT1, SKUREFERENCE_SKUID, ACTIVE, MATERIAL_ID, RECORD_UPDATED_BY, TECHNICIANFORBASERATE2_ID]
Column Name found in Datamart and Curated Table :: EQUIPMENT_ID
Column Name found in Datamart and Curated Table :: MARKUP
Column Name found in Datamart and Curated Table :: MODIFIEDON
Column Name found in Datamart and Curated Table :: ROLLEDOVERFROMITEM_ID
Column Name found in Datamart and Curated Table :: UNITOFMEASURE_ID
Column Name found in Datamart and Curated Table :: ACTIVE
Column Name found in Datamart and Curated Table :: ID
Column Name found in Datamart and Curated Table :: IMPORTID
Column Name found in Datamart and Curated Table :: PURCHASEORDER_ID
Column Name found in Datamart and Curated Table :: SKUREFERENCE_SKUTYPE
Column Name found in Datamart and Curated Table :: BUSINESSUNIT_ID
Column Name found in Datamart and Curated Table :: ISINVENTORY
Column Name found in Datamart and Curated Table :: VENDORPARTNUMBER
Column Name found in Datamart and Curated Table :: COST
Column Name found in Datamart and Curated Table :: MATERIALVENDOR_ID
Column Name found in Datamart and Curated Table :: SERIALNUMBER
Column Name found in Datamart and Curated Table :: CREATEDON
Column Name found in Datamart and Curated Table :: DESCRIPTION
Column Name found in Datamart and Curated Table :: EQUIPMENTVENDOR_ID
Column Name found in Datamart and Curated Table :: REQUISITIONITEM_ID
Column Name found in Datamart and Curated Table :: TECHNICIANFORBASERATE2_ID
Column Name found in Datamart and Curated Table :: TECHNICIANSPLIT1
Column Name found in Datamart and Curated Table :: TECHNICIANFORBASERATE3_ID
Column Name found in Datamart and Curated Table :: STATUS
Column Name found in Datamart and Curated Table :: CREATEDBY_ID
Column Name found in Datamart and Curated Table :: TECHNICIANFORBASERATE1_ID
Column Name found in Datamart and Curated Table :: MATERIAL_ID
Column Name found in Datamart and Curated Table :: TECHNICIANSPLIT3
Column Name found in Datamart and Curated Table :: CHARGEABLEITEM_ID
Column Name found in Datamart and Curated Table :: INVENTORYLOCATION_ID
Column Name found in Datamart and Curated Table :: QUANTITY
Column Name found in Datamart and Curated Table :: ROLLOVERQUANTITY
Column Name found in Datamart and Curated Table :: SKUVENDOR_ID
Column Name found in Datamart and Curated Table :: PROJECTLABELS
Column Name found in Datamart and Curated Table :: SKUREFERENCE_SKUID
Column Name found in Datamart and Curated Table :: TECHNICIANSPLIT2
Column Name found in Datamart and Curated Table :: USEDMATERIAL_ID
Column Name found in Datamart and Curated Table :: SKU_ID
Column Name found in Datamart and Curated Table :: TENANT_TYPE
Datamart tables contains additional column name like [ACTIVE_FLAG, RECORD_CREATE_DATE, RECORD_UPDATE_DATE, MASTER_ID]
Curated tables contains additional column name like [RECORD_CREATE_DATE, RECORD_UPDATE_DATE, RECORD_UPDATED_BY]]]>
  </system-out>
  <testcase classname="testcases.RAW_DATAMART_CURATED.SnowFlake_ColumnValidation_APITables" name="validateColumnName_BKP" time="2.259"/>
  <system-out>
    <![CDATA[Executing Snowflake query :: SELECT COLUMN_NAME FROM DEV_ENT_RAW.INFORMATION_SCHEMA.COLUMNS WHERE TABLE_NAME='ST_API_LOCATION'and TABLE_SCHEMA='API_MAT'
Executing Snowflake query :: SELECT COLUMN_NAME FROM CURATED_DATAMART.INFORMATION_SCHEMA.COLUMNS WHERE TABLE_NAME='STR_API_LOCATION'and TABLE_SCHEMA='ST_API_CASTEEL'
Executing Snowflake query :: SELECT COLUMN_NAME FROM DEV_ENT_CURATED.INFORMATION_SCHEMA.COLUMNS WHERE TABLE_NAME='DIM_LOCATION'and TABLE_SCHEMA='MASTER_DIMENSIONS'
Column names for RAW Table --> ST_API_LOCATION :: [ADDRESS_ISMANUALCOORDINATES, ADDRESS_LATITUDE, CREATEDON, RECURRINGSERVICE_RECURRENCEINTERVAL, ADDRESS_ISMILITARY, ADDRESS_STATE, CUSTOMER_ID, IMPORTID, AUTOLONGITUDE, TAXABLE, RECURRINGSERVICE_TYPE, ACTIVE, ADDRESS_COUNTRY, ADDRESS_UNIT, AVALARAENTITYCODE, ESTIMATEDTAX, ID, TAXEXEMPT, ISPREVAILINGWAGE, RECURRINGSERVICE_ACTIVATEDFROM, ADDRESS_ZIP, PREFERREDTECHNICIAN_ID, RECURRINGSERVICE_FROM, SUMMARY, RECURRINGSERVICE_MEMO, ADDRESS_CITY, AUTOLATITUDE, ZONE_ID, DONOTSENDTECHNICIAN_ID, ADDRESS_LONGITUDE, MODIFIEDON, NAME, NOCHARGE, RECURRINGSERVICE_CANCELLATIONDATE, TAXZONE_ID, ADDRESS_STREET, CREATEDBY_ID, RECURRINGSERVICE_TO, RECURRINGSERVICE_ACTIVATEDBY, TENANT_TYPE]
Column names for DataMart Table --> STR_API_LOCATION :: [ADDRESS_ISMANUALCOORDINATES, ADDRESS_ISMILITARY, ID, PREFERREDTECHNICIAN_ID, RECURRINGSERVICE_RECURRENCEINTERVAL, RECURRINGSERVICE_ACTIVATEDBY, RECURRINGSERVICE_CANCELLATIONDATE, TAXZONE_ID, ADDRESS_COUNTRY, ADDRESS_STATE, CUSTOMER_ID, DONOTSENDTECHNICIAN_ID, RECURRINGSERVICE_MEMO, TAXEXEMPT, ACTIVE_FLAG, ADDRESS_ZIP, AUTOLONGITUDE, IMPORTID, MASTER_ID, RECURRINGSERVICE_TO, ZONE_ID, RECURRINGSERVICE_FROM, ACTIVE, AVALARAENTITYCODE, RECURRINGSERVICE_TYPE, AUTOLATITUDE, TAXABLE, ADDRESS_CITY, NOCHARGE, MODIFIEDON, ADDRESS_STREET, CREATEDBY_ID, ISPREVAILINGWAGE, NAME, TENANT_TYPE, ADDRESS_LATITUDE, RECORD_UPDATE_DATE, SUMMARY, ADDRESS_UNIT, CREATEDON, RECURRINGSERVICE_ACTIVATEDFROM, ESTIMATEDTAX, RECORD_CREATE_DATE, ADDRESS_LONGITUDE]
Column names for Curated Table --> DIM_LOCATION :: [ADDRESS_UNIT, AUTOLONGITUDE, RECURRINGSERVICE_ACTIVATEDFROM, RECURRINGSERVICE_TO, TAXABLE, ADDRESS_CITY, ADDRESS_LATITUDE, IMPORTID, NAME, RECURRINGSERVICE_MEMO, ADDRESS_LONGITUDE, ADDRESS_STATE, ADDRESS_STREET, DONOTSENDTECHNICIAN_ID, MODIFIEDON, TAXZONE_ID, ADDRESS_ISMANUALCOORDINATES, ESTIMATEDTAX, ISPREVAILINGWAGE, RECURRINGSERVICE_ACTIVATEDBY, AUTOLATITUDE, RECORD_UPDATED_BY, RECORD_UPDATE_DATE, SUMMARY, CUSTOMER_ID, ZONE_ID, TENANT_TYPE, ADDRESS_COUNTRY, ADDRESS_ZIP, NOCHARGE, RECURRINGSERVICE_FROM, RECURRINGSERVICE_RECURRENCEINTERVAL, CREATEDON, RECORD_CREATE_DATE, AVALARAENTITYCODE, RECURRINGSERVICE_CANCELLATIONDATE, RECURRINGSERVICE_TYPE, PREFERREDTECHNICIAN_ID, ACTIVE, ADDRESS_ISMILITARY, CREATEDBY_ID, ID, TAXEXEMPT]
Column Name found in Datamart and Curated Table :: ADDRESS_ISMANUALCOORDINATES
Column Name found in Datamart and Curated Table :: ADDRESS_LATITUDE
Column Name found in Datamart and Curated Table :: CREATEDON
Column Name found in Datamart and Curated Table :: RECURRINGSERVICE_RECURRENCEINTERVAL
Column Name found in Datamart and Curated Table :: ADDRESS_ISMILITARY
Column Name found in Datamart and Curated Table :: ADDRESS_STATE
Column Name found in Datamart and Curated Table :: CUSTOMER_ID
Column Name found in Datamart and Curated Table :: IMPORTID
Column Name found in Datamart and Curated Table :: AUTOLONGITUDE
Column Name found in Datamart and Curated Table :: TAXABLE
Column Name found in Datamart and Curated Table :: RECURRINGSERVICE_TYPE
Column Name found in Datamart and Curated Table :: ACTIVE
Column Name found in Datamart and Curated Table :: ADDRESS_COUNTRY
Column Name found in Datamart and Curated Table :: ADDRESS_UNIT
Column Name found in Datamart and Curated Table :: AVALARAENTITYCODE
Column Name found in Datamart and Curated Table :: ESTIMATEDTAX
Column Name found in Datamart and Curated Table :: ID
Column Name found in Datamart and Curated Table :: TAXEXEMPT
Column Name found in Datamart and Curated Table :: ISPREVAILINGWAGE
Column Name found in Datamart and Curated Table :: RECURRINGSERVICE_ACTIVATEDFROM
Column Name found in Datamart and Curated Table :: ADDRESS_ZIP
Column Name found in Datamart and Curated Table :: PREFERREDTECHNICIAN_ID
Column Name found in Datamart and Curated Table :: RECURRINGSERVICE_FROM
Column Name found in Datamart and Curated Table :: SUMMARY
Column Name found in Datamart and Curated Table :: RECURRINGSERVICE_MEMO
Column Name found in Datamart and Curated Table :: ADDRESS_CITY
Column Name found in Datamart and Curated Table :: AUTOLATITUDE
Column Name found in Datamart and Curated Table :: ZONE_ID
Column Name found in Datamart and Curated Table :: DONOTSENDTECHNICIAN_ID
Column Name found in Datamart and Curated Table :: ADDRESS_LONGITUDE
Column Name found in Datamart and Curated Table :: MODIFIEDON
Column Name found in Datamart and Curated Table :: NAME
Column Name found in Datamart and Curated Table :: NOCHARGE
Column Name found in Datamart and Curated Table :: RECURRINGSERVICE_CANCELLATIONDATE
Column Name found in Datamart and Curated Table :: TAXZONE_ID
Column Name found in Datamart and Curated Table :: ADDRESS_STREET
Column Name found in Datamart and Curated Table :: CREATEDBY_ID
Column Name found in Datamart and Curated Table :: RECURRINGSERVICE_TO
Column Name found in Datamart and Curated Table :: RECURRINGSERVICE_ACTIVATEDBY
Column Name found in Datamart and Curated Table :: TENANT_TYPE
Datamart tables contains additional column name like [ACTIVE_FLAG, RECORD_CREATE_DATE, RECORD_UPDATE_DATE, MASTER_ID]
Curated tables contains additional column name like [RECORD_CREATE_DATE, RECORD_UPDATE_DATE, RECORD_UPDATED_BY]]]>
  </system-out>
  <testcase classname="testcases.RAW_DATAMART_CURATED.SnowFlake_ColumnValidation_APITables" name="validateColumnName_BKP" time="2.342"/>
  <system-out>
    <![CDATA[Executing Snowflake query :: SELECT COLUMN_NAME FROM DEV_ENT_RAW.INFORMATION_SCHEMA.COLUMNS WHERE TABLE_NAME='ST_API_HOLDJOBREASON'and TABLE_SCHEMA='API_MAT'
Executing Snowflake query :: SELECT COLUMN_NAME FROM CURATED_DATAMART.INFORMATION_SCHEMA.COLUMNS WHERE TABLE_NAME='STR_API_HOLDJOBREASON'and TABLE_SCHEMA='ST_API_HDAIR'
Executing Snowflake query :: SELECT COLUMN_NAME FROM DEV_ENT_CURATED.INFORMATION_SCHEMA.COLUMNS WHERE TABLE_NAME='DIM_HOLDJOBREASON'and TABLE_SCHEMA='MASTER_DIMENSIONS'
Column names for RAW Table --> ST_API_HOLDJOBREASON :: [ID, ACTIVE, MODIFIEDON, CREATEDBY_ID, CREATEDON, NAME, IMPORTID, TENANT_TYPE]
Column names for DataMart Table --> STR_API_HOLDJOBREASON :: [CREATEDON, NAME, CREATEDBY_ID, MODIFIEDON, IMPORTID, MASTER_ID, RECORD_CREATE_DATE, ACTIVE, ID, RECORD_UPDATE_DATE, ACTIVE_FLAG, TENANT_TYPE]
Column names for Curated Table --> DIM_HOLDJOBREASON :: [ACTIVE, ID, NAME, RECORD_UPDATED_BY, CREATEDON, MODIFIEDON, RECORD_CREATE_DATE, RECORD_UPDATE_DATE, TENANT_TYPE, IMPORTID, CREATEDBY_ID]
Column Name found in Datamart and Curated Table :: ID
Column Name found in Datamart and Curated Table :: ACTIVE
Column Name found in Datamart and Curated Table :: MODIFIEDON
Column Name found in Datamart and Curated Table :: CREATEDBY_ID
Column Name found in Datamart and Curated Table :: CREATEDON
Column Name found in Datamart and Curated Table :: NAME
Column Name found in Datamart and Curated Table :: IMPORTID
Column Name found in Datamart and Curated Table :: TENANT_TYPE
Datamart tables contains additional column name like [ACTIVE_FLAG, RECORD_CREATE_DATE, RECORD_UPDATE_DATE, MASTER_ID]
Curated tables contains additional column name like [RECORD_CREATE_DATE, RECORD_UPDATE_DATE, RECORD_UPDATED_BY]]]>
  </system-out>
  <testcase classname="testcases.RAW_DATAMART_CURATED.SnowFlake_ColumnValidation_APITables" name="validateColumnName_BKP" time="3.674"/>
  <system-out>
    <![CDATA[Executing Snowflake query :: SELECT COLUMN_NAME FROM DEV_ENT_RAW.INFORMATION_SCHEMA.COLUMNS WHERE TABLE_NAME='ST_API_VENDOR'and TABLE_SCHEMA='API_MAT'
Executing Snowflake query :: SELECT COLUMN_NAME FROM CURATED_DATAMART.INFORMATION_SCHEMA.COLUMNS WHERE TABLE_NAME='STR_API_VENDOR'and TABLE_SCHEMA='ST_API_HENDERSON'
Executing Snowflake query :: SELECT COLUMN_NAME FROM DEV_ENT_CURATED.INFORMATION_SCHEMA.COLUMNS WHERE TABLE_NAME='DIM_VENDOR'and TABLE_SCHEMA='MASTER_DIMENSIONS'
Column names for RAW Table --> ST_API_VENDOR :: [DELIVERYOPTION, REMITTANCEVENDOR_ID, LASTNAME, TAXRATE, ACTIVE, CREATEDON, VENDORADDRESS_ISMANUALCOORDINATES, IMPORTID, ISTRUCKREPLENISHMENT, PHONE, ID, VENDORADDRESS_STREET, FAX, VENDORADDRESS_LATITUDE, CREATEDBY_ID, EMAIL, EXTERNALID, FIRSTNAME, MEMO, RESTRICTEDMOBILECREATION, VENDORADDRESS_COUNTRY, VENDORADDRESS_LONGITUDE, VENDORADDRESS_CITY, NAME, VENDORADDRESS_ISMILITARY, VENDORQUICKBOOKSITEM, VENDORADDRESS_UNIT, VENDORADDRESS_ZIP, VENDORADDRESS_STATE, MODIFIEDON, PAYMENTTERM_ID, ADDRESS, TENANT_TYPE]
Column names for DataMart Table --> STR_API_VENDOR :: [CREATEDBY_ID, ISTRUCKREPLENISHMENT, RECORD_CREATE_DATE, RESTRICTEDMOBILECREATION, VENDORADDRESS_ISMILITARY, PAYMENTTERM_ID, VENDORQUICKBOOKSITEM, IMPORTID, MEMO, MODIFIEDON, ACTIVE_FLAG, FIRSTNAME, TAXRATE, DELIVERYOPTION, LASTNAME, MASTER_ID, VENDORADDRESS_STATE, VENDORADDRESS_UNIT, VENDORADDRESS_ZIP, VENDORADDRESS_CITY, VENDORADDRESS_COUNTRY, EXTERNALID, PHONE, VENDORADDRESS_STREET, VENDORADDRESS_LATITUDE, ADDRESS, CREATEDON, ID, RECORD_UPDATE_DATE, TENANT_TYPE, VENDORADDRESS_ISMANUALCOORDINATES, ACTIVE, NAME, VENDORADDRESS_LONGITUDE, EMAIL, REMITTANCEVENDOR_ID, FAX]
Column names for Curated Table --> DIM_VENDOR :: [DELIVERYOPTION, EXTERNALID, VENDORADDRESS_LATITUDE, VENDORADDRESS_ISMILITARY, VENDORADDRESS_STREET, EMAIL, ID, MEMO, PHONE, TAXRATE, VENDORADDRESS_ZIP, VENDORADDRESS_CITY, ACTIVE, ADDRESS, FAX, ISTRUCKREPLENISHMENT, VENDORADDRESS_STATE, REMITTANCEVENDOR_ID, FIRSTNAME, NAME, VENDORADDRESS_COUNTRY, LASTNAME, RECORD_UPDATE_DATE, VENDORADDRESS_UNIT, MODIFIEDON, CREATEDBY_ID, RECORD_CREATE_DATE, TENANT_TYPE, VENDORADDRESS_LONGITUDE, CREATEDON, IMPORTID, VENDORADDRESS_ISMANUALCOORDINATES, RESTRICTEDMOBILECREATION, PAYMENTTERM_ID, RECORD_UPDATED_BY, VENDORQUICKBOOKSITEM]
Column Name found in Datamart and Curated Table :: DELIVERYOPTION
Column Name found in Datamart and Curated Table :: REMITTANCEVENDOR_ID
Column Name found in Datamart and Curated Table :: LASTNAME
Column Name found in Datamart and Curated Table :: TAXRATE
Column Name found in Datamart and Curated Table :: ACTIVE
Column Name found in Datamart and Curated Table :: CREATEDON
Column Name found in Datamart and Curated Table :: VENDORADDRESS_ISMANUALCOORDINATES
Column Name found in Datamart and Curated Table :: IMPORTID
Column Name found in Datamart and Curated Table :: ISTRUCKREPLENISHMENT
Column Name found in Datamart and Curated Table :: PHONE
Column Name found in Datamart and Curated Table :: ID
Column Name found in Datamart and Curated Table :: VENDORADDRESS_STREET
Column Name found in Datamart and Curated Table :: FAX
Column Name found in Datamart and Curated Table :: VENDORADDRESS_LATITUDE
Column Name found in Datamart and Curated Table :: CREATEDBY_ID
Column Name found in Datamart and Curated Table :: EMAIL
Column Name found in Datamart and Curated Table :: EXTERNALID
Column Name found in Datamart and Curated Table :: FIRSTNAME
Column Name found in Datamart and Curated Table :: MEMO
Column Name found in Datamart and Curated Table :: RESTRICTEDMOBILECREATION
Column Name found in Datamart and Curated Table :: VENDORADDRESS_COUNTRY
Column Name found in Datamart and Curated Table :: VENDORADDRESS_LONGITUDE
Column Name found in Datamart and Curated Table :: VENDORADDRESS_CITY
Column Name found in Datamart and Curated Table :: NAME
Column Name found in Datamart and Curated Table :: VENDORADDRESS_ISMILITARY
Column Name found in Datamart and Curated Table :: VENDORQUICKBOOKSITEM
Column Name found in Datamart and Curated Table :: VENDORADDRESS_UNIT
Column Name found in Datamart and Curated Table :: VENDORADDRESS_ZIP
Column Name found in Datamart and Curated Table :: VENDORADDRESS_STATE
Column Name found in Datamart and Curated Table :: MODIFIEDON
Column Name found in Datamart and Curated Table :: PAYMENTTERM_ID
Column Name found in Datamart and Curated Table :: ADDRESS
Column Name found in Datamart and Curated Table :: TENANT_TYPE
Datamart tables contains additional column name like [ACTIVE_FLAG, RECORD_CREATE_DATE, RECORD_UPDATE_DATE, MASTER_ID]
Curated tables contains additional column name like [RECORD_CREATE_DATE, RECORD_UPDATE_DATE, RECORD_UPDATED_BY]]]>
  </system-out>
  <testcase classname="testcases.RAW_DATAMART_CURATED.SnowFlake_ColumnValidation_APITables" name="validateColumnName_BKP" time="2.350"/>
  <system-out>
    <![CDATA[Executing Snowflake query :: SELECT COLUMN_NAME FROM DEV_ENT_RAW.INFORMATION_SCHEMA.COLUMNS WHERE TABLE_NAME='ST_API_MATERIALVENDOR'and TABLE_SCHEMA='API_MAT'
Executing Snowflake query :: SELECT COLUMN_NAME FROM CURATED_DATAMART.INFORMATION_SCHEMA.COLUMNS WHERE TABLE_NAME='STR_API_MATERIALVENDOR'and TABLE_SCHEMA='ST_API_BILLFENWICK'
Executing Snowflake query :: SELECT COLUMN_NAME FROM DEV_ENT_CURATED.INFORMATION_SCHEMA.COLUMNS WHERE TABLE_NAME='DIM_MATERIALVENDOR'and TABLE_SCHEMA='MASTER_DIMENSIONS'
Column names for RAW Table --> ST_API_MATERIALVENDOR :: [ACTIVE, CREATEDON, MEMO, VENDOR_ID, CREATEDBY_ID, COST, ID, ISPRIMARY, IMPORTID, PRIMARYSUBACCOUNT_ID, MATERIAL_ID, PARTNUMBER, TENANT_TYPE]
Column names for DataMart Table --> STR_API_MATERIALVENDOR :: [ID, ISPRIMARY, CREATEDON, IMPORTID, MATERIAL_ID, MASTER_ID, MEMO, ACTIVE_FLAG, PRIMARYSUBACCOUNT_ID, VENDOR_ID, CREATEDBY_ID, TENANT_TYPE, ACTIVE, PARTNUMBER, RECORD_UPDATE_DATE, COST, RECORD_CREATE_DATE]
Column names for Curated Table --> DIM_MATERIALVENDOR :: [ID, MATERIAL_ID, ACTIVE, COST, CREATEDBY_ID, IMPORTID, ISPRIMARY, PRIMARYSUBACCOUNT_ID, RECORD_UPDATE_DATE, TENANT_TYPE, MEMO, RECORD_UPDATED_BY, VENDOR_ID, CREATEDON, PARTNUMBER, RECORD_CREATE_DATE]
Column Name found in Datamart and Curated Table :: ACTIVE
Column Name found in Datamart and Curated Table :: CREATEDON
Column Name found in Datamart and Curated Table :: MEMO
Column Name found in Datamart and Curated Table :: VENDOR_ID
Column Name found in Datamart and Curated Table :: CREATEDBY_ID
Column Name found in Datamart and Curated Table :: COST
Column Name found in Datamart and Curated Table :: ID
Column Name found in Datamart and Curated Table :: ISPRIMARY
Column Name found in Datamart and Curated Table :: IMPORTID
Column Name found in Datamart and Curated Table :: PRIMARYSUBACCOUNT_ID
Column Name found in Datamart and Curated Table :: MATERIAL_ID
Column Name found in Datamart and Curated Table :: PARTNUMBER
Column Name found in Datamart and Curated Table :: TENANT_TYPE
Datamart tables contains additional column name like [ACTIVE_FLAG, RECORD_CREATE_DATE, RECORD_UPDATE_DATE, MASTER_ID]
Curated tables contains additional column name like [RECORD_CREATE_DATE, RECORD_UPDATE_DATE, RECORD_UPDATED_BY]]]>
  </system-out>
  <testcase classname="testcases.RAW_DATAMART_CURATED.SnowFlake_ColumnValidation_APITables" name="validateColumnName_BKP" time="2.462"/>
  <system-out>
    <![CDATA[Executing Snowflake query :: SELECT COLUMN_NAME FROM DEV_ENT_RAW.INFORMATION_SCHEMA.COLUMNS WHERE TABLE_NAME='ST_API_LOCATION'and TABLE_SCHEMA='API_MAT'
Executing Snowflake query :: SELECT COLUMN_NAME FROM CURATED_DATAMART.INFORMATION_SCHEMA.COLUMNS WHERE TABLE_NAME='STR_API_LOCATION'and TABLE_SCHEMA='ST_API_FOURPROS'
Executing Snowflake query :: SELECT COLUMN_NAME FROM DEV_ENT_CURATED.INFORMATION_SCHEMA.COLUMNS WHERE TABLE_NAME='DIM_LOCATION'and TABLE_SCHEMA='MASTER_DIMENSIONS'
Column names for RAW Table --> ST_API_LOCATION :: [ADDRESS_ISMANUALCOORDINATES, ADDRESS_LATITUDE, CREATEDON, RECURRINGSERVICE_RECURRENCEINTERVAL, ADDRESS_ISMILITARY, ADDRESS_STATE, CUSTOMER_ID, IMPORTID, AUTOLONGITUDE, TAXABLE, RECURRINGSERVICE_TYPE, ACTIVE, ADDRESS_COUNTRY, ADDRESS_UNIT, AVALARAENTITYCODE, ESTIMATEDTAX, ID, TAXEXEMPT, ISPREVAILINGWAGE, RECURRINGSERVICE_ACTIVATEDFROM, ADDRESS_ZIP, PREFERREDTECHNICIAN_ID, RECURRINGSERVICE_FROM, SUMMARY, RECURRINGSERVICE_MEMO, ADDRESS_CITY, AUTOLATITUDE, ZONE_ID, DONOTSENDTECHNICIAN_ID, ADDRESS_LONGITUDE, MODIFIEDON, NAME, NOCHARGE, RECURRINGSERVICE_CANCELLATIONDATE, TAXZONE_ID, ADDRESS_STREET, CREATEDBY_ID, RECURRINGSERVICE_TO, RECURRINGSERVICE_ACTIVATEDBY, TENANT_TYPE]
Column names for DataMart Table --> STR_API_LOCATION :: [ACTIVE, ADDRESS_CITY, ADDRESS_ISMANUALCOORDINATES, RECURRINGSERVICE_TYPE, RECORD_CREATE_DATE, RECURRINGSERVICE_CANCELLATIONDATE, TENANT_TYPE, ADDRESS_ISMILITARY, ADDRESS_UNIT, CREATEDBY_ID, ID, RECURRINGSERVICE_ACTIVATEDBY, RECURRINGSERVICE_TO, ADDRESS_COUNTRY, ADDRESS_STREET, AUTOLATITUDE, RECORD_UPDATE_DATE, ZONE_ID, ADDRESS_STATE, DONOTSENDTECHNICIAN_ID, TAXABLE, AUTOLONGITUDE, IMPORTID, RECURRINGSERVICE_RECURRENCEINTERVAL, TAXEXEMPT, CUSTOMER_ID, ACTIVE_FLAG, ADDRESS_LATITUDE, CREATEDON, MODIFIEDON, PREFERREDTECHNICIAN_ID, ADDRESS_ZIP, AVALARAENTITYCODE, NAME, RECURRINGSERVICE_ACTIVATEDFROM, ISPREVAILINGWAGE, TAXZONE_ID, ADDRESS_LONGITUDE, ESTIMATEDTAX, MASTER_ID, RECURRINGSERVICE_FROM, RECURRINGSERVICE_MEMO, SUMMARY, NOCHARGE]
Column names for Curated Table --> DIM_LOCATION :: [ADDRESS_UNIT, AUTOLONGITUDE, RECURRINGSERVICE_ACTIVATEDFROM, RECURRINGSERVICE_TO, TAXABLE, ADDRESS_CITY, ADDRESS_LATITUDE, IMPORTID, NAME, RECURRINGSERVICE_MEMO, ADDRESS_LONGITUDE, ADDRESS_STATE, ADDRESS_STREET, DONOTSENDTECHNICIAN_ID, MODIFIEDON, TAXZONE_ID, ADDRESS_ISMANUALCOORDINATES, ESTIMATEDTAX, ISPREVAILINGWAGE, RECURRINGSERVICE_ACTIVATEDBY, AUTOLATITUDE, RECORD_UPDATED_BY, RECORD_UPDATE_DATE, SUMMARY, CUSTOMER_ID, ZONE_ID, TENANT_TYPE, ADDRESS_COUNTRY, ADDRESS_ZIP, NOCHARGE, RECURRINGSERVICE_FROM, RECURRINGSERVICE_RECURRENCEINTERVAL, CREATEDON, RECORD_CREATE_DATE, AVALARAENTITYCODE, RECURRINGSERVICE_CANCELLATIONDATE, RECURRINGSERVICE_TYPE, PREFERREDTECHNICIAN_ID, ACTIVE, ADDRESS_ISMILITARY, CREATEDBY_ID, ID, TAXEXEMPT]
Column Name found in Datamart and Curated Table :: ADDRESS_ISMANUALCOORDINATES
Column Name found in Datamart and Curated Table :: ADDRESS_LATITUDE
Column Name found in Datamart and Curated Table :: CREATEDON
Column Name found in Datamart and Curated Table :: RECURRINGSERVICE_RECURRENCEINTERVAL
Column Name found in Datamart and Curated Table :: ADDRESS_ISMILITARY
Column Name found in Datamart and Curated Table :: ADDRESS_STATE
Column Name found in Datamart and Curated Table :: CUSTOMER_ID
Column Name found in Datamart and Curated Table :: IMPORTID
Column Name found in Datamart and Curated Table :: AUTOLONGITUDE
Column Name found in Datamart and Curated Table :: TAXABLE
Column Name found in Datamart and Curated Table :: RECURRINGSERVICE_TYPE
Column Name found in Datamart and Curated Table :: ACTIVE
Column Name found in Datamart and Curated Table :: ADDRESS_COUNTRY
Column Name found in Datamart and Curated Table :: ADDRESS_UNIT
Column Name found in Datamart and Curated Table :: AVALARAENTITYCODE
Column Name found in Datamart and Curated Table :: ESTIMATEDTAX
Column Name found in Datamart and Curated Table :: ID
Column Name found in Datamart and Curated Table :: TAXEXEMPT
Column Name found in Datamart and Curated Table :: ISPREVAILINGWAGE
Column Name found in Datamart and Curated Table :: RECURRINGSERVICE_ACTIVATEDFROM
Column Name found in Datamart and Curated Table :: ADDRESS_ZIP
Column Name found in Datamart and Curated Table :: PREFERREDTECHNICIAN_ID
Column Name found in Datamart and Curated Table :: RECURRINGSERVICE_FROM
Column Name found in Datamart and Curated Table :: SUMMARY
Column Name found in Datamart and Curated Table :: RECURRINGSERVICE_MEMO
Column Name found in Datamart and Curated Table :: ADDRESS_CITY
Column Name found in Datamart and Curated Table :: AUTOLATITUDE
Column Name found in Datamart and Curated Table :: ZONE_ID
Column Name found in Datamart and Curated Table :: DONOTSENDTECHNICIAN_ID
Column Name found in Datamart and Curated Table :: ADDRESS_LONGITUDE
Column Name found in Datamart and Curated Table :: MODIFIEDON
Column Name found in Datamart and Curated Table :: NAME
Column Name found in Datamart and Curated Table :: NOCHARGE
Column Name found in Datamart and Curated Table :: RECURRINGSERVICE_CANCELLATIONDATE
Column Name found in Datamart and Curated Table :: TAXZONE_ID
Column Name found in Datamart and Curated Table :: ADDRESS_STREET
Column Name found in Datamart and Curated Table :: CREATEDBY_ID
Column Name found in Datamart and Curated Table :: RECURRINGSERVICE_TO
Column Name found in Datamart and Curated Table :: RECURRINGSERVICE_ACTIVATEDBY
Column Name found in Datamart and Curated Table :: TENANT_TYPE
Datamart tables contains additional column name like [ACTIVE_FLAG, RECORD_CREATE_DATE, RECORD_UPDATE_DATE, MASTER_ID]
Curated tables contains additional column name like [RECORD_CREATE_DATE, RECORD_UPDATE_DATE, RECORD_UPDATED_BY]]]>
  </system-out>
  <testcase classname="testcases.RAW_DATAMART_CURATED.SnowFlake_ColumnValidation_APITables" name="validateColumnName_BKP" time="3.111"/>
  <system-out>
    <![CDATA[Executing Snowflake query :: SELECT COLUMN_NAME FROM DEV_ENT_RAW.INFORMATION_SCHEMA.COLUMNS WHERE TABLE_NAME='ST_API_SKUASSET'and TABLE_SCHEMA='API_MAT'
Executing Snowflake query :: SELECT COLUMN_NAME FROM CURATED_DATAMART.INFORMATION_SCHEMA.COLUMNS WHERE TABLE_NAME='STR_API_SKUASSET'and TABLE_SCHEMA='ST_API_BILLFENWICK'
Executing Snowflake query :: SELECT COLUMN_NAME FROM DEV_ENT_CURATED.INFORMATION_SCHEMA.COLUMNS WHERE TABLE_NAME='DIM_SKUASSET'and TABLE_SCHEMA='MASTER_DIMENSIONS'
Column names for RAW Table --> ST_API_SKUASSET :: [ISEXTERNAL, IMPORTID, ACTIVE, ORIGINALNAME, ALIAS, CREATEDBY_ID, ID, OWNER_ID, URL, METADATA, TYPE, CREATEDON, EXTERNALURL, TENANT_TYPE]
Column names for DataMart Table --> STR_API_SKUASSET :: [ACTIVE_FLAG, CREATEDON, CREATEDBY_ID, EXTERNALURL, RECORD_CREATE_DATE, URL, ACTIVE, OWNER_ID, ALIAS, IMPORTID, ISEXTERNAL, MASTER_ID, TYPE, ID, METADATA, ORIGINALNAME, RECORD_UPDATE_DATE, TENANT_TYPE]
Column names for Curated Table --> DIM_SKUASSET :: [EXTERNALURL, ORIGINALNAME, TENANT_TYPE, RECORD_UPDATE_DATE, ID, ISEXTERNAL, RECORD_CREATE_DATE, ALIAS, CREATEDON, RECORD_UPDATED_BY, TYPE, ACTIVE, CREATEDBY_ID, OWNER_ID, METADATA, URL, IMPORTID]
Column Name found in Datamart and Curated Table :: ISEXTERNAL
Column Name found in Datamart and Curated Table :: IMPORTID
Column Name found in Datamart and Curated Table :: ACTIVE
Column Name found in Datamart and Curated Table :: ORIGINALNAME
Column Name found in Datamart and Curated Table :: ALIAS
Column Name found in Datamart and Curated Table :: CREATEDBY_ID
Column Name found in Datamart and Curated Table :: ID
Column Name found in Datamart and Curated Table :: OWNER_ID
Column Name found in Datamart and Curated Table :: URL
Column Name found in Datamart and Curated Table :: METADATA
Column Name found in Datamart and Curated Table :: TYPE
Column Name found in Datamart and Curated Table :: CREATEDON
Column Name found in Datamart and Curated Table :: EXTERNALURL
Column Name found in Datamart and Curated Table :: TENANT_TYPE
Datamart tables contains additional column name like [ACTIVE_FLAG, RECORD_CREATE_DATE, RECORD_UPDATE_DATE, MASTER_ID]
Curated tables contains additional column name like [RECORD_CREATE_DATE, RECORD_UPDATE_DATE, RECORD_UPDATED_BY]]]>
  </system-out>
  <testcase classname="testcases.RAW_DATAMART_CURATED.SnowFlake_ColumnValidation_APITables" name="validateColumnName_BKP" time="2.673"/>
  <system-out>
    <![CDATA[Executing Snowflake query :: SELECT COLUMN_NAME FROM DEV_ENT_RAW.INFORMATION_SCHEMA.COLUMNS WHERE TABLE_NAME='ST_API_PURCHASEORDERITEM'and TABLE_SCHEMA='API_MAT'
Executing Snowflake query :: SELECT COLUMN_NAME FROM CURATED_DATAMART.INFORMATION_SCHEMA.COLUMNS WHERE TABLE_NAME='STR_API_PURCHASEORDERITEM'and TABLE_SCHEMA='ST_API_HUTCHINSON'
Executing Snowflake query :: SELECT COLUMN_NAME FROM DEV_ENT_CURATED.INFORMATION_SCHEMA.COLUMNS WHERE TABLE_NAME='DIM_PURCHASEORDERITEM'and TABLE_SCHEMA='MASTER_DIMENSIONS'
Column names for RAW Table --> ST_API_PURCHASEORDERITEM :: [EQUIPMENT_ID, MARKUP, MODIFIEDON, ROLLEDOVERFROMITEM_ID, UNITOFMEASURE_ID, ACTIVE, ID, IMPORTID, PURCHASEORDER_ID, SKUREFERENCE_SKUTYPE, BUSINESSUNIT_ID, ISINVENTORY, VENDORPARTNUMBER, COST, MATERIALVENDOR_ID, SERIALNUMBER, CREATEDON, DESCRIPTION, EQUIPMENTVENDOR_ID, REQUISITIONITEM_ID, TECHNICIANFORBASERATE2_ID, TECHNICIANSPLIT1, TECHNICIANFORBASERATE3_ID, STATUS, CREATEDBY_ID, TECHNICIANFORBASERATE1_ID, MATERIAL_ID, TECHNICIANSPLIT3, CHARGEABLEITEM_ID, INVENTORYLOCATION_ID, QUANTITY, ROLLOVERQUANTITY, SKUVENDOR_ID, PROJECTLABELS, SKUREFERENCE_SKUID, TECHNICIANSPLIT2, USEDMATERIAL_ID, SKU_ID, TENANT_TYPE]
Column names for DataMart Table --> STR_API_PURCHASEORDERITEM :: [EQUIPMENTVENDOR_ID, ISINVENTORY, MARKUP, SERIALNUMBER, VENDORPARTNUMBER, TECHNICIANSPLIT1, ROLLOVERQUANTITY, SKUREFERENCE_SKUTYPE, CREATEDON, MATERIAL_ID, QUANTITY, IMPORTID, CREATEDBY_ID, RECORD_UPDATE_DATE, TECHNICIANSPLIT2, REQUISITIONITEM_ID, ACTIVE_FLAG, MATERIALVENDOR_ID, USEDMATERIAL_ID, ACTIVE, DESCRIPTION, PROJECTLABELS, CHARGEABLEITEM_ID, TECHNICIANFORBASERATE3_ID, BUSINESSUNIT_ID, EQUIPMENT_ID, ID, MASTER_ID, MODIFIEDON, RECORD_CREATE_DATE, UNITOFMEASURE_ID, SKU_ID, COST, PURCHASEORDER_ID, ROLLEDOVERFROMITEM_ID, TECHNICIANFORBASERATE1_ID, TECHNICIANFORBASERATE2_ID, SKUREFERENCE_SKUID, INVENTORYLOCATION_ID, STATUS, TECHNICIANSPLIT3, TENANT_TYPE, SKUVENDOR_ID]
Column names for Curated Table --> DIM_PURCHASEORDERITEM :: [CREATEDBY_ID, DESCRIPTION, EQUIPMENTVENDOR_ID, EQUIPMENT_ID, MATERIALVENDOR_ID, RECORD_UPDATE_DATE, TECHNICIANFORBASERATE1_ID, MODIFIEDON, UNITOFMEASURE_ID, USEDMATERIAL_ID, TECHNICIANSPLIT2, CHARGEABLEITEM_ID, COST, QUANTITY, TECHNICIANFORBASERATE3_ID, INVENTORYLOCATION_ID, IMPORTID, REQUISITIONITEM_ID, TENANT_TYPE, VENDORPARTNUMBER, SKU_ID, CREATEDON, ID, SKUREFERENCE_SKUTYPE, MARKUP, PROJECTLABELS, PURCHASEORDER_ID, SERIALNUMBER, SKUVENDOR_ID, TECHNICIANSPLIT3, ROLLOVERQUANTITY, STATUS, BUSINESSUNIT_ID, ISINVENTORY, RECORD_CREATE_DATE, ROLLEDOVERFROMITEM_ID, TECHNICIANSPLIT1, SKUREFERENCE_SKUID, ACTIVE, MATERIAL_ID, RECORD_UPDATED_BY, TECHNICIANFORBASERATE2_ID]
Column Name found in Datamart and Curated Table :: EQUIPMENT_ID
Column Name found in Datamart and Curated Table :: MARKUP
Column Name found in Datamart and Curated Table :: MODIFIEDON
Column Name found in Datamart and Curated Table :: ROLLEDOVERFROMITEM_ID
Column Name found in Datamart and Curated Table :: UNITOFMEASURE_ID
Column Name found in Datamart and Curated Table :: ACTIVE
Column Name found in Datamart and Curated Table :: ID
Column Name found in Datamart and Curated Table :: IMPORTID
Column Name found in Datamart and Curated Table :: PURCHASEORDER_ID
Column Name found in Datamart and Curated Table :: SKUREFERENCE_SKUTYPE
Column Name found in Datamart and Curated Table :: BUSINESSUNIT_ID
Column Name found in Datamart and Curated Table :: ISINVENTORY
Column Name found in Datamart and Curated Table :: VENDORPARTNUMBER
Column Name found in Datamart and Curated Table :: COST
Column Name found in Datamart and Curated Table :: MATERIALVENDOR_ID
Column Name found in Datamart and Curated Table :: SERIALNUMBER
Column Name found in Datamart and Curated Table :: CREATEDON
Column Name found in Datamart and Curated Table :: DESCRIPTION
Column Name found in Datamart and Curated Table :: EQUIPMENTVENDOR_ID
Column Name found in Datamart and Curated Table :: REQUISITIONITEM_ID
Column Name found in Datamart and Curated Table :: TECHNICIANFORBASERATE2_ID
Column Name found in Datamart and Curated Table :: TECHNICIANSPLIT1
Column Name found in Datamart and Curated Table :: TECHNICIANFORBASERATE3_ID
Column Name found in Datamart and Curated Table :: STATUS
Column Name found in Datamart and Curated Table :: CREATEDBY_ID
Column Name found in Datamart and Curated Table :: TECHNICIANFORBASERATE1_ID
Column Name found in Datamart and Curated Table :: MATERIAL_ID
Column Name found in Datamart and Curated Table :: TECHNICIANSPLIT3
Column Name found in Datamart and Curated Table :: CHARGEABLEITEM_ID
Column Name found in Datamart and Curated Table :: INVENTORYLOCATION_ID
Column Name found in Datamart and Curated Table :: QUANTITY
Column Name found in Datamart and Curated Table :: ROLLOVERQUANTITY
Column Name found in Datamart and Curated Table :: SKUVENDOR_ID
Column Name found in Datamart and Curated Table :: PROJECTLABELS
Column Name found in Datamart and Curated Table :: SKUREFERENCE_SKUID
Column Name found in Datamart and Curated Table :: TECHNICIANSPLIT2
Column Name found in Datamart and Curated Table :: USEDMATERIAL_ID
Column Name found in Datamart and Curated Table :: SKU_ID
Column Name found in Datamart and Curated Table :: TENANT_TYPE
Datamart tables contains additional column name like [ACTIVE_FLAG, RECORD_CREATE_DATE, RECORD_UPDATE_DATE, MASTER_ID]
Curated tables contains additional column name like [RECORD_CREATE_DATE, RECORD_UPDATE_DATE, RECORD_UPDATED_BY]]]>
  </system-out>
  <testcase classname="testcases.RAW_DATAMART_CURATED.SnowFlake_ColumnValidation_APITables" name="validateColumnName_BKP" time="2.157"/>
  <system-out>
    <![CDATA[Executing Snowflake query :: SELECT COLUMN_NAME FROM DEV_ENT_RAW.INFORMATION_SCHEMA.COLUMNS WHERE TABLE_NAME='ST_API_LEAD'and TABLE_SCHEMA='API_MAT'
Executing Snowflake query :: SELECT COLUMN_NAME FROM CURATED_DATAMART.INFORMATION_SCHEMA.COLUMNS WHERE TABLE_NAME='STR_API_LEAD'and TABLE_SCHEMA='ST_API_GOLDMEDAL'
Executing Snowflake query :: SELECT COLUMN_NAME FROM DEV_ENT_CURATED.INFORMATION_SCHEMA.COLUMNS WHERE TABLE_NAME='DIM_LEAD'and TABLE_SCHEMA='MASTER_DIMENSIONS'
Column names for RAW Table --> ST_API_LEAD :: [CREATEDBY_ID, ID, CREATEDON, PRIORITY, PROJECT_ID, STATUS, ESTIMATE_ID, JOBTYPE_ID, MODIFIEDON, SUMMARY, CUSTOMER_ID, LOCATION_ID, CAMPAIGN_ID, LATESTFOLLOWUPDATE, ACTIVE, BUSINESSUNIT_ID, IMPORTID, TENANT_TYPE]
Column names for DataMart Table --> STR_API_LEAD :: [ID, PRIORITY, RECORD_CREATE_DATE, CREATEDON, LATESTFOLLOWUPDATE, RECORD_UPDATE_DATE, ACTIVE_FLAG, CAMPAIGN_ID, ESTIMATE_ID, MASTER_ID, TENANT_TYPE, CREATEDBY_ID, CUSTOMER_ID, LOCATION_ID, PROJECT_ID, IMPORTID, JOBTYPE_ID, SUMMARY, MD5_VALUE, MODIFIEDON, ACTIVE, BUSINESSUNIT_ID, STATUS]
Column names for Curated Table --> DIM_LEAD :: [PRIORITY, ESTIMATE_ID, MD5_VALUE, MODIFIEDON, TENANT_TYPE, RECORD_UPDATED_BY, CUSTOMER_ID, PROJECT_ID, RECORD_CREATE_DATE, IMPORTID, STATUS, ACTIVE, BUSINESSUNIT_ID, CAMPAIGN_ID, CREATEDON, JOBTYPE_ID, LOCATION_ID, RECORD_UPDATE_DATE, CREATEDBY_ID, ID, LATESTFOLLOWUPDATE, SUMMARY]
Column Name found in Datamart and Curated Table :: CREATEDBY_ID
Column Name found in Datamart and Curated Table :: ID
Column Name found in Datamart and Curated Table :: CREATEDON
Column Name found in Datamart and Curated Table :: PRIORITY
Column Name found in Datamart and Curated Table :: PROJECT_ID
Column Name found in Datamart and Curated Table :: STATUS
Column Name found in Datamart and Curated Table :: ESTIMATE_ID
Column Name found in Datamart and Curated Table :: JOBTYPE_ID
Column Name found in Datamart and Curated Table :: MODIFIEDON
Column Name found in Datamart and Curated Table :: SUMMARY
Column Name found in Datamart and Curated Table :: CUSTOMER_ID
Column Name found in Datamart and Curated Table :: LOCATION_ID
Column Name found in Datamart and Curated Table :: CAMPAIGN_ID
Column Name found in Datamart and Curated Table :: LATESTFOLLOWUPDATE
Column Name found in Datamart and Curated Table :: ACTIVE
Column Name found in Datamart and Curated Table :: BUSINESSUNIT_ID
Column Name found in Datamart and Curated Table :: IMPORTID
Column Name found in Datamart and Curated Table :: TENANT_TYPE
Datamart tables contains additional column name like [ACTIVE_FLAG, RECORD_CREATE_DATE, RECORD_UPDATE_DATE, MASTER_ID]
Curated tables contains additional column name like [RECORD_CREATE_DATE, RECORD_UPDATE_DATE, RECORD_UPDATED_BY]]]>
  </system-out>
  <testcase classname="testcases.RAW_DATAMART_CURATED.SnowFlake_ColumnValidation_APITables" name="validateColumnName_BKP" time="3.263"/>
  <system-out>
    <![CDATA[Executing Snowflake query :: SELECT COLUMN_NAME FROM DEV_ENT_RAW.INFORMATION_SCHEMA.COLUMNS WHERE TABLE_NAME='ST_API_ESTIMATEITEM'and TABLE_SCHEMA='API_MAT'
Executing Snowflake query :: SELECT COLUMN_NAME FROM CURATED_DATAMART.INFORMATION_SCHEMA.COLUMNS WHERE TABLE_NAME='STR_API_ESTIMATEITEM'and TABLE_SCHEMA='ST_API_GOLDMEDAL'
Executing Snowflake query :: SELECT COLUMN_NAME FROM DEV_ENT_CURATED.INFORMATION_SCHEMA.COLUMNS WHERE TABLE_NAME='DIM_ESTIMATEITEM'and TABLE_SCHEMA='MASTER_DIMENSIONS'
Column names for RAW Table --> ST_API_ESTIMATEITEM :: [ESTIMATE_ID, ID, INSTALLEDEQUIPMENT_ID, SCHEDULEDFLATAMOUNT, AUTOGLASSITEM_ID, COST, ISADDON, ITEMGROUPROOT_ID, RENEWABLEMEMBERSHIP_ID, UNITPRICE, MARKUP, PROJECTLABELS, SKUREFERENCE_SKUTYPE, SOLDBY_ID, SKUREFERENCE_SKUID, ACTIVE, CHARGEABLE, CREATEDFROM_ID, MEMBERSHIPDURATION, PROJECTORDER, QUANTITY, COSTOFSALEACCOUNT_ID, ADDONFLATAMOUNT, EQUIPMENT_ID, STANDARDPRICE, ACCOUNT, GENERALLEDGERACCOUNT_ID, TOTALCOST, MODIFIEDON, SKU_ID, DESCRIPTION, INVOICEITEM_ID, LASTUNITPRICESETBYEMPLOYEE, MEMBERPRICE, PAYSSOLDBYRATE, IMPORTID, ISNOTGOINGTOBEDONE, TAXABLE, ITEMGROUPNAME, ALLOWDISCOUNTS, DEMANDSTATUS, MEMBERSHIPBILLINGFREQUENCY, PARENTITEM_ID, PAYSFLATAMOUNT, TOTAL, CREATEDBY_ID, CREATEDON, PRICEMODIFIER_ID, ORDER, TENANT_TYPE]
Column names for DataMart Table --> STR_API_ESTIMATEITEM :: [ALLOWDISCOUNTS, COST, COSTOFSALEACCOUNT_ID, CREATEDON, LASTUNITPRICESETBYEMPLOYEE, MEMBERPRICE, SKUREFERENCE_SKUID, INSTALLEDEQUIPMENT_ID, ISADDON, PRICEMODIFIER_ID, RECORD_UPDATE_DATE, TOTALCOST, CHARGEABLE, CREATEDBY_ID, ESTIMATE_ID, MEMBERSHIPDURATION, RECORD_UPDATED_BY, TOTAL, IMPORTID, TENANT_TYPE, ADDONFLATAMOUNT, ID, INVOICEITEM_ID, MASTER_ID, SKUREFERENCE_SKUTYPE, SKU_ID, DEMANDSTATUS, EQUIPMENT_ID, ITEMGROUPROOT_ID, MODIFIEDON, TAXABLE, RECORD_CREATE_DATE, CREATEDFROM_ID, DESCRIPTION, ORDER, PARENTITEM_ID, STANDARDPRICE, QUANTITY, ACCOUNT, MARKUP, PAYSFLATAMOUNT, PROJECTLABELS, UNITPRICE, RENEWABLEMEMBERSHIP_ID, SOLDBY_ID, ISHIDDENFROMCUSTOMER, MEMBERSHIPBILLINGFREQUENCY, ISNOTGOINGTOBEDONE, ACTIVE, ACTIVE_FLAG, AUTOGLASSITEM_ID, GENERALLEDGERACCOUNT_ID, ITEMGROUPNAME, PAYSSOLDBYRATE, PROJECTORDER, SCHEDULEDFLATAMOUNT]
Column names for Curated Table --> DIM_ESTIMATEITEM :: [CREATEDON, DEMANDSTATUS, MEMBERPRICE, MEMBERSHIPBILLINGFREQUENCY, MEMBERSHIPDURATION, SKUREFERENCE_SKUTYPE, ADDONFLATAMOUNT, AUTOGLASSITEM_ID, COST, ID, PAYSSOLDBYRATE, STANDARDPRICE, TENANT_TYPE, TOTAL, RECORD_CREATE_DATE, ITEMGROUPROOT_ID, PARENTITEM_ID, ORDER, PROJECTLABELS, SOLDBY_ID, PROJECTORDER, ACTIVE, ALLOWDISCOUNTS, CREATEDFROM_ID, DESCRIPTION, ESTIMATE_ID, MARKUP, ISADDON, CREATEDBY_ID, GENERALLEDGERACCOUNT_ID, INVOICEITEM_ID, PRICEMODIFIER_ID, RECORD_UPDATED_BY, SKUREFERENCE_SKUID, QUANTITY, CHARGEABLE, ISHIDDENFROMCUSTOMER, SKU_ID, COSTOFSALEACCOUNT_ID, ISNOTGOINGTOBEDONE, TOTALCOST, INSTALLEDEQUIPMENT_ID, ITEMGROUPNAME, PAYSFLATAMOUNT, TAXABLE, SCHEDULEDFLATAMOUNT, ACCOUNT, EQUIPMENT_ID, LASTUNITPRICESETBYEMPLOYEE, RENEWABLEMEMBERSHIP_ID, IMPORTID, RECORD_UPDATE_DATE, UNITPRICE, MODIFIEDON]
Column Name found in Datamart and Curated Table :: ESTIMATE_ID
Column Name found in Datamart and Curated Table :: ID
Column Name found in Datamart and Curated Table :: INSTALLEDEQUIPMENT_ID
Column Name found in Datamart and Curated Table :: SCHEDULEDFLATAMOUNT
Column Name found in Datamart and Curated Table :: AUTOGLASSITEM_ID
Column Name found in Datamart and Curated Table :: COST
Column Name found in Datamart and Curated Table :: ISADDON
Column Name found in Datamart and Curated Table :: ITEMGROUPROOT_ID
Column Name found in Datamart and Curated Table :: RENEWABLEMEMBERSHIP_ID
Column Name found in Datamart and Curated Table :: UNITPRICE
Column Name found in Datamart and Curated Table :: MARKUP
Column Name found in Datamart and Curated Table :: PROJECTLABELS
Column Name found in Datamart and Curated Table :: SKUREFERENCE_SKUTYPE
Column Name found in Datamart and Curated Table :: SOLDBY_ID
Column Name found in Datamart and Curated Table :: SKUREFERENCE_SKUID
Column Name found in Datamart and Curated Table :: ACTIVE
Column Name found in Datamart and Curated Table :: CHARGEABLE
Column Name found in Datamart and Curated Table :: CREATEDFROM_ID
Column Name found in Datamart and Curated Table :: MEMBERSHIPDURATION
Column Name found in Datamart and Curated Table :: PROJECTORDER
Column Name found in Datamart and Curated Table :: QUANTITY
Column Name found in Datamart and Curated Table :: COSTOFSALEACCOUNT_ID
Column Name found in Datamart and Curated Table :: ADDONFLATAMOUNT
Column Name found in Datamart and Curated Table :: EQUIPMENT_ID
Column Name found in Datamart and Curated Table :: STANDARDPRICE
Column Name found in Datamart and Curated Table :: ACCOUNT
Column Name found in Datamart and Curated Table :: GENERALLEDGERACCOUNT_ID
Column Name found in Datamart and Curated Table :: TOTALCOST
Column Name found in Datamart and Curated Table :: MODIFIEDON
Column Name found in Datamart and Curated Table :: SKU_ID
Column Name found in Datamart and Curated Table :: DESCRIPTION
Column Name found in Datamart and Curated Table :: INVOICEITEM_ID
Column Name found in Datamart and Curated Table :: LASTUNITPRICESETBYEMPLOYEE
Column Name found in Datamart and Curated Table :: MEMBERPRICE
Column Name found in Datamart and Curated Table :: PAYSSOLDBYRATE
Column Name found in Datamart and Curated Table :: IMPORTID
Column Name found in Datamart and Curated Table :: ISNOTGOINGTOBEDONE
Column Name found in Datamart and Curated Table :: TAXABLE
Column Name found in Datamart and Curated Table :: ITEMGROUPNAME
Column Name found in Datamart and Curated Table :: ALLOWDISCOUNTS
Column Name found in Datamart and Curated Table :: DEMANDSTATUS
Column Name found in Datamart and Curated Table :: MEMBERSHIPBILLINGFREQUENCY
Column Name found in Datamart and Curated Table :: PARENTITEM_ID
Column Name found in Datamart and Curated Table :: PAYSFLATAMOUNT
Column Name found in Datamart and Curated Table :: TOTAL
Column Name found in Datamart and Curated Table :: CREATEDBY_ID
Column Name found in Datamart and Curated Table :: CREATEDON
Column Name found in Datamart and Curated Table :: PRICEMODIFIER_ID
Column Name found in Datamart and Curated Table :: ORDER
Column Name found in Datamart and Curated Table :: TENANT_TYPE
Datamart tables contains additional column name like [ACTIVE_FLAG, RECORD_CREATE_DATE, RECORD_UPDATE_DATE, MASTER_ID]
Curated tables contains additional column name like [RECORD_CREATE_DATE, RECORD_UPDATE_DATE, RECORD_UPDATED_BY]]]>
  </system-out>
  <testcase classname="testcases.RAW_DATAMART_CURATED.SnowFlake_ColumnValidation_APITables" name="validateColumnName_BKP" time="2.983"/>
  <system-out>
    <![CDATA[Executing Snowflake query :: SELECT COLUMN_NAME FROM DEV_ENT_RAW.INFORMATION_SCHEMA.COLUMNS WHERE TABLE_NAME='ST_API_SKUASSET'and TABLE_SCHEMA='API_MAT'
Executing Snowflake query :: SELECT COLUMN_NAME FROM CURATED_DATAMART.INFORMATION_SCHEMA.COLUMNS WHERE TABLE_NAME='STR_API_SKUASSET'and TABLE_SCHEMA='ST_API_GOLDMEDAL'
Executing Snowflake query :: SELECT COLUMN_NAME FROM DEV_ENT_CURATED.INFORMATION_SCHEMA.COLUMNS WHERE TABLE_NAME='DIM_SKUASSET'and TABLE_SCHEMA='MASTER_DIMENSIONS'
Column names for RAW Table --> ST_API_SKUASSET :: [ISEXTERNAL, IMPORTID, ACTIVE, ORIGINALNAME, ALIAS, CREATEDBY_ID, ID, OWNER_ID, URL, METADATA, TYPE, CREATEDON, EXTERNALURL, TENANT_TYPE]
Column names for DataMart Table --> STR_API_SKUASSET :: [ACTIVE, ACTIVE_FLAG, EXTERNALURL, ISEXTERNAL, TENANT_TYPE, METADATA, ORIGINALNAME, CREATEDBY_ID, TYPE, IMPORTID, MASTER_ID, ALIAS, CREATEDON, RECORD_CREATE_DATE, RECORD_UPDATE_DATE, ID, OWNER_ID, URL]
Column names for Curated Table --> DIM_SKUASSET :: [EXTERNALURL, ORIGINALNAME, TENANT_TYPE, RECORD_UPDATE_DATE, ID, ISEXTERNAL, RECORD_CREATE_DATE, ALIAS, CREATEDON, RECORD_UPDATED_BY, TYPE, ACTIVE, CREATEDBY_ID, OWNER_ID, METADATA, URL, IMPORTID]
Column Name found in Datamart and Curated Table :: ISEXTERNAL
Column Name found in Datamart and Curated Table :: IMPORTID
Column Name found in Datamart and Curated Table :: ACTIVE
Column Name found in Datamart and Curated Table :: ORIGINALNAME
Column Name found in Datamart and Curated Table :: ALIAS
Column Name found in Datamart and Curated Table :: CREATEDBY_ID
Column Name found in Datamart and Curated Table :: ID
Column Name found in Datamart and Curated Table :: OWNER_ID
Column Name found in Datamart and Curated Table :: URL
Column Name found in Datamart and Curated Table :: METADATA
Column Name found in Datamart and Curated Table :: TYPE
Column Name found in Datamart and Curated Table :: CREATEDON
Column Name found in Datamart and Curated Table :: EXTERNALURL
Column Name found in Datamart and Curated Table :: TENANT_TYPE
Datamart tables contains additional column name like [ACTIVE_FLAG, RECORD_CREATE_DATE, RECORD_UPDATE_DATE, MASTER_ID]
Curated tables contains additional column name like [RECORD_CREATE_DATE, RECORD_UPDATE_DATE, RECORD_UPDATED_BY]]]>
  </system-out>
  <testcase classname="testcases.RAW_DATAMART_CURATED.SnowFlake_ColumnValidation_APITables" name="validateColumnName_BKP" time="2.555"/>
  <system-out>
    <![CDATA[Executing Snowflake query :: SELECT COLUMN_NAME FROM DEV_ENT_RAW.INFORMATION_SCHEMA.COLUMNS WHERE TABLE_NAME='ST_API_LEAD'and TABLE_SCHEMA='API_MAT'
Executing Snowflake query :: SELECT COLUMN_NAME FROM CURATED_DATAMART.INFORMATION_SCHEMA.COLUMNS WHERE TABLE_NAME='STR_API_LEAD'and TABLE_SCHEMA='ST_API_SNELLHEATINGAIR'
Executing Snowflake query :: SELECT COLUMN_NAME FROM DEV_ENT_CURATED.INFORMATION_SCHEMA.COLUMNS WHERE TABLE_NAME='DIM_LEAD'and TABLE_SCHEMA='MASTER_DIMENSIONS'
Column names for RAW Table --> ST_API_LEAD :: [CREATEDBY_ID, ID, CREATEDON, PRIORITY, PROJECT_ID, STATUS, ESTIMATE_ID, JOBTYPE_ID, MODIFIEDON, SUMMARY, CUSTOMER_ID, LOCATION_ID, CAMPAIGN_ID, LATESTFOLLOWUPDATE, ACTIVE, BUSINESSUNIT_ID, IMPORTID, TENANT_TYPE]
Column names for DataMart Table --> STR_API_LEAD :: [ACTIVE, ACTIVE_FLAG, ID, IMPORTID, LOCATION_ID, PRIORITY, RECORD_CREATE_DATE, MODIFIEDON, ESTIMATE_ID, MASTER_ID, RECORD_UPDATE_DATE, CAMPAIGN_ID, SUMMARY, TENANT_TYPE, CREATEDON, BUSINESSUNIT_ID, LATESTFOLLOWUPDATE, STATUS, MD5_VALUE, CUSTOMER_ID, CREATEDBY_ID, PROJECT_ID, JOBTYPE_ID]
Column names for Curated Table --> DIM_LEAD :: [PRIORITY, ESTIMATE_ID, MD5_VALUE, MODIFIEDON, TENANT_TYPE, RECORD_UPDATED_BY, CUSTOMER_ID, PROJECT_ID, RECORD_CREATE_DATE, IMPORTID, STATUS, ACTIVE, BUSINESSUNIT_ID, CAMPAIGN_ID, CREATEDON, JOBTYPE_ID, LOCATION_ID, RECORD_UPDATE_DATE, CREATEDBY_ID, ID, LATESTFOLLOWUPDATE, SUMMARY]
Column Name found in Datamart and Curated Table :: CREATEDBY_ID
Column Name found in Datamart and Curated Table :: ID
Column Name found in Datamart and Curated Table :: CREATEDON
Column Name found in Datamart and Curated Table :: PRIORITY
Column Name found in Datamart and Curated Table :: PROJECT_ID
Column Name found in Datamart and Curated Table :: STATUS
Column Name found in Datamart and Curated Table :: ESTIMATE_ID
Column Name found in Datamart and Curated Table :: JOBTYPE_ID
Column Name found in Datamart and Curated Table :: MODIFIEDON
Column Name found in Datamart and Curated Table :: SUMMARY
Column Name found in Datamart and Curated Table :: CUSTOMER_ID
Column Name found in Datamart and Curated Table :: LOCATION_ID
Column Name found in Datamart and Curated Table :: CAMPAIGN_ID
Column Name found in Datamart and Curated Table :: LATESTFOLLOWUPDATE
Column Name found in Datamart and Curated Table :: ACTIVE
Column Name found in Datamart and Curated Table :: BUSINESSUNIT_ID
Column Name found in Datamart and Curated Table :: IMPORTID
Column Name found in Datamart and Curated Table :: TENANT_TYPE
Datamart tables contains additional column name like [ACTIVE_FLAG, RECORD_CREATE_DATE, RECORD_UPDATE_DATE, MASTER_ID]
Curated tables contains additional column name like [RECORD_CREATE_DATE, RECORD_UPDATE_DATE, RECORD_UPDATED_BY]]]>
  </system-out>
  <testcase classname="testcases.RAW_DATAMART_CURATED.SnowFlake_ColumnValidation_APITables" name="validateColumnName_BKP" time="2.092"/>
  <system-out>
    <![CDATA[Executing Snowflake query :: SELECT COLUMN_NAME FROM DEV_ENT_RAW.INFORMATION_SCHEMA.COLUMNS WHERE TABLE_NAME='ST_API_TAGTYPE'and TABLE_SCHEMA='API_MAT'
Executing Snowflake query :: SELECT COLUMN_NAME FROM CURATED_DATAMART.INFORMATION_SCHEMA.COLUMNS WHERE TABLE_NAME='STR_API_TAGTYPE'and TABLE_SCHEMA='ST_API_FOURPROS'
Executing Snowflake query :: SELECT COLUMN_NAME FROM DEV_ENT_CURATED.INFORMATION_SCHEMA.COLUMNS WHERE TABLE_NAME='DIM_TAGTYPE'and TABLE_SCHEMA='MASTER_DIMENSIONS'
Column names for RAW Table --> ST_API_TAGTYPE :: [ID, ISVISIBLEONDISPATCHBOARD, CODE, COLOR, ISALWAYSVISIBLE, ACTIVE, MODIFIEDON, CREATEDON, IMPORTANCE, FONTCOLOR, ISCONVERSIONOPPORTUNITY, NAME, CREATEDBY_ID, IMPORTID, PROJECTEDVALUEADJUSTMENT, TENANT_TYPE]
Column names for DataMart Table --> STR_API_TAGTYPE :: [ACTIVE_FLAG, MASTER_ID, IMPORTANCE, IMPORTID, ISCONVERSIONOPPORTUNITY, MODIFIEDON, ISALWAYSVISIBLE, CODE, FONTCOLOR, NAME, RECORD_UPDATE_DATE, COLOR, CREATEDON, PROJECTEDVALUEADJUSTMENT, TENANT_TYPE, RECORD_CREATE_DATE, ACTIVE, CREATEDBY_ID, ID, ISVISIBLEONDISPATCHBOARD]
Column names for Curated Table --> DIM_TAGTYPE :: [ACTIVE, CODE, FONTCOLOR, IMPORTANCE, TENANT_TYPE, NAME, CREATEDBY_ID, ID, MODIFIEDON, RECORD_UPDATED_BY, COLOR, CREATEDON, RECORD_UPDATE_DATE, ISCONVERSIONOPPORTUNITY, PROJECTEDVALUEADJUSTMENT, RECORD_CREATE_DATE, ISALWAYSVISIBLE, IMPORTID, ISVISIBLEONDISPATCHBOARD]
Column Name found in Datamart and Curated Table :: ID
Column Name found in Datamart and Curated Table :: ISVISIBLEONDISPATCHBOARD
Column Name found in Datamart and Curated Table :: CODE
Column Name found in Datamart and Curated Table :: COLOR
Column Name found in Datamart and Curated Table :: ISALWAYSVISIBLE
Column Name found in Datamart and Curated Table :: ACTIVE
Column Name found in Datamart and Curated Table :: MODIFIEDON
Column Name found in Datamart and Curated Table :: CREATEDON
Column Name found in Datamart and Curated Table :: IMPORTANCE
Column Name found in Datamart and Curated Table :: FONTCOLOR
Column Name found in Datamart and Curated Table :: ISCONVERSIONOPPORTUNITY
Column Name found in Datamart and Curated Table :: NAME
Column Name found in Datamart and Curated Table :: CREATEDBY_ID
Column Name found in Datamart and Curated Table :: IMPORTID
Column Name found in Datamart and Curated Table :: PROJECTEDVALUEADJUSTMENT
Column Name found in Datamart and Curated Table :: TENANT_TYPE
Datamart tables contains additional column name like [ACTIVE_FLAG, RECORD_CREATE_DATE, RECORD_UPDATE_DATE, MASTER_ID]
Curated tables contains additional column name like [RECORD_CREATE_DATE, RECORD_UPDATE_DATE, RECORD_UPDATED_BY]]]>
  </system-out>
  <testcase classname="testcases.RAW_DATAMART_CURATED.SnowFlake_ColumnValidation_APITables" name="validateColumnName_BKP" time="2.668"/>
  <system-out>
    <![CDATA[Executing Snowflake query :: SELECT COLUMN_NAME FROM DEV_ENT_RAW.INFORMATION_SCHEMA.COLUMNS WHERE TABLE_NAME='ST_API_JOBTYPE'and TABLE_SCHEMA='API_MAT'
Executing Snowflake query :: SELECT COLUMN_NAME FROM CURATED_DATAMART.INFORMATION_SCHEMA.COLUMNS WHERE TABLE_NAME='STR_API_JOBTYPE'and TABLE_SCHEMA='ST_API_SNELLHEATINGAIR'
Executing Snowflake query :: SELECT COLUMN_NAME FROM DEV_ENT_CURATED.INFORMATION_SCHEMA.COLUMNS WHERE TABLE_NAME='DIM_JOBTYPE'and TABLE_SCHEMA='MASTER_DIMENSIONS'
Column names for RAW Table --> ST_API_JOBTYPE :: [ACTIVE, COMPSTANDARDRATE, ENFORCERECURRINGSERVICEEVENTSELECTION, COMPDOUBLEOVERTIMERATE, COMPOVERTIMERATE, MODIFIEDON, IMAGE, ISAUTODISPATCHED, ISTUNEUP, NAME, CLASS, PRIORITY, IMPORTID, SOLDTHRESHOLD, NOCHARGE, CREATEDBY_ID, CREATEDON, MAXIMUMMATERIALCOSTINPERCENT, PROJECTEDVALUEADJUSTMENT, ID, DURATION, COMPCODE, MINIMUMMATERIALCOSTINPERCENT, SUMMARY, PROJECTLABELS, LIKELIHOOD, TENANT_TYPE]
Column names for DataMart Table --> STR_API_JOBTYPE :: [ACTIVE_FLAG, CREATEDBY_ID, MINIMUMMATERIALCOSTINPERCENT, PRIORITY, SOLDTHRESHOLD, PROJECTEDVALUEADJUSTMENT, COMPCODE, MASTER_ID, IMPORTID, ISAUTODISPATCHED, MAXIMUMMATERIALCOSTINPERCENT, NAME, PROJECTLABELS, ACTIVE, CLASS, COMPOVERTIMERATE, COMPSTANDARDRATE, ID, RECORD_UPDATE_DATE, MODIFIEDON, ENFORCERECURRINGSERVICEEVENTSELECTION, TENANT_TYPE, COMPDOUBLEOVERTIMERATE, CREATEDON, RECORD_CREATE_DATE, DURATION, IMAGE, NOCHARGE, SUMMARY, ISTUNEUP, LIKELIHOOD]
Column names for Curated Table --> DIM_JOBTYPE :: [COMPOVERTIMERATE, PROJECTLABELS, RECORD_UPDATED_BY, MAXIMUMMATERIALCOSTINPERCENT, SUMMARY, NAME, COMPDOUBLEOVERTIMERATE, CREATEDBY_ID, DURATION, ISAUTODISPATCHED, RECORD_UPDATE_DATE, COMPSTANDARDRATE, NOCHARGE, IMPORTID, TENANT_TYPE, ACTIVE, ENFORCERECURRINGSERVICEEVENTSELECTION, ID, ISSMARTDISPATCHEDBYDEFAULTINAPI, ISTUNEUP, CLASS, COMPCODE, MINIMUMMATERIALCOSTINPERCENT, PRIORITY, CREATEDON, LIKELIHOOD, RECORD_CREATE_DATE, SOLDTHRESHOLD, IMAGE, MODIFIEDON, PROJECTEDVALUEADJUSTMENT]
Column Name found in Datamart and Curated Table :: ACTIVE
Column Name found in Datamart and Curated Table :: COMPSTANDARDRATE
Column Name found in Datamart and Curated Table :: ENFORCERECURRINGSERVICEEVENTSELECTION
Column Name found in Datamart and Curated Table :: COMPDOUBLEOVERTIMERATE
Column Name found in Datamart and Curated Table :: COMPOVERTIMERATE
Column Name found in Datamart and Curated Table :: MODIFIEDON
Column Name found in Datamart and Curated Table :: IMAGE
Column Name found in Datamart and Curated Table :: ISAUTODISPATCHED
Column Name found in Datamart and Curated Table :: ISTUNEUP
Column Name found in Datamart and Curated Table :: NAME
Column Name found in Datamart and Curated Table :: CLASS
Column Name found in Datamart and Curated Table :: PRIORITY
Column Name found in Datamart and Curated Table :: IMPORTID
Column Name found in Datamart and Curated Table :: SOLDTHRESHOLD
Column Name found in Datamart and Curated Table :: NOCHARGE
Column Name found in Datamart and Curated Table :: CREATEDBY_ID
Column Name found in Datamart and Curated Table :: CREATEDON
Column Name found in Datamart and Curated Table :: MAXIMUMMATERIALCOSTINPERCENT
Column Name found in Datamart and Curated Table :: PROJECTEDVALUEADJUSTMENT
Column Name found in Datamart and Curated Table :: ID
Column Name found in Datamart and Curated Table :: DURATION
Column Name found in Datamart and Curated Table :: COMPCODE
Column Name found in Datamart and Curated Table :: MINIMUMMATERIALCOSTINPERCENT
Column Name found in Datamart and Curated Table :: SUMMARY
Column Name found in Datamart and Curated Table :: PROJECTLABELS
Column Name found in Datamart and Curated Table :: LIKELIHOOD
Column Name found in Datamart and Curated Table :: TENANT_TYPE
Datamart tables contains additional column name like [ACTIVE_FLAG, RECORD_CREATE_DATE, RECORD_UPDATE_DATE, MASTER_ID]
Curated tables contains additional column name like [RECORD_CREATE_DATE, RECORD_UPDATE_DATE, RECORD_UPDATED_BY]]]>
  </system-out>
  <testcase classname="testcases.RAW_DATAMART_CURATED.SnowFlake_ColumnValidation_APITables" name="validateColumnName_BKP" time="6.342"/>
  <system-out>
    <![CDATA[Executing Snowflake query :: SELECT COLUMN_NAME FROM DEV_ENT_RAW.INFORMATION_SCHEMA.COLUMNS WHERE TABLE_NAME='ST_API_CATEGORY'and TABLE_SCHEMA='API_MAT'
Executing Snowflake query :: SELECT COLUMN_NAME FROM CURATED_DATAMART.INFORMATION_SCHEMA.COLUMNS WHERE TABLE_NAME='STR_API_CATEGORY'and TABLE_SCHEMA='ST_API_HORIZONSERVICES'
Executing Snowflake query :: SELECT COLUMN_NAME FROM DEV_ENT_CURATED.INFORMATION_SCHEMA.COLUMNS WHERE TABLE_NAME='DIM_CATEGORY'and TABLE_SCHEMA='MASTER_DIMENSIONS'
Column names for RAW Table --> ST_API_CATEGORY :: [SOURCEVERSION, SUPPLIERIMAGES, CREATEDBY_ID, CREATEDON, IMAGE, CATEGORYTYPE, HIDEINMOBILE, ID, IMPORTID, PARENT_ID, BUSINESSUNIT_ID, SOURCE, ACTIVE, AVALARACOMMERCIALTAXCODE, DESCRIPTION, AVALARARESIDENTIALTAXCODE, NAME, SKUIMAGES, POSITION, EXTERNALID, TENANT_TYPE]
Column names for DataMart Table --> STR_API_CATEGORY :: [SOURCEVERSION, ACTIVE_FLAG, CREATEDON, IMPORTID, POSITION, NAME, MASTER_ID, HIDEINMOBILE, AVALARACOMMERCIALTAXCODE, BUSINESSUNIT_ID, CATEGORYTYPE, SUPPLIERIMAGES, ID, ACTIVE, IMAGE, SKUIMAGES, SOURCE, AVALARARESIDENTIALTAXCODE, CREATEDBY_ID, RECORD_CREATE_DATE, TENANT_TYPE, EXTERNALID, DESCRIPTION, PARENT_ID, RECORD_UPDATE_DATE]
Column names for Curated Table --> DIM_CATEGORY :: [AVALARARESIDENTIALTAXCODE, POSITION, SOURCEVERSION, IMAGE, ACTIVE, IMPORTID, NAME, SKUIMAGES, CREATEDBY_ID, PARENT_ID, SOURCE, DESCRIPTION, EXTERNALID, SUPPLIERIMAGES, AVALARACOMMERCIALTAXCODE, BUSINESSUNIT_ID, CATEGORYTYPE, ID, RECORD_UPDATE_DATE, TENANT_TYPE, RECORD_UPDATED_BY, CREATEDON, HIDEINMOBILE, RECORD_CREATE_DATE]
Column Name found in Datamart and Curated Table :: SOURCEVERSION
Column Name found in Datamart and Curated Table :: SUPPLIERIMAGES
Column Name found in Datamart and Curated Table :: CREATEDBY_ID
Column Name found in Datamart and Curated Table :: CREATEDON
Column Name found in Datamart and Curated Table :: IMAGE
Column Name found in Datamart and Curated Table :: CATEGORYTYPE
Column Name found in Datamart and Curated Table :: HIDEINMOBILE
Column Name found in Datamart and Curated Table :: ID
Column Name found in Datamart and Curated Table :: IMPORTID
Column Name found in Datamart and Curated Table :: PARENT_ID
Column Name found in Datamart and Curated Table :: BUSINESSUNIT_ID
Column Name found in Datamart and Curated Table :: SOURCE
Column Name found in Datamart and Curated Table :: ACTIVE
Column Name found in Datamart and Curated Table :: AVALARACOMMERCIALTAXCODE
Column Name found in Datamart and Curated Table :: DESCRIPTION
Column Name found in Datamart and Curated Table :: AVALARARESIDENTIALTAXCODE
Column Name found in Datamart and Curated Table :: NAME
Column Name found in Datamart and Curated Table :: SKUIMAGES
Column Name found in Datamart and Curated Table :: POSITION
Column Name found in Datamart and Curated Table :: EXTERNALID
Column Name found in Datamart and Curated Table :: TENANT_TYPE
Datamart tables contains additional column name like [ACTIVE_FLAG, RECORD_CREATE_DATE, RECORD_UPDATE_DATE, MASTER_ID]
Curated tables contains additional column name like [RECORD_CREATE_DATE, RECORD_UPDATE_DATE, RECORD_UPDATED_BY]]]>
  </system-out>
  <testcase classname="testcases.RAW_DATAMART_CURATED.SnowFlake_ColumnValidation_APITables" name="validateColumnName_BKP" time="3.262"/>
  <system-out>
    <![CDATA[Executing Snowflake query :: SELECT COLUMN_NAME FROM DEV_ENT_RAW.INFORMATION_SCHEMA.COLUMNS WHERE TABLE_NAME='ST_API_TAGTYPE'and TABLE_SCHEMA='API_MAT'
Executing Snowflake query :: SELECT COLUMN_NAME FROM CURATED_DATAMART.INFORMATION_SCHEMA.COLUMNS WHERE TABLE_NAME='STR_API_TAGTYPE'and TABLE_SCHEMA='ST_API_HORIZONSERVICES'
Executing Snowflake query :: SELECT COLUMN_NAME FROM DEV_ENT_CURATED.INFORMATION_SCHEMA.COLUMNS WHERE TABLE_NAME='DIM_TAGTYPE'and TABLE_SCHEMA='MASTER_DIMENSIONS'
Column names for RAW Table --> ST_API_TAGTYPE :: [ID, ISVISIBLEONDISPATCHBOARD, CODE, COLOR, ISALWAYSVISIBLE, ACTIVE, MODIFIEDON, CREATEDON, IMPORTANCE, FONTCOLOR, ISCONVERSIONOPPORTUNITY, NAME, CREATEDBY_ID, IMPORTID, PROJECTEDVALUEADJUSTMENT, TENANT_TYPE]
Column names for DataMart Table --> STR_API_TAGTYPE :: [ID, IMPORTANCE, MASTER_ID, ISVISIBLEONDISPATCHBOARD, PROJECTEDVALUEADJUSTMENT, TENANT_TYPE, CODE, CREATEDBY_ID, NAME, ACTIVE, COLOR, FONTCOLOR, ISALWAYSVISIBLE, CREATEDON, ACTIVE_FLAG, IMPORTID, ISCONVERSIONOPPORTUNITY, MODIFIEDON, RECORD_CREATE_DATE, RECORD_UPDATE_DATE]
Column names for Curated Table --> DIM_TAGTYPE :: [ACTIVE, CODE, FONTCOLOR, IMPORTANCE, TENANT_TYPE, NAME, CREATEDBY_ID, ID, MODIFIEDON, RECORD_UPDATED_BY, COLOR, CREATEDON, RECORD_UPDATE_DATE, ISCONVERSIONOPPORTUNITY, PROJECTEDVALUEADJUSTMENT, RECORD_CREATE_DATE, ISALWAYSVISIBLE, IMPORTID, ISVISIBLEONDISPATCHBOARD]
Column Name found in Datamart and Curated Table :: ID
Column Name found in Datamart and Curated Table :: ISVISIBLEONDISPATCHBOARD
Column Name found in Datamart and Curated Table :: CODE
Column Name found in Datamart and Curated Table :: COLOR
Column Name found in Datamart and Curated Table :: ISALWAYSVISIBLE
Column Name found in Datamart and Curated Table :: ACTIVE
Column Name found in Datamart and Curated Table :: MODIFIEDON
Column Name found in Datamart and Curated Table :: CREATEDON
Column Name found in Datamart and Curated Table :: IMPORTANCE
Column Name found in Datamart and Curated Table :: FONTCOLOR
Column Name found in Datamart and Curated Table :: ISCONVERSIONOPPORTUNITY
Column Name found in Datamart and Curated Table :: NAME
Column Name found in Datamart and Curated Table :: CREATEDBY_ID
Column Name found in Datamart and Curated Table :: IMPORTID
Column Name found in Datamart and Curated Table :: PROJECTEDVALUEADJUSTMENT
Column Name found in Datamart and Curated Table :: TENANT_TYPE
Datamart tables contains additional column name like [ACTIVE_FLAG, RECORD_CREATE_DATE, RECORD_UPDATE_DATE, MASTER_ID]
Curated tables contains additional column name like [RECORD_CREATE_DATE, RECORD_UPDATE_DATE, RECORD_UPDATED_BY]]]>
  </system-out>
  <testcase classname="testcases.RAW_DATAMART_CURATED.SnowFlake_ColumnValidation_APITables" name="validateColumnName_BKP" time="3.176"/>
  <system-out>
    <![CDATA[Executing Snowflake query :: SELECT COLUMN_NAME FROM DEV_ENT_RAW.INFORMATION_SCHEMA.COLUMNS WHERE TABLE_NAME='ST_API_MATERIALVENDOR'and TABLE_SCHEMA='API_MAT'
Executing Snowflake query :: SELECT COLUMN_NAME FROM CURATED_DATAMART.INFORMATION_SCHEMA.COLUMNS WHERE TABLE_NAME='STR_API_MATERIALVENDOR'and TABLE_SCHEMA='ST_API_HUTCHINSON'
Executing Snowflake query :: SELECT COLUMN_NAME FROM DEV_ENT_CURATED.INFORMATION_SCHEMA.COLUMNS WHERE TABLE_NAME='DIM_MATERIALVENDOR'and TABLE_SCHEMA='MASTER_DIMENSIONS'
Column names for RAW Table --> ST_API_MATERIALVENDOR :: [ACTIVE, CREATEDON, MEMO, VENDOR_ID, CREATEDBY_ID, COST, ID, ISPRIMARY, IMPORTID, PRIMARYSUBACCOUNT_ID, MATERIAL_ID, PARTNUMBER, TENANT_TYPE]
Column names for DataMart Table --> STR_API_MATERIALVENDOR :: [COST, IMPORTID, MASTER_ID, PARTNUMBER, ID, ACTIVE_FLAG, ISPRIMARY, VENDOR_ID, ACTIVE, CREATEDBY_ID, CREATEDON, MEMO, PRIMARYSUBACCOUNT_ID, RECORD_CREATE_DATE, MATERIAL_ID, RECORD_UPDATE_DATE, TENANT_TYPE]
Column names for Curated Table --> DIM_MATERIALVENDOR :: [ID, MATERIAL_ID, ACTIVE, COST, CREATEDBY_ID, IMPORTID, ISPRIMARY, PRIMARYSUBACCOUNT_ID, RECORD_UPDATE_DATE, TENANT_TYPE, MEMO, RECORD_UPDATED_BY, VENDOR_ID, CREATEDON, PARTNUMBER, RECORD_CREATE_DATE]
Column Name found in Datamart and Curated Table :: ACTIVE
Column Name found in Datamart and Curated Table :: CREATEDON
Column Name found in Datamart and Curated Table :: MEMO
Column Name found in Datamart and Curated Table :: VENDOR_ID
Column Name found in Datamart and Curated Table :: CREATEDBY_ID
Column Name found in Datamart and Curated Table :: COST
Column Name found in Datamart and Curated Table :: ID
Column Name found in Datamart and Curated Table :: ISPRIMARY
Column Name found in Datamart and Curated Table :: IMPORTID
Column Name found in Datamart and Curated Table :: PRIMARYSUBACCOUNT_ID
Column Name found in Datamart and Curated Table :: MATERIAL_ID
Column Name found in Datamart and Curated Table :: PARTNUMBER
Column Name found in Datamart and Curated Table :: TENANT_TYPE
Datamart tables contains additional column name like [ACTIVE_FLAG, RECORD_CREATE_DATE, RECORD_UPDATE_DATE, MASTER_ID]
Curated tables contains additional column name like [RECORD_CREATE_DATE, RECORD_UPDATE_DATE, RECORD_UPDATED_BY]]]>
  </system-out>
  <testcase classname="testcases.RAW_DATAMART_CURATED.SnowFlake_ColumnValidation_APITables" name="validateColumnName_BKP" time="2.390"/>
  <system-out>
    <![CDATA[Executing Snowflake query :: SELECT COLUMN_NAME FROM DEV_ENT_RAW.INFORMATION_SCHEMA.COLUMNS WHERE TABLE_NAME='ST_API_PURCHASEORDER'and TABLE_SCHEMA='API_MAT'
Executing Snowflake query :: SELECT COLUMN_NAME FROM CURATED_DATAMART.INFORMATION_SCHEMA.COLUMNS WHERE TABLE_NAME='STR_API_PURCHASEORDER'and TABLE_SCHEMA='ST_API_BILLFENWICK'
Executing Snowflake query :: SELECT COLUMN_NAME FROM DEV_ENT_CURATED.INFORMATION_SCHEMA.COLUMNS WHERE TABLE_NAME='DIM_PURCHASEORDER'and TABLE_SCHEMA='MASTER_DIMENSIONS'
Column names for RAW Table --> ST_API_PURCHASEORDER :: [CANCELEDBY_ID, CANCELEDREASON, INVENTORYLOCATION_ID, POVENDOR_ID, SHIPTO_CITY, SHIPTO_LATITUDE, STATUS, TECHNICIAN_ID, AMOUNT, BUSINESSUNIT_ID, CREATEDBY_ID, ISTIMEANDMATERIAL, SENDSTATUS, SHIPPING, SHIPTO_UNIT, TAXSCHEMA, TRUCK_ID, TYPE_ID, VENDORINVOICENUMBER, PROJECTLABELS, SHIPTO_COUNTRY, EXPORTID, MARKUP, SHIPTO_STREET, IMPORTID, NUMBER, TAX, TAXRATE, VENDOR, CANCELEDON, CREATEDON, DATE, MODIFIEDON, ERRORMESSAGE, REQUIREDON, SHIPTO_LONGITUDE, ACTIVE, REQUISITION_ID, SHIPTO_ISMILITARY, GROUPINGOPTION, PROJECT_ID, SENDINGMETHOD, SHIPTO_ZIP, RECEIVEDON, SUMMARY, BATCH_ID, EXTERNALID, ID, INVOICE_ID, JOB_ID, NOCHARGE, SHIPTO_ISMANUALCOORDINATES, SHIPTO_STATE, SENTON, SHIPTODESCRIPTION, TENANT_TYPE]
Column names for DataMart Table --> STR_API_PURCHASEORDER :: [ACTIVE, ID, MASTER_ID, RECORD_UPDATE_DATE, TECHNICIAN_ID, REQUISITION_ID, TRUCK_ID, CANCELEDREASON, EXTERNALID, SHIPTO_ZIP, SHIPTODESCRIPTION, VENDOR, BATCH_ID, EXPORTID, ISTIMEANDMATERIAL, SENDINGMETHOD, SHIPTO_LONGITUDE, MARKUP, SHIPTO_STREET, SENTON, GROUPINGOPTION, INVOICE_ID, PROJECTLABELS, TAXRATE, VENDORINVOICENUMBER, SHIPTO_UNIT, TYPE_ID, DATE, SHIPTO_ISMANUALCOORDINATES, IMPORTID, NOCHARGE, SHIPPING, STATUS, BUSINESSUNIT_ID, SUMMARY, CANCELEDON, JOB_ID, MODIFIEDON, SENDSTATUS, SHIPTO_CITY, SHIPTO_COUNTRY, SHIPTO_STATE, TAXSCHEMA, CREATEDON, POVENDOR_ID, TENANT_TYPE, ACTIVE_FLAG, AMOUNT, RECORD_CREATE_DATE, SHIPTO_LATITUDE, REQUIREDON, ROLLEDOVERFROMPURCHASEORDER_ID, INVENTORYLOCATION_ID, CANCELEDBY_ID, CREATEDBY_ID, NUMBER, SHIPTO_ISMILITARY, ERRORMESSAGE, PROJECT_ID, RECEIVEDON, TAX]
Column names for Curated Table --> DIM_PURCHASEORDER :: [ACTIVE, CANCELEDBY_ID, CANCELEDON, RECORD_CREATE_DATE, TRUCK_ID, ROLLEDOVERFROMPURCHASEORDER_ID, SHIPTO_LONGITUDE, TAXSCHEMA, BUSINESSUNIT_ID, POVENDOR_ID, SHIPTO_ISMANUALCOORDINATES, SHIPTO_ISMILITARY, CREATEDON, RECORD_UPDATE_DATE, NUMBER, AMOUNT, DATE, ERRORMESSAGE, EXPORTID, GROUPINGOPTION, INVOICE_ID, MODIFIEDON, PROJECT_ID, SHIPTO_COUNTRY, STATUS, RECORD_UPDATED_BY, TECHNICIAN_ID, SHIPTO_STATE, MARKUP, REQUISITION_ID, SENDSTATUS, SHIPTO_LATITUDE, SHIPTO_STREET, INVENTORYLOCATION_ID, TYPE_ID, BATCH_ID, CREATEDBY_ID, SENTON, PROJECTLABELS, SENDINGMETHOD, SHIPTO_CITY, TAXRATE, EXTERNALID, ID, TAX, VENDOR, IMPORTID, NOCHARGE, SHIPTO_ZIP, SUMMARY, TENANT_TYPE, SHIPPING, CANCELEDREASON, ISTIMEANDMATERIAL, JOB_ID, RECEIVEDON, SHIPTODESCRIPTION, SHIPTO_UNIT, VENDORINVOICENUMBER, REQUIREDON]
Column Name found in Datamart and Curated Table :: CANCELEDBY_ID
Column Name found in Datamart and Curated Table :: CANCELEDREASON
Column Name found in Datamart and Curated Table :: INVENTORYLOCATION_ID
Column Name found in Datamart and Curated Table :: POVENDOR_ID
Column Name found in Datamart and Curated Table :: SHIPTO_CITY
Column Name found in Datamart and Curated Table :: SHIPTO_LATITUDE
Column Name found in Datamart and Curated Table :: STATUS
Column Name found in Datamart and Curated Table :: TECHNICIAN_ID
Column Name found in Datamart and Curated Table :: AMOUNT
Column Name found in Datamart and Curated Table :: BUSINESSUNIT_ID
Column Name found in Datamart and Curated Table :: CREATEDBY_ID
Column Name found in Datamart and Curated Table :: ISTIMEANDMATERIAL
Column Name found in Datamart and Curated Table :: SENDSTATUS
Column Name found in Datamart and Curated Table :: SHIPPING
Column Name found in Datamart and Curated Table :: SHIPTO_UNIT
Column Name found in Datamart and Curated Table :: TAXSCHEMA
Column Name found in Datamart and Curated Table :: TRUCK_ID
Column Name found in Datamart and Curated Table :: TYPE_ID
Column Name found in Datamart and Curated Table :: VENDORINVOICENUMBER
Column Name found in Datamart and Curated Table :: PROJECTLABELS
Column Name found in Datamart and Curated Table :: SHIPTO_COUNTRY
Column Name found in Datamart and Curated Table :: EXPORTID
Column Name found in Datamart and Curated Table :: MARKUP
Column Name found in Datamart and Curated Table :: SHIPTO_STREET
Column Name found in Datamart and Curated Table :: IMPORTID
Column Name found in Datamart and Curated Table :: NUMBER
Column Name found in Datamart and Curated Table :: TAX
Column Name found in Datamart and Curated Table :: TAXRATE
Column Name found in Datamart and Curated Table :: VENDOR
Column Name found in Datamart and Curated Table :: CANCELEDON
Column Name found in Datamart and Curated Table :: CREATEDON
Column Name found in Datamart and Curated Table :: DATE
Column Name found in Datamart and Curated Table :: MODIFIEDON
Column Name found in Datamart and Curated Table :: ERRORMESSAGE
Column Name found in Datamart and Curated Table :: REQUIREDON
Column Name found in Datamart and Curated Table :: SHIPTO_LONGITUDE
Column Name found in Datamart and Curated Table :: ACTIVE
Column Name found in Datamart and Curated Table :: REQUISITION_ID
Column Name found in Datamart and Curated Table :: SHIPTO_ISMILITARY
Column Name found in Datamart and Curated Table :: GROUPINGOPTION
Column Name found in Datamart and Curated Table :: PROJECT_ID
Column Name found in Datamart and Curated Table :: SENDINGMETHOD
Column Name found in Datamart and Curated Table :: SHIPTO_ZIP
Column Name found in Datamart and Curated Table :: RECEIVEDON
Column Name found in Datamart and Curated Table :: SUMMARY
Column Name found in Datamart and Curated Table :: BATCH_ID
Column Name found in Datamart and Curated Table :: EXTERNALID
Column Name found in Datamart and Curated Table :: ID
Column Name found in Datamart and Curated Table :: INVOICE_ID
Column Name found in Datamart and Curated Table :: JOB_ID
Column Name found in Datamart and Curated Table :: NOCHARGE
Column Name found in Datamart and Curated Table :: SHIPTO_ISMANUALCOORDINATES
Column Name found in Datamart and Curated Table :: SHIPTO_STATE
Column Name found in Datamart and Curated Table :: SENTON
Column Name found in Datamart and Curated Table :: SHIPTODESCRIPTION
Column Name found in Datamart and Curated Table :: TENANT_TYPE
Datamart tables contains additional column name like [ACTIVE_FLAG, RECORD_CREATE_DATE, RECORD_UPDATE_DATE, MASTER_ID]
Curated tables contains additional column name like [RECORD_CREATE_DATE, RECORD_UPDATE_DATE, RECORD_UPDATED_BY]]]>
  </system-out>
  <testcase classname="testcases.RAW_DATAMART_CURATED.SnowFlake_ColumnValidation_APITables" name="validateColumnName_BKP" time="7.431"/>
  <system-out>
    <![CDATA[Executing Snowflake query :: SELECT COLUMN_NAME FROM DEV_ENT_RAW.INFORMATION_SCHEMA.COLUMNS WHERE TABLE_NAME='ST_API_PURCHASEORDER'and TABLE_SCHEMA='API_MAT'
Executing Snowflake query :: SELECT COLUMN_NAME FROM CURATED_DATAMART.INFORMATION_SCHEMA.COLUMNS WHERE TABLE_NAME='STR_API_PURCHASEORDER'and TABLE_SCHEMA='ST_API_MAITZ'
Executing Snowflake query :: SELECT COLUMN_NAME FROM DEV_ENT_CURATED.INFORMATION_SCHEMA.COLUMNS WHERE TABLE_NAME='DIM_PURCHASEORDER'and TABLE_SCHEMA='MASTER_DIMENSIONS'
Column names for RAW Table --> ST_API_PURCHASEORDER :: [CANCELEDBY_ID, CANCELEDREASON, INVENTORYLOCATION_ID, POVENDOR_ID, SHIPTO_CITY, SHIPTO_LATITUDE, STATUS, TECHNICIAN_ID, AMOUNT, BUSINESSUNIT_ID, CREATEDBY_ID, ISTIMEANDMATERIAL, SENDSTATUS, SHIPPING, SHIPTO_UNIT, TAXSCHEMA, TRUCK_ID, TYPE_ID, VENDORINVOICENUMBER, PROJECTLABELS, SHIPTO_COUNTRY, EXPORTID, MARKUP, SHIPTO_STREET, IMPORTID, NUMBER, TAX, TAXRATE, VENDOR, CANCELEDON, CREATEDON, DATE, MODIFIEDON, ERRORMESSAGE, REQUIREDON, SHIPTO_LONGITUDE, ACTIVE, REQUISITION_ID, SHIPTO_ISMILITARY, GROUPINGOPTION, PROJECT_ID, SENDINGMETHOD, SHIPTO_ZIP, RECEIVEDON, SUMMARY, BATCH_ID, EXTERNALID, ID, INVOICE_ID, JOB_ID, NOCHARGE, SHIPTO_ISMANUALCOORDINATES, SHIPTO_STATE, SENTON, SHIPTODESCRIPTION, TENANT_TYPE]
Column names for DataMart Table --> STR_API_PURCHASEORDER :: [CANCELEDON, ID, MODIFIEDON, SENDINGMETHOD, SHIPTO_ISMILITARY, JOB_ID, SHIPPING, SHIPTO_UNIT, EXTERNALID, INVENTORYLOCATION_ID, REQUIREDON, SENDSTATUS, SHIPTO_ISMANUALCOORDINATES, SHIPTODESCRIPTION, TECHNICIAN_ID, TENANT_TYPE, MARKUP, ACTIVE, ACTIVE_FLAG, AMOUNT, CREATEDBY_ID, INVOICE_ID, PROJECT_ID, RECEIVEDON, RECORD_UPDATE_DATE, ROLLEDOVERFROMPURCHASEORDER_ID, VENDORINVOICENUMBER, ERRORMESSAGE, NOCHARGE, PROJECTLABELS, SHIPTO_STATE, CREATEDON, SHIPTO_COUNTRY, VENDOR, TAXSCHEMA, BATCH_ID, BUSINESSUNIT_ID, CANCELEDBY_ID, TRUCK_ID, GROUPINGOPTION, TAXRATE, TYPE_ID, IMPORTID, ISTIMEANDMATERIAL, MASTER_ID, SHIPTO_LONGITUDE, TAX, SHIPTO_STREET, EXPORTID, POVENDOR_ID, RECORD_CREATE_DATE, NUMBER, SHIPTO_ZIP, STATUS, SUMMARY, DATE, REQUISITION_ID, SENTON, SHIPTO_CITY, CANCELEDREASON, SHIPTO_LATITUDE]
Column names for Curated Table --> DIM_PURCHASEORDER :: [ACTIVE, CANCELEDBY_ID, CANCELEDON, RECORD_CREATE_DATE, TRUCK_ID, ROLLEDOVERFROMPURCHASEORDER_ID, SHIPTO_LONGITUDE, TAXSCHEMA, BUSINESSUNIT_ID, POVENDOR_ID, SHIPTO_ISMANUALCOORDINATES, SHIPTO_ISMILITARY, CREATEDON, RECORD_UPDATE_DATE, NUMBER, AMOUNT, DATE, ERRORMESSAGE, EXPORTID, GROUPINGOPTION, INVOICE_ID, MODIFIEDON, PROJECT_ID, SHIPTO_COUNTRY, STATUS, RECORD_UPDATED_BY, TECHNICIAN_ID, SHIPTO_STATE, MARKUP, REQUISITION_ID, SENDSTATUS, SHIPTO_LATITUDE, SHIPTO_STREET, INVENTORYLOCATION_ID, TYPE_ID, BATCH_ID, CREATEDBY_ID, SENTON, PROJECTLABELS, SENDINGMETHOD, SHIPTO_CITY, TAXRATE, EXTERNALID, ID, TAX, VENDOR, IMPORTID, NOCHARGE, SHIPTO_ZIP, SUMMARY, TENANT_TYPE, SHIPPING, CANCELEDREASON, ISTIMEANDMATERIAL, JOB_ID, RECEIVEDON, SHIPTODESCRIPTION, SHIPTO_UNIT, VENDORINVOICENUMBER, REQUIREDON]
Column Name found in Datamart and Curated Table :: CANCELEDBY_ID
Column Name found in Datamart and Curated Table :: CANCELEDREASON
Column Name found in Datamart and Curated Table :: INVENTORYLOCATION_ID
Column Name found in Datamart and Curated Table :: POVENDOR_ID
Column Name found in Datamart and Curated Table :: SHIPTO_CITY
Column Name found in Datamart and Curated Table :: SHIPTO_LATITUDE
Column Name found in Datamart and Curated Table :: STATUS
Column Name found in Datamart and Curated Table :: TECHNICIAN_ID
Column Name found in Datamart and Curated Table :: AMOUNT
Column Name found in Datamart and Curated Table :: BUSINESSUNIT_ID
Column Name found in Datamart and Curated Table :: CREATEDBY_ID
Column Name found in Datamart and Curated Table :: ISTIMEANDMATERIAL
Column Name found in Datamart and Curated Table :: SENDSTATUS
Column Name found in Datamart and Curated Table :: SHIPPING
Column Name found in Datamart and Curated Table :: SHIPTO_UNIT
Column Name found in Datamart and Curated Table :: TAXSCHEMA
Column Name found in Datamart and Curated Table :: TRUCK_ID
Column Name found in Datamart and Curated Table :: TYPE_ID
Column Name found in Datamart and Curated Table :: VENDORINVOICENUMBER
Column Name found in Datamart and Curated Table :: PROJECTLABELS
Column Name found in Datamart and Curated Table :: SHIPTO_COUNTRY
Column Name found in Datamart and Curated Table :: EXPORTID
Column Name found in Datamart and Curated Table :: MARKUP
Column Name found in Datamart and Curated Table :: SHIPTO_STREET
Column Name found in Datamart and Curated Table :: IMPORTID
Column Name found in Datamart and Curated Table :: NUMBER
Column Name found in Datamart and Curated Table :: TAX
Column Name found in Datamart and Curated Table :: TAXRATE
Column Name found in Datamart and Curated Table :: VENDOR
Column Name found in Datamart and Curated Table :: CANCELEDON
Column Name found in Datamart and Curated Table :: CREATEDON
Column Name found in Datamart and Curated Table :: DATE
Column Name found in Datamart and Curated Table :: MODIFIEDON
Column Name found in Datamart and Curated Table :: ERRORMESSAGE
Column Name found in Datamart and Curated Table :: REQUIREDON
Column Name found in Datamart and Curated Table :: SHIPTO_LONGITUDE
Column Name found in Datamart and Curated Table :: ACTIVE
Column Name found in Datamart and Curated Table :: REQUISITION_ID
Column Name found in Datamart and Curated Table :: SHIPTO_ISMILITARY
Column Name found in Datamart and Curated Table :: GROUPINGOPTION
Column Name found in Datamart and Curated Table :: PROJECT_ID
Column Name found in Datamart and Curated Table :: SENDINGMETHOD
Column Name found in Datamart and Curated Table :: SHIPTO_ZIP
Column Name found in Datamart and Curated Table :: RECEIVEDON
Column Name found in Datamart and Curated Table :: SUMMARY
Column Name found in Datamart and Curated Table :: BATCH_ID
Column Name found in Datamart and Curated Table :: EXTERNALID
Column Name found in Datamart and Curated Table :: ID
Column Name found in Datamart and Curated Table :: INVOICE_ID
Column Name found in Datamart and Curated Table :: JOB_ID
Column Name found in Datamart and Curated Table :: NOCHARGE
Column Name found in Datamart and Curated Table :: SHIPTO_ISMANUALCOORDINATES
Column Name found in Datamart and Curated Table :: SHIPTO_STATE
Column Name found in Datamart and Curated Table :: SENTON
Column Name found in Datamart and Curated Table :: SHIPTODESCRIPTION
Column Name found in Datamart and Curated Table :: TENANT_TYPE
Datamart tables contains additional column name like [ACTIVE_FLAG, RECORD_CREATE_DATE, RECORD_UPDATE_DATE, MASTER_ID]
Curated tables contains additional column name like [RECORD_CREATE_DATE, RECORD_UPDATE_DATE, RECORD_UPDATED_BY]]]>
  </system-out>
  <testcase classname="testcases.RAW_DATAMART_CURATED.SnowFlake_ColumnValidation_APITables" name="validateColumnName_BKP" time="3.906"/>
  <system-out>
    <![CDATA[Executing Snowflake query :: SELECT COLUMN_NAME FROM DEV_ENT_RAW.INFORMATION_SCHEMA.COLUMNS WHERE TABLE_NAME='ST_API_LOCATION'and TABLE_SCHEMA='API_MAT'
Executing Snowflake query :: SELECT COLUMN_NAME FROM CURATED_DATAMART.INFORMATION_SCHEMA.COLUMNS WHERE TABLE_NAME='STR_API_LOCATION'and TABLE_SCHEMA='ST_API_SNELLHEATINGAIR'
Executing Snowflake query :: SELECT COLUMN_NAME FROM DEV_ENT_CURATED.INFORMATION_SCHEMA.COLUMNS WHERE TABLE_NAME='DIM_LOCATION'and TABLE_SCHEMA='MASTER_DIMENSIONS'
Column names for RAW Table --> ST_API_LOCATION :: [ADDRESS_ISMANUALCOORDINATES, ADDRESS_LATITUDE, CREATEDON, RECURRINGSERVICE_RECURRENCEINTERVAL, ADDRESS_ISMILITARY, ADDRESS_STATE, CUSTOMER_ID, IMPORTID, AUTOLONGITUDE, TAXABLE, RECURRINGSERVICE_TYPE, ACTIVE, ADDRESS_COUNTRY, ADDRESS_UNIT, AVALARAENTITYCODE, ESTIMATEDTAX, ID, TAXEXEMPT, ISPREVAILINGWAGE, RECURRINGSERVICE_ACTIVATEDFROM, ADDRESS_ZIP, PREFERREDTECHNICIAN_ID, RECURRINGSERVICE_FROM, SUMMARY, RECURRINGSERVICE_MEMO, ADDRESS_CITY, AUTOLATITUDE, ZONE_ID, DONOTSENDTECHNICIAN_ID, ADDRESS_LONGITUDE, MODIFIEDON, NAME, NOCHARGE, RECURRINGSERVICE_CANCELLATIONDATE, TAXZONE_ID, ADDRESS_STREET, CREATEDBY_ID, RECURRINGSERVICE_TO, RECURRINGSERVICE_ACTIVATEDBY, TENANT_TYPE]
Column names for DataMart Table --> STR_API_LOCATION :: [ADDRESS_STATE, ADDRESS_ZIP, ESTIMATEDTAX, ID, PREFERREDTECHNICIAN_ID, TAXEXEMPT, RECURRINGSERVICE_ACTIVATEDBY, RECURRINGSERVICE_MEMO, TAXZONE_ID, RECURRINGSERVICE_TO, ADDRESS_CITY, AUTOLONGITUDE, IMPORTID, ADDRESS_ISMANUALCOORDINATES, AUTOLATITUDE, CREATEDON, RECURRINGSERVICE_FROM, RECURRINGSERVICE_RECURRENCEINTERVAL, DONOTSENDTECHNICIAN_ID, MODIFIEDON, ACTIVE_FLAG, ADDRESS_STREET, AVALARAENTITYCODE, ADDRESS_LONGITUDE, NOCHARGE, RECORD_CREATE_DATE, RECURRINGSERVICE_CANCELLATIONDATE, TAXABLE, ADDRESS_COUNTRY, ADDRESS_LATITUDE, ISPREVAILINGWAGE, ZONE_ID, MASTER_ID, RECORD_UPDATE_DATE, ACTIVE, ADDRESS_UNIT, NAME, SUMMARY, CUSTOMER_ID, RECURRINGSERVICE_TYPE, RECURRINGSERVICE_ACTIVATEDFROM, ADDRESS_ISMILITARY, CREATEDBY_ID, TENANT_TYPE]
Column names for Curated Table --> DIM_LOCATION :: [ADDRESS_UNIT, AUTOLONGITUDE, RECURRINGSERVICE_ACTIVATEDFROM, RECURRINGSERVICE_TO, TAXABLE, ADDRESS_CITY, ADDRESS_LATITUDE, IMPORTID, NAME, RECURRINGSERVICE_MEMO, ADDRESS_LONGITUDE, ADDRESS_STATE, ADDRESS_STREET, DONOTSENDTECHNICIAN_ID, MODIFIEDON, TAXZONE_ID, ADDRESS_ISMANUALCOORDINATES, ESTIMATEDTAX, ISPREVAILINGWAGE, RECURRINGSERVICE_ACTIVATEDBY, AUTOLATITUDE, RECORD_UPDATED_BY, RECORD_UPDATE_DATE, SUMMARY, CUSTOMER_ID, ZONE_ID, TENANT_TYPE, ADDRESS_COUNTRY, ADDRESS_ZIP, NOCHARGE, RECURRINGSERVICE_FROM, RECURRINGSERVICE_RECURRENCEINTERVAL, CREATEDON, RECORD_CREATE_DATE, AVALARAENTITYCODE, RECURRINGSERVICE_CANCELLATIONDATE, RECURRINGSERVICE_TYPE, PREFERREDTECHNICIAN_ID, ACTIVE, ADDRESS_ISMILITARY, CREATEDBY_ID, ID, TAXEXEMPT]
Column Name found in Datamart and Curated Table :: ADDRESS_ISMANUALCOORDINATES
Column Name found in Datamart and Curated Table :: ADDRESS_LATITUDE
Column Name found in Datamart and Curated Table :: CREATEDON
Column Name found in Datamart and Curated Table :: RECURRINGSERVICE_RECURRENCEINTERVAL
Column Name found in Datamart and Curated Table :: ADDRESS_ISMILITARY
Column Name found in Datamart and Curated Table :: ADDRESS_STATE
Column Name found in Datamart and Curated Table :: CUSTOMER_ID
Column Name found in Datamart and Curated Table :: IMPORTID
Column Name found in Datamart and Curated Table :: AUTOLONGITUDE
Column Name found in Datamart and Curated Table :: TAXABLE
Column Name found in Datamart and Curated Table :: RECURRINGSERVICE_TYPE
Column Name found in Datamart and Curated Table :: ACTIVE
Column Name found in Datamart and Curated Table :: ADDRESS_COUNTRY
Column Name found in Datamart and Curated Table :: ADDRESS_UNIT
Column Name found in Datamart and Curated Table :: AVALARAENTITYCODE
Column Name found in Datamart and Curated Table :: ESTIMATEDTAX
Column Name found in Datamart and Curated Table :: ID
Column Name found in Datamart and Curated Table :: TAXEXEMPT
Column Name found in Datamart and Curated Table :: ISPREVAILINGWAGE
Column Name found in Datamart and Curated Table :: RECURRINGSERVICE_ACTIVATEDFROM
Column Name found in Datamart and Curated Table :: ADDRESS_ZIP
Column Name found in Datamart and Curated Table :: PREFERREDTECHNICIAN_ID
Column Name found in Datamart and Curated Table :: RECURRINGSERVICE_FROM
Column Name found in Datamart and Curated Table :: SUMMARY
Column Name found in Datamart and Curated Table :: RECURRINGSERVICE_MEMO
Column Name found in Datamart and Curated Table :: ADDRESS_CITY
Column Name found in Datamart and Curated Table :: AUTOLATITUDE
Column Name found in Datamart and Curated Table :: ZONE_ID
Column Name found in Datamart and Curated Table :: DONOTSENDTECHNICIAN_ID
Column Name found in Datamart and Curated Table :: ADDRESS_LONGITUDE
Column Name found in Datamart and Curated Table :: MODIFIEDON
Column Name found in Datamart and Curated Table :: NAME
Column Name found in Datamart and Curated Table :: NOCHARGE
Column Name found in Datamart and Curated Table :: RECURRINGSERVICE_CANCELLATIONDATE
Column Name found in Datamart and Curated Table :: TAXZONE_ID
Column Name found in Datamart and Curated Table :: ADDRESS_STREET
Column Name found in Datamart and Curated Table :: CREATEDBY_ID
Column Name found in Datamart and Curated Table :: RECURRINGSERVICE_TO
Column Name found in Datamart and Curated Table :: RECURRINGSERVICE_ACTIVATEDBY
Column Name found in Datamart and Curated Table :: TENANT_TYPE
Datamart tables contains additional column name like [ACTIVE_FLAG, RECORD_CREATE_DATE, RECORD_UPDATE_DATE, MASTER_ID]
Curated tables contains additional column name like [RECORD_CREATE_DATE, RECORD_UPDATE_DATE, RECORD_UPDATED_BY]]]>
  </system-out>
  <testcase classname="testcases.RAW_DATAMART_CURATED.SnowFlake_ColumnValidation_APITables" name="validateColumnName_BKP" time="2.357"/>
  <system-out>
    <![CDATA[Executing Snowflake query :: SELECT COLUMN_NAME FROM DEV_ENT_RAW.INFORMATION_SCHEMA.COLUMNS WHERE TABLE_NAME='ST_API_INVOICEITEM'and TABLE_SCHEMA='API_MAT'
Executing Snowflake query :: SELECT COLUMN_NAME FROM CURATED_DATAMART.INFORMATION_SCHEMA.COLUMNS WHERE TABLE_NAME='STR_API_INVOICEITEM'and TABLE_SCHEMA='ST_API_HARP'
Executing Snowflake query :: SELECT COLUMN_NAME FROM DEV_ENT_CURATED.INFORMATION_SCHEMA.COLUMNS WHERE TABLE_NAME='DIM_INVOICEITEM'and TABLE_SCHEMA='MASTER_DIMENSIONS'
Column names for RAW Table --> ST_API_INVOICEITEM :: [ALLOWDISCOUNTS, AUTOGLASSITEM_ID, HOURS, STANDARDPRICE, MODIFIEDON, PROJECTLABELS, SOLDBYCOMMISSION, ISINVENTORY, MARKUP, PAYSSOLDBYRATE, PROCUREDFROMESTIMATEITEM_ID, PROJECTORDER, SKU_ID, TECHNICIANSPLIT3, UNITPRICE, IMPORTID, LASTUNITPRICESETBYEMPLOYEE, SKUNAME, MEMBERSHIPWORKFLOWACTION, BASERATE1, BASERATE2, DATECREATED, EQUIPMENT_ID, ID, INVENTORYSTATUS, ITEMGROUPNAME, TECHNICIANFORBASERATE1_ID, QUANTITY, SOLDBY_ID, PARENTITEM_ID, SOLDHOURS, NOTAX, COST, CREATEDBY_ID, EXPORTID, ISADDON, ISOTTASK, CREATEDON, ISUNITPRICEMANUALLYSET, PAYSFLATAMOUNT, TECHNICIAN_ID, BASERATE3, CHARGEABLE, COMMISSIONBONUS, DESCRIPTION, TECHNICIANACKNOWLEDGEMENTSIGNATURE, INVENTORYLOCATION_ID, ORDER, SCHEDULEDFLATAMOUNT, SOURCETYPE, TECHNICIANSPLIT1, INVENTORYWAREHOUSENAME, ACCOUNT, ADDONFLATAMOUNT, PRICEMODIFIER_ID, SKUREFERENCE_SKUTYPE, TECHNICIANFORBASERATE3_ID, PAYTECHSPECIFICBONUS, TECHNICIANFORBASERATE2_ID, TECHNICIANSPLIT2, USEDMATERIAL_ID, ACTIVE, BONUS, COSTOFSALEACCOUNT_ID, GENERALLEDGERACCOUNT_ID, INVENTORYBATCH_ID, INVOICE_ID, PAYSCOMMISSION, SKUREFERENCE_SKUID, TAXABLE, TOTAL, BUSINESSUNIT_ID, DEDUCTASJOBCOST, DISPLAYINAMOUNT, ESTIMATEITEM_ID, ITEMGROUPROOT_ID, MEMBERPRICE, PROCUREDFROM_ID, SIGNATURE, TOTALCOST, CROSSSALEGROUP, WORKFLOWACTION_ID, TENANT_TYPE]
Column names for DataMart Table --> STR_API_INVOICEITEM :: [BASERATE3, BUSINESSUNIT_ID, INVENTORYSTATUS, ITEMGROUPNAME, MODIFIEDON, PAYSFLATAMOUNT, EXPORTID, NOTAX, PAYSCOMMISSION, WORKFLOWACTION_ID, BASERATE2, COMMISSIONBONUS, CREATEDBY_ID, MASTER_ID, ITEMGROUPROOT_ID, MARKUP, SKU_ID, TAXABLE, TOTALCOST, SKUREFERENCE_SKUID, SOLDBY_ID, PROCUREMENTSOURCE_ESTIMATEITEMID, STANDARDPRICE, HOURS, INVENTORYBATCH_ID, PROCUREMENTSOURCE_REQUISITIONITEMID, SIGNATURE, SOLDBYCOMMISSION, GENERALLEDGERACCOUNT_ID, IMPORTID, ISOTTASK, PROCUREMENTSOURCE_SOURCETYPE, TECHNICIANFORBASERATE2_ID, TECHNICIAN_ID, TECHNICIANSPLIT2, TECHNICIANSPLIT3, ACTIVE, ALLOWDISCOUNTS, CREATEDON, DEDUCTASJOBCOST, EQUIPMENT_ID, ID, PAYTECHSPECIFICBONUS, INVENTORYWAREHOUSENAME, INVOICE_ID, LASTUNITPRICESETBYEMPLOYEE, PRICEMODIFIER_ID, PROJECTORDER, RECORD_CREATE_DATE, SKUNAME, SKUREFERENCE_SKUTYPE, USEDMATERIAL_ID, ACTIVE_FLAG, BONUS, ISADDON, MEMBERPRICE, SOLDHOURS, TECHNICIANFORBASERATE3_ID, TECHNICIANSPLIT1, TENANT_TYPE, ESTIMATEITEM_ID, PROCUREDFROMESTIMATEITEM_ID, PROCUREDFROM_ID, ADDONFLATAMOUNT, BASERATE1, CHARGEABLE, COSTOFSALEACCOUNT_ID, DISPLAYINAMOUNT, INVENTORYLOCATION_ID, QUANTITY, TECHNICIANACKNOWLEDGEMENTSIGNATURE, COST, ISINVENTORY, TECHNICIANFORBASERATE1_ID, AUTOGLASSITEM_ID, CROSSSALEGROUP, DATECREATED, MEMBERSHIPWORKFLOWACTION, TOTAL, ACCOUNT, DESCRIPTION, ISUNITPRICEMANUALLYSET, PARENTITEM_ID, PROCUREMENTSOURCE_PURCHASEORDERITEMID, PROJECTLABELS, UNITPRICE, ORDER, PAYSSOLDBYRATE, SCHEDULEDFLATAMOUNT, RECORD_UPDATE_DATE, SOURCETYPE]
Column names for Curated Table --> DIM_INVOICEITEM :: [BASERATE2, COST, CROSSSALEGROUP, ISOTTASK, MEMBERPRICE, ORDER, QUANTITY, TOTALCOST, ISUNITPRICEMANUALLYSET, PARENTITEM_ID, PAYSSOLDBYRATE, PAYSCOMMISSION, GENERALLEDGERACCOUNT_ID, BASERATE1, INVENTORYBATCH_ID, INVOICE_ID, SKUREFERENCE_SKUID, BASERATE3, EXPORTID, ISINVENTORY, SKU_ID, INVENTORYSTATUS, SOLDHOURS, TECHNICIAN_ID, TECHNICIANFORBASERATE2_ID, ACCOUNT, ALLOWDISCOUNTS, COMMISSIONBONUS, CREATEDON, IMPORTID, ISADDON, PROCUREMENTSOURCE_SOURCETYPE, NOTAX, PROJECTLABELS, SOLDBY_ID, TECHNICIANFORBASERATE1_ID, TECHNICIANSPLIT1, PAYSFLATAMOUNT, UNITPRICE, BONUS, COSTOFSALEACCOUNT_ID, CREATEDBY_ID, DISPLAYINAMOUNT, PAYTECHSPECIFICBONUS, PRICEMODIFIER_ID, TECHNICIANACKNOWLEDGEMENTSIGNATURE, TECHNICIANSPLIT3, PROCUREMENTSOURCE_PURCHASEORDERITEMID, PROCUREMENTSOURCE_REQUISITIONITEMID, PROJECTORDER, DATECREATED, TECHNICIANFORBASERATE3_ID, ACTIVE, ADDONFLATAMOUNT, BUSINESSUNIT_ID, CHARGEABLE, EQUIPMENT_ID, INVENTORYLOCATION_ID, INVENTORYWAREHOUSENAME, ITEMGROUPNAME, ITEMGROUPROOT_ID, RECORD_UPDATE_DATE, MODIFIEDON, PROCUREDFROM_ID, SCHEDULEDFLATAMOUNT, PROCUREMENTSOURCE_ESTIMATEITEMID, TAXABLE, PROCUREDFROMESTIMATEITEM_ID, AUTOGLASSITEM_ID, HOURS, LASTUNITPRICESETBYEMPLOYEE, MARKUP, USEDMATERIAL_ID, MEMBERSHIPWORKFLOWACTION, SKUREFERENCE_SKUTYPE, SOLDBYCOMMISSION, SOURCETYPE, RECORD_UPDATED_BY, WORKFLOWACTION_ID, DEDUCTASJOBCOST, DESCRIPTION, ESTIMATEITEM_ID, STANDARDPRICE, TECHNICIANSPLIT2, TOTAL, ID, RECORD_CREATE_DATE, SIGNATURE, SKUNAME, TENANT_TYPE]
Column Name found in Datamart and Curated Table :: ALLOWDISCOUNTS
Column Name found in Datamart and Curated Table :: AUTOGLASSITEM_ID
Column Name found in Datamart and Curated Table :: HOURS
Column Name found in Datamart and Curated Table :: STANDARDPRICE
Column Name found in Datamart and Curated Table :: MODIFIEDON
Column Name found in Datamart and Curated Table :: PROJECTLABELS
Column Name found in Datamart and Curated Table :: SOLDBYCOMMISSION
Column Name found in Datamart and Curated Table :: ISINVENTORY
Column Name found in Datamart and Curated Table :: MARKUP
Column Name found in Datamart and Curated Table :: PAYSSOLDBYRATE
Column Name found in Datamart and Curated Table :: PROCUREDFROMESTIMATEITEM_ID
Column Name found in Datamart and Curated Table :: PROJECTORDER
Column Name found in Datamart and Curated Table :: SKU_ID
Column Name found in Datamart and Curated Table :: TECHNICIANSPLIT3
Column Name found in Datamart and Curated Table :: UNITPRICE
Column Name found in Datamart and Curated Table :: IMPORTID
Column Name found in Datamart and Curated Table :: LASTUNITPRICESETBYEMPLOYEE
Column Name found in Datamart and Curated Table :: SKUNAME
Column Name found in Datamart and Curated Table :: MEMBERSHIPWORKFLOWACTION
Column Name found in Datamart and Curated Table :: BASERATE1
Column Name found in Datamart and Curated Table :: BASERATE2
Column Name found in Datamart and Curated Table :: DATECREATED
Column Name found in Datamart and Curated Table :: EQUIPMENT_ID
Column Name found in Datamart and Curated Table :: ID
Column Name found in Datamart and Curated Table :: INVENTORYSTATUS
Column Name found in Datamart and Curated Table :: ITEMGROUPNAME
Column Name found in Datamart and Curated Table :: TECHNICIANFORBASERATE1_ID
Column Name found in Datamart and Curated Table :: QUANTITY
Column Name found in Datamart and Curated Table :: SOLDBY_ID
Column Name found in Datamart and Curated Table :: PARENTITEM_ID
Column Name found in Datamart and Curated Table :: SOLDHOURS
Column Name found in Datamart and Curated Table :: NOTAX
Column Name found in Datamart and Curated Table :: COST
Column Name found in Datamart and Curated Table :: CREATEDBY_ID
Column Name found in Datamart and Curated Table :: EXPORTID
Column Name found in Datamart and Curated Table :: ISADDON
Column Name found in Datamart and Curated Table :: ISOTTASK
Column Name found in Datamart and Curated Table :: CREATEDON
Column Name found in Datamart and Curated Table :: ISUNITPRICEMANUALLYSET
Column Name found in Datamart and Curated Table :: PAYSFLATAMOUNT
Column Name found in Datamart and Curated Table :: TECHNICIAN_ID
Column Name found in Datamart and Curated Table :: BASERATE3
Column Name found in Datamart and Curated Table :: CHARGEABLE
Column Name found in Datamart and Curated Table :: COMMISSIONBONUS
Column Name found in Datamart and Curated Table :: DESCRIPTION
Column Name found in Datamart and Curated Table :: TECHNICIANACKNOWLEDGEMENTSIGNATURE
Column Name found in Datamart and Curated Table :: INVENTORYLOCATION_ID
Column Name found in Datamart and Curated Table :: ORDER
Column Name found in Datamart and Curated Table :: SCHEDULEDFLATAMOUNT
Column Name found in Datamart and Curated Table :: SOURCETYPE
Column Name found in Datamart and Curated Table :: TECHNICIANSPLIT1
Column Name found in Datamart and Curated Table :: INVENTORYWAREHOUSENAME
Column Name found in Datamart and Curated Table :: ACCOUNT
Column Name found in Datamart and Curated Table :: ADDONFLATAMOUNT
Column Name found in Datamart and Curated Table :: PRICEMODIFIER_ID
Column Name found in Datamart and Curated Table :: SKUREFERENCE_SKUTYPE
Column Name found in Datamart and Curated Table :: TECHNICIANFORBASERATE3_ID
Column Name found in Datamart and Curated Table :: PAYTECHSPECIFICBONUS
Column Name found in Datamart and Curated Table :: TECHNICIANFORBASERATE2_ID
Column Name found in Datamart and Curated Table :: TECHNICIANSPLIT2
Column Name found in Datamart and Curated Table :: USEDMATERIAL_ID
Column Name found in Datamart and Curated Table :: ACTIVE
Column Name found in Datamart and Curated Table :: BONUS
Column Name found in Datamart and Curated Table :: COSTOFSALEACCOUNT_ID
Column Name found in Datamart and Curated Table :: GENERALLEDGERACCOUNT_ID
Column Name found in Datamart and Curated Table :: INVENTORYBATCH_ID
Column Name found in Datamart and Curated Table :: INVOICE_ID
Column Name found in Datamart and Curated Table :: PAYSCOMMISSION
Column Name found in Datamart and Curated Table :: SKUREFERENCE_SKUID
Column Name found in Datamart and Curated Table :: TAXABLE
Column Name found in Datamart and Curated Table :: TOTAL
Column Name found in Datamart and Curated Table :: BUSINESSUNIT_ID
Column Name found in Datamart and Curated Table :: DEDUCTASJOBCOST
Column Name found in Datamart and Curated Table :: DISPLAYINAMOUNT
Column Name found in Datamart and Curated Table :: ESTIMATEITEM_ID
Column Name found in Datamart and Curated Table :: ITEMGROUPROOT_ID
Column Name found in Datamart and Curated Table :: MEMBERPRICE
Column Name found in Datamart and Curated Table :: PROCUREDFROM_ID
Column Name found in Datamart and Curated Table :: SIGNATURE
Column Name found in Datamart and Curated Table :: TOTALCOST
Column Name found in Datamart and Curated Table :: CROSSSALEGROUP
Column Name found in Datamart and Curated Table :: WORKFLOWACTION_ID
Column Name found in Datamart and Curated Table :: TENANT_TYPE
Datamart tables contains additional column name like [ACTIVE_FLAG, RECORD_CREATE_DATE, RECORD_UPDATE_DATE, MASTER_ID]
Curated tables contains additional column name like [RECORD_CREATE_DATE, RECORD_UPDATE_DATE, RECORD_UPDATED_BY]]]>
  </system-out>
  <testcase classname="testcases.RAW_DATAMART_CURATED.SnowFlake_ColumnValidation_APITables" name="validateColumnName_BKP" time="2.027"/>
  <system-out>
    <![CDATA[Executing Snowflake query :: SELECT COLUMN_NAME FROM DEV_ENT_RAW.INFORMATION_SCHEMA.COLUMNS WHERE TABLE_NAME='ST_API_CALLREASON'and TABLE_SCHEMA='API_MAT'
Executing Snowflake query :: SELECT COLUMN_NAME FROM CURATED_DATAMART.INFORMATION_SCHEMA.COLUMNS WHERE TABLE_NAME='STR_API_CALLREASON'and TABLE_SCHEMA='ST_API_HDAIR'
Executing Snowflake query :: SELECT COLUMN_NAME FROM DEV_ENT_CURATED.INFORMATION_SCHEMA.COLUMNS WHERE TABLE_NAME='DIM_CALLREASON'and TABLE_SCHEMA='MASTER_DIMENSIONS'
Column names for RAW Table --> ST_API_CALLREASON :: [CREATEDBY_ID, CREATEDON, ID, IMPORTID, ACTIVE, LEAD, MODIFIEDON, NAME, TENANT_TYPE]
Column names for DataMart Table --> STR_API_CALLREASON :: [MODIFIEDON, MASTER_ID, NAME, RECORD_CREATE_DATE, CREATEDON, LEAD, RECORD_UPDATE_DATE, CREATEDBY_ID, ID, ACTIVE, ACTIVE_FLAG, TENANT_TYPE, IMPORTID]
Column names for Curated Table --> DIM_CALLREASON :: [CREATEDBY_ID, RECORD_CREATE_DATE, MODIFIEDON, LEAD, RECORD_UPDATED_BY, ACTIVE, ID, CREATEDON, IMPORTID, NAME, TENANT_TYPE, RECORD_UPDATE_DATE]
Column Name found in Datamart and Curated Table :: CREATEDBY_ID
Column Name found in Datamart and Curated Table :: CREATEDON
Column Name found in Datamart and Curated Table :: ID
Column Name found in Datamart and Curated Table :: IMPORTID
Column Name found in Datamart and Curated Table :: ACTIVE
Column Name found in Datamart and Curated Table :: LEAD
Column Name found in Datamart and Curated Table :: MODIFIEDON
Column Name found in Datamart and Curated Table :: NAME
Column Name found in Datamart and Curated Table :: TENANT_TYPE
Datamart tables contains additional column name like [ACTIVE_FLAG, RECORD_CREATE_DATE, RECORD_UPDATE_DATE, MASTER_ID]
Curated tables contains additional column name like [RECORD_CREATE_DATE, RECORD_UPDATE_DATE, RECORD_UPDATED_BY]]]>
  </system-out>
  <testcase classname="testcases.RAW_DATAMART_CURATED.SnowFlake_ColumnValidation_APITables" name="validateColumnName_BKP" time="2.545"/>
  <system-out>
    <![CDATA[Executing Snowflake query :: SELECT COLUMN_NAME FROM DEV_ENT_RAW.INFORMATION_SCHEMA.COLUMNS WHERE TABLE_NAME='ST_API_JOBCOMPLETIONSURVEY'and TABLE_SCHEMA='API_MAT'
Executing Snowflake query :: SELECT COLUMN_NAME FROM CURATED_DATAMART.INFORMATION_SCHEMA.COLUMNS WHERE TABLE_NAME='STR_API_JOBCOMPLETIONSURVEY'and TABLE_SCHEMA='ST_API_CASTEEL'
Executing Snowflake query :: SELECT COLUMN_NAME FROM DEV_ENT_CURATED.INFORMATION_SCHEMA.COLUMNS WHERE TABLE_NAME='DIM_JOBCOMPLETIONSURVEY'and TABLE_SCHEMA='MASTER_DIMENSIONS'
Column names for RAW Table --> ST_API_JOBCOMPLETIONSURVEY :: [SENTON, ISPLANNINGTOUSEAGAIN, ISROUTINECOMPLETED, MEMO, RECOMMENDATIONS, STATUS, TOKEN, ID, JOBCOMPLETEDON, SUBMITCOUNT, JOBID, MODIFIEDON, COMPLETEDON, RATING, SURVEYTYPE, TENANT_TYPE]
Column names for DataMart Table --> STR_API_JOBCOMPLETIONSURVEY :: [ACTIVE_FLAG, COMPLETEDON, JOBCOMPLETEDON, SENTON, ISPLANNINGTOUSEAGAIN, ISROUTINECOMPLETED, MASTER_ID, RECORD_UPDATE_DATE, ID, MODIFIEDON, SUBMITCOUNT, TOKEN, JOBID, RATING, RECOMMENDATIONS, STATUS, MEMO, SURVEYTYPE, TENANT_TYPE, RECORD_CREATE_DATE]
Column names for Curated Table --> DIM_JOBCOMPLETIONSURVEY :: [ID, JOBCOMPLETEDON, SUBMITCOUNT, ISROUTINECOMPLETED, MEMO, RECORD_UPDATED_BY, STATUS, JOBID, RECORD_UPDATE_DATE, TENANT_TYPE, MODIFIEDON, SURVEYTYPE, COMPLETEDON, ISPLANNINGTOUSEAGAIN, RATING, SENTON, RECOMMENDATIONS, RECORD_CREATE_DATE, TOKEN]
Column Name found in Datamart and Curated Table :: SENTON
Column Name found in Datamart and Curated Table :: ISPLANNINGTOUSEAGAIN
Column Name found in Datamart and Curated Table :: ISROUTINECOMPLETED
Column Name found in Datamart and Curated Table :: MEMO
Column Name found in Datamart and Curated Table :: RECOMMENDATIONS
Column Name found in Datamart and Curated Table :: STATUS
Column Name found in Datamart and Curated Table :: TOKEN
Column Name found in Datamart and Curated Table :: ID
Column Name found in Datamart and Curated Table :: JOBCOMPLETEDON
Column Name found in Datamart and Curated Table :: SUBMITCOUNT
Column Name found in Datamart and Curated Table :: JOBID
Column Name found in Datamart and Curated Table :: MODIFIEDON
Column Name found in Datamart and Curated Table :: COMPLETEDON
Column Name found in Datamart and Curated Table :: RATING
Column Name found in Datamart and Curated Table :: SURVEYTYPE
Column Name found in Datamart and Curated Table :: TENANT_TYPE
Datamart tables contains additional column name like [ACTIVE_FLAG, RECORD_CREATE_DATE, RECORD_UPDATE_DATE, MASTER_ID]
Curated tables contains additional column name like [RECORD_CREATE_DATE, RECORD_UPDATE_DATE, RECORD_UPDATED_BY]]]>
  </system-out>
  <testcase classname="testcases.RAW_DATAMART_CURATED.SnowFlake_ColumnValidation_APITables" name="validateColumnName_BKP" time="2.351"/>
  <system-out>
    <![CDATA[Executing Snowflake query :: SELECT COLUMN_NAME FROM DEV_ENT_RAW.INFORMATION_SCHEMA.COLUMNS WHERE TABLE_NAME='ST_API_CONTACT'and TABLE_SCHEMA='API_MAT'
Executing Snowflake query :: SELECT COLUMN_NAME FROM CURATED_DATAMART.INFORMATION_SCHEMA.COLUMNS WHERE TABLE_NAME='STR_API_CONTACT'and TABLE_SCHEMA='ST_API_EANESHEATING'
Executing Snowflake query :: SELECT COLUMN_NAME FROM DEV_ENT_CURATED.INFORMATION_SCHEMA.COLUMNS WHERE TABLE_NAME='DIM_CONTACT'and TABLE_SCHEMA='MASTER_DIMENSIONS'
Column names for RAW Table --> ST_API_CONTACT :: [OWNER_ID, VALUE, ACTIVE, MEMO, INVOICESTATEMENTNOTIFICATION, ID, TYPE, IMPORTID, MARKETINGUPDATESENABLED, CREATEDON, JOBREMINDERSENABLED, CREATEDBY_ID, MESSAGESENABLED, MODIFIEDON, REVERSEPHONE, TENANT_TYPE]
Column names for DataMart Table --> STR_API_CONTACT :: [ACTIVE_FLAG, TENANT_TYPE, RECORD_UPDATE_DATE, CREATEDBY_ID, MARKETINGUPDATESENABLED, MASTER_ID, REVERSEPHONE, MESSAGESENABLED, MODIFIEDON, ID, IMPORTID, JOBREMINDERSENABLED, MEMO, TYPE, INVOICESTATEMENTNOTIFICATION, RECORD_CREATE_DATE, VALUE, ACTIVE, CREATEDON, OWNER_ID]
Column names for Curated Table --> DIM_CONTACT :: [MESSAGESENABLED, MODIFIEDON, CREATEDON, MEMO, OWNER_ID, CREATEDBY_ID, MARKETINGUPDATESENABLED, REVERSEPHONE, ID, IMPORTID, JOBREMINDERSENABLED, INVOICESTATEMENTNOTIFICATION, RECORD_CREATE_DATE, RECORD_UPDATED_BY, TENANT_TYPE, ACTIVE, RECORD_UPDATE_DATE, VALUE, TYPE]
Column Name found in Datamart and Curated Table :: OWNER_ID
Column Name found in Datamart and Curated Table :: VALUE
Column Name found in Datamart and Curated Table :: ACTIVE
Column Name found in Datamart and Curated Table :: MEMO
Column Name found in Datamart and Curated Table :: INVOICESTATEMENTNOTIFICATION
Column Name found in Datamart and Curated Table :: ID
Column Name found in Datamart and Curated Table :: TYPE
Column Name found in Datamart and Curated Table :: IMPORTID
Column Name found in Datamart and Curated Table :: MARKETINGUPDATESENABLED
Column Name found in Datamart and Curated Table :: CREATEDON
Column Name found in Datamart and Curated Table :: JOBREMINDERSENABLED
Column Name found in Datamart and Curated Table :: CREATEDBY_ID
Column Name found in Datamart and Curated Table :: MESSAGESENABLED
Column Name found in Datamart and Curated Table :: MODIFIEDON
Column Name found in Datamart and Curated Table :: REVERSEPHONE
Column Name found in Datamart and Curated Table :: TENANT_TYPE
Datamart tables contains additional column name like [ACTIVE_FLAG, RECORD_CREATE_DATE, RECORD_UPDATE_DATE, MASTER_ID]
Curated tables contains additional column name like [RECORD_CREATE_DATE, RECORD_UPDATE_DATE, RECORD_UPDATED_BY]]]>
  </system-out>
  <testcase classname="testcases.RAW_DATAMART_CURATED.SnowFlake_ColumnValidation_APITables" name="validateColumnName_BKP" time="2.924">
    <failure message="The following asserts failed:
	null,
	null" type="java.lang.AssertionError">
      <![CDATA[java.lang.AssertionError: The following asserts failed:
null,
null
at org.testng.asserts.SoftAssert.assertAll(SoftAssert.java:47)
at org.testng.asserts.SoftAssert.assertAll(SoftAssert.java:31)
at testcases.RAW_DATAMART_CURATED.SnowFlake_ColumnValidation_APITables.validateColumnName_BKP(SnowFlake_ColumnValidation_APITables.java:128)
at jdk.internal.reflect.GeneratedMethodAccessor38.invoke(Unknown Source)
at java.base/jdk.internal.reflect.DelegatingMethodAccessorImpl.invoke(DelegatingMethodAccessorImpl.java:43)
at java.base/java.lang.reflect.Method.invoke(Method.java:568)
at org.testng.internal.MethodInvocationHelper.invokeMethod(MethodInvocationHelper.java:133)
at org.testng.internal.TestInvoker.invokeMethod(TestInvoker.java:598)
at org.testng.internal.TestInvoker.invokeTestMethod(TestInvoker.java:173)
at org.testng.internal.MethodRunner.runInSequence(MethodRunner.java:46)
at org.testng.internal.TestInvoker$MethodInvocationAgent.invoke(TestInvoker.java:824)
at org.testng.internal.TestInvoker.invokeTestMethods(TestInvoker.java:146)
at org.testng.internal.TestMethodWorker.invokeTestMethods(TestMethodWorker.java:146)
at org.testng.internal.TestMethodWorker.run(TestMethodWorker.java:128)
at java.base/java.util.ArrayList.forEach(ArrayList.java:1511)
at org.testng.TestRunner.privateRun(TestRunner.java:794)
at org.testng.TestRunner.run(TestRunner.java:596)
at org.testng.SuiteRunner.runTest(SuiteRunner.java:377)
at org.testng.SuiteRunner.runSequentially(SuiteRunner.java:371)
at org.testng.SuiteRunner.privateRun(SuiteRunner.java:332)
at org.testng.SuiteRunner.run(SuiteRunner.java:276)
at org.testng.SuiteRunnerWorker.runSuite(SuiteRunnerWorker.java:53)
at org.testng.SuiteRunnerWorker.run(SuiteRunnerWorker.java:96)
at org.testng.TestNG.runSuitesSequentially(TestNG.java:1212)
at org.testng.TestNG.runSuitesLocally(TestNG.java:1134)
at org.testng.TestNG.runSuites(TestNG.java:1063)
at org.testng.TestNG.run(TestNG.java:1031)
at org.testng.remote.AbstractRemoteTestNG.run(AbstractRemoteTestNG.java:115)
at org.testng.remote.RemoteTestNG.initAndRun(RemoteTestNG.java:251)
at org.testng.remote.RemoteTestNG.main(RemoteTestNG.java:77)
]]>
    </failure>
  </testcase> <!-- validateColumnName_BKP -->
  <system-out>
    <![CDATA[Executing Snowflake query :: SELECT COLUMN_NAME FROM DEV_ENT_RAW.INFORMATION_SCHEMA.COLUMNS WHERE TABLE_NAME='ST_API_PROJECT'and TABLE_SCHEMA='API_MAT'
Executing Snowflake query :: SELECT COLUMN_NAME FROM CURATED_DATAMART.INFORMATION_SCHEMA.COLUMNS WHERE TABLE_NAME='STR_API_PROJECT'and TABLE_SCHEMA='ST_API_CASTEEL'
Executing Snowflake query :: SELECT COLUMN_NAME FROM DEV_ENT_CURATED.INFORMATION_SCHEMA.COLUMNS WHERE TABLE_NAME='DIM_PROJECT'and TABLE_SCHEMA='MASTER_DIMENSIONS'
Column names for RAW Table --> ST_API_PROJECT :: [ACTIVE, AREITEMSREORDERED, CUSTOMER_ID, NAME, NUMBER, PROJECTSETTINGSTYPE, TECHNICIANSIGNATURE, SUMMARY, MODIFIEDON, ACKNOWLEDGEMENTSIGNATURE, COMPLETEDON, COMPLETIONPERCENT, COSTTOCOMPLETE, CREATEDBY_ID, CREATEDON, IMPORTID, COMPLETEDONACTUAL, ID, CONTRACTESTIMATE_ID, AUTHORIZATIONSIGNATURE, CONTRACTSTARTDATE, STARTEDON, CONTRACTFOR, ISRETAINAGEENABLED, ISPREVAILINGWAGE, LOCATION_ID, PAYMENTTERM_ID, RETAINAGEPERCENT, REVENUERECOGNITIONMETHOD, TENANT_TYPE]
Column names for DataMart Table --> STR_API_PROJECT :: [MD5_VALUE, PAYMENTTERM_ID, RECORD_UPDATE_DATE, NUMBER, CREATEDON, ISRETAINAGEENABLED, RECORD_CREATE_DATE, TENANT_TYPE, COMPLETEDONACTUAL, SUMMARY, ID, MODIFIEDON, STARTEDON, COMPLETIONPERCENT, NAME, CREATEDBY_ID, AREITEMSREORDERED, AUTHORIZATIONSIGNATURE, IMPORTID, ACTIVE, CONTRACTESTIMATE_ID, CONTRACTSTARTDATE, LOCATION_ID, ACKNOWLEDGEMENTSIGNATURE, COMPLETEDON, CUSTOMER_ID, ISPREVAILINGWAGE, ACTIVE_FLAG, MASTER_ID, PROJECTSETTINGSTYPE, RETAINAGEPERCENT, CONTRACTFOR, TECHNICIANSIGNATURE]
Column names for Curated Table --> DIM_PROJECT :: [RECORD_UPDATE_DATE, ACTIVE, AUTHORIZATIONSIGNATURE, COMPLETEDON, RETAINAGEPERCENT, IMPORTID, CONTRACTFOR, CONTRACTSTARTDATE, ID, ISRETAINAGEENABLED, RECORD_CREATE_DATE, RECORD_UPDATED_BY, TENANT_TYPE, PROJECTSETTINGSTYPE, TECHNICIANSIGNATURE, ISPREVAILINGWAGE, MD5_VALUE, NAME, PAYMENTTERM_ID, COMPLETEDONACTUAL, CUSTOMER_ID, NUMBER, AREITEMSREORDERED, CREATEDON, LOCATION_ID, MODIFIEDON, STARTEDON, ACKNOWLEDGEMENTSIGNATURE, COMPLETIONPERCENT, CONTRACTESTIMATE_ID, SUMMARY, CREATEDBY_ID, REVENUERECOGNITIONMETHOD]
Column Name found in Datamart and Curated Table :: ACTIVE
Column Name found in Datamart and Curated Table :: AREITEMSREORDERED
Column Name found in Datamart and Curated Table :: CUSTOMER_ID
Column Name found in Datamart and Curated Table :: NAME
Column Name found in Datamart and Curated Table :: NUMBER
Column Name found in Datamart and Curated Table :: PROJECTSETTINGSTYPE
Column Name found in Datamart and Curated Table :: TECHNICIANSIGNATURE
Column Name found in Datamart and Curated Table :: SUMMARY
Column Name found in Datamart and Curated Table :: MODIFIEDON
Column Name found in Datamart and Curated Table :: ACKNOWLEDGEMENTSIGNATURE
Column Name found in Datamart and Curated Table :: COMPLETEDON
Column Name found in Datamart and Curated Table :: COMPLETIONPERCENT
Column Name not found in Datamart and Curated Table :: COSTTOCOMPLETE
Column Name found in Datamart and Curated Table :: CREATEDBY_ID
Column Name found in Datamart and Curated Table :: CREATEDON
Column Name found in Datamart and Curated Table :: IMPORTID
Column Name found in Datamart and Curated Table :: COMPLETEDONACTUAL
Column Name found in Datamart and Curated Table :: ID
Column Name found in Datamart and Curated Table :: CONTRACTESTIMATE_ID
Column Name found in Datamart and Curated Table :: AUTHORIZATIONSIGNATURE
Column Name found in Datamart and Curated Table :: CONTRACTSTARTDATE
Column Name found in Datamart and Curated Table :: STARTEDON
Column Name found in Datamart and Curated Table :: CONTRACTFOR
Column Name found in Datamart and Curated Table :: ISRETAINAGEENABLED
Column Name found in Datamart and Curated Table :: ISPREVAILINGWAGE
Column Name found in Datamart and Curated Table :: LOCATION_ID
Column Name found in Datamart and Curated Table :: PAYMENTTERM_ID
Column Name found in Datamart and Curated Table :: RETAINAGEPERCENT
Column Name not found in Datamart and Curated Table :: REVENUERECOGNITIONMETHOD
Column Name found in Datamart and Curated Table :: TENANT_TYPE
Datamart tables contains additional column name like [ACTIVE_FLAG, RECORD_CREATE_DATE, RECORD_UPDATE_DATE, MASTER_ID]
Curated tables contains additional column name like [RECORD_CREATE_DATE, RECORD_UPDATE_DATE, RECORD_UPDATED_BY]]]>
  </system-out>
  <testcase classname="testcases.RAW_DATAMART_CURATED.SnowFlake_ColumnValidation_APITables" name="validateColumnName_BKP" time="2.407"/>
  <system-out>
    <![CDATA[Executing Snowflake query :: SELECT COLUMN_NAME FROM DEV_ENT_RAW.INFORMATION_SCHEMA.COLUMNS WHERE TABLE_NAME='ST_API_NONJOBAPPOINTMENT'and TABLE_SCHEMA='API_MAT'
Executing Snowflake query :: SELECT COLUMN_NAME FROM CURATED_DATAMART.INFORMATION_SCHEMA.COLUMNS WHERE TABLE_NAME='STR_API_NONJOBAPPOINTMENT'and TABLE_SCHEMA='ST_API_MAITZ'
Executing Snowflake query :: SELECT COLUMN_NAME FROM DEV_ENT_CURATED.INFORMATION_SCHEMA.COLUMNS WHERE TABLE_NAME='DIM_NONJOBAPPOINTMENT'and TABLE_SCHEMA='MASTER_DIMENSIONS'
Column names for RAW Table --> ST_API_NONJOBAPPOINTMENT :: [CREATEDBY_ID, IMPORTID, ALLDAY, DEFINITION_ID, ISCOMPLETED, TIMESHEETCODE_ID, CLEARDISPATCHBOARD, ACTIVE, CLEARTECHNICIANVIEW, REMOVETECHNICIANFROMCAPACITYPLANNING, SUMMARY, ID, TECHNICIAN_ID, CREATEDON, TIMESHEET_ID, NAME, EXPECTEDDURATION, START, DURATION, TENANT_TYPE]
Column names for DataMart Table --> STR_API_NONJOBAPPOINTMENT :: [DURATION, ID, EXPECTEDDURATION, IMPORTID, START, SUMMARY, TENANT_TYPE, RECORD_UPDATE_DATE, CLEARDISPATCHBOARD, CREATEDBY_ID, TIMESHEET_ID, ACTIVE, ALLDAY, CREATEDON, DEFINITION_ID, TECHNICIAN_ID, ACTIVE_FLAG, RECORD_CREATE_DATE, TIMESHEETCODE_ID, ISCOMPLETED, REMOVETECHNICIANFROMCAPACITYPLANNING, CLEARTECHNICIANVIEW, MASTER_ID, NAME]
Column names for Curated Table --> DIM_NONJOBAPPOINTMENT :: [IMPORTID, RECORD_UPDATE_DATE, TIMESHEET_ID, ID, ISCOMPLETED, CREATEDON, RECORD_UPDATED_BY, START, CLEARTECHNICIANVIEW, DURATION, EXPECTEDDURATION, ALLDAY, CLEARDISPATCHBOARD, RECORD_CREATE_DATE, TENANT_TYPE, TIMESHEETCODE_ID, NAME, DEFINITION_ID, SUMMARY, ACTIVE, CREATEDBY_ID, REMOVETECHNICIANFROMCAPACITYPLANNING, TECHNICIAN_ID]
Column Name found in Datamart and Curated Table :: CREATEDBY_ID
Column Name found in Datamart and Curated Table :: IMPORTID
Column Name found in Datamart and Curated Table :: ALLDAY
Column Name found in Datamart and Curated Table :: DEFINITION_ID
Column Name found in Datamart and Curated Table :: ISCOMPLETED
Column Name found in Datamart and Curated Table :: TIMESHEETCODE_ID
Column Name found in Datamart and Curated Table :: CLEARDISPATCHBOARD
Column Name found in Datamart and Curated Table :: ACTIVE
Column Name found in Datamart and Curated Table :: CLEARTECHNICIANVIEW
Column Name found in Datamart and Curated Table :: REMOVETECHNICIANFROMCAPACITYPLANNING
Column Name found in Datamart and Curated Table :: SUMMARY
Column Name found in Datamart and Curated Table :: ID
Column Name found in Datamart and Curated Table :: TECHNICIAN_ID
Column Name found in Datamart and Curated Table :: CREATEDON
Column Name found in Datamart and Curated Table :: TIMESHEET_ID
Column Name found in Datamart and Curated Table :: NAME
Column Name found in Datamart and Curated Table :: EXPECTEDDURATION
Column Name found in Datamart and Curated Table :: START
Column Name found in Datamart and Curated Table :: DURATION
Column Name found in Datamart and Curated Table :: TENANT_TYPE
Datamart tables contains additional column name like [ACTIVE_FLAG, RECORD_CREATE_DATE, RECORD_UPDATE_DATE, MASTER_ID]
Curated tables contains additional column name like [RECORD_CREATE_DATE, RECORD_UPDATE_DATE, RECORD_UPDATED_BY]]]>
  </system-out>
  <testcase classname="testcases.RAW_DATAMART_CURATED.SnowFlake_ColumnValidation_APITables" name="validateColumnName_BKP" time="2.660"/>
  <system-out>
    <![CDATA[Executing Snowflake query :: SELECT COLUMN_NAME FROM DEV_ENT_RAW.INFORMATION_SCHEMA.COLUMNS WHERE TABLE_NAME='ST_API_CANCELJOBREASON'and TABLE_SCHEMA='API_MAT'
Executing Snowflake query :: SELECT COLUMN_NAME FROM CURATED_DATAMART.INFORMATION_SCHEMA.COLUMNS WHERE TABLE_NAME='STR_API_CANCELJOBREASON'and TABLE_SCHEMA='ST_API_BILLFENWICK'
Executing Snowflake query :: SELECT COLUMN_NAME FROM DEV_ENT_CURATED.INFORMATION_SCHEMA.COLUMNS WHERE TABLE_NAME='DIM_CANCELJOBREASON'and TABLE_SCHEMA='MASTER_DIMENSIONS'
Column names for RAW Table --> ST_API_CANCELJOBREASON :: [CREATEDBY_ID, CREATEDON, ID, IMPORTID, MODIFIEDON, NAME, ACTIVE, TENANT_TYPE]
Column names for DataMart Table --> STR_API_CANCELJOBREASON :: [NAME, ACTIVE, IMPORTID, ACTIVE_FLAG, CREATEDON, RECORD_CREATE_DATE, RECORD_UPDATE_DATE, MASTER_ID, MODIFIEDON, CREATEDBY_ID, TENANT_TYPE, ID]
Column names for Curated Table --> DIM_CANCELJOBREASON :: [ID, IMPORTID, TENANT_TYPE, MODIFIEDON, CREATEDON, RECORD_UPDATED_BY, RECORD_UPDATE_DATE, RECORD_CREATE_DATE, ACTIVE, CREATEDBY_ID, NAME]
Column Name found in Datamart and Curated Table :: CREATEDBY_ID
Column Name found in Datamart and Curated Table :: CREATEDON
Column Name found in Datamart and Curated Table :: ID
Column Name found in Datamart and Curated Table :: IMPORTID
Column Name found in Datamart and Curated Table :: MODIFIEDON
Column Name found in Datamart and Curated Table :: NAME
Column Name found in Datamart and Curated Table :: ACTIVE
Column Name found in Datamart and Curated Table :: TENANT_TYPE
Datamart tables contains additional column name like [ACTIVE_FLAG, RECORD_CREATE_DATE, RECORD_UPDATE_DATE, MASTER_ID]
Curated tables contains additional column name like [RECORD_CREATE_DATE, RECORD_UPDATE_DATE, RECORD_UPDATED_BY]]]>
  </system-out>
  <testcase classname="testcases.RAW_DATAMART_CURATED.SnowFlake_ColumnValidation_APITables" name="validateColumnName_BKP" time="2.230"/>
  <system-out>
    <![CDATA[Executing Snowflake query :: SELECT COLUMN_NAME FROM DEV_ENT_RAW.INFORMATION_SCHEMA.COLUMNS WHERE TABLE_NAME='ST_API_TAGTYPE'and TABLE_SCHEMA='API_MAT'
Executing Snowflake query :: SELECT COLUMN_NAME FROM CURATED_DATAMART.INFORMATION_SCHEMA.COLUMNS WHERE TABLE_NAME='STR_API_TAGTYPE'and TABLE_SCHEMA='ST_API_HUTCHINSON'
Executing Snowflake query :: SELECT COLUMN_NAME FROM DEV_ENT_CURATED.INFORMATION_SCHEMA.COLUMNS WHERE TABLE_NAME='DIM_TAGTYPE'and TABLE_SCHEMA='MASTER_DIMENSIONS'
Column names for RAW Table --> ST_API_TAGTYPE :: [ID, ISVISIBLEONDISPATCHBOARD, CODE, COLOR, ISALWAYSVISIBLE, ACTIVE, MODIFIEDON, CREATEDON, IMPORTANCE, FONTCOLOR, ISCONVERSIONOPPORTUNITY, NAME, CREATEDBY_ID, IMPORTID, PROJECTEDVALUEADJUSTMENT, TENANT_TYPE]
Column names for DataMart Table --> STR_API_TAGTYPE :: [IMPORTANCE, CREATEDON, ACTIVE, CREATEDBY_ID, FONTCOLOR, ISCONVERSIONOPPORTUNITY, MODIFIEDON, PROJECTEDVALUEADJUSTMENT, RECORD_CREATE_DATE, ID, IMPORTID, NAME, TENANT_TYPE, MASTER_ID, ISVISIBLEONDISPATCHBOARD, CODE, ISALWAYSVISIBLE, ACTIVE_FLAG, COLOR, RECORD_UPDATE_DATE]
Column names for Curated Table --> DIM_TAGTYPE :: [ACTIVE, CODE, FONTCOLOR, IMPORTANCE, TENANT_TYPE, NAME, CREATEDBY_ID, ID, MODIFIEDON, RECORD_UPDATED_BY, COLOR, CREATEDON, RECORD_UPDATE_DATE, ISCONVERSIONOPPORTUNITY, PROJECTEDVALUEADJUSTMENT, RECORD_CREATE_DATE, ISALWAYSVISIBLE, IMPORTID, ISVISIBLEONDISPATCHBOARD]
Column Name found in Datamart and Curated Table :: ID
Column Name found in Datamart and Curated Table :: ISVISIBLEONDISPATCHBOARD
Column Name found in Datamart and Curated Table :: CODE
Column Name found in Datamart and Curated Table :: COLOR
Column Name found in Datamart and Curated Table :: ISALWAYSVISIBLE
Column Name found in Datamart and Curated Table :: ACTIVE
Column Name found in Datamart and Curated Table :: MODIFIEDON
Column Name found in Datamart and Curated Table :: CREATEDON
Column Name found in Datamart and Curated Table :: IMPORTANCE
Column Name found in Datamart and Curated Table :: FONTCOLOR
Column Name found in Datamart and Curated Table :: ISCONVERSIONOPPORTUNITY
Column Name found in Datamart and Curated Table :: NAME
Column Name found in Datamart and Curated Table :: CREATEDBY_ID
Column Name found in Datamart and Curated Table :: IMPORTID
Column Name found in Datamart and Curated Table :: PROJECTEDVALUEADJUSTMENT
Column Name found in Datamart and Curated Table :: TENANT_TYPE
Datamart tables contains additional column name like [ACTIVE_FLAG, RECORD_CREATE_DATE, RECORD_UPDATE_DATE, MASTER_ID]
Curated tables contains additional column name like [RECORD_CREATE_DATE, RECORD_UPDATE_DATE, RECORD_UPDATED_BY]]]>
  </system-out>
  <testcase classname="testcases.RAW_DATAMART_CURATED.SnowFlake_ColumnValidation_APITables" name="validateColumnName_BKP" time="2.557"/>
  <system-out>
    <![CDATA[Executing Snowflake query :: SELECT COLUMN_NAME FROM DEV_ENT_RAW.INFORMATION_SCHEMA.COLUMNS WHERE TABLE_NAME='ST_API_CONTACT'and TABLE_SCHEMA='API_MAT'
Executing Snowflake query :: SELECT COLUMN_NAME FROM CURATED_DATAMART.INFORMATION_SCHEMA.COLUMNS WHERE TABLE_NAME='STR_API_CONTACT'and TABLE_SCHEMA='ST_API_BILLFENWICK'
Executing Snowflake query :: SELECT COLUMN_NAME FROM DEV_ENT_CURATED.INFORMATION_SCHEMA.COLUMNS WHERE TABLE_NAME='DIM_CONTACT'and TABLE_SCHEMA='MASTER_DIMENSIONS'
Column names for RAW Table --> ST_API_CONTACT :: [OWNER_ID, VALUE, ACTIVE, MEMO, INVOICESTATEMENTNOTIFICATION, ID, TYPE, IMPORTID, MARKETINGUPDATESENABLED, CREATEDON, JOBREMINDERSENABLED, CREATEDBY_ID, MESSAGESENABLED, MODIFIEDON, REVERSEPHONE, TENANT_TYPE]
Column names for DataMart Table --> STR_API_CONTACT :: [MARKETINGUPDATESENABLED, CREATEDBY_ID, MASTER_ID, REVERSEPHONE, MEMO, TENANT_TYPE, VALUE, ID, JOBREMINDERSENABLED, RECORD_CREATE_DATE, CREATEDON, MODIFIEDON, RECORD_UPDATE_DATE, INVOICESTATEMENTNOTIFICATION, MESSAGESENABLED, TYPE, ACTIVE, ACTIVE_FLAG, IMPORTID, OWNER_ID]
Column names for Curated Table --> DIM_CONTACT :: [MESSAGESENABLED, MODIFIEDON, CREATEDON, MEMO, OWNER_ID, CREATEDBY_ID, MARKETINGUPDATESENABLED, REVERSEPHONE, ID, IMPORTID, JOBREMINDERSENABLED, INVOICESTATEMENTNOTIFICATION, RECORD_CREATE_DATE, RECORD_UPDATED_BY, TENANT_TYPE, ACTIVE, RECORD_UPDATE_DATE, VALUE, TYPE]
Column Name found in Datamart and Curated Table :: OWNER_ID
Column Name found in Datamart and Curated Table :: VALUE
Column Name found in Datamart and Curated Table :: ACTIVE
Column Name found in Datamart and Curated Table :: MEMO
Column Name found in Datamart and Curated Table :: INVOICESTATEMENTNOTIFICATION
Column Name found in Datamart and Curated Table :: ID
Column Name found in Datamart and Curated Table :: TYPE
Column Name found in Datamart and Curated Table :: IMPORTID
Column Name found in Datamart and Curated Table :: MARKETINGUPDATESENABLED
Column Name found in Datamart and Curated Table :: CREATEDON
Column Name found in Datamart and Curated Table :: JOBREMINDERSENABLED
Column Name found in Datamart and Curated Table :: CREATEDBY_ID
Column Name found in Datamart and Curated Table :: MESSAGESENABLED
Column Name found in Datamart and Curated Table :: MODIFIEDON
Column Name found in Datamart and Curated Table :: REVERSEPHONE
Column Name found in Datamart and Curated Table :: TENANT_TYPE
Datamart tables contains additional column name like [ACTIVE_FLAG, RECORD_CREATE_DATE, RECORD_UPDATE_DATE, MASTER_ID]
Curated tables contains additional column name like [RECORD_CREATE_DATE, RECORD_UPDATE_DATE, RECORD_UPDATED_BY]]]>
  </system-out>
  <testcase classname="testcases.RAW_DATAMART_CURATED.SnowFlake_ColumnValidation_APITables" name="validateColumnName_BKP" time="3.372"/>
  <system-out>
    <![CDATA[Executing Snowflake query :: SELECT COLUMN_NAME FROM DEV_ENT_RAW.INFORMATION_SCHEMA.COLUMNS WHERE TABLE_NAME='ST_API_CONTACT'and TABLE_SCHEMA='API_MAT'
Executing Snowflake query :: SELECT COLUMN_NAME FROM CURATED_DATAMART.INFORMATION_SCHEMA.COLUMNS WHERE TABLE_NAME='STR_API_CONTACT'and TABLE_SCHEMA='ST_API_GOLDMEDAL'
Executing Snowflake query :: SELECT COLUMN_NAME FROM DEV_ENT_CURATED.INFORMATION_SCHEMA.COLUMNS WHERE TABLE_NAME='DIM_CONTACT'and TABLE_SCHEMA='MASTER_DIMENSIONS'
Column names for RAW Table --> ST_API_CONTACT :: [OWNER_ID, VALUE, ACTIVE, MEMO, INVOICESTATEMENTNOTIFICATION, ID, TYPE, IMPORTID, MARKETINGUPDATESENABLED, CREATEDON, JOBREMINDERSENABLED, CREATEDBY_ID, MESSAGESENABLED, MODIFIEDON, REVERSEPHONE, TENANT_TYPE]
Column names for DataMart Table --> STR_API_CONTACT :: [CREATEDBY_ID, CREATEDON, ACTIVE_FLAG, MARKETINGUPDATESENABLED, OWNER_ID, RECORD_UPDATE_DATE, TYPE, JOBREMINDERSENABLED, RECORD_CREATE_DATE, INVOICESTATEMENTNOTIFICATION, TENANT_TYPE, MESSAGESENABLED, ACTIVE, ID, MASTER_ID, VALUE, IMPORTID, MEMO, MODIFIEDON, REVERSEPHONE]
Column names for Curated Table --> DIM_CONTACT :: [MESSAGESENABLED, MODIFIEDON, CREATEDON, MEMO, OWNER_ID, CREATEDBY_ID, MARKETINGUPDATESENABLED, REVERSEPHONE, ID, IMPORTID, JOBREMINDERSENABLED, INVOICESTATEMENTNOTIFICATION, RECORD_CREATE_DATE, RECORD_UPDATED_BY, TENANT_TYPE, ACTIVE, RECORD_UPDATE_DATE, VALUE, TYPE]
Column Name found in Datamart and Curated Table :: OWNER_ID
Column Name found in Datamart and Curated Table :: VALUE
Column Name found in Datamart and Curated Table :: ACTIVE
Column Name found in Datamart and Curated Table :: MEMO
Column Name found in Datamart and Curated Table :: INVOICESTATEMENTNOTIFICATION
Column Name found in Datamart and Curated Table :: ID
Column Name found in Datamart and Curated Table :: TYPE
Column Name found in Datamart and Curated Table :: IMPORTID
Column Name found in Datamart and Curated Table :: MARKETINGUPDATESENABLED
Column Name found in Datamart and Curated Table :: CREATEDON
Column Name found in Datamart and Curated Table :: JOBREMINDERSENABLED
Column Name found in Datamart and Curated Table :: CREATEDBY_ID
Column Name found in Datamart and Curated Table :: MESSAGESENABLED
Column Name found in Datamart and Curated Table :: MODIFIEDON
Column Name found in Datamart and Curated Table :: REVERSEPHONE
Column Name found in Datamart and Curated Table :: TENANT_TYPE
Datamart tables contains additional column name like [ACTIVE_FLAG, RECORD_CREATE_DATE, RECORD_UPDATE_DATE, MASTER_ID]
Curated tables contains additional column name like [RECORD_CREATE_DATE, RECORD_UPDATE_DATE, RECORD_UPDATED_BY]]]>
  </system-out>
  <testcase classname="testcases.RAW_DATAMART_CURATED.SnowFlake_ColumnValidation_APITables" name="validateColumnName_BKP" time="2.757"/>
  <system-out>
    <![CDATA[Executing Snowflake query :: SELECT COLUMN_NAME FROM DEV_ENT_RAW.INFORMATION_SCHEMA.COLUMNS WHERE TABLE_NAME='ST_API_SKUASSET'and TABLE_SCHEMA='API_MAT'
Executing Snowflake query :: SELECT COLUMN_NAME FROM CURATED_DATAMART.INFORMATION_SCHEMA.COLUMNS WHERE TABLE_NAME='STR_API_SKUASSET'and TABLE_SCHEMA='ST_API_FOURPROS'
Executing Snowflake query :: SELECT COLUMN_NAME FROM DEV_ENT_CURATED.INFORMATION_SCHEMA.COLUMNS WHERE TABLE_NAME='DIM_SKUASSET'and TABLE_SCHEMA='MASTER_DIMENSIONS'
Column names for RAW Table --> ST_API_SKUASSET :: [ISEXTERNAL, IMPORTID, ACTIVE, ORIGINALNAME, ALIAS, CREATEDBY_ID, ID, OWNER_ID, URL, METADATA, TYPE, CREATEDON, EXTERNALURL, TENANT_TYPE]
Column names for DataMart Table --> STR_API_SKUASSET :: [ACTIVE, TENANT_TYPE, ALIAS, TYPE, MASTER_ID, ORIGINALNAME, OWNER_ID, URL, IMPORTID, RECORD_CREATE_DATE, RECORD_UPDATE_DATE, METADATA, ID, CREATEDON, ACTIVE_FLAG, CREATEDBY_ID, ISEXTERNAL, EXTERNALURL]
Column names for Curated Table --> DIM_SKUASSET :: [EXTERNALURL, ORIGINALNAME, TENANT_TYPE, RECORD_UPDATE_DATE, ID, ISEXTERNAL, RECORD_CREATE_DATE, ALIAS, CREATEDON, RECORD_UPDATED_BY, TYPE, ACTIVE, CREATEDBY_ID, OWNER_ID, METADATA, URL, IMPORTID]
Column Name found in Datamart and Curated Table :: ISEXTERNAL
Column Name found in Datamart and Curated Table :: IMPORTID
Column Name found in Datamart and Curated Table :: ACTIVE
Column Name found in Datamart and Curated Table :: ORIGINALNAME
Column Name found in Datamart and Curated Table :: ALIAS
Column Name found in Datamart and Curated Table :: CREATEDBY_ID
Column Name found in Datamart and Curated Table :: ID
Column Name found in Datamart and Curated Table :: OWNER_ID
Column Name found in Datamart and Curated Table :: URL
Column Name found in Datamart and Curated Table :: METADATA
Column Name found in Datamart and Curated Table :: TYPE
Column Name found in Datamart and Curated Table :: CREATEDON
Column Name found in Datamart and Curated Table :: EXTERNALURL
Column Name found in Datamart and Curated Table :: TENANT_TYPE
Datamart tables contains additional column name like [ACTIVE_FLAG, RECORD_CREATE_DATE, RECORD_UPDATE_DATE, MASTER_ID]
Curated tables contains additional column name like [RECORD_CREATE_DATE, RECORD_UPDATE_DATE, RECORD_UPDATED_BY]]]>
  </system-out>
  <testcase classname="testcases.RAW_DATAMART_CURATED.SnowFlake_ColumnValidation_APITables" name="validateColumnName_BKP" time="3.145"/>
  <system-out>
    <![CDATA[Executing Snowflake query :: SELECT COLUMN_NAME FROM DEV_ENT_RAW.INFORMATION_SCHEMA.COLUMNS WHERE TABLE_NAME='ST_API_JOB'and TABLE_SCHEMA='API_MAT'
Executing Snowflake query :: SELECT COLUMN_NAME FROM CURATED_DATAMART.INFORMATION_SCHEMA.COLUMNS WHERE TABLE_NAME='STR_API_JOB'and TABLE_SCHEMA='ST_API_EANESHEATING'
Executing Snowflake query :: SELECT COLUMN_NAME FROM DEV_ENT_CURATED.INFORMATION_SCHEMA.COLUMNS WHERE TABLE_NAME='DIM_JOB'and TABLE_SCHEMA='MASTER_DIMENSIONS'
Column names for RAW Table --> ST_API_JOB :: [ACTIVE, CUSTOMER_ID, MANAGEEMPLOYEEEMAIL, MONTHNUMBER, NOCHARGESOURCE, START, CAMPAIGN_ID, LASTCHANGEDBYSMARTDISPATCH, OPPORTUNITYDATE, PREVAILINGWAGEJOBNUMBER, PROJECT_ID, PRIORITY, DRIVETIME, PLANEND, PREDICTEDTOTAL, STATUS, TOTAL, APPROXIMATESTARTDATE, ESTIMATEDCOST, IMPORTID, PROJECTEDVALUE, CREATEDFROMESTIMATESTATUSWHENBOOKING, ISAUTODISPATCHED, NOTIFICATIONSENABLED, COMPLETEDON, CREATEDBY_ID, CUSTOMERPO, ID, LEADGENERATED_ID, LOCATION_ID, PMDATE, PREVAILINGWAGECODE_ID, APPROXIMATEENDDATE, COMPLETIONSURVEYID, CREATEDON, REASSIGNMENTPENALTY, NUMBER, CREATEDFROMESTIMATE_ID, ISCONFIRMED, LATEPENALTY, OPPORTUNITY_ID, PLANSTART, DRIVINGCOST, GENERATEDFROM_ID, SOLDBY_ID, RECALLFOR_ID, CALLSCRIPTANSWERRECORD_ID, DURATION, INVOICE_ID, ISPREVAILINGWAGE, NOCHARGE, SMARTDISPATCHDATA_JOB, LASTAPPOINTMENT_ID, BUSINESSUNIT_ID, FIRSTAPPOINTMENT_ID, GENERATEDBY_ID, ISTECHNICIANSPECIFIC, UNION, WARRANTYFOR_ID, MEMBERSHIP_ID, TYPE_ID, MODIFIEDON, ALLOTTEDTIME, END, EXTERNALID, SECONDARYJOBNUMBER, LEAD_ID, MANAGEFOLLOWUPEMAIL, PREDICTEDSALES, SUMMARY, TENANT_TYPE]
Column names for DataMart Table --> STR_API_JOB :: [GENERATEDFROM_ID, MANAGEFOLLOWUPEMAIL, OPPORTUNITY_ID, PREVAILINGWAGEJOBNUMBER, PREDICTEDTOTAL, SECONDARYJOBNUMBER, BUSINESSUNIT_ID, CREATEDON, END, LASTCHANGEDBYSMARTDISPATCH, LATEPENALTY, MANAGEEMPLOYEEEMAIL, MONTHNUMBER, PROJECTEDVALUE, LASTAPPOINTMENT_ID, ACTIVE, ACTIVE_FLAG, ALLOTTEDTIME, CUSTOMERPO, ESTIMATEDCOST, TENANT_TYPE, MEMBERSHIP_ID, PRIORITY, TYPE_ID, EXTERNALID, LOCATION_ID, RECORD_CREATE_DATE, CALLSCRIPTANSWERRECORD_ID, CAMPAIGN_ID, COMPLETEDON, DRIVETIME, INVOICE_ID, ISCONFIRMED, NOCHARGESOURCE, NOTIFICATIONSENABLED, SMARTDISPATCHDATA_JOB, START, GENERATEDBY_ID, OPPORTUNITYDATE, APPROXIMATEENDDATE, CREATEDFROMESTIMATESTATUSWHENBOOKING, DRIVINGCOST, FIRSTAPPOINTMENT_ID, ISTECHNICIANSPECIFIC, PMDATE, RECORD_UPDATE_DATE, CUSTOMER_ID, ISAUTODISPATCHED, ISPREVAILINGWAGE, PLANEND, DURATION, ID, REASSIGNMENTPENALTY, SOLDBY_ID, STATUS, UNION, APPROXIMATESTARTDATE, CREATEDBY_ID, LEADGENERATED_ID, MASTER_ID, PREDICTEDSALES, PROJECT_ID, SUMMARY, MODIFIEDON, PLANSTART, PREVAILINGWAGECODE_ID, TOTAL, LEAD_ID, WARRANTYFOR_ID, COMPLETIONSURVEYID, NOCHARGE, NUMBER, RECALLFOR_ID, CREATEDFROMESTIMATE_ID, IMPORTID]
Column names for Curated Table --> DIM_JOB :: [LASTCHANGEDBYSMARTDISPATCH, PROJECTEDVALUE, TYPE_ID, EXTERNALID, NOCHARGESOURCE, PMDATE, RECALLFOR_ID, START, ACTIVE, ISAUTODISPATCHED, MONTHNUMBER, PRIORITY, CREATEDON, OPPORTUNITYDATE, PREVAILINGWAGEJOBNUMBER, RECORD_CREATE_DATE, CREATEDBY_ID, LASTAPPOINTMENT_ID, MANAGEEMPLOYEEEMAIL, TOTAL, APPROXIMATESTARTDATE, GENERATEDBY_ID, MANAGEFOLLOWUPEMAIL, RECORD_UPDATED_BY, WARRANTYFOR_ID, UNION, CREATEDFROMESTIMATE_ID, REASSIGNMENTPENALTY, PREDICTEDSALES, LATEPENALTY, DURATION, DRIVETIME, STATUS, SUMMARY, IMPORTID, NOTIFICATIONSENABLED, RECORD_UPDATE_DATE, ALLOTTEDTIME, COMPLETEDON, CUSTOMERPO, GENERATEDFROM_ID, ISTECHNICIANSPECIFIC, LOCATION_ID, PLANEND, MODIFIEDON, PREVAILINGWAGECODE_ID, SECONDARYJOBNUMBER, END, OPPORTUNITY_ID, APPROXIMATEENDDATE, BUSINESSUNIT_ID, CALLSCRIPTANSWERRECORD_ID, CUSTOMER_ID, DRIVINGCOST, ESTIMATEDCOST, FIRSTAPPOINTMENT_ID, PROJECT_ID, SOLDBY_ID, NOCHARGE, ISCONFIRMED, LEADGENERATED_ID, CAMPAIGN_ID, COMPLETIONSURVEYID, CREATEDFROMESTIMATESTATUSWHENBOOKING, ID, INVOICE_ID, ISPREVAILINGWAGE, LEAD_ID, MEMBERSHIP_ID, PLANSTART, SMARTDISPATCHDATA_JOB, TENANT_TYPE, PREDICTEDTOTAL, NUMBER]
Column Name found in Datamart and Curated Table :: ACTIVE
Column Name found in Datamart and Curated Table :: CUSTOMER_ID
Column Name found in Datamart and Curated Table :: MANAGEEMPLOYEEEMAIL
Column Name found in Datamart and Curated Table :: MONTHNUMBER
Column Name found in Datamart and Curated Table :: NOCHARGESOURCE
Column Name found in Datamart and Curated Table :: START
Column Name found in Datamart and Curated Table :: CAMPAIGN_ID
Column Name found in Datamart and Curated Table :: LASTCHANGEDBYSMARTDISPATCH
Column Name found in Datamart and Curated Table :: OPPORTUNITYDATE
Column Name found in Datamart and Curated Table :: PREVAILINGWAGEJOBNUMBER
Column Name found in Datamart and Curated Table :: PROJECT_ID
Column Name found in Datamart and Curated Table :: PRIORITY
Column Name found in Datamart and Curated Table :: DRIVETIME
Column Name found in Datamart and Curated Table :: PLANEND
Column Name found in Datamart and Curated Table :: PREDICTEDTOTAL
Column Name found in Datamart and Curated Table :: STATUS
Column Name found in Datamart and Curated Table :: TOTAL
Column Name found in Datamart and Curated Table :: APPROXIMATESTARTDATE
Column Name found in Datamart and Curated Table :: ESTIMATEDCOST
Column Name found in Datamart and Curated Table :: IMPORTID
Column Name found in Datamart and Curated Table :: PROJECTEDVALUE
Column Name found in Datamart and Curated Table :: CREATEDFROMESTIMATESTATUSWHENBOOKING
Column Name found in Datamart and Curated Table :: ISAUTODISPATCHED
Column Name found in Datamart and Curated Table :: NOTIFICATIONSENABLED
Column Name found in Datamart and Curated Table :: COMPLETEDON
Column Name found in Datamart and Curated Table :: CREATEDBY_ID
Column Name found in Datamart and Curated Table :: CUSTOMERPO
Column Name found in Datamart and Curated Table :: ID
Column Name found in Datamart and Curated Table :: LEADGENERATED_ID
Column Name found in Datamart and Curated Table :: LOCATION_ID
Column Name found in Datamart and Curated Table :: PMDATE
Column Name found in Datamart and Curated Table :: PREVAILINGWAGECODE_ID
Column Name found in Datamart and Curated Table :: APPROXIMATEENDDATE
Column Name found in Datamart and Curated Table :: COMPLETIONSURVEYID
Column Name found in Datamart and Curated Table :: CREATEDON
Column Name found in Datamart and Curated Table :: REASSIGNMENTPENALTY
Column Name found in Datamart and Curated Table :: NUMBER
Column Name found in Datamart and Curated Table :: CREATEDFROMESTIMATE_ID
Column Name found in Datamart and Curated Table :: ISCONFIRMED
Column Name found in Datamart and Curated Table :: LATEPENALTY
Column Name found in Datamart and Curated Table :: OPPORTUNITY_ID
Column Name found in Datamart and Curated Table :: PLANSTART
Column Name found in Datamart and Curated Table :: DRIVINGCOST
Column Name found in Datamart and Curated Table :: GENERATEDFROM_ID
Column Name found in Datamart and Curated Table :: SOLDBY_ID
Column Name found in Datamart and Curated Table :: RECALLFOR_ID
Column Name found in Datamart and Curated Table :: CALLSCRIPTANSWERRECORD_ID
Column Name found in Datamart and Curated Table :: DURATION
Column Name found in Datamart and Curated Table :: INVOICE_ID
Column Name found in Datamart and Curated Table :: ISPREVAILINGWAGE
Column Name found in Datamart and Curated Table :: NOCHARGE
Column Name found in Datamart and Curated Table :: SMARTDISPATCHDATA_JOB
Column Name found in Datamart and Curated Table :: LASTAPPOINTMENT_ID
Column Name found in Datamart and Curated Table :: BUSINESSUNIT_ID
Column Name found in Datamart and Curated Table :: FIRSTAPPOINTMENT_ID
Column Name found in Datamart and Curated Table :: GENERATEDBY_ID
Column Name found in Datamart and Curated Table :: ISTECHNICIANSPECIFIC
Column Name found in Datamart and Curated Table :: UNION
Column Name found in Datamart and Curated Table :: WARRANTYFOR_ID
Column Name found in Datamart and Curated Table :: MEMBERSHIP_ID
Column Name found in Datamart and Curated Table :: TYPE_ID
Column Name found in Datamart and Curated Table :: MODIFIEDON
Column Name found in Datamart and Curated Table :: ALLOTTEDTIME
Column Name found in Datamart and Curated Table :: END
Column Name found in Datamart and Curated Table :: EXTERNALID
Column Name found in Datamart and Curated Table :: SECONDARYJOBNUMBER
Column Name found in Datamart and Curated Table :: LEAD_ID
Column Name found in Datamart and Curated Table :: MANAGEFOLLOWUPEMAIL
Column Name found in Datamart and Curated Table :: PREDICTEDSALES
Column Name found in Datamart and Curated Table :: SUMMARY
Column Name found in Datamart and Curated Table :: TENANT_TYPE
Datamart tables contains additional column name like [ACTIVE_FLAG, RECORD_CREATE_DATE, RECORD_UPDATE_DATE, MASTER_ID]
Curated tables contains additional column name like [RECORD_CREATE_DATE, RECORD_UPDATE_DATE, RECORD_UPDATED_BY]]]>
  </system-out>
  <testcase classname="testcases.RAW_DATAMART_CURATED.SnowFlake_ColumnValidation_APITables" name="validateColumnName_BKP" time="2.349"/>
  <system-out>
    <![CDATA[Executing Snowflake query :: SELECT COLUMN_NAME FROM DEV_ENT_RAW.INFORMATION_SCHEMA.COLUMNS WHERE TABLE_NAME='ST_API_CATEGORY'and TABLE_SCHEMA='API_MAT'
Executing Snowflake query :: SELECT COLUMN_NAME FROM CURATED_DATAMART.INFORMATION_SCHEMA.COLUMNS WHERE TABLE_NAME='STR_API_CATEGORY'and TABLE_SCHEMA='ST_API_BILLFENWICK'
Executing Snowflake query :: SELECT COLUMN_NAME FROM DEV_ENT_CURATED.INFORMATION_SCHEMA.COLUMNS WHERE TABLE_NAME='DIM_CATEGORY'and TABLE_SCHEMA='MASTER_DIMENSIONS'
Column names for RAW Table --> ST_API_CATEGORY :: [SOURCEVERSION, SUPPLIERIMAGES, CREATEDBY_ID, CREATEDON, IMAGE, CATEGORYTYPE, HIDEINMOBILE, ID, IMPORTID, PARENT_ID, BUSINESSUNIT_ID, SOURCE, ACTIVE, AVALARACOMMERCIALTAXCODE, DESCRIPTION, AVALARARESIDENTIALTAXCODE, NAME, SKUIMAGES, POSITION, EXTERNALID, TENANT_TYPE]
Column names for DataMart Table --> STR_API_CATEGORY :: [ACTIVE_FLAG, RECORD_CREATE_DATE, RECORD_UPDATE_DATE, SKUIMAGES, AVALARARESIDENTIALTAXCODE, NAME, SOURCE, SOURCEVERSION, ID, IMPORTID, HIDEINMOBILE, SUPPLIERIMAGES, BUSINESSUNIT_ID, MASTER_ID, ACTIVE, EXTERNALID, IMAGE, PARENT_ID, TENANT_TYPE, DESCRIPTION, CREATEDON, AVALARACOMMERCIALTAXCODE, CATEGORYTYPE, CREATEDBY_ID, POSITION]
Column names for Curated Table --> DIM_CATEGORY :: [AVALARARESIDENTIALTAXCODE, POSITION, SOURCEVERSION, IMAGE, ACTIVE, IMPORTID, NAME, SKUIMAGES, CREATEDBY_ID, PARENT_ID, SOURCE, DESCRIPTION, EXTERNALID, SUPPLIERIMAGES, AVALARACOMMERCIALTAXCODE, BUSINESSUNIT_ID, CATEGORYTYPE, ID, RECORD_UPDATE_DATE, TENANT_TYPE, RECORD_UPDATED_BY, CREATEDON, HIDEINMOBILE, RECORD_CREATE_DATE]
Column Name found in Datamart and Curated Table :: SOURCEVERSION
Column Name found in Datamart and Curated Table :: SUPPLIERIMAGES
Column Name found in Datamart and Curated Table :: CREATEDBY_ID
Column Name found in Datamart and Curated Table :: CREATEDON
Column Name found in Datamart and Curated Table :: IMAGE
Column Name found in Datamart and Curated Table :: CATEGORYTYPE
Column Name found in Datamart and Curated Table :: HIDEINMOBILE
Column Name found in Datamart and Curated Table :: ID
Column Name found in Datamart and Curated Table :: IMPORTID
Column Name found in Datamart and Curated Table :: PARENT_ID
Column Name found in Datamart and Curated Table :: BUSINESSUNIT_ID
Column Name found in Datamart and Curated Table :: SOURCE
Column Name found in Datamart and Curated Table :: ACTIVE
Column Name found in Datamart and Curated Table :: AVALARACOMMERCIALTAXCODE
Column Name found in Datamart and Curated Table :: DESCRIPTION
Column Name found in Datamart and Curated Table :: AVALARARESIDENTIALTAXCODE
Column Name found in Datamart and Curated Table :: NAME
Column Name found in Datamart and Curated Table :: SKUIMAGES
Column Name found in Datamart and Curated Table :: POSITION
Column Name found in Datamart and Curated Table :: EXTERNALID
Column Name found in Datamart and Curated Table :: TENANT_TYPE
Datamart tables contains additional column name like [ACTIVE_FLAG, RECORD_CREATE_DATE, RECORD_UPDATE_DATE, MASTER_ID]
Curated tables contains additional column name like [RECORD_CREATE_DATE, RECORD_UPDATE_DATE, RECORD_UPDATED_BY]]]>
  </system-out>
  <testcase classname="testcases.RAW_DATAMART_CURATED.SnowFlake_ColumnValidation_APITables" name="validateColumnName_BKP" time="2.154"/>
  <system-out>
    <![CDATA[Executing Snowflake query :: SELECT COLUMN_NAME FROM DEV_ENT_RAW.INFORMATION_SCHEMA.COLUMNS WHERE TABLE_NAME='ST_API_CATEGORY'and TABLE_SCHEMA='API_MAT'
Executing Snowflake query :: SELECT COLUMN_NAME FROM CURATED_DATAMART.INFORMATION_SCHEMA.COLUMNS WHERE TABLE_NAME='STR_API_CATEGORY'and TABLE_SCHEMA='ST_API_FOURPROS'
Executing Snowflake query :: SELECT COLUMN_NAME FROM DEV_ENT_CURATED.INFORMATION_SCHEMA.COLUMNS WHERE TABLE_NAME='DIM_CATEGORY'and TABLE_SCHEMA='MASTER_DIMENSIONS'
Column names for RAW Table --> ST_API_CATEGORY :: [SOURCEVERSION, SUPPLIERIMAGES, CREATEDBY_ID, CREATEDON, IMAGE, CATEGORYTYPE, HIDEINMOBILE, ID, IMPORTID, PARENT_ID, BUSINESSUNIT_ID, SOURCE, ACTIVE, AVALARACOMMERCIALTAXCODE, DESCRIPTION, AVALARARESIDENTIALTAXCODE, NAME, SKUIMAGES, POSITION, EXTERNALID, TENANT_TYPE]
Column names for DataMart Table --> STR_API_CATEGORY :: [ACTIVE, SOURCE, CATEGORYTYPE, IMPORTID, BUSINESSUNIT_ID, EXTERNALID, HIDEINMOBILE, SUPPLIERIMAGES, ACTIVE_FLAG, IMAGE, PARENT_ID, DESCRIPTION, ID, SKUIMAGES, SOURCEVERSION, POSITION, RECORD_UPDATE_DATE, TENANT_TYPE, AVALARACOMMERCIALTAXCODE, AVALARARESIDENTIALTAXCODE, CREATEDON, RECORD_CREATE_DATE, CREATEDBY_ID, MASTER_ID, NAME]
Column names for Curated Table --> DIM_CATEGORY :: [AVALARARESIDENTIALTAXCODE, POSITION, SOURCEVERSION, IMAGE, ACTIVE, IMPORTID, NAME, SKUIMAGES, CREATEDBY_ID, PARENT_ID, SOURCE, DESCRIPTION, EXTERNALID, SUPPLIERIMAGES, AVALARACOMMERCIALTAXCODE, BUSINESSUNIT_ID, CATEGORYTYPE, ID, RECORD_UPDATE_DATE, TENANT_TYPE, RECORD_UPDATED_BY, CREATEDON, HIDEINMOBILE, RECORD_CREATE_DATE]
Column Name found in Datamart and Curated Table :: SOURCEVERSION
Column Name found in Datamart and Curated Table :: SUPPLIERIMAGES
Column Name found in Datamart and Curated Table :: CREATEDBY_ID
Column Name found in Datamart and Curated Table :: CREATEDON
Column Name found in Datamart and Curated Table :: IMAGE
Column Name found in Datamart and Curated Table :: CATEGORYTYPE
Column Name found in Datamart and Curated Table :: HIDEINMOBILE
Column Name found in Datamart and Curated Table :: ID
Column Name found in Datamart and Curated Table :: IMPORTID
Column Name found in Datamart and Curated Table :: PARENT_ID
Column Name found in Datamart and Curated Table :: BUSINESSUNIT_ID
Column Name found in Datamart and Curated Table :: SOURCE
Column Name found in Datamart and Curated Table :: ACTIVE
Column Name found in Datamart and Curated Table :: AVALARACOMMERCIALTAXCODE
Column Name found in Datamart and Curated Table :: DESCRIPTION
Column Name found in Datamart and Curated Table :: AVALARARESIDENTIALTAXCODE
Column Name found in Datamart and Curated Table :: NAME
Column Name found in Datamart and Curated Table :: SKUIMAGES
Column Name found in Datamart and Curated Table :: POSITION
Column Name found in Datamart and Curated Table :: EXTERNALID
Column Name found in Datamart and Curated Table :: TENANT_TYPE
Datamart tables contains additional column name like [ACTIVE_FLAG, RECORD_CREATE_DATE, RECORD_UPDATE_DATE, MASTER_ID]
Curated tables contains additional column name like [RECORD_CREATE_DATE, RECORD_UPDATE_DATE, RECORD_UPDATED_BY]]]>
  </system-out>
  <testcase classname="testcases.RAW_DATAMART_CURATED.SnowFlake_ColumnValidation_APITables" name="validateColumnName_BKP" time="2.444"/>
  <system-out>
    <![CDATA[Executing Snowflake query :: SELECT COLUMN_NAME FROM DEV_ENT_RAW.INFORMATION_SCHEMA.COLUMNS WHERE TABLE_NAME='ST_API_PAYMENTSPLIT'and TABLE_SCHEMA='API_MAT'
Executing Snowflake query :: SELECT COLUMN_NAME FROM CURATED_DATAMART.INFORMATION_SCHEMA.COLUMNS WHERE TABLE_NAME='STR_API_PAYMENTSPLIT'and TABLE_SCHEMA='ST_API_HORIZONSERVICES'
Executing Snowflake query :: SELECT COLUMN_NAME FROM DEV_ENT_CURATED.INFORMATION_SCHEMA.COLUMNS WHERE TABLE_NAME='DIM_PAYMENTSPLIT'and TABLE_SCHEMA='MASTER_DIMENSIONS'
Column names for RAW Table --> ST_API_PAYMENTSPLIT :: [ID, MODIFIEDON, AMOUNT, PAYMENT_ID, PAYSELLERCOMMISSION, IMPORTID, INVOICE_ID, CREATEDON, CREATEDBY_ID, ACTIVE, TENANT_TYPE]
Column names for DataMart Table --> STR_API_PAYMENTSPLIT :: [AMOUNT, MODIFIEDON, ACTIVE, ID, INVOICE_ID, PAYMENT_ID, MASTER_ID, CREATEDBY_ID, ACTIVE_FLAG, TENANT_TYPE, IMPORTID, RECORD_UPDATE_DATE, CREATEDON, PAYSELLERCOMMISSION, RECORD_CREATE_DATE]
Column names for Curated Table --> DIM_PAYMENTSPLIT :: [IMPORTID, PAYSELLERCOMMISSION, CREATEDON, PAYMENT_ID, TENANT_TYPE, MODIFIEDON, AMOUNT, CREATEDBY_ID, INVOICE_ID, ID, RECORD_UPDATED_BY, RECORD_UPDATE_DATE, ACTIVE, RECORD_CREATE_DATE]
Column Name found in Datamart and Curated Table :: ID
Column Name found in Datamart and Curated Table :: MODIFIEDON
Column Name found in Datamart and Curated Table :: AMOUNT
Column Name found in Datamart and Curated Table :: PAYMENT_ID
Column Name found in Datamart and Curated Table :: PAYSELLERCOMMISSION
Column Name found in Datamart and Curated Table :: IMPORTID
Column Name found in Datamart and Curated Table :: INVOICE_ID
Column Name found in Datamart and Curated Table :: CREATEDON
Column Name found in Datamart and Curated Table :: CREATEDBY_ID
Column Name found in Datamart and Curated Table :: ACTIVE
Column Name found in Datamart and Curated Table :: TENANT_TYPE
Datamart tables contains additional column name like [ACTIVE_FLAG, RECORD_CREATE_DATE, RECORD_UPDATE_DATE, MASTER_ID]
Curated tables contains additional column name like [RECORD_CREATE_DATE, RECORD_UPDATE_DATE, RECORD_UPDATED_BY]]]>
  </system-out>
  <testcase classname="testcases.RAW_DATAMART_CURATED.SnowFlake_ColumnValidation_APITables" name="validateColumnName_BKP" time="2.828"/>
  <system-out>
    <![CDATA[Executing Snowflake query :: SELECT COLUMN_NAME FROM DEV_ENT_RAW.INFORMATION_SCHEMA.COLUMNS WHERE TABLE_NAME='ST_API_TECHNICIANSHIFT'and TABLE_SCHEMA='API_MAT'
Executing Snowflake query :: SELECT COLUMN_NAME FROM CURATED_DATAMART.INFORMATION_SCHEMA.COLUMNS WHERE TABLE_NAME='STR_API_TECHNICIANSHIFT'and TABLE_SCHEMA='ST_API_HUTCHINSON'
Executing Snowflake query :: SELECT COLUMN_NAME FROM DEV_ENT_CURATED.INFORMATION_SCHEMA.COLUMNS WHERE TABLE_NAME='DIM_TECHNICIANSHIFT'and TABLE_SCHEMA='MASTER_DIMENSIONS'
Column names for RAW Table --> ST_API_TECHNICIANSHIFT :: [END, ENDDATE, STARTTIME, ENDTIME, START, TECHNICIAN_ID, ACTIVE, BATCH, CREATEDBY_ID, TITLE, ID, IMPORTID, SHIFTTYPE, STARTDATE, CREATEDON, NOTE, TIMESHEET_ID, TIMESHEETCODE_ID, TENANT_TYPE]
Column names for DataMart Table --> STR_API_TECHNICIANSHIFT :: [ACTIVE, TIMESHEETCODE_ID, CREATEDBY_ID, END, SHIFTTYPE, START, STARTDATE, ENDDATE, STARTTIME, ACTIVE_FLAG, CREATEDON, NOTE, ID, IMPORTID, MASTER_ID, TENANT_TYPE, RECORD_UPDATE_DATE, TIMESHEET_ID, TECHNICIAN_ID, BATCH, ENDTIME, RECORD_CREATE_DATE, TITLE]
Column names for Curated Table --> DIM_TECHNICIANSHIFT :: [CREATEDON, TENANT_TYPE, TITLE, ACTIVE, NOTE, RECORD_CREATE_DATE, END, ID, RECORD_UPDATED_BY, TIMESHEETCODE_ID, IMPORTID, RECORD_UPDATE_DATE, STARTTIME, TECHNICIAN_ID, TIMESHEET_ID, CREATEDBY_ID, ENDDATE, START, SHIFTTYPE, BATCH, ENDTIME, STARTDATE]
Column Name found in Datamart and Curated Table :: END
Column Name found in Datamart and Curated Table :: ENDDATE
Column Name found in Datamart and Curated Table :: STARTTIME
Column Name found in Datamart and Curated Table :: ENDTIME
Column Name found in Datamart and Curated Table :: START
Column Name found in Datamart and Curated Table :: TECHNICIAN_ID
Column Name found in Datamart and Curated Table :: ACTIVE
Column Name found in Datamart and Curated Table :: BATCH
Column Name found in Datamart and Curated Table :: CREATEDBY_ID
Column Name found in Datamart and Curated Table :: TITLE
Column Name found in Datamart and Curated Table :: ID
Column Name found in Datamart and Curated Table :: IMPORTID
Column Name found in Datamart and Curated Table :: SHIFTTYPE
Column Name found in Datamart and Curated Table :: STARTDATE
Column Name found in Datamart and Curated Table :: CREATEDON
Column Name found in Datamart and Curated Table :: NOTE
Column Name found in Datamart and Curated Table :: TIMESHEET_ID
Column Name found in Datamart and Curated Table :: TIMESHEETCODE_ID
Column Name found in Datamart and Curated Table :: TENANT_TYPE
Datamart tables contains additional column name like [ACTIVE_FLAG, RECORD_CREATE_DATE, RECORD_UPDATE_DATE, MASTER_ID]
Curated tables contains additional column name like [RECORD_CREATE_DATE, RECORD_UPDATE_DATE, RECORD_UPDATED_BY]]]>
  </system-out>
  <testcase classname="testcases.RAW_DATAMART_CURATED.SnowFlake_ColumnValidation_APITables" name="validateColumnName_BKP" time="3.093"/>
  <system-out>
    <![CDATA[Executing Snowflake query :: SELECT COLUMN_NAME FROM DEV_ENT_RAW.INFORMATION_SCHEMA.COLUMNS WHERE TABLE_NAME='ST_API_ZONE'and TABLE_SCHEMA='API_MAT'
Executing Snowflake query :: SELECT COLUMN_NAME FROM CURATED_DATAMART.INFORMATION_SCHEMA.COLUMNS WHERE TABLE_NAME='STR_API_ZONE'and TABLE_SCHEMA='ST_API_HUTCHINSON'
Executing Snowflake query :: SELECT COLUMN_NAME FROM DEV_ENT_CURATED.INFORMATION_SCHEMA.COLUMNS WHERE TABLE_NAME='DIM_ZONE'and TABLE_SCHEMA='MASTER_DIMENSIONS'
Column names for RAW Table --> ST_API_ZONE :: [LOCNNUMBERS, MODIFIEDON, CREATEDON, COLOR, ID, SERVICEDAYSENABLED, CREATEDBY_ID, IMPORTID, ACTIVE, NAME, TERRITORYNUMBERS, CITIES, SERVICEDAYS, ZIPS, MAXDRIVETIMEADJUSTMENT, TENANT_TYPE]
Column names for DataMart Table --> STR_API_ZONE :: [ACTIVE_FLAG, CITIES, MODIFIEDON, CREATEDBY_ID, MAXDRIVETIMEADJUSTMENT, TERRITORYNUMBERS, SERVICEDAYS, RECORD_UPDATE_DATE, TENANT_TYPE, ACTIVE, ID, LOCNNUMBERS, NAME, COLOR, IMPORTID, MASTER_ID, RECORD_CREATE_DATE, SERVICEDAYSENABLED, CREATEDON, ZIPS]
Column names for Curated Table --> DIM_ZONE :: [CREATEDON, ID, ZIPS, CITIES, IMPORTID, LOCNNUMBERS, MODIFIEDON, NAME, SERVICEDAYS, TENANT_TYPE, MAXDRIVETIMEADJUSTMENT, TERRITORYNUMBERS, RECORD_CREATE_DATE, ACTIVE, CREATEDBY_ID, SERVICEDAYSENABLED, RECORD_UPDATE_DATE, COLOR, RECORD_UPDATED_BY]
Column Name found in Datamart and Curated Table :: LOCNNUMBERS
Column Name found in Datamart and Curated Table :: MODIFIEDON
Column Name found in Datamart and Curated Table :: CREATEDON
Column Name found in Datamart and Curated Table :: COLOR
Column Name found in Datamart and Curated Table :: ID
Column Name found in Datamart and Curated Table :: SERVICEDAYSENABLED
Column Name found in Datamart and Curated Table :: CREATEDBY_ID
Column Name found in Datamart and Curated Table :: IMPORTID
Column Name found in Datamart and Curated Table :: ACTIVE
Column Name found in Datamart and Curated Table :: NAME
Column Name found in Datamart and Curated Table :: TERRITORYNUMBERS
Column Name found in Datamart and Curated Table :: CITIES
Column Name found in Datamart and Curated Table :: SERVICEDAYS
Column Name found in Datamart and Curated Table :: ZIPS
Column Name found in Datamart and Curated Table :: MAXDRIVETIMEADJUSTMENT
Column Name found in Datamart and Curated Table :: TENANT_TYPE
Datamart tables contains additional column name like [ACTIVE_FLAG, RECORD_CREATE_DATE, RECORD_UPDATE_DATE, MASTER_ID]
Curated tables contains additional column name like [RECORD_CREATE_DATE, RECORD_UPDATE_DATE, RECORD_UPDATED_BY]]]>
  </system-out>
  <testcase classname="testcases.RAW_DATAMART_CURATED.SnowFlake_ColumnValidation_APITables" name="validateColumnName_BKP" time="2.792"/>
  <system-out>
    <![CDATA[Executing Snowflake query :: SELECT COLUMN_NAME FROM DEV_ENT_RAW.INFORMATION_SCHEMA.COLUMNS WHERE TABLE_NAME='ST_API_CANCELJOBREASON'and TABLE_SCHEMA='API_MAT'
Executing Snowflake query :: SELECT COLUMN_NAME FROM CURATED_DATAMART.INFORMATION_SCHEMA.COLUMNS WHERE TABLE_NAME='STR_API_CANCELJOBREASON'and TABLE_SCHEMA='ST_API_GOLDMEDAL'
Executing Snowflake query :: SELECT COLUMN_NAME FROM DEV_ENT_CURATED.INFORMATION_SCHEMA.COLUMNS WHERE TABLE_NAME='DIM_CANCELJOBREASON'and TABLE_SCHEMA='MASTER_DIMENSIONS'
Column names for RAW Table --> ST_API_CANCELJOBREASON :: [CREATEDBY_ID, CREATEDON, ID, IMPORTID, MODIFIEDON, NAME, ACTIVE, TENANT_TYPE]
Column names for DataMart Table --> STR_API_CANCELJOBREASON :: [ACTIVE, CREATEDBY_ID, CREATEDON, RECORD_CREATE_DATE, IMPORTID, NAME, ACTIVE_FLAG, MASTER_ID, RECORD_UPDATE_DATE, ID, TENANT_TYPE, MODIFIEDON]
Column names for Curated Table --> DIM_CANCELJOBREASON :: [ID, IMPORTID, TENANT_TYPE, MODIFIEDON, CREATEDON, RECORD_UPDATED_BY, RECORD_UPDATE_DATE, RECORD_CREATE_DATE, ACTIVE, CREATEDBY_ID, NAME]
Column Name found in Datamart and Curated Table :: CREATEDBY_ID
Column Name found in Datamart and Curated Table :: CREATEDON
Column Name found in Datamart and Curated Table :: ID
Column Name found in Datamart and Curated Table :: IMPORTID
Column Name found in Datamart and Curated Table :: MODIFIEDON
Column Name found in Datamart and Curated Table :: NAME
Column Name found in Datamart and Curated Table :: ACTIVE
Column Name found in Datamart and Curated Table :: TENANT_TYPE
Datamart tables contains additional column name like [ACTIVE_FLAG, RECORD_CREATE_DATE, RECORD_UPDATE_DATE, MASTER_ID]
Curated tables contains additional column name like [RECORD_CREATE_DATE, RECORD_UPDATE_DATE, RECORD_UPDATED_BY]]]>
  </system-out>
  <testcase classname="testcases.RAW_DATAMART_CURATED.SnowFlake_ColumnValidation_APITables" name="validateColumnName_BKP" time="2.038"/>
  <system-out>
    <![CDATA[Executing Snowflake query :: SELECT COLUMN_NAME FROM DEV_ENT_RAW.INFORMATION_SCHEMA.COLUMNS WHERE TABLE_NAME='ST_API_TAGTYPE'and TABLE_SCHEMA='API_MAT'
Executing Snowflake query :: SELECT COLUMN_NAME FROM CURATED_DATAMART.INFORMATION_SCHEMA.COLUMNS WHERE TABLE_NAME='STR_API_TAGTYPE'and TABLE_SCHEMA='ST_API_GOLDMEDAL'
Executing Snowflake query :: SELECT COLUMN_NAME FROM DEV_ENT_CURATED.INFORMATION_SCHEMA.COLUMNS WHERE TABLE_NAME='DIM_TAGTYPE'and TABLE_SCHEMA='MASTER_DIMENSIONS'
Column names for RAW Table --> ST_API_TAGTYPE :: [ID, ISVISIBLEONDISPATCHBOARD, CODE, COLOR, ISALWAYSVISIBLE, ACTIVE, MODIFIEDON, CREATEDON, IMPORTANCE, FONTCOLOR, ISCONVERSIONOPPORTUNITY, NAME, CREATEDBY_ID, IMPORTID, PROJECTEDVALUEADJUSTMENT, TENANT_TYPE]
Column names for DataMart Table --> STR_API_TAGTYPE :: [ACTIVE_FLAG, IMPORTID, PROJECTEDVALUEADJUSTMENT, ACTIVE, FONTCOLOR, MODIFIEDON, COLOR, ISCONVERSIONOPPORTUNITY, TENANT_TYPE, IMPORTANCE, MASTER_ID, RECORD_UPDATE_DATE, CODE, CREATEDON, RECORD_CREATE_DATE, CREATEDBY_ID, ID, ISALWAYSVISIBLE, NAME, ISVISIBLEONDISPATCHBOARD]
Column names for Curated Table --> DIM_TAGTYPE :: [ACTIVE, CODE, FONTCOLOR, IMPORTANCE, TENANT_TYPE, NAME, CREATEDBY_ID, ID, MODIFIEDON, RECORD_UPDATED_BY, COLOR, CREATEDON, RECORD_UPDATE_DATE, ISCONVERSIONOPPORTUNITY, PROJECTEDVALUEADJUSTMENT, RECORD_CREATE_DATE, ISALWAYSVISIBLE, IMPORTID, ISVISIBLEONDISPATCHBOARD]
Column Name found in Datamart and Curated Table :: ID
Column Name found in Datamart and Curated Table :: ISVISIBLEONDISPATCHBOARD
Column Name found in Datamart and Curated Table :: CODE
Column Name found in Datamart and Curated Table :: COLOR
Column Name found in Datamart and Curated Table :: ISALWAYSVISIBLE
Column Name found in Datamart and Curated Table :: ACTIVE
Column Name found in Datamart and Curated Table :: MODIFIEDON
Column Name found in Datamart and Curated Table :: CREATEDON
Column Name found in Datamart and Curated Table :: IMPORTANCE
Column Name found in Datamart and Curated Table :: FONTCOLOR
Column Name found in Datamart and Curated Table :: ISCONVERSIONOPPORTUNITY
Column Name found in Datamart and Curated Table :: NAME
Column Name found in Datamart and Curated Table :: CREATEDBY_ID
Column Name found in Datamart and Curated Table :: IMPORTID
Column Name found in Datamart and Curated Table :: PROJECTEDVALUEADJUSTMENT
Column Name found in Datamart and Curated Table :: TENANT_TYPE
Datamart tables contains additional column name like [ACTIVE_FLAG, RECORD_CREATE_DATE, RECORD_UPDATE_DATE, MASTER_ID]
Curated tables contains additional column name like [RECORD_CREATE_DATE, RECORD_UPDATE_DATE, RECORD_UPDATED_BY]]]>
  </system-out>
  <testcase classname="testcases.RAW_DATAMART_CURATED.SnowFlake_ColumnValidation_APITables" name="validateColumnName_BKP" time="2.373"/>
  <system-out>
    <![CDATA[Executing Snowflake query :: SELECT COLUMN_NAME FROM DEV_ENT_RAW.INFORMATION_SCHEMA.COLUMNS WHERE TABLE_NAME='ST_API_VENDOR'and TABLE_SCHEMA='API_MAT'
Executing Snowflake query :: SELECT COLUMN_NAME FROM CURATED_DATAMART.INFORMATION_SCHEMA.COLUMNS WHERE TABLE_NAME='STR_API_VENDOR'and TABLE_SCHEMA='ST_API_HUTCHINSON'
Executing Snowflake query :: SELECT COLUMN_NAME FROM DEV_ENT_CURATED.INFORMATION_SCHEMA.COLUMNS WHERE TABLE_NAME='DIM_VENDOR'and TABLE_SCHEMA='MASTER_DIMENSIONS'
Column names for RAW Table --> ST_API_VENDOR :: [DELIVERYOPTION, REMITTANCEVENDOR_ID, LASTNAME, TAXRATE, ACTIVE, CREATEDON, VENDORADDRESS_ISMANUALCOORDINATES, IMPORTID, ISTRUCKREPLENISHMENT, PHONE, ID, VENDORADDRESS_STREET, FAX, VENDORADDRESS_LATITUDE, CREATEDBY_ID, EMAIL, EXTERNALID, FIRSTNAME, MEMO, RESTRICTEDMOBILECREATION, VENDORADDRESS_COUNTRY, VENDORADDRESS_LONGITUDE, VENDORADDRESS_CITY, NAME, VENDORADDRESS_ISMILITARY, VENDORQUICKBOOKSITEM, VENDORADDRESS_UNIT, VENDORADDRESS_ZIP, VENDORADDRESS_STATE, MODIFIEDON, PAYMENTTERM_ID, ADDRESS, TENANT_TYPE]
Column names for DataMart Table --> STR_API_VENDOR :: [REMITTANCEVENDOR_ID, VENDORADDRESS_COUNTRY, VENDORQUICKBOOKSITEM, ISTRUCKREPLENISHMENT, VENDORADDRESS_ZIP, VENDORADDRESS_UNIT, ACTIVE_FLAG, EXTERNALID, FIRSTNAME, ID, IMPORTID, TAXRATE, VENDORADDRESS_LONGITUDE, VENDORADDRESS_CITY, MASTER_ID, MODIFIEDON, NAME, VENDORADDRESS_LATITUDE, ADDRESS, DELIVERYOPTION, EMAIL, RECORD_UPDATE_DATE, RESTRICTEDMOBILECREATION, VENDORADDRESS_ISMANUALCOORDINATES, LASTNAME, MEMO, PHONE, PAYMENTTERM_ID, RECORD_CREATE_DATE, ACTIVE, CREATEDBY_ID, CREATEDON, FAX, TENANT_TYPE, VENDORADDRESS_ISMILITARY, VENDORADDRESS_STATE, VENDORADDRESS_STREET]
Column names for Curated Table --> DIM_VENDOR :: [DELIVERYOPTION, EXTERNALID, VENDORADDRESS_LATITUDE, VENDORADDRESS_ISMILITARY, VENDORADDRESS_STREET, EMAIL, ID, MEMO, PHONE, TAXRATE, VENDORADDRESS_ZIP, VENDORADDRESS_CITY, ACTIVE, ADDRESS, FAX, ISTRUCKREPLENISHMENT, VENDORADDRESS_STATE, REMITTANCEVENDOR_ID, FIRSTNAME, NAME, VENDORADDRESS_COUNTRY, LASTNAME, RECORD_UPDATE_DATE, VENDORADDRESS_UNIT, MODIFIEDON, CREATEDBY_ID, RECORD_CREATE_DATE, TENANT_TYPE, VENDORADDRESS_LONGITUDE, CREATEDON, IMPORTID, VENDORADDRESS_ISMANUALCOORDINATES, RESTRICTEDMOBILECREATION, PAYMENTTERM_ID, RECORD_UPDATED_BY, VENDORQUICKBOOKSITEM]
Column Name found in Datamart and Curated Table :: DELIVERYOPTION
Column Name found in Datamart and Curated Table :: REMITTANCEVENDOR_ID
Column Name found in Datamart and Curated Table :: LASTNAME
Column Name found in Datamart and Curated Table :: TAXRATE
Column Name found in Datamart and Curated Table :: ACTIVE
Column Name found in Datamart and Curated Table :: CREATEDON
Column Name found in Datamart and Curated Table :: VENDORADDRESS_ISMANUALCOORDINATES
Column Name found in Datamart and Curated Table :: IMPORTID
Column Name found in Datamart and Curated Table :: ISTRUCKREPLENISHMENT
Column Name found in Datamart and Curated Table :: PHONE
Column Name found in Datamart and Curated Table :: ID
Column Name found in Datamart and Curated Table :: VENDORADDRESS_STREET
Column Name found in Datamart and Curated Table :: FAX
Column Name found in Datamart and Curated Table :: VENDORADDRESS_LATITUDE
Column Name found in Datamart and Curated Table :: CREATEDBY_ID
Column Name found in Datamart and Curated Table :: EMAIL
Column Name found in Datamart and Curated Table :: EXTERNALID
Column Name found in Datamart and Curated Table :: FIRSTNAME
Column Name found in Datamart and Curated Table :: MEMO
Column Name found in Datamart and Curated Table :: RESTRICTEDMOBILECREATION
Column Name found in Datamart and Curated Table :: VENDORADDRESS_COUNTRY
Column Name found in Datamart and Curated Table :: VENDORADDRESS_LONGITUDE
Column Name found in Datamart and Curated Table :: VENDORADDRESS_CITY
Column Name found in Datamart and Curated Table :: NAME
Column Name found in Datamart and Curated Table :: VENDORADDRESS_ISMILITARY
Column Name found in Datamart and Curated Table :: VENDORQUICKBOOKSITEM
Column Name found in Datamart and Curated Table :: VENDORADDRESS_UNIT
Column Name found in Datamart and Curated Table :: VENDORADDRESS_ZIP
Column Name found in Datamart and Curated Table :: VENDORADDRESS_STATE
Column Name found in Datamart and Curated Table :: MODIFIEDON
Column Name found in Datamart and Curated Table :: PAYMENTTERM_ID
Column Name found in Datamart and Curated Table :: ADDRESS
Column Name found in Datamart and Curated Table :: TENANT_TYPE
Datamart tables contains additional column name like [ACTIVE_FLAG, RECORD_CREATE_DATE, RECORD_UPDATE_DATE, MASTER_ID]
Curated tables contains additional column name like [RECORD_CREATE_DATE, RECORD_UPDATE_DATE, RECORD_UPDATED_BY]]]>
  </system-out>
  <testcase classname="testcases.RAW_DATAMART_CURATED.SnowFlake_ColumnValidation_APITables" name="validateColumnName_BKP" time="2.252"/>
  <system-out>
    <![CDATA[Executing Snowflake query :: SELECT COLUMN_NAME FROM DEV_ENT_RAW.INFORMATION_SCHEMA.COLUMNS WHERE TABLE_NAME='ST_API_ZONE'and TABLE_SCHEMA='API_MAT'
Executing Snowflake query :: SELECT COLUMN_NAME FROM CURATED_DATAMART.INFORMATION_SCHEMA.COLUMNS WHERE TABLE_NAME='STR_API_ZONE'and TABLE_SCHEMA='ST_API_EANESHEATING'
Executing Snowflake query :: SELECT COLUMN_NAME FROM DEV_ENT_CURATED.INFORMATION_SCHEMA.COLUMNS WHERE TABLE_NAME='DIM_ZONE'and TABLE_SCHEMA='MASTER_DIMENSIONS'
Column names for RAW Table --> ST_API_ZONE :: [LOCNNUMBERS, MODIFIEDON, CREATEDON, COLOR, ID, SERVICEDAYSENABLED, CREATEDBY_ID, IMPORTID, ACTIVE, NAME, TERRITORYNUMBERS, CITIES, SERVICEDAYS, ZIPS, MAXDRIVETIMEADJUSTMENT, TENANT_TYPE]
Column names for DataMart Table --> STR_API_ZONE :: [ACTIVE, MODIFIEDON, SERVICEDAYSENABLED, TERRITORYNUMBERS, COLOR, CREATEDON, ID, NAME, RECORD_CREATE_DATE, TENANT_TYPE, ACTIVE_FLAG, SERVICEDAYS, MAXDRIVETIMEADJUSTMENT, LOCNNUMBERS, ZIPS, CITIES, IMPORTID, RECORD_UPDATE_DATE, MASTER_ID, CREATEDBY_ID]
Column names for Curated Table --> DIM_ZONE :: [CREATEDON, ID, ZIPS, CITIES, IMPORTID, LOCNNUMBERS, MODIFIEDON, NAME, SERVICEDAYS, TENANT_TYPE, MAXDRIVETIMEADJUSTMENT, TERRITORYNUMBERS, RECORD_CREATE_DATE, ACTIVE, CREATEDBY_ID, SERVICEDAYSENABLED, RECORD_UPDATE_DATE, COLOR, RECORD_UPDATED_BY]
Column Name found in Datamart and Curated Table :: LOCNNUMBERS
Column Name found in Datamart and Curated Table :: MODIFIEDON
Column Name found in Datamart and Curated Table :: CREATEDON
Column Name found in Datamart and Curated Table :: COLOR
Column Name found in Datamart and Curated Table :: ID
Column Name found in Datamart and Curated Table :: SERVICEDAYSENABLED
Column Name found in Datamart and Curated Table :: CREATEDBY_ID
Column Name found in Datamart and Curated Table :: IMPORTID
Column Name found in Datamart and Curated Table :: ACTIVE
Column Name found in Datamart and Curated Table :: NAME
Column Name found in Datamart and Curated Table :: TERRITORYNUMBERS
Column Name found in Datamart and Curated Table :: CITIES
Column Name found in Datamart and Curated Table :: SERVICEDAYS
Column Name found in Datamart and Curated Table :: ZIPS
Column Name found in Datamart and Curated Table :: MAXDRIVETIMEADJUSTMENT
Column Name found in Datamart and Curated Table :: TENANT_TYPE
Datamart tables contains additional column name like [ACTIVE_FLAG, RECORD_CREATE_DATE, RECORD_UPDATE_DATE, MASTER_ID]
Curated tables contains additional column name like [RECORD_CREATE_DATE, RECORD_UPDATE_DATE, RECORD_UPDATED_BY]]]>
  </system-out>
  <testcase classname="testcases.RAW_DATAMART_CURATED.SnowFlake_ColumnValidation_APITables" name="validateColumnName_BKP" time="2.451"/>
  <system-out>
    <![CDATA[Executing Snowflake query :: SELECT COLUMN_NAME FROM DEV_ENT_RAW.INFORMATION_SCHEMA.COLUMNS WHERE TABLE_NAME='ST_API_TIMESHEETCODE'and TABLE_SCHEMA='API_MAT'
Executing Snowflake query :: SELECT COLUMN_NAME FROM CURATED_DATAMART.INFORMATION_SCHEMA.COLUMNS WHERE TABLE_NAME='STR_API_TIMESHEETCODE'and TABLE_SCHEMA='ST_API_HUTCHINSON'
Executing Snowflake query :: SELECT COLUMN_NAME FROM DEV_ENT_CURATED.INFORMATION_SCHEMA.COLUMNS WHERE TABLE_NAME='DIM_TIMESHEETCODE'and TABLE_SCHEMA='MASTER_DIMENSIONS'
Column names for RAW Table --> ST_API_TIMESHEETCODE :: [ADDRESS_ZIP, ROUTEAROUNDNJA, IMPORTID, RATEMULTIPLIER, STANDARDPAYROLLCONTROLCODE_ID, ADDRESS_COUNTRY, CODE, COUNTONJOBCOUNTER, OVERTIMEPAYROLLCONTROLCODE_ID, PAYROLLPOSTINGGROUP_ID, OVERTIMEPAYCODE_ID, ADDRESS_STREET, BUSINESSUNIT_ID, EXCLUDEABSENTEVENT, HOURLYRATE, SENDALERTSONMOBILE, VISIBILITY, ACTIVE, ID, TYPE, ADDRESS_ISMILITARY, ADDRESS_STATE, CREATEDBY_ID, APPLICABLEEMPLOYEETYPE, DOUBLEOVERTIMEPAYCODE_ID, GEOFENCECLOCKINMODE, STANDARDPAYCODE_ID, ADDRESS_LONGITUDE, DEDUCTCOMMUTETIME, EVENTNAME, STPAYCODE, ENABLESIMPLECLOCKINOUT, OTPAYCODE, CREATEDON, ADDRESS_CITY, ADDRESS_ISMANUALCOORDINATES, ADDRESS_LATITUDE, ADDRESS_UNIT, DESCRIPTION, ISDEFAULTSHOPTIME, CUSTOMHOURLYRATE, ISAUTOCLOCKINENABLED, TENANT_TYPE]
Column names for DataMart Table --> STR_API_TIMESHEETCODE :: [ADDRESS_LATITUDE, DOUBLEOVERTIMEPAYCODE_ID, EXCLUDEABSENTEVENT, GEOFENCECLOCKINMODE, OVERTIMEPAYROLLCONTROLCODE_ID, RECORD_CREATE_DATE, ROUTEAROUNDNJA, ADDRESS_ZIP, ISAUTOCLOCKINENABLED, RECORD_UPDATE_DATE, CODE, COUNTONJOBCOUNTER, DESCRIPTION, ENABLESIMPLECLOCKINOUT, RATEMULTIPLIER, DEDUCTCOMMUTETIME, HOURLYRATE, ADDRESS_COUNTRY, ADDRESS_LONGITUDE, ISDEFAULTSHOPTIME, ADDRESS_STATE, BUSINESSUNIT_ID, ID, IMPORTID, ADDRESS_CITY, ADDRESS_ISMILITARY, ADDRESS_UNIT, CREATEDBY_ID, EVENTNAME, MASTER_ID, OVERTIMEPAYCODE_ID, APPLICABLEEMPLOYEETYPE, STPAYCODE, PAYROLLPOSTINGGROUP_ID, ACTIVE_FLAG, ADDRESS_ISMANUALCOORDINATES, OTPAYCODE, SENDALERTSONMOBILE, STANDARDPAYROLLCONTROLCODE_ID, ACTIVE, ADDRESS_STREET, CREATEDON, CUSTOMHOURLYRATE, VISIBILITY, TENANT_TYPE, TYPE, STANDARDPAYCODE_ID]
Column names for Curated Table --> DIM_TIMESHEETCODE :: [ADDRESS_STREET, ADDRESS_ZIP, CUSTOMHOURLYRATE, DOUBLEOVERTIMEPAYCODE_ID, ENABLESIMPLECLOCKINOUT, DESCRIPTION, ADDRESS_ISMANUALCOORDINATES, ADDRESS_LONGITUDE, IMPORTID, CREATEDON, DEDUCTCOMMUTETIME, ID, ADDRESS_LATITUDE, CREATEDBY_ID, GEOFENCECLOCKINMODE, ROUTEAROUNDNJA, HOURLYRATE, RECORD_UPDATED_BY, RECORD_UPDATE_DATE, ADDRESS_UNIT, CODE, STANDARDPAYCODE_ID, OTPAYCODE, STPAYCODE, APPLICABLEEMPLOYEETYPE, OVERTIMEPAYCODE_ID, RATEMULTIPLIER, STANDARDPAYROLLCONTROLCODE_ID, EXCLUDEABSENTEVENT, PAYROLLPOSTINGGROUP_ID, TYPE, VISIBILITY, OVERTIMEPAYROLLCONTROLCODE_ID, ADDRESS_ISMILITARY, ADDRESS_STATE, ISDEFAULTSHOPTIME, ACTIVE, ADDRESS_CITY, BUSINESSUNIT_ID, COUNTONJOBCOUNTER, EVENTNAME, SENDALERTSONMOBILE, ADDRESS_COUNTRY, ISAUTOCLOCKINENABLED, TENANT_TYPE, RECORD_CREATE_DATE]
Column Name found in Datamart and Curated Table :: ADDRESS_ZIP
Column Name found in Datamart and Curated Table :: ROUTEAROUNDNJA
Column Name found in Datamart and Curated Table :: IMPORTID
Column Name found in Datamart and Curated Table :: RATEMULTIPLIER
Column Name found in Datamart and Curated Table :: STANDARDPAYROLLCONTROLCODE_ID
Column Name found in Datamart and Curated Table :: ADDRESS_COUNTRY
Column Name found in Datamart and Curated Table :: CODE
Column Name found in Datamart and Curated Table :: COUNTONJOBCOUNTER
Column Name found in Datamart and Curated Table :: OVERTIMEPAYROLLCONTROLCODE_ID
Column Name found in Datamart and Curated Table :: PAYROLLPOSTINGGROUP_ID
Column Name found in Datamart and Curated Table :: OVERTIMEPAYCODE_ID
Column Name found in Datamart and Curated Table :: ADDRESS_STREET
Column Name found in Datamart and Curated Table :: BUSINESSUNIT_ID
Column Name found in Datamart and Curated Table :: EXCLUDEABSENTEVENT
Column Name found in Datamart and Curated Table :: HOURLYRATE
Column Name found in Datamart and Curated Table :: SENDALERTSONMOBILE
Column Name found in Datamart and Curated Table :: VISIBILITY
Column Name found in Datamart and Curated Table :: ACTIVE
Column Name found in Datamart and Curated Table :: ID
Column Name found in Datamart and Curated Table :: TYPE
Column Name found in Datamart and Curated Table :: ADDRESS_ISMILITARY
Column Name found in Datamart and Curated Table :: ADDRESS_STATE
Column Name found in Datamart and Curated Table :: CREATEDBY_ID
Column Name found in Datamart and Curated Table :: APPLICABLEEMPLOYEETYPE
Column Name found in Datamart and Curated Table :: DOUBLEOVERTIMEPAYCODE_ID
Column Name found in Datamart and Curated Table :: GEOFENCECLOCKINMODE
Column Name found in Datamart and Curated Table :: STANDARDPAYCODE_ID
Column Name found in Datamart and Curated Table :: ADDRESS_LONGITUDE
Column Name found in Datamart and Curated Table :: DEDUCTCOMMUTETIME
Column Name found in Datamart and Curated Table :: EVENTNAME
Column Name found in Datamart and Curated Table :: STPAYCODE
Column Name found in Datamart and Curated Table :: ENABLESIMPLECLOCKINOUT
Column Name found in Datamart and Curated Table :: OTPAYCODE
Column Name found in Datamart and Curated Table :: CREATEDON
Column Name found in Datamart and Curated Table :: ADDRESS_CITY
Column Name found in Datamart and Curated Table :: ADDRESS_ISMANUALCOORDINATES
Column Name found in Datamart and Curated Table :: ADDRESS_LATITUDE
Column Name found in Datamart and Curated Table :: ADDRESS_UNIT
Column Name found in Datamart and Curated Table :: DESCRIPTION
Column Name found in Datamart and Curated Table :: ISDEFAULTSHOPTIME
Column Name found in Datamart and Curated Table :: CUSTOMHOURLYRATE
Column Name found in Datamart and Curated Table :: ISAUTOCLOCKINENABLED
Column Name found in Datamart and Curated Table :: TENANT_TYPE
Datamart tables contains additional column name like [ACTIVE_FLAG, RECORD_CREATE_DATE, RECORD_UPDATE_DATE, MASTER_ID]
Curated tables contains additional column name like [RECORD_CREATE_DATE, RECORD_UPDATE_DATE, RECORD_UPDATED_BY]]]>
  </system-out>
  <testcase classname="testcases.RAW_DATAMART_CURATED.SnowFlake_ColumnValidation_APITables" name="validateColumnName_BKP" time="2.476"/>
  <system-out>
    <![CDATA[Executing Snowflake query :: SELECT COLUMN_NAME FROM DEV_ENT_RAW.INFORMATION_SCHEMA.COLUMNS WHERE TABLE_NAME='ST_API_ESTIMATEITEM'and TABLE_SCHEMA='API_MAT'
Executing Snowflake query :: SELECT COLUMN_NAME FROM CURATED_DATAMART.INFORMATION_SCHEMA.COLUMNS WHERE TABLE_NAME='STR_API_ESTIMATEITEM'and TABLE_SCHEMA='ST_API_BILLFENWICK'
Executing Snowflake query :: SELECT COLUMN_NAME FROM DEV_ENT_CURATED.INFORMATION_SCHEMA.COLUMNS WHERE TABLE_NAME='DIM_ESTIMATEITEM'and TABLE_SCHEMA='MASTER_DIMENSIONS'
Column names for RAW Table --> ST_API_ESTIMATEITEM :: [ESTIMATE_ID, ID, INSTALLEDEQUIPMENT_ID, SCHEDULEDFLATAMOUNT, AUTOGLASSITEM_ID, COST, ISADDON, ITEMGROUPROOT_ID, RENEWABLEMEMBERSHIP_ID, UNITPRICE, MARKUP, PROJECTLABELS, SKUREFERENCE_SKUTYPE, SOLDBY_ID, SKUREFERENCE_SKUID, ACTIVE, CHARGEABLE, CREATEDFROM_ID, MEMBERSHIPDURATION, PROJECTORDER, QUANTITY, COSTOFSALEACCOUNT_ID, ADDONFLATAMOUNT, EQUIPMENT_ID, STANDARDPRICE, ACCOUNT, GENERALLEDGERACCOUNT_ID, TOTALCOST, MODIFIEDON, SKU_ID, DESCRIPTION, INVOICEITEM_ID, LASTUNITPRICESETBYEMPLOYEE, MEMBERPRICE, PAYSSOLDBYRATE, IMPORTID, ISNOTGOINGTOBEDONE, TAXABLE, ITEMGROUPNAME, ALLOWDISCOUNTS, DEMANDSTATUS, MEMBERSHIPBILLINGFREQUENCY, PARENTITEM_ID, PAYSFLATAMOUNT, TOTAL, CREATEDBY_ID, CREATEDON, PRICEMODIFIER_ID, ORDER, TENANT_TYPE]
Column names for DataMart Table --> STR_API_ESTIMATEITEM :: [PARENTITEM_ID, PAYSSOLDBYRATE, PROJECTORDER, SKUREFERENCE_SKUTYPE, PAYSFLATAMOUNT, MASTER_ID, INVOICEITEM_ID, PROJECTLABELS, ISNOTGOINGTOBEDONE, ACTIVE, GENERALLEDGERACCOUNT_ID, ID, ITEMGROUPROOT_ID, MEMBERPRICE, ORDER, TAXABLE, SOLDBY_ID, UNITPRICE, COST, CREATEDBY_ID, ESTIMATE_ID, ISADDON, QUANTITY, SKU_ID, CREATEDFROM_ID, TENANT_TYPE, MODIFIEDON, ADDONFLATAMOUNT, AUTOGLASSITEM_ID, LASTUNITPRICESETBYEMPLOYEE, MEMBERSHIPBILLINGFREQUENCY, RECORD_UPDATE_DATE, STANDARDPRICE, RENEWABLEMEMBERSHIP_ID, ACTIVE_FLAG, DESCRIPTION, MARKUP, PRICEMODIFIER_ID, SCHEDULEDFLATAMOUNT, TOTALCOST, MEMBERSHIPDURATION, ACCOUNT, ALLOWDISCOUNTS, CHARGEABLE, COSTOFSALEACCOUNT_ID, CREATEDON, DEMANDSTATUS, EQUIPMENT_ID, IMPORTID, ITEMGROUPNAME, RECORD_UPDATED_BY, INSTALLEDEQUIPMENT_ID, ISHIDDENFROMCUSTOMER, RECORD_CREATE_DATE, TOTAL, SKUREFERENCE_SKUID]
Column names for Curated Table --> DIM_ESTIMATEITEM :: [CREATEDON, DEMANDSTATUS, MEMBERPRICE, MEMBERSHIPBILLINGFREQUENCY, MEMBERSHIPDURATION, SKUREFERENCE_SKUTYPE, ADDONFLATAMOUNT, AUTOGLASSITEM_ID, COST, ID, PAYSSOLDBYRATE, STANDARDPRICE, TENANT_TYPE, TOTAL, RECORD_CREATE_DATE, ITEMGROUPROOT_ID, PARENTITEM_ID, ORDER, PROJECTLABELS, SOLDBY_ID, PROJECTORDER, ACTIVE, ALLOWDISCOUNTS, CREATEDFROM_ID, DESCRIPTION, ESTIMATE_ID, MARKUP, ISADDON, CREATEDBY_ID, GENERALLEDGERACCOUNT_ID, INVOICEITEM_ID, PRICEMODIFIER_ID, RECORD_UPDATED_BY, SKUREFERENCE_SKUID, QUANTITY, CHARGEABLE, ISHIDDENFROMCUSTOMER, SKU_ID, COSTOFSALEACCOUNT_ID, ISNOTGOINGTOBEDONE, TOTALCOST, INSTALLEDEQUIPMENT_ID, ITEMGROUPNAME, PAYSFLATAMOUNT, TAXABLE, SCHEDULEDFLATAMOUNT, ACCOUNT, EQUIPMENT_ID, LASTUNITPRICESETBYEMPLOYEE, RENEWABLEMEMBERSHIP_ID, IMPORTID, RECORD_UPDATE_DATE, UNITPRICE, MODIFIEDON]
Column Name found in Datamart and Curated Table :: ESTIMATE_ID
Column Name found in Datamart and Curated Table :: ID
Column Name found in Datamart and Curated Table :: INSTALLEDEQUIPMENT_ID
Column Name found in Datamart and Curated Table :: SCHEDULEDFLATAMOUNT
Column Name found in Datamart and Curated Table :: AUTOGLASSITEM_ID
Column Name found in Datamart and Curated Table :: COST
Column Name found in Datamart and Curated Table :: ISADDON
Column Name found in Datamart and Curated Table :: ITEMGROUPROOT_ID
Column Name found in Datamart and Curated Table :: RENEWABLEMEMBERSHIP_ID
Column Name found in Datamart and Curated Table :: UNITPRICE
Column Name found in Datamart and Curated Table :: MARKUP
Column Name found in Datamart and Curated Table :: PROJECTLABELS
Column Name found in Datamart and Curated Table :: SKUREFERENCE_SKUTYPE
Column Name found in Datamart and Curated Table :: SOLDBY_ID
Column Name found in Datamart and Curated Table :: SKUREFERENCE_SKUID
Column Name found in Datamart and Curated Table :: ACTIVE
Column Name found in Datamart and Curated Table :: CHARGEABLE
Column Name found in Datamart and Curated Table :: CREATEDFROM_ID
Column Name found in Datamart and Curated Table :: MEMBERSHIPDURATION
Column Name found in Datamart and Curated Table :: PROJECTORDER
Column Name found in Datamart and Curated Table :: QUANTITY
Column Name found in Datamart and Curated Table :: COSTOFSALEACCOUNT_ID
Column Name found in Datamart and Curated Table :: ADDONFLATAMOUNT
Column Name found in Datamart and Curated Table :: EQUIPMENT_ID
Column Name found in Datamart and Curated Table :: STANDARDPRICE
Column Name found in Datamart and Curated Table :: ACCOUNT
Column Name found in Datamart and Curated Table :: GENERALLEDGERACCOUNT_ID
Column Name found in Datamart and Curated Table :: TOTALCOST
Column Name found in Datamart and Curated Table :: MODIFIEDON
Column Name found in Datamart and Curated Table :: SKU_ID
Column Name found in Datamart and Curated Table :: DESCRIPTION
Column Name found in Datamart and Curated Table :: INVOICEITEM_ID
Column Name found in Datamart and Curated Table :: LASTUNITPRICESETBYEMPLOYEE
Column Name found in Datamart and Curated Table :: MEMBERPRICE
Column Name found in Datamart and Curated Table :: PAYSSOLDBYRATE
Column Name found in Datamart and Curated Table :: IMPORTID
Column Name found in Datamart and Curated Table :: ISNOTGOINGTOBEDONE
Column Name found in Datamart and Curated Table :: TAXABLE
Column Name found in Datamart and Curated Table :: ITEMGROUPNAME
Column Name found in Datamart and Curated Table :: ALLOWDISCOUNTS
Column Name found in Datamart and Curated Table :: DEMANDSTATUS
Column Name found in Datamart and Curated Table :: MEMBERSHIPBILLINGFREQUENCY
Column Name found in Datamart and Curated Table :: PARENTITEM_ID
Column Name found in Datamart and Curated Table :: PAYSFLATAMOUNT
Column Name found in Datamart and Curated Table :: TOTAL
Column Name found in Datamart and Curated Table :: CREATEDBY_ID
Column Name found in Datamart and Curated Table :: CREATEDON
Column Name found in Datamart and Curated Table :: PRICEMODIFIER_ID
Column Name found in Datamart and Curated Table :: ORDER
Column Name found in Datamart and Curated Table :: TENANT_TYPE
Datamart tables contains additional column name like [ACTIVE_FLAG, RECORD_CREATE_DATE, RECORD_UPDATE_DATE, MASTER_ID]
Curated tables contains additional column name like [RECORD_CREATE_DATE, RECORD_UPDATE_DATE, RECORD_UPDATED_BY]]]>
  </system-out>
  <testcase classname="testcases.RAW_DATAMART_CURATED.SnowFlake_ColumnValidation_APITables" name="validateColumnName_BKP" time="2.241"/>
  <system-out>
    <![CDATA[Executing Snowflake query :: SELECT COLUMN_NAME FROM DEV_ENT_RAW.INFORMATION_SCHEMA.COLUMNS WHERE TABLE_NAME='ST_API_CONTACT'and TABLE_SCHEMA='API_MAT'
Executing Snowflake query :: SELECT COLUMN_NAME FROM CURATED_DATAMART.INFORMATION_SCHEMA.COLUMNS WHERE TABLE_NAME='STR_API_CONTACT'and TABLE_SCHEMA='ST_API_HDAIR'
Executing Snowflake query :: SELECT COLUMN_NAME FROM DEV_ENT_CURATED.INFORMATION_SCHEMA.COLUMNS WHERE TABLE_NAME='DIM_CONTACT'and TABLE_SCHEMA='MASTER_DIMENSIONS'
Column names for RAW Table --> ST_API_CONTACT :: [OWNER_ID, VALUE, ACTIVE, MEMO, INVOICESTATEMENTNOTIFICATION, ID, TYPE, IMPORTID, MARKETINGUPDATESENABLED, CREATEDON, JOBREMINDERSENABLED, CREATEDBY_ID, MESSAGESENABLED, MODIFIEDON, REVERSEPHONE, TENANT_TYPE]
Column names for DataMart Table --> STR_API_CONTACT :: [ACTIVE, REVERSEPHONE, TENANT_TYPE, TYPE, CREATEDBY_ID, CREATEDON, MESSAGESENABLED, MODIFIEDON, ID, MARKETINGUPDATESENABLED, MASTER_ID, RECORD_UPDATE_DATE, JOBREMINDERSENABLED, IMPORTID, OWNER_ID, INVOICESTATEMENTNOTIFICATION, MEMO, ACTIVE_FLAG, RECORD_CREATE_DATE, VALUE]
Column names for Curated Table --> DIM_CONTACT :: [MESSAGESENABLED, MODIFIEDON, CREATEDON, MEMO, OWNER_ID, CREATEDBY_ID, MARKETINGUPDATESENABLED, REVERSEPHONE, ID, IMPORTID, JOBREMINDERSENABLED, INVOICESTATEMENTNOTIFICATION, RECORD_CREATE_DATE, RECORD_UPDATED_BY, TENANT_TYPE, ACTIVE, RECORD_UPDATE_DATE, VALUE, TYPE]
Column Name found in Datamart and Curated Table :: OWNER_ID
Column Name found in Datamart and Curated Table :: VALUE
Column Name found in Datamart and Curated Table :: ACTIVE
Column Name found in Datamart and Curated Table :: MEMO
Column Name found in Datamart and Curated Table :: INVOICESTATEMENTNOTIFICATION
Column Name found in Datamart and Curated Table :: ID
Column Name found in Datamart and Curated Table :: TYPE
Column Name found in Datamart and Curated Table :: IMPORTID
Column Name found in Datamart and Curated Table :: MARKETINGUPDATESENABLED
Column Name found in Datamart and Curated Table :: CREATEDON
Column Name found in Datamart and Curated Table :: JOBREMINDERSENABLED
Column Name found in Datamart and Curated Table :: CREATEDBY_ID
Column Name found in Datamart and Curated Table :: MESSAGESENABLED
Column Name found in Datamart and Curated Table :: MODIFIEDON
Column Name found in Datamart and Curated Table :: REVERSEPHONE
Column Name found in Datamart and Curated Table :: TENANT_TYPE
Datamart tables contains additional column name like [ACTIVE_FLAG, RECORD_CREATE_DATE, RECORD_UPDATE_DATE, MASTER_ID]
Curated tables contains additional column name like [RECORD_CREATE_DATE, RECORD_UPDATE_DATE, RECORD_UPDATED_BY]]]>
  </system-out>
  <testcase classname="testcases.RAW_DATAMART_CURATED.SnowFlake_ColumnValidation_APITables" name="validateColumnName_BKP" time="2.156"/>
  <system-out>
    <![CDATA[Executing Snowflake query :: SELECT COLUMN_NAME FROM DEV_ENT_RAW.INFORMATION_SCHEMA.COLUMNS WHERE TABLE_NAME='ST_API_JOB'and TABLE_SCHEMA='API_MAT'
Executing Snowflake query :: SELECT COLUMN_NAME FROM CURATED_DATAMART.INFORMATION_SCHEMA.COLUMNS WHERE TABLE_NAME='STR_API_JOB'and TABLE_SCHEMA='ST_API_HDAIR'
Executing Snowflake query :: SELECT COLUMN_NAME FROM DEV_ENT_CURATED.INFORMATION_SCHEMA.COLUMNS WHERE TABLE_NAME='DIM_JOB'and TABLE_SCHEMA='MASTER_DIMENSIONS'
Column names for RAW Table --> ST_API_JOB :: [ACTIVE, CUSTOMER_ID, MANAGEEMPLOYEEEMAIL, MONTHNUMBER, NOCHARGESOURCE, START, CAMPAIGN_ID, LASTCHANGEDBYSMARTDISPATCH, OPPORTUNITYDATE, PREVAILINGWAGEJOBNUMBER, PROJECT_ID, PRIORITY, DRIVETIME, PLANEND, PREDICTEDTOTAL, STATUS, TOTAL, APPROXIMATESTARTDATE, ESTIMATEDCOST, IMPORTID, PROJECTEDVALUE, CREATEDFROMESTIMATESTATUSWHENBOOKING, ISAUTODISPATCHED, NOTIFICATIONSENABLED, COMPLETEDON, CREATEDBY_ID, CUSTOMERPO, ID, LEADGENERATED_ID, LOCATION_ID, PMDATE, PREVAILINGWAGECODE_ID, APPROXIMATEENDDATE, COMPLETIONSURVEYID, CREATEDON, REASSIGNMENTPENALTY, NUMBER, CREATEDFROMESTIMATE_ID, ISCONFIRMED, LATEPENALTY, OPPORTUNITY_ID, PLANSTART, DRIVINGCOST, GENERATEDFROM_ID, SOLDBY_ID, RECALLFOR_ID, CALLSCRIPTANSWERRECORD_ID, DURATION, INVOICE_ID, ISPREVAILINGWAGE, NOCHARGE, SMARTDISPATCHDATA_JOB, LASTAPPOINTMENT_ID, BUSINESSUNIT_ID, FIRSTAPPOINTMENT_ID, GENERATEDBY_ID, ISTECHNICIANSPECIFIC, UNION, WARRANTYFOR_ID, MEMBERSHIP_ID, TYPE_ID, MODIFIEDON, ALLOTTEDTIME, END, EXTERNALID, SECONDARYJOBNUMBER, LEAD_ID, MANAGEFOLLOWUPEMAIL, PREDICTEDSALES, SUMMARY, TENANT_TYPE]
Column names for DataMart Table --> STR_API_JOB :: [ACTIVE_FLAG, APPROXIMATESTARTDATE, CAMPAIGN_ID, CREATEDFROMESTIMATESTATUSWHENBOOKING, PROJECT_ID, COMPLETIONSURVEYID, CUSTOMER_ID, GENERATEDFROM_ID, NOTIFICATIONSENABLED, OPPORTUNITYDATE, PRIORITY, RECORD_CREATE_DATE, ESTIMATEDCOST, PREVAILINGWAGEJOBNUMBER, MANAGEFOLLOWUPEMAIL, PMDATE, SUMMARY, DURATION, GENERATEDBY_ID, LASTAPPOINTMENT_ID, LATEPENALTY, MODIFIEDON, PROJECTEDVALUE, START, EXTERNALID, RECORD_UPDATE_DATE, CREATEDON, ID, LEAD_ID, MEMBERSHIP_ID, NOCHARGE, RECALLFOR_ID, LOCATION_ID, PLANEND, PREVAILINGWAGECODE_ID, REASSIGNMENTPENALTY, STATUS, WARRANTYFOR_ID, APPROXIMATEENDDATE, BUSINESSUNIT_ID, CALLSCRIPTANSWERRECORD_ID, CUSTOMERPO, PREDICTEDTOTAL, ISPREVAILINGWAGE, NOCHARGESOURCE, SMARTDISPATCHDATA_JOB, ISAUTODISPATCHED, TYPE_ID, CREATEDFROMESTIMATE_ID, FIRSTAPPOINTMENT_ID, INVOICE_ID, ISCONFIRMED, MASTER_ID, NUMBER, SOLDBY_ID, OPPORTUNITY_ID, SECONDARYJOBNUMBER, TENANT_TYPE, ACTIVE, ALLOTTEDTIME, CREATEDBY_ID, DRIVETIME, DRIVINGCOST, END, LEADGENERATED_ID, COMPLETEDON, IMPORTID, PREDICTEDSALES, TOTAL, ISTECHNICIANSPECIFIC, MANAGEEMPLOYEEEMAIL, MONTHNUMBER, PLANSTART, UNION, LASTCHANGEDBYSMARTDISPATCH]
Column names for Curated Table --> DIM_JOB :: [LASTCHANGEDBYSMARTDISPATCH, PROJECTEDVALUE, TYPE_ID, EXTERNALID, NOCHARGESOURCE, PMDATE, RECALLFOR_ID, START, ACTIVE, ISAUTODISPATCHED, MONTHNUMBER, PRIORITY, CREATEDON, OPPORTUNITYDATE, PREVAILINGWAGEJOBNUMBER, RECORD_CREATE_DATE, CREATEDBY_ID, LASTAPPOINTMENT_ID, MANAGEEMPLOYEEEMAIL, TOTAL, APPROXIMATESTARTDATE, GENERATEDBY_ID, MANAGEFOLLOWUPEMAIL, RECORD_UPDATED_BY, WARRANTYFOR_ID, UNION, CREATEDFROMESTIMATE_ID, REASSIGNMENTPENALTY, PREDICTEDSALES, LATEPENALTY, DURATION, DRIVETIME, STATUS, SUMMARY, IMPORTID, NOTIFICATIONSENABLED, RECORD_UPDATE_DATE, ALLOTTEDTIME, COMPLETEDON, CUSTOMERPO, GENERATEDFROM_ID, ISTECHNICIANSPECIFIC, LOCATION_ID, PLANEND, MODIFIEDON, PREVAILINGWAGECODE_ID, SECONDARYJOBNUMBER, END, OPPORTUNITY_ID, APPROXIMATEENDDATE, BUSINESSUNIT_ID, CALLSCRIPTANSWERRECORD_ID, CUSTOMER_ID, DRIVINGCOST, ESTIMATEDCOST, FIRSTAPPOINTMENT_ID, PROJECT_ID, SOLDBY_ID, NOCHARGE, ISCONFIRMED, LEADGENERATED_ID, CAMPAIGN_ID, COMPLETIONSURVEYID, CREATEDFROMESTIMATESTATUSWHENBOOKING, ID, INVOICE_ID, ISPREVAILINGWAGE, LEAD_ID, MEMBERSHIP_ID, PLANSTART, SMARTDISPATCHDATA_JOB, TENANT_TYPE, PREDICTEDTOTAL, NUMBER]
Column Name found in Datamart and Curated Table :: ACTIVE
Column Name found in Datamart and Curated Table :: CUSTOMER_ID
Column Name found in Datamart and Curated Table :: MANAGEEMPLOYEEEMAIL
Column Name found in Datamart and Curated Table :: MONTHNUMBER
Column Name found in Datamart and Curated Table :: NOCHARGESOURCE
Column Name found in Datamart and Curated Table :: START
Column Name found in Datamart and Curated Table :: CAMPAIGN_ID
Column Name found in Datamart and Curated Table :: LASTCHANGEDBYSMARTDISPATCH
Column Name found in Datamart and Curated Table :: OPPORTUNITYDATE
Column Name found in Datamart and Curated Table :: PREVAILINGWAGEJOBNUMBER
Column Name found in Datamart and Curated Table :: PROJECT_ID
Column Name found in Datamart and Curated Table :: PRIORITY
Column Name found in Datamart and Curated Table :: DRIVETIME
Column Name found in Datamart and Curated Table :: PLANEND
Column Name found in Datamart and Curated Table :: PREDICTEDTOTAL
Column Name found in Datamart and Curated Table :: STATUS
Column Name found in Datamart and Curated Table :: TOTAL
Column Name found in Datamart and Curated Table :: APPROXIMATESTARTDATE
Column Name found in Datamart and Curated Table :: ESTIMATEDCOST
Column Name found in Datamart and Curated Table :: IMPORTID
Column Name found in Datamart and Curated Table :: PROJECTEDVALUE
Column Name found in Datamart and Curated Table :: CREATEDFROMESTIMATESTATUSWHENBOOKING
Column Name found in Datamart and Curated Table :: ISAUTODISPATCHED
Column Name found in Datamart and Curated Table :: NOTIFICATIONSENABLED
Column Name found in Datamart and Curated Table :: COMPLETEDON
Column Name found in Datamart and Curated Table :: CREATEDBY_ID
Column Name found in Datamart and Curated Table :: CUSTOMERPO
Column Name found in Datamart and Curated Table :: ID
Column Name found in Datamart and Curated Table :: LEADGENERATED_ID
Column Name found in Datamart and Curated Table :: LOCATION_ID
Column Name found in Datamart and Curated Table :: PMDATE
Column Name found in Datamart and Curated Table :: PREVAILINGWAGECODE_ID
Column Name found in Datamart and Curated Table :: APPROXIMATEENDDATE
Column Name found in Datamart and Curated Table :: COMPLETIONSURVEYID
Column Name found in Datamart and Curated Table :: CREATEDON
Column Name found in Datamart and Curated Table :: REASSIGNMENTPENALTY
Column Name found in Datamart and Curated Table :: NUMBER
Column Name found in Datamart and Curated Table :: CREATEDFROMESTIMATE_ID
Column Name found in Datamart and Curated Table :: ISCONFIRMED
Column Name found in Datamart and Curated Table :: LATEPENALTY
Column Name found in Datamart and Curated Table :: OPPORTUNITY_ID
Column Name found in Datamart and Curated Table :: PLANSTART
Column Name found in Datamart and Curated Table :: DRIVINGCOST
Column Name found in Datamart and Curated Table :: GENERATEDFROM_ID
Column Name found in Datamart and Curated Table :: SOLDBY_ID
Column Name found in Datamart and Curated Table :: RECALLFOR_ID
Column Name found in Datamart and Curated Table :: CALLSCRIPTANSWERRECORD_ID
Column Name found in Datamart and Curated Table :: DURATION
Column Name found in Datamart and Curated Table :: INVOICE_ID
Column Name found in Datamart and Curated Table :: ISPREVAILINGWAGE
Column Name found in Datamart and Curated Table :: NOCHARGE
Column Name found in Datamart and Curated Table :: SMARTDISPATCHDATA_JOB
Column Name found in Datamart and Curated Table :: LASTAPPOINTMENT_ID
Column Name found in Datamart and Curated Table :: BUSINESSUNIT_ID
Column Name found in Datamart and Curated Table :: FIRSTAPPOINTMENT_ID
Column Name found in Datamart and Curated Table :: GENERATEDBY_ID
Column Name found in Datamart and Curated Table :: ISTECHNICIANSPECIFIC
Column Name found in Datamart and Curated Table :: UNION
Column Name found in Datamart and Curated Table :: WARRANTYFOR_ID
Column Name found in Datamart and Curated Table :: MEMBERSHIP_ID
Column Name found in Datamart and Curated Table :: TYPE_ID
Column Name found in Datamart and Curated Table :: MODIFIEDON
Column Name found in Datamart and Curated Table :: ALLOTTEDTIME
Column Name found in Datamart and Curated Table :: END
Column Name found in Datamart and Curated Table :: EXTERNALID
Column Name found in Datamart and Curated Table :: SECONDARYJOBNUMBER
Column Name found in Datamart and Curated Table :: LEAD_ID
Column Name found in Datamart and Curated Table :: MANAGEFOLLOWUPEMAIL
Column Name found in Datamart and Curated Table :: PREDICTEDSALES
Column Name found in Datamart and Curated Table :: SUMMARY
Column Name found in Datamart and Curated Table :: TENANT_TYPE
Datamart tables contains additional column name like [ACTIVE_FLAG, RECORD_CREATE_DATE, RECORD_UPDATE_DATE, MASTER_ID]
Curated tables contains additional column name like [RECORD_CREATE_DATE, RECORD_UPDATE_DATE, RECORD_UPDATED_BY]]]>
  </system-out>
  <testcase classname="testcases.RAW_DATAMART_CURATED.SnowFlake_ColumnValidation_APITables" name="validateColumnName_BKP" time="2.557"/>
  <system-out>
    <![CDATA[Executing Snowflake query :: SELECT COLUMN_NAME FROM DEV_ENT_RAW.INFORMATION_SCHEMA.COLUMNS WHERE TABLE_NAME='ST_API_CAMPAIGN'and TABLE_SCHEMA='API_MAT'
Executing Snowflake query :: SELECT COLUMN_NAME FROM CURATED_DATAMART.INFORMATION_SCHEMA.COLUMNS WHERE TABLE_NAME='STR_API_CAMPAIGN'and TABLE_SCHEMA='ST_API_HENDERSON'
Executing Snowflake query :: SELECT COLUMN_NAME FROM DEV_ENT_CURATED.INFORMATION_SCHEMA.COLUMNS WHERE TABLE_NAME='DIM_CAMPAIGN'and TABLE_SCHEMA='MASTER_DIMENSIONS'
Column names for RAW Table --> ST_API_CAMPAIGN :: [COST, CATEGORY_ID, ID, ACTIVE, BUSINESSUNIT_ID, MODIFIEDBY_ID, DNIS, IMAGE, NAME, IMPORTID, MODIFIEDON, CREATEDBY_ID, CREATEDON, TENANT_TYPE]
Column names for DataMart Table --> STR_API_CAMPAIGN :: [BUSINESSUNIT_ID, ID, IMAGE, IMPORTID, NAME, ACTIVE, ACTIVE_FLAG, MODIFIEDON, RECORD_CREATE_DATE, RECORD_UPDATE_DATE, TENANT_TYPE, COST, DNIS, MODIFIEDBY_ID, CATEGORY_ID, CREATEDBY_ID, CREATEDON, MASTER_ID]
Column names for Curated Table --> DIM_CAMPAIGN :: [IMAGE, MODIFIEDBY_ID, CATEGORY_ID, NAME, RECORD_CREATE_DATE, ACTIVE, COST, CREATEDBY_ID, IMPORTID, CREATEDON, BUSINESSUNIT_ID, ID, RECORD_UPDATED_BY, MODIFIEDON, DNIS, RECORD_UPDATE_DATE, TENANT_TYPE]
Column Name found in Datamart and Curated Table :: COST
Column Name found in Datamart and Curated Table :: CATEGORY_ID
Column Name found in Datamart and Curated Table :: ID
Column Name found in Datamart and Curated Table :: ACTIVE
Column Name found in Datamart and Curated Table :: BUSINESSUNIT_ID
Column Name found in Datamart and Curated Table :: MODIFIEDBY_ID
Column Name found in Datamart and Curated Table :: DNIS
Column Name found in Datamart and Curated Table :: IMAGE
Column Name found in Datamart and Curated Table :: NAME
Column Name found in Datamart and Curated Table :: IMPORTID
Column Name found in Datamart and Curated Table :: MODIFIEDON
Column Name found in Datamart and Curated Table :: CREATEDBY_ID
Column Name found in Datamart and Curated Table :: CREATEDON
Column Name found in Datamart and Curated Table :: TENANT_TYPE
Datamart tables contains additional column name like [ACTIVE_FLAG, RECORD_CREATE_DATE, RECORD_UPDATE_DATE, MASTER_ID]
Curated tables contains additional column name like [RECORD_CREATE_DATE, RECORD_UPDATE_DATE, RECORD_UPDATED_BY]]]>
  </system-out>
  <testcase classname="testcases.RAW_DATAMART_CURATED.SnowFlake_ColumnValidation_APITables" name="validateColumnName_BKP" time="2.157"/>
  <system-out>
    <![CDATA[Executing Snowflake query :: SELECT COLUMN_NAME FROM DEV_ENT_RAW.INFORMATION_SCHEMA.COLUMNS WHERE TABLE_NAME='ST_API_CAMPAIGN'and TABLE_SCHEMA='API_MAT'
Executing Snowflake query :: SELECT COLUMN_NAME FROM CURATED_DATAMART.INFORMATION_SCHEMA.COLUMNS WHERE TABLE_NAME='STR_API_CAMPAIGN'and TABLE_SCHEMA='ST_API_FOURPROS'
Executing Snowflake query :: SELECT COLUMN_NAME FROM DEV_ENT_CURATED.INFORMATION_SCHEMA.COLUMNS WHERE TABLE_NAME='DIM_CAMPAIGN'and TABLE_SCHEMA='MASTER_DIMENSIONS'
Column names for RAW Table --> ST_API_CAMPAIGN :: [COST, CATEGORY_ID, ID, ACTIVE, BUSINESSUNIT_ID, MODIFIEDBY_ID, DNIS, IMAGE, NAME, IMPORTID, MODIFIEDON, CREATEDBY_ID, CREATEDON, TENANT_TYPE]
Column names for DataMart Table --> STR_API_CAMPAIGN :: [MASTER_ID, ID, CREATEDBY_ID, IMAGE, MODIFIEDON, RECORD_CREATE_DATE, TENANT_TYPE, ACTIVE, RECORD_UPDATE_DATE, COST, CREATEDON, DNIS, ACTIVE_FLAG, BUSINESSUNIT_ID, CATEGORY_ID, IMPORTID, MODIFIEDBY_ID, NAME]
Column names for Curated Table --> DIM_CAMPAIGN :: [IMAGE, MODIFIEDBY_ID, CATEGORY_ID, NAME, RECORD_CREATE_DATE, ACTIVE, COST, CREATEDBY_ID, IMPORTID, CREATEDON, BUSINESSUNIT_ID, ID, RECORD_UPDATED_BY, MODIFIEDON, DNIS, RECORD_UPDATE_DATE, TENANT_TYPE]
Column Name found in Datamart and Curated Table :: COST
Column Name found in Datamart and Curated Table :: CATEGORY_ID
Column Name found in Datamart and Curated Table :: ID
Column Name found in Datamart and Curated Table :: ACTIVE
Column Name found in Datamart and Curated Table :: BUSINESSUNIT_ID
Column Name found in Datamart and Curated Table :: MODIFIEDBY_ID
Column Name found in Datamart and Curated Table :: DNIS
Column Name found in Datamart and Curated Table :: IMAGE
Column Name found in Datamart and Curated Table :: NAME
Column Name found in Datamart and Curated Table :: IMPORTID
Column Name found in Datamart and Curated Table :: MODIFIEDON
Column Name found in Datamart and Curated Table :: CREATEDBY_ID
Column Name found in Datamart and Curated Table :: CREATEDON
Column Name found in Datamart and Curated Table :: TENANT_TYPE
Datamart tables contains additional column name like [ACTIVE_FLAG, RECORD_CREATE_DATE, RECORD_UPDATE_DATE, MASTER_ID]
Curated tables contains additional column name like [RECORD_CREATE_DATE, RECORD_UPDATE_DATE, RECORD_UPDATED_BY]]]>
  </system-out>
  <testcase classname="testcases.RAW_DATAMART_CURATED.SnowFlake_ColumnValidation_APITables" name="validateColumnName_BKP" time="2.263"/>
  <system-out>
    <![CDATA[Executing Snowflake query :: SELECT COLUMN_NAME FROM DEV_ENT_RAW.INFORMATION_SCHEMA.COLUMNS WHERE TABLE_NAME='ST_API_JOBAPPOINTMENT'and TABLE_SCHEMA='API_MAT'
Executing Snowflake query :: SELECT COLUMN_NAME FROM CURATED_DATAMART.INFORMATION_SCHEMA.COLUMNS WHERE TABLE_NAME='STR_API_JOBAPPOINTMENT'and TABLE_SCHEMA='ST_API_HDAIR'
Executing Snowflake query :: SELECT COLUMN_NAME FROM DEV_ENT_CURATED.INFORMATION_SCHEMA.COLUMNS WHERE TABLE_NAME='DIM_JOBAPPOINTMENT'and TABLE_SCHEMA='MASTER_DIMENSIONS'
Column names for RAW Table --> ST_API_JOBAPPOINTMENT :: [END, SMARTDISPATCHDATA_JOBAPPOINTMENT, STATUS, JOB_ID, PLANEND, CREATEDON, IMPORTID, ISCONFIRMED, MODIFIEDON, START, NUMBER, CREATEDBY_ID, ID, ACTIVE, PLANSTART, ISUNUSED, MONTHNUMBER, TENANT_TYPE]
Column names for DataMart Table --> STR_API_JOBAPPOINTMENT :: [PLANSTART, ISCONFIRMED, TENANT_TYPE, ACTIVE_FLAG, MASTER_ID, PLANEND, STATUS, MODIFIEDON, RECORD_UPDATE_DATE, CREATEDON, JOB_ID, NUMBER, RECORD_CREATE_DATE, ACTIVE, CREATEDBY_ID, END, START, ID, IMPORTID, ISUNUSED, MONTHNUMBER, SMARTDISPATCHDATA_JOBAPPOINTMENT]
Column names for Curated Table --> DIM_JOBAPPOINTMENT :: [END, SMARTDISPATCHDATA_JOBAPPOINTMENT, ACTIVE, CREATEDBY_ID, IMPORTID, ISUNUSED, START, ID, JOB_ID, MONTHNUMBER, PLANEND, RECORD_UPDATE_DATE, CREATEDON, RECORD_CREATE_DATE, TENANT_TYPE, PLANSTART, ISCONFIRMED, NUMBER, SPECIALINSTRUCTIONS, STATUS, MODIFIEDON, RECORD_UPDATED_BY]
Column Name found in Datamart and Curated Table :: END
Column Name found in Datamart and Curated Table :: SMARTDISPATCHDATA_JOBAPPOINTMENT
Column Name found in Datamart and Curated Table :: STATUS
Column Name found in Datamart and Curated Table :: JOB_ID
Column Name found in Datamart and Curated Table :: PLANEND
Column Name found in Datamart and Curated Table :: CREATEDON
Column Name found in Datamart and Curated Table :: IMPORTID
Column Name found in Datamart and Curated Table :: ISCONFIRMED
Column Name found in Datamart and Curated Table :: MODIFIEDON
Column Name found in Datamart and Curated Table :: START
Column Name found in Datamart and Curated Table :: NUMBER
Column Name found in Datamart and Curated Table :: CREATEDBY_ID
Column Name found in Datamart and Curated Table :: ID
Column Name found in Datamart and Curated Table :: ACTIVE
Column Name found in Datamart and Curated Table :: PLANSTART
Column Name found in Datamart and Curated Table :: ISUNUSED
Column Name found in Datamart and Curated Table :: MONTHNUMBER
Column Name found in Datamart and Curated Table :: TENANT_TYPE
Datamart tables contains additional column name like [ACTIVE_FLAG, RECORD_CREATE_DATE, RECORD_UPDATE_DATE, MASTER_ID]
Curated tables contains additional column name like [RECORD_CREATE_DATE, RECORD_UPDATE_DATE, RECORD_UPDATED_BY]]]>
  </system-out>
  <testcase classname="testcases.RAW_DATAMART_CURATED.SnowFlake_ColumnValidation_APITables" name="validateColumnName_BKP" time="2.352">
    <failure message="The following asserts failed:
	null" type="java.lang.AssertionError">
      <![CDATA[java.lang.AssertionError: The following asserts failed:
null
at org.testng.asserts.SoftAssert.assertAll(SoftAssert.java:47)
at org.testng.asserts.SoftAssert.assertAll(SoftAssert.java:31)
at testcases.RAW_DATAMART_CURATED.SnowFlake_ColumnValidation_APITables.validateColumnName_BKP(SnowFlake_ColumnValidation_APITables.java:128)
at jdk.internal.reflect.GeneratedMethodAccessor38.invoke(Unknown Source)
at java.base/jdk.internal.reflect.DelegatingMethodAccessorImpl.invoke(DelegatingMethodAccessorImpl.java:43)
at java.base/java.lang.reflect.Method.invoke(Method.java:568)
at org.testng.internal.MethodInvocationHelper.invokeMethod(MethodInvocationHelper.java:133)
at org.testng.internal.TestInvoker.invokeMethod(TestInvoker.java:598)
at org.testng.internal.TestInvoker.invokeTestMethod(TestInvoker.java:173)
at org.testng.internal.MethodRunner.runInSequence(MethodRunner.java:46)
at org.testng.internal.TestInvoker$MethodInvocationAgent.invoke(TestInvoker.java:824)
at org.testng.internal.TestInvoker.invokeTestMethods(TestInvoker.java:146)
at org.testng.internal.TestMethodWorker.invokeTestMethods(TestMethodWorker.java:146)
at org.testng.internal.TestMethodWorker.run(TestMethodWorker.java:128)
at java.base/java.util.ArrayList.forEach(ArrayList.java:1511)
at org.testng.TestRunner.privateRun(TestRunner.java:794)
at org.testng.TestRunner.run(TestRunner.java:596)
at org.testng.SuiteRunner.runTest(SuiteRunner.java:377)
at org.testng.SuiteRunner.runSequentially(SuiteRunner.java:371)
at org.testng.SuiteRunner.privateRun(SuiteRunner.java:332)
at org.testng.SuiteRunner.run(SuiteRunner.java:276)
at org.testng.SuiteRunnerWorker.runSuite(SuiteRunnerWorker.java:53)
at org.testng.SuiteRunnerWorker.run(SuiteRunnerWorker.java:96)
at org.testng.TestNG.runSuitesSequentially(TestNG.java:1212)
at org.testng.TestNG.runSuitesLocally(TestNG.java:1134)
at org.testng.TestNG.runSuites(TestNG.java:1063)
at org.testng.TestNG.run(TestNG.java:1031)
at org.testng.remote.AbstractRemoteTestNG.run(AbstractRemoteTestNG.java:115)
at org.testng.remote.RemoteTestNG.initAndRun(RemoteTestNG.java:251)
at org.testng.remote.RemoteTestNG.main(RemoteTestNG.java:77)
]]>
    </failure>
  </testcase> <!-- validateColumnName_BKP -->
  <system-out>
    <![CDATA[Executing Snowflake query :: SELECT COLUMN_NAME FROM DEV_ENT_RAW.INFORMATION_SCHEMA.COLUMNS WHERE TABLE_NAME='ST_API_TECHNICIAN'and TABLE_SCHEMA='API_MAT'
Executing Snowflake query :: SELECT COLUMN_NAME FROM CURATED_DATAMART.INFORMATION_SCHEMA.COLUMNS WHERE TABLE_NAME='STR_API_TECHNICIAN'and TABLE_SCHEMA='ST_API_BILLFENWICK'
Executing Snowflake query :: SELECT COLUMN_NAME FROM DEV_ENT_CURATED.INFORMATION_SCHEMA.COLUMNS WHERE TABLE_NAME='DIM_TECHNICIAN'and TABLE_SCHEMA='MASTER_DIMENSIONS'
Column names for RAW Table --> ST_API_TECHNICIAN :: [ADDONCREWSPLITCOMMISSIONRATE, ATLASBUTLERTECHNICIANROLE, FIRSTDRIVERULE, HOME_ISMANUALCOORDINATES, NAVISIONEMPLOYEEID, PAYROLLID, PAYROLLPOSTINGGROUP_ID, SALESFACTOR, SALESFORCECONTACTID, PAYROLLREPORTVERSION, STANDARDWORKTYPECODE_ID, MUHULINK, COMMISSIONRATE, HOME_ISMILITARY, LICENSE, GOALIMAGE, IMPORTID, MOBILEPHONECONFIRMED, PAYTYPE, MANAGER_ID, SHIFTSTART, NAME, ADDONSOLOCOMMISSIONRATE, BIO, BUSINESSUNIT_ID, HOME_CITY, ID, ISMANAGEDTECH, PROJECTLABELS, SCHEDULEDSOLOCOMMISSIONRATE, BIRTHDATE, HOME_COUNTRY, PHOTO, TURNOVERBONUS, USER_ID, WILLIAMSTECHNICIANROLE, ZONE_ID, OVERTIMEPROFILE_ID, CREATEDON, TODAYREVENUE_TECHNICIAN, ACTIVE, DEFAULTPAYROLLADJUSTMENTRATE, ISAUTODISPATCHED, LASTNAME, ISEXTERNAL, SHIFTEND, SCHEDULEDCREWSPLITCOMMISSIONRATE, DAILYGOAL, APPOINTMENT_ID, BURDENRATE, HOME_ZIP, PAYROLLSTARTPERIOD, STATUSUPDATEDON, OVERTIMEWORKTYPECODE_ID, PAYROLLPROFILE_ID, PAYROLLROLE, PAYROLLSTARTDATE, SOLDBYRATE, ISEXCLUDEDFROMPAYROLL, COORDINATESUPDATEDON, EMAIL, EMAILCONFIRMED, HOME_LATITUDE, OVERTIMEPAYROLLCONTROLCODE_ID, PAYPERIOD, STANDARDPAYROLLCONTROLCODE_ID, CHECKEDIN, DEFAULTLABORTYPE_ID, JOBFILTER, PAYFREQUENCY_ID, MOBILEPHONE, OUTBOUNDCALLERID, SCHEDULEDMULTITECHCOMMISSIONRATE, STARTDATE, CURRENTVALUE, DEDUCTCOMMUTETIMEFROMFIRSTDRIVE, FIRSTNAME, MEALTIME, MEMO, PHONECONFIRMED, SHOWJOBAPPOINTMENTRESCHEDULEALERT, DISPATCHNOTIFICATIONS, JOB_ID, LATITUDE, MIDDLENAME, ROUTESTATISTICS_TECHNICIAN, CREATEDBY_ID, PHONE, QBREPID, SMARTDISPATCHSETTINGS_TECHNICIAN, STATUS, UNION, HOME_UNIT, HOURLYRATE, INVENTORYWAREHOUSENAME, INVOICINGHOURLYRATE, TYPE, ADDONMULTITECHCOMMISSIONRATE, COLOR, HOME_STATE, MODIFIEDON, OVERALLSALESFACTOR_TECHNICIAN, POSITION, TEAM, COMMUTETIME, HOME_LONGITUDE, HOME_STREET, LOCATION_TECHNICIAN, OVERTIMEMODE, PROJECTEDVALUE, LONGITUDE, TRUCK_ID, TENANT_TYPE]
Column names for DataMart Table --> STR_API_TECHNICIAN :: [ACTIVE_FLAG, FIRSTNAME, HOME_COUNTRY, HOME_ISMANUALCOORDINATES, ID, OVERTIMEMODE, PROJECTLABELS, SHOWJOBAPPOINTMENTRESCHEDULEALERT, COORDINATESUPDATEDON, HOME_UNIT, JOBFILTER, SALESFORCECONTACTID, TURNOVERBONUS, BUSINESSUNIT_ID, COMMISSIONRATE, HOME_CITY, ISEXTERNAL, QBREPID, HOME_STREET, RECORD_UPDATE_DATE, ROUTESTATISTICS_TECHNICIAN, STATUS, POSITION, RECORD_CREATE_DATE, IMPORTID, HOME_LATITUDE, OUTBOUNDCALLERID, TENANT_TYPE, DAILYGOAL, DEDUCTCOMMUTETIMEFROMFIRSTDRIVE, OVERTIMEPAYROLLCONTROLCODE_ID, OVERTIMEPROFILE_ID, PAYPERIOD, HOME_ISMILITARY, ISMANAGEDTECH, JOB_ID, PHONE, SCHEDULEDSOLOCOMMISSIONRATE, TODAYREVENUE_TECHNICIAN, OVERTIMEWORKTYPECODE_ID, SALESFACTOR, PAYROLLSTARTDATE, ATLASBUTLERTECHNICIANROLE, EMAIL, FLEET_ID, PHOTO, TEAM, LATITUDE, STANDARDWORKTYPECODE_ID, UNION, WILLIAMSTECHNICIANROLE, ADDONMULTITECHCOMMISSIONRATE, BURDENRATE, COLOR, CREATEDON, EMAILCONFIRMED, LOCATION_TECHNICIAN, MANAGER_ID, OVERALLSALESFACTOR_TECHNICIAN, SHIFTEND, HOME_LONGITUDE, HOME_ZIP, MODIFIEDON, MUHULINK, PAYROLLROLE, HOURLYRATE, LICENSE, LASTNAME, MEALTIME, PAYROLLID, SHIFTSTART, INVOICINGHOURLYRATE, MEMO, NAME, GOALIMAGE, ISAUTODISPATCHED, NAVISIONEMPLOYEEID, PAYFREQUENCY_ID, PAYROLLREPORTVERSION, PAYTYPE, SCHEDULEDCREWSPLITCOMMISSIONRATE, ZONE_ID, PHONECONFIRMED, SCHEDULEDMULTITECHCOMMISSIONRATE, STANDARDPAYROLLCONTROLCODE_ID, STARTDATE, ACTIVE, ADDONCREWSPLITCOMMISSIONRATE, ADDONSOLOCOMMISSIONRATE, BIRTHDATE, MOBILEPHONECONFIRMED, PAYROLLPOSTINGGROUP_ID, USER_ID, MOBILEPHONE, STATUSUPDATEDON, TRUCK_ID, TYPE, SMARTDISPATCHSETTINGS_TECHNICIAN, PAYROLLPROFILE_ID, APPOINTMENT_ID, BIO, CHECKEDIN, DEFAULTLABORTYPE_ID, DEFAULTPAYROLLADJUSTMENTRATE, DISPATCHNOTIFICATIONS, FIRSTDRIVERULE, HOME_STATE, LONGITUDE, COMMUTETIME, CURRENTVALUE, INVENTORYWAREHOUSENAME, MIDDLENAME, MASTER_ID, PAYROLLSTARTPERIOD, SOLDBYRATE, CREATEDBY_ID, PROJECTEDVALUE]
Column names for Curated Table --> DIM_TECHNICIAN :: [ADDONCREWSPLITCOMMISSIONRATE, COMMUTETIME, DEFAULTLABORTYPE_ID, EMAILCONFIRMED, FIRSTNAME, FLEET_ID, HOME_COUNTRY, HOME_UNIT, MOBILEPHONE, PHONECONFIRMED, ISEXCLUDEDFROMPAYROLL, OVERALLSALESFACTOR_TECHNICIAN, TURNOVERBONUS, PAYPERIOD, PAYROLLROLE, PAYROLLSTARTDATE, BIRTHDATE, HOME_ISMANUALCOORDINATES, HOME_ISMILITARY, INVENTORYWAREHOUSENAME, JOBFILTER, MEMO, PAYFREQUENCY_ID, POSITION, ID, ISAUTODISPATCHED, LICENSE, TEAM, SCHEDULEDCREWSPLITCOMMISSIONRATE, SALESFACTOR, ADDONSOLOCOMMISSIONRATE, CURRENTVALUE, DAILYGOAL, DEDUCTCOMMUTETIMEFROMFIRSTDRIVE, MANAGER_ID, OVERTIMEPROFILE_ID, SHIFTSTART, SHOWJOBAPPOINTMENTRESCHEDULEALERT, SMARTDISPATCHSETTINGS_TECHNICIAN, GOALIMAGE, MODIFIEDON, PAYROLLID, PAYROLLREPORTVERSION, RECORD_CREATE_DATE, TODAYREVENUE_TECHNICIAN, TYPE, PROJECTLABELS, SCHEDULEDSOLOCOMMISSIONRATE, LONGITUDE, ADDONMULTITECHCOMMISSIONRATE, APPOINTMENT_ID, CHECKEDIN, COLOR, CREATEDON, DISPATCHNOTIFICATIONS, IMPORTID, LASTNAME, MOBILEPHONECONFIRMED, STATUSUPDATEDON, ZONE_ID, HOME_STATE, NAME, NAVISIONEMPLOYEEID, PAYROLLPOSTINGGROUP_ID, PHOTO, MEALTIME, PROJECTEDVALUE, STANDARDPAYROLLCONTROLCODE_ID, OVERTIMEMODE, BURDENRATE, FIRSTDRIVERULE, JOB_ID, PAYROLLPROFILE_ID, QBREPID, ROUTESTATISTICS_TECHNICIAN, STARTDATE, TRUCK_ID, USER_ID, STANDARDWORKTYPECODE_ID, MIDDLENAME, COMMISSIONRATE, CREATEDBY_ID, HOME_LONGITUDE, HOME_ZIP, HOURLYRATE, LATITUDE, SCHEDULEDMULTITECHCOMMISSIONRATE, BUSINESSUNIT_ID, OUTBOUNDCALLERID, RECORD_UPDATED_BY, STATUS, MUHULINK, OVERTIMEPAYROLLCONTROLCODE_ID, UNION, PAYTYPE, INVOICINGHOURLYRATE, RECORD_UPDATE_DATE, COORDINATESUPDATEDON, LOCATION_TECHNICIAN, EMAIL, HOME_CITY, ISEXTERNAL, OVERTIMEWORKTYPECODE_ID, PAYROLLSTARTPERIOD, SHIFTEND, WILLIAMSTECHNICIANROLE, TENANT_TYPE, ACTIVE, ATLASBUTLERTECHNICIANROLE, BIO, DEFAULTPAYROLLADJUSTMENTRATE, HOME_LATITUDE, HOME_STREET, ISMANAGEDTECH, PHONE, SALESFORCECONTACTID, SOLDBYRATE]
Column Name found in Datamart and Curated Table :: ADDONCREWSPLITCOMMISSIONRATE
Column Name found in Datamart and Curated Table :: ATLASBUTLERTECHNICIANROLE
Column Name found in Datamart and Curated Table :: FIRSTDRIVERULE
Column Name found in Datamart and Curated Table :: HOME_ISMANUALCOORDINATES
Column Name found in Datamart and Curated Table :: NAVISIONEMPLOYEEID
Column Name found in Datamart and Curated Table :: PAYROLLID
Column Name found in Datamart and Curated Table :: PAYROLLPOSTINGGROUP_ID
Column Name found in Datamart and Curated Table :: SALESFACTOR
Column Name found in Datamart and Curated Table :: SALESFORCECONTACTID
Column Name found in Datamart and Curated Table :: PAYROLLREPORTVERSION
Column Name found in Datamart and Curated Table :: STANDARDWORKTYPECODE_ID
Column Name found in Datamart and Curated Table :: MUHULINK
Column Name found in Datamart and Curated Table :: COMMISSIONRATE
Column Name found in Datamart and Curated Table :: HOME_ISMILITARY
Column Name found in Datamart and Curated Table :: LICENSE
Column Name found in Datamart and Curated Table :: GOALIMAGE
Column Name found in Datamart and Curated Table :: IMPORTID
Column Name found in Datamart and Curated Table :: MOBILEPHONECONFIRMED
Column Name found in Datamart and Curated Table :: PAYTYPE
Column Name found in Datamart and Curated Table :: MANAGER_ID
Column Name found in Datamart and Curated Table :: SHIFTSTART
Column Name found in Datamart and Curated Table :: NAME
Column Name found in Datamart and Curated Table :: ADDONSOLOCOMMISSIONRATE
Column Name found in Datamart and Curated Table :: BIO
Column Name found in Datamart and Curated Table :: BUSINESSUNIT_ID
Column Name found in Datamart and Curated Table :: HOME_CITY
Column Name found in Datamart and Curated Table :: ID
Column Name found in Datamart and Curated Table :: ISMANAGEDTECH
Column Name found in Datamart and Curated Table :: PROJECTLABELS
Column Name found in Datamart and Curated Table :: SCHEDULEDSOLOCOMMISSIONRATE
Column Name found in Datamart and Curated Table :: BIRTHDATE
Column Name found in Datamart and Curated Table :: HOME_COUNTRY
Column Name found in Datamart and Curated Table :: PHOTO
Column Name found in Datamart and Curated Table :: TURNOVERBONUS
Column Name found in Datamart and Curated Table :: USER_ID
Column Name found in Datamart and Curated Table :: WILLIAMSTECHNICIANROLE
Column Name found in Datamart and Curated Table :: ZONE_ID
Column Name found in Datamart and Curated Table :: OVERTIMEPROFILE_ID
Column Name found in Datamart and Curated Table :: CREATEDON
Column Name found in Datamart and Curated Table :: TODAYREVENUE_TECHNICIAN
Column Name found in Datamart and Curated Table :: ACTIVE
Column Name found in Datamart and Curated Table :: DEFAULTPAYROLLADJUSTMENTRATE
Column Name found in Datamart and Curated Table :: ISAUTODISPATCHED
Column Name found in Datamart and Curated Table :: LASTNAME
Column Name found in Datamart and Curated Table :: ISEXTERNAL
Column Name found in Datamart and Curated Table :: SHIFTEND
Column Name found in Datamart and Curated Table :: SCHEDULEDCREWSPLITCOMMISSIONRATE
Column Name found in Datamart and Curated Table :: DAILYGOAL
Column Name found in Datamart and Curated Table :: APPOINTMENT_ID
Column Name found in Datamart and Curated Table :: BURDENRATE
Column Name found in Datamart and Curated Table :: HOME_ZIP
Column Name found in Datamart and Curated Table :: PAYROLLSTARTPERIOD
Column Name found in Datamart and Curated Table :: STATUSUPDATEDON
Column Name found in Datamart and Curated Table :: OVERTIMEWORKTYPECODE_ID
Column Name found in Datamart and Curated Table :: PAYROLLPROFILE_ID
Column Name found in Datamart and Curated Table :: PAYROLLROLE
Column Name found in Datamart and Curated Table :: PAYROLLSTARTDATE
Column Name found in Datamart and Curated Table :: SOLDBYRATE
Column Name not found in Datamart and Curated Table :: ISEXCLUDEDFROMPAYROLL
Column Name found in Datamart and Curated Table :: COORDINATESUPDATEDON
Column Name found in Datamart and Curated Table :: EMAIL
Column Name found in Datamart and Curated Table :: EMAILCONFIRMED
Column Name found in Datamart and Curated Table :: HOME_LATITUDE
Column Name found in Datamart and Curated Table :: OVERTIMEPAYROLLCONTROLCODE_ID
Column Name found in Datamart and Curated Table :: PAYPERIOD
Column Name found in Datamart and Curated Table :: STANDARDPAYROLLCONTROLCODE_ID
Column Name found in Datamart and Curated Table :: CHECKEDIN
Column Name found in Datamart and Curated Table :: DEFAULTLABORTYPE_ID
Column Name found in Datamart and Curated Table :: JOBFILTER
Column Name found in Datamart and Curated Table :: PAYFREQUENCY_ID
Column Name found in Datamart and Curated Table :: MOBILEPHONE
Column Name found in Datamart and Curated Table :: OUTBOUNDCALLERID
Column Name found in Datamart and Curated Table :: SCHEDULEDMULTITECHCOMMISSIONRATE
Column Name found in Datamart and Curated Table :: STARTDATE
Column Name found in Datamart and Curated Table :: CURRENTVALUE
Column Name found in Datamart and Curated Table :: DEDUCTCOMMUTETIMEFROMFIRSTDRIVE
Column Name found in Datamart and Curated Table :: FIRSTNAME
Column Name found in Datamart and Curated Table :: MEALTIME
Column Name found in Datamart and Curated Table :: MEMO
Column Name found in Datamart and Curated Table :: PHONECONFIRMED
Column Name found in Datamart and Curated Table :: SHOWJOBAPPOINTMENTRESCHEDULEALERT
Column Name found in Datamart and Curated Table :: DISPATCHNOTIFICATIONS
Column Name found in Datamart and Curated Table :: JOB_ID
Column Name found in Datamart and Curated Table :: LATITUDE
Column Name found in Datamart and Curated Table :: MIDDLENAME
Column Name found in Datamart and Curated Table :: ROUTESTATISTICS_TECHNICIAN
Column Name found in Datamart and Curated Table :: CREATEDBY_ID
Column Name found in Datamart and Curated Table :: PHONE
Column Name found in Datamart and Curated Table :: QBREPID
Column Name found in Datamart and Curated Table :: SMARTDISPATCHSETTINGS_TECHNICIAN
Column Name found in Datamart and Curated Table :: STATUS
Column Name found in Datamart and Curated Table :: UNION
Column Name found in Datamart and Curated Table :: HOME_UNIT
Column Name found in Datamart and Curated Table :: HOURLYRATE
Column Name found in Datamart and Curated Table :: INVENTORYWAREHOUSENAME
Column Name found in Datamart and Curated Table :: INVOICINGHOURLYRATE
Column Name found in Datamart and Curated Table :: TYPE
Column Name found in Datamart and Curated Table :: ADDONMULTITECHCOMMISSIONRATE
Column Name found in Datamart and Curated Table :: COLOR
Column Name found in Datamart and Curated Table :: HOME_STATE
Column Name found in Datamart and Curated Table :: MODIFIEDON
Column Name found in Datamart and Curated Table :: OVERALLSALESFACTOR_TECHNICIAN
Column Name found in Datamart and Curated Table :: POSITION
Column Name found in Datamart and Curated Table :: TEAM
Column Name found in Datamart and Curated Table :: COMMUTETIME
Column Name found in Datamart and Curated Table :: HOME_LONGITUDE
Column Name found in Datamart and Curated Table :: HOME_STREET
Column Name found in Datamart and Curated Table :: LOCATION_TECHNICIAN
Column Name found in Datamart and Curated Table :: OVERTIMEMODE
Column Name found in Datamart and Curated Table :: PROJECTEDVALUE
Column Name found in Datamart and Curated Table :: LONGITUDE
Column Name found in Datamart and Curated Table :: TRUCK_ID
Column Name found in Datamart and Curated Table :: TENANT_TYPE
Datamart tables contains additional column name like [ACTIVE_FLAG, RECORD_CREATE_DATE, RECORD_UPDATE_DATE, MASTER_ID]
Curated tables contains additional column name like [RECORD_CREATE_DATE, RECORD_UPDATE_DATE, RECORD_UPDATED_BY]]]>
  </system-out>
  <testcase classname="testcases.RAW_DATAMART_CURATED.SnowFlake_ColumnValidation_APITables" name="validateColumnName_BKP" time="5.626"/>
  <system-out>
    <![CDATA[Executing Snowflake query :: SELECT COLUMN_NAME FROM DEV_ENT_RAW.INFORMATION_SCHEMA.COLUMNS WHERE TABLE_NAME='ST_API_NONJOBAPPOINTMENT'and TABLE_SCHEMA='API_MAT'
Executing Snowflake query :: SELECT COLUMN_NAME FROM CURATED_DATAMART.INFORMATION_SCHEMA.COLUMNS WHERE TABLE_NAME='STR_API_NONJOBAPPOINTMENT'and TABLE_SCHEMA='ST_API_HORIZONSERVICES'
Executing Snowflake query :: SELECT COLUMN_NAME FROM DEV_ENT_CURATED.INFORMATION_SCHEMA.COLUMNS WHERE TABLE_NAME='DIM_NONJOBAPPOINTMENT'and TABLE_SCHEMA='MASTER_DIMENSIONS'
Column names for RAW Table --> ST_API_NONJOBAPPOINTMENT :: [CREATEDBY_ID, IMPORTID, ALLDAY, DEFINITION_ID, ISCOMPLETED, TIMESHEETCODE_ID, CLEARDISPATCHBOARD, ACTIVE, CLEARTECHNICIANVIEW, REMOVETECHNICIANFROMCAPACITYPLANNING, SUMMARY, ID, TECHNICIAN_ID, CREATEDON, TIMESHEET_ID, NAME, EXPECTEDDURATION, START, DURATION, TENANT_TYPE]
Column names for DataMart Table --> STR_API_NONJOBAPPOINTMENT :: [ALLDAY, DURATION, NAME, REMOVETECHNICIANFROMCAPACITYPLANNING, SUMMARY, CREATEDON, MASTER_ID, RECORD_CREATE_DATE, TIMESHEETCODE_ID, ACTIVE, ACTIVE_FLAG, ID, IMPORTID, TENANT_TYPE, CLEARDISPATCHBOARD, CREATEDBY_ID, RECORD_UPDATE_DATE, DEFINITION_ID, TECHNICIAN_ID, TIMESHEET_ID, CLEARTECHNICIANVIEW, EXPECTEDDURATION, ISCOMPLETED, START]
Column names for Curated Table --> DIM_NONJOBAPPOINTMENT :: [IMPORTID, RECORD_UPDATE_DATE, TIMESHEET_ID, ID, ISCOMPLETED, CREATEDON, RECORD_UPDATED_BY, START, CLEARTECHNICIANVIEW, DURATION, EXPECTEDDURATION, ALLDAY, CLEARDISPATCHBOARD, RECORD_CREATE_DATE, TENANT_TYPE, TIMESHEETCODE_ID, NAME, DEFINITION_ID, SUMMARY, ACTIVE, CREATEDBY_ID, REMOVETECHNICIANFROMCAPACITYPLANNING, TECHNICIAN_ID]
Column Name found in Datamart and Curated Table :: CREATEDBY_ID
Column Name found in Datamart and Curated Table :: IMPORTID
Column Name found in Datamart and Curated Table :: ALLDAY
Column Name found in Datamart and Curated Table :: DEFINITION_ID
Column Name found in Datamart and Curated Table :: ISCOMPLETED
Column Name found in Datamart and Curated Table :: TIMESHEETCODE_ID
Column Name found in Datamart and Curated Table :: CLEARDISPATCHBOARD
Column Name found in Datamart and Curated Table :: ACTIVE
Column Name found in Datamart and Curated Table :: CLEARTECHNICIANVIEW
Column Name found in Datamart and Curated Table :: REMOVETECHNICIANFROMCAPACITYPLANNING
Column Name found in Datamart and Curated Table :: SUMMARY
Column Name found in Datamart and Curated Table :: ID
Column Name found in Datamart and Curated Table :: TECHNICIAN_ID
Column Name found in Datamart and Curated Table :: CREATEDON
Column Name found in Datamart and Curated Table :: TIMESHEET_ID
Column Name found in Datamart and Curated Table :: NAME
Column Name found in Datamart and Curated Table :: EXPECTEDDURATION
Column Name found in Datamart and Curated Table :: START
Column Name found in Datamart and Curated Table :: DURATION
Column Name found in Datamart and Curated Table :: TENANT_TYPE
Datamart tables contains additional column name like [ACTIVE_FLAG, RECORD_CREATE_DATE, RECORD_UPDATE_DATE, MASTER_ID]
Curated tables contains additional column name like [RECORD_CREATE_DATE, RECORD_UPDATE_DATE, RECORD_UPDATED_BY]]]>
  </system-out>
  <testcase classname="testcases.RAW_DATAMART_CURATED.SnowFlake_ColumnValidation_APITables" name="validateColumnName_BKP" time="2.149"/>
  <system-out>
    <![CDATA[Executing Snowflake query :: SELECT COLUMN_NAME FROM DEV_ENT_RAW.INFORMATION_SCHEMA.COLUMNS WHERE TABLE_NAME='ST_API_JOB'and TABLE_SCHEMA='API_MAT'
Executing Snowflake query :: SELECT COLUMN_NAME FROM CURATED_DATAMART.INFORMATION_SCHEMA.COLUMNS WHERE TABLE_NAME='STR_API_JOB'and TABLE_SCHEMA='ST_API_FOURPROS'
Executing Snowflake query :: SELECT COLUMN_NAME FROM DEV_ENT_CURATED.INFORMATION_SCHEMA.COLUMNS WHERE TABLE_NAME='DIM_JOB'and TABLE_SCHEMA='MASTER_DIMENSIONS'
Column names for RAW Table --> ST_API_JOB :: [ACTIVE, CUSTOMER_ID, MANAGEEMPLOYEEEMAIL, MONTHNUMBER, NOCHARGESOURCE, START, CAMPAIGN_ID, LASTCHANGEDBYSMARTDISPATCH, OPPORTUNITYDATE, PREVAILINGWAGEJOBNUMBER, PROJECT_ID, PRIORITY, DRIVETIME, PLANEND, PREDICTEDTOTAL, STATUS, TOTAL, APPROXIMATESTARTDATE, ESTIMATEDCOST, IMPORTID, PROJECTEDVALUE, CREATEDFROMESTIMATESTATUSWHENBOOKING, ISAUTODISPATCHED, NOTIFICATIONSENABLED, COMPLETEDON, CREATEDBY_ID, CUSTOMERPO, ID, LEADGENERATED_ID, LOCATION_ID, PMDATE, PREVAILINGWAGECODE_ID, APPROXIMATEENDDATE, COMPLETIONSURVEYID, CREATEDON, REASSIGNMENTPENALTY, NUMBER, CREATEDFROMESTIMATE_ID, ISCONFIRMED, LATEPENALTY, OPPORTUNITY_ID, PLANSTART, DRIVINGCOST, GENERATEDFROM_ID, SOLDBY_ID, RECALLFOR_ID, CALLSCRIPTANSWERRECORD_ID, DURATION, INVOICE_ID, ISPREVAILINGWAGE, NOCHARGE, SMARTDISPATCHDATA_JOB, LASTAPPOINTMENT_ID, BUSINESSUNIT_ID, FIRSTAPPOINTMENT_ID, GENERATEDBY_ID, ISTECHNICIANSPECIFIC, UNION, WARRANTYFOR_ID, MEMBERSHIP_ID, TYPE_ID, MODIFIEDON, ALLOTTEDTIME, END, EXTERNALID, SECONDARYJOBNUMBER, LEAD_ID, MANAGEFOLLOWUPEMAIL, PREDICTEDSALES, SUMMARY, TENANT_TYPE]
Column names for DataMart Table --> STR_API_JOB :: [WARRANTYFOR_ID, MASTER_ID, MODIFIEDON, SUMMARY, TOTAL, UNION, MEMBERSHIP_ID, CREATEDFROMESTIMATE_ID, CUSTOMERPO, GENERATEDBY_ID, OPPORTUNITY_ID, PREDICTEDSALES, STATUS, INVOICE_ID, PROJECTEDVALUE, ACTIVE_FLAG, ALLOTTEDTIME, APPROXIMATESTARTDATE, DRIVETIME, DURATION, ID, ISCONFIRMED, LASTAPPOINTMENT_ID, NUMBER, PLANEND, SMARTDISPATCHDATA_JOB, RECORD_UPDATE_DATE, CAMPAIGN_ID, IMPORTID, BUSINESSUNIT_ID, CUSTOMER_ID, FIRSTAPPOINTMENT_ID, ISAUTODISPATCHED, NOCHARGE, PRIORITY, TENANT_TYPE, LASTCHANGEDBYSMARTDISPATCH, RECORD_CREATE_DATE, SECONDARYJOBNUMBER, START, ESTIMATEDCOST, ISPREVAILINGWAGE, PMDATE, LEADGENERATED_ID, TYPE_ID, COMPLETEDON, CREATEDON, DRIVINGCOST, END, EXTERNALID, LEAD_ID, GENERATEDFROM_ID, MANAGEFOLLOWUPEMAIL, REASSIGNMENTPENALTY, RECALLFOR_ID, SOLDBY_ID, ACTIVE, CREATEDFROMESTIMATESTATUSWHENBOOKING, PREDICTEDTOTAL, PREVAILINGWAGEJOBNUMBER, PROJECT_ID, OPPORTUNITYDATE, PLANSTART, APPROXIMATEENDDATE, CALLSCRIPTANSWERRECORD_ID, COMPLETIONSURVEYID, ISTECHNICIANSPECIFIC, NOCHARGESOURCE, NOTIFICATIONSENABLED, CREATEDBY_ID, LATEPENALTY, LOCATION_ID, MANAGEEMPLOYEEEMAIL, MONTHNUMBER, PREVAILINGWAGECODE_ID]
Column names for Curated Table --> DIM_JOB :: [LASTCHANGEDBYSMARTDISPATCH, PROJECTEDVALUE, TYPE_ID, EXTERNALID, NOCHARGESOURCE, PMDATE, RECALLFOR_ID, START, ACTIVE, ISAUTODISPATCHED, MONTHNUMBER, PRIORITY, CREATEDON, OPPORTUNITYDATE, PREVAILINGWAGEJOBNUMBER, RECORD_CREATE_DATE, CREATEDBY_ID, LASTAPPOINTMENT_ID, MANAGEEMPLOYEEEMAIL, TOTAL, APPROXIMATESTARTDATE, GENERATEDBY_ID, MANAGEFOLLOWUPEMAIL, RECORD_UPDATED_BY, WARRANTYFOR_ID, UNION, CREATEDFROMESTIMATE_ID, REASSIGNMENTPENALTY, PREDICTEDSALES, LATEPENALTY, DURATION, DRIVETIME, STATUS, SUMMARY, IMPORTID, NOTIFICATIONSENABLED, RECORD_UPDATE_DATE, ALLOTTEDTIME, COMPLETEDON, CUSTOMERPO, GENERATEDFROM_ID, ISTECHNICIANSPECIFIC, LOCATION_ID, PLANEND, MODIFIEDON, PREVAILINGWAGECODE_ID, SECONDARYJOBNUMBER, END, OPPORTUNITY_ID, APPROXIMATEENDDATE, BUSINESSUNIT_ID, CALLSCRIPTANSWERRECORD_ID, CUSTOMER_ID, DRIVINGCOST, ESTIMATEDCOST, FIRSTAPPOINTMENT_ID, PROJECT_ID, SOLDBY_ID, NOCHARGE, ISCONFIRMED, LEADGENERATED_ID, CAMPAIGN_ID, COMPLETIONSURVEYID, CREATEDFROMESTIMATESTATUSWHENBOOKING, ID, INVOICE_ID, ISPREVAILINGWAGE, LEAD_ID, MEMBERSHIP_ID, PLANSTART, SMARTDISPATCHDATA_JOB, TENANT_TYPE, PREDICTEDTOTAL, NUMBER]
Column Name found in Datamart and Curated Table :: ACTIVE
Column Name found in Datamart and Curated Table :: CUSTOMER_ID
Column Name found in Datamart and Curated Table :: MANAGEEMPLOYEEEMAIL
Column Name found in Datamart and Curated Table :: MONTHNUMBER
Column Name found in Datamart and Curated Table :: NOCHARGESOURCE
Column Name found in Datamart and Curated Table :: START
Column Name found in Datamart and Curated Table :: CAMPAIGN_ID
Column Name found in Datamart and Curated Table :: LASTCHANGEDBYSMARTDISPATCH
Column Name found in Datamart and Curated Table :: OPPORTUNITYDATE
Column Name found in Datamart and Curated Table :: PREVAILINGWAGEJOBNUMBER
Column Name found in Datamart and Curated Table :: PROJECT_ID
Column Name found in Datamart and Curated Table :: PRIORITY
Column Name found in Datamart and Curated Table :: DRIVETIME
Column Name found in Datamart and Curated Table :: PLANEND
Column Name found in Datamart and Curated Table :: PREDICTEDTOTAL
Column Name found in Datamart and Curated Table :: STATUS
Column Name found in Datamart and Curated Table :: TOTAL
Column Name found in Datamart and Curated Table :: APPROXIMATESTARTDATE
Column Name found in Datamart and Curated Table :: ESTIMATEDCOST
Column Name found in Datamart and Curated Table :: IMPORTID
Column Name found in Datamart and Curated Table :: PROJECTEDVALUE
Column Name found in Datamart and Curated Table :: CREATEDFROMESTIMATESTATUSWHENBOOKING
Column Name found in Datamart and Curated Table :: ISAUTODISPATCHED
Column Name found in Datamart and Curated Table :: NOTIFICATIONSENABLED
Column Name found in Datamart and Curated Table :: COMPLETEDON
Column Name found in Datamart and Curated Table :: CREATEDBY_ID
Column Name found in Datamart and Curated Table :: CUSTOMERPO
Column Name found in Datamart and Curated Table :: ID
Column Name found in Datamart and Curated Table :: LEADGENERATED_ID
Column Name found in Datamart and Curated Table :: LOCATION_ID
Column Name found in Datamart and Curated Table :: PMDATE
Column Name found in Datamart and Curated Table :: PREVAILINGWAGECODE_ID
Column Name found in Datamart and Curated Table :: APPROXIMATEENDDATE
Column Name found in Datamart and Curated Table :: COMPLETIONSURVEYID
Column Name found in Datamart and Curated Table :: CREATEDON
Column Name found in Datamart and Curated Table :: REASSIGNMENTPENALTY
Column Name found in Datamart and Curated Table :: NUMBER
Column Name found in Datamart and Curated Table :: CREATEDFROMESTIMATE_ID
Column Name found in Datamart and Curated Table :: ISCONFIRMED
Column Name found in Datamart and Curated Table :: LATEPENALTY
Column Name found in Datamart and Curated Table :: OPPORTUNITY_ID
Column Name found in Datamart and Curated Table :: PLANSTART
Column Name found in Datamart and Curated Table :: DRIVINGCOST
Column Name found in Datamart and Curated Table :: GENERATEDFROM_ID
Column Name found in Datamart and Curated Table :: SOLDBY_ID
Column Name found in Datamart and Curated Table :: RECALLFOR_ID
Column Name found in Datamart and Curated Table :: CALLSCRIPTANSWERRECORD_ID
Column Name found in Datamart and Curated Table :: DURATION
Column Name found in Datamart and Curated Table :: INVOICE_ID
Column Name found in Datamart and Curated Table :: ISPREVAILINGWAGE
Column Name found in Datamart and Curated Table :: NOCHARGE
Column Name found in Datamart and Curated Table :: SMARTDISPATCHDATA_JOB
Column Name found in Datamart and Curated Table :: LASTAPPOINTMENT_ID
Column Name found in Datamart and Curated Table :: BUSINESSUNIT_ID
Column Name found in Datamart and Curated Table :: FIRSTAPPOINTMENT_ID
Column Name found in Datamart and Curated Table :: GENERATEDBY_ID
Column Name found in Datamart and Curated Table :: ISTECHNICIANSPECIFIC
Column Name found in Datamart and Curated Table :: UNION
Column Name found in Datamart and Curated Table :: WARRANTYFOR_ID
Column Name found in Datamart and Curated Table :: MEMBERSHIP_ID
Column Name found in Datamart and Curated Table :: TYPE_ID
Column Name found in Datamart and Curated Table :: MODIFIEDON
Column Name found in Datamart and Curated Table :: ALLOTTEDTIME
Column Name found in Datamart and Curated Table :: END
Column Name found in Datamart and Curated Table :: EXTERNALID
Column Name found in Datamart and Curated Table :: SECONDARYJOBNUMBER
Column Name found in Datamart and Curated Table :: LEAD_ID
Column Name found in Datamart and Curated Table :: MANAGEFOLLOWUPEMAIL
Column Name found in Datamart and Curated Table :: PREDICTEDSALES
Column Name found in Datamart and Curated Table :: SUMMARY
Column Name found in Datamart and Curated Table :: TENANT_TYPE
Datamart tables contains additional column name like [ACTIVE_FLAG, RECORD_CREATE_DATE, RECORD_UPDATE_DATE, MASTER_ID]
Curated tables contains additional column name like [RECORD_CREATE_DATE, RECORD_UPDATE_DATE, RECORD_UPDATED_BY]]]>
  </system-out>
  <testcase classname="testcases.RAW_DATAMART_CURATED.SnowFlake_ColumnValidation_APITables" name="validateColumnName_BKP" time="3.540"/>
  <system-out>
    <![CDATA[Executing Snowflake query :: SELECT COLUMN_NAME FROM DEV_ENT_RAW.INFORMATION_SCHEMA.COLUMNS WHERE TABLE_NAME='ST_API_PURCHASEORDER'and TABLE_SCHEMA='API_MAT'
Executing Snowflake query :: SELECT COLUMN_NAME FROM CURATED_DATAMART.INFORMATION_SCHEMA.COLUMNS WHERE TABLE_NAME='STR_API_PURCHASEORDER'and TABLE_SCHEMA='ST_API_HUTCHINSON'
Executing Snowflake query :: SELECT COLUMN_NAME FROM DEV_ENT_CURATED.INFORMATION_SCHEMA.COLUMNS WHERE TABLE_NAME='DIM_PURCHASEORDER'and TABLE_SCHEMA='MASTER_DIMENSIONS'
Column names for RAW Table --> ST_API_PURCHASEORDER :: [CANCELEDBY_ID, CANCELEDREASON, INVENTORYLOCATION_ID, POVENDOR_ID, SHIPTO_CITY, SHIPTO_LATITUDE, STATUS, TECHNICIAN_ID, AMOUNT, BUSINESSUNIT_ID, CREATEDBY_ID, ISTIMEANDMATERIAL, SENDSTATUS, SHIPPING, SHIPTO_UNIT, TAXSCHEMA, TRUCK_ID, TYPE_ID, VENDORINVOICENUMBER, PROJECTLABELS, SHIPTO_COUNTRY, EXPORTID, MARKUP, SHIPTO_STREET, IMPORTID, NUMBER, TAX, TAXRATE, VENDOR, CANCELEDON, CREATEDON, DATE, MODIFIEDON, ERRORMESSAGE, REQUIREDON, SHIPTO_LONGITUDE, ACTIVE, REQUISITION_ID, SHIPTO_ISMILITARY, GROUPINGOPTION, PROJECT_ID, SENDINGMETHOD, SHIPTO_ZIP, RECEIVEDON, SUMMARY, BATCH_ID, EXTERNALID, ID, INVOICE_ID, JOB_ID, NOCHARGE, SHIPTO_ISMANUALCOORDINATES, SHIPTO_STATE, SENTON, SHIPTODESCRIPTION, TENANT_TYPE]
Column names for DataMart Table --> STR_API_PURCHASEORDER :: [AMOUNT, CANCELEDON, ERRORMESSAGE, SHIPTO_COUNTRY, SHIPTO_ISMANUALCOORDINATES, MASTER_ID, PROJECTLABELS, SHIPTO_LATITUDE, SHIPTO_LONGITUDE, SHIPTO_ISMILITARY, STATUS, VENDOR, CANCELEDBY_ID, ID, NUMBER, POVENDOR_ID, ISTIMEANDMATERIAL, SHIPTO_STREET, SENTON, CREATEDON, EXTERNALID, ROLLEDOVERFROMPURCHASEORDER_ID, SHIPPING, PROJECT_ID, SENDINGMETHOD, CREATEDBY_ID, MARKUP, RECEIVEDON, REQUIREDON, SHIPTODESCRIPTION, TAXSCHEMA, MODIFIEDON, BATCH_ID, CANCELEDREASON, GROUPINGOPTION, SENDSTATUS, SHIPTO_UNIT, SUMMARY, DATE, NOCHARGE, VENDORINVOICENUMBER, RECORD_CREATE_DATE, TENANT_TYPE, TYPE_ID, TECHNICIAN_ID, ACTIVE_FLAG, INVOICE_ID, RECORD_UPDATE_DATE, TRUCK_ID, REQUISITION_ID, ACTIVE, BUSINESSUNIT_ID, EXPORTID, IMPORTID, INVENTORYLOCATION_ID, JOB_ID, SHIPTO_CITY, TAX, TAXRATE, SHIPTO_STATE, SHIPTO_ZIP]
Column names for Curated Table --> DIM_PURCHASEORDER :: [ACTIVE, CANCELEDBY_ID, CANCELEDON, RECORD_CREATE_DATE, TRUCK_ID, ROLLEDOVERFROMPURCHASEORDER_ID, SHIPTO_LONGITUDE, TAXSCHEMA, BUSINESSUNIT_ID, POVENDOR_ID, SHIPTO_ISMANUALCOORDINATES, SHIPTO_ISMILITARY, CREATEDON, RECORD_UPDATE_DATE, NUMBER, AMOUNT, DATE, ERRORMESSAGE, EXPORTID, GROUPINGOPTION, INVOICE_ID, MODIFIEDON, PROJECT_ID, SHIPTO_COUNTRY, STATUS, RECORD_UPDATED_BY, TECHNICIAN_ID, SHIPTO_STATE, MARKUP, REQUISITION_ID, SENDSTATUS, SHIPTO_LATITUDE, SHIPTO_STREET, INVENTORYLOCATION_ID, TYPE_ID, BATCH_ID, CREATEDBY_ID, SENTON, PROJECTLABELS, SENDINGMETHOD, SHIPTO_CITY, TAXRATE, EXTERNALID, ID, TAX, VENDOR, IMPORTID, NOCHARGE, SHIPTO_ZIP, SUMMARY, TENANT_TYPE, SHIPPING, CANCELEDREASON, ISTIMEANDMATERIAL, JOB_ID, RECEIVEDON, SHIPTODESCRIPTION, SHIPTO_UNIT, VENDORINVOICENUMBER, REQUIREDON]
Column Name found in Datamart and Curated Table :: CANCELEDBY_ID
Column Name found in Datamart and Curated Table :: CANCELEDREASON
Column Name found in Datamart and Curated Table :: INVENTORYLOCATION_ID
Column Name found in Datamart and Curated Table :: POVENDOR_ID
Column Name found in Datamart and Curated Table :: SHIPTO_CITY
Column Name found in Datamart and Curated Table :: SHIPTO_LATITUDE
Column Name found in Datamart and Curated Table :: STATUS
Column Name found in Datamart and Curated Table :: TECHNICIAN_ID
Column Name found in Datamart and Curated Table :: AMOUNT
Column Name found in Datamart and Curated Table :: BUSINESSUNIT_ID
Column Name found in Datamart and Curated Table :: CREATEDBY_ID
Column Name found in Datamart and Curated Table :: ISTIMEANDMATERIAL
Column Name found in Datamart and Curated Table :: SENDSTATUS
Column Name found in Datamart and Curated Table :: SHIPPING
Column Name found in Datamart and Curated Table :: SHIPTO_UNIT
Column Name found in Datamart and Curated Table :: TAXSCHEMA
Column Name found in Datamart and Curated Table :: TRUCK_ID
Column Name found in Datamart and Curated Table :: TYPE_ID
Column Name found in Datamart and Curated Table :: VENDORINVOICENUMBER
Column Name found in Datamart and Curated Table :: PROJECTLABELS
Column Name found in Datamart and Curated Table :: SHIPTO_COUNTRY
Column Name found in Datamart and Curated Table :: EXPORTID
Column Name found in Datamart and Curated Table :: MARKUP
Column Name found in Datamart and Curated Table :: SHIPTO_STREET
Column Name found in Datamart and Curated Table :: IMPORTID
Column Name found in Datamart and Curated Table :: NUMBER
Column Name found in Datamart and Curated Table :: TAX
Column Name found in Datamart and Curated Table :: TAXRATE
Column Name found in Datamart and Curated Table :: VENDOR
Column Name found in Datamart and Curated Table :: CANCELEDON
Column Name found in Datamart and Curated Table :: CREATEDON
Column Name found in Datamart and Curated Table :: DATE
Column Name found in Datamart and Curated Table :: MODIFIEDON
Column Name found in Datamart and Curated Table :: ERRORMESSAGE
Column Name found in Datamart and Curated Table :: REQUIREDON
Column Name found in Datamart and Curated Table :: SHIPTO_LONGITUDE
Column Name found in Datamart and Curated Table :: ACTIVE
Column Name found in Datamart and Curated Table :: REQUISITION_ID
Column Name found in Datamart and Curated Table :: SHIPTO_ISMILITARY
Column Name found in Datamart and Curated Table :: GROUPINGOPTION
Column Name found in Datamart and Curated Table :: PROJECT_ID
Column Name found in Datamart and Curated Table :: SENDINGMETHOD
Column Name found in Datamart and Curated Table :: SHIPTO_ZIP
Column Name found in Datamart and Curated Table :: RECEIVEDON
Column Name found in Datamart and Curated Table :: SUMMARY
Column Name found in Datamart and Curated Table :: BATCH_ID
Column Name found in Datamart and Curated Table :: EXTERNALID
Column Name found in Datamart and Curated Table :: ID
Column Name found in Datamart and Curated Table :: INVOICE_ID
Column Name found in Datamart and Curated Table :: JOB_ID
Column Name found in Datamart and Curated Table :: NOCHARGE
Column Name found in Datamart and Curated Table :: SHIPTO_ISMANUALCOORDINATES
Column Name found in Datamart and Curated Table :: SHIPTO_STATE
Column Name found in Datamart and Curated Table :: SENTON
Column Name found in Datamart and Curated Table :: SHIPTODESCRIPTION
Column Name found in Datamart and Curated Table :: TENANT_TYPE
Datamart tables contains additional column name like [ACTIVE_FLAG, RECORD_CREATE_DATE, RECORD_UPDATE_DATE, MASTER_ID]
Curated tables contains additional column name like [RECORD_CREATE_DATE, RECORD_UPDATE_DATE, RECORD_UPDATED_BY]]]>
  </system-out>
  <testcase classname="testcases.RAW_DATAMART_CURATED.SnowFlake_ColumnValidation_APITables" name="validateColumnName_BKP" time="2.258"/>
  <system-out>
    <![CDATA[Executing Snowflake query :: SELECT COLUMN_NAME FROM DEV_ENT_RAW.INFORMATION_SCHEMA.COLUMNS WHERE TABLE_NAME='ST_API_PURCHASEORDERITEM'and TABLE_SCHEMA='API_MAT'
Executing Snowflake query :: SELECT COLUMN_NAME FROM CURATED_DATAMART.INFORMATION_SCHEMA.COLUMNS WHERE TABLE_NAME='STR_API_PURCHASEORDERITEM'and TABLE_SCHEMA='ST_API_EANESHEATING'
Executing Snowflake query :: SELECT COLUMN_NAME FROM DEV_ENT_CURATED.INFORMATION_SCHEMA.COLUMNS WHERE TABLE_NAME='DIM_PURCHASEORDERITEM'and TABLE_SCHEMA='MASTER_DIMENSIONS'
Column names for RAW Table --> ST_API_PURCHASEORDERITEM :: [EQUIPMENT_ID, MARKUP, MODIFIEDON, ROLLEDOVERFROMITEM_ID, UNITOFMEASURE_ID, ACTIVE, ID, IMPORTID, PURCHASEORDER_ID, SKUREFERENCE_SKUTYPE, BUSINESSUNIT_ID, ISINVENTORY, VENDORPARTNUMBER, COST, MATERIALVENDOR_ID, SERIALNUMBER, CREATEDON, DESCRIPTION, EQUIPMENTVENDOR_ID, REQUISITIONITEM_ID, TECHNICIANFORBASERATE2_ID, TECHNICIANSPLIT1, TECHNICIANFORBASERATE3_ID, STATUS, CREATEDBY_ID, TECHNICIANFORBASERATE1_ID, MATERIAL_ID, TECHNICIANSPLIT3, CHARGEABLEITEM_ID, INVENTORYLOCATION_ID, QUANTITY, ROLLOVERQUANTITY, SKUVENDOR_ID, PROJECTLABELS, SKUREFERENCE_SKUID, TECHNICIANSPLIT2, USEDMATERIAL_ID, SKU_ID, TENANT_TYPE]
Column names for DataMart Table --> STR_API_PURCHASEORDERITEM :: [ID, SKU_ID, USEDMATERIAL_ID, RECORD_CREATE_DATE, CHARGEABLEITEM_ID, MARKUP, MATERIALVENDOR_ID, MODIFIEDON, ROLLOVERQUANTITY, SKUREFERENCE_SKUTYPE, VENDORPARTNUMBER, ACTIVE, BUSINESSUNIT_ID, EQUIPMENTVENDOR_ID, EQUIPMENT_ID, IMPORTID, INVENTORYLOCATION_ID, RECORD_UPDATE_DATE, PURCHASEORDER_ID, MATERIAL_ID, COST, CREATEDBY_ID, MASTER_ID, PROJECTLABELS, STATUS, TECHNICIANFORBASERATE1_ID, DESCRIPTION, REQUISITIONITEM_ID, TECHNICIANFORBASERATE2_ID, TENANT_TYPE, ACTIVE_FLAG, ISINVENTORY, TECHNICIANFORBASERATE3_ID, TECHNICIANSPLIT1, TECHNICIANSPLIT3, CREATEDON, QUANTITY, TECHNICIANSPLIT2, ROLLEDOVERFROMITEM_ID, SERIALNUMBER, UNITOFMEASURE_ID, SKUVENDOR_ID, SKUREFERENCE_SKUID]
Column names for Curated Table --> DIM_PURCHASEORDERITEM :: [CREATEDBY_ID, DESCRIPTION, EQUIPMENTVENDOR_ID, EQUIPMENT_ID, MATERIALVENDOR_ID, RECORD_UPDATE_DATE, TECHNICIANFORBASERATE1_ID, MODIFIEDON, UNITOFMEASURE_ID, USEDMATERIAL_ID, TECHNICIANSPLIT2, CHARGEABLEITEM_ID, COST, QUANTITY, TECHNICIANFORBASERATE3_ID, INVENTORYLOCATION_ID, IMPORTID, REQUISITIONITEM_ID, TENANT_TYPE, VENDORPARTNUMBER, SKU_ID, CREATEDON, ID, SKUREFERENCE_SKUTYPE, MARKUP, PROJECTLABELS, PURCHASEORDER_ID, SERIALNUMBER, SKUVENDOR_ID, TECHNICIANSPLIT3, ROLLOVERQUANTITY, STATUS, BUSINESSUNIT_ID, ISINVENTORY, RECORD_CREATE_DATE, ROLLEDOVERFROMITEM_ID, TECHNICIANSPLIT1, SKUREFERENCE_SKUID, ACTIVE, MATERIAL_ID, RECORD_UPDATED_BY, TECHNICIANFORBASERATE2_ID]
Column Name found in Datamart and Curated Table :: EQUIPMENT_ID
Column Name found in Datamart and Curated Table :: MARKUP
Column Name found in Datamart and Curated Table :: MODIFIEDON
Column Name found in Datamart and Curated Table :: ROLLEDOVERFROMITEM_ID
Column Name found in Datamart and Curated Table :: UNITOFMEASURE_ID
Column Name found in Datamart and Curated Table :: ACTIVE
Column Name found in Datamart and Curated Table :: ID
Column Name found in Datamart and Curated Table :: IMPORTID
Column Name found in Datamart and Curated Table :: PURCHASEORDER_ID
Column Name found in Datamart and Curated Table :: SKUREFERENCE_SKUTYPE
Column Name found in Datamart and Curated Table :: BUSINESSUNIT_ID
Column Name found in Datamart and Curated Table :: ISINVENTORY
Column Name found in Datamart and Curated Table :: VENDORPARTNUMBER
Column Name found in Datamart and Curated Table :: COST
Column Name found in Datamart and Curated Table :: MATERIALVENDOR_ID
Column Name found in Datamart and Curated Table :: SERIALNUMBER
Column Name found in Datamart and Curated Table :: CREATEDON
Column Name found in Datamart and Curated Table :: DESCRIPTION
Column Name found in Datamart and Curated Table :: EQUIPMENTVENDOR_ID
Column Name found in Datamart and Curated Table :: REQUISITIONITEM_ID
Column Name found in Datamart and Curated Table :: TECHNICIANFORBASERATE2_ID
Column Name found in Datamart and Curated Table :: TECHNICIANSPLIT1
Column Name found in Datamart and Curated Table :: TECHNICIANFORBASERATE3_ID
Column Name found in Datamart and Curated Table :: STATUS
Column Name found in Datamart and Curated Table :: CREATEDBY_ID
Column Name found in Datamart and Curated Table :: TECHNICIANFORBASERATE1_ID
Column Name found in Datamart and Curated Table :: MATERIAL_ID
Column Name found in Datamart and Curated Table :: TECHNICIANSPLIT3
Column Name found in Datamart and Curated Table :: CHARGEABLEITEM_ID
Column Name found in Datamart and Curated Table :: INVENTORYLOCATION_ID
Column Name found in Datamart and Curated Table :: QUANTITY
Column Name found in Datamart and Curated Table :: ROLLOVERQUANTITY
Column Name found in Datamart and Curated Table :: SKUVENDOR_ID
Column Name found in Datamart and Curated Table :: PROJECTLABELS
Column Name found in Datamart and Curated Table :: SKUREFERENCE_SKUID
Column Name found in Datamart and Curated Table :: TECHNICIANSPLIT2
Column Name found in Datamart and Curated Table :: USEDMATERIAL_ID
Column Name found in Datamart and Curated Table :: SKU_ID
Column Name found in Datamart and Curated Table :: TENANT_TYPE
Datamart tables contains additional column name like [ACTIVE_FLAG, RECORD_CREATE_DATE, RECORD_UPDATE_DATE, MASTER_ID]
Curated tables contains additional column name like [RECORD_CREATE_DATE, RECORD_UPDATE_DATE, RECORD_UPDATED_BY]]]>
  </system-out>
  <testcase classname="testcases.RAW_DATAMART_CURATED.SnowFlake_ColumnValidation_APITables" name="validateColumnName_BKP" time="2.445"/>
  <system-out>
    <![CDATA[Executing Snowflake query :: SELECT COLUMN_NAME FROM DEV_ENT_RAW.INFORMATION_SCHEMA.COLUMNS WHERE TABLE_NAME='ST_API_PURCHASEORDERITEM'and TABLE_SCHEMA='API_MAT'
Executing Snowflake query :: SELECT COLUMN_NAME FROM CURATED_DATAMART.INFORMATION_SCHEMA.COLUMNS WHERE TABLE_NAME='STR_API_PURCHASEORDERITEM'and TABLE_SCHEMA='ST_API_CASTEEL'
Executing Snowflake query :: SELECT COLUMN_NAME FROM DEV_ENT_CURATED.INFORMATION_SCHEMA.COLUMNS WHERE TABLE_NAME='DIM_PURCHASEORDERITEM'and TABLE_SCHEMA='MASTER_DIMENSIONS'
Column names for RAW Table --> ST_API_PURCHASEORDERITEM :: [EQUIPMENT_ID, MARKUP, MODIFIEDON, ROLLEDOVERFROMITEM_ID, UNITOFMEASURE_ID, ACTIVE, ID, IMPORTID, PURCHASEORDER_ID, SKUREFERENCE_SKUTYPE, BUSINESSUNIT_ID, ISINVENTORY, VENDORPARTNUMBER, COST, MATERIALVENDOR_ID, SERIALNUMBER, CREATEDON, DESCRIPTION, EQUIPMENTVENDOR_ID, REQUISITIONITEM_ID, TECHNICIANFORBASERATE2_ID, TECHNICIANSPLIT1, TECHNICIANFORBASERATE3_ID, STATUS, CREATEDBY_ID, TECHNICIANFORBASERATE1_ID, MATERIAL_ID, TECHNICIANSPLIT3, CHARGEABLEITEM_ID, INVENTORYLOCATION_ID, QUANTITY, ROLLOVERQUANTITY, SKUVENDOR_ID, PROJECTLABELS, SKUREFERENCE_SKUID, TECHNICIANSPLIT2, USEDMATERIAL_ID, SKU_ID, TENANT_TYPE]
Column names for DataMart Table --> STR_API_PURCHASEORDERITEM :: [ISINVENTORY, TECHNICIANFORBASERATE2_ID, MARKUP, RECORD_UPDATE_DATE, ACTIVE_FLAG, REQUISITIONITEM_ID, SKU_ID, TECHNICIANSPLIT3, TENANT_TYPE, SERIALNUMBER, SKUREFERENCE_SKUID, SKUVENDOR_ID, ROLLEDOVERFROMITEM_ID, MODIFIEDON, TECHNICIANFORBASERATE3_ID, BUSINESSUNIT_ID, CREATEDON, ID, MATERIAL_ID, USEDMATERIAL_ID, UNITOFMEASURE_ID, CHARGEABLEITEM_ID, CREATEDBY_ID, DESCRIPTION, EQUIPMENTVENDOR_ID, MASTER_ID, SKUREFERENCE_SKUTYPE, RECORD_CREATE_DATE, TECHNICIANSPLIT1, INVENTORYLOCATION_ID, PROJECTLABELS, VENDORPARTNUMBER, ACTIVE, PURCHASEORDER_ID, MATERIALVENDOR_ID, QUANTITY, COST, IMPORTID, STATUS, TECHNICIANFORBASERATE1_ID, TECHNICIANSPLIT2, EQUIPMENT_ID, ROLLOVERQUANTITY]
Column names for Curated Table --> DIM_PURCHASEORDERITEM :: [CREATEDBY_ID, DESCRIPTION, EQUIPMENTVENDOR_ID, EQUIPMENT_ID, MATERIALVENDOR_ID, RECORD_UPDATE_DATE, TECHNICIANFORBASERATE1_ID, MODIFIEDON, UNITOFMEASURE_ID, USEDMATERIAL_ID, TECHNICIANSPLIT2, CHARGEABLEITEM_ID, COST, QUANTITY, TECHNICIANFORBASERATE3_ID, INVENTORYLOCATION_ID, IMPORTID, REQUISITIONITEM_ID, TENANT_TYPE, VENDORPARTNUMBER, SKU_ID, CREATEDON, ID, SKUREFERENCE_SKUTYPE, MARKUP, PROJECTLABELS, PURCHASEORDER_ID, SERIALNUMBER, SKUVENDOR_ID, TECHNICIANSPLIT3, ROLLOVERQUANTITY, STATUS, BUSINESSUNIT_ID, ISINVENTORY, RECORD_CREATE_DATE, ROLLEDOVERFROMITEM_ID, TECHNICIANSPLIT1, SKUREFERENCE_SKUID, ACTIVE, MATERIAL_ID, RECORD_UPDATED_BY, TECHNICIANFORBASERATE2_ID]
Column Name found in Datamart and Curated Table :: EQUIPMENT_ID
Column Name found in Datamart and Curated Table :: MARKUP
Column Name found in Datamart and Curated Table :: MODIFIEDON
Column Name found in Datamart and Curated Table :: ROLLEDOVERFROMITEM_ID
Column Name found in Datamart and Curated Table :: UNITOFMEASURE_ID
Column Name found in Datamart and Curated Table :: ACTIVE
Column Name found in Datamart and Curated Table :: ID
Column Name found in Datamart and Curated Table :: IMPORTID
Column Name found in Datamart and Curated Table :: PURCHASEORDER_ID
Column Name found in Datamart and Curated Table :: SKUREFERENCE_SKUTYPE
Column Name found in Datamart and Curated Table :: BUSINESSUNIT_ID
Column Name found in Datamart and Curated Table :: ISINVENTORY
Column Name found in Datamart and Curated Table :: VENDORPARTNUMBER
Column Name found in Datamart and Curated Table :: COST
Column Name found in Datamart and Curated Table :: MATERIALVENDOR_ID
Column Name found in Datamart and Curated Table :: SERIALNUMBER
Column Name found in Datamart and Curated Table :: CREATEDON
Column Name found in Datamart and Curated Table :: DESCRIPTION
Column Name found in Datamart and Curated Table :: EQUIPMENTVENDOR_ID
Column Name found in Datamart and Curated Table :: REQUISITIONITEM_ID
Column Name found in Datamart and Curated Table :: TECHNICIANFORBASERATE2_ID
Column Name found in Datamart and Curated Table :: TECHNICIANSPLIT1
Column Name found in Datamart and Curated Table :: TECHNICIANFORBASERATE3_ID
Column Name found in Datamart and Curated Table :: STATUS
Column Name found in Datamart and Curated Table :: CREATEDBY_ID
Column Name found in Datamart and Curated Table :: TECHNICIANFORBASERATE1_ID
Column Name found in Datamart and Curated Table :: MATERIAL_ID
Column Name found in Datamart and Curated Table :: TECHNICIANSPLIT3
Column Name found in Datamart and Curated Table :: CHARGEABLEITEM_ID
Column Name found in Datamart and Curated Table :: INVENTORYLOCATION_ID
Column Name found in Datamart and Curated Table :: QUANTITY
Column Name found in Datamart and Curated Table :: ROLLOVERQUANTITY
Column Name found in Datamart and Curated Table :: SKUVENDOR_ID
Column Name found in Datamart and Curated Table :: PROJECTLABELS
Column Name found in Datamart and Curated Table :: SKUREFERENCE_SKUID
Column Name found in Datamart and Curated Table :: TECHNICIANSPLIT2
Column Name found in Datamart and Curated Table :: USEDMATERIAL_ID
Column Name found in Datamart and Curated Table :: SKU_ID
Column Name found in Datamart and Curated Table :: TENANT_TYPE
Datamart tables contains additional column name like [ACTIVE_FLAG, RECORD_CREATE_DATE, RECORD_UPDATE_DATE, MASTER_ID]
Curated tables contains additional column name like [RECORD_CREATE_DATE, RECORD_UPDATE_DATE, RECORD_UPDATED_BY]]]>
  </system-out>
  <testcase classname="testcases.RAW_DATAMART_CURATED.SnowFlake_ColumnValidation_APITables" name="validateColumnName_BKP" time="2.047"/>
  <system-out>
    <![CDATA[Executing Snowflake query :: SELECT COLUMN_NAME FROM DEV_ENT_RAW.INFORMATION_SCHEMA.COLUMNS WHERE TABLE_NAME='ST_API_TAG'and TABLE_SCHEMA='API_MAT'
Executing Snowflake query :: SELECT COLUMN_NAME FROM CURATED_DATAMART.INFORMATION_SCHEMA.COLUMNS WHERE TABLE_NAME='STR_API_TAG'and TABLE_SCHEMA='ST_API_CASTEEL'
Executing Snowflake query :: SELECT COLUMN_NAME FROM DEV_ENT_CURATED.INFORMATION_SCHEMA.COLUMNS WHERE TABLE_NAME='DIM_TAG'and TABLE_SCHEMA='MASTER_DIMENSIONS'
Column names for RAW Table --> ST_API_TAG :: [MEMO, GENERATEDFOREXTERNAL, REMOVEDON, GENERATEDFOR_ID, REMOVEDBY_ID, MODIFIEDON, OWNER_ID, CREATEDBY_ID, CREATEDON, IMPORTID, ACTIVE, ID, TYPE_ID, TENANT_TYPE]
Column names for DataMart Table --> STR_API_TAG :: [ACTIVE_FLAG, GENERATEDFOR_ID, ID, MODIFIEDON, OWNER_ID, SOURCE_PKEY_SPK, CREATEDBY_ID, MEMO, RECORD_CREATE_DATE, TENANT_TYPE, RECORD_UPDATE_DATE, REMOVEDON, ACTIVE, CREATEDON, GENERATEDFOREXTERNAL, TYPE_ID, REMOVEDBY_ID, MASTER_ID, IMPORTID]
Column names for Curated Table --> DIM_TAG :: [ACTIVE_FLAG, RECORD_CREATE_DATE, CREATEDON, RECORD_UPDATE_DATE, SOURCE_PKEY_SPK, GENERATEDFOR_ID, GENERATEDFOREXTERNAL, TYPE_ID, ACTIVE, CREATEDBY_ID, ID, MODIFIEDON, OWNER_ID, REMOVEDBY_ID, REMOVEDON, MEMO, RECORD_UPDATED_BY, IMPORTID, TENANT_TYPE]
Column Name found in Datamart and Curated Table :: MEMO
Column Name found in Datamart and Curated Table :: GENERATEDFOREXTERNAL
Column Name found in Datamart and Curated Table :: REMOVEDON
Column Name found in Datamart and Curated Table :: GENERATEDFOR_ID
Column Name found in Datamart and Curated Table :: REMOVEDBY_ID
Column Name found in Datamart and Curated Table :: MODIFIEDON
Column Name found in Datamart and Curated Table :: OWNER_ID
Column Name found in Datamart and Curated Table :: CREATEDBY_ID
Column Name found in Datamart and Curated Table :: CREATEDON
Column Name found in Datamart and Curated Table :: IMPORTID
Column Name found in Datamart and Curated Table :: ACTIVE
Column Name found in Datamart and Curated Table :: ID
Column Name found in Datamart and Curated Table :: TYPE_ID
Column Name found in Datamart and Curated Table :: TENANT_TYPE
Datamart tables contains additional column name like [ACTIVE_FLAG, RECORD_CREATE_DATE, RECORD_UPDATE_DATE, MASTER_ID]
Curated tables contains additional column name like [RECORD_CREATE_DATE, RECORD_UPDATE_DATE, RECORD_UPDATED_BY]]]>
  </system-out>
  <testcase classname="testcases.RAW_DATAMART_CURATED.SnowFlake_ColumnValidation_APITables" name="validateColumnName_BKP" time="2.463"/>
  <system-out>
    <![CDATA[Executing Snowflake query :: SELECT COLUMN_NAME FROM DEV_ENT_RAW.INFORMATION_SCHEMA.COLUMNS WHERE TABLE_NAME='ST_API_CUSTOMER'and TABLE_SCHEMA='API_MAT'
Executing Snowflake query :: SELECT COLUMN_NAME FROM CURATED_DATAMART.INFORMATION_SCHEMA.COLUMNS WHERE TABLE_NAME='STR_API_CUSTOMER'and TABLE_SCHEMA='ST_API_FOURPROS'
Executing Snowflake query :: SELECT COLUMN_NAME FROM DEV_ENT_CURATED.INFORMATION_SCHEMA.COLUMNS WHERE TABLE_NAME='DIM_CUSTOMER'and TABLE_SCHEMA='MASTER_DIMENSIONS'
Column names for RAW Table --> ST_API_CUSTOMER :: [ADDRESS_ISMANUALCOORDINATES, ADDRESS_ISMILITARY, ADDRESS_LATITUDE, ADDRESS_LONGITUDE, CREATEDON, NAME, IMPORTID, AR, CREATEDBY_ID, ADDRESS_COUNTRY, DONOTCHARGEINTERESTFEE, DONOTSENDPROMOTIONALEMAILS, HEADER, TAXEXEMPT, ADDRESS_UNIT, SHOWMEMBERSAVINGS, ADDRESS_STATE, MEMBERSHIP_ACTIVATEDFROM, MEMBERSHIP_TO, STATISTICS_ID, BALANCE, EXCLUDEFROMBULKPRINTING, MEMBERSHIP_ACTIVATEDBY, MODIFIEDON, ID, TYPE, ACTIVE, ADDRESS_CITY, AVALARAENTITYCODE, EXTERNALID, ADDRESS_ZIP, PAYMENTTERM_ID, MEMBERSHIP_CANCELLATIONDATE, ADDRESS_STREET, DONOTMAIL, DONOTSERVICE, MEMBERSHIP_FROM, NOCHARGE, TENANT_TYPE]
Column names for DataMart Table --> STR_API_CUSTOMER :: [ADDRESS_COUNTRY, CREATEDON, TYPE, MASTER_ID, ACTIVE_FLAG, ADDRESS_UNIT, DONOTSENDPROMOTIONALEMAILS, NOCHARGE, EXTERNALID, MEMBERSHIP_CANCELLATIONDATE, ACTIVE, ADDRESS_LONGITUDE, AR, BALANCE, EXCLUDEFROMBULKPRINTING, DONOTMAIL, MEMBERSHIP_ACTIVATEDFROM, ADDRESS_LATITUDE, ADDRESS_ZIP, MODIFIEDON, RECORD_CREATE_DATE, RECORD_UPDATE_DATE, PAYMENTTERM_ID, AVALARAENTITYCODE, ADDRESS_STATE, ID, NAME, ADDRESS_ISMILITARY, ADDRESS_STREET, MEMBERSHIP_FROM, TENANT_TYPE, TAXEXEMPT, ADDRESS_CITY, IMPORTID, DONOTSERVICE, ADDRESS_ISMANUALCOORDINATES, CREATEDBY_ID, DONOTCHARGEINTERESTFEE, HEADER, MEMBERSHIP_ACTIVATEDBY, MEMBERSHIP_TO, SHOWMEMBERSAVINGS, STATISTICS_ID]
Column names for Curated Table --> DIM_CUSTOMER :: [ADDRESS_UNIT, PAYMENTTERM_ID, BALANCE, IMPORTID, ACTIVE, ADDRESS_COUNTRY, ADDRESS_ISMANUALCOORDINATES, ADDRESS_STATE, ADDRESS_ZIP, AR, NAME, MEMBERSHIP_TO, ADDRESS_CITY, ADDRESS_STREET, DONOTSERVICE, MEMBERSHIP_CANCELLATIONDATE, NOCHARGE, HEADER, CREATEDBY_ID, EXTERNALID, MODIFIEDON, DONOTCHARGEINTERESTFEE, MEMBERSHIP_ACTIVATEDBY, RECORD_UPDATE_DATE, RECORD_UPDATED_BY, STATISTICS_ID, CREATEDON, DONOTMAIL, ID, TAXEXEMPT, RECORD_CREATE_DATE, ADDRESS_LATITUDE, ADDRESS_LONGITUDE, AVALARAENTITYCODE, DONOTSENDPROMOTIONALEMAILS, MEMBERSHIP_FROM, TENANT_TYPE, TYPE, ADDRESS_ISMILITARY, MEMBERSHIP_ACTIVATEDFROM, SHOWMEMBERSAVINGS, EXCLUDEFROMBULKPRINTING]
Column Name found in Datamart and Curated Table :: ADDRESS_ISMANUALCOORDINATES
Column Name found in Datamart and Curated Table :: ADDRESS_ISMILITARY
Column Name found in Datamart and Curated Table :: ADDRESS_LATITUDE
Column Name found in Datamart and Curated Table :: ADDRESS_LONGITUDE
Column Name found in Datamart and Curated Table :: CREATEDON
Column Name found in Datamart and Curated Table :: NAME
Column Name found in Datamart and Curated Table :: IMPORTID
Column Name found in Datamart and Curated Table :: AR
Column Name found in Datamart and Curated Table :: CREATEDBY_ID
Column Name found in Datamart and Curated Table :: ADDRESS_COUNTRY
Column Name found in Datamart and Curated Table :: DONOTCHARGEINTERESTFEE
Column Name found in Datamart and Curated Table :: DONOTSENDPROMOTIONALEMAILS
Column Name found in Datamart and Curated Table :: HEADER
Column Name found in Datamart and Curated Table :: TAXEXEMPT
Column Name found in Datamart and Curated Table :: ADDRESS_UNIT
Column Name found in Datamart and Curated Table :: SHOWMEMBERSAVINGS
Column Name found in Datamart and Curated Table :: ADDRESS_STATE
Column Name found in Datamart and Curated Table :: MEMBERSHIP_ACTIVATEDFROM
Column Name found in Datamart and Curated Table :: MEMBERSHIP_TO
Column Name found in Datamart and Curated Table :: STATISTICS_ID
Column Name found in Datamart and Curated Table :: BALANCE
Column Name found in Datamart and Curated Table :: EXCLUDEFROMBULKPRINTING
Column Name found in Datamart and Curated Table :: MEMBERSHIP_ACTIVATEDBY
Column Name found in Datamart and Curated Table :: MODIFIEDON
Column Name found in Datamart and Curated Table :: ID
Column Name found in Datamart and Curated Table :: TYPE
Column Name found in Datamart and Curated Table :: ACTIVE
Column Name found in Datamart and Curated Table :: ADDRESS_CITY
Column Name found in Datamart and Curated Table :: AVALARAENTITYCODE
Column Name found in Datamart and Curated Table :: EXTERNALID
Column Name found in Datamart and Curated Table :: ADDRESS_ZIP
Column Name found in Datamart and Curated Table :: PAYMENTTERM_ID
Column Name found in Datamart and Curated Table :: MEMBERSHIP_CANCELLATIONDATE
Column Name found in Datamart and Curated Table :: ADDRESS_STREET
Column Name found in Datamart and Curated Table :: DONOTMAIL
Column Name found in Datamart and Curated Table :: DONOTSERVICE
Column Name found in Datamart and Curated Table :: MEMBERSHIP_FROM
Column Name found in Datamart and Curated Table :: NOCHARGE
Column Name found in Datamart and Curated Table :: TENANT_TYPE
Datamart tables contains additional column name like [ACTIVE_FLAG, RECORD_CREATE_DATE, RECORD_UPDATE_DATE, MASTER_ID]
Curated tables contains additional column name like [RECORD_CREATE_DATE, RECORD_UPDATE_DATE, RECORD_UPDATED_BY]]]>
  </system-out>
  <testcase classname="testcases.RAW_DATAMART_CURATED.SnowFlake_ColumnValidation_APITables" name="validateColumnName_BKP" time="3.267"/>
  <system-out>
    <![CDATA[Executing Snowflake query :: SELECT COLUMN_NAME FROM DEV_ENT_RAW.INFORMATION_SCHEMA.COLUMNS WHERE TABLE_NAME='ST_API_PURCHASEORDERITEM'and TABLE_SCHEMA='API_MAT'
Executing Snowflake query :: SELECT COLUMN_NAME FROM CURATED_DATAMART.INFORMATION_SCHEMA.COLUMNS WHERE TABLE_NAME='STR_API_PURCHASEORDERITEM'and TABLE_SCHEMA='ST_API_HDAIR'
Executing Snowflake query :: SELECT COLUMN_NAME FROM DEV_ENT_CURATED.INFORMATION_SCHEMA.COLUMNS WHERE TABLE_NAME='DIM_PURCHASEORDERITEM'and TABLE_SCHEMA='MASTER_DIMENSIONS'
Column names for RAW Table --> ST_API_PURCHASEORDERITEM :: [EQUIPMENT_ID, MARKUP, MODIFIEDON, ROLLEDOVERFROMITEM_ID, UNITOFMEASURE_ID, ACTIVE, ID, IMPORTID, PURCHASEORDER_ID, SKUREFERENCE_SKUTYPE, BUSINESSUNIT_ID, ISINVENTORY, VENDORPARTNUMBER, COST, MATERIALVENDOR_ID, SERIALNUMBER, CREATEDON, DESCRIPTION, EQUIPMENTVENDOR_ID, REQUISITIONITEM_ID, TECHNICIANFORBASERATE2_ID, TECHNICIANSPLIT1, TECHNICIANFORBASERATE3_ID, STATUS, CREATEDBY_ID, TECHNICIANFORBASERATE1_ID, MATERIAL_ID, TECHNICIANSPLIT3, CHARGEABLEITEM_ID, INVENTORYLOCATION_ID, QUANTITY, ROLLOVERQUANTITY, SKUVENDOR_ID, PROJECTLABELS, SKUREFERENCE_SKUID, TECHNICIANSPLIT2, USEDMATERIAL_ID, SKU_ID, TENANT_TYPE]
Column names for DataMart Table --> STR_API_PURCHASEORDERITEM :: [ACTIVE_FLAG, EQUIPMENTVENDOR_ID, INVENTORYLOCATION_ID, SKU_ID, TECHNICIANFORBASERATE3_ID, TECHNICIANSPLIT2, STATUS, TECHNICIANFORBASERATE1_ID, TECHNICIANSPLIT1, TECHNICIANFORBASERATE2_ID, CHARGEABLEITEM_ID, MATERIAL_ID, RECORD_CREATE_DATE, SERIALNUMBER, TECHNICIANSPLIT3, ROLLOVERQUANTITY, CREATEDBY_ID, EQUIPMENT_ID, IMPORTID, MASTER_ID, BUSINESSUNIT_ID, COST, DESCRIPTION, PROJECTLABELS, PURCHASEORDER_ID, QUANTITY, ACTIVE, ID, MARKUP, MATERIALVENDOR_ID, ROLLEDOVERFROMITEM_ID, SKUREFERENCE_SKUTYPE, ISINVENTORY, UNITOFMEASURE_ID, USEDMATERIAL_ID, CREATEDON, REQUISITIONITEM_ID, SKUREFERENCE_SKUID, TENANT_TYPE, VENDORPARTNUMBER, RECORD_UPDATE_DATE, MODIFIEDON, SKUVENDOR_ID]
Column names for Curated Table --> DIM_PURCHASEORDERITEM :: [CREATEDBY_ID, DESCRIPTION, EQUIPMENTVENDOR_ID, EQUIPMENT_ID, MATERIALVENDOR_ID, RECORD_UPDATE_DATE, TECHNICIANFORBASERATE1_ID, MODIFIEDON, UNITOFMEASURE_ID, USEDMATERIAL_ID, TECHNICIANSPLIT2, CHARGEABLEITEM_ID, COST, QUANTITY, TECHNICIANFORBASERATE3_ID, INVENTORYLOCATION_ID, IMPORTID, REQUISITIONITEM_ID, TENANT_TYPE, VENDORPARTNUMBER, SKU_ID, CREATEDON, ID, SKUREFERENCE_SKUTYPE, MARKUP, PROJECTLABELS, PURCHASEORDER_ID, SERIALNUMBER, SKUVENDOR_ID, TECHNICIANSPLIT3, ROLLOVERQUANTITY, STATUS, BUSINESSUNIT_ID, ISINVENTORY, RECORD_CREATE_DATE, ROLLEDOVERFROMITEM_ID, TECHNICIANSPLIT1, SKUREFERENCE_SKUID, ACTIVE, MATERIAL_ID, RECORD_UPDATED_BY, TECHNICIANFORBASERATE2_ID]
Column Name found in Datamart and Curated Table :: EQUIPMENT_ID
Column Name found in Datamart and Curated Table :: MARKUP
Column Name found in Datamart and Curated Table :: MODIFIEDON
Column Name found in Datamart and Curated Table :: ROLLEDOVERFROMITEM_ID
Column Name found in Datamart and Curated Table :: UNITOFMEASURE_ID
Column Name found in Datamart and Curated Table :: ACTIVE
Column Name found in Datamart and Curated Table :: ID
Column Name found in Datamart and Curated Table :: IMPORTID
Column Name found in Datamart and Curated Table :: PURCHASEORDER_ID
Column Name found in Datamart and Curated Table :: SKUREFERENCE_SKUTYPE
Column Name found in Datamart and Curated Table :: BUSINESSUNIT_ID
Column Name found in Datamart and Curated Table :: ISINVENTORY
Column Name found in Datamart and Curated Table :: VENDORPARTNUMBER
Column Name found in Datamart and Curated Table :: COST
Column Name found in Datamart and Curated Table :: MATERIALVENDOR_ID
Column Name found in Datamart and Curated Table :: SERIALNUMBER
Column Name found in Datamart and Curated Table :: CREATEDON
Column Name found in Datamart and Curated Table :: DESCRIPTION
Column Name found in Datamart and Curated Table :: EQUIPMENTVENDOR_ID
Column Name found in Datamart and Curated Table :: REQUISITIONITEM_ID
Column Name found in Datamart and Curated Table :: TECHNICIANFORBASERATE2_ID
Column Name found in Datamart and Curated Table :: TECHNICIANSPLIT1
Column Name found in Datamart and Curated Table :: TECHNICIANFORBASERATE3_ID
Column Name found in Datamart and Curated Table :: STATUS
Column Name found in Datamart and Curated Table :: CREATEDBY_ID
Column Name found in Datamart and Curated Table :: TECHNICIANFORBASERATE1_ID
Column Name found in Datamart and Curated Table :: MATERIAL_ID
Column Name found in Datamart and Curated Table :: TECHNICIANSPLIT3
Column Name found in Datamart and Curated Table :: CHARGEABLEITEM_ID
Column Name found in Datamart and Curated Table :: INVENTORYLOCATION_ID
Column Name found in Datamart and Curated Table :: QUANTITY
Column Name found in Datamart and Curated Table :: ROLLOVERQUANTITY
Column Name found in Datamart and Curated Table :: SKUVENDOR_ID
Column Name found in Datamart and Curated Table :: PROJECTLABELS
Column Name found in Datamart and Curated Table :: SKUREFERENCE_SKUID
Column Name found in Datamart and Curated Table :: TECHNICIANSPLIT2
Column Name found in Datamart and Curated Table :: USEDMATERIAL_ID
Column Name found in Datamart and Curated Table :: SKU_ID
Column Name found in Datamart and Curated Table :: TENANT_TYPE
Datamart tables contains additional column name like [ACTIVE_FLAG, RECORD_CREATE_DATE, RECORD_UPDATE_DATE, MASTER_ID]
Curated tables contains additional column name like [RECORD_CREATE_DATE, RECORD_UPDATE_DATE, RECORD_UPDATED_BY]]]>
  </system-out>
  <testcase classname="testcases.RAW_DATAMART_CURATED.SnowFlake_ColumnValidation_APITables" name="validateColumnName_BKP" time="2.255"/>
  <system-out>
    <![CDATA[Executing Snowflake query :: SELECT COLUMN_NAME FROM DEV_ENT_RAW.INFORMATION_SCHEMA.COLUMNS WHERE TABLE_NAME='ST_API_INVOICE'and TABLE_SCHEMA='API_MAT'
Executing Snowflake query :: SELECT COLUMN_NAME FROM CURATED_DATAMART.INFORMATION_SCHEMA.COLUMNS WHERE TABLE_NAME='STR_API_INVOICE'and TABLE_SCHEMA='ST_API_HDAIR'
Executing Snowflake query :: SELECT COLUMN_NAME FROM DEV_ENT_CURATED.INFORMATION_SCHEMA.COLUMNS WHERE TABLE_NAME='FACT_INVOICE'and TABLE_SCHEMA='MASTER_DIMENSIONS'
Column names for RAW Table --> ST_API_INVOICE :: [COMMISSIONELIGIBILITYDATE, TYPE_ID, NEWCONSTRUCTION, ACTIVE, BATCH_ID, DISCOUNTTOTAL, NETAMOUNT, ROYALTY_SENTON, SUMMARY, TECHNICIANACKNOWLEDGEMENTSIGNATURE, CREATEDBY_ID, ADJUSTMENTTO_ID, EXPORTID, EXTERNALID, INVOICEDON, PAIDON, PAYMENTTERM_ID, MODIFIEDON, MATERIALSKUREFERENCE_SKUTYPE, MEMBERSHIP_ID, STATUS, TAX, TAXZONE_ID, COUNTERSALESLOCATION_ID, NUMERICNUMBER, ROYALTY_STATUS, BUSINESSUNIT_ID, CONFIGURATION, CREATEDON, CUSTOMER_ID, JOB_ID, LOCATION_ID, ROYALTY_DATE, ACKNOWLEDGEMENTSIGNATURE, BALANCE, BILLINGDATE, EXCLUDEFROMPAYROLL, MATERIALTAX, AUTHORIZATIONSIGNATURE, PAYMENTDUEDATE, PROJECTLABELS, AUTHORIZEDAMOUNT, ID, INCLUDEINTECHNICIANREPORTS, MATERIALSKUREFERENCE_SKUID, PAYROLLDATE, SIGNATURE, SUBTOTAL, LABORTAX, MATERIALSKU_ID, ROYALTY_MEMO, TOTAL, FEETAX, IMPORTID, NUMBER, PROJECT_ID, FEETOTAL, TENANT_TYPE]
Column names for DataMart Table --> STR_API_INVOICE :: [FEETAX, NUMERICNUMBER, ROYALTY_MEMO, ROYALTY_STATUS, PAYMENTDUEDATE, SIGNATURE, ACTIVE, BILLINGDATE, BUSINESSUNIT_ID, FEETOTAL, ID, MODIFIEDON, EXTERNALID, INVOICEDON, LOCATION_ID, TECHNICIANACKNOWLEDGEMENTSIGNATURE, TENANT_TYPE, MATERIALTAX, NETAMOUNT, ACKNOWLEDGEMENTSIGNATURE, COMMISSIONELIGIBILITYDATE, CREATEDBY_ID, NEWCONSTRUCTION, PAIDON, PROJECT_ID, SUBTOTAL, NUMBER, RECORD_UPDATE_DATE, ADJUSTMENTTO_ID, BALANCE, CUSTOMER_ID, INCLUDEINTECHNICIANREPORTS, STATUS, MATERIALSKU_ID, BATCH_ID, CONFIGURATION, PROJECTLABELS, SUMMARY, ROYALTY_DATE, PAYMENTTERM_ID, AUTHORIZATIONSIGNATURE, JOB_ID, MATERIALSKUREFERENCE_SKUTYPE, TOTAL, MATERIALSKUREFERENCE_SKUID, RECORD_CREATE_DATE, ACTIVE_FLAG, AUTHORIZEDAMOUNT, DISCOUNTTOTAL, EXPORTID, MASTER_ID, ROYALTY_SENTON, TYPE_ID, COUNTERSALESLOCATION_ID, CREATEDON, IMPORTID, LABORTAX, PAYROLLDATE, TAX, TAXZONE_ID, MEMBERSHIP_ID, EXCLUDEFROMPAYROLL]
Column names for Curated Table --> FACT_INVOICE :: [CONFIGURATION, EXPORTID, EXTERNALID, MATERIALSKUREFERENCE_SKUTYPE, RECORD_UPDATED_BY, ROYALTY_DATE, FEETAX, TAX, TOTAL, BALANCE, BUSINESSUNIT_ID, CREATEDON, PAYMENTDUEDATE, PROJECT_ID, NETAMOUNT, NUMERICNUMBER, ROYALTY_SENTON, NUMBER, DISCOUNTTOTAL, EXCLUDEFROMPAYROLL, INCLUDEINTECHNICIANREPORTS, MODIFIEDON, STATUS, TENANT_TYPE, NEWCONSTRUCTION, ACKNOWLEDGEMENTSIGNATURE, ADJUSTMENTTO_ID, CREATEDBY_ID, CUSTOMER_ID, FEETOTAL, INVOICEDON, PAIDON, TYPE_ID, JOB_ID, LABORTAX, LOCATION_ID, ROYALTY_STATUS, SUMMARY, PROJECTLABELS, MATERIALSKUREFERENCE_SKUID, MATERIALSKU_ID, MEMBERSHIP_ID, COMMISSIONELIGIBILITYDATE, RECORD_CREATE_DATE, RECORD_UPDATE_DATE, SIGNATURE, AUTHORIZATIONSIGNATURE, BILLINGDATE, IMPORTID, TECHNICIANACKNOWLEDGEMENTSIGNATURE, AUTHORIZEDAMOUNT, ID, PAYROLLDATE, ACTIVE, COUNTERSALESLOCATION_ID, PAYMENTTERM_ID, SUBTOTAL, BATCH_ID, MATERIALTAX, ROYALTY_MEMO, TAXZONE_ID]
Column Name found in Datamart and Curated Table :: COMMISSIONELIGIBILITYDATE
Column Name found in Datamart and Curated Table :: TYPE_ID
Column Name found in Datamart and Curated Table :: NEWCONSTRUCTION
Column Name found in Datamart and Curated Table :: ACTIVE
Column Name found in Datamart and Curated Table :: BATCH_ID
Column Name found in Datamart and Curated Table :: DISCOUNTTOTAL
Column Name found in Datamart and Curated Table :: NETAMOUNT
Column Name found in Datamart and Curated Table :: ROYALTY_SENTON
Column Name found in Datamart and Curated Table :: SUMMARY
Column Name found in Datamart and Curated Table :: TECHNICIANACKNOWLEDGEMENTSIGNATURE
Column Name found in Datamart and Curated Table :: CREATEDBY_ID
Column Name found in Datamart and Curated Table :: ADJUSTMENTTO_ID
Column Name found in Datamart and Curated Table :: EXPORTID
Column Name found in Datamart and Curated Table :: EXTERNALID
Column Name found in Datamart and Curated Table :: INVOICEDON
Column Name found in Datamart and Curated Table :: PAIDON
Column Name found in Datamart and Curated Table :: PAYMENTTERM_ID
Column Name found in Datamart and Curated Table :: MODIFIEDON
Column Name found in Datamart and Curated Table :: MATERIALSKUREFERENCE_SKUTYPE
Column Name found in Datamart and Curated Table :: MEMBERSHIP_ID
Column Name found in Datamart and Curated Table :: STATUS
Column Name found in Datamart and Curated Table :: TAX
Column Name found in Datamart and Curated Table :: TAXZONE_ID
Column Name found in Datamart and Curated Table :: COUNTERSALESLOCATION_ID
Column Name found in Datamart and Curated Table :: NUMERICNUMBER
Column Name found in Datamart and Curated Table :: ROYALTY_STATUS
Column Name found in Datamart and Curated Table :: BUSINESSUNIT_ID
Column Name found in Datamart and Curated Table :: CONFIGURATION
Column Name found in Datamart and Curated Table :: CREATEDON
Column Name found in Datamart and Curated Table :: CUSTOMER_ID
Column Name found in Datamart and Curated Table :: JOB_ID
Column Name found in Datamart and Curated Table :: LOCATION_ID
Column Name found in Datamart and Curated Table :: ROYALTY_DATE
Column Name found in Datamart and Curated Table :: ACKNOWLEDGEMENTSIGNATURE
Column Name found in Datamart and Curated Table :: BALANCE
Column Name found in Datamart and Curated Table :: BILLINGDATE
Column Name found in Datamart and Curated Table :: EXCLUDEFROMPAYROLL
Column Name found in Datamart and Curated Table :: MATERIALTAX
Column Name found in Datamart and Curated Table :: AUTHORIZATIONSIGNATURE
Column Name found in Datamart and Curated Table :: PAYMENTDUEDATE
Column Name found in Datamart and Curated Table :: PROJECTLABELS
Column Name found in Datamart and Curated Table :: AUTHORIZEDAMOUNT
Column Name found in Datamart and Curated Table :: ID
Column Name found in Datamart and Curated Table :: INCLUDEINTECHNICIANREPORTS
Column Name found in Datamart and Curated Table :: MATERIALSKUREFERENCE_SKUID
Column Name found in Datamart and Curated Table :: PAYROLLDATE
Column Name found in Datamart and Curated Table :: SIGNATURE
Column Name found in Datamart and Curated Table :: SUBTOTAL
Column Name found in Datamart and Curated Table :: LABORTAX
Column Name found in Datamart and Curated Table :: MATERIALSKU_ID
Column Name found in Datamart and Curated Table :: ROYALTY_MEMO
Column Name found in Datamart and Curated Table :: TOTAL
Column Name found in Datamart and Curated Table :: FEETAX
Column Name found in Datamart and Curated Table :: IMPORTID
Column Name found in Datamart and Curated Table :: NUMBER
Column Name found in Datamart and Curated Table :: PROJECT_ID
Column Name found in Datamart and Curated Table :: FEETOTAL
Column Name found in Datamart and Curated Table :: TENANT_TYPE
Datamart tables contains additional column name like [ACTIVE_FLAG, RECORD_CREATE_DATE, RECORD_UPDATE_DATE, MASTER_ID]
Curated tables contains additional column name like [RECORD_CREATE_DATE, RECORD_UPDATE_DATE, RECORD_UPDATED_BY]]]>
  </system-out>
  <testcase classname="testcases.RAW_DATAMART_CURATED.SnowFlake_ColumnValidation_APITables" name="validateColumnName_BKP" time="3.209"/>
  <system-out>
    <![CDATA[Executing Snowflake query :: SELECT COLUMN_NAME FROM DEV_ENT_RAW.INFORMATION_SCHEMA.COLUMNS WHERE TABLE_NAME='ST_API_SKUASSET'and TABLE_SCHEMA='API_MAT'
Executing Snowflake query :: SELECT COLUMN_NAME FROM CURATED_DATAMART.INFORMATION_SCHEMA.COLUMNS WHERE TABLE_NAME='STR_API_SKUASSET'and TABLE_SCHEMA='ST_API_HUTCHINSON'
Executing Snowflake query :: SELECT COLUMN_NAME FROM DEV_ENT_CURATED.INFORMATION_SCHEMA.COLUMNS WHERE TABLE_NAME='DIM_SKUASSET'and TABLE_SCHEMA='MASTER_DIMENSIONS'
Column names for RAW Table --> ST_API_SKUASSET :: [ISEXTERNAL, IMPORTID, ACTIVE, ORIGINALNAME, ALIAS, CREATEDBY_ID, ID, OWNER_ID, URL, METADATA, TYPE, CREATEDON, EXTERNALURL, TENANT_TYPE]
Column names for DataMart Table --> STR_API_SKUASSET :: [ALIAS, ISEXTERNAL, TENANT_TYPE, CREATEDBY_ID, EXTERNALURL, ORIGINALNAME, TYPE, ACTIVE_FLAG, OWNER_ID, CREATEDON, ACTIVE, MASTER_ID, METADATA, ID, IMPORTID, RECORD_CREATE_DATE, RECORD_UPDATE_DATE, URL]
Column names for Curated Table --> DIM_SKUASSET :: [EXTERNALURL, ORIGINALNAME, TENANT_TYPE, RECORD_UPDATE_DATE, ID, ISEXTERNAL, RECORD_CREATE_DATE, ALIAS, CREATEDON, RECORD_UPDATED_BY, TYPE, ACTIVE, CREATEDBY_ID, OWNER_ID, METADATA, URL, IMPORTID]
Column Name found in Datamart and Curated Table :: ISEXTERNAL
Column Name found in Datamart and Curated Table :: IMPORTID
Column Name found in Datamart and Curated Table :: ACTIVE
Column Name found in Datamart and Curated Table :: ORIGINALNAME
Column Name found in Datamart and Curated Table :: ALIAS
Column Name found in Datamart and Curated Table :: CREATEDBY_ID
Column Name found in Datamart and Curated Table :: ID
Column Name found in Datamart and Curated Table :: OWNER_ID
Column Name found in Datamart and Curated Table :: URL
Column Name found in Datamart and Curated Table :: METADATA
Column Name found in Datamart and Curated Table :: TYPE
Column Name found in Datamart and Curated Table :: CREATEDON
Column Name found in Datamart and Curated Table :: EXTERNALURL
Column Name found in Datamart and Curated Table :: TENANT_TYPE
Datamart tables contains additional column name like [ACTIVE_FLAG, RECORD_CREATE_DATE, RECORD_UPDATE_DATE, MASTER_ID]
Curated tables contains additional column name like [RECORD_CREATE_DATE, RECORD_UPDATE_DATE, RECORD_UPDATED_BY]]]>
  </system-out>
  <testcase classname="testcases.RAW_DATAMART_CURATED.SnowFlake_ColumnValidation_APITables" name="validateColumnName_BKP" time="2.557"/>
  <system-out>
    <![CDATA[Executing Snowflake query :: SELECT COLUMN_NAME FROM DEV_ENT_RAW.INFORMATION_SCHEMA.COLUMNS WHERE TABLE_NAME='ST_API_JOBASSIGNMENT'and TABLE_SCHEMA='API_MAT'
Executing Snowflake query :: SELECT COLUMN_NAME FROM CURATED_DATAMART.INFORMATION_SCHEMA.COLUMNS WHERE TABLE_NAME='STR_API_JOBASSIGNMENT'and TABLE_SCHEMA='ST_API_SNELLHEATINGAIR'
Executing Snowflake query :: SELECT COLUMN_NAME FROM DEV_ENT_CURATED.INFORMATION_SCHEMA.COLUMNS WHERE TABLE_NAME='DIM_JOBASSIGNMENT'and TABLE_SCHEMA='MASTER_DIMENSIONS'
Column names for RAW Table --> ST_API_JOBASSIGNMENT :: [CREATEDBY_ID, IMPORTID, TECHNICIANROLE_ID, DRIVETIME_ID, ISPAUSED, JOHNMOOREPAYROLLROLE, ACTIVE, COMMISSIONRATE, CREATEDON, GROSSPAY, ID, SPLIT, PAYROLLROLE, PROJECTLABELS, PAYTYPE, TECHNICIAN_ID, JOB_ID, MODIFIEDON, STATUS, TENANT_TYPE]
Column names for DataMart Table --> STR_API_JOBASSIGNMENT :: [ACTIVE, ID, PROJECTLABELS, TECHNICIANROLE_ID, IMPORTID, JOHNMOOREPAYROLLROLE, TENANT_TYPE, DRIVETIME_ID, MODIFIEDON, GROSSPAY, JOB_ID, PAYTYPE, RECORD_UPDATE_DATE, STATUS, CREATEDON, RECORD_CREATE_DATE, ACTIVE_FLAG, CREATEDBY_ID, PAYROLLROLE, MASTER_ID, TECHNICIAN_ID, COMMISSIONRATE, ISPAUSED, SPLIT]
Column names for Curated Table --> DIM_JOBASSIGNMENT :: [STATUS, COMMISSIONRATE, SPLIT, TECHNICIANROLE_ID, DRIVETIME_ID, GROSSPAY, RECORD_CREATE_DATE, JOHNMOOREPAYROLLROLE, MODIFIEDON, CREATEDBY_ID, ISPAUSED, SOURCE_PKEY_SPK, ID, PROJECTLABELS, RECORD_UPDATED_BY, PAYROLLROLE, JOB_ID, RECORD_UPDATE_DATE, TENANT_TYPE, IMPORTID, TECHNICIAN_ID, PAYTYPE, ACTIVE, CREATEDON]
Column Name found in Datamart and Curated Table :: CREATEDBY_ID
Column Name found in Datamart and Curated Table :: IMPORTID
Column Name found in Datamart and Curated Table :: TECHNICIANROLE_ID
Column Name found in Datamart and Curated Table :: DRIVETIME_ID
Column Name found in Datamart and Curated Table :: ISPAUSED
Column Name found in Datamart and Curated Table :: JOHNMOOREPAYROLLROLE
Column Name found in Datamart and Curated Table :: ACTIVE
Column Name found in Datamart and Curated Table :: COMMISSIONRATE
Column Name found in Datamart and Curated Table :: CREATEDON
Column Name found in Datamart and Curated Table :: GROSSPAY
Column Name found in Datamart and Curated Table :: ID
Column Name found in Datamart and Curated Table :: SPLIT
Column Name found in Datamart and Curated Table :: PAYROLLROLE
Column Name found in Datamart and Curated Table :: PROJECTLABELS
Column Name found in Datamart and Curated Table :: PAYTYPE
Column Name found in Datamart and Curated Table :: TECHNICIAN_ID
Column Name found in Datamart and Curated Table :: JOB_ID
Column Name found in Datamart and Curated Table :: MODIFIEDON
Column Name found in Datamart and Curated Table :: STATUS
Column Name found in Datamart and Curated Table :: TENANT_TYPE
Datamart tables contains additional column name like [ACTIVE_FLAG, RECORD_CREATE_DATE, RECORD_UPDATE_DATE, MASTER_ID]
Curated tables contains additional column name like [RECORD_CREATE_DATE, RECORD_UPDATE_DATE, RECORD_UPDATED_BY]]]>
  </system-out>
  <testcase classname="testcases.RAW_DATAMART_CURATED.SnowFlake_ColumnValidation_APITables" name="validateColumnName_BKP" time="2.372"/>
  <system-out>
    <![CDATA[Executing Snowflake query :: SELECT COLUMN_NAME FROM DEV_ENT_RAW.INFORMATION_SCHEMA.COLUMNS WHERE TABLE_NAME='ST_API_TECHNICIANSHIFT'and TABLE_SCHEMA='API_MAT'
Executing Snowflake query :: SELECT COLUMN_NAME FROM CURATED_DATAMART.INFORMATION_SCHEMA.COLUMNS WHERE TABLE_NAME='STR_API_TECHNICIANSHIFT'and TABLE_SCHEMA='ST_API_HENDERSON'
Executing Snowflake query :: SELECT COLUMN_NAME FROM DEV_ENT_CURATED.INFORMATION_SCHEMA.COLUMNS WHERE TABLE_NAME='DIM_TECHNICIANSHIFT'and TABLE_SCHEMA='MASTER_DIMENSIONS'
Column names for RAW Table --> ST_API_TECHNICIANSHIFT :: [END, ENDDATE, STARTTIME, ENDTIME, START, TECHNICIAN_ID, ACTIVE, BATCH, CREATEDBY_ID, TITLE, ID, IMPORTID, SHIFTTYPE, STARTDATE, CREATEDON, NOTE, TIMESHEET_ID, TIMESHEETCODE_ID, TENANT_TYPE]
Column names for DataMart Table --> STR_API_TECHNICIANSHIFT :: [TITLE, ENDDATE, START, TENANT_TYPE, END, ENDTIME, STARTTIME, BATCH, IMPORTID, RECORD_UPDATE_DATE, TIMESHEET_ID, STARTDATE, ACTIVE, ACTIVE_FLAG, MASTER_ID, RECORD_CREATE_DATE, SHIFTTYPE, CREATEDBY_ID, CREATEDON, TECHNICIAN_ID, TIMESHEETCODE_ID, ID, NOTE]
Column names for Curated Table --> DIM_TECHNICIANSHIFT :: [CREATEDON, TENANT_TYPE, TITLE, ACTIVE, NOTE, RECORD_CREATE_DATE, END, ID, RECORD_UPDATED_BY, TIMESHEETCODE_ID, IMPORTID, RECORD_UPDATE_DATE, STARTTIME, TECHNICIAN_ID, TIMESHEET_ID, CREATEDBY_ID, ENDDATE, START, SHIFTTYPE, BATCH, ENDTIME, STARTDATE]
Column Name found in Datamart and Curated Table :: END
Column Name found in Datamart and Curated Table :: ENDDATE
Column Name found in Datamart and Curated Table :: STARTTIME
Column Name found in Datamart and Curated Table :: ENDTIME
Column Name found in Datamart and Curated Table :: START
Column Name found in Datamart and Curated Table :: TECHNICIAN_ID
Column Name found in Datamart and Curated Table :: ACTIVE
Column Name found in Datamart and Curated Table :: BATCH
Column Name found in Datamart and Curated Table :: CREATEDBY_ID
Column Name found in Datamart and Curated Table :: TITLE
Column Name found in Datamart and Curated Table :: ID
Column Name found in Datamart and Curated Table :: IMPORTID
Column Name found in Datamart and Curated Table :: SHIFTTYPE
Column Name found in Datamart and Curated Table :: STARTDATE
Column Name found in Datamart and Curated Table :: CREATEDON
Column Name found in Datamart and Curated Table :: NOTE
Column Name found in Datamart and Curated Table :: TIMESHEET_ID
Column Name found in Datamart and Curated Table :: TIMESHEETCODE_ID
Column Name found in Datamart and Curated Table :: TENANT_TYPE
Datamart tables contains additional column name like [ACTIVE_FLAG, RECORD_CREATE_DATE, RECORD_UPDATE_DATE, MASTER_ID]
Curated tables contains additional column name like [RECORD_CREATE_DATE, RECORD_UPDATE_DATE, RECORD_UPDATED_BY]]]>
  </system-out>
  <testcase classname="testcases.RAW_DATAMART_CURATED.SnowFlake_ColumnValidation_APITables" name="validateColumnName_BKP" time="2.662">
    <failure message="The following asserts failed:
	null,
	null" type="java.lang.AssertionError">
      <![CDATA[java.lang.AssertionError: The following asserts failed:
null,
null
at org.testng.asserts.SoftAssert.assertAll(SoftAssert.java:47)
at org.testng.asserts.SoftAssert.assertAll(SoftAssert.java:31)
at testcases.RAW_DATAMART_CURATED.SnowFlake_ColumnValidation_APITables.validateColumnName_BKP(SnowFlake_ColumnValidation_APITables.java:128)
at jdk.internal.reflect.GeneratedMethodAccessor38.invoke(Unknown Source)
at java.base/jdk.internal.reflect.DelegatingMethodAccessorImpl.invoke(DelegatingMethodAccessorImpl.java:43)
at java.base/java.lang.reflect.Method.invoke(Method.java:568)
at org.testng.internal.MethodInvocationHelper.invokeMethod(MethodInvocationHelper.java:133)
at org.testng.internal.TestInvoker.invokeMethod(TestInvoker.java:598)
at org.testng.internal.TestInvoker.invokeTestMethod(TestInvoker.java:173)
at org.testng.internal.MethodRunner.runInSequence(MethodRunner.java:46)
at org.testng.internal.TestInvoker$MethodInvocationAgent.invoke(TestInvoker.java:824)
at org.testng.internal.TestInvoker.invokeTestMethods(TestInvoker.java:146)
at org.testng.internal.TestMethodWorker.invokeTestMethods(TestMethodWorker.java:146)
at org.testng.internal.TestMethodWorker.run(TestMethodWorker.java:128)
at java.base/java.util.ArrayList.forEach(ArrayList.java:1511)
at org.testng.TestRunner.privateRun(TestRunner.java:794)
at org.testng.TestRunner.run(TestRunner.java:596)
at org.testng.SuiteRunner.runTest(SuiteRunner.java:377)
at org.testng.SuiteRunner.runSequentially(SuiteRunner.java:371)
at org.testng.SuiteRunner.privateRun(SuiteRunner.java:332)
at org.testng.SuiteRunner.run(SuiteRunner.java:276)
at org.testng.SuiteRunnerWorker.runSuite(SuiteRunnerWorker.java:53)
at org.testng.SuiteRunnerWorker.run(SuiteRunnerWorker.java:96)
at org.testng.TestNG.runSuitesSequentially(TestNG.java:1212)
at org.testng.TestNG.runSuitesLocally(TestNG.java:1134)
at org.testng.TestNG.runSuites(TestNG.java:1063)
at org.testng.TestNG.run(TestNG.java:1031)
at org.testng.remote.AbstractRemoteTestNG.run(AbstractRemoteTestNG.java:115)
at org.testng.remote.RemoteTestNG.initAndRun(RemoteTestNG.java:251)
at org.testng.remote.RemoteTestNG.main(RemoteTestNG.java:77)
]]>
    </failure>
  </testcase> <!-- validateColumnName_BKP -->
  <system-out>
    <![CDATA[Executing Snowflake query :: SELECT COLUMN_NAME FROM DEV_ENT_RAW.INFORMATION_SCHEMA.COLUMNS WHERE TABLE_NAME='ST_API_PROJECT'and TABLE_SCHEMA='API_MAT'
Executing Snowflake query :: SELECT COLUMN_NAME FROM CURATED_DATAMART.INFORMATION_SCHEMA.COLUMNS WHERE TABLE_NAME='STR_API_PROJECT'and TABLE_SCHEMA='ST_API_HDAIR'
Executing Snowflake query :: SELECT COLUMN_NAME FROM DEV_ENT_CURATED.INFORMATION_SCHEMA.COLUMNS WHERE TABLE_NAME='DIM_PROJECT'and TABLE_SCHEMA='MASTER_DIMENSIONS'
Column names for RAW Table --> ST_API_PROJECT :: [ACTIVE, AREITEMSREORDERED, CUSTOMER_ID, NAME, NUMBER, PROJECTSETTINGSTYPE, TECHNICIANSIGNATURE, SUMMARY, MODIFIEDON, ACKNOWLEDGEMENTSIGNATURE, COMPLETEDON, COMPLETIONPERCENT, COSTTOCOMPLETE, CREATEDBY_ID, CREATEDON, IMPORTID, COMPLETEDONACTUAL, ID, CONTRACTESTIMATE_ID, AUTHORIZATIONSIGNATURE, CONTRACTSTARTDATE, STARTEDON, CONTRACTFOR, ISRETAINAGEENABLED, ISPREVAILINGWAGE, LOCATION_ID, PAYMENTTERM_ID, RETAINAGEPERCENT, REVENUERECOGNITIONMETHOD, TENANT_TYPE]
Column names for DataMart Table --> STR_API_PROJECT :: [COMPLETEDONACTUAL, CONTRACTESTIMATE_ID, MD5_VALUE, TECHNICIANSIGNATURE, ACKNOWLEDGEMENTSIGNATURE, ACTIVE, ISPREVAILINGWAGE, SUMMARY, CREATEDBY_ID, CUSTOMER_ID, PAYMENTTERM_ID, RECORD_UPDATE_DATE, COMPLETEDON, CONTRACTSTARTDATE, CREATEDON, MODIFIEDON, IMPORTID, ID, STARTEDON, COMPLETIONPERCENT, AUTHORIZATIONSIGNATURE, ISRETAINAGEENABLED, MASTER_ID, NAME, ACTIVE_FLAG, RECORD_CREATE_DATE, NUMBER, RETAINAGEPERCENT, AREITEMSREORDERED, CONTRACTFOR, LOCATION_ID, PROJECTSETTINGSTYPE, TENANT_TYPE]
Column names for Curated Table --> DIM_PROJECT :: [RECORD_UPDATE_DATE, ACTIVE, AUTHORIZATIONSIGNATURE, COMPLETEDON, RETAINAGEPERCENT, IMPORTID, CONTRACTFOR, CONTRACTSTARTDATE, ID, ISRETAINAGEENABLED, RECORD_CREATE_DATE, RECORD_UPDATED_BY, TENANT_TYPE, PROJECTSETTINGSTYPE, TECHNICIANSIGNATURE, ISPREVAILINGWAGE, MD5_VALUE, NAME, PAYMENTTERM_ID, COMPLETEDONACTUAL, CUSTOMER_ID, NUMBER, AREITEMSREORDERED, CREATEDON, LOCATION_ID, MODIFIEDON, STARTEDON, ACKNOWLEDGEMENTSIGNATURE, COMPLETIONPERCENT, CONTRACTESTIMATE_ID, SUMMARY, CREATEDBY_ID, REVENUERECOGNITIONMETHOD]
Column Name found in Datamart and Curated Table :: ACTIVE
Column Name found in Datamart and Curated Table :: AREITEMSREORDERED
Column Name found in Datamart and Curated Table :: CUSTOMER_ID
Column Name found in Datamart and Curated Table :: NAME
Column Name found in Datamart and Curated Table :: NUMBER
Column Name found in Datamart and Curated Table :: PROJECTSETTINGSTYPE
Column Name found in Datamart and Curated Table :: TECHNICIANSIGNATURE
Column Name found in Datamart and Curated Table :: SUMMARY
Column Name found in Datamart and Curated Table :: MODIFIEDON
Column Name found in Datamart and Curated Table :: ACKNOWLEDGEMENTSIGNATURE
Column Name found in Datamart and Curated Table :: COMPLETEDON
Column Name found in Datamart and Curated Table :: COMPLETIONPERCENT
Column Name not found in Datamart and Curated Table :: COSTTOCOMPLETE
Column Name found in Datamart and Curated Table :: CREATEDBY_ID
Column Name found in Datamart and Curated Table :: CREATEDON
Column Name found in Datamart and Curated Table :: IMPORTID
Column Name found in Datamart and Curated Table :: COMPLETEDONACTUAL
Column Name found in Datamart and Curated Table :: ID
Column Name found in Datamart and Curated Table :: CONTRACTESTIMATE_ID
Column Name found in Datamart and Curated Table :: AUTHORIZATIONSIGNATURE
Column Name found in Datamart and Curated Table :: CONTRACTSTARTDATE
Column Name found in Datamart and Curated Table :: STARTEDON
Column Name found in Datamart and Curated Table :: CONTRACTFOR
Column Name found in Datamart and Curated Table :: ISRETAINAGEENABLED
Column Name found in Datamart and Curated Table :: ISPREVAILINGWAGE
Column Name found in Datamart and Curated Table :: LOCATION_ID
Column Name found in Datamart and Curated Table :: PAYMENTTERM_ID
Column Name found in Datamart and Curated Table :: RETAINAGEPERCENT
Column Name not found in Datamart and Curated Table :: REVENUERECOGNITIONMETHOD
Column Name found in Datamart and Curated Table :: TENANT_TYPE
Datamart tables contains additional column name like [ACTIVE_FLAG, RECORD_CREATE_DATE, RECORD_UPDATE_DATE, MASTER_ID]
Curated tables contains additional column name like [RECORD_CREATE_DATE, RECORD_UPDATE_DATE, RECORD_UPDATED_BY]]]>
  </system-out>
  <testcase classname="testcases.RAW_DATAMART_CURATED.SnowFlake_ColumnValidation_APITables" name="validateColumnName_BKP" time="2.416"/>
  <system-out>
    <![CDATA[Executing Snowflake query :: SELECT COLUMN_NAME FROM DEV_ENT_RAW.INFORMATION_SCHEMA.COLUMNS WHERE TABLE_NAME='ST_API_CUSTOMERMEMBERSHIP'and TABLE_SCHEMA='API_MAT'
Executing Snowflake query :: SELECT COLUMN_NAME FROM CURATED_DATAMART.INFORMATION_SCHEMA.COLUMNS WHERE TABLE_NAME='STR_API_CUSTOMERMEMBERSHIP'and TABLE_SCHEMA='ST_API_HDAIR'
Executing Snowflake query :: SELECT COLUMN_NAME FROM DEV_ENT_CURATED.INFORMATION_SCHEMA.COLUMNS WHERE TABLE_NAME='DIM_CUSTOMERMEMBERSHIP'and TABLE_SCHEMA='MASTER_DIMENSIONS'
Column names for RAW Table --> ST_API_CUSTOMERMEMBERSHIP :: [CREATEDBY_ID, NEXTSCHEDULEDBILLDATE, DURATION, PAYMENTTYPE_ID, CANCELLATIONDATE, CUSTOMERPO, RENEWALDURATION, FOLLOWUPSTATUS, ID, LOCATION_ID, RENEWALMEMBERSHIPTASKREFERENCE_SKUID, PREVIOUSRECURRINGLOCATION_ID, RECURRINGLOCATION_ID, TYPE_ID, MODIFIEDON, ACTIVATEDFROM_ID, BILLINGFREQUENCY, CREATEDON, INVOICETEMPLATE_ID, MEMO, RENEWALMEMBERSHIPTASKREFERENCE_SKUTYPE, BILLINGTEMPLATE_ID, INITIALDEFERREDREVENUE, IMPORTID, ACTIVATEDBY_ID, BILLINGPREFERENCE, BUSINESSUNIT_ID, CUSTOMER_ID, FOLLOWUPCUSTOMSTATUS_ID, STATUS, EXPIREDAT, ACTIVE, BILLINGCOVERAGEPERIOD, FROM, RENEWALBILLINGFREQUENCY, RENEWEDBY_ID, CANCELATIONBALANCEINVOICE_ID, FOLLOWUPON, BILLINGEMAIL_ID, CANCELATIONBUYOUTINVOICE_ID, FIRSTSCHEDULEDBILLDATE, CANCELATIONINVOICE_ID, RENEWALMEMBERSHIPTASK_ID, SOLDBY_ID, TO, PAYMENTMETHOD_ID, TENANT_TYPE]
Column names for DataMart Table --> STR_API_CUSTOMERMEMBERSHIP :: [BILLINGEMAIL_ID, CANCELATIONBUYOUTINVOICE_ID, CREATEDBY_ID, LOCATION_ID, NEXTSCHEDULEDBILLDATE, CUSTOMER_ID, INITIALDEFERREDREVENUE, TYPE_ID, ACTIVE, ACTIVE_FLAG, BILLINGCOVERAGEPERIOD, FOLLOWUPCUSTOMSTATUS_ID, ID, IMPORTID, RENEWEDBY_ID, STATUS, CANCELLATIONDATE, FOLLOWUPSTATUS, ACTIVATEDFROM_ID, BILLINGFREQUENCY, INVOICETEMPLATE_ID, PAYMENTTYPE_ID, PREVIOUSRECURRINGLOCATION_ID, TO, RENEWALMEMBERSHIPTASKREFERENCE_SKUTYPE, DURATION, RECORD_UPDATE_DATE, RECURRINGLOCATION_ID, MEMO, PAYMENTMETHOD_ID, RECORD_CREATE_DATE, TENANT_TYPE, BILLINGPREFERENCE, BILLINGTEMPLATE_ID, BUSINESSUNIT_ID, CANCELATIONBALANCEINVOICE_ID, FIRSTSCHEDULEDBILLDATE, RENEWALMEMBERSHIPTASKREFERENCE_SKUID, RENEWALMEMBERSHIPTASK_ID, FOLLOWUPON, MODIFIEDON, SOLDBY_ID, CANCELATIONINVOICE_ID, EXPIREDAT, MASTER_ID, RENEWALBILLINGFREQUENCY, ACTIVATEDBY_ID, CREATEDON, CUSTOMERPO, FROM, RENEWALDURATION]
Column names for Curated Table --> DIM_CUSTOMERMEMBERSHIP :: [BILLINGFREQUENCY, CREATEDBY_ID, MODIFIEDON, PAYMENTTYPE_ID, RECURRINGLOCATION_ID, ACTIVE, BILLINGEMAIL_ID, FIRSTSCHEDULEDBILLDATE, RENEWALMEMBERSHIPTASKREFERENCE_SKUTYPE, TENANT_TYPE, ACTIVATEDBY_ID, BUSINESSUNIT_ID, CREATEDON, ID, INITIALDEFERREDREVENUE, CUSTOMERPO, FOLLOWUPSTATUS, RENEWALDURATION, RECORD_UPDATED_BY, BILLINGTEMPLATE_ID, FOLLOWUPCUSTOMSTATUS_ID, PAYMENTMETHOD_ID, RECORD_UPDATE_DATE, SOLDBY_ID, TYPE_ID, RENEWALMEMBERSHIPTASK_ID, BILLINGPREFERENCE, EXPIREDAT, NEXTSCHEDULEDBILLDATE, ACTIVATEDFROM_ID, CANCELATIONBALANCEINVOICE_ID, FROM, RECORD_CREATE_DATE, RENEWALMEMBERSHIPTASKREFERENCE_SKUID, TO, FOLLOWUPON, BILLINGCOVERAGEPERIOD, CUSTOMER_ID, DURATION, IMPORTID, RENEWALBILLINGFREQUENCY, STATUS, MEMO, CANCELATIONINVOICE_ID, CANCELLATIONDATE, PREVIOUSRECURRINGLOCATION_ID, CANCELATIONBUYOUTINVOICE_ID, INVOICETEMPLATE_ID, LOCATION_ID, RENEWEDBY_ID]
Column Name found in Datamart and Curated Table :: CREATEDBY_ID
Column Name found in Datamart and Curated Table :: NEXTSCHEDULEDBILLDATE
Column Name found in Datamart and Curated Table :: DURATION
Column Name found in Datamart and Curated Table :: PAYMENTTYPE_ID
Column Name found in Datamart and Curated Table :: CANCELLATIONDATE
Column Name found in Datamart and Curated Table :: CUSTOMERPO
Column Name found in Datamart and Curated Table :: RENEWALDURATION
Column Name found in Datamart and Curated Table :: FOLLOWUPSTATUS
Column Name found in Datamart and Curated Table :: ID
Column Name found in Datamart and Curated Table :: LOCATION_ID
Column Name found in Datamart and Curated Table :: RENEWALMEMBERSHIPTASKREFERENCE_SKUID
Column Name found in Datamart and Curated Table :: PREVIOUSRECURRINGLOCATION_ID
Column Name found in Datamart and Curated Table :: RECURRINGLOCATION_ID
Column Name found in Datamart and Curated Table :: TYPE_ID
Column Name found in Datamart and Curated Table :: MODIFIEDON
Column Name found in Datamart and Curated Table :: ACTIVATEDFROM_ID
Column Name found in Datamart and Curated Table :: BILLINGFREQUENCY
Column Name found in Datamart and Curated Table :: CREATEDON
Column Name found in Datamart and Curated Table :: INVOICETEMPLATE_ID
Column Name found in Datamart and Curated Table :: MEMO
Column Name found in Datamart and Curated Table :: RENEWALMEMBERSHIPTASKREFERENCE_SKUTYPE
Column Name found in Datamart and Curated Table :: BILLINGTEMPLATE_ID
Column Name found in Datamart and Curated Table :: INITIALDEFERREDREVENUE
Column Name found in Datamart and Curated Table :: IMPORTID
Column Name found in Datamart and Curated Table :: ACTIVATEDBY_ID
Column Name found in Datamart and Curated Table :: BILLINGPREFERENCE
Column Name found in Datamart and Curated Table :: BUSINESSUNIT_ID
Column Name found in Datamart and Curated Table :: CUSTOMER_ID
Column Name found in Datamart and Curated Table :: FOLLOWUPCUSTOMSTATUS_ID
Column Name found in Datamart and Curated Table :: STATUS
Column Name found in Datamart and Curated Table :: EXPIREDAT
Column Name found in Datamart and Curated Table :: ACTIVE
Column Name found in Datamart and Curated Table :: BILLINGCOVERAGEPERIOD
Column Name found in Datamart and Curated Table :: FROM
Column Name found in Datamart and Curated Table :: RENEWALBILLINGFREQUENCY
Column Name found in Datamart and Curated Table :: RENEWEDBY_ID
Column Name found in Datamart and Curated Table :: CANCELATIONBALANCEINVOICE_ID
Column Name found in Datamart and Curated Table :: FOLLOWUPON
Column Name found in Datamart and Curated Table :: BILLINGEMAIL_ID
Column Name found in Datamart and Curated Table :: CANCELATIONBUYOUTINVOICE_ID
Column Name found in Datamart and Curated Table :: FIRSTSCHEDULEDBILLDATE
Column Name found in Datamart and Curated Table :: CANCELATIONINVOICE_ID
Column Name found in Datamart and Curated Table :: RENEWALMEMBERSHIPTASK_ID
Column Name found in Datamart and Curated Table :: SOLDBY_ID
Column Name found in Datamart and Curated Table :: TO
Column Name found in Datamart and Curated Table :: PAYMENTMETHOD_ID
Column Name found in Datamart and Curated Table :: TENANT_TYPE
Datamart tables contains additional column name like [ACTIVE_FLAG, RECORD_CREATE_DATE, RECORD_UPDATE_DATE, MASTER_ID]
Curated tables contains additional column name like [RECORD_CREATE_DATE, RECORD_UPDATE_DATE, RECORD_UPDATED_BY]]]>
  </system-out>
  <testcase classname="testcases.RAW_DATAMART_CURATED.SnowFlake_ColumnValidation_APITables" name="validateColumnName_BKP" time="7.001"/>
  <system-out>
    <![CDATA[Executing Snowflake query :: SELECT COLUMN_NAME FROM DEV_ENT_RAW.INFORMATION_SCHEMA.COLUMNS WHERE TABLE_NAME='ST_API_ESTIMATEITEM'and TABLE_SCHEMA='API_MAT'
Executing Snowflake query :: SELECT COLUMN_NAME FROM CURATED_DATAMART.INFORMATION_SCHEMA.COLUMNS WHERE TABLE_NAME='STR_API_ESTIMATEITEM'and TABLE_SCHEMA='ST_API_HENDERSON'
Executing Snowflake query :: SELECT COLUMN_NAME FROM DEV_ENT_CURATED.INFORMATION_SCHEMA.COLUMNS WHERE TABLE_NAME='DIM_ESTIMATEITEM'and TABLE_SCHEMA='MASTER_DIMENSIONS'
Column names for RAW Table --> ST_API_ESTIMATEITEM :: [ESTIMATE_ID, ID, INSTALLEDEQUIPMENT_ID, SCHEDULEDFLATAMOUNT, AUTOGLASSITEM_ID, COST, ISADDON, ITEMGROUPROOT_ID, RENEWABLEMEMBERSHIP_ID, UNITPRICE, MARKUP, PROJECTLABELS, SKUREFERENCE_SKUTYPE, SOLDBY_ID, SKUREFERENCE_SKUID, ACTIVE, CHARGEABLE, CREATEDFROM_ID, MEMBERSHIPDURATION, PROJECTORDER, QUANTITY, COSTOFSALEACCOUNT_ID, ADDONFLATAMOUNT, EQUIPMENT_ID, STANDARDPRICE, ACCOUNT, GENERALLEDGERACCOUNT_ID, TOTALCOST, MODIFIEDON, SKU_ID, DESCRIPTION, INVOICEITEM_ID, LASTUNITPRICESETBYEMPLOYEE, MEMBERPRICE, PAYSSOLDBYRATE, IMPORTID, ISNOTGOINGTOBEDONE, TAXABLE, ITEMGROUPNAME, ALLOWDISCOUNTS, DEMANDSTATUS, MEMBERSHIPBILLINGFREQUENCY, PARENTITEM_ID, PAYSFLATAMOUNT, TOTAL, CREATEDBY_ID, CREATEDON, PRICEMODIFIER_ID, ORDER, TENANT_TYPE]
Column names for DataMart Table --> STR_API_ESTIMATEITEM :: [AUTOGLASSITEM_ID, CHARGEABLE, GENERALLEDGERACCOUNT_ID, INSTALLEDEQUIPMENT_ID, ISNOTGOINGTOBEDONE, PROJECTLABELS, PROJECTORDER, MEMBERPRICE, RECORD_CREATE_DATE, ACTIVE, ALLOWDISCOUNTS, CREATEDBY_ID, INVOICEITEM_ID, UNITPRICE, ITEMGROUPROOT_ID, SKUREFERENCE_SKUTYPE, RECORD_UPDATED_BY, ISHIDDENFROMCUSTOMER, ORDER, IMPORTID, MEMBERSHIPDURATION, QUANTITY, SKU_ID, ACTIVE_FLAG, ADDONFLATAMOUNT, ITEMGROUPNAME, RENEWABLEMEMBERSHIP_ID, TAXABLE, ESTIMATE_ID, ID, MASTER_ID, PARENTITEM_ID, CREATEDFROM_ID, PRICEMODIFIER_ID, SCHEDULEDFLATAMOUNT, MARKUP, ACCOUNT, COST, COSTOFSALEACCOUNT_ID, CREATEDON, EQUIPMENT_ID, PAYSSOLDBYRATE, SOLDBY_ID, TOTAL, TOTALCOST, MEMBERSHIPBILLINGFREQUENCY, MODIFIEDON, PAYSFLATAMOUNT, STANDARDPRICE, TENANT_TYPE, LASTUNITPRICESETBYEMPLOYEE, DEMANDSTATUS, DESCRIPTION, ISADDON, RECORD_UPDATE_DATE, SKUREFERENCE_SKUID]
Column names for Curated Table --> DIM_ESTIMATEITEM :: [CREATEDON, DEMANDSTATUS, MEMBERPRICE, MEMBERSHIPBILLINGFREQUENCY, MEMBERSHIPDURATION, SKUREFERENCE_SKUTYPE, ADDONFLATAMOUNT, AUTOGLASSITEM_ID, COST, ID, PAYSSOLDBYRATE, STANDARDPRICE, TENANT_TYPE, TOTAL, RECORD_CREATE_DATE, ITEMGROUPROOT_ID, PARENTITEM_ID, ORDER, PROJECTLABELS, SOLDBY_ID, PROJECTORDER, ACTIVE, ALLOWDISCOUNTS, CREATEDFROM_ID, DESCRIPTION, ESTIMATE_ID, MARKUP, ISADDON, CREATEDBY_ID, GENERALLEDGERACCOUNT_ID, INVOICEITEM_ID, PRICEMODIFIER_ID, RECORD_UPDATED_BY, SKUREFERENCE_SKUID, QUANTITY, CHARGEABLE, ISHIDDENFROMCUSTOMER, SKU_ID, COSTOFSALEACCOUNT_ID, ISNOTGOINGTOBEDONE, TOTALCOST, INSTALLEDEQUIPMENT_ID, ITEMGROUPNAME, PAYSFLATAMOUNT, TAXABLE, SCHEDULEDFLATAMOUNT, ACCOUNT, EQUIPMENT_ID, LASTUNITPRICESETBYEMPLOYEE, RENEWABLEMEMBERSHIP_ID, IMPORTID, RECORD_UPDATE_DATE, UNITPRICE, MODIFIEDON]
Column Name found in Datamart and Curated Table :: ESTIMATE_ID
Column Name found in Datamart and Curated Table :: ID
Column Name found in Datamart and Curated Table :: INSTALLEDEQUIPMENT_ID
Column Name found in Datamart and Curated Table :: SCHEDULEDFLATAMOUNT
Column Name found in Datamart and Curated Table :: AUTOGLASSITEM_ID
Column Name found in Datamart and Curated Table :: COST
Column Name found in Datamart and Curated Table :: ISADDON
Column Name found in Datamart and Curated Table :: ITEMGROUPROOT_ID
Column Name found in Datamart and Curated Table :: RENEWABLEMEMBERSHIP_ID
Column Name found in Datamart and Curated Table :: UNITPRICE
Column Name found in Datamart and Curated Table :: MARKUP
Column Name found in Datamart and Curated Table :: PROJECTLABELS
Column Name found in Datamart and Curated Table :: SKUREFERENCE_SKUTYPE
Column Name found in Datamart and Curated Table :: SOLDBY_ID
Column Name found in Datamart and Curated Table :: SKUREFERENCE_SKUID
Column Name found in Datamart and Curated Table :: ACTIVE
Column Name found in Datamart and Curated Table :: CHARGEABLE
Column Name found in Datamart and Curated Table :: CREATEDFROM_ID
Column Name found in Datamart and Curated Table :: MEMBERSHIPDURATION
Column Name found in Datamart and Curated Table :: PROJECTORDER
Column Name found in Datamart and Curated Table :: QUANTITY
Column Name found in Datamart and Curated Table :: COSTOFSALEACCOUNT_ID
Column Name found in Datamart and Curated Table :: ADDONFLATAMOUNT
Column Name found in Datamart and Curated Table :: EQUIPMENT_ID
Column Name found in Datamart and Curated Table :: STANDARDPRICE
Column Name found in Datamart and Curated Table :: ACCOUNT
Column Name found in Datamart and Curated Table :: GENERALLEDGERACCOUNT_ID
Column Name found in Datamart and Curated Table :: TOTALCOST
Column Name found in Datamart and Curated Table :: MODIFIEDON
Column Name found in Datamart and Curated Table :: SKU_ID
Column Name found in Datamart and Curated Table :: DESCRIPTION
Column Name found in Datamart and Curated Table :: INVOICEITEM_ID
Column Name found in Datamart and Curated Table :: LASTUNITPRICESETBYEMPLOYEE
Column Name found in Datamart and Curated Table :: MEMBERPRICE
Column Name found in Datamart and Curated Table :: PAYSSOLDBYRATE
Column Name found in Datamart and Curated Table :: IMPORTID
Column Name found in Datamart and Curated Table :: ISNOTGOINGTOBEDONE
Column Name found in Datamart and Curated Table :: TAXABLE
Column Name found in Datamart and Curated Table :: ITEMGROUPNAME
Column Name found in Datamart and Curated Table :: ALLOWDISCOUNTS
Column Name found in Datamart and Curated Table :: DEMANDSTATUS
Column Name found in Datamart and Curated Table :: MEMBERSHIPBILLINGFREQUENCY
Column Name found in Datamart and Curated Table :: PARENTITEM_ID
Column Name found in Datamart and Curated Table :: PAYSFLATAMOUNT
Column Name found in Datamart and Curated Table :: TOTAL
Column Name found in Datamart and Curated Table :: CREATEDBY_ID
Column Name found in Datamart and Curated Table :: CREATEDON
Column Name found in Datamart and Curated Table :: PRICEMODIFIER_ID
Column Name found in Datamart and Curated Table :: ORDER
Column Name found in Datamart and Curated Table :: TENANT_TYPE
Datamart tables contains additional column name like [ACTIVE_FLAG, RECORD_CREATE_DATE, RECORD_UPDATE_DATE, MASTER_ID]
Curated tables contains additional column name like [RECORD_CREATE_DATE, RECORD_UPDATE_DATE, RECORD_UPDATED_BY]]]>
  </system-out>
  <testcase classname="testcases.RAW_DATAMART_CURATED.SnowFlake_ColumnValidation_APITables" name="validateColumnName_BKP" time="2.575"/>
  <system-out>
    <![CDATA[Executing Snowflake query :: SELECT COLUMN_NAME FROM DEV_ENT_RAW.INFORMATION_SCHEMA.COLUMNS WHERE TABLE_NAME='ST_API_HOLDJOBREASON'and TABLE_SCHEMA='API_MAT'
Executing Snowflake query :: SELECT COLUMN_NAME FROM CURATED_DATAMART.INFORMATION_SCHEMA.COLUMNS WHERE TABLE_NAME='STR_API_HOLDJOBREASON'and TABLE_SCHEMA='ST_API_MAITZ'
Executing Snowflake query :: SELECT COLUMN_NAME FROM DEV_ENT_CURATED.INFORMATION_SCHEMA.COLUMNS WHERE TABLE_NAME='DIM_HOLDJOBREASON'and TABLE_SCHEMA='MASTER_DIMENSIONS'
Column names for RAW Table --> ST_API_HOLDJOBREASON :: [ID, ACTIVE, MODIFIEDON, CREATEDBY_ID, CREATEDON, NAME, IMPORTID, TENANT_TYPE]
Column names for DataMart Table --> STR_API_HOLDJOBREASON :: [MASTER_ID, RECORD_UPDATE_DATE, NAME, IMPORTID, TENANT_TYPE, CREATEDON, ACTIVE, RECORD_CREATE_DATE, ACTIVE_FLAG, CREATEDBY_ID, MODIFIEDON, ID]
Column names for Curated Table --> DIM_HOLDJOBREASON :: [ACTIVE, ID, NAME, RECORD_UPDATED_BY, CREATEDON, MODIFIEDON, RECORD_CREATE_DATE, RECORD_UPDATE_DATE, TENANT_TYPE, IMPORTID, CREATEDBY_ID]
Column Name found in Datamart and Curated Table :: ID
Column Name found in Datamart and Curated Table :: ACTIVE
Column Name found in Datamart and Curated Table :: MODIFIEDON
Column Name found in Datamart and Curated Table :: CREATEDBY_ID
Column Name found in Datamart and Curated Table :: CREATEDON
Column Name found in Datamart and Curated Table :: NAME
Column Name found in Datamart and Curated Table :: IMPORTID
Column Name found in Datamart and Curated Table :: TENANT_TYPE
Datamart tables contains additional column name like [ACTIVE_FLAG, RECORD_CREATE_DATE, RECORD_UPDATE_DATE, MASTER_ID]
Curated tables contains additional column name like [RECORD_CREATE_DATE, RECORD_UPDATE_DATE, RECORD_UPDATED_BY]]]>
  </system-out>
  <testcase classname="testcases.RAW_DATAMART_CURATED.SnowFlake_ColumnValidation_APITables" name="validateColumnName_BKP" time="2.907"/>
  <system-out>
    <![CDATA[Executing Snowflake query :: SELECT COLUMN_NAME FROM DEV_ENT_RAW.INFORMATION_SCHEMA.COLUMNS WHERE TABLE_NAME='ST_API_CUSTOMER'and TABLE_SCHEMA='API_MAT'
Executing Snowflake query :: SELECT COLUMN_NAME FROM CURATED_DATAMART.INFORMATION_SCHEMA.COLUMNS WHERE TABLE_NAME='STR_API_CUSTOMER'and TABLE_SCHEMA='ST_API_SNELLHEATINGAIR'
Executing Snowflake query :: SELECT COLUMN_NAME FROM DEV_ENT_CURATED.INFORMATION_SCHEMA.COLUMNS WHERE TABLE_NAME='DIM_CUSTOMER'and TABLE_SCHEMA='MASTER_DIMENSIONS'
Column names for RAW Table --> ST_API_CUSTOMER :: [ADDRESS_ISMANUALCOORDINATES, ADDRESS_ISMILITARY, ADDRESS_LATITUDE, ADDRESS_LONGITUDE, CREATEDON, NAME, IMPORTID, AR, CREATEDBY_ID, ADDRESS_COUNTRY, DONOTCHARGEINTERESTFEE, DONOTSENDPROMOTIONALEMAILS, HEADER, TAXEXEMPT, ADDRESS_UNIT, SHOWMEMBERSAVINGS, ADDRESS_STATE, MEMBERSHIP_ACTIVATEDFROM, MEMBERSHIP_TO, STATISTICS_ID, BALANCE, EXCLUDEFROMBULKPRINTING, MEMBERSHIP_ACTIVATEDBY, MODIFIEDON, ID, TYPE, ACTIVE, ADDRESS_CITY, AVALARAENTITYCODE, EXTERNALID, ADDRESS_ZIP, PAYMENTTERM_ID, MEMBERSHIP_CANCELLATIONDATE, ADDRESS_STREET, DONOTMAIL, DONOTSERVICE, MEMBERSHIP_FROM, NOCHARGE, TENANT_TYPE]
Column names for DataMart Table --> STR_API_CUSTOMER :: [DONOTCHARGEINTERESTFEE, EXCLUDEFROMBULKPRINTING, ACTIVE, ACTIVE_FLAG, ADDRESS_CITY, DONOTMAIL, MEMBERSHIP_ACTIVATEDBY, MODIFIEDON, MEMBERSHIP_FROM, PAYMENTTERM_ID, ADDRESS_ISMILITARY, DONOTSERVICE, SHOWMEMBERSAVINGS, ADDRESS_UNIT, DONOTSENDPROMOTIONALEMAILS, TAXEXEMPT, TENANT_TYPE, NAME, RECORD_CREATE_DATE, ADDRESS_ISMANUALCOORDINATES, ADDRESS_ZIP, AVALARAENTITYCODE, HEADER, NOCHARGE, ADDRESS_COUNTRY, ADDRESS_STATE, ADDRESS_STREET, CREATEDON, ID, MASTER_ID, RECORD_UPDATE_DATE, ADDRESS_LONGITUDE, MEMBERSHIP_ACTIVATEDFROM, MEMBERSHIP_CANCELLATIONDATE, STATISTICS_ID, TYPE, IMPORTID, ADDRESS_LATITUDE, AR, BALANCE, CREATEDBY_ID, EXTERNALID, MEMBERSHIP_TO]
Column names for Curated Table --> DIM_CUSTOMER :: [ADDRESS_UNIT, PAYMENTTERM_ID, BALANCE, IMPORTID, ACTIVE, ADDRESS_COUNTRY, ADDRESS_ISMANUALCOORDINATES, ADDRESS_STATE, ADDRESS_ZIP, AR, NAME, MEMBERSHIP_TO, ADDRESS_CITY, ADDRESS_STREET, DONOTSERVICE, MEMBERSHIP_CANCELLATIONDATE, NOCHARGE, HEADER, CREATEDBY_ID, EXTERNALID, MODIFIEDON, DONOTCHARGEINTERESTFEE, MEMBERSHIP_ACTIVATEDBY, RECORD_UPDATE_DATE, RECORD_UPDATED_BY, STATISTICS_ID, CREATEDON, DONOTMAIL, ID, TAXEXEMPT, RECORD_CREATE_DATE, ADDRESS_LATITUDE, ADDRESS_LONGITUDE, AVALARAENTITYCODE, DONOTSENDPROMOTIONALEMAILS, MEMBERSHIP_FROM, TENANT_TYPE, TYPE, ADDRESS_ISMILITARY, MEMBERSHIP_ACTIVATEDFROM, SHOWMEMBERSAVINGS, EXCLUDEFROMBULKPRINTING]
Column Name found in Datamart and Curated Table :: ADDRESS_ISMANUALCOORDINATES
Column Name found in Datamart and Curated Table :: ADDRESS_ISMILITARY
Column Name found in Datamart and Curated Table :: ADDRESS_LATITUDE
Column Name found in Datamart and Curated Table :: ADDRESS_LONGITUDE
Column Name found in Datamart and Curated Table :: CREATEDON
Column Name found in Datamart and Curated Table :: NAME
Column Name found in Datamart and Curated Table :: IMPORTID
Column Name found in Datamart and Curated Table :: AR
Column Name found in Datamart and Curated Table :: CREATEDBY_ID
Column Name found in Datamart and Curated Table :: ADDRESS_COUNTRY
Column Name found in Datamart and Curated Table :: DONOTCHARGEINTERESTFEE
Column Name found in Datamart and Curated Table :: DONOTSENDPROMOTIONALEMAILS
Column Name found in Datamart and Curated Table :: HEADER
Column Name found in Datamart and Curated Table :: TAXEXEMPT
Column Name found in Datamart and Curated Table :: ADDRESS_UNIT
Column Name found in Datamart and Curated Table :: SHOWMEMBERSAVINGS
Column Name found in Datamart and Curated Table :: ADDRESS_STATE
Column Name found in Datamart and Curated Table :: MEMBERSHIP_ACTIVATEDFROM
Column Name found in Datamart and Curated Table :: MEMBERSHIP_TO
Column Name found in Datamart and Curated Table :: STATISTICS_ID
Column Name found in Datamart and Curated Table :: BALANCE
Column Name found in Datamart and Curated Table :: EXCLUDEFROMBULKPRINTING
Column Name found in Datamart and Curated Table :: MEMBERSHIP_ACTIVATEDBY
Column Name found in Datamart and Curated Table :: MODIFIEDON
Column Name found in Datamart and Curated Table :: ID
Column Name found in Datamart and Curated Table :: TYPE
Column Name found in Datamart and Curated Table :: ACTIVE
Column Name found in Datamart and Curated Table :: ADDRESS_CITY
Column Name found in Datamart and Curated Table :: AVALARAENTITYCODE
Column Name found in Datamart and Curated Table :: EXTERNALID
Column Name found in Datamart and Curated Table :: ADDRESS_ZIP
Column Name found in Datamart and Curated Table :: PAYMENTTERM_ID
Column Name found in Datamart and Curated Table :: MEMBERSHIP_CANCELLATIONDATE
Column Name found in Datamart and Curated Table :: ADDRESS_STREET
Column Name found in Datamart and Curated Table :: DONOTMAIL
Column Name found in Datamart and Curated Table :: DONOTSERVICE
Column Name found in Datamart and Curated Table :: MEMBERSHIP_FROM
Column Name found in Datamart and Curated Table :: NOCHARGE
Column Name found in Datamart and Curated Table :: TENANT_TYPE
Datamart tables contains additional column name like [ACTIVE_FLAG, RECORD_CREATE_DATE, RECORD_UPDATE_DATE, MASTER_ID]
Curated tables contains additional column name like [RECORD_CREATE_DATE, RECORD_UPDATE_DATE, RECORD_UPDATED_BY]]]>
  </system-out>
  <testcase classname="testcases.RAW_DATAMART_CURATED.SnowFlake_ColumnValidation_APITables" name="validateColumnName_BKP" time="2.751"/>
  <system-out>
    <![CDATA[Executing Snowflake query :: SELECT COLUMN_NAME FROM DEV_ENT_RAW.INFORMATION_SCHEMA.COLUMNS WHERE TABLE_NAME='ST_API_TAGTYPE'and TABLE_SCHEMA='API_MAT'
Executing Snowflake query :: SELECT COLUMN_NAME FROM CURATED_DATAMART.INFORMATION_SCHEMA.COLUMNS WHERE TABLE_NAME='STR_API_TAGTYPE'and TABLE_SCHEMA='ST_API_HDAIR'
Executing Snowflake query :: SELECT COLUMN_NAME FROM DEV_ENT_CURATED.INFORMATION_SCHEMA.COLUMNS WHERE TABLE_NAME='DIM_TAGTYPE'and TABLE_SCHEMA='MASTER_DIMENSIONS'
Column names for RAW Table --> ST_API_TAGTYPE :: [ID, ISVISIBLEONDISPATCHBOARD, CODE, COLOR, ISALWAYSVISIBLE, ACTIVE, MODIFIEDON, CREATEDON, IMPORTANCE, FONTCOLOR, ISCONVERSIONOPPORTUNITY, NAME, CREATEDBY_ID, IMPORTID, PROJECTEDVALUEADJUSTMENT, TENANT_TYPE]
Column names for DataMart Table --> STR_API_TAGTYPE :: [COLOR, ID, MODIFIEDON, ACTIVE_FLAG, CREATEDON, FONTCOLOR, IMPORTANCE, TENANT_TYPE, CODE, CREATEDBY_ID, ISALWAYSVISIBLE, PROJECTEDVALUEADJUSTMENT, RECORD_CREATE_DATE, NAME, IMPORTID, ISCONVERSIONOPPORTUNITY, MASTER_ID, ACTIVE, ISVISIBLEONDISPATCHBOARD, RECORD_UPDATE_DATE]
Column names for Curated Table --> DIM_TAGTYPE :: [ACTIVE, CODE, FONTCOLOR, IMPORTANCE, TENANT_TYPE, NAME, CREATEDBY_ID, ID, MODIFIEDON, RECORD_UPDATED_BY, COLOR, CREATEDON, RECORD_UPDATE_DATE, ISCONVERSIONOPPORTUNITY, PROJECTEDVALUEADJUSTMENT, RECORD_CREATE_DATE, ISALWAYSVISIBLE, IMPORTID, ISVISIBLEONDISPATCHBOARD]
Column Name found in Datamart and Curated Table :: ID
Column Name found in Datamart and Curated Table :: ISVISIBLEONDISPATCHBOARD
Column Name found in Datamart and Curated Table :: CODE
Column Name found in Datamart and Curated Table :: COLOR
Column Name found in Datamart and Curated Table :: ISALWAYSVISIBLE
Column Name found in Datamart and Curated Table :: ACTIVE
Column Name found in Datamart and Curated Table :: MODIFIEDON
Column Name found in Datamart and Curated Table :: CREATEDON
Column Name found in Datamart and Curated Table :: IMPORTANCE
Column Name found in Datamart and Curated Table :: FONTCOLOR
Column Name found in Datamart and Curated Table :: ISCONVERSIONOPPORTUNITY
Column Name found in Datamart and Curated Table :: NAME
Column Name found in Datamart and Curated Table :: CREATEDBY_ID
Column Name found in Datamart and Curated Table :: IMPORTID
Column Name found in Datamart and Curated Table :: PROJECTEDVALUEADJUSTMENT
Column Name found in Datamart and Curated Table :: TENANT_TYPE
Datamart tables contains additional column name like [ACTIVE_FLAG, RECORD_CREATE_DATE, RECORD_UPDATE_DATE, MASTER_ID]
Curated tables contains additional column name like [RECORD_CREATE_DATE, RECORD_UPDATE_DATE, RECORD_UPDATED_BY]]]>
  </system-out>
  <testcase classname="testcases.RAW_DATAMART_CURATED.SnowFlake_ColumnValidation_APITables" name="validateColumnName_BKP" time="2.785"/>
  <system-out>
    <![CDATA[Executing Snowflake query :: SELECT COLUMN_NAME FROM DEV_ENT_RAW.INFORMATION_SCHEMA.COLUMNS WHERE TABLE_NAME='ST_API_LEAD'and TABLE_SCHEMA='API_MAT'
Executing Snowflake query :: SELECT COLUMN_NAME FROM CURATED_DATAMART.INFORMATION_SCHEMA.COLUMNS WHERE TABLE_NAME='STR_API_LEAD'and TABLE_SCHEMA='ST_API_HDAIR'
Executing Snowflake query :: SELECT COLUMN_NAME FROM DEV_ENT_CURATED.INFORMATION_SCHEMA.COLUMNS WHERE TABLE_NAME='DIM_LEAD'and TABLE_SCHEMA='MASTER_DIMENSIONS'
Column names for RAW Table --> ST_API_LEAD :: [CREATEDBY_ID, ID, CREATEDON, PRIORITY, PROJECT_ID, STATUS, ESTIMATE_ID, JOBTYPE_ID, MODIFIEDON, SUMMARY, CUSTOMER_ID, LOCATION_ID, CAMPAIGN_ID, LATESTFOLLOWUPDATE, ACTIVE, BUSINESSUNIT_ID, IMPORTID, TENANT_TYPE]
Column names for DataMart Table --> STR_API_LEAD :: [ACTIVE, RECORD_UPDATE_DATE, STATUS, CREATEDON, TENANT_TYPE, SUMMARY, BUSINESSUNIT_ID, IMPORTID, LATESTFOLLOWUPDATE, CAMPAIGN_ID, PROJECT_ID, CUSTOMER_ID, RECORD_CREATE_DATE, LOCATION_ID, ESTIMATE_ID, ID, ACTIVE_FLAG, CREATEDBY_ID, JOBTYPE_ID, MASTER_ID, MD5_VALUE, MODIFIEDON, PRIORITY]
Column names for Curated Table --> DIM_LEAD :: [PRIORITY, ESTIMATE_ID, MD5_VALUE, MODIFIEDON, TENANT_TYPE, RECORD_UPDATED_BY, CUSTOMER_ID, PROJECT_ID, RECORD_CREATE_DATE, IMPORTID, STATUS, ACTIVE, BUSINESSUNIT_ID, CAMPAIGN_ID, CREATEDON, JOBTYPE_ID, LOCATION_ID, RECORD_UPDATE_DATE, CREATEDBY_ID, ID, LATESTFOLLOWUPDATE, SUMMARY]
Column Name found in Datamart and Curated Table :: CREATEDBY_ID
Column Name found in Datamart and Curated Table :: ID
Column Name found in Datamart and Curated Table :: CREATEDON
Column Name found in Datamart and Curated Table :: PRIORITY
Column Name found in Datamart and Curated Table :: PROJECT_ID
Column Name found in Datamart and Curated Table :: STATUS
Column Name found in Datamart and Curated Table :: ESTIMATE_ID
Column Name found in Datamart and Curated Table :: JOBTYPE_ID
Column Name found in Datamart and Curated Table :: MODIFIEDON
Column Name found in Datamart and Curated Table :: SUMMARY
Column Name found in Datamart and Curated Table :: CUSTOMER_ID
Column Name found in Datamart and Curated Table :: LOCATION_ID
Column Name found in Datamart and Curated Table :: CAMPAIGN_ID
Column Name found in Datamart and Curated Table :: LATESTFOLLOWUPDATE
Column Name found in Datamart and Curated Table :: ACTIVE
Column Name found in Datamart and Curated Table :: BUSINESSUNIT_ID
Column Name found in Datamart and Curated Table :: IMPORTID
Column Name found in Datamart and Curated Table :: TENANT_TYPE
Datamart tables contains additional column name like [ACTIVE_FLAG, RECORD_CREATE_DATE, RECORD_UPDATE_DATE, MASTER_ID]
Curated tables contains additional column name like [RECORD_CREATE_DATE, RECORD_UPDATE_DATE, RECORD_UPDATED_BY]]]>
  </system-out>
  <testcase classname="testcases.RAW_DATAMART_CURATED.SnowFlake_ColumnValidation_APITables" name="validateColumnName_BKP" time="2.276"/>
  <system-out>
    <![CDATA[Executing Snowflake query :: SELECT COLUMN_NAME FROM DEV_ENT_RAW.INFORMATION_SCHEMA.COLUMNS WHERE TABLE_NAME='ST_API_INVOICE'and TABLE_SCHEMA='API_MAT'
Executing Snowflake query :: SELECT COLUMN_NAME FROM CURATED_DATAMART.INFORMATION_SCHEMA.COLUMNS WHERE TABLE_NAME='STR_API_INVOICE'and TABLE_SCHEMA='ST_API_HUTCHINSON'
Executing Snowflake query :: SELECT COLUMN_NAME FROM DEV_ENT_CURATED.INFORMATION_SCHEMA.COLUMNS WHERE TABLE_NAME='FACT_INVOICE'and TABLE_SCHEMA='MASTER_DIMENSIONS'
Column names for RAW Table --> ST_API_INVOICE :: [COMMISSIONELIGIBILITYDATE, TYPE_ID, NEWCONSTRUCTION, ACTIVE, BATCH_ID, DISCOUNTTOTAL, NETAMOUNT, ROYALTY_SENTON, SUMMARY, TECHNICIANACKNOWLEDGEMENTSIGNATURE, CREATEDBY_ID, ADJUSTMENTTO_ID, EXPORTID, EXTERNALID, INVOICEDON, PAIDON, PAYMENTTERM_ID, MODIFIEDON, MATERIALSKUREFERENCE_SKUTYPE, MEMBERSHIP_ID, STATUS, TAX, TAXZONE_ID, COUNTERSALESLOCATION_ID, NUMERICNUMBER, ROYALTY_STATUS, BUSINESSUNIT_ID, CONFIGURATION, CREATEDON, CUSTOMER_ID, JOB_ID, LOCATION_ID, ROYALTY_DATE, ACKNOWLEDGEMENTSIGNATURE, BALANCE, BILLINGDATE, EXCLUDEFROMPAYROLL, MATERIALTAX, AUTHORIZATIONSIGNATURE, PAYMENTDUEDATE, PROJECTLABELS, AUTHORIZEDAMOUNT, ID, INCLUDEINTECHNICIANREPORTS, MATERIALSKUREFERENCE_SKUID, PAYROLLDATE, SIGNATURE, SUBTOTAL, LABORTAX, MATERIALSKU_ID, ROYALTY_MEMO, TOTAL, FEETAX, IMPORTID, NUMBER, PROJECT_ID, FEETOTAL, TENANT_TYPE]
Column names for DataMart Table --> STR_API_INVOICE :: [DISCOUNTTOTAL, FEETOTAL, PAYMENTTERM_ID, ROYALTY_SENTON, IMPORTID, BILLINGDATE, COMMISSIONELIGIBILITYDATE, EXCLUDEFROMPAYROLL, MODIFIEDON, NETAMOUNT, NUMERICNUMBER, SUMMARY, TECHNICIANACKNOWLEDGEMENTSIGNATURE, TENANT_TYPE, TOTAL, ACTIVE_FLAG, CREATEDBY_ID, EXPORTID, PAIDON, ROYALTY_STATUS, PROJECTLABELS, SIGNATURE, ACKNOWLEDGEMENTSIGNATURE, AUTHORIZATIONSIGNATURE, CONFIGURATION, CREATEDON, INCLUDEINTECHNICIANREPORTS, LABORTAX, MASTER_ID, ROYALTY_DATE, COUNTERSALESLOCATION_ID, MATERIALSKUREFERENCE_SKUID, PAYMENTDUEDATE, PAYROLLDATE, RECORD_CREATE_DATE, BUSINESSUNIT_ID, CUSTOMER_ID, RECORD_UPDATE_DATE, BALANCE, MEMBERSHIP_ID, ROYALTY_MEMO, MATERIALSKUREFERENCE_SKUTYPE, BATCH_ID, EXTERNALID, FEETAX, MATERIALTAX, NUMBER, STATUS, AUTHORIZEDAMOUNT, MATERIALSKU_ID, SUBTOTAL, TAX, ACTIVE, ADJUSTMENTTO_ID, INVOICEDON, LOCATION_ID, NEWCONSTRUCTION, JOB_ID, PROJECT_ID, TAXZONE_ID, TYPE_ID, ID]
Column names for Curated Table --> FACT_INVOICE :: [CONFIGURATION, EXPORTID, EXTERNALID, MATERIALSKUREFERENCE_SKUTYPE, RECORD_UPDATED_BY, ROYALTY_DATE, FEETAX, TAX, TOTAL, BALANCE, BUSINESSUNIT_ID, CREATEDON, PAYMENTDUEDATE, PROJECT_ID, NETAMOUNT, NUMERICNUMBER, ROYALTY_SENTON, NUMBER, DISCOUNTTOTAL, EXCLUDEFROMPAYROLL, INCLUDEINTECHNICIANREPORTS, MODIFIEDON, STATUS, TENANT_TYPE, NEWCONSTRUCTION, ACKNOWLEDGEMENTSIGNATURE, ADJUSTMENTTO_ID, CREATEDBY_ID, CUSTOMER_ID, FEETOTAL, INVOICEDON, PAIDON, TYPE_ID, JOB_ID, LABORTAX, LOCATION_ID, ROYALTY_STATUS, SUMMARY, PROJECTLABELS, MATERIALSKUREFERENCE_SKUID, MATERIALSKU_ID, MEMBERSHIP_ID, COMMISSIONELIGIBILITYDATE, RECORD_CREATE_DATE, RECORD_UPDATE_DATE, SIGNATURE, AUTHORIZATIONSIGNATURE, BILLINGDATE, IMPORTID, TECHNICIANACKNOWLEDGEMENTSIGNATURE, AUTHORIZEDAMOUNT, ID, PAYROLLDATE, ACTIVE, COUNTERSALESLOCATION_ID, PAYMENTTERM_ID, SUBTOTAL, BATCH_ID, MATERIALTAX, ROYALTY_MEMO, TAXZONE_ID]
Column Name found in Datamart and Curated Table :: COMMISSIONELIGIBILITYDATE
Column Name found in Datamart and Curated Table :: TYPE_ID
Column Name found in Datamart and Curated Table :: NEWCONSTRUCTION
Column Name found in Datamart and Curated Table :: ACTIVE
Column Name found in Datamart and Curated Table :: BATCH_ID
Column Name found in Datamart and Curated Table :: DISCOUNTTOTAL
Column Name found in Datamart and Curated Table :: NETAMOUNT
Column Name found in Datamart and Curated Table :: ROYALTY_SENTON
Column Name found in Datamart and Curated Table :: SUMMARY
Column Name found in Datamart and Curated Table :: TECHNICIANACKNOWLEDGEMENTSIGNATURE
Column Name found in Datamart and Curated Table :: CREATEDBY_ID
Column Name found in Datamart and Curated Table :: ADJUSTMENTTO_ID
Column Name found in Datamart and Curated Table :: EXPORTID
Column Name found in Datamart and Curated Table :: EXTERNALID
Column Name found in Datamart and Curated Table :: INVOICEDON
Column Name found in Datamart and Curated Table :: PAIDON
Column Name found in Datamart and Curated Table :: PAYMENTTERM_ID
Column Name found in Datamart and Curated Table :: MODIFIEDON
Column Name found in Datamart and Curated Table :: MATERIALSKUREFERENCE_SKUTYPE
Column Name found in Datamart and Curated Table :: MEMBERSHIP_ID
Column Name found in Datamart and Curated Table :: STATUS
Column Name found in Datamart and Curated Table :: TAX
Column Name found in Datamart and Curated Table :: TAXZONE_ID
Column Name found in Datamart and Curated Table :: COUNTERSALESLOCATION_ID
Column Name found in Datamart and Curated Table :: NUMERICNUMBER
Column Name found in Datamart and Curated Table :: ROYALTY_STATUS
Column Name found in Datamart and Curated Table :: BUSINESSUNIT_ID
Column Name found in Datamart and Curated Table :: CONFIGURATION
Column Name found in Datamart and Curated Table :: CREATEDON
Column Name found in Datamart and Curated Table :: CUSTOMER_ID
Column Name found in Datamart and Curated Table :: JOB_ID
Column Name found in Datamart and Curated Table :: LOCATION_ID
Column Name found in Datamart and Curated Table :: ROYALTY_DATE
Column Name found in Datamart and Curated Table :: ACKNOWLEDGEMENTSIGNATURE
Column Name found in Datamart and Curated Table :: BALANCE
Column Name found in Datamart and Curated Table :: BILLINGDATE
Column Name found in Datamart and Curated Table :: EXCLUDEFROMPAYROLL
Column Name found in Datamart and Curated Table :: MATERIALTAX
Column Name found in Datamart and Curated Table :: AUTHORIZATIONSIGNATURE
Column Name found in Datamart and Curated Table :: PAYMENTDUEDATE
Column Name found in Datamart and Curated Table :: PROJECTLABELS
Column Name found in Datamart and Curated Table :: AUTHORIZEDAMOUNT
Column Name found in Datamart and Curated Table :: ID
Column Name found in Datamart and Curated Table :: INCLUDEINTECHNICIANREPORTS
Column Name found in Datamart and Curated Table :: MATERIALSKUREFERENCE_SKUID
Column Name found in Datamart and Curated Table :: PAYROLLDATE
Column Name found in Datamart and Curated Table :: SIGNATURE
Column Name found in Datamart and Curated Table :: SUBTOTAL
Column Name found in Datamart and Curated Table :: LABORTAX
Column Name found in Datamart and Curated Table :: MATERIALSKU_ID
Column Name found in Datamart and Curated Table :: ROYALTY_MEMO
Column Name found in Datamart and Curated Table :: TOTAL
Column Name found in Datamart and Curated Table :: FEETAX
Column Name found in Datamart and Curated Table :: IMPORTID
Column Name found in Datamart and Curated Table :: NUMBER
Column Name found in Datamart and Curated Table :: PROJECT_ID
Column Name found in Datamart and Curated Table :: FEETOTAL
Column Name found in Datamart and Curated Table :: TENANT_TYPE
Datamart tables contains additional column name like [ACTIVE_FLAG, RECORD_CREATE_DATE, RECORD_UPDATE_DATE, MASTER_ID]
Curated tables contains additional column name like [RECORD_CREATE_DATE, RECORD_UPDATE_DATE, RECORD_UPDATED_BY]]]>
  </system-out>
  <testcase classname="testcases.RAW_DATAMART_CURATED.SnowFlake_ColumnValidation_APITables" name="validateColumnName_BKP" time="2.356"/>
  <system-out>
    <![CDATA[Executing Snowflake query :: SELECT COLUMN_NAME FROM DEV_ENT_RAW.INFORMATION_SCHEMA.COLUMNS WHERE TABLE_NAME='ST_API_JOBCOMPLETIONSURVEY'and TABLE_SCHEMA='API_MAT'
Executing Snowflake query :: SELECT COLUMN_NAME FROM CURATED_DATAMART.INFORMATION_SCHEMA.COLUMNS WHERE TABLE_NAME='STR_API_JOBCOMPLETIONSURVEY'and TABLE_SCHEMA='ST_API_FOURPROS'
Executing Snowflake query :: SELECT COLUMN_NAME FROM DEV_ENT_CURATED.INFORMATION_SCHEMA.COLUMNS WHERE TABLE_NAME='DIM_JOBCOMPLETIONSURVEY'and TABLE_SCHEMA='MASTER_DIMENSIONS'
Column names for RAW Table --> ST_API_JOBCOMPLETIONSURVEY :: [SENTON, ISPLANNINGTOUSEAGAIN, ISROUTINECOMPLETED, MEMO, RECOMMENDATIONS, STATUS, TOKEN, ID, JOBCOMPLETEDON, SUBMITCOUNT, JOBID, MODIFIEDON, COMPLETEDON, RATING, SURVEYTYPE, TENANT_TYPE]
Column names for DataMart Table --> STR_API_JOBCOMPLETIONSURVEY :: [MASTER_ID, SENTON, SURVEYTYPE, ID, MODIFIEDON, RATING, SUBMITCOUNT, ACTIVE_FLAG, JOBID, RECORD_CREATE_DATE, RECOMMENDATIONS, ISPLANNINGTOUSEAGAIN, JOBCOMPLETEDON, RECORD_UPDATE_DATE, ISROUTINECOMPLETED, TOKEN, TENANT_TYPE, COMPLETEDON, MEMO, STATUS]
Column names for Curated Table --> DIM_JOBCOMPLETIONSURVEY :: [ID, JOBCOMPLETEDON, SUBMITCOUNT, ISROUTINECOMPLETED, MEMO, RECORD_UPDATED_BY, STATUS, JOBID, RECORD_UPDATE_DATE, TENANT_TYPE, MODIFIEDON, SURVEYTYPE, COMPLETEDON, ISPLANNINGTOUSEAGAIN, RATING, SENTON, RECOMMENDATIONS, RECORD_CREATE_DATE, TOKEN]
Column Name found in Datamart and Curated Table :: SENTON
Column Name found in Datamart and Curated Table :: ISPLANNINGTOUSEAGAIN
Column Name found in Datamart and Curated Table :: ISROUTINECOMPLETED
Column Name found in Datamart and Curated Table :: MEMO
Column Name found in Datamart and Curated Table :: RECOMMENDATIONS
Column Name found in Datamart and Curated Table :: STATUS
Column Name found in Datamart and Curated Table :: TOKEN
Column Name found in Datamart and Curated Table :: ID
Column Name found in Datamart and Curated Table :: JOBCOMPLETEDON
Column Name found in Datamart and Curated Table :: SUBMITCOUNT
Column Name found in Datamart and Curated Table :: JOBID
Column Name found in Datamart and Curated Table :: MODIFIEDON
Column Name found in Datamart and Curated Table :: COMPLETEDON
Column Name found in Datamart and Curated Table :: RATING
Column Name found in Datamart and Curated Table :: SURVEYTYPE
Column Name found in Datamart and Curated Table :: TENANT_TYPE
Datamart tables contains additional column name like [ACTIVE_FLAG, RECORD_CREATE_DATE, RECORD_UPDATE_DATE, MASTER_ID]
Curated tables contains additional column name like [RECORD_CREATE_DATE, RECORD_UPDATE_DATE, RECORD_UPDATED_BY]]]>
  </system-out>
  <testcase classname="testcases.RAW_DATAMART_CURATED.SnowFlake_ColumnValidation_APITables" name="validateColumnName_BKP" time="2.919"/>
  <system-out>
    <![CDATA[Executing Snowflake query :: SELECT COLUMN_NAME FROM DEV_ENT_RAW.INFORMATION_SCHEMA.COLUMNS WHERE TABLE_NAME='ST_API_TAG'and TABLE_SCHEMA='API_MAT'
Executing Snowflake query :: SELECT COLUMN_NAME FROM CURATED_DATAMART.INFORMATION_SCHEMA.COLUMNS WHERE TABLE_NAME='STR_API_TAG'and TABLE_SCHEMA='ST_API_HARP'
Executing Snowflake query :: SELECT COLUMN_NAME FROM DEV_ENT_CURATED.INFORMATION_SCHEMA.COLUMNS WHERE TABLE_NAME='DIM_TAG'and TABLE_SCHEMA='MASTER_DIMENSIONS'
Column names for RAW Table --> ST_API_TAG :: [MEMO, GENERATEDFOREXTERNAL, REMOVEDON, GENERATEDFOR_ID, REMOVEDBY_ID, MODIFIEDON, OWNER_ID, CREATEDBY_ID, CREATEDON, IMPORTID, ACTIVE, ID, TYPE_ID, TENANT_TYPE]
Column names for DataMart Table --> STR_API_TAG :: [ACTIVE_FLAG, CREATEDBY_ID, RECORD_UPDATE_DATE, CREATEDON, IMPORTID, ACTIVE, MEMO, MASTER_ID, ID, OWNER_ID, REMOVEDBY_ID, GENERATEDFOR_ID, MODIFIEDON, TENANT_TYPE, GENERATEDFOREXTERNAL, RECORD_CREATE_DATE, REMOVEDON, SOURCE_PKEY_SPK, TYPE_ID]
Column names for Curated Table --> DIM_TAG :: [ACTIVE_FLAG, RECORD_CREATE_DATE, CREATEDON, RECORD_UPDATE_DATE, SOURCE_PKEY_SPK, GENERATEDFOR_ID, GENERATEDFOREXTERNAL, TYPE_ID, ACTIVE, CREATEDBY_ID, ID, MODIFIEDON, OWNER_ID, REMOVEDBY_ID, REMOVEDON, MEMO, RECORD_UPDATED_BY, IMPORTID, TENANT_TYPE]
Column Name found in Datamart and Curated Table :: MEMO
Column Name found in Datamart and Curated Table :: GENERATEDFOREXTERNAL
Column Name found in Datamart and Curated Table :: REMOVEDON
Column Name found in Datamart and Curated Table :: GENERATEDFOR_ID
Column Name found in Datamart and Curated Table :: REMOVEDBY_ID
Column Name found in Datamart and Curated Table :: MODIFIEDON
Column Name found in Datamart and Curated Table :: OWNER_ID
Column Name found in Datamart and Curated Table :: CREATEDBY_ID
Column Name found in Datamart and Curated Table :: CREATEDON
Column Name found in Datamart and Curated Table :: IMPORTID
Column Name found in Datamart and Curated Table :: ACTIVE
Column Name found in Datamart and Curated Table :: ID
Column Name found in Datamart and Curated Table :: TYPE_ID
Column Name found in Datamart and Curated Table :: TENANT_TYPE
Datamart tables contains additional column name like [ACTIVE_FLAG, RECORD_CREATE_DATE, RECORD_UPDATE_DATE, MASTER_ID]
Curated tables contains additional column name like [RECORD_CREATE_DATE, RECORD_UPDATE_DATE, RECORD_UPDATED_BY]]]>
  </system-out>
  <testcase classname="testcases.RAW_DATAMART_CURATED.SnowFlake_ColumnValidation_APITables" name="validateColumnName_BKP" time="2.265"/>
  <system-out>
    <![CDATA[Executing Snowflake query :: SELECT COLUMN_NAME FROM DEV_ENT_RAW.INFORMATION_SCHEMA.COLUMNS WHERE TABLE_NAME='ST_API_EMPLOYEE'and TABLE_SCHEMA='API_MAT'
Executing Snowflake query :: SELECT COLUMN_NAME FROM CURATED_DATAMART.INFORMATION_SCHEMA.COLUMNS WHERE TABLE_NAME='STR_API_EMPLOYEE'and TABLE_SCHEMA='ST_API_HUTCHINSON'
Executing Snowflake query :: SELECT COLUMN_NAME FROM DEV_ENT_CURATED.INFORMATION_SCHEMA.COLUMNS WHERE TABLE_NAME='DIM_EMPLOYEE'and TABLE_SCHEMA='MASTER_DIMENSIONS'
Column names for RAW Table --> ST_API_EMPLOYEE :: [HOME_ISMILITARY, HOME_STATE, HOME_UNIT, MANAGER_ID, MOBILEPHONE, PAYROLLID, PHONE, OVERTIMEMODE, PHOTO, PAYROLLBUSINESSUNIT_ID, ACTIVE, AGENTID, CLOCKINOUTREMINDER, EMAILCONFIRMED, FIRSTNAME, PAYFREQUENCY_ID, HOME_ZIP, NAME, HOME_LONGITUDE, HOME_LATITUDE, LASTNAME, SALESFORCEROLE, CREATEDON, USER_ID, IMPORTID, ID, SALESFORCECONTACTID, BIRTHDATE, CREATEDBY_ID, EMAIL, HOME_COUNTRY, HOME_STREET, HOURLYRATE, STARTDATE, MOBILEPHONECONFIRMED, PAYROLLSTARTPERIOD, PHONECONFIRMED, POSITION, HOME_CITY, ISEXTERNAL, HOME_ISMANUALCOORDINATES, MIDDLENAME, MODIFIEDON, OVERTIMEPROFILE_ID, TENANT_TYPE]
Column names for DataMart Table --> STR_API_EMPLOYEE :: [CLOCKINOUTREMINDER, HOME_CITY, HOME_LONGITUDE, NAME, PHONE, SALESFORCECONTACTID, EMAIL, LASTNAME, PAYFREQUENCY_ID, USER_ID, AGENTID, BIRTHDATE, FIRSTNAME, MIDDLENAME, MODIFIEDON, OVERTIMEMODE, PAYROLLBUSINESSUNIT_ID, PAYROLLID, PHONECONFIRMED, POSITION, MANAGER_ID, RECORD_CREATE_DATE, TENANT_TYPE, HOME_STREET, HOURLYRATE, MOBILEPHONECONFIRMED, STARTDATE, ISEXTERNAL, PHOTO, RECORD_UPDATE_DATE, HOME_LATITUDE, HOME_ZIP, PAYROLLSTARTPERIOD, ACTIVE, ACTIVE_FLAG, CREATEDBY_ID, CREATEDON, HOME_STATE, HOME_UNIT, IMPORTID, OVERTIMEPROFILE_ID, EMAILCONFIRMED, HOME_COUNTRY, HOME_ISMANUALCOORDINATES, HOME_ISMILITARY, ID, SALESFORCEROLE, ISEXCLUDEDFROMPAYROLL, MOBILEPHONE, MASTER_ID]
Column names for Curated Table --> DIM_EMPLOYEE :: [CREATEDON, EMAIL, HOME_COUNTRY, HOME_ISMILITARY, PAYROLLID, PHONECONFIRMED, PAYROLLSTARTPERIOD, STARTDATE, PHONE, EMAILCONFIRMED, MOBILEPHONE, PAYFREQUENCY_ID, USER_ID, HOME_STATE, ISEXTERNAL, SALESFORCEROLE, CLOCKINOUTREMINDER, OVERTIMEMODE, ACTIVE, FIRSTNAME, HOURLYRATE, ISEXCLUDEDFROMPAYROLL, PAYROLLBUSINESSUNIT_ID, SALESFORCECONTACTID, AGENTID, CREATEDBY_ID, MANAGER_ID, HOME_ZIP, ID, IMPORTID, MODIFIEDON, PHOTO, RECORD_CREATE_DATE, BIRTHDATE, HOME_LATITUDE, HOME_STREET, POSITION, MOBILEPHONECONFIRMED, RECORD_UPDATED_BY, HOME_CITY, HOME_ISMANUALCOORDINATES, HOME_LONGITUDE, HOME_UNIT, LASTNAME, MIDDLENAME, TENANT_TYPE, NAME, RECORD_UPDATE_DATE, OVERTIMEPROFILE_ID]
Column Name found in Datamart and Curated Table :: HOME_ISMILITARY
Column Name found in Datamart and Curated Table :: HOME_STATE
Column Name found in Datamart and Curated Table :: HOME_UNIT
Column Name found in Datamart and Curated Table :: MANAGER_ID
Column Name found in Datamart and Curated Table :: MOBILEPHONE
Column Name found in Datamart and Curated Table :: PAYROLLID
Column Name found in Datamart and Curated Table :: PHONE
Column Name found in Datamart and Curated Table :: OVERTIMEMODE
Column Name found in Datamart and Curated Table :: PHOTO
Column Name found in Datamart and Curated Table :: PAYROLLBUSINESSUNIT_ID
Column Name found in Datamart and Curated Table :: ACTIVE
Column Name found in Datamart and Curated Table :: AGENTID
Column Name found in Datamart and Curated Table :: CLOCKINOUTREMINDER
Column Name found in Datamart and Curated Table :: EMAILCONFIRMED
Column Name found in Datamart and Curated Table :: FIRSTNAME
Column Name found in Datamart and Curated Table :: PAYFREQUENCY_ID
Column Name found in Datamart and Curated Table :: HOME_ZIP
Column Name found in Datamart and Curated Table :: NAME
Column Name found in Datamart and Curated Table :: HOME_LONGITUDE
Column Name found in Datamart and Curated Table :: HOME_LATITUDE
Column Name found in Datamart and Curated Table :: LASTNAME
Column Name found in Datamart and Curated Table :: SALESFORCEROLE
Column Name found in Datamart and Curated Table :: CREATEDON
Column Name found in Datamart and Curated Table :: USER_ID
Column Name found in Datamart and Curated Table :: IMPORTID
Column Name found in Datamart and Curated Table :: ID
Column Name found in Datamart and Curated Table :: SALESFORCECONTACTID
Column Name found in Datamart and Curated Table :: BIRTHDATE
Column Name found in Datamart and Curated Table :: CREATEDBY_ID
Column Name found in Datamart and Curated Table :: EMAIL
Column Name found in Datamart and Curated Table :: HOME_COUNTRY
Column Name found in Datamart and Curated Table :: HOME_STREET
Column Name found in Datamart and Curated Table :: HOURLYRATE
Column Name found in Datamart and Curated Table :: STARTDATE
Column Name found in Datamart and Curated Table :: MOBILEPHONECONFIRMED
Column Name found in Datamart and Curated Table :: PAYROLLSTARTPERIOD
Column Name found in Datamart and Curated Table :: PHONECONFIRMED
Column Name found in Datamart and Curated Table :: POSITION
Column Name found in Datamart and Curated Table :: HOME_CITY
Column Name found in Datamart and Curated Table :: ISEXTERNAL
Column Name found in Datamart and Curated Table :: HOME_ISMANUALCOORDINATES
Column Name found in Datamart and Curated Table :: MIDDLENAME
Column Name found in Datamart and Curated Table :: MODIFIEDON
Column Name found in Datamart and Curated Table :: OVERTIMEPROFILE_ID
Column Name found in Datamart and Curated Table :: TENANT_TYPE
Datamart tables contains additional column name like [ACTIVE_FLAG, RECORD_CREATE_DATE, RECORD_UPDATE_DATE, MASTER_ID]
Curated tables contains additional column name like [RECORD_CREATE_DATE, RECORD_UPDATE_DATE, RECORD_UPDATED_BY]]]>
  </system-out>
  <testcase classname="testcases.RAW_DATAMART_CURATED.SnowFlake_ColumnValidation_APITables" name="validateColumnName_BKP" time="4.206"/>
  <system-out>
    <![CDATA[Executing Snowflake query :: SELECT COLUMN_NAME FROM DEV_ENT_RAW.INFORMATION_SCHEMA.COLUMNS WHERE TABLE_NAME='ST_API_MATERIALVENDORSUBACCOUNT'and TABLE_SCHEMA='API_MAT'
Executing Snowflake query :: SELECT COLUMN_NAME FROM CURATED_DATAMART.INFORMATION_SCHEMA.COLUMNS WHERE TABLE_NAME='STR_API_MATERIALVENDORSUBACCOUNT'and TABLE_SCHEMA='ST_API_HDAIR'
Executing Snowflake query :: SELECT COLUMN_NAME FROM DEV_ENT_CURATED.INFORMATION_SCHEMA.COLUMNS WHERE TABLE_NAME='DIM_MATERIALVENDORSUBACCOUNT'and TABLE_SCHEMA='MASTER_DIMENSIONS'
Column names for RAW Table --> ST_API_MATERIALVENDORSUBACCOUNT :: [MATERIALVENDOR_ID, ACCOUNTNAME, ACTIVE, COST, CREATEDBY_ID, ID, CREATEDON, IMPORTID, TENANT_TYPE]
Column names for DataMart Table --> STR_API_MATERIALVENDORSUBACCOUNT :: [ID, MATERIALVENDOR_ID, CREATEDON, MASTER_ID, IMPORTID, RECORD_CREATE_DATE, ACTIVE_FLAG, ACTIVE, RECORD_UPDATE_DATE, ACCOUNTNAME, COST, CREATEDBY_ID, TENANT_TYPE]
Column names for Curated Table --> DIM_MATERIALVENDORSUBACCOUNT :: [RECORD_CREATE_DATE, IMPORTID, ACTIVE, CREATEDBY_ID, CREATEDON, ID, RECORD_UPDATE_DATE, TENANT_TYPE, RECORD_UPDATED_BY, ACCOUNTNAME, MATERIALVENDOR_ID, COST]
Column Name found in Datamart and Curated Table :: MATERIALVENDOR_ID
Column Name found in Datamart and Curated Table :: ACCOUNTNAME
Column Name found in Datamart and Curated Table :: ACTIVE
Column Name found in Datamart and Curated Table :: COST
Column Name found in Datamart and Curated Table :: CREATEDBY_ID
Column Name found in Datamart and Curated Table :: ID
Column Name found in Datamart and Curated Table :: CREATEDON
Column Name found in Datamart and Curated Table :: IMPORTID
Column Name found in Datamart and Curated Table :: TENANT_TYPE
Datamart tables contains additional column name like [ACTIVE_FLAG, RECORD_CREATE_DATE, RECORD_UPDATE_DATE, MASTER_ID]
Curated tables contains additional column name like [RECORD_CREATE_DATE, RECORD_UPDATE_DATE, RECORD_UPDATED_BY]]]>
  </system-out>
  <testcase classname="testcases.RAW_DATAMART_CURATED.SnowFlake_ColumnValidation_APITables" name="validateColumnName_BKP" time="2.661"/>
  <system-out>
    <![CDATA[Executing Snowflake query :: SELECT COLUMN_NAME FROM DEV_ENT_RAW.INFORMATION_SCHEMA.COLUMNS WHERE TABLE_NAME='ST_API_EMPLOYEE'and TABLE_SCHEMA='API_MAT'
Executing Snowflake query :: SELECT COLUMN_NAME FROM CURATED_DATAMART.INFORMATION_SCHEMA.COLUMNS WHERE TABLE_NAME='STR_API_EMPLOYEE'and TABLE_SCHEMA='ST_API_MAITZ'
Executing Snowflake query :: SELECT COLUMN_NAME FROM DEV_ENT_CURATED.INFORMATION_SCHEMA.COLUMNS WHERE TABLE_NAME='DIM_EMPLOYEE'and TABLE_SCHEMA='MASTER_DIMENSIONS'
Column names for RAW Table --> ST_API_EMPLOYEE :: [HOME_ISMILITARY, HOME_STATE, HOME_UNIT, MANAGER_ID, MOBILEPHONE, PAYROLLID, PHONE, OVERTIMEMODE, PHOTO, PAYROLLBUSINESSUNIT_ID, ACTIVE, AGENTID, CLOCKINOUTREMINDER, EMAILCONFIRMED, FIRSTNAME, PAYFREQUENCY_ID, HOME_ZIP, NAME, HOME_LONGITUDE, HOME_LATITUDE, LASTNAME, SALESFORCEROLE, CREATEDON, USER_ID, IMPORTID, ID, SALESFORCECONTACTID, BIRTHDATE, CREATEDBY_ID, EMAIL, HOME_COUNTRY, HOME_STREET, HOURLYRATE, STARTDATE, MOBILEPHONECONFIRMED, PAYROLLSTARTPERIOD, PHONECONFIRMED, POSITION, HOME_CITY, ISEXTERNAL, HOME_ISMANUALCOORDINATES, MIDDLENAME, MODIFIEDON, OVERTIMEPROFILE_ID, TENANT_TYPE]
Column names for DataMart Table --> STR_API_EMPLOYEE :: [BIRTHDATE, HOME_ZIP, ISEXCLUDEDFROMPAYROLL, MIDDLENAME, OVERTIMEMODE, PAYROLLSTARTPERIOD, PHONECONFIRMED, ISEXTERNAL, RECORD_CREATE_DATE, POSITION, PAYROLLBUSINESSUNIT_ID, STARTDATE, USER_ID, ACTIVE_FLAG, EMAIL, HOME_CITY, HOME_UNIT, MANAGER_ID, MODIFIEDON, HOME_COUNTRY, HOME_ISMANUALCOORDINATES, HOME_LONGITUDE, SALESFORCEROLE, CLOCKINOUTREMINDER, CREATEDBY_ID, LASTNAME, MOBILEPHONECONFIRMED, ID, MOBILEPHONE, PAYFREQUENCY_ID, SALESFORCECONTACTID, IMPORTID, MASTER_ID, PHONE, AGENTID, CREATEDON, EMAILCONFIRMED, FIRSTNAME, HOME_LATITUDE, HOME_STREET, RECORD_UPDATE_DATE, PHOTO, TENANT_TYPE, ACTIVE, HOME_ISMILITARY, HOURLYRATE, PAYROLLID, NAME, OVERTIMEPROFILE_ID, HOME_STATE]
Column names for Curated Table --> DIM_EMPLOYEE :: [CREATEDON, EMAIL, HOME_COUNTRY, HOME_ISMILITARY, PAYROLLID, PHONECONFIRMED, PAYROLLSTARTPERIOD, STARTDATE, PHONE, EMAILCONFIRMED, MOBILEPHONE, PAYFREQUENCY_ID, USER_ID, HOME_STATE, ISEXTERNAL, SALESFORCEROLE, CLOCKINOUTREMINDER, OVERTIMEMODE, ACTIVE, FIRSTNAME, HOURLYRATE, ISEXCLUDEDFROMPAYROLL, PAYROLLBUSINESSUNIT_ID, SALESFORCECONTACTID, AGENTID, CREATEDBY_ID, MANAGER_ID, HOME_ZIP, ID, IMPORTID, MODIFIEDON, PHOTO, RECORD_CREATE_DATE, BIRTHDATE, HOME_LATITUDE, HOME_STREET, POSITION, MOBILEPHONECONFIRMED, RECORD_UPDATED_BY, HOME_CITY, HOME_ISMANUALCOORDINATES, HOME_LONGITUDE, HOME_UNIT, LASTNAME, MIDDLENAME, TENANT_TYPE, NAME, RECORD_UPDATE_DATE, OVERTIMEPROFILE_ID]
Column Name found in Datamart and Curated Table :: HOME_ISMILITARY
Column Name found in Datamart and Curated Table :: HOME_STATE
Column Name found in Datamart and Curated Table :: HOME_UNIT
Column Name found in Datamart and Curated Table :: MANAGER_ID
Column Name found in Datamart and Curated Table :: MOBILEPHONE
Column Name found in Datamart and Curated Table :: PAYROLLID
Column Name found in Datamart and Curated Table :: PHONE
Column Name found in Datamart and Curated Table :: OVERTIMEMODE
Column Name found in Datamart and Curated Table :: PHOTO
Column Name found in Datamart and Curated Table :: PAYROLLBUSINESSUNIT_ID
Column Name found in Datamart and Curated Table :: ACTIVE
Column Name found in Datamart and Curated Table :: AGENTID
Column Name found in Datamart and Curated Table :: CLOCKINOUTREMINDER
Column Name found in Datamart and Curated Table :: EMAILCONFIRMED
Column Name found in Datamart and Curated Table :: FIRSTNAME
Column Name found in Datamart and Curated Table :: PAYFREQUENCY_ID
Column Name found in Datamart and Curated Table :: HOME_ZIP
Column Name found in Datamart and Curated Table :: NAME
Column Name found in Datamart and Curated Table :: HOME_LONGITUDE
Column Name found in Datamart and Curated Table :: HOME_LATITUDE
Column Name found in Datamart and Curated Table :: LASTNAME
Column Name found in Datamart and Curated Table :: SALESFORCEROLE
Column Name found in Datamart and Curated Table :: CREATEDON
Column Name found in Datamart and Curated Table :: USER_ID
Column Name found in Datamart and Curated Table :: IMPORTID
Column Name found in Datamart and Curated Table :: ID
Column Name found in Datamart and Curated Table :: SALESFORCECONTACTID
Column Name found in Datamart and Curated Table :: BIRTHDATE
Column Name found in Datamart and Curated Table :: CREATEDBY_ID
Column Name found in Datamart and Curated Table :: EMAIL
Column Name found in Datamart and Curated Table :: HOME_COUNTRY
Column Name found in Datamart and Curated Table :: HOME_STREET
Column Name found in Datamart and Curated Table :: HOURLYRATE
Column Name found in Datamart and Curated Table :: STARTDATE
Column Name found in Datamart and Curated Table :: MOBILEPHONECONFIRMED
Column Name found in Datamart and Curated Table :: PAYROLLSTARTPERIOD
Column Name found in Datamart and Curated Table :: PHONECONFIRMED
Column Name found in Datamart and Curated Table :: POSITION
Column Name found in Datamart and Curated Table :: HOME_CITY
Column Name found in Datamart and Curated Table :: ISEXTERNAL
Column Name found in Datamart and Curated Table :: HOME_ISMANUALCOORDINATES
Column Name found in Datamart and Curated Table :: MIDDLENAME
Column Name found in Datamart and Curated Table :: MODIFIEDON
Column Name found in Datamart and Curated Table :: OVERTIMEPROFILE_ID
Column Name found in Datamart and Curated Table :: TENANT_TYPE
Datamart tables contains additional column name like [ACTIVE_FLAG, RECORD_CREATE_DATE, RECORD_UPDATE_DATE, MASTER_ID]
Curated tables contains additional column name like [RECORD_CREATE_DATE, RECORD_UPDATE_DATE, RECORD_UPDATED_BY]]]>
  </system-out>
  <testcase classname="testcases.RAW_DATAMART_CURATED.SnowFlake_ColumnValidation_APITables" name="validateColumnName_BKP" time="2.263"/>
  <system-out>
    <![CDATA[Executing Snowflake query :: SELECT COLUMN_NAME FROM DEV_ENT_RAW.INFORMATION_SCHEMA.COLUMNS WHERE TABLE_NAME='ST_API_ZONE'and TABLE_SCHEMA='API_MAT'
Executing Snowflake query :: SELECT COLUMN_NAME FROM CURATED_DATAMART.INFORMATION_SCHEMA.COLUMNS WHERE TABLE_NAME='STR_API_ZONE'and TABLE_SCHEMA='ST_API_HDAIR'
Executing Snowflake query :: SELECT COLUMN_NAME FROM DEV_ENT_CURATED.INFORMATION_SCHEMA.COLUMNS WHERE TABLE_NAME='DIM_ZONE'and TABLE_SCHEMA='MASTER_DIMENSIONS'
Column names for RAW Table --> ST_API_ZONE :: [LOCNNUMBERS, MODIFIEDON, CREATEDON, COLOR, ID, SERVICEDAYSENABLED, CREATEDBY_ID, IMPORTID, ACTIVE, NAME, TERRITORYNUMBERS, CITIES, SERVICEDAYS, ZIPS, MAXDRIVETIMEADJUSTMENT, TENANT_TYPE]
Column names for DataMart Table --> STR_API_ZONE :: [ACTIVE_FLAG, IMPORTID, RECORD_CREATE_DATE, RECORD_UPDATE_DATE, TERRITORYNUMBERS, COLOR, NAME, TENANT_TYPE, CREATEDON, SERVICEDAYS, MASTER_ID, CITIES, MODIFIEDON, ID, CREATEDBY_ID, MAXDRIVETIMEADJUSTMENT, ACTIVE, LOCNNUMBERS, SERVICEDAYSENABLED, ZIPS]
Column names for Curated Table --> DIM_ZONE :: [CREATEDON, ID, ZIPS, CITIES, IMPORTID, LOCNNUMBERS, MODIFIEDON, NAME, SERVICEDAYS, TENANT_TYPE, MAXDRIVETIMEADJUSTMENT, TERRITORYNUMBERS, RECORD_CREATE_DATE, ACTIVE, CREATEDBY_ID, SERVICEDAYSENABLED, RECORD_UPDATE_DATE, COLOR, RECORD_UPDATED_BY]
Column Name found in Datamart and Curated Table :: LOCNNUMBERS
Column Name found in Datamart and Curated Table :: MODIFIEDON
Column Name found in Datamart and Curated Table :: CREATEDON
Column Name found in Datamart and Curated Table :: COLOR
Column Name found in Datamart and Curated Table :: ID
Column Name found in Datamart and Curated Table :: SERVICEDAYSENABLED
Column Name found in Datamart and Curated Table :: CREATEDBY_ID
Column Name found in Datamart and Curated Table :: IMPORTID
Column Name found in Datamart and Curated Table :: ACTIVE
Column Name found in Datamart and Curated Table :: NAME
Column Name found in Datamart and Curated Table :: TERRITORYNUMBERS
Column Name found in Datamart and Curated Table :: CITIES
Column Name found in Datamart and Curated Table :: SERVICEDAYS
Column Name found in Datamart and Curated Table :: ZIPS
Column Name found in Datamart and Curated Table :: MAXDRIVETIMEADJUSTMENT
Column Name found in Datamart and Curated Table :: TENANT_TYPE
Datamart tables contains additional column name like [ACTIVE_FLAG, RECORD_CREATE_DATE, RECORD_UPDATE_DATE, MASTER_ID]
Curated tables contains additional column name like [RECORD_CREATE_DATE, RECORD_UPDATE_DATE, RECORD_UPDATED_BY]]]>
  </system-out>
  <testcase classname="testcases.RAW_DATAMART_CURATED.SnowFlake_ColumnValidation_APITables" name="validateColumnName_BKP" time="3.568"/>
  <system-out>
    <![CDATA[Executing Snowflake query :: SELECT COLUMN_NAME FROM DEV_ENT_RAW.INFORMATION_SCHEMA.COLUMNS WHERE TABLE_NAME='ST_API_BUSINESSUNIT'and TABLE_SCHEMA='API_MAT'
Executing Snowflake query :: SELECT COLUMN_NAME FROM CURATED_DATAMART.INFORMATION_SCHEMA.COLUMNS WHERE TABLE_NAME='STR_API_BUSINESSUNIT'and TABLE_SCHEMA='ST_API_HENDERSON'
Executing Snowflake query :: SELECT COLUMN_NAME FROM DEV_ENT_CURATED.INFORMATION_SCHEMA.COLUMNS WHERE TABLE_NAME='DIM_BUSINESSUNIT'and TABLE_SCHEMA='MASTER_DIMENSIONS'
Column names for RAW Table --> ST_API_BUSINESSUNIT :: [ADDRESS_ZIP, CORPORATECONTRACTNUMBER, CREDITCARDPROCESSORLOGIN, DATA, FRANCHISEEINFO_NAME, FRANCHISEEINFO_TRUCKSOPERATING, INVOICEHEADER, MATERIALSKUREFERENCE_SKUTYPE, OFFERWORKERSCOMPENSATION, PAYROLLIDLETIMEDOUBLEOVERTIMEPAYCODE_ID, CREATEDBY_ID, FRANCHISEEINFO_COMMENTS, INSURANCECOMPANYPHONE, MATERIALSKU_ID, PAYROLLFLATFEEMINIMUM, SERVICEFINANCEDEALERNAME, PAYROLLSOLDBYPAYCODE, CONSTRUCTION, INSURANCECOMPANYNAME, ENABLEWORKORDERS, FINANCEITACCOUNTEMAIL, PAYROLLTYPE, PHONENUMBER, POSTDATE, TRADE_ID, WORLDPAYSUBID, PAYROLLJOBHOURSSTANDARDPAYCODE_ID, PAYROLLTASKBONUSPAYCODE, PAYROLLJOBHOURSOTPAYCODE, ACTIVATIONLOCKED, ADDRESS_STATE, COMMISSIONCALCULATION, OFFERCOMMERCIALGENERALLIABILITY, PAYROLLTASKBONUSPAYCODENEW, ADDRESS_STREET, JOBBOOKEDALERTRECIPIENTS, MINIMUMROYALTYFEE, QUICKBOOKSROOTSALESACCOUNT, TURNSCONTRACTORID, FRANCHISEEINFO_PIVOTALNUMBER, MEALAPPOINTMENT_ID, NOCHARGECOMMERCIAL, PAYROLLPERCENTAGEFEEMINIMUM, PAYROLLTURNOVERBONUSPAYCODENEW, ADDRESS_ISMILITARY, CURRENCY, OVERTIMEMODE, ADDRESS_LATITUDE, BANKACCOUNTPROCESSOR_ID, DIVISIONNAME, FINANCEITPARTNERID, MODIFIEDON, PAYMENTPROCESSOR, QUICKBOOKSCLASS, SERVICEFINANCEDEALERID, WORLDPAYACCOUNTID, AUTHORIZATIONAGREEMENT_ORIGINALFILENAME, CREATEDON, DIVISION_ID, ENABLEWORKORDERSEQUIPMENTFORMATTING, ESTIMATEAUTHORIZATIONPARAGRAPH, HIDEPRICES, NAME, NAVISIONOVERTIMEEARNINGCODE, NOCHARGE, PAYMENTOPTIONS, PAYROLLSOLDBYPAYCODENEW, PAYROLLTURNOVERBONUSPAYCODE, PAYROLLIDLETIMESTANDARDPAYCODE_ID, THREEDAYCANCELATIONPARAGRAPH, PAYROLLWEIGHTEDOVERTIMEPAYCODE_ID, AUTHORIZATIONPARAGRAPH, ACKNOWLEDGEMENTAGREEMENT_FILENAME, ADDRESS_CITY, ADDRESS_ISMANUALCOORDINATES, ADDRESS_UNIT, CALIFORNIACOMPLIANTCONTRACTDOCUMENTS, EMAIL, IMPORTID, ADDRESS_LONGITUDE, GOAL, OFFICIALNAME, PAYROLLFLATFEE, PAYROLLIDLETIMEOVERTIMEPAYCODE_ID, PAYROLLJOBHOURSDOUBLEOVERTIMEPAYCODE_ID, QUICKBOOKSOAUTHSETTINGS, PAYROLLCOSTMARKUP, TGLBONUS, PAYROLLIDLETIMESTPAYCODE, ACTIVE, ACKNOWLEDGEMENTAGREEMENT_ORIGINALFILENAME, ADDRESS_COUNTRY, AUTHORIZATIONAGREEMENT_FILENAME, CREDITCARDPROCESSORKEY, CREDITCARDPROCESSOR_ID, FINANCEITAUTHTOKEN, FRANCHISEEINFO_CONTRACT, INVOICEMESSAGE, NAVISIONSTANDARDTIMEEARNINGCODE, PAYROLLEXPENSEDEDUCTIONTRIGGER, PAYROLLIDLETIMEOTPAYCODE, PAYROLLWEIGHTEDOTPAYCODE, DEFAULTTAXRATE, ID, PAYROLLPERCENTAGEFEE, PAYROLLJOBHOURSOVERTIMEPAYCODE_ID, WARRANTYRATE, GREENSKYMERCHANTID, PAYROLLJOBHOURSSTPAYCODE, LOGO, NAVISIONGLCODE, SELLERFEE, ACKNOWLEDGEMENTPARAGRAPH, EXTERNALID, HVACDASHBOARDSECTIONS, INTACCTENTITY_ID, FRANCHISEEINFO_GST, LICENSENUMBER, NOCHARGERESIDENTIAL, INTEGRATEDREFUNDS_ID, MATERIALSKUREFERENCE_SKUID, TURNOVERMINIMUMTHRESHOLD, PAYROLLINVOICEBONUSPAYCODE_ID, WORLDPAYMERCHANTPIN, TENANT_TYPE]
Column names for DataMart Table --> STR_API_BUSINESSUNIT :: [ACTIVE_FLAG, AUTHORIZATIONAGREEMENT_FILENAME, CORPORATECONTRACTNUMBER, DEFAULTTAXRATE, FINANCEITPARTNERID, MATERIALSKUREFERENCE_SKUID, MEALAPPOINTMENT_ID, NOCHARGE, PAYROLLJOBHOURSSTPAYCODE, RECORD_UPDATE_DATE, SERVICEFINANCEDEALERID, TRADE_ID, MODIFIEDON, PAYROLLTURNOVERBONUSPAYCODENEW, PAYROLLINVOICEBONUSPAYCODE_ID, WORLDPAYMERCHANTPIN, WORLDPAYACCOUNTID, BCCEMAIL, CREATEDBY_ID, SELLERFEE, CURRENCY, EMAIL, FINANCEITAUTHTOKEN, IMPORTID, NAME, NOCHARGERESIDENTIAL, PAYROLLJOBHOURSOVERTIMEPAYCODE_ID, PAYROLLPERCENTAGEFEEMINIMUM, PAYROLLTASKBONUSPAYCODENEW, PAYROLLSOLDBYPAYCODE, OFFERWORKERSCOMPENSATION, PHONENUMBER, MASTER_ID, ACKNOWLEDGEMENTAGREEMENT_FILENAME, LICENSENUMBER, OVERTIMEMODE, QUICKBOOKSROOTSALESACCOUNT, RECORD_CREATE_DATE, TURNSCONTRACTORID, ADDRESS_ZIP, ENABLEWORKORDERSEQUIPMENTFORMATTING, ENABLEWORKORDERS, ACTIVE, AUTHORIZATIONAGREEMENT_ORIGINALFILENAME, CREATEDON, FRANCHISEEINFO_PIVOTALNUMBER, INVOICEMESSAGE, MINIMUMROYALTYFEE, BANKACCOUNTPROCESSOR_ID, PAYROLLIDLETIMEOTPAYCODE, PAYROLLJOBHOURSOTPAYCODE, WORLDPAYSUBID, PAYROLLIDLETIMESTANDARDPAYCODE_ID, TENANT_TYPE, ADDRESS_LATITUDE, ADDRESS_UNIT, HIDEPRICES, HVACDASHBOARDSECTIONS, INVOICEHEADER, TURNOVERMINIMUMTHRESHOLD, NAVISIONSTANDARDTIMEEARNINGCODE, PAYMENTOPTIONS, PAYMENTPROCESSOR, PAYROLLFLATFEEMINIMUM, PAYROLLTYPE, POSTDATE, PAYROLLPERCENTAGEFEE, PAYROLLIDLETIMEOVERTIMEPAYCODE_ID, ADDRESS_ISMILITARY, ADDRESS_STREET, CREDITCARDPROCESSORLOGIN, EXTERNALID, MATERIALSKU_ID, OFFERCOMMERCIALGENERALLIABILITY, PAYROLLIDLETIMESTPAYCODE, CALIFORNIACOMPLIANTCONTRACTDOCUMENTS, DIVISIONNAME, FRANCHISEEINFO_CONTRACT, FRANCHISEEINFO_NAME, FRANCHISEEINFO_TRUCKSOPERATING, INTACCTENTITY_ID, PAYROLLJOBHOURSSTANDARDPAYCODE_ID, PAYROLLIDLETIMEDOUBLEOVERTIMEPAYCODE_ID, THREEDAYCANCELATIONPARAGRAPH, QUICKBOOKSOAUTHSETTINGS, ACKNOWLEDGEMENTAGREEMENT_ORIGINALFILENAME, ACKNOWLEDGEMENTPARAGRAPH, ACTIVATIONLOCKED, ADDRESS_CITY, ADDRESS_COUNTRY, ADDRESS_LONGITUDE, CREDITCARDPROCESSOR_ID, DATA, ESTIMATEAUTHORIZATIONPARAGRAPH, FINANCEITACCOUNTEMAIL, INSURANCECOMPANYPHONE, JOBBOOKEDALERTRECIPIENTS, COMMISSIONCALCULATION, CONSTRUCTION, GREENSKYMERCHANTID, PAYROLLJOBHOURSDOUBLEOVERTIMEPAYCODE_ID, TGLBONUS, NAVISIONOVERTIMEEARNINGCODE, PAYROLLWEIGHTEDOVERTIMEPAYCODE_ID, QUICKBOOKSCLASS, FRANCHISEEINFO_GST, OFFICIALNAME, PAYROLLEXPENSEDEDUCTIONTRIGGER, ADDRESS_ISMANUALCOORDINATES, ADDRESS_STATE, AUTHORIZATIONPARAGRAPH, DIVISION_ID, INSURANCECOMPANYNAME, INTEGRATEDREFUNDS_ID, LOGO, NOCHARGECOMMERCIAL, PAYROLLFLATFEE, FRANCHISEEINFO_COMMENTS, GOAL, ID, PAYROLLWEIGHTEDOTPAYCODE, SERVICEFINANCEDEALERNAME, CREDITCARDPROCESSORKEY, NAVISIONGLCODE, PAYROLLCOSTMARKUP, PAYROLLSOLDBYPAYCODENEW, WARRANTYRATE, MATERIALSKUREFERENCE_SKUTYPE, PAYROLLTASKBONUSPAYCODE, PAYROLLTURNOVERBONUSPAYCODE]
Column names for Curated Table --> DIM_BUSINESSUNIT :: [ADDRESS_COUNTRY, ADDRESS_STREET, BANKACCOUNTPROCESSOR_ID, MEALAPPOINTMENT_ID, CREATEDBY_ID, DIVISION_ID, OFFERCOMMERCIALGENERALLIABILITY, PAYMENTPROCESSOR, PAYROLLJOBHOURSSTANDARDPAYCODE_ID, PAYROLLSOLDBYPAYCODE, TGLBONUS, NAME, PAYROLLCOSTMARKUP, PAYROLLJOBHOURSDOUBLEOVERTIMEPAYCODE_ID, LICENSENUMBER, LOGO, OVERTIMEMODE, ACKNOWLEDGEMENTAGREEMENT_ORIGINALFILENAME, AUTHORIZATIONPARAGRAPH, FINANCEITPARTNERID, WARRANTYRATE, FINANCEITACCOUNTEMAIL, PAYROLLTYPE, QUICKBOOKSCLASS, QUICKBOOKSOAUTHSETTINGS, GREENSKYMERCHANTID, CREDITCARDPROCESSORKEY, CREDITCARDPROCESSORLOGIN, CREDITCARDPROCESSOR_ID, DEFAULTTAXRATE, FRANCHISEEINFO_COMMENTS, HVACDASHBOARDSECTIONS, MODIFIEDON, WORLDPAYACCOUNTID, PAYROLLIDLETIMEDOUBLEOVERTIMEPAYCODE_ID, TENANT_TYPE, FRANCHISEEINFO_GST, RECORD_CREATE_DATE, NOCHARGE, PAYMENTOPTIONS, PAYROLLPERCENTAGEFEE, PAYROLLSOLDBYPAYCODENEW, ADDRESS_LONGITUDE, ADDRESS_ZIP, CREATEDON, INTEGRATEDREFUNDS_ID, JOBBOOKEDALERTRECIPIENTS, NAVISIONOVERTIMEEARNINGCODE, PAYROLLINVOICEBONUSPAYCODE_ID, ACTIVE, ADDRESS_STATE, AUTHORIZATIONAGREEMENT_ORIGINALFILENAME, ENABLEWORKORDERS, MATERIALSKU_ID, NAVISIONSTANDARDTIMEEARNINGCODE, PAYROLLJOBHOURSSTPAYCODE, POSTDATE, ADDRESS_ISMILITARY, ADDRESS_LATITUDE, ADDRESS_UNIT, CALIFORNIACOMPLIANTCONTRACTDOCUMENTS, ENABLEWORKORDERSEQUIPMENTFORMATTING, HIDEPRICES, INVOICEHEADER, COMMISSIONCALCULATION, EMAIL, FRANCHISEEINFO_TRUCKSOPERATING, PAYROLLIDLETIMESTANDARDPAYCODE_ID, PAYROLLIDLETIMESTPAYCODE, TRADE_ID, AUTHORIZATIONAGREEMENT_FILENAME, SERVICEFINANCEDEALERID, WORLDPAYMERCHANTPIN, BCCEMAIL, OFFERWORKERSCOMPENSATION, NAVISIONGLCODE, WORLDPAYSUBID, ACKNOWLEDGEMENTAGREEMENT_FILENAME, ACTIVATIONLOCKED, DIVISIONNAME, FINANCEITAUTHTOKEN, FRANCHISEEINFO_PIVOTALNUMBER, INSURANCECOMPANYNAME, PAYROLLWEIGHTEDOVERTIMEPAYCODE_ID, TURNSCONTRACTORID, FRANCHISEEINFO_NAME, MINIMUMROYALTYFEE, PAYROLLEXPENSEDEDUCTIONTRIGGER, PAYROLLPERCENTAGEFEEMINIMUM, RECORD_UPDATED_BY, SERVICEFINANCEDEALERNAME, ESTIMATEAUTHORIZATIONPARAGRAPH, TURNOVERMINIMUMTHRESHOLD, PAYROLLIDLETIMEOVERTIMEPAYCODE_ID, RECORD_UPDATE_DATE, ACKNOWLEDGEMENTPARAGRAPH, ADDRESS_ISMANUALCOORDINATES, INVOICEMESSAGE, MATERIALSKUREFERENCE_SKUID, MATERIALSKUREFERENCE_SKUTYPE, PAYROLLIDLETIMEOTPAYCODE, PAYROLLJOBHOURSOTPAYCODE, PAYROLLJOBHOURSOVERTIMEPAYCODE_ID, CONSTRUCTION, CORPORATECONTRACTNUMBER, DATA, NOCHARGECOMMERCIAL, NOCHARGERESIDENTIAL, PAYROLLTASKBONUSPAYCODE, PAYROLLTASKBONUSPAYCODENEW, QUICKBOOKSROOTSALESACCOUNT, ID, PAYROLLTURNOVERBONUSPAYCODENEW, ADDRESS_CITY, CURRENCY, GOAL, IMPORTID, INSURANCECOMPANYPHONE, PAYROLLTURNOVERBONUSPAYCODE, OFFICIALNAME, PAYROLLFLATFEE, PHONENUMBER, SELLERFEE, THREEDAYCANCELATIONPARAGRAPH, FRANCHISEEINFO_CONTRACT, PAYROLLFLATFEEMINIMUM, PAYROLLWEIGHTEDOTPAYCODE, INTACCTENTITY_ID, EXTERNALID]
Column Name found in Datamart and Curated Table :: ADDRESS_ZIP
Column Name found in Datamart and Curated Table :: CORPORATECONTRACTNUMBER
Column Name found in Datamart and Curated Table :: CREDITCARDPROCESSORLOGIN
Column Name found in Datamart and Curated Table :: DATA
Column Name found in Datamart and Curated Table :: FRANCHISEEINFO_NAME
Column Name found in Datamart and Curated Table :: FRANCHISEEINFO_TRUCKSOPERATING
Column Name found in Datamart and Curated Table :: INVOICEHEADER
Column Name found in Datamart and Curated Table :: MATERIALSKUREFERENCE_SKUTYPE
Column Name found in Datamart and Curated Table :: OFFERWORKERSCOMPENSATION
Column Name found in Datamart and Curated Table :: PAYROLLIDLETIMEDOUBLEOVERTIMEPAYCODE_ID
Column Name found in Datamart and Curated Table :: CREATEDBY_ID
Column Name found in Datamart and Curated Table :: FRANCHISEEINFO_COMMENTS
Column Name found in Datamart and Curated Table :: INSURANCECOMPANYPHONE
Column Name found in Datamart and Curated Table :: MATERIALSKU_ID
Column Name found in Datamart and Curated Table :: PAYROLLFLATFEEMINIMUM
Column Name found in Datamart and Curated Table :: SERVICEFINANCEDEALERNAME
Column Name found in Datamart and Curated Table :: PAYROLLSOLDBYPAYCODE
Column Name found in Datamart and Curated Table :: CONSTRUCTION
Column Name found in Datamart and Curated Table :: INSURANCECOMPANYNAME
Column Name found in Datamart and Curated Table :: ENABLEWORKORDERS
Column Name found in Datamart and Curated Table :: FINANCEITACCOUNTEMAIL
Column Name found in Datamart and Curated Table :: PAYROLLTYPE
Column Name found in Datamart and Curated Table :: PHONENUMBER
Column Name found in Datamart and Curated Table :: POSTDATE
Column Name found in Datamart and Curated Table :: TRADE_ID
Column Name found in Datamart and Curated Table :: WORLDPAYSUBID
Column Name found in Datamart and Curated Table :: PAYROLLJOBHOURSSTANDARDPAYCODE_ID
Column Name found in Datamart and Curated Table :: PAYROLLTASKBONUSPAYCODE
Column Name found in Datamart and Curated Table :: PAYROLLJOBHOURSOTPAYCODE
Column Name found in Datamart and Curated Table :: ACTIVATIONLOCKED
Column Name found in Datamart and Curated Table :: ADDRESS_STATE
Column Name found in Datamart and Curated Table :: COMMISSIONCALCULATION
Column Name found in Datamart and Curated Table :: OFFERCOMMERCIALGENERALLIABILITY
Column Name found in Datamart and Curated Table :: PAYROLLTASKBONUSPAYCODENEW
Column Name found in Datamart and Curated Table :: ADDRESS_STREET
Column Name found in Datamart and Curated Table :: JOBBOOKEDALERTRECIPIENTS
Column Name found in Datamart and Curated Table :: MINIMUMROYALTYFEE
Column Name found in Datamart and Curated Table :: QUICKBOOKSROOTSALESACCOUNT
Column Name found in Datamart and Curated Table :: TURNSCONTRACTORID
Column Name found in Datamart and Curated Table :: FRANCHISEEINFO_PIVOTALNUMBER
Column Name found in Datamart and Curated Table :: MEALAPPOINTMENT_ID
Column Name found in Datamart and Curated Table :: NOCHARGECOMMERCIAL
Column Name found in Datamart and Curated Table :: PAYROLLPERCENTAGEFEEMINIMUM
Column Name found in Datamart and Curated Table :: PAYROLLTURNOVERBONUSPAYCODENEW
Column Name found in Datamart and Curated Table :: ADDRESS_ISMILITARY
Column Name found in Datamart and Curated Table :: CURRENCY
Column Name found in Datamart and Curated Table :: OVERTIMEMODE
Column Name found in Datamart and Curated Table :: ADDRESS_LATITUDE
Column Name found in Datamart and Curated Table :: BANKACCOUNTPROCESSOR_ID
Column Name found in Datamart and Curated Table :: DIVISIONNAME
Column Name found in Datamart and Curated Table :: FINANCEITPARTNERID
Column Name found in Datamart and Curated Table :: MODIFIEDON
Column Name found in Datamart and Curated Table :: PAYMENTPROCESSOR
Column Name found in Datamart and Curated Table :: QUICKBOOKSCLASS
Column Name found in Datamart and Curated Table :: SERVICEFINANCEDEALERID
Column Name found in Datamart and Curated Table :: WORLDPAYACCOUNTID
Column Name found in Datamart and Curated Table :: AUTHORIZATIONAGREEMENT_ORIGINALFILENAME
Column Name found in Datamart and Curated Table :: CREATEDON
Column Name found in Datamart and Curated Table :: DIVISION_ID
Column Name found in Datamart and Curated Table :: ENABLEWORKORDERSEQUIPMENTFORMATTING
Column Name found in Datamart and Curated Table :: ESTIMATEAUTHORIZATIONPARAGRAPH
Column Name found in Datamart and Curated Table :: HIDEPRICES
Column Name found in Datamart and Curated Table :: NAME
Column Name found in Datamart and Curated Table :: NAVISIONOVERTIMEEARNINGCODE
Column Name found in Datamart and Curated Table :: NOCHARGE
Column Name found in Datamart and Curated Table :: PAYMENTOPTIONS
Column Name found in Datamart and Curated Table :: PAYROLLSOLDBYPAYCODENEW
Column Name found in Datamart and Curated Table :: PAYROLLTURNOVERBONUSPAYCODE
Column Name found in Datamart and Curated Table :: PAYROLLIDLETIMESTANDARDPAYCODE_ID
Column Name found in Datamart and Curated Table :: THREEDAYCANCELATIONPARAGRAPH
Column Name found in Datamart and Curated Table :: PAYROLLWEIGHTEDOVERTIMEPAYCODE_ID
Column Name found in Datamart and Curated Table :: AUTHORIZATIONPARAGRAPH
Column Name found in Datamart and Curated Table :: ACKNOWLEDGEMENTAGREEMENT_FILENAME
Column Name found in Datamart and Curated Table :: ADDRESS_CITY
Column Name found in Datamart and Curated Table :: ADDRESS_ISMANUALCOORDINATES
Column Name found in Datamart and Curated Table :: ADDRESS_UNIT
Column Name found in Datamart and Curated Table :: CALIFORNIACOMPLIANTCONTRACTDOCUMENTS
Column Name found in Datamart and Curated Table :: EMAIL
Column Name found in Datamart and Curated Table :: IMPORTID
Column Name found in Datamart and Curated Table :: ADDRESS_LONGITUDE
Column Name found in Datamart and Curated Table :: GOAL
Column Name found in Datamart and Curated Table :: OFFICIALNAME
Column Name found in Datamart and Curated Table :: PAYROLLFLATFEE
Column Name found in Datamart and Curated Table :: PAYROLLIDLETIMEOVERTIMEPAYCODE_ID
Column Name found in Datamart and Curated Table :: PAYROLLJOBHOURSDOUBLEOVERTIMEPAYCODE_ID
Column Name found in Datamart and Curated Table :: QUICKBOOKSOAUTHSETTINGS
Column Name found in Datamart and Curated Table :: PAYROLLCOSTMARKUP
Column Name found in Datamart and Curated Table :: TGLBONUS
Column Name found in Datamart and Curated Table :: PAYROLLIDLETIMESTPAYCODE
Column Name found in Datamart and Curated Table :: ACTIVE
Column Name found in Datamart and Curated Table :: ACKNOWLEDGEMENTAGREEMENT_ORIGINALFILENAME
Column Name found in Datamart and Curated Table :: ADDRESS_COUNTRY
Column Name found in Datamart and Curated Table :: AUTHORIZATIONAGREEMENT_FILENAME
Column Name found in Datamart and Curated Table :: CREDITCARDPROCESSORKEY
Column Name found in Datamart and Curated Table :: CREDITCARDPROCESSOR_ID
Column Name found in Datamart and Curated Table :: FINANCEITAUTHTOKEN
Column Name found in Datamart and Curated Table :: FRANCHISEEINFO_CONTRACT
Column Name found in Datamart and Curated Table :: INVOICEMESSAGE
Column Name found in Datamart and Curated Table :: NAVISIONSTANDARDTIMEEARNINGCODE
Column Name found in Datamart and Curated Table :: PAYROLLEXPENSEDEDUCTIONTRIGGER
Column Name found in Datamart and Curated Table :: PAYROLLIDLETIMEOTPAYCODE
Column Name found in Datamart and Curated Table :: PAYROLLWEIGHTEDOTPAYCODE
Column Name found in Datamart and Curated Table :: DEFAULTTAXRATE
Column Name found in Datamart and Curated Table :: ID
Column Name found in Datamart and Curated Table :: PAYROLLPERCENTAGEFEE
Column Name found in Datamart and Curated Table :: PAYROLLJOBHOURSOVERTIMEPAYCODE_ID
Column Name found in Datamart and Curated Table :: WARRANTYRATE
Column Name found in Datamart and Curated Table :: GREENSKYMERCHANTID
Column Name found in Datamart and Curated Table :: PAYROLLJOBHOURSSTPAYCODE
Column Name found in Datamart and Curated Table :: LOGO
Column Name found in Datamart and Curated Table :: NAVISIONGLCODE
Column Name found in Datamart and Curated Table :: SELLERFEE
Column Name found in Datamart and Curated Table :: ACKNOWLEDGEMENTPARAGRAPH
Column Name found in Datamart and Curated Table :: EXTERNALID
Column Name found in Datamart and Curated Table :: HVACDASHBOARDSECTIONS
Column Name found in Datamart and Curated Table :: INTACCTENTITY_ID
Column Name found in Datamart and Curated Table :: FRANCHISEEINFO_GST
Column Name found in Datamart and Curated Table :: LICENSENUMBER
Column Name found in Datamart and Curated Table :: NOCHARGERESIDENTIAL
Column Name found in Datamart and Curated Table :: INTEGRATEDREFUNDS_ID
Column Name found in Datamart and Curated Table :: MATERIALSKUREFERENCE_SKUID
Column Name found in Datamart and Curated Table :: TURNOVERMINIMUMTHRESHOLD
Column Name found in Datamart and Curated Table :: PAYROLLINVOICEBONUSPAYCODE_ID
Column Name found in Datamart and Curated Table :: WORLDPAYMERCHANTPIN
Column Name found in Datamart and Curated Table :: TENANT_TYPE
Datamart tables contains additional column name like [ACTIVE_FLAG, RECORD_CREATE_DATE, RECORD_UPDATE_DATE, MASTER_ID]
Curated tables contains additional column name like [RECORD_CREATE_DATE, RECORD_UPDATE_DATE, RECORD_UPDATED_BY]]]>
  </system-out>
  <testcase classname="testcases.RAW_DATAMART_CURATED.SnowFlake_ColumnValidation_APITables" name="validateColumnName_BKP" time="2.292"/>
  <system-out>
    <![CDATA[Executing Snowflake query :: SELECT COLUMN_NAME FROM DEV_ENT_RAW.INFORMATION_SCHEMA.COLUMNS WHERE TABLE_NAME='ST_API_JOBCOMPLETIONSURVEY'and TABLE_SCHEMA='API_MAT'
Executing Snowflake query :: SELECT COLUMN_NAME FROM CURATED_DATAMART.INFORMATION_SCHEMA.COLUMNS WHERE TABLE_NAME='STR_API_JOBCOMPLETIONSURVEY'and TABLE_SCHEMA='ST_API_GOLDMEDAL'
Executing Snowflake query :: SELECT COLUMN_NAME FROM DEV_ENT_CURATED.INFORMATION_SCHEMA.COLUMNS WHERE TABLE_NAME='DIM_JOBCOMPLETIONSURVEY'and TABLE_SCHEMA='MASTER_DIMENSIONS'
Column names for RAW Table --> ST_API_JOBCOMPLETIONSURVEY :: [SENTON, ISPLANNINGTOUSEAGAIN, ISROUTINECOMPLETED, MEMO, RECOMMENDATIONS, STATUS, TOKEN, ID, JOBCOMPLETEDON, SUBMITCOUNT, JOBID, MODIFIEDON, COMPLETEDON, RATING, SURVEYTYPE, TENANT_TYPE]
Column names for DataMart Table --> STR_API_JOBCOMPLETIONSURVEY :: [ACTIVE_FLAG, STATUS, ID, RATING, TENANT_TYPE, RECOMMENDATIONS, SURVEYTYPE, TOKEN, MEMO, JOBCOMPLETEDON, MODIFIEDON, SENTON, SUBMITCOUNT, ISROUTINECOMPLETED, RECORD_UPDATE_DATE, MASTER_ID, COMPLETEDON, JOBID, RECORD_CREATE_DATE, ISPLANNINGTOUSEAGAIN]
Column names for Curated Table --> DIM_JOBCOMPLETIONSURVEY :: [ID, JOBCOMPLETEDON, SUBMITCOUNT, ISROUTINECOMPLETED, MEMO, RECORD_UPDATED_BY, STATUS, JOBID, RECORD_UPDATE_DATE, TENANT_TYPE, MODIFIEDON, SURVEYTYPE, COMPLETEDON, ISPLANNINGTOUSEAGAIN, RATING, SENTON, RECOMMENDATIONS, RECORD_CREATE_DATE, TOKEN]
Column Name found in Datamart and Curated Table :: SENTON
Column Name found in Datamart and Curated Table :: ISPLANNINGTOUSEAGAIN
Column Name found in Datamart and Curated Table :: ISROUTINECOMPLETED
Column Name found in Datamart and Curated Table :: MEMO
Column Name found in Datamart and Curated Table :: RECOMMENDATIONS
Column Name found in Datamart and Curated Table :: STATUS
Column Name found in Datamart and Curated Table :: TOKEN
Column Name found in Datamart and Curated Table :: ID
Column Name found in Datamart and Curated Table :: JOBCOMPLETEDON
Column Name found in Datamart and Curated Table :: SUBMITCOUNT
Column Name found in Datamart and Curated Table :: JOBID
Column Name found in Datamart and Curated Table :: MODIFIEDON
Column Name found in Datamart and Curated Table :: COMPLETEDON
Column Name found in Datamart and Curated Table :: RATING
Column Name found in Datamart and Curated Table :: SURVEYTYPE
Column Name found in Datamart and Curated Table :: TENANT_TYPE
Datamart tables contains additional column name like [ACTIVE_FLAG, RECORD_CREATE_DATE, RECORD_UPDATE_DATE, MASTER_ID]
Curated tables contains additional column name like [RECORD_CREATE_DATE, RECORD_UPDATE_DATE, RECORD_UPDATED_BY]]]>
  </system-out>
  <testcase classname="testcases.RAW_DATAMART_CURATED.SnowFlake_ColumnValidation_APITables" name="validateColumnName_BKP" time="3.167"/>
  <system-out>
    <![CDATA[Executing Snowflake query :: SELECT COLUMN_NAME FROM DEV_ENT_RAW.INFORMATION_SCHEMA.COLUMNS WHERE TABLE_NAME='ST_API_HOLDJOBREASON'and TABLE_SCHEMA='API_MAT'
Executing Snowflake query :: SELECT COLUMN_NAME FROM CURATED_DATAMART.INFORMATION_SCHEMA.COLUMNS WHERE TABLE_NAME='STR_API_HOLDJOBREASON'and TABLE_SCHEMA='ST_API_HORIZONSERVICES'
Executing Snowflake query :: SELECT COLUMN_NAME FROM DEV_ENT_CURATED.INFORMATION_SCHEMA.COLUMNS WHERE TABLE_NAME='DIM_HOLDJOBREASON'and TABLE_SCHEMA='MASTER_DIMENSIONS'
Column names for RAW Table --> ST_API_HOLDJOBREASON :: [ID, ACTIVE, MODIFIEDON, CREATEDBY_ID, CREATEDON, NAME, IMPORTID, TENANT_TYPE]
Column names for DataMart Table --> STR_API_HOLDJOBREASON :: [IMPORTID, RECORD_UPDATE_DATE, TENANT_TYPE, RECORD_CREATE_DATE, ACTIVE, CREATEDBY_ID, CREATEDON, MASTER_ID, MODIFIEDON, NAME, ACTIVE_FLAG, ID]
Column names for Curated Table --> DIM_HOLDJOBREASON :: [ACTIVE, ID, NAME, RECORD_UPDATED_BY, CREATEDON, MODIFIEDON, RECORD_CREATE_DATE, RECORD_UPDATE_DATE, TENANT_TYPE, IMPORTID, CREATEDBY_ID]
Column Name found in Datamart and Curated Table :: ID
Column Name found in Datamart and Curated Table :: ACTIVE
Column Name found in Datamart and Curated Table :: MODIFIEDON
Column Name found in Datamart and Curated Table :: CREATEDBY_ID
Column Name found in Datamart and Curated Table :: CREATEDON
Column Name found in Datamart and Curated Table :: NAME
Column Name found in Datamart and Curated Table :: IMPORTID
Column Name found in Datamart and Curated Table :: TENANT_TYPE
Datamart tables contains additional column name like [ACTIVE_FLAG, RECORD_CREATE_DATE, RECORD_UPDATE_DATE, MASTER_ID]
Curated tables contains additional column name like [RECORD_CREATE_DATE, RECORD_UPDATE_DATE, RECORD_UPDATED_BY]]]>
  </system-out>
  <testcase classname="testcases.RAW_DATAMART_CURATED.SnowFlake_ColumnValidation_APITables" name="validateColumnName_BKP" time="3.166"/>
  <system-out>
    <![CDATA[Executing Snowflake query :: SELECT COLUMN_NAME FROM DEV_ENT_RAW.INFORMATION_SCHEMA.COLUMNS WHERE TABLE_NAME='ST_API_CATEGORY'and TABLE_SCHEMA='API_MAT'
Executing Snowflake query :: SELECT COLUMN_NAME FROM CURATED_DATAMART.INFORMATION_SCHEMA.COLUMNS WHERE TABLE_NAME='STR_API_CATEGORY'and TABLE_SCHEMA='ST_API_GOLDMEDAL'
Executing Snowflake query :: SELECT COLUMN_NAME FROM DEV_ENT_CURATED.INFORMATION_SCHEMA.COLUMNS WHERE TABLE_NAME='DIM_CATEGORY'and TABLE_SCHEMA='MASTER_DIMENSIONS'
Column names for RAW Table --> ST_API_CATEGORY :: [SOURCEVERSION, SUPPLIERIMAGES, CREATEDBY_ID, CREATEDON, IMAGE, CATEGORYTYPE, HIDEINMOBILE, ID, IMPORTID, PARENT_ID, BUSINESSUNIT_ID, SOURCE, ACTIVE, AVALARACOMMERCIALTAXCODE, DESCRIPTION, AVALARARESIDENTIALTAXCODE, NAME, SKUIMAGES, POSITION, EXTERNALID, TENANT_TYPE]
Column names for DataMart Table --> STR_API_CATEGORY :: [ACTIVE_FLAG, CREATEDBY_ID, IMAGE, SKUIMAGES, SOURCE, PARENT_ID, DESCRIPTION, AVALARACOMMERCIALTAXCODE, CREATEDON, HIDEINMOBILE, ID, MASTER_ID, POSITION, SOURCEVERSION, TENANT_TYPE, RECORD_UPDATE_DATE, RECORD_CREATE_DATE, BUSINESSUNIT_ID, IMPORTID, ACTIVE, EXTERNALID, SUPPLIERIMAGES, AVALARARESIDENTIALTAXCODE, CATEGORYTYPE, NAME]
Column names for Curated Table --> DIM_CATEGORY :: [AVALARARESIDENTIALTAXCODE, POSITION, SOURCEVERSION, IMAGE, ACTIVE, IMPORTID, NAME, SKUIMAGES, CREATEDBY_ID, PARENT_ID, SOURCE, DESCRIPTION, EXTERNALID, SUPPLIERIMAGES, AVALARACOMMERCIALTAXCODE, BUSINESSUNIT_ID, CATEGORYTYPE, ID, RECORD_UPDATE_DATE, TENANT_TYPE, RECORD_UPDATED_BY, CREATEDON, HIDEINMOBILE, RECORD_CREATE_DATE]
Column Name found in Datamart and Curated Table :: SOURCEVERSION
Column Name found in Datamart and Curated Table :: SUPPLIERIMAGES
Column Name found in Datamart and Curated Table :: CREATEDBY_ID
Column Name found in Datamart and Curated Table :: CREATEDON
Column Name found in Datamart and Curated Table :: IMAGE
Column Name found in Datamart and Curated Table :: CATEGORYTYPE
Column Name found in Datamart and Curated Table :: HIDEINMOBILE
Column Name found in Datamart and Curated Table :: ID
Column Name found in Datamart and Curated Table :: IMPORTID
Column Name found in Datamart and Curated Table :: PARENT_ID
Column Name found in Datamart and Curated Table :: BUSINESSUNIT_ID
Column Name found in Datamart and Curated Table :: SOURCE
Column Name found in Datamart and Curated Table :: ACTIVE
Column Name found in Datamart and Curated Table :: AVALARACOMMERCIALTAXCODE
Column Name found in Datamart and Curated Table :: DESCRIPTION
Column Name found in Datamart and Curated Table :: AVALARARESIDENTIALTAXCODE
Column Name found in Datamart and Curated Table :: NAME
Column Name found in Datamart and Curated Table :: SKUIMAGES
Column Name found in Datamart and Curated Table :: POSITION
Column Name found in Datamart and Curated Table :: EXTERNALID
Column Name found in Datamart and Curated Table :: TENANT_TYPE
Datamart tables contains additional column name like [ACTIVE_FLAG, RECORD_CREATE_DATE, RECORD_UPDATE_DATE, MASTER_ID]
Curated tables contains additional column name like [RECORD_CREATE_DATE, RECORD_UPDATE_DATE, RECORD_UPDATED_BY]]]>
  </system-out>
  <testcase classname="testcases.RAW_DATAMART_CURATED.SnowFlake_ColumnValidation_APITables" name="validateColumnName_BKP" time="2.887"/>
  <system-out>
    <![CDATA[Executing Snowflake query :: SELECT COLUMN_NAME FROM DEV_ENT_RAW.INFORMATION_SCHEMA.COLUMNS WHERE TABLE_NAME='ST_API_TAG'and TABLE_SCHEMA='API_MAT'
Executing Snowflake query :: SELECT COLUMN_NAME FROM CURATED_DATAMART.INFORMATION_SCHEMA.COLUMNS WHERE TABLE_NAME='STR_API_TAG'and TABLE_SCHEMA='ST_API_HDAIR'
Executing Snowflake query :: SELECT COLUMN_NAME FROM DEV_ENT_CURATED.INFORMATION_SCHEMA.COLUMNS WHERE TABLE_NAME='DIM_TAG'and TABLE_SCHEMA='MASTER_DIMENSIONS'
Column names for RAW Table --> ST_API_TAG :: [MEMO, GENERATEDFOREXTERNAL, REMOVEDON, GENERATEDFOR_ID, REMOVEDBY_ID, MODIFIEDON, OWNER_ID, CREATEDBY_ID, CREATEDON, IMPORTID, ACTIVE, ID, TYPE_ID, TENANT_TYPE]
Column names for DataMart Table --> STR_API_TAG :: [ACTIVE_FLAG, REMOVEDON, GENERATEDFOREXTERNAL, RECORD_CREATE_DATE, RECORD_UPDATE_DATE, TYPE_ID, GENERATEDFOR_ID, ACTIVE, SOURCE_PKEY_SPK, CREATEDON, MEMO, CREATEDBY_ID, MASTER_ID, ID, TENANT_TYPE, OWNER_ID, IMPORTID, MODIFIEDON, REMOVEDBY_ID]
Column names for Curated Table --> DIM_TAG :: [ACTIVE_FLAG, RECORD_CREATE_DATE, CREATEDON, RECORD_UPDATE_DATE, SOURCE_PKEY_SPK, GENERATEDFOR_ID, GENERATEDFOREXTERNAL, TYPE_ID, ACTIVE, CREATEDBY_ID, ID, MODIFIEDON, OWNER_ID, REMOVEDBY_ID, REMOVEDON, MEMO, RECORD_UPDATED_BY, IMPORTID, TENANT_TYPE]
Column Name found in Datamart and Curated Table :: MEMO
Column Name found in Datamart and Curated Table :: GENERATEDFOREXTERNAL
Column Name found in Datamart and Curated Table :: REMOVEDON
Column Name found in Datamart and Curated Table :: GENERATEDFOR_ID
Column Name found in Datamart and Curated Table :: REMOVEDBY_ID
Column Name found in Datamart and Curated Table :: MODIFIEDON
Column Name found in Datamart and Curated Table :: OWNER_ID
Column Name found in Datamart and Curated Table :: CREATEDBY_ID
Column Name found in Datamart and Curated Table :: CREATEDON
Column Name found in Datamart and Curated Table :: IMPORTID
Column Name found in Datamart and Curated Table :: ACTIVE
Column Name found in Datamart and Curated Table :: ID
Column Name found in Datamart and Curated Table :: TYPE_ID
Column Name found in Datamart and Curated Table :: TENANT_TYPE
Datamart tables contains additional column name like [ACTIVE_FLAG, RECORD_CREATE_DATE, RECORD_UPDATE_DATE, MASTER_ID]
Curated tables contains additional column name like [RECORD_CREATE_DATE, RECORD_UPDATE_DATE, RECORD_UPDATED_BY]]]>
  </system-out>
  <testcase classname="testcases.RAW_DATAMART_CURATED.SnowFlake_ColumnValidation_APITables" name="validateColumnName_BKP" time="2.447"/>
  <system-out>
    <![CDATA[Executing Snowflake query :: SELECT COLUMN_NAME FROM DEV_ENT_RAW.INFORMATION_SCHEMA.COLUMNS WHERE TABLE_NAME='ST_API_SERVICE'and TABLE_SCHEMA='API_MAT'
Executing Snowflake query :: SELECT COLUMN_NAME FROM CURATED_DATAMART.INFORMATION_SCHEMA.COLUMNS WHERE TABLE_NAME='STR_API_SERVICE'and TABLE_SCHEMA='ST_API_HUTCHINSON'
Executing Snowflake query :: SELECT COLUMN_NAME FROM DEV_ENT_CURATED.INFORMATION_SCHEMA.COLUMNS WHERE TABLE_NAME='DIM_SERVICE'and TABLE_SCHEMA='MASTER_DIMENSIONS'
Column names for RAW Table --> ST_API_SERVICE :: [BASERATE1, CATEGORY_ID, ID, MEMBERSHIP, QBITEMNAME, SYNCDATE, ACCOUNT, ACTIVE, ALLOWDISCOUNTS, BASERATE3, NOTAX, GENERATEDTAGTARGETS, MEMBERSHIPTYPE_ID, ORIGINAL_ID, ADDONPRICE, ISOTTASK, MEMBERSHIPACTION, AVALARACOMMERCIALTAXCODE, BUSINESSUNIT_ID, EXTERNALID, MEMBERSHIPYEARS, PRICE, SOLDBYCOMMISSION, DISPATCHFEE, ADDONFLATAMOUNT, COMMISSIONBONUS, DISPLAYNAME, HOURS, ISDEFERREDREVENUE, WARRANTY_DURATION, PURCHASEORDERLIMITS_FLATAMOUNT, WORKFLOWACTION_ID, BASERATE2, CROSSSALEGROUP, MODIFIEDON, MINIMUMLABORHOURS, NAME, PURCHASEORDERLIMITS_REVENUEPERCENT, IMPORTID, ADDONMEMBERPRICE, ALLOWAPPLYTAGSTOENTITIES, BONUS, GENERALLEDGERACCOUNT_ID, PAYSCOMMISSION, COST, EXCLUDEFROMPRICEBOOKWIZARD, IMAGES, LOYALTYPROGRAMELIGIBLE, SCHEDULEDFLATAMOUNT, SOURCEVERSION, TAXABLE, MEMBERPRICE, ARCHIVED, AUTOGLASSTYPE, AVALARARESIDENTIALTAXCODE, CREATEDON, DESCRIPTION, ISTIMEANDMATERIAL, MEMBERSHIPMONTHS, PAYSFLATAMOUNT, PAYTECHSPECIFICBONUS, PROVIDER_ID, COPIEDFROM_ID, DISPLAYINAMOUNT, SOURCE, SUPPLIERIMAGES, CREATEDBY_ID, ISLABOR, PAYSSOLDBYRATE, WARRANTY_DESCRIPTION, RECURRINGSERVICETYPE_ID, TENANT_TYPE]
Column names for DataMart Table --> STR_API_SERVICE :: [ALLOWDISCOUNTS, AUTOGLASSTYPE, SOURCE, PAYSFLATAMOUNT, WARRANTY_DURATION, WORKFLOWACTION_ID, MEMBERSHIPTYPE_ID, ACTIVE, ADDONMEMBERPRICE, ADDONPRICE, AVALARARESIDENTIALTAXCODE, BASERATE2, COMMISSIONBONUS, ISOTTASK, SOURCEVERSION, BASERATE3, ISTIMEANDMATERIAL, MINIMUMLABORHOURS, MODIFIEDON, NAME, PAYSCOMMISSION, PAYSSOLDBYRATE, PRICE, RECORD_CREATE_DATE, EXTERNALID, GENERALLEDGERACCOUNT_ID, MEMBERPRICE, ORIGINAL_ID, IMPORTID, MEMBERSHIPACTION, RECORD_UPDATE_DATE, RECURRINGSERVICETYPE_ID, SCHEDULEDFLATAMOUNT, SYNCDATE, CREATEDBY_ID, DISPATCHFEE, EXCLUDEFROMPRICEBOOKWIZARD, ID, ISLABOR, TAXABLE, GENERATEDTAGTARGETS, SUPPLIERIMAGES, ACTIVE_FLAG, BASERATE1, CREATEDON, CROSSSALEGROUP, DESCRIPTION, PURCHASEORDERLIMITS_FLATAMOUNT, MEMBERSHIPMONTHS, TENANT_TYPE, ADDONFLATAMOUNT, DISPLAYINAMOUNT, MEMBERSHIPYEARS, NOTAX, PAYTECHSPECIFICBONUS, SOLDBYCOMMISSION, ACCOUNT, AVALARACOMMERCIALTAXCODE, BUSINESSUNIT_ID, CATEGORY_ID, COPIEDFROM_ID, MEMBERSHIP, PURCHASEORDERLIMITS_REVENUEPERCENT, BONUS, HOURS, PROVIDER_ID, DISPLAYNAME, QBITEMNAME, ALLOWAPPLYTAGSTOENTITIES, IMAGES, ISDEFERREDREVENUE, LOYALTYPROGRAMELIGIBLE, WARRANTY_DESCRIPTION, ARCHIVED, COST, MASTER_ID]
Column names for Curated Table --> DIM_SERVICE :: [ACCOUNT, ALLOWDISCOUNTS, BASERATE3, DESCRIPTION, DISPATCHFEE, ISOTTASK, MEMBERSHIP, SOLDBYCOMMISSION, DISPLAYNAME, AUTOGLASSTYPE, AVALARACOMMERCIALTAXCODE, BUSINESSUNIT_ID, COMMISSIONBONUS, NOTAX, EXTERNALID, PRICE, CATEGORY_ID, CREATEDON, CROSSSALEGROUP, MEMBERSHIPYEARS, PAYSFLATAMOUNT, PAYSSOLDBYRATE, WARRANTY_DURATION, MODIFIEDON, RECORD_CREATE_DATE, TAXABLE, MEMBERSHIPACTION, ADDONMEMBERPRICE, BONUS, COPIEDFROM_ID, ISDEFERREDREVENUE, SOURCE, ARCHIVED, BASERATE1, PURCHASEORDERLIMITS_REVENUEPERCENT, RECURRINGSERVICETYPE_ID, SOURCEVERSION, ALLOWAPPLYTAGSTOENTITIES, AVALARARESIDENTIALTAXCODE, DISPLAYINAMOUNT, GENERATEDTAGTARGETS, ISTIMEANDMATERIAL, PROVIDER_ID, ADDONFLATAMOUNT, COST, GENERALLEDGERACCOUNT_ID, MEMBERSHIPTYPE_ID, QBITEMNAME, WARRANTY_DESCRIPTION, EXCLUDEFROMPRICEBOOKWIZARD, ID, IMAGES, RECORD_UPDATED_BY, RECORD_UPDATE_DATE, NAME, ACTIVE, ADDONPRICE, LOYALTYPROGRAMELIGIBLE, PAYTECHSPECIFICBONUS, SUPPLIERIMAGES, HOURS, IMPORTID, MINIMUMLABORHOURS, PAYSCOMMISSION, WORKFLOWACTION_ID, MEMBERPRICE, BASERATE2, CREATEDBY_ID, MEMBERSHIPMONTHS, ORIGINAL_ID, SYNCDATE, ISLABOR, PURCHASEORDERLIMITS_FLATAMOUNT, TENANT_TYPE, SCHEDULEDFLATAMOUNT]
Column Name found in Datamart and Curated Table :: BASERATE1
Column Name found in Datamart and Curated Table :: CATEGORY_ID
Column Name found in Datamart and Curated Table :: ID
Column Name found in Datamart and Curated Table :: MEMBERSHIP
Column Name found in Datamart and Curated Table :: QBITEMNAME
Column Name found in Datamart and Curated Table :: SYNCDATE
Column Name found in Datamart and Curated Table :: ACCOUNT
Column Name found in Datamart and Curated Table :: ACTIVE
Column Name found in Datamart and Curated Table :: ALLOWDISCOUNTS
Column Name found in Datamart and Curated Table :: BASERATE3
Column Name found in Datamart and Curated Table :: NOTAX
Column Name found in Datamart and Curated Table :: GENERATEDTAGTARGETS
Column Name found in Datamart and Curated Table :: MEMBERSHIPTYPE_ID
Column Name found in Datamart and Curated Table :: ORIGINAL_ID
Column Name found in Datamart and Curated Table :: ADDONPRICE
Column Name found in Datamart and Curated Table :: ISOTTASK
Column Name found in Datamart and Curated Table :: MEMBERSHIPACTION
Column Name found in Datamart and Curated Table :: AVALARACOMMERCIALTAXCODE
Column Name found in Datamart and Curated Table :: BUSINESSUNIT_ID
Column Name found in Datamart and Curated Table :: EXTERNALID
Column Name found in Datamart and Curated Table :: MEMBERSHIPYEARS
Column Name found in Datamart and Curated Table :: PRICE
Column Name found in Datamart and Curated Table :: SOLDBYCOMMISSION
Column Name found in Datamart and Curated Table :: DISPATCHFEE
Column Name found in Datamart and Curated Table :: ADDONFLATAMOUNT
Column Name found in Datamart and Curated Table :: COMMISSIONBONUS
Column Name found in Datamart and Curated Table :: DISPLAYNAME
Column Name found in Datamart and Curated Table :: HOURS
Column Name found in Datamart and Curated Table :: ISDEFERREDREVENUE
Column Name found in Datamart and Curated Table :: WARRANTY_DURATION
Column Name found in Datamart and Curated Table :: PURCHASEORDERLIMITS_FLATAMOUNT
Column Name found in Datamart and Curated Table :: WORKFLOWACTION_ID
Column Name found in Datamart and Curated Table :: BASERATE2
Column Name found in Datamart and Curated Table :: CROSSSALEGROUP
Column Name found in Datamart and Curated Table :: MODIFIEDON
Column Name found in Datamart and Curated Table :: MINIMUMLABORHOURS
Column Name found in Datamart and Curated Table :: NAME
Column Name found in Datamart and Curated Table :: PURCHASEORDERLIMITS_REVENUEPERCENT
Column Name found in Datamart and Curated Table :: IMPORTID
Column Name found in Datamart and Curated Table :: ADDONMEMBERPRICE
Column Name found in Datamart and Curated Table :: ALLOWAPPLYTAGSTOENTITIES
Column Name found in Datamart and Curated Table :: BONUS
Column Name found in Datamart and Curated Table :: GENERALLEDGERACCOUNT_ID
Column Name found in Datamart and Curated Table :: PAYSCOMMISSION
Column Name found in Datamart and Curated Table :: COST
Column Name found in Datamart and Curated Table :: EXCLUDEFROMPRICEBOOKWIZARD
Column Name found in Datamart and Curated Table :: IMAGES
Column Name found in Datamart and Curated Table :: LOYALTYPROGRAMELIGIBLE
Column Name found in Datamart and Curated Table :: SCHEDULEDFLATAMOUNT
Column Name found in Datamart and Curated Table :: SOURCEVERSION
Column Name found in Datamart and Curated Table :: TAXABLE
Column Name found in Datamart and Curated Table :: MEMBERPRICE
Column Name found in Datamart and Curated Table :: ARCHIVED
Column Name found in Datamart and Curated Table :: AUTOGLASSTYPE
Column Name found in Datamart and Curated Table :: AVALARARESIDENTIALTAXCODE
Column Name found in Datamart and Curated Table :: CREATEDON
Column Name found in Datamart and Curated Table :: DESCRIPTION
Column Name found in Datamart and Curated Table :: ISTIMEANDMATERIAL
Column Name found in Datamart and Curated Table :: MEMBERSHIPMONTHS
Column Name found in Datamart and Curated Table :: PAYSFLATAMOUNT
Column Name found in Datamart and Curated Table :: PAYTECHSPECIFICBONUS
Column Name found in Datamart and Curated Table :: PROVIDER_ID
Column Name found in Datamart and Curated Table :: COPIEDFROM_ID
Column Name found in Datamart and Curated Table :: DISPLAYINAMOUNT
Column Name found in Datamart and Curated Table :: SOURCE
Column Name found in Datamart and Curated Table :: SUPPLIERIMAGES
Column Name found in Datamart and Curated Table :: CREATEDBY_ID
Column Name found in Datamart and Curated Table :: ISLABOR
Column Name found in Datamart and Curated Table :: PAYSSOLDBYRATE
Column Name found in Datamart and Curated Table :: WARRANTY_DESCRIPTION
Column Name found in Datamart and Curated Table :: RECURRINGSERVICETYPE_ID
Column Name found in Datamart and Curated Table :: TENANT_TYPE
Datamart tables contains additional column name like [ACTIVE_FLAG, RECORD_CREATE_DATE, RECORD_UPDATE_DATE, MASTER_ID]
Curated tables contains additional column name like [RECORD_CREATE_DATE, RECORD_UPDATE_DATE, RECORD_UPDATED_BY]]]>
  </system-out>
  <testcase classname="testcases.RAW_DATAMART_CURATED.SnowFlake_ColumnValidation_APITables" name="validateColumnName_BKP" time="2.551"/>
  <system-out>
    <![CDATA[Executing Snowflake query :: SELECT COLUMN_NAME FROM DEV_ENT_RAW.INFORMATION_SCHEMA.COLUMNS WHERE TABLE_NAME='ST_API_NONJOBAPPOINTMENT'and TABLE_SCHEMA='API_MAT'
Executing Snowflake query :: SELECT COLUMN_NAME FROM CURATED_DATAMART.INFORMATION_SCHEMA.COLUMNS WHERE TABLE_NAME='STR_API_NONJOBAPPOINTMENT'and TABLE_SCHEMA='ST_API_CASTEEL'
Executing Snowflake query :: SELECT COLUMN_NAME FROM DEV_ENT_CURATED.INFORMATION_SCHEMA.COLUMNS WHERE TABLE_NAME='DIM_NONJOBAPPOINTMENT'and TABLE_SCHEMA='MASTER_DIMENSIONS'
Column names for RAW Table --> ST_API_NONJOBAPPOINTMENT :: [CREATEDBY_ID, IMPORTID, ALLDAY, DEFINITION_ID, ISCOMPLETED, TIMESHEETCODE_ID, CLEARDISPATCHBOARD, ACTIVE, CLEARTECHNICIANVIEW, REMOVETECHNICIANFROMCAPACITYPLANNING, SUMMARY, ID, TECHNICIAN_ID, CREATEDON, TIMESHEET_ID, NAME, EXPECTEDDURATION, START, DURATION, TENANT_TYPE]
Column names for DataMart Table --> STR_API_NONJOBAPPOINTMENT :: [ALLDAY, DURATION, ID, RECORD_CREATE_DATE, TIMESHEETCODE_ID, CLEARDISPATCHBOARD, IMPORTID, SUMMARY, ACTIVE_FLAG, EXPECTEDDURATION, REMOVETECHNICIANFROMCAPACITYPLANNING, MASTER_ID, TECHNICIAN_ID, ISCOMPLETED, RECORD_UPDATE_DATE, TENANT_TYPE, ACTIVE, CREATEDON, NAME, TIMESHEET_ID, START, CLEARTECHNICIANVIEW, CREATEDBY_ID, DEFINITION_ID]
Column names for Curated Table --> DIM_NONJOBAPPOINTMENT :: [IMPORTID, RECORD_UPDATE_DATE, TIMESHEET_ID, ID, ISCOMPLETED, CREATEDON, RECORD_UPDATED_BY, START, CLEARTECHNICIANVIEW, DURATION, EXPECTEDDURATION, ALLDAY, CLEARDISPATCHBOARD, RECORD_CREATE_DATE, TENANT_TYPE, TIMESHEETCODE_ID, NAME, DEFINITION_ID, SUMMARY, ACTIVE, CREATEDBY_ID, REMOVETECHNICIANFROMCAPACITYPLANNING, TECHNICIAN_ID]
Column Name found in Datamart and Curated Table :: CREATEDBY_ID
Column Name found in Datamart and Curated Table :: IMPORTID
Column Name found in Datamart and Curated Table :: ALLDAY
Column Name found in Datamart and Curated Table :: DEFINITION_ID
Column Name found in Datamart and Curated Table :: ISCOMPLETED
Column Name found in Datamart and Curated Table :: TIMESHEETCODE_ID
Column Name found in Datamart and Curated Table :: CLEARDISPATCHBOARD
Column Name found in Datamart and Curated Table :: ACTIVE
Column Name found in Datamart and Curated Table :: CLEARTECHNICIANVIEW
Column Name found in Datamart and Curated Table :: REMOVETECHNICIANFROMCAPACITYPLANNING
Column Name found in Datamart and Curated Table :: SUMMARY
Column Name found in Datamart and Curated Table :: ID
Column Name found in Datamart and Curated Table :: TECHNICIAN_ID
Column Name found in Datamart and Curated Table :: CREATEDON
Column Name found in Datamart and Curated Table :: TIMESHEET_ID
Column Name found in Datamart and Curated Table :: NAME
Column Name found in Datamart and Curated Table :: EXPECTEDDURATION
Column Name found in Datamart and Curated Table :: START
Column Name found in Datamart and Curated Table :: DURATION
Column Name found in Datamart and Curated Table :: TENANT_TYPE
Datamart tables contains additional column name like [ACTIVE_FLAG, RECORD_CREATE_DATE, RECORD_UPDATE_DATE, MASTER_ID]
Curated tables contains additional column name like [RECORD_CREATE_DATE, RECORD_UPDATE_DATE, RECORD_UPDATED_BY]]]>
  </system-out>
  <testcase classname="testcases.RAW_DATAMART_CURATED.SnowFlake_ColumnValidation_APITables" name="validateColumnName_BKP" time="3.351">
    <failure message="The following asserts failed:
	null" type="java.lang.AssertionError">
      <![CDATA[java.lang.AssertionError: The following asserts failed:
null
at org.testng.asserts.SoftAssert.assertAll(SoftAssert.java:47)
at org.testng.asserts.SoftAssert.assertAll(SoftAssert.java:31)
at testcases.RAW_DATAMART_CURATED.SnowFlake_ColumnValidation_APITables.validateColumnName_BKP(SnowFlake_ColumnValidation_APITables.java:128)
at jdk.internal.reflect.GeneratedMethodAccessor38.invoke(Unknown Source)
at java.base/jdk.internal.reflect.DelegatingMethodAccessorImpl.invoke(DelegatingMethodAccessorImpl.java:43)
at java.base/java.lang.reflect.Method.invoke(Method.java:568)
at org.testng.internal.MethodInvocationHelper.invokeMethod(MethodInvocationHelper.java:133)
at org.testng.internal.TestInvoker.invokeMethod(TestInvoker.java:598)
at org.testng.internal.TestInvoker.invokeTestMethod(TestInvoker.java:173)
at org.testng.internal.MethodRunner.runInSequence(MethodRunner.java:46)
at org.testng.internal.TestInvoker$MethodInvocationAgent.invoke(TestInvoker.java:824)
at org.testng.internal.TestInvoker.invokeTestMethods(TestInvoker.java:146)
at org.testng.internal.TestMethodWorker.invokeTestMethods(TestMethodWorker.java:146)
at org.testng.internal.TestMethodWorker.run(TestMethodWorker.java:128)
at java.base/java.util.ArrayList.forEach(ArrayList.java:1511)
at org.testng.TestRunner.privateRun(TestRunner.java:794)
at org.testng.TestRunner.run(TestRunner.java:596)
at org.testng.SuiteRunner.runTest(SuiteRunner.java:377)
at org.testng.SuiteRunner.runSequentially(SuiteRunner.java:371)
at org.testng.SuiteRunner.privateRun(SuiteRunner.java:332)
at org.testng.SuiteRunner.run(SuiteRunner.java:276)
at org.testng.SuiteRunnerWorker.runSuite(SuiteRunnerWorker.java:53)
at org.testng.SuiteRunnerWorker.run(SuiteRunnerWorker.java:96)
at org.testng.TestNG.runSuitesSequentially(TestNG.java:1212)
at org.testng.TestNG.runSuitesLocally(TestNG.java:1134)
at org.testng.TestNG.runSuites(TestNG.java:1063)
at org.testng.TestNG.run(TestNG.java:1031)
at org.testng.remote.AbstractRemoteTestNG.run(AbstractRemoteTestNG.java:115)
at org.testng.remote.RemoteTestNG.initAndRun(RemoteTestNG.java:251)
at org.testng.remote.RemoteTestNG.main(RemoteTestNG.java:77)
]]>
    </failure>
  </testcase> <!-- validateColumnName_BKP -->
  <system-out>
    <![CDATA[Executing Snowflake query :: SELECT COLUMN_NAME FROM DEV_ENT_RAW.INFORMATION_SCHEMA.COLUMNS WHERE TABLE_NAME='ST_API_TECHNICIAN'and TABLE_SCHEMA='API_MAT'
Executing Snowflake query :: SELECT COLUMN_NAME FROM CURATED_DATAMART.INFORMATION_SCHEMA.COLUMNS WHERE TABLE_NAME='STR_API_TECHNICIAN'and TABLE_SCHEMA='ST_API_HENDERSON'
Executing Snowflake query :: SELECT COLUMN_NAME FROM DEV_ENT_CURATED.INFORMATION_SCHEMA.COLUMNS WHERE TABLE_NAME='DIM_TECHNICIAN'and TABLE_SCHEMA='MASTER_DIMENSIONS'
Column names for RAW Table --> ST_API_TECHNICIAN :: [ADDONCREWSPLITCOMMISSIONRATE, ATLASBUTLERTECHNICIANROLE, FIRSTDRIVERULE, HOME_ISMANUALCOORDINATES, NAVISIONEMPLOYEEID, PAYROLLID, PAYROLLPOSTINGGROUP_ID, SALESFACTOR, SALESFORCECONTACTID, PAYROLLREPORTVERSION, STANDARDWORKTYPECODE_ID, MUHULINK, COMMISSIONRATE, HOME_ISMILITARY, LICENSE, GOALIMAGE, IMPORTID, MOBILEPHONECONFIRMED, PAYTYPE, MANAGER_ID, SHIFTSTART, NAME, ADDONSOLOCOMMISSIONRATE, BIO, BUSINESSUNIT_ID, HOME_CITY, ID, ISMANAGEDTECH, PROJECTLABELS, SCHEDULEDSOLOCOMMISSIONRATE, BIRTHDATE, HOME_COUNTRY, PHOTO, TURNOVERBONUS, USER_ID, WILLIAMSTECHNICIANROLE, ZONE_ID, OVERTIMEPROFILE_ID, CREATEDON, TODAYREVENUE_TECHNICIAN, ACTIVE, DEFAULTPAYROLLADJUSTMENTRATE, ISAUTODISPATCHED, LASTNAME, ISEXTERNAL, SHIFTEND, SCHEDULEDCREWSPLITCOMMISSIONRATE, DAILYGOAL, APPOINTMENT_ID, BURDENRATE, HOME_ZIP, PAYROLLSTARTPERIOD, STATUSUPDATEDON, OVERTIMEWORKTYPECODE_ID, PAYROLLPROFILE_ID, PAYROLLROLE, PAYROLLSTARTDATE, SOLDBYRATE, ISEXCLUDEDFROMPAYROLL, COORDINATESUPDATEDON, EMAIL, EMAILCONFIRMED, HOME_LATITUDE, OVERTIMEPAYROLLCONTROLCODE_ID, PAYPERIOD, STANDARDPAYROLLCONTROLCODE_ID, CHECKEDIN, DEFAULTLABORTYPE_ID, JOBFILTER, PAYFREQUENCY_ID, MOBILEPHONE, OUTBOUNDCALLERID, SCHEDULEDMULTITECHCOMMISSIONRATE, STARTDATE, CURRENTVALUE, DEDUCTCOMMUTETIMEFROMFIRSTDRIVE, FIRSTNAME, MEALTIME, MEMO, PHONECONFIRMED, SHOWJOBAPPOINTMENTRESCHEDULEALERT, DISPATCHNOTIFICATIONS, JOB_ID, LATITUDE, MIDDLENAME, ROUTESTATISTICS_TECHNICIAN, CREATEDBY_ID, PHONE, QBREPID, SMARTDISPATCHSETTINGS_TECHNICIAN, STATUS, UNION, HOME_UNIT, HOURLYRATE, INVENTORYWAREHOUSENAME, INVOICINGHOURLYRATE, TYPE, ADDONMULTITECHCOMMISSIONRATE, COLOR, HOME_STATE, MODIFIEDON, OVERALLSALESFACTOR_TECHNICIAN, POSITION, TEAM, COMMUTETIME, HOME_LONGITUDE, HOME_STREET, LOCATION_TECHNICIAN, OVERTIMEMODE, PROJECTEDVALUE, LONGITUDE, TRUCK_ID, TENANT_TYPE]
Column names for DataMart Table --> STR_API_TECHNICIAN :: [ADDONCREWSPLITCOMMISSIONRATE, DAILYGOAL, HOME_CITY, INVENTORYWAREHOUSENAME, LONGITUDE, PHONE, USER_ID, FIRSTNAME, HOME_STATE, HOME_ZIP, PAYROLLREPORTVERSION, PAYTYPE, PROJECTLABELS, SALESFACTOR, STANDARDPAYROLLCONTROLCODE_ID, PAYROLLROLE, WILLIAMSTECHNICIANROLE, SHIFTSTART, ACTIVE_FLAG, CHECKEDIN, COORDINATESUPDATEDON, HOME_ISMANUALCOORDINATES, JOB_ID, MEALTIME, RECORD_UPDATE_DATE, ROUTESTATISTICS_TECHNICIAN, FLEET_ID, GOALIMAGE, HOME_UNIT, MIDDLENAME, PAYROLLPROFILE_ID, SALESFORCECONTACTID, BUSINESSUNIT_ID, HOME_ISMILITARY, OVERALLSALESFACTOR_TECHNICIAN, SHOWJOBAPPOINTMENTRESCHEDULEALERT, SMARTDISPATCHSETTINGS_TECHNICIAN, TODAYREVENUE_TECHNICIAN, SHIFTEND, STANDARDWORKTYPECODE_ID, LASTNAME, STATUSUPDATEDON, TYPE, CURRENTVALUE, ADDONMULTITECHCOMMISSIONRATE, DISPATCHNOTIFICATIONS, EMAILCONFIRMED, HOME_STREET, MANAGER_ID, NAME, OVERTIMEWORKTYPECODE_ID, COLOR, NAVISIONEMPLOYEEID, MOBILEPHONE, ID, ISAUTODISPATCHED, TRUCK_ID, HOURLYRATE, LATITUDE, MUHULINK, SCHEDULEDCREWSPLITCOMMISSIONRATE, SOLDBYRATE, BURDENRATE, DEDUCTCOMMUTETIMEFROMFIRSTDRIVE, FIRSTDRIVERULE, HOME_LATITUDE, OVERTIMEPROFILE_ID, TENANT_TYPE, LICENSE, MASTER_ID, PAYFREQUENCY_ID, PAYROLLID, PROJECTEDVALUE, OVERTIMEMODE, ADDONSOLOCOMMISSIONRATE, APPOINTMENT_ID, ATLASBUTLERTECHNICIANROLE, BIO, COMMUTETIME, CREATEDON, DEFAULTPAYROLLADJUSTMENTRATE, ISMANAGEDTECH, MEMO, MODIFIEDON, PHOTO, DEFAULTLABORTYPE_ID, JOBFILTER, PAYROLLSTARTPERIOD, QBREPID, ZONE_ID, SCHEDULEDSOLOCOMMISSIONRATE, UNION, ACTIVE, BIRTHDATE, COMMISSIONRATE, CREATEDBY_ID, EMAIL, HOME_COUNTRY, HOME_LONGITUDE, IMPORTID, LOCATION_TECHNICIAN, MOBILEPHONECONFIRMED, PAYROLLPOSTINGGROUP_ID, POSITION, OUTBOUNDCALLERID, PAYPERIOD, PAYROLLSTARTDATE, PHONECONFIRMED, RECORD_CREATE_DATE, SCHEDULEDMULTITECHCOMMISSIONRATE, TEAM, TURNOVERBONUS, ISEXTERNAL, OVERTIMEPAYROLLCONTROLCODE_ID, STATUS, STARTDATE, INVOICINGHOURLYRATE]
Column names for Curated Table --> DIM_TECHNICIAN :: [ADDONCREWSPLITCOMMISSIONRATE, COMMUTETIME, DEFAULTLABORTYPE_ID, EMAILCONFIRMED, FIRSTNAME, FLEET_ID, HOME_COUNTRY, HOME_UNIT, MOBILEPHONE, PHONECONFIRMED, ISEXCLUDEDFROMPAYROLL, OVERALLSALESFACTOR_TECHNICIAN, TURNOVERBONUS, PAYPERIOD, PAYROLLROLE, PAYROLLSTARTDATE, BIRTHDATE, HOME_ISMANUALCOORDINATES, HOME_ISMILITARY, INVENTORYWAREHOUSENAME, JOBFILTER, MEMO, PAYFREQUENCY_ID, POSITION, ID, ISAUTODISPATCHED, LICENSE, TEAM, SCHEDULEDCREWSPLITCOMMISSIONRATE, SALESFACTOR, ADDONSOLOCOMMISSIONRATE, CURRENTVALUE, DAILYGOAL, DEDUCTCOMMUTETIMEFROMFIRSTDRIVE, MANAGER_ID, OVERTIMEPROFILE_ID, SHIFTSTART, SHOWJOBAPPOINTMENTRESCHEDULEALERT, SMARTDISPATCHSETTINGS_TECHNICIAN, GOALIMAGE, MODIFIEDON, PAYROLLID, PAYROLLREPORTVERSION, RECORD_CREATE_DATE, TODAYREVENUE_TECHNICIAN, TYPE, PROJECTLABELS, SCHEDULEDSOLOCOMMISSIONRATE, LONGITUDE, ADDONMULTITECHCOMMISSIONRATE, APPOINTMENT_ID, CHECKEDIN, COLOR, CREATEDON, DISPATCHNOTIFICATIONS, IMPORTID, LASTNAME, MOBILEPHONECONFIRMED, STATUSUPDATEDON, ZONE_ID, HOME_STATE, NAME, NAVISIONEMPLOYEEID, PAYROLLPOSTINGGROUP_ID, PHOTO, MEALTIME, PROJECTEDVALUE, STANDARDPAYROLLCONTROLCODE_ID, OVERTIMEMODE, BURDENRATE, FIRSTDRIVERULE, JOB_ID, PAYROLLPROFILE_ID, QBREPID, ROUTESTATISTICS_TECHNICIAN, STARTDATE, TRUCK_ID, USER_ID, STANDARDWORKTYPECODE_ID, MIDDLENAME, COMMISSIONRATE, CREATEDBY_ID, HOME_LONGITUDE, HOME_ZIP, HOURLYRATE, LATITUDE, SCHEDULEDMULTITECHCOMMISSIONRATE, BUSINESSUNIT_ID, OUTBOUNDCALLERID, RECORD_UPDATED_BY, STATUS, MUHULINK, OVERTIMEPAYROLLCONTROLCODE_ID, UNION, PAYTYPE, INVOICINGHOURLYRATE, RECORD_UPDATE_DATE, COORDINATESUPDATEDON, LOCATION_TECHNICIAN, EMAIL, HOME_CITY, ISEXTERNAL, OVERTIMEWORKTYPECODE_ID, PAYROLLSTARTPERIOD, SHIFTEND, WILLIAMSTECHNICIANROLE, TENANT_TYPE, ACTIVE, ATLASBUTLERTECHNICIANROLE, BIO, DEFAULTPAYROLLADJUSTMENTRATE, HOME_LATITUDE, HOME_STREET, ISMANAGEDTECH, PHONE, SALESFORCECONTACTID, SOLDBYRATE]
Column Name found in Datamart and Curated Table :: ADDONCREWSPLITCOMMISSIONRATE
Column Name found in Datamart and Curated Table :: ATLASBUTLERTECHNICIANROLE
Column Name found in Datamart and Curated Table :: FIRSTDRIVERULE
Column Name found in Datamart and Curated Table :: HOME_ISMANUALCOORDINATES
Column Name found in Datamart and Curated Table :: NAVISIONEMPLOYEEID
Column Name found in Datamart and Curated Table :: PAYROLLID
Column Name found in Datamart and Curated Table :: PAYROLLPOSTINGGROUP_ID
Column Name found in Datamart and Curated Table :: SALESFACTOR
Column Name found in Datamart and Curated Table :: SALESFORCECONTACTID
Column Name found in Datamart and Curated Table :: PAYROLLREPORTVERSION
Column Name found in Datamart and Curated Table :: STANDARDWORKTYPECODE_ID
Column Name found in Datamart and Curated Table :: MUHULINK
Column Name found in Datamart and Curated Table :: COMMISSIONRATE
Column Name found in Datamart and Curated Table :: HOME_ISMILITARY
Column Name found in Datamart and Curated Table :: LICENSE
Column Name found in Datamart and Curated Table :: GOALIMAGE
Column Name found in Datamart and Curated Table :: IMPORTID
Column Name found in Datamart and Curated Table :: MOBILEPHONECONFIRMED
Column Name found in Datamart and Curated Table :: PAYTYPE
Column Name found in Datamart and Curated Table :: MANAGER_ID
Column Name found in Datamart and Curated Table :: SHIFTSTART
Column Name found in Datamart and Curated Table :: NAME
Column Name found in Datamart and Curated Table :: ADDONSOLOCOMMISSIONRATE
Column Name found in Datamart and Curated Table :: BIO
Column Name found in Datamart and Curated Table :: BUSINESSUNIT_ID
Column Name found in Datamart and Curated Table :: HOME_CITY
Column Name found in Datamart and Curated Table :: ID
Column Name found in Datamart and Curated Table :: ISMANAGEDTECH
Column Name found in Datamart and Curated Table :: PROJECTLABELS
Column Name found in Datamart and Curated Table :: SCHEDULEDSOLOCOMMISSIONRATE
Column Name found in Datamart and Curated Table :: BIRTHDATE
Column Name found in Datamart and Curated Table :: HOME_COUNTRY
Column Name found in Datamart and Curated Table :: PHOTO
Column Name found in Datamart and Curated Table :: TURNOVERBONUS
Column Name found in Datamart and Curated Table :: USER_ID
Column Name found in Datamart and Curated Table :: WILLIAMSTECHNICIANROLE
Column Name found in Datamart and Curated Table :: ZONE_ID
Column Name found in Datamart and Curated Table :: OVERTIMEPROFILE_ID
Column Name found in Datamart and Curated Table :: CREATEDON
Column Name found in Datamart and Curated Table :: TODAYREVENUE_TECHNICIAN
Column Name found in Datamart and Curated Table :: ACTIVE
Column Name found in Datamart and Curated Table :: DEFAULTPAYROLLADJUSTMENTRATE
Column Name found in Datamart and Curated Table :: ISAUTODISPATCHED
Column Name found in Datamart and Curated Table :: LASTNAME
Column Name found in Datamart and Curated Table :: ISEXTERNAL
Column Name found in Datamart and Curated Table :: SHIFTEND
Column Name found in Datamart and Curated Table :: SCHEDULEDCREWSPLITCOMMISSIONRATE
Column Name found in Datamart and Curated Table :: DAILYGOAL
Column Name found in Datamart and Curated Table :: APPOINTMENT_ID
Column Name found in Datamart and Curated Table :: BURDENRATE
Column Name found in Datamart and Curated Table :: HOME_ZIP
Column Name found in Datamart and Curated Table :: PAYROLLSTARTPERIOD
Column Name found in Datamart and Curated Table :: STATUSUPDATEDON
Column Name found in Datamart and Curated Table :: OVERTIMEWORKTYPECODE_ID
Column Name found in Datamart and Curated Table :: PAYROLLPROFILE_ID
Column Name found in Datamart and Curated Table :: PAYROLLROLE
Column Name found in Datamart and Curated Table :: PAYROLLSTARTDATE
Column Name found in Datamart and Curated Table :: SOLDBYRATE
Column Name not found in Datamart and Curated Table :: ISEXCLUDEDFROMPAYROLL
Column Name found in Datamart and Curated Table :: COORDINATESUPDATEDON
Column Name found in Datamart and Curated Table :: EMAIL
Column Name found in Datamart and Curated Table :: EMAILCONFIRMED
Column Name found in Datamart and Curated Table :: HOME_LATITUDE
Column Name found in Datamart and Curated Table :: OVERTIMEPAYROLLCONTROLCODE_ID
Column Name found in Datamart and Curated Table :: PAYPERIOD
Column Name found in Datamart and Curated Table :: STANDARDPAYROLLCONTROLCODE_ID
Column Name found in Datamart and Curated Table :: CHECKEDIN
Column Name found in Datamart and Curated Table :: DEFAULTLABORTYPE_ID
Column Name found in Datamart and Curated Table :: JOBFILTER
Column Name found in Datamart and Curated Table :: PAYFREQUENCY_ID
Column Name found in Datamart and Curated Table :: MOBILEPHONE
Column Name found in Datamart and Curated Table :: OUTBOUNDCALLERID
Column Name found in Datamart and Curated Table :: SCHEDULEDMULTITECHCOMMISSIONRATE
Column Name found in Datamart and Curated Table :: STARTDATE
Column Name found in Datamart and Curated Table :: CURRENTVALUE
Column Name found in Datamart and Curated Table :: DEDUCTCOMMUTETIMEFROMFIRSTDRIVE
Column Name found in Datamart and Curated Table :: FIRSTNAME
Column Name found in Datamart and Curated Table :: MEALTIME
Column Name found in Datamart and Curated Table :: MEMO
Column Name found in Datamart and Curated Table :: PHONECONFIRMED
Column Name found in Datamart and Curated Table :: SHOWJOBAPPOINTMENTRESCHEDULEALERT
Column Name found in Datamart and Curated Table :: DISPATCHNOTIFICATIONS
Column Name found in Datamart and Curated Table :: JOB_ID
Column Name found in Datamart and Curated Table :: LATITUDE
Column Name found in Datamart and Curated Table :: MIDDLENAME
Column Name found in Datamart and Curated Table :: ROUTESTATISTICS_TECHNICIAN
Column Name found in Datamart and Curated Table :: CREATEDBY_ID
Column Name found in Datamart and Curated Table :: PHONE
Column Name found in Datamart and Curated Table :: QBREPID
Column Name found in Datamart and Curated Table :: SMARTDISPATCHSETTINGS_TECHNICIAN
Column Name found in Datamart and Curated Table :: STATUS
Column Name found in Datamart and Curated Table :: UNION
Column Name found in Datamart and Curated Table :: HOME_UNIT
Column Name found in Datamart and Curated Table :: HOURLYRATE
Column Name found in Datamart and Curated Table :: INVENTORYWAREHOUSENAME
Column Name found in Datamart and Curated Table :: INVOICINGHOURLYRATE
Column Name found in Datamart and Curated Table :: TYPE
Column Name found in Datamart and Curated Table :: ADDONMULTITECHCOMMISSIONRATE
Column Name found in Datamart and Curated Table :: COLOR
Column Name found in Datamart and Curated Table :: HOME_STATE
Column Name found in Datamart and Curated Table :: MODIFIEDON
Column Name found in Datamart and Curated Table :: OVERALLSALESFACTOR_TECHNICIAN
Column Name found in Datamart and Curated Table :: POSITION
Column Name found in Datamart and Curated Table :: TEAM
Column Name found in Datamart and Curated Table :: COMMUTETIME
Column Name found in Datamart and Curated Table :: HOME_LONGITUDE
Column Name found in Datamart and Curated Table :: HOME_STREET
Column Name found in Datamart and Curated Table :: LOCATION_TECHNICIAN
Column Name found in Datamart and Curated Table :: OVERTIMEMODE
Column Name found in Datamart and Curated Table :: PROJECTEDVALUE
Column Name found in Datamart and Curated Table :: LONGITUDE
Column Name found in Datamart and Curated Table :: TRUCK_ID
Column Name found in Datamart and Curated Table :: TENANT_TYPE
Datamart tables contains additional column name like [ACTIVE_FLAG, RECORD_CREATE_DATE, RECORD_UPDATE_DATE, MASTER_ID]
Curated tables contains additional column name like [RECORD_CREATE_DATE, RECORD_UPDATE_DATE, RECORD_UPDATED_BY]]]>
  </system-out>
  <testcase classname="testcases.RAW_DATAMART_CURATED.SnowFlake_ColumnValidation_APITables" name="validateColumnName_BKP" time="2.761"/>
  <system-out>
    <![CDATA[Executing Snowflake query :: SELECT COLUMN_NAME FROM DEV_ENT_RAW.INFORMATION_SCHEMA.COLUMNS WHERE TABLE_NAME='ST_API_HOLDJOBREASON'and TABLE_SCHEMA='API_MAT'
Executing Snowflake query :: SELECT COLUMN_NAME FROM CURATED_DATAMART.INFORMATION_SCHEMA.COLUMNS WHERE TABLE_NAME='STR_API_HOLDJOBREASON'and TABLE_SCHEMA='ST_API_FOURPROS'
Executing Snowflake query :: SELECT COLUMN_NAME FROM DEV_ENT_CURATED.INFORMATION_SCHEMA.COLUMNS WHERE TABLE_NAME='DIM_HOLDJOBREASON'and TABLE_SCHEMA='MASTER_DIMENSIONS'
Column names for RAW Table --> ST_API_HOLDJOBREASON :: [ID, ACTIVE, MODIFIEDON, CREATEDBY_ID, CREATEDON, NAME, IMPORTID, TENANT_TYPE]
Column names for DataMart Table --> STR_API_HOLDJOBREASON :: [CREATEDBY_ID, ID, RECORD_CREATE_DATE, MASTER_ID, ACTIVE, ACTIVE_FLAG, CREATEDON, TENANT_TYPE, NAME, IMPORTID, MODIFIEDON, RECORD_UPDATE_DATE]
Column names for Curated Table --> DIM_HOLDJOBREASON :: [ACTIVE, ID, NAME, RECORD_UPDATED_BY, CREATEDON, MODIFIEDON, RECORD_CREATE_DATE, RECORD_UPDATE_DATE, TENANT_TYPE, IMPORTID, CREATEDBY_ID]
Column Name found in Datamart and Curated Table :: ID
Column Name found in Datamart and Curated Table :: ACTIVE
Column Name found in Datamart and Curated Table :: MODIFIEDON
Column Name found in Datamart and Curated Table :: CREATEDBY_ID
Column Name found in Datamart and Curated Table :: CREATEDON
Column Name found in Datamart and Curated Table :: NAME
Column Name found in Datamart and Curated Table :: IMPORTID
Column Name found in Datamart and Curated Table :: TENANT_TYPE
Datamart tables contains additional column name like [ACTIVE_FLAG, RECORD_CREATE_DATE, RECORD_UPDATE_DATE, MASTER_ID]
Curated tables contains additional column name like [RECORD_CREATE_DATE, RECORD_UPDATE_DATE, RECORD_UPDATED_BY]]]>
  </system-out>
  <testcase classname="testcases.RAW_DATAMART_CURATED.SnowFlake_ColumnValidation_APITables" name="validateColumnName_BKP" time="2.752"/>
  <system-out>
    <![CDATA[Executing Snowflake query :: SELECT COLUMN_NAME FROM DEV_ENT_RAW.INFORMATION_SCHEMA.COLUMNS WHERE TABLE_NAME='ST_API_LEAD'and TABLE_SCHEMA='API_MAT'
Executing Snowflake query :: SELECT COLUMN_NAME FROM CURATED_DATAMART.INFORMATION_SCHEMA.COLUMNS WHERE TABLE_NAME='STR_API_LEAD'and TABLE_SCHEMA='ST_API_HENDERSON'
Executing Snowflake query :: SELECT COLUMN_NAME FROM DEV_ENT_CURATED.INFORMATION_SCHEMA.COLUMNS WHERE TABLE_NAME='DIM_LEAD'and TABLE_SCHEMA='MASTER_DIMENSIONS'
Column names for RAW Table --> ST_API_LEAD :: [CREATEDBY_ID, ID, CREATEDON, PRIORITY, PROJECT_ID, STATUS, ESTIMATE_ID, JOBTYPE_ID, MODIFIEDON, SUMMARY, CUSTOMER_ID, LOCATION_ID, CAMPAIGN_ID, LATESTFOLLOWUPDATE, ACTIVE, BUSINESSUNIT_ID, IMPORTID, TENANT_TYPE]
Column names for DataMart Table --> STR_API_LEAD :: [MD5_VALUE, CUSTOMER_ID, LOCATION_ID, STATUS, CREATEDON, PRIORITY, ACTIVE, ID, RECORD_UPDATE_DATE, MODIFIEDON, IMPORTID, LATESTFOLLOWUPDATE, MASTER_ID, ACTIVE_FLAG, BUSINESSUNIT_ID, PROJECT_ID, RECORD_CREATE_DATE, SUMMARY, CAMPAIGN_ID, CREATEDBY_ID, ESTIMATE_ID, JOBTYPE_ID, TENANT_TYPE]
Column names for Curated Table --> DIM_LEAD :: [PRIORITY, ESTIMATE_ID, MD5_VALUE, MODIFIEDON, TENANT_TYPE, RECORD_UPDATED_BY, CUSTOMER_ID, PROJECT_ID, RECORD_CREATE_DATE, IMPORTID, STATUS, ACTIVE, BUSINESSUNIT_ID, CAMPAIGN_ID, CREATEDON, JOBTYPE_ID, LOCATION_ID, RECORD_UPDATE_DATE, CREATEDBY_ID, ID, LATESTFOLLOWUPDATE, SUMMARY]
Column Name found in Datamart and Curated Table :: CREATEDBY_ID
Column Name found in Datamart and Curated Table :: ID
Column Name found in Datamart and Curated Table :: CREATEDON
Column Name found in Datamart and Curated Table :: PRIORITY
Column Name found in Datamart and Curated Table :: PROJECT_ID
Column Name found in Datamart and Curated Table :: STATUS
Column Name found in Datamart and Curated Table :: ESTIMATE_ID
Column Name found in Datamart and Curated Table :: JOBTYPE_ID
Column Name found in Datamart and Curated Table :: MODIFIEDON
Column Name found in Datamart and Curated Table :: SUMMARY
Column Name found in Datamart and Curated Table :: CUSTOMER_ID
Column Name found in Datamart and Curated Table :: LOCATION_ID
Column Name found in Datamart and Curated Table :: CAMPAIGN_ID
Column Name found in Datamart and Curated Table :: LATESTFOLLOWUPDATE
Column Name found in Datamart and Curated Table :: ACTIVE
Column Name found in Datamart and Curated Table :: BUSINESSUNIT_ID
Column Name found in Datamart and Curated Table :: IMPORTID
Column Name found in Datamart and Curated Table :: TENANT_TYPE
Datamart tables contains additional column name like [ACTIVE_FLAG, RECORD_CREATE_DATE, RECORD_UPDATE_DATE, MASTER_ID]
Curated tables contains additional column name like [RECORD_CREATE_DATE, RECORD_UPDATE_DATE, RECORD_UPDATED_BY]]]>
  </system-out>
  <testcase classname="testcases.RAW_DATAMART_CURATED.SnowFlake_ColumnValidation_APITables" name="validateColumnName_BKP" time="2.502"/>
  <system-out>
    <![CDATA[Executing Snowflake query :: SELECT COLUMN_NAME FROM DEV_ENT_RAW.INFORMATION_SCHEMA.COLUMNS WHERE TABLE_NAME='ST_API_JOBASSIGNMENT'and TABLE_SCHEMA='API_MAT'
Executing Snowflake query :: SELECT COLUMN_NAME FROM CURATED_DATAMART.INFORMATION_SCHEMA.COLUMNS WHERE TABLE_NAME='STR_API_JOBASSIGNMENT'and TABLE_SCHEMA='ST_API_BILLFENWICK'
Executing Snowflake query :: SELECT COLUMN_NAME FROM DEV_ENT_CURATED.INFORMATION_SCHEMA.COLUMNS WHERE TABLE_NAME='DIM_JOBASSIGNMENT'and TABLE_SCHEMA='MASTER_DIMENSIONS'
Column names for RAW Table --> ST_API_JOBASSIGNMENT :: [CREATEDBY_ID, IMPORTID, TECHNICIANROLE_ID, DRIVETIME_ID, ISPAUSED, JOHNMOOREPAYROLLROLE, ACTIVE, COMMISSIONRATE, CREATEDON, GROSSPAY, ID, SPLIT, PAYROLLROLE, PROJECTLABELS, PAYTYPE, TECHNICIAN_ID, JOB_ID, MODIFIEDON, STATUS, TENANT_TYPE]
Column names for DataMart Table --> STR_API_JOBASSIGNMENT :: [ID, RECORD_UPDATE_DATE, TECHNICIAN_ID, STATUS, ACTIVE, GROSSPAY, PAYTYPE, IMPORTID, JOB_ID, ISPAUSED, ACTIVE_FLAG, MODIFIEDON, RECORD_CREATE_DATE, SPLIT, PAYROLLROLE, CREATEDBY_ID, JOHNMOOREPAYROLLROLE, TECHNICIANROLE_ID, TENANT_TYPE, DRIVETIME_ID, MASTER_ID, CREATEDON, COMMISSIONRATE, PROJECTLABELS]
Column names for Curated Table --> DIM_JOBASSIGNMENT :: [STATUS, COMMISSIONRATE, SPLIT, TECHNICIANROLE_ID, DRIVETIME_ID, GROSSPAY, RECORD_CREATE_DATE, JOHNMOOREPAYROLLROLE, MODIFIEDON, CREATEDBY_ID, ISPAUSED, SOURCE_PKEY_SPK, ID, PROJECTLABELS, RECORD_UPDATED_BY, PAYROLLROLE, JOB_ID, RECORD_UPDATE_DATE, TENANT_TYPE, IMPORTID, TECHNICIAN_ID, PAYTYPE, ACTIVE, CREATEDON]
Column Name found in Datamart and Curated Table :: CREATEDBY_ID
Column Name found in Datamart and Curated Table :: IMPORTID
Column Name found in Datamart and Curated Table :: TECHNICIANROLE_ID
Column Name found in Datamart and Curated Table :: DRIVETIME_ID
Column Name found in Datamart and Curated Table :: ISPAUSED
Column Name found in Datamart and Curated Table :: JOHNMOOREPAYROLLROLE
Column Name found in Datamart and Curated Table :: ACTIVE
Column Name found in Datamart and Curated Table :: COMMISSIONRATE
Column Name found in Datamart and Curated Table :: CREATEDON
Column Name found in Datamart and Curated Table :: GROSSPAY
Column Name found in Datamart and Curated Table :: ID
Column Name found in Datamart and Curated Table :: SPLIT
Column Name found in Datamart and Curated Table :: PAYROLLROLE
Column Name found in Datamart and Curated Table :: PROJECTLABELS
Column Name found in Datamart and Curated Table :: PAYTYPE
Column Name found in Datamart and Curated Table :: TECHNICIAN_ID
Column Name found in Datamart and Curated Table :: JOB_ID
Column Name found in Datamart and Curated Table :: MODIFIEDON
Column Name found in Datamart and Curated Table :: STATUS
Column Name found in Datamart and Curated Table :: TENANT_TYPE
Datamart tables contains additional column name like [ACTIVE_FLAG, RECORD_CREATE_DATE, RECORD_UPDATE_DATE, MASTER_ID]
Curated tables contains additional column name like [RECORD_CREATE_DATE, RECORD_UPDATE_DATE, RECORD_UPDATED_BY]]]>
  </system-out>
  <testcase classname="testcases.RAW_DATAMART_CURATED.SnowFlake_ColumnValidation_APITables" name="validateColumnName_BKP" time="2.069"/>
  <system-out>
    <![CDATA[Executing Snowflake query :: SELECT COLUMN_NAME FROM DEV_ENT_RAW.INFORMATION_SCHEMA.COLUMNS WHERE TABLE_NAME='ST_API_CALLREASON'and TABLE_SCHEMA='API_MAT'
Executing Snowflake query :: SELECT COLUMN_NAME FROM CURATED_DATAMART.INFORMATION_SCHEMA.COLUMNS WHERE TABLE_NAME='STR_API_CALLREASON'and TABLE_SCHEMA='ST_API_FOURPROS'
Executing Snowflake query :: SELECT COLUMN_NAME FROM DEV_ENT_CURATED.INFORMATION_SCHEMA.COLUMNS WHERE TABLE_NAME='DIM_CALLREASON'and TABLE_SCHEMA='MASTER_DIMENSIONS'
Column names for RAW Table --> ST_API_CALLREASON :: [CREATEDBY_ID, CREATEDON, ID, IMPORTID, ACTIVE, LEAD, MODIFIEDON, NAME, TENANT_TYPE]
Column names for DataMart Table --> STR_API_CALLREASON :: [RECORD_UPDATE_DATE, MASTER_ID, MODIFIEDON, RECORD_CREATE_DATE, ACTIVE_FLAG, TENANT_TYPE, ACTIVE, ID, IMPORTID, NAME, CREATEDON, CREATEDBY_ID, LEAD]
Column names for Curated Table --> DIM_CALLREASON :: [CREATEDBY_ID, RECORD_CREATE_DATE, MODIFIEDON, LEAD, RECORD_UPDATED_BY, ACTIVE, ID, CREATEDON, IMPORTID, NAME, TENANT_TYPE, RECORD_UPDATE_DATE]
Column Name found in Datamart and Curated Table :: CREATEDBY_ID
Column Name found in Datamart and Curated Table :: CREATEDON
Column Name found in Datamart and Curated Table :: ID
Column Name found in Datamart and Curated Table :: IMPORTID
Column Name found in Datamart and Curated Table :: ACTIVE
Column Name found in Datamart and Curated Table :: LEAD
Column Name found in Datamart and Curated Table :: MODIFIEDON
Column Name found in Datamart and Curated Table :: NAME
Column Name found in Datamart and Curated Table :: TENANT_TYPE
Datamart tables contains additional column name like [ACTIVE_FLAG, RECORD_CREATE_DATE, RECORD_UPDATE_DATE, MASTER_ID]
Curated tables contains additional column name like [RECORD_CREATE_DATE, RECORD_UPDATE_DATE, RECORD_UPDATED_BY]]]>
  </system-out>
  <testcase classname="testcases.RAW_DATAMART_CURATED.SnowFlake_ColumnValidation_APITables" name="validateColumnName_BKP" time="2.261"/>
  <system-out>
    <![CDATA[Executing Snowflake query :: SELECT COLUMN_NAME FROM DEV_ENT_RAW.INFORMATION_SCHEMA.COLUMNS WHERE TABLE_NAME='ST_API_PURCHASEORDERITEM'and TABLE_SCHEMA='API_MAT'
Executing Snowflake query :: SELECT COLUMN_NAME FROM CURATED_DATAMART.INFORMATION_SCHEMA.COLUMNS WHERE TABLE_NAME='STR_API_PURCHASEORDERITEM'and TABLE_SCHEMA='ST_API_GOLDMEDAL'
Executing Snowflake query :: SELECT COLUMN_NAME FROM DEV_ENT_CURATED.INFORMATION_SCHEMA.COLUMNS WHERE TABLE_NAME='DIM_PURCHASEORDERITEM'and TABLE_SCHEMA='MASTER_DIMENSIONS'
Column names for RAW Table --> ST_API_PURCHASEORDERITEM :: [EQUIPMENT_ID, MARKUP, MODIFIEDON, ROLLEDOVERFROMITEM_ID, UNITOFMEASURE_ID, ACTIVE, ID, IMPORTID, PURCHASEORDER_ID, SKUREFERENCE_SKUTYPE, BUSINESSUNIT_ID, ISINVENTORY, VENDORPARTNUMBER, COST, MATERIALVENDOR_ID, SERIALNUMBER, CREATEDON, DESCRIPTION, EQUIPMENTVENDOR_ID, REQUISITIONITEM_ID, TECHNICIANFORBASERATE2_ID, TECHNICIANSPLIT1, TECHNICIANFORBASERATE3_ID, STATUS, CREATEDBY_ID, TECHNICIANFORBASERATE1_ID, MATERIAL_ID, TECHNICIANSPLIT3, CHARGEABLEITEM_ID, INVENTORYLOCATION_ID, QUANTITY, ROLLOVERQUANTITY, SKUVENDOR_ID, PROJECTLABELS, SKUREFERENCE_SKUID, TECHNICIANSPLIT2, USEDMATERIAL_ID, SKU_ID, TENANT_TYPE]
Column names for DataMart Table --> STR_API_PURCHASEORDERITEM :: [DESCRIPTION, QUANTITY, TENANT_TYPE, STATUS, USEDMATERIAL_ID, VENDORPARTNUMBER, ACTIVE_FLAG, CHARGEABLEITEM_ID, EQUIPMENTVENDOR_ID, MARKUP, SKU_ID, CREATEDBY_ID, CREATEDON, MATERIAL_ID, RECORD_UPDATE_DATE, ROLLEDOVERFROMITEM_ID, SKUREFERENCE_SKUTYPE, COST, IMPORTID, PROJECTLABELS, PURCHASEORDER_ID, TECHNICIANFORBASERATE1_ID, SKUREFERENCE_SKUID, BUSINESSUNIT_ID, INVENTORYLOCATION_ID, MASTER_ID, SERIALNUMBER, TECHNICIANSPLIT1, ISINVENTORY, TECHNICIANSPLIT2, MATERIALVENDOR_ID, UNITOFMEASURE_ID, ACTIVE, EQUIPMENT_ID, ID, MODIFIEDON, REQUISITIONITEM_ID, ROLLOVERQUANTITY, TECHNICIANFORBASERATE2_ID, RECORD_CREATE_DATE, TECHNICIANFORBASERATE3_ID, SKUVENDOR_ID, TECHNICIANSPLIT3]
Column names for Curated Table --> DIM_PURCHASEORDERITEM :: [CREATEDBY_ID, DESCRIPTION, EQUIPMENTVENDOR_ID, EQUIPMENT_ID, MATERIALVENDOR_ID, RECORD_UPDATE_DATE, TECHNICIANFORBASERATE1_ID, MODIFIEDON, UNITOFMEASURE_ID, USEDMATERIAL_ID, TECHNICIANSPLIT2, CHARGEABLEITEM_ID, COST, QUANTITY, TECHNICIANFORBASERATE3_ID, INVENTORYLOCATION_ID, IMPORTID, REQUISITIONITEM_ID, TENANT_TYPE, VENDORPARTNUMBER, SKU_ID, CREATEDON, ID, SKUREFERENCE_SKUTYPE, MARKUP, PROJECTLABELS, PURCHASEORDER_ID, SERIALNUMBER, SKUVENDOR_ID, TECHNICIANSPLIT3, ROLLOVERQUANTITY, STATUS, BUSINESSUNIT_ID, ISINVENTORY, RECORD_CREATE_DATE, ROLLEDOVERFROMITEM_ID, TECHNICIANSPLIT1, SKUREFERENCE_SKUID, ACTIVE, MATERIAL_ID, RECORD_UPDATED_BY, TECHNICIANFORBASERATE2_ID]
Column Name found in Datamart and Curated Table :: EQUIPMENT_ID
Column Name found in Datamart and Curated Table :: MARKUP
Column Name found in Datamart and Curated Table :: MODIFIEDON
Column Name found in Datamart and Curated Table :: ROLLEDOVERFROMITEM_ID
Column Name found in Datamart and Curated Table :: UNITOFMEASURE_ID
Column Name found in Datamart and Curated Table :: ACTIVE
Column Name found in Datamart and Curated Table :: ID
Column Name found in Datamart and Curated Table :: IMPORTID
Column Name found in Datamart and Curated Table :: PURCHASEORDER_ID
Column Name found in Datamart and Curated Table :: SKUREFERENCE_SKUTYPE
Column Name found in Datamart and Curated Table :: BUSINESSUNIT_ID
Column Name found in Datamart and Curated Table :: ISINVENTORY
Column Name found in Datamart and Curated Table :: VENDORPARTNUMBER
Column Name found in Datamart and Curated Table :: COST
Column Name found in Datamart and Curated Table :: MATERIALVENDOR_ID
Column Name found in Datamart and Curated Table :: SERIALNUMBER
Column Name found in Datamart and Curated Table :: CREATEDON
Column Name found in Datamart and Curated Table :: DESCRIPTION
Column Name found in Datamart and Curated Table :: EQUIPMENTVENDOR_ID
Column Name found in Datamart and Curated Table :: REQUISITIONITEM_ID
Column Name found in Datamart and Curated Table :: TECHNICIANFORBASERATE2_ID
Column Name found in Datamart and Curated Table :: TECHNICIANSPLIT1
Column Name found in Datamart and Curated Table :: TECHNICIANFORBASERATE3_ID
Column Name found in Datamart and Curated Table :: STATUS
Column Name found in Datamart and Curated Table :: CREATEDBY_ID
Column Name found in Datamart and Curated Table :: TECHNICIANFORBASERATE1_ID
Column Name found in Datamart and Curated Table :: MATERIAL_ID
Column Name found in Datamart and Curated Table :: TECHNICIANSPLIT3
Column Name found in Datamart and Curated Table :: CHARGEABLEITEM_ID
Column Name found in Datamart and Curated Table :: INVENTORYLOCATION_ID
Column Name found in Datamart and Curated Table :: QUANTITY
Column Name found in Datamart and Curated Table :: ROLLOVERQUANTITY
Column Name found in Datamart and Curated Table :: SKUVENDOR_ID
Column Name found in Datamart and Curated Table :: PROJECTLABELS
Column Name found in Datamart and Curated Table :: SKUREFERENCE_SKUID
Column Name found in Datamart and Curated Table :: TECHNICIANSPLIT2
Column Name found in Datamart and Curated Table :: USEDMATERIAL_ID
Column Name found in Datamart and Curated Table :: SKU_ID
Column Name found in Datamart and Curated Table :: TENANT_TYPE
Datamart tables contains additional column name like [ACTIVE_FLAG, RECORD_CREATE_DATE, RECORD_UPDATE_DATE, MASTER_ID]
Curated tables contains additional column name like [RECORD_CREATE_DATE, RECORD_UPDATE_DATE, RECORD_UPDATED_BY]]]>
  </system-out>
  <testcase classname="testcases.RAW_DATAMART_CURATED.SnowFlake_ColumnValidation_APITables" name="validateColumnName_BKP" time="2.426"/>
  <system-out>
    <![CDATA[Executing Snowflake query :: SELECT COLUMN_NAME FROM DEV_ENT_RAW.INFORMATION_SCHEMA.COLUMNS WHERE TABLE_NAME='ST_API_CUSTOMERMEMBERSHIP'and TABLE_SCHEMA='API_MAT'
Executing Snowflake query :: SELECT COLUMN_NAME FROM CURATED_DATAMART.INFORMATION_SCHEMA.COLUMNS WHERE TABLE_NAME='STR_API_CUSTOMERMEMBERSHIP'and TABLE_SCHEMA='ST_API_FOURPROS'
Executing Snowflake query :: SELECT COLUMN_NAME FROM DEV_ENT_CURATED.INFORMATION_SCHEMA.COLUMNS WHERE TABLE_NAME='DIM_CUSTOMERMEMBERSHIP'and TABLE_SCHEMA='MASTER_DIMENSIONS'
Column names for RAW Table --> ST_API_CUSTOMERMEMBERSHIP :: [CREATEDBY_ID, NEXTSCHEDULEDBILLDATE, DURATION, PAYMENTTYPE_ID, CANCELLATIONDATE, CUSTOMERPO, RENEWALDURATION, FOLLOWUPSTATUS, ID, LOCATION_ID, RENEWALMEMBERSHIPTASKREFERENCE_SKUID, PREVIOUSRECURRINGLOCATION_ID, RECURRINGLOCATION_ID, TYPE_ID, MODIFIEDON, ACTIVATEDFROM_ID, BILLINGFREQUENCY, CREATEDON, INVOICETEMPLATE_ID, MEMO, RENEWALMEMBERSHIPTASKREFERENCE_SKUTYPE, BILLINGTEMPLATE_ID, INITIALDEFERREDREVENUE, IMPORTID, ACTIVATEDBY_ID, BILLINGPREFERENCE, BUSINESSUNIT_ID, CUSTOMER_ID, FOLLOWUPCUSTOMSTATUS_ID, STATUS, EXPIREDAT, ACTIVE, BILLINGCOVERAGEPERIOD, FROM, RENEWALBILLINGFREQUENCY, RENEWEDBY_ID, CANCELATIONBALANCEINVOICE_ID, FOLLOWUPON, BILLINGEMAIL_ID, CANCELATIONBUYOUTINVOICE_ID, FIRSTSCHEDULEDBILLDATE, CANCELATIONINVOICE_ID, RENEWALMEMBERSHIPTASK_ID, SOLDBY_ID, TO, PAYMENTMETHOD_ID, TENANT_TYPE]
Column names for DataMart Table --> STR_API_CUSTOMERMEMBERSHIP :: [BILLINGCOVERAGEPERIOD, MODIFIEDON, FOLLOWUPSTATUS, ACTIVE, ACTIVE_FLAG, BILLINGTEMPLATE_ID, CANCELATIONBUYOUTINVOICE_ID, CREATEDBY_ID, FOLLOWUPCUSTOMSTATUS_ID, NEXTSCHEDULEDBILLDATE, PAYMENTMETHOD_ID, TENANT_TYPE, SOLDBY_ID, RENEWEDBY_ID, TO, ACTIVATEDFROM_ID, RECORD_CREATE_DATE, BUSINESSUNIT_ID, EXPIREDAT, BILLINGFREQUENCY, DURATION, FOLLOWUPON, INITIALDEFERREDREVENUE, RENEWALBILLINGFREQUENCY, RENEWALDURATION, MASTER_ID, RENEWALMEMBERSHIPTASK_ID, CANCELATIONBALANCEINVOICE_ID, INVOICETEMPLATE_ID, RECURRINGLOCATION_ID, RENEWALMEMBERSHIPTASKREFERENCE_SKUTYPE, RECORD_UPDATE_DATE, BILLINGEMAIL_ID, CANCELLATIONDATE, CUSTOMER_ID, STATUS, TYPE_ID, CUSTOMERPO, IMPORTID, ACTIVATEDBY_ID, CANCELATIONINVOICE_ID, CREATEDON, FIRSTSCHEDULEDBILLDATE, ID, MEMO, BILLINGPREFERENCE, FROM, LOCATION_ID, RENEWALMEMBERSHIPTASKREFERENCE_SKUID, PAYMENTTYPE_ID, PREVIOUSRECURRINGLOCATION_ID]
Column names for Curated Table --> DIM_CUSTOMERMEMBERSHIP :: [BILLINGFREQUENCY, CREATEDBY_ID, MODIFIEDON, PAYMENTTYPE_ID, RECURRINGLOCATION_ID, ACTIVE, BILLINGEMAIL_ID, FIRSTSCHEDULEDBILLDATE, RENEWALMEMBERSHIPTASKREFERENCE_SKUTYPE, TENANT_TYPE, ACTIVATEDBY_ID, BUSINESSUNIT_ID, CREATEDON, ID, INITIALDEFERREDREVENUE, CUSTOMERPO, FOLLOWUPSTATUS, RENEWALDURATION, RECORD_UPDATED_BY, BILLINGTEMPLATE_ID, FOLLOWUPCUSTOMSTATUS_ID, PAYMENTMETHOD_ID, RECORD_UPDATE_DATE, SOLDBY_ID, TYPE_ID, RENEWALMEMBERSHIPTASK_ID, BILLINGPREFERENCE, EXPIREDAT, NEXTSCHEDULEDBILLDATE, ACTIVATEDFROM_ID, CANCELATIONBALANCEINVOICE_ID, FROM, RECORD_CREATE_DATE, RENEWALMEMBERSHIPTASKREFERENCE_SKUID, TO, FOLLOWUPON, BILLINGCOVERAGEPERIOD, CUSTOMER_ID, DURATION, IMPORTID, RENEWALBILLINGFREQUENCY, STATUS, MEMO, CANCELATIONINVOICE_ID, CANCELLATIONDATE, PREVIOUSRECURRINGLOCATION_ID, CANCELATIONBUYOUTINVOICE_ID, INVOICETEMPLATE_ID, LOCATION_ID, RENEWEDBY_ID]
Column Name found in Datamart and Curated Table :: CREATEDBY_ID
Column Name found in Datamart and Curated Table :: NEXTSCHEDULEDBILLDATE
Column Name found in Datamart and Curated Table :: DURATION
Column Name found in Datamart and Curated Table :: PAYMENTTYPE_ID
Column Name found in Datamart and Curated Table :: CANCELLATIONDATE
Column Name found in Datamart and Curated Table :: CUSTOMERPO
Column Name found in Datamart and Curated Table :: RENEWALDURATION
Column Name found in Datamart and Curated Table :: FOLLOWUPSTATUS
Column Name found in Datamart and Curated Table :: ID
Column Name found in Datamart and Curated Table :: LOCATION_ID
Column Name found in Datamart and Curated Table :: RENEWALMEMBERSHIPTASKREFERENCE_SKUID
Column Name found in Datamart and Curated Table :: PREVIOUSRECURRINGLOCATION_ID
Column Name found in Datamart and Curated Table :: RECURRINGLOCATION_ID
Column Name found in Datamart and Curated Table :: TYPE_ID
Column Name found in Datamart and Curated Table :: MODIFIEDON
Column Name found in Datamart and Curated Table :: ACTIVATEDFROM_ID
Column Name found in Datamart and Curated Table :: BILLINGFREQUENCY
Column Name found in Datamart and Curated Table :: CREATEDON
Column Name found in Datamart and Curated Table :: INVOICETEMPLATE_ID
Column Name found in Datamart and Curated Table :: MEMO
Column Name found in Datamart and Curated Table :: RENEWALMEMBERSHIPTASKREFERENCE_SKUTYPE
Column Name found in Datamart and Curated Table :: BILLINGTEMPLATE_ID
Column Name found in Datamart and Curated Table :: INITIALDEFERREDREVENUE
Column Name found in Datamart and Curated Table :: IMPORTID
Column Name found in Datamart and Curated Table :: ACTIVATEDBY_ID
Column Name found in Datamart and Curated Table :: BILLINGPREFERENCE
Column Name found in Datamart and Curated Table :: BUSINESSUNIT_ID
Column Name found in Datamart and Curated Table :: CUSTOMER_ID
Column Name found in Datamart and Curated Table :: FOLLOWUPCUSTOMSTATUS_ID
Column Name found in Datamart and Curated Table :: STATUS
Column Name found in Datamart and Curated Table :: EXPIREDAT
Column Name found in Datamart and Curated Table :: ACTIVE
Column Name found in Datamart and Curated Table :: BILLINGCOVERAGEPERIOD
Column Name found in Datamart and Curated Table :: FROM
Column Name found in Datamart and Curated Table :: RENEWALBILLINGFREQUENCY
Column Name found in Datamart and Curated Table :: RENEWEDBY_ID
Column Name found in Datamart and Curated Table :: CANCELATIONBALANCEINVOICE_ID
Column Name found in Datamart and Curated Table :: FOLLOWUPON
Column Name found in Datamart and Curated Table :: BILLINGEMAIL_ID
Column Name found in Datamart and Curated Table :: CANCELATIONBUYOUTINVOICE_ID
Column Name found in Datamart and Curated Table :: FIRSTSCHEDULEDBILLDATE
Column Name found in Datamart and Curated Table :: CANCELATIONINVOICE_ID
Column Name found in Datamart and Curated Table :: RENEWALMEMBERSHIPTASK_ID
Column Name found in Datamart and Curated Table :: SOLDBY_ID
Column Name found in Datamart and Curated Table :: TO
Column Name found in Datamart and Curated Table :: PAYMENTMETHOD_ID
Column Name found in Datamart and Curated Table :: TENANT_TYPE
Datamart tables contains additional column name like [ACTIVE_FLAG, RECORD_CREATE_DATE, RECORD_UPDATE_DATE, MASTER_ID]
Curated tables contains additional column name like [RECORD_CREATE_DATE, RECORD_UPDATE_DATE, RECORD_UPDATED_BY]]]>
  </system-out>
</testsuite> <!-- testcases.RAW_DATAMART_CURATED.SnowFlake_ColumnValidation_APITables -->
