<?xml version="1.0" encoding="UTF-8"?>
<!-- Generated by org.testng.reporters.JUnitReportReporter -->
<testsuite hostname="BALT-CHN-00" failures="2" tests="12" name="testcases.ColumnCheck" time="12.858" errors="0" timestamp="2021-11-29T18:47:24 IST" skipped="0">
  <testcase classname="testcases.ColumnCheck" name="validateColumnName" time="0.991"/>
  <system-out>
    <![CDATA[Executing SQL query :: use St_Backup_Horizon SELECT COLUMN_NAME FROM INFORMATION_SCHEMA.COLUMNS where TABLE_CATALOG='St_Backup_Horizon' and TABLE_NAME='ACHTOKENGENERATIONPROCESSINGRESULT' order by COLUMN_NAME
SQL Column count in Table :: 11
SQL Column Name from Table ::[ACCOUNT.ID, ACTIVE, CREATEDBY.ID, CREATEDON, CUSTOMERIMPORTREFERENCE, ID, IMPORTID, MESSAGE, RETRYLEFT, STATUS, TOKEN]
Executing Snowflake query :: SELECT COLUMN_NAME FROM INFORMATION_SCHEMA.COLUMNS where TABLE_SCHEMA='ST_HORIZONSERVICES_MATILLION' and TABLE_NAME ='ACHTOKENGENERATIONPROCESSINGRESULT' order by COLUMN_NAME
SnowFlake Column count in Table :: 11
SnowFlake Column Name from Table :: [ACCOUNT.ID, ACTIVE, CREATEDBY.ID, CREATEDON, CUSTOMERIMPORTREFERENCE, ID, IMPORTID, MESSAGE, RETRYLEFT, STATUS, TOKEN]
List matched]]>
  </system-out>
  <testcase classname="testcases.ColumnCheck" name="validateColumnName" time="0.974"/>
  <system-out>
    <![CDATA[Executing SQL query :: use St_Backup_Casteel SELECT COLUMN_NAME FROM INFORMATION_SCHEMA.COLUMNS where TABLE_CATALOG='St_Backup_Casteel' and TABLE_NAME ='ACQUISITIONPFLORDER' order by COLUMN_NAME
SQL Column count in Table :: 7
SQL Column Name from Table ::[CREATEDON, DESIGN.ID, ID, MODIFIEDON, ORDERID, PROPERTYID, STATUS]
Executing Snowflake query :: SELECT COLUMN_NAME FROM INFORMATION_SCHEMA.COLUMNS where TABLE_SCHEMA='ST_CASTEEL_MATILLION' and TABLE_NAME ='ACQUISITIONPFLORDER' order by COLUMN_NAME
SnowFlake Column count in Table :: 7
SnowFlake Column Name from Table :: [CREATEDON, DESIGN.ID, ID, MODIFIEDON, ORDERID, PROPERTYID, STATUS]
List matched]]>
  </system-out>
  <testcase classname="testcases.ColumnCheck" name="validateColumnName" time="0.994"/>
  <system-out>
    <![CDATA[Executing SQL query :: use St_Backup_HARP SELECT COLUMN_NAME FROM INFORMATION_SCHEMA.COLUMNS where TABLE_CATALOG='St_Backup_HARP' and TABLE_NAME ='ADDONBILLABLERATE' order by COLUMN_NAME
SQL Column count in Table :: 5
SQL Column Name from Table ::[FROM, HISTORYRECORD.ID, ID, RATE, TO]
Executing Snowflake query :: SELECT COLUMN_NAME FROM INFORMATION_SCHEMA.COLUMNS where TABLE_SCHEMA='ST_HARP_MATILLION' and TABLE_NAME ='ADDONBILLABLERATE' order by COLUMN_NAME
SnowFlake Column count in Table :: 5
SnowFlake Column Name from Table :: [FROM, HISTORYRECORD.ID, ID, RATE, TO]
List matched]]>
  </system-out>
  <testcase classname="testcases.ColumnCheck" name="validateColumnName" time="0.988">
    <failure message="The following asserts failed:
	null" type="java.lang.AssertionError">
      <![CDATA[java.lang.AssertionError: The following asserts failed:
null
at org.testng.asserts.SoftAssert.assertAll(SoftAssert.java:47)
at org.testng.asserts.SoftAssert.assertAll(SoftAssert.java:31)
at testcases.ColumnCheck.validateColumnName(ColumnCheck.java:37)
at java.base/jdk.internal.reflect.NativeMethodAccessorImpl.invoke0(Native Method)
at java.base/jdk.internal.reflect.NativeMethodAccessorImpl.invoke(NativeMethodAccessorImpl.java:77)
at java.base/jdk.internal.reflect.DelegatingMethodAccessorImpl.invoke(DelegatingMethodAccessorImpl.java:43)
at java.base/java.lang.reflect.Method.invoke(Method.java:568)
at org.testng.internal.MethodInvocationHelper.invokeMethod(MethodInvocationHelper.java:133)
at org.testng.internal.TestInvoker.invokeMethod(TestInvoker.java:598)
at org.testng.internal.TestInvoker.invokeTestMethod(TestInvoker.java:173)
at org.testng.internal.MethodRunner.runInSequence(MethodRunner.java:46)
at org.testng.internal.TestInvoker$MethodInvocationAgent.invoke(TestInvoker.java:824)
at org.testng.internal.TestInvoker.invokeTestMethods(TestInvoker.java:146)
at org.testng.internal.TestMethodWorker.invokeTestMethods(TestMethodWorker.java:146)
at org.testng.internal.TestMethodWorker.run(TestMethodWorker.java:128)
at java.base/java.util.ArrayList.forEach(ArrayList.java:1511)
at org.testng.TestRunner.privateRun(TestRunner.java:794)
at org.testng.TestRunner.run(TestRunner.java:596)
at org.testng.SuiteRunner.runTest(SuiteRunner.java:377)
at org.testng.SuiteRunner.runSequentially(SuiteRunner.java:371)
at org.testng.SuiteRunner.privateRun(SuiteRunner.java:332)
at org.testng.SuiteRunner.run(SuiteRunner.java:276)
at org.testng.SuiteRunnerWorker.runSuite(SuiteRunnerWorker.java:53)
at org.testng.SuiteRunnerWorker.run(SuiteRunnerWorker.java:96)
at org.testng.TestNG.runSuitesSequentially(TestNG.java:1212)
at org.testng.TestNG.runSuitesLocally(TestNG.java:1134)
at org.testng.TestNG.runSuites(TestNG.java:1063)
at org.testng.TestNG.run(TestNG.java:1031)
at org.testng.remote.AbstractRemoteTestNG.run(AbstractRemoteTestNG.java:115)
at org.testng.remote.RemoteTestNG.initAndRun(RemoteTestNG.java:251)
at org.testng.remote.RemoteTestNG.main(RemoteTestNG.java:77)
]]>
    </failure>
  </testcase> <!-- validateColumnName -->
  <system-out>
    <![CDATA[Executing SQL query :: use St_Backup_Eanes SELECT COLUMN_NAME FROM INFORMATION_SCHEMA.COLUMNS where TABLE_CATALOG='St_Backup_Eanes' and TABLE_NAME ='ACTIVITY' order by COLUMN_NAME
SQL Column count in Table :: 8
SQL Column Name from Table ::[ACTIVE, CREATEDBY.ID, CREATEDON, ID, IMPORTID, NAME, OPERATION, VERSION]
Executing Snowflake query :: SELECT COLUMN_NAME FROM INFORMATION_SCHEMA.COLUMNS where TABLE_SCHEMA='ST_EANESHEATING_MATILLION' and TABLE_NAME ='ACTIVITY' order by COLUMN_NAME
SnowFlake Column count in Table :: 0
SnowFlake Column Name from Table :: []
List Not Matched]]>
  </system-out>
  <testcase classname="testcases.ColumnCheck" name="validateColumnName" time="1.138"/>
  <system-out>
    <![CDATA[Executing SQL query :: use St_Backup_FourServicePros SELECT COLUMN_NAME FROM INFORMATION_SCHEMA.COLUMNS where TABLE_CATALOG='St_Backup_FourServicePros' and TABLE_NAME ='ACHTOKENGENERATIONACCOUNT' order by COLUMN_NAME
SQL Column count in Table :: 15
SQL Column Name from Table ::[ACTIVE, BANKACCOUNTHOLDERNAME, CREATEDBY.ID, CREATEDON, ENCRYPTEDSENSITIVEDATA, EXTERNALCUSTOMERID, FILENAME, ID, IMPORTID, INTERNALCUSTOMERID, LASTFOURBANKACCOUNTNUMBER, LASTFOURROUTINGNUMBER, MERCHANTID, PAYMENTTYPEID, PROCESSORID]
Executing Snowflake query :: SELECT COLUMN_NAME FROM INFORMATION_SCHEMA.COLUMNS where TABLE_SCHEMA='ST_FOURPROS_MATILLION' and TABLE_NAME ='ACHTOKENGENERATIONACCOUNT' order by COLUMN_NAME
SnowFlake Column count in Table :: 15
SnowFlake Column Name from Table :: [ACTIVE, BANKACCOUNTHOLDERNAME, CREATEDBY.ID, CREATEDON, ENCRYPTEDSENSITIVEDATA, EXTERNALCUSTOMERID, FILENAME, ID, IMPORTID, INTERNALCUSTOMERID, LASTFOURBANKACCOUNTNUMBER, LASTFOURROUTINGNUMBER, MERCHANTID, PAYMENTTYPEID, PROCESSORID]
List matched]]>
  </system-out>
  <testcase classname="testcases.ColumnCheck" name="validateColumnName" time="1.071"/>
  <system-out>
    <![CDATA[Executing SQL query :: use St_Backup_Snell SELECT COLUMN_NAME FROM INFORMATION_SCHEMA.COLUMNS where TABLE_CATALOG='St_Backup_Snell' and TABLE_NAME ='ADPWORKSTATE-CITIES-ADPWORKCITY' order by COLUMN_NAME
SQL Column count in Table :: 2
SQL Column Name from Table ::[ADPWORKCITY, ADPWORKSTATE]
Executing Snowflake query :: SELECT COLUMN_NAME FROM INFORMATION_SCHEMA.COLUMNS where TABLE_SCHEMA='ST_SNELLHEATINGAIR_MATILLION' and TABLE_NAME ='ADPWORKSTATE-CITIES-ADPWORKCITY' order by COLUMN_NAME
SnowFlake Column count in Table :: 2
SnowFlake Column Name from Table :: [ADPWORKCITY, ADPWORKSTATE]
List matched]]>
  </system-out>
  <testcase classname="testcases.ColumnCheck" name="validateColumnName" time="1.616"/>
  <system-out>
    <![CDATA[Executing SQL query :: use St_Backup_Fenwick SELECT COLUMN_NAME FROM INFORMATION_SCHEMA.COLUMNS where TABLE_CATALOG='St_Backup_Fenwick' and TABLE_NAME ='ACCOUNTINGTRANSACTION' order by COLUMN_NAME
SQL Column count in Table :: 12
SQL Column Name from Table ::[AMOUNT, CREATEDON, DATE, DESCRIPTION, DETAILSURL, EXTERNALID, ID, INVOICE.ID, ISROLLEDBACK, PAYMENT.ID, QUANTITY, TAG]
Executing Snowflake query :: SELECT COLUMN_NAME FROM INFORMATION_SCHEMA.COLUMNS where TABLE_SCHEMA='ST_BILLFENWICK_MATILLION' and TABLE_NAME='ACCOUNTINGTRANSACTION' order by COLUMN_NAME
SnowFlake Column count in Table :: 12
SnowFlake Column Name from Table :: [AMOUNT, CREATEDON, DATE, DESCRIPTION, DETAILSURL, EXTERNALID, ID, INVOICE.ID, ISROLLEDBACK, PAYMENT.ID, QUANTITY, TAG]
List matched]]>
  </system-out>
  <testcase classname="testcases.ColumnCheck" name="validateColumnName" time="1.076"/>
  <system-out>
    <![CDATA[Executing SQL query :: use St_Backup_Henderson SELECT COLUMN_NAME FROM INFORMATION_SCHEMA.COLUMNS where TABLE_CATALOG='St_Backup_Henderson' and TABLE_NAME ='ALERT' order by COLUMN_NAME
SQL Column count in Table :: 23
SQL Column Name from Table ::[ACTIVE, AUTORESPONDERFREQUENCY, BUSINESSUNIT.ID, CAMPAIGN.ID, CREATEDBY.ID, CREATEDON, DELIVERYMETHOD, FORM.ID, ID, IMPORTID, JOBTYPE.ID, PAYMENTTYPE.ID, PRIORITY, PURCHASEORDERSTATUSES, SENDTOBULKBOOKINGREQUESTCREATOR, SENDTOESTIMATECREATOR, SENDTOJOBTECHNICIANS, SERVICE.ID, SERVICEREFERENCE.SKUID, SERVICEREFERENCE.SKUTYPE, TEAMS, TRIGGERBEFORE, TYPE]
Executing Snowflake query :: SELECT COLUMN_NAME FROM INFORMATION_SCHEMA.COLUMNS where TABLE_SCHEMA='ST_HENDERSON_MATILLION' and TABLE_NAME ='ALERT' order by COLUMN_NAME
SnowFlake Column count in Table :: 23
SnowFlake Column Name from Table :: [ACTIVE, AUTORESPONDERFREQUENCY, BUSINESSUNIT.ID, CAMPAIGN.ID, CREATEDBY.ID, CREATEDON, DELIVERYMETHOD, FORM.ID, ID, IMPORTID, JOBTYPE.ID, PAYMENTTYPE.ID, PRIORITY, PURCHASEORDERSTATUSES, SENDTOBULKBOOKINGREQUESTCREATOR, SENDTOESTIMATECREATOR, SENDTOJOBTECHNICIANS, SERVICE.ID, SERVICEREFERENCE.SKUID, SERVICEREFERENCE.SKUTYPE, TEAMS, TRIGGERBEFORE, TYPE]
List matched]]>
  </system-out>
  <testcase classname="testcases.ColumnCheck" name="validateColumnName" time="0.991"/>
  <system-out>
    <![CDATA[Executing SQL query :: use St_Backup_Maitz SELECT COLUMN_NAME FROM INFORMATION_SCHEMA.COLUMNS where TABLE_CATALOG='St_Backup_Maitz' and TABLE_NAME ='ADPWORKSTATE' order by COLUMN_NAME
SQL Column count in Table :: 7
SQL Column Name from Table ::[ACTIVE, CODE, CREATEDBY.ID, CREATEDON, ID, IMPORTID, NAME]
Executing Snowflake query :: SELECT COLUMN_NAME FROM INFORMATION_SCHEMA.COLUMNS where TABLE_SCHEMA='ST_MAITZ_MATILLION' and TABLE_NAME ='ADPWORKSTATE' order by COLUMN_NAME
SnowFlake Column count in Table :: 7
SnowFlake Column Name from Table :: [ACTIVE, CODE, CREATEDBY.ID, CREATEDON, ID, IMPORTID, NAME]
List matched]]>
  </system-out>
  <testcase classname="testcases.ColumnCheck" name="validateColumnName" time="0.960">
    <failure message="The following asserts failed:
	null" type="java.lang.AssertionError">
      <![CDATA[java.lang.AssertionError: The following asserts failed:
null
at org.testng.asserts.SoftAssert.assertAll(SoftAssert.java:47)
at org.testng.asserts.SoftAssert.assertAll(SoftAssert.java:31)
at testcases.ColumnCheck.validateColumnName(ColumnCheck.java:37)
at java.base/jdk.internal.reflect.NativeMethodAccessorImpl.invoke0(Native Method)
at java.base/jdk.internal.reflect.NativeMethodAccessorImpl.invoke(NativeMethodAccessorImpl.java:77)
at java.base/jdk.internal.reflect.DelegatingMethodAccessorImpl.invoke(DelegatingMethodAccessorImpl.java:43)
at java.base/java.lang.reflect.Method.invoke(Method.java:568)
at org.testng.internal.MethodInvocationHelper.invokeMethod(MethodInvocationHelper.java:133)
at org.testng.internal.TestInvoker.invokeMethod(TestInvoker.java:598)
at org.testng.internal.TestInvoker.invokeTestMethod(TestInvoker.java:173)
at org.testng.internal.MethodRunner.runInSequence(MethodRunner.java:46)
at org.testng.internal.TestInvoker$MethodInvocationAgent.invoke(TestInvoker.java:824)
at org.testng.internal.TestInvoker.invokeTestMethods(TestInvoker.java:146)
at org.testng.internal.TestMethodWorker.invokeTestMethods(TestMethodWorker.java:146)
at org.testng.internal.TestMethodWorker.run(TestMethodWorker.java:128)
at java.base/java.util.ArrayList.forEach(ArrayList.java:1511)
at org.testng.TestRunner.privateRun(TestRunner.java:794)
at org.testng.TestRunner.run(TestRunner.java:596)
at org.testng.SuiteRunner.runTest(SuiteRunner.java:377)
at org.testng.SuiteRunner.runSequentially(SuiteRunner.java:371)
at org.testng.SuiteRunner.privateRun(SuiteRunner.java:332)
at org.testng.SuiteRunner.run(SuiteRunner.java:276)
at org.testng.SuiteRunnerWorker.runSuite(SuiteRunnerWorker.java:53)
at org.testng.SuiteRunnerWorker.run(SuiteRunnerWorker.java:96)
at org.testng.TestNG.runSuitesSequentially(TestNG.java:1212)
at org.testng.TestNG.runSuitesLocally(TestNG.java:1134)
at org.testng.TestNG.runSuites(TestNG.java:1063)
at org.testng.TestNG.run(TestNG.java:1031)
at org.testng.remote.AbstractRemoteTestNG.run(AbstractRemoteTestNG.java:115)
at org.testng.remote.RemoteTestNG.initAndRun(RemoteTestNG.java:251)
at org.testng.remote.RemoteTestNG.main(RemoteTestNG.java:77)
]]>
    </failure>
  </testcase> <!-- validateColumnName -->
  <system-out>
    <![CDATA[Executing SQL query :: use St_Backup_HDAir SELECT COLUMN_NAME FROM INFORMATION_SCHEMA.COLUMNS where TABLE_CATALOG='St_Backup_HDAir' and TABLE_NAME ='ADPWORKCITY' order by COLUMN_NAME
SQL Column count in Table :: 8
SQL Column Name from Table ::[ACTIVE, CODE, CREATEDBY.ID, CREATEDON, ID, IMPORTID, NAME, STATE.ID]
Executing Snowflake query :: SELECT COLUMN_NAME FROM INFORMATION_SCHEMA.COLUMNS where TABLE_SCHEMA='ST_HDAIR_MATILLION' and TABLE_NAME ='ADPWORKCITY' order by COLUMN_NAME
SnowFlake Column count in Table :: 0
SnowFlake Column Name from Table :: []
List Not Matched]]>
  </system-out>
  <testcase classname="testcases.ColumnCheck" name="validateColumnName" time="0.995"/>
  <system-out>
    <![CDATA[Executing SQL query :: use St_Backup_GoldMedal SELECT COLUMN_NAME FROM INFORMATION_SCHEMA.COLUMNS where TABLE_CATALOG='St_Backup_GoldMedal' and TABLE_NAME ='ACTIVITYSEARCHTERM' order by COLUMN_NAME
SQL Column count in Table :: 4
SQL Column Name from Table ::[ACTIVITY.ID, CREATEDON, ID, SEARCHTERM]
Executing Snowflake query :: SELECT COLUMN_NAME FROM INFORMATION_SCHEMA.COLUMNS where TABLE_SCHEMA='ST_GOLDMEDAL_MATILLION' and TABLE_NAME ='ACTIVITYSEARCHTERM' order by COLUMN_NAME
SnowFlake Column count in Table :: 4
SnowFlake Column Name from Table :: [ACTIVITY.ID, CREATEDON, ID, SEARCHTERM]
List matched]]>
  </system-out>
  <testcase classname="testcases.ColumnCheck" name="validateColumnName" time="1.064"/>
  <system-out>
    <![CDATA[Executing SQL query :: use St_Backup_Hutchinson SELECT COLUMN_NAME FROM INFORMATION_SCHEMA.COLUMNS where TABLE_CATALOG='St_Backup_Hutchinson' and TABLE_NAME ='ALERT-INVENTORYLOCATIONS-IINVENTORYLOCATION' order by COLUMN_NAME
SQL Column count in Table :: 2
SQL Column Name from Table ::[ALERT, IINVENTORYLOCATION]
Executing Snowflake query :: SELECT COLUMN_NAME FROM INFORMATION_SCHEMA.COLUMNS where TABLE_SCHEMA='ST_HUTCHINSON_MATILLION' and TABLE_NAME ='ALERT-INVENTORYLOCATIONS-IINVENTORYLOCATION' order by COLUMN_NAME
SnowFlake Column count in Table :: 2
SnowFlake Column Name from Table :: [ALERT, IINVENTORYLOCATION]
List matched]]>
  </system-out>
</testsuite> <!-- testcases.ColumnCheck -->
